<?xml version="1.0" encoding="UTF-8" standalone="yes"?>
<testsuites name="superWild_1" time="73" tests="0" failures="1" errors="0">
    <testsuite name="superWild_1" tests="0" failures="1" errors="0" time="73" timestamp="2019-08-24 09:56:59" hostname="eiralee - 172.20.10.2" id="Test Suites/INT/superWild_1">
        <properties>
            <property name="deviceName" value=""/>
            <property name="devicePlatform" value=""/>
            <property name="logFolder" value="/Users/eiralee/Katalon_Script/SuperWild/Reports/20190824_095647/INT/superWild_1/20190824_095647"/>
            <property name="logFiles" value="/Users/eiralee/Katalon_Script/SuperWild/Reports/20190824_095647/INT/superWild_1/20190824_095647/execution0.log"/>
            <property name="attachments" value=""/>
            <property name="hostName" value="eiralee - 172.20.10.2"/>
            <property name="hostAddress" value="172.20.10.2"/>
            <property name="os" value="Mac OS X 64bit"/>
            <property name="katalonVersion" value="6.3.1.2"/>
        </properties>
        <testcase name="Test Cases/INT_env/1_Free_Spin_CALL" classname="Test Cases/INT_env/1_Free_Spin_CALL" status="FAILED">
            <failure type="FAILED" message="Test Cases/INT_env/1_Free_Spin_CALL FAILED.&#xA;Reason:&#xA;com.kms.katalon.core.exception.StepFailedException: Call Test Case 'Test Cases/INT_env/compare_values/1_freeSpin_verify_value' failed&#xA;&#x9;at com.kms.katalon.core.keyword.builtin.CallTestCaseKeyword$_callTestCase_closure1.doCall(CallTestCaseKeyword.groovy:63)&#xA;&#x9;at com.kms.katalon.core.keyword.builtin.CallTestCaseKeyword$_callTestCase_closure1.call(CallTestCaseKeyword.groovy)&#xA;&#x9;at com.kms.katalon.core.keyword.internal.KeywordMain.runKeyword(KeywordMain.groovy:68)&#xA;&#x9;at com.kms.katalon.core.keyword.builtin.CallTestCaseKeyword.callTestCase(CallTestCaseKeyword.groovy:81)&#xA;&#x9;at com.kms.katalon.core.keyword.builtin.CallTestCaseKeyword.execute(CallTestCaseKeyword.groovy:44)&#xA;&#x9;at com.kms.katalon.core.keyword.internal.KeywordExecutor.executeKeywordForPlatform(KeywordExecutor.groovy:56)&#xA;&#x9;at com.kms.katalon.core.keyword.BuiltinKeywords.callTestCase(BuiltinKeywords.groovy:350)&#xA;&#x9;at 1_Free_Spin_CALL.run(1_Free_Spin_CALL:210)&#xA;&#x9;at com.kms.katalon.core.main.ScriptEngine.run(ScriptEngine.java:194)&#xA;&#x9;at com.kms.katalon.core.main.ScriptEngine.runScriptAsRawText(ScriptEngine.java:119)&#xA;&#x9;at com.kms.katalon.core.main.TestCaseExecutor.runScript(TestCaseExecutor.java:337)&#xA;&#x9;at com.kms.katalon.core.main.TestCaseExecutor.doExecute(TestCaseExecutor.java:328)&#xA;&#x9;at com.kms.katalon.core.main.TestCaseExecutor.processExecutionPhase(TestCaseExecutor.java:307)&#xA;&#x9;at com.kms.katalon.core.main.TestCaseExecutor.accessMainPhase(TestCaseExecutor.java:299)&#xA;&#x9;at com.kms.katalon.core.main.TestCaseExecutor.execute(TestCaseExecutor.java:233)&#xA;&#x9;at com.kms.katalon.core.main.TestSuiteExecutor.accessTestCaseMainPhase(TestSuiteExecutor.java:150)&#xA;&#x9;at com.kms.katalon.core.main.TestSuiteExecutor.accessTestSuiteMainPhase(TestSuiteExecutor.java:123)&#xA;&#x9;at com.kms.katalon.core.main.TestSuiteExecutor.execute(TestSuiteExecutor.java:87)&#xA;&#x9;at com.kms.katalon.core.main.TestCaseMain.startTestSuite(TestCaseMain.java:157)&#xA;&#x9;at com.kms.katalon.core.main.TestCaseMain$startTestSuite$0.call(Unknown Source)&#xA;&#x9;at TempTestSuite1566611817802.run(TempTestSuite1566611817802.groovy:35)&#xA;Caused by: com.kms.katalon.core.exception.StepFailedException: Unable to send request and verify the response (Root cause: java.net.UnknownHostException: ${partner}-rgs-history.3655oule.com&#xA;&#x9;at com.kms.katalon.core.webservice.common.RestfulClient.response(RestfulClient.java:192)&#xA;&#x9;at com.kms.katalon.core.webservice.common.RestfulClient.sendRequest(RestfulClient.java:97)&#xA;&#x9;at com.kms.katalon.core.webservice.common.RestfulClient.send(RestfulClient.java:59)&#xA;&#x9;at com.kms.katalon.core.webservice.keyword.builtin.SendRequestAndVerifyKeyword$_sendRequestAndVerify_closure1.doCall(SendRequestAndVerifyKeyword.groovy:47)&#xA;&#x9;at com.kms.katalon.core.webservice.keyword.builtin.SendRequestAndVerifyKeyword$_sendRequestAndVerify_closure1.call(SendRequestAndVerifyKeyword.groovy)&#xA;&#x9;at com.kms.katalon.core.keyword.internal.KeywordMain.runKeyword(KeywordMain.groovy:68)&#xA;&#x9;at com.kms.katalon.core.webservice.keyword.builtin.SendRequestAndVerifyKeyword.sendRequestAndVerify(SendRequestAndVerifyKeyword.groovy:43)&#xA;&#x9;at com.kms.katalon.core.webservice.keyword.builtin.SendRequestAndVerifyKeyword.execute(SendRequestAndVerifyKeyword.groovy:38)&#xA;&#x9;at com.kms.katalon.core.keyword.internal.KeywordExecutor.executeKeywordForPlatform(KeywordExecutor.groovy:56)&#xA;&#x9;at com.kms.katalon.core.webservice.keyword.WSBuiltInKeywords.sendRequestAndVerify(WSBuiltInKeywords.groovy:65)&#xA;&#x9;at com.kms.katalon.core.webservice.keyword.WSBuiltInKeywords$sendRequestAndVerify.call(Unknown Source)&#xA;&#x9;at 1_freeSpin_verify_value.run(1_freeSpin_verify_value:210)&#xA;&#x9;at com.kms.katalon.core.main.ScriptEngine.run(ScriptEngine.java:194)&#xA;&#x9;at com.kms.katalon.core.main.ScriptEngine.runScriptAsRawText(ScriptEngine.java:119)&#xA;&#x9;at com.kms.katalon.core.main.TestCaseExecutor.runScript(TestCaseExecutor.java:337)&#xA;&#x9;at com.kms.katalon.core.main.TestCaseExecutor.doExecute(TestCaseExecutor.java:328)&#xA;&#x9;at com.kms.katalon.core.main.TestCaseExecutor.processExecutionPhase(TestCaseExecutor.java:307)&#xA;&#x9;at com.kms.katalon.core.main.TestCaseExecutor.accessMainPhase(TestCaseExecutor.java:299)&#xA;&#x9;at com.kms.katalon.core.main.TestCaseExecutor.execute(TestCaseExecutor.java:233)&#xA;&#x9;at com.kms.katalon.core.main.TestCaseMain.runTestCase(TestCaseMain.java:114)&#xA;&#x9;at com.kms.katalon.core.keyword.builtin.CallTestCaseKeyword$_callTestCase_closure1.doCall(CallTestCaseKeyword.groovy:59)&#xA;&#x9;at com.kms.katalon.core.keyword.builtin.CallTestCaseKeyword$_callTestCase_closure1.call(CallTestCaseKeyword.groovy)&#xA;&#x9;at com.kms.katalon.core.keyword.internal.KeywordMain.runKeyword(KeywordMain.groovy:68)&#xA;&#x9;at com.kms.katalon.core.keyword.builtin.CallTestCaseKeyword.callTestCase(CallTestCaseKeyword.groovy:81)&#xA;&#x9;at com.kms.katalon.core.keyword.builtin.CallTestCaseKeyword.execute(CallTestCaseKeyword.groovy:44)&#xA;&#x9;at com.kms.katalon.core.keyword.internal.KeywordExecutor.executeKeywordForPlatform(KeywordExecutor.groovy:56)&#xA;&#x9;at com.kms.katalon.core.keyword.BuiltinKeywords.callTestCase(BuiltinKeywords.groovy:350)&#xA;&#x9;at 1_Free_Spin_CALL.run(1_Free_Spin_CALL:210)&#xA;&#x9;at com.kms.katalon.core.main.ScriptEngine.run(ScriptEngine.java:194)&#xA;&#x9;at com.kms.katalon.core.main.ScriptEngine.runScriptAsRawText(ScriptEngine.java:119)&#xA;&#x9;at com.kms.katalon.core.main.TestCaseExecutor.runScript(TestCaseExecutor.java:337)&#xA;&#x9;at com.kms.katalon.core.main.TestCaseExecutor.doExecute(TestCaseExecutor.java:328)&#xA;&#x9;at com.kms.katalon.core.main.TestCaseExecutor.processExecutionPhase(TestCaseExecutor.java:307)&#xA;&#x9;at com.kms.katalon.core.main.TestCaseExecutor.accessMainPhase(TestCaseExecutor.java:299)&#xA;&#x9;at com.kms.katalon.core.main.TestCaseExecutor.execute(TestCaseExecutor.java:233)&#xA;&#x9;at com.kms.katalon.core.main.TestSuiteExecutor.accessTestCaseMainPhase(TestSuiteExecutor.java:150)&#xA;&#x9;at com.kms.katalon.core.main.TestSuiteExecutor.accessTestSuiteMainPhase(TestSuiteExecutor.java:123)&#xA;&#x9;at com.kms.katalon.core.main.TestSuiteExecutor.execute(TestSuiteExecutor.java:87)&#xA;&#x9;at com.kms.katalon.core.main.TestCaseMain.startTestSuite(TestCaseMain.java:157)&#xA;&#x9;at com.kms.katalon.core.main.TestCaseMain$startTestSuite$0.call(Unknown Source)&#xA;&#x9;at TempTestSuite1566611817802.run(TempTestSuite1566611817802.groovy:35)&#xA;)&#xA;&#x9;at com.kms.katalon.core.keyword.internal.KeywordMain.stepFailed(KeywordMain.groovy:50)&#xA;&#x9;at com.kms.katalon.core.keyword.internal.KeywordMain.stepFailed(KeywordMain.groovy)&#xA;&#x9;at com.kms.katalon.core.keyword.internal.KeywordMain.runKeyword(KeywordMain.groovy:70)&#xA;&#x9;at com.kms.katalon.core.webservice.keyword.builtin.SendRequestAndVerifyKeyword.sendRequestAndVerify(SendRequestAndVerifyKeyword.groovy:43)&#xA;&#x9;at com.kms.katalon.core.webservice.keyword.builtin.SendRequestAndVerifyKeyword.execute(SendRequestAndVerifyKeyword.groovy:38)&#xA;&#x9;at com.kms.katalon.core.keyword.internal.KeywordExecutor.executeKeywordForPlatform(KeywordExecutor.groovy:56)&#xA;&#x9;at com.kms.katalon.core.webservice.keyword.WSBuiltInKeywords.sendRequestAndVerify(WSBuiltInKeywords.groovy:65)&#xA;&#x9;at com.kms.katalon.core.webservice.keyword.WSBuiltInKeywords$sendRequestAndVerify.call(Unknown Source)&#xA;&#x9;at 1_freeSpin_verify_value.run(1_freeSpin_verify_value:210)&#xA;&#x9;at com.kms.katalon.core.main.ScriptEngine.run(ScriptEngine.java:194)&#xA;&#x9;at com.kms.katalon.core.main.ScriptEngine.runScriptAsRawText(ScriptEngine.java:119)&#xA;&#x9;at com.kms.katalon.core.main.TestCaseExecutor.runScript(TestCaseExecutor.java:337)&#xA;&#x9;at com.kms.katalon.core.main.TestCaseExecutor.doExecute(TestCaseExecutor.java:328)&#xA;&#x9;at com.kms.katalon.core.main.TestCaseExecutor.processExecutionPhase(TestCaseExecutor.java:307)&#xA;&#x9;at com.kms.katalon.core.main.TestCaseExecutor.accessMainPhase(TestCaseExecutor.java:299)&#xA;&#x9;at com.kms.katalon.core.main.TestCaseExecutor.execute(TestCaseExecutor.java:233)&#xA;&#x9;at com.kms.katalon.core.main.TestCaseMain.runTestCase(TestCaseMain.java:114)&#xA;&#x9;at com.kms.katalon.core.keyword.builtin.CallTestCaseKeyword$_callTestCase_closure1.doCall(CallTestCaseKeyword.groovy:59)&#xA;&#x9;... 20 more&#xA;Caused by: java.net.UnknownHostException: ${partner}-rgs-history.3655oule.com&#xA;&#x9;at com.kms.katalon.core.webservice.common.RestfulClient.response(RestfulClient.java:192)&#xA;&#x9;at com.kms.katalon.core.webservice.common.RestfulClient.sendRequest(RestfulClient.java:97)&#xA;&#x9;at com.kms.katalon.core.webservice.common.RestfulClient.send(RestfulClient.java:59)&#xA;&#x9;at com.kms.katalon.core.webservice.keyword.builtin.SendRequestAndVerifyKeyword$_sendRequestAndVerify_closure1.doCall(SendRequestAndVerifyKeyword.groovy:47)&#xA;&#x9;at com.kms.katalon.core.webservice.keyword.builtin.SendRequestAndVerifyKeyword$_sendRequestAndVerify_closure1.call(SendRequestAndVerifyKeyword.groovy)&#xA;&#x9;at com.kms.katalon.core.keyword.internal.KeywordMain.runKeyword(KeywordMain.groovy:68)&#xA;&#x9;... 35 more&#xA;"/>
            <system-out>2019-08-24 09:56:59 - [TEST_CASE][FAILED] - Test Cases/INT_env/1_Free_Spin_CALL: Test Cases/INT_env/1_Free_Spin_CALL FAILED.
Reason:
com.kms.katalon.core.exception.StepFailedException: Call Test Case 'Test Cases/INT_env/compare_values/1_freeSpin_verify_value' failed
	at com.kms.katalon.core.keyword.builtin.CallTestCaseKeyword$_callTestCase_closure1.doCall(CallTestCaseKeyword.groovy:63)
	at com.kms.katalon.core.keyword.builtin.CallTestCaseKeyword$_callTestCase_closure1.call(CallTestCaseKeyword.groovy)
	at com.kms.katalon.core.keyword.internal.KeywordMain.runKeyword(KeywordMain.groovy:68)
	at com.kms.katalon.core.keyword.builtin.CallTestCaseKeyword.callTestCase(CallTestCaseKeyword.groovy:81)
	at com.kms.katalon.core.keyword.builtin.CallTestCaseKeyword.execute(CallTestCaseKeyword.groovy:44)
	at com.kms.katalon.core.keyword.internal.KeywordExecutor.executeKeywordForPlatform(KeywordExecutor.groovy:56)
	at com.kms.katalon.core.keyword.BuiltinKeywords.callTestCase(BuiltinKeywords.groovy:350)
	at 1_Free_Spin_CALL.run(1_Free_Spin_CALL:210)
	at com.kms.katalon.core.main.ScriptEngine.run(ScriptEngine.java:194)
	at com.kms.katalon.core.main.ScriptEngine.runScriptAsRawText(ScriptEngine.java:119)
	at com.kms.katalon.core.main.TestCaseExecutor.runScript(TestCaseExecutor.java:337)
	at com.kms.katalon.core.main.TestCaseExecutor.doExecute(TestCaseExecutor.java:328)
	at com.kms.katalon.core.main.TestCaseExecutor.processExecutionPhase(TestCaseExecutor.java:307)
	at com.kms.katalon.core.main.TestCaseExecutor.accessMainPhase(TestCaseExecutor.java:299)
	at com.kms.katalon.core.main.TestCaseExecutor.execute(TestCaseExecutor.java:233)
	at com.kms.katalon.core.main.TestSuiteExecutor.accessTestCaseMainPhase(TestSuiteExecutor.java:150)
	at com.kms.katalon.core.main.TestSuiteExecutor.accessTestSuiteMainPhase(TestSuiteExecutor.java:123)
	at com.kms.katalon.core.main.TestSuiteExecutor.execute(TestSuiteExecutor.java:87)
	at com.kms.katalon.core.main.TestCaseMain.startTestSuite(TestCaseMain.java:157)
	at com.kms.katalon.core.main.TestCaseMain$startTestSuite$0.call(Unknown Source)
	at TempTestSuite1566611817802.run(TempTestSuite1566611817802.groovy:35)
Caused by: com.kms.katalon.core.exception.StepFailedException: Unable to send request and verify the response (Root cause: java.net.UnknownHostException: ${partner}-rgs-history.3655oule.com
	at com.kms.katalon.core.webservice.common.RestfulClient.response(RestfulClient.java:192)
	at com.kms.katalon.core.webservice.common.RestfulClient.sendRequest(RestfulClient.java:97)
	at com.kms.katalon.core.webservice.common.RestfulClient.send(RestfulClient.java:59)
	at com.kms.katalon.core.webservice.keyword.builtin.SendRequestAndVerifyKeyword$_sendRequestAndVerify_closure1.doCall(SendRequestAndVerifyKeyword.groovy:47)
	at com.kms.katalon.core.webservice.keyword.builtin.SendRequestAndVerifyKeyword$_sendRequestAndVerify_closure1.call(SendRequestAndVerifyKeyword.groovy)
	at com.kms.katalon.core.keyword.internal.KeywordMain.runKeyword(KeywordMain.groovy:68)
	at com.kms.katalon.core.webservice.keyword.builtin.SendRequestAndVerifyKeyword.sendRequestAndVerify(SendRequestAndVerifyKeyword.groovy:43)
	at com.kms.katalon.core.webservice.keyword.builtin.SendRequestAndVerifyKeyword.execute(SendRequestAndVerifyKeyword.groovy:38)
	at com.kms.katalon.core.keyword.internal.KeywordExecutor.executeKeywordForPlatform(KeywordExecutor.groovy:56)
	at com.kms.katalon.core.webservice.keyword.WSBuiltInKeywords.sendRequestAndVerify(WSBuiltInKeywords.groovy:65)
	at com.kms.katalon.core.webservice.keyword.WSBuiltInKeywords$sendRequestAndVerify.call(Unknown Source)
	at 1_freeSpin_verify_value.run(1_freeSpin_verify_value:210)
	at com.kms.katalon.core.main.ScriptEngine.run(ScriptEngine.java:194)
	at com.kms.katalon.core.main.ScriptEngine.runScriptAsRawText(ScriptEngine.java:119)
	at com.kms.katalon.core.main.TestCaseExecutor.runScript(TestCaseExecutor.java:337)
	at com.kms.katalon.core.main.TestCaseExecutor.doExecute(TestCaseExecutor.java:328)
	at com.kms.katalon.core.main.TestCaseExecutor.processExecutionPhase(TestCaseExecutor.java:307)
	at com.kms.katalon.core.main.TestCaseExecutor.accessMainPhase(TestCaseExecutor.java:299)
	at com.kms.katalon.core.main.TestCaseExecutor.execute(TestCaseExecutor.java:233)
	at com.kms.katalon.core.main.TestCaseMain.runTestCase(TestCaseMain.java:114)
	at com.kms.katalon.core.keyword.builtin.CallTestCaseKeyword$_callTestCase_closure1.doCall(CallTestCaseKeyword.groovy:59)
	at com.kms.katalon.core.keyword.builtin.CallTestCaseKeyword$_callTestCase_closure1.call(CallTestCaseKeyword.groovy)
	at com.kms.katalon.core.keyword.internal.KeywordMain.runKeyword(KeywordMain.groovy:68)
	at com.kms.katalon.core.keyword.builtin.CallTestCaseKeyword.callTestCase(CallTestCaseKeyword.groovy:81)
	at com.kms.katalon.core.keyword.builtin.CallTestCaseKeyword.execute(CallTestCaseKeyword.groovy:44)
	at com.kms.katalon.core.keyword.internal.KeywordExecutor.executeKeywordForPlatform(KeywordExecutor.groovy:56)
	at com.kms.katalon.core.keyword.BuiltinKeywords.callTestCase(BuiltinKeywords.groovy:350)
	at 1_Free_Spin_CALL.run(1_Free_Spin_CALL:210)
	at com.kms.katalon.core.main.ScriptEngine.run(ScriptEngine.java:194)
	at com.kms.katalon.core.main.ScriptEngine.runScriptAsRawText(ScriptEngine.java:119)
	at com.kms.katalon.core.main.TestCaseExecutor.runScript(TestCaseExecutor.java:337)
	at com.kms.katalon.core.main.TestCaseExecutor.doExecute(TestCaseExecutor.java:328)
	at com.kms.katalon.core.main.TestCaseExecutor.processExecutionPhase(TestCaseExecutor.java:307)
	at com.kms.katalon.core.main.TestCaseExecutor.accessMainPhase(TestCaseExecutor.java:299)
	at com.kms.katalon.core.main.TestCaseExecutor.execute(TestCaseExecutor.java:233)
	at com.kms.katalon.core.main.TestSuiteExecutor.accessTestCaseMainPhase(TestSuiteExecutor.java:150)
	at com.kms.katalon.core.main.TestSuiteExecutor.accessTestSuiteMainPhase(TestSuiteExecutor.java:123)
	at com.kms.katalon.core.main.TestSuiteExecutor.execute(TestSuiteExecutor.java:87)
	at com.kms.katalon.core.main.TestCaseMain.startTestSuite(TestCaseMain.java:157)
	at com.kms.katalon.core.main.TestCaseMain$startTestSuite$0.call(Unknown Source)
	at TempTestSuite1566611817802.run(TempTestSuite1566611817802.groovy:35)
)
	at com.kms.katalon.core.keyword.internal.KeywordMain.stepFailed(KeywordMain.groovy:50)
	at com.kms.katalon.core.keyword.internal.KeywordMain.stepFailed(KeywordMain.groovy)
	at com.kms.katalon.core.keyword.internal.KeywordMain.runKeyword(KeywordMain.groovy:70)
	at com.kms.katalon.core.webservice.keyword.builtin.SendRequestAndVerifyKeyword.sendRequestAndVerify(SendRequestAndVerifyKeyword.groovy:43)
	at com.kms.katalon.core.webservice.keyword.builtin.SendRequestAndVerifyKeyword.execute(SendRequestAndVerifyKeyword.groovy:38)
	at com.kms.katalon.core.keyword.internal.KeywordExecutor.executeKeywordForPlatform(KeywordExecutor.groovy:56)
	at com.kms.katalon.core.webservice.keyword.WSBuiltInKeywords.sendRequestAndVerify(WSBuiltInKeywords.groovy:65)
	at com.kms.katalon.core.webservice.keyword.WSBuiltInKeywords$sendRequestAndVerify.call(Unknown Source)
	at 1_freeSpin_verify_value.run(1_freeSpin_verify_value:210)
	at com.kms.katalon.core.main.ScriptEngine.run(ScriptEngine.java:194)
	at com.kms.katalon.core.main.ScriptEngine.runScriptAsRawText(ScriptEngine.java:119)
	at com.kms.katalon.core.main.TestCaseExecutor.runScript(TestCaseExecutor.java:337)
	at com.kms.katalon.core.main.TestCaseExecutor.doExecute(TestCaseExecutor.java:328)
	at com.kms.katalon.core.main.TestCaseExecutor.processExecutionPhase(TestCaseExecutor.java:307)
	at com.kms.katalon.core.main.TestCaseExecutor.accessMainPhase(TestCaseExecutor.java:299)
	at com.kms.katalon.core.main.TestCaseExecutor.execute(TestCaseExecutor.java:233)
	at com.kms.katalon.core.main.TestCaseMain.runTestCase(TestCaseMain.java:114)
	at com.kms.katalon.core.keyword.builtin.CallTestCaseKeyword$_callTestCase_closure1.doCall(CallTestCaseKeyword.groovy:59)
	... 20 more
Caused by: java.net.UnknownHostException: ${partner}-rgs-history.3655oule.com
	at com.kms.katalon.core.webservice.common.RestfulClient.response(RestfulClient.java:192)
	at com.kms.katalon.core.webservice.common.RestfulClient.sendRequest(RestfulClient.java:97)
	at com.kms.katalon.core.webservice.common.RestfulClient.send(RestfulClient.java:59)
	at com.kms.katalon.core.webservice.keyword.builtin.SendRequestAndVerifyKeyword$_sendRequestAndVerify_closure1.doCall(SendRequestAndVerifyKeyword.groovy:47)
	at com.kms.katalon.core.webservice.keyword.builtin.SendRequestAndVerifyKeyword$_sendRequestAndVerify_closure1.call(SendRequestAndVerifyKeyword.groovy)
	at com.kms.katalon.core.keyword.internal.KeywordMain.runKeyword(KeywordMain.groovy:68)
	... 35 more


2019-08-24 09:57:01 - [TEST_STEP][PASSED] - NG_top_level = new java.util.ArrayList(): null

2019-08-24 09:57:01 - [TEST_STEP][PASSED] - NG_top_level.add("booster_type"): null

2019-08-24 09:57:01 - [TEST_STEP][PASSED] - NG_top_level.add("currency"): null

2019-08-24 09:57:01 - [TEST_STEP][PASSED] - NG_top_level.add("player_id"): null

2019-08-24 09:57:01 - [TEST_STEP][PASSED] - NG_top_level.add("round_id"): null

2019-08-24 09:57:01 - [TEST_STEP][PASSED] - NG_top_level.add("spin_results"): null

2019-08-24 09:57:01 - [TEST_STEP][PASSED] - NG_spin_result = new java.util.ArrayList(): null

2019-08-24 09:57:01 - [TEST_STEP][PASSED] - NG_spin_result.add("balance"): null

2019-08-24 09:57:01 - [TEST_STEP][PASSED] - NG_spin_result.add("bet_value"): null

2019-08-24 09:57:01 - [TEST_STEP][PASSED] - NG_spin_result.add("features_triggered"): null

2019-08-24 09:57:01 - [TEST_STEP][PASSED] - NG_spin_result.add("line"): null

2019-08-24 09:57:01 - [TEST_STEP][PASSED] - NG_spin_result.add("reel_wins"): null

2019-08-24 09:57:01 - [TEST_STEP][PASSED] - NG_spin_result.add("reels"): null

2019-08-24 09:57:01 - [TEST_STEP][PASSED] - NG_spin_result.add("scatter_win"): null

2019-08-24 09:57:01 - [TEST_STEP][PASSED] - NG_spin_result.add("total_bet"): null

2019-08-24 09:57:01 - [TEST_STEP][PASSED] - NG_spin_result.add("total_win"): null

2019-08-24 09:57:01 - [TEST_STEP][PASSED] - NG_spin_result.add("transaction_id"): null

2019-08-24 09:57:01 - [TEST_STEP][PASSED] - NG_spin_result.add("transaction_time"): null

2019-08-24 09:57:01 - [TEST_STEP][PASSED] - NG_spin_result.add("transaction_type"): null

2019-08-24 09:57:01 - [TEST_STEP][PASSED] - NG_feature_trigger = new java.util.ArrayList(): null

2019-08-24 09:57:01 - [TEST_STEP][PASSED] - NG_feature_trigger.add("complete"): null

2019-08-24 09:57:01 - [TEST_STEP][PASSED] - NG_feature_trigger.add("feature_state"): null

2019-08-24 09:57:01 - [TEST_STEP][PASSED] - NG_feature_trigger.add("subfeatures"): null

2019-08-24 09:57:01 - [TEST_STEP][PASSED] - NG_feature_trigger.add("type"): null

2019-08-24 09:57:01 - [TEST_STEP][PASSED] - NG_feature_state = new java.util.ArrayList(): null

2019-08-24 09:57:01 - [TEST_STEP][PASSED] - NG_feature_state.add("free_spins_left"): null

2019-08-24 09:57:01 - [TEST_STEP][PASSED] - NG_feature_state.add("total_free_spin_count"): null

2019-08-24 09:57:01 - [TEST_STEP][PASSED] - NG_feature_state.add("total_free_spin_win_amount"): null

2019-08-24 09:57:01 - [TEST_STEP][PASSED] - NG_reel = new java.util.ArrayList(): null

2019-08-24 09:57:01 - [TEST_STEP][PASSED] - NG_reel.add("symbols"): null

2019-08-24 09:57:01 - [TEST_STEP][PASSED] - NG_reel_symbol1 = new java.util.ArrayList(): null

2019-08-24 09:57:01 - [TEST_STEP][PASSED] - NG_reel_symbol1.add("symbol"): null

2019-08-24 09:57:01 - [TEST_STEP][PASSED] - NG_reel_symbol2 = new java.util.ArrayList(): null

2019-08-24 09:57:01 - [TEST_STEP][PASSED] - NG_reel_symbol2.add("symbol"): null

2019-08-24 09:57:01 - [TEST_STEP][PASSED] - NG_reel_symbol3 = new java.util.ArrayList(): null

2019-08-24 09:57:01 - [TEST_STEP][PASSED] - NG_reel_symbol3.add("symbol"): null

2019-08-24 09:57:01 - [TEST_STEP][PASSED] - sendRequestAndVerify(findTestObject("INT/Wallet/Get_Session_Token", ["url_krug_gw":url_krug_gw, "partner":Partner, "secret_key":secret_key, "userid":Userid])): Send request and verify the response successfully

2019-08-24 09:57:02 - [MESSAGE][INFO] - HAR: /Users/eiralee/Katalon_Script/SuperWild/Reports/20190824_095647/INT/superWild_1/20190824_095647/requests/main/0.har

2019-08-24 09:57:02 - [TEST_CASE][PASSED] - Start Test Case : Verification: Verification accomplished successfully

2019-08-24 09:57:02 - [TEST_STEP][PASSED] - request = getInstance().getCurrentRequest(): null

2019-08-24 09:57:02 - [TEST_STEP][PASSED] - response = getInstance().getCurrentResponse(): null

2019-08-24 09:57:02 - [TEST_STEP][PASSED] - verifyResponseStatusCode(response, 200): Verify response status code successfully

2019-08-24 09:57:03 - [MESSAGE][PASSED] - Verify response status code successfully

2019-08-24 09:57:03 - [TEST_STEP][PASSED] - getStatusCode()).isEqualTo(200): null

2019-08-24 09:57:03 - [TEST_STEP][PASSED] - getResponseText()).contains("session_token"): null

2019-08-24 09:57:03 - [TEST_STEP][PASSED] - getsession = new groovy.json.JsonSlurper(): null

2019-08-24 09:57:03 - [TEST_STEP][PASSED] - result_getsession = getsession.parseText(response.getResponseBodyContent()): null

2019-08-24 09:57:03 - [TEST_STEP][PASSED] - session_token = session_token: null

2019-08-24 09:57:03 - [TEST_STEP][PASSED] - println("...value extracted is :" + session_token): null

2019-08-24 09:57:03 - [TEST_STEP][PASSED] - session_token = session_token: null

2019-08-24 09:57:04 - [TEST_STEP][PASSED] - println("GlobalVariable is :" + session_token): null

2019-08-24 09:57:04 - [TEST_STEP][PASSED] - internal_balance = internal_balance: null

2019-08-24 09:57:04 - [TEST_STEP][PASSED] - internal_balance = internal_balance: null

2019-08-24 09:57:04 - [MESSAGE][PASSED] - Verify response successfully

2019-08-24 09:57:04 - [MESSAGE][PASSED] - Send request and verify the response successfully

2019-08-24 09:57:04 - [TEST_STEP][PASSED] - M4_login = sendRequestAndVerify(findTestObject("INT/RGS(M4)/M4_Login", ["partner":Partner, "game_code":Game_code, "session_token":session_token])): Send request and verify the response successfully

2019-08-24 09:57:05 - [MESSAGE][INFO] - HAR: /Users/eiralee/Katalon_Script/SuperWild/Reports/20190824_095647/INT/superWild_1/20190824_095647/requests/main/1.har

2019-08-24 09:57:05 - [TEST_CASE][PASSED] - Start Test Case : Verification: Verification accomplished successfully

2019-08-24 09:57:05 - [TEST_STEP][PASSED] - request = getInstance().getCurrentRequest(): null

2019-08-24 09:57:05 - [TEST_STEP][PASSED] - response = getInstance().getCurrentResponse(): null

2019-08-24 09:57:05 - [TEST_STEP][PASSED] - verifyResponseStatusCode(response, 200): Verify response status code successfully

2019-08-24 09:57:05 - [MESSAGE][PASSED] - Verify response status code successfully

2019-08-24 09:57:05 - [TEST_STEP][PASSED] - getStatusCode()).isEqualTo(200): null

2019-08-24 09:57:05 - [TEST_STEP][PASSED] - newline = System.getProperty("line.separator"): null

2019-08-24 09:57:05 - [TEST_STEP][PASSED] - M4_login = new groovy.json.JsonSlurper(): null

2019-08-24 09:57:05 - [TEST_STEP][PASSED] - result_M4_login = M4_login.parseText(response.getResponseBodyContent()): null

2019-08-24 09:57:05 - [TEST_STEP][PASSED] - M4_login_user_id = user_id: null

2019-08-24 09:57:05 - [TEST_STEP][PASSED] - println("playerid is: " + M4_login_user_id): null

2019-08-24 09:57:05 - [TEST_STEP][PASSED] - M4_login_user_id = M4_login_user_id: null

2019-08-24 09:57:05 - [MESSAGE][PASSED] - Verify response successfully

2019-08-24 09:57:05 - [MESSAGE][PASSED] - Send request and verify the response successfully

2019-08-24 09:57:05 - [TEST_STEP][PASSED] - M4_init = sendRequestAndVerify(findTestObject("INT/RGS(M4)/M4_init", ["partner":Partner, "gameId":gameId, "M4_login_user_id":M4_login_user_id])): Send request and verify the response successfully

2019-08-24 09:57:05 - [MESSAGE][INFO] - HAR: /Users/eiralee/Katalon_Script/SuperWild/Reports/20190824_095647/INT/superWild_1/20190824_095647/requests/main/2.har

2019-08-24 09:57:05 - [TEST_CASE][PASSED] - Start Test Case : Verification: Verification accomplished successfully

2019-08-24 09:57:06 - [TEST_STEP][PASSED] - request = getInstance().getCurrentRequest(): null

2019-08-24 09:57:06 - [TEST_STEP][PASSED] - response = getInstance().getCurrentResponse(): null

2019-08-24 09:57:06 - [TEST_STEP][PASSED] - verifyResponseStatusCode(response, 200): Verify response status code successfully

2019-08-24 09:57:06 - [MESSAGE][PASSED] - Verify response status code successfully

2019-08-24 09:57:06 - [TEST_STEP][PASSED] - getStatusCode()).isEqualTo(200): null

2019-08-24 09:57:06 - [TEST_STEP][PASSED] - newline = System.getProperty("line.separator"): null

2019-08-24 09:57:06 - [TEST_STEP][PASSED] - M4_init = new groovy.json.JsonSlurper(): null

2019-08-24 09:57:06 - [TEST_STEP][PASSED] - result_M4_init = M4_init.parseText(response.getResponseBodyContent()): null

2019-08-24 09:57:06 - [TEST_STEP][PASSED] - rgs_session_token = session_token: null

2019-08-24 09:57:06 - [TEST_STEP][PASSED] - rgs_session_token = rgs_session_token: null

2019-08-24 09:57:06 - [TEST_STEP][PASSED] - M4_init_balance = balance: null

2019-08-24 09:57:06 - [TEST_STEP][PASSED] - M4_init_balance = M4_init_balance: null

2019-08-24 09:57:06 - [TEST_STEP][PASSED] - game_code = genesis_id: null

2019-08-24 09:57:06 - [TEST_STEP][PASSED] - game_code = game_code: null

2019-08-24 09:57:06 - [TEST_STEP][PASSED] - M4_free_round = free_round: null

2019-08-24 09:57:06 - [TEST_STEP][PASSED] - M4_free_round = M4_free_round: null

2019-08-24 09:57:06 - [MESSAGE][PASSED] - Verify response successfully

2019-08-24 09:57:06 - [MESSAGE][PASSED] - Send request and verify the response successfully

2019-08-24 09:57:06 - [TEST_STEP][PASSED] - for ([i = 0, i &lt;= 300, (i++)]): null

2019-08-24 09:57:06 - [TEST_STEP][PASSED] - spin_result = sendRequestAndVerify(findTestObject("INT/RGS(M4)/1_M4_spin", ["M4_login_user_id":M4_login_user_id, "rgs_session_token":rgs_session_token, "partner":Partner])): Send request and verify the response successfully

2019-08-24 09:57:06 - [MESSAGE][INFO] - HAR: /Users/eiralee/Katalon_Script/SuperWild/Reports/20190824_095647/INT/superWild_1/20190824_095647/requests/main/3.har

2019-08-24 09:57:06 - [TEST_CASE][PASSED] - Start Test Case : Verification: Verification accomplished successfully

2019-08-24 09:57:06 - [TEST_STEP][PASSED] - request = getInstance().getCurrentRequest(): null

2019-08-24 09:57:06 - [TEST_STEP][PASSED] - response = getInstance().getCurrentResponse(): null

2019-08-24 09:57:06 - [TEST_STEP][PASSED] - verifyResponseStatusCode(response, 200): Verify response status code successfully

2019-08-24 09:57:06 - [MESSAGE][PASSED] - Verify response status code successfully

2019-08-24 09:57:06 - [TEST_STEP][PASSED] - getStatusCode()).isEqualTo(200): null

2019-08-24 09:57:06 - [TEST_STEP][PASSED] - newline = System.getProperty("line.separator"): null

2019-08-24 09:57:06 - [TEST_STEP][PASSED] - M4_spin = new groovy.json.JsonSlurper(): null

2019-08-24 09:57:06 - [TEST_STEP][PASSED] - result_M4_spin = M4_spin.parseText(response.getResponseBodyContent()): null

2019-08-24 09:57:06 - [TEST_STEP][PASSED] - M4_spin_current_balance = current_balance: null

2019-08-24 09:57:06 - [TEST_STEP][PASSED] - M4_spin_current_balance = M4_spin_current_balance: null

2019-08-24 09:57:06 - [TEST_STEP][PASSED] - M4_spin_transaction_id = causality: null

2019-08-24 09:57:06 - [TEST_STEP][PASSED] - M4_spin_transaction_id = M4_spin_transaction_id: null

2019-08-24 09:57:06 - [TEST_STEP][PASSED] - M4_spin_round_id = round_id: null

2019-08-24 09:57:06 - [TEST_STEP][PASSED] - M4_spin_round_id = M4_spin_round_id: null

2019-08-24 09:57:06 - [TEST_STEP][PASSED] - M4_spin_line_wins = line_wins: null

2019-08-24 09:57:06 - [TEST_STEP][PASSED] - M4_spin_line_wins = M4_spin_line_wins: null

2019-08-24 09:57:06 - [TEST_STEP][PASSED] - M4_total_bonus_spins_int = total_bonus_spins: null

2019-08-24 09:57:06 - [TEST_STEP][PASSED] - println("******M4_total_bonus_spins type is:*******" + newline + getClass().getName()): null

2019-08-24 09:57:06 - [TEST_STEP][PASSED] - M4_total_bonus_spins_int = M4_total_bonus_spins_int: null

2019-08-24 09:57:06 - [TEST_STEP][PASSED] - M4_total_bonus_spins = Integer.toString(M4_total_bonus_spins_int): null

2019-08-24 09:57:06 - [TEST_STEP][PASSED] - M4_total_bonus_spins = M4_total_bonus_spins: null

2019-08-24 09:57:06 - [TEST_STEP][PASSED] - println("M4_total_bonus_spins is:" + M4_total_bonus_spins): null

2019-08-24 09:57:06 - [TEST_STEP][PASSED] - M4_spin_bonus_data = bonus_data: null

2019-08-24 09:57:06 - [TEST_STEP][PASSED] - M4_spin_features_triggered = result_M4_spin: null

2019-08-24 09:57:06 - [TEST_STEP][PASSED] - wild = []: null

2019-08-24 09:57:06 - [TEST_STEP][PASSED] - wild[0] = "WILD_Expanding": null

2019-08-24 09:57:06 - [TEST_STEP][PASSED] - wild[1] = "WILD_Normal": null

2019-08-24 09:57:06 - [TEST_STEP][PASSED] - wild[2] = "WILD_Double": null

2019-08-24 09:57:06 - [TEST_STEP][PASSED] - wild[3] = "WILD_ExtraFG": null

2019-08-24 09:57:06 - [TEST_STEP][PASSED] - wild[4] = "WILD_Triple": null

2019-08-24 09:57:06 - [TEST_STEP][PASSED] - wildList = Arrays.asList(wild): null

2019-08-24 09:57:07 - [TEST_STEP][PASSED] - wildList = wildList: null

2019-08-24 09:57:07 - [TEST_STEP][PASSED] - free_spin_reel_counter = []: null

2019-08-24 09:57:07 - [TEST_STEP][PASSED] - free_spin_reel_counter[0] = 0: null

2019-08-24 09:57:07 - [TEST_STEP][PASSED] - free_spin_reel_counter[1] = 0: null

2019-08-24 09:57:07 - [TEST_STEP][PASSED] - free_spin_reel_counter[2] = 0: null

2019-08-24 09:57:07 - [TEST_STEP][PASSED] - M4_spin_reels = reels: null

2019-08-24 09:57:07 - [TEST_STEP][PASSED] - for ([i = 0, i &lt; M4_spin_reels.size(), (i++)]): null

2019-08-24 09:57:07 - [TEST_STEP][PASSED] - symbols = symbols: null

2019-08-24 09:57:07 - [TEST_STEP][PASSED] - for ([j = 0, j &lt; symbols.size(), (j++)]): null

2019-08-24 09:57:07 - [TEST_STEP][PASSED] - symbol = symbol: null

2019-08-24 09:57:07 - [TEST_STEP][PASSED] - println(symbol): null

2019-08-24 09:57:07 - [TEST_STEP][PASSED] - if (i == 2 &amp;&amp; wildList.indexOf(symbol) != -1): null

2019-08-24 09:57:07 - [TEST_STEP][PASSED] - if (i == 3 &amp;&amp; wildList.indexOf(symbol) != -1): null

2019-08-24 09:57:07 - [TEST_STEP][PASSED] - if (i == 4 &amp;&amp; wildList.indexOf(symbol) != -1): null

2019-08-24 09:57:07 - [TEST_STEP][PASSED] - symbol = symbol: null

2019-08-24 09:57:07 - [TEST_STEP][PASSED] - println(symbol): null

2019-08-24 09:57:07 - [TEST_STEP][PASSED] - if (i == 2 &amp;&amp; wildList.indexOf(symbol) != -1): null

2019-08-24 09:57:07 - [TEST_STEP][PASSED] - if (i == 3 &amp;&amp; wildList.indexOf(symbol) != -1): null

2019-08-24 09:57:07 - [TEST_STEP][PASSED] - if (i == 4 &amp;&amp; wildList.indexOf(symbol) != -1): null

2019-08-24 09:57:07 - [TEST_STEP][PASSED] - symbol = symbol: null

2019-08-24 09:57:07 - [TEST_STEP][PASSED] - println(symbol): null

2019-08-24 09:57:07 - [TEST_STEP][PASSED] - if (i == 2 &amp;&amp; wildList.indexOf(symbol) != -1): null

2019-08-24 09:57:07 - [TEST_STEP][PASSED] - if (i == 3 &amp;&amp; wildList.indexOf(symbol) != -1): null

2019-08-24 09:57:07 - [TEST_STEP][PASSED] - if (i == 4 &amp;&amp; wildList.indexOf(symbol) != -1): null

2019-08-24 09:57:07 - [TEST_STEP][PASSED] - symbols = symbols: null

2019-08-24 09:57:07 - [TEST_STEP][PASSED] - for ([j = 0, j &lt; symbols.size(), (j++)]): null

2019-08-24 09:57:07 - [TEST_STEP][PASSED] - symbol = symbol: null

2019-08-24 09:57:07 - [TEST_STEP][PASSED] - println(symbol): null

2019-08-24 09:57:07 - [TEST_STEP][PASSED] - if (i == 2 &amp;&amp; wildList.indexOf(symbol) != -1): null

2019-08-24 09:57:07 - [TEST_STEP][PASSED] - if (i == 3 &amp;&amp; wildList.indexOf(symbol) != -1): null

2019-08-24 09:57:07 - [TEST_STEP][PASSED] - if (i == 4 &amp;&amp; wildList.indexOf(symbol) != -1): null

2019-08-24 09:57:07 - [TEST_STEP][PASSED] - symbol = symbol: null

2019-08-24 09:57:07 - [TEST_STEP][PASSED] - println(symbol): null

2019-08-24 09:57:07 - [TEST_STEP][PASSED] - if (i == 2 &amp;&amp; wildList.indexOf(symbol) != -1): null

2019-08-24 09:57:07 - [TEST_STEP][PASSED] - if (i == 3 &amp;&amp; wildList.indexOf(symbol) != -1): null

2019-08-24 09:57:07 - [TEST_STEP][PASSED] - if (i == 4 &amp;&amp; wildList.indexOf(symbol) != -1): null

2019-08-24 09:57:07 - [TEST_STEP][PASSED] - symbol = symbol: null

2019-08-24 09:57:07 - [TEST_STEP][PASSED] - println(symbol): null

2019-08-24 09:57:07 - [TEST_STEP][PASSED] - if (i == 2 &amp;&amp; wildList.indexOf(symbol) != -1): null

2019-08-24 09:57:07 - [TEST_STEP][PASSED] - if (i == 3 &amp;&amp; wildList.indexOf(symbol) != -1): null

2019-08-24 09:57:07 - [TEST_STEP][PASSED] - if (i == 4 &amp;&amp; wildList.indexOf(symbol) != -1): null

2019-08-24 09:57:07 - [TEST_STEP][PASSED] - symbols = symbols: null

2019-08-24 09:57:07 - [TEST_STEP][PASSED] - for ([j = 0, j &lt; symbols.size(), (j++)]): null

2019-08-24 09:57:07 - [TEST_STEP][PASSED] - symbol = symbol: null

2019-08-24 09:57:07 - [TEST_STEP][PASSED] - println(symbol): null

2019-08-24 09:57:07 - [TEST_STEP][PASSED] - if (i == 2 &amp;&amp; wildList.indexOf(symbol) != -1): null

2019-08-24 09:57:07 - [TEST_STEP][PASSED] - if (i == 3 &amp;&amp; wildList.indexOf(symbol) != -1): null

2019-08-24 09:57:07 - [TEST_STEP][PASSED] - if (i == 4 &amp;&amp; wildList.indexOf(symbol) != -1): null

2019-08-24 09:57:07 - [TEST_STEP][PASSED] - symbol = symbol: null

2019-08-24 09:57:07 - [TEST_STEP][PASSED] - println(symbol): null

2019-08-24 09:57:07 - [TEST_STEP][PASSED] - if (i == 2 &amp;&amp; wildList.indexOf(symbol) != -1): null

2019-08-24 09:57:07 - [TEST_STEP][PASSED] - if (i == 3 &amp;&amp; wildList.indexOf(symbol) != -1): null

2019-08-24 09:57:07 - [TEST_STEP][PASSED] - if (i == 4 &amp;&amp; wildList.indexOf(symbol) != -1): null

2019-08-24 09:57:07 - [TEST_STEP][PASSED] - symbol = symbol: null

2019-08-24 09:57:07 - [TEST_STEP][PASSED] - println(symbol): null

2019-08-24 09:57:07 - [TEST_STEP][PASSED] - if (i == 2 &amp;&amp; wildList.indexOf(symbol) != -1): null

2019-08-24 09:57:07 - [TEST_STEP][PASSED] - if (i == 3 &amp;&amp; wildList.indexOf(symbol) != -1): null

2019-08-24 09:57:07 - [TEST_STEP][PASSED] - if (i == 4 &amp;&amp; wildList.indexOf(symbol) != -1): null

2019-08-24 09:57:07 - [TEST_STEP][PASSED] - symbols = symbols: null

2019-08-24 09:57:07 - [TEST_STEP][PASSED] - for ([j = 0, j &lt; symbols.size(), (j++)]): null

2019-08-24 09:57:07 - [TEST_STEP][PASSED] - symbol = symbol: null

2019-08-24 09:57:07 - [TEST_STEP][PASSED] - println(symbol): null

2019-08-24 09:57:07 - [TEST_STEP][PASSED] - if (i == 2 &amp;&amp; wildList.indexOf(symbol) != -1): null

2019-08-24 09:57:07 - [TEST_STEP][PASSED] - if (i == 3 &amp;&amp; wildList.indexOf(symbol) != -1): null

2019-08-24 09:57:07 - [TEST_STEP][PASSED] - if (i == 4 &amp;&amp; wildList.indexOf(symbol) != -1): null

2019-08-24 09:57:07 - [TEST_STEP][PASSED] - symbol = symbol: null

2019-08-24 09:57:07 - [TEST_STEP][PASSED] - println(symbol): null

2019-08-24 09:57:07 - [TEST_STEP][PASSED] - if (i == 2 &amp;&amp; wildList.indexOf(symbol) != -1): null

2019-08-24 09:57:07 - [TEST_STEP][PASSED] - if (i == 3 &amp;&amp; wildList.indexOf(symbol) != -1): null

2019-08-24 09:57:07 - [TEST_STEP][PASSED] - if (i == 4 &amp;&amp; wildList.indexOf(symbol) != -1): null

2019-08-24 09:57:07 - [TEST_STEP][PASSED] - symbol = symbol: null

2019-08-24 09:57:07 - [TEST_STEP][PASSED] - println(symbol): null

2019-08-24 09:57:07 - [TEST_STEP][PASSED] - if (i == 2 &amp;&amp; wildList.indexOf(symbol) != -1): null

2019-08-24 09:57:07 - [TEST_STEP][PASSED] - if (i == 3 &amp;&amp; wildList.indexOf(symbol) != -1): null

2019-08-24 09:57:07 - [TEST_STEP][PASSED] - if (i == 4 &amp;&amp; wildList.indexOf(symbol) != -1): null

2019-08-24 09:57:07 - [TEST_STEP][PASSED] - symbols = symbols: null

2019-08-24 09:57:07 - [TEST_STEP][PASSED] - for ([j = 0, j &lt; symbols.size(), (j++)]): null

2019-08-24 09:57:07 - [TEST_STEP][PASSED] - symbol = symbol: null

2019-08-24 09:57:07 - [TEST_STEP][PASSED] - println(symbol): null

2019-08-24 09:57:07 - [TEST_STEP][PASSED] - if (i == 2 &amp;&amp; wildList.indexOf(symbol) != -1): null

2019-08-24 09:57:07 - [TEST_STEP][PASSED] - if (i == 3 &amp;&amp; wildList.indexOf(symbol) != -1): null

2019-08-24 09:57:07 - [TEST_STEP][PASSED] - if (i == 4 &amp;&amp; wildList.indexOf(symbol) != -1): null

2019-08-24 09:57:07 - [TEST_STEP][PASSED] - symbol = symbol: null

2019-08-24 09:57:07 - [TEST_STEP][PASSED] - println(symbol): null

2019-08-24 09:57:07 - [TEST_STEP][PASSED] - if (i == 2 &amp;&amp; wildList.indexOf(symbol) != -1): null

2019-08-24 09:57:07 - [TEST_STEP][PASSED] - if (i == 3 &amp;&amp; wildList.indexOf(symbol) != -1): null

2019-08-24 09:57:07 - [TEST_STEP][PASSED] - if (i == 4 &amp;&amp; wildList.indexOf(symbol) != -1): null

2019-08-24 09:57:07 - [TEST_STEP][PASSED] - symbol = symbol: null

2019-08-24 09:57:07 - [TEST_STEP][PASSED] - println(symbol): null

2019-08-24 09:57:07 - [TEST_STEP][PASSED] - if (i == 2 &amp;&amp; wildList.indexOf(symbol) != -1): null

2019-08-24 09:57:07 - [TEST_STEP][PASSED] - if (i == 3 &amp;&amp; wildList.indexOf(symbol) != -1): null

2019-08-24 09:57:07 - [TEST_STEP][PASSED] - if (i == 4 &amp;&amp; wildList.indexOf(symbol) != -1): null

2019-08-24 09:57:07 - [TEST_STEP][PASSED] - free_spin_reel_counter = free_spin_reel_counter: null

2019-08-24 09:57:07 - [TEST_STEP][PASSED] - println("reel 3 wild found: " + free_spin_reel_counter[0]): null

2019-08-24 09:57:07 - [TEST_STEP][PASSED] - println("reel 4 wild found: " + free_spin_reel_counter[1]): null

2019-08-24 09:57:07 - [TEST_STEP][PASSED] - println("reel 5 wild found: " + free_spin_reel_counter[2]): null

2019-08-24 09:57:07 - [TEST_STEP][PASSED] - M4_spin_reels = M4_spin_reels: null

2019-08-24 09:57:07 - [TEST_STEP][PASSED] - M4_spin_reels_symbols = symbol: null

2019-08-24 09:57:07 - [TEST_STEP][PASSED] - M4_spin_reels_symbols = M4_spin_reels_symbols: null

2019-08-24 09:57:07 - [TEST_STEP][PASSED] - M4_spin_reel_wins = reel_wins: null

2019-08-24 09:57:07 - [TEST_STEP][PASSED] - M4_spin_reel_wins = M4_spin_reel_wins: null

2019-08-24 09:57:07 - [TEST_STEP][PASSED] - println("GlobalVariable.M4_spin_reel_wins is: " + M4_spin_reel_wins): null

2019-08-24 09:57:07 - [TEST_STEP][PASSED] - M4_spin_total_bonus_win_this_round = total_bonus_win_this_round: null

2019-08-24 09:57:07 - [TEST_STEP][PASSED] - M4_spin_total_bonus_win_this_round = M4_spin_total_bonus_win_this_round: null

2019-08-24 09:57:07 - [TEST_STEP][PASSED] - println("GlobalVariable.M4_spin_total_bonus_win_this_round is: " + M4_spin_total_bonus_win_this_round): null

2019-08-24 09:57:07 - [TEST_STEP][PASSED] - M4_spin_bonus_spin_result = spin_result: null

2019-08-24 09:57:07 - [TEST_STEP][PASSED] - M4_spin_bonus_spin_result = M4_spin_bonus_spin_result: null

2019-08-24 09:57:07 - [MESSAGE][PASSED] - Verify response successfully

2019-08-24 09:57:07 - [MESSAGE][PASSED] - Send request and verify the response successfully

2019-08-24 09:57:07 - [TEST_STEP][PASSED] - if (free_spin_reel_counter[0] &gt;= 1 &amp;&amp; free_spin_reel_counter[1] &gt;= 1 &amp;&amp; free_spin_reel_counter[2] &gt;= 1): null

2019-08-24 09:57:07 - [TEST_STEP][PASSED] - spin_result = sendRequestAndVerify(findTestObject("INT/RGS(M4)/1_M4_spin", ["M4_login_user_id":M4_login_user_id, "rgs_session_token":rgs_session_token, "partner":Partner])): Send request and verify the response successfully

2019-08-24 09:57:07 - [MESSAGE][INFO] - HAR: /Users/eiralee/Katalon_Script/SuperWild/Reports/20190824_095647/INT/superWild_1/20190824_095647/requests/main/4.har

2019-08-24 09:57:07 - [TEST_CASE][PASSED] - Start Test Case : Verification: Verification accomplished successfully

2019-08-24 09:57:07 - [TEST_STEP][PASSED] - request = getInstance().getCurrentRequest(): null

2019-08-24 09:57:07 - [TEST_STEP][PASSED] - response = getInstance().getCurrentResponse(): null

2019-08-24 09:57:07 - [TEST_STEP][PASSED] - verifyResponseStatusCode(response, 200): Verify response status code successfully

2019-08-24 09:57:07 - [MESSAGE][PASSED] - Verify response status code successfully

2019-08-24 09:57:07 - [TEST_STEP][PASSED] - getStatusCode()).isEqualTo(200): null

2019-08-24 09:57:07 - [TEST_STEP][PASSED] - newline = System.getProperty("line.separator"): null

2019-08-24 09:57:07 - [TEST_STEP][PASSED] - M4_spin = new groovy.json.JsonSlurper(): null

2019-08-24 09:57:07 - [TEST_STEP][PASSED] - result_M4_spin = M4_spin.parseText(response.getResponseBodyContent()): null

2019-08-24 09:57:07 - [TEST_STEP][PASSED] - M4_spin_current_balance = current_balance: null

2019-08-24 09:57:07 - [TEST_STEP][PASSED] - M4_spin_current_balance = M4_spin_current_balance: null

2019-08-24 09:57:07 - [TEST_STEP][PASSED] - M4_spin_transaction_id = causality: null

2019-08-24 09:57:07 - [TEST_STEP][PASSED] - M4_spin_transaction_id = M4_spin_transaction_id: null

2019-08-24 09:57:07 - [TEST_STEP][PASSED] - M4_spin_round_id = round_id: null

2019-08-24 09:57:07 - [TEST_STEP][PASSED] - M4_spin_round_id = M4_spin_round_id: null

2019-08-24 09:57:07 - [TEST_STEP][PASSED] - M4_spin_line_wins = line_wins: null

2019-08-24 09:57:07 - [TEST_STEP][PASSED] - M4_spin_line_wins = M4_spin_line_wins: null

2019-08-24 09:57:07 - [TEST_STEP][PASSED] - M4_total_bonus_spins_int = total_bonus_spins: null

2019-08-24 09:57:07 - [TEST_STEP][PASSED] - println("******M4_total_bonus_spins type is:*******" + newline + getClass().getName()): null

2019-08-24 09:57:07 - [TEST_STEP][PASSED] - M4_total_bonus_spins_int = M4_total_bonus_spins_int: null

2019-08-24 09:57:07 - [TEST_STEP][PASSED] - M4_total_bonus_spins = Integer.toString(M4_total_bonus_spins_int): null

2019-08-24 09:57:07 - [TEST_STEP][PASSED] - M4_total_bonus_spins = M4_total_bonus_spins: null

2019-08-24 09:57:07 - [TEST_STEP][PASSED] - println("M4_total_bonus_spins is:" + M4_total_bonus_spins): null

2019-08-24 09:57:07 - [TEST_STEP][PASSED] - M4_spin_bonus_data = bonus_data: null

2019-08-24 09:57:07 - [TEST_STEP][PASSED] - M4_spin_features_triggered = result_M4_spin: null

2019-08-24 09:57:07 - [TEST_STEP][PASSED] - wild = []: null

2019-08-24 09:57:07 - [TEST_STEP][PASSED] - wild[0] = "WILD_Expanding": null

2019-08-24 09:57:07 - [TEST_STEP][PASSED] - wild[1] = "WILD_Normal": null

2019-08-24 09:57:07 - [TEST_STEP][PASSED] - wild[2] = "WILD_Double": null

2019-08-24 09:57:07 - [TEST_STEP][PASSED] - wild[3] = "WILD_ExtraFG": null

2019-08-24 09:57:07 - [TEST_STEP][PASSED] - wild[4] = "WILD_Triple": null

2019-08-24 09:57:07 - [TEST_STEP][PASSED] - wildList = Arrays.asList(wild): null

2019-08-24 09:57:07 - [TEST_STEP][PASSED] - wildList = wildList: null

2019-08-24 09:57:07 - [TEST_STEP][PASSED] - free_spin_reel_counter = []: null

2019-08-24 09:57:07 - [TEST_STEP][PASSED] - free_spin_reel_counter[0] = 0: null

2019-08-24 09:57:07 - [TEST_STEP][PASSED] - free_spin_reel_counter[1] = 0: null

2019-08-24 09:57:07 - [TEST_STEP][PASSED] - free_spin_reel_counter[2] = 0: null

2019-08-24 09:57:07 - [TEST_STEP][PASSED] - M4_spin_reels = reels: null

2019-08-24 09:57:07 - [TEST_STEP][PASSED] - for ([i = 0, i &lt; M4_spin_reels.size(), (i++)]): null

2019-08-24 09:57:07 - [TEST_STEP][PASSED] - symbols = symbols: null

2019-08-24 09:57:07 - [TEST_STEP][PASSED] - for ([j = 0, j &lt; symbols.size(), (j++)]): null

2019-08-24 09:57:07 - [TEST_STEP][PASSED] - symbol = symbol: null

2019-08-24 09:57:07 - [TEST_STEP][PASSED] - println(symbol): null

2019-08-24 09:57:07 - [TEST_STEP][PASSED] - if (i == 2 &amp;&amp; wildList.indexOf(symbol) != -1): null

2019-08-24 09:57:07 - [TEST_STEP][PASSED] - if (i == 3 &amp;&amp; wildList.indexOf(symbol) != -1): null

2019-08-24 09:57:07 - [TEST_STEP][PASSED] - if (i == 4 &amp;&amp; wildList.indexOf(symbol) != -1): null

2019-08-24 09:57:07 - [TEST_STEP][PASSED] - symbol = symbol: null

2019-08-24 09:57:07 - [TEST_STEP][PASSED] - println(symbol): null

2019-08-24 09:57:07 - [TEST_STEP][PASSED] - if (i == 2 &amp;&amp; wildList.indexOf(symbol) != -1): null

2019-08-24 09:57:07 - [TEST_STEP][PASSED] - if (i == 3 &amp;&amp; wildList.indexOf(symbol) != -1): null

2019-08-24 09:57:07 - [TEST_STEP][PASSED] - if (i == 4 &amp;&amp; wildList.indexOf(symbol) != -1): null

2019-08-24 09:57:07 - [TEST_STEP][PASSED] - symbol = symbol: null

2019-08-24 09:57:07 - [TEST_STEP][PASSED] - println(symbol): null

2019-08-24 09:57:07 - [TEST_STEP][PASSED] - if (i == 2 &amp;&amp; wildList.indexOf(symbol) != -1): null

2019-08-24 09:57:07 - [TEST_STEP][PASSED] - if (i == 3 &amp;&amp; wildList.indexOf(symbol) != -1): null

2019-08-24 09:57:07 - [TEST_STEP][PASSED] - if (i == 4 &amp;&amp; wildList.indexOf(symbol) != -1): null

2019-08-24 09:57:07 - [TEST_STEP][PASSED] - symbols = symbols: null

2019-08-24 09:57:07 - [TEST_STEP][PASSED] - for ([j = 0, j &lt; symbols.size(), (j++)]): null

2019-08-24 09:57:07 - [TEST_STEP][PASSED] - symbol = symbol: null

2019-08-24 09:57:07 - [TEST_STEP][PASSED] - println(symbol): null

2019-08-24 09:57:07 - [TEST_STEP][PASSED] - if (i == 2 &amp;&amp; wildList.indexOf(symbol) != -1): null

2019-08-24 09:57:07 - [TEST_STEP][PASSED] - if (i == 3 &amp;&amp; wildList.indexOf(symbol) != -1): null

2019-08-24 09:57:07 - [TEST_STEP][PASSED] - if (i == 4 &amp;&amp; wildList.indexOf(symbol) != -1): null

2019-08-24 09:57:07 - [TEST_STEP][PASSED] - symbol = symbol: null

2019-08-24 09:57:07 - [TEST_STEP][PASSED] - println(symbol): null

2019-08-24 09:57:07 - [TEST_STEP][PASSED] - if (i == 2 &amp;&amp; wildList.indexOf(symbol) != -1): null

2019-08-24 09:57:07 - [TEST_STEP][PASSED] - if (i == 3 &amp;&amp; wildList.indexOf(symbol) != -1): null

2019-08-24 09:57:07 - [TEST_STEP][PASSED] - if (i == 4 &amp;&amp; wildList.indexOf(symbol) != -1): null

2019-08-24 09:57:07 - [TEST_STEP][PASSED] - symbol = symbol: null

2019-08-24 09:57:07 - [TEST_STEP][PASSED] - println(symbol): null

2019-08-24 09:57:07 - [TEST_STEP][PASSED] - if (i == 2 &amp;&amp; wildList.indexOf(symbol) != -1): null

2019-08-24 09:57:07 - [TEST_STEP][PASSED] - if (i == 3 &amp;&amp; wildList.indexOf(symbol) != -1): null

2019-08-24 09:57:07 - [TEST_STEP][PASSED] - if (i == 4 &amp;&amp; wildList.indexOf(symbol) != -1): null

2019-08-24 09:57:07 - [TEST_STEP][PASSED] - symbols = symbols: null

2019-08-24 09:57:07 - [TEST_STEP][PASSED] - for ([j = 0, j &lt; symbols.size(), (j++)]): null

2019-08-24 09:57:07 - [TEST_STEP][PASSED] - symbol = symbol: null

2019-08-24 09:57:07 - [TEST_STEP][PASSED] - println(symbol): null

2019-08-24 09:57:07 - [TEST_STEP][PASSED] - if (i == 2 &amp;&amp; wildList.indexOf(symbol) != -1): null

2019-08-24 09:57:07 - [TEST_STEP][PASSED] - if (i == 3 &amp;&amp; wildList.indexOf(symbol) != -1): null

2019-08-24 09:57:07 - [TEST_STEP][PASSED] - if (i == 4 &amp;&amp; wildList.indexOf(symbol) != -1): null

2019-08-24 09:57:07 - [TEST_STEP][PASSED] - symbol = symbol: null

2019-08-24 09:57:07 - [TEST_STEP][PASSED] - println(symbol): null

2019-08-24 09:57:07 - [TEST_STEP][PASSED] - if (i == 2 &amp;&amp; wildList.indexOf(symbol) != -1): null

2019-08-24 09:57:07 - [TEST_STEP][PASSED] - if (i == 3 &amp;&amp; wildList.indexOf(symbol) != -1): null

2019-08-24 09:57:07 - [TEST_STEP][PASSED] - if (i == 4 &amp;&amp; wildList.indexOf(symbol) != -1): null

2019-08-24 09:57:07 - [TEST_STEP][PASSED] - symbol = symbol: null

2019-08-24 09:57:07 - [TEST_STEP][PASSED] - println(symbol): null

2019-08-24 09:57:07 - [TEST_STEP][PASSED] - if (i == 2 &amp;&amp; wildList.indexOf(symbol) != -1): null

2019-08-24 09:57:07 - [TEST_STEP][PASSED] - if (i == 3 &amp;&amp; wildList.indexOf(symbol) != -1): null

2019-08-24 09:57:07 - [TEST_STEP][PASSED] - if (i == 4 &amp;&amp; wildList.indexOf(symbol) != -1): null

2019-08-24 09:57:07 - [TEST_STEP][PASSED] - symbols = symbols: null

2019-08-24 09:57:07 - [TEST_STEP][PASSED] - for ([j = 0, j &lt; symbols.size(), (j++)]): null

2019-08-24 09:57:07 - [TEST_STEP][PASSED] - symbol = symbol: null

2019-08-24 09:57:07 - [TEST_STEP][PASSED] - println(symbol): null

2019-08-24 09:57:07 - [TEST_STEP][PASSED] - if (i == 2 &amp;&amp; wildList.indexOf(symbol) != -1): null

2019-08-24 09:57:07 - [TEST_STEP][PASSED] - if (i == 3 &amp;&amp; wildList.indexOf(symbol) != -1): null

2019-08-24 09:57:07 - [TEST_STEP][PASSED] - if (i == 4 &amp;&amp; wildList.indexOf(symbol) != -1): null

2019-08-24 09:57:07 - [TEST_STEP][PASSED] - symbol = symbol: null

2019-08-24 09:57:07 - [TEST_STEP][PASSED] - println(symbol): null

2019-08-24 09:57:07 - [TEST_STEP][PASSED] - if (i == 2 &amp;&amp; wildList.indexOf(symbol) != -1): null

2019-08-24 09:57:07 - [TEST_STEP][PASSED] - if (i == 3 &amp;&amp; wildList.indexOf(symbol) != -1): null

2019-08-24 09:57:07 - [TEST_STEP][PASSED] - if (i == 4 &amp;&amp; wildList.indexOf(symbol) != -1): null

2019-08-24 09:57:07 - [TEST_STEP][PASSED] - symbol = symbol: null

2019-08-24 09:57:07 - [TEST_STEP][PASSED] - println(symbol): null

2019-08-24 09:57:07 - [TEST_STEP][PASSED] - if (i == 2 &amp;&amp; wildList.indexOf(symbol) != -1): null

2019-08-24 09:57:07 - [TEST_STEP][PASSED] - if (i == 3 &amp;&amp; wildList.indexOf(symbol) != -1): null

2019-08-24 09:57:07 - [TEST_STEP][PASSED] - if (i == 4 &amp;&amp; wildList.indexOf(symbol) != -1): null

2019-08-24 09:57:07 - [TEST_STEP][PASSED] - symbols = symbols: null

2019-08-24 09:57:07 - [TEST_STEP][PASSED] - for ([j = 0, j &lt; symbols.size(), (j++)]): null

2019-08-24 09:57:07 - [TEST_STEP][PASSED] - symbol = symbol: null

2019-08-24 09:57:07 - [TEST_STEP][PASSED] - println(symbol): null

2019-08-24 09:57:07 - [TEST_STEP][PASSED] - if (i == 2 &amp;&amp; wildList.indexOf(symbol) != -1): null

2019-08-24 09:57:07 - [TEST_STEP][PASSED] - if (i == 3 &amp;&amp; wildList.indexOf(symbol) != -1): null

2019-08-24 09:57:07 - [TEST_STEP][PASSED] - if (i == 4 &amp;&amp; wildList.indexOf(symbol) != -1): null

2019-08-24 09:57:07 - [TEST_STEP][PASSED] - symbol = symbol: null

2019-08-24 09:57:07 - [TEST_STEP][PASSED] - println(symbol): null

2019-08-24 09:57:07 - [TEST_STEP][PASSED] - if (i == 2 &amp;&amp; wildList.indexOf(symbol) != -1): null

2019-08-24 09:57:07 - [TEST_STEP][PASSED] - if (i == 3 &amp;&amp; wildList.indexOf(symbol) != -1): null

2019-08-24 09:57:07 - [TEST_STEP][PASSED] - if (i == 4 &amp;&amp; wildList.indexOf(symbol) != -1): null

2019-08-24 09:57:07 - [TEST_STEP][PASSED] - symbol = symbol: null

2019-08-24 09:57:07 - [TEST_STEP][PASSED] - println(symbol): null

2019-08-24 09:57:07 - [TEST_STEP][PASSED] - if (i == 2 &amp;&amp; wildList.indexOf(symbol) != -1): null

2019-08-24 09:57:07 - [TEST_STEP][PASSED] - if (i == 3 &amp;&amp; wildList.indexOf(symbol) != -1): null

2019-08-24 09:57:07 - [TEST_STEP][PASSED] - if (i == 4 &amp;&amp; wildList.indexOf(symbol) != -1): null

2019-08-24 09:57:07 - [TEST_STEP][PASSED] - free_spin_reel_counter = free_spin_reel_counter: null

2019-08-24 09:57:07 - [TEST_STEP][PASSED] - println("reel 3 wild found: " + free_spin_reel_counter[0]): null

2019-08-24 09:57:07 - [TEST_STEP][PASSED] - println("reel 4 wild found: " + free_spin_reel_counter[1]): null

2019-08-24 09:57:07 - [TEST_STEP][PASSED] - println("reel 5 wild found: " + free_spin_reel_counter[2]): null

2019-08-24 09:57:07 - [TEST_STEP][PASSED] - M4_spin_reels = M4_spin_reels: null

2019-08-24 09:57:07 - [TEST_STEP][PASSED] - M4_spin_reels_symbols = symbol: null

2019-08-24 09:57:07 - [TEST_STEP][PASSED] - M4_spin_reels_symbols = M4_spin_reels_symbols: null

2019-08-24 09:57:07 - [TEST_STEP][PASSED] - M4_spin_reel_wins = reel_wins: null

2019-08-24 09:57:07 - [TEST_STEP][PASSED] - M4_spin_reel_wins = M4_spin_reel_wins: null

2019-08-24 09:57:07 - [TEST_STEP][PASSED] - println("GlobalVariable.M4_spin_reel_wins is: " + M4_spin_reel_wins): null

2019-08-24 09:57:07 - [TEST_STEP][PASSED] - M4_spin_total_bonus_win_this_round = total_bonus_win_this_round: null

2019-08-24 09:57:07 - [TEST_STEP][PASSED] - M4_spin_total_bonus_win_this_round = M4_spin_total_bonus_win_this_round: null

2019-08-24 09:57:07 - [TEST_STEP][PASSED] - println("GlobalVariable.M4_spin_total_bonus_win_this_round is: " + M4_spin_total_bonus_win_this_round): null

2019-08-24 09:57:07 - [TEST_STEP][PASSED] - M4_spin_bonus_spin_result = spin_result: null

2019-08-24 09:57:07 - [TEST_STEP][PASSED] - M4_spin_bonus_spin_result = M4_spin_bonus_spin_result: null

2019-08-24 09:57:07 - [MESSAGE][PASSED] - Verify response successfully

2019-08-24 09:57:07 - [MESSAGE][PASSED] - Send request and verify the response successfully

2019-08-24 09:57:07 - [TEST_STEP][PASSED] - if (free_spin_reel_counter[0] &gt;= 1 &amp;&amp; free_spin_reel_counter[1] &gt;= 1 &amp;&amp; free_spin_reel_counter[2] &gt;= 1): null

2019-08-24 09:57:07 - [TEST_STEP][PASSED] - spin_result = sendRequestAndVerify(findTestObject("INT/RGS(M4)/1_M4_spin", ["M4_login_user_id":M4_login_user_id, "rgs_session_token":rgs_session_token, "partner":Partner])): Send request and verify the response successfully

2019-08-24 09:57:08 - [MESSAGE][INFO] - HAR: /Users/eiralee/Katalon_Script/SuperWild/Reports/20190824_095647/INT/superWild_1/20190824_095647/requests/main/5.har

2019-08-24 09:57:08 - [TEST_CASE][PASSED] - Start Test Case : Verification: Verification accomplished successfully

2019-08-24 09:57:08 - [TEST_STEP][PASSED] - request = getInstance().getCurrentRequest(): null

2019-08-24 09:57:08 - [TEST_STEP][PASSED] - response = getInstance().getCurrentResponse(): null

2019-08-24 09:57:08 - [TEST_STEP][PASSED] - verifyResponseStatusCode(response, 200): Verify response status code successfully

2019-08-24 09:57:08 - [MESSAGE][PASSED] - Verify response status code successfully

2019-08-24 09:57:08 - [TEST_STEP][PASSED] - getStatusCode()).isEqualTo(200): null

2019-08-24 09:57:08 - [TEST_STEP][PASSED] - newline = System.getProperty("line.separator"): null

2019-08-24 09:57:08 - [TEST_STEP][PASSED] - M4_spin = new groovy.json.JsonSlurper(): null

2019-08-24 09:57:08 - [TEST_STEP][PASSED] - result_M4_spin = M4_spin.parseText(response.getResponseBodyContent()): null

2019-08-24 09:57:08 - [TEST_STEP][PASSED] - M4_spin_current_balance = current_balance: null

2019-08-24 09:57:08 - [TEST_STEP][PASSED] - M4_spin_current_balance = M4_spin_current_balance: null

2019-08-24 09:57:08 - [TEST_STEP][PASSED] - M4_spin_transaction_id = causality: null

2019-08-24 09:57:08 - [TEST_STEP][PASSED] - M4_spin_transaction_id = M4_spin_transaction_id: null

2019-08-24 09:57:08 - [TEST_STEP][PASSED] - M4_spin_round_id = round_id: null

2019-08-24 09:57:08 - [TEST_STEP][PASSED] - M4_spin_round_id = M4_spin_round_id: null

2019-08-24 09:57:08 - [TEST_STEP][PASSED] - M4_spin_line_wins = line_wins: null

2019-08-24 09:57:08 - [TEST_STEP][PASSED] - M4_spin_line_wins = M4_spin_line_wins: null

2019-08-24 09:57:08 - [TEST_STEP][PASSED] - M4_total_bonus_spins_int = total_bonus_spins: null

2019-08-24 09:57:08 - [TEST_STEP][PASSED] - println("******M4_total_bonus_spins type is:*******" + newline + getClass().getName()): null

2019-08-24 09:57:08 - [TEST_STEP][PASSED] - M4_total_bonus_spins_int = M4_total_bonus_spins_int: null

2019-08-24 09:57:08 - [TEST_STEP][PASSED] - M4_total_bonus_spins = Integer.toString(M4_total_bonus_spins_int): null

2019-08-24 09:57:08 - [TEST_STEP][PASSED] - M4_total_bonus_spins = M4_total_bonus_spins: null

2019-08-24 09:57:08 - [TEST_STEP][PASSED] - println("M4_total_bonus_spins is:" + M4_total_bonus_spins): null

2019-08-24 09:57:08 - [TEST_STEP][PASSED] - M4_spin_bonus_data = bonus_data: null

2019-08-24 09:57:08 - [TEST_STEP][PASSED] - M4_spin_features_triggered = result_M4_spin: null

2019-08-24 09:57:08 - [TEST_STEP][PASSED] - wild = []: null

2019-08-24 09:57:08 - [TEST_STEP][PASSED] - wild[0] = "WILD_Expanding": null

2019-08-24 09:57:08 - [TEST_STEP][PASSED] - wild[1] = "WILD_Normal": null

2019-08-24 09:57:08 - [TEST_STEP][PASSED] - wild[2] = "WILD_Double": null

2019-08-24 09:57:08 - [TEST_STEP][PASSED] - wild[3] = "WILD_ExtraFG": null

2019-08-24 09:57:08 - [TEST_STEP][PASSED] - wild[4] = "WILD_Triple": null

2019-08-24 09:57:08 - [TEST_STEP][PASSED] - wildList = Arrays.asList(wild): null

2019-08-24 09:57:08 - [TEST_STEP][PASSED] - wildList = wildList: null

2019-08-24 09:57:08 - [TEST_STEP][PASSED] - free_spin_reel_counter = []: null

2019-08-24 09:57:08 - [TEST_STEP][PASSED] - free_spin_reel_counter[0] = 0: null

2019-08-24 09:57:08 - [TEST_STEP][PASSED] - free_spin_reel_counter[1] = 0: null

2019-08-24 09:57:08 - [TEST_STEP][PASSED] - free_spin_reel_counter[2] = 0: null

2019-08-24 09:57:08 - [TEST_STEP][PASSED] - M4_spin_reels = reels: null

2019-08-24 09:57:08 - [TEST_STEP][PASSED] - for ([i = 0, i &lt; M4_spin_reels.size(), (i++)]): null

2019-08-24 09:57:08 - [TEST_STEP][PASSED] - symbols = symbols: null

2019-08-24 09:57:08 - [TEST_STEP][PASSED] - for ([j = 0, j &lt; symbols.size(), (j++)]): null

2019-08-24 09:57:08 - [TEST_STEP][PASSED] - symbol = symbol: null

2019-08-24 09:57:08 - [TEST_STEP][PASSED] - println(symbol): null

2019-08-24 09:57:08 - [TEST_STEP][PASSED] - if (i == 2 &amp;&amp; wildList.indexOf(symbol) != -1): null

2019-08-24 09:57:08 - [TEST_STEP][PASSED] - if (i == 3 &amp;&amp; wildList.indexOf(symbol) != -1): null

2019-08-24 09:57:08 - [TEST_STEP][PASSED] - if (i == 4 &amp;&amp; wildList.indexOf(symbol) != -1): null

2019-08-24 09:57:08 - [TEST_STEP][PASSED] - symbol = symbol: null

2019-08-24 09:57:08 - [TEST_STEP][PASSED] - println(symbol): null

2019-08-24 09:57:08 - [TEST_STEP][PASSED] - if (i == 2 &amp;&amp; wildList.indexOf(symbol) != -1): null

2019-08-24 09:57:08 - [TEST_STEP][PASSED] - if (i == 3 &amp;&amp; wildList.indexOf(symbol) != -1): null

2019-08-24 09:57:08 - [TEST_STEP][PASSED] - if (i == 4 &amp;&amp; wildList.indexOf(symbol) != -1): null

2019-08-24 09:57:08 - [TEST_STEP][PASSED] - symbol = symbol: null

2019-08-24 09:57:08 - [TEST_STEP][PASSED] - println(symbol): null

2019-08-24 09:57:08 - [TEST_STEP][PASSED] - if (i == 2 &amp;&amp; wildList.indexOf(symbol) != -1): null

2019-08-24 09:57:08 - [TEST_STEP][PASSED] - if (i == 3 &amp;&amp; wildList.indexOf(symbol) != -1): null

2019-08-24 09:57:08 - [TEST_STEP][PASSED] - if (i == 4 &amp;&amp; wildList.indexOf(symbol) != -1): null

2019-08-24 09:57:08 - [TEST_STEP][PASSED] - symbols = symbols: null

2019-08-24 09:57:08 - [TEST_STEP][PASSED] - for ([j = 0, j &lt; symbols.size(), (j++)]): null

2019-08-24 09:57:08 - [TEST_STEP][PASSED] - symbol = symbol: null

2019-08-24 09:57:08 - [TEST_STEP][PASSED] - println(symbol): null

2019-08-24 09:57:08 - [TEST_STEP][PASSED] - if (i == 2 &amp;&amp; wildList.indexOf(symbol) != -1): null

2019-08-24 09:57:08 - [TEST_STEP][PASSED] - if (i == 3 &amp;&amp; wildList.indexOf(symbol) != -1): null

2019-08-24 09:57:08 - [TEST_STEP][PASSED] - if (i == 4 &amp;&amp; wildList.indexOf(symbol) != -1): null

2019-08-24 09:57:08 - [TEST_STEP][PASSED] - symbol = symbol: null

2019-08-24 09:57:08 - [TEST_STEP][PASSED] - println(symbol): null

2019-08-24 09:57:08 - [TEST_STEP][PASSED] - if (i == 2 &amp;&amp; wildList.indexOf(symbol) != -1): null

2019-08-24 09:57:08 - [TEST_STEP][PASSED] - if (i == 3 &amp;&amp; wildList.indexOf(symbol) != -1): null

2019-08-24 09:57:08 - [TEST_STEP][PASSED] - if (i == 4 &amp;&amp; wildList.indexOf(symbol) != -1): null

2019-08-24 09:57:08 - [TEST_STEP][PASSED] - symbol = symbol: null

2019-08-24 09:57:08 - [TEST_STEP][PASSED] - println(symbol): null

2019-08-24 09:57:08 - [TEST_STEP][PASSED] - if (i == 2 &amp;&amp; wildList.indexOf(symbol) != -1): null

2019-08-24 09:57:08 - [TEST_STEP][PASSED] - if (i == 3 &amp;&amp; wildList.indexOf(symbol) != -1): null

2019-08-24 09:57:08 - [TEST_STEP][PASSED] - if (i == 4 &amp;&amp; wildList.indexOf(symbol) != -1): null

2019-08-24 09:57:08 - [TEST_STEP][PASSED] - symbols = symbols: null

2019-08-24 09:57:08 - [TEST_STEP][PASSED] - for ([j = 0, j &lt; symbols.size(), (j++)]): null

2019-08-24 09:57:08 - [TEST_STEP][PASSED] - symbol = symbol: null

2019-08-24 09:57:08 - [TEST_STEP][PASSED] - println(symbol): null

2019-08-24 09:57:08 - [TEST_STEP][PASSED] - if (i == 2 &amp;&amp; wildList.indexOf(symbol) != -1): null

2019-08-24 09:57:08 - [TEST_STEP][PASSED] - println("wild found on reel 3, adding counter by 1"): null

2019-08-24 09:57:08 - [TEST_STEP][PASSED] - free_spin_reel_counter[0] = free_spin_reel_counter[0] + 1: null

2019-08-24 09:57:08 - [TEST_STEP][PASSED] - if (i == 3 &amp;&amp; wildList.indexOf(symbol) != -1): null

2019-08-24 09:57:08 - [TEST_STEP][PASSED] - if (i == 4 &amp;&amp; wildList.indexOf(symbol) != -1): null

2019-08-24 09:57:08 - [TEST_STEP][PASSED] - symbol = symbol: null

2019-08-24 09:57:08 - [TEST_STEP][PASSED] - println(symbol): null

2019-08-24 09:57:08 - [TEST_STEP][PASSED] - if (i == 2 &amp;&amp; wildList.indexOf(symbol) != -1): null

2019-08-24 09:57:08 - [TEST_STEP][PASSED] - if (i == 3 &amp;&amp; wildList.indexOf(symbol) != -1): null

2019-08-24 09:57:08 - [TEST_STEP][PASSED] - if (i == 4 &amp;&amp; wildList.indexOf(symbol) != -1): null

2019-08-24 09:57:08 - [TEST_STEP][PASSED] - symbol = symbol: null

2019-08-24 09:57:08 - [TEST_STEP][PASSED] - println(symbol): null

2019-08-24 09:57:08 - [TEST_STEP][PASSED] - if (i == 2 &amp;&amp; wildList.indexOf(symbol) != -1): null

2019-08-24 09:57:08 - [TEST_STEP][PASSED] - if (i == 3 &amp;&amp; wildList.indexOf(symbol) != -1): null

2019-08-24 09:57:08 - [TEST_STEP][PASSED] - if (i == 4 &amp;&amp; wildList.indexOf(symbol) != -1): null

2019-08-24 09:57:08 - [TEST_STEP][PASSED] - symbols = symbols: null

2019-08-24 09:57:08 - [TEST_STEP][PASSED] - for ([j = 0, j &lt; symbols.size(), (j++)]): null

2019-08-24 09:57:08 - [TEST_STEP][PASSED] - symbol = symbol: null

2019-08-24 09:57:08 - [TEST_STEP][PASSED] - println(symbol): null

2019-08-24 09:57:08 - [TEST_STEP][PASSED] - if (i == 2 &amp;&amp; wildList.indexOf(symbol) != -1): null

2019-08-24 09:57:08 - [TEST_STEP][PASSED] - if (i == 3 &amp;&amp; wildList.indexOf(symbol) != -1): null

2019-08-24 09:57:08 - [TEST_STEP][PASSED] - if (i == 4 &amp;&amp; wildList.indexOf(symbol) != -1): null

2019-08-24 09:57:08 - [TEST_STEP][PASSED] - symbol = symbol: null

2019-08-24 09:57:08 - [TEST_STEP][PASSED] - println(symbol): null

2019-08-24 09:57:08 - [TEST_STEP][PASSED] - if (i == 2 &amp;&amp; wildList.indexOf(symbol) != -1): null

2019-08-24 09:57:08 - [TEST_STEP][PASSED] - if (i == 3 &amp;&amp; wildList.indexOf(symbol) != -1): null

2019-08-24 09:57:08 - [TEST_STEP][PASSED] - if (i == 4 &amp;&amp; wildList.indexOf(symbol) != -1): null

2019-08-24 09:57:08 - [TEST_STEP][PASSED] - symbol = symbol: null

2019-08-24 09:57:08 - [TEST_STEP][PASSED] - println(symbol): null

2019-08-24 09:57:08 - [TEST_STEP][PASSED] - if (i == 2 &amp;&amp; wildList.indexOf(symbol) != -1): null

2019-08-24 09:57:08 - [TEST_STEP][PASSED] - if (i == 3 &amp;&amp; wildList.indexOf(symbol) != -1): null

2019-08-24 09:57:08 - [TEST_STEP][PASSED] - println("wild found on reel 4, adding counter by 1"): null

2019-08-24 09:57:08 - [TEST_STEP][PASSED] - free_spin_reel_counter[1] = free_spin_reel_counter[1] + 1: null

2019-08-24 09:57:08 - [TEST_STEP][PASSED] - if (i == 4 &amp;&amp; wildList.indexOf(symbol) != -1): null

2019-08-24 09:57:08 - [TEST_STEP][PASSED] - symbols = symbols: null

2019-08-24 09:57:08 - [TEST_STEP][PASSED] - for ([j = 0, j &lt; symbols.size(), (j++)]): null

2019-08-24 09:57:08 - [TEST_STEP][PASSED] - symbol = symbol: null

2019-08-24 09:57:08 - [TEST_STEP][PASSED] - println(symbol): null

2019-08-24 09:57:08 - [TEST_STEP][PASSED] - if (i == 2 &amp;&amp; wildList.indexOf(symbol) != -1): null

2019-08-24 09:57:08 - [TEST_STEP][PASSED] - if (i == 3 &amp;&amp; wildList.indexOf(symbol) != -1): null

2019-08-24 09:57:08 - [TEST_STEP][PASSED] - if (i == 4 &amp;&amp; wildList.indexOf(symbol) != -1): null

2019-08-24 09:57:08 - [TEST_STEP][PASSED] - symbol = symbol: null

2019-08-24 09:57:08 - [TEST_STEP][PASSED] - println(symbol): null

2019-08-24 09:57:08 - [TEST_STEP][PASSED] - if (i == 2 &amp;&amp; wildList.indexOf(symbol) != -1): null

2019-08-24 09:57:08 - [TEST_STEP][PASSED] - if (i == 3 &amp;&amp; wildList.indexOf(symbol) != -1): null

2019-08-24 09:57:08 - [TEST_STEP][PASSED] - if (i == 4 &amp;&amp; wildList.indexOf(symbol) != -1): null

2019-08-24 09:57:08 - [TEST_STEP][PASSED] - symbol = symbol: null

2019-08-24 09:57:08 - [TEST_STEP][PASSED] - println(symbol): null

2019-08-24 09:57:08 - [TEST_STEP][PASSED] - if (i == 2 &amp;&amp; wildList.indexOf(symbol) != -1): null

2019-08-24 09:57:08 - [TEST_STEP][PASSED] - if (i == 3 &amp;&amp; wildList.indexOf(symbol) != -1): null

2019-08-24 09:57:08 - [TEST_STEP][PASSED] - if (i == 4 &amp;&amp; wildList.indexOf(symbol) != -1): null

2019-08-24 09:57:08 - [TEST_STEP][PASSED] - free_spin_reel_counter = free_spin_reel_counter: null

2019-08-24 09:57:08 - [TEST_STEP][PASSED] - println("reel 3 wild found: " + free_spin_reel_counter[0]): null

2019-08-24 09:57:08 - [TEST_STEP][PASSED] - println("reel 4 wild found: " + free_spin_reel_counter[1]): null

2019-08-24 09:57:08 - [TEST_STEP][PASSED] - println("reel 5 wild found: " + free_spin_reel_counter[2]): null

2019-08-24 09:57:08 - [TEST_STEP][PASSED] - M4_spin_reels = M4_spin_reels: null

2019-08-24 09:57:08 - [TEST_STEP][PASSED] - M4_spin_reels_symbols = symbol: null

2019-08-24 09:57:08 - [TEST_STEP][PASSED] - M4_spin_reels_symbols = M4_spin_reels_symbols: null

2019-08-24 09:57:08 - [TEST_STEP][PASSED] - M4_spin_reel_wins = reel_wins: null

2019-08-24 09:57:08 - [TEST_STEP][PASSED] - M4_spin_reel_wins = M4_spin_reel_wins: null

2019-08-24 09:57:08 - [TEST_STEP][PASSED] - println("GlobalVariable.M4_spin_reel_wins is: " + M4_spin_reel_wins): null

2019-08-24 09:57:08 - [TEST_STEP][PASSED] - M4_spin_total_bonus_win_this_round = total_bonus_win_this_round: null

2019-08-24 09:57:08 - [TEST_STEP][PASSED] - M4_spin_total_bonus_win_this_round = M4_spin_total_bonus_win_this_round: null

2019-08-24 09:57:08 - [TEST_STEP][PASSED] - println("GlobalVariable.M4_spin_total_bonus_win_this_round is: " + M4_spin_total_bonus_win_this_round): null

2019-08-24 09:57:08 - [TEST_STEP][PASSED] - M4_spin_bonus_spin_result = spin_result: null

2019-08-24 09:57:08 - [TEST_STEP][PASSED] - M4_spin_bonus_spin_result = M4_spin_bonus_spin_result: null

2019-08-24 09:57:08 - [MESSAGE][PASSED] - Verify response successfully

2019-08-24 09:57:08 - [MESSAGE][PASSED] - Send request and verify the response successfully

2019-08-24 09:57:08 - [TEST_STEP][PASSED] - if (free_spin_reel_counter[0] &gt;= 1 &amp;&amp; free_spin_reel_counter[1] &gt;= 1 &amp;&amp; free_spin_reel_counter[2] &gt;= 1): null

2019-08-24 09:57:08 - [TEST_STEP][PASSED] - spin_result = sendRequestAndVerify(findTestObject("INT/RGS(M4)/1_M4_spin", ["M4_login_user_id":M4_login_user_id, "rgs_session_token":rgs_session_token, "partner":Partner])): Send request and verify the response successfully

2019-08-24 09:57:08 - [MESSAGE][INFO] - HAR: /Users/eiralee/Katalon_Script/SuperWild/Reports/20190824_095647/INT/superWild_1/20190824_095647/requests/main/6.har

2019-08-24 09:57:08 - [TEST_CASE][PASSED] - Start Test Case : Verification: Verification accomplished successfully

2019-08-24 09:57:08 - [TEST_STEP][PASSED] - request = getInstance().getCurrentRequest(): null

2019-08-24 09:57:09 - [TEST_STEP][PASSED] - response = getInstance().getCurrentResponse(): null

2019-08-24 09:57:09 - [TEST_STEP][PASSED] - verifyResponseStatusCode(response, 200): Verify response status code successfully

2019-08-24 09:57:09 - [MESSAGE][PASSED] - Verify response status code successfully

2019-08-24 09:57:09 - [TEST_STEP][PASSED] - getStatusCode()).isEqualTo(200): null

2019-08-24 09:57:09 - [TEST_STEP][PASSED] - newline = System.getProperty("line.separator"): null

2019-08-24 09:57:09 - [TEST_STEP][PASSED] - M4_spin = new groovy.json.JsonSlurper(): null

2019-08-24 09:57:09 - [TEST_STEP][PASSED] - result_M4_spin = M4_spin.parseText(response.getResponseBodyContent()): null

2019-08-24 09:57:09 - [TEST_STEP][PASSED] - M4_spin_current_balance = current_balance: null

2019-08-24 09:57:09 - [TEST_STEP][PASSED] - M4_spin_current_balance = M4_spin_current_balance: null

2019-08-24 09:57:09 - [TEST_STEP][PASSED] - M4_spin_transaction_id = causality: null

2019-08-24 09:57:09 - [TEST_STEP][PASSED] - M4_spin_transaction_id = M4_spin_transaction_id: null

2019-08-24 09:57:09 - [TEST_STEP][PASSED] - M4_spin_round_id = round_id: null

2019-08-24 09:57:09 - [TEST_STEP][PASSED] - M4_spin_round_id = M4_spin_round_id: null

2019-08-24 09:57:09 - [TEST_STEP][PASSED] - M4_spin_line_wins = line_wins: null

2019-08-24 09:57:09 - [TEST_STEP][PASSED] - M4_spin_line_wins = M4_spin_line_wins: null

2019-08-24 09:57:09 - [TEST_STEP][PASSED] - M4_total_bonus_spins_int = total_bonus_spins: null

2019-08-24 09:57:09 - [TEST_STEP][PASSED] - println("******M4_total_bonus_spins type is:*******" + newline + getClass().getName()): null

2019-08-24 09:57:09 - [TEST_STEP][PASSED] - M4_total_bonus_spins_int = M4_total_bonus_spins_int: null

2019-08-24 09:57:09 - [TEST_STEP][PASSED] - M4_total_bonus_spins = Integer.toString(M4_total_bonus_spins_int): null

2019-08-24 09:57:09 - [TEST_STEP][PASSED] - M4_total_bonus_spins = M4_total_bonus_spins: null

2019-08-24 09:57:09 - [TEST_STEP][PASSED] - println("M4_total_bonus_spins is:" + M4_total_bonus_spins): null

2019-08-24 09:57:09 - [TEST_STEP][PASSED] - M4_spin_bonus_data = bonus_data: null

2019-08-24 09:57:09 - [TEST_STEP][PASSED] - M4_spin_features_triggered = result_M4_spin: null

2019-08-24 09:57:09 - [TEST_STEP][PASSED] - wild = []: null

2019-08-24 09:57:09 - [TEST_STEP][PASSED] - wild[0] = "WILD_Expanding": null

2019-08-24 09:57:09 - [TEST_STEP][PASSED] - wild[1] = "WILD_Normal": null

2019-08-24 09:57:09 - [TEST_STEP][PASSED] - wild[2] = "WILD_Double": null

2019-08-24 09:57:09 - [TEST_STEP][PASSED] - wild[3] = "WILD_ExtraFG": null

2019-08-24 09:57:09 - [TEST_STEP][PASSED] - wild[4] = "WILD_Triple": null

2019-08-24 09:57:09 - [TEST_STEP][PASSED] - wildList = Arrays.asList(wild): null

2019-08-24 09:57:09 - [TEST_STEP][PASSED] - wildList = wildList: null

2019-08-24 09:57:09 - [TEST_STEP][PASSED] - free_spin_reel_counter = []: null

2019-08-24 09:57:09 - [TEST_STEP][PASSED] - free_spin_reel_counter[0] = 0: null

2019-08-24 09:57:09 - [TEST_STEP][PASSED] - free_spin_reel_counter[1] = 0: null

2019-08-24 09:57:09 - [TEST_STEP][PASSED] - free_spin_reel_counter[2] = 0: null

2019-08-24 09:57:09 - [TEST_STEP][PASSED] - M4_spin_reels = reels: null

2019-08-24 09:57:09 - [TEST_STEP][PASSED] - for ([i = 0, i &lt; M4_spin_reels.size(), (i++)]): null

2019-08-24 09:57:09 - [TEST_STEP][PASSED] - symbols = symbols: null

2019-08-24 09:57:09 - [TEST_STEP][PASSED] - for ([j = 0, j &lt; symbols.size(), (j++)]): null

2019-08-24 09:57:09 - [TEST_STEP][PASSED] - symbol = symbol: null

2019-08-24 09:57:09 - [TEST_STEP][PASSED] - println(symbol): null

2019-08-24 09:57:09 - [TEST_STEP][PASSED] - if (i == 2 &amp;&amp; wildList.indexOf(symbol) != -1): null

2019-08-24 09:57:09 - [TEST_STEP][PASSED] - if (i == 3 &amp;&amp; wildList.indexOf(symbol) != -1): null

2019-08-24 09:57:09 - [TEST_STEP][PASSED] - if (i == 4 &amp;&amp; wildList.indexOf(symbol) != -1): null

2019-08-24 09:57:09 - [TEST_STEP][PASSED] - symbol = symbol: null

2019-08-24 09:57:09 - [TEST_STEP][PASSED] - println(symbol): null

2019-08-24 09:57:09 - [TEST_STEP][PASSED] - if (i == 2 &amp;&amp; wildList.indexOf(symbol) != -1): null

2019-08-24 09:57:09 - [TEST_STEP][PASSED] - if (i == 3 &amp;&amp; wildList.indexOf(symbol) != -1): null

2019-08-24 09:57:09 - [TEST_STEP][PASSED] - if (i == 4 &amp;&amp; wildList.indexOf(symbol) != -1): null

2019-08-24 09:57:09 - [TEST_STEP][PASSED] - symbol = symbol: null

2019-08-24 09:57:09 - [TEST_STEP][PASSED] - println(symbol): null

2019-08-24 09:57:09 - [TEST_STEP][PASSED] - if (i == 2 &amp;&amp; wildList.indexOf(symbol) != -1): null

2019-08-24 09:57:09 - [TEST_STEP][PASSED] - if (i == 3 &amp;&amp; wildList.indexOf(symbol) != -1): null

2019-08-24 09:57:09 - [TEST_STEP][PASSED] - if (i == 4 &amp;&amp; wildList.indexOf(symbol) != -1): null

2019-08-24 09:57:09 - [TEST_STEP][PASSED] - symbols = symbols: null

2019-08-24 09:57:09 - [TEST_STEP][PASSED] - for ([j = 0, j &lt; symbols.size(), (j++)]): null

2019-08-24 09:57:09 - [TEST_STEP][PASSED] - symbol = symbol: null

2019-08-24 09:57:09 - [TEST_STEP][PASSED] - println(symbol): null

2019-08-24 09:57:09 - [TEST_STEP][PASSED] - if (i == 2 &amp;&amp; wildList.indexOf(symbol) != -1): null

2019-08-24 09:57:09 - [TEST_STEP][PASSED] - if (i == 3 &amp;&amp; wildList.indexOf(symbol) != -1): null

2019-08-24 09:57:09 - [TEST_STEP][PASSED] - if (i == 4 &amp;&amp; wildList.indexOf(symbol) != -1): null

2019-08-24 09:57:09 - [TEST_STEP][PASSED] - symbol = symbol: null

2019-08-24 09:57:09 - [TEST_STEP][PASSED] - println(symbol): null

2019-08-24 09:57:09 - [TEST_STEP][PASSED] - if (i == 2 &amp;&amp; wildList.indexOf(symbol) != -1): null

2019-08-24 09:57:09 - [TEST_STEP][PASSED] - if (i == 3 &amp;&amp; wildList.indexOf(symbol) != -1): null

2019-08-24 09:57:09 - [TEST_STEP][PASSED] - if (i == 4 &amp;&amp; wildList.indexOf(symbol) != -1): null

2019-08-24 09:57:09 - [TEST_STEP][PASSED] - symbol = symbol: null

2019-08-24 09:57:09 - [TEST_STEP][PASSED] - println(symbol): null

2019-08-24 09:57:09 - [TEST_STEP][PASSED] - if (i == 2 &amp;&amp; wildList.indexOf(symbol) != -1): null

2019-08-24 09:57:09 - [TEST_STEP][PASSED] - if (i == 3 &amp;&amp; wildList.indexOf(symbol) != -1): null

2019-08-24 09:57:09 - [TEST_STEP][PASSED] - if (i == 4 &amp;&amp; wildList.indexOf(symbol) != -1): null

2019-08-24 09:57:09 - [TEST_STEP][PASSED] - symbols = symbols: null

2019-08-24 09:57:09 - [TEST_STEP][PASSED] - for ([j = 0, j &lt; symbols.size(), (j++)]): null

2019-08-24 09:57:09 - [TEST_STEP][PASSED] - symbol = symbol: null

2019-08-24 09:57:09 - [TEST_STEP][PASSED] - println(symbol): null

2019-08-24 09:57:09 - [TEST_STEP][PASSED] - if (i == 2 &amp;&amp; wildList.indexOf(symbol) != -1): null

2019-08-24 09:57:09 - [TEST_STEP][PASSED] - if (i == 3 &amp;&amp; wildList.indexOf(symbol) != -1): null

2019-08-24 09:57:09 - [TEST_STEP][PASSED] - if (i == 4 &amp;&amp; wildList.indexOf(symbol) != -1): null

2019-08-24 09:57:09 - [TEST_STEP][PASSED] - symbol = symbol: null

2019-08-24 09:57:09 - [TEST_STEP][PASSED] - println(symbol): null

2019-08-24 09:57:09 - [TEST_STEP][PASSED] - if (i == 2 &amp;&amp; wildList.indexOf(symbol) != -1): null

2019-08-24 09:57:09 - [TEST_STEP][PASSED] - println("wild found on reel 3, adding counter by 1"): null

2019-08-24 09:57:09 - [TEST_STEP][PASSED] - free_spin_reel_counter[0] = free_spin_reel_counter[0] + 1: null

2019-08-24 09:57:09 - [TEST_STEP][PASSED] - if (i == 3 &amp;&amp; wildList.indexOf(symbol) != -1): null

2019-08-24 09:57:09 - [TEST_STEP][PASSED] - if (i == 4 &amp;&amp; wildList.indexOf(symbol) != -1): null

2019-08-24 09:57:09 - [TEST_STEP][PASSED] - symbol = symbol: null

2019-08-24 09:57:09 - [TEST_STEP][PASSED] - println(symbol): null

2019-08-24 09:57:09 - [TEST_STEP][PASSED] - if (i == 2 &amp;&amp; wildList.indexOf(symbol) != -1): null

2019-08-24 09:57:09 - [TEST_STEP][PASSED] - if (i == 3 &amp;&amp; wildList.indexOf(symbol) != -1): null

2019-08-24 09:57:09 - [TEST_STEP][PASSED] - if (i == 4 &amp;&amp; wildList.indexOf(symbol) != -1): null

2019-08-24 09:57:09 - [TEST_STEP][PASSED] - symbols = symbols: null

2019-08-24 09:57:09 - [TEST_STEP][PASSED] - for ([j = 0, j &lt; symbols.size(), (j++)]): null

2019-08-24 09:57:09 - [TEST_STEP][PASSED] - symbol = symbol: null

2019-08-24 09:57:09 - [TEST_STEP][PASSED] - println(symbol): null

2019-08-24 09:57:09 - [TEST_STEP][PASSED] - if (i == 2 &amp;&amp; wildList.indexOf(symbol) != -1): null

2019-08-24 09:57:09 - [TEST_STEP][PASSED] - if (i == 3 &amp;&amp; wildList.indexOf(symbol) != -1): null

2019-08-24 09:57:09 - [TEST_STEP][PASSED] - if (i == 4 &amp;&amp; wildList.indexOf(symbol) != -1): null

2019-08-24 09:57:09 - [TEST_STEP][PASSED] - symbol = symbol: null

2019-08-24 09:57:09 - [TEST_STEP][PASSED] - println(symbol): null

2019-08-24 09:57:09 - [TEST_STEP][PASSED] - if (i == 2 &amp;&amp; wildList.indexOf(symbol) != -1): null

2019-08-24 09:57:09 - [TEST_STEP][PASSED] - if (i == 3 &amp;&amp; wildList.indexOf(symbol) != -1): null

2019-08-24 09:57:09 - [TEST_STEP][PASSED] - if (i == 4 &amp;&amp; wildList.indexOf(symbol) != -1): null

2019-08-24 09:57:09 - [TEST_STEP][PASSED] - symbol = symbol: null

2019-08-24 09:57:09 - [TEST_STEP][PASSED] - println(symbol): null

2019-08-24 09:57:09 - [TEST_STEP][PASSED] - if (i == 2 &amp;&amp; wildList.indexOf(symbol) != -1): null

2019-08-24 09:57:09 - [TEST_STEP][PASSED] - if (i == 3 &amp;&amp; wildList.indexOf(symbol) != -1): null

2019-08-24 09:57:09 - [TEST_STEP][PASSED] - if (i == 4 &amp;&amp; wildList.indexOf(symbol) != -1): null

2019-08-24 09:57:09 - [TEST_STEP][PASSED] - symbols = symbols: null

2019-08-24 09:57:09 - [TEST_STEP][PASSED] - for ([j = 0, j &lt; symbols.size(), (j++)]): null

2019-08-24 09:57:09 - [TEST_STEP][PASSED] - symbol = symbol: null

2019-08-24 09:57:09 - [TEST_STEP][PASSED] - println(symbol): null

2019-08-24 09:57:09 - [TEST_STEP][PASSED] - if (i == 2 &amp;&amp; wildList.indexOf(symbol) != -1): null

2019-08-24 09:57:09 - [TEST_STEP][PASSED] - if (i == 3 &amp;&amp; wildList.indexOf(symbol) != -1): null

2019-08-24 09:57:09 - [TEST_STEP][PASSED] - if (i == 4 &amp;&amp; wildList.indexOf(symbol) != -1): null

2019-08-24 09:57:09 - [TEST_STEP][PASSED] - println("wild found on reel 5, adding counter by 1"): null

2019-08-24 09:57:09 - [TEST_STEP][PASSED] - free_spin_reel_counter[2] = free_spin_reel_counter[2] + 1: null

2019-08-24 09:57:09 - [TEST_STEP][PASSED] - symbol = symbol: null

2019-08-24 09:57:09 - [TEST_STEP][PASSED] - println(symbol): null

2019-08-24 09:57:09 - [TEST_STEP][PASSED] - if (i == 2 &amp;&amp; wildList.indexOf(symbol) != -1): null

2019-08-24 09:57:09 - [TEST_STEP][PASSED] - if (i == 3 &amp;&amp; wildList.indexOf(symbol) != -1): null

2019-08-24 09:57:09 - [TEST_STEP][PASSED] - if (i == 4 &amp;&amp; wildList.indexOf(symbol) != -1): null

2019-08-24 09:57:09 - [TEST_STEP][PASSED] - symbol = symbol: null

2019-08-24 09:57:09 - [TEST_STEP][PASSED] - println(symbol): null

2019-08-24 09:57:09 - [TEST_STEP][PASSED] - if (i == 2 &amp;&amp; wildList.indexOf(symbol) != -1): null

2019-08-24 09:57:09 - [TEST_STEP][PASSED] - if (i == 3 &amp;&amp; wildList.indexOf(symbol) != -1): null

2019-08-24 09:57:09 - [TEST_STEP][PASSED] - if (i == 4 &amp;&amp; wildList.indexOf(symbol) != -1): null

2019-08-24 09:57:09 - [TEST_STEP][PASSED] - free_spin_reel_counter = free_spin_reel_counter: null

2019-08-24 09:57:09 - [TEST_STEP][PASSED] - println("reel 3 wild found: " + free_spin_reel_counter[0]): null

2019-08-24 09:57:09 - [TEST_STEP][PASSED] - println("reel 4 wild found: " + free_spin_reel_counter[1]): null

2019-08-24 09:57:09 - [TEST_STEP][PASSED] - println("reel 5 wild found: " + free_spin_reel_counter[2]): null

2019-08-24 09:57:09 - [TEST_STEP][PASSED] - M4_spin_reels = M4_spin_reels: null

2019-08-24 09:57:09 - [TEST_STEP][PASSED] - M4_spin_reels_symbols = symbol: null

2019-08-24 09:57:09 - [TEST_STEP][PASSED] - M4_spin_reels_symbols = M4_spin_reels_symbols: null

2019-08-24 09:57:09 - [TEST_STEP][PASSED] - M4_spin_reel_wins = reel_wins: null

2019-08-24 09:57:09 - [TEST_STEP][PASSED] - M4_spin_reel_wins = M4_spin_reel_wins: null

2019-08-24 09:57:09 - [TEST_STEP][PASSED] - println("GlobalVariable.M4_spin_reel_wins is: " + M4_spin_reel_wins): null

2019-08-24 09:57:09 - [TEST_STEP][PASSED] - M4_spin_total_bonus_win_this_round = total_bonus_win_this_round: null

2019-08-24 09:57:09 - [TEST_STEP][PASSED] - M4_spin_total_bonus_win_this_round = M4_spin_total_bonus_win_this_round: null

2019-08-24 09:57:09 - [TEST_STEP][PASSED] - println("GlobalVariable.M4_spin_total_bonus_win_this_round is: " + M4_spin_total_bonus_win_this_round): null

2019-08-24 09:57:09 - [TEST_STEP][PASSED] - M4_spin_bonus_spin_result = spin_result: null

2019-08-24 09:57:09 - [TEST_STEP][PASSED] - M4_spin_bonus_spin_result = M4_spin_bonus_spin_result: null

2019-08-24 09:57:09 - [MESSAGE][PASSED] - Verify response successfully

2019-08-24 09:57:09 - [MESSAGE][PASSED] - Send request and verify the response successfully

2019-08-24 09:57:09 - [TEST_STEP][PASSED] - if (free_spin_reel_counter[0] &gt;= 1 &amp;&amp; free_spin_reel_counter[1] &gt;= 1 &amp;&amp; free_spin_reel_counter[2] &gt;= 1): null

2019-08-24 09:57:09 - [TEST_STEP][PASSED] - spin_result = sendRequestAndVerify(findTestObject("INT/RGS(M4)/1_M4_spin", ["M4_login_user_id":M4_login_user_id, "rgs_session_token":rgs_session_token, "partner":Partner])): Send request and verify the response successfully

2019-08-24 09:57:09 - [MESSAGE][INFO] - HAR: /Users/eiralee/Katalon_Script/SuperWild/Reports/20190824_095647/INT/superWild_1/20190824_095647/requests/main/7.har

2019-08-24 09:57:09 - [TEST_CASE][PASSED] - Start Test Case : Verification: Verification accomplished successfully

2019-08-24 09:57:09 - [TEST_STEP][PASSED] - request = getInstance().getCurrentRequest(): null

2019-08-24 09:57:09 - [TEST_STEP][PASSED] - response = getInstance().getCurrentResponse(): null

2019-08-24 09:57:09 - [TEST_STEP][PASSED] - verifyResponseStatusCode(response, 200): Verify response status code successfully

2019-08-24 09:57:09 - [MESSAGE][PASSED] - Verify response status code successfully

2019-08-24 09:57:09 - [TEST_STEP][PASSED] - getStatusCode()).isEqualTo(200): null

2019-08-24 09:57:09 - [TEST_STEP][PASSED] - newline = System.getProperty("line.separator"): null

2019-08-24 09:57:09 - [TEST_STEP][PASSED] - M4_spin = new groovy.json.JsonSlurper(): null

2019-08-24 09:57:09 - [TEST_STEP][PASSED] - result_M4_spin = M4_spin.parseText(response.getResponseBodyContent()): null

2019-08-24 09:57:09 - [TEST_STEP][PASSED] - M4_spin_current_balance = current_balance: null

2019-08-24 09:57:09 - [TEST_STEP][PASSED] - M4_spin_current_balance = M4_spin_current_balance: null

2019-08-24 09:57:09 - [TEST_STEP][PASSED] - M4_spin_transaction_id = causality: null

2019-08-24 09:57:09 - [TEST_STEP][PASSED] - M4_spin_transaction_id = M4_spin_transaction_id: null

2019-08-24 09:57:09 - [TEST_STEP][PASSED] - M4_spin_round_id = round_id: null

2019-08-24 09:57:09 - [TEST_STEP][PASSED] - M4_spin_round_id = M4_spin_round_id: null

2019-08-24 09:57:09 - [TEST_STEP][PASSED] - M4_spin_line_wins = line_wins: null

2019-08-24 09:57:09 - [TEST_STEP][PASSED] - M4_spin_line_wins = M4_spin_line_wins: null

2019-08-24 09:57:09 - [TEST_STEP][PASSED] - M4_total_bonus_spins_int = total_bonus_spins: null

2019-08-24 09:57:09 - [TEST_STEP][PASSED] - println("******M4_total_bonus_spins type is:*******" + newline + getClass().getName()): null

2019-08-24 09:57:09 - [TEST_STEP][PASSED] - M4_total_bonus_spins_int = M4_total_bonus_spins_int: null

2019-08-24 09:57:09 - [TEST_STEP][PASSED] - M4_total_bonus_spins = Integer.toString(M4_total_bonus_spins_int): null

2019-08-24 09:57:09 - [TEST_STEP][PASSED] - M4_total_bonus_spins = M4_total_bonus_spins: null

2019-08-24 09:57:09 - [TEST_STEP][PASSED] - println("M4_total_bonus_spins is:" + M4_total_bonus_spins): null

2019-08-24 09:57:09 - [TEST_STEP][PASSED] - M4_spin_bonus_data = bonus_data: null

2019-08-24 09:57:09 - [TEST_STEP][PASSED] - M4_spin_features_triggered = result_M4_spin: null

2019-08-24 09:57:09 - [TEST_STEP][PASSED] - wild = []: null

2019-08-24 09:57:09 - [TEST_STEP][PASSED] - wild[0] = "WILD_Expanding": null

2019-08-24 09:57:09 - [TEST_STEP][PASSED] - wild[1] = "WILD_Normal": null

2019-08-24 09:57:09 - [TEST_STEP][PASSED] - wild[2] = "WILD_Double": null

2019-08-24 09:57:09 - [TEST_STEP][PASSED] - wild[3] = "WILD_ExtraFG": null

2019-08-24 09:57:09 - [TEST_STEP][PASSED] - wild[4] = "WILD_Triple": null

2019-08-24 09:57:09 - [TEST_STEP][PASSED] - wildList = Arrays.asList(wild): null

2019-08-24 09:57:09 - [TEST_STEP][PASSED] - wildList = wildList: null

2019-08-24 09:57:09 - [TEST_STEP][PASSED] - free_spin_reel_counter = []: null

2019-08-24 09:57:09 - [TEST_STEP][PASSED] - free_spin_reel_counter[0] = 0: null

2019-08-24 09:57:09 - [TEST_STEP][PASSED] - free_spin_reel_counter[1] = 0: null

2019-08-24 09:57:09 - [TEST_STEP][PASSED] - free_spin_reel_counter[2] = 0: null

2019-08-24 09:57:09 - [TEST_STEP][PASSED] - M4_spin_reels = reels: null

2019-08-24 09:57:09 - [TEST_STEP][PASSED] - for ([i = 0, i &lt; M4_spin_reels.size(), (i++)]): null

2019-08-24 09:57:09 - [TEST_STEP][PASSED] - symbols = symbols: null

2019-08-24 09:57:09 - [TEST_STEP][PASSED] - for ([j = 0, j &lt; symbols.size(), (j++)]): null

2019-08-24 09:57:09 - [TEST_STEP][PASSED] - symbol = symbol: null

2019-08-24 09:57:09 - [TEST_STEP][PASSED] - println(symbol): null

2019-08-24 09:57:09 - [TEST_STEP][PASSED] - if (i == 2 &amp;&amp; wildList.indexOf(symbol) != -1): null

2019-08-24 09:57:09 - [TEST_STEP][PASSED] - if (i == 3 &amp;&amp; wildList.indexOf(symbol) != -1): null

2019-08-24 09:57:09 - [TEST_STEP][PASSED] - if (i == 4 &amp;&amp; wildList.indexOf(symbol) != -1): null

2019-08-24 09:57:09 - [TEST_STEP][PASSED] - symbol = symbol: null

2019-08-24 09:57:09 - [TEST_STEP][PASSED] - println(symbol): null

2019-08-24 09:57:09 - [TEST_STEP][PASSED] - if (i == 2 &amp;&amp; wildList.indexOf(symbol) != -1): null

2019-08-24 09:57:09 - [TEST_STEP][PASSED] - if (i == 3 &amp;&amp; wildList.indexOf(symbol) != -1): null

2019-08-24 09:57:09 - [TEST_STEP][PASSED] - if (i == 4 &amp;&amp; wildList.indexOf(symbol) != -1): null

2019-08-24 09:57:09 - [TEST_STEP][PASSED] - symbol = symbol: null

2019-08-24 09:57:09 - [TEST_STEP][PASSED] - println(symbol): null

2019-08-24 09:57:09 - [TEST_STEP][PASSED] - if (i == 2 &amp;&amp; wildList.indexOf(symbol) != -1): null

2019-08-24 09:57:09 - [TEST_STEP][PASSED] - if (i == 3 &amp;&amp; wildList.indexOf(symbol) != -1): null

2019-08-24 09:57:09 - [TEST_STEP][PASSED] - if (i == 4 &amp;&amp; wildList.indexOf(symbol) != -1): null

2019-08-24 09:57:09 - [TEST_STEP][PASSED] - symbols = symbols: null

2019-08-24 09:57:09 - [TEST_STEP][PASSED] - for ([j = 0, j &lt; symbols.size(), (j++)]): null

2019-08-24 09:57:09 - [TEST_STEP][PASSED] - symbol = symbol: null

2019-08-24 09:57:09 - [TEST_STEP][PASSED] - println(symbol): null

2019-08-24 09:57:09 - [TEST_STEP][PASSED] - if (i == 2 &amp;&amp; wildList.indexOf(symbol) != -1): null

2019-08-24 09:57:09 - [TEST_STEP][PASSED] - if (i == 3 &amp;&amp; wildList.indexOf(symbol) != -1): null

2019-08-24 09:57:09 - [TEST_STEP][PASSED] - if (i == 4 &amp;&amp; wildList.indexOf(symbol) != -1): null

2019-08-24 09:57:09 - [TEST_STEP][PASSED] - symbol = symbol: null

2019-08-24 09:57:09 - [TEST_STEP][PASSED] - println(symbol): null

2019-08-24 09:57:09 - [TEST_STEP][PASSED] - if (i == 2 &amp;&amp; wildList.indexOf(symbol) != -1): null

2019-08-24 09:57:09 - [TEST_STEP][PASSED] - if (i == 3 &amp;&amp; wildList.indexOf(symbol) != -1): null

2019-08-24 09:57:09 - [TEST_STEP][PASSED] - if (i == 4 &amp;&amp; wildList.indexOf(symbol) != -1): null

2019-08-24 09:57:09 - [TEST_STEP][PASSED] - symbol = symbol: null

2019-08-24 09:57:09 - [TEST_STEP][PASSED] - println(symbol): null

2019-08-24 09:57:09 - [TEST_STEP][PASSED] - if (i == 2 &amp;&amp; wildList.indexOf(symbol) != -1): null

2019-08-24 09:57:09 - [TEST_STEP][PASSED] - if (i == 3 &amp;&amp; wildList.indexOf(symbol) != -1): null

2019-08-24 09:57:09 - [TEST_STEP][PASSED] - if (i == 4 &amp;&amp; wildList.indexOf(symbol) != -1): null

2019-08-24 09:57:09 - [TEST_STEP][PASSED] - symbols = symbols: null

2019-08-24 09:57:09 - [TEST_STEP][PASSED] - for ([j = 0, j &lt; symbols.size(), (j++)]): null

2019-08-24 09:57:09 - [TEST_STEP][PASSED] - symbol = symbol: null

2019-08-24 09:57:09 - [TEST_STEP][PASSED] - println(symbol): null

2019-08-24 09:57:09 - [TEST_STEP][PASSED] - if (i == 2 &amp;&amp; wildList.indexOf(symbol) != -1): null

2019-08-24 09:57:09 - [TEST_STEP][PASSED] - if (i == 3 &amp;&amp; wildList.indexOf(symbol) != -1): null

2019-08-24 09:57:09 - [TEST_STEP][PASSED] - if (i == 4 &amp;&amp; wildList.indexOf(symbol) != -1): null

2019-08-24 09:57:09 - [TEST_STEP][PASSED] - symbol = symbol: null

2019-08-24 09:57:09 - [TEST_STEP][PASSED] - println(symbol): null

2019-08-24 09:57:09 - [TEST_STEP][PASSED] - if (i == 2 &amp;&amp; wildList.indexOf(symbol) != -1): null

2019-08-24 09:57:09 - [TEST_STEP][PASSED] - if (i == 3 &amp;&amp; wildList.indexOf(symbol) != -1): null

2019-08-24 09:57:09 - [TEST_STEP][PASSED] - if (i == 4 &amp;&amp; wildList.indexOf(symbol) != -1): null

2019-08-24 09:57:09 - [TEST_STEP][PASSED] - symbol = symbol: null

2019-08-24 09:57:09 - [TEST_STEP][PASSED] - println(symbol): null

2019-08-24 09:57:09 - [TEST_STEP][PASSED] - if (i == 2 &amp;&amp; wildList.indexOf(symbol) != -1): null

2019-08-24 09:57:09 - [TEST_STEP][PASSED] - if (i == 3 &amp;&amp; wildList.indexOf(symbol) != -1): null

2019-08-24 09:57:09 - [TEST_STEP][PASSED] - if (i == 4 &amp;&amp; wildList.indexOf(symbol) != -1): null

2019-08-24 09:57:09 - [TEST_STEP][PASSED] - symbols = symbols: null

2019-08-24 09:57:09 - [TEST_STEP][PASSED] - for ([j = 0, j &lt; symbols.size(), (j++)]): null

2019-08-24 09:57:09 - [TEST_STEP][PASSED] - symbol = symbol: null

2019-08-24 09:57:09 - [TEST_STEP][PASSED] - println(symbol): null

2019-08-24 09:57:09 - [TEST_STEP][PASSED] - if (i == 2 &amp;&amp; wildList.indexOf(symbol) != -1): null

2019-08-24 09:57:09 - [TEST_STEP][PASSED] - if (i == 3 &amp;&amp; wildList.indexOf(symbol) != -1): null

2019-08-24 09:57:09 - [TEST_STEP][PASSED] - if (i == 4 &amp;&amp; wildList.indexOf(symbol) != -1): null

2019-08-24 09:57:09 - [TEST_STEP][PASSED] - symbol = symbol: null

2019-08-24 09:57:09 - [TEST_STEP][PASSED] - println(symbol): null

2019-08-24 09:57:09 - [TEST_STEP][PASSED] - if (i == 2 &amp;&amp; wildList.indexOf(symbol) != -1): null

2019-08-24 09:57:09 - [TEST_STEP][PASSED] - if (i == 3 &amp;&amp; wildList.indexOf(symbol) != -1): null

2019-08-24 09:57:09 - [TEST_STEP][PASSED] - if (i == 4 &amp;&amp; wildList.indexOf(symbol) != -1): null

2019-08-24 09:57:09 - [TEST_STEP][PASSED] - symbol = symbol: null

2019-08-24 09:57:09 - [TEST_STEP][PASSED] - println(symbol): null

2019-08-24 09:57:09 - [TEST_STEP][PASSED] - if (i == 2 &amp;&amp; wildList.indexOf(symbol) != -1): null

2019-08-24 09:57:09 - [TEST_STEP][PASSED] - if (i == 3 &amp;&amp; wildList.indexOf(symbol) != -1): null

2019-08-24 09:57:09 - [TEST_STEP][PASSED] - println("wild found on reel 4, adding counter by 1"): null

2019-08-24 09:57:09 - [TEST_STEP][PASSED] - free_spin_reel_counter[1] = free_spin_reel_counter[1] + 1: null

2019-08-24 09:57:09 - [TEST_STEP][PASSED] - if (i == 4 &amp;&amp; wildList.indexOf(symbol) != -1): null

2019-08-24 09:57:09 - [TEST_STEP][PASSED] - symbols = symbols: null

2019-08-24 09:57:09 - [TEST_STEP][PASSED] - for ([j = 0, j &lt; symbols.size(), (j++)]): null

2019-08-24 09:57:09 - [TEST_STEP][PASSED] - symbol = symbol: null

2019-08-24 09:57:09 - [TEST_STEP][PASSED] - println(symbol): null

2019-08-24 09:57:09 - [TEST_STEP][PASSED] - if (i == 2 &amp;&amp; wildList.indexOf(symbol) != -1): null

2019-08-24 09:57:09 - [TEST_STEP][PASSED] - if (i == 3 &amp;&amp; wildList.indexOf(symbol) != -1): null

2019-08-24 09:57:09 - [TEST_STEP][PASSED] - if (i == 4 &amp;&amp; wildList.indexOf(symbol) != -1): null

2019-08-24 09:57:09 - [TEST_STEP][PASSED] - symbol = symbol: null

2019-08-24 09:57:09 - [TEST_STEP][PASSED] - println(symbol): null

2019-08-24 09:57:09 - [TEST_STEP][PASSED] - if (i == 2 &amp;&amp; wildList.indexOf(symbol) != -1): null

2019-08-24 09:57:09 - [TEST_STEP][PASSED] - if (i == 3 &amp;&amp; wildList.indexOf(symbol) != -1): null

2019-08-24 09:57:09 - [TEST_STEP][PASSED] - if (i == 4 &amp;&amp; wildList.indexOf(symbol) != -1): null

2019-08-24 09:57:09 - [TEST_STEP][PASSED] - symbol = symbol: null

2019-08-24 09:57:09 - [TEST_STEP][PASSED] - println(symbol): null

2019-08-24 09:57:09 - [TEST_STEP][PASSED] - if (i == 2 &amp;&amp; wildList.indexOf(symbol) != -1): null

2019-08-24 09:57:09 - [TEST_STEP][PASSED] - if (i == 3 &amp;&amp; wildList.indexOf(symbol) != -1): null

2019-08-24 09:57:09 - [TEST_STEP][PASSED] - if (i == 4 &amp;&amp; wildList.indexOf(symbol) != -1): null

2019-08-24 09:57:09 - [TEST_STEP][PASSED] - free_spin_reel_counter = free_spin_reel_counter: null

2019-08-24 09:57:09 - [TEST_STEP][PASSED] - println("reel 3 wild found: " + free_spin_reel_counter[0]): null

2019-08-24 09:57:09 - [TEST_STEP][PASSED] - println("reel 4 wild found: " + free_spin_reel_counter[1]): null

2019-08-24 09:57:09 - [TEST_STEP][PASSED] - println("reel 5 wild found: " + free_spin_reel_counter[2]): null

2019-08-24 09:57:09 - [TEST_STEP][PASSED] - M4_spin_reels = M4_spin_reels: null

2019-08-24 09:57:09 - [TEST_STEP][PASSED] - M4_spin_reels_symbols = symbol: null

2019-08-24 09:57:09 - [TEST_STEP][PASSED] - M4_spin_reels_symbols = M4_spin_reels_symbols: null

2019-08-24 09:57:09 - [TEST_STEP][PASSED] - M4_spin_reel_wins = reel_wins: null

2019-08-24 09:57:09 - [TEST_STEP][PASSED] - M4_spin_reel_wins = M4_spin_reel_wins: null

2019-08-24 09:57:09 - [TEST_STEP][PASSED] - println("GlobalVariable.M4_spin_reel_wins is: " + M4_spin_reel_wins): null

2019-08-24 09:57:09 - [TEST_STEP][PASSED] - M4_spin_total_bonus_win_this_round = total_bonus_win_this_round: null

2019-08-24 09:57:09 - [TEST_STEP][PASSED] - M4_spin_total_bonus_win_this_round = M4_spin_total_bonus_win_this_round: null

2019-08-24 09:57:09 - [TEST_STEP][PASSED] - println("GlobalVariable.M4_spin_total_bonus_win_this_round is: " + M4_spin_total_bonus_win_this_round): null

2019-08-24 09:57:09 - [TEST_STEP][PASSED] - M4_spin_bonus_spin_result = spin_result: null

2019-08-24 09:57:09 - [TEST_STEP][PASSED] - M4_spin_bonus_spin_result = M4_spin_bonus_spin_result: null

2019-08-24 09:57:09 - [MESSAGE][PASSED] - Verify response successfully

2019-08-24 09:57:09 - [MESSAGE][PASSED] - Send request and verify the response successfully

2019-08-24 09:57:09 - [TEST_STEP][PASSED] - if (free_spin_reel_counter[0] &gt;= 1 &amp;&amp; free_spin_reel_counter[1] &gt;= 1 &amp;&amp; free_spin_reel_counter[2] &gt;= 1): null

2019-08-24 09:57:09 - [TEST_STEP][PASSED] - spin_result = sendRequestAndVerify(findTestObject("INT/RGS(M4)/1_M4_spin", ["M4_login_user_id":M4_login_user_id, "rgs_session_token":rgs_session_token, "partner":Partner])): Send request and verify the response successfully

2019-08-24 09:57:10 - [MESSAGE][INFO] - HAR: /Users/eiralee/Katalon_Script/SuperWild/Reports/20190824_095647/INT/superWild_1/20190824_095647/requests/main/8.har

2019-08-24 09:57:10 - [TEST_CASE][PASSED] - Start Test Case : Verification: Verification accomplished successfully

2019-08-24 09:57:10 - [TEST_STEP][PASSED] - request = getInstance().getCurrentRequest(): null

2019-08-24 09:57:10 - [TEST_STEP][PASSED] - response = getInstance().getCurrentResponse(): null

2019-08-24 09:57:10 - [TEST_STEP][PASSED] - verifyResponseStatusCode(response, 200): Verify response status code successfully

2019-08-24 09:57:10 - [MESSAGE][PASSED] - Verify response status code successfully

2019-08-24 09:57:10 - [TEST_STEP][PASSED] - getStatusCode()).isEqualTo(200): null

2019-08-24 09:57:10 - [TEST_STEP][PASSED] - newline = System.getProperty("line.separator"): null

2019-08-24 09:57:10 - [TEST_STEP][PASSED] - M4_spin = new groovy.json.JsonSlurper(): null

2019-08-24 09:57:10 - [TEST_STEP][PASSED] - result_M4_spin = M4_spin.parseText(response.getResponseBodyContent()): null

2019-08-24 09:57:10 - [TEST_STEP][PASSED] - M4_spin_current_balance = current_balance: null

2019-08-24 09:57:10 - [TEST_STEP][PASSED] - M4_spin_current_balance = M4_spin_current_balance: null

2019-08-24 09:57:10 - [TEST_STEP][PASSED] - M4_spin_transaction_id = causality: null

2019-08-24 09:57:10 - [TEST_STEP][PASSED] - M4_spin_transaction_id = M4_spin_transaction_id: null

2019-08-24 09:57:10 - [TEST_STEP][PASSED] - M4_spin_round_id = round_id: null

2019-08-24 09:57:10 - [TEST_STEP][PASSED] - M4_spin_round_id = M4_spin_round_id: null

2019-08-24 09:57:10 - [TEST_STEP][PASSED] - M4_spin_line_wins = line_wins: null

2019-08-24 09:57:10 - [TEST_STEP][PASSED] - M4_spin_line_wins = M4_spin_line_wins: null

2019-08-24 09:57:10 - [TEST_STEP][PASSED] - M4_total_bonus_spins_int = total_bonus_spins: null

2019-08-24 09:57:10 - [TEST_STEP][PASSED] - println("******M4_total_bonus_spins type is:*******" + newline + getClass().getName()): null

2019-08-24 09:57:10 - [TEST_STEP][PASSED] - M4_total_bonus_spins_int = M4_total_bonus_spins_int: null

2019-08-24 09:57:10 - [TEST_STEP][PASSED] - M4_total_bonus_spins = Integer.toString(M4_total_bonus_spins_int): null

2019-08-24 09:57:10 - [TEST_STEP][PASSED] - M4_total_bonus_spins = M4_total_bonus_spins: null

2019-08-24 09:57:10 - [TEST_STEP][PASSED] - println("M4_total_bonus_spins is:" + M4_total_bonus_spins): null

2019-08-24 09:57:10 - [TEST_STEP][PASSED] - M4_spin_bonus_data = bonus_data: null

2019-08-24 09:57:10 - [TEST_STEP][PASSED] - M4_spin_features_triggered = result_M4_spin: null

2019-08-24 09:57:10 - [TEST_STEP][PASSED] - wild = []: null

2019-08-24 09:57:10 - [TEST_STEP][PASSED] - wild[0] = "WILD_Expanding": null

2019-08-24 09:57:10 - [TEST_STEP][PASSED] - wild[1] = "WILD_Normal": null

2019-08-24 09:57:10 - [TEST_STEP][PASSED] - wild[2] = "WILD_Double": null

2019-08-24 09:57:10 - [TEST_STEP][PASSED] - wild[3] = "WILD_ExtraFG": null

2019-08-24 09:57:10 - [TEST_STEP][PASSED] - wild[4] = "WILD_Triple": null

2019-08-24 09:57:10 - [TEST_STEP][PASSED] - wildList = Arrays.asList(wild): null

2019-08-24 09:57:10 - [TEST_STEP][PASSED] - wildList = wildList: null

2019-08-24 09:57:10 - [TEST_STEP][PASSED] - free_spin_reel_counter = []: null

2019-08-24 09:57:10 - [TEST_STEP][PASSED] - free_spin_reel_counter[0] = 0: null

2019-08-24 09:57:10 - [TEST_STEP][PASSED] - free_spin_reel_counter[1] = 0: null

2019-08-24 09:57:10 - [TEST_STEP][PASSED] - free_spin_reel_counter[2] = 0: null

2019-08-24 09:57:10 - [TEST_STEP][PASSED] - M4_spin_reels = reels: null

2019-08-24 09:57:10 - [TEST_STEP][PASSED] - for ([i = 0, i &lt; M4_spin_reels.size(), (i++)]): null

2019-08-24 09:57:10 - [TEST_STEP][PASSED] - symbols = symbols: null

2019-08-24 09:57:10 - [TEST_STEP][PASSED] - for ([j = 0, j &lt; symbols.size(), (j++)]): null

2019-08-24 09:57:10 - [TEST_STEP][PASSED] - symbol = symbol: null

2019-08-24 09:57:10 - [TEST_STEP][PASSED] - println(symbol): null

2019-08-24 09:57:10 - [TEST_STEP][PASSED] - if (i == 2 &amp;&amp; wildList.indexOf(symbol) != -1): null

2019-08-24 09:57:10 - [TEST_STEP][PASSED] - if (i == 3 &amp;&amp; wildList.indexOf(symbol) != -1): null

2019-08-24 09:57:10 - [TEST_STEP][PASSED] - if (i == 4 &amp;&amp; wildList.indexOf(symbol) != -1): null

2019-08-24 09:57:10 - [TEST_STEP][PASSED] - symbol = symbol: null

2019-08-24 09:57:10 - [TEST_STEP][PASSED] - println(symbol): null

2019-08-24 09:57:10 - [TEST_STEP][PASSED] - if (i == 2 &amp;&amp; wildList.indexOf(symbol) != -1): null

2019-08-24 09:57:10 - [TEST_STEP][PASSED] - if (i == 3 &amp;&amp; wildList.indexOf(symbol) != -1): null

2019-08-24 09:57:10 - [TEST_STEP][PASSED] - if (i == 4 &amp;&amp; wildList.indexOf(symbol) != -1): null

2019-08-24 09:57:10 - [TEST_STEP][PASSED] - symbol = symbol: null

2019-08-24 09:57:10 - [TEST_STEP][PASSED] - println(symbol): null

2019-08-24 09:57:10 - [TEST_STEP][PASSED] - if (i == 2 &amp;&amp; wildList.indexOf(symbol) != -1): null

2019-08-24 09:57:10 - [TEST_STEP][PASSED] - if (i == 3 &amp;&amp; wildList.indexOf(symbol) != -1): null

2019-08-24 09:57:10 - [TEST_STEP][PASSED] - if (i == 4 &amp;&amp; wildList.indexOf(symbol) != -1): null

2019-08-24 09:57:10 - [TEST_STEP][PASSED] - symbols = symbols: null

2019-08-24 09:57:10 - [TEST_STEP][PASSED] - for ([j = 0, j &lt; symbols.size(), (j++)]): null

2019-08-24 09:57:10 - [TEST_STEP][PASSED] - symbol = symbol: null

2019-08-24 09:57:10 - [TEST_STEP][PASSED] - println(symbol): null

2019-08-24 09:57:10 - [TEST_STEP][PASSED] - if (i == 2 &amp;&amp; wildList.indexOf(symbol) != -1): null

2019-08-24 09:57:10 - [TEST_STEP][PASSED] - if (i == 3 &amp;&amp; wildList.indexOf(symbol) != -1): null

2019-08-24 09:57:10 - [TEST_STEP][PASSED] - if (i == 4 &amp;&amp; wildList.indexOf(symbol) != -1): null

2019-08-24 09:57:10 - [TEST_STEP][PASSED] - symbol = symbol: null

2019-08-24 09:57:10 - [TEST_STEP][PASSED] - println(symbol): null

2019-08-24 09:57:10 - [TEST_STEP][PASSED] - if (i == 2 &amp;&amp; wildList.indexOf(symbol) != -1): null

2019-08-24 09:57:10 - [TEST_STEP][PASSED] - if (i == 3 &amp;&amp; wildList.indexOf(symbol) != -1): null

2019-08-24 09:57:10 - [TEST_STEP][PASSED] - if (i == 4 &amp;&amp; wildList.indexOf(symbol) != -1): null

2019-08-24 09:57:10 - [TEST_STEP][PASSED] - symbol = symbol: null

2019-08-24 09:57:10 - [TEST_STEP][PASSED] - println(symbol): null

2019-08-24 09:57:10 - [TEST_STEP][PASSED] - if (i == 2 &amp;&amp; wildList.indexOf(symbol) != -1): null

2019-08-24 09:57:10 - [TEST_STEP][PASSED] - if (i == 3 &amp;&amp; wildList.indexOf(symbol) != -1): null

2019-08-24 09:57:10 - [TEST_STEP][PASSED] - if (i == 4 &amp;&amp; wildList.indexOf(symbol) != -1): null

2019-08-24 09:57:10 - [TEST_STEP][PASSED] - symbols = symbols: null

2019-08-24 09:57:10 - [TEST_STEP][PASSED] - for ([j = 0, j &lt; symbols.size(), (j++)]): null

2019-08-24 09:57:10 - [TEST_STEP][PASSED] - symbol = symbol: null

2019-08-24 09:57:10 - [TEST_STEP][PASSED] - println(symbol): null

2019-08-24 09:57:10 - [TEST_STEP][PASSED] - if (i == 2 &amp;&amp; wildList.indexOf(symbol) != -1): null

2019-08-24 09:57:10 - [TEST_STEP][PASSED] - println("wild found on reel 3, adding counter by 1"): null

2019-08-24 09:57:10 - [TEST_STEP][PASSED] - free_spin_reel_counter[0] = free_spin_reel_counter[0] + 1: null

2019-08-24 09:57:10 - [TEST_STEP][PASSED] - if (i == 3 &amp;&amp; wildList.indexOf(symbol) != -1): null

2019-08-24 09:57:10 - [TEST_STEP][PASSED] - if (i == 4 &amp;&amp; wildList.indexOf(symbol) != -1): null

2019-08-24 09:57:10 - [TEST_STEP][PASSED] - symbol = symbol: null

2019-08-24 09:57:10 - [TEST_STEP][PASSED] - println(symbol): null

2019-08-24 09:57:10 - [TEST_STEP][PASSED] - if (i == 2 &amp;&amp; wildList.indexOf(symbol) != -1): null

2019-08-24 09:57:10 - [TEST_STEP][PASSED] - if (i == 3 &amp;&amp; wildList.indexOf(symbol) != -1): null

2019-08-24 09:57:10 - [TEST_STEP][PASSED] - if (i == 4 &amp;&amp; wildList.indexOf(symbol) != -1): null

2019-08-24 09:57:10 - [TEST_STEP][PASSED] - symbol = symbol: null

2019-08-24 09:57:10 - [TEST_STEP][PASSED] - println(symbol): null

2019-08-24 09:57:10 - [TEST_STEP][PASSED] - if (i == 2 &amp;&amp; wildList.indexOf(symbol) != -1): null

2019-08-24 09:57:10 - [TEST_STEP][PASSED] - if (i == 3 &amp;&amp; wildList.indexOf(symbol) != -1): null

2019-08-24 09:57:10 - [TEST_STEP][PASSED] - if (i == 4 &amp;&amp; wildList.indexOf(symbol) != -1): null

2019-08-24 09:57:10 - [TEST_STEP][PASSED] - symbols = symbols: null

2019-08-24 09:57:10 - [TEST_STEP][PASSED] - for ([j = 0, j &lt; symbols.size(), (j++)]): null

2019-08-24 09:57:10 - [TEST_STEP][PASSED] - symbol = symbol: null

2019-08-24 09:57:10 - [TEST_STEP][PASSED] - println(symbol): null

2019-08-24 09:57:10 - [TEST_STEP][PASSED] - if (i == 2 &amp;&amp; wildList.indexOf(symbol) != -1): null

2019-08-24 09:57:10 - [TEST_STEP][PASSED] - if (i == 3 &amp;&amp; wildList.indexOf(symbol) != -1): null

2019-08-24 09:57:10 - [TEST_STEP][PASSED] - if (i == 4 &amp;&amp; wildList.indexOf(symbol) != -1): null

2019-08-24 09:57:10 - [TEST_STEP][PASSED] - symbol = symbol: null

2019-08-24 09:57:10 - [TEST_STEP][PASSED] - println(symbol): null

2019-08-24 09:57:10 - [TEST_STEP][PASSED] - if (i == 2 &amp;&amp; wildList.indexOf(symbol) != -1): null

2019-08-24 09:57:10 - [TEST_STEP][PASSED] - if (i == 3 &amp;&amp; wildList.indexOf(symbol) != -1): null

2019-08-24 09:57:10 - [TEST_STEP][PASSED] - if (i == 4 &amp;&amp; wildList.indexOf(symbol) != -1): null

2019-08-24 09:57:10 - [TEST_STEP][PASSED] - symbol = symbol: null

2019-08-24 09:57:10 - [TEST_STEP][PASSED] - println(symbol): null

2019-08-24 09:57:10 - [TEST_STEP][PASSED] - if (i == 2 &amp;&amp; wildList.indexOf(symbol) != -1): null

2019-08-24 09:57:10 - [TEST_STEP][PASSED] - if (i == 3 &amp;&amp; wildList.indexOf(symbol) != -1): null

2019-08-24 09:57:10 - [TEST_STEP][PASSED] - if (i == 4 &amp;&amp; wildList.indexOf(symbol) != -1): null

2019-08-24 09:57:10 - [TEST_STEP][PASSED] - symbols = symbols: null

2019-08-24 09:57:10 - [TEST_STEP][PASSED] - for ([j = 0, j &lt; symbols.size(), (j++)]): null

2019-08-24 09:57:10 - [TEST_STEP][PASSED] - symbol = symbol: null

2019-08-24 09:57:10 - [TEST_STEP][PASSED] - println(symbol): null

2019-08-24 09:57:10 - [TEST_STEP][PASSED] - if (i == 2 &amp;&amp; wildList.indexOf(symbol) != -1): null

2019-08-24 09:57:10 - [TEST_STEP][PASSED] - if (i == 3 &amp;&amp; wildList.indexOf(symbol) != -1): null

2019-08-24 09:57:10 - [TEST_STEP][PASSED] - if (i == 4 &amp;&amp; wildList.indexOf(symbol) != -1): null

2019-08-24 09:57:10 - [TEST_STEP][PASSED] - symbol = symbol: null

2019-08-24 09:57:10 - [TEST_STEP][PASSED] - println(symbol): null

2019-08-24 09:57:10 - [TEST_STEP][PASSED] - if (i == 2 &amp;&amp; wildList.indexOf(symbol) != -1): null

2019-08-24 09:57:10 - [TEST_STEP][PASSED] - if (i == 3 &amp;&amp; wildList.indexOf(symbol) != -1): null

2019-08-24 09:57:10 - [TEST_STEP][PASSED] - if (i == 4 &amp;&amp; wildList.indexOf(symbol) != -1): null

2019-08-24 09:57:10 - [TEST_STEP][PASSED] - symbol = symbol: null

2019-08-24 09:57:10 - [TEST_STEP][PASSED] - println(symbol): null

2019-08-24 09:57:10 - [TEST_STEP][PASSED] - if (i == 2 &amp;&amp; wildList.indexOf(symbol) != -1): null

2019-08-24 09:57:10 - [TEST_STEP][PASSED] - if (i == 3 &amp;&amp; wildList.indexOf(symbol) != -1): null

2019-08-24 09:57:10 - [TEST_STEP][PASSED] - if (i == 4 &amp;&amp; wildList.indexOf(symbol) != -1): null

2019-08-24 09:57:10 - [TEST_STEP][PASSED] - free_spin_reel_counter = free_spin_reel_counter: null

2019-08-24 09:57:10 - [TEST_STEP][PASSED] - println("reel 3 wild found: " + free_spin_reel_counter[0]): null

2019-08-24 09:57:10 - [TEST_STEP][PASSED] - println("reel 4 wild found: " + free_spin_reel_counter[1]): null

2019-08-24 09:57:10 - [TEST_STEP][PASSED] - println("reel 5 wild found: " + free_spin_reel_counter[2]): null

2019-08-24 09:57:10 - [TEST_STEP][PASSED] - M4_spin_reels = M4_spin_reels: null

2019-08-24 09:57:10 - [TEST_STEP][PASSED] - M4_spin_reels_symbols = symbol: null

2019-08-24 09:57:10 - [TEST_STEP][PASSED] - M4_spin_reels_symbols = M4_spin_reels_symbols: null

2019-08-24 09:57:10 - [TEST_STEP][PASSED] - M4_spin_reel_wins = reel_wins: null

2019-08-24 09:57:10 - [TEST_STEP][PASSED] - M4_spin_reel_wins = M4_spin_reel_wins: null

2019-08-24 09:57:10 - [TEST_STEP][PASSED] - println("GlobalVariable.M4_spin_reel_wins is: " + M4_spin_reel_wins): null

2019-08-24 09:57:10 - [TEST_STEP][PASSED] - M4_spin_total_bonus_win_this_round = total_bonus_win_this_round: null

2019-08-24 09:57:10 - [TEST_STEP][PASSED] - M4_spin_total_bonus_win_this_round = M4_spin_total_bonus_win_this_round: null

2019-08-24 09:57:10 - [TEST_STEP][PASSED] - println("GlobalVariable.M4_spin_total_bonus_win_this_round is: " + M4_spin_total_bonus_win_this_round): null

2019-08-24 09:57:10 - [TEST_STEP][PASSED] - M4_spin_bonus_spin_result = spin_result: null

2019-08-24 09:57:10 - [TEST_STEP][PASSED] - M4_spin_bonus_spin_result = M4_spin_bonus_spin_result: null

2019-08-24 09:57:10 - [MESSAGE][PASSED] - Verify response successfully

2019-08-24 09:57:10 - [MESSAGE][PASSED] - Send request and verify the response successfully

2019-08-24 09:57:10 - [TEST_STEP][PASSED] - if (free_spin_reel_counter[0] &gt;= 1 &amp;&amp; free_spin_reel_counter[1] &gt;= 1 &amp;&amp; free_spin_reel_counter[2] &gt;= 1): null

2019-08-24 09:57:10 - [TEST_STEP][PASSED] - spin_result = sendRequestAndVerify(findTestObject("INT/RGS(M4)/1_M4_spin", ["M4_login_user_id":M4_login_user_id, "rgs_session_token":rgs_session_token, "partner":Partner])): Send request and verify the response successfully

2019-08-24 09:57:10 - [MESSAGE][INFO] - HAR: /Users/eiralee/Katalon_Script/SuperWild/Reports/20190824_095647/INT/superWild_1/20190824_095647/requests/main/9.har

2019-08-24 09:57:10 - [TEST_CASE][PASSED] - Start Test Case : Verification: Verification accomplished successfully

2019-08-24 09:57:10 - [TEST_STEP][PASSED] - request = getInstance().getCurrentRequest(): null

2019-08-24 09:57:11 - [TEST_STEP][PASSED] - response = getInstance().getCurrentResponse(): null

2019-08-24 09:57:11 - [TEST_STEP][PASSED] - verifyResponseStatusCode(response, 200): Verify response status code successfully

2019-08-24 09:57:11 - [MESSAGE][PASSED] - Verify response status code successfully

2019-08-24 09:57:11 - [TEST_STEP][PASSED] - getStatusCode()).isEqualTo(200): null

2019-08-24 09:57:11 - [TEST_STEP][PASSED] - newline = System.getProperty("line.separator"): null

2019-08-24 09:57:11 - [TEST_STEP][PASSED] - M4_spin = new groovy.json.JsonSlurper(): null

2019-08-24 09:57:11 - [TEST_STEP][PASSED] - result_M4_spin = M4_spin.parseText(response.getResponseBodyContent()): null

2019-08-24 09:57:11 - [TEST_STEP][PASSED] - M4_spin_current_balance = current_balance: null

2019-08-24 09:57:11 - [TEST_STEP][PASSED] - M4_spin_current_balance = M4_spin_current_balance: null

2019-08-24 09:57:11 - [TEST_STEP][PASSED] - M4_spin_transaction_id = causality: null

2019-08-24 09:57:11 - [TEST_STEP][PASSED] - M4_spin_transaction_id = M4_spin_transaction_id: null

2019-08-24 09:57:11 - [TEST_STEP][PASSED] - M4_spin_round_id = round_id: null

2019-08-24 09:57:11 - [TEST_STEP][PASSED] - M4_spin_round_id = M4_spin_round_id: null

2019-08-24 09:57:11 - [TEST_STEP][PASSED] - M4_spin_line_wins = line_wins: null

2019-08-24 09:57:11 - [TEST_STEP][PASSED] - M4_spin_line_wins = M4_spin_line_wins: null

2019-08-24 09:57:11 - [TEST_STEP][PASSED] - M4_total_bonus_spins_int = total_bonus_spins: null

2019-08-24 09:57:11 - [TEST_STEP][PASSED] - println("******M4_total_bonus_spins type is:*******" + newline + getClass().getName()): null

2019-08-24 09:57:11 - [TEST_STEP][PASSED] - M4_total_bonus_spins_int = M4_total_bonus_spins_int: null

2019-08-24 09:57:11 - [TEST_STEP][PASSED] - M4_total_bonus_spins = Integer.toString(M4_total_bonus_spins_int): null

2019-08-24 09:57:11 - [TEST_STEP][PASSED] - M4_total_bonus_spins = M4_total_bonus_spins: null

2019-08-24 09:57:11 - [TEST_STEP][PASSED] - println("M4_total_bonus_spins is:" + M4_total_bonus_spins): null

2019-08-24 09:57:11 - [TEST_STEP][PASSED] - M4_spin_bonus_data = bonus_data: null

2019-08-24 09:57:11 - [TEST_STEP][PASSED] - M4_spin_features_triggered = result_M4_spin: null

2019-08-24 09:57:11 - [TEST_STEP][PASSED] - wild = []: null

2019-08-24 09:57:11 - [TEST_STEP][PASSED] - wild[0] = "WILD_Expanding": null

2019-08-24 09:57:11 - [TEST_STEP][PASSED] - wild[1] = "WILD_Normal": null

2019-08-24 09:57:11 - [TEST_STEP][PASSED] - wild[2] = "WILD_Double": null

2019-08-24 09:57:11 - [TEST_STEP][PASSED] - wild[3] = "WILD_ExtraFG": null

2019-08-24 09:57:11 - [TEST_STEP][PASSED] - wild[4] = "WILD_Triple": null

2019-08-24 09:57:11 - [TEST_STEP][PASSED] - wildList = Arrays.asList(wild): null

2019-08-24 09:57:11 - [TEST_STEP][PASSED] - wildList = wildList: null

2019-08-24 09:57:11 - [TEST_STEP][PASSED] - free_spin_reel_counter = []: null

2019-08-24 09:57:11 - [TEST_STEP][PASSED] - free_spin_reel_counter[0] = 0: null

2019-08-24 09:57:11 - [TEST_STEP][PASSED] - free_spin_reel_counter[1] = 0: null

2019-08-24 09:57:11 - [TEST_STEP][PASSED] - free_spin_reel_counter[2] = 0: null

2019-08-24 09:57:11 - [TEST_STEP][PASSED] - M4_spin_reels = reels: null

2019-08-24 09:57:11 - [TEST_STEP][PASSED] - for ([i = 0, i &lt; M4_spin_reels.size(), (i++)]): null

2019-08-24 09:57:11 - [TEST_STEP][PASSED] - symbols = symbols: null

2019-08-24 09:57:11 - [TEST_STEP][PASSED] - for ([j = 0, j &lt; symbols.size(), (j++)]): null

2019-08-24 09:57:11 - [TEST_STEP][PASSED] - symbol = symbol: null

2019-08-24 09:57:11 - [TEST_STEP][PASSED] - println(symbol): null

2019-08-24 09:57:11 - [TEST_STEP][PASSED] - if (i == 2 &amp;&amp; wildList.indexOf(symbol) != -1): null

2019-08-24 09:57:11 - [TEST_STEP][PASSED] - if (i == 3 &amp;&amp; wildList.indexOf(symbol) != -1): null

2019-08-24 09:57:11 - [TEST_STEP][PASSED] - if (i == 4 &amp;&amp; wildList.indexOf(symbol) != -1): null

2019-08-24 09:57:11 - [TEST_STEP][PASSED] - symbol = symbol: null

2019-08-24 09:57:11 - [TEST_STEP][PASSED] - println(symbol): null

2019-08-24 09:57:11 - [TEST_STEP][PASSED] - if (i == 2 &amp;&amp; wildList.indexOf(symbol) != -1): null

2019-08-24 09:57:11 - [TEST_STEP][PASSED] - if (i == 3 &amp;&amp; wildList.indexOf(symbol) != -1): null

2019-08-24 09:57:11 - [TEST_STEP][PASSED] - if (i == 4 &amp;&amp; wildList.indexOf(symbol) != -1): null

2019-08-24 09:57:11 - [TEST_STEP][PASSED] - symbol = symbol: null

2019-08-24 09:57:11 - [TEST_STEP][PASSED] - println(symbol): null

2019-08-24 09:57:11 - [TEST_STEP][PASSED] - if (i == 2 &amp;&amp; wildList.indexOf(symbol) != -1): null

2019-08-24 09:57:11 - [TEST_STEP][PASSED] - if (i == 3 &amp;&amp; wildList.indexOf(symbol) != -1): null

2019-08-24 09:57:11 - [TEST_STEP][PASSED] - if (i == 4 &amp;&amp; wildList.indexOf(symbol) != -1): null

2019-08-24 09:57:11 - [TEST_STEP][PASSED] - symbols = symbols: null

2019-08-24 09:57:11 - [TEST_STEP][PASSED] - for ([j = 0, j &lt; symbols.size(), (j++)]): null

2019-08-24 09:57:11 - [TEST_STEP][PASSED] - symbol = symbol: null

2019-08-24 09:57:11 - [TEST_STEP][PASSED] - println(symbol): null

2019-08-24 09:57:11 - [TEST_STEP][PASSED] - if (i == 2 &amp;&amp; wildList.indexOf(symbol) != -1): null

2019-08-24 09:57:11 - [TEST_STEP][PASSED] - if (i == 3 &amp;&amp; wildList.indexOf(symbol) != -1): null

2019-08-24 09:57:11 - [TEST_STEP][PASSED] - if (i == 4 &amp;&amp; wildList.indexOf(symbol) != -1): null

2019-08-24 09:57:11 - [TEST_STEP][PASSED] - symbol = symbol: null

2019-08-24 09:57:11 - [TEST_STEP][PASSED] - println(symbol): null

2019-08-24 09:57:11 - [TEST_STEP][PASSED] - if (i == 2 &amp;&amp; wildList.indexOf(symbol) != -1): null

2019-08-24 09:57:11 - [TEST_STEP][PASSED] - if (i == 3 &amp;&amp; wildList.indexOf(symbol) != -1): null

2019-08-24 09:57:11 - [TEST_STEP][PASSED] - if (i == 4 &amp;&amp; wildList.indexOf(symbol) != -1): null

2019-08-24 09:57:11 - [TEST_STEP][PASSED] - symbol = symbol: null

2019-08-24 09:57:11 - [TEST_STEP][PASSED] - println(symbol): null

2019-08-24 09:57:11 - [TEST_STEP][PASSED] - if (i == 2 &amp;&amp; wildList.indexOf(symbol) != -1): null

2019-08-24 09:57:11 - [TEST_STEP][PASSED] - if (i == 3 &amp;&amp; wildList.indexOf(symbol) != -1): null

2019-08-24 09:57:11 - [TEST_STEP][PASSED] - if (i == 4 &amp;&amp; wildList.indexOf(symbol) != -1): null

2019-08-24 09:57:11 - [TEST_STEP][PASSED] - symbols = symbols: null

2019-08-24 09:57:11 - [TEST_STEP][PASSED] - for ([j = 0, j &lt; symbols.size(), (j++)]): null

2019-08-24 09:57:11 - [TEST_STEP][PASSED] - symbol = symbol: null

2019-08-24 09:57:11 - [TEST_STEP][PASSED] - println(symbol): null

2019-08-24 09:57:11 - [TEST_STEP][PASSED] - if (i == 2 &amp;&amp; wildList.indexOf(symbol) != -1): null

2019-08-24 09:57:11 - [TEST_STEP][PASSED] - if (i == 3 &amp;&amp; wildList.indexOf(symbol) != -1): null

2019-08-24 09:57:11 - [TEST_STEP][PASSED] - if (i == 4 &amp;&amp; wildList.indexOf(symbol) != -1): null

2019-08-24 09:57:11 - [TEST_STEP][PASSED] - symbol = symbol: null

2019-08-24 09:57:11 - [TEST_STEP][PASSED] - println(symbol): null

2019-08-24 09:57:11 - [TEST_STEP][PASSED] - if (i == 2 &amp;&amp; wildList.indexOf(symbol) != -1): null

2019-08-24 09:57:11 - [TEST_STEP][PASSED] - if (i == 3 &amp;&amp; wildList.indexOf(symbol) != -1): null

2019-08-24 09:57:11 - [TEST_STEP][PASSED] - if (i == 4 &amp;&amp; wildList.indexOf(symbol) != -1): null

2019-08-24 09:57:11 - [TEST_STEP][PASSED] - symbol = symbol: null

2019-08-24 09:57:11 - [TEST_STEP][PASSED] - println(symbol): null

2019-08-24 09:57:11 - [TEST_STEP][PASSED] - if (i == 2 &amp;&amp; wildList.indexOf(symbol) != -1): null

2019-08-24 09:57:11 - [TEST_STEP][PASSED] - if (i == 3 &amp;&amp; wildList.indexOf(symbol) != -1): null

2019-08-24 09:57:11 - [TEST_STEP][PASSED] - if (i == 4 &amp;&amp; wildList.indexOf(symbol) != -1): null

2019-08-24 09:57:11 - [TEST_STEP][PASSED] - symbols = symbols: null

2019-08-24 09:57:11 - [TEST_STEP][PASSED] - for ([j = 0, j &lt; symbols.size(), (j++)]): null

2019-08-24 09:57:11 - [TEST_STEP][PASSED] - symbol = symbol: null

2019-08-24 09:57:11 - [TEST_STEP][PASSED] - println(symbol): null

2019-08-24 09:57:11 - [TEST_STEP][PASSED] - if (i == 2 &amp;&amp; wildList.indexOf(symbol) != -1): null

2019-08-24 09:57:11 - [TEST_STEP][PASSED] - if (i == 3 &amp;&amp; wildList.indexOf(symbol) != -1): null

2019-08-24 09:57:11 - [TEST_STEP][PASSED] - if (i == 4 &amp;&amp; wildList.indexOf(symbol) != -1): null

2019-08-24 09:57:11 - [TEST_STEP][PASSED] - symbol = symbol: null

2019-08-24 09:57:11 - [TEST_STEP][PASSED] - println(symbol): null

2019-08-24 09:57:11 - [TEST_STEP][PASSED] - if (i == 2 &amp;&amp; wildList.indexOf(symbol) != -1): null

2019-08-24 09:57:11 - [TEST_STEP][PASSED] - if (i == 3 &amp;&amp; wildList.indexOf(symbol) != -1): null

2019-08-24 09:57:11 - [TEST_STEP][PASSED] - if (i == 4 &amp;&amp; wildList.indexOf(symbol) != -1): null

2019-08-24 09:57:11 - [TEST_STEP][PASSED] - symbol = symbol: null

2019-08-24 09:57:11 - [TEST_STEP][PASSED] - println(symbol): null

2019-08-24 09:57:11 - [TEST_STEP][PASSED] - if (i == 2 &amp;&amp; wildList.indexOf(symbol) != -1): null

2019-08-24 09:57:11 - [TEST_STEP][PASSED] - if (i == 3 &amp;&amp; wildList.indexOf(symbol) != -1): null

2019-08-24 09:57:11 - [TEST_STEP][PASSED] - if (i == 4 &amp;&amp; wildList.indexOf(symbol) != -1): null

2019-08-24 09:57:11 - [TEST_STEP][PASSED] - symbols = symbols: null

2019-08-24 09:57:11 - [TEST_STEP][PASSED] - for ([j = 0, j &lt; symbols.size(), (j++)]): null

2019-08-24 09:57:11 - [TEST_STEP][PASSED] - symbol = symbol: null

2019-08-24 09:57:11 - [TEST_STEP][PASSED] - println(symbol): null

2019-08-24 09:57:11 - [TEST_STEP][PASSED] - if (i == 2 &amp;&amp; wildList.indexOf(symbol) != -1): null

2019-08-24 09:57:11 - [TEST_STEP][PASSED] - if (i == 3 &amp;&amp; wildList.indexOf(symbol) != -1): null

2019-08-24 09:57:11 - [TEST_STEP][PASSED] - if (i == 4 &amp;&amp; wildList.indexOf(symbol) != -1): null

2019-08-24 09:57:11 - [TEST_STEP][PASSED] - symbol = symbol: null

2019-08-24 09:57:11 - [TEST_STEP][PASSED] - println(symbol): null

2019-08-24 09:57:11 - [TEST_STEP][PASSED] - if (i == 2 &amp;&amp; wildList.indexOf(symbol) != -1): null

2019-08-24 09:57:11 - [TEST_STEP][PASSED] - if (i == 3 &amp;&amp; wildList.indexOf(symbol) != -1): null

2019-08-24 09:57:11 - [TEST_STEP][PASSED] - if (i == 4 &amp;&amp; wildList.indexOf(symbol) != -1): null

2019-08-24 09:57:11 - [TEST_STEP][PASSED] - symbol = symbol: null

2019-08-24 09:57:11 - [TEST_STEP][PASSED] - println(symbol): null

2019-08-24 09:57:11 - [TEST_STEP][PASSED] - if (i == 2 &amp;&amp; wildList.indexOf(symbol) != -1): null

2019-08-24 09:57:11 - [TEST_STEP][PASSED] - if (i == 3 &amp;&amp; wildList.indexOf(symbol) != -1): null

2019-08-24 09:57:11 - [TEST_STEP][PASSED] - if (i == 4 &amp;&amp; wildList.indexOf(symbol) != -1): null

2019-08-24 09:57:11 - [TEST_STEP][PASSED] - free_spin_reel_counter = free_spin_reel_counter: null

2019-08-24 09:57:11 - [TEST_STEP][PASSED] - println("reel 3 wild found: " + free_spin_reel_counter[0]): null

2019-08-24 09:57:11 - [TEST_STEP][PASSED] - println("reel 4 wild found: " + free_spin_reel_counter[1]): null

2019-08-24 09:57:11 - [TEST_STEP][PASSED] - println("reel 5 wild found: " + free_spin_reel_counter[2]): null

2019-08-24 09:57:11 - [TEST_STEP][PASSED] - M4_spin_reels = M4_spin_reels: null

2019-08-24 09:57:11 - [TEST_STEP][PASSED] - M4_spin_reels_symbols = symbol: null

2019-08-24 09:57:11 - [TEST_STEP][PASSED] - M4_spin_reels_symbols = M4_spin_reels_symbols: null

2019-08-24 09:57:11 - [TEST_STEP][PASSED] - M4_spin_reel_wins = reel_wins: null

2019-08-24 09:57:11 - [TEST_STEP][PASSED] - M4_spin_reel_wins = M4_spin_reel_wins: null

2019-08-24 09:57:11 - [TEST_STEP][PASSED] - println("GlobalVariable.M4_spin_reel_wins is: " + M4_spin_reel_wins): null

2019-08-24 09:57:11 - [TEST_STEP][PASSED] - M4_spin_total_bonus_win_this_round = total_bonus_win_this_round: null

2019-08-24 09:57:11 - [TEST_STEP][PASSED] - M4_spin_total_bonus_win_this_round = M4_spin_total_bonus_win_this_round: null

2019-08-24 09:57:11 - [TEST_STEP][PASSED] - println("GlobalVariable.M4_spin_total_bonus_win_this_round is: " + M4_spin_total_bonus_win_this_round): null

2019-08-24 09:57:11 - [TEST_STEP][PASSED] - M4_spin_bonus_spin_result = spin_result: null

2019-08-24 09:57:11 - [TEST_STEP][PASSED] - M4_spin_bonus_spin_result = M4_spin_bonus_spin_result: null

2019-08-24 09:57:11 - [MESSAGE][PASSED] - Verify response successfully

2019-08-24 09:57:11 - [MESSAGE][PASSED] - Send request and verify the response successfully

2019-08-24 09:57:11 - [TEST_STEP][PASSED] - if (free_spin_reel_counter[0] &gt;= 1 &amp;&amp; free_spin_reel_counter[1] &gt;= 1 &amp;&amp; free_spin_reel_counter[2] &gt;= 1): null

2019-08-24 09:57:11 - [TEST_STEP][PASSED] - spin_result = sendRequestAndVerify(findTestObject("INT/RGS(M4)/1_M4_spin", ["M4_login_user_id":M4_login_user_id, "rgs_session_token":rgs_session_token, "partner":Partner])): Send request and verify the response successfully

2019-08-24 09:57:11 - [MESSAGE][INFO] - HAR: /Users/eiralee/Katalon_Script/SuperWild/Reports/20190824_095647/INT/superWild_1/20190824_095647/requests/main/10.har

2019-08-24 09:57:11 - [TEST_CASE][PASSED] - Start Test Case : Verification: Verification accomplished successfully

2019-08-24 09:57:11 - [TEST_STEP][PASSED] - request = getInstance().getCurrentRequest(): null

2019-08-24 09:57:11 - [TEST_STEP][PASSED] - response = getInstance().getCurrentResponse(): null

2019-08-24 09:57:11 - [TEST_STEP][PASSED] - verifyResponseStatusCode(response, 200): Verify response status code successfully

2019-08-24 09:57:11 - [MESSAGE][PASSED] - Verify response status code successfully

2019-08-24 09:57:11 - [TEST_STEP][PASSED] - getStatusCode()).isEqualTo(200): null

2019-08-24 09:57:11 - [TEST_STEP][PASSED] - newline = System.getProperty("line.separator"): null

2019-08-24 09:57:11 - [TEST_STEP][PASSED] - M4_spin = new groovy.json.JsonSlurper(): null

2019-08-24 09:57:11 - [TEST_STEP][PASSED] - result_M4_spin = M4_spin.parseText(response.getResponseBodyContent()): null

2019-08-24 09:57:11 - [TEST_STEP][PASSED] - M4_spin_current_balance = current_balance: null

2019-08-24 09:57:11 - [TEST_STEP][PASSED] - M4_spin_current_balance = M4_spin_current_balance: null

2019-08-24 09:57:11 - [TEST_STEP][PASSED] - M4_spin_transaction_id = causality: null

2019-08-24 09:57:11 - [TEST_STEP][PASSED] - M4_spin_transaction_id = M4_spin_transaction_id: null

2019-08-24 09:57:11 - [TEST_STEP][PASSED] - M4_spin_round_id = round_id: null

2019-08-24 09:57:11 - [TEST_STEP][PASSED] - M4_spin_round_id = M4_spin_round_id: null

2019-08-24 09:57:11 - [TEST_STEP][PASSED] - M4_spin_line_wins = line_wins: null

2019-08-24 09:57:11 - [TEST_STEP][PASSED] - M4_spin_line_wins = M4_spin_line_wins: null

2019-08-24 09:57:11 - [TEST_STEP][PASSED] - M4_total_bonus_spins_int = total_bonus_spins: null

2019-08-24 09:57:11 - [TEST_STEP][PASSED] - println("******M4_total_bonus_spins type is:*******" + newline + getClass().getName()): null

2019-08-24 09:57:11 - [TEST_STEP][PASSED] - M4_total_bonus_spins_int = M4_total_bonus_spins_int: null

2019-08-24 09:57:11 - [TEST_STEP][PASSED] - M4_total_bonus_spins = Integer.toString(M4_total_bonus_spins_int): null

2019-08-24 09:57:11 - [TEST_STEP][PASSED] - M4_total_bonus_spins = M4_total_bonus_spins: null

2019-08-24 09:57:11 - [TEST_STEP][PASSED] - println("M4_total_bonus_spins is:" + M4_total_bonus_spins): null

2019-08-24 09:57:11 - [TEST_STEP][PASSED] - M4_spin_bonus_data = bonus_data: null

2019-08-24 09:57:11 - [TEST_STEP][PASSED] - M4_spin_features_triggered = result_M4_spin: null

2019-08-24 09:57:11 - [TEST_STEP][PASSED] - wild = []: null

2019-08-24 09:57:11 - [TEST_STEP][PASSED] - wild[0] = "WILD_Expanding": null

2019-08-24 09:57:11 - [TEST_STEP][PASSED] - wild[1] = "WILD_Normal": null

2019-08-24 09:57:11 - [TEST_STEP][PASSED] - wild[2] = "WILD_Double": null

2019-08-24 09:57:11 - [TEST_STEP][PASSED] - wild[3] = "WILD_ExtraFG": null

2019-08-24 09:57:11 - [TEST_STEP][PASSED] - wild[4] = "WILD_Triple": null

2019-08-24 09:57:11 - [TEST_STEP][PASSED] - wildList = Arrays.asList(wild): null

2019-08-24 09:57:11 - [TEST_STEP][PASSED] - wildList = wildList: null

2019-08-24 09:57:11 - [TEST_STEP][PASSED] - free_spin_reel_counter = []: null

2019-08-24 09:57:11 - [TEST_STEP][PASSED] - free_spin_reel_counter[0] = 0: null

2019-08-24 09:57:11 - [TEST_STEP][PASSED] - free_spin_reel_counter[1] = 0: null

2019-08-24 09:57:11 - [TEST_STEP][PASSED] - free_spin_reel_counter[2] = 0: null

2019-08-24 09:57:11 - [TEST_STEP][PASSED] - M4_spin_reels = reels: null

2019-08-24 09:57:11 - [TEST_STEP][PASSED] - for ([i = 0, i &lt; M4_spin_reels.size(), (i++)]): null

2019-08-24 09:57:11 - [TEST_STEP][PASSED] - symbols = symbols: null

2019-08-24 09:57:11 - [TEST_STEP][PASSED] - for ([j = 0, j &lt; symbols.size(), (j++)]): null

2019-08-24 09:57:11 - [TEST_STEP][PASSED] - symbol = symbol: null

2019-08-24 09:57:11 - [TEST_STEP][PASSED] - println(symbol): null

2019-08-24 09:57:11 - [TEST_STEP][PASSED] - if (i == 2 &amp;&amp; wildList.indexOf(symbol) != -1): null

2019-08-24 09:57:11 - [TEST_STEP][PASSED] - if (i == 3 &amp;&amp; wildList.indexOf(symbol) != -1): null

2019-08-24 09:57:11 - [TEST_STEP][PASSED] - if (i == 4 &amp;&amp; wildList.indexOf(symbol) != -1): null

2019-08-24 09:57:11 - [TEST_STEP][PASSED] - symbol = symbol: null

2019-08-24 09:57:11 - [TEST_STEP][PASSED] - println(symbol): null

2019-08-24 09:57:11 - [TEST_STEP][PASSED] - if (i == 2 &amp;&amp; wildList.indexOf(symbol) != -1): null

2019-08-24 09:57:11 - [TEST_STEP][PASSED] - if (i == 3 &amp;&amp; wildList.indexOf(symbol) != -1): null

2019-08-24 09:57:11 - [TEST_STEP][PASSED] - if (i == 4 &amp;&amp; wildList.indexOf(symbol) != -1): null

2019-08-24 09:57:11 - [TEST_STEP][PASSED] - symbol = symbol: null

2019-08-24 09:57:11 - [TEST_STEP][PASSED] - println(symbol): null

2019-08-24 09:57:11 - [TEST_STEP][PASSED] - if (i == 2 &amp;&amp; wildList.indexOf(symbol) != -1): null

2019-08-24 09:57:11 - [TEST_STEP][PASSED] - if (i == 3 &amp;&amp; wildList.indexOf(symbol) != -1): null

2019-08-24 09:57:11 - [TEST_STEP][PASSED] - if (i == 4 &amp;&amp; wildList.indexOf(symbol) != -1): null

2019-08-24 09:57:11 - [TEST_STEP][PASSED] - symbols = symbols: null

2019-08-24 09:57:11 - [TEST_STEP][PASSED] - for ([j = 0, j &lt; symbols.size(), (j++)]): null

2019-08-24 09:57:11 - [TEST_STEP][PASSED] - symbol = symbol: null

2019-08-24 09:57:11 - [TEST_STEP][PASSED] - println(symbol): null

2019-08-24 09:57:11 - [TEST_STEP][PASSED] - if (i == 2 &amp;&amp; wildList.indexOf(symbol) != -1): null

2019-08-24 09:57:11 - [TEST_STEP][PASSED] - if (i == 3 &amp;&amp; wildList.indexOf(symbol) != -1): null

2019-08-24 09:57:11 - [TEST_STEP][PASSED] - if (i == 4 &amp;&amp; wildList.indexOf(symbol) != -1): null

2019-08-24 09:57:11 - [TEST_STEP][PASSED] - symbol = symbol: null

2019-08-24 09:57:11 - [TEST_STEP][PASSED] - println(symbol): null

2019-08-24 09:57:11 - [TEST_STEP][PASSED] - if (i == 2 &amp;&amp; wildList.indexOf(symbol) != -1): null

2019-08-24 09:57:11 - [TEST_STEP][PASSED] - if (i == 3 &amp;&amp; wildList.indexOf(symbol) != -1): null

2019-08-24 09:57:11 - [TEST_STEP][PASSED] - if (i == 4 &amp;&amp; wildList.indexOf(symbol) != -1): null

2019-08-24 09:57:11 - [TEST_STEP][PASSED] - symbol = symbol: null

2019-08-24 09:57:11 - [TEST_STEP][PASSED] - println(symbol): null

2019-08-24 09:57:11 - [TEST_STEP][PASSED] - if (i == 2 &amp;&amp; wildList.indexOf(symbol) != -1): null

2019-08-24 09:57:11 - [TEST_STEP][PASSED] - if (i == 3 &amp;&amp; wildList.indexOf(symbol) != -1): null

2019-08-24 09:57:11 - [TEST_STEP][PASSED] - if (i == 4 &amp;&amp; wildList.indexOf(symbol) != -1): null

2019-08-24 09:57:11 - [TEST_STEP][PASSED] - symbols = symbols: null

2019-08-24 09:57:11 - [TEST_STEP][PASSED] - for ([j = 0, j &lt; symbols.size(), (j++)]): null

2019-08-24 09:57:11 - [TEST_STEP][PASSED] - symbol = symbol: null

2019-08-24 09:57:11 - [TEST_STEP][PASSED] - println(symbol): null

2019-08-24 09:57:11 - [TEST_STEP][PASSED] - if (i == 2 &amp;&amp; wildList.indexOf(symbol) != -1): null

2019-08-24 09:57:11 - [TEST_STEP][PASSED] - if (i == 3 &amp;&amp; wildList.indexOf(symbol) != -1): null

2019-08-24 09:57:11 - [TEST_STEP][PASSED] - if (i == 4 &amp;&amp; wildList.indexOf(symbol) != -1): null

2019-08-24 09:57:11 - [TEST_STEP][PASSED] - symbol = symbol: null

2019-08-24 09:57:11 - [TEST_STEP][PASSED] - println(symbol): null

2019-08-24 09:57:11 - [TEST_STEP][PASSED] - if (i == 2 &amp;&amp; wildList.indexOf(symbol) != -1): null

2019-08-24 09:57:11 - [TEST_STEP][PASSED] - if (i == 3 &amp;&amp; wildList.indexOf(symbol) != -1): null

2019-08-24 09:57:11 - [TEST_STEP][PASSED] - if (i == 4 &amp;&amp; wildList.indexOf(symbol) != -1): null

2019-08-24 09:57:11 - [TEST_STEP][PASSED] - symbol = symbol: null

2019-08-24 09:57:11 - [TEST_STEP][PASSED] - println(symbol): null

2019-08-24 09:57:11 - [TEST_STEP][PASSED] - if (i == 2 &amp;&amp; wildList.indexOf(symbol) != -1): null

2019-08-24 09:57:11 - [TEST_STEP][PASSED] - println("wild found on reel 3, adding counter by 1"): null

2019-08-24 09:57:11 - [TEST_STEP][PASSED] - free_spin_reel_counter[0] = free_spin_reel_counter[0] + 1: null

2019-08-24 09:57:11 - [TEST_STEP][PASSED] - if (i == 3 &amp;&amp; wildList.indexOf(symbol) != -1): null

2019-08-24 09:57:11 - [TEST_STEP][PASSED] - if (i == 4 &amp;&amp; wildList.indexOf(symbol) != -1): null

2019-08-24 09:57:11 - [TEST_STEP][PASSED] - symbols = symbols: null

2019-08-24 09:57:11 - [TEST_STEP][PASSED] - for ([j = 0, j &lt; symbols.size(), (j++)]): null

2019-08-24 09:57:11 - [TEST_STEP][PASSED] - symbol = symbol: null

2019-08-24 09:57:11 - [TEST_STEP][PASSED] - println(symbol): null

2019-08-24 09:57:11 - [TEST_STEP][PASSED] - if (i == 2 &amp;&amp; wildList.indexOf(symbol) != -1): null

2019-08-24 09:57:11 - [TEST_STEP][PASSED] - if (i == 3 &amp;&amp; wildList.indexOf(symbol) != -1): null

2019-08-24 09:57:11 - [TEST_STEP][PASSED] - if (i == 4 &amp;&amp; wildList.indexOf(symbol) != -1): null

2019-08-24 09:57:11 - [TEST_STEP][PASSED] - symbol = symbol: null

2019-08-24 09:57:11 - [TEST_STEP][PASSED] - println(symbol): null

2019-08-24 09:57:11 - [TEST_STEP][PASSED] - if (i == 2 &amp;&amp; wildList.indexOf(symbol) != -1): null

2019-08-24 09:57:11 - [TEST_STEP][PASSED] - if (i == 3 &amp;&amp; wildList.indexOf(symbol) != -1): null

2019-08-24 09:57:11 - [TEST_STEP][PASSED] - if (i == 4 &amp;&amp; wildList.indexOf(symbol) != -1): null

2019-08-24 09:57:11 - [TEST_STEP][PASSED] - symbol = symbol: null

2019-08-24 09:57:11 - [TEST_STEP][PASSED] - println(symbol): null

2019-08-24 09:57:11 - [TEST_STEP][PASSED] - if (i == 2 &amp;&amp; wildList.indexOf(symbol) != -1): null

2019-08-24 09:57:11 - [TEST_STEP][PASSED] - if (i == 3 &amp;&amp; wildList.indexOf(symbol) != -1): null

2019-08-24 09:57:11 - [TEST_STEP][PASSED] - if (i == 4 &amp;&amp; wildList.indexOf(symbol) != -1): null

2019-08-24 09:57:11 - [TEST_STEP][PASSED] - symbols = symbols: null

2019-08-24 09:57:11 - [TEST_STEP][PASSED] - for ([j = 0, j &lt; symbols.size(), (j++)]): null

2019-08-24 09:57:11 - [TEST_STEP][PASSED] - symbol = symbol: null

2019-08-24 09:57:11 - [TEST_STEP][PASSED] - println(symbol): null

2019-08-24 09:57:11 - [TEST_STEP][PASSED] - if (i == 2 &amp;&amp; wildList.indexOf(symbol) != -1): null

2019-08-24 09:57:11 - [TEST_STEP][PASSED] - if (i == 3 &amp;&amp; wildList.indexOf(symbol) != -1): null

2019-08-24 09:57:11 - [TEST_STEP][PASSED] - if (i == 4 &amp;&amp; wildList.indexOf(symbol) != -1): null

2019-08-24 09:57:11 - [TEST_STEP][PASSED] - symbol = symbol: null

2019-08-24 09:57:11 - [TEST_STEP][PASSED] - println(symbol): null

2019-08-24 09:57:11 - [TEST_STEP][PASSED] - if (i == 2 &amp;&amp; wildList.indexOf(symbol) != -1): null

2019-08-24 09:57:11 - [TEST_STEP][PASSED] - if (i == 3 &amp;&amp; wildList.indexOf(symbol) != -1): null

2019-08-24 09:57:11 - [TEST_STEP][PASSED] - if (i == 4 &amp;&amp; wildList.indexOf(symbol) != -1): null

2019-08-24 09:57:11 - [TEST_STEP][PASSED] - symbol = symbol: null

2019-08-24 09:57:11 - [TEST_STEP][PASSED] - println(symbol): null

2019-08-24 09:57:11 - [TEST_STEP][PASSED] - if (i == 2 &amp;&amp; wildList.indexOf(symbol) != -1): null

2019-08-24 09:57:11 - [TEST_STEP][PASSED] - if (i == 3 &amp;&amp; wildList.indexOf(symbol) != -1): null

2019-08-24 09:57:11 - [TEST_STEP][PASSED] - if (i == 4 &amp;&amp; wildList.indexOf(symbol) != -1): null

2019-08-24 09:57:11 - [TEST_STEP][PASSED] - free_spin_reel_counter = free_spin_reel_counter: null

2019-08-24 09:57:11 - [TEST_STEP][PASSED] - println("reel 3 wild found: " + free_spin_reel_counter[0]): null

2019-08-24 09:57:11 - [TEST_STEP][PASSED] - println("reel 4 wild found: " + free_spin_reel_counter[1]): null

2019-08-24 09:57:11 - [TEST_STEP][PASSED] - println("reel 5 wild found: " + free_spin_reel_counter[2]): null

2019-08-24 09:57:11 - [TEST_STEP][PASSED] - M4_spin_reels = M4_spin_reels: null

2019-08-24 09:57:11 - [TEST_STEP][PASSED] - M4_spin_reels_symbols = symbol: null

2019-08-24 09:57:11 - [TEST_STEP][PASSED] - M4_spin_reels_symbols = M4_spin_reels_symbols: null

2019-08-24 09:57:11 - [TEST_STEP][PASSED] - M4_spin_reel_wins = reel_wins: null

2019-08-24 09:57:11 - [TEST_STEP][PASSED] - M4_spin_reel_wins = M4_spin_reel_wins: null

2019-08-24 09:57:11 - [TEST_STEP][PASSED] - println("GlobalVariable.M4_spin_reel_wins is: " + M4_spin_reel_wins): null

2019-08-24 09:57:11 - [TEST_STEP][PASSED] - M4_spin_total_bonus_win_this_round = total_bonus_win_this_round: null

2019-08-24 09:57:11 - [TEST_STEP][PASSED] - M4_spin_total_bonus_win_this_round = M4_spin_total_bonus_win_this_round: null

2019-08-24 09:57:11 - [TEST_STEP][PASSED] - println("GlobalVariable.M4_spin_total_bonus_win_this_round is: " + M4_spin_total_bonus_win_this_round): null

2019-08-24 09:57:11 - [TEST_STEP][PASSED] - M4_spin_bonus_spin_result = spin_result: null

2019-08-24 09:57:11 - [TEST_STEP][PASSED] - M4_spin_bonus_spin_result = M4_spin_bonus_spin_result: null

2019-08-24 09:57:11 - [MESSAGE][PASSED] - Verify response successfully

2019-08-24 09:57:11 - [MESSAGE][PASSED] - Send request and verify the response successfully

2019-08-24 09:57:11 - [TEST_STEP][PASSED] - if (free_spin_reel_counter[0] &gt;= 1 &amp;&amp; free_spin_reel_counter[1] &gt;= 1 &amp;&amp; free_spin_reel_counter[2] &gt;= 1): null

2019-08-24 09:57:11 - [TEST_STEP][PASSED] - spin_result = sendRequestAndVerify(findTestObject("INT/RGS(M4)/1_M4_spin", ["M4_login_user_id":M4_login_user_id, "rgs_session_token":rgs_session_token, "partner":Partner])): Send request and verify the response successfully

2019-08-24 09:57:12 - [MESSAGE][INFO] - HAR: /Users/eiralee/Katalon_Script/SuperWild/Reports/20190824_095647/INT/superWild_1/20190824_095647/requests/main/11.har

2019-08-24 09:57:12 - [TEST_CASE][PASSED] - Start Test Case : Verification: Verification accomplished successfully

2019-08-24 09:57:12 - [TEST_STEP][PASSED] - request = getInstance().getCurrentRequest(): null

2019-08-24 09:57:12 - [TEST_STEP][PASSED] - response = getInstance().getCurrentResponse(): null

2019-08-24 09:57:12 - [TEST_STEP][PASSED] - verifyResponseStatusCode(response, 200): Verify response status code successfully

2019-08-24 09:57:12 - [MESSAGE][PASSED] - Verify response status code successfully

2019-08-24 09:57:12 - [TEST_STEP][PASSED] - getStatusCode()).isEqualTo(200): null

2019-08-24 09:57:12 - [TEST_STEP][PASSED] - newline = System.getProperty("line.separator"): null

2019-08-24 09:57:12 - [TEST_STEP][PASSED] - M4_spin = new groovy.json.JsonSlurper(): null

2019-08-24 09:57:12 - [TEST_STEP][PASSED] - result_M4_spin = M4_spin.parseText(response.getResponseBodyContent()): null

2019-08-24 09:57:12 - [TEST_STEP][PASSED] - M4_spin_current_balance = current_balance: null

2019-08-24 09:57:12 - [TEST_STEP][PASSED] - M4_spin_current_balance = M4_spin_current_balance: null

2019-08-24 09:57:12 - [TEST_STEP][PASSED] - M4_spin_transaction_id = causality: null

2019-08-24 09:57:12 - [TEST_STEP][PASSED] - M4_spin_transaction_id = M4_spin_transaction_id: null

2019-08-24 09:57:12 - [TEST_STEP][PASSED] - M4_spin_round_id = round_id: null

2019-08-24 09:57:12 - [TEST_STEP][PASSED] - M4_spin_round_id = M4_spin_round_id: null

2019-08-24 09:57:12 - [TEST_STEP][PASSED] - M4_spin_line_wins = line_wins: null

2019-08-24 09:57:12 - [TEST_STEP][PASSED] - M4_spin_line_wins = M4_spin_line_wins: null

2019-08-24 09:57:12 - [TEST_STEP][PASSED] - M4_total_bonus_spins_int = total_bonus_spins: null

2019-08-24 09:57:12 - [TEST_STEP][PASSED] - println("******M4_total_bonus_spins type is:*******" + newline + getClass().getName()): null

2019-08-24 09:57:12 - [TEST_STEP][PASSED] - M4_total_bonus_spins_int = M4_total_bonus_spins_int: null

2019-08-24 09:57:12 - [TEST_STEP][PASSED] - M4_total_bonus_spins = Integer.toString(M4_total_bonus_spins_int): null

2019-08-24 09:57:12 - [TEST_STEP][PASSED] - M4_total_bonus_spins = M4_total_bonus_spins: null

2019-08-24 09:57:12 - [TEST_STEP][PASSED] - println("M4_total_bonus_spins is:" + M4_total_bonus_spins): null

2019-08-24 09:57:12 - [TEST_STEP][PASSED] - M4_spin_bonus_data = bonus_data: null

2019-08-24 09:57:12 - [TEST_STEP][PASSED] - M4_spin_features_triggered = result_M4_spin: null

2019-08-24 09:57:12 - [TEST_STEP][PASSED] - wild = []: null

2019-08-24 09:57:12 - [TEST_STEP][PASSED] - wild[0] = "WILD_Expanding": null

2019-08-24 09:57:12 - [TEST_STEP][PASSED] - wild[1] = "WILD_Normal": null

2019-08-24 09:57:12 - [TEST_STEP][PASSED] - wild[2] = "WILD_Double": null

2019-08-24 09:57:12 - [TEST_STEP][PASSED] - wild[3] = "WILD_ExtraFG": null

2019-08-24 09:57:12 - [TEST_STEP][PASSED] - wild[4] = "WILD_Triple": null

2019-08-24 09:57:12 - [TEST_STEP][PASSED] - wildList = Arrays.asList(wild): null

2019-08-24 09:57:12 - [TEST_STEP][PASSED] - wildList = wildList: null

2019-08-24 09:57:12 - [TEST_STEP][PASSED] - free_spin_reel_counter = []: null

2019-08-24 09:57:12 - [TEST_STEP][PASSED] - free_spin_reel_counter[0] = 0: null

2019-08-24 09:57:12 - [TEST_STEP][PASSED] - free_spin_reel_counter[1] = 0: null

2019-08-24 09:57:12 - [TEST_STEP][PASSED] - free_spin_reel_counter[2] = 0: null

2019-08-24 09:57:12 - [TEST_STEP][PASSED] - M4_spin_reels = reels: null

2019-08-24 09:57:12 - [TEST_STEP][PASSED] - for ([i = 0, i &lt; M4_spin_reels.size(), (i++)]): null

2019-08-24 09:57:12 - [TEST_STEP][PASSED] - symbols = symbols: null

2019-08-24 09:57:12 - [TEST_STEP][PASSED] - for ([j = 0, j &lt; symbols.size(), (j++)]): null

2019-08-24 09:57:12 - [TEST_STEP][PASSED] - symbol = symbol: null

2019-08-24 09:57:12 - [TEST_STEP][PASSED] - println(symbol): null

2019-08-24 09:57:12 - [TEST_STEP][PASSED] - if (i == 2 &amp;&amp; wildList.indexOf(symbol) != -1): null

2019-08-24 09:57:12 - [TEST_STEP][PASSED] - if (i == 3 &amp;&amp; wildList.indexOf(symbol) != -1): null

2019-08-24 09:57:12 - [TEST_STEP][PASSED] - if (i == 4 &amp;&amp; wildList.indexOf(symbol) != -1): null

2019-08-24 09:57:12 - [TEST_STEP][PASSED] - symbol = symbol: null

2019-08-24 09:57:12 - [TEST_STEP][PASSED] - println(symbol): null

2019-08-24 09:57:12 - [TEST_STEP][PASSED] - if (i == 2 &amp;&amp; wildList.indexOf(symbol) != -1): null

2019-08-24 09:57:12 - [TEST_STEP][PASSED] - if (i == 3 &amp;&amp; wildList.indexOf(symbol) != -1): null

2019-08-24 09:57:12 - [TEST_STEP][PASSED] - if (i == 4 &amp;&amp; wildList.indexOf(symbol) != -1): null

2019-08-24 09:57:12 - [TEST_STEP][PASSED] - symbol = symbol: null

2019-08-24 09:57:12 - [TEST_STEP][PASSED] - println(symbol): null

2019-08-24 09:57:12 - [TEST_STEP][PASSED] - if (i == 2 &amp;&amp; wildList.indexOf(symbol) != -1): null

2019-08-24 09:57:12 - [TEST_STEP][PASSED] - if (i == 3 &amp;&amp; wildList.indexOf(symbol) != -1): null

2019-08-24 09:57:12 - [TEST_STEP][PASSED] - if (i == 4 &amp;&amp; wildList.indexOf(symbol) != -1): null

2019-08-24 09:57:12 - [TEST_STEP][PASSED] - symbols = symbols: null

2019-08-24 09:57:12 - [TEST_STEP][PASSED] - for ([j = 0, j &lt; symbols.size(), (j++)]): null

2019-08-24 09:57:12 - [TEST_STEP][PASSED] - symbol = symbol: null

2019-08-24 09:57:12 - [TEST_STEP][PASSED] - println(symbol): null

2019-08-24 09:57:12 - [TEST_STEP][PASSED] - if (i == 2 &amp;&amp; wildList.indexOf(symbol) != -1): null

2019-08-24 09:57:12 - [TEST_STEP][PASSED] - if (i == 3 &amp;&amp; wildList.indexOf(symbol) != -1): null

2019-08-24 09:57:12 - [TEST_STEP][PASSED] - if (i == 4 &amp;&amp; wildList.indexOf(symbol) != -1): null

2019-08-24 09:57:12 - [TEST_STEP][PASSED] - symbol = symbol: null

2019-08-24 09:57:12 - [TEST_STEP][PASSED] - println(symbol): null

2019-08-24 09:57:12 - [TEST_STEP][PASSED] - if (i == 2 &amp;&amp; wildList.indexOf(symbol) != -1): null

2019-08-24 09:57:12 - [TEST_STEP][PASSED] - if (i == 3 &amp;&amp; wildList.indexOf(symbol) != -1): null

2019-08-24 09:57:12 - [TEST_STEP][PASSED] - if (i == 4 &amp;&amp; wildList.indexOf(symbol) != -1): null

2019-08-24 09:57:12 - [TEST_STEP][PASSED] - symbol = symbol: null

2019-08-24 09:57:12 - [TEST_STEP][PASSED] - println(symbol): null

2019-08-24 09:57:12 - [TEST_STEP][PASSED] - if (i == 2 &amp;&amp; wildList.indexOf(symbol) != -1): null

2019-08-24 09:57:12 - [TEST_STEP][PASSED] - if (i == 3 &amp;&amp; wildList.indexOf(symbol) != -1): null

2019-08-24 09:57:12 - [TEST_STEP][PASSED] - if (i == 4 &amp;&amp; wildList.indexOf(symbol) != -1): null

2019-08-24 09:57:12 - [TEST_STEP][PASSED] - symbols = symbols: null

2019-08-24 09:57:12 - [TEST_STEP][PASSED] - for ([j = 0, j &lt; symbols.size(), (j++)]): null

2019-08-24 09:57:12 - [TEST_STEP][PASSED] - symbol = symbol: null

2019-08-24 09:57:12 - [TEST_STEP][PASSED] - println(symbol): null

2019-08-24 09:57:12 - [TEST_STEP][PASSED] - if (i == 2 &amp;&amp; wildList.indexOf(symbol) != -1): null

2019-08-24 09:57:12 - [TEST_STEP][PASSED] - if (i == 3 &amp;&amp; wildList.indexOf(symbol) != -1): null

2019-08-24 09:57:12 - [TEST_STEP][PASSED] - if (i == 4 &amp;&amp; wildList.indexOf(symbol) != -1): null

2019-08-24 09:57:12 - [TEST_STEP][PASSED] - symbol = symbol: null

2019-08-24 09:57:12 - [TEST_STEP][PASSED] - println(symbol): null

2019-08-24 09:57:12 - [TEST_STEP][PASSED] - if (i == 2 &amp;&amp; wildList.indexOf(symbol) != -1): null

2019-08-24 09:57:12 - [TEST_STEP][PASSED] - if (i == 3 &amp;&amp; wildList.indexOf(symbol) != -1): null

2019-08-24 09:57:12 - [TEST_STEP][PASSED] - if (i == 4 &amp;&amp; wildList.indexOf(symbol) != -1): null

2019-08-24 09:57:12 - [TEST_STEP][PASSED] - symbol = symbol: null

2019-08-24 09:57:12 - [TEST_STEP][PASSED] - println(symbol): null

2019-08-24 09:57:12 - [TEST_STEP][PASSED] - if (i == 2 &amp;&amp; wildList.indexOf(symbol) != -1): null

2019-08-24 09:57:12 - [TEST_STEP][PASSED] - println("wild found on reel 3, adding counter by 1"): null

2019-08-24 09:57:12 - [TEST_STEP][PASSED] - free_spin_reel_counter[0] = free_spin_reel_counter[0] + 1: null

2019-08-24 09:57:12 - [TEST_STEP][PASSED] - if (i == 3 &amp;&amp; wildList.indexOf(symbol) != -1): null

2019-08-24 09:57:12 - [TEST_STEP][PASSED] - if (i == 4 &amp;&amp; wildList.indexOf(symbol) != -1): null

2019-08-24 09:57:12 - [TEST_STEP][PASSED] - symbols = symbols: null

2019-08-24 09:57:12 - [TEST_STEP][PASSED] - for ([j = 0, j &lt; symbols.size(), (j++)]): null

2019-08-24 09:57:12 - [TEST_STEP][PASSED] - symbol = symbol: null

2019-08-24 09:57:12 - [TEST_STEP][PASSED] - println(symbol): null

2019-08-24 09:57:12 - [TEST_STEP][PASSED] - if (i == 2 &amp;&amp; wildList.indexOf(symbol) != -1): null

2019-08-24 09:57:12 - [TEST_STEP][PASSED] - if (i == 3 &amp;&amp; wildList.indexOf(symbol) != -1): null

2019-08-24 09:57:12 - [TEST_STEP][PASSED] - if (i == 4 &amp;&amp; wildList.indexOf(symbol) != -1): null

2019-08-24 09:57:12 - [TEST_STEP][PASSED] - symbol = symbol: null

2019-08-24 09:57:12 - [TEST_STEP][PASSED] - println(symbol): null

2019-08-24 09:57:12 - [TEST_STEP][PASSED] - if (i == 2 &amp;&amp; wildList.indexOf(symbol) != -1): null

2019-08-24 09:57:12 - [TEST_STEP][PASSED] - if (i == 3 &amp;&amp; wildList.indexOf(symbol) != -1): null

2019-08-24 09:57:12 - [TEST_STEP][PASSED] - if (i == 4 &amp;&amp; wildList.indexOf(symbol) != -1): null

2019-08-24 09:57:12 - [TEST_STEP][PASSED] - symbol = symbol: null

2019-08-24 09:57:12 - [TEST_STEP][PASSED] - println(symbol): null

2019-08-24 09:57:12 - [TEST_STEP][PASSED] - if (i == 2 &amp;&amp; wildList.indexOf(symbol) != -1): null

2019-08-24 09:57:12 - [TEST_STEP][PASSED] - if (i == 3 &amp;&amp; wildList.indexOf(symbol) != -1): null

2019-08-24 09:57:12 - [TEST_STEP][PASSED] - if (i == 4 &amp;&amp; wildList.indexOf(symbol) != -1): null

2019-08-24 09:57:12 - [TEST_STEP][PASSED] - symbols = symbols: null

2019-08-24 09:57:12 - [TEST_STEP][PASSED] - for ([j = 0, j &lt; symbols.size(), (j++)]): null

2019-08-24 09:57:12 - [TEST_STEP][PASSED] - symbol = symbol: null

2019-08-24 09:57:12 - [TEST_STEP][PASSED] - println(symbol): null

2019-08-24 09:57:12 - [TEST_STEP][PASSED] - if (i == 2 &amp;&amp; wildList.indexOf(symbol) != -1): null

2019-08-24 09:57:12 - [TEST_STEP][PASSED] - if (i == 3 &amp;&amp; wildList.indexOf(symbol) != -1): null

2019-08-24 09:57:12 - [TEST_STEP][PASSED] - if (i == 4 &amp;&amp; wildList.indexOf(symbol) != -1): null

2019-08-24 09:57:12 - [TEST_STEP][PASSED] - symbol = symbol: null

2019-08-24 09:57:12 - [TEST_STEP][PASSED] - println(symbol): null

2019-08-24 09:57:12 - [TEST_STEP][PASSED] - if (i == 2 &amp;&amp; wildList.indexOf(symbol) != -1): null

2019-08-24 09:57:12 - [TEST_STEP][PASSED] - if (i == 3 &amp;&amp; wildList.indexOf(symbol) != -1): null

2019-08-24 09:57:12 - [TEST_STEP][PASSED] - if (i == 4 &amp;&amp; wildList.indexOf(symbol) != -1): null

2019-08-24 09:57:12 - [TEST_STEP][PASSED] - symbol = symbol: null

2019-08-24 09:57:12 - [TEST_STEP][PASSED] - println(symbol): null

2019-08-24 09:57:12 - [TEST_STEP][PASSED] - if (i == 2 &amp;&amp; wildList.indexOf(symbol) != -1): null

2019-08-24 09:57:12 - [TEST_STEP][PASSED] - if (i == 3 &amp;&amp; wildList.indexOf(symbol) != -1): null

2019-08-24 09:57:12 - [TEST_STEP][PASSED] - if (i == 4 &amp;&amp; wildList.indexOf(symbol) != -1): null

2019-08-24 09:57:12 - [TEST_STEP][PASSED] - free_spin_reel_counter = free_spin_reel_counter: null

2019-08-24 09:57:12 - [TEST_STEP][PASSED] - println("reel 3 wild found: " + free_spin_reel_counter[0]): null

2019-08-24 09:57:12 - [TEST_STEP][PASSED] - println("reel 4 wild found: " + free_spin_reel_counter[1]): null

2019-08-24 09:57:12 - [TEST_STEP][PASSED] - println("reel 5 wild found: " + free_spin_reel_counter[2]): null

2019-08-24 09:57:12 - [TEST_STEP][PASSED] - M4_spin_reels = M4_spin_reels: null

2019-08-24 09:57:12 - [TEST_STEP][PASSED] - M4_spin_reels_symbols = symbol: null

2019-08-24 09:57:12 - [TEST_STEP][PASSED] - M4_spin_reels_symbols = M4_spin_reels_symbols: null

2019-08-24 09:57:12 - [TEST_STEP][PASSED] - M4_spin_reel_wins = reel_wins: null

2019-08-24 09:57:12 - [TEST_STEP][PASSED] - M4_spin_reel_wins = M4_spin_reel_wins: null

2019-08-24 09:57:12 - [TEST_STEP][PASSED] - println("GlobalVariable.M4_spin_reel_wins is: " + M4_spin_reel_wins): null

2019-08-24 09:57:12 - [TEST_STEP][PASSED] - M4_spin_total_bonus_win_this_round = total_bonus_win_this_round: null

2019-08-24 09:57:12 - [TEST_STEP][PASSED] - M4_spin_total_bonus_win_this_round = M4_spin_total_bonus_win_this_round: null

2019-08-24 09:57:12 - [TEST_STEP][PASSED] - println("GlobalVariable.M4_spin_total_bonus_win_this_round is: " + M4_spin_total_bonus_win_this_round): null

2019-08-24 09:57:12 - [TEST_STEP][PASSED] - M4_spin_bonus_spin_result = spin_result: null

2019-08-24 09:57:12 - [TEST_STEP][PASSED] - M4_spin_bonus_spin_result = M4_spin_bonus_spin_result: null

2019-08-24 09:57:12 - [MESSAGE][PASSED] - Verify response successfully

2019-08-24 09:57:12 - [MESSAGE][PASSED] - Send request and verify the response successfully

2019-08-24 09:57:12 - [TEST_STEP][PASSED] - if (free_spin_reel_counter[0] &gt;= 1 &amp;&amp; free_spin_reel_counter[1] &gt;= 1 &amp;&amp; free_spin_reel_counter[2] &gt;= 1): null

2019-08-24 09:57:12 - [TEST_STEP][PASSED] - spin_result = sendRequestAndVerify(findTestObject("INT/RGS(M4)/1_M4_spin", ["M4_login_user_id":M4_login_user_id, "rgs_session_token":rgs_session_token, "partner":Partner])): Send request and verify the response successfully

2019-08-24 09:57:12 - [MESSAGE][INFO] - HAR: /Users/eiralee/Katalon_Script/SuperWild/Reports/20190824_095647/INT/superWild_1/20190824_095647/requests/main/12.har

2019-08-24 09:57:12 - [TEST_CASE][PASSED] - Start Test Case : Verification: Verification accomplished successfully

2019-08-24 09:57:12 - [TEST_STEP][PASSED] - request = getInstance().getCurrentRequest(): null

2019-08-24 09:57:13 - [TEST_STEP][PASSED] - response = getInstance().getCurrentResponse(): null

2019-08-24 09:57:13 - [TEST_STEP][PASSED] - verifyResponseStatusCode(response, 200): Verify response status code successfully

2019-08-24 09:57:13 - [MESSAGE][PASSED] - Verify response status code successfully

2019-08-24 09:57:13 - [TEST_STEP][PASSED] - getStatusCode()).isEqualTo(200): null

2019-08-24 09:57:13 - [TEST_STEP][PASSED] - newline = System.getProperty("line.separator"): null

2019-08-24 09:57:13 - [TEST_STEP][PASSED] - M4_spin = new groovy.json.JsonSlurper(): null

2019-08-24 09:57:13 - [TEST_STEP][PASSED] - result_M4_spin = M4_spin.parseText(response.getResponseBodyContent()): null

2019-08-24 09:57:13 - [TEST_STEP][PASSED] - M4_spin_current_balance = current_balance: null

2019-08-24 09:57:13 - [TEST_STEP][PASSED] - M4_spin_current_balance = M4_spin_current_balance: null

2019-08-24 09:57:13 - [TEST_STEP][PASSED] - M4_spin_transaction_id = causality: null

2019-08-24 09:57:13 - [TEST_STEP][PASSED] - M4_spin_transaction_id = M4_spin_transaction_id: null

2019-08-24 09:57:13 - [TEST_STEP][PASSED] - M4_spin_round_id = round_id: null

2019-08-24 09:57:13 - [TEST_STEP][PASSED] - M4_spin_round_id = M4_spin_round_id: null

2019-08-24 09:57:13 - [TEST_STEP][PASSED] - M4_spin_line_wins = line_wins: null

2019-08-24 09:57:13 - [TEST_STEP][PASSED] - M4_spin_line_wins = M4_spin_line_wins: null

2019-08-24 09:57:13 - [TEST_STEP][PASSED] - M4_total_bonus_spins_int = total_bonus_spins: null

2019-08-24 09:57:13 - [TEST_STEP][PASSED] - println("******M4_total_bonus_spins type is:*******" + newline + getClass().getName()): null

2019-08-24 09:57:13 - [TEST_STEP][PASSED] - M4_total_bonus_spins_int = M4_total_bonus_spins_int: null

2019-08-24 09:57:13 - [TEST_STEP][PASSED] - M4_total_bonus_spins = Integer.toString(M4_total_bonus_spins_int): null

2019-08-24 09:57:13 - [TEST_STEP][PASSED] - M4_total_bonus_spins = M4_total_bonus_spins: null

2019-08-24 09:57:13 - [TEST_STEP][PASSED] - println("M4_total_bonus_spins is:" + M4_total_bonus_spins): null

2019-08-24 09:57:13 - [TEST_STEP][PASSED] - M4_spin_bonus_data = bonus_data: null

2019-08-24 09:57:13 - [TEST_STEP][PASSED] - M4_spin_features_triggered = result_M4_spin: null

2019-08-24 09:57:13 - [TEST_STEP][PASSED] - wild = []: null

2019-08-24 09:57:13 - [TEST_STEP][PASSED] - wild[0] = "WILD_Expanding": null

2019-08-24 09:57:13 - [TEST_STEP][PASSED] - wild[1] = "WILD_Normal": null

2019-08-24 09:57:13 - [TEST_STEP][PASSED] - wild[2] = "WILD_Double": null

2019-08-24 09:57:13 - [TEST_STEP][PASSED] - wild[3] = "WILD_ExtraFG": null

2019-08-24 09:57:13 - [TEST_STEP][PASSED] - wild[4] = "WILD_Triple": null

2019-08-24 09:57:13 - [TEST_STEP][PASSED] - wildList = Arrays.asList(wild): null

2019-08-24 09:57:13 - [TEST_STEP][PASSED] - wildList = wildList: null

2019-08-24 09:57:13 - [TEST_STEP][PASSED] - free_spin_reel_counter = []: null

2019-08-24 09:57:13 - [TEST_STEP][PASSED] - free_spin_reel_counter[0] = 0: null

2019-08-24 09:57:13 - [TEST_STEP][PASSED] - free_spin_reel_counter[1] = 0: null

2019-08-24 09:57:13 - [TEST_STEP][PASSED] - free_spin_reel_counter[2] = 0: null

2019-08-24 09:57:13 - [TEST_STEP][PASSED] - M4_spin_reels = reels: null

2019-08-24 09:57:13 - [TEST_STEP][PASSED] - for ([i = 0, i &lt; M4_spin_reels.size(), (i++)]): null

2019-08-24 09:57:13 - [TEST_STEP][PASSED] - symbols = symbols: null

2019-08-24 09:57:13 - [TEST_STEP][PASSED] - for ([j = 0, j &lt; symbols.size(), (j++)]): null

2019-08-24 09:57:13 - [TEST_STEP][PASSED] - symbol = symbol: null

2019-08-24 09:57:13 - [TEST_STEP][PASSED] - println(symbol): null

2019-08-24 09:57:13 - [TEST_STEP][PASSED] - if (i == 2 &amp;&amp; wildList.indexOf(symbol) != -1): null

2019-08-24 09:57:13 - [TEST_STEP][PASSED] - if (i == 3 &amp;&amp; wildList.indexOf(symbol) != -1): null

2019-08-24 09:57:13 - [TEST_STEP][PASSED] - if (i == 4 &amp;&amp; wildList.indexOf(symbol) != -1): null

2019-08-24 09:57:13 - [TEST_STEP][PASSED] - symbol = symbol: null

2019-08-24 09:57:13 - [TEST_STEP][PASSED] - println(symbol): null

2019-08-24 09:57:13 - [TEST_STEP][PASSED] - if (i == 2 &amp;&amp; wildList.indexOf(symbol) != -1): null

2019-08-24 09:57:13 - [TEST_STEP][PASSED] - if (i == 3 &amp;&amp; wildList.indexOf(symbol) != -1): null

2019-08-24 09:57:13 - [TEST_STEP][PASSED] - if (i == 4 &amp;&amp; wildList.indexOf(symbol) != -1): null

2019-08-24 09:57:13 - [TEST_STEP][PASSED] - symbol = symbol: null

2019-08-24 09:57:13 - [TEST_STEP][PASSED] - println(symbol): null

2019-08-24 09:57:13 - [TEST_STEP][PASSED] - if (i == 2 &amp;&amp; wildList.indexOf(symbol) != -1): null

2019-08-24 09:57:13 - [TEST_STEP][PASSED] - if (i == 3 &amp;&amp; wildList.indexOf(symbol) != -1): null

2019-08-24 09:57:13 - [TEST_STEP][PASSED] - if (i == 4 &amp;&amp; wildList.indexOf(symbol) != -1): null

2019-08-24 09:57:13 - [TEST_STEP][PASSED] - symbols = symbols: null

2019-08-24 09:57:13 - [TEST_STEP][PASSED] - for ([j = 0, j &lt; symbols.size(), (j++)]): null

2019-08-24 09:57:13 - [TEST_STEP][PASSED] - symbol = symbol: null

2019-08-24 09:57:13 - [TEST_STEP][PASSED] - println(symbol): null

2019-08-24 09:57:13 - [TEST_STEP][PASSED] - if (i == 2 &amp;&amp; wildList.indexOf(symbol) != -1): null

2019-08-24 09:57:13 - [TEST_STEP][PASSED] - if (i == 3 &amp;&amp; wildList.indexOf(symbol) != -1): null

2019-08-24 09:57:13 - [TEST_STEP][PASSED] - if (i == 4 &amp;&amp; wildList.indexOf(symbol) != -1): null

2019-08-24 09:57:13 - [TEST_STEP][PASSED] - symbol = symbol: null

2019-08-24 09:57:13 - [TEST_STEP][PASSED] - println(symbol): null

2019-08-24 09:57:13 - [TEST_STEP][PASSED] - if (i == 2 &amp;&amp; wildList.indexOf(symbol) != -1): null

2019-08-24 09:57:13 - [TEST_STEP][PASSED] - if (i == 3 &amp;&amp; wildList.indexOf(symbol) != -1): null

2019-08-24 09:57:13 - [TEST_STEP][PASSED] - if (i == 4 &amp;&amp; wildList.indexOf(symbol) != -1): null

2019-08-24 09:57:13 - [TEST_STEP][PASSED] - symbol = symbol: null

2019-08-24 09:57:13 - [TEST_STEP][PASSED] - println(symbol): null

2019-08-24 09:57:13 - [TEST_STEP][PASSED] - if (i == 2 &amp;&amp; wildList.indexOf(symbol) != -1): null

2019-08-24 09:57:13 - [TEST_STEP][PASSED] - if (i == 3 &amp;&amp; wildList.indexOf(symbol) != -1): null

2019-08-24 09:57:13 - [TEST_STEP][PASSED] - if (i == 4 &amp;&amp; wildList.indexOf(symbol) != -1): null

2019-08-24 09:57:13 - [TEST_STEP][PASSED] - symbols = symbols: null

2019-08-24 09:57:13 - [TEST_STEP][PASSED] - for ([j = 0, j &lt; symbols.size(), (j++)]): null

2019-08-24 09:57:13 - [TEST_STEP][PASSED] - symbol = symbol: null

2019-08-24 09:57:13 - [TEST_STEP][PASSED] - println(symbol): null

2019-08-24 09:57:13 - [TEST_STEP][PASSED] - if (i == 2 &amp;&amp; wildList.indexOf(symbol) != -1): null

2019-08-24 09:57:13 - [TEST_STEP][PASSED] - if (i == 3 &amp;&amp; wildList.indexOf(symbol) != -1): null

2019-08-24 09:57:13 - [TEST_STEP][PASSED] - if (i == 4 &amp;&amp; wildList.indexOf(symbol) != -1): null

2019-08-24 09:57:13 - [TEST_STEP][PASSED] - symbol = symbol: null

2019-08-24 09:57:13 - [TEST_STEP][PASSED] - println(symbol): null

2019-08-24 09:57:13 - [TEST_STEP][PASSED] - if (i == 2 &amp;&amp; wildList.indexOf(symbol) != -1): null

2019-08-24 09:57:13 - [TEST_STEP][PASSED] - if (i == 3 &amp;&amp; wildList.indexOf(symbol) != -1): null

2019-08-24 09:57:13 - [TEST_STEP][PASSED] - if (i == 4 &amp;&amp; wildList.indexOf(symbol) != -1): null

2019-08-24 09:57:13 - [TEST_STEP][PASSED] - symbol = symbol: null

2019-08-24 09:57:13 - [TEST_STEP][PASSED] - println(symbol): null

2019-08-24 09:57:13 - [TEST_STEP][PASSED] - if (i == 2 &amp;&amp; wildList.indexOf(symbol) != -1): null

2019-08-24 09:57:13 - [TEST_STEP][PASSED] - if (i == 3 &amp;&amp; wildList.indexOf(symbol) != -1): null

2019-08-24 09:57:13 - [TEST_STEP][PASSED] - if (i == 4 &amp;&amp; wildList.indexOf(symbol) != -1): null

2019-08-24 09:57:13 - [TEST_STEP][PASSED] - symbols = symbols: null

2019-08-24 09:57:13 - [TEST_STEP][PASSED] - for ([j = 0, j &lt; symbols.size(), (j++)]): null

2019-08-24 09:57:13 - [TEST_STEP][PASSED] - symbol = symbol: null

2019-08-24 09:57:13 - [TEST_STEP][PASSED] - println(symbol): null

2019-08-24 09:57:13 - [TEST_STEP][PASSED] - if (i == 2 &amp;&amp; wildList.indexOf(symbol) != -1): null

2019-08-24 09:57:13 - [TEST_STEP][PASSED] - if (i == 3 &amp;&amp; wildList.indexOf(symbol) != -1): null

2019-08-24 09:57:13 - [TEST_STEP][PASSED] - if (i == 4 &amp;&amp; wildList.indexOf(symbol) != -1): null

2019-08-24 09:57:13 - [TEST_STEP][PASSED] - symbol = symbol: null

2019-08-24 09:57:13 - [TEST_STEP][PASSED] - println(symbol): null

2019-08-24 09:57:13 - [TEST_STEP][PASSED] - if (i == 2 &amp;&amp; wildList.indexOf(symbol) != -1): null

2019-08-24 09:57:13 - [TEST_STEP][PASSED] - if (i == 3 &amp;&amp; wildList.indexOf(symbol) != -1): null

2019-08-24 09:57:13 - [TEST_STEP][PASSED] - if (i == 4 &amp;&amp; wildList.indexOf(symbol) != -1): null

2019-08-24 09:57:13 - [TEST_STEP][PASSED] - symbol = symbol: null

2019-08-24 09:57:13 - [TEST_STEP][PASSED] - println(symbol): null

2019-08-24 09:57:13 - [TEST_STEP][PASSED] - if (i == 2 &amp;&amp; wildList.indexOf(symbol) != -1): null

2019-08-24 09:57:13 - [TEST_STEP][PASSED] - if (i == 3 &amp;&amp; wildList.indexOf(symbol) != -1): null

2019-08-24 09:57:13 - [TEST_STEP][PASSED] - if (i == 4 &amp;&amp; wildList.indexOf(symbol) != -1): null

2019-08-24 09:57:13 - [TEST_STEP][PASSED] - symbols = symbols: null

2019-08-24 09:57:13 - [TEST_STEP][PASSED] - for ([j = 0, j &lt; symbols.size(), (j++)]): null

2019-08-24 09:57:13 - [TEST_STEP][PASSED] - symbol = symbol: null

2019-08-24 09:57:13 - [TEST_STEP][PASSED] - println(symbol): null

2019-08-24 09:57:13 - [TEST_STEP][PASSED] - if (i == 2 &amp;&amp; wildList.indexOf(symbol) != -1): null

2019-08-24 09:57:13 - [TEST_STEP][PASSED] - if (i == 3 &amp;&amp; wildList.indexOf(symbol) != -1): null

2019-08-24 09:57:13 - [TEST_STEP][PASSED] - if (i == 4 &amp;&amp; wildList.indexOf(symbol) != -1): null

2019-08-24 09:57:13 - [TEST_STEP][PASSED] - symbol = symbol: null

2019-08-24 09:57:13 - [TEST_STEP][PASSED] - println(symbol): null

2019-08-24 09:57:13 - [TEST_STEP][PASSED] - if (i == 2 &amp;&amp; wildList.indexOf(symbol) != -1): null

2019-08-24 09:57:13 - [TEST_STEP][PASSED] - if (i == 3 &amp;&amp; wildList.indexOf(symbol) != -1): null

2019-08-24 09:57:13 - [TEST_STEP][PASSED] - if (i == 4 &amp;&amp; wildList.indexOf(symbol) != -1): null

2019-08-24 09:57:13 - [TEST_STEP][PASSED] - symbol = symbol: null

2019-08-24 09:57:13 - [TEST_STEP][PASSED] - println(symbol): null

2019-08-24 09:57:13 - [TEST_STEP][PASSED] - if (i == 2 &amp;&amp; wildList.indexOf(symbol) != -1): null

2019-08-24 09:57:13 - [TEST_STEP][PASSED] - if (i == 3 &amp;&amp; wildList.indexOf(symbol) != -1): null

2019-08-24 09:57:13 - [TEST_STEP][PASSED] - if (i == 4 &amp;&amp; wildList.indexOf(symbol) != -1): null

2019-08-24 09:57:13 - [TEST_STEP][PASSED] - println("wild found on reel 5, adding counter by 1"): null

2019-08-24 09:57:13 - [TEST_STEP][PASSED] - free_spin_reel_counter[2] = free_spin_reel_counter[2] + 1: null

2019-08-24 09:57:13 - [TEST_STEP][PASSED] - free_spin_reel_counter = free_spin_reel_counter: null

2019-08-24 09:57:13 - [TEST_STEP][PASSED] - println("reel 3 wild found: " + free_spin_reel_counter[0]): null

2019-08-24 09:57:13 - [TEST_STEP][PASSED] - println("reel 4 wild found: " + free_spin_reel_counter[1]): null

2019-08-24 09:57:13 - [TEST_STEP][PASSED] - println("reel 5 wild found: " + free_spin_reel_counter[2]): null

2019-08-24 09:57:13 - [TEST_STEP][PASSED] - M4_spin_reels = M4_spin_reels: null

2019-08-24 09:57:13 - [TEST_STEP][PASSED] - M4_spin_reels_symbols = symbol: null

2019-08-24 09:57:13 - [TEST_STEP][PASSED] - M4_spin_reels_symbols = M4_spin_reels_symbols: null

2019-08-24 09:57:13 - [TEST_STEP][PASSED] - M4_spin_reel_wins = reel_wins: null

2019-08-24 09:57:13 - [TEST_STEP][PASSED] - M4_spin_reel_wins = M4_spin_reel_wins: null

2019-08-24 09:57:13 - [TEST_STEP][PASSED] - println("GlobalVariable.M4_spin_reel_wins is: " + M4_spin_reel_wins): null

2019-08-24 09:57:13 - [TEST_STEP][PASSED] - M4_spin_total_bonus_win_this_round = total_bonus_win_this_round: null

2019-08-24 09:57:13 - [TEST_STEP][PASSED] - M4_spin_total_bonus_win_this_round = M4_spin_total_bonus_win_this_round: null

2019-08-24 09:57:13 - [TEST_STEP][PASSED] - println("GlobalVariable.M4_spin_total_bonus_win_this_round is: " + M4_spin_total_bonus_win_this_round): null

2019-08-24 09:57:13 - [TEST_STEP][PASSED] - M4_spin_bonus_spin_result = spin_result: null

2019-08-24 09:57:13 - [TEST_STEP][PASSED] - M4_spin_bonus_spin_result = M4_spin_bonus_spin_result: null

2019-08-24 09:57:13 - [MESSAGE][PASSED] - Verify response successfully

2019-08-24 09:57:13 - [MESSAGE][PASSED] - Send request and verify the response successfully

2019-08-24 09:57:13 - [TEST_STEP][PASSED] - if (free_spin_reel_counter[0] &gt;= 1 &amp;&amp; free_spin_reel_counter[1] &gt;= 1 &amp;&amp; free_spin_reel_counter[2] &gt;= 1): null

2019-08-24 09:57:13 - [TEST_STEP][PASSED] - spin_result = sendRequestAndVerify(findTestObject("INT/RGS(M4)/1_M4_spin", ["M4_login_user_id":M4_login_user_id, "rgs_session_token":rgs_session_token, "partner":Partner])): Send request and verify the response successfully

2019-08-24 09:57:13 - [MESSAGE][INFO] - HAR: /Users/eiralee/Katalon_Script/SuperWild/Reports/20190824_095647/INT/superWild_1/20190824_095647/requests/main/13.har

2019-08-24 09:57:13 - [TEST_CASE][PASSED] - Start Test Case : Verification: Verification accomplished successfully

2019-08-24 09:57:13 - [TEST_STEP][PASSED] - request = getInstance().getCurrentRequest(): null

2019-08-24 09:57:13 - [TEST_STEP][PASSED] - response = getInstance().getCurrentResponse(): null

2019-08-24 09:57:13 - [TEST_STEP][PASSED] - verifyResponseStatusCode(response, 200): Verify response status code successfully

2019-08-24 09:57:13 - [MESSAGE][PASSED] - Verify response status code successfully

2019-08-24 09:57:13 - [TEST_STEP][PASSED] - getStatusCode()).isEqualTo(200): null

2019-08-24 09:57:13 - [TEST_STEP][PASSED] - newline = System.getProperty("line.separator"): null

2019-08-24 09:57:13 - [TEST_STEP][PASSED] - M4_spin = new groovy.json.JsonSlurper(): null

2019-08-24 09:57:13 - [TEST_STEP][PASSED] - result_M4_spin = M4_spin.parseText(response.getResponseBodyContent()): null

2019-08-24 09:57:13 - [TEST_STEP][PASSED] - M4_spin_current_balance = current_balance: null

2019-08-24 09:57:13 - [TEST_STEP][PASSED] - M4_spin_current_balance = M4_spin_current_balance: null

2019-08-24 09:57:13 - [TEST_STEP][PASSED] - M4_spin_transaction_id = causality: null

2019-08-24 09:57:13 - [TEST_STEP][PASSED] - M4_spin_transaction_id = M4_spin_transaction_id: null

2019-08-24 09:57:13 - [TEST_STEP][PASSED] - M4_spin_round_id = round_id: null

2019-08-24 09:57:13 - [TEST_STEP][PASSED] - M4_spin_round_id = M4_spin_round_id: null

2019-08-24 09:57:13 - [TEST_STEP][PASSED] - M4_spin_line_wins = line_wins: null

2019-08-24 09:57:13 - [TEST_STEP][PASSED] - M4_spin_line_wins = M4_spin_line_wins: null

2019-08-24 09:57:13 - [TEST_STEP][PASSED] - M4_total_bonus_spins_int = total_bonus_spins: null

2019-08-24 09:57:13 - [TEST_STEP][PASSED] - println("******M4_total_bonus_spins type is:*******" + newline + getClass().getName()): null

2019-08-24 09:57:13 - [TEST_STEP][PASSED] - M4_total_bonus_spins_int = M4_total_bonus_spins_int: null

2019-08-24 09:57:13 - [TEST_STEP][PASSED] - M4_total_bonus_spins = Integer.toString(M4_total_bonus_spins_int): null

2019-08-24 09:57:13 - [TEST_STEP][PASSED] - M4_total_bonus_spins = M4_total_bonus_spins: null

2019-08-24 09:57:13 - [TEST_STEP][PASSED] - println("M4_total_bonus_spins is:" + M4_total_bonus_spins): null

2019-08-24 09:57:13 - [TEST_STEP][PASSED] - M4_spin_bonus_data = bonus_data: null

2019-08-24 09:57:13 - [TEST_STEP][PASSED] - M4_spin_features_triggered = result_M4_spin: null

2019-08-24 09:57:13 - [TEST_STEP][PASSED] - wild = []: null

2019-08-24 09:57:13 - [TEST_STEP][PASSED] - wild[0] = "WILD_Expanding": null

2019-08-24 09:57:13 - [TEST_STEP][PASSED] - wild[1] = "WILD_Normal": null

2019-08-24 09:57:13 - [TEST_STEP][PASSED] - wild[2] = "WILD_Double": null

2019-08-24 09:57:13 - [TEST_STEP][PASSED] - wild[3] = "WILD_ExtraFG": null

2019-08-24 09:57:13 - [TEST_STEP][PASSED] - wild[4] = "WILD_Triple": null

2019-08-24 09:57:13 - [TEST_STEP][PASSED] - wildList = Arrays.asList(wild): null

2019-08-24 09:57:13 - [TEST_STEP][PASSED] - wildList = wildList: null

2019-08-24 09:57:13 - [TEST_STEP][PASSED] - free_spin_reel_counter = []: null

2019-08-24 09:57:13 - [TEST_STEP][PASSED] - free_spin_reel_counter[0] = 0: null

2019-08-24 09:57:13 - [TEST_STEP][PASSED] - free_spin_reel_counter[1] = 0: null

2019-08-24 09:57:13 - [TEST_STEP][PASSED] - free_spin_reel_counter[2] = 0: null

2019-08-24 09:57:13 - [TEST_STEP][PASSED] - M4_spin_reels = reels: null

2019-08-24 09:57:13 - [TEST_STEP][PASSED] - for ([i = 0, i &lt; M4_spin_reels.size(), (i++)]): null

2019-08-24 09:57:13 - [TEST_STEP][PASSED] - symbols = symbols: null

2019-08-24 09:57:13 - [TEST_STEP][PASSED] - for ([j = 0, j &lt; symbols.size(), (j++)]): null

2019-08-24 09:57:13 - [TEST_STEP][PASSED] - symbol = symbol: null

2019-08-24 09:57:13 - [TEST_STEP][PASSED] - println(symbol): null

2019-08-24 09:57:13 - [TEST_STEP][PASSED] - if (i == 2 &amp;&amp; wildList.indexOf(symbol) != -1): null

2019-08-24 09:57:13 - [TEST_STEP][PASSED] - if (i == 3 &amp;&amp; wildList.indexOf(symbol) != -1): null

2019-08-24 09:57:13 - [TEST_STEP][PASSED] - if (i == 4 &amp;&amp; wildList.indexOf(symbol) != -1): null

2019-08-24 09:57:13 - [TEST_STEP][PASSED] - symbol = symbol: null

2019-08-24 09:57:13 - [TEST_STEP][PASSED] - println(symbol): null

2019-08-24 09:57:13 - [TEST_STEP][PASSED] - if (i == 2 &amp;&amp; wildList.indexOf(symbol) != -1): null

2019-08-24 09:57:13 - [TEST_STEP][PASSED] - if (i == 3 &amp;&amp; wildList.indexOf(symbol) != -1): null

2019-08-24 09:57:13 - [TEST_STEP][PASSED] - if (i == 4 &amp;&amp; wildList.indexOf(symbol) != -1): null

2019-08-24 09:57:13 - [TEST_STEP][PASSED] - symbol = symbol: null

2019-08-24 09:57:13 - [TEST_STEP][PASSED] - println(symbol): null

2019-08-24 09:57:13 - [TEST_STEP][PASSED] - if (i == 2 &amp;&amp; wildList.indexOf(symbol) != -1): null

2019-08-24 09:57:13 - [TEST_STEP][PASSED] - if (i == 3 &amp;&amp; wildList.indexOf(symbol) != -1): null

2019-08-24 09:57:13 - [TEST_STEP][PASSED] - if (i == 4 &amp;&amp; wildList.indexOf(symbol) != -1): null

2019-08-24 09:57:13 - [TEST_STEP][PASSED] - symbols = symbols: null

2019-08-24 09:57:13 - [TEST_STEP][PASSED] - for ([j = 0, j &lt; symbols.size(), (j++)]): null

2019-08-24 09:57:13 - [TEST_STEP][PASSED] - symbol = symbol: null

2019-08-24 09:57:13 - [TEST_STEP][PASSED] - println(symbol): null

2019-08-24 09:57:13 - [TEST_STEP][PASSED] - if (i == 2 &amp;&amp; wildList.indexOf(symbol) != -1): null

2019-08-24 09:57:13 - [TEST_STEP][PASSED] - if (i == 3 &amp;&amp; wildList.indexOf(symbol) != -1): null

2019-08-24 09:57:13 - [TEST_STEP][PASSED] - if (i == 4 &amp;&amp; wildList.indexOf(symbol) != -1): null

2019-08-24 09:57:13 - [TEST_STEP][PASSED] - symbol = symbol: null

2019-08-24 09:57:13 - [TEST_STEP][PASSED] - println(symbol): null

2019-08-24 09:57:13 - [TEST_STEP][PASSED] - if (i == 2 &amp;&amp; wildList.indexOf(symbol) != -1): null

2019-08-24 09:57:13 - [TEST_STEP][PASSED] - if (i == 3 &amp;&amp; wildList.indexOf(symbol) != -1): null

2019-08-24 09:57:13 - [TEST_STEP][PASSED] - if (i == 4 &amp;&amp; wildList.indexOf(symbol) != -1): null

2019-08-24 09:57:13 - [TEST_STEP][PASSED] - symbol = symbol: null

2019-08-24 09:57:13 - [TEST_STEP][PASSED] - println(symbol): null

2019-08-24 09:57:13 - [TEST_STEP][PASSED] - if (i == 2 &amp;&amp; wildList.indexOf(symbol) != -1): null

2019-08-24 09:57:13 - [TEST_STEP][PASSED] - if (i == 3 &amp;&amp; wildList.indexOf(symbol) != -1): null

2019-08-24 09:57:13 - [TEST_STEP][PASSED] - if (i == 4 &amp;&amp; wildList.indexOf(symbol) != -1): null

2019-08-24 09:57:13 - [TEST_STEP][PASSED] - symbols = symbols: null

2019-08-24 09:57:13 - [TEST_STEP][PASSED] - for ([j = 0, j &lt; symbols.size(), (j++)]): null

2019-08-24 09:57:13 - [TEST_STEP][PASSED] - symbol = symbol: null

2019-08-24 09:57:13 - [TEST_STEP][PASSED] - println(symbol): null

2019-08-24 09:57:13 - [TEST_STEP][PASSED] - if (i == 2 &amp;&amp; wildList.indexOf(symbol) != -1): null

2019-08-24 09:57:13 - [TEST_STEP][PASSED] - if (i == 3 &amp;&amp; wildList.indexOf(symbol) != -1): null

2019-08-24 09:57:13 - [TEST_STEP][PASSED] - if (i == 4 &amp;&amp; wildList.indexOf(symbol) != -1): null

2019-08-24 09:57:13 - [TEST_STEP][PASSED] - symbol = symbol: null

2019-08-24 09:57:13 - [TEST_STEP][PASSED] - println(symbol): null

2019-08-24 09:57:13 - [TEST_STEP][PASSED] - if (i == 2 &amp;&amp; wildList.indexOf(symbol) != -1): null

2019-08-24 09:57:13 - [TEST_STEP][PASSED] - println("wild found on reel 3, adding counter by 1"): null

2019-08-24 09:57:13 - [TEST_STEP][PASSED] - free_spin_reel_counter[0] = free_spin_reel_counter[0] + 1: null

2019-08-24 09:57:13 - [TEST_STEP][PASSED] - if (i == 3 &amp;&amp; wildList.indexOf(symbol) != -1): null

2019-08-24 09:57:13 - [TEST_STEP][PASSED] - if (i == 4 &amp;&amp; wildList.indexOf(symbol) != -1): null

2019-08-24 09:57:13 - [TEST_STEP][PASSED] - symbol = symbol: null

2019-08-24 09:57:13 - [TEST_STEP][PASSED] - println(symbol): null

2019-08-24 09:57:13 - [TEST_STEP][PASSED] - if (i == 2 &amp;&amp; wildList.indexOf(symbol) != -1): null

2019-08-24 09:57:13 - [TEST_STEP][PASSED] - if (i == 3 &amp;&amp; wildList.indexOf(symbol) != -1): null

2019-08-24 09:57:13 - [TEST_STEP][PASSED] - if (i == 4 &amp;&amp; wildList.indexOf(symbol) != -1): null

2019-08-24 09:57:13 - [TEST_STEP][PASSED] - symbols = symbols: null

2019-08-24 09:57:13 - [TEST_STEP][PASSED] - for ([j = 0, j &lt; symbols.size(), (j++)]): null

2019-08-24 09:57:13 - [TEST_STEP][PASSED] - symbol = symbol: null

2019-08-24 09:57:13 - [TEST_STEP][PASSED] - println(symbol): null

2019-08-24 09:57:13 - [TEST_STEP][PASSED] - if (i == 2 &amp;&amp; wildList.indexOf(symbol) != -1): null

2019-08-24 09:57:13 - [TEST_STEP][PASSED] - if (i == 3 &amp;&amp; wildList.indexOf(symbol) != -1): null

2019-08-24 09:57:13 - [TEST_STEP][PASSED] - if (i == 4 &amp;&amp; wildList.indexOf(symbol) != -1): null

2019-08-24 09:57:13 - [TEST_STEP][PASSED] - symbol = symbol: null

2019-08-24 09:57:13 - [TEST_STEP][PASSED] - println(symbol): null

2019-08-24 09:57:13 - [TEST_STEP][PASSED] - if (i == 2 &amp;&amp; wildList.indexOf(symbol) != -1): null

2019-08-24 09:57:13 - [TEST_STEP][PASSED] - if (i == 3 &amp;&amp; wildList.indexOf(symbol) != -1): null

2019-08-24 09:57:13 - [TEST_STEP][PASSED] - if (i == 4 &amp;&amp; wildList.indexOf(symbol) != -1): null

2019-08-24 09:57:13 - [TEST_STEP][PASSED] - symbol = symbol: null

2019-08-24 09:57:13 - [TEST_STEP][PASSED] - println(symbol): null

2019-08-24 09:57:13 - [TEST_STEP][PASSED] - if (i == 2 &amp;&amp; wildList.indexOf(symbol) != -1): null

2019-08-24 09:57:13 - [TEST_STEP][PASSED] - if (i == 3 &amp;&amp; wildList.indexOf(symbol) != -1): null

2019-08-24 09:57:13 - [TEST_STEP][PASSED] - if (i == 4 &amp;&amp; wildList.indexOf(symbol) != -1): null

2019-08-24 09:57:13 - [TEST_STEP][PASSED] - symbols = symbols: null

2019-08-24 09:57:13 - [TEST_STEP][PASSED] - for ([j = 0, j &lt; symbols.size(), (j++)]): null

2019-08-24 09:57:13 - [TEST_STEP][PASSED] - symbol = symbol: null

2019-08-24 09:57:13 - [TEST_STEP][PASSED] - println(symbol): null

2019-08-24 09:57:13 - [TEST_STEP][PASSED] - if (i == 2 &amp;&amp; wildList.indexOf(symbol) != -1): null

2019-08-24 09:57:13 - [TEST_STEP][PASSED] - if (i == 3 &amp;&amp; wildList.indexOf(symbol) != -1): null

2019-08-24 09:57:13 - [TEST_STEP][PASSED] - if (i == 4 &amp;&amp; wildList.indexOf(symbol) != -1): null

2019-08-24 09:57:13 - [TEST_STEP][PASSED] - symbol = symbol: null

2019-08-24 09:57:13 - [TEST_STEP][PASSED] - println(symbol): null

2019-08-24 09:57:13 - [TEST_STEP][PASSED] - if (i == 2 &amp;&amp; wildList.indexOf(symbol) != -1): null

2019-08-24 09:57:13 - [TEST_STEP][PASSED] - if (i == 3 &amp;&amp; wildList.indexOf(symbol) != -1): null

2019-08-24 09:57:13 - [TEST_STEP][PASSED] - if (i == 4 &amp;&amp; wildList.indexOf(symbol) != -1): null

2019-08-24 09:57:13 - [TEST_STEP][PASSED] - symbol = symbol: null

2019-08-24 09:57:13 - [TEST_STEP][PASSED] - println(symbol): null

2019-08-24 09:57:13 - [TEST_STEP][PASSED] - if (i == 2 &amp;&amp; wildList.indexOf(symbol) != -1): null

2019-08-24 09:57:13 - [TEST_STEP][PASSED] - if (i == 3 &amp;&amp; wildList.indexOf(symbol) != -1): null

2019-08-24 09:57:13 - [TEST_STEP][PASSED] - if (i == 4 &amp;&amp; wildList.indexOf(symbol) != -1): null

2019-08-24 09:57:13 - [TEST_STEP][PASSED] - free_spin_reel_counter = free_spin_reel_counter: null

2019-08-24 09:57:13 - [TEST_STEP][PASSED] - println("reel 3 wild found: " + free_spin_reel_counter[0]): null

2019-08-24 09:57:13 - [TEST_STEP][PASSED] - println("reel 4 wild found: " + free_spin_reel_counter[1]): null

2019-08-24 09:57:13 - [TEST_STEP][PASSED] - println("reel 5 wild found: " + free_spin_reel_counter[2]): null

2019-08-24 09:57:13 - [TEST_STEP][PASSED] - M4_spin_reels = M4_spin_reels: null

2019-08-24 09:57:13 - [TEST_STEP][PASSED] - M4_spin_reels_symbols = symbol: null

2019-08-24 09:57:13 - [TEST_STEP][PASSED] - M4_spin_reels_symbols = M4_spin_reels_symbols: null

2019-08-24 09:57:13 - [TEST_STEP][PASSED] - M4_spin_reel_wins = reel_wins: null

2019-08-24 09:57:13 - [TEST_STEP][PASSED] - M4_spin_reel_wins = M4_spin_reel_wins: null

2019-08-24 09:57:13 - [TEST_STEP][PASSED] - println("GlobalVariable.M4_spin_reel_wins is: " + M4_spin_reel_wins): null

2019-08-24 09:57:13 - [TEST_STEP][PASSED] - M4_spin_total_bonus_win_this_round = total_bonus_win_this_round: null

2019-08-24 09:57:13 - [TEST_STEP][PASSED] - M4_spin_total_bonus_win_this_round = M4_spin_total_bonus_win_this_round: null

2019-08-24 09:57:13 - [TEST_STEP][PASSED] - println("GlobalVariable.M4_spin_total_bonus_win_this_round is: " + M4_spin_total_bonus_win_this_round): null

2019-08-24 09:57:13 - [TEST_STEP][PASSED] - M4_spin_bonus_spin_result = spin_result: null

2019-08-24 09:57:13 - [TEST_STEP][PASSED] - M4_spin_bonus_spin_result = M4_spin_bonus_spin_result: null

2019-08-24 09:57:13 - [MESSAGE][PASSED] - Verify response successfully

2019-08-24 09:57:13 - [MESSAGE][PASSED] - Send request and verify the response successfully

2019-08-24 09:57:13 - [TEST_STEP][PASSED] - if (free_spin_reel_counter[0] &gt;= 1 &amp;&amp; free_spin_reel_counter[1] &gt;= 1 &amp;&amp; free_spin_reel_counter[2] &gt;= 1): null

2019-08-24 09:57:13 - [TEST_STEP][PASSED] - spin_result = sendRequestAndVerify(findTestObject("INT/RGS(M4)/1_M4_spin", ["M4_login_user_id":M4_login_user_id, "rgs_session_token":rgs_session_token, "partner":Partner])): Send request and verify the response successfully

2019-08-24 09:57:14 - [MESSAGE][INFO] - HAR: /Users/eiralee/Katalon_Script/SuperWild/Reports/20190824_095647/INT/superWild_1/20190824_095647/requests/main/14.har

2019-08-24 09:57:14 - [TEST_CASE][PASSED] - Start Test Case : Verification: Verification accomplished successfully

2019-08-24 09:57:14 - [TEST_STEP][PASSED] - request = getInstance().getCurrentRequest(): null

2019-08-24 09:57:14 - [TEST_STEP][PASSED] - response = getInstance().getCurrentResponse(): null

2019-08-24 09:57:14 - [TEST_STEP][PASSED] - verifyResponseStatusCode(response, 200): Verify response status code successfully

2019-08-24 09:57:14 - [MESSAGE][PASSED] - Verify response status code successfully

2019-08-24 09:57:14 - [TEST_STEP][PASSED] - getStatusCode()).isEqualTo(200): null

2019-08-24 09:57:14 - [TEST_STEP][PASSED] - newline = System.getProperty("line.separator"): null

2019-08-24 09:57:14 - [TEST_STEP][PASSED] - M4_spin = new groovy.json.JsonSlurper(): null

2019-08-24 09:57:14 - [TEST_STEP][PASSED] - result_M4_spin = M4_spin.parseText(response.getResponseBodyContent()): null

2019-08-24 09:57:14 - [TEST_STEP][PASSED] - M4_spin_current_balance = current_balance: null

2019-08-24 09:57:14 - [TEST_STEP][PASSED] - M4_spin_current_balance = M4_spin_current_balance: null

2019-08-24 09:57:14 - [TEST_STEP][PASSED] - M4_spin_transaction_id = causality: null

2019-08-24 09:57:14 - [TEST_STEP][PASSED] - M4_spin_transaction_id = M4_spin_transaction_id: null

2019-08-24 09:57:14 - [TEST_STEP][PASSED] - M4_spin_round_id = round_id: null

2019-08-24 09:57:14 - [TEST_STEP][PASSED] - M4_spin_round_id = M4_spin_round_id: null

2019-08-24 09:57:14 - [TEST_STEP][PASSED] - M4_spin_line_wins = line_wins: null

2019-08-24 09:57:14 - [TEST_STEP][PASSED] - M4_spin_line_wins = M4_spin_line_wins: null

2019-08-24 09:57:14 - [TEST_STEP][PASSED] - M4_total_bonus_spins_int = total_bonus_spins: null

2019-08-24 09:57:14 - [TEST_STEP][PASSED] - println("******M4_total_bonus_spins type is:*******" + newline + getClass().getName()): null

2019-08-24 09:57:14 - [TEST_STEP][PASSED] - M4_total_bonus_spins_int = M4_total_bonus_spins_int: null

2019-08-24 09:57:14 - [TEST_STEP][PASSED] - M4_total_bonus_spins = Integer.toString(M4_total_bonus_spins_int): null

2019-08-24 09:57:14 - [TEST_STEP][PASSED] - M4_total_bonus_spins = M4_total_bonus_spins: null

2019-08-24 09:57:14 - [TEST_STEP][PASSED] - println("M4_total_bonus_spins is:" + M4_total_bonus_spins): null

2019-08-24 09:57:14 - [TEST_STEP][PASSED] - M4_spin_bonus_data = bonus_data: null

2019-08-24 09:57:14 - [TEST_STEP][PASSED] - M4_spin_features_triggered = result_M4_spin: null

2019-08-24 09:57:14 - [TEST_STEP][PASSED] - wild = []: null

2019-08-24 09:57:14 - [TEST_STEP][PASSED] - wild[0] = "WILD_Expanding": null

2019-08-24 09:57:14 - [TEST_STEP][PASSED] - wild[1] = "WILD_Normal": null

2019-08-24 09:57:14 - [TEST_STEP][PASSED] - wild[2] = "WILD_Double": null

2019-08-24 09:57:14 - [TEST_STEP][PASSED] - wild[3] = "WILD_ExtraFG": null

2019-08-24 09:57:14 - [TEST_STEP][PASSED] - wild[4] = "WILD_Triple": null

2019-08-24 09:57:14 - [TEST_STEP][PASSED] - wildList = Arrays.asList(wild): null

2019-08-24 09:57:14 - [TEST_STEP][PASSED] - wildList = wildList: null

2019-08-24 09:57:14 - [TEST_STEP][PASSED] - free_spin_reel_counter = []: null

2019-08-24 09:57:14 - [TEST_STEP][PASSED] - free_spin_reel_counter[0] = 0: null

2019-08-24 09:57:14 - [TEST_STEP][PASSED] - free_spin_reel_counter[1] = 0: null

2019-08-24 09:57:14 - [TEST_STEP][PASSED] - free_spin_reel_counter[2] = 0: null

2019-08-24 09:57:14 - [TEST_STEP][PASSED] - M4_spin_reels = reels: null

2019-08-24 09:57:14 - [TEST_STEP][PASSED] - for ([i = 0, i &lt; M4_spin_reels.size(), (i++)]): null

2019-08-24 09:57:14 - [TEST_STEP][PASSED] - symbols = symbols: null

2019-08-24 09:57:14 - [TEST_STEP][PASSED] - for ([j = 0, j &lt; symbols.size(), (j++)]): null

2019-08-24 09:57:14 - [TEST_STEP][PASSED] - symbol = symbol: null

2019-08-24 09:57:14 - [TEST_STEP][PASSED] - println(symbol): null

2019-08-24 09:57:14 - [TEST_STEP][PASSED] - if (i == 2 &amp;&amp; wildList.indexOf(symbol) != -1): null

2019-08-24 09:57:14 - [TEST_STEP][PASSED] - if (i == 3 &amp;&amp; wildList.indexOf(symbol) != -1): null

2019-08-24 09:57:14 - [TEST_STEP][PASSED] - if (i == 4 &amp;&amp; wildList.indexOf(symbol) != -1): null

2019-08-24 09:57:14 - [TEST_STEP][PASSED] - symbol = symbol: null

2019-08-24 09:57:14 - [TEST_STEP][PASSED] - println(symbol): null

2019-08-24 09:57:14 - [TEST_STEP][PASSED] - if (i == 2 &amp;&amp; wildList.indexOf(symbol) != -1): null

2019-08-24 09:57:14 - [TEST_STEP][PASSED] - if (i == 3 &amp;&amp; wildList.indexOf(symbol) != -1): null

2019-08-24 09:57:14 - [TEST_STEP][PASSED] - if (i == 4 &amp;&amp; wildList.indexOf(symbol) != -1): null

2019-08-24 09:57:14 - [TEST_STEP][PASSED] - symbol = symbol: null

2019-08-24 09:57:14 - [TEST_STEP][PASSED] - println(symbol): null

2019-08-24 09:57:14 - [TEST_STEP][PASSED] - if (i == 2 &amp;&amp; wildList.indexOf(symbol) != -1): null

2019-08-24 09:57:14 - [TEST_STEP][PASSED] - if (i == 3 &amp;&amp; wildList.indexOf(symbol) != -1): null

2019-08-24 09:57:14 - [TEST_STEP][PASSED] - if (i == 4 &amp;&amp; wildList.indexOf(symbol) != -1): null

2019-08-24 09:57:14 - [TEST_STEP][PASSED] - symbols = symbols: null

2019-08-24 09:57:14 - [TEST_STEP][PASSED] - for ([j = 0, j &lt; symbols.size(), (j++)]): null

2019-08-24 09:57:14 - [TEST_STEP][PASSED] - symbol = symbol: null

2019-08-24 09:57:14 - [TEST_STEP][PASSED] - println(symbol): null

2019-08-24 09:57:14 - [TEST_STEP][PASSED] - if (i == 2 &amp;&amp; wildList.indexOf(symbol) != -1): null

2019-08-24 09:57:14 - [TEST_STEP][PASSED] - if (i == 3 &amp;&amp; wildList.indexOf(symbol) != -1): null

2019-08-24 09:57:14 - [TEST_STEP][PASSED] - if (i == 4 &amp;&amp; wildList.indexOf(symbol) != -1): null

2019-08-24 09:57:14 - [TEST_STEP][PASSED] - symbol = symbol: null

2019-08-24 09:57:14 - [TEST_STEP][PASSED] - println(symbol): null

2019-08-24 09:57:14 - [TEST_STEP][PASSED] - if (i == 2 &amp;&amp; wildList.indexOf(symbol) != -1): null

2019-08-24 09:57:14 - [TEST_STEP][PASSED] - if (i == 3 &amp;&amp; wildList.indexOf(symbol) != -1): null

2019-08-24 09:57:14 - [TEST_STEP][PASSED] - if (i == 4 &amp;&amp; wildList.indexOf(symbol) != -1): null

2019-08-24 09:57:14 - [TEST_STEP][PASSED] - symbol = symbol: null

2019-08-24 09:57:14 - [TEST_STEP][PASSED] - println(symbol): null

2019-08-24 09:57:14 - [TEST_STEP][PASSED] - if (i == 2 &amp;&amp; wildList.indexOf(symbol) != -1): null

2019-08-24 09:57:14 - [TEST_STEP][PASSED] - if (i == 3 &amp;&amp; wildList.indexOf(symbol) != -1): null

2019-08-24 09:57:14 - [TEST_STEP][PASSED] - if (i == 4 &amp;&amp; wildList.indexOf(symbol) != -1): null

2019-08-24 09:57:14 - [TEST_STEP][PASSED] - symbols = symbols: null

2019-08-24 09:57:14 - [TEST_STEP][PASSED] - for ([j = 0, j &lt; symbols.size(), (j++)]): null

2019-08-24 09:57:14 - [TEST_STEP][PASSED] - symbol = symbol: null

2019-08-24 09:57:14 - [TEST_STEP][PASSED] - println(symbol): null

2019-08-24 09:57:14 - [TEST_STEP][PASSED] - if (i == 2 &amp;&amp; wildList.indexOf(symbol) != -1): null

2019-08-24 09:57:14 - [TEST_STEP][PASSED] - if (i == 3 &amp;&amp; wildList.indexOf(symbol) != -1): null

2019-08-24 09:57:14 - [TEST_STEP][PASSED] - if (i == 4 &amp;&amp; wildList.indexOf(symbol) != -1): null

2019-08-24 09:57:14 - [TEST_STEP][PASSED] - symbol = symbol: null

2019-08-24 09:57:14 - [TEST_STEP][PASSED] - println(symbol): null

2019-08-24 09:57:14 - [TEST_STEP][PASSED] - if (i == 2 &amp;&amp; wildList.indexOf(symbol) != -1): null

2019-08-24 09:57:14 - [TEST_STEP][PASSED] - if (i == 3 &amp;&amp; wildList.indexOf(symbol) != -1): null

2019-08-24 09:57:14 - [TEST_STEP][PASSED] - if (i == 4 &amp;&amp; wildList.indexOf(symbol) != -1): null

2019-08-24 09:57:14 - [TEST_STEP][PASSED] - symbol = symbol: null

2019-08-24 09:57:14 - [TEST_STEP][PASSED] - println(symbol): null

2019-08-24 09:57:14 - [TEST_STEP][PASSED] - if (i == 2 &amp;&amp; wildList.indexOf(symbol) != -1): null

2019-08-24 09:57:14 - [TEST_STEP][PASSED] - if (i == 3 &amp;&amp; wildList.indexOf(symbol) != -1): null

2019-08-24 09:57:14 - [TEST_STEP][PASSED] - if (i == 4 &amp;&amp; wildList.indexOf(symbol) != -1): null

2019-08-24 09:57:14 - [TEST_STEP][PASSED] - symbols = symbols: null

2019-08-24 09:57:14 - [TEST_STEP][PASSED] - for ([j = 0, j &lt; symbols.size(), (j++)]): null

2019-08-24 09:57:14 - [TEST_STEP][PASSED] - symbol = symbol: null

2019-08-24 09:57:14 - [TEST_STEP][PASSED] - println(symbol): null

2019-08-24 09:57:14 - [TEST_STEP][PASSED] - if (i == 2 &amp;&amp; wildList.indexOf(symbol) != -1): null

2019-08-24 09:57:14 - [TEST_STEP][PASSED] - if (i == 3 &amp;&amp; wildList.indexOf(symbol) != -1): null

2019-08-24 09:57:14 - [TEST_STEP][PASSED] - if (i == 4 &amp;&amp; wildList.indexOf(symbol) != -1): null

2019-08-24 09:57:14 - [TEST_STEP][PASSED] - symbol = symbol: null

2019-08-24 09:57:14 - [TEST_STEP][PASSED] - println(symbol): null

2019-08-24 09:57:14 - [TEST_STEP][PASSED] - if (i == 2 &amp;&amp; wildList.indexOf(symbol) != -1): null

2019-08-24 09:57:14 - [TEST_STEP][PASSED] - if (i == 3 &amp;&amp; wildList.indexOf(symbol) != -1): null

2019-08-24 09:57:14 - [TEST_STEP][PASSED] - if (i == 4 &amp;&amp; wildList.indexOf(symbol) != -1): null

2019-08-24 09:57:14 - [TEST_STEP][PASSED] - symbol = symbol: null

2019-08-24 09:57:14 - [TEST_STEP][PASSED] - println(symbol): null

2019-08-24 09:57:14 - [TEST_STEP][PASSED] - if (i == 2 &amp;&amp; wildList.indexOf(symbol) != -1): null

2019-08-24 09:57:14 - [TEST_STEP][PASSED] - if (i == 3 &amp;&amp; wildList.indexOf(symbol) != -1): null

2019-08-24 09:57:14 - [TEST_STEP][PASSED] - if (i == 4 &amp;&amp; wildList.indexOf(symbol) != -1): null

2019-08-24 09:57:14 - [TEST_STEP][PASSED] - symbols = symbols: null

2019-08-24 09:57:14 - [TEST_STEP][PASSED] - for ([j = 0, j &lt; symbols.size(), (j++)]): null

2019-08-24 09:57:14 - [TEST_STEP][PASSED] - symbol = symbol: null

2019-08-24 09:57:14 - [TEST_STEP][PASSED] - println(symbol): null

2019-08-24 09:57:14 - [TEST_STEP][PASSED] - if (i == 2 &amp;&amp; wildList.indexOf(symbol) != -1): null

2019-08-24 09:57:14 - [TEST_STEP][PASSED] - if (i == 3 &amp;&amp; wildList.indexOf(symbol) != -1): null

2019-08-24 09:57:14 - [TEST_STEP][PASSED] - if (i == 4 &amp;&amp; wildList.indexOf(symbol) != -1): null

2019-08-24 09:57:14 - [TEST_STEP][PASSED] - symbol = symbol: null

2019-08-24 09:57:14 - [TEST_STEP][PASSED] - println(symbol): null

2019-08-24 09:57:14 - [TEST_STEP][PASSED] - if (i == 2 &amp;&amp; wildList.indexOf(symbol) != -1): null

2019-08-24 09:57:14 - [TEST_STEP][PASSED] - if (i == 3 &amp;&amp; wildList.indexOf(symbol) != -1): null

2019-08-24 09:57:14 - [TEST_STEP][PASSED] - if (i == 4 &amp;&amp; wildList.indexOf(symbol) != -1): null

2019-08-24 09:57:14 - [TEST_STEP][PASSED] - symbol = symbol: null

2019-08-24 09:57:14 - [TEST_STEP][PASSED] - println(symbol): null

2019-08-24 09:57:14 - [TEST_STEP][PASSED] - if (i == 2 &amp;&amp; wildList.indexOf(symbol) != -1): null

2019-08-24 09:57:14 - [TEST_STEP][PASSED] - if (i == 3 &amp;&amp; wildList.indexOf(symbol) != -1): null

2019-08-24 09:57:14 - [TEST_STEP][PASSED] - if (i == 4 &amp;&amp; wildList.indexOf(symbol) != -1): null

2019-08-24 09:57:14 - [TEST_STEP][PASSED] - free_spin_reel_counter = free_spin_reel_counter: null

2019-08-24 09:57:14 - [TEST_STEP][PASSED] - println("reel 3 wild found: " + free_spin_reel_counter[0]): null

2019-08-24 09:57:14 - [TEST_STEP][PASSED] - println("reel 4 wild found: " + free_spin_reel_counter[1]): null

2019-08-24 09:57:14 - [TEST_STEP][PASSED] - println("reel 5 wild found: " + free_spin_reel_counter[2]): null

2019-08-24 09:57:14 - [TEST_STEP][PASSED] - M4_spin_reels = M4_spin_reels: null

2019-08-24 09:57:14 - [TEST_STEP][PASSED] - M4_spin_reels_symbols = symbol: null

2019-08-24 09:57:14 - [TEST_STEP][PASSED] - M4_spin_reels_symbols = M4_spin_reels_symbols: null

2019-08-24 09:57:14 - [TEST_STEP][PASSED] - M4_spin_reel_wins = reel_wins: null

2019-08-24 09:57:14 - [TEST_STEP][PASSED] - M4_spin_reel_wins = M4_spin_reel_wins: null

2019-08-24 09:57:14 - [TEST_STEP][PASSED] - println("GlobalVariable.M4_spin_reel_wins is: " + M4_spin_reel_wins): null

2019-08-24 09:57:14 - [TEST_STEP][PASSED] - M4_spin_total_bonus_win_this_round = total_bonus_win_this_round: null

2019-08-24 09:57:14 - [TEST_STEP][PASSED] - M4_spin_total_bonus_win_this_round = M4_spin_total_bonus_win_this_round: null

2019-08-24 09:57:14 - [TEST_STEP][PASSED] - println("GlobalVariable.M4_spin_total_bonus_win_this_round is: " + M4_spin_total_bonus_win_this_round): null

2019-08-24 09:57:14 - [TEST_STEP][PASSED] - M4_spin_bonus_spin_result = spin_result: null

2019-08-24 09:57:14 - [TEST_STEP][PASSED] - M4_spin_bonus_spin_result = M4_spin_bonus_spin_result: null

2019-08-24 09:57:14 - [MESSAGE][PASSED] - Verify response successfully

2019-08-24 09:57:14 - [MESSAGE][PASSED] - Send request and verify the response successfully

2019-08-24 09:57:14 - [TEST_STEP][PASSED] - if (free_spin_reel_counter[0] &gt;= 1 &amp;&amp; free_spin_reel_counter[1] &gt;= 1 &amp;&amp; free_spin_reel_counter[2] &gt;= 1): null

2019-08-24 09:57:14 - [TEST_STEP][PASSED] - spin_result = sendRequestAndVerify(findTestObject("INT/RGS(M4)/1_M4_spin", ["M4_login_user_id":M4_login_user_id, "rgs_session_token":rgs_session_token, "partner":Partner])): Send request and verify the response successfully

2019-08-24 09:57:14 - [MESSAGE][INFO] - HAR: /Users/eiralee/Katalon_Script/SuperWild/Reports/20190824_095647/INT/superWild_1/20190824_095647/requests/main/15.har

2019-08-24 09:57:14 - [TEST_CASE][PASSED] - Start Test Case : Verification: Verification accomplished successfully

2019-08-24 09:57:14 - [TEST_STEP][PASSED] - request = getInstance().getCurrentRequest(): null

2019-08-24 09:57:14 - [TEST_STEP][PASSED] - response = getInstance().getCurrentResponse(): null

2019-08-24 09:57:14 - [TEST_STEP][PASSED] - verifyResponseStatusCode(response, 200): Verify response status code successfully

2019-08-24 09:57:14 - [MESSAGE][PASSED] - Verify response status code successfully

2019-08-24 09:57:14 - [TEST_STEP][PASSED] - getStatusCode()).isEqualTo(200): null

2019-08-24 09:57:14 - [TEST_STEP][PASSED] - newline = System.getProperty("line.separator"): null

2019-08-24 09:57:14 - [TEST_STEP][PASSED] - M4_spin = new groovy.json.JsonSlurper(): null

2019-08-24 09:57:14 - [TEST_STEP][PASSED] - result_M4_spin = M4_spin.parseText(response.getResponseBodyContent()): null

2019-08-24 09:57:14 - [TEST_STEP][PASSED] - M4_spin_current_balance = current_balance: null

2019-08-24 09:57:14 - [TEST_STEP][PASSED] - M4_spin_current_balance = M4_spin_current_balance: null

2019-08-24 09:57:14 - [TEST_STEP][PASSED] - M4_spin_transaction_id = causality: null

2019-08-24 09:57:14 - [TEST_STEP][PASSED] - M4_spin_transaction_id = M4_spin_transaction_id: null

2019-08-24 09:57:14 - [TEST_STEP][PASSED] - M4_spin_round_id = round_id: null

2019-08-24 09:57:14 - [TEST_STEP][PASSED] - M4_spin_round_id = M4_spin_round_id: null

2019-08-24 09:57:14 - [TEST_STEP][PASSED] - M4_spin_line_wins = line_wins: null

2019-08-24 09:57:14 - [TEST_STEP][PASSED] - M4_spin_line_wins = M4_spin_line_wins: null

2019-08-24 09:57:14 - [TEST_STEP][PASSED] - M4_total_bonus_spins_int = total_bonus_spins: null

2019-08-24 09:57:14 - [TEST_STEP][PASSED] - println("******M4_total_bonus_spins type is:*******" + newline + getClass().getName()): null

2019-08-24 09:57:14 - [TEST_STEP][PASSED] - M4_total_bonus_spins_int = M4_total_bonus_spins_int: null

2019-08-24 09:57:14 - [TEST_STEP][PASSED] - M4_total_bonus_spins = Integer.toString(M4_total_bonus_spins_int): null

2019-08-24 09:57:14 - [TEST_STEP][PASSED] - M4_total_bonus_spins = M4_total_bonus_spins: null

2019-08-24 09:57:14 - [TEST_STEP][PASSED] - println("M4_total_bonus_spins is:" + M4_total_bonus_spins): null

2019-08-24 09:57:14 - [TEST_STEP][PASSED] - M4_spin_bonus_data = bonus_data: null

2019-08-24 09:57:14 - [TEST_STEP][PASSED] - M4_spin_features_triggered = result_M4_spin: null

2019-08-24 09:57:14 - [TEST_STEP][PASSED] - wild = []: null

2019-08-24 09:57:14 - [TEST_STEP][PASSED] - wild[0] = "WILD_Expanding": null

2019-08-24 09:57:14 - [TEST_STEP][PASSED] - wild[1] = "WILD_Normal": null

2019-08-24 09:57:14 - [TEST_STEP][PASSED] - wild[2] = "WILD_Double": null

2019-08-24 09:57:14 - [TEST_STEP][PASSED] - wild[3] = "WILD_ExtraFG": null

2019-08-24 09:57:14 - [TEST_STEP][PASSED] - wild[4] = "WILD_Triple": null

2019-08-24 09:57:14 - [TEST_STEP][PASSED] - wildList = Arrays.asList(wild): null

2019-08-24 09:57:14 - [TEST_STEP][PASSED] - wildList = wildList: null

2019-08-24 09:57:14 - [TEST_STEP][PASSED] - free_spin_reel_counter = []: null

2019-08-24 09:57:14 - [TEST_STEP][PASSED] - free_spin_reel_counter[0] = 0: null

2019-08-24 09:57:14 - [TEST_STEP][PASSED] - free_spin_reel_counter[1] = 0: null

2019-08-24 09:57:14 - [TEST_STEP][PASSED] - free_spin_reel_counter[2] = 0: null

2019-08-24 09:57:14 - [TEST_STEP][PASSED] - M4_spin_reels = reels: null

2019-08-24 09:57:14 - [TEST_STEP][PASSED] - for ([i = 0, i &lt; M4_spin_reels.size(), (i++)]): null

2019-08-24 09:57:14 - [TEST_STEP][PASSED] - symbols = symbols: null

2019-08-24 09:57:14 - [TEST_STEP][PASSED] - for ([j = 0, j &lt; symbols.size(), (j++)]): null

2019-08-24 09:57:14 - [TEST_STEP][PASSED] - symbol = symbol: null

2019-08-24 09:57:14 - [TEST_STEP][PASSED] - println(symbol): null

2019-08-24 09:57:14 - [TEST_STEP][PASSED] - if (i == 2 &amp;&amp; wildList.indexOf(symbol) != -1): null

2019-08-24 09:57:14 - [TEST_STEP][PASSED] - if (i == 3 &amp;&amp; wildList.indexOf(symbol) != -1): null

2019-08-24 09:57:14 - [TEST_STEP][PASSED] - if (i == 4 &amp;&amp; wildList.indexOf(symbol) != -1): null

2019-08-24 09:57:14 - [TEST_STEP][PASSED] - symbol = symbol: null

2019-08-24 09:57:14 - [TEST_STEP][PASSED] - println(symbol): null

2019-08-24 09:57:14 - [TEST_STEP][PASSED] - if (i == 2 &amp;&amp; wildList.indexOf(symbol) != -1): null

2019-08-24 09:57:14 - [TEST_STEP][PASSED] - if (i == 3 &amp;&amp; wildList.indexOf(symbol) != -1): null

2019-08-24 09:57:14 - [TEST_STEP][PASSED] - if (i == 4 &amp;&amp; wildList.indexOf(symbol) != -1): null

2019-08-24 09:57:14 - [TEST_STEP][PASSED] - symbol = symbol: null

2019-08-24 09:57:14 - [TEST_STEP][PASSED] - println(symbol): null

2019-08-24 09:57:14 - [TEST_STEP][PASSED] - if (i == 2 &amp;&amp; wildList.indexOf(symbol) != -1): null

2019-08-24 09:57:14 - [TEST_STEP][PASSED] - if (i == 3 &amp;&amp; wildList.indexOf(symbol) != -1): null

2019-08-24 09:57:14 - [TEST_STEP][PASSED] - if (i == 4 &amp;&amp; wildList.indexOf(symbol) != -1): null

2019-08-24 09:57:14 - [TEST_STEP][PASSED] - symbols = symbols: null

2019-08-24 09:57:14 - [TEST_STEP][PASSED] - for ([j = 0, j &lt; symbols.size(), (j++)]): null

2019-08-24 09:57:14 - [TEST_STEP][PASSED] - symbol = symbol: null

2019-08-24 09:57:14 - [TEST_STEP][PASSED] - println(symbol): null

2019-08-24 09:57:14 - [TEST_STEP][PASSED] - if (i == 2 &amp;&amp; wildList.indexOf(symbol) != -1): null

2019-08-24 09:57:14 - [TEST_STEP][PASSED] - if (i == 3 &amp;&amp; wildList.indexOf(symbol) != -1): null

2019-08-24 09:57:14 - [TEST_STEP][PASSED] - if (i == 4 &amp;&amp; wildList.indexOf(symbol) != -1): null

2019-08-24 09:57:14 - [TEST_STEP][PASSED] - symbol = symbol: null

2019-08-24 09:57:14 - [TEST_STEP][PASSED] - println(symbol): null

2019-08-24 09:57:14 - [TEST_STEP][PASSED] - if (i == 2 &amp;&amp; wildList.indexOf(symbol) != -1): null

2019-08-24 09:57:14 - [TEST_STEP][PASSED] - if (i == 3 &amp;&amp; wildList.indexOf(symbol) != -1): null

2019-08-24 09:57:14 - [TEST_STEP][PASSED] - if (i == 4 &amp;&amp; wildList.indexOf(symbol) != -1): null

2019-08-24 09:57:14 - [TEST_STEP][PASSED] - symbol = symbol: null

2019-08-24 09:57:14 - [TEST_STEP][PASSED] - println(symbol): null

2019-08-24 09:57:14 - [TEST_STEP][PASSED] - if (i == 2 &amp;&amp; wildList.indexOf(symbol) != -1): null

2019-08-24 09:57:14 - [TEST_STEP][PASSED] - if (i == 3 &amp;&amp; wildList.indexOf(symbol) != -1): null

2019-08-24 09:57:14 - [TEST_STEP][PASSED] - if (i == 4 &amp;&amp; wildList.indexOf(symbol) != -1): null

2019-08-24 09:57:14 - [TEST_STEP][PASSED] - symbols = symbols: null

2019-08-24 09:57:44 - [TEST_STEP][PASSED] - for ([j = 0, j &lt; symbols.size(), (j++)]): null

2019-08-24 09:57:44 - [TEST_STEP][PASSED] - symbol = symbol: null

2019-08-24 09:57:44 - [TEST_STEP][PASSED] - println(symbol): null

2019-08-24 09:57:44 - [TEST_STEP][PASSED] - if (i == 2 &amp;&amp; wildList.indexOf(symbol) != -1): null

2019-08-24 09:57:44 - [TEST_STEP][PASSED] - if (i == 3 &amp;&amp; wildList.indexOf(symbol) != -1): null

2019-08-24 09:57:44 - [TEST_STEP][PASSED] - if (i == 4 &amp;&amp; wildList.indexOf(symbol) != -1): null

2019-08-24 09:57:44 - [TEST_STEP][PASSED] - symbol = symbol: null

2019-08-24 09:57:44 - [TEST_STEP][PASSED] - println(symbol): null

2019-08-24 09:57:44 - [TEST_STEP][PASSED] - if (i == 2 &amp;&amp; wildList.indexOf(symbol) != -1): null

2019-08-24 09:57:44 - [TEST_STEP][PASSED] - if (i == 3 &amp;&amp; wildList.indexOf(symbol) != -1): null

2019-08-24 09:57:44 - [TEST_STEP][PASSED] - if (i == 4 &amp;&amp; wildList.indexOf(symbol) != -1): null

2019-08-24 09:57:44 - [TEST_STEP][PASSED] - symbol = symbol: null

2019-08-24 09:57:44 - [TEST_STEP][PASSED] - println(symbol): null

2019-08-24 09:57:44 - [TEST_STEP][PASSED] - if (i == 2 &amp;&amp; wildList.indexOf(symbol) != -1): null

2019-08-24 09:57:44 - [TEST_STEP][PASSED] - if (i == 3 &amp;&amp; wildList.indexOf(symbol) != -1): null

2019-08-24 09:57:44 - [TEST_STEP][PASSED] - if (i == 4 &amp;&amp; wildList.indexOf(symbol) != -1): null

2019-08-24 09:57:44 - [TEST_STEP][PASSED] - symbols = symbols: null

2019-08-24 09:57:44 - [TEST_STEP][PASSED] - for ([j = 0, j &lt; symbols.size(), (j++)]): null

2019-08-24 09:57:44 - [TEST_STEP][PASSED] - symbol = symbol: null

2019-08-24 09:57:44 - [TEST_STEP][PASSED] - println(symbol): null

2019-08-24 09:57:44 - [TEST_STEP][PASSED] - if (i == 2 &amp;&amp; wildList.indexOf(symbol) != -1): null

2019-08-24 09:57:44 - [TEST_STEP][PASSED] - if (i == 3 &amp;&amp; wildList.indexOf(symbol) != -1): null

2019-08-24 09:57:44 - [TEST_STEP][PASSED] - if (i == 4 &amp;&amp; wildList.indexOf(symbol) != -1): null

2019-08-24 09:57:44 - [TEST_STEP][PASSED] - symbol = symbol: null

2019-08-24 09:57:44 - [TEST_STEP][PASSED] - println(symbol): null

2019-08-24 09:57:44 - [TEST_STEP][PASSED] - if (i == 2 &amp;&amp; wildList.indexOf(symbol) != -1): null

2019-08-24 09:57:44 - [TEST_STEP][PASSED] - if (i == 3 &amp;&amp; wildList.indexOf(symbol) != -1): null

2019-08-24 09:57:44 - [TEST_STEP][PASSED] - if (i == 4 &amp;&amp; wildList.indexOf(symbol) != -1): null

2019-08-24 09:57:44 - [TEST_STEP][PASSED] - symbol = symbol: null

2019-08-24 09:57:44 - [TEST_STEP][PASSED] - println(symbol): null

2019-08-24 09:57:44 - [TEST_STEP][PASSED] - if (i == 2 &amp;&amp; wildList.indexOf(symbol) != -1): null

2019-08-24 09:57:44 - [TEST_STEP][PASSED] - if (i == 3 &amp;&amp; wildList.indexOf(symbol) != -1): null

2019-08-24 09:57:44 - [TEST_STEP][PASSED] - if (i == 4 &amp;&amp; wildList.indexOf(symbol) != -1): null

2019-08-24 09:57:44 - [TEST_STEP][PASSED] - symbols = symbols: null

2019-08-24 09:57:44 - [TEST_STEP][PASSED] - for ([j = 0, j &lt; symbols.size(), (j++)]): null

2019-08-24 09:57:44 - [TEST_STEP][PASSED] - symbol = symbol: null

2019-08-24 09:57:44 - [TEST_STEP][PASSED] - println(symbol): null

2019-08-24 09:57:44 - [TEST_STEP][PASSED] - if (i == 2 &amp;&amp; wildList.indexOf(symbol) != -1): null

2019-08-24 09:57:44 - [TEST_STEP][PASSED] - if (i == 3 &amp;&amp; wildList.indexOf(symbol) != -1): null

2019-08-24 09:57:44 - [TEST_STEP][PASSED] - if (i == 4 &amp;&amp; wildList.indexOf(symbol) != -1): null

2019-08-24 09:57:44 - [TEST_STEP][PASSED] - symbol = symbol: null

2019-08-24 09:57:44 - [TEST_STEP][PASSED] - println(symbol): null

2019-08-24 09:57:44 - [TEST_STEP][PASSED] - if (i == 2 &amp;&amp; wildList.indexOf(symbol) != -1): null

2019-08-24 09:57:44 - [TEST_STEP][PASSED] - if (i == 3 &amp;&amp; wildList.indexOf(symbol) != -1): null

2019-08-24 09:57:44 - [TEST_STEP][PASSED] - if (i == 4 &amp;&amp; wildList.indexOf(symbol) != -1): null

2019-08-24 09:57:44 - [TEST_STEP][PASSED] - symbol = symbol: null

2019-08-24 09:57:44 - [TEST_STEP][PASSED] - println(symbol): null

2019-08-24 09:57:44 - [TEST_STEP][PASSED] - if (i == 2 &amp;&amp; wildList.indexOf(symbol) != -1): null

2019-08-24 09:57:44 - [TEST_STEP][PASSED] - if (i == 3 &amp;&amp; wildList.indexOf(symbol) != -1): null

2019-08-24 09:57:44 - [TEST_STEP][PASSED] - if (i == 4 &amp;&amp; wildList.indexOf(symbol) != -1): null

2019-08-24 09:57:44 - [TEST_STEP][PASSED] - free_spin_reel_counter = free_spin_reel_counter: null

2019-08-24 09:57:44 - [TEST_STEP][PASSED] - println("reel 3 wild found: " + free_spin_reel_counter[0]): null

2019-08-24 09:57:44 - [TEST_STEP][PASSED] - println("reel 4 wild found: " + free_spin_reel_counter[1]): null

2019-08-24 09:57:44 - [TEST_STEP][PASSED] - println("reel 5 wild found: " + free_spin_reel_counter[2]): null

2019-08-24 09:57:44 - [TEST_STEP][PASSED] - M4_spin_reels = M4_spin_reels: null

2019-08-24 09:57:44 - [TEST_STEP][PASSED] - M4_spin_reels_symbols = symbol: null

2019-08-24 09:57:44 - [TEST_STEP][PASSED] - M4_spin_reels_symbols = M4_spin_reels_symbols: null

2019-08-24 09:57:44 - [TEST_STEP][PASSED] - M4_spin_reel_wins = reel_wins: null

2019-08-24 09:57:44 - [TEST_STEP][PASSED] - M4_spin_reel_wins = M4_spin_reel_wins: null

2019-08-24 09:57:44 - [TEST_STEP][PASSED] - println("GlobalVariable.M4_spin_reel_wins is: " + M4_spin_reel_wins): null

2019-08-24 09:57:44 - [TEST_STEP][PASSED] - M4_spin_total_bonus_win_this_round = total_bonus_win_this_round: null

2019-08-24 09:57:44 - [TEST_STEP][PASSED] - M4_spin_total_bonus_win_this_round = M4_spin_total_bonus_win_this_round: null

2019-08-24 09:57:44 - [TEST_STEP][PASSED] - println("GlobalVariable.M4_spin_total_bonus_win_this_round is: " + M4_spin_total_bonus_win_this_round): null

2019-08-24 09:57:44 - [TEST_STEP][PASSED] - M4_spin_bonus_spin_result = spin_result: null

2019-08-24 09:57:44 - [TEST_STEP][PASSED] - M4_spin_bonus_spin_result = M4_spin_bonus_spin_result: null

2019-08-24 09:57:44 - [MESSAGE][PASSED] - Verify response successfully

2019-08-24 09:57:44 - [MESSAGE][PASSED] - Send request and verify the response successfully

2019-08-24 09:57:44 - [TEST_STEP][PASSED] - if (free_spin_reel_counter[0] &gt;= 1 &amp;&amp; free_spin_reel_counter[1] &gt;= 1 &amp;&amp; free_spin_reel_counter[2] &gt;= 1): null

2019-08-24 09:57:44 - [TEST_STEP][PASSED] - spin_result = sendRequestAndVerify(findTestObject("INT/RGS(M4)/1_M4_spin", ["M4_login_user_id":M4_login_user_id, "rgs_session_token":rgs_session_token, "partner":Partner])): Send request and verify the response successfully

2019-08-24 09:57:44 - [MESSAGE][INFO] - HAR: /Users/eiralee/Katalon_Script/SuperWild/Reports/20190824_095647/INT/superWild_1/20190824_095647/requests/main/16.har

2019-08-24 09:57:44 - [TEST_CASE][PASSED] - Start Test Case : Verification: Verification accomplished successfully

2019-08-24 09:57:44 - [TEST_STEP][PASSED] - request = getInstance().getCurrentRequest(): null

2019-08-24 09:57:45 - [TEST_STEP][PASSED] - response = getInstance().getCurrentResponse(): null

2019-08-24 09:57:45 - [TEST_STEP][PASSED] - verifyResponseStatusCode(response, 200): Verify response status code successfully

2019-08-24 09:57:45 - [MESSAGE][PASSED] - Verify response status code successfully

2019-08-24 09:57:45 - [TEST_STEP][PASSED] - getStatusCode()).isEqualTo(200): null

2019-08-24 09:57:45 - [TEST_STEP][PASSED] - newline = System.getProperty("line.separator"): null

2019-08-24 09:57:45 - [TEST_STEP][PASSED] - M4_spin = new groovy.json.JsonSlurper(): null

2019-08-24 09:57:45 - [TEST_STEP][PASSED] - result_M4_spin = M4_spin.parseText(response.getResponseBodyContent()): null

2019-08-24 09:57:45 - [TEST_STEP][PASSED] - M4_spin_current_balance = current_balance: null

2019-08-24 09:57:45 - [TEST_STEP][PASSED] - M4_spin_current_balance = M4_spin_current_balance: null

2019-08-24 09:57:45 - [TEST_STEP][PASSED] - M4_spin_transaction_id = causality: null

2019-08-24 09:57:45 - [TEST_STEP][PASSED] - M4_spin_transaction_id = M4_spin_transaction_id: null

2019-08-24 09:57:45 - [TEST_STEP][PASSED] - M4_spin_round_id = round_id: null

2019-08-24 09:57:45 - [TEST_STEP][PASSED] - M4_spin_round_id = M4_spin_round_id: null

2019-08-24 09:57:45 - [TEST_STEP][PASSED] - M4_spin_line_wins = line_wins: null

2019-08-24 09:57:45 - [TEST_STEP][PASSED] - M4_spin_line_wins = M4_spin_line_wins: null

2019-08-24 09:57:45 - [TEST_STEP][PASSED] - M4_total_bonus_spins_int = total_bonus_spins: null

2019-08-24 09:57:45 - [TEST_STEP][PASSED] - println("******M4_total_bonus_spins type is:*******" + newline + getClass().getName()): null

2019-08-24 09:57:45 - [TEST_STEP][PASSED] - M4_total_bonus_spins_int = M4_total_bonus_spins_int: null

2019-08-24 09:57:45 - [TEST_STEP][PASSED] - M4_total_bonus_spins = Integer.toString(M4_total_bonus_spins_int): null

2019-08-24 09:57:45 - [TEST_STEP][PASSED] - M4_total_bonus_spins = M4_total_bonus_spins: null

2019-08-24 09:57:45 - [TEST_STEP][PASSED] - println("M4_total_bonus_spins is:" + M4_total_bonus_spins): null

2019-08-24 09:57:45 - [TEST_STEP][PASSED] - M4_spin_bonus_data = bonus_data: null

2019-08-24 09:57:45 - [TEST_STEP][PASSED] - M4_spin_features_triggered = result_M4_spin: null

2019-08-24 09:57:45 - [TEST_STEP][PASSED] - wild = []: null

2019-08-24 09:57:45 - [TEST_STEP][PASSED] - wild[0] = "WILD_Expanding": null

2019-08-24 09:57:45 - [TEST_STEP][PASSED] - wild[1] = "WILD_Normal": null

2019-08-24 09:57:45 - [TEST_STEP][PASSED] - wild[2] = "WILD_Double": null

2019-08-24 09:57:45 - [TEST_STEP][PASSED] - wild[3] = "WILD_ExtraFG": null

2019-08-24 09:57:45 - [TEST_STEP][PASSED] - wild[4] = "WILD_Triple": null

2019-08-24 09:57:45 - [TEST_STEP][PASSED] - wildList = Arrays.asList(wild): null

2019-08-24 09:57:45 - [TEST_STEP][PASSED] - wildList = wildList: null

2019-08-24 09:57:45 - [TEST_STEP][PASSED] - free_spin_reel_counter = []: null

2019-08-24 09:57:45 - [TEST_STEP][PASSED] - free_spin_reel_counter[0] = 0: null

2019-08-24 09:57:45 - [TEST_STEP][PASSED] - free_spin_reel_counter[1] = 0: null

2019-08-24 09:57:45 - [TEST_STEP][PASSED] - free_spin_reel_counter[2] = 0: null

2019-08-24 09:57:45 - [TEST_STEP][PASSED] - M4_spin_reels = reels: null

2019-08-24 09:57:45 - [TEST_STEP][PASSED] - for ([i = 0, i &lt; M4_spin_reels.size(), (i++)]): null

2019-08-24 09:57:45 - [TEST_STEP][PASSED] - symbols = symbols: null

2019-08-24 09:57:45 - [TEST_STEP][PASSED] - for ([j = 0, j &lt; symbols.size(), (j++)]): null

2019-08-24 09:57:45 - [TEST_STEP][PASSED] - symbol = symbol: null

2019-08-24 09:57:45 - [TEST_STEP][PASSED] - println(symbol): null

2019-08-24 09:57:45 - [TEST_STEP][PASSED] - if (i == 2 &amp;&amp; wildList.indexOf(symbol) != -1): null

2019-08-24 09:57:45 - [TEST_STEP][PASSED] - if (i == 3 &amp;&amp; wildList.indexOf(symbol) != -1): null

2019-08-24 09:57:45 - [TEST_STEP][PASSED] - if (i == 4 &amp;&amp; wildList.indexOf(symbol) != -1): null

2019-08-24 09:57:45 - [TEST_STEP][PASSED] - symbol = symbol: null

2019-08-24 09:57:45 - [TEST_STEP][PASSED] - println(symbol): null

2019-08-24 09:57:45 - [TEST_STEP][PASSED] - if (i == 2 &amp;&amp; wildList.indexOf(symbol) != -1): null

2019-08-24 09:57:45 - [TEST_STEP][PASSED] - if (i == 3 &amp;&amp; wildList.indexOf(symbol) != -1): null

2019-08-24 09:57:45 - [TEST_STEP][PASSED] - if (i == 4 &amp;&amp; wildList.indexOf(symbol) != -1): null

2019-08-24 09:57:45 - [TEST_STEP][PASSED] - symbol = symbol: null

2019-08-24 09:57:45 - [TEST_STEP][PASSED] - println(symbol): null

2019-08-24 09:57:45 - [TEST_STEP][PASSED] - if (i == 2 &amp;&amp; wildList.indexOf(symbol) != -1): null

2019-08-24 09:57:45 - [TEST_STEP][PASSED] - if (i == 3 &amp;&amp; wildList.indexOf(symbol) != -1): null

2019-08-24 09:57:45 - [TEST_STEP][PASSED] - if (i == 4 &amp;&amp; wildList.indexOf(symbol) != -1): null

2019-08-24 09:57:45 - [TEST_STEP][PASSED] - symbols = symbols: null

2019-08-24 09:57:45 - [TEST_STEP][PASSED] - for ([j = 0, j &lt; symbols.size(), (j++)]): null

2019-08-24 09:57:45 - [TEST_STEP][PASSED] - symbol = symbol: null

2019-08-24 09:57:45 - [TEST_STEP][PASSED] - println(symbol): null

2019-08-24 09:57:45 - [TEST_STEP][PASSED] - if (i == 2 &amp;&amp; wildList.indexOf(symbol) != -1): null

2019-08-24 09:57:45 - [TEST_STEP][PASSED] - if (i == 3 &amp;&amp; wildList.indexOf(symbol) != -1): null

2019-08-24 09:57:45 - [TEST_STEP][PASSED] - if (i == 4 &amp;&amp; wildList.indexOf(symbol) != -1): null

2019-08-24 09:57:45 - [TEST_STEP][PASSED] - symbol = symbol: null

2019-08-24 09:57:45 - [TEST_STEP][PASSED] - println(symbol): null

2019-08-24 09:57:45 - [TEST_STEP][PASSED] - if (i == 2 &amp;&amp; wildList.indexOf(symbol) != -1): null

2019-08-24 09:57:45 - [TEST_STEP][PASSED] - if (i == 3 &amp;&amp; wildList.indexOf(symbol) != -1): null

2019-08-24 09:57:45 - [TEST_STEP][PASSED] - if (i == 4 &amp;&amp; wildList.indexOf(symbol) != -1): null

2019-08-24 09:57:45 - [TEST_STEP][PASSED] - symbol = symbol: null

2019-08-24 09:57:45 - [TEST_STEP][PASSED] - println(symbol): null

2019-08-24 09:57:45 - [TEST_STEP][PASSED] - if (i == 2 &amp;&amp; wildList.indexOf(symbol) != -1): null

2019-08-24 09:57:45 - [TEST_STEP][PASSED] - if (i == 3 &amp;&amp; wildList.indexOf(symbol) != -1): null

2019-08-24 09:57:45 - [TEST_STEP][PASSED] - if (i == 4 &amp;&amp; wildList.indexOf(symbol) != -1): null

2019-08-24 09:57:45 - [TEST_STEP][PASSED] - symbols = symbols: null

2019-08-24 09:57:45 - [TEST_STEP][PASSED] - for ([j = 0, j &lt; symbols.size(), (j++)]): null

2019-08-24 09:57:45 - [TEST_STEP][PASSED] - symbol = symbol: null

2019-08-24 09:57:45 - [TEST_STEP][PASSED] - println(symbol): null

2019-08-24 09:57:45 - [TEST_STEP][PASSED] - if (i == 2 &amp;&amp; wildList.indexOf(symbol) != -1): null

2019-08-24 09:57:45 - [TEST_STEP][PASSED] - if (i == 3 &amp;&amp; wildList.indexOf(symbol) != -1): null

2019-08-24 09:57:45 - [TEST_STEP][PASSED] - if (i == 4 &amp;&amp; wildList.indexOf(symbol) != -1): null

2019-08-24 09:57:45 - [TEST_STEP][PASSED] - symbol = symbol: null

2019-08-24 09:57:45 - [TEST_STEP][PASSED] - println(symbol): null

2019-08-24 09:57:45 - [TEST_STEP][PASSED] - if (i == 2 &amp;&amp; wildList.indexOf(symbol) != -1): null

2019-08-24 09:57:45 - [TEST_STEP][PASSED] - println("wild found on reel 3, adding counter by 1"): null

2019-08-24 09:57:45 - [TEST_STEP][PASSED] - free_spin_reel_counter[0] = free_spin_reel_counter[0] + 1: null

2019-08-24 09:57:45 - [TEST_STEP][PASSED] - if (i == 3 &amp;&amp; wildList.indexOf(symbol) != -1): null

2019-08-24 09:57:45 - [TEST_STEP][PASSED] - if (i == 4 &amp;&amp; wildList.indexOf(symbol) != -1): null

2019-08-24 09:57:45 - [TEST_STEP][PASSED] - symbol = symbol: null

2019-08-24 09:57:45 - [TEST_STEP][PASSED] - println(symbol): null

2019-08-24 09:57:45 - [TEST_STEP][PASSED] - if (i == 2 &amp;&amp; wildList.indexOf(symbol) != -1): null

2019-08-24 09:57:45 - [TEST_STEP][PASSED] - if (i == 3 &amp;&amp; wildList.indexOf(symbol) != -1): null

2019-08-24 09:57:45 - [TEST_STEP][PASSED] - if (i == 4 &amp;&amp; wildList.indexOf(symbol) != -1): null

2019-08-24 09:57:45 - [TEST_STEP][PASSED] - symbols = symbols: null

2019-08-24 09:57:45 - [TEST_STEP][PASSED] - for ([j = 0, j &lt; symbols.size(), (j++)]): null

2019-08-24 09:57:45 - [TEST_STEP][PASSED] - symbol = symbol: null

2019-08-24 09:57:45 - [TEST_STEP][PASSED] - println(symbol): null

2019-08-24 09:57:45 - [TEST_STEP][PASSED] - if (i == 2 &amp;&amp; wildList.indexOf(symbol) != -1): null

2019-08-24 09:57:45 - [TEST_STEP][PASSED] - if (i == 3 &amp;&amp; wildList.indexOf(symbol) != -1): null

2019-08-24 09:57:45 - [TEST_STEP][PASSED] - if (i == 4 &amp;&amp; wildList.indexOf(symbol) != -1): null

2019-08-24 09:57:45 - [TEST_STEP][PASSED] - symbol = symbol: null

2019-08-24 09:57:45 - [TEST_STEP][PASSED] - println(symbol): null

2019-08-24 09:57:45 - [TEST_STEP][PASSED] - if (i == 2 &amp;&amp; wildList.indexOf(symbol) != -1): null

2019-08-24 09:57:45 - [TEST_STEP][PASSED] - if (i == 3 &amp;&amp; wildList.indexOf(symbol) != -1): null

2019-08-24 09:57:45 - [TEST_STEP][PASSED] - if (i == 4 &amp;&amp; wildList.indexOf(symbol) != -1): null

2019-08-24 09:57:45 - [TEST_STEP][PASSED] - symbol = symbol: null

2019-08-24 09:57:45 - [TEST_STEP][PASSED] - println(symbol): null

2019-08-24 09:57:45 - [TEST_STEP][PASSED] - if (i == 2 &amp;&amp; wildList.indexOf(symbol) != -1): null

2019-08-24 09:57:45 - [TEST_STEP][PASSED] - if (i == 3 &amp;&amp; wildList.indexOf(symbol) != -1): null

2019-08-24 09:57:45 - [TEST_STEP][PASSED] - if (i == 4 &amp;&amp; wildList.indexOf(symbol) != -1): null

2019-08-24 09:57:45 - [TEST_STEP][PASSED] - symbols = symbols: null

2019-08-24 09:57:45 - [TEST_STEP][PASSED] - for ([j = 0, j &lt; symbols.size(), (j++)]): null

2019-08-24 09:57:45 - [TEST_STEP][PASSED] - symbol = symbol: null

2019-08-24 09:57:45 - [TEST_STEP][PASSED] - println(symbol): null

2019-08-24 09:57:45 - [TEST_STEP][PASSED] - if (i == 2 &amp;&amp; wildList.indexOf(symbol) != -1): null

2019-08-24 09:57:45 - [TEST_STEP][PASSED] - if (i == 3 &amp;&amp; wildList.indexOf(symbol) != -1): null

2019-08-24 09:57:45 - [TEST_STEP][PASSED] - if (i == 4 &amp;&amp; wildList.indexOf(symbol) != -1): null

2019-08-24 09:57:45 - [TEST_STEP][PASSED] - symbol = symbol: null

2019-08-24 09:57:45 - [TEST_STEP][PASSED] - println(symbol): null

2019-08-24 09:57:45 - [TEST_STEP][PASSED] - if (i == 2 &amp;&amp; wildList.indexOf(symbol) != -1): null

2019-08-24 09:57:45 - [TEST_STEP][PASSED] - if (i == 3 &amp;&amp; wildList.indexOf(symbol) != -1): null

2019-08-24 09:57:45 - [TEST_STEP][PASSED] - if (i == 4 &amp;&amp; wildList.indexOf(symbol) != -1): null

2019-08-24 09:57:45 - [TEST_STEP][PASSED] - symbol = symbol: null

2019-08-24 09:57:45 - [TEST_STEP][PASSED] - println(symbol): null

2019-08-24 09:57:45 - [TEST_STEP][PASSED] - if (i == 2 &amp;&amp; wildList.indexOf(symbol) != -1): null

2019-08-24 09:57:45 - [TEST_STEP][PASSED] - if (i == 3 &amp;&amp; wildList.indexOf(symbol) != -1): null

2019-08-24 09:57:45 - [TEST_STEP][PASSED] - if (i == 4 &amp;&amp; wildList.indexOf(symbol) != -1): null

2019-08-24 09:57:45 - [TEST_STEP][PASSED] - println("wild found on reel 5, adding counter by 1"): null

2019-08-24 09:57:45 - [TEST_STEP][PASSED] - free_spin_reel_counter[2] = free_spin_reel_counter[2] + 1: null

2019-08-24 09:57:45 - [TEST_STEP][PASSED] - free_spin_reel_counter = free_spin_reel_counter: null

2019-08-24 09:57:45 - [TEST_STEP][PASSED] - println("reel 3 wild found: " + free_spin_reel_counter[0]): null

2019-08-24 09:57:45 - [TEST_STEP][PASSED] - println("reel 4 wild found: " + free_spin_reel_counter[1]): null

2019-08-24 09:57:45 - [TEST_STEP][PASSED] - println("reel 5 wild found: " + free_spin_reel_counter[2]): null

2019-08-24 09:57:45 - [TEST_STEP][PASSED] - M4_spin_reels = M4_spin_reels: null

2019-08-24 09:57:45 - [TEST_STEP][PASSED] - M4_spin_reels_symbols = symbol: null

2019-08-24 09:57:45 - [TEST_STEP][PASSED] - M4_spin_reels_symbols = M4_spin_reels_symbols: null

2019-08-24 09:57:45 - [TEST_STEP][PASSED] - M4_spin_reel_wins = reel_wins: null

2019-08-24 09:57:45 - [TEST_STEP][PASSED] - M4_spin_reel_wins = M4_spin_reel_wins: null

2019-08-24 09:57:45 - [TEST_STEP][PASSED] - println("GlobalVariable.M4_spin_reel_wins is: " + M4_spin_reel_wins): null

2019-08-24 09:57:45 - [TEST_STEP][PASSED] - M4_spin_total_bonus_win_this_round = total_bonus_win_this_round: null

2019-08-24 09:57:45 - [TEST_STEP][PASSED] - M4_spin_total_bonus_win_this_round = M4_spin_total_bonus_win_this_round: null

2019-08-24 09:57:45 - [TEST_STEP][PASSED] - println("GlobalVariable.M4_spin_total_bonus_win_this_round is: " + M4_spin_total_bonus_win_this_round): null

2019-08-24 09:57:45 - [TEST_STEP][PASSED] - M4_spin_bonus_spin_result = spin_result: null

2019-08-24 09:57:45 - [TEST_STEP][PASSED] - M4_spin_bonus_spin_result = M4_spin_bonus_spin_result: null

2019-08-24 09:57:45 - [MESSAGE][PASSED] - Verify response successfully

2019-08-24 09:57:45 - [MESSAGE][PASSED] - Send request and verify the response successfully

2019-08-24 09:57:45 - [TEST_STEP][PASSED] - if (free_spin_reel_counter[0] &gt;= 1 &amp;&amp; free_spin_reel_counter[1] &gt;= 1 &amp;&amp; free_spin_reel_counter[2] &gt;= 1): null

2019-08-24 09:57:45 - [TEST_STEP][PASSED] - spin_result = sendRequestAndVerify(findTestObject("INT/RGS(M4)/1_M4_spin", ["M4_login_user_id":M4_login_user_id, "rgs_session_token":rgs_session_token, "partner":Partner])): Send request and verify the response successfully

2019-08-24 09:57:45 - [MESSAGE][INFO] - HAR: /Users/eiralee/Katalon_Script/SuperWild/Reports/20190824_095647/INT/superWild_1/20190824_095647/requests/main/17.har

2019-08-24 09:57:45 - [TEST_CASE][PASSED] - Start Test Case : Verification: Verification accomplished successfully

2019-08-24 09:57:45 - [TEST_STEP][PASSED] - request = getInstance().getCurrentRequest(): null

2019-08-24 09:57:45 - [TEST_STEP][PASSED] - response = getInstance().getCurrentResponse(): null

2019-08-24 09:57:45 - [TEST_STEP][PASSED] - verifyResponseStatusCode(response, 200): Verify response status code successfully

2019-08-24 09:57:45 - [MESSAGE][PASSED] - Verify response status code successfully

2019-08-24 09:57:45 - [TEST_STEP][PASSED] - getStatusCode()).isEqualTo(200): null

2019-08-24 09:57:45 - [TEST_STEP][PASSED] - newline = System.getProperty("line.separator"): null

2019-08-24 09:57:45 - [TEST_STEP][PASSED] - M4_spin = new groovy.json.JsonSlurper(): null

2019-08-24 09:57:45 - [TEST_STEP][PASSED] - result_M4_spin = M4_spin.parseText(response.getResponseBodyContent()): null

2019-08-24 09:57:45 - [TEST_STEP][PASSED] - M4_spin_current_balance = current_balance: null

2019-08-24 09:57:45 - [TEST_STEP][PASSED] - M4_spin_current_balance = M4_spin_current_balance: null

2019-08-24 09:57:45 - [TEST_STEP][PASSED] - M4_spin_transaction_id = causality: null

2019-08-24 09:57:45 - [TEST_STEP][PASSED] - M4_spin_transaction_id = M4_spin_transaction_id: null

2019-08-24 09:57:45 - [TEST_STEP][PASSED] - M4_spin_round_id = round_id: null

2019-08-24 09:57:45 - [TEST_STEP][PASSED] - M4_spin_round_id = M4_spin_round_id: null

2019-08-24 09:57:45 - [TEST_STEP][PASSED] - M4_spin_line_wins = line_wins: null

2019-08-24 09:57:45 - [TEST_STEP][PASSED] - M4_spin_line_wins = M4_spin_line_wins: null

2019-08-24 09:57:45 - [TEST_STEP][PASSED] - M4_total_bonus_spins_int = total_bonus_spins: null

2019-08-24 09:57:45 - [TEST_STEP][PASSED] - println("******M4_total_bonus_spins type is:*******" + newline + getClass().getName()): null

2019-08-24 09:57:45 - [TEST_STEP][PASSED] - M4_total_bonus_spins_int = M4_total_bonus_spins_int: null

2019-08-24 09:57:45 - [TEST_STEP][PASSED] - M4_total_bonus_spins = Integer.toString(M4_total_bonus_spins_int): null

2019-08-24 09:57:45 - [TEST_STEP][PASSED] - M4_total_bonus_spins = M4_total_bonus_spins: null

2019-08-24 09:57:45 - [TEST_STEP][PASSED] - println("M4_total_bonus_spins is:" + M4_total_bonus_spins): null

2019-08-24 09:57:45 - [TEST_STEP][PASSED] - M4_spin_bonus_data = bonus_data: null

2019-08-24 09:57:45 - [TEST_STEP][PASSED] - M4_spin_features_triggered = result_M4_spin: null

2019-08-24 09:57:45 - [TEST_STEP][PASSED] - wild = []: null

2019-08-24 09:57:45 - [TEST_STEP][PASSED] - wild[0] = "WILD_Expanding": null

2019-08-24 09:57:45 - [TEST_STEP][PASSED] - wild[1] = "WILD_Normal": null

2019-08-24 09:57:45 - [TEST_STEP][PASSED] - wild[2] = "WILD_Double": null

2019-08-24 09:57:45 - [TEST_STEP][PASSED] - wild[3] = "WILD_ExtraFG": null

2019-08-24 09:57:45 - [TEST_STEP][PASSED] - wild[4] = "WILD_Triple": null

2019-08-24 09:57:45 - [TEST_STEP][PASSED] - wildList = Arrays.asList(wild): null

2019-08-24 09:57:45 - [TEST_STEP][PASSED] - wildList = wildList: null

2019-08-24 09:57:45 - [TEST_STEP][PASSED] - free_spin_reel_counter = []: null

2019-08-24 09:57:45 - [TEST_STEP][PASSED] - free_spin_reel_counter[0] = 0: null

2019-08-24 09:57:45 - [TEST_STEP][PASSED] - free_spin_reel_counter[1] = 0: null

2019-08-24 09:57:45 - [TEST_STEP][PASSED] - free_spin_reel_counter[2] = 0: null

2019-08-24 09:57:45 - [TEST_STEP][PASSED] - M4_spin_reels = reels: null

2019-08-24 09:57:45 - [TEST_STEP][PASSED] - for ([i = 0, i &lt; M4_spin_reels.size(), (i++)]): null

2019-08-24 09:57:45 - [TEST_STEP][PASSED] - symbols = symbols: null

2019-08-24 09:57:45 - [TEST_STEP][PASSED] - for ([j = 0, j &lt; symbols.size(), (j++)]): null

2019-08-24 09:57:45 - [TEST_STEP][PASSED] - symbol = symbol: null

2019-08-24 09:57:45 - [TEST_STEP][PASSED] - println(symbol): null

2019-08-24 09:57:45 - [TEST_STEP][PASSED] - if (i == 2 &amp;&amp; wildList.indexOf(symbol) != -1): null

2019-08-24 09:57:45 - [TEST_STEP][PASSED] - if (i == 3 &amp;&amp; wildList.indexOf(symbol) != -1): null

2019-08-24 09:57:45 - [TEST_STEP][PASSED] - if (i == 4 &amp;&amp; wildList.indexOf(symbol) != -1): null

2019-08-24 09:57:45 - [TEST_STEP][PASSED] - symbol = symbol: null

2019-08-24 09:57:45 - [TEST_STEP][PASSED] - println(symbol): null

2019-08-24 09:57:45 - [TEST_STEP][PASSED] - if (i == 2 &amp;&amp; wildList.indexOf(symbol) != -1): null

2019-08-24 09:57:45 - [TEST_STEP][PASSED] - if (i == 3 &amp;&amp; wildList.indexOf(symbol) != -1): null

2019-08-24 09:57:45 - [TEST_STEP][PASSED] - if (i == 4 &amp;&amp; wildList.indexOf(symbol) != -1): null

2019-08-24 09:57:45 - [TEST_STEP][PASSED] - symbol = symbol: null

2019-08-24 09:57:45 - [TEST_STEP][PASSED] - println(symbol): null

2019-08-24 09:57:45 - [TEST_STEP][PASSED] - if (i == 2 &amp;&amp; wildList.indexOf(symbol) != -1): null

2019-08-24 09:57:45 - [TEST_STEP][PASSED] - if (i == 3 &amp;&amp; wildList.indexOf(symbol) != -1): null

2019-08-24 09:57:45 - [TEST_STEP][PASSED] - if (i == 4 &amp;&amp; wildList.indexOf(symbol) != -1): null

2019-08-24 09:57:45 - [TEST_STEP][PASSED] - symbols = symbols: null

2019-08-24 09:57:45 - [TEST_STEP][PASSED] - for ([j = 0, j &lt; symbols.size(), (j++)]): null

2019-08-24 09:57:45 - [TEST_STEP][PASSED] - symbol = symbol: null

2019-08-24 09:57:45 - [TEST_STEP][PASSED] - println(symbol): null

2019-08-24 09:57:45 - [TEST_STEP][PASSED] - if (i == 2 &amp;&amp; wildList.indexOf(symbol) != -1): null

2019-08-24 09:57:45 - [TEST_STEP][PASSED] - if (i == 3 &amp;&amp; wildList.indexOf(symbol) != -1): null

2019-08-24 09:57:45 - [TEST_STEP][PASSED] - if (i == 4 &amp;&amp; wildList.indexOf(symbol) != -1): null

2019-08-24 09:57:45 - [TEST_STEP][PASSED] - symbol = symbol: null

2019-08-24 09:57:45 - [TEST_STEP][PASSED] - println(symbol): null

2019-08-24 09:57:45 - [TEST_STEP][PASSED] - if (i == 2 &amp;&amp; wildList.indexOf(symbol) != -1): null

2019-08-24 09:57:45 - [TEST_STEP][PASSED] - if (i == 3 &amp;&amp; wildList.indexOf(symbol) != -1): null

2019-08-24 09:57:45 - [TEST_STEP][PASSED] - if (i == 4 &amp;&amp; wildList.indexOf(symbol) != -1): null

2019-08-24 09:57:45 - [TEST_STEP][PASSED] - symbol = symbol: null

2019-08-24 09:57:45 - [TEST_STEP][PASSED] - println(symbol): null

2019-08-24 09:57:45 - [TEST_STEP][PASSED] - if (i == 2 &amp;&amp; wildList.indexOf(symbol) != -1): null

2019-08-24 09:57:45 - [TEST_STEP][PASSED] - if (i == 3 &amp;&amp; wildList.indexOf(symbol) != -1): null

2019-08-24 09:57:45 - [TEST_STEP][PASSED] - if (i == 4 &amp;&amp; wildList.indexOf(symbol) != -1): null

2019-08-24 09:57:45 - [TEST_STEP][PASSED] - symbols = symbols: null

2019-08-24 09:57:45 - [TEST_STEP][PASSED] - for ([j = 0, j &lt; symbols.size(), (j++)]): null

2019-08-24 09:57:45 - [TEST_STEP][PASSED] - symbol = symbol: null

2019-08-24 09:57:45 - [TEST_STEP][PASSED] - println(symbol): null

2019-08-24 09:57:45 - [TEST_STEP][PASSED] - if (i == 2 &amp;&amp; wildList.indexOf(symbol) != -1): null

2019-08-24 09:57:45 - [TEST_STEP][PASSED] - if (i == 3 &amp;&amp; wildList.indexOf(symbol) != -1): null

2019-08-24 09:57:45 - [TEST_STEP][PASSED] - if (i == 4 &amp;&amp; wildList.indexOf(symbol) != -1): null

2019-08-24 09:57:45 - [TEST_STEP][PASSED] - symbol = symbol: null

2019-08-24 09:57:45 - [TEST_STEP][PASSED] - println(symbol): null

2019-08-24 09:57:45 - [TEST_STEP][PASSED] - if (i == 2 &amp;&amp; wildList.indexOf(symbol) != -1): null

2019-08-24 09:57:45 - [TEST_STEP][PASSED] - if (i == 3 &amp;&amp; wildList.indexOf(symbol) != -1): null

2019-08-24 09:57:45 - [TEST_STEP][PASSED] - if (i == 4 &amp;&amp; wildList.indexOf(symbol) != -1): null

2019-08-24 09:57:45 - [TEST_STEP][PASSED] - symbol = symbol: null

2019-08-24 09:57:45 - [TEST_STEP][PASSED] - println(symbol): null

2019-08-24 09:57:45 - [TEST_STEP][PASSED] - if (i == 2 &amp;&amp; wildList.indexOf(symbol) != -1): null

2019-08-24 09:57:45 - [TEST_STEP][PASSED] - if (i == 3 &amp;&amp; wildList.indexOf(symbol) != -1): null

2019-08-24 09:57:45 - [TEST_STEP][PASSED] - if (i == 4 &amp;&amp; wildList.indexOf(symbol) != -1): null

2019-08-24 09:57:45 - [TEST_STEP][PASSED] - symbols = symbols: null

2019-08-24 09:57:45 - [TEST_STEP][PASSED] - for ([j = 0, j &lt; symbols.size(), (j++)]): null

2019-08-24 09:57:45 - [TEST_STEP][PASSED] - symbol = symbol: null

2019-08-24 09:57:45 - [TEST_STEP][PASSED] - println(symbol): null

2019-08-24 09:57:45 - [TEST_STEP][PASSED] - if (i == 2 &amp;&amp; wildList.indexOf(symbol) != -1): null

2019-08-24 09:57:45 - [TEST_STEP][PASSED] - if (i == 3 &amp;&amp; wildList.indexOf(symbol) != -1): null

2019-08-24 09:57:45 - [TEST_STEP][PASSED] - if (i == 4 &amp;&amp; wildList.indexOf(symbol) != -1): null

2019-08-24 09:57:45 - [TEST_STEP][PASSED] - symbol = symbol: null

2019-08-24 09:57:45 - [TEST_STEP][PASSED] - println(symbol): null

2019-08-24 09:57:45 - [TEST_STEP][PASSED] - if (i == 2 &amp;&amp; wildList.indexOf(symbol) != -1): null

2019-08-24 09:57:45 - [TEST_STEP][PASSED] - if (i == 3 &amp;&amp; wildList.indexOf(symbol) != -1): null

2019-08-24 09:57:45 - [TEST_STEP][PASSED] - if (i == 4 &amp;&amp; wildList.indexOf(symbol) != -1): null

2019-08-24 09:57:45 - [TEST_STEP][PASSED] - symbol = symbol: null

2019-08-24 09:57:45 - [TEST_STEP][PASSED] - println(symbol): null

2019-08-24 09:57:45 - [TEST_STEP][PASSED] - if (i == 2 &amp;&amp; wildList.indexOf(symbol) != -1): null

2019-08-24 09:57:45 - [TEST_STEP][PASSED] - if (i == 3 &amp;&amp; wildList.indexOf(symbol) != -1): null

2019-08-24 09:57:45 - [TEST_STEP][PASSED] - if (i == 4 &amp;&amp; wildList.indexOf(symbol) != -1): null

2019-08-24 09:57:45 - [TEST_STEP][PASSED] - symbols = symbols: null

2019-08-24 09:57:45 - [TEST_STEP][PASSED] - for ([j = 0, j &lt; symbols.size(), (j++)]): null

2019-08-24 09:57:45 - [TEST_STEP][PASSED] - symbol = symbol: null

2019-08-24 09:57:45 - [TEST_STEP][PASSED] - println(symbol): null

2019-08-24 09:57:45 - [TEST_STEP][PASSED] - if (i == 2 &amp;&amp; wildList.indexOf(symbol) != -1): null

2019-08-24 09:57:45 - [TEST_STEP][PASSED] - if (i == 3 &amp;&amp; wildList.indexOf(symbol) != -1): null

2019-08-24 09:57:45 - [TEST_STEP][PASSED] - if (i == 4 &amp;&amp; wildList.indexOf(symbol) != -1): null

2019-08-24 09:57:45 - [TEST_STEP][PASSED] - println("wild found on reel 5, adding counter by 1"): null

2019-08-24 09:57:45 - [TEST_STEP][PASSED] - free_spin_reel_counter[2] = free_spin_reel_counter[2] + 1: null

2019-08-24 09:57:45 - [TEST_STEP][PASSED] - symbol = symbol: null

2019-08-24 09:57:45 - [TEST_STEP][PASSED] - println(symbol): null

2019-08-24 09:57:45 - [TEST_STEP][PASSED] - if (i == 2 &amp;&amp; wildList.indexOf(symbol) != -1): null

2019-08-24 09:57:45 - [TEST_STEP][PASSED] - if (i == 3 &amp;&amp; wildList.indexOf(symbol) != -1): null

2019-08-24 09:57:45 - [TEST_STEP][PASSED] - if (i == 4 &amp;&amp; wildList.indexOf(symbol) != -1): null

2019-08-24 09:57:45 - [TEST_STEP][PASSED] - symbol = symbol: null

2019-08-24 09:57:45 - [TEST_STEP][PASSED] - println(symbol): null

2019-08-24 09:57:45 - [TEST_STEP][PASSED] - if (i == 2 &amp;&amp; wildList.indexOf(symbol) != -1): null

2019-08-24 09:57:45 - [TEST_STEP][PASSED] - if (i == 3 &amp;&amp; wildList.indexOf(symbol) != -1): null

2019-08-24 09:57:45 - [TEST_STEP][PASSED] - if (i == 4 &amp;&amp; wildList.indexOf(symbol) != -1): null

2019-08-24 09:57:45 - [TEST_STEP][PASSED] - free_spin_reel_counter = free_spin_reel_counter: null

2019-08-24 09:57:45 - [TEST_STEP][PASSED] - println("reel 3 wild found: " + free_spin_reel_counter[0]): null

2019-08-24 09:57:45 - [TEST_STEP][PASSED] - println("reel 4 wild found: " + free_spin_reel_counter[1]): null

2019-08-24 09:57:45 - [TEST_STEP][PASSED] - println("reel 5 wild found: " + free_spin_reel_counter[2]): null

2019-08-24 09:57:45 - [TEST_STEP][PASSED] - M4_spin_reels = M4_spin_reels: null

2019-08-24 09:57:45 - [TEST_STEP][PASSED] - M4_spin_reels_symbols = symbol: null

2019-08-24 09:57:45 - [TEST_STEP][PASSED] - M4_spin_reels_symbols = M4_spin_reels_symbols: null

2019-08-24 09:57:45 - [TEST_STEP][PASSED] - M4_spin_reel_wins = reel_wins: null

2019-08-24 09:57:45 - [TEST_STEP][PASSED] - M4_spin_reel_wins = M4_spin_reel_wins: null

2019-08-24 09:57:45 - [TEST_STEP][PASSED] - println("GlobalVariable.M4_spin_reel_wins is: " + M4_spin_reel_wins): null

2019-08-24 09:57:45 - [TEST_STEP][PASSED] - M4_spin_total_bonus_win_this_round = total_bonus_win_this_round: null

2019-08-24 09:57:45 - [TEST_STEP][PASSED] - M4_spin_total_bonus_win_this_round = M4_spin_total_bonus_win_this_round: null

2019-08-24 09:57:45 - [TEST_STEP][PASSED] - println("GlobalVariable.M4_spin_total_bonus_win_this_round is: " + M4_spin_total_bonus_win_this_round): null

2019-08-24 09:57:45 - [TEST_STEP][PASSED] - M4_spin_bonus_spin_result = spin_result: null

2019-08-24 09:57:45 - [TEST_STEP][PASSED] - M4_spin_bonus_spin_result = M4_spin_bonus_spin_result: null

2019-08-24 09:57:45 - [MESSAGE][PASSED] - Verify response successfully

2019-08-24 09:57:45 - [MESSAGE][PASSED] - Send request and verify the response successfully

2019-08-24 09:57:45 - [TEST_STEP][PASSED] - if (free_spin_reel_counter[0] &gt;= 1 &amp;&amp; free_spin_reel_counter[1] &gt;= 1 &amp;&amp; free_spin_reel_counter[2] &gt;= 1): null

2019-08-24 09:57:45 - [TEST_STEP][PASSED] - spin_result = sendRequestAndVerify(findTestObject("INT/RGS(M4)/1_M4_spin", ["M4_login_user_id":M4_login_user_id, "rgs_session_token":rgs_session_token, "partner":Partner])): Send request and verify the response successfully

2019-08-24 09:57:46 - [MESSAGE][INFO] - HAR: /Users/eiralee/Katalon_Script/SuperWild/Reports/20190824_095647/INT/superWild_1/20190824_095647/requests/main/18.har

2019-08-24 09:57:46 - [TEST_CASE][PASSED] - Start Test Case : Verification: Verification accomplished successfully

2019-08-24 09:57:46 - [TEST_STEP][PASSED] - request = getInstance().getCurrentRequest(): null

2019-08-24 09:57:46 - [TEST_STEP][PASSED] - response = getInstance().getCurrentResponse(): null

2019-08-24 09:57:46 - [TEST_STEP][PASSED] - verifyResponseStatusCode(response, 200): Verify response status code successfully

2019-08-24 09:57:46 - [MESSAGE][PASSED] - Verify response status code successfully

2019-08-24 09:57:46 - [TEST_STEP][PASSED] - getStatusCode()).isEqualTo(200): null

2019-08-24 09:57:46 - [TEST_STEP][PASSED] - newline = System.getProperty("line.separator"): null

2019-08-24 09:57:46 - [TEST_STEP][PASSED] - M4_spin = new groovy.json.JsonSlurper(): null

2019-08-24 09:57:46 - [TEST_STEP][PASSED] - result_M4_spin = M4_spin.parseText(response.getResponseBodyContent()): null

2019-08-24 09:57:46 - [TEST_STEP][PASSED] - M4_spin_current_balance = current_balance: null

2019-08-24 09:57:46 - [TEST_STEP][PASSED] - M4_spin_current_balance = M4_spin_current_balance: null

2019-08-24 09:57:46 - [TEST_STEP][PASSED] - M4_spin_transaction_id = causality: null

2019-08-24 09:57:46 - [TEST_STEP][PASSED] - M4_spin_transaction_id = M4_spin_transaction_id: null

2019-08-24 09:57:46 - [TEST_STEP][PASSED] - M4_spin_round_id = round_id: null

2019-08-24 09:57:46 - [TEST_STEP][PASSED] - M4_spin_round_id = M4_spin_round_id: null

2019-08-24 09:57:46 - [TEST_STEP][PASSED] - M4_spin_line_wins = line_wins: null

2019-08-24 09:57:46 - [TEST_STEP][PASSED] - M4_spin_line_wins = M4_spin_line_wins: null

2019-08-24 09:57:46 - [TEST_STEP][PASSED] - M4_total_bonus_spins_int = total_bonus_spins: null

2019-08-24 09:57:46 - [TEST_STEP][PASSED] - println("******M4_total_bonus_spins type is:*******" + newline + getClass().getName()): null

2019-08-24 09:57:46 - [TEST_STEP][PASSED] - M4_total_bonus_spins_int = M4_total_bonus_spins_int: null

2019-08-24 09:57:46 - [TEST_STEP][PASSED] - M4_total_bonus_spins = Integer.toString(M4_total_bonus_spins_int): null

2019-08-24 09:57:46 - [TEST_STEP][PASSED] - M4_total_bonus_spins = M4_total_bonus_spins: null

2019-08-24 09:57:46 - [TEST_STEP][PASSED] - println("M4_total_bonus_spins is:" + M4_total_bonus_spins): null

2019-08-24 09:57:46 - [TEST_STEP][PASSED] - M4_spin_bonus_data = bonus_data: null

2019-08-24 09:57:46 - [TEST_STEP][PASSED] - M4_spin_features_triggered = result_M4_spin: null

2019-08-24 09:57:46 - [TEST_STEP][PASSED] - wild = []: null

2019-08-24 09:57:46 - [TEST_STEP][PASSED] - wild[0] = "WILD_Expanding": null

2019-08-24 09:57:46 - [TEST_STEP][PASSED] - wild[1] = "WILD_Normal": null

2019-08-24 09:57:46 - [TEST_STEP][PASSED] - wild[2] = "WILD_Double": null

2019-08-24 09:57:46 - [TEST_STEP][PASSED] - wild[3] = "WILD_ExtraFG": null

2019-08-24 09:57:46 - [TEST_STEP][PASSED] - wild[4] = "WILD_Triple": null

2019-08-24 09:57:46 - [TEST_STEP][PASSED] - wildList = Arrays.asList(wild): null

2019-08-24 09:57:46 - [TEST_STEP][PASSED] - wildList = wildList: null

2019-08-24 09:57:46 - [TEST_STEP][PASSED] - free_spin_reel_counter = []: null

2019-08-24 09:57:46 - [TEST_STEP][PASSED] - free_spin_reel_counter[0] = 0: null

2019-08-24 09:57:46 - [TEST_STEP][PASSED] - free_spin_reel_counter[1] = 0: null

2019-08-24 09:57:46 - [TEST_STEP][PASSED] - free_spin_reel_counter[2] = 0: null

2019-08-24 09:57:46 - [TEST_STEP][PASSED] - M4_spin_reels = reels: null

2019-08-24 09:57:46 - [TEST_STEP][PASSED] - for ([i = 0, i &lt; M4_spin_reels.size(), (i++)]): null

2019-08-24 09:57:46 - [TEST_STEP][PASSED] - symbols = symbols: null

2019-08-24 09:57:46 - [TEST_STEP][PASSED] - for ([j = 0, j &lt; symbols.size(), (j++)]): null

2019-08-24 09:57:46 - [TEST_STEP][PASSED] - symbol = symbol: null

2019-08-24 09:57:46 - [TEST_STEP][PASSED] - println(symbol): null

2019-08-24 09:57:46 - [TEST_STEP][PASSED] - if (i == 2 &amp;&amp; wildList.indexOf(symbol) != -1): null

2019-08-24 09:57:46 - [TEST_STEP][PASSED] - if (i == 3 &amp;&amp; wildList.indexOf(symbol) != -1): null

2019-08-24 09:57:46 - [TEST_STEP][PASSED] - if (i == 4 &amp;&amp; wildList.indexOf(symbol) != -1): null

2019-08-24 09:57:46 - [TEST_STEP][PASSED] - symbol = symbol: null

2019-08-24 09:57:46 - [TEST_STEP][PASSED] - println(symbol): null

2019-08-24 09:57:46 - [TEST_STEP][PASSED] - if (i == 2 &amp;&amp; wildList.indexOf(symbol) != -1): null

2019-08-24 09:57:46 - [TEST_STEP][PASSED] - if (i == 3 &amp;&amp; wildList.indexOf(symbol) != -1): null

2019-08-24 09:57:46 - [TEST_STEP][PASSED] - if (i == 4 &amp;&amp; wildList.indexOf(symbol) != -1): null

2019-08-24 09:57:46 - [TEST_STEP][PASSED] - symbol = symbol: null

2019-08-24 09:57:46 - [TEST_STEP][PASSED] - println(symbol): null

2019-08-24 09:57:46 - [TEST_STEP][PASSED] - if (i == 2 &amp;&amp; wildList.indexOf(symbol) != -1): null

2019-08-24 09:57:46 - [TEST_STEP][PASSED] - if (i == 3 &amp;&amp; wildList.indexOf(symbol) != -1): null

2019-08-24 09:57:46 - [TEST_STEP][PASSED] - if (i == 4 &amp;&amp; wildList.indexOf(symbol) != -1): null

2019-08-24 09:57:46 - [TEST_STEP][PASSED] - symbols = symbols: null

2019-08-24 09:57:46 - [TEST_STEP][PASSED] - for ([j = 0, j &lt; symbols.size(), (j++)]): null

2019-08-24 09:57:46 - [TEST_STEP][PASSED] - symbol = symbol: null

2019-08-24 09:57:46 - [TEST_STEP][PASSED] - println(symbol): null

2019-08-24 09:57:46 - [TEST_STEP][PASSED] - if (i == 2 &amp;&amp; wildList.indexOf(symbol) != -1): null

2019-08-24 09:57:46 - [TEST_STEP][PASSED] - if (i == 3 &amp;&amp; wildList.indexOf(symbol) != -1): null

2019-08-24 09:57:46 - [TEST_STEP][PASSED] - if (i == 4 &amp;&amp; wildList.indexOf(symbol) != -1): null

2019-08-24 09:57:46 - [TEST_STEP][PASSED] - symbol = symbol: null

2019-08-24 09:57:46 - [TEST_STEP][PASSED] - println(symbol): null

2019-08-24 09:57:46 - [TEST_STEP][PASSED] - if (i == 2 &amp;&amp; wildList.indexOf(symbol) != -1): null

2019-08-24 09:57:46 - [TEST_STEP][PASSED] - if (i == 3 &amp;&amp; wildList.indexOf(symbol) != -1): null

2019-08-24 09:57:46 - [TEST_STEP][PASSED] - if (i == 4 &amp;&amp; wildList.indexOf(symbol) != -1): null

2019-08-24 09:57:46 - [TEST_STEP][PASSED] - symbol = symbol: null

2019-08-24 09:57:46 - [TEST_STEP][PASSED] - println(symbol): null

2019-08-24 09:57:46 - [TEST_STEP][PASSED] - if (i == 2 &amp;&amp; wildList.indexOf(symbol) != -1): null

2019-08-24 09:57:46 - [TEST_STEP][PASSED] - if (i == 3 &amp;&amp; wildList.indexOf(symbol) != -1): null

2019-08-24 09:57:46 - [TEST_STEP][PASSED] - if (i == 4 &amp;&amp; wildList.indexOf(symbol) != -1): null

2019-08-24 09:57:46 - [TEST_STEP][PASSED] - symbols = symbols: null

2019-08-24 09:57:46 - [TEST_STEP][PASSED] - for ([j = 0, j &lt; symbols.size(), (j++)]): null

2019-08-24 09:57:46 - [TEST_STEP][PASSED] - symbol = symbol: null

2019-08-24 09:57:46 - [TEST_STEP][PASSED] - println(symbol): null

2019-08-24 09:57:46 - [TEST_STEP][PASSED] - if (i == 2 &amp;&amp; wildList.indexOf(symbol) != -1): null

2019-08-24 09:57:46 - [TEST_STEP][PASSED] - println("wild found on reel 3, adding counter by 1"): null

2019-08-24 09:57:46 - [TEST_STEP][PASSED] - free_spin_reel_counter[0] = free_spin_reel_counter[0] + 1: null

2019-08-24 09:57:46 - [TEST_STEP][PASSED] - if (i == 3 &amp;&amp; wildList.indexOf(symbol) != -1): null

2019-08-24 09:57:46 - [TEST_STEP][PASSED] - if (i == 4 &amp;&amp; wildList.indexOf(symbol) != -1): null

2019-08-24 09:57:46 - [TEST_STEP][PASSED] - symbol = symbol: null

2019-08-24 09:57:46 - [TEST_STEP][PASSED] - println(symbol): null

2019-08-24 09:57:46 - [TEST_STEP][PASSED] - if (i == 2 &amp;&amp; wildList.indexOf(symbol) != -1): null

2019-08-24 09:57:46 - [TEST_STEP][PASSED] - if (i == 3 &amp;&amp; wildList.indexOf(symbol) != -1): null

2019-08-24 09:57:46 - [TEST_STEP][PASSED] - if (i == 4 &amp;&amp; wildList.indexOf(symbol) != -1): null

2019-08-24 09:57:46 - [TEST_STEP][PASSED] - symbol = symbol: null

2019-08-24 09:57:46 - [TEST_STEP][PASSED] - println(symbol): null

2019-08-24 09:57:46 - [TEST_STEP][PASSED] - if (i == 2 &amp;&amp; wildList.indexOf(symbol) != -1): null

2019-08-24 09:57:46 - [TEST_STEP][PASSED] - if (i == 3 &amp;&amp; wildList.indexOf(symbol) != -1): null

2019-08-24 09:57:46 - [TEST_STEP][PASSED] - if (i == 4 &amp;&amp; wildList.indexOf(symbol) != -1): null

2019-08-24 09:57:46 - [TEST_STEP][PASSED] - symbols = symbols: null

2019-08-24 09:57:46 - [TEST_STEP][PASSED] - for ([j = 0, j &lt; symbols.size(), (j++)]): null

2019-08-24 09:57:46 - [TEST_STEP][PASSED] - symbol = symbol: null

2019-08-24 09:57:46 - [TEST_STEP][PASSED] - println(symbol): null

2019-08-24 09:57:46 - [TEST_STEP][PASSED] - if (i == 2 &amp;&amp; wildList.indexOf(symbol) != -1): null

2019-08-24 09:57:46 - [TEST_STEP][PASSED] - if (i == 3 &amp;&amp; wildList.indexOf(symbol) != -1): null

2019-08-24 09:57:46 - [TEST_STEP][PASSED] - if (i == 4 &amp;&amp; wildList.indexOf(symbol) != -1): null

2019-08-24 09:57:46 - [TEST_STEP][PASSED] - symbol = symbol: null

2019-08-24 09:57:46 - [TEST_STEP][PASSED] - println(symbol): null

2019-08-24 09:57:46 - [TEST_STEP][PASSED] - if (i == 2 &amp;&amp; wildList.indexOf(symbol) != -1): null

2019-08-24 09:57:46 - [TEST_STEP][PASSED] - if (i == 3 &amp;&amp; wildList.indexOf(symbol) != -1): null

2019-08-24 09:57:46 - [TEST_STEP][PASSED] - if (i == 4 &amp;&amp; wildList.indexOf(symbol) != -1): null

2019-08-24 09:57:46 - [TEST_STEP][PASSED] - symbol = symbol: null

2019-08-24 09:57:46 - [TEST_STEP][PASSED] - println(symbol): null

2019-08-24 09:57:46 - [TEST_STEP][PASSED] - if (i == 2 &amp;&amp; wildList.indexOf(symbol) != -1): null

2019-08-24 09:57:46 - [TEST_STEP][PASSED] - if (i == 3 &amp;&amp; wildList.indexOf(symbol) != -1): null

2019-08-24 09:57:46 - [TEST_STEP][PASSED] - println("wild found on reel 4, adding counter by 1"): null

2019-08-24 09:57:46 - [TEST_STEP][PASSED] - free_spin_reel_counter[1] = free_spin_reel_counter[1] + 1: null

2019-08-24 09:57:46 - [TEST_STEP][PASSED] - if (i == 4 &amp;&amp; wildList.indexOf(symbol) != -1): null

2019-08-24 09:57:46 - [TEST_STEP][PASSED] - symbols = symbols: null

2019-08-24 09:57:46 - [TEST_STEP][PASSED] - for ([j = 0, j &lt; symbols.size(), (j++)]): null

2019-08-24 09:57:46 - [TEST_STEP][PASSED] - symbol = symbol: null

2019-08-24 09:57:46 - [TEST_STEP][PASSED] - println(symbol): null

2019-08-24 09:57:46 - [TEST_STEP][PASSED] - if (i == 2 &amp;&amp; wildList.indexOf(symbol) != -1): null

2019-08-24 09:57:46 - [TEST_STEP][PASSED] - if (i == 3 &amp;&amp; wildList.indexOf(symbol) != -1): null

2019-08-24 09:57:46 - [TEST_STEP][PASSED] - if (i == 4 &amp;&amp; wildList.indexOf(symbol) != -1): null

2019-08-24 09:57:46 - [TEST_STEP][PASSED] - symbol = symbol: null

2019-08-24 09:57:46 - [TEST_STEP][PASSED] - println(symbol): null

2019-08-24 09:57:46 - [TEST_STEP][PASSED] - if (i == 2 &amp;&amp; wildList.indexOf(symbol) != -1): null

2019-08-24 09:57:46 - [TEST_STEP][PASSED] - if (i == 3 &amp;&amp; wildList.indexOf(symbol) != -1): null

2019-08-24 09:57:46 - [TEST_STEP][PASSED] - if (i == 4 &amp;&amp; wildList.indexOf(symbol) != -1): null

2019-08-24 09:57:46 - [TEST_STEP][PASSED] - symbol = symbol: null

2019-08-24 09:57:46 - [TEST_STEP][PASSED] - println(symbol): null

2019-08-24 09:57:46 - [TEST_STEP][PASSED] - if (i == 2 &amp;&amp; wildList.indexOf(symbol) != -1): null

2019-08-24 09:57:46 - [TEST_STEP][PASSED] - if (i == 3 &amp;&amp; wildList.indexOf(symbol) != -1): null

2019-08-24 09:57:46 - [TEST_STEP][PASSED] - if (i == 4 &amp;&amp; wildList.indexOf(symbol) != -1): null

2019-08-24 09:57:46 - [TEST_STEP][PASSED] - free_spin_reel_counter = free_spin_reel_counter: null

2019-08-24 09:57:46 - [TEST_STEP][PASSED] - println("reel 3 wild found: " + free_spin_reel_counter[0]): null

2019-08-24 09:57:46 - [TEST_STEP][PASSED] - println("reel 4 wild found: " + free_spin_reel_counter[1]): null

2019-08-24 09:57:46 - [TEST_STEP][PASSED] - println("reel 5 wild found: " + free_spin_reel_counter[2]): null

2019-08-24 09:57:46 - [TEST_STEP][PASSED] - M4_spin_reels = M4_spin_reels: null

2019-08-24 09:57:46 - [TEST_STEP][PASSED] - M4_spin_reels_symbols = symbol: null

2019-08-24 09:57:46 - [TEST_STEP][PASSED] - M4_spin_reels_symbols = M4_spin_reels_symbols: null

2019-08-24 09:57:46 - [TEST_STEP][PASSED] - M4_spin_reel_wins = reel_wins: null

2019-08-24 09:57:46 - [TEST_STEP][PASSED] - M4_spin_reel_wins = M4_spin_reel_wins: null

2019-08-24 09:57:46 - [TEST_STEP][PASSED] - println("GlobalVariable.M4_spin_reel_wins is: " + M4_spin_reel_wins): null

2019-08-24 09:57:46 - [TEST_STEP][PASSED] - M4_spin_total_bonus_win_this_round = total_bonus_win_this_round: null

2019-08-24 09:57:46 - [TEST_STEP][PASSED] - M4_spin_total_bonus_win_this_round = M4_spin_total_bonus_win_this_round: null

2019-08-24 09:57:46 - [TEST_STEP][PASSED] - println("GlobalVariable.M4_spin_total_bonus_win_this_round is: " + M4_spin_total_bonus_win_this_round): null

2019-08-24 09:57:46 - [TEST_STEP][PASSED] - M4_spin_bonus_spin_result = spin_result: null

2019-08-24 09:57:46 - [TEST_STEP][PASSED] - M4_spin_bonus_spin_result = M4_spin_bonus_spin_result: null

2019-08-24 09:57:46 - [MESSAGE][PASSED] - Verify response successfully

2019-08-24 09:57:46 - [MESSAGE][PASSED] - Send request and verify the response successfully

2019-08-24 09:57:46 - [TEST_STEP][PASSED] - if (free_spin_reel_counter[0] &gt;= 1 &amp;&amp; free_spin_reel_counter[1] &gt;= 1 &amp;&amp; free_spin_reel_counter[2] &gt;= 1): null

2019-08-24 09:57:46 - [TEST_STEP][PASSED] - spin_result = sendRequestAndVerify(findTestObject("INT/RGS(M4)/1_M4_spin", ["M4_login_user_id":M4_login_user_id, "rgs_session_token":rgs_session_token, "partner":Partner])): Send request and verify the response successfully

2019-08-24 09:57:47 - [MESSAGE][INFO] - HAR: /Users/eiralee/Katalon_Script/SuperWild/Reports/20190824_095647/INT/superWild_1/20190824_095647/requests/main/19.har

2019-08-24 09:57:47 - [TEST_CASE][PASSED] - Start Test Case : Verification: Verification accomplished successfully

2019-08-24 09:57:47 - [TEST_STEP][PASSED] - request = getInstance().getCurrentRequest(): null

2019-08-24 09:57:47 - [TEST_STEP][PASSED] - response = getInstance().getCurrentResponse(): null

2019-08-24 09:57:47 - [TEST_STEP][PASSED] - verifyResponseStatusCode(response, 200): Verify response status code successfully

2019-08-24 09:57:47 - [MESSAGE][PASSED] - Verify response status code successfully

2019-08-24 09:57:47 - [TEST_STEP][PASSED] - getStatusCode()).isEqualTo(200): null

2019-08-24 09:57:47 - [TEST_STEP][PASSED] - newline = System.getProperty("line.separator"): null

2019-08-24 09:57:47 - [TEST_STEP][PASSED] - M4_spin = new groovy.json.JsonSlurper(): null

2019-08-24 09:57:47 - [TEST_STEP][PASSED] - result_M4_spin = M4_spin.parseText(response.getResponseBodyContent()): null

2019-08-24 09:57:47 - [TEST_STEP][PASSED] - M4_spin_current_balance = current_balance: null

2019-08-24 09:57:47 - [TEST_STEP][PASSED] - M4_spin_current_balance = M4_spin_current_balance: null

2019-08-24 09:57:47 - [TEST_STEP][PASSED] - M4_spin_transaction_id = causality: null

2019-08-24 09:57:47 - [TEST_STEP][PASSED] - M4_spin_transaction_id = M4_spin_transaction_id: null

2019-08-24 09:57:47 - [TEST_STEP][PASSED] - M4_spin_round_id = round_id: null

2019-08-24 09:57:47 - [TEST_STEP][PASSED] - M4_spin_round_id = M4_spin_round_id: null

2019-08-24 09:57:47 - [TEST_STEP][PASSED] - M4_spin_line_wins = line_wins: null

2019-08-24 09:57:47 - [TEST_STEP][PASSED] - M4_spin_line_wins = M4_spin_line_wins: null

2019-08-24 09:57:47 - [TEST_STEP][PASSED] - M4_total_bonus_spins_int = total_bonus_spins: null

2019-08-24 09:57:47 - [TEST_STEP][PASSED] - println("******M4_total_bonus_spins type is:*******" + newline + getClass().getName()): null

2019-08-24 09:57:47 - [TEST_STEP][PASSED] - M4_total_bonus_spins_int = M4_total_bonus_spins_int: null

2019-08-24 09:57:47 - [TEST_STEP][PASSED] - M4_total_bonus_spins = Integer.toString(M4_total_bonus_spins_int): null

2019-08-24 09:57:47 - [TEST_STEP][PASSED] - M4_total_bonus_spins = M4_total_bonus_spins: null

2019-08-24 09:57:47 - [TEST_STEP][PASSED] - println("M4_total_bonus_spins is:" + M4_total_bonus_spins): null

2019-08-24 09:57:47 - [TEST_STEP][PASSED] - M4_spin_bonus_data = bonus_data: null

2019-08-24 09:57:47 - [TEST_STEP][PASSED] - M4_spin_features_triggered = result_M4_spin: null

2019-08-24 09:57:47 - [TEST_STEP][PASSED] - wild = []: null

2019-08-24 09:57:47 - [TEST_STEP][PASSED] - wild[0] = "WILD_Expanding": null

2019-08-24 09:57:47 - [TEST_STEP][PASSED] - wild[1] = "WILD_Normal": null

2019-08-24 09:57:47 - [TEST_STEP][PASSED] - wild[2] = "WILD_Double": null

2019-08-24 09:57:47 - [TEST_STEP][PASSED] - wild[3] = "WILD_ExtraFG": null

2019-08-24 09:57:47 - [TEST_STEP][PASSED] - wild[4] = "WILD_Triple": null

2019-08-24 09:57:47 - [TEST_STEP][PASSED] - wildList = Arrays.asList(wild): null

2019-08-24 09:57:47 - [TEST_STEP][PASSED] - wildList = wildList: null

2019-08-24 09:57:47 - [TEST_STEP][PASSED] - free_spin_reel_counter = []: null

2019-08-24 09:57:47 - [TEST_STEP][PASSED] - free_spin_reel_counter[0] = 0: null

2019-08-24 09:57:47 - [TEST_STEP][PASSED] - free_spin_reel_counter[1] = 0: null

2019-08-24 09:57:47 - [TEST_STEP][PASSED] - free_spin_reel_counter[2] = 0: null

2019-08-24 09:57:47 - [TEST_STEP][PASSED] - M4_spin_reels = reels: null

2019-08-24 09:57:47 - [TEST_STEP][PASSED] - for ([i = 0, i &lt; M4_spin_reels.size(), (i++)]): null

2019-08-24 09:57:47 - [TEST_STEP][PASSED] - symbols = symbols: null

2019-08-24 09:57:47 - [TEST_STEP][PASSED] - for ([j = 0, j &lt; symbols.size(), (j++)]): null

2019-08-24 09:57:47 - [TEST_STEP][PASSED] - symbol = symbol: null

2019-08-24 09:57:47 - [TEST_STEP][PASSED] - println(symbol): null

2019-08-24 09:57:47 - [TEST_STEP][PASSED] - if (i == 2 &amp;&amp; wildList.indexOf(symbol) != -1): null

2019-08-24 09:57:47 - [TEST_STEP][PASSED] - if (i == 3 &amp;&amp; wildList.indexOf(symbol) != -1): null

2019-08-24 09:57:47 - [TEST_STEP][PASSED] - if (i == 4 &amp;&amp; wildList.indexOf(symbol) != -1): null

2019-08-24 09:57:47 - [TEST_STEP][PASSED] - symbol = symbol: null

2019-08-24 09:57:47 - [TEST_STEP][PASSED] - println(symbol): null

2019-08-24 09:57:47 - [TEST_STEP][PASSED] - if (i == 2 &amp;&amp; wildList.indexOf(symbol) != -1): null

2019-08-24 09:57:47 - [TEST_STEP][PASSED] - if (i == 3 &amp;&amp; wildList.indexOf(symbol) != -1): null

2019-08-24 09:57:47 - [TEST_STEP][PASSED] - if (i == 4 &amp;&amp; wildList.indexOf(symbol) != -1): null

2019-08-24 09:57:47 - [TEST_STEP][PASSED] - symbol = symbol: null

2019-08-24 09:57:47 - [TEST_STEP][PASSED] - println(symbol): null

2019-08-24 09:57:47 - [TEST_STEP][PASSED] - if (i == 2 &amp;&amp; wildList.indexOf(symbol) != -1): null

2019-08-24 09:57:47 - [TEST_STEP][PASSED] - if (i == 3 &amp;&amp; wildList.indexOf(symbol) != -1): null

2019-08-24 09:57:47 - [TEST_STEP][PASSED] - if (i == 4 &amp;&amp; wildList.indexOf(symbol) != -1): null

2019-08-24 09:57:47 - [TEST_STEP][PASSED] - symbols = symbols: null

2019-08-24 09:57:47 - [TEST_STEP][PASSED] - for ([j = 0, j &lt; symbols.size(), (j++)]): null

2019-08-24 09:57:47 - [TEST_STEP][PASSED] - symbol = symbol: null

2019-08-24 09:57:47 - [TEST_STEP][PASSED] - println(symbol): null

2019-08-24 09:57:47 - [TEST_STEP][PASSED] - if (i == 2 &amp;&amp; wildList.indexOf(symbol) != -1): null

2019-08-24 09:57:47 - [TEST_STEP][PASSED] - if (i == 3 &amp;&amp; wildList.indexOf(symbol) != -1): null

2019-08-24 09:57:47 - [TEST_STEP][PASSED] - if (i == 4 &amp;&amp; wildList.indexOf(symbol) != -1): null

2019-08-24 09:57:47 - [TEST_STEP][PASSED] - symbol = symbol: null

2019-08-24 09:57:47 - [TEST_STEP][PASSED] - println(symbol): null

2019-08-24 09:57:47 - [TEST_STEP][PASSED] - if (i == 2 &amp;&amp; wildList.indexOf(symbol) != -1): null

2019-08-24 09:57:47 - [TEST_STEP][PASSED] - if (i == 3 &amp;&amp; wildList.indexOf(symbol) != -1): null

2019-08-24 09:57:47 - [TEST_STEP][PASSED] - if (i == 4 &amp;&amp; wildList.indexOf(symbol) != -1): null

2019-08-24 09:57:47 - [TEST_STEP][PASSED] - symbol = symbol: null

2019-08-24 09:57:47 - [TEST_STEP][PASSED] - println(symbol): null

2019-08-24 09:57:47 - [TEST_STEP][PASSED] - if (i == 2 &amp;&amp; wildList.indexOf(symbol) != -1): null

2019-08-24 09:57:47 - [TEST_STEP][PASSED] - if (i == 3 &amp;&amp; wildList.indexOf(symbol) != -1): null

2019-08-24 09:57:47 - [TEST_STEP][PASSED] - if (i == 4 &amp;&amp; wildList.indexOf(symbol) != -1): null

2019-08-24 09:57:47 - [TEST_STEP][PASSED] - symbols = symbols: null

2019-08-24 09:57:47 - [TEST_STEP][PASSED] - for ([j = 0, j &lt; symbols.size(), (j++)]): null

2019-08-24 09:57:47 - [TEST_STEP][PASSED] - symbol = symbol: null

2019-08-24 09:57:47 - [TEST_STEP][PASSED] - println(symbol): null

2019-08-24 09:57:47 - [TEST_STEP][PASSED] - if (i == 2 &amp;&amp; wildList.indexOf(symbol) != -1): null

2019-08-24 09:57:47 - [TEST_STEP][PASSED] - if (i == 3 &amp;&amp; wildList.indexOf(symbol) != -1): null

2019-08-24 09:57:47 - [TEST_STEP][PASSED] - if (i == 4 &amp;&amp; wildList.indexOf(symbol) != -1): null

2019-08-24 09:57:47 - [TEST_STEP][PASSED] - symbol = symbol: null

2019-08-24 09:57:47 - [TEST_STEP][PASSED] - println(symbol): null

2019-08-24 09:57:47 - [TEST_STEP][PASSED] - if (i == 2 &amp;&amp; wildList.indexOf(symbol) != -1): null

2019-08-24 09:57:47 - [TEST_STEP][PASSED] - if (i == 3 &amp;&amp; wildList.indexOf(symbol) != -1): null

2019-08-24 09:57:47 - [TEST_STEP][PASSED] - if (i == 4 &amp;&amp; wildList.indexOf(symbol) != -1): null

2019-08-24 09:57:47 - [TEST_STEP][PASSED] - symbol = symbol: null

2019-08-24 09:57:47 - [TEST_STEP][PASSED] - println(symbol): null

2019-08-24 09:57:47 - [TEST_STEP][PASSED] - if (i == 2 &amp;&amp; wildList.indexOf(symbol) != -1): null

2019-08-24 09:57:47 - [TEST_STEP][PASSED] - if (i == 3 &amp;&amp; wildList.indexOf(symbol) != -1): null

2019-08-24 09:57:47 - [TEST_STEP][PASSED] - if (i == 4 &amp;&amp; wildList.indexOf(symbol) != -1): null

2019-08-24 09:57:47 - [TEST_STEP][PASSED] - symbols = symbols: null

2019-08-24 09:57:47 - [TEST_STEP][PASSED] - for ([j = 0, j &lt; symbols.size(), (j++)]): null

2019-08-24 09:57:47 - [TEST_STEP][PASSED] - symbol = symbol: null

2019-08-24 09:57:47 - [TEST_STEP][PASSED] - println(symbol): null

2019-08-24 09:57:47 - [TEST_STEP][PASSED] - if (i == 2 &amp;&amp; wildList.indexOf(symbol) != -1): null

2019-08-24 09:57:47 - [TEST_STEP][PASSED] - if (i == 3 &amp;&amp; wildList.indexOf(symbol) != -1): null

2019-08-24 09:57:47 - [TEST_STEP][PASSED] - if (i == 4 &amp;&amp; wildList.indexOf(symbol) != -1): null

2019-08-24 09:57:47 - [TEST_STEP][PASSED] - symbol = symbol: null

2019-08-24 09:57:47 - [TEST_STEP][PASSED] - println(symbol): null

2019-08-24 09:57:47 - [TEST_STEP][PASSED] - if (i == 2 &amp;&amp; wildList.indexOf(symbol) != -1): null

2019-08-24 09:57:47 - [TEST_STEP][PASSED] - if (i == 3 &amp;&amp; wildList.indexOf(symbol) != -1): null

2019-08-24 09:57:47 - [TEST_STEP][PASSED] - if (i == 4 &amp;&amp; wildList.indexOf(symbol) != -1): null

2019-08-24 09:57:47 - [TEST_STEP][PASSED] - symbol = symbol: null

2019-08-24 09:57:47 - [TEST_STEP][PASSED] - println(symbol): null

2019-08-24 09:57:47 - [TEST_STEP][PASSED] - if (i == 2 &amp;&amp; wildList.indexOf(symbol) != -1): null

2019-08-24 09:57:47 - [TEST_STEP][PASSED] - if (i == 3 &amp;&amp; wildList.indexOf(symbol) != -1): null

2019-08-24 09:57:47 - [TEST_STEP][PASSED] - if (i == 4 &amp;&amp; wildList.indexOf(symbol) != -1): null

2019-08-24 09:57:47 - [TEST_STEP][PASSED] - symbols = symbols: null

2019-08-24 09:57:47 - [TEST_STEP][PASSED] - for ([j = 0, j &lt; symbols.size(), (j++)]): null

2019-08-24 09:57:47 - [TEST_STEP][PASSED] - symbol = symbol: null

2019-08-24 09:57:47 - [TEST_STEP][PASSED] - println(symbol): null

2019-08-24 09:57:47 - [TEST_STEP][PASSED] - if (i == 2 &amp;&amp; wildList.indexOf(symbol) != -1): null

2019-08-24 09:57:47 - [TEST_STEP][PASSED] - if (i == 3 &amp;&amp; wildList.indexOf(symbol) != -1): null

2019-08-24 09:57:47 - [TEST_STEP][PASSED] - if (i == 4 &amp;&amp; wildList.indexOf(symbol) != -1): null

2019-08-24 09:57:47 - [TEST_STEP][PASSED] - symbol = symbol: null

2019-08-24 09:57:47 - [TEST_STEP][PASSED] - println(symbol): null

2019-08-24 09:57:47 - [TEST_STEP][PASSED] - if (i == 2 &amp;&amp; wildList.indexOf(symbol) != -1): null

2019-08-24 09:57:47 - [TEST_STEP][PASSED] - if (i == 3 &amp;&amp; wildList.indexOf(symbol) != -1): null

2019-08-24 09:57:47 - [TEST_STEP][PASSED] - if (i == 4 &amp;&amp; wildList.indexOf(symbol) != -1): null

2019-08-24 09:57:47 - [TEST_STEP][PASSED] - symbol = symbol: null

2019-08-24 09:57:47 - [TEST_STEP][PASSED] - println(symbol): null

2019-08-24 09:57:47 - [TEST_STEP][PASSED] - if (i == 2 &amp;&amp; wildList.indexOf(symbol) != -1): null

2019-08-24 09:57:47 - [TEST_STEP][PASSED] - if (i == 3 &amp;&amp; wildList.indexOf(symbol) != -1): null

2019-08-24 09:57:47 - [TEST_STEP][PASSED] - if (i == 4 &amp;&amp; wildList.indexOf(symbol) != -1): null

2019-08-24 09:57:47 - [TEST_STEP][PASSED] - free_spin_reel_counter = free_spin_reel_counter: null

2019-08-24 09:57:47 - [TEST_STEP][PASSED] - println("reel 3 wild found: " + free_spin_reel_counter[0]): null

2019-08-24 09:57:47 - [TEST_STEP][PASSED] - println("reel 4 wild found: " + free_spin_reel_counter[1]): null

2019-08-24 09:57:47 - [TEST_STEP][PASSED] - println("reel 5 wild found: " + free_spin_reel_counter[2]): null

2019-08-24 09:57:47 - [TEST_STEP][PASSED] - M4_spin_reels = M4_spin_reels: null

2019-08-24 09:57:47 - [TEST_STEP][PASSED] - M4_spin_reels_symbols = symbol: null

2019-08-24 09:57:47 - [TEST_STEP][PASSED] - M4_spin_reels_symbols = M4_spin_reels_symbols: null

2019-08-24 09:57:47 - [TEST_STEP][PASSED] - M4_spin_reel_wins = reel_wins: null

2019-08-24 09:57:47 - [TEST_STEP][PASSED] - M4_spin_reel_wins = M4_spin_reel_wins: null

2019-08-24 09:57:47 - [TEST_STEP][PASSED] - println("GlobalVariable.M4_spin_reel_wins is: " + M4_spin_reel_wins): null

2019-08-24 09:57:47 - [TEST_STEP][PASSED] - M4_spin_total_bonus_win_this_round = total_bonus_win_this_round: null

2019-08-24 09:57:47 - [TEST_STEP][PASSED] - M4_spin_total_bonus_win_this_round = M4_spin_total_bonus_win_this_round: null

2019-08-24 09:57:47 - [TEST_STEP][PASSED] - println("GlobalVariable.M4_spin_total_bonus_win_this_round is: " + M4_spin_total_bonus_win_this_round): null

2019-08-24 09:57:47 - [TEST_STEP][PASSED] - M4_spin_bonus_spin_result = spin_result: null

2019-08-24 09:57:47 - [TEST_STEP][PASSED] - M4_spin_bonus_spin_result = M4_spin_bonus_spin_result: null

2019-08-24 09:57:47 - [MESSAGE][PASSED] - Verify response successfully

2019-08-24 09:57:47 - [MESSAGE][PASSED] - Send request and verify the response successfully

2019-08-24 09:57:47 - [TEST_STEP][PASSED] - if (free_spin_reel_counter[0] &gt;= 1 &amp;&amp; free_spin_reel_counter[1] &gt;= 1 &amp;&amp; free_spin_reel_counter[2] &gt;= 1): null

2019-08-24 09:57:47 - [TEST_STEP][PASSED] - spin_result = sendRequestAndVerify(findTestObject("INT/RGS(M4)/1_M4_spin", ["M4_login_user_id":M4_login_user_id, "rgs_session_token":rgs_session_token, "partner":Partner])): Send request and verify the response successfully

2019-08-24 09:57:47 - [MESSAGE][INFO] - HAR: /Users/eiralee/Katalon_Script/SuperWild/Reports/20190824_095647/INT/superWild_1/20190824_095647/requests/main/20.har

2019-08-24 09:57:47 - [TEST_CASE][PASSED] - Start Test Case : Verification: Verification accomplished successfully

2019-08-24 09:57:47 - [TEST_STEP][PASSED] - request = getInstance().getCurrentRequest(): null

2019-08-24 09:57:47 - [TEST_STEP][PASSED] - response = getInstance().getCurrentResponse(): null

2019-08-24 09:57:47 - [TEST_STEP][PASSED] - verifyResponseStatusCode(response, 200): Verify response status code successfully

2019-08-24 09:57:47 - [MESSAGE][PASSED] - Verify response status code successfully

2019-08-24 09:57:47 - [TEST_STEP][PASSED] - getStatusCode()).isEqualTo(200): null

2019-08-24 09:57:47 - [TEST_STEP][PASSED] - newline = System.getProperty("line.separator"): null

2019-08-24 09:57:47 - [TEST_STEP][PASSED] - M4_spin = new groovy.json.JsonSlurper(): null

2019-08-24 09:57:47 - [TEST_STEP][PASSED] - result_M4_spin = M4_spin.parseText(response.getResponseBodyContent()): null

2019-08-24 09:57:47 - [TEST_STEP][PASSED] - M4_spin_current_balance = current_balance: null

2019-08-24 09:57:47 - [TEST_STEP][PASSED] - M4_spin_current_balance = M4_spin_current_balance: null

2019-08-24 09:57:47 - [TEST_STEP][PASSED] - M4_spin_transaction_id = causality: null

2019-08-24 09:57:47 - [TEST_STEP][PASSED] - M4_spin_transaction_id = M4_spin_transaction_id: null

2019-08-24 09:57:47 - [TEST_STEP][PASSED] - M4_spin_round_id = round_id: null

2019-08-24 09:57:47 - [TEST_STEP][PASSED] - M4_spin_round_id = M4_spin_round_id: null

2019-08-24 09:57:47 - [TEST_STEP][PASSED] - M4_spin_line_wins = line_wins: null

2019-08-24 09:57:47 - [TEST_STEP][PASSED] - M4_spin_line_wins = M4_spin_line_wins: null

2019-08-24 09:57:47 - [TEST_STEP][PASSED] - M4_total_bonus_spins_int = total_bonus_spins: null

2019-08-24 09:57:47 - [TEST_STEP][PASSED] - println("******M4_total_bonus_spins type is:*******" + newline + getClass().getName()): null

2019-08-24 09:57:47 - [TEST_STEP][PASSED] - M4_total_bonus_spins_int = M4_total_bonus_spins_int: null

2019-08-24 09:57:47 - [TEST_STEP][PASSED] - M4_total_bonus_spins = Integer.toString(M4_total_bonus_spins_int): null

2019-08-24 09:57:47 - [TEST_STEP][PASSED] - M4_total_bonus_spins = M4_total_bonus_spins: null

2019-08-24 09:57:47 - [TEST_STEP][PASSED] - println("M4_total_bonus_spins is:" + M4_total_bonus_spins): null

2019-08-24 09:57:47 - [TEST_STEP][PASSED] - M4_spin_bonus_data = bonus_data: null

2019-08-24 09:57:47 - [TEST_STEP][PASSED] - M4_spin_features_triggered = result_M4_spin: null

2019-08-24 09:57:47 - [TEST_STEP][PASSED] - wild = []: null

2019-08-24 09:57:47 - [TEST_STEP][PASSED] - wild[0] = "WILD_Expanding": null

2019-08-24 09:57:47 - [TEST_STEP][PASSED] - wild[1] = "WILD_Normal": null

2019-08-24 09:57:47 - [TEST_STEP][PASSED] - wild[2] = "WILD_Double": null

2019-08-24 09:57:47 - [TEST_STEP][PASSED] - wild[3] = "WILD_ExtraFG": null

2019-08-24 09:57:47 - [TEST_STEP][PASSED] - wild[4] = "WILD_Triple": null

2019-08-24 09:57:47 - [TEST_STEP][PASSED] - wildList = Arrays.asList(wild): null

2019-08-24 09:57:47 - [TEST_STEP][PASSED] - wildList = wildList: null

2019-08-24 09:57:47 - [TEST_STEP][PASSED] - free_spin_reel_counter = []: null

2019-08-24 09:57:47 - [TEST_STEP][PASSED] - free_spin_reel_counter[0] = 0: null

2019-08-24 09:57:47 - [TEST_STEP][PASSED] - free_spin_reel_counter[1] = 0: null

2019-08-24 09:57:47 - [TEST_STEP][PASSED] - free_spin_reel_counter[2] = 0: null

2019-08-24 09:57:47 - [TEST_STEP][PASSED] - M4_spin_reels = reels: null

2019-08-24 09:57:47 - [TEST_STEP][PASSED] - for ([i = 0, i &lt; M4_spin_reels.size(), (i++)]): null

2019-08-24 09:57:47 - [TEST_STEP][PASSED] - symbols = symbols: null

2019-08-24 09:57:47 - [TEST_STEP][PASSED] - for ([j = 0, j &lt; symbols.size(), (j++)]): null

2019-08-24 09:57:47 - [TEST_STEP][PASSED] - symbol = symbol: null

2019-08-24 09:57:47 - [TEST_STEP][PASSED] - println(symbol): null

2019-08-24 09:57:47 - [TEST_STEP][PASSED] - if (i == 2 &amp;&amp; wildList.indexOf(symbol) != -1): null

2019-08-24 09:57:47 - [TEST_STEP][PASSED] - if (i == 3 &amp;&amp; wildList.indexOf(symbol) != -1): null

2019-08-24 09:57:47 - [TEST_STEP][PASSED] - if (i == 4 &amp;&amp; wildList.indexOf(symbol) != -1): null

2019-08-24 09:57:47 - [TEST_STEP][PASSED] - symbol = symbol: null

2019-08-24 09:57:47 - [TEST_STEP][PASSED] - println(symbol): null

2019-08-24 09:57:47 - [TEST_STEP][PASSED] - if (i == 2 &amp;&amp; wildList.indexOf(symbol) != -1): null

2019-08-24 09:57:47 - [TEST_STEP][PASSED] - if (i == 3 &amp;&amp; wildList.indexOf(symbol) != -1): null

2019-08-24 09:57:47 - [TEST_STEP][PASSED] - if (i == 4 &amp;&amp; wildList.indexOf(symbol) != -1): null

2019-08-24 09:57:47 - [TEST_STEP][PASSED] - symbol = symbol: null

2019-08-24 09:57:47 - [TEST_STEP][PASSED] - println(symbol): null

2019-08-24 09:57:47 - [TEST_STEP][PASSED] - if (i == 2 &amp;&amp; wildList.indexOf(symbol) != -1): null

2019-08-24 09:57:47 - [TEST_STEP][PASSED] - if (i == 3 &amp;&amp; wildList.indexOf(symbol) != -1): null

2019-08-24 09:57:47 - [TEST_STEP][PASSED] - if (i == 4 &amp;&amp; wildList.indexOf(symbol) != -1): null

2019-08-24 09:57:47 - [TEST_STEP][PASSED] - symbols = symbols: null

2019-08-24 09:57:47 - [TEST_STEP][PASSED] - for ([j = 0, j &lt; symbols.size(), (j++)]): null

2019-08-24 09:57:47 - [TEST_STEP][PASSED] - symbol = symbol: null

2019-08-24 09:57:47 - [TEST_STEP][PASSED] - println(symbol): null

2019-08-24 09:57:47 - [TEST_STEP][PASSED] - if (i == 2 &amp;&amp; wildList.indexOf(symbol) != -1): null

2019-08-24 09:57:47 - [TEST_STEP][PASSED] - if (i == 3 &amp;&amp; wildList.indexOf(symbol) != -1): null

2019-08-24 09:57:47 - [TEST_STEP][PASSED] - if (i == 4 &amp;&amp; wildList.indexOf(symbol) != -1): null

2019-08-24 09:57:47 - [TEST_STEP][PASSED] - symbol = symbol: null

2019-08-24 09:57:47 - [TEST_STEP][PASSED] - println(symbol): null

2019-08-24 09:57:47 - [TEST_STEP][PASSED] - if (i == 2 &amp;&amp; wildList.indexOf(symbol) != -1): null

2019-08-24 09:57:47 - [TEST_STEP][PASSED] - if (i == 3 &amp;&amp; wildList.indexOf(symbol) != -1): null

2019-08-24 09:57:47 - [TEST_STEP][PASSED] - if (i == 4 &amp;&amp; wildList.indexOf(symbol) != -1): null

2019-08-24 09:57:47 - [TEST_STEP][PASSED] - symbol = symbol: null

2019-08-24 09:57:47 - [TEST_STEP][PASSED] - println(symbol): null

2019-08-24 09:57:47 - [TEST_STEP][PASSED] - if (i == 2 &amp;&amp; wildList.indexOf(symbol) != -1): null

2019-08-24 09:57:47 - [TEST_STEP][PASSED] - if (i == 3 &amp;&amp; wildList.indexOf(symbol) != -1): null

2019-08-24 09:57:47 - [TEST_STEP][PASSED] - if (i == 4 &amp;&amp; wildList.indexOf(symbol) != -1): null

2019-08-24 09:57:47 - [TEST_STEP][PASSED] - symbols = symbols: null

2019-08-24 09:57:47 - [TEST_STEP][PASSED] - for ([j = 0, j &lt; symbols.size(), (j++)]): null

2019-08-24 09:57:47 - [TEST_STEP][PASSED] - symbol = symbol: null

2019-08-24 09:57:47 - [TEST_STEP][PASSED] - println(symbol): null

2019-08-24 09:57:47 - [TEST_STEP][PASSED] - if (i == 2 &amp;&amp; wildList.indexOf(symbol) != -1): null

2019-08-24 09:57:47 - [TEST_STEP][PASSED] - if (i == 3 &amp;&amp; wildList.indexOf(symbol) != -1): null

2019-08-24 09:57:47 - [TEST_STEP][PASSED] - if (i == 4 &amp;&amp; wildList.indexOf(symbol) != -1): null

2019-08-24 09:57:47 - [TEST_STEP][PASSED] - symbol = symbol: null

2019-08-24 09:57:47 - [TEST_STEP][PASSED] - println(symbol): null

2019-08-24 09:57:47 - [TEST_STEP][PASSED] - if (i == 2 &amp;&amp; wildList.indexOf(symbol) != -1): null

2019-08-24 09:57:47 - [TEST_STEP][PASSED] - if (i == 3 &amp;&amp; wildList.indexOf(symbol) != -1): null

2019-08-24 09:57:47 - [TEST_STEP][PASSED] - if (i == 4 &amp;&amp; wildList.indexOf(symbol) != -1): null

2019-08-24 09:57:47 - [TEST_STEP][PASSED] - symbol = symbol: null

2019-08-24 09:57:47 - [TEST_STEP][PASSED] - println(symbol): null

2019-08-24 09:57:47 - [TEST_STEP][PASSED] - if (i == 2 &amp;&amp; wildList.indexOf(symbol) != -1): null

2019-08-24 09:57:47 - [TEST_STEP][PASSED] - if (i == 3 &amp;&amp; wildList.indexOf(symbol) != -1): null

2019-08-24 09:57:47 - [TEST_STEP][PASSED] - if (i == 4 &amp;&amp; wildList.indexOf(symbol) != -1): null

2019-08-24 09:57:47 - [TEST_STEP][PASSED] - symbols = symbols: null

2019-08-24 09:57:47 - [TEST_STEP][PASSED] - for ([j = 0, j &lt; symbols.size(), (j++)]): null

2019-08-24 09:57:47 - [TEST_STEP][PASSED] - symbol = symbol: null

2019-08-24 09:57:47 - [TEST_STEP][PASSED] - println(symbol): null

2019-08-24 09:57:47 - [TEST_STEP][PASSED] - if (i == 2 &amp;&amp; wildList.indexOf(symbol) != -1): null

2019-08-24 09:57:47 - [TEST_STEP][PASSED] - if (i == 3 &amp;&amp; wildList.indexOf(symbol) != -1): null

2019-08-24 09:57:47 - [TEST_STEP][PASSED] - if (i == 4 &amp;&amp; wildList.indexOf(symbol) != -1): null

2019-08-24 09:57:47 - [TEST_STEP][PASSED] - symbol = symbol: null

2019-08-24 09:57:47 - [TEST_STEP][PASSED] - println(symbol): null

2019-08-24 09:57:47 - [TEST_STEP][PASSED] - if (i == 2 &amp;&amp; wildList.indexOf(symbol) != -1): null

2019-08-24 09:57:47 - [TEST_STEP][PASSED] - if (i == 3 &amp;&amp; wildList.indexOf(symbol) != -1): null

2019-08-24 09:57:47 - [TEST_STEP][PASSED] - if (i == 4 &amp;&amp; wildList.indexOf(symbol) != -1): null

2019-08-24 09:57:47 - [TEST_STEP][PASSED] - symbol = symbol: null

2019-08-24 09:57:47 - [TEST_STEP][PASSED] - println(symbol): null

2019-08-24 09:57:47 - [TEST_STEP][PASSED] - if (i == 2 &amp;&amp; wildList.indexOf(symbol) != -1): null

2019-08-24 09:57:47 - [TEST_STEP][PASSED] - if (i == 3 &amp;&amp; wildList.indexOf(symbol) != -1): null

2019-08-24 09:57:47 - [TEST_STEP][PASSED] - if (i == 4 &amp;&amp; wildList.indexOf(symbol) != -1): null

2019-08-24 09:57:47 - [TEST_STEP][PASSED] - symbols = symbols: null

2019-08-24 09:57:47 - [TEST_STEP][PASSED] - for ([j = 0, j &lt; symbols.size(), (j++)]): null

2019-08-24 09:57:47 - [TEST_STEP][PASSED] - symbol = symbol: null

2019-08-24 09:57:47 - [TEST_STEP][PASSED] - println(symbol): null

2019-08-24 09:57:47 - [TEST_STEP][PASSED] - if (i == 2 &amp;&amp; wildList.indexOf(symbol) != -1): null

2019-08-24 09:57:47 - [TEST_STEP][PASSED] - if (i == 3 &amp;&amp; wildList.indexOf(symbol) != -1): null

2019-08-24 09:57:47 - [TEST_STEP][PASSED] - if (i == 4 &amp;&amp; wildList.indexOf(symbol) != -1): null

2019-08-24 09:57:47 - [TEST_STEP][PASSED] - symbol = symbol: null

2019-08-24 09:57:47 - [TEST_STEP][PASSED] - println(symbol): null

2019-08-24 09:57:47 - [TEST_STEP][PASSED] - if (i == 2 &amp;&amp; wildList.indexOf(symbol) != -1): null

2019-08-24 09:57:47 - [TEST_STEP][PASSED] - if (i == 3 &amp;&amp; wildList.indexOf(symbol) != -1): null

2019-08-24 09:57:47 - [TEST_STEP][PASSED] - if (i == 4 &amp;&amp; wildList.indexOf(symbol) != -1): null

2019-08-24 09:57:47 - [TEST_STEP][PASSED] - symbol = symbol: null

2019-08-24 09:57:47 - [TEST_STEP][PASSED] - println(symbol): null

2019-08-24 09:57:47 - [TEST_STEP][PASSED] - if (i == 2 &amp;&amp; wildList.indexOf(symbol) != -1): null

2019-08-24 09:57:47 - [TEST_STEP][PASSED] - if (i == 3 &amp;&amp; wildList.indexOf(symbol) != -1): null

2019-08-24 09:57:47 - [TEST_STEP][PASSED] - if (i == 4 &amp;&amp; wildList.indexOf(symbol) != -1): null

2019-08-24 09:57:47 - [TEST_STEP][PASSED] - free_spin_reel_counter = free_spin_reel_counter: null

2019-08-24 09:57:47 - [TEST_STEP][PASSED] - println("reel 3 wild found: " + free_spin_reel_counter[0]): null

2019-08-24 09:57:47 - [TEST_STEP][PASSED] - println("reel 4 wild found: " + free_spin_reel_counter[1]): null

2019-08-24 09:57:47 - [TEST_STEP][PASSED] - println("reel 5 wild found: " + free_spin_reel_counter[2]): null

2019-08-24 09:57:47 - [TEST_STEP][PASSED] - M4_spin_reels = M4_spin_reels: null

2019-08-24 09:57:47 - [TEST_STEP][PASSED] - M4_spin_reels_symbols = symbol: null

2019-08-24 09:57:47 - [TEST_STEP][PASSED] - M4_spin_reels_symbols = M4_spin_reels_symbols: null

2019-08-24 09:57:47 - [TEST_STEP][PASSED] - M4_spin_reel_wins = reel_wins: null

2019-08-24 09:57:47 - [TEST_STEP][PASSED] - M4_spin_reel_wins = M4_spin_reel_wins: null

2019-08-24 09:57:47 - [TEST_STEP][PASSED] - println("GlobalVariable.M4_spin_reel_wins is: " + M4_spin_reel_wins): null

2019-08-24 09:57:47 - [TEST_STEP][PASSED] - M4_spin_total_bonus_win_this_round = total_bonus_win_this_round: null

2019-08-24 09:57:47 - [TEST_STEP][PASSED] - M4_spin_total_bonus_win_this_round = M4_spin_total_bonus_win_this_round: null

2019-08-24 09:57:47 - [TEST_STEP][PASSED] - println("GlobalVariable.M4_spin_total_bonus_win_this_round is: " + M4_spin_total_bonus_win_this_round): null

2019-08-24 09:57:47 - [TEST_STEP][PASSED] - M4_spin_bonus_spin_result = spin_result: null

2019-08-24 09:57:47 - [TEST_STEP][PASSED] - M4_spin_bonus_spin_result = M4_spin_bonus_spin_result: null

2019-08-24 09:57:47 - [MESSAGE][PASSED] - Verify response successfully

2019-08-24 09:57:47 - [MESSAGE][PASSED] - Send request and verify the response successfully

2019-08-24 09:57:47 - [TEST_STEP][PASSED] - if (free_spin_reel_counter[0] &gt;= 1 &amp;&amp; free_spin_reel_counter[1] &gt;= 1 &amp;&amp; free_spin_reel_counter[2] &gt;= 1): null

2019-08-24 09:57:47 - [TEST_STEP][PASSED] - spin_result = sendRequestAndVerify(findTestObject("INT/RGS(M4)/1_M4_spin", ["M4_login_user_id":M4_login_user_id, "rgs_session_token":rgs_session_token, "partner":Partner])): Send request and verify the response successfully

2019-08-24 09:57:48 - [MESSAGE][INFO] - HAR: /Users/eiralee/Katalon_Script/SuperWild/Reports/20190824_095647/INT/superWild_1/20190824_095647/requests/main/21.har

2019-08-24 09:57:48 - [TEST_CASE][PASSED] - Start Test Case : Verification: Verification accomplished successfully

2019-08-24 09:57:48 - [TEST_STEP][PASSED] - request = getInstance().getCurrentRequest(): null

2019-08-24 09:57:48 - [TEST_STEP][PASSED] - response = getInstance().getCurrentResponse(): null

2019-08-24 09:57:48 - [TEST_STEP][PASSED] - verifyResponseStatusCode(response, 200): Verify response status code successfully

2019-08-24 09:57:48 - [MESSAGE][PASSED] - Verify response status code successfully

2019-08-24 09:57:48 - [TEST_STEP][PASSED] - getStatusCode()).isEqualTo(200): null

2019-08-24 09:57:48 - [TEST_STEP][PASSED] - newline = System.getProperty("line.separator"): null

2019-08-24 09:57:48 - [TEST_STEP][PASSED] - M4_spin = new groovy.json.JsonSlurper(): null

2019-08-24 09:57:48 - [TEST_STEP][PASSED] - result_M4_spin = M4_spin.parseText(response.getResponseBodyContent()): null

2019-08-24 09:57:48 - [TEST_STEP][PASSED] - M4_spin_current_balance = current_balance: null

2019-08-24 09:57:48 - [TEST_STEP][PASSED] - M4_spin_current_balance = M4_spin_current_balance: null

2019-08-24 09:57:48 - [TEST_STEP][PASSED] - M4_spin_transaction_id = causality: null

2019-08-24 09:57:48 - [TEST_STEP][PASSED] - M4_spin_transaction_id = M4_spin_transaction_id: null

2019-08-24 09:57:48 - [TEST_STEP][PASSED] - M4_spin_round_id = round_id: null

2019-08-24 09:57:48 - [TEST_STEP][PASSED] - M4_spin_round_id = M4_spin_round_id: null

2019-08-24 09:57:48 - [TEST_STEP][PASSED] - M4_spin_line_wins = line_wins: null

2019-08-24 09:57:48 - [TEST_STEP][PASSED] - M4_spin_line_wins = M4_spin_line_wins: null

2019-08-24 09:57:48 - [TEST_STEP][PASSED] - M4_total_bonus_spins_int = total_bonus_spins: null

2019-08-24 09:57:48 - [TEST_STEP][PASSED] - println("******M4_total_bonus_spins type is:*******" + newline + getClass().getName()): null

2019-08-24 09:57:48 - [TEST_STEP][PASSED] - M4_total_bonus_spins_int = M4_total_bonus_spins_int: null

2019-08-24 09:57:48 - [TEST_STEP][PASSED] - M4_total_bonus_spins = Integer.toString(M4_total_bonus_spins_int): null

2019-08-24 09:57:48 - [TEST_STEP][PASSED] - M4_total_bonus_spins = M4_total_bonus_spins: null

2019-08-24 09:57:48 - [TEST_STEP][PASSED] - println("M4_total_bonus_spins is:" + M4_total_bonus_spins): null

2019-08-24 09:57:48 - [TEST_STEP][PASSED] - M4_spin_bonus_data = bonus_data: null

2019-08-24 09:57:48 - [TEST_STEP][PASSED] - M4_spin_features_triggered = result_M4_spin: null

2019-08-24 09:57:48 - [TEST_STEP][PASSED] - wild = []: null

2019-08-24 09:57:48 - [TEST_STEP][PASSED] - wild[0] = "WILD_Expanding": null

2019-08-24 09:57:48 - [TEST_STEP][PASSED] - wild[1] = "WILD_Normal": null

2019-08-24 09:57:48 - [TEST_STEP][PASSED] - wild[2] = "WILD_Double": null

2019-08-24 09:57:48 - [TEST_STEP][PASSED] - wild[3] = "WILD_ExtraFG": null

2019-08-24 09:57:48 - [TEST_STEP][PASSED] - wild[4] = "WILD_Triple": null

2019-08-24 09:57:48 - [TEST_STEP][PASSED] - wildList = Arrays.asList(wild): null

2019-08-24 09:57:48 - [TEST_STEP][PASSED] - wildList = wildList: null

2019-08-24 09:57:48 - [TEST_STEP][PASSED] - free_spin_reel_counter = []: null

2019-08-24 09:57:48 - [TEST_STEP][PASSED] - free_spin_reel_counter[0] = 0: null

2019-08-24 09:57:48 - [TEST_STEP][PASSED] - free_spin_reel_counter[1] = 0: null

2019-08-24 09:57:48 - [TEST_STEP][PASSED] - free_spin_reel_counter[2] = 0: null

2019-08-24 09:57:48 - [TEST_STEP][PASSED] - M4_spin_reels = reels: null

2019-08-24 09:57:48 - [TEST_STEP][PASSED] - for ([i = 0, i &lt; M4_spin_reels.size(), (i++)]): null

2019-08-24 09:57:48 - [TEST_STEP][PASSED] - symbols = symbols: null

2019-08-24 09:57:48 - [TEST_STEP][PASSED] - for ([j = 0, j &lt; symbols.size(), (j++)]): null

2019-08-24 09:57:48 - [TEST_STEP][PASSED] - symbol = symbol: null

2019-08-24 09:57:48 - [TEST_STEP][PASSED] - println(symbol): null

2019-08-24 09:57:48 - [TEST_STEP][PASSED] - if (i == 2 &amp;&amp; wildList.indexOf(symbol) != -1): null

2019-08-24 09:57:48 - [TEST_STEP][PASSED] - if (i == 3 &amp;&amp; wildList.indexOf(symbol) != -1): null

2019-08-24 09:57:48 - [TEST_STEP][PASSED] - if (i == 4 &amp;&amp; wildList.indexOf(symbol) != -1): null

2019-08-24 09:57:48 - [TEST_STEP][PASSED] - symbol = symbol: null

2019-08-24 09:57:48 - [TEST_STEP][PASSED] - println(symbol): null

2019-08-24 09:57:48 - [TEST_STEP][PASSED] - if (i == 2 &amp;&amp; wildList.indexOf(symbol) != -1): null

2019-08-24 09:57:48 - [TEST_STEP][PASSED] - if (i == 3 &amp;&amp; wildList.indexOf(symbol) != -1): null

2019-08-24 09:57:48 - [TEST_STEP][PASSED] - if (i == 4 &amp;&amp; wildList.indexOf(symbol) != -1): null

2019-08-24 09:57:48 - [TEST_STEP][PASSED] - symbol = symbol: null

2019-08-24 09:57:48 - [TEST_STEP][PASSED] - println(symbol): null

2019-08-24 09:57:48 - [TEST_STEP][PASSED] - if (i == 2 &amp;&amp; wildList.indexOf(symbol) != -1): null

2019-08-24 09:57:48 - [TEST_STEP][PASSED] - if (i == 3 &amp;&amp; wildList.indexOf(symbol) != -1): null

2019-08-24 09:57:48 - [TEST_STEP][PASSED] - if (i == 4 &amp;&amp; wildList.indexOf(symbol) != -1): null

2019-08-24 09:57:48 - [TEST_STEP][PASSED] - symbols = symbols: null

2019-08-24 09:57:48 - [TEST_STEP][PASSED] - for ([j = 0, j &lt; symbols.size(), (j++)]): null

2019-08-24 09:57:48 - [TEST_STEP][PASSED] - symbol = symbol: null

2019-08-24 09:57:48 - [TEST_STEP][PASSED] - println(symbol): null

2019-08-24 09:57:48 - [TEST_STEP][PASSED] - if (i == 2 &amp;&amp; wildList.indexOf(symbol) != -1): null

2019-08-24 09:57:48 - [TEST_STEP][PASSED] - if (i == 3 &amp;&amp; wildList.indexOf(symbol) != -1): null

2019-08-24 09:57:48 - [TEST_STEP][PASSED] - if (i == 4 &amp;&amp; wildList.indexOf(symbol) != -1): null

2019-08-24 09:57:48 - [TEST_STEP][PASSED] - symbol = symbol: null

2019-08-24 09:57:48 - [TEST_STEP][PASSED] - println(symbol): null

2019-08-24 09:57:48 - [TEST_STEP][PASSED] - if (i == 2 &amp;&amp; wildList.indexOf(symbol) != -1): null

2019-08-24 09:57:48 - [TEST_STEP][PASSED] - if (i == 3 &amp;&amp; wildList.indexOf(symbol) != -1): null

2019-08-24 09:57:48 - [TEST_STEP][PASSED] - if (i == 4 &amp;&amp; wildList.indexOf(symbol) != -1): null

2019-08-24 09:57:48 - [TEST_STEP][PASSED] - symbol = symbol: null

2019-08-24 09:57:48 - [TEST_STEP][PASSED] - println(symbol): null

2019-08-24 09:57:48 - [TEST_STEP][PASSED] - if (i == 2 &amp;&amp; wildList.indexOf(symbol) != -1): null

2019-08-24 09:57:48 - [TEST_STEP][PASSED] - if (i == 3 &amp;&amp; wildList.indexOf(symbol) != -1): null

2019-08-24 09:57:48 - [TEST_STEP][PASSED] - if (i == 4 &amp;&amp; wildList.indexOf(symbol) != -1): null

2019-08-24 09:57:48 - [TEST_STEP][PASSED] - symbols = symbols: null

2019-08-24 09:57:48 - [TEST_STEP][PASSED] - for ([j = 0, j &lt; symbols.size(), (j++)]): null

2019-08-24 09:57:48 - [TEST_STEP][PASSED] - symbol = symbol: null

2019-08-24 09:57:48 - [TEST_STEP][PASSED] - println(symbol): null

2019-08-24 09:57:48 - [TEST_STEP][PASSED] - if (i == 2 &amp;&amp; wildList.indexOf(symbol) != -1): null

2019-08-24 09:57:48 - [TEST_STEP][PASSED] - if (i == 3 &amp;&amp; wildList.indexOf(symbol) != -1): null

2019-08-24 09:57:48 - [TEST_STEP][PASSED] - if (i == 4 &amp;&amp; wildList.indexOf(symbol) != -1): null

2019-08-24 09:57:48 - [TEST_STEP][PASSED] - symbol = symbol: null

2019-08-24 09:57:48 - [TEST_STEP][PASSED] - println(symbol): null

2019-08-24 09:57:48 - [TEST_STEP][PASSED] - if (i == 2 &amp;&amp; wildList.indexOf(symbol) != -1): null

2019-08-24 09:57:48 - [TEST_STEP][PASSED] - if (i == 3 &amp;&amp; wildList.indexOf(symbol) != -1): null

2019-08-24 09:57:48 - [TEST_STEP][PASSED] - if (i == 4 &amp;&amp; wildList.indexOf(symbol) != -1): null

2019-08-24 09:57:48 - [TEST_STEP][PASSED] - symbol = symbol: null

2019-08-24 09:57:48 - [TEST_STEP][PASSED] - println(symbol): null

2019-08-24 09:57:48 - [TEST_STEP][PASSED] - if (i == 2 &amp;&amp; wildList.indexOf(symbol) != -1): null

2019-08-24 09:57:48 - [TEST_STEP][PASSED] - if (i == 3 &amp;&amp; wildList.indexOf(symbol) != -1): null

2019-08-24 09:57:48 - [TEST_STEP][PASSED] - if (i == 4 &amp;&amp; wildList.indexOf(symbol) != -1): null

2019-08-24 09:57:48 - [TEST_STEP][PASSED] - symbols = symbols: null

2019-08-24 09:57:48 - [TEST_STEP][PASSED] - for ([j = 0, j &lt; symbols.size(), (j++)]): null

2019-08-24 09:57:48 - [TEST_STEP][PASSED] - symbol = symbol: null

2019-08-24 09:57:48 - [TEST_STEP][PASSED] - println(symbol): null

2019-08-24 09:57:48 - [TEST_STEP][PASSED] - if (i == 2 &amp;&amp; wildList.indexOf(symbol) != -1): null

2019-08-24 09:57:48 - [TEST_STEP][PASSED] - if (i == 3 &amp;&amp; wildList.indexOf(symbol) != -1): null

2019-08-24 09:57:48 - [TEST_STEP][PASSED] - if (i == 4 &amp;&amp; wildList.indexOf(symbol) != -1): null

2019-08-24 09:57:48 - [TEST_STEP][PASSED] - symbol = symbol: null

2019-08-24 09:57:48 - [TEST_STEP][PASSED] - println(symbol): null

2019-08-24 09:57:48 - [TEST_STEP][PASSED] - if (i == 2 &amp;&amp; wildList.indexOf(symbol) != -1): null

2019-08-24 09:57:48 - [TEST_STEP][PASSED] - if (i == 3 &amp;&amp; wildList.indexOf(symbol) != -1): null

2019-08-24 09:57:48 - [TEST_STEP][PASSED] - if (i == 4 &amp;&amp; wildList.indexOf(symbol) != -1): null

2019-08-24 09:57:48 - [TEST_STEP][PASSED] - symbol = symbol: null

2019-08-24 09:57:48 - [TEST_STEP][PASSED] - println(symbol): null

2019-08-24 09:57:48 - [TEST_STEP][PASSED] - if (i == 2 &amp;&amp; wildList.indexOf(symbol) != -1): null

2019-08-24 09:57:48 - [TEST_STEP][PASSED] - if (i == 3 &amp;&amp; wildList.indexOf(symbol) != -1): null

2019-08-24 09:57:48 - [TEST_STEP][PASSED] - if (i == 4 &amp;&amp; wildList.indexOf(symbol) != -1): null

2019-08-24 09:57:48 - [TEST_STEP][PASSED] - symbols = symbols: null

2019-08-24 09:57:48 - [TEST_STEP][PASSED] - for ([j = 0, j &lt; symbols.size(), (j++)]): null

2019-08-24 09:57:48 - [TEST_STEP][PASSED] - symbol = symbol: null

2019-08-24 09:57:48 - [TEST_STEP][PASSED] - println(symbol): null

2019-08-24 09:57:48 - [TEST_STEP][PASSED] - if (i == 2 &amp;&amp; wildList.indexOf(symbol) != -1): null

2019-08-24 09:57:48 - [TEST_STEP][PASSED] - if (i == 3 &amp;&amp; wildList.indexOf(symbol) != -1): null

2019-08-24 09:57:48 - [TEST_STEP][PASSED] - if (i == 4 &amp;&amp; wildList.indexOf(symbol) != -1): null

2019-08-24 09:57:48 - [TEST_STEP][PASSED] - symbol = symbol: null

2019-08-24 09:57:48 - [TEST_STEP][PASSED] - println(symbol): null

2019-08-24 09:57:48 - [TEST_STEP][PASSED] - if (i == 2 &amp;&amp; wildList.indexOf(symbol) != -1): null

2019-08-24 09:57:48 - [TEST_STEP][PASSED] - if (i == 3 &amp;&amp; wildList.indexOf(symbol) != -1): null

2019-08-24 09:57:48 - [TEST_STEP][PASSED] - if (i == 4 &amp;&amp; wildList.indexOf(symbol) != -1): null

2019-08-24 09:57:48 - [TEST_STEP][PASSED] - symbol = symbol: null

2019-08-24 09:57:48 - [TEST_STEP][PASSED] - println(symbol): null

2019-08-24 09:57:48 - [TEST_STEP][PASSED] - if (i == 2 &amp;&amp; wildList.indexOf(symbol) != -1): null

2019-08-24 09:57:48 - [TEST_STEP][PASSED] - if (i == 3 &amp;&amp; wildList.indexOf(symbol) != -1): null

2019-08-24 09:57:48 - [TEST_STEP][PASSED] - if (i == 4 &amp;&amp; wildList.indexOf(symbol) != -1): null

2019-08-24 09:57:48 - [TEST_STEP][PASSED] - free_spin_reel_counter = free_spin_reel_counter: null

2019-08-24 09:57:48 - [TEST_STEP][PASSED] - println("reel 3 wild found: " + free_spin_reel_counter[0]): null

2019-08-24 09:57:48 - [TEST_STEP][PASSED] - println("reel 4 wild found: " + free_spin_reel_counter[1]): null

2019-08-24 09:57:48 - [TEST_STEP][PASSED] - println("reel 5 wild found: " + free_spin_reel_counter[2]): null

2019-08-24 09:57:48 - [TEST_STEP][PASSED] - M4_spin_reels = M4_spin_reels: null

2019-08-24 09:57:48 - [TEST_STEP][PASSED] - M4_spin_reels_symbols = symbol: null

2019-08-24 09:57:48 - [TEST_STEP][PASSED] - M4_spin_reels_symbols = M4_spin_reels_symbols: null

2019-08-24 09:57:48 - [TEST_STEP][PASSED] - M4_spin_reel_wins = reel_wins: null

2019-08-24 09:57:48 - [TEST_STEP][PASSED] - M4_spin_reel_wins = M4_spin_reel_wins: null

2019-08-24 09:57:48 - [TEST_STEP][PASSED] - println("GlobalVariable.M4_spin_reel_wins is: " + M4_spin_reel_wins): null

2019-08-24 09:57:48 - [TEST_STEP][PASSED] - M4_spin_total_bonus_win_this_round = total_bonus_win_this_round: null

2019-08-24 09:57:48 - [TEST_STEP][PASSED] - M4_spin_total_bonus_win_this_round = M4_spin_total_bonus_win_this_round: null

2019-08-24 09:57:48 - [TEST_STEP][PASSED] - println("GlobalVariable.M4_spin_total_bonus_win_this_round is: " + M4_spin_total_bonus_win_this_round): null

2019-08-24 09:57:48 - [TEST_STEP][PASSED] - M4_spin_bonus_spin_result = spin_result: null

2019-08-24 09:57:48 - [TEST_STEP][PASSED] - M4_spin_bonus_spin_result = M4_spin_bonus_spin_result: null

2019-08-24 09:57:48 - [MESSAGE][PASSED] - Verify response successfully

2019-08-24 09:57:48 - [MESSAGE][PASSED] - Send request and verify the response successfully

2019-08-24 09:57:48 - [TEST_STEP][PASSED] - if (free_spin_reel_counter[0] &gt;= 1 &amp;&amp; free_spin_reel_counter[1] &gt;= 1 &amp;&amp; free_spin_reel_counter[2] &gt;= 1): null

2019-08-24 09:57:48 - [TEST_STEP][PASSED] - spin_result = sendRequestAndVerify(findTestObject("INT/RGS(M4)/1_M4_spin", ["M4_login_user_id":M4_login_user_id, "rgs_session_token":rgs_session_token, "partner":Partner])): Send request and verify the response successfully

2019-08-24 09:57:49 - [MESSAGE][INFO] - HAR: /Users/eiralee/Katalon_Script/SuperWild/Reports/20190824_095647/INT/superWild_1/20190824_095647/requests/main/22.har

2019-08-24 09:57:49 - [TEST_CASE][PASSED] - Start Test Case : Verification: Verification accomplished successfully

2019-08-24 09:57:49 - [TEST_STEP][PASSED] - request = getInstance().getCurrentRequest(): null

2019-08-24 09:57:49 - [TEST_STEP][PASSED] - response = getInstance().getCurrentResponse(): null

2019-08-24 09:57:49 - [TEST_STEP][PASSED] - verifyResponseStatusCode(response, 200): Verify response status code successfully

2019-08-24 09:57:49 - [MESSAGE][PASSED] - Verify response status code successfully

2019-08-24 09:57:49 - [TEST_STEP][PASSED] - getStatusCode()).isEqualTo(200): null

2019-08-24 09:57:49 - [TEST_STEP][PASSED] - newline = System.getProperty("line.separator"): null

2019-08-24 09:57:49 - [TEST_STEP][PASSED] - M4_spin = new groovy.json.JsonSlurper(): null

2019-08-24 09:57:49 - [TEST_STEP][PASSED] - result_M4_spin = M4_spin.parseText(response.getResponseBodyContent()): null

2019-08-24 09:57:49 - [TEST_STEP][PASSED] - M4_spin_current_balance = current_balance: null

2019-08-24 09:57:49 - [TEST_STEP][PASSED] - M4_spin_current_balance = M4_spin_current_balance: null

2019-08-24 09:57:49 - [TEST_STEP][PASSED] - M4_spin_transaction_id = causality: null

2019-08-24 09:57:49 - [TEST_STEP][PASSED] - M4_spin_transaction_id = M4_spin_transaction_id: null

2019-08-24 09:57:49 - [TEST_STEP][PASSED] - M4_spin_round_id = round_id: null

2019-08-24 09:57:49 - [TEST_STEP][PASSED] - M4_spin_round_id = M4_spin_round_id: null

2019-08-24 09:57:49 - [TEST_STEP][PASSED] - M4_spin_line_wins = line_wins: null

2019-08-24 09:57:49 - [TEST_STEP][PASSED] - M4_spin_line_wins = M4_spin_line_wins: null

2019-08-24 09:57:49 - [TEST_STEP][PASSED] - M4_total_bonus_spins_int = total_bonus_spins: null

2019-08-24 09:57:49 - [TEST_STEP][PASSED] - println("******M4_total_bonus_spins type is:*******" + newline + getClass().getName()): null

2019-08-24 09:57:49 - [TEST_STEP][PASSED] - M4_total_bonus_spins_int = M4_total_bonus_spins_int: null

2019-08-24 09:57:49 - [TEST_STEP][PASSED] - M4_total_bonus_spins = Integer.toString(M4_total_bonus_spins_int): null

2019-08-24 09:57:49 - [TEST_STEP][PASSED] - M4_total_bonus_spins = M4_total_bonus_spins: null

2019-08-24 09:57:49 - [TEST_STEP][PASSED] - println("M4_total_bonus_spins is:" + M4_total_bonus_spins): null

2019-08-24 09:57:49 - [TEST_STEP][PASSED] - M4_spin_bonus_data = bonus_data: null

2019-08-24 09:57:49 - [TEST_STEP][PASSED] - M4_spin_features_triggered = result_M4_spin: null

2019-08-24 09:57:49 - [TEST_STEP][PASSED] - wild = []: null

2019-08-24 09:57:49 - [TEST_STEP][PASSED] - wild[0] = "WILD_Expanding": null

2019-08-24 09:57:49 - [TEST_STEP][PASSED] - wild[1] = "WILD_Normal": null

2019-08-24 09:57:49 - [TEST_STEP][PASSED] - wild[2] = "WILD_Double": null

2019-08-24 09:57:49 - [TEST_STEP][PASSED] - wild[3] = "WILD_ExtraFG": null

2019-08-24 09:57:49 - [TEST_STEP][PASSED] - wild[4] = "WILD_Triple": null

2019-08-24 09:57:49 - [TEST_STEP][PASSED] - wildList = Arrays.asList(wild): null

2019-08-24 09:57:49 - [TEST_STEP][PASSED] - wildList = wildList: null

2019-08-24 09:57:49 - [TEST_STEP][PASSED] - free_spin_reel_counter = []: null

2019-08-24 09:57:49 - [TEST_STEP][PASSED] - free_spin_reel_counter[0] = 0: null

2019-08-24 09:57:49 - [TEST_STEP][PASSED] - free_spin_reel_counter[1] = 0: null

2019-08-24 09:57:49 - [TEST_STEP][PASSED] - free_spin_reel_counter[2] = 0: null

2019-08-24 09:57:49 - [TEST_STEP][PASSED] - M4_spin_reels = reels: null

2019-08-24 09:57:49 - [TEST_STEP][PASSED] - for ([i = 0, i &lt; M4_spin_reels.size(), (i++)]): null

2019-08-24 09:57:49 - [TEST_STEP][PASSED] - symbols = symbols: null

2019-08-24 09:57:49 - [TEST_STEP][PASSED] - for ([j = 0, j &lt; symbols.size(), (j++)]): null

2019-08-24 09:57:49 - [TEST_STEP][PASSED] - symbol = symbol: null

2019-08-24 09:57:49 - [TEST_STEP][PASSED] - println(symbol): null

2019-08-24 09:57:49 - [TEST_STEP][PASSED] - if (i == 2 &amp;&amp; wildList.indexOf(symbol) != -1): null

2019-08-24 09:57:49 - [TEST_STEP][PASSED] - if (i == 3 &amp;&amp; wildList.indexOf(symbol) != -1): null

2019-08-24 09:57:49 - [TEST_STEP][PASSED] - if (i == 4 &amp;&amp; wildList.indexOf(symbol) != -1): null

2019-08-24 09:57:49 - [TEST_STEP][PASSED] - symbol = symbol: null

2019-08-24 09:57:49 - [TEST_STEP][PASSED] - println(symbol): null

2019-08-24 09:57:49 - [TEST_STEP][PASSED] - if (i == 2 &amp;&amp; wildList.indexOf(symbol) != -1): null

2019-08-24 09:57:49 - [TEST_STEP][PASSED] - if (i == 3 &amp;&amp; wildList.indexOf(symbol) != -1): null

2019-08-24 09:57:49 - [TEST_STEP][PASSED] - if (i == 4 &amp;&amp; wildList.indexOf(symbol) != -1): null

2019-08-24 09:57:49 - [TEST_STEP][PASSED] - symbol = symbol: null

2019-08-24 09:57:49 - [TEST_STEP][PASSED] - println(symbol): null

2019-08-24 09:57:49 - [TEST_STEP][PASSED] - if (i == 2 &amp;&amp; wildList.indexOf(symbol) != -1): null

2019-08-24 09:57:49 - [TEST_STEP][PASSED] - if (i == 3 &amp;&amp; wildList.indexOf(symbol) != -1): null

2019-08-24 09:57:49 - [TEST_STEP][PASSED] - if (i == 4 &amp;&amp; wildList.indexOf(symbol) != -1): null

2019-08-24 09:57:49 - [TEST_STEP][PASSED] - symbols = symbols: null

2019-08-24 09:57:49 - [TEST_STEP][PASSED] - for ([j = 0, j &lt; symbols.size(), (j++)]): null

2019-08-24 09:57:49 - [TEST_STEP][PASSED] - symbol = symbol: null

2019-08-24 09:57:49 - [TEST_STEP][PASSED] - println(symbol): null

2019-08-24 09:57:49 - [TEST_STEP][PASSED] - if (i == 2 &amp;&amp; wildList.indexOf(symbol) != -1): null

2019-08-24 09:57:49 - [TEST_STEP][PASSED] - if (i == 3 &amp;&amp; wildList.indexOf(symbol) != -1): null

2019-08-24 09:57:49 - [TEST_STEP][PASSED] - if (i == 4 &amp;&amp; wildList.indexOf(symbol) != -1): null

2019-08-24 09:57:49 - [TEST_STEP][PASSED] - symbol = symbol: null

2019-08-24 09:57:49 - [TEST_STEP][PASSED] - println(symbol): null

2019-08-24 09:57:49 - [TEST_STEP][PASSED] - if (i == 2 &amp;&amp; wildList.indexOf(symbol) != -1): null

2019-08-24 09:57:49 - [TEST_STEP][PASSED] - if (i == 3 &amp;&amp; wildList.indexOf(symbol) != -1): null

2019-08-24 09:57:49 - [TEST_STEP][PASSED] - if (i == 4 &amp;&amp; wildList.indexOf(symbol) != -1): null

2019-08-24 09:57:49 - [TEST_STEP][PASSED] - symbol = symbol: null

2019-08-24 09:57:49 - [TEST_STEP][PASSED] - println(symbol): null

2019-08-24 09:57:49 - [TEST_STEP][PASSED] - if (i == 2 &amp;&amp; wildList.indexOf(symbol) != -1): null

2019-08-24 09:57:49 - [TEST_STEP][PASSED] - if (i == 3 &amp;&amp; wildList.indexOf(symbol) != -1): null

2019-08-24 09:57:49 - [TEST_STEP][PASSED] - if (i == 4 &amp;&amp; wildList.indexOf(symbol) != -1): null

2019-08-24 09:57:49 - [TEST_STEP][PASSED] - symbols = symbols: null

2019-08-24 09:57:49 - [TEST_STEP][PASSED] - for ([j = 0, j &lt; symbols.size(), (j++)]): null

2019-08-24 09:57:49 - [TEST_STEP][PASSED] - symbol = symbol: null

2019-08-24 09:57:49 - [TEST_STEP][PASSED] - println(symbol): null

2019-08-24 09:57:49 - [TEST_STEP][PASSED] - if (i == 2 &amp;&amp; wildList.indexOf(symbol) != -1): null

2019-08-24 09:57:49 - [TEST_STEP][PASSED] - if (i == 3 &amp;&amp; wildList.indexOf(symbol) != -1): null

2019-08-24 09:57:49 - [TEST_STEP][PASSED] - if (i == 4 &amp;&amp; wildList.indexOf(symbol) != -1): null

2019-08-24 09:57:49 - [TEST_STEP][PASSED] - symbol = symbol: null

2019-08-24 09:57:49 - [TEST_STEP][PASSED] - println(symbol): null

2019-08-24 09:57:49 - [TEST_STEP][PASSED] - if (i == 2 &amp;&amp; wildList.indexOf(symbol) != -1): null

2019-08-24 09:57:49 - [TEST_STEP][PASSED] - if (i == 3 &amp;&amp; wildList.indexOf(symbol) != -1): null

2019-08-24 09:57:49 - [TEST_STEP][PASSED] - if (i == 4 &amp;&amp; wildList.indexOf(symbol) != -1): null

2019-08-24 09:57:49 - [TEST_STEP][PASSED] - symbol = symbol: null

2019-08-24 09:57:49 - [TEST_STEP][PASSED] - println(symbol): null

2019-08-24 09:57:49 - [TEST_STEP][PASSED] - if (i == 2 &amp;&amp; wildList.indexOf(symbol) != -1): null

2019-08-24 09:57:49 - [TEST_STEP][PASSED] - if (i == 3 &amp;&amp; wildList.indexOf(symbol) != -1): null

2019-08-24 09:57:49 - [TEST_STEP][PASSED] - if (i == 4 &amp;&amp; wildList.indexOf(symbol) != -1): null

2019-08-24 09:57:49 - [TEST_STEP][PASSED] - symbols = symbols: null

2019-08-24 09:57:49 - [TEST_STEP][PASSED] - for ([j = 0, j &lt; symbols.size(), (j++)]): null

2019-08-24 09:57:49 - [TEST_STEP][PASSED] - symbol = symbol: null

2019-08-24 09:57:49 - [TEST_STEP][PASSED] - println(symbol): null

2019-08-24 09:57:49 - [TEST_STEP][PASSED] - if (i == 2 &amp;&amp; wildList.indexOf(symbol) != -1): null

2019-08-24 09:57:49 - [TEST_STEP][PASSED] - if (i == 3 &amp;&amp; wildList.indexOf(symbol) != -1): null

2019-08-24 09:57:49 - [TEST_STEP][PASSED] - if (i == 4 &amp;&amp; wildList.indexOf(symbol) != -1): null

2019-08-24 09:57:49 - [TEST_STEP][PASSED] - symbol = symbol: null

2019-08-24 09:57:49 - [TEST_STEP][PASSED] - println(symbol): null

2019-08-24 09:57:49 - [TEST_STEP][PASSED] - if (i == 2 &amp;&amp; wildList.indexOf(symbol) != -1): null

2019-08-24 09:57:49 - [TEST_STEP][PASSED] - if (i == 3 &amp;&amp; wildList.indexOf(symbol) != -1): null

2019-08-24 09:57:49 - [TEST_STEP][PASSED] - println("wild found on reel 4, adding counter by 1"): null

2019-08-24 09:57:49 - [TEST_STEP][PASSED] - free_spin_reel_counter[1] = free_spin_reel_counter[1] + 1: null

2019-08-24 09:57:49 - [TEST_STEP][PASSED] - if (i == 4 &amp;&amp; wildList.indexOf(symbol) != -1): null

2019-08-24 09:57:49 - [TEST_STEP][PASSED] - symbol = symbol: null

2019-08-24 09:57:49 - [TEST_STEP][PASSED] - println(symbol): null

2019-08-24 09:57:49 - [TEST_STEP][PASSED] - if (i == 2 &amp;&amp; wildList.indexOf(symbol) != -1): null

2019-08-24 09:57:49 - [TEST_STEP][PASSED] - if (i == 3 &amp;&amp; wildList.indexOf(symbol) != -1): null

2019-08-24 09:57:49 - [TEST_STEP][PASSED] - if (i == 4 &amp;&amp; wildList.indexOf(symbol) != -1): null

2019-08-24 09:57:49 - [TEST_STEP][PASSED] - symbols = symbols: null

2019-08-24 09:57:49 - [TEST_STEP][PASSED] - for ([j = 0, j &lt; symbols.size(), (j++)]): null

2019-08-24 09:57:49 - [TEST_STEP][PASSED] - symbol = symbol: null

2019-08-24 09:57:49 - [TEST_STEP][PASSED] - println(symbol): null

2019-08-24 09:57:49 - [TEST_STEP][PASSED] - if (i == 2 &amp;&amp; wildList.indexOf(symbol) != -1): null

2019-08-24 09:57:49 - [TEST_STEP][PASSED] - if (i == 3 &amp;&amp; wildList.indexOf(symbol) != -1): null

2019-08-24 09:57:49 - [TEST_STEP][PASSED] - if (i == 4 &amp;&amp; wildList.indexOf(symbol) != -1): null

2019-08-24 09:57:49 - [TEST_STEP][PASSED] - symbol = symbol: null

2019-08-24 09:57:49 - [TEST_STEP][PASSED] - println(symbol): null

2019-08-24 09:57:49 - [TEST_STEP][PASSED] - if (i == 2 &amp;&amp; wildList.indexOf(symbol) != -1): null

2019-08-24 09:57:49 - [TEST_STEP][PASSED] - if (i == 3 &amp;&amp; wildList.indexOf(symbol) != -1): null

2019-08-24 09:57:49 - [TEST_STEP][PASSED] - if (i == 4 &amp;&amp; wildList.indexOf(symbol) != -1): null

2019-08-24 09:57:49 - [TEST_STEP][PASSED] - symbol = symbol: null

2019-08-24 09:57:49 - [TEST_STEP][PASSED] - println(symbol): null

2019-08-24 09:57:49 - [TEST_STEP][PASSED] - if (i == 2 &amp;&amp; wildList.indexOf(symbol) != -1): null

2019-08-24 09:57:49 - [TEST_STEP][PASSED] - if (i == 3 &amp;&amp; wildList.indexOf(symbol) != -1): null

2019-08-24 09:57:49 - [TEST_STEP][PASSED] - if (i == 4 &amp;&amp; wildList.indexOf(symbol) != -1): null

2019-08-24 09:57:49 - [TEST_STEP][PASSED] - free_spin_reel_counter = free_spin_reel_counter: null

2019-08-24 09:57:49 - [TEST_STEP][PASSED] - println("reel 3 wild found: " + free_spin_reel_counter[0]): null

2019-08-24 09:57:49 - [TEST_STEP][PASSED] - println("reel 4 wild found: " + free_spin_reel_counter[1]): null

2019-08-24 09:57:49 - [TEST_STEP][PASSED] - println("reel 5 wild found: " + free_spin_reel_counter[2]): null

2019-08-24 09:57:49 - [TEST_STEP][PASSED] - M4_spin_reels = M4_spin_reels: null

2019-08-24 09:57:49 - [TEST_STEP][PASSED] - M4_spin_reels_symbols = symbol: null

2019-08-24 09:57:49 - [TEST_STEP][PASSED] - M4_spin_reels_symbols = M4_spin_reels_symbols: null

2019-08-24 09:57:49 - [TEST_STEP][PASSED] - M4_spin_reel_wins = reel_wins: null

2019-08-24 09:57:49 - [TEST_STEP][PASSED] - M4_spin_reel_wins = M4_spin_reel_wins: null

2019-08-24 09:57:49 - [TEST_STEP][PASSED] - println("GlobalVariable.M4_spin_reel_wins is: " + M4_spin_reel_wins): null

2019-08-24 09:57:49 - [TEST_STEP][PASSED] - M4_spin_total_bonus_win_this_round = total_bonus_win_this_round: null

2019-08-24 09:57:49 - [TEST_STEP][PASSED] - M4_spin_total_bonus_win_this_round = M4_spin_total_bonus_win_this_round: null

2019-08-24 09:57:49 - [TEST_STEP][PASSED] - println("GlobalVariable.M4_spin_total_bonus_win_this_round is: " + M4_spin_total_bonus_win_this_round): null

2019-08-24 09:57:49 - [TEST_STEP][PASSED] - M4_spin_bonus_spin_result = spin_result: null

2019-08-24 09:57:49 - [TEST_STEP][PASSED] - M4_spin_bonus_spin_result = M4_spin_bonus_spin_result: null

2019-08-24 09:57:49 - [MESSAGE][PASSED] - Verify response successfully

2019-08-24 09:57:49 - [MESSAGE][PASSED] - Send request and verify the response successfully

2019-08-24 09:57:49 - [TEST_STEP][PASSED] - if (free_spin_reel_counter[0] &gt;= 1 &amp;&amp; free_spin_reel_counter[1] &gt;= 1 &amp;&amp; free_spin_reel_counter[2] &gt;= 1): null

2019-08-24 09:57:49 - [TEST_STEP][PASSED] - spin_result = sendRequestAndVerify(findTestObject("INT/RGS(M4)/1_M4_spin", ["M4_login_user_id":M4_login_user_id, "rgs_session_token":rgs_session_token, "partner":Partner])): Send request and verify the response successfully

2019-08-24 09:57:49 - [MESSAGE][INFO] - HAR: /Users/eiralee/Katalon_Script/SuperWild/Reports/20190824_095647/INT/superWild_1/20190824_095647/requests/main/23.har

2019-08-24 09:57:49 - [TEST_CASE][PASSED] - Start Test Case : Verification: Verification accomplished successfully

2019-08-24 09:57:49 - [TEST_STEP][PASSED] - request = getInstance().getCurrentRequest(): null

2019-08-24 09:57:50 - [TEST_STEP][PASSED] - response = getInstance().getCurrentResponse(): null

2019-08-24 09:57:50 - [TEST_STEP][PASSED] - verifyResponseStatusCode(response, 200): Verify response status code successfully

2019-08-24 09:57:50 - [MESSAGE][PASSED] - Verify response status code successfully

2019-08-24 09:57:50 - [TEST_STEP][PASSED] - getStatusCode()).isEqualTo(200): null

2019-08-24 09:57:50 - [TEST_STEP][PASSED] - newline = System.getProperty("line.separator"): null

2019-08-24 09:57:50 - [TEST_STEP][PASSED] - M4_spin = new groovy.json.JsonSlurper(): null

2019-08-24 09:57:50 - [TEST_STEP][PASSED] - result_M4_spin = M4_spin.parseText(response.getResponseBodyContent()): null

2019-08-24 09:57:50 - [TEST_STEP][PASSED] - M4_spin_current_balance = current_balance: null

2019-08-24 09:57:50 - [TEST_STEP][PASSED] - M4_spin_current_balance = M4_spin_current_balance: null

2019-08-24 09:57:50 - [TEST_STEP][PASSED] - M4_spin_transaction_id = causality: null

2019-08-24 09:57:50 - [TEST_STEP][PASSED] - M4_spin_transaction_id = M4_spin_transaction_id: null

2019-08-24 09:57:50 - [TEST_STEP][PASSED] - M4_spin_round_id = round_id: null

2019-08-24 09:57:50 - [TEST_STEP][PASSED] - M4_spin_round_id = M4_spin_round_id: null

2019-08-24 09:57:50 - [TEST_STEP][PASSED] - M4_spin_line_wins = line_wins: null

2019-08-24 09:57:50 - [TEST_STEP][PASSED] - M4_spin_line_wins = M4_spin_line_wins: null

2019-08-24 09:57:50 - [TEST_STEP][PASSED] - M4_total_bonus_spins_int = total_bonus_spins: null

2019-08-24 09:57:50 - [TEST_STEP][PASSED] - println("******M4_total_bonus_spins type is:*******" + newline + getClass().getName()): null

2019-08-24 09:57:50 - [TEST_STEP][PASSED] - M4_total_bonus_spins_int = M4_total_bonus_spins_int: null

2019-08-24 09:57:50 - [TEST_STEP][PASSED] - M4_total_bonus_spins = Integer.toString(M4_total_bonus_spins_int): null

2019-08-24 09:57:50 - [TEST_STEP][PASSED] - M4_total_bonus_spins = M4_total_bonus_spins: null

2019-08-24 09:57:50 - [TEST_STEP][PASSED] - println("M4_total_bonus_spins is:" + M4_total_bonus_spins): null

2019-08-24 09:57:50 - [TEST_STEP][PASSED] - M4_spin_bonus_data = bonus_data: null

2019-08-24 09:57:50 - [TEST_STEP][PASSED] - M4_spin_features_triggered = result_M4_spin: null

2019-08-24 09:57:50 - [TEST_STEP][PASSED] - wild = []: null

2019-08-24 09:57:50 - [TEST_STEP][PASSED] - wild[0] = "WILD_Expanding": null

2019-08-24 09:57:50 - [TEST_STEP][PASSED] - wild[1] = "WILD_Normal": null

2019-08-24 09:57:50 - [TEST_STEP][PASSED] - wild[2] = "WILD_Double": null

2019-08-24 09:57:50 - [TEST_STEP][PASSED] - wild[3] = "WILD_ExtraFG": null

2019-08-24 09:57:50 - [TEST_STEP][PASSED] - wild[4] = "WILD_Triple": null

2019-08-24 09:57:50 - [TEST_STEP][PASSED] - wildList = Arrays.asList(wild): null

2019-08-24 09:57:50 - [TEST_STEP][PASSED] - wildList = wildList: null

2019-08-24 09:57:50 - [TEST_STEP][PASSED] - free_spin_reel_counter = []: null

2019-08-24 09:57:50 - [TEST_STEP][PASSED] - free_spin_reel_counter[0] = 0: null

2019-08-24 09:57:50 - [TEST_STEP][PASSED] - free_spin_reel_counter[1] = 0: null

2019-08-24 09:57:50 - [TEST_STEP][PASSED] - free_spin_reel_counter[2] = 0: null

2019-08-24 09:57:50 - [TEST_STEP][PASSED] - M4_spin_reels = reels: null

2019-08-24 09:57:50 - [TEST_STEP][PASSED] - for ([i = 0, i &lt; M4_spin_reels.size(), (i++)]): null

2019-08-24 09:57:50 - [TEST_STEP][PASSED] - symbols = symbols: null

2019-08-24 09:57:50 - [TEST_STEP][PASSED] - for ([j = 0, j &lt; symbols.size(), (j++)]): null

2019-08-24 09:57:50 - [TEST_STEP][PASSED] - symbol = symbol: null

2019-08-24 09:57:50 - [TEST_STEP][PASSED] - println(symbol): null

2019-08-24 09:57:50 - [TEST_STEP][PASSED] - if (i == 2 &amp;&amp; wildList.indexOf(symbol) != -1): null

2019-08-24 09:57:50 - [TEST_STEP][PASSED] - if (i == 3 &amp;&amp; wildList.indexOf(symbol) != -1): null

2019-08-24 09:57:50 - [TEST_STEP][PASSED] - if (i == 4 &amp;&amp; wildList.indexOf(symbol) != -1): null

2019-08-24 09:57:50 - [TEST_STEP][PASSED] - symbol = symbol: null

2019-08-24 09:57:50 - [TEST_STEP][PASSED] - println(symbol): null

2019-08-24 09:57:50 - [TEST_STEP][PASSED] - if (i == 2 &amp;&amp; wildList.indexOf(symbol) != -1): null

2019-08-24 09:57:50 - [TEST_STEP][PASSED] - if (i == 3 &amp;&amp; wildList.indexOf(symbol) != -1): null

2019-08-24 09:57:50 - [TEST_STEP][PASSED] - if (i == 4 &amp;&amp; wildList.indexOf(symbol) != -1): null

2019-08-24 09:57:50 - [TEST_STEP][PASSED] - symbol = symbol: null

2019-08-24 09:57:50 - [TEST_STEP][PASSED] - println(symbol): null

2019-08-24 09:57:50 - [TEST_STEP][PASSED] - if (i == 2 &amp;&amp; wildList.indexOf(symbol) != -1): null

2019-08-24 09:57:50 - [TEST_STEP][PASSED] - if (i == 3 &amp;&amp; wildList.indexOf(symbol) != -1): null

2019-08-24 09:57:50 - [TEST_STEP][PASSED] - if (i == 4 &amp;&amp; wildList.indexOf(symbol) != -1): null

2019-08-24 09:57:50 - [TEST_STEP][PASSED] - symbols = symbols: null

2019-08-24 09:57:50 - [TEST_STEP][PASSED] - for ([j = 0, j &lt; symbols.size(), (j++)]): null

2019-08-24 09:57:50 - [TEST_STEP][PASSED] - symbol = symbol: null

2019-08-24 09:57:50 - [TEST_STEP][PASSED] - println(symbol): null

2019-08-24 09:57:50 - [TEST_STEP][PASSED] - if (i == 2 &amp;&amp; wildList.indexOf(symbol) != -1): null

2019-08-24 09:57:50 - [TEST_STEP][PASSED] - if (i == 3 &amp;&amp; wildList.indexOf(symbol) != -1): null

2019-08-24 09:57:50 - [TEST_STEP][PASSED] - if (i == 4 &amp;&amp; wildList.indexOf(symbol) != -1): null

2019-08-24 09:57:50 - [TEST_STEP][PASSED] - symbol = symbol: null

2019-08-24 09:57:50 - [TEST_STEP][PASSED] - println(symbol): null

2019-08-24 09:57:50 - [TEST_STEP][PASSED] - if (i == 2 &amp;&amp; wildList.indexOf(symbol) != -1): null

2019-08-24 09:57:50 - [TEST_STEP][PASSED] - if (i == 3 &amp;&amp; wildList.indexOf(symbol) != -1): null

2019-08-24 09:57:50 - [TEST_STEP][PASSED] - if (i == 4 &amp;&amp; wildList.indexOf(symbol) != -1): null

2019-08-24 09:57:50 - [TEST_STEP][PASSED] - symbol = symbol: null

2019-08-24 09:57:50 - [TEST_STEP][PASSED] - println(symbol): null

2019-08-24 09:57:50 - [TEST_STEP][PASSED] - if (i == 2 &amp;&amp; wildList.indexOf(symbol) != -1): null

2019-08-24 09:57:50 - [TEST_STEP][PASSED] - if (i == 3 &amp;&amp; wildList.indexOf(symbol) != -1): null

2019-08-24 09:57:50 - [TEST_STEP][PASSED] - if (i == 4 &amp;&amp; wildList.indexOf(symbol) != -1): null

2019-08-24 09:57:50 - [TEST_STEP][PASSED] - symbols = symbols: null

2019-08-24 09:57:50 - [TEST_STEP][PASSED] - for ([j = 0, j &lt; symbols.size(), (j++)]): null

2019-08-24 09:57:50 - [TEST_STEP][PASSED] - symbol = symbol: null

2019-08-24 09:57:50 - [TEST_STEP][PASSED] - println(symbol): null

2019-08-24 09:57:50 - [TEST_STEP][PASSED] - if (i == 2 &amp;&amp; wildList.indexOf(symbol) != -1): null

2019-08-24 09:57:50 - [TEST_STEP][PASSED] - if (i == 3 &amp;&amp; wildList.indexOf(symbol) != -1): null

2019-08-24 09:57:50 - [TEST_STEP][PASSED] - if (i == 4 &amp;&amp; wildList.indexOf(symbol) != -1): null

2019-08-24 09:57:50 - [TEST_STEP][PASSED] - symbol = symbol: null

2019-08-24 09:57:50 - [TEST_STEP][PASSED] - println(symbol): null

2019-08-24 09:57:50 - [TEST_STEP][PASSED] - if (i == 2 &amp;&amp; wildList.indexOf(symbol) != -1): null

2019-08-24 09:57:50 - [TEST_STEP][PASSED] - if (i == 3 &amp;&amp; wildList.indexOf(symbol) != -1): null

2019-08-24 09:57:50 - [TEST_STEP][PASSED] - if (i == 4 &amp;&amp; wildList.indexOf(symbol) != -1): null

2019-08-24 09:57:50 - [TEST_STEP][PASSED] - symbol = symbol: null

2019-08-24 09:57:50 - [TEST_STEP][PASSED] - println(symbol): null

2019-08-24 09:57:50 - [TEST_STEP][PASSED] - if (i == 2 &amp;&amp; wildList.indexOf(symbol) != -1): null

2019-08-24 09:57:50 - [TEST_STEP][PASSED] - if (i == 3 &amp;&amp; wildList.indexOf(symbol) != -1): null

2019-08-24 09:57:50 - [TEST_STEP][PASSED] - if (i == 4 &amp;&amp; wildList.indexOf(symbol) != -1): null

2019-08-24 09:57:50 - [TEST_STEP][PASSED] - symbols = symbols: null

2019-08-24 09:57:50 - [TEST_STEP][PASSED] - for ([j = 0, j &lt; symbols.size(), (j++)]): null

2019-08-24 09:57:50 - [TEST_STEP][PASSED] - symbol = symbol: null

2019-08-24 09:57:50 - [TEST_STEP][PASSED] - println(symbol): null

2019-08-24 09:57:50 - [TEST_STEP][PASSED] - if (i == 2 &amp;&amp; wildList.indexOf(symbol) != -1): null

2019-08-24 09:57:50 - [TEST_STEP][PASSED] - if (i == 3 &amp;&amp; wildList.indexOf(symbol) != -1): null

2019-08-24 09:57:50 - [TEST_STEP][PASSED] - if (i == 4 &amp;&amp; wildList.indexOf(symbol) != -1): null

2019-08-24 09:57:50 - [TEST_STEP][PASSED] - symbol = symbol: null

2019-08-24 09:57:50 - [TEST_STEP][PASSED] - println(symbol): null

2019-08-24 09:57:50 - [TEST_STEP][PASSED] - if (i == 2 &amp;&amp; wildList.indexOf(symbol) != -1): null

2019-08-24 09:57:50 - [TEST_STEP][PASSED] - if (i == 3 &amp;&amp; wildList.indexOf(symbol) != -1): null

2019-08-24 09:57:50 - [TEST_STEP][PASSED] - if (i == 4 &amp;&amp; wildList.indexOf(symbol) != -1): null

2019-08-24 09:57:50 - [TEST_STEP][PASSED] - symbol = symbol: null

2019-08-24 09:57:50 - [TEST_STEP][PASSED] - println(symbol): null

2019-08-24 09:57:50 - [TEST_STEP][PASSED] - if (i == 2 &amp;&amp; wildList.indexOf(symbol) != -1): null

2019-08-24 09:57:50 - [TEST_STEP][PASSED] - if (i == 3 &amp;&amp; wildList.indexOf(symbol) != -1): null

2019-08-24 09:57:50 - [TEST_STEP][PASSED] - if (i == 4 &amp;&amp; wildList.indexOf(symbol) != -1): null

2019-08-24 09:57:50 - [TEST_STEP][PASSED] - symbols = symbols: null

2019-08-24 09:57:50 - [TEST_STEP][PASSED] - for ([j = 0, j &lt; symbols.size(), (j++)]): null

2019-08-24 09:57:50 - [TEST_STEP][PASSED] - symbol = symbol: null

2019-08-24 09:57:50 - [TEST_STEP][PASSED] - println(symbol): null

2019-08-24 09:57:50 - [TEST_STEP][PASSED] - if (i == 2 &amp;&amp; wildList.indexOf(symbol) != -1): null

2019-08-24 09:57:50 - [TEST_STEP][PASSED] - if (i == 3 &amp;&amp; wildList.indexOf(symbol) != -1): null

2019-08-24 09:57:50 - [TEST_STEP][PASSED] - if (i == 4 &amp;&amp; wildList.indexOf(symbol) != -1): null

2019-08-24 09:57:50 - [TEST_STEP][PASSED] - symbol = symbol: null

2019-08-24 09:57:50 - [TEST_STEP][PASSED] - println(symbol): null

2019-08-24 09:57:50 - [TEST_STEP][PASSED] - if (i == 2 &amp;&amp; wildList.indexOf(symbol) != -1): null

2019-08-24 09:57:50 - [TEST_STEP][PASSED] - if (i == 3 &amp;&amp; wildList.indexOf(symbol) != -1): null

2019-08-24 09:57:50 - [TEST_STEP][PASSED] - if (i == 4 &amp;&amp; wildList.indexOf(symbol) != -1): null

2019-08-24 09:57:50 - [TEST_STEP][PASSED] - symbol = symbol: null

2019-08-24 09:57:50 - [TEST_STEP][PASSED] - println(symbol): null

2019-08-24 09:57:50 - [TEST_STEP][PASSED] - if (i == 2 &amp;&amp; wildList.indexOf(symbol) != -1): null

2019-08-24 09:57:50 - [TEST_STEP][PASSED] - if (i == 3 &amp;&amp; wildList.indexOf(symbol) != -1): null

2019-08-24 09:57:50 - [TEST_STEP][PASSED] - if (i == 4 &amp;&amp; wildList.indexOf(symbol) != -1): null

2019-08-24 09:57:50 - [TEST_STEP][PASSED] - free_spin_reel_counter = free_spin_reel_counter: null

2019-08-24 09:57:50 - [TEST_STEP][PASSED] - println("reel 3 wild found: " + free_spin_reel_counter[0]): null

2019-08-24 09:57:50 - [TEST_STEP][PASSED] - println("reel 4 wild found: " + free_spin_reel_counter[1]): null

2019-08-24 09:57:50 - [TEST_STEP][PASSED] - println("reel 5 wild found: " + free_spin_reel_counter[2]): null

2019-08-24 09:57:50 - [TEST_STEP][PASSED] - M4_spin_reels = M4_spin_reels: null

2019-08-24 09:57:50 - [TEST_STEP][PASSED] - M4_spin_reels_symbols = symbol: null

2019-08-24 09:57:50 - [TEST_STEP][PASSED] - M4_spin_reels_symbols = M4_spin_reels_symbols: null

2019-08-24 09:57:50 - [TEST_STEP][PASSED] - M4_spin_reel_wins = reel_wins: null

2019-08-24 09:57:50 - [TEST_STEP][PASSED] - M4_spin_reel_wins = M4_spin_reel_wins: null

2019-08-24 09:57:50 - [TEST_STEP][PASSED] - println("GlobalVariable.M4_spin_reel_wins is: " + M4_spin_reel_wins): null

2019-08-24 09:57:50 - [TEST_STEP][PASSED] - M4_spin_total_bonus_win_this_round = total_bonus_win_this_round: null

2019-08-24 09:57:50 - [TEST_STEP][PASSED] - M4_spin_total_bonus_win_this_round = M4_spin_total_bonus_win_this_round: null

2019-08-24 09:57:50 - [TEST_STEP][PASSED] - println("GlobalVariable.M4_spin_total_bonus_win_this_round is: " + M4_spin_total_bonus_win_this_round): null

2019-08-24 09:57:50 - [TEST_STEP][PASSED] - M4_spin_bonus_spin_result = spin_result: null

2019-08-24 09:57:50 - [TEST_STEP][PASSED] - M4_spin_bonus_spin_result = M4_spin_bonus_spin_result: null

2019-08-24 09:57:50 - [MESSAGE][PASSED] - Verify response successfully

2019-08-24 09:57:50 - [MESSAGE][PASSED] - Send request and verify the response successfully

2019-08-24 09:57:50 - [TEST_STEP][PASSED] - if (free_spin_reel_counter[0] &gt;= 1 &amp;&amp; free_spin_reel_counter[1] &gt;= 1 &amp;&amp; free_spin_reel_counter[2] &gt;= 1): null

2019-08-24 09:57:50 - [TEST_STEP][PASSED] - spin_result = sendRequestAndVerify(findTestObject("INT/RGS(M4)/1_M4_spin", ["M4_login_user_id":M4_login_user_id, "rgs_session_token":rgs_session_token, "partner":Partner])): Send request and verify the response successfully

2019-08-24 09:57:50 - [MESSAGE][INFO] - HAR: /Users/eiralee/Katalon_Script/SuperWild/Reports/20190824_095647/INT/superWild_1/20190824_095647/requests/main/24.har

2019-08-24 09:57:50 - [TEST_CASE][PASSED] - Start Test Case : Verification: Verification accomplished successfully

2019-08-24 09:57:50 - [TEST_STEP][PASSED] - request = getInstance().getCurrentRequest(): null

2019-08-24 09:57:50 - [TEST_STEP][PASSED] - response = getInstance().getCurrentResponse(): null

2019-08-24 09:57:50 - [TEST_STEP][PASSED] - verifyResponseStatusCode(response, 200): Verify response status code successfully

2019-08-24 09:57:50 - [MESSAGE][PASSED] - Verify response status code successfully

2019-08-24 09:57:50 - [TEST_STEP][PASSED] - getStatusCode()).isEqualTo(200): null

2019-08-24 09:57:50 - [TEST_STEP][PASSED] - newline = System.getProperty("line.separator"): null

2019-08-24 09:57:50 - [TEST_STEP][PASSED] - M4_spin = new groovy.json.JsonSlurper(): null

2019-08-24 09:57:50 - [TEST_STEP][PASSED] - result_M4_spin = M4_spin.parseText(response.getResponseBodyContent()): null

2019-08-24 09:57:50 - [TEST_STEP][PASSED] - M4_spin_current_balance = current_balance: null

2019-08-24 09:57:50 - [TEST_STEP][PASSED] - M4_spin_current_balance = M4_spin_current_balance: null

2019-08-24 09:57:50 - [TEST_STEP][PASSED] - M4_spin_transaction_id = causality: null

2019-08-24 09:57:50 - [TEST_STEP][PASSED] - M4_spin_transaction_id = M4_spin_transaction_id: null

2019-08-24 09:57:50 - [TEST_STEP][PASSED] - M4_spin_round_id = round_id: null

2019-08-24 09:57:50 - [TEST_STEP][PASSED] - M4_spin_round_id = M4_spin_round_id: null

2019-08-24 09:57:50 - [TEST_STEP][PASSED] - M4_spin_line_wins = line_wins: null

2019-08-24 09:57:50 - [TEST_STEP][PASSED] - M4_spin_line_wins = M4_spin_line_wins: null

2019-08-24 09:57:50 - [TEST_STEP][PASSED] - M4_total_bonus_spins_int = total_bonus_spins: null

2019-08-24 09:57:50 - [TEST_STEP][PASSED] - println("******M4_total_bonus_spins type is:*******" + newline + getClass().getName()): null

2019-08-24 09:57:50 - [TEST_STEP][PASSED] - M4_total_bonus_spins_int = M4_total_bonus_spins_int: null

2019-08-24 09:57:50 - [TEST_STEP][PASSED] - M4_total_bonus_spins = Integer.toString(M4_total_bonus_spins_int): null

2019-08-24 09:57:50 - [TEST_STEP][PASSED] - M4_total_bonus_spins = M4_total_bonus_spins: null

2019-08-24 09:57:50 - [TEST_STEP][PASSED] - println("M4_total_bonus_spins is:" + M4_total_bonus_spins): null

2019-08-24 09:57:50 - [TEST_STEP][PASSED] - M4_spin_bonus_data = bonus_data: null

2019-08-24 09:57:50 - [TEST_STEP][PASSED] - M4_spin_features_triggered = result_M4_spin: null

2019-08-24 09:57:50 - [TEST_STEP][PASSED] - wild = []: null

2019-08-24 09:57:50 - [TEST_STEP][PASSED] - wild[0] = "WILD_Expanding": null

2019-08-24 09:57:50 - [TEST_STEP][PASSED] - wild[1] = "WILD_Normal": null

2019-08-24 09:57:50 - [TEST_STEP][PASSED] - wild[2] = "WILD_Double": null

2019-08-24 09:57:50 - [TEST_STEP][PASSED] - wild[3] = "WILD_ExtraFG": null

2019-08-24 09:57:50 - [TEST_STEP][PASSED] - wild[4] = "WILD_Triple": null

2019-08-24 09:57:50 - [TEST_STEP][PASSED] - wildList = Arrays.asList(wild): null

2019-08-24 09:57:50 - [TEST_STEP][PASSED] - wildList = wildList: null

2019-08-24 09:57:50 - [TEST_STEP][PASSED] - free_spin_reel_counter = []: null

2019-08-24 09:57:50 - [TEST_STEP][PASSED] - free_spin_reel_counter[0] = 0: null

2019-08-24 09:57:50 - [TEST_STEP][PASSED] - free_spin_reel_counter[1] = 0: null

2019-08-24 09:57:50 - [TEST_STEP][PASSED] - free_spin_reel_counter[2] = 0: null

2019-08-24 09:57:50 - [TEST_STEP][PASSED] - M4_spin_reels = reels: null

2019-08-24 09:57:50 - [TEST_STEP][PASSED] - for ([i = 0, i &lt; M4_spin_reels.size(), (i++)]): null

2019-08-24 09:57:50 - [TEST_STEP][PASSED] - symbols = symbols: null

2019-08-24 09:57:50 - [TEST_STEP][PASSED] - for ([j = 0, j &lt; symbols.size(), (j++)]): null

2019-08-24 09:57:50 - [TEST_STEP][PASSED] - symbol = symbol: null

2019-08-24 09:57:50 - [TEST_STEP][PASSED] - println(symbol): null

2019-08-24 09:57:50 - [TEST_STEP][PASSED] - if (i == 2 &amp;&amp; wildList.indexOf(symbol) != -1): null

2019-08-24 09:57:50 - [TEST_STEP][PASSED] - if (i == 3 &amp;&amp; wildList.indexOf(symbol) != -1): null

2019-08-24 09:57:50 - [TEST_STEP][PASSED] - if (i == 4 &amp;&amp; wildList.indexOf(symbol) != -1): null

2019-08-24 09:57:50 - [TEST_STEP][PASSED] - symbol = symbol: null

2019-08-24 09:57:50 - [TEST_STEP][PASSED] - println(symbol): null

2019-08-24 09:57:50 - [TEST_STEP][PASSED] - if (i == 2 &amp;&amp; wildList.indexOf(symbol) != -1): null

2019-08-24 09:57:50 - [TEST_STEP][PASSED] - if (i == 3 &amp;&amp; wildList.indexOf(symbol) != -1): null

2019-08-24 09:57:50 - [TEST_STEP][PASSED] - if (i == 4 &amp;&amp; wildList.indexOf(symbol) != -1): null

2019-08-24 09:57:50 - [TEST_STEP][PASSED] - symbol = symbol: null

2019-08-24 09:57:50 - [TEST_STEP][PASSED] - println(symbol): null

2019-08-24 09:57:50 - [TEST_STEP][PASSED] - if (i == 2 &amp;&amp; wildList.indexOf(symbol) != -1): null

2019-08-24 09:57:50 - [TEST_STEP][PASSED] - if (i == 3 &amp;&amp; wildList.indexOf(symbol) != -1): null

2019-08-24 09:57:50 - [TEST_STEP][PASSED] - if (i == 4 &amp;&amp; wildList.indexOf(symbol) != -1): null

2019-08-24 09:57:50 - [TEST_STEP][PASSED] - symbols = symbols: null

2019-08-24 09:57:50 - [TEST_STEP][PASSED] - for ([j = 0, j &lt; symbols.size(), (j++)]): null

2019-08-24 09:57:50 - [TEST_STEP][PASSED] - symbol = symbol: null

2019-08-24 09:57:50 - [TEST_STEP][PASSED] - println(symbol): null

2019-08-24 09:57:50 - [TEST_STEP][PASSED] - if (i == 2 &amp;&amp; wildList.indexOf(symbol) != -1): null

2019-08-24 09:57:50 - [TEST_STEP][PASSED] - if (i == 3 &amp;&amp; wildList.indexOf(symbol) != -1): null

2019-08-24 09:57:50 - [TEST_STEP][PASSED] - if (i == 4 &amp;&amp; wildList.indexOf(symbol) != -1): null

2019-08-24 09:57:50 - [TEST_STEP][PASSED] - symbol = symbol: null

2019-08-24 09:57:50 - [TEST_STEP][PASSED] - println(symbol): null

2019-08-24 09:57:50 - [TEST_STEP][PASSED] - if (i == 2 &amp;&amp; wildList.indexOf(symbol) != -1): null

2019-08-24 09:57:50 - [TEST_STEP][PASSED] - if (i == 3 &amp;&amp; wildList.indexOf(symbol) != -1): null

2019-08-24 09:57:50 - [TEST_STEP][PASSED] - if (i == 4 &amp;&amp; wildList.indexOf(symbol) != -1): null

2019-08-24 09:57:50 - [TEST_STEP][PASSED] - symbol = symbol: null

2019-08-24 09:57:50 - [TEST_STEP][PASSED] - println(symbol): null

2019-08-24 09:57:50 - [TEST_STEP][PASSED] - if (i == 2 &amp;&amp; wildList.indexOf(symbol) != -1): null

2019-08-24 09:57:50 - [TEST_STEP][PASSED] - if (i == 3 &amp;&amp; wildList.indexOf(symbol) != -1): null

2019-08-24 09:57:50 - [TEST_STEP][PASSED] - if (i == 4 &amp;&amp; wildList.indexOf(symbol) != -1): null

2019-08-24 09:57:50 - [TEST_STEP][PASSED] - symbols = symbols: null

2019-08-24 09:57:50 - [TEST_STEP][PASSED] - for ([j = 0, j &lt; symbols.size(), (j++)]): null

2019-08-24 09:57:50 - [TEST_STEP][PASSED] - symbol = symbol: null

2019-08-24 09:57:50 - [TEST_STEP][PASSED] - println(symbol): null

2019-08-24 09:57:50 - [TEST_STEP][PASSED] - if (i == 2 &amp;&amp; wildList.indexOf(symbol) != -1): null

2019-08-24 09:57:50 - [TEST_STEP][PASSED] - if (i == 3 &amp;&amp; wildList.indexOf(symbol) != -1): null

2019-08-24 09:57:50 - [TEST_STEP][PASSED] - if (i == 4 &amp;&amp; wildList.indexOf(symbol) != -1): null

2019-08-24 09:57:50 - [TEST_STEP][PASSED] - symbol = symbol: null

2019-08-24 09:57:50 - [TEST_STEP][PASSED] - println(symbol): null

2019-08-24 09:57:50 - [TEST_STEP][PASSED] - if (i == 2 &amp;&amp; wildList.indexOf(symbol) != -1): null

2019-08-24 09:57:50 - [TEST_STEP][PASSED] - if (i == 3 &amp;&amp; wildList.indexOf(symbol) != -1): null

2019-08-24 09:57:50 - [TEST_STEP][PASSED] - if (i == 4 &amp;&amp; wildList.indexOf(symbol) != -1): null

2019-08-24 09:57:50 - [TEST_STEP][PASSED] - symbol = symbol: null

2019-08-24 09:57:50 - [TEST_STEP][PASSED] - println(symbol): null

2019-08-24 09:57:50 - [TEST_STEP][PASSED] - if (i == 2 &amp;&amp; wildList.indexOf(symbol) != -1): null

2019-08-24 09:57:50 - [TEST_STEP][PASSED] - println("wild found on reel 3, adding counter by 1"): null

2019-08-24 09:57:50 - [TEST_STEP][PASSED] - free_spin_reel_counter[0] = free_spin_reel_counter[0] + 1: null

2019-08-24 09:57:50 - [TEST_STEP][PASSED] - if (i == 3 &amp;&amp; wildList.indexOf(symbol) != -1): null

2019-08-24 09:57:50 - [TEST_STEP][PASSED] - if (i == 4 &amp;&amp; wildList.indexOf(symbol) != -1): null

2019-08-24 09:57:50 - [TEST_STEP][PASSED] - symbols = symbols: null

2019-08-24 09:57:50 - [TEST_STEP][PASSED] - for ([j = 0, j &lt; symbols.size(), (j++)]): null

2019-08-24 09:57:50 - [TEST_STEP][PASSED] - symbol = symbol: null

2019-08-24 09:57:50 - [TEST_STEP][PASSED] - println(symbol): null

2019-08-24 09:57:50 - [TEST_STEP][PASSED] - if (i == 2 &amp;&amp; wildList.indexOf(symbol) != -1): null

2019-08-24 09:57:50 - [TEST_STEP][PASSED] - if (i == 3 &amp;&amp; wildList.indexOf(symbol) != -1): null

2019-08-24 09:57:50 - [TEST_STEP][PASSED] - println("wild found on reel 4, adding counter by 1"): null

2019-08-24 09:57:50 - [TEST_STEP][PASSED] - free_spin_reel_counter[1] = free_spin_reel_counter[1] + 1: null

2019-08-24 09:57:50 - [TEST_STEP][PASSED] - if (i == 4 &amp;&amp; wildList.indexOf(symbol) != -1): null

2019-08-24 09:57:50 - [TEST_STEP][PASSED] - symbol = symbol: null

2019-08-24 09:57:50 - [TEST_STEP][PASSED] - println(symbol): null

2019-08-24 09:57:50 - [TEST_STEP][PASSED] - if (i == 2 &amp;&amp; wildList.indexOf(symbol) != -1): null

2019-08-24 09:57:50 - [TEST_STEP][PASSED] - if (i == 3 &amp;&amp; wildList.indexOf(symbol) != -1): null

2019-08-24 09:57:50 - [TEST_STEP][PASSED] - if (i == 4 &amp;&amp; wildList.indexOf(symbol) != -1): null

2019-08-24 09:57:50 - [TEST_STEP][PASSED] - symbol = symbol: null

2019-08-24 09:57:50 - [TEST_STEP][PASSED] - println(symbol): null

2019-08-24 09:57:50 - [TEST_STEP][PASSED] - if (i == 2 &amp;&amp; wildList.indexOf(symbol) != -1): null

2019-08-24 09:57:50 - [TEST_STEP][PASSED] - if (i == 3 &amp;&amp; wildList.indexOf(symbol) != -1): null

2019-08-24 09:57:50 - [TEST_STEP][PASSED] - if (i == 4 &amp;&amp; wildList.indexOf(symbol) != -1): null

2019-08-24 09:57:50 - [TEST_STEP][PASSED] - symbols = symbols: null

2019-08-24 09:57:50 - [TEST_STEP][PASSED] - for ([j = 0, j &lt; symbols.size(), (j++)]): null

2019-08-24 09:57:50 - [TEST_STEP][PASSED] - symbol = symbol: null

2019-08-24 09:57:50 - [TEST_STEP][PASSED] - println(symbol): null

2019-08-24 09:57:50 - [TEST_STEP][PASSED] - if (i == 2 &amp;&amp; wildList.indexOf(symbol) != -1): null

2019-08-24 09:57:50 - [TEST_STEP][PASSED] - if (i == 3 &amp;&amp; wildList.indexOf(symbol) != -1): null

2019-08-24 09:57:50 - [TEST_STEP][PASSED] - if (i == 4 &amp;&amp; wildList.indexOf(symbol) != -1): null

2019-08-24 09:57:50 - [TEST_STEP][PASSED] - symbol = symbol: null

2019-08-24 09:57:50 - [TEST_STEP][PASSED] - println(symbol): null

2019-08-24 09:57:50 - [TEST_STEP][PASSED] - if (i == 2 &amp;&amp; wildList.indexOf(symbol) != -1): null

2019-08-24 09:57:50 - [TEST_STEP][PASSED] - if (i == 3 &amp;&amp; wildList.indexOf(symbol) != -1): null

2019-08-24 09:57:50 - [TEST_STEP][PASSED] - if (i == 4 &amp;&amp; wildList.indexOf(symbol) != -1): null

2019-08-24 09:57:50 - [TEST_STEP][PASSED] - println("wild found on reel 5, adding counter by 1"): null

2019-08-24 09:57:50 - [TEST_STEP][PASSED] - free_spin_reel_counter[2] = free_spin_reel_counter[2] + 1: null

2019-08-24 09:57:50 - [TEST_STEP][PASSED] - symbol = symbol: null

2019-08-24 09:57:50 - [TEST_STEP][PASSED] - println(symbol): null

2019-08-24 09:57:50 - [TEST_STEP][PASSED] - if (i == 2 &amp;&amp; wildList.indexOf(symbol) != -1): null

2019-08-24 09:57:50 - [TEST_STEP][PASSED] - if (i == 3 &amp;&amp; wildList.indexOf(symbol) != -1): null

2019-08-24 09:57:50 - [TEST_STEP][PASSED] - if (i == 4 &amp;&amp; wildList.indexOf(symbol) != -1): null

2019-08-24 09:57:50 - [TEST_STEP][PASSED] - free_spin_reel_counter = free_spin_reel_counter: null

2019-08-24 09:57:50 - [TEST_STEP][PASSED] - println("reel 3 wild found: " + free_spin_reel_counter[0]): null

2019-08-24 09:57:50 - [TEST_STEP][PASSED] - println("reel 4 wild found: " + free_spin_reel_counter[1]): null

2019-08-24 09:57:50 - [TEST_STEP][PASSED] - println("reel 5 wild found: " + free_spin_reel_counter[2]): null

2019-08-24 09:57:50 - [TEST_STEP][PASSED] - M4_spin_reels = M4_spin_reels: null

2019-08-24 09:57:50 - [TEST_STEP][PASSED] - M4_spin_reels_symbols = symbol: null

2019-08-24 09:57:50 - [TEST_STEP][PASSED] - M4_spin_reels_symbols = M4_spin_reels_symbols: null

2019-08-24 09:57:50 - [TEST_STEP][PASSED] - M4_spin_reel_wins = reel_wins: null

2019-08-24 09:57:50 - [TEST_STEP][PASSED] - M4_spin_reel_wins = M4_spin_reel_wins: null

2019-08-24 09:57:50 - [TEST_STEP][PASSED] - println("GlobalVariable.M4_spin_reel_wins is: " + M4_spin_reel_wins): null

2019-08-24 09:57:50 - [TEST_STEP][PASSED] - M4_spin_total_bonus_win_this_round = total_bonus_win_this_round: null

2019-08-24 09:57:50 - [TEST_STEP][PASSED] - M4_spin_total_bonus_win_this_round = M4_spin_total_bonus_win_this_round: null

2019-08-24 09:57:50 - [TEST_STEP][PASSED] - println("GlobalVariable.M4_spin_total_bonus_win_this_round is: " + M4_spin_total_bonus_win_this_round): null

2019-08-24 09:57:50 - [TEST_STEP][PASSED] - M4_spin_bonus_spin_result = spin_result: null

2019-08-24 09:57:50 - [TEST_STEP][PASSED] - M4_spin_bonus_spin_result = M4_spin_bonus_spin_result: null

2019-08-24 09:57:50 - [MESSAGE][PASSED] - Verify response successfully

2019-08-24 09:57:50 - [MESSAGE][PASSED] - Send request and verify the response successfully

2019-08-24 09:57:50 - [TEST_STEP][PASSED] - if (free_spin_reel_counter[0] &gt;= 1 &amp;&amp; free_spin_reel_counter[1] &gt;= 1 &amp;&amp; free_spin_reel_counter[2] &gt;= 1): null

2019-08-24 09:57:50 - [TEST_STEP][PASSED] - break: null

2019-08-24 09:57:50 - [TEST_STEP][PASSED] - println("GlobalVariable.M4_spin_round_id is: " + M4_spin_round_id): null

2019-08-24 09:57:50 - [TEST_STEP][PASSED] - sendRequestAndVerify(findTestObject("INT/RGS(M4)/1_Round_detail", ["partner":Partner, "M4_spin_round_id":M4_spin_round_id])): Send request and verify the response successfully

2019-08-24 09:57:51 - [MESSAGE][INFO] - HAR: /Users/eiralee/Katalon_Script/SuperWild/Reports/20190824_095647/INT/superWild_1/20190824_095647/requests/main/25.har

2019-08-24 09:57:51 - [TEST_CASE][PASSED] - Start Test Case : Verification: Verification accomplished successfully

2019-08-24 09:57:51 - [TEST_STEP][PASSED] - request = getInstance().getCurrentRequest(): null

2019-08-24 09:57:51 - [TEST_STEP][PASSED] - response = getInstance().getCurrentResponse(): null

2019-08-24 09:57:51 - [TEST_STEP][PASSED] - verifyResponseStatusCode(response, 200): Verify response status code successfully

2019-08-24 09:57:51 - [MESSAGE][PASSED] - Verify response status code successfully

2019-08-24 09:57:51 - [TEST_STEP][PASSED] - getStatusCode()).isEqualTo(200): null

2019-08-24 09:57:51 - [TEST_STEP][PASSED] - newline = System.getProperty("line.separator"): null

2019-08-24 09:57:51 - [TEST_STEP][PASSED] - M4_round = new groovy.json.JsonSlurper(): null

2019-08-24 09:57:51 - [TEST_STEP][PASSED] - M4_round_detail = M4_round.parseText(response.getResponseBodyContent()): null

2019-08-24 09:57:51 - [TEST_STEP][PASSED] - M4_round_object = M4_round_detail: null

2019-08-24 09:57:51 - [TEST_STEP][PASSED] - M4_round_object = M4_round_object: null

2019-08-24 09:57:51 - [TEST_STEP][PASSED] - M4_round_transaction_type = transaction_type: null

2019-08-24 09:57:51 - [TEST_STEP][PASSED] - M4_round_transaction_type = M4_round_transaction_type: null

2019-08-24 09:57:51 - [TEST_STEP][PASSED] - M4_round_player_id = player_id: null

2019-08-24 09:57:51 - [TEST_STEP][PASSED] - M4_round_player_id = M4_round_player_id: null

2019-08-24 09:57:51 - [TEST_STEP][PASSED] - M4_round_booster_type = booster_type: null

2019-08-24 09:57:51 - [TEST_STEP][PASSED] - M4_round_booster_type = M4_round_booster_type: null

2019-08-24 09:57:51 - [TEST_STEP][PASSED] - M4_round_currency = currency: null

2019-08-24 09:57:51 - [TEST_STEP][PASSED] - M4_round_currency = M4_round_currency: null

2019-08-24 09:57:51 - [TEST_STEP][PASSED] - M4_round_id = round_id: null

2019-08-24 09:57:51 - [TEST_STEP][PASSED] - M4_round_id = M4_round_id: null

2019-08-24 09:57:51 - [TEST_STEP][PASSED] - M4_round_transaction_id = transaction_id: null

2019-08-24 09:57:51 - [TEST_STEP][PASSED] - M4_round_transaction_id = M4_round_transaction_id: null

2019-08-24 09:57:51 - [TEST_STEP][PASSED] - M4_round_transaction_time = transaction_time: null

2019-08-24 09:57:51 - [TEST_STEP][PASSED] - M4_round_transaction_time = M4_round_transaction_time: null

2019-08-24 09:57:51 - [TEST_STEP][PASSED] - M4_round_total_win = total_win: null

2019-08-24 09:57:51 - [TEST_STEP][PASSED] - M4_round_total_win = M4_round_total_win: null

2019-08-24 09:57:51 - [TEST_STEP][PASSED] - M4_round_balance_long = balance: null

2019-08-24 09:57:51 - [TEST_STEP][PASSED] - M4_round_balance = Long.toString(M4_round_balance_long): null

2019-08-24 09:57:51 - [TEST_STEP][PASSED] - M4_round_balance = M4_round_balance: null

2019-08-24 09:57:51 - [TEST_STEP][PASSED] - M4_round_total_bet = total_bet: null

2019-08-24 09:57:51 - [TEST_STEP][PASSED] - M4_round_total_bet = M4_round_total_bet: null

2019-08-24 09:57:51 - [TEST_STEP][PASSED] - M4_round_bet_value = bet_value: null

2019-08-24 09:57:51 - [TEST_STEP][PASSED] - M4_round_bet_value = M4_round_bet_value: null

2019-08-24 09:57:51 - [TEST_STEP][PASSED] - M4_round_line = line: null

2019-08-24 09:57:51 - [TEST_STEP][PASSED] - M4_round_line = M4_round_line: null

2019-08-24 09:57:51 - [TEST_STEP][PASSED] - M4_round_reels1 = reels[0]: null

2019-08-24 09:57:51 - [TEST_STEP][PASSED] - M4_round_reels1 = M4_round_reels1: null

2019-08-24 09:57:51 - [TEST_STEP][PASSED] - M4_round_reels2 = reels[1]: null

2019-08-24 09:57:51 - [TEST_STEP][PASSED] - M4_round_reels2 = M4_round_reels2: null

2019-08-24 09:57:51 - [TEST_STEP][PASSED] - M4_round_reels3 = reels[2]: null

2019-08-24 09:57:51 - [TEST_STEP][PASSED] - M4_round_reels3 = M4_round_reels3: null

2019-08-24 09:57:51 - [TEST_STEP][PASSED] - M4_round_reels4 = reels[3]: null

2019-08-24 09:57:51 - [TEST_STEP][PASSED] - M4_round_reels4 = M4_round_reels4: null

2019-08-24 09:57:51 - [TEST_STEP][PASSED] - M4_round_reels5 = reels[4]: null

2019-08-24 09:57:51 - [TEST_STEP][PASSED] - M4_round_reels5 = M4_round_reels5: null

2019-08-24 09:57:51 - [TEST_STEP][PASSED] - M4_round_F_reels1 = reels[0]: null

2019-08-24 09:57:51 - [TEST_STEP][PASSED] - M4_round_F_reels1 = M4_round_F_reels1: null

2019-08-24 09:57:51 - [TEST_STEP][PASSED] - M4_round_F_reels2 = reels[1]: null

2019-08-24 09:57:51 - [TEST_STEP][PASSED] - M4_round_F_reels2 = M4_round_F_reels2: null

2019-08-24 09:57:51 - [TEST_STEP][PASSED] - M4_round_F_reels3 = reels[2]: null

2019-08-24 09:57:51 - [TEST_STEP][PASSED] - M4_round_F_reels3 = M4_round_F_reels3: null

2019-08-24 09:57:51 - [TEST_STEP][PASSED] - M4_round_F_reels4 = reels[3]: null

2019-08-24 09:57:51 - [TEST_STEP][PASSED] - M4_round_F_reels4 = M4_round_F_reels4: null

2019-08-24 09:57:51 - [TEST_STEP][PASSED] - M4_round_F_reels5 = reels[4]: null

2019-08-24 09:57:51 - [TEST_STEP][PASSED] - M4_round_F_reels5 = M4_round_F_reels5: null

2019-08-24 09:57:51 - [TEST_STEP][PASSED] - M4_round_reels0_symbols1 = symbols[0]: null

2019-08-24 09:57:51 - [TEST_STEP][PASSED] - M4_round_reels0_symbols1 = M4_round_reels0_symbols1: null

2019-08-24 09:57:51 - [TEST_STEP][PASSED] - M4_round_reels0_symbols2 = symbols[1]: null

2019-08-24 09:57:51 - [TEST_STEP][PASSED] - M4_round_reels0_symbols2 = M4_round_reels0_symbols2: null

2019-08-24 09:57:51 - [TEST_STEP][PASSED] - M4_round_reels0_symbols3 = symbols[2]: null

2019-08-24 09:57:51 - [TEST_STEP][PASSED] - M4_round_reels0_symbols3 = M4_round_reels0_symbols3: null

2019-08-24 09:57:51 - [TEST_STEP][PASSED] - M4_round_reels1_symbols1 = symbols[0]: null

2019-08-24 09:57:51 - [TEST_STEP][PASSED] - M4_round_reels1_symbols1 = M4_round_reels1_symbols1: null

2019-08-24 09:57:51 - [TEST_STEP][PASSED] - M4_round_reels1_symbols2 = symbols[1]: null

2019-08-24 09:57:51 - [TEST_STEP][PASSED] - M4_round_reels1_symbols2 = M4_round_reels1_symbols2: null

2019-08-24 09:57:51 - [TEST_STEP][PASSED] - M4_round_reels1_symbols3 = symbols[2]: null

2019-08-24 09:57:51 - [TEST_STEP][PASSED] - M4_round_reels1_symbols3 = M4_round_reels1_symbols3: null

2019-08-24 09:57:51 - [TEST_STEP][PASSED] - M4_round_reels1_symbols4 = symbols[3]: null

2019-08-24 09:57:51 - [TEST_STEP][PASSED] - M4_round_reels_symbols_all = symbol: null

2019-08-24 09:57:51 - [TEST_STEP][PASSED] - M4_round_reels_symbols_all = M4_round_reels_symbols_all: null

2019-08-24 09:57:51 - [TEST_STEP][PASSED] - M4_round_features_triggered = features_triggered: null

2019-08-24 09:57:51 - [TEST_STEP][PASSED] - M4_round_features_triggered = M4_round_features_triggered: null

2019-08-24 09:57:51 - [TEST_STEP][PASSED] - M4_round_features_complete = complete: null

2019-08-24 09:57:51 - [TEST_STEP][PASSED] - M4_round_features_complete = M4_round_features_complete: null

2019-08-24 09:57:51 - [TEST_STEP][PASSED] - M4_round_free_spins_left = free_spins_left: null

2019-08-24 09:57:51 - [TEST_STEP][PASSED] - M4_round_free_spins_left = M4_round_free_spins_left: null

2019-08-24 09:57:51 - [TEST_STEP][PASSED] - M4_round_total_free_spin_count = total_free_spin_count: null

2019-08-24 09:57:51 - [TEST_STEP][PASSED] - M4_round_total_free_spin_count = M4_round_total_free_spin_count: null

2019-08-24 09:57:51 - [TEST_STEP][PASSED] - M4_round_total_free_spin_win_amount = total_free_spin_win_amount: null

2019-08-24 09:57:51 - [TEST_STEP][PASSED] - M4_round_total_free_spin_win_amount = M4_round_total_free_spin_win_amount: null

2019-08-24 09:57:51 - [TEST_STEP][PASSED] - M4_round_subfeatures = subfeatures: null

2019-08-24 09:57:51 - [TEST_STEP][PASSED] - M4_round_subfeatures = M4_round_subfeatures: null

2019-08-24 09:57:51 - [TEST_STEP][PASSED] - M4_round_wild_multiplier = wild_multiplier: null

2019-08-24 09:57:51 - [TEST_STEP][PASSED] - M4_round_wild_multiplier = M4_round_wild_multiplier: null

2019-08-24 09:57:51 - [TEST_STEP][PASSED] - M4_round_wild_config = wild_config: null

2019-08-24 09:57:51 - [TEST_STEP][PASSED] - M4_round_wild_config = M4_round_wild_config: null

2019-08-24 09:57:51 - [TEST_STEP][PASSED] - M4_round_wild_config_index = index: null

2019-08-24 09:57:51 - [TEST_STEP][PASSED] - M4_round_free_spin_left = free_spins_lef: null

2019-08-24 09:57:51 - [TEST_STEP][PASSED] - M4_round_free_spin_left = M4_round_free_spin_left: null

2019-08-24 09:57:51 - [TEST_STEP][PASSED] - M4_round_original_reels = original_reels: null

2019-08-24 09:57:51 - [TEST_STEP][PASSED] - M4_round_original_reels = M4_round_original_reels: null

2019-08-24 09:57:51 - [TEST_STEP][PASSED] - M4_round_swapped_reels = swapped_reels: null

2019-08-24 09:57:51 - [TEST_STEP][PASSED] - M4_round_swapped_reels = M4_round_swapped_reels: null

2019-08-24 09:57:51 - [TEST_STEP][PASSED] - M4_round_free_spins_added = free_spins_added: null

2019-08-24 09:57:51 - [TEST_STEP][PASSED] - M4_round_spin_result_list = spin_results[0]: null

2019-08-24 09:57:51 - [TEST_STEP][PASSED] - M4_round_spin_result_list = M4_round_spin_result_list: null

2019-08-24 09:57:51 - [TEST_STEP][PASSED] - M4_round_feature_state = feature_state: null

2019-08-24 09:57:51 - [TEST_STEP][PASSED] - M4_round_feature_state = M4_round_feature_state: null

2019-08-24 09:57:51 - [TEST_STEP][PASSED] - M4_round_feature_state_all = feature_state: null

2019-08-24 09:57:51 - [TEST_STEP][PASSED] - M4_round_feature_state_all = M4_round_feature_state_all: null

2019-08-24 09:57:51 - [TEST_STEP][PASSED] - M4_round_features_type = type: null

2019-08-24 09:57:51 - [TEST_STEP][PASSED] - M4_round_features_type = M4_round_features_type: null

2019-08-24 09:57:51 - [TEST_STEP][PASSED] - M4_round_scatter_win = scatter_win: null

2019-08-24 09:57:51 - [TEST_STEP][PASSED] - M4_round_scatter_win = M4_round_scatter_win: null

2019-08-24 09:57:51 - [TEST_STEP][PASSED] - M4_round_spin_result1 = spin_results[1]: null

2019-08-24 09:57:51 - [TEST_STEP][PASSED] - M4_round_spin_result1 = M4_round_spin_result1: null

2019-08-24 09:57:51 - [MESSAGE][PASSED] - Verify response successfully

2019-08-24 09:57:51 - [MESSAGE][PASSED] - Send request and verify the response successfully

2019-08-24 09:57:51 - [TEST_STEP][PASSED] - M4_round_object_key = M4_round_object.keySet(): null

2019-08-24 09:57:51 - [TEST_STEP][PASSED] - M4_round_spin_result_key = M4_round_spin_result_list.keySet(): null

2019-08-24 09:57:51 - [TEST_STEP][PASSED] - M4_round_reel_key = M4_round_reels1.keySet(): null

2019-08-24 09:57:51 - [TEST_STEP][PASSED] - M4_round_feature_state_key = M4_round_feature_state.keySet(): null

2019-08-24 09:57:51 - [TEST_STEP][PASSED] - M4_round_reels_symbols_key_1 = M4_round_reels0_symbols1.keySet(): null

2019-08-24 09:57:51 - [TEST_STEP][PASSED] - M4_round_reels_symbols_key_2 = M4_round_reels0_symbols2.keySet(): null

2019-08-24 09:57:51 - [TEST_STEP][PASSED] - M4_round_reels_symbols_key_3 = M4_round_reels0_symbols3.keySet(): null

2019-08-24 09:57:51 - [TEST_STEP][PASSED] - M4_round_object_key_list = new java.util.ArrayList(M4_round_object_key): null

2019-08-24 09:57:51 - [TEST_STEP][PASSED] - M4_round_spin_result_key_list = new java.util.ArrayList(M4_round_spin_result_key): null

2019-08-24 09:57:51 - [TEST_STEP][PASSED] - M4_round_reel_key_list = new java.util.ArrayList(M4_round_reel_key): null

2019-08-24 09:57:51 - [TEST_STEP][PASSED] - M4_round_feature_state_key_list = new java.util.ArrayList(M4_round_feature_state_key): null

2019-08-24 09:57:51 - [TEST_STEP][PASSED] - M4_round_reels_symbols_key1 = new java.util.ArrayList(M4_round_reels_symbols_key_1): null

2019-08-24 09:57:51 - [TEST_STEP][PASSED] - M4_round_reels_symbols_key2 = new java.util.ArrayList(M4_round_reels_symbols_key_2): null

2019-08-24 09:57:51 - [TEST_STEP][PASSED] - M4_round_reels_symbols_key3 = new java.util.ArrayList(M4_round_reels_symbols_key_3): null

2019-08-24 09:57:51 - [TEST_STEP][PASSED] - M4_round_spin_result_list = M4_round_spin_result_list: null

2019-08-24 09:57:51 - [TEST_STEP][PASSED] - features_trigger = features_triggered: null

2019-08-24 09:57:51 - [TEST_STEP][PASSED] - feature_state_key = "": null

2019-08-24 09:57:51 - [TEST_STEP][PASSED] - features_triggered = "": null

2019-08-24 09:57:51 - [TEST_STEP][PASSED] - for ([i = 0, i &lt; features_trigger.size(), (i++)]): null

2019-08-24 09:57:51 - [TEST_STEP][PASSED] - feature_type = type: null

2019-08-24 09:57:51 - [TEST_STEP][PASSED] - if (feature_type == "FREE_SPIN"): null

2019-08-24 09:57:51 - [TEST_STEP][PASSED] - feature_type = type: null

2019-08-24 09:57:51 - [TEST_STEP][PASSED] - if (feature_type == "FREE_SPIN"): null

2019-08-24 09:57:51 - [TEST_STEP][PASSED] - feature_type = type: null

2019-08-24 09:57:51 - [TEST_STEP][PASSED] - if (feature_type == "FREE_SPIN"): null

2019-08-24 09:57:51 - [TEST_STEP][PASSED] - println("feature_type is:" + feature_type): null

2019-08-24 09:57:51 - [TEST_STEP][PASSED] - feature_state = feature_state: null

2019-08-24 09:57:51 - [TEST_STEP][PASSED] - feature_state_key = feature_state.keySet(): null

2019-08-24 09:57:51 - [TEST_STEP][PASSED] - features_triggered = features_trigger[i].keySet(): null

2019-08-24 09:57:51 - [TEST_STEP][PASSED] - features_triggered_list = new java.util.ArrayList(features_triggered): null

2019-08-24 09:57:51 - [TEST_STEP][PASSED] - feature_state_list = new java.util.ArrayList(feature_state_key): null

2019-08-24 09:57:51 - [TEST_STEP][PASSED] - println("M4_round_object_key_list is:" + M4_round_object_key_list): null

2019-08-24 09:57:51 - [TEST_STEP][PASSED] - println("M4_round_spin_result_key_list is: " + M4_round_spin_result_key_list): null

2019-08-24 09:57:51 - [TEST_STEP][PASSED] - println("features_triggered_list is: " + features_triggered_list): null

2019-08-24 09:57:51 - [TEST_STEP][PASSED] - println("M4_round_reel_key_list is: " + M4_round_reel_key_list): null

2019-08-24 09:57:51 - [TEST_STEP][PASSED] - println("M4_round_feature_state_key_list is: " + M4_round_feature_state_key_list): null

2019-08-24 09:57:51 - [TEST_STEP][PASSED] - println("M4_round_reels_symbols_key_1 is: " + M4_round_reels_symbols_key_1): null

2019-08-24 09:57:51 - [TEST_STEP][PASSED] - println("M4_round_reels_symbols_key_2 is: " + M4_round_reels_symbols_key_2): null

2019-08-24 09:57:51 - [TEST_STEP][PASSED] - println("M4_round_reels_symbols_key_3 is: " + M4_round_reels_symbols_key_3): null

2019-08-24 09:57:51 - [TEST_STEP][PASSED] - println("NG_top_level is: " + NG_top_level): null

2019-08-24 09:57:51 - [TEST_STEP][PASSED] - println("NG_spin_result is:" + NG_spin_result): null

2019-08-24 09:57:51 - [TEST_STEP][PASSED] - println("NG_feature_trigger is:" + NG_feature_trigger): null

2019-08-24 09:57:51 - [TEST_STEP][PASSED] - println("NG_reel is: " + NG_reel): null

2019-08-24 09:57:51 - [TEST_STEP][PASSED] - println("NG_feature_state is: " + NG_feature_state): null

2019-08-24 09:57:51 - [TEST_STEP][PASSED] - println("NG_reel_symbol1 is: " + NG_reel_symbol1): null

2019-08-24 09:57:51 - [TEST_STEP][PASSED] - println("NG_reel_symbol2 is: " + NG_reel_symbol2): null

2019-08-24 09:57:51 - [TEST_STEP][PASSED] - println("NG_reel_symbol3 is: " + NG_reel_symbol3): null

2019-08-24 09:57:51 - [TEST_STEP][PASSED] - println("feature_state_list is: " + feature_state_list): null

2019-08-24 09:57:51 - [TEST_STEP][PASSED] - assert NG_top_level.equals(M4_round_object_key_list): null

2019-08-24 09:57:51 - [TEST_STEP][PASSED] - assert NG_spin_result.equals(M4_round_spin_result_key_list): null

2019-08-24 09:57:51 - [TEST_STEP][PASSED] - assert NG_feature_trigger.equals(features_triggered_list): null

2019-08-24 09:57:51 - [TEST_STEP][PASSED] - assert NG_reel.equals(M4_round_reel_key_list): null

2019-08-24 09:57:51 - [TEST_STEP][PASSED] - assert NG_feature_state.equals(feature_state_list): null

2019-08-24 09:57:51 - [TEST_STEP][PASSED] - assert NG_reel_symbol1.equals(M4_round_reels_symbols_key1): null

2019-08-24 09:57:51 - [TEST_STEP][PASSED] - assert NG_reel_symbol2.equals(M4_round_reels_symbols_key2): null

2019-08-24 09:57:51 - [TEST_STEP][PASSED] - assert NG_reel_symbol3.equals(M4_round_reels_symbols_key3): null

2019-08-24 09:57:51 - [TEST_STEP][FAILED] - callTestCase(findTestCase("INT_env/compare_values/1_freeSpin_verify_value"), ["Partner":Partner, "Userid":Userid, "Game_code":Game_code, "url_krug_gw":url_krug_gw, "secret_key":secret_key, "M4_recorder":M4_recorder]): Unable to call Test Case 'Test Cases/INT_env/compare_values/1_freeSpin_verify_value' (Root cause: com.kms.katalon.core.exception.StepFailedException: Call Test Case 'Test Cases/INT_env/compare_values/1_freeSpin_verify_value' failed
	at com.kms.katalon.core.keyword.builtin.CallTestCaseKeyword$_callTestCase_closure1.doCall(CallTestCaseKeyword.groovy:63)
	at com.kms.katalon.core.keyword.builtin.CallTestCaseKeyword$_callTestCase_closure1.call(CallTestCaseKeyword.groovy)
	at com.kms.katalon.core.keyword.internal.KeywordMain.runKeyword(KeywordMain.groovy:68)
	at com.kms.katalon.core.keyword.builtin.CallTestCaseKeyword.callTestCase(CallTestCaseKeyword.groovy:81)
	at com.kms.katalon.core.keyword.builtin.CallTestCaseKeyword.execute(CallTestCaseKeyword.groovy:44)
	at com.kms.katalon.core.keyword.internal.KeywordExecutor.executeKeywordForPlatform(KeywordExecutor.groovy:56)
	at com.kms.katalon.core.keyword.BuiltinKeywords.callTestCase(BuiltinKeywords.groovy:350)
	at 1_Free_Spin_CALL.run(1_Free_Spin_CALL:210)
	at com.kms.katalon.core.main.ScriptEngine.run(ScriptEngine.java:194)
	at com.kms.katalon.core.main.ScriptEngine.runScriptAsRawText(ScriptEngine.java:119)
	at com.kms.katalon.core.main.TestCaseExecutor.runScript(TestCaseExecutor.java:337)
	at com.kms.katalon.core.main.TestCaseExecutor.doExecute(TestCaseExecutor.java:328)
	at com.kms.katalon.core.main.TestCaseExecutor.processExecutionPhase(TestCaseExecutor.java:307)
	at com.kms.katalon.core.main.TestCaseExecutor.accessMainPhase(TestCaseExecutor.java:299)
	at com.kms.katalon.core.main.TestCaseExecutor.execute(TestCaseExecutor.java:233)
	at com.kms.katalon.core.main.TestSuiteExecutor.accessTestCaseMainPhase(TestSuiteExecutor.java:150)
	at com.kms.katalon.core.main.TestSuiteExecutor.accessTestSuiteMainPhase(TestSuiteExecutor.java:123)
	at com.kms.katalon.core.main.TestSuiteExecutor.execute(TestSuiteExecutor.java:87)
	at com.kms.katalon.core.main.TestCaseMain.startTestSuite(TestCaseMain.java:157)
	at com.kms.katalon.core.main.TestCaseMain$startTestSuite$0.call(Unknown Source)
	at TempTestSuite1566611817802.run(TempTestSuite1566611817802.groovy:35)
Caused by: com.kms.katalon.core.exception.StepFailedException: Unable to send request and verify the response (Root cause: java.net.UnknownHostException: ${partner}-rgs-history.3655oule.com
	at com.kms.katalon.core.webservice.common.RestfulClient.response(RestfulClient.java:192)
	at com.kms.katalon.core.webservice.common.RestfulClient.sendRequest(RestfulClient.java:97)
	at com.kms.katalon.core.webservice.common.RestfulClient.send(RestfulClient.java:59)
	at com.kms.katalon.core.webservice.keyword.builtin.SendRequestAndVerifyKeyword$_sendRequestAndVerify_closure1.doCall(SendRequestAndVerifyKeyword.groovy:47)
	at com.kms.katalon.core.webservice.keyword.builtin.SendRequestAndVerifyKeyword$_sendRequestAndVerify_closure1.call(SendRequestAndVerifyKeyword.groovy)
	at com.kms.katalon.core.keyword.internal.KeywordMain.runKeyword(KeywordMain.groovy:68)
	at com.kms.katalon.core.webservice.keyword.builtin.SendRequestAndVerifyKeyword.sendRequestAndVerify(SendRequestAndVerifyKeyword.groovy:43)
	at com.kms.katalon.core.webservice.keyword.builtin.SendRequestAndVerifyKeyword.execute(SendRequestAndVerifyKeyword.groovy:38)
	at com.kms.katalon.core.keyword.internal.KeywordExecutor.executeKeywordForPlatform(KeywordExecutor.groovy:56)
	at com.kms.katalon.core.webservice.keyword.WSBuiltInKeywords.sendRequestAndVerify(WSBuiltInKeywords.groovy:65)
	at com.kms.katalon.core.webservice.keyword.WSBuiltInKeywords$sendRequestAndVerify.call(Unknown Source)
	at 1_freeSpin_verify_value.run(1_freeSpin_verify_value:210)
	at com.kms.katalon.core.main.ScriptEngine.run(ScriptEngine.java:194)
	at com.kms.katalon.core.main.ScriptEngine.runScriptAsRawText(ScriptEngine.java:119)
	at com.kms.katalon.core.main.TestCaseExecutor.runScript(TestCaseExecutor.java:337)
	at com.kms.katalon.core.main.TestCaseExecutor.doExecute(TestCaseExecutor.java:328)
	at com.kms.katalon.core.main.TestCaseExecutor.processExecutionPhase(TestCaseExecutor.java:307)
	at com.kms.katalon.core.main.TestCaseExecutor.accessMainPhase(TestCaseExecutor.java:299)
	at com.kms.katalon.core.main.TestCaseExecutor.execute(TestCaseExecutor.java:233)
	at com.kms.katalon.core.main.TestCaseMain.runTestCase(TestCaseMain.java:114)
	at com.kms.katalon.core.keyword.builtin.CallTestCaseKeyword$_callTestCase_closure1.doCall(CallTestCaseKeyword.groovy:59)
	at com.kms.katalon.core.keyword.builtin.CallTestCaseKeyword$_callTestCase_closure1.call(CallTestCaseKeyword.groovy)
	at com.kms.katalon.core.keyword.internal.KeywordMain.runKeyword(KeywordMain.groovy:68)
	at com.kms.katalon.core.keyword.builtin.CallTestCaseKeyword.callTestCase(CallTestCaseKeyword.groovy:81)
	at com.kms.katalon.core.keyword.builtin.CallTestCaseKeyword.execute(CallTestCaseKeyword.groovy:44)
	at com.kms.katalon.core.keyword.internal.KeywordExecutor.executeKeywordForPlatform(KeywordExecutor.groovy:56)
	at com.kms.katalon.core.keyword.BuiltinKeywords.callTestCase(BuiltinKeywords.groovy:350)
	at 1_Free_Spin_CALL.run(1_Free_Spin_CALL:210)
	at com.kms.katalon.core.main.ScriptEngine.run(ScriptEngine.java:194)
	at com.kms.katalon.core.main.ScriptEngine.runScriptAsRawText(ScriptEngine.java:119)
	at com.kms.katalon.core.main.TestCaseExecutor.runScript(TestCaseExecutor.java:337)
	at com.kms.katalon.core.main.TestCaseExecutor.doExecute(TestCaseExecutor.java:328)
	at com.kms.katalon.core.main.TestCaseExecutor.processExecutionPhase(TestCaseExecutor.java:307)
	at com.kms.katalon.core.main.TestCaseExecutor.accessMainPhase(TestCaseExecutor.java:299)
	at com.kms.katalon.core.main.TestCaseExecutor.execute(TestCaseExecutor.java:233)
	at com.kms.katalon.core.main.TestSuiteExecutor.accessTestCaseMainPhase(TestSuiteExecutor.java:150)
	at com.kms.katalon.core.main.TestSuiteExecutor.accessTestSuiteMainPhase(TestSuiteExecutor.java:123)
	at com.kms.katalon.core.main.TestSuiteExecutor.execute(TestSuiteExecutor.java:87)
	at com.kms.katalon.core.main.TestCaseMain.startTestSuite(TestCaseMain.java:157)
	at com.kms.katalon.core.main.TestCaseMain$startTestSuite$0.call(Unknown Source)
	at TempTestSuite1566611817802.run(TempTestSuite1566611817802.groovy:35)
)
	at com.kms.katalon.core.keyword.internal.KeywordMain.stepFailed(KeywordMain.groovy:50)
	at com.kms.katalon.core.keyword.internal.KeywordMain.stepFailed(KeywordMain.groovy)
	at com.kms.katalon.core.keyword.internal.KeywordMain.runKeyword(KeywordMain.groovy:70)
	at com.kms.katalon.core.webservice.keyword.builtin.SendRequestAndVerifyKeyword.sendRequestAndVerify(SendRequestAndVerifyKeyword.groovy:43)
	at com.kms.katalon.core.webservice.keyword.builtin.SendRequestAndVerifyKeyword.execute(SendRequestAndVerifyKeyword.groovy:38)
	at com.kms.katalon.core.keyword.internal.KeywordExecutor.executeKeywordForPlatform(KeywordExecutor.groovy:56)
	at com.kms.katalon.core.webservice.keyword.WSBuiltInKeywords.sendRequestAndVerify(WSBuiltInKeywords.groovy:65)
	at com.kms.katalon.core.webservice.keyword.WSBuiltInKeywords$sendRequestAndVerify.call(Unknown Source)
	at 1_freeSpin_verify_value.run(1_freeSpin_verify_value:210)
	at com.kms.katalon.core.main.ScriptEngine.run(ScriptEngine.java:194)
	at com.kms.katalon.core.main.ScriptEngine.runScriptAsRawText(ScriptEngine.java:119)
	at com.kms.katalon.core.main.TestCaseExecutor.runScript(TestCaseExecutor.java:337)
	at com.kms.katalon.core.main.TestCaseExecutor.doExecute(TestCaseExecutor.java:328)
	at com.kms.katalon.core.main.TestCaseExecutor.processExecutionPhase(TestCaseExecutor.java:307)
	at com.kms.katalon.core.main.TestCaseExecutor.accessMainPhase(TestCaseExecutor.java:299)
	at com.kms.katalon.core.main.TestCaseExecutor.execute(TestCaseExecutor.java:233)
	at com.kms.katalon.core.main.TestCaseMain.runTestCase(TestCaseMain.java:114)
	at com.kms.katalon.core.keyword.builtin.CallTestCaseKeyword$_callTestCase_closure1.doCall(CallTestCaseKeyword.groovy:59)
	... 20 more
Caused by: java.net.UnknownHostException: ${partner}-rgs-history.3655oule.com
	at com.kms.katalon.core.webservice.common.RestfulClient.response(RestfulClient.java:192)
	at com.kms.katalon.core.webservice.common.RestfulClient.sendRequest(RestfulClient.java:97)
	at com.kms.katalon.core.webservice.common.RestfulClient.send(RestfulClient.java:59)
	at com.kms.katalon.core.webservice.keyword.builtin.SendRequestAndVerifyKeyword$_sendRequestAndVerify_closure1.doCall(SendRequestAndVerifyKeyword.groovy:47)
	at com.kms.katalon.core.webservice.keyword.builtin.SendRequestAndVerifyKeyword$_sendRequestAndVerify_closure1.call(SendRequestAndVerifyKeyword.groovy)
	at com.kms.katalon.core.keyword.internal.KeywordMain.runKeyword(KeywordMain.groovy:68)
	... 35 more
)

2019-08-24 09:57:51 - [TEST_CASE][FAILED] - Test Cases/INT_env/compare_values/1_freeSpin_verify_value: Test Cases/INT_env/compare_values/1_freeSpin_verify_value FAILED.
Reason:
com.kms.katalon.core.exception.StepFailedException: Unable to send request and verify the response (Root cause: java.net.UnknownHostException: ${partner}-rgs-history.3655oule.com
	at com.kms.katalon.core.webservice.common.RestfulClient.response(RestfulClient.java:192)
	at com.kms.katalon.core.webservice.common.RestfulClient.sendRequest(RestfulClient.java:97)
	at com.kms.katalon.core.webservice.common.RestfulClient.send(RestfulClient.java:59)
	at com.kms.katalon.core.webservice.keyword.builtin.SendRequestAndVerifyKeyword$_sendRequestAndVerify_closure1.doCall(SendRequestAndVerifyKeyword.groovy:47)
	at com.kms.katalon.core.webservice.keyword.builtin.SendRequestAndVerifyKeyword$_sendRequestAndVerify_closure1.call(SendRequestAndVerifyKeyword.groovy)
	at com.kms.katalon.core.keyword.internal.KeywordMain.runKeyword(KeywordMain.groovy:68)
	at com.kms.katalon.core.webservice.keyword.builtin.SendRequestAndVerifyKeyword.sendRequestAndVerify(SendRequestAndVerifyKeyword.groovy:43)
	at com.kms.katalon.core.webservice.keyword.builtin.SendRequestAndVerifyKeyword.execute(SendRequestAndVerifyKeyword.groovy:38)
	at com.kms.katalon.core.keyword.internal.KeywordExecutor.executeKeywordForPlatform(KeywordExecutor.groovy:56)
	at com.kms.katalon.core.webservice.keyword.WSBuiltInKeywords.sendRequestAndVerify(WSBuiltInKeywords.groovy:65)
	at com.kms.katalon.core.webservice.keyword.WSBuiltInKeywords$sendRequestAndVerify.call(Unknown Source)
	at 1_freeSpin_verify_value.run(1_freeSpin_verify_value:210)
	at com.kms.katalon.core.main.ScriptEngine.run(ScriptEngine.java:194)
	at com.kms.katalon.core.main.ScriptEngine.runScriptAsRawText(ScriptEngine.java:119)
	at com.kms.katalon.core.main.TestCaseExecutor.runScript(TestCaseExecutor.java:337)
	at com.kms.katalon.core.main.TestCaseExecutor.doExecute(TestCaseExecutor.java:328)
	at com.kms.katalon.core.main.TestCaseExecutor.processExecutionPhase(TestCaseExecutor.java:307)
	at com.kms.katalon.core.main.TestCaseExecutor.accessMainPhase(TestCaseExecutor.java:299)
	at com.kms.katalon.core.main.TestCaseExecutor.execute(TestCaseExecutor.java:233)
	at com.kms.katalon.core.main.TestCaseMain.runTestCase(TestCaseMain.java:114)
	at com.kms.katalon.core.keyword.builtin.CallTestCaseKeyword$_callTestCase_closure1.doCall(CallTestCaseKeyword.groovy:59)
	at com.kms.katalon.core.keyword.builtin.CallTestCaseKeyword$_callTestCase_closure1.call(CallTestCaseKeyword.groovy)
	at com.kms.katalon.core.keyword.internal.KeywordMain.runKeyword(KeywordMain.groovy:68)
	at com.kms.katalon.core.keyword.builtin.CallTestCaseKeyword.callTestCase(CallTestCaseKeyword.groovy:81)
	at com.kms.katalon.core.keyword.builtin.CallTestCaseKeyword.execute(CallTestCaseKeyword.groovy:44)
	at com.kms.katalon.core.keyword.internal.KeywordExecutor.executeKeywordForPlatform(KeywordExecutor.groovy:56)
	at com.kms.katalon.core.keyword.BuiltinKeywords.callTestCase(BuiltinKeywords.groovy:350)
	at 1_Free_Spin_CALL.run(1_Free_Spin_CALL:210)
	at com.kms.katalon.core.main.ScriptEngine.run(ScriptEngine.java:194)
	at com.kms.katalon.core.main.ScriptEngine.runScriptAsRawText(ScriptEngine.java:119)
	at com.kms.katalon.core.main.TestCaseExecutor.runScript(TestCaseExecutor.java:337)
	at com.kms.katalon.core.main.TestCaseExecutor.doExecute(TestCaseExecutor.java:328)
	at com.kms.katalon.core.main.TestCaseExecutor.processExecutionPhase(TestCaseExecutor.java:307)
	at com.kms.katalon.core.main.TestCaseExecutor.accessMainPhase(TestCaseExecutor.java:299)
	at com.kms.katalon.core.main.TestCaseExecutor.execute(TestCaseExecutor.java:233)
	at com.kms.katalon.core.main.TestSuiteExecutor.accessTestCaseMainPhase(TestSuiteExecutor.java:150)
	at com.kms.katalon.core.main.TestSuiteExecutor.accessTestSuiteMainPhase(TestSuiteExecutor.java:123)
	at com.kms.katalon.core.main.TestSuiteExecutor.execute(TestSuiteExecutor.java:87)
	at com.kms.katalon.core.main.TestCaseMain.startTestSuite(TestCaseMain.java:157)
	at com.kms.katalon.core.main.TestCaseMain$startTestSuite$0.call(Unknown Source)
	at TempTestSuite1566611817802.run(TempTestSuite1566611817802.groovy:35)
)
	at com.kms.katalon.core.keyword.internal.KeywordMain.stepFailed(KeywordMain.groovy:50)
	at com.kms.katalon.core.keyword.internal.KeywordMain.stepFailed(KeywordMain.groovy)
	at com.kms.katalon.core.keyword.internal.KeywordMain.runKeyword(KeywordMain.groovy:70)
	at com.kms.katalon.core.webservice.keyword.builtin.SendRequestAndVerifyKeyword.sendRequestAndVerify(SendRequestAndVerifyKeyword.groovy:43)
	at com.kms.katalon.core.webservice.keyword.builtin.SendRequestAndVerifyKeyword.execute(SendRequestAndVerifyKeyword.groovy:38)
	at com.kms.katalon.core.keyword.internal.KeywordExecutor.executeKeywordForPlatform(KeywordExecutor.groovy:56)
	at com.kms.katalon.core.webservice.keyword.WSBuiltInKeywords.sendRequestAndVerify(WSBuiltInKeywords.groovy:65)
	at com.kms.katalon.core.webservice.keyword.WSBuiltInKeywords$sendRequestAndVerify.call(Unknown Source)
	at 1_freeSpin_verify_value.run(1_freeSpin_verify_value:210)
	at com.kms.katalon.core.main.ScriptEngine.run(ScriptEngine.java:194)
	at com.kms.katalon.core.main.ScriptEngine.runScriptAsRawText(ScriptEngine.java:119)
	at com.kms.katalon.core.main.TestCaseExecutor.runScript(TestCaseExecutor.java:337)
	at com.kms.katalon.core.main.TestCaseExecutor.doExecute(TestCaseExecutor.java:328)
	at com.kms.katalon.core.main.TestCaseExecutor.processExecutionPhase(TestCaseExecutor.java:307)
	at com.kms.katalon.core.main.TestCaseExecutor.accessMainPhase(TestCaseExecutor.java:299)
	at com.kms.katalon.core.main.TestCaseExecutor.execute(TestCaseExecutor.java:233)
	at com.kms.katalon.core.main.TestCaseMain.runTestCase(TestCaseMain.java:114)
	at com.kms.katalon.core.keyword.builtin.CallTestCaseKeyword$_callTestCase_closure1.doCall(CallTestCaseKeyword.groovy:59)
	at com.kms.katalon.core.keyword.builtin.CallTestCaseKeyword$_callTestCase_closure1.call(CallTestCaseKeyword.groovy)
	at com.kms.katalon.core.keyword.internal.KeywordMain.runKeyword(KeywordMain.groovy:68)
	at com.kms.katalon.core.keyword.builtin.CallTestCaseKeyword.callTestCase(CallTestCaseKeyword.groovy:81)
	at com.kms.katalon.core.keyword.builtin.CallTestCaseKeyword.execute(CallTestCaseKeyword.groovy:44)
	at com.kms.katalon.core.keyword.internal.KeywordExecutor.executeKeywordForPlatform(KeywordExecutor.groovy:56)
	at com.kms.katalon.core.keyword.BuiltinKeywords.callTestCase(BuiltinKeywords.groovy:350)
	at 1_Free_Spin_CALL.run(1_Free_Spin_CALL:210)
	at com.kms.katalon.core.main.ScriptEngine.run(ScriptEngine.java:194)
	at com.kms.katalon.core.main.ScriptEngine.runScriptAsRawText(ScriptEngine.java:119)
	at com.kms.katalon.core.main.TestCaseExecutor.runScript(TestCaseExecutor.java:337)
	at com.kms.katalon.core.main.TestCaseExecutor.doExecute(TestCaseExecutor.java:328)
	at com.kms.katalon.core.main.TestCaseExecutor.processExecutionPhase(TestCaseExecutor.java:307)
	at com.kms.katalon.core.main.TestCaseExecutor.accessMainPhase(TestCaseExecutor.java:299)
	at com.kms.katalon.core.main.TestCaseExecutor.execute(TestCaseExecutor.java:233)
	at com.kms.katalon.core.main.TestSuiteExecutor.accessTestCaseMainPhase(TestSuiteExecutor.java:150)
	at com.kms.katalon.core.main.TestSuiteExecutor.accessTestSuiteMainPhase(TestSuiteExecutor.java:123)
	at com.kms.katalon.core.main.TestSuiteExecutor.execute(TestSuiteExecutor.java:87)
	at com.kms.katalon.core.main.TestCaseMain.startTestSuite(TestCaseMain.java:157)
	at com.kms.katalon.core.main.TestCaseMain$startTestSuite$0.call(Unknown Source)
	at TempTestSuite1566611817802.run(TempTestSuite1566611817802.groovy:35)
Caused by: java.net.UnknownHostException: ${partner}-rgs-history.3655oule.com
	at com.kms.katalon.core.webservice.common.RestfulClient.response(RestfulClient.java:192)
	at com.kms.katalon.core.webservice.common.RestfulClient.sendRequest(RestfulClient.java:97)
	at com.kms.katalon.core.webservice.common.RestfulClient.send(RestfulClient.java:59)
	at com.kms.katalon.core.webservice.keyword.builtin.SendRequestAndVerifyKeyword$_sendRequestAndVerify_closure1.doCall(SendRequestAndVerifyKeyword.groovy:47)
	at com.kms.katalon.core.webservice.keyword.builtin.SendRequestAndVerifyKeyword$_sendRequestAndVerify_closure1.call(SendRequestAndVerifyKeyword.groovy)
	at com.kms.katalon.core.keyword.internal.KeywordMain.runKeyword(KeywordMain.groovy:68)
	... 35 more


2019-08-24 09:57:51 - [TEST_STEP][PASSED] - excelTestFile02 = "/Users/eiralee/Katalon_Script/SuperWild/Reports/TestFile02.xls": null

2019-08-24 09:57:51 - [TEST_STEP][PASSED] - createExcelFile(excelTestFile02): Deleted the existing file

2019-08-24 09:57:51 - [MESSAGE][INFO] - Deleted the existing file

2019-08-24 09:57:52 - [TEST_STEP][PASSED] - testfile = new java.io.File(excelTestFile02): null

2019-08-24 09:57:52 - [TEST_STEP][PASSED] - assert testfile.exists() == true: null

2019-08-24 09:57:52 - [TEST_STEP][PASSED] - workbook01 = getWorkbook(excelTestFile02): null

2019-08-24 09:57:52 - [TEST_STEP][PASSED] - createExcelSheets(workbook01, ["NuRGS", "M4_historyOrOthersAPI"]): null

2019-08-24 09:57:52 - [TEST_STEP][PASSED] - saveWorkbook(excelTestFile02, workbook01): null

2019-08-24 09:57:52 - [TEST_STEP][PASSED] - SheetCreated01 = ["Sheet0", "NuRGS", "M4_historyOrOthersAPI"]: null

2019-08-24 09:57:52 - [TEST_STEP][PASSED] - workbook01 = getWorkbook(excelTestFile02): null

2019-08-24 09:57:52 - [TEST_STEP][PASSED] - assert SheetCreated01 == getSheetNames(workbook01): null

2019-08-24 09:57:52 - [TEST_STEP][PASSED] - NuRGS = getExcelSheet(workbook01, "NuRGS"): null

2019-08-24 09:57:52 - [TEST_STEP][PASSED] - content = new java.util.HashMap(): null

2019-08-24 09:57:52 - [TEST_STEP][PASSED] - content.putAt("A2", "currency"): null

2019-08-24 09:57:52 - [TEST_STEP][PASSED] - content.putAt("A3", "round_id"): null

2019-08-24 09:57:52 - [TEST_STEP][PASSED] - content.putAt("A4", "balance"): null

2019-08-24 09:57:52 - [TEST_STEP][PASSED] - content.putAt("A5", "bet_value"): null

2019-08-24 09:57:52 - [TEST_STEP][PASSED] - content.putAt("A6", "total_bet"): null

2019-08-24 09:57:52 - [TEST_STEP][PASSED] - content.putAt("A7", "total_win"): null

2019-08-24 09:57:52 - [TEST_STEP][PASSED] - content.putAt("A8", "transaction_id"): null

2019-08-24 09:57:52 - [TEST_STEP][PASSED] - content.putAt("A9", "transaction_type"): null

2019-08-24 09:57:52 - [TEST_STEP][PASSED] - content.putAt("A10", "reels0_01_symbols"): null

2019-08-24 09:57:52 - [TEST_STEP][PASSED] - content.putAt("A11", "reels0_02_symbols"): null

2019-08-24 09:57:52 - [TEST_STEP][PASSED] - content.putAt("A12", "reels0_03_symbols"): null

2019-08-24 09:57:52 - [TEST_STEP][PASSED] - content.putAt("A13", "reels1_01_symbols"): null

2019-08-24 09:57:52 - [TEST_STEP][PASSED] - content.putAt("A14", "reels1_02_symbols"): null

2019-08-24 09:57:52 - [TEST_STEP][PASSED] - content.putAt("A15", "reels1_03_symbols"): null

2019-08-24 09:57:52 - [TEST_STEP][PASSED] - content.putAt("A16", "reels2_01_symbols"): null

2019-08-24 09:57:52 - [TEST_STEP][PASSED] - content.putAt("A17", "reels2_02_symbols"): null

2019-08-24 09:57:52 - [TEST_STEP][PASSED] - content.putAt("A18", "reels2_03_symbols"): null

2019-08-24 09:57:52 - [TEST_STEP][PASSED] - content.putAt("A19", "reels3_01_symbols"): null

2019-08-24 09:57:52 - [TEST_STEP][PASSED] - content.putAt("A20", "reels3_02_symbols"): null

2019-08-24 09:57:52 - [TEST_STEP][PASSED] - content.putAt("A21", "reels3_03_symbols"): null

2019-08-24 09:57:52 - [TEST_STEP][PASSED] - content.putAt("A22", "reels4_01_symbols"): null

2019-08-24 09:57:52 - [TEST_STEP][PASSED] - content.putAt("A23", "reels4_02_symbols"): null

2019-08-24 09:57:52 - [TEST_STEP][PASSED] - content.putAt("A24", "reels4_03_symbols"): null

2019-08-24 09:57:52 - [TEST_STEP][PASSED] - content.putAt("A25", "F_reels0_01_symbols"): null

2019-08-24 09:57:52 - [TEST_STEP][PASSED] - content.putAt("A26", "F_reels0_02_symbols"): null

2019-08-24 09:57:52 - [TEST_STEP][PASSED] - content.putAt("A27", "F_reels0_03_symbols"): null

2019-08-24 09:57:52 - [TEST_STEP][PASSED] - content.putAt("A28", "F_reels1_01_symbols"): null

2019-08-24 09:57:52 - [TEST_STEP][PASSED] - content.putAt("A29", "F_reels1_02_symbols"): null

2019-08-24 09:57:52 - [TEST_STEP][PASSED] - content.putAt("A30", "F_reels1_03_symbols"): null

2019-08-24 09:57:52 - [TEST_STEP][PASSED] - content.putAt("A31", "F_reels2_01_symbols"): null

2019-08-24 09:57:52 - [TEST_STEP][PASSED] - content.putAt("A32", "F_reels2_02_symbols"): null

2019-08-24 09:57:52 - [TEST_STEP][PASSED] - content.putAt("A33", "F_reels2_03_symbols"): null

2019-08-24 09:57:52 - [TEST_STEP][PASSED] - content.putAt("A34", "F_reels3_01_symbols"): null

2019-08-24 09:57:52 - [TEST_STEP][PASSED] - content.putAt("A35", "F_reels3_02_symbols"): null

2019-08-24 09:57:52 - [TEST_STEP][PASSED] - content.putAt("A36", "F_reels3_03_symbols"): null

2019-08-24 09:57:52 - [TEST_STEP][PASSED] - content.putAt("A37", "F_reels4_01_symbols"): null

2019-08-24 09:57:52 - [TEST_STEP][PASSED] - content.putAt("A38", "F_reels4_02_symbols"): null

2019-08-24 09:57:52 - [TEST_STEP][PASSED] - content.putAt("A39", "F_reels4_03_symbols"): null

2019-08-24 09:57:52 - [TEST_STEP][PASSED] - content.putAt("A40", "free_spins_left"): null

2019-08-24 09:57:52 - [TEST_STEP][PASSED] - content.putAt("A41", "total_free_spin_count"): null

2019-08-24 09:57:52 - [TEST_STEP][PASSED] - content.putAt("A42", "total_free_spin_win_amount"): null

2019-08-24 09:57:52 - [TEST_STEP][PASSED] - setValueToCellByAddresses(NuRGS, content): null

2019-08-24 09:57:52 - [TEST_STEP][PASSED] - saveWorkbook(excelTestFile02, workbook01): null

2019-08-24 09:57:52 - [TEST_STEP][PASSED] - M4_historyOrOthersAPI = getExcelSheet(workbook01, "M4_historyOrOthersAPI"): null

2019-08-24 09:57:52 - [TEST_STEP][PASSED] - content1 = new java.util.HashMap(): null

2019-08-24 09:57:52 - [TEST_STEP][PASSED] - content1.putAt("A2", "currency"): null

2019-08-24 09:57:52 - [TEST_STEP][PASSED] - content1.putAt("A3", "round_id"): null

2019-08-24 09:57:52 - [TEST_STEP][PASSED] - content1.putAt("A4", "balance"): null

2019-08-24 09:57:52 - [TEST_STEP][PASSED] - content1.putAt("A5", "bet_value"): null

2019-08-24 09:57:52 - [TEST_STEP][PASSED] - content1.putAt("A6", "total_bet"): null

2019-08-24 09:57:52 - [TEST_STEP][PASSED] - content1.putAt("A7", "total_win"): null

2019-08-24 09:57:52 - [TEST_STEP][PASSED] - content1.putAt("A8", "transaction_id"): null

2019-08-24 09:57:52 - [TEST_STEP][PASSED] - content1.putAt("A9", "transaction_type"): null

2019-08-24 09:57:52 - [TEST_STEP][PASSED] - content1.putAt("A10", "reels0_01_symbols"): null

2019-08-24 09:57:52 - [TEST_STEP][PASSED] - content1.putAt("A11", "reels0_02_symbols"): null

2019-08-24 09:57:52 - [TEST_STEP][PASSED] - content1.putAt("A12", "reels0_03_symbols"): null

2019-08-24 09:57:52 - [TEST_STEP][PASSED] - content1.putAt("A13", "reels1_01_symbols"): null

2019-08-24 09:57:52 - [TEST_STEP][PASSED] - content1.putAt("A14", "reels1_02_symbols"): null

2019-08-24 09:57:52 - [TEST_STEP][PASSED] - content1.putAt("A15", "reels1_03_symbols"): null

2019-08-24 09:57:52 - [TEST_STEP][PASSED] - content1.putAt("A16", "reels2_01_symbols"): null

2019-08-24 09:57:52 - [TEST_STEP][PASSED] - content1.putAt("A17", "reels2_02_symbols"): null

2019-08-24 09:57:52 - [TEST_STEP][PASSED] - content1.putAt("A18", "reels2_03_symbols"): null

2019-08-24 09:57:52 - [TEST_STEP][PASSED] - content1.putAt("A19", "reels3_01_symbols"): null

2019-08-24 09:57:52 - [TEST_STEP][PASSED] - content1.putAt("A20", "reels3_02_symbols"): null

2019-08-24 09:57:52 - [TEST_STEP][PASSED] - content1.putAt("A21", "reels3_03_symbols"): null

2019-08-24 09:57:52 - [TEST_STEP][PASSED] - content1.putAt("A22", "reels4_01_symbols"): null

2019-08-24 09:57:52 - [TEST_STEP][PASSED] - content1.putAt("A23", "reels4_02_symbols"): null

2019-08-24 09:57:52 - [TEST_STEP][PASSED] - content1.putAt("A24", "reels4_03_symbols"): null

2019-08-24 09:57:52 - [TEST_STEP][PASSED] - content1.putAt("A25", "F_reels0_01_symbols"): null

2019-08-24 09:57:52 - [TEST_STEP][PASSED] - content1.putAt("A26", "F_reels0_02_symbols"): null

2019-08-24 09:57:52 - [TEST_STEP][PASSED] - content1.putAt("A27", "F_reels0_03_symbols"): null

2019-08-24 09:57:52 - [TEST_STEP][PASSED] - content1.putAt("A28", "F_reels1_01_symbols"): null

2019-08-24 09:57:52 - [TEST_STEP][PASSED] - content1.putAt("A29", "F_reels1_02_symbols"): null

2019-08-24 09:57:52 - [TEST_STEP][PASSED] - content1.putAt("A30", "F_reels1_03_symbols"): null

2019-08-24 09:57:52 - [TEST_STEP][PASSED] - content1.putAt("A31", "F_reels2_01_symbols"): null

2019-08-24 09:57:52 - [TEST_STEP][PASSED] - content1.putAt("A32", "F_reels2_02_symbols"): null

2019-08-24 09:57:52 - [TEST_STEP][PASSED] - content1.putAt("A33", "F_reels2_03_symbols"): null

2019-08-24 09:57:52 - [TEST_STEP][PASSED] - content1.putAt("A34", "F_reels3_01_symbols"): null

2019-08-24 09:57:52 - [TEST_STEP][PASSED] - content1.putAt("A35", "F_reels3_02_symbols"): null

2019-08-24 09:57:52 - [TEST_STEP][PASSED] - content1.putAt("A36", "F_reels3_03_symbols"): null

2019-08-24 09:57:52 - [TEST_STEP][PASSED] - content1.putAt("A37", "F_reels4_01_symbols"): null

2019-08-24 09:57:52 - [TEST_STEP][PASSED] - content1.putAt("A38", "F_reels4_02_symbols"): null

2019-08-24 09:57:52 - [TEST_STEP][PASSED] - content1.putAt("A39", "F_reels4_03_symbols"): null

2019-08-24 09:57:52 - [TEST_STEP][PASSED] - content1.putAt("A40", "free_spins_left"): null

2019-08-24 09:57:52 - [TEST_STEP][PASSED] - content1.putAt("A41", "total_free_spin_count"): null

2019-08-24 09:57:52 - [TEST_STEP][PASSED] - content1.putAt("A42", "total_free_spin_win_amount"): null

2019-08-24 09:57:52 - [TEST_STEP][PASSED] - setValueToCellByAddresses(M4_historyOrOthersAPI, content1): null

2019-08-24 09:57:52 - [TEST_STEP][PASSED] - saveWorkbook(excelTestFile02, workbook01): null

2019-08-24 09:57:52 - [TEST_STEP][PASSED] - sendRequestAndVerify(findTestObject("INT/Wallet/Get_Session_Token", ["url_krug_gw":url_krug_gw, "partner":Partner, "secret_key":secret_key, "userid":Userid])): Send request and verify the response successfully

2019-08-24 09:57:52 - [MESSAGE][INFO] - HAR: /Users/eiralee/Katalon_Script/SuperWild/Reports/20190824_095647/INT/superWild_1/20190824_095647/requests/main/26.har

2019-08-24 09:57:52 - [TEST_CASE][PASSED] - Start Test Case : Verification: Verification accomplished successfully

2019-08-24 09:57:52 - [TEST_STEP][PASSED] - request = getInstance().getCurrentRequest(): null

2019-08-24 09:57:52 - [TEST_STEP][PASSED] - response = getInstance().getCurrentResponse(): null

2019-08-24 09:57:52 - [TEST_STEP][PASSED] - verifyResponseStatusCode(response, 200): Verify response status code successfully

2019-08-24 09:57:52 - [MESSAGE][PASSED] - Verify response status code successfully

2019-08-24 09:57:52 - [TEST_STEP][PASSED] - getStatusCode()).isEqualTo(200): null

2019-08-24 09:57:52 - [TEST_STEP][PASSED] - getResponseText()).contains("session_token"): null

2019-08-24 09:57:52 - [TEST_STEP][PASSED] - getsession = new groovy.json.JsonSlurper(): null

2019-08-24 09:57:52 - [TEST_STEP][PASSED] - result_getsession = getsession.parseText(response.getResponseBodyContent()): null

2019-08-24 09:57:52 - [TEST_STEP][PASSED] - session_token = session_token: null

2019-08-24 09:57:52 - [TEST_STEP][PASSED] - println("...value extracted is :" + session_token): null

2019-08-24 09:57:52 - [TEST_STEP][PASSED] - session_token = session_token: null

2019-08-24 09:57:52 - [TEST_STEP][PASSED] - println("GlobalVariable is :" + session_token): null

2019-08-24 09:57:52 - [TEST_STEP][PASSED] - internal_balance = internal_balance: null

2019-08-24 09:57:52 - [TEST_STEP][PASSED] - internal_balance = internal_balance: null

2019-08-24 09:57:52 - [MESSAGE][PASSED] - Verify response successfully

2019-08-24 09:57:52 - [MESSAGE][PASSED] - Send request and verify the response successfully

2019-08-24 09:57:52 - [TEST_STEP][PASSED] - M4_login = sendRequestAndVerify(findTestObject("INT/RGS(M4)/M4_Login", ["partner":Partner, "game_code":Game_code, "session_token":session_token])): Send request and verify the response successfully

2019-08-24 09:57:53 - [MESSAGE][INFO] - HAR: /Users/eiralee/Katalon_Script/SuperWild/Reports/20190824_095647/INT/superWild_1/20190824_095647/requests/main/27.har

2019-08-24 09:57:53 - [TEST_CASE][PASSED] - Start Test Case : Verification: Verification accomplished successfully

2019-08-24 09:57:53 - [TEST_STEP][PASSED] - request = getInstance().getCurrentRequest(): null

2019-08-24 09:57:53 - [TEST_STEP][PASSED] - response = getInstance().getCurrentResponse(): null

2019-08-24 09:57:53 - [TEST_STEP][PASSED] - verifyResponseStatusCode(response, 200): Verify response status code successfully

2019-08-24 09:57:53 - [MESSAGE][PASSED] - Verify response status code successfully

2019-08-24 09:57:53 - [TEST_STEP][PASSED] - getStatusCode()).isEqualTo(200): null

2019-08-24 09:57:53 - [TEST_STEP][PASSED] - newline = System.getProperty("line.separator"): null

2019-08-24 09:57:53 - [TEST_STEP][PASSED] - M4_login = new groovy.json.JsonSlurper(): null

2019-08-24 09:57:53 - [TEST_STEP][PASSED] - result_M4_login = M4_login.parseText(response.getResponseBodyContent()): null

2019-08-24 09:57:53 - [TEST_STEP][PASSED] - M4_login_user_id = user_id: null

2019-08-24 09:57:53 - [TEST_STEP][PASSED] - println("playerid is: " + M4_login_user_id): null

2019-08-24 09:57:53 - [TEST_STEP][PASSED] - M4_login_user_id = M4_login_user_id: null

2019-08-24 09:57:53 - [MESSAGE][PASSED] - Verify response successfully

2019-08-24 09:57:53 - [MESSAGE][PASSED] - Send request and verify the response successfully

2019-08-24 09:57:53 - [TEST_STEP][PASSED] - M4_login_user_id = M4_login_user_id: null

2019-08-24 09:57:53 - [TEST_STEP][PASSED] - M4_init = sendRequestAndVerify(findTestObject("INT/RGS(M4)/M4_init", ["partner":Partner, "gameId":gameId, "M4_login_user_id":M4_login_user_id])): Send request and verify the response successfully

2019-08-24 09:57:53 - [MESSAGE][INFO] - HAR: /Users/eiralee/Katalon_Script/SuperWild/Reports/20190824_095647/INT/superWild_1/20190824_095647/requests/main/28.har

2019-08-24 09:57:53 - [TEST_CASE][PASSED] - Start Test Case : Verification: Verification accomplished successfully

2019-08-24 09:57:53 - [TEST_STEP][PASSED] - request = getInstance().getCurrentRequest(): null

2019-08-24 09:57:53 - [TEST_STEP][PASSED] - response = getInstance().getCurrentResponse(): null

2019-08-24 09:57:53 - [TEST_STEP][PASSED] - verifyResponseStatusCode(response, 200): Verify response status code successfully

2019-08-24 09:57:53 - [MESSAGE][PASSED] - Verify response status code successfully

2019-08-24 09:57:53 - [TEST_STEP][PASSED] - getStatusCode()).isEqualTo(200): null

2019-08-24 09:57:53 - [TEST_STEP][PASSED] - newline = System.getProperty("line.separator"): null

2019-08-24 09:57:53 - [TEST_STEP][PASSED] - M4_init = new groovy.json.JsonSlurper(): null

2019-08-24 09:57:53 - [TEST_STEP][PASSED] - result_M4_init = M4_init.parseText(response.getResponseBodyContent()): null

2019-08-24 09:57:53 - [TEST_STEP][PASSED] - rgs_session_token = session_token: null

2019-08-24 09:57:53 - [TEST_STEP][PASSED] - rgs_session_token = rgs_session_token: null

2019-08-24 09:57:53 - [TEST_STEP][PASSED] - M4_init_balance = balance: null

2019-08-24 09:57:53 - [TEST_STEP][PASSED] - M4_init_balance = M4_init_balance: null

2019-08-24 09:57:53 - [TEST_STEP][PASSED] - game_code = genesis_id: null

2019-08-24 09:57:53 - [TEST_STEP][PASSED] - game_code = game_code: null

2019-08-24 09:57:53 - [TEST_STEP][PASSED] - M4_free_round = free_round: null

2019-08-24 09:57:53 - [TEST_STEP][PASSED] - M4_free_round = M4_free_round: null

2019-08-24 09:57:53 - [MESSAGE][PASSED] - Verify response successfully

2019-08-24 09:57:53 - [MESSAGE][PASSED] - Send request and verify the response successfully

2019-08-24 09:57:53 - [TEST_STEP][PASSED] - rgs_session_token = rgs_session_token: null

2019-08-24 09:57:53 - [TEST_STEP][PASSED] - M4_spin_reels_symbols = M4_spin_reels_symbols: null

2019-08-24 09:57:53 - [TEST_STEP][PASSED] - sendRequestAndVerify(findTestObject("INT/RGS(M4)/1_Round_detail", ["partner":Partner, "M4_spin_round_id":M4_spin_round_id])): Send request and verify the response successfully

2019-08-24 09:57:54 - [MESSAGE][INFO] - HAR: /Users/eiralee/Katalon_Script/SuperWild/Reports/20190824_095647/INT/superWild_1/20190824_095647/requests/main/29.har

2019-08-24 09:57:54 - [TEST_CASE][PASSED] - Start Test Case : Verification: Verification accomplished successfully

2019-08-24 09:57:54 - [TEST_STEP][PASSED] - request = getInstance().getCurrentRequest(): null

2019-08-24 09:57:54 - [TEST_STEP][PASSED] - response = getInstance().getCurrentResponse(): null

2019-08-24 09:57:54 - [TEST_STEP][PASSED] - verifyResponseStatusCode(response, 200): Verify response status code successfully

2019-08-24 09:57:54 - [MESSAGE][PASSED] - Verify response status code successfully

2019-08-24 09:57:54 - [TEST_STEP][PASSED] - getStatusCode()).isEqualTo(200): null

2019-08-24 09:57:54 - [TEST_STEP][PASSED] - newline = System.getProperty("line.separator"): null

2019-08-24 09:57:54 - [TEST_STEP][PASSED] - M4_round = new groovy.json.JsonSlurper(): null

2019-08-24 09:57:54 - [TEST_STEP][PASSED] - M4_round_detail = M4_round.parseText(response.getResponseBodyContent()): null

2019-08-24 09:57:54 - [TEST_STEP][PASSED] - M4_round_object = M4_round_detail: null

2019-08-24 09:57:54 - [TEST_STEP][PASSED] - M4_round_object = M4_round_object: null

2019-08-24 09:57:54 - [TEST_STEP][PASSED] - M4_round_transaction_type = transaction_type: null

2019-08-24 09:57:54 - [TEST_STEP][PASSED] - M4_round_transaction_type = M4_round_transaction_type: null

2019-08-24 09:57:54 - [TEST_STEP][PASSED] - M4_round_player_id = player_id: null

2019-08-24 09:57:54 - [TEST_STEP][PASSED] - M4_round_player_id = M4_round_player_id: null

2019-08-24 09:57:54 - [TEST_STEP][PASSED] - M4_round_booster_type = booster_type: null

2019-08-24 09:57:54 - [TEST_STEP][PASSED] - M4_round_booster_type = M4_round_booster_type: null

2019-08-24 09:57:54 - [TEST_STEP][PASSED] - M4_round_currency = currency: null

2019-08-24 09:57:54 - [TEST_STEP][PASSED] - M4_round_currency = M4_round_currency: null

2019-08-24 09:57:54 - [TEST_STEP][PASSED] - M4_round_id = round_id: null

2019-08-24 09:57:54 - [TEST_STEP][PASSED] - M4_round_id = M4_round_id: null

2019-08-24 09:57:54 - [TEST_STEP][PASSED] - M4_round_transaction_id = transaction_id: null

2019-08-24 09:57:54 - [TEST_STEP][PASSED] - M4_round_transaction_id = M4_round_transaction_id: null

2019-08-24 09:57:54 - [TEST_STEP][PASSED] - M4_round_transaction_time = transaction_time: null

2019-08-24 09:57:54 - [TEST_STEP][PASSED] - M4_round_transaction_time = M4_round_transaction_time: null

2019-08-24 09:57:54 - [TEST_STEP][PASSED] - M4_round_total_win = total_win: null

2019-08-24 09:57:54 - [TEST_STEP][PASSED] - M4_round_total_win = M4_round_total_win: null

2019-08-24 09:57:54 - [TEST_STEP][PASSED] - M4_round_balance_long = balance: null

2019-08-24 09:57:54 - [TEST_STEP][PASSED] - M4_round_balance = Long.toString(M4_round_balance_long): null

2019-08-24 09:57:54 - [TEST_STEP][PASSED] - M4_round_balance = M4_round_balance: null

2019-08-24 09:57:54 - [TEST_STEP][PASSED] - M4_round_total_bet = total_bet: null

2019-08-24 09:57:54 - [TEST_STEP][PASSED] - M4_round_total_bet = M4_round_total_bet: null

2019-08-24 09:57:54 - [TEST_STEP][PASSED] - M4_round_bet_value = bet_value: null

2019-08-24 09:57:54 - [TEST_STEP][PASSED] - M4_round_bet_value = M4_round_bet_value: null

2019-08-24 09:57:54 - [TEST_STEP][PASSED] - M4_round_line = line: null

2019-08-24 09:57:54 - [TEST_STEP][PASSED] - M4_round_line = M4_round_line: null

2019-08-24 09:57:54 - [TEST_STEP][PASSED] - M4_round_reels1 = reels[0]: null

2019-08-24 09:57:54 - [TEST_STEP][PASSED] - M4_round_reels1 = M4_round_reels1: null

2019-08-24 09:57:54 - [TEST_STEP][PASSED] - M4_round_reels2 = reels[1]: null

2019-08-24 09:57:54 - [TEST_STEP][PASSED] - M4_round_reels2 = M4_round_reels2: null

2019-08-24 09:57:54 - [TEST_STEP][PASSED] - M4_round_reels3 = reels[2]: null

2019-08-24 09:57:54 - [TEST_STEP][PASSED] - M4_round_reels3 = M4_round_reels3: null

2019-08-24 09:57:54 - [TEST_STEP][PASSED] - M4_round_reels4 = reels[3]: null

2019-08-24 09:57:54 - [TEST_STEP][PASSED] - M4_round_reels4 = M4_round_reels4: null

2019-08-24 09:57:54 - [TEST_STEP][PASSED] - M4_round_reels5 = reels[4]: null

2019-08-24 09:57:54 - [TEST_STEP][PASSED] - M4_round_reels5 = M4_round_reels5: null

2019-08-24 09:57:54 - [TEST_STEP][PASSED] - M4_round_F_reels1 = reels[0]: null

2019-08-24 09:57:54 - [TEST_STEP][PASSED] - M4_round_F_reels1 = M4_round_F_reels1: null

2019-08-24 09:57:54 - [TEST_STEP][PASSED] - M4_round_F_reels2 = reels[1]: null

2019-08-24 09:57:54 - [TEST_STEP][PASSED] - M4_round_F_reels2 = M4_round_F_reels2: null

2019-08-24 09:57:54 - [TEST_STEP][PASSED] - M4_round_F_reels3 = reels[2]: null

2019-08-24 09:57:54 - [TEST_STEP][PASSED] - M4_round_F_reels3 = M4_round_F_reels3: null

2019-08-24 09:57:54 - [TEST_STEP][PASSED] - M4_round_F_reels4 = reels[3]: null

2019-08-24 09:57:54 - [TEST_STEP][PASSED] - M4_round_F_reels4 = M4_round_F_reels4: null

2019-08-24 09:57:54 - [TEST_STEP][PASSED] - M4_round_F_reels5 = reels[4]: null

2019-08-24 09:57:54 - [TEST_STEP][PASSED] - M4_round_F_reels5 = M4_round_F_reels5: null

2019-08-24 09:57:54 - [TEST_STEP][PASSED] - M4_round_reels0_symbols1 = symbols[0]: null

2019-08-24 09:57:54 - [TEST_STEP][PASSED] - M4_round_reels0_symbols1 = M4_round_reels0_symbols1: null

2019-08-24 09:57:54 - [TEST_STEP][PASSED] - M4_round_reels0_symbols2 = symbols[1]: null

2019-08-24 09:57:54 - [TEST_STEP][PASSED] - M4_round_reels0_symbols2 = M4_round_reels0_symbols2: null

2019-08-24 09:57:54 - [TEST_STEP][PASSED] - M4_round_reels0_symbols3 = symbols[2]: null

2019-08-24 09:57:54 - [TEST_STEP][PASSED] - M4_round_reels0_symbols3 = M4_round_reels0_symbols3: null

2019-08-24 09:57:54 - [TEST_STEP][PASSED] - M4_round_reels1_symbols1 = symbols[0]: null

2019-08-24 09:57:54 - [TEST_STEP][PASSED] - M4_round_reels1_symbols1 = M4_round_reels1_symbols1: null

2019-08-24 09:57:54 - [TEST_STEP][PASSED] - M4_round_reels1_symbols2 = symbols[1]: null

2019-08-24 09:57:54 - [TEST_STEP][PASSED] - M4_round_reels1_symbols2 = M4_round_reels1_symbols2: null

2019-08-24 09:57:54 - [TEST_STEP][PASSED] - M4_round_reels1_symbols3 = symbols[2]: null

2019-08-24 09:57:54 - [TEST_STEP][PASSED] - M4_round_reels1_symbols3 = M4_round_reels1_symbols3: null

2019-08-24 09:57:54 - [TEST_STEP][PASSED] - M4_round_reels1_symbols4 = symbols[3]: null

2019-08-24 09:57:54 - [TEST_STEP][PASSED] - M4_round_reels_symbols_all = symbol: null

2019-08-24 09:57:54 - [TEST_STEP][PASSED] - M4_round_reels_symbols_all = M4_round_reels_symbols_all: null

2019-08-24 09:57:54 - [TEST_STEP][PASSED] - M4_round_features_triggered = features_triggered: null

2019-08-24 09:57:54 - [TEST_STEP][PASSED] - M4_round_features_triggered = M4_round_features_triggered: null

2019-08-24 09:57:54 - [TEST_STEP][PASSED] - M4_round_features_complete = complete: null

2019-08-24 09:57:54 - [TEST_STEP][PASSED] - M4_round_features_complete = M4_round_features_complete: null

2019-08-24 09:57:54 - [TEST_STEP][PASSED] - M4_round_free_spins_left = free_spins_left: null

2019-08-24 09:57:54 - [TEST_STEP][PASSED] - M4_round_free_spins_left = M4_round_free_spins_left: null

2019-08-24 09:57:54 - [TEST_STEP][PASSED] - M4_round_total_free_spin_count = total_free_spin_count: null

2019-08-24 09:57:54 - [TEST_STEP][PASSED] - M4_round_total_free_spin_count = M4_round_total_free_spin_count: null

2019-08-24 09:57:54 - [TEST_STEP][PASSED] - M4_round_total_free_spin_win_amount = total_free_spin_win_amount: null

2019-08-24 09:57:54 - [TEST_STEP][PASSED] - M4_round_total_free_spin_win_amount = M4_round_total_free_spin_win_amount: null

2019-08-24 09:57:54 - [TEST_STEP][PASSED] - M4_round_subfeatures = subfeatures: null

2019-08-24 09:57:54 - [TEST_STEP][PASSED] - M4_round_subfeatures = M4_round_subfeatures: null

2019-08-24 09:57:54 - [TEST_STEP][PASSED] - M4_round_wild_multiplier = wild_multiplier: null

2019-08-24 09:57:54 - [TEST_STEP][PASSED] - M4_round_wild_multiplier = M4_round_wild_multiplier: null

2019-08-24 09:57:54 - [TEST_STEP][PASSED] - M4_round_wild_config = wild_config: null

2019-08-24 09:57:54 - [TEST_STEP][PASSED] - M4_round_wild_config = M4_round_wild_config: null

2019-08-24 09:57:54 - [TEST_STEP][PASSED] - M4_round_wild_config_index = index: null

2019-08-24 09:57:54 - [TEST_STEP][PASSED] - M4_round_free_spin_left = free_spins_lef: null

2019-08-24 09:57:54 - [TEST_STEP][PASSED] - M4_round_free_spin_left = M4_round_free_spin_left: null

2019-08-24 09:57:54 - [TEST_STEP][PASSED] - M4_round_original_reels = original_reels: null

2019-08-24 09:57:54 - [TEST_STEP][PASSED] - M4_round_original_reels = M4_round_original_reels: null

2019-08-24 09:57:54 - [TEST_STEP][PASSED] - M4_round_swapped_reels = swapped_reels: null

2019-08-24 09:57:54 - [TEST_STEP][PASSED] - M4_round_swapped_reels = M4_round_swapped_reels: null

2019-08-24 09:57:54 - [TEST_STEP][PASSED] - M4_round_free_spins_added = free_spins_added: null

2019-08-24 09:57:54 - [TEST_STEP][PASSED] - M4_round_spin_result_list = spin_results[0]: null

2019-08-24 09:57:54 - [TEST_STEP][PASSED] - M4_round_spin_result_list = M4_round_spin_result_list: null

2019-08-24 09:57:54 - [TEST_STEP][PASSED] - M4_round_feature_state = feature_state: null

2019-08-24 09:57:54 - [TEST_STEP][PASSED] - M4_round_feature_state = M4_round_feature_state: null

2019-08-24 09:57:54 - [TEST_STEP][PASSED] - M4_round_feature_state_all = feature_state: null

2019-08-24 09:57:54 - [TEST_STEP][PASSED] - M4_round_feature_state_all = M4_round_feature_state_all: null

2019-08-24 09:57:54 - [TEST_STEP][PASSED] - M4_round_features_type = type: null

2019-08-24 09:57:54 - [TEST_STEP][PASSED] - M4_round_features_type = M4_round_features_type: null

2019-08-24 09:57:54 - [TEST_STEP][PASSED] - M4_round_scatter_win = scatter_win: null

2019-08-24 09:57:54 - [TEST_STEP][PASSED] - M4_round_scatter_win = M4_round_scatter_win: null

2019-08-24 09:57:54 - [TEST_STEP][PASSED] - M4_round_spin_result1 = spin_results[1]: null

2019-08-24 09:57:54 - [TEST_STEP][PASSED] - M4_round_spin_result1 = M4_round_spin_result1: null

2019-08-24 09:57:54 - [MESSAGE][PASSED] - Verify response successfully

2019-08-24 09:57:54 - [MESSAGE][PASSED] - Send request and verify the response successfully

2019-08-24 09:57:54 - [TEST_STEP][PASSED] - M4_round_spin_result_list = M4_round_spin_result_list: null

2019-08-24 09:57:54 - [TEST_STEP][PASSED] - features_trigger = features_triggered: null

2019-08-24 09:57:54 - [TEST_STEP][PASSED] - total_free_spin_count = "": null

2019-08-24 09:57:54 - [TEST_STEP][PASSED] - free_spins_left = "": null

2019-08-24 09:57:54 - [TEST_STEP][PASSED] - total_free_spin_win_amount = "": null

2019-08-24 09:57:54 - [TEST_STEP][PASSED] - for ([i = 0, i &lt; features_trigger.size(), (i++)]): null

2019-08-24 09:57:54 - [TEST_STEP][PASSED] - feature_type = type: null

2019-08-24 09:57:54 - [TEST_STEP][PASSED] - println("M4_round_spin_result_list is: " + M4_round_spin_result_list): null

2019-08-24 09:57:54 - [TEST_STEP][PASSED] - println(i): null

2019-08-24 09:57:54 - [TEST_STEP][PASSED] - if (feature_type == "FREE_SPIN"): null

2019-08-24 09:57:54 - [TEST_STEP][PASSED] - feature_type = type: null

2019-08-24 09:57:54 - [TEST_STEP][PASSED] - println("M4_round_spin_result_list is: " + M4_round_spin_result_list): null

2019-08-24 09:57:54 - [TEST_STEP][PASSED] - println(i): null

2019-08-24 09:57:54 - [TEST_STEP][PASSED] - if (feature_type == "FREE_SPIN"): null

2019-08-24 09:57:54 - [TEST_STEP][PASSED] - feature_type = type: null

2019-08-24 09:57:54 - [TEST_STEP][PASSED] - println("M4_round_spin_result_list is: " + M4_round_spin_result_list): null

2019-08-24 09:57:54 - [TEST_STEP][PASSED] - println(i): null

2019-08-24 09:57:54 - [TEST_STEP][PASSED] - if (feature_type == "FREE_SPIN"): null

2019-08-24 09:57:54 - [TEST_STEP][PASSED] - println("feature_type is:" + feature_type): null

2019-08-24 09:57:54 - [TEST_STEP][PASSED] - total_free_spin_count = total_free_spin_count: null

2019-08-24 09:57:54 - [TEST_STEP][PASSED] - free_spins_left = free_spins_left: null

2019-08-24 09:57:54 - [TEST_STEP][PASSED] - total_free_spin_win_amount = total_free_spin_win_amount: null

2019-08-24 09:57:54 - [TEST_STEP][PASSED] - M4_balance = M4_round_balance: null

2019-08-24 09:57:54 - [TEST_STEP][PASSED] - M4_round_balance = Long.valueOf(M4_balance): null

2019-08-24 09:57:54 - [TEST_STEP][PASSED] - M4_round_spin_result = spin_results: null

2019-08-24 09:57:54 - [TEST_STEP][PASSED] - M4_round_free_spin_totalWin_result = "": null

2019-08-24 09:57:54 - [TEST_STEP][PASSED] - M4_total_win = 0: null

2019-08-24 09:57:54 - [TEST_STEP][PASSED] - for ([i = 0, i &lt; M4_round_spin_result.size(), (i++)]): null

2019-08-24 09:57:54 - [TEST_STEP][PASSED] - last_spin_result = balance: null

2019-08-24 09:57:54 - [TEST_STEP][PASSED] - M4_round_free_spin_totalWin = total_win: null

2019-08-24 09:57:54 - [TEST_STEP][PASSED] - println(last_spin_result): null

2019-08-24 09:57:54 - [TEST_STEP][PASSED] - println(M4_round_free_spin_totalWin): null

2019-08-24 09:57:54 - [TEST_STEP][PASSED] - M4_total_win = M4_round_free_spin_totalWin + M4_total_win: null

2019-08-24 09:57:54 - [TEST_STEP][PASSED] - println("M4_round_free_spin_totalWin_result is: " + M4_round_free_spin_totalWin_result): null

2019-08-24 09:57:54 - [TEST_STEP][PASSED] - if (last_spin_result &gt;= M4_round_balance): null

2019-08-24 09:57:54 - [TEST_STEP][PASSED] - M4_round_balance = last_spin_result: null

2019-08-24 09:57:54 - [TEST_STEP][PASSED] - last_spin_result = balance: null

2019-08-24 09:57:54 - [TEST_STEP][PASSED] - M4_round_free_spin_totalWin = total_win: null

2019-08-24 09:57:54 - [TEST_STEP][PASSED] - println(last_spin_result): null

2019-08-24 09:57:54 - [TEST_STEP][PASSED] - println(M4_round_free_spin_totalWin): null

2019-08-24 09:57:54 - [TEST_STEP][PASSED] - M4_total_win = M4_round_free_spin_totalWin + M4_total_win: null

2019-08-24 09:57:54 - [TEST_STEP][PASSED] - println("M4_round_free_spin_totalWin_result is: " + M4_round_free_spin_totalWin_result): null

2019-08-24 09:57:54 - [TEST_STEP][PASSED] - if (last_spin_result &gt;= M4_round_balance): null

2019-08-24 09:57:54 - [TEST_STEP][PASSED] - M4_round_balance = last_spin_result: null

2019-08-24 09:57:54 - [TEST_STEP][PASSED] - last_spin_result = balance: null

2019-08-24 09:57:54 - [TEST_STEP][PASSED] - M4_round_free_spin_totalWin = total_win: null

2019-08-24 09:57:54 - [TEST_STEP][PASSED] - println(last_spin_result): null

2019-08-24 09:57:54 - [TEST_STEP][PASSED] - println(M4_round_free_spin_totalWin): null

2019-08-24 09:57:54 - [TEST_STEP][PASSED] - M4_total_win = M4_round_free_spin_totalWin + M4_total_win: null

2019-08-24 09:57:54 - [TEST_STEP][PASSED] - println("M4_round_free_spin_totalWin_result is: " + M4_round_free_spin_totalWin_result): null

2019-08-24 09:57:54 - [TEST_STEP][PASSED] - if (last_spin_result &gt;= M4_round_balance): null

2019-08-24 09:57:54 - [TEST_STEP][PASSED] - M4_round_balance = last_spin_result: null

2019-08-24 09:57:54 - [TEST_STEP][PASSED] - last_spin_result = balance: null

2019-08-24 09:57:54 - [TEST_STEP][PASSED] - M4_round_free_spin_totalWin = total_win: null

2019-08-24 09:57:54 - [TEST_STEP][PASSED] - println(last_spin_result): null

2019-08-24 09:57:54 - [TEST_STEP][PASSED] - println(M4_round_free_spin_totalWin): null

2019-08-24 09:57:54 - [TEST_STEP][PASSED] - M4_total_win = M4_round_free_spin_totalWin + M4_total_win: null

2019-08-24 09:57:54 - [TEST_STEP][PASSED] - println("M4_round_free_spin_totalWin_result is: " + M4_round_free_spin_totalWin_result): null

2019-08-24 09:57:54 - [TEST_STEP][PASSED] - if (last_spin_result &gt;= M4_round_balance): null

2019-08-24 09:57:54 - [TEST_STEP][PASSED] - M4_round_balance = last_spin_result: null

2019-08-24 09:57:54 - [TEST_STEP][PASSED] - last_spin_result = balance: null

2019-08-24 09:57:54 - [TEST_STEP][PASSED] - M4_round_free_spin_totalWin = total_win: null

2019-08-24 09:57:54 - [TEST_STEP][PASSED] - println(last_spin_result): null

2019-08-24 09:57:54 - [TEST_STEP][PASSED] - println(M4_round_free_spin_totalWin): null

2019-08-24 09:57:54 - [TEST_STEP][PASSED] - M4_total_win = M4_round_free_spin_totalWin + M4_total_win: null

2019-08-24 09:57:54 - [TEST_STEP][PASSED] - println("M4_round_free_spin_totalWin_result is: " + M4_round_free_spin_totalWin_result): null

2019-08-24 09:57:54 - [TEST_STEP][PASSED] - if (last_spin_result &gt;= M4_round_balance): null

2019-08-24 09:57:54 - [TEST_STEP][PASSED] - M4_round_balance = last_spin_result: null

2019-08-24 09:57:54 - [TEST_STEP][PASSED] - last_spin_result = balance: null

2019-08-24 09:57:54 - [TEST_STEP][PASSED] - M4_round_free_spin_totalWin = total_win: null

2019-08-24 09:57:54 - [TEST_STEP][PASSED] - println(last_spin_result): null

2019-08-24 09:57:54 - [TEST_STEP][PASSED] - println(M4_round_free_spin_totalWin): null

2019-08-24 09:57:54 - [TEST_STEP][PASSED] - M4_total_win = M4_round_free_spin_totalWin + M4_total_win: null

2019-08-24 09:57:54 - [TEST_STEP][PASSED] - println("M4_round_free_spin_totalWin_result is: " + M4_round_free_spin_totalWin_result): null

2019-08-24 09:57:54 - [TEST_STEP][PASSED] - if (last_spin_result &gt;= M4_round_balance): null

2019-08-24 09:57:54 - [TEST_STEP][PASSED] - M4_round_balance = last_spin_result: null

2019-08-24 09:57:54 - [TEST_STEP][PASSED] - last_spin_result = balance: null

2019-08-24 09:57:54 - [TEST_STEP][PASSED] - M4_round_free_spin_totalWin = total_win: null

2019-08-24 09:57:54 - [TEST_STEP][PASSED] - println(last_spin_result): null

2019-08-24 09:57:54 - [TEST_STEP][PASSED] - println(M4_round_free_spin_totalWin): null

2019-08-24 09:57:54 - [TEST_STEP][PASSED] - M4_total_win = M4_round_free_spin_totalWin + M4_total_win: null

2019-08-24 09:57:54 - [TEST_STEP][PASSED] - println("M4_round_free_spin_totalWin_result is: " + M4_round_free_spin_totalWin_result): null

2019-08-24 09:57:54 - [TEST_STEP][PASSED] - if (last_spin_result &gt;= M4_round_balance): null

2019-08-24 09:57:54 - [TEST_STEP][PASSED] - M4_round_balance = last_spin_result: null

2019-08-24 09:57:54 - [TEST_STEP][PASSED] - last_spin_result = balance: null

2019-08-24 09:57:54 - [TEST_STEP][PASSED] - M4_round_free_spin_totalWin = total_win: null

2019-08-24 09:57:54 - [TEST_STEP][PASSED] - println(last_spin_result): null

2019-08-24 09:57:54 - [TEST_STEP][PASSED] - println(M4_round_free_spin_totalWin): null

2019-08-24 09:57:54 - [TEST_STEP][PASSED] - M4_total_win = M4_round_free_spin_totalWin + M4_total_win: null

2019-08-24 09:57:54 - [TEST_STEP][PASSED] - println("M4_round_free_spin_totalWin_result is: " + M4_round_free_spin_totalWin_result): null

2019-08-24 09:57:54 - [TEST_STEP][PASSED] - if (last_spin_result &gt;= M4_round_balance): null

2019-08-24 09:57:54 - [TEST_STEP][PASSED] - M4_round_balance = last_spin_result: null

2019-08-24 09:57:54 - [TEST_STEP][PASSED] - last_spin_result = balance: null

2019-08-24 09:57:54 - [TEST_STEP][PASSED] - M4_round_free_spin_totalWin = total_win: null

2019-08-24 09:57:54 - [TEST_STEP][PASSED] - println(last_spin_result): null

2019-08-24 09:57:54 - [TEST_STEP][PASSED] - println(M4_round_free_spin_totalWin): null

2019-08-24 09:57:54 - [TEST_STEP][PASSED] - M4_total_win = M4_round_free_spin_totalWin + M4_total_win: null

2019-08-24 09:57:54 - [TEST_STEP][PASSED] - println("M4_round_free_spin_totalWin_result is: " + M4_round_free_spin_totalWin_result): null

2019-08-24 09:57:54 - [TEST_STEP][PASSED] - if (last_spin_result &gt;= M4_round_balance): null

2019-08-24 09:57:54 - [TEST_STEP][PASSED] - M4_round_balance = last_spin_result: null

2019-08-24 09:57:54 - [TEST_STEP][PASSED] - last_spin_result = balance: null

2019-08-24 09:57:54 - [TEST_STEP][PASSED] - M4_round_free_spin_totalWin = total_win: null

2019-08-24 09:57:54 - [TEST_STEP][PASSED] - println(last_spin_result): null

2019-08-24 09:57:54 - [TEST_STEP][PASSED] - println(M4_round_free_spin_totalWin): null

2019-08-24 09:57:54 - [TEST_STEP][PASSED] - M4_total_win = M4_round_free_spin_totalWin + M4_total_win: null

2019-08-24 09:57:54 - [TEST_STEP][PASSED] - println("M4_round_free_spin_totalWin_result is: " + M4_round_free_spin_totalWin_result): null

2019-08-24 09:57:54 - [TEST_STEP][PASSED] - if (last_spin_result &gt;= M4_round_balance): null

2019-08-24 09:57:54 - [TEST_STEP][PASSED] - M4_round_balance = last_spin_result: null

2019-08-24 09:57:54 - [TEST_STEP][PASSED] - last_spin_result = balance: null

2019-08-24 09:57:54 - [TEST_STEP][PASSED] - M4_round_free_spin_totalWin = total_win: null

2019-08-24 09:57:54 - [TEST_STEP][PASSED] - println(last_spin_result): null

2019-08-24 09:57:54 - [TEST_STEP][PASSED] - println(M4_round_free_spin_totalWin): null

2019-08-24 09:57:54 - [TEST_STEP][PASSED] - M4_total_win = M4_round_free_spin_totalWin + M4_total_win: null

2019-08-24 09:57:54 - [TEST_STEP][PASSED] - println("M4_round_free_spin_totalWin_result is: " + M4_round_free_spin_totalWin_result): null

2019-08-24 09:57:54 - [TEST_STEP][PASSED] - if (last_spin_result &gt;= M4_round_balance): null

2019-08-24 09:57:54 - [TEST_STEP][PASSED] - M4_round_balance = last_spin_result: null

2019-08-24 09:57:54 - [TEST_STEP][PASSED] - last_spin_result = balance: null

2019-08-24 09:57:54 - [TEST_STEP][PASSED] - M4_round_free_spin_totalWin = total_win: null

2019-08-24 09:57:54 - [TEST_STEP][PASSED] - println(last_spin_result): null

2019-08-24 09:57:54 - [TEST_STEP][PASSED] - println(M4_round_free_spin_totalWin): null

2019-08-24 09:57:54 - [TEST_STEP][PASSED] - M4_total_win = M4_round_free_spin_totalWin + M4_total_win: null

2019-08-24 09:57:54 - [TEST_STEP][PASSED] - println("M4_round_free_spin_totalWin_result is: " + M4_round_free_spin_totalWin_result): null

2019-08-24 09:57:54 - [TEST_STEP][PASSED] - if (last_spin_result &gt;= M4_round_balance): null

2019-08-24 09:57:54 - [TEST_STEP][PASSED] - M4_round_balance = last_spin_result: null

2019-08-24 09:57:54 - [TEST_STEP][PASSED] - last_spin_result = balance: null

2019-08-24 09:57:54 - [TEST_STEP][PASSED] - M4_round_free_spin_totalWin = total_win: null

2019-08-24 09:57:54 - [TEST_STEP][PASSED] - println(last_spin_result): null

2019-08-24 09:57:54 - [TEST_STEP][PASSED] - println(M4_round_free_spin_totalWin): null

2019-08-24 09:57:54 - [TEST_STEP][PASSED] - M4_total_win = M4_round_free_spin_totalWin + M4_total_win: null

2019-08-24 09:57:54 - [TEST_STEP][PASSED] - println("M4_round_free_spin_totalWin_result is: " + M4_round_free_spin_totalWin_result): null

2019-08-24 09:57:54 - [TEST_STEP][PASSED] - if (last_spin_result &gt;= M4_round_balance): null

2019-08-24 09:57:54 - [TEST_STEP][PASSED] - M4_round_balance = last_spin_result: null

2019-08-24 09:57:54 - [TEST_STEP][PASSED] - last_spin_result = balance: null

2019-08-24 09:57:54 - [TEST_STEP][PASSED] - M4_round_free_spin_totalWin = total_win: null

2019-08-24 09:57:54 - [TEST_STEP][PASSED] - println(last_spin_result): null

2019-08-24 09:57:54 - [TEST_STEP][PASSED] - println(M4_round_free_spin_totalWin): null

2019-08-24 09:57:54 - [TEST_STEP][PASSED] - M4_total_win = M4_round_free_spin_totalWin + M4_total_win: null

2019-08-24 09:57:54 - [TEST_STEP][PASSED] - println("M4_round_free_spin_totalWin_result is: " + M4_round_free_spin_totalWin_result): null

2019-08-24 09:57:54 - [TEST_STEP][PASSED] - if (last_spin_result &gt;= M4_round_balance): null

2019-08-24 09:57:54 - [TEST_STEP][PASSED] - M4_round_balance = last_spin_result: null

2019-08-24 09:57:54 - [TEST_STEP][PASSED] - last_spin_result = balance: null

2019-08-24 09:57:54 - [TEST_STEP][PASSED] - M4_round_free_spin_totalWin = total_win: null

2019-08-24 09:57:54 - [TEST_STEP][PASSED] - println(last_spin_result): null

2019-08-24 09:57:54 - [TEST_STEP][PASSED] - println(M4_round_free_spin_totalWin): null

2019-08-24 09:57:54 - [TEST_STEP][PASSED] - M4_total_win = M4_round_free_spin_totalWin + M4_total_win: null

2019-08-24 09:57:54 - [TEST_STEP][PASSED] - println("M4_round_free_spin_totalWin_result is: " + M4_round_free_spin_totalWin_result): null

2019-08-24 09:57:54 - [TEST_STEP][PASSED] - if (last_spin_result &gt;= M4_round_balance): null

2019-08-24 09:57:54 - [TEST_STEP][PASSED] - M4_round_balance = last_spin_result: null

2019-08-24 09:57:54 - [TEST_STEP][PASSED] - last_spin_result = balance: null

2019-08-24 09:57:54 - [TEST_STEP][PASSED] - M4_round_free_spin_totalWin = total_win: null

2019-08-24 09:57:54 - [TEST_STEP][PASSED] - println(last_spin_result): null

2019-08-24 09:57:54 - [TEST_STEP][PASSED] - println(M4_round_free_spin_totalWin): null

2019-08-24 09:57:54 - [TEST_STEP][PASSED] - M4_total_win = M4_round_free_spin_totalWin + M4_total_win: null

2019-08-24 09:57:54 - [TEST_STEP][PASSED] - println("M4_round_free_spin_totalWin_result is: " + M4_round_free_spin_totalWin_result): null

2019-08-24 09:57:54 - [TEST_STEP][PASSED] - if (last_spin_result &gt;= M4_round_balance): null

2019-08-24 09:57:54 - [TEST_STEP][PASSED] - M4_round_balance = last_spin_result: null

2019-08-24 09:57:54 - [TEST_STEP][PASSED] - sendRequestAndVerify(findTestObject("INT/RGS(M4)/in_game_history_detail", ["partner":Partner, "M4_spin_transaction_id":M4_spin_transaction_id, "M4_login_user_id":M4_login_user_id])): Send request and verify the response successfully

2019-08-24 09:57:54 - [MESSAGE][INFO] - HAR: /Users/eiralee/Katalon_Script/SuperWild/Reports/20190824_095647/INT/superWild_1/20190824_095647/requests/main/30.har

2019-08-24 09:57:54 - [TEST_CASE][PASSED] - Start Test Case : Verification: Verification accomplished successfully

2019-08-24 09:57:54 - [TEST_STEP][PASSED] - request = getInstance().getCurrentRequest(): null

2019-08-24 09:57:54 - [TEST_STEP][PASSED] - response = getInstance().getCurrentResponse(): null

2019-08-24 09:57:54 - [TEST_STEP][PASSED] - verifyResponseStatusCode(response, 200): Verify response status code successfully

2019-08-24 09:57:54 - [MESSAGE][PASSED] - Verify response status code successfully

2019-08-24 09:57:54 - [TEST_STEP][PASSED] - getStatusCode()).isEqualTo(200): null

2019-08-24 09:57:54 - [TEST_STEP][PASSED] - newline = System.getProperty("line.separator"): null

2019-08-24 09:57:54 - [TEST_STEP][PASSED] - M4_game_history = new groovy.json.JsonSlurper(): null

2019-08-24 09:57:54 - [TEST_STEP][PASSED] - M4_history = M4_game_history.parseText(response.getResponseBodyContent()): null

2019-08-24 09:57:54 - [TEST_STEP][PASSED] - M4_history_currency = currency: null

2019-08-24 09:57:54 - [TEST_STEP][PASSED] - M4_history_currency = M4_history_currency: null

2019-08-24 09:57:54 - [TEST_STEP][PASSED] - M4_history_spin_transaction = spin_transaction: null

2019-08-24 09:57:54 - [TEST_STEP][PASSED] - M4_history_spin_transaction = M4_history_spin_transaction: null

2019-08-24 09:57:54 - [TEST_STEP][PASSED] - M4_history_date = date: null

2019-08-24 09:57:54 - [TEST_STEP][PASSED] - M4_history_date = M4_history_date: null

2019-08-24 09:57:54 - [TEST_STEP][PASSED] - M4_history_game_id = game_id: null

2019-08-24 09:57:54 - [TEST_STEP][PASSED] - M4_history_tx_id = tx_id: null

2019-08-24 09:57:54 - [TEST_STEP][PASSED] - M4_history_causality = causality: null

2019-08-24 09:57:54 - [TEST_STEP][PASSED] - M4_history_causality = M4_history_causality: null

2019-08-24 09:57:54 - [TEST_STEP][PASSED] - M4_history_round_id = round_id: null

2019-08-24 09:57:54 - [TEST_STEP][PASSED] - M4_history_round_id = M4_history_round_id: null

2019-08-24 09:57:54 - [TEST_STEP][PASSED] - M4_history_game_total_won = total_won: null

2019-08-24 09:57:54 - [TEST_STEP][PASSED] - M4_history_game_total_won = M4_history_game_total_won: null

2019-08-24 09:57:54 - [TEST_STEP][PASSED] - M4_history_game_total_bet = total_bet: null

2019-08-24 09:57:54 - [TEST_STEP][PASSED] - M4_history_total_bet = M4_history_game_total_bet: null

2019-08-24 09:57:54 - [TEST_STEP][PASSED] - M4_history_lines = lines: null

2019-08-24 09:57:54 - [TEST_STEP][PASSED] - M4_history_total_won = total_won: null

2019-08-24 09:57:54 - [TEST_STEP][PASSED] - M4_history_total_won = M4_history_total_won: null

2019-08-24 09:57:54 - [TEST_STEP][PASSED] - M4_history_bonus_name = bonus_name: null

2019-08-24 09:57:54 - [TEST_STEP][PASSED] - M4_history_bonus_retrigger = bonus_retrigger: null

2019-08-24 09:57:54 - [TEST_STEP][PASSED] - M4_history_key = key: null

2019-08-24 09:57:54 - [TEST_STEP][PASSED] - M4_history_data = data: null

2019-08-24 09:57:54 - [TEST_STEP][PASSED] - M4_history_total_bet = total_bet: null

2019-08-24 09:57:54 - [TEST_STEP][PASSED] - M4_history_total_bet = M4_history_total_bet: null

2019-08-24 09:57:54 - [TEST_STEP][PASSED] - M4_history_balance = balance: null

2019-08-24 09:57:54 - [TEST_STEP][PASSED] - M4_history_balance = M4_history_balance: null

2019-08-24 09:57:54 - [TEST_STEP][PASSED] - M4_history_type = type: null

2019-08-24 09:57:54 - [TEST_STEP][PASSED] - M4_history_type = M4_history_type: null

2019-08-24 09:57:54 - [TEST_STEP][PASSED] - M4_history_reel_symbol = symbols: null

2019-08-24 09:57:54 - [TEST_STEP][PASSED] - M4_history_reel_symbol = M4_history_reel_symbol: null

2019-08-24 09:57:54 - [TEST_STEP][PASSED] - M4_history_reels = reels: null

2019-08-24 09:57:54 - [TEST_STEP][PASSED] - M4_history_reels = M4_history_reels: null

2019-08-24 09:57:54 - [TEST_STEP][PASSED] - M4_history_F_reels1 = reels: null

2019-08-24 09:57:54 - [TEST_STEP][PASSED] - M4_history_F_reels = M4_history_F_reels1: null

2019-08-24 09:57:54 - [TEST_STEP][PASSED] - M4_history_multiplier = multiplier: null

2019-08-24 09:57:54 - [TEST_STEP][PASSED] - M4_history_multiplier = M4_history_multiplier: null

2019-08-24 09:57:54 - [TEST_STEP][PASSED] - M4_history_bonuses1 = bonuses[1]: null

2019-08-24 09:57:54 - [TEST_STEP][PASSED] - M4_history_bonuses1 = M4_history_bonuses1: null

2019-08-24 09:57:54 - [MESSAGE][PASSED] - Verify response successfully

2019-08-24 09:57:54 - [MESSAGE][PASSED] - Send request and verify the response successfully

2019-08-24 09:57:54 - [TEST_STEP][PASSED] - M4_spin_number = "": null

2019-08-24 09:57:54 - [TEST_STEP][PASSED] - spin_data = extra_spins_data: null

2019-08-24 09:57:54 - [TEST_STEP][PASSED] - for ([i = 0, i &lt; spin_data.size(), (i++)]): null

2019-08-24 09:57:54 - [TEST_STEP][PASSED] - println(spin_data.size()): null

2019-08-24 09:57:54 - [TEST_STEP][PASSED] - spin_number_value = spin_number: null

2019-08-24 09:57:54 - [TEST_STEP][PASSED] - if (i == spin_data.size() - 1): null

2019-08-24 09:57:54 - [TEST_STEP][PASSED] - println(M4_spin_number): null

2019-08-24 09:57:54 - [TEST_STEP][PASSED] - println(spin_data.size()): null

2019-08-24 09:57:54 - [TEST_STEP][PASSED] - spin_number_value = spin_number: null

2019-08-24 09:57:54 - [TEST_STEP][PASSED] - if (i == spin_data.size() - 1): null

2019-08-24 09:57:54 - [TEST_STEP][PASSED] - println(M4_spin_number): null

2019-08-24 09:57:54 - [TEST_STEP][PASSED] - println(spin_data.size()): null

2019-08-24 09:57:54 - [TEST_STEP][PASSED] - spin_number_value = spin_number: null

2019-08-24 09:57:54 - [TEST_STEP][PASSED] - if (i == spin_data.size() - 1): null

2019-08-24 09:57:54 - [TEST_STEP][PASSED] - println(M4_spin_number): null

2019-08-24 09:57:54 - [TEST_STEP][PASSED] - println(spin_data.size()): null

2019-08-24 09:57:54 - [TEST_STEP][PASSED] - spin_number_value = spin_number: null

2019-08-24 09:57:54 - [TEST_STEP][PASSED] - if (i == spin_data.size() - 1): null

2019-08-24 09:57:54 - [TEST_STEP][PASSED] - println(M4_spin_number): null

2019-08-24 09:57:54 - [TEST_STEP][PASSED] - println(spin_data.size()): null

2019-08-24 09:57:54 - [TEST_STEP][PASSED] - spin_number_value = spin_number: null

2019-08-24 09:57:54 - [TEST_STEP][PASSED] - if (i == spin_data.size() - 1): null

2019-08-24 09:57:54 - [TEST_STEP][PASSED] - println(M4_spin_number): null

2019-08-24 09:57:54 - [TEST_STEP][PASSED] - println(spin_data.size()): null

2019-08-24 09:57:54 - [TEST_STEP][PASSED] - spin_number_value = spin_number: null

2019-08-24 09:57:55 - [TEST_STEP][PASSED] - if (i == spin_data.size() - 1): null

2019-08-24 09:57:55 - [TEST_STEP][PASSED] - println(M4_spin_number): null

2019-08-24 09:57:55 - [TEST_STEP][PASSED] - println(spin_data.size()): null

2019-08-24 09:57:55 - [TEST_STEP][PASSED] - spin_number_value = spin_number: null

2019-08-24 09:57:55 - [TEST_STEP][PASSED] - if (i == spin_data.size() - 1): null

2019-08-24 09:57:55 - [TEST_STEP][PASSED] - println(M4_spin_number): null

2019-08-24 09:57:55 - [TEST_STEP][PASSED] - println(spin_data.size()): null

2019-08-24 09:57:55 - [TEST_STEP][PASSED] - spin_number_value = spin_number: null

2019-08-24 09:57:55 - [TEST_STEP][PASSED] - if (i == spin_data.size() - 1): null

2019-08-24 09:57:55 - [TEST_STEP][PASSED] - println(M4_spin_number): null

2019-08-24 09:57:55 - [TEST_STEP][PASSED] - println(spin_data.size()): null

2019-08-24 09:57:55 - [TEST_STEP][PASSED] - spin_number_value = spin_number: null

2019-08-24 09:57:55 - [TEST_STEP][PASSED] - if (i == spin_data.size() - 1): null

2019-08-24 09:57:55 - [TEST_STEP][PASSED] - println(M4_spin_number): null

2019-08-24 09:57:55 - [TEST_STEP][PASSED] - println(spin_data.size()): null

2019-08-24 09:57:55 - [TEST_STEP][PASSED] - spin_number_value = spin_number: null

2019-08-24 09:57:55 - [TEST_STEP][PASSED] - if (i == spin_data.size() - 1): null

2019-08-24 09:57:55 - [TEST_STEP][PASSED] - println(M4_spin_number): null

2019-08-24 09:57:55 - [TEST_STEP][PASSED] - println(spin_data.size()): null

2019-08-24 09:57:55 - [TEST_STEP][PASSED] - spin_number_value = spin_number: null

2019-08-24 09:57:55 - [TEST_STEP][PASSED] - if (i == spin_data.size() - 1): null

2019-08-24 09:57:55 - [TEST_STEP][PASSED] - println(M4_spin_number): null

2019-08-24 09:57:55 - [TEST_STEP][PASSED] - println(spin_data.size()): null

2019-08-24 09:57:55 - [TEST_STEP][PASSED] - spin_number_value = spin_number: null

2019-08-24 09:57:55 - [TEST_STEP][PASSED] - if (i == spin_data.size() - 1): null

2019-08-24 09:57:55 - [TEST_STEP][PASSED] - println(M4_spin_number): null

2019-08-24 09:57:55 - [TEST_STEP][PASSED] - println(spin_data.size()): null

2019-08-24 09:57:55 - [TEST_STEP][PASSED] - spin_number_value = spin_number: null

2019-08-24 09:57:55 - [TEST_STEP][PASSED] - if (i == spin_data.size() - 1): null

2019-08-24 09:57:55 - [TEST_STEP][PASSED] - println(M4_spin_number): null

2019-08-24 09:57:55 - [TEST_STEP][PASSED] - println(spin_data.size()): null

2019-08-24 09:57:55 - [TEST_STEP][PASSED] - spin_number_value = spin_number: null

2019-08-24 09:57:55 - [TEST_STEP][PASSED] - if (i == spin_data.size() - 1): null

2019-08-24 09:57:55 - [TEST_STEP][PASSED] - println(M4_spin_number): null

2019-08-24 09:57:55 - [TEST_STEP][PASSED] - println(spin_data.size()): null

2019-08-24 09:57:55 - [TEST_STEP][PASSED] - spin_number_value = spin_number: null

2019-08-24 09:57:55 - [TEST_STEP][PASSED] - if (i == spin_data.size() - 1): null

2019-08-24 09:57:55 - [TEST_STEP][PASSED] - M4_spin_number = spin_number_value: null

2019-08-24 09:57:55 - [TEST_STEP][PASSED] - println(M4_spin_number): null

2019-08-24 09:57:55 - [TEST_STEP][FAILED] - sendRequestAndVerify(findTestObject("INT/RGS(M4)/Summary_history", ["game_code":Game_code, "partner":Partner, "userid":Userid])): Unable to send request and verify the response (Root cause: java.net.UnknownHostException: ${partner}-rgs-history.3655oule.com
	at com.kms.katalon.core.webservice.common.RestfulClient.response(RestfulClient.java:192)
	at com.kms.katalon.core.webservice.common.RestfulClient.sendRequest(RestfulClient.java:97)
	at com.kms.katalon.core.webservice.common.RestfulClient.send(RestfulClient.java:59)
	at com.kms.katalon.core.webservice.keyword.builtin.SendRequestAndVerifyKeyword$_sendRequestAndVerify_closure1.doCall(SendRequestAndVerifyKeyword.groovy:47)
	at com.kms.katalon.core.webservice.keyword.builtin.SendRequestAndVerifyKeyword$_sendRequestAndVerify_closure1.call(SendRequestAndVerifyKeyword.groovy)
	at com.kms.katalon.core.keyword.internal.KeywordMain.runKeyword(KeywordMain.groovy:68)
	at com.kms.katalon.core.webservice.keyword.builtin.SendRequestAndVerifyKeyword.sendRequestAndVerify(SendRequestAndVerifyKeyword.groovy:43)
	at com.kms.katalon.core.webservice.keyword.builtin.SendRequestAndVerifyKeyword.execute(SendRequestAndVerifyKeyword.groovy:38)
	at com.kms.katalon.core.keyword.internal.KeywordExecutor.executeKeywordForPlatform(KeywordExecutor.groovy:56)
	at com.kms.katalon.core.webservice.keyword.WSBuiltInKeywords.sendRequestAndVerify(WSBuiltInKeywords.groovy:65)
	at com.kms.katalon.core.webservice.keyword.WSBuiltInKeywords$sendRequestAndVerify.call(Unknown Source)
	at 1_freeSpin_verify_value.run(1_freeSpin_verify_value:210)
	at com.kms.katalon.core.main.ScriptEngine.run(ScriptEngine.java:194)
	at com.kms.katalon.core.main.ScriptEngine.runScriptAsRawText(ScriptEngine.java:119)
	at com.kms.katalon.core.main.TestCaseExecutor.runScript(TestCaseExecutor.java:337)
	at com.kms.katalon.core.main.TestCaseExecutor.doExecute(TestCaseExecutor.java:328)
	at com.kms.katalon.core.main.TestCaseExecutor.processExecutionPhase(TestCaseExecutor.java:307)
	at com.kms.katalon.core.main.TestCaseExecutor.accessMainPhase(TestCaseExecutor.java:299)
	at com.kms.katalon.core.main.TestCaseExecutor.execute(TestCaseExecutor.java:233)
	at com.kms.katalon.core.main.TestCaseMain.runTestCase(TestCaseMain.java:114)
	at com.kms.katalon.core.keyword.builtin.CallTestCaseKeyword$_callTestCase_closure1.doCall(CallTestCaseKeyword.groovy:59)
	at com.kms.katalon.core.keyword.builtin.CallTestCaseKeyword$_callTestCase_closure1.call(CallTestCaseKeyword.groovy)
	at com.kms.katalon.core.keyword.internal.KeywordMain.runKeyword(KeywordMain.groovy:68)
	at com.kms.katalon.core.keyword.builtin.CallTestCaseKeyword.callTestCase(CallTestCaseKeyword.groovy:81)
	at com.kms.katalon.core.keyword.builtin.CallTestCaseKeyword.execute(CallTestCaseKeyword.groovy:44)
	at com.kms.katalon.core.keyword.internal.KeywordExecutor.executeKeywordForPlatform(KeywordExecutor.groovy:56)
	at com.kms.katalon.core.keyword.BuiltinKeywords.callTestCase(BuiltinKeywords.groovy:350)
	at 1_Free_Spin_CALL.run(1_Free_Spin_CALL:210)
	at com.kms.katalon.core.main.ScriptEngine.run(ScriptEngine.java:194)
	at com.kms.katalon.core.main.ScriptEngine.runScriptAsRawText(ScriptEngine.java:119)
	at com.kms.katalon.core.main.TestCaseExecutor.runScript(TestCaseExecutor.java:337)
	at com.kms.katalon.core.main.TestCaseExecutor.doExecute(TestCaseExecutor.java:328)
	at com.kms.katalon.core.main.TestCaseExecutor.processExecutionPhase(TestCaseExecutor.java:307)
	at com.kms.katalon.core.main.TestCaseExecutor.accessMainPhase(TestCaseExecutor.java:299)
	at com.kms.katalon.core.main.TestCaseExecutor.execute(TestCaseExecutor.java:233)
	at com.kms.katalon.core.main.TestSuiteExecutor.accessTestCaseMainPhase(TestSuiteExecutor.java:150)
	at com.kms.katalon.core.main.TestSuiteExecutor.accessTestSuiteMainPhase(TestSuiteExecutor.java:123)
	at com.kms.katalon.core.main.TestSuiteExecutor.execute(TestSuiteExecutor.java:87)
	at com.kms.katalon.core.main.TestCaseMain.startTestSuite(TestCaseMain.java:157)
	at com.kms.katalon.core.main.TestCaseMain$startTestSuite$0.call(Unknown Source)
	at TempTestSuite1566611817802.run(TempTestSuite1566611817802.groovy:35)
)

2019-08-24 09:58:13 - [MESSAGE][FAILED] - Unable to send request and verify the response (Root cause: java.net.UnknownHostException: ${partner}-rgs-history.3655oule.com
	at com.kms.katalon.core.webservice.common.RestfulClient.response(RestfulClient.java:192)
	at com.kms.katalon.core.webservice.common.RestfulClient.sendRequest(RestfulClient.java:97)
	at com.kms.katalon.core.webservice.common.RestfulClient.send(RestfulClient.java:59)
	at com.kms.katalon.core.webservice.keyword.builtin.SendRequestAndVerifyKeyword$_sendRequestAndVerify_closure1.doCall(SendRequestAndVerifyKeyword.groovy:47)
	at com.kms.katalon.core.webservice.keyword.builtin.SendRequestAndVerifyKeyword$_sendRequestAndVerify_closure1.call(SendRequestAndVerifyKeyword.groovy)
	at com.kms.katalon.core.keyword.internal.KeywordMain.runKeyword(KeywordMain.groovy:68)
	at com.kms.katalon.core.webservice.keyword.builtin.SendRequestAndVerifyKeyword.sendRequestAndVerify(SendRequestAndVerifyKeyword.groovy:43)
	at com.kms.katalon.core.webservice.keyword.builtin.SendRequestAndVerifyKeyword.execute(SendRequestAndVerifyKeyword.groovy:38)
	at com.kms.katalon.core.keyword.internal.KeywordExecutor.executeKeywordForPlatform(KeywordExecutor.groovy:56)
	at com.kms.katalon.core.webservice.keyword.WSBuiltInKeywords.sendRequestAndVerify(WSBuiltInKeywords.groovy:65)
	at com.kms.katalon.core.webservice.keyword.WSBuiltInKeywords$sendRequestAndVerify.call(Unknown Source)
	at 1_freeSpin_verify_value.run(1_freeSpin_verify_value:210)
	at com.kms.katalon.core.main.ScriptEngine.run(ScriptEngine.java:194)
	at com.kms.katalon.core.main.ScriptEngine.runScriptAsRawText(ScriptEngine.java:119)
	at com.kms.katalon.core.main.TestCaseExecutor.runScript(TestCaseExecutor.java:337)
	at com.kms.katalon.core.main.TestCaseExecutor.doExecute(TestCaseExecutor.java:328)
	at com.kms.katalon.core.main.TestCaseExecutor.processExecutionPhase(TestCaseExecutor.java:307)
	at com.kms.katalon.core.main.TestCaseExecutor.accessMainPhase(TestCaseExecutor.java:299)
	at com.kms.katalon.core.main.TestCaseExecutor.execute(TestCaseExecutor.java:233)
	at com.kms.katalon.core.main.TestCaseMain.runTestCase(TestCaseMain.java:114)
	at com.kms.katalon.core.keyword.builtin.CallTestCaseKeyword$_callTestCase_closure1.doCall(CallTestCaseKeyword.groovy:59)
	at com.kms.katalon.core.keyword.builtin.CallTestCaseKeyword$_callTestCase_closure1.call(CallTestCaseKeyword.groovy)
	at com.kms.katalon.core.keyword.internal.KeywordMain.runKeyword(KeywordMain.groovy:68)
	at com.kms.katalon.core.keyword.builtin.CallTestCaseKeyword.callTestCase(CallTestCaseKeyword.groovy:81)
	at com.kms.katalon.core.keyword.builtin.CallTestCaseKeyword.execute(CallTestCaseKeyword.groovy:44)
	at com.kms.katalon.core.keyword.internal.KeywordExecutor.executeKeywordForPlatform(KeywordExecutor.groovy:56)
	at com.kms.katalon.core.keyword.BuiltinKeywords.callTestCase(BuiltinKeywords.groovy:350)
	at 1_Free_Spin_CALL.run(1_Free_Spin_CALL:210)
	at com.kms.katalon.core.main.ScriptEngine.run(ScriptEngine.java:194)
	at com.kms.katalon.core.main.ScriptEngine.runScriptAsRawText(ScriptEngine.java:119)
	at com.kms.katalon.core.main.TestCaseExecutor.runScript(TestCaseExecutor.java:337)
	at com.kms.katalon.core.main.TestCaseExecutor.doExecute(TestCaseExecutor.java:328)
	at com.kms.katalon.core.main.TestCaseExecutor.processExecutionPhase(TestCaseExecutor.java:307)
	at com.kms.katalon.core.main.TestCaseExecutor.accessMainPhase(TestCaseExecutor.java:299)
	at com.kms.katalon.core.main.TestCaseExecutor.execute(TestCaseExecutor.java:233)
	at com.kms.katalon.core.main.TestSuiteExecutor.accessTestCaseMainPhase(TestSuiteExecutor.java:150)
	at com.kms.katalon.core.main.TestSuiteExecutor.accessTestSuiteMainPhase(TestSuiteExecutor.java:123)
	at com.kms.katalon.core.main.TestSuiteExecutor.execute(TestSuiteExecutor.java:87)
	at com.kms.katalon.core.main.TestCaseMain.startTestSuite(TestCaseMain.java:157)
	at com.kms.katalon.core.main.TestCaseMain$startTestSuite$0.call(Unknown Source)
	at TempTestSuite1566611817802.run(TempTestSuite1566611817802.groovy:35)
)

2019-08-24 09:58:13 - [MESSAGE][FAILED] - Unable to call Test Case 'Test Cases/INT_env/compare_values/1_freeSpin_verify_value' (Root cause: com.kms.katalon.core.exception.StepFailedException: Call Test Case 'Test Cases/INT_env/compare_values/1_freeSpin_verify_value' failed
	at com.kms.katalon.core.keyword.builtin.CallTestCaseKeyword$_callTestCase_closure1.doCall(CallTestCaseKeyword.groovy:63)
	at com.kms.katalon.core.keyword.builtin.CallTestCaseKeyword$_callTestCase_closure1.call(CallTestCaseKeyword.groovy)
	at com.kms.katalon.core.keyword.internal.KeywordMain.runKeyword(KeywordMain.groovy:68)
	at com.kms.katalon.core.keyword.builtin.CallTestCaseKeyword.callTestCase(CallTestCaseKeyword.groovy:81)
	at com.kms.katalon.core.keyword.builtin.CallTestCaseKeyword.execute(CallTestCaseKeyword.groovy:44)
	at com.kms.katalon.core.keyword.internal.KeywordExecutor.executeKeywordForPlatform(KeywordExecutor.groovy:56)
	at com.kms.katalon.core.keyword.BuiltinKeywords.callTestCase(BuiltinKeywords.groovy:350)
	at 1_Free_Spin_CALL.run(1_Free_Spin_CALL:210)
	at com.kms.katalon.core.main.ScriptEngine.run(ScriptEngine.java:194)
	at com.kms.katalon.core.main.ScriptEngine.runScriptAsRawText(ScriptEngine.java:119)
	at com.kms.katalon.core.main.TestCaseExecutor.runScript(TestCaseExecutor.java:337)
	at com.kms.katalon.core.main.TestCaseExecutor.doExecute(TestCaseExecutor.java:328)
	at com.kms.katalon.core.main.TestCaseExecutor.processExecutionPhase(TestCaseExecutor.java:307)
	at com.kms.katalon.core.main.TestCaseExecutor.accessMainPhase(TestCaseExecutor.java:299)
	at com.kms.katalon.core.main.TestCaseExecutor.execute(TestCaseExecutor.java:233)
	at com.kms.katalon.core.main.TestSuiteExecutor.accessTestCaseMainPhase(TestSuiteExecutor.java:150)
	at com.kms.katalon.core.main.TestSuiteExecutor.accessTestSuiteMainPhase(TestSuiteExecutor.java:123)
	at com.kms.katalon.core.main.TestSuiteExecutor.execute(TestSuiteExecutor.java:87)
	at com.kms.katalon.core.main.TestCaseMain.startTestSuite(TestCaseMain.java:157)
	at com.kms.katalon.core.main.TestCaseMain$startTestSuite$0.call(Unknown Source)
	at TempTestSuite1566611817802.run(TempTestSuite1566611817802.groovy:35)
Caused by: com.kms.katalon.core.exception.StepFailedException: Unable to send request and verify the response (Root cause: java.net.UnknownHostException: ${partner}-rgs-history.3655oule.com
	at com.kms.katalon.core.webservice.common.RestfulClient.response(RestfulClient.java:192)
	at com.kms.katalon.core.webservice.common.RestfulClient.sendRequest(RestfulClient.java:97)
	at com.kms.katalon.core.webservice.common.RestfulClient.send(RestfulClient.java:59)
	at com.kms.katalon.core.webservice.keyword.builtin.SendRequestAndVerifyKeyword$_sendRequestAndVerify_closure1.doCall(SendRequestAndVerifyKeyword.groovy:47)
	at com.kms.katalon.core.webservice.keyword.builtin.SendRequestAndVerifyKeyword$_sendRequestAndVerify_closure1.call(SendRequestAndVerifyKeyword.groovy)
	at com.kms.katalon.core.keyword.internal.KeywordMain.runKeyword(KeywordMain.groovy:68)
	at com.kms.katalon.core.webservice.keyword.builtin.SendRequestAndVerifyKeyword.sendRequestAndVerify(SendRequestAndVerifyKeyword.groovy:43)
	at com.kms.katalon.core.webservice.keyword.builtin.SendRequestAndVerifyKeyword.execute(SendRequestAndVerifyKeyword.groovy:38)
	at com.kms.katalon.core.keyword.internal.KeywordExecutor.executeKeywordForPlatform(KeywordExecutor.groovy:56)
	at com.kms.katalon.core.webservice.keyword.WSBuiltInKeywords.sendRequestAndVerify(WSBuiltInKeywords.groovy:65)
	at com.kms.katalon.core.webservice.keyword.WSBuiltInKeywords$sendRequestAndVerify.call(Unknown Source)
	at 1_freeSpin_verify_value.run(1_freeSpin_verify_value:210)
	at com.kms.katalon.core.main.ScriptEngine.run(ScriptEngine.java:194)
	at com.kms.katalon.core.main.ScriptEngine.runScriptAsRawText(ScriptEngine.java:119)
	at com.kms.katalon.core.main.TestCaseExecutor.runScript(TestCaseExecutor.java:337)
	at com.kms.katalon.core.main.TestCaseExecutor.doExecute(TestCaseExecutor.java:328)
	at com.kms.katalon.core.main.TestCaseExecutor.processExecutionPhase(TestCaseExecutor.java:307)
	at com.kms.katalon.core.main.TestCaseExecutor.accessMainPhase(TestCaseExecutor.java:299)
	at com.kms.katalon.core.main.TestCaseExecutor.execute(TestCaseExecutor.java:233)
	at com.kms.katalon.core.main.TestCaseMain.runTestCase(TestCaseMain.java:114)
	at com.kms.katalon.core.keyword.builtin.CallTestCaseKeyword$_callTestCase_closure1.doCall(CallTestCaseKeyword.groovy:59)
	at com.kms.katalon.core.keyword.builtin.CallTestCaseKeyword$_callTestCase_closure1.call(CallTestCaseKeyword.groovy)
	at com.kms.katalon.core.keyword.internal.KeywordMain.runKeyword(KeywordMain.groovy:68)
	at com.kms.katalon.core.keyword.builtin.CallTestCaseKeyword.callTestCase(CallTestCaseKeyword.groovy:81)
	at com.kms.katalon.core.keyword.builtin.CallTestCaseKeyword.execute(CallTestCaseKeyword.groovy:44)
	at com.kms.katalon.core.keyword.internal.KeywordExecutor.executeKeywordForPlatform(KeywordExecutor.groovy:56)
	at com.kms.katalon.core.keyword.BuiltinKeywords.callTestCase(BuiltinKeywords.groovy:350)
	at 1_Free_Spin_CALL.run(1_Free_Spin_CALL:210)
	at com.kms.katalon.core.main.ScriptEngine.run(ScriptEngine.java:194)
	at com.kms.katalon.core.main.ScriptEngine.runScriptAsRawText(ScriptEngine.java:119)
	at com.kms.katalon.core.main.TestCaseExecutor.runScript(TestCaseExecutor.java:337)
	at com.kms.katalon.core.main.TestCaseExecutor.doExecute(TestCaseExecutor.java:328)
	at com.kms.katalon.core.main.TestCaseExecutor.processExecutionPhase(TestCaseExecutor.java:307)
	at com.kms.katalon.core.main.TestCaseExecutor.accessMainPhase(TestCaseExecutor.java:299)
	at com.kms.katalon.core.main.TestCaseExecutor.execute(TestCaseExecutor.java:233)
	at com.kms.katalon.core.main.TestSuiteExecutor.accessTestCaseMainPhase(TestSuiteExecutor.java:150)
	at com.kms.katalon.core.main.TestSuiteExecutor.accessTestSuiteMainPhase(TestSuiteExecutor.java:123)
	at com.kms.katalon.core.main.TestSuiteExecutor.execute(TestSuiteExecutor.java:87)
	at com.kms.katalon.core.main.TestCaseMain.startTestSuite(TestCaseMain.java:157)
	at com.kms.katalon.core.main.TestCaseMain$startTestSuite$0.call(Unknown Source)
	at TempTestSuite1566611817802.run(TempTestSuite1566611817802.groovy:35)
)
	at com.kms.katalon.core.keyword.internal.KeywordMain.stepFailed(KeywordMain.groovy:50)
	at com.kms.katalon.core.keyword.internal.KeywordMain.stepFailed(KeywordMain.groovy)
	at com.kms.katalon.core.keyword.internal.KeywordMain.runKeyword(KeywordMain.groovy:70)
	at com.kms.katalon.core.webservice.keyword.builtin.SendRequestAndVerifyKeyword.sendRequestAndVerify(SendRequestAndVerifyKeyword.groovy:43)
	at com.kms.katalon.core.webservice.keyword.builtin.SendRequestAndVerifyKeyword.execute(SendRequestAndVerifyKeyword.groovy:38)
	at com.kms.katalon.core.keyword.internal.KeywordExecutor.executeKeywordForPlatform(KeywordExecutor.groovy:56)
	at com.kms.katalon.core.webservice.keyword.WSBuiltInKeywords.sendRequestAndVerify(WSBuiltInKeywords.groovy:65)
	at com.kms.katalon.core.webservice.keyword.WSBuiltInKeywords$sendRequestAndVerify.call(Unknown Source)
	at 1_freeSpin_verify_value.run(1_freeSpin_verify_value:210)
	at com.kms.katalon.core.main.ScriptEngine.run(ScriptEngine.java:194)
	at com.kms.katalon.core.main.ScriptEngine.runScriptAsRawText(ScriptEngine.java:119)
	at com.kms.katalon.core.main.TestCaseExecutor.runScript(TestCaseExecutor.java:337)
	at com.kms.katalon.core.main.TestCaseExecutor.doExecute(TestCaseExecutor.java:328)
	at com.kms.katalon.core.main.TestCaseExecutor.processExecutionPhase(TestCaseExecutor.java:307)
	at com.kms.katalon.core.main.TestCaseExecutor.accessMainPhase(TestCaseExecutor.java:299)
	at com.kms.katalon.core.main.TestCaseExecutor.execute(TestCaseExecutor.java:233)
	at com.kms.katalon.core.main.TestCaseMain.runTestCase(TestCaseMain.java:114)
	at com.kms.katalon.core.keyword.builtin.CallTestCaseKeyword$_callTestCase_closure1.doCall(CallTestCaseKeyword.groovy:59)
	... 20 more
Caused by: java.net.UnknownHostException: ${partner}-rgs-history.3655oule.com
	at com.kms.katalon.core.webservice.common.RestfulClient.response(RestfulClient.java:192)
	at com.kms.katalon.core.webservice.common.RestfulClient.sendRequest(RestfulClient.java:97)
	at com.kms.katalon.core.webservice.common.RestfulClient.send(RestfulClient.java:59)
	at com.kms.katalon.core.webservice.keyword.builtin.SendRequestAndVerifyKeyword$_sendRequestAndVerify_closure1.doCall(SendRequestAndVerifyKeyword.groovy:47)
	at com.kms.katalon.core.webservice.keyword.builtin.SendRequestAndVerifyKeyword$_sendRequestAndVerify_closure1.call(SendRequestAndVerifyKeyword.groovy)
	at com.kms.katalon.core.keyword.internal.KeywordMain.runKeyword(KeywordMain.groovy:68)
	... 35 more
)</system-out>
            <system-err>2019-08-24 09:56:59 - [TEST_CASE][FAILED] - Test Cases/INT_env/1_Free_Spin_CALL: Test Cases/INT_env/1_Free_Spin_CALL FAILED.
Reason:
com.kms.katalon.core.exception.StepFailedException: Call Test Case 'Test Cases/INT_env/compare_values/1_freeSpin_verify_value' failed
	at com.kms.katalon.core.keyword.builtin.CallTestCaseKeyword$_callTestCase_closure1.doCall(CallTestCaseKeyword.groovy:63)
	at com.kms.katalon.core.keyword.builtin.CallTestCaseKeyword$_callTestCase_closure1.call(CallTestCaseKeyword.groovy)
	at com.kms.katalon.core.keyword.internal.KeywordMain.runKeyword(KeywordMain.groovy:68)
	at com.kms.katalon.core.keyword.builtin.CallTestCaseKeyword.callTestCase(CallTestCaseKeyword.groovy:81)
	at com.kms.katalon.core.keyword.builtin.CallTestCaseKeyword.execute(CallTestCaseKeyword.groovy:44)
	at com.kms.katalon.core.keyword.internal.KeywordExecutor.executeKeywordForPlatform(KeywordExecutor.groovy:56)
	at com.kms.katalon.core.keyword.BuiltinKeywords.callTestCase(BuiltinKeywords.groovy:350)
	at 1_Free_Spin_CALL.run(1_Free_Spin_CALL:210)
	at com.kms.katalon.core.main.ScriptEngine.run(ScriptEngine.java:194)
	at com.kms.katalon.core.main.ScriptEngine.runScriptAsRawText(ScriptEngine.java:119)
	at com.kms.katalon.core.main.TestCaseExecutor.runScript(TestCaseExecutor.java:337)
	at com.kms.katalon.core.main.TestCaseExecutor.doExecute(TestCaseExecutor.java:328)
	at com.kms.katalon.core.main.TestCaseExecutor.processExecutionPhase(TestCaseExecutor.java:307)
	at com.kms.katalon.core.main.TestCaseExecutor.accessMainPhase(TestCaseExecutor.java:299)
	at com.kms.katalon.core.main.TestCaseExecutor.execute(TestCaseExecutor.java:233)
	at com.kms.katalon.core.main.TestSuiteExecutor.accessTestCaseMainPhase(TestSuiteExecutor.java:150)
	at com.kms.katalon.core.main.TestSuiteExecutor.accessTestSuiteMainPhase(TestSuiteExecutor.java:123)
	at com.kms.katalon.core.main.TestSuiteExecutor.execute(TestSuiteExecutor.java:87)
	at com.kms.katalon.core.main.TestCaseMain.startTestSuite(TestCaseMain.java:157)
	at com.kms.katalon.core.main.TestCaseMain$startTestSuite$0.call(Unknown Source)
	at TempTestSuite1566611817802.run(TempTestSuite1566611817802.groovy:35)
Caused by: com.kms.katalon.core.exception.StepFailedException: Unable to send request and verify the response (Root cause: java.net.UnknownHostException: ${partner}-rgs-history.3655oule.com
	at com.kms.katalon.core.webservice.common.RestfulClient.response(RestfulClient.java:192)
	at com.kms.katalon.core.webservice.common.RestfulClient.sendRequest(RestfulClient.java:97)
	at com.kms.katalon.core.webservice.common.RestfulClient.send(RestfulClient.java:59)
	at com.kms.katalon.core.webservice.keyword.builtin.SendRequestAndVerifyKeyword$_sendRequestAndVerify_closure1.doCall(SendRequestAndVerifyKeyword.groovy:47)
	at com.kms.katalon.core.webservice.keyword.builtin.SendRequestAndVerifyKeyword$_sendRequestAndVerify_closure1.call(SendRequestAndVerifyKeyword.groovy)
	at com.kms.katalon.core.keyword.internal.KeywordMain.runKeyword(KeywordMain.groovy:68)
	at com.kms.katalon.core.webservice.keyword.builtin.SendRequestAndVerifyKeyword.sendRequestAndVerify(SendRequestAndVerifyKeyword.groovy:43)
	at com.kms.katalon.core.webservice.keyword.builtin.SendRequestAndVerifyKeyword.execute(SendRequestAndVerifyKeyword.groovy:38)
	at com.kms.katalon.core.keyword.internal.KeywordExecutor.executeKeywordForPlatform(KeywordExecutor.groovy:56)
	at com.kms.katalon.core.webservice.keyword.WSBuiltInKeywords.sendRequestAndVerify(WSBuiltInKeywords.groovy:65)
	at com.kms.katalon.core.webservice.keyword.WSBuiltInKeywords$sendRequestAndVerify.call(Unknown Source)
	at 1_freeSpin_verify_value.run(1_freeSpin_verify_value:210)
	at com.kms.katalon.core.main.ScriptEngine.run(ScriptEngine.java:194)
	at com.kms.katalon.core.main.ScriptEngine.runScriptAsRawText(ScriptEngine.java:119)
	at com.kms.katalon.core.main.TestCaseExecutor.runScript(TestCaseExecutor.java:337)
	at com.kms.katalon.core.main.TestCaseExecutor.doExecute(TestCaseExecutor.java:328)
	at com.kms.katalon.core.main.TestCaseExecutor.processExecutionPhase(TestCaseExecutor.java:307)
	at com.kms.katalon.core.main.TestCaseExecutor.accessMainPhase(TestCaseExecutor.java:299)
	at com.kms.katalon.core.main.TestCaseExecutor.execute(TestCaseExecutor.java:233)
	at com.kms.katalon.core.main.TestCaseMain.runTestCase(TestCaseMain.java:114)
	at com.kms.katalon.core.keyword.builtin.CallTestCaseKeyword$_callTestCase_closure1.doCall(CallTestCaseKeyword.groovy:59)
	at com.kms.katalon.core.keyword.builtin.CallTestCaseKeyword$_callTestCase_closure1.call(CallTestCaseKeyword.groovy)
	at com.kms.katalon.core.keyword.internal.KeywordMain.runKeyword(KeywordMain.groovy:68)
	at com.kms.katalon.core.keyword.builtin.CallTestCaseKeyword.callTestCase(CallTestCaseKeyword.groovy:81)
	at com.kms.katalon.core.keyword.builtin.CallTestCaseKeyword.execute(CallTestCaseKeyword.groovy:44)
	at com.kms.katalon.core.keyword.internal.KeywordExecutor.executeKeywordForPlatform(KeywordExecutor.groovy:56)
	at com.kms.katalon.core.keyword.BuiltinKeywords.callTestCase(BuiltinKeywords.groovy:350)
	at 1_Free_Spin_CALL.run(1_Free_Spin_CALL:210)
	at com.kms.katalon.core.main.ScriptEngine.run(ScriptEngine.java:194)
	at com.kms.katalon.core.main.ScriptEngine.runScriptAsRawText(ScriptEngine.java:119)
	at com.kms.katalon.core.main.TestCaseExecutor.runScript(TestCaseExecutor.java:337)
	at com.kms.katalon.core.main.TestCaseExecutor.doExecute(TestCaseExecutor.java:328)
	at com.kms.katalon.core.main.TestCaseExecutor.processExecutionPhase(TestCaseExecutor.java:307)
	at com.kms.katalon.core.main.TestCaseExecutor.accessMainPhase(TestCaseExecutor.java:299)
	at com.kms.katalon.core.main.TestCaseExecutor.execute(TestCaseExecutor.java:233)
	at com.kms.katalon.core.main.TestSuiteExecutor.accessTestCaseMainPhase(TestSuiteExecutor.java:150)
	at com.kms.katalon.core.main.TestSuiteExecutor.accessTestSuiteMainPhase(TestSuiteExecutor.java:123)
	at com.kms.katalon.core.main.TestSuiteExecutor.execute(TestSuiteExecutor.java:87)
	at com.kms.katalon.core.main.TestCaseMain.startTestSuite(TestCaseMain.java:157)
	at com.kms.katalon.core.main.TestCaseMain$startTestSuite$0.call(Unknown Source)
	at TempTestSuite1566611817802.run(TempTestSuite1566611817802.groovy:35)
)
	at com.kms.katalon.core.keyword.internal.KeywordMain.stepFailed(KeywordMain.groovy:50)
	at com.kms.katalon.core.keyword.internal.KeywordMain.stepFailed(KeywordMain.groovy)
	at com.kms.katalon.core.keyword.internal.KeywordMain.runKeyword(KeywordMain.groovy:70)
	at com.kms.katalon.core.webservice.keyword.builtin.SendRequestAndVerifyKeyword.sendRequestAndVerify(SendRequestAndVerifyKeyword.groovy:43)
	at com.kms.katalon.core.webservice.keyword.builtin.SendRequestAndVerifyKeyword.execute(SendRequestAndVerifyKeyword.groovy:38)
	at com.kms.katalon.core.keyword.internal.KeywordExecutor.executeKeywordForPlatform(KeywordExecutor.groovy:56)
	at com.kms.katalon.core.webservice.keyword.WSBuiltInKeywords.sendRequestAndVerify(WSBuiltInKeywords.groovy:65)
	at com.kms.katalon.core.webservice.keyword.WSBuiltInKeywords$sendRequestAndVerify.call(Unknown Source)
	at 1_freeSpin_verify_value.run(1_freeSpin_verify_value:210)
	at com.kms.katalon.core.main.ScriptEngine.run(ScriptEngine.java:194)
	at com.kms.katalon.core.main.ScriptEngine.runScriptAsRawText(ScriptEngine.java:119)
	at com.kms.katalon.core.main.TestCaseExecutor.runScript(TestCaseExecutor.java:337)
	at com.kms.katalon.core.main.TestCaseExecutor.doExecute(TestCaseExecutor.java:328)
	at com.kms.katalon.core.main.TestCaseExecutor.processExecutionPhase(TestCaseExecutor.java:307)
	at com.kms.katalon.core.main.TestCaseExecutor.accessMainPhase(TestCaseExecutor.java:299)
	at com.kms.katalon.core.main.TestCaseExecutor.execute(TestCaseExecutor.java:233)
	at com.kms.katalon.core.main.TestCaseMain.runTestCase(TestCaseMain.java:114)
	at com.kms.katalon.core.keyword.builtin.CallTestCaseKeyword$_callTestCase_closure1.doCall(CallTestCaseKeyword.groovy:59)
	... 20 more
Caused by: java.net.UnknownHostException: ${partner}-rgs-history.3655oule.com
	at com.kms.katalon.core.webservice.common.RestfulClient.response(RestfulClient.java:192)
	at com.kms.katalon.core.webservice.common.RestfulClient.sendRequest(RestfulClient.java:97)
	at com.kms.katalon.core.webservice.common.RestfulClient.send(RestfulClient.java:59)
	at com.kms.katalon.core.webservice.keyword.builtin.SendRequestAndVerifyKeyword$_sendRequestAndVerify_closure1.doCall(SendRequestAndVerifyKeyword.groovy:47)
	at com.kms.katalon.core.webservice.keyword.builtin.SendRequestAndVerifyKeyword$_sendRequestAndVerify_closure1.call(SendRequestAndVerifyKeyword.groovy)
	at com.kms.katalon.core.keyword.internal.KeywordMain.runKeyword(KeywordMain.groovy:68)
	... 35 more</system-err>
        </testcase>
        <system-out>2019-08-24 09:56:59 - [TEST_SUITE][INCOMPLETE] - superWild_1: null</system-out>
        <system-err>2019-08-24 09:56:59 - [TEST_SUITE][INCOMPLETE] - superWild_1: null</system-err>
    </testsuite>
</testsuites>
