<?xml version="1.0" encoding="UTF-8" standalone="yes"?>
<testsuites name="6_Normal" time="473" tests="1" failures="0" errors="0">
    <testsuite name="6_Normal" tests="1" failures="0" errors="0" time="473" timestamp="2019-08-15 16:23:18" hostname="eiralee - 172.16.60.194" id="Test Suites/STG/6_Normal">
        <properties>
            <property name="deviceName" value=""/>
            <property name="devicePlatform" value=""/>
            <property name="logFolder" value="/Users/eiralee/Katalon_Script/SuperWild/Reports/STG/6_Normal/20190815_162306"/>
            <property name="logFiles" value="/Users/eiralee/Katalon_Script/SuperWild/Reports/STG/6_Normal/20190815_162306/execution0.log, /Users/eiralee/Katalon_Script/SuperWild/Reports/STG/6_Normal/20190815_162306/execution1.log, /Users/eiralee/Katalon_Script/SuperWild/Reports/STG/6_Normal/20190815_162306/execution2.log"/>
            <property name="attachments" value=""/>
            <property name="hostName" value="eiralee - 172.16.60.194"/>
            <property name="hostAddress" value="172.16.60.194"/>
            <property name="os" value="Mac OS X 64bit"/>
            <property name="katalonVersion" value="6.2.0.1"/>
        </properties>
        <testcase name="Test Cases/STG_env/6_Normal_CALL" classname="Test Cases/STG_env/6_Normal_CALL" status="PASSED">
            <system-out>2019-08-15 16:23:18 - [TEST_CASE][PASSED] - Test Cases/STG_env/6_Normal_CALL: Test Cases/STG_env/6_Normal_CALL

2019-08-15 16:23:19 - [TEST_STEP][PASSED] - Normal = new java.util.ArrayList(): null

2019-08-15 16:23:19 - [TEST_STEP][PASSED] - Normal.add("type"): null

2019-08-15 16:23:19 - [TEST_STEP][PASSED] - Normal.add("complete"): null

2019-08-15 16:23:19 - [TEST_STEP][PASSED] - Normal.add("feature_state"): null

2019-08-15 16:23:19 - [TEST_STEP][PASSED] - sendRequestAndVerify(findTestObject("STG/Wallet/Get_Session_Token", ["url_krug_gw":url_krug_gw, "partner":Partner, "secret_key":secret_key, "userid":Userid])): Send request and verify the response successfully

2019-08-15 16:23:20 - [TEST_CASE][PASSED] - Start Test Case : Verification: Verification accomplished successfully

2019-08-15 16:23:20 - [TEST_STEP][PASSED] - request = getInstance().getCurrentRequest(): null

2019-08-15 16:23:20 - [TEST_STEP][PASSED] - response = getInstance().getCurrentResponse(): null

2019-08-15 16:23:20 - [TEST_STEP][PASSED] - verifyResponseStatusCode(response, 200): Verify response status code successfully

2019-08-15 16:23:20 - [MESSAGE][PASSED] - Verify response status code successfully

2019-08-15 16:23:20 - [TEST_STEP][PASSED] - getStatusCode()).isEqualTo(200): null

2019-08-15 16:23:20 - [TEST_STEP][PASSED] - getResponseText()).contains("session_token"): null

2019-08-15 16:23:20 - [TEST_STEP][PASSED] - getsession = new groovy.json.JsonSlurper(): null

2019-08-15 16:23:20 - [TEST_STEP][PASSED] - result_getsession = getsession.parseText(response.getResponseBodyContent()): null

2019-08-15 16:23:20 - [TEST_STEP][PASSED] - session_token = session_token: null

2019-08-15 16:23:20 - [TEST_STEP][PASSED] - println("...value extracted is :" + session_token): null

2019-08-15 16:23:20 - [TEST_STEP][PASSED] - session_token = session_token: null

2019-08-15 16:23:22 - [TEST_STEP][PASSED] - println("GlobalVariable is :" + session_token): null

2019-08-15 16:23:22 - [TEST_STEP][PASSED] - internal_balance = internal_balance: null

2019-08-15 16:23:22 - [TEST_STEP][PASSED] - internal_balance = internal_balance: null

2019-08-15 16:23:22 - [MESSAGE][PASSED] - Verify response successfully

2019-08-15 16:23:22 - [MESSAGE][PASSED] - Send request and verify the response successfully

2019-08-15 16:23:22 - [TEST_STEP][PASSED] - M4_login = sendRequestAndVerify(findTestObject("STG/RGS(M4)/M4_Login", ["partner":Partner, "game_code":Game_code, "session_token":session_token])): Send request and verify the response successfully

2019-08-15 16:23:22 - [TEST_CASE][PASSED] - Start Test Case : Verification: Verification accomplished successfully

2019-08-15 16:23:22 - [TEST_STEP][PASSED] - request = getInstance().getCurrentRequest(): null

2019-08-15 16:23:22 - [TEST_STEP][PASSED] - response = getInstance().getCurrentResponse(): null

2019-08-15 16:23:22 - [TEST_STEP][PASSED] - verifyResponseStatusCode(response, 200): Verify response status code successfully

2019-08-15 16:23:22 - [MESSAGE][PASSED] - Verify response status code successfully

2019-08-15 16:23:22 - [TEST_STEP][PASSED] - getStatusCode()).isEqualTo(200): null

2019-08-15 16:23:22 - [TEST_STEP][PASSED] - newline = System.getProperty("line.separator"): null

2019-08-15 16:23:22 - [TEST_STEP][PASSED] - M4_login = new groovy.json.JsonSlurper(): null

2019-08-15 16:23:22 - [TEST_STEP][PASSED] - result_M4_login = M4_login.parseText(response.getResponseBodyContent()): null

2019-08-15 16:23:22 - [TEST_STEP][PASSED] - M4_login_user_id = user_id: null

2019-08-15 16:23:22 - [TEST_STEP][PASSED] - println("playerid is: " + M4_login_user_id): null

2019-08-15 16:23:22 - [TEST_STEP][PASSED] - M4_login_user_id = M4_login_user_id: null

2019-08-15 16:23:22 - [MESSAGE][PASSED] - Verify response successfully

2019-08-15 16:23:22 - [MESSAGE][PASSED] - Send request and verify the response successfully

2019-08-15 16:23:22 - [TEST_STEP][PASSED] - M4_login_user_id = M4_login_user_id: null

2019-08-15 16:23:22 - [TEST_STEP][PASSED] - M4_init = sendRequestAndVerify(findTestObject("STG/RGS(M4)/M4_init", ["partner":Partner, "M4_recorder":M4_recorder, "M4_login_user_id":M4_login_user_id])): Send request and verify the response successfully

2019-08-15 16:23:22 - [TEST_CASE][PASSED] - Start Test Case : Verification: Verification accomplished successfully

2019-08-15 16:23:23 - [TEST_STEP][PASSED] - request = getInstance().getCurrentRequest(): null

2019-08-15 16:23:23 - [TEST_STEP][PASSED] - response = getInstance().getCurrentResponse(): null

2019-08-15 16:23:23 - [TEST_STEP][PASSED] - verifyResponseStatusCode(response, 200): Verify response status code successfully

2019-08-15 16:23:23 - [MESSAGE][PASSED] - Verify response status code successfully

2019-08-15 16:23:23 - [TEST_STEP][PASSED] - getStatusCode()).isEqualTo(200): null

2019-08-15 16:23:23 - [TEST_STEP][PASSED] - newline = System.getProperty("line.separator"): null

2019-08-15 16:23:23 - [TEST_STEP][PASSED] - M4_init = new groovy.json.JsonSlurper(): null

2019-08-15 16:23:23 - [TEST_STEP][PASSED] - result_M4_init = M4_init.parseText(response.getResponseBodyContent()): null

2019-08-15 16:23:23 - [TEST_STEP][PASSED] - rgs_session_token = session_token: null

2019-08-15 16:23:23 - [TEST_STEP][PASSED] - rgs_session_token = rgs_session_token: null

2019-08-15 16:23:23 - [TEST_STEP][PASSED] - M4_init_balance = balance: null

2019-08-15 16:23:23 - [TEST_STEP][PASSED] - M4_init_balance = M4_init_balance: null

2019-08-15 16:23:23 - [TEST_STEP][PASSED] - game_code = genesis_id: null

2019-08-15 16:23:23 - [TEST_STEP][PASSED] - game_code = game_code: null

2019-08-15 16:23:23 - [TEST_STEP][PASSED] - M4_free_round = free_round: null

2019-08-15 16:23:23 - [TEST_STEP][PASSED] - M4_free_round = M4_free_round: null

2019-08-15 16:23:23 - [MESSAGE][PASSED] - Verify response successfully

2019-08-15 16:23:23 - [MESSAGE][PASSED] - Send request and verify the response successfully

2019-08-15 16:23:23 - [TEST_STEP][PASSED] - rgs_session_token = rgs_session_token: null

2019-08-15 16:23:23 - [TEST_STEP][PASSED] - for ([i = 0, i &lt;= 1000, (i++)]): null

2019-08-15 16:23:23 - [TEST_STEP][PASSED] - free_spin_reel_counter = free_spin_reel_counter: null

2019-08-15 16:23:23 - [TEST_STEP][PASSED] - M4_spin_reels_symbols = M4_spin_reels_symbols: null

2019-08-15 16:23:23 - [TEST_STEP][PASSED] - M4_total_bonus_spins = M4_total_bonus_spins: null

2019-08-15 16:23:23 - [TEST_STEP][PASSED] - spin_result = sendRequestAndVerify(findTestObject("STG/RGS(M4)/1_M4_spin", ["M4_login_user_id":M4_login_user_id, "rgs_session_token":rgs_session_token, "partner":Partner])): Send request and verify the response successfully

2019-08-15 16:23:23 - [TEST_CASE][PASSED] - Start Test Case : Verification: Verification accomplished successfully

2019-08-15 16:23:23 - [TEST_STEP][PASSED] - request = getInstance().getCurrentRequest(): null

2019-08-15 16:23:23 - [TEST_STEP][PASSED] - response = getInstance().getCurrentResponse(): null

2019-08-15 16:23:23 - [TEST_STEP][PASSED] - verifyResponseStatusCode(response, 200): Verify response status code successfully

2019-08-15 16:23:23 - [MESSAGE][PASSED] - Verify response status code successfully

2019-08-15 16:23:23 - [TEST_STEP][PASSED] - getStatusCode()).isEqualTo(200): null

2019-08-15 16:23:23 - [TEST_STEP][PASSED] - newline = System.getProperty("line.separator"): null

2019-08-15 16:23:23 - [TEST_STEP][PASSED] - M4_spin = new groovy.json.JsonSlurper(): null

2019-08-15 16:23:23 - [TEST_STEP][PASSED] - result_M4_spin = M4_spin.parseText(response.getResponseBodyContent()): null

2019-08-15 16:23:23 - [TEST_STEP][PASSED] - M4_spin_current_balance = current_balance: null

2019-08-15 16:23:23 - [TEST_STEP][PASSED] - M4_spin_current_balance = M4_spin_current_balance: null

2019-08-15 16:23:23 - [TEST_STEP][PASSED] - M4_spin_transaction_id = causality: null

2019-08-15 16:23:23 - [TEST_STEP][PASSED] - M4_spin_transaction_id = M4_spin_transaction_id: null

2019-08-15 16:23:23 - [TEST_STEP][PASSED] - M4_spin_round_id = round_id: null

2019-08-15 16:23:23 - [TEST_STEP][PASSED] - M4_spin_round_id = M4_spin_round_id: null

2019-08-15 16:23:23 - [TEST_STEP][PASSED] - M4_spin_line_wins = line_wins: null

2019-08-15 16:23:23 - [TEST_STEP][PASSED] - M4_spin_line_wins = M4_spin_line_wins: null

2019-08-15 16:23:23 - [TEST_STEP][PASSED] - M4_total_bonus_spins_int = total_bonus_spins: null

2019-08-15 16:23:23 - [TEST_STEP][PASSED] - println("******M4_total_bonus_spins type is:*******" + newline + getClass().getName()): null

2019-08-15 16:23:23 - [TEST_STEP][PASSED] - M4_total_bonus_spins_int = M4_total_bonus_spins_int: null

2019-08-15 16:23:23 - [TEST_STEP][PASSED] - M4_total_bonus_spins = Integer.toString(M4_total_bonus_spins_int): null

2019-08-15 16:23:23 - [TEST_STEP][PASSED] - M4_total_bonus_spins = M4_total_bonus_spins: null

2019-08-15 16:23:23 - [TEST_STEP][PASSED] - println("M4_total_bonus_spins is:" + M4_total_bonus_spins): null

2019-08-15 16:23:23 - [TEST_STEP][PASSED] - M4_spin_bonus_data = bonus_data: null

2019-08-15 16:23:23 - [TEST_STEP][PASSED] - M4_spin_features_triggered = result_M4_spin: null

2019-08-15 16:23:23 - [TEST_STEP][PASSED] - wild = []: null

2019-08-15 16:23:23 - [TEST_STEP][PASSED] - wild[0] = "WILD_Expanding": null

2019-08-15 16:23:23 - [TEST_STEP][PASSED] - wild[1] = "WILD_Normal": null

2019-08-15 16:23:23 - [TEST_STEP][PASSED] - wild[2] = "WILD_Double": null

2019-08-15 16:23:23 - [TEST_STEP][PASSED] - wild[3] = "WILD_ExtraFG": null

2019-08-15 16:23:23 - [TEST_STEP][PASSED] - wild[4] = "WILD_Triple": null

2019-08-15 16:23:23 - [TEST_STEP][PASSED] - wildList = Arrays.asList(wild): null

2019-08-15 16:23:23 - [TEST_STEP][PASSED] - wildList = wildList: null

2019-08-15 16:23:23 - [TEST_STEP][PASSED] - free_spin_reel_counter = []: null

2019-08-15 16:23:23 - [TEST_STEP][PASSED] - free_spin_reel_counter[0] = 0: null

2019-08-15 16:23:23 - [TEST_STEP][PASSED] - free_spin_reel_counter[1] = 0: null

2019-08-15 16:23:23 - [TEST_STEP][PASSED] - free_spin_reel_counter[2] = 0: null

2019-08-15 16:23:23 - [TEST_STEP][PASSED] - M4_spin_reels = reels: null

2019-08-15 16:23:23 - [TEST_STEP][PASSED] - for ([i = 0, i &lt; M4_spin_reels.size(), (i++)]): null

2019-08-15 16:23:23 - [TEST_STEP][PASSED] - symbols = symbols: null

2019-08-15 16:23:23 - [TEST_STEP][PASSED] - for ([j = 0, j &lt; symbols.size(), (j++)]): null

2019-08-15 16:23:23 - [TEST_STEP][PASSED] - symbol = symbol: null

2019-08-15 16:23:23 - [TEST_STEP][PASSED] - println(symbol): null

2019-08-15 16:23:23 - [TEST_STEP][PASSED] - if (i == 2 &amp;&amp; wildList.indexOf(symbol) != -1): null

2019-08-15 16:23:23 - [TEST_STEP][PASSED] - if (i == 3 &amp;&amp; wildList.indexOf(symbol) != -1): null

2019-08-15 16:23:23 - [TEST_STEP][PASSED] - if (i == 4 &amp;&amp; wildList.indexOf(symbol) != -1): null

2019-08-15 16:23:23 - [TEST_STEP][PASSED] - symbol = symbol: null

2019-08-15 16:23:23 - [TEST_STEP][PASSED] - println(symbol): null

2019-08-15 16:23:23 - [TEST_STEP][PASSED] - if (i == 2 &amp;&amp; wildList.indexOf(symbol) != -1): null

2019-08-15 16:23:23 - [TEST_STEP][PASSED] - if (i == 3 &amp;&amp; wildList.indexOf(symbol) != -1): null

2019-08-15 16:23:23 - [TEST_STEP][PASSED] - if (i == 4 &amp;&amp; wildList.indexOf(symbol) != -1): null

2019-08-15 16:23:23 - [TEST_STEP][PASSED] - symbol = symbol: null

2019-08-15 16:23:23 - [TEST_STEP][PASSED] - println(symbol): null

2019-08-15 16:23:23 - [TEST_STEP][PASSED] - if (i == 2 &amp;&amp; wildList.indexOf(symbol) != -1): null

2019-08-15 16:23:23 - [TEST_STEP][PASSED] - if (i == 3 &amp;&amp; wildList.indexOf(symbol) != -1): null

2019-08-15 16:23:23 - [TEST_STEP][PASSED] - if (i == 4 &amp;&amp; wildList.indexOf(symbol) != -1): null

2019-08-15 16:23:23 - [TEST_STEP][PASSED] - symbols = symbols: null

2019-08-15 16:23:23 - [TEST_STEP][PASSED] - for ([j = 0, j &lt; symbols.size(), (j++)]): null

2019-08-15 16:23:23 - [TEST_STEP][PASSED] - symbol = symbol: null

2019-08-15 16:23:23 - [TEST_STEP][PASSED] - println(symbol): null

2019-08-15 16:23:23 - [TEST_STEP][PASSED] - if (i == 2 &amp;&amp; wildList.indexOf(symbol) != -1): null

2019-08-15 16:23:23 - [TEST_STEP][PASSED] - if (i == 3 &amp;&amp; wildList.indexOf(symbol) != -1): null

2019-08-15 16:23:23 - [TEST_STEP][PASSED] - if (i == 4 &amp;&amp; wildList.indexOf(symbol) != -1): null

2019-08-15 16:23:23 - [TEST_STEP][PASSED] - symbol = symbol: null

2019-08-15 16:23:23 - [TEST_STEP][PASSED] - println(symbol): null

2019-08-15 16:23:23 - [TEST_STEP][PASSED] - if (i == 2 &amp;&amp; wildList.indexOf(symbol) != -1): null

2019-08-15 16:23:23 - [TEST_STEP][PASSED] - if (i == 3 &amp;&amp; wildList.indexOf(symbol) != -1): null

2019-08-15 16:23:23 - [TEST_STEP][PASSED] - if (i == 4 &amp;&amp; wildList.indexOf(symbol) != -1): null

2019-08-15 16:23:23 - [TEST_STEP][PASSED] - symbol = symbol: null

2019-08-15 16:23:23 - [TEST_STEP][PASSED] - println(symbol): null

2019-08-15 16:23:23 - [TEST_STEP][PASSED] - if (i == 2 &amp;&amp; wildList.indexOf(symbol) != -1): null

2019-08-15 16:23:23 - [TEST_STEP][PASSED] - if (i == 3 &amp;&amp; wildList.indexOf(symbol) != -1): null

2019-08-15 16:23:23 - [TEST_STEP][PASSED] - if (i == 4 &amp;&amp; wildList.indexOf(symbol) != -1): null

2019-08-15 16:23:23 - [TEST_STEP][PASSED] - symbols = symbols: null

2019-08-15 16:23:23 - [TEST_STEP][PASSED] - for ([j = 0, j &lt; symbols.size(), (j++)]): null

2019-08-15 16:23:23 - [TEST_STEP][PASSED] - symbol = symbol: null

2019-08-15 16:23:23 - [TEST_STEP][PASSED] - println(symbol): null

2019-08-15 16:23:23 - [TEST_STEP][PASSED] - if (i == 2 &amp;&amp; wildList.indexOf(symbol) != -1): null

2019-08-15 16:23:23 - [TEST_STEP][PASSED] - if (i == 3 &amp;&amp; wildList.indexOf(symbol) != -1): null

2019-08-15 16:23:23 - [TEST_STEP][PASSED] - if (i == 4 &amp;&amp; wildList.indexOf(symbol) != -1): null

2019-08-15 16:23:23 - [TEST_STEP][PASSED] - symbol = symbol: null

2019-08-15 16:23:23 - [TEST_STEP][PASSED] - println(symbol): null

2019-08-15 16:23:23 - [TEST_STEP][PASSED] - if (i == 2 &amp;&amp; wildList.indexOf(symbol) != -1): null

2019-08-15 16:23:23 - [TEST_STEP][PASSED] - if (i == 3 &amp;&amp; wildList.indexOf(symbol) != -1): null

2019-08-15 16:23:23 - [TEST_STEP][PASSED] - if (i == 4 &amp;&amp; wildList.indexOf(symbol) != -1): null

2019-08-15 16:23:23 - [TEST_STEP][PASSED] - symbol = symbol: null

2019-08-15 16:23:23 - [TEST_STEP][PASSED] - println(symbol): null

2019-08-15 16:23:23 - [TEST_STEP][PASSED] - if (i == 2 &amp;&amp; wildList.indexOf(symbol) != -1): null

2019-08-15 16:23:23 - [TEST_STEP][PASSED] - if (i == 3 &amp;&amp; wildList.indexOf(symbol) != -1): null

2019-08-15 16:23:23 - [TEST_STEP][PASSED] - if (i == 4 &amp;&amp; wildList.indexOf(symbol) != -1): null

2019-08-15 16:23:23 - [TEST_STEP][PASSED] - symbols = symbols: null

2019-08-15 16:23:23 - [TEST_STEP][PASSED] - for ([j = 0, j &lt; symbols.size(), (j++)]): null

2019-08-15 16:23:23 - [TEST_STEP][PASSED] - symbol = symbol: null

2019-08-15 16:23:23 - [TEST_STEP][PASSED] - println(symbol): null

2019-08-15 16:23:23 - [TEST_STEP][PASSED] - if (i == 2 &amp;&amp; wildList.indexOf(symbol) != -1): null

2019-08-15 16:23:23 - [TEST_STEP][PASSED] - if (i == 3 &amp;&amp; wildList.indexOf(symbol) != -1): null

2019-08-15 16:23:23 - [TEST_STEP][PASSED] - if (i == 4 &amp;&amp; wildList.indexOf(symbol) != -1): null

2019-08-15 16:23:23 - [TEST_STEP][PASSED] - symbol = symbol: null

2019-08-15 16:23:23 - [TEST_STEP][PASSED] - println(symbol): null

2019-08-15 16:23:23 - [TEST_STEP][PASSED] - if (i == 2 &amp;&amp; wildList.indexOf(symbol) != -1): null

2019-08-15 16:23:23 - [TEST_STEP][PASSED] - if (i == 3 &amp;&amp; wildList.indexOf(symbol) != -1): null

2019-08-15 16:23:23 - [TEST_STEP][PASSED] - if (i == 4 &amp;&amp; wildList.indexOf(symbol) != -1): null

2019-08-15 16:23:23 - [TEST_STEP][PASSED] - symbol = symbol: null

2019-08-15 16:23:23 - [TEST_STEP][PASSED] - println(symbol): null

2019-08-15 16:23:23 - [TEST_STEP][PASSED] - if (i == 2 &amp;&amp; wildList.indexOf(symbol) != -1): null

2019-08-15 16:23:23 - [TEST_STEP][PASSED] - if (i == 3 &amp;&amp; wildList.indexOf(symbol) != -1): null

2019-08-15 16:23:23 - [TEST_STEP][PASSED] - if (i == 4 &amp;&amp; wildList.indexOf(symbol) != -1): null

2019-08-15 16:23:23 - [TEST_STEP][PASSED] - symbols = symbols: null

2019-08-15 16:23:23 - [TEST_STEP][PASSED] - for ([j = 0, j &lt; symbols.size(), (j++)]): null

2019-08-15 16:23:23 - [TEST_STEP][PASSED] - symbol = symbol: null

2019-08-15 16:23:23 - [TEST_STEP][PASSED] - println(symbol): null

2019-08-15 16:23:23 - [TEST_STEP][PASSED] - if (i == 2 &amp;&amp; wildList.indexOf(symbol) != -1): null

2019-08-15 16:23:23 - [TEST_STEP][PASSED] - if (i == 3 &amp;&amp; wildList.indexOf(symbol) != -1): null

2019-08-15 16:23:23 - [TEST_STEP][PASSED] - if (i == 4 &amp;&amp; wildList.indexOf(symbol) != -1): null

2019-08-15 16:23:23 - [TEST_STEP][PASSED] - symbol = symbol: null

2019-08-15 16:23:23 - [TEST_STEP][PASSED] - println(symbol): null

2019-08-15 16:23:23 - [TEST_STEP][PASSED] - if (i == 2 &amp;&amp; wildList.indexOf(symbol) != -1): null

2019-08-15 16:23:23 - [TEST_STEP][PASSED] - if (i == 3 &amp;&amp; wildList.indexOf(symbol) != -1): null

2019-08-15 16:23:23 - [TEST_STEP][PASSED] - if (i == 4 &amp;&amp; wildList.indexOf(symbol) != -1): null

2019-08-15 16:23:23 - [TEST_STEP][PASSED] - symbol = symbol: null

2019-08-15 16:23:23 - [TEST_STEP][PASSED] - println(symbol): null

2019-08-15 16:23:23 - [TEST_STEP][PASSED] - if (i == 2 &amp;&amp; wildList.indexOf(symbol) != -1): null

2019-08-15 16:23:23 - [TEST_STEP][PASSED] - if (i == 3 &amp;&amp; wildList.indexOf(symbol) != -1): null

2019-08-15 16:23:23 - [TEST_STEP][PASSED] - if (i == 4 &amp;&amp; wildList.indexOf(symbol) != -1): null

2019-08-15 16:23:23 - [TEST_STEP][PASSED] - free_spin_reel_counter = free_spin_reel_counter: null

2019-08-15 16:23:23 - [TEST_STEP][PASSED] - println("reel 3 wild found: " + free_spin_reel_counter[0]): null

2019-08-15 16:23:23 - [TEST_STEP][PASSED] - println("reel 4 wild found: " + free_spin_reel_counter[1]): null

2019-08-15 16:23:23 - [TEST_STEP][PASSED] - println("reel 5 wild found: " + free_spin_reel_counter[2]): null

2019-08-15 16:23:23 - [TEST_STEP][PASSED] - M4_spin_reels = M4_spin_reels: null

2019-08-15 16:23:23 - [TEST_STEP][PASSED] - M4_spin_reels_symbols = symbol: null

2019-08-15 16:23:23 - [TEST_STEP][PASSED] - M4_spin_reels_symbols = M4_spin_reels_symbols: null

2019-08-15 16:23:23 - [TEST_STEP][PASSED] - M4_spin_reel_wins = reel_wins: null

2019-08-15 16:23:23 - [TEST_STEP][PASSED] - M4_spin_reel_wins = M4_spin_reel_wins: null

2019-08-15 16:23:23 - [TEST_STEP][PASSED] - println("GlobalVariable.M4_spin_reel_wins is: " + M4_spin_reel_wins): null

2019-08-15 16:23:23 - [TEST_STEP][PASSED] - M4_spin_total_bonus_win_this_round = total_bonus_win_this_round: null

2019-08-15 16:23:23 - [TEST_STEP][PASSED] - M4_spin_total_bonus_win_this_round = M4_spin_total_bonus_win_this_round: null

2019-08-15 16:23:23 - [TEST_STEP][PASSED] - println("GlobalVariable.M4_spin_total_bonus_win_this_round is: " + M4_spin_total_bonus_win_this_round): null

2019-08-15 16:23:23 - [MESSAGE][PASSED] - Verify response successfully

2019-08-15 16:23:23 - [MESSAGE][PASSED] - Send request and verify the response successfully

2019-08-15 16:23:23 - [TEST_STEP][PASSED] - if (M4_total_bonus_spins_int != 0 &amp;&amp; M4_spin_reels_symbols[2].contains("WILD_Normal") || M4_spin_reels_symbols[3].contains("WILD_Normal") || M4_spin_reels_symbols[4].contains("WILD_Normal")): null

2019-08-15 16:23:23 - [TEST_STEP][PASSED] - free_spin_reel_counter = free_spin_reel_counter: null

2019-08-15 16:23:23 - [TEST_STEP][PASSED] - M4_spin_reels_symbols = M4_spin_reels_symbols: null

2019-08-15 16:23:23 - [TEST_STEP][PASSED] - M4_total_bonus_spins = M4_total_bonus_spins: null

2019-08-15 16:23:23 - [TEST_STEP][PASSED] - spin_result = sendRequestAndVerify(findTestObject("STG/RGS(M4)/1_M4_spin", ["M4_login_user_id":M4_login_user_id, "rgs_session_token":rgs_session_token, "partner":Partner])): Send request and verify the response successfully

2019-08-15 16:23:23 - [TEST_CASE][PASSED] - Start Test Case : Verification: Verification accomplished successfully

2019-08-15 16:23:23 - [TEST_STEP][PASSED] - request = getInstance().getCurrentRequest(): null

2019-08-15 16:23:23 - [TEST_STEP][PASSED] - response = getInstance().getCurrentResponse(): null

2019-08-15 16:23:23 - [TEST_STEP][PASSED] - verifyResponseStatusCode(response, 200): Verify response status code successfully

2019-08-15 16:23:23 - [MESSAGE][PASSED] - Verify response status code successfully

2019-08-15 16:23:23 - [TEST_STEP][PASSED] - getStatusCode()).isEqualTo(200): null

2019-08-15 16:23:23 - [TEST_STEP][PASSED] - newline = System.getProperty("line.separator"): null

2019-08-15 16:23:23 - [TEST_STEP][PASSED] - M4_spin = new groovy.json.JsonSlurper(): null

2019-08-15 16:23:23 - [TEST_STEP][PASSED] - result_M4_spin = M4_spin.parseText(response.getResponseBodyContent()): null

2019-08-15 16:23:23 - [TEST_STEP][PASSED] - M4_spin_current_balance = current_balance: null

2019-08-15 16:23:23 - [TEST_STEP][PASSED] - M4_spin_current_balance = M4_spin_current_balance: null

2019-08-15 16:23:23 - [TEST_STEP][PASSED] - M4_spin_transaction_id = causality: null

2019-08-15 16:23:23 - [TEST_STEP][PASSED] - M4_spin_transaction_id = M4_spin_transaction_id: null

2019-08-15 16:23:23 - [TEST_STEP][PASSED] - M4_spin_round_id = round_id: null

2019-08-15 16:23:23 - [TEST_STEP][PASSED] - M4_spin_round_id = M4_spin_round_id: null

2019-08-15 16:23:23 - [TEST_STEP][PASSED] - M4_spin_line_wins = line_wins: null

2019-08-15 16:23:23 - [TEST_STEP][PASSED] - M4_spin_line_wins = M4_spin_line_wins: null

2019-08-15 16:23:23 - [TEST_STEP][PASSED] - M4_total_bonus_spins_int = total_bonus_spins: null

2019-08-15 16:23:23 - [TEST_STEP][PASSED] - println("******M4_total_bonus_spins type is:*******" + newline + getClass().getName()): null

2019-08-15 16:23:23 - [TEST_STEP][PASSED] - M4_total_bonus_spins_int = M4_total_bonus_spins_int: null

2019-08-15 16:23:23 - [TEST_STEP][PASSED] - M4_total_bonus_spins = Integer.toString(M4_total_bonus_spins_int): null

2019-08-15 16:23:23 - [TEST_STEP][PASSED] - M4_total_bonus_spins = M4_total_bonus_spins: null

2019-08-15 16:23:23 - [TEST_STEP][PASSED] - println("M4_total_bonus_spins is:" + M4_total_bonus_spins): null

2019-08-15 16:23:23 - [TEST_STEP][PASSED] - M4_spin_bonus_data = bonus_data: null

2019-08-15 16:23:23 - [TEST_STEP][PASSED] - M4_spin_features_triggered = result_M4_spin: null

2019-08-15 16:23:23 - [TEST_STEP][PASSED] - wild = []: null

2019-08-15 16:23:23 - [TEST_STEP][PASSED] - wild[0] = "WILD_Expanding": null

2019-08-15 16:23:23 - [TEST_STEP][PASSED] - wild[1] = "WILD_Normal": null

2019-08-15 16:23:23 - [TEST_STEP][PASSED] - wild[2] = "WILD_Double": null

2019-08-15 16:23:23 - [TEST_STEP][PASSED] - wild[3] = "WILD_ExtraFG": null

2019-08-15 16:23:23 - [TEST_STEP][PASSED] - wild[4] = "WILD_Triple": null

2019-08-15 16:23:23 - [TEST_STEP][PASSED] - wildList = Arrays.asList(wild): null

2019-08-15 16:23:23 - [TEST_STEP][PASSED] - wildList = wildList: null

2019-08-15 16:23:23 - [TEST_STEP][PASSED] - free_spin_reel_counter = []: null

2019-08-15 16:23:23 - [TEST_STEP][PASSED] - free_spin_reel_counter[0] = 0: null

2019-08-15 16:23:23 - [TEST_STEP][PASSED] - free_spin_reel_counter[1] = 0: null

2019-08-15 16:23:23 - [TEST_STEP][PASSED] - free_spin_reel_counter[2] = 0: null

2019-08-15 16:23:23 - [TEST_STEP][PASSED] - M4_spin_reels = reels: null

2019-08-15 16:23:23 - [TEST_STEP][PASSED] - for ([i = 0, i &lt; M4_spin_reels.size(), (i++)]): null

2019-08-15 16:23:23 - [TEST_STEP][PASSED] - symbols = symbols: null

2019-08-15 16:23:23 - [TEST_STEP][PASSED] - for ([j = 0, j &lt; symbols.size(), (j++)]): null

2019-08-15 16:23:23 - [TEST_STEP][PASSED] - symbol = symbol: null

2019-08-15 16:23:23 - [TEST_STEP][PASSED] - println(symbol): null

2019-08-15 16:23:23 - [TEST_STEP][PASSED] - if (i == 2 &amp;&amp; wildList.indexOf(symbol) != -1): null

2019-08-15 16:23:23 - [TEST_STEP][PASSED] - if (i == 3 &amp;&amp; wildList.indexOf(symbol) != -1): null

2019-08-15 16:23:23 - [TEST_STEP][PASSED] - if (i == 4 &amp;&amp; wildList.indexOf(symbol) != -1): null

2019-08-15 16:23:23 - [TEST_STEP][PASSED] - symbol = symbol: null

2019-08-15 16:23:23 - [TEST_STEP][PASSED] - println(symbol): null

2019-08-15 16:23:23 - [TEST_STEP][PASSED] - if (i == 2 &amp;&amp; wildList.indexOf(symbol) != -1): null

2019-08-15 16:23:23 - [TEST_STEP][PASSED] - if (i == 3 &amp;&amp; wildList.indexOf(symbol) != -1): null

2019-08-15 16:23:23 - [TEST_STEP][PASSED] - if (i == 4 &amp;&amp; wildList.indexOf(symbol) != -1): null

2019-08-15 16:23:23 - [TEST_STEP][PASSED] - symbol = symbol: null

2019-08-15 16:23:23 - [TEST_STEP][PASSED] - println(symbol): null

2019-08-15 16:23:23 - [TEST_STEP][PASSED] - if (i == 2 &amp;&amp; wildList.indexOf(symbol) != -1): null

2019-08-15 16:23:23 - [TEST_STEP][PASSED] - if (i == 3 &amp;&amp; wildList.indexOf(symbol) != -1): null

2019-08-15 16:23:23 - [TEST_STEP][PASSED] - if (i == 4 &amp;&amp; wildList.indexOf(symbol) != -1): null

2019-08-15 16:23:23 - [TEST_STEP][PASSED] - symbols = symbols: null

2019-08-15 16:23:23 - [TEST_STEP][PASSED] - for ([j = 0, j &lt; symbols.size(), (j++)]): null

2019-08-15 16:23:23 - [TEST_STEP][PASSED] - symbol = symbol: null

2019-08-15 16:23:23 - [TEST_STEP][PASSED] - println(symbol): null

2019-08-15 16:23:23 - [TEST_STEP][PASSED] - if (i == 2 &amp;&amp; wildList.indexOf(symbol) != -1): null

2019-08-15 16:23:23 - [TEST_STEP][PASSED] - if (i == 3 &amp;&amp; wildList.indexOf(symbol) != -1): null

2019-08-15 16:23:23 - [TEST_STEP][PASSED] - if (i == 4 &amp;&amp; wildList.indexOf(symbol) != -1): null

2019-08-15 16:23:23 - [TEST_STEP][PASSED] - symbol = symbol: null

2019-08-15 16:23:23 - [TEST_STEP][PASSED] - println(symbol): null

2019-08-15 16:23:23 - [TEST_STEP][PASSED] - if (i == 2 &amp;&amp; wildList.indexOf(symbol) != -1): null

2019-08-15 16:23:23 - [TEST_STEP][PASSED] - if (i == 3 &amp;&amp; wildList.indexOf(symbol) != -1): null

2019-08-15 16:23:23 - [TEST_STEP][PASSED] - if (i == 4 &amp;&amp; wildList.indexOf(symbol) != -1): null

2019-08-15 16:23:23 - [TEST_STEP][PASSED] - symbol = symbol: null

2019-08-15 16:23:23 - [TEST_STEP][PASSED] - println(symbol): null

2019-08-15 16:23:23 - [TEST_STEP][PASSED] - if (i == 2 &amp;&amp; wildList.indexOf(symbol) != -1): null

2019-08-15 16:23:23 - [TEST_STEP][PASSED] - if (i == 3 &amp;&amp; wildList.indexOf(symbol) != -1): null

2019-08-15 16:23:23 - [TEST_STEP][PASSED] - if (i == 4 &amp;&amp; wildList.indexOf(symbol) != -1): null

2019-08-15 16:23:23 - [TEST_STEP][PASSED] - symbols = symbols: null

2019-08-15 16:23:23 - [TEST_STEP][PASSED] - for ([j = 0, j &lt; symbols.size(), (j++)]): null

2019-08-15 16:23:23 - [TEST_STEP][PASSED] - symbol = symbol: null

2019-08-15 16:23:23 - [TEST_STEP][PASSED] - println(symbol): null

2019-08-15 16:23:23 - [TEST_STEP][PASSED] - if (i == 2 &amp;&amp; wildList.indexOf(symbol) != -1): null

2019-08-15 16:23:23 - [TEST_STEP][PASSED] - if (i == 3 &amp;&amp; wildList.indexOf(symbol) != -1): null

2019-08-15 16:23:23 - [TEST_STEP][PASSED] - if (i == 4 &amp;&amp; wildList.indexOf(symbol) != -1): null

2019-08-15 16:23:23 - [TEST_STEP][PASSED] - symbol = symbol: null

2019-08-15 16:23:23 - [TEST_STEP][PASSED] - println(symbol): null

2019-08-15 16:23:23 - [TEST_STEP][PASSED] - if (i == 2 &amp;&amp; wildList.indexOf(symbol) != -1): null

2019-08-15 16:23:23 - [TEST_STEP][PASSED] - if (i == 3 &amp;&amp; wildList.indexOf(symbol) != -1): null

2019-08-15 16:23:23 - [TEST_STEP][PASSED] - if (i == 4 &amp;&amp; wildList.indexOf(symbol) != -1): null

2019-08-15 16:23:23 - [TEST_STEP][PASSED] - symbol = symbol: null

2019-08-15 16:23:23 - [TEST_STEP][PASSED] - println(symbol): null

2019-08-15 16:23:23 - [TEST_STEP][PASSED] - if (i == 2 &amp;&amp; wildList.indexOf(symbol) != -1): null

2019-08-15 16:23:23 - [TEST_STEP][PASSED] - if (i == 3 &amp;&amp; wildList.indexOf(symbol) != -1): null

2019-08-15 16:23:23 - [TEST_STEP][PASSED] - if (i == 4 &amp;&amp; wildList.indexOf(symbol) != -1): null

2019-08-15 16:23:23 - [TEST_STEP][PASSED] - symbols = symbols: null

2019-08-15 16:23:23 - [TEST_STEP][PASSED] - for ([j = 0, j &lt; symbols.size(), (j++)]): null

2019-08-15 16:23:23 - [TEST_STEP][PASSED] - symbol = symbol: null

2019-08-15 16:23:23 - [TEST_STEP][PASSED] - println(symbol): null

2019-08-15 16:23:23 - [TEST_STEP][PASSED] - if (i == 2 &amp;&amp; wildList.indexOf(symbol) != -1): null

2019-08-15 16:23:23 - [TEST_STEP][PASSED] - if (i == 3 &amp;&amp; wildList.indexOf(symbol) != -1): null

2019-08-15 16:23:23 - [TEST_STEP][PASSED] - if (i == 4 &amp;&amp; wildList.indexOf(symbol) != -1): null

2019-08-15 16:23:23 - [TEST_STEP][PASSED] - symbol = symbol: null

2019-08-15 16:23:23 - [TEST_STEP][PASSED] - println(symbol): null

2019-08-15 16:23:23 - [TEST_STEP][PASSED] - if (i == 2 &amp;&amp; wildList.indexOf(symbol) != -1): null

2019-08-15 16:23:23 - [TEST_STEP][PASSED] - if (i == 3 &amp;&amp; wildList.indexOf(symbol) != -1): null

2019-08-15 16:23:23 - [TEST_STEP][PASSED] - println("wild found on reel 4, adding counter by 1"): null

2019-08-15 16:23:23 - [TEST_STEP][PASSED] - free_spin_reel_counter[1] = free_spin_reel_counter[1] + 1: null

2019-08-15 16:23:23 - [TEST_STEP][PASSED] - if (i == 4 &amp;&amp; wildList.indexOf(symbol) != -1): null

2019-08-15 16:23:23 - [TEST_STEP][PASSED] - symbol = symbol: null

2019-08-15 16:23:23 - [TEST_STEP][PASSED] - println(symbol): null

2019-08-15 16:23:23 - [TEST_STEP][PASSED] - if (i == 2 &amp;&amp; wildList.indexOf(symbol) != -1): null

2019-08-15 16:23:23 - [TEST_STEP][PASSED] - if (i == 3 &amp;&amp; wildList.indexOf(symbol) != -1): null

2019-08-15 16:23:23 - [TEST_STEP][PASSED] - if (i == 4 &amp;&amp; wildList.indexOf(symbol) != -1): null

2019-08-15 16:23:23 - [TEST_STEP][PASSED] - symbols = symbols: null

2019-08-15 16:23:23 - [TEST_STEP][PASSED] - for ([j = 0, j &lt; symbols.size(), (j++)]): null

2019-08-15 16:23:23 - [TEST_STEP][PASSED] - symbol = symbol: null

2019-08-15 16:23:23 - [TEST_STEP][PASSED] - println(symbol): null

2019-08-15 16:23:23 - [TEST_STEP][PASSED] - if (i == 2 &amp;&amp; wildList.indexOf(symbol) != -1): null

2019-08-15 16:23:23 - [TEST_STEP][PASSED] - if (i == 3 &amp;&amp; wildList.indexOf(symbol) != -1): null

2019-08-15 16:23:23 - [TEST_STEP][PASSED] - if (i == 4 &amp;&amp; wildList.indexOf(symbol) != -1): null

2019-08-15 16:23:23 - [TEST_STEP][PASSED] - symbol = symbol: null

2019-08-15 16:23:23 - [TEST_STEP][PASSED] - println(symbol): null

2019-08-15 16:23:23 - [TEST_STEP][PASSED] - if (i == 2 &amp;&amp; wildList.indexOf(symbol) != -1): null

2019-08-15 16:23:23 - [TEST_STEP][PASSED] - if (i == 3 &amp;&amp; wildList.indexOf(symbol) != -1): null

2019-08-15 16:23:23 - [TEST_STEP][PASSED] - if (i == 4 &amp;&amp; wildList.indexOf(symbol) != -1): null

2019-08-15 16:23:23 - [TEST_STEP][PASSED] - symbol = symbol: null

2019-08-15 16:23:23 - [TEST_STEP][PASSED] - println(symbol): null

2019-08-15 16:23:23 - [TEST_STEP][PASSED] - if (i == 2 &amp;&amp; wildList.indexOf(symbol) != -1): null

2019-08-15 16:23:23 - [TEST_STEP][PASSED] - if (i == 3 &amp;&amp; wildList.indexOf(symbol) != -1): null

2019-08-15 16:23:23 - [TEST_STEP][PASSED] - if (i == 4 &amp;&amp; wildList.indexOf(symbol) != -1): null

2019-08-15 16:23:23 - [TEST_STEP][PASSED] - free_spin_reel_counter = free_spin_reel_counter: null

2019-08-15 16:23:23 - [TEST_STEP][PASSED] - println("reel 3 wild found: " + free_spin_reel_counter[0]): null

2019-08-15 16:23:23 - [TEST_STEP][PASSED] - println("reel 4 wild found: " + free_spin_reel_counter[1]): null

2019-08-15 16:23:23 - [TEST_STEP][PASSED] - println("reel 5 wild found: " + free_spin_reel_counter[2]): null

2019-08-15 16:23:23 - [TEST_STEP][PASSED] - M4_spin_reels = M4_spin_reels: null

2019-08-15 16:23:23 - [TEST_STEP][PASSED] - M4_spin_reels_symbols = symbol: null

2019-08-15 16:23:23 - [TEST_STEP][PASSED] - M4_spin_reels_symbols = M4_spin_reels_symbols: null

2019-08-15 16:23:23 - [TEST_STEP][PASSED] - M4_spin_reel_wins = reel_wins: null

2019-08-15 16:23:23 - [TEST_STEP][PASSED] - M4_spin_reel_wins = M4_spin_reel_wins: null

2019-08-15 16:23:23 - [TEST_STEP][PASSED] - println("GlobalVariable.M4_spin_reel_wins is: " + M4_spin_reel_wins): null

2019-08-15 16:23:23 - [TEST_STEP][PASSED] - M4_spin_total_bonus_win_this_round = total_bonus_win_this_round: null

2019-08-15 16:23:23 - [TEST_STEP][PASSED] - M4_spin_total_bonus_win_this_round = M4_spin_total_bonus_win_this_round: null

2019-08-15 16:23:23 - [TEST_STEP][PASSED] - println("GlobalVariable.M4_spin_total_bonus_win_this_round is: " + M4_spin_total_bonus_win_this_round): null

2019-08-15 16:23:23 - [MESSAGE][PASSED] - Verify response successfully

2019-08-15 16:23:23 - [MESSAGE][PASSED] - Send request and verify the response successfully

2019-08-15 16:23:23 - [TEST_STEP][PASSED] - if (M4_total_bonus_spins_int != 0 &amp;&amp; M4_spin_reels_symbols[2].contains("WILD_Normal") || M4_spin_reels_symbols[3].contains("WILD_Normal") || M4_spin_reels_symbols[4].contains("WILD_Normal")): null

2019-08-15 16:23:23 - [TEST_STEP][PASSED] - free_spin_reel_counter = free_spin_reel_counter: null

2019-08-15 16:23:23 - [TEST_STEP][PASSED] - M4_spin_reels_symbols = M4_spin_reels_symbols: null

2019-08-15 16:23:23 - [TEST_STEP][PASSED] - M4_total_bonus_spins = M4_total_bonus_spins: null

2019-08-15 16:23:23 - [TEST_STEP][PASSED] - spin_result = sendRequestAndVerify(findTestObject("STG/RGS(M4)/1_M4_spin", ["M4_login_user_id":M4_login_user_id, "rgs_session_token":rgs_session_token, "partner":Partner])): Send request and verify the response successfully

2019-08-15 16:23:24 - [TEST_CASE][PASSED] - Start Test Case : Verification: Verification accomplished successfully

2019-08-15 16:23:24 - [TEST_STEP][PASSED] - request = getInstance().getCurrentRequest(): null

2019-08-15 16:23:24 - [TEST_STEP][PASSED] - response = getInstance().getCurrentResponse(): null

2019-08-15 16:23:24 - [TEST_STEP][PASSED] - verifyResponseStatusCode(response, 200): Verify response status code successfully

2019-08-15 16:23:24 - [MESSAGE][PASSED] - Verify response status code successfully

2019-08-15 16:23:24 - [TEST_STEP][PASSED] - getStatusCode()).isEqualTo(200): null

2019-08-15 16:23:24 - [TEST_STEP][PASSED] - newline = System.getProperty("line.separator"): null

2019-08-15 16:23:24 - [TEST_STEP][PASSED] - M4_spin = new groovy.json.JsonSlurper(): null

2019-08-15 16:23:24 - [TEST_STEP][PASSED] - result_M4_spin = M4_spin.parseText(response.getResponseBodyContent()): null

2019-08-15 16:23:24 - [TEST_STEP][PASSED] - M4_spin_current_balance = current_balance: null

2019-08-15 16:23:24 - [TEST_STEP][PASSED] - M4_spin_current_balance = M4_spin_current_balance: null

2019-08-15 16:23:24 - [TEST_STEP][PASSED] - M4_spin_transaction_id = causality: null

2019-08-15 16:23:24 - [TEST_STEP][PASSED] - M4_spin_transaction_id = M4_spin_transaction_id: null

2019-08-15 16:23:24 - [TEST_STEP][PASSED] - M4_spin_round_id = round_id: null

2019-08-15 16:23:24 - [TEST_STEP][PASSED] - M4_spin_round_id = M4_spin_round_id: null

2019-08-15 16:23:24 - [TEST_STEP][PASSED] - M4_spin_line_wins = line_wins: null

2019-08-15 16:23:24 - [TEST_STEP][PASSED] - M4_spin_line_wins = M4_spin_line_wins: null

2019-08-15 16:23:24 - [TEST_STEP][PASSED] - M4_total_bonus_spins_int = total_bonus_spins: null

2019-08-15 16:23:24 - [TEST_STEP][PASSED] - println("******M4_total_bonus_spins type is:*******" + newline + getClass().getName()): null

2019-08-15 16:23:24 - [TEST_STEP][PASSED] - M4_total_bonus_spins_int = M4_total_bonus_spins_int: null

2019-08-15 16:23:24 - [TEST_STEP][PASSED] - M4_total_bonus_spins = Integer.toString(M4_total_bonus_spins_int): null

2019-08-15 16:23:24 - [TEST_STEP][PASSED] - M4_total_bonus_spins = M4_total_bonus_spins: null

2019-08-15 16:23:24 - [TEST_STEP][PASSED] - println("M4_total_bonus_spins is:" + M4_total_bonus_spins): null

2019-08-15 16:23:24 - [TEST_STEP][PASSED] - M4_spin_bonus_data = bonus_data: null

2019-08-15 16:23:24 - [TEST_STEP][PASSED] - M4_spin_features_triggered = result_M4_spin: null

2019-08-15 16:23:24 - [TEST_STEP][PASSED] - wild = []: null

2019-08-15 16:23:24 - [TEST_STEP][PASSED] - wild[0] = "WILD_Expanding": null

2019-08-15 16:23:24 - [TEST_STEP][PASSED] - wild[1] = "WILD_Normal": null

2019-08-15 16:23:24 - [TEST_STEP][PASSED] - wild[2] = "WILD_Double": null

2019-08-15 16:23:24 - [TEST_STEP][PASSED] - wild[3] = "WILD_ExtraFG": null

2019-08-15 16:23:24 - [TEST_STEP][PASSED] - wild[4] = "WILD_Triple": null

2019-08-15 16:23:24 - [TEST_STEP][PASSED] - wildList = Arrays.asList(wild): null

2019-08-15 16:23:24 - [TEST_STEP][PASSED] - wildList = wildList: null

2019-08-15 16:23:24 - [TEST_STEP][PASSED] - free_spin_reel_counter = []: null

2019-08-15 16:23:24 - [TEST_STEP][PASSED] - free_spin_reel_counter[0] = 0: null

2019-08-15 16:23:24 - [TEST_STEP][PASSED] - free_spin_reel_counter[1] = 0: null

2019-08-15 16:23:24 - [TEST_STEP][PASSED] - free_spin_reel_counter[2] = 0: null

2019-08-15 16:23:24 - [TEST_STEP][PASSED] - M4_spin_reels = reels: null

2019-08-15 16:23:24 - [TEST_STEP][PASSED] - for ([i = 0, i &lt; M4_spin_reels.size(), (i++)]): null

2019-08-15 16:23:24 - [TEST_STEP][PASSED] - symbols = symbols: null

2019-08-15 16:23:24 - [TEST_STEP][PASSED] - for ([j = 0, j &lt; symbols.size(), (j++)]): null

2019-08-15 16:23:24 - [TEST_STEP][PASSED] - symbol = symbol: null

2019-08-15 16:23:24 - [TEST_STEP][PASSED] - println(symbol): null

2019-08-15 16:23:24 - [TEST_STEP][PASSED] - if (i == 2 &amp;&amp; wildList.indexOf(symbol) != -1): null

2019-08-15 16:23:24 - [TEST_STEP][PASSED] - if (i == 3 &amp;&amp; wildList.indexOf(symbol) != -1): null

2019-08-15 16:23:24 - [TEST_STEP][PASSED] - if (i == 4 &amp;&amp; wildList.indexOf(symbol) != -1): null

2019-08-15 16:23:24 - [TEST_STEP][PASSED] - symbol = symbol: null

2019-08-15 16:23:24 - [TEST_STEP][PASSED] - println(symbol): null

2019-08-15 16:23:24 - [TEST_STEP][PASSED] - if (i == 2 &amp;&amp; wildList.indexOf(symbol) != -1): null

2019-08-15 16:23:24 - [TEST_STEP][PASSED] - if (i == 3 &amp;&amp; wildList.indexOf(symbol) != -1): null

2019-08-15 16:23:24 - [TEST_STEP][PASSED] - if (i == 4 &amp;&amp; wildList.indexOf(symbol) != -1): null

2019-08-15 16:23:24 - [TEST_STEP][PASSED] - symbol = symbol: null

2019-08-15 16:23:24 - [TEST_STEP][PASSED] - println(symbol): null

2019-08-15 16:23:24 - [TEST_STEP][PASSED] - if (i == 2 &amp;&amp; wildList.indexOf(symbol) != -1): null

2019-08-15 16:23:24 - [TEST_STEP][PASSED] - if (i == 3 &amp;&amp; wildList.indexOf(symbol) != -1): null

2019-08-15 16:23:24 - [TEST_STEP][PASSED] - if (i == 4 &amp;&amp; wildList.indexOf(symbol) != -1): null

2019-08-15 16:23:24 - [TEST_STEP][PASSED] - symbols = symbols: null

2019-08-15 16:23:24 - [TEST_STEP][PASSED] - for ([j = 0, j &lt; symbols.size(), (j++)]): null

2019-08-15 16:23:24 - [TEST_STEP][PASSED] - symbol = symbol: null

2019-08-15 16:23:24 - [TEST_STEP][PASSED] - println(symbol): null

2019-08-15 16:23:24 - [TEST_STEP][PASSED] - if (i == 2 &amp;&amp; wildList.indexOf(symbol) != -1): null

2019-08-15 16:23:24 - [TEST_STEP][PASSED] - if (i == 3 &amp;&amp; wildList.indexOf(symbol) != -1): null

2019-08-15 16:23:24 - [TEST_STEP][PASSED] - if (i == 4 &amp;&amp; wildList.indexOf(symbol) != -1): null

2019-08-15 16:23:24 - [TEST_STEP][PASSED] - symbol = symbol: null

2019-08-15 16:23:24 - [TEST_STEP][PASSED] - println(symbol): null

2019-08-15 16:23:24 - [TEST_STEP][PASSED] - if (i == 2 &amp;&amp; wildList.indexOf(symbol) != -1): null

2019-08-15 16:23:24 - [TEST_STEP][PASSED] - if (i == 3 &amp;&amp; wildList.indexOf(symbol) != -1): null

2019-08-15 16:23:24 - [TEST_STEP][PASSED] - if (i == 4 &amp;&amp; wildList.indexOf(symbol) != -1): null

2019-08-15 16:23:24 - [TEST_STEP][PASSED] - symbol = symbol: null

2019-08-15 16:23:24 - [TEST_STEP][PASSED] - println(symbol): null

2019-08-15 16:23:24 - [TEST_STEP][PASSED] - if (i == 2 &amp;&amp; wildList.indexOf(symbol) != -1): null

2019-08-15 16:23:24 - [TEST_STEP][PASSED] - if (i == 3 &amp;&amp; wildList.indexOf(symbol) != -1): null

2019-08-15 16:23:24 - [TEST_STEP][PASSED] - if (i == 4 &amp;&amp; wildList.indexOf(symbol) != -1): null

2019-08-15 16:23:24 - [TEST_STEP][PASSED] - symbols = symbols: null

2019-08-15 16:23:24 - [TEST_STEP][PASSED] - for ([j = 0, j &lt; symbols.size(), (j++)]): null

2019-08-15 16:23:24 - [TEST_STEP][PASSED] - symbol = symbol: null

2019-08-15 16:23:24 - [TEST_STEP][PASSED] - println(symbol): null

2019-08-15 16:23:24 - [TEST_STEP][PASSED] - if (i == 2 &amp;&amp; wildList.indexOf(symbol) != -1): null

2019-08-15 16:23:24 - [TEST_STEP][PASSED] - if (i == 3 &amp;&amp; wildList.indexOf(symbol) != -1): null

2019-08-15 16:23:24 - [TEST_STEP][PASSED] - if (i == 4 &amp;&amp; wildList.indexOf(symbol) != -1): null

2019-08-15 16:23:24 - [TEST_STEP][PASSED] - symbol = symbol: null

2019-08-15 16:23:24 - [TEST_STEP][PASSED] - println(symbol): null

2019-08-15 16:23:24 - [TEST_STEP][PASSED] - if (i == 2 &amp;&amp; wildList.indexOf(symbol) != -1): null

2019-08-15 16:23:24 - [TEST_STEP][PASSED] - if (i == 3 &amp;&amp; wildList.indexOf(symbol) != -1): null

2019-08-15 16:23:24 - [TEST_STEP][PASSED] - if (i == 4 &amp;&amp; wildList.indexOf(symbol) != -1): null

2019-08-15 16:23:24 - [TEST_STEP][PASSED] - symbol = symbol: null

2019-08-15 16:23:24 - [TEST_STEP][PASSED] - println(symbol): null

2019-08-15 16:23:24 - [TEST_STEP][PASSED] - if (i == 2 &amp;&amp; wildList.indexOf(symbol) != -1): null

2019-08-15 16:23:24 - [TEST_STEP][PASSED] - if (i == 3 &amp;&amp; wildList.indexOf(symbol) != -1): null

2019-08-15 16:23:24 - [TEST_STEP][PASSED] - if (i == 4 &amp;&amp; wildList.indexOf(symbol) != -1): null

2019-08-15 16:23:24 - [TEST_STEP][PASSED] - symbols = symbols: null

2019-08-15 16:23:24 - [TEST_STEP][PASSED] - for ([j = 0, j &lt; symbols.size(), (j++)]): null

2019-08-15 16:23:24 - [TEST_STEP][PASSED] - symbol = symbol: null

2019-08-15 16:23:24 - [TEST_STEP][PASSED] - println(symbol): null

2019-08-15 16:23:24 - [TEST_STEP][PASSED] - if (i == 2 &amp;&amp; wildList.indexOf(symbol) != -1): null

2019-08-15 16:23:24 - [TEST_STEP][PASSED] - if (i == 3 &amp;&amp; wildList.indexOf(symbol) != -1): null

2019-08-15 16:23:24 - [TEST_STEP][PASSED] - if (i == 4 &amp;&amp; wildList.indexOf(symbol) != -1): null

2019-08-15 16:23:24 - [TEST_STEP][PASSED] - symbol = symbol: null

2019-08-15 16:23:24 - [TEST_STEP][PASSED] - println(symbol): null

2019-08-15 16:23:24 - [TEST_STEP][PASSED] - if (i == 2 &amp;&amp; wildList.indexOf(symbol) != -1): null

2019-08-15 16:23:24 - [TEST_STEP][PASSED] - if (i == 3 &amp;&amp; wildList.indexOf(symbol) != -1): null

2019-08-15 16:23:24 - [TEST_STEP][PASSED] - if (i == 4 &amp;&amp; wildList.indexOf(symbol) != -1): null

2019-08-15 16:23:24 - [TEST_STEP][PASSED] - symbol = symbol: null

2019-08-15 16:23:24 - [TEST_STEP][PASSED] - println(symbol): null

2019-08-15 16:23:24 - [TEST_STEP][PASSED] - if (i == 2 &amp;&amp; wildList.indexOf(symbol) != -1): null

2019-08-15 16:23:24 - [TEST_STEP][PASSED] - if (i == 3 &amp;&amp; wildList.indexOf(symbol) != -1): null

2019-08-15 16:23:24 - [TEST_STEP][PASSED] - if (i == 4 &amp;&amp; wildList.indexOf(symbol) != -1): null

2019-08-15 16:23:24 - [TEST_STEP][PASSED] - symbols = symbols: null

2019-08-15 16:23:24 - [TEST_STEP][PASSED] - for ([j = 0, j &lt; symbols.size(), (j++)]): null

2019-08-15 16:23:24 - [TEST_STEP][PASSED] - symbol = symbol: null

2019-08-15 16:23:24 - [TEST_STEP][PASSED] - println(symbol): null

2019-08-15 16:23:24 - [TEST_STEP][PASSED] - if (i == 2 &amp;&amp; wildList.indexOf(symbol) != -1): null

2019-08-15 16:23:24 - [TEST_STEP][PASSED] - if (i == 3 &amp;&amp; wildList.indexOf(symbol) != -1): null

2019-08-15 16:23:24 - [TEST_STEP][PASSED] - if (i == 4 &amp;&amp; wildList.indexOf(symbol) != -1): null

2019-08-15 16:23:24 - [TEST_STEP][PASSED] - symbol = symbol: null

2019-08-15 16:23:24 - [TEST_STEP][PASSED] - println(symbol): null

2019-08-15 16:23:24 - [TEST_STEP][PASSED] - if (i == 2 &amp;&amp; wildList.indexOf(symbol) != -1): null

2019-08-15 16:23:24 - [TEST_STEP][PASSED] - if (i == 3 &amp;&amp; wildList.indexOf(symbol) != -1): null

2019-08-15 16:23:24 - [TEST_STEP][PASSED] - if (i == 4 &amp;&amp; wildList.indexOf(symbol) != -1): null

2019-08-15 16:23:24 - [TEST_STEP][PASSED] - symbol = symbol: null

2019-08-15 16:23:24 - [TEST_STEP][PASSED] - println(symbol): null

2019-08-15 16:23:24 - [TEST_STEP][PASSED] - if (i == 2 &amp;&amp; wildList.indexOf(symbol) != -1): null

2019-08-15 16:23:24 - [TEST_STEP][PASSED] - if (i == 3 &amp;&amp; wildList.indexOf(symbol) != -1): null

2019-08-15 16:23:24 - [TEST_STEP][PASSED] - if (i == 4 &amp;&amp; wildList.indexOf(symbol) != -1): null

2019-08-15 16:23:24 - [TEST_STEP][PASSED] - println("wild found on reel 5, adding counter by 1"): null

2019-08-15 16:23:24 - [TEST_STEP][PASSED] - free_spin_reel_counter[2] = free_spin_reel_counter[2] + 1: null

2019-08-15 16:23:24 - [TEST_STEP][PASSED] - free_spin_reel_counter = free_spin_reel_counter: null

2019-08-15 16:23:24 - [TEST_STEP][PASSED] - println("reel 3 wild found: " + free_spin_reel_counter[0]): null

2019-08-15 16:23:24 - [TEST_STEP][PASSED] - println("reel 4 wild found: " + free_spin_reel_counter[1]): null

2019-08-15 16:23:24 - [TEST_STEP][PASSED] - println("reel 5 wild found: " + free_spin_reel_counter[2]): null

2019-08-15 16:23:24 - [TEST_STEP][PASSED] - M4_spin_reels = M4_spin_reels: null

2019-08-15 16:23:24 - [TEST_STEP][PASSED] - M4_spin_reels_symbols = symbol: null

2019-08-15 16:23:24 - [TEST_STEP][PASSED] - M4_spin_reels_symbols = M4_spin_reels_symbols: null

2019-08-15 16:23:24 - [TEST_STEP][PASSED] - M4_spin_reel_wins = reel_wins: null

2019-08-15 16:23:24 - [TEST_STEP][PASSED] - M4_spin_reel_wins = M4_spin_reel_wins: null

2019-08-15 16:23:24 - [TEST_STEP][PASSED] - println("GlobalVariable.M4_spin_reel_wins is: " + M4_spin_reel_wins): null

2019-08-15 16:23:24 - [TEST_STEP][PASSED] - M4_spin_total_bonus_win_this_round = total_bonus_win_this_round: null

2019-08-15 16:23:24 - [TEST_STEP][PASSED] - M4_spin_total_bonus_win_this_round = M4_spin_total_bonus_win_this_round: null

2019-08-15 16:23:24 - [TEST_STEP][PASSED] - println("GlobalVariable.M4_spin_total_bonus_win_this_round is: " + M4_spin_total_bonus_win_this_round): null

2019-08-15 16:23:24 - [MESSAGE][PASSED] - Verify response successfully

2019-08-15 16:23:24 - [MESSAGE][PASSED] - Send request and verify the response successfully

2019-08-15 16:23:24 - [TEST_STEP][PASSED] - if (M4_total_bonus_spins_int != 0 &amp;&amp; M4_spin_reels_symbols[2].contains("WILD_Normal") || M4_spin_reels_symbols[3].contains("WILD_Normal") || M4_spin_reels_symbols[4].contains("WILD_Normal")): null

2019-08-15 16:23:24 - [TEST_STEP][PASSED] - free_spin_reel_counter = free_spin_reel_counter: null

2019-08-15 16:23:24 - [TEST_STEP][PASSED] - M4_spin_reels_symbols = M4_spin_reels_symbols: null

2019-08-15 16:23:24 - [TEST_STEP][PASSED] - M4_total_bonus_spins = M4_total_bonus_spins: null

2019-08-15 16:23:24 - [TEST_STEP][PASSED] - spin_result = sendRequestAndVerify(findTestObject("STG/RGS(M4)/1_M4_spin", ["M4_login_user_id":M4_login_user_id, "rgs_session_token":rgs_session_token, "partner":Partner])): Send request and verify the response successfully

2019-08-15 16:23:24 - [TEST_CASE][PASSED] - Start Test Case : Verification: Verification accomplished successfully

2019-08-15 16:23:24 - [TEST_STEP][PASSED] - request = getInstance().getCurrentRequest(): null

2019-08-15 16:23:24 - [TEST_STEP][PASSED] - response = getInstance().getCurrentResponse(): null

2019-08-15 16:23:24 - [TEST_STEP][PASSED] - verifyResponseStatusCode(response, 200): Verify response status code successfully

2019-08-15 16:23:24 - [MESSAGE][PASSED] - Verify response status code successfully

2019-08-15 16:23:24 - [TEST_STEP][PASSED] - getStatusCode()).isEqualTo(200): null

2019-08-15 16:23:24 - [TEST_STEP][PASSED] - newline = System.getProperty("line.separator"): null

2019-08-15 16:23:24 - [TEST_STEP][PASSED] - M4_spin = new groovy.json.JsonSlurper(): null

2019-08-15 16:23:24 - [TEST_STEP][PASSED] - result_M4_spin = M4_spin.parseText(response.getResponseBodyContent()): null

2019-08-15 16:23:24 - [TEST_STEP][PASSED] - M4_spin_current_balance = current_balance: null

2019-08-15 16:23:24 - [TEST_STEP][PASSED] - M4_spin_current_balance = M4_spin_current_balance: null

2019-08-15 16:23:24 - [TEST_STEP][PASSED] - M4_spin_transaction_id = causality: null

2019-08-15 16:23:24 - [TEST_STEP][PASSED] - M4_spin_transaction_id = M4_spin_transaction_id: null

2019-08-15 16:23:24 - [TEST_STEP][PASSED] - M4_spin_round_id = round_id: null

2019-08-15 16:23:24 - [TEST_STEP][PASSED] - M4_spin_round_id = M4_spin_round_id: null

2019-08-15 16:23:24 - [TEST_STEP][PASSED] - M4_spin_line_wins = line_wins: null

2019-08-15 16:23:24 - [TEST_STEP][PASSED] - M4_spin_line_wins = M4_spin_line_wins: null

2019-08-15 16:23:24 - [TEST_STEP][PASSED] - M4_total_bonus_spins_int = total_bonus_spins: null

2019-08-15 16:23:24 - [TEST_STEP][PASSED] - println("******M4_total_bonus_spins type is:*******" + newline + getClass().getName()): null

2019-08-15 16:23:24 - [TEST_STEP][PASSED] - M4_total_bonus_spins_int = M4_total_bonus_spins_int: null

2019-08-15 16:23:24 - [TEST_STEP][PASSED] - M4_total_bonus_spins = Integer.toString(M4_total_bonus_spins_int): null

2019-08-15 16:23:24 - [TEST_STEP][PASSED] - M4_total_bonus_spins = M4_total_bonus_spins: null

2019-08-15 16:23:24 - [TEST_STEP][PASSED] - println("M4_total_bonus_spins is:" + M4_total_bonus_spins): null

2019-08-15 16:23:24 - [TEST_STEP][PASSED] - M4_spin_bonus_data = bonus_data: null

2019-08-15 16:23:24 - [TEST_STEP][PASSED] - M4_spin_features_triggered = result_M4_spin: null

2019-08-15 16:23:24 - [TEST_STEP][PASSED] - wild = []: null

2019-08-15 16:23:24 - [TEST_STEP][PASSED] - wild[0] = "WILD_Expanding": null

2019-08-15 16:23:24 - [TEST_STEP][PASSED] - wild[1] = "WILD_Normal": null

2019-08-15 16:23:24 - [TEST_STEP][PASSED] - wild[2] = "WILD_Double": null

2019-08-15 16:23:24 - [TEST_STEP][PASSED] - wild[3] = "WILD_ExtraFG": null

2019-08-15 16:23:24 - [TEST_STEP][PASSED] - wild[4] = "WILD_Triple": null

2019-08-15 16:23:24 - [TEST_STEP][PASSED] - wildList = Arrays.asList(wild): null

2019-08-15 16:23:24 - [TEST_STEP][PASSED] - wildList = wildList: null

2019-08-15 16:23:24 - [TEST_STEP][PASSED] - free_spin_reel_counter = []: null

2019-08-15 16:23:24 - [TEST_STEP][PASSED] - free_spin_reel_counter[0] = 0: null

2019-08-15 16:23:24 - [TEST_STEP][PASSED] - free_spin_reel_counter[1] = 0: null

2019-08-15 16:23:24 - [TEST_STEP][PASSED] - free_spin_reel_counter[2] = 0: null

2019-08-15 16:23:24 - [TEST_STEP][PASSED] - M4_spin_reels = reels: null

2019-08-15 16:23:24 - [TEST_STEP][PASSED] - for ([i = 0, i &lt; M4_spin_reels.size(), (i++)]): null

2019-08-15 16:23:24 - [TEST_STEP][PASSED] - symbols = symbols: null

2019-08-15 16:23:24 - [TEST_STEP][PASSED] - for ([j = 0, j &lt; symbols.size(), (j++)]): null

2019-08-15 16:23:24 - [TEST_STEP][PASSED] - symbol = symbol: null

2019-08-15 16:23:24 - [TEST_STEP][PASSED] - println(symbol): null

2019-08-15 16:23:24 - [TEST_STEP][PASSED] - if (i == 2 &amp;&amp; wildList.indexOf(symbol) != -1): null

2019-08-15 16:23:24 - [TEST_STEP][PASSED] - if (i == 3 &amp;&amp; wildList.indexOf(symbol) != -1): null

2019-08-15 16:23:24 - [TEST_STEP][PASSED] - if (i == 4 &amp;&amp; wildList.indexOf(symbol) != -1): null

2019-08-15 16:23:24 - [TEST_STEP][PASSED] - symbol = symbol: null

2019-08-15 16:23:24 - [TEST_STEP][PASSED] - println(symbol): null

2019-08-15 16:23:24 - [TEST_STEP][PASSED] - if (i == 2 &amp;&amp; wildList.indexOf(symbol) != -1): null

2019-08-15 16:23:24 - [TEST_STEP][PASSED] - if (i == 3 &amp;&amp; wildList.indexOf(symbol) != -1): null

2019-08-15 16:23:24 - [TEST_STEP][PASSED] - if (i == 4 &amp;&amp; wildList.indexOf(symbol) != -1): null

2019-08-15 16:23:24 - [TEST_STEP][PASSED] - symbol = symbol: null

2019-08-15 16:23:24 - [TEST_STEP][PASSED] - println(symbol): null

2019-08-15 16:23:24 - [TEST_STEP][PASSED] - if (i == 2 &amp;&amp; wildList.indexOf(symbol) != -1): null

2019-08-15 16:23:24 - [TEST_STEP][PASSED] - if (i == 3 &amp;&amp; wildList.indexOf(symbol) != -1): null

2019-08-15 16:23:24 - [TEST_STEP][PASSED] - if (i == 4 &amp;&amp; wildList.indexOf(symbol) != -1): null

2019-08-15 16:23:24 - [TEST_STEP][PASSED] - symbols = symbols: null

2019-08-15 16:23:24 - [TEST_STEP][PASSED] - for ([j = 0, j &lt; symbols.size(), (j++)]): null

2019-08-15 16:23:24 - [TEST_STEP][PASSED] - symbol = symbol: null

2019-08-15 16:23:24 - [TEST_STEP][PASSED] - println(symbol): null

2019-08-15 16:23:24 - [TEST_STEP][PASSED] - if (i == 2 &amp;&amp; wildList.indexOf(symbol) != -1): null

2019-08-15 16:23:24 - [TEST_STEP][PASSED] - if (i == 3 &amp;&amp; wildList.indexOf(symbol) != -1): null

2019-08-15 16:23:24 - [TEST_STEP][PASSED] - if (i == 4 &amp;&amp; wildList.indexOf(symbol) != -1): null

2019-08-15 16:23:24 - [TEST_STEP][PASSED] - symbol = symbol: null

2019-08-15 16:23:24 - [TEST_STEP][PASSED] - println(symbol): null

2019-08-15 16:23:24 - [TEST_STEP][PASSED] - if (i == 2 &amp;&amp; wildList.indexOf(symbol) != -1): null

2019-08-15 16:23:24 - [TEST_STEP][PASSED] - if (i == 3 &amp;&amp; wildList.indexOf(symbol) != -1): null

2019-08-15 16:23:24 - [TEST_STEP][PASSED] - if (i == 4 &amp;&amp; wildList.indexOf(symbol) != -1): null

2019-08-15 16:23:24 - [TEST_STEP][PASSED] - symbol = symbol: null

2019-08-15 16:23:24 - [TEST_STEP][PASSED] - println(symbol): null

2019-08-15 16:23:24 - [TEST_STEP][PASSED] - if (i == 2 &amp;&amp; wildList.indexOf(symbol) != -1): null

2019-08-15 16:23:24 - [TEST_STEP][PASSED] - if (i == 3 &amp;&amp; wildList.indexOf(symbol) != -1): null

2019-08-15 16:23:24 - [TEST_STEP][PASSED] - if (i == 4 &amp;&amp; wildList.indexOf(symbol) != -1): null

2019-08-15 16:23:24 - [TEST_STEP][PASSED] - symbols = symbols: null

2019-08-15 16:23:24 - [TEST_STEP][PASSED] - for ([j = 0, j &lt; symbols.size(), (j++)]): null

2019-08-15 16:23:24 - [TEST_STEP][PASSED] - symbol = symbol: null

2019-08-15 16:23:24 - [TEST_STEP][PASSED] - println(symbol): null

2019-08-15 16:23:24 - [TEST_STEP][PASSED] - if (i == 2 &amp;&amp; wildList.indexOf(symbol) != -1): null

2019-08-15 16:23:24 - [TEST_STEP][PASSED] - if (i == 3 &amp;&amp; wildList.indexOf(symbol) != -1): null

2019-08-15 16:23:24 - [TEST_STEP][PASSED] - if (i == 4 &amp;&amp; wildList.indexOf(symbol) != -1): null

2019-08-15 16:23:24 - [TEST_STEP][PASSED] - symbol = symbol: null

2019-08-15 16:23:24 - [TEST_STEP][PASSED] - println(symbol): null

2019-08-15 16:23:24 - [TEST_STEP][PASSED] - if (i == 2 &amp;&amp; wildList.indexOf(symbol) != -1): null

2019-08-15 16:23:24 - [TEST_STEP][PASSED] - println("wild found on reel 3, adding counter by 1"): null

2019-08-15 16:23:24 - [TEST_STEP][PASSED] - free_spin_reel_counter[0] = free_spin_reel_counter[0] + 1: null

2019-08-15 16:23:24 - [TEST_STEP][PASSED] - if (i == 3 &amp;&amp; wildList.indexOf(symbol) != -1): null

2019-08-15 16:23:24 - [TEST_STEP][PASSED] - if (i == 4 &amp;&amp; wildList.indexOf(symbol) != -1): null

2019-08-15 16:23:24 - [TEST_STEP][PASSED] - symbol = symbol: null

2019-08-15 16:23:24 - [TEST_STEP][PASSED] - println(symbol): null

2019-08-15 16:23:24 - [TEST_STEP][PASSED] - if (i == 2 &amp;&amp; wildList.indexOf(symbol) != -1): null

2019-08-15 16:23:24 - [TEST_STEP][PASSED] - if (i == 3 &amp;&amp; wildList.indexOf(symbol) != -1): null

2019-08-15 16:23:24 - [TEST_STEP][PASSED] - if (i == 4 &amp;&amp; wildList.indexOf(symbol) != -1): null

2019-08-15 16:23:24 - [TEST_STEP][PASSED] - symbols = symbols: null

2019-08-15 16:23:24 - [TEST_STEP][PASSED] - for ([j = 0, j &lt; symbols.size(), (j++)]): null

2019-08-15 16:23:24 - [TEST_STEP][PASSED] - symbol = symbol: null

2019-08-15 16:23:24 - [TEST_STEP][PASSED] - println(symbol): null

2019-08-15 16:23:24 - [TEST_STEP][PASSED] - if (i == 2 &amp;&amp; wildList.indexOf(symbol) != -1): null

2019-08-15 16:23:24 - [TEST_STEP][PASSED] - if (i == 3 &amp;&amp; wildList.indexOf(symbol) != -1): null

2019-08-15 16:23:24 - [TEST_STEP][PASSED] - if (i == 4 &amp;&amp; wildList.indexOf(symbol) != -1): null

2019-08-15 16:23:24 - [TEST_STEP][PASSED] - symbol = symbol: null

2019-08-15 16:23:24 - [TEST_STEP][PASSED] - println(symbol): null

2019-08-15 16:23:24 - [TEST_STEP][PASSED] - if (i == 2 &amp;&amp; wildList.indexOf(symbol) != -1): null

2019-08-15 16:23:24 - [TEST_STEP][PASSED] - if (i == 3 &amp;&amp; wildList.indexOf(symbol) != -1): null

2019-08-15 16:23:24 - [TEST_STEP][PASSED] - println("wild found on reel 4, adding counter by 1"): null

2019-08-15 16:23:24 - [TEST_STEP][PASSED] - free_spin_reel_counter[1] = free_spin_reel_counter[1] + 1: null

2019-08-15 16:23:24 - [TEST_STEP][PASSED] - if (i == 4 &amp;&amp; wildList.indexOf(symbol) != -1): null

2019-08-15 16:23:24 - [TEST_STEP][PASSED] - symbol = symbol: null

2019-08-15 16:23:24 - [TEST_STEP][PASSED] - println(symbol): null

2019-08-15 16:23:24 - [TEST_STEP][PASSED] - if (i == 2 &amp;&amp; wildList.indexOf(symbol) != -1): null

2019-08-15 16:23:24 - [TEST_STEP][PASSED] - if (i == 3 &amp;&amp; wildList.indexOf(symbol) != -1): null

2019-08-15 16:23:24 - [TEST_STEP][PASSED] - if (i == 4 &amp;&amp; wildList.indexOf(symbol) != -1): null

2019-08-15 16:23:24 - [TEST_STEP][PASSED] - symbols = symbols: null

2019-08-15 16:23:24 - [TEST_STEP][PASSED] - for ([j = 0, j &lt; symbols.size(), (j++)]): null

2019-08-15 16:23:24 - [TEST_STEP][PASSED] - symbol = symbol: null

2019-08-15 16:23:24 - [TEST_STEP][PASSED] - println(symbol): null

2019-08-15 16:23:24 - [TEST_STEP][PASSED] - if (i == 2 &amp;&amp; wildList.indexOf(symbol) != -1): null

2019-08-15 16:23:24 - [TEST_STEP][PASSED] - if (i == 3 &amp;&amp; wildList.indexOf(symbol) != -1): null

2019-08-15 16:23:24 - [TEST_STEP][PASSED] - if (i == 4 &amp;&amp; wildList.indexOf(symbol) != -1): null

2019-08-15 16:23:24 - [TEST_STEP][PASSED] - symbol = symbol: null

2019-08-15 16:23:24 - [TEST_STEP][PASSED] - println(symbol): null

2019-08-15 16:23:24 - [TEST_STEP][PASSED] - if (i == 2 &amp;&amp; wildList.indexOf(symbol) != -1): null

2019-08-15 16:23:24 - [TEST_STEP][PASSED] - if (i == 3 &amp;&amp; wildList.indexOf(symbol) != -1): null

2019-08-15 16:23:24 - [TEST_STEP][PASSED] - if (i == 4 &amp;&amp; wildList.indexOf(symbol) != -1): null

2019-08-15 16:23:24 - [TEST_STEP][PASSED] - symbol = symbol: null

2019-08-15 16:23:24 - [TEST_STEP][PASSED] - println(symbol): null

2019-08-15 16:23:24 - [TEST_STEP][PASSED] - if (i == 2 &amp;&amp; wildList.indexOf(symbol) != -1): null

2019-08-15 16:23:24 - [TEST_STEP][PASSED] - if (i == 3 &amp;&amp; wildList.indexOf(symbol) != -1): null

2019-08-15 16:23:24 - [TEST_STEP][PASSED] - if (i == 4 &amp;&amp; wildList.indexOf(symbol) != -1): null

2019-08-15 16:23:24 - [TEST_STEP][PASSED] - free_spin_reel_counter = free_spin_reel_counter: null

2019-08-15 16:23:24 - [TEST_STEP][PASSED] - println("reel 3 wild found: " + free_spin_reel_counter[0]): null

2019-08-15 16:23:24 - [TEST_STEP][PASSED] - println("reel 4 wild found: " + free_spin_reel_counter[1]): null

2019-08-15 16:23:24 - [TEST_STEP][PASSED] - println("reel 5 wild found: " + free_spin_reel_counter[2]): null

2019-08-15 16:23:24 - [TEST_STEP][PASSED] - M4_spin_reels = M4_spin_reels: null

2019-08-15 16:23:24 - [TEST_STEP][PASSED] - M4_spin_reels_symbols = symbol: null

2019-08-15 16:23:24 - [TEST_STEP][PASSED] - M4_spin_reels_symbols = M4_spin_reels_symbols: null

2019-08-15 16:23:24 - [TEST_STEP][PASSED] - M4_spin_reel_wins = reel_wins: null

2019-08-15 16:23:24 - [TEST_STEP][PASSED] - M4_spin_reel_wins = M4_spin_reel_wins: null

2019-08-15 16:23:24 - [TEST_STEP][PASSED] - println("GlobalVariable.M4_spin_reel_wins is: " + M4_spin_reel_wins): null

2019-08-15 16:23:24 - [TEST_STEP][PASSED] - M4_spin_total_bonus_win_this_round = total_bonus_win_this_round: null

2019-08-15 16:23:24 - [TEST_STEP][PASSED] - M4_spin_total_bonus_win_this_round = M4_spin_total_bonus_win_this_round: null

2019-08-15 16:23:24 - [TEST_STEP][PASSED] - println("GlobalVariable.M4_spin_total_bonus_win_this_round is: " + M4_spin_total_bonus_win_this_round): null

2019-08-15 16:23:24 - [MESSAGE][PASSED] - Verify response successfully

2019-08-15 16:23:24 - [MESSAGE][PASSED] - Send request and verify the response successfully

2019-08-15 16:23:24 - [TEST_STEP][PASSED] - if (M4_total_bonus_spins_int != 0 &amp;&amp; M4_spin_reels_symbols[2].contains("WILD_Normal") || M4_spin_reels_symbols[3].contains("WILD_Normal") || M4_spin_reels_symbols[4].contains("WILD_Normal")): null

2019-08-15 16:23:24 - [TEST_STEP][PASSED] - free_spin_reel_counter = free_spin_reel_counter: null

2019-08-15 16:23:24 - [TEST_STEP][PASSED] - M4_spin_reels_symbols = M4_spin_reels_symbols: null

2019-08-15 16:23:24 - [TEST_STEP][PASSED] - M4_total_bonus_spins = M4_total_bonus_spins: null

2019-08-15 16:23:24 - [TEST_STEP][PASSED] - spin_result = sendRequestAndVerify(findTestObject("STG/RGS(M4)/1_M4_spin", ["M4_login_user_id":M4_login_user_id, "rgs_session_token":rgs_session_token, "partner":Partner])): Send request and verify the response successfully

2019-08-15 16:23:25 - [TEST_CASE][PASSED] - Start Test Case : Verification: Verification accomplished successfully

2019-08-15 16:23:25 - [TEST_STEP][PASSED] - request = getInstance().getCurrentRequest(): null

2019-08-15 16:23:25 - [TEST_STEP][PASSED] - response = getInstance().getCurrentResponse(): null

2019-08-15 16:23:25 - [TEST_STEP][PASSED] - verifyResponseStatusCode(response, 200): Verify response status code successfully

2019-08-15 16:23:25 - [MESSAGE][PASSED] - Verify response status code successfully

2019-08-15 16:23:25 - [TEST_STEP][PASSED] - getStatusCode()).isEqualTo(200): null

2019-08-15 16:23:25 - [TEST_STEP][PASSED] - newline = System.getProperty("line.separator"): null

2019-08-15 16:23:25 - [TEST_STEP][PASSED] - M4_spin = new groovy.json.JsonSlurper(): null

2019-08-15 16:23:25 - [TEST_STEP][PASSED] - result_M4_spin = M4_spin.parseText(response.getResponseBodyContent()): null

2019-08-15 16:23:25 - [TEST_STEP][PASSED] - M4_spin_current_balance = current_balance: null

2019-08-15 16:23:25 - [TEST_STEP][PASSED] - M4_spin_current_balance = M4_spin_current_balance: null

2019-08-15 16:23:25 - [TEST_STEP][PASSED] - M4_spin_transaction_id = causality: null

2019-08-15 16:23:25 - [TEST_STEP][PASSED] - M4_spin_transaction_id = M4_spin_transaction_id: null

2019-08-15 16:23:25 - [TEST_STEP][PASSED] - M4_spin_round_id = round_id: null

2019-08-15 16:23:25 - [TEST_STEP][PASSED] - M4_spin_round_id = M4_spin_round_id: null

2019-08-15 16:23:25 - [TEST_STEP][PASSED] - M4_spin_line_wins = line_wins: null

2019-08-15 16:23:25 - [TEST_STEP][PASSED] - M4_spin_line_wins = M4_spin_line_wins: null

2019-08-15 16:23:25 - [TEST_STEP][PASSED] - M4_total_bonus_spins_int = total_bonus_spins: null

2019-08-15 16:23:25 - [TEST_STEP][PASSED] - println("******M4_total_bonus_spins type is:*******" + newline + getClass().getName()): null

2019-08-15 16:23:25 - [TEST_STEP][PASSED] - M4_total_bonus_spins_int = M4_total_bonus_spins_int: null

2019-08-15 16:23:25 - [TEST_STEP][PASSED] - M4_total_bonus_spins = Integer.toString(M4_total_bonus_spins_int): null

2019-08-15 16:23:25 - [TEST_STEP][PASSED] - M4_total_bonus_spins = M4_total_bonus_spins: null

2019-08-15 16:23:25 - [TEST_STEP][PASSED] - println("M4_total_bonus_spins is:" + M4_total_bonus_spins): null

2019-08-15 16:23:25 - [TEST_STEP][PASSED] - M4_spin_bonus_data = bonus_data: null

2019-08-15 16:23:25 - [TEST_STEP][PASSED] - M4_spin_features_triggered = result_M4_spin: null

2019-08-15 16:23:25 - [TEST_STEP][PASSED] - wild = []: null

2019-08-15 16:23:25 - [TEST_STEP][PASSED] - wild[0] = "WILD_Expanding": null

2019-08-15 16:23:25 - [TEST_STEP][PASSED] - wild[1] = "WILD_Normal": null

2019-08-15 16:23:25 - [TEST_STEP][PASSED] - wild[2] = "WILD_Double": null

2019-08-15 16:23:25 - [TEST_STEP][PASSED] - wild[3] = "WILD_ExtraFG": null

2019-08-15 16:23:25 - [TEST_STEP][PASSED] - wild[4] = "WILD_Triple": null

2019-08-15 16:23:25 - [TEST_STEP][PASSED] - wildList = Arrays.asList(wild): null

2019-08-15 16:23:25 - [TEST_STEP][PASSED] - wildList = wildList: null

2019-08-15 16:23:25 - [TEST_STEP][PASSED] - free_spin_reel_counter = []: null

2019-08-15 16:23:25 - [TEST_STEP][PASSED] - free_spin_reel_counter[0] = 0: null

2019-08-15 16:23:25 - [TEST_STEP][PASSED] - free_spin_reel_counter[1] = 0: null

2019-08-15 16:23:25 - [TEST_STEP][PASSED] - free_spin_reel_counter[2] = 0: null

2019-08-15 16:23:25 - [TEST_STEP][PASSED] - M4_spin_reels = reels: null

2019-08-15 16:23:25 - [TEST_STEP][PASSED] - for ([i = 0, i &lt; M4_spin_reels.size(), (i++)]): null

2019-08-15 16:23:25 - [TEST_STEP][PASSED] - symbols = symbols: null

2019-08-15 16:23:25 - [TEST_STEP][PASSED] - for ([j = 0, j &lt; symbols.size(), (j++)]): null

2019-08-15 16:23:25 - [TEST_STEP][PASSED] - symbol = symbol: null

2019-08-15 16:23:25 - [TEST_STEP][PASSED] - println(symbol): null

2019-08-15 16:23:25 - [TEST_STEP][PASSED] - if (i == 2 &amp;&amp; wildList.indexOf(symbol) != -1): null

2019-08-15 16:23:25 - [TEST_STEP][PASSED] - if (i == 3 &amp;&amp; wildList.indexOf(symbol) != -1): null

2019-08-15 16:23:25 - [TEST_STEP][PASSED] - if (i == 4 &amp;&amp; wildList.indexOf(symbol) != -1): null

2019-08-15 16:23:25 - [TEST_STEP][PASSED] - symbol = symbol: null

2019-08-15 16:23:25 - [TEST_STEP][PASSED] - println(symbol): null

2019-08-15 16:23:25 - [TEST_STEP][PASSED] - if (i == 2 &amp;&amp; wildList.indexOf(symbol) != -1): null

2019-08-15 16:23:25 - [TEST_STEP][PASSED] - if (i == 3 &amp;&amp; wildList.indexOf(symbol) != -1): null

2019-08-15 16:23:25 - [TEST_STEP][PASSED] - if (i == 4 &amp;&amp; wildList.indexOf(symbol) != -1): null

2019-08-15 16:23:25 - [TEST_STEP][PASSED] - symbol = symbol: null

2019-08-15 16:23:25 - [TEST_STEP][PASSED] - println(symbol): null

2019-08-15 16:23:25 - [TEST_STEP][PASSED] - if (i == 2 &amp;&amp; wildList.indexOf(symbol) != -1): null

2019-08-15 16:23:25 - [TEST_STEP][PASSED] - if (i == 3 &amp;&amp; wildList.indexOf(symbol) != -1): null

2019-08-15 16:23:25 - [TEST_STEP][PASSED] - if (i == 4 &amp;&amp; wildList.indexOf(symbol) != -1): null

2019-08-15 16:23:25 - [TEST_STEP][PASSED] - symbols = symbols: null

2019-08-15 16:23:25 - [TEST_STEP][PASSED] - for ([j = 0, j &lt; symbols.size(), (j++)]): null

2019-08-15 16:23:25 - [TEST_STEP][PASSED] - symbol = symbol: null

2019-08-15 16:23:25 - [TEST_STEP][PASSED] - println(symbol): null

2019-08-15 16:23:25 - [TEST_STEP][PASSED] - if (i == 2 &amp;&amp; wildList.indexOf(symbol) != -1): null

2019-08-15 16:23:25 - [TEST_STEP][PASSED] - if (i == 3 &amp;&amp; wildList.indexOf(symbol) != -1): null

2019-08-15 16:23:25 - [TEST_STEP][PASSED] - if (i == 4 &amp;&amp; wildList.indexOf(symbol) != -1): null

2019-08-15 16:23:25 - [TEST_STEP][PASSED] - symbol = symbol: null

2019-08-15 16:23:25 - [TEST_STEP][PASSED] - println(symbol): null

2019-08-15 16:23:25 - [TEST_STEP][PASSED] - if (i == 2 &amp;&amp; wildList.indexOf(symbol) != -1): null

2019-08-15 16:23:25 - [TEST_STEP][PASSED] - if (i == 3 &amp;&amp; wildList.indexOf(symbol) != -1): null

2019-08-15 16:23:25 - [TEST_STEP][PASSED] - if (i == 4 &amp;&amp; wildList.indexOf(symbol) != -1): null

2019-08-15 16:23:25 - [TEST_STEP][PASSED] - symbol = symbol: null

2019-08-15 16:23:25 - [TEST_STEP][PASSED] - println(symbol): null

2019-08-15 16:23:25 - [TEST_STEP][PASSED] - if (i == 2 &amp;&amp; wildList.indexOf(symbol) != -1): null

2019-08-15 16:23:25 - [TEST_STEP][PASSED] - if (i == 3 &amp;&amp; wildList.indexOf(symbol) != -1): null

2019-08-15 16:23:25 - [TEST_STEP][PASSED] - if (i == 4 &amp;&amp; wildList.indexOf(symbol) != -1): null

2019-08-15 16:23:25 - [TEST_STEP][PASSED] - symbols = symbols: null

2019-08-15 16:23:25 - [TEST_STEP][PASSED] - for ([j = 0, j &lt; symbols.size(), (j++)]): null

2019-08-15 16:23:25 - [TEST_STEP][PASSED] - symbol = symbol: null

2019-08-15 16:23:25 - [TEST_STEP][PASSED] - println(symbol): null

2019-08-15 16:23:25 - [TEST_STEP][PASSED] - if (i == 2 &amp;&amp; wildList.indexOf(symbol) != -1): null

2019-08-15 16:23:25 - [TEST_STEP][PASSED] - println("wild found on reel 3, adding counter by 1"): null

2019-08-15 16:23:25 - [TEST_STEP][PASSED] - free_spin_reel_counter[0] = free_spin_reel_counter[0] + 1: null

2019-08-15 16:23:25 - [TEST_STEP][PASSED] - if (i == 3 &amp;&amp; wildList.indexOf(symbol) != -1): null

2019-08-15 16:23:25 - [TEST_STEP][PASSED] - if (i == 4 &amp;&amp; wildList.indexOf(symbol) != -1): null

2019-08-15 16:23:25 - [TEST_STEP][PASSED] - symbol = symbol: null

2019-08-15 16:23:25 - [TEST_STEP][PASSED] - println(symbol): null

2019-08-15 16:23:25 - [TEST_STEP][PASSED] - if (i == 2 &amp;&amp; wildList.indexOf(symbol) != -1): null

2019-08-15 16:23:25 - [TEST_STEP][PASSED] - if (i == 3 &amp;&amp; wildList.indexOf(symbol) != -1): null

2019-08-15 16:23:25 - [TEST_STEP][PASSED] - if (i == 4 &amp;&amp; wildList.indexOf(symbol) != -1): null

2019-08-15 16:23:25 - [TEST_STEP][PASSED] - symbol = symbol: null

2019-08-15 16:23:25 - [TEST_STEP][PASSED] - println(symbol): null

2019-08-15 16:23:25 - [TEST_STEP][PASSED] - if (i == 2 &amp;&amp; wildList.indexOf(symbol) != -1): null

2019-08-15 16:23:25 - [TEST_STEP][PASSED] - if (i == 3 &amp;&amp; wildList.indexOf(symbol) != -1): null

2019-08-15 16:23:25 - [TEST_STEP][PASSED] - if (i == 4 &amp;&amp; wildList.indexOf(symbol) != -1): null

2019-08-15 16:23:25 - [TEST_STEP][PASSED] - symbols = symbols: null

2019-08-15 16:23:25 - [TEST_STEP][PASSED] - for ([j = 0, j &lt; symbols.size(), (j++)]): null

2019-08-15 16:23:25 - [TEST_STEP][PASSED] - symbol = symbol: null

2019-08-15 16:23:25 - [TEST_STEP][PASSED] - println(symbol): null

2019-08-15 16:23:25 - [TEST_STEP][PASSED] - if (i == 2 &amp;&amp; wildList.indexOf(symbol) != -1): null

2019-08-15 16:23:25 - [TEST_STEP][PASSED] - if (i == 3 &amp;&amp; wildList.indexOf(symbol) != -1): null

2019-08-15 16:23:25 - [TEST_STEP][PASSED] - if (i == 4 &amp;&amp; wildList.indexOf(symbol) != -1): null

2019-08-15 16:23:25 - [TEST_STEP][PASSED] - symbol = symbol: null

2019-08-15 16:23:25 - [TEST_STEP][PASSED] - println(symbol): null

2019-08-15 16:23:25 - [TEST_STEP][PASSED] - if (i == 2 &amp;&amp; wildList.indexOf(symbol) != -1): null

2019-08-15 16:23:25 - [TEST_STEP][PASSED] - if (i == 3 &amp;&amp; wildList.indexOf(symbol) != -1): null

2019-08-15 16:23:25 - [TEST_STEP][PASSED] - if (i == 4 &amp;&amp; wildList.indexOf(symbol) != -1): null

2019-08-15 16:23:25 - [TEST_STEP][PASSED] - symbol = symbol: null

2019-08-15 16:23:25 - [TEST_STEP][PASSED] - println(symbol): null

2019-08-15 16:23:25 - [TEST_STEP][PASSED] - if (i == 2 &amp;&amp; wildList.indexOf(symbol) != -1): null

2019-08-15 16:23:25 - [TEST_STEP][PASSED] - if (i == 3 &amp;&amp; wildList.indexOf(symbol) != -1): null

2019-08-15 16:23:25 - [TEST_STEP][PASSED] - if (i == 4 &amp;&amp; wildList.indexOf(symbol) != -1): null

2019-08-15 16:23:25 - [TEST_STEP][PASSED] - symbols = symbols: null

2019-08-15 16:23:25 - [TEST_STEP][PASSED] - for ([j = 0, j &lt; symbols.size(), (j++)]): null

2019-08-15 16:23:25 - [TEST_STEP][PASSED] - symbol = symbol: null

2019-08-15 16:23:25 - [TEST_STEP][PASSED] - println(symbol): null

2019-08-15 16:23:25 - [TEST_STEP][PASSED] - if (i == 2 &amp;&amp; wildList.indexOf(symbol) != -1): null

2019-08-15 16:23:25 - [TEST_STEP][PASSED] - if (i == 3 &amp;&amp; wildList.indexOf(symbol) != -1): null

2019-08-15 16:23:25 - [TEST_STEP][PASSED] - if (i == 4 &amp;&amp; wildList.indexOf(symbol) != -1): null

2019-08-15 16:23:25 - [TEST_STEP][PASSED] - symbol = symbol: null

2019-08-15 16:23:25 - [TEST_STEP][PASSED] - println(symbol): null

2019-08-15 16:23:25 - [TEST_STEP][PASSED] - if (i == 2 &amp;&amp; wildList.indexOf(symbol) != -1): null

2019-08-15 16:23:25 - [TEST_STEP][PASSED] - if (i == 3 &amp;&amp; wildList.indexOf(symbol) != -1): null

2019-08-15 16:23:25 - [TEST_STEP][PASSED] - if (i == 4 &amp;&amp; wildList.indexOf(symbol) != -1): null

2019-08-15 16:23:25 - [TEST_STEP][PASSED] - symbol = symbol: null

2019-08-15 16:23:25 - [TEST_STEP][PASSED] - println(symbol): null

2019-08-15 16:23:25 - [TEST_STEP][PASSED] - if (i == 2 &amp;&amp; wildList.indexOf(symbol) != -1): null

2019-08-15 16:23:25 - [TEST_STEP][PASSED] - if (i == 3 &amp;&amp; wildList.indexOf(symbol) != -1): null

2019-08-15 16:23:25 - [TEST_STEP][PASSED] - if (i == 4 &amp;&amp; wildList.indexOf(symbol) != -1): null

2019-08-15 16:23:25 - [TEST_STEP][PASSED] - free_spin_reel_counter = free_spin_reel_counter: null

2019-08-15 16:23:25 - [TEST_STEP][PASSED] - println("reel 3 wild found: " + free_spin_reel_counter[0]): null

2019-08-15 16:23:25 - [TEST_STEP][PASSED] - println("reel 4 wild found: " + free_spin_reel_counter[1]): null

2019-08-15 16:23:25 - [TEST_STEP][PASSED] - println("reel 5 wild found: " + free_spin_reel_counter[2]): null

2019-08-15 16:23:25 - [TEST_STEP][PASSED] - M4_spin_reels = M4_spin_reels: null

2019-08-15 16:23:25 - [TEST_STEP][PASSED] - M4_spin_reels_symbols = symbol: null

2019-08-15 16:23:25 - [TEST_STEP][PASSED] - M4_spin_reels_symbols = M4_spin_reels_symbols: null

2019-08-15 16:23:25 - [TEST_STEP][PASSED] - M4_spin_reel_wins = reel_wins: null

2019-08-15 16:23:25 - [TEST_STEP][PASSED] - M4_spin_reel_wins = M4_spin_reel_wins: null

2019-08-15 16:23:25 - [TEST_STEP][PASSED] - println("GlobalVariable.M4_spin_reel_wins is: " + M4_spin_reel_wins): null

2019-08-15 16:23:25 - [TEST_STEP][PASSED] - M4_spin_total_bonus_win_this_round = total_bonus_win_this_round: null

2019-08-15 16:23:25 - [TEST_STEP][PASSED] - M4_spin_total_bonus_win_this_round = M4_spin_total_bonus_win_this_round: null

2019-08-15 16:23:25 - [TEST_STEP][PASSED] - println("GlobalVariable.M4_spin_total_bonus_win_this_round is: " + M4_spin_total_bonus_win_this_round): null

2019-08-15 16:23:25 - [MESSAGE][PASSED] - Verify response successfully

2019-08-15 16:23:25 - [MESSAGE][PASSED] - Send request and verify the response successfully

2019-08-15 16:23:25 - [TEST_STEP][PASSED] - if (M4_total_bonus_spins_int != 0 &amp;&amp; M4_spin_reels_symbols[2].contains("WILD_Normal") || M4_spin_reels_symbols[3].contains("WILD_Normal") || M4_spin_reels_symbols[4].contains("WILD_Normal")): null

2019-08-15 16:23:25 - [TEST_STEP][PASSED] - free_spin_reel_counter = free_spin_reel_counter: null

2019-08-15 16:23:25 - [TEST_STEP][PASSED] - M4_spin_reels_symbols = M4_spin_reels_symbols: null

2019-08-15 16:23:25 - [TEST_STEP][PASSED] - M4_total_bonus_spins = M4_total_bonus_spins: null

2019-08-15 16:23:25 - [TEST_STEP][PASSED] - spin_result = sendRequestAndVerify(findTestObject("STG/RGS(M4)/1_M4_spin", ["M4_login_user_id":M4_login_user_id, "rgs_session_token":rgs_session_token, "partner":Partner])): Send request and verify the response successfully

2019-08-15 16:23:25 - [TEST_CASE][PASSED] - Start Test Case : Verification: Verification accomplished successfully

2019-08-15 16:23:25 - [TEST_STEP][PASSED] - request = getInstance().getCurrentRequest(): null

2019-08-15 16:23:25 - [TEST_STEP][PASSED] - response = getInstance().getCurrentResponse(): null

2019-08-15 16:23:25 - [TEST_STEP][PASSED] - verifyResponseStatusCode(response, 200): Verify response status code successfully

2019-08-15 16:23:25 - [MESSAGE][PASSED] - Verify response status code successfully

2019-08-15 16:23:25 - [TEST_STEP][PASSED] - getStatusCode()).isEqualTo(200): null

2019-08-15 16:23:25 - [TEST_STEP][PASSED] - newline = System.getProperty("line.separator"): null

2019-08-15 16:23:25 - [TEST_STEP][PASSED] - M4_spin = new groovy.json.JsonSlurper(): null

2019-08-15 16:23:25 - [TEST_STEP][PASSED] - result_M4_spin = M4_spin.parseText(response.getResponseBodyContent()): null

2019-08-15 16:23:25 - [TEST_STEP][PASSED] - M4_spin_current_balance = current_balance: null

2019-08-15 16:23:25 - [TEST_STEP][PASSED] - M4_spin_current_balance = M4_spin_current_balance: null

2019-08-15 16:23:25 - [TEST_STEP][PASSED] - M4_spin_transaction_id = causality: null

2019-08-15 16:23:25 - [TEST_STEP][PASSED] - M4_spin_transaction_id = M4_spin_transaction_id: null

2019-08-15 16:23:25 - [TEST_STEP][PASSED] - M4_spin_round_id = round_id: null

2019-08-15 16:23:25 - [TEST_STEP][PASSED] - M4_spin_round_id = M4_spin_round_id: null

2019-08-15 16:23:25 - [TEST_STEP][PASSED] - M4_spin_line_wins = line_wins: null

2019-08-15 16:23:25 - [TEST_STEP][PASSED] - M4_spin_line_wins = M4_spin_line_wins: null

2019-08-15 16:23:25 - [TEST_STEP][PASSED] - M4_total_bonus_spins_int = total_bonus_spins: null

2019-08-15 16:23:25 - [TEST_STEP][PASSED] - println("******M4_total_bonus_spins type is:*******" + newline + getClass().getName()): null

2019-08-15 16:23:25 - [TEST_STEP][PASSED] - M4_total_bonus_spins_int = M4_total_bonus_spins_int: null

2019-08-15 16:23:25 - [TEST_STEP][PASSED] - M4_total_bonus_spins = Integer.toString(M4_total_bonus_spins_int): null

2019-08-15 16:23:25 - [TEST_STEP][PASSED] - M4_total_bonus_spins = M4_total_bonus_spins: null

2019-08-15 16:23:25 - [TEST_STEP][PASSED] - println("M4_total_bonus_spins is:" + M4_total_bonus_spins): null

2019-08-15 16:23:25 - [TEST_STEP][PASSED] - M4_spin_bonus_data = bonus_data: null

2019-08-15 16:23:25 - [TEST_STEP][PASSED] - M4_spin_features_triggered = result_M4_spin: null

2019-08-15 16:23:25 - [TEST_STEP][PASSED] - wild = []: null

2019-08-15 16:23:25 - [TEST_STEP][PASSED] - wild[0] = "WILD_Expanding": null

2019-08-15 16:23:25 - [TEST_STEP][PASSED] - wild[1] = "WILD_Normal": null

2019-08-15 16:23:25 - [TEST_STEP][PASSED] - wild[2] = "WILD_Double": null

2019-08-15 16:23:25 - [TEST_STEP][PASSED] - wild[3] = "WILD_ExtraFG": null

2019-08-15 16:23:25 - [TEST_STEP][PASSED] - wild[4] = "WILD_Triple": null

2019-08-15 16:23:25 - [TEST_STEP][PASSED] - wildList = Arrays.asList(wild): null

2019-08-15 16:23:25 - [TEST_STEP][PASSED] - wildList = wildList: null

2019-08-15 16:23:25 - [TEST_STEP][PASSED] - free_spin_reel_counter = []: null

2019-08-15 16:23:25 - [TEST_STEP][PASSED] - free_spin_reel_counter[0] = 0: null

2019-08-15 16:23:25 - [TEST_STEP][PASSED] - free_spin_reel_counter[1] = 0: null

2019-08-15 16:23:25 - [TEST_STEP][PASSED] - free_spin_reel_counter[2] = 0: null

2019-08-15 16:23:25 - [TEST_STEP][PASSED] - M4_spin_reels = reels: null

2019-08-15 16:23:25 - [TEST_STEP][PASSED] - for ([i = 0, i &lt; M4_spin_reels.size(), (i++)]): null

2019-08-15 16:23:25 - [TEST_STEP][PASSED] - symbols = symbols: null

2019-08-15 16:23:25 - [TEST_STEP][PASSED] - for ([j = 0, j &lt; symbols.size(), (j++)]): null

2019-08-15 16:23:25 - [TEST_STEP][PASSED] - symbol = symbol: null

2019-08-15 16:23:25 - [TEST_STEP][PASSED] - println(symbol): null

2019-08-15 16:23:25 - [TEST_STEP][PASSED] - if (i == 2 &amp;&amp; wildList.indexOf(symbol) != -1): null

2019-08-15 16:23:25 - [TEST_STEP][PASSED] - if (i == 3 &amp;&amp; wildList.indexOf(symbol) != -1): null

2019-08-15 16:23:25 - [TEST_STEP][PASSED] - if (i == 4 &amp;&amp; wildList.indexOf(symbol) != -1): null

2019-08-15 16:23:25 - [TEST_STEP][PASSED] - symbol = symbol: null

2019-08-15 16:23:25 - [TEST_STEP][PASSED] - println(symbol): null

2019-08-15 16:23:25 - [TEST_STEP][PASSED] - if (i == 2 &amp;&amp; wildList.indexOf(symbol) != -1): null

2019-08-15 16:23:25 - [TEST_STEP][PASSED] - if (i == 3 &amp;&amp; wildList.indexOf(symbol) != -1): null

2019-08-15 16:23:25 - [TEST_STEP][PASSED] - if (i == 4 &amp;&amp; wildList.indexOf(symbol) != -1): null

2019-08-15 16:23:25 - [TEST_STEP][PASSED] - symbol = symbol: null

2019-08-15 16:23:25 - [TEST_STEP][PASSED] - println(symbol): null

2019-08-15 16:23:25 - [TEST_STEP][PASSED] - if (i == 2 &amp;&amp; wildList.indexOf(symbol) != -1): null

2019-08-15 16:23:25 - [TEST_STEP][PASSED] - if (i == 3 &amp;&amp; wildList.indexOf(symbol) != -1): null

2019-08-15 16:23:25 - [TEST_STEP][PASSED] - if (i == 4 &amp;&amp; wildList.indexOf(symbol) != -1): null

2019-08-15 16:23:25 - [TEST_STEP][PASSED] - symbols = symbols: null

2019-08-15 16:23:25 - [TEST_STEP][PASSED] - for ([j = 0, j &lt; symbols.size(), (j++)]): null

2019-08-15 16:23:25 - [TEST_STEP][PASSED] - symbol = symbol: null

2019-08-15 16:23:25 - [TEST_STEP][PASSED] - println(symbol): null

2019-08-15 16:23:25 - [TEST_STEP][PASSED] - if (i == 2 &amp;&amp; wildList.indexOf(symbol) != -1): null

2019-08-15 16:23:25 - [TEST_STEP][PASSED] - if (i == 3 &amp;&amp; wildList.indexOf(symbol) != -1): null

2019-08-15 16:23:25 - [TEST_STEP][PASSED] - if (i == 4 &amp;&amp; wildList.indexOf(symbol) != -1): null

2019-08-15 16:23:25 - [TEST_STEP][PASSED] - symbol = symbol: null

2019-08-15 16:23:25 - [TEST_STEP][PASSED] - println(symbol): null

2019-08-15 16:23:25 - [TEST_STEP][PASSED] - if (i == 2 &amp;&amp; wildList.indexOf(symbol) != -1): null

2019-08-15 16:23:25 - [TEST_STEP][PASSED] - if (i == 3 &amp;&amp; wildList.indexOf(symbol) != -1): null

2019-08-15 16:23:25 - [TEST_STEP][PASSED] - if (i == 4 &amp;&amp; wildList.indexOf(symbol) != -1): null

2019-08-15 16:23:25 - [TEST_STEP][PASSED] - symbol = symbol: null

2019-08-15 16:23:25 - [TEST_STEP][PASSED] - println(symbol): null

2019-08-15 16:23:25 - [TEST_STEP][PASSED] - if (i == 2 &amp;&amp; wildList.indexOf(symbol) != -1): null

2019-08-15 16:23:25 - [TEST_STEP][PASSED] - if (i == 3 &amp;&amp; wildList.indexOf(symbol) != -1): null

2019-08-15 16:23:25 - [TEST_STEP][PASSED] - if (i == 4 &amp;&amp; wildList.indexOf(symbol) != -1): null

2019-08-15 16:23:25 - [TEST_STEP][PASSED] - symbols = symbols: null

2019-08-15 16:23:25 - [TEST_STEP][PASSED] - for ([j = 0, j &lt; symbols.size(), (j++)]): null

2019-08-15 16:23:25 - [TEST_STEP][PASSED] - symbol = symbol: null

2019-08-15 16:23:25 - [TEST_STEP][PASSED] - println(symbol): null

2019-08-15 16:23:25 - [TEST_STEP][PASSED] - if (i == 2 &amp;&amp; wildList.indexOf(symbol) != -1): null

2019-08-15 16:23:25 - [TEST_STEP][PASSED] - if (i == 3 &amp;&amp; wildList.indexOf(symbol) != -1): null

2019-08-15 16:23:25 - [TEST_STEP][PASSED] - if (i == 4 &amp;&amp; wildList.indexOf(symbol) != -1): null

2019-08-15 16:23:25 - [TEST_STEP][PASSED] - symbol = symbol: null

2019-08-15 16:23:25 - [TEST_STEP][PASSED] - println(symbol): null

2019-08-15 16:23:25 - [TEST_STEP][PASSED] - if (i == 2 &amp;&amp; wildList.indexOf(symbol) != -1): null

2019-08-15 16:23:25 - [TEST_STEP][PASSED] - if (i == 3 &amp;&amp; wildList.indexOf(symbol) != -1): null

2019-08-15 16:23:25 - [TEST_STEP][PASSED] - if (i == 4 &amp;&amp; wildList.indexOf(symbol) != -1): null

2019-08-15 16:23:25 - [TEST_STEP][PASSED] - symbol = symbol: null

2019-08-15 16:23:25 - [TEST_STEP][PASSED] - println(symbol): null

2019-08-15 16:23:25 - [TEST_STEP][PASSED] - if (i == 2 &amp;&amp; wildList.indexOf(symbol) != -1): null

2019-08-15 16:23:25 - [TEST_STEP][PASSED] - println("wild found on reel 3, adding counter by 1"): null

2019-08-15 16:23:25 - [TEST_STEP][PASSED] - free_spin_reel_counter[0] = free_spin_reel_counter[0] + 1: null

2019-08-15 16:23:25 - [TEST_STEP][PASSED] - if (i == 3 &amp;&amp; wildList.indexOf(symbol) != -1): null

2019-08-15 16:23:25 - [TEST_STEP][PASSED] - if (i == 4 &amp;&amp; wildList.indexOf(symbol) != -1): null

2019-08-15 16:23:25 - [TEST_STEP][PASSED] - symbols = symbols: null

2019-08-15 16:23:25 - [TEST_STEP][PASSED] - for ([j = 0, j &lt; symbols.size(), (j++)]): null

2019-08-15 16:23:25 - [TEST_STEP][PASSED] - symbol = symbol: null

2019-08-15 16:23:25 - [TEST_STEP][PASSED] - println(symbol): null

2019-08-15 16:23:25 - [TEST_STEP][PASSED] - if (i == 2 &amp;&amp; wildList.indexOf(symbol) != -1): null

2019-08-15 16:23:25 - [TEST_STEP][PASSED] - if (i == 3 &amp;&amp; wildList.indexOf(symbol) != -1): null

2019-08-15 16:23:25 - [TEST_STEP][PASSED] - if (i == 4 &amp;&amp; wildList.indexOf(symbol) != -1): null

2019-08-15 16:23:25 - [TEST_STEP][PASSED] - symbol = symbol: null

2019-08-15 16:23:25 - [TEST_STEP][PASSED] - println(symbol): null

2019-08-15 16:23:25 - [TEST_STEP][PASSED] - if (i == 2 &amp;&amp; wildList.indexOf(symbol) != -1): null

2019-08-15 16:23:25 - [TEST_STEP][PASSED] - if (i == 3 &amp;&amp; wildList.indexOf(symbol) != -1): null

2019-08-15 16:23:25 - [TEST_STEP][PASSED] - if (i == 4 &amp;&amp; wildList.indexOf(symbol) != -1): null

2019-08-15 16:23:25 - [TEST_STEP][PASSED] - symbol = symbol: null

2019-08-15 16:23:25 - [TEST_STEP][PASSED] - println(symbol): null

2019-08-15 16:23:25 - [TEST_STEP][PASSED] - if (i == 2 &amp;&amp; wildList.indexOf(symbol) != -1): null

2019-08-15 16:23:25 - [TEST_STEP][PASSED] - if (i == 3 &amp;&amp; wildList.indexOf(symbol) != -1): null

2019-08-15 16:23:25 - [TEST_STEP][PASSED] - println("wild found on reel 4, adding counter by 1"): null

2019-08-15 16:23:25 - [TEST_STEP][PASSED] - free_spin_reel_counter[1] = free_spin_reel_counter[1] + 1: null

2019-08-15 16:23:25 - [TEST_STEP][PASSED] - if (i == 4 &amp;&amp; wildList.indexOf(symbol) != -1): null

2019-08-15 16:23:25 - [TEST_STEP][PASSED] - symbols = symbols: null

2019-08-15 16:23:25 - [TEST_STEP][PASSED] - for ([j = 0, j &lt; symbols.size(), (j++)]): null

2019-08-15 16:23:25 - [TEST_STEP][PASSED] - symbol = symbol: null

2019-08-15 16:23:25 - [TEST_STEP][PASSED] - println(symbol): null

2019-08-15 16:23:25 - [TEST_STEP][PASSED] - if (i == 2 &amp;&amp; wildList.indexOf(symbol) != -1): null

2019-08-15 16:23:25 - [TEST_STEP][PASSED] - if (i == 3 &amp;&amp; wildList.indexOf(symbol) != -1): null

2019-08-15 16:23:25 - [TEST_STEP][PASSED] - if (i == 4 &amp;&amp; wildList.indexOf(symbol) != -1): null

2019-08-15 16:23:25 - [TEST_STEP][PASSED] - symbol = symbol: null

2019-08-15 16:23:25 - [TEST_STEP][PASSED] - println(symbol): null

2019-08-15 16:23:25 - [TEST_STEP][PASSED] - if (i == 2 &amp;&amp; wildList.indexOf(symbol) != -1): null

2019-08-15 16:23:25 - [TEST_STEP][PASSED] - if (i == 3 &amp;&amp; wildList.indexOf(symbol) != -1): null

2019-08-15 16:23:25 - [TEST_STEP][PASSED] - if (i == 4 &amp;&amp; wildList.indexOf(symbol) != -1): null

2019-08-15 16:23:25 - [TEST_STEP][PASSED] - symbol = symbol: null

2019-08-15 16:23:25 - [TEST_STEP][PASSED] - println(symbol): null

2019-08-15 16:23:25 - [TEST_STEP][PASSED] - if (i == 2 &amp;&amp; wildList.indexOf(symbol) != -1): null

2019-08-15 16:23:25 - [TEST_STEP][PASSED] - if (i == 3 &amp;&amp; wildList.indexOf(symbol) != -1): null

2019-08-15 16:23:25 - [TEST_STEP][PASSED] - if (i == 4 &amp;&amp; wildList.indexOf(symbol) != -1): null

2019-08-15 16:23:25 - [TEST_STEP][PASSED] - free_spin_reel_counter = free_spin_reel_counter: null

2019-08-15 16:23:25 - [TEST_STEP][PASSED] - println("reel 3 wild found: " + free_spin_reel_counter[0]): null

2019-08-15 16:23:25 - [TEST_STEP][PASSED] - println("reel 4 wild found: " + free_spin_reel_counter[1]): null

2019-08-15 16:23:25 - [TEST_STEP][PASSED] - println("reel 5 wild found: " + free_spin_reel_counter[2]): null

2019-08-15 16:23:25 - [TEST_STEP][PASSED] - M4_spin_reels = M4_spin_reels: null

2019-08-15 16:23:25 - [TEST_STEP][PASSED] - M4_spin_reels_symbols = symbol: null

2019-08-15 16:23:25 - [TEST_STEP][PASSED] - M4_spin_reels_symbols = M4_spin_reels_symbols: null

2019-08-15 16:23:25 - [TEST_STEP][PASSED] - M4_spin_reel_wins = reel_wins: null

2019-08-15 16:23:25 - [TEST_STEP][PASSED] - M4_spin_reel_wins = M4_spin_reel_wins: null

2019-08-15 16:23:25 - [TEST_STEP][PASSED] - println("GlobalVariable.M4_spin_reel_wins is: " + M4_spin_reel_wins): null

2019-08-15 16:23:25 - [TEST_STEP][PASSED] - M4_spin_total_bonus_win_this_round = total_bonus_win_this_round: null

2019-08-15 16:23:25 - [TEST_STEP][PASSED] - M4_spin_total_bonus_win_this_round = M4_spin_total_bonus_win_this_round: null

2019-08-15 16:23:25 - [TEST_STEP][PASSED] - println("GlobalVariable.M4_spin_total_bonus_win_this_round is: " + M4_spin_total_bonus_win_this_round): null

2019-08-15 16:23:25 - [MESSAGE][PASSED] - Verify response successfully

2019-08-15 16:23:25 - [MESSAGE][PASSED] - Send request and verify the response successfully

2019-08-15 16:23:25 - [TEST_STEP][PASSED] - if (M4_total_bonus_spins_int != 0 &amp;&amp; M4_spin_reels_symbols[2].contains("WILD_Normal") || M4_spin_reels_symbols[3].contains("WILD_Normal") || M4_spin_reels_symbols[4].contains("WILD_Normal")): null

2019-08-15 16:23:25 - [TEST_STEP][PASSED] - free_spin_reel_counter = free_spin_reel_counter: null

2019-08-15 16:23:25 - [TEST_STEP][PASSED] - M4_spin_reels_symbols = M4_spin_reels_symbols: null

2019-08-15 16:23:25 - [TEST_STEP][PASSED] - M4_total_bonus_spins = M4_total_bonus_spins: null

2019-08-15 16:23:25 - [TEST_STEP][PASSED] - spin_result = sendRequestAndVerify(findTestObject("STG/RGS(M4)/1_M4_spin", ["M4_login_user_id":M4_login_user_id, "rgs_session_token":rgs_session_token, "partner":Partner])): Send request and verify the response successfully

2019-08-15 16:23:25 - [TEST_CASE][PASSED] - Start Test Case : Verification: Verification accomplished successfully

2019-08-15 16:23:25 - [TEST_STEP][PASSED] - request = getInstance().getCurrentRequest(): null

2019-08-15 16:23:25 - [TEST_STEP][PASSED] - response = getInstance().getCurrentResponse(): null

2019-08-15 16:23:25 - [TEST_STEP][PASSED] - verifyResponseStatusCode(response, 200): Verify response status code successfully

2019-08-15 16:23:25 - [MESSAGE][PASSED] - Verify response status code successfully

2019-08-15 16:23:25 - [TEST_STEP][PASSED] - getStatusCode()).isEqualTo(200): null

2019-08-15 16:23:25 - [TEST_STEP][PASSED] - newline = System.getProperty("line.separator"): null

2019-08-15 16:23:25 - [TEST_STEP][PASSED] - M4_spin = new groovy.json.JsonSlurper(): null

2019-08-15 16:23:25 - [TEST_STEP][PASSED] - result_M4_spin = M4_spin.parseText(response.getResponseBodyContent()): null

2019-08-15 16:23:25 - [TEST_STEP][PASSED] - M4_spin_current_balance = current_balance: null

2019-08-15 16:23:25 - [TEST_STEP][PASSED] - M4_spin_current_balance = M4_spin_current_balance: null

2019-08-15 16:23:25 - [TEST_STEP][PASSED] - M4_spin_transaction_id = causality: null

2019-08-15 16:23:25 - [TEST_STEP][PASSED] - M4_spin_transaction_id = M4_spin_transaction_id: null

2019-08-15 16:23:25 - [TEST_STEP][PASSED] - M4_spin_round_id = round_id: null

2019-08-15 16:23:25 - [TEST_STEP][PASSED] - M4_spin_round_id = M4_spin_round_id: null

2019-08-15 16:23:25 - [TEST_STEP][PASSED] - M4_spin_line_wins = line_wins: null

2019-08-15 16:23:25 - [TEST_STEP][PASSED] - M4_spin_line_wins = M4_spin_line_wins: null

2019-08-15 16:23:25 - [TEST_STEP][PASSED] - M4_total_bonus_spins_int = total_bonus_spins: null

2019-08-15 16:23:25 - [TEST_STEP][PASSED] - println("******M4_total_bonus_spins type is:*******" + newline + getClass().getName()): null

2019-08-15 16:23:25 - [TEST_STEP][PASSED] - M4_total_bonus_spins_int = M4_total_bonus_spins_int: null

2019-08-15 16:23:25 - [TEST_STEP][PASSED] - M4_total_bonus_spins = Integer.toString(M4_total_bonus_spins_int): null

2019-08-15 16:23:25 - [TEST_STEP][PASSED] - M4_total_bonus_spins = M4_total_bonus_spins: null

2019-08-15 16:23:25 - [TEST_STEP][PASSED] - println("M4_total_bonus_spins is:" + M4_total_bonus_spins): null

2019-08-15 16:23:25 - [TEST_STEP][PASSED] - M4_spin_bonus_data = bonus_data: null

2019-08-15 16:23:25 - [TEST_STEP][PASSED] - M4_spin_features_triggered = result_M4_spin: null

2019-08-15 16:23:25 - [TEST_STEP][PASSED] - wild = []: null

2019-08-15 16:23:25 - [TEST_STEP][PASSED] - wild[0] = "WILD_Expanding": null

2019-08-15 16:23:25 - [TEST_STEP][PASSED] - wild[1] = "WILD_Normal": null

2019-08-15 16:23:25 - [TEST_STEP][PASSED] - wild[2] = "WILD_Double": null

2019-08-15 16:23:25 - [TEST_STEP][PASSED] - wild[3] = "WILD_ExtraFG": null

2019-08-15 16:23:25 - [TEST_STEP][PASSED] - wild[4] = "WILD_Triple": null

2019-08-15 16:23:25 - [TEST_STEP][PASSED] - wildList = Arrays.asList(wild): null

2019-08-15 16:23:25 - [TEST_STEP][PASSED] - wildList = wildList: null

2019-08-15 16:23:25 - [TEST_STEP][PASSED] - free_spin_reel_counter = []: null

2019-08-15 16:23:25 - [TEST_STEP][PASSED] - free_spin_reel_counter[0] = 0: null

2019-08-15 16:23:25 - [TEST_STEP][PASSED] - free_spin_reel_counter[1] = 0: null

2019-08-15 16:23:25 - [TEST_STEP][PASSED] - free_spin_reel_counter[2] = 0: null

2019-08-15 16:23:25 - [TEST_STEP][PASSED] - M4_spin_reels = reels: null

2019-08-15 16:23:25 - [TEST_STEP][PASSED] - for ([i = 0, i &lt; M4_spin_reels.size(), (i++)]): null

2019-08-15 16:23:25 - [TEST_STEP][PASSED] - symbols = symbols: null

2019-08-15 16:23:25 - [TEST_STEP][PASSED] - for ([j = 0, j &lt; symbols.size(), (j++)]): null

2019-08-15 16:23:25 - [TEST_STEP][PASSED] - symbol = symbol: null

2019-08-15 16:23:25 - [TEST_STEP][PASSED] - println(symbol): null

2019-08-15 16:23:25 - [TEST_STEP][PASSED] - if (i == 2 &amp;&amp; wildList.indexOf(symbol) != -1): null

2019-08-15 16:23:25 - [TEST_STEP][PASSED] - if (i == 3 &amp;&amp; wildList.indexOf(symbol) != -1): null

2019-08-15 16:23:25 - [TEST_STEP][PASSED] - if (i == 4 &amp;&amp; wildList.indexOf(symbol) != -1): null

2019-08-15 16:23:25 - [TEST_STEP][PASSED] - symbol = symbol: null

2019-08-15 16:23:25 - [TEST_STEP][PASSED] - println(symbol): null

2019-08-15 16:23:25 - [TEST_STEP][PASSED] - if (i == 2 &amp;&amp; wildList.indexOf(symbol) != -1): null

2019-08-15 16:23:25 - [TEST_STEP][PASSED] - if (i == 3 &amp;&amp; wildList.indexOf(symbol) != -1): null

2019-08-15 16:23:25 - [TEST_STEP][PASSED] - if (i == 4 &amp;&amp; wildList.indexOf(symbol) != -1): null

2019-08-15 16:23:25 - [TEST_STEP][PASSED] - symbol = symbol: null

2019-08-15 16:23:25 - [TEST_STEP][PASSED] - println(symbol): null

2019-08-15 16:23:25 - [TEST_STEP][PASSED] - if (i == 2 &amp;&amp; wildList.indexOf(symbol) != -1): null

2019-08-15 16:23:25 - [TEST_STEP][PASSED] - if (i == 3 &amp;&amp; wildList.indexOf(symbol) != -1): null

2019-08-15 16:23:25 - [TEST_STEP][PASSED] - if (i == 4 &amp;&amp; wildList.indexOf(symbol) != -1): null

2019-08-15 16:23:25 - [TEST_STEP][PASSED] - symbols = symbols: null

2019-08-15 16:23:25 - [TEST_STEP][PASSED] - for ([j = 0, j &lt; symbols.size(), (j++)]): null

2019-08-15 16:23:25 - [TEST_STEP][PASSED] - symbol = symbol: null

2019-08-15 16:23:25 - [TEST_STEP][PASSED] - println(symbol): null

2019-08-15 16:23:25 - [TEST_STEP][PASSED] - if (i == 2 &amp;&amp; wildList.indexOf(symbol) != -1): null

2019-08-15 16:23:25 - [TEST_STEP][PASSED] - if (i == 3 &amp;&amp; wildList.indexOf(symbol) != -1): null

2019-08-15 16:23:25 - [TEST_STEP][PASSED] - if (i == 4 &amp;&amp; wildList.indexOf(symbol) != -1): null

2019-08-15 16:23:25 - [TEST_STEP][PASSED] - symbol = symbol: null

2019-08-15 16:23:25 - [TEST_STEP][PASSED] - println(symbol): null

2019-08-15 16:23:25 - [TEST_STEP][PASSED] - if (i == 2 &amp;&amp; wildList.indexOf(symbol) != -1): null

2019-08-15 16:23:25 - [TEST_STEP][PASSED] - if (i == 3 &amp;&amp; wildList.indexOf(symbol) != -1): null

2019-08-15 16:23:25 - [TEST_STEP][PASSED] - if (i == 4 &amp;&amp; wildList.indexOf(symbol) != -1): null

2019-08-15 16:23:25 - [TEST_STEP][PASSED] - symbol = symbol: null

2019-08-15 16:23:45 - [TEST_STEP][PASSED] - println(symbol): null

2019-08-15 16:23:45 - [TEST_STEP][PASSED] - if (i == 2 &amp;&amp; wildList.indexOf(symbol) != -1): null

2019-08-15 16:23:45 - [TEST_STEP][PASSED] - if (i == 3 &amp;&amp; wildList.indexOf(symbol) != -1): null

2019-08-15 16:23:45 - [TEST_STEP][PASSED] - if (i == 4 &amp;&amp; wildList.indexOf(symbol) != -1): null

2019-08-15 16:23:45 - [TEST_STEP][PASSED] - symbols = symbols: null

2019-08-15 16:23:51 - [TEST_STEP][PASSED] - for ([j = 0, j &lt; symbols.size(), (j++)]): null

2019-08-15 16:23:51 - [TEST_STEP][PASSED] - symbol = symbol: null

2019-08-15 16:23:51 - [TEST_STEP][PASSED] - println(symbol): null

2019-08-15 16:23:51 - [TEST_STEP][PASSED] - if (i == 2 &amp;&amp; wildList.indexOf(symbol) != -1): null

2019-08-15 16:23:51 - [TEST_STEP][PASSED] - if (i == 3 &amp;&amp; wildList.indexOf(symbol) != -1): null

2019-08-15 16:23:51 - [TEST_STEP][PASSED] - if (i == 4 &amp;&amp; wildList.indexOf(symbol) != -1): null

2019-08-15 16:23:51 - [TEST_STEP][PASSED] - symbol = symbol: null

2019-08-15 16:23:51 - [TEST_STEP][PASSED] - println(symbol): null

2019-08-15 16:23:51 - [TEST_STEP][PASSED] - if (i == 2 &amp;&amp; wildList.indexOf(symbol) != -1): null

2019-08-15 16:23:51 - [TEST_STEP][PASSED] - if (i == 3 &amp;&amp; wildList.indexOf(symbol) != -1): null

2019-08-15 16:23:51 - [TEST_STEP][PASSED] - if (i == 4 &amp;&amp; wildList.indexOf(symbol) != -1): null

2019-08-15 16:23:51 - [TEST_STEP][PASSED] - symbol = symbol: null

2019-08-15 16:23:51 - [TEST_STEP][PASSED] - println(symbol): null

2019-08-15 16:23:51 - [TEST_STEP][PASSED] - if (i == 2 &amp;&amp; wildList.indexOf(symbol) != -1): null

2019-08-15 16:23:51 - [TEST_STEP][PASSED] - if (i == 3 &amp;&amp; wildList.indexOf(symbol) != -1): null

2019-08-15 16:23:51 - [TEST_STEP][PASSED] - if (i == 4 &amp;&amp; wildList.indexOf(symbol) != -1): null

2019-08-15 16:23:51 - [TEST_STEP][PASSED] - symbols = symbols: null

2019-08-15 16:23:51 - [TEST_STEP][PASSED] - for ([j = 0, j &lt; symbols.size(), (j++)]): null

2019-08-15 16:23:51 - [TEST_STEP][PASSED] - symbol = symbol: null

2019-08-15 16:23:51 - [TEST_STEP][PASSED] - println(symbol): null

2019-08-15 16:23:51 - [TEST_STEP][PASSED] - if (i == 2 &amp;&amp; wildList.indexOf(symbol) != -1): null

2019-08-15 16:23:51 - [TEST_STEP][PASSED] - if (i == 3 &amp;&amp; wildList.indexOf(symbol) != -1): null

2019-08-15 16:23:51 - [TEST_STEP][PASSED] - if (i == 4 &amp;&amp; wildList.indexOf(symbol) != -1): null

2019-08-15 16:23:51 - [TEST_STEP][PASSED] - symbol = symbol: null

2019-08-15 16:23:51 - [TEST_STEP][PASSED] - println(symbol): null

2019-08-15 16:23:51 - [TEST_STEP][PASSED] - if (i == 2 &amp;&amp; wildList.indexOf(symbol) != -1): null

2019-08-15 16:23:51 - [TEST_STEP][PASSED] - if (i == 3 &amp;&amp; wildList.indexOf(symbol) != -1): null

2019-08-15 16:23:51 - [TEST_STEP][PASSED] - if (i == 4 &amp;&amp; wildList.indexOf(symbol) != -1): null

2019-08-15 16:23:51 - [TEST_STEP][PASSED] - symbol = symbol: null

2019-08-15 16:23:51 - [TEST_STEP][PASSED] - println(symbol): null

2019-08-15 16:23:51 - [TEST_STEP][PASSED] - if (i == 2 &amp;&amp; wildList.indexOf(symbol) != -1): null

2019-08-15 16:23:51 - [TEST_STEP][PASSED] - if (i == 3 &amp;&amp; wildList.indexOf(symbol) != -1): null

2019-08-15 16:23:51 - [TEST_STEP][PASSED] - if (i == 4 &amp;&amp; wildList.indexOf(symbol) != -1): null

2019-08-15 16:23:51 - [TEST_STEP][PASSED] - symbols = symbols: null

2019-08-15 16:23:51 - [TEST_STEP][PASSED] - for ([j = 0, j &lt; symbols.size(), (j++)]): null

2019-08-15 16:23:51 - [TEST_STEP][PASSED] - symbol = symbol: null

2019-08-15 16:23:51 - [TEST_STEP][PASSED] - println(symbol): null

2019-08-15 16:23:51 - [TEST_STEP][PASSED] - if (i == 2 &amp;&amp; wildList.indexOf(symbol) != -1): null

2019-08-15 16:23:51 - [TEST_STEP][PASSED] - if (i == 3 &amp;&amp; wildList.indexOf(symbol) != -1): null

2019-08-15 16:23:51 - [TEST_STEP][PASSED] - if (i == 4 &amp;&amp; wildList.indexOf(symbol) != -1): null

2019-08-15 16:23:51 - [TEST_STEP][PASSED] - symbol = symbol: null

2019-08-15 16:23:51 - [TEST_STEP][PASSED] - println(symbol): null

2019-08-15 16:23:51 - [TEST_STEP][PASSED] - if (i == 2 &amp;&amp; wildList.indexOf(symbol) != -1): null

2019-08-15 16:23:51 - [TEST_STEP][PASSED] - if (i == 3 &amp;&amp; wildList.indexOf(symbol) != -1): null

2019-08-15 16:23:51 - [TEST_STEP][PASSED] - if (i == 4 &amp;&amp; wildList.indexOf(symbol) != -1): null

2019-08-15 16:23:51 - [TEST_STEP][PASSED] - symbol = symbol: null

2019-08-15 16:23:51 - [TEST_STEP][PASSED] - println(symbol): null

2019-08-15 16:23:51 - [TEST_STEP][PASSED] - if (i == 2 &amp;&amp; wildList.indexOf(symbol) != -1): null

2019-08-15 16:23:51 - [TEST_STEP][PASSED] - if (i == 3 &amp;&amp; wildList.indexOf(symbol) != -1): null

2019-08-15 16:23:51 - [TEST_STEP][PASSED] - if (i == 4 &amp;&amp; wildList.indexOf(symbol) != -1): null

2019-08-15 16:23:51 - [TEST_STEP][PASSED] - free_spin_reel_counter = free_spin_reel_counter: null

2019-08-15 16:23:51 - [TEST_STEP][PASSED] - println("reel 3 wild found: " + free_spin_reel_counter[0]): null

2019-08-15 16:23:51 - [TEST_STEP][PASSED] - println("reel 4 wild found: " + free_spin_reel_counter[1]): null

2019-08-15 16:23:51 - [TEST_STEP][PASSED] - println("reel 5 wild found: " + free_spin_reel_counter[2]): null

2019-08-15 16:23:51 - [TEST_STEP][PASSED] - M4_spin_reels = M4_spin_reels: null

2019-08-15 16:23:51 - [TEST_STEP][PASSED] - M4_spin_reels_symbols = symbol: null

2019-08-15 16:23:51 - [TEST_STEP][PASSED] - M4_spin_reels_symbols = M4_spin_reels_symbols: null

2019-08-15 16:23:51 - [TEST_STEP][PASSED] - M4_spin_reel_wins = reel_wins: null

2019-08-15 16:23:51 - [TEST_STEP][PASSED] - M4_spin_reel_wins = M4_spin_reel_wins: null

2019-08-15 16:23:51 - [TEST_STEP][PASSED] - println("GlobalVariable.M4_spin_reel_wins is: " + M4_spin_reel_wins): null

2019-08-15 16:23:51 - [TEST_STEP][PASSED] - M4_spin_total_bonus_win_this_round = total_bonus_win_this_round: null

2019-08-15 16:23:51 - [TEST_STEP][PASSED] - M4_spin_total_bonus_win_this_round = M4_spin_total_bonus_win_this_round: null

2019-08-15 16:23:51 - [TEST_STEP][PASSED] - println("GlobalVariable.M4_spin_total_bonus_win_this_round is: " + M4_spin_total_bonus_win_this_round): null

2019-08-15 16:23:51 - [MESSAGE][PASSED] - Verify response successfully

2019-08-15 16:23:51 - [MESSAGE][PASSED] - Send request and verify the response successfully

2019-08-15 16:23:51 - [TEST_STEP][PASSED] - if (M4_total_bonus_spins_int != 0 &amp;&amp; M4_spin_reels_symbols[2].contains("WILD_Normal") || M4_spin_reels_symbols[3].contains("WILD_Normal") || M4_spin_reels_symbols[4].contains("WILD_Normal")): null

2019-08-15 16:23:51 - [TEST_STEP][PASSED] - free_spin_reel_counter = free_spin_reel_counter: null

2019-08-15 16:23:51 - [TEST_STEP][PASSED] - M4_spin_reels_symbols = M4_spin_reels_symbols: null

2019-08-15 16:23:51 - [TEST_STEP][PASSED] - M4_total_bonus_spins = M4_total_bonus_spins: null

2019-08-15 16:23:51 - [TEST_STEP][PASSED] - spin_result = sendRequestAndVerify(findTestObject("STG/RGS(M4)/1_M4_spin", ["M4_login_user_id":M4_login_user_id, "rgs_session_token":rgs_session_token, "partner":Partner])): Send request and verify the response successfully

2019-08-15 16:23:51 - [TEST_CASE][PASSED] - Start Test Case : Verification: Verification accomplished successfully

2019-08-15 16:23:51 - [TEST_STEP][PASSED] - request = getInstance().getCurrentRequest(): null

2019-08-15 16:23:51 - [TEST_STEP][PASSED] - response = getInstance().getCurrentResponse(): null

2019-08-15 16:23:51 - [TEST_STEP][PASSED] - verifyResponseStatusCode(response, 200): Verify response status code successfully

2019-08-15 16:23:51 - [MESSAGE][PASSED] - Verify response status code successfully

2019-08-15 16:23:51 - [TEST_STEP][PASSED] - getStatusCode()).isEqualTo(200): null

2019-08-15 16:23:51 - [TEST_STEP][PASSED] - newline = System.getProperty("line.separator"): null

2019-08-15 16:23:51 - [TEST_STEP][PASSED] - M4_spin = new groovy.json.JsonSlurper(): null

2019-08-15 16:23:51 - [TEST_STEP][PASSED] - result_M4_spin = M4_spin.parseText(response.getResponseBodyContent()): null

2019-08-15 16:23:51 - [TEST_STEP][PASSED] - M4_spin_current_balance = current_balance: null

2019-08-15 16:23:51 - [TEST_STEP][PASSED] - M4_spin_current_balance = M4_spin_current_balance: null

2019-08-15 16:23:51 - [TEST_STEP][PASSED] - M4_spin_transaction_id = causality: null

2019-08-15 16:23:51 - [TEST_STEP][PASSED] - M4_spin_transaction_id = M4_spin_transaction_id: null

2019-08-15 16:23:51 - [TEST_STEP][PASSED] - M4_spin_round_id = round_id: null

2019-08-15 16:23:51 - [TEST_STEP][PASSED] - M4_spin_round_id = M4_spin_round_id: null

2019-08-15 16:23:51 - [TEST_STEP][PASSED] - M4_spin_line_wins = line_wins: null

2019-08-15 16:23:51 - [TEST_STEP][PASSED] - M4_spin_line_wins = M4_spin_line_wins: null

2019-08-15 16:23:51 - [TEST_STEP][PASSED] - M4_total_bonus_spins_int = total_bonus_spins: null

2019-08-15 16:23:51 - [TEST_STEP][PASSED] - println("******M4_total_bonus_spins type is:*******" + newline + getClass().getName()): null

2019-08-15 16:23:51 - [TEST_STEP][PASSED] - M4_total_bonus_spins_int = M4_total_bonus_spins_int: null

2019-08-15 16:23:51 - [TEST_STEP][PASSED] - M4_total_bonus_spins = Integer.toString(M4_total_bonus_spins_int): null

2019-08-15 16:23:51 - [TEST_STEP][PASSED] - M4_total_bonus_spins = M4_total_bonus_spins: null

2019-08-15 16:23:51 - [TEST_STEP][PASSED] - println("M4_total_bonus_spins is:" + M4_total_bonus_spins): null

2019-08-15 16:23:51 - [TEST_STEP][PASSED] - M4_spin_bonus_data = bonus_data: null

2019-08-15 16:23:51 - [TEST_STEP][PASSED] - M4_spin_features_triggered = result_M4_spin: null

2019-08-15 16:23:51 - [TEST_STEP][PASSED] - wild = []: null

2019-08-15 16:23:51 - [TEST_STEP][PASSED] - wild[0] = "WILD_Expanding": null

2019-08-15 16:23:51 - [TEST_STEP][PASSED] - wild[1] = "WILD_Normal": null

2019-08-15 16:23:51 - [TEST_STEP][PASSED] - wild[2] = "WILD_Double": null

2019-08-15 16:23:51 - [TEST_STEP][PASSED] - wild[3] = "WILD_ExtraFG": null

2019-08-15 16:23:51 - [TEST_STEP][PASSED] - wild[4] = "WILD_Triple": null

2019-08-15 16:23:51 - [TEST_STEP][PASSED] - wildList = Arrays.asList(wild): null

2019-08-15 16:23:51 - [TEST_STEP][PASSED] - wildList = wildList: null

2019-08-15 16:23:51 - [TEST_STEP][PASSED] - free_spin_reel_counter = []: null

2019-08-15 16:23:51 - [TEST_STEP][PASSED] - free_spin_reel_counter[0] = 0: null

2019-08-15 16:23:51 - [TEST_STEP][PASSED] - free_spin_reel_counter[1] = 0: null

2019-08-15 16:23:51 - [TEST_STEP][PASSED] - free_spin_reel_counter[2] = 0: null

2019-08-15 16:23:51 - [TEST_STEP][PASSED] - M4_spin_reels = reels: null

2019-08-15 16:23:51 - [TEST_STEP][PASSED] - for ([i = 0, i &lt; M4_spin_reels.size(), (i++)]): null

2019-08-15 16:23:51 - [TEST_STEP][PASSED] - symbols = symbols: null

2019-08-15 16:23:51 - [TEST_STEP][PASSED] - for ([j = 0, j &lt; symbols.size(), (j++)]): null

2019-08-15 16:23:51 - [TEST_STEP][PASSED] - symbol = symbol: null

2019-08-15 16:23:51 - [TEST_STEP][PASSED] - println(symbol): null

2019-08-15 16:23:51 - [TEST_STEP][PASSED] - if (i == 2 &amp;&amp; wildList.indexOf(symbol) != -1): null

2019-08-15 16:23:51 - [TEST_STEP][PASSED] - if (i == 3 &amp;&amp; wildList.indexOf(symbol) != -1): null

2019-08-15 16:23:51 - [TEST_STEP][PASSED] - if (i == 4 &amp;&amp; wildList.indexOf(symbol) != -1): null

2019-08-15 16:23:51 - [TEST_STEP][PASSED] - symbol = symbol: null

2019-08-15 16:23:51 - [TEST_STEP][PASSED] - println(symbol): null

2019-08-15 16:23:51 - [TEST_STEP][PASSED] - if (i == 2 &amp;&amp; wildList.indexOf(symbol) != -1): null

2019-08-15 16:23:51 - [TEST_STEP][PASSED] - if (i == 3 &amp;&amp; wildList.indexOf(symbol) != -1): null

2019-08-15 16:23:51 - [TEST_STEP][PASSED] - if (i == 4 &amp;&amp; wildList.indexOf(symbol) != -1): null

2019-08-15 16:23:51 - [TEST_STEP][PASSED] - symbol = symbol: null

2019-08-15 16:23:51 - [TEST_STEP][PASSED] - println(symbol): null

2019-08-15 16:23:51 - [TEST_STEP][PASSED] - if (i == 2 &amp;&amp; wildList.indexOf(symbol) != -1): null

2019-08-15 16:23:51 - [TEST_STEP][PASSED] - if (i == 3 &amp;&amp; wildList.indexOf(symbol) != -1): null

2019-08-15 16:23:51 - [TEST_STEP][PASSED] - if (i == 4 &amp;&amp; wildList.indexOf(symbol) != -1): null

2019-08-15 16:23:51 - [TEST_STEP][PASSED] - symbols = symbols: null

2019-08-15 16:23:51 - [TEST_STEP][PASSED] - for ([j = 0, j &lt; symbols.size(), (j++)]): null

2019-08-15 16:23:51 - [TEST_STEP][PASSED] - symbol = symbol: null

2019-08-15 16:23:51 - [TEST_STEP][PASSED] - println(symbol): null

2019-08-15 16:23:51 - [TEST_STEP][PASSED] - if (i == 2 &amp;&amp; wildList.indexOf(symbol) != -1): null

2019-08-15 16:23:51 - [TEST_STEP][PASSED] - if (i == 3 &amp;&amp; wildList.indexOf(symbol) != -1): null

2019-08-15 16:23:51 - [TEST_STEP][PASSED] - if (i == 4 &amp;&amp; wildList.indexOf(symbol) != -1): null

2019-08-15 16:23:51 - [TEST_STEP][PASSED] - symbol = symbol: null

2019-08-15 16:23:51 - [TEST_STEP][PASSED] - println(symbol): null

2019-08-15 16:23:51 - [TEST_STEP][PASSED] - if (i == 2 &amp;&amp; wildList.indexOf(symbol) != -1): null

2019-08-15 16:23:51 - [TEST_STEP][PASSED] - if (i == 3 &amp;&amp; wildList.indexOf(symbol) != -1): null

2019-08-15 16:23:51 - [TEST_STEP][PASSED] - if (i == 4 &amp;&amp; wildList.indexOf(symbol) != -1): null

2019-08-15 16:23:51 - [TEST_STEP][PASSED] - symbol = symbol: null

2019-08-15 16:23:51 - [TEST_STEP][PASSED] - println(symbol): null

2019-08-15 16:23:51 - [TEST_STEP][PASSED] - if (i == 2 &amp;&amp; wildList.indexOf(symbol) != -1): null

2019-08-15 16:23:51 - [TEST_STEP][PASSED] - if (i == 3 &amp;&amp; wildList.indexOf(symbol) != -1): null

2019-08-15 16:23:51 - [TEST_STEP][PASSED] - if (i == 4 &amp;&amp; wildList.indexOf(symbol) != -1): null

2019-08-15 16:23:51 - [TEST_STEP][PASSED] - symbols = symbols: null

2019-08-15 16:23:51 - [TEST_STEP][PASSED] - for ([j = 0, j &lt; symbols.size(), (j++)]): null

2019-08-15 16:23:51 - [TEST_STEP][PASSED] - symbol = symbol: null

2019-08-15 16:23:51 - [TEST_STEP][PASSED] - println(symbol): null

2019-08-15 16:23:51 - [TEST_STEP][PASSED] - if (i == 2 &amp;&amp; wildList.indexOf(symbol) != -1): null

2019-08-15 16:23:51 - [TEST_STEP][PASSED] - if (i == 3 &amp;&amp; wildList.indexOf(symbol) != -1): null

2019-08-15 16:23:51 - [TEST_STEP][PASSED] - if (i == 4 &amp;&amp; wildList.indexOf(symbol) != -1): null

2019-08-15 16:23:51 - [TEST_STEP][PASSED] - symbol = symbol: null

2019-08-15 16:23:51 - [TEST_STEP][PASSED] - println(symbol): null

2019-08-15 16:23:51 - [TEST_STEP][PASSED] - if (i == 2 &amp;&amp; wildList.indexOf(symbol) != -1): null

2019-08-15 16:23:51 - [TEST_STEP][PASSED] - if (i == 3 &amp;&amp; wildList.indexOf(symbol) != -1): null

2019-08-15 16:23:51 - [TEST_STEP][PASSED] - if (i == 4 &amp;&amp; wildList.indexOf(symbol) != -1): null

2019-08-15 16:23:51 - [TEST_STEP][PASSED] - symbol = symbol: null

2019-08-15 16:23:51 - [TEST_STEP][PASSED] - println(symbol): null

2019-08-15 16:23:51 - [TEST_STEP][PASSED] - if (i == 2 &amp;&amp; wildList.indexOf(symbol) != -1): null

2019-08-15 16:23:51 - [TEST_STEP][PASSED] - if (i == 3 &amp;&amp; wildList.indexOf(symbol) != -1): null

2019-08-15 16:23:51 - [TEST_STEP][PASSED] - if (i == 4 &amp;&amp; wildList.indexOf(symbol) != -1): null

2019-08-15 16:23:51 - [TEST_STEP][PASSED] - symbols = symbols: null

2019-08-15 16:23:51 - [TEST_STEP][PASSED] - for ([j = 0, j &lt; symbols.size(), (j++)]): null

2019-08-15 16:23:51 - [TEST_STEP][PASSED] - symbol = symbol: null

2019-08-15 16:23:51 - [TEST_STEP][PASSED] - println(symbol): null

2019-08-15 16:23:51 - [TEST_STEP][PASSED] - if (i == 2 &amp;&amp; wildList.indexOf(symbol) != -1): null

2019-08-15 16:23:51 - [TEST_STEP][PASSED] - if (i == 3 &amp;&amp; wildList.indexOf(symbol) != -1): null

2019-08-15 16:23:51 - [TEST_STEP][PASSED] - if (i == 4 &amp;&amp; wildList.indexOf(symbol) != -1): null

2019-08-15 16:23:51 - [TEST_STEP][PASSED] - symbol = symbol: null

2019-08-15 16:23:51 - [TEST_STEP][PASSED] - println(symbol): null

2019-08-15 16:23:51 - [TEST_STEP][PASSED] - if (i == 2 &amp;&amp; wildList.indexOf(symbol) != -1): null

2019-08-15 16:23:51 - [TEST_STEP][PASSED] - if (i == 3 &amp;&amp; wildList.indexOf(symbol) != -1): null

2019-08-15 16:23:51 - [TEST_STEP][PASSED] - if (i == 4 &amp;&amp; wildList.indexOf(symbol) != -1): null

2019-08-15 16:23:51 - [TEST_STEP][PASSED] - symbol = symbol: null

2019-08-15 16:23:51 - [TEST_STEP][PASSED] - println(symbol): null

2019-08-15 16:23:51 - [TEST_STEP][PASSED] - if (i == 2 &amp;&amp; wildList.indexOf(symbol) != -1): null

2019-08-15 16:23:51 - [TEST_STEP][PASSED] - if (i == 3 &amp;&amp; wildList.indexOf(symbol) != -1): null

2019-08-15 16:23:51 - [TEST_STEP][PASSED] - if (i == 4 &amp;&amp; wildList.indexOf(symbol) != -1): null

2019-08-15 16:23:51 - [TEST_STEP][PASSED] - symbols = symbols: null

2019-08-15 16:23:51 - [TEST_STEP][PASSED] - for ([j = 0, j &lt; symbols.size(), (j++)]): null

2019-08-15 16:23:51 - [TEST_STEP][PASSED] - symbol = symbol: null

2019-08-15 16:23:51 - [TEST_STEP][PASSED] - println(symbol): null

2019-08-15 16:23:51 - [TEST_STEP][PASSED] - if (i == 2 &amp;&amp; wildList.indexOf(symbol) != -1): null

2019-08-15 16:23:51 - [TEST_STEP][PASSED] - if (i == 3 &amp;&amp; wildList.indexOf(symbol) != -1): null

2019-08-15 16:23:51 - [TEST_STEP][PASSED] - if (i == 4 &amp;&amp; wildList.indexOf(symbol) != -1): null

2019-08-15 16:23:51 - [TEST_STEP][PASSED] - symbol = symbol: null

2019-08-15 16:23:51 - [TEST_STEP][PASSED] - println(symbol): null

2019-08-15 16:23:51 - [TEST_STEP][PASSED] - if (i == 2 &amp;&amp; wildList.indexOf(symbol) != -1): null

2019-08-15 16:23:51 - [TEST_STEP][PASSED] - if (i == 3 &amp;&amp; wildList.indexOf(symbol) != -1): null

2019-08-15 16:23:51 - [TEST_STEP][PASSED] - if (i == 4 &amp;&amp; wildList.indexOf(symbol) != -1): null

2019-08-15 16:23:51 - [TEST_STEP][PASSED] - symbol = symbol: null

2019-08-15 16:23:51 - [TEST_STEP][PASSED] - println(symbol): null

2019-08-15 16:23:51 - [TEST_STEP][PASSED] - if (i == 2 &amp;&amp; wildList.indexOf(symbol) != -1): null

2019-08-15 16:23:51 - [TEST_STEP][PASSED] - if (i == 3 &amp;&amp; wildList.indexOf(symbol) != -1): null

2019-08-15 16:23:51 - [TEST_STEP][PASSED] - if (i == 4 &amp;&amp; wildList.indexOf(symbol) != -1): null

2019-08-15 16:23:51 - [TEST_STEP][PASSED] - free_spin_reel_counter = free_spin_reel_counter: null

2019-08-15 16:23:51 - [TEST_STEP][PASSED] - println("reel 3 wild found: " + free_spin_reel_counter[0]): null

2019-08-15 16:23:51 - [TEST_STEP][PASSED] - println("reel 4 wild found: " + free_spin_reel_counter[1]): null

2019-08-15 16:23:51 - [TEST_STEP][PASSED] - println("reel 5 wild found: " + free_spin_reel_counter[2]): null

2019-08-15 16:23:51 - [TEST_STEP][PASSED] - M4_spin_reels = M4_spin_reels: null

2019-08-15 16:23:51 - [TEST_STEP][PASSED] - M4_spin_reels_symbols = symbol: null

2019-08-15 16:23:51 - [TEST_STEP][PASSED] - M4_spin_reels_symbols = M4_spin_reels_symbols: null

2019-08-15 16:23:51 - [TEST_STEP][PASSED] - M4_spin_reel_wins = reel_wins: null

2019-08-15 16:23:51 - [TEST_STEP][PASSED] - M4_spin_reel_wins = M4_spin_reel_wins: null

2019-08-15 16:23:51 - [TEST_STEP][PASSED] - println("GlobalVariable.M4_spin_reel_wins is: " + M4_spin_reel_wins): null

2019-08-15 16:23:51 - [TEST_STEP][PASSED] - M4_spin_total_bonus_win_this_round = total_bonus_win_this_round: null

2019-08-15 16:23:51 - [TEST_STEP][PASSED] - M4_spin_total_bonus_win_this_round = M4_spin_total_bonus_win_this_round: null

2019-08-15 16:23:51 - [TEST_STEP][PASSED] - println("GlobalVariable.M4_spin_total_bonus_win_this_round is: " + M4_spin_total_bonus_win_this_round): null

2019-08-15 16:23:51 - [MESSAGE][PASSED] - Verify response successfully

2019-08-15 16:23:51 - [MESSAGE][PASSED] - Send request and verify the response successfully

2019-08-15 16:23:51 - [TEST_STEP][PASSED] - if (M4_total_bonus_spins_int != 0 &amp;&amp; M4_spin_reels_symbols[2].contains("WILD_Normal") || M4_spin_reels_symbols[3].contains("WILD_Normal") || M4_spin_reels_symbols[4].contains("WILD_Normal")): null

2019-08-15 16:23:51 - [TEST_STEP][PASSED] - free_spin_reel_counter = free_spin_reel_counter: null

2019-08-15 16:23:51 - [TEST_STEP][PASSED] - M4_spin_reels_symbols = M4_spin_reels_symbols: null

2019-08-15 16:23:51 - [TEST_STEP][PASSED] - M4_total_bonus_spins = M4_total_bonus_spins: null

2019-08-15 16:23:51 - [TEST_STEP][PASSED] - spin_result = sendRequestAndVerify(findTestObject("STG/RGS(M4)/1_M4_spin", ["M4_login_user_id":M4_login_user_id, "rgs_session_token":rgs_session_token, "partner":Partner])): Send request and verify the response successfully

2019-08-15 16:23:51 - [TEST_CASE][PASSED] - Start Test Case : Verification: Verification accomplished successfully

2019-08-15 16:23:52 - [TEST_STEP][PASSED] - request = getInstance().getCurrentRequest(): null

2019-08-15 16:23:52 - [TEST_STEP][PASSED] - response = getInstance().getCurrentResponse(): null

2019-08-15 16:23:52 - [TEST_STEP][PASSED] - verifyResponseStatusCode(response, 200): Verify response status code successfully

2019-08-15 16:23:52 - [MESSAGE][PASSED] - Verify response status code successfully

2019-08-15 16:23:52 - [TEST_STEP][PASSED] - getStatusCode()).isEqualTo(200): null

2019-08-15 16:23:52 - [TEST_STEP][PASSED] - newline = System.getProperty("line.separator"): null

2019-08-15 16:23:52 - [TEST_STEP][PASSED] - M4_spin = new groovy.json.JsonSlurper(): null

2019-08-15 16:23:52 - [TEST_STEP][PASSED] - result_M4_spin = M4_spin.parseText(response.getResponseBodyContent()): null

2019-08-15 16:23:52 - [TEST_STEP][PASSED] - M4_spin_current_balance = current_balance: null

2019-08-15 16:23:52 - [TEST_STEP][PASSED] - M4_spin_current_balance = M4_spin_current_balance: null

2019-08-15 16:23:52 - [TEST_STEP][PASSED] - M4_spin_transaction_id = causality: null

2019-08-15 16:23:52 - [TEST_STEP][PASSED] - M4_spin_transaction_id = M4_spin_transaction_id: null

2019-08-15 16:23:52 - [TEST_STEP][PASSED] - M4_spin_round_id = round_id: null

2019-08-15 16:23:52 - [TEST_STEP][PASSED] - M4_spin_round_id = M4_spin_round_id: null

2019-08-15 16:23:52 - [TEST_STEP][PASSED] - M4_spin_line_wins = line_wins: null

2019-08-15 16:23:52 - [TEST_STEP][PASSED] - M4_spin_line_wins = M4_spin_line_wins: null

2019-08-15 16:23:52 - [TEST_STEP][PASSED] - M4_total_bonus_spins_int = total_bonus_spins: null

2019-08-15 16:23:52 - [TEST_STEP][PASSED] - println("******M4_total_bonus_spins type is:*******" + newline + getClass().getName()): null

2019-08-15 16:23:52 - [TEST_STEP][PASSED] - M4_total_bonus_spins_int = M4_total_bonus_spins_int: null

2019-08-15 16:23:52 - [TEST_STEP][PASSED] - M4_total_bonus_spins = Integer.toString(M4_total_bonus_spins_int): null

2019-08-15 16:23:52 - [TEST_STEP][PASSED] - M4_total_bonus_spins = M4_total_bonus_spins: null

2019-08-15 16:23:52 - [TEST_STEP][PASSED] - println("M4_total_bonus_spins is:" + M4_total_bonus_spins): null

2019-08-15 16:23:52 - [TEST_STEP][PASSED] - M4_spin_bonus_data = bonus_data: null

2019-08-15 16:23:52 - [TEST_STEP][PASSED] - M4_spin_features_triggered = result_M4_spin: null

2019-08-15 16:23:52 - [TEST_STEP][PASSED] - wild = []: null

2019-08-15 16:23:52 - [TEST_STEP][PASSED] - wild[0] = "WILD_Expanding": null

2019-08-15 16:23:52 - [TEST_STEP][PASSED] - wild[1] = "WILD_Normal": null

2019-08-15 16:23:52 - [TEST_STEP][PASSED] - wild[2] = "WILD_Double": null

2019-08-15 16:23:52 - [TEST_STEP][PASSED] - wild[3] = "WILD_ExtraFG": null

2019-08-15 16:23:52 - [TEST_STEP][PASSED] - wild[4] = "WILD_Triple": null

2019-08-15 16:23:52 - [TEST_STEP][PASSED] - wildList = Arrays.asList(wild): null

2019-08-15 16:23:52 - [TEST_STEP][PASSED] - wildList = wildList: null

2019-08-15 16:23:52 - [TEST_STEP][PASSED] - free_spin_reel_counter = []: null

2019-08-15 16:23:52 - [TEST_STEP][PASSED] - free_spin_reel_counter[0] = 0: null

2019-08-15 16:23:52 - [TEST_STEP][PASSED] - free_spin_reel_counter[1] = 0: null

2019-08-15 16:23:52 - [TEST_STEP][PASSED] - free_spin_reel_counter[2] = 0: null

2019-08-15 16:23:52 - [TEST_STEP][PASSED] - M4_spin_reels = reels: null

2019-08-15 16:23:52 - [TEST_STEP][PASSED] - for ([i = 0, i &lt; M4_spin_reels.size(), (i++)]): null

2019-08-15 16:23:52 - [TEST_STEP][PASSED] - symbols = symbols: null

2019-08-15 16:23:52 - [TEST_STEP][PASSED] - for ([j = 0, j &lt; symbols.size(), (j++)]): null

2019-08-15 16:23:52 - [TEST_STEP][PASSED] - symbol = symbol: null

2019-08-15 16:23:52 - [TEST_STEP][PASSED] - println(symbol): null

2019-08-15 16:23:52 - [TEST_STEP][PASSED] - if (i == 2 &amp;&amp; wildList.indexOf(symbol) != -1): null

2019-08-15 16:23:52 - [TEST_STEP][PASSED] - if (i == 3 &amp;&amp; wildList.indexOf(symbol) != -1): null

2019-08-15 16:23:52 - [TEST_STEP][PASSED] - if (i == 4 &amp;&amp; wildList.indexOf(symbol) != -1): null

2019-08-15 16:23:52 - [TEST_STEP][PASSED] - symbol = symbol: null

2019-08-15 16:23:52 - [TEST_STEP][PASSED] - println(symbol): null

2019-08-15 16:23:52 - [TEST_STEP][PASSED] - if (i == 2 &amp;&amp; wildList.indexOf(symbol) != -1): null

2019-08-15 16:23:52 - [TEST_STEP][PASSED] - if (i == 3 &amp;&amp; wildList.indexOf(symbol) != -1): null

2019-08-15 16:23:52 - [TEST_STEP][PASSED] - if (i == 4 &amp;&amp; wildList.indexOf(symbol) != -1): null

2019-08-15 16:23:52 - [TEST_STEP][PASSED] - symbol = symbol: null

2019-08-15 16:23:52 - [TEST_STEP][PASSED] - println(symbol): null

2019-08-15 16:23:52 - [TEST_STEP][PASSED] - if (i == 2 &amp;&amp; wildList.indexOf(symbol) != -1): null

2019-08-15 16:23:52 - [TEST_STEP][PASSED] - if (i == 3 &amp;&amp; wildList.indexOf(symbol) != -1): null

2019-08-15 16:23:52 - [TEST_STEP][PASSED] - if (i == 4 &amp;&amp; wildList.indexOf(symbol) != -1): null

2019-08-15 16:23:52 - [TEST_STEP][PASSED] - symbols = symbols: null

2019-08-15 16:23:52 - [TEST_STEP][PASSED] - for ([j = 0, j &lt; symbols.size(), (j++)]): null

2019-08-15 16:23:52 - [TEST_STEP][PASSED] - symbol = symbol: null

2019-08-15 16:23:52 - [TEST_STEP][PASSED] - println(symbol): null

2019-08-15 16:23:52 - [TEST_STEP][PASSED] - if (i == 2 &amp;&amp; wildList.indexOf(symbol) != -1): null

2019-08-15 16:23:52 - [TEST_STEP][PASSED] - if (i == 3 &amp;&amp; wildList.indexOf(symbol) != -1): null

2019-08-15 16:23:52 - [TEST_STEP][PASSED] - if (i == 4 &amp;&amp; wildList.indexOf(symbol) != -1): null

2019-08-15 16:23:52 - [TEST_STEP][PASSED] - symbol = symbol: null

2019-08-15 16:23:52 - [TEST_STEP][PASSED] - println(symbol): null

2019-08-15 16:23:52 - [TEST_STEP][PASSED] - if (i == 2 &amp;&amp; wildList.indexOf(symbol) != -1): null

2019-08-15 16:23:52 - [TEST_STEP][PASSED] - if (i == 3 &amp;&amp; wildList.indexOf(symbol) != -1): null

2019-08-15 16:23:52 - [TEST_STEP][PASSED] - if (i == 4 &amp;&amp; wildList.indexOf(symbol) != -1): null

2019-08-15 16:23:52 - [TEST_STEP][PASSED] - symbol = symbol: null

2019-08-15 16:23:52 - [TEST_STEP][PASSED] - println(symbol): null

2019-08-15 16:23:52 - [TEST_STEP][PASSED] - if (i == 2 &amp;&amp; wildList.indexOf(symbol) != -1): null

2019-08-15 16:23:52 - [TEST_STEP][PASSED] - if (i == 3 &amp;&amp; wildList.indexOf(symbol) != -1): null

2019-08-15 16:23:52 - [TEST_STEP][PASSED] - if (i == 4 &amp;&amp; wildList.indexOf(symbol) != -1): null

2019-08-15 16:23:52 - [TEST_STEP][PASSED] - symbols = symbols: null

2019-08-15 16:23:52 - [TEST_STEP][PASSED] - for ([j = 0, j &lt; symbols.size(), (j++)]): null

2019-08-15 16:23:52 - [TEST_STEP][PASSED] - symbol = symbol: null

2019-08-15 16:23:52 - [TEST_STEP][PASSED] - println(symbol): null

2019-08-15 16:23:52 - [TEST_STEP][PASSED] - if (i == 2 &amp;&amp; wildList.indexOf(symbol) != -1): null

2019-08-15 16:23:52 - [TEST_STEP][PASSED] - if (i == 3 &amp;&amp; wildList.indexOf(symbol) != -1): null

2019-08-15 16:23:52 - [TEST_STEP][PASSED] - if (i == 4 &amp;&amp; wildList.indexOf(symbol) != -1): null

2019-08-15 16:23:52 - [TEST_STEP][PASSED] - symbol = symbol: null

2019-08-15 16:23:52 - [TEST_STEP][PASSED] - println(symbol): null

2019-08-15 16:23:52 - [TEST_STEP][PASSED] - if (i == 2 &amp;&amp; wildList.indexOf(symbol) != -1): null

2019-08-15 16:23:52 - [TEST_STEP][PASSED] - if (i == 3 &amp;&amp; wildList.indexOf(symbol) != -1): null

2019-08-15 16:23:52 - [TEST_STEP][PASSED] - if (i == 4 &amp;&amp; wildList.indexOf(symbol) != -1): null

2019-08-15 16:23:52 - [TEST_STEP][PASSED] - symbol = symbol: null

2019-08-15 16:23:52 - [TEST_STEP][PASSED] - println(symbol): null

2019-08-15 16:23:52 - [TEST_STEP][PASSED] - if (i == 2 &amp;&amp; wildList.indexOf(symbol) != -1): null

2019-08-15 16:23:52 - [TEST_STEP][PASSED] - if (i == 3 &amp;&amp; wildList.indexOf(symbol) != -1): null

2019-08-15 16:23:52 - [TEST_STEP][PASSED] - if (i == 4 &amp;&amp; wildList.indexOf(symbol) != -1): null

2019-08-15 16:23:52 - [TEST_STEP][PASSED] - symbols = symbols: null

2019-08-15 16:23:52 - [TEST_STEP][PASSED] - for ([j = 0, j &lt; symbols.size(), (j++)]): null

2019-08-15 16:23:52 - [TEST_STEP][PASSED] - symbol = symbol: null

2019-08-15 16:23:52 - [TEST_STEP][PASSED] - println(symbol): null

2019-08-15 16:23:52 - [TEST_STEP][PASSED] - if (i == 2 &amp;&amp; wildList.indexOf(symbol) != -1): null

2019-08-15 16:23:52 - [TEST_STEP][PASSED] - if (i == 3 &amp;&amp; wildList.indexOf(symbol) != -1): null

2019-08-15 16:23:52 - [TEST_STEP][PASSED] - if (i == 4 &amp;&amp; wildList.indexOf(symbol) != -1): null

2019-08-15 16:23:52 - [TEST_STEP][PASSED] - symbol = symbol: null

2019-08-15 16:23:52 - [TEST_STEP][PASSED] - println(symbol): null

2019-08-15 16:23:52 - [TEST_STEP][PASSED] - if (i == 2 &amp;&amp; wildList.indexOf(symbol) != -1): null

2019-08-15 16:23:52 - [TEST_STEP][PASSED] - if (i == 3 &amp;&amp; wildList.indexOf(symbol) != -1): null

2019-08-15 16:23:52 - [TEST_STEP][PASSED] - if (i == 4 &amp;&amp; wildList.indexOf(symbol) != -1): null

2019-08-15 16:23:52 - [TEST_STEP][PASSED] - symbol = symbol: null

2019-08-15 16:23:52 - [TEST_STEP][PASSED] - println(symbol): null

2019-08-15 16:23:52 - [TEST_STEP][PASSED] - if (i == 2 &amp;&amp; wildList.indexOf(symbol) != -1): null

2019-08-15 16:23:52 - [TEST_STEP][PASSED] - if (i == 3 &amp;&amp; wildList.indexOf(symbol) != -1): null

2019-08-15 16:23:52 - [TEST_STEP][PASSED] - if (i == 4 &amp;&amp; wildList.indexOf(symbol) != -1): null

2019-08-15 16:23:52 - [TEST_STEP][PASSED] - symbols = symbols: null

2019-08-15 16:23:52 - [TEST_STEP][PASSED] - for ([j = 0, j &lt; symbols.size(), (j++)]): null

2019-08-15 16:23:52 - [TEST_STEP][PASSED] - symbol = symbol: null

2019-08-15 16:23:52 - [TEST_STEP][PASSED] - println(symbol): null

2019-08-15 16:23:52 - [TEST_STEP][PASSED] - if (i == 2 &amp;&amp; wildList.indexOf(symbol) != -1): null

2019-08-15 16:23:52 - [TEST_STEP][PASSED] - if (i == 3 &amp;&amp; wildList.indexOf(symbol) != -1): null

2019-08-15 16:23:52 - [TEST_STEP][PASSED] - if (i == 4 &amp;&amp; wildList.indexOf(symbol) != -1): null

2019-08-15 16:23:52 - [TEST_STEP][PASSED] - symbol = symbol: null

2019-08-15 16:23:52 - [TEST_STEP][PASSED] - println(symbol): null

2019-08-15 16:23:52 - [TEST_STEP][PASSED] - if (i == 2 &amp;&amp; wildList.indexOf(symbol) != -1): null

2019-08-15 16:23:52 - [TEST_STEP][PASSED] - if (i == 3 &amp;&amp; wildList.indexOf(symbol) != -1): null

2019-08-15 16:23:52 - [TEST_STEP][PASSED] - if (i == 4 &amp;&amp; wildList.indexOf(symbol) != -1): null

2019-08-15 16:23:52 - [TEST_STEP][PASSED] - symbol = symbol: null

2019-08-15 16:23:52 - [TEST_STEP][PASSED] - println(symbol): null

2019-08-15 16:23:52 - [TEST_STEP][PASSED] - if (i == 2 &amp;&amp; wildList.indexOf(symbol) != -1): null

2019-08-15 16:23:52 - [TEST_STEP][PASSED] - if (i == 3 &amp;&amp; wildList.indexOf(symbol) != -1): null

2019-08-15 16:23:52 - [TEST_STEP][PASSED] - if (i == 4 &amp;&amp; wildList.indexOf(symbol) != -1): null

2019-08-15 16:23:52 - [TEST_STEP][PASSED] - free_spin_reel_counter = free_spin_reel_counter: null

2019-08-15 16:23:52 - [TEST_STEP][PASSED] - println("reel 3 wild found: " + free_spin_reel_counter[0]): null

2019-08-15 16:23:52 - [TEST_STEP][PASSED] - println("reel 4 wild found: " + free_spin_reel_counter[1]): null

2019-08-15 16:23:52 - [TEST_STEP][PASSED] - println("reel 5 wild found: " + free_spin_reel_counter[2]): null

2019-08-15 16:23:52 - [TEST_STEP][PASSED] - M4_spin_reels = M4_spin_reels: null

2019-08-15 16:23:52 - [TEST_STEP][PASSED] - M4_spin_reels_symbols = symbol: null

2019-08-15 16:23:52 - [TEST_STEP][PASSED] - M4_spin_reels_symbols = M4_spin_reels_symbols: null

2019-08-15 16:23:52 - [TEST_STEP][PASSED] - M4_spin_reel_wins = reel_wins: null

2019-08-15 16:23:52 - [TEST_STEP][PASSED] - M4_spin_reel_wins = M4_spin_reel_wins: null

2019-08-15 16:23:52 - [TEST_STEP][PASSED] - println("GlobalVariable.M4_spin_reel_wins is: " + M4_spin_reel_wins): null

2019-08-15 16:23:52 - [TEST_STEP][PASSED] - M4_spin_total_bonus_win_this_round = total_bonus_win_this_round: null

2019-08-15 16:23:52 - [TEST_STEP][PASSED] - M4_spin_total_bonus_win_this_round = M4_spin_total_bonus_win_this_round: null

2019-08-15 16:23:52 - [TEST_STEP][PASSED] - println("GlobalVariable.M4_spin_total_bonus_win_this_round is: " + M4_spin_total_bonus_win_this_round): null

2019-08-15 16:23:52 - [MESSAGE][PASSED] - Verify response successfully

2019-08-15 16:23:52 - [MESSAGE][PASSED] - Send request and verify the response successfully

2019-08-15 16:23:52 - [TEST_STEP][PASSED] - if (M4_total_bonus_spins_int != 0 &amp;&amp; M4_spin_reels_symbols[2].contains("WILD_Normal") || M4_spin_reels_symbols[3].contains("WILD_Normal") || M4_spin_reels_symbols[4].contains("WILD_Normal")): null

2019-08-15 16:23:52 - [TEST_STEP][PASSED] - free_spin_reel_counter = free_spin_reel_counter: null

2019-08-15 16:23:52 - [TEST_STEP][PASSED] - M4_spin_reels_symbols = M4_spin_reels_symbols: null

2019-08-15 16:23:52 - [TEST_STEP][PASSED] - M4_total_bonus_spins = M4_total_bonus_spins: null

2019-08-15 16:23:52 - [TEST_STEP][PASSED] - spin_result = sendRequestAndVerify(findTestObject("STG/RGS(M4)/1_M4_spin", ["M4_login_user_id":M4_login_user_id, "rgs_session_token":rgs_session_token, "partner":Partner])): Send request and verify the response successfully

2019-08-15 16:23:52 - [TEST_CASE][PASSED] - Start Test Case : Verification: Verification accomplished successfully

2019-08-15 16:23:52 - [TEST_STEP][PASSED] - request = getInstance().getCurrentRequest(): null

2019-08-15 16:23:52 - [TEST_STEP][PASSED] - response = getInstance().getCurrentResponse(): null

2019-08-15 16:23:52 - [TEST_STEP][PASSED] - verifyResponseStatusCode(response, 200): Verify response status code successfully

2019-08-15 16:23:52 - [MESSAGE][PASSED] - Verify response status code successfully

2019-08-15 16:23:52 - [TEST_STEP][PASSED] - getStatusCode()).isEqualTo(200): null

2019-08-15 16:23:52 - [TEST_STEP][PASSED] - newline = System.getProperty("line.separator"): null

2019-08-15 16:23:52 - [TEST_STEP][PASSED] - M4_spin = new groovy.json.JsonSlurper(): null

2019-08-15 16:23:52 - [TEST_STEP][PASSED] - result_M4_spin = M4_spin.parseText(response.getResponseBodyContent()): null

2019-08-15 16:23:52 - [TEST_STEP][PASSED] - M4_spin_current_balance = current_balance: null

2019-08-15 16:23:52 - [TEST_STEP][PASSED] - M4_spin_current_balance = M4_spin_current_balance: null

2019-08-15 16:23:52 - [TEST_STEP][PASSED] - M4_spin_transaction_id = causality: null

2019-08-15 16:23:52 - [TEST_STEP][PASSED] - M4_spin_transaction_id = M4_spin_transaction_id: null

2019-08-15 16:23:52 - [TEST_STEP][PASSED] - M4_spin_round_id = round_id: null

2019-08-15 16:23:52 - [TEST_STEP][PASSED] - M4_spin_round_id = M4_spin_round_id: null

2019-08-15 16:23:52 - [TEST_STEP][PASSED] - M4_spin_line_wins = line_wins: null

2019-08-15 16:23:52 - [TEST_STEP][PASSED] - M4_spin_line_wins = M4_spin_line_wins: null

2019-08-15 16:23:52 - [TEST_STEP][PASSED] - M4_total_bonus_spins_int = total_bonus_spins: null

2019-08-15 16:23:52 - [TEST_STEP][PASSED] - println("******M4_total_bonus_spins type is:*******" + newline + getClass().getName()): null

2019-08-15 16:23:52 - [TEST_STEP][PASSED] - M4_total_bonus_spins_int = M4_total_bonus_spins_int: null

2019-08-15 16:23:52 - [TEST_STEP][PASSED] - M4_total_bonus_spins = Integer.toString(M4_total_bonus_spins_int): null

2019-08-15 16:23:52 - [TEST_STEP][PASSED] - M4_total_bonus_spins = M4_total_bonus_spins: null

2019-08-15 16:23:52 - [TEST_STEP][PASSED] - println("M4_total_bonus_spins is:" + M4_total_bonus_spins): null

2019-08-15 16:23:52 - [TEST_STEP][PASSED] - M4_spin_bonus_data = bonus_data: null

2019-08-15 16:23:52 - [TEST_STEP][PASSED] - M4_spin_features_triggered = result_M4_spin: null

2019-08-15 16:23:52 - [TEST_STEP][PASSED] - wild = []: null

2019-08-15 16:23:52 - [TEST_STEP][PASSED] - wild[0] = "WILD_Expanding": null

2019-08-15 16:23:52 - [TEST_STEP][PASSED] - wild[1] = "WILD_Normal": null

2019-08-15 16:23:52 - [TEST_STEP][PASSED] - wild[2] = "WILD_Double": null

2019-08-15 16:23:52 - [TEST_STEP][PASSED] - wild[3] = "WILD_ExtraFG": null

2019-08-15 16:23:52 - [TEST_STEP][PASSED] - wild[4] = "WILD_Triple": null

2019-08-15 16:23:52 - [TEST_STEP][PASSED] - wildList = Arrays.asList(wild): null

2019-08-15 16:23:52 - [TEST_STEP][PASSED] - wildList = wildList: null

2019-08-15 16:23:52 - [TEST_STEP][PASSED] - free_spin_reel_counter = []: null

2019-08-15 16:23:52 - [TEST_STEP][PASSED] - free_spin_reel_counter[0] = 0: null

2019-08-15 16:23:52 - [TEST_STEP][PASSED] - free_spin_reel_counter[1] = 0: null

2019-08-15 16:23:52 - [TEST_STEP][PASSED] - free_spin_reel_counter[2] = 0: null

2019-08-15 16:23:52 - [TEST_STEP][PASSED] - M4_spin_reels = reels: null

2019-08-15 16:23:52 - [TEST_STEP][PASSED] - for ([i = 0, i &lt; M4_spin_reels.size(), (i++)]): null

2019-08-15 16:23:52 - [TEST_STEP][PASSED] - symbols = symbols: null

2019-08-15 16:23:52 - [TEST_STEP][PASSED] - for ([j = 0, j &lt; symbols.size(), (j++)]): null

2019-08-15 16:23:52 - [TEST_STEP][PASSED] - symbol = symbol: null

2019-08-15 16:23:52 - [TEST_STEP][PASSED] - println(symbol): null

2019-08-15 16:23:52 - [TEST_STEP][PASSED] - if (i == 2 &amp;&amp; wildList.indexOf(symbol) != -1): null

2019-08-15 16:23:52 - [TEST_STEP][PASSED] - if (i == 3 &amp;&amp; wildList.indexOf(symbol) != -1): null

2019-08-15 16:23:52 - [TEST_STEP][PASSED] - if (i == 4 &amp;&amp; wildList.indexOf(symbol) != -1): null

2019-08-15 16:23:52 - [TEST_STEP][PASSED] - symbol = symbol: null

2019-08-15 16:23:52 - [TEST_STEP][PASSED] - println(symbol): null

2019-08-15 16:23:52 - [TEST_STEP][PASSED] - if (i == 2 &amp;&amp; wildList.indexOf(symbol) != -1): null

2019-08-15 16:23:52 - [TEST_STEP][PASSED] - if (i == 3 &amp;&amp; wildList.indexOf(symbol) != -1): null

2019-08-15 16:23:52 - [TEST_STEP][PASSED] - if (i == 4 &amp;&amp; wildList.indexOf(symbol) != -1): null

2019-08-15 16:23:52 - [TEST_STEP][PASSED] - symbol = symbol: null

2019-08-15 16:23:52 - [TEST_STEP][PASSED] - println(symbol): null

2019-08-15 16:23:52 - [TEST_STEP][PASSED] - if (i == 2 &amp;&amp; wildList.indexOf(symbol) != -1): null

2019-08-15 16:23:52 - [TEST_STEP][PASSED] - if (i == 3 &amp;&amp; wildList.indexOf(symbol) != -1): null

2019-08-15 16:23:52 - [TEST_STEP][PASSED] - if (i == 4 &amp;&amp; wildList.indexOf(symbol) != -1): null

2019-08-15 16:23:52 - [TEST_STEP][PASSED] - symbols = symbols: null

2019-08-15 16:23:52 - [TEST_STEP][PASSED] - for ([j = 0, j &lt; symbols.size(), (j++)]): null

2019-08-15 16:23:52 - [TEST_STEP][PASSED] - symbol = symbol: null

2019-08-15 16:23:52 - [TEST_STEP][PASSED] - println(symbol): null

2019-08-15 16:23:52 - [TEST_STEP][PASSED] - if (i == 2 &amp;&amp; wildList.indexOf(symbol) != -1): null

2019-08-15 16:23:52 - [TEST_STEP][PASSED] - if (i == 3 &amp;&amp; wildList.indexOf(symbol) != -1): null

2019-08-15 16:23:52 - [TEST_STEP][PASSED] - if (i == 4 &amp;&amp; wildList.indexOf(symbol) != -1): null

2019-08-15 16:23:52 - [TEST_STEP][PASSED] - symbol = symbol: null

2019-08-15 16:23:52 - [TEST_STEP][PASSED] - println(symbol): null

2019-08-15 16:23:52 - [TEST_STEP][PASSED] - if (i == 2 &amp;&amp; wildList.indexOf(symbol) != -1): null

2019-08-15 16:23:52 - [TEST_STEP][PASSED] - if (i == 3 &amp;&amp; wildList.indexOf(symbol) != -1): null

2019-08-15 16:23:52 - [TEST_STEP][PASSED] - if (i == 4 &amp;&amp; wildList.indexOf(symbol) != -1): null

2019-08-15 16:23:52 - [TEST_STEP][PASSED] - symbol = symbol: null

2019-08-15 16:23:52 - [TEST_STEP][PASSED] - println(symbol): null

2019-08-15 16:23:52 - [TEST_STEP][PASSED] - if (i == 2 &amp;&amp; wildList.indexOf(symbol) != -1): null

2019-08-15 16:23:52 - [TEST_STEP][PASSED] - if (i == 3 &amp;&amp; wildList.indexOf(symbol) != -1): null

2019-08-15 16:23:52 - [TEST_STEP][PASSED] - if (i == 4 &amp;&amp; wildList.indexOf(symbol) != -1): null

2019-08-15 16:23:52 - [TEST_STEP][PASSED] - symbols = symbols: null

2019-08-15 16:23:52 - [TEST_STEP][PASSED] - for ([j = 0, j &lt; symbols.size(), (j++)]): null

2019-08-15 16:23:52 - [TEST_STEP][PASSED] - symbol = symbol: null

2019-08-15 16:23:52 - [TEST_STEP][PASSED] - println(symbol): null

2019-08-15 16:23:52 - [TEST_STEP][PASSED] - if (i == 2 &amp;&amp; wildList.indexOf(symbol) != -1): null

2019-08-15 16:23:52 - [TEST_STEP][PASSED] - if (i == 3 &amp;&amp; wildList.indexOf(symbol) != -1): null

2019-08-15 16:23:52 - [TEST_STEP][PASSED] - if (i == 4 &amp;&amp; wildList.indexOf(symbol) != -1): null

2019-08-15 16:23:52 - [TEST_STEP][PASSED] - symbol = symbol: null

2019-08-15 16:23:52 - [TEST_STEP][PASSED] - println(symbol): null

2019-08-15 16:23:52 - [TEST_STEP][PASSED] - if (i == 2 &amp;&amp; wildList.indexOf(symbol) != -1): null

2019-08-15 16:23:52 - [TEST_STEP][PASSED] - if (i == 3 &amp;&amp; wildList.indexOf(symbol) != -1): null

2019-08-15 16:23:52 - [TEST_STEP][PASSED] - if (i == 4 &amp;&amp; wildList.indexOf(symbol) != -1): null

2019-08-15 16:23:52 - [TEST_STEP][PASSED] - symbol = symbol: null

2019-08-15 16:23:52 - [TEST_STEP][PASSED] - println(symbol): null

2019-08-15 16:23:52 - [TEST_STEP][PASSED] - if (i == 2 &amp;&amp; wildList.indexOf(symbol) != -1): null

2019-08-15 16:23:52 - [TEST_STEP][PASSED] - if (i == 3 &amp;&amp; wildList.indexOf(symbol) != -1): null

2019-08-15 16:23:52 - [TEST_STEP][PASSED] - if (i == 4 &amp;&amp; wildList.indexOf(symbol) != -1): null

2019-08-15 16:23:52 - [TEST_STEP][PASSED] - symbols = symbols: null

2019-08-15 16:23:52 - [TEST_STEP][PASSED] - for ([j = 0, j &lt; symbols.size(), (j++)]): null

2019-08-15 16:23:52 - [TEST_STEP][PASSED] - symbol = symbol: null

2019-08-15 16:23:52 - [TEST_STEP][PASSED] - println(symbol): null

2019-08-15 16:23:52 - [TEST_STEP][PASSED] - if (i == 2 &amp;&amp; wildList.indexOf(symbol) != -1): null

2019-08-15 16:23:52 - [TEST_STEP][PASSED] - if (i == 3 &amp;&amp; wildList.indexOf(symbol) != -1): null

2019-08-15 16:23:52 - [TEST_STEP][PASSED] - if (i == 4 &amp;&amp; wildList.indexOf(symbol) != -1): null

2019-08-15 16:23:52 - [TEST_STEP][PASSED] - symbol = symbol: null

2019-08-15 16:23:52 - [TEST_STEP][PASSED] - println(symbol): null

2019-08-15 16:23:52 - [TEST_STEP][PASSED] - if (i == 2 &amp;&amp; wildList.indexOf(symbol) != -1): null

2019-08-15 16:23:52 - [TEST_STEP][PASSED] - if (i == 3 &amp;&amp; wildList.indexOf(symbol) != -1): null

2019-08-15 16:23:52 - [TEST_STEP][PASSED] - if (i == 4 &amp;&amp; wildList.indexOf(symbol) != -1): null

2019-08-15 16:23:52 - [TEST_STEP][PASSED] - symbol = symbol: null

2019-08-15 16:23:52 - [TEST_STEP][PASSED] - println(symbol): null

2019-08-15 16:23:52 - [TEST_STEP][PASSED] - if (i == 2 &amp;&amp; wildList.indexOf(symbol) != -1): null

2019-08-15 16:23:52 - [TEST_STEP][PASSED] - if (i == 3 &amp;&amp; wildList.indexOf(symbol) != -1): null

2019-08-15 16:23:52 - [TEST_STEP][PASSED] - println("wild found on reel 4, adding counter by 1"): null

2019-08-15 16:23:52 - [TEST_STEP][PASSED] - free_spin_reel_counter[1] = free_spin_reel_counter[1] + 1: null

2019-08-15 16:23:52 - [TEST_STEP][PASSED] - if (i == 4 &amp;&amp; wildList.indexOf(symbol) != -1): null

2019-08-15 16:23:52 - [TEST_STEP][PASSED] - symbols = symbols: null

2019-08-15 16:23:52 - [TEST_STEP][PASSED] - for ([j = 0, j &lt; symbols.size(), (j++)]): null

2019-08-15 16:23:52 - [TEST_STEP][PASSED] - symbol = symbol: null

2019-08-15 16:23:52 - [TEST_STEP][PASSED] - println(symbol): null

2019-08-15 16:23:52 - [TEST_STEP][PASSED] - if (i == 2 &amp;&amp; wildList.indexOf(symbol) != -1): null

2019-08-15 16:23:52 - [TEST_STEP][PASSED] - if (i == 3 &amp;&amp; wildList.indexOf(symbol) != -1): null

2019-08-15 16:23:52 - [TEST_STEP][PASSED] - if (i == 4 &amp;&amp; wildList.indexOf(symbol) != -1): null

2019-08-15 16:23:52 - [TEST_STEP][PASSED] - symbol = symbol: null

2019-08-15 16:23:52 - [TEST_STEP][PASSED] - println(symbol): null

2019-08-15 16:23:52 - [TEST_STEP][PASSED] - if (i == 2 &amp;&amp; wildList.indexOf(symbol) != -1): null

2019-08-15 16:23:52 - [TEST_STEP][PASSED] - if (i == 3 &amp;&amp; wildList.indexOf(symbol) != -1): null

2019-08-15 16:23:52 - [TEST_STEP][PASSED] - if (i == 4 &amp;&amp; wildList.indexOf(symbol) != -1): null

2019-08-15 16:23:52 - [TEST_STEP][PASSED] - symbol = symbol: null

2019-08-15 16:23:52 - [TEST_STEP][PASSED] - println(symbol): null

2019-08-15 16:23:52 - [TEST_STEP][PASSED] - if (i == 2 &amp;&amp; wildList.indexOf(symbol) != -1): null

2019-08-15 16:23:52 - [TEST_STEP][PASSED] - if (i == 3 &amp;&amp; wildList.indexOf(symbol) != -1): null

2019-08-15 16:23:52 - [TEST_STEP][PASSED] - if (i == 4 &amp;&amp; wildList.indexOf(symbol) != -1): null

2019-08-15 16:23:52 - [TEST_STEP][PASSED] - free_spin_reel_counter = free_spin_reel_counter: null

2019-08-15 16:23:52 - [TEST_STEP][PASSED] - println("reel 3 wild found: " + free_spin_reel_counter[0]): null

2019-08-15 16:23:52 - [TEST_STEP][PASSED] - println("reel 4 wild found: " + free_spin_reel_counter[1]): null

2019-08-15 16:23:52 - [TEST_STEP][PASSED] - println("reel 5 wild found: " + free_spin_reel_counter[2]): null

2019-08-15 16:23:52 - [TEST_STEP][PASSED] - M4_spin_reels = M4_spin_reels: null

2019-08-15 16:23:52 - [TEST_STEP][PASSED] - M4_spin_reels_symbols = symbol: null

2019-08-15 16:23:52 - [TEST_STEP][PASSED] - M4_spin_reels_symbols = M4_spin_reels_symbols: null

2019-08-15 16:23:52 - [TEST_STEP][PASSED] - M4_spin_reel_wins = reel_wins: null

2019-08-15 16:23:52 - [TEST_STEP][PASSED] - M4_spin_reel_wins = M4_spin_reel_wins: null

2019-08-15 16:23:52 - [TEST_STEP][PASSED] - println("GlobalVariable.M4_spin_reel_wins is: " + M4_spin_reel_wins): null

2019-08-15 16:23:52 - [TEST_STEP][PASSED] - M4_spin_total_bonus_win_this_round = total_bonus_win_this_round: null

2019-08-15 16:23:52 - [TEST_STEP][PASSED] - M4_spin_total_bonus_win_this_round = M4_spin_total_bonus_win_this_round: null

2019-08-15 16:23:52 - [TEST_STEP][PASSED] - println("GlobalVariable.M4_spin_total_bonus_win_this_round is: " + M4_spin_total_bonus_win_this_round): null

2019-08-15 16:23:52 - [MESSAGE][PASSED] - Verify response successfully

2019-08-15 16:23:52 - [MESSAGE][PASSED] - Send request and verify the response successfully

2019-08-15 16:23:52 - [TEST_STEP][PASSED] - if (M4_total_bonus_spins_int != 0 &amp;&amp; M4_spin_reels_symbols[2].contains("WILD_Normal") || M4_spin_reels_symbols[3].contains("WILD_Normal") || M4_spin_reels_symbols[4].contains("WILD_Normal")): null

2019-08-15 16:23:52 - [TEST_STEP][PASSED] - free_spin_reel_counter = free_spin_reel_counter: null

2019-08-15 16:23:52 - [TEST_STEP][PASSED] - M4_spin_reels_symbols = M4_spin_reels_symbols: null

2019-08-15 16:23:52 - [TEST_STEP][PASSED] - M4_total_bonus_spins = M4_total_bonus_spins: null

2019-08-15 16:23:52 - [TEST_STEP][PASSED] - spin_result = sendRequestAndVerify(findTestObject("STG/RGS(M4)/1_M4_spin", ["M4_login_user_id":M4_login_user_id, "rgs_session_token":rgs_session_token, "partner":Partner])): Send request and verify the response successfully

2019-08-15 16:23:52 - [TEST_CASE][PASSED] - Start Test Case : Verification: Verification accomplished successfully

2019-08-15 16:23:52 - [TEST_STEP][PASSED] - request = getInstance().getCurrentRequest(): null

2019-08-15 16:23:52 - [TEST_STEP][PASSED] - response = getInstance().getCurrentResponse(): null

2019-08-15 16:23:52 - [TEST_STEP][PASSED] - verifyResponseStatusCode(response, 200): Verify response status code successfully

2019-08-15 16:23:52 - [MESSAGE][PASSED] - Verify response status code successfully

2019-08-15 16:23:52 - [TEST_STEP][PASSED] - getStatusCode()).isEqualTo(200): null

2019-08-15 16:23:52 - [TEST_STEP][PASSED] - newline = System.getProperty("line.separator"): null

2019-08-15 16:23:52 - [TEST_STEP][PASSED] - M4_spin = new groovy.json.JsonSlurper(): null

2019-08-15 16:23:52 - [TEST_STEP][PASSED] - result_M4_spin = M4_spin.parseText(response.getResponseBodyContent()): null

2019-08-15 16:23:52 - [TEST_STEP][PASSED] - M4_spin_current_balance = current_balance: null

2019-08-15 16:23:52 - [TEST_STEP][PASSED] - M4_spin_current_balance = M4_spin_current_balance: null

2019-08-15 16:23:52 - [TEST_STEP][PASSED] - M4_spin_transaction_id = causality: null

2019-08-15 16:23:52 - [TEST_STEP][PASSED] - M4_spin_transaction_id = M4_spin_transaction_id: null

2019-08-15 16:23:52 - [TEST_STEP][PASSED] - M4_spin_round_id = round_id: null

2019-08-15 16:23:52 - [TEST_STEP][PASSED] - M4_spin_round_id = M4_spin_round_id: null

2019-08-15 16:23:52 - [TEST_STEP][PASSED] - M4_spin_line_wins = line_wins: null

2019-08-15 16:23:52 - [TEST_STEP][PASSED] - M4_spin_line_wins = M4_spin_line_wins: null

2019-08-15 16:23:52 - [TEST_STEP][PASSED] - M4_total_bonus_spins_int = total_bonus_spins: null

2019-08-15 16:23:52 - [TEST_STEP][PASSED] - println("******M4_total_bonus_spins type is:*******" + newline + getClass().getName()): null

2019-08-15 16:23:52 - [TEST_STEP][PASSED] - M4_total_bonus_spins_int = M4_total_bonus_spins_int: null

2019-08-15 16:23:52 - [TEST_STEP][PASSED] - M4_total_bonus_spins = Integer.toString(M4_total_bonus_spins_int): null

2019-08-15 16:23:52 - [TEST_STEP][PASSED] - M4_total_bonus_spins = M4_total_bonus_spins: null

2019-08-15 16:23:52 - [TEST_STEP][PASSED] - println("M4_total_bonus_spins is:" + M4_total_bonus_spins): null

2019-08-15 16:23:52 - [TEST_STEP][PASSED] - M4_spin_bonus_data = bonus_data: null

2019-08-15 16:23:52 - [TEST_STEP][PASSED] - M4_spin_features_triggered = result_M4_spin: null

2019-08-15 16:23:52 - [TEST_STEP][PASSED] - wild = []: null

2019-08-15 16:23:52 - [TEST_STEP][PASSED] - wild[0] = "WILD_Expanding": null

2019-08-15 16:23:52 - [TEST_STEP][PASSED] - wild[1] = "WILD_Normal": null

2019-08-15 16:23:52 - [TEST_STEP][PASSED] - wild[2] = "WILD_Double": null

2019-08-15 16:23:52 - [TEST_STEP][PASSED] - wild[3] = "WILD_ExtraFG": null

2019-08-15 16:23:52 - [TEST_STEP][PASSED] - wild[4] = "WILD_Triple": null

2019-08-15 16:23:52 - [TEST_STEP][PASSED] - wildList = Arrays.asList(wild): null

2019-08-15 16:23:52 - [TEST_STEP][PASSED] - wildList = wildList: null

2019-08-15 16:23:52 - [TEST_STEP][PASSED] - free_spin_reel_counter = []: null

2019-08-15 16:23:52 - [TEST_STEP][PASSED] - free_spin_reel_counter[0] = 0: null

2019-08-15 16:23:52 - [TEST_STEP][PASSED] - free_spin_reel_counter[1] = 0: null

2019-08-15 16:23:52 - [TEST_STEP][PASSED] - free_spin_reel_counter[2] = 0: null

2019-08-15 16:23:52 - [TEST_STEP][PASSED] - M4_spin_reels = reels: null

2019-08-15 16:23:52 - [TEST_STEP][PASSED] - for ([i = 0, i &lt; M4_spin_reels.size(), (i++)]): null

2019-08-15 16:23:52 - [TEST_STEP][PASSED] - symbols = symbols: null

2019-08-15 16:23:52 - [TEST_STEP][PASSED] - for ([j = 0, j &lt; symbols.size(), (j++)]): null

2019-08-15 16:23:52 - [TEST_STEP][PASSED] - symbol = symbol: null

2019-08-15 16:23:52 - [TEST_STEP][PASSED] - println(symbol): null

2019-08-15 16:23:52 - [TEST_STEP][PASSED] - if (i == 2 &amp;&amp; wildList.indexOf(symbol) != -1): null

2019-08-15 16:23:52 - [TEST_STEP][PASSED] - if (i == 3 &amp;&amp; wildList.indexOf(symbol) != -1): null

2019-08-15 16:23:52 - [TEST_STEP][PASSED] - if (i == 4 &amp;&amp; wildList.indexOf(symbol) != -1): null

2019-08-15 16:23:52 - [TEST_STEP][PASSED] - symbol = symbol: null

2019-08-15 16:23:52 - [TEST_STEP][PASSED] - println(symbol): null

2019-08-15 16:23:52 - [TEST_STEP][PASSED] - if (i == 2 &amp;&amp; wildList.indexOf(symbol) != -1): null

2019-08-15 16:23:52 - [TEST_STEP][PASSED] - if (i == 3 &amp;&amp; wildList.indexOf(symbol) != -1): null

2019-08-15 16:23:52 - [TEST_STEP][PASSED] - if (i == 4 &amp;&amp; wildList.indexOf(symbol) != -1): null

2019-08-15 16:23:52 - [TEST_STEP][PASSED] - symbol = symbol: null

2019-08-15 16:23:52 - [TEST_STEP][PASSED] - println(symbol): null

2019-08-15 16:23:52 - [TEST_STEP][PASSED] - if (i == 2 &amp;&amp; wildList.indexOf(symbol) != -1): null

2019-08-15 16:23:52 - [TEST_STEP][PASSED] - if (i == 3 &amp;&amp; wildList.indexOf(symbol) != -1): null

2019-08-15 16:23:52 - [TEST_STEP][PASSED] - if (i == 4 &amp;&amp; wildList.indexOf(symbol) != -1): null

2019-08-15 16:23:52 - [TEST_STEP][PASSED] - symbols = symbols: null

2019-08-15 16:23:52 - [TEST_STEP][PASSED] - for ([j = 0, j &lt; symbols.size(), (j++)]): null

2019-08-15 16:23:52 - [TEST_STEP][PASSED] - symbol = symbol: null

2019-08-15 16:23:52 - [TEST_STEP][PASSED] - println(symbol): null

2019-08-15 16:23:52 - [TEST_STEP][PASSED] - if (i == 2 &amp;&amp; wildList.indexOf(symbol) != -1): null

2019-08-15 16:23:52 - [TEST_STEP][PASSED] - if (i == 3 &amp;&amp; wildList.indexOf(symbol) != -1): null

2019-08-15 16:23:52 - [TEST_STEP][PASSED] - if (i == 4 &amp;&amp; wildList.indexOf(symbol) != -1): null

2019-08-15 16:23:52 - [TEST_STEP][PASSED] - symbol = symbol: null

2019-08-15 16:23:52 - [TEST_STEP][PASSED] - println(symbol): null

2019-08-15 16:23:52 - [TEST_STEP][PASSED] - if (i == 2 &amp;&amp; wildList.indexOf(symbol) != -1): null

2019-08-15 16:23:52 - [TEST_STEP][PASSED] - if (i == 3 &amp;&amp; wildList.indexOf(symbol) != -1): null

2019-08-15 16:23:52 - [TEST_STEP][PASSED] - if (i == 4 &amp;&amp; wildList.indexOf(symbol) != -1): null

2019-08-15 16:23:52 - [TEST_STEP][PASSED] - symbol = symbol: null

2019-08-15 16:23:52 - [TEST_STEP][PASSED] - println(symbol): null

2019-08-15 16:23:52 - [TEST_STEP][PASSED] - if (i == 2 &amp;&amp; wildList.indexOf(symbol) != -1): null

2019-08-15 16:23:52 - [TEST_STEP][PASSED] - if (i == 3 &amp;&amp; wildList.indexOf(symbol) != -1): null

2019-08-15 16:23:52 - [TEST_STEP][PASSED] - if (i == 4 &amp;&amp; wildList.indexOf(symbol) != -1): null

2019-08-15 16:23:52 - [TEST_STEP][PASSED] - symbols = symbols: null

2019-08-15 16:23:52 - [TEST_STEP][PASSED] - for ([j = 0, j &lt; symbols.size(), (j++)]): null

2019-08-15 16:23:52 - [TEST_STEP][PASSED] - symbol = symbol: null

2019-08-15 16:23:52 - [TEST_STEP][PASSED] - println(symbol): null

2019-08-15 16:23:52 - [TEST_STEP][PASSED] - if (i == 2 &amp;&amp; wildList.indexOf(symbol) != -1): null

2019-08-15 16:23:52 - [TEST_STEP][PASSED] - if (i == 3 &amp;&amp; wildList.indexOf(symbol) != -1): null

2019-08-15 16:23:52 - [TEST_STEP][PASSED] - if (i == 4 &amp;&amp; wildList.indexOf(symbol) != -1): null

2019-08-15 16:23:52 - [TEST_STEP][PASSED] - symbol = symbol: null

2019-08-15 16:23:52 - [TEST_STEP][PASSED] - println(symbol): null

2019-08-15 16:23:52 - [TEST_STEP][PASSED] - if (i == 2 &amp;&amp; wildList.indexOf(symbol) != -1): null

2019-08-15 16:23:52 - [TEST_STEP][PASSED] - if (i == 3 &amp;&amp; wildList.indexOf(symbol) != -1): null

2019-08-15 16:23:52 - [TEST_STEP][PASSED] - if (i == 4 &amp;&amp; wildList.indexOf(symbol) != -1): null

2019-08-15 16:23:52 - [TEST_STEP][PASSED] - symbol = symbol: null

2019-08-15 16:23:52 - [TEST_STEP][PASSED] - println(symbol): null

2019-08-15 16:23:52 - [TEST_STEP][PASSED] - if (i == 2 &amp;&amp; wildList.indexOf(symbol) != -1): null

2019-08-15 16:23:52 - [TEST_STEP][PASSED] - if (i == 3 &amp;&amp; wildList.indexOf(symbol) != -1): null

2019-08-15 16:23:52 - [TEST_STEP][PASSED] - if (i == 4 &amp;&amp; wildList.indexOf(symbol) != -1): null

2019-08-15 16:23:52 - [TEST_STEP][PASSED] - symbols = symbols: null

2019-08-15 16:23:52 - [TEST_STEP][PASSED] - for ([j = 0, j &lt; symbols.size(), (j++)]): null

2019-08-15 16:23:52 - [TEST_STEP][PASSED] - symbol = symbol: null

2019-08-15 16:23:52 - [TEST_STEP][PASSED] - println(symbol): null

2019-08-15 16:23:52 - [TEST_STEP][PASSED] - if (i == 2 &amp;&amp; wildList.indexOf(symbol) != -1): null

2019-08-15 16:23:52 - [TEST_STEP][PASSED] - if (i == 3 &amp;&amp; wildList.indexOf(symbol) != -1): null

2019-08-15 16:23:52 - [TEST_STEP][PASSED] - if (i == 4 &amp;&amp; wildList.indexOf(symbol) != -1): null

2019-08-15 16:23:52 - [TEST_STEP][PASSED] - symbol = symbol: null

2019-08-15 16:23:52 - [TEST_STEP][PASSED] - println(symbol): null

2019-08-15 16:23:52 - [TEST_STEP][PASSED] - if (i == 2 &amp;&amp; wildList.indexOf(symbol) != -1): null

2019-08-15 16:23:52 - [TEST_STEP][PASSED] - if (i == 3 &amp;&amp; wildList.indexOf(symbol) != -1): null

2019-08-15 16:23:52 - [TEST_STEP][PASSED] - if (i == 4 &amp;&amp; wildList.indexOf(symbol) != -1): null

2019-08-15 16:23:52 - [TEST_STEP][PASSED] - symbol = symbol: null

2019-08-15 16:23:52 - [TEST_STEP][PASSED] - println(symbol): null

2019-08-15 16:23:52 - [TEST_STEP][PASSED] - if (i == 2 &amp;&amp; wildList.indexOf(symbol) != -1): null

2019-08-15 16:23:52 - [TEST_STEP][PASSED] - if (i == 3 &amp;&amp; wildList.indexOf(symbol) != -1): null

2019-08-15 16:23:52 - [TEST_STEP][PASSED] - if (i == 4 &amp;&amp; wildList.indexOf(symbol) != -1): null

2019-08-15 16:23:52 - [TEST_STEP][PASSED] - symbols = symbols: null

2019-08-15 16:23:52 - [TEST_STEP][PASSED] - for ([j = 0, j &lt; symbols.size(), (j++)]): null

2019-08-15 16:23:52 - [TEST_STEP][PASSED] - symbol = symbol: null

2019-08-15 16:23:52 - [TEST_STEP][PASSED] - println(symbol): null

2019-08-15 16:23:52 - [TEST_STEP][PASSED] - if (i == 2 &amp;&amp; wildList.indexOf(symbol) != -1): null

2019-08-15 16:23:52 - [TEST_STEP][PASSED] - if (i == 3 &amp;&amp; wildList.indexOf(symbol) != -1): null

2019-08-15 16:23:52 - [TEST_STEP][PASSED] - if (i == 4 &amp;&amp; wildList.indexOf(symbol) != -1): null

2019-08-15 16:23:52 - [TEST_STEP][PASSED] - symbol = symbol: null

2019-08-15 16:23:52 - [TEST_STEP][PASSED] - println(symbol): null

2019-08-15 16:23:52 - [TEST_STEP][PASSED] - if (i == 2 &amp;&amp; wildList.indexOf(symbol) != -1): null

2019-08-15 16:23:52 - [TEST_STEP][PASSED] - if (i == 3 &amp;&amp; wildList.indexOf(symbol) != -1): null

2019-08-15 16:23:52 - [TEST_STEP][PASSED] - if (i == 4 &amp;&amp; wildList.indexOf(symbol) != -1): null

2019-08-15 16:23:52 - [TEST_STEP][PASSED] - symbol = symbol: null

2019-08-15 16:23:52 - [TEST_STEP][PASSED] - println(symbol): null

2019-08-15 16:23:52 - [TEST_STEP][PASSED] - if (i == 2 &amp;&amp; wildList.indexOf(symbol) != -1): null

2019-08-15 16:23:52 - [TEST_STEP][PASSED] - if (i == 3 &amp;&amp; wildList.indexOf(symbol) != -1): null

2019-08-15 16:23:52 - [TEST_STEP][PASSED] - if (i == 4 &amp;&amp; wildList.indexOf(symbol) != -1): null

2019-08-15 16:23:52 - [TEST_STEP][PASSED] - free_spin_reel_counter = free_spin_reel_counter: null

2019-08-15 16:23:52 - [TEST_STEP][PASSED] - println("reel 3 wild found: " + free_spin_reel_counter[0]): null

2019-08-15 16:23:52 - [TEST_STEP][PASSED] - println("reel 4 wild found: " + free_spin_reel_counter[1]): null

2019-08-15 16:23:52 - [TEST_STEP][PASSED] - println("reel 5 wild found: " + free_spin_reel_counter[2]): null

2019-08-15 16:23:52 - [TEST_STEP][PASSED] - M4_spin_reels = M4_spin_reels: null

2019-08-15 16:23:52 - [TEST_STEP][PASSED] - M4_spin_reels_symbols = symbol: null

2019-08-15 16:23:52 - [TEST_STEP][PASSED] - M4_spin_reels_symbols = M4_spin_reels_symbols: null

2019-08-15 16:23:52 - [TEST_STEP][PASSED] - M4_spin_reel_wins = reel_wins: null

2019-08-15 16:23:52 - [TEST_STEP][PASSED] - M4_spin_reel_wins = M4_spin_reel_wins: null

2019-08-15 16:23:52 - [TEST_STEP][PASSED] - println("GlobalVariable.M4_spin_reel_wins is: " + M4_spin_reel_wins): null

2019-08-15 16:23:52 - [TEST_STEP][PASSED] - M4_spin_total_bonus_win_this_round = total_bonus_win_this_round: null

2019-08-15 16:23:52 - [TEST_STEP][PASSED] - M4_spin_total_bonus_win_this_round = M4_spin_total_bonus_win_this_round: null

2019-08-15 16:23:52 - [TEST_STEP][PASSED] - println("GlobalVariable.M4_spin_total_bonus_win_this_round is: " + M4_spin_total_bonus_win_this_round): null

2019-08-15 16:23:52 - [MESSAGE][PASSED] - Verify response successfully

2019-08-15 16:23:52 - [MESSAGE][PASSED] - Send request and verify the response successfully

2019-08-15 16:23:52 - [TEST_STEP][PASSED] - if (M4_total_bonus_spins_int != 0 &amp;&amp; M4_spin_reels_symbols[2].contains("WILD_Normal") || M4_spin_reels_symbols[3].contains("WILD_Normal") || M4_spin_reels_symbols[4].contains("WILD_Normal")): null

2019-08-15 16:23:52 - [TEST_STEP][PASSED] - free_spin_reel_counter = free_spin_reel_counter: null

2019-08-15 16:23:52 - [TEST_STEP][PASSED] - M4_spin_reels_symbols = M4_spin_reels_symbols: null

2019-08-15 16:23:52 - [TEST_STEP][PASSED] - M4_total_bonus_spins = M4_total_bonus_spins: null

2019-08-15 16:23:52 - [TEST_STEP][PASSED] - spin_result = sendRequestAndVerify(findTestObject("STG/RGS(M4)/1_M4_spin", ["M4_login_user_id":M4_login_user_id, "rgs_session_token":rgs_session_token, "partner":Partner])): Send request and verify the response successfully

2019-08-15 16:23:53 - [TEST_CASE][PASSED] - Start Test Case : Verification: Verification accomplished successfully

2019-08-15 16:23:53 - [TEST_STEP][PASSED] - request = getInstance().getCurrentRequest(): null

2019-08-15 16:23:54 - [TEST_STEP][PASSED] - response = getInstance().getCurrentResponse(): null

2019-08-15 16:23:54 - [TEST_STEP][PASSED] - verifyResponseStatusCode(response, 200): Verify response status code successfully

2019-08-15 16:23:54 - [MESSAGE][PASSED] - Verify response status code successfully

2019-08-15 16:23:54 - [TEST_STEP][PASSED] - getStatusCode()).isEqualTo(200): null

2019-08-15 16:23:54 - [TEST_STEP][PASSED] - newline = System.getProperty("line.separator"): null

2019-08-15 16:23:54 - [TEST_STEP][PASSED] - M4_spin = new groovy.json.JsonSlurper(): null

2019-08-15 16:23:54 - [TEST_STEP][PASSED] - result_M4_spin = M4_spin.parseText(response.getResponseBodyContent()): null

2019-08-15 16:23:54 - [TEST_STEP][PASSED] - M4_spin_current_balance = current_balance: null

2019-08-15 16:23:54 - [TEST_STEP][PASSED] - M4_spin_current_balance = M4_spin_current_balance: null

2019-08-15 16:23:54 - [TEST_STEP][PASSED] - M4_spin_transaction_id = causality: null

2019-08-15 16:23:54 - [TEST_STEP][PASSED] - M4_spin_transaction_id = M4_spin_transaction_id: null

2019-08-15 16:23:54 - [TEST_STEP][PASSED] - M4_spin_round_id = round_id: null

2019-08-15 16:23:54 - [TEST_STEP][PASSED] - M4_spin_round_id = M4_spin_round_id: null

2019-08-15 16:23:54 - [TEST_STEP][PASSED] - M4_spin_line_wins = line_wins: null

2019-08-15 16:23:54 - [TEST_STEP][PASSED] - M4_spin_line_wins = M4_spin_line_wins: null

2019-08-15 16:23:54 - [TEST_STEP][PASSED] - M4_total_bonus_spins_int = total_bonus_spins: null

2019-08-15 16:23:54 - [TEST_STEP][PASSED] - println("******M4_total_bonus_spins type is:*******" + newline + getClass().getName()): null

2019-08-15 16:23:54 - [TEST_STEP][PASSED] - M4_total_bonus_spins_int = M4_total_bonus_spins_int: null

2019-08-15 16:23:54 - [TEST_STEP][PASSED] - M4_total_bonus_spins = Integer.toString(M4_total_bonus_spins_int): null

2019-08-15 16:23:54 - [TEST_STEP][PASSED] - M4_total_bonus_spins = M4_total_bonus_spins: null

2019-08-15 16:23:54 - [TEST_STEP][PASSED] - println("M4_total_bonus_spins is:" + M4_total_bonus_spins): null

2019-08-15 16:23:54 - [TEST_STEP][PASSED] - M4_spin_bonus_data = bonus_data: null

2019-08-15 16:23:54 - [TEST_STEP][PASSED] - M4_spin_features_triggered = result_M4_spin: null

2019-08-15 16:23:54 - [TEST_STEP][PASSED] - wild = []: null

2019-08-15 16:23:54 - [TEST_STEP][PASSED] - wild[0] = "WILD_Expanding": null

2019-08-15 16:23:54 - [TEST_STEP][PASSED] - wild[1] = "WILD_Normal": null

2019-08-15 16:23:54 - [TEST_STEP][PASSED] - wild[2] = "WILD_Double": null

2019-08-15 16:23:54 - [TEST_STEP][PASSED] - wild[3] = "WILD_ExtraFG": null

2019-08-15 16:23:54 - [TEST_STEP][PASSED] - wild[4] = "WILD_Triple": null

2019-08-15 16:23:54 - [TEST_STEP][PASSED] - wildList = Arrays.asList(wild): null

2019-08-15 16:23:54 - [TEST_STEP][PASSED] - wildList = wildList: null

2019-08-15 16:23:54 - [TEST_STEP][PASSED] - free_spin_reel_counter = []: null

2019-08-15 16:23:54 - [TEST_STEP][PASSED] - free_spin_reel_counter[0] = 0: null

2019-08-15 16:23:54 - [TEST_STEP][PASSED] - free_spin_reel_counter[1] = 0: null

2019-08-15 16:23:54 - [TEST_STEP][PASSED] - free_spin_reel_counter[2] = 0: null

2019-08-15 16:23:54 - [TEST_STEP][PASSED] - M4_spin_reels = reels: null

2019-08-15 16:23:54 - [TEST_STEP][PASSED] - for ([i = 0, i &lt; M4_spin_reels.size(), (i++)]): null

2019-08-15 16:23:54 - [TEST_STEP][PASSED] - symbols = symbols: null

2019-08-15 16:23:54 - [TEST_STEP][PASSED] - for ([j = 0, j &lt; symbols.size(), (j++)]): null

2019-08-15 16:23:54 - [TEST_STEP][PASSED] - symbol = symbol: null

2019-08-15 16:23:54 - [TEST_STEP][PASSED] - println(symbol): null

2019-08-15 16:23:54 - [TEST_STEP][PASSED] - if (i == 2 &amp;&amp; wildList.indexOf(symbol) != -1): null

2019-08-15 16:23:54 - [TEST_STEP][PASSED] - if (i == 3 &amp;&amp; wildList.indexOf(symbol) != -1): null

2019-08-15 16:23:54 - [TEST_STEP][PASSED] - if (i == 4 &amp;&amp; wildList.indexOf(symbol) != -1): null

2019-08-15 16:23:54 - [TEST_STEP][PASSED] - symbol = symbol: null

2019-08-15 16:23:54 - [TEST_STEP][PASSED] - println(symbol): null

2019-08-15 16:23:54 - [TEST_STEP][PASSED] - if (i == 2 &amp;&amp; wildList.indexOf(symbol) != -1): null

2019-08-15 16:23:54 - [TEST_STEP][PASSED] - if (i == 3 &amp;&amp; wildList.indexOf(symbol) != -1): null

2019-08-15 16:23:54 - [TEST_STEP][PASSED] - if (i == 4 &amp;&amp; wildList.indexOf(symbol) != -1): null

2019-08-15 16:23:54 - [TEST_STEP][PASSED] - symbol = symbol: null

2019-08-15 16:23:54 - [TEST_STEP][PASSED] - println(symbol): null

2019-08-15 16:23:54 - [TEST_STEP][PASSED] - if (i == 2 &amp;&amp; wildList.indexOf(symbol) != -1): null

2019-08-15 16:23:54 - [TEST_STEP][PASSED] - if (i == 3 &amp;&amp; wildList.indexOf(symbol) != -1): null

2019-08-15 16:23:54 - [TEST_STEP][PASSED] - if (i == 4 &amp;&amp; wildList.indexOf(symbol) != -1): null

2019-08-15 16:23:54 - [TEST_STEP][PASSED] - symbols = symbols: null

2019-08-15 16:23:54 - [TEST_STEP][PASSED] - for ([j = 0, j &lt; symbols.size(), (j++)]): null

2019-08-15 16:23:54 - [TEST_STEP][PASSED] - symbol = symbol: null

2019-08-15 16:23:54 - [TEST_STEP][PASSED] - println(symbol): null

2019-08-15 16:23:54 - [TEST_STEP][PASSED] - if (i == 2 &amp;&amp; wildList.indexOf(symbol) != -1): null

2019-08-15 16:23:54 - [TEST_STEP][PASSED] - if (i == 3 &amp;&amp; wildList.indexOf(symbol) != -1): null

2019-08-15 16:23:54 - [TEST_STEP][PASSED] - if (i == 4 &amp;&amp; wildList.indexOf(symbol) != -1): null

2019-08-15 16:23:54 - [TEST_STEP][PASSED] - symbol = symbol: null

2019-08-15 16:23:54 - [TEST_STEP][PASSED] - println(symbol): null

2019-08-15 16:23:54 - [TEST_STEP][PASSED] - if (i == 2 &amp;&amp; wildList.indexOf(symbol) != -1): null

2019-08-15 16:23:54 - [TEST_STEP][PASSED] - if (i == 3 &amp;&amp; wildList.indexOf(symbol) != -1): null

2019-08-15 16:23:54 - [TEST_STEP][PASSED] - if (i == 4 &amp;&amp; wildList.indexOf(symbol) != -1): null

2019-08-15 16:23:54 - [TEST_STEP][PASSED] - symbol = symbol: null

2019-08-15 16:23:54 - [TEST_STEP][PASSED] - println(symbol): null

2019-08-15 16:23:54 - [TEST_STEP][PASSED] - if (i == 2 &amp;&amp; wildList.indexOf(symbol) != -1): null

2019-08-15 16:23:54 - [TEST_STEP][PASSED] - if (i == 3 &amp;&amp; wildList.indexOf(symbol) != -1): null

2019-08-15 16:23:54 - [TEST_STEP][PASSED] - if (i == 4 &amp;&amp; wildList.indexOf(symbol) != -1): null

2019-08-15 16:23:54 - [TEST_STEP][PASSED] - symbols = symbols: null

2019-08-15 16:23:54 - [TEST_STEP][PASSED] - for ([j = 0, j &lt; symbols.size(), (j++)]): null

2019-08-15 16:23:54 - [TEST_STEP][PASSED] - symbol = symbol: null

2019-08-15 16:23:54 - [TEST_STEP][PASSED] - println(symbol): null

2019-08-15 16:23:54 - [TEST_STEP][PASSED] - if (i == 2 &amp;&amp; wildList.indexOf(symbol) != -1): null

2019-08-15 16:23:54 - [TEST_STEP][PASSED] - if (i == 3 &amp;&amp; wildList.indexOf(symbol) != -1): null

2019-08-15 16:23:54 - [TEST_STEP][PASSED] - if (i == 4 &amp;&amp; wildList.indexOf(symbol) != -1): null

2019-08-15 16:23:54 - [TEST_STEP][PASSED] - symbol = symbol: null

2019-08-15 16:23:54 - [TEST_STEP][PASSED] - println(symbol): null

2019-08-15 16:23:54 - [TEST_STEP][PASSED] - if (i == 2 &amp;&amp; wildList.indexOf(symbol) != -1): null

2019-08-15 16:23:54 - [TEST_STEP][PASSED] - if (i == 3 &amp;&amp; wildList.indexOf(symbol) != -1): null

2019-08-15 16:23:54 - [TEST_STEP][PASSED] - if (i == 4 &amp;&amp; wildList.indexOf(symbol) != -1): null

2019-08-15 16:23:54 - [TEST_STEP][PASSED] - symbol = symbol: null

2019-08-15 16:23:54 - [TEST_STEP][PASSED] - println(symbol): null

2019-08-15 16:23:54 - [TEST_STEP][PASSED] - if (i == 2 &amp;&amp; wildList.indexOf(symbol) != -1): null

2019-08-15 16:23:54 - [TEST_STEP][PASSED] - if (i == 3 &amp;&amp; wildList.indexOf(symbol) != -1): null

2019-08-15 16:23:54 - [TEST_STEP][PASSED] - if (i == 4 &amp;&amp; wildList.indexOf(symbol) != -1): null

2019-08-15 16:23:54 - [TEST_STEP][PASSED] - symbols = symbols: null

2019-08-15 16:23:54 - [TEST_STEP][PASSED] - for ([j = 0, j &lt; symbols.size(), (j++)]): null

2019-08-15 16:23:54 - [TEST_STEP][PASSED] - symbol = symbol: null

2019-08-15 16:23:54 - [TEST_STEP][PASSED] - println(symbol): null

2019-08-15 16:23:54 - [TEST_STEP][PASSED] - if (i == 2 &amp;&amp; wildList.indexOf(symbol) != -1): null

2019-08-15 16:23:54 - [TEST_STEP][PASSED] - if (i == 3 &amp;&amp; wildList.indexOf(symbol) != -1): null

2019-08-15 16:23:54 - [TEST_STEP][PASSED] - if (i == 4 &amp;&amp; wildList.indexOf(symbol) != -1): null

2019-08-15 16:23:54 - [TEST_STEP][PASSED] - symbol = symbol: null

2019-08-15 16:23:54 - [TEST_STEP][PASSED] - println(symbol): null

2019-08-15 16:23:54 - [TEST_STEP][PASSED] - if (i == 2 &amp;&amp; wildList.indexOf(symbol) != -1): null

2019-08-15 16:23:54 - [TEST_STEP][PASSED] - if (i == 3 &amp;&amp; wildList.indexOf(symbol) != -1): null

2019-08-15 16:23:54 - [TEST_STEP][PASSED] - if (i == 4 &amp;&amp; wildList.indexOf(symbol) != -1): null

2019-08-15 16:23:54 - [TEST_STEP][PASSED] - symbol = symbol: null

2019-08-15 16:23:54 - [TEST_STEP][PASSED] - println(symbol): null

2019-08-15 16:23:54 - [TEST_STEP][PASSED] - if (i == 2 &amp;&amp; wildList.indexOf(symbol) != -1): null

2019-08-15 16:23:54 - [TEST_STEP][PASSED] - if (i == 3 &amp;&amp; wildList.indexOf(symbol) != -1): null

2019-08-15 16:23:54 - [TEST_STEP][PASSED] - if (i == 4 &amp;&amp; wildList.indexOf(symbol) != -1): null

2019-08-15 16:23:54 - [TEST_STEP][PASSED] - symbols = symbols: null

2019-08-15 16:23:54 - [TEST_STEP][PASSED] - for ([j = 0, j &lt; symbols.size(), (j++)]): null

2019-08-15 16:23:54 - [TEST_STEP][PASSED] - symbol = symbol: null

2019-08-15 16:23:54 - [TEST_STEP][PASSED] - println(symbol): null

2019-08-15 16:23:54 - [TEST_STEP][PASSED] - if (i == 2 &amp;&amp; wildList.indexOf(symbol) != -1): null

2019-08-15 16:23:54 - [TEST_STEP][PASSED] - if (i == 3 &amp;&amp; wildList.indexOf(symbol) != -1): null

2019-08-15 16:23:54 - [TEST_STEP][PASSED] - if (i == 4 &amp;&amp; wildList.indexOf(symbol) != -1): null

2019-08-15 16:23:54 - [TEST_STEP][PASSED] - symbol = symbol: null

2019-08-15 16:23:54 - [TEST_STEP][PASSED] - println(symbol): null

2019-08-15 16:23:54 - [TEST_STEP][PASSED] - if (i == 2 &amp;&amp; wildList.indexOf(symbol) != -1): null

2019-08-15 16:23:54 - [TEST_STEP][PASSED] - if (i == 3 &amp;&amp; wildList.indexOf(symbol) != -1): null

2019-08-15 16:23:54 - [TEST_STEP][PASSED] - if (i == 4 &amp;&amp; wildList.indexOf(symbol) != -1): null

2019-08-15 16:23:54 - [TEST_STEP][PASSED] - symbol = symbol: null

2019-08-15 16:23:54 - [TEST_STEP][PASSED] - println(symbol): null

2019-08-15 16:23:54 - [TEST_STEP][PASSED] - if (i == 2 &amp;&amp; wildList.indexOf(symbol) != -1): null

2019-08-15 16:23:54 - [TEST_STEP][PASSED] - if (i == 3 &amp;&amp; wildList.indexOf(symbol) != -1): null

2019-08-15 16:23:54 - [TEST_STEP][PASSED] - if (i == 4 &amp;&amp; wildList.indexOf(symbol) != -1): null

2019-08-15 16:23:54 - [TEST_STEP][PASSED] - free_spin_reel_counter = free_spin_reel_counter: null

2019-08-15 16:23:54 - [TEST_STEP][PASSED] - println("reel 3 wild found: " + free_spin_reel_counter[0]): null

2019-08-15 16:23:54 - [TEST_STEP][PASSED] - println("reel 4 wild found: " + free_spin_reel_counter[1]): null

2019-08-15 16:23:54 - [TEST_STEP][PASSED] - println("reel 5 wild found: " + free_spin_reel_counter[2]): null

2019-08-15 16:23:54 - [TEST_STEP][PASSED] - M4_spin_reels = M4_spin_reels: null

2019-08-15 16:23:54 - [TEST_STEP][PASSED] - M4_spin_reels_symbols = symbol: null

2019-08-15 16:23:54 - [TEST_STEP][PASSED] - M4_spin_reels_symbols = M4_spin_reels_symbols: null

2019-08-15 16:23:54 - [TEST_STEP][PASSED] - M4_spin_reel_wins = reel_wins: null

2019-08-15 16:23:54 - [TEST_STEP][PASSED] - M4_spin_reel_wins = M4_spin_reel_wins: null

2019-08-15 16:23:54 - [TEST_STEP][PASSED] - println("GlobalVariable.M4_spin_reel_wins is: " + M4_spin_reel_wins): null

2019-08-15 16:23:54 - [TEST_STEP][PASSED] - M4_spin_total_bonus_win_this_round = total_bonus_win_this_round: null

2019-08-15 16:23:54 - [TEST_STEP][PASSED] - M4_spin_total_bonus_win_this_round = M4_spin_total_bonus_win_this_round: null

2019-08-15 16:23:54 - [TEST_STEP][PASSED] - println("GlobalVariable.M4_spin_total_bonus_win_this_round is: " + M4_spin_total_bonus_win_this_round): null

2019-08-15 16:23:54 - [MESSAGE][PASSED] - Verify response successfully

2019-08-15 16:23:54 - [MESSAGE][PASSED] - Send request and verify the response successfully

2019-08-15 16:23:54 - [TEST_STEP][PASSED] - if (M4_total_bonus_spins_int != 0 &amp;&amp; M4_spin_reels_symbols[2].contains("WILD_Normal") || M4_spin_reels_symbols[3].contains("WILD_Normal") || M4_spin_reels_symbols[4].contains("WILD_Normal")): null

2019-08-15 16:23:54 - [TEST_STEP][PASSED] - free_spin_reel_counter = free_spin_reel_counter: null

2019-08-15 16:23:54 - [TEST_STEP][PASSED] - M4_spin_reels_symbols = M4_spin_reels_symbols: null

2019-08-15 16:23:54 - [TEST_STEP][PASSED] - M4_total_bonus_spins = M4_total_bonus_spins: null

2019-08-15 16:23:54 - [TEST_STEP][PASSED] - spin_result = sendRequestAndVerify(findTestObject("STG/RGS(M4)/1_M4_spin", ["M4_login_user_id":M4_login_user_id, "rgs_session_token":rgs_session_token, "partner":Partner])): Send request and verify the response successfully

2019-08-15 16:23:54 - [TEST_CASE][PASSED] - Start Test Case : Verification: Verification accomplished successfully

2019-08-15 16:23:54 - [TEST_STEP][PASSED] - request = getInstance().getCurrentRequest(): null

2019-08-15 16:23:54 - [TEST_STEP][PASSED] - response = getInstance().getCurrentResponse(): null

2019-08-15 16:23:54 - [TEST_STEP][PASSED] - verifyResponseStatusCode(response, 200): Verify response status code successfully

2019-08-15 16:23:54 - [MESSAGE][PASSED] - Verify response status code successfully

2019-08-15 16:23:54 - [TEST_STEP][PASSED] - getStatusCode()).isEqualTo(200): null

2019-08-15 16:23:54 - [TEST_STEP][PASSED] - newline = System.getProperty("line.separator"): null

2019-08-15 16:23:54 - [TEST_STEP][PASSED] - M4_spin = new groovy.json.JsonSlurper(): null

2019-08-15 16:23:54 - [TEST_STEP][PASSED] - result_M4_spin = M4_spin.parseText(response.getResponseBodyContent()): null

2019-08-15 16:23:54 - [TEST_STEP][PASSED] - M4_spin_current_balance = current_balance: null

2019-08-15 16:23:54 - [TEST_STEP][PASSED] - M4_spin_current_balance = M4_spin_current_balance: null

2019-08-15 16:23:54 - [TEST_STEP][PASSED] - M4_spin_transaction_id = causality: null

2019-08-15 16:23:54 - [TEST_STEP][PASSED] - M4_spin_transaction_id = M4_spin_transaction_id: null

2019-08-15 16:23:54 - [TEST_STEP][PASSED] - M4_spin_round_id = round_id: null

2019-08-15 16:23:54 - [TEST_STEP][PASSED] - M4_spin_round_id = M4_spin_round_id: null

2019-08-15 16:23:54 - [TEST_STEP][PASSED] - M4_spin_line_wins = line_wins: null

2019-08-15 16:23:54 - [TEST_STEP][PASSED] - M4_spin_line_wins = M4_spin_line_wins: null

2019-08-15 16:23:54 - [TEST_STEP][PASSED] - M4_total_bonus_spins_int = total_bonus_spins: null

2019-08-15 16:23:54 - [TEST_STEP][PASSED] - println("******M4_total_bonus_spins type is:*******" + newline + getClass().getName()): null

2019-08-15 16:23:54 - [TEST_STEP][PASSED] - M4_total_bonus_spins_int = M4_total_bonus_spins_int: null

2019-08-15 16:23:54 - [TEST_STEP][PASSED] - M4_total_bonus_spins = Integer.toString(M4_total_bonus_spins_int): null

2019-08-15 16:23:54 - [TEST_STEP][PASSED] - M4_total_bonus_spins = M4_total_bonus_spins: null

2019-08-15 16:23:54 - [TEST_STEP][PASSED] - println("M4_total_bonus_spins is:" + M4_total_bonus_spins): null

2019-08-15 16:23:54 - [TEST_STEP][PASSED] - M4_spin_bonus_data = bonus_data: null

2019-08-15 16:23:54 - [TEST_STEP][PASSED] - M4_spin_features_triggered = result_M4_spin: null

2019-08-15 16:23:54 - [TEST_STEP][PASSED] - wild = []: null

2019-08-15 16:23:54 - [TEST_STEP][PASSED] - wild[0] = "WILD_Expanding": null

2019-08-15 16:23:54 - [TEST_STEP][PASSED] - wild[1] = "WILD_Normal": null

2019-08-15 16:23:54 - [TEST_STEP][PASSED] - wild[2] = "WILD_Double": null

2019-08-15 16:23:54 - [TEST_STEP][PASSED] - wild[3] = "WILD_ExtraFG": null

2019-08-15 16:23:54 - [TEST_STEP][PASSED] - wild[4] = "WILD_Triple": null

2019-08-15 16:23:54 - [TEST_STEP][PASSED] - wildList = Arrays.asList(wild): null

2019-08-15 16:23:54 - [TEST_STEP][PASSED] - wildList = wildList: null

2019-08-15 16:23:54 - [TEST_STEP][PASSED] - free_spin_reel_counter = []: null

2019-08-15 16:23:54 - [TEST_STEP][PASSED] - free_spin_reel_counter[0] = 0: null

2019-08-15 16:23:54 - [TEST_STEP][PASSED] - free_spin_reel_counter[1] = 0: null

2019-08-15 16:23:54 - [TEST_STEP][PASSED] - free_spin_reel_counter[2] = 0: null

2019-08-15 16:23:54 - [TEST_STEP][PASSED] - M4_spin_reels = reels: null

2019-08-15 16:23:54 - [TEST_STEP][PASSED] - for ([i = 0, i &lt; M4_spin_reels.size(), (i++)]): null

2019-08-15 16:23:54 - [TEST_STEP][PASSED] - symbols = symbols: null

2019-08-15 16:23:54 - [TEST_STEP][PASSED] - for ([j = 0, j &lt; symbols.size(), (j++)]): null

2019-08-15 16:23:54 - [TEST_STEP][PASSED] - symbol = symbol: null

2019-08-15 16:23:54 - [TEST_STEP][PASSED] - println(symbol): null

2019-08-15 16:23:54 - [TEST_STEP][PASSED] - if (i == 2 &amp;&amp; wildList.indexOf(symbol) != -1): null

2019-08-15 16:23:54 - [TEST_STEP][PASSED] - if (i == 3 &amp;&amp; wildList.indexOf(symbol) != -1): null

2019-08-15 16:23:54 - [TEST_STEP][PASSED] - if (i == 4 &amp;&amp; wildList.indexOf(symbol) != -1): null

2019-08-15 16:23:54 - [TEST_STEP][PASSED] - symbol = symbol: null

2019-08-15 16:23:54 - [TEST_STEP][PASSED] - println(symbol): null

2019-08-15 16:23:54 - [TEST_STEP][PASSED] - if (i == 2 &amp;&amp; wildList.indexOf(symbol) != -1): null

2019-08-15 16:23:54 - [TEST_STEP][PASSED] - if (i == 3 &amp;&amp; wildList.indexOf(symbol) != -1): null

2019-08-15 16:23:54 - [TEST_STEP][PASSED] - if (i == 4 &amp;&amp; wildList.indexOf(symbol) != -1): null

2019-08-15 16:23:54 - [TEST_STEP][PASSED] - symbol = symbol: null

2019-08-15 16:23:54 - [TEST_STEP][PASSED] - println(symbol): null

2019-08-15 16:23:54 - [TEST_STEP][PASSED] - if (i == 2 &amp;&amp; wildList.indexOf(symbol) != -1): null

2019-08-15 16:23:54 - [TEST_STEP][PASSED] - if (i == 3 &amp;&amp; wildList.indexOf(symbol) != -1): null

2019-08-15 16:23:54 - [TEST_STEP][PASSED] - if (i == 4 &amp;&amp; wildList.indexOf(symbol) != -1): null

2019-08-15 16:23:54 - [TEST_STEP][PASSED] - symbols = symbols: null

2019-08-15 16:23:54 - [TEST_STEP][PASSED] - for ([j = 0, j &lt; symbols.size(), (j++)]): null

2019-08-15 16:23:54 - [TEST_STEP][PASSED] - symbol = symbol: null

2019-08-15 16:23:54 - [TEST_STEP][PASSED] - println(symbol): null

2019-08-15 16:23:54 - [TEST_STEP][PASSED] - if (i == 2 &amp;&amp; wildList.indexOf(symbol) != -1): null

2019-08-15 16:23:54 - [TEST_STEP][PASSED] - if (i == 3 &amp;&amp; wildList.indexOf(symbol) != -1): null

2019-08-15 16:23:54 - [TEST_STEP][PASSED] - if (i == 4 &amp;&amp; wildList.indexOf(symbol) != -1): null

2019-08-15 16:23:54 - [TEST_STEP][PASSED] - symbol = symbol: null

2019-08-15 16:23:54 - [TEST_STEP][PASSED] - println(symbol): null

2019-08-15 16:23:54 - [TEST_STEP][PASSED] - if (i == 2 &amp;&amp; wildList.indexOf(symbol) != -1): null

2019-08-15 16:23:54 - [TEST_STEP][PASSED] - if (i == 3 &amp;&amp; wildList.indexOf(symbol) != -1): null

2019-08-15 16:23:54 - [TEST_STEP][PASSED] - if (i == 4 &amp;&amp; wildList.indexOf(symbol) != -1): null

2019-08-15 16:23:54 - [TEST_STEP][PASSED] - symbol = symbol: null

2019-08-15 16:23:54 - [TEST_STEP][PASSED] - println(symbol): null

2019-08-15 16:23:54 - [TEST_STEP][PASSED] - if (i == 2 &amp;&amp; wildList.indexOf(symbol) != -1): null

2019-08-15 16:23:54 - [TEST_STEP][PASSED] - if (i == 3 &amp;&amp; wildList.indexOf(symbol) != -1): null

2019-08-15 16:23:54 - [TEST_STEP][PASSED] - if (i == 4 &amp;&amp; wildList.indexOf(symbol) != -1): null

2019-08-15 16:23:54 - [TEST_STEP][PASSED] - symbols = symbols: null

2019-08-15 16:23:54 - [TEST_STEP][PASSED] - for ([j = 0, j &lt; symbols.size(), (j++)]): null

2019-08-15 16:23:54 - [TEST_STEP][PASSED] - symbol = symbol: null

2019-08-15 16:23:54 - [TEST_STEP][PASSED] - println(symbol): null

2019-08-15 16:23:54 - [TEST_STEP][PASSED] - if (i == 2 &amp;&amp; wildList.indexOf(symbol) != -1): null

2019-08-15 16:23:54 - [TEST_STEP][PASSED] - if (i == 3 &amp;&amp; wildList.indexOf(symbol) != -1): null

2019-08-15 16:23:54 - [TEST_STEP][PASSED] - if (i == 4 &amp;&amp; wildList.indexOf(symbol) != -1): null

2019-08-15 16:23:54 - [TEST_STEP][PASSED] - symbol = symbol: null

2019-08-15 16:23:54 - [TEST_STEP][PASSED] - println(symbol): null

2019-08-15 16:23:54 - [TEST_STEP][PASSED] - if (i == 2 &amp;&amp; wildList.indexOf(symbol) != -1): null

2019-08-15 16:23:54 - [TEST_STEP][PASSED] - if (i == 3 &amp;&amp; wildList.indexOf(symbol) != -1): null

2019-08-15 16:23:54 - [TEST_STEP][PASSED] - if (i == 4 &amp;&amp; wildList.indexOf(symbol) != -1): null

2019-08-15 16:23:54 - [TEST_STEP][PASSED] - symbol = symbol: null

2019-08-15 16:23:54 - [TEST_STEP][PASSED] - println(symbol): null

2019-08-15 16:23:54 - [TEST_STEP][PASSED] - if (i == 2 &amp;&amp; wildList.indexOf(symbol) != -1): null

2019-08-15 16:23:54 - [TEST_STEP][PASSED] - println("wild found on reel 3, adding counter by 1"): null

2019-08-15 16:23:54 - [TEST_STEP][PASSED] - free_spin_reel_counter[0] = free_spin_reel_counter[0] + 1: null

2019-08-15 16:23:54 - [TEST_STEP][PASSED] - if (i == 3 &amp;&amp; wildList.indexOf(symbol) != -1): null

2019-08-15 16:23:54 - [TEST_STEP][PASSED] - if (i == 4 &amp;&amp; wildList.indexOf(symbol) != -1): null

2019-08-15 16:23:54 - [TEST_STEP][PASSED] - symbols = symbols: null

2019-08-15 16:23:54 - [TEST_STEP][PASSED] - for ([j = 0, j &lt; symbols.size(), (j++)]): null

2019-08-15 16:23:54 - [TEST_STEP][PASSED] - symbol = symbol: null

2019-08-15 16:23:54 - [TEST_STEP][PASSED] - println(symbol): null

2019-08-15 16:23:54 - [TEST_STEP][PASSED] - if (i == 2 &amp;&amp; wildList.indexOf(symbol) != -1): null

2019-08-15 16:23:54 - [TEST_STEP][PASSED] - if (i == 3 &amp;&amp; wildList.indexOf(symbol) != -1): null

2019-08-15 16:23:54 - [TEST_STEP][PASSED] - if (i == 4 &amp;&amp; wildList.indexOf(symbol) != -1): null

2019-08-15 16:23:54 - [TEST_STEP][PASSED] - symbol = symbol: null

2019-08-15 16:23:54 - [TEST_STEP][PASSED] - println(symbol): null

2019-08-15 16:23:54 - [TEST_STEP][PASSED] - if (i == 2 &amp;&amp; wildList.indexOf(symbol) != -1): null

2019-08-15 16:23:54 - [TEST_STEP][PASSED] - if (i == 3 &amp;&amp; wildList.indexOf(symbol) != -1): null

2019-08-15 16:23:54 - [TEST_STEP][PASSED] - if (i == 4 &amp;&amp; wildList.indexOf(symbol) != -1): null

2019-08-15 16:23:54 - [TEST_STEP][PASSED] - symbol = symbol: null

2019-08-15 16:23:54 - [TEST_STEP][PASSED] - println(symbol): null

2019-08-15 16:23:54 - [TEST_STEP][PASSED] - if (i == 2 &amp;&amp; wildList.indexOf(symbol) != -1): null

2019-08-15 16:23:54 - [TEST_STEP][PASSED] - if (i == 3 &amp;&amp; wildList.indexOf(symbol) != -1): null

2019-08-15 16:23:54 - [TEST_STEP][PASSED] - if (i == 4 &amp;&amp; wildList.indexOf(symbol) != -1): null

2019-08-15 16:23:54 - [TEST_STEP][PASSED] - symbols = symbols: null

2019-08-15 16:23:54 - [TEST_STEP][PASSED] - for ([j = 0, j &lt; symbols.size(), (j++)]): null

2019-08-15 16:23:54 - [TEST_STEP][PASSED] - symbol = symbol: null

2019-08-15 16:23:54 - [TEST_STEP][PASSED] - println(symbol): null

2019-08-15 16:23:54 - [TEST_STEP][PASSED] - if (i == 2 &amp;&amp; wildList.indexOf(symbol) != -1): null

2019-08-15 16:23:54 - [TEST_STEP][PASSED] - if (i == 3 &amp;&amp; wildList.indexOf(symbol) != -1): null

2019-08-15 16:23:54 - [TEST_STEP][PASSED] - if (i == 4 &amp;&amp; wildList.indexOf(symbol) != -1): null

2019-08-15 16:23:54 - [TEST_STEP][PASSED] - symbol = symbol: null

2019-08-15 16:23:54 - [TEST_STEP][PASSED] - println(symbol): null

2019-08-15 16:23:54 - [TEST_STEP][PASSED] - if (i == 2 &amp;&amp; wildList.indexOf(symbol) != -1): null

2019-08-15 16:23:54 - [TEST_STEP][PASSED] - if (i == 3 &amp;&amp; wildList.indexOf(symbol) != -1): null

2019-08-15 16:23:54 - [TEST_STEP][PASSED] - if (i == 4 &amp;&amp; wildList.indexOf(symbol) != -1): null

2019-08-15 16:23:54 - [TEST_STEP][PASSED] - symbol = symbol: null

2019-08-15 16:23:54 - [TEST_STEP][PASSED] - println(symbol): null

2019-08-15 16:23:54 - [TEST_STEP][PASSED] - if (i == 2 &amp;&amp; wildList.indexOf(symbol) != -1): null

2019-08-15 16:23:54 - [TEST_STEP][PASSED] - if (i == 3 &amp;&amp; wildList.indexOf(symbol) != -1): null

2019-08-15 16:23:54 - [TEST_STEP][PASSED] - if (i == 4 &amp;&amp; wildList.indexOf(symbol) != -1): null

2019-08-15 16:23:54 - [TEST_STEP][PASSED] - free_spin_reel_counter = free_spin_reel_counter: null

2019-08-15 16:23:54 - [TEST_STEP][PASSED] - println("reel 3 wild found: " + free_spin_reel_counter[0]): null

2019-08-15 16:23:54 - [TEST_STEP][PASSED] - println("reel 4 wild found: " + free_spin_reel_counter[1]): null

2019-08-15 16:23:54 - [TEST_STEP][PASSED] - println("reel 5 wild found: " + free_spin_reel_counter[2]): null

2019-08-15 16:23:54 - [TEST_STEP][PASSED] - M4_spin_reels = M4_spin_reels: null

2019-08-15 16:23:54 - [TEST_STEP][PASSED] - M4_spin_reels_symbols = symbol: null

2019-08-15 16:23:54 - [TEST_STEP][PASSED] - M4_spin_reels_symbols = M4_spin_reels_symbols: null

2019-08-15 16:23:54 - [TEST_STEP][PASSED] - M4_spin_reel_wins = reel_wins: null

2019-08-15 16:23:54 - [TEST_STEP][PASSED] - M4_spin_reel_wins = M4_spin_reel_wins: null

2019-08-15 16:23:54 - [TEST_STEP][PASSED] - println("GlobalVariable.M4_spin_reel_wins is: " + M4_spin_reel_wins): null

2019-08-15 16:23:54 - [TEST_STEP][PASSED] - M4_spin_total_bonus_win_this_round = total_bonus_win_this_round: null

2019-08-15 16:23:54 - [TEST_STEP][PASSED] - M4_spin_total_bonus_win_this_round = M4_spin_total_bonus_win_this_round: null

2019-08-15 16:23:54 - [TEST_STEP][PASSED] - println("GlobalVariable.M4_spin_total_bonus_win_this_round is: " + M4_spin_total_bonus_win_this_round): null

2019-08-15 16:23:54 - [MESSAGE][PASSED] - Verify response successfully

2019-08-15 16:23:54 - [MESSAGE][PASSED] - Send request and verify the response successfully

2019-08-15 16:23:54 - [TEST_STEP][PASSED] - if (M4_total_bonus_spins_int != 0 &amp;&amp; M4_spin_reels_symbols[2].contains("WILD_Normal") || M4_spin_reels_symbols[3].contains("WILD_Normal") || M4_spin_reels_symbols[4].contains("WILD_Normal")): null

2019-08-15 16:23:54 - [TEST_STEP][PASSED] - free_spin_reel_counter = free_spin_reel_counter: null

2019-08-15 16:23:54 - [TEST_STEP][PASSED] - M4_spin_reels_symbols = M4_spin_reels_symbols: null

2019-08-15 16:23:54 - [TEST_STEP][PASSED] - M4_total_bonus_spins = M4_total_bonus_spins: null

2019-08-15 16:23:54 - [TEST_STEP][PASSED] - spin_result = sendRequestAndVerify(findTestObject("STG/RGS(M4)/1_M4_spin", ["M4_login_user_id":M4_login_user_id, "rgs_session_token":rgs_session_token, "partner":Partner])): Send request and verify the response successfully

2019-08-15 16:23:55 - [TEST_CASE][PASSED] - Start Test Case : Verification: Verification accomplished successfully

2019-08-15 16:23:55 - [TEST_STEP][PASSED] - request = getInstance().getCurrentRequest(): null

2019-08-15 16:23:55 - [TEST_STEP][PASSED] - response = getInstance().getCurrentResponse(): null

2019-08-15 16:23:55 - [TEST_STEP][PASSED] - verifyResponseStatusCode(response, 200): Verify response status code successfully

2019-08-15 16:23:55 - [MESSAGE][PASSED] - Verify response status code successfully

2019-08-15 16:23:55 - [TEST_STEP][PASSED] - getStatusCode()).isEqualTo(200): null

2019-08-15 16:23:55 - [TEST_STEP][PASSED] - newline = System.getProperty("line.separator"): null

2019-08-15 16:23:55 - [TEST_STEP][PASSED] - M4_spin = new groovy.json.JsonSlurper(): null

2019-08-15 16:23:55 - [TEST_STEP][PASSED] - result_M4_spin = M4_spin.parseText(response.getResponseBodyContent()): null

2019-08-15 16:23:55 - [TEST_STEP][PASSED] - M4_spin_current_balance = current_balance: null

2019-08-15 16:23:55 - [TEST_STEP][PASSED] - M4_spin_current_balance = M4_spin_current_balance: null

2019-08-15 16:23:55 - [TEST_STEP][PASSED] - M4_spin_transaction_id = causality: null

2019-08-15 16:23:55 - [TEST_STEP][PASSED] - M4_spin_transaction_id = M4_spin_transaction_id: null

2019-08-15 16:23:55 - [TEST_STEP][PASSED] - M4_spin_round_id = round_id: null

2019-08-15 16:23:55 - [TEST_STEP][PASSED] - M4_spin_round_id = M4_spin_round_id: null

2019-08-15 16:23:55 - [TEST_STEP][PASSED] - M4_spin_line_wins = line_wins: null

2019-08-15 16:23:55 - [TEST_STEP][PASSED] - M4_spin_line_wins = M4_spin_line_wins: null

2019-08-15 16:23:55 - [TEST_STEP][PASSED] - M4_total_bonus_spins_int = total_bonus_spins: null

2019-08-15 16:23:55 - [TEST_STEP][PASSED] - println("******M4_total_bonus_spins type is:*******" + newline + getClass().getName()): null

2019-08-15 16:23:55 - [TEST_STEP][PASSED] - M4_total_bonus_spins_int = M4_total_bonus_spins_int: null

2019-08-15 16:23:55 - [TEST_STEP][PASSED] - M4_total_bonus_spins = Integer.toString(M4_total_bonus_spins_int): null

2019-08-15 16:23:55 - [TEST_STEP][PASSED] - M4_total_bonus_spins = M4_total_bonus_spins: null

2019-08-15 16:23:55 - [TEST_STEP][PASSED] - println("M4_total_bonus_spins is:" + M4_total_bonus_spins): null

2019-08-15 16:23:55 - [TEST_STEP][PASSED] - M4_spin_bonus_data = bonus_data: null

2019-08-15 16:23:55 - [TEST_STEP][PASSED] - M4_spin_features_triggered = result_M4_spin: null

2019-08-15 16:23:55 - [TEST_STEP][PASSED] - wild = []: null

2019-08-15 16:23:55 - [TEST_STEP][PASSED] - wild[0] = "WILD_Expanding": null

2019-08-15 16:23:55 - [TEST_STEP][PASSED] - wild[1] = "WILD_Normal": null

2019-08-15 16:23:55 - [TEST_STEP][PASSED] - wild[2] = "WILD_Double": null

2019-08-15 16:23:55 - [TEST_STEP][PASSED] - wild[3] = "WILD_ExtraFG": null

2019-08-15 16:23:55 - [TEST_STEP][PASSED] - wild[4] = "WILD_Triple": null

2019-08-15 16:23:55 - [TEST_STEP][PASSED] - wildList = Arrays.asList(wild): null

2019-08-15 16:23:55 - [TEST_STEP][PASSED] - wildList = wildList: null

2019-08-15 16:23:55 - [TEST_STEP][PASSED] - free_spin_reel_counter = []: null

2019-08-15 16:23:55 - [TEST_STEP][PASSED] - free_spin_reel_counter[0] = 0: null

2019-08-15 16:23:55 - [TEST_STEP][PASSED] - free_spin_reel_counter[1] = 0: null

2019-08-15 16:23:55 - [TEST_STEP][PASSED] - free_spin_reel_counter[2] = 0: null

2019-08-15 16:23:55 - [TEST_STEP][PASSED] - M4_spin_reels = reels: null

2019-08-15 16:23:55 - [TEST_STEP][PASSED] - for ([i = 0, i &lt; M4_spin_reels.size(), (i++)]): null

2019-08-15 16:23:55 - [TEST_STEP][PASSED] - symbols = symbols: null

2019-08-15 16:23:55 - [TEST_STEP][PASSED] - for ([j = 0, j &lt; symbols.size(), (j++)]): null

2019-08-15 16:23:55 - [TEST_STEP][PASSED] - symbol = symbol: null

2019-08-15 16:23:55 - [TEST_STEP][PASSED] - println(symbol): null

2019-08-15 16:23:55 - [TEST_STEP][PASSED] - if (i == 2 &amp;&amp; wildList.indexOf(symbol) != -1): null

2019-08-15 16:23:55 - [TEST_STEP][PASSED] - if (i == 3 &amp;&amp; wildList.indexOf(symbol) != -1): null

2019-08-15 16:23:55 - [TEST_STEP][PASSED] - if (i == 4 &amp;&amp; wildList.indexOf(symbol) != -1): null

2019-08-15 16:23:55 - [TEST_STEP][PASSED] - symbol = symbol: null

2019-08-15 16:23:55 - [TEST_STEP][PASSED] - println(symbol): null

2019-08-15 16:23:55 - [TEST_STEP][PASSED] - if (i == 2 &amp;&amp; wildList.indexOf(symbol) != -1): null

2019-08-15 16:23:55 - [TEST_STEP][PASSED] - if (i == 3 &amp;&amp; wildList.indexOf(symbol) != -1): null

2019-08-15 16:23:55 - [TEST_STEP][PASSED] - if (i == 4 &amp;&amp; wildList.indexOf(symbol) != -1): null

2019-08-15 16:23:55 - [TEST_STEP][PASSED] - symbol = symbol: null

2019-08-15 16:23:55 - [TEST_STEP][PASSED] - println(symbol): null

2019-08-15 16:23:55 - [TEST_STEP][PASSED] - if (i == 2 &amp;&amp; wildList.indexOf(symbol) != -1): null

2019-08-15 16:23:55 - [TEST_STEP][PASSED] - if (i == 3 &amp;&amp; wildList.indexOf(symbol) != -1): null

2019-08-15 16:23:55 - [TEST_STEP][PASSED] - if (i == 4 &amp;&amp; wildList.indexOf(symbol) != -1): null

2019-08-15 16:23:55 - [TEST_STEP][PASSED] - symbols = symbols: null

2019-08-15 16:23:55 - [TEST_STEP][PASSED] - for ([j = 0, j &lt; symbols.size(), (j++)]): null

2019-08-15 16:23:55 - [TEST_STEP][PASSED] - symbol = symbol: null

2019-08-15 16:23:55 - [TEST_STEP][PASSED] - println(symbol): null

2019-08-15 16:23:55 - [TEST_STEP][PASSED] - if (i == 2 &amp;&amp; wildList.indexOf(symbol) != -1): null

2019-08-15 16:23:55 - [TEST_STEP][PASSED] - if (i == 3 &amp;&amp; wildList.indexOf(symbol) != -1): null

2019-08-15 16:23:55 - [TEST_STEP][PASSED] - if (i == 4 &amp;&amp; wildList.indexOf(symbol) != -1): null

2019-08-15 16:23:55 - [TEST_STEP][PASSED] - symbol = symbol: null

2019-08-15 16:23:55 - [TEST_STEP][PASSED] - println(symbol): null

2019-08-15 16:23:55 - [TEST_STEP][PASSED] - if (i == 2 &amp;&amp; wildList.indexOf(symbol) != -1): null

2019-08-15 16:23:55 - [TEST_STEP][PASSED] - if (i == 3 &amp;&amp; wildList.indexOf(symbol) != -1): null

2019-08-15 16:23:55 - [TEST_STEP][PASSED] - if (i == 4 &amp;&amp; wildList.indexOf(symbol) != -1): null

2019-08-15 16:23:55 - [TEST_STEP][PASSED] - symbol = symbol: null

2019-08-15 16:23:55 - [TEST_STEP][PASSED] - println(symbol): null

2019-08-15 16:23:55 - [TEST_STEP][PASSED] - if (i == 2 &amp;&amp; wildList.indexOf(symbol) != -1): null

2019-08-15 16:23:55 - [TEST_STEP][PASSED] - if (i == 3 &amp;&amp; wildList.indexOf(symbol) != -1): null

2019-08-15 16:23:55 - [TEST_STEP][PASSED] - if (i == 4 &amp;&amp; wildList.indexOf(symbol) != -1): null

2019-08-15 16:23:55 - [TEST_STEP][PASSED] - symbols = symbols: null

2019-08-15 16:23:55 - [TEST_STEP][PASSED] - for ([j = 0, j &lt; symbols.size(), (j++)]): null

2019-08-15 16:23:55 - [TEST_STEP][PASSED] - symbol = symbol: null

2019-08-15 16:23:55 - [TEST_STEP][PASSED] - println(symbol): null

2019-08-15 16:23:55 - [TEST_STEP][PASSED] - if (i == 2 &amp;&amp; wildList.indexOf(symbol) != -1): null

2019-08-15 16:23:58 - [TEST_STEP][PASSED] - if (i == 3 &amp;&amp; wildList.indexOf(symbol) != -1): null

2019-08-15 16:23:58 - [TEST_STEP][PASSED] - if (i == 4 &amp;&amp; wildList.indexOf(symbol) != -1): null

2019-08-15 16:23:58 - [TEST_STEP][PASSED] - symbol = symbol: null

2019-08-15 16:23:58 - [TEST_STEP][PASSED] - println(symbol): null

2019-08-15 16:23:58 - [TEST_STEP][PASSED] - if (i == 2 &amp;&amp; wildList.indexOf(symbol) != -1): null

2019-08-15 16:23:58 - [TEST_STEP][PASSED] - if (i == 3 &amp;&amp; wildList.indexOf(symbol) != -1): null

2019-08-15 16:23:58 - [TEST_STEP][PASSED] - if (i == 4 &amp;&amp; wildList.indexOf(symbol) != -1): null

2019-08-15 16:23:58 - [TEST_STEP][PASSED] - symbol = symbol: null

2019-08-15 16:23:58 - [TEST_STEP][PASSED] - println(symbol): null

2019-08-15 16:23:58 - [TEST_STEP][PASSED] - if (i == 2 &amp;&amp; wildList.indexOf(symbol) != -1): null

2019-08-15 16:23:58 - [TEST_STEP][PASSED] - println("wild found on reel 3, adding counter by 1"): null

2019-08-15 16:23:58 - [TEST_STEP][PASSED] - free_spin_reel_counter[0] = free_spin_reel_counter[0] + 1: null

2019-08-15 16:23:58 - [TEST_STEP][PASSED] - if (i == 3 &amp;&amp; wildList.indexOf(symbol) != -1): null

2019-08-15 16:23:58 - [TEST_STEP][PASSED] - if (i == 4 &amp;&amp; wildList.indexOf(symbol) != -1): null

2019-08-15 16:23:58 - [TEST_STEP][PASSED] - symbols = symbols: null

2019-08-15 16:23:58 - [TEST_STEP][PASSED] - for ([j = 0, j &lt; symbols.size(), (j++)]): null

2019-08-15 16:23:58 - [TEST_STEP][PASSED] - symbol = symbol: null

2019-08-15 16:23:58 - [TEST_STEP][PASSED] - println(symbol): null

2019-08-15 16:23:58 - [TEST_STEP][PASSED] - if (i == 2 &amp;&amp; wildList.indexOf(symbol) != -1): null

2019-08-15 16:23:58 - [TEST_STEP][PASSED] - if (i == 3 &amp;&amp; wildList.indexOf(symbol) != -1): null

2019-08-15 16:23:58 - [TEST_STEP][PASSED] - if (i == 4 &amp;&amp; wildList.indexOf(symbol) != -1): null

2019-08-15 16:23:58 - [TEST_STEP][PASSED] - symbol = symbol: null

2019-08-15 16:23:58 - [TEST_STEP][PASSED] - println(symbol): null

2019-08-15 16:23:58 - [TEST_STEP][PASSED] - if (i == 2 &amp;&amp; wildList.indexOf(symbol) != -1): null

2019-08-15 16:23:58 - [TEST_STEP][PASSED] - if (i == 3 &amp;&amp; wildList.indexOf(symbol) != -1): null

2019-08-15 16:23:58 - [TEST_STEP][PASSED] - if (i == 4 &amp;&amp; wildList.indexOf(symbol) != -1): null

2019-08-15 16:23:58 - [TEST_STEP][PASSED] - symbol = symbol: null

2019-08-15 16:23:58 - [TEST_STEP][PASSED] - println(symbol): null

2019-08-15 16:23:58 - [TEST_STEP][PASSED] - if (i == 2 &amp;&amp; wildList.indexOf(symbol) != -1): null

2019-08-15 16:23:58 - [TEST_STEP][PASSED] - if (i == 3 &amp;&amp; wildList.indexOf(symbol) != -1): null

2019-08-15 16:23:58 - [TEST_STEP][PASSED] - if (i == 4 &amp;&amp; wildList.indexOf(symbol) != -1): null

2019-08-15 16:23:58 - [TEST_STEP][PASSED] - symbols = symbols: null

2019-08-15 16:23:58 - [TEST_STEP][PASSED] - for ([j = 0, j &lt; symbols.size(), (j++)]): null

2019-08-15 16:23:58 - [TEST_STEP][PASSED] - symbol = symbol: null

2019-08-15 16:23:58 - [TEST_STEP][PASSED] - println(symbol): null

2019-08-15 16:23:58 - [TEST_STEP][PASSED] - if (i == 2 &amp;&amp; wildList.indexOf(symbol) != -1): null

2019-08-15 16:23:58 - [TEST_STEP][PASSED] - if (i == 3 &amp;&amp; wildList.indexOf(symbol) != -1): null

2019-08-15 16:23:58 - [TEST_STEP][PASSED] - if (i == 4 &amp;&amp; wildList.indexOf(symbol) != -1): null

2019-08-15 16:23:58 - [TEST_STEP][PASSED] - symbol = symbol: null

2019-08-15 16:23:58 - [TEST_STEP][PASSED] - println(symbol): null

2019-08-15 16:23:58 - [TEST_STEP][PASSED] - if (i == 2 &amp;&amp; wildList.indexOf(symbol) != -1): null

2019-08-15 16:23:58 - [TEST_STEP][PASSED] - if (i == 3 &amp;&amp; wildList.indexOf(symbol) != -1): null

2019-08-15 16:23:58 - [TEST_STEP][PASSED] - if (i == 4 &amp;&amp; wildList.indexOf(symbol) != -1): null

2019-08-15 16:23:58 - [TEST_STEP][PASSED] - println("wild found on reel 5, adding counter by 1"): null

2019-08-15 16:23:58 - [TEST_STEP][PASSED] - free_spin_reel_counter[2] = free_spin_reel_counter[2] + 1: null

2019-08-15 16:23:58 - [TEST_STEP][PASSED] - symbol = symbol: null

2019-08-15 16:23:58 - [TEST_STEP][PASSED] - println(symbol): null

2019-08-15 16:23:58 - [TEST_STEP][PASSED] - if (i == 2 &amp;&amp; wildList.indexOf(symbol) != -1): null

2019-08-15 16:23:58 - [TEST_STEP][PASSED] - if (i == 3 &amp;&amp; wildList.indexOf(symbol) != -1): null

2019-08-15 16:23:58 - [TEST_STEP][PASSED] - if (i == 4 &amp;&amp; wildList.indexOf(symbol) != -1): null

2019-08-15 16:23:58 - [TEST_STEP][PASSED] - free_spin_reel_counter = free_spin_reel_counter: null

2019-08-15 16:23:58 - [TEST_STEP][PASSED] - println("reel 3 wild found: " + free_spin_reel_counter[0]): null

2019-08-15 16:23:58 - [TEST_STEP][PASSED] - println("reel 4 wild found: " + free_spin_reel_counter[1]): null

2019-08-15 16:23:58 - [TEST_STEP][PASSED] - println("reel 5 wild found: " + free_spin_reel_counter[2]): null

2019-08-15 16:23:58 - [TEST_STEP][PASSED] - M4_spin_reels = M4_spin_reels: null

2019-08-15 16:23:58 - [TEST_STEP][PASSED] - M4_spin_reels_symbols = symbol: null

2019-08-15 16:23:58 - [TEST_STEP][PASSED] - M4_spin_reels_symbols = M4_spin_reels_symbols: null

2019-08-15 16:23:58 - [TEST_STEP][PASSED] - M4_spin_reel_wins = reel_wins: null

2019-08-15 16:23:58 - [TEST_STEP][PASSED] - M4_spin_reel_wins = M4_spin_reel_wins: null

2019-08-15 16:23:58 - [TEST_STEP][PASSED] - println("GlobalVariable.M4_spin_reel_wins is: " + M4_spin_reel_wins): null

2019-08-15 16:23:58 - [TEST_STEP][PASSED] - M4_spin_total_bonus_win_this_round = total_bonus_win_this_round: null

2019-08-15 16:23:58 - [TEST_STEP][PASSED] - M4_spin_total_bonus_win_this_round = M4_spin_total_bonus_win_this_round: null

2019-08-15 16:23:58 - [TEST_STEP][PASSED] - println("GlobalVariable.M4_spin_total_bonus_win_this_round is: " + M4_spin_total_bonus_win_this_round): null

2019-08-15 16:23:58 - [MESSAGE][PASSED] - Verify response successfully

2019-08-15 16:23:58 - [MESSAGE][PASSED] - Send request and verify the response successfully

2019-08-15 16:23:58 - [TEST_STEP][PASSED] - if (M4_total_bonus_spins_int != 0 &amp;&amp; M4_spin_reels_symbols[2].contains("WILD_Normal") || M4_spin_reels_symbols[3].contains("WILD_Normal") || M4_spin_reels_symbols[4].contains("WILD_Normal")): null

2019-08-15 16:23:58 - [TEST_STEP][PASSED] - free_spin_reel_counter = free_spin_reel_counter: null

2019-08-15 16:23:58 - [TEST_STEP][PASSED] - M4_spin_reels_symbols = M4_spin_reels_symbols: null

2019-08-15 16:23:58 - [TEST_STEP][PASSED] - M4_total_bonus_spins = M4_total_bonus_spins: null

2019-08-15 16:23:58 - [TEST_STEP][PASSED] - spin_result = sendRequestAndVerify(findTestObject("STG/RGS(M4)/1_M4_spin", ["M4_login_user_id":M4_login_user_id, "rgs_session_token":rgs_session_token, "partner":Partner])): Send request and verify the response successfully

2019-08-15 16:23:58 - [TEST_CASE][PASSED] - Start Test Case : Verification: Verification accomplished successfully

2019-08-15 16:23:59 - [TEST_STEP][PASSED] - request = getInstance().getCurrentRequest(): null

2019-08-15 16:23:59 - [TEST_STEP][PASSED] - response = getInstance().getCurrentResponse(): null

2019-08-15 16:23:59 - [TEST_STEP][PASSED] - verifyResponseStatusCode(response, 200): Verify response status code successfully

2019-08-15 16:23:59 - [MESSAGE][PASSED] - Verify response status code successfully

2019-08-15 16:23:59 - [TEST_STEP][PASSED] - getStatusCode()).isEqualTo(200): null

2019-08-15 16:23:59 - [TEST_STEP][PASSED] - newline = System.getProperty("line.separator"): null

2019-08-15 16:23:59 - [TEST_STEP][PASSED] - M4_spin = new groovy.json.JsonSlurper(): null

2019-08-15 16:23:59 - [TEST_STEP][PASSED] - result_M4_spin = M4_spin.parseText(response.getResponseBodyContent()): null

2019-08-15 16:23:59 - [TEST_STEP][PASSED] - M4_spin_current_balance = current_balance: null

2019-08-15 16:23:59 - [TEST_STEP][PASSED] - M4_spin_current_balance = M4_spin_current_balance: null

2019-08-15 16:23:59 - [TEST_STEP][PASSED] - M4_spin_transaction_id = causality: null

2019-08-15 16:23:59 - [TEST_STEP][PASSED] - M4_spin_transaction_id = M4_spin_transaction_id: null

2019-08-15 16:23:59 - [TEST_STEP][PASSED] - M4_spin_round_id = round_id: null

2019-08-15 16:23:59 - [TEST_STEP][PASSED] - M4_spin_round_id = M4_spin_round_id: null

2019-08-15 16:23:59 - [TEST_STEP][PASSED] - M4_spin_line_wins = line_wins: null

2019-08-15 16:23:59 - [TEST_STEP][PASSED] - M4_spin_line_wins = M4_spin_line_wins: null

2019-08-15 16:23:59 - [TEST_STEP][PASSED] - M4_total_bonus_spins_int = total_bonus_spins: null

2019-08-15 16:23:59 - [TEST_STEP][PASSED] - println("******M4_total_bonus_spins type is:*******" + newline + getClass().getName()): null

2019-08-15 16:23:59 - [TEST_STEP][PASSED] - M4_total_bonus_spins_int = M4_total_bonus_spins_int: null

2019-08-15 16:23:59 - [TEST_STEP][PASSED] - M4_total_bonus_spins = Integer.toString(M4_total_bonus_spins_int): null

2019-08-15 16:23:59 - [TEST_STEP][PASSED] - M4_total_bonus_spins = M4_total_bonus_spins: null

2019-08-15 16:23:59 - [TEST_STEP][PASSED] - println("M4_total_bonus_spins is:" + M4_total_bonus_spins): null

2019-08-15 16:23:59 - [TEST_STEP][PASSED] - M4_spin_bonus_data = bonus_data: null

2019-08-15 16:23:59 - [TEST_STEP][PASSED] - M4_spin_features_triggered = result_M4_spin: null

2019-08-15 16:23:59 - [TEST_STEP][PASSED] - wild = []: null

2019-08-15 16:23:59 - [TEST_STEP][PASSED] - wild[0] = "WILD_Expanding": null

2019-08-15 16:23:59 - [TEST_STEP][PASSED] - wild[1] = "WILD_Normal": null

2019-08-15 16:23:59 - [TEST_STEP][PASSED] - wild[2] = "WILD_Double": null

2019-08-15 16:23:59 - [TEST_STEP][PASSED] - wild[3] = "WILD_ExtraFG": null

2019-08-15 16:23:59 - [TEST_STEP][PASSED] - wild[4] = "WILD_Triple": null

2019-08-15 16:23:59 - [TEST_STEP][PASSED] - wildList = Arrays.asList(wild): null

2019-08-15 16:23:59 - [TEST_STEP][PASSED] - wildList = wildList: null

2019-08-15 16:23:59 - [TEST_STEP][PASSED] - free_spin_reel_counter = []: null

2019-08-15 16:23:59 - [TEST_STEP][PASSED] - free_spin_reel_counter[0] = 0: null

2019-08-15 16:23:59 - [TEST_STEP][PASSED] - free_spin_reel_counter[1] = 0: null

2019-08-15 16:23:59 - [TEST_STEP][PASSED] - free_spin_reel_counter[2] = 0: null

2019-08-15 16:23:59 - [TEST_STEP][PASSED] - M4_spin_reels = reels: null

2019-08-15 16:23:59 - [TEST_STEP][PASSED] - for ([i = 0, i &lt; M4_spin_reels.size(), (i++)]): null

2019-08-15 16:23:59 - [TEST_STEP][PASSED] - symbols = symbols: null

2019-08-15 16:23:59 - [TEST_STEP][PASSED] - for ([j = 0, j &lt; symbols.size(), (j++)]): null

2019-08-15 16:23:59 - [TEST_STEP][PASSED] - symbol = symbol: null

2019-08-15 16:23:59 - [TEST_STEP][PASSED] - println(symbol): null

2019-08-15 16:23:59 - [TEST_STEP][PASSED] - if (i == 2 &amp;&amp; wildList.indexOf(symbol) != -1): null

2019-08-15 16:23:59 - [TEST_STEP][PASSED] - if (i == 3 &amp;&amp; wildList.indexOf(symbol) != -1): null

2019-08-15 16:23:59 - [TEST_STEP][PASSED] - if (i == 4 &amp;&amp; wildList.indexOf(symbol) != -1): null

2019-08-15 16:23:59 - [TEST_STEP][PASSED] - symbol = symbol: null

2019-08-15 16:23:59 - [TEST_STEP][PASSED] - println(symbol): null

2019-08-15 16:23:59 - [TEST_STEP][PASSED] - if (i == 2 &amp;&amp; wildList.indexOf(symbol) != -1): null

2019-08-15 16:23:59 - [TEST_STEP][PASSED] - if (i == 3 &amp;&amp; wildList.indexOf(symbol) != -1): null

2019-08-15 16:23:59 - [TEST_STEP][PASSED] - if (i == 4 &amp;&amp; wildList.indexOf(symbol) != -1): null

2019-08-15 16:23:59 - [TEST_STEP][PASSED] - symbol = symbol: null

2019-08-15 16:23:59 - [TEST_STEP][PASSED] - println(symbol): null

2019-08-15 16:23:59 - [TEST_STEP][PASSED] - if (i == 2 &amp;&amp; wildList.indexOf(symbol) != -1): null

2019-08-15 16:23:59 - [TEST_STEP][PASSED] - if (i == 3 &amp;&amp; wildList.indexOf(symbol) != -1): null

2019-08-15 16:23:59 - [TEST_STEP][PASSED] - if (i == 4 &amp;&amp; wildList.indexOf(symbol) != -1): null

2019-08-15 16:23:59 - [TEST_STEP][PASSED] - symbols = symbols: null

2019-08-15 16:23:59 - [TEST_STEP][PASSED] - for ([j = 0, j &lt; symbols.size(), (j++)]): null

2019-08-15 16:23:59 - [TEST_STEP][PASSED] - symbol = symbol: null

2019-08-15 16:23:59 - [TEST_STEP][PASSED] - println(symbol): null

2019-08-15 16:23:59 - [TEST_STEP][PASSED] - if (i == 2 &amp;&amp; wildList.indexOf(symbol) != -1): null

2019-08-15 16:23:59 - [TEST_STEP][PASSED] - if (i == 3 &amp;&amp; wildList.indexOf(symbol) != -1): null

2019-08-15 16:23:59 - [TEST_STEP][PASSED] - if (i == 4 &amp;&amp; wildList.indexOf(symbol) != -1): null

2019-08-15 16:23:59 - [TEST_STEP][PASSED] - symbol = symbol: null

2019-08-15 16:23:59 - [TEST_STEP][PASSED] - println(symbol): null

2019-08-15 16:23:59 - [TEST_STEP][PASSED] - if (i == 2 &amp;&amp; wildList.indexOf(symbol) != -1): null

2019-08-15 16:23:59 - [TEST_STEP][PASSED] - if (i == 3 &amp;&amp; wildList.indexOf(symbol) != -1): null

2019-08-15 16:23:59 - [TEST_STEP][PASSED] - if (i == 4 &amp;&amp; wildList.indexOf(symbol) != -1): null

2019-08-15 16:23:59 - [TEST_STEP][PASSED] - symbol = symbol: null

2019-08-15 16:23:59 - [TEST_STEP][PASSED] - println(symbol): null

2019-08-15 16:23:59 - [TEST_STEP][PASSED] - if (i == 2 &amp;&amp; wildList.indexOf(symbol) != -1): null

2019-08-15 16:23:59 - [TEST_STEP][PASSED] - if (i == 3 &amp;&amp; wildList.indexOf(symbol) != -1): null

2019-08-15 16:23:59 - [TEST_STEP][PASSED] - if (i == 4 &amp;&amp; wildList.indexOf(symbol) != -1): null

2019-08-15 16:23:59 - [TEST_STEP][PASSED] - symbols = symbols: null

2019-08-15 16:23:59 - [TEST_STEP][PASSED] - for ([j = 0, j &lt; symbols.size(), (j++)]): null

2019-08-15 16:23:59 - [TEST_STEP][PASSED] - symbol = symbol: null

2019-08-15 16:23:59 - [TEST_STEP][PASSED] - println(symbol): null

2019-08-15 16:23:59 - [TEST_STEP][PASSED] - if (i == 2 &amp;&amp; wildList.indexOf(symbol) != -1): null

2019-08-15 16:23:59 - [TEST_STEP][PASSED] - if (i == 3 &amp;&amp; wildList.indexOf(symbol) != -1): null

2019-08-15 16:23:59 - [TEST_STEP][PASSED] - if (i == 4 &amp;&amp; wildList.indexOf(symbol) != -1): null

2019-08-15 16:23:59 - [TEST_STEP][PASSED] - symbol = symbol: null

2019-08-15 16:23:59 - [TEST_STEP][PASSED] - println(symbol): null

2019-08-15 16:23:59 - [TEST_STEP][PASSED] - if (i == 2 &amp;&amp; wildList.indexOf(symbol) != -1): null

2019-08-15 16:23:59 - [TEST_STEP][PASSED] - if (i == 3 &amp;&amp; wildList.indexOf(symbol) != -1): null

2019-08-15 16:23:59 - [TEST_STEP][PASSED] - if (i == 4 &amp;&amp; wildList.indexOf(symbol) != -1): null

2019-08-15 16:23:59 - [TEST_STEP][PASSED] - symbol = symbol: null

2019-08-15 16:23:59 - [TEST_STEP][PASSED] - println(symbol): null

2019-08-15 16:23:59 - [TEST_STEP][PASSED] - if (i == 2 &amp;&amp; wildList.indexOf(symbol) != -1): null

2019-08-15 16:23:59 - [TEST_STEP][PASSED] - if (i == 3 &amp;&amp; wildList.indexOf(symbol) != -1): null

2019-08-15 16:23:59 - [TEST_STEP][PASSED] - if (i == 4 &amp;&amp; wildList.indexOf(symbol) != -1): null

2019-08-15 16:23:59 - [TEST_STEP][PASSED] - symbols = symbols: null

2019-08-15 16:23:59 - [TEST_STEP][PASSED] - for ([j = 0, j &lt; symbols.size(), (j++)]): null

2019-08-15 16:23:59 - [TEST_STEP][PASSED] - symbol = symbol: null

2019-08-15 16:23:59 - [TEST_STEP][PASSED] - println(symbol): null

2019-08-15 16:23:59 - [TEST_STEP][PASSED] - if (i == 2 &amp;&amp; wildList.indexOf(symbol) != -1): null

2019-08-15 16:23:59 - [TEST_STEP][PASSED] - if (i == 3 &amp;&amp; wildList.indexOf(symbol) != -1): null

2019-08-15 16:23:59 - [TEST_STEP][PASSED] - if (i == 4 &amp;&amp; wildList.indexOf(symbol) != -1): null

2019-08-15 16:23:59 - [TEST_STEP][PASSED] - symbol = symbol: null

2019-08-15 16:23:59 - [TEST_STEP][PASSED] - println(symbol): null

2019-08-15 16:23:59 - [TEST_STEP][PASSED] - if (i == 2 &amp;&amp; wildList.indexOf(symbol) != -1): null

2019-08-15 16:23:59 - [TEST_STEP][PASSED] - if (i == 3 &amp;&amp; wildList.indexOf(symbol) != -1): null

2019-08-15 16:23:59 - [TEST_STEP][PASSED] - if (i == 4 &amp;&amp; wildList.indexOf(symbol) != -1): null

2019-08-15 16:23:59 - [TEST_STEP][PASSED] - symbol = symbol: null

2019-08-15 16:23:59 - [TEST_STEP][PASSED] - println(symbol): null

2019-08-15 16:23:59 - [TEST_STEP][PASSED] - if (i == 2 &amp;&amp; wildList.indexOf(symbol) != -1): null

2019-08-15 16:23:59 - [TEST_STEP][PASSED] - if (i == 3 &amp;&amp; wildList.indexOf(symbol) != -1): null

2019-08-15 16:23:59 - [TEST_STEP][PASSED] - if (i == 4 &amp;&amp; wildList.indexOf(symbol) != -1): null

2019-08-15 16:23:59 - [TEST_STEP][PASSED] - symbols = symbols: null

2019-08-15 16:23:59 - [TEST_STEP][PASSED] - for ([j = 0, j &lt; symbols.size(), (j++)]): null

2019-08-15 16:23:59 - [TEST_STEP][PASSED] - symbol = symbol: null

2019-08-15 16:23:59 - [TEST_STEP][PASSED] - println(symbol): null

2019-08-15 16:23:59 - [TEST_STEP][PASSED] - if (i == 2 &amp;&amp; wildList.indexOf(symbol) != -1): null

2019-08-15 16:23:59 - [TEST_STEP][PASSED] - if (i == 3 &amp;&amp; wildList.indexOf(symbol) != -1): null

2019-08-15 16:23:59 - [TEST_STEP][PASSED] - if (i == 4 &amp;&amp; wildList.indexOf(symbol) != -1): null

2019-08-15 16:23:59 - [TEST_STEP][PASSED] - symbol = symbol: null

2019-08-15 16:23:59 - [TEST_STEP][PASSED] - println(symbol): null

2019-08-15 16:23:59 - [TEST_STEP][PASSED] - if (i == 2 &amp;&amp; wildList.indexOf(symbol) != -1): null

2019-08-15 16:23:59 - [TEST_STEP][PASSED] - if (i == 3 &amp;&amp; wildList.indexOf(symbol) != -1): null

2019-08-15 16:23:59 - [TEST_STEP][PASSED] - if (i == 4 &amp;&amp; wildList.indexOf(symbol) != -1): null

2019-08-15 16:23:59 - [TEST_STEP][PASSED] - symbol = symbol: null

2019-08-15 16:23:59 - [TEST_STEP][PASSED] - println(symbol): null

2019-08-15 16:23:59 - [TEST_STEP][PASSED] - if (i == 2 &amp;&amp; wildList.indexOf(symbol) != -1): null

2019-08-15 16:23:59 - [TEST_STEP][PASSED] - if (i == 3 &amp;&amp; wildList.indexOf(symbol) != -1): null

2019-08-15 16:23:59 - [TEST_STEP][PASSED] - if (i == 4 &amp;&amp; wildList.indexOf(symbol) != -1): null

2019-08-15 16:23:59 - [TEST_STEP][PASSED] - free_spin_reel_counter = free_spin_reel_counter: null

2019-08-15 16:23:59 - [TEST_STEP][PASSED] - println("reel 3 wild found: " + free_spin_reel_counter[0]): null

2019-08-15 16:23:59 - [TEST_STEP][PASSED] - println("reel 4 wild found: " + free_spin_reel_counter[1]): null

2019-08-15 16:23:59 - [TEST_STEP][PASSED] - println("reel 5 wild found: " + free_spin_reel_counter[2]): null

2019-08-15 16:23:59 - [TEST_STEP][PASSED] - M4_spin_reels = M4_spin_reels: null

2019-08-15 16:23:59 - [TEST_STEP][PASSED] - M4_spin_reels_symbols = symbol: null

2019-08-15 16:23:59 - [TEST_STEP][PASSED] - M4_spin_reels_symbols = M4_spin_reels_symbols: null

2019-08-15 16:23:59 - [TEST_STEP][PASSED] - M4_spin_reel_wins = reel_wins: null

2019-08-15 16:23:59 - [TEST_STEP][PASSED] - M4_spin_reel_wins = M4_spin_reel_wins: null

2019-08-15 16:23:59 - [TEST_STEP][PASSED] - println("GlobalVariable.M4_spin_reel_wins is: " + M4_spin_reel_wins): null

2019-08-15 16:23:59 - [TEST_STEP][PASSED] - M4_spin_total_bonus_win_this_round = total_bonus_win_this_round: null

2019-08-15 16:23:59 - [TEST_STEP][PASSED] - M4_spin_total_bonus_win_this_round = M4_spin_total_bonus_win_this_round: null

2019-08-15 16:23:59 - [TEST_STEP][PASSED] - println("GlobalVariable.M4_spin_total_bonus_win_this_round is: " + M4_spin_total_bonus_win_this_round): null

2019-08-15 16:23:59 - [MESSAGE][PASSED] - Verify response successfully

2019-08-15 16:23:59 - [MESSAGE][PASSED] - Send request and verify the response successfully

2019-08-15 16:23:59 - [TEST_STEP][PASSED] - if (M4_total_bonus_spins_int != 0 &amp;&amp; M4_spin_reels_symbols[2].contains("WILD_Normal") || M4_spin_reels_symbols[3].contains("WILD_Normal") || M4_spin_reels_symbols[4].contains("WILD_Normal")): null

2019-08-15 16:23:59 - [TEST_STEP][PASSED] - free_spin_reel_counter = free_spin_reel_counter: null

2019-08-15 16:23:59 - [TEST_STEP][PASSED] - M4_spin_reels_symbols = M4_spin_reels_symbols: null

2019-08-15 16:23:59 - [TEST_STEP][PASSED] - M4_total_bonus_spins = M4_total_bonus_spins: null

2019-08-15 16:23:59 - [TEST_STEP][PASSED] - spin_result = sendRequestAndVerify(findTestObject("STG/RGS(M4)/1_M4_spin", ["M4_login_user_id":M4_login_user_id, "rgs_session_token":rgs_session_token, "partner":Partner])): Send request and verify the response successfully

2019-08-15 16:23:59 - [TEST_CASE][PASSED] - Start Test Case : Verification: Verification accomplished successfully

2019-08-15 16:23:59 - [TEST_STEP][PASSED] - request = getInstance().getCurrentRequest(): null

2019-08-15 16:23:59 - [TEST_STEP][PASSED] - response = getInstance().getCurrentResponse(): null

2019-08-15 16:23:59 - [TEST_STEP][PASSED] - verifyResponseStatusCode(response, 200): Verify response status code successfully

2019-08-15 16:23:59 - [MESSAGE][PASSED] - Verify response status code successfully

2019-08-15 16:23:59 - [TEST_STEP][PASSED] - getStatusCode()).isEqualTo(200): null

2019-08-15 16:23:59 - [TEST_STEP][PASSED] - newline = System.getProperty("line.separator"): null

2019-08-15 16:23:59 - [TEST_STEP][PASSED] - M4_spin = new groovy.json.JsonSlurper(): null

2019-08-15 16:23:59 - [TEST_STEP][PASSED] - result_M4_spin = M4_spin.parseText(response.getResponseBodyContent()): null

2019-08-15 16:23:59 - [TEST_STEP][PASSED] - M4_spin_current_balance = current_balance: null

2019-08-15 16:23:59 - [TEST_STEP][PASSED] - M4_spin_current_balance = M4_spin_current_balance: null

2019-08-15 16:23:59 - [TEST_STEP][PASSED] - M4_spin_transaction_id = causality: null

2019-08-15 16:23:59 - [TEST_STEP][PASSED] - M4_spin_transaction_id = M4_spin_transaction_id: null

2019-08-15 16:23:59 - [TEST_STEP][PASSED] - M4_spin_round_id = round_id: null

2019-08-15 16:23:59 - [TEST_STEP][PASSED] - M4_spin_round_id = M4_spin_round_id: null

2019-08-15 16:23:59 - [TEST_STEP][PASSED] - M4_spin_line_wins = line_wins: null

2019-08-15 16:23:59 - [TEST_STEP][PASSED] - M4_spin_line_wins = M4_spin_line_wins: null

2019-08-15 16:23:59 - [TEST_STEP][PASSED] - M4_total_bonus_spins_int = total_bonus_spins: null

2019-08-15 16:23:59 - [TEST_STEP][PASSED] - println("******M4_total_bonus_spins type is:*******" + newline + getClass().getName()): null

2019-08-15 16:23:59 - [TEST_STEP][PASSED] - M4_total_bonus_spins_int = M4_total_bonus_spins_int: null

2019-08-15 16:23:59 - [TEST_STEP][PASSED] - M4_total_bonus_spins = Integer.toString(M4_total_bonus_spins_int): null

2019-08-15 16:23:59 - [TEST_STEP][PASSED] - M4_total_bonus_spins = M4_total_bonus_spins: null

2019-08-15 16:23:59 - [TEST_STEP][PASSED] - println("M4_total_bonus_spins is:" + M4_total_bonus_spins): null

2019-08-15 16:23:59 - [TEST_STEP][PASSED] - M4_spin_bonus_data = bonus_data: null

2019-08-15 16:23:59 - [TEST_STEP][PASSED] - M4_spin_features_triggered = result_M4_spin: null

2019-08-15 16:23:59 - [TEST_STEP][PASSED] - wild = []: null

2019-08-15 16:23:59 - [TEST_STEP][PASSED] - wild[0] = "WILD_Expanding": null

2019-08-15 16:23:59 - [TEST_STEP][PASSED] - wild[1] = "WILD_Normal": null

2019-08-15 16:23:59 - [TEST_STEP][PASSED] - wild[2] = "WILD_Double": null

2019-08-15 16:23:59 - [TEST_STEP][PASSED] - wild[3] = "WILD_ExtraFG": null

2019-08-15 16:23:59 - [TEST_STEP][PASSED] - wild[4] = "WILD_Triple": null

2019-08-15 16:23:59 - [TEST_STEP][PASSED] - wildList = Arrays.asList(wild): null

2019-08-15 16:23:59 - [TEST_STEP][PASSED] - wildList = wildList: null

2019-08-15 16:23:59 - [TEST_STEP][PASSED] - free_spin_reel_counter = []: null

2019-08-15 16:23:59 - [TEST_STEP][PASSED] - free_spin_reel_counter[0] = 0: null

2019-08-15 16:23:59 - [TEST_STEP][PASSED] - free_spin_reel_counter[1] = 0: null

2019-08-15 16:23:59 - [TEST_STEP][PASSED] - free_spin_reel_counter[2] = 0: null

2019-08-15 16:23:59 - [TEST_STEP][PASSED] - M4_spin_reels = reels: null

2019-08-15 16:23:59 - [TEST_STEP][PASSED] - for ([i = 0, i &lt; M4_spin_reels.size(), (i++)]): null

2019-08-15 16:23:59 - [TEST_STEP][PASSED] - symbols = symbols: null

2019-08-15 16:23:59 - [TEST_STEP][PASSED] - for ([j = 0, j &lt; symbols.size(), (j++)]): null

2019-08-15 16:23:59 - [TEST_STEP][PASSED] - symbol = symbol: null

2019-08-15 16:23:59 - [TEST_STEP][PASSED] - println(symbol): null

2019-08-15 16:23:59 - [TEST_STEP][PASSED] - if (i == 2 &amp;&amp; wildList.indexOf(symbol) != -1): null

2019-08-15 16:23:59 - [TEST_STEP][PASSED] - if (i == 3 &amp;&amp; wildList.indexOf(symbol) != -1): null

2019-08-15 16:23:59 - [TEST_STEP][PASSED] - if (i == 4 &amp;&amp; wildList.indexOf(symbol) != -1): null

2019-08-15 16:23:59 - [TEST_STEP][PASSED] - symbol = symbol: null

2019-08-15 16:23:59 - [TEST_STEP][PASSED] - println(symbol): null

2019-08-15 16:23:59 - [TEST_STEP][PASSED] - if (i == 2 &amp;&amp; wildList.indexOf(symbol) != -1): null

2019-08-15 16:23:59 - [TEST_STEP][PASSED] - if (i == 3 &amp;&amp; wildList.indexOf(symbol) != -1): null

2019-08-15 16:23:59 - [TEST_STEP][PASSED] - if (i == 4 &amp;&amp; wildList.indexOf(symbol) != -1): null

2019-08-15 16:23:59 - [TEST_STEP][PASSED] - symbol = symbol: null

2019-08-15 16:23:59 - [TEST_STEP][PASSED] - println(symbol): null

2019-08-15 16:23:59 - [TEST_STEP][PASSED] - if (i == 2 &amp;&amp; wildList.indexOf(symbol) != -1): null

2019-08-15 16:23:59 - [TEST_STEP][PASSED] - if (i == 3 &amp;&amp; wildList.indexOf(symbol) != -1): null

2019-08-15 16:23:59 - [TEST_STEP][PASSED] - if (i == 4 &amp;&amp; wildList.indexOf(symbol) != -1): null

2019-08-15 16:23:59 - [TEST_STEP][PASSED] - symbols = symbols: null

2019-08-15 16:23:59 - [TEST_STEP][PASSED] - for ([j = 0, j &lt; symbols.size(), (j++)]): null

2019-08-15 16:23:59 - [TEST_STEP][PASSED] - symbol = symbol: null

2019-08-15 16:23:59 - [TEST_STEP][PASSED] - println(symbol): null

2019-08-15 16:23:59 - [TEST_STEP][PASSED] - if (i == 2 &amp;&amp; wildList.indexOf(symbol) != -1): null

2019-08-15 16:23:59 - [TEST_STEP][PASSED] - if (i == 3 &amp;&amp; wildList.indexOf(symbol) != -1): null

2019-08-15 16:23:59 - [TEST_STEP][PASSED] - if (i == 4 &amp;&amp; wildList.indexOf(symbol) != -1): null

2019-08-15 16:23:59 - [TEST_STEP][PASSED] - symbol = symbol: null

2019-08-15 16:23:59 - [TEST_STEP][PASSED] - println(symbol): null

2019-08-15 16:23:59 - [TEST_STEP][PASSED] - if (i == 2 &amp;&amp; wildList.indexOf(symbol) != -1): null

2019-08-15 16:23:59 - [TEST_STEP][PASSED] - if (i == 3 &amp;&amp; wildList.indexOf(symbol) != -1): null

2019-08-15 16:23:59 - [TEST_STEP][PASSED] - if (i == 4 &amp;&amp; wildList.indexOf(symbol) != -1): null

2019-08-15 16:23:59 - [TEST_STEP][PASSED] - symbol = symbol: null

2019-08-15 16:23:59 - [TEST_STEP][PASSED] - println(symbol): null

2019-08-15 16:23:59 - [TEST_STEP][PASSED] - if (i == 2 &amp;&amp; wildList.indexOf(symbol) != -1): null

2019-08-15 16:23:59 - [TEST_STEP][PASSED] - if (i == 3 &amp;&amp; wildList.indexOf(symbol) != -1): null

2019-08-15 16:23:59 - [TEST_STEP][PASSED] - if (i == 4 &amp;&amp; wildList.indexOf(symbol) != -1): null

2019-08-15 16:23:59 - [TEST_STEP][PASSED] - symbols = symbols: null

2019-08-15 16:23:59 - [TEST_STEP][PASSED] - for ([j = 0, j &lt; symbols.size(), (j++)]): null

2019-08-15 16:23:59 - [TEST_STEP][PASSED] - symbol = symbol: null

2019-08-15 16:23:59 - [TEST_STEP][PASSED] - println(symbol): null

2019-08-15 16:23:59 - [TEST_STEP][PASSED] - if (i == 2 &amp;&amp; wildList.indexOf(symbol) != -1): null

2019-08-15 16:23:59 - [TEST_STEP][PASSED] - if (i == 3 &amp;&amp; wildList.indexOf(symbol) != -1): null

2019-08-15 16:23:59 - [TEST_STEP][PASSED] - if (i == 4 &amp;&amp; wildList.indexOf(symbol) != -1): null

2019-08-15 16:23:59 - [TEST_STEP][PASSED] - symbol = symbol: null

2019-08-15 16:23:59 - [TEST_STEP][PASSED] - println(symbol): null

2019-08-15 16:23:59 - [TEST_STEP][PASSED] - if (i == 2 &amp;&amp; wildList.indexOf(symbol) != -1): null

2019-08-15 16:23:59 - [TEST_STEP][PASSED] - if (i == 3 &amp;&amp; wildList.indexOf(symbol) != -1): null

2019-08-15 16:23:59 - [TEST_STEP][PASSED] - if (i == 4 &amp;&amp; wildList.indexOf(symbol) != -1): null

2019-08-15 16:23:59 - [TEST_STEP][PASSED] - symbol = symbol: null

2019-08-15 16:23:59 - [TEST_STEP][PASSED] - println(symbol): null

2019-08-15 16:23:59 - [TEST_STEP][PASSED] - if (i == 2 &amp;&amp; wildList.indexOf(symbol) != -1): null

2019-08-15 16:23:59 - [TEST_STEP][PASSED] - if (i == 3 &amp;&amp; wildList.indexOf(symbol) != -1): null

2019-08-15 16:23:59 - [TEST_STEP][PASSED] - if (i == 4 &amp;&amp; wildList.indexOf(symbol) != -1): null

2019-08-15 16:23:59 - [TEST_STEP][PASSED] - symbols = symbols: null

2019-08-15 16:23:59 - [TEST_STEP][PASSED] - for ([j = 0, j &lt; symbols.size(), (j++)]): null

2019-08-15 16:23:59 - [TEST_STEP][PASSED] - symbol = symbol: null

2019-08-15 16:23:59 - [TEST_STEP][PASSED] - println(symbol): null

2019-08-15 16:23:59 - [TEST_STEP][PASSED] - if (i == 2 &amp;&amp; wildList.indexOf(symbol) != -1): null

2019-08-15 16:23:59 - [TEST_STEP][PASSED] - if (i == 3 &amp;&amp; wildList.indexOf(symbol) != -1): null

2019-08-15 16:23:59 - [TEST_STEP][PASSED] - if (i == 4 &amp;&amp; wildList.indexOf(symbol) != -1): null

2019-08-15 16:23:59 - [TEST_STEP][PASSED] - symbol = symbol: null

2019-08-15 16:23:59 - [TEST_STEP][PASSED] - println(symbol): null

2019-08-15 16:23:59 - [TEST_STEP][PASSED] - if (i == 2 &amp;&amp; wildList.indexOf(symbol) != -1): null

2019-08-15 16:23:59 - [TEST_STEP][PASSED] - if (i == 3 &amp;&amp; wildList.indexOf(symbol) != -1): null

2019-08-15 16:23:59 - [TEST_STEP][PASSED] - if (i == 4 &amp;&amp; wildList.indexOf(symbol) != -1): null

2019-08-15 16:23:59 - [TEST_STEP][PASSED] - symbol = symbol: null

2019-08-15 16:23:59 - [TEST_STEP][PASSED] - println(symbol): null

2019-08-15 16:23:59 - [TEST_STEP][PASSED] - if (i == 2 &amp;&amp; wildList.indexOf(symbol) != -1): null

2019-08-15 16:23:59 - [TEST_STEP][PASSED] - if (i == 3 &amp;&amp; wildList.indexOf(symbol) != -1): null

2019-08-15 16:23:59 - [TEST_STEP][PASSED] - if (i == 4 &amp;&amp; wildList.indexOf(symbol) != -1): null

2019-08-15 16:23:59 - [TEST_STEP][PASSED] - symbols = symbols: null

2019-08-15 16:23:59 - [TEST_STEP][PASSED] - for ([j = 0, j &lt; symbols.size(), (j++)]): null

2019-08-15 16:23:59 - [TEST_STEP][PASSED] - symbol = symbol: null

2019-08-15 16:23:59 - [TEST_STEP][PASSED] - println(symbol): null

2019-08-15 16:23:59 - [TEST_STEP][PASSED] - if (i == 2 &amp;&amp; wildList.indexOf(symbol) != -1): null

2019-08-15 16:23:59 - [TEST_STEP][PASSED] - if (i == 3 &amp;&amp; wildList.indexOf(symbol) != -1): null

2019-08-15 16:23:59 - [TEST_STEP][PASSED] - if (i == 4 &amp;&amp; wildList.indexOf(symbol) != -1): null

2019-08-15 16:23:59 - [TEST_STEP][PASSED] - symbol = symbol: null

2019-08-15 16:23:59 - [TEST_STEP][PASSED] - println(symbol): null

2019-08-15 16:23:59 - [TEST_STEP][PASSED] - if (i == 2 &amp;&amp; wildList.indexOf(symbol) != -1): null

2019-08-15 16:23:59 - [TEST_STEP][PASSED] - if (i == 3 &amp;&amp; wildList.indexOf(symbol) != -1): null

2019-08-15 16:23:59 - [TEST_STEP][PASSED] - if (i == 4 &amp;&amp; wildList.indexOf(symbol) != -1): null

2019-08-15 16:23:59 - [TEST_STEP][PASSED] - symbol = symbol: null

2019-08-15 16:23:59 - [TEST_STEP][PASSED] - println(symbol): null

2019-08-15 16:23:59 - [TEST_STEP][PASSED] - if (i == 2 &amp;&amp; wildList.indexOf(symbol) != -1): null

2019-08-15 16:23:59 - [TEST_STEP][PASSED] - if (i == 3 &amp;&amp; wildList.indexOf(symbol) != -1): null

2019-08-15 16:23:59 - [TEST_STEP][PASSED] - if (i == 4 &amp;&amp; wildList.indexOf(symbol) != -1): null

2019-08-15 16:23:59 - [TEST_STEP][PASSED] - free_spin_reel_counter = free_spin_reel_counter: null

2019-08-15 16:23:59 - [TEST_STEP][PASSED] - println("reel 3 wild found: " + free_spin_reel_counter[0]): null

2019-08-15 16:23:59 - [TEST_STEP][PASSED] - println("reel 4 wild found: " + free_spin_reel_counter[1]): null

2019-08-15 16:23:59 - [TEST_STEP][PASSED] - println("reel 5 wild found: " + free_spin_reel_counter[2]): null

2019-08-15 16:23:59 - [TEST_STEP][PASSED] - M4_spin_reels = M4_spin_reels: null

2019-08-15 16:23:59 - [TEST_STEP][PASSED] - M4_spin_reels_symbols = symbol: null

2019-08-15 16:23:59 - [TEST_STEP][PASSED] - M4_spin_reels_symbols = M4_spin_reels_symbols: null

2019-08-15 16:23:59 - [TEST_STEP][PASSED] - M4_spin_reel_wins = reel_wins: null

2019-08-15 16:23:59 - [TEST_STEP][PASSED] - M4_spin_reel_wins = M4_spin_reel_wins: null

2019-08-15 16:23:59 - [TEST_STEP][PASSED] - println("GlobalVariable.M4_spin_reel_wins is: " + M4_spin_reel_wins): null

2019-08-15 16:23:59 - [TEST_STEP][PASSED] - M4_spin_total_bonus_win_this_round = total_bonus_win_this_round: null

2019-08-15 16:23:59 - [TEST_STEP][PASSED] - M4_spin_total_bonus_win_this_round = M4_spin_total_bonus_win_this_round: null

2019-08-15 16:23:59 - [TEST_STEP][PASSED] - println("GlobalVariable.M4_spin_total_bonus_win_this_round is: " + M4_spin_total_bonus_win_this_round): null

2019-08-15 16:23:59 - [MESSAGE][PASSED] - Verify response successfully

2019-08-15 16:23:59 - [MESSAGE][PASSED] - Send request and verify the response successfully

2019-08-15 16:23:59 - [TEST_STEP][PASSED] - if (M4_total_bonus_spins_int != 0 &amp;&amp; M4_spin_reels_symbols[2].contains("WILD_Normal") || M4_spin_reels_symbols[3].contains("WILD_Normal") || M4_spin_reels_symbols[4].contains("WILD_Normal")): null

2019-08-15 16:23:59 - [TEST_STEP][PASSED] - free_spin_reel_counter = free_spin_reel_counter: null

2019-08-15 16:23:59 - [TEST_STEP][PASSED] - M4_spin_reels_symbols = M4_spin_reels_symbols: null

2019-08-15 16:23:59 - [TEST_STEP][PASSED] - M4_total_bonus_spins = M4_total_bonus_spins: null

2019-08-15 16:23:59 - [TEST_STEP][PASSED] - spin_result = sendRequestAndVerify(findTestObject("STG/RGS(M4)/1_M4_spin", ["M4_login_user_id":M4_login_user_id, "rgs_session_token":rgs_session_token, "partner":Partner])): Send request and verify the response successfully

2019-08-15 16:23:59 - [TEST_CASE][PASSED] - Start Test Case : Verification: Verification accomplished successfully

2019-08-15 16:23:59 - [TEST_STEP][PASSED] - request = getInstance().getCurrentRequest(): null

2019-08-15 16:23:59 - [TEST_STEP][PASSED] - response = getInstance().getCurrentResponse(): null

2019-08-15 16:24:02 - [TEST_STEP][PASSED] - verifyResponseStatusCode(response, 200): Verify response status code successfully

2019-08-15 16:24:02 - [MESSAGE][PASSED] - Verify response status code successfully

2019-08-15 16:24:02 - [TEST_STEP][PASSED] - getStatusCode()).isEqualTo(200): null

2019-08-15 16:24:02 - [TEST_STEP][PASSED] - newline = System.getProperty("line.separator"): null

2019-08-15 16:24:02 - [TEST_STEP][PASSED] - M4_spin = new groovy.json.JsonSlurper(): null

2019-08-15 16:24:02 - [TEST_STEP][PASSED] - result_M4_spin = M4_spin.parseText(response.getResponseBodyContent()): null

2019-08-15 16:24:02 - [TEST_STEP][PASSED] - M4_spin_current_balance = current_balance: null

2019-08-15 16:24:02 - [TEST_STEP][PASSED] - M4_spin_current_balance = M4_spin_current_balance: null

2019-08-15 16:24:02 - [TEST_STEP][PASSED] - M4_spin_transaction_id = causality: null

2019-08-15 16:24:02 - [TEST_STEP][PASSED] - M4_spin_transaction_id = M4_spin_transaction_id: null

2019-08-15 16:24:02 - [TEST_STEP][PASSED] - M4_spin_round_id = round_id: null

2019-08-15 16:24:02 - [TEST_STEP][PASSED] - M4_spin_round_id = M4_spin_round_id: null

2019-08-15 16:24:02 - [TEST_STEP][PASSED] - M4_spin_line_wins = line_wins: null

2019-08-15 16:24:02 - [TEST_STEP][PASSED] - M4_spin_line_wins = M4_spin_line_wins: null

2019-08-15 16:24:02 - [TEST_STEP][PASSED] - M4_total_bonus_spins_int = total_bonus_spins: null

2019-08-15 16:24:02 - [TEST_STEP][PASSED] - println("******M4_total_bonus_spins type is:*******" + newline + getClass().getName()): null

2019-08-15 16:24:02 - [TEST_STEP][PASSED] - M4_total_bonus_spins_int = M4_total_bonus_spins_int: null

2019-08-15 16:24:02 - [TEST_STEP][PASSED] - M4_total_bonus_spins = Integer.toString(M4_total_bonus_spins_int): null

2019-08-15 16:24:02 - [TEST_STEP][PASSED] - M4_total_bonus_spins = M4_total_bonus_spins: null

2019-08-15 16:24:02 - [TEST_STEP][PASSED] - println("M4_total_bonus_spins is:" + M4_total_bonus_spins): null

2019-08-15 16:24:02 - [TEST_STEP][PASSED] - M4_spin_bonus_data = bonus_data: null

2019-08-15 16:24:02 - [TEST_STEP][PASSED] - M4_spin_features_triggered = result_M4_spin: null

2019-08-15 16:24:02 - [TEST_STEP][PASSED] - wild = []: null

2019-08-15 16:24:02 - [TEST_STEP][PASSED] - wild[0] = "WILD_Expanding": null

2019-08-15 16:24:02 - [TEST_STEP][PASSED] - wild[1] = "WILD_Normal": null

2019-08-15 16:24:02 - [TEST_STEP][PASSED] - wild[2] = "WILD_Double": null

2019-08-15 16:24:02 - [TEST_STEP][PASSED] - wild[3] = "WILD_ExtraFG": null

2019-08-15 16:24:02 - [TEST_STEP][PASSED] - wild[4] = "WILD_Triple": null

2019-08-15 16:24:02 - [TEST_STEP][PASSED] - wildList = Arrays.asList(wild): null

2019-08-15 16:24:02 - [TEST_STEP][PASSED] - wildList = wildList: null

2019-08-15 16:24:02 - [TEST_STEP][PASSED] - free_spin_reel_counter = []: null

2019-08-15 16:24:02 - [TEST_STEP][PASSED] - free_spin_reel_counter[0] = 0: null

2019-08-15 16:24:02 - [TEST_STEP][PASSED] - free_spin_reel_counter[1] = 0: null

2019-08-15 16:24:02 - [TEST_STEP][PASSED] - free_spin_reel_counter[2] = 0: null

2019-08-15 16:24:02 - [TEST_STEP][PASSED] - M4_spin_reels = reels: null

2019-08-15 16:24:02 - [TEST_STEP][PASSED] - for ([i = 0, i &lt; M4_spin_reels.size(), (i++)]): null

2019-08-15 16:24:02 - [TEST_STEP][PASSED] - symbols = symbols: null

2019-08-15 16:24:02 - [TEST_STEP][PASSED] - for ([j = 0, j &lt; symbols.size(), (j++)]): null

2019-08-15 16:24:02 - [TEST_STEP][PASSED] - symbol = symbol: null

2019-08-15 16:24:02 - [TEST_STEP][PASSED] - println(symbol): null

2019-08-15 16:24:02 - [TEST_STEP][PASSED] - if (i == 2 &amp;&amp; wildList.indexOf(symbol) != -1): null

2019-08-15 16:24:02 - [TEST_STEP][PASSED] - if (i == 3 &amp;&amp; wildList.indexOf(symbol) != -1): null

2019-08-15 16:24:02 - [TEST_STEP][PASSED] - if (i == 4 &amp;&amp; wildList.indexOf(symbol) != -1): null

2019-08-15 16:24:02 - [TEST_STEP][PASSED] - symbol = symbol: null

2019-08-15 16:24:02 - [TEST_STEP][PASSED] - println(symbol): null

2019-08-15 16:24:02 - [TEST_STEP][PASSED] - if (i == 2 &amp;&amp; wildList.indexOf(symbol) != -1): null

2019-08-15 16:24:02 - [TEST_STEP][PASSED] - if (i == 3 &amp;&amp; wildList.indexOf(symbol) != -1): null

2019-08-15 16:24:02 - [TEST_STEP][PASSED] - if (i == 4 &amp;&amp; wildList.indexOf(symbol) != -1): null

2019-08-15 16:24:02 - [TEST_STEP][PASSED] - symbol = symbol: null

2019-08-15 16:24:02 - [TEST_STEP][PASSED] - println(symbol): null

2019-08-15 16:24:02 - [TEST_STEP][PASSED] - if (i == 2 &amp;&amp; wildList.indexOf(symbol) != -1): null

2019-08-15 16:24:02 - [TEST_STEP][PASSED] - if (i == 3 &amp;&amp; wildList.indexOf(symbol) != -1): null

2019-08-15 16:24:02 - [TEST_STEP][PASSED] - if (i == 4 &amp;&amp; wildList.indexOf(symbol) != -1): null

2019-08-15 16:24:02 - [TEST_STEP][PASSED] - symbols = symbols: null

2019-08-15 16:24:02 - [TEST_STEP][PASSED] - for ([j = 0, j &lt; symbols.size(), (j++)]): null

2019-08-15 16:24:02 - [TEST_STEP][PASSED] - symbol = symbol: null

2019-08-15 16:24:02 - [TEST_STEP][PASSED] - println(symbol): null

2019-08-15 16:24:02 - [TEST_STEP][PASSED] - if (i == 2 &amp;&amp; wildList.indexOf(symbol) != -1): null

2019-08-15 16:24:02 - [TEST_STEP][PASSED] - if (i == 3 &amp;&amp; wildList.indexOf(symbol) != -1): null

2019-08-15 16:24:02 - [TEST_STEP][PASSED] - if (i == 4 &amp;&amp; wildList.indexOf(symbol) != -1): null

2019-08-15 16:24:02 - [TEST_STEP][PASSED] - symbol = symbol: null

2019-08-15 16:24:02 - [TEST_STEP][PASSED] - println(symbol): null

2019-08-15 16:24:02 - [TEST_STEP][PASSED] - if (i == 2 &amp;&amp; wildList.indexOf(symbol) != -1): null

2019-08-15 16:24:02 - [TEST_STEP][PASSED] - if (i == 3 &amp;&amp; wildList.indexOf(symbol) != -1): null

2019-08-15 16:24:02 - [TEST_STEP][PASSED] - if (i == 4 &amp;&amp; wildList.indexOf(symbol) != -1): null

2019-08-15 16:24:02 - [TEST_STEP][PASSED] - symbol = symbol: null

2019-08-15 16:24:02 - [TEST_STEP][PASSED] - println(symbol): null

2019-08-15 16:24:02 - [TEST_STEP][PASSED] - if (i == 2 &amp;&amp; wildList.indexOf(symbol) != -1): null

2019-08-15 16:24:02 - [TEST_STEP][PASSED] - if (i == 3 &amp;&amp; wildList.indexOf(symbol) != -1): null

2019-08-15 16:24:02 - [TEST_STEP][PASSED] - if (i == 4 &amp;&amp; wildList.indexOf(symbol) != -1): null

2019-08-15 16:24:02 - [TEST_STEP][PASSED] - symbols = symbols: null

2019-08-15 16:24:02 - [TEST_STEP][PASSED] - for ([j = 0, j &lt; symbols.size(), (j++)]): null

2019-08-15 16:24:02 - [TEST_STEP][PASSED] - symbol = symbol: null

2019-08-15 16:24:02 - [TEST_STEP][PASSED] - println(symbol): null

2019-08-15 16:24:02 - [TEST_STEP][PASSED] - if (i == 2 &amp;&amp; wildList.indexOf(symbol) != -1): null

2019-08-15 16:24:02 - [TEST_STEP][PASSED] - if (i == 3 &amp;&amp; wildList.indexOf(symbol) != -1): null

2019-08-15 16:24:02 - [TEST_STEP][PASSED] - if (i == 4 &amp;&amp; wildList.indexOf(symbol) != -1): null

2019-08-15 16:24:02 - [TEST_STEP][PASSED] - symbol = symbol: null

2019-08-15 16:24:02 - [TEST_STEP][PASSED] - println(symbol): null

2019-08-15 16:24:02 - [TEST_STEP][PASSED] - if (i == 2 &amp;&amp; wildList.indexOf(symbol) != -1): null

2019-08-15 16:24:02 - [TEST_STEP][PASSED] - if (i == 3 &amp;&amp; wildList.indexOf(symbol) != -1): null

2019-08-15 16:24:02 - [TEST_STEP][PASSED] - if (i == 4 &amp;&amp; wildList.indexOf(symbol) != -1): null

2019-08-15 16:24:02 - [TEST_STEP][PASSED] - symbol = symbol: null

2019-08-15 16:24:02 - [TEST_STEP][PASSED] - println(symbol): null

2019-08-15 16:24:02 - [TEST_STEP][PASSED] - if (i == 2 &amp;&amp; wildList.indexOf(symbol) != -1): null

2019-08-15 16:24:02 - [TEST_STEP][PASSED] - if (i == 3 &amp;&amp; wildList.indexOf(symbol) != -1): null

2019-08-15 16:24:02 - [TEST_STEP][PASSED] - if (i == 4 &amp;&amp; wildList.indexOf(symbol) != -1): null

2019-08-15 16:24:02 - [TEST_STEP][PASSED] - symbols = symbols: null

2019-08-15 16:24:02 - [TEST_STEP][PASSED] - for ([j = 0, j &lt; symbols.size(), (j++)]): null

2019-08-15 16:24:02 - [TEST_STEP][PASSED] - symbol = symbol: null

2019-08-15 16:24:02 - [TEST_STEP][PASSED] - println(symbol): null

2019-08-15 16:24:02 - [TEST_STEP][PASSED] - if (i == 2 &amp;&amp; wildList.indexOf(symbol) != -1): null

2019-08-15 16:24:02 - [TEST_STEP][PASSED] - if (i == 3 &amp;&amp; wildList.indexOf(symbol) != -1): null

2019-08-15 16:24:02 - [TEST_STEP][PASSED] - if (i == 4 &amp;&amp; wildList.indexOf(symbol) != -1): null

2019-08-15 16:24:02 - [TEST_STEP][PASSED] - symbol = symbol: null

2019-08-15 16:24:02 - [TEST_STEP][PASSED] - println(symbol): null

2019-08-15 16:24:02 - [TEST_STEP][PASSED] - if (i == 2 &amp;&amp; wildList.indexOf(symbol) != -1): null

2019-08-15 16:24:02 - [TEST_STEP][PASSED] - if (i == 3 &amp;&amp; wildList.indexOf(symbol) != -1): null

2019-08-15 16:24:02 - [TEST_STEP][PASSED] - if (i == 4 &amp;&amp; wildList.indexOf(symbol) != -1): null

2019-08-15 16:24:02 - [TEST_STEP][PASSED] - symbol = symbol: null

2019-08-15 16:24:02 - [TEST_STEP][PASSED] - println(symbol): null

2019-08-15 16:24:02 - [TEST_STEP][PASSED] - if (i == 2 &amp;&amp; wildList.indexOf(symbol) != -1): null

2019-08-15 16:24:02 - [TEST_STEP][PASSED] - if (i == 3 &amp;&amp; wildList.indexOf(symbol) != -1): null

2019-08-15 16:24:02 - [TEST_STEP][PASSED] - if (i == 4 &amp;&amp; wildList.indexOf(symbol) != -1): null

2019-08-15 16:24:02 - [TEST_STEP][PASSED] - symbols = symbols: null

2019-08-15 16:24:02 - [TEST_STEP][PASSED] - for ([j = 0, j &lt; symbols.size(), (j++)]): null

2019-08-15 16:24:02 - [TEST_STEP][PASSED] - symbol = symbol: null

2019-08-15 16:24:02 - [TEST_STEP][PASSED] - println(symbol): null

2019-08-15 16:24:02 - [TEST_STEP][PASSED] - if (i == 2 &amp;&amp; wildList.indexOf(symbol) != -1): null

2019-08-15 16:24:02 - [TEST_STEP][PASSED] - if (i == 3 &amp;&amp; wildList.indexOf(symbol) != -1): null

2019-08-15 16:24:02 - [TEST_STEP][PASSED] - if (i == 4 &amp;&amp; wildList.indexOf(symbol) != -1): null

2019-08-15 16:24:02 - [TEST_STEP][PASSED] - symbol = symbol: null

2019-08-15 16:24:02 - [TEST_STEP][PASSED] - println(symbol): null

2019-08-15 16:24:02 - [TEST_STEP][PASSED] - if (i == 2 &amp;&amp; wildList.indexOf(symbol) != -1): null

2019-08-15 16:24:02 - [TEST_STEP][PASSED] - if (i == 3 &amp;&amp; wildList.indexOf(symbol) != -1): null

2019-08-15 16:24:02 - [TEST_STEP][PASSED] - if (i == 4 &amp;&amp; wildList.indexOf(symbol) != -1): null

2019-08-15 16:24:02 - [TEST_STEP][PASSED] - symbol = symbol: null

2019-08-15 16:24:02 - [TEST_STEP][PASSED] - println(symbol): null

2019-08-15 16:24:02 - [TEST_STEP][PASSED] - if (i == 2 &amp;&amp; wildList.indexOf(symbol) != -1): null

2019-08-15 16:24:02 - [TEST_STEP][PASSED] - if (i == 3 &amp;&amp; wildList.indexOf(symbol) != -1): null

2019-08-15 16:24:02 - [TEST_STEP][PASSED] - if (i == 4 &amp;&amp; wildList.indexOf(symbol) != -1): null

2019-08-15 16:24:02 - [TEST_STEP][PASSED] - free_spin_reel_counter = free_spin_reel_counter: null

2019-08-15 16:24:02 - [TEST_STEP][PASSED] - println("reel 3 wild found: " + free_spin_reel_counter[0]): null

2019-08-15 16:24:02 - [TEST_STEP][PASSED] - println("reel 4 wild found: " + free_spin_reel_counter[1]): null

2019-08-15 16:24:02 - [TEST_STEP][PASSED] - println("reel 5 wild found: " + free_spin_reel_counter[2]): null

2019-08-15 16:24:02 - [TEST_STEP][PASSED] - M4_spin_reels = M4_spin_reels: null

2019-08-15 16:24:02 - [TEST_STEP][PASSED] - M4_spin_reels_symbols = symbol: null

2019-08-15 16:24:02 - [TEST_STEP][PASSED] - M4_spin_reels_symbols = M4_spin_reels_symbols: null

2019-08-15 16:24:02 - [TEST_STEP][PASSED] - M4_spin_reel_wins = reel_wins: null

2019-08-15 16:24:02 - [TEST_STEP][PASSED] - M4_spin_reel_wins = M4_spin_reel_wins: null

2019-08-15 16:24:02 - [TEST_STEP][PASSED] - println("GlobalVariable.M4_spin_reel_wins is: " + M4_spin_reel_wins): null

2019-08-15 16:24:02 - [TEST_STEP][PASSED] - M4_spin_total_bonus_win_this_round = total_bonus_win_this_round: null

2019-08-15 16:24:02 - [TEST_STEP][PASSED] - M4_spin_total_bonus_win_this_round = M4_spin_total_bonus_win_this_round: null

2019-08-15 16:24:02 - [TEST_STEP][PASSED] - println("GlobalVariable.M4_spin_total_bonus_win_this_round is: " + M4_spin_total_bonus_win_this_round): null

2019-08-15 16:24:02 - [MESSAGE][PASSED] - Verify response successfully

2019-08-15 16:24:02 - [MESSAGE][PASSED] - Send request and verify the response successfully

2019-08-15 16:24:02 - [TEST_STEP][PASSED] - if (M4_total_bonus_spins_int != 0 &amp;&amp; M4_spin_reels_symbols[2].contains("WILD_Normal") || M4_spin_reels_symbols[3].contains("WILD_Normal") || M4_spin_reels_symbols[4].contains("WILD_Normal")): null

2019-08-15 16:24:02 - [TEST_STEP][PASSED] - free_spin_reel_counter = free_spin_reel_counter: null

2019-08-15 16:24:02 - [TEST_STEP][PASSED] - M4_spin_reels_symbols = M4_spin_reels_symbols: null

2019-08-15 16:24:02 - [TEST_STEP][PASSED] - M4_total_bonus_spins = M4_total_bonus_spins: null

2019-08-15 16:24:02 - [TEST_STEP][PASSED] - spin_result = sendRequestAndVerify(findTestObject("STG/RGS(M4)/1_M4_spin", ["M4_login_user_id":M4_login_user_id, "rgs_session_token":rgs_session_token, "partner":Partner])): Send request and verify the response successfully

2019-08-15 16:24:03 - [TEST_CASE][PASSED] - Start Test Case : Verification: Verification accomplished successfully

2019-08-15 16:24:03 - [TEST_STEP][PASSED] - request = getInstance().getCurrentRequest(): null

2019-08-15 16:24:03 - [TEST_STEP][PASSED] - response = getInstance().getCurrentResponse(): null

2019-08-15 16:24:03 - [TEST_STEP][PASSED] - verifyResponseStatusCode(response, 200): Verify response status code successfully

2019-08-15 16:24:03 - [MESSAGE][PASSED] - Verify response status code successfully

2019-08-15 16:24:03 - [TEST_STEP][PASSED] - getStatusCode()).isEqualTo(200): null

2019-08-15 16:24:03 - [TEST_STEP][PASSED] - newline = System.getProperty("line.separator"): null

2019-08-15 16:24:03 - [TEST_STEP][PASSED] - M4_spin = new groovy.json.JsonSlurper(): null

2019-08-15 16:24:03 - [TEST_STEP][PASSED] - result_M4_spin = M4_spin.parseText(response.getResponseBodyContent()): null

2019-08-15 16:24:03 - [TEST_STEP][PASSED] - M4_spin_current_balance = current_balance: null

2019-08-15 16:24:03 - [TEST_STEP][PASSED] - M4_spin_current_balance = M4_spin_current_balance: null

2019-08-15 16:24:03 - [TEST_STEP][PASSED] - M4_spin_transaction_id = causality: null

2019-08-15 16:24:03 - [TEST_STEP][PASSED] - M4_spin_transaction_id = M4_spin_transaction_id: null

2019-08-15 16:24:03 - [TEST_STEP][PASSED] - M4_spin_round_id = round_id: null

2019-08-15 16:24:03 - [TEST_STEP][PASSED] - M4_spin_round_id = M4_spin_round_id: null

2019-08-15 16:24:03 - [TEST_STEP][PASSED] - M4_spin_line_wins = line_wins: null

2019-08-15 16:24:03 - [TEST_STEP][PASSED] - M4_spin_line_wins = M4_spin_line_wins: null

2019-08-15 16:24:03 - [TEST_STEP][PASSED] - M4_total_bonus_spins_int = total_bonus_spins: null

2019-08-15 16:24:03 - [TEST_STEP][PASSED] - println("******M4_total_bonus_spins type is:*******" + newline + getClass().getName()): null

2019-08-15 16:24:03 - [TEST_STEP][PASSED] - M4_total_bonus_spins_int = M4_total_bonus_spins_int: null

2019-08-15 16:24:03 - [TEST_STEP][PASSED] - M4_total_bonus_spins = Integer.toString(M4_total_bonus_spins_int): null

2019-08-15 16:24:03 - [TEST_STEP][PASSED] - M4_total_bonus_spins = M4_total_bonus_spins: null

2019-08-15 16:24:03 - [TEST_STEP][PASSED] - println("M4_total_bonus_spins is:" + M4_total_bonus_spins): null

2019-08-15 16:24:03 - [TEST_STEP][PASSED] - M4_spin_bonus_data = bonus_data: null

2019-08-15 16:24:03 - [TEST_STEP][PASSED] - M4_spin_features_triggered = result_M4_spin: null

2019-08-15 16:24:03 - [TEST_STEP][PASSED] - wild = []: null

2019-08-15 16:24:03 - [TEST_STEP][PASSED] - wild[0] = "WILD_Expanding": null

2019-08-15 16:24:03 - [TEST_STEP][PASSED] - wild[1] = "WILD_Normal": null

2019-08-15 16:24:03 - [TEST_STEP][PASSED] - wild[2] = "WILD_Double": null

2019-08-15 16:24:03 - [TEST_STEP][PASSED] - wild[3] = "WILD_ExtraFG": null

2019-08-15 16:24:03 - [TEST_STEP][PASSED] - wild[4] = "WILD_Triple": null

2019-08-15 16:24:03 - [TEST_STEP][PASSED] - wildList = Arrays.asList(wild): null

2019-08-15 16:24:03 - [TEST_STEP][PASSED] - wildList = wildList: null

2019-08-15 16:24:03 - [TEST_STEP][PASSED] - free_spin_reel_counter = []: null

2019-08-15 16:24:03 - [TEST_STEP][PASSED] - free_spin_reel_counter[0] = 0: null

2019-08-15 16:24:03 - [TEST_STEP][PASSED] - free_spin_reel_counter[1] = 0: null

2019-08-15 16:24:03 - [TEST_STEP][PASSED] - free_spin_reel_counter[2] = 0: null

2019-08-15 16:24:03 - [TEST_STEP][PASSED] - M4_spin_reels = reels: null

2019-08-15 16:24:03 - [TEST_STEP][PASSED] - for ([i = 0, i &lt; M4_spin_reels.size(), (i++)]): null

2019-08-15 16:24:03 - [TEST_STEP][PASSED] - symbols = symbols: null

2019-08-15 16:24:03 - [TEST_STEP][PASSED] - for ([j = 0, j &lt; symbols.size(), (j++)]): null

2019-08-15 16:24:03 - [TEST_STEP][PASSED] - symbol = symbol: null

2019-08-15 16:24:03 - [TEST_STEP][PASSED] - println(symbol): null

2019-08-15 16:24:03 - [TEST_STEP][PASSED] - if (i == 2 &amp;&amp; wildList.indexOf(symbol) != -1): null

2019-08-15 16:24:03 - [TEST_STEP][PASSED] - if (i == 3 &amp;&amp; wildList.indexOf(symbol) != -1): null

2019-08-15 16:24:03 - [TEST_STEP][PASSED] - if (i == 4 &amp;&amp; wildList.indexOf(symbol) != -1): null

2019-08-15 16:24:03 - [TEST_STEP][PASSED] - symbol = symbol: null

2019-08-15 16:24:03 - [TEST_STEP][PASSED] - println(symbol): null

2019-08-15 16:24:03 - [TEST_STEP][PASSED] - if (i == 2 &amp;&amp; wildList.indexOf(symbol) != -1): null

2019-08-15 16:24:03 - [TEST_STEP][PASSED] - if (i == 3 &amp;&amp; wildList.indexOf(symbol) != -1): null

2019-08-15 16:24:03 - [TEST_STEP][PASSED] - if (i == 4 &amp;&amp; wildList.indexOf(symbol) != -1): null

2019-08-15 16:24:03 - [TEST_STEP][PASSED] - symbol = symbol: null

2019-08-15 16:24:03 - [TEST_STEP][PASSED] - println(symbol): null

2019-08-15 16:24:03 - [TEST_STEP][PASSED] - if (i == 2 &amp;&amp; wildList.indexOf(symbol) != -1): null

2019-08-15 16:24:03 - [TEST_STEP][PASSED] - if (i == 3 &amp;&amp; wildList.indexOf(symbol) != -1): null

2019-08-15 16:24:03 - [TEST_STEP][PASSED] - if (i == 4 &amp;&amp; wildList.indexOf(symbol) != -1): null

2019-08-15 16:24:03 - [TEST_STEP][PASSED] - symbols = symbols: null

2019-08-15 16:24:03 - [TEST_STEP][PASSED] - for ([j = 0, j &lt; symbols.size(), (j++)]): null

2019-08-15 16:24:03 - [TEST_STEP][PASSED] - symbol = symbol: null

2019-08-15 16:24:03 - [TEST_STEP][PASSED] - println(symbol): null

2019-08-15 16:24:03 - [TEST_STEP][PASSED] - if (i == 2 &amp;&amp; wildList.indexOf(symbol) != -1): null

2019-08-15 16:24:03 - [TEST_STEP][PASSED] - if (i == 3 &amp;&amp; wildList.indexOf(symbol) != -1): null

2019-08-15 16:24:03 - [TEST_STEP][PASSED] - if (i == 4 &amp;&amp; wildList.indexOf(symbol) != -1): null

2019-08-15 16:24:03 - [TEST_STEP][PASSED] - symbol = symbol: null

2019-08-15 16:24:03 - [TEST_STEP][PASSED] - println(symbol): null

2019-08-15 16:24:03 - [TEST_STEP][PASSED] - if (i == 2 &amp;&amp; wildList.indexOf(symbol) != -1): null

2019-08-15 16:24:03 - [TEST_STEP][PASSED] - if (i == 3 &amp;&amp; wildList.indexOf(symbol) != -1): null

2019-08-15 16:24:03 - [TEST_STEP][PASSED] - if (i == 4 &amp;&amp; wildList.indexOf(symbol) != -1): null

2019-08-15 16:24:03 - [TEST_STEP][PASSED] - symbol = symbol: null

2019-08-15 16:24:03 - [TEST_STEP][PASSED] - println(symbol): null

2019-08-15 16:24:03 - [TEST_STEP][PASSED] - if (i == 2 &amp;&amp; wildList.indexOf(symbol) != -1): null

2019-08-15 16:24:03 - [TEST_STEP][PASSED] - if (i == 3 &amp;&amp; wildList.indexOf(symbol) != -1): null

2019-08-15 16:24:03 - [TEST_STEP][PASSED] - if (i == 4 &amp;&amp; wildList.indexOf(symbol) != -1): null

2019-08-15 16:24:03 - [TEST_STEP][PASSED] - symbols = symbols: null

2019-08-15 16:24:03 - [TEST_STEP][PASSED] - for ([j = 0, j &lt; symbols.size(), (j++)]): null

2019-08-15 16:24:03 - [TEST_STEP][PASSED] - symbol = symbol: null

2019-08-15 16:24:03 - [TEST_STEP][PASSED] - println(symbol): null

2019-08-15 16:24:03 - [TEST_STEP][PASSED] - if (i == 2 &amp;&amp; wildList.indexOf(symbol) != -1): null

2019-08-15 16:24:03 - [TEST_STEP][PASSED] - if (i == 3 &amp;&amp; wildList.indexOf(symbol) != -1): null

2019-08-15 16:24:03 - [TEST_STEP][PASSED] - if (i == 4 &amp;&amp; wildList.indexOf(symbol) != -1): null

2019-08-15 16:24:03 - [TEST_STEP][PASSED] - symbol = symbol: null

2019-08-15 16:24:03 - [TEST_STEP][PASSED] - println(symbol): null

2019-08-15 16:24:03 - [TEST_STEP][PASSED] - if (i == 2 &amp;&amp; wildList.indexOf(symbol) != -1): null

2019-08-15 16:24:03 - [TEST_STEP][PASSED] - if (i == 3 &amp;&amp; wildList.indexOf(symbol) != -1): null

2019-08-15 16:24:03 - [TEST_STEP][PASSED] - if (i == 4 &amp;&amp; wildList.indexOf(symbol) != -1): null

2019-08-15 16:24:03 - [TEST_STEP][PASSED] - symbol = symbol: null

2019-08-15 16:24:03 - [TEST_STEP][PASSED] - println(symbol): null

2019-08-15 16:24:03 - [TEST_STEP][PASSED] - if (i == 2 &amp;&amp; wildList.indexOf(symbol) != -1): null

2019-08-15 16:24:03 - [TEST_STEP][PASSED] - if (i == 3 &amp;&amp; wildList.indexOf(symbol) != -1): null

2019-08-15 16:24:03 - [TEST_STEP][PASSED] - if (i == 4 &amp;&amp; wildList.indexOf(symbol) != -1): null

2019-08-15 16:24:03 - [TEST_STEP][PASSED] - symbols = symbols: null

2019-08-15 16:24:03 - [TEST_STEP][PASSED] - for ([j = 0, j &lt; symbols.size(), (j++)]): null

2019-08-15 16:24:03 - [TEST_STEP][PASSED] - symbol = symbol: null

2019-08-15 16:24:03 - [TEST_STEP][PASSED] - println(symbol): null

2019-08-15 16:24:03 - [TEST_STEP][PASSED] - if (i == 2 &amp;&amp; wildList.indexOf(symbol) != -1): null

2019-08-15 16:24:03 - [TEST_STEP][PASSED] - if (i == 3 &amp;&amp; wildList.indexOf(symbol) != -1): null

2019-08-15 16:24:03 - [TEST_STEP][PASSED] - if (i == 4 &amp;&amp; wildList.indexOf(symbol) != -1): null

2019-08-15 16:24:03 - [TEST_STEP][PASSED] - symbol = symbol: null

2019-08-15 16:24:03 - [TEST_STEP][PASSED] - println(symbol): null

2019-08-15 16:24:03 - [TEST_STEP][PASSED] - if (i == 2 &amp;&amp; wildList.indexOf(symbol) != -1): null

2019-08-15 16:24:03 - [TEST_STEP][PASSED] - if (i == 3 &amp;&amp; wildList.indexOf(symbol) != -1): null

2019-08-15 16:24:03 - [TEST_STEP][PASSED] - if (i == 4 &amp;&amp; wildList.indexOf(symbol) != -1): null

2019-08-15 16:24:03 - [TEST_STEP][PASSED] - symbol = symbol: null

2019-08-15 16:24:03 - [TEST_STEP][PASSED] - println(symbol): null

2019-08-15 16:24:03 - [TEST_STEP][PASSED] - if (i == 2 &amp;&amp; wildList.indexOf(symbol) != -1): null

2019-08-15 16:24:03 - [TEST_STEP][PASSED] - if (i == 3 &amp;&amp; wildList.indexOf(symbol) != -1): null

2019-08-15 16:24:03 - [TEST_STEP][PASSED] - if (i == 4 &amp;&amp; wildList.indexOf(symbol) != -1): null

2019-08-15 16:24:03 - [TEST_STEP][PASSED] - symbols = symbols: null

2019-08-15 16:24:03 - [TEST_STEP][PASSED] - for ([j = 0, j &lt; symbols.size(), (j++)]): null

2019-08-15 16:24:03 - [TEST_STEP][PASSED] - symbol = symbol: null

2019-08-15 16:24:03 - [TEST_STEP][PASSED] - println(symbol): null

2019-08-15 16:24:03 - [TEST_STEP][PASSED] - if (i == 2 &amp;&amp; wildList.indexOf(symbol) != -1): null

2019-08-15 16:24:03 - [TEST_STEP][PASSED] - if (i == 3 &amp;&amp; wildList.indexOf(symbol) != -1): null

2019-08-15 16:24:03 - [TEST_STEP][PASSED] - if (i == 4 &amp;&amp; wildList.indexOf(symbol) != -1): null

2019-08-15 16:24:03 - [TEST_STEP][PASSED] - symbol = symbol: null

2019-08-15 16:24:03 - [TEST_STEP][PASSED] - println(symbol): null

2019-08-15 16:24:03 - [TEST_STEP][PASSED] - if (i == 2 &amp;&amp; wildList.indexOf(symbol) != -1): null

2019-08-15 16:24:03 - [TEST_STEP][PASSED] - if (i == 3 &amp;&amp; wildList.indexOf(symbol) != -1): null

2019-08-15 16:24:03 - [TEST_STEP][PASSED] - if (i == 4 &amp;&amp; wildList.indexOf(symbol) != -1): null

2019-08-15 16:24:03 - [TEST_STEP][PASSED] - symbol = symbol: null

2019-08-15 16:24:03 - [TEST_STEP][PASSED] - println(symbol): null

2019-08-15 16:24:03 - [TEST_STEP][PASSED] - if (i == 2 &amp;&amp; wildList.indexOf(symbol) != -1): null

2019-08-15 16:24:03 - [TEST_STEP][PASSED] - if (i == 3 &amp;&amp; wildList.indexOf(symbol) != -1): null

2019-08-15 16:24:03 - [TEST_STEP][PASSED] - if (i == 4 &amp;&amp; wildList.indexOf(symbol) != -1): null

2019-08-15 16:24:03 - [TEST_STEP][PASSED] - free_spin_reel_counter = free_spin_reel_counter: null

2019-08-15 16:24:03 - [TEST_STEP][PASSED] - println("reel 3 wild found: " + free_spin_reel_counter[0]): null

2019-08-15 16:24:03 - [TEST_STEP][PASSED] - println("reel 4 wild found: " + free_spin_reel_counter[1]): null

2019-08-15 16:24:03 - [TEST_STEP][PASSED] - println("reel 5 wild found: " + free_spin_reel_counter[2]): null

2019-08-15 16:24:03 - [TEST_STEP][PASSED] - M4_spin_reels = M4_spin_reels: null

2019-08-15 16:24:03 - [TEST_STEP][PASSED] - M4_spin_reels_symbols = symbol: null

2019-08-15 16:24:03 - [TEST_STEP][PASSED] - M4_spin_reels_symbols = M4_spin_reels_symbols: null

2019-08-15 16:24:03 - [TEST_STEP][PASSED] - M4_spin_reel_wins = reel_wins: null

2019-08-15 16:24:03 - [TEST_STEP][PASSED] - M4_spin_reel_wins = M4_spin_reel_wins: null

2019-08-15 16:24:03 - [TEST_STEP][PASSED] - println("GlobalVariable.M4_spin_reel_wins is: " + M4_spin_reel_wins): null

2019-08-15 16:24:03 - [TEST_STEP][PASSED] - M4_spin_total_bonus_win_this_round = total_bonus_win_this_round: null

2019-08-15 16:24:03 - [TEST_STEP][PASSED] - M4_spin_total_bonus_win_this_round = M4_spin_total_bonus_win_this_round: null

2019-08-15 16:24:03 - [TEST_STEP][PASSED] - println("GlobalVariable.M4_spin_total_bonus_win_this_round is: " + M4_spin_total_bonus_win_this_round): null

2019-08-15 16:24:03 - [MESSAGE][PASSED] - Verify response successfully

2019-08-15 16:24:03 - [MESSAGE][PASSED] - Send request and verify the response successfully

2019-08-15 16:24:03 - [TEST_STEP][PASSED] - if (M4_total_bonus_spins_int != 0 &amp;&amp; M4_spin_reels_symbols[2].contains("WILD_Normal") || M4_spin_reels_symbols[3].contains("WILD_Normal") || M4_spin_reels_symbols[4].contains("WILD_Normal")): null

2019-08-15 16:24:03 - [TEST_STEP][PASSED] - free_spin_reel_counter = free_spin_reel_counter: null

2019-08-15 16:24:03 - [TEST_STEP][PASSED] - M4_spin_reels_symbols = M4_spin_reels_symbols: null

2019-08-15 16:24:03 - [TEST_STEP][PASSED] - M4_total_bonus_spins = M4_total_bonus_spins: null

2019-08-15 16:24:03 - [TEST_STEP][PASSED] - spin_result = sendRequestAndVerify(findTestObject("STG/RGS(M4)/1_M4_spin", ["M4_login_user_id":M4_login_user_id, "rgs_session_token":rgs_session_token, "partner":Partner])): Send request and verify the response successfully

2019-08-15 16:24:03 - [TEST_CASE][PASSED] - Start Test Case : Verification: Verification accomplished successfully

2019-08-15 16:24:03 - [TEST_STEP][PASSED] - request = getInstance().getCurrentRequest(): null

2019-08-15 16:24:03 - [TEST_STEP][PASSED] - response = getInstance().getCurrentResponse(): null

2019-08-15 16:24:03 - [TEST_STEP][PASSED] - verifyResponseStatusCode(response, 200): Verify response status code successfully

2019-08-15 16:24:03 - [MESSAGE][PASSED] - Verify response status code successfully

2019-08-15 16:24:03 - [TEST_STEP][PASSED] - getStatusCode()).isEqualTo(200): null

2019-08-15 16:24:03 - [TEST_STEP][PASSED] - newline = System.getProperty("line.separator"): null

2019-08-15 16:24:03 - [TEST_STEP][PASSED] - M4_spin = new groovy.json.JsonSlurper(): null

2019-08-15 16:24:03 - [TEST_STEP][PASSED] - result_M4_spin = M4_spin.parseText(response.getResponseBodyContent()): null

2019-08-15 16:24:03 - [TEST_STEP][PASSED] - M4_spin_current_balance = current_balance: null

2019-08-15 16:24:03 - [TEST_STEP][PASSED] - M4_spin_current_balance = M4_spin_current_balance: null

2019-08-15 16:24:03 - [TEST_STEP][PASSED] - M4_spin_transaction_id = causality: null

2019-08-15 16:24:03 - [TEST_STEP][PASSED] - M4_spin_transaction_id = M4_spin_transaction_id: null

2019-08-15 16:24:03 - [TEST_STEP][PASSED] - M4_spin_round_id = round_id: null

2019-08-15 16:24:03 - [TEST_STEP][PASSED] - M4_spin_round_id = M4_spin_round_id: null

2019-08-15 16:24:03 - [TEST_STEP][PASSED] - M4_spin_line_wins = line_wins: null

2019-08-15 16:24:03 - [TEST_STEP][PASSED] - M4_spin_line_wins = M4_spin_line_wins: null

2019-08-15 16:24:03 - [TEST_STEP][PASSED] - M4_total_bonus_spins_int = total_bonus_spins: null

2019-08-15 16:24:03 - [TEST_STEP][PASSED] - println("******M4_total_bonus_spins type is:*******" + newline + getClass().getName()): null

2019-08-15 16:24:03 - [TEST_STEP][PASSED] - M4_total_bonus_spins_int = M4_total_bonus_spins_int: null

2019-08-15 16:24:03 - [TEST_STEP][PASSED] - M4_total_bonus_spins = Integer.toString(M4_total_bonus_spins_int): null

2019-08-15 16:24:03 - [TEST_STEP][PASSED] - M4_total_bonus_spins = M4_total_bonus_spins: null

2019-08-15 16:24:03 - [TEST_STEP][PASSED] - println("M4_total_bonus_spins is:" + M4_total_bonus_spins): null

2019-08-15 16:24:03 - [TEST_STEP][PASSED] - M4_spin_bonus_data = bonus_data: null

2019-08-15 16:24:03 - [TEST_STEP][PASSED] - M4_spin_features_triggered = result_M4_spin: null

2019-08-15 16:24:03 - [TEST_STEP][PASSED] - wild = []: null

2019-08-15 16:24:03 - [TEST_STEP][PASSED] - wild[0] = "WILD_Expanding": null

2019-08-15 16:24:03 - [TEST_STEP][PASSED] - wild[1] = "WILD_Normal": null

2019-08-15 16:24:03 - [TEST_STEP][PASSED] - wild[2] = "WILD_Double": null

2019-08-15 16:24:03 - [TEST_STEP][PASSED] - wild[3] = "WILD_ExtraFG": null

2019-08-15 16:24:03 - [TEST_STEP][PASSED] - wild[4] = "WILD_Triple": null

2019-08-15 16:24:03 - [TEST_STEP][PASSED] - wildList = Arrays.asList(wild): null

2019-08-15 16:24:03 - [TEST_STEP][PASSED] - wildList = wildList: null

2019-08-15 16:24:03 - [TEST_STEP][PASSED] - free_spin_reel_counter = []: null

2019-08-15 16:24:03 - [TEST_STEP][PASSED] - free_spin_reel_counter[0] = 0: null

2019-08-15 16:24:03 - [TEST_STEP][PASSED] - free_spin_reel_counter[1] = 0: null

2019-08-15 16:24:03 - [TEST_STEP][PASSED] - free_spin_reel_counter[2] = 0: null

2019-08-15 16:24:03 - [TEST_STEP][PASSED] - M4_spin_reels = reels: null

2019-08-15 16:24:03 - [TEST_STEP][PASSED] - for ([i = 0, i &lt; M4_spin_reels.size(), (i++)]): null

2019-08-15 16:24:03 - [TEST_STEP][PASSED] - symbols = symbols: null

2019-08-15 16:24:03 - [TEST_STEP][PASSED] - for ([j = 0, j &lt; symbols.size(), (j++)]): null

2019-08-15 16:24:03 - [TEST_STEP][PASSED] - symbol = symbol: null

2019-08-15 16:24:03 - [TEST_STEP][PASSED] - println(symbol): null

2019-08-15 16:24:03 - [TEST_STEP][PASSED] - if (i == 2 &amp;&amp; wildList.indexOf(symbol) != -1): null

2019-08-15 16:24:03 - [TEST_STEP][PASSED] - if (i == 3 &amp;&amp; wildList.indexOf(symbol) != -1): null

2019-08-15 16:24:03 - [TEST_STEP][PASSED] - if (i == 4 &amp;&amp; wildList.indexOf(symbol) != -1): null

2019-08-15 16:24:03 - [TEST_STEP][PASSED] - symbol = symbol: null

2019-08-15 16:24:03 - [TEST_STEP][PASSED] - println(symbol): null

2019-08-15 16:24:03 - [TEST_STEP][PASSED] - if (i == 2 &amp;&amp; wildList.indexOf(symbol) != -1): null

2019-08-15 16:24:03 - [TEST_STEP][PASSED] - if (i == 3 &amp;&amp; wildList.indexOf(symbol) != -1): null

2019-08-15 16:24:03 - [TEST_STEP][PASSED] - if (i == 4 &amp;&amp; wildList.indexOf(symbol) != -1): null

2019-08-15 16:24:03 - [TEST_STEP][PASSED] - symbol = symbol: null

2019-08-15 16:24:03 - [TEST_STEP][PASSED] - println(symbol): null

2019-08-15 16:24:03 - [TEST_STEP][PASSED] - if (i == 2 &amp;&amp; wildList.indexOf(symbol) != -1): null

2019-08-15 16:24:03 - [TEST_STEP][PASSED] - if (i == 3 &amp;&amp; wildList.indexOf(symbol) != -1): null

2019-08-15 16:24:03 - [TEST_STEP][PASSED] - if (i == 4 &amp;&amp; wildList.indexOf(symbol) != -1): null

2019-08-15 16:24:03 - [TEST_STEP][PASSED] - symbols = symbols: null

2019-08-15 16:24:03 - [TEST_STEP][PASSED] - for ([j = 0, j &lt; symbols.size(), (j++)]): null

2019-08-15 16:24:03 - [TEST_STEP][PASSED] - symbol = symbol: null

2019-08-15 16:24:03 - [TEST_STEP][PASSED] - println(symbol): null

2019-08-15 16:24:03 - [TEST_STEP][PASSED] - if (i == 2 &amp;&amp; wildList.indexOf(symbol) != -1): null

2019-08-15 16:24:03 - [TEST_STEP][PASSED] - if (i == 3 &amp;&amp; wildList.indexOf(symbol) != -1): null

2019-08-15 16:24:03 - [TEST_STEP][PASSED] - if (i == 4 &amp;&amp; wildList.indexOf(symbol) != -1): null

2019-08-15 16:24:03 - [TEST_STEP][PASSED] - symbol = symbol: null

2019-08-15 16:24:03 - [TEST_STEP][PASSED] - println(symbol): null

2019-08-15 16:24:03 - [TEST_STEP][PASSED] - if (i == 2 &amp;&amp; wildList.indexOf(symbol) != -1): null

2019-08-15 16:24:03 - [TEST_STEP][PASSED] - if (i == 3 &amp;&amp; wildList.indexOf(symbol) != -1): null

2019-08-15 16:24:03 - [TEST_STEP][PASSED] - if (i == 4 &amp;&amp; wildList.indexOf(symbol) != -1): null

2019-08-15 16:24:03 - [TEST_STEP][PASSED] - symbol = symbol: null

2019-08-15 16:24:03 - [TEST_STEP][PASSED] - println(symbol): null

2019-08-15 16:24:03 - [TEST_STEP][PASSED] - if (i == 2 &amp;&amp; wildList.indexOf(symbol) != -1): null

2019-08-15 16:24:03 - [TEST_STEP][PASSED] - if (i == 3 &amp;&amp; wildList.indexOf(symbol) != -1): null

2019-08-15 16:24:03 - [TEST_STEP][PASSED] - if (i == 4 &amp;&amp; wildList.indexOf(symbol) != -1): null

2019-08-15 16:24:03 - [TEST_STEP][PASSED] - symbols = symbols: null

2019-08-15 16:24:03 - [TEST_STEP][PASSED] - for ([j = 0, j &lt; symbols.size(), (j++)]): null

2019-08-15 16:24:03 - [TEST_STEP][PASSED] - symbol = symbol: null

2019-08-15 16:24:03 - [TEST_STEP][PASSED] - println(symbol): null

2019-08-15 16:24:03 - [TEST_STEP][PASSED] - if (i == 2 &amp;&amp; wildList.indexOf(symbol) != -1): null

2019-08-15 16:24:03 - [TEST_STEP][PASSED] - if (i == 3 &amp;&amp; wildList.indexOf(symbol) != -1): null

2019-08-15 16:24:03 - [TEST_STEP][PASSED] - if (i == 4 &amp;&amp; wildList.indexOf(symbol) != -1): null

2019-08-15 16:24:03 - [TEST_STEP][PASSED] - symbol = symbol: null

2019-08-15 16:24:03 - [TEST_STEP][PASSED] - println(symbol): null

2019-08-15 16:24:03 - [TEST_STEP][PASSED] - if (i == 2 &amp;&amp; wildList.indexOf(symbol) != -1): null

2019-08-15 16:24:03 - [TEST_STEP][PASSED] - if (i == 3 &amp;&amp; wildList.indexOf(symbol) != -1): null

2019-08-15 16:24:03 - [TEST_STEP][PASSED] - if (i == 4 &amp;&amp; wildList.indexOf(symbol) != -1): null

2019-08-15 16:24:03 - [TEST_STEP][PASSED] - symbol = symbol: null

2019-08-15 16:24:03 - [TEST_STEP][PASSED] - println(symbol): null

2019-08-15 16:24:03 - [TEST_STEP][PASSED] - if (i == 2 &amp;&amp; wildList.indexOf(symbol) != -1): null

2019-08-15 16:24:03 - [TEST_STEP][PASSED] - if (i == 3 &amp;&amp; wildList.indexOf(symbol) != -1): null

2019-08-15 16:24:03 - [TEST_STEP][PASSED] - if (i == 4 &amp;&amp; wildList.indexOf(symbol) != -1): null

2019-08-15 16:24:06 - [TEST_STEP][PASSED] - symbols = symbols: null

2019-08-15 16:24:06 - [TEST_STEP][PASSED] - for ([j = 0, j &lt; symbols.size(), (j++)]): null

2019-08-15 16:24:06 - [TEST_STEP][PASSED] - symbol = symbol: null

2019-08-15 16:24:06 - [TEST_STEP][PASSED] - println(symbol): null

2019-08-15 16:24:06 - [TEST_STEP][PASSED] - if (i == 2 &amp;&amp; wildList.indexOf(symbol) != -1): null

2019-08-15 16:24:06 - [TEST_STEP][PASSED] - if (i == 3 &amp;&amp; wildList.indexOf(symbol) != -1): null

2019-08-15 16:24:06 - [TEST_STEP][PASSED] - if (i == 4 &amp;&amp; wildList.indexOf(symbol) != -1): null

2019-08-15 16:24:06 - [TEST_STEP][PASSED] - symbol = symbol: null

2019-08-15 16:24:06 - [TEST_STEP][PASSED] - println(symbol): null

2019-08-15 16:24:06 - [TEST_STEP][PASSED] - if (i == 2 &amp;&amp; wildList.indexOf(symbol) != -1): null

2019-08-15 16:24:06 - [TEST_STEP][PASSED] - if (i == 3 &amp;&amp; wildList.indexOf(symbol) != -1): null

2019-08-15 16:24:06 - [TEST_STEP][PASSED] - if (i == 4 &amp;&amp; wildList.indexOf(symbol) != -1): null

2019-08-15 16:24:06 - [TEST_STEP][PASSED] - symbol = symbol: null

2019-08-15 16:24:06 - [TEST_STEP][PASSED] - println(symbol): null

2019-08-15 16:24:06 - [TEST_STEP][PASSED] - if (i == 2 &amp;&amp; wildList.indexOf(symbol) != -1): null

2019-08-15 16:24:06 - [TEST_STEP][PASSED] - if (i == 3 &amp;&amp; wildList.indexOf(symbol) != -1): null

2019-08-15 16:24:06 - [TEST_STEP][PASSED] - if (i == 4 &amp;&amp; wildList.indexOf(symbol) != -1): null

2019-08-15 16:24:06 - [TEST_STEP][PASSED] - symbols = symbols: null

2019-08-15 16:24:06 - [TEST_STEP][PASSED] - for ([j = 0, j &lt; symbols.size(), (j++)]): null

2019-08-15 16:24:06 - [TEST_STEP][PASSED] - symbol = symbol: null

2019-08-15 16:24:06 - [TEST_STEP][PASSED] - println(symbol): null

2019-08-15 16:24:06 - [TEST_STEP][PASSED] - if (i == 2 &amp;&amp; wildList.indexOf(symbol) != -1): null

2019-08-15 16:24:06 - [TEST_STEP][PASSED] - if (i == 3 &amp;&amp; wildList.indexOf(symbol) != -1): null

2019-08-15 16:24:06 - [TEST_STEP][PASSED] - if (i == 4 &amp;&amp; wildList.indexOf(symbol) != -1): null

2019-08-15 16:24:06 - [TEST_STEP][PASSED] - symbol = symbol: null

2019-08-15 16:24:06 - [TEST_STEP][PASSED] - println(symbol): null

2019-08-15 16:24:06 - [TEST_STEP][PASSED] - if (i == 2 &amp;&amp; wildList.indexOf(symbol) != -1): null

2019-08-15 16:24:06 - [TEST_STEP][PASSED] - if (i == 3 &amp;&amp; wildList.indexOf(symbol) != -1): null

2019-08-15 16:24:06 - [TEST_STEP][PASSED] - if (i == 4 &amp;&amp; wildList.indexOf(symbol) != -1): null

2019-08-15 16:24:06 - [TEST_STEP][PASSED] - symbol = symbol: null

2019-08-15 16:24:06 - [TEST_STEP][PASSED] - println(symbol): null

2019-08-15 16:24:06 - [TEST_STEP][PASSED] - if (i == 2 &amp;&amp; wildList.indexOf(symbol) != -1): null

2019-08-15 16:24:06 - [TEST_STEP][PASSED] - if (i == 3 &amp;&amp; wildList.indexOf(symbol) != -1): null

2019-08-15 16:24:06 - [TEST_STEP][PASSED] - if (i == 4 &amp;&amp; wildList.indexOf(symbol) != -1): null

2019-08-15 16:24:06 - [TEST_STEP][PASSED] - free_spin_reel_counter = free_spin_reel_counter: null

2019-08-15 16:24:06 - [TEST_STEP][PASSED] - println("reel 3 wild found: " + free_spin_reel_counter[0]): null

2019-08-15 16:24:06 - [TEST_STEP][PASSED] - println("reel 4 wild found: " + free_spin_reel_counter[1]): null

2019-08-15 16:24:06 - [TEST_STEP][PASSED] - println("reel 5 wild found: " + free_spin_reel_counter[2]): null

2019-08-15 16:24:06 - [TEST_STEP][PASSED] - M4_spin_reels = M4_spin_reels: null

2019-08-15 16:24:06 - [TEST_STEP][PASSED] - M4_spin_reels_symbols = symbol: null

2019-08-15 16:24:06 - [TEST_STEP][PASSED] - M4_spin_reels_symbols = M4_spin_reels_symbols: null

2019-08-15 16:24:06 - [TEST_STEP][PASSED] - M4_spin_reel_wins = reel_wins: null

2019-08-15 16:24:06 - [TEST_STEP][PASSED] - M4_spin_reel_wins = M4_spin_reel_wins: null

2019-08-15 16:24:06 - [TEST_STEP][PASSED] - println("GlobalVariable.M4_spin_reel_wins is: " + M4_spin_reel_wins): null

2019-08-15 16:24:06 - [TEST_STEP][PASSED] - M4_spin_total_bonus_win_this_round = total_bonus_win_this_round: null

2019-08-15 16:24:06 - [TEST_STEP][PASSED] - M4_spin_total_bonus_win_this_round = M4_spin_total_bonus_win_this_round: null

2019-08-15 16:24:06 - [TEST_STEP][PASSED] - println("GlobalVariable.M4_spin_total_bonus_win_this_round is: " + M4_spin_total_bonus_win_this_round): null

2019-08-15 16:24:06 - [MESSAGE][PASSED] - Verify response successfully

2019-08-15 16:24:06 - [MESSAGE][PASSED] - Send request and verify the response successfully

2019-08-15 16:24:06 - [TEST_STEP][PASSED] - if (M4_total_bonus_spins_int != 0 &amp;&amp; M4_spin_reels_symbols[2].contains("WILD_Normal") || M4_spin_reels_symbols[3].contains("WILD_Normal") || M4_spin_reels_symbols[4].contains("WILD_Normal")): null

2019-08-15 16:24:06 - [TEST_STEP][PASSED] - free_spin_reel_counter = free_spin_reel_counter: null

2019-08-15 16:24:06 - [TEST_STEP][PASSED] - M4_spin_reels_symbols = M4_spin_reels_symbols: null

2019-08-15 16:24:06 - [TEST_STEP][PASSED] - M4_total_bonus_spins = M4_total_bonus_spins: null

2019-08-15 16:24:06 - [TEST_STEP][PASSED] - spin_result = sendRequestAndVerify(findTestObject("STG/RGS(M4)/1_M4_spin", ["M4_login_user_id":M4_login_user_id, "rgs_session_token":rgs_session_token, "partner":Partner])): Send request and verify the response successfully

2019-08-15 16:24:07 - [TEST_CASE][PASSED] - Start Test Case : Verification: Verification accomplished successfully

2019-08-15 16:24:07 - [TEST_STEP][PASSED] - request = getInstance().getCurrentRequest(): null

2019-08-15 16:24:07 - [TEST_STEP][PASSED] - response = getInstance().getCurrentResponse(): null

2019-08-15 16:24:07 - [TEST_STEP][PASSED] - verifyResponseStatusCode(response, 200): Verify response status code successfully

2019-08-15 16:24:07 - [MESSAGE][PASSED] - Verify response status code successfully

2019-08-15 16:24:07 - [TEST_STEP][PASSED] - getStatusCode()).isEqualTo(200): null

2019-08-15 16:24:07 - [TEST_STEP][PASSED] - newline = System.getProperty("line.separator"): null

2019-08-15 16:24:07 - [TEST_STEP][PASSED] - M4_spin = new groovy.json.JsonSlurper(): null

2019-08-15 16:24:07 - [TEST_STEP][PASSED] - result_M4_spin = M4_spin.parseText(response.getResponseBodyContent()): null

2019-08-15 16:24:07 - [TEST_STEP][PASSED] - M4_spin_current_balance = current_balance: null

2019-08-15 16:24:07 - [TEST_STEP][PASSED] - M4_spin_current_balance = M4_spin_current_balance: null

2019-08-15 16:24:07 - [TEST_STEP][PASSED] - M4_spin_transaction_id = causality: null

2019-08-15 16:24:07 - [TEST_STEP][PASSED] - M4_spin_transaction_id = M4_spin_transaction_id: null

2019-08-15 16:24:07 - [TEST_STEP][PASSED] - M4_spin_round_id = round_id: null

2019-08-15 16:24:07 - [TEST_STEP][PASSED] - M4_spin_round_id = M4_spin_round_id: null

2019-08-15 16:24:07 - [TEST_STEP][PASSED] - M4_spin_line_wins = line_wins: null

2019-08-15 16:24:07 - [TEST_STEP][PASSED] - M4_spin_line_wins = M4_spin_line_wins: null

2019-08-15 16:24:07 - [TEST_STEP][PASSED] - M4_total_bonus_spins_int = total_bonus_spins: null

2019-08-15 16:24:07 - [TEST_STEP][PASSED] - println("******M4_total_bonus_spins type is:*******" + newline + getClass().getName()): null

2019-08-15 16:24:07 - [TEST_STEP][PASSED] - M4_total_bonus_spins_int = M4_total_bonus_spins_int: null

2019-08-15 16:24:07 - [TEST_STEP][PASSED] - M4_total_bonus_spins = Integer.toString(M4_total_bonus_spins_int): null

2019-08-15 16:24:07 - [TEST_STEP][PASSED] - M4_total_bonus_spins = M4_total_bonus_spins: null

2019-08-15 16:24:07 - [TEST_STEP][PASSED] - println("M4_total_bonus_spins is:" + M4_total_bonus_spins): null

2019-08-15 16:24:07 - [TEST_STEP][PASSED] - M4_spin_bonus_data = bonus_data: null

2019-08-15 16:24:07 - [TEST_STEP][PASSED] - M4_spin_features_triggered = result_M4_spin: null

2019-08-15 16:24:07 - [TEST_STEP][PASSED] - wild = []: null

2019-08-15 16:24:07 - [TEST_STEP][PASSED] - wild[0] = "WILD_Expanding": null

2019-08-15 16:24:07 - [TEST_STEP][PASSED] - wild[1] = "WILD_Normal": null

2019-08-15 16:24:07 - [TEST_STEP][PASSED] - wild[2] = "WILD_Double": null

2019-08-15 16:24:07 - [TEST_STEP][PASSED] - wild[3] = "WILD_ExtraFG": null

2019-08-15 16:24:07 - [TEST_STEP][PASSED] - wild[4] = "WILD_Triple": null

2019-08-15 16:24:07 - [TEST_STEP][PASSED] - wildList = Arrays.asList(wild): null

2019-08-15 16:24:07 - [TEST_STEP][PASSED] - wildList = wildList: null

2019-08-15 16:24:07 - [TEST_STEP][PASSED] - free_spin_reel_counter = []: null

2019-08-15 16:24:07 - [TEST_STEP][PASSED] - free_spin_reel_counter[0] = 0: null

2019-08-15 16:24:07 - [TEST_STEP][PASSED] - free_spin_reel_counter[1] = 0: null

2019-08-15 16:24:07 - [TEST_STEP][PASSED] - free_spin_reel_counter[2] = 0: null

2019-08-15 16:24:07 - [TEST_STEP][PASSED] - M4_spin_reels = reels: null

2019-08-15 16:24:07 - [TEST_STEP][PASSED] - for ([i = 0, i &lt; M4_spin_reels.size(), (i++)]): null

2019-08-15 16:24:07 - [TEST_STEP][PASSED] - symbols = symbols: null

2019-08-15 16:24:07 - [TEST_STEP][PASSED] - for ([j = 0, j &lt; symbols.size(), (j++)]): null

2019-08-15 16:24:07 - [TEST_STEP][PASSED] - symbol = symbol: null

2019-08-15 16:24:07 - [TEST_STEP][PASSED] - println(symbol): null

2019-08-15 16:24:07 - [TEST_STEP][PASSED] - if (i == 2 &amp;&amp; wildList.indexOf(symbol) != -1): null

2019-08-15 16:24:07 - [TEST_STEP][PASSED] - if (i == 3 &amp;&amp; wildList.indexOf(symbol) != -1): null

2019-08-15 16:24:07 - [TEST_STEP][PASSED] - if (i == 4 &amp;&amp; wildList.indexOf(symbol) != -1): null

2019-08-15 16:24:07 - [TEST_STEP][PASSED] - symbol = symbol: null

2019-08-15 16:24:07 - [TEST_STEP][PASSED] - println(symbol): null

2019-08-15 16:24:07 - [TEST_STEP][PASSED] - if (i == 2 &amp;&amp; wildList.indexOf(symbol) != -1): null

2019-08-15 16:24:07 - [TEST_STEP][PASSED] - if (i == 3 &amp;&amp; wildList.indexOf(symbol) != -1): null

2019-08-15 16:24:07 - [TEST_STEP][PASSED] - if (i == 4 &amp;&amp; wildList.indexOf(symbol) != -1): null

2019-08-15 16:24:07 - [TEST_STEP][PASSED] - symbol = symbol: null

2019-08-15 16:24:07 - [TEST_STEP][PASSED] - println(symbol): null

2019-08-15 16:24:07 - [TEST_STEP][PASSED] - if (i == 2 &amp;&amp; wildList.indexOf(symbol) != -1): null

2019-08-15 16:24:07 - [TEST_STEP][PASSED] - if (i == 3 &amp;&amp; wildList.indexOf(symbol) != -1): null

2019-08-15 16:24:07 - [TEST_STEP][PASSED] - if (i == 4 &amp;&amp; wildList.indexOf(symbol) != -1): null

2019-08-15 16:24:07 - [TEST_STEP][PASSED] - symbols = symbols: null

2019-08-15 16:24:07 - [TEST_STEP][PASSED] - for ([j = 0, j &lt; symbols.size(), (j++)]): null

2019-08-15 16:24:07 - [TEST_STEP][PASSED] - symbol = symbol: null

2019-08-15 16:24:07 - [TEST_STEP][PASSED] - println(symbol): null

2019-08-15 16:24:07 - [TEST_STEP][PASSED] - if (i == 2 &amp;&amp; wildList.indexOf(symbol) != -1): null

2019-08-15 16:24:07 - [TEST_STEP][PASSED] - if (i == 3 &amp;&amp; wildList.indexOf(symbol) != -1): null

2019-08-15 16:24:07 - [TEST_STEP][PASSED] - if (i == 4 &amp;&amp; wildList.indexOf(symbol) != -1): null

2019-08-15 16:24:07 - [TEST_STEP][PASSED] - symbol = symbol: null

2019-08-15 16:24:07 - [TEST_STEP][PASSED] - println(symbol): null

2019-08-15 16:24:07 - [TEST_STEP][PASSED] - if (i == 2 &amp;&amp; wildList.indexOf(symbol) != -1): null

2019-08-15 16:24:07 - [TEST_STEP][PASSED] - if (i == 3 &amp;&amp; wildList.indexOf(symbol) != -1): null

2019-08-15 16:24:07 - [TEST_STEP][PASSED] - if (i == 4 &amp;&amp; wildList.indexOf(symbol) != -1): null

2019-08-15 16:24:07 - [TEST_STEP][PASSED] - symbol = symbol: null

2019-08-15 16:24:07 - [TEST_STEP][PASSED] - println(symbol): null

2019-08-15 16:24:07 - [TEST_STEP][PASSED] - if (i == 2 &amp;&amp; wildList.indexOf(symbol) != -1): null

2019-08-15 16:24:07 - [TEST_STEP][PASSED] - if (i == 3 &amp;&amp; wildList.indexOf(symbol) != -1): null

2019-08-15 16:24:07 - [TEST_STEP][PASSED] - if (i == 4 &amp;&amp; wildList.indexOf(symbol) != -1): null

2019-08-15 16:24:07 - [TEST_STEP][PASSED] - symbols = symbols: null

2019-08-15 16:24:07 - [TEST_STEP][PASSED] - for ([j = 0, j &lt; symbols.size(), (j++)]): null

2019-08-15 16:24:07 - [TEST_STEP][PASSED] - symbol = symbol: null

2019-08-15 16:24:07 - [TEST_STEP][PASSED] - println(symbol): null

2019-08-15 16:24:07 - [TEST_STEP][PASSED] - if (i == 2 &amp;&amp; wildList.indexOf(symbol) != -1): null

2019-08-15 16:24:07 - [TEST_STEP][PASSED] - if (i == 3 &amp;&amp; wildList.indexOf(symbol) != -1): null

2019-08-15 16:24:07 - [TEST_STEP][PASSED] - if (i == 4 &amp;&amp; wildList.indexOf(symbol) != -1): null

2019-08-15 16:24:07 - [TEST_STEP][PASSED] - symbol = symbol: null

2019-08-15 16:24:07 - [TEST_STEP][PASSED] - println(symbol): null

2019-08-15 16:24:07 - [TEST_STEP][PASSED] - if (i == 2 &amp;&amp; wildList.indexOf(symbol) != -1): null

2019-08-15 16:24:07 - [TEST_STEP][PASSED] - if (i == 3 &amp;&amp; wildList.indexOf(symbol) != -1): null

2019-08-15 16:24:07 - [TEST_STEP][PASSED] - if (i == 4 &amp;&amp; wildList.indexOf(symbol) != -1): null

2019-08-15 16:24:07 - [TEST_STEP][PASSED] - symbol = symbol: null

2019-08-15 16:24:07 - [TEST_STEP][PASSED] - println(symbol): null

2019-08-15 16:24:07 - [TEST_STEP][PASSED] - if (i == 2 &amp;&amp; wildList.indexOf(symbol) != -1): null

2019-08-15 16:24:07 - [TEST_STEP][PASSED] - if (i == 3 &amp;&amp; wildList.indexOf(symbol) != -1): null

2019-08-15 16:24:07 - [TEST_STEP][PASSED] - if (i == 4 &amp;&amp; wildList.indexOf(symbol) != -1): null

2019-08-15 16:24:07 - [TEST_STEP][PASSED] - symbols = symbols: null

2019-08-15 16:24:07 - [TEST_STEP][PASSED] - for ([j = 0, j &lt; symbols.size(), (j++)]): null

2019-08-15 16:24:07 - [TEST_STEP][PASSED] - symbol = symbol: null

2019-08-15 16:24:07 - [TEST_STEP][PASSED] - println(symbol): null

2019-08-15 16:24:07 - [TEST_STEP][PASSED] - if (i == 2 &amp;&amp; wildList.indexOf(symbol) != -1): null

2019-08-15 16:24:07 - [TEST_STEP][PASSED] - if (i == 3 &amp;&amp; wildList.indexOf(symbol) != -1): null

2019-08-15 16:24:07 - [TEST_STEP][PASSED] - if (i == 4 &amp;&amp; wildList.indexOf(symbol) != -1): null

2019-08-15 16:24:07 - [TEST_STEP][PASSED] - symbol = symbol: null

2019-08-15 16:24:07 - [TEST_STEP][PASSED] - println(symbol): null

2019-08-15 16:24:07 - [TEST_STEP][PASSED] - if (i == 2 &amp;&amp; wildList.indexOf(symbol) != -1): null

2019-08-15 16:24:07 - [TEST_STEP][PASSED] - if (i == 3 &amp;&amp; wildList.indexOf(symbol) != -1): null

2019-08-15 16:24:07 - [TEST_STEP][PASSED] - if (i == 4 &amp;&amp; wildList.indexOf(symbol) != -1): null

2019-08-15 16:24:07 - [TEST_STEP][PASSED] - symbol = symbol: null

2019-08-15 16:24:07 - [TEST_STEP][PASSED] - println(symbol): null

2019-08-15 16:24:07 - [TEST_STEP][PASSED] - if (i == 2 &amp;&amp; wildList.indexOf(symbol) != -1): null

2019-08-15 16:24:07 - [TEST_STEP][PASSED] - if (i == 3 &amp;&amp; wildList.indexOf(symbol) != -1): null

2019-08-15 16:24:07 - [TEST_STEP][PASSED] - if (i == 4 &amp;&amp; wildList.indexOf(symbol) != -1): null

2019-08-15 16:24:07 - [TEST_STEP][PASSED] - symbols = symbols: null

2019-08-15 16:24:07 - [TEST_STEP][PASSED] - for ([j = 0, j &lt; symbols.size(), (j++)]): null

2019-08-15 16:24:07 - [TEST_STEP][PASSED] - symbol = symbol: null

2019-08-15 16:24:07 - [TEST_STEP][PASSED] - println(symbol): null

2019-08-15 16:24:07 - [TEST_STEP][PASSED] - if (i == 2 &amp;&amp; wildList.indexOf(symbol) != -1): null

2019-08-15 16:24:07 - [TEST_STEP][PASSED] - if (i == 3 &amp;&amp; wildList.indexOf(symbol) != -1): null

2019-08-15 16:24:07 - [TEST_STEP][PASSED] - if (i == 4 &amp;&amp; wildList.indexOf(symbol) != -1): null

2019-08-15 16:24:07 - [TEST_STEP][PASSED] - symbol = symbol: null

2019-08-15 16:24:07 - [TEST_STEP][PASSED] - println(symbol): null

2019-08-15 16:24:07 - [TEST_STEP][PASSED] - if (i == 2 &amp;&amp; wildList.indexOf(symbol) != -1): null

2019-08-15 16:24:07 - [TEST_STEP][PASSED] - if (i == 3 &amp;&amp; wildList.indexOf(symbol) != -1): null

2019-08-15 16:24:07 - [TEST_STEP][PASSED] - if (i == 4 &amp;&amp; wildList.indexOf(symbol) != -1): null

2019-08-15 16:24:07 - [TEST_STEP][PASSED] - symbol = symbol: null

2019-08-15 16:24:07 - [TEST_STEP][PASSED] - println(symbol): null

2019-08-15 16:24:07 - [TEST_STEP][PASSED] - if (i == 2 &amp;&amp; wildList.indexOf(symbol) != -1): null

2019-08-15 16:24:07 - [TEST_STEP][PASSED] - if (i == 3 &amp;&amp; wildList.indexOf(symbol) != -1): null

2019-08-15 16:24:07 - [TEST_STEP][PASSED] - if (i == 4 &amp;&amp; wildList.indexOf(symbol) != -1): null

2019-08-15 16:24:07 - [TEST_STEP][PASSED] - free_spin_reel_counter = free_spin_reel_counter: null

2019-08-15 16:24:07 - [TEST_STEP][PASSED] - println("reel 3 wild found: " + free_spin_reel_counter[0]): null

2019-08-15 16:24:07 - [TEST_STEP][PASSED] - println("reel 4 wild found: " + free_spin_reel_counter[1]): null

2019-08-15 16:24:07 - [TEST_STEP][PASSED] - println("reel 5 wild found: " + free_spin_reel_counter[2]): null

2019-08-15 16:24:07 - [TEST_STEP][PASSED] - M4_spin_reels = M4_spin_reels: null

2019-08-15 16:24:07 - [TEST_STEP][PASSED] - M4_spin_reels_symbols = symbol: null

2019-08-15 16:24:07 - [TEST_STEP][PASSED] - M4_spin_reels_symbols = M4_spin_reels_symbols: null

2019-08-15 16:24:07 - [TEST_STEP][PASSED] - M4_spin_reel_wins = reel_wins: null

2019-08-15 16:24:07 - [TEST_STEP][PASSED] - M4_spin_reel_wins = M4_spin_reel_wins: null

2019-08-15 16:24:07 - [TEST_STEP][PASSED] - println("GlobalVariable.M4_spin_reel_wins is: " + M4_spin_reel_wins): null

2019-08-15 16:24:07 - [TEST_STEP][PASSED] - M4_spin_total_bonus_win_this_round = total_bonus_win_this_round: null

2019-08-15 16:24:07 - [TEST_STEP][PASSED] - M4_spin_total_bonus_win_this_round = M4_spin_total_bonus_win_this_round: null

2019-08-15 16:24:07 - [TEST_STEP][PASSED] - println("GlobalVariable.M4_spin_total_bonus_win_this_round is: " + M4_spin_total_bonus_win_this_round): null

2019-08-15 16:24:07 - [MESSAGE][PASSED] - Verify response successfully

2019-08-15 16:24:07 - [MESSAGE][PASSED] - Send request and verify the response successfully

2019-08-15 16:24:07 - [TEST_STEP][PASSED] - if (M4_total_bonus_spins_int != 0 &amp;&amp; M4_spin_reels_symbols[2].contains("WILD_Normal") || M4_spin_reels_symbols[3].contains("WILD_Normal") || M4_spin_reels_symbols[4].contains("WILD_Normal")): null

2019-08-15 16:24:07 - [TEST_STEP][PASSED] - free_spin_reel_counter = free_spin_reel_counter: null

2019-08-15 16:24:07 - [TEST_STEP][PASSED] - M4_spin_reels_symbols = M4_spin_reels_symbols: null

2019-08-15 16:24:07 - [TEST_STEP][PASSED] - M4_total_bonus_spins = M4_total_bonus_spins: null

2019-08-15 16:24:07 - [TEST_STEP][PASSED] - spin_result = sendRequestAndVerify(findTestObject("STG/RGS(M4)/1_M4_spin", ["M4_login_user_id":M4_login_user_id, "rgs_session_token":rgs_session_token, "partner":Partner])): Send request and verify the response successfully

2019-08-15 16:24:07 - [TEST_CASE][PASSED] - Start Test Case : Verification: Verification accomplished successfully

2019-08-15 16:24:07 - [TEST_STEP][PASSED] - request = getInstance().getCurrentRequest(): null

2019-08-15 16:24:07 - [TEST_STEP][PASSED] - response = getInstance().getCurrentResponse(): null

2019-08-15 16:24:07 - [TEST_STEP][PASSED] - verifyResponseStatusCode(response, 200): Verify response status code successfully

2019-08-15 16:24:07 - [MESSAGE][PASSED] - Verify response status code successfully

2019-08-15 16:24:07 - [TEST_STEP][PASSED] - getStatusCode()).isEqualTo(200): null

2019-08-15 16:24:07 - [TEST_STEP][PASSED] - newline = System.getProperty("line.separator"): null

2019-08-15 16:24:07 - [TEST_STEP][PASSED] - M4_spin = new groovy.json.JsonSlurper(): null

2019-08-15 16:24:07 - [TEST_STEP][PASSED] - result_M4_spin = M4_spin.parseText(response.getResponseBodyContent()): null

2019-08-15 16:24:07 - [TEST_STEP][PASSED] - M4_spin_current_balance = current_balance: null

2019-08-15 16:24:07 - [TEST_STEP][PASSED] - M4_spin_current_balance = M4_spin_current_balance: null

2019-08-15 16:24:07 - [TEST_STEP][PASSED] - M4_spin_transaction_id = causality: null

2019-08-15 16:24:07 - [TEST_STEP][PASSED] - M4_spin_transaction_id = M4_spin_transaction_id: null

2019-08-15 16:24:07 - [TEST_STEP][PASSED] - M4_spin_round_id = round_id: null

2019-08-15 16:24:07 - [TEST_STEP][PASSED] - M4_spin_round_id = M4_spin_round_id: null

2019-08-15 16:24:07 - [TEST_STEP][PASSED] - M4_spin_line_wins = line_wins: null

2019-08-15 16:24:07 - [TEST_STEP][PASSED] - M4_spin_line_wins = M4_spin_line_wins: null

2019-08-15 16:24:07 - [TEST_STEP][PASSED] - M4_total_bonus_spins_int = total_bonus_spins: null

2019-08-15 16:24:07 - [TEST_STEP][PASSED] - println("******M4_total_bonus_spins type is:*******" + newline + getClass().getName()): null

2019-08-15 16:24:07 - [TEST_STEP][PASSED] - M4_total_bonus_spins_int = M4_total_bonus_spins_int: null

2019-08-15 16:24:07 - [TEST_STEP][PASSED] - M4_total_bonus_spins = Integer.toString(M4_total_bonus_spins_int): null

2019-08-15 16:24:07 - [TEST_STEP][PASSED] - M4_total_bonus_spins = M4_total_bonus_spins: null

2019-08-15 16:24:07 - [TEST_STEP][PASSED] - println("M4_total_bonus_spins is:" + M4_total_bonus_spins): null

2019-08-15 16:24:07 - [TEST_STEP][PASSED] - M4_spin_bonus_data = bonus_data: null

2019-08-15 16:24:07 - [TEST_STEP][PASSED] - M4_spin_features_triggered = result_M4_spin: null

2019-08-15 16:24:07 - [TEST_STEP][PASSED] - wild = []: null

2019-08-15 16:24:07 - [TEST_STEP][PASSED] - wild[0] = "WILD_Expanding": null

2019-08-15 16:24:07 - [TEST_STEP][PASSED] - wild[1] = "WILD_Normal": null

2019-08-15 16:24:07 - [TEST_STEP][PASSED] - wild[2] = "WILD_Double": null

2019-08-15 16:24:07 - [TEST_STEP][PASSED] - wild[3] = "WILD_ExtraFG": null

2019-08-15 16:24:07 - [TEST_STEP][PASSED] - wild[4] = "WILD_Triple": null

2019-08-15 16:24:07 - [TEST_STEP][PASSED] - wildList = Arrays.asList(wild): null

2019-08-15 16:24:07 - [TEST_STEP][PASSED] - wildList = wildList: null

2019-08-15 16:24:07 - [TEST_STEP][PASSED] - free_spin_reel_counter = []: null

2019-08-15 16:24:07 - [TEST_STEP][PASSED] - free_spin_reel_counter[0] = 0: null

2019-08-15 16:24:07 - [TEST_STEP][PASSED] - free_spin_reel_counter[1] = 0: null

2019-08-15 16:24:07 - [TEST_STEP][PASSED] - free_spin_reel_counter[2] = 0: null

2019-08-15 16:24:07 - [TEST_STEP][PASSED] - M4_spin_reels = reels: null

2019-08-15 16:24:07 - [TEST_STEP][PASSED] - for ([i = 0, i &lt; M4_spin_reels.size(), (i++)]): null

2019-08-15 16:24:07 - [TEST_STEP][PASSED] - symbols = symbols: null

2019-08-15 16:24:07 - [TEST_STEP][PASSED] - for ([j = 0, j &lt; symbols.size(), (j++)]): null

2019-08-15 16:24:07 - [TEST_STEP][PASSED] - symbol = symbol: null

2019-08-15 16:24:07 - [TEST_STEP][PASSED] - println(symbol): null

2019-08-15 16:24:07 - [TEST_STEP][PASSED] - if (i == 2 &amp;&amp; wildList.indexOf(symbol) != -1): null

2019-08-15 16:24:07 - [TEST_STEP][PASSED] - if (i == 3 &amp;&amp; wildList.indexOf(symbol) != -1): null

2019-08-15 16:24:07 - [TEST_STEP][PASSED] - if (i == 4 &amp;&amp; wildList.indexOf(symbol) != -1): null

2019-08-15 16:24:07 - [TEST_STEP][PASSED] - symbol = symbol: null

2019-08-15 16:24:07 - [TEST_STEP][PASSED] - println(symbol): null

2019-08-15 16:24:07 - [TEST_STEP][PASSED] - if (i == 2 &amp;&amp; wildList.indexOf(symbol) != -1): null

2019-08-15 16:24:07 - [TEST_STEP][PASSED] - if (i == 3 &amp;&amp; wildList.indexOf(symbol) != -1): null

2019-08-15 16:24:07 - [TEST_STEP][PASSED] - if (i == 4 &amp;&amp; wildList.indexOf(symbol) != -1): null

2019-08-15 16:24:07 - [TEST_STEP][PASSED] - symbol = symbol: null

2019-08-15 16:24:07 - [TEST_STEP][PASSED] - println(symbol): null

2019-08-15 16:24:07 - [TEST_STEP][PASSED] - if (i == 2 &amp;&amp; wildList.indexOf(symbol) != -1): null

2019-08-15 16:24:07 - [TEST_STEP][PASSED] - if (i == 3 &amp;&amp; wildList.indexOf(symbol) != -1): null

2019-08-15 16:24:07 - [TEST_STEP][PASSED] - if (i == 4 &amp;&amp; wildList.indexOf(symbol) != -1): null

2019-08-15 16:24:07 - [TEST_STEP][PASSED] - symbols = symbols: null

2019-08-15 16:24:07 - [TEST_STEP][PASSED] - for ([j = 0, j &lt; symbols.size(), (j++)]): null

2019-08-15 16:24:07 - [TEST_STEP][PASSED] - symbol = symbol: null

2019-08-15 16:24:07 - [TEST_STEP][PASSED] - println(symbol): null

2019-08-15 16:24:07 - [TEST_STEP][PASSED] - if (i == 2 &amp;&amp; wildList.indexOf(symbol) != -1): null

2019-08-15 16:24:07 - [TEST_STEP][PASSED] - if (i == 3 &amp;&amp; wildList.indexOf(symbol) != -1): null

2019-08-15 16:24:07 - [TEST_STEP][PASSED] - if (i == 4 &amp;&amp; wildList.indexOf(symbol) != -1): null

2019-08-15 16:24:07 - [TEST_STEP][PASSED] - symbol = symbol: null

2019-08-15 16:24:07 - [TEST_STEP][PASSED] - println(symbol): null

2019-08-15 16:24:07 - [TEST_STEP][PASSED] - if (i == 2 &amp;&amp; wildList.indexOf(symbol) != -1): null

2019-08-15 16:24:07 - [TEST_STEP][PASSED] - if (i == 3 &amp;&amp; wildList.indexOf(symbol) != -1): null

2019-08-15 16:24:07 - [TEST_STEP][PASSED] - if (i == 4 &amp;&amp; wildList.indexOf(symbol) != -1): null

2019-08-15 16:24:07 - [TEST_STEP][PASSED] - symbol = symbol: null

2019-08-15 16:24:07 - [TEST_STEP][PASSED] - println(symbol): null

2019-08-15 16:24:07 - [TEST_STEP][PASSED] - if (i == 2 &amp;&amp; wildList.indexOf(symbol) != -1): null

2019-08-15 16:24:07 - [TEST_STEP][PASSED] - if (i == 3 &amp;&amp; wildList.indexOf(symbol) != -1): null

2019-08-15 16:24:07 - [TEST_STEP][PASSED] - if (i == 4 &amp;&amp; wildList.indexOf(symbol) != -1): null

2019-08-15 16:24:07 - [TEST_STEP][PASSED] - symbols = symbols: null

2019-08-15 16:24:07 - [TEST_STEP][PASSED] - for ([j = 0, j &lt; symbols.size(), (j++)]): null

2019-08-15 16:24:07 - [TEST_STEP][PASSED] - symbol = symbol: null

2019-08-15 16:24:07 - [TEST_STEP][PASSED] - println(symbol): null

2019-08-15 16:24:07 - [TEST_STEP][PASSED] - if (i == 2 &amp;&amp; wildList.indexOf(symbol) != -1): null

2019-08-15 16:24:07 - [TEST_STEP][PASSED] - if (i == 3 &amp;&amp; wildList.indexOf(symbol) != -1): null

2019-08-15 16:24:07 - [TEST_STEP][PASSED] - if (i == 4 &amp;&amp; wildList.indexOf(symbol) != -1): null

2019-08-15 16:24:07 - [TEST_STEP][PASSED] - symbol = symbol: null

2019-08-15 16:24:07 - [TEST_STEP][PASSED] - println(symbol): null

2019-08-15 16:24:07 - [TEST_STEP][PASSED] - if (i == 2 &amp;&amp; wildList.indexOf(symbol) != -1): null

2019-08-15 16:24:07 - [TEST_STEP][PASSED] - if (i == 3 &amp;&amp; wildList.indexOf(symbol) != -1): null

2019-08-15 16:24:07 - [TEST_STEP][PASSED] - if (i == 4 &amp;&amp; wildList.indexOf(symbol) != -1): null

2019-08-15 16:24:07 - [TEST_STEP][PASSED] - symbol = symbol: null

2019-08-15 16:24:07 - [TEST_STEP][PASSED] - println(symbol): null

2019-08-15 16:24:07 - [TEST_STEP][PASSED] - if (i == 2 &amp;&amp; wildList.indexOf(symbol) != -1): null

2019-08-15 16:24:07 - [TEST_STEP][PASSED] - if (i == 3 &amp;&amp; wildList.indexOf(symbol) != -1): null

2019-08-15 16:24:07 - [TEST_STEP][PASSED] - if (i == 4 &amp;&amp; wildList.indexOf(symbol) != -1): null

2019-08-15 16:24:07 - [TEST_STEP][PASSED] - symbols = symbols: null

2019-08-15 16:24:07 - [TEST_STEP][PASSED] - for ([j = 0, j &lt; symbols.size(), (j++)]): null

2019-08-15 16:24:07 - [TEST_STEP][PASSED] - symbol = symbol: null

2019-08-15 16:24:07 - [TEST_STEP][PASSED] - println(symbol): null

2019-08-15 16:24:07 - [TEST_STEP][PASSED] - if (i == 2 &amp;&amp; wildList.indexOf(symbol) != -1): null

2019-08-15 16:24:07 - [TEST_STEP][PASSED] - if (i == 3 &amp;&amp; wildList.indexOf(symbol) != -1): null

2019-08-15 16:24:07 - [TEST_STEP][PASSED] - if (i == 4 &amp;&amp; wildList.indexOf(symbol) != -1): null

2019-08-15 16:24:07 - [TEST_STEP][PASSED] - symbol = symbol: null

2019-08-15 16:24:07 - [TEST_STEP][PASSED] - println(symbol): null

2019-08-15 16:24:07 - [TEST_STEP][PASSED] - if (i == 2 &amp;&amp; wildList.indexOf(symbol) != -1): null

2019-08-15 16:24:07 - [TEST_STEP][PASSED] - if (i == 3 &amp;&amp; wildList.indexOf(symbol) != -1): null

2019-08-15 16:24:07 - [TEST_STEP][PASSED] - if (i == 4 &amp;&amp; wildList.indexOf(symbol) != -1): null

2019-08-15 16:24:07 - [TEST_STEP][PASSED] - symbol = symbol: null

2019-08-15 16:24:07 - [TEST_STEP][PASSED] - println(symbol): null

2019-08-15 16:24:07 - [TEST_STEP][PASSED] - if (i == 2 &amp;&amp; wildList.indexOf(symbol) != -1): null

2019-08-15 16:24:07 - [TEST_STEP][PASSED] - if (i == 3 &amp;&amp; wildList.indexOf(symbol) != -1): null

2019-08-15 16:24:07 - [TEST_STEP][PASSED] - if (i == 4 &amp;&amp; wildList.indexOf(symbol) != -1): null

2019-08-15 16:24:07 - [TEST_STEP][PASSED] - symbols = symbols: null

2019-08-15 16:24:07 - [TEST_STEP][PASSED] - for ([j = 0, j &lt; symbols.size(), (j++)]): null

2019-08-15 16:24:07 - [TEST_STEP][PASSED] - symbol = symbol: null

2019-08-15 16:24:07 - [TEST_STEP][PASSED] - println(symbol): null

2019-08-15 16:24:07 - [TEST_STEP][PASSED] - if (i == 2 &amp;&amp; wildList.indexOf(symbol) != -1): null

2019-08-15 16:24:07 - [TEST_STEP][PASSED] - if (i == 3 &amp;&amp; wildList.indexOf(symbol) != -1): null

2019-08-15 16:24:07 - [TEST_STEP][PASSED] - if (i == 4 &amp;&amp; wildList.indexOf(symbol) != -1): null

2019-08-15 16:24:07 - [TEST_STEP][PASSED] - println("wild found on reel 5, adding counter by 1"): null

2019-08-15 16:24:07 - [TEST_STEP][PASSED] - free_spin_reel_counter[2] = free_spin_reel_counter[2] + 1: null

2019-08-15 16:24:07 - [TEST_STEP][PASSED] - symbol = symbol: null

2019-08-15 16:24:07 - [TEST_STEP][PASSED] - println(symbol): null

2019-08-15 16:24:07 - [TEST_STEP][PASSED] - if (i == 2 &amp;&amp; wildList.indexOf(symbol) != -1): null

2019-08-15 16:24:07 - [TEST_STEP][PASSED] - if (i == 3 &amp;&amp; wildList.indexOf(symbol) != -1): null

2019-08-15 16:24:07 - [TEST_STEP][PASSED] - if (i == 4 &amp;&amp; wildList.indexOf(symbol) != -1): null

2019-08-15 16:24:07 - [TEST_STEP][PASSED] - symbol = symbol: null

2019-08-15 16:24:07 - [TEST_STEP][PASSED] - println(symbol): null

2019-08-15 16:24:07 - [TEST_STEP][PASSED] - if (i == 2 &amp;&amp; wildList.indexOf(symbol) != -1): null

2019-08-15 16:24:07 - [TEST_STEP][PASSED] - if (i == 3 &amp;&amp; wildList.indexOf(symbol) != -1): null

2019-08-15 16:24:07 - [TEST_STEP][PASSED] - if (i == 4 &amp;&amp; wildList.indexOf(symbol) != -1): null

2019-08-15 16:24:07 - [TEST_STEP][PASSED] - free_spin_reel_counter = free_spin_reel_counter: null

2019-08-15 16:24:07 - [TEST_STEP][PASSED] - println("reel 3 wild found: " + free_spin_reel_counter[0]): null

2019-08-15 16:24:07 - [TEST_STEP][PASSED] - println("reel 4 wild found: " + free_spin_reel_counter[1]): null

2019-08-15 16:24:07 - [TEST_STEP][PASSED] - println("reel 5 wild found: " + free_spin_reel_counter[2]): null

2019-08-15 16:24:07 - [TEST_STEP][PASSED] - M4_spin_reels = M4_spin_reels: null

2019-08-15 16:24:07 - [TEST_STEP][PASSED] - M4_spin_reels_symbols = symbol: null

2019-08-15 16:24:07 - [TEST_STEP][PASSED] - M4_spin_reels_symbols = M4_spin_reels_symbols: null

2019-08-15 16:24:07 - [TEST_STEP][PASSED] - M4_spin_reel_wins = reel_wins: null

2019-08-15 16:24:07 - [TEST_STEP][PASSED] - M4_spin_reel_wins = M4_spin_reel_wins: null

2019-08-15 16:24:07 - [TEST_STEP][PASSED] - println("GlobalVariable.M4_spin_reel_wins is: " + M4_spin_reel_wins): null

2019-08-15 16:24:07 - [TEST_STEP][PASSED] - M4_spin_total_bonus_win_this_round = total_bonus_win_this_round: null

2019-08-15 16:24:07 - [TEST_STEP][PASSED] - M4_spin_total_bonus_win_this_round = M4_spin_total_bonus_win_this_round: null

2019-08-15 16:24:07 - [TEST_STEP][PASSED] - println("GlobalVariable.M4_spin_total_bonus_win_this_round is: " + M4_spin_total_bonus_win_this_round): null

2019-08-15 16:24:07 - [MESSAGE][PASSED] - Verify response successfully

2019-08-15 16:24:07 - [MESSAGE][PASSED] - Send request and verify the response successfully

2019-08-15 16:24:07 - [TEST_STEP][PASSED] - if (M4_total_bonus_spins_int != 0 &amp;&amp; M4_spin_reels_symbols[2].contains("WILD_Normal") || M4_spin_reels_symbols[3].contains("WILD_Normal") || M4_spin_reels_symbols[4].contains("WILD_Normal")): null

2019-08-15 16:24:07 - [TEST_STEP][PASSED] - free_spin_reel_counter = free_spin_reel_counter: null

2019-08-15 16:24:07 - [TEST_STEP][PASSED] - M4_spin_reels_symbols = M4_spin_reels_symbols: null

2019-08-15 16:24:07 - [TEST_STEP][PASSED] - M4_total_bonus_spins = M4_total_bonus_spins: null

2019-08-15 16:24:07 - [TEST_STEP][PASSED] - spin_result = sendRequestAndVerify(findTestObject("STG/RGS(M4)/1_M4_spin", ["M4_login_user_id":M4_login_user_id, "rgs_session_token":rgs_session_token, "partner":Partner])): Send request and verify the response successfully

2019-08-15 16:24:07 - [TEST_CASE][PASSED] - Start Test Case : Verification: Verification accomplished successfully

2019-08-15 16:24:07 - [TEST_STEP][PASSED] - request = getInstance().getCurrentRequest(): null

2019-08-15 16:24:07 - [TEST_STEP][PASSED] - response = getInstance().getCurrentResponse(): null

2019-08-15 16:24:07 - [TEST_STEP][PASSED] - verifyResponseStatusCode(response, 200): Verify response status code successfully

2019-08-15 16:24:07 - [MESSAGE][PASSED] - Verify response status code successfully

2019-08-15 16:24:07 - [TEST_STEP][PASSED] - getStatusCode()).isEqualTo(200): null

2019-08-15 16:24:07 - [TEST_STEP][PASSED] - newline = System.getProperty("line.separator"): null

2019-08-15 16:24:07 - [TEST_STEP][PASSED] - M4_spin = new groovy.json.JsonSlurper(): null

2019-08-15 16:24:07 - [TEST_STEP][PASSED] - result_M4_spin = M4_spin.parseText(response.getResponseBodyContent()): null

2019-08-15 16:24:07 - [TEST_STEP][PASSED] - M4_spin_current_balance = current_balance: null

2019-08-15 16:24:07 - [TEST_STEP][PASSED] - M4_spin_current_balance = M4_spin_current_balance: null

2019-08-15 16:24:07 - [TEST_STEP][PASSED] - M4_spin_transaction_id = causality: null

2019-08-15 16:24:07 - [TEST_STEP][PASSED] - M4_spin_transaction_id = M4_spin_transaction_id: null

2019-08-15 16:24:07 - [TEST_STEP][PASSED] - M4_spin_round_id = round_id: null

2019-08-15 16:24:07 - [TEST_STEP][PASSED] - M4_spin_round_id = M4_spin_round_id: null

2019-08-15 16:24:07 - [TEST_STEP][PASSED] - M4_spin_line_wins = line_wins: null

2019-08-15 16:24:07 - [TEST_STEP][PASSED] - M4_spin_line_wins = M4_spin_line_wins: null

2019-08-15 16:24:07 - [TEST_STEP][PASSED] - M4_total_bonus_spins_int = total_bonus_spins: null

2019-08-15 16:24:07 - [TEST_STEP][PASSED] - println("******M4_total_bonus_spins type is:*******" + newline + getClass().getName()): null

2019-08-15 16:24:07 - [TEST_STEP][PASSED] - M4_total_bonus_spins_int = M4_total_bonus_spins_int: null

2019-08-15 16:24:07 - [TEST_STEP][PASSED] - M4_total_bonus_spins = Integer.toString(M4_total_bonus_spins_int): null

2019-08-15 16:24:07 - [TEST_STEP][PASSED] - M4_total_bonus_spins = M4_total_bonus_spins: null

2019-08-15 16:24:07 - [TEST_STEP][PASSED] - println("M4_total_bonus_spins is:" + M4_total_bonus_spins): null

2019-08-15 16:24:07 - [TEST_STEP][PASSED] - M4_spin_bonus_data = bonus_data: null

2019-08-15 16:24:07 - [TEST_STEP][PASSED] - M4_spin_features_triggered = result_M4_spin: null

2019-08-15 16:24:07 - [TEST_STEP][PASSED] - wild = []: null

2019-08-15 16:24:07 - [TEST_STEP][PASSED] - wild[0] = "WILD_Expanding": null

2019-08-15 16:24:07 - [TEST_STEP][PASSED] - wild[1] = "WILD_Normal": null

2019-08-15 16:24:07 - [TEST_STEP][PASSED] - wild[2] = "WILD_Double": null

2019-08-15 16:24:11 - [TEST_STEP][PASSED] - wild[3] = "WILD_ExtraFG": null

2019-08-15 16:24:11 - [TEST_STEP][PASSED] - wild[4] = "WILD_Triple": null

2019-08-15 16:24:11 - [TEST_STEP][PASSED] - wildList = Arrays.asList(wild): null

2019-08-15 16:24:11 - [TEST_STEP][PASSED] - wildList = wildList: null

2019-08-15 16:24:11 - [TEST_STEP][PASSED] - free_spin_reel_counter = []: null

2019-08-15 16:24:11 - [TEST_STEP][PASSED] - free_spin_reel_counter[0] = 0: null

2019-08-15 16:24:11 - [TEST_STEP][PASSED] - free_spin_reel_counter[1] = 0: null

2019-08-15 16:24:11 - [TEST_STEP][PASSED] - free_spin_reel_counter[2] = 0: null

2019-08-15 16:24:11 - [TEST_STEP][PASSED] - M4_spin_reels = reels: null

2019-08-15 16:24:11 - [TEST_STEP][PASSED] - for ([i = 0, i &lt; M4_spin_reels.size(), (i++)]): null

2019-08-15 16:24:11 - [TEST_STEP][PASSED] - symbols = symbols: null

2019-08-15 16:24:11 - [TEST_STEP][PASSED] - for ([j = 0, j &lt; symbols.size(), (j++)]): null

2019-08-15 16:24:11 - [TEST_STEP][PASSED] - symbol = symbol: null

2019-08-15 16:24:11 - [TEST_STEP][PASSED] - println(symbol): null

2019-08-15 16:24:11 - [TEST_STEP][PASSED] - if (i == 2 &amp;&amp; wildList.indexOf(symbol) != -1): null

2019-08-15 16:24:11 - [TEST_STEP][PASSED] - if (i == 3 &amp;&amp; wildList.indexOf(symbol) != -1): null

2019-08-15 16:24:11 - [TEST_STEP][PASSED] - if (i == 4 &amp;&amp; wildList.indexOf(symbol) != -1): null

2019-08-15 16:24:11 - [TEST_STEP][PASSED] - symbol = symbol: null

2019-08-15 16:24:11 - [TEST_STEP][PASSED] - println(symbol): null

2019-08-15 16:24:11 - [TEST_STEP][PASSED] - if (i == 2 &amp;&amp; wildList.indexOf(symbol) != -1): null

2019-08-15 16:24:11 - [TEST_STEP][PASSED] - if (i == 3 &amp;&amp; wildList.indexOf(symbol) != -1): null

2019-08-15 16:24:11 - [TEST_STEP][PASSED] - if (i == 4 &amp;&amp; wildList.indexOf(symbol) != -1): null

2019-08-15 16:24:11 - [TEST_STEP][PASSED] - symbol = symbol: null

2019-08-15 16:24:11 - [TEST_STEP][PASSED] - println(symbol): null

2019-08-15 16:24:11 - [TEST_STEP][PASSED] - if (i == 2 &amp;&amp; wildList.indexOf(symbol) != -1): null

2019-08-15 16:24:11 - [TEST_STEP][PASSED] - if (i == 3 &amp;&amp; wildList.indexOf(symbol) != -1): null

2019-08-15 16:24:11 - [TEST_STEP][PASSED] - if (i == 4 &amp;&amp; wildList.indexOf(symbol) != -1): null

2019-08-15 16:24:11 - [TEST_STEP][PASSED] - symbols = symbols: null

2019-08-15 16:24:11 - [TEST_STEP][PASSED] - for ([j = 0, j &lt; symbols.size(), (j++)]): null

2019-08-15 16:24:11 - [TEST_STEP][PASSED] - symbol = symbol: null

2019-08-15 16:24:11 - [TEST_STEP][PASSED] - println(symbol): null

2019-08-15 16:24:11 - [TEST_STEP][PASSED] - if (i == 2 &amp;&amp; wildList.indexOf(symbol) != -1): null

2019-08-15 16:24:11 - [TEST_STEP][PASSED] - if (i == 3 &amp;&amp; wildList.indexOf(symbol) != -1): null

2019-08-15 16:24:11 - [TEST_STEP][PASSED] - if (i == 4 &amp;&amp; wildList.indexOf(symbol) != -1): null

2019-08-15 16:24:11 - [TEST_STEP][PASSED] - symbol = symbol: null

2019-08-15 16:24:11 - [TEST_STEP][PASSED] - println(symbol): null

2019-08-15 16:24:11 - [TEST_STEP][PASSED] - if (i == 2 &amp;&amp; wildList.indexOf(symbol) != -1): null

2019-08-15 16:24:11 - [TEST_STEP][PASSED] - if (i == 3 &amp;&amp; wildList.indexOf(symbol) != -1): null

2019-08-15 16:24:11 - [TEST_STEP][PASSED] - if (i == 4 &amp;&amp; wildList.indexOf(symbol) != -1): null

2019-08-15 16:24:11 - [TEST_STEP][PASSED] - symbol = symbol: null

2019-08-15 16:24:11 - [TEST_STEP][PASSED] - println(symbol): null

2019-08-15 16:24:11 - [TEST_STEP][PASSED] - if (i == 2 &amp;&amp; wildList.indexOf(symbol) != -1): null

2019-08-15 16:24:11 - [TEST_STEP][PASSED] - if (i == 3 &amp;&amp; wildList.indexOf(symbol) != -1): null

2019-08-15 16:24:11 - [TEST_STEP][PASSED] - if (i == 4 &amp;&amp; wildList.indexOf(symbol) != -1): null

2019-08-15 16:24:11 - [TEST_STEP][PASSED] - symbols = symbols: null

2019-08-15 16:24:11 - [TEST_STEP][PASSED] - for ([j = 0, j &lt; symbols.size(), (j++)]): null

2019-08-15 16:24:11 - [TEST_STEP][PASSED] - symbol = symbol: null

2019-08-15 16:24:11 - [TEST_STEP][PASSED] - println(symbol): null

2019-08-15 16:24:11 - [TEST_STEP][PASSED] - if (i == 2 &amp;&amp; wildList.indexOf(symbol) != -1): null

2019-08-15 16:24:11 - [TEST_STEP][PASSED] - if (i == 3 &amp;&amp; wildList.indexOf(symbol) != -1): null

2019-08-15 16:24:11 - [TEST_STEP][PASSED] - if (i == 4 &amp;&amp; wildList.indexOf(symbol) != -1): null

2019-08-15 16:24:11 - [TEST_STEP][PASSED] - symbol = symbol: null

2019-08-15 16:24:11 - [TEST_STEP][PASSED] - println(symbol): null

2019-08-15 16:24:11 - [TEST_STEP][PASSED] - if (i == 2 &amp;&amp; wildList.indexOf(symbol) != -1): null

2019-08-15 16:24:11 - [TEST_STEP][PASSED] - if (i == 3 &amp;&amp; wildList.indexOf(symbol) != -1): null

2019-08-15 16:24:11 - [TEST_STEP][PASSED] - if (i == 4 &amp;&amp; wildList.indexOf(symbol) != -1): null

2019-08-15 16:24:11 - [TEST_STEP][PASSED] - symbol = symbol: null

2019-08-15 16:24:11 - [TEST_STEP][PASSED] - println(symbol): null

2019-08-15 16:24:11 - [TEST_STEP][PASSED] - if (i == 2 &amp;&amp; wildList.indexOf(symbol) != -1): null

2019-08-15 16:24:11 - [TEST_STEP][PASSED] - if (i == 3 &amp;&amp; wildList.indexOf(symbol) != -1): null

2019-08-15 16:24:11 - [TEST_STEP][PASSED] - if (i == 4 &amp;&amp; wildList.indexOf(symbol) != -1): null

2019-08-15 16:24:11 - [TEST_STEP][PASSED] - symbols = symbols: null

2019-08-15 16:24:11 - [TEST_STEP][PASSED] - for ([j = 0, j &lt; symbols.size(), (j++)]): null

2019-08-15 16:24:11 - [TEST_STEP][PASSED] - symbol = symbol: null

2019-08-15 16:24:11 - [TEST_STEP][PASSED] - println(symbol): null

2019-08-15 16:24:11 - [TEST_STEP][PASSED] - if (i == 2 &amp;&amp; wildList.indexOf(symbol) != -1): null

2019-08-15 16:24:11 - [TEST_STEP][PASSED] - if (i == 3 &amp;&amp; wildList.indexOf(symbol) != -1): null

2019-08-15 16:24:11 - [TEST_STEP][PASSED] - if (i == 4 &amp;&amp; wildList.indexOf(symbol) != -1): null

2019-08-15 16:24:11 - [TEST_STEP][PASSED] - symbol = symbol: null

2019-08-15 16:24:11 - [TEST_STEP][PASSED] - println(symbol): null

2019-08-15 16:24:11 - [TEST_STEP][PASSED] - if (i == 2 &amp;&amp; wildList.indexOf(symbol) != -1): null

2019-08-15 16:24:11 - [TEST_STEP][PASSED] - if (i == 3 &amp;&amp; wildList.indexOf(symbol) != -1): null

2019-08-15 16:24:11 - [TEST_STEP][PASSED] - if (i == 4 &amp;&amp; wildList.indexOf(symbol) != -1): null

2019-08-15 16:24:11 - [TEST_STEP][PASSED] - symbol = symbol: null

2019-08-15 16:24:11 - [TEST_STEP][PASSED] - println(symbol): null

2019-08-15 16:24:11 - [TEST_STEP][PASSED] - if (i == 2 &amp;&amp; wildList.indexOf(symbol) != -1): null

2019-08-15 16:24:11 - [TEST_STEP][PASSED] - if (i == 3 &amp;&amp; wildList.indexOf(symbol) != -1): null

2019-08-15 16:24:11 - [TEST_STEP][PASSED] - if (i == 4 &amp;&amp; wildList.indexOf(symbol) != -1): null

2019-08-15 16:24:11 - [TEST_STEP][PASSED] - symbols = symbols: null

2019-08-15 16:24:11 - [TEST_STEP][PASSED] - for ([j = 0, j &lt; symbols.size(), (j++)]): null

2019-08-15 16:24:11 - [TEST_STEP][PASSED] - symbol = symbol: null

2019-08-15 16:24:11 - [TEST_STEP][PASSED] - println(symbol): null

2019-08-15 16:24:11 - [TEST_STEP][PASSED] - if (i == 2 &amp;&amp; wildList.indexOf(symbol) != -1): null

2019-08-15 16:24:11 - [TEST_STEP][PASSED] - if (i == 3 &amp;&amp; wildList.indexOf(symbol) != -1): null

2019-08-15 16:24:11 - [TEST_STEP][PASSED] - if (i == 4 &amp;&amp; wildList.indexOf(symbol) != -1): null

2019-08-15 16:24:11 - [TEST_STEP][PASSED] - symbol = symbol: null

2019-08-15 16:24:11 - [TEST_STEP][PASSED] - println(symbol): null

2019-08-15 16:24:11 - [TEST_STEP][PASSED] - if (i == 2 &amp;&amp; wildList.indexOf(symbol) != -1): null

2019-08-15 16:24:11 - [TEST_STEP][PASSED] - if (i == 3 &amp;&amp; wildList.indexOf(symbol) != -1): null

2019-08-15 16:24:11 - [TEST_STEP][PASSED] - if (i == 4 &amp;&amp; wildList.indexOf(symbol) != -1): null

2019-08-15 16:24:11 - [TEST_STEP][PASSED] - symbol = symbol: null

2019-08-15 16:24:11 - [TEST_STEP][PASSED] - println(symbol): null

2019-08-15 16:24:11 - [TEST_STEP][PASSED] - if (i == 2 &amp;&amp; wildList.indexOf(symbol) != -1): null

2019-08-15 16:24:11 - [TEST_STEP][PASSED] - if (i == 3 &amp;&amp; wildList.indexOf(symbol) != -1): null

2019-08-15 16:24:11 - [TEST_STEP][PASSED] - if (i == 4 &amp;&amp; wildList.indexOf(symbol) != -1): null

2019-08-15 16:24:11 - [TEST_STEP][PASSED] - free_spin_reel_counter = free_spin_reel_counter: null

2019-08-15 16:24:11 - [TEST_STEP][PASSED] - println("reel 3 wild found: " + free_spin_reel_counter[0]): null

2019-08-15 16:24:11 - [TEST_STEP][PASSED] - println("reel 4 wild found: " + free_spin_reel_counter[1]): null

2019-08-15 16:24:11 - [TEST_STEP][PASSED] - println("reel 5 wild found: " + free_spin_reel_counter[2]): null

2019-08-15 16:24:11 - [TEST_STEP][PASSED] - M4_spin_reels = M4_spin_reels: null

2019-08-15 16:24:11 - [TEST_STEP][PASSED] - M4_spin_reels_symbols = symbol: null

2019-08-15 16:24:11 - [TEST_STEP][PASSED] - M4_spin_reels_symbols = M4_spin_reels_symbols: null

2019-08-15 16:24:11 - [TEST_STEP][PASSED] - M4_spin_reel_wins = reel_wins: null

2019-08-15 16:24:11 - [TEST_STEP][PASSED] - M4_spin_reel_wins = M4_spin_reel_wins: null

2019-08-15 16:24:11 - [TEST_STEP][PASSED] - println("GlobalVariable.M4_spin_reel_wins is: " + M4_spin_reel_wins): null

2019-08-15 16:24:11 - [TEST_STEP][PASSED] - M4_spin_total_bonus_win_this_round = total_bonus_win_this_round: null

2019-08-15 16:24:11 - [TEST_STEP][PASSED] - M4_spin_total_bonus_win_this_round = M4_spin_total_bonus_win_this_round: null

2019-08-15 16:24:11 - [TEST_STEP][PASSED] - println("GlobalVariable.M4_spin_total_bonus_win_this_round is: " + M4_spin_total_bonus_win_this_round): null

2019-08-15 16:24:11 - [MESSAGE][PASSED] - Verify response successfully

2019-08-15 16:24:11 - [MESSAGE][PASSED] - Send request and verify the response successfully

2019-08-15 16:24:11 - [TEST_STEP][PASSED] - if (M4_total_bonus_spins_int != 0 &amp;&amp; M4_spin_reels_symbols[2].contains("WILD_Normal") || M4_spin_reels_symbols[3].contains("WILD_Normal") || M4_spin_reels_symbols[4].contains("WILD_Normal")): null

2019-08-15 16:24:11 - [TEST_STEP][PASSED] - free_spin_reel_counter = free_spin_reel_counter: null

2019-08-15 16:24:11 - [TEST_STEP][PASSED] - M4_spin_reels_symbols = M4_spin_reels_symbols: null

2019-08-15 16:24:11 - [TEST_STEP][PASSED] - M4_total_bonus_spins = M4_total_bonus_spins: null

2019-08-15 16:24:11 - [TEST_STEP][PASSED] - spin_result = sendRequestAndVerify(findTestObject("STG/RGS(M4)/1_M4_spin", ["M4_login_user_id":M4_login_user_id, "rgs_session_token":rgs_session_token, "partner":Partner])): Send request and verify the response successfully

2019-08-15 16:24:11 - [TEST_CASE][PASSED] - Start Test Case : Verification: Verification accomplished successfully

2019-08-15 16:24:11 - [TEST_STEP][PASSED] - request = getInstance().getCurrentRequest(): null

2019-08-15 16:24:11 - [TEST_STEP][PASSED] - response = getInstance().getCurrentResponse(): null

2019-08-15 16:24:11 - [TEST_STEP][PASSED] - verifyResponseStatusCode(response, 200): Verify response status code successfully

2019-08-15 16:24:11 - [MESSAGE][PASSED] - Verify response status code successfully

2019-08-15 16:24:11 - [TEST_STEP][PASSED] - getStatusCode()).isEqualTo(200): null

2019-08-15 16:24:11 - [TEST_STEP][PASSED] - newline = System.getProperty("line.separator"): null

2019-08-15 16:24:11 - [TEST_STEP][PASSED] - M4_spin = new groovy.json.JsonSlurper(): null

2019-08-15 16:24:11 - [TEST_STEP][PASSED] - result_M4_spin = M4_spin.parseText(response.getResponseBodyContent()): null

2019-08-15 16:24:11 - [TEST_STEP][PASSED] - M4_spin_current_balance = current_balance: null

2019-08-15 16:24:11 - [TEST_STEP][PASSED] - M4_spin_current_balance = M4_spin_current_balance: null

2019-08-15 16:24:11 - [TEST_STEP][PASSED] - M4_spin_transaction_id = causality: null

2019-08-15 16:24:11 - [TEST_STEP][PASSED] - M4_spin_transaction_id = M4_spin_transaction_id: null

2019-08-15 16:24:11 - [TEST_STEP][PASSED] - M4_spin_round_id = round_id: null

2019-08-15 16:24:11 - [TEST_STEP][PASSED] - M4_spin_round_id = M4_spin_round_id: null

2019-08-15 16:24:11 - [TEST_STEP][PASSED] - M4_spin_line_wins = line_wins: null

2019-08-15 16:24:11 - [TEST_STEP][PASSED] - M4_spin_line_wins = M4_spin_line_wins: null

2019-08-15 16:24:11 - [TEST_STEP][PASSED] - M4_total_bonus_spins_int = total_bonus_spins: null

2019-08-15 16:24:11 - [TEST_STEP][PASSED] - println("******M4_total_bonus_spins type is:*******" + newline + getClass().getName()): null

2019-08-15 16:24:11 - [TEST_STEP][PASSED] - M4_total_bonus_spins_int = M4_total_bonus_spins_int: null

2019-08-15 16:24:11 - [TEST_STEP][PASSED] - M4_total_bonus_spins = Integer.toString(M4_total_bonus_spins_int): null

2019-08-15 16:24:11 - [TEST_STEP][PASSED] - M4_total_bonus_spins = M4_total_bonus_spins: null

2019-08-15 16:24:11 - [TEST_STEP][PASSED] - println("M4_total_bonus_spins is:" + M4_total_bonus_spins): null

2019-08-15 16:24:11 - [TEST_STEP][PASSED] - M4_spin_bonus_data = bonus_data: null

2019-08-15 16:24:11 - [TEST_STEP][PASSED] - M4_spin_features_triggered = result_M4_spin: null

2019-08-15 16:24:11 - [TEST_STEP][PASSED] - wild = []: null

2019-08-15 16:24:11 - [TEST_STEP][PASSED] - wild[0] = "WILD_Expanding": null

2019-08-15 16:24:11 - [TEST_STEP][PASSED] - wild[1] = "WILD_Normal": null

2019-08-15 16:24:11 - [TEST_STEP][PASSED] - wild[2] = "WILD_Double": null

2019-08-15 16:24:11 - [TEST_STEP][PASSED] - wild[3] = "WILD_ExtraFG": null

2019-08-15 16:24:11 - [TEST_STEP][PASSED] - wild[4] = "WILD_Triple": null

2019-08-15 16:24:11 - [TEST_STEP][PASSED] - wildList = Arrays.asList(wild): null

2019-08-15 16:24:11 - [TEST_STEP][PASSED] - wildList = wildList: null

2019-08-15 16:24:11 - [TEST_STEP][PASSED] - free_spin_reel_counter = []: null

2019-08-15 16:24:11 - [TEST_STEP][PASSED] - free_spin_reel_counter[0] = 0: null

2019-08-15 16:24:11 - [TEST_STEP][PASSED] - free_spin_reel_counter[1] = 0: null

2019-08-15 16:24:11 - [TEST_STEP][PASSED] - free_spin_reel_counter[2] = 0: null

2019-08-15 16:24:11 - [TEST_STEP][PASSED] - M4_spin_reels = reels: null

2019-08-15 16:24:11 - [TEST_STEP][PASSED] - for ([i = 0, i &lt; M4_spin_reels.size(), (i++)]): null

2019-08-15 16:24:11 - [TEST_STEP][PASSED] - symbols = symbols: null

2019-08-15 16:24:11 - [TEST_STEP][PASSED] - for ([j = 0, j &lt; symbols.size(), (j++)]): null

2019-08-15 16:24:11 - [TEST_STEP][PASSED] - symbol = symbol: null

2019-08-15 16:24:11 - [TEST_STEP][PASSED] - println(symbol): null

2019-08-15 16:24:11 - [TEST_STEP][PASSED] - if (i == 2 &amp;&amp; wildList.indexOf(symbol) != -1): null

2019-08-15 16:24:11 - [TEST_STEP][PASSED] - if (i == 3 &amp;&amp; wildList.indexOf(symbol) != -1): null

2019-08-15 16:24:11 - [TEST_STEP][PASSED] - if (i == 4 &amp;&amp; wildList.indexOf(symbol) != -1): null

2019-08-15 16:24:11 - [TEST_STEP][PASSED] - symbol = symbol: null

2019-08-15 16:24:11 - [TEST_STEP][PASSED] - println(symbol): null

2019-08-15 16:24:11 - [TEST_STEP][PASSED] - if (i == 2 &amp;&amp; wildList.indexOf(symbol) != -1): null

2019-08-15 16:24:11 - [TEST_STEP][PASSED] - if (i == 3 &amp;&amp; wildList.indexOf(symbol) != -1): null

2019-08-15 16:24:11 - [TEST_STEP][PASSED] - if (i == 4 &amp;&amp; wildList.indexOf(symbol) != -1): null

2019-08-15 16:24:11 - [TEST_STEP][PASSED] - symbol = symbol: null

2019-08-15 16:24:11 - [TEST_STEP][PASSED] - println(symbol): null

2019-08-15 16:24:11 - [TEST_STEP][PASSED] - if (i == 2 &amp;&amp; wildList.indexOf(symbol) != -1): null

2019-08-15 16:24:11 - [TEST_STEP][PASSED] - if (i == 3 &amp;&amp; wildList.indexOf(symbol) != -1): null

2019-08-15 16:24:11 - [TEST_STEP][PASSED] - if (i == 4 &amp;&amp; wildList.indexOf(symbol) != -1): null

2019-08-15 16:24:11 - [TEST_STEP][PASSED] - symbols = symbols: null

2019-08-15 16:24:11 - [TEST_STEP][PASSED] - for ([j = 0, j &lt; symbols.size(), (j++)]): null

2019-08-15 16:24:11 - [TEST_STEP][PASSED] - symbol = symbol: null

2019-08-15 16:24:11 - [TEST_STEP][PASSED] - println(symbol): null

2019-08-15 16:24:11 - [TEST_STEP][PASSED] - if (i == 2 &amp;&amp; wildList.indexOf(symbol) != -1): null

2019-08-15 16:24:11 - [TEST_STEP][PASSED] - if (i == 3 &amp;&amp; wildList.indexOf(symbol) != -1): null

2019-08-15 16:24:11 - [TEST_STEP][PASSED] - if (i == 4 &amp;&amp; wildList.indexOf(symbol) != -1): null

2019-08-15 16:24:11 - [TEST_STEP][PASSED] - symbol = symbol: null

2019-08-15 16:24:11 - [TEST_STEP][PASSED] - println(symbol): null

2019-08-15 16:24:11 - [TEST_STEP][PASSED] - if (i == 2 &amp;&amp; wildList.indexOf(symbol) != -1): null

2019-08-15 16:24:11 - [TEST_STEP][PASSED] - if (i == 3 &amp;&amp; wildList.indexOf(symbol) != -1): null

2019-08-15 16:24:11 - [TEST_STEP][PASSED] - if (i == 4 &amp;&amp; wildList.indexOf(symbol) != -1): null

2019-08-15 16:24:11 - [TEST_STEP][PASSED] - symbol = symbol: null

2019-08-15 16:24:11 - [TEST_STEP][PASSED] - println(symbol): null

2019-08-15 16:24:11 - [TEST_STEP][PASSED] - if (i == 2 &amp;&amp; wildList.indexOf(symbol) != -1): null

2019-08-15 16:24:11 - [TEST_STEP][PASSED] - if (i == 3 &amp;&amp; wildList.indexOf(symbol) != -1): null

2019-08-15 16:24:11 - [TEST_STEP][PASSED] - if (i == 4 &amp;&amp; wildList.indexOf(symbol) != -1): null

2019-08-15 16:24:11 - [TEST_STEP][PASSED] - symbols = symbols: null

2019-08-15 16:24:11 - [TEST_STEP][PASSED] - for ([j = 0, j &lt; symbols.size(), (j++)]): null

2019-08-15 16:24:11 - [TEST_STEP][PASSED] - symbol = symbol: null

2019-08-15 16:24:11 - [TEST_STEP][PASSED] - println(symbol): null

2019-08-15 16:24:11 - [TEST_STEP][PASSED] - if (i == 2 &amp;&amp; wildList.indexOf(symbol) != -1): null

2019-08-15 16:24:11 - [TEST_STEP][PASSED] - if (i == 3 &amp;&amp; wildList.indexOf(symbol) != -1): null

2019-08-15 16:24:11 - [TEST_STEP][PASSED] - if (i == 4 &amp;&amp; wildList.indexOf(symbol) != -1): null

2019-08-15 16:24:11 - [TEST_STEP][PASSED] - symbol = symbol: null

2019-08-15 16:24:11 - [TEST_STEP][PASSED] - println(symbol): null

2019-08-15 16:24:11 - [TEST_STEP][PASSED] - if (i == 2 &amp;&amp; wildList.indexOf(symbol) != -1): null

2019-08-15 16:24:11 - [TEST_STEP][PASSED] - println("wild found on reel 3, adding counter by 1"): null

2019-08-15 16:24:11 - [TEST_STEP][PASSED] - free_spin_reel_counter[0] = free_spin_reel_counter[0] + 1: null

2019-08-15 16:24:11 - [TEST_STEP][PASSED] - if (i == 3 &amp;&amp; wildList.indexOf(symbol) != -1): null

2019-08-15 16:24:11 - [TEST_STEP][PASSED] - if (i == 4 &amp;&amp; wildList.indexOf(symbol) != -1): null

2019-08-15 16:24:11 - [TEST_STEP][PASSED] - symbol = symbol: null

2019-08-15 16:24:11 - [TEST_STEP][PASSED] - println(symbol): null

2019-08-15 16:24:11 - [TEST_STEP][PASSED] - if (i == 2 &amp;&amp; wildList.indexOf(symbol) != -1): null

2019-08-15 16:24:11 - [TEST_STEP][PASSED] - if (i == 3 &amp;&amp; wildList.indexOf(symbol) != -1): null

2019-08-15 16:24:11 - [TEST_STEP][PASSED] - if (i == 4 &amp;&amp; wildList.indexOf(symbol) != -1): null

2019-08-15 16:24:11 - [TEST_STEP][PASSED] - symbols = symbols: null

2019-08-15 16:24:11 - [TEST_STEP][PASSED] - for ([j = 0, j &lt; symbols.size(), (j++)]): null

2019-08-15 16:24:11 - [TEST_STEP][PASSED] - symbol = symbol: null

2019-08-15 16:24:11 - [TEST_STEP][PASSED] - println(symbol): null

2019-08-15 16:24:11 - [TEST_STEP][PASSED] - if (i == 2 &amp;&amp; wildList.indexOf(symbol) != -1): null

2019-08-15 16:24:11 - [TEST_STEP][PASSED] - if (i == 3 &amp;&amp; wildList.indexOf(symbol) != -1): null

2019-08-15 16:24:11 - [TEST_STEP][PASSED] - if (i == 4 &amp;&amp; wildList.indexOf(symbol) != -1): null

2019-08-15 16:24:11 - [TEST_STEP][PASSED] - symbol = symbol: null

2019-08-15 16:24:11 - [TEST_STEP][PASSED] - println(symbol): null

2019-08-15 16:24:11 - [TEST_STEP][PASSED] - if (i == 2 &amp;&amp; wildList.indexOf(symbol) != -1): null

2019-08-15 16:24:11 - [TEST_STEP][PASSED] - if (i == 3 &amp;&amp; wildList.indexOf(symbol) != -1): null

2019-08-15 16:24:11 - [TEST_STEP][PASSED] - if (i == 4 &amp;&amp; wildList.indexOf(symbol) != -1): null

2019-08-15 16:24:11 - [TEST_STEP][PASSED] - symbol = symbol: null

2019-08-15 16:24:11 - [TEST_STEP][PASSED] - println(symbol): null

2019-08-15 16:24:11 - [TEST_STEP][PASSED] - if (i == 2 &amp;&amp; wildList.indexOf(symbol) != -1): null

2019-08-15 16:24:11 - [TEST_STEP][PASSED] - if (i == 3 &amp;&amp; wildList.indexOf(symbol) != -1): null

2019-08-15 16:24:11 - [TEST_STEP][PASSED] - if (i == 4 &amp;&amp; wildList.indexOf(symbol) != -1): null

2019-08-15 16:24:11 - [TEST_STEP][PASSED] - symbols = symbols: null

2019-08-15 16:24:11 - [TEST_STEP][PASSED] - for ([j = 0, j &lt; symbols.size(), (j++)]): null

2019-08-15 16:24:11 - [TEST_STEP][PASSED] - symbol = symbol: null

2019-08-15 16:24:11 - [TEST_STEP][PASSED] - println(symbol): null

2019-08-15 16:24:11 - [TEST_STEP][PASSED] - if (i == 2 &amp;&amp; wildList.indexOf(symbol) != -1): null

2019-08-15 16:24:11 - [TEST_STEP][PASSED] - if (i == 3 &amp;&amp; wildList.indexOf(symbol) != -1): null

2019-08-15 16:24:11 - [TEST_STEP][PASSED] - if (i == 4 &amp;&amp; wildList.indexOf(symbol) != -1): null

2019-08-15 16:24:11 - [TEST_STEP][PASSED] - symbol = symbol: null

2019-08-15 16:24:11 - [TEST_STEP][PASSED] - println(symbol): null

2019-08-15 16:24:11 - [TEST_STEP][PASSED] - if (i == 2 &amp;&amp; wildList.indexOf(symbol) != -1): null

2019-08-15 16:24:11 - [TEST_STEP][PASSED] - if (i == 3 &amp;&amp; wildList.indexOf(symbol) != -1): null

2019-08-15 16:24:11 - [TEST_STEP][PASSED] - if (i == 4 &amp;&amp; wildList.indexOf(symbol) != -1): null

2019-08-15 16:24:11 - [TEST_STEP][PASSED] - symbol = symbol: null

2019-08-15 16:24:11 - [TEST_STEP][PASSED] - println(symbol): null

2019-08-15 16:24:11 - [TEST_STEP][PASSED] - if (i == 2 &amp;&amp; wildList.indexOf(symbol) != -1): null

2019-08-15 16:24:11 - [TEST_STEP][PASSED] - if (i == 3 &amp;&amp; wildList.indexOf(symbol) != -1): null

2019-08-15 16:24:11 - [TEST_STEP][PASSED] - if (i == 4 &amp;&amp; wildList.indexOf(symbol) != -1): null

2019-08-15 16:24:11 - [TEST_STEP][PASSED] - free_spin_reel_counter = free_spin_reel_counter: null

2019-08-15 16:24:11 - [TEST_STEP][PASSED] - println("reel 3 wild found: " + free_spin_reel_counter[0]): null

2019-08-15 16:24:11 - [TEST_STEP][PASSED] - println("reel 4 wild found: " + free_spin_reel_counter[1]): null

2019-08-15 16:24:11 - [TEST_STEP][PASSED] - println("reel 5 wild found: " + free_spin_reel_counter[2]): null

2019-08-15 16:24:11 - [TEST_STEP][PASSED] - M4_spin_reels = M4_spin_reels: null

2019-08-15 16:24:11 - [TEST_STEP][PASSED] - M4_spin_reels_symbols = symbol: null

2019-08-15 16:24:11 - [TEST_STEP][PASSED] - M4_spin_reels_symbols = M4_spin_reels_symbols: null

2019-08-15 16:24:11 - [TEST_STEP][PASSED] - M4_spin_reel_wins = reel_wins: null

2019-08-15 16:24:11 - [TEST_STEP][PASSED] - M4_spin_reel_wins = M4_spin_reel_wins: null

2019-08-15 16:24:11 - [TEST_STEP][PASSED] - println("GlobalVariable.M4_spin_reel_wins is: " + M4_spin_reel_wins): null

2019-08-15 16:24:11 - [TEST_STEP][PASSED] - M4_spin_total_bonus_win_this_round = total_bonus_win_this_round: null

2019-08-15 16:24:11 - [TEST_STEP][PASSED] - M4_spin_total_bonus_win_this_round = M4_spin_total_bonus_win_this_round: null

2019-08-15 16:24:11 - [TEST_STEP][PASSED] - println("GlobalVariable.M4_spin_total_bonus_win_this_round is: " + M4_spin_total_bonus_win_this_round): null

2019-08-15 16:24:11 - [MESSAGE][PASSED] - Verify response successfully

2019-08-15 16:24:11 - [MESSAGE][PASSED] - Send request and verify the response successfully

2019-08-15 16:24:11 - [TEST_STEP][PASSED] - if (M4_total_bonus_spins_int != 0 &amp;&amp; M4_spin_reels_symbols[2].contains("WILD_Normal") || M4_spin_reels_symbols[3].contains("WILD_Normal") || M4_spin_reels_symbols[4].contains("WILD_Normal")): null

2019-08-15 16:24:11 - [TEST_STEP][PASSED] - free_spin_reel_counter = free_spin_reel_counter: null

2019-08-15 16:24:11 - [TEST_STEP][PASSED] - M4_spin_reels_symbols = M4_spin_reels_symbols: null

2019-08-15 16:24:11 - [TEST_STEP][PASSED] - M4_total_bonus_spins = M4_total_bonus_spins: null

2019-08-15 16:24:11 - [TEST_STEP][PASSED] - spin_result = sendRequestAndVerify(findTestObject("STG/RGS(M4)/1_M4_spin", ["M4_login_user_id":M4_login_user_id, "rgs_session_token":rgs_session_token, "partner":Partner])): Send request and verify the response successfully

2019-08-15 16:24:11 - [TEST_CASE][PASSED] - Start Test Case : Verification: Verification accomplished successfully

2019-08-15 16:24:11 - [TEST_STEP][PASSED] - request = getInstance().getCurrentRequest(): null

2019-08-15 16:24:11 - [TEST_STEP][PASSED] - response = getInstance().getCurrentResponse(): null

2019-08-15 16:24:11 - [TEST_STEP][PASSED] - verifyResponseStatusCode(response, 200): Verify response status code successfully

2019-08-15 16:24:11 - [MESSAGE][PASSED] - Verify response status code successfully

2019-08-15 16:24:11 - [TEST_STEP][PASSED] - getStatusCode()).isEqualTo(200): null

2019-08-15 16:24:11 - [TEST_STEP][PASSED] - newline = System.getProperty("line.separator"): null

2019-08-15 16:24:11 - [TEST_STEP][PASSED] - M4_spin = new groovy.json.JsonSlurper(): null

2019-08-15 16:24:11 - [TEST_STEP][PASSED] - result_M4_spin = M4_spin.parseText(response.getResponseBodyContent()): null

2019-08-15 16:24:11 - [TEST_STEP][PASSED] - M4_spin_current_balance = current_balance: null

2019-08-15 16:24:11 - [TEST_STEP][PASSED] - M4_spin_current_balance = M4_spin_current_balance: null

2019-08-15 16:24:11 - [TEST_STEP][PASSED] - M4_spin_transaction_id = causality: null

2019-08-15 16:24:11 - [TEST_STEP][PASSED] - M4_spin_transaction_id = M4_spin_transaction_id: null

2019-08-15 16:24:11 - [TEST_STEP][PASSED] - M4_spin_round_id = round_id: null

2019-08-15 16:24:11 - [TEST_STEP][PASSED] - M4_spin_round_id = M4_spin_round_id: null

2019-08-15 16:24:11 - [TEST_STEP][PASSED] - M4_spin_line_wins = line_wins: null

2019-08-15 16:24:11 - [TEST_STEP][PASSED] - M4_spin_line_wins = M4_spin_line_wins: null

2019-08-15 16:24:11 - [TEST_STEP][PASSED] - M4_total_bonus_spins_int = total_bonus_spins: null

2019-08-15 16:24:11 - [TEST_STEP][PASSED] - println("******M4_total_bonus_spins type is:*******" + newline + getClass().getName()): null

2019-08-15 16:24:11 - [TEST_STEP][PASSED] - M4_total_bonus_spins_int = M4_total_bonus_spins_int: null

2019-08-15 16:24:11 - [TEST_STEP][PASSED] - M4_total_bonus_spins = Integer.toString(M4_total_bonus_spins_int): null

2019-08-15 16:24:11 - [TEST_STEP][PASSED] - M4_total_bonus_spins = M4_total_bonus_spins: null

2019-08-15 16:24:11 - [TEST_STEP][PASSED] - println("M4_total_bonus_spins is:" + M4_total_bonus_spins): null

2019-08-15 16:24:11 - [TEST_STEP][PASSED] - M4_spin_bonus_data = bonus_data: null

2019-08-15 16:24:11 - [TEST_STEP][PASSED] - M4_spin_features_triggered = result_M4_spin: null

2019-08-15 16:24:11 - [TEST_STEP][PASSED] - wild = []: null

2019-08-15 16:24:11 - [TEST_STEP][PASSED] - wild[0] = "WILD_Expanding": null

2019-08-15 16:24:11 - [TEST_STEP][PASSED] - wild[1] = "WILD_Normal": null

2019-08-15 16:24:11 - [TEST_STEP][PASSED] - wild[2] = "WILD_Double": null

2019-08-15 16:24:11 - [TEST_STEP][PASSED] - wild[3] = "WILD_ExtraFG": null

2019-08-15 16:24:11 - [TEST_STEP][PASSED] - wild[4] = "WILD_Triple": null

2019-08-15 16:24:11 - [TEST_STEP][PASSED] - wildList = Arrays.asList(wild): null

2019-08-15 16:24:11 - [TEST_STEP][PASSED] - wildList = wildList: null

2019-08-15 16:24:11 - [TEST_STEP][PASSED] - free_spin_reel_counter = []: null

2019-08-15 16:24:11 - [TEST_STEP][PASSED] - free_spin_reel_counter[0] = 0: null

2019-08-15 16:24:11 - [TEST_STEP][PASSED] - free_spin_reel_counter[1] = 0: null

2019-08-15 16:24:11 - [TEST_STEP][PASSED] - free_spin_reel_counter[2] = 0: null

2019-08-15 16:24:11 - [TEST_STEP][PASSED] - M4_spin_reels = reels: null

2019-08-15 16:24:11 - [TEST_STEP][PASSED] - for ([i = 0, i &lt; M4_spin_reels.size(), (i++)]): null

2019-08-15 16:24:11 - [TEST_STEP][PASSED] - symbols = symbols: null

2019-08-15 16:24:11 - [TEST_STEP][PASSED] - for ([j = 0, j &lt; symbols.size(), (j++)]): null

2019-08-15 16:24:11 - [TEST_STEP][PASSED] - symbol = symbol: null

2019-08-15 16:24:11 - [TEST_STEP][PASSED] - println(symbol): null

2019-08-15 16:24:11 - [TEST_STEP][PASSED] - if (i == 2 &amp;&amp; wildList.indexOf(symbol) != -1): null

2019-08-15 16:24:11 - [TEST_STEP][PASSED] - if (i == 3 &amp;&amp; wildList.indexOf(symbol) != -1): null

2019-08-15 16:24:11 - [TEST_STEP][PASSED] - if (i == 4 &amp;&amp; wildList.indexOf(symbol) != -1): null

2019-08-15 16:24:11 - [TEST_STEP][PASSED] - symbol = symbol: null

2019-08-15 16:24:11 - [TEST_STEP][PASSED] - println(symbol): null

2019-08-15 16:24:11 - [TEST_STEP][PASSED] - if (i == 2 &amp;&amp; wildList.indexOf(symbol) != -1): null

2019-08-15 16:24:11 - [TEST_STEP][PASSED] - if (i == 3 &amp;&amp; wildList.indexOf(symbol) != -1): null

2019-08-15 16:24:11 - [TEST_STEP][PASSED] - if (i == 4 &amp;&amp; wildList.indexOf(symbol) != -1): null

2019-08-15 16:24:11 - [TEST_STEP][PASSED] - symbol = symbol: null

2019-08-15 16:24:11 - [TEST_STEP][PASSED] - println(symbol): null

2019-08-15 16:24:11 - [TEST_STEP][PASSED] - if (i == 2 &amp;&amp; wildList.indexOf(symbol) != -1): null

2019-08-15 16:24:11 - [TEST_STEP][PASSED] - if (i == 3 &amp;&amp; wildList.indexOf(symbol) != -1): null

2019-08-15 16:24:11 - [TEST_STEP][PASSED] - if (i == 4 &amp;&amp; wildList.indexOf(symbol) != -1): null

2019-08-15 16:24:11 - [TEST_STEP][PASSED] - symbols = symbols: null

2019-08-15 16:24:11 - [TEST_STEP][PASSED] - for ([j = 0, j &lt; symbols.size(), (j++)]): null

2019-08-15 16:24:11 - [TEST_STEP][PASSED] - symbol = symbol: null

2019-08-15 16:24:11 - [TEST_STEP][PASSED] - println(symbol): null

2019-08-15 16:24:11 - [TEST_STEP][PASSED] - if (i == 2 &amp;&amp; wildList.indexOf(symbol) != -1): null

2019-08-15 16:24:11 - [TEST_STEP][PASSED] - if (i == 3 &amp;&amp; wildList.indexOf(symbol) != -1): null

2019-08-15 16:24:11 - [TEST_STEP][PASSED] - if (i == 4 &amp;&amp; wildList.indexOf(symbol) != -1): null

2019-08-15 16:24:11 - [TEST_STEP][PASSED] - symbol = symbol: null

2019-08-15 16:24:11 - [TEST_STEP][PASSED] - println(symbol): null

2019-08-15 16:24:11 - [TEST_STEP][PASSED] - if (i == 2 &amp;&amp; wildList.indexOf(symbol) != -1): null

2019-08-15 16:24:11 - [TEST_STEP][PASSED] - if (i == 3 &amp;&amp; wildList.indexOf(symbol) != -1): null

2019-08-15 16:24:11 - [TEST_STEP][PASSED] - if (i == 4 &amp;&amp; wildList.indexOf(symbol) != -1): null

2019-08-15 16:24:11 - [TEST_STEP][PASSED] - symbol = symbol: null

2019-08-15 16:24:11 - [TEST_STEP][PASSED] - println(symbol): null

2019-08-15 16:24:11 - [TEST_STEP][PASSED] - if (i == 2 &amp;&amp; wildList.indexOf(symbol) != -1): null

2019-08-15 16:24:11 - [TEST_STEP][PASSED] - if (i == 3 &amp;&amp; wildList.indexOf(symbol) != -1): null

2019-08-15 16:24:11 - [TEST_STEP][PASSED] - if (i == 4 &amp;&amp; wildList.indexOf(symbol) != -1): null

2019-08-15 16:24:11 - [TEST_STEP][PASSED] - symbols = symbols: null

2019-08-15 16:24:11 - [TEST_STEP][PASSED] - for ([j = 0, j &lt; symbols.size(), (j++)]): null

2019-08-15 16:24:11 - [TEST_STEP][PASSED] - symbol = symbol: null

2019-08-15 16:24:11 - [TEST_STEP][PASSED] - println(symbol): null

2019-08-15 16:24:11 - [TEST_STEP][PASSED] - if (i == 2 &amp;&amp; wildList.indexOf(symbol) != -1): null

2019-08-15 16:24:11 - [TEST_STEP][PASSED] - if (i == 3 &amp;&amp; wildList.indexOf(symbol) != -1): null

2019-08-15 16:24:11 - [TEST_STEP][PASSED] - if (i == 4 &amp;&amp; wildList.indexOf(symbol) != -1): null

2019-08-15 16:24:11 - [TEST_STEP][PASSED] - symbol = symbol: null

2019-08-15 16:24:11 - [TEST_STEP][PASSED] - println(symbol): null

2019-08-15 16:24:11 - [TEST_STEP][PASSED] - if (i == 2 &amp;&amp; wildList.indexOf(symbol) != -1): null

2019-08-15 16:24:11 - [TEST_STEP][PASSED] - if (i == 3 &amp;&amp; wildList.indexOf(symbol) != -1): null

2019-08-15 16:24:11 - [TEST_STEP][PASSED] - if (i == 4 &amp;&amp; wildList.indexOf(symbol) != -1): null

2019-08-15 16:24:11 - [TEST_STEP][PASSED] - symbol = symbol: null

2019-08-15 16:24:11 - [TEST_STEP][PASSED] - println(symbol): null

2019-08-15 16:24:11 - [TEST_STEP][PASSED] - if (i == 2 &amp;&amp; wildList.indexOf(symbol) != -1): null

2019-08-15 16:24:11 - [TEST_STEP][PASSED] - if (i == 3 &amp;&amp; wildList.indexOf(symbol) != -1): null

2019-08-15 16:24:11 - [TEST_STEP][PASSED] - if (i == 4 &amp;&amp; wildList.indexOf(symbol) != -1): null

2019-08-15 16:24:11 - [TEST_STEP][PASSED] - symbols = symbols: null

2019-08-15 16:24:11 - [TEST_STEP][PASSED] - for ([j = 0, j &lt; symbols.size(), (j++)]): null

2019-08-15 16:24:11 - [TEST_STEP][PASSED] - symbol = symbol: null

2019-08-15 16:24:11 - [TEST_STEP][PASSED] - println(symbol): null

2019-08-15 16:24:11 - [TEST_STEP][PASSED] - if (i == 2 &amp;&amp; wildList.indexOf(symbol) != -1): null

2019-08-15 16:24:11 - [TEST_STEP][PASSED] - if (i == 3 &amp;&amp; wildList.indexOf(symbol) != -1): null

2019-08-15 16:24:11 - [TEST_STEP][PASSED] - if (i == 4 &amp;&amp; wildList.indexOf(symbol) != -1): null

2019-08-15 16:24:11 - [TEST_STEP][PASSED] - symbol = symbol: null

2019-08-15 16:24:11 - [TEST_STEP][PASSED] - println(symbol): null

2019-08-15 16:24:11 - [TEST_STEP][PASSED] - if (i == 2 &amp;&amp; wildList.indexOf(symbol) != -1): null

2019-08-15 16:24:11 - [TEST_STEP][PASSED] - if (i == 3 &amp;&amp; wildList.indexOf(symbol) != -1): null

2019-08-15 16:24:11 - [TEST_STEP][PASSED] - if (i == 4 &amp;&amp; wildList.indexOf(symbol) != -1): null

2019-08-15 16:24:11 - [TEST_STEP][PASSED] - symbol = symbol: null

2019-08-15 16:24:11 - [TEST_STEP][PASSED] - println(symbol): null

2019-08-15 16:24:11 - [TEST_STEP][PASSED] - if (i == 2 &amp;&amp; wildList.indexOf(symbol) != -1): null

2019-08-15 16:24:11 - [TEST_STEP][PASSED] - if (i == 3 &amp;&amp; wildList.indexOf(symbol) != -1): null

2019-08-15 16:24:11 - [TEST_STEP][PASSED] - if (i == 4 &amp;&amp; wildList.indexOf(symbol) != -1): null

2019-08-15 16:24:11 - [TEST_STEP][PASSED] - symbols = symbols: null

2019-08-15 16:24:11 - [TEST_STEP][PASSED] - for ([j = 0, j &lt; symbols.size(), (j++)]): null

2019-08-15 16:24:11 - [TEST_STEP][PASSED] - symbol = symbol: null

2019-08-15 16:24:11 - [TEST_STEP][PASSED] - println(symbol): null

2019-08-15 16:24:11 - [TEST_STEP][PASSED] - if (i == 2 &amp;&amp; wildList.indexOf(symbol) != -1): null

2019-08-15 16:24:11 - [TEST_STEP][PASSED] - if (i == 3 &amp;&amp; wildList.indexOf(symbol) != -1): null

2019-08-15 16:24:11 - [TEST_STEP][PASSED] - if (i == 4 &amp;&amp; wildList.indexOf(symbol) != -1): null

2019-08-15 16:24:11 - [TEST_STEP][PASSED] - symbol = symbol: null

2019-08-15 16:24:11 - [TEST_STEP][PASSED] - println(symbol): null

2019-08-15 16:24:11 - [TEST_STEP][PASSED] - if (i == 2 &amp;&amp; wildList.indexOf(symbol) != -1): null

2019-08-15 16:24:11 - [TEST_STEP][PASSED] - if (i == 3 &amp;&amp; wildList.indexOf(symbol) != -1): null

2019-08-15 16:24:11 - [TEST_STEP][PASSED] - if (i == 4 &amp;&amp; wildList.indexOf(symbol) != -1): null

2019-08-15 16:24:11 - [TEST_STEP][PASSED] - symbol = symbol: null

2019-08-15 16:24:11 - [TEST_STEP][PASSED] - println(symbol): null

2019-08-15 16:24:11 - [TEST_STEP][PASSED] - if (i == 2 &amp;&amp; wildList.indexOf(symbol) != -1): null

2019-08-15 16:24:11 - [TEST_STEP][PASSED] - if (i == 3 &amp;&amp; wildList.indexOf(symbol) != -1): null

2019-08-15 16:24:11 - [TEST_STEP][PASSED] - if (i == 4 &amp;&amp; wildList.indexOf(symbol) != -1): null

2019-08-15 16:24:15 - [TEST_STEP][PASSED] - free_spin_reel_counter = free_spin_reel_counter: null

2019-08-15 16:24:15 - [TEST_STEP][PASSED] - println("reel 3 wild found: " + free_spin_reel_counter[0]): null

2019-08-15 16:24:15 - [TEST_STEP][PASSED] - println("reel 4 wild found: " + free_spin_reel_counter[1]): null

2019-08-15 16:24:15 - [TEST_STEP][PASSED] - println("reel 5 wild found: " + free_spin_reel_counter[2]): null

2019-08-15 16:24:15 - [TEST_STEP][PASSED] - M4_spin_reels = M4_spin_reels: null

2019-08-15 16:24:15 - [TEST_STEP][PASSED] - M4_spin_reels_symbols = symbol: null

2019-08-15 16:24:15 - [TEST_STEP][PASSED] - M4_spin_reels_symbols = M4_spin_reels_symbols: null

2019-08-15 16:24:15 - [TEST_STEP][PASSED] - M4_spin_reel_wins = reel_wins: null

2019-08-15 16:24:15 - [TEST_STEP][PASSED] - M4_spin_reel_wins = M4_spin_reel_wins: null

2019-08-15 16:24:15 - [TEST_STEP][PASSED] - println("GlobalVariable.M4_spin_reel_wins is: " + M4_spin_reel_wins): null

2019-08-15 16:24:15 - [TEST_STEP][PASSED] - M4_spin_total_bonus_win_this_round = total_bonus_win_this_round: null

2019-08-15 16:24:15 - [TEST_STEP][PASSED] - M4_spin_total_bonus_win_this_round = M4_spin_total_bonus_win_this_round: null

2019-08-15 16:24:15 - [TEST_STEP][PASSED] - println("GlobalVariable.M4_spin_total_bonus_win_this_round is: " + M4_spin_total_bonus_win_this_round): null

2019-08-15 16:24:15 - [MESSAGE][PASSED] - Verify response successfully

2019-08-15 16:24:15 - [MESSAGE][PASSED] - Send request and verify the response successfully

2019-08-15 16:24:15 - [TEST_STEP][PASSED] - if (M4_total_bonus_spins_int != 0 &amp;&amp; M4_spin_reels_symbols[2].contains("WILD_Normal") || M4_spin_reels_symbols[3].contains("WILD_Normal") || M4_spin_reels_symbols[4].contains("WILD_Normal")): null

2019-08-15 16:24:15 - [TEST_STEP][PASSED] - free_spin_reel_counter = free_spin_reel_counter: null

2019-08-15 16:24:15 - [TEST_STEP][PASSED] - M4_spin_reels_symbols = M4_spin_reels_symbols: null

2019-08-15 16:24:15 - [TEST_STEP][PASSED] - M4_total_bonus_spins = M4_total_bonus_spins: null

2019-08-15 16:24:15 - [TEST_STEP][PASSED] - spin_result = sendRequestAndVerify(findTestObject("STG/RGS(M4)/1_M4_spin", ["M4_login_user_id":M4_login_user_id, "rgs_session_token":rgs_session_token, "partner":Partner])): Send request and verify the response successfully

2019-08-15 16:24:15 - [TEST_CASE][PASSED] - Start Test Case : Verification: Verification accomplished successfully

2019-08-15 16:24:15 - [TEST_STEP][PASSED] - request = getInstance().getCurrentRequest(): null

2019-08-15 16:24:15 - [TEST_STEP][PASSED] - response = getInstance().getCurrentResponse(): null

2019-08-15 16:24:15 - [TEST_STEP][PASSED] - verifyResponseStatusCode(response, 200): Verify response status code successfully

2019-08-15 16:24:15 - [MESSAGE][PASSED] - Verify response status code successfully

2019-08-15 16:24:15 - [TEST_STEP][PASSED] - getStatusCode()).isEqualTo(200): null

2019-08-15 16:24:15 - [TEST_STEP][PASSED] - newline = System.getProperty("line.separator"): null

2019-08-15 16:24:15 - [TEST_STEP][PASSED] - M4_spin = new groovy.json.JsonSlurper(): null

2019-08-15 16:24:15 - [TEST_STEP][PASSED] - result_M4_spin = M4_spin.parseText(response.getResponseBodyContent()): null

2019-08-15 16:24:15 - [TEST_STEP][PASSED] - M4_spin_current_balance = current_balance: null

2019-08-15 16:24:15 - [TEST_STEP][PASSED] - M4_spin_current_balance = M4_spin_current_balance: null

2019-08-15 16:24:15 - [TEST_STEP][PASSED] - M4_spin_transaction_id = causality: null

2019-08-15 16:24:15 - [TEST_STEP][PASSED] - M4_spin_transaction_id = M4_spin_transaction_id: null

2019-08-15 16:24:15 - [TEST_STEP][PASSED] - M4_spin_round_id = round_id: null

2019-08-15 16:24:15 - [TEST_STEP][PASSED] - M4_spin_round_id = M4_spin_round_id: null

2019-08-15 16:24:15 - [TEST_STEP][PASSED] - M4_spin_line_wins = line_wins: null

2019-08-15 16:24:15 - [TEST_STEP][PASSED] - M4_spin_line_wins = M4_spin_line_wins: null

2019-08-15 16:24:15 - [TEST_STEP][PASSED] - M4_total_bonus_spins_int = total_bonus_spins: null

2019-08-15 16:24:15 - [TEST_STEP][PASSED] - println("******M4_total_bonus_spins type is:*******" + newline + getClass().getName()): null

2019-08-15 16:24:15 - [TEST_STEP][PASSED] - M4_total_bonus_spins_int = M4_total_bonus_spins_int: null

2019-08-15 16:24:15 - [TEST_STEP][PASSED] - M4_total_bonus_spins = Integer.toString(M4_total_bonus_spins_int): null

2019-08-15 16:24:15 - [TEST_STEP][PASSED] - M4_total_bonus_spins = M4_total_bonus_spins: null

2019-08-15 16:24:15 - [TEST_STEP][PASSED] - println("M4_total_bonus_spins is:" + M4_total_bonus_spins): null

2019-08-15 16:24:15 - [TEST_STEP][PASSED] - M4_spin_bonus_data = bonus_data: null

2019-08-15 16:24:15 - [TEST_STEP][PASSED] - M4_spin_features_triggered = result_M4_spin: null

2019-08-15 16:24:15 - [TEST_STEP][PASSED] - wild = []: null

2019-08-15 16:24:15 - [TEST_STEP][PASSED] - wild[0] = "WILD_Expanding": null

2019-08-15 16:24:15 - [TEST_STEP][PASSED] - wild[1] = "WILD_Normal": null

2019-08-15 16:24:15 - [TEST_STEP][PASSED] - wild[2] = "WILD_Double": null

2019-08-15 16:24:15 - [TEST_STEP][PASSED] - wild[3] = "WILD_ExtraFG": null

2019-08-15 16:24:15 - [TEST_STEP][PASSED] - wild[4] = "WILD_Triple": null

2019-08-15 16:24:15 - [TEST_STEP][PASSED] - wildList = Arrays.asList(wild): null

2019-08-15 16:24:15 - [TEST_STEP][PASSED] - wildList = wildList: null

2019-08-15 16:24:15 - [TEST_STEP][PASSED] - free_spin_reel_counter = []: null

2019-08-15 16:24:15 - [TEST_STEP][PASSED] - free_spin_reel_counter[0] = 0: null

2019-08-15 16:24:15 - [TEST_STEP][PASSED] - free_spin_reel_counter[1] = 0: null

2019-08-15 16:24:15 - [TEST_STEP][PASSED] - free_spin_reel_counter[2] = 0: null

2019-08-15 16:24:15 - [TEST_STEP][PASSED] - M4_spin_reels = reels: null

2019-08-15 16:24:15 - [TEST_STEP][PASSED] - for ([i = 0, i &lt; M4_spin_reels.size(), (i++)]): null

2019-08-15 16:24:15 - [TEST_STEP][PASSED] - symbols = symbols: null

2019-08-15 16:24:15 - [TEST_STEP][PASSED] - for ([j = 0, j &lt; symbols.size(), (j++)]): null

2019-08-15 16:24:15 - [TEST_STEP][PASSED] - symbol = symbol: null

2019-08-15 16:24:15 - [TEST_STEP][PASSED] - println(symbol): null

2019-08-15 16:24:15 - [TEST_STEP][PASSED] - if (i == 2 &amp;&amp; wildList.indexOf(symbol) != -1): null

2019-08-15 16:24:15 - [TEST_STEP][PASSED] - if (i == 3 &amp;&amp; wildList.indexOf(symbol) != -1): null

2019-08-15 16:24:15 - [TEST_STEP][PASSED] - if (i == 4 &amp;&amp; wildList.indexOf(symbol) != -1): null

2019-08-15 16:24:15 - [TEST_STEP][PASSED] - symbol = symbol: null

2019-08-15 16:24:15 - [TEST_STEP][PASSED] - println(symbol): null

2019-08-15 16:24:15 - [TEST_STEP][PASSED] - if (i == 2 &amp;&amp; wildList.indexOf(symbol) != -1): null

2019-08-15 16:24:15 - [TEST_STEP][PASSED] - if (i == 3 &amp;&amp; wildList.indexOf(symbol) != -1): null

2019-08-15 16:24:15 - [TEST_STEP][PASSED] - if (i == 4 &amp;&amp; wildList.indexOf(symbol) != -1): null

2019-08-15 16:24:15 - [TEST_STEP][PASSED] - symbol = symbol: null

2019-08-15 16:24:15 - [TEST_STEP][PASSED] - println(symbol): null

2019-08-15 16:24:15 - [TEST_STEP][PASSED] - if (i == 2 &amp;&amp; wildList.indexOf(symbol) != -1): null

2019-08-15 16:24:15 - [TEST_STEP][PASSED] - if (i == 3 &amp;&amp; wildList.indexOf(symbol) != -1): null

2019-08-15 16:24:15 - [TEST_STEP][PASSED] - if (i == 4 &amp;&amp; wildList.indexOf(symbol) != -1): null

2019-08-15 16:24:15 - [TEST_STEP][PASSED] - symbols = symbols: null

2019-08-15 16:24:15 - [TEST_STEP][PASSED] - for ([j = 0, j &lt; symbols.size(), (j++)]): null

2019-08-15 16:24:15 - [TEST_STEP][PASSED] - symbol = symbol: null

2019-08-15 16:24:15 - [TEST_STEP][PASSED] - println(symbol): null

2019-08-15 16:24:15 - [TEST_STEP][PASSED] - if (i == 2 &amp;&amp; wildList.indexOf(symbol) != -1): null

2019-08-15 16:24:15 - [TEST_STEP][PASSED] - if (i == 3 &amp;&amp; wildList.indexOf(symbol) != -1): null

2019-08-15 16:24:15 - [TEST_STEP][PASSED] - if (i == 4 &amp;&amp; wildList.indexOf(symbol) != -1): null

2019-08-15 16:24:15 - [TEST_STEP][PASSED] - symbol = symbol: null

2019-08-15 16:24:15 - [TEST_STEP][PASSED] - println(symbol): null

2019-08-15 16:24:15 - [TEST_STEP][PASSED] - if (i == 2 &amp;&amp; wildList.indexOf(symbol) != -1): null

2019-08-15 16:24:15 - [TEST_STEP][PASSED] - if (i == 3 &amp;&amp; wildList.indexOf(symbol) != -1): null

2019-08-15 16:24:15 - [TEST_STEP][PASSED] - if (i == 4 &amp;&amp; wildList.indexOf(symbol) != -1): null

2019-08-15 16:24:15 - [TEST_STEP][PASSED] - symbol = symbol: null

2019-08-15 16:24:15 - [TEST_STEP][PASSED] - println(symbol): null

2019-08-15 16:24:15 - [TEST_STEP][PASSED] - if (i == 2 &amp;&amp; wildList.indexOf(symbol) != -1): null

2019-08-15 16:24:15 - [TEST_STEP][PASSED] - if (i == 3 &amp;&amp; wildList.indexOf(symbol) != -1): null

2019-08-15 16:24:15 - [TEST_STEP][PASSED] - if (i == 4 &amp;&amp; wildList.indexOf(symbol) != -1): null

2019-08-15 16:24:15 - [TEST_STEP][PASSED] - symbols = symbols: null

2019-08-15 16:24:15 - [TEST_STEP][PASSED] - for ([j = 0, j &lt; symbols.size(), (j++)]): null

2019-08-15 16:24:15 - [TEST_STEP][PASSED] - symbol = symbol: null

2019-08-15 16:24:15 - [TEST_STEP][PASSED] - println(symbol): null

2019-08-15 16:24:15 - [TEST_STEP][PASSED] - if (i == 2 &amp;&amp; wildList.indexOf(symbol) != -1): null

2019-08-15 16:24:15 - [TEST_STEP][PASSED] - if (i == 3 &amp;&amp; wildList.indexOf(symbol) != -1): null

2019-08-15 16:24:15 - [TEST_STEP][PASSED] - if (i == 4 &amp;&amp; wildList.indexOf(symbol) != -1): null

2019-08-15 16:24:15 - [TEST_STEP][PASSED] - symbol = symbol: null

2019-08-15 16:24:15 - [TEST_STEP][PASSED] - println(symbol): null

2019-08-15 16:24:15 - [TEST_STEP][PASSED] - if (i == 2 &amp;&amp; wildList.indexOf(symbol) != -1): null

2019-08-15 16:24:15 - [TEST_STEP][PASSED] - if (i == 3 &amp;&amp; wildList.indexOf(symbol) != -1): null

2019-08-15 16:24:15 - [TEST_STEP][PASSED] - if (i == 4 &amp;&amp; wildList.indexOf(symbol) != -1): null

2019-08-15 16:24:15 - [TEST_STEP][PASSED] - symbol = symbol: null

2019-08-15 16:24:15 - [TEST_STEP][PASSED] - println(symbol): null

2019-08-15 16:24:15 - [TEST_STEP][PASSED] - if (i == 2 &amp;&amp; wildList.indexOf(symbol) != -1): null

2019-08-15 16:24:15 - [TEST_STEP][PASSED] - if (i == 3 &amp;&amp; wildList.indexOf(symbol) != -1): null

2019-08-15 16:24:15 - [TEST_STEP][PASSED] - if (i == 4 &amp;&amp; wildList.indexOf(symbol) != -1): null

2019-08-15 16:24:15 - [TEST_STEP][PASSED] - symbols = symbols: null

2019-08-15 16:24:15 - [TEST_STEP][PASSED] - for ([j = 0, j &lt; symbols.size(), (j++)]): null

2019-08-15 16:24:15 - [TEST_STEP][PASSED] - symbol = symbol: null

2019-08-15 16:24:15 - [TEST_STEP][PASSED] - println(symbol): null

2019-08-15 16:24:15 - [TEST_STEP][PASSED] - if (i == 2 &amp;&amp; wildList.indexOf(symbol) != -1): null

2019-08-15 16:24:15 - [TEST_STEP][PASSED] - if (i == 3 &amp;&amp; wildList.indexOf(symbol) != -1): null

2019-08-15 16:24:15 - [TEST_STEP][PASSED] - if (i == 4 &amp;&amp; wildList.indexOf(symbol) != -1): null

2019-08-15 16:24:15 - [TEST_STEP][PASSED] - symbol = symbol: null

2019-08-15 16:24:15 - [TEST_STEP][PASSED] - println(symbol): null

2019-08-15 16:24:15 - [TEST_STEP][PASSED] - if (i == 2 &amp;&amp; wildList.indexOf(symbol) != -1): null

2019-08-15 16:24:15 - [TEST_STEP][PASSED] - if (i == 3 &amp;&amp; wildList.indexOf(symbol) != -1): null

2019-08-15 16:24:15 - [TEST_STEP][PASSED] - println("wild found on reel 4, adding counter by 1"): null

2019-08-15 16:24:15 - [TEST_STEP][PASSED] - free_spin_reel_counter[1] = free_spin_reel_counter[1] + 1: null

2019-08-15 16:24:15 - [TEST_STEP][PASSED] - if (i == 4 &amp;&amp; wildList.indexOf(symbol) != -1): null

2019-08-15 16:24:15 - [TEST_STEP][PASSED] - symbol = symbol: null

2019-08-15 16:24:15 - [TEST_STEP][PASSED] - println(symbol): null

2019-08-15 16:24:15 - [TEST_STEP][PASSED] - if (i == 2 &amp;&amp; wildList.indexOf(symbol) != -1): null

2019-08-15 16:24:15 - [TEST_STEP][PASSED] - if (i == 3 &amp;&amp; wildList.indexOf(symbol) != -1): null

2019-08-15 16:24:15 - [TEST_STEP][PASSED] - if (i == 4 &amp;&amp; wildList.indexOf(symbol) != -1): null

2019-08-15 16:24:15 - [TEST_STEP][PASSED] - symbols = symbols: null

2019-08-15 16:24:15 - [TEST_STEP][PASSED] - for ([j = 0, j &lt; symbols.size(), (j++)]): null

2019-08-15 16:24:15 - [TEST_STEP][PASSED] - symbol = symbol: null

2019-08-15 16:24:15 - [TEST_STEP][PASSED] - println(symbol): null

2019-08-15 16:24:15 - [TEST_STEP][PASSED] - if (i == 2 &amp;&amp; wildList.indexOf(symbol) != -1): null

2019-08-15 16:24:15 - [TEST_STEP][PASSED] - if (i == 3 &amp;&amp; wildList.indexOf(symbol) != -1): null

2019-08-15 16:24:15 - [TEST_STEP][PASSED] - if (i == 4 &amp;&amp; wildList.indexOf(symbol) != -1): null

2019-08-15 16:24:15 - [TEST_STEP][PASSED] - symbol = symbol: null

2019-08-15 16:24:15 - [TEST_STEP][PASSED] - println(symbol): null

2019-08-15 16:24:15 - [TEST_STEP][PASSED] - if (i == 2 &amp;&amp; wildList.indexOf(symbol) != -1): null

2019-08-15 16:24:15 - [TEST_STEP][PASSED] - if (i == 3 &amp;&amp; wildList.indexOf(symbol) != -1): null

2019-08-15 16:24:15 - [TEST_STEP][PASSED] - if (i == 4 &amp;&amp; wildList.indexOf(symbol) != -1): null

2019-08-15 16:24:15 - [TEST_STEP][PASSED] - symbol = symbol: null

2019-08-15 16:24:15 - [TEST_STEP][PASSED] - println(symbol): null

2019-08-15 16:24:15 - [TEST_STEP][PASSED] - if (i == 2 &amp;&amp; wildList.indexOf(symbol) != -1): null

2019-08-15 16:24:15 - [TEST_STEP][PASSED] - if (i == 3 &amp;&amp; wildList.indexOf(symbol) != -1): null

2019-08-15 16:24:15 - [TEST_STEP][PASSED] - if (i == 4 &amp;&amp; wildList.indexOf(symbol) != -1): null

2019-08-15 16:24:15 - [TEST_STEP][PASSED] - println("wild found on reel 5, adding counter by 1"): null

2019-08-15 16:24:15 - [TEST_STEP][PASSED] - free_spin_reel_counter[2] = free_spin_reel_counter[2] + 1: null

2019-08-15 16:24:15 - [TEST_STEP][PASSED] - free_spin_reel_counter = free_spin_reel_counter: null

2019-08-15 16:24:15 - [TEST_STEP][PASSED] - println("reel 3 wild found: " + free_spin_reel_counter[0]): null

2019-08-15 16:24:15 - [TEST_STEP][PASSED] - println("reel 4 wild found: " + free_spin_reel_counter[1]): null

2019-08-15 16:24:15 - [TEST_STEP][PASSED] - println("reel 5 wild found: " + free_spin_reel_counter[2]): null

2019-08-15 16:24:15 - [TEST_STEP][PASSED] - M4_spin_reels = M4_spin_reels: null

2019-08-15 16:24:15 - [TEST_STEP][PASSED] - M4_spin_reels_symbols = symbol: null

2019-08-15 16:24:15 - [TEST_STEP][PASSED] - M4_spin_reels_symbols = M4_spin_reels_symbols: null

2019-08-15 16:24:15 - [TEST_STEP][PASSED] - M4_spin_reel_wins = reel_wins: null

2019-08-15 16:24:15 - [TEST_STEP][PASSED] - M4_spin_reel_wins = M4_spin_reel_wins: null

2019-08-15 16:24:15 - [TEST_STEP][PASSED] - println("GlobalVariable.M4_spin_reel_wins is: " + M4_spin_reel_wins): null

2019-08-15 16:24:15 - [TEST_STEP][PASSED] - M4_spin_total_bonus_win_this_round = total_bonus_win_this_round: null

2019-08-15 16:24:15 - [TEST_STEP][PASSED] - M4_spin_total_bonus_win_this_round = M4_spin_total_bonus_win_this_round: null

2019-08-15 16:24:15 - [TEST_STEP][PASSED] - println("GlobalVariable.M4_spin_total_bonus_win_this_round is: " + M4_spin_total_bonus_win_this_round): null

2019-08-15 16:24:15 - [MESSAGE][PASSED] - Verify response successfully

2019-08-15 16:24:15 - [MESSAGE][PASSED] - Send request and verify the response successfully

2019-08-15 16:24:15 - [TEST_STEP][PASSED] - if (M4_total_bonus_spins_int != 0 &amp;&amp; M4_spin_reels_symbols[2].contains("WILD_Normal") || M4_spin_reels_symbols[3].contains("WILD_Normal") || M4_spin_reels_symbols[4].contains("WILD_Normal")): null

2019-08-15 16:24:15 - [TEST_STEP][PASSED] - free_spin_reel_counter = free_spin_reel_counter: null

2019-08-15 16:24:15 - [TEST_STEP][PASSED] - M4_spin_reels_symbols = M4_spin_reels_symbols: null

2019-08-15 16:24:15 - [TEST_STEP][PASSED] - M4_total_bonus_spins = M4_total_bonus_spins: null

2019-08-15 16:24:15 - [TEST_STEP][PASSED] - spin_result = sendRequestAndVerify(findTestObject("STG/RGS(M4)/1_M4_spin", ["M4_login_user_id":M4_login_user_id, "rgs_session_token":rgs_session_token, "partner":Partner])): Send request and verify the response successfully

2019-08-15 16:24:15 - [TEST_CASE][PASSED] - Start Test Case : Verification: Verification accomplished successfully

2019-08-15 16:24:15 - [TEST_STEP][PASSED] - request = getInstance().getCurrentRequest(): null

2019-08-15 16:24:15 - [TEST_STEP][PASSED] - response = getInstance().getCurrentResponse(): null

2019-08-15 16:24:15 - [TEST_STEP][PASSED] - verifyResponseStatusCode(response, 200): Verify response status code successfully

2019-08-15 16:24:15 - [MESSAGE][PASSED] - Verify response status code successfully

2019-08-15 16:24:15 - [TEST_STEP][PASSED] - getStatusCode()).isEqualTo(200): null

2019-08-15 16:24:15 - [TEST_STEP][PASSED] - newline = System.getProperty("line.separator"): null

2019-08-15 16:24:15 - [TEST_STEP][PASSED] - M4_spin = new groovy.json.JsonSlurper(): null

2019-08-15 16:24:15 - [TEST_STEP][PASSED] - result_M4_spin = M4_spin.parseText(response.getResponseBodyContent()): null

2019-08-15 16:24:15 - [TEST_STEP][PASSED] - M4_spin_current_balance = current_balance: null

2019-08-15 16:24:15 - [TEST_STEP][PASSED] - M4_spin_current_balance = M4_spin_current_balance: null

2019-08-15 16:24:15 - [TEST_STEP][PASSED] - M4_spin_transaction_id = causality: null

2019-08-15 16:24:15 - [TEST_STEP][PASSED] - M4_spin_transaction_id = M4_spin_transaction_id: null

2019-08-15 16:24:15 - [TEST_STEP][PASSED] - M4_spin_round_id = round_id: null

2019-08-15 16:24:15 - [TEST_STEP][PASSED] - M4_spin_round_id = M4_spin_round_id: null

2019-08-15 16:24:15 - [TEST_STEP][PASSED] - M4_spin_line_wins = line_wins: null

2019-08-15 16:24:15 - [TEST_STEP][PASSED] - M4_spin_line_wins = M4_spin_line_wins: null

2019-08-15 16:24:15 - [TEST_STEP][PASSED] - M4_total_bonus_spins_int = total_bonus_spins: null

2019-08-15 16:24:15 - [TEST_STEP][PASSED] - println("******M4_total_bonus_spins type is:*******" + newline + getClass().getName()): null

2019-08-15 16:24:15 - [TEST_STEP][PASSED] - M4_total_bonus_spins_int = M4_total_bonus_spins_int: null

2019-08-15 16:24:15 - [TEST_STEP][PASSED] - M4_total_bonus_spins = Integer.toString(M4_total_bonus_spins_int): null

2019-08-15 16:24:15 - [TEST_STEP][PASSED] - M4_total_bonus_spins = M4_total_bonus_spins: null

2019-08-15 16:24:15 - [TEST_STEP][PASSED] - println("M4_total_bonus_spins is:" + M4_total_bonus_spins): null

2019-08-15 16:24:15 - [TEST_STEP][PASSED] - M4_spin_bonus_data = bonus_data: null

2019-08-15 16:24:15 - [TEST_STEP][PASSED] - M4_spin_features_triggered = result_M4_spin: null

2019-08-15 16:24:15 - [TEST_STEP][PASSED] - wild = []: null

2019-08-15 16:24:15 - [TEST_STEP][PASSED] - wild[0] = "WILD_Expanding": null

2019-08-15 16:24:15 - [TEST_STEP][PASSED] - wild[1] = "WILD_Normal": null

2019-08-15 16:24:15 - [TEST_STEP][PASSED] - wild[2] = "WILD_Double": null

2019-08-15 16:24:15 - [TEST_STEP][PASSED] - wild[3] = "WILD_ExtraFG": null

2019-08-15 16:24:15 - [TEST_STEP][PASSED] - wild[4] = "WILD_Triple": null

2019-08-15 16:24:15 - [TEST_STEP][PASSED] - wildList = Arrays.asList(wild): null

2019-08-15 16:24:15 - [TEST_STEP][PASSED] - wildList = wildList: null

2019-08-15 16:24:15 - [TEST_STEP][PASSED] - free_spin_reel_counter = []: null

2019-08-15 16:24:15 - [TEST_STEP][PASSED] - free_spin_reel_counter[0] = 0: null

2019-08-15 16:24:15 - [TEST_STEP][PASSED] - free_spin_reel_counter[1] = 0: null

2019-08-15 16:24:15 - [TEST_STEP][PASSED] - free_spin_reel_counter[2] = 0: null

2019-08-15 16:24:15 - [TEST_STEP][PASSED] - M4_spin_reels = reels: null

2019-08-15 16:24:15 - [TEST_STEP][PASSED] - for ([i = 0, i &lt; M4_spin_reels.size(), (i++)]): null

2019-08-15 16:24:15 - [TEST_STEP][PASSED] - symbols = symbols: null

2019-08-15 16:24:15 - [TEST_STEP][PASSED] - for ([j = 0, j &lt; symbols.size(), (j++)]): null

2019-08-15 16:24:15 - [TEST_STEP][PASSED] - symbol = symbol: null

2019-08-15 16:24:15 - [TEST_STEP][PASSED] - println(symbol): null

2019-08-15 16:24:15 - [TEST_STEP][PASSED] - if (i == 2 &amp;&amp; wildList.indexOf(symbol) != -1): null

2019-08-15 16:24:15 - [TEST_STEP][PASSED] - if (i == 3 &amp;&amp; wildList.indexOf(symbol) != -1): null

2019-08-15 16:24:15 - [TEST_STEP][PASSED] - if (i == 4 &amp;&amp; wildList.indexOf(symbol) != -1): null

2019-08-15 16:24:15 - [TEST_STEP][PASSED] - symbol = symbol: null

2019-08-15 16:24:15 - [TEST_STEP][PASSED] - println(symbol): null

2019-08-15 16:24:15 - [TEST_STEP][PASSED] - if (i == 2 &amp;&amp; wildList.indexOf(symbol) != -1): null

2019-08-15 16:24:15 - [TEST_STEP][PASSED] - if (i == 3 &amp;&amp; wildList.indexOf(symbol) != -1): null

2019-08-15 16:24:15 - [TEST_STEP][PASSED] - if (i == 4 &amp;&amp; wildList.indexOf(symbol) != -1): null

2019-08-15 16:24:15 - [TEST_STEP][PASSED] - symbol = symbol: null

2019-08-15 16:24:15 - [TEST_STEP][PASSED] - println(symbol): null

2019-08-15 16:24:15 - [TEST_STEP][PASSED] - if (i == 2 &amp;&amp; wildList.indexOf(symbol) != -1): null

2019-08-15 16:24:15 - [TEST_STEP][PASSED] - if (i == 3 &amp;&amp; wildList.indexOf(symbol) != -1): null

2019-08-15 16:24:15 - [TEST_STEP][PASSED] - if (i == 4 &amp;&amp; wildList.indexOf(symbol) != -1): null

2019-08-15 16:24:15 - [TEST_STEP][PASSED] - symbols = symbols: null

2019-08-15 16:24:15 - [TEST_STEP][PASSED] - for ([j = 0, j &lt; symbols.size(), (j++)]): null

2019-08-15 16:24:15 - [TEST_STEP][PASSED] - symbol = symbol: null

2019-08-15 16:24:15 - [TEST_STEP][PASSED] - println(symbol): null

2019-08-15 16:24:15 - [TEST_STEP][PASSED] - if (i == 2 &amp;&amp; wildList.indexOf(symbol) != -1): null

2019-08-15 16:24:15 - [TEST_STEP][PASSED] - if (i == 3 &amp;&amp; wildList.indexOf(symbol) != -1): null

2019-08-15 16:24:15 - [TEST_STEP][PASSED] - if (i == 4 &amp;&amp; wildList.indexOf(symbol) != -1): null

2019-08-15 16:24:15 - [TEST_STEP][PASSED] - symbol = symbol: null

2019-08-15 16:24:15 - [TEST_STEP][PASSED] - println(symbol): null

2019-08-15 16:24:15 - [TEST_STEP][PASSED] - if (i == 2 &amp;&amp; wildList.indexOf(symbol) != -1): null

2019-08-15 16:24:15 - [TEST_STEP][PASSED] - if (i == 3 &amp;&amp; wildList.indexOf(symbol) != -1): null

2019-08-15 16:24:15 - [TEST_STEP][PASSED] - if (i == 4 &amp;&amp; wildList.indexOf(symbol) != -1): null

2019-08-15 16:24:15 - [TEST_STEP][PASSED] - symbol = symbol: null

2019-08-15 16:24:15 - [TEST_STEP][PASSED] - println(symbol): null

2019-08-15 16:24:15 - [TEST_STEP][PASSED] - if (i == 2 &amp;&amp; wildList.indexOf(symbol) != -1): null

2019-08-15 16:24:15 - [TEST_STEP][PASSED] - if (i == 3 &amp;&amp; wildList.indexOf(symbol) != -1): null

2019-08-15 16:24:15 - [TEST_STEP][PASSED] - if (i == 4 &amp;&amp; wildList.indexOf(symbol) != -1): null

2019-08-15 16:24:15 - [TEST_STEP][PASSED] - symbols = symbols: null

2019-08-15 16:24:15 - [TEST_STEP][PASSED] - for ([j = 0, j &lt; symbols.size(), (j++)]): null

2019-08-15 16:24:15 - [TEST_STEP][PASSED] - symbol = symbol: null

2019-08-15 16:24:15 - [TEST_STEP][PASSED] - println(symbol): null

2019-08-15 16:24:15 - [TEST_STEP][PASSED] - if (i == 2 &amp;&amp; wildList.indexOf(symbol) != -1): null

2019-08-15 16:24:15 - [TEST_STEP][PASSED] - if (i == 3 &amp;&amp; wildList.indexOf(symbol) != -1): null

2019-08-15 16:24:15 - [TEST_STEP][PASSED] - if (i == 4 &amp;&amp; wildList.indexOf(symbol) != -1): null

2019-08-15 16:24:15 - [TEST_STEP][PASSED] - symbol = symbol: null

2019-08-15 16:24:15 - [TEST_STEP][PASSED] - println(symbol): null

2019-08-15 16:24:15 - [TEST_STEP][PASSED] - if (i == 2 &amp;&amp; wildList.indexOf(symbol) != -1): null

2019-08-15 16:24:15 - [TEST_STEP][PASSED] - println("wild found on reel 3, adding counter by 1"): null

2019-08-15 16:24:15 - [TEST_STEP][PASSED] - free_spin_reel_counter[0] = free_spin_reel_counter[0] + 1: null

2019-08-15 16:24:15 - [TEST_STEP][PASSED] - if (i == 3 &amp;&amp; wildList.indexOf(symbol) != -1): null

2019-08-15 16:24:15 - [TEST_STEP][PASSED] - if (i == 4 &amp;&amp; wildList.indexOf(symbol) != -1): null

2019-08-15 16:24:15 - [TEST_STEP][PASSED] - symbol = symbol: null

2019-08-15 16:24:15 - [TEST_STEP][PASSED] - println(symbol): null

2019-08-15 16:24:15 - [TEST_STEP][PASSED] - if (i == 2 &amp;&amp; wildList.indexOf(symbol) != -1): null

2019-08-15 16:24:15 - [TEST_STEP][PASSED] - if (i == 3 &amp;&amp; wildList.indexOf(symbol) != -1): null

2019-08-15 16:24:15 - [TEST_STEP][PASSED] - if (i == 4 &amp;&amp; wildList.indexOf(symbol) != -1): null

2019-08-15 16:24:15 - [TEST_STEP][PASSED] - symbols = symbols: null

2019-08-15 16:24:15 - [TEST_STEP][PASSED] - for ([j = 0, j &lt; symbols.size(), (j++)]): null

2019-08-15 16:24:15 - [TEST_STEP][PASSED] - symbol = symbol: null

2019-08-15 16:24:16 - [TEST_STEP][PASSED] - println(symbol): null

2019-08-15 16:24:16 - [TEST_STEP][PASSED] - if (i == 2 &amp;&amp; wildList.indexOf(symbol) != -1): null

2019-08-15 16:24:16 - [TEST_STEP][PASSED] - if (i == 3 &amp;&amp; wildList.indexOf(symbol) != -1): null

2019-08-15 16:24:16 - [TEST_STEP][PASSED] - if (i == 4 &amp;&amp; wildList.indexOf(symbol) != -1): null

2019-08-15 16:24:16 - [TEST_STEP][PASSED] - symbol = symbol: null

2019-08-15 16:24:16 - [TEST_STEP][PASSED] - println(symbol): null

2019-08-15 16:24:16 - [TEST_STEP][PASSED] - if (i == 2 &amp;&amp; wildList.indexOf(symbol) != -1): null

2019-08-15 16:24:16 - [TEST_STEP][PASSED] - if (i == 3 &amp;&amp; wildList.indexOf(symbol) != -1): null

2019-08-15 16:24:16 - [TEST_STEP][PASSED] - if (i == 4 &amp;&amp; wildList.indexOf(symbol) != -1): null

2019-08-15 16:24:16 - [TEST_STEP][PASSED] - symbol = symbol: null

2019-08-15 16:24:16 - [TEST_STEP][PASSED] - println(symbol): null

2019-08-15 16:24:16 - [TEST_STEP][PASSED] - if (i == 2 &amp;&amp; wildList.indexOf(symbol) != -1): null

2019-08-15 16:24:16 - [TEST_STEP][PASSED] - if (i == 3 &amp;&amp; wildList.indexOf(symbol) != -1): null

2019-08-15 16:24:16 - [TEST_STEP][PASSED] - if (i == 4 &amp;&amp; wildList.indexOf(symbol) != -1): null

2019-08-15 16:24:16 - [TEST_STEP][PASSED] - symbols = symbols: null

2019-08-15 16:24:16 - [TEST_STEP][PASSED] - for ([j = 0, j &lt; symbols.size(), (j++)]): null

2019-08-15 16:24:16 - [TEST_STEP][PASSED] - symbol = symbol: null

2019-08-15 16:24:16 - [TEST_STEP][PASSED] - println(symbol): null

2019-08-15 16:24:16 - [TEST_STEP][PASSED] - if (i == 2 &amp;&amp; wildList.indexOf(symbol) != -1): null

2019-08-15 16:24:16 - [TEST_STEP][PASSED] - if (i == 3 &amp;&amp; wildList.indexOf(symbol) != -1): null

2019-08-15 16:24:16 - [TEST_STEP][PASSED] - if (i == 4 &amp;&amp; wildList.indexOf(symbol) != -1): null

2019-08-15 16:24:16 - [TEST_STEP][PASSED] - symbol = symbol: null

2019-08-15 16:24:16 - [TEST_STEP][PASSED] - println(symbol): null

2019-08-15 16:24:16 - [TEST_STEP][PASSED] - if (i == 2 &amp;&amp; wildList.indexOf(symbol) != -1): null

2019-08-15 16:24:16 - [TEST_STEP][PASSED] - if (i == 3 &amp;&amp; wildList.indexOf(symbol) != -1): null

2019-08-15 16:24:16 - [TEST_STEP][PASSED] - if (i == 4 &amp;&amp; wildList.indexOf(symbol) != -1): null

2019-08-15 16:24:16 - [TEST_STEP][PASSED] - symbol = symbol: null

2019-08-15 16:24:16 - [TEST_STEP][PASSED] - println(symbol): null

2019-08-15 16:24:16 - [TEST_STEP][PASSED] - if (i == 2 &amp;&amp; wildList.indexOf(symbol) != -1): null

2019-08-15 16:24:16 - [TEST_STEP][PASSED] - if (i == 3 &amp;&amp; wildList.indexOf(symbol) != -1): null

2019-08-15 16:24:16 - [TEST_STEP][PASSED] - if (i == 4 &amp;&amp; wildList.indexOf(symbol) != -1): null

2019-08-15 16:24:16 - [TEST_STEP][PASSED] - free_spin_reel_counter = free_spin_reel_counter: null

2019-08-15 16:24:16 - [TEST_STEP][PASSED] - println("reel 3 wild found: " + free_spin_reel_counter[0]): null

2019-08-15 16:24:16 - [TEST_STEP][PASSED] - println("reel 4 wild found: " + free_spin_reel_counter[1]): null

2019-08-15 16:24:16 - [TEST_STEP][PASSED] - println("reel 5 wild found: " + free_spin_reel_counter[2]): null

2019-08-15 16:24:16 - [TEST_STEP][PASSED] - M4_spin_reels = M4_spin_reels: null

2019-08-15 16:24:16 - [TEST_STEP][PASSED] - M4_spin_reels_symbols = symbol: null

2019-08-15 16:24:16 - [TEST_STEP][PASSED] - M4_spin_reels_symbols = M4_spin_reels_symbols: null

2019-08-15 16:24:16 - [TEST_STEP][PASSED] - M4_spin_reel_wins = reel_wins: null

2019-08-15 16:24:16 - [TEST_STEP][PASSED] - M4_spin_reel_wins = M4_spin_reel_wins: null

2019-08-15 16:24:16 - [TEST_STEP][PASSED] - println("GlobalVariable.M4_spin_reel_wins is: " + M4_spin_reel_wins): null

2019-08-15 16:24:16 - [TEST_STEP][PASSED] - M4_spin_total_bonus_win_this_round = total_bonus_win_this_round: null

2019-08-15 16:24:16 - [TEST_STEP][PASSED] - M4_spin_total_bonus_win_this_round = M4_spin_total_bonus_win_this_round: null

2019-08-15 16:24:16 - [TEST_STEP][PASSED] - println("GlobalVariable.M4_spin_total_bonus_win_this_round is: " + M4_spin_total_bonus_win_this_round): null

2019-08-15 16:24:16 - [MESSAGE][PASSED] - Verify response successfully

2019-08-15 16:24:16 - [MESSAGE][PASSED] - Send request and verify the response successfully

2019-08-15 16:24:16 - [TEST_STEP][PASSED] - if (M4_total_bonus_spins_int != 0 &amp;&amp; M4_spin_reels_symbols[2].contains("WILD_Normal") || M4_spin_reels_symbols[3].contains("WILD_Normal") || M4_spin_reels_symbols[4].contains("WILD_Normal")): null

2019-08-15 16:24:16 - [TEST_STEP][PASSED] - free_spin_reel_counter = free_spin_reel_counter: null

2019-08-15 16:24:16 - [TEST_STEP][PASSED] - M4_spin_reels_symbols = M4_spin_reels_symbols: null

2019-08-15 16:24:16 - [TEST_STEP][PASSED] - M4_total_bonus_spins = M4_total_bonus_spins: null

2019-08-15 16:24:16 - [TEST_STEP][PASSED] - spin_result = sendRequestAndVerify(findTestObject("STG/RGS(M4)/1_M4_spin", ["M4_login_user_id":M4_login_user_id, "rgs_session_token":rgs_session_token, "partner":Partner])): Send request and verify the response successfully

2019-08-15 16:24:16 - [TEST_CASE][PASSED] - Start Test Case : Verification: Verification accomplished successfully

2019-08-15 16:24:16 - [TEST_STEP][PASSED] - request = getInstance().getCurrentRequest(): null

2019-08-15 16:24:16 - [TEST_STEP][PASSED] - response = getInstance().getCurrentResponse(): null

2019-08-15 16:24:16 - [TEST_STEP][PASSED] - verifyResponseStatusCode(response, 200): Verify response status code successfully

2019-08-15 16:24:16 - [MESSAGE][PASSED] - Verify response status code successfully

2019-08-15 16:24:16 - [TEST_STEP][PASSED] - getStatusCode()).isEqualTo(200): null

2019-08-15 16:24:16 - [TEST_STEP][PASSED] - newline = System.getProperty("line.separator"): null

2019-08-15 16:24:16 - [TEST_STEP][PASSED] - M4_spin = new groovy.json.JsonSlurper(): null

2019-08-15 16:24:16 - [TEST_STEP][PASSED] - result_M4_spin = M4_spin.parseText(response.getResponseBodyContent()): null

2019-08-15 16:24:16 - [TEST_STEP][PASSED] - M4_spin_current_balance = current_balance: null

2019-08-15 16:24:16 - [TEST_STEP][PASSED] - M4_spin_current_balance = M4_spin_current_balance: null

2019-08-15 16:24:16 - [TEST_STEP][PASSED] - M4_spin_transaction_id = causality: null

2019-08-15 16:24:16 - [TEST_STEP][PASSED] - M4_spin_transaction_id = M4_spin_transaction_id: null

2019-08-15 16:24:16 - [TEST_STEP][PASSED] - M4_spin_round_id = round_id: null

2019-08-15 16:24:16 - [TEST_STEP][PASSED] - M4_spin_round_id = M4_spin_round_id: null

2019-08-15 16:24:16 - [TEST_STEP][PASSED] - M4_spin_line_wins = line_wins: null

2019-08-15 16:24:16 - [TEST_STEP][PASSED] - M4_spin_line_wins = M4_spin_line_wins: null

2019-08-15 16:24:16 - [TEST_STEP][PASSED] - M4_total_bonus_spins_int = total_bonus_spins: null

2019-08-15 16:24:16 - [TEST_STEP][PASSED] - println("******M4_total_bonus_spins type is:*******" + newline + getClass().getName()): null

2019-08-15 16:24:16 - [TEST_STEP][PASSED] - M4_total_bonus_spins_int = M4_total_bonus_spins_int: null

2019-08-15 16:24:16 - [TEST_STEP][PASSED] - M4_total_bonus_spins = Integer.toString(M4_total_bonus_spins_int): null

2019-08-15 16:24:16 - [TEST_STEP][PASSED] - M4_total_bonus_spins = M4_total_bonus_spins: null

2019-08-15 16:24:16 - [TEST_STEP][PASSED] - println("M4_total_bonus_spins is:" + M4_total_bonus_spins): null

2019-08-15 16:24:16 - [TEST_STEP][PASSED] - M4_spin_bonus_data = bonus_data: null

2019-08-15 16:24:16 - [TEST_STEP][PASSED] - M4_spin_features_triggered = result_M4_spin: null

2019-08-15 16:24:16 - [TEST_STEP][PASSED] - wild = []: null

2019-08-15 16:24:16 - [TEST_STEP][PASSED] - wild[0] = "WILD_Expanding": null

2019-08-15 16:24:16 - [TEST_STEP][PASSED] - wild[1] = "WILD_Normal": null

2019-08-15 16:24:16 - [TEST_STEP][PASSED] - wild[2] = "WILD_Double": null

2019-08-15 16:24:16 - [TEST_STEP][PASSED] - wild[3] = "WILD_ExtraFG": null

2019-08-15 16:24:16 - [TEST_STEP][PASSED] - wild[4] = "WILD_Triple": null

2019-08-15 16:24:16 - [TEST_STEP][PASSED] - wildList = Arrays.asList(wild): null

2019-08-15 16:24:16 - [TEST_STEP][PASSED] - wildList = wildList: null

2019-08-15 16:24:16 - [TEST_STEP][PASSED] - free_spin_reel_counter = []: null

2019-08-15 16:24:16 - [TEST_STEP][PASSED] - free_spin_reel_counter[0] = 0: null

2019-08-15 16:24:16 - [TEST_STEP][PASSED] - free_spin_reel_counter[1] = 0: null

2019-08-15 16:24:16 - [TEST_STEP][PASSED] - free_spin_reel_counter[2] = 0: null

2019-08-15 16:24:16 - [TEST_STEP][PASSED] - M4_spin_reels = reels: null

2019-08-15 16:24:16 - [TEST_STEP][PASSED] - for ([i = 0, i &lt; M4_spin_reels.size(), (i++)]): null

2019-08-15 16:24:16 - [TEST_STEP][PASSED] - symbols = symbols: null

2019-08-15 16:24:16 - [TEST_STEP][PASSED] - for ([j = 0, j &lt; symbols.size(), (j++)]): null

2019-08-15 16:24:16 - [TEST_STEP][PASSED] - symbol = symbol: null

2019-08-15 16:24:16 - [TEST_STEP][PASSED] - println(symbol): null

2019-08-15 16:24:16 - [TEST_STEP][PASSED] - if (i == 2 &amp;&amp; wildList.indexOf(symbol) != -1): null

2019-08-15 16:24:16 - [TEST_STEP][PASSED] - if (i == 3 &amp;&amp; wildList.indexOf(symbol) != -1): null

2019-08-15 16:24:16 - [TEST_STEP][PASSED] - if (i == 4 &amp;&amp; wildList.indexOf(symbol) != -1): null

2019-08-15 16:24:16 - [TEST_STEP][PASSED] - symbol = symbol: null

2019-08-15 16:24:16 - [TEST_STEP][PASSED] - println(symbol): null

2019-08-15 16:24:16 - [TEST_STEP][PASSED] - if (i == 2 &amp;&amp; wildList.indexOf(symbol) != -1): null

2019-08-15 16:24:16 - [TEST_STEP][PASSED] - if (i == 3 &amp;&amp; wildList.indexOf(symbol) != -1): null

2019-08-15 16:24:16 - [TEST_STEP][PASSED] - if (i == 4 &amp;&amp; wildList.indexOf(symbol) != -1): null

2019-08-15 16:24:16 - [TEST_STEP][PASSED] - symbol = symbol: null

2019-08-15 16:24:16 - [TEST_STEP][PASSED] - println(symbol): null

2019-08-15 16:24:16 - [TEST_STEP][PASSED] - if (i == 2 &amp;&amp; wildList.indexOf(symbol) != -1): null

2019-08-15 16:24:16 - [TEST_STEP][PASSED] - if (i == 3 &amp;&amp; wildList.indexOf(symbol) != -1): null

2019-08-15 16:24:16 - [TEST_STEP][PASSED] - if (i == 4 &amp;&amp; wildList.indexOf(symbol) != -1): null

2019-08-15 16:24:16 - [TEST_STEP][PASSED] - symbols = symbols: null

2019-08-15 16:24:16 - [TEST_STEP][PASSED] - for ([j = 0, j &lt; symbols.size(), (j++)]): null

2019-08-15 16:24:16 - [TEST_STEP][PASSED] - symbol = symbol: null

2019-08-15 16:24:16 - [TEST_STEP][PASSED] - println(symbol): null

2019-08-15 16:24:19 - [TEST_STEP][PASSED] - if (i == 2 &amp;&amp; wildList.indexOf(symbol) != -1): null

2019-08-15 16:24:19 - [TEST_STEP][PASSED] - if (i == 3 &amp;&amp; wildList.indexOf(symbol) != -1): null

2019-08-15 16:24:19 - [TEST_STEP][PASSED] - if (i == 4 &amp;&amp; wildList.indexOf(symbol) != -1): null

2019-08-15 16:24:19 - [TEST_STEP][PASSED] - symbol = symbol: null

2019-08-15 16:24:19 - [TEST_STEP][PASSED] - println(symbol): null

2019-08-15 16:24:19 - [TEST_STEP][PASSED] - if (i == 2 &amp;&amp; wildList.indexOf(symbol) != -1): null

2019-08-15 16:24:19 - [TEST_STEP][PASSED] - if (i == 3 &amp;&amp; wildList.indexOf(symbol) != -1): null

2019-08-15 16:24:19 - [TEST_STEP][PASSED] - if (i == 4 &amp;&amp; wildList.indexOf(symbol) != -1): null

2019-08-15 16:24:19 - [TEST_STEP][PASSED] - symbol = symbol: null

2019-08-15 16:24:19 - [TEST_STEP][PASSED] - println(symbol): null

2019-08-15 16:24:19 - [TEST_STEP][PASSED] - if (i == 2 &amp;&amp; wildList.indexOf(symbol) != -1): null

2019-08-15 16:24:19 - [TEST_STEP][PASSED] - if (i == 3 &amp;&amp; wildList.indexOf(symbol) != -1): null

2019-08-15 16:24:19 - [TEST_STEP][PASSED] - if (i == 4 &amp;&amp; wildList.indexOf(symbol) != -1): null

2019-08-15 16:24:19 - [TEST_STEP][PASSED] - symbols = symbols: null

2019-08-15 16:24:19 - [TEST_STEP][PASSED] - for ([j = 0, j &lt; symbols.size(), (j++)]): null

2019-08-15 16:24:19 - [TEST_STEP][PASSED] - symbol = symbol: null

2019-08-15 16:24:19 - [TEST_STEP][PASSED] - println(symbol): null

2019-08-15 16:24:19 - [TEST_STEP][PASSED] - if (i == 2 &amp;&amp; wildList.indexOf(symbol) != -1): null

2019-08-15 16:24:19 - [TEST_STEP][PASSED] - if (i == 3 &amp;&amp; wildList.indexOf(symbol) != -1): null

2019-08-15 16:24:19 - [TEST_STEP][PASSED] - if (i == 4 &amp;&amp; wildList.indexOf(symbol) != -1): null

2019-08-15 16:24:19 - [TEST_STEP][PASSED] - symbol = symbol: null

2019-08-15 16:24:19 - [TEST_STEP][PASSED] - println(symbol): null

2019-08-15 16:24:19 - [TEST_STEP][PASSED] - if (i == 2 &amp;&amp; wildList.indexOf(symbol) != -1): null

2019-08-15 16:24:19 - [TEST_STEP][PASSED] - if (i == 3 &amp;&amp; wildList.indexOf(symbol) != -1): null

2019-08-15 16:24:19 - [TEST_STEP][PASSED] - if (i == 4 &amp;&amp; wildList.indexOf(symbol) != -1): null

2019-08-15 16:24:19 - [TEST_STEP][PASSED] - symbol = symbol: null

2019-08-15 16:24:19 - [TEST_STEP][PASSED] - println(symbol): null

2019-08-15 16:24:19 - [TEST_STEP][PASSED] - if (i == 2 &amp;&amp; wildList.indexOf(symbol) != -1): null

2019-08-15 16:24:19 - [TEST_STEP][PASSED] - if (i == 3 &amp;&amp; wildList.indexOf(symbol) != -1): null

2019-08-15 16:24:19 - [TEST_STEP][PASSED] - if (i == 4 &amp;&amp; wildList.indexOf(symbol) != -1): null

2019-08-15 16:24:19 - [TEST_STEP][PASSED] - symbols = symbols: null

2019-08-15 16:24:19 - [TEST_STEP][PASSED] - for ([j = 0, j &lt; symbols.size(), (j++)]): null

2019-08-15 16:24:19 - [TEST_STEP][PASSED] - symbol = symbol: null

2019-08-15 16:24:19 - [TEST_STEP][PASSED] - println(symbol): null

2019-08-15 16:24:19 - [TEST_STEP][PASSED] - if (i == 2 &amp;&amp; wildList.indexOf(symbol) != -1): null

2019-08-15 16:24:19 - [TEST_STEP][PASSED] - if (i == 3 &amp;&amp; wildList.indexOf(symbol) != -1): null

2019-08-15 16:24:19 - [TEST_STEP][PASSED] - println("wild found on reel 4, adding counter by 1"): null

2019-08-15 16:24:19 - [TEST_STEP][PASSED] - free_spin_reel_counter[1] = free_spin_reel_counter[1] + 1: null

2019-08-15 16:24:19 - [TEST_STEP][PASSED] - if (i == 4 &amp;&amp; wildList.indexOf(symbol) != -1): null

2019-08-15 16:24:19 - [TEST_STEP][PASSED] - symbol = symbol: null

2019-08-15 16:24:19 - [TEST_STEP][PASSED] - println(symbol): null

2019-08-15 16:24:19 - [TEST_STEP][PASSED] - if (i == 2 &amp;&amp; wildList.indexOf(symbol) != -1): null

2019-08-15 16:24:19 - [TEST_STEP][PASSED] - if (i == 3 &amp;&amp; wildList.indexOf(symbol) != -1): null

2019-08-15 16:24:19 - [TEST_STEP][PASSED] - if (i == 4 &amp;&amp; wildList.indexOf(symbol) != -1): null

2019-08-15 16:24:19 - [TEST_STEP][PASSED] - symbol = symbol: null

2019-08-15 16:24:19 - [TEST_STEP][PASSED] - println(symbol): null

2019-08-15 16:24:19 - [TEST_STEP][PASSED] - if (i == 2 &amp;&amp; wildList.indexOf(symbol) != -1): null

2019-08-15 16:24:19 - [TEST_STEP][PASSED] - if (i == 3 &amp;&amp; wildList.indexOf(symbol) != -1): null

2019-08-15 16:24:19 - [TEST_STEP][PASSED] - if (i == 4 &amp;&amp; wildList.indexOf(symbol) != -1): null

2019-08-15 16:24:19 - [TEST_STEP][PASSED] - symbols = symbols: null

2019-08-15 16:24:19 - [TEST_STEP][PASSED] - for ([j = 0, j &lt; symbols.size(), (j++)]): null

2019-08-15 16:24:19 - [TEST_STEP][PASSED] - symbol = symbol: null

2019-08-15 16:24:19 - [TEST_STEP][PASSED] - println(symbol): null

2019-08-15 16:24:19 - [TEST_STEP][PASSED] - if (i == 2 &amp;&amp; wildList.indexOf(symbol) != -1): null

2019-08-15 16:24:19 - [TEST_STEP][PASSED] - if (i == 3 &amp;&amp; wildList.indexOf(symbol) != -1): null

2019-08-15 16:24:19 - [TEST_STEP][PASSED] - if (i == 4 &amp;&amp; wildList.indexOf(symbol) != -1): null

2019-08-15 16:24:19 - [TEST_STEP][PASSED] - symbol = symbol: null

2019-08-15 16:24:19 - [TEST_STEP][PASSED] - println(symbol): null

2019-08-15 16:24:19 - [TEST_STEP][PASSED] - if (i == 2 &amp;&amp; wildList.indexOf(symbol) != -1): null

2019-08-15 16:24:19 - [TEST_STEP][PASSED] - if (i == 3 &amp;&amp; wildList.indexOf(symbol) != -1): null

2019-08-15 16:24:19 - [TEST_STEP][PASSED] - if (i == 4 &amp;&amp; wildList.indexOf(symbol) != -1): null

2019-08-15 16:24:19 - [TEST_STEP][PASSED] - symbol = symbol: null

2019-08-15 16:24:19 - [TEST_STEP][PASSED] - println(symbol): null

2019-08-15 16:24:19 - [TEST_STEP][PASSED] - if (i == 2 &amp;&amp; wildList.indexOf(symbol) != -1): null

2019-08-15 16:24:19 - [TEST_STEP][PASSED] - if (i == 3 &amp;&amp; wildList.indexOf(symbol) != -1): null

2019-08-15 16:24:19 - [TEST_STEP][PASSED] - if (i == 4 &amp;&amp; wildList.indexOf(symbol) != -1): null

2019-08-15 16:24:19 - [TEST_STEP][PASSED] - free_spin_reel_counter = free_spin_reel_counter: null

2019-08-15 16:24:19 - [TEST_STEP][PASSED] - println("reel 3 wild found: " + free_spin_reel_counter[0]): null

2019-08-15 16:24:19 - [TEST_STEP][PASSED] - println("reel 4 wild found: " + free_spin_reel_counter[1]): null

2019-08-15 16:24:19 - [TEST_STEP][PASSED] - println("reel 5 wild found: " + free_spin_reel_counter[2]): null

2019-08-15 16:24:19 - [TEST_STEP][PASSED] - M4_spin_reels = M4_spin_reels: null

2019-08-15 16:24:19 - [TEST_STEP][PASSED] - M4_spin_reels_symbols = symbol: null

2019-08-15 16:24:19 - [TEST_STEP][PASSED] - M4_spin_reels_symbols = M4_spin_reels_symbols: null

2019-08-15 16:24:19 - [TEST_STEP][PASSED] - M4_spin_reel_wins = reel_wins: null

2019-08-15 16:24:19 - [TEST_STEP][PASSED] - M4_spin_reel_wins = M4_spin_reel_wins: null

2019-08-15 16:24:19 - [TEST_STEP][PASSED] - println("GlobalVariable.M4_spin_reel_wins is: " + M4_spin_reel_wins): null

2019-08-15 16:24:19 - [TEST_STEP][PASSED] - M4_spin_total_bonus_win_this_round = total_bonus_win_this_round: null

2019-08-15 16:24:19 - [TEST_STEP][PASSED] - M4_spin_total_bonus_win_this_round = M4_spin_total_bonus_win_this_round: null

2019-08-15 16:24:19 - [TEST_STEP][PASSED] - println("GlobalVariable.M4_spin_total_bonus_win_this_round is: " + M4_spin_total_bonus_win_this_round): null

2019-08-15 16:24:19 - [MESSAGE][PASSED] - Verify response successfully

2019-08-15 16:24:19 - [MESSAGE][PASSED] - Send request and verify the response successfully

2019-08-15 16:24:19 - [TEST_STEP][PASSED] - if (M4_total_bonus_spins_int != 0 &amp;&amp; M4_spin_reels_symbols[2].contains("WILD_Normal") || M4_spin_reels_symbols[3].contains("WILD_Normal") || M4_spin_reels_symbols[4].contains("WILD_Normal")): null

2019-08-15 16:24:19 - [TEST_STEP][PASSED] - free_spin_reel_counter = free_spin_reel_counter: null

2019-08-15 16:24:19 - [TEST_STEP][PASSED] - M4_spin_reels_symbols = M4_spin_reels_symbols: null

2019-08-15 16:24:19 - [TEST_STEP][PASSED] - M4_total_bonus_spins = M4_total_bonus_spins: null

2019-08-15 16:24:19 - [TEST_STEP][PASSED] - spin_result = sendRequestAndVerify(findTestObject("STG/RGS(M4)/1_M4_spin", ["M4_login_user_id":M4_login_user_id, "rgs_session_token":rgs_session_token, "partner":Partner])): Send request and verify the response successfully

2019-08-15 16:24:19 - [TEST_CASE][PASSED] - Start Test Case : Verification: Verification accomplished successfully

2019-08-15 16:24:19 - [TEST_STEP][PASSED] - request = getInstance().getCurrentRequest(): null

2019-08-15 16:24:19 - [TEST_STEP][PASSED] - response = getInstance().getCurrentResponse(): null

2019-08-15 16:24:19 - [TEST_STEP][PASSED] - verifyResponseStatusCode(response, 200): Verify response status code successfully

2019-08-15 16:24:19 - [MESSAGE][PASSED] - Verify response status code successfully

2019-08-15 16:24:19 - [TEST_STEP][PASSED] - getStatusCode()).isEqualTo(200): null

2019-08-15 16:24:19 - [TEST_STEP][PASSED] - newline = System.getProperty("line.separator"): null

2019-08-15 16:24:19 - [TEST_STEP][PASSED] - M4_spin = new groovy.json.JsonSlurper(): null

2019-08-15 16:24:19 - [TEST_STEP][PASSED] - result_M4_spin = M4_spin.parseText(response.getResponseBodyContent()): null

2019-08-15 16:24:19 - [TEST_STEP][PASSED] - M4_spin_current_balance = current_balance: null

2019-08-15 16:24:19 - [TEST_STEP][PASSED] - M4_spin_current_balance = M4_spin_current_balance: null

2019-08-15 16:24:19 - [TEST_STEP][PASSED] - M4_spin_transaction_id = causality: null

2019-08-15 16:24:19 - [TEST_STEP][PASSED] - M4_spin_transaction_id = M4_spin_transaction_id: null

2019-08-15 16:24:19 - [TEST_STEP][PASSED] - M4_spin_round_id = round_id: null

2019-08-15 16:24:19 - [TEST_STEP][PASSED] - M4_spin_round_id = M4_spin_round_id: null

2019-08-15 16:24:19 - [TEST_STEP][PASSED] - M4_spin_line_wins = line_wins: null

2019-08-15 16:24:19 - [TEST_STEP][PASSED] - M4_spin_line_wins = M4_spin_line_wins: null

2019-08-15 16:24:19 - [TEST_STEP][PASSED] - M4_total_bonus_spins_int = total_bonus_spins: null

2019-08-15 16:24:19 - [TEST_STEP][PASSED] - println("******M4_total_bonus_spins type is:*******" + newline + getClass().getName()): null

2019-08-15 16:24:19 - [TEST_STEP][PASSED] - M4_total_bonus_spins_int = M4_total_bonus_spins_int: null

2019-08-15 16:24:19 - [TEST_STEP][PASSED] - M4_total_bonus_spins = Integer.toString(M4_total_bonus_spins_int): null

2019-08-15 16:24:19 - [TEST_STEP][PASSED] - M4_total_bonus_spins = M4_total_bonus_spins: null

2019-08-15 16:24:19 - [TEST_STEP][PASSED] - println("M4_total_bonus_spins is:" + M4_total_bonus_spins): null

2019-08-15 16:24:19 - [TEST_STEP][PASSED] - M4_spin_bonus_data = bonus_data: null

2019-08-15 16:24:19 - [TEST_STEP][PASSED] - M4_spin_features_triggered = result_M4_spin: null

2019-08-15 16:24:19 - [TEST_STEP][PASSED] - wild = []: null

2019-08-15 16:24:19 - [TEST_STEP][PASSED] - wild[0] = "WILD_Expanding": null

2019-08-15 16:24:19 - [TEST_STEP][PASSED] - wild[1] = "WILD_Normal": null

2019-08-15 16:24:19 - [TEST_STEP][PASSED] - wild[2] = "WILD_Double": null

2019-08-15 16:24:19 - [TEST_STEP][PASSED] - wild[3] = "WILD_ExtraFG": null

2019-08-15 16:24:19 - [TEST_STEP][PASSED] - wild[4] = "WILD_Triple": null

2019-08-15 16:24:19 - [TEST_STEP][PASSED] - wildList = Arrays.asList(wild): null

2019-08-15 16:24:19 - [TEST_STEP][PASSED] - wildList = wildList: null

2019-08-15 16:24:19 - [TEST_STEP][PASSED] - free_spin_reel_counter = []: null

2019-08-15 16:24:19 - [TEST_STEP][PASSED] - free_spin_reel_counter[0] = 0: null

2019-08-15 16:24:19 - [TEST_STEP][PASSED] - free_spin_reel_counter[1] = 0: null

2019-08-15 16:24:19 - [TEST_STEP][PASSED] - free_spin_reel_counter[2] = 0: null

2019-08-15 16:24:19 - [TEST_STEP][PASSED] - M4_spin_reels = reels: null

2019-08-15 16:24:19 - [TEST_STEP][PASSED] - for ([i = 0, i &lt; M4_spin_reels.size(), (i++)]): null

2019-08-15 16:24:19 - [TEST_STEP][PASSED] - symbols = symbols: null

2019-08-15 16:24:19 - [TEST_STEP][PASSED] - for ([j = 0, j &lt; symbols.size(), (j++)]): null

2019-08-15 16:24:19 - [TEST_STEP][PASSED] - symbol = symbol: null

2019-08-15 16:24:19 - [TEST_STEP][PASSED] - println(symbol): null

2019-08-15 16:24:19 - [TEST_STEP][PASSED] - if (i == 2 &amp;&amp; wildList.indexOf(symbol) != -1): null

2019-08-15 16:24:19 - [TEST_STEP][PASSED] - if (i == 3 &amp;&amp; wildList.indexOf(symbol) != -1): null

2019-08-15 16:24:19 - [TEST_STEP][PASSED] - if (i == 4 &amp;&amp; wildList.indexOf(symbol) != -1): null

2019-08-15 16:24:19 - [TEST_STEP][PASSED] - symbol = symbol: null

2019-08-15 16:24:19 - [TEST_STEP][PASSED] - println(symbol): null

2019-08-15 16:24:19 - [TEST_STEP][PASSED] - if (i == 2 &amp;&amp; wildList.indexOf(symbol) != -1): null

2019-08-15 16:24:19 - [TEST_STEP][PASSED] - if (i == 3 &amp;&amp; wildList.indexOf(symbol) != -1): null

2019-08-15 16:24:19 - [TEST_STEP][PASSED] - if (i == 4 &amp;&amp; wildList.indexOf(symbol) != -1): null

2019-08-15 16:24:19 - [TEST_STEP][PASSED] - symbol = symbol: null

2019-08-15 16:24:19 - [TEST_STEP][PASSED] - println(symbol): null

2019-08-15 16:24:19 - [TEST_STEP][PASSED] - if (i == 2 &amp;&amp; wildList.indexOf(symbol) != -1): null

2019-08-15 16:24:19 - [TEST_STEP][PASSED] - if (i == 3 &amp;&amp; wildList.indexOf(symbol) != -1): null

2019-08-15 16:24:19 - [TEST_STEP][PASSED] - if (i == 4 &amp;&amp; wildList.indexOf(symbol) != -1): null

2019-08-15 16:24:19 - [TEST_STEP][PASSED] - symbols = symbols: null

2019-08-15 16:24:19 - [TEST_STEP][PASSED] - for ([j = 0, j &lt; symbols.size(), (j++)]): null

2019-08-15 16:24:19 - [TEST_STEP][PASSED] - symbol = symbol: null

2019-08-15 16:24:19 - [TEST_STEP][PASSED] - println(symbol): null

2019-08-15 16:24:19 - [TEST_STEP][PASSED] - if (i == 2 &amp;&amp; wildList.indexOf(symbol) != -1): null

2019-08-15 16:24:19 - [TEST_STEP][PASSED] - if (i == 3 &amp;&amp; wildList.indexOf(symbol) != -1): null

2019-08-15 16:24:19 - [TEST_STEP][PASSED] - if (i == 4 &amp;&amp; wildList.indexOf(symbol) != -1): null

2019-08-15 16:24:19 - [TEST_STEP][PASSED] - symbol = symbol: null

2019-08-15 16:24:19 - [TEST_STEP][PASSED] - println(symbol): null

2019-08-15 16:24:19 - [TEST_STEP][PASSED] - if (i == 2 &amp;&amp; wildList.indexOf(symbol) != -1): null

2019-08-15 16:24:19 - [TEST_STEP][PASSED] - if (i == 3 &amp;&amp; wildList.indexOf(symbol) != -1): null

2019-08-15 16:24:19 - [TEST_STEP][PASSED] - if (i == 4 &amp;&amp; wildList.indexOf(symbol) != -1): null

2019-08-15 16:24:19 - [TEST_STEP][PASSED] - symbol = symbol: null

2019-08-15 16:24:19 - [TEST_STEP][PASSED] - println(symbol): null

2019-08-15 16:24:19 - [TEST_STEP][PASSED] - if (i == 2 &amp;&amp; wildList.indexOf(symbol) != -1): null

2019-08-15 16:24:19 - [TEST_STEP][PASSED] - if (i == 3 &amp;&amp; wildList.indexOf(symbol) != -1): null

2019-08-15 16:24:19 - [TEST_STEP][PASSED] - if (i == 4 &amp;&amp; wildList.indexOf(symbol) != -1): null

2019-08-15 16:24:19 - [TEST_STEP][PASSED] - symbols = symbols: null

2019-08-15 16:24:19 - [TEST_STEP][PASSED] - for ([j = 0, j &lt; symbols.size(), (j++)]): null

2019-08-15 16:24:19 - [TEST_STEP][PASSED] - symbol = symbol: null

2019-08-15 16:24:19 - [TEST_STEP][PASSED] - println(symbol): null

2019-08-15 16:24:19 - [TEST_STEP][PASSED] - if (i == 2 &amp;&amp; wildList.indexOf(symbol) != -1): null

2019-08-15 16:24:19 - [TEST_STEP][PASSED] - if (i == 3 &amp;&amp; wildList.indexOf(symbol) != -1): null

2019-08-15 16:24:19 - [TEST_STEP][PASSED] - if (i == 4 &amp;&amp; wildList.indexOf(symbol) != -1): null

2019-08-15 16:24:19 - [TEST_STEP][PASSED] - symbol = symbol: null

2019-08-15 16:24:19 - [TEST_STEP][PASSED] - println(symbol): null

2019-08-15 16:24:19 - [TEST_STEP][PASSED] - if (i == 2 &amp;&amp; wildList.indexOf(symbol) != -1): null

2019-08-15 16:24:19 - [TEST_STEP][PASSED] - if (i == 3 &amp;&amp; wildList.indexOf(symbol) != -1): null

2019-08-15 16:24:19 - [TEST_STEP][PASSED] - if (i == 4 &amp;&amp; wildList.indexOf(symbol) != -1): null

2019-08-15 16:24:19 - [TEST_STEP][PASSED] - symbol = symbol: null

2019-08-15 16:24:19 - [TEST_STEP][PASSED] - println(symbol): null

2019-08-15 16:24:19 - [TEST_STEP][PASSED] - if (i == 2 &amp;&amp; wildList.indexOf(symbol) != -1): null

2019-08-15 16:24:19 - [TEST_STEP][PASSED] - if (i == 3 &amp;&amp; wildList.indexOf(symbol) != -1): null

2019-08-15 16:24:19 - [TEST_STEP][PASSED] - if (i == 4 &amp;&amp; wildList.indexOf(symbol) != -1): null

2019-08-15 16:24:19 - [TEST_STEP][PASSED] - symbols = symbols: null

2019-08-15 16:24:19 - [TEST_STEP][PASSED] - for ([j = 0, j &lt; symbols.size(), (j++)]): null

2019-08-15 16:24:19 - [TEST_STEP][PASSED] - symbol = symbol: null

2019-08-15 16:24:19 - [TEST_STEP][PASSED] - println(symbol): null

2019-08-15 16:24:19 - [TEST_STEP][PASSED] - if (i == 2 &amp;&amp; wildList.indexOf(symbol) != -1): null

2019-08-15 16:24:19 - [TEST_STEP][PASSED] - if (i == 3 &amp;&amp; wildList.indexOf(symbol) != -1): null

2019-08-15 16:24:19 - [TEST_STEP][PASSED] - if (i == 4 &amp;&amp; wildList.indexOf(symbol) != -1): null

2019-08-15 16:24:19 - [TEST_STEP][PASSED] - symbol = symbol: null

2019-08-15 16:24:19 - [TEST_STEP][PASSED] - println(symbol): null

2019-08-15 16:24:19 - [TEST_STEP][PASSED] - if (i == 2 &amp;&amp; wildList.indexOf(symbol) != -1): null

2019-08-15 16:24:19 - [TEST_STEP][PASSED] - if (i == 3 &amp;&amp; wildList.indexOf(symbol) != -1): null

2019-08-15 16:24:19 - [TEST_STEP][PASSED] - println("wild found on reel 4, adding counter by 1"): null

2019-08-15 16:24:19 - [TEST_STEP][PASSED] - free_spin_reel_counter[1] = free_spin_reel_counter[1] + 1: null

2019-08-15 16:24:19 - [TEST_STEP][PASSED] - if (i == 4 &amp;&amp; wildList.indexOf(symbol) != -1): null

2019-08-15 16:24:19 - [TEST_STEP][PASSED] - symbol = symbol: null

2019-08-15 16:24:19 - [TEST_STEP][PASSED] - println(symbol): null

2019-08-15 16:24:19 - [TEST_STEP][PASSED] - if (i == 2 &amp;&amp; wildList.indexOf(symbol) != -1): null

2019-08-15 16:24:19 - [TEST_STEP][PASSED] - if (i == 3 &amp;&amp; wildList.indexOf(symbol) != -1): null

2019-08-15 16:24:19 - [TEST_STEP][PASSED] - if (i == 4 &amp;&amp; wildList.indexOf(symbol) != -1): null

2019-08-15 16:24:19 - [TEST_STEP][PASSED] - symbols = symbols: null

2019-08-15 16:24:19 - [TEST_STEP][PASSED] - for ([j = 0, j &lt; symbols.size(), (j++)]): null

2019-08-15 16:24:19 - [TEST_STEP][PASSED] - symbol = symbol: null

2019-08-15 16:24:19 - [TEST_STEP][PASSED] - println(symbol): null

2019-08-15 16:24:19 - [TEST_STEP][PASSED] - if (i == 2 &amp;&amp; wildList.indexOf(symbol) != -1): null

2019-08-15 16:24:19 - [TEST_STEP][PASSED] - if (i == 3 &amp;&amp; wildList.indexOf(symbol) != -1): null

2019-08-15 16:24:19 - [TEST_STEP][PASSED] - if (i == 4 &amp;&amp; wildList.indexOf(symbol) != -1): null

2019-08-15 16:24:19 - [TEST_STEP][PASSED] - symbol = symbol: null

2019-08-15 16:24:19 - [TEST_STEP][PASSED] - println(symbol): null

2019-08-15 16:24:19 - [TEST_STEP][PASSED] - if (i == 2 &amp;&amp; wildList.indexOf(symbol) != -1): null

2019-08-15 16:24:19 - [TEST_STEP][PASSED] - if (i == 3 &amp;&amp; wildList.indexOf(symbol) != -1): null

2019-08-15 16:24:19 - [TEST_STEP][PASSED] - if (i == 4 &amp;&amp; wildList.indexOf(symbol) != -1): null

2019-08-15 16:24:19 - [TEST_STEP][PASSED] - symbol = symbol: null

2019-08-15 16:24:19 - [TEST_STEP][PASSED] - println(symbol): null

2019-08-15 16:24:19 - [TEST_STEP][PASSED] - if (i == 2 &amp;&amp; wildList.indexOf(symbol) != -1): null

2019-08-15 16:24:19 - [TEST_STEP][PASSED] - if (i == 3 &amp;&amp; wildList.indexOf(symbol) != -1): null

2019-08-15 16:24:19 - [TEST_STEP][PASSED] - if (i == 4 &amp;&amp; wildList.indexOf(symbol) != -1): null

2019-08-15 16:24:19 - [TEST_STEP][PASSED] - free_spin_reel_counter = free_spin_reel_counter: null

2019-08-15 16:24:19 - [TEST_STEP][PASSED] - println("reel 3 wild found: " + free_spin_reel_counter[0]): null

2019-08-15 16:24:19 - [TEST_STEP][PASSED] - println("reel 4 wild found: " + free_spin_reel_counter[1]): null

2019-08-15 16:24:19 - [TEST_STEP][PASSED] - println("reel 5 wild found: " + free_spin_reel_counter[2]): null

2019-08-15 16:24:19 - [TEST_STEP][PASSED] - M4_spin_reels = M4_spin_reels: null

2019-08-15 16:24:19 - [TEST_STEP][PASSED] - M4_spin_reels_symbols = symbol: null

2019-08-15 16:24:19 - [TEST_STEP][PASSED] - M4_spin_reels_symbols = M4_spin_reels_symbols: null

2019-08-15 16:24:19 - [TEST_STEP][PASSED] - M4_spin_reel_wins = reel_wins: null

2019-08-15 16:24:19 - [TEST_STEP][PASSED] - M4_spin_reel_wins = M4_spin_reel_wins: null

2019-08-15 16:24:19 - [TEST_STEP][PASSED] - println("GlobalVariable.M4_spin_reel_wins is: " + M4_spin_reel_wins): null

2019-08-15 16:24:19 - [TEST_STEP][PASSED] - M4_spin_total_bonus_win_this_round = total_bonus_win_this_round: null

2019-08-15 16:24:19 - [TEST_STEP][PASSED] - M4_spin_total_bonus_win_this_round = M4_spin_total_bonus_win_this_round: null

2019-08-15 16:24:19 - [TEST_STEP][PASSED] - println("GlobalVariable.M4_spin_total_bonus_win_this_round is: " + M4_spin_total_bonus_win_this_round): null

2019-08-15 16:24:19 - [MESSAGE][PASSED] - Verify response successfully

2019-08-15 16:24:19 - [MESSAGE][PASSED] - Send request and verify the response successfully

2019-08-15 16:24:19 - [TEST_STEP][PASSED] - if (M4_total_bonus_spins_int != 0 &amp;&amp; M4_spin_reels_symbols[2].contains("WILD_Normal") || M4_spin_reels_symbols[3].contains("WILD_Normal") || M4_spin_reels_symbols[4].contains("WILD_Normal")): null

2019-08-15 16:24:19 - [TEST_STEP][PASSED] - free_spin_reel_counter = free_spin_reel_counter: null

2019-08-15 16:24:19 - [TEST_STEP][PASSED] - M4_spin_reels_symbols = M4_spin_reels_symbols: null

2019-08-15 16:24:19 - [TEST_STEP][PASSED] - M4_total_bonus_spins = M4_total_bonus_spins: null

2019-08-15 16:24:19 - [TEST_STEP][PASSED] - spin_result = sendRequestAndVerify(findTestObject("STG/RGS(M4)/1_M4_spin", ["M4_login_user_id":M4_login_user_id, "rgs_session_token":rgs_session_token, "partner":Partner])): Send request and verify the response successfully

2019-08-15 16:24:20 - [TEST_CASE][PASSED] - Start Test Case : Verification: Verification accomplished successfully

2019-08-15 16:24:20 - [TEST_STEP][PASSED] - request = getInstance().getCurrentRequest(): null

2019-08-15 16:24:20 - [TEST_STEP][PASSED] - response = getInstance().getCurrentResponse(): null

2019-08-15 16:24:20 - [TEST_STEP][PASSED] - verifyResponseStatusCode(response, 200): Verify response status code successfully

2019-08-15 16:24:20 - [MESSAGE][PASSED] - Verify response status code successfully

2019-08-15 16:24:20 - [TEST_STEP][PASSED] - getStatusCode()).isEqualTo(200): null

2019-08-15 16:24:20 - [TEST_STEP][PASSED] - newline = System.getProperty("line.separator"): null

2019-08-15 16:24:20 - [TEST_STEP][PASSED] - M4_spin = new groovy.json.JsonSlurper(): null

2019-08-15 16:24:20 - [TEST_STEP][PASSED] - result_M4_spin = M4_spin.parseText(response.getResponseBodyContent()): null

2019-08-15 16:24:20 - [TEST_STEP][PASSED] - M4_spin_current_balance = current_balance: null

2019-08-15 16:24:20 - [TEST_STEP][PASSED] - M4_spin_current_balance = M4_spin_current_balance: null

2019-08-15 16:24:20 - [TEST_STEP][PASSED] - M4_spin_transaction_id = causality: null

2019-08-15 16:24:20 - [TEST_STEP][PASSED] - M4_spin_transaction_id = M4_spin_transaction_id: null

2019-08-15 16:24:20 - [TEST_STEP][PASSED] - M4_spin_round_id = round_id: null

2019-08-15 16:24:20 - [TEST_STEP][PASSED] - M4_spin_round_id = M4_spin_round_id: null

2019-08-15 16:24:20 - [TEST_STEP][PASSED] - M4_spin_line_wins = line_wins: null

2019-08-15 16:24:20 - [TEST_STEP][PASSED] - M4_spin_line_wins = M4_spin_line_wins: null

2019-08-15 16:24:20 - [TEST_STEP][PASSED] - M4_total_bonus_spins_int = total_bonus_spins: null

2019-08-15 16:24:20 - [TEST_STEP][PASSED] - println("******M4_total_bonus_spins type is:*******" + newline + getClass().getName()): null

2019-08-15 16:24:20 - [TEST_STEP][PASSED] - M4_total_bonus_spins_int = M4_total_bonus_spins_int: null

2019-08-15 16:24:20 - [TEST_STEP][PASSED] - M4_total_bonus_spins = Integer.toString(M4_total_bonus_spins_int): null

2019-08-15 16:24:20 - [TEST_STEP][PASSED] - M4_total_bonus_spins = M4_total_bonus_spins: null

2019-08-15 16:24:20 - [TEST_STEP][PASSED] - println("M4_total_bonus_spins is:" + M4_total_bonus_spins): null

2019-08-15 16:24:20 - [TEST_STEP][PASSED] - M4_spin_bonus_data = bonus_data: null

2019-08-15 16:24:20 - [TEST_STEP][PASSED] - M4_spin_features_triggered = result_M4_spin: null

2019-08-15 16:24:20 - [TEST_STEP][PASSED] - wild = []: null

2019-08-15 16:24:20 - [TEST_STEP][PASSED] - wild[0] = "WILD_Expanding": null

2019-08-15 16:24:20 - [TEST_STEP][PASSED] - wild[1] = "WILD_Normal": null

2019-08-15 16:24:20 - [TEST_STEP][PASSED] - wild[2] = "WILD_Double": null

2019-08-15 16:24:20 - [TEST_STEP][PASSED] - wild[3] = "WILD_ExtraFG": null

2019-08-15 16:24:20 - [TEST_STEP][PASSED] - wild[4] = "WILD_Triple": null

2019-08-15 16:24:20 - [TEST_STEP][PASSED] - wildList = Arrays.asList(wild): null

2019-08-15 16:24:20 - [TEST_STEP][PASSED] - wildList = wildList: null

2019-08-15 16:24:20 - [TEST_STEP][PASSED] - free_spin_reel_counter = []: null

2019-08-15 16:24:20 - [TEST_STEP][PASSED] - free_spin_reel_counter[0] = 0: null

2019-08-15 16:24:20 - [TEST_STEP][PASSED] - free_spin_reel_counter[1] = 0: null

2019-08-15 16:24:20 - [TEST_STEP][PASSED] - free_spin_reel_counter[2] = 0: null

2019-08-15 16:24:20 - [TEST_STEP][PASSED] - M4_spin_reels = reels: null

2019-08-15 16:24:20 - [TEST_STEP][PASSED] - for ([i = 0, i &lt; M4_spin_reels.size(), (i++)]): null

2019-08-15 16:24:20 - [TEST_STEP][PASSED] - symbols = symbols: null

2019-08-15 16:24:20 - [TEST_STEP][PASSED] - for ([j = 0, j &lt; symbols.size(), (j++)]): null

2019-08-15 16:24:20 - [TEST_STEP][PASSED] - symbol = symbol: null

2019-08-15 16:24:20 - [TEST_STEP][PASSED] - println(symbol): null

2019-08-15 16:24:20 - [TEST_STEP][PASSED] - if (i == 2 &amp;&amp; wildList.indexOf(symbol) != -1): null

2019-08-15 16:24:20 - [TEST_STEP][PASSED] - if (i == 3 &amp;&amp; wildList.indexOf(symbol) != -1): null

2019-08-15 16:24:20 - [TEST_STEP][PASSED] - if (i == 4 &amp;&amp; wildList.indexOf(symbol) != -1): null

2019-08-15 16:24:20 - [TEST_STEP][PASSED] - symbol = symbol: null

2019-08-15 16:24:20 - [TEST_STEP][PASSED] - println(symbol): null

2019-08-15 16:24:20 - [TEST_STEP][PASSED] - if (i == 2 &amp;&amp; wildList.indexOf(symbol) != -1): null

2019-08-15 16:24:20 - [TEST_STEP][PASSED] - if (i == 3 &amp;&amp; wildList.indexOf(symbol) != -1): null

2019-08-15 16:24:20 - [TEST_STEP][PASSED] - if (i == 4 &amp;&amp; wildList.indexOf(symbol) != -1): null

2019-08-15 16:24:20 - [TEST_STEP][PASSED] - symbol = symbol: null

2019-08-15 16:24:20 - [TEST_STEP][PASSED] - println(symbol): null

2019-08-15 16:24:20 - [TEST_STEP][PASSED] - if (i == 2 &amp;&amp; wildList.indexOf(symbol) != -1): null

2019-08-15 16:24:20 - [TEST_STEP][PASSED] - if (i == 3 &amp;&amp; wildList.indexOf(symbol) != -1): null

2019-08-15 16:24:20 - [TEST_STEP][PASSED] - if (i == 4 &amp;&amp; wildList.indexOf(symbol) != -1): null

2019-08-15 16:24:20 - [TEST_STEP][PASSED] - symbols = symbols: null

2019-08-15 16:24:20 - [TEST_STEP][PASSED] - for ([j = 0, j &lt; symbols.size(), (j++)]): null

2019-08-15 16:24:20 - [TEST_STEP][PASSED] - symbol = symbol: null

2019-08-15 16:24:20 - [TEST_STEP][PASSED] - println(symbol): null

2019-08-15 16:24:20 - [TEST_STEP][PASSED] - if (i == 2 &amp;&amp; wildList.indexOf(symbol) != -1): null

2019-08-15 16:24:20 - [TEST_STEP][PASSED] - if (i == 3 &amp;&amp; wildList.indexOf(symbol) != -1): null

2019-08-15 16:24:20 - [TEST_STEP][PASSED] - if (i == 4 &amp;&amp; wildList.indexOf(symbol) != -1): null

2019-08-15 16:24:20 - [TEST_STEP][PASSED] - symbol = symbol: null

2019-08-15 16:24:20 - [TEST_STEP][PASSED] - println(symbol): null

2019-08-15 16:24:20 - [TEST_STEP][PASSED] - if (i == 2 &amp;&amp; wildList.indexOf(symbol) != -1): null

2019-08-15 16:24:20 - [TEST_STEP][PASSED] - if (i == 3 &amp;&amp; wildList.indexOf(symbol) != -1): null

2019-08-15 16:24:20 - [TEST_STEP][PASSED] - if (i == 4 &amp;&amp; wildList.indexOf(symbol) != -1): null

2019-08-15 16:24:20 - [TEST_STEP][PASSED] - symbol = symbol: null

2019-08-15 16:24:20 - [TEST_STEP][PASSED] - println(symbol): null

2019-08-15 16:24:20 - [TEST_STEP][PASSED] - if (i == 2 &amp;&amp; wildList.indexOf(symbol) != -1): null

2019-08-15 16:24:20 - [TEST_STEP][PASSED] - if (i == 3 &amp;&amp; wildList.indexOf(symbol) != -1): null

2019-08-15 16:24:20 - [TEST_STEP][PASSED] - if (i == 4 &amp;&amp; wildList.indexOf(symbol) != -1): null

2019-08-15 16:24:20 - [TEST_STEP][PASSED] - symbols = symbols: null

2019-08-15 16:24:20 - [TEST_STEP][PASSED] - for ([j = 0, j &lt; symbols.size(), (j++)]): null

2019-08-15 16:24:20 - [TEST_STEP][PASSED] - symbol = symbol: null

2019-08-15 16:24:20 - [TEST_STEP][PASSED] - println(symbol): null

2019-08-15 16:24:20 - [TEST_STEP][PASSED] - if (i == 2 &amp;&amp; wildList.indexOf(symbol) != -1): null

2019-08-15 16:24:20 - [TEST_STEP][PASSED] - if (i == 3 &amp;&amp; wildList.indexOf(symbol) != -1): null

2019-08-15 16:24:20 - [TEST_STEP][PASSED] - if (i == 4 &amp;&amp; wildList.indexOf(symbol) != -1): null

2019-08-15 16:24:20 - [TEST_STEP][PASSED] - symbol = symbol: null

2019-08-15 16:24:20 - [TEST_STEP][PASSED] - println(symbol): null

2019-08-15 16:24:20 - [TEST_STEP][PASSED] - if (i == 2 &amp;&amp; wildList.indexOf(symbol) != -1): null

2019-08-15 16:24:20 - [TEST_STEP][PASSED] - if (i == 3 &amp;&amp; wildList.indexOf(symbol) != -1): null

2019-08-15 16:24:20 - [TEST_STEP][PASSED] - if (i == 4 &amp;&amp; wildList.indexOf(symbol) != -1): null

2019-08-15 16:24:20 - [TEST_STEP][PASSED] - symbol = symbol: null

2019-08-15 16:24:20 - [TEST_STEP][PASSED] - println(symbol): null

2019-08-15 16:24:20 - [TEST_STEP][PASSED] - if (i == 2 &amp;&amp; wildList.indexOf(symbol) != -1): null

2019-08-15 16:24:20 - [TEST_STEP][PASSED] - if (i == 3 &amp;&amp; wildList.indexOf(symbol) != -1): null

2019-08-15 16:24:20 - [TEST_STEP][PASSED] - if (i == 4 &amp;&amp; wildList.indexOf(symbol) != -1): null

2019-08-15 16:24:20 - [TEST_STEP][PASSED] - symbols = symbols: null

2019-08-15 16:24:23 - [TEST_STEP][PASSED] - for ([j = 0, j &lt; symbols.size(), (j++)]): null

2019-08-15 16:24:23 - [TEST_STEP][PASSED] - symbol = symbol: null

2019-08-15 16:24:23 - [TEST_STEP][PASSED] - println(symbol): null

2019-08-15 16:24:23 - [TEST_STEP][PASSED] - if (i == 2 &amp;&amp; wildList.indexOf(symbol) != -1): null

2019-08-15 16:24:23 - [TEST_STEP][PASSED] - if (i == 3 &amp;&amp; wildList.indexOf(symbol) != -1): null

2019-08-15 16:24:23 - [TEST_STEP][PASSED] - if (i == 4 &amp;&amp; wildList.indexOf(symbol) != -1): null

2019-08-15 16:24:23 - [TEST_STEP][PASSED] - symbol = symbol: null

2019-08-15 16:24:23 - [TEST_STEP][PASSED] - println(symbol): null

2019-08-15 16:24:23 - [TEST_STEP][PASSED] - if (i == 2 &amp;&amp; wildList.indexOf(symbol) != -1): null

2019-08-15 16:24:23 - [TEST_STEP][PASSED] - if (i == 3 &amp;&amp; wildList.indexOf(symbol) != -1): null

2019-08-15 16:24:23 - [TEST_STEP][PASSED] - if (i == 4 &amp;&amp; wildList.indexOf(symbol) != -1): null

2019-08-15 16:24:23 - [TEST_STEP][PASSED] - symbol = symbol: null

2019-08-15 16:24:23 - [TEST_STEP][PASSED] - println(symbol): null

2019-08-15 16:24:23 - [TEST_STEP][PASSED] - if (i == 2 &amp;&amp; wildList.indexOf(symbol) != -1): null

2019-08-15 16:24:23 - [TEST_STEP][PASSED] - if (i == 3 &amp;&amp; wildList.indexOf(symbol) != -1): null

2019-08-15 16:24:23 - [TEST_STEP][PASSED] - if (i == 4 &amp;&amp; wildList.indexOf(symbol) != -1): null

2019-08-15 16:24:23 - [TEST_STEP][PASSED] - symbols = symbols: null

2019-08-15 16:24:23 - [TEST_STEP][PASSED] - for ([j = 0, j &lt; symbols.size(), (j++)]): null

2019-08-15 16:24:23 - [TEST_STEP][PASSED] - symbol = symbol: null

2019-08-15 16:24:23 - [TEST_STEP][PASSED] - println(symbol): null

2019-08-15 16:24:23 - [TEST_STEP][PASSED] - if (i == 2 &amp;&amp; wildList.indexOf(symbol) != -1): null

2019-08-15 16:24:23 - [TEST_STEP][PASSED] - if (i == 3 &amp;&amp; wildList.indexOf(symbol) != -1): null

2019-08-15 16:24:23 - [TEST_STEP][PASSED] - if (i == 4 &amp;&amp; wildList.indexOf(symbol) != -1): null

2019-08-15 16:24:23 - [TEST_STEP][PASSED] - symbol = symbol: null

2019-08-15 16:24:23 - [TEST_STEP][PASSED] - println(symbol): null

2019-08-15 16:24:23 - [TEST_STEP][PASSED] - if (i == 2 &amp;&amp; wildList.indexOf(symbol) != -1): null

2019-08-15 16:24:23 - [TEST_STEP][PASSED] - if (i == 3 &amp;&amp; wildList.indexOf(symbol) != -1): null

2019-08-15 16:24:23 - [TEST_STEP][PASSED] - if (i == 4 &amp;&amp; wildList.indexOf(symbol) != -1): null

2019-08-15 16:24:23 - [TEST_STEP][PASSED] - symbol = symbol: null

2019-08-15 16:24:23 - [TEST_STEP][PASSED] - println(symbol): null

2019-08-15 16:24:23 - [TEST_STEP][PASSED] - if (i == 2 &amp;&amp; wildList.indexOf(symbol) != -1): null

2019-08-15 16:24:23 - [TEST_STEP][PASSED] - if (i == 3 &amp;&amp; wildList.indexOf(symbol) != -1): null

2019-08-15 16:24:23 - [TEST_STEP][PASSED] - if (i == 4 &amp;&amp; wildList.indexOf(symbol) != -1): null

2019-08-15 16:24:23 - [TEST_STEP][PASSED] - free_spin_reel_counter = free_spin_reel_counter: null

2019-08-15 16:24:23 - [TEST_STEP][PASSED] - println("reel 3 wild found: " + free_spin_reel_counter[0]): null

2019-08-15 16:24:23 - [TEST_STEP][PASSED] - println("reel 4 wild found: " + free_spin_reel_counter[1]): null

2019-08-15 16:24:23 - [TEST_STEP][PASSED] - println("reel 5 wild found: " + free_spin_reel_counter[2]): null

2019-08-15 16:24:23 - [TEST_STEP][PASSED] - M4_spin_reels = M4_spin_reels: null

2019-08-15 16:24:23 - [TEST_STEP][PASSED] - M4_spin_reels_symbols = symbol: null

2019-08-15 16:24:23 - [TEST_STEP][PASSED] - M4_spin_reels_symbols = M4_spin_reels_symbols: null

2019-08-15 16:24:23 - [TEST_STEP][PASSED] - M4_spin_reel_wins = reel_wins: null

2019-08-15 16:24:23 - [TEST_STEP][PASSED] - M4_spin_reel_wins = M4_spin_reel_wins: null

2019-08-15 16:24:23 - [TEST_STEP][PASSED] - println("GlobalVariable.M4_spin_reel_wins is: " + M4_spin_reel_wins): null

2019-08-15 16:24:23 - [TEST_STEP][PASSED] - M4_spin_total_bonus_win_this_round = total_bonus_win_this_round: null

2019-08-15 16:24:23 - [TEST_STEP][PASSED] - M4_spin_total_bonus_win_this_round = M4_spin_total_bonus_win_this_round: null

2019-08-15 16:24:23 - [TEST_STEP][PASSED] - println("GlobalVariable.M4_spin_total_bonus_win_this_round is: " + M4_spin_total_bonus_win_this_round): null

2019-08-15 16:24:23 - [MESSAGE][PASSED] - Verify response successfully

2019-08-15 16:24:23 - [MESSAGE][PASSED] - Send request and verify the response successfully

2019-08-15 16:24:23 - [TEST_STEP][PASSED] - if (M4_total_bonus_spins_int != 0 &amp;&amp; M4_spin_reels_symbols[2].contains("WILD_Normal") || M4_spin_reels_symbols[3].contains("WILD_Normal") || M4_spin_reels_symbols[4].contains("WILD_Normal")): null

2019-08-15 16:24:23 - [TEST_STEP][PASSED] - free_spin_reel_counter = free_spin_reel_counter: null

2019-08-15 16:24:23 - [TEST_STEP][PASSED] - M4_spin_reels_symbols = M4_spin_reels_symbols: null

2019-08-15 16:24:23 - [TEST_STEP][PASSED] - M4_total_bonus_spins = M4_total_bonus_spins: null

2019-08-15 16:24:23 - [TEST_STEP][PASSED] - spin_result = sendRequestAndVerify(findTestObject("STG/RGS(M4)/1_M4_spin", ["M4_login_user_id":M4_login_user_id, "rgs_session_token":rgs_session_token, "partner":Partner])): Send request and verify the response successfully

2019-08-15 16:24:23 - [TEST_CASE][PASSED] - Start Test Case : Verification: Verification accomplished successfully

2019-08-15 16:24:23 - [TEST_STEP][PASSED] - request = getInstance().getCurrentRequest(): null

2019-08-15 16:24:23 - [TEST_STEP][PASSED] - response = getInstance().getCurrentResponse(): null

2019-08-15 16:24:23 - [TEST_STEP][PASSED] - verifyResponseStatusCode(response, 200): Verify response status code successfully

2019-08-15 16:24:23 - [MESSAGE][PASSED] - Verify response status code successfully

2019-08-15 16:24:23 - [TEST_STEP][PASSED] - getStatusCode()).isEqualTo(200): null

2019-08-15 16:24:23 - [TEST_STEP][PASSED] - newline = System.getProperty("line.separator"): null

2019-08-15 16:24:23 - [TEST_STEP][PASSED] - M4_spin = new groovy.json.JsonSlurper(): null

2019-08-15 16:24:23 - [TEST_STEP][PASSED] - result_M4_spin = M4_spin.parseText(response.getResponseBodyContent()): null

2019-08-15 16:24:23 - [TEST_STEP][PASSED] - M4_spin_current_balance = current_balance: null

2019-08-15 16:24:23 - [TEST_STEP][PASSED] - M4_spin_current_balance = M4_spin_current_balance: null

2019-08-15 16:24:23 - [TEST_STEP][PASSED] - M4_spin_transaction_id = causality: null

2019-08-15 16:24:23 - [TEST_STEP][PASSED] - M4_spin_transaction_id = M4_spin_transaction_id: null

2019-08-15 16:24:23 - [TEST_STEP][PASSED] - M4_spin_round_id = round_id: null

2019-08-15 16:24:23 - [TEST_STEP][PASSED] - M4_spin_round_id = M4_spin_round_id: null

2019-08-15 16:24:23 - [TEST_STEP][PASSED] - M4_spin_line_wins = line_wins: null

2019-08-15 16:24:23 - [TEST_STEP][PASSED] - M4_spin_line_wins = M4_spin_line_wins: null

2019-08-15 16:24:23 - [TEST_STEP][PASSED] - M4_total_bonus_spins_int = total_bonus_spins: null

2019-08-15 16:24:23 - [TEST_STEP][PASSED] - println("******M4_total_bonus_spins type is:*******" + newline + getClass().getName()): null

2019-08-15 16:24:23 - [TEST_STEP][PASSED] - M4_total_bonus_spins_int = M4_total_bonus_spins_int: null

2019-08-15 16:24:23 - [TEST_STEP][PASSED] - M4_total_bonus_spins = Integer.toString(M4_total_bonus_spins_int): null

2019-08-15 16:24:24 - [TEST_STEP][PASSED] - M4_total_bonus_spins = M4_total_bonus_spins: null

2019-08-15 16:24:24 - [TEST_STEP][PASSED] - println("M4_total_bonus_spins is:" + M4_total_bonus_spins): null

2019-08-15 16:24:24 - [TEST_STEP][PASSED] - M4_spin_bonus_data = bonus_data: null

2019-08-15 16:24:24 - [TEST_STEP][PASSED] - M4_spin_features_triggered = result_M4_spin: null

2019-08-15 16:24:24 - [TEST_STEP][PASSED] - wild = []: null

2019-08-15 16:24:24 - [TEST_STEP][PASSED] - wild[0] = "WILD_Expanding": null

2019-08-15 16:24:24 - [TEST_STEP][PASSED] - wild[1] = "WILD_Normal": null

2019-08-15 16:24:24 - [TEST_STEP][PASSED] - wild[2] = "WILD_Double": null

2019-08-15 16:24:24 - [TEST_STEP][PASSED] - wild[3] = "WILD_ExtraFG": null

2019-08-15 16:24:24 - [TEST_STEP][PASSED] - wild[4] = "WILD_Triple": null

2019-08-15 16:24:24 - [TEST_STEP][PASSED] - wildList = Arrays.asList(wild): null

2019-08-15 16:24:24 - [TEST_STEP][PASSED] - wildList = wildList: null

2019-08-15 16:24:24 - [TEST_STEP][PASSED] - free_spin_reel_counter = []: null

2019-08-15 16:24:24 - [TEST_STEP][PASSED] - free_spin_reel_counter[0] = 0: null

2019-08-15 16:24:24 - [TEST_STEP][PASSED] - free_spin_reel_counter[1] = 0: null

2019-08-15 16:24:24 - [TEST_STEP][PASSED] - free_spin_reel_counter[2] = 0: null

2019-08-15 16:24:24 - [TEST_STEP][PASSED] - M4_spin_reels = reels: null

2019-08-15 16:24:24 - [TEST_STEP][PASSED] - for ([i = 0, i &lt; M4_spin_reels.size(), (i++)]): null

2019-08-15 16:24:24 - [TEST_STEP][PASSED] - symbols = symbols: null

2019-08-15 16:24:24 - [TEST_STEP][PASSED] - for ([j = 0, j &lt; symbols.size(), (j++)]): null

2019-08-15 16:24:24 - [TEST_STEP][PASSED] - symbol = symbol: null

2019-08-15 16:24:24 - [TEST_STEP][PASSED] - println(symbol): null

2019-08-15 16:24:24 - [TEST_STEP][PASSED] - if (i == 2 &amp;&amp; wildList.indexOf(symbol) != -1): null

2019-08-15 16:24:24 - [TEST_STEP][PASSED] - if (i == 3 &amp;&amp; wildList.indexOf(symbol) != -1): null

2019-08-15 16:24:24 - [TEST_STEP][PASSED] - if (i == 4 &amp;&amp; wildList.indexOf(symbol) != -1): null

2019-08-15 16:24:24 - [TEST_STEP][PASSED] - symbol = symbol: null

2019-08-15 16:24:24 - [TEST_STEP][PASSED] - println(symbol): null

2019-08-15 16:24:24 - [TEST_STEP][PASSED] - if (i == 2 &amp;&amp; wildList.indexOf(symbol) != -1): null

2019-08-15 16:24:24 - [TEST_STEP][PASSED] - if (i == 3 &amp;&amp; wildList.indexOf(symbol) != -1): null

2019-08-15 16:24:24 - [TEST_STEP][PASSED] - if (i == 4 &amp;&amp; wildList.indexOf(symbol) != -1): null

2019-08-15 16:24:24 - [TEST_STEP][PASSED] - symbol = symbol: null

2019-08-15 16:24:24 - [TEST_STEP][PASSED] - println(symbol): null

2019-08-15 16:24:24 - [TEST_STEP][PASSED] - if (i == 2 &amp;&amp; wildList.indexOf(symbol) != -1): null

2019-08-15 16:24:24 - [TEST_STEP][PASSED] - if (i == 3 &amp;&amp; wildList.indexOf(symbol) != -1): null

2019-08-15 16:24:24 - [TEST_STEP][PASSED] - if (i == 4 &amp;&amp; wildList.indexOf(symbol) != -1): null

2019-08-15 16:24:24 - [TEST_STEP][PASSED] - symbols = symbols: null

2019-08-15 16:24:24 - [TEST_STEP][PASSED] - for ([j = 0, j &lt; symbols.size(), (j++)]): null

2019-08-15 16:24:24 - [TEST_STEP][PASSED] - symbol = symbol: null

2019-08-15 16:24:24 - [TEST_STEP][PASSED] - println(symbol): null

2019-08-15 16:24:24 - [TEST_STEP][PASSED] - if (i == 2 &amp;&amp; wildList.indexOf(symbol) != -1): null

2019-08-15 16:24:24 - [TEST_STEP][PASSED] - if (i == 3 &amp;&amp; wildList.indexOf(symbol) != -1): null

2019-08-15 16:24:24 - [TEST_STEP][PASSED] - if (i == 4 &amp;&amp; wildList.indexOf(symbol) != -1): null

2019-08-15 16:24:24 - [TEST_STEP][PASSED] - symbol = symbol: null

2019-08-15 16:24:24 - [TEST_STEP][PASSED] - println(symbol): null

2019-08-15 16:24:24 - [TEST_STEP][PASSED] - if (i == 2 &amp;&amp; wildList.indexOf(symbol) != -1): null

2019-08-15 16:24:24 - [TEST_STEP][PASSED] - if (i == 3 &amp;&amp; wildList.indexOf(symbol) != -1): null

2019-08-15 16:24:24 - [TEST_STEP][PASSED] - if (i == 4 &amp;&amp; wildList.indexOf(symbol) != -1): null

2019-08-15 16:24:24 - [TEST_STEP][PASSED] - symbol = symbol: null

2019-08-15 16:24:24 - [TEST_STEP][PASSED] - println(symbol): null

2019-08-15 16:24:24 - [TEST_STEP][PASSED] - if (i == 2 &amp;&amp; wildList.indexOf(symbol) != -1): null

2019-08-15 16:24:24 - [TEST_STEP][PASSED] - if (i == 3 &amp;&amp; wildList.indexOf(symbol) != -1): null

2019-08-15 16:24:24 - [TEST_STEP][PASSED] - if (i == 4 &amp;&amp; wildList.indexOf(symbol) != -1): null

2019-08-15 16:24:24 - [TEST_STEP][PASSED] - symbols = symbols: null

2019-08-15 16:24:24 - [TEST_STEP][PASSED] - for ([j = 0, j &lt; symbols.size(), (j++)]): null

2019-08-15 16:24:24 - [TEST_STEP][PASSED] - symbol = symbol: null

2019-08-15 16:24:24 - [TEST_STEP][PASSED] - println(symbol): null

2019-08-15 16:24:24 - [TEST_STEP][PASSED] - if (i == 2 &amp;&amp; wildList.indexOf(symbol) != -1): null

2019-08-15 16:24:24 - [TEST_STEP][PASSED] - if (i == 3 &amp;&amp; wildList.indexOf(symbol) != -1): null

2019-08-15 16:24:24 - [TEST_STEP][PASSED] - if (i == 4 &amp;&amp; wildList.indexOf(symbol) != -1): null

2019-08-15 16:24:24 - [TEST_STEP][PASSED] - symbol = symbol: null

2019-08-15 16:24:24 - [TEST_STEP][PASSED] - println(symbol): null

2019-08-15 16:24:24 - [TEST_STEP][PASSED] - if (i == 2 &amp;&amp; wildList.indexOf(symbol) != -1): null

2019-08-15 16:24:24 - [TEST_STEP][PASSED] - if (i == 3 &amp;&amp; wildList.indexOf(symbol) != -1): null

2019-08-15 16:24:24 - [TEST_STEP][PASSED] - if (i == 4 &amp;&amp; wildList.indexOf(symbol) != -1): null

2019-08-15 16:24:24 - [TEST_STEP][PASSED] - symbol = symbol: null

2019-08-15 16:24:24 - [TEST_STEP][PASSED] - println(symbol): null

2019-08-15 16:24:24 - [TEST_STEP][PASSED] - if (i == 2 &amp;&amp; wildList.indexOf(symbol) != -1): null

2019-08-15 16:24:24 - [TEST_STEP][PASSED] - if (i == 3 &amp;&amp; wildList.indexOf(symbol) != -1): null

2019-08-15 16:24:24 - [TEST_STEP][PASSED] - if (i == 4 &amp;&amp; wildList.indexOf(symbol) != -1): null

2019-08-15 16:24:24 - [TEST_STEP][PASSED] - symbols = symbols: null

2019-08-15 16:24:24 - [TEST_STEP][PASSED] - for ([j = 0, j &lt; symbols.size(), (j++)]): null

2019-08-15 16:24:24 - [TEST_STEP][PASSED] - symbol = symbol: null

2019-08-15 16:24:24 - [TEST_STEP][PASSED] - println(symbol): null

2019-08-15 16:24:24 - [TEST_STEP][PASSED] - if (i == 2 &amp;&amp; wildList.indexOf(symbol) != -1): null

2019-08-15 16:24:24 - [TEST_STEP][PASSED] - if (i == 3 &amp;&amp; wildList.indexOf(symbol) != -1): null

2019-08-15 16:24:24 - [TEST_STEP][PASSED] - if (i == 4 &amp;&amp; wildList.indexOf(symbol) != -1): null

2019-08-15 16:24:24 - [TEST_STEP][PASSED] - symbol = symbol: null

2019-08-15 16:24:24 - [TEST_STEP][PASSED] - println(symbol): null

2019-08-15 16:24:24 - [TEST_STEP][PASSED] - if (i == 2 &amp;&amp; wildList.indexOf(symbol) != -1): null

2019-08-15 16:24:24 - [TEST_STEP][PASSED] - if (i == 3 &amp;&amp; wildList.indexOf(symbol) != -1): null

2019-08-15 16:24:24 - [TEST_STEP][PASSED] - if (i == 4 &amp;&amp; wildList.indexOf(symbol) != -1): null

2019-08-15 16:24:24 - [TEST_STEP][PASSED] - symbol = symbol: null

2019-08-15 16:24:24 - [TEST_STEP][PASSED] - println(symbol): null

2019-08-15 16:24:24 - [TEST_STEP][PASSED] - if (i == 2 &amp;&amp; wildList.indexOf(symbol) != -1): null

2019-08-15 16:24:24 - [TEST_STEP][PASSED] - if (i == 3 &amp;&amp; wildList.indexOf(symbol) != -1): null

2019-08-15 16:24:24 - [TEST_STEP][PASSED] - if (i == 4 &amp;&amp; wildList.indexOf(symbol) != -1): null

2019-08-15 16:24:24 - [TEST_STEP][PASSED] - symbols = symbols: null

2019-08-15 16:24:24 - [TEST_STEP][PASSED] - for ([j = 0, j &lt; symbols.size(), (j++)]): null

2019-08-15 16:24:24 - [TEST_STEP][PASSED] - symbol = symbol: null

2019-08-15 16:24:24 - [TEST_STEP][PASSED] - println(symbol): null

2019-08-15 16:24:24 - [TEST_STEP][PASSED] - if (i == 2 &amp;&amp; wildList.indexOf(symbol) != -1): null

2019-08-15 16:24:24 - [TEST_STEP][PASSED] - if (i == 3 &amp;&amp; wildList.indexOf(symbol) != -1): null

2019-08-15 16:24:24 - [TEST_STEP][PASSED] - if (i == 4 &amp;&amp; wildList.indexOf(symbol) != -1): null

2019-08-15 16:24:24 - [TEST_STEP][PASSED] - symbol = symbol: null

2019-08-15 16:24:24 - [TEST_STEP][PASSED] - println(symbol): null

2019-08-15 16:24:24 - [TEST_STEP][PASSED] - if (i == 2 &amp;&amp; wildList.indexOf(symbol) != -1): null

2019-08-15 16:24:24 - [TEST_STEP][PASSED] - if (i == 3 &amp;&amp; wildList.indexOf(symbol) != -1): null

2019-08-15 16:24:24 - [TEST_STEP][PASSED] - if (i == 4 &amp;&amp; wildList.indexOf(symbol) != -1): null

2019-08-15 16:24:24 - [TEST_STEP][PASSED] - symbol = symbol: null

2019-08-15 16:24:24 - [TEST_STEP][PASSED] - println(symbol): null

2019-08-15 16:24:24 - [TEST_STEP][PASSED] - if (i == 2 &amp;&amp; wildList.indexOf(symbol) != -1): null

2019-08-15 16:24:24 - [TEST_STEP][PASSED] - if (i == 3 &amp;&amp; wildList.indexOf(symbol) != -1): null

2019-08-15 16:24:24 - [TEST_STEP][PASSED] - if (i == 4 &amp;&amp; wildList.indexOf(symbol) != -1): null

2019-08-15 16:24:24 - [TEST_STEP][PASSED] - free_spin_reel_counter = free_spin_reel_counter: null

2019-08-15 16:24:24 - [TEST_STEP][PASSED] - println("reel 3 wild found: " + free_spin_reel_counter[0]): null

2019-08-15 16:24:24 - [TEST_STEP][PASSED] - println("reel 4 wild found: " + free_spin_reel_counter[1]): null

2019-08-15 16:24:24 - [TEST_STEP][PASSED] - println("reel 5 wild found: " + free_spin_reel_counter[2]): null

2019-08-15 16:24:24 - [TEST_STEP][PASSED] - M4_spin_reels = M4_spin_reels: null

2019-08-15 16:24:24 - [TEST_STEP][PASSED] - M4_spin_reels_symbols = symbol: null

2019-08-15 16:24:24 - [TEST_STEP][PASSED] - M4_spin_reels_symbols = M4_spin_reels_symbols: null

2019-08-15 16:24:24 - [TEST_STEP][PASSED] - M4_spin_reel_wins = reel_wins: null

2019-08-15 16:24:24 - [TEST_STEP][PASSED] - M4_spin_reel_wins = M4_spin_reel_wins: null

2019-08-15 16:24:24 - [TEST_STEP][PASSED] - println("GlobalVariable.M4_spin_reel_wins is: " + M4_spin_reel_wins): null

2019-08-15 16:24:24 - [TEST_STEP][PASSED] - M4_spin_total_bonus_win_this_round = total_bonus_win_this_round: null

2019-08-15 16:24:24 - [TEST_STEP][PASSED] - M4_spin_total_bonus_win_this_round = M4_spin_total_bonus_win_this_round: null

2019-08-15 16:24:24 - [TEST_STEP][PASSED] - println("GlobalVariable.M4_spin_total_bonus_win_this_round is: " + M4_spin_total_bonus_win_this_round): null

2019-08-15 16:24:24 - [MESSAGE][PASSED] - Verify response successfully

2019-08-15 16:24:24 - [MESSAGE][PASSED] - Send request and verify the response successfully

2019-08-15 16:24:24 - [TEST_STEP][PASSED] - if (M4_total_bonus_spins_int != 0 &amp;&amp; M4_spin_reels_symbols[2].contains("WILD_Normal") || M4_spin_reels_symbols[3].contains("WILD_Normal") || M4_spin_reels_symbols[4].contains("WILD_Normal")): null

2019-08-15 16:24:24 - [TEST_STEP][PASSED] - free_spin_reel_counter = free_spin_reel_counter: null

2019-08-15 16:24:24 - [TEST_STEP][PASSED] - M4_spin_reels_symbols = M4_spin_reels_symbols: null

2019-08-15 16:24:24 - [TEST_STEP][PASSED] - M4_total_bonus_spins = M4_total_bonus_spins: null

2019-08-15 16:24:24 - [TEST_STEP][PASSED] - spin_result = sendRequestAndVerify(findTestObject("STG/RGS(M4)/1_M4_spin", ["M4_login_user_id":M4_login_user_id, "rgs_session_token":rgs_session_token, "partner":Partner])): Send request and verify the response successfully

2019-08-15 16:24:24 - [TEST_CASE][PASSED] - Start Test Case : Verification: Verification accomplished successfully

2019-08-15 16:24:24 - [TEST_STEP][PASSED] - request = getInstance().getCurrentRequest(): null

2019-08-15 16:24:24 - [TEST_STEP][PASSED] - response = getInstance().getCurrentResponse(): null

2019-08-15 16:24:24 - [TEST_STEP][PASSED] - verifyResponseStatusCode(response, 200): Verify response status code successfully

2019-08-15 16:24:24 - [MESSAGE][PASSED] - Verify response status code successfully

2019-08-15 16:24:24 - [TEST_STEP][PASSED] - getStatusCode()).isEqualTo(200): null

2019-08-15 16:24:24 - [TEST_STEP][PASSED] - newline = System.getProperty("line.separator"): null

2019-08-15 16:24:24 - [TEST_STEP][PASSED] - M4_spin = new groovy.json.JsonSlurper(): null

2019-08-15 16:24:24 - [TEST_STEP][PASSED] - result_M4_spin = M4_spin.parseText(response.getResponseBodyContent()): null

2019-08-15 16:24:24 - [TEST_STEP][PASSED] - M4_spin_current_balance = current_balance: null

2019-08-15 16:24:24 - [TEST_STEP][PASSED] - M4_spin_current_balance = M4_spin_current_balance: null

2019-08-15 16:24:24 - [TEST_STEP][PASSED] - M4_spin_transaction_id = causality: null

2019-08-15 16:24:24 - [TEST_STEP][PASSED] - M4_spin_transaction_id = M4_spin_transaction_id: null

2019-08-15 16:24:24 - [TEST_STEP][PASSED] - M4_spin_round_id = round_id: null

2019-08-15 16:24:24 - [TEST_STEP][PASSED] - M4_spin_round_id = M4_spin_round_id: null

2019-08-15 16:24:24 - [TEST_STEP][PASSED] - M4_spin_line_wins = line_wins: null

2019-08-15 16:24:24 - [TEST_STEP][PASSED] - M4_spin_line_wins = M4_spin_line_wins: null

2019-08-15 16:24:24 - [TEST_STEP][PASSED] - M4_total_bonus_spins_int = total_bonus_spins: null

2019-08-15 16:24:24 - [TEST_STEP][PASSED] - println("******M4_total_bonus_spins type is:*******" + newline + getClass().getName()): null

2019-08-15 16:24:24 - [TEST_STEP][PASSED] - M4_total_bonus_spins_int = M4_total_bonus_spins_int: null

2019-08-15 16:24:24 - [TEST_STEP][PASSED] - M4_total_bonus_spins = Integer.toString(M4_total_bonus_spins_int): null

2019-08-15 16:24:24 - [TEST_STEP][PASSED] - M4_total_bonus_spins = M4_total_bonus_spins: null

2019-08-15 16:24:24 - [TEST_STEP][PASSED] - println("M4_total_bonus_spins is:" + M4_total_bonus_spins): null

2019-08-15 16:24:24 - [TEST_STEP][PASSED] - M4_spin_bonus_data = bonus_data: null

2019-08-15 16:24:24 - [TEST_STEP][PASSED] - M4_spin_features_triggered = result_M4_spin: null

2019-08-15 16:24:24 - [TEST_STEP][PASSED] - wild = []: null

2019-08-15 16:24:24 - [TEST_STEP][PASSED] - wild[0] = "WILD_Expanding": null

2019-08-15 16:24:24 - [TEST_STEP][PASSED] - wild[1] = "WILD_Normal": null

2019-08-15 16:24:24 - [TEST_STEP][PASSED] - wild[2] = "WILD_Double": null

2019-08-15 16:24:24 - [TEST_STEP][PASSED] - wild[3] = "WILD_ExtraFG": null

2019-08-15 16:24:24 - [TEST_STEP][PASSED] - wild[4] = "WILD_Triple": null

2019-08-15 16:24:24 - [TEST_STEP][PASSED] - wildList = Arrays.asList(wild): null

2019-08-15 16:24:24 - [TEST_STEP][PASSED] - wildList = wildList: null

2019-08-15 16:24:24 - [TEST_STEP][PASSED] - free_spin_reel_counter = []: null

2019-08-15 16:24:24 - [TEST_STEP][PASSED] - free_spin_reel_counter[0] = 0: null

2019-08-15 16:24:24 - [TEST_STEP][PASSED] - free_spin_reel_counter[1] = 0: null

2019-08-15 16:24:24 - [TEST_STEP][PASSED] - free_spin_reel_counter[2] = 0: null

2019-08-15 16:24:24 - [TEST_STEP][PASSED] - M4_spin_reels = reels: null

2019-08-15 16:24:24 - [TEST_STEP][PASSED] - for ([i = 0, i &lt; M4_spin_reels.size(), (i++)]): null

2019-08-15 16:24:24 - [TEST_STEP][PASSED] - symbols = symbols: null

2019-08-15 16:24:24 - [TEST_STEP][PASSED] - for ([j = 0, j &lt; symbols.size(), (j++)]): null

2019-08-15 16:24:24 - [TEST_STEP][PASSED] - symbol = symbol: null

2019-08-15 16:24:24 - [TEST_STEP][PASSED] - println(symbol): null

2019-08-15 16:24:24 - [TEST_STEP][PASSED] - if (i == 2 &amp;&amp; wildList.indexOf(symbol) != -1): null

2019-08-15 16:24:24 - [TEST_STEP][PASSED] - if (i == 3 &amp;&amp; wildList.indexOf(symbol) != -1): null

2019-08-15 16:24:24 - [TEST_STEP][PASSED] - if (i == 4 &amp;&amp; wildList.indexOf(symbol) != -1): null

2019-08-15 16:24:24 - [TEST_STEP][PASSED] - symbol = symbol: null

2019-08-15 16:24:24 - [TEST_STEP][PASSED] - println(symbol): null

2019-08-15 16:24:24 - [TEST_STEP][PASSED] - if (i == 2 &amp;&amp; wildList.indexOf(symbol) != -1): null

2019-08-15 16:24:24 - [TEST_STEP][PASSED] - if (i == 3 &amp;&amp; wildList.indexOf(symbol) != -1): null

2019-08-15 16:24:24 - [TEST_STEP][PASSED] - if (i == 4 &amp;&amp; wildList.indexOf(symbol) != -1): null

2019-08-15 16:24:24 - [TEST_STEP][PASSED] - symbol = symbol: null

2019-08-15 16:24:24 - [TEST_STEP][PASSED] - println(symbol): null

2019-08-15 16:24:24 - [TEST_STEP][PASSED] - if (i == 2 &amp;&amp; wildList.indexOf(symbol) != -1): null

2019-08-15 16:24:24 - [TEST_STEP][PASSED] - if (i == 3 &amp;&amp; wildList.indexOf(symbol) != -1): null

2019-08-15 16:24:24 - [TEST_STEP][PASSED] - if (i == 4 &amp;&amp; wildList.indexOf(symbol) != -1): null

2019-08-15 16:24:24 - [TEST_STEP][PASSED] - symbols = symbols: null

2019-08-15 16:24:24 - [TEST_STEP][PASSED] - for ([j = 0, j &lt; symbols.size(), (j++)]): null

2019-08-15 16:24:24 - [TEST_STEP][PASSED] - symbol = symbol: null

2019-08-15 16:24:24 - [TEST_STEP][PASSED] - println(symbol): null

2019-08-15 16:24:24 - [TEST_STEP][PASSED] - if (i == 2 &amp;&amp; wildList.indexOf(symbol) != -1): null

2019-08-15 16:24:24 - [TEST_STEP][PASSED] - if (i == 3 &amp;&amp; wildList.indexOf(symbol) != -1): null

2019-08-15 16:24:24 - [TEST_STEP][PASSED] - if (i == 4 &amp;&amp; wildList.indexOf(symbol) != -1): null

2019-08-15 16:24:24 - [TEST_STEP][PASSED] - symbol = symbol: null

2019-08-15 16:24:24 - [TEST_STEP][PASSED] - println(symbol): null

2019-08-15 16:24:24 - [TEST_STEP][PASSED] - if (i == 2 &amp;&amp; wildList.indexOf(symbol) != -1): null

2019-08-15 16:24:24 - [TEST_STEP][PASSED] - if (i == 3 &amp;&amp; wildList.indexOf(symbol) != -1): null

2019-08-15 16:24:24 - [TEST_STEP][PASSED] - if (i == 4 &amp;&amp; wildList.indexOf(symbol) != -1): null

2019-08-15 16:24:24 - [TEST_STEP][PASSED] - symbol = symbol: null

2019-08-15 16:24:24 - [TEST_STEP][PASSED] - println(symbol): null

2019-08-15 16:24:24 - [TEST_STEP][PASSED] - if (i == 2 &amp;&amp; wildList.indexOf(symbol) != -1): null

2019-08-15 16:24:24 - [TEST_STEP][PASSED] - if (i == 3 &amp;&amp; wildList.indexOf(symbol) != -1): null

2019-08-15 16:24:24 - [TEST_STEP][PASSED] - if (i == 4 &amp;&amp; wildList.indexOf(symbol) != -1): null

2019-08-15 16:24:24 - [TEST_STEP][PASSED] - symbols = symbols: null

2019-08-15 16:24:24 - [TEST_STEP][PASSED] - for ([j = 0, j &lt; symbols.size(), (j++)]): null

2019-08-15 16:24:24 - [TEST_STEP][PASSED] - symbol = symbol: null

2019-08-15 16:24:24 - [TEST_STEP][PASSED] - println(symbol): null

2019-08-15 16:24:24 - [TEST_STEP][PASSED] - if (i == 2 &amp;&amp; wildList.indexOf(symbol) != -1): null

2019-08-15 16:24:24 - [TEST_STEP][PASSED] - if (i == 3 &amp;&amp; wildList.indexOf(symbol) != -1): null

2019-08-15 16:24:24 - [TEST_STEP][PASSED] - if (i == 4 &amp;&amp; wildList.indexOf(symbol) != -1): null

2019-08-15 16:24:24 - [TEST_STEP][PASSED] - symbol = symbol: null

2019-08-15 16:24:24 - [TEST_STEP][PASSED] - println(symbol): null

2019-08-15 16:24:24 - [TEST_STEP][PASSED] - if (i == 2 &amp;&amp; wildList.indexOf(symbol) != -1): null

2019-08-15 16:24:24 - [TEST_STEP][PASSED] - if (i == 3 &amp;&amp; wildList.indexOf(symbol) != -1): null

2019-08-15 16:24:24 - [TEST_STEP][PASSED] - if (i == 4 &amp;&amp; wildList.indexOf(symbol) != -1): null

2019-08-15 16:24:24 - [TEST_STEP][PASSED] - symbol = symbol: null

2019-08-15 16:24:24 - [TEST_STEP][PASSED] - println(symbol): null

2019-08-15 16:24:24 - [TEST_STEP][PASSED] - if (i == 2 &amp;&amp; wildList.indexOf(symbol) != -1): null

2019-08-15 16:24:24 - [TEST_STEP][PASSED] - if (i == 3 &amp;&amp; wildList.indexOf(symbol) != -1): null

2019-08-15 16:24:24 - [TEST_STEP][PASSED] - if (i == 4 &amp;&amp; wildList.indexOf(symbol) != -1): null

2019-08-15 16:24:24 - [TEST_STEP][PASSED] - symbols = symbols: null

2019-08-15 16:24:24 - [TEST_STEP][PASSED] - for ([j = 0, j &lt; symbols.size(), (j++)]): null

2019-08-15 16:24:24 - [TEST_STEP][PASSED] - symbol = symbol: null

2019-08-15 16:24:24 - [TEST_STEP][PASSED] - println(symbol): null

2019-08-15 16:24:24 - [TEST_STEP][PASSED] - if (i == 2 &amp;&amp; wildList.indexOf(symbol) != -1): null

2019-08-15 16:24:24 - [TEST_STEP][PASSED] - if (i == 3 &amp;&amp; wildList.indexOf(symbol) != -1): null

2019-08-15 16:24:24 - [TEST_STEP][PASSED] - if (i == 4 &amp;&amp; wildList.indexOf(symbol) != -1): null

2019-08-15 16:24:24 - [TEST_STEP][PASSED] - symbol = symbol: null

2019-08-15 16:24:24 - [TEST_STEP][PASSED] - println(symbol): null

2019-08-15 16:24:24 - [TEST_STEP][PASSED] - if (i == 2 &amp;&amp; wildList.indexOf(symbol) != -1): null

2019-08-15 16:24:24 - [TEST_STEP][PASSED] - if (i == 3 &amp;&amp; wildList.indexOf(symbol) != -1): null

2019-08-15 16:24:24 - [TEST_STEP][PASSED] - if (i == 4 &amp;&amp; wildList.indexOf(symbol) != -1): null

2019-08-15 16:24:24 - [TEST_STEP][PASSED] - symbol = symbol: null

2019-08-15 16:24:24 - [TEST_STEP][PASSED] - println(symbol): null

2019-08-15 16:24:24 - [TEST_STEP][PASSED] - if (i == 2 &amp;&amp; wildList.indexOf(symbol) != -1): null

2019-08-15 16:24:24 - [TEST_STEP][PASSED] - if (i == 3 &amp;&amp; wildList.indexOf(symbol) != -1): null

2019-08-15 16:24:24 - [TEST_STEP][PASSED] - if (i == 4 &amp;&amp; wildList.indexOf(symbol) != -1): null

2019-08-15 16:24:24 - [TEST_STEP][PASSED] - symbols = symbols: null

2019-08-15 16:24:24 - [TEST_STEP][PASSED] - for ([j = 0, j &lt; symbols.size(), (j++)]): null

2019-08-15 16:24:24 - [TEST_STEP][PASSED] - symbol = symbol: null

2019-08-15 16:24:24 - [TEST_STEP][PASSED] - println(symbol): null

2019-08-15 16:24:24 - [TEST_STEP][PASSED] - if (i == 2 &amp;&amp; wildList.indexOf(symbol) != -1): null

2019-08-15 16:24:24 - [TEST_STEP][PASSED] - if (i == 3 &amp;&amp; wildList.indexOf(symbol) != -1): null

2019-08-15 16:24:24 - [TEST_STEP][PASSED] - if (i == 4 &amp;&amp; wildList.indexOf(symbol) != -1): null

2019-08-15 16:24:24 - [TEST_STEP][PASSED] - symbol = symbol: null

2019-08-15 16:24:24 - [TEST_STEP][PASSED] - println(symbol): null

2019-08-15 16:24:24 - [TEST_STEP][PASSED] - if (i == 2 &amp;&amp; wildList.indexOf(symbol) != -1): null

2019-08-15 16:24:24 - [TEST_STEP][PASSED] - if (i == 3 &amp;&amp; wildList.indexOf(symbol) != -1): null

2019-08-15 16:24:24 - [TEST_STEP][PASSED] - if (i == 4 &amp;&amp; wildList.indexOf(symbol) != -1): null

2019-08-15 16:24:24 - [TEST_STEP][PASSED] - symbol = symbol: null

2019-08-15 16:24:24 - [TEST_STEP][PASSED] - println(symbol): null

2019-08-15 16:24:24 - [TEST_STEP][PASSED] - if (i == 2 &amp;&amp; wildList.indexOf(symbol) != -1): null

2019-08-15 16:24:24 - [TEST_STEP][PASSED] - if (i == 3 &amp;&amp; wildList.indexOf(symbol) != -1): null

2019-08-15 16:24:24 - [TEST_STEP][PASSED] - if (i == 4 &amp;&amp; wildList.indexOf(symbol) != -1): null

2019-08-15 16:24:24 - [TEST_STEP][PASSED] - free_spin_reel_counter = free_spin_reel_counter: null

2019-08-15 16:24:24 - [TEST_STEP][PASSED] - println("reel 3 wild found: " + free_spin_reel_counter[0]): null

2019-08-15 16:24:28 - [TEST_STEP][PASSED] - println("reel 4 wild found: " + free_spin_reel_counter[1]): null

2019-08-15 16:24:28 - [TEST_STEP][PASSED] - println("reel 5 wild found: " + free_spin_reel_counter[2]): null

2019-08-15 16:24:28 - [TEST_STEP][PASSED] - M4_spin_reels = M4_spin_reels: null

2019-08-15 16:24:28 - [TEST_STEP][PASSED] - M4_spin_reels_symbols = symbol: null

2019-08-15 16:24:28 - [TEST_STEP][PASSED] - M4_spin_reels_symbols = M4_spin_reels_symbols: null

2019-08-15 16:24:28 - [TEST_STEP][PASSED] - M4_spin_reel_wins = reel_wins: null

2019-08-15 16:24:28 - [TEST_STEP][PASSED] - M4_spin_reel_wins = M4_spin_reel_wins: null

2019-08-15 16:24:28 - [TEST_STEP][PASSED] - println("GlobalVariable.M4_spin_reel_wins is: " + M4_spin_reel_wins): null

2019-08-15 16:24:28 - [TEST_STEP][PASSED] - M4_spin_total_bonus_win_this_round = total_bonus_win_this_round: null

2019-08-15 16:24:28 - [TEST_STEP][PASSED] - M4_spin_total_bonus_win_this_round = M4_spin_total_bonus_win_this_round: null

2019-08-15 16:24:28 - [TEST_STEP][PASSED] - println("GlobalVariable.M4_spin_total_bonus_win_this_round is: " + M4_spin_total_bonus_win_this_round): null

2019-08-15 16:24:28 - [MESSAGE][PASSED] - Verify response successfully

2019-08-15 16:24:28 - [MESSAGE][PASSED] - Send request and verify the response successfully

2019-08-15 16:24:28 - [TEST_STEP][PASSED] - if (M4_total_bonus_spins_int != 0 &amp;&amp; M4_spin_reels_symbols[2].contains("WILD_Normal") || M4_spin_reels_symbols[3].contains("WILD_Normal") || M4_spin_reels_symbols[4].contains("WILD_Normal")): null

2019-08-15 16:24:28 - [TEST_STEP][PASSED] - free_spin_reel_counter = free_spin_reel_counter: null

2019-08-15 16:24:28 - [TEST_STEP][PASSED] - M4_spin_reels_symbols = M4_spin_reels_symbols: null

2019-08-15 16:24:28 - [TEST_STEP][PASSED] - M4_total_bonus_spins = M4_total_bonus_spins: null

2019-08-15 16:24:28 - [TEST_STEP][PASSED] - spin_result = sendRequestAndVerify(findTestObject("STG/RGS(M4)/1_M4_spin", ["M4_login_user_id":M4_login_user_id, "rgs_session_token":rgs_session_token, "partner":Partner])): Send request and verify the response successfully

2019-08-15 16:24:28 - [TEST_CASE][PASSED] - Start Test Case : Verification: Verification accomplished successfully

2019-08-15 16:24:28 - [TEST_STEP][PASSED] - request = getInstance().getCurrentRequest(): null

2019-08-15 16:24:28 - [TEST_STEP][PASSED] - response = getInstance().getCurrentResponse(): null

2019-08-15 16:24:28 - [TEST_STEP][PASSED] - verifyResponseStatusCode(response, 200): Verify response status code successfully

2019-08-15 16:24:28 - [MESSAGE][PASSED] - Verify response status code successfully

2019-08-15 16:24:28 - [TEST_STEP][PASSED] - getStatusCode()).isEqualTo(200): null

2019-08-15 16:24:28 - [TEST_STEP][PASSED] - newline = System.getProperty("line.separator"): null

2019-08-15 16:24:28 - [TEST_STEP][PASSED] - M4_spin = new groovy.json.JsonSlurper(): null

2019-08-15 16:24:28 - [TEST_STEP][PASSED] - result_M4_spin = M4_spin.parseText(response.getResponseBodyContent()): null

2019-08-15 16:24:28 - [TEST_STEP][PASSED] - M4_spin_current_balance = current_balance: null

2019-08-15 16:24:28 - [TEST_STEP][PASSED] - M4_spin_current_balance = M4_spin_current_balance: null

2019-08-15 16:24:28 - [TEST_STEP][PASSED] - M4_spin_transaction_id = causality: null

2019-08-15 16:24:28 - [TEST_STEP][PASSED] - M4_spin_transaction_id = M4_spin_transaction_id: null

2019-08-15 16:24:28 - [TEST_STEP][PASSED] - M4_spin_round_id = round_id: null

2019-08-15 16:24:28 - [TEST_STEP][PASSED] - M4_spin_round_id = M4_spin_round_id: null

2019-08-15 16:24:28 - [TEST_STEP][PASSED] - M4_spin_line_wins = line_wins: null

2019-08-15 16:24:28 - [TEST_STEP][PASSED] - M4_spin_line_wins = M4_spin_line_wins: null

2019-08-15 16:24:28 - [TEST_STEP][PASSED] - M4_total_bonus_spins_int = total_bonus_spins: null

2019-08-15 16:24:28 - [TEST_STEP][PASSED] - println("******M4_total_bonus_spins type is:*******" + newline + getClass().getName()): null

2019-08-15 16:24:28 - [TEST_STEP][PASSED] - M4_total_bonus_spins_int = M4_total_bonus_spins_int: null

2019-08-15 16:24:28 - [TEST_STEP][PASSED] - M4_total_bonus_spins = Integer.toString(M4_total_bonus_spins_int): null

2019-08-15 16:24:28 - [TEST_STEP][PASSED] - M4_total_bonus_spins = M4_total_bonus_spins: null

2019-08-15 16:24:28 - [TEST_STEP][PASSED] - println("M4_total_bonus_spins is:" + M4_total_bonus_spins): null

2019-08-15 16:24:28 - [TEST_STEP][PASSED] - M4_spin_bonus_data = bonus_data: null

2019-08-15 16:24:28 - [TEST_STEP][PASSED] - M4_spin_features_triggered = result_M4_spin: null

2019-08-15 16:24:28 - [TEST_STEP][PASSED] - wild = []: null

2019-08-15 16:24:28 - [TEST_STEP][PASSED] - wild[0] = "WILD_Expanding": null

2019-08-15 16:24:28 - [TEST_STEP][PASSED] - wild[1] = "WILD_Normal": null

2019-08-15 16:24:28 - [TEST_STEP][PASSED] - wild[2] = "WILD_Double": null

2019-08-15 16:24:28 - [TEST_STEP][PASSED] - wild[3] = "WILD_ExtraFG": null

2019-08-15 16:24:28 - [TEST_STEP][PASSED] - wild[4] = "WILD_Triple": null

2019-08-15 16:24:28 - [TEST_STEP][PASSED] - wildList = Arrays.asList(wild): null

2019-08-15 16:24:28 - [TEST_STEP][PASSED] - wildList = wildList: null

2019-08-15 16:24:28 - [TEST_STEP][PASSED] - free_spin_reel_counter = []: null

2019-08-15 16:24:28 - [TEST_STEP][PASSED] - free_spin_reel_counter[0] = 0: null

2019-08-15 16:24:28 - [TEST_STEP][PASSED] - free_spin_reel_counter[1] = 0: null

2019-08-15 16:24:28 - [TEST_STEP][PASSED] - free_spin_reel_counter[2] = 0: null

2019-08-15 16:24:28 - [TEST_STEP][PASSED] - M4_spin_reels = reels: null

2019-08-15 16:24:28 - [TEST_STEP][PASSED] - for ([i = 0, i &lt; M4_spin_reels.size(), (i++)]): null

2019-08-15 16:24:28 - [TEST_STEP][PASSED] - symbols = symbols: null

2019-08-15 16:24:28 - [TEST_STEP][PASSED] - for ([j = 0, j &lt; symbols.size(), (j++)]): null

2019-08-15 16:24:28 - [TEST_STEP][PASSED] - symbol = symbol: null

2019-08-15 16:24:28 - [TEST_STEP][PASSED] - println(symbol): null

2019-08-15 16:24:28 - [TEST_STEP][PASSED] - if (i == 2 &amp;&amp; wildList.indexOf(symbol) != -1): null

2019-08-15 16:24:28 - [TEST_STEP][PASSED] - if (i == 3 &amp;&amp; wildList.indexOf(symbol) != -1): null

2019-08-15 16:24:28 - [TEST_STEP][PASSED] - if (i == 4 &amp;&amp; wildList.indexOf(symbol) != -1): null

2019-08-15 16:24:28 - [TEST_STEP][PASSED] - symbol = symbol: null

2019-08-15 16:24:28 - [TEST_STEP][PASSED] - println(symbol): null

2019-08-15 16:24:28 - [TEST_STEP][PASSED] - if (i == 2 &amp;&amp; wildList.indexOf(symbol) != -1): null

2019-08-15 16:24:28 - [TEST_STEP][PASSED] - if (i == 3 &amp;&amp; wildList.indexOf(symbol) != -1): null

2019-08-15 16:24:28 - [TEST_STEP][PASSED] - if (i == 4 &amp;&amp; wildList.indexOf(symbol) != -1): null

2019-08-15 16:24:28 - [TEST_STEP][PASSED] - symbol = symbol: null

2019-08-15 16:24:28 - [TEST_STEP][PASSED] - println(symbol): null

2019-08-15 16:24:28 - [TEST_STEP][PASSED] - if (i == 2 &amp;&amp; wildList.indexOf(symbol) != -1): null

2019-08-15 16:24:28 - [TEST_STEP][PASSED] - if (i == 3 &amp;&amp; wildList.indexOf(symbol) != -1): null

2019-08-15 16:24:28 - [TEST_STEP][PASSED] - if (i == 4 &amp;&amp; wildList.indexOf(symbol) != -1): null

2019-08-15 16:24:28 - [TEST_STEP][PASSED] - symbols = symbols: null

2019-08-15 16:24:28 - [TEST_STEP][PASSED] - for ([j = 0, j &lt; symbols.size(), (j++)]): null

2019-08-15 16:24:28 - [TEST_STEP][PASSED] - symbol = symbol: null

2019-08-15 16:24:28 - [TEST_STEP][PASSED] - println(symbol): null

2019-08-15 16:24:28 - [TEST_STEP][PASSED] - if (i == 2 &amp;&amp; wildList.indexOf(symbol) != -1): null

2019-08-15 16:24:28 - [TEST_STEP][PASSED] - if (i == 3 &amp;&amp; wildList.indexOf(symbol) != -1): null

2019-08-15 16:24:28 - [TEST_STEP][PASSED] - if (i == 4 &amp;&amp; wildList.indexOf(symbol) != -1): null

2019-08-15 16:24:28 - [TEST_STEP][PASSED] - symbol = symbol: null

2019-08-15 16:24:28 - [TEST_STEP][PASSED] - println(symbol): null

2019-08-15 16:24:28 - [TEST_STEP][PASSED] - if (i == 2 &amp;&amp; wildList.indexOf(symbol) != -1): null

2019-08-15 16:24:28 - [TEST_STEP][PASSED] - if (i == 3 &amp;&amp; wildList.indexOf(symbol) != -1): null

2019-08-15 16:24:28 - [TEST_STEP][PASSED] - if (i == 4 &amp;&amp; wildList.indexOf(symbol) != -1): null

2019-08-15 16:24:28 - [TEST_STEP][PASSED] - symbol = symbol: null

2019-08-15 16:24:28 - [TEST_STEP][PASSED] - println(symbol): null

2019-08-15 16:24:28 - [TEST_STEP][PASSED] - if (i == 2 &amp;&amp; wildList.indexOf(symbol) != -1): null

2019-08-15 16:24:28 - [TEST_STEP][PASSED] - if (i == 3 &amp;&amp; wildList.indexOf(symbol) != -1): null

2019-08-15 16:24:28 - [TEST_STEP][PASSED] - if (i == 4 &amp;&amp; wildList.indexOf(symbol) != -1): null

2019-08-15 16:24:28 - [TEST_STEP][PASSED] - symbols = symbols: null

2019-08-15 16:24:28 - [TEST_STEP][PASSED] - for ([j = 0, j &lt; symbols.size(), (j++)]): null

2019-08-15 16:24:28 - [TEST_STEP][PASSED] - symbol = symbol: null

2019-08-15 16:24:28 - [TEST_STEP][PASSED] - println(symbol): null

2019-08-15 16:24:28 - [TEST_STEP][PASSED] - if (i == 2 &amp;&amp; wildList.indexOf(symbol) != -1): null

2019-08-15 16:24:28 - [TEST_STEP][PASSED] - if (i == 3 &amp;&amp; wildList.indexOf(symbol) != -1): null

2019-08-15 16:24:28 - [TEST_STEP][PASSED] - if (i == 4 &amp;&amp; wildList.indexOf(symbol) != -1): null

2019-08-15 16:24:28 - [TEST_STEP][PASSED] - symbol = symbol: null

2019-08-15 16:24:28 - [TEST_STEP][PASSED] - println(symbol): null

2019-08-15 16:24:28 - [TEST_STEP][PASSED] - if (i == 2 &amp;&amp; wildList.indexOf(symbol) != -1): null

2019-08-15 16:24:28 - [TEST_STEP][PASSED] - if (i == 3 &amp;&amp; wildList.indexOf(symbol) != -1): null

2019-08-15 16:24:28 - [TEST_STEP][PASSED] - if (i == 4 &amp;&amp; wildList.indexOf(symbol) != -1): null

2019-08-15 16:24:28 - [TEST_STEP][PASSED] - symbol = symbol: null

2019-08-15 16:24:28 - [TEST_STEP][PASSED] - println(symbol): null

2019-08-15 16:24:28 - [TEST_STEP][PASSED] - if (i == 2 &amp;&amp; wildList.indexOf(symbol) != -1): null

2019-08-15 16:24:28 - [TEST_STEP][PASSED] - if (i == 3 &amp;&amp; wildList.indexOf(symbol) != -1): null

2019-08-15 16:24:28 - [TEST_STEP][PASSED] - if (i == 4 &amp;&amp; wildList.indexOf(symbol) != -1): null

2019-08-15 16:24:28 - [TEST_STEP][PASSED] - symbols = symbols: null

2019-08-15 16:24:28 - [TEST_STEP][PASSED] - for ([j = 0, j &lt; symbols.size(), (j++)]): null

2019-08-15 16:24:28 - [TEST_STEP][PASSED] - symbol = symbol: null

2019-08-15 16:24:28 - [TEST_STEP][PASSED] - println(symbol): null

2019-08-15 16:24:28 - [TEST_STEP][PASSED] - if (i == 2 &amp;&amp; wildList.indexOf(symbol) != -1): null

2019-08-15 16:24:28 - [TEST_STEP][PASSED] - if (i == 3 &amp;&amp; wildList.indexOf(symbol) != -1): null

2019-08-15 16:24:28 - [TEST_STEP][PASSED] - println("wild found on reel 4, adding counter by 1"): null

2019-08-15 16:24:28 - [TEST_STEP][PASSED] - free_spin_reel_counter[1] = free_spin_reel_counter[1] + 1: null

2019-08-15 16:24:28 - [TEST_STEP][PASSED] - if (i == 4 &amp;&amp; wildList.indexOf(symbol) != -1): null

2019-08-15 16:24:28 - [TEST_STEP][PASSED] - symbol = symbol: null

2019-08-15 16:24:28 - [TEST_STEP][PASSED] - println(symbol): null

2019-08-15 16:24:28 - [TEST_STEP][PASSED] - if (i == 2 &amp;&amp; wildList.indexOf(symbol) != -1): null

2019-08-15 16:24:28 - [TEST_STEP][PASSED] - if (i == 3 &amp;&amp; wildList.indexOf(symbol) != -1): null

2019-08-15 16:24:28 - [TEST_STEP][PASSED] - if (i == 4 &amp;&amp; wildList.indexOf(symbol) != -1): null

2019-08-15 16:24:28 - [TEST_STEP][PASSED] - symbol = symbol: null

2019-08-15 16:24:28 - [TEST_STEP][PASSED] - println(symbol): null

2019-08-15 16:24:28 - [TEST_STEP][PASSED] - if (i == 2 &amp;&amp; wildList.indexOf(symbol) != -1): null

2019-08-15 16:24:28 - [TEST_STEP][PASSED] - if (i == 3 &amp;&amp; wildList.indexOf(symbol) != -1): null

2019-08-15 16:24:28 - [TEST_STEP][PASSED] - if (i == 4 &amp;&amp; wildList.indexOf(symbol) != -1): null

2019-08-15 16:24:28 - [TEST_STEP][PASSED] - symbols = symbols: null

2019-08-15 16:24:28 - [TEST_STEP][PASSED] - for ([j = 0, j &lt; symbols.size(), (j++)]): null

2019-08-15 16:24:28 - [TEST_STEP][PASSED] - symbol = symbol: null

2019-08-15 16:24:28 - [TEST_STEP][PASSED] - println(symbol): null

2019-08-15 16:24:28 - [TEST_STEP][PASSED] - if (i == 2 &amp;&amp; wildList.indexOf(symbol) != -1): null

2019-08-15 16:24:28 - [TEST_STEP][PASSED] - if (i == 3 &amp;&amp; wildList.indexOf(symbol) != -1): null

2019-08-15 16:24:28 - [TEST_STEP][PASSED] - if (i == 4 &amp;&amp; wildList.indexOf(symbol) != -1): null

2019-08-15 16:24:28 - [TEST_STEP][PASSED] - symbol = symbol: null

2019-08-15 16:24:28 - [TEST_STEP][PASSED] - println(symbol): null

2019-08-15 16:24:28 - [TEST_STEP][PASSED] - if (i == 2 &amp;&amp; wildList.indexOf(symbol) != -1): null

2019-08-15 16:24:28 - [TEST_STEP][PASSED] - if (i == 3 &amp;&amp; wildList.indexOf(symbol) != -1): null

2019-08-15 16:24:28 - [TEST_STEP][PASSED] - if (i == 4 &amp;&amp; wildList.indexOf(symbol) != -1): null

2019-08-15 16:24:28 - [TEST_STEP][PASSED] - symbol = symbol: null

2019-08-15 16:24:28 - [TEST_STEP][PASSED] - println(symbol): null

2019-08-15 16:24:28 - [TEST_STEP][PASSED] - if (i == 2 &amp;&amp; wildList.indexOf(symbol) != -1): null

2019-08-15 16:24:28 - [TEST_STEP][PASSED] - if (i == 3 &amp;&amp; wildList.indexOf(symbol) != -1): null

2019-08-15 16:24:28 - [TEST_STEP][PASSED] - if (i == 4 &amp;&amp; wildList.indexOf(symbol) != -1): null

2019-08-15 16:24:28 - [TEST_STEP][PASSED] - free_spin_reel_counter = free_spin_reel_counter: null

2019-08-15 16:24:28 - [TEST_STEP][PASSED] - println("reel 3 wild found: " + free_spin_reel_counter[0]): null

2019-08-15 16:24:28 - [TEST_STEP][PASSED] - println("reel 4 wild found: " + free_spin_reel_counter[1]): null

2019-08-15 16:24:28 - [TEST_STEP][PASSED] - println("reel 5 wild found: " + free_spin_reel_counter[2]): null

2019-08-15 16:24:28 - [TEST_STEP][PASSED] - M4_spin_reels = M4_spin_reels: null

2019-08-15 16:24:28 - [TEST_STEP][PASSED] - M4_spin_reels_symbols = symbol: null

2019-08-15 16:24:28 - [TEST_STEP][PASSED] - M4_spin_reels_symbols = M4_spin_reels_symbols: null

2019-08-15 16:24:28 - [TEST_STEP][PASSED] - M4_spin_reel_wins = reel_wins: null

2019-08-15 16:24:28 - [TEST_STEP][PASSED] - M4_spin_reel_wins = M4_spin_reel_wins: null

2019-08-15 16:24:28 - [TEST_STEP][PASSED] - println("GlobalVariable.M4_spin_reel_wins is: " + M4_spin_reel_wins): null

2019-08-15 16:24:28 - [TEST_STEP][PASSED] - M4_spin_total_bonus_win_this_round = total_bonus_win_this_round: null

2019-08-15 16:24:28 - [TEST_STEP][PASSED] - M4_spin_total_bonus_win_this_round = M4_spin_total_bonus_win_this_round: null

2019-08-15 16:24:28 - [TEST_STEP][PASSED] - println("GlobalVariable.M4_spin_total_bonus_win_this_round is: " + M4_spin_total_bonus_win_this_round): null

2019-08-15 16:24:28 - [MESSAGE][PASSED] - Verify response successfully

2019-08-15 16:24:28 - [MESSAGE][PASSED] - Send request and verify the response successfully

2019-08-15 16:24:28 - [TEST_STEP][PASSED] - if (M4_total_bonus_spins_int != 0 &amp;&amp; M4_spin_reels_symbols[2].contains("WILD_Normal") || M4_spin_reels_symbols[3].contains("WILD_Normal") || M4_spin_reels_symbols[4].contains("WILD_Normal")): null

2019-08-15 16:24:28 - [TEST_STEP][PASSED] - free_spin_reel_counter = free_spin_reel_counter: null

2019-08-15 16:24:28 - [TEST_STEP][PASSED] - M4_spin_reels_symbols = M4_spin_reels_symbols: null

2019-08-15 16:24:28 - [TEST_STEP][PASSED] - M4_total_bonus_spins = M4_total_bonus_spins: null

2019-08-15 16:24:28 - [TEST_STEP][PASSED] - spin_result = sendRequestAndVerify(findTestObject("STG/RGS(M4)/1_M4_spin", ["M4_login_user_id":M4_login_user_id, "rgs_session_token":rgs_session_token, "partner":Partner])): Send request and verify the response successfully

2019-08-15 16:24:28 - [TEST_CASE][PASSED] - Start Test Case : Verification: Verification accomplished successfully

2019-08-15 16:24:28 - [TEST_STEP][PASSED] - request = getInstance().getCurrentRequest(): null

2019-08-15 16:24:28 - [TEST_STEP][PASSED] - response = getInstance().getCurrentResponse(): null

2019-08-15 16:24:28 - [TEST_STEP][PASSED] - verifyResponseStatusCode(response, 200): Verify response status code successfully

2019-08-15 16:24:28 - [MESSAGE][PASSED] - Verify response status code successfully

2019-08-15 16:24:28 - [TEST_STEP][PASSED] - getStatusCode()).isEqualTo(200): null

2019-08-15 16:24:28 - [TEST_STEP][PASSED] - newline = System.getProperty("line.separator"): null

2019-08-15 16:24:28 - [TEST_STEP][PASSED] - M4_spin = new groovy.json.JsonSlurper(): null

2019-08-15 16:24:28 - [TEST_STEP][PASSED] - result_M4_spin = M4_spin.parseText(response.getResponseBodyContent()): null

2019-08-15 16:24:28 - [TEST_STEP][PASSED] - M4_spin_current_balance = current_balance: null

2019-08-15 16:24:28 - [TEST_STEP][PASSED] - M4_spin_current_balance = M4_spin_current_balance: null

2019-08-15 16:24:28 - [TEST_STEP][PASSED] - M4_spin_transaction_id = causality: null

2019-08-15 16:24:28 - [TEST_STEP][PASSED] - M4_spin_transaction_id = M4_spin_transaction_id: null

2019-08-15 16:24:28 - [TEST_STEP][PASSED] - M4_spin_round_id = round_id: null

2019-08-15 16:24:28 - [TEST_STEP][PASSED] - M4_spin_round_id = M4_spin_round_id: null

2019-08-15 16:24:28 - [TEST_STEP][PASSED] - M4_spin_line_wins = line_wins: null

2019-08-15 16:24:28 - [TEST_STEP][PASSED] - M4_spin_line_wins = M4_spin_line_wins: null

2019-08-15 16:24:28 - [TEST_STEP][PASSED] - M4_total_bonus_spins_int = total_bonus_spins: null

2019-08-15 16:24:28 - [TEST_STEP][PASSED] - println("******M4_total_bonus_spins type is:*******" + newline + getClass().getName()): null

2019-08-15 16:24:28 - [TEST_STEP][PASSED] - M4_total_bonus_spins_int = M4_total_bonus_spins_int: null

2019-08-15 16:24:28 - [TEST_STEP][PASSED] - M4_total_bonus_spins = Integer.toString(M4_total_bonus_spins_int): null

2019-08-15 16:24:28 - [TEST_STEP][PASSED] - M4_total_bonus_spins = M4_total_bonus_spins: null

2019-08-15 16:24:28 - [TEST_STEP][PASSED] - println("M4_total_bonus_spins is:" + M4_total_bonus_spins): null

2019-08-15 16:24:28 - [TEST_STEP][PASSED] - M4_spin_bonus_data = bonus_data: null

2019-08-15 16:24:28 - [TEST_STEP][PASSED] - M4_spin_features_triggered = result_M4_spin: null

2019-08-15 16:24:28 - [TEST_STEP][PASSED] - wild = []: null

2019-08-15 16:24:28 - [TEST_STEP][PASSED] - wild[0] = "WILD_Expanding": null

2019-08-15 16:24:28 - [TEST_STEP][PASSED] - wild[1] = "WILD_Normal": null

2019-08-15 16:24:28 - [TEST_STEP][PASSED] - wild[2] = "WILD_Double": null

2019-08-15 16:24:28 - [TEST_STEP][PASSED] - wild[3] = "WILD_ExtraFG": null

2019-08-15 16:24:28 - [TEST_STEP][PASSED] - wild[4] = "WILD_Triple": null

2019-08-15 16:24:28 - [TEST_STEP][PASSED] - wildList = Arrays.asList(wild): null

2019-08-15 16:24:28 - [TEST_STEP][PASSED] - wildList = wildList: null

2019-08-15 16:24:28 - [TEST_STEP][PASSED] - free_spin_reel_counter = []: null

2019-08-15 16:24:28 - [TEST_STEP][PASSED] - free_spin_reel_counter[0] = 0: null

2019-08-15 16:24:28 - [TEST_STEP][PASSED] - free_spin_reel_counter[1] = 0: null

2019-08-15 16:24:28 - [TEST_STEP][PASSED] - free_spin_reel_counter[2] = 0: null

2019-08-15 16:24:28 - [TEST_STEP][PASSED] - M4_spin_reels = reels: null

2019-08-15 16:24:28 - [TEST_STEP][PASSED] - for ([i = 0, i &lt; M4_spin_reels.size(), (i++)]): null

2019-08-15 16:24:28 - [TEST_STEP][PASSED] - symbols = symbols: null

2019-08-15 16:24:28 - [TEST_STEP][PASSED] - for ([j = 0, j &lt; symbols.size(), (j++)]): null

2019-08-15 16:24:28 - [TEST_STEP][PASSED] - symbol = symbol: null

2019-08-15 16:24:28 - [TEST_STEP][PASSED] - println(symbol): null

2019-08-15 16:24:28 - [TEST_STEP][PASSED] - if (i == 2 &amp;&amp; wildList.indexOf(symbol) != -1): null

2019-08-15 16:24:28 - [TEST_STEP][PASSED] - if (i == 3 &amp;&amp; wildList.indexOf(symbol) != -1): null

2019-08-15 16:24:28 - [TEST_STEP][PASSED] - if (i == 4 &amp;&amp; wildList.indexOf(symbol) != -1): null

2019-08-15 16:24:28 - [TEST_STEP][PASSED] - symbol = symbol: null

2019-08-15 16:24:28 - [TEST_STEP][PASSED] - println(symbol): null

2019-08-15 16:24:28 - [TEST_STEP][PASSED] - if (i == 2 &amp;&amp; wildList.indexOf(symbol) != -1): null

2019-08-15 16:24:28 - [TEST_STEP][PASSED] - if (i == 3 &amp;&amp; wildList.indexOf(symbol) != -1): null

2019-08-15 16:24:28 - [TEST_STEP][PASSED] - if (i == 4 &amp;&amp; wildList.indexOf(symbol) != -1): null

2019-08-15 16:24:28 - [TEST_STEP][PASSED] - symbol = symbol: null

2019-08-15 16:24:28 - [TEST_STEP][PASSED] - println(symbol): null

2019-08-15 16:24:28 - [TEST_STEP][PASSED] - if (i == 2 &amp;&amp; wildList.indexOf(symbol) != -1): null

2019-08-15 16:24:28 - [TEST_STEP][PASSED] - if (i == 3 &amp;&amp; wildList.indexOf(symbol) != -1): null

2019-08-15 16:24:28 - [TEST_STEP][PASSED] - if (i == 4 &amp;&amp; wildList.indexOf(symbol) != -1): null

2019-08-15 16:24:28 - [TEST_STEP][PASSED] - symbols = symbols: null

2019-08-15 16:24:28 - [TEST_STEP][PASSED] - for ([j = 0, j &lt; symbols.size(), (j++)]): null

2019-08-15 16:24:28 - [TEST_STEP][PASSED] - symbol = symbol: null

2019-08-15 16:24:28 - [TEST_STEP][PASSED] - println(symbol): null

2019-08-15 16:24:28 - [TEST_STEP][PASSED] - if (i == 2 &amp;&amp; wildList.indexOf(symbol) != -1): null

2019-08-15 16:24:28 - [TEST_STEP][PASSED] - if (i == 3 &amp;&amp; wildList.indexOf(symbol) != -1): null

2019-08-15 16:24:28 - [TEST_STEP][PASSED] - if (i == 4 &amp;&amp; wildList.indexOf(symbol) != -1): null

2019-08-15 16:24:28 - [TEST_STEP][PASSED] - symbol = symbol: null

2019-08-15 16:24:28 - [TEST_STEP][PASSED] - println(symbol): null

2019-08-15 16:24:28 - [TEST_STEP][PASSED] - if (i == 2 &amp;&amp; wildList.indexOf(symbol) != -1): null

2019-08-15 16:24:28 - [TEST_STEP][PASSED] - if (i == 3 &amp;&amp; wildList.indexOf(symbol) != -1): null

2019-08-15 16:24:28 - [TEST_STEP][PASSED] - if (i == 4 &amp;&amp; wildList.indexOf(symbol) != -1): null

2019-08-15 16:24:28 - [TEST_STEP][PASSED] - symbol = symbol: null

2019-08-15 16:24:28 - [TEST_STEP][PASSED] - println(symbol): null

2019-08-15 16:24:28 - [TEST_STEP][PASSED] - if (i == 2 &amp;&amp; wildList.indexOf(symbol) != -1): null

2019-08-15 16:24:28 - [TEST_STEP][PASSED] - if (i == 3 &amp;&amp; wildList.indexOf(symbol) != -1): null

2019-08-15 16:24:28 - [TEST_STEP][PASSED] - if (i == 4 &amp;&amp; wildList.indexOf(symbol) != -1): null

2019-08-15 16:24:28 - [TEST_STEP][PASSED] - symbols = symbols: null

2019-08-15 16:24:28 - [TEST_STEP][PASSED] - for ([j = 0, j &lt; symbols.size(), (j++)]): null

2019-08-15 16:24:28 - [TEST_STEP][PASSED] - symbol = symbol: null

2019-08-15 16:24:28 - [TEST_STEP][PASSED] - println(symbol): null

2019-08-15 16:24:28 - [TEST_STEP][PASSED] - if (i == 2 &amp;&amp; wildList.indexOf(symbol) != -1): null

2019-08-15 16:24:28 - [TEST_STEP][PASSED] - if (i == 3 &amp;&amp; wildList.indexOf(symbol) != -1): null

2019-08-15 16:24:28 - [TEST_STEP][PASSED] - if (i == 4 &amp;&amp; wildList.indexOf(symbol) != -1): null

2019-08-15 16:24:28 - [TEST_STEP][PASSED] - symbol = symbol: null

2019-08-15 16:24:28 - [TEST_STEP][PASSED] - println(symbol): null

2019-08-15 16:24:28 - [TEST_STEP][PASSED] - if (i == 2 &amp;&amp; wildList.indexOf(symbol) != -1): null

2019-08-15 16:24:28 - [TEST_STEP][PASSED] - if (i == 3 &amp;&amp; wildList.indexOf(symbol) != -1): null

2019-08-15 16:24:28 - [TEST_STEP][PASSED] - if (i == 4 &amp;&amp; wildList.indexOf(symbol) != -1): null

2019-08-15 16:24:28 - [TEST_STEP][PASSED] - symbol = symbol: null

2019-08-15 16:24:28 - [TEST_STEP][PASSED] - println(symbol): null

2019-08-15 16:24:28 - [TEST_STEP][PASSED] - if (i == 2 &amp;&amp; wildList.indexOf(symbol) != -1): null

2019-08-15 16:24:28 - [TEST_STEP][PASSED] - if (i == 3 &amp;&amp; wildList.indexOf(symbol) != -1): null

2019-08-15 16:24:28 - [TEST_STEP][PASSED] - if (i == 4 &amp;&amp; wildList.indexOf(symbol) != -1): null

2019-08-15 16:24:28 - [TEST_STEP][PASSED] - symbols = symbols: null

2019-08-15 16:24:28 - [TEST_STEP][PASSED] - for ([j = 0, j &lt; symbols.size(), (j++)]): null

2019-08-15 16:24:28 - [TEST_STEP][PASSED] - symbol = symbol: null

2019-08-15 16:24:28 - [TEST_STEP][PASSED] - println(symbol): null

2019-08-15 16:24:28 - [TEST_STEP][PASSED] - if (i == 2 &amp;&amp; wildList.indexOf(symbol) != -1): null

2019-08-15 16:24:28 - [TEST_STEP][PASSED] - if (i == 3 &amp;&amp; wildList.indexOf(symbol) != -1): null

2019-08-15 16:24:28 - [TEST_STEP][PASSED] - if (i == 4 &amp;&amp; wildList.indexOf(symbol) != -1): null

2019-08-15 16:24:28 - [TEST_STEP][PASSED] - symbol = symbol: null

2019-08-15 16:24:28 - [TEST_STEP][PASSED] - println(symbol): null

2019-08-15 16:24:28 - [TEST_STEP][PASSED] - if (i == 2 &amp;&amp; wildList.indexOf(symbol) != -1): null

2019-08-15 16:24:28 - [TEST_STEP][PASSED] - if (i == 3 &amp;&amp; wildList.indexOf(symbol) != -1): null

2019-08-15 16:24:28 - [TEST_STEP][PASSED] - if (i == 4 &amp;&amp; wildList.indexOf(symbol) != -1): null

2019-08-15 16:24:28 - [TEST_STEP][PASSED] - symbol = symbol: null

2019-08-15 16:24:28 - [TEST_STEP][PASSED] - println(symbol): null

2019-08-15 16:24:28 - [TEST_STEP][PASSED] - if (i == 2 &amp;&amp; wildList.indexOf(symbol) != -1): null

2019-08-15 16:24:28 - [TEST_STEP][PASSED] - if (i == 3 &amp;&amp; wildList.indexOf(symbol) != -1): null

2019-08-15 16:24:28 - [TEST_STEP][PASSED] - println("wild found on reel 4, adding counter by 1"): null

2019-08-15 16:24:28 - [TEST_STEP][PASSED] - free_spin_reel_counter[1] = free_spin_reel_counter[1] + 1: null

2019-08-15 16:24:28 - [TEST_STEP][PASSED] - if (i == 4 &amp;&amp; wildList.indexOf(symbol) != -1): null

2019-08-15 16:24:28 - [TEST_STEP][PASSED] - symbols = symbols: null

2019-08-15 16:24:28 - [TEST_STEP][PASSED] - for ([j = 0, j &lt; symbols.size(), (j++)]): null

2019-08-15 16:24:28 - [TEST_STEP][PASSED] - symbol = symbol: null

2019-08-15 16:24:28 - [TEST_STEP][PASSED] - println(symbol): null

2019-08-15 16:24:28 - [TEST_STEP][PASSED] - if (i == 2 &amp;&amp; wildList.indexOf(symbol) != -1): null

2019-08-15 16:24:28 - [TEST_STEP][PASSED] - if (i == 3 &amp;&amp; wildList.indexOf(symbol) != -1): null

2019-08-15 16:24:28 - [TEST_STEP][PASSED] - if (i == 4 &amp;&amp; wildList.indexOf(symbol) != -1): null

2019-08-15 16:24:28 - [TEST_STEP][PASSED] - symbol = symbol: null

2019-08-15 16:24:28 - [TEST_STEP][PASSED] - println(symbol): null

2019-08-15 16:24:28 - [TEST_STEP][PASSED] - if (i == 2 &amp;&amp; wildList.indexOf(symbol) != -1): null

2019-08-15 16:24:28 - [TEST_STEP][PASSED] - if (i == 3 &amp;&amp; wildList.indexOf(symbol) != -1): null

2019-08-15 16:24:28 - [TEST_STEP][PASSED] - if (i == 4 &amp;&amp; wildList.indexOf(symbol) != -1): null

2019-08-15 16:24:28 - [TEST_STEP][PASSED] - symbol = symbol: null

2019-08-15 16:24:28 - [TEST_STEP][PASSED] - println(symbol): null

2019-08-15 16:24:28 - [TEST_STEP][PASSED] - if (i == 2 &amp;&amp; wildList.indexOf(symbol) != -1): null

2019-08-15 16:24:28 - [TEST_STEP][PASSED] - if (i == 3 &amp;&amp; wildList.indexOf(symbol) != -1): null

2019-08-15 16:24:28 - [TEST_STEP][PASSED] - if (i == 4 &amp;&amp; wildList.indexOf(symbol) != -1): null

2019-08-15 16:24:28 - [TEST_STEP][PASSED] - free_spin_reel_counter = free_spin_reel_counter: null

2019-08-15 16:24:28 - [TEST_STEP][PASSED] - println("reel 3 wild found: " + free_spin_reel_counter[0]): null

2019-08-15 16:24:28 - [TEST_STEP][PASSED] - println("reel 4 wild found: " + free_spin_reel_counter[1]): null

2019-08-15 16:24:28 - [TEST_STEP][PASSED] - println("reel 5 wild found: " + free_spin_reel_counter[2]): null

2019-08-15 16:24:28 - [TEST_STEP][PASSED] - M4_spin_reels = M4_spin_reels: null

2019-08-15 16:24:28 - [TEST_STEP][PASSED] - M4_spin_reels_symbols = symbol: null

2019-08-15 16:24:28 - [TEST_STEP][PASSED] - M4_spin_reels_symbols = M4_spin_reels_symbols: null

2019-08-15 16:24:28 - [TEST_STEP][PASSED] - M4_spin_reel_wins = reel_wins: null

2019-08-15 16:24:28 - [TEST_STEP][PASSED] - M4_spin_reel_wins = M4_spin_reel_wins: null

2019-08-15 16:24:28 - [TEST_STEP][PASSED] - println("GlobalVariable.M4_spin_reel_wins is: " + M4_spin_reel_wins): null

2019-08-15 16:24:28 - [TEST_STEP][PASSED] - M4_spin_total_bonus_win_this_round = total_bonus_win_this_round: null

2019-08-15 16:24:28 - [TEST_STEP][PASSED] - M4_spin_total_bonus_win_this_round = M4_spin_total_bonus_win_this_round: null

2019-08-15 16:24:28 - [TEST_STEP][PASSED] - println("GlobalVariable.M4_spin_total_bonus_win_this_round is: " + M4_spin_total_bonus_win_this_round): null

2019-08-15 16:24:28 - [MESSAGE][PASSED] - Verify response successfully

2019-08-15 16:24:28 - [MESSAGE][PASSED] - Send request and verify the response successfully

2019-08-15 16:24:28 - [TEST_STEP][PASSED] - if (M4_total_bonus_spins_int != 0 &amp;&amp; M4_spin_reels_symbols[2].contains("WILD_Normal") || M4_spin_reels_symbols[3].contains("WILD_Normal") || M4_spin_reels_symbols[4].contains("WILD_Normal")): null

2019-08-15 16:24:28 - [TEST_STEP][PASSED] - free_spin_reel_counter = free_spin_reel_counter: null

2019-08-15 16:24:28 - [TEST_STEP][PASSED] - M4_spin_reels_symbols = M4_spin_reels_symbols: null

2019-08-15 16:24:28 - [TEST_STEP][PASSED] - M4_total_bonus_spins = M4_total_bonus_spins: null

2019-08-15 16:24:28 - [TEST_STEP][PASSED] - spin_result = sendRequestAndVerify(findTestObject("STG/RGS(M4)/1_M4_spin", ["M4_login_user_id":M4_login_user_id, "rgs_session_token":rgs_session_token, "partner":Partner])): Send request and verify the response successfully

2019-08-15 16:24:28 - [TEST_CASE][PASSED] - Start Test Case : Verification: Verification accomplished successfully

2019-08-15 16:24:28 - [TEST_STEP][PASSED] - request = getInstance().getCurrentRequest(): null

2019-08-15 16:24:28 - [TEST_STEP][PASSED] - response = getInstance().getCurrentResponse(): null

2019-08-15 16:24:28 - [TEST_STEP][PASSED] - verifyResponseStatusCode(response, 200): Verify response status code successfully

2019-08-15 16:24:28 - [MESSAGE][PASSED] - Verify response status code successfully

2019-08-15 16:24:28 - [TEST_STEP][PASSED] - getStatusCode()).isEqualTo(200): null

2019-08-15 16:24:28 - [TEST_STEP][PASSED] - newline = System.getProperty("line.separator"): null

2019-08-15 16:24:28 - [TEST_STEP][PASSED] - M4_spin = new groovy.json.JsonSlurper(): null

2019-08-15 16:24:28 - [TEST_STEP][PASSED] - result_M4_spin = M4_spin.parseText(response.getResponseBodyContent()): null

2019-08-15 16:24:28 - [TEST_STEP][PASSED] - M4_spin_current_balance = current_balance: null

2019-08-15 16:24:28 - [TEST_STEP][PASSED] - M4_spin_current_balance = M4_spin_current_balance: null

2019-08-15 16:24:28 - [TEST_STEP][PASSED] - M4_spin_transaction_id = causality: null

2019-08-15 16:24:28 - [TEST_STEP][PASSED] - M4_spin_transaction_id = M4_spin_transaction_id: null

2019-08-15 16:24:32 - [TEST_STEP][PASSED] - M4_spin_round_id = round_id: null

2019-08-15 16:24:32 - [TEST_STEP][PASSED] - M4_spin_round_id = M4_spin_round_id: null

2019-08-15 16:24:32 - [TEST_STEP][PASSED] - M4_spin_line_wins = line_wins: null

2019-08-15 16:24:32 - [TEST_STEP][PASSED] - M4_spin_line_wins = M4_spin_line_wins: null

2019-08-15 16:24:32 - [TEST_STEP][PASSED] - M4_total_bonus_spins_int = total_bonus_spins: null

2019-08-15 16:24:32 - [TEST_STEP][PASSED] - println("******M4_total_bonus_spins type is:*******" + newline + getClass().getName()): null

2019-08-15 16:24:32 - [TEST_STEP][PASSED] - M4_total_bonus_spins_int = M4_total_bonus_spins_int: null

2019-08-15 16:24:32 - [TEST_STEP][PASSED] - M4_total_bonus_spins = Integer.toString(M4_total_bonus_spins_int): null

2019-08-15 16:24:32 - [TEST_STEP][PASSED] - M4_total_bonus_spins = M4_total_bonus_spins: null

2019-08-15 16:24:32 - [TEST_STEP][PASSED] - println("M4_total_bonus_spins is:" + M4_total_bonus_spins): null

2019-08-15 16:24:32 - [TEST_STEP][PASSED] - M4_spin_bonus_data = bonus_data: null

2019-08-15 16:24:32 - [TEST_STEP][PASSED] - M4_spin_features_triggered = result_M4_spin: null

2019-08-15 16:24:32 - [TEST_STEP][PASSED] - wild = []: null

2019-08-15 16:24:32 - [TEST_STEP][PASSED] - wild[0] = "WILD_Expanding": null

2019-08-15 16:24:32 - [TEST_STEP][PASSED] - wild[1] = "WILD_Normal": null

2019-08-15 16:24:32 - [TEST_STEP][PASSED] - wild[2] = "WILD_Double": null

2019-08-15 16:24:32 - [TEST_STEP][PASSED] - wild[3] = "WILD_ExtraFG": null

2019-08-15 16:24:32 - [TEST_STEP][PASSED] - wild[4] = "WILD_Triple": null

2019-08-15 16:24:32 - [TEST_STEP][PASSED] - wildList = Arrays.asList(wild): null

2019-08-15 16:24:32 - [TEST_STEP][PASSED] - wildList = wildList: null

2019-08-15 16:24:32 - [TEST_STEP][PASSED] - free_spin_reel_counter = []: null

2019-08-15 16:24:32 - [TEST_STEP][PASSED] - free_spin_reel_counter[0] = 0: null

2019-08-15 16:24:32 - [TEST_STEP][PASSED] - free_spin_reel_counter[1] = 0: null

2019-08-15 16:24:32 - [TEST_STEP][PASSED] - free_spin_reel_counter[2] = 0: null

2019-08-15 16:24:32 - [TEST_STEP][PASSED] - M4_spin_reels = reels: null

2019-08-15 16:24:32 - [TEST_STEP][PASSED] - for ([i = 0, i &lt; M4_spin_reels.size(), (i++)]): null

2019-08-15 16:24:32 - [TEST_STEP][PASSED] - symbols = symbols: null

2019-08-15 16:24:32 - [TEST_STEP][PASSED] - for ([j = 0, j &lt; symbols.size(), (j++)]): null

2019-08-15 16:24:32 - [TEST_STEP][PASSED] - symbol = symbol: null

2019-08-15 16:24:32 - [TEST_STEP][PASSED] - println(symbol): null

2019-08-15 16:24:32 - [TEST_STEP][PASSED] - if (i == 2 &amp;&amp; wildList.indexOf(symbol) != -1): null

2019-08-15 16:24:32 - [TEST_STEP][PASSED] - if (i == 3 &amp;&amp; wildList.indexOf(symbol) != -1): null

2019-08-15 16:24:32 - [TEST_STEP][PASSED] - if (i == 4 &amp;&amp; wildList.indexOf(symbol) != -1): null

2019-08-15 16:24:32 - [TEST_STEP][PASSED] - symbol = symbol: null

2019-08-15 16:24:32 - [TEST_STEP][PASSED] - println(symbol): null

2019-08-15 16:24:32 - [TEST_STEP][PASSED] - if (i == 2 &amp;&amp; wildList.indexOf(symbol) != -1): null

2019-08-15 16:24:32 - [TEST_STEP][PASSED] - if (i == 3 &amp;&amp; wildList.indexOf(symbol) != -1): null

2019-08-15 16:24:32 - [TEST_STEP][PASSED] - if (i == 4 &amp;&amp; wildList.indexOf(symbol) != -1): null

2019-08-15 16:24:32 - [TEST_STEP][PASSED] - symbol = symbol: null

2019-08-15 16:24:32 - [TEST_STEP][PASSED] - println(symbol): null

2019-08-15 16:24:32 - [TEST_STEP][PASSED] - if (i == 2 &amp;&amp; wildList.indexOf(symbol) != -1): null

2019-08-15 16:24:32 - [TEST_STEP][PASSED] - if (i == 3 &amp;&amp; wildList.indexOf(symbol) != -1): null

2019-08-15 16:24:32 - [TEST_STEP][PASSED] - if (i == 4 &amp;&amp; wildList.indexOf(symbol) != -1): null

2019-08-15 16:24:32 - [TEST_STEP][PASSED] - symbols = symbols: null

2019-08-15 16:24:32 - [TEST_STEP][PASSED] - for ([j = 0, j &lt; symbols.size(), (j++)]): null

2019-08-15 16:24:32 - [TEST_STEP][PASSED] - symbol = symbol: null

2019-08-15 16:24:32 - [TEST_STEP][PASSED] - println(symbol): null

2019-08-15 16:24:32 - [TEST_STEP][PASSED] - if (i == 2 &amp;&amp; wildList.indexOf(symbol) != -1): null

2019-08-15 16:24:32 - [TEST_STEP][PASSED] - if (i == 3 &amp;&amp; wildList.indexOf(symbol) != -1): null

2019-08-15 16:24:32 - [TEST_STEP][PASSED] - if (i == 4 &amp;&amp; wildList.indexOf(symbol) != -1): null

2019-08-15 16:24:32 - [TEST_STEP][PASSED] - symbol = symbol: null

2019-08-15 16:24:32 - [TEST_STEP][PASSED] - println(symbol): null

2019-08-15 16:24:32 - [TEST_STEP][PASSED] - if (i == 2 &amp;&amp; wildList.indexOf(symbol) != -1): null

2019-08-15 16:24:32 - [TEST_STEP][PASSED] - if (i == 3 &amp;&amp; wildList.indexOf(symbol) != -1): null

2019-08-15 16:24:32 - [TEST_STEP][PASSED] - if (i == 4 &amp;&amp; wildList.indexOf(symbol) != -1): null

2019-08-15 16:24:32 - [TEST_STEP][PASSED] - symbol = symbol: null

2019-08-15 16:24:32 - [TEST_STEP][PASSED] - println(symbol): null

2019-08-15 16:24:32 - [TEST_STEP][PASSED] - if (i == 2 &amp;&amp; wildList.indexOf(symbol) != -1): null

2019-08-15 16:24:32 - [TEST_STEP][PASSED] - if (i == 3 &amp;&amp; wildList.indexOf(symbol) != -1): null

2019-08-15 16:24:32 - [TEST_STEP][PASSED] - if (i == 4 &amp;&amp; wildList.indexOf(symbol) != -1): null

2019-08-15 16:24:32 - [TEST_STEP][PASSED] - symbols = symbols: null

2019-08-15 16:24:32 - [TEST_STEP][PASSED] - for ([j = 0, j &lt; symbols.size(), (j++)]): null

2019-08-15 16:24:32 - [TEST_STEP][PASSED] - symbol = symbol: null

2019-08-15 16:24:32 - [TEST_STEP][PASSED] - println(symbol): null

2019-08-15 16:24:32 - [TEST_STEP][PASSED] - if (i == 2 &amp;&amp; wildList.indexOf(symbol) != -1): null

2019-08-15 16:24:32 - [TEST_STEP][PASSED] - if (i == 3 &amp;&amp; wildList.indexOf(symbol) != -1): null

2019-08-15 16:24:32 - [TEST_STEP][PASSED] - if (i == 4 &amp;&amp; wildList.indexOf(symbol) != -1): null

2019-08-15 16:24:32 - [TEST_STEP][PASSED] - symbol = symbol: null

2019-08-15 16:24:32 - [TEST_STEP][PASSED] - println(symbol): null

2019-08-15 16:24:32 - [TEST_STEP][PASSED] - if (i == 2 &amp;&amp; wildList.indexOf(symbol) != -1): null

2019-08-15 16:24:32 - [TEST_STEP][PASSED] - if (i == 3 &amp;&amp; wildList.indexOf(symbol) != -1): null

2019-08-15 16:24:32 - [TEST_STEP][PASSED] - if (i == 4 &amp;&amp; wildList.indexOf(symbol) != -1): null

2019-08-15 16:24:32 - [TEST_STEP][PASSED] - symbol = symbol: null

2019-08-15 16:24:32 - [TEST_STEP][PASSED] - println(symbol): null

2019-08-15 16:24:32 - [TEST_STEP][PASSED] - if (i == 2 &amp;&amp; wildList.indexOf(symbol) != -1): null

2019-08-15 16:24:32 - [TEST_STEP][PASSED] - if (i == 3 &amp;&amp; wildList.indexOf(symbol) != -1): null

2019-08-15 16:24:32 - [TEST_STEP][PASSED] - if (i == 4 &amp;&amp; wildList.indexOf(symbol) != -1): null

2019-08-15 16:24:32 - [TEST_STEP][PASSED] - symbols = symbols: null

2019-08-15 16:24:32 - [TEST_STEP][PASSED] - for ([j = 0, j &lt; symbols.size(), (j++)]): null

2019-08-15 16:24:32 - [TEST_STEP][PASSED] - symbol = symbol: null

2019-08-15 16:24:32 - [TEST_STEP][PASSED] - println(symbol): null

2019-08-15 16:24:32 - [TEST_STEP][PASSED] - if (i == 2 &amp;&amp; wildList.indexOf(symbol) != -1): null

2019-08-15 16:24:32 - [TEST_STEP][PASSED] - if (i == 3 &amp;&amp; wildList.indexOf(symbol) != -1): null

2019-08-15 16:24:32 - [TEST_STEP][PASSED] - if (i == 4 &amp;&amp; wildList.indexOf(symbol) != -1): null

2019-08-15 16:24:32 - [TEST_STEP][PASSED] - symbol = symbol: null

2019-08-15 16:24:32 - [TEST_STEP][PASSED] - println(symbol): null

2019-08-15 16:24:32 - [TEST_STEP][PASSED] - if (i == 2 &amp;&amp; wildList.indexOf(symbol) != -1): null

2019-08-15 16:24:32 - [TEST_STEP][PASSED] - if (i == 3 &amp;&amp; wildList.indexOf(symbol) != -1): null

2019-08-15 16:24:32 - [TEST_STEP][PASSED] - if (i == 4 &amp;&amp; wildList.indexOf(symbol) != -1): null

2019-08-15 16:24:32 - [TEST_STEP][PASSED] - symbol = symbol: null

2019-08-15 16:24:32 - [TEST_STEP][PASSED] - println(symbol): null

2019-08-15 16:24:32 - [TEST_STEP][PASSED] - if (i == 2 &amp;&amp; wildList.indexOf(symbol) != -1): null

2019-08-15 16:24:32 - [TEST_STEP][PASSED] - if (i == 3 &amp;&amp; wildList.indexOf(symbol) != -1): null

2019-08-15 16:24:32 - [TEST_STEP][PASSED] - if (i == 4 &amp;&amp; wildList.indexOf(symbol) != -1): null

2019-08-15 16:24:32 - [TEST_STEP][PASSED] - symbols = symbols: null

2019-08-15 16:24:32 - [TEST_STEP][PASSED] - for ([j = 0, j &lt; symbols.size(), (j++)]): null

2019-08-15 16:24:32 - [TEST_STEP][PASSED] - symbol = symbol: null

2019-08-15 16:24:32 - [TEST_STEP][PASSED] - println(symbol): null

2019-08-15 16:24:32 - [TEST_STEP][PASSED] - if (i == 2 &amp;&amp; wildList.indexOf(symbol) != -1): null

2019-08-15 16:24:32 - [TEST_STEP][PASSED] - if (i == 3 &amp;&amp; wildList.indexOf(symbol) != -1): null

2019-08-15 16:24:32 - [TEST_STEP][PASSED] - if (i == 4 &amp;&amp; wildList.indexOf(symbol) != -1): null

2019-08-15 16:24:32 - [TEST_STEP][PASSED] - symbol = symbol: null

2019-08-15 16:24:32 - [TEST_STEP][PASSED] - println(symbol): null

2019-08-15 16:24:32 - [TEST_STEP][PASSED] - if (i == 2 &amp;&amp; wildList.indexOf(symbol) != -1): null

2019-08-15 16:24:32 - [TEST_STEP][PASSED] - if (i == 3 &amp;&amp; wildList.indexOf(symbol) != -1): null

2019-08-15 16:24:32 - [TEST_STEP][PASSED] - if (i == 4 &amp;&amp; wildList.indexOf(symbol) != -1): null

2019-08-15 16:24:32 - [TEST_STEP][PASSED] - symbol = symbol: null

2019-08-15 16:24:32 - [TEST_STEP][PASSED] - println(symbol): null

2019-08-15 16:24:32 - [TEST_STEP][PASSED] - if (i == 2 &amp;&amp; wildList.indexOf(symbol) != -1): null

2019-08-15 16:24:32 - [TEST_STEP][PASSED] - if (i == 3 &amp;&amp; wildList.indexOf(symbol) != -1): null

2019-08-15 16:24:32 - [TEST_STEP][PASSED] - if (i == 4 &amp;&amp; wildList.indexOf(symbol) != -1): null

2019-08-15 16:24:32 - [TEST_STEP][PASSED] - free_spin_reel_counter = free_spin_reel_counter: null

2019-08-15 16:24:32 - [TEST_STEP][PASSED] - println("reel 3 wild found: " + free_spin_reel_counter[0]): null

2019-08-15 16:24:32 - [TEST_STEP][PASSED] - println("reel 4 wild found: " + free_spin_reel_counter[1]): null

2019-08-15 16:24:32 - [TEST_STEP][PASSED] - println("reel 5 wild found: " + free_spin_reel_counter[2]): null

2019-08-15 16:24:32 - [TEST_STEP][PASSED] - M4_spin_reels = M4_spin_reels: null

2019-08-15 16:24:32 - [TEST_STEP][PASSED] - M4_spin_reels_symbols = symbol: null

2019-08-15 16:24:32 - [TEST_STEP][PASSED] - M4_spin_reels_symbols = M4_spin_reels_symbols: null

2019-08-15 16:24:32 - [TEST_STEP][PASSED] - M4_spin_reel_wins = reel_wins: null

2019-08-15 16:24:32 - [TEST_STEP][PASSED] - M4_spin_reel_wins = M4_spin_reel_wins: null

2019-08-15 16:24:32 - [TEST_STEP][PASSED] - println("GlobalVariable.M4_spin_reel_wins is: " + M4_spin_reel_wins): null

2019-08-15 16:24:32 - [TEST_STEP][PASSED] - M4_spin_total_bonus_win_this_round = total_bonus_win_this_round: null

2019-08-15 16:24:32 - [TEST_STEP][PASSED] - M4_spin_total_bonus_win_this_round = M4_spin_total_bonus_win_this_round: null

2019-08-15 16:24:32 - [TEST_STEP][PASSED] - println("GlobalVariable.M4_spin_total_bonus_win_this_round is: " + M4_spin_total_bonus_win_this_round): null

2019-08-15 16:24:32 - [MESSAGE][PASSED] - Verify response successfully

2019-08-15 16:24:32 - [MESSAGE][PASSED] - Send request and verify the response successfully

2019-08-15 16:24:32 - [TEST_STEP][PASSED] - if (M4_total_bonus_spins_int != 0 &amp;&amp; M4_spin_reels_symbols[2].contains("WILD_Normal") || M4_spin_reels_symbols[3].contains("WILD_Normal") || M4_spin_reels_symbols[4].contains("WILD_Normal")): null

2019-08-15 16:24:32 - [TEST_STEP][PASSED] - free_spin_reel_counter = free_spin_reel_counter: null

2019-08-15 16:24:32 - [TEST_STEP][PASSED] - M4_spin_reels_symbols = M4_spin_reels_symbols: null

2019-08-15 16:24:32 - [TEST_STEP][PASSED] - M4_total_bonus_spins = M4_total_bonus_spins: null

2019-08-15 16:24:32 - [TEST_STEP][PASSED] - spin_result = sendRequestAndVerify(findTestObject("STG/RGS(M4)/1_M4_spin", ["M4_login_user_id":M4_login_user_id, "rgs_session_token":rgs_session_token, "partner":Partner])): Send request and verify the response successfully

2019-08-15 16:24:32 - [TEST_CASE][PASSED] - Start Test Case : Verification: Verification accomplished successfully

2019-08-15 16:24:32 - [TEST_STEP][PASSED] - request = getInstance().getCurrentRequest(): null

2019-08-15 16:24:32 - [TEST_STEP][PASSED] - response = getInstance().getCurrentResponse(): null

2019-08-15 16:24:32 - [TEST_STEP][PASSED] - verifyResponseStatusCode(response, 200): Verify response status code successfully

2019-08-15 16:24:32 - [MESSAGE][PASSED] - Verify response status code successfully

2019-08-15 16:24:32 - [TEST_STEP][PASSED] - getStatusCode()).isEqualTo(200): null

2019-08-15 16:24:32 - [TEST_STEP][PASSED] - newline = System.getProperty("line.separator"): null

2019-08-15 16:24:32 - [TEST_STEP][PASSED] - M4_spin = new groovy.json.JsonSlurper(): null

2019-08-15 16:24:32 - [TEST_STEP][PASSED] - result_M4_spin = M4_spin.parseText(response.getResponseBodyContent()): null

2019-08-15 16:24:32 - [TEST_STEP][PASSED] - M4_spin_current_balance = current_balance: null

2019-08-15 16:24:32 - [TEST_STEP][PASSED] - M4_spin_current_balance = M4_spin_current_balance: null

2019-08-15 16:24:32 - [TEST_STEP][PASSED] - M4_spin_transaction_id = causality: null

2019-08-15 16:24:32 - [TEST_STEP][PASSED] - M4_spin_transaction_id = M4_spin_transaction_id: null

2019-08-15 16:24:32 - [TEST_STEP][PASSED] - M4_spin_round_id = round_id: null

2019-08-15 16:24:32 - [TEST_STEP][PASSED] - M4_spin_round_id = M4_spin_round_id: null

2019-08-15 16:24:32 - [TEST_STEP][PASSED] - M4_spin_line_wins = line_wins: null

2019-08-15 16:24:32 - [TEST_STEP][PASSED] - M4_spin_line_wins = M4_spin_line_wins: null

2019-08-15 16:24:32 - [TEST_STEP][PASSED] - M4_total_bonus_spins_int = total_bonus_spins: null

2019-08-15 16:24:32 - [TEST_STEP][PASSED] - println("******M4_total_bonus_spins type is:*******" + newline + getClass().getName()): null

2019-08-15 16:24:32 - [TEST_STEP][PASSED] - M4_total_bonus_spins_int = M4_total_bonus_spins_int: null

2019-08-15 16:24:32 - [TEST_STEP][PASSED] - M4_total_bonus_spins = Integer.toString(M4_total_bonus_spins_int): null

2019-08-15 16:24:32 - [TEST_STEP][PASSED] - M4_total_bonus_spins = M4_total_bonus_spins: null

2019-08-15 16:24:32 - [TEST_STEP][PASSED] - println("M4_total_bonus_spins is:" + M4_total_bonus_spins): null

2019-08-15 16:24:32 - [TEST_STEP][PASSED] - M4_spin_bonus_data = bonus_data: null

2019-08-15 16:24:32 - [TEST_STEP][PASSED] - M4_spin_features_triggered = result_M4_spin: null

2019-08-15 16:24:32 - [TEST_STEP][PASSED] - wild = []: null

2019-08-15 16:24:32 - [TEST_STEP][PASSED] - wild[0] = "WILD_Expanding": null

2019-08-15 16:24:32 - [TEST_STEP][PASSED] - wild[1] = "WILD_Normal": null

2019-08-15 16:24:32 - [TEST_STEP][PASSED] - wild[2] = "WILD_Double": null

2019-08-15 16:24:32 - [TEST_STEP][PASSED] - wild[3] = "WILD_ExtraFG": null

2019-08-15 16:24:32 - [TEST_STEP][PASSED] - wild[4] = "WILD_Triple": null

2019-08-15 16:24:32 - [TEST_STEP][PASSED] - wildList = Arrays.asList(wild): null

2019-08-15 16:24:32 - [TEST_STEP][PASSED] - wildList = wildList: null

2019-08-15 16:24:32 - [TEST_STEP][PASSED] - free_spin_reel_counter = []: null

2019-08-15 16:24:32 - [TEST_STEP][PASSED] - free_spin_reel_counter[0] = 0: null

2019-08-15 16:24:32 - [TEST_STEP][PASSED] - free_spin_reel_counter[1] = 0: null

2019-08-15 16:24:32 - [TEST_STEP][PASSED] - free_spin_reel_counter[2] = 0: null

2019-08-15 16:24:32 - [TEST_STEP][PASSED] - M4_spin_reels = reels: null

2019-08-15 16:24:32 - [TEST_STEP][PASSED] - for ([i = 0, i &lt; M4_spin_reels.size(), (i++)]): null

2019-08-15 16:24:32 - [TEST_STEP][PASSED] - symbols = symbols: null

2019-08-15 16:24:32 - [TEST_STEP][PASSED] - for ([j = 0, j &lt; symbols.size(), (j++)]): null

2019-08-15 16:24:32 - [TEST_STEP][PASSED] - symbol = symbol: null

2019-08-15 16:24:32 - [TEST_STEP][PASSED] - println(symbol): null

2019-08-15 16:24:32 - [TEST_STEP][PASSED] - if (i == 2 &amp;&amp; wildList.indexOf(symbol) != -1): null

2019-08-15 16:24:32 - [TEST_STEP][PASSED] - if (i == 3 &amp;&amp; wildList.indexOf(symbol) != -1): null

2019-08-15 16:24:32 - [TEST_STEP][PASSED] - if (i == 4 &amp;&amp; wildList.indexOf(symbol) != -1): null

2019-08-15 16:24:32 - [TEST_STEP][PASSED] - symbol = symbol: null

2019-08-15 16:24:32 - [TEST_STEP][PASSED] - println(symbol): null

2019-08-15 16:24:32 - [TEST_STEP][PASSED] - if (i == 2 &amp;&amp; wildList.indexOf(symbol) != -1): null

2019-08-15 16:24:32 - [TEST_STEP][PASSED] - if (i == 3 &amp;&amp; wildList.indexOf(symbol) != -1): null

2019-08-15 16:24:32 - [TEST_STEP][PASSED] - if (i == 4 &amp;&amp; wildList.indexOf(symbol) != -1): null

2019-08-15 16:24:32 - [TEST_STEP][PASSED] - symbol = symbol: null

2019-08-15 16:24:32 - [TEST_STEP][PASSED] - println(symbol): null

2019-08-15 16:24:32 - [TEST_STEP][PASSED] - if (i == 2 &amp;&amp; wildList.indexOf(symbol) != -1): null

2019-08-15 16:24:32 - [TEST_STEP][PASSED] - if (i == 3 &amp;&amp; wildList.indexOf(symbol) != -1): null

2019-08-15 16:24:32 - [TEST_STEP][PASSED] - if (i == 4 &amp;&amp; wildList.indexOf(symbol) != -1): null

2019-08-15 16:24:32 - [TEST_STEP][PASSED] - symbols = symbols: null

2019-08-15 16:24:32 - [TEST_STEP][PASSED] - for ([j = 0, j &lt; symbols.size(), (j++)]): null

2019-08-15 16:24:32 - [TEST_STEP][PASSED] - symbol = symbol: null

2019-08-15 16:24:32 - [TEST_STEP][PASSED] - println(symbol): null

2019-08-15 16:24:32 - [TEST_STEP][PASSED] - if (i == 2 &amp;&amp; wildList.indexOf(symbol) != -1): null

2019-08-15 16:24:32 - [TEST_STEP][PASSED] - if (i == 3 &amp;&amp; wildList.indexOf(symbol) != -1): null

2019-08-15 16:24:32 - [TEST_STEP][PASSED] - if (i == 4 &amp;&amp; wildList.indexOf(symbol) != -1): null

2019-08-15 16:24:32 - [TEST_STEP][PASSED] - symbol = symbol: null

2019-08-15 16:24:32 - [TEST_STEP][PASSED] - println(symbol): null

2019-08-15 16:24:32 - [TEST_STEP][PASSED] - if (i == 2 &amp;&amp; wildList.indexOf(symbol) != -1): null

2019-08-15 16:24:32 - [TEST_STEP][PASSED] - if (i == 3 &amp;&amp; wildList.indexOf(symbol) != -1): null

2019-08-15 16:24:32 - [TEST_STEP][PASSED] - if (i == 4 &amp;&amp; wildList.indexOf(symbol) != -1): null

2019-08-15 16:24:32 - [TEST_STEP][PASSED] - symbol = symbol: null

2019-08-15 16:24:32 - [TEST_STEP][PASSED] - println(symbol): null

2019-08-15 16:24:32 - [TEST_STEP][PASSED] - if (i == 2 &amp;&amp; wildList.indexOf(symbol) != -1): null

2019-08-15 16:24:32 - [TEST_STEP][PASSED] - if (i == 3 &amp;&amp; wildList.indexOf(symbol) != -1): null

2019-08-15 16:24:32 - [TEST_STEP][PASSED] - if (i == 4 &amp;&amp; wildList.indexOf(symbol) != -1): null

2019-08-15 16:24:32 - [TEST_STEP][PASSED] - symbols = symbols: null

2019-08-15 16:24:32 - [TEST_STEP][PASSED] - for ([j = 0, j &lt; symbols.size(), (j++)]): null

2019-08-15 16:24:32 - [TEST_STEP][PASSED] - symbol = symbol: null

2019-08-15 16:24:32 - [TEST_STEP][PASSED] - println(symbol): null

2019-08-15 16:24:32 - [TEST_STEP][PASSED] - if (i == 2 &amp;&amp; wildList.indexOf(symbol) != -1): null

2019-08-15 16:24:32 - [TEST_STEP][PASSED] - if (i == 3 &amp;&amp; wildList.indexOf(symbol) != -1): null

2019-08-15 16:24:32 - [TEST_STEP][PASSED] - if (i == 4 &amp;&amp; wildList.indexOf(symbol) != -1): null

2019-08-15 16:24:32 - [TEST_STEP][PASSED] - symbol = symbol: null

2019-08-15 16:24:32 - [TEST_STEP][PASSED] - println(symbol): null

2019-08-15 16:24:32 - [TEST_STEP][PASSED] - if (i == 2 &amp;&amp; wildList.indexOf(symbol) != -1): null

2019-08-15 16:24:32 - [TEST_STEP][PASSED] - if (i == 3 &amp;&amp; wildList.indexOf(symbol) != -1): null

2019-08-15 16:24:32 - [TEST_STEP][PASSED] - if (i == 4 &amp;&amp; wildList.indexOf(symbol) != -1): null

2019-08-15 16:24:32 - [TEST_STEP][PASSED] - symbol = symbol: null

2019-08-15 16:24:32 - [TEST_STEP][PASSED] - println(symbol): null

2019-08-15 16:24:32 - [TEST_STEP][PASSED] - if (i == 2 &amp;&amp; wildList.indexOf(symbol) != -1): null

2019-08-15 16:24:32 - [TEST_STEP][PASSED] - if (i == 3 &amp;&amp; wildList.indexOf(symbol) != -1): null

2019-08-15 16:24:32 - [TEST_STEP][PASSED] - if (i == 4 &amp;&amp; wildList.indexOf(symbol) != -1): null

2019-08-15 16:24:32 - [TEST_STEP][PASSED] - symbols = symbols: null

2019-08-15 16:24:32 - [TEST_STEP][PASSED] - for ([j = 0, j &lt; symbols.size(), (j++)]): null

2019-08-15 16:24:32 - [TEST_STEP][PASSED] - symbol = symbol: null

2019-08-15 16:24:32 - [TEST_STEP][PASSED] - println(symbol): null

2019-08-15 16:24:32 - [TEST_STEP][PASSED] - if (i == 2 &amp;&amp; wildList.indexOf(symbol) != -1): null

2019-08-15 16:24:32 - [TEST_STEP][PASSED] - if (i == 3 &amp;&amp; wildList.indexOf(symbol) != -1): null

2019-08-15 16:24:32 - [TEST_STEP][PASSED] - if (i == 4 &amp;&amp; wildList.indexOf(symbol) != -1): null

2019-08-15 16:24:32 - [TEST_STEP][PASSED] - symbol = symbol: null

2019-08-15 16:24:32 - [TEST_STEP][PASSED] - println(symbol): null

2019-08-15 16:24:32 - [TEST_STEP][PASSED] - if (i == 2 &amp;&amp; wildList.indexOf(symbol) != -1): null

2019-08-15 16:24:32 - [TEST_STEP][PASSED] - if (i == 3 &amp;&amp; wildList.indexOf(symbol) != -1): null

2019-08-15 16:24:32 - [TEST_STEP][PASSED] - if (i == 4 &amp;&amp; wildList.indexOf(symbol) != -1): null

2019-08-15 16:24:32 - [TEST_STEP][PASSED] - symbol = symbol: null

2019-08-15 16:24:32 - [TEST_STEP][PASSED] - println(symbol): null

2019-08-15 16:24:32 - [TEST_STEP][PASSED] - if (i == 2 &amp;&amp; wildList.indexOf(symbol) != -1): null

2019-08-15 16:24:32 - [TEST_STEP][PASSED] - if (i == 3 &amp;&amp; wildList.indexOf(symbol) != -1): null

2019-08-15 16:24:32 - [TEST_STEP][PASSED] - if (i == 4 &amp;&amp; wildList.indexOf(symbol) != -1): null

2019-08-15 16:24:32 - [TEST_STEP][PASSED] - symbols = symbols: null

2019-08-15 16:24:32 - [TEST_STEP][PASSED] - for ([j = 0, j &lt; symbols.size(), (j++)]): null

2019-08-15 16:24:32 - [TEST_STEP][PASSED] - symbol = symbol: null

2019-08-15 16:24:32 - [TEST_STEP][PASSED] - println(symbol): null

2019-08-15 16:24:32 - [TEST_STEP][PASSED] - if (i == 2 &amp;&amp; wildList.indexOf(symbol) != -1): null

2019-08-15 16:24:32 - [TEST_STEP][PASSED] - if (i == 3 &amp;&amp; wildList.indexOf(symbol) != -1): null

2019-08-15 16:24:32 - [TEST_STEP][PASSED] - if (i == 4 &amp;&amp; wildList.indexOf(symbol) != -1): null

2019-08-15 16:24:32 - [TEST_STEP][PASSED] - symbol = symbol: null

2019-08-15 16:24:32 - [TEST_STEP][PASSED] - println(symbol): null

2019-08-15 16:24:32 - [TEST_STEP][PASSED] - if (i == 2 &amp;&amp; wildList.indexOf(symbol) != -1): null

2019-08-15 16:24:32 - [TEST_STEP][PASSED] - if (i == 3 &amp;&amp; wildList.indexOf(symbol) != -1): null

2019-08-15 16:24:32 - [TEST_STEP][PASSED] - if (i == 4 &amp;&amp; wildList.indexOf(symbol) != -1): null

2019-08-15 16:24:32 - [TEST_STEP][PASSED] - symbol = symbol: null

2019-08-15 16:24:32 - [TEST_STEP][PASSED] - println(symbol): null

2019-08-15 16:24:32 - [TEST_STEP][PASSED] - if (i == 2 &amp;&amp; wildList.indexOf(symbol) != -1): null

2019-08-15 16:24:32 - [TEST_STEP][PASSED] - if (i == 3 &amp;&amp; wildList.indexOf(symbol) != -1): null

2019-08-15 16:24:32 - [TEST_STEP][PASSED] - if (i == 4 &amp;&amp; wildList.indexOf(symbol) != -1): null

2019-08-15 16:24:32 - [TEST_STEP][PASSED] - free_spin_reel_counter = free_spin_reel_counter: null

2019-08-15 16:24:32 - [TEST_STEP][PASSED] - println("reel 3 wild found: " + free_spin_reel_counter[0]): null

2019-08-15 16:24:32 - [TEST_STEP][PASSED] - println("reel 4 wild found: " + free_spin_reel_counter[1]): null

2019-08-15 16:24:32 - [TEST_STEP][PASSED] - println("reel 5 wild found: " + free_spin_reel_counter[2]): null

2019-08-15 16:24:32 - [TEST_STEP][PASSED] - M4_spin_reels = M4_spin_reels: null

2019-08-15 16:24:32 - [TEST_STEP][PASSED] - M4_spin_reels_symbols = symbol: null

2019-08-15 16:24:32 - [TEST_STEP][PASSED] - M4_spin_reels_symbols = M4_spin_reels_symbols: null

2019-08-15 16:24:32 - [TEST_STEP][PASSED] - M4_spin_reel_wins = reel_wins: null

2019-08-15 16:24:32 - [TEST_STEP][PASSED] - M4_spin_reel_wins = M4_spin_reel_wins: null

2019-08-15 16:24:32 - [TEST_STEP][PASSED] - println("GlobalVariable.M4_spin_reel_wins is: " + M4_spin_reel_wins): null

2019-08-15 16:24:32 - [TEST_STEP][PASSED] - M4_spin_total_bonus_win_this_round = total_bonus_win_this_round: null

2019-08-15 16:24:32 - [TEST_STEP][PASSED] - M4_spin_total_bonus_win_this_round = M4_spin_total_bonus_win_this_round: null

2019-08-15 16:24:32 - [TEST_STEP][PASSED] - println("GlobalVariable.M4_spin_total_bonus_win_this_round is: " + M4_spin_total_bonus_win_this_round): null

2019-08-15 16:24:32 - [MESSAGE][PASSED] - Verify response successfully

2019-08-15 16:24:32 - [MESSAGE][PASSED] - Send request and verify the response successfully

2019-08-15 16:24:32 - [TEST_STEP][PASSED] - if (M4_total_bonus_spins_int != 0 &amp;&amp; M4_spin_reels_symbols[2].contains("WILD_Normal") || M4_spin_reels_symbols[3].contains("WILD_Normal") || M4_spin_reels_symbols[4].contains("WILD_Normal")): null

2019-08-15 16:24:32 - [TEST_STEP][PASSED] - free_spin_reel_counter = free_spin_reel_counter: null

2019-08-15 16:24:32 - [TEST_STEP][PASSED] - M4_spin_reels_symbols = M4_spin_reels_symbols: null

2019-08-15 16:24:32 - [TEST_STEP][PASSED] - M4_total_bonus_spins = M4_total_bonus_spins: null

2019-08-15 16:24:32 - [TEST_STEP][PASSED] - spin_result = sendRequestAndVerify(findTestObject("STG/RGS(M4)/1_M4_spin", ["M4_login_user_id":M4_login_user_id, "rgs_session_token":rgs_session_token, "partner":Partner])): Send request and verify the response successfully

2019-08-15 16:24:33 - [TEST_CASE][PASSED] - Start Test Case : Verification: Verification accomplished successfully

2019-08-15 16:24:33 - [TEST_STEP][PASSED] - request = getInstance().getCurrentRequest(): null

2019-08-15 16:24:33 - [TEST_STEP][PASSED] - response = getInstance().getCurrentResponse(): null

2019-08-15 16:24:33 - [TEST_STEP][PASSED] - verifyResponseStatusCode(response, 200): Verify response status code successfully

2019-08-15 16:24:33 - [MESSAGE][PASSED] - Verify response status code successfully

2019-08-15 16:24:33 - [TEST_STEP][PASSED] - getStatusCode()).isEqualTo(200): null

2019-08-15 16:24:33 - [TEST_STEP][PASSED] - newline = System.getProperty("line.separator"): null

2019-08-15 16:24:33 - [TEST_STEP][PASSED] - M4_spin = new groovy.json.JsonSlurper(): null

2019-08-15 16:24:33 - [TEST_STEP][PASSED] - result_M4_spin = M4_spin.parseText(response.getResponseBodyContent()): null

2019-08-15 16:24:33 - [TEST_STEP][PASSED] - M4_spin_current_balance = current_balance: null

2019-08-15 16:24:33 - [TEST_STEP][PASSED] - M4_spin_current_balance = M4_spin_current_balance: null

2019-08-15 16:24:33 - [TEST_STEP][PASSED] - M4_spin_transaction_id = causality: null

2019-08-15 16:24:33 - [TEST_STEP][PASSED] - M4_spin_transaction_id = M4_spin_transaction_id: null

2019-08-15 16:24:33 - [TEST_STEP][PASSED] - M4_spin_round_id = round_id: null

2019-08-15 16:24:33 - [TEST_STEP][PASSED] - M4_spin_round_id = M4_spin_round_id: null

2019-08-15 16:24:33 - [TEST_STEP][PASSED] - M4_spin_line_wins = line_wins: null

2019-08-15 16:24:33 - [TEST_STEP][PASSED] - M4_spin_line_wins = M4_spin_line_wins: null

2019-08-15 16:24:33 - [TEST_STEP][PASSED] - M4_total_bonus_spins_int = total_bonus_spins: null

2019-08-15 16:24:33 - [TEST_STEP][PASSED] - println("******M4_total_bonus_spins type is:*******" + newline + getClass().getName()): null

2019-08-15 16:24:33 - [TEST_STEP][PASSED] - M4_total_bonus_spins_int = M4_total_bonus_spins_int: null

2019-08-15 16:24:33 - [TEST_STEP][PASSED] - M4_total_bonus_spins = Integer.toString(M4_total_bonus_spins_int): null

2019-08-15 16:24:33 - [TEST_STEP][PASSED] - M4_total_bonus_spins = M4_total_bonus_spins: null

2019-08-15 16:24:33 - [TEST_STEP][PASSED] - println("M4_total_bonus_spins is:" + M4_total_bonus_spins): null

2019-08-15 16:24:33 - [TEST_STEP][PASSED] - M4_spin_bonus_data = bonus_data: null

2019-08-15 16:24:33 - [TEST_STEP][PASSED] - M4_spin_features_triggered = result_M4_spin: null

2019-08-15 16:24:33 - [TEST_STEP][PASSED] - wild = []: null

2019-08-15 16:24:33 - [TEST_STEP][PASSED] - wild[0] = "WILD_Expanding": null

2019-08-15 16:24:33 - [TEST_STEP][PASSED] - wild[1] = "WILD_Normal": null

2019-08-15 16:24:33 - [TEST_STEP][PASSED] - wild[2] = "WILD_Double": null

2019-08-15 16:24:33 - [TEST_STEP][PASSED] - wild[3] = "WILD_ExtraFG": null

2019-08-15 16:24:33 - [TEST_STEP][PASSED] - wild[4] = "WILD_Triple": null

2019-08-15 16:24:33 - [TEST_STEP][PASSED] - wildList = Arrays.asList(wild): null

2019-08-15 16:24:33 - [TEST_STEP][PASSED] - wildList = wildList: null

2019-08-15 16:24:33 - [TEST_STEP][PASSED] - free_spin_reel_counter = []: null

2019-08-15 16:24:33 - [TEST_STEP][PASSED] - free_spin_reel_counter[0] = 0: null

2019-08-15 16:24:33 - [TEST_STEP][PASSED] - free_spin_reel_counter[1] = 0: null

2019-08-15 16:24:33 - [TEST_STEP][PASSED] - free_spin_reel_counter[2] = 0: null

2019-08-15 16:24:33 - [TEST_STEP][PASSED] - M4_spin_reels = reels: null

2019-08-15 16:24:33 - [TEST_STEP][PASSED] - for ([i = 0, i &lt; M4_spin_reels.size(), (i++)]): null

2019-08-15 16:24:33 - [TEST_STEP][PASSED] - symbols = symbols: null

2019-08-15 16:24:33 - [TEST_STEP][PASSED] - for ([j = 0, j &lt; symbols.size(), (j++)]): null

2019-08-15 16:24:33 - [TEST_STEP][PASSED] - symbol = symbol: null

2019-08-15 16:24:33 - [TEST_STEP][PASSED] - println(symbol): null

2019-08-15 16:24:33 - [TEST_STEP][PASSED] - if (i == 2 &amp;&amp; wildList.indexOf(symbol) != -1): null

2019-08-15 16:24:33 - [TEST_STEP][PASSED] - if (i == 3 &amp;&amp; wildList.indexOf(symbol) != -1): null

2019-08-15 16:24:33 - [TEST_STEP][PASSED] - if (i == 4 &amp;&amp; wildList.indexOf(symbol) != -1): null

2019-08-15 16:24:33 - [TEST_STEP][PASSED] - symbol = symbol: null

2019-08-15 16:24:33 - [TEST_STEP][PASSED] - println(symbol): null

2019-08-15 16:24:37 - [TEST_STEP][PASSED] - if (i == 2 &amp;&amp; wildList.indexOf(symbol) != -1): null

2019-08-15 16:24:37 - [TEST_STEP][PASSED] - if (i == 3 &amp;&amp; wildList.indexOf(symbol) != -1): null

2019-08-15 16:24:37 - [TEST_STEP][PASSED] - if (i == 4 &amp;&amp; wildList.indexOf(symbol) != -1): null

2019-08-15 16:24:37 - [TEST_STEP][PASSED] - symbol = symbol: null

2019-08-15 16:24:37 - [TEST_STEP][PASSED] - println(symbol): null

2019-08-15 16:24:37 - [TEST_STEP][PASSED] - if (i == 2 &amp;&amp; wildList.indexOf(symbol) != -1): null

2019-08-15 16:24:37 - [TEST_STEP][PASSED] - if (i == 3 &amp;&amp; wildList.indexOf(symbol) != -1): null

2019-08-15 16:24:37 - [TEST_STEP][PASSED] - if (i == 4 &amp;&amp; wildList.indexOf(symbol) != -1): null

2019-08-15 16:24:37 - [TEST_STEP][PASSED] - symbols = symbols: null

2019-08-15 16:24:37 - [TEST_STEP][PASSED] - for ([j = 0, j &lt; symbols.size(), (j++)]): null

2019-08-15 16:24:37 - [TEST_STEP][PASSED] - symbol = symbol: null

2019-08-15 16:24:37 - [TEST_STEP][PASSED] - println(symbol): null

2019-08-15 16:24:37 - [TEST_STEP][PASSED] - if (i == 2 &amp;&amp; wildList.indexOf(symbol) != -1): null

2019-08-15 16:24:37 - [TEST_STEP][PASSED] - if (i == 3 &amp;&amp; wildList.indexOf(symbol) != -1): null

2019-08-15 16:24:37 - [TEST_STEP][PASSED] - if (i == 4 &amp;&amp; wildList.indexOf(symbol) != -1): null

2019-08-15 16:24:37 - [TEST_STEP][PASSED] - symbol = symbol: null

2019-08-15 16:24:37 - [TEST_STEP][PASSED] - println(symbol): null

2019-08-15 16:24:37 - [TEST_STEP][PASSED] - if (i == 2 &amp;&amp; wildList.indexOf(symbol) != -1): null

2019-08-15 16:24:37 - [TEST_STEP][PASSED] - if (i == 3 &amp;&amp; wildList.indexOf(symbol) != -1): null

2019-08-15 16:24:37 - [TEST_STEP][PASSED] - if (i == 4 &amp;&amp; wildList.indexOf(symbol) != -1): null

2019-08-15 16:24:37 - [TEST_STEP][PASSED] - symbol = symbol: null

2019-08-15 16:24:37 - [TEST_STEP][PASSED] - println(symbol): null

2019-08-15 16:24:37 - [TEST_STEP][PASSED] - if (i == 2 &amp;&amp; wildList.indexOf(symbol) != -1): null

2019-08-15 16:24:37 - [TEST_STEP][PASSED] - if (i == 3 &amp;&amp; wildList.indexOf(symbol) != -1): null

2019-08-15 16:24:37 - [TEST_STEP][PASSED] - if (i == 4 &amp;&amp; wildList.indexOf(symbol) != -1): null

2019-08-15 16:24:37 - [TEST_STEP][PASSED] - symbols = symbols: null

2019-08-15 16:24:37 - [TEST_STEP][PASSED] - for ([j = 0, j &lt; symbols.size(), (j++)]): null

2019-08-15 16:24:37 - [TEST_STEP][PASSED] - symbol = symbol: null

2019-08-15 16:24:37 - [TEST_STEP][PASSED] - println(symbol): null

2019-08-15 16:24:37 - [TEST_STEP][PASSED] - if (i == 2 &amp;&amp; wildList.indexOf(symbol) != -1): null

2019-08-15 16:24:37 - [TEST_STEP][PASSED] - if (i == 3 &amp;&amp; wildList.indexOf(symbol) != -1): null

2019-08-15 16:24:37 - [TEST_STEP][PASSED] - if (i == 4 &amp;&amp; wildList.indexOf(symbol) != -1): null

2019-08-15 16:24:37 - [TEST_STEP][PASSED] - symbol = symbol: null

2019-08-15 16:24:37 - [TEST_STEP][PASSED] - println(symbol): null

2019-08-15 16:24:37 - [TEST_STEP][PASSED] - if (i == 2 &amp;&amp; wildList.indexOf(symbol) != -1): null

2019-08-15 16:24:37 - [TEST_STEP][PASSED] - if (i == 3 &amp;&amp; wildList.indexOf(symbol) != -1): null

2019-08-15 16:24:37 - [TEST_STEP][PASSED] - if (i == 4 &amp;&amp; wildList.indexOf(symbol) != -1): null

2019-08-15 16:24:37 - [TEST_STEP][PASSED] - symbol = symbol: null

2019-08-15 16:24:37 - [TEST_STEP][PASSED] - println(symbol): null

2019-08-15 16:24:37 - [TEST_STEP][PASSED] - if (i == 2 &amp;&amp; wildList.indexOf(symbol) != -1): null

2019-08-15 16:24:37 - [TEST_STEP][PASSED] - if (i == 3 &amp;&amp; wildList.indexOf(symbol) != -1): null

2019-08-15 16:24:37 - [TEST_STEP][PASSED] - if (i == 4 &amp;&amp; wildList.indexOf(symbol) != -1): null

2019-08-15 16:24:37 - [TEST_STEP][PASSED] - symbols = symbols: null

2019-08-15 16:24:37 - [TEST_STEP][PASSED] - for ([j = 0, j &lt; symbols.size(), (j++)]): null

2019-08-15 16:24:37 - [TEST_STEP][PASSED] - symbol = symbol: null

2019-08-15 16:24:37 - [TEST_STEP][PASSED] - println(symbol): null

2019-08-15 16:24:37 - [TEST_STEP][PASSED] - if (i == 2 &amp;&amp; wildList.indexOf(symbol) != -1): null

2019-08-15 16:24:37 - [TEST_STEP][PASSED] - if (i == 3 &amp;&amp; wildList.indexOf(symbol) != -1): null

2019-08-15 16:24:37 - [TEST_STEP][PASSED] - if (i == 4 &amp;&amp; wildList.indexOf(symbol) != -1): null

2019-08-15 16:24:37 - [TEST_STEP][PASSED] - symbol = symbol: null

2019-08-15 16:24:37 - [TEST_STEP][PASSED] - println(symbol): null

2019-08-15 16:24:37 - [TEST_STEP][PASSED] - if (i == 2 &amp;&amp; wildList.indexOf(symbol) != -1): null

2019-08-15 16:24:37 - [TEST_STEP][PASSED] - if (i == 3 &amp;&amp; wildList.indexOf(symbol) != -1): null

2019-08-15 16:24:37 - [TEST_STEP][PASSED] - if (i == 4 &amp;&amp; wildList.indexOf(symbol) != -1): null

2019-08-15 16:24:37 - [TEST_STEP][PASSED] - symbol = symbol: null

2019-08-15 16:24:37 - [TEST_STEP][PASSED] - println(symbol): null

2019-08-15 16:24:37 - [TEST_STEP][PASSED] - if (i == 2 &amp;&amp; wildList.indexOf(symbol) != -1): null

2019-08-15 16:24:37 - [TEST_STEP][PASSED] - if (i == 3 &amp;&amp; wildList.indexOf(symbol) != -1): null

2019-08-15 16:24:37 - [TEST_STEP][PASSED] - println("wild found on reel 4, adding counter by 1"): null

2019-08-15 16:24:37 - [TEST_STEP][PASSED] - free_spin_reel_counter[1] = free_spin_reel_counter[1] + 1: null

2019-08-15 16:24:37 - [TEST_STEP][PASSED] - if (i == 4 &amp;&amp; wildList.indexOf(symbol) != -1): null

2019-08-15 16:24:37 - [TEST_STEP][PASSED] - symbols = symbols: null

2019-08-15 16:24:37 - [TEST_STEP][PASSED] - for ([j = 0, j &lt; symbols.size(), (j++)]): null

2019-08-15 16:24:37 - [TEST_STEP][PASSED] - symbol = symbol: null

2019-08-15 16:24:37 - [TEST_STEP][PASSED] - println(symbol): null

2019-08-15 16:24:37 - [TEST_STEP][PASSED] - if (i == 2 &amp;&amp; wildList.indexOf(symbol) != -1): null

2019-08-15 16:24:37 - [TEST_STEP][PASSED] - if (i == 3 &amp;&amp; wildList.indexOf(symbol) != -1): null

2019-08-15 16:24:37 - [TEST_STEP][PASSED] - if (i == 4 &amp;&amp; wildList.indexOf(symbol) != -1): null

2019-08-15 16:24:37 - [TEST_STEP][PASSED] - symbol = symbol: null

2019-08-15 16:24:37 - [TEST_STEP][PASSED] - println(symbol): null

2019-08-15 16:24:37 - [TEST_STEP][PASSED] - if (i == 2 &amp;&amp; wildList.indexOf(symbol) != -1): null

2019-08-15 16:24:37 - [TEST_STEP][PASSED] - if (i == 3 &amp;&amp; wildList.indexOf(symbol) != -1): null

2019-08-15 16:24:37 - [TEST_STEP][PASSED] - if (i == 4 &amp;&amp; wildList.indexOf(symbol) != -1): null

2019-08-15 16:24:37 - [TEST_STEP][PASSED] - symbol = symbol: null

2019-08-15 16:24:37 - [TEST_STEP][PASSED] - println(symbol): null

2019-08-15 16:24:37 - [TEST_STEP][PASSED] - if (i == 2 &amp;&amp; wildList.indexOf(symbol) != -1): null

2019-08-15 16:24:37 - [TEST_STEP][PASSED] - if (i == 3 &amp;&amp; wildList.indexOf(symbol) != -1): null

2019-08-15 16:24:37 - [TEST_STEP][PASSED] - if (i == 4 &amp;&amp; wildList.indexOf(symbol) != -1): null

2019-08-15 16:24:37 - [TEST_STEP][PASSED] - free_spin_reel_counter = free_spin_reel_counter: null

2019-08-15 16:24:37 - [TEST_STEP][PASSED] - println("reel 3 wild found: " + free_spin_reel_counter[0]): null

2019-08-15 16:24:37 - [TEST_STEP][PASSED] - println("reel 4 wild found: " + free_spin_reel_counter[1]): null

2019-08-15 16:24:37 - [TEST_STEP][PASSED] - println("reel 5 wild found: " + free_spin_reel_counter[2]): null

2019-08-15 16:24:37 - [TEST_STEP][PASSED] - M4_spin_reels = M4_spin_reels: null

2019-08-15 16:24:37 - [TEST_STEP][PASSED] - M4_spin_reels_symbols = symbol: null

2019-08-15 16:24:37 - [TEST_STEP][PASSED] - M4_spin_reels_symbols = M4_spin_reels_symbols: null

2019-08-15 16:24:37 - [TEST_STEP][PASSED] - M4_spin_reel_wins = reel_wins: null

2019-08-15 16:24:37 - [TEST_STEP][PASSED] - M4_spin_reel_wins = M4_spin_reel_wins: null

2019-08-15 16:24:37 - [TEST_STEP][PASSED] - println("GlobalVariable.M4_spin_reel_wins is: " + M4_spin_reel_wins): null

2019-08-15 16:24:37 - [TEST_STEP][PASSED] - M4_spin_total_bonus_win_this_round = total_bonus_win_this_round: null

2019-08-15 16:24:37 - [TEST_STEP][PASSED] - M4_spin_total_bonus_win_this_round = M4_spin_total_bonus_win_this_round: null

2019-08-15 16:24:37 - [TEST_STEP][PASSED] - println("GlobalVariable.M4_spin_total_bonus_win_this_round is: " + M4_spin_total_bonus_win_this_round): null

2019-08-15 16:24:37 - [MESSAGE][PASSED] - Verify response successfully

2019-08-15 16:24:37 - [MESSAGE][PASSED] - Send request and verify the response successfully

2019-08-15 16:24:37 - [TEST_STEP][PASSED] - if (M4_total_bonus_spins_int != 0 &amp;&amp; M4_spin_reels_symbols[2].contains("WILD_Normal") || M4_spin_reels_symbols[3].contains("WILD_Normal") || M4_spin_reels_symbols[4].contains("WILD_Normal")): null

2019-08-15 16:24:37 - [TEST_STEP][PASSED] - free_spin_reel_counter = free_spin_reel_counter: null

2019-08-15 16:24:37 - [TEST_STEP][PASSED] - M4_spin_reels_symbols = M4_spin_reels_symbols: null

2019-08-15 16:24:37 - [TEST_STEP][PASSED] - M4_total_bonus_spins = M4_total_bonus_spins: null

2019-08-15 16:24:37 - [TEST_STEP][PASSED] - spin_result = sendRequestAndVerify(findTestObject("STG/RGS(M4)/1_M4_spin", ["M4_login_user_id":M4_login_user_id, "rgs_session_token":rgs_session_token, "partner":Partner])): Send request and verify the response successfully

2019-08-15 16:24:37 - [TEST_CASE][PASSED] - Start Test Case : Verification: Verification accomplished successfully

2019-08-15 16:24:37 - [TEST_STEP][PASSED] - request = getInstance().getCurrentRequest(): null

2019-08-15 16:24:37 - [TEST_STEP][PASSED] - response = getInstance().getCurrentResponse(): null

2019-08-15 16:24:37 - [TEST_STEP][PASSED] - verifyResponseStatusCode(response, 200): Verify response status code successfully

2019-08-15 16:24:37 - [MESSAGE][PASSED] - Verify response status code successfully

2019-08-15 16:24:37 - [TEST_STEP][PASSED] - getStatusCode()).isEqualTo(200): null

2019-08-15 16:24:37 - [TEST_STEP][PASSED] - newline = System.getProperty("line.separator"): null

2019-08-15 16:24:37 - [TEST_STEP][PASSED] - M4_spin = new groovy.json.JsonSlurper(): null

2019-08-15 16:24:37 - [TEST_STEP][PASSED] - result_M4_spin = M4_spin.parseText(response.getResponseBodyContent()): null

2019-08-15 16:24:37 - [TEST_STEP][PASSED] - M4_spin_current_balance = current_balance: null

2019-08-15 16:24:37 - [TEST_STEP][PASSED] - M4_spin_current_balance = M4_spin_current_balance: null

2019-08-15 16:24:37 - [TEST_STEP][PASSED] - M4_spin_transaction_id = causality: null

2019-08-15 16:24:37 - [TEST_STEP][PASSED] - M4_spin_transaction_id = M4_spin_transaction_id: null

2019-08-15 16:24:37 - [TEST_STEP][PASSED] - M4_spin_round_id = round_id: null

2019-08-15 16:24:37 - [TEST_STEP][PASSED] - M4_spin_round_id = M4_spin_round_id: null

2019-08-15 16:24:37 - [TEST_STEP][PASSED] - M4_spin_line_wins = line_wins: null

2019-08-15 16:24:37 - [TEST_STEP][PASSED] - M4_spin_line_wins = M4_spin_line_wins: null

2019-08-15 16:24:37 - [TEST_STEP][PASSED] - M4_total_bonus_spins_int = total_bonus_spins: null

2019-08-15 16:24:37 - [TEST_STEP][PASSED] - println("******M4_total_bonus_spins type is:*******" + newline + getClass().getName()): null

2019-08-15 16:24:37 - [TEST_STEP][PASSED] - M4_total_bonus_spins_int = M4_total_bonus_spins_int: null

2019-08-15 16:24:37 - [TEST_STEP][PASSED] - M4_total_bonus_spins = Integer.toString(M4_total_bonus_spins_int): null

2019-08-15 16:24:37 - [TEST_STEP][PASSED] - M4_total_bonus_spins = M4_total_bonus_spins: null

2019-08-15 16:24:37 - [TEST_STEP][PASSED] - println("M4_total_bonus_spins is:" + M4_total_bonus_spins): null

2019-08-15 16:24:37 - [TEST_STEP][PASSED] - M4_spin_bonus_data = bonus_data: null

2019-08-15 16:24:37 - [TEST_STEP][PASSED] - M4_spin_features_triggered = result_M4_spin: null

2019-08-15 16:24:37 - [TEST_STEP][PASSED] - wild = []: null

2019-08-15 16:24:37 - [TEST_STEP][PASSED] - wild[0] = "WILD_Expanding": null

2019-08-15 16:24:37 - [TEST_STEP][PASSED] - wild[1] = "WILD_Normal": null

2019-08-15 16:24:37 - [TEST_STEP][PASSED] - wild[2] = "WILD_Double": null

2019-08-15 16:24:37 - [TEST_STEP][PASSED] - wild[3] = "WILD_ExtraFG": null

2019-08-15 16:24:37 - [TEST_STEP][PASSED] - wild[4] = "WILD_Triple": null

2019-08-15 16:24:37 - [TEST_STEP][PASSED] - wildList = Arrays.asList(wild): null

2019-08-15 16:24:37 - [TEST_STEP][PASSED] - wildList = wildList: null

2019-08-15 16:24:37 - [TEST_STEP][PASSED] - free_spin_reel_counter = []: null

2019-08-15 16:24:37 - [TEST_STEP][PASSED] - free_spin_reel_counter[0] = 0: null

2019-08-15 16:24:37 - [TEST_STEP][PASSED] - free_spin_reel_counter[1] = 0: null

2019-08-15 16:24:37 - [TEST_STEP][PASSED] - free_spin_reel_counter[2] = 0: null

2019-08-15 16:24:37 - [TEST_STEP][PASSED] - M4_spin_reels = reels: null

2019-08-15 16:24:37 - [TEST_STEP][PASSED] - for ([i = 0, i &lt; M4_spin_reels.size(), (i++)]): null

2019-08-15 16:24:37 - [TEST_STEP][PASSED] - symbols = symbols: null

2019-08-15 16:24:37 - [TEST_STEP][PASSED] - for ([j = 0, j &lt; symbols.size(), (j++)]): null

2019-08-15 16:24:37 - [TEST_STEP][PASSED] - symbol = symbol: null

2019-08-15 16:24:37 - [TEST_STEP][PASSED] - println(symbol): null

2019-08-15 16:24:37 - [TEST_STEP][PASSED] - if (i == 2 &amp;&amp; wildList.indexOf(symbol) != -1): null

2019-08-15 16:24:37 - [TEST_STEP][PASSED] - if (i == 3 &amp;&amp; wildList.indexOf(symbol) != -1): null

2019-08-15 16:24:37 - [TEST_STEP][PASSED] - if (i == 4 &amp;&amp; wildList.indexOf(symbol) != -1): null

2019-08-15 16:24:37 - [TEST_STEP][PASSED] - symbol = symbol: null

2019-08-15 16:24:37 - [TEST_STEP][PASSED] - println(symbol): null

2019-08-15 16:24:37 - [TEST_STEP][PASSED] - if (i == 2 &amp;&amp; wildList.indexOf(symbol) != -1): null

2019-08-15 16:24:37 - [TEST_STEP][PASSED] - if (i == 3 &amp;&amp; wildList.indexOf(symbol) != -1): null

2019-08-15 16:24:37 - [TEST_STEP][PASSED] - if (i == 4 &amp;&amp; wildList.indexOf(symbol) != -1): null

2019-08-15 16:24:37 - [TEST_STEP][PASSED] - symbol = symbol: null

2019-08-15 16:24:37 - [TEST_STEP][PASSED] - println(symbol): null

2019-08-15 16:24:37 - [TEST_STEP][PASSED] - if (i == 2 &amp;&amp; wildList.indexOf(symbol) != -1): null

2019-08-15 16:24:37 - [TEST_STEP][PASSED] - if (i == 3 &amp;&amp; wildList.indexOf(symbol) != -1): null

2019-08-15 16:24:37 - [TEST_STEP][PASSED] - if (i == 4 &amp;&amp; wildList.indexOf(symbol) != -1): null

2019-08-15 16:24:37 - [TEST_STEP][PASSED] - symbols = symbols: null

2019-08-15 16:24:37 - [TEST_STEP][PASSED] - for ([j = 0, j &lt; symbols.size(), (j++)]): null

2019-08-15 16:24:37 - [TEST_STEP][PASSED] - symbol = symbol: null

2019-08-15 16:24:37 - [TEST_STEP][PASSED] - println(symbol): null

2019-08-15 16:24:37 - [TEST_STEP][PASSED] - if (i == 2 &amp;&amp; wildList.indexOf(symbol) != -1): null

2019-08-15 16:24:37 - [TEST_STEP][PASSED] - if (i == 3 &amp;&amp; wildList.indexOf(symbol) != -1): null

2019-08-15 16:24:37 - [TEST_STEP][PASSED] - if (i == 4 &amp;&amp; wildList.indexOf(symbol) != -1): null

2019-08-15 16:24:37 - [TEST_STEP][PASSED] - symbol = symbol: null

2019-08-15 16:24:37 - [TEST_STEP][PASSED] - println(symbol): null

2019-08-15 16:24:37 - [TEST_STEP][PASSED] - if (i == 2 &amp;&amp; wildList.indexOf(symbol) != -1): null

2019-08-15 16:24:37 - [TEST_STEP][PASSED] - if (i == 3 &amp;&amp; wildList.indexOf(symbol) != -1): null

2019-08-15 16:24:37 - [TEST_STEP][PASSED] - if (i == 4 &amp;&amp; wildList.indexOf(symbol) != -1): null

2019-08-15 16:24:37 - [TEST_STEP][PASSED] - symbol = symbol: null

2019-08-15 16:24:37 - [TEST_STEP][PASSED] - println(symbol): null

2019-08-15 16:24:37 - [TEST_STEP][PASSED] - if (i == 2 &amp;&amp; wildList.indexOf(symbol) != -1): null

2019-08-15 16:24:37 - [TEST_STEP][PASSED] - if (i == 3 &amp;&amp; wildList.indexOf(symbol) != -1): null

2019-08-15 16:24:37 - [TEST_STEP][PASSED] - if (i == 4 &amp;&amp; wildList.indexOf(symbol) != -1): null

2019-08-15 16:24:37 - [TEST_STEP][PASSED] - symbols = symbols: null

2019-08-15 16:24:37 - [TEST_STEP][PASSED] - for ([j = 0, j &lt; symbols.size(), (j++)]): null

2019-08-15 16:24:37 - [TEST_STEP][PASSED] - symbol = symbol: null

2019-08-15 16:24:37 - [TEST_STEP][PASSED] - println(symbol): null

2019-08-15 16:24:37 - [TEST_STEP][PASSED] - if (i == 2 &amp;&amp; wildList.indexOf(symbol) != -1): null

2019-08-15 16:24:37 - [TEST_STEP][PASSED] - if (i == 3 &amp;&amp; wildList.indexOf(symbol) != -1): null

2019-08-15 16:24:37 - [TEST_STEP][PASSED] - if (i == 4 &amp;&amp; wildList.indexOf(symbol) != -1): null

2019-08-15 16:24:37 - [TEST_STEP][PASSED] - symbol = symbol: null

2019-08-15 16:24:37 - [TEST_STEP][PASSED] - println(symbol): null

2019-08-15 16:24:37 - [TEST_STEP][PASSED] - if (i == 2 &amp;&amp; wildList.indexOf(symbol) != -1): null

2019-08-15 16:24:37 - [TEST_STEP][PASSED] - if (i == 3 &amp;&amp; wildList.indexOf(symbol) != -1): null

2019-08-15 16:24:37 - [TEST_STEP][PASSED] - if (i == 4 &amp;&amp; wildList.indexOf(symbol) != -1): null

2019-08-15 16:24:37 - [TEST_STEP][PASSED] - symbol = symbol: null

2019-08-15 16:24:37 - [TEST_STEP][PASSED] - println(symbol): null

2019-08-15 16:24:37 - [TEST_STEP][PASSED] - if (i == 2 &amp;&amp; wildList.indexOf(symbol) != -1): null

2019-08-15 16:24:37 - [TEST_STEP][PASSED] - println("wild found on reel 3, adding counter by 1"): null

2019-08-15 16:24:37 - [TEST_STEP][PASSED] - free_spin_reel_counter[0] = free_spin_reel_counter[0] + 1: null

2019-08-15 16:24:37 - [TEST_STEP][PASSED] - if (i == 3 &amp;&amp; wildList.indexOf(symbol) != -1): null

2019-08-15 16:24:37 - [TEST_STEP][PASSED] - if (i == 4 &amp;&amp; wildList.indexOf(symbol) != -1): null

2019-08-15 16:24:37 - [TEST_STEP][PASSED] - symbols = symbols: null

2019-08-15 16:24:37 - [TEST_STEP][PASSED] - for ([j = 0, j &lt; symbols.size(), (j++)]): null

2019-08-15 16:24:37 - [TEST_STEP][PASSED] - symbol = symbol: null

2019-08-15 16:24:37 - [TEST_STEP][PASSED] - println(symbol): null

2019-08-15 16:24:37 - [TEST_STEP][PASSED] - if (i == 2 &amp;&amp; wildList.indexOf(symbol) != -1): null

2019-08-15 16:24:37 - [TEST_STEP][PASSED] - if (i == 3 &amp;&amp; wildList.indexOf(symbol) != -1): null

2019-08-15 16:24:37 - [TEST_STEP][PASSED] - if (i == 4 &amp;&amp; wildList.indexOf(symbol) != -1): null

2019-08-15 16:24:37 - [TEST_STEP][PASSED] - symbol = symbol: null

2019-08-15 16:24:37 - [TEST_STEP][PASSED] - println(symbol): null

2019-08-15 16:24:37 - [TEST_STEP][PASSED] - if (i == 2 &amp;&amp; wildList.indexOf(symbol) != -1): null

2019-08-15 16:24:37 - [TEST_STEP][PASSED] - if (i == 3 &amp;&amp; wildList.indexOf(symbol) != -1): null

2019-08-15 16:24:37 - [TEST_STEP][PASSED] - if (i == 4 &amp;&amp; wildList.indexOf(symbol) != -1): null

2019-08-15 16:24:37 - [TEST_STEP][PASSED] - symbol = symbol: null

2019-08-15 16:24:37 - [TEST_STEP][PASSED] - println(symbol): null

2019-08-15 16:24:37 - [TEST_STEP][PASSED] - if (i == 2 &amp;&amp; wildList.indexOf(symbol) != -1): null

2019-08-15 16:24:37 - [TEST_STEP][PASSED] - if (i == 3 &amp;&amp; wildList.indexOf(symbol) != -1): null

2019-08-15 16:24:37 - [TEST_STEP][PASSED] - if (i == 4 &amp;&amp; wildList.indexOf(symbol) != -1): null

2019-08-15 16:24:37 - [TEST_STEP][PASSED] - symbols = symbols: null

2019-08-15 16:24:37 - [TEST_STEP][PASSED] - for ([j = 0, j &lt; symbols.size(), (j++)]): null

2019-08-15 16:24:37 - [TEST_STEP][PASSED] - symbol = symbol: null

2019-08-15 16:24:37 - [TEST_STEP][PASSED] - println(symbol): null

2019-08-15 16:24:37 - [TEST_STEP][PASSED] - if (i == 2 &amp;&amp; wildList.indexOf(symbol) != -1): null

2019-08-15 16:24:37 - [TEST_STEP][PASSED] - if (i == 3 &amp;&amp; wildList.indexOf(symbol) != -1): null

2019-08-15 16:24:37 - [TEST_STEP][PASSED] - if (i == 4 &amp;&amp; wildList.indexOf(symbol) != -1): null

2019-08-15 16:24:37 - [TEST_STEP][PASSED] - symbol = symbol: null

2019-08-15 16:24:37 - [TEST_STEP][PASSED] - println(symbol): null

2019-08-15 16:24:37 - [TEST_STEP][PASSED] - if (i == 2 &amp;&amp; wildList.indexOf(symbol) != -1): null

2019-08-15 16:24:37 - [TEST_STEP][PASSED] - if (i == 3 &amp;&amp; wildList.indexOf(symbol) != -1): null

2019-08-15 16:24:37 - [TEST_STEP][PASSED] - if (i == 4 &amp;&amp; wildList.indexOf(symbol) != -1): null

2019-08-15 16:24:37 - [TEST_STEP][PASSED] - symbol = symbol: null

2019-08-15 16:24:37 - [TEST_STEP][PASSED] - println(symbol): null

2019-08-15 16:24:37 - [TEST_STEP][PASSED] - if (i == 2 &amp;&amp; wildList.indexOf(symbol) != -1): null

2019-08-15 16:24:37 - [TEST_STEP][PASSED] - if (i == 3 &amp;&amp; wildList.indexOf(symbol) != -1): null

2019-08-15 16:24:37 - [TEST_STEP][PASSED] - if (i == 4 &amp;&amp; wildList.indexOf(symbol) != -1): null

2019-08-15 16:24:37 - [TEST_STEP][PASSED] - println("wild found on reel 5, adding counter by 1"): null

2019-08-15 16:24:37 - [TEST_STEP][PASSED] - free_spin_reel_counter[2] = free_spin_reel_counter[2] + 1: null

2019-08-15 16:24:37 - [TEST_STEP][PASSED] - free_spin_reel_counter = free_spin_reel_counter: null

2019-08-15 16:24:37 - [TEST_STEP][PASSED] - println("reel 3 wild found: " + free_spin_reel_counter[0]): null

2019-08-15 16:24:37 - [TEST_STEP][PASSED] - println("reel 4 wild found: " + free_spin_reel_counter[1]): null

2019-08-15 16:24:37 - [TEST_STEP][PASSED] - println("reel 5 wild found: " + free_spin_reel_counter[2]): null

2019-08-15 16:24:37 - [TEST_STEP][PASSED] - M4_spin_reels = M4_spin_reels: null

2019-08-15 16:24:37 - [TEST_STEP][PASSED] - M4_spin_reels_symbols = symbol: null

2019-08-15 16:24:37 - [TEST_STEP][PASSED] - M4_spin_reels_symbols = M4_spin_reels_symbols: null

2019-08-15 16:24:37 - [TEST_STEP][PASSED] - M4_spin_reel_wins = reel_wins: null

2019-08-15 16:24:37 - [TEST_STEP][PASSED] - M4_spin_reel_wins = M4_spin_reel_wins: null

2019-08-15 16:24:37 - [TEST_STEP][PASSED] - println("GlobalVariable.M4_spin_reel_wins is: " + M4_spin_reel_wins): null

2019-08-15 16:24:37 - [TEST_STEP][PASSED] - M4_spin_total_bonus_win_this_round = total_bonus_win_this_round: null

2019-08-15 16:24:37 - [TEST_STEP][PASSED] - M4_spin_total_bonus_win_this_round = M4_spin_total_bonus_win_this_round: null

2019-08-15 16:24:37 - [TEST_STEP][PASSED] - println("GlobalVariable.M4_spin_total_bonus_win_this_round is: " + M4_spin_total_bonus_win_this_round): null

2019-08-15 16:24:37 - [MESSAGE][PASSED] - Verify response successfully

2019-08-15 16:24:37 - [MESSAGE][PASSED] - Send request and verify the response successfully

2019-08-15 16:24:37 - [TEST_STEP][PASSED] - if (M4_total_bonus_spins_int != 0 &amp;&amp; M4_spin_reels_symbols[2].contains("WILD_Normal") || M4_spin_reels_symbols[3].contains("WILD_Normal") || M4_spin_reels_symbols[4].contains("WILD_Normal")): null

2019-08-15 16:24:37 - [TEST_STEP][PASSED] - free_spin_reel_counter = free_spin_reel_counter: null

2019-08-15 16:24:37 - [TEST_STEP][PASSED] - M4_spin_reels_symbols = M4_spin_reels_symbols: null

2019-08-15 16:24:37 - [TEST_STEP][PASSED] - M4_total_bonus_spins = M4_total_bonus_spins: null

2019-08-15 16:24:37 - [TEST_STEP][PASSED] - spin_result = sendRequestAndVerify(findTestObject("STG/RGS(M4)/1_M4_spin", ["M4_login_user_id":M4_login_user_id, "rgs_session_token":rgs_session_token, "partner":Partner])): Send request and verify the response successfully

2019-08-15 16:24:37 - [TEST_CASE][PASSED] - Start Test Case : Verification: Verification accomplished successfully

2019-08-15 16:24:37 - [TEST_STEP][PASSED] - request = getInstance().getCurrentRequest(): null

2019-08-15 16:24:37 - [TEST_STEP][PASSED] - response = getInstance().getCurrentResponse(): null

2019-08-15 16:24:37 - [TEST_STEP][PASSED] - verifyResponseStatusCode(response, 200): Verify response status code successfully

2019-08-15 16:24:37 - [MESSAGE][PASSED] - Verify response status code successfully

2019-08-15 16:24:37 - [TEST_STEP][PASSED] - getStatusCode()).isEqualTo(200): null

2019-08-15 16:24:37 - [TEST_STEP][PASSED] - newline = System.getProperty("line.separator"): null

2019-08-15 16:24:37 - [TEST_STEP][PASSED] - M4_spin = new groovy.json.JsonSlurper(): null

2019-08-15 16:24:37 - [TEST_STEP][PASSED] - result_M4_spin = M4_spin.parseText(response.getResponseBodyContent()): null

2019-08-15 16:24:37 - [TEST_STEP][PASSED] - M4_spin_current_balance = current_balance: null

2019-08-15 16:24:37 - [TEST_STEP][PASSED] - M4_spin_current_balance = M4_spin_current_balance: null

2019-08-15 16:24:37 - [TEST_STEP][PASSED] - M4_spin_transaction_id = causality: null

2019-08-15 16:24:37 - [TEST_STEP][PASSED] - M4_spin_transaction_id = M4_spin_transaction_id: null

2019-08-15 16:24:37 - [TEST_STEP][PASSED] - M4_spin_round_id = round_id: null

2019-08-15 16:24:37 - [TEST_STEP][PASSED] - M4_spin_round_id = M4_spin_round_id: null

2019-08-15 16:24:37 - [TEST_STEP][PASSED] - M4_spin_line_wins = line_wins: null

2019-08-15 16:24:37 - [TEST_STEP][PASSED] - M4_spin_line_wins = M4_spin_line_wins: null

2019-08-15 16:24:37 - [TEST_STEP][PASSED] - M4_total_bonus_spins_int = total_bonus_spins: null

2019-08-15 16:24:37 - [TEST_STEP][PASSED] - println("******M4_total_bonus_spins type is:*******" + newline + getClass().getName()): null

2019-08-15 16:24:37 - [TEST_STEP][PASSED] - M4_total_bonus_spins_int = M4_total_bonus_spins_int: null

2019-08-15 16:24:37 - [TEST_STEP][PASSED] - M4_total_bonus_spins = Integer.toString(M4_total_bonus_spins_int): null

2019-08-15 16:24:37 - [TEST_STEP][PASSED] - M4_total_bonus_spins = M4_total_bonus_spins: null

2019-08-15 16:24:37 - [TEST_STEP][PASSED] - println("M4_total_bonus_spins is:" + M4_total_bonus_spins): null

2019-08-15 16:24:37 - [TEST_STEP][PASSED] - M4_spin_bonus_data = bonus_data: null

2019-08-15 16:24:37 - [TEST_STEP][PASSED] - M4_spin_features_triggered = result_M4_spin: null

2019-08-15 16:24:37 - [TEST_STEP][PASSED] - wild = []: null

2019-08-15 16:24:37 - [TEST_STEP][PASSED] - wild[0] = "WILD_Expanding": null

2019-08-15 16:24:37 - [TEST_STEP][PASSED] - wild[1] = "WILD_Normal": null

2019-08-15 16:24:37 - [TEST_STEP][PASSED] - wild[2] = "WILD_Double": null

2019-08-15 16:24:37 - [TEST_STEP][PASSED] - wild[3] = "WILD_ExtraFG": null

2019-08-15 16:24:37 - [TEST_STEP][PASSED] - wild[4] = "WILD_Triple": null

2019-08-15 16:24:37 - [TEST_STEP][PASSED] - wildList = Arrays.asList(wild): null

2019-08-15 16:24:37 - [TEST_STEP][PASSED] - wildList = wildList: null

2019-08-15 16:24:37 - [TEST_STEP][PASSED] - free_spin_reel_counter = []: null

2019-08-15 16:24:37 - [TEST_STEP][PASSED] - free_spin_reel_counter[0] = 0: null

2019-08-15 16:24:37 - [TEST_STEP][PASSED] - free_spin_reel_counter[1] = 0: null

2019-08-15 16:24:37 - [TEST_STEP][PASSED] - free_spin_reel_counter[2] = 0: null

2019-08-15 16:24:37 - [TEST_STEP][PASSED] - M4_spin_reels = reels: null

2019-08-15 16:24:37 - [TEST_STEP][PASSED] - for ([i = 0, i &lt; M4_spin_reels.size(), (i++)]): null

2019-08-15 16:24:37 - [TEST_STEP][PASSED] - symbols = symbols: null

2019-08-15 16:24:37 - [TEST_STEP][PASSED] - for ([j = 0, j &lt; symbols.size(), (j++)]): null

2019-08-15 16:24:37 - [TEST_STEP][PASSED] - symbol = symbol: null

2019-08-15 16:24:37 - [TEST_STEP][PASSED] - println(symbol): null

2019-08-15 16:24:37 - [TEST_STEP][PASSED] - if (i == 2 &amp;&amp; wildList.indexOf(symbol) != -1): null

2019-08-15 16:24:37 - [TEST_STEP][PASSED] - if (i == 3 &amp;&amp; wildList.indexOf(symbol) != -1): null

2019-08-15 16:24:37 - [TEST_STEP][PASSED] - if (i == 4 &amp;&amp; wildList.indexOf(symbol) != -1): null

2019-08-15 16:24:37 - [TEST_STEP][PASSED] - symbol = symbol: null

2019-08-15 16:24:37 - [TEST_STEP][PASSED] - println(symbol): null

2019-08-15 16:24:37 - [TEST_STEP][PASSED] - if (i == 2 &amp;&amp; wildList.indexOf(symbol) != -1): null

2019-08-15 16:24:37 - [TEST_STEP][PASSED] - if (i == 3 &amp;&amp; wildList.indexOf(symbol) != -1): null

2019-08-15 16:24:37 - [TEST_STEP][PASSED] - if (i == 4 &amp;&amp; wildList.indexOf(symbol) != -1): null

2019-08-15 16:24:37 - [TEST_STEP][PASSED] - symbol = symbol: null

2019-08-15 16:24:37 - [TEST_STEP][PASSED] - println(symbol): null

2019-08-15 16:24:37 - [TEST_STEP][PASSED] - if (i == 2 &amp;&amp; wildList.indexOf(symbol) != -1): null

2019-08-15 16:24:37 - [TEST_STEP][PASSED] - if (i == 3 &amp;&amp; wildList.indexOf(symbol) != -1): null

2019-08-15 16:24:37 - [TEST_STEP][PASSED] - if (i == 4 &amp;&amp; wildList.indexOf(symbol) != -1): null

2019-08-15 16:24:37 - [TEST_STEP][PASSED] - symbols = symbols: null

2019-08-15 16:24:37 - [TEST_STEP][PASSED] - for ([j = 0, j &lt; symbols.size(), (j++)]): null

2019-08-15 16:24:37 - [TEST_STEP][PASSED] - symbol = symbol: null

2019-08-15 16:24:37 - [TEST_STEP][PASSED] - println(symbol): null

2019-08-15 16:24:37 - [TEST_STEP][PASSED] - if (i == 2 &amp;&amp; wildList.indexOf(symbol) != -1): null

2019-08-15 16:24:37 - [TEST_STEP][PASSED] - if (i == 3 &amp;&amp; wildList.indexOf(symbol) != -1): null

2019-08-15 16:24:37 - [TEST_STEP][PASSED] - if (i == 4 &amp;&amp; wildList.indexOf(symbol) != -1): null

2019-08-15 16:24:37 - [TEST_STEP][PASSED] - symbol = symbol: null

2019-08-15 16:24:37 - [TEST_STEP][PASSED] - println(symbol): null

2019-08-15 16:24:37 - [TEST_STEP][PASSED] - if (i == 2 &amp;&amp; wildList.indexOf(symbol) != -1): null

2019-08-15 16:24:37 - [TEST_STEP][PASSED] - if (i == 3 &amp;&amp; wildList.indexOf(symbol) != -1): null

2019-08-15 16:24:37 - [TEST_STEP][PASSED] - if (i == 4 &amp;&amp; wildList.indexOf(symbol) != -1): null

2019-08-15 16:24:37 - [TEST_STEP][PASSED] - symbol = symbol: null

2019-08-15 16:24:37 - [TEST_STEP][PASSED] - println(symbol): null

2019-08-15 16:24:37 - [TEST_STEP][PASSED] - if (i == 2 &amp;&amp; wildList.indexOf(symbol) != -1): null

2019-08-15 16:24:37 - [TEST_STEP][PASSED] - if (i == 3 &amp;&amp; wildList.indexOf(symbol) != -1): null

2019-08-15 16:24:37 - [TEST_STEP][PASSED] - if (i == 4 &amp;&amp; wildList.indexOf(symbol) != -1): null

2019-08-15 16:24:37 - [TEST_STEP][PASSED] - symbols = symbols: null

2019-08-15 16:24:37 - [TEST_STEP][PASSED] - for ([j = 0, j &lt; symbols.size(), (j++)]): null

2019-08-15 16:24:37 - [TEST_STEP][PASSED] - symbol = symbol: null

2019-08-15 16:24:37 - [TEST_STEP][PASSED] - println(symbol): null

2019-08-15 16:24:41 - [TEST_STEP][PASSED] - if (i == 2 &amp;&amp; wildList.indexOf(symbol) != -1): null

2019-08-15 16:24:41 - [TEST_STEP][PASSED] - if (i == 3 &amp;&amp; wildList.indexOf(symbol) != -1): null

2019-08-15 16:24:41 - [TEST_STEP][PASSED] - if (i == 4 &amp;&amp; wildList.indexOf(symbol) != -1): null

2019-08-15 16:24:41 - [TEST_STEP][PASSED] - symbol = symbol: null

2019-08-15 16:24:41 - [TEST_STEP][PASSED] - println(symbol): null

2019-08-15 16:24:41 - [TEST_STEP][PASSED] - if (i == 2 &amp;&amp; wildList.indexOf(symbol) != -1): null

2019-08-15 16:24:41 - [TEST_STEP][PASSED] - if (i == 3 &amp;&amp; wildList.indexOf(symbol) != -1): null

2019-08-15 16:24:41 - [TEST_STEP][PASSED] - if (i == 4 &amp;&amp; wildList.indexOf(symbol) != -1): null

2019-08-15 16:24:41 - [TEST_STEP][PASSED] - symbol = symbol: null

2019-08-15 16:24:41 - [TEST_STEP][PASSED] - println(symbol): null

2019-08-15 16:24:41 - [TEST_STEP][PASSED] - if (i == 2 &amp;&amp; wildList.indexOf(symbol) != -1): null

2019-08-15 16:24:41 - [TEST_STEP][PASSED] - if (i == 3 &amp;&amp; wildList.indexOf(symbol) != -1): null

2019-08-15 16:24:41 - [TEST_STEP][PASSED] - if (i == 4 &amp;&amp; wildList.indexOf(symbol) != -1): null

2019-08-15 16:24:41 - [TEST_STEP][PASSED] - symbols = symbols: null

2019-08-15 16:24:41 - [TEST_STEP][PASSED] - for ([j = 0, j &lt; symbols.size(), (j++)]): null

2019-08-15 16:24:41 - [TEST_STEP][PASSED] - symbol = symbol: null

2019-08-15 16:24:41 - [TEST_STEP][PASSED] - println(symbol): null

2019-08-15 16:24:41 - [TEST_STEP][PASSED] - if (i == 2 &amp;&amp; wildList.indexOf(symbol) != -1): null

2019-08-15 16:24:41 - [TEST_STEP][PASSED] - if (i == 3 &amp;&amp; wildList.indexOf(symbol) != -1): null

2019-08-15 16:24:41 - [TEST_STEP][PASSED] - if (i == 4 &amp;&amp; wildList.indexOf(symbol) != -1): null

2019-08-15 16:24:41 - [TEST_STEP][PASSED] - symbol = symbol: null

2019-08-15 16:24:41 - [TEST_STEP][PASSED] - println(symbol): null

2019-08-15 16:24:41 - [TEST_STEP][PASSED] - if (i == 2 &amp;&amp; wildList.indexOf(symbol) != -1): null

2019-08-15 16:24:41 - [TEST_STEP][PASSED] - if (i == 3 &amp;&amp; wildList.indexOf(symbol) != -1): null

2019-08-15 16:24:41 - [TEST_STEP][PASSED] - if (i == 4 &amp;&amp; wildList.indexOf(symbol) != -1): null

2019-08-15 16:24:41 - [TEST_STEP][PASSED] - symbol = symbol: null

2019-08-15 16:24:41 - [TEST_STEP][PASSED] - println(symbol): null

2019-08-15 16:24:41 - [TEST_STEP][PASSED] - if (i == 2 &amp;&amp; wildList.indexOf(symbol) != -1): null

2019-08-15 16:24:41 - [TEST_STEP][PASSED] - if (i == 3 &amp;&amp; wildList.indexOf(symbol) != -1): null

2019-08-15 16:24:41 - [TEST_STEP][PASSED] - if (i == 4 &amp;&amp; wildList.indexOf(symbol) != -1): null

2019-08-15 16:24:41 - [TEST_STEP][PASSED] - symbols = symbols: null

2019-08-15 16:24:41 - [TEST_STEP][PASSED] - for ([j = 0, j &lt; symbols.size(), (j++)]): null

2019-08-15 16:24:41 - [TEST_STEP][PASSED] - symbol = symbol: null

2019-08-15 16:24:41 - [TEST_STEP][PASSED] - println(symbol): null

2019-08-15 16:24:41 - [TEST_STEP][PASSED] - if (i == 2 &amp;&amp; wildList.indexOf(symbol) != -1): null

2019-08-15 16:24:41 - [TEST_STEP][PASSED] - if (i == 3 &amp;&amp; wildList.indexOf(symbol) != -1): null

2019-08-15 16:24:41 - [TEST_STEP][PASSED] - if (i == 4 &amp;&amp; wildList.indexOf(symbol) != -1): null

2019-08-15 16:24:41 - [TEST_STEP][PASSED] - symbol = symbol: null

2019-08-15 16:24:41 - [TEST_STEP][PASSED] - println(symbol): null

2019-08-15 16:24:41 - [TEST_STEP][PASSED] - if (i == 2 &amp;&amp; wildList.indexOf(symbol) != -1): null

2019-08-15 16:24:41 - [TEST_STEP][PASSED] - if (i == 3 &amp;&amp; wildList.indexOf(symbol) != -1): null

2019-08-15 16:24:41 - [TEST_STEP][PASSED] - if (i == 4 &amp;&amp; wildList.indexOf(symbol) != -1): null

2019-08-15 16:24:41 - [TEST_STEP][PASSED] - symbol = symbol: null

2019-08-15 16:24:41 - [TEST_STEP][PASSED] - println(symbol): null

2019-08-15 16:24:41 - [TEST_STEP][PASSED] - if (i == 2 &amp;&amp; wildList.indexOf(symbol) != -1): null

2019-08-15 16:24:41 - [TEST_STEP][PASSED] - if (i == 3 &amp;&amp; wildList.indexOf(symbol) != -1): null

2019-08-15 16:24:41 - [TEST_STEP][PASSED] - if (i == 4 &amp;&amp; wildList.indexOf(symbol) != -1): null

2019-08-15 16:24:41 - [TEST_STEP][PASSED] - free_spin_reel_counter = free_spin_reel_counter: null

2019-08-15 16:24:41 - [TEST_STEP][PASSED] - println("reel 3 wild found: " + free_spin_reel_counter[0]): null

2019-08-15 16:24:41 - [TEST_STEP][PASSED] - println("reel 4 wild found: " + free_spin_reel_counter[1]): null

2019-08-15 16:24:41 - [TEST_STEP][PASSED] - println("reel 5 wild found: " + free_spin_reel_counter[2]): null

2019-08-15 16:24:41 - [TEST_STEP][PASSED] - M4_spin_reels = M4_spin_reels: null

2019-08-15 16:24:41 - [TEST_STEP][PASSED] - M4_spin_reels_symbols = symbol: null

2019-08-15 16:24:41 - [TEST_STEP][PASSED] - M4_spin_reels_symbols = M4_spin_reels_symbols: null

2019-08-15 16:24:41 - [TEST_STEP][PASSED] - M4_spin_reel_wins = reel_wins: null

2019-08-15 16:24:41 - [TEST_STEP][PASSED] - M4_spin_reel_wins = M4_spin_reel_wins: null

2019-08-15 16:24:41 - [TEST_STEP][PASSED] - println("GlobalVariable.M4_spin_reel_wins is: " + M4_spin_reel_wins): null

2019-08-15 16:24:41 - [TEST_STEP][PASSED] - M4_spin_total_bonus_win_this_round = total_bonus_win_this_round: null

2019-08-15 16:24:41 - [TEST_STEP][PASSED] - M4_spin_total_bonus_win_this_round = M4_spin_total_bonus_win_this_round: null

2019-08-15 16:24:41 - [TEST_STEP][PASSED] - println("GlobalVariable.M4_spin_total_bonus_win_this_round is: " + M4_spin_total_bonus_win_this_round): null

2019-08-15 16:24:41 - [MESSAGE][PASSED] - Verify response successfully

2019-08-15 16:24:41 - [MESSAGE][PASSED] - Send request and verify the response successfully

2019-08-15 16:24:41 - [TEST_STEP][PASSED] - if (M4_total_bonus_spins_int != 0 &amp;&amp; M4_spin_reels_symbols[2].contains("WILD_Normal") || M4_spin_reels_symbols[3].contains("WILD_Normal") || M4_spin_reels_symbols[4].contains("WILD_Normal")): null

2019-08-15 16:24:41 - [TEST_STEP][PASSED] - free_spin_reel_counter = free_spin_reel_counter: null

2019-08-15 16:24:41 - [TEST_STEP][PASSED] - M4_spin_reels_symbols = M4_spin_reels_symbols: null

2019-08-15 16:24:41 - [TEST_STEP][PASSED] - M4_total_bonus_spins = M4_total_bonus_spins: null

2019-08-15 16:24:41 - [TEST_STEP][PASSED] - spin_result = sendRequestAndVerify(findTestObject("STG/RGS(M4)/1_M4_spin", ["M4_login_user_id":M4_login_user_id, "rgs_session_token":rgs_session_token, "partner":Partner])): Send request and verify the response successfully

2019-08-15 16:24:42 - [TEST_CASE][PASSED] - Start Test Case : Verification: Verification accomplished successfully

2019-08-15 16:24:42 - [TEST_STEP][PASSED] - request = getInstance().getCurrentRequest(): null

2019-08-15 16:24:42 - [TEST_STEP][PASSED] - response = getInstance().getCurrentResponse(): null

2019-08-15 16:24:42 - [TEST_STEP][PASSED] - verifyResponseStatusCode(response, 200): Verify response status code successfully

2019-08-15 16:24:42 - [MESSAGE][PASSED] - Verify response status code successfully

2019-08-15 16:24:42 - [TEST_STEP][PASSED] - getStatusCode()).isEqualTo(200): null

2019-08-15 16:24:42 - [TEST_STEP][PASSED] - newline = System.getProperty("line.separator"): null

2019-08-15 16:24:42 - [TEST_STEP][PASSED] - M4_spin = new groovy.json.JsonSlurper(): null

2019-08-15 16:24:42 - [TEST_STEP][PASSED] - result_M4_spin = M4_spin.parseText(response.getResponseBodyContent()): null

2019-08-15 16:24:42 - [TEST_STEP][PASSED] - M4_spin_current_balance = current_balance: null

2019-08-15 16:24:42 - [TEST_STEP][PASSED] - M4_spin_current_balance = M4_spin_current_balance: null

2019-08-15 16:24:42 - [TEST_STEP][PASSED] - M4_spin_transaction_id = causality: null

2019-08-15 16:24:42 - [TEST_STEP][PASSED] - M4_spin_transaction_id = M4_spin_transaction_id: null

2019-08-15 16:24:42 - [TEST_STEP][PASSED] - M4_spin_round_id = round_id: null

2019-08-15 16:24:42 - [TEST_STEP][PASSED] - M4_spin_round_id = M4_spin_round_id: null

2019-08-15 16:24:42 - [TEST_STEP][PASSED] - M4_spin_line_wins = line_wins: null

2019-08-15 16:24:42 - [TEST_STEP][PASSED] - M4_spin_line_wins = M4_spin_line_wins: null

2019-08-15 16:24:42 - [TEST_STEP][PASSED] - M4_total_bonus_spins_int = total_bonus_spins: null

2019-08-15 16:24:42 - [TEST_STEP][PASSED] - println("******M4_total_bonus_spins type is:*******" + newline + getClass().getName()): null

2019-08-15 16:24:42 - [TEST_STEP][PASSED] - M4_total_bonus_spins_int = M4_total_bonus_spins_int: null

2019-08-15 16:24:42 - [TEST_STEP][PASSED] - M4_total_bonus_spins = Integer.toString(M4_total_bonus_spins_int): null

2019-08-15 16:24:42 - [TEST_STEP][PASSED] - M4_total_bonus_spins = M4_total_bonus_spins: null

2019-08-15 16:24:42 - [TEST_STEP][PASSED] - println("M4_total_bonus_spins is:" + M4_total_bonus_spins): null

2019-08-15 16:24:42 - [TEST_STEP][PASSED] - M4_spin_bonus_data = bonus_data: null

2019-08-15 16:24:42 - [TEST_STEP][PASSED] - M4_spin_features_triggered = result_M4_spin: null

2019-08-15 16:24:42 - [TEST_STEP][PASSED] - wild = []: null

2019-08-15 16:24:42 - [TEST_STEP][PASSED] - wild[0] = "WILD_Expanding": null

2019-08-15 16:24:42 - [TEST_STEP][PASSED] - wild[1] = "WILD_Normal": null

2019-08-15 16:24:42 - [TEST_STEP][PASSED] - wild[2] = "WILD_Double": null

2019-08-15 16:24:42 - [TEST_STEP][PASSED] - wild[3] = "WILD_ExtraFG": null

2019-08-15 16:24:42 - [TEST_STEP][PASSED] - wild[4] = "WILD_Triple": null

2019-08-15 16:24:42 - [TEST_STEP][PASSED] - wildList = Arrays.asList(wild): null

2019-08-15 16:24:42 - [TEST_STEP][PASSED] - wildList = wildList: null

2019-08-15 16:24:42 - [TEST_STEP][PASSED] - free_spin_reel_counter = []: null

2019-08-15 16:24:42 - [TEST_STEP][PASSED] - free_spin_reel_counter[0] = 0: null

2019-08-15 16:24:42 - [TEST_STEP][PASSED] - free_spin_reel_counter[1] = 0: null

2019-08-15 16:24:42 - [TEST_STEP][PASSED] - free_spin_reel_counter[2] = 0: null

2019-08-15 16:24:42 - [TEST_STEP][PASSED] - M4_spin_reels = reels: null

2019-08-15 16:24:42 - [TEST_STEP][PASSED] - for ([i = 0, i &lt; M4_spin_reels.size(), (i++)]): null

2019-08-15 16:24:42 - [TEST_STEP][PASSED] - symbols = symbols: null

2019-08-15 16:24:42 - [TEST_STEP][PASSED] - for ([j = 0, j &lt; symbols.size(), (j++)]): null

2019-08-15 16:24:42 - [TEST_STEP][PASSED] - symbol = symbol: null

2019-08-15 16:24:42 - [TEST_STEP][PASSED] - println(symbol): null

2019-08-15 16:24:42 - [TEST_STEP][PASSED] - if (i == 2 &amp;&amp; wildList.indexOf(symbol) != -1): null

2019-08-15 16:24:42 - [TEST_STEP][PASSED] - if (i == 3 &amp;&amp; wildList.indexOf(symbol) != -1): null

2019-08-15 16:24:42 - [TEST_STEP][PASSED] - if (i == 4 &amp;&amp; wildList.indexOf(symbol) != -1): null

2019-08-15 16:24:42 - [TEST_STEP][PASSED] - symbol = symbol: null

2019-08-15 16:24:42 - [TEST_STEP][PASSED] - println(symbol): null

2019-08-15 16:24:42 - [TEST_STEP][PASSED] - if (i == 2 &amp;&amp; wildList.indexOf(symbol) != -1): null

2019-08-15 16:24:42 - [TEST_STEP][PASSED] - if (i == 3 &amp;&amp; wildList.indexOf(symbol) != -1): null

2019-08-15 16:24:42 - [TEST_STEP][PASSED] - if (i == 4 &amp;&amp; wildList.indexOf(symbol) != -1): null

2019-08-15 16:24:42 - [TEST_STEP][PASSED] - symbol = symbol: null

2019-08-15 16:24:42 - [TEST_STEP][PASSED] - println(symbol): null

2019-08-15 16:24:42 - [TEST_STEP][PASSED] - if (i == 2 &amp;&amp; wildList.indexOf(symbol) != -1): null

2019-08-15 16:24:42 - [TEST_STEP][PASSED] - if (i == 3 &amp;&amp; wildList.indexOf(symbol) != -1): null

2019-08-15 16:24:42 - [TEST_STEP][PASSED] - if (i == 4 &amp;&amp; wildList.indexOf(symbol) != -1): null

2019-08-15 16:24:42 - [TEST_STEP][PASSED] - symbols = symbols: null

2019-08-15 16:24:42 - [TEST_STEP][PASSED] - for ([j = 0, j &lt; symbols.size(), (j++)]): null

2019-08-15 16:24:42 - [TEST_STEP][PASSED] - symbol = symbol: null

2019-08-15 16:24:42 - [TEST_STEP][PASSED] - println(symbol): null

2019-08-15 16:24:42 - [TEST_STEP][PASSED] - if (i == 2 &amp;&amp; wildList.indexOf(symbol) != -1): null

2019-08-15 16:24:42 - [TEST_STEP][PASSED] - if (i == 3 &amp;&amp; wildList.indexOf(symbol) != -1): null

2019-08-15 16:24:42 - [TEST_STEP][PASSED] - if (i == 4 &amp;&amp; wildList.indexOf(symbol) != -1): null

2019-08-15 16:24:42 - [TEST_STEP][PASSED] - symbol = symbol: null

2019-08-15 16:24:42 - [TEST_STEP][PASSED] - println(symbol): null

2019-08-15 16:24:42 - [TEST_STEP][PASSED] - if (i == 2 &amp;&amp; wildList.indexOf(symbol) != -1): null

2019-08-15 16:24:42 - [TEST_STEP][PASSED] - if (i == 3 &amp;&amp; wildList.indexOf(symbol) != -1): null

2019-08-15 16:24:42 - [TEST_STEP][PASSED] - if (i == 4 &amp;&amp; wildList.indexOf(symbol) != -1): null

2019-08-15 16:24:42 - [TEST_STEP][PASSED] - symbol = symbol: null

2019-08-15 16:24:42 - [TEST_STEP][PASSED] - println(symbol): null

2019-08-15 16:24:42 - [TEST_STEP][PASSED] - if (i == 2 &amp;&amp; wildList.indexOf(symbol) != -1): null

2019-08-15 16:24:42 - [TEST_STEP][PASSED] - if (i == 3 &amp;&amp; wildList.indexOf(symbol) != -1): null

2019-08-15 16:24:42 - [TEST_STEP][PASSED] - if (i == 4 &amp;&amp; wildList.indexOf(symbol) != -1): null

2019-08-15 16:24:42 - [TEST_STEP][PASSED] - symbols = symbols: null

2019-08-15 16:24:42 - [TEST_STEP][PASSED] - for ([j = 0, j &lt; symbols.size(), (j++)]): null

2019-08-15 16:24:42 - [TEST_STEP][PASSED] - symbol = symbol: null

2019-08-15 16:24:42 - [TEST_STEP][PASSED] - println(symbol): null

2019-08-15 16:24:42 - [TEST_STEP][PASSED] - if (i == 2 &amp;&amp; wildList.indexOf(symbol) != -1): null

2019-08-15 16:24:42 - [TEST_STEP][PASSED] - if (i == 3 &amp;&amp; wildList.indexOf(symbol) != -1): null

2019-08-15 16:24:42 - [TEST_STEP][PASSED] - if (i == 4 &amp;&amp; wildList.indexOf(symbol) != -1): null

2019-08-15 16:24:42 - [TEST_STEP][PASSED] - symbol = symbol: null

2019-08-15 16:24:42 - [TEST_STEP][PASSED] - println(symbol): null

2019-08-15 16:24:42 - [TEST_STEP][PASSED] - if (i == 2 &amp;&amp; wildList.indexOf(symbol) != -1): null

2019-08-15 16:24:42 - [TEST_STEP][PASSED] - if (i == 3 &amp;&amp; wildList.indexOf(symbol) != -1): null

2019-08-15 16:24:42 - [TEST_STEP][PASSED] - if (i == 4 &amp;&amp; wildList.indexOf(symbol) != -1): null

2019-08-15 16:24:42 - [TEST_STEP][PASSED] - symbol = symbol: null

2019-08-15 16:24:42 - [TEST_STEP][PASSED] - println(symbol): null

2019-08-15 16:24:42 - [TEST_STEP][PASSED] - if (i == 2 &amp;&amp; wildList.indexOf(symbol) != -1): null

2019-08-15 16:24:42 - [TEST_STEP][PASSED] - if (i == 3 &amp;&amp; wildList.indexOf(symbol) != -1): null

2019-08-15 16:24:42 - [TEST_STEP][PASSED] - if (i == 4 &amp;&amp; wildList.indexOf(symbol) != -1): null

2019-08-15 16:24:42 - [TEST_STEP][PASSED] - symbols = symbols: null

2019-08-15 16:24:42 - [TEST_STEP][PASSED] - for ([j = 0, j &lt; symbols.size(), (j++)]): null

2019-08-15 16:24:42 - [TEST_STEP][PASSED] - symbol = symbol: null

2019-08-15 16:24:42 - [TEST_STEP][PASSED] - println(symbol): null

2019-08-15 16:24:42 - [TEST_STEP][PASSED] - if (i == 2 &amp;&amp; wildList.indexOf(symbol) != -1): null

2019-08-15 16:24:42 - [TEST_STEP][PASSED] - if (i == 3 &amp;&amp; wildList.indexOf(symbol) != -1): null

2019-08-15 16:24:42 - [TEST_STEP][PASSED] - if (i == 4 &amp;&amp; wildList.indexOf(symbol) != -1): null

2019-08-15 16:24:42 - [TEST_STEP][PASSED] - symbol = symbol: null

2019-08-15 16:24:42 - [TEST_STEP][PASSED] - println(symbol): null

2019-08-15 16:24:42 - [TEST_STEP][PASSED] - if (i == 2 &amp;&amp; wildList.indexOf(symbol) != -1): null

2019-08-15 16:24:42 - [TEST_STEP][PASSED] - if (i == 3 &amp;&amp; wildList.indexOf(symbol) != -1): null

2019-08-15 16:24:42 - [TEST_STEP][PASSED] - if (i == 4 &amp;&amp; wildList.indexOf(symbol) != -1): null

2019-08-15 16:24:42 - [TEST_STEP][PASSED] - symbol = symbol: null

2019-08-15 16:24:42 - [TEST_STEP][PASSED] - println(symbol): null

2019-08-15 16:24:42 - [TEST_STEP][PASSED] - if (i == 2 &amp;&amp; wildList.indexOf(symbol) != -1): null

2019-08-15 16:24:42 - [TEST_STEP][PASSED] - if (i == 3 &amp;&amp; wildList.indexOf(symbol) != -1): null

2019-08-15 16:24:42 - [TEST_STEP][PASSED] - if (i == 4 &amp;&amp; wildList.indexOf(symbol) != -1): null

2019-08-15 16:24:42 - [TEST_STEP][PASSED] - symbols = symbols: null

2019-08-15 16:24:42 - [TEST_STEP][PASSED] - for ([j = 0, j &lt; symbols.size(), (j++)]): null

2019-08-15 16:24:42 - [TEST_STEP][PASSED] - symbol = symbol: null

2019-08-15 16:24:42 - [TEST_STEP][PASSED] - println(symbol): null

2019-08-15 16:24:42 - [TEST_STEP][PASSED] - if (i == 2 &amp;&amp; wildList.indexOf(symbol) != -1): null

2019-08-15 16:24:42 - [TEST_STEP][PASSED] - if (i == 3 &amp;&amp; wildList.indexOf(symbol) != -1): null

2019-08-15 16:24:42 - [TEST_STEP][PASSED] - if (i == 4 &amp;&amp; wildList.indexOf(symbol) != -1): null

2019-08-15 16:24:42 - [TEST_STEP][PASSED] - symbol = symbol: null

2019-08-15 16:24:42 - [TEST_STEP][PASSED] - println(symbol): null

2019-08-15 16:24:42 - [TEST_STEP][PASSED] - if (i == 2 &amp;&amp; wildList.indexOf(symbol) != -1): null

2019-08-15 16:24:42 - [TEST_STEP][PASSED] - if (i == 3 &amp;&amp; wildList.indexOf(symbol) != -1): null

2019-08-15 16:24:42 - [TEST_STEP][PASSED] - if (i == 4 &amp;&amp; wildList.indexOf(symbol) != -1): null

2019-08-15 16:24:42 - [TEST_STEP][PASSED] - symbol = symbol: null

2019-08-15 16:24:42 - [TEST_STEP][PASSED] - println(symbol): null

2019-08-15 16:24:42 - [TEST_STEP][PASSED] - if (i == 2 &amp;&amp; wildList.indexOf(symbol) != -1): null

2019-08-15 16:24:42 - [TEST_STEP][PASSED] - if (i == 3 &amp;&amp; wildList.indexOf(symbol) != -1): null

2019-08-15 16:24:42 - [TEST_STEP][PASSED] - if (i == 4 &amp;&amp; wildList.indexOf(symbol) != -1): null

2019-08-15 16:24:42 - [TEST_STEP][PASSED] - free_spin_reel_counter = free_spin_reel_counter: null

2019-08-15 16:24:42 - [TEST_STEP][PASSED] - println("reel 3 wild found: " + free_spin_reel_counter[0]): null

2019-08-15 16:24:42 - [TEST_STEP][PASSED] - println("reel 4 wild found: " + free_spin_reel_counter[1]): null

2019-08-15 16:24:42 - [TEST_STEP][PASSED] - println("reel 5 wild found: " + free_spin_reel_counter[2]): null

2019-08-15 16:24:42 - [TEST_STEP][PASSED] - M4_spin_reels = M4_spin_reels: null

2019-08-15 16:24:42 - [TEST_STEP][PASSED] - M4_spin_reels_symbols = symbol: null

2019-08-15 16:24:42 - [TEST_STEP][PASSED] - M4_spin_reels_symbols = M4_spin_reels_symbols: null

2019-08-15 16:24:42 - [TEST_STEP][PASSED] - M4_spin_reel_wins = reel_wins: null

2019-08-15 16:24:42 - [TEST_STEP][PASSED] - M4_spin_reel_wins = M4_spin_reel_wins: null

2019-08-15 16:24:42 - [TEST_STEP][PASSED] - println("GlobalVariable.M4_spin_reel_wins is: " + M4_spin_reel_wins): null

2019-08-15 16:24:42 - [TEST_STEP][PASSED] - M4_spin_total_bonus_win_this_round = total_bonus_win_this_round: null

2019-08-15 16:24:42 - [TEST_STEP][PASSED] - M4_spin_total_bonus_win_this_round = M4_spin_total_bonus_win_this_round: null

2019-08-15 16:24:42 - [TEST_STEP][PASSED] - println("GlobalVariable.M4_spin_total_bonus_win_this_round is: " + M4_spin_total_bonus_win_this_round): null

2019-08-15 16:24:42 - [MESSAGE][PASSED] - Verify response successfully

2019-08-15 16:24:42 - [MESSAGE][PASSED] - Send request and verify the response successfully

2019-08-15 16:24:42 - [TEST_STEP][PASSED] - if (M4_total_bonus_spins_int != 0 &amp;&amp; M4_spin_reels_symbols[2].contains("WILD_Normal") || M4_spin_reels_symbols[3].contains("WILD_Normal") || M4_spin_reels_symbols[4].contains("WILD_Normal")): null

2019-08-15 16:24:42 - [TEST_STEP][PASSED] - free_spin_reel_counter = free_spin_reel_counter: null

2019-08-15 16:24:42 - [TEST_STEP][PASSED] - M4_spin_reels_symbols = M4_spin_reels_symbols: null

2019-08-15 16:24:42 - [TEST_STEP][PASSED] - M4_total_bonus_spins = M4_total_bonus_spins: null

2019-08-15 16:24:42 - [TEST_STEP][PASSED] - spin_result = sendRequestAndVerify(findTestObject("STG/RGS(M4)/1_M4_spin", ["M4_login_user_id":M4_login_user_id, "rgs_session_token":rgs_session_token, "partner":Partner])): Send request and verify the response successfully

2019-08-15 16:24:42 - [TEST_CASE][PASSED] - Start Test Case : Verification: Verification accomplished successfully

2019-08-15 16:24:42 - [TEST_STEP][PASSED] - request = getInstance().getCurrentRequest(): null

2019-08-15 16:24:42 - [TEST_STEP][PASSED] - response = getInstance().getCurrentResponse(): null

2019-08-15 16:24:42 - [TEST_STEP][PASSED] - verifyResponseStatusCode(response, 200): Verify response status code successfully

2019-08-15 16:24:42 - [MESSAGE][PASSED] - Verify response status code successfully

2019-08-15 16:24:42 - [TEST_STEP][PASSED] - getStatusCode()).isEqualTo(200): null

2019-08-15 16:24:42 - [TEST_STEP][PASSED] - newline = System.getProperty("line.separator"): null

2019-08-15 16:24:42 - [TEST_STEP][PASSED] - M4_spin = new groovy.json.JsonSlurper(): null

2019-08-15 16:24:42 - [TEST_STEP][PASSED] - result_M4_spin = M4_spin.parseText(response.getResponseBodyContent()): null

2019-08-15 16:24:42 - [TEST_STEP][PASSED] - M4_spin_current_balance = current_balance: null

2019-08-15 16:24:42 - [TEST_STEP][PASSED] - M4_spin_current_balance = M4_spin_current_balance: null

2019-08-15 16:24:42 - [TEST_STEP][PASSED] - M4_spin_transaction_id = causality: null

2019-08-15 16:24:42 - [TEST_STEP][PASSED] - M4_spin_transaction_id = M4_spin_transaction_id: null

2019-08-15 16:24:42 - [TEST_STEP][PASSED] - M4_spin_round_id = round_id: null

2019-08-15 16:24:42 - [TEST_STEP][PASSED] - M4_spin_round_id = M4_spin_round_id: null

2019-08-15 16:24:42 - [TEST_STEP][PASSED] - M4_spin_line_wins = line_wins: null

2019-08-15 16:24:42 - [TEST_STEP][PASSED] - M4_spin_line_wins = M4_spin_line_wins: null

2019-08-15 16:24:42 - [TEST_STEP][PASSED] - M4_total_bonus_spins_int = total_bonus_spins: null

2019-08-15 16:24:42 - [TEST_STEP][PASSED] - println("******M4_total_bonus_spins type is:*******" + newline + getClass().getName()): null

2019-08-15 16:24:42 - [TEST_STEP][PASSED] - M4_total_bonus_spins_int = M4_total_bonus_spins_int: null

2019-08-15 16:24:42 - [TEST_STEP][PASSED] - M4_total_bonus_spins = Integer.toString(M4_total_bonus_spins_int): null

2019-08-15 16:24:42 - [TEST_STEP][PASSED] - M4_total_bonus_spins = M4_total_bonus_spins: null

2019-08-15 16:24:42 - [TEST_STEP][PASSED] - println("M4_total_bonus_spins is:" + M4_total_bonus_spins): null

2019-08-15 16:24:42 - [TEST_STEP][PASSED] - M4_spin_bonus_data = bonus_data: null

2019-08-15 16:24:42 - [TEST_STEP][PASSED] - M4_spin_features_triggered = result_M4_spin: null

2019-08-15 16:24:42 - [TEST_STEP][PASSED] - wild = []: null

2019-08-15 16:24:42 - [TEST_STEP][PASSED] - wild[0] = "WILD_Expanding": null

2019-08-15 16:24:42 - [TEST_STEP][PASSED] - wild[1] = "WILD_Normal": null

2019-08-15 16:24:42 - [TEST_STEP][PASSED] - wild[2] = "WILD_Double": null

2019-08-15 16:24:42 - [TEST_STEP][PASSED] - wild[3] = "WILD_ExtraFG": null

2019-08-15 16:24:42 - [TEST_STEP][PASSED] - wild[4] = "WILD_Triple": null

2019-08-15 16:24:42 - [TEST_STEP][PASSED] - wildList = Arrays.asList(wild): null

2019-08-15 16:24:42 - [TEST_STEP][PASSED] - wildList = wildList: null

2019-08-15 16:24:42 - [TEST_STEP][PASSED] - free_spin_reel_counter = []: null

2019-08-15 16:24:42 - [TEST_STEP][PASSED] - free_spin_reel_counter[0] = 0: null

2019-08-15 16:24:42 - [TEST_STEP][PASSED] - free_spin_reel_counter[1] = 0: null

2019-08-15 16:24:42 - [TEST_STEP][PASSED] - free_spin_reel_counter[2] = 0: null

2019-08-15 16:24:42 - [TEST_STEP][PASSED] - M4_spin_reels = reels: null

2019-08-15 16:24:42 - [TEST_STEP][PASSED] - for ([i = 0, i &lt; M4_spin_reels.size(), (i++)]): null

2019-08-15 16:24:42 - [TEST_STEP][PASSED] - symbols = symbols: null

2019-08-15 16:24:42 - [TEST_STEP][PASSED] - for ([j = 0, j &lt; symbols.size(), (j++)]): null

2019-08-15 16:24:42 - [TEST_STEP][PASSED] - symbol = symbol: null

2019-08-15 16:24:42 - [TEST_STEP][PASSED] - println(symbol): null

2019-08-15 16:24:42 - [TEST_STEP][PASSED] - if (i == 2 &amp;&amp; wildList.indexOf(symbol) != -1): null

2019-08-15 16:24:42 - [TEST_STEP][PASSED] - if (i == 3 &amp;&amp; wildList.indexOf(symbol) != -1): null

2019-08-15 16:24:42 - [TEST_STEP][PASSED] - if (i == 4 &amp;&amp; wildList.indexOf(symbol) != -1): null

2019-08-15 16:24:42 - [TEST_STEP][PASSED] - symbol = symbol: null

2019-08-15 16:24:42 - [TEST_STEP][PASSED] - println(symbol): null

2019-08-15 16:24:42 - [TEST_STEP][PASSED] - if (i == 2 &amp;&amp; wildList.indexOf(symbol) != -1): null

2019-08-15 16:24:42 - [TEST_STEP][PASSED] - if (i == 3 &amp;&amp; wildList.indexOf(symbol) != -1): null

2019-08-15 16:24:42 - [TEST_STEP][PASSED] - if (i == 4 &amp;&amp; wildList.indexOf(symbol) != -1): null

2019-08-15 16:24:42 - [TEST_STEP][PASSED] - symbol = symbol: null

2019-08-15 16:24:42 - [TEST_STEP][PASSED] - println(symbol): null

2019-08-15 16:24:42 - [TEST_STEP][PASSED] - if (i == 2 &amp;&amp; wildList.indexOf(symbol) != -1): null

2019-08-15 16:24:42 - [TEST_STEP][PASSED] - if (i == 3 &amp;&amp; wildList.indexOf(symbol) != -1): null

2019-08-15 16:24:42 - [TEST_STEP][PASSED] - if (i == 4 &amp;&amp; wildList.indexOf(symbol) != -1): null

2019-08-15 16:24:42 - [TEST_STEP][PASSED] - symbols = symbols: null

2019-08-15 16:24:42 - [TEST_STEP][PASSED] - for ([j = 0, j &lt; symbols.size(), (j++)]): null

2019-08-15 16:24:42 - [TEST_STEP][PASSED] - symbol = symbol: null

2019-08-15 16:24:42 - [TEST_STEP][PASSED] - println(symbol): null

2019-08-15 16:24:42 - [TEST_STEP][PASSED] - if (i == 2 &amp;&amp; wildList.indexOf(symbol) != -1): null

2019-08-15 16:24:42 - [TEST_STEP][PASSED] - if (i == 3 &amp;&amp; wildList.indexOf(symbol) != -1): null

2019-08-15 16:24:42 - [TEST_STEP][PASSED] - if (i == 4 &amp;&amp; wildList.indexOf(symbol) != -1): null

2019-08-15 16:24:42 - [TEST_STEP][PASSED] - symbol = symbol: null

2019-08-15 16:24:42 - [TEST_STEP][PASSED] - println(symbol): null

2019-08-15 16:24:42 - [TEST_STEP][PASSED] - if (i == 2 &amp;&amp; wildList.indexOf(symbol) != -1): null

2019-08-15 16:24:42 - [TEST_STEP][PASSED] - if (i == 3 &amp;&amp; wildList.indexOf(symbol) != -1): null

2019-08-15 16:24:42 - [TEST_STEP][PASSED] - if (i == 4 &amp;&amp; wildList.indexOf(symbol) != -1): null

2019-08-15 16:24:42 - [TEST_STEP][PASSED] - symbol = symbol: null

2019-08-15 16:24:42 - [TEST_STEP][PASSED] - println(symbol): null

2019-08-15 16:24:42 - [TEST_STEP][PASSED] - if (i == 2 &amp;&amp; wildList.indexOf(symbol) != -1): null

2019-08-15 16:24:42 - [TEST_STEP][PASSED] - if (i == 3 &amp;&amp; wildList.indexOf(symbol) != -1): null

2019-08-15 16:24:42 - [TEST_STEP][PASSED] - if (i == 4 &amp;&amp; wildList.indexOf(symbol) != -1): null

2019-08-15 16:24:42 - [TEST_STEP][PASSED] - symbols = symbols: null

2019-08-15 16:24:42 - [TEST_STEP][PASSED] - for ([j = 0, j &lt; symbols.size(), (j++)]): null

2019-08-15 16:24:42 - [TEST_STEP][PASSED] - symbol = symbol: null

2019-08-15 16:24:42 - [TEST_STEP][PASSED] - println(symbol): null

2019-08-15 16:24:42 - [TEST_STEP][PASSED] - if (i == 2 &amp;&amp; wildList.indexOf(symbol) != -1): null

2019-08-15 16:24:42 - [TEST_STEP][PASSED] - println("wild found on reel 3, adding counter by 1"): null

2019-08-15 16:24:42 - [TEST_STEP][PASSED] - free_spin_reel_counter[0] = free_spin_reel_counter[0] + 1: null

2019-08-15 16:24:42 - [TEST_STEP][PASSED] - if (i == 3 &amp;&amp; wildList.indexOf(symbol) != -1): null

2019-08-15 16:24:42 - [TEST_STEP][PASSED] - if (i == 4 &amp;&amp; wildList.indexOf(symbol) != -1): null

2019-08-15 16:24:42 - [TEST_STEP][PASSED] - symbol = symbol: null

2019-08-15 16:24:42 - [TEST_STEP][PASSED] - println(symbol): null

2019-08-15 16:24:42 - [TEST_STEP][PASSED] - if (i == 2 &amp;&amp; wildList.indexOf(symbol) != -1): null

2019-08-15 16:24:42 - [TEST_STEP][PASSED] - if (i == 3 &amp;&amp; wildList.indexOf(symbol) != -1): null

2019-08-15 16:24:42 - [TEST_STEP][PASSED] - if (i == 4 &amp;&amp; wildList.indexOf(symbol) != -1): null

2019-08-15 16:24:42 - [TEST_STEP][PASSED] - symbol = symbol: null

2019-08-15 16:24:42 - [TEST_STEP][PASSED] - println(symbol): null

2019-08-15 16:24:42 - [TEST_STEP][PASSED] - if (i == 2 &amp;&amp; wildList.indexOf(symbol) != -1): null

2019-08-15 16:24:42 - [TEST_STEP][PASSED] - if (i == 3 &amp;&amp; wildList.indexOf(symbol) != -1): null

2019-08-15 16:24:42 - [TEST_STEP][PASSED] - if (i == 4 &amp;&amp; wildList.indexOf(symbol) != -1): null

2019-08-15 16:24:42 - [TEST_STEP][PASSED] - symbols = symbols: null

2019-08-15 16:24:42 - [TEST_STEP][PASSED] - for ([j = 0, j &lt; symbols.size(), (j++)]): null

2019-08-15 16:24:42 - [TEST_STEP][PASSED] - symbol = symbol: null

2019-08-15 16:24:42 - [TEST_STEP][PASSED] - println(symbol): null

2019-08-15 16:24:42 - [TEST_STEP][PASSED] - if (i == 2 &amp;&amp; wildList.indexOf(symbol) != -1): null

2019-08-15 16:24:42 - [TEST_STEP][PASSED] - if (i == 3 &amp;&amp; wildList.indexOf(symbol) != -1): null

2019-08-15 16:24:42 - [TEST_STEP][PASSED] - if (i == 4 &amp;&amp; wildList.indexOf(symbol) != -1): null

2019-08-15 16:24:42 - [TEST_STEP][PASSED] - symbol = symbol: null

2019-08-15 16:24:42 - [TEST_STEP][PASSED] - println(symbol): null

2019-08-15 16:24:42 - [TEST_STEP][PASSED] - if (i == 2 &amp;&amp; wildList.indexOf(symbol) != -1): null

2019-08-15 16:24:42 - [TEST_STEP][PASSED] - if (i == 3 &amp;&amp; wildList.indexOf(symbol) != -1): null

2019-08-15 16:24:42 - [TEST_STEP][PASSED] - if (i == 4 &amp;&amp; wildList.indexOf(symbol) != -1): null

2019-08-15 16:24:42 - [TEST_STEP][PASSED] - symbol = symbol: null

2019-08-15 16:24:42 - [TEST_STEP][PASSED] - println(symbol): null

2019-08-15 16:24:42 - [TEST_STEP][PASSED] - if (i == 2 &amp;&amp; wildList.indexOf(symbol) != -1): null

2019-08-15 16:24:42 - [TEST_STEP][PASSED] - if (i == 3 &amp;&amp; wildList.indexOf(symbol) != -1): null

2019-08-15 16:24:42 - [TEST_STEP][PASSED] - if (i == 4 &amp;&amp; wildList.indexOf(symbol) != -1): null

2019-08-15 16:24:42 - [TEST_STEP][PASSED] - symbols = symbols: null

2019-08-15 16:24:42 - [TEST_STEP][PASSED] - for ([j = 0, j &lt; symbols.size(), (j++)]): null

2019-08-15 16:24:46 - [TEST_STEP][PASSED] - symbol = symbol: null

2019-08-15 16:24:46 - [TEST_STEP][PASSED] - println(symbol): null

2019-08-15 16:24:46 - [TEST_STEP][PASSED] - if (i == 2 &amp;&amp; wildList.indexOf(symbol) != -1): null

2019-08-15 16:24:46 - [TEST_STEP][PASSED] - if (i == 3 &amp;&amp; wildList.indexOf(symbol) != -1): null

2019-08-15 16:24:46 - [TEST_STEP][PASSED] - if (i == 4 &amp;&amp; wildList.indexOf(symbol) != -1): null

2019-08-15 16:24:46 - [TEST_STEP][PASSED] - symbol = symbol: null

2019-08-15 16:24:46 - [TEST_STEP][PASSED] - println(symbol): null

2019-08-15 16:24:46 - [TEST_STEP][PASSED] - if (i == 2 &amp;&amp; wildList.indexOf(symbol) != -1): null

2019-08-15 16:24:46 - [TEST_STEP][PASSED] - if (i == 3 &amp;&amp; wildList.indexOf(symbol) != -1): null

2019-08-15 16:24:46 - [TEST_STEP][PASSED] - if (i == 4 &amp;&amp; wildList.indexOf(symbol) != -1): null

2019-08-15 16:24:46 - [TEST_STEP][PASSED] - symbol = symbol: null

2019-08-15 16:24:46 - [TEST_STEP][PASSED] - println(symbol): null

2019-08-15 16:24:46 - [TEST_STEP][PASSED] - if (i == 2 &amp;&amp; wildList.indexOf(symbol) != -1): null

2019-08-15 16:24:46 - [TEST_STEP][PASSED] - if (i == 3 &amp;&amp; wildList.indexOf(symbol) != -1): null

2019-08-15 16:24:46 - [TEST_STEP][PASSED] - if (i == 4 &amp;&amp; wildList.indexOf(symbol) != -1): null

2019-08-15 16:24:46 - [TEST_STEP][PASSED] - free_spin_reel_counter = free_spin_reel_counter: null

2019-08-15 16:24:46 - [TEST_STEP][PASSED] - println("reel 3 wild found: " + free_spin_reel_counter[0]): null

2019-08-15 16:24:46 - [TEST_STEP][PASSED] - println("reel 4 wild found: " + free_spin_reel_counter[1]): null

2019-08-15 16:24:46 - [TEST_STEP][PASSED] - println("reel 5 wild found: " + free_spin_reel_counter[2]): null

2019-08-15 16:24:46 - [TEST_STEP][PASSED] - M4_spin_reels = M4_spin_reels: null

2019-08-15 16:24:46 - [TEST_STEP][PASSED] - M4_spin_reels_symbols = symbol: null

2019-08-15 16:24:46 - [TEST_STEP][PASSED] - M4_spin_reels_symbols = M4_spin_reels_symbols: null

2019-08-15 16:24:46 - [TEST_STEP][PASSED] - M4_spin_reel_wins = reel_wins: null

2019-08-15 16:24:46 - [TEST_STEP][PASSED] - M4_spin_reel_wins = M4_spin_reel_wins: null

2019-08-15 16:24:46 - [TEST_STEP][PASSED] - println("GlobalVariable.M4_spin_reel_wins is: " + M4_spin_reel_wins): null

2019-08-15 16:24:46 - [TEST_STEP][PASSED] - M4_spin_total_bonus_win_this_round = total_bonus_win_this_round: null

2019-08-15 16:24:46 - [TEST_STEP][PASSED] - M4_spin_total_bonus_win_this_round = M4_spin_total_bonus_win_this_round: null

2019-08-15 16:24:46 - [TEST_STEP][PASSED] - println("GlobalVariable.M4_spin_total_bonus_win_this_round is: " + M4_spin_total_bonus_win_this_round): null

2019-08-15 16:24:46 - [MESSAGE][PASSED] - Verify response successfully

2019-08-15 16:24:46 - [MESSAGE][PASSED] - Send request and verify the response successfully

2019-08-15 16:24:46 - [TEST_STEP][PASSED] - if (M4_total_bonus_spins_int != 0 &amp;&amp; M4_spin_reels_symbols[2].contains("WILD_Normal") || M4_spin_reels_symbols[3].contains("WILD_Normal") || M4_spin_reels_symbols[4].contains("WILD_Normal")): null

2019-08-15 16:24:46 - [TEST_STEP][PASSED] - free_spin_reel_counter = free_spin_reel_counter: null

2019-08-15 16:24:46 - [TEST_STEP][PASSED] - M4_spin_reels_symbols = M4_spin_reels_symbols: null

2019-08-15 16:24:46 - [TEST_STEP][PASSED] - M4_total_bonus_spins = M4_total_bonus_spins: null

2019-08-15 16:24:46 - [TEST_STEP][PASSED] - spin_result = sendRequestAndVerify(findTestObject("STG/RGS(M4)/1_M4_spin", ["M4_login_user_id":M4_login_user_id, "rgs_session_token":rgs_session_token, "partner":Partner])): Send request and verify the response successfully

2019-08-15 16:24:46 - [TEST_CASE][PASSED] - Start Test Case : Verification: Verification accomplished successfully

2019-08-15 16:24:46 - [TEST_STEP][PASSED] - request = getInstance().getCurrentRequest(): null

2019-08-15 16:24:46 - [TEST_STEP][PASSED] - response = getInstance().getCurrentResponse(): null

2019-08-15 16:24:46 - [TEST_STEP][PASSED] - verifyResponseStatusCode(response, 200): Verify response status code successfully

2019-08-15 16:24:46 - [MESSAGE][PASSED] - Verify response status code successfully

2019-08-15 16:24:46 - [TEST_STEP][PASSED] - getStatusCode()).isEqualTo(200): null

2019-08-15 16:24:46 - [TEST_STEP][PASSED] - newline = System.getProperty("line.separator"): null

2019-08-15 16:24:46 - [TEST_STEP][PASSED] - M4_spin = new groovy.json.JsonSlurper(): null

2019-08-15 16:24:46 - [TEST_STEP][PASSED] - result_M4_spin = M4_spin.parseText(response.getResponseBodyContent()): null

2019-08-15 16:24:46 - [TEST_STEP][PASSED] - M4_spin_current_balance = current_balance: null

2019-08-15 16:24:46 - [TEST_STEP][PASSED] - M4_spin_current_balance = M4_spin_current_balance: null

2019-08-15 16:24:46 - [TEST_STEP][PASSED] - M4_spin_transaction_id = causality: null

2019-08-15 16:24:46 - [TEST_STEP][PASSED] - M4_spin_transaction_id = M4_spin_transaction_id: null

2019-08-15 16:24:46 - [TEST_STEP][PASSED] - M4_spin_round_id = round_id: null

2019-08-15 16:24:46 - [TEST_STEP][PASSED] - M4_spin_round_id = M4_spin_round_id: null

2019-08-15 16:24:46 - [TEST_STEP][PASSED] - M4_spin_line_wins = line_wins: null

2019-08-15 16:24:46 - [TEST_STEP][PASSED] - M4_spin_line_wins = M4_spin_line_wins: null

2019-08-15 16:24:46 - [TEST_STEP][PASSED] - M4_total_bonus_spins_int = total_bonus_spins: null

2019-08-15 16:24:46 - [TEST_STEP][PASSED] - println("******M4_total_bonus_spins type is:*******" + newline + getClass().getName()): null

2019-08-15 16:24:46 - [TEST_STEP][PASSED] - M4_total_bonus_spins_int = M4_total_bonus_spins_int: null

2019-08-15 16:24:46 - [TEST_STEP][PASSED] - M4_total_bonus_spins = Integer.toString(M4_total_bonus_spins_int): null

2019-08-15 16:24:46 - [TEST_STEP][PASSED] - M4_total_bonus_spins = M4_total_bonus_spins: null

2019-08-15 16:24:46 - [TEST_STEP][PASSED] - println("M4_total_bonus_spins is:" + M4_total_bonus_spins): null

2019-08-15 16:24:46 - [TEST_STEP][PASSED] - M4_spin_bonus_data = bonus_data: null

2019-08-15 16:24:46 - [TEST_STEP][PASSED] - M4_spin_features_triggered = result_M4_spin: null

2019-08-15 16:24:46 - [TEST_STEP][PASSED] - wild = []: null

2019-08-15 16:24:46 - [TEST_STEP][PASSED] - wild[0] = "WILD_Expanding": null

2019-08-15 16:24:46 - [TEST_STEP][PASSED] - wild[1] = "WILD_Normal": null

2019-08-15 16:24:46 - [TEST_STEP][PASSED] - wild[2] = "WILD_Double": null

2019-08-15 16:24:46 - [TEST_STEP][PASSED] - wild[3] = "WILD_ExtraFG": null

2019-08-15 16:24:46 - [TEST_STEP][PASSED] - wild[4] = "WILD_Triple": null

2019-08-15 16:24:46 - [TEST_STEP][PASSED] - wildList = Arrays.asList(wild): null

2019-08-15 16:24:46 - [TEST_STEP][PASSED] - wildList = wildList: null

2019-08-15 16:24:46 - [TEST_STEP][PASSED] - free_spin_reel_counter = []: null

2019-08-15 16:24:46 - [TEST_STEP][PASSED] - free_spin_reel_counter[0] = 0: null

2019-08-15 16:24:46 - [TEST_STEP][PASSED] - free_spin_reel_counter[1] = 0: null

2019-08-15 16:24:46 - [TEST_STEP][PASSED] - free_spin_reel_counter[2] = 0: null

2019-08-15 16:24:46 - [TEST_STEP][PASSED] - M4_spin_reels = reels: null

2019-08-15 16:24:46 - [TEST_STEP][PASSED] - for ([i = 0, i &lt; M4_spin_reels.size(), (i++)]): null

2019-08-15 16:24:46 - [TEST_STEP][PASSED] - symbols = symbols: null

2019-08-15 16:24:46 - [TEST_STEP][PASSED] - for ([j = 0, j &lt; symbols.size(), (j++)]): null

2019-08-15 16:24:46 - [TEST_STEP][PASSED] - symbol = symbol: null

2019-08-15 16:24:46 - [TEST_STEP][PASSED] - println(symbol): null

2019-08-15 16:24:46 - [TEST_STEP][PASSED] - if (i == 2 &amp;&amp; wildList.indexOf(symbol) != -1): null

2019-08-15 16:24:46 - [TEST_STEP][PASSED] - if (i == 3 &amp;&amp; wildList.indexOf(symbol) != -1): null

2019-08-15 16:24:46 - [TEST_STEP][PASSED] - if (i == 4 &amp;&amp; wildList.indexOf(symbol) != -1): null

2019-08-15 16:24:46 - [TEST_STEP][PASSED] - symbol = symbol: null

2019-08-15 16:24:46 - [TEST_STEP][PASSED] - println(symbol): null

2019-08-15 16:24:46 - [TEST_STEP][PASSED] - if (i == 2 &amp;&amp; wildList.indexOf(symbol) != -1): null

2019-08-15 16:24:46 - [TEST_STEP][PASSED] - if (i == 3 &amp;&amp; wildList.indexOf(symbol) != -1): null

2019-08-15 16:24:46 - [TEST_STEP][PASSED] - if (i == 4 &amp;&amp; wildList.indexOf(symbol) != -1): null

2019-08-15 16:24:46 - [TEST_STEP][PASSED] - symbol = symbol: null

2019-08-15 16:24:46 - [TEST_STEP][PASSED] - println(symbol): null

2019-08-15 16:24:46 - [TEST_STEP][PASSED] - if (i == 2 &amp;&amp; wildList.indexOf(symbol) != -1): null

2019-08-15 16:24:46 - [TEST_STEP][PASSED] - if (i == 3 &amp;&amp; wildList.indexOf(symbol) != -1): null

2019-08-15 16:24:46 - [TEST_STEP][PASSED] - if (i == 4 &amp;&amp; wildList.indexOf(symbol) != -1): null

2019-08-15 16:24:46 - [TEST_STEP][PASSED] - symbols = symbols: null

2019-08-15 16:24:46 - [TEST_STEP][PASSED] - for ([j = 0, j &lt; symbols.size(), (j++)]): null

2019-08-15 16:24:46 - [TEST_STEP][PASSED] - symbol = symbol: null

2019-08-15 16:24:46 - [TEST_STEP][PASSED] - println(symbol): null

2019-08-15 16:24:46 - [TEST_STEP][PASSED] - if (i == 2 &amp;&amp; wildList.indexOf(symbol) != -1): null

2019-08-15 16:24:46 - [TEST_STEP][PASSED] - if (i == 3 &amp;&amp; wildList.indexOf(symbol) != -1): null

2019-08-15 16:24:46 - [TEST_STEP][PASSED] - if (i == 4 &amp;&amp; wildList.indexOf(symbol) != -1): null

2019-08-15 16:24:46 - [TEST_STEP][PASSED] - symbol = symbol: null

2019-08-15 16:24:46 - [TEST_STEP][PASSED] - println(symbol): null

2019-08-15 16:24:46 - [TEST_STEP][PASSED] - if (i == 2 &amp;&amp; wildList.indexOf(symbol) != -1): null

2019-08-15 16:24:46 - [TEST_STEP][PASSED] - if (i == 3 &amp;&amp; wildList.indexOf(symbol) != -1): null

2019-08-15 16:24:46 - [TEST_STEP][PASSED] - if (i == 4 &amp;&amp; wildList.indexOf(symbol) != -1): null

2019-08-15 16:24:46 - [TEST_STEP][PASSED] - symbol = symbol: null

2019-08-15 16:24:46 - [TEST_STEP][PASSED] - println(symbol): null

2019-08-15 16:24:46 - [TEST_STEP][PASSED] - if (i == 2 &amp;&amp; wildList.indexOf(symbol) != -1): null

2019-08-15 16:24:46 - [TEST_STEP][PASSED] - if (i == 3 &amp;&amp; wildList.indexOf(symbol) != -1): null

2019-08-15 16:24:46 - [TEST_STEP][PASSED] - if (i == 4 &amp;&amp; wildList.indexOf(symbol) != -1): null

2019-08-15 16:24:46 - [TEST_STEP][PASSED] - symbols = symbols: null

2019-08-15 16:24:46 - [TEST_STEP][PASSED] - for ([j = 0, j &lt; symbols.size(), (j++)]): null

2019-08-15 16:24:46 - [TEST_STEP][PASSED] - symbol = symbol: null

2019-08-15 16:24:46 - [TEST_STEP][PASSED] - println(symbol): null

2019-08-15 16:24:46 - [TEST_STEP][PASSED] - if (i == 2 &amp;&amp; wildList.indexOf(symbol) != -1): null

2019-08-15 16:24:46 - [TEST_STEP][PASSED] - println("wild found on reel 3, adding counter by 1"): null

2019-08-15 16:24:46 - [TEST_STEP][PASSED] - free_spin_reel_counter[0] = free_spin_reel_counter[0] + 1: null

2019-08-15 16:24:46 - [TEST_STEP][PASSED] - if (i == 3 &amp;&amp; wildList.indexOf(symbol) != -1): null

2019-08-15 16:24:46 - [TEST_STEP][PASSED] - if (i == 4 &amp;&amp; wildList.indexOf(symbol) != -1): null

2019-08-15 16:24:46 - [TEST_STEP][PASSED] - symbol = symbol: null

2019-08-15 16:24:46 - [TEST_STEP][PASSED] - println(symbol): null

2019-08-15 16:24:46 - [TEST_STEP][PASSED] - if (i == 2 &amp;&amp; wildList.indexOf(symbol) != -1): null

2019-08-15 16:24:46 - [TEST_STEP][PASSED] - if (i == 3 &amp;&amp; wildList.indexOf(symbol) != -1): null

2019-08-15 16:24:46 - [TEST_STEP][PASSED] - if (i == 4 &amp;&amp; wildList.indexOf(symbol) != -1): null

2019-08-15 16:24:46 - [TEST_STEP][PASSED] - symbol = symbol: null

2019-08-15 16:24:46 - [TEST_STEP][PASSED] - println(symbol): null

2019-08-15 16:24:46 - [TEST_STEP][PASSED] - if (i == 2 &amp;&amp; wildList.indexOf(symbol) != -1): null

2019-08-15 16:24:46 - [TEST_STEP][PASSED] - if (i == 3 &amp;&amp; wildList.indexOf(symbol) != -1): null

2019-08-15 16:24:46 - [TEST_STEP][PASSED] - if (i == 4 &amp;&amp; wildList.indexOf(symbol) != -1): null

2019-08-15 16:24:46 - [TEST_STEP][PASSED] - symbols = symbols: null

2019-08-15 16:24:46 - [TEST_STEP][PASSED] - for ([j = 0, j &lt; symbols.size(), (j++)]): null

2019-08-15 16:24:46 - [TEST_STEP][PASSED] - symbol = symbol: null

2019-08-15 16:24:46 - [TEST_STEP][PASSED] - println(symbol): null

2019-08-15 16:24:46 - [TEST_STEP][PASSED] - if (i == 2 &amp;&amp; wildList.indexOf(symbol) != -1): null

2019-08-15 16:24:46 - [TEST_STEP][PASSED] - if (i == 3 &amp;&amp; wildList.indexOf(symbol) != -1): null

2019-08-15 16:24:46 - [TEST_STEP][PASSED] - println("wild found on reel 4, adding counter by 1"): null

2019-08-15 16:24:46 - [TEST_STEP][PASSED] - free_spin_reel_counter[1] = free_spin_reel_counter[1] + 1: null

2019-08-15 16:24:46 - [TEST_STEP][PASSED] - if (i == 4 &amp;&amp; wildList.indexOf(symbol) != -1): null

2019-08-15 16:24:46 - [TEST_STEP][PASSED] - symbol = symbol: null

2019-08-15 16:24:46 - [TEST_STEP][PASSED] - println(symbol): null

2019-08-15 16:24:46 - [TEST_STEP][PASSED] - if (i == 2 &amp;&amp; wildList.indexOf(symbol) != -1): null

2019-08-15 16:24:46 - [TEST_STEP][PASSED] - if (i == 3 &amp;&amp; wildList.indexOf(symbol) != -1): null

2019-08-15 16:24:46 - [TEST_STEP][PASSED] - if (i == 4 &amp;&amp; wildList.indexOf(symbol) != -1): null

2019-08-15 16:24:46 - [TEST_STEP][PASSED] - symbol = symbol: null

2019-08-15 16:24:46 - [TEST_STEP][PASSED] - println(symbol): null

2019-08-15 16:24:46 - [TEST_STEP][PASSED] - if (i == 2 &amp;&amp; wildList.indexOf(symbol) != -1): null

2019-08-15 16:24:46 - [TEST_STEP][PASSED] - if (i == 3 &amp;&amp; wildList.indexOf(symbol) != -1): null

2019-08-15 16:24:46 - [TEST_STEP][PASSED] - if (i == 4 &amp;&amp; wildList.indexOf(symbol) != -1): null

2019-08-15 16:24:46 - [TEST_STEP][PASSED] - symbols = symbols: null

2019-08-15 16:24:46 - [TEST_STEP][PASSED] - for ([j = 0, j &lt; symbols.size(), (j++)]): null

2019-08-15 16:24:46 - [TEST_STEP][PASSED] - symbol = symbol: null

2019-08-15 16:24:46 - [TEST_STEP][PASSED] - println(symbol): null

2019-08-15 16:24:46 - [TEST_STEP][PASSED] - if (i == 2 &amp;&amp; wildList.indexOf(symbol) != -1): null

2019-08-15 16:24:46 - [TEST_STEP][PASSED] - if (i == 3 &amp;&amp; wildList.indexOf(symbol) != -1): null

2019-08-15 16:24:46 - [TEST_STEP][PASSED] - if (i == 4 &amp;&amp; wildList.indexOf(symbol) != -1): null

2019-08-15 16:24:46 - [TEST_STEP][PASSED] - symbol = symbol: null

2019-08-15 16:24:46 - [TEST_STEP][PASSED] - println(symbol): null

2019-08-15 16:24:46 - [TEST_STEP][PASSED] - if (i == 2 &amp;&amp; wildList.indexOf(symbol) != -1): null

2019-08-15 16:24:46 - [TEST_STEP][PASSED] - if (i == 3 &amp;&amp; wildList.indexOf(symbol) != -1): null

2019-08-15 16:24:46 - [TEST_STEP][PASSED] - if (i == 4 &amp;&amp; wildList.indexOf(symbol) != -1): null

2019-08-15 16:24:46 - [TEST_STEP][PASSED] - symbol = symbol: null

2019-08-15 16:24:46 - [TEST_STEP][PASSED] - println(symbol): null

2019-08-15 16:24:46 - [TEST_STEP][PASSED] - if (i == 2 &amp;&amp; wildList.indexOf(symbol) != -1): null

2019-08-15 16:24:46 - [TEST_STEP][PASSED] - if (i == 3 &amp;&amp; wildList.indexOf(symbol) != -1): null

2019-08-15 16:24:46 - [TEST_STEP][PASSED] - if (i == 4 &amp;&amp; wildList.indexOf(symbol) != -1): null

2019-08-15 16:24:46 - [TEST_STEP][PASSED] - free_spin_reel_counter = free_spin_reel_counter: null

2019-08-15 16:24:46 - [TEST_STEP][PASSED] - println("reel 3 wild found: " + free_spin_reel_counter[0]): null

2019-08-15 16:24:46 - [TEST_STEP][PASSED] - println("reel 4 wild found: " + free_spin_reel_counter[1]): null

2019-08-15 16:24:46 - [TEST_STEP][PASSED] - println("reel 5 wild found: " + free_spin_reel_counter[2]): null

2019-08-15 16:24:46 - [TEST_STEP][PASSED] - M4_spin_reels = M4_spin_reels: null

2019-08-15 16:24:46 - [TEST_STEP][PASSED] - M4_spin_reels_symbols = symbol: null

2019-08-15 16:24:46 - [TEST_STEP][PASSED] - M4_spin_reels_symbols = M4_spin_reels_symbols: null

2019-08-15 16:24:46 - [TEST_STEP][PASSED] - M4_spin_reel_wins = reel_wins: null

2019-08-15 16:24:46 - [TEST_STEP][PASSED] - M4_spin_reel_wins = M4_spin_reel_wins: null

2019-08-15 16:24:46 - [TEST_STEP][PASSED] - println("GlobalVariable.M4_spin_reel_wins is: " + M4_spin_reel_wins): null

2019-08-15 16:24:46 - [TEST_STEP][PASSED] - M4_spin_total_bonus_win_this_round = total_bonus_win_this_round: null

2019-08-15 16:24:46 - [TEST_STEP][PASSED] - M4_spin_total_bonus_win_this_round = M4_spin_total_bonus_win_this_round: null

2019-08-15 16:24:46 - [TEST_STEP][PASSED] - println("GlobalVariable.M4_spin_total_bonus_win_this_round is: " + M4_spin_total_bonus_win_this_round): null

2019-08-15 16:24:46 - [MESSAGE][PASSED] - Verify response successfully

2019-08-15 16:24:46 - [MESSAGE][PASSED] - Send request and verify the response successfully

2019-08-15 16:24:46 - [TEST_STEP][PASSED] - if (M4_total_bonus_spins_int != 0 &amp;&amp; M4_spin_reels_symbols[2].contains("WILD_Normal") || M4_spin_reels_symbols[3].contains("WILD_Normal") || M4_spin_reels_symbols[4].contains("WILD_Normal")): null

2019-08-15 16:24:46 - [TEST_STEP][PASSED] - free_spin_reel_counter = free_spin_reel_counter: null

2019-08-15 16:24:46 - [TEST_STEP][PASSED] - M4_spin_reels_symbols = M4_spin_reels_symbols: null

2019-08-15 16:24:46 - [TEST_STEP][PASSED] - M4_total_bonus_spins = M4_total_bonus_spins: null

2019-08-15 16:24:46 - [TEST_STEP][PASSED] - spin_result = sendRequestAndVerify(findTestObject("STG/RGS(M4)/1_M4_spin", ["M4_login_user_id":M4_login_user_id, "rgs_session_token":rgs_session_token, "partner":Partner])): Send request and verify the response successfully

2019-08-15 16:24:47 - [TEST_CASE][PASSED] - Start Test Case : Verification: Verification accomplished successfully

2019-08-15 16:24:47 - [TEST_STEP][PASSED] - request = getInstance().getCurrentRequest(): null

2019-08-15 16:24:47 - [TEST_STEP][PASSED] - response = getInstance().getCurrentResponse(): null

2019-08-15 16:24:47 - [TEST_STEP][PASSED] - verifyResponseStatusCode(response, 200): Verify response status code successfully

2019-08-15 16:24:47 - [MESSAGE][PASSED] - Verify response status code successfully

2019-08-15 16:24:47 - [TEST_STEP][PASSED] - getStatusCode()).isEqualTo(200): null

2019-08-15 16:24:47 - [TEST_STEP][PASSED] - newline = System.getProperty("line.separator"): null

2019-08-15 16:24:47 - [TEST_STEP][PASSED] - M4_spin = new groovy.json.JsonSlurper(): null

2019-08-15 16:24:47 - [TEST_STEP][PASSED] - result_M4_spin = M4_spin.parseText(response.getResponseBodyContent()): null

2019-08-15 16:24:47 - [TEST_STEP][PASSED] - M4_spin_current_balance = current_balance: null

2019-08-15 16:24:47 - [TEST_STEP][PASSED] - M4_spin_current_balance = M4_spin_current_balance: null

2019-08-15 16:24:47 - [TEST_STEP][PASSED] - M4_spin_transaction_id = causality: null

2019-08-15 16:24:47 - [TEST_STEP][PASSED] - M4_spin_transaction_id = M4_spin_transaction_id: null

2019-08-15 16:24:47 - [TEST_STEP][PASSED] - M4_spin_round_id = round_id: null

2019-08-15 16:24:47 - [TEST_STEP][PASSED] - M4_spin_round_id = M4_spin_round_id: null

2019-08-15 16:24:47 - [TEST_STEP][PASSED] - M4_spin_line_wins = line_wins: null

2019-08-15 16:24:47 - [TEST_STEP][PASSED] - M4_spin_line_wins = M4_spin_line_wins: null

2019-08-15 16:24:47 - [TEST_STEP][PASSED] - M4_total_bonus_spins_int = total_bonus_spins: null

2019-08-15 16:24:47 - [TEST_STEP][PASSED] - println("******M4_total_bonus_spins type is:*******" + newline + getClass().getName()): null

2019-08-15 16:24:47 - [TEST_STEP][PASSED] - M4_total_bonus_spins_int = M4_total_bonus_spins_int: null

2019-08-15 16:24:47 - [TEST_STEP][PASSED] - M4_total_bonus_spins = Integer.toString(M4_total_bonus_spins_int): null

2019-08-15 16:24:47 - [TEST_STEP][PASSED] - M4_total_bonus_spins = M4_total_bonus_spins: null

2019-08-15 16:24:47 - [TEST_STEP][PASSED] - println("M4_total_bonus_spins is:" + M4_total_bonus_spins): null

2019-08-15 16:24:47 - [TEST_STEP][PASSED] - M4_spin_bonus_data = bonus_data: null

2019-08-15 16:24:47 - [TEST_STEP][PASSED] - M4_spin_features_triggered = result_M4_spin: null

2019-08-15 16:24:47 - [TEST_STEP][PASSED] - wild = []: null

2019-08-15 16:24:47 - [TEST_STEP][PASSED] - wild[0] = "WILD_Expanding": null

2019-08-15 16:24:47 - [TEST_STEP][PASSED] - wild[1] = "WILD_Normal": null

2019-08-15 16:24:47 - [TEST_STEP][PASSED] - wild[2] = "WILD_Double": null

2019-08-15 16:24:47 - [TEST_STEP][PASSED] - wild[3] = "WILD_ExtraFG": null

2019-08-15 16:24:47 - [TEST_STEP][PASSED] - wild[4] = "WILD_Triple": null

2019-08-15 16:24:47 - [TEST_STEP][PASSED] - wildList = Arrays.asList(wild): null

2019-08-15 16:24:47 - [TEST_STEP][PASSED] - wildList = wildList: null

2019-08-15 16:24:47 - [TEST_STEP][PASSED] - free_spin_reel_counter = []: null

2019-08-15 16:24:47 - [TEST_STEP][PASSED] - free_spin_reel_counter[0] = 0: null

2019-08-15 16:24:47 - [TEST_STEP][PASSED] - free_spin_reel_counter[1] = 0: null

2019-08-15 16:24:47 - [TEST_STEP][PASSED] - free_spin_reel_counter[2] = 0: null

2019-08-15 16:24:47 - [TEST_STEP][PASSED] - M4_spin_reels = reels: null

2019-08-15 16:24:47 - [TEST_STEP][PASSED] - for ([i = 0, i &lt; M4_spin_reels.size(), (i++)]): null

2019-08-15 16:24:47 - [TEST_STEP][PASSED] - symbols = symbols: null

2019-08-15 16:24:47 - [TEST_STEP][PASSED] - for ([j = 0, j &lt; symbols.size(), (j++)]): null

2019-08-15 16:24:47 - [TEST_STEP][PASSED] - symbol = symbol: null

2019-08-15 16:24:47 - [TEST_STEP][PASSED] - println(symbol): null

2019-08-15 16:24:47 - [TEST_STEP][PASSED] - if (i == 2 &amp;&amp; wildList.indexOf(symbol) != -1): null

2019-08-15 16:24:47 - [TEST_STEP][PASSED] - if (i == 3 &amp;&amp; wildList.indexOf(symbol) != -1): null

2019-08-15 16:24:47 - [TEST_STEP][PASSED] - if (i == 4 &amp;&amp; wildList.indexOf(symbol) != -1): null

2019-08-15 16:24:47 - [TEST_STEP][PASSED] - symbol = symbol: null

2019-08-15 16:24:47 - [TEST_STEP][PASSED] - println(symbol): null

2019-08-15 16:24:47 - [TEST_STEP][PASSED] - if (i == 2 &amp;&amp; wildList.indexOf(symbol) != -1): null

2019-08-15 16:24:47 - [TEST_STEP][PASSED] - if (i == 3 &amp;&amp; wildList.indexOf(symbol) != -1): null

2019-08-15 16:24:47 - [TEST_STEP][PASSED] - if (i == 4 &amp;&amp; wildList.indexOf(symbol) != -1): null

2019-08-15 16:24:47 - [TEST_STEP][PASSED] - symbol = symbol: null

2019-08-15 16:24:47 - [TEST_STEP][PASSED] - println(symbol): null

2019-08-15 16:24:47 - [TEST_STEP][PASSED] - if (i == 2 &amp;&amp; wildList.indexOf(symbol) != -1): null

2019-08-15 16:24:47 - [TEST_STEP][PASSED] - if (i == 3 &amp;&amp; wildList.indexOf(symbol) != -1): null

2019-08-15 16:24:47 - [TEST_STEP][PASSED] - if (i == 4 &amp;&amp; wildList.indexOf(symbol) != -1): null

2019-08-15 16:24:47 - [TEST_STEP][PASSED] - symbols = symbols: null

2019-08-15 16:24:47 - [TEST_STEP][PASSED] - for ([j = 0, j &lt; symbols.size(), (j++)]): null

2019-08-15 16:24:47 - [TEST_STEP][PASSED] - symbol = symbol: null

2019-08-15 16:24:47 - [TEST_STEP][PASSED] - println(symbol): null

2019-08-15 16:24:47 - [TEST_STEP][PASSED] - if (i == 2 &amp;&amp; wildList.indexOf(symbol) != -1): null

2019-08-15 16:24:47 - [TEST_STEP][PASSED] - if (i == 3 &amp;&amp; wildList.indexOf(symbol) != -1): null

2019-08-15 16:24:47 - [TEST_STEP][PASSED] - if (i == 4 &amp;&amp; wildList.indexOf(symbol) != -1): null

2019-08-15 16:24:47 - [TEST_STEP][PASSED] - symbol = symbol: null

2019-08-15 16:24:47 - [TEST_STEP][PASSED] - println(symbol): null

2019-08-15 16:24:47 - [TEST_STEP][PASSED] - if (i == 2 &amp;&amp; wildList.indexOf(symbol) != -1): null

2019-08-15 16:24:47 - [TEST_STEP][PASSED] - if (i == 3 &amp;&amp; wildList.indexOf(symbol) != -1): null

2019-08-15 16:24:47 - [TEST_STEP][PASSED] - if (i == 4 &amp;&amp; wildList.indexOf(symbol) != -1): null

2019-08-15 16:24:47 - [TEST_STEP][PASSED] - symbol = symbol: null

2019-08-15 16:24:47 - [TEST_STEP][PASSED] - println(symbol): null

2019-08-15 16:24:47 - [TEST_STEP][PASSED] - if (i == 2 &amp;&amp; wildList.indexOf(symbol) != -1): null

2019-08-15 16:24:47 - [TEST_STEP][PASSED] - if (i == 3 &amp;&amp; wildList.indexOf(symbol) != -1): null

2019-08-15 16:24:47 - [TEST_STEP][PASSED] - if (i == 4 &amp;&amp; wildList.indexOf(symbol) != -1): null

2019-08-15 16:24:47 - [TEST_STEP][PASSED] - symbols = symbols: null

2019-08-15 16:24:47 - [TEST_STEP][PASSED] - for ([j = 0, j &lt; symbols.size(), (j++)]): null

2019-08-15 16:24:47 - [TEST_STEP][PASSED] - symbol = symbol: null

2019-08-15 16:24:47 - [TEST_STEP][PASSED] - println(symbol): null

2019-08-15 16:24:47 - [TEST_STEP][PASSED] - if (i == 2 &amp;&amp; wildList.indexOf(symbol) != -1): null

2019-08-15 16:24:47 - [TEST_STEP][PASSED] - if (i == 3 &amp;&amp; wildList.indexOf(symbol) != -1): null

2019-08-15 16:24:47 - [TEST_STEP][PASSED] - if (i == 4 &amp;&amp; wildList.indexOf(symbol) != -1): null

2019-08-15 16:24:47 - [TEST_STEP][PASSED] - symbol = symbol: null

2019-08-15 16:24:47 - [TEST_STEP][PASSED] - println(symbol): null

2019-08-15 16:24:47 - [TEST_STEP][PASSED] - if (i == 2 &amp;&amp; wildList.indexOf(symbol) != -1): null

2019-08-15 16:24:47 - [TEST_STEP][PASSED] - if (i == 3 &amp;&amp; wildList.indexOf(symbol) != -1): null

2019-08-15 16:24:47 - [TEST_STEP][PASSED] - if (i == 4 &amp;&amp; wildList.indexOf(symbol) != -1): null

2019-08-15 16:24:47 - [TEST_STEP][PASSED] - symbol = symbol: null

2019-08-15 16:24:47 - [TEST_STEP][PASSED] - println(symbol): null

2019-08-15 16:24:47 - [TEST_STEP][PASSED] - if (i == 2 &amp;&amp; wildList.indexOf(symbol) != -1): null

2019-08-15 16:24:47 - [TEST_STEP][PASSED] - println("wild found on reel 3, adding counter by 1"): null

2019-08-15 16:24:47 - [TEST_STEP][PASSED] - free_spin_reel_counter[0] = free_spin_reel_counter[0] + 1: null

2019-08-15 16:24:47 - [TEST_STEP][PASSED] - if (i == 3 &amp;&amp; wildList.indexOf(symbol) != -1): null

2019-08-15 16:24:47 - [TEST_STEP][PASSED] - if (i == 4 &amp;&amp; wildList.indexOf(symbol) != -1): null

2019-08-15 16:24:47 - [TEST_STEP][PASSED] - symbols = symbols: null

2019-08-15 16:24:47 - [TEST_STEP][PASSED] - for ([j = 0, j &lt; symbols.size(), (j++)]): null

2019-08-15 16:24:47 - [TEST_STEP][PASSED] - symbol = symbol: null

2019-08-15 16:24:47 - [TEST_STEP][PASSED] - println(symbol): null

2019-08-15 16:24:47 - [TEST_STEP][PASSED] - if (i == 2 &amp;&amp; wildList.indexOf(symbol) != -1): null

2019-08-15 16:24:47 - [TEST_STEP][PASSED] - if (i == 3 &amp;&amp; wildList.indexOf(symbol) != -1): null

2019-08-15 16:24:47 - [TEST_STEP][PASSED] - println("wild found on reel 4, adding counter by 1"): null

2019-08-15 16:24:47 - [TEST_STEP][PASSED] - free_spin_reel_counter[1] = free_spin_reel_counter[1] + 1: null

2019-08-15 16:24:47 - [TEST_STEP][PASSED] - if (i == 4 &amp;&amp; wildList.indexOf(symbol) != -1): null

2019-08-15 16:24:47 - [TEST_STEP][PASSED] - symbol = symbol: null

2019-08-15 16:24:47 - [TEST_STEP][PASSED] - println(symbol): null

2019-08-15 16:24:47 - [TEST_STEP][PASSED] - if (i == 2 &amp;&amp; wildList.indexOf(symbol) != -1): null

2019-08-15 16:24:47 - [TEST_STEP][PASSED] - if (i == 3 &amp;&amp; wildList.indexOf(symbol) != -1): null

2019-08-15 16:24:47 - [TEST_STEP][PASSED] - if (i == 4 &amp;&amp; wildList.indexOf(symbol) != -1): null

2019-08-15 16:24:47 - [TEST_STEP][PASSED] - symbol = symbol: null

2019-08-15 16:24:47 - [TEST_STEP][PASSED] - println(symbol): null

2019-08-15 16:24:47 - [TEST_STEP][PASSED] - if (i == 2 &amp;&amp; wildList.indexOf(symbol) != -1): null

2019-08-15 16:24:47 - [TEST_STEP][PASSED] - if (i == 3 &amp;&amp; wildList.indexOf(symbol) != -1): null

2019-08-15 16:24:47 - [TEST_STEP][PASSED] - if (i == 4 &amp;&amp; wildList.indexOf(symbol) != -1): null

2019-08-15 16:24:47 - [TEST_STEP][PASSED] - symbols = symbols: null

2019-08-15 16:24:47 - [TEST_STEP][PASSED] - for ([j = 0, j &lt; symbols.size(), (j++)]): null

2019-08-15 16:24:47 - [TEST_STEP][PASSED] - symbol = symbol: null

2019-08-15 16:24:47 - [TEST_STEP][PASSED] - println(symbol): null

2019-08-15 16:24:47 - [TEST_STEP][PASSED] - if (i == 2 &amp;&amp; wildList.indexOf(symbol) != -1): null

2019-08-15 16:24:47 - [TEST_STEP][PASSED] - if (i == 3 &amp;&amp; wildList.indexOf(symbol) != -1): null

2019-08-15 16:24:47 - [TEST_STEP][PASSED] - if (i == 4 &amp;&amp; wildList.indexOf(symbol) != -1): null

2019-08-15 16:24:47 - [TEST_STEP][PASSED] - symbol = symbol: null

2019-08-15 16:24:47 - [TEST_STEP][PASSED] - println(symbol): null

2019-08-15 16:24:47 - [TEST_STEP][PASSED] - if (i == 2 &amp;&amp; wildList.indexOf(symbol) != -1): null

2019-08-15 16:24:47 - [TEST_STEP][PASSED] - if (i == 3 &amp;&amp; wildList.indexOf(symbol) != -1): null

2019-08-15 16:24:47 - [TEST_STEP][PASSED] - if (i == 4 &amp;&amp; wildList.indexOf(symbol) != -1): null

2019-08-15 16:24:47 - [TEST_STEP][PASSED] - symbol = symbol: null

2019-08-15 16:24:47 - [TEST_STEP][PASSED] - println(symbol): null

2019-08-15 16:24:47 - [TEST_STEP][PASSED] - if (i == 2 &amp;&amp; wildList.indexOf(symbol) != -1): null

2019-08-15 16:24:47 - [TEST_STEP][PASSED] - if (i == 3 &amp;&amp; wildList.indexOf(symbol) != -1): null

2019-08-15 16:24:47 - [TEST_STEP][PASSED] - if (i == 4 &amp;&amp; wildList.indexOf(symbol) != -1): null

2019-08-15 16:24:47 - [TEST_STEP][PASSED] - free_spin_reel_counter = free_spin_reel_counter: null

2019-08-15 16:24:47 - [TEST_STEP][PASSED] - println("reel 3 wild found: " + free_spin_reel_counter[0]): null

2019-08-15 16:24:47 - [TEST_STEP][PASSED] - println("reel 4 wild found: " + free_spin_reel_counter[1]): null

2019-08-15 16:24:47 - [TEST_STEP][PASSED] - println("reel 5 wild found: " + free_spin_reel_counter[2]): null

2019-08-15 16:24:47 - [TEST_STEP][PASSED] - M4_spin_reels = M4_spin_reels: null

2019-08-15 16:24:47 - [TEST_STEP][PASSED] - M4_spin_reels_symbols = symbol: null

2019-08-15 16:24:47 - [TEST_STEP][PASSED] - M4_spin_reels_symbols = M4_spin_reels_symbols: null

2019-08-15 16:24:47 - [TEST_STEP][PASSED] - M4_spin_reel_wins = reel_wins: null

2019-08-15 16:24:47 - [TEST_STEP][PASSED] - M4_spin_reel_wins = M4_spin_reel_wins: null

2019-08-15 16:24:47 - [TEST_STEP][PASSED] - println("GlobalVariable.M4_spin_reel_wins is: " + M4_spin_reel_wins): null

2019-08-15 16:24:50 - [TEST_STEP][PASSED] - M4_spin_total_bonus_win_this_round = total_bonus_win_this_round: null

2019-08-15 16:24:50 - [TEST_STEP][PASSED] - M4_spin_total_bonus_win_this_round = M4_spin_total_bonus_win_this_round: null

2019-08-15 16:24:50 - [TEST_STEP][PASSED] - println("GlobalVariable.M4_spin_total_bonus_win_this_round is: " + M4_spin_total_bonus_win_this_round): null

2019-08-15 16:24:50 - [MESSAGE][PASSED] - Verify response successfully

2019-08-15 16:24:50 - [MESSAGE][PASSED] - Send request and verify the response successfully

2019-08-15 16:24:50 - [TEST_STEP][PASSED] - if (M4_total_bonus_spins_int != 0 &amp;&amp; M4_spin_reels_symbols[2].contains("WILD_Normal") || M4_spin_reels_symbols[3].contains("WILD_Normal") || M4_spin_reels_symbols[4].contains("WILD_Normal")): null

2019-08-15 16:24:50 - [TEST_STEP][PASSED] - free_spin_reel_counter = free_spin_reel_counter: null

2019-08-15 16:24:50 - [TEST_STEP][PASSED] - M4_spin_reels_symbols = M4_spin_reels_symbols: null

2019-08-15 16:24:50 - [TEST_STEP][PASSED] - M4_total_bonus_spins = M4_total_bonus_spins: null

2019-08-15 16:24:50 - [TEST_STEP][PASSED] - spin_result = sendRequestAndVerify(findTestObject("STG/RGS(M4)/1_M4_spin", ["M4_login_user_id":M4_login_user_id, "rgs_session_token":rgs_session_token, "partner":Partner])): Send request and verify the response successfully

2019-08-15 16:24:51 - [TEST_CASE][PASSED] - Start Test Case : Verification: Verification accomplished successfully

2019-08-15 16:24:51 - [TEST_STEP][PASSED] - request = getInstance().getCurrentRequest(): null

2019-08-15 16:24:51 - [TEST_STEP][PASSED] - response = getInstance().getCurrentResponse(): null

2019-08-15 16:24:51 - [TEST_STEP][PASSED] - verifyResponseStatusCode(response, 200): Verify response status code successfully

2019-08-15 16:24:51 - [MESSAGE][PASSED] - Verify response status code successfully

2019-08-15 16:24:51 - [TEST_STEP][PASSED] - getStatusCode()).isEqualTo(200): null

2019-08-15 16:24:51 - [TEST_STEP][PASSED] - newline = System.getProperty("line.separator"): null

2019-08-15 16:24:51 - [TEST_STEP][PASSED] - M4_spin = new groovy.json.JsonSlurper(): null

2019-08-15 16:24:51 - [TEST_STEP][PASSED] - result_M4_spin = M4_spin.parseText(response.getResponseBodyContent()): null

2019-08-15 16:24:51 - [TEST_STEP][PASSED] - M4_spin_current_balance = current_balance: null

2019-08-15 16:24:51 - [TEST_STEP][PASSED] - M4_spin_current_balance = M4_spin_current_balance: null

2019-08-15 16:24:51 - [TEST_STEP][PASSED] - M4_spin_transaction_id = causality: null

2019-08-15 16:24:51 - [TEST_STEP][PASSED] - M4_spin_transaction_id = M4_spin_transaction_id: null

2019-08-15 16:24:51 - [TEST_STEP][PASSED] - M4_spin_round_id = round_id: null

2019-08-15 16:24:51 - [TEST_STEP][PASSED] - M4_spin_round_id = M4_spin_round_id: null

2019-08-15 16:24:51 - [TEST_STEP][PASSED] - M4_spin_line_wins = line_wins: null

2019-08-15 16:24:51 - [TEST_STEP][PASSED] - M4_spin_line_wins = M4_spin_line_wins: null

2019-08-15 16:24:51 - [TEST_STEP][PASSED] - M4_total_bonus_spins_int = total_bonus_spins: null

2019-08-15 16:24:51 - [TEST_STEP][PASSED] - println("******M4_total_bonus_spins type is:*******" + newline + getClass().getName()): null

2019-08-15 16:24:51 - [TEST_STEP][PASSED] - M4_total_bonus_spins_int = M4_total_bonus_spins_int: null

2019-08-15 16:24:51 - [TEST_STEP][PASSED] - M4_total_bonus_spins = Integer.toString(M4_total_bonus_spins_int): null

2019-08-15 16:24:51 - [TEST_STEP][PASSED] - M4_total_bonus_spins = M4_total_bonus_spins: null

2019-08-15 16:24:51 - [TEST_STEP][PASSED] - println("M4_total_bonus_spins is:" + M4_total_bonus_spins): null

2019-08-15 16:24:51 - [TEST_STEP][PASSED] - M4_spin_bonus_data = bonus_data: null

2019-08-15 16:24:51 - [TEST_STEP][PASSED] - M4_spin_features_triggered = result_M4_spin: null

2019-08-15 16:24:51 - [TEST_STEP][PASSED] - wild = []: null

2019-08-15 16:24:51 - [TEST_STEP][PASSED] - wild[0] = "WILD_Expanding": null

2019-08-15 16:24:51 - [TEST_STEP][PASSED] - wild[1] = "WILD_Normal": null

2019-08-15 16:24:51 - [TEST_STEP][PASSED] - wild[2] = "WILD_Double": null

2019-08-15 16:24:51 - [TEST_STEP][PASSED] - wild[3] = "WILD_ExtraFG": null

2019-08-15 16:24:51 - [TEST_STEP][PASSED] - wild[4] = "WILD_Triple": null

2019-08-15 16:24:51 - [TEST_STEP][PASSED] - wildList = Arrays.asList(wild): null

2019-08-15 16:24:51 - [TEST_STEP][PASSED] - wildList = wildList: null

2019-08-15 16:24:51 - [TEST_STEP][PASSED] - free_spin_reel_counter = []: null

2019-08-15 16:24:51 - [TEST_STEP][PASSED] - free_spin_reel_counter[0] = 0: null

2019-08-15 16:24:51 - [TEST_STEP][PASSED] - free_spin_reel_counter[1] = 0: null

2019-08-15 16:24:51 - [TEST_STEP][PASSED] - free_spin_reel_counter[2] = 0: null

2019-08-15 16:24:51 - [TEST_STEP][PASSED] - M4_spin_reels = reels: null

2019-08-15 16:24:51 - [TEST_STEP][PASSED] - for ([i = 0, i &lt; M4_spin_reels.size(), (i++)]): null

2019-08-15 16:24:51 - [TEST_STEP][PASSED] - symbols = symbols: null

2019-08-15 16:24:51 - [TEST_STEP][PASSED] - for ([j = 0, j &lt; symbols.size(), (j++)]): null

2019-08-15 16:24:51 - [TEST_STEP][PASSED] - symbol = symbol: null

2019-08-15 16:24:51 - [TEST_STEP][PASSED] - println(symbol): null

2019-08-15 16:24:51 - [TEST_STEP][PASSED] - if (i == 2 &amp;&amp; wildList.indexOf(symbol) != -1): null

2019-08-15 16:24:51 - [TEST_STEP][PASSED] - if (i == 3 &amp;&amp; wildList.indexOf(symbol) != -1): null

2019-08-15 16:24:51 - [TEST_STEP][PASSED] - if (i == 4 &amp;&amp; wildList.indexOf(symbol) != -1): null

2019-08-15 16:24:51 - [TEST_STEP][PASSED] - symbol = symbol: null

2019-08-15 16:24:51 - [TEST_STEP][PASSED] - println(symbol): null

2019-08-15 16:24:51 - [TEST_STEP][PASSED] - if (i == 2 &amp;&amp; wildList.indexOf(symbol) != -1): null

2019-08-15 16:24:51 - [TEST_STEP][PASSED] - if (i == 3 &amp;&amp; wildList.indexOf(symbol) != -1): null

2019-08-15 16:24:51 - [TEST_STEP][PASSED] - if (i == 4 &amp;&amp; wildList.indexOf(symbol) != -1): null

2019-08-15 16:24:51 - [TEST_STEP][PASSED] - symbol = symbol: null

2019-08-15 16:24:51 - [TEST_STEP][PASSED] - println(symbol): null

2019-08-15 16:24:51 - [TEST_STEP][PASSED] - if (i == 2 &amp;&amp; wildList.indexOf(symbol) != -1): null

2019-08-15 16:24:51 - [TEST_STEP][PASSED] - if (i == 3 &amp;&amp; wildList.indexOf(symbol) != -1): null

2019-08-15 16:24:51 - [TEST_STEP][PASSED] - if (i == 4 &amp;&amp; wildList.indexOf(symbol) != -1): null

2019-08-15 16:24:51 - [TEST_STEP][PASSED] - symbols = symbols: null

2019-08-15 16:24:51 - [TEST_STEP][PASSED] - for ([j = 0, j &lt; symbols.size(), (j++)]): null

2019-08-15 16:24:51 - [TEST_STEP][PASSED] - symbol = symbol: null

2019-08-15 16:24:51 - [TEST_STEP][PASSED] - println(symbol): null

2019-08-15 16:24:51 - [TEST_STEP][PASSED] - if (i == 2 &amp;&amp; wildList.indexOf(symbol) != -1): null

2019-08-15 16:24:51 - [TEST_STEP][PASSED] - if (i == 3 &amp;&amp; wildList.indexOf(symbol) != -1): null

2019-08-15 16:24:51 - [TEST_STEP][PASSED] - if (i == 4 &amp;&amp; wildList.indexOf(symbol) != -1): null

2019-08-15 16:24:51 - [TEST_STEP][PASSED] - symbol = symbol: null

2019-08-15 16:24:51 - [TEST_STEP][PASSED] - println(symbol): null

2019-08-15 16:24:51 - [TEST_STEP][PASSED] - if (i == 2 &amp;&amp; wildList.indexOf(symbol) != -1): null

2019-08-15 16:24:51 - [TEST_STEP][PASSED] - if (i == 3 &amp;&amp; wildList.indexOf(symbol) != -1): null

2019-08-15 16:24:51 - [TEST_STEP][PASSED] - if (i == 4 &amp;&amp; wildList.indexOf(symbol) != -1): null

2019-08-15 16:24:51 - [TEST_STEP][PASSED] - symbol = symbol: null

2019-08-15 16:24:51 - [TEST_STEP][PASSED] - println(symbol): null

2019-08-15 16:24:51 - [TEST_STEP][PASSED] - if (i == 2 &amp;&amp; wildList.indexOf(symbol) != -1): null

2019-08-15 16:24:51 - [TEST_STEP][PASSED] - if (i == 3 &amp;&amp; wildList.indexOf(symbol) != -1): null

2019-08-15 16:24:51 - [TEST_STEP][PASSED] - if (i == 4 &amp;&amp; wildList.indexOf(symbol) != -1): null

2019-08-15 16:24:51 - [TEST_STEP][PASSED] - symbols = symbols: null

2019-08-15 16:24:51 - [TEST_STEP][PASSED] - for ([j = 0, j &lt; symbols.size(), (j++)]): null

2019-08-15 16:24:51 - [TEST_STEP][PASSED] - symbol = symbol: null

2019-08-15 16:24:51 - [TEST_STEP][PASSED] - println(symbol): null

2019-08-15 16:24:51 - [TEST_STEP][PASSED] - if (i == 2 &amp;&amp; wildList.indexOf(symbol) != -1): null

2019-08-15 16:24:51 - [TEST_STEP][PASSED] - if (i == 3 &amp;&amp; wildList.indexOf(symbol) != -1): null

2019-08-15 16:24:51 - [TEST_STEP][PASSED] - if (i == 4 &amp;&amp; wildList.indexOf(symbol) != -1): null

2019-08-15 16:24:51 - [TEST_STEP][PASSED] - symbol = symbol: null

2019-08-15 16:24:51 - [TEST_STEP][PASSED] - println(symbol): null

2019-08-15 16:24:51 - [TEST_STEP][PASSED] - if (i == 2 &amp;&amp; wildList.indexOf(symbol) != -1): null

2019-08-15 16:24:51 - [TEST_STEP][PASSED] - if (i == 3 &amp;&amp; wildList.indexOf(symbol) != -1): null

2019-08-15 16:24:51 - [TEST_STEP][PASSED] - if (i == 4 &amp;&amp; wildList.indexOf(symbol) != -1): null

2019-08-15 16:24:51 - [TEST_STEP][PASSED] - symbol = symbol: null

2019-08-15 16:24:51 - [TEST_STEP][PASSED] - println(symbol): null

2019-08-15 16:24:51 - [TEST_STEP][PASSED] - if (i == 2 &amp;&amp; wildList.indexOf(symbol) != -1): null

2019-08-15 16:24:51 - [TEST_STEP][PASSED] - if (i == 3 &amp;&amp; wildList.indexOf(symbol) != -1): null

2019-08-15 16:24:51 - [TEST_STEP][PASSED] - if (i == 4 &amp;&amp; wildList.indexOf(symbol) != -1): null

2019-08-15 16:24:51 - [TEST_STEP][PASSED] - symbols = symbols: null

2019-08-15 16:24:51 - [TEST_STEP][PASSED] - for ([j = 0, j &lt; symbols.size(), (j++)]): null

2019-08-15 16:24:51 - [TEST_STEP][PASSED] - symbol = symbol: null

2019-08-15 16:24:51 - [TEST_STEP][PASSED] - println(symbol): null

2019-08-15 16:24:51 - [TEST_STEP][PASSED] - if (i == 2 &amp;&amp; wildList.indexOf(symbol) != -1): null

2019-08-15 16:24:51 - [TEST_STEP][PASSED] - if (i == 3 &amp;&amp; wildList.indexOf(symbol) != -1): null

2019-08-15 16:24:51 - [TEST_STEP][PASSED] - if (i == 4 &amp;&amp; wildList.indexOf(symbol) != -1): null

2019-08-15 16:24:51 - [TEST_STEP][PASSED] - symbol = symbol: null

2019-08-15 16:24:51 - [TEST_STEP][PASSED] - println(symbol): null

2019-08-15 16:24:51 - [TEST_STEP][PASSED] - if (i == 2 &amp;&amp; wildList.indexOf(symbol) != -1): null

2019-08-15 16:24:51 - [TEST_STEP][PASSED] - if (i == 3 &amp;&amp; wildList.indexOf(symbol) != -1): null

2019-08-15 16:24:51 - [TEST_STEP][PASSED] - if (i == 4 &amp;&amp; wildList.indexOf(symbol) != -1): null

2019-08-15 16:24:51 - [TEST_STEP][PASSED] - symbol = symbol: null

2019-08-15 16:24:51 - [TEST_STEP][PASSED] - println(symbol): null

2019-08-15 16:24:51 - [TEST_STEP][PASSED] - if (i == 2 &amp;&amp; wildList.indexOf(symbol) != -1): null

2019-08-15 16:24:51 - [TEST_STEP][PASSED] - if (i == 3 &amp;&amp; wildList.indexOf(symbol) != -1): null

2019-08-15 16:24:51 - [TEST_STEP][PASSED] - if (i == 4 &amp;&amp; wildList.indexOf(symbol) != -1): null

2019-08-15 16:24:51 - [TEST_STEP][PASSED] - symbols = symbols: null

2019-08-15 16:24:51 - [TEST_STEP][PASSED] - for ([j = 0, j &lt; symbols.size(), (j++)]): null

2019-08-15 16:24:51 - [TEST_STEP][PASSED] - symbol = symbol: null

2019-08-15 16:24:51 - [TEST_STEP][PASSED] - println(symbol): null

2019-08-15 16:24:51 - [TEST_STEP][PASSED] - if (i == 2 &amp;&amp; wildList.indexOf(symbol) != -1): null

2019-08-15 16:24:51 - [TEST_STEP][PASSED] - if (i == 3 &amp;&amp; wildList.indexOf(symbol) != -1): null

2019-08-15 16:24:51 - [TEST_STEP][PASSED] - if (i == 4 &amp;&amp; wildList.indexOf(symbol) != -1): null

2019-08-15 16:24:51 - [TEST_STEP][PASSED] - symbol = symbol: null

2019-08-15 16:24:51 - [TEST_STEP][PASSED] - println(symbol): null

2019-08-15 16:24:51 - [TEST_STEP][PASSED] - if (i == 2 &amp;&amp; wildList.indexOf(symbol) != -1): null

2019-08-15 16:24:51 - [TEST_STEP][PASSED] - if (i == 3 &amp;&amp; wildList.indexOf(symbol) != -1): null

2019-08-15 16:24:51 - [TEST_STEP][PASSED] - if (i == 4 &amp;&amp; wildList.indexOf(symbol) != -1): null

2019-08-15 16:24:51 - [TEST_STEP][PASSED] - symbol = symbol: null

2019-08-15 16:24:51 - [TEST_STEP][PASSED] - println(symbol): null

2019-08-15 16:24:51 - [TEST_STEP][PASSED] - if (i == 2 &amp;&amp; wildList.indexOf(symbol) != -1): null

2019-08-15 16:24:51 - [TEST_STEP][PASSED] - if (i == 3 &amp;&amp; wildList.indexOf(symbol) != -1): null

2019-08-15 16:24:51 - [TEST_STEP][PASSED] - if (i == 4 &amp;&amp; wildList.indexOf(symbol) != -1): null

2019-08-15 16:24:51 - [TEST_STEP][PASSED] - free_spin_reel_counter = free_spin_reel_counter: null

2019-08-15 16:24:51 - [TEST_STEP][PASSED] - println("reel 3 wild found: " + free_spin_reel_counter[0]): null

2019-08-15 16:24:51 - [TEST_STEP][PASSED] - println("reel 4 wild found: " + free_spin_reel_counter[1]): null

2019-08-15 16:24:51 - [TEST_STEP][PASSED] - println("reel 5 wild found: " + free_spin_reel_counter[2]): null

2019-08-15 16:24:51 - [TEST_STEP][PASSED] - M4_spin_reels = M4_spin_reels: null

2019-08-15 16:24:51 - [TEST_STEP][PASSED] - M4_spin_reels_symbols = symbol: null

2019-08-15 16:24:51 - [TEST_STEP][PASSED] - M4_spin_reels_symbols = M4_spin_reels_symbols: null

2019-08-15 16:24:51 - [TEST_STEP][PASSED] - M4_spin_reel_wins = reel_wins: null

2019-08-15 16:24:51 - [TEST_STEP][PASSED] - M4_spin_reel_wins = M4_spin_reel_wins: null

2019-08-15 16:24:51 - [TEST_STEP][PASSED] - println("GlobalVariable.M4_spin_reel_wins is: " + M4_spin_reel_wins): null

2019-08-15 16:24:51 - [TEST_STEP][PASSED] - M4_spin_total_bonus_win_this_round = total_bonus_win_this_round: null

2019-08-15 16:24:51 - [TEST_STEP][PASSED] - M4_spin_total_bonus_win_this_round = M4_spin_total_bonus_win_this_round: null

2019-08-15 16:24:51 - [TEST_STEP][PASSED] - println("GlobalVariable.M4_spin_total_bonus_win_this_round is: " + M4_spin_total_bonus_win_this_round): null

2019-08-15 16:24:51 - [MESSAGE][PASSED] - Verify response successfully

2019-08-15 16:24:51 - [MESSAGE][PASSED] - Send request and verify the response successfully

2019-08-15 16:24:51 - [TEST_STEP][PASSED] - if (M4_total_bonus_spins_int != 0 &amp;&amp; M4_spin_reels_symbols[2].contains("WILD_Normal") || M4_spin_reels_symbols[3].contains("WILD_Normal") || M4_spin_reels_symbols[4].contains("WILD_Normal")): null

2019-08-15 16:24:51 - [TEST_STEP][PASSED] - free_spin_reel_counter = free_spin_reel_counter: null

2019-08-15 16:24:51 - [TEST_STEP][PASSED] - M4_spin_reels_symbols = M4_spin_reels_symbols: null

2019-08-15 16:24:51 - [TEST_STEP][PASSED] - M4_total_bonus_spins = M4_total_bonus_spins: null

2019-08-15 16:24:51 - [TEST_STEP][PASSED] - spin_result = sendRequestAndVerify(findTestObject("STG/RGS(M4)/1_M4_spin", ["M4_login_user_id":M4_login_user_id, "rgs_session_token":rgs_session_token, "partner":Partner])): Send request and verify the response successfully

2019-08-15 16:24:51 - [TEST_CASE][PASSED] - Start Test Case : Verification: Verification accomplished successfully

2019-08-15 16:24:51 - [TEST_STEP][PASSED] - request = getInstance().getCurrentRequest(): null

2019-08-15 16:24:51 - [TEST_STEP][PASSED] - response = getInstance().getCurrentResponse(): null

2019-08-15 16:24:51 - [TEST_STEP][PASSED] - verifyResponseStatusCode(response, 200): Verify response status code successfully

2019-08-15 16:24:51 - [MESSAGE][PASSED] - Verify response status code successfully

2019-08-15 16:24:51 - [TEST_STEP][PASSED] - getStatusCode()).isEqualTo(200): null

2019-08-15 16:24:51 - [TEST_STEP][PASSED] - newline = System.getProperty("line.separator"): null

2019-08-15 16:24:51 - [TEST_STEP][PASSED] - M4_spin = new groovy.json.JsonSlurper(): null

2019-08-15 16:24:51 - [TEST_STEP][PASSED] - result_M4_spin = M4_spin.parseText(response.getResponseBodyContent()): null

2019-08-15 16:24:51 - [TEST_STEP][PASSED] - M4_spin_current_balance = current_balance: null

2019-08-15 16:24:51 - [TEST_STEP][PASSED] - M4_spin_current_balance = M4_spin_current_balance: null

2019-08-15 16:24:51 - [TEST_STEP][PASSED] - M4_spin_transaction_id = causality: null

2019-08-15 16:24:51 - [TEST_STEP][PASSED] - M4_spin_transaction_id = M4_spin_transaction_id: null

2019-08-15 16:24:51 - [TEST_STEP][PASSED] - M4_spin_round_id = round_id: null

2019-08-15 16:24:51 - [TEST_STEP][PASSED] - M4_spin_round_id = M4_spin_round_id: null

2019-08-15 16:24:51 - [TEST_STEP][PASSED] - M4_spin_line_wins = line_wins: null

2019-08-15 16:24:51 - [TEST_STEP][PASSED] - M4_spin_line_wins = M4_spin_line_wins: null

2019-08-15 16:24:51 - [TEST_STEP][PASSED] - M4_total_bonus_spins_int = total_bonus_spins: null

2019-08-15 16:24:51 - [TEST_STEP][PASSED] - println("******M4_total_bonus_spins type is:*******" + newline + getClass().getName()): null

2019-08-15 16:24:51 - [TEST_STEP][PASSED] - M4_total_bonus_spins_int = M4_total_bonus_spins_int: null

2019-08-15 16:24:51 - [TEST_STEP][PASSED] - M4_total_bonus_spins = Integer.toString(M4_total_bonus_spins_int): null

2019-08-15 16:24:51 - [TEST_STEP][PASSED] - M4_total_bonus_spins = M4_total_bonus_spins: null

2019-08-15 16:24:51 - [TEST_STEP][PASSED] - println("M4_total_bonus_spins is:" + M4_total_bonus_spins): null

2019-08-15 16:24:51 - [TEST_STEP][PASSED] - M4_spin_bonus_data = bonus_data: null

2019-08-15 16:24:51 - [TEST_STEP][PASSED] - M4_spin_features_triggered = result_M4_spin: null

2019-08-15 16:24:51 - [TEST_STEP][PASSED] - wild = []: null

2019-08-15 16:24:51 - [TEST_STEP][PASSED] - wild[0] = "WILD_Expanding": null

2019-08-15 16:24:51 - [TEST_STEP][PASSED] - wild[1] = "WILD_Normal": null

2019-08-15 16:24:51 - [TEST_STEP][PASSED] - wild[2] = "WILD_Double": null

2019-08-15 16:24:51 - [TEST_STEP][PASSED] - wild[3] = "WILD_ExtraFG": null

2019-08-15 16:24:51 - [TEST_STEP][PASSED] - wild[4] = "WILD_Triple": null

2019-08-15 16:24:51 - [TEST_STEP][PASSED] - wildList = Arrays.asList(wild): null

2019-08-15 16:24:51 - [TEST_STEP][PASSED] - wildList = wildList: null

2019-08-15 16:24:51 - [TEST_STEP][PASSED] - free_spin_reel_counter = []: null

2019-08-15 16:24:51 - [TEST_STEP][PASSED] - free_spin_reel_counter[0] = 0: null

2019-08-15 16:24:51 - [TEST_STEP][PASSED] - free_spin_reel_counter[1] = 0: null

2019-08-15 16:24:51 - [TEST_STEP][PASSED] - free_spin_reel_counter[2] = 0: null

2019-08-15 16:24:51 - [TEST_STEP][PASSED] - M4_spin_reels = reels: null

2019-08-15 16:24:51 - [TEST_STEP][PASSED] - for ([i = 0, i &lt; M4_spin_reels.size(), (i++)]): null

2019-08-15 16:24:51 - [TEST_STEP][PASSED] - symbols = symbols: null

2019-08-15 16:24:51 - [TEST_STEP][PASSED] - for ([j = 0, j &lt; symbols.size(), (j++)]): null

2019-08-15 16:24:51 - [TEST_STEP][PASSED] - symbol = symbol: null

2019-08-15 16:24:51 - [TEST_STEP][PASSED] - println(symbol): null

2019-08-15 16:24:51 - [TEST_STEP][PASSED] - if (i == 2 &amp;&amp; wildList.indexOf(symbol) != -1): null

2019-08-15 16:24:51 - [TEST_STEP][PASSED] - if (i == 3 &amp;&amp; wildList.indexOf(symbol) != -1): null

2019-08-15 16:24:51 - [TEST_STEP][PASSED] - if (i == 4 &amp;&amp; wildList.indexOf(symbol) != -1): null

2019-08-15 16:24:51 - [TEST_STEP][PASSED] - symbol = symbol: null

2019-08-15 16:24:51 - [TEST_STEP][PASSED] - println(symbol): null

2019-08-15 16:24:51 - [TEST_STEP][PASSED] - if (i == 2 &amp;&amp; wildList.indexOf(symbol) != -1): null

2019-08-15 16:24:51 - [TEST_STEP][PASSED] - if (i == 3 &amp;&amp; wildList.indexOf(symbol) != -1): null

2019-08-15 16:24:51 - [TEST_STEP][PASSED] - if (i == 4 &amp;&amp; wildList.indexOf(symbol) != -1): null

2019-08-15 16:24:51 - [TEST_STEP][PASSED] - symbol = symbol: null

2019-08-15 16:24:51 - [TEST_STEP][PASSED] - println(symbol): null

2019-08-15 16:24:51 - [TEST_STEP][PASSED] - if (i == 2 &amp;&amp; wildList.indexOf(symbol) != -1): null

2019-08-15 16:24:51 - [TEST_STEP][PASSED] - if (i == 3 &amp;&amp; wildList.indexOf(symbol) != -1): null

2019-08-15 16:24:51 - [TEST_STEP][PASSED] - if (i == 4 &amp;&amp; wildList.indexOf(symbol) != -1): null

2019-08-15 16:24:51 - [TEST_STEP][PASSED] - symbols = symbols: null

2019-08-15 16:24:51 - [TEST_STEP][PASSED] - for ([j = 0, j &lt; symbols.size(), (j++)]): null

2019-08-15 16:24:51 - [TEST_STEP][PASSED] - symbol = symbol: null

2019-08-15 16:24:51 - [TEST_STEP][PASSED] - println(symbol): null

2019-08-15 16:24:51 - [TEST_STEP][PASSED] - if (i == 2 &amp;&amp; wildList.indexOf(symbol) != -1): null

2019-08-15 16:24:51 - [TEST_STEP][PASSED] - if (i == 3 &amp;&amp; wildList.indexOf(symbol) != -1): null

2019-08-15 16:24:51 - [TEST_STEP][PASSED] - if (i == 4 &amp;&amp; wildList.indexOf(symbol) != -1): null

2019-08-15 16:24:51 - [TEST_STEP][PASSED] - symbol = symbol: null

2019-08-15 16:24:51 - [TEST_STEP][PASSED] - println(symbol): null

2019-08-15 16:24:51 - [TEST_STEP][PASSED] - if (i == 2 &amp;&amp; wildList.indexOf(symbol) != -1): null

2019-08-15 16:24:51 - [TEST_STEP][PASSED] - if (i == 3 &amp;&amp; wildList.indexOf(symbol) != -1): null

2019-08-15 16:24:51 - [TEST_STEP][PASSED] - if (i == 4 &amp;&amp; wildList.indexOf(symbol) != -1): null

2019-08-15 16:24:51 - [TEST_STEP][PASSED] - symbol = symbol: null

2019-08-15 16:24:51 - [TEST_STEP][PASSED] - println(symbol): null

2019-08-15 16:24:51 - [TEST_STEP][PASSED] - if (i == 2 &amp;&amp; wildList.indexOf(symbol) != -1): null

2019-08-15 16:24:51 - [TEST_STEP][PASSED] - if (i == 3 &amp;&amp; wildList.indexOf(symbol) != -1): null

2019-08-15 16:24:51 - [TEST_STEP][PASSED] - if (i == 4 &amp;&amp; wildList.indexOf(symbol) != -1): null

2019-08-15 16:24:51 - [TEST_STEP][PASSED] - symbols = symbols: null

2019-08-15 16:24:51 - [TEST_STEP][PASSED] - for ([j = 0, j &lt; symbols.size(), (j++)]): null

2019-08-15 16:24:51 - [TEST_STEP][PASSED] - symbol = symbol: null

2019-08-15 16:24:51 - [TEST_STEP][PASSED] - println(symbol): null

2019-08-15 16:24:51 - [TEST_STEP][PASSED] - if (i == 2 &amp;&amp; wildList.indexOf(symbol) != -1): null

2019-08-15 16:24:51 - [TEST_STEP][PASSED] - if (i == 3 &amp;&amp; wildList.indexOf(symbol) != -1): null

2019-08-15 16:24:51 - [TEST_STEP][PASSED] - if (i == 4 &amp;&amp; wildList.indexOf(symbol) != -1): null

2019-08-15 16:24:51 - [TEST_STEP][PASSED] - symbol = symbol: null

2019-08-15 16:24:51 - [TEST_STEP][PASSED] - println(symbol): null

2019-08-15 16:24:51 - [TEST_STEP][PASSED] - if (i == 2 &amp;&amp; wildList.indexOf(symbol) != -1): null

2019-08-15 16:24:51 - [TEST_STEP][PASSED] - if (i == 3 &amp;&amp; wildList.indexOf(symbol) != -1): null

2019-08-15 16:24:51 - [TEST_STEP][PASSED] - if (i == 4 &amp;&amp; wildList.indexOf(symbol) != -1): null

2019-08-15 16:24:51 - [TEST_STEP][PASSED] - symbol = symbol: null

2019-08-15 16:24:51 - [TEST_STEP][PASSED] - println(symbol): null

2019-08-15 16:24:51 - [TEST_STEP][PASSED] - if (i == 2 &amp;&amp; wildList.indexOf(symbol) != -1): null

2019-08-15 16:24:51 - [TEST_STEP][PASSED] - if (i == 3 &amp;&amp; wildList.indexOf(symbol) != -1): null

2019-08-15 16:24:51 - [TEST_STEP][PASSED] - if (i == 4 &amp;&amp; wildList.indexOf(symbol) != -1): null

2019-08-15 16:24:51 - [TEST_STEP][PASSED] - symbols = symbols: null

2019-08-15 16:24:51 - [TEST_STEP][PASSED] - for ([j = 0, j &lt; symbols.size(), (j++)]): null

2019-08-15 16:24:51 - [TEST_STEP][PASSED] - symbol = symbol: null

2019-08-15 16:24:51 - [TEST_STEP][PASSED] - println(symbol): null

2019-08-15 16:24:51 - [TEST_STEP][PASSED] - if (i == 2 &amp;&amp; wildList.indexOf(symbol) != -1): null

2019-08-15 16:24:51 - [TEST_STEP][PASSED] - if (i == 3 &amp;&amp; wildList.indexOf(symbol) != -1): null

2019-08-15 16:24:51 - [TEST_STEP][PASSED] - if (i == 4 &amp;&amp; wildList.indexOf(symbol) != -1): null

2019-08-15 16:24:51 - [TEST_STEP][PASSED] - symbol = symbol: null

2019-08-15 16:24:51 - [TEST_STEP][PASSED] - println(symbol): null

2019-08-15 16:24:51 - [TEST_STEP][PASSED] - if (i == 2 &amp;&amp; wildList.indexOf(symbol) != -1): null

2019-08-15 16:24:51 - [TEST_STEP][PASSED] - if (i == 3 &amp;&amp; wildList.indexOf(symbol) != -1): null

2019-08-15 16:24:51 - [TEST_STEP][PASSED] - println("wild found on reel 4, adding counter by 1"): null

2019-08-15 16:24:51 - [TEST_STEP][PASSED] - free_spin_reel_counter[1] = free_spin_reel_counter[1] + 1: null

2019-08-15 16:24:51 - [TEST_STEP][PASSED] - if (i == 4 &amp;&amp; wildList.indexOf(symbol) != -1): null

2019-08-15 16:24:51 - [TEST_STEP][PASSED] - symbol = symbol: null

2019-08-15 16:24:51 - [TEST_STEP][PASSED] - println(symbol): null

2019-08-15 16:24:51 - [TEST_STEP][PASSED] - if (i == 2 &amp;&amp; wildList.indexOf(symbol) != -1): null

2019-08-15 16:24:51 - [TEST_STEP][PASSED] - if (i == 3 &amp;&amp; wildList.indexOf(symbol) != -1): null

2019-08-15 16:24:51 - [TEST_STEP][PASSED] - if (i == 4 &amp;&amp; wildList.indexOf(symbol) != -1): null

2019-08-15 16:24:51 - [TEST_STEP][PASSED] - symbols = symbols: null

2019-08-15 16:24:51 - [TEST_STEP][PASSED] - for ([j = 0, j &lt; symbols.size(), (j++)]): null

2019-08-15 16:24:51 - [TEST_STEP][PASSED] - symbol = symbol: null

2019-08-15 16:24:51 - [TEST_STEP][PASSED] - println(symbol): null

2019-08-15 16:24:51 - [TEST_STEP][PASSED] - if (i == 2 &amp;&amp; wildList.indexOf(symbol) != -1): null

2019-08-15 16:24:51 - [TEST_STEP][PASSED] - if (i == 3 &amp;&amp; wildList.indexOf(symbol) != -1): null

2019-08-15 16:24:51 - [TEST_STEP][PASSED] - if (i == 4 &amp;&amp; wildList.indexOf(symbol) != -1): null

2019-08-15 16:24:51 - [TEST_STEP][PASSED] - symbol = symbol: null

2019-08-15 16:24:51 - [TEST_STEP][PASSED] - println(symbol): null

2019-08-15 16:24:51 - [TEST_STEP][PASSED] - if (i == 2 &amp;&amp; wildList.indexOf(symbol) != -1): null

2019-08-15 16:24:51 - [TEST_STEP][PASSED] - if (i == 3 &amp;&amp; wildList.indexOf(symbol) != -1): null

2019-08-15 16:24:51 - [TEST_STEP][PASSED] - if (i == 4 &amp;&amp; wildList.indexOf(symbol) != -1): null

2019-08-15 16:24:51 - [TEST_STEP][PASSED] - symbol = symbol: null

2019-08-15 16:24:51 - [TEST_STEP][PASSED] - println(symbol): null

2019-08-15 16:24:51 - [TEST_STEP][PASSED] - if (i == 2 &amp;&amp; wildList.indexOf(symbol) != -1): null

2019-08-15 16:24:51 - [TEST_STEP][PASSED] - if (i == 3 &amp;&amp; wildList.indexOf(symbol) != -1): null

2019-08-15 16:24:51 - [TEST_STEP][PASSED] - if (i == 4 &amp;&amp; wildList.indexOf(symbol) != -1): null

2019-08-15 16:24:51 - [TEST_STEP][PASSED] - free_spin_reel_counter = free_spin_reel_counter: null

2019-08-15 16:24:51 - [TEST_STEP][PASSED] - println("reel 3 wild found: " + free_spin_reel_counter[0]): null

2019-08-15 16:24:51 - [TEST_STEP][PASSED] - println("reel 4 wild found: " + free_spin_reel_counter[1]): null

2019-08-15 16:24:51 - [TEST_STEP][PASSED] - println("reel 5 wild found: " + free_spin_reel_counter[2]): null

2019-08-15 16:24:51 - [TEST_STEP][PASSED] - M4_spin_reels = M4_spin_reels: null

2019-08-15 16:24:51 - [TEST_STEP][PASSED] - M4_spin_reels_symbols = symbol: null

2019-08-15 16:24:51 - [TEST_STEP][PASSED] - M4_spin_reels_symbols = M4_spin_reels_symbols: null

2019-08-15 16:24:51 - [TEST_STEP][PASSED] - M4_spin_reel_wins = reel_wins: null

2019-08-15 16:24:51 - [TEST_STEP][PASSED] - M4_spin_reel_wins = M4_spin_reel_wins: null

2019-08-15 16:24:51 - [TEST_STEP][PASSED] - println("GlobalVariable.M4_spin_reel_wins is: " + M4_spin_reel_wins): null

2019-08-15 16:24:51 - [TEST_STEP][PASSED] - M4_spin_total_bonus_win_this_round = total_bonus_win_this_round: null

2019-08-15 16:24:51 - [TEST_STEP][PASSED] - M4_spin_total_bonus_win_this_round = M4_spin_total_bonus_win_this_round: null

2019-08-15 16:24:51 - [TEST_STEP][PASSED] - println("GlobalVariable.M4_spin_total_bonus_win_this_round is: " + M4_spin_total_bonus_win_this_round): null

2019-08-15 16:24:51 - [MESSAGE][PASSED] - Verify response successfully

2019-08-15 16:24:51 - [MESSAGE][PASSED] - Send request and verify the response successfully

2019-08-15 16:24:51 - [TEST_STEP][PASSED] - if (M4_total_bonus_spins_int != 0 &amp;&amp; M4_spin_reels_symbols[2].contains("WILD_Normal") || M4_spin_reels_symbols[3].contains("WILD_Normal") || M4_spin_reels_symbols[4].contains("WILD_Normal")): null

2019-08-15 16:24:51 - [TEST_STEP][PASSED] - free_spin_reel_counter = free_spin_reel_counter: null

2019-08-15 16:24:51 - [TEST_STEP][PASSED] - M4_spin_reels_symbols = M4_spin_reels_symbols: null

2019-08-15 16:24:51 - [TEST_STEP][PASSED] - M4_total_bonus_spins = M4_total_bonus_spins: null

2019-08-15 16:24:51 - [TEST_STEP][PASSED] - spin_result = sendRequestAndVerify(findTestObject("STG/RGS(M4)/1_M4_spin", ["M4_login_user_id":M4_login_user_id, "rgs_session_token":rgs_session_token, "partner":Partner])): Send request and verify the response successfully

2019-08-15 16:24:51 - [TEST_CASE][PASSED] - Start Test Case : Verification: Verification accomplished successfully

2019-08-15 16:24:51 - [TEST_STEP][PASSED] - request = getInstance().getCurrentRequest(): null

2019-08-15 16:24:51 - [TEST_STEP][PASSED] - response = getInstance().getCurrentResponse(): null

2019-08-15 16:24:51 - [TEST_STEP][PASSED] - verifyResponseStatusCode(response, 200): Verify response status code successfully

2019-08-15 16:24:51 - [MESSAGE][PASSED] - Verify response status code successfully

2019-08-15 16:24:51 - [TEST_STEP][PASSED] - getStatusCode()).isEqualTo(200): null

2019-08-15 16:24:51 - [TEST_STEP][PASSED] - newline = System.getProperty("line.separator"): null

2019-08-15 16:24:51 - [TEST_STEP][PASSED] - M4_spin = new groovy.json.JsonSlurper(): null

2019-08-15 16:24:51 - [TEST_STEP][PASSED] - result_M4_spin = M4_spin.parseText(response.getResponseBodyContent()): null

2019-08-15 16:24:51 - [TEST_STEP][PASSED] - M4_spin_current_balance = current_balance: null

2019-08-15 16:24:51 - [TEST_STEP][PASSED] - M4_spin_current_balance = M4_spin_current_balance: null

2019-08-15 16:24:51 - [TEST_STEP][PASSED] - M4_spin_transaction_id = causality: null

2019-08-15 16:24:51 - [TEST_STEP][PASSED] - M4_spin_transaction_id = M4_spin_transaction_id: null

2019-08-15 16:24:51 - [TEST_STEP][PASSED] - M4_spin_round_id = round_id: null

2019-08-15 16:24:51 - [TEST_STEP][PASSED] - M4_spin_round_id = M4_spin_round_id: null

2019-08-15 16:24:51 - [TEST_STEP][PASSED] - M4_spin_line_wins = line_wins: null

2019-08-15 16:24:51 - [TEST_STEP][PASSED] - M4_spin_line_wins = M4_spin_line_wins: null

2019-08-15 16:24:51 - [TEST_STEP][PASSED] - M4_total_bonus_spins_int = total_bonus_spins: null

2019-08-15 16:24:51 - [TEST_STEP][PASSED] - println("******M4_total_bonus_spins type is:*******" + newline + getClass().getName()): null

2019-08-15 16:24:51 - [TEST_STEP][PASSED] - M4_total_bonus_spins_int = M4_total_bonus_spins_int: null

2019-08-15 16:24:51 - [TEST_STEP][PASSED] - M4_total_bonus_spins = Integer.toString(M4_total_bonus_spins_int): null

2019-08-15 16:24:51 - [TEST_STEP][PASSED] - M4_total_bonus_spins = M4_total_bonus_spins: null

2019-08-15 16:24:51 - [TEST_STEP][PASSED] - println("M4_total_bonus_spins is:" + M4_total_bonus_spins): null

2019-08-15 16:24:55 - [TEST_STEP][PASSED] - M4_spin_bonus_data = bonus_data: null

2019-08-15 16:24:55 - [TEST_STEP][PASSED] - M4_spin_features_triggered = result_M4_spin: null

2019-08-15 16:24:55 - [TEST_STEP][PASSED] - wild = []: null

2019-08-15 16:24:55 - [TEST_STEP][PASSED] - wild[0] = "WILD_Expanding": null

2019-08-15 16:24:55 - [TEST_STEP][PASSED] - wild[1] = "WILD_Normal": null

2019-08-15 16:24:55 - [TEST_STEP][PASSED] - wild[2] = "WILD_Double": null

2019-08-15 16:24:55 - [TEST_STEP][PASSED] - wild[3] = "WILD_ExtraFG": null

2019-08-15 16:24:55 - [TEST_STEP][PASSED] - wild[4] = "WILD_Triple": null

2019-08-15 16:24:55 - [TEST_STEP][PASSED] - wildList = Arrays.asList(wild): null

2019-08-15 16:24:55 - [TEST_STEP][PASSED] - wildList = wildList: null

2019-08-15 16:24:55 - [TEST_STEP][PASSED] - free_spin_reel_counter = []: null

2019-08-15 16:24:55 - [TEST_STEP][PASSED] - free_spin_reel_counter[0] = 0: null

2019-08-15 16:24:55 - [TEST_STEP][PASSED] - free_spin_reel_counter[1] = 0: null

2019-08-15 16:24:55 - [TEST_STEP][PASSED] - free_spin_reel_counter[2] = 0: null

2019-08-15 16:24:55 - [TEST_STEP][PASSED] - M4_spin_reels = reels: null

2019-08-15 16:24:55 - [TEST_STEP][PASSED] - for ([i = 0, i &lt; M4_spin_reels.size(), (i++)]): null

2019-08-15 16:24:55 - [TEST_STEP][PASSED] - symbols = symbols: null

2019-08-15 16:24:55 - [TEST_STEP][PASSED] - for ([j = 0, j &lt; symbols.size(), (j++)]): null

2019-08-15 16:24:55 - [TEST_STEP][PASSED] - symbol = symbol: null

2019-08-15 16:24:55 - [TEST_STEP][PASSED] - println(symbol): null

2019-08-15 16:24:55 - [TEST_STEP][PASSED] - if (i == 2 &amp;&amp; wildList.indexOf(symbol) != -1): null

2019-08-15 16:24:55 - [TEST_STEP][PASSED] - if (i == 3 &amp;&amp; wildList.indexOf(symbol) != -1): null

2019-08-15 16:24:55 - [TEST_STEP][PASSED] - if (i == 4 &amp;&amp; wildList.indexOf(symbol) != -1): null

2019-08-15 16:24:55 - [TEST_STEP][PASSED] - symbol = symbol: null

2019-08-15 16:24:55 - [TEST_STEP][PASSED] - println(symbol): null

2019-08-15 16:24:55 - [TEST_STEP][PASSED] - if (i == 2 &amp;&amp; wildList.indexOf(symbol) != -1): null

2019-08-15 16:24:55 - [TEST_STEP][PASSED] - if (i == 3 &amp;&amp; wildList.indexOf(symbol) != -1): null

2019-08-15 16:24:55 - [TEST_STEP][PASSED] - if (i == 4 &amp;&amp; wildList.indexOf(symbol) != -1): null

2019-08-15 16:24:55 - [TEST_STEP][PASSED] - symbol = symbol: null

2019-08-15 16:24:55 - [TEST_STEP][PASSED] - println(symbol): null

2019-08-15 16:24:55 - [TEST_STEP][PASSED] - if (i == 2 &amp;&amp; wildList.indexOf(symbol) != -1): null

2019-08-15 16:24:55 - [TEST_STEP][PASSED] - if (i == 3 &amp;&amp; wildList.indexOf(symbol) != -1): null

2019-08-15 16:24:55 - [TEST_STEP][PASSED] - if (i == 4 &amp;&amp; wildList.indexOf(symbol) != -1): null

2019-08-15 16:24:55 - [TEST_STEP][PASSED] - symbols = symbols: null

2019-08-15 16:24:55 - [TEST_STEP][PASSED] - for ([j = 0, j &lt; symbols.size(), (j++)]): null

2019-08-15 16:24:55 - [TEST_STEP][PASSED] - symbol = symbol: null

2019-08-15 16:24:55 - [TEST_STEP][PASSED] - println(symbol): null

2019-08-15 16:24:55 - [TEST_STEP][PASSED] - if (i == 2 &amp;&amp; wildList.indexOf(symbol) != -1): null

2019-08-15 16:24:55 - [TEST_STEP][PASSED] - if (i == 3 &amp;&amp; wildList.indexOf(symbol) != -1): null

2019-08-15 16:24:55 - [TEST_STEP][PASSED] - if (i == 4 &amp;&amp; wildList.indexOf(symbol) != -1): null

2019-08-15 16:24:55 - [TEST_STEP][PASSED] - symbol = symbol: null

2019-08-15 16:24:55 - [TEST_STEP][PASSED] - println(symbol): null

2019-08-15 16:24:55 - [TEST_STEP][PASSED] - if (i == 2 &amp;&amp; wildList.indexOf(symbol) != -1): null

2019-08-15 16:24:55 - [TEST_STEP][PASSED] - if (i == 3 &amp;&amp; wildList.indexOf(symbol) != -1): null

2019-08-15 16:24:55 - [TEST_STEP][PASSED] - if (i == 4 &amp;&amp; wildList.indexOf(symbol) != -1): null

2019-08-15 16:24:55 - [TEST_STEP][PASSED] - symbol = symbol: null

2019-08-15 16:24:55 - [TEST_STEP][PASSED] - println(symbol): null

2019-08-15 16:24:55 - [TEST_STEP][PASSED] - if (i == 2 &amp;&amp; wildList.indexOf(symbol) != -1): null

2019-08-15 16:24:55 - [TEST_STEP][PASSED] - if (i == 3 &amp;&amp; wildList.indexOf(symbol) != -1): null

2019-08-15 16:24:55 - [TEST_STEP][PASSED] - if (i == 4 &amp;&amp; wildList.indexOf(symbol) != -1): null

2019-08-15 16:24:55 - [TEST_STEP][PASSED] - symbols = symbols: null

2019-08-15 16:24:55 - [TEST_STEP][PASSED] - for ([j = 0, j &lt; symbols.size(), (j++)]): null

2019-08-15 16:24:55 - [TEST_STEP][PASSED] - symbol = symbol: null

2019-08-15 16:24:55 - [TEST_STEP][PASSED] - println(symbol): null

2019-08-15 16:24:55 - [TEST_STEP][PASSED] - if (i == 2 &amp;&amp; wildList.indexOf(symbol) != -1): null

2019-08-15 16:24:55 - [TEST_STEP][PASSED] - if (i == 3 &amp;&amp; wildList.indexOf(symbol) != -1): null

2019-08-15 16:24:55 - [TEST_STEP][PASSED] - if (i == 4 &amp;&amp; wildList.indexOf(symbol) != -1): null

2019-08-15 16:24:55 - [TEST_STEP][PASSED] - symbol = symbol: null

2019-08-15 16:24:55 - [TEST_STEP][PASSED] - println(symbol): null

2019-08-15 16:24:55 - [TEST_STEP][PASSED] - if (i == 2 &amp;&amp; wildList.indexOf(symbol) != -1): null

2019-08-15 16:24:55 - [TEST_STEP][PASSED] - if (i == 3 &amp;&amp; wildList.indexOf(symbol) != -1): null

2019-08-15 16:24:55 - [TEST_STEP][PASSED] - if (i == 4 &amp;&amp; wildList.indexOf(symbol) != -1): null

2019-08-15 16:24:55 - [TEST_STEP][PASSED] - symbol = symbol: null

2019-08-15 16:24:55 - [TEST_STEP][PASSED] - println(symbol): null

2019-08-15 16:24:55 - [TEST_STEP][PASSED] - if (i == 2 &amp;&amp; wildList.indexOf(symbol) != -1): null

2019-08-15 16:24:55 - [TEST_STEP][PASSED] - if (i == 3 &amp;&amp; wildList.indexOf(symbol) != -1): null

2019-08-15 16:24:55 - [TEST_STEP][PASSED] - if (i == 4 &amp;&amp; wildList.indexOf(symbol) != -1): null

2019-08-15 16:24:55 - [TEST_STEP][PASSED] - symbols = symbols: null

2019-08-15 16:24:55 - [TEST_STEP][PASSED] - for ([j = 0, j &lt; symbols.size(), (j++)]): null

2019-08-15 16:24:55 - [TEST_STEP][PASSED] - symbol = symbol: null

2019-08-15 16:24:55 - [TEST_STEP][PASSED] - println(symbol): null

2019-08-15 16:24:55 - [TEST_STEP][PASSED] - if (i == 2 &amp;&amp; wildList.indexOf(symbol) != -1): null

2019-08-15 16:24:55 - [TEST_STEP][PASSED] - if (i == 3 &amp;&amp; wildList.indexOf(symbol) != -1): null

2019-08-15 16:24:55 - [TEST_STEP][PASSED] - if (i == 4 &amp;&amp; wildList.indexOf(symbol) != -1): null

2019-08-15 16:24:55 - [TEST_STEP][PASSED] - symbol = symbol: null

2019-08-15 16:24:55 - [TEST_STEP][PASSED] - println(symbol): null

2019-08-15 16:24:55 - [TEST_STEP][PASSED] - if (i == 2 &amp;&amp; wildList.indexOf(symbol) != -1): null

2019-08-15 16:24:55 - [TEST_STEP][PASSED] - if (i == 3 &amp;&amp; wildList.indexOf(symbol) != -1): null

2019-08-15 16:24:55 - [TEST_STEP][PASSED] - if (i == 4 &amp;&amp; wildList.indexOf(symbol) != -1): null

2019-08-15 16:24:55 - [TEST_STEP][PASSED] - symbol = symbol: null

2019-08-15 16:24:55 - [TEST_STEP][PASSED] - println(symbol): null

2019-08-15 16:24:55 - [TEST_STEP][PASSED] - if (i == 2 &amp;&amp; wildList.indexOf(symbol) != -1): null

2019-08-15 16:24:55 - [TEST_STEP][PASSED] - if (i == 3 &amp;&amp; wildList.indexOf(symbol) != -1): null

2019-08-15 16:24:55 - [TEST_STEP][PASSED] - if (i == 4 &amp;&amp; wildList.indexOf(symbol) != -1): null

2019-08-15 16:24:55 - [TEST_STEP][PASSED] - symbols = symbols: null

2019-08-15 16:24:55 - [TEST_STEP][PASSED] - for ([j = 0, j &lt; symbols.size(), (j++)]): null

2019-08-15 16:24:55 - [TEST_STEP][PASSED] - symbol = symbol: null

2019-08-15 16:24:55 - [TEST_STEP][PASSED] - println(symbol): null

2019-08-15 16:24:55 - [TEST_STEP][PASSED] - if (i == 2 &amp;&amp; wildList.indexOf(symbol) != -1): null

2019-08-15 16:24:55 - [TEST_STEP][PASSED] - if (i == 3 &amp;&amp; wildList.indexOf(symbol) != -1): null

2019-08-15 16:24:55 - [TEST_STEP][PASSED] - if (i == 4 &amp;&amp; wildList.indexOf(symbol) != -1): null

2019-08-15 16:24:55 - [TEST_STEP][PASSED] - symbol = symbol: null

2019-08-15 16:24:55 - [TEST_STEP][PASSED] - println(symbol): null

2019-08-15 16:24:55 - [TEST_STEP][PASSED] - if (i == 2 &amp;&amp; wildList.indexOf(symbol) != -1): null

2019-08-15 16:24:55 - [TEST_STEP][PASSED] - if (i == 3 &amp;&amp; wildList.indexOf(symbol) != -1): null

2019-08-15 16:24:55 - [TEST_STEP][PASSED] - if (i == 4 &amp;&amp; wildList.indexOf(symbol) != -1): null

2019-08-15 16:24:55 - [TEST_STEP][PASSED] - symbol = symbol: null

2019-08-15 16:24:55 - [TEST_STEP][PASSED] - println(symbol): null

2019-08-15 16:24:55 - [TEST_STEP][PASSED] - if (i == 2 &amp;&amp; wildList.indexOf(symbol) != -1): null

2019-08-15 16:24:55 - [TEST_STEP][PASSED] - if (i == 3 &amp;&amp; wildList.indexOf(symbol) != -1): null

2019-08-15 16:24:55 - [TEST_STEP][PASSED] - if (i == 4 &amp;&amp; wildList.indexOf(symbol) != -1): null

2019-08-15 16:24:55 - [TEST_STEP][PASSED] - free_spin_reel_counter = free_spin_reel_counter: null

2019-08-15 16:24:55 - [TEST_STEP][PASSED] - println("reel 3 wild found: " + free_spin_reel_counter[0]): null

2019-08-15 16:24:55 - [TEST_STEP][PASSED] - println("reel 4 wild found: " + free_spin_reel_counter[1]): null

2019-08-15 16:24:55 - [TEST_STEP][PASSED] - println("reel 5 wild found: " + free_spin_reel_counter[2]): null

2019-08-15 16:24:55 - [TEST_STEP][PASSED] - M4_spin_reels = M4_spin_reels: null

2019-08-15 16:24:55 - [TEST_STEP][PASSED] - M4_spin_reels_symbols = symbol: null

2019-08-15 16:24:55 - [TEST_STEP][PASSED] - M4_spin_reels_symbols = M4_spin_reels_symbols: null

2019-08-15 16:24:55 - [TEST_STEP][PASSED] - M4_spin_reel_wins = reel_wins: null

2019-08-15 16:24:55 - [TEST_STEP][PASSED] - M4_spin_reel_wins = M4_spin_reel_wins: null

2019-08-15 16:24:55 - [TEST_STEP][PASSED] - println("GlobalVariable.M4_spin_reel_wins is: " + M4_spin_reel_wins): null

2019-08-15 16:24:55 - [TEST_STEP][PASSED] - M4_spin_total_bonus_win_this_round = total_bonus_win_this_round: null

2019-08-15 16:24:55 - [TEST_STEP][PASSED] - M4_spin_total_bonus_win_this_round = M4_spin_total_bonus_win_this_round: null

2019-08-15 16:24:55 - [TEST_STEP][PASSED] - println("GlobalVariable.M4_spin_total_bonus_win_this_round is: " + M4_spin_total_bonus_win_this_round): null

2019-08-15 16:24:55 - [MESSAGE][PASSED] - Verify response successfully

2019-08-15 16:24:55 - [MESSAGE][PASSED] - Send request and verify the response successfully

2019-08-15 16:24:55 - [TEST_STEP][PASSED] - if (M4_total_bonus_spins_int != 0 &amp;&amp; M4_spin_reels_symbols[2].contains("WILD_Normal") || M4_spin_reels_symbols[3].contains("WILD_Normal") || M4_spin_reels_symbols[4].contains("WILD_Normal")): null

2019-08-15 16:24:55 - [TEST_STEP][PASSED] - free_spin_reel_counter = free_spin_reel_counter: null

2019-08-15 16:24:55 - [TEST_STEP][PASSED] - M4_spin_reels_symbols = M4_spin_reels_symbols: null

2019-08-15 16:24:55 - [TEST_STEP][PASSED] - M4_total_bonus_spins = M4_total_bonus_spins: null

2019-08-15 16:24:55 - [TEST_STEP][PASSED] - spin_result = sendRequestAndVerify(findTestObject("STG/RGS(M4)/1_M4_spin", ["M4_login_user_id":M4_login_user_id, "rgs_session_token":rgs_session_token, "partner":Partner])): Send request and verify the response successfully

2019-08-15 16:24:55 - [TEST_CASE][PASSED] - Start Test Case : Verification: Verification accomplished successfully

2019-08-15 16:24:55 - [TEST_STEP][PASSED] - request = getInstance().getCurrentRequest(): null

2019-08-15 16:24:55 - [TEST_STEP][PASSED] - response = getInstance().getCurrentResponse(): null

2019-08-15 16:24:55 - [TEST_STEP][PASSED] - verifyResponseStatusCode(response, 200): Verify response status code successfully

2019-08-15 16:24:55 - [MESSAGE][PASSED] - Verify response status code successfully

2019-08-15 16:24:55 - [TEST_STEP][PASSED] - getStatusCode()).isEqualTo(200): null

2019-08-15 16:24:55 - [TEST_STEP][PASSED] - newline = System.getProperty("line.separator"): null

2019-08-15 16:24:55 - [TEST_STEP][PASSED] - M4_spin = new groovy.json.JsonSlurper(): null

2019-08-15 16:24:55 - [TEST_STEP][PASSED] - result_M4_spin = M4_spin.parseText(response.getResponseBodyContent()): null

2019-08-15 16:24:55 - [TEST_STEP][PASSED] - M4_spin_current_balance = current_balance: null

2019-08-15 16:24:55 - [TEST_STEP][PASSED] - M4_spin_current_balance = M4_spin_current_balance: null

2019-08-15 16:24:55 - [TEST_STEP][PASSED] - M4_spin_transaction_id = causality: null

2019-08-15 16:24:55 - [TEST_STEP][PASSED] - M4_spin_transaction_id = M4_spin_transaction_id: null

2019-08-15 16:24:55 - [TEST_STEP][PASSED] - M4_spin_round_id = round_id: null

2019-08-15 16:24:55 - [TEST_STEP][PASSED] - M4_spin_round_id = M4_spin_round_id: null

2019-08-15 16:24:55 - [TEST_STEP][PASSED] - M4_spin_line_wins = line_wins: null

2019-08-15 16:24:55 - [TEST_STEP][PASSED] - M4_spin_line_wins = M4_spin_line_wins: null

2019-08-15 16:24:55 - [TEST_STEP][PASSED] - M4_total_bonus_spins_int = total_bonus_spins: null

2019-08-15 16:24:55 - [TEST_STEP][PASSED] - println("******M4_total_bonus_spins type is:*******" + newline + getClass().getName()): null

2019-08-15 16:24:55 - [TEST_STEP][PASSED] - M4_total_bonus_spins_int = M4_total_bonus_spins_int: null

2019-08-15 16:24:55 - [TEST_STEP][PASSED] - M4_total_bonus_spins = Integer.toString(M4_total_bonus_spins_int): null

2019-08-15 16:24:55 - [TEST_STEP][PASSED] - M4_total_bonus_spins = M4_total_bonus_spins: null

2019-08-15 16:24:55 - [TEST_STEP][PASSED] - println("M4_total_bonus_spins is:" + M4_total_bonus_spins): null

2019-08-15 16:24:55 - [TEST_STEP][PASSED] - M4_spin_bonus_data = bonus_data: null

2019-08-15 16:24:55 - [TEST_STEP][PASSED] - M4_spin_features_triggered = result_M4_spin: null

2019-08-15 16:24:55 - [TEST_STEP][PASSED] - wild = []: null

2019-08-15 16:24:55 - [TEST_STEP][PASSED] - wild[0] = "WILD_Expanding": null

2019-08-15 16:24:55 - [TEST_STEP][PASSED] - wild[1] = "WILD_Normal": null

2019-08-15 16:24:55 - [TEST_STEP][PASSED] - wild[2] = "WILD_Double": null

2019-08-15 16:24:55 - [TEST_STEP][PASSED] - wild[3] = "WILD_ExtraFG": null

2019-08-15 16:24:55 - [TEST_STEP][PASSED] - wild[4] = "WILD_Triple": null

2019-08-15 16:24:55 - [TEST_STEP][PASSED] - wildList = Arrays.asList(wild): null

2019-08-15 16:24:55 - [TEST_STEP][PASSED] - wildList = wildList: null

2019-08-15 16:24:55 - [TEST_STEP][PASSED] - free_spin_reel_counter = []: null

2019-08-15 16:24:55 - [TEST_STEP][PASSED] - free_spin_reel_counter[0] = 0: null

2019-08-15 16:24:55 - [TEST_STEP][PASSED] - free_spin_reel_counter[1] = 0: null

2019-08-15 16:24:55 - [TEST_STEP][PASSED] - free_spin_reel_counter[2] = 0: null

2019-08-15 16:24:55 - [TEST_STEP][PASSED] - M4_spin_reels = reels: null

2019-08-15 16:24:55 - [TEST_STEP][PASSED] - for ([i = 0, i &lt; M4_spin_reels.size(), (i++)]): null

2019-08-15 16:24:55 - [TEST_STEP][PASSED] - symbols = symbols: null

2019-08-15 16:24:55 - [TEST_STEP][PASSED] - for ([j = 0, j &lt; symbols.size(), (j++)]): null

2019-08-15 16:24:55 - [TEST_STEP][PASSED] - symbol = symbol: null

2019-08-15 16:24:55 - [TEST_STEP][PASSED] - println(symbol): null

2019-08-15 16:24:55 - [TEST_STEP][PASSED] - if (i == 2 &amp;&amp; wildList.indexOf(symbol) != -1): null

2019-08-15 16:24:55 - [TEST_STEP][PASSED] - if (i == 3 &amp;&amp; wildList.indexOf(symbol) != -1): null

2019-08-15 16:24:55 - [TEST_STEP][PASSED] - if (i == 4 &amp;&amp; wildList.indexOf(symbol) != -1): null

2019-08-15 16:24:55 - [TEST_STEP][PASSED] - symbol = symbol: null

2019-08-15 16:24:55 - [TEST_STEP][PASSED] - println(symbol): null

2019-08-15 16:24:55 - [TEST_STEP][PASSED] - if (i == 2 &amp;&amp; wildList.indexOf(symbol) != -1): null

2019-08-15 16:24:55 - [TEST_STEP][PASSED] - if (i == 3 &amp;&amp; wildList.indexOf(symbol) != -1): null

2019-08-15 16:24:55 - [TEST_STEP][PASSED] - if (i == 4 &amp;&amp; wildList.indexOf(symbol) != -1): null

2019-08-15 16:24:55 - [TEST_STEP][PASSED] - symbol = symbol: null

2019-08-15 16:24:55 - [TEST_STEP][PASSED] - println(symbol): null

2019-08-15 16:24:55 - [TEST_STEP][PASSED] - if (i == 2 &amp;&amp; wildList.indexOf(symbol) != -1): null

2019-08-15 16:24:55 - [TEST_STEP][PASSED] - if (i == 3 &amp;&amp; wildList.indexOf(symbol) != -1): null

2019-08-15 16:24:55 - [TEST_STEP][PASSED] - if (i == 4 &amp;&amp; wildList.indexOf(symbol) != -1): null

2019-08-15 16:24:55 - [TEST_STEP][PASSED] - symbols = symbols: null

2019-08-15 16:24:55 - [TEST_STEP][PASSED] - for ([j = 0, j &lt; symbols.size(), (j++)]): null

2019-08-15 16:24:55 - [TEST_STEP][PASSED] - symbol = symbol: null

2019-08-15 16:24:55 - [TEST_STEP][PASSED] - println(symbol): null

2019-08-15 16:24:55 - [TEST_STEP][PASSED] - if (i == 2 &amp;&amp; wildList.indexOf(symbol) != -1): null

2019-08-15 16:24:55 - [TEST_STEP][PASSED] - if (i == 3 &amp;&amp; wildList.indexOf(symbol) != -1): null

2019-08-15 16:24:55 - [TEST_STEP][PASSED] - if (i == 4 &amp;&amp; wildList.indexOf(symbol) != -1): null

2019-08-15 16:24:55 - [TEST_STEP][PASSED] - symbol = symbol: null

2019-08-15 16:24:55 - [TEST_STEP][PASSED] - println(symbol): null

2019-08-15 16:24:55 - [TEST_STEP][PASSED] - if (i == 2 &amp;&amp; wildList.indexOf(symbol) != -1): null

2019-08-15 16:24:55 - [TEST_STEP][PASSED] - if (i == 3 &amp;&amp; wildList.indexOf(symbol) != -1): null

2019-08-15 16:24:55 - [TEST_STEP][PASSED] - if (i == 4 &amp;&amp; wildList.indexOf(symbol) != -1): null

2019-08-15 16:24:55 - [TEST_STEP][PASSED] - symbol = symbol: null

2019-08-15 16:24:55 - [TEST_STEP][PASSED] - println(symbol): null

2019-08-15 16:24:55 - [TEST_STEP][PASSED] - if (i == 2 &amp;&amp; wildList.indexOf(symbol) != -1): null

2019-08-15 16:24:55 - [TEST_STEP][PASSED] - if (i == 3 &amp;&amp; wildList.indexOf(symbol) != -1): null

2019-08-15 16:24:55 - [TEST_STEP][PASSED] - if (i == 4 &amp;&amp; wildList.indexOf(symbol) != -1): null

2019-08-15 16:24:55 - [TEST_STEP][PASSED] - symbols = symbols: null

2019-08-15 16:24:55 - [TEST_STEP][PASSED] - for ([j = 0, j &lt; symbols.size(), (j++)]): null

2019-08-15 16:24:55 - [TEST_STEP][PASSED] - symbol = symbol: null

2019-08-15 16:24:55 - [TEST_STEP][PASSED] - println(symbol): null

2019-08-15 16:24:55 - [TEST_STEP][PASSED] - if (i == 2 &amp;&amp; wildList.indexOf(symbol) != -1): null

2019-08-15 16:24:55 - [TEST_STEP][PASSED] - if (i == 3 &amp;&amp; wildList.indexOf(symbol) != -1): null

2019-08-15 16:24:55 - [TEST_STEP][PASSED] - if (i == 4 &amp;&amp; wildList.indexOf(symbol) != -1): null

2019-08-15 16:24:55 - [TEST_STEP][PASSED] - symbol = symbol: null

2019-08-15 16:24:55 - [TEST_STEP][PASSED] - println(symbol): null

2019-08-15 16:24:55 - [TEST_STEP][PASSED] - if (i == 2 &amp;&amp; wildList.indexOf(symbol) != -1): null

2019-08-15 16:24:55 - [TEST_STEP][PASSED] - println("wild found on reel 3, adding counter by 1"): null

2019-08-15 16:24:55 - [TEST_STEP][PASSED] - free_spin_reel_counter[0] = free_spin_reel_counter[0] + 1: null

2019-08-15 16:24:55 - [TEST_STEP][PASSED] - if (i == 3 &amp;&amp; wildList.indexOf(symbol) != -1): null

2019-08-15 16:24:55 - [TEST_STEP][PASSED] - if (i == 4 &amp;&amp; wildList.indexOf(symbol) != -1): null

2019-08-15 16:24:55 - [TEST_STEP][PASSED] - symbol = symbol: null

2019-08-15 16:24:55 - [TEST_STEP][PASSED] - println(symbol): null

2019-08-15 16:24:55 - [TEST_STEP][PASSED] - if (i == 2 &amp;&amp; wildList.indexOf(symbol) != -1): null

2019-08-15 16:24:55 - [TEST_STEP][PASSED] - if (i == 3 &amp;&amp; wildList.indexOf(symbol) != -1): null

2019-08-15 16:24:55 - [TEST_STEP][PASSED] - if (i == 4 &amp;&amp; wildList.indexOf(symbol) != -1): null

2019-08-15 16:24:55 - [TEST_STEP][PASSED] - symbols = symbols: null

2019-08-15 16:24:55 - [TEST_STEP][PASSED] - for ([j = 0, j &lt; symbols.size(), (j++)]): null

2019-08-15 16:24:55 - [TEST_STEP][PASSED] - symbol = symbol: null

2019-08-15 16:24:55 - [TEST_STEP][PASSED] - println(symbol): null

2019-08-15 16:24:55 - [TEST_STEP][PASSED] - if (i == 2 &amp;&amp; wildList.indexOf(symbol) != -1): null

2019-08-15 16:24:55 - [TEST_STEP][PASSED] - if (i == 3 &amp;&amp; wildList.indexOf(symbol) != -1): null

2019-08-15 16:24:55 - [TEST_STEP][PASSED] - println("wild found on reel 4, adding counter by 1"): null

2019-08-15 16:24:55 - [TEST_STEP][PASSED] - free_spin_reel_counter[1] = free_spin_reel_counter[1] + 1: null

2019-08-15 16:24:55 - [TEST_STEP][PASSED] - if (i == 4 &amp;&amp; wildList.indexOf(symbol) != -1): null

2019-08-15 16:24:55 - [TEST_STEP][PASSED] - symbol = symbol: null

2019-08-15 16:24:55 - [TEST_STEP][PASSED] - println(symbol): null

2019-08-15 16:24:55 - [TEST_STEP][PASSED] - if (i == 2 &amp;&amp; wildList.indexOf(symbol) != -1): null

2019-08-15 16:24:55 - [TEST_STEP][PASSED] - if (i == 3 &amp;&amp; wildList.indexOf(symbol) != -1): null

2019-08-15 16:24:55 - [TEST_STEP][PASSED] - if (i == 4 &amp;&amp; wildList.indexOf(symbol) != -1): null

2019-08-15 16:24:55 - [TEST_STEP][PASSED] - symbol = symbol: null

2019-08-15 16:24:55 - [TEST_STEP][PASSED] - println(symbol): null

2019-08-15 16:24:55 - [TEST_STEP][PASSED] - if (i == 2 &amp;&amp; wildList.indexOf(symbol) != -1): null

2019-08-15 16:24:55 - [TEST_STEP][PASSED] - if (i == 3 &amp;&amp; wildList.indexOf(symbol) != -1): null

2019-08-15 16:24:55 - [TEST_STEP][PASSED] - if (i == 4 &amp;&amp; wildList.indexOf(symbol) != -1): null

2019-08-15 16:24:55 - [TEST_STEP][PASSED] - symbols = symbols: null

2019-08-15 16:24:55 - [TEST_STEP][PASSED] - for ([j = 0, j &lt; symbols.size(), (j++)]): null

2019-08-15 16:24:55 - [TEST_STEP][PASSED] - symbol = symbol: null

2019-08-15 16:24:55 - [TEST_STEP][PASSED] - println(symbol): null

2019-08-15 16:24:55 - [TEST_STEP][PASSED] - if (i == 2 &amp;&amp; wildList.indexOf(symbol) != -1): null

2019-08-15 16:24:55 - [TEST_STEP][PASSED] - if (i == 3 &amp;&amp; wildList.indexOf(symbol) != -1): null

2019-08-15 16:24:55 - [TEST_STEP][PASSED] - if (i == 4 &amp;&amp; wildList.indexOf(symbol) != -1): null

2019-08-15 16:24:55 - [TEST_STEP][PASSED] - symbol = symbol: null

2019-08-15 16:24:55 - [TEST_STEP][PASSED] - println(symbol): null

2019-08-15 16:24:55 - [TEST_STEP][PASSED] - if (i == 2 &amp;&amp; wildList.indexOf(symbol) != -1): null

2019-08-15 16:24:55 - [TEST_STEP][PASSED] - if (i == 3 &amp;&amp; wildList.indexOf(symbol) != -1): null

2019-08-15 16:24:55 - [TEST_STEP][PASSED] - if (i == 4 &amp;&amp; wildList.indexOf(symbol) != -1): null

2019-08-15 16:24:55 - [TEST_STEP][PASSED] - symbol = symbol: null

2019-08-15 16:24:55 - [TEST_STEP][PASSED] - println(symbol): null

2019-08-15 16:24:55 - [TEST_STEP][PASSED] - if (i == 2 &amp;&amp; wildList.indexOf(symbol) != -1): null

2019-08-15 16:24:55 - [TEST_STEP][PASSED] - if (i == 3 &amp;&amp; wildList.indexOf(symbol) != -1): null

2019-08-15 16:24:55 - [TEST_STEP][PASSED] - if (i == 4 &amp;&amp; wildList.indexOf(symbol) != -1): null

2019-08-15 16:24:55 - [TEST_STEP][PASSED] - free_spin_reel_counter = free_spin_reel_counter: null

2019-08-15 16:24:55 - [TEST_STEP][PASSED] - println("reel 3 wild found: " + free_spin_reel_counter[0]): null

2019-08-15 16:24:55 - [TEST_STEP][PASSED] - println("reel 4 wild found: " + free_spin_reel_counter[1]): null

2019-08-15 16:24:55 - [TEST_STEP][PASSED] - println("reel 5 wild found: " + free_spin_reel_counter[2]): null

2019-08-15 16:24:55 - [TEST_STEP][PASSED] - M4_spin_reels = M4_spin_reels: null

2019-08-15 16:24:55 - [TEST_STEP][PASSED] - M4_spin_reels_symbols = symbol: null

2019-08-15 16:24:55 - [TEST_STEP][PASSED] - M4_spin_reels_symbols = M4_spin_reels_symbols: null

2019-08-15 16:24:55 - [TEST_STEP][PASSED] - M4_spin_reel_wins = reel_wins: null

2019-08-15 16:24:55 - [TEST_STEP][PASSED] - M4_spin_reel_wins = M4_spin_reel_wins: null

2019-08-15 16:24:55 - [TEST_STEP][PASSED] - println("GlobalVariable.M4_spin_reel_wins is: " + M4_spin_reel_wins): null

2019-08-15 16:24:55 - [TEST_STEP][PASSED] - M4_spin_total_bonus_win_this_round = total_bonus_win_this_round: null

2019-08-15 16:24:55 - [TEST_STEP][PASSED] - M4_spin_total_bonus_win_this_round = M4_spin_total_bonus_win_this_round: null

2019-08-15 16:24:55 - [TEST_STEP][PASSED] - println("GlobalVariable.M4_spin_total_bonus_win_this_round is: " + M4_spin_total_bonus_win_this_round): null

2019-08-15 16:24:55 - [MESSAGE][PASSED] - Verify response successfully

2019-08-15 16:24:55 - [MESSAGE][PASSED] - Send request and verify the response successfully

2019-08-15 16:24:55 - [TEST_STEP][PASSED] - if (M4_total_bonus_spins_int != 0 &amp;&amp; M4_spin_reels_symbols[2].contains("WILD_Normal") || M4_spin_reels_symbols[3].contains("WILD_Normal") || M4_spin_reels_symbols[4].contains("WILD_Normal")): null

2019-08-15 16:24:55 - [TEST_STEP][PASSED] - free_spin_reel_counter = free_spin_reel_counter: null

2019-08-15 16:24:55 - [TEST_STEP][PASSED] - M4_spin_reels_symbols = M4_spin_reels_symbols: null

2019-08-15 16:24:55 - [TEST_STEP][PASSED] - M4_total_bonus_spins = M4_total_bonus_spins: null

2019-08-15 16:24:55 - [TEST_STEP][PASSED] - spin_result = sendRequestAndVerify(findTestObject("STG/RGS(M4)/1_M4_spin", ["M4_login_user_id":M4_login_user_id, "rgs_session_token":rgs_session_token, "partner":Partner])): Send request and verify the response successfully

2019-08-15 16:24:56 - [TEST_CASE][PASSED] - Start Test Case : Verification: Verification accomplished successfully

2019-08-15 16:24:56 - [TEST_STEP][PASSED] - request = getInstance().getCurrentRequest(): null

2019-08-15 16:24:56 - [TEST_STEP][PASSED] - response = getInstance().getCurrentResponse(): null

2019-08-15 16:24:56 - [TEST_STEP][PASSED] - verifyResponseStatusCode(response, 200): Verify response status code successfully

2019-08-15 16:24:56 - [MESSAGE][PASSED] - Verify response status code successfully

2019-08-15 16:24:56 - [TEST_STEP][PASSED] - getStatusCode()).isEqualTo(200): null

2019-08-15 16:24:56 - [TEST_STEP][PASSED] - newline = System.getProperty("line.separator"): null

2019-08-15 16:24:56 - [TEST_STEP][PASSED] - M4_spin = new groovy.json.JsonSlurper(): null

2019-08-15 16:24:56 - [TEST_STEP][PASSED] - result_M4_spin = M4_spin.parseText(response.getResponseBodyContent()): null

2019-08-15 16:24:56 - [TEST_STEP][PASSED] - M4_spin_current_balance = current_balance: null

2019-08-15 16:24:56 - [TEST_STEP][PASSED] - M4_spin_current_balance = M4_spin_current_balance: null

2019-08-15 16:24:56 - [TEST_STEP][PASSED] - M4_spin_transaction_id = causality: null

2019-08-15 16:24:56 - [TEST_STEP][PASSED] - M4_spin_transaction_id = M4_spin_transaction_id: null

2019-08-15 16:24:56 - [TEST_STEP][PASSED] - M4_spin_round_id = round_id: null

2019-08-15 16:24:56 - [TEST_STEP][PASSED] - M4_spin_round_id = M4_spin_round_id: null

2019-08-15 16:24:56 - [TEST_STEP][PASSED] - M4_spin_line_wins = line_wins: null

2019-08-15 16:24:56 - [TEST_STEP][PASSED] - M4_spin_line_wins = M4_spin_line_wins: null

2019-08-15 16:24:56 - [TEST_STEP][PASSED] - M4_total_bonus_spins_int = total_bonus_spins: null

2019-08-15 16:24:56 - [TEST_STEP][PASSED] - println("******M4_total_bonus_spins type is:*******" + newline + getClass().getName()): null

2019-08-15 16:24:56 - [TEST_STEP][PASSED] - M4_total_bonus_spins_int = M4_total_bonus_spins_int: null

2019-08-15 16:24:56 - [TEST_STEP][PASSED] - M4_total_bonus_spins = Integer.toString(M4_total_bonus_spins_int): null

2019-08-15 16:24:56 - [TEST_STEP][PASSED] - M4_total_bonus_spins = M4_total_bonus_spins: null

2019-08-15 16:24:56 - [TEST_STEP][PASSED] - println("M4_total_bonus_spins is:" + M4_total_bonus_spins): null

2019-08-15 16:24:56 - [TEST_STEP][PASSED] - M4_spin_bonus_data = bonus_data: null

2019-08-15 16:24:56 - [TEST_STEP][PASSED] - M4_spin_features_triggered = result_M4_spin: null

2019-08-15 16:24:56 - [TEST_STEP][PASSED] - wild = []: null

2019-08-15 16:24:56 - [TEST_STEP][PASSED] - wild[0] = "WILD_Expanding": null

2019-08-15 16:24:56 - [TEST_STEP][PASSED] - wild[1] = "WILD_Normal": null

2019-08-15 16:24:56 - [TEST_STEP][PASSED] - wild[2] = "WILD_Double": null

2019-08-15 16:24:56 - [TEST_STEP][PASSED] - wild[3] = "WILD_ExtraFG": null

2019-08-15 16:24:56 - [TEST_STEP][PASSED] - wild[4] = "WILD_Triple": null

2019-08-15 16:24:56 - [TEST_STEP][PASSED] - wildList = Arrays.asList(wild): null

2019-08-15 16:24:56 - [TEST_STEP][PASSED] - wildList = wildList: null

2019-08-15 16:24:56 - [TEST_STEP][PASSED] - free_spin_reel_counter = []: null

2019-08-15 16:24:56 - [TEST_STEP][PASSED] - free_spin_reel_counter[0] = 0: null

2019-08-15 16:24:56 - [TEST_STEP][PASSED] - free_spin_reel_counter[1] = 0: null

2019-08-15 16:24:56 - [TEST_STEP][PASSED] - free_spin_reel_counter[2] = 0: null

2019-08-15 16:24:56 - [TEST_STEP][PASSED] - M4_spin_reels = reels: null

2019-08-15 16:24:56 - [TEST_STEP][PASSED] - for ([i = 0, i &lt; M4_spin_reels.size(), (i++)]): null

2019-08-15 16:24:56 - [TEST_STEP][PASSED] - symbols = symbols: null

2019-08-15 16:24:56 - [TEST_STEP][PASSED] - for ([j = 0, j &lt; symbols.size(), (j++)]): null

2019-08-15 16:24:56 - [TEST_STEP][PASSED] - symbol = symbol: null

2019-08-15 16:24:56 - [TEST_STEP][PASSED] - println(symbol): null

2019-08-15 16:24:56 - [TEST_STEP][PASSED] - if (i == 2 &amp;&amp; wildList.indexOf(symbol) != -1): null

2019-08-15 16:24:56 - [TEST_STEP][PASSED] - if (i == 3 &amp;&amp; wildList.indexOf(symbol) != -1): null

2019-08-15 16:24:56 - [TEST_STEP][PASSED] - if (i == 4 &amp;&amp; wildList.indexOf(symbol) != -1): null

2019-08-15 16:24:56 - [TEST_STEP][PASSED] - symbol = symbol: null

2019-08-15 16:24:56 - [TEST_STEP][PASSED] - println(symbol): null

2019-08-15 16:24:56 - [TEST_STEP][PASSED] - if (i == 2 &amp;&amp; wildList.indexOf(symbol) != -1): null

2019-08-15 16:24:56 - [TEST_STEP][PASSED] - if (i == 3 &amp;&amp; wildList.indexOf(symbol) != -1): null

2019-08-15 16:24:56 - [TEST_STEP][PASSED] - if (i == 4 &amp;&amp; wildList.indexOf(symbol) != -1): null

2019-08-15 16:24:56 - [TEST_STEP][PASSED] - symbol = symbol: null

2019-08-15 16:24:56 - [TEST_STEP][PASSED] - println(symbol): null

2019-08-15 16:24:56 - [TEST_STEP][PASSED] - if (i == 2 &amp;&amp; wildList.indexOf(symbol) != -1): null

2019-08-15 16:25:00 - [TEST_STEP][PASSED] - if (i == 3 &amp;&amp; wildList.indexOf(symbol) != -1): null

2019-08-15 16:25:00 - [TEST_STEP][PASSED] - if (i == 4 &amp;&amp; wildList.indexOf(symbol) != -1): null

2019-08-15 16:25:00 - [TEST_STEP][PASSED] - symbols = symbols: null

2019-08-15 16:25:00 - [TEST_STEP][PASSED] - for ([j = 0, j &lt; symbols.size(), (j++)]): null

2019-08-15 16:25:00 - [TEST_STEP][PASSED] - symbol = symbol: null

2019-08-15 16:25:00 - [TEST_STEP][PASSED] - println(symbol): null

2019-08-15 16:25:00 - [TEST_STEP][PASSED] - if (i == 2 &amp;&amp; wildList.indexOf(symbol) != -1): null

2019-08-15 16:25:00 - [TEST_STEP][PASSED] - if (i == 3 &amp;&amp; wildList.indexOf(symbol) != -1): null

2019-08-15 16:25:00 - [TEST_STEP][PASSED] - if (i == 4 &amp;&amp; wildList.indexOf(symbol) != -1): null

2019-08-15 16:25:00 - [TEST_STEP][PASSED] - symbol = symbol: null

2019-08-15 16:25:00 - [TEST_STEP][PASSED] - println(symbol): null

2019-08-15 16:25:00 - [TEST_STEP][PASSED] - if (i == 2 &amp;&amp; wildList.indexOf(symbol) != -1): null

2019-08-15 16:25:00 - [TEST_STEP][PASSED] - if (i == 3 &amp;&amp; wildList.indexOf(symbol) != -1): null

2019-08-15 16:25:00 - [TEST_STEP][PASSED] - if (i == 4 &amp;&amp; wildList.indexOf(symbol) != -1): null

2019-08-15 16:25:00 - [TEST_STEP][PASSED] - symbol = symbol: null

2019-08-15 16:25:00 - [TEST_STEP][PASSED] - println(symbol): null

2019-08-15 16:25:00 - [TEST_STEP][PASSED] - if (i == 2 &amp;&amp; wildList.indexOf(symbol) != -1): null

2019-08-15 16:25:00 - [TEST_STEP][PASSED] - if (i == 3 &amp;&amp; wildList.indexOf(symbol) != -1): null

2019-08-15 16:25:00 - [TEST_STEP][PASSED] - if (i == 4 &amp;&amp; wildList.indexOf(symbol) != -1): null

2019-08-15 16:25:00 - [TEST_STEP][PASSED] - symbols = symbols: null

2019-08-15 16:25:00 - [TEST_STEP][PASSED] - for ([j = 0, j &lt; symbols.size(), (j++)]): null

2019-08-15 16:25:00 - [TEST_STEP][PASSED] - symbol = symbol: null

2019-08-15 16:25:00 - [TEST_STEP][PASSED] - println(symbol): null

2019-08-15 16:25:00 - [TEST_STEP][PASSED] - if (i == 2 &amp;&amp; wildList.indexOf(symbol) != -1): null

2019-08-15 16:25:00 - [TEST_STEP][PASSED] - if (i == 3 &amp;&amp; wildList.indexOf(symbol) != -1): null

2019-08-15 16:25:00 - [TEST_STEP][PASSED] - if (i == 4 &amp;&amp; wildList.indexOf(symbol) != -1): null

2019-08-15 16:25:00 - [TEST_STEP][PASSED] - symbol = symbol: null

2019-08-15 16:25:00 - [TEST_STEP][PASSED] - println(symbol): null

2019-08-15 16:25:00 - [TEST_STEP][PASSED] - if (i == 2 &amp;&amp; wildList.indexOf(symbol) != -1): null

2019-08-15 16:25:00 - [TEST_STEP][PASSED] - if (i == 3 &amp;&amp; wildList.indexOf(symbol) != -1): null

2019-08-15 16:25:00 - [TEST_STEP][PASSED] - if (i == 4 &amp;&amp; wildList.indexOf(symbol) != -1): null

2019-08-15 16:25:00 - [TEST_STEP][PASSED] - symbol = symbol: null

2019-08-15 16:25:00 - [TEST_STEP][PASSED] - println(symbol): null

2019-08-15 16:25:00 - [TEST_STEP][PASSED] - if (i == 2 &amp;&amp; wildList.indexOf(symbol) != -1): null

2019-08-15 16:25:00 - [TEST_STEP][PASSED] - if (i == 3 &amp;&amp; wildList.indexOf(symbol) != -1): null

2019-08-15 16:25:00 - [TEST_STEP][PASSED] - if (i == 4 &amp;&amp; wildList.indexOf(symbol) != -1): null

2019-08-15 16:25:00 - [TEST_STEP][PASSED] - symbols = symbols: null

2019-08-15 16:25:00 - [TEST_STEP][PASSED] - for ([j = 0, j &lt; symbols.size(), (j++)]): null

2019-08-15 16:25:00 - [TEST_STEP][PASSED] - symbol = symbol: null

2019-08-15 16:25:00 - [TEST_STEP][PASSED] - println(symbol): null

2019-08-15 16:25:00 - [TEST_STEP][PASSED] - if (i == 2 &amp;&amp; wildList.indexOf(symbol) != -1): null

2019-08-15 16:25:00 - [TEST_STEP][PASSED] - if (i == 3 &amp;&amp; wildList.indexOf(symbol) != -1): null

2019-08-15 16:25:00 - [TEST_STEP][PASSED] - if (i == 4 &amp;&amp; wildList.indexOf(symbol) != -1): null

2019-08-15 16:25:00 - [TEST_STEP][PASSED] - symbol = symbol: null

2019-08-15 16:25:00 - [TEST_STEP][PASSED] - println(symbol): null

2019-08-15 16:25:00 - [TEST_STEP][PASSED] - if (i == 2 &amp;&amp; wildList.indexOf(symbol) != -1): null

2019-08-15 16:25:00 - [TEST_STEP][PASSED] - if (i == 3 &amp;&amp; wildList.indexOf(symbol) != -1): null

2019-08-15 16:25:00 - [TEST_STEP][PASSED] - if (i == 4 &amp;&amp; wildList.indexOf(symbol) != -1): null

2019-08-15 16:25:00 - [TEST_STEP][PASSED] - symbol = symbol: null

2019-08-15 16:25:00 - [TEST_STEP][PASSED] - println(symbol): null

2019-08-15 16:25:00 - [TEST_STEP][PASSED] - if (i == 2 &amp;&amp; wildList.indexOf(symbol) != -1): null

2019-08-15 16:25:00 - [TEST_STEP][PASSED] - if (i == 3 &amp;&amp; wildList.indexOf(symbol) != -1): null

2019-08-15 16:25:00 - [TEST_STEP][PASSED] - if (i == 4 &amp;&amp; wildList.indexOf(symbol) != -1): null

2019-08-15 16:25:00 - [TEST_STEP][PASSED] - symbols = symbols: null

2019-08-15 16:25:00 - [TEST_STEP][PASSED] - for ([j = 0, j &lt; symbols.size(), (j++)]): null

2019-08-15 16:25:00 - [TEST_STEP][PASSED] - symbol = symbol: null

2019-08-15 16:25:00 - [TEST_STEP][PASSED] - println(symbol): null

2019-08-15 16:25:00 - [TEST_STEP][PASSED] - if (i == 2 &amp;&amp; wildList.indexOf(symbol) != -1): null

2019-08-15 16:25:00 - [TEST_STEP][PASSED] - if (i == 3 &amp;&amp; wildList.indexOf(symbol) != -1): null

2019-08-15 16:25:00 - [TEST_STEP][PASSED] - if (i == 4 &amp;&amp; wildList.indexOf(symbol) != -1): null

2019-08-15 16:25:00 - [TEST_STEP][PASSED] - symbol = symbol: null

2019-08-15 16:25:00 - [TEST_STEP][PASSED] - println(symbol): null

2019-08-15 16:25:00 - [TEST_STEP][PASSED] - if (i == 2 &amp;&amp; wildList.indexOf(symbol) != -1): null

2019-08-15 16:25:00 - [TEST_STEP][PASSED] - if (i == 3 &amp;&amp; wildList.indexOf(symbol) != -1): null

2019-08-15 16:25:00 - [TEST_STEP][PASSED] - if (i == 4 &amp;&amp; wildList.indexOf(symbol) != -1): null

2019-08-15 16:25:00 - [TEST_STEP][PASSED] - symbol = symbol: null

2019-08-15 16:25:00 - [TEST_STEP][PASSED] - println(symbol): null

2019-08-15 16:25:00 - [TEST_STEP][PASSED] - if (i == 2 &amp;&amp; wildList.indexOf(symbol) != -1): null

2019-08-15 16:25:00 - [TEST_STEP][PASSED] - if (i == 3 &amp;&amp; wildList.indexOf(symbol) != -1): null

2019-08-15 16:25:00 - [TEST_STEP][PASSED] - if (i == 4 &amp;&amp; wildList.indexOf(symbol) != -1): null

2019-08-15 16:25:00 - [TEST_STEP][PASSED] - free_spin_reel_counter = free_spin_reel_counter: null

2019-08-15 16:25:00 - [TEST_STEP][PASSED] - println("reel 3 wild found: " + free_spin_reel_counter[0]): null

2019-08-15 16:25:00 - [TEST_STEP][PASSED] - println("reel 4 wild found: " + free_spin_reel_counter[1]): null

2019-08-15 16:25:00 - [TEST_STEP][PASSED] - println("reel 5 wild found: " + free_spin_reel_counter[2]): null

2019-08-15 16:25:00 - [TEST_STEP][PASSED] - M4_spin_reels = M4_spin_reels: null

2019-08-15 16:25:00 - [TEST_STEP][PASSED] - M4_spin_reels_symbols = symbol: null

2019-08-15 16:25:00 - [TEST_STEP][PASSED] - M4_spin_reels_symbols = M4_spin_reels_symbols: null

2019-08-15 16:25:00 - [TEST_STEP][PASSED] - M4_spin_reel_wins = reel_wins: null

2019-08-15 16:25:00 - [TEST_STEP][PASSED] - M4_spin_reel_wins = M4_spin_reel_wins: null

2019-08-15 16:25:00 - [TEST_STEP][PASSED] - println("GlobalVariable.M4_spin_reel_wins is: " + M4_spin_reel_wins): null

2019-08-15 16:25:00 - [TEST_STEP][PASSED] - M4_spin_total_bonus_win_this_round = total_bonus_win_this_round: null

2019-08-15 16:25:00 - [TEST_STEP][PASSED] - M4_spin_total_bonus_win_this_round = M4_spin_total_bonus_win_this_round: null

2019-08-15 16:25:00 - [TEST_STEP][PASSED] - println("GlobalVariable.M4_spin_total_bonus_win_this_round is: " + M4_spin_total_bonus_win_this_round): null

2019-08-15 16:25:00 - [MESSAGE][PASSED] - Verify response successfully

2019-08-15 16:25:00 - [MESSAGE][PASSED] - Send request and verify the response successfully

2019-08-15 16:25:00 - [TEST_STEP][PASSED] - if (M4_total_bonus_spins_int != 0 &amp;&amp; M4_spin_reels_symbols[2].contains("WILD_Normal") || M4_spin_reels_symbols[3].contains("WILD_Normal") || M4_spin_reels_symbols[4].contains("WILD_Normal")): null

2019-08-15 16:25:00 - [TEST_STEP][PASSED] - free_spin_reel_counter = free_spin_reel_counter: null

2019-08-15 16:25:00 - [TEST_STEP][PASSED] - M4_spin_reels_symbols = M4_spin_reels_symbols: null

2019-08-15 16:25:00 - [TEST_STEP][PASSED] - M4_total_bonus_spins = M4_total_bonus_spins: null

2019-08-15 16:25:00 - [TEST_STEP][PASSED] - spin_result = sendRequestAndVerify(findTestObject("STG/RGS(M4)/1_M4_spin", ["M4_login_user_id":M4_login_user_id, "rgs_session_token":rgs_session_token, "partner":Partner])): Send request and verify the response successfully

2019-08-15 16:25:00 - [TEST_CASE][PASSED] - Start Test Case : Verification: Verification accomplished successfully

2019-08-15 16:25:00 - [TEST_STEP][PASSED] - request = getInstance().getCurrentRequest(): null

2019-08-15 16:25:00 - [TEST_STEP][PASSED] - response = getInstance().getCurrentResponse(): null

2019-08-15 16:25:00 - [TEST_STEP][PASSED] - verifyResponseStatusCode(response, 200): Verify response status code successfully

2019-08-15 16:25:00 - [MESSAGE][PASSED] - Verify response status code successfully

2019-08-15 16:25:00 - [TEST_STEP][PASSED] - getStatusCode()).isEqualTo(200): null

2019-08-15 16:25:00 - [TEST_STEP][PASSED] - newline = System.getProperty("line.separator"): null

2019-08-15 16:25:00 - [TEST_STEP][PASSED] - M4_spin = new groovy.json.JsonSlurper(): null

2019-08-15 16:25:00 - [TEST_STEP][PASSED] - result_M4_spin = M4_spin.parseText(response.getResponseBodyContent()): null

2019-08-15 16:25:00 - [TEST_STEP][PASSED] - M4_spin_current_balance = current_balance: null

2019-08-15 16:25:00 - [TEST_STEP][PASSED] - M4_spin_current_balance = M4_spin_current_balance: null

2019-08-15 16:25:00 - [TEST_STEP][PASSED] - M4_spin_transaction_id = causality: null

2019-08-15 16:25:00 - [TEST_STEP][PASSED] - M4_spin_transaction_id = M4_spin_transaction_id: null

2019-08-15 16:25:00 - [TEST_STEP][PASSED] - M4_spin_round_id = round_id: null

2019-08-15 16:25:00 - [TEST_STEP][PASSED] - M4_spin_round_id = M4_spin_round_id: null

2019-08-15 16:25:00 - [TEST_STEP][PASSED] - M4_spin_line_wins = line_wins: null

2019-08-15 16:25:00 - [TEST_STEP][PASSED] - M4_spin_line_wins = M4_spin_line_wins: null

2019-08-15 16:25:00 - [TEST_STEP][PASSED] - M4_total_bonus_spins_int = total_bonus_spins: null

2019-08-15 16:25:00 - [TEST_STEP][PASSED] - println("******M4_total_bonus_spins type is:*******" + newline + getClass().getName()): null

2019-08-15 16:25:00 - [TEST_STEP][PASSED] - M4_total_bonus_spins_int = M4_total_bonus_spins_int: null

2019-08-15 16:25:00 - [TEST_STEP][PASSED] - M4_total_bonus_spins = Integer.toString(M4_total_bonus_spins_int): null

2019-08-15 16:25:00 - [TEST_STEP][PASSED] - M4_total_bonus_spins = M4_total_bonus_spins: null

2019-08-15 16:25:00 - [TEST_STEP][PASSED] - println("M4_total_bonus_spins is:" + M4_total_bonus_spins): null

2019-08-15 16:25:00 - [TEST_STEP][PASSED] - M4_spin_bonus_data = bonus_data: null

2019-08-15 16:25:00 - [TEST_STEP][PASSED] - M4_spin_features_triggered = result_M4_spin: null

2019-08-15 16:25:00 - [TEST_STEP][PASSED] - wild = []: null

2019-08-15 16:25:00 - [TEST_STEP][PASSED] - wild[0] = "WILD_Expanding": null

2019-08-15 16:25:00 - [TEST_STEP][PASSED] - wild[1] = "WILD_Normal": null

2019-08-15 16:25:00 - [TEST_STEP][PASSED] - wild[2] = "WILD_Double": null

2019-08-15 16:25:00 - [TEST_STEP][PASSED] - wild[3] = "WILD_ExtraFG": null

2019-08-15 16:25:00 - [TEST_STEP][PASSED] - wild[4] = "WILD_Triple": null

2019-08-15 16:25:00 - [TEST_STEP][PASSED] - wildList = Arrays.asList(wild): null

2019-08-15 16:25:00 - [TEST_STEP][PASSED] - wildList = wildList: null

2019-08-15 16:25:00 - [TEST_STEP][PASSED] - free_spin_reel_counter = []: null

2019-08-15 16:25:00 - [TEST_STEP][PASSED] - free_spin_reel_counter[0] = 0: null

2019-08-15 16:25:00 - [TEST_STEP][PASSED] - free_spin_reel_counter[1] = 0: null

2019-08-15 16:25:00 - [TEST_STEP][PASSED] - free_spin_reel_counter[2] = 0: null

2019-08-15 16:25:00 - [TEST_STEP][PASSED] - M4_spin_reels = reels: null

2019-08-15 16:25:00 - [TEST_STEP][PASSED] - for ([i = 0, i &lt; M4_spin_reels.size(), (i++)]): null

2019-08-15 16:25:00 - [TEST_STEP][PASSED] - symbols = symbols: null

2019-08-15 16:25:00 - [TEST_STEP][PASSED] - for ([j = 0, j &lt; symbols.size(), (j++)]): null

2019-08-15 16:25:00 - [TEST_STEP][PASSED] - symbol = symbol: null

2019-08-15 16:25:00 - [TEST_STEP][PASSED] - println(symbol): null

2019-08-15 16:25:00 - [TEST_STEP][PASSED] - if (i == 2 &amp;&amp; wildList.indexOf(symbol) != -1): null

2019-08-15 16:25:00 - [TEST_STEP][PASSED] - if (i == 3 &amp;&amp; wildList.indexOf(symbol) != -1): null

2019-08-15 16:25:00 - [TEST_STEP][PASSED] - if (i == 4 &amp;&amp; wildList.indexOf(symbol) != -1): null

2019-08-15 16:25:00 - [TEST_STEP][PASSED] - symbol = symbol: null

2019-08-15 16:25:00 - [TEST_STEP][PASSED] - println(symbol): null

2019-08-15 16:25:00 - [TEST_STEP][PASSED] - if (i == 2 &amp;&amp; wildList.indexOf(symbol) != -1): null

2019-08-15 16:25:00 - [TEST_STEP][PASSED] - if (i == 3 &amp;&amp; wildList.indexOf(symbol) != -1): null

2019-08-15 16:25:00 - [TEST_STEP][PASSED] - if (i == 4 &amp;&amp; wildList.indexOf(symbol) != -1): null

2019-08-15 16:25:00 - [TEST_STEP][PASSED] - symbol = symbol: null

2019-08-15 16:25:00 - [TEST_STEP][PASSED] - println(symbol): null

2019-08-15 16:25:00 - [TEST_STEP][PASSED] - if (i == 2 &amp;&amp; wildList.indexOf(symbol) != -1): null

2019-08-15 16:25:00 - [TEST_STEP][PASSED] - if (i == 3 &amp;&amp; wildList.indexOf(symbol) != -1): null

2019-08-15 16:25:00 - [TEST_STEP][PASSED] - if (i == 4 &amp;&amp; wildList.indexOf(symbol) != -1): null

2019-08-15 16:25:00 - [TEST_STEP][PASSED] - symbols = symbols: null

2019-08-15 16:25:00 - [TEST_STEP][PASSED] - for ([j = 0, j &lt; symbols.size(), (j++)]): null

2019-08-15 16:25:00 - [TEST_STEP][PASSED] - symbol = symbol: null

2019-08-15 16:25:00 - [TEST_STEP][PASSED] - println(symbol): null

2019-08-15 16:25:00 - [TEST_STEP][PASSED] - if (i == 2 &amp;&amp; wildList.indexOf(symbol) != -1): null

2019-08-15 16:25:00 - [TEST_STEP][PASSED] - if (i == 3 &amp;&amp; wildList.indexOf(symbol) != -1): null

2019-08-15 16:25:00 - [TEST_STEP][PASSED] - if (i == 4 &amp;&amp; wildList.indexOf(symbol) != -1): null

2019-08-15 16:25:00 - [TEST_STEP][PASSED] - symbol = symbol: null

2019-08-15 16:25:00 - [TEST_STEP][PASSED] - println(symbol): null

2019-08-15 16:25:00 - [TEST_STEP][PASSED] - if (i == 2 &amp;&amp; wildList.indexOf(symbol) != -1): null

2019-08-15 16:25:00 - [TEST_STEP][PASSED] - if (i == 3 &amp;&amp; wildList.indexOf(symbol) != -1): null

2019-08-15 16:25:00 - [TEST_STEP][PASSED] - if (i == 4 &amp;&amp; wildList.indexOf(symbol) != -1): null

2019-08-15 16:25:00 - [TEST_STEP][PASSED] - symbol = symbol: null

2019-08-15 16:25:00 - [TEST_STEP][PASSED] - println(symbol): null

2019-08-15 16:25:00 - [TEST_STEP][PASSED] - if (i == 2 &amp;&amp; wildList.indexOf(symbol) != -1): null

2019-08-15 16:25:00 - [TEST_STEP][PASSED] - if (i == 3 &amp;&amp; wildList.indexOf(symbol) != -1): null

2019-08-15 16:25:00 - [TEST_STEP][PASSED] - if (i == 4 &amp;&amp; wildList.indexOf(symbol) != -1): null

2019-08-15 16:25:00 - [TEST_STEP][PASSED] - symbols = symbols: null

2019-08-15 16:25:00 - [TEST_STEP][PASSED] - for ([j = 0, j &lt; symbols.size(), (j++)]): null

2019-08-15 16:25:00 - [TEST_STEP][PASSED] - symbol = symbol: null

2019-08-15 16:25:00 - [TEST_STEP][PASSED] - println(symbol): null

2019-08-15 16:25:00 - [TEST_STEP][PASSED] - if (i == 2 &amp;&amp; wildList.indexOf(symbol) != -1): null

2019-08-15 16:25:00 - [TEST_STEP][PASSED] - if (i == 3 &amp;&amp; wildList.indexOf(symbol) != -1): null

2019-08-15 16:25:00 - [TEST_STEP][PASSED] - if (i == 4 &amp;&amp; wildList.indexOf(symbol) != -1): null

2019-08-15 16:25:00 - [TEST_STEP][PASSED] - symbol = symbol: null

2019-08-15 16:25:00 - [TEST_STEP][PASSED] - println(symbol): null

2019-08-15 16:25:00 - [TEST_STEP][PASSED] - if (i == 2 &amp;&amp; wildList.indexOf(symbol) != -1): null

2019-08-15 16:25:00 - [TEST_STEP][PASSED] - if (i == 3 &amp;&amp; wildList.indexOf(symbol) != -1): null

2019-08-15 16:25:00 - [TEST_STEP][PASSED] - if (i == 4 &amp;&amp; wildList.indexOf(symbol) != -1): null

2019-08-15 16:25:00 - [TEST_STEP][PASSED] - symbol = symbol: null

2019-08-15 16:25:00 - [TEST_STEP][PASSED] - println(symbol): null

2019-08-15 16:25:00 - [TEST_STEP][PASSED] - if (i == 2 &amp;&amp; wildList.indexOf(symbol) != -1): null

2019-08-15 16:25:00 - [TEST_STEP][PASSED] - if (i == 3 &amp;&amp; wildList.indexOf(symbol) != -1): null

2019-08-15 16:25:00 - [TEST_STEP][PASSED] - if (i == 4 &amp;&amp; wildList.indexOf(symbol) != -1): null

2019-08-15 16:25:00 - [TEST_STEP][PASSED] - symbols = symbols: null

2019-08-15 16:25:00 - [TEST_STEP][PASSED] - for ([j = 0, j &lt; symbols.size(), (j++)]): null

2019-08-15 16:25:00 - [TEST_STEP][PASSED] - symbol = symbol: null

2019-08-15 16:25:00 - [TEST_STEP][PASSED] - println(symbol): null

2019-08-15 16:25:00 - [TEST_STEP][PASSED] - if (i == 2 &amp;&amp; wildList.indexOf(symbol) != -1): null

2019-08-15 16:25:00 - [TEST_STEP][PASSED] - if (i == 3 &amp;&amp; wildList.indexOf(symbol) != -1): null

2019-08-15 16:25:00 - [TEST_STEP][PASSED] - println("wild found on reel 4, adding counter by 1"): null

2019-08-15 16:25:00 - [TEST_STEP][PASSED] - free_spin_reel_counter[1] = free_spin_reel_counter[1] + 1: null

2019-08-15 16:25:00 - [TEST_STEP][PASSED] - if (i == 4 &amp;&amp; wildList.indexOf(symbol) != -1): null

2019-08-15 16:25:00 - [TEST_STEP][PASSED] - symbol = symbol: null

2019-08-15 16:25:00 - [TEST_STEP][PASSED] - println(symbol): null

2019-08-15 16:25:00 - [TEST_STEP][PASSED] - if (i == 2 &amp;&amp; wildList.indexOf(symbol) != -1): null

2019-08-15 16:25:00 - [TEST_STEP][PASSED] - if (i == 3 &amp;&amp; wildList.indexOf(symbol) != -1): null

2019-08-15 16:25:00 - [TEST_STEP][PASSED] - if (i == 4 &amp;&amp; wildList.indexOf(symbol) != -1): null

2019-08-15 16:25:00 - [TEST_STEP][PASSED] - symbol = symbol: null

2019-08-15 16:25:00 - [TEST_STEP][PASSED] - println(symbol): null

2019-08-15 16:25:00 - [TEST_STEP][PASSED] - if (i == 2 &amp;&amp; wildList.indexOf(symbol) != -1): null

2019-08-15 16:25:00 - [TEST_STEP][PASSED] - if (i == 3 &amp;&amp; wildList.indexOf(symbol) != -1): null

2019-08-15 16:25:00 - [TEST_STEP][PASSED] - if (i == 4 &amp;&amp; wildList.indexOf(symbol) != -1): null

2019-08-15 16:25:00 - [TEST_STEP][PASSED] - symbols = symbols: null

2019-08-15 16:25:00 - [TEST_STEP][PASSED] - for ([j = 0, j &lt; symbols.size(), (j++)]): null

2019-08-15 16:25:00 - [TEST_STEP][PASSED] - symbol = symbol: null

2019-08-15 16:25:00 - [TEST_STEP][PASSED] - println(symbol): null

2019-08-15 16:25:00 - [TEST_STEP][PASSED] - if (i == 2 &amp;&amp; wildList.indexOf(symbol) != -1): null

2019-08-15 16:25:00 - [TEST_STEP][PASSED] - if (i == 3 &amp;&amp; wildList.indexOf(symbol) != -1): null

2019-08-15 16:25:00 - [TEST_STEP][PASSED] - if (i == 4 &amp;&amp; wildList.indexOf(symbol) != -1): null

2019-08-15 16:25:00 - [TEST_STEP][PASSED] - symbol = symbol: null

2019-08-15 16:25:00 - [TEST_STEP][PASSED] - println(symbol): null

2019-08-15 16:25:00 - [TEST_STEP][PASSED] - if (i == 2 &amp;&amp; wildList.indexOf(symbol) != -1): null

2019-08-15 16:25:00 - [TEST_STEP][PASSED] - if (i == 3 &amp;&amp; wildList.indexOf(symbol) != -1): null

2019-08-15 16:25:00 - [TEST_STEP][PASSED] - if (i == 4 &amp;&amp; wildList.indexOf(symbol) != -1): null

2019-08-15 16:25:00 - [TEST_STEP][PASSED] - symbol = symbol: null

2019-08-15 16:25:00 - [TEST_STEP][PASSED] - println(symbol): null

2019-08-15 16:25:00 - [TEST_STEP][PASSED] - if (i == 2 &amp;&amp; wildList.indexOf(symbol) != -1): null

2019-08-15 16:25:00 - [TEST_STEP][PASSED] - if (i == 3 &amp;&amp; wildList.indexOf(symbol) != -1): null

2019-08-15 16:25:00 - [TEST_STEP][PASSED] - if (i == 4 &amp;&amp; wildList.indexOf(symbol) != -1): null

2019-08-15 16:25:00 - [TEST_STEP][PASSED] - println("wild found on reel 5, adding counter by 1"): null

2019-08-15 16:25:00 - [TEST_STEP][PASSED] - free_spin_reel_counter[2] = free_spin_reel_counter[2] + 1: null

2019-08-15 16:25:00 - [TEST_STEP][PASSED] - free_spin_reel_counter = free_spin_reel_counter: null

2019-08-15 16:25:00 - [TEST_STEP][PASSED] - println("reel 3 wild found: " + free_spin_reel_counter[0]): null

2019-08-15 16:25:00 - [TEST_STEP][PASSED] - println("reel 4 wild found: " + free_spin_reel_counter[1]): null

2019-08-15 16:25:00 - [TEST_STEP][PASSED] - println("reel 5 wild found: " + free_spin_reel_counter[2]): null

2019-08-15 16:25:00 - [TEST_STEP][PASSED] - M4_spin_reels = M4_spin_reels: null

2019-08-15 16:25:00 - [TEST_STEP][PASSED] - M4_spin_reels_symbols = symbol: null

2019-08-15 16:25:00 - [TEST_STEP][PASSED] - M4_spin_reels_symbols = M4_spin_reels_symbols: null

2019-08-15 16:25:00 - [TEST_STEP][PASSED] - M4_spin_reel_wins = reel_wins: null

2019-08-15 16:25:00 - [TEST_STEP][PASSED] - M4_spin_reel_wins = M4_spin_reel_wins: null

2019-08-15 16:25:00 - [TEST_STEP][PASSED] - println("GlobalVariable.M4_spin_reel_wins is: " + M4_spin_reel_wins): null

2019-08-15 16:25:00 - [TEST_STEP][PASSED] - M4_spin_total_bonus_win_this_round = total_bonus_win_this_round: null

2019-08-15 16:25:00 - [TEST_STEP][PASSED] - M4_spin_total_bonus_win_this_round = M4_spin_total_bonus_win_this_round: null

2019-08-15 16:25:00 - [TEST_STEP][PASSED] - println("GlobalVariable.M4_spin_total_bonus_win_this_round is: " + M4_spin_total_bonus_win_this_round): null

2019-08-15 16:25:00 - [MESSAGE][PASSED] - Verify response successfully

2019-08-15 16:25:00 - [MESSAGE][PASSED] - Send request and verify the response successfully

2019-08-15 16:25:00 - [TEST_STEP][PASSED] - if (M4_total_bonus_spins_int != 0 &amp;&amp; M4_spin_reels_symbols[2].contains("WILD_Normal") || M4_spin_reels_symbols[3].contains("WILD_Normal") || M4_spin_reels_symbols[4].contains("WILD_Normal")): null

2019-08-15 16:25:00 - [TEST_STEP][PASSED] - free_spin_reel_counter = free_spin_reel_counter: null

2019-08-15 16:25:00 - [TEST_STEP][PASSED] - M4_spin_reels_symbols = M4_spin_reels_symbols: null

2019-08-15 16:25:00 - [TEST_STEP][PASSED] - M4_total_bonus_spins = M4_total_bonus_spins: null

2019-08-15 16:25:00 - [TEST_STEP][PASSED] - spin_result = sendRequestAndVerify(findTestObject("STG/RGS(M4)/1_M4_spin", ["M4_login_user_id":M4_login_user_id, "rgs_session_token":rgs_session_token, "partner":Partner])): Send request and verify the response successfully

2019-08-15 16:25:00 - [TEST_CASE][PASSED] - Start Test Case : Verification: Verification accomplished successfully

2019-08-15 16:25:00 - [TEST_STEP][PASSED] - request = getInstance().getCurrentRequest(): null

2019-08-15 16:25:00 - [TEST_STEP][PASSED] - response = getInstance().getCurrentResponse(): null

2019-08-15 16:25:00 - [TEST_STEP][PASSED] - verifyResponseStatusCode(response, 200): Verify response status code successfully

2019-08-15 16:25:00 - [MESSAGE][PASSED] - Verify response status code successfully

2019-08-15 16:25:00 - [TEST_STEP][PASSED] - getStatusCode()).isEqualTo(200): null

2019-08-15 16:25:00 - [TEST_STEP][PASSED] - newline = System.getProperty("line.separator"): null

2019-08-15 16:25:00 - [TEST_STEP][PASSED] - M4_spin = new groovy.json.JsonSlurper(): null

2019-08-15 16:25:00 - [TEST_STEP][PASSED] - result_M4_spin = M4_spin.parseText(response.getResponseBodyContent()): null

2019-08-15 16:25:00 - [TEST_STEP][PASSED] - M4_spin_current_balance = current_balance: null

2019-08-15 16:25:00 - [TEST_STEP][PASSED] - M4_spin_current_balance = M4_spin_current_balance: null

2019-08-15 16:25:00 - [TEST_STEP][PASSED] - M4_spin_transaction_id = causality: null

2019-08-15 16:25:00 - [TEST_STEP][PASSED] - M4_spin_transaction_id = M4_spin_transaction_id: null

2019-08-15 16:25:00 - [TEST_STEP][PASSED] - M4_spin_round_id = round_id: null

2019-08-15 16:25:00 - [TEST_STEP][PASSED] - M4_spin_round_id = M4_spin_round_id: null

2019-08-15 16:25:00 - [TEST_STEP][PASSED] - M4_spin_line_wins = line_wins: null

2019-08-15 16:25:00 - [TEST_STEP][PASSED] - M4_spin_line_wins = M4_spin_line_wins: null

2019-08-15 16:25:00 - [TEST_STEP][PASSED] - M4_total_bonus_spins_int = total_bonus_spins: null

2019-08-15 16:25:00 - [TEST_STEP][PASSED] - println("******M4_total_bonus_spins type is:*******" + newline + getClass().getName()): null

2019-08-15 16:25:00 - [TEST_STEP][PASSED] - M4_total_bonus_spins_int = M4_total_bonus_spins_int: null

2019-08-15 16:25:00 - [TEST_STEP][PASSED] - M4_total_bonus_spins = Integer.toString(M4_total_bonus_spins_int): null

2019-08-15 16:25:00 - [TEST_STEP][PASSED] - M4_total_bonus_spins = M4_total_bonus_spins: null

2019-08-15 16:25:00 - [TEST_STEP][PASSED] - println("M4_total_bonus_spins is:" + M4_total_bonus_spins): null

2019-08-15 16:25:00 - [TEST_STEP][PASSED] - M4_spin_bonus_data = bonus_data: null

2019-08-15 16:25:00 - [TEST_STEP][PASSED] - M4_spin_features_triggered = result_M4_spin: null

2019-08-15 16:25:00 - [TEST_STEP][PASSED] - wild = []: null

2019-08-15 16:25:00 - [TEST_STEP][PASSED] - wild[0] = "WILD_Expanding": null

2019-08-15 16:25:00 - [TEST_STEP][PASSED] - wild[1] = "WILD_Normal": null

2019-08-15 16:25:00 - [TEST_STEP][PASSED] - wild[2] = "WILD_Double": null

2019-08-15 16:25:00 - [TEST_STEP][PASSED] - wild[3] = "WILD_ExtraFG": null

2019-08-15 16:25:00 - [TEST_STEP][PASSED] - wild[4] = "WILD_Triple": null

2019-08-15 16:25:00 - [TEST_STEP][PASSED] - wildList = Arrays.asList(wild): null

2019-08-15 16:25:00 - [TEST_STEP][PASSED] - wildList = wildList: null

2019-08-15 16:25:00 - [TEST_STEP][PASSED] - free_spin_reel_counter = []: null

2019-08-15 16:25:00 - [TEST_STEP][PASSED] - free_spin_reel_counter[0] = 0: null

2019-08-15 16:25:00 - [TEST_STEP][PASSED] - free_spin_reel_counter[1] = 0: null

2019-08-15 16:25:00 - [TEST_STEP][PASSED] - free_spin_reel_counter[2] = 0: null

2019-08-15 16:25:00 - [TEST_STEP][PASSED] - M4_spin_reels = reels: null

2019-08-15 16:25:00 - [TEST_STEP][PASSED] - for ([i = 0, i &lt; M4_spin_reels.size(), (i++)]): null

2019-08-15 16:25:00 - [TEST_STEP][PASSED] - symbols = symbols: null

2019-08-15 16:25:00 - [TEST_STEP][PASSED] - for ([j = 0, j &lt; symbols.size(), (j++)]): null

2019-08-15 16:25:00 - [TEST_STEP][PASSED] - symbol = symbol: null

2019-08-15 16:25:00 - [TEST_STEP][PASSED] - println(symbol): null

2019-08-15 16:25:00 - [TEST_STEP][PASSED] - if (i == 2 &amp;&amp; wildList.indexOf(symbol) != -1): null

2019-08-15 16:25:00 - [TEST_STEP][PASSED] - if (i == 3 &amp;&amp; wildList.indexOf(symbol) != -1): null

2019-08-15 16:25:00 - [TEST_STEP][PASSED] - if (i == 4 &amp;&amp; wildList.indexOf(symbol) != -1): null

2019-08-15 16:25:00 - [TEST_STEP][PASSED] - symbol = symbol: null

2019-08-15 16:25:00 - [TEST_STEP][PASSED] - println(symbol): null

2019-08-15 16:25:00 - [TEST_STEP][PASSED] - if (i == 2 &amp;&amp; wildList.indexOf(symbol) != -1): null

2019-08-15 16:25:00 - [TEST_STEP][PASSED] - if (i == 3 &amp;&amp; wildList.indexOf(symbol) != -1): null

2019-08-15 16:25:00 - [TEST_STEP][PASSED] - if (i == 4 &amp;&amp; wildList.indexOf(symbol) != -1): null

2019-08-15 16:25:00 - [TEST_STEP][PASSED] - symbol = symbol: null

2019-08-15 16:25:00 - [TEST_STEP][PASSED] - println(symbol): null

2019-08-15 16:25:00 - [TEST_STEP][PASSED] - if (i == 2 &amp;&amp; wildList.indexOf(symbol) != -1): null

2019-08-15 16:25:00 - [TEST_STEP][PASSED] - if (i == 3 &amp;&amp; wildList.indexOf(symbol) != -1): null

2019-08-15 16:25:00 - [TEST_STEP][PASSED] - if (i == 4 &amp;&amp; wildList.indexOf(symbol) != -1): null

2019-08-15 16:25:00 - [TEST_STEP][PASSED] - symbols = symbols: null

2019-08-15 16:25:00 - [TEST_STEP][PASSED] - for ([j = 0, j &lt; symbols.size(), (j++)]): null

2019-08-15 16:25:00 - [TEST_STEP][PASSED] - symbol = symbol: null

2019-08-15 16:25:00 - [TEST_STEP][PASSED] - println(symbol): null

2019-08-15 16:25:00 - [TEST_STEP][PASSED] - if (i == 2 &amp;&amp; wildList.indexOf(symbol) != -1): null

2019-08-15 16:25:00 - [TEST_STEP][PASSED] - if (i == 3 &amp;&amp; wildList.indexOf(symbol) != -1): null

2019-08-15 16:25:00 - [TEST_STEP][PASSED] - if (i == 4 &amp;&amp; wildList.indexOf(symbol) != -1): null

2019-08-15 16:25:00 - [TEST_STEP][PASSED] - symbol = symbol: null

2019-08-15 16:25:00 - [TEST_STEP][PASSED] - println(symbol): null

2019-08-15 16:25:00 - [TEST_STEP][PASSED] - if (i == 2 &amp;&amp; wildList.indexOf(symbol) != -1): null

2019-08-15 16:25:00 - [TEST_STEP][PASSED] - if (i == 3 &amp;&amp; wildList.indexOf(symbol) != -1): null

2019-08-15 16:25:00 - [TEST_STEP][PASSED] - if (i == 4 &amp;&amp; wildList.indexOf(symbol) != -1): null

2019-08-15 16:25:00 - [TEST_STEP][PASSED] - symbol = symbol: null

2019-08-15 16:25:00 - [TEST_STEP][PASSED] - println(symbol): null

2019-08-15 16:25:00 - [TEST_STEP][PASSED] - if (i == 2 &amp;&amp; wildList.indexOf(symbol) != -1): null

2019-08-15 16:25:00 - [TEST_STEP][PASSED] - if (i == 3 &amp;&amp; wildList.indexOf(symbol) != -1): null

2019-08-15 16:25:00 - [TEST_STEP][PASSED] - if (i == 4 &amp;&amp; wildList.indexOf(symbol) != -1): null

2019-08-15 16:25:00 - [TEST_STEP][PASSED] - symbols = symbols: null

2019-08-15 16:25:00 - [TEST_STEP][PASSED] - for ([j = 0, j &lt; symbols.size(), (j++)]): null

2019-08-15 16:25:00 - [TEST_STEP][PASSED] - symbol = symbol: null

2019-08-15 16:25:00 - [TEST_STEP][PASSED] - println(symbol): null

2019-08-15 16:25:00 - [TEST_STEP][PASSED] - if (i == 2 &amp;&amp; wildList.indexOf(symbol) != -1): null

2019-08-15 16:25:00 - [TEST_STEP][PASSED] - if (i == 3 &amp;&amp; wildList.indexOf(symbol) != -1): null

2019-08-15 16:25:00 - [TEST_STEP][PASSED] - if (i == 4 &amp;&amp; wildList.indexOf(symbol) != -1): null

2019-08-15 16:25:00 - [TEST_STEP][PASSED] - symbol = symbol: null

2019-08-15 16:25:00 - [TEST_STEP][PASSED] - println(symbol): null

2019-08-15 16:25:00 - [TEST_STEP][PASSED] - if (i == 2 &amp;&amp; wildList.indexOf(symbol) != -1): null

2019-08-15 16:25:00 - [TEST_STEP][PASSED] - if (i == 3 &amp;&amp; wildList.indexOf(symbol) != -1): null

2019-08-15 16:25:00 - [TEST_STEP][PASSED] - if (i == 4 &amp;&amp; wildList.indexOf(symbol) != -1): null

2019-08-15 16:25:05 - [TEST_STEP][PASSED] - symbol = symbol: null

2019-08-15 16:25:05 - [TEST_STEP][PASSED] - println(symbol): null

2019-08-15 16:25:05 - [TEST_STEP][PASSED] - if (i == 2 &amp;&amp; wildList.indexOf(symbol) != -1): null

2019-08-15 16:25:05 - [TEST_STEP][PASSED] - println("wild found on reel 3, adding counter by 1"): null

2019-08-15 16:25:05 - [TEST_STEP][PASSED] - free_spin_reel_counter[0] = free_spin_reel_counter[0] + 1: null

2019-08-15 16:25:05 - [TEST_STEP][PASSED] - if (i == 3 &amp;&amp; wildList.indexOf(symbol) != -1): null

2019-08-15 16:25:05 - [TEST_STEP][PASSED] - if (i == 4 &amp;&amp; wildList.indexOf(symbol) != -1): null

2019-08-15 16:25:05 - [TEST_STEP][PASSED] - symbols = symbols: null

2019-08-15 16:25:05 - [TEST_STEP][PASSED] - for ([j = 0, j &lt; symbols.size(), (j++)]): null

2019-08-15 16:25:05 - [TEST_STEP][PASSED] - symbol = symbol: null

2019-08-15 16:25:05 - [TEST_STEP][PASSED] - println(symbol): null

2019-08-15 16:25:05 - [TEST_STEP][PASSED] - if (i == 2 &amp;&amp; wildList.indexOf(symbol) != -1): null

2019-08-15 16:25:05 - [TEST_STEP][PASSED] - if (i == 3 &amp;&amp; wildList.indexOf(symbol) != -1): null

2019-08-15 16:25:05 - [TEST_STEP][PASSED] - if (i == 4 &amp;&amp; wildList.indexOf(symbol) != -1): null

2019-08-15 16:25:05 - [TEST_STEP][PASSED] - symbol = symbol: null

2019-08-15 16:25:05 - [TEST_STEP][PASSED] - println(symbol): null

2019-08-15 16:25:05 - [TEST_STEP][PASSED] - if (i == 2 &amp;&amp; wildList.indexOf(symbol) != -1): null

2019-08-15 16:25:05 - [TEST_STEP][PASSED] - if (i == 3 &amp;&amp; wildList.indexOf(symbol) != -1): null

2019-08-15 16:25:05 - [TEST_STEP][PASSED] - if (i == 4 &amp;&amp; wildList.indexOf(symbol) != -1): null

2019-08-15 16:25:05 - [TEST_STEP][PASSED] - symbol = symbol: null

2019-08-15 16:25:05 - [TEST_STEP][PASSED] - println(symbol): null

2019-08-15 16:25:05 - [TEST_STEP][PASSED] - if (i == 2 &amp;&amp; wildList.indexOf(symbol) != -1): null

2019-08-15 16:25:05 - [TEST_STEP][PASSED] - if (i == 3 &amp;&amp; wildList.indexOf(symbol) != -1): null

2019-08-15 16:25:05 - [TEST_STEP][PASSED] - if (i == 4 &amp;&amp; wildList.indexOf(symbol) != -1): null

2019-08-15 16:25:05 - [TEST_STEP][PASSED] - symbols = symbols: null

2019-08-15 16:25:05 - [TEST_STEP][PASSED] - for ([j = 0, j &lt; symbols.size(), (j++)]): null

2019-08-15 16:25:05 - [TEST_STEP][PASSED] - symbol = symbol: null

2019-08-15 16:25:05 - [TEST_STEP][PASSED] - println(symbol): null

2019-08-15 16:25:05 - [TEST_STEP][PASSED] - if (i == 2 &amp;&amp; wildList.indexOf(symbol) != -1): null

2019-08-15 16:25:05 - [TEST_STEP][PASSED] - if (i == 3 &amp;&amp; wildList.indexOf(symbol) != -1): null

2019-08-15 16:25:05 - [TEST_STEP][PASSED] - if (i == 4 &amp;&amp; wildList.indexOf(symbol) != -1): null

2019-08-15 16:25:05 - [TEST_STEP][PASSED] - symbol = symbol: null

2019-08-15 16:25:05 - [TEST_STEP][PASSED] - println(symbol): null

2019-08-15 16:25:05 - [TEST_STEP][PASSED] - if (i == 2 &amp;&amp; wildList.indexOf(symbol) != -1): null

2019-08-15 16:25:05 - [TEST_STEP][PASSED] - if (i == 3 &amp;&amp; wildList.indexOf(symbol) != -1): null

2019-08-15 16:25:05 - [TEST_STEP][PASSED] - if (i == 4 &amp;&amp; wildList.indexOf(symbol) != -1): null

2019-08-15 16:25:05 - [TEST_STEP][PASSED] - println("wild found on reel 5, adding counter by 1"): null

2019-08-15 16:25:05 - [TEST_STEP][PASSED] - free_spin_reel_counter[2] = free_spin_reel_counter[2] + 1: null

2019-08-15 16:25:05 - [TEST_STEP][PASSED] - symbol = symbol: null

2019-08-15 16:25:05 - [TEST_STEP][PASSED] - println(symbol): null

2019-08-15 16:25:05 - [TEST_STEP][PASSED] - if (i == 2 &amp;&amp; wildList.indexOf(symbol) != -1): null

2019-08-15 16:25:05 - [TEST_STEP][PASSED] - if (i == 3 &amp;&amp; wildList.indexOf(symbol) != -1): null

2019-08-15 16:25:05 - [TEST_STEP][PASSED] - if (i == 4 &amp;&amp; wildList.indexOf(symbol) != -1): null

2019-08-15 16:25:05 - [TEST_STEP][PASSED] - free_spin_reel_counter = free_spin_reel_counter: null

2019-08-15 16:25:05 - [TEST_STEP][PASSED] - println("reel 3 wild found: " + free_spin_reel_counter[0]): null

2019-08-15 16:25:05 - [TEST_STEP][PASSED] - println("reel 4 wild found: " + free_spin_reel_counter[1]): null

2019-08-15 16:25:05 - [TEST_STEP][PASSED] - println("reel 5 wild found: " + free_spin_reel_counter[2]): null

2019-08-15 16:25:05 - [TEST_STEP][PASSED] - M4_spin_reels = M4_spin_reels: null

2019-08-15 16:25:05 - [TEST_STEP][PASSED] - M4_spin_reels_symbols = symbol: null

2019-08-15 16:25:05 - [TEST_STEP][PASSED] - M4_spin_reels_symbols = M4_spin_reels_symbols: null

2019-08-15 16:25:05 - [TEST_STEP][PASSED] - M4_spin_reel_wins = reel_wins: null

2019-08-15 16:25:05 - [TEST_STEP][PASSED] - M4_spin_reel_wins = M4_spin_reel_wins: null

2019-08-15 16:25:05 - [TEST_STEP][PASSED] - println("GlobalVariable.M4_spin_reel_wins is: " + M4_spin_reel_wins): null

2019-08-15 16:25:05 - [TEST_STEP][PASSED] - M4_spin_total_bonus_win_this_round = total_bonus_win_this_round: null

2019-08-15 16:25:05 - [TEST_STEP][PASSED] - M4_spin_total_bonus_win_this_round = M4_spin_total_bonus_win_this_round: null

2019-08-15 16:25:05 - [TEST_STEP][PASSED] - println("GlobalVariable.M4_spin_total_bonus_win_this_round is: " + M4_spin_total_bonus_win_this_round): null

2019-08-15 16:25:05 - [MESSAGE][PASSED] - Verify response successfully

2019-08-15 16:25:05 - [MESSAGE][PASSED] - Send request and verify the response successfully

2019-08-15 16:25:05 - [TEST_STEP][PASSED] - if (M4_total_bonus_spins_int != 0 &amp;&amp; M4_spin_reels_symbols[2].contains("WILD_Normal") || M4_spin_reels_symbols[3].contains("WILD_Normal") || M4_spin_reels_symbols[4].contains("WILD_Normal")): null

2019-08-15 16:25:05 - [TEST_STEP][PASSED] - free_spin_reel_counter = free_spin_reel_counter: null

2019-08-15 16:25:05 - [TEST_STEP][PASSED] - M4_spin_reels_symbols = M4_spin_reels_symbols: null

2019-08-15 16:25:05 - [TEST_STEP][PASSED] - M4_total_bonus_spins = M4_total_bonus_spins: null

2019-08-15 16:25:05 - [TEST_STEP][PASSED] - spin_result = sendRequestAndVerify(findTestObject("STG/RGS(M4)/1_M4_spin", ["M4_login_user_id":M4_login_user_id, "rgs_session_token":rgs_session_token, "partner":Partner])): Send request and verify the response successfully

2019-08-15 16:25:05 - [TEST_CASE][PASSED] - Start Test Case : Verification: Verification accomplished successfully

2019-08-15 16:25:05 - [TEST_STEP][PASSED] - request = getInstance().getCurrentRequest(): null

2019-08-15 16:25:05 - [TEST_STEP][PASSED] - response = getInstance().getCurrentResponse(): null

2019-08-15 16:25:05 - [TEST_STEP][PASSED] - verifyResponseStatusCode(response, 200): Verify response status code successfully

2019-08-15 16:25:05 - [MESSAGE][PASSED] - Verify response status code successfully

2019-08-15 16:25:05 - [TEST_STEP][PASSED] - getStatusCode()).isEqualTo(200): null

2019-08-15 16:25:05 - [TEST_STEP][PASSED] - newline = System.getProperty("line.separator"): null

2019-08-15 16:25:05 - [TEST_STEP][PASSED] - M4_spin = new groovy.json.JsonSlurper(): null

2019-08-15 16:25:05 - [TEST_STEP][PASSED] - result_M4_spin = M4_spin.parseText(response.getResponseBodyContent()): null

2019-08-15 16:25:05 - [TEST_STEP][PASSED] - M4_spin_current_balance = current_balance: null

2019-08-15 16:25:05 - [TEST_STEP][PASSED] - M4_spin_current_balance = M4_spin_current_balance: null

2019-08-15 16:25:05 - [TEST_STEP][PASSED] - M4_spin_transaction_id = causality: null

2019-08-15 16:25:05 - [TEST_STEP][PASSED] - M4_spin_transaction_id = M4_spin_transaction_id: null

2019-08-15 16:25:05 - [TEST_STEP][PASSED] - M4_spin_round_id = round_id: null

2019-08-15 16:25:05 - [TEST_STEP][PASSED] - M4_spin_round_id = M4_spin_round_id: null

2019-08-15 16:25:05 - [TEST_STEP][PASSED] - M4_spin_line_wins = line_wins: null

2019-08-15 16:25:05 - [TEST_STEP][PASSED] - M4_spin_line_wins = M4_spin_line_wins: null

2019-08-15 16:25:05 - [TEST_STEP][PASSED] - M4_total_bonus_spins_int = total_bonus_spins: null

2019-08-15 16:25:05 - [TEST_STEP][PASSED] - println("******M4_total_bonus_spins type is:*******" + newline + getClass().getName()): null

2019-08-15 16:25:05 - [TEST_STEP][PASSED] - M4_total_bonus_spins_int = M4_total_bonus_spins_int: null

2019-08-15 16:25:05 - [TEST_STEP][PASSED] - M4_total_bonus_spins = Integer.toString(M4_total_bonus_spins_int): null

2019-08-15 16:25:05 - [TEST_STEP][PASSED] - M4_total_bonus_spins = M4_total_bonus_spins: null

2019-08-15 16:25:05 - [TEST_STEP][PASSED] - println("M4_total_bonus_spins is:" + M4_total_bonus_spins): null

2019-08-15 16:25:05 - [TEST_STEP][PASSED] - M4_spin_bonus_data = bonus_data: null

2019-08-15 16:25:05 - [TEST_STEP][PASSED] - M4_spin_features_triggered = result_M4_spin: null

2019-08-15 16:25:05 - [TEST_STEP][PASSED] - wild = []: null

2019-08-15 16:25:05 - [TEST_STEP][PASSED] - wild[0] = "WILD_Expanding": null

2019-08-15 16:25:05 - [TEST_STEP][PASSED] - wild[1] = "WILD_Normal": null

2019-08-15 16:25:05 - [TEST_STEP][PASSED] - wild[2] = "WILD_Double": null

2019-08-15 16:25:05 - [TEST_STEP][PASSED] - wild[3] = "WILD_ExtraFG": null

2019-08-15 16:25:05 - [TEST_STEP][PASSED] - wild[4] = "WILD_Triple": null

2019-08-15 16:25:05 - [TEST_STEP][PASSED] - wildList = Arrays.asList(wild): null

2019-08-15 16:25:05 - [TEST_STEP][PASSED] - wildList = wildList: null

2019-08-15 16:25:05 - [TEST_STEP][PASSED] - free_spin_reel_counter = []: null

2019-08-15 16:25:05 - [TEST_STEP][PASSED] - free_spin_reel_counter[0] = 0: null

2019-08-15 16:25:05 - [TEST_STEP][PASSED] - free_spin_reel_counter[1] = 0: null

2019-08-15 16:25:05 - [TEST_STEP][PASSED] - free_spin_reel_counter[2] = 0: null

2019-08-15 16:25:05 - [TEST_STEP][PASSED] - M4_spin_reels = reels: null

2019-08-15 16:25:05 - [TEST_STEP][PASSED] - for ([i = 0, i &lt; M4_spin_reels.size(), (i++)]): null

2019-08-15 16:25:05 - [TEST_STEP][PASSED] - symbols = symbols: null

2019-08-15 16:25:05 - [TEST_STEP][PASSED] - for ([j = 0, j &lt; symbols.size(), (j++)]): null

2019-08-15 16:25:05 - [TEST_STEP][PASSED] - symbol = symbol: null

2019-08-15 16:25:05 - [TEST_STEP][PASSED] - println(symbol): null

2019-08-15 16:25:05 - [TEST_STEP][PASSED] - if (i == 2 &amp;&amp; wildList.indexOf(symbol) != -1): null

2019-08-15 16:25:05 - [TEST_STEP][PASSED] - if (i == 3 &amp;&amp; wildList.indexOf(symbol) != -1): null

2019-08-15 16:25:05 - [TEST_STEP][PASSED] - if (i == 4 &amp;&amp; wildList.indexOf(symbol) != -1): null

2019-08-15 16:25:05 - [TEST_STEP][PASSED] - symbol = symbol: null

2019-08-15 16:25:05 - [TEST_STEP][PASSED] - println(symbol): null

2019-08-15 16:25:05 - [TEST_STEP][PASSED] - if (i == 2 &amp;&amp; wildList.indexOf(symbol) != -1): null

2019-08-15 16:25:05 - [TEST_STEP][PASSED] - if (i == 3 &amp;&amp; wildList.indexOf(symbol) != -1): null

2019-08-15 16:25:05 - [TEST_STEP][PASSED] - if (i == 4 &amp;&amp; wildList.indexOf(symbol) != -1): null

2019-08-15 16:25:05 - [TEST_STEP][PASSED] - symbol = symbol: null

2019-08-15 16:25:05 - [TEST_STEP][PASSED] - println(symbol): null

2019-08-15 16:25:05 - [TEST_STEP][PASSED] - if (i == 2 &amp;&amp; wildList.indexOf(symbol) != -1): null

2019-08-15 16:25:05 - [TEST_STEP][PASSED] - if (i == 3 &amp;&amp; wildList.indexOf(symbol) != -1): null

2019-08-15 16:25:05 - [TEST_STEP][PASSED] - if (i == 4 &amp;&amp; wildList.indexOf(symbol) != -1): null

2019-08-15 16:25:05 - [TEST_STEP][PASSED] - symbols = symbols: null

2019-08-15 16:25:05 - [TEST_STEP][PASSED] - for ([j = 0, j &lt; symbols.size(), (j++)]): null

2019-08-15 16:25:05 - [TEST_STEP][PASSED] - symbol = symbol: null

2019-08-15 16:25:05 - [TEST_STEP][PASSED] - println(symbol): null

2019-08-15 16:25:05 - [TEST_STEP][PASSED] - if (i == 2 &amp;&amp; wildList.indexOf(symbol) != -1): null

2019-08-15 16:25:05 - [TEST_STEP][PASSED] - if (i == 3 &amp;&amp; wildList.indexOf(symbol) != -1): null

2019-08-15 16:25:05 - [TEST_STEP][PASSED] - if (i == 4 &amp;&amp; wildList.indexOf(symbol) != -1): null

2019-08-15 16:25:05 - [TEST_STEP][PASSED] - symbol = symbol: null

2019-08-15 16:25:05 - [TEST_STEP][PASSED] - println(symbol): null

2019-08-15 16:25:05 - [TEST_STEP][PASSED] - if (i == 2 &amp;&amp; wildList.indexOf(symbol) != -1): null

2019-08-15 16:25:05 - [TEST_STEP][PASSED] - if (i == 3 &amp;&amp; wildList.indexOf(symbol) != -1): null

2019-08-15 16:25:05 - [TEST_STEP][PASSED] - if (i == 4 &amp;&amp; wildList.indexOf(symbol) != -1): null

2019-08-15 16:25:05 - [TEST_STEP][PASSED] - symbol = symbol: null

2019-08-15 16:25:05 - [TEST_STEP][PASSED] - println(symbol): null

2019-08-15 16:25:05 - [TEST_STEP][PASSED] - if (i == 2 &amp;&amp; wildList.indexOf(symbol) != -1): null

2019-08-15 16:25:05 - [TEST_STEP][PASSED] - if (i == 3 &amp;&amp; wildList.indexOf(symbol) != -1): null

2019-08-15 16:25:05 - [TEST_STEP][PASSED] - if (i == 4 &amp;&amp; wildList.indexOf(symbol) != -1): null

2019-08-15 16:25:05 - [TEST_STEP][PASSED] - symbols = symbols: null

2019-08-15 16:25:05 - [TEST_STEP][PASSED] - for ([j = 0, j &lt; symbols.size(), (j++)]): null

2019-08-15 16:25:05 - [TEST_STEP][PASSED] - symbol = symbol: null

2019-08-15 16:25:05 - [TEST_STEP][PASSED] - println(symbol): null

2019-08-15 16:25:05 - [TEST_STEP][PASSED] - if (i == 2 &amp;&amp; wildList.indexOf(symbol) != -1): null

2019-08-15 16:25:05 - [TEST_STEP][PASSED] - if (i == 3 &amp;&amp; wildList.indexOf(symbol) != -1): null

2019-08-15 16:25:05 - [TEST_STEP][PASSED] - if (i == 4 &amp;&amp; wildList.indexOf(symbol) != -1): null

2019-08-15 16:25:05 - [TEST_STEP][PASSED] - symbol = symbol: null

2019-08-15 16:25:05 - [TEST_STEP][PASSED] - println(symbol): null

2019-08-15 16:25:05 - [TEST_STEP][PASSED] - if (i == 2 &amp;&amp; wildList.indexOf(symbol) != -1): null

2019-08-15 16:25:05 - [TEST_STEP][PASSED] - if (i == 3 &amp;&amp; wildList.indexOf(symbol) != -1): null

2019-08-15 16:25:05 - [TEST_STEP][PASSED] - if (i == 4 &amp;&amp; wildList.indexOf(symbol) != -1): null

2019-08-15 16:25:05 - [TEST_STEP][PASSED] - symbol = symbol: null

2019-08-15 16:25:05 - [TEST_STEP][PASSED] - println(symbol): null

2019-08-15 16:25:05 - [TEST_STEP][PASSED] - if (i == 2 &amp;&amp; wildList.indexOf(symbol) != -1): null

2019-08-15 16:25:05 - [TEST_STEP][PASSED] - if (i == 3 &amp;&amp; wildList.indexOf(symbol) != -1): null

2019-08-15 16:25:05 - [TEST_STEP][PASSED] - if (i == 4 &amp;&amp; wildList.indexOf(symbol) != -1): null

2019-08-15 16:25:05 - [TEST_STEP][PASSED] - symbols = symbols: null

2019-08-15 16:25:05 - [TEST_STEP][PASSED] - for ([j = 0, j &lt; symbols.size(), (j++)]): null

2019-08-15 16:25:05 - [TEST_STEP][PASSED] - symbol = symbol: null

2019-08-15 16:25:05 - [TEST_STEP][PASSED] - println(symbol): null

2019-08-15 16:25:05 - [TEST_STEP][PASSED] - if (i == 2 &amp;&amp; wildList.indexOf(symbol) != -1): null

2019-08-15 16:25:05 - [TEST_STEP][PASSED] - if (i == 3 &amp;&amp; wildList.indexOf(symbol) != -1): null

2019-08-15 16:25:05 - [TEST_STEP][PASSED] - println("wild found on reel 4, adding counter by 1"): null

2019-08-15 16:25:05 - [TEST_STEP][PASSED] - free_spin_reel_counter[1] = free_spin_reel_counter[1] + 1: null

2019-08-15 16:25:05 - [TEST_STEP][PASSED] - if (i == 4 &amp;&amp; wildList.indexOf(symbol) != -1): null

2019-08-15 16:25:05 - [TEST_STEP][PASSED] - symbol = symbol: null

2019-08-15 16:25:05 - [TEST_STEP][PASSED] - println(symbol): null

2019-08-15 16:25:05 - [TEST_STEP][PASSED] - if (i == 2 &amp;&amp; wildList.indexOf(symbol) != -1): null

2019-08-15 16:25:05 - [TEST_STEP][PASSED] - if (i == 3 &amp;&amp; wildList.indexOf(symbol) != -1): null

2019-08-15 16:25:05 - [TEST_STEP][PASSED] - if (i == 4 &amp;&amp; wildList.indexOf(symbol) != -1): null

2019-08-15 16:25:05 - [TEST_STEP][PASSED] - symbol = symbol: null

2019-08-15 16:25:05 - [TEST_STEP][PASSED] - println(symbol): null

2019-08-15 16:25:05 - [TEST_STEP][PASSED] - if (i == 2 &amp;&amp; wildList.indexOf(symbol) != -1): null

2019-08-15 16:25:05 - [TEST_STEP][PASSED] - if (i == 3 &amp;&amp; wildList.indexOf(symbol) != -1): null

2019-08-15 16:25:05 - [TEST_STEP][PASSED] - if (i == 4 &amp;&amp; wildList.indexOf(symbol) != -1): null

2019-08-15 16:25:05 - [TEST_STEP][PASSED] - symbols = symbols: null

2019-08-15 16:25:05 - [TEST_STEP][PASSED] - for ([j = 0, j &lt; symbols.size(), (j++)]): null

2019-08-15 16:25:05 - [TEST_STEP][PASSED] - symbol = symbol: null

2019-08-15 16:25:05 - [TEST_STEP][PASSED] - println(symbol): null

2019-08-15 16:25:05 - [TEST_STEP][PASSED] - if (i == 2 &amp;&amp; wildList.indexOf(symbol) != -1): null

2019-08-15 16:25:05 - [TEST_STEP][PASSED] - if (i == 3 &amp;&amp; wildList.indexOf(symbol) != -1): null

2019-08-15 16:25:05 - [TEST_STEP][PASSED] - if (i == 4 &amp;&amp; wildList.indexOf(symbol) != -1): null

2019-08-15 16:25:05 - [TEST_STEP][PASSED] - symbol = symbol: null

2019-08-15 16:25:05 - [TEST_STEP][PASSED] - println(symbol): null

2019-08-15 16:25:05 - [TEST_STEP][PASSED] - if (i == 2 &amp;&amp; wildList.indexOf(symbol) != -1): null

2019-08-15 16:25:05 - [TEST_STEP][PASSED] - if (i == 3 &amp;&amp; wildList.indexOf(symbol) != -1): null

2019-08-15 16:25:05 - [TEST_STEP][PASSED] - if (i == 4 &amp;&amp; wildList.indexOf(symbol) != -1): null

2019-08-15 16:25:05 - [TEST_STEP][PASSED] - symbol = symbol: null

2019-08-15 16:25:05 - [TEST_STEP][PASSED] - println(symbol): null

2019-08-15 16:25:05 - [TEST_STEP][PASSED] - if (i == 2 &amp;&amp; wildList.indexOf(symbol) != -1): null

2019-08-15 16:25:05 - [TEST_STEP][PASSED] - if (i == 3 &amp;&amp; wildList.indexOf(symbol) != -1): null

2019-08-15 16:25:05 - [TEST_STEP][PASSED] - if (i == 4 &amp;&amp; wildList.indexOf(symbol) != -1): null

2019-08-15 16:25:05 - [TEST_STEP][PASSED] - free_spin_reel_counter = free_spin_reel_counter: null

2019-08-15 16:25:05 - [TEST_STEP][PASSED] - println("reel 3 wild found: " + free_spin_reel_counter[0]): null

2019-08-15 16:25:05 - [TEST_STEP][PASSED] - println("reel 4 wild found: " + free_spin_reel_counter[1]): null

2019-08-15 16:25:05 - [TEST_STEP][PASSED] - println("reel 5 wild found: " + free_spin_reel_counter[2]): null

2019-08-15 16:25:05 - [TEST_STEP][PASSED] - M4_spin_reels = M4_spin_reels: null

2019-08-15 16:25:05 - [TEST_STEP][PASSED] - M4_spin_reels_symbols = symbol: null

2019-08-15 16:25:05 - [TEST_STEP][PASSED] - M4_spin_reels_symbols = M4_spin_reels_symbols: null

2019-08-15 16:25:05 - [TEST_STEP][PASSED] - M4_spin_reel_wins = reel_wins: null

2019-08-15 16:25:05 - [TEST_STEP][PASSED] - M4_spin_reel_wins = M4_spin_reel_wins: null

2019-08-15 16:25:05 - [TEST_STEP][PASSED] - println("GlobalVariable.M4_spin_reel_wins is: " + M4_spin_reel_wins): null

2019-08-15 16:25:05 - [TEST_STEP][PASSED] - M4_spin_total_bonus_win_this_round = total_bonus_win_this_round: null

2019-08-15 16:25:05 - [TEST_STEP][PASSED] - M4_spin_total_bonus_win_this_round = M4_spin_total_bonus_win_this_round: null

2019-08-15 16:25:05 - [TEST_STEP][PASSED] - println("GlobalVariable.M4_spin_total_bonus_win_this_round is: " + M4_spin_total_bonus_win_this_round): null

2019-08-15 16:25:05 - [MESSAGE][PASSED] - Verify response successfully

2019-08-15 16:25:05 - [MESSAGE][PASSED] - Send request and verify the response successfully

2019-08-15 16:25:05 - [TEST_STEP][PASSED] - if (M4_total_bonus_spins_int != 0 &amp;&amp; M4_spin_reels_symbols[2].contains("WILD_Normal") || M4_spin_reels_symbols[3].contains("WILD_Normal") || M4_spin_reels_symbols[4].contains("WILD_Normal")): null

2019-08-15 16:25:05 - [TEST_STEP][PASSED] - free_spin_reel_counter = free_spin_reel_counter: null

2019-08-15 16:25:05 - [TEST_STEP][PASSED] - M4_spin_reels_symbols = M4_spin_reels_symbols: null

2019-08-15 16:25:05 - [TEST_STEP][PASSED] - M4_total_bonus_spins = M4_total_bonus_spins: null

2019-08-15 16:25:05 - [TEST_STEP][PASSED] - spin_result = sendRequestAndVerify(findTestObject("STG/RGS(M4)/1_M4_spin", ["M4_login_user_id":M4_login_user_id, "rgs_session_token":rgs_session_token, "partner":Partner])): Send request and verify the response successfully

2019-08-15 16:25:05 - [TEST_CASE][PASSED] - Start Test Case : Verification: Verification accomplished successfully

2019-08-15 16:25:05 - [TEST_STEP][PASSED] - request = getInstance().getCurrentRequest(): null

2019-08-15 16:25:05 - [TEST_STEP][PASSED] - response = getInstance().getCurrentResponse(): null

2019-08-15 16:25:05 - [TEST_STEP][PASSED] - verifyResponseStatusCode(response, 200): Verify response status code successfully

2019-08-15 16:25:05 - [MESSAGE][PASSED] - Verify response status code successfully

2019-08-15 16:25:05 - [TEST_STEP][PASSED] - getStatusCode()).isEqualTo(200): null

2019-08-15 16:25:05 - [TEST_STEP][PASSED] - newline = System.getProperty("line.separator"): null

2019-08-15 16:25:05 - [TEST_STEP][PASSED] - M4_spin = new groovy.json.JsonSlurper(): null

2019-08-15 16:25:05 - [TEST_STEP][PASSED] - result_M4_spin = M4_spin.parseText(response.getResponseBodyContent()): null

2019-08-15 16:25:05 - [TEST_STEP][PASSED] - M4_spin_current_balance = current_balance: null

2019-08-15 16:25:05 - [TEST_STEP][PASSED] - M4_spin_current_balance = M4_spin_current_balance: null

2019-08-15 16:25:05 - [TEST_STEP][PASSED] - M4_spin_transaction_id = causality: null

2019-08-15 16:25:05 - [TEST_STEP][PASSED] - M4_spin_transaction_id = M4_spin_transaction_id: null

2019-08-15 16:25:05 - [TEST_STEP][PASSED] - M4_spin_round_id = round_id: null

2019-08-15 16:25:05 - [TEST_STEP][PASSED] - M4_spin_round_id = M4_spin_round_id: null

2019-08-15 16:25:05 - [TEST_STEP][PASSED] - M4_spin_line_wins = line_wins: null

2019-08-15 16:25:05 - [TEST_STEP][PASSED] - M4_spin_line_wins = M4_spin_line_wins: null

2019-08-15 16:25:05 - [TEST_STEP][PASSED] - M4_total_bonus_spins_int = total_bonus_spins: null

2019-08-15 16:25:05 - [TEST_STEP][PASSED] - println("******M4_total_bonus_spins type is:*******" + newline + getClass().getName()): null

2019-08-15 16:25:05 - [TEST_STEP][PASSED] - M4_total_bonus_spins_int = M4_total_bonus_spins_int: null

2019-08-15 16:25:05 - [TEST_STEP][PASSED] - M4_total_bonus_spins = Integer.toString(M4_total_bonus_spins_int): null

2019-08-15 16:25:05 - [TEST_STEP][PASSED] - M4_total_bonus_spins = M4_total_bonus_spins: null

2019-08-15 16:25:05 - [TEST_STEP][PASSED] - println("M4_total_bonus_spins is:" + M4_total_bonus_spins): null

2019-08-15 16:25:05 - [TEST_STEP][PASSED] - M4_spin_bonus_data = bonus_data: null

2019-08-15 16:25:05 - [TEST_STEP][PASSED] - M4_spin_features_triggered = result_M4_spin: null

2019-08-15 16:25:05 - [TEST_STEP][PASSED] - wild = []: null

2019-08-15 16:25:05 - [TEST_STEP][PASSED] - wild[0] = "WILD_Expanding": null

2019-08-15 16:25:05 - [TEST_STEP][PASSED] - wild[1] = "WILD_Normal": null

2019-08-15 16:25:05 - [TEST_STEP][PASSED] - wild[2] = "WILD_Double": null

2019-08-15 16:25:05 - [TEST_STEP][PASSED] - wild[3] = "WILD_ExtraFG": null

2019-08-15 16:25:05 - [TEST_STEP][PASSED] - wild[4] = "WILD_Triple": null

2019-08-15 16:25:05 - [TEST_STEP][PASSED] - wildList = Arrays.asList(wild): null

2019-08-15 16:25:05 - [TEST_STEP][PASSED] - wildList = wildList: null

2019-08-15 16:25:05 - [TEST_STEP][PASSED] - free_spin_reel_counter = []: null

2019-08-15 16:25:05 - [TEST_STEP][PASSED] - free_spin_reel_counter[0] = 0: null

2019-08-15 16:25:05 - [TEST_STEP][PASSED] - free_spin_reel_counter[1] = 0: null

2019-08-15 16:25:05 - [TEST_STEP][PASSED] - free_spin_reel_counter[2] = 0: null

2019-08-15 16:25:05 - [TEST_STEP][PASSED] - M4_spin_reels = reels: null

2019-08-15 16:25:05 - [TEST_STEP][PASSED] - for ([i = 0, i &lt; M4_spin_reels.size(), (i++)]): null

2019-08-15 16:25:05 - [TEST_STEP][PASSED] - symbols = symbols: null

2019-08-15 16:25:05 - [TEST_STEP][PASSED] - for ([j = 0, j &lt; symbols.size(), (j++)]): null

2019-08-15 16:25:05 - [TEST_STEP][PASSED] - symbol = symbol: null

2019-08-15 16:25:05 - [TEST_STEP][PASSED] - println(symbol): null

2019-08-15 16:25:05 - [TEST_STEP][PASSED] - if (i == 2 &amp;&amp; wildList.indexOf(symbol) != -1): null

2019-08-15 16:25:05 - [TEST_STEP][PASSED] - if (i == 3 &amp;&amp; wildList.indexOf(symbol) != -1): null

2019-08-15 16:25:05 - [TEST_STEP][PASSED] - if (i == 4 &amp;&amp; wildList.indexOf(symbol) != -1): null

2019-08-15 16:25:05 - [TEST_STEP][PASSED] - symbol = symbol: null

2019-08-15 16:25:05 - [TEST_STEP][PASSED] - println(symbol): null

2019-08-15 16:25:05 - [TEST_STEP][PASSED] - if (i == 2 &amp;&amp; wildList.indexOf(symbol) != -1): null

2019-08-15 16:25:05 - [TEST_STEP][PASSED] - if (i == 3 &amp;&amp; wildList.indexOf(symbol) != -1): null

2019-08-15 16:25:05 - [TEST_STEP][PASSED] - if (i == 4 &amp;&amp; wildList.indexOf(symbol) != -1): null

2019-08-15 16:25:05 - [TEST_STEP][PASSED] - symbol = symbol: null

2019-08-15 16:25:05 - [TEST_STEP][PASSED] - println(symbol): null

2019-08-15 16:25:05 - [TEST_STEP][PASSED] - if (i == 2 &amp;&amp; wildList.indexOf(symbol) != -1): null

2019-08-15 16:25:05 - [TEST_STEP][PASSED] - if (i == 3 &amp;&amp; wildList.indexOf(symbol) != -1): null

2019-08-15 16:25:05 - [TEST_STEP][PASSED] - if (i == 4 &amp;&amp; wildList.indexOf(symbol) != -1): null

2019-08-15 16:25:05 - [TEST_STEP][PASSED] - symbols = symbols: null

2019-08-15 16:25:05 - [TEST_STEP][PASSED] - for ([j = 0, j &lt; symbols.size(), (j++)]): null

2019-08-15 16:25:05 - [TEST_STEP][PASSED] - symbol = symbol: null

2019-08-15 16:25:05 - [TEST_STEP][PASSED] - println(symbol): null

2019-08-15 16:25:05 - [TEST_STEP][PASSED] - if (i == 2 &amp;&amp; wildList.indexOf(symbol) != -1): null

2019-08-15 16:25:05 - [TEST_STEP][PASSED] - if (i == 3 &amp;&amp; wildList.indexOf(symbol) != -1): null

2019-08-15 16:25:05 - [TEST_STEP][PASSED] - if (i == 4 &amp;&amp; wildList.indexOf(symbol) != -1): null

2019-08-15 16:25:05 - [TEST_STEP][PASSED] - symbol = symbol: null

2019-08-15 16:25:05 - [TEST_STEP][PASSED] - println(symbol): null

2019-08-15 16:25:05 - [TEST_STEP][PASSED] - if (i == 2 &amp;&amp; wildList.indexOf(symbol) != -1): null

2019-08-15 16:25:05 - [TEST_STEP][PASSED] - if (i == 3 &amp;&amp; wildList.indexOf(symbol) != -1): null

2019-08-15 16:25:05 - [TEST_STEP][PASSED] - if (i == 4 &amp;&amp; wildList.indexOf(symbol) != -1): null

2019-08-15 16:25:05 - [TEST_STEP][PASSED] - symbol = symbol: null

2019-08-15 16:25:05 - [TEST_STEP][PASSED] - println(symbol): null

2019-08-15 16:25:05 - [TEST_STEP][PASSED] - if (i == 2 &amp;&amp; wildList.indexOf(symbol) != -1): null

2019-08-15 16:25:05 - [TEST_STEP][PASSED] - if (i == 3 &amp;&amp; wildList.indexOf(symbol) != -1): null

2019-08-15 16:25:05 - [TEST_STEP][PASSED] - if (i == 4 &amp;&amp; wildList.indexOf(symbol) != -1): null

2019-08-15 16:25:05 - [TEST_STEP][PASSED] - symbols = symbols: null

2019-08-15 16:25:05 - [TEST_STEP][PASSED] - for ([j = 0, j &lt; symbols.size(), (j++)]): null

2019-08-15 16:25:05 - [TEST_STEP][PASSED] - symbol = symbol: null

2019-08-15 16:25:05 - [TEST_STEP][PASSED] - println(symbol): null

2019-08-15 16:25:05 - [TEST_STEP][PASSED] - if (i == 2 &amp;&amp; wildList.indexOf(symbol) != -1): null

2019-08-15 16:25:05 - [TEST_STEP][PASSED] - println("wild found on reel 3, adding counter by 1"): null

2019-08-15 16:25:05 - [TEST_STEP][PASSED] - free_spin_reel_counter[0] = free_spin_reel_counter[0] + 1: null

2019-08-15 16:25:05 - [TEST_STEP][PASSED] - if (i == 3 &amp;&amp; wildList.indexOf(symbol) != -1): null

2019-08-15 16:25:05 - [TEST_STEP][PASSED] - if (i == 4 &amp;&amp; wildList.indexOf(symbol) != -1): null

2019-08-15 16:25:05 - [TEST_STEP][PASSED] - symbol = symbol: null

2019-08-15 16:25:05 - [TEST_STEP][PASSED] - println(symbol): null

2019-08-15 16:25:05 - [TEST_STEP][PASSED] - if (i == 2 &amp;&amp; wildList.indexOf(symbol) != -1): null

2019-08-15 16:25:05 - [TEST_STEP][PASSED] - if (i == 3 &amp;&amp; wildList.indexOf(symbol) != -1): null

2019-08-15 16:25:05 - [TEST_STEP][PASSED] - if (i == 4 &amp;&amp; wildList.indexOf(symbol) != -1): null

2019-08-15 16:25:05 - [TEST_STEP][PASSED] - symbol = symbol: null

2019-08-15 16:25:05 - [TEST_STEP][PASSED] - println(symbol): null

2019-08-15 16:25:05 - [TEST_STEP][PASSED] - if (i == 2 &amp;&amp; wildList.indexOf(symbol) != -1): null

2019-08-15 16:25:05 - [TEST_STEP][PASSED] - if (i == 3 &amp;&amp; wildList.indexOf(symbol) != -1): null

2019-08-15 16:25:05 - [TEST_STEP][PASSED] - if (i == 4 &amp;&amp; wildList.indexOf(symbol) != -1): null

2019-08-15 16:25:05 - [TEST_STEP][PASSED] - symbols = symbols: null

2019-08-15 16:25:05 - [TEST_STEP][PASSED] - for ([j = 0, j &lt; symbols.size(), (j++)]): null

2019-08-15 16:25:05 - [TEST_STEP][PASSED] - symbol = symbol: null

2019-08-15 16:25:05 - [TEST_STEP][PASSED] - println(symbol): null

2019-08-15 16:25:05 - [TEST_STEP][PASSED] - if (i == 2 &amp;&amp; wildList.indexOf(symbol) != -1): null

2019-08-15 16:25:05 - [TEST_STEP][PASSED] - if (i == 3 &amp;&amp; wildList.indexOf(symbol) != -1): null

2019-08-15 16:25:05 - [TEST_STEP][PASSED] - if (i == 4 &amp;&amp; wildList.indexOf(symbol) != -1): null

2019-08-15 16:25:05 - [TEST_STEP][PASSED] - symbol = symbol: null

2019-08-15 16:25:05 - [TEST_STEP][PASSED] - println(symbol): null

2019-08-15 16:25:05 - [TEST_STEP][PASSED] - if (i == 2 &amp;&amp; wildList.indexOf(symbol) != -1): null

2019-08-15 16:25:05 - [TEST_STEP][PASSED] - if (i == 3 &amp;&amp; wildList.indexOf(symbol) != -1): null

2019-08-15 16:25:05 - [TEST_STEP][PASSED] - println("wild found on reel 4, adding counter by 1"): null

2019-08-15 16:25:05 - [TEST_STEP][PASSED] - free_spin_reel_counter[1] = free_spin_reel_counter[1] + 1: null

2019-08-15 16:25:05 - [TEST_STEP][PASSED] - if (i == 4 &amp;&amp; wildList.indexOf(symbol) != -1): null

2019-08-15 16:25:05 - [TEST_STEP][PASSED] - symbol = symbol: null

2019-08-15 16:25:05 - [TEST_STEP][PASSED] - println(symbol): null

2019-08-15 16:25:05 - [TEST_STEP][PASSED] - if (i == 2 &amp;&amp; wildList.indexOf(symbol) != -1): null

2019-08-15 16:25:05 - [TEST_STEP][PASSED] - if (i == 3 &amp;&amp; wildList.indexOf(symbol) != -1): null

2019-08-15 16:25:05 - [TEST_STEP][PASSED] - if (i == 4 &amp;&amp; wildList.indexOf(symbol) != -1): null

2019-08-15 16:25:05 - [TEST_STEP][PASSED] - symbols = symbols: null

2019-08-15 16:25:09 - [TEST_STEP][PASSED] - for ([j = 0, j &lt; symbols.size(), (j++)]): null

2019-08-15 16:25:09 - [TEST_STEP][PASSED] - symbol = symbol: null

2019-08-15 16:25:09 - [TEST_STEP][PASSED] - println(symbol): null

2019-08-15 16:25:09 - [TEST_STEP][PASSED] - if (i == 2 &amp;&amp; wildList.indexOf(symbol) != -1): null

2019-08-15 16:25:09 - [TEST_STEP][PASSED] - if (i == 3 &amp;&amp; wildList.indexOf(symbol) != -1): null

2019-08-15 16:25:09 - [TEST_STEP][PASSED] - if (i == 4 &amp;&amp; wildList.indexOf(symbol) != -1): null

2019-08-15 16:25:09 - [TEST_STEP][PASSED] - symbol = symbol: null

2019-08-15 16:25:09 - [TEST_STEP][PASSED] - println(symbol): null

2019-08-15 16:25:09 - [TEST_STEP][PASSED] - if (i == 2 &amp;&amp; wildList.indexOf(symbol) != -1): null

2019-08-15 16:25:09 - [TEST_STEP][PASSED] - if (i == 3 &amp;&amp; wildList.indexOf(symbol) != -1): null

2019-08-15 16:25:09 - [TEST_STEP][PASSED] - if (i == 4 &amp;&amp; wildList.indexOf(symbol) != -1): null

2019-08-15 16:25:09 - [TEST_STEP][PASSED] - symbol = symbol: null

2019-08-15 16:25:09 - [TEST_STEP][PASSED] - println(symbol): null

2019-08-15 16:25:09 - [TEST_STEP][PASSED] - if (i == 2 &amp;&amp; wildList.indexOf(symbol) != -1): null

2019-08-15 16:25:09 - [TEST_STEP][PASSED] - if (i == 3 &amp;&amp; wildList.indexOf(symbol) != -1): null

2019-08-15 16:25:09 - [TEST_STEP][PASSED] - if (i == 4 &amp;&amp; wildList.indexOf(symbol) != -1): null

2019-08-15 16:25:09 - [TEST_STEP][PASSED] - free_spin_reel_counter = free_spin_reel_counter: null

2019-08-15 16:25:09 - [TEST_STEP][PASSED] - println("reel 3 wild found: " + free_spin_reel_counter[0]): null

2019-08-15 16:25:09 - [TEST_STEP][PASSED] - println("reel 4 wild found: " + free_spin_reel_counter[1]): null

2019-08-15 16:25:09 - [TEST_STEP][PASSED] - println("reel 5 wild found: " + free_spin_reel_counter[2]): null

2019-08-15 16:25:09 - [TEST_STEP][PASSED] - M4_spin_reels = M4_spin_reels: null

2019-08-15 16:25:09 - [TEST_STEP][PASSED] - M4_spin_reels_symbols = symbol: null

2019-08-15 16:25:09 - [TEST_STEP][PASSED] - M4_spin_reels_symbols = M4_spin_reels_symbols: null

2019-08-15 16:25:09 - [TEST_STEP][PASSED] - M4_spin_reel_wins = reel_wins: null

2019-08-15 16:25:09 - [TEST_STEP][PASSED] - M4_spin_reel_wins = M4_spin_reel_wins: null

2019-08-15 16:25:09 - [TEST_STEP][PASSED] - println("GlobalVariable.M4_spin_reel_wins is: " + M4_spin_reel_wins): null

2019-08-15 16:25:09 - [TEST_STEP][PASSED] - M4_spin_total_bonus_win_this_round = total_bonus_win_this_round: null

2019-08-15 16:25:09 - [TEST_STEP][PASSED] - M4_spin_total_bonus_win_this_round = M4_spin_total_bonus_win_this_round: null

2019-08-15 16:25:09 - [TEST_STEP][PASSED] - println("GlobalVariable.M4_spin_total_bonus_win_this_round is: " + M4_spin_total_bonus_win_this_round): null

2019-08-15 16:25:09 - [MESSAGE][PASSED] - Verify response successfully

2019-08-15 16:25:09 - [MESSAGE][PASSED] - Send request and verify the response successfully

2019-08-15 16:25:09 - [TEST_STEP][PASSED] - if (M4_total_bonus_spins_int != 0 &amp;&amp; M4_spin_reels_symbols[2].contains("WILD_Normal") || M4_spin_reels_symbols[3].contains("WILD_Normal") || M4_spin_reels_symbols[4].contains("WILD_Normal")): null

2019-08-15 16:25:09 - [TEST_STEP][PASSED] - free_spin_reel_counter = free_spin_reel_counter: null

2019-08-15 16:25:09 - [TEST_STEP][PASSED] - M4_spin_reels_symbols = M4_spin_reels_symbols: null

2019-08-15 16:25:09 - [TEST_STEP][PASSED] - M4_total_bonus_spins = M4_total_bonus_spins: null

2019-08-15 16:25:09 - [TEST_STEP][PASSED] - spin_result = sendRequestAndVerify(findTestObject("STG/RGS(M4)/1_M4_spin", ["M4_login_user_id":M4_login_user_id, "rgs_session_token":rgs_session_token, "partner":Partner])): Send request and verify the response successfully

2019-08-15 16:25:10 - [TEST_CASE][PASSED] - Start Test Case : Verification: Verification accomplished successfully

2019-08-15 16:25:10 - [TEST_STEP][PASSED] - request = getInstance().getCurrentRequest(): null

2019-08-15 16:25:10 - [TEST_STEP][PASSED] - response = getInstance().getCurrentResponse(): null

2019-08-15 16:25:10 - [TEST_STEP][PASSED] - verifyResponseStatusCode(response, 200): Verify response status code successfully

2019-08-15 16:25:10 - [MESSAGE][PASSED] - Verify response status code successfully

2019-08-15 16:25:10 - [TEST_STEP][PASSED] - getStatusCode()).isEqualTo(200): null

2019-08-15 16:25:10 - [TEST_STEP][PASSED] - newline = System.getProperty("line.separator"): null

2019-08-15 16:25:10 - [TEST_STEP][PASSED] - M4_spin = new groovy.json.JsonSlurper(): null

2019-08-15 16:25:10 - [TEST_STEP][PASSED] - result_M4_spin = M4_spin.parseText(response.getResponseBodyContent()): null

2019-08-15 16:25:10 - [TEST_STEP][PASSED] - M4_spin_current_balance = current_balance: null

2019-08-15 16:25:10 - [TEST_STEP][PASSED] - M4_spin_current_balance = M4_spin_current_balance: null

2019-08-15 16:25:10 - [TEST_STEP][PASSED] - M4_spin_transaction_id = causality: null

2019-08-15 16:25:10 - [TEST_STEP][PASSED] - M4_spin_transaction_id = M4_spin_transaction_id: null

2019-08-15 16:25:10 - [TEST_STEP][PASSED] - M4_spin_round_id = round_id: null

2019-08-15 16:25:10 - [TEST_STEP][PASSED] - M4_spin_round_id = M4_spin_round_id: null

2019-08-15 16:25:10 - [TEST_STEP][PASSED] - M4_spin_line_wins = line_wins: null

2019-08-15 16:25:10 - [TEST_STEP][PASSED] - M4_spin_line_wins = M4_spin_line_wins: null

2019-08-15 16:25:10 - [TEST_STEP][PASSED] - M4_total_bonus_spins_int = total_bonus_spins: null

2019-08-15 16:25:10 - [TEST_STEP][PASSED] - println("******M4_total_bonus_spins type is:*******" + newline + getClass().getName()): null

2019-08-15 16:25:10 - [TEST_STEP][PASSED] - M4_total_bonus_spins_int = M4_total_bonus_spins_int: null

2019-08-15 16:25:10 - [TEST_STEP][PASSED] - M4_total_bonus_spins = Integer.toString(M4_total_bonus_spins_int): null

2019-08-15 16:25:10 - [TEST_STEP][PASSED] - M4_total_bonus_spins = M4_total_bonus_spins: null

2019-08-15 16:25:10 - [TEST_STEP][PASSED] - println("M4_total_bonus_spins is:" + M4_total_bonus_spins): null

2019-08-15 16:25:10 - [TEST_STEP][PASSED] - M4_spin_bonus_data = bonus_data: null

2019-08-15 16:25:10 - [TEST_STEP][PASSED] - M4_spin_features_triggered = result_M4_spin: null

2019-08-15 16:25:10 - [TEST_STEP][PASSED] - wild = []: null

2019-08-15 16:25:10 - [TEST_STEP][PASSED] - wild[0] = "WILD_Expanding": null

2019-08-15 16:25:10 - [TEST_STEP][PASSED] - wild[1] = "WILD_Normal": null

2019-08-15 16:25:10 - [TEST_STEP][PASSED] - wild[2] = "WILD_Double": null

2019-08-15 16:25:10 - [TEST_STEP][PASSED] - wild[3] = "WILD_ExtraFG": null

2019-08-15 16:25:10 - [TEST_STEP][PASSED] - wild[4] = "WILD_Triple": null

2019-08-15 16:25:10 - [TEST_STEP][PASSED] - wildList = Arrays.asList(wild): null

2019-08-15 16:25:10 - [TEST_STEP][PASSED] - wildList = wildList: null

2019-08-15 16:25:10 - [TEST_STEP][PASSED] - free_spin_reel_counter = []: null

2019-08-15 16:25:10 - [TEST_STEP][PASSED] - free_spin_reel_counter[0] = 0: null

2019-08-15 16:25:10 - [TEST_STEP][PASSED] - free_spin_reel_counter[1] = 0: null

2019-08-15 16:25:10 - [TEST_STEP][PASSED] - free_spin_reel_counter[2] = 0: null

2019-08-15 16:25:10 - [TEST_STEP][PASSED] - M4_spin_reels = reels: null

2019-08-15 16:25:10 - [TEST_STEP][PASSED] - for ([i = 0, i &lt; M4_spin_reels.size(), (i++)]): null

2019-08-15 16:25:10 - [TEST_STEP][PASSED] - symbols = symbols: null

2019-08-15 16:25:10 - [TEST_STEP][PASSED] - for ([j = 0, j &lt; symbols.size(), (j++)]): null

2019-08-15 16:25:10 - [TEST_STEP][PASSED] - symbol = symbol: null

2019-08-15 16:25:10 - [TEST_STEP][PASSED] - println(symbol): null

2019-08-15 16:25:10 - [TEST_STEP][PASSED] - if (i == 2 &amp;&amp; wildList.indexOf(symbol) != -1): null

2019-08-15 16:25:10 - [TEST_STEP][PASSED] - if (i == 3 &amp;&amp; wildList.indexOf(symbol) != -1): null

2019-08-15 16:25:10 - [TEST_STEP][PASSED] - if (i == 4 &amp;&amp; wildList.indexOf(symbol) != -1): null

2019-08-15 16:25:10 - [TEST_STEP][PASSED] - symbol = symbol: null

2019-08-15 16:25:10 - [TEST_STEP][PASSED] - println(symbol): null

2019-08-15 16:25:10 - [TEST_STEP][PASSED] - if (i == 2 &amp;&amp; wildList.indexOf(symbol) != -1): null

2019-08-15 16:25:10 - [TEST_STEP][PASSED] - if (i == 3 &amp;&amp; wildList.indexOf(symbol) != -1): null

2019-08-15 16:25:10 - [TEST_STEP][PASSED] - if (i == 4 &amp;&amp; wildList.indexOf(symbol) != -1): null

2019-08-15 16:25:10 - [TEST_STEP][PASSED] - symbol = symbol: null

2019-08-15 16:25:10 - [TEST_STEP][PASSED] - println(symbol): null

2019-08-15 16:25:10 - [TEST_STEP][PASSED] - if (i == 2 &amp;&amp; wildList.indexOf(symbol) != -1): null

2019-08-15 16:25:10 - [TEST_STEP][PASSED] - if (i == 3 &amp;&amp; wildList.indexOf(symbol) != -1): null

2019-08-15 16:25:10 - [TEST_STEP][PASSED] - if (i == 4 &amp;&amp; wildList.indexOf(symbol) != -1): null

2019-08-15 16:25:10 - [TEST_STEP][PASSED] - symbols = symbols: null

2019-08-15 16:25:10 - [TEST_STEP][PASSED] - for ([j = 0, j &lt; symbols.size(), (j++)]): null

2019-08-15 16:25:10 - [TEST_STEP][PASSED] - symbol = symbol: null

2019-08-15 16:25:10 - [TEST_STEP][PASSED] - println(symbol): null

2019-08-15 16:25:10 - [TEST_STEP][PASSED] - if (i == 2 &amp;&amp; wildList.indexOf(symbol) != -1): null

2019-08-15 16:25:10 - [TEST_STEP][PASSED] - if (i == 3 &amp;&amp; wildList.indexOf(symbol) != -1): null

2019-08-15 16:25:10 - [TEST_STEP][PASSED] - if (i == 4 &amp;&amp; wildList.indexOf(symbol) != -1): null

2019-08-15 16:25:10 - [TEST_STEP][PASSED] - symbol = symbol: null

2019-08-15 16:25:10 - [TEST_STEP][PASSED] - println(symbol): null

2019-08-15 16:25:10 - [TEST_STEP][PASSED] - if (i == 2 &amp;&amp; wildList.indexOf(symbol) != -1): null

2019-08-15 16:25:10 - [TEST_STEP][PASSED] - if (i == 3 &amp;&amp; wildList.indexOf(symbol) != -1): null

2019-08-15 16:25:10 - [TEST_STEP][PASSED] - if (i == 4 &amp;&amp; wildList.indexOf(symbol) != -1): null

2019-08-15 16:25:10 - [TEST_STEP][PASSED] - symbol = symbol: null

2019-08-15 16:25:10 - [TEST_STEP][PASSED] - println(symbol): null

2019-08-15 16:25:10 - [TEST_STEP][PASSED] - if (i == 2 &amp;&amp; wildList.indexOf(symbol) != -1): null

2019-08-15 16:25:10 - [TEST_STEP][PASSED] - if (i == 3 &amp;&amp; wildList.indexOf(symbol) != -1): null

2019-08-15 16:25:10 - [TEST_STEP][PASSED] - if (i == 4 &amp;&amp; wildList.indexOf(symbol) != -1): null

2019-08-15 16:25:10 - [TEST_STEP][PASSED] - symbols = symbols: null

2019-08-15 16:25:10 - [TEST_STEP][PASSED] - for ([j = 0, j &lt; symbols.size(), (j++)]): null

2019-08-15 16:25:10 - [TEST_STEP][PASSED] - symbol = symbol: null

2019-08-15 16:25:10 - [TEST_STEP][PASSED] - println(symbol): null

2019-08-15 16:25:10 - [TEST_STEP][PASSED] - if (i == 2 &amp;&amp; wildList.indexOf(symbol) != -1): null

2019-08-15 16:25:10 - [TEST_STEP][PASSED] - if (i == 3 &amp;&amp; wildList.indexOf(symbol) != -1): null

2019-08-15 16:25:10 - [TEST_STEP][PASSED] - if (i == 4 &amp;&amp; wildList.indexOf(symbol) != -1): null

2019-08-15 16:25:10 - [TEST_STEP][PASSED] - symbol = symbol: null

2019-08-15 16:25:10 - [TEST_STEP][PASSED] - println(symbol): null

2019-08-15 16:25:10 - [TEST_STEP][PASSED] - if (i == 2 &amp;&amp; wildList.indexOf(symbol) != -1): null

2019-08-15 16:25:10 - [TEST_STEP][PASSED] - if (i == 3 &amp;&amp; wildList.indexOf(symbol) != -1): null

2019-08-15 16:25:10 - [TEST_STEP][PASSED] - if (i == 4 &amp;&amp; wildList.indexOf(symbol) != -1): null

2019-08-15 16:25:10 - [TEST_STEP][PASSED] - symbol = symbol: null

2019-08-15 16:25:10 - [TEST_STEP][PASSED] - println(symbol): null

2019-08-15 16:25:10 - [TEST_STEP][PASSED] - if (i == 2 &amp;&amp; wildList.indexOf(symbol) != -1): null

2019-08-15 16:25:10 - [TEST_STEP][PASSED] - if (i == 3 &amp;&amp; wildList.indexOf(symbol) != -1): null

2019-08-15 16:25:10 - [TEST_STEP][PASSED] - if (i == 4 &amp;&amp; wildList.indexOf(symbol) != -1): null

2019-08-15 16:25:10 - [TEST_STEP][PASSED] - symbols = symbols: null

2019-08-15 16:25:10 - [TEST_STEP][PASSED] - for ([j = 0, j &lt; symbols.size(), (j++)]): null

2019-08-15 16:25:10 - [TEST_STEP][PASSED] - symbol = symbol: null

2019-08-15 16:25:10 - [TEST_STEP][PASSED] - println(symbol): null

2019-08-15 16:25:10 - [TEST_STEP][PASSED] - if (i == 2 &amp;&amp; wildList.indexOf(symbol) != -1): null

2019-08-15 16:25:10 - [TEST_STEP][PASSED] - if (i == 3 &amp;&amp; wildList.indexOf(symbol) != -1): null

2019-08-15 16:25:10 - [TEST_STEP][PASSED] - if (i == 4 &amp;&amp; wildList.indexOf(symbol) != -1): null

2019-08-15 16:25:10 - [TEST_STEP][PASSED] - symbol = symbol: null

2019-08-15 16:25:10 - [TEST_STEP][PASSED] - println(symbol): null

2019-08-15 16:25:10 - [TEST_STEP][PASSED] - if (i == 2 &amp;&amp; wildList.indexOf(symbol) != -1): null

2019-08-15 16:25:10 - [TEST_STEP][PASSED] - if (i == 3 &amp;&amp; wildList.indexOf(symbol) != -1): null

2019-08-15 16:25:10 - [TEST_STEP][PASSED] - if (i == 4 &amp;&amp; wildList.indexOf(symbol) != -1): null

2019-08-15 16:25:10 - [TEST_STEP][PASSED] - symbol = symbol: null

2019-08-15 16:25:10 - [TEST_STEP][PASSED] - println(symbol): null

2019-08-15 16:25:10 - [TEST_STEP][PASSED] - if (i == 2 &amp;&amp; wildList.indexOf(symbol) != -1): null

2019-08-15 16:25:10 - [TEST_STEP][PASSED] - if (i == 3 &amp;&amp; wildList.indexOf(symbol) != -1): null

2019-08-15 16:25:10 - [TEST_STEP][PASSED] - if (i == 4 &amp;&amp; wildList.indexOf(symbol) != -1): null

2019-08-15 16:25:10 - [TEST_STEP][PASSED] - symbols = symbols: null

2019-08-15 16:25:10 - [TEST_STEP][PASSED] - for ([j = 0, j &lt; symbols.size(), (j++)]): null

2019-08-15 16:25:10 - [TEST_STEP][PASSED] - symbol = symbol: null

2019-08-15 16:25:10 - [TEST_STEP][PASSED] - println(symbol): null

2019-08-15 16:25:10 - [TEST_STEP][PASSED] - if (i == 2 &amp;&amp; wildList.indexOf(symbol) != -1): null

2019-08-15 16:25:10 - [TEST_STEP][PASSED] - if (i == 3 &amp;&amp; wildList.indexOf(symbol) != -1): null

2019-08-15 16:25:10 - [TEST_STEP][PASSED] - if (i == 4 &amp;&amp; wildList.indexOf(symbol) != -1): null

2019-08-15 16:25:10 - [TEST_STEP][PASSED] - symbol = symbol: null

2019-08-15 16:25:10 - [TEST_STEP][PASSED] - println(symbol): null

2019-08-15 16:25:10 - [TEST_STEP][PASSED] - if (i == 2 &amp;&amp; wildList.indexOf(symbol) != -1): null

2019-08-15 16:25:10 - [TEST_STEP][PASSED] - if (i == 3 &amp;&amp; wildList.indexOf(symbol) != -1): null

2019-08-15 16:25:10 - [TEST_STEP][PASSED] - if (i == 4 &amp;&amp; wildList.indexOf(symbol) != -1): null

2019-08-15 16:25:10 - [TEST_STEP][PASSED] - println("wild found on reel 5, adding counter by 1"): null

2019-08-15 16:25:10 - [TEST_STEP][PASSED] - free_spin_reel_counter[2] = free_spin_reel_counter[2] + 1: null

2019-08-15 16:25:10 - [TEST_STEP][PASSED] - symbol = symbol: null

2019-08-15 16:25:10 - [TEST_STEP][PASSED] - println(symbol): null

2019-08-15 16:25:10 - [TEST_STEP][PASSED] - if (i == 2 &amp;&amp; wildList.indexOf(symbol) != -1): null

2019-08-15 16:25:10 - [TEST_STEP][PASSED] - if (i == 3 &amp;&amp; wildList.indexOf(symbol) != -1): null

2019-08-15 16:25:10 - [TEST_STEP][PASSED] - if (i == 4 &amp;&amp; wildList.indexOf(symbol) != -1): null

2019-08-15 16:25:10 - [TEST_STEP][PASSED] - free_spin_reel_counter = free_spin_reel_counter: null

2019-08-15 16:25:10 - [TEST_STEP][PASSED] - println("reel 3 wild found: " + free_spin_reel_counter[0]): null

2019-08-15 16:25:10 - [TEST_STEP][PASSED] - println("reel 4 wild found: " + free_spin_reel_counter[1]): null

2019-08-15 16:25:10 - [TEST_STEP][PASSED] - println("reel 5 wild found: " + free_spin_reel_counter[2]): null

2019-08-15 16:25:10 - [TEST_STEP][PASSED] - M4_spin_reels = M4_spin_reels: null

2019-08-15 16:25:10 - [TEST_STEP][PASSED] - M4_spin_reels_symbols = symbol: null

2019-08-15 16:25:10 - [TEST_STEP][PASSED] - M4_spin_reels_symbols = M4_spin_reels_symbols: null

2019-08-15 16:25:10 - [TEST_STEP][PASSED] - M4_spin_reel_wins = reel_wins: null

2019-08-15 16:25:10 - [TEST_STEP][PASSED] - M4_spin_reel_wins = M4_spin_reel_wins: null

2019-08-15 16:25:10 - [TEST_STEP][PASSED] - println("GlobalVariable.M4_spin_reel_wins is: " + M4_spin_reel_wins): null

2019-08-15 16:25:10 - [TEST_STEP][PASSED] - M4_spin_total_bonus_win_this_round = total_bonus_win_this_round: null

2019-08-15 16:25:10 - [TEST_STEP][PASSED] - M4_spin_total_bonus_win_this_round = M4_spin_total_bonus_win_this_round: null

2019-08-15 16:25:10 - [TEST_STEP][PASSED] - println("GlobalVariable.M4_spin_total_bonus_win_this_round is: " + M4_spin_total_bonus_win_this_round): null

2019-08-15 16:25:10 - [MESSAGE][PASSED] - Verify response successfully

2019-08-15 16:25:10 - [MESSAGE][PASSED] - Send request and verify the response successfully

2019-08-15 16:25:10 - [TEST_STEP][PASSED] - if (M4_total_bonus_spins_int != 0 &amp;&amp; M4_spin_reels_symbols[2].contains("WILD_Normal") || M4_spin_reels_symbols[3].contains("WILD_Normal") || M4_spin_reels_symbols[4].contains("WILD_Normal")): null

2019-08-15 16:25:10 - [TEST_STEP][PASSED] - free_spin_reel_counter = free_spin_reel_counter: null

2019-08-15 16:25:10 - [TEST_STEP][PASSED] - M4_spin_reels_symbols = M4_spin_reels_symbols: null

2019-08-15 16:25:10 - [TEST_STEP][PASSED] - M4_total_bonus_spins = M4_total_bonus_spins: null

2019-08-15 16:25:10 - [TEST_STEP][PASSED] - spin_result = sendRequestAndVerify(findTestObject("STG/RGS(M4)/1_M4_spin", ["M4_login_user_id":M4_login_user_id, "rgs_session_token":rgs_session_token, "partner":Partner])): Send request and verify the response successfully

2019-08-15 16:25:10 - [TEST_CASE][PASSED] - Start Test Case : Verification: Verification accomplished successfully

2019-08-15 16:25:10 - [TEST_STEP][PASSED] - request = getInstance().getCurrentRequest(): null

2019-08-15 16:25:10 - [TEST_STEP][PASSED] - response = getInstance().getCurrentResponse(): null

2019-08-15 16:25:10 - [TEST_STEP][PASSED] - verifyResponseStatusCode(response, 200): Verify response status code successfully

2019-08-15 16:25:10 - [MESSAGE][PASSED] - Verify response status code successfully

2019-08-15 16:25:10 - [TEST_STEP][PASSED] - getStatusCode()).isEqualTo(200): null

2019-08-15 16:25:10 - [TEST_STEP][PASSED] - newline = System.getProperty("line.separator"): null

2019-08-15 16:25:10 - [TEST_STEP][PASSED] - M4_spin = new groovy.json.JsonSlurper(): null

2019-08-15 16:25:10 - [TEST_STEP][PASSED] - result_M4_spin = M4_spin.parseText(response.getResponseBodyContent()): null

2019-08-15 16:25:10 - [TEST_STEP][PASSED] - M4_spin_current_balance = current_balance: null

2019-08-15 16:25:10 - [TEST_STEP][PASSED] - M4_spin_current_balance = M4_spin_current_balance: null

2019-08-15 16:25:10 - [TEST_STEP][PASSED] - M4_spin_transaction_id = causality: null

2019-08-15 16:25:10 - [TEST_STEP][PASSED] - M4_spin_transaction_id = M4_spin_transaction_id: null

2019-08-15 16:25:10 - [TEST_STEP][PASSED] - M4_spin_round_id = round_id: null

2019-08-15 16:25:10 - [TEST_STEP][PASSED] - M4_spin_round_id = M4_spin_round_id: null

2019-08-15 16:25:10 - [TEST_STEP][PASSED] - M4_spin_line_wins = line_wins: null

2019-08-15 16:25:10 - [TEST_STEP][PASSED] - M4_spin_line_wins = M4_spin_line_wins: null

2019-08-15 16:25:10 - [TEST_STEP][PASSED] - M4_total_bonus_spins_int = total_bonus_spins: null

2019-08-15 16:25:10 - [TEST_STEP][PASSED] - println("******M4_total_bonus_spins type is:*******" + newline + getClass().getName()): null

2019-08-15 16:25:10 - [TEST_STEP][PASSED] - M4_total_bonus_spins_int = M4_total_bonus_spins_int: null

2019-08-15 16:25:10 - [TEST_STEP][PASSED] - M4_total_bonus_spins = Integer.toString(M4_total_bonus_spins_int): null

2019-08-15 16:25:10 - [TEST_STEP][PASSED] - M4_total_bonus_spins = M4_total_bonus_spins: null

2019-08-15 16:25:10 - [TEST_STEP][PASSED] - println("M4_total_bonus_spins is:" + M4_total_bonus_spins): null

2019-08-15 16:25:10 - [TEST_STEP][PASSED] - M4_spin_bonus_data = bonus_data: null

2019-08-15 16:25:10 - [TEST_STEP][PASSED] - M4_spin_features_triggered = result_M4_spin: null

2019-08-15 16:25:10 - [TEST_STEP][PASSED] - wild = []: null

2019-08-15 16:25:10 - [TEST_STEP][PASSED] - wild[0] = "WILD_Expanding": null

2019-08-15 16:25:10 - [TEST_STEP][PASSED] - wild[1] = "WILD_Normal": null

2019-08-15 16:25:10 - [TEST_STEP][PASSED] - wild[2] = "WILD_Double": null

2019-08-15 16:25:10 - [TEST_STEP][PASSED] - wild[3] = "WILD_ExtraFG": null

2019-08-15 16:25:10 - [TEST_STEP][PASSED] - wild[4] = "WILD_Triple": null

2019-08-15 16:25:10 - [TEST_STEP][PASSED] - wildList = Arrays.asList(wild): null

2019-08-15 16:25:10 - [TEST_STEP][PASSED] - wildList = wildList: null

2019-08-15 16:25:10 - [TEST_STEP][PASSED] - free_spin_reel_counter = []: null

2019-08-15 16:25:10 - [TEST_STEP][PASSED] - free_spin_reel_counter[0] = 0: null

2019-08-15 16:25:10 - [TEST_STEP][PASSED] - free_spin_reel_counter[1] = 0: null

2019-08-15 16:25:10 - [TEST_STEP][PASSED] - free_spin_reel_counter[2] = 0: null

2019-08-15 16:25:10 - [TEST_STEP][PASSED] - M4_spin_reels = reels: null

2019-08-15 16:25:10 - [TEST_STEP][PASSED] - for ([i = 0, i &lt; M4_spin_reels.size(), (i++)]): null

2019-08-15 16:25:10 - [TEST_STEP][PASSED] - symbols = symbols: null

2019-08-15 16:25:10 - [TEST_STEP][PASSED] - for ([j = 0, j &lt; symbols.size(), (j++)]): null

2019-08-15 16:25:10 - [TEST_STEP][PASSED] - symbol = symbol: null

2019-08-15 16:25:10 - [TEST_STEP][PASSED] - println(symbol): null

2019-08-15 16:25:10 - [TEST_STEP][PASSED] - if (i == 2 &amp;&amp; wildList.indexOf(symbol) != -1): null

2019-08-15 16:25:10 - [TEST_STEP][PASSED] - if (i == 3 &amp;&amp; wildList.indexOf(symbol) != -1): null

2019-08-15 16:25:10 - [TEST_STEP][PASSED] - if (i == 4 &amp;&amp; wildList.indexOf(symbol) != -1): null

2019-08-15 16:25:10 - [TEST_STEP][PASSED] - symbol = symbol: null

2019-08-15 16:25:10 - [TEST_STEP][PASSED] - println(symbol): null

2019-08-15 16:25:10 - [TEST_STEP][PASSED] - if (i == 2 &amp;&amp; wildList.indexOf(symbol) != -1): null

2019-08-15 16:25:10 - [TEST_STEP][PASSED] - if (i == 3 &amp;&amp; wildList.indexOf(symbol) != -1): null

2019-08-15 16:25:10 - [TEST_STEP][PASSED] - if (i == 4 &amp;&amp; wildList.indexOf(symbol) != -1): null

2019-08-15 16:25:10 - [TEST_STEP][PASSED] - symbol = symbol: null

2019-08-15 16:25:10 - [TEST_STEP][PASSED] - println(symbol): null

2019-08-15 16:25:10 - [TEST_STEP][PASSED] - if (i == 2 &amp;&amp; wildList.indexOf(symbol) != -1): null

2019-08-15 16:25:10 - [TEST_STEP][PASSED] - if (i == 3 &amp;&amp; wildList.indexOf(symbol) != -1): null

2019-08-15 16:25:10 - [TEST_STEP][PASSED] - if (i == 4 &amp;&amp; wildList.indexOf(symbol) != -1): null

2019-08-15 16:25:10 - [TEST_STEP][PASSED] - symbols = symbols: null

2019-08-15 16:25:10 - [TEST_STEP][PASSED] - for ([j = 0, j &lt; symbols.size(), (j++)]): null

2019-08-15 16:25:10 - [TEST_STEP][PASSED] - symbol = symbol: null

2019-08-15 16:25:10 - [TEST_STEP][PASSED] - println(symbol): null

2019-08-15 16:25:10 - [TEST_STEP][PASSED] - if (i == 2 &amp;&amp; wildList.indexOf(symbol) != -1): null

2019-08-15 16:25:10 - [TEST_STEP][PASSED] - if (i == 3 &amp;&amp; wildList.indexOf(symbol) != -1): null

2019-08-15 16:25:10 - [TEST_STEP][PASSED] - if (i == 4 &amp;&amp; wildList.indexOf(symbol) != -1): null

2019-08-15 16:25:10 - [TEST_STEP][PASSED] - symbol = symbol: null

2019-08-15 16:25:10 - [TEST_STEP][PASSED] - println(symbol): null

2019-08-15 16:25:10 - [TEST_STEP][PASSED] - if (i == 2 &amp;&amp; wildList.indexOf(symbol) != -1): null

2019-08-15 16:25:10 - [TEST_STEP][PASSED] - if (i == 3 &amp;&amp; wildList.indexOf(symbol) != -1): null

2019-08-15 16:25:10 - [TEST_STEP][PASSED] - if (i == 4 &amp;&amp; wildList.indexOf(symbol) != -1): null

2019-08-15 16:25:10 - [TEST_STEP][PASSED] - symbol = symbol: null

2019-08-15 16:25:10 - [TEST_STEP][PASSED] - println(symbol): null

2019-08-15 16:25:10 - [TEST_STEP][PASSED] - if (i == 2 &amp;&amp; wildList.indexOf(symbol) != -1): null

2019-08-15 16:25:10 - [TEST_STEP][PASSED] - if (i == 3 &amp;&amp; wildList.indexOf(symbol) != -1): null

2019-08-15 16:25:10 - [TEST_STEP][PASSED] - if (i == 4 &amp;&amp; wildList.indexOf(symbol) != -1): null

2019-08-15 16:25:10 - [TEST_STEP][PASSED] - symbols = symbols: null

2019-08-15 16:25:10 - [TEST_STEP][PASSED] - for ([j = 0, j &lt; symbols.size(), (j++)]): null

2019-08-15 16:25:10 - [TEST_STEP][PASSED] - symbol = symbol: null

2019-08-15 16:25:10 - [TEST_STEP][PASSED] - println(symbol): null

2019-08-15 16:25:10 - [TEST_STEP][PASSED] - if (i == 2 &amp;&amp; wildList.indexOf(symbol) != -1): null

2019-08-15 16:25:10 - [TEST_STEP][PASSED] - if (i == 3 &amp;&amp; wildList.indexOf(symbol) != -1): null

2019-08-15 16:25:10 - [TEST_STEP][PASSED] - if (i == 4 &amp;&amp; wildList.indexOf(symbol) != -1): null

2019-08-15 16:25:10 - [TEST_STEP][PASSED] - symbol = symbol: null

2019-08-15 16:25:10 - [TEST_STEP][PASSED] - println(symbol): null

2019-08-15 16:25:10 - [TEST_STEP][PASSED] - if (i == 2 &amp;&amp; wildList.indexOf(symbol) != -1): null

2019-08-15 16:25:10 - [TEST_STEP][PASSED] - if (i == 3 &amp;&amp; wildList.indexOf(symbol) != -1): null

2019-08-15 16:25:10 - [TEST_STEP][PASSED] - if (i == 4 &amp;&amp; wildList.indexOf(symbol) != -1): null

2019-08-15 16:25:10 - [TEST_STEP][PASSED] - symbol = symbol: null

2019-08-15 16:25:10 - [TEST_STEP][PASSED] - println(symbol): null

2019-08-15 16:25:10 - [TEST_STEP][PASSED] - if (i == 2 &amp;&amp; wildList.indexOf(symbol) != -1): null

2019-08-15 16:25:10 - [TEST_STEP][PASSED] - if (i == 3 &amp;&amp; wildList.indexOf(symbol) != -1): null

2019-08-15 16:25:10 - [TEST_STEP][PASSED] - if (i == 4 &amp;&amp; wildList.indexOf(symbol) != -1): null

2019-08-15 16:25:10 - [TEST_STEP][PASSED] - symbols = symbols: null

2019-08-15 16:25:10 - [TEST_STEP][PASSED] - for ([j = 0, j &lt; symbols.size(), (j++)]): null

2019-08-15 16:25:10 - [TEST_STEP][PASSED] - symbol = symbol: null

2019-08-15 16:25:10 - [TEST_STEP][PASSED] - println(symbol): null

2019-08-15 16:25:10 - [TEST_STEP][PASSED] - if (i == 2 &amp;&amp; wildList.indexOf(symbol) != -1): null

2019-08-15 16:25:10 - [TEST_STEP][PASSED] - if (i == 3 &amp;&amp; wildList.indexOf(symbol) != -1): null

2019-08-15 16:25:10 - [TEST_STEP][PASSED] - if (i == 4 &amp;&amp; wildList.indexOf(symbol) != -1): null

2019-08-15 16:25:10 - [TEST_STEP][PASSED] - symbol = symbol: null

2019-08-15 16:25:10 - [TEST_STEP][PASSED] - println(symbol): null

2019-08-15 16:25:10 - [TEST_STEP][PASSED] - if (i == 2 &amp;&amp; wildList.indexOf(symbol) != -1): null

2019-08-15 16:25:10 - [TEST_STEP][PASSED] - if (i == 3 &amp;&amp; wildList.indexOf(symbol) != -1): null

2019-08-15 16:25:10 - [TEST_STEP][PASSED] - if (i == 4 &amp;&amp; wildList.indexOf(symbol) != -1): null

2019-08-15 16:25:10 - [TEST_STEP][PASSED] - symbol = symbol: null

2019-08-15 16:25:10 - [TEST_STEP][PASSED] - println(symbol): null

2019-08-15 16:25:10 - [TEST_STEP][PASSED] - if (i == 2 &amp;&amp; wildList.indexOf(symbol) != -1): null

2019-08-15 16:25:10 - [TEST_STEP][PASSED] - if (i == 3 &amp;&amp; wildList.indexOf(symbol) != -1): null

2019-08-15 16:25:10 - [TEST_STEP][PASSED] - if (i == 4 &amp;&amp; wildList.indexOf(symbol) != -1): null

2019-08-15 16:25:10 - [TEST_STEP][PASSED] - symbols = symbols: null

2019-08-15 16:25:10 - [TEST_STEP][PASSED] - for ([j = 0, j &lt; symbols.size(), (j++)]): null

2019-08-15 16:25:10 - [TEST_STEP][PASSED] - symbol = symbol: null

2019-08-15 16:25:10 - [TEST_STEP][PASSED] - println(symbol): null

2019-08-15 16:25:10 - [TEST_STEP][PASSED] - if (i == 2 &amp;&amp; wildList.indexOf(symbol) != -1): null

2019-08-15 16:25:10 - [TEST_STEP][PASSED] - if (i == 3 &amp;&amp; wildList.indexOf(symbol) != -1): null

2019-08-15 16:25:10 - [TEST_STEP][PASSED] - if (i == 4 &amp;&amp; wildList.indexOf(symbol) != -1): null

2019-08-15 16:25:10 - [TEST_STEP][PASSED] - symbol = symbol: null

2019-08-15 16:25:10 - [TEST_STEP][PASSED] - println(symbol): null

2019-08-15 16:25:10 - [TEST_STEP][PASSED] - if (i == 2 &amp;&amp; wildList.indexOf(symbol) != -1): null

2019-08-15 16:25:10 - [TEST_STEP][PASSED] - if (i == 3 &amp;&amp; wildList.indexOf(symbol) != -1): null

2019-08-15 16:25:10 - [TEST_STEP][PASSED] - if (i == 4 &amp;&amp; wildList.indexOf(symbol) != -1): null

2019-08-15 16:25:10 - [TEST_STEP][PASSED] - symbol = symbol: null

2019-08-15 16:25:10 - [TEST_STEP][PASSED] - println(symbol): null

2019-08-15 16:25:10 - [TEST_STEP][PASSED] - if (i == 2 &amp;&amp; wildList.indexOf(symbol) != -1): null

2019-08-15 16:25:10 - [TEST_STEP][PASSED] - if (i == 3 &amp;&amp; wildList.indexOf(symbol) != -1): null

2019-08-15 16:25:10 - [TEST_STEP][PASSED] - if (i == 4 &amp;&amp; wildList.indexOf(symbol) != -1): null

2019-08-15 16:25:10 - [TEST_STEP][PASSED] - println("wild found on reel 5, adding counter by 1"): null

2019-08-15 16:25:10 - [TEST_STEP][PASSED] - free_spin_reel_counter[2] = free_spin_reel_counter[2] + 1: null

2019-08-15 16:25:10 - [TEST_STEP][PASSED] - free_spin_reel_counter = free_spin_reel_counter: null

2019-08-15 16:25:10 - [TEST_STEP][PASSED] - println("reel 3 wild found: " + free_spin_reel_counter[0]): null

2019-08-15 16:25:10 - [TEST_STEP][PASSED] - println("reel 4 wild found: " + free_spin_reel_counter[1]): null

2019-08-15 16:25:10 - [TEST_STEP][PASSED] - println("reel 5 wild found: " + free_spin_reel_counter[2]): null

2019-08-15 16:25:10 - [TEST_STEP][PASSED] - M4_spin_reels = M4_spin_reels: null

2019-08-15 16:25:10 - [TEST_STEP][PASSED] - M4_spin_reels_symbols = symbol: null

2019-08-15 16:25:10 - [TEST_STEP][PASSED] - M4_spin_reels_symbols = M4_spin_reels_symbols: null

2019-08-15 16:25:10 - [TEST_STEP][PASSED] - M4_spin_reel_wins = reel_wins: null

2019-08-15 16:25:10 - [TEST_STEP][PASSED] - M4_spin_reel_wins = M4_spin_reel_wins: null

2019-08-15 16:25:10 - [TEST_STEP][PASSED] - println("GlobalVariable.M4_spin_reel_wins is: " + M4_spin_reel_wins): null

2019-08-15 16:25:10 - [TEST_STEP][PASSED] - M4_spin_total_bonus_win_this_round = total_bonus_win_this_round: null

2019-08-15 16:25:10 - [TEST_STEP][PASSED] - M4_spin_total_bonus_win_this_round = M4_spin_total_bonus_win_this_round: null

2019-08-15 16:25:10 - [TEST_STEP][PASSED] - println("GlobalVariable.M4_spin_total_bonus_win_this_round is: " + M4_spin_total_bonus_win_this_round): null

2019-08-15 16:25:14 - [MESSAGE][PASSED] - Verify response successfully

2019-08-15 16:25:14 - [MESSAGE][PASSED] - Send request and verify the response successfully

2019-08-15 16:25:14 - [TEST_STEP][PASSED] - if (M4_total_bonus_spins_int != 0 &amp;&amp; M4_spin_reels_symbols[2].contains("WILD_Normal") || M4_spin_reels_symbols[3].contains("WILD_Normal") || M4_spin_reels_symbols[4].contains("WILD_Normal")): null

2019-08-15 16:25:14 - [TEST_STEP][PASSED] - free_spin_reel_counter = free_spin_reel_counter: null

2019-08-15 16:25:14 - [TEST_STEP][PASSED] - M4_spin_reels_symbols = M4_spin_reels_symbols: null

2019-08-15 16:25:14 - [TEST_STEP][PASSED] - M4_total_bonus_spins = M4_total_bonus_spins: null

2019-08-15 16:25:14 - [TEST_STEP][PASSED] - spin_result = sendRequestAndVerify(findTestObject("STG/RGS(M4)/1_M4_spin", ["M4_login_user_id":M4_login_user_id, "rgs_session_token":rgs_session_token, "partner":Partner])): Send request and verify the response successfully

2019-08-15 16:25:14 - [TEST_CASE][PASSED] - Start Test Case : Verification: Verification accomplished successfully

2019-08-15 16:25:15 - [TEST_STEP][PASSED] - request = getInstance().getCurrentRequest(): null

2019-08-15 16:25:15 - [TEST_STEP][PASSED] - response = getInstance().getCurrentResponse(): null

2019-08-15 16:25:15 - [TEST_STEP][PASSED] - verifyResponseStatusCode(response, 200): Verify response status code successfully

2019-08-15 16:25:15 - [MESSAGE][PASSED] - Verify response status code successfully

2019-08-15 16:25:15 - [TEST_STEP][PASSED] - getStatusCode()).isEqualTo(200): null

2019-08-15 16:25:15 - [TEST_STEP][PASSED] - newline = System.getProperty("line.separator"): null

2019-08-15 16:25:15 - [TEST_STEP][PASSED] - M4_spin = new groovy.json.JsonSlurper(): null

2019-08-15 16:25:15 - [TEST_STEP][PASSED] - result_M4_spin = M4_spin.parseText(response.getResponseBodyContent()): null

2019-08-15 16:25:15 - [TEST_STEP][PASSED] - M4_spin_current_balance = current_balance: null

2019-08-15 16:25:15 - [TEST_STEP][PASSED] - M4_spin_current_balance = M4_spin_current_balance: null

2019-08-15 16:25:15 - [TEST_STEP][PASSED] - M4_spin_transaction_id = causality: null

2019-08-15 16:25:15 - [TEST_STEP][PASSED] - M4_spin_transaction_id = M4_spin_transaction_id: null

2019-08-15 16:25:15 - [TEST_STEP][PASSED] - M4_spin_round_id = round_id: null

2019-08-15 16:25:15 - [TEST_STEP][PASSED] - M4_spin_round_id = M4_spin_round_id: null

2019-08-15 16:25:15 - [TEST_STEP][PASSED] - M4_spin_line_wins = line_wins: null

2019-08-15 16:25:15 - [TEST_STEP][PASSED] - M4_spin_line_wins = M4_spin_line_wins: null

2019-08-15 16:25:15 - [TEST_STEP][PASSED] - M4_total_bonus_spins_int = total_bonus_spins: null

2019-08-15 16:25:15 - [TEST_STEP][PASSED] - println("******M4_total_bonus_spins type is:*******" + newline + getClass().getName()): null

2019-08-15 16:25:15 - [TEST_STEP][PASSED] - M4_total_bonus_spins_int = M4_total_bonus_spins_int: null

2019-08-15 16:25:15 - [TEST_STEP][PASSED] - M4_total_bonus_spins = Integer.toString(M4_total_bonus_spins_int): null

2019-08-15 16:25:15 - [TEST_STEP][PASSED] - M4_total_bonus_spins = M4_total_bonus_spins: null

2019-08-15 16:25:15 - [TEST_STEP][PASSED] - println("M4_total_bonus_spins is:" + M4_total_bonus_spins): null

2019-08-15 16:25:15 - [TEST_STEP][PASSED] - M4_spin_bonus_data = bonus_data: null

2019-08-15 16:25:15 - [TEST_STEP][PASSED] - M4_spin_features_triggered = result_M4_spin: null

2019-08-15 16:25:15 - [TEST_STEP][PASSED] - wild = []: null

2019-08-15 16:25:15 - [TEST_STEP][PASSED] - wild[0] = "WILD_Expanding": null

2019-08-15 16:25:15 - [TEST_STEP][PASSED] - wild[1] = "WILD_Normal": null

2019-08-15 16:25:15 - [TEST_STEP][PASSED] - wild[2] = "WILD_Double": null

2019-08-15 16:25:15 - [TEST_STEP][PASSED] - wild[3] = "WILD_ExtraFG": null

2019-08-15 16:25:15 - [TEST_STEP][PASSED] - wild[4] = "WILD_Triple": null

2019-08-15 16:25:15 - [TEST_STEP][PASSED] - wildList = Arrays.asList(wild): null

2019-08-15 16:25:15 - [TEST_STEP][PASSED] - wildList = wildList: null

2019-08-15 16:25:15 - [TEST_STEP][PASSED] - free_spin_reel_counter = []: null

2019-08-15 16:25:15 - [TEST_STEP][PASSED] - free_spin_reel_counter[0] = 0: null

2019-08-15 16:25:15 - [TEST_STEP][PASSED] - free_spin_reel_counter[1] = 0: null

2019-08-15 16:25:15 - [TEST_STEP][PASSED] - free_spin_reel_counter[2] = 0: null

2019-08-15 16:25:15 - [TEST_STEP][PASSED] - M4_spin_reels = reels: null

2019-08-15 16:25:15 - [TEST_STEP][PASSED] - for ([i = 0, i &lt; M4_spin_reels.size(), (i++)]): null

2019-08-15 16:25:15 - [TEST_STEP][PASSED] - symbols = symbols: null

2019-08-15 16:25:15 - [TEST_STEP][PASSED] - for ([j = 0, j &lt; symbols.size(), (j++)]): null

2019-08-15 16:25:15 - [TEST_STEP][PASSED] - symbol = symbol: null

2019-08-15 16:25:15 - [TEST_STEP][PASSED] - println(symbol): null

2019-08-15 16:25:15 - [TEST_STEP][PASSED] - if (i == 2 &amp;&amp; wildList.indexOf(symbol) != -1): null

2019-08-15 16:25:15 - [TEST_STEP][PASSED] - if (i == 3 &amp;&amp; wildList.indexOf(symbol) != -1): null

2019-08-15 16:25:15 - [TEST_STEP][PASSED] - if (i == 4 &amp;&amp; wildList.indexOf(symbol) != -1): null

2019-08-15 16:25:15 - [TEST_STEP][PASSED] - symbol = symbol: null

2019-08-15 16:25:15 - [TEST_STEP][PASSED] - println(symbol): null

2019-08-15 16:25:15 - [TEST_STEP][PASSED] - if (i == 2 &amp;&amp; wildList.indexOf(symbol) != -1): null

2019-08-15 16:25:15 - [TEST_STEP][PASSED] - if (i == 3 &amp;&amp; wildList.indexOf(symbol) != -1): null

2019-08-15 16:25:15 - [TEST_STEP][PASSED] - if (i == 4 &amp;&amp; wildList.indexOf(symbol) != -1): null

2019-08-15 16:25:15 - [TEST_STEP][PASSED] - symbol = symbol: null

2019-08-15 16:25:15 - [TEST_STEP][PASSED] - println(symbol): null

2019-08-15 16:25:15 - [TEST_STEP][PASSED] - if (i == 2 &amp;&amp; wildList.indexOf(symbol) != -1): null

2019-08-15 16:25:15 - [TEST_STEP][PASSED] - if (i == 3 &amp;&amp; wildList.indexOf(symbol) != -1): null

2019-08-15 16:25:15 - [TEST_STEP][PASSED] - if (i == 4 &amp;&amp; wildList.indexOf(symbol) != -1): null

2019-08-15 16:25:15 - [TEST_STEP][PASSED] - symbols = symbols: null

2019-08-15 16:25:15 - [TEST_STEP][PASSED] - for ([j = 0, j &lt; symbols.size(), (j++)]): null

2019-08-15 16:25:15 - [TEST_STEP][PASSED] - symbol = symbol: null

2019-08-15 16:25:15 - [TEST_STEP][PASSED] - println(symbol): null

2019-08-15 16:25:15 - [TEST_STEP][PASSED] - if (i == 2 &amp;&amp; wildList.indexOf(symbol) != -1): null

2019-08-15 16:25:15 - [TEST_STEP][PASSED] - if (i == 3 &amp;&amp; wildList.indexOf(symbol) != -1): null

2019-08-15 16:25:15 - [TEST_STEP][PASSED] - if (i == 4 &amp;&amp; wildList.indexOf(symbol) != -1): null

2019-08-15 16:25:15 - [TEST_STEP][PASSED] - symbol = symbol: null

2019-08-15 16:25:15 - [TEST_STEP][PASSED] - println(symbol): null

2019-08-15 16:25:15 - [TEST_STEP][PASSED] - if (i == 2 &amp;&amp; wildList.indexOf(symbol) != -1): null

2019-08-15 16:25:15 - [TEST_STEP][PASSED] - if (i == 3 &amp;&amp; wildList.indexOf(symbol) != -1): null

2019-08-15 16:25:15 - [TEST_STEP][PASSED] - if (i == 4 &amp;&amp; wildList.indexOf(symbol) != -1): null

2019-08-15 16:25:15 - [TEST_STEP][PASSED] - symbol = symbol: null

2019-08-15 16:25:15 - [TEST_STEP][PASSED] - println(symbol): null

2019-08-15 16:25:15 - [TEST_STEP][PASSED] - if (i == 2 &amp;&amp; wildList.indexOf(symbol) != -1): null

2019-08-15 16:25:15 - [TEST_STEP][PASSED] - if (i == 3 &amp;&amp; wildList.indexOf(symbol) != -1): null

2019-08-15 16:25:15 - [TEST_STEP][PASSED] - if (i == 4 &amp;&amp; wildList.indexOf(symbol) != -1): null

2019-08-15 16:25:15 - [TEST_STEP][PASSED] - symbols = symbols: null

2019-08-15 16:25:15 - [TEST_STEP][PASSED] - for ([j = 0, j &lt; symbols.size(), (j++)]): null

2019-08-15 16:25:15 - [TEST_STEP][PASSED] - symbol = symbol: null

2019-08-15 16:25:15 - [TEST_STEP][PASSED] - println(symbol): null

2019-08-15 16:25:15 - [TEST_STEP][PASSED] - if (i == 2 &amp;&amp; wildList.indexOf(symbol) != -1): null

2019-08-15 16:25:15 - [TEST_STEP][PASSED] - if (i == 3 &amp;&amp; wildList.indexOf(symbol) != -1): null

2019-08-15 16:25:15 - [TEST_STEP][PASSED] - if (i == 4 &amp;&amp; wildList.indexOf(symbol) != -1): null

2019-08-15 16:25:15 - [TEST_STEP][PASSED] - symbol = symbol: null

2019-08-15 16:25:15 - [TEST_STEP][PASSED] - println(symbol): null

2019-08-15 16:25:15 - [TEST_STEP][PASSED] - if (i == 2 &amp;&amp; wildList.indexOf(symbol) != -1): null

2019-08-15 16:25:15 - [TEST_STEP][PASSED] - if (i == 3 &amp;&amp; wildList.indexOf(symbol) != -1): null

2019-08-15 16:25:15 - [TEST_STEP][PASSED] - if (i == 4 &amp;&amp; wildList.indexOf(symbol) != -1): null

2019-08-15 16:25:15 - [TEST_STEP][PASSED] - symbol = symbol: null

2019-08-15 16:25:15 - [TEST_STEP][PASSED] - println(symbol): null

2019-08-15 16:25:15 - [TEST_STEP][PASSED] - if (i == 2 &amp;&amp; wildList.indexOf(symbol) != -1): null

2019-08-15 16:25:15 - [TEST_STEP][PASSED] - if (i == 3 &amp;&amp; wildList.indexOf(symbol) != -1): null

2019-08-15 16:25:15 - [TEST_STEP][PASSED] - if (i == 4 &amp;&amp; wildList.indexOf(symbol) != -1): null

2019-08-15 16:25:15 - [TEST_STEP][PASSED] - symbols = symbols: null

2019-08-15 16:25:15 - [TEST_STEP][PASSED] - for ([j = 0, j &lt; symbols.size(), (j++)]): null

2019-08-15 16:25:15 - [TEST_STEP][PASSED] - symbol = symbol: null

2019-08-15 16:25:15 - [TEST_STEP][PASSED] - println(symbol): null

2019-08-15 16:25:15 - [TEST_STEP][PASSED] - if (i == 2 &amp;&amp; wildList.indexOf(symbol) != -1): null

2019-08-15 16:25:15 - [TEST_STEP][PASSED] - if (i == 3 &amp;&amp; wildList.indexOf(symbol) != -1): null

2019-08-15 16:25:15 - [TEST_STEP][PASSED] - if (i == 4 &amp;&amp; wildList.indexOf(symbol) != -1): null

2019-08-15 16:25:15 - [TEST_STEP][PASSED] - symbol = symbol: null

2019-08-15 16:25:15 - [TEST_STEP][PASSED] - println(symbol): null

2019-08-15 16:25:15 - [TEST_STEP][PASSED] - if (i == 2 &amp;&amp; wildList.indexOf(symbol) != -1): null

2019-08-15 16:25:15 - [TEST_STEP][PASSED] - if (i == 3 &amp;&amp; wildList.indexOf(symbol) != -1): null

2019-08-15 16:25:15 - [TEST_STEP][PASSED] - if (i == 4 &amp;&amp; wildList.indexOf(symbol) != -1): null

2019-08-15 16:25:15 - [TEST_STEP][PASSED] - symbol = symbol: null

2019-08-15 16:25:15 - [TEST_STEP][PASSED] - println(symbol): null

2019-08-15 16:25:15 - [TEST_STEP][PASSED] - if (i == 2 &amp;&amp; wildList.indexOf(symbol) != -1): null

2019-08-15 16:25:15 - [TEST_STEP][PASSED] - if (i == 3 &amp;&amp; wildList.indexOf(symbol) != -1): null

2019-08-15 16:25:15 - [TEST_STEP][PASSED] - if (i == 4 &amp;&amp; wildList.indexOf(symbol) != -1): null

2019-08-15 16:25:15 - [TEST_STEP][PASSED] - symbols = symbols: null

2019-08-15 16:25:15 - [TEST_STEP][PASSED] - for ([j = 0, j &lt; symbols.size(), (j++)]): null

2019-08-15 16:25:15 - [TEST_STEP][PASSED] - symbol = symbol: null

2019-08-15 16:25:15 - [TEST_STEP][PASSED] - println(symbol): null

2019-08-15 16:25:15 - [TEST_STEP][PASSED] - if (i == 2 &amp;&amp; wildList.indexOf(symbol) != -1): null

2019-08-15 16:25:15 - [TEST_STEP][PASSED] - if (i == 3 &amp;&amp; wildList.indexOf(symbol) != -1): null

2019-08-15 16:25:15 - [TEST_STEP][PASSED] - if (i == 4 &amp;&amp; wildList.indexOf(symbol) != -1): null

2019-08-15 16:25:15 - [TEST_STEP][PASSED] - symbol = symbol: null

2019-08-15 16:25:15 - [TEST_STEP][PASSED] - println(symbol): null

2019-08-15 16:25:15 - [TEST_STEP][PASSED] - if (i == 2 &amp;&amp; wildList.indexOf(symbol) != -1): null

2019-08-15 16:25:15 - [TEST_STEP][PASSED] - if (i == 3 &amp;&amp; wildList.indexOf(symbol) != -1): null

2019-08-15 16:25:15 - [TEST_STEP][PASSED] - if (i == 4 &amp;&amp; wildList.indexOf(symbol) != -1): null

2019-08-15 16:25:15 - [TEST_STEP][PASSED] - println("wild found on reel 5, adding counter by 1"): null

2019-08-15 16:25:15 - [TEST_STEP][PASSED] - free_spin_reel_counter[2] = free_spin_reel_counter[2] + 1: null

2019-08-15 16:25:15 - [TEST_STEP][PASSED] - symbol = symbol: null

2019-08-15 16:25:15 - [TEST_STEP][PASSED] - println(symbol): null

2019-08-15 16:25:15 - [TEST_STEP][PASSED] - if (i == 2 &amp;&amp; wildList.indexOf(symbol) != -1): null

2019-08-15 16:25:15 - [TEST_STEP][PASSED] - if (i == 3 &amp;&amp; wildList.indexOf(symbol) != -1): null

2019-08-15 16:25:15 - [TEST_STEP][PASSED] - if (i == 4 &amp;&amp; wildList.indexOf(symbol) != -1): null

2019-08-15 16:25:15 - [TEST_STEP][PASSED] - free_spin_reel_counter = free_spin_reel_counter: null

2019-08-15 16:25:15 - [TEST_STEP][PASSED] - println("reel 3 wild found: " + free_spin_reel_counter[0]): null

2019-08-15 16:25:15 - [TEST_STEP][PASSED] - println("reel 4 wild found: " + free_spin_reel_counter[1]): null

2019-08-15 16:25:15 - [TEST_STEP][PASSED] - println("reel 5 wild found: " + free_spin_reel_counter[2]): null

2019-08-15 16:25:15 - [TEST_STEP][PASSED] - M4_spin_reels = M4_spin_reels: null

2019-08-15 16:25:15 - [TEST_STEP][PASSED] - M4_spin_reels_symbols = symbol: null

2019-08-15 16:25:15 - [TEST_STEP][PASSED] - M4_spin_reels_symbols = M4_spin_reels_symbols: null

2019-08-15 16:25:15 - [TEST_STEP][PASSED] - M4_spin_reel_wins = reel_wins: null

2019-08-15 16:25:15 - [TEST_STEP][PASSED] - M4_spin_reel_wins = M4_spin_reel_wins: null

2019-08-15 16:25:15 - [TEST_STEP][PASSED] - println("GlobalVariable.M4_spin_reel_wins is: " + M4_spin_reel_wins): null

2019-08-15 16:25:15 - [TEST_STEP][PASSED] - M4_spin_total_bonus_win_this_round = total_bonus_win_this_round: null

2019-08-15 16:25:15 - [TEST_STEP][PASSED] - M4_spin_total_bonus_win_this_round = M4_spin_total_bonus_win_this_round: null

2019-08-15 16:25:15 - [TEST_STEP][PASSED] - println("GlobalVariable.M4_spin_total_bonus_win_this_round is: " + M4_spin_total_bonus_win_this_round): null

2019-08-15 16:25:15 - [MESSAGE][PASSED] - Verify response successfully

2019-08-15 16:25:15 - [MESSAGE][PASSED] - Send request and verify the response successfully

2019-08-15 16:25:15 - [TEST_STEP][PASSED] - if (M4_total_bonus_spins_int != 0 &amp;&amp; M4_spin_reels_symbols[2].contains("WILD_Normal") || M4_spin_reels_symbols[3].contains("WILD_Normal") || M4_spin_reels_symbols[4].contains("WILD_Normal")): null

2019-08-15 16:25:15 - [TEST_STEP][PASSED] - free_spin_reel_counter = free_spin_reel_counter: null

2019-08-15 16:25:15 - [TEST_STEP][PASSED] - M4_spin_reels_symbols = M4_spin_reels_symbols: null

2019-08-15 16:25:15 - [TEST_STEP][PASSED] - M4_total_bonus_spins = M4_total_bonus_spins: null

2019-08-15 16:25:15 - [TEST_STEP][PASSED] - spin_result = sendRequestAndVerify(findTestObject("STG/RGS(M4)/1_M4_spin", ["M4_login_user_id":M4_login_user_id, "rgs_session_token":rgs_session_token, "partner":Partner])): Send request and verify the response successfully

2019-08-15 16:25:15 - [TEST_CASE][PASSED] - Start Test Case : Verification: Verification accomplished successfully

2019-08-15 16:25:15 - [TEST_STEP][PASSED] - request = getInstance().getCurrentRequest(): null

2019-08-15 16:25:15 - [TEST_STEP][PASSED] - response = getInstance().getCurrentResponse(): null

2019-08-15 16:25:15 - [TEST_STEP][PASSED] - verifyResponseStatusCode(response, 200): Verify response status code successfully

2019-08-15 16:25:15 - [MESSAGE][PASSED] - Verify response status code successfully

2019-08-15 16:25:15 - [TEST_STEP][PASSED] - getStatusCode()).isEqualTo(200): null

2019-08-15 16:25:15 - [TEST_STEP][PASSED] - newline = System.getProperty("line.separator"): null

2019-08-15 16:25:15 - [TEST_STEP][PASSED] - M4_spin = new groovy.json.JsonSlurper(): null

2019-08-15 16:25:15 - [TEST_STEP][PASSED] - result_M4_spin = M4_spin.parseText(response.getResponseBodyContent()): null

2019-08-15 16:25:15 - [TEST_STEP][PASSED] - M4_spin_current_balance = current_balance: null

2019-08-15 16:25:15 - [TEST_STEP][PASSED] - M4_spin_current_balance = M4_spin_current_balance: null

2019-08-15 16:25:15 - [TEST_STEP][PASSED] - M4_spin_transaction_id = causality: null

2019-08-15 16:25:15 - [TEST_STEP][PASSED] - M4_spin_transaction_id = M4_spin_transaction_id: null

2019-08-15 16:25:15 - [TEST_STEP][PASSED] - M4_spin_round_id = round_id: null

2019-08-15 16:25:15 - [TEST_STEP][PASSED] - M4_spin_round_id = M4_spin_round_id: null

2019-08-15 16:25:15 - [TEST_STEP][PASSED] - M4_spin_line_wins = line_wins: null

2019-08-15 16:25:15 - [TEST_STEP][PASSED] - M4_spin_line_wins = M4_spin_line_wins: null

2019-08-15 16:25:15 - [TEST_STEP][PASSED] - M4_total_bonus_spins_int = total_bonus_spins: null

2019-08-15 16:25:15 - [TEST_STEP][PASSED] - println("******M4_total_bonus_spins type is:*******" + newline + getClass().getName()): null

2019-08-15 16:25:15 - [TEST_STEP][PASSED] - M4_total_bonus_spins_int = M4_total_bonus_spins_int: null

2019-08-15 16:25:15 - [TEST_STEP][PASSED] - M4_total_bonus_spins = Integer.toString(M4_total_bonus_spins_int): null

2019-08-15 16:25:15 - [TEST_STEP][PASSED] - M4_total_bonus_spins = M4_total_bonus_spins: null

2019-08-15 16:25:15 - [TEST_STEP][PASSED] - println("M4_total_bonus_spins is:" + M4_total_bonus_spins): null

2019-08-15 16:25:15 - [TEST_STEP][PASSED] - M4_spin_bonus_data = bonus_data: null

2019-08-15 16:25:15 - [TEST_STEP][PASSED] - M4_spin_features_triggered = result_M4_spin: null

2019-08-15 16:25:15 - [TEST_STEP][PASSED] - wild = []: null

2019-08-15 16:25:15 - [TEST_STEP][PASSED] - wild[0] = "WILD_Expanding": null

2019-08-15 16:25:15 - [TEST_STEP][PASSED] - wild[1] = "WILD_Normal": null

2019-08-15 16:25:15 - [TEST_STEP][PASSED] - wild[2] = "WILD_Double": null

2019-08-15 16:25:15 - [TEST_STEP][PASSED] - wild[3] = "WILD_ExtraFG": null

2019-08-15 16:25:15 - [TEST_STEP][PASSED] - wild[4] = "WILD_Triple": null

2019-08-15 16:25:15 - [TEST_STEP][PASSED] - wildList = Arrays.asList(wild): null

2019-08-15 16:25:15 - [TEST_STEP][PASSED] - wildList = wildList: null

2019-08-15 16:25:15 - [TEST_STEP][PASSED] - free_spin_reel_counter = []: null

2019-08-15 16:25:15 - [TEST_STEP][PASSED] - free_spin_reel_counter[0] = 0: null

2019-08-15 16:25:15 - [TEST_STEP][PASSED] - free_spin_reel_counter[1] = 0: null

2019-08-15 16:25:15 - [TEST_STEP][PASSED] - free_spin_reel_counter[2] = 0: null

2019-08-15 16:25:15 - [TEST_STEP][PASSED] - M4_spin_reels = reels: null

2019-08-15 16:25:15 - [TEST_STEP][PASSED] - for ([i = 0, i &lt; M4_spin_reels.size(), (i++)]): null

2019-08-15 16:25:15 - [TEST_STEP][PASSED] - symbols = symbols: null

2019-08-15 16:25:15 - [TEST_STEP][PASSED] - for ([j = 0, j &lt; symbols.size(), (j++)]): null

2019-08-15 16:25:15 - [TEST_STEP][PASSED] - symbol = symbol: null

2019-08-15 16:25:15 - [TEST_STEP][PASSED] - println(symbol): null

2019-08-15 16:25:15 - [TEST_STEP][PASSED] - if (i == 2 &amp;&amp; wildList.indexOf(symbol) != -1): null

2019-08-15 16:25:15 - [TEST_STEP][PASSED] - if (i == 3 &amp;&amp; wildList.indexOf(symbol) != -1): null

2019-08-15 16:25:15 - [TEST_STEP][PASSED] - if (i == 4 &amp;&amp; wildList.indexOf(symbol) != -1): null

2019-08-15 16:25:15 - [TEST_STEP][PASSED] - symbol = symbol: null

2019-08-15 16:25:15 - [TEST_STEP][PASSED] - println(symbol): null

2019-08-15 16:25:15 - [TEST_STEP][PASSED] - if (i == 2 &amp;&amp; wildList.indexOf(symbol) != -1): null

2019-08-15 16:25:15 - [TEST_STEP][PASSED] - if (i == 3 &amp;&amp; wildList.indexOf(symbol) != -1): null

2019-08-15 16:25:15 - [TEST_STEP][PASSED] - if (i == 4 &amp;&amp; wildList.indexOf(symbol) != -1): null

2019-08-15 16:25:15 - [TEST_STEP][PASSED] - symbol = symbol: null

2019-08-15 16:25:15 - [TEST_STEP][PASSED] - println(symbol): null

2019-08-15 16:25:15 - [TEST_STEP][PASSED] - if (i == 2 &amp;&amp; wildList.indexOf(symbol) != -1): null

2019-08-15 16:25:15 - [TEST_STEP][PASSED] - if (i == 3 &amp;&amp; wildList.indexOf(symbol) != -1): null

2019-08-15 16:25:15 - [TEST_STEP][PASSED] - if (i == 4 &amp;&amp; wildList.indexOf(symbol) != -1): null

2019-08-15 16:25:15 - [TEST_STEP][PASSED] - symbols = symbols: null

2019-08-15 16:25:15 - [TEST_STEP][PASSED] - for ([j = 0, j &lt; symbols.size(), (j++)]): null

2019-08-15 16:25:15 - [TEST_STEP][PASSED] - symbol = symbol: null

2019-08-15 16:25:15 - [TEST_STEP][PASSED] - println(symbol): null

2019-08-15 16:25:15 - [TEST_STEP][PASSED] - if (i == 2 &amp;&amp; wildList.indexOf(symbol) != -1): null

2019-08-15 16:25:15 - [TEST_STEP][PASSED] - if (i == 3 &amp;&amp; wildList.indexOf(symbol) != -1): null

2019-08-15 16:25:15 - [TEST_STEP][PASSED] - if (i == 4 &amp;&amp; wildList.indexOf(symbol) != -1): null

2019-08-15 16:25:15 - [TEST_STEP][PASSED] - symbol = symbol: null

2019-08-15 16:25:15 - [TEST_STEP][PASSED] - println(symbol): null

2019-08-15 16:25:15 - [TEST_STEP][PASSED] - if (i == 2 &amp;&amp; wildList.indexOf(symbol) != -1): null

2019-08-15 16:25:15 - [TEST_STEP][PASSED] - if (i == 3 &amp;&amp; wildList.indexOf(symbol) != -1): null

2019-08-15 16:25:15 - [TEST_STEP][PASSED] - if (i == 4 &amp;&amp; wildList.indexOf(symbol) != -1): null

2019-08-15 16:25:15 - [TEST_STEP][PASSED] - symbol = symbol: null

2019-08-15 16:25:15 - [TEST_STEP][PASSED] - println(symbol): null

2019-08-15 16:25:15 - [TEST_STEP][PASSED] - if (i == 2 &amp;&amp; wildList.indexOf(symbol) != -1): null

2019-08-15 16:25:15 - [TEST_STEP][PASSED] - if (i == 3 &amp;&amp; wildList.indexOf(symbol) != -1): null

2019-08-15 16:25:15 - [TEST_STEP][PASSED] - if (i == 4 &amp;&amp; wildList.indexOf(symbol) != -1): null

2019-08-15 16:25:15 - [TEST_STEP][PASSED] - symbols = symbols: null

2019-08-15 16:25:15 - [TEST_STEP][PASSED] - for ([j = 0, j &lt; symbols.size(), (j++)]): null

2019-08-15 16:25:15 - [TEST_STEP][PASSED] - symbol = symbol: null

2019-08-15 16:25:15 - [TEST_STEP][PASSED] - println(symbol): null

2019-08-15 16:25:15 - [TEST_STEP][PASSED] - if (i == 2 &amp;&amp; wildList.indexOf(symbol) != -1): null

2019-08-15 16:25:15 - [TEST_STEP][PASSED] - if (i == 3 &amp;&amp; wildList.indexOf(symbol) != -1): null

2019-08-15 16:25:15 - [TEST_STEP][PASSED] - if (i == 4 &amp;&amp; wildList.indexOf(symbol) != -1): null

2019-08-15 16:25:15 - [TEST_STEP][PASSED] - symbol = symbol: null

2019-08-15 16:25:15 - [TEST_STEP][PASSED] - println(symbol): null

2019-08-15 16:25:15 - [TEST_STEP][PASSED] - if (i == 2 &amp;&amp; wildList.indexOf(symbol) != -1): null

2019-08-15 16:25:15 - [TEST_STEP][PASSED] - if (i == 3 &amp;&amp; wildList.indexOf(symbol) != -1): null

2019-08-15 16:25:15 - [TEST_STEP][PASSED] - if (i == 4 &amp;&amp; wildList.indexOf(symbol) != -1): null

2019-08-15 16:25:15 - [TEST_STEP][PASSED] - symbol = symbol: null

2019-08-15 16:25:15 - [TEST_STEP][PASSED] - println(symbol): null

2019-08-15 16:25:15 - [TEST_STEP][PASSED] - if (i == 2 &amp;&amp; wildList.indexOf(symbol) != -1): null

2019-08-15 16:25:15 - [TEST_STEP][PASSED] - if (i == 3 &amp;&amp; wildList.indexOf(symbol) != -1): null

2019-08-15 16:25:15 - [TEST_STEP][PASSED] - if (i == 4 &amp;&amp; wildList.indexOf(symbol) != -1): null

2019-08-15 16:25:15 - [TEST_STEP][PASSED] - symbols = symbols: null

2019-08-15 16:25:15 - [TEST_STEP][PASSED] - for ([j = 0, j &lt; symbols.size(), (j++)]): null

2019-08-15 16:25:15 - [TEST_STEP][PASSED] - symbol = symbol: null

2019-08-15 16:25:15 - [TEST_STEP][PASSED] - println(symbol): null

2019-08-15 16:25:15 - [TEST_STEP][PASSED] - if (i == 2 &amp;&amp; wildList.indexOf(symbol) != -1): null

2019-08-15 16:25:15 - [TEST_STEP][PASSED] - if (i == 3 &amp;&amp; wildList.indexOf(symbol) != -1): null

2019-08-15 16:25:15 - [TEST_STEP][PASSED] - if (i == 4 &amp;&amp; wildList.indexOf(symbol) != -1): null

2019-08-15 16:25:15 - [TEST_STEP][PASSED] - symbol = symbol: null

2019-08-15 16:25:15 - [TEST_STEP][PASSED] - println(symbol): null

2019-08-15 16:25:15 - [TEST_STEP][PASSED] - if (i == 2 &amp;&amp; wildList.indexOf(symbol) != -1): null

2019-08-15 16:25:15 - [TEST_STEP][PASSED] - if (i == 3 &amp;&amp; wildList.indexOf(symbol) != -1): null

2019-08-15 16:25:15 - [TEST_STEP][PASSED] - println("wild found on reel 4, adding counter by 1"): null

2019-08-15 16:25:15 - [TEST_STEP][PASSED] - free_spin_reel_counter[1] = free_spin_reel_counter[1] + 1: null

2019-08-15 16:25:15 - [TEST_STEP][PASSED] - if (i == 4 &amp;&amp; wildList.indexOf(symbol) != -1): null

2019-08-15 16:25:15 - [TEST_STEP][PASSED] - symbol = symbol: null

2019-08-15 16:25:15 - [TEST_STEP][PASSED] - println(symbol): null

2019-08-15 16:25:15 - [TEST_STEP][PASSED] - if (i == 2 &amp;&amp; wildList.indexOf(symbol) != -1): null

2019-08-15 16:25:15 - [TEST_STEP][PASSED] - if (i == 3 &amp;&amp; wildList.indexOf(symbol) != -1): null

2019-08-15 16:25:15 - [TEST_STEP][PASSED] - if (i == 4 &amp;&amp; wildList.indexOf(symbol) != -1): null

2019-08-15 16:25:15 - [TEST_STEP][PASSED] - symbols = symbols: null

2019-08-15 16:25:15 - [TEST_STEP][PASSED] - for ([j = 0, j &lt; symbols.size(), (j++)]): null

2019-08-15 16:25:15 - [TEST_STEP][PASSED] - symbol = symbol: null

2019-08-15 16:25:15 - [TEST_STEP][PASSED] - println(symbol): null

2019-08-15 16:25:15 - [TEST_STEP][PASSED] - if (i == 2 &amp;&amp; wildList.indexOf(symbol) != -1): null

2019-08-15 16:25:15 - [TEST_STEP][PASSED] - if (i == 3 &amp;&amp; wildList.indexOf(symbol) != -1): null

2019-08-15 16:25:15 - [TEST_STEP][PASSED] - if (i == 4 &amp;&amp; wildList.indexOf(symbol) != -1): null

2019-08-15 16:25:15 - [TEST_STEP][PASSED] - symbol = symbol: null

2019-08-15 16:25:15 - [TEST_STEP][PASSED] - println(symbol): null

2019-08-15 16:25:15 - [TEST_STEP][PASSED] - if (i == 2 &amp;&amp; wildList.indexOf(symbol) != -1): null

2019-08-15 16:25:15 - [TEST_STEP][PASSED] - if (i == 3 &amp;&amp; wildList.indexOf(symbol) != -1): null

2019-08-15 16:25:15 - [TEST_STEP][PASSED] - if (i == 4 &amp;&amp; wildList.indexOf(symbol) != -1): null

2019-08-15 16:25:15 - [TEST_STEP][PASSED] - symbol = symbol: null

2019-08-15 16:25:15 - [TEST_STEP][PASSED] - println(symbol): null

2019-08-15 16:25:15 - [TEST_STEP][PASSED] - if (i == 2 &amp;&amp; wildList.indexOf(symbol) != -1): null

2019-08-15 16:25:15 - [TEST_STEP][PASSED] - if (i == 3 &amp;&amp; wildList.indexOf(symbol) != -1): null

2019-08-15 16:25:15 - [TEST_STEP][PASSED] - if (i == 4 &amp;&amp; wildList.indexOf(symbol) != -1): null

2019-08-15 16:25:15 - [TEST_STEP][PASSED] - free_spin_reel_counter = free_spin_reel_counter: null

2019-08-15 16:25:15 - [TEST_STEP][PASSED] - println("reel 3 wild found: " + free_spin_reel_counter[0]): null

2019-08-15 16:25:15 - [TEST_STEP][PASSED] - println("reel 4 wild found: " + free_spin_reel_counter[1]): null

2019-08-15 16:25:15 - [TEST_STEP][PASSED] - println("reel 5 wild found: " + free_spin_reel_counter[2]): null

2019-08-15 16:25:15 - [TEST_STEP][PASSED] - M4_spin_reels = M4_spin_reels: null

2019-08-15 16:25:15 - [TEST_STEP][PASSED] - M4_spin_reels_symbols = symbol: null

2019-08-15 16:25:15 - [TEST_STEP][PASSED] - M4_spin_reels_symbols = M4_spin_reels_symbols: null

2019-08-15 16:25:15 - [TEST_STEP][PASSED] - M4_spin_reel_wins = reel_wins: null

2019-08-15 16:25:15 - [TEST_STEP][PASSED] - M4_spin_reel_wins = M4_spin_reel_wins: null

2019-08-15 16:25:15 - [TEST_STEP][PASSED] - println("GlobalVariable.M4_spin_reel_wins is: " + M4_spin_reel_wins): null

2019-08-15 16:25:15 - [TEST_STEP][PASSED] - M4_spin_total_bonus_win_this_round = total_bonus_win_this_round: null

2019-08-15 16:25:15 - [TEST_STEP][PASSED] - M4_spin_total_bonus_win_this_round = M4_spin_total_bonus_win_this_round: null

2019-08-15 16:25:15 - [TEST_STEP][PASSED] - println("GlobalVariable.M4_spin_total_bonus_win_this_round is: " + M4_spin_total_bonus_win_this_round): null

2019-08-15 16:25:15 - [MESSAGE][PASSED] - Verify response successfully

2019-08-15 16:25:15 - [MESSAGE][PASSED] - Send request and verify the response successfully

2019-08-15 16:25:15 - [TEST_STEP][PASSED] - if (M4_total_bonus_spins_int != 0 &amp;&amp; M4_spin_reels_symbols[2].contains("WILD_Normal") || M4_spin_reels_symbols[3].contains("WILD_Normal") || M4_spin_reels_symbols[4].contains("WILD_Normal")): null

2019-08-15 16:25:15 - [TEST_STEP][PASSED] - free_spin_reel_counter = free_spin_reel_counter: null

2019-08-15 16:25:15 - [TEST_STEP][PASSED] - M4_spin_reels_symbols = M4_spin_reels_symbols: null

2019-08-15 16:25:15 - [TEST_STEP][PASSED] - M4_total_bonus_spins = M4_total_bonus_spins: null

2019-08-15 16:25:15 - [TEST_STEP][PASSED] - spin_result = sendRequestAndVerify(findTestObject("STG/RGS(M4)/1_M4_spin", ["M4_login_user_id":M4_login_user_id, "rgs_session_token":rgs_session_token, "partner":Partner])): Send request and verify the response successfully

2019-08-15 16:25:15 - [TEST_CASE][PASSED] - Start Test Case : Verification: Verification accomplished successfully

2019-08-15 16:25:15 - [TEST_STEP][PASSED] - request = getInstance().getCurrentRequest(): null

2019-08-15 16:25:15 - [TEST_STEP][PASSED] - response = getInstance().getCurrentResponse(): null

2019-08-15 16:25:15 - [TEST_STEP][PASSED] - verifyResponseStatusCode(response, 200): Verify response status code successfully

2019-08-15 16:25:15 - [MESSAGE][PASSED] - Verify response status code successfully

2019-08-15 16:25:15 - [TEST_STEP][PASSED] - getStatusCode()).isEqualTo(200): null

2019-08-15 16:25:15 - [TEST_STEP][PASSED] - newline = System.getProperty("line.separator"): null

2019-08-15 16:25:15 - [TEST_STEP][PASSED] - M4_spin = new groovy.json.JsonSlurper(): null

2019-08-15 16:25:15 - [TEST_STEP][PASSED] - result_M4_spin = M4_spin.parseText(response.getResponseBodyContent()): null

2019-08-15 16:25:15 - [TEST_STEP][PASSED] - M4_spin_current_balance = current_balance: null

2019-08-15 16:25:15 - [TEST_STEP][PASSED] - M4_spin_current_balance = M4_spin_current_balance: null

2019-08-15 16:25:15 - [TEST_STEP][PASSED] - M4_spin_transaction_id = causality: null

2019-08-15 16:25:15 - [TEST_STEP][PASSED] - M4_spin_transaction_id = M4_spin_transaction_id: null

2019-08-15 16:25:15 - [TEST_STEP][PASSED] - M4_spin_round_id = round_id: null

2019-08-15 16:25:15 - [TEST_STEP][PASSED] - M4_spin_round_id = M4_spin_round_id: null

2019-08-15 16:25:15 - [TEST_STEP][PASSED] - M4_spin_line_wins = line_wins: null

2019-08-15 16:25:15 - [TEST_STEP][PASSED] - M4_spin_line_wins = M4_spin_line_wins: null

2019-08-15 16:25:15 - [TEST_STEP][PASSED] - M4_total_bonus_spins_int = total_bonus_spins: null

2019-08-15 16:25:15 - [TEST_STEP][PASSED] - println("******M4_total_bonus_spins type is:*******" + newline + getClass().getName()): null

2019-08-15 16:25:15 - [TEST_STEP][PASSED] - M4_total_bonus_spins_int = M4_total_bonus_spins_int: null

2019-08-15 16:25:15 - [TEST_STEP][PASSED] - M4_total_bonus_spins = Integer.toString(M4_total_bonus_spins_int): null

2019-08-15 16:25:15 - [TEST_STEP][PASSED] - M4_total_bonus_spins = M4_total_bonus_spins: null

2019-08-15 16:25:15 - [TEST_STEP][PASSED] - println("M4_total_bonus_spins is:" + M4_total_bonus_spins): null

2019-08-15 16:25:15 - [TEST_STEP][PASSED] - M4_spin_bonus_data = bonus_data: null

2019-08-15 16:25:19 - [TEST_STEP][PASSED] - M4_spin_features_triggered = result_M4_spin: null

2019-08-15 16:25:19 - [TEST_STEP][PASSED] - wild = []: null

2019-08-15 16:25:19 - [TEST_STEP][PASSED] - wild[0] = "WILD_Expanding": null

2019-08-15 16:25:19 - [TEST_STEP][PASSED] - wild[1] = "WILD_Normal": null

2019-08-15 16:25:19 - [TEST_STEP][PASSED] - wild[2] = "WILD_Double": null

2019-08-15 16:25:19 - [TEST_STEP][PASSED] - wild[3] = "WILD_ExtraFG": null

2019-08-15 16:25:19 - [TEST_STEP][PASSED] - wild[4] = "WILD_Triple": null

2019-08-15 16:25:19 - [TEST_STEP][PASSED] - wildList = Arrays.asList(wild): null

2019-08-15 16:25:19 - [TEST_STEP][PASSED] - wildList = wildList: null

2019-08-15 16:25:19 - [TEST_STEP][PASSED] - free_spin_reel_counter = []: null

2019-08-15 16:25:19 - [TEST_STEP][PASSED] - free_spin_reel_counter[0] = 0: null

2019-08-15 16:25:19 - [TEST_STEP][PASSED] - free_spin_reel_counter[1] = 0: null

2019-08-15 16:25:19 - [TEST_STEP][PASSED] - free_spin_reel_counter[2] = 0: null

2019-08-15 16:25:19 - [TEST_STEP][PASSED] - M4_spin_reels = reels: null

2019-08-15 16:25:19 - [TEST_STEP][PASSED] - for ([i = 0, i &lt; M4_spin_reels.size(), (i++)]): null

2019-08-15 16:25:19 - [TEST_STEP][PASSED] - symbols = symbols: null

2019-08-15 16:25:19 - [TEST_STEP][PASSED] - for ([j = 0, j &lt; symbols.size(), (j++)]): null

2019-08-15 16:25:19 - [TEST_STEP][PASSED] - symbol = symbol: null

2019-08-15 16:25:19 - [TEST_STEP][PASSED] - println(symbol): null

2019-08-15 16:25:19 - [TEST_STEP][PASSED] - if (i == 2 &amp;&amp; wildList.indexOf(symbol) != -1): null

2019-08-15 16:25:19 - [TEST_STEP][PASSED] - if (i == 3 &amp;&amp; wildList.indexOf(symbol) != -1): null

2019-08-15 16:25:19 - [TEST_STEP][PASSED] - if (i == 4 &amp;&amp; wildList.indexOf(symbol) != -1): null

2019-08-15 16:25:19 - [TEST_STEP][PASSED] - symbol = symbol: null

2019-08-15 16:25:19 - [TEST_STEP][PASSED] - println(symbol): null

2019-08-15 16:25:19 - [TEST_STEP][PASSED] - if (i == 2 &amp;&amp; wildList.indexOf(symbol) != -1): null

2019-08-15 16:25:19 - [TEST_STEP][PASSED] - if (i == 3 &amp;&amp; wildList.indexOf(symbol) != -1): null

2019-08-15 16:25:19 - [TEST_STEP][PASSED] - if (i == 4 &amp;&amp; wildList.indexOf(symbol) != -1): null

2019-08-15 16:25:19 - [TEST_STEP][PASSED] - symbol = symbol: null

2019-08-15 16:25:19 - [TEST_STEP][PASSED] - println(symbol): null

2019-08-15 16:25:19 - [TEST_STEP][PASSED] - if (i == 2 &amp;&amp; wildList.indexOf(symbol) != -1): null

2019-08-15 16:25:19 - [TEST_STEP][PASSED] - if (i == 3 &amp;&amp; wildList.indexOf(symbol) != -1): null

2019-08-15 16:25:19 - [TEST_STEP][PASSED] - if (i == 4 &amp;&amp; wildList.indexOf(symbol) != -1): null

2019-08-15 16:25:19 - [TEST_STEP][PASSED] - symbols = symbols: null

2019-08-15 16:25:19 - [TEST_STEP][PASSED] - for ([j = 0, j &lt; symbols.size(), (j++)]): null

2019-08-15 16:25:19 - [TEST_STEP][PASSED] - symbol = symbol: null

2019-08-15 16:25:19 - [TEST_STEP][PASSED] - println(symbol): null

2019-08-15 16:25:19 - [TEST_STEP][PASSED] - if (i == 2 &amp;&amp; wildList.indexOf(symbol) != -1): null

2019-08-15 16:25:19 - [TEST_STEP][PASSED] - if (i == 3 &amp;&amp; wildList.indexOf(symbol) != -1): null

2019-08-15 16:25:19 - [TEST_STEP][PASSED] - if (i == 4 &amp;&amp; wildList.indexOf(symbol) != -1): null

2019-08-15 16:25:19 - [TEST_STEP][PASSED] - symbol = symbol: null

2019-08-15 16:25:19 - [TEST_STEP][PASSED] - println(symbol): null

2019-08-15 16:25:19 - [TEST_STEP][PASSED] - if (i == 2 &amp;&amp; wildList.indexOf(symbol) != -1): null

2019-08-15 16:25:19 - [TEST_STEP][PASSED] - if (i == 3 &amp;&amp; wildList.indexOf(symbol) != -1): null

2019-08-15 16:25:19 - [TEST_STEP][PASSED] - if (i == 4 &amp;&amp; wildList.indexOf(symbol) != -1): null

2019-08-15 16:25:19 - [TEST_STEP][PASSED] - symbol = symbol: null

2019-08-15 16:25:19 - [TEST_STEP][PASSED] - println(symbol): null

2019-08-15 16:25:19 - [TEST_STEP][PASSED] - if (i == 2 &amp;&amp; wildList.indexOf(symbol) != -1): null

2019-08-15 16:25:19 - [TEST_STEP][PASSED] - if (i == 3 &amp;&amp; wildList.indexOf(symbol) != -1): null

2019-08-15 16:25:19 - [TEST_STEP][PASSED] - if (i == 4 &amp;&amp; wildList.indexOf(symbol) != -1): null

2019-08-15 16:25:19 - [TEST_STEP][PASSED] - symbols = symbols: null

2019-08-15 16:25:19 - [TEST_STEP][PASSED] - for ([j = 0, j &lt; symbols.size(), (j++)]): null

2019-08-15 16:25:19 - [TEST_STEP][PASSED] - symbol = symbol: null

2019-08-15 16:25:19 - [TEST_STEP][PASSED] - println(symbol): null

2019-08-15 16:25:19 - [TEST_STEP][PASSED] - if (i == 2 &amp;&amp; wildList.indexOf(symbol) != -1): null

2019-08-15 16:25:19 - [TEST_STEP][PASSED] - if (i == 3 &amp;&amp; wildList.indexOf(symbol) != -1): null

2019-08-15 16:25:19 - [TEST_STEP][PASSED] - if (i == 4 &amp;&amp; wildList.indexOf(symbol) != -1): null

2019-08-15 16:25:19 - [TEST_STEP][PASSED] - symbol = symbol: null

2019-08-15 16:25:19 - [TEST_STEP][PASSED] - println(symbol): null

2019-08-15 16:25:19 - [TEST_STEP][PASSED] - if (i == 2 &amp;&amp; wildList.indexOf(symbol) != -1): null

2019-08-15 16:25:19 - [TEST_STEP][PASSED] - if (i == 3 &amp;&amp; wildList.indexOf(symbol) != -1): null

2019-08-15 16:25:19 - [TEST_STEP][PASSED] - if (i == 4 &amp;&amp; wildList.indexOf(symbol) != -1): null

2019-08-15 16:25:19 - [TEST_STEP][PASSED] - symbol = symbol: null

2019-08-15 16:25:19 - [TEST_STEP][PASSED] - println(symbol): null

2019-08-15 16:25:19 - [TEST_STEP][PASSED] - if (i == 2 &amp;&amp; wildList.indexOf(symbol) != -1): null

2019-08-15 16:25:19 - [TEST_STEP][PASSED] - if (i == 3 &amp;&amp; wildList.indexOf(symbol) != -1): null

2019-08-15 16:25:19 - [TEST_STEP][PASSED] - if (i == 4 &amp;&amp; wildList.indexOf(symbol) != -1): null

2019-08-15 16:25:19 - [TEST_STEP][PASSED] - symbols = symbols: null

2019-08-15 16:25:19 - [TEST_STEP][PASSED] - for ([j = 0, j &lt; symbols.size(), (j++)]): null

2019-08-15 16:25:19 - [TEST_STEP][PASSED] - symbol = symbol: null

2019-08-15 16:25:19 - [TEST_STEP][PASSED] - println(symbol): null

2019-08-15 16:25:19 - [TEST_STEP][PASSED] - if (i == 2 &amp;&amp; wildList.indexOf(symbol) != -1): null

2019-08-15 16:25:19 - [TEST_STEP][PASSED] - if (i == 3 &amp;&amp; wildList.indexOf(symbol) != -1): null

2019-08-15 16:25:19 - [TEST_STEP][PASSED] - if (i == 4 &amp;&amp; wildList.indexOf(symbol) != -1): null

2019-08-15 16:25:19 - [TEST_STEP][PASSED] - symbol = symbol: null

2019-08-15 16:25:19 - [TEST_STEP][PASSED] - println(symbol): null

2019-08-15 16:25:19 - [TEST_STEP][PASSED] - if (i == 2 &amp;&amp; wildList.indexOf(symbol) != -1): null

2019-08-15 16:25:19 - [TEST_STEP][PASSED] - if (i == 3 &amp;&amp; wildList.indexOf(symbol) != -1): null

2019-08-15 16:25:19 - [TEST_STEP][PASSED] - if (i == 4 &amp;&amp; wildList.indexOf(symbol) != -1): null

2019-08-15 16:25:19 - [TEST_STEP][PASSED] - symbol = symbol: null

2019-08-15 16:25:19 - [TEST_STEP][PASSED] - println(symbol): null

2019-08-15 16:25:19 - [TEST_STEP][PASSED] - if (i == 2 &amp;&amp; wildList.indexOf(symbol) != -1): null

2019-08-15 16:25:19 - [TEST_STEP][PASSED] - if (i == 3 &amp;&amp; wildList.indexOf(symbol) != -1): null

2019-08-15 16:25:19 - [TEST_STEP][PASSED] - if (i == 4 &amp;&amp; wildList.indexOf(symbol) != -1): null

2019-08-15 16:25:19 - [TEST_STEP][PASSED] - symbols = symbols: null

2019-08-15 16:25:19 - [TEST_STEP][PASSED] - for ([j = 0, j &lt; symbols.size(), (j++)]): null

2019-08-15 16:25:19 - [TEST_STEP][PASSED] - symbol = symbol: null

2019-08-15 16:25:19 - [TEST_STEP][PASSED] - println(symbol): null

2019-08-15 16:25:19 - [TEST_STEP][PASSED] - if (i == 2 &amp;&amp; wildList.indexOf(symbol) != -1): null

2019-08-15 16:25:19 - [TEST_STEP][PASSED] - if (i == 3 &amp;&amp; wildList.indexOf(symbol) != -1): null

2019-08-15 16:25:19 - [TEST_STEP][PASSED] - if (i == 4 &amp;&amp; wildList.indexOf(symbol) != -1): null

2019-08-15 16:25:19 - [TEST_STEP][PASSED] - symbol = symbol: null

2019-08-15 16:25:19 - [TEST_STEP][PASSED] - println(symbol): null

2019-08-15 16:25:19 - [TEST_STEP][PASSED] - if (i == 2 &amp;&amp; wildList.indexOf(symbol) != -1): null

2019-08-15 16:25:19 - [TEST_STEP][PASSED] - if (i == 3 &amp;&amp; wildList.indexOf(symbol) != -1): null

2019-08-15 16:25:19 - [TEST_STEP][PASSED] - if (i == 4 &amp;&amp; wildList.indexOf(symbol) != -1): null

2019-08-15 16:25:19 - [TEST_STEP][PASSED] - symbol = symbol: null

2019-08-15 16:25:19 - [TEST_STEP][PASSED] - println(symbol): null

2019-08-15 16:25:19 - [TEST_STEP][PASSED] - if (i == 2 &amp;&amp; wildList.indexOf(symbol) != -1): null

2019-08-15 16:25:19 - [TEST_STEP][PASSED] - if (i == 3 &amp;&amp; wildList.indexOf(symbol) != -1): null

2019-08-15 16:25:19 - [TEST_STEP][PASSED] - if (i == 4 &amp;&amp; wildList.indexOf(symbol) != -1): null

2019-08-15 16:25:19 - [TEST_STEP][PASSED] - free_spin_reel_counter = free_spin_reel_counter: null

2019-08-15 16:25:19 - [TEST_STEP][PASSED] - println("reel 3 wild found: " + free_spin_reel_counter[0]): null

2019-08-15 16:25:19 - [TEST_STEP][PASSED] - println("reel 4 wild found: " + free_spin_reel_counter[1]): null

2019-08-15 16:25:19 - [TEST_STEP][PASSED] - println("reel 5 wild found: " + free_spin_reel_counter[2]): null

2019-08-15 16:25:19 - [TEST_STEP][PASSED] - M4_spin_reels = M4_spin_reels: null

2019-08-15 16:25:19 - [TEST_STEP][PASSED] - M4_spin_reels_symbols = symbol: null

2019-08-15 16:25:19 - [TEST_STEP][PASSED] - M4_spin_reels_symbols = M4_spin_reels_symbols: null

2019-08-15 16:25:19 - [TEST_STEP][PASSED] - M4_spin_reel_wins = reel_wins: null

2019-08-15 16:25:19 - [TEST_STEP][PASSED] - M4_spin_reel_wins = M4_spin_reel_wins: null

2019-08-15 16:25:19 - [TEST_STEP][PASSED] - println("GlobalVariable.M4_spin_reel_wins is: " + M4_spin_reel_wins): null

2019-08-15 16:25:19 - [TEST_STEP][PASSED] - M4_spin_total_bonus_win_this_round = total_bonus_win_this_round: null

2019-08-15 16:25:19 - [TEST_STEP][PASSED] - M4_spin_total_bonus_win_this_round = M4_spin_total_bonus_win_this_round: null

2019-08-15 16:25:19 - [TEST_STEP][PASSED] - println("GlobalVariable.M4_spin_total_bonus_win_this_round is: " + M4_spin_total_bonus_win_this_round): null

2019-08-15 16:25:19 - [MESSAGE][PASSED] - Verify response successfully

2019-08-15 16:25:19 - [MESSAGE][PASSED] - Send request and verify the response successfully

2019-08-15 16:25:19 - [TEST_STEP][PASSED] - if (M4_total_bonus_spins_int != 0 &amp;&amp; M4_spin_reels_symbols[2].contains("WILD_Normal") || M4_spin_reels_symbols[3].contains("WILD_Normal") || M4_spin_reels_symbols[4].contains("WILD_Normal")): null

2019-08-15 16:25:19 - [TEST_STEP][PASSED] - free_spin_reel_counter = free_spin_reel_counter: null

2019-08-15 16:25:19 - [TEST_STEP][PASSED] - M4_spin_reels_symbols = M4_spin_reels_symbols: null

2019-08-15 16:25:19 - [TEST_STEP][PASSED] - M4_total_bonus_spins = M4_total_bonus_spins: null

2019-08-15 16:25:19 - [TEST_STEP][PASSED] - spin_result = sendRequestAndVerify(findTestObject("STG/RGS(M4)/1_M4_spin", ["M4_login_user_id":M4_login_user_id, "rgs_session_token":rgs_session_token, "partner":Partner])): Send request and verify the response successfully

2019-08-15 16:25:20 - [TEST_CASE][PASSED] - Start Test Case : Verification: Verification accomplished successfully

2019-08-15 16:25:20 - [TEST_STEP][PASSED] - request = getInstance().getCurrentRequest(): null

2019-08-15 16:25:20 - [TEST_STEP][PASSED] - response = getInstance().getCurrentResponse(): null

2019-08-15 16:25:20 - [TEST_STEP][PASSED] - verifyResponseStatusCode(response, 200): Verify response status code successfully

2019-08-15 16:25:20 - [MESSAGE][PASSED] - Verify response status code successfully

2019-08-15 16:25:20 - [TEST_STEP][PASSED] - getStatusCode()).isEqualTo(200): null

2019-08-15 16:25:20 - [TEST_STEP][PASSED] - newline = System.getProperty("line.separator"): null

2019-08-15 16:25:20 - [TEST_STEP][PASSED] - M4_spin = new groovy.json.JsonSlurper(): null

2019-08-15 16:25:20 - [TEST_STEP][PASSED] - result_M4_spin = M4_spin.parseText(response.getResponseBodyContent()): null

2019-08-15 16:25:20 - [TEST_STEP][PASSED] - M4_spin_current_balance = current_balance: null

2019-08-15 16:25:20 - [TEST_STEP][PASSED] - M4_spin_current_balance = M4_spin_current_balance: null

2019-08-15 16:25:20 - [TEST_STEP][PASSED] - M4_spin_transaction_id = causality: null

2019-08-15 16:25:20 - [TEST_STEP][PASSED] - M4_spin_transaction_id = M4_spin_transaction_id: null

2019-08-15 16:25:20 - [TEST_STEP][PASSED] - M4_spin_round_id = round_id: null

2019-08-15 16:25:20 - [TEST_STEP][PASSED] - M4_spin_round_id = M4_spin_round_id: null

2019-08-15 16:25:20 - [TEST_STEP][PASSED] - M4_spin_line_wins = line_wins: null

2019-08-15 16:25:20 - [TEST_STEP][PASSED] - M4_spin_line_wins = M4_spin_line_wins: null

2019-08-15 16:25:20 - [TEST_STEP][PASSED] - M4_total_bonus_spins_int = total_bonus_spins: null

2019-08-15 16:25:20 - [TEST_STEP][PASSED] - println("******M4_total_bonus_spins type is:*******" + newline + getClass().getName()): null

2019-08-15 16:25:20 - [TEST_STEP][PASSED] - M4_total_bonus_spins_int = M4_total_bonus_spins_int: null

2019-08-15 16:25:20 - [TEST_STEP][PASSED] - M4_total_bonus_spins = Integer.toString(M4_total_bonus_spins_int): null

2019-08-15 16:25:20 - [TEST_STEP][PASSED] - M4_total_bonus_spins = M4_total_bonus_spins: null

2019-08-15 16:25:20 - [TEST_STEP][PASSED] - println("M4_total_bonus_spins is:" + M4_total_bonus_spins): null

2019-08-15 16:25:20 - [TEST_STEP][PASSED] - M4_spin_bonus_data = bonus_data: null

2019-08-15 16:25:20 - [TEST_STEP][PASSED] - M4_spin_features_triggered = result_M4_spin: null

2019-08-15 16:25:20 - [TEST_STEP][PASSED] - wild = []: null

2019-08-15 16:25:20 - [TEST_STEP][PASSED] - wild[0] = "WILD_Expanding": null

2019-08-15 16:25:20 - [TEST_STEP][PASSED] - wild[1] = "WILD_Normal": null

2019-08-15 16:25:20 - [TEST_STEP][PASSED] - wild[2] = "WILD_Double": null

2019-08-15 16:25:20 - [TEST_STEP][PASSED] - wild[3] = "WILD_ExtraFG": null

2019-08-15 16:25:20 - [TEST_STEP][PASSED] - wild[4] = "WILD_Triple": null

2019-08-15 16:25:20 - [TEST_STEP][PASSED] - wildList = Arrays.asList(wild): null

2019-08-15 16:25:20 - [TEST_STEP][PASSED] - wildList = wildList: null

2019-08-15 16:25:20 - [TEST_STEP][PASSED] - free_spin_reel_counter = []: null

2019-08-15 16:25:20 - [TEST_STEP][PASSED] - free_spin_reel_counter[0] = 0: null

2019-08-15 16:25:20 - [TEST_STEP][PASSED] - free_spin_reel_counter[1] = 0: null

2019-08-15 16:25:20 - [TEST_STEP][PASSED] - free_spin_reel_counter[2] = 0: null

2019-08-15 16:25:20 - [TEST_STEP][PASSED] - M4_spin_reels = reels: null

2019-08-15 16:25:20 - [TEST_STEP][PASSED] - for ([i = 0, i &lt; M4_spin_reels.size(), (i++)]): null

2019-08-15 16:25:20 - [TEST_STEP][PASSED] - symbols = symbols: null

2019-08-15 16:25:20 - [TEST_STEP][PASSED] - for ([j = 0, j &lt; symbols.size(), (j++)]): null

2019-08-15 16:25:20 - [TEST_STEP][PASSED] - symbol = symbol: null

2019-08-15 16:25:20 - [TEST_STEP][PASSED] - println(symbol): null

2019-08-15 16:25:20 - [TEST_STEP][PASSED] - if (i == 2 &amp;&amp; wildList.indexOf(symbol) != -1): null

2019-08-15 16:25:20 - [TEST_STEP][PASSED] - if (i == 3 &amp;&amp; wildList.indexOf(symbol) != -1): null

2019-08-15 16:25:20 - [TEST_STEP][PASSED] - if (i == 4 &amp;&amp; wildList.indexOf(symbol) != -1): null

2019-08-15 16:25:20 - [TEST_STEP][PASSED] - symbol = symbol: null

2019-08-15 16:25:20 - [TEST_STEP][PASSED] - println(symbol): null

2019-08-15 16:25:20 - [TEST_STEP][PASSED] - if (i == 2 &amp;&amp; wildList.indexOf(symbol) != -1): null

2019-08-15 16:25:20 - [TEST_STEP][PASSED] - if (i == 3 &amp;&amp; wildList.indexOf(symbol) != -1): null

2019-08-15 16:25:20 - [TEST_STEP][PASSED] - if (i == 4 &amp;&amp; wildList.indexOf(symbol) != -1): null

2019-08-15 16:25:20 - [TEST_STEP][PASSED] - symbol = symbol: null

2019-08-15 16:25:20 - [TEST_STEP][PASSED] - println(symbol): null

2019-08-15 16:25:20 - [TEST_STEP][PASSED] - if (i == 2 &amp;&amp; wildList.indexOf(symbol) != -1): null

2019-08-15 16:25:20 - [TEST_STEP][PASSED] - if (i == 3 &amp;&amp; wildList.indexOf(symbol) != -1): null

2019-08-15 16:25:20 - [TEST_STEP][PASSED] - if (i == 4 &amp;&amp; wildList.indexOf(symbol) != -1): null

2019-08-15 16:25:20 - [TEST_STEP][PASSED] - symbols = symbols: null

2019-08-15 16:25:20 - [TEST_STEP][PASSED] - for ([j = 0, j &lt; symbols.size(), (j++)]): null

2019-08-15 16:25:20 - [TEST_STEP][PASSED] - symbol = symbol: null

2019-08-15 16:25:20 - [TEST_STEP][PASSED] - println(symbol): null

2019-08-15 16:25:20 - [TEST_STEP][PASSED] - if (i == 2 &amp;&amp; wildList.indexOf(symbol) != -1): null

2019-08-15 16:25:20 - [TEST_STEP][PASSED] - if (i == 3 &amp;&amp; wildList.indexOf(symbol) != -1): null

2019-08-15 16:25:20 - [TEST_STEP][PASSED] - if (i == 4 &amp;&amp; wildList.indexOf(symbol) != -1): null

2019-08-15 16:25:20 - [TEST_STEP][PASSED] - symbol = symbol: null

2019-08-15 16:25:20 - [TEST_STEP][PASSED] - println(symbol): null

2019-08-15 16:25:20 - [TEST_STEP][PASSED] - if (i == 2 &amp;&amp; wildList.indexOf(symbol) != -1): null

2019-08-15 16:25:20 - [TEST_STEP][PASSED] - if (i == 3 &amp;&amp; wildList.indexOf(symbol) != -1): null

2019-08-15 16:25:20 - [TEST_STEP][PASSED] - if (i == 4 &amp;&amp; wildList.indexOf(symbol) != -1): null

2019-08-15 16:25:20 - [TEST_STEP][PASSED] - symbol = symbol: null

2019-08-15 16:25:20 - [TEST_STEP][PASSED] - println(symbol): null

2019-08-15 16:25:20 - [TEST_STEP][PASSED] - if (i == 2 &amp;&amp; wildList.indexOf(symbol) != -1): null

2019-08-15 16:25:20 - [TEST_STEP][PASSED] - if (i == 3 &amp;&amp; wildList.indexOf(symbol) != -1): null

2019-08-15 16:25:20 - [TEST_STEP][PASSED] - if (i == 4 &amp;&amp; wildList.indexOf(symbol) != -1): null

2019-08-15 16:25:20 - [TEST_STEP][PASSED] - symbols = symbols: null

2019-08-15 16:25:20 - [TEST_STEP][PASSED] - for ([j = 0, j &lt; symbols.size(), (j++)]): null

2019-08-15 16:25:20 - [TEST_STEP][PASSED] - symbol = symbol: null

2019-08-15 16:25:20 - [TEST_STEP][PASSED] - println(symbol): null

2019-08-15 16:25:20 - [TEST_STEP][PASSED] - if (i == 2 &amp;&amp; wildList.indexOf(symbol) != -1): null

2019-08-15 16:25:20 - [TEST_STEP][PASSED] - println("wild found on reel 3, adding counter by 1"): null

2019-08-15 16:25:20 - [TEST_STEP][PASSED] - free_spin_reel_counter[0] = free_spin_reel_counter[0] + 1: null

2019-08-15 16:25:20 - [TEST_STEP][PASSED] - if (i == 3 &amp;&amp; wildList.indexOf(symbol) != -1): null

2019-08-15 16:25:20 - [TEST_STEP][PASSED] - if (i == 4 &amp;&amp; wildList.indexOf(symbol) != -1): null

2019-08-15 16:25:20 - [TEST_STEP][PASSED] - symbol = symbol: null

2019-08-15 16:25:20 - [TEST_STEP][PASSED] - println(symbol): null

2019-08-15 16:25:20 - [TEST_STEP][PASSED] - if (i == 2 &amp;&amp; wildList.indexOf(symbol) != -1): null

2019-08-15 16:25:20 - [TEST_STEP][PASSED] - if (i == 3 &amp;&amp; wildList.indexOf(symbol) != -1): null

2019-08-15 16:25:20 - [TEST_STEP][PASSED] - if (i == 4 &amp;&amp; wildList.indexOf(symbol) != -1): null

2019-08-15 16:25:20 - [TEST_STEP][PASSED] - symbol = symbol: null

2019-08-15 16:25:20 - [TEST_STEP][PASSED] - println(symbol): null

2019-08-15 16:25:20 - [TEST_STEP][PASSED] - if (i == 2 &amp;&amp; wildList.indexOf(symbol) != -1): null

2019-08-15 16:25:20 - [TEST_STEP][PASSED] - if (i == 3 &amp;&amp; wildList.indexOf(symbol) != -1): null

2019-08-15 16:25:20 - [TEST_STEP][PASSED] - if (i == 4 &amp;&amp; wildList.indexOf(symbol) != -1): null

2019-08-15 16:25:20 - [TEST_STEP][PASSED] - symbols = symbols: null

2019-08-15 16:25:20 - [TEST_STEP][PASSED] - for ([j = 0, j &lt; symbols.size(), (j++)]): null

2019-08-15 16:25:20 - [TEST_STEP][PASSED] - symbol = symbol: null

2019-08-15 16:25:20 - [TEST_STEP][PASSED] - println(symbol): null

2019-08-15 16:25:20 - [TEST_STEP][PASSED] - if (i == 2 &amp;&amp; wildList.indexOf(symbol) != -1): null

2019-08-15 16:25:20 - [TEST_STEP][PASSED] - if (i == 3 &amp;&amp; wildList.indexOf(symbol) != -1): null

2019-08-15 16:25:20 - [TEST_STEP][PASSED] - if (i == 4 &amp;&amp; wildList.indexOf(symbol) != -1): null

2019-08-15 16:25:20 - [TEST_STEP][PASSED] - symbol = symbol: null

2019-08-15 16:25:20 - [TEST_STEP][PASSED] - println(symbol): null

2019-08-15 16:25:20 - [TEST_STEP][PASSED] - if (i == 2 &amp;&amp; wildList.indexOf(symbol) != -1): null

2019-08-15 16:25:20 - [TEST_STEP][PASSED] - if (i == 3 &amp;&amp; wildList.indexOf(symbol) != -1): null

2019-08-15 16:25:20 - [TEST_STEP][PASSED] - if (i == 4 &amp;&amp; wildList.indexOf(symbol) != -1): null

2019-08-15 16:25:20 - [TEST_STEP][PASSED] - symbol = symbol: null

2019-08-15 16:25:20 - [TEST_STEP][PASSED] - println(symbol): null

2019-08-15 16:25:20 - [TEST_STEP][PASSED] - if (i == 2 &amp;&amp; wildList.indexOf(symbol) != -1): null

2019-08-15 16:25:20 - [TEST_STEP][PASSED] - if (i == 3 &amp;&amp; wildList.indexOf(symbol) != -1): null

2019-08-15 16:25:20 - [TEST_STEP][PASSED] - if (i == 4 &amp;&amp; wildList.indexOf(symbol) != -1): null

2019-08-15 16:25:20 - [TEST_STEP][PASSED] - symbols = symbols: null

2019-08-15 16:25:20 - [TEST_STEP][PASSED] - for ([j = 0, j &lt; symbols.size(), (j++)]): null

2019-08-15 16:25:20 - [TEST_STEP][PASSED] - symbol = symbol: null

2019-08-15 16:25:20 - [TEST_STEP][PASSED] - println(symbol): null

2019-08-15 16:25:20 - [TEST_STEP][PASSED] - if (i == 2 &amp;&amp; wildList.indexOf(symbol) != -1): null

2019-08-15 16:25:20 - [TEST_STEP][PASSED] - if (i == 3 &amp;&amp; wildList.indexOf(symbol) != -1): null

2019-08-15 16:25:20 - [TEST_STEP][PASSED] - if (i == 4 &amp;&amp; wildList.indexOf(symbol) != -1): null

2019-08-15 16:25:20 - [TEST_STEP][PASSED] - symbol = symbol: null

2019-08-15 16:25:20 - [TEST_STEP][PASSED] - println(symbol): null

2019-08-15 16:25:20 - [TEST_STEP][PASSED] - if (i == 2 &amp;&amp; wildList.indexOf(symbol) != -1): null

2019-08-15 16:25:20 - [TEST_STEP][PASSED] - if (i == 3 &amp;&amp; wildList.indexOf(symbol) != -1): null

2019-08-15 16:25:20 - [TEST_STEP][PASSED] - if (i == 4 &amp;&amp; wildList.indexOf(symbol) != -1): null

2019-08-15 16:25:20 - [TEST_STEP][PASSED] - symbol = symbol: null

2019-08-15 16:25:20 - [TEST_STEP][PASSED] - println(symbol): null

2019-08-15 16:25:20 - [TEST_STEP][PASSED] - if (i == 2 &amp;&amp; wildList.indexOf(symbol) != -1): null

2019-08-15 16:25:20 - [TEST_STEP][PASSED] - if (i == 3 &amp;&amp; wildList.indexOf(symbol) != -1): null

2019-08-15 16:25:20 - [TEST_STEP][PASSED] - if (i == 4 &amp;&amp; wildList.indexOf(symbol) != -1): null

2019-08-15 16:25:20 - [TEST_STEP][PASSED] - free_spin_reel_counter = free_spin_reel_counter: null

2019-08-15 16:25:20 - [TEST_STEP][PASSED] - println("reel 3 wild found: " + free_spin_reel_counter[0]): null

2019-08-15 16:25:20 - [TEST_STEP][PASSED] - println("reel 4 wild found: " + free_spin_reel_counter[1]): null

2019-08-15 16:25:20 - [TEST_STEP][PASSED] - println("reel 5 wild found: " + free_spin_reel_counter[2]): null

2019-08-15 16:25:20 - [TEST_STEP][PASSED] - M4_spin_reels = M4_spin_reels: null

2019-08-15 16:25:20 - [TEST_STEP][PASSED] - M4_spin_reels_symbols = symbol: null

2019-08-15 16:25:20 - [TEST_STEP][PASSED] - M4_spin_reels_symbols = M4_spin_reels_symbols: null

2019-08-15 16:25:20 - [TEST_STEP][PASSED] - M4_spin_reel_wins = reel_wins: null

2019-08-15 16:25:20 - [TEST_STEP][PASSED] - M4_spin_reel_wins = M4_spin_reel_wins: null

2019-08-15 16:25:20 - [TEST_STEP][PASSED] - println("GlobalVariable.M4_spin_reel_wins is: " + M4_spin_reel_wins): null

2019-08-15 16:25:20 - [TEST_STEP][PASSED] - M4_spin_total_bonus_win_this_round = total_bonus_win_this_round: null

2019-08-15 16:25:20 - [TEST_STEP][PASSED] - M4_spin_total_bonus_win_this_round = M4_spin_total_bonus_win_this_round: null

2019-08-15 16:25:20 - [TEST_STEP][PASSED] - println("GlobalVariable.M4_spin_total_bonus_win_this_round is: " + M4_spin_total_bonus_win_this_round): null

2019-08-15 16:25:20 - [MESSAGE][PASSED] - Verify response successfully

2019-08-15 16:25:20 - [MESSAGE][PASSED] - Send request and verify the response successfully

2019-08-15 16:25:20 - [TEST_STEP][PASSED] - if (M4_total_bonus_spins_int != 0 &amp;&amp; M4_spin_reels_symbols[2].contains("WILD_Normal") || M4_spin_reels_symbols[3].contains("WILD_Normal") || M4_spin_reels_symbols[4].contains("WILD_Normal")): null

2019-08-15 16:25:20 - [TEST_STEP][PASSED] - free_spin_reel_counter = free_spin_reel_counter: null

2019-08-15 16:25:20 - [TEST_STEP][PASSED] - M4_spin_reels_symbols = M4_spin_reels_symbols: null

2019-08-15 16:25:20 - [TEST_STEP][PASSED] - M4_total_bonus_spins = M4_total_bonus_spins: null

2019-08-15 16:25:20 - [TEST_STEP][PASSED] - spin_result = sendRequestAndVerify(findTestObject("STG/RGS(M4)/1_M4_spin", ["M4_login_user_id":M4_login_user_id, "rgs_session_token":rgs_session_token, "partner":Partner])): Send request and verify the response successfully

2019-08-15 16:25:20 - [TEST_CASE][PASSED] - Start Test Case : Verification: Verification accomplished successfully

2019-08-15 16:25:20 - [TEST_STEP][PASSED] - request = getInstance().getCurrentRequest(): null

2019-08-15 16:25:20 - [TEST_STEP][PASSED] - response = getInstance().getCurrentResponse(): null

2019-08-15 16:25:20 - [TEST_STEP][PASSED] - verifyResponseStatusCode(response, 200): Verify response status code successfully

2019-08-15 16:25:20 - [MESSAGE][PASSED] - Verify response status code successfully

2019-08-15 16:25:20 - [TEST_STEP][PASSED] - getStatusCode()).isEqualTo(200): null

2019-08-15 16:25:20 - [TEST_STEP][PASSED] - newline = System.getProperty("line.separator"): null

2019-08-15 16:25:20 - [TEST_STEP][PASSED] - M4_spin = new groovy.json.JsonSlurper(): null

2019-08-15 16:25:20 - [TEST_STEP][PASSED] - result_M4_spin = M4_spin.parseText(response.getResponseBodyContent()): null

2019-08-15 16:25:20 - [TEST_STEP][PASSED] - M4_spin_current_balance = current_balance: null

2019-08-15 16:25:20 - [TEST_STEP][PASSED] - M4_spin_current_balance = M4_spin_current_balance: null

2019-08-15 16:25:20 - [TEST_STEP][PASSED] - M4_spin_transaction_id = causality: null

2019-08-15 16:25:20 - [TEST_STEP][PASSED] - M4_spin_transaction_id = M4_spin_transaction_id: null

2019-08-15 16:25:20 - [TEST_STEP][PASSED] - M4_spin_round_id = round_id: null

2019-08-15 16:25:20 - [TEST_STEP][PASSED] - M4_spin_round_id = M4_spin_round_id: null

2019-08-15 16:25:20 - [TEST_STEP][PASSED] - M4_spin_line_wins = line_wins: null

2019-08-15 16:25:20 - [TEST_STEP][PASSED] - M4_spin_line_wins = M4_spin_line_wins: null

2019-08-15 16:25:20 - [TEST_STEP][PASSED] - M4_total_bonus_spins_int = total_bonus_spins: null

2019-08-15 16:25:20 - [TEST_STEP][PASSED] - println("******M4_total_bonus_spins type is:*******" + newline + getClass().getName()): null

2019-08-15 16:25:20 - [TEST_STEP][PASSED] - M4_total_bonus_spins_int = M4_total_bonus_spins_int: null

2019-08-15 16:25:20 - [TEST_STEP][PASSED] - M4_total_bonus_spins = Integer.toString(M4_total_bonus_spins_int): null

2019-08-15 16:25:20 - [TEST_STEP][PASSED] - M4_total_bonus_spins = M4_total_bonus_spins: null

2019-08-15 16:25:20 - [TEST_STEP][PASSED] - println("M4_total_bonus_spins is:" + M4_total_bonus_spins): null

2019-08-15 16:25:20 - [TEST_STEP][PASSED] - M4_spin_bonus_data = bonus_data: null

2019-08-15 16:25:20 - [TEST_STEP][PASSED] - M4_spin_features_triggered = result_M4_spin: null

2019-08-15 16:25:20 - [TEST_STEP][PASSED] - wild = []: null

2019-08-15 16:25:20 - [TEST_STEP][PASSED] - wild[0] = "WILD_Expanding": null

2019-08-15 16:25:20 - [TEST_STEP][PASSED] - wild[1] = "WILD_Normal": null

2019-08-15 16:25:20 - [TEST_STEP][PASSED] - wild[2] = "WILD_Double": null

2019-08-15 16:25:20 - [TEST_STEP][PASSED] - wild[3] = "WILD_ExtraFG": null

2019-08-15 16:25:20 - [TEST_STEP][PASSED] - wild[4] = "WILD_Triple": null

2019-08-15 16:25:20 - [TEST_STEP][PASSED] - wildList = Arrays.asList(wild): null

2019-08-15 16:25:20 - [TEST_STEP][PASSED] - wildList = wildList: null

2019-08-15 16:25:20 - [TEST_STEP][PASSED] - free_spin_reel_counter = []: null

2019-08-15 16:25:20 - [TEST_STEP][PASSED] - free_spin_reel_counter[0] = 0: null

2019-08-15 16:25:20 - [TEST_STEP][PASSED] - free_spin_reel_counter[1] = 0: null

2019-08-15 16:25:20 - [TEST_STEP][PASSED] - free_spin_reel_counter[2] = 0: null

2019-08-15 16:25:20 - [TEST_STEP][PASSED] - M4_spin_reels = reels: null

2019-08-15 16:25:20 - [TEST_STEP][PASSED] - for ([i = 0, i &lt; M4_spin_reels.size(), (i++)]): null

2019-08-15 16:25:20 - [TEST_STEP][PASSED] - symbols = symbols: null

2019-08-15 16:25:20 - [TEST_STEP][PASSED] - for ([j = 0, j &lt; symbols.size(), (j++)]): null

2019-08-15 16:25:20 - [TEST_STEP][PASSED] - symbol = symbol: null

2019-08-15 16:25:20 - [TEST_STEP][PASSED] - println(symbol): null

2019-08-15 16:25:20 - [TEST_STEP][PASSED] - if (i == 2 &amp;&amp; wildList.indexOf(symbol) != -1): null

2019-08-15 16:25:20 - [TEST_STEP][PASSED] - if (i == 3 &amp;&amp; wildList.indexOf(symbol) != -1): null

2019-08-15 16:25:20 - [TEST_STEP][PASSED] - if (i == 4 &amp;&amp; wildList.indexOf(symbol) != -1): null

2019-08-15 16:25:20 - [TEST_STEP][PASSED] - symbol = symbol: null

2019-08-15 16:25:20 - [TEST_STEP][PASSED] - println(symbol): null

2019-08-15 16:25:20 - [TEST_STEP][PASSED] - if (i == 2 &amp;&amp; wildList.indexOf(symbol) != -1): null

2019-08-15 16:25:20 - [TEST_STEP][PASSED] - if (i == 3 &amp;&amp; wildList.indexOf(symbol) != -1): null

2019-08-15 16:25:20 - [TEST_STEP][PASSED] - if (i == 4 &amp;&amp; wildList.indexOf(symbol) != -1): null

2019-08-15 16:25:20 - [TEST_STEP][PASSED] - symbol = symbol: null

2019-08-15 16:25:20 - [TEST_STEP][PASSED] - println(symbol): null

2019-08-15 16:25:20 - [TEST_STEP][PASSED] - if (i == 2 &amp;&amp; wildList.indexOf(symbol) != -1): null

2019-08-15 16:25:20 - [TEST_STEP][PASSED] - if (i == 3 &amp;&amp; wildList.indexOf(symbol) != -1): null

2019-08-15 16:25:20 - [TEST_STEP][PASSED] - if (i == 4 &amp;&amp; wildList.indexOf(symbol) != -1): null

2019-08-15 16:25:20 - [TEST_STEP][PASSED] - symbols = symbols: null

2019-08-15 16:25:20 - [TEST_STEP][PASSED] - for ([j = 0, j &lt; symbols.size(), (j++)]): null

2019-08-15 16:25:25 - [TEST_STEP][PASSED] - symbol = symbol: null

2019-08-15 16:25:25 - [TEST_STEP][PASSED] - println(symbol): null

2019-08-15 16:25:25 - [TEST_STEP][PASSED] - if (i == 2 &amp;&amp; wildList.indexOf(symbol) != -1): null

2019-08-15 16:25:25 - [TEST_STEP][PASSED] - if (i == 3 &amp;&amp; wildList.indexOf(symbol) != -1): null

2019-08-15 16:25:25 - [TEST_STEP][PASSED] - if (i == 4 &amp;&amp; wildList.indexOf(symbol) != -1): null

2019-08-15 16:25:25 - [TEST_STEP][PASSED] - symbol = symbol: null

2019-08-15 16:25:25 - [TEST_STEP][PASSED] - println(symbol): null

2019-08-15 16:25:25 - [TEST_STEP][PASSED] - if (i == 2 &amp;&amp; wildList.indexOf(symbol) != -1): null

2019-08-15 16:25:25 - [TEST_STEP][PASSED] - if (i == 3 &amp;&amp; wildList.indexOf(symbol) != -1): null

2019-08-15 16:25:25 - [TEST_STEP][PASSED] - if (i == 4 &amp;&amp; wildList.indexOf(symbol) != -1): null

2019-08-15 16:25:25 - [TEST_STEP][PASSED] - symbol = symbol: null

2019-08-15 16:25:25 - [TEST_STEP][PASSED] - println(symbol): null

2019-08-15 16:25:25 - [TEST_STEP][PASSED] - if (i == 2 &amp;&amp; wildList.indexOf(symbol) != -1): null

2019-08-15 16:25:25 - [TEST_STEP][PASSED] - if (i == 3 &amp;&amp; wildList.indexOf(symbol) != -1): null

2019-08-15 16:25:25 - [TEST_STEP][PASSED] - if (i == 4 &amp;&amp; wildList.indexOf(symbol) != -1): null

2019-08-15 16:25:25 - [TEST_STEP][PASSED] - symbols = symbols: null

2019-08-15 16:25:25 - [TEST_STEP][PASSED] - for ([j = 0, j &lt; symbols.size(), (j++)]): null

2019-08-15 16:25:25 - [TEST_STEP][PASSED] - symbol = symbol: null

2019-08-15 16:25:25 - [TEST_STEP][PASSED] - println(symbol): null

2019-08-15 16:25:25 - [TEST_STEP][PASSED] - if (i == 2 &amp;&amp; wildList.indexOf(symbol) != -1): null

2019-08-15 16:25:25 - [TEST_STEP][PASSED] - println("wild found on reel 3, adding counter by 1"): null

2019-08-15 16:25:25 - [TEST_STEP][PASSED] - free_spin_reel_counter[0] = free_spin_reel_counter[0] + 1: null

2019-08-15 16:25:25 - [TEST_STEP][PASSED] - if (i == 3 &amp;&amp; wildList.indexOf(symbol) != -1): null

2019-08-15 16:25:25 - [TEST_STEP][PASSED] - if (i == 4 &amp;&amp; wildList.indexOf(symbol) != -1): null

2019-08-15 16:25:25 - [TEST_STEP][PASSED] - symbol = symbol: null

2019-08-15 16:25:25 - [TEST_STEP][PASSED] - println(symbol): null

2019-08-15 16:25:25 - [TEST_STEP][PASSED] - if (i == 2 &amp;&amp; wildList.indexOf(symbol) != -1): null

2019-08-15 16:25:25 - [TEST_STEP][PASSED] - if (i == 3 &amp;&amp; wildList.indexOf(symbol) != -1): null

2019-08-15 16:25:25 - [TEST_STEP][PASSED] - if (i == 4 &amp;&amp; wildList.indexOf(symbol) != -1): null

2019-08-15 16:25:25 - [TEST_STEP][PASSED] - symbol = symbol: null

2019-08-15 16:25:25 - [TEST_STEP][PASSED] - println(symbol): null

2019-08-15 16:25:25 - [TEST_STEP][PASSED] - if (i == 2 &amp;&amp; wildList.indexOf(symbol) != -1): null

2019-08-15 16:25:25 - [TEST_STEP][PASSED] - if (i == 3 &amp;&amp; wildList.indexOf(symbol) != -1): null

2019-08-15 16:25:25 - [TEST_STEP][PASSED] - if (i == 4 &amp;&amp; wildList.indexOf(symbol) != -1): null

2019-08-15 16:25:25 - [TEST_STEP][PASSED] - symbols = symbols: null

2019-08-15 16:25:25 - [TEST_STEP][PASSED] - for ([j = 0, j &lt; symbols.size(), (j++)]): null

2019-08-15 16:25:25 - [TEST_STEP][PASSED] - symbol = symbol: null

2019-08-15 16:25:25 - [TEST_STEP][PASSED] - println(symbol): null

2019-08-15 16:25:25 - [TEST_STEP][PASSED] - if (i == 2 &amp;&amp; wildList.indexOf(symbol) != -1): null

2019-08-15 16:25:25 - [TEST_STEP][PASSED] - if (i == 3 &amp;&amp; wildList.indexOf(symbol) != -1): null

2019-08-15 16:25:25 - [TEST_STEP][PASSED] - if (i == 4 &amp;&amp; wildList.indexOf(symbol) != -1): null

2019-08-15 16:25:25 - [TEST_STEP][PASSED] - symbol = symbol: null

2019-08-15 16:25:25 - [TEST_STEP][PASSED] - println(symbol): null

2019-08-15 16:25:25 - [TEST_STEP][PASSED] - if (i == 2 &amp;&amp; wildList.indexOf(symbol) != -1): null

2019-08-15 16:25:25 - [TEST_STEP][PASSED] - if (i == 3 &amp;&amp; wildList.indexOf(symbol) != -1): null

2019-08-15 16:25:25 - [TEST_STEP][PASSED] - if (i == 4 &amp;&amp; wildList.indexOf(symbol) != -1): null

2019-08-15 16:25:25 - [TEST_STEP][PASSED] - symbol = symbol: null

2019-08-15 16:25:25 - [TEST_STEP][PASSED] - println(symbol): null

2019-08-15 16:25:25 - [TEST_STEP][PASSED] - if (i == 2 &amp;&amp; wildList.indexOf(symbol) != -1): null

2019-08-15 16:25:25 - [TEST_STEP][PASSED] - if (i == 3 &amp;&amp; wildList.indexOf(symbol) != -1): null

2019-08-15 16:25:25 - [TEST_STEP][PASSED] - println("wild found on reel 4, adding counter by 1"): null

2019-08-15 16:25:25 - [TEST_STEP][PASSED] - free_spin_reel_counter[1] = free_spin_reel_counter[1] + 1: null

2019-08-15 16:25:25 - [TEST_STEP][PASSED] - if (i == 4 &amp;&amp; wildList.indexOf(symbol) != -1): null

2019-08-15 16:25:25 - [TEST_STEP][PASSED] - symbols = symbols: null

2019-08-15 16:25:25 - [TEST_STEP][PASSED] - for ([j = 0, j &lt; symbols.size(), (j++)]): null

2019-08-15 16:25:25 - [TEST_STEP][PASSED] - symbol = symbol: null

2019-08-15 16:25:25 - [TEST_STEP][PASSED] - println(symbol): null

2019-08-15 16:25:25 - [TEST_STEP][PASSED] - if (i == 2 &amp;&amp; wildList.indexOf(symbol) != -1): null

2019-08-15 16:25:25 - [TEST_STEP][PASSED] - if (i == 3 &amp;&amp; wildList.indexOf(symbol) != -1): null

2019-08-15 16:25:25 - [TEST_STEP][PASSED] - if (i == 4 &amp;&amp; wildList.indexOf(symbol) != -1): null

2019-08-15 16:25:25 - [TEST_STEP][PASSED] - symbol = symbol: null

2019-08-15 16:25:25 - [TEST_STEP][PASSED] - println(symbol): null

2019-08-15 16:25:25 - [TEST_STEP][PASSED] - if (i == 2 &amp;&amp; wildList.indexOf(symbol) != -1): null

2019-08-15 16:25:25 - [TEST_STEP][PASSED] - if (i == 3 &amp;&amp; wildList.indexOf(symbol) != -1): null

2019-08-15 16:25:25 - [TEST_STEP][PASSED] - if (i == 4 &amp;&amp; wildList.indexOf(symbol) != -1): null

2019-08-15 16:25:25 - [TEST_STEP][PASSED] - symbol = symbol: null

2019-08-15 16:25:25 - [TEST_STEP][PASSED] - println(symbol): null

2019-08-15 16:25:25 - [TEST_STEP][PASSED] - if (i == 2 &amp;&amp; wildList.indexOf(symbol) != -1): null

2019-08-15 16:25:25 - [TEST_STEP][PASSED] - if (i == 3 &amp;&amp; wildList.indexOf(symbol) != -1): null

2019-08-15 16:25:25 - [TEST_STEP][PASSED] - if (i == 4 &amp;&amp; wildList.indexOf(symbol) != -1): null

2019-08-15 16:25:25 - [TEST_STEP][PASSED] - free_spin_reel_counter = free_spin_reel_counter: null

2019-08-15 16:25:25 - [TEST_STEP][PASSED] - println("reel 3 wild found: " + free_spin_reel_counter[0]): null

2019-08-15 16:25:25 - [TEST_STEP][PASSED] - println("reel 4 wild found: " + free_spin_reel_counter[1]): null

2019-08-15 16:25:25 - [TEST_STEP][PASSED] - println("reel 5 wild found: " + free_spin_reel_counter[2]): null

2019-08-15 16:25:25 - [TEST_STEP][PASSED] - M4_spin_reels = M4_spin_reels: null

2019-08-15 16:25:25 - [TEST_STEP][PASSED] - M4_spin_reels_symbols = symbol: null

2019-08-15 16:25:25 - [TEST_STEP][PASSED] - M4_spin_reels_symbols = M4_spin_reels_symbols: null

2019-08-15 16:25:25 - [TEST_STEP][PASSED] - M4_spin_reel_wins = reel_wins: null

2019-08-15 16:25:25 - [TEST_STEP][PASSED] - M4_spin_reel_wins = M4_spin_reel_wins: null

2019-08-15 16:25:25 - [TEST_STEP][PASSED] - println("GlobalVariable.M4_spin_reel_wins is: " + M4_spin_reel_wins): null

2019-08-15 16:25:25 - [TEST_STEP][PASSED] - M4_spin_total_bonus_win_this_round = total_bonus_win_this_round: null

2019-08-15 16:25:25 - [TEST_STEP][PASSED] - M4_spin_total_bonus_win_this_round = M4_spin_total_bonus_win_this_round: null

2019-08-15 16:25:25 - [TEST_STEP][PASSED] - println("GlobalVariable.M4_spin_total_bonus_win_this_round is: " + M4_spin_total_bonus_win_this_round): null

2019-08-15 16:25:25 - [MESSAGE][PASSED] - Verify response successfully

2019-08-15 16:25:25 - [MESSAGE][PASSED] - Send request and verify the response successfully

2019-08-15 16:25:25 - [TEST_STEP][PASSED] - if (M4_total_bonus_spins_int != 0 &amp;&amp; M4_spin_reels_symbols[2].contains("WILD_Normal") || M4_spin_reels_symbols[3].contains("WILD_Normal") || M4_spin_reels_symbols[4].contains("WILD_Normal")): null

2019-08-15 16:25:25 - [TEST_STEP][PASSED] - free_spin_reel_counter = free_spin_reel_counter: null

2019-08-15 16:25:25 - [TEST_STEP][PASSED] - M4_spin_reels_symbols = M4_spin_reels_symbols: null

2019-08-15 16:25:25 - [TEST_STEP][PASSED] - M4_total_bonus_spins = M4_total_bonus_spins: null

2019-08-15 16:25:25 - [TEST_STEP][PASSED] - spin_result = sendRequestAndVerify(findTestObject("STG/RGS(M4)/1_M4_spin", ["M4_login_user_id":M4_login_user_id, "rgs_session_token":rgs_session_token, "partner":Partner])): Send request and verify the response successfully

2019-08-15 16:25:25 - [TEST_CASE][PASSED] - Start Test Case : Verification: Verification accomplished successfully

2019-08-15 16:25:25 - [TEST_STEP][PASSED] - request = getInstance().getCurrentRequest(): null

2019-08-15 16:25:25 - [TEST_STEP][PASSED] - response = getInstance().getCurrentResponse(): null

2019-08-15 16:25:25 - [TEST_STEP][PASSED] - verifyResponseStatusCode(response, 200): Verify response status code successfully

2019-08-15 16:25:25 - [MESSAGE][PASSED] - Verify response status code successfully

2019-08-15 16:25:25 - [TEST_STEP][PASSED] - getStatusCode()).isEqualTo(200): null

2019-08-15 16:25:25 - [TEST_STEP][PASSED] - newline = System.getProperty("line.separator"): null

2019-08-15 16:25:25 - [TEST_STEP][PASSED] - M4_spin = new groovy.json.JsonSlurper(): null

2019-08-15 16:25:25 - [TEST_STEP][PASSED] - result_M4_spin = M4_spin.parseText(response.getResponseBodyContent()): null

2019-08-15 16:25:25 - [TEST_STEP][PASSED] - M4_spin_current_balance = current_balance: null

2019-08-15 16:25:25 - [TEST_STEP][PASSED] - M4_spin_current_balance = M4_spin_current_balance: null

2019-08-15 16:25:25 - [TEST_STEP][PASSED] - M4_spin_transaction_id = causality: null

2019-08-15 16:25:25 - [TEST_STEP][PASSED] - M4_spin_transaction_id = M4_spin_transaction_id: null

2019-08-15 16:25:25 - [TEST_STEP][PASSED] - M4_spin_round_id = round_id: null

2019-08-15 16:25:25 - [TEST_STEP][PASSED] - M4_spin_round_id = M4_spin_round_id: null

2019-08-15 16:25:25 - [TEST_STEP][PASSED] - M4_spin_line_wins = line_wins: null

2019-08-15 16:25:25 - [TEST_STEP][PASSED] - M4_spin_line_wins = M4_spin_line_wins: null

2019-08-15 16:25:25 - [TEST_STEP][PASSED] - M4_total_bonus_spins_int = total_bonus_spins: null

2019-08-15 16:25:25 - [TEST_STEP][PASSED] - println("******M4_total_bonus_spins type is:*******" + newline + getClass().getName()): null

2019-08-15 16:25:25 - [TEST_STEP][PASSED] - M4_total_bonus_spins_int = M4_total_bonus_spins_int: null

2019-08-15 16:25:25 - [TEST_STEP][PASSED] - M4_total_bonus_spins = Integer.toString(M4_total_bonus_spins_int): null

2019-08-15 16:25:25 - [TEST_STEP][PASSED] - M4_total_bonus_spins = M4_total_bonus_spins: null

2019-08-15 16:25:25 - [TEST_STEP][PASSED] - println("M4_total_bonus_spins is:" + M4_total_bonus_spins): null

2019-08-15 16:25:25 - [TEST_STEP][PASSED] - M4_spin_bonus_data = bonus_data: null

2019-08-15 16:25:25 - [TEST_STEP][PASSED] - M4_spin_features_triggered = result_M4_spin: null

2019-08-15 16:25:25 - [TEST_STEP][PASSED] - wild = []: null

2019-08-15 16:25:25 - [TEST_STEP][PASSED] - wild[0] = "WILD_Expanding": null

2019-08-15 16:25:25 - [TEST_STEP][PASSED] - wild[1] = "WILD_Normal": null

2019-08-15 16:25:25 - [TEST_STEP][PASSED] - wild[2] = "WILD_Double": null

2019-08-15 16:25:25 - [TEST_STEP][PASSED] - wild[3] = "WILD_ExtraFG": null

2019-08-15 16:25:25 - [TEST_STEP][PASSED] - wild[4] = "WILD_Triple": null

2019-08-15 16:25:25 - [TEST_STEP][PASSED] - wildList = Arrays.asList(wild): null

2019-08-15 16:25:25 - [TEST_STEP][PASSED] - wildList = wildList: null

2019-08-15 16:25:25 - [TEST_STEP][PASSED] - free_spin_reel_counter = []: null

2019-08-15 16:25:25 - [TEST_STEP][PASSED] - free_spin_reel_counter[0] = 0: null

2019-08-15 16:25:25 - [TEST_STEP][PASSED] - free_spin_reel_counter[1] = 0: null

2019-08-15 16:25:25 - [TEST_STEP][PASSED] - free_spin_reel_counter[2] = 0: null

2019-08-15 16:25:25 - [TEST_STEP][PASSED] - M4_spin_reels = reels: null

2019-08-15 16:25:25 - [TEST_STEP][PASSED] - for ([i = 0, i &lt; M4_spin_reels.size(), (i++)]): null

2019-08-15 16:25:25 - [TEST_STEP][PASSED] - symbols = symbols: null

2019-08-15 16:25:25 - [TEST_STEP][PASSED] - for ([j = 0, j &lt; symbols.size(), (j++)]): null

2019-08-15 16:25:25 - [TEST_STEP][PASSED] - symbol = symbol: null

2019-08-15 16:25:25 - [TEST_STEP][PASSED] - println(symbol): null

2019-08-15 16:25:25 - [TEST_STEP][PASSED] - if (i == 2 &amp;&amp; wildList.indexOf(symbol) != -1): null

2019-08-15 16:25:25 - [TEST_STEP][PASSED] - if (i == 3 &amp;&amp; wildList.indexOf(symbol) != -1): null

2019-08-15 16:25:25 - [TEST_STEP][PASSED] - if (i == 4 &amp;&amp; wildList.indexOf(symbol) != -1): null

2019-08-15 16:25:25 - [TEST_STEP][PASSED] - symbol = symbol: null

2019-08-15 16:25:25 - [TEST_STEP][PASSED] - println(symbol): null

2019-08-15 16:25:25 - [TEST_STEP][PASSED] - if (i == 2 &amp;&amp; wildList.indexOf(symbol) != -1): null

2019-08-15 16:25:25 - [TEST_STEP][PASSED] - if (i == 3 &amp;&amp; wildList.indexOf(symbol) != -1): null

2019-08-15 16:25:25 - [TEST_STEP][PASSED] - if (i == 4 &amp;&amp; wildList.indexOf(symbol) != -1): null

2019-08-15 16:25:25 - [TEST_STEP][PASSED] - symbol = symbol: null

2019-08-15 16:25:25 - [TEST_STEP][PASSED] - println(symbol): null

2019-08-15 16:25:25 - [TEST_STEP][PASSED] - if (i == 2 &amp;&amp; wildList.indexOf(symbol) != -1): null

2019-08-15 16:25:25 - [TEST_STEP][PASSED] - if (i == 3 &amp;&amp; wildList.indexOf(symbol) != -1): null

2019-08-15 16:25:25 - [TEST_STEP][PASSED] - if (i == 4 &amp;&amp; wildList.indexOf(symbol) != -1): null

2019-08-15 16:25:25 - [TEST_STEP][PASSED] - symbols = symbols: null

2019-08-15 16:25:25 - [TEST_STEP][PASSED] - for ([j = 0, j &lt; symbols.size(), (j++)]): null

2019-08-15 16:25:25 - [TEST_STEP][PASSED] - symbol = symbol: null

2019-08-15 16:25:25 - [TEST_STEP][PASSED] - println(symbol): null

2019-08-15 16:25:25 - [TEST_STEP][PASSED] - if (i == 2 &amp;&amp; wildList.indexOf(symbol) != -1): null

2019-08-15 16:25:25 - [TEST_STEP][PASSED] - if (i == 3 &amp;&amp; wildList.indexOf(symbol) != -1): null

2019-08-15 16:25:25 - [TEST_STEP][PASSED] - if (i == 4 &amp;&amp; wildList.indexOf(symbol) != -1): null

2019-08-15 16:25:25 - [TEST_STEP][PASSED] - symbol = symbol: null

2019-08-15 16:25:25 - [TEST_STEP][PASSED] - println(symbol): null

2019-08-15 16:25:25 - [TEST_STEP][PASSED] - if (i == 2 &amp;&amp; wildList.indexOf(symbol) != -1): null

2019-08-15 16:25:25 - [TEST_STEP][PASSED] - if (i == 3 &amp;&amp; wildList.indexOf(symbol) != -1): null

2019-08-15 16:25:25 - [TEST_STEP][PASSED] - if (i == 4 &amp;&amp; wildList.indexOf(symbol) != -1): null

2019-08-15 16:25:25 - [TEST_STEP][PASSED] - symbol = symbol: null

2019-08-15 16:25:25 - [TEST_STEP][PASSED] - println(symbol): null

2019-08-15 16:25:25 - [TEST_STEP][PASSED] - if (i == 2 &amp;&amp; wildList.indexOf(symbol) != -1): null

2019-08-15 16:25:25 - [TEST_STEP][PASSED] - if (i == 3 &amp;&amp; wildList.indexOf(symbol) != -1): null

2019-08-15 16:25:25 - [TEST_STEP][PASSED] - if (i == 4 &amp;&amp; wildList.indexOf(symbol) != -1): null

2019-08-15 16:25:25 - [TEST_STEP][PASSED] - symbols = symbols: null

2019-08-15 16:25:25 - [TEST_STEP][PASSED] - for ([j = 0, j &lt; symbols.size(), (j++)]): null

2019-08-15 16:25:25 - [TEST_STEP][PASSED] - symbol = symbol: null

2019-08-15 16:25:25 - [TEST_STEP][PASSED] - println(symbol): null

2019-08-15 16:25:25 - [TEST_STEP][PASSED] - if (i == 2 &amp;&amp; wildList.indexOf(symbol) != -1): null

2019-08-15 16:25:25 - [TEST_STEP][PASSED] - if (i == 3 &amp;&amp; wildList.indexOf(symbol) != -1): null

2019-08-15 16:25:25 - [TEST_STEP][PASSED] - if (i == 4 &amp;&amp; wildList.indexOf(symbol) != -1): null

2019-08-15 16:25:25 - [TEST_STEP][PASSED] - symbol = symbol: null

2019-08-15 16:25:25 - [TEST_STEP][PASSED] - println(symbol): null

2019-08-15 16:25:25 - [TEST_STEP][PASSED] - if (i == 2 &amp;&amp; wildList.indexOf(symbol) != -1): null

2019-08-15 16:25:25 - [TEST_STEP][PASSED] - if (i == 3 &amp;&amp; wildList.indexOf(symbol) != -1): null

2019-08-15 16:25:25 - [TEST_STEP][PASSED] - if (i == 4 &amp;&amp; wildList.indexOf(symbol) != -1): null

2019-08-15 16:25:25 - [TEST_STEP][PASSED] - symbol = symbol: null

2019-08-15 16:25:25 - [TEST_STEP][PASSED] - println(symbol): null

2019-08-15 16:25:25 - [TEST_STEP][PASSED] - if (i == 2 &amp;&amp; wildList.indexOf(symbol) != -1): null

2019-08-15 16:25:25 - [TEST_STEP][PASSED] - if (i == 3 &amp;&amp; wildList.indexOf(symbol) != -1): null

2019-08-15 16:25:25 - [TEST_STEP][PASSED] - if (i == 4 &amp;&amp; wildList.indexOf(symbol) != -1): null

2019-08-15 16:25:25 - [TEST_STEP][PASSED] - symbols = symbols: null

2019-08-15 16:25:25 - [TEST_STEP][PASSED] - for ([j = 0, j &lt; symbols.size(), (j++)]): null

2019-08-15 16:25:25 - [TEST_STEP][PASSED] - symbol = symbol: null

2019-08-15 16:25:25 - [TEST_STEP][PASSED] - println(symbol): null

2019-08-15 16:25:25 - [TEST_STEP][PASSED] - if (i == 2 &amp;&amp; wildList.indexOf(symbol) != -1): null

2019-08-15 16:25:25 - [TEST_STEP][PASSED] - if (i == 3 &amp;&amp; wildList.indexOf(symbol) != -1): null

2019-08-15 16:25:25 - [TEST_STEP][PASSED] - if (i == 4 &amp;&amp; wildList.indexOf(symbol) != -1): null

2019-08-15 16:25:25 - [TEST_STEP][PASSED] - symbol = symbol: null

2019-08-15 16:25:25 - [TEST_STEP][PASSED] - println(symbol): null

2019-08-15 16:25:25 - [TEST_STEP][PASSED] - if (i == 2 &amp;&amp; wildList.indexOf(symbol) != -1): null

2019-08-15 16:25:25 - [TEST_STEP][PASSED] - if (i == 3 &amp;&amp; wildList.indexOf(symbol) != -1): null

2019-08-15 16:25:25 - [TEST_STEP][PASSED] - if (i == 4 &amp;&amp; wildList.indexOf(symbol) != -1): null

2019-08-15 16:25:25 - [TEST_STEP][PASSED] - symbol = symbol: null

2019-08-15 16:25:25 - [TEST_STEP][PASSED] - println(symbol): null

2019-08-15 16:25:25 - [TEST_STEP][PASSED] - if (i == 2 &amp;&amp; wildList.indexOf(symbol) != -1): null

2019-08-15 16:25:25 - [TEST_STEP][PASSED] - if (i == 3 &amp;&amp; wildList.indexOf(symbol) != -1): null

2019-08-15 16:25:25 - [TEST_STEP][PASSED] - if (i == 4 &amp;&amp; wildList.indexOf(symbol) != -1): null

2019-08-15 16:25:25 - [TEST_STEP][PASSED] - symbols = symbols: null

2019-08-15 16:25:25 - [TEST_STEP][PASSED] - for ([j = 0, j &lt; symbols.size(), (j++)]): null

2019-08-15 16:25:25 - [TEST_STEP][PASSED] - symbol = symbol: null

2019-08-15 16:25:25 - [TEST_STEP][PASSED] - println(symbol): null

2019-08-15 16:25:25 - [TEST_STEP][PASSED] - if (i == 2 &amp;&amp; wildList.indexOf(symbol) != -1): null

2019-08-15 16:25:25 - [TEST_STEP][PASSED] - if (i == 3 &amp;&amp; wildList.indexOf(symbol) != -1): null

2019-08-15 16:25:25 - [TEST_STEP][PASSED] - if (i == 4 &amp;&amp; wildList.indexOf(symbol) != -1): null

2019-08-15 16:25:25 - [TEST_STEP][PASSED] - symbol = symbol: null

2019-08-15 16:25:25 - [TEST_STEP][PASSED] - println(symbol): null

2019-08-15 16:25:25 - [TEST_STEP][PASSED] - if (i == 2 &amp;&amp; wildList.indexOf(symbol) != -1): null

2019-08-15 16:25:25 - [TEST_STEP][PASSED] - if (i == 3 &amp;&amp; wildList.indexOf(symbol) != -1): null

2019-08-15 16:25:25 - [TEST_STEP][PASSED] - if (i == 4 &amp;&amp; wildList.indexOf(symbol) != -1): null

2019-08-15 16:25:25 - [TEST_STEP][PASSED] - symbol = symbol: null

2019-08-15 16:25:25 - [TEST_STEP][PASSED] - println(symbol): null

2019-08-15 16:25:25 - [TEST_STEP][PASSED] - if (i == 2 &amp;&amp; wildList.indexOf(symbol) != -1): null

2019-08-15 16:25:25 - [TEST_STEP][PASSED] - if (i == 3 &amp;&amp; wildList.indexOf(symbol) != -1): null

2019-08-15 16:25:25 - [TEST_STEP][PASSED] - if (i == 4 &amp;&amp; wildList.indexOf(symbol) != -1): null

2019-08-15 16:25:25 - [TEST_STEP][PASSED] - free_spin_reel_counter = free_spin_reel_counter: null

2019-08-15 16:25:25 - [TEST_STEP][PASSED] - println("reel 3 wild found: " + free_spin_reel_counter[0]): null

2019-08-15 16:25:25 - [TEST_STEP][PASSED] - println("reel 4 wild found: " + free_spin_reel_counter[1]): null

2019-08-15 16:25:25 - [TEST_STEP][PASSED] - println("reel 5 wild found: " + free_spin_reel_counter[2]): null

2019-08-15 16:25:25 - [TEST_STEP][PASSED] - M4_spin_reels = M4_spin_reels: null

2019-08-15 16:25:25 - [TEST_STEP][PASSED] - M4_spin_reels_symbols = symbol: null

2019-08-15 16:25:25 - [TEST_STEP][PASSED] - M4_spin_reels_symbols = M4_spin_reels_symbols: null

2019-08-15 16:25:25 - [TEST_STEP][PASSED] - M4_spin_reel_wins = reel_wins: null

2019-08-15 16:25:25 - [TEST_STEP][PASSED] - M4_spin_reel_wins = M4_spin_reel_wins: null

2019-08-15 16:25:25 - [TEST_STEP][PASSED] - println("GlobalVariable.M4_spin_reel_wins is: " + M4_spin_reel_wins): null

2019-08-15 16:25:25 - [TEST_STEP][PASSED] - M4_spin_total_bonus_win_this_round = total_bonus_win_this_round: null

2019-08-15 16:25:25 - [TEST_STEP][PASSED] - M4_spin_total_bonus_win_this_round = M4_spin_total_bonus_win_this_round: null

2019-08-15 16:25:25 - [TEST_STEP][PASSED] - println("GlobalVariable.M4_spin_total_bonus_win_this_round is: " + M4_spin_total_bonus_win_this_round): null

2019-08-15 16:25:25 - [MESSAGE][PASSED] - Verify response successfully

2019-08-15 16:25:25 - [MESSAGE][PASSED] - Send request and verify the response successfully

2019-08-15 16:25:25 - [TEST_STEP][PASSED] - if (M4_total_bonus_spins_int != 0 &amp;&amp; M4_spin_reels_symbols[2].contains("WILD_Normal") || M4_spin_reels_symbols[3].contains("WILD_Normal") || M4_spin_reels_symbols[4].contains("WILD_Normal")): null

2019-08-15 16:25:25 - [TEST_STEP][PASSED] - free_spin_reel_counter = free_spin_reel_counter: null

2019-08-15 16:25:25 - [TEST_STEP][PASSED] - M4_spin_reels_symbols = M4_spin_reels_symbols: null

2019-08-15 16:25:25 - [TEST_STEP][PASSED] - M4_total_bonus_spins = M4_total_bonus_spins: null

2019-08-15 16:25:25 - [TEST_STEP][PASSED] - spin_result = sendRequestAndVerify(findTestObject("STG/RGS(M4)/1_M4_spin", ["M4_login_user_id":M4_login_user_id, "rgs_session_token":rgs_session_token, "partner":Partner])): Send request and verify the response successfully

2019-08-15 16:25:25 - [TEST_CASE][PASSED] - Start Test Case : Verification: Verification accomplished successfully

2019-08-15 16:25:25 - [TEST_STEP][PASSED] - request = getInstance().getCurrentRequest(): null

2019-08-15 16:25:25 - [TEST_STEP][PASSED] - response = getInstance().getCurrentResponse(): null

2019-08-15 16:25:25 - [TEST_STEP][PASSED] - verifyResponseStatusCode(response, 200): Verify response status code successfully

2019-08-15 16:25:25 - [MESSAGE][PASSED] - Verify response status code successfully

2019-08-15 16:25:25 - [TEST_STEP][PASSED] - getStatusCode()).isEqualTo(200): null

2019-08-15 16:25:25 - [TEST_STEP][PASSED] - newline = System.getProperty("line.separator"): null

2019-08-15 16:25:25 - [TEST_STEP][PASSED] - M4_spin = new groovy.json.JsonSlurper(): null

2019-08-15 16:25:25 - [TEST_STEP][PASSED] - result_M4_spin = M4_spin.parseText(response.getResponseBodyContent()): null

2019-08-15 16:25:25 - [TEST_STEP][PASSED] - M4_spin_current_balance = current_balance: null

2019-08-15 16:25:25 - [TEST_STEP][PASSED] - M4_spin_current_balance = M4_spin_current_balance: null

2019-08-15 16:25:25 - [TEST_STEP][PASSED] - M4_spin_transaction_id = causality: null

2019-08-15 16:25:25 - [TEST_STEP][PASSED] - M4_spin_transaction_id = M4_spin_transaction_id: null

2019-08-15 16:25:25 - [TEST_STEP][PASSED] - M4_spin_round_id = round_id: null

2019-08-15 16:25:25 - [TEST_STEP][PASSED] - M4_spin_round_id = M4_spin_round_id: null

2019-08-15 16:25:25 - [TEST_STEP][PASSED] - M4_spin_line_wins = line_wins: null

2019-08-15 16:25:25 - [TEST_STEP][PASSED] - M4_spin_line_wins = M4_spin_line_wins: null

2019-08-15 16:25:25 - [TEST_STEP][PASSED] - M4_total_bonus_spins_int = total_bonus_spins: null

2019-08-15 16:25:25 - [TEST_STEP][PASSED] - println("******M4_total_bonus_spins type is:*******" + newline + getClass().getName()): null

2019-08-15 16:25:25 - [TEST_STEP][PASSED] - M4_total_bonus_spins_int = M4_total_bonus_spins_int: null

2019-08-15 16:25:25 - [TEST_STEP][PASSED] - M4_total_bonus_spins = Integer.toString(M4_total_bonus_spins_int): null

2019-08-15 16:25:25 - [TEST_STEP][PASSED] - M4_total_bonus_spins = M4_total_bonus_spins: null

2019-08-15 16:25:25 - [TEST_STEP][PASSED] - println("M4_total_bonus_spins is:" + M4_total_bonus_spins): null

2019-08-15 16:25:25 - [TEST_STEP][PASSED] - M4_spin_bonus_data = bonus_data: null

2019-08-15 16:25:25 - [TEST_STEP][PASSED] - M4_spin_features_triggered = result_M4_spin: null

2019-08-15 16:25:25 - [TEST_STEP][PASSED] - wild = []: null

2019-08-15 16:25:25 - [TEST_STEP][PASSED] - wild[0] = "WILD_Expanding": null

2019-08-15 16:25:25 - [TEST_STEP][PASSED] - wild[1] = "WILD_Normal": null

2019-08-15 16:25:25 - [TEST_STEP][PASSED] - wild[2] = "WILD_Double": null

2019-08-15 16:25:25 - [TEST_STEP][PASSED] - wild[3] = "WILD_ExtraFG": null

2019-08-15 16:25:25 - [TEST_STEP][PASSED] - wild[4] = "WILD_Triple": null

2019-08-15 16:25:25 - [TEST_STEP][PASSED] - wildList = Arrays.asList(wild): null

2019-08-15 16:25:25 - [TEST_STEP][PASSED] - wildList = wildList: null

2019-08-15 16:25:25 - [TEST_STEP][PASSED] - free_spin_reel_counter = []: null

2019-08-15 16:25:25 - [TEST_STEP][PASSED] - free_spin_reel_counter[0] = 0: null

2019-08-15 16:25:25 - [TEST_STEP][PASSED] - free_spin_reel_counter[1] = 0: null

2019-08-15 16:25:25 - [TEST_STEP][PASSED] - free_spin_reel_counter[2] = 0: null

2019-08-15 16:25:25 - [TEST_STEP][PASSED] - M4_spin_reels = reels: null

2019-08-15 16:25:25 - [TEST_STEP][PASSED] - for ([i = 0, i &lt; M4_spin_reels.size(), (i++)]): null

2019-08-15 16:25:25 - [TEST_STEP][PASSED] - symbols = symbols: null

2019-08-15 16:25:25 - [TEST_STEP][PASSED] - for ([j = 0, j &lt; symbols.size(), (j++)]): null

2019-08-15 16:25:25 - [TEST_STEP][PASSED] - symbol = symbol: null

2019-08-15 16:25:25 - [TEST_STEP][PASSED] - println(symbol): null

2019-08-15 16:25:25 - [TEST_STEP][PASSED] - if (i == 2 &amp;&amp; wildList.indexOf(symbol) != -1): null

2019-08-15 16:25:25 - [TEST_STEP][PASSED] - if (i == 3 &amp;&amp; wildList.indexOf(symbol) != -1): null

2019-08-15 16:25:25 - [TEST_STEP][PASSED] - if (i == 4 &amp;&amp; wildList.indexOf(symbol) != -1): null

2019-08-15 16:25:25 - [TEST_STEP][PASSED] - symbol = symbol: null

2019-08-15 16:25:25 - [TEST_STEP][PASSED] - println(symbol): null

2019-08-15 16:25:25 - [TEST_STEP][PASSED] - if (i == 2 &amp;&amp; wildList.indexOf(symbol) != -1): null

2019-08-15 16:25:25 - [TEST_STEP][PASSED] - if (i == 3 &amp;&amp; wildList.indexOf(symbol) != -1): null

2019-08-15 16:25:25 - [TEST_STEP][PASSED] - if (i == 4 &amp;&amp; wildList.indexOf(symbol) != -1): null

2019-08-15 16:25:25 - [TEST_STEP][PASSED] - symbol = symbol: null

2019-08-15 16:25:25 - [TEST_STEP][PASSED] - println(symbol): null

2019-08-15 16:25:25 - [TEST_STEP][PASSED] - if (i == 2 &amp;&amp; wildList.indexOf(symbol) != -1): null

2019-08-15 16:25:25 - [TEST_STEP][PASSED] - if (i == 3 &amp;&amp; wildList.indexOf(symbol) != -1): null

2019-08-15 16:25:25 - [TEST_STEP][PASSED] - if (i == 4 &amp;&amp; wildList.indexOf(symbol) != -1): null

2019-08-15 16:25:25 - [TEST_STEP][PASSED] - symbols = symbols: null

2019-08-15 16:25:25 - [TEST_STEP][PASSED] - for ([j = 0, j &lt; symbols.size(), (j++)]): null

2019-08-15 16:25:25 - [TEST_STEP][PASSED] - symbol = symbol: null

2019-08-15 16:25:25 - [TEST_STEP][PASSED] - println(symbol): null

2019-08-15 16:25:25 - [TEST_STEP][PASSED] - if (i == 2 &amp;&amp; wildList.indexOf(symbol) != -1): null

2019-08-15 16:25:25 - [TEST_STEP][PASSED] - if (i == 3 &amp;&amp; wildList.indexOf(symbol) != -1): null

2019-08-15 16:25:25 - [TEST_STEP][PASSED] - if (i == 4 &amp;&amp; wildList.indexOf(symbol) != -1): null

2019-08-15 16:25:25 - [TEST_STEP][PASSED] - symbol = symbol: null

2019-08-15 16:25:25 - [TEST_STEP][PASSED] - println(symbol): null

2019-08-15 16:25:25 - [TEST_STEP][PASSED] - if (i == 2 &amp;&amp; wildList.indexOf(symbol) != -1): null

2019-08-15 16:25:25 - [TEST_STEP][PASSED] - if (i == 3 &amp;&amp; wildList.indexOf(symbol) != -1): null

2019-08-15 16:25:25 - [TEST_STEP][PASSED] - if (i == 4 &amp;&amp; wildList.indexOf(symbol) != -1): null

2019-08-15 16:25:25 - [TEST_STEP][PASSED] - symbol = symbol: null

2019-08-15 16:25:25 - [TEST_STEP][PASSED] - println(symbol): null

2019-08-15 16:25:25 - [TEST_STEP][PASSED] - if (i == 2 &amp;&amp; wildList.indexOf(symbol) != -1): null

2019-08-15 16:25:25 - [TEST_STEP][PASSED] - if (i == 3 &amp;&amp; wildList.indexOf(symbol) != -1): null

2019-08-15 16:25:25 - [TEST_STEP][PASSED] - if (i == 4 &amp;&amp; wildList.indexOf(symbol) != -1): null

2019-08-15 16:25:25 - [TEST_STEP][PASSED] - symbols = symbols: null

2019-08-15 16:25:25 - [TEST_STEP][PASSED] - for ([j = 0, j &lt; symbols.size(), (j++)]): null

2019-08-15 16:25:25 - [TEST_STEP][PASSED] - symbol = symbol: null

2019-08-15 16:25:25 - [TEST_STEP][PASSED] - println(symbol): null

2019-08-15 16:25:25 - [TEST_STEP][PASSED] - if (i == 2 &amp;&amp; wildList.indexOf(symbol) != -1): null

2019-08-15 16:25:25 - [TEST_STEP][PASSED] - if (i == 3 &amp;&amp; wildList.indexOf(symbol) != -1): null

2019-08-15 16:25:25 - [TEST_STEP][PASSED] - if (i == 4 &amp;&amp; wildList.indexOf(symbol) != -1): null

2019-08-15 16:25:25 - [TEST_STEP][PASSED] - symbol = symbol: null

2019-08-15 16:25:25 - [TEST_STEP][PASSED] - println(symbol): null

2019-08-15 16:25:25 - [TEST_STEP][PASSED] - if (i == 2 &amp;&amp; wildList.indexOf(symbol) != -1): null

2019-08-15 16:25:25 - [TEST_STEP][PASSED] - println("wild found on reel 3, adding counter by 1"): null

2019-08-15 16:25:25 - [TEST_STEP][PASSED] - free_spin_reel_counter[0] = free_spin_reel_counter[0] + 1: null

2019-08-15 16:25:25 - [TEST_STEP][PASSED] - if (i == 3 &amp;&amp; wildList.indexOf(symbol) != -1): null

2019-08-15 16:25:25 - [TEST_STEP][PASSED] - if (i == 4 &amp;&amp; wildList.indexOf(symbol) != -1): null

2019-08-15 16:25:25 - [TEST_STEP][PASSED] - symbol = symbol: null

2019-08-15 16:25:25 - [TEST_STEP][PASSED] - println(symbol): null

2019-08-15 16:25:25 - [TEST_STEP][PASSED] - if (i == 2 &amp;&amp; wildList.indexOf(symbol) != -1): null

2019-08-15 16:25:25 - [TEST_STEP][PASSED] - if (i == 3 &amp;&amp; wildList.indexOf(symbol) != -1): null

2019-08-15 16:25:25 - [TEST_STEP][PASSED] - if (i == 4 &amp;&amp; wildList.indexOf(symbol) != -1): null

2019-08-15 16:25:25 - [TEST_STEP][PASSED] - symbols = symbols: null

2019-08-15 16:25:25 - [TEST_STEP][PASSED] - for ([j = 0, j &lt; symbols.size(), (j++)]): null

2019-08-15 16:25:25 - [TEST_STEP][PASSED] - symbol = symbol: null

2019-08-15 16:25:25 - [TEST_STEP][PASSED] - println(symbol): null

2019-08-15 16:25:25 - [TEST_STEP][PASSED] - if (i == 2 &amp;&amp; wildList.indexOf(symbol) != -1): null

2019-08-15 16:25:25 - [TEST_STEP][PASSED] - if (i == 3 &amp;&amp; wildList.indexOf(symbol) != -1): null

2019-08-15 16:25:25 - [TEST_STEP][PASSED] - if (i == 4 &amp;&amp; wildList.indexOf(symbol) != -1): null

2019-08-15 16:25:30 - [TEST_STEP][PASSED] - symbol = symbol: null

2019-08-15 16:25:30 - [TEST_STEP][PASSED] - println(symbol): null

2019-08-15 16:25:30 - [TEST_STEP][PASSED] - if (i == 2 &amp;&amp; wildList.indexOf(symbol) != -1): null

2019-08-15 16:25:30 - [TEST_STEP][PASSED] - if (i == 3 &amp;&amp; wildList.indexOf(symbol) != -1): null

2019-08-15 16:25:30 - [TEST_STEP][PASSED] - if (i == 4 &amp;&amp; wildList.indexOf(symbol) != -1): null

2019-08-15 16:25:30 - [TEST_STEP][PASSED] - symbol = symbol: null

2019-08-15 16:25:30 - [TEST_STEP][PASSED] - println(symbol): null

2019-08-15 16:25:30 - [TEST_STEP][PASSED] - if (i == 2 &amp;&amp; wildList.indexOf(symbol) != -1): null

2019-08-15 16:25:30 - [TEST_STEP][PASSED] - if (i == 3 &amp;&amp; wildList.indexOf(symbol) != -1): null

2019-08-15 16:25:30 - [TEST_STEP][PASSED] - if (i == 4 &amp;&amp; wildList.indexOf(symbol) != -1): null

2019-08-15 16:25:30 - [TEST_STEP][PASSED] - symbols = symbols: null

2019-08-15 16:25:30 - [TEST_STEP][PASSED] - for ([j = 0, j &lt; symbols.size(), (j++)]): null

2019-08-15 16:25:30 - [TEST_STEP][PASSED] - symbol = symbol: null

2019-08-15 16:25:30 - [TEST_STEP][PASSED] - println(symbol): null

2019-08-15 16:25:30 - [TEST_STEP][PASSED] - if (i == 2 &amp;&amp; wildList.indexOf(symbol) != -1): null

2019-08-15 16:25:30 - [TEST_STEP][PASSED] - if (i == 3 &amp;&amp; wildList.indexOf(symbol) != -1): null

2019-08-15 16:25:30 - [TEST_STEP][PASSED] - if (i == 4 &amp;&amp; wildList.indexOf(symbol) != -1): null

2019-08-15 16:25:30 - [TEST_STEP][PASSED] - symbol = symbol: null

2019-08-15 16:25:30 - [TEST_STEP][PASSED] - println(symbol): null

2019-08-15 16:25:30 - [TEST_STEP][PASSED] - if (i == 2 &amp;&amp; wildList.indexOf(symbol) != -1): null

2019-08-15 16:25:30 - [TEST_STEP][PASSED] - if (i == 3 &amp;&amp; wildList.indexOf(symbol) != -1): null

2019-08-15 16:25:30 - [TEST_STEP][PASSED] - if (i == 4 &amp;&amp; wildList.indexOf(symbol) != -1): null

2019-08-15 16:25:30 - [TEST_STEP][PASSED] - symbol = symbol: null

2019-08-15 16:25:30 - [TEST_STEP][PASSED] - println(symbol): null

2019-08-15 16:25:30 - [TEST_STEP][PASSED] - if (i == 2 &amp;&amp; wildList.indexOf(symbol) != -1): null

2019-08-15 16:25:30 - [TEST_STEP][PASSED] - if (i == 3 &amp;&amp; wildList.indexOf(symbol) != -1): null

2019-08-15 16:25:30 - [TEST_STEP][PASSED] - if (i == 4 &amp;&amp; wildList.indexOf(symbol) != -1): null

2019-08-15 16:25:30 - [TEST_STEP][PASSED] - free_spin_reel_counter = free_spin_reel_counter: null

2019-08-15 16:25:30 - [TEST_STEP][PASSED] - println("reel 3 wild found: " + free_spin_reel_counter[0]): null

2019-08-15 16:25:30 - [TEST_STEP][PASSED] - println("reel 4 wild found: " + free_spin_reel_counter[1]): null

2019-08-15 16:25:30 - [TEST_STEP][PASSED] - println("reel 5 wild found: " + free_spin_reel_counter[2]): null

2019-08-15 16:25:30 - [TEST_STEP][PASSED] - M4_spin_reels = M4_spin_reels: null

2019-08-15 16:25:30 - [TEST_STEP][PASSED] - M4_spin_reels_symbols = symbol: null

2019-08-15 16:25:30 - [TEST_STEP][PASSED] - M4_spin_reels_symbols = M4_spin_reels_symbols: null

2019-08-15 16:25:30 - [TEST_STEP][PASSED] - M4_spin_reel_wins = reel_wins: null

2019-08-15 16:25:30 - [TEST_STEP][PASSED] - M4_spin_reel_wins = M4_spin_reel_wins: null

2019-08-15 16:25:30 - [TEST_STEP][PASSED] - println("GlobalVariable.M4_spin_reel_wins is: " + M4_spin_reel_wins): null

2019-08-15 16:25:30 - [TEST_STEP][PASSED] - M4_spin_total_bonus_win_this_round = total_bonus_win_this_round: null

2019-08-15 16:25:30 - [TEST_STEP][PASSED] - M4_spin_total_bonus_win_this_round = M4_spin_total_bonus_win_this_round: null

2019-08-15 16:25:30 - [TEST_STEP][PASSED] - println("GlobalVariable.M4_spin_total_bonus_win_this_round is: " + M4_spin_total_bonus_win_this_round): null

2019-08-15 16:25:30 - [MESSAGE][PASSED] - Verify response successfully

2019-08-15 16:25:30 - [MESSAGE][PASSED] - Send request and verify the response successfully

2019-08-15 16:25:30 - [TEST_STEP][PASSED] - if (M4_total_bonus_spins_int != 0 &amp;&amp; M4_spin_reels_symbols[2].contains("WILD_Normal") || M4_spin_reels_symbols[3].contains("WILD_Normal") || M4_spin_reels_symbols[4].contains("WILD_Normal")): null

2019-08-15 16:25:30 - [TEST_STEP][PASSED] - free_spin_reel_counter = free_spin_reel_counter: null

2019-08-15 16:25:30 - [TEST_STEP][PASSED] - M4_spin_reels_symbols = M4_spin_reels_symbols: null

2019-08-15 16:25:30 - [TEST_STEP][PASSED] - M4_total_bonus_spins = M4_total_bonus_spins: null

2019-08-15 16:25:30 - [TEST_STEP][PASSED] - spin_result = sendRequestAndVerify(findTestObject("STG/RGS(M4)/1_M4_spin", ["M4_login_user_id":M4_login_user_id, "rgs_session_token":rgs_session_token, "partner":Partner])): Send request and verify the response successfully

2019-08-15 16:25:30 - [TEST_CASE][PASSED] - Start Test Case : Verification: Verification accomplished successfully

2019-08-15 16:25:30 - [TEST_STEP][PASSED] - request = getInstance().getCurrentRequest(): null

2019-08-15 16:25:30 - [TEST_STEP][PASSED] - response = getInstance().getCurrentResponse(): null

2019-08-15 16:25:30 - [TEST_STEP][PASSED] - verifyResponseStatusCode(response, 200): Verify response status code successfully

2019-08-15 16:25:30 - [MESSAGE][PASSED] - Verify response status code successfully

2019-08-15 16:25:30 - [TEST_STEP][PASSED] - getStatusCode()).isEqualTo(200): null

2019-08-15 16:25:30 - [TEST_STEP][PASSED] - newline = System.getProperty("line.separator"): null

2019-08-15 16:25:30 - [TEST_STEP][PASSED] - M4_spin = new groovy.json.JsonSlurper(): null

2019-08-15 16:25:30 - [TEST_STEP][PASSED] - result_M4_spin = M4_spin.parseText(response.getResponseBodyContent()): null

2019-08-15 16:25:30 - [TEST_STEP][PASSED] - M4_spin_current_balance = current_balance: null

2019-08-15 16:25:30 - [TEST_STEP][PASSED] - M4_spin_current_balance = M4_spin_current_balance: null

2019-08-15 16:25:30 - [TEST_STEP][PASSED] - M4_spin_transaction_id = causality: null

2019-08-15 16:25:30 - [TEST_STEP][PASSED] - M4_spin_transaction_id = M4_spin_transaction_id: null

2019-08-15 16:25:30 - [TEST_STEP][PASSED] - M4_spin_round_id = round_id: null

2019-08-15 16:25:30 - [TEST_STEP][PASSED] - M4_spin_round_id = M4_spin_round_id: null

2019-08-15 16:25:30 - [TEST_STEP][PASSED] - M4_spin_line_wins = line_wins: null

2019-08-15 16:25:30 - [TEST_STEP][PASSED] - M4_spin_line_wins = M4_spin_line_wins: null

2019-08-15 16:25:30 - [TEST_STEP][PASSED] - M4_total_bonus_spins_int = total_bonus_spins: null

2019-08-15 16:25:30 - [TEST_STEP][PASSED] - println("******M4_total_bonus_spins type is:*******" + newline + getClass().getName()): null

2019-08-15 16:25:30 - [TEST_STEP][PASSED] - M4_total_bonus_spins_int = M4_total_bonus_spins_int: null

2019-08-15 16:25:30 - [TEST_STEP][PASSED] - M4_total_bonus_spins = Integer.toString(M4_total_bonus_spins_int): null

2019-08-15 16:25:30 - [TEST_STEP][PASSED] - M4_total_bonus_spins = M4_total_bonus_spins: null

2019-08-15 16:25:30 - [TEST_STEP][PASSED] - println("M4_total_bonus_spins is:" + M4_total_bonus_spins): null

2019-08-15 16:25:30 - [TEST_STEP][PASSED] - M4_spin_bonus_data = bonus_data: null

2019-08-15 16:25:30 - [TEST_STEP][PASSED] - M4_spin_features_triggered = result_M4_spin: null

2019-08-15 16:25:30 - [TEST_STEP][PASSED] - wild = []: null

2019-08-15 16:25:30 - [TEST_STEP][PASSED] - wild[0] = "WILD_Expanding": null

2019-08-15 16:25:30 - [TEST_STEP][PASSED] - wild[1] = "WILD_Normal": null

2019-08-15 16:25:30 - [TEST_STEP][PASSED] - wild[2] = "WILD_Double": null

2019-08-15 16:25:30 - [TEST_STEP][PASSED] - wild[3] = "WILD_ExtraFG": null

2019-08-15 16:25:30 - [TEST_STEP][PASSED] - wild[4] = "WILD_Triple": null

2019-08-15 16:25:30 - [TEST_STEP][PASSED] - wildList = Arrays.asList(wild): null

2019-08-15 16:25:30 - [TEST_STEP][PASSED] - wildList = wildList: null

2019-08-15 16:25:30 - [TEST_STEP][PASSED] - free_spin_reel_counter = []: null

2019-08-15 16:25:30 - [TEST_STEP][PASSED] - free_spin_reel_counter[0] = 0: null

2019-08-15 16:25:30 - [TEST_STEP][PASSED] - free_spin_reel_counter[1] = 0: null

2019-08-15 16:25:30 - [TEST_STEP][PASSED] - free_spin_reel_counter[2] = 0: null

2019-08-15 16:25:30 - [TEST_STEP][PASSED] - M4_spin_reels = reels: null

2019-08-15 16:25:30 - [TEST_STEP][PASSED] - for ([i = 0, i &lt; M4_spin_reels.size(), (i++)]): null

2019-08-15 16:25:30 - [TEST_STEP][PASSED] - symbols = symbols: null

2019-08-15 16:25:30 - [TEST_STEP][PASSED] - for ([j = 0, j &lt; symbols.size(), (j++)]): null

2019-08-15 16:25:30 - [TEST_STEP][PASSED] - symbol = symbol: null

2019-08-15 16:25:30 - [TEST_STEP][PASSED] - println(symbol): null

2019-08-15 16:25:30 - [TEST_STEP][PASSED] - if (i == 2 &amp;&amp; wildList.indexOf(symbol) != -1): null

2019-08-15 16:25:30 - [TEST_STEP][PASSED] - if (i == 3 &amp;&amp; wildList.indexOf(symbol) != -1): null

2019-08-15 16:25:30 - [TEST_STEP][PASSED] - if (i == 4 &amp;&amp; wildList.indexOf(symbol) != -1): null

2019-08-15 16:25:30 - [TEST_STEP][PASSED] - symbol = symbol: null

2019-08-15 16:25:30 - [TEST_STEP][PASSED] - println(symbol): null

2019-08-15 16:25:30 - [TEST_STEP][PASSED] - if (i == 2 &amp;&amp; wildList.indexOf(symbol) != -1): null

2019-08-15 16:25:30 - [TEST_STEP][PASSED] - if (i == 3 &amp;&amp; wildList.indexOf(symbol) != -1): null

2019-08-15 16:25:30 - [TEST_STEP][PASSED] - if (i == 4 &amp;&amp; wildList.indexOf(symbol) != -1): null

2019-08-15 16:25:30 - [TEST_STEP][PASSED] - symbol = symbol: null

2019-08-15 16:25:30 - [TEST_STEP][PASSED] - println(symbol): null

2019-08-15 16:25:30 - [TEST_STEP][PASSED] - if (i == 2 &amp;&amp; wildList.indexOf(symbol) != -1): null

2019-08-15 16:25:30 - [TEST_STEP][PASSED] - if (i == 3 &amp;&amp; wildList.indexOf(symbol) != -1): null

2019-08-15 16:25:30 - [TEST_STEP][PASSED] - if (i == 4 &amp;&amp; wildList.indexOf(symbol) != -1): null

2019-08-15 16:25:30 - [TEST_STEP][PASSED] - symbols = symbols: null

2019-08-15 16:25:30 - [TEST_STEP][PASSED] - for ([j = 0, j &lt; symbols.size(), (j++)]): null

2019-08-15 16:25:30 - [TEST_STEP][PASSED] - symbol = symbol: null

2019-08-15 16:25:30 - [TEST_STEP][PASSED] - println(symbol): null

2019-08-15 16:25:30 - [TEST_STEP][PASSED] - if (i == 2 &amp;&amp; wildList.indexOf(symbol) != -1): null

2019-08-15 16:25:30 - [TEST_STEP][PASSED] - if (i == 3 &amp;&amp; wildList.indexOf(symbol) != -1): null

2019-08-15 16:25:30 - [TEST_STEP][PASSED] - if (i == 4 &amp;&amp; wildList.indexOf(symbol) != -1): null

2019-08-15 16:25:30 - [TEST_STEP][PASSED] - symbol = symbol: null

2019-08-15 16:25:30 - [TEST_STEP][PASSED] - println(symbol): null

2019-08-15 16:25:30 - [TEST_STEP][PASSED] - if (i == 2 &amp;&amp; wildList.indexOf(symbol) != -1): null

2019-08-15 16:25:30 - [TEST_STEP][PASSED] - if (i == 3 &amp;&amp; wildList.indexOf(symbol) != -1): null

2019-08-15 16:25:30 - [TEST_STEP][PASSED] - if (i == 4 &amp;&amp; wildList.indexOf(symbol) != -1): null

2019-08-15 16:25:30 - [TEST_STEP][PASSED] - symbol = symbol: null

2019-08-15 16:25:30 - [TEST_STEP][PASSED] - println(symbol): null

2019-08-15 16:25:30 - [TEST_STEP][PASSED] - if (i == 2 &amp;&amp; wildList.indexOf(symbol) != -1): null

2019-08-15 16:25:30 - [TEST_STEP][PASSED] - if (i == 3 &amp;&amp; wildList.indexOf(symbol) != -1): null

2019-08-15 16:25:30 - [TEST_STEP][PASSED] - if (i == 4 &amp;&amp; wildList.indexOf(symbol) != -1): null

2019-08-15 16:25:30 - [TEST_STEP][PASSED] - symbols = symbols: null

2019-08-15 16:25:30 - [TEST_STEP][PASSED] - for ([j = 0, j &lt; symbols.size(), (j++)]): null

2019-08-15 16:25:30 - [TEST_STEP][PASSED] - symbol = symbol: null

2019-08-15 16:25:30 - [TEST_STEP][PASSED] - println(symbol): null

2019-08-15 16:25:30 - [TEST_STEP][PASSED] - if (i == 2 &amp;&amp; wildList.indexOf(symbol) != -1): null

2019-08-15 16:25:30 - [TEST_STEP][PASSED] - if (i == 3 &amp;&amp; wildList.indexOf(symbol) != -1): null

2019-08-15 16:25:30 - [TEST_STEP][PASSED] - if (i == 4 &amp;&amp; wildList.indexOf(symbol) != -1): null

2019-08-15 16:25:30 - [TEST_STEP][PASSED] - symbol = symbol: null

2019-08-15 16:25:30 - [TEST_STEP][PASSED] - println(symbol): null

2019-08-15 16:25:30 - [TEST_STEP][PASSED] - if (i == 2 &amp;&amp; wildList.indexOf(symbol) != -1): null

2019-08-15 16:25:30 - [TEST_STEP][PASSED] - if (i == 3 &amp;&amp; wildList.indexOf(symbol) != -1): null

2019-08-15 16:25:30 - [TEST_STEP][PASSED] - if (i == 4 &amp;&amp; wildList.indexOf(symbol) != -1): null

2019-08-15 16:25:30 - [TEST_STEP][PASSED] - symbol = symbol: null

2019-08-15 16:25:30 - [TEST_STEP][PASSED] - println(symbol): null

2019-08-15 16:25:30 - [TEST_STEP][PASSED] - if (i == 2 &amp;&amp; wildList.indexOf(symbol) != -1): null

2019-08-15 16:25:30 - [TEST_STEP][PASSED] - println("wild found on reel 3, adding counter by 1"): null

2019-08-15 16:25:30 - [TEST_STEP][PASSED] - free_spin_reel_counter[0] = free_spin_reel_counter[0] + 1: null

2019-08-15 16:25:30 - [TEST_STEP][PASSED] - if (i == 3 &amp;&amp; wildList.indexOf(symbol) != -1): null

2019-08-15 16:25:30 - [TEST_STEP][PASSED] - if (i == 4 &amp;&amp; wildList.indexOf(symbol) != -1): null

2019-08-15 16:25:30 - [TEST_STEP][PASSED] - symbols = symbols: null

2019-08-15 16:25:30 - [TEST_STEP][PASSED] - for ([j = 0, j &lt; symbols.size(), (j++)]): null

2019-08-15 16:25:30 - [TEST_STEP][PASSED] - symbol = symbol: null

2019-08-15 16:25:30 - [TEST_STEP][PASSED] - println(symbol): null

2019-08-15 16:25:30 - [TEST_STEP][PASSED] - if (i == 2 &amp;&amp; wildList.indexOf(symbol) != -1): null

2019-08-15 16:25:30 - [TEST_STEP][PASSED] - if (i == 3 &amp;&amp; wildList.indexOf(symbol) != -1): null

2019-08-15 16:25:30 - [TEST_STEP][PASSED] - if (i == 4 &amp;&amp; wildList.indexOf(symbol) != -1): null

2019-08-15 16:25:30 - [TEST_STEP][PASSED] - symbol = symbol: null

2019-08-15 16:25:30 - [TEST_STEP][PASSED] - println(symbol): null

2019-08-15 16:25:30 - [TEST_STEP][PASSED] - if (i == 2 &amp;&amp; wildList.indexOf(symbol) != -1): null

2019-08-15 16:25:30 - [TEST_STEP][PASSED] - if (i == 3 &amp;&amp; wildList.indexOf(symbol) != -1): null

2019-08-15 16:25:30 - [TEST_STEP][PASSED] - if (i == 4 &amp;&amp; wildList.indexOf(symbol) != -1): null

2019-08-15 16:25:30 - [TEST_STEP][PASSED] - symbol = symbol: null

2019-08-15 16:25:30 - [TEST_STEP][PASSED] - println(symbol): null

2019-08-15 16:25:30 - [TEST_STEP][PASSED] - if (i == 2 &amp;&amp; wildList.indexOf(symbol) != -1): null

2019-08-15 16:25:30 - [TEST_STEP][PASSED] - if (i == 3 &amp;&amp; wildList.indexOf(symbol) != -1): null

2019-08-15 16:25:30 - [TEST_STEP][PASSED] - if (i == 4 &amp;&amp; wildList.indexOf(symbol) != -1): null

2019-08-15 16:25:30 - [TEST_STEP][PASSED] - symbols = symbols: null

2019-08-15 16:25:30 - [TEST_STEP][PASSED] - for ([j = 0, j &lt; symbols.size(), (j++)]): null

2019-08-15 16:25:30 - [TEST_STEP][PASSED] - symbol = symbol: null

2019-08-15 16:25:30 - [TEST_STEP][PASSED] - println(symbol): null

2019-08-15 16:25:30 - [TEST_STEP][PASSED] - if (i == 2 &amp;&amp; wildList.indexOf(symbol) != -1): null

2019-08-15 16:25:30 - [TEST_STEP][PASSED] - if (i == 3 &amp;&amp; wildList.indexOf(symbol) != -1): null

2019-08-15 16:25:30 - [TEST_STEP][PASSED] - if (i == 4 &amp;&amp; wildList.indexOf(symbol) != -1): null

2019-08-15 16:25:30 - [TEST_STEP][PASSED] - symbol = symbol: null

2019-08-15 16:25:30 - [TEST_STEP][PASSED] - println(symbol): null

2019-08-15 16:25:30 - [TEST_STEP][PASSED] - if (i == 2 &amp;&amp; wildList.indexOf(symbol) != -1): null

2019-08-15 16:25:30 - [TEST_STEP][PASSED] - if (i == 3 &amp;&amp; wildList.indexOf(symbol) != -1): null

2019-08-15 16:25:30 - [TEST_STEP][PASSED] - if (i == 4 &amp;&amp; wildList.indexOf(symbol) != -1): null

2019-08-15 16:25:30 - [TEST_STEP][PASSED] - symbol = symbol: null

2019-08-15 16:25:30 - [TEST_STEP][PASSED] - println(symbol): null

2019-08-15 16:25:30 - [TEST_STEP][PASSED] - if (i == 2 &amp;&amp; wildList.indexOf(symbol) != -1): null

2019-08-15 16:25:30 - [TEST_STEP][PASSED] - if (i == 3 &amp;&amp; wildList.indexOf(symbol) != -1): null

2019-08-15 16:25:30 - [TEST_STEP][PASSED] - if (i == 4 &amp;&amp; wildList.indexOf(symbol) != -1): null

2019-08-15 16:25:30 - [TEST_STEP][PASSED] - free_spin_reel_counter = free_spin_reel_counter: null

2019-08-15 16:25:30 - [TEST_STEP][PASSED] - println("reel 3 wild found: " + free_spin_reel_counter[0]): null

2019-08-15 16:25:30 - [TEST_STEP][PASSED] - println("reel 4 wild found: " + free_spin_reel_counter[1]): null

2019-08-15 16:25:30 - [TEST_STEP][PASSED] - println("reel 5 wild found: " + free_spin_reel_counter[2]): null

2019-08-15 16:25:30 - [TEST_STEP][PASSED] - M4_spin_reels = M4_spin_reels: null

2019-08-15 16:25:30 - [TEST_STEP][PASSED] - M4_spin_reels_symbols = symbol: null

2019-08-15 16:25:30 - [TEST_STEP][PASSED] - M4_spin_reels_symbols = M4_spin_reels_symbols: null

2019-08-15 16:25:30 - [TEST_STEP][PASSED] - M4_spin_reel_wins = reel_wins: null

2019-08-15 16:25:30 - [TEST_STEP][PASSED] - M4_spin_reel_wins = M4_spin_reel_wins: null

2019-08-15 16:25:30 - [TEST_STEP][PASSED] - println("GlobalVariable.M4_spin_reel_wins is: " + M4_spin_reel_wins): null

2019-08-15 16:25:30 - [TEST_STEP][PASSED] - M4_spin_total_bonus_win_this_round = total_bonus_win_this_round: null

2019-08-15 16:25:30 - [TEST_STEP][PASSED] - M4_spin_total_bonus_win_this_round = M4_spin_total_bonus_win_this_round: null

2019-08-15 16:25:30 - [TEST_STEP][PASSED] - println("GlobalVariable.M4_spin_total_bonus_win_this_round is: " + M4_spin_total_bonus_win_this_round): null

2019-08-15 16:25:30 - [MESSAGE][PASSED] - Verify response successfully

2019-08-15 16:25:30 - [MESSAGE][PASSED] - Send request and verify the response successfully

2019-08-15 16:25:30 - [TEST_STEP][PASSED] - if (M4_total_bonus_spins_int != 0 &amp;&amp; M4_spin_reels_symbols[2].contains("WILD_Normal") || M4_spin_reels_symbols[3].contains("WILD_Normal") || M4_spin_reels_symbols[4].contains("WILD_Normal")): null

2019-08-15 16:25:30 - [TEST_STEP][PASSED] - free_spin_reel_counter = free_spin_reel_counter: null

2019-08-15 16:25:30 - [TEST_STEP][PASSED] - M4_spin_reels_symbols = M4_spin_reels_symbols: null

2019-08-15 16:25:30 - [TEST_STEP][PASSED] - M4_total_bonus_spins = M4_total_bonus_spins: null

2019-08-15 16:25:30 - [TEST_STEP][PASSED] - spin_result = sendRequestAndVerify(findTestObject("STG/RGS(M4)/1_M4_spin", ["M4_login_user_id":M4_login_user_id, "rgs_session_token":rgs_session_token, "partner":Partner])): Send request and verify the response successfully

2019-08-15 16:25:30 - [TEST_CASE][PASSED] - Start Test Case : Verification: Verification accomplished successfully

2019-08-15 16:25:30 - [TEST_STEP][PASSED] - request = getInstance().getCurrentRequest(): null

2019-08-15 16:25:30 - [TEST_STEP][PASSED] - response = getInstance().getCurrentResponse(): null

2019-08-15 16:25:30 - [TEST_STEP][PASSED] - verifyResponseStatusCode(response, 200): Verify response status code successfully

2019-08-15 16:25:30 - [MESSAGE][PASSED] - Verify response status code successfully

2019-08-15 16:25:30 - [TEST_STEP][PASSED] - getStatusCode()).isEqualTo(200): null

2019-08-15 16:25:30 - [TEST_STEP][PASSED] - newline = System.getProperty("line.separator"): null

2019-08-15 16:25:30 - [TEST_STEP][PASSED] - M4_spin = new groovy.json.JsonSlurper(): null

2019-08-15 16:25:30 - [TEST_STEP][PASSED] - result_M4_spin = M4_spin.parseText(response.getResponseBodyContent()): null

2019-08-15 16:25:30 - [TEST_STEP][PASSED] - M4_spin_current_balance = current_balance: null

2019-08-15 16:25:30 - [TEST_STEP][PASSED] - M4_spin_current_balance = M4_spin_current_balance: null

2019-08-15 16:25:30 - [TEST_STEP][PASSED] - M4_spin_transaction_id = causality: null

2019-08-15 16:25:30 - [TEST_STEP][PASSED] - M4_spin_transaction_id = M4_spin_transaction_id: null

2019-08-15 16:25:30 - [TEST_STEP][PASSED] - M4_spin_round_id = round_id: null

2019-08-15 16:25:30 - [TEST_STEP][PASSED] - M4_spin_round_id = M4_spin_round_id: null

2019-08-15 16:25:30 - [TEST_STEP][PASSED] - M4_spin_line_wins = line_wins: null

2019-08-15 16:25:30 - [TEST_STEP][PASSED] - M4_spin_line_wins = M4_spin_line_wins: null

2019-08-15 16:25:30 - [TEST_STEP][PASSED] - M4_total_bonus_spins_int = total_bonus_spins: null

2019-08-15 16:25:30 - [TEST_STEP][PASSED] - println("******M4_total_bonus_spins type is:*******" + newline + getClass().getName()): null

2019-08-15 16:25:30 - [TEST_STEP][PASSED] - M4_total_bonus_spins_int = M4_total_bonus_spins_int: null

2019-08-15 16:25:30 - [TEST_STEP][PASSED] - M4_total_bonus_spins = Integer.toString(M4_total_bonus_spins_int): null

2019-08-15 16:25:30 - [TEST_STEP][PASSED] - M4_total_bonus_spins = M4_total_bonus_spins: null

2019-08-15 16:25:30 - [TEST_STEP][PASSED] - println("M4_total_bonus_spins is:" + M4_total_bonus_spins): null

2019-08-15 16:25:30 - [TEST_STEP][PASSED] - M4_spin_bonus_data = bonus_data: null

2019-08-15 16:25:30 - [TEST_STEP][PASSED] - M4_spin_features_triggered = result_M4_spin: null

2019-08-15 16:25:30 - [TEST_STEP][PASSED] - wild = []: null

2019-08-15 16:25:30 - [TEST_STEP][PASSED] - wild[0] = "WILD_Expanding": null

2019-08-15 16:25:30 - [TEST_STEP][PASSED] - wild[1] = "WILD_Normal": null

2019-08-15 16:25:30 - [TEST_STEP][PASSED] - wild[2] = "WILD_Double": null

2019-08-15 16:25:30 - [TEST_STEP][PASSED] - wild[3] = "WILD_ExtraFG": null

2019-08-15 16:25:30 - [TEST_STEP][PASSED] - wild[4] = "WILD_Triple": null

2019-08-15 16:25:30 - [TEST_STEP][PASSED] - wildList = Arrays.asList(wild): null

2019-08-15 16:25:30 - [TEST_STEP][PASSED] - wildList = wildList: null

2019-08-15 16:25:30 - [TEST_STEP][PASSED] - free_spin_reel_counter = []: null

2019-08-15 16:25:30 - [TEST_STEP][PASSED] - free_spin_reel_counter[0] = 0: null

2019-08-15 16:25:30 - [TEST_STEP][PASSED] - free_spin_reel_counter[1] = 0: null

2019-08-15 16:25:30 - [TEST_STEP][PASSED] - free_spin_reel_counter[2] = 0: null

2019-08-15 16:25:30 - [TEST_STEP][PASSED] - M4_spin_reels = reels: null

2019-08-15 16:25:30 - [TEST_STEP][PASSED] - for ([i = 0, i &lt; M4_spin_reels.size(), (i++)]): null

2019-08-15 16:25:30 - [TEST_STEP][PASSED] - symbols = symbols: null

2019-08-15 16:25:30 - [TEST_STEP][PASSED] - for ([j = 0, j &lt; symbols.size(), (j++)]): null

2019-08-15 16:25:30 - [TEST_STEP][PASSED] - symbol = symbol: null

2019-08-15 16:25:30 - [TEST_STEP][PASSED] - println(symbol): null

2019-08-15 16:25:30 - [TEST_STEP][PASSED] - if (i == 2 &amp;&amp; wildList.indexOf(symbol) != -1): null

2019-08-15 16:25:30 - [TEST_STEP][PASSED] - if (i == 3 &amp;&amp; wildList.indexOf(symbol) != -1): null

2019-08-15 16:25:30 - [TEST_STEP][PASSED] - if (i == 4 &amp;&amp; wildList.indexOf(symbol) != -1): null

2019-08-15 16:25:30 - [TEST_STEP][PASSED] - symbol = symbol: null

2019-08-15 16:25:30 - [TEST_STEP][PASSED] - println(symbol): null

2019-08-15 16:25:30 - [TEST_STEP][PASSED] - if (i == 2 &amp;&amp; wildList.indexOf(symbol) != -1): null

2019-08-15 16:25:30 - [TEST_STEP][PASSED] - if (i == 3 &amp;&amp; wildList.indexOf(symbol) != -1): null

2019-08-15 16:25:30 - [TEST_STEP][PASSED] - if (i == 4 &amp;&amp; wildList.indexOf(symbol) != -1): null

2019-08-15 16:25:30 - [TEST_STEP][PASSED] - symbol = symbol: null

2019-08-15 16:25:30 - [TEST_STEP][PASSED] - println(symbol): null

2019-08-15 16:25:30 - [TEST_STEP][PASSED] - if (i == 2 &amp;&amp; wildList.indexOf(symbol) != -1): null

2019-08-15 16:25:30 - [TEST_STEP][PASSED] - if (i == 3 &amp;&amp; wildList.indexOf(symbol) != -1): null

2019-08-15 16:25:30 - [TEST_STEP][PASSED] - if (i == 4 &amp;&amp; wildList.indexOf(symbol) != -1): null

2019-08-15 16:25:30 - [TEST_STEP][PASSED] - symbols = symbols: null

2019-08-15 16:25:30 - [TEST_STEP][PASSED] - for ([j = 0, j &lt; symbols.size(), (j++)]): null

2019-08-15 16:25:30 - [TEST_STEP][PASSED] - symbol = symbol: null

2019-08-15 16:25:30 - [TEST_STEP][PASSED] - println(symbol): null

2019-08-15 16:25:30 - [TEST_STEP][PASSED] - if (i == 2 &amp;&amp; wildList.indexOf(symbol) != -1): null

2019-08-15 16:25:30 - [TEST_STEP][PASSED] - if (i == 3 &amp;&amp; wildList.indexOf(symbol) != -1): null

2019-08-15 16:25:30 - [TEST_STEP][PASSED] - if (i == 4 &amp;&amp; wildList.indexOf(symbol) != -1): null

2019-08-15 16:25:30 - [TEST_STEP][PASSED] - symbol = symbol: null

2019-08-15 16:25:30 - [TEST_STEP][PASSED] - println(symbol): null

2019-08-15 16:25:30 - [TEST_STEP][PASSED] - if (i == 2 &amp;&amp; wildList.indexOf(symbol) != -1): null

2019-08-15 16:25:30 - [TEST_STEP][PASSED] - if (i == 3 &amp;&amp; wildList.indexOf(symbol) != -1): null

2019-08-15 16:25:30 - [TEST_STEP][PASSED] - if (i == 4 &amp;&amp; wildList.indexOf(symbol) != -1): null

2019-08-15 16:25:30 - [TEST_STEP][PASSED] - symbol = symbol: null

2019-08-15 16:25:30 - [TEST_STEP][PASSED] - println(symbol): null

2019-08-15 16:25:30 - [TEST_STEP][PASSED] - if (i == 2 &amp;&amp; wildList.indexOf(symbol) != -1): null

2019-08-15 16:25:30 - [TEST_STEP][PASSED] - if (i == 3 &amp;&amp; wildList.indexOf(symbol) != -1): null

2019-08-15 16:25:30 - [TEST_STEP][PASSED] - if (i == 4 &amp;&amp; wildList.indexOf(symbol) != -1): null

2019-08-15 16:25:30 - [TEST_STEP][PASSED] - symbols = symbols: null

2019-08-15 16:25:30 - [TEST_STEP][PASSED] - for ([j = 0, j &lt; symbols.size(), (j++)]): null

2019-08-15 16:25:30 - [TEST_STEP][PASSED] - symbol = symbol: null

2019-08-15 16:25:30 - [TEST_STEP][PASSED] - println(symbol): null

2019-08-15 16:25:30 - [TEST_STEP][PASSED] - if (i == 2 &amp;&amp; wildList.indexOf(symbol) != -1): null

2019-08-15 16:25:30 - [TEST_STEP][PASSED] - if (i == 3 &amp;&amp; wildList.indexOf(symbol) != -1): null

2019-08-15 16:25:30 - [TEST_STEP][PASSED] - if (i == 4 &amp;&amp; wildList.indexOf(symbol) != -1): null

2019-08-15 16:25:30 - [TEST_STEP][PASSED] - symbol = symbol: null

2019-08-15 16:25:30 - [TEST_STEP][PASSED] - println(symbol): null

2019-08-15 16:25:30 - [TEST_STEP][PASSED] - if (i == 2 &amp;&amp; wildList.indexOf(symbol) != -1): null

2019-08-15 16:25:30 - [TEST_STEP][PASSED] - if (i == 3 &amp;&amp; wildList.indexOf(symbol) != -1): null

2019-08-15 16:25:30 - [TEST_STEP][PASSED] - if (i == 4 &amp;&amp; wildList.indexOf(symbol) != -1): null

2019-08-15 16:25:30 - [TEST_STEP][PASSED] - symbol = symbol: null

2019-08-15 16:25:30 - [TEST_STEP][PASSED] - println(symbol): null

2019-08-15 16:25:30 - [TEST_STEP][PASSED] - if (i == 2 &amp;&amp; wildList.indexOf(symbol) != -1): null

2019-08-15 16:25:30 - [TEST_STEP][PASSED] - if (i == 3 &amp;&amp; wildList.indexOf(symbol) != -1): null

2019-08-15 16:25:30 - [TEST_STEP][PASSED] - if (i == 4 &amp;&amp; wildList.indexOf(symbol) != -1): null

2019-08-15 16:25:30 - [TEST_STEP][PASSED] - symbols = symbols: null

2019-08-15 16:25:30 - [TEST_STEP][PASSED] - for ([j = 0, j &lt; symbols.size(), (j++)]): null

2019-08-15 16:25:30 - [TEST_STEP][PASSED] - symbol = symbol: null

2019-08-15 16:25:30 - [TEST_STEP][PASSED] - println(symbol): null

2019-08-15 16:25:30 - [TEST_STEP][PASSED] - if (i == 2 &amp;&amp; wildList.indexOf(symbol) != -1): null

2019-08-15 16:25:30 - [TEST_STEP][PASSED] - if (i == 3 &amp;&amp; wildList.indexOf(symbol) != -1): null

2019-08-15 16:25:30 - [TEST_STEP][PASSED] - if (i == 4 &amp;&amp; wildList.indexOf(symbol) != -1): null

2019-08-15 16:25:30 - [TEST_STEP][PASSED] - symbol = symbol: null

2019-08-15 16:25:30 - [TEST_STEP][PASSED] - println(symbol): null

2019-08-15 16:25:30 - [TEST_STEP][PASSED] - if (i == 2 &amp;&amp; wildList.indexOf(symbol) != -1): null

2019-08-15 16:25:30 - [TEST_STEP][PASSED] - if (i == 3 &amp;&amp; wildList.indexOf(symbol) != -1): null

2019-08-15 16:25:30 - [TEST_STEP][PASSED] - if (i == 4 &amp;&amp; wildList.indexOf(symbol) != -1): null

2019-08-15 16:25:30 - [TEST_STEP][PASSED] - symbol = symbol: null

2019-08-15 16:25:30 - [TEST_STEP][PASSED] - println(symbol): null

2019-08-15 16:25:30 - [TEST_STEP][PASSED] - if (i == 2 &amp;&amp; wildList.indexOf(symbol) != -1): null

2019-08-15 16:25:30 - [TEST_STEP][PASSED] - if (i == 3 &amp;&amp; wildList.indexOf(symbol) != -1): null

2019-08-15 16:25:30 - [TEST_STEP][PASSED] - if (i == 4 &amp;&amp; wildList.indexOf(symbol) != -1): null

2019-08-15 16:25:30 - [TEST_STEP][PASSED] - symbols = symbols: null

2019-08-15 16:25:30 - [TEST_STEP][PASSED] - for ([j = 0, j &lt; symbols.size(), (j++)]): null

2019-08-15 16:25:30 - [TEST_STEP][PASSED] - symbol = symbol: null

2019-08-15 16:25:30 - [TEST_STEP][PASSED] - println(symbol): null

2019-08-15 16:25:30 - [TEST_STEP][PASSED] - if (i == 2 &amp;&amp; wildList.indexOf(symbol) != -1): null

2019-08-15 16:25:30 - [TEST_STEP][PASSED] - if (i == 3 &amp;&amp; wildList.indexOf(symbol) != -1): null

2019-08-15 16:25:30 - [TEST_STEP][PASSED] - if (i == 4 &amp;&amp; wildList.indexOf(symbol) != -1): null

2019-08-15 16:25:30 - [TEST_STEP][PASSED] - symbol = symbol: null

2019-08-15 16:25:30 - [TEST_STEP][PASSED] - println(symbol): null

2019-08-15 16:25:30 - [TEST_STEP][PASSED] - if (i == 2 &amp;&amp; wildList.indexOf(symbol) != -1): null

2019-08-15 16:25:30 - [TEST_STEP][PASSED] - if (i == 3 &amp;&amp; wildList.indexOf(symbol) != -1): null

2019-08-15 16:25:30 - [TEST_STEP][PASSED] - if (i == 4 &amp;&amp; wildList.indexOf(symbol) != -1): null

2019-08-15 16:25:30 - [TEST_STEP][PASSED] - println("wild found on reel 5, adding counter by 1"): null

2019-08-15 16:25:30 - [TEST_STEP][PASSED] - free_spin_reel_counter[2] = free_spin_reel_counter[2] + 1: null

2019-08-15 16:25:30 - [TEST_STEP][PASSED] - symbol = symbol: null

2019-08-15 16:25:30 - [TEST_STEP][PASSED] - println(symbol): null

2019-08-15 16:25:30 - [TEST_STEP][PASSED] - if (i == 2 &amp;&amp; wildList.indexOf(symbol) != -1): null

2019-08-15 16:25:30 - [TEST_STEP][PASSED] - if (i == 3 &amp;&amp; wildList.indexOf(symbol) != -1): null

2019-08-15 16:25:30 - [TEST_STEP][PASSED] - if (i == 4 &amp;&amp; wildList.indexOf(symbol) != -1): null

2019-08-15 16:25:31 - [TEST_STEP][PASSED] - free_spin_reel_counter = free_spin_reel_counter: null

2019-08-15 16:25:31 - [TEST_STEP][PASSED] - println("reel 3 wild found: " + free_spin_reel_counter[0]): null

2019-08-15 16:25:35 - [TEST_STEP][PASSED] - println("reel 4 wild found: " + free_spin_reel_counter[1]): null

2019-08-15 16:25:35 - [TEST_STEP][PASSED] - println("reel 5 wild found: " + free_spin_reel_counter[2]): null

2019-08-15 16:25:35 - [TEST_STEP][PASSED] - M4_spin_reels = M4_spin_reels: null

2019-08-15 16:25:35 - [TEST_STEP][PASSED] - M4_spin_reels_symbols = symbol: null

2019-08-15 16:25:35 - [TEST_STEP][PASSED] - M4_spin_reels_symbols = M4_spin_reels_symbols: null

2019-08-15 16:25:35 - [TEST_STEP][PASSED] - M4_spin_reel_wins = reel_wins: null

2019-08-15 16:25:35 - [TEST_STEP][PASSED] - M4_spin_reel_wins = M4_spin_reel_wins: null

2019-08-15 16:25:35 - [TEST_STEP][PASSED] - println("GlobalVariable.M4_spin_reel_wins is: " + M4_spin_reel_wins): null

2019-08-15 16:25:35 - [TEST_STEP][PASSED] - M4_spin_total_bonus_win_this_round = total_bonus_win_this_round: null

2019-08-15 16:25:35 - [TEST_STEP][PASSED] - M4_spin_total_bonus_win_this_round = M4_spin_total_bonus_win_this_round: null

2019-08-15 16:25:35 - [TEST_STEP][PASSED] - println("GlobalVariable.M4_spin_total_bonus_win_this_round is: " + M4_spin_total_bonus_win_this_round): null

2019-08-15 16:25:35 - [MESSAGE][PASSED] - Verify response successfully

2019-08-15 16:25:35 - [MESSAGE][PASSED] - Send request and verify the response successfully

2019-08-15 16:25:35 - [TEST_STEP][PASSED] - if (M4_total_bonus_spins_int != 0 &amp;&amp; M4_spin_reels_symbols[2].contains("WILD_Normal") || M4_spin_reels_symbols[3].contains("WILD_Normal") || M4_spin_reels_symbols[4].contains("WILD_Normal")): null

2019-08-15 16:25:35 - [TEST_STEP][PASSED] - free_spin_reel_counter = free_spin_reel_counter: null

2019-08-15 16:25:35 - [TEST_STEP][PASSED] - M4_spin_reels_symbols = M4_spin_reels_symbols: null

2019-08-15 16:25:35 - [TEST_STEP][PASSED] - M4_total_bonus_spins = M4_total_bonus_spins: null

2019-08-15 16:25:35 - [TEST_STEP][PASSED] - spin_result = sendRequestAndVerify(findTestObject("STG/RGS(M4)/1_M4_spin", ["M4_login_user_id":M4_login_user_id, "rgs_session_token":rgs_session_token, "partner":Partner])): Send request and verify the response successfully

2019-08-15 16:25:35 - [TEST_CASE][PASSED] - Start Test Case : Verification: Verification accomplished successfully

2019-08-15 16:25:35 - [TEST_STEP][PASSED] - request = getInstance().getCurrentRequest(): null

2019-08-15 16:25:35 - [TEST_STEP][PASSED] - response = getInstance().getCurrentResponse(): null

2019-08-15 16:25:35 - [TEST_STEP][PASSED] - verifyResponseStatusCode(response, 200): Verify response status code successfully

2019-08-15 16:25:35 - [MESSAGE][PASSED] - Verify response status code successfully

2019-08-15 16:25:35 - [TEST_STEP][PASSED] - getStatusCode()).isEqualTo(200): null

2019-08-15 16:25:35 - [TEST_STEP][PASSED] - newline = System.getProperty("line.separator"): null

2019-08-15 16:25:35 - [TEST_STEP][PASSED] - M4_spin = new groovy.json.JsonSlurper(): null

2019-08-15 16:25:35 - [TEST_STEP][PASSED] - result_M4_spin = M4_spin.parseText(response.getResponseBodyContent()): null

2019-08-15 16:25:35 - [TEST_STEP][PASSED] - M4_spin_current_balance = current_balance: null

2019-08-15 16:25:35 - [TEST_STEP][PASSED] - M4_spin_current_balance = M4_spin_current_balance: null

2019-08-15 16:25:35 - [TEST_STEP][PASSED] - M4_spin_transaction_id = causality: null

2019-08-15 16:25:35 - [TEST_STEP][PASSED] - M4_spin_transaction_id = M4_spin_transaction_id: null

2019-08-15 16:25:35 - [TEST_STEP][PASSED] - M4_spin_round_id = round_id: null

2019-08-15 16:25:35 - [TEST_STEP][PASSED] - M4_spin_round_id = M4_spin_round_id: null

2019-08-15 16:25:35 - [TEST_STEP][PASSED] - M4_spin_line_wins = line_wins: null

2019-08-15 16:25:35 - [TEST_STEP][PASSED] - M4_spin_line_wins = M4_spin_line_wins: null

2019-08-15 16:25:35 - [TEST_STEP][PASSED] - M4_total_bonus_spins_int = total_bonus_spins: null

2019-08-15 16:25:35 - [TEST_STEP][PASSED] - println("******M4_total_bonus_spins type is:*******" + newline + getClass().getName()): null

2019-08-15 16:25:35 - [TEST_STEP][PASSED] - M4_total_bonus_spins_int = M4_total_bonus_spins_int: null

2019-08-15 16:25:35 - [TEST_STEP][PASSED] - M4_total_bonus_spins = Integer.toString(M4_total_bonus_spins_int): null

2019-08-15 16:25:35 - [TEST_STEP][PASSED] - M4_total_bonus_spins = M4_total_bonus_spins: null

2019-08-15 16:25:35 - [TEST_STEP][PASSED] - println("M4_total_bonus_spins is:" + M4_total_bonus_spins): null

2019-08-15 16:25:35 - [TEST_STEP][PASSED] - M4_spin_bonus_data = bonus_data: null

2019-08-15 16:25:35 - [TEST_STEP][PASSED] - M4_spin_features_triggered = result_M4_spin: null

2019-08-15 16:25:35 - [TEST_STEP][PASSED] - wild = []: null

2019-08-15 16:25:35 - [TEST_STEP][PASSED] - wild[0] = "WILD_Expanding": null

2019-08-15 16:25:35 - [TEST_STEP][PASSED] - wild[1] = "WILD_Normal": null

2019-08-15 16:25:35 - [TEST_STEP][PASSED] - wild[2] = "WILD_Double": null

2019-08-15 16:25:35 - [TEST_STEP][PASSED] - wild[3] = "WILD_ExtraFG": null

2019-08-15 16:25:35 - [TEST_STEP][PASSED] - wild[4] = "WILD_Triple": null

2019-08-15 16:25:35 - [TEST_STEP][PASSED] - wildList = Arrays.asList(wild): null

2019-08-15 16:25:36 - [TEST_STEP][PASSED] - wildList = wildList: null

2019-08-15 16:25:36 - [TEST_STEP][PASSED] - free_spin_reel_counter = []: null

2019-08-15 16:25:36 - [TEST_STEP][PASSED] - free_spin_reel_counter[0] = 0: null

2019-08-15 16:25:36 - [TEST_STEP][PASSED] - free_spin_reel_counter[1] = 0: null

2019-08-15 16:25:36 - [TEST_STEP][PASSED] - free_spin_reel_counter[2] = 0: null

2019-08-15 16:25:36 - [TEST_STEP][PASSED] - M4_spin_reels = reels: null

2019-08-15 16:25:36 - [TEST_STEP][PASSED] - for ([i = 0, i &lt; M4_spin_reels.size(), (i++)]): null

2019-08-15 16:25:36 - [TEST_STEP][PASSED] - symbols = symbols: null

2019-08-15 16:25:36 - [TEST_STEP][PASSED] - for ([j = 0, j &lt; symbols.size(), (j++)]): null

2019-08-15 16:25:36 - [TEST_STEP][PASSED] - symbol = symbol: null

2019-08-15 16:25:36 - [TEST_STEP][PASSED] - println(symbol): null

2019-08-15 16:25:36 - [TEST_STEP][PASSED] - if (i == 2 &amp;&amp; wildList.indexOf(symbol) != -1): null

2019-08-15 16:25:36 - [TEST_STEP][PASSED] - if (i == 3 &amp;&amp; wildList.indexOf(symbol) != -1): null

2019-08-15 16:25:36 - [TEST_STEP][PASSED] - if (i == 4 &amp;&amp; wildList.indexOf(symbol) != -1): null

2019-08-15 16:25:36 - [TEST_STEP][PASSED] - symbol = symbol: null

2019-08-15 16:25:36 - [TEST_STEP][PASSED] - println(symbol): null

2019-08-15 16:25:36 - [TEST_STEP][PASSED] - if (i == 2 &amp;&amp; wildList.indexOf(symbol) != -1): null

2019-08-15 16:25:36 - [TEST_STEP][PASSED] - if (i == 3 &amp;&amp; wildList.indexOf(symbol) != -1): null

2019-08-15 16:25:36 - [TEST_STEP][PASSED] - if (i == 4 &amp;&amp; wildList.indexOf(symbol) != -1): null

2019-08-15 16:25:36 - [TEST_STEP][PASSED] - symbol = symbol: null

2019-08-15 16:25:36 - [TEST_STEP][PASSED] - println(symbol): null

2019-08-15 16:25:36 - [TEST_STEP][PASSED] - if (i == 2 &amp;&amp; wildList.indexOf(symbol) != -1): null

2019-08-15 16:25:36 - [TEST_STEP][PASSED] - if (i == 3 &amp;&amp; wildList.indexOf(symbol) != -1): null

2019-08-15 16:25:36 - [TEST_STEP][PASSED] - if (i == 4 &amp;&amp; wildList.indexOf(symbol) != -1): null

2019-08-15 16:25:36 - [TEST_STEP][PASSED] - symbols = symbols: null

2019-08-15 16:25:36 - [TEST_STEP][PASSED] - for ([j = 0, j &lt; symbols.size(), (j++)]): null

2019-08-15 16:25:36 - [TEST_STEP][PASSED] - symbol = symbol: null

2019-08-15 16:25:36 - [TEST_STEP][PASSED] - println(symbol): null

2019-08-15 16:25:36 - [TEST_STEP][PASSED] - if (i == 2 &amp;&amp; wildList.indexOf(symbol) != -1): null

2019-08-15 16:25:36 - [TEST_STEP][PASSED] - if (i == 3 &amp;&amp; wildList.indexOf(symbol) != -1): null

2019-08-15 16:25:36 - [TEST_STEP][PASSED] - if (i == 4 &amp;&amp; wildList.indexOf(symbol) != -1): null

2019-08-15 16:25:36 - [TEST_STEP][PASSED] - symbol = symbol: null

2019-08-15 16:25:36 - [TEST_STEP][PASSED] - println(symbol): null

2019-08-15 16:25:36 - [TEST_STEP][PASSED] - if (i == 2 &amp;&amp; wildList.indexOf(symbol) != -1): null

2019-08-15 16:25:36 - [TEST_STEP][PASSED] - if (i == 3 &amp;&amp; wildList.indexOf(symbol) != -1): null

2019-08-15 16:25:36 - [TEST_STEP][PASSED] - if (i == 4 &amp;&amp; wildList.indexOf(symbol) != -1): null

2019-08-15 16:25:36 - [TEST_STEP][PASSED] - symbol = symbol: null

2019-08-15 16:25:36 - [TEST_STEP][PASSED] - println(symbol): null

2019-08-15 16:25:36 - [TEST_STEP][PASSED] - if (i == 2 &amp;&amp; wildList.indexOf(symbol) != -1): null

2019-08-15 16:25:36 - [TEST_STEP][PASSED] - if (i == 3 &amp;&amp; wildList.indexOf(symbol) != -1): null

2019-08-15 16:25:36 - [TEST_STEP][PASSED] - if (i == 4 &amp;&amp; wildList.indexOf(symbol) != -1): null

2019-08-15 16:25:36 - [TEST_STEP][PASSED] - symbols = symbols: null

2019-08-15 16:25:36 - [TEST_STEP][PASSED] - for ([j = 0, j &lt; symbols.size(), (j++)]): null

2019-08-15 16:25:36 - [TEST_STEP][PASSED] - symbol = symbol: null

2019-08-15 16:25:36 - [TEST_STEP][PASSED] - println(symbol): null

2019-08-15 16:25:36 - [TEST_STEP][PASSED] - if (i == 2 &amp;&amp; wildList.indexOf(symbol) != -1): null

2019-08-15 16:25:36 - [TEST_STEP][PASSED] - if (i == 3 &amp;&amp; wildList.indexOf(symbol) != -1): null

2019-08-15 16:25:36 - [TEST_STEP][PASSED] - if (i == 4 &amp;&amp; wildList.indexOf(symbol) != -1): null

2019-08-15 16:25:36 - [TEST_STEP][PASSED] - symbol = symbol: null

2019-08-15 16:25:36 - [TEST_STEP][PASSED] - println(symbol): null

2019-08-15 16:25:36 - [TEST_STEP][PASSED] - if (i == 2 &amp;&amp; wildList.indexOf(symbol) != -1): null

2019-08-15 16:25:36 - [TEST_STEP][PASSED] - if (i == 3 &amp;&amp; wildList.indexOf(symbol) != -1): null

2019-08-15 16:25:36 - [TEST_STEP][PASSED] - if (i == 4 &amp;&amp; wildList.indexOf(symbol) != -1): null

2019-08-15 16:25:36 - [TEST_STEP][PASSED] - symbol = symbol: null

2019-08-15 16:25:36 - [TEST_STEP][PASSED] - println(symbol): null

2019-08-15 16:25:36 - [TEST_STEP][PASSED] - if (i == 2 &amp;&amp; wildList.indexOf(symbol) != -1): null

2019-08-15 16:25:36 - [TEST_STEP][PASSED] - if (i == 3 &amp;&amp; wildList.indexOf(symbol) != -1): null

2019-08-15 16:25:36 - [TEST_STEP][PASSED] - if (i == 4 &amp;&amp; wildList.indexOf(symbol) != -1): null

2019-08-15 16:25:36 - [TEST_STEP][PASSED] - symbols = symbols: null

2019-08-15 16:25:36 - [TEST_STEP][PASSED] - for ([j = 0, j &lt; symbols.size(), (j++)]): null

2019-08-15 16:25:36 - [TEST_STEP][PASSED] - symbol = symbol: null

2019-08-15 16:25:36 - [TEST_STEP][PASSED] - println(symbol): null

2019-08-15 16:25:36 - [TEST_STEP][PASSED] - if (i == 2 &amp;&amp; wildList.indexOf(symbol) != -1): null

2019-08-15 16:25:36 - [TEST_STEP][PASSED] - if (i == 3 &amp;&amp; wildList.indexOf(symbol) != -1): null

2019-08-15 16:25:36 - [TEST_STEP][PASSED] - if (i == 4 &amp;&amp; wildList.indexOf(symbol) != -1): null

2019-08-15 16:25:36 - [TEST_STEP][PASSED] - symbol = symbol: null

2019-08-15 16:25:36 - [TEST_STEP][PASSED] - println(symbol): null

2019-08-15 16:25:36 - [TEST_STEP][PASSED] - if (i == 2 &amp;&amp; wildList.indexOf(symbol) != -1): null

2019-08-15 16:25:36 - [TEST_STEP][PASSED] - if (i == 3 &amp;&amp; wildList.indexOf(symbol) != -1): null

2019-08-15 16:25:36 - [TEST_STEP][PASSED] - if (i == 4 &amp;&amp; wildList.indexOf(symbol) != -1): null

2019-08-15 16:25:36 - [TEST_STEP][PASSED] - symbol = symbol: null

2019-08-15 16:25:36 - [TEST_STEP][PASSED] - println(symbol): null

2019-08-15 16:25:36 - [TEST_STEP][PASSED] - if (i == 2 &amp;&amp; wildList.indexOf(symbol) != -1): null

2019-08-15 16:25:36 - [TEST_STEP][PASSED] - if (i == 3 &amp;&amp; wildList.indexOf(symbol) != -1): null

2019-08-15 16:25:36 - [TEST_STEP][PASSED] - if (i == 4 &amp;&amp; wildList.indexOf(symbol) != -1): null

2019-08-15 16:25:36 - [TEST_STEP][PASSED] - symbols = symbols: null

2019-08-15 16:25:36 - [TEST_STEP][PASSED] - for ([j = 0, j &lt; symbols.size(), (j++)]): null

2019-08-15 16:25:36 - [TEST_STEP][PASSED] - symbol = symbol: null

2019-08-15 16:25:36 - [TEST_STEP][PASSED] - println(symbol): null

2019-08-15 16:25:36 - [TEST_STEP][PASSED] - if (i == 2 &amp;&amp; wildList.indexOf(symbol) != -1): null

2019-08-15 16:25:36 - [TEST_STEP][PASSED] - if (i == 3 &amp;&amp; wildList.indexOf(symbol) != -1): null

2019-08-15 16:25:36 - [TEST_STEP][PASSED] - if (i == 4 &amp;&amp; wildList.indexOf(symbol) != -1): null

2019-08-15 16:25:36 - [TEST_STEP][PASSED] - symbol = symbol: null

2019-08-15 16:25:36 - [TEST_STEP][PASSED] - println(symbol): null

2019-08-15 16:25:36 - [TEST_STEP][PASSED] - if (i == 2 &amp;&amp; wildList.indexOf(symbol) != -1): null

2019-08-15 16:25:36 - [TEST_STEP][PASSED] - if (i == 3 &amp;&amp; wildList.indexOf(symbol) != -1): null

2019-08-15 16:25:36 - [TEST_STEP][PASSED] - if (i == 4 &amp;&amp; wildList.indexOf(symbol) != -1): null

2019-08-15 16:25:36 - [TEST_STEP][PASSED] - symbol = symbol: null

2019-08-15 16:25:36 - [TEST_STEP][PASSED] - println(symbol): null

2019-08-15 16:25:36 - [TEST_STEP][PASSED] - if (i == 2 &amp;&amp; wildList.indexOf(symbol) != -1): null

2019-08-15 16:25:36 - [TEST_STEP][PASSED] - if (i == 3 &amp;&amp; wildList.indexOf(symbol) != -1): null

2019-08-15 16:25:36 - [TEST_STEP][PASSED] - if (i == 4 &amp;&amp; wildList.indexOf(symbol) != -1): null

2019-08-15 16:25:36 - [TEST_STEP][PASSED] - free_spin_reel_counter = free_spin_reel_counter: null

2019-08-15 16:25:36 - [TEST_STEP][PASSED] - println("reel 3 wild found: " + free_spin_reel_counter[0]): null

2019-08-15 16:25:36 - [TEST_STEP][PASSED] - println("reel 4 wild found: " + free_spin_reel_counter[1]): null

2019-08-15 16:25:36 - [TEST_STEP][PASSED] - println("reel 5 wild found: " + free_spin_reel_counter[2]): null

2019-08-15 16:25:36 - [TEST_STEP][PASSED] - M4_spin_reels = M4_spin_reels: null

2019-08-15 16:25:36 - [TEST_STEP][PASSED] - M4_spin_reels_symbols = symbol: null

2019-08-15 16:25:36 - [TEST_STEP][PASSED] - M4_spin_reels_symbols = M4_spin_reels_symbols: null

2019-08-15 16:25:36 - [TEST_STEP][PASSED] - M4_spin_reel_wins = reel_wins: null

2019-08-15 16:25:36 - [TEST_STEP][PASSED] - M4_spin_reel_wins = M4_spin_reel_wins: null

2019-08-15 16:25:36 - [TEST_STEP][PASSED] - println("GlobalVariable.M4_spin_reel_wins is: " + M4_spin_reel_wins): null

2019-08-15 16:25:36 - [TEST_STEP][PASSED] - M4_spin_total_bonus_win_this_round = total_bonus_win_this_round: null

2019-08-15 16:25:36 - [TEST_STEP][PASSED] - M4_spin_total_bonus_win_this_round = M4_spin_total_bonus_win_this_round: null

2019-08-15 16:25:36 - [TEST_STEP][PASSED] - println("GlobalVariable.M4_spin_total_bonus_win_this_round is: " + M4_spin_total_bonus_win_this_round): null

2019-08-15 16:25:36 - [MESSAGE][PASSED] - Verify response successfully

2019-08-15 16:25:36 - [MESSAGE][PASSED] - Send request and verify the response successfully

2019-08-15 16:25:36 - [TEST_STEP][PASSED] - if (M4_total_bonus_spins_int != 0 &amp;&amp; M4_spin_reels_symbols[2].contains("WILD_Normal") || M4_spin_reels_symbols[3].contains("WILD_Normal") || M4_spin_reels_symbols[4].contains("WILD_Normal")): null

2019-08-15 16:25:36 - [TEST_STEP][PASSED] - free_spin_reel_counter = free_spin_reel_counter: null

2019-08-15 16:25:36 - [TEST_STEP][PASSED] - M4_spin_reels_symbols = M4_spin_reels_symbols: null

2019-08-15 16:25:36 - [TEST_STEP][PASSED] - M4_total_bonus_spins = M4_total_bonus_spins: null

2019-08-15 16:25:36 - [TEST_STEP][PASSED] - spin_result = sendRequestAndVerify(findTestObject("STG/RGS(M4)/1_M4_spin", ["M4_login_user_id":M4_login_user_id, "rgs_session_token":rgs_session_token, "partner":Partner])): Send request and verify the response successfully

2019-08-15 16:25:36 - [TEST_CASE][PASSED] - Start Test Case : Verification: Verification accomplished successfully

2019-08-15 16:25:36 - [TEST_STEP][PASSED] - request = getInstance().getCurrentRequest(): null

2019-08-15 16:25:36 - [TEST_STEP][PASSED] - response = getInstance().getCurrentResponse(): null

2019-08-15 16:25:36 - [TEST_STEP][PASSED] - verifyResponseStatusCode(response, 200): Verify response status code successfully

2019-08-15 16:25:36 - [MESSAGE][PASSED] - Verify response status code successfully

2019-08-15 16:25:36 - [TEST_STEP][PASSED] - getStatusCode()).isEqualTo(200): null

2019-08-15 16:25:36 - [TEST_STEP][PASSED] - newline = System.getProperty("line.separator"): null

2019-08-15 16:25:36 - [TEST_STEP][PASSED] - M4_spin = new groovy.json.JsonSlurper(): null

2019-08-15 16:25:36 - [TEST_STEP][PASSED] - result_M4_spin = M4_spin.parseText(response.getResponseBodyContent()): null

2019-08-15 16:25:36 - [TEST_STEP][PASSED] - M4_spin_current_balance = current_balance: null

2019-08-15 16:25:36 - [TEST_STEP][PASSED] - M4_spin_current_balance = M4_spin_current_balance: null

2019-08-15 16:25:36 - [TEST_STEP][PASSED] - M4_spin_transaction_id = causality: null

2019-08-15 16:25:36 - [TEST_STEP][PASSED] - M4_spin_transaction_id = M4_spin_transaction_id: null

2019-08-15 16:25:36 - [TEST_STEP][PASSED] - M4_spin_round_id = round_id: null

2019-08-15 16:25:36 - [TEST_STEP][PASSED] - M4_spin_round_id = M4_spin_round_id: null

2019-08-15 16:25:36 - [TEST_STEP][PASSED] - M4_spin_line_wins = line_wins: null

2019-08-15 16:25:36 - [TEST_STEP][PASSED] - M4_spin_line_wins = M4_spin_line_wins: null

2019-08-15 16:25:36 - [TEST_STEP][PASSED] - M4_total_bonus_spins_int = total_bonus_spins: null

2019-08-15 16:25:36 - [TEST_STEP][PASSED] - println("******M4_total_bonus_spins type is:*******" + newline + getClass().getName()): null

2019-08-15 16:25:36 - [TEST_STEP][PASSED] - M4_total_bonus_spins_int = M4_total_bonus_spins_int: null

2019-08-15 16:25:36 - [TEST_STEP][PASSED] - M4_total_bonus_spins = Integer.toString(M4_total_bonus_spins_int): null

2019-08-15 16:25:36 - [TEST_STEP][PASSED] - M4_total_bonus_spins = M4_total_bonus_spins: null

2019-08-15 16:25:36 - [TEST_STEP][PASSED] - println("M4_total_bonus_spins is:" + M4_total_bonus_spins): null

2019-08-15 16:25:36 - [TEST_STEP][PASSED] - M4_spin_bonus_data = bonus_data: null

2019-08-15 16:25:36 - [TEST_STEP][PASSED] - M4_spin_features_triggered = result_M4_spin: null

2019-08-15 16:25:36 - [TEST_STEP][PASSED] - wild = []: null

2019-08-15 16:25:36 - [TEST_STEP][PASSED] - wild[0] = "WILD_Expanding": null

2019-08-15 16:25:36 - [TEST_STEP][PASSED] - wild[1] = "WILD_Normal": null

2019-08-15 16:25:36 - [TEST_STEP][PASSED] - wild[2] = "WILD_Double": null

2019-08-15 16:25:36 - [TEST_STEP][PASSED] - wild[3] = "WILD_ExtraFG": null

2019-08-15 16:25:36 - [TEST_STEP][PASSED] - wild[4] = "WILD_Triple": null

2019-08-15 16:25:36 - [TEST_STEP][PASSED] - wildList = Arrays.asList(wild): null

2019-08-15 16:25:36 - [TEST_STEP][PASSED] - wildList = wildList: null

2019-08-15 16:25:36 - [TEST_STEP][PASSED] - free_spin_reel_counter = []: null

2019-08-15 16:25:36 - [TEST_STEP][PASSED] - free_spin_reel_counter[0] = 0: null

2019-08-15 16:25:36 - [TEST_STEP][PASSED] - free_spin_reel_counter[1] = 0: null

2019-08-15 16:25:36 - [TEST_STEP][PASSED] - free_spin_reel_counter[2] = 0: null

2019-08-15 16:25:36 - [TEST_STEP][PASSED] - M4_spin_reels = reels: null

2019-08-15 16:25:36 - [TEST_STEP][PASSED] - for ([i = 0, i &lt; M4_spin_reels.size(), (i++)]): null

2019-08-15 16:25:36 - [TEST_STEP][PASSED] - symbols = symbols: null

2019-08-15 16:25:36 - [TEST_STEP][PASSED] - for ([j = 0, j &lt; symbols.size(), (j++)]): null

2019-08-15 16:25:36 - [TEST_STEP][PASSED] - symbol = symbol: null

2019-08-15 16:25:36 - [TEST_STEP][PASSED] - println(symbol): null

2019-08-15 16:25:36 - [TEST_STEP][PASSED] - if (i == 2 &amp;&amp; wildList.indexOf(symbol) != -1): null

2019-08-15 16:25:36 - [TEST_STEP][PASSED] - if (i == 3 &amp;&amp; wildList.indexOf(symbol) != -1): null

2019-08-15 16:25:36 - [TEST_STEP][PASSED] - if (i == 4 &amp;&amp; wildList.indexOf(symbol) != -1): null

2019-08-15 16:25:36 - [TEST_STEP][PASSED] - symbol = symbol: null

2019-08-15 16:25:36 - [TEST_STEP][PASSED] - println(symbol): null

2019-08-15 16:25:36 - [TEST_STEP][PASSED] - if (i == 2 &amp;&amp; wildList.indexOf(symbol) != -1): null

2019-08-15 16:25:36 - [TEST_STEP][PASSED] - if (i == 3 &amp;&amp; wildList.indexOf(symbol) != -1): null

2019-08-15 16:25:36 - [TEST_STEP][PASSED] - if (i == 4 &amp;&amp; wildList.indexOf(symbol) != -1): null

2019-08-15 16:25:36 - [TEST_STEP][PASSED] - symbol = symbol: null

2019-08-15 16:25:36 - [TEST_STEP][PASSED] - println(symbol): null

2019-08-15 16:25:36 - [TEST_STEP][PASSED] - if (i == 2 &amp;&amp; wildList.indexOf(symbol) != -1): null

2019-08-15 16:25:36 - [TEST_STEP][PASSED] - if (i == 3 &amp;&amp; wildList.indexOf(symbol) != -1): null

2019-08-15 16:25:36 - [TEST_STEP][PASSED] - if (i == 4 &amp;&amp; wildList.indexOf(symbol) != -1): null

2019-08-15 16:25:36 - [TEST_STEP][PASSED] - symbols = symbols: null

2019-08-15 16:25:36 - [TEST_STEP][PASSED] - for ([j = 0, j &lt; symbols.size(), (j++)]): null

2019-08-15 16:25:36 - [TEST_STEP][PASSED] - symbol = symbol: null

2019-08-15 16:25:36 - [TEST_STEP][PASSED] - println(symbol): null

2019-08-15 16:25:36 - [TEST_STEP][PASSED] - if (i == 2 &amp;&amp; wildList.indexOf(symbol) != -1): null

2019-08-15 16:25:36 - [TEST_STEP][PASSED] - if (i == 3 &amp;&amp; wildList.indexOf(symbol) != -1): null

2019-08-15 16:25:36 - [TEST_STEP][PASSED] - if (i == 4 &amp;&amp; wildList.indexOf(symbol) != -1): null

2019-08-15 16:25:36 - [TEST_STEP][PASSED] - symbol = symbol: null

2019-08-15 16:25:36 - [TEST_STEP][PASSED] - println(symbol): null

2019-08-15 16:25:36 - [TEST_STEP][PASSED] - if (i == 2 &amp;&amp; wildList.indexOf(symbol) != -1): null

2019-08-15 16:25:36 - [TEST_STEP][PASSED] - if (i == 3 &amp;&amp; wildList.indexOf(symbol) != -1): null

2019-08-15 16:25:36 - [TEST_STEP][PASSED] - if (i == 4 &amp;&amp; wildList.indexOf(symbol) != -1): null

2019-08-15 16:25:36 - [TEST_STEP][PASSED] - symbol = symbol: null

2019-08-15 16:25:36 - [TEST_STEP][PASSED] - println(symbol): null

2019-08-15 16:25:36 - [TEST_STEP][PASSED] - if (i == 2 &amp;&amp; wildList.indexOf(symbol) != -1): null

2019-08-15 16:25:36 - [TEST_STEP][PASSED] - if (i == 3 &amp;&amp; wildList.indexOf(symbol) != -1): null

2019-08-15 16:25:36 - [TEST_STEP][PASSED] - if (i == 4 &amp;&amp; wildList.indexOf(symbol) != -1): null

2019-08-15 16:25:36 - [TEST_STEP][PASSED] - symbols = symbols: null

2019-08-15 16:25:36 - [TEST_STEP][PASSED] - for ([j = 0, j &lt; symbols.size(), (j++)]): null

2019-08-15 16:25:36 - [TEST_STEP][PASSED] - symbol = symbol: null

2019-08-15 16:25:36 - [TEST_STEP][PASSED] - println(symbol): null

2019-08-15 16:25:36 - [TEST_STEP][PASSED] - if (i == 2 &amp;&amp; wildList.indexOf(symbol) != -1): null

2019-08-15 16:25:36 - [TEST_STEP][PASSED] - if (i == 3 &amp;&amp; wildList.indexOf(symbol) != -1): null

2019-08-15 16:25:36 - [TEST_STEP][PASSED] - if (i == 4 &amp;&amp; wildList.indexOf(symbol) != -1): null

2019-08-15 16:25:36 - [TEST_STEP][PASSED] - symbol = symbol: null

2019-08-15 16:25:36 - [TEST_STEP][PASSED] - println(symbol): null

2019-08-15 16:25:36 - [TEST_STEP][PASSED] - if (i == 2 &amp;&amp; wildList.indexOf(symbol) != -1): null

2019-08-15 16:25:36 - [TEST_STEP][PASSED] - if (i == 3 &amp;&amp; wildList.indexOf(symbol) != -1): null

2019-08-15 16:25:36 - [TEST_STEP][PASSED] - if (i == 4 &amp;&amp; wildList.indexOf(symbol) != -1): null

2019-08-15 16:25:36 - [TEST_STEP][PASSED] - symbol = symbol: null

2019-08-15 16:25:36 - [TEST_STEP][PASSED] - println(symbol): null

2019-08-15 16:25:36 - [TEST_STEP][PASSED] - if (i == 2 &amp;&amp; wildList.indexOf(symbol) != -1): null

2019-08-15 16:25:36 - [TEST_STEP][PASSED] - if (i == 3 &amp;&amp; wildList.indexOf(symbol) != -1): null

2019-08-15 16:25:36 - [TEST_STEP][PASSED] - if (i == 4 &amp;&amp; wildList.indexOf(symbol) != -1): null

2019-08-15 16:25:36 - [TEST_STEP][PASSED] - symbols = symbols: null

2019-08-15 16:25:36 - [TEST_STEP][PASSED] - for ([j = 0, j &lt; symbols.size(), (j++)]): null

2019-08-15 16:25:36 - [TEST_STEP][PASSED] - symbol = symbol: null

2019-08-15 16:25:36 - [TEST_STEP][PASSED] - println(symbol): null

2019-08-15 16:25:36 - [TEST_STEP][PASSED] - if (i == 2 &amp;&amp; wildList.indexOf(symbol) != -1): null

2019-08-15 16:25:36 - [TEST_STEP][PASSED] - if (i == 3 &amp;&amp; wildList.indexOf(symbol) != -1): null

2019-08-15 16:25:36 - [TEST_STEP][PASSED] - if (i == 4 &amp;&amp; wildList.indexOf(symbol) != -1): null

2019-08-15 16:25:36 - [TEST_STEP][PASSED] - symbol = symbol: null

2019-08-15 16:25:36 - [TEST_STEP][PASSED] - println(symbol): null

2019-08-15 16:25:36 - [TEST_STEP][PASSED] - if (i == 2 &amp;&amp; wildList.indexOf(symbol) != -1): null

2019-08-15 16:25:36 - [TEST_STEP][PASSED] - if (i == 3 &amp;&amp; wildList.indexOf(symbol) != -1): null

2019-08-15 16:25:36 - [TEST_STEP][PASSED] - if (i == 4 &amp;&amp; wildList.indexOf(symbol) != -1): null

2019-08-15 16:25:36 - [TEST_STEP][PASSED] - symbol = symbol: null

2019-08-15 16:25:36 - [TEST_STEP][PASSED] - println(symbol): null

2019-08-15 16:25:36 - [TEST_STEP][PASSED] - if (i == 2 &amp;&amp; wildList.indexOf(symbol) != -1): null

2019-08-15 16:25:36 - [TEST_STEP][PASSED] - if (i == 3 &amp;&amp; wildList.indexOf(symbol) != -1): null

2019-08-15 16:25:36 - [TEST_STEP][PASSED] - if (i == 4 &amp;&amp; wildList.indexOf(symbol) != -1): null

2019-08-15 16:25:36 - [TEST_STEP][PASSED] - symbols = symbols: null

2019-08-15 16:25:36 - [TEST_STEP][PASSED] - for ([j = 0, j &lt; symbols.size(), (j++)]): null

2019-08-15 16:25:36 - [TEST_STEP][PASSED] - symbol = symbol: null

2019-08-15 16:25:36 - [TEST_STEP][PASSED] - println(symbol): null

2019-08-15 16:25:36 - [TEST_STEP][PASSED] - if (i == 2 &amp;&amp; wildList.indexOf(symbol) != -1): null

2019-08-15 16:25:36 - [TEST_STEP][PASSED] - if (i == 3 &amp;&amp; wildList.indexOf(symbol) != -1): null

2019-08-15 16:25:36 - [TEST_STEP][PASSED] - if (i == 4 &amp;&amp; wildList.indexOf(symbol) != -1): null

2019-08-15 16:25:36 - [TEST_STEP][PASSED] - symbol = symbol: null

2019-08-15 16:25:36 - [TEST_STEP][PASSED] - println(symbol): null

2019-08-15 16:25:36 - [TEST_STEP][PASSED] - if (i == 2 &amp;&amp; wildList.indexOf(symbol) != -1): null

2019-08-15 16:25:36 - [TEST_STEP][PASSED] - if (i == 3 &amp;&amp; wildList.indexOf(symbol) != -1): null

2019-08-15 16:25:36 - [TEST_STEP][PASSED] - if (i == 4 &amp;&amp; wildList.indexOf(symbol) != -1): null

2019-08-15 16:25:36 - [TEST_STEP][PASSED] - symbol = symbol: null

2019-08-15 16:25:36 - [TEST_STEP][PASSED] - println(symbol): null

2019-08-15 16:25:36 - [TEST_STEP][PASSED] - if (i == 2 &amp;&amp; wildList.indexOf(symbol) != -1): null

2019-08-15 16:25:36 - [TEST_STEP][PASSED] - if (i == 3 &amp;&amp; wildList.indexOf(symbol) != -1): null

2019-08-15 16:25:36 - [TEST_STEP][PASSED] - if (i == 4 &amp;&amp; wildList.indexOf(symbol) != -1): null

2019-08-15 16:25:36 - [TEST_STEP][PASSED] - println("wild found on reel 5, adding counter by 1"): null

2019-08-15 16:25:36 - [TEST_STEP][PASSED] - free_spin_reel_counter[2] = free_spin_reel_counter[2] + 1: null

2019-08-15 16:25:36 - [TEST_STEP][PASSED] - free_spin_reel_counter = free_spin_reel_counter: null

2019-08-15 16:25:36 - [TEST_STEP][PASSED] - println("reel 3 wild found: " + free_spin_reel_counter[0]): null

2019-08-15 16:25:36 - [TEST_STEP][PASSED] - println("reel 4 wild found: " + free_spin_reel_counter[1]): null

2019-08-15 16:25:36 - [TEST_STEP][PASSED] - println("reel 5 wild found: " + free_spin_reel_counter[2]): null

2019-08-15 16:25:36 - [TEST_STEP][PASSED] - M4_spin_reels = M4_spin_reels: null

2019-08-15 16:25:36 - [TEST_STEP][PASSED] - M4_spin_reels_symbols = symbol: null

2019-08-15 16:25:36 - [TEST_STEP][PASSED] - M4_spin_reels_symbols = M4_spin_reels_symbols: null

2019-08-15 16:25:36 - [TEST_STEP][PASSED] - M4_spin_reel_wins = reel_wins: null

2019-08-15 16:25:36 - [TEST_STEP][PASSED] - M4_spin_reel_wins = M4_spin_reel_wins: null

2019-08-15 16:25:36 - [TEST_STEP][PASSED] - println("GlobalVariable.M4_spin_reel_wins is: " + M4_spin_reel_wins): null

2019-08-15 16:25:36 - [TEST_STEP][PASSED] - M4_spin_total_bonus_win_this_round = total_bonus_win_this_round: null

2019-08-15 16:25:36 - [TEST_STEP][PASSED] - M4_spin_total_bonus_win_this_round = M4_spin_total_bonus_win_this_round: null

2019-08-15 16:25:36 - [TEST_STEP][PASSED] - println("GlobalVariable.M4_spin_total_bonus_win_this_round is: " + M4_spin_total_bonus_win_this_round): null

2019-08-15 16:25:36 - [MESSAGE][PASSED] - Verify response successfully

2019-08-15 16:25:36 - [MESSAGE][PASSED] - Send request and verify the response successfully

2019-08-15 16:25:36 - [TEST_STEP][PASSED] - if (M4_total_bonus_spins_int != 0 &amp;&amp; M4_spin_reels_symbols[2].contains("WILD_Normal") || M4_spin_reels_symbols[3].contains("WILD_Normal") || M4_spin_reels_symbols[4].contains("WILD_Normal")): null

2019-08-15 16:25:36 - [TEST_STEP][PASSED] - free_spin_reel_counter = free_spin_reel_counter: null

2019-08-15 16:25:36 - [TEST_STEP][PASSED] - M4_spin_reels_symbols = M4_spin_reels_symbols: null

2019-08-15 16:25:36 - [TEST_STEP][PASSED] - M4_total_bonus_spins = M4_total_bonus_spins: null

2019-08-15 16:25:36 - [TEST_STEP][PASSED] - spin_result = sendRequestAndVerify(findTestObject("STG/RGS(M4)/1_M4_spin", ["M4_login_user_id":M4_login_user_id, "rgs_session_token":rgs_session_token, "partner":Partner])): Send request and verify the response successfully

2019-08-15 16:25:36 - [TEST_CASE][PASSED] - Start Test Case : Verification: Verification accomplished successfully

2019-08-15 16:25:36 - [TEST_STEP][PASSED] - request = getInstance().getCurrentRequest(): null

2019-08-15 16:25:36 - [TEST_STEP][PASSED] - response = getInstance().getCurrentResponse(): null

2019-08-15 16:25:36 - [TEST_STEP][PASSED] - verifyResponseStatusCode(response, 200): Verify response status code successfully

2019-08-15 16:25:36 - [MESSAGE][PASSED] - Verify response status code successfully

2019-08-15 16:25:36 - [TEST_STEP][PASSED] - getStatusCode()).isEqualTo(200): null

2019-08-15 16:25:36 - [TEST_STEP][PASSED] - newline = System.getProperty("line.separator"): null

2019-08-15 16:25:36 - [TEST_STEP][PASSED] - M4_spin = new groovy.json.JsonSlurper(): null

2019-08-15 16:25:36 - [TEST_STEP][PASSED] - result_M4_spin = M4_spin.parseText(response.getResponseBodyContent()): null

2019-08-15 16:25:36 - [TEST_STEP][PASSED] - M4_spin_current_balance = current_balance: null

2019-08-15 16:25:36 - [TEST_STEP][PASSED] - M4_spin_current_balance = M4_spin_current_balance: null

2019-08-15 16:25:36 - [TEST_STEP][PASSED] - M4_spin_transaction_id = causality: null

2019-08-15 16:25:36 - [TEST_STEP][PASSED] - M4_spin_transaction_id = M4_spin_transaction_id: null

2019-08-15 16:25:36 - [TEST_STEP][PASSED] - M4_spin_round_id = round_id: null

2019-08-15 16:25:36 - [TEST_STEP][PASSED] - M4_spin_round_id = M4_spin_round_id: null

2019-08-15 16:25:36 - [TEST_STEP][PASSED] - M4_spin_line_wins = line_wins: null

2019-08-15 16:25:36 - [TEST_STEP][PASSED] - M4_spin_line_wins = M4_spin_line_wins: null

2019-08-15 16:25:36 - [TEST_STEP][PASSED] - M4_total_bonus_spins_int = total_bonus_spins: null

2019-08-15 16:25:36 - [TEST_STEP][PASSED] - println("******M4_total_bonus_spins type is:*******" + newline + getClass().getName()): null

2019-08-15 16:25:36 - [TEST_STEP][PASSED] - M4_total_bonus_spins_int = M4_total_bonus_spins_int: null

2019-08-15 16:25:36 - [TEST_STEP][PASSED] - M4_total_bonus_spins = Integer.toString(M4_total_bonus_spins_int): null

2019-08-15 16:25:36 - [TEST_STEP][PASSED] - M4_total_bonus_spins = M4_total_bonus_spins: null

2019-08-15 16:25:36 - [TEST_STEP][PASSED] - println("M4_total_bonus_spins is:" + M4_total_bonus_spins): null

2019-08-15 16:25:36 - [TEST_STEP][PASSED] - M4_spin_bonus_data = bonus_data: null

2019-08-15 16:25:40 - [TEST_STEP][PASSED] - M4_spin_features_triggered = result_M4_spin: null

2019-08-15 16:25:40 - [TEST_STEP][PASSED] - wild = []: null

2019-08-15 16:25:40 - [TEST_STEP][PASSED] - wild[0] = "WILD_Expanding": null

2019-08-15 16:25:40 - [TEST_STEP][PASSED] - wild[1] = "WILD_Normal": null

2019-08-15 16:25:40 - [TEST_STEP][PASSED] - wild[2] = "WILD_Double": null

2019-08-15 16:25:40 - [TEST_STEP][PASSED] - wild[3] = "WILD_ExtraFG": null

2019-08-15 16:25:40 - [TEST_STEP][PASSED] - wild[4] = "WILD_Triple": null

2019-08-15 16:25:40 - [TEST_STEP][PASSED] - wildList = Arrays.asList(wild): null

2019-08-15 16:25:40 - [TEST_STEP][PASSED] - wildList = wildList: null

2019-08-15 16:25:40 - [TEST_STEP][PASSED] - free_spin_reel_counter = []: null

2019-08-15 16:25:40 - [TEST_STEP][PASSED] - free_spin_reel_counter[0] = 0: null

2019-08-15 16:25:41 - [TEST_STEP][PASSED] - free_spin_reel_counter[1] = 0: null

2019-08-15 16:25:41 - [TEST_STEP][PASSED] - free_spin_reel_counter[2] = 0: null

2019-08-15 16:25:41 - [TEST_STEP][PASSED] - M4_spin_reels = reels: null

2019-08-15 16:25:41 - [TEST_STEP][PASSED] - for ([i = 0, i &lt; M4_spin_reels.size(), (i++)]): null

2019-08-15 16:25:41 - [TEST_STEP][PASSED] - symbols = symbols: null

2019-08-15 16:25:41 - [TEST_STEP][PASSED] - for ([j = 0, j &lt; symbols.size(), (j++)]): null

2019-08-15 16:25:41 - [TEST_STEP][PASSED] - symbol = symbol: null

2019-08-15 16:25:41 - [TEST_STEP][PASSED] - println(symbol): null

2019-08-15 16:25:41 - [TEST_STEP][PASSED] - if (i == 2 &amp;&amp; wildList.indexOf(symbol) != -1): null

2019-08-15 16:25:41 - [TEST_STEP][PASSED] - if (i == 3 &amp;&amp; wildList.indexOf(symbol) != -1): null

2019-08-15 16:25:41 - [TEST_STEP][PASSED] - if (i == 4 &amp;&amp; wildList.indexOf(symbol) != -1): null

2019-08-15 16:25:41 - [TEST_STEP][PASSED] - symbol = symbol: null

2019-08-15 16:25:41 - [TEST_STEP][PASSED] - println(symbol): null

2019-08-15 16:25:41 - [TEST_STEP][PASSED] - if (i == 2 &amp;&amp; wildList.indexOf(symbol) != -1): null

2019-08-15 16:25:41 - [TEST_STEP][PASSED] - if (i == 3 &amp;&amp; wildList.indexOf(symbol) != -1): null

2019-08-15 16:25:41 - [TEST_STEP][PASSED] - if (i == 4 &amp;&amp; wildList.indexOf(symbol) != -1): null

2019-08-15 16:25:41 - [TEST_STEP][PASSED] - symbol = symbol: null

2019-08-15 16:25:41 - [TEST_STEP][PASSED] - println(symbol): null

2019-08-15 16:25:41 - [TEST_STEP][PASSED] - if (i == 2 &amp;&amp; wildList.indexOf(symbol) != -1): null

2019-08-15 16:25:41 - [TEST_STEP][PASSED] - if (i == 3 &amp;&amp; wildList.indexOf(symbol) != -1): null

2019-08-15 16:25:41 - [TEST_STEP][PASSED] - if (i == 4 &amp;&amp; wildList.indexOf(symbol) != -1): null

2019-08-15 16:25:41 - [TEST_STEP][PASSED] - symbols = symbols: null

2019-08-15 16:25:41 - [TEST_STEP][PASSED] - for ([j = 0, j &lt; symbols.size(), (j++)]): null

2019-08-15 16:25:41 - [TEST_STEP][PASSED] - symbol = symbol: null

2019-08-15 16:25:41 - [TEST_STEP][PASSED] - println(symbol): null

2019-08-15 16:25:41 - [TEST_STEP][PASSED] - if (i == 2 &amp;&amp; wildList.indexOf(symbol) != -1): null

2019-08-15 16:25:41 - [TEST_STEP][PASSED] - if (i == 3 &amp;&amp; wildList.indexOf(symbol) != -1): null

2019-08-15 16:25:41 - [TEST_STEP][PASSED] - if (i == 4 &amp;&amp; wildList.indexOf(symbol) != -1): null

2019-08-15 16:25:41 - [TEST_STEP][PASSED] - symbol = symbol: null

2019-08-15 16:25:41 - [TEST_STEP][PASSED] - println(symbol): null

2019-08-15 16:25:41 - [TEST_STEP][PASSED] - if (i == 2 &amp;&amp; wildList.indexOf(symbol) != -1): null

2019-08-15 16:25:41 - [TEST_STEP][PASSED] - if (i == 3 &amp;&amp; wildList.indexOf(symbol) != -1): null

2019-08-15 16:25:41 - [TEST_STEP][PASSED] - if (i == 4 &amp;&amp; wildList.indexOf(symbol) != -1): null

2019-08-15 16:25:41 - [TEST_STEP][PASSED] - symbol = symbol: null

2019-08-15 16:25:41 - [TEST_STEP][PASSED] - println(symbol): null

2019-08-15 16:25:41 - [TEST_STEP][PASSED] - if (i == 2 &amp;&amp; wildList.indexOf(symbol) != -1): null

2019-08-15 16:25:41 - [TEST_STEP][PASSED] - if (i == 3 &amp;&amp; wildList.indexOf(symbol) != -1): null

2019-08-15 16:25:41 - [TEST_STEP][PASSED] - if (i == 4 &amp;&amp; wildList.indexOf(symbol) != -1): null

2019-08-15 16:25:41 - [TEST_STEP][PASSED] - symbols = symbols: null

2019-08-15 16:25:41 - [TEST_STEP][PASSED] - for ([j = 0, j &lt; symbols.size(), (j++)]): null

2019-08-15 16:25:41 - [TEST_STEP][PASSED] - symbol = symbol: null

2019-08-15 16:25:41 - [TEST_STEP][PASSED] - println(symbol): null

2019-08-15 16:25:41 - [TEST_STEP][PASSED] - if (i == 2 &amp;&amp; wildList.indexOf(symbol) != -1): null

2019-08-15 16:25:41 - [TEST_STEP][PASSED] - if (i == 3 &amp;&amp; wildList.indexOf(symbol) != -1): null

2019-08-15 16:25:41 - [TEST_STEP][PASSED] - if (i == 4 &amp;&amp; wildList.indexOf(symbol) != -1): null

2019-08-15 16:25:41 - [TEST_STEP][PASSED] - symbol = symbol: null

2019-08-15 16:25:41 - [TEST_STEP][PASSED] - println(symbol): null

2019-08-15 16:25:41 - [TEST_STEP][PASSED] - if (i == 2 &amp;&amp; wildList.indexOf(symbol) != -1): null

2019-08-15 16:25:41 - [TEST_STEP][PASSED] - if (i == 3 &amp;&amp; wildList.indexOf(symbol) != -1): null

2019-08-15 16:25:41 - [TEST_STEP][PASSED] - if (i == 4 &amp;&amp; wildList.indexOf(symbol) != -1): null

2019-08-15 16:25:41 - [TEST_STEP][PASSED] - symbol = symbol: null

2019-08-15 16:25:41 - [TEST_STEP][PASSED] - println(symbol): null

2019-08-15 16:25:41 - [TEST_STEP][PASSED] - if (i == 2 &amp;&amp; wildList.indexOf(symbol) != -1): null

2019-08-15 16:25:41 - [TEST_STEP][PASSED] - if (i == 3 &amp;&amp; wildList.indexOf(symbol) != -1): null

2019-08-15 16:25:41 - [TEST_STEP][PASSED] - if (i == 4 &amp;&amp; wildList.indexOf(symbol) != -1): null

2019-08-15 16:25:41 - [TEST_STEP][PASSED] - symbols = symbols: null

2019-08-15 16:25:41 - [TEST_STEP][PASSED] - for ([j = 0, j &lt; symbols.size(), (j++)]): null

2019-08-15 16:25:41 - [TEST_STEP][PASSED] - symbol = symbol: null

2019-08-15 16:25:41 - [TEST_STEP][PASSED] - println(symbol): null

2019-08-15 16:25:41 - [TEST_STEP][PASSED] - if (i == 2 &amp;&amp; wildList.indexOf(symbol) != -1): null

2019-08-15 16:25:41 - [TEST_STEP][PASSED] - if (i == 3 &amp;&amp; wildList.indexOf(symbol) != -1): null

2019-08-15 16:25:41 - [TEST_STEP][PASSED] - if (i == 4 &amp;&amp; wildList.indexOf(symbol) != -1): null

2019-08-15 16:25:41 - [TEST_STEP][PASSED] - symbol = symbol: null

2019-08-15 16:25:41 - [TEST_STEP][PASSED] - println(symbol): null

2019-08-15 16:25:41 - [TEST_STEP][PASSED] - if (i == 2 &amp;&amp; wildList.indexOf(symbol) != -1): null

2019-08-15 16:25:41 - [TEST_STEP][PASSED] - if (i == 3 &amp;&amp; wildList.indexOf(symbol) != -1): null

2019-08-15 16:25:41 - [TEST_STEP][PASSED] - if (i == 4 &amp;&amp; wildList.indexOf(symbol) != -1): null

2019-08-15 16:25:41 - [TEST_STEP][PASSED] - symbol = symbol: null

2019-08-15 16:25:41 - [TEST_STEP][PASSED] - println(symbol): null

2019-08-15 16:25:41 - [TEST_STEP][PASSED] - if (i == 2 &amp;&amp; wildList.indexOf(symbol) != -1): null

2019-08-15 16:25:41 - [TEST_STEP][PASSED] - if (i == 3 &amp;&amp; wildList.indexOf(symbol) != -1): null

2019-08-15 16:25:41 - [TEST_STEP][PASSED] - if (i == 4 &amp;&amp; wildList.indexOf(symbol) != -1): null

2019-08-15 16:25:41 - [TEST_STEP][PASSED] - symbols = symbols: null

2019-08-15 16:25:41 - [TEST_STEP][PASSED] - for ([j = 0, j &lt; symbols.size(), (j++)]): null

2019-08-15 16:25:41 - [TEST_STEP][PASSED] - symbol = symbol: null

2019-08-15 16:25:41 - [TEST_STEP][PASSED] - println(symbol): null

2019-08-15 16:25:41 - [TEST_STEP][PASSED] - if (i == 2 &amp;&amp; wildList.indexOf(symbol) != -1): null

2019-08-15 16:25:41 - [TEST_STEP][PASSED] - if (i == 3 &amp;&amp; wildList.indexOf(symbol) != -1): null

2019-08-15 16:25:41 - [TEST_STEP][PASSED] - if (i == 4 &amp;&amp; wildList.indexOf(symbol) != -1): null

2019-08-15 16:25:41 - [TEST_STEP][PASSED] - symbol = symbol: null

2019-08-15 16:25:41 - [TEST_STEP][PASSED] - println(symbol): null

2019-08-15 16:25:41 - [TEST_STEP][PASSED] - if (i == 2 &amp;&amp; wildList.indexOf(symbol) != -1): null

2019-08-15 16:25:41 - [TEST_STEP][PASSED] - if (i == 3 &amp;&amp; wildList.indexOf(symbol) != -1): null

2019-08-15 16:25:41 - [TEST_STEP][PASSED] - if (i == 4 &amp;&amp; wildList.indexOf(symbol) != -1): null

2019-08-15 16:25:41 - [TEST_STEP][PASSED] - symbol = symbol: null

2019-08-15 16:25:41 - [TEST_STEP][PASSED] - println(symbol): null

2019-08-15 16:25:41 - [TEST_STEP][PASSED] - if (i == 2 &amp;&amp; wildList.indexOf(symbol) != -1): null

2019-08-15 16:25:41 - [TEST_STEP][PASSED] - if (i == 3 &amp;&amp; wildList.indexOf(symbol) != -1): null

2019-08-15 16:25:41 - [TEST_STEP][PASSED] - if (i == 4 &amp;&amp; wildList.indexOf(symbol) != -1): null

2019-08-15 16:25:41 - [TEST_STEP][PASSED] - free_spin_reel_counter = free_spin_reel_counter: null

2019-08-15 16:25:41 - [TEST_STEP][PASSED] - println("reel 3 wild found: " + free_spin_reel_counter[0]): null

2019-08-15 16:25:41 - [TEST_STEP][PASSED] - println("reel 4 wild found: " + free_spin_reel_counter[1]): null

2019-08-15 16:25:41 - [TEST_STEP][PASSED] - println("reel 5 wild found: " + free_spin_reel_counter[2]): null

2019-08-15 16:25:41 - [TEST_STEP][PASSED] - M4_spin_reels = M4_spin_reels: null

2019-08-15 16:25:41 - [TEST_STEP][PASSED] - M4_spin_reels_symbols = symbol: null

2019-08-15 16:25:41 - [TEST_STEP][PASSED] - M4_spin_reels_symbols = M4_spin_reels_symbols: null

2019-08-15 16:25:41 - [TEST_STEP][PASSED] - M4_spin_reel_wins = reel_wins: null

2019-08-15 16:25:41 - [TEST_STEP][PASSED] - M4_spin_reel_wins = M4_spin_reel_wins: null

2019-08-15 16:25:41 - [TEST_STEP][PASSED] - println("GlobalVariable.M4_spin_reel_wins is: " + M4_spin_reel_wins): null

2019-08-15 16:25:41 - [TEST_STEP][PASSED] - M4_spin_total_bonus_win_this_round = total_bonus_win_this_round: null

2019-08-15 16:25:41 - [TEST_STEP][PASSED] - M4_spin_total_bonus_win_this_round = M4_spin_total_bonus_win_this_round: null

2019-08-15 16:25:41 - [TEST_STEP][PASSED] - println("GlobalVariable.M4_spin_total_bonus_win_this_round is: " + M4_spin_total_bonus_win_this_round): null

2019-08-15 16:25:41 - [MESSAGE][PASSED] - Verify response successfully

2019-08-15 16:25:41 - [MESSAGE][PASSED] - Send request and verify the response successfully

2019-08-15 16:25:41 - [TEST_STEP][PASSED] - if (M4_total_bonus_spins_int != 0 &amp;&amp; M4_spin_reels_symbols[2].contains("WILD_Normal") || M4_spin_reels_symbols[3].contains("WILD_Normal") || M4_spin_reels_symbols[4].contains("WILD_Normal")): null

2019-08-15 16:25:41 - [TEST_STEP][PASSED] - free_spin_reel_counter = free_spin_reel_counter: null

2019-08-15 16:25:41 - [TEST_STEP][PASSED] - M4_spin_reels_symbols = M4_spin_reels_symbols: null

2019-08-15 16:25:41 - [TEST_STEP][PASSED] - M4_total_bonus_spins = M4_total_bonus_spins: null

2019-08-15 16:25:41 - [TEST_STEP][PASSED] - spin_result = sendRequestAndVerify(findTestObject("STG/RGS(M4)/1_M4_spin", ["M4_login_user_id":M4_login_user_id, "rgs_session_token":rgs_session_token, "partner":Partner])): Send request and verify the response successfully

2019-08-15 16:25:41 - [TEST_CASE][PASSED] - Start Test Case : Verification: Verification accomplished successfully

2019-08-15 16:25:41 - [TEST_STEP][PASSED] - request = getInstance().getCurrentRequest(): null

2019-08-15 16:25:41 - [TEST_STEP][PASSED] - response = getInstance().getCurrentResponse(): null

2019-08-15 16:25:41 - [TEST_STEP][PASSED] - verifyResponseStatusCode(response, 200): Verify response status code successfully

2019-08-15 16:25:41 - [MESSAGE][PASSED] - Verify response status code successfully

2019-08-15 16:25:41 - [TEST_STEP][PASSED] - getStatusCode()).isEqualTo(200): null

2019-08-15 16:25:41 - [TEST_STEP][PASSED] - newline = System.getProperty("line.separator"): null

2019-08-15 16:25:41 - [TEST_STEP][PASSED] - M4_spin = new groovy.json.JsonSlurper(): null

2019-08-15 16:25:41 - [TEST_STEP][PASSED] - result_M4_spin = M4_spin.parseText(response.getResponseBodyContent()): null

2019-08-15 16:25:41 - [TEST_STEP][PASSED] - M4_spin_current_balance = current_balance: null

2019-08-15 16:25:41 - [TEST_STEP][PASSED] - M4_spin_current_balance = M4_spin_current_balance: null

2019-08-15 16:25:41 - [TEST_STEP][PASSED] - M4_spin_transaction_id = causality: null

2019-08-15 16:25:41 - [TEST_STEP][PASSED] - M4_spin_transaction_id = M4_spin_transaction_id: null

2019-08-15 16:25:41 - [TEST_STEP][PASSED] - M4_spin_round_id = round_id: null

2019-08-15 16:25:41 - [TEST_STEP][PASSED] - M4_spin_round_id = M4_spin_round_id: null

2019-08-15 16:25:41 - [TEST_STEP][PASSED] - M4_spin_line_wins = line_wins: null

2019-08-15 16:25:41 - [TEST_STEP][PASSED] - M4_spin_line_wins = M4_spin_line_wins: null

2019-08-15 16:25:41 - [TEST_STEP][PASSED] - M4_total_bonus_spins_int = total_bonus_spins: null

2019-08-15 16:25:41 - [TEST_STEP][PASSED] - println("******M4_total_bonus_spins type is:*******" + newline + getClass().getName()): null

2019-08-15 16:25:41 - [TEST_STEP][PASSED] - M4_total_bonus_spins_int = M4_total_bonus_spins_int: null

2019-08-15 16:25:41 - [TEST_STEP][PASSED] - M4_total_bonus_spins = Integer.toString(M4_total_bonus_spins_int): null

2019-08-15 16:25:41 - [TEST_STEP][PASSED] - M4_total_bonus_spins = M4_total_bonus_spins: null

2019-08-15 16:25:41 - [TEST_STEP][PASSED] - println("M4_total_bonus_spins is:" + M4_total_bonus_spins): null

2019-08-15 16:25:41 - [TEST_STEP][PASSED] - M4_spin_bonus_data = bonus_data: null

2019-08-15 16:25:41 - [TEST_STEP][PASSED] - M4_spin_features_triggered = result_M4_spin: null

2019-08-15 16:25:41 - [TEST_STEP][PASSED] - wild = []: null

2019-08-15 16:25:41 - [TEST_STEP][PASSED] - wild[0] = "WILD_Expanding": null

2019-08-15 16:25:41 - [TEST_STEP][PASSED] - wild[1] = "WILD_Normal": null

2019-08-15 16:25:41 - [TEST_STEP][PASSED] - wild[2] = "WILD_Double": null

2019-08-15 16:25:41 - [TEST_STEP][PASSED] - wild[3] = "WILD_ExtraFG": null

2019-08-15 16:25:41 - [TEST_STEP][PASSED] - wild[4] = "WILD_Triple": null

2019-08-15 16:25:41 - [TEST_STEP][PASSED] - wildList = Arrays.asList(wild): null

2019-08-15 16:25:41 - [TEST_STEP][PASSED] - wildList = wildList: null

2019-08-15 16:25:41 - [TEST_STEP][PASSED] - free_spin_reel_counter = []: null

2019-08-15 16:25:41 - [TEST_STEP][PASSED] - free_spin_reel_counter[0] = 0: null

2019-08-15 16:25:41 - [TEST_STEP][PASSED] - free_spin_reel_counter[1] = 0: null

2019-08-15 16:25:41 - [TEST_STEP][PASSED] - free_spin_reel_counter[2] = 0: null

2019-08-15 16:25:41 - [TEST_STEP][PASSED] - M4_spin_reels = reels: null

2019-08-15 16:25:41 - [TEST_STEP][PASSED] - for ([i = 0, i &lt; M4_spin_reels.size(), (i++)]): null

2019-08-15 16:25:41 - [TEST_STEP][PASSED] - symbols = symbols: null

2019-08-15 16:25:41 - [TEST_STEP][PASSED] - for ([j = 0, j &lt; symbols.size(), (j++)]): null

2019-08-15 16:25:41 - [TEST_STEP][PASSED] - symbol = symbol: null

2019-08-15 16:25:41 - [TEST_STEP][PASSED] - println(symbol): null

2019-08-15 16:25:41 - [TEST_STEP][PASSED] - if (i == 2 &amp;&amp; wildList.indexOf(symbol) != -1): null

2019-08-15 16:25:41 - [TEST_STEP][PASSED] - if (i == 3 &amp;&amp; wildList.indexOf(symbol) != -1): null

2019-08-15 16:25:41 - [TEST_STEP][PASSED] - if (i == 4 &amp;&amp; wildList.indexOf(symbol) != -1): null

2019-08-15 16:25:41 - [TEST_STEP][PASSED] - symbol = symbol: null

2019-08-15 16:25:41 - [TEST_STEP][PASSED] - println(symbol): null

2019-08-15 16:25:41 - [TEST_STEP][PASSED] - if (i == 2 &amp;&amp; wildList.indexOf(symbol) != -1): null

2019-08-15 16:25:41 - [TEST_STEP][PASSED] - if (i == 3 &amp;&amp; wildList.indexOf(symbol) != -1): null

2019-08-15 16:25:41 - [TEST_STEP][PASSED] - if (i == 4 &amp;&amp; wildList.indexOf(symbol) != -1): null

2019-08-15 16:25:41 - [TEST_STEP][PASSED] - symbol = symbol: null

2019-08-15 16:25:41 - [TEST_STEP][PASSED] - println(symbol): null

2019-08-15 16:25:41 - [TEST_STEP][PASSED] - if (i == 2 &amp;&amp; wildList.indexOf(symbol) != -1): null

2019-08-15 16:25:41 - [TEST_STEP][PASSED] - if (i == 3 &amp;&amp; wildList.indexOf(symbol) != -1): null

2019-08-15 16:25:41 - [TEST_STEP][PASSED] - if (i == 4 &amp;&amp; wildList.indexOf(symbol) != -1): null

2019-08-15 16:25:41 - [TEST_STEP][PASSED] - symbols = symbols: null

2019-08-15 16:25:41 - [TEST_STEP][PASSED] - for ([j = 0, j &lt; symbols.size(), (j++)]): null

2019-08-15 16:25:41 - [TEST_STEP][PASSED] - symbol = symbol: null

2019-08-15 16:25:41 - [TEST_STEP][PASSED] - println(symbol): null

2019-08-15 16:25:41 - [TEST_STEP][PASSED] - if (i == 2 &amp;&amp; wildList.indexOf(symbol) != -1): null

2019-08-15 16:25:41 - [TEST_STEP][PASSED] - if (i == 3 &amp;&amp; wildList.indexOf(symbol) != -1): null

2019-08-15 16:25:41 - [TEST_STEP][PASSED] - if (i == 4 &amp;&amp; wildList.indexOf(symbol) != -1): null

2019-08-15 16:25:41 - [TEST_STEP][PASSED] - symbol = symbol: null

2019-08-15 16:25:41 - [TEST_STEP][PASSED] - println(symbol): null

2019-08-15 16:25:41 - [TEST_STEP][PASSED] - if (i == 2 &amp;&amp; wildList.indexOf(symbol) != -1): null

2019-08-15 16:25:41 - [TEST_STEP][PASSED] - if (i == 3 &amp;&amp; wildList.indexOf(symbol) != -1): null

2019-08-15 16:25:41 - [TEST_STEP][PASSED] - if (i == 4 &amp;&amp; wildList.indexOf(symbol) != -1): null

2019-08-15 16:25:41 - [TEST_STEP][PASSED] - symbol = symbol: null

2019-08-15 16:25:41 - [TEST_STEP][PASSED] - println(symbol): null

2019-08-15 16:25:41 - [TEST_STEP][PASSED] - if (i == 2 &amp;&amp; wildList.indexOf(symbol) != -1): null

2019-08-15 16:25:41 - [TEST_STEP][PASSED] - if (i == 3 &amp;&amp; wildList.indexOf(symbol) != -1): null

2019-08-15 16:25:41 - [TEST_STEP][PASSED] - if (i == 4 &amp;&amp; wildList.indexOf(symbol) != -1): null

2019-08-15 16:25:41 - [TEST_STEP][PASSED] - symbols = symbols: null

2019-08-15 16:25:41 - [TEST_STEP][PASSED] - for ([j = 0, j &lt; symbols.size(), (j++)]): null

2019-08-15 16:25:41 - [TEST_STEP][PASSED] - symbol = symbol: null

2019-08-15 16:25:41 - [TEST_STEP][PASSED] - println(symbol): null

2019-08-15 16:25:41 - [TEST_STEP][PASSED] - if (i == 2 &amp;&amp; wildList.indexOf(symbol) != -1): null

2019-08-15 16:25:41 - [TEST_STEP][PASSED] - if (i == 3 &amp;&amp; wildList.indexOf(symbol) != -1): null

2019-08-15 16:25:41 - [TEST_STEP][PASSED] - if (i == 4 &amp;&amp; wildList.indexOf(symbol) != -1): null

2019-08-15 16:25:41 - [TEST_STEP][PASSED] - symbol = symbol: null

2019-08-15 16:25:41 - [TEST_STEP][PASSED] - println(symbol): null

2019-08-15 16:25:41 - [TEST_STEP][PASSED] - if (i == 2 &amp;&amp; wildList.indexOf(symbol) != -1): null

2019-08-15 16:25:41 - [TEST_STEP][PASSED] - if (i == 3 &amp;&amp; wildList.indexOf(symbol) != -1): null

2019-08-15 16:25:41 - [TEST_STEP][PASSED] - if (i == 4 &amp;&amp; wildList.indexOf(symbol) != -1): null

2019-08-15 16:25:41 - [TEST_STEP][PASSED] - symbol = symbol: null

2019-08-15 16:25:41 - [TEST_STEP][PASSED] - println(symbol): null

2019-08-15 16:25:41 - [TEST_STEP][PASSED] - if (i == 2 &amp;&amp; wildList.indexOf(symbol) != -1): null

2019-08-15 16:25:41 - [TEST_STEP][PASSED] - if (i == 3 &amp;&amp; wildList.indexOf(symbol) != -1): null

2019-08-15 16:25:41 - [TEST_STEP][PASSED] - if (i == 4 &amp;&amp; wildList.indexOf(symbol) != -1): null

2019-08-15 16:25:41 - [TEST_STEP][PASSED] - symbols = symbols: null

2019-08-15 16:25:41 - [TEST_STEP][PASSED] - for ([j = 0, j &lt; symbols.size(), (j++)]): null

2019-08-15 16:25:41 - [TEST_STEP][PASSED] - symbol = symbol: null

2019-08-15 16:25:41 - [TEST_STEP][PASSED] - println(symbol): null

2019-08-15 16:25:41 - [TEST_STEP][PASSED] - if (i == 2 &amp;&amp; wildList.indexOf(symbol) != -1): null

2019-08-15 16:25:41 - [TEST_STEP][PASSED] - if (i == 3 &amp;&amp; wildList.indexOf(symbol) != -1): null

2019-08-15 16:25:41 - [TEST_STEP][PASSED] - if (i == 4 &amp;&amp; wildList.indexOf(symbol) != -1): null

2019-08-15 16:25:41 - [TEST_STEP][PASSED] - symbol = symbol: null

2019-08-15 16:25:41 - [TEST_STEP][PASSED] - println(symbol): null

2019-08-15 16:25:41 - [TEST_STEP][PASSED] - if (i == 2 &amp;&amp; wildList.indexOf(symbol) != -1): null

2019-08-15 16:25:41 - [TEST_STEP][PASSED] - if (i == 3 &amp;&amp; wildList.indexOf(symbol) != -1): null

2019-08-15 16:25:41 - [TEST_STEP][PASSED] - if (i == 4 &amp;&amp; wildList.indexOf(symbol) != -1): null

2019-08-15 16:25:41 - [TEST_STEP][PASSED] - symbol = symbol: null

2019-08-15 16:25:41 - [TEST_STEP][PASSED] - println(symbol): null

2019-08-15 16:25:41 - [TEST_STEP][PASSED] - if (i == 2 &amp;&amp; wildList.indexOf(symbol) != -1): null

2019-08-15 16:25:41 - [TEST_STEP][PASSED] - if (i == 3 &amp;&amp; wildList.indexOf(symbol) != -1): null

2019-08-15 16:25:41 - [TEST_STEP][PASSED] - if (i == 4 &amp;&amp; wildList.indexOf(symbol) != -1): null

2019-08-15 16:25:41 - [TEST_STEP][PASSED] - symbols = symbols: null

2019-08-15 16:25:41 - [TEST_STEP][PASSED] - for ([j = 0, j &lt; symbols.size(), (j++)]): null

2019-08-15 16:25:41 - [TEST_STEP][PASSED] - symbol = symbol: null

2019-08-15 16:25:41 - [TEST_STEP][PASSED] - println(symbol): null

2019-08-15 16:25:41 - [TEST_STEP][PASSED] - if (i == 2 &amp;&amp; wildList.indexOf(symbol) != -1): null

2019-08-15 16:25:41 - [TEST_STEP][PASSED] - if (i == 3 &amp;&amp; wildList.indexOf(symbol) != -1): null

2019-08-15 16:25:41 - [TEST_STEP][PASSED] - if (i == 4 &amp;&amp; wildList.indexOf(symbol) != -1): null

2019-08-15 16:25:41 - [TEST_STEP][PASSED] - symbol = symbol: null

2019-08-15 16:25:41 - [TEST_STEP][PASSED] - println(symbol): null

2019-08-15 16:25:41 - [TEST_STEP][PASSED] - if (i == 2 &amp;&amp; wildList.indexOf(symbol) != -1): null

2019-08-15 16:25:41 - [TEST_STEP][PASSED] - if (i == 3 &amp;&amp; wildList.indexOf(symbol) != -1): null

2019-08-15 16:25:41 - [TEST_STEP][PASSED] - if (i == 4 &amp;&amp; wildList.indexOf(symbol) != -1): null

2019-08-15 16:25:41 - [TEST_STEP][PASSED] - symbol = symbol: null

2019-08-15 16:25:41 - [TEST_STEP][PASSED] - println(symbol): null

2019-08-15 16:25:41 - [TEST_STEP][PASSED] - if (i == 2 &amp;&amp; wildList.indexOf(symbol) != -1): null

2019-08-15 16:25:41 - [TEST_STEP][PASSED] - if (i == 3 &amp;&amp; wildList.indexOf(symbol) != -1): null

2019-08-15 16:25:41 - [TEST_STEP][PASSED] - if (i == 4 &amp;&amp; wildList.indexOf(symbol) != -1): null

2019-08-15 16:25:41 - [TEST_STEP][PASSED] - free_spin_reel_counter = free_spin_reel_counter: null

2019-08-15 16:25:41 - [TEST_STEP][PASSED] - println("reel 3 wild found: " + free_spin_reel_counter[0]): null

2019-08-15 16:25:41 - [TEST_STEP][PASSED] - println("reel 4 wild found: " + free_spin_reel_counter[1]): null

2019-08-15 16:25:41 - [TEST_STEP][PASSED] - println("reel 5 wild found: " + free_spin_reel_counter[2]): null

2019-08-15 16:25:41 - [TEST_STEP][PASSED] - M4_spin_reels = M4_spin_reels: null

2019-08-15 16:25:41 - [TEST_STEP][PASSED] - M4_spin_reels_symbols = symbol: null

2019-08-15 16:25:41 - [TEST_STEP][PASSED] - M4_spin_reels_symbols = M4_spin_reels_symbols: null

2019-08-15 16:25:41 - [TEST_STEP][PASSED] - M4_spin_reel_wins = reel_wins: null

2019-08-15 16:25:41 - [TEST_STEP][PASSED] - M4_spin_reel_wins = M4_spin_reel_wins: null

2019-08-15 16:25:41 - [TEST_STEP][PASSED] - println("GlobalVariable.M4_spin_reel_wins is: " + M4_spin_reel_wins): null

2019-08-15 16:25:41 - [TEST_STEP][PASSED] - M4_spin_total_bonus_win_this_round = total_bonus_win_this_round: null

2019-08-15 16:25:41 - [TEST_STEP][PASSED] - M4_spin_total_bonus_win_this_round = M4_spin_total_bonus_win_this_round: null

2019-08-15 16:25:41 - [TEST_STEP][PASSED] - println("GlobalVariable.M4_spin_total_bonus_win_this_round is: " + M4_spin_total_bonus_win_this_round): null

2019-08-15 16:25:41 - [MESSAGE][PASSED] - Verify response successfully

2019-08-15 16:25:41 - [MESSAGE][PASSED] - Send request and verify the response successfully

2019-08-15 16:25:41 - [TEST_STEP][PASSED] - if (M4_total_bonus_spins_int != 0 &amp;&amp; M4_spin_reels_symbols[2].contains("WILD_Normal") || M4_spin_reels_symbols[3].contains("WILD_Normal") || M4_spin_reels_symbols[4].contains("WILD_Normal")): null

2019-08-15 16:25:41 - [TEST_STEP][PASSED] - free_spin_reel_counter = free_spin_reel_counter: null

2019-08-15 16:25:41 - [TEST_STEP][PASSED] - M4_spin_reels_symbols = M4_spin_reels_symbols: null

2019-08-15 16:25:41 - [TEST_STEP][PASSED] - M4_total_bonus_spins = M4_total_bonus_spins: null

2019-08-15 16:25:41 - [TEST_STEP][PASSED] - spin_result = sendRequestAndVerify(findTestObject("STG/RGS(M4)/1_M4_spin", ["M4_login_user_id":M4_login_user_id, "rgs_session_token":rgs_session_token, "partner":Partner])): Send request and verify the response successfully

2019-08-15 16:25:41 - [TEST_CASE][PASSED] - Start Test Case : Verification: Verification accomplished successfully

2019-08-15 16:25:41 - [TEST_STEP][PASSED] - request = getInstance().getCurrentRequest(): null

2019-08-15 16:25:41 - [TEST_STEP][PASSED] - response = getInstance().getCurrentResponse(): null

2019-08-15 16:25:41 - [TEST_STEP][PASSED] - verifyResponseStatusCode(response, 200): Verify response status code successfully

2019-08-15 16:25:41 - [MESSAGE][PASSED] - Verify response status code successfully

2019-08-15 16:25:41 - [TEST_STEP][PASSED] - getStatusCode()).isEqualTo(200): null

2019-08-15 16:25:41 - [TEST_STEP][PASSED] - newline = System.getProperty("line.separator"): null

2019-08-15 16:25:41 - [TEST_STEP][PASSED] - M4_spin = new groovy.json.JsonSlurper(): null

2019-08-15 16:25:41 - [TEST_STEP][PASSED] - result_M4_spin = M4_spin.parseText(response.getResponseBodyContent()): null

2019-08-15 16:25:41 - [TEST_STEP][PASSED] - M4_spin_current_balance = current_balance: null

2019-08-15 16:25:41 - [TEST_STEP][PASSED] - M4_spin_current_balance = M4_spin_current_balance: null

2019-08-15 16:25:41 - [TEST_STEP][PASSED] - M4_spin_transaction_id = causality: null

2019-08-15 16:25:41 - [TEST_STEP][PASSED] - M4_spin_transaction_id = M4_spin_transaction_id: null

2019-08-15 16:25:41 - [TEST_STEP][PASSED] - M4_spin_round_id = round_id: null

2019-08-15 16:25:41 - [TEST_STEP][PASSED] - M4_spin_round_id = M4_spin_round_id: null

2019-08-15 16:25:41 - [TEST_STEP][PASSED] - M4_spin_line_wins = line_wins: null

2019-08-15 16:25:41 - [TEST_STEP][PASSED] - M4_spin_line_wins = M4_spin_line_wins: null

2019-08-15 16:25:41 - [TEST_STEP][PASSED] - M4_total_bonus_spins_int = total_bonus_spins: null

2019-08-15 16:25:41 - [TEST_STEP][PASSED] - println("******M4_total_bonus_spins type is:*******" + newline + getClass().getName()): null

2019-08-15 16:25:41 - [TEST_STEP][PASSED] - M4_total_bonus_spins_int = M4_total_bonus_spins_int: null

2019-08-15 16:25:41 - [TEST_STEP][PASSED] - M4_total_bonus_spins = Integer.toString(M4_total_bonus_spins_int): null

2019-08-15 16:25:41 - [TEST_STEP][PASSED] - M4_total_bonus_spins = M4_total_bonus_spins: null

2019-08-15 16:25:41 - [TEST_STEP][PASSED] - println("M4_total_bonus_spins is:" + M4_total_bonus_spins): null

2019-08-15 16:25:41 - [TEST_STEP][PASSED] - M4_spin_bonus_data = bonus_data: null

2019-08-15 16:25:41 - [TEST_STEP][PASSED] - M4_spin_features_triggered = result_M4_spin: null

2019-08-15 16:25:41 - [TEST_STEP][PASSED] - wild = []: null

2019-08-15 16:25:41 - [TEST_STEP][PASSED] - wild[0] = "WILD_Expanding": null

2019-08-15 16:25:41 - [TEST_STEP][PASSED] - wild[1] = "WILD_Normal": null

2019-08-15 16:25:41 - [TEST_STEP][PASSED] - wild[2] = "WILD_Double": null

2019-08-15 16:25:41 - [TEST_STEP][PASSED] - wild[3] = "WILD_ExtraFG": null

2019-08-15 16:25:41 - [TEST_STEP][PASSED] - wild[4] = "WILD_Triple": null

2019-08-15 16:25:41 - [TEST_STEP][PASSED] - wildList = Arrays.asList(wild): null

2019-08-15 16:25:41 - [TEST_STEP][PASSED] - wildList = wildList: null

2019-08-15 16:25:41 - [TEST_STEP][PASSED] - free_spin_reel_counter = []: null

2019-08-15 16:25:41 - [TEST_STEP][PASSED] - free_spin_reel_counter[0] = 0: null

2019-08-15 16:25:41 - [TEST_STEP][PASSED] - free_spin_reel_counter[1] = 0: null

2019-08-15 16:25:41 - [TEST_STEP][PASSED] - free_spin_reel_counter[2] = 0: null

2019-08-15 16:25:41 - [TEST_STEP][PASSED] - M4_spin_reels = reels: null

2019-08-15 16:25:41 - [TEST_STEP][PASSED] - for ([i = 0, i &lt; M4_spin_reels.size(), (i++)]): null

2019-08-15 16:25:41 - [TEST_STEP][PASSED] - symbols = symbols: null

2019-08-15 16:25:41 - [TEST_STEP][PASSED] - for ([j = 0, j &lt; symbols.size(), (j++)]): null

2019-08-15 16:25:41 - [TEST_STEP][PASSED] - symbol = symbol: null

2019-08-15 16:25:41 - [TEST_STEP][PASSED] - println(symbol): null

2019-08-15 16:25:41 - [TEST_STEP][PASSED] - if (i == 2 &amp;&amp; wildList.indexOf(symbol) != -1): null

2019-08-15 16:25:41 - [TEST_STEP][PASSED] - if (i == 3 &amp;&amp; wildList.indexOf(symbol) != -1): null

2019-08-15 16:25:41 - [TEST_STEP][PASSED] - if (i == 4 &amp;&amp; wildList.indexOf(symbol) != -1): null

2019-08-15 16:25:41 - [TEST_STEP][PASSED] - symbol = symbol: null

2019-08-15 16:25:41 - [TEST_STEP][PASSED] - println(symbol): null

2019-08-15 16:25:41 - [TEST_STEP][PASSED] - if (i == 2 &amp;&amp; wildList.indexOf(symbol) != -1): null

2019-08-15 16:25:41 - [TEST_STEP][PASSED] - if (i == 3 &amp;&amp; wildList.indexOf(symbol) != -1): null

2019-08-15 16:25:41 - [TEST_STEP][PASSED] - if (i == 4 &amp;&amp; wildList.indexOf(symbol) != -1): null

2019-08-15 16:25:41 - [TEST_STEP][PASSED] - symbol = symbol: null

2019-08-15 16:25:41 - [TEST_STEP][PASSED] - println(symbol): null

2019-08-15 16:25:41 - [TEST_STEP][PASSED] - if (i == 2 &amp;&amp; wildList.indexOf(symbol) != -1): null

2019-08-15 16:25:41 - [TEST_STEP][PASSED] - if (i == 3 &amp;&amp; wildList.indexOf(symbol) != -1): null

2019-08-15 16:25:41 - [TEST_STEP][PASSED] - if (i == 4 &amp;&amp; wildList.indexOf(symbol) != -1): null

2019-08-15 16:25:41 - [TEST_STEP][PASSED] - symbols = symbols: null

2019-08-15 16:25:41 - [TEST_STEP][PASSED] - for ([j = 0, j &lt; symbols.size(), (j++)]): null

2019-08-15 16:25:41 - [TEST_STEP][PASSED] - symbol = symbol: null

2019-08-15 16:25:41 - [TEST_STEP][PASSED] - println(symbol): null

2019-08-15 16:25:41 - [TEST_STEP][PASSED] - if (i == 2 &amp;&amp; wildList.indexOf(symbol) != -1): null

2019-08-15 16:25:41 - [TEST_STEP][PASSED] - if (i == 3 &amp;&amp; wildList.indexOf(symbol) != -1): null

2019-08-15 16:25:41 - [TEST_STEP][PASSED] - if (i == 4 &amp;&amp; wildList.indexOf(symbol) != -1): null

2019-08-15 16:25:41 - [TEST_STEP][PASSED] - symbol = symbol: null

2019-08-15 16:25:41 - [TEST_STEP][PASSED] - println(symbol): null

2019-08-15 16:25:41 - [TEST_STEP][PASSED] - if (i == 2 &amp;&amp; wildList.indexOf(symbol) != -1): null

2019-08-15 16:25:41 - [TEST_STEP][PASSED] - if (i == 3 &amp;&amp; wildList.indexOf(symbol) != -1): null

2019-08-15 16:25:41 - [TEST_STEP][PASSED] - if (i == 4 &amp;&amp; wildList.indexOf(symbol) != -1): null

2019-08-15 16:25:41 - [TEST_STEP][PASSED] - symbol = symbol: null

2019-08-15 16:25:41 - [TEST_STEP][PASSED] - println(symbol): null

2019-08-15 16:25:46 - [TEST_STEP][PASSED] - if (i == 2 &amp;&amp; wildList.indexOf(symbol) != -1): null

2019-08-15 16:25:46 - [TEST_STEP][PASSED] - if (i == 3 &amp;&amp; wildList.indexOf(symbol) != -1): null

2019-08-15 16:25:46 - [TEST_STEP][PASSED] - if (i == 4 &amp;&amp; wildList.indexOf(symbol) != -1): null

2019-08-15 16:25:46 - [TEST_STEP][PASSED] - symbols = symbols: null

2019-08-15 16:25:46 - [TEST_STEP][PASSED] - for ([j = 0, j &lt; symbols.size(), (j++)]): null

2019-08-15 16:25:46 - [TEST_STEP][PASSED] - symbol = symbol: null

2019-08-15 16:25:46 - [TEST_STEP][PASSED] - println(symbol): null

2019-08-15 16:25:46 - [TEST_STEP][PASSED] - if (i == 2 &amp;&amp; wildList.indexOf(symbol) != -1): null

2019-08-15 16:25:46 - [TEST_STEP][PASSED] - println("wild found on reel 3, adding counter by 1"): null

2019-08-15 16:25:46 - [TEST_STEP][PASSED] - free_spin_reel_counter[0] = free_spin_reel_counter[0] + 1: null

2019-08-15 16:25:46 - [TEST_STEP][PASSED] - if (i == 3 &amp;&amp; wildList.indexOf(symbol) != -1): null

2019-08-15 16:25:46 - [TEST_STEP][PASSED] - if (i == 4 &amp;&amp; wildList.indexOf(symbol) != -1): null

2019-08-15 16:25:46 - [TEST_STEP][PASSED] - symbol = symbol: null

2019-08-15 16:25:46 - [TEST_STEP][PASSED] - println(symbol): null

2019-08-15 16:25:46 - [TEST_STEP][PASSED] - if (i == 2 &amp;&amp; wildList.indexOf(symbol) != -1): null

2019-08-15 16:25:46 - [TEST_STEP][PASSED] - if (i == 3 &amp;&amp; wildList.indexOf(symbol) != -1): null

2019-08-15 16:25:46 - [TEST_STEP][PASSED] - if (i == 4 &amp;&amp; wildList.indexOf(symbol) != -1): null

2019-08-15 16:25:46 - [TEST_STEP][PASSED] - symbol = symbol: null

2019-08-15 16:25:46 - [TEST_STEP][PASSED] - println(symbol): null

2019-08-15 16:25:46 - [TEST_STEP][PASSED] - if (i == 2 &amp;&amp; wildList.indexOf(symbol) != -1): null

2019-08-15 16:25:46 - [TEST_STEP][PASSED] - if (i == 3 &amp;&amp; wildList.indexOf(symbol) != -1): null

2019-08-15 16:25:46 - [TEST_STEP][PASSED] - if (i == 4 &amp;&amp; wildList.indexOf(symbol) != -1): null

2019-08-15 16:25:46 - [TEST_STEP][PASSED] - symbols = symbols: null

2019-08-15 16:25:46 - [TEST_STEP][PASSED] - for ([j = 0, j &lt; symbols.size(), (j++)]): null

2019-08-15 16:25:46 - [TEST_STEP][PASSED] - symbol = symbol: null

2019-08-15 16:25:46 - [TEST_STEP][PASSED] - println(symbol): null

2019-08-15 16:25:46 - [TEST_STEP][PASSED] - if (i == 2 &amp;&amp; wildList.indexOf(symbol) != -1): null

2019-08-15 16:25:46 - [TEST_STEP][PASSED] - if (i == 3 &amp;&amp; wildList.indexOf(symbol) != -1): null

2019-08-15 16:25:46 - [TEST_STEP][PASSED] - if (i == 4 &amp;&amp; wildList.indexOf(symbol) != -1): null

2019-08-15 16:25:46 - [TEST_STEP][PASSED] - symbol = symbol: null

2019-08-15 16:25:46 - [TEST_STEP][PASSED] - println(symbol): null

2019-08-15 16:25:46 - [TEST_STEP][PASSED] - if (i == 2 &amp;&amp; wildList.indexOf(symbol) != -1): null

2019-08-15 16:25:46 - [TEST_STEP][PASSED] - if (i == 3 &amp;&amp; wildList.indexOf(symbol) != -1): null

2019-08-15 16:25:46 - [TEST_STEP][PASSED] - if (i == 4 &amp;&amp; wildList.indexOf(symbol) != -1): null

2019-08-15 16:25:46 - [TEST_STEP][PASSED] - symbol = symbol: null

2019-08-15 16:25:46 - [TEST_STEP][PASSED] - println(symbol): null

2019-08-15 16:25:46 - [TEST_STEP][PASSED] - if (i == 2 &amp;&amp; wildList.indexOf(symbol) != -1): null

2019-08-15 16:25:46 - [TEST_STEP][PASSED] - if (i == 3 &amp;&amp; wildList.indexOf(symbol) != -1): null

2019-08-15 16:25:46 - [TEST_STEP][PASSED] - if (i == 4 &amp;&amp; wildList.indexOf(symbol) != -1): null

2019-08-15 16:25:46 - [TEST_STEP][PASSED] - symbols = symbols: null

2019-08-15 16:25:46 - [TEST_STEP][PASSED] - for ([j = 0, j &lt; symbols.size(), (j++)]): null

2019-08-15 16:25:46 - [TEST_STEP][PASSED] - symbol = symbol: null

2019-08-15 16:25:46 - [TEST_STEP][PASSED] - println(symbol): null

2019-08-15 16:25:46 - [TEST_STEP][PASSED] - if (i == 2 &amp;&amp; wildList.indexOf(symbol) != -1): null

2019-08-15 16:25:46 - [TEST_STEP][PASSED] - if (i == 3 &amp;&amp; wildList.indexOf(symbol) != -1): null

2019-08-15 16:25:46 - [TEST_STEP][PASSED] - if (i == 4 &amp;&amp; wildList.indexOf(symbol) != -1): null

2019-08-15 16:25:46 - [TEST_STEP][PASSED] - symbol = symbol: null

2019-08-15 16:25:46 - [TEST_STEP][PASSED] - println(symbol): null

2019-08-15 16:25:46 - [TEST_STEP][PASSED] - if (i == 2 &amp;&amp; wildList.indexOf(symbol) != -1): null

2019-08-15 16:25:46 - [TEST_STEP][PASSED] - if (i == 3 &amp;&amp; wildList.indexOf(symbol) != -1): null

2019-08-15 16:25:46 - [TEST_STEP][PASSED] - if (i == 4 &amp;&amp; wildList.indexOf(symbol) != -1): null

2019-08-15 16:25:46 - [TEST_STEP][PASSED] - symbol = symbol: null

2019-08-15 16:25:46 - [TEST_STEP][PASSED] - println(symbol): null

2019-08-15 16:25:46 - [TEST_STEP][PASSED] - if (i == 2 &amp;&amp; wildList.indexOf(symbol) != -1): null

2019-08-15 16:25:46 - [TEST_STEP][PASSED] - if (i == 3 &amp;&amp; wildList.indexOf(symbol) != -1): null

2019-08-15 16:25:46 - [TEST_STEP][PASSED] - if (i == 4 &amp;&amp; wildList.indexOf(symbol) != -1): null

2019-08-15 16:25:46 - [TEST_STEP][PASSED] - free_spin_reel_counter = free_spin_reel_counter: null

2019-08-15 16:25:46 - [TEST_STEP][PASSED] - println("reel 3 wild found: " + free_spin_reel_counter[0]): null

2019-08-15 16:25:46 - [TEST_STEP][PASSED] - println("reel 4 wild found: " + free_spin_reel_counter[1]): null

2019-08-15 16:25:46 - [TEST_STEP][PASSED] - println("reel 5 wild found: " + free_spin_reel_counter[2]): null

2019-08-15 16:25:46 - [TEST_STEP][PASSED] - M4_spin_reels = M4_spin_reels: null

2019-08-15 16:25:46 - [TEST_STEP][PASSED] - M4_spin_reels_symbols = symbol: null

2019-08-15 16:25:46 - [TEST_STEP][PASSED] - M4_spin_reels_symbols = M4_spin_reels_symbols: null

2019-08-15 16:25:46 - [TEST_STEP][PASSED] - M4_spin_reel_wins = reel_wins: null

2019-08-15 16:25:46 - [TEST_STEP][PASSED] - M4_spin_reel_wins = M4_spin_reel_wins: null

2019-08-15 16:25:46 - [TEST_STEP][PASSED] - println("GlobalVariable.M4_spin_reel_wins is: " + M4_spin_reel_wins): null

2019-08-15 16:25:46 - [TEST_STEP][PASSED] - M4_spin_total_bonus_win_this_round = total_bonus_win_this_round: null

2019-08-15 16:25:46 - [TEST_STEP][PASSED] - M4_spin_total_bonus_win_this_round = M4_spin_total_bonus_win_this_round: null

2019-08-15 16:25:46 - [TEST_STEP][PASSED] - println("GlobalVariable.M4_spin_total_bonus_win_this_round is: " + M4_spin_total_bonus_win_this_round): null

2019-08-15 16:25:46 - [MESSAGE][PASSED] - Verify response successfully

2019-08-15 16:25:46 - [MESSAGE][PASSED] - Send request and verify the response successfully

2019-08-15 16:25:46 - [TEST_STEP][PASSED] - if (M4_total_bonus_spins_int != 0 &amp;&amp; M4_spin_reels_symbols[2].contains("WILD_Normal") || M4_spin_reels_symbols[3].contains("WILD_Normal") || M4_spin_reels_symbols[4].contains("WILD_Normal")): null

2019-08-15 16:25:46 - [TEST_STEP][PASSED] - free_spin_reel_counter = free_spin_reel_counter: null

2019-08-15 16:25:46 - [TEST_STEP][PASSED] - M4_spin_reels_symbols = M4_spin_reels_symbols: null

2019-08-15 16:25:46 - [TEST_STEP][PASSED] - M4_total_bonus_spins = M4_total_bonus_spins: null

2019-08-15 16:25:46 - [TEST_STEP][PASSED] - spin_result = sendRequestAndVerify(findTestObject("STG/RGS(M4)/1_M4_spin", ["M4_login_user_id":M4_login_user_id, "rgs_session_token":rgs_session_token, "partner":Partner])): Send request and verify the response successfully

2019-08-15 16:25:47 - [TEST_CASE][PASSED] - Start Test Case : Verification: Verification accomplished successfully

2019-08-15 16:25:47 - [TEST_STEP][PASSED] - request = getInstance().getCurrentRequest(): null

2019-08-15 16:25:47 - [TEST_STEP][PASSED] - response = getInstance().getCurrentResponse(): null

2019-08-15 16:25:47 - [TEST_STEP][PASSED] - verifyResponseStatusCode(response, 200): Verify response status code successfully

2019-08-15 16:25:47 - [MESSAGE][PASSED] - Verify response status code successfully

2019-08-15 16:25:47 - [TEST_STEP][PASSED] - getStatusCode()).isEqualTo(200): null

2019-08-15 16:25:47 - [TEST_STEP][PASSED] - newline = System.getProperty("line.separator"): null

2019-08-15 16:25:47 - [TEST_STEP][PASSED] - M4_spin = new groovy.json.JsonSlurper(): null

2019-08-15 16:25:47 - [TEST_STEP][PASSED] - result_M4_spin = M4_spin.parseText(response.getResponseBodyContent()): null

2019-08-15 16:25:47 - [TEST_STEP][PASSED] - M4_spin_current_balance = current_balance: null

2019-08-15 16:25:47 - [TEST_STEP][PASSED] - M4_spin_current_balance = M4_spin_current_balance: null

2019-08-15 16:25:47 - [TEST_STEP][PASSED] - M4_spin_transaction_id = causality: null

2019-08-15 16:25:47 - [TEST_STEP][PASSED] - M4_spin_transaction_id = M4_spin_transaction_id: null

2019-08-15 16:25:47 - [TEST_STEP][PASSED] - M4_spin_round_id = round_id: null

2019-08-15 16:25:47 - [TEST_STEP][PASSED] - M4_spin_round_id = M4_spin_round_id: null

2019-08-15 16:25:47 - [TEST_STEP][PASSED] - M4_spin_line_wins = line_wins: null

2019-08-15 16:25:47 - [TEST_STEP][PASSED] - M4_spin_line_wins = M4_spin_line_wins: null

2019-08-15 16:25:47 - [TEST_STEP][PASSED] - M4_total_bonus_spins_int = total_bonus_spins: null

2019-08-15 16:25:47 - [TEST_STEP][PASSED] - println("******M4_total_bonus_spins type is:*******" + newline + getClass().getName()): null

2019-08-15 16:25:47 - [TEST_STEP][PASSED] - M4_total_bonus_spins_int = M4_total_bonus_spins_int: null

2019-08-15 16:25:47 - [TEST_STEP][PASSED] - M4_total_bonus_spins = Integer.toString(M4_total_bonus_spins_int): null

2019-08-15 16:25:47 - [TEST_STEP][PASSED] - M4_total_bonus_spins = M4_total_bonus_spins: null

2019-08-15 16:25:47 - [TEST_STEP][PASSED] - println("M4_total_bonus_spins is:" + M4_total_bonus_spins): null

2019-08-15 16:25:47 - [TEST_STEP][PASSED] - M4_spin_bonus_data = bonus_data: null

2019-08-15 16:25:47 - [TEST_STEP][PASSED] - M4_spin_features_triggered = result_M4_spin: null

2019-08-15 16:25:47 - [TEST_STEP][PASSED] - wild = []: null

2019-08-15 16:25:47 - [TEST_STEP][PASSED] - wild[0] = "WILD_Expanding": null

2019-08-15 16:25:47 - [TEST_STEP][PASSED] - wild[1] = "WILD_Normal": null

2019-08-15 16:25:47 - [TEST_STEP][PASSED] - wild[2] = "WILD_Double": null

2019-08-15 16:25:47 - [TEST_STEP][PASSED] - wild[3] = "WILD_ExtraFG": null

2019-08-15 16:25:47 - [TEST_STEP][PASSED] - wild[4] = "WILD_Triple": null

2019-08-15 16:25:47 - [TEST_STEP][PASSED] - wildList = Arrays.asList(wild): null

2019-08-15 16:25:47 - [TEST_STEP][PASSED] - wildList = wildList: null

2019-08-15 16:25:47 - [TEST_STEP][PASSED] - free_spin_reel_counter = []: null

2019-08-15 16:25:47 - [TEST_STEP][PASSED] - free_spin_reel_counter[0] = 0: null

2019-08-15 16:25:47 - [TEST_STEP][PASSED] - free_spin_reel_counter[1] = 0: null

2019-08-15 16:25:47 - [TEST_STEP][PASSED] - free_spin_reel_counter[2] = 0: null

2019-08-15 16:25:47 - [TEST_STEP][PASSED] - M4_spin_reels = reels: null

2019-08-15 16:25:47 - [TEST_STEP][PASSED] - for ([i = 0, i &lt; M4_spin_reels.size(), (i++)]): null

2019-08-15 16:25:47 - [TEST_STEP][PASSED] - symbols = symbols: null

2019-08-15 16:25:47 - [TEST_STEP][PASSED] - for ([j = 0, j &lt; symbols.size(), (j++)]): null

2019-08-15 16:25:47 - [TEST_STEP][PASSED] - symbol = symbol: null

2019-08-15 16:25:47 - [TEST_STEP][PASSED] - println(symbol): null

2019-08-15 16:25:47 - [TEST_STEP][PASSED] - if (i == 2 &amp;&amp; wildList.indexOf(symbol) != -1): null

2019-08-15 16:25:47 - [TEST_STEP][PASSED] - if (i == 3 &amp;&amp; wildList.indexOf(symbol) != -1): null

2019-08-15 16:25:47 - [TEST_STEP][PASSED] - if (i == 4 &amp;&amp; wildList.indexOf(symbol) != -1): null

2019-08-15 16:25:47 - [TEST_STEP][PASSED] - symbol = symbol: null

2019-08-15 16:25:47 - [TEST_STEP][PASSED] - println(symbol): null

2019-08-15 16:25:47 - [TEST_STEP][PASSED] - if (i == 2 &amp;&amp; wildList.indexOf(symbol) != -1): null

2019-08-15 16:25:47 - [TEST_STEP][PASSED] - if (i == 3 &amp;&amp; wildList.indexOf(symbol) != -1): null

2019-08-15 16:25:47 - [TEST_STEP][PASSED] - if (i == 4 &amp;&amp; wildList.indexOf(symbol) != -1): null

2019-08-15 16:25:47 - [TEST_STEP][PASSED] - symbol = symbol: null

2019-08-15 16:25:47 - [TEST_STEP][PASSED] - println(symbol): null

2019-08-15 16:25:47 - [TEST_STEP][PASSED] - if (i == 2 &amp;&amp; wildList.indexOf(symbol) != -1): null

2019-08-15 16:25:47 - [TEST_STEP][PASSED] - if (i == 3 &amp;&amp; wildList.indexOf(symbol) != -1): null

2019-08-15 16:25:47 - [TEST_STEP][PASSED] - if (i == 4 &amp;&amp; wildList.indexOf(symbol) != -1): null

2019-08-15 16:25:47 - [TEST_STEP][PASSED] - symbols = symbols: null

2019-08-15 16:25:47 - [TEST_STEP][PASSED] - for ([j = 0, j &lt; symbols.size(), (j++)]): null

2019-08-15 16:25:47 - [TEST_STEP][PASSED] - symbol = symbol: null

2019-08-15 16:25:47 - [TEST_STEP][PASSED] - println(symbol): null

2019-08-15 16:25:47 - [TEST_STEP][PASSED] - if (i == 2 &amp;&amp; wildList.indexOf(symbol) != -1): null

2019-08-15 16:25:47 - [TEST_STEP][PASSED] - if (i == 3 &amp;&amp; wildList.indexOf(symbol) != -1): null

2019-08-15 16:25:47 - [TEST_STEP][PASSED] - if (i == 4 &amp;&amp; wildList.indexOf(symbol) != -1): null

2019-08-15 16:25:47 - [TEST_STEP][PASSED] - symbol = symbol: null

2019-08-15 16:25:47 - [TEST_STEP][PASSED] - println(symbol): null

2019-08-15 16:25:47 - [TEST_STEP][PASSED] - if (i == 2 &amp;&amp; wildList.indexOf(symbol) != -1): null

2019-08-15 16:25:47 - [TEST_STEP][PASSED] - if (i == 3 &amp;&amp; wildList.indexOf(symbol) != -1): null

2019-08-15 16:25:47 - [TEST_STEP][PASSED] - if (i == 4 &amp;&amp; wildList.indexOf(symbol) != -1): null

2019-08-15 16:25:47 - [TEST_STEP][PASSED] - symbol = symbol: null

2019-08-15 16:25:47 - [TEST_STEP][PASSED] - println(symbol): null

2019-08-15 16:25:47 - [TEST_STEP][PASSED] - if (i == 2 &amp;&amp; wildList.indexOf(symbol) != -1): null

2019-08-15 16:25:47 - [TEST_STEP][PASSED] - if (i == 3 &amp;&amp; wildList.indexOf(symbol) != -1): null

2019-08-15 16:25:47 - [TEST_STEP][PASSED] - if (i == 4 &amp;&amp; wildList.indexOf(symbol) != -1): null

2019-08-15 16:25:47 - [TEST_STEP][PASSED] - symbols = symbols: null

2019-08-15 16:25:47 - [TEST_STEP][PASSED] - for ([j = 0, j &lt; symbols.size(), (j++)]): null

2019-08-15 16:25:47 - [TEST_STEP][PASSED] - symbol = symbol: null

2019-08-15 16:25:47 - [TEST_STEP][PASSED] - println(symbol): null

2019-08-15 16:25:47 - [TEST_STEP][PASSED] - if (i == 2 &amp;&amp; wildList.indexOf(symbol) != -1): null

2019-08-15 16:25:47 - [TEST_STEP][PASSED] - if (i == 3 &amp;&amp; wildList.indexOf(symbol) != -1): null

2019-08-15 16:25:47 - [TEST_STEP][PASSED] - if (i == 4 &amp;&amp; wildList.indexOf(symbol) != -1): null

2019-08-15 16:25:47 - [TEST_STEP][PASSED] - symbol = symbol: null

2019-08-15 16:25:47 - [TEST_STEP][PASSED] - println(symbol): null

2019-08-15 16:25:47 - [TEST_STEP][PASSED] - if (i == 2 &amp;&amp; wildList.indexOf(symbol) != -1): null

2019-08-15 16:25:47 - [TEST_STEP][PASSED] - if (i == 3 &amp;&amp; wildList.indexOf(symbol) != -1): null

2019-08-15 16:25:47 - [TEST_STEP][PASSED] - if (i == 4 &amp;&amp; wildList.indexOf(symbol) != -1): null

2019-08-15 16:25:47 - [TEST_STEP][PASSED] - symbol = symbol: null

2019-08-15 16:25:47 - [TEST_STEP][PASSED] - println(symbol): null

2019-08-15 16:25:47 - [TEST_STEP][PASSED] - if (i == 2 &amp;&amp; wildList.indexOf(symbol) != -1): null

2019-08-15 16:25:47 - [TEST_STEP][PASSED] - if (i == 3 &amp;&amp; wildList.indexOf(symbol) != -1): null

2019-08-15 16:25:47 - [TEST_STEP][PASSED] - if (i == 4 &amp;&amp; wildList.indexOf(symbol) != -1): null

2019-08-15 16:25:47 - [TEST_STEP][PASSED] - symbols = symbols: null

2019-08-15 16:25:47 - [TEST_STEP][PASSED] - for ([j = 0, j &lt; symbols.size(), (j++)]): null

2019-08-15 16:25:47 - [TEST_STEP][PASSED] - symbol = symbol: null

2019-08-15 16:25:47 - [TEST_STEP][PASSED] - println(symbol): null

2019-08-15 16:25:47 - [TEST_STEP][PASSED] - if (i == 2 &amp;&amp; wildList.indexOf(symbol) != -1): null

2019-08-15 16:25:47 - [TEST_STEP][PASSED] - if (i == 3 &amp;&amp; wildList.indexOf(symbol) != -1): null

2019-08-15 16:25:47 - [TEST_STEP][PASSED] - if (i == 4 &amp;&amp; wildList.indexOf(symbol) != -1): null

2019-08-15 16:25:47 - [TEST_STEP][PASSED] - symbol = symbol: null

2019-08-15 16:25:47 - [TEST_STEP][PASSED] - println(symbol): null

2019-08-15 16:25:47 - [TEST_STEP][PASSED] - if (i == 2 &amp;&amp; wildList.indexOf(symbol) != -1): null

2019-08-15 16:25:47 - [TEST_STEP][PASSED] - if (i == 3 &amp;&amp; wildList.indexOf(symbol) != -1): null

2019-08-15 16:25:47 - [TEST_STEP][PASSED] - if (i == 4 &amp;&amp; wildList.indexOf(symbol) != -1): null

2019-08-15 16:25:47 - [TEST_STEP][PASSED] - symbol = symbol: null

2019-08-15 16:25:47 - [TEST_STEP][PASSED] - println(symbol): null

2019-08-15 16:25:47 - [TEST_STEP][PASSED] - if (i == 2 &amp;&amp; wildList.indexOf(symbol) != -1): null

2019-08-15 16:25:47 - [TEST_STEP][PASSED] - if (i == 3 &amp;&amp; wildList.indexOf(symbol) != -1): null

2019-08-15 16:25:47 - [TEST_STEP][PASSED] - println("wild found on reel 4, adding counter by 1"): null

2019-08-15 16:25:47 - [TEST_STEP][PASSED] - free_spin_reel_counter[1] = free_spin_reel_counter[1] + 1: null

2019-08-15 16:25:47 - [TEST_STEP][PASSED] - if (i == 4 &amp;&amp; wildList.indexOf(symbol) != -1): null

2019-08-15 16:25:47 - [TEST_STEP][PASSED] - symbols = symbols: null

2019-08-15 16:25:47 - [TEST_STEP][PASSED] - for ([j = 0, j &lt; symbols.size(), (j++)]): null

2019-08-15 16:25:47 - [TEST_STEP][PASSED] - symbol = symbol: null

2019-08-15 16:25:47 - [TEST_STEP][PASSED] - println(symbol): null

2019-08-15 16:25:47 - [TEST_STEP][PASSED] - if (i == 2 &amp;&amp; wildList.indexOf(symbol) != -1): null

2019-08-15 16:25:47 - [TEST_STEP][PASSED] - if (i == 3 &amp;&amp; wildList.indexOf(symbol) != -1): null

2019-08-15 16:25:47 - [TEST_STEP][PASSED] - if (i == 4 &amp;&amp; wildList.indexOf(symbol) != -1): null

2019-08-15 16:25:47 - [TEST_STEP][PASSED] - symbol = symbol: null

2019-08-15 16:25:47 - [TEST_STEP][PASSED] - println(symbol): null

2019-08-15 16:25:47 - [TEST_STEP][PASSED] - if (i == 2 &amp;&amp; wildList.indexOf(symbol) != -1): null

2019-08-15 16:25:47 - [TEST_STEP][PASSED] - if (i == 3 &amp;&amp; wildList.indexOf(symbol) != -1): null

2019-08-15 16:25:47 - [TEST_STEP][PASSED] - if (i == 4 &amp;&amp; wildList.indexOf(symbol) != -1): null

2019-08-15 16:25:47 - [TEST_STEP][PASSED] - symbol = symbol: null

2019-08-15 16:25:47 - [TEST_STEP][PASSED] - println(symbol): null

2019-08-15 16:25:47 - [TEST_STEP][PASSED] - if (i == 2 &amp;&amp; wildList.indexOf(symbol) != -1): null

2019-08-15 16:25:47 - [TEST_STEP][PASSED] - if (i == 3 &amp;&amp; wildList.indexOf(symbol) != -1): null

2019-08-15 16:25:47 - [TEST_STEP][PASSED] - if (i == 4 &amp;&amp; wildList.indexOf(symbol) != -1): null

2019-08-15 16:25:47 - [TEST_STEP][PASSED] - free_spin_reel_counter = free_spin_reel_counter: null

2019-08-15 16:25:47 - [TEST_STEP][PASSED] - println("reel 3 wild found: " + free_spin_reel_counter[0]): null

2019-08-15 16:25:47 - [TEST_STEP][PASSED] - println("reel 4 wild found: " + free_spin_reel_counter[1]): null

2019-08-15 16:25:47 - [TEST_STEP][PASSED] - println("reel 5 wild found: " + free_spin_reel_counter[2]): null

2019-08-15 16:25:47 - [TEST_STEP][PASSED] - M4_spin_reels = M4_spin_reels: null

2019-08-15 16:25:47 - [TEST_STEP][PASSED] - M4_spin_reels_symbols = symbol: null

2019-08-15 16:25:47 - [TEST_STEP][PASSED] - M4_spin_reels_symbols = M4_spin_reels_symbols: null

2019-08-15 16:25:47 - [TEST_STEP][PASSED] - M4_spin_reel_wins = reel_wins: null

2019-08-15 16:25:47 - [TEST_STEP][PASSED] - M4_spin_reel_wins = M4_spin_reel_wins: null

2019-08-15 16:25:47 - [TEST_STEP][PASSED] - println("GlobalVariable.M4_spin_reel_wins is: " + M4_spin_reel_wins): null

2019-08-15 16:25:47 - [TEST_STEP][PASSED] - M4_spin_total_bonus_win_this_round = total_bonus_win_this_round: null

2019-08-15 16:25:47 - [TEST_STEP][PASSED] - M4_spin_total_bonus_win_this_round = M4_spin_total_bonus_win_this_round: null

2019-08-15 16:25:47 - [TEST_STEP][PASSED] - println("GlobalVariable.M4_spin_total_bonus_win_this_round is: " + M4_spin_total_bonus_win_this_round): null

2019-08-15 16:25:47 - [MESSAGE][PASSED] - Verify response successfully

2019-08-15 16:25:47 - [MESSAGE][PASSED] - Send request and verify the response successfully

2019-08-15 16:25:47 - [TEST_STEP][PASSED] - if (M4_total_bonus_spins_int != 0 &amp;&amp; M4_spin_reels_symbols[2].contains("WILD_Normal") || M4_spin_reels_symbols[3].contains("WILD_Normal") || M4_spin_reels_symbols[4].contains("WILD_Normal")): null

2019-08-15 16:25:47 - [TEST_STEP][PASSED] - free_spin_reel_counter = free_spin_reel_counter: null

2019-08-15 16:25:47 - [TEST_STEP][PASSED] - M4_spin_reels_symbols = M4_spin_reels_symbols: null

2019-08-15 16:25:47 - [TEST_STEP][PASSED] - M4_total_bonus_spins = M4_total_bonus_spins: null

2019-08-15 16:25:47 - [TEST_STEP][PASSED] - spin_result = sendRequestAndVerify(findTestObject("STG/RGS(M4)/1_M4_spin", ["M4_login_user_id":M4_login_user_id, "rgs_session_token":rgs_session_token, "partner":Partner])): Send request and verify the response successfully

2019-08-15 16:25:48 - [TEST_CASE][PASSED] - Start Test Case : Verification: Verification accomplished successfully

2019-08-15 16:25:48 - [TEST_STEP][PASSED] - request = getInstance().getCurrentRequest(): null

2019-08-15 16:25:48 - [TEST_STEP][PASSED] - response = getInstance().getCurrentResponse(): null

2019-08-15 16:25:48 - [TEST_STEP][PASSED] - verifyResponseStatusCode(response, 200): Verify response status code successfully

2019-08-15 16:25:48 - [MESSAGE][PASSED] - Verify response status code successfully

2019-08-15 16:25:48 - [TEST_STEP][PASSED] - getStatusCode()).isEqualTo(200): null

2019-08-15 16:25:48 - [TEST_STEP][PASSED] - newline = System.getProperty("line.separator"): null

2019-08-15 16:25:48 - [TEST_STEP][PASSED] - M4_spin = new groovy.json.JsonSlurper(): null

2019-08-15 16:25:48 - [TEST_STEP][PASSED] - result_M4_spin = M4_spin.parseText(response.getResponseBodyContent()): null

2019-08-15 16:25:48 - [TEST_STEP][PASSED] - M4_spin_current_balance = current_balance: null

2019-08-15 16:25:48 - [TEST_STEP][PASSED] - M4_spin_current_balance = M4_spin_current_balance: null

2019-08-15 16:25:48 - [TEST_STEP][PASSED] - M4_spin_transaction_id = causality: null

2019-08-15 16:25:48 - [TEST_STEP][PASSED] - M4_spin_transaction_id = M4_spin_transaction_id: null

2019-08-15 16:25:48 - [TEST_STEP][PASSED] - M4_spin_round_id = round_id: null

2019-08-15 16:25:48 - [TEST_STEP][PASSED] - M4_spin_round_id = M4_spin_round_id: null

2019-08-15 16:25:48 - [TEST_STEP][PASSED] - M4_spin_line_wins = line_wins: null

2019-08-15 16:25:48 - [TEST_STEP][PASSED] - M4_spin_line_wins = M4_spin_line_wins: null

2019-08-15 16:25:48 - [TEST_STEP][PASSED] - M4_total_bonus_spins_int = total_bonus_spins: null

2019-08-15 16:25:48 - [TEST_STEP][PASSED] - println("******M4_total_bonus_spins type is:*******" + newline + getClass().getName()): null

2019-08-15 16:25:48 - [TEST_STEP][PASSED] - M4_total_bonus_spins_int = M4_total_bonus_spins_int: null

2019-08-15 16:25:48 - [TEST_STEP][PASSED] - M4_total_bonus_spins = Integer.toString(M4_total_bonus_spins_int): null

2019-08-15 16:25:48 - [TEST_STEP][PASSED] - M4_total_bonus_spins = M4_total_bonus_spins: null

2019-08-15 16:25:48 - [TEST_STEP][PASSED] - println("M4_total_bonus_spins is:" + M4_total_bonus_spins): null

2019-08-15 16:25:48 - [TEST_STEP][PASSED] - M4_spin_bonus_data = bonus_data: null

2019-08-15 16:25:48 - [TEST_STEP][PASSED] - M4_spin_features_triggered = result_M4_spin: null

2019-08-15 16:25:48 - [TEST_STEP][PASSED] - wild = []: null

2019-08-15 16:25:48 - [TEST_STEP][PASSED] - wild[0] = "WILD_Expanding": null

2019-08-15 16:25:48 - [TEST_STEP][PASSED] - wild[1] = "WILD_Normal": null

2019-08-15 16:25:48 - [TEST_STEP][PASSED] - wild[2] = "WILD_Double": null

2019-08-15 16:25:48 - [TEST_STEP][PASSED] - wild[3] = "WILD_ExtraFG": null

2019-08-15 16:25:48 - [TEST_STEP][PASSED] - wild[4] = "WILD_Triple": null

2019-08-15 16:25:48 - [TEST_STEP][PASSED] - wildList = Arrays.asList(wild): null

2019-08-15 16:25:48 - [TEST_STEP][PASSED] - wildList = wildList: null

2019-08-15 16:25:48 - [TEST_STEP][PASSED] - free_spin_reel_counter = []: null

2019-08-15 16:25:48 - [TEST_STEP][PASSED] - free_spin_reel_counter[0] = 0: null

2019-08-15 16:25:48 - [TEST_STEP][PASSED] - free_spin_reel_counter[1] = 0: null

2019-08-15 16:25:48 - [TEST_STEP][PASSED] - free_spin_reel_counter[2] = 0: null

2019-08-15 16:25:48 - [TEST_STEP][PASSED] - M4_spin_reels = reels: null

2019-08-15 16:25:48 - [TEST_STEP][PASSED] - for ([i = 0, i &lt; M4_spin_reels.size(), (i++)]): null

2019-08-15 16:25:48 - [TEST_STEP][PASSED] - symbols = symbols: null

2019-08-15 16:25:48 - [TEST_STEP][PASSED] - for ([j = 0, j &lt; symbols.size(), (j++)]): null

2019-08-15 16:25:48 - [TEST_STEP][PASSED] - symbol = symbol: null

2019-08-15 16:25:48 - [TEST_STEP][PASSED] - println(symbol): null

2019-08-15 16:25:48 - [TEST_STEP][PASSED] - if (i == 2 &amp;&amp; wildList.indexOf(symbol) != -1): null

2019-08-15 16:25:48 - [TEST_STEP][PASSED] - if (i == 3 &amp;&amp; wildList.indexOf(symbol) != -1): null

2019-08-15 16:25:48 - [TEST_STEP][PASSED] - if (i == 4 &amp;&amp; wildList.indexOf(symbol) != -1): null

2019-08-15 16:25:48 - [TEST_STEP][PASSED] - symbol = symbol: null

2019-08-15 16:25:48 - [TEST_STEP][PASSED] - println(symbol): null

2019-08-15 16:25:48 - [TEST_STEP][PASSED] - if (i == 2 &amp;&amp; wildList.indexOf(symbol) != -1): null

2019-08-15 16:25:48 - [TEST_STEP][PASSED] - if (i == 3 &amp;&amp; wildList.indexOf(symbol) != -1): null

2019-08-15 16:25:48 - [TEST_STEP][PASSED] - if (i == 4 &amp;&amp; wildList.indexOf(symbol) != -1): null

2019-08-15 16:25:48 - [TEST_STEP][PASSED] - symbol = symbol: null

2019-08-15 16:25:48 - [TEST_STEP][PASSED] - println(symbol): null

2019-08-15 16:25:48 - [TEST_STEP][PASSED] - if (i == 2 &amp;&amp; wildList.indexOf(symbol) != -1): null

2019-08-15 16:25:48 - [TEST_STEP][PASSED] - if (i == 3 &amp;&amp; wildList.indexOf(symbol) != -1): null

2019-08-15 16:25:48 - [TEST_STEP][PASSED] - if (i == 4 &amp;&amp; wildList.indexOf(symbol) != -1): null

2019-08-15 16:25:48 - [TEST_STEP][PASSED] - symbols = symbols: null

2019-08-15 16:25:48 - [TEST_STEP][PASSED] - for ([j = 0, j &lt; symbols.size(), (j++)]): null

2019-08-15 16:25:48 - [TEST_STEP][PASSED] - symbol = symbol: null

2019-08-15 16:25:48 - [TEST_STEP][PASSED] - println(symbol): null

2019-08-15 16:25:48 - [TEST_STEP][PASSED] - if (i == 2 &amp;&amp; wildList.indexOf(symbol) != -1): null

2019-08-15 16:25:48 - [TEST_STEP][PASSED] - if (i == 3 &amp;&amp; wildList.indexOf(symbol) != -1): null

2019-08-15 16:25:48 - [TEST_STEP][PASSED] - if (i == 4 &amp;&amp; wildList.indexOf(symbol) != -1): null

2019-08-15 16:25:48 - [TEST_STEP][PASSED] - symbol = symbol: null

2019-08-15 16:25:48 - [TEST_STEP][PASSED] - println(symbol): null

2019-08-15 16:25:48 - [TEST_STEP][PASSED] - if (i == 2 &amp;&amp; wildList.indexOf(symbol) != -1): null

2019-08-15 16:25:48 - [TEST_STEP][PASSED] - if (i == 3 &amp;&amp; wildList.indexOf(symbol) != -1): null

2019-08-15 16:25:48 - [TEST_STEP][PASSED] - if (i == 4 &amp;&amp; wildList.indexOf(symbol) != -1): null

2019-08-15 16:25:48 - [TEST_STEP][PASSED] - symbol = symbol: null

2019-08-15 16:25:48 - [TEST_STEP][PASSED] - println(symbol): null

2019-08-15 16:25:48 - [TEST_STEP][PASSED] - if (i == 2 &amp;&amp; wildList.indexOf(symbol) != -1): null

2019-08-15 16:25:48 - [TEST_STEP][PASSED] - if (i == 3 &amp;&amp; wildList.indexOf(symbol) != -1): null

2019-08-15 16:25:48 - [TEST_STEP][PASSED] - if (i == 4 &amp;&amp; wildList.indexOf(symbol) != -1): null

2019-08-15 16:25:48 - [TEST_STEP][PASSED] - symbols = symbols: null

2019-08-15 16:25:48 - [TEST_STEP][PASSED] - for ([j = 0, j &lt; symbols.size(), (j++)]): null

2019-08-15 16:25:48 - [TEST_STEP][PASSED] - symbol = symbol: null

2019-08-15 16:25:48 - [TEST_STEP][PASSED] - println(symbol): null

2019-08-15 16:25:48 - [TEST_STEP][PASSED] - if (i == 2 &amp;&amp; wildList.indexOf(symbol) != -1): null

2019-08-15 16:25:48 - [TEST_STEP][PASSED] - if (i == 3 &amp;&amp; wildList.indexOf(symbol) != -1): null

2019-08-15 16:25:48 - [TEST_STEP][PASSED] - if (i == 4 &amp;&amp; wildList.indexOf(symbol) != -1): null

2019-08-15 16:25:48 - [TEST_STEP][PASSED] - symbol = symbol: null

2019-08-15 16:25:48 - [TEST_STEP][PASSED] - println(symbol): null

2019-08-15 16:25:48 - [TEST_STEP][PASSED] - if (i == 2 &amp;&amp; wildList.indexOf(symbol) != -1): null

2019-08-15 16:25:48 - [TEST_STEP][PASSED] - if (i == 3 &amp;&amp; wildList.indexOf(symbol) != -1): null

2019-08-15 16:25:48 - [TEST_STEP][PASSED] - if (i == 4 &amp;&amp; wildList.indexOf(symbol) != -1): null

2019-08-15 16:25:48 - [TEST_STEP][PASSED] - symbol = symbol: null

2019-08-15 16:25:48 - [TEST_STEP][PASSED] - println(symbol): null

2019-08-15 16:25:48 - [TEST_STEP][PASSED] - if (i == 2 &amp;&amp; wildList.indexOf(symbol) != -1): null

2019-08-15 16:25:48 - [TEST_STEP][PASSED] - if (i == 3 &amp;&amp; wildList.indexOf(symbol) != -1): null

2019-08-15 16:25:48 - [TEST_STEP][PASSED] - if (i == 4 &amp;&amp; wildList.indexOf(symbol) != -1): null

2019-08-15 16:25:48 - [TEST_STEP][PASSED] - symbols = symbols: null

2019-08-15 16:25:48 - [TEST_STEP][PASSED] - for ([j = 0, j &lt; symbols.size(), (j++)]): null

2019-08-15 16:25:48 - [TEST_STEP][PASSED] - symbol = symbol: null

2019-08-15 16:25:48 - [TEST_STEP][PASSED] - println(symbol): null

2019-08-15 16:25:48 - [TEST_STEP][PASSED] - if (i == 2 &amp;&amp; wildList.indexOf(symbol) != -1): null

2019-08-15 16:25:48 - [TEST_STEP][PASSED] - if (i == 3 &amp;&amp; wildList.indexOf(symbol) != -1): null

2019-08-15 16:25:48 - [TEST_STEP][PASSED] - if (i == 4 &amp;&amp; wildList.indexOf(symbol) != -1): null

2019-08-15 16:25:48 - [TEST_STEP][PASSED] - symbol = symbol: null

2019-08-15 16:25:48 - [TEST_STEP][PASSED] - println(symbol): null

2019-08-15 16:25:48 - [TEST_STEP][PASSED] - if (i == 2 &amp;&amp; wildList.indexOf(symbol) != -1): null

2019-08-15 16:25:48 - [TEST_STEP][PASSED] - if (i == 3 &amp;&amp; wildList.indexOf(symbol) != -1): null

2019-08-15 16:25:48 - [TEST_STEP][PASSED] - if (i == 4 &amp;&amp; wildList.indexOf(symbol) != -1): null

2019-08-15 16:25:48 - [TEST_STEP][PASSED] - symbol = symbol: null

2019-08-15 16:25:48 - [TEST_STEP][PASSED] - println(symbol): null

2019-08-15 16:25:48 - [TEST_STEP][PASSED] - if (i == 2 &amp;&amp; wildList.indexOf(symbol) != -1): null

2019-08-15 16:25:48 - [TEST_STEP][PASSED] - if (i == 3 &amp;&amp; wildList.indexOf(symbol) != -1): null

2019-08-15 16:25:48 - [TEST_STEP][PASSED] - if (i == 4 &amp;&amp; wildList.indexOf(symbol) != -1): null

2019-08-15 16:25:48 - [TEST_STEP][PASSED] - symbols = symbols: null

2019-08-15 16:25:48 - [TEST_STEP][PASSED] - for ([j = 0, j &lt; symbols.size(), (j++)]): null

2019-08-15 16:25:48 - [TEST_STEP][PASSED] - symbol = symbol: null

2019-08-15 16:25:48 - [TEST_STEP][PASSED] - println(symbol): null

2019-08-15 16:25:51 - [TEST_STEP][PASSED] - if (i == 2 &amp;&amp; wildList.indexOf(symbol) != -1): null

2019-08-15 16:25:51 - [TEST_STEP][PASSED] - if (i == 3 &amp;&amp; wildList.indexOf(symbol) != -1): null

2019-08-15 16:25:51 - [TEST_STEP][PASSED] - if (i == 4 &amp;&amp; wildList.indexOf(symbol) != -1): null

2019-08-15 16:25:51 - [TEST_STEP][PASSED] - symbol = symbol: null

2019-08-15 16:25:51 - [TEST_STEP][PASSED] - println(symbol): null

2019-08-15 16:25:51 - [TEST_STEP][PASSED] - if (i == 2 &amp;&amp; wildList.indexOf(symbol) != -1): null

2019-08-15 16:25:51 - [TEST_STEP][PASSED] - if (i == 3 &amp;&amp; wildList.indexOf(symbol) != -1): null

2019-08-15 16:25:51 - [TEST_STEP][PASSED] - if (i == 4 &amp;&amp; wildList.indexOf(symbol) != -1): null

2019-08-15 16:25:51 - [TEST_STEP][PASSED] - symbol = symbol: null

2019-08-15 16:25:51 - [TEST_STEP][PASSED] - println(symbol): null

2019-08-15 16:25:51 - [TEST_STEP][PASSED] - if (i == 2 &amp;&amp; wildList.indexOf(symbol) != -1): null

2019-08-15 16:25:51 - [TEST_STEP][PASSED] - if (i == 3 &amp;&amp; wildList.indexOf(symbol) != -1): null

2019-08-15 16:25:51 - [TEST_STEP][PASSED] - if (i == 4 &amp;&amp; wildList.indexOf(symbol) != -1): null

2019-08-15 16:25:51 - [TEST_STEP][PASSED] - free_spin_reel_counter = free_spin_reel_counter: null

2019-08-15 16:25:51 - [TEST_STEP][PASSED] - println("reel 3 wild found: " + free_spin_reel_counter[0]): null

2019-08-15 16:25:51 - [TEST_STEP][PASSED] - println("reel 4 wild found: " + free_spin_reel_counter[1]): null

2019-08-15 16:25:51 - [TEST_STEP][PASSED] - println("reel 5 wild found: " + free_spin_reel_counter[2]): null

2019-08-15 16:25:51 - [TEST_STEP][PASSED] - M4_spin_reels = M4_spin_reels: null

2019-08-15 16:25:51 - [TEST_STEP][PASSED] - M4_spin_reels_symbols = symbol: null

2019-08-15 16:25:51 - [TEST_STEP][PASSED] - M4_spin_reels_symbols = M4_spin_reels_symbols: null

2019-08-15 16:25:51 - [TEST_STEP][PASSED] - M4_spin_reel_wins = reel_wins: null

2019-08-15 16:25:51 - [TEST_STEP][PASSED] - M4_spin_reel_wins = M4_spin_reel_wins: null

2019-08-15 16:25:51 - [TEST_STEP][PASSED] - println("GlobalVariable.M4_spin_reel_wins is: " + M4_spin_reel_wins): null

2019-08-15 16:25:51 - [TEST_STEP][PASSED] - M4_spin_total_bonus_win_this_round = total_bonus_win_this_round: null

2019-08-15 16:25:51 - [TEST_STEP][PASSED] - M4_spin_total_bonus_win_this_round = M4_spin_total_bonus_win_this_round: null

2019-08-15 16:25:51 - [TEST_STEP][PASSED] - println("GlobalVariable.M4_spin_total_bonus_win_this_round is: " + M4_spin_total_bonus_win_this_round): null

2019-08-15 16:25:51 - [MESSAGE][PASSED] - Verify response successfully

2019-08-15 16:25:51 - [MESSAGE][PASSED] - Send request and verify the response successfully

2019-08-15 16:25:51 - [TEST_STEP][PASSED] - if (M4_total_bonus_spins_int != 0 &amp;&amp; M4_spin_reels_symbols[2].contains("WILD_Normal") || M4_spin_reels_symbols[3].contains("WILD_Normal") || M4_spin_reels_symbols[4].contains("WILD_Normal")): null

2019-08-15 16:25:51 - [TEST_STEP][PASSED] - free_spin_reel_counter = free_spin_reel_counter: null

2019-08-15 16:25:51 - [TEST_STEP][PASSED] - M4_spin_reels_symbols = M4_spin_reels_symbols: null

2019-08-15 16:25:51 - [TEST_STEP][PASSED] - M4_total_bonus_spins = M4_total_bonus_spins: null

2019-08-15 16:25:51 - [TEST_STEP][PASSED] - spin_result = sendRequestAndVerify(findTestObject("STG/RGS(M4)/1_M4_spin", ["M4_login_user_id":M4_login_user_id, "rgs_session_token":rgs_session_token, "partner":Partner])): Send request and verify the response successfully

2019-08-15 16:25:52 - [TEST_CASE][PASSED] - Start Test Case : Verification: Verification accomplished successfully

2019-08-15 16:25:52 - [TEST_STEP][PASSED] - request = getInstance().getCurrentRequest(): null

2019-08-15 16:25:52 - [TEST_STEP][PASSED] - response = getInstance().getCurrentResponse(): null

2019-08-15 16:25:52 - [TEST_STEP][PASSED] - verifyResponseStatusCode(response, 200): Verify response status code successfully

2019-08-15 16:25:52 - [MESSAGE][PASSED] - Verify response status code successfully

2019-08-15 16:25:52 - [TEST_STEP][PASSED] - getStatusCode()).isEqualTo(200): null

2019-08-15 16:25:52 - [TEST_STEP][PASSED] - newline = System.getProperty("line.separator"): null

2019-08-15 16:25:52 - [TEST_STEP][PASSED] - M4_spin = new groovy.json.JsonSlurper(): null

2019-08-15 16:25:52 - [TEST_STEP][PASSED] - result_M4_spin = M4_spin.parseText(response.getResponseBodyContent()): null

2019-08-15 16:25:52 - [TEST_STEP][PASSED] - M4_spin_current_balance = current_balance: null

2019-08-15 16:25:52 - [TEST_STEP][PASSED] - M4_spin_current_balance = M4_spin_current_balance: null

2019-08-15 16:25:52 - [TEST_STEP][PASSED] - M4_spin_transaction_id = causality: null

2019-08-15 16:25:52 - [TEST_STEP][PASSED] - M4_spin_transaction_id = M4_spin_transaction_id: null

2019-08-15 16:25:52 - [TEST_STEP][PASSED] - M4_spin_round_id = round_id: null

2019-08-15 16:25:52 - [TEST_STEP][PASSED] - M4_spin_round_id = M4_spin_round_id: null

2019-08-15 16:25:52 - [TEST_STEP][PASSED] - M4_spin_line_wins = line_wins: null

2019-08-15 16:25:52 - [TEST_STEP][PASSED] - M4_spin_line_wins = M4_spin_line_wins: null

2019-08-15 16:25:52 - [TEST_STEP][PASSED] - M4_total_bonus_spins_int = total_bonus_spins: null

2019-08-15 16:25:52 - [TEST_STEP][PASSED] - println("******M4_total_bonus_spins type is:*******" + newline + getClass().getName()): null

2019-08-15 16:25:52 - [TEST_STEP][PASSED] - M4_total_bonus_spins_int = M4_total_bonus_spins_int: null

2019-08-15 16:25:52 - [TEST_STEP][PASSED] - M4_total_bonus_spins = Integer.toString(M4_total_bonus_spins_int): null

2019-08-15 16:25:52 - [TEST_STEP][PASSED] - M4_total_bonus_spins = M4_total_bonus_spins: null

2019-08-15 16:25:52 - [TEST_STEP][PASSED] - println("M4_total_bonus_spins is:" + M4_total_bonus_spins): null

2019-08-15 16:25:52 - [TEST_STEP][PASSED] - M4_spin_bonus_data = bonus_data: null

2019-08-15 16:25:52 - [TEST_STEP][PASSED] - M4_spin_features_triggered = result_M4_spin: null

2019-08-15 16:25:52 - [TEST_STEP][PASSED] - wild = []: null

2019-08-15 16:25:52 - [TEST_STEP][PASSED] - wild[0] = "WILD_Expanding": null

2019-08-15 16:25:52 - [TEST_STEP][PASSED] - wild[1] = "WILD_Normal": null

2019-08-15 16:25:52 - [TEST_STEP][PASSED] - wild[2] = "WILD_Double": null

2019-08-15 16:25:52 - [TEST_STEP][PASSED] - wild[3] = "WILD_ExtraFG": null

2019-08-15 16:25:52 - [TEST_STEP][PASSED] - wild[4] = "WILD_Triple": null

2019-08-15 16:25:52 - [TEST_STEP][PASSED] - wildList = Arrays.asList(wild): null

2019-08-15 16:25:52 - [TEST_STEP][PASSED] - wildList = wildList: null

2019-08-15 16:25:52 - [TEST_STEP][PASSED] - free_spin_reel_counter = []: null

2019-08-15 16:25:52 - [TEST_STEP][PASSED] - free_spin_reel_counter[0] = 0: null

2019-08-15 16:25:52 - [TEST_STEP][PASSED] - free_spin_reel_counter[1] = 0: null

2019-08-15 16:25:52 - [TEST_STEP][PASSED] - free_spin_reel_counter[2] = 0: null

2019-08-15 16:25:52 - [TEST_STEP][PASSED] - M4_spin_reels = reels: null

2019-08-15 16:25:52 - [TEST_STEP][PASSED] - for ([i = 0, i &lt; M4_spin_reels.size(), (i++)]): null

2019-08-15 16:25:52 - [TEST_STEP][PASSED] - symbols = symbols: null

2019-08-15 16:25:52 - [TEST_STEP][PASSED] - for ([j = 0, j &lt; symbols.size(), (j++)]): null

2019-08-15 16:25:52 - [TEST_STEP][PASSED] - symbol = symbol: null

2019-08-15 16:25:52 - [TEST_STEP][PASSED] - println(symbol): null

2019-08-15 16:25:52 - [TEST_STEP][PASSED] - if (i == 2 &amp;&amp; wildList.indexOf(symbol) != -1): null

2019-08-15 16:25:52 - [TEST_STEP][PASSED] - if (i == 3 &amp;&amp; wildList.indexOf(symbol) != -1): null

2019-08-15 16:25:52 - [TEST_STEP][PASSED] - if (i == 4 &amp;&amp; wildList.indexOf(symbol) != -1): null

2019-08-15 16:25:52 - [TEST_STEP][PASSED] - symbol = symbol: null

2019-08-15 16:25:52 - [TEST_STEP][PASSED] - println(symbol): null

2019-08-15 16:25:52 - [TEST_STEP][PASSED] - if (i == 2 &amp;&amp; wildList.indexOf(symbol) != -1): null

2019-08-15 16:25:52 - [TEST_STEP][PASSED] - if (i == 3 &amp;&amp; wildList.indexOf(symbol) != -1): null

2019-08-15 16:25:52 - [TEST_STEP][PASSED] - if (i == 4 &amp;&amp; wildList.indexOf(symbol) != -1): null

2019-08-15 16:25:52 - [TEST_STEP][PASSED] - symbol = symbol: null

2019-08-15 16:25:52 - [TEST_STEP][PASSED] - println(symbol): null

2019-08-15 16:25:52 - [TEST_STEP][PASSED] - if (i == 2 &amp;&amp; wildList.indexOf(symbol) != -1): null

2019-08-15 16:25:52 - [TEST_STEP][PASSED] - if (i == 3 &amp;&amp; wildList.indexOf(symbol) != -1): null

2019-08-15 16:25:52 - [TEST_STEP][PASSED] - if (i == 4 &amp;&amp; wildList.indexOf(symbol) != -1): null

2019-08-15 16:25:52 - [TEST_STEP][PASSED] - symbols = symbols: null

2019-08-15 16:25:52 - [TEST_STEP][PASSED] - for ([j = 0, j &lt; symbols.size(), (j++)]): null

2019-08-15 16:25:52 - [TEST_STEP][PASSED] - symbol = symbol: null

2019-08-15 16:25:52 - [TEST_STEP][PASSED] - println(symbol): null

2019-08-15 16:25:52 - [TEST_STEP][PASSED] - if (i == 2 &amp;&amp; wildList.indexOf(symbol) != -1): null

2019-08-15 16:25:52 - [TEST_STEP][PASSED] - if (i == 3 &amp;&amp; wildList.indexOf(symbol) != -1): null

2019-08-15 16:25:52 - [TEST_STEP][PASSED] - if (i == 4 &amp;&amp; wildList.indexOf(symbol) != -1): null

2019-08-15 16:25:52 - [TEST_STEP][PASSED] - symbol = symbol: null

2019-08-15 16:25:52 - [TEST_STEP][PASSED] - println(symbol): null

2019-08-15 16:25:52 - [TEST_STEP][PASSED] - if (i == 2 &amp;&amp; wildList.indexOf(symbol) != -1): null

2019-08-15 16:25:52 - [TEST_STEP][PASSED] - if (i == 3 &amp;&amp; wildList.indexOf(symbol) != -1): null

2019-08-15 16:25:52 - [TEST_STEP][PASSED] - if (i == 4 &amp;&amp; wildList.indexOf(symbol) != -1): null

2019-08-15 16:25:52 - [TEST_STEP][PASSED] - symbol = symbol: null

2019-08-15 16:25:52 - [TEST_STEP][PASSED] - println(symbol): null

2019-08-15 16:25:52 - [TEST_STEP][PASSED] - if (i == 2 &amp;&amp; wildList.indexOf(symbol) != -1): null

2019-08-15 16:25:52 - [TEST_STEP][PASSED] - if (i == 3 &amp;&amp; wildList.indexOf(symbol) != -1): null

2019-08-15 16:25:52 - [TEST_STEP][PASSED] - if (i == 4 &amp;&amp; wildList.indexOf(symbol) != -1): null

2019-08-15 16:25:52 - [TEST_STEP][PASSED] - symbols = symbols: null

2019-08-15 16:25:52 - [TEST_STEP][PASSED] - for ([j = 0, j &lt; symbols.size(), (j++)]): null

2019-08-15 16:25:52 - [TEST_STEP][PASSED] - symbol = symbol: null

2019-08-15 16:25:52 - [TEST_STEP][PASSED] - println(symbol): null

2019-08-15 16:25:52 - [TEST_STEP][PASSED] - if (i == 2 &amp;&amp; wildList.indexOf(symbol) != -1): null

2019-08-15 16:25:52 - [TEST_STEP][PASSED] - if (i == 3 &amp;&amp; wildList.indexOf(symbol) != -1): null

2019-08-15 16:25:52 - [TEST_STEP][PASSED] - if (i == 4 &amp;&amp; wildList.indexOf(symbol) != -1): null

2019-08-15 16:25:52 - [TEST_STEP][PASSED] - symbol = symbol: null

2019-08-15 16:25:52 - [TEST_STEP][PASSED] - println(symbol): null

2019-08-15 16:25:52 - [TEST_STEP][PASSED] - if (i == 2 &amp;&amp; wildList.indexOf(symbol) != -1): null

2019-08-15 16:25:52 - [TEST_STEP][PASSED] - if (i == 3 &amp;&amp; wildList.indexOf(symbol) != -1): null

2019-08-15 16:25:52 - [TEST_STEP][PASSED] - if (i == 4 &amp;&amp; wildList.indexOf(symbol) != -1): null

2019-08-15 16:25:52 - [TEST_STEP][PASSED] - symbol = symbol: null

2019-08-15 16:25:52 - [TEST_STEP][PASSED] - println(symbol): null

2019-08-15 16:25:52 - [TEST_STEP][PASSED] - if (i == 2 &amp;&amp; wildList.indexOf(symbol) != -1): null

2019-08-15 16:25:52 - [TEST_STEP][PASSED] - if (i == 3 &amp;&amp; wildList.indexOf(symbol) != -1): null

2019-08-15 16:25:52 - [TEST_STEP][PASSED] - if (i == 4 &amp;&amp; wildList.indexOf(symbol) != -1): null

2019-08-15 16:25:52 - [TEST_STEP][PASSED] - symbols = symbols: null

2019-08-15 16:25:52 - [TEST_STEP][PASSED] - for ([j = 0, j &lt; symbols.size(), (j++)]): null

2019-08-15 16:25:52 - [TEST_STEP][PASSED] - symbol = symbol: null

2019-08-15 16:25:52 - [TEST_STEP][PASSED] - println(symbol): null

2019-08-15 16:25:52 - [TEST_STEP][PASSED] - if (i == 2 &amp;&amp; wildList.indexOf(symbol) != -1): null

2019-08-15 16:25:52 - [TEST_STEP][PASSED] - if (i == 3 &amp;&amp; wildList.indexOf(symbol) != -1): null

2019-08-15 16:25:52 - [TEST_STEP][PASSED] - if (i == 4 &amp;&amp; wildList.indexOf(symbol) != -1): null

2019-08-15 16:25:52 - [TEST_STEP][PASSED] - symbol = symbol: null

2019-08-15 16:25:52 - [TEST_STEP][PASSED] - println(symbol): null

2019-08-15 16:25:52 - [TEST_STEP][PASSED] - if (i == 2 &amp;&amp; wildList.indexOf(symbol) != -1): null

2019-08-15 16:25:52 - [TEST_STEP][PASSED] - if (i == 3 &amp;&amp; wildList.indexOf(symbol) != -1): null

2019-08-15 16:25:52 - [TEST_STEP][PASSED] - if (i == 4 &amp;&amp; wildList.indexOf(symbol) != -1): null

2019-08-15 16:25:52 - [TEST_STEP][PASSED] - symbol = symbol: null

2019-08-15 16:25:52 - [TEST_STEP][PASSED] - println(symbol): null

2019-08-15 16:25:52 - [TEST_STEP][PASSED] - if (i == 2 &amp;&amp; wildList.indexOf(symbol) != -1): null

2019-08-15 16:25:52 - [TEST_STEP][PASSED] - if (i == 3 &amp;&amp; wildList.indexOf(symbol) != -1): null

2019-08-15 16:25:52 - [TEST_STEP][PASSED] - if (i == 4 &amp;&amp; wildList.indexOf(symbol) != -1): null

2019-08-15 16:25:52 - [TEST_STEP][PASSED] - symbols = symbols: null

2019-08-15 16:25:52 - [TEST_STEP][PASSED] - for ([j = 0, j &lt; symbols.size(), (j++)]): null

2019-08-15 16:25:52 - [TEST_STEP][PASSED] - symbol = symbol: null

2019-08-15 16:25:52 - [TEST_STEP][PASSED] - println(symbol): null

2019-08-15 16:25:52 - [TEST_STEP][PASSED] - if (i == 2 &amp;&amp; wildList.indexOf(symbol) != -1): null

2019-08-15 16:25:52 - [TEST_STEP][PASSED] - if (i == 3 &amp;&amp; wildList.indexOf(symbol) != -1): null

2019-08-15 16:25:52 - [TEST_STEP][PASSED] - if (i == 4 &amp;&amp; wildList.indexOf(symbol) != -1): null

2019-08-15 16:25:52 - [TEST_STEP][PASSED] - symbol = symbol: null

2019-08-15 16:25:52 - [TEST_STEP][PASSED] - println(symbol): null

2019-08-15 16:25:52 - [TEST_STEP][PASSED] - if (i == 2 &amp;&amp; wildList.indexOf(symbol) != -1): null

2019-08-15 16:25:52 - [TEST_STEP][PASSED] - if (i == 3 &amp;&amp; wildList.indexOf(symbol) != -1): null

2019-08-15 16:25:52 - [TEST_STEP][PASSED] - if (i == 4 &amp;&amp; wildList.indexOf(symbol) != -1): null

2019-08-15 16:25:52 - [TEST_STEP][PASSED] - symbol = symbol: null

2019-08-15 16:25:52 - [TEST_STEP][PASSED] - println(symbol): null

2019-08-15 16:25:52 - [TEST_STEP][PASSED] - if (i == 2 &amp;&amp; wildList.indexOf(symbol) != -1): null

2019-08-15 16:25:52 - [TEST_STEP][PASSED] - if (i == 3 &amp;&amp; wildList.indexOf(symbol) != -1): null

2019-08-15 16:25:52 - [TEST_STEP][PASSED] - if (i == 4 &amp;&amp; wildList.indexOf(symbol) != -1): null

2019-08-15 16:25:52 - [TEST_STEP][PASSED] - free_spin_reel_counter = free_spin_reel_counter: null

2019-08-15 16:25:52 - [TEST_STEP][PASSED] - println("reel 3 wild found: " + free_spin_reel_counter[0]): null

2019-08-15 16:25:52 - [TEST_STEP][PASSED] - println("reel 4 wild found: " + free_spin_reel_counter[1]): null

2019-08-15 16:25:52 - [TEST_STEP][PASSED] - println("reel 5 wild found: " + free_spin_reel_counter[2]): null

2019-08-15 16:25:52 - [TEST_STEP][PASSED] - M4_spin_reels = M4_spin_reels: null

2019-08-15 16:25:52 - [TEST_STEP][PASSED] - M4_spin_reels_symbols = symbol: null

2019-08-15 16:25:52 - [TEST_STEP][PASSED] - M4_spin_reels_symbols = M4_spin_reels_symbols: null

2019-08-15 16:25:52 - [TEST_STEP][PASSED] - M4_spin_reel_wins = reel_wins: null

2019-08-15 16:25:52 - [TEST_STEP][PASSED] - M4_spin_reel_wins = M4_spin_reel_wins: null

2019-08-15 16:25:52 - [TEST_STEP][PASSED] - println("GlobalVariable.M4_spin_reel_wins is: " + M4_spin_reel_wins): null

2019-08-15 16:25:52 - [TEST_STEP][PASSED] - M4_spin_total_bonus_win_this_round = total_bonus_win_this_round: null

2019-08-15 16:25:52 - [TEST_STEP][PASSED] - M4_spin_total_bonus_win_this_round = M4_spin_total_bonus_win_this_round: null

2019-08-15 16:25:52 - [TEST_STEP][PASSED] - println("GlobalVariable.M4_spin_total_bonus_win_this_round is: " + M4_spin_total_bonus_win_this_round): null

2019-08-15 16:25:52 - [MESSAGE][PASSED] - Verify response successfully

2019-08-15 16:25:52 - [MESSAGE][PASSED] - Send request and verify the response successfully

2019-08-15 16:25:52 - [TEST_STEP][PASSED] - if (M4_total_bonus_spins_int != 0 &amp;&amp; M4_spin_reels_symbols[2].contains("WILD_Normal") || M4_spin_reels_symbols[3].contains("WILD_Normal") || M4_spin_reels_symbols[4].contains("WILD_Normal")): null

2019-08-15 16:25:52 - [TEST_STEP][PASSED] - free_spin_reel_counter = free_spin_reel_counter: null

2019-08-15 16:25:52 - [TEST_STEP][PASSED] - M4_spin_reels_symbols = M4_spin_reels_symbols: null

2019-08-15 16:25:52 - [TEST_STEP][PASSED] - M4_total_bonus_spins = M4_total_bonus_spins: null

2019-08-15 16:25:52 - [TEST_STEP][PASSED] - spin_result = sendRequestAndVerify(findTestObject("STG/RGS(M4)/1_M4_spin", ["M4_login_user_id":M4_login_user_id, "rgs_session_token":rgs_session_token, "partner":Partner])): Send request and verify the response successfully

2019-08-15 16:25:52 - [TEST_CASE][PASSED] - Start Test Case : Verification: Verification accomplished successfully

2019-08-15 16:25:52 - [TEST_STEP][PASSED] - request = getInstance().getCurrentRequest(): null

2019-08-15 16:25:52 - [TEST_STEP][PASSED] - response = getInstance().getCurrentResponse(): null

2019-08-15 16:25:52 - [TEST_STEP][PASSED] - verifyResponseStatusCode(response, 200): Verify response status code successfully

2019-08-15 16:25:52 - [MESSAGE][PASSED] - Verify response status code successfully

2019-08-15 16:25:52 - [TEST_STEP][PASSED] - getStatusCode()).isEqualTo(200): null

2019-08-15 16:25:52 - [TEST_STEP][PASSED] - newline = System.getProperty("line.separator"): null

2019-08-15 16:25:52 - [TEST_STEP][PASSED] - M4_spin = new groovy.json.JsonSlurper(): null

2019-08-15 16:25:52 - [TEST_STEP][PASSED] - result_M4_spin = M4_spin.parseText(response.getResponseBodyContent()): null

2019-08-15 16:25:52 - [TEST_STEP][PASSED] - M4_spin_current_balance = current_balance: null

2019-08-15 16:25:52 - [TEST_STEP][PASSED] - M4_spin_current_balance = M4_spin_current_balance: null

2019-08-15 16:25:52 - [TEST_STEP][PASSED] - M4_spin_transaction_id = causality: null

2019-08-15 16:25:52 - [TEST_STEP][PASSED] - M4_spin_transaction_id = M4_spin_transaction_id: null

2019-08-15 16:25:52 - [TEST_STEP][PASSED] - M4_spin_round_id = round_id: null

2019-08-15 16:25:52 - [TEST_STEP][PASSED] - M4_spin_round_id = M4_spin_round_id: null

2019-08-15 16:25:52 - [TEST_STEP][PASSED] - M4_spin_line_wins = line_wins: null

2019-08-15 16:25:52 - [TEST_STEP][PASSED] - M4_spin_line_wins = M4_spin_line_wins: null

2019-08-15 16:25:52 - [TEST_STEP][PASSED] - M4_total_bonus_spins_int = total_bonus_spins: null

2019-08-15 16:25:52 - [TEST_STEP][PASSED] - println("******M4_total_bonus_spins type is:*******" + newline + getClass().getName()): null

2019-08-15 16:25:52 - [TEST_STEP][PASSED] - M4_total_bonus_spins_int = M4_total_bonus_spins_int: null

2019-08-15 16:25:52 - [TEST_STEP][PASSED] - M4_total_bonus_spins = Integer.toString(M4_total_bonus_spins_int): null

2019-08-15 16:25:52 - [TEST_STEP][PASSED] - M4_total_bonus_spins = M4_total_bonus_spins: null

2019-08-15 16:25:52 - [TEST_STEP][PASSED] - println("M4_total_bonus_spins is:" + M4_total_bonus_spins): null

2019-08-15 16:25:52 - [TEST_STEP][PASSED] - M4_spin_bonus_data = bonus_data: null

2019-08-15 16:25:52 - [TEST_STEP][PASSED] - M4_spin_features_triggered = result_M4_spin: null

2019-08-15 16:25:52 - [TEST_STEP][PASSED] - wild = []: null

2019-08-15 16:25:52 - [TEST_STEP][PASSED] - wild[0] = "WILD_Expanding": null

2019-08-15 16:25:52 - [TEST_STEP][PASSED] - wild[1] = "WILD_Normal": null

2019-08-15 16:25:52 - [TEST_STEP][PASSED] - wild[2] = "WILD_Double": null

2019-08-15 16:25:52 - [TEST_STEP][PASSED] - wild[3] = "WILD_ExtraFG": null

2019-08-15 16:25:52 - [TEST_STEP][PASSED] - wild[4] = "WILD_Triple": null

2019-08-15 16:25:52 - [TEST_STEP][PASSED] - wildList = Arrays.asList(wild): null

2019-08-15 16:25:52 - [TEST_STEP][PASSED] - wildList = wildList: null

2019-08-15 16:25:52 - [TEST_STEP][PASSED] - free_spin_reel_counter = []: null

2019-08-15 16:25:52 - [TEST_STEP][PASSED] - free_spin_reel_counter[0] = 0: null

2019-08-15 16:25:52 - [TEST_STEP][PASSED] - free_spin_reel_counter[1] = 0: null

2019-08-15 16:25:52 - [TEST_STEP][PASSED] - free_spin_reel_counter[2] = 0: null

2019-08-15 16:25:52 - [TEST_STEP][PASSED] - M4_spin_reels = reels: null

2019-08-15 16:25:52 - [TEST_STEP][PASSED] - for ([i = 0, i &lt; M4_spin_reels.size(), (i++)]): null

2019-08-15 16:25:52 - [TEST_STEP][PASSED] - symbols = symbols: null

2019-08-15 16:25:52 - [TEST_STEP][PASSED] - for ([j = 0, j &lt; symbols.size(), (j++)]): null

2019-08-15 16:25:52 - [TEST_STEP][PASSED] - symbol = symbol: null

2019-08-15 16:25:52 - [TEST_STEP][PASSED] - println(symbol): null

2019-08-15 16:25:52 - [TEST_STEP][PASSED] - if (i == 2 &amp;&amp; wildList.indexOf(symbol) != -1): null

2019-08-15 16:25:52 - [TEST_STEP][PASSED] - if (i == 3 &amp;&amp; wildList.indexOf(symbol) != -1): null

2019-08-15 16:25:52 - [TEST_STEP][PASSED] - if (i == 4 &amp;&amp; wildList.indexOf(symbol) != -1): null

2019-08-15 16:25:52 - [TEST_STEP][PASSED] - symbol = symbol: null

2019-08-15 16:25:52 - [TEST_STEP][PASSED] - println(symbol): null

2019-08-15 16:25:52 - [TEST_STEP][PASSED] - if (i == 2 &amp;&amp; wildList.indexOf(symbol) != -1): null

2019-08-15 16:25:52 - [TEST_STEP][PASSED] - if (i == 3 &amp;&amp; wildList.indexOf(symbol) != -1): null

2019-08-15 16:25:52 - [TEST_STEP][PASSED] - if (i == 4 &amp;&amp; wildList.indexOf(symbol) != -1): null

2019-08-15 16:25:52 - [TEST_STEP][PASSED] - symbol = symbol: null

2019-08-15 16:25:52 - [TEST_STEP][PASSED] - println(symbol): null

2019-08-15 16:25:52 - [TEST_STEP][PASSED] - if (i == 2 &amp;&amp; wildList.indexOf(symbol) != -1): null

2019-08-15 16:25:52 - [TEST_STEP][PASSED] - if (i == 3 &amp;&amp; wildList.indexOf(symbol) != -1): null

2019-08-15 16:25:52 - [TEST_STEP][PASSED] - if (i == 4 &amp;&amp; wildList.indexOf(symbol) != -1): null

2019-08-15 16:25:52 - [TEST_STEP][PASSED] - symbols = symbols: null

2019-08-15 16:25:52 - [TEST_STEP][PASSED] - for ([j = 0, j &lt; symbols.size(), (j++)]): null

2019-08-15 16:25:52 - [TEST_STEP][PASSED] - symbol = symbol: null

2019-08-15 16:25:52 - [TEST_STEP][PASSED] - println(symbol): null

2019-08-15 16:25:52 - [TEST_STEP][PASSED] - if (i == 2 &amp;&amp; wildList.indexOf(symbol) != -1): null

2019-08-15 16:25:52 - [TEST_STEP][PASSED] - if (i == 3 &amp;&amp; wildList.indexOf(symbol) != -1): null

2019-08-15 16:25:52 - [TEST_STEP][PASSED] - if (i == 4 &amp;&amp; wildList.indexOf(symbol) != -1): null

2019-08-15 16:25:52 - [TEST_STEP][PASSED] - symbol = symbol: null

2019-08-15 16:25:52 - [TEST_STEP][PASSED] - println(symbol): null

2019-08-15 16:25:52 - [TEST_STEP][PASSED] - if (i == 2 &amp;&amp; wildList.indexOf(symbol) != -1): null

2019-08-15 16:25:52 - [TEST_STEP][PASSED] - if (i == 3 &amp;&amp; wildList.indexOf(symbol) != -1): null

2019-08-15 16:25:52 - [TEST_STEP][PASSED] - if (i == 4 &amp;&amp; wildList.indexOf(symbol) != -1): null

2019-08-15 16:25:52 - [TEST_STEP][PASSED] - symbol = symbol: null

2019-08-15 16:25:52 - [TEST_STEP][PASSED] - println(symbol): null

2019-08-15 16:25:52 - [TEST_STEP][PASSED] - if (i == 2 &amp;&amp; wildList.indexOf(symbol) != -1): null

2019-08-15 16:25:52 - [TEST_STEP][PASSED] - if (i == 3 &amp;&amp; wildList.indexOf(symbol) != -1): null

2019-08-15 16:25:52 - [TEST_STEP][PASSED] - if (i == 4 &amp;&amp; wildList.indexOf(symbol) != -1): null

2019-08-15 16:25:52 - [TEST_STEP][PASSED] - symbols = symbols: null

2019-08-15 16:25:52 - [TEST_STEP][PASSED] - for ([j = 0, j &lt; symbols.size(), (j++)]): null

2019-08-15 16:25:52 - [TEST_STEP][PASSED] - symbol = symbol: null

2019-08-15 16:25:52 - [TEST_STEP][PASSED] - println(symbol): null

2019-08-15 16:25:52 - [TEST_STEP][PASSED] - if (i == 2 &amp;&amp; wildList.indexOf(symbol) != -1): null

2019-08-15 16:25:52 - [TEST_STEP][PASSED] - if (i == 3 &amp;&amp; wildList.indexOf(symbol) != -1): null

2019-08-15 16:25:52 - [TEST_STEP][PASSED] - if (i == 4 &amp;&amp; wildList.indexOf(symbol) != -1): null

2019-08-15 16:25:52 - [TEST_STEP][PASSED] - symbol = symbol: null

2019-08-15 16:25:52 - [TEST_STEP][PASSED] - println(symbol): null

2019-08-15 16:25:52 - [TEST_STEP][PASSED] - if (i == 2 &amp;&amp; wildList.indexOf(symbol) != -1): null

2019-08-15 16:25:52 - [TEST_STEP][PASSED] - if (i == 3 &amp;&amp; wildList.indexOf(symbol) != -1): null

2019-08-15 16:25:52 - [TEST_STEP][PASSED] - if (i == 4 &amp;&amp; wildList.indexOf(symbol) != -1): null

2019-08-15 16:25:52 - [TEST_STEP][PASSED] - symbol = symbol: null

2019-08-15 16:25:52 - [TEST_STEP][PASSED] - println(symbol): null

2019-08-15 16:25:52 - [TEST_STEP][PASSED] - if (i == 2 &amp;&amp; wildList.indexOf(symbol) != -1): null

2019-08-15 16:25:52 - [TEST_STEP][PASSED] - if (i == 3 &amp;&amp; wildList.indexOf(symbol) != -1): null

2019-08-15 16:25:52 - [TEST_STEP][PASSED] - if (i == 4 &amp;&amp; wildList.indexOf(symbol) != -1): null

2019-08-15 16:25:52 - [TEST_STEP][PASSED] - symbols = symbols: null

2019-08-15 16:25:52 - [TEST_STEP][PASSED] - for ([j = 0, j &lt; symbols.size(), (j++)]): null

2019-08-15 16:25:52 - [TEST_STEP][PASSED] - symbol = symbol: null

2019-08-15 16:25:52 - [TEST_STEP][PASSED] - println(symbol): null

2019-08-15 16:25:52 - [TEST_STEP][PASSED] - if (i == 2 &amp;&amp; wildList.indexOf(symbol) != -1): null

2019-08-15 16:25:52 - [TEST_STEP][PASSED] - if (i == 3 &amp;&amp; wildList.indexOf(symbol) != -1): null

2019-08-15 16:25:52 - [TEST_STEP][PASSED] - if (i == 4 &amp;&amp; wildList.indexOf(symbol) != -1): null

2019-08-15 16:25:52 - [TEST_STEP][PASSED] - symbol = symbol: null

2019-08-15 16:25:52 - [TEST_STEP][PASSED] - println(symbol): null

2019-08-15 16:25:52 - [TEST_STEP][PASSED] - if (i == 2 &amp;&amp; wildList.indexOf(symbol) != -1): null

2019-08-15 16:25:52 - [TEST_STEP][PASSED] - if (i == 3 &amp;&amp; wildList.indexOf(symbol) != -1): null

2019-08-15 16:25:52 - [TEST_STEP][PASSED] - if (i == 4 &amp;&amp; wildList.indexOf(symbol) != -1): null

2019-08-15 16:25:52 - [TEST_STEP][PASSED] - symbol = symbol: null

2019-08-15 16:25:52 - [TEST_STEP][PASSED] - println(symbol): null

2019-08-15 16:25:52 - [TEST_STEP][PASSED] - if (i == 2 &amp;&amp; wildList.indexOf(symbol) != -1): null

2019-08-15 16:25:52 - [TEST_STEP][PASSED] - if (i == 3 &amp;&amp; wildList.indexOf(symbol) != -1): null

2019-08-15 16:25:52 - [TEST_STEP][PASSED] - if (i == 4 &amp;&amp; wildList.indexOf(symbol) != -1): null

2019-08-15 16:25:52 - [TEST_STEP][PASSED] - symbols = symbols: null

2019-08-15 16:25:52 - [TEST_STEP][PASSED] - for ([j = 0, j &lt; symbols.size(), (j++)]): null

2019-08-15 16:25:52 - [TEST_STEP][PASSED] - symbol = symbol: null

2019-08-15 16:25:52 - [TEST_STEP][PASSED] - println(symbol): null

2019-08-15 16:25:52 - [TEST_STEP][PASSED] - if (i == 2 &amp;&amp; wildList.indexOf(symbol) != -1): null

2019-08-15 16:25:52 - [TEST_STEP][PASSED] - if (i == 3 &amp;&amp; wildList.indexOf(symbol) != -1): null

2019-08-15 16:25:52 - [TEST_STEP][PASSED] - if (i == 4 &amp;&amp; wildList.indexOf(symbol) != -1): null

2019-08-15 16:25:52 - [TEST_STEP][PASSED] - symbol = symbol: null

2019-08-15 16:25:52 - [TEST_STEP][PASSED] - println(symbol): null

2019-08-15 16:25:52 - [TEST_STEP][PASSED] - if (i == 2 &amp;&amp; wildList.indexOf(symbol) != -1): null

2019-08-15 16:25:52 - [TEST_STEP][PASSED] - if (i == 3 &amp;&amp; wildList.indexOf(symbol) != -1): null

2019-08-15 16:25:52 - [TEST_STEP][PASSED] - if (i == 4 &amp;&amp; wildList.indexOf(symbol) != -1): null

2019-08-15 16:25:52 - [TEST_STEP][PASSED] - symbol = symbol: null

2019-08-15 16:25:52 - [TEST_STEP][PASSED] - println(symbol): null

2019-08-15 16:25:52 - [TEST_STEP][PASSED] - if (i == 2 &amp;&amp; wildList.indexOf(symbol) != -1): null

2019-08-15 16:25:52 - [TEST_STEP][PASSED] - if (i == 3 &amp;&amp; wildList.indexOf(symbol) != -1): null

2019-08-15 16:25:52 - [TEST_STEP][PASSED] - if (i == 4 &amp;&amp; wildList.indexOf(symbol) != -1): null

2019-08-15 16:25:52 - [TEST_STEP][PASSED] - free_spin_reel_counter = free_spin_reel_counter: null

2019-08-15 16:25:52 - [TEST_STEP][PASSED] - println("reel 3 wild found: " + free_spin_reel_counter[0]): null

2019-08-15 16:25:52 - [TEST_STEP][PASSED] - println("reel 4 wild found: " + free_spin_reel_counter[1]): null

2019-08-15 16:25:52 - [TEST_STEP][PASSED] - println("reel 5 wild found: " + free_spin_reel_counter[2]): null

2019-08-15 16:25:52 - [TEST_STEP][PASSED] - M4_spin_reels = M4_spin_reels: null

2019-08-15 16:25:52 - [TEST_STEP][PASSED] - M4_spin_reels_symbols = symbol: null

2019-08-15 16:25:52 - [TEST_STEP][PASSED] - M4_spin_reels_symbols = M4_spin_reels_symbols: null

2019-08-15 16:25:52 - [TEST_STEP][PASSED] - M4_spin_reel_wins = reel_wins: null

2019-08-15 16:25:52 - [TEST_STEP][PASSED] - M4_spin_reel_wins = M4_spin_reel_wins: null

2019-08-15 16:25:52 - [TEST_STEP][PASSED] - println("GlobalVariable.M4_spin_reel_wins is: " + M4_spin_reel_wins): null

2019-08-15 16:25:52 - [TEST_STEP][PASSED] - M4_spin_total_bonus_win_this_round = total_bonus_win_this_round: null

2019-08-15 16:25:52 - [TEST_STEP][PASSED] - M4_spin_total_bonus_win_this_round = M4_spin_total_bonus_win_this_round: null

2019-08-15 16:25:52 - [TEST_STEP][PASSED] - println("GlobalVariable.M4_spin_total_bonus_win_this_round is: " + M4_spin_total_bonus_win_this_round): null

2019-08-15 16:25:52 - [MESSAGE][PASSED] - Verify response successfully

2019-08-15 16:25:52 - [MESSAGE][PASSED] - Send request and verify the response successfully

2019-08-15 16:25:52 - [TEST_STEP][PASSED] - if (M4_total_bonus_spins_int != 0 &amp;&amp; M4_spin_reels_symbols[2].contains("WILD_Normal") || M4_spin_reels_symbols[3].contains("WILD_Normal") || M4_spin_reels_symbols[4].contains("WILD_Normal")): null

2019-08-15 16:25:52 - [TEST_STEP][PASSED] - free_spin_reel_counter = free_spin_reel_counter: null

2019-08-15 16:25:52 - [TEST_STEP][PASSED] - M4_spin_reels_symbols = M4_spin_reels_symbols: null

2019-08-15 16:25:52 - [TEST_STEP][PASSED] - M4_total_bonus_spins = M4_total_bonus_spins: null

2019-08-15 16:25:57 - [TEST_STEP][PASSED] - spin_result = sendRequestAndVerify(findTestObject("STG/RGS(M4)/1_M4_spin", ["M4_login_user_id":M4_login_user_id, "rgs_session_token":rgs_session_token, "partner":Partner])): Send request and verify the response successfully

2019-08-15 16:25:57 - [TEST_CASE][PASSED] - Start Test Case : Verification: Verification accomplished successfully

2019-08-15 16:25:57 - [TEST_STEP][PASSED] - request = getInstance().getCurrentRequest(): null

2019-08-15 16:25:57 - [TEST_STEP][PASSED] - response = getInstance().getCurrentResponse(): null

2019-08-15 16:25:57 - [TEST_STEP][PASSED] - verifyResponseStatusCode(response, 200): Verify response status code successfully

2019-08-15 16:25:57 - [MESSAGE][PASSED] - Verify response status code successfully

2019-08-15 16:25:57 - [TEST_STEP][PASSED] - getStatusCode()).isEqualTo(200): null

2019-08-15 16:25:57 - [TEST_STEP][PASSED] - newline = System.getProperty("line.separator"): null

2019-08-15 16:25:57 - [TEST_STEP][PASSED] - M4_spin = new groovy.json.JsonSlurper(): null

2019-08-15 16:25:57 - [TEST_STEP][PASSED] - result_M4_spin = M4_spin.parseText(response.getResponseBodyContent()): null

2019-08-15 16:25:57 - [TEST_STEP][PASSED] - M4_spin_current_balance = current_balance: null

2019-08-15 16:25:57 - [TEST_STEP][PASSED] - M4_spin_current_balance = M4_spin_current_balance: null

2019-08-15 16:25:57 - [TEST_STEP][PASSED] - M4_spin_transaction_id = causality: null

2019-08-15 16:25:57 - [TEST_STEP][PASSED] - M4_spin_transaction_id = M4_spin_transaction_id: null

2019-08-15 16:25:57 - [TEST_STEP][PASSED] - M4_spin_round_id = round_id: null

2019-08-15 16:25:57 - [TEST_STEP][PASSED] - M4_spin_round_id = M4_spin_round_id: null

2019-08-15 16:25:57 - [TEST_STEP][PASSED] - M4_spin_line_wins = line_wins: null

2019-08-15 16:25:57 - [TEST_STEP][PASSED] - M4_spin_line_wins = M4_spin_line_wins: null

2019-08-15 16:25:57 - [TEST_STEP][PASSED] - M4_total_bonus_spins_int = total_bonus_spins: null

2019-08-15 16:25:57 - [TEST_STEP][PASSED] - println("******M4_total_bonus_spins type is:*******" + newline + getClass().getName()): null

2019-08-15 16:25:57 - [TEST_STEP][PASSED] - M4_total_bonus_spins_int = M4_total_bonus_spins_int: null

2019-08-15 16:25:57 - [TEST_STEP][PASSED] - M4_total_bonus_spins = Integer.toString(M4_total_bonus_spins_int): null

2019-08-15 16:25:57 - [TEST_STEP][PASSED] - M4_total_bonus_spins = M4_total_bonus_spins: null

2019-08-15 16:25:57 - [TEST_STEP][PASSED] - println("M4_total_bonus_spins is:" + M4_total_bonus_spins): null

2019-08-15 16:25:57 - [TEST_STEP][PASSED] - M4_spin_bonus_data = bonus_data: null

2019-08-15 16:25:57 - [TEST_STEP][PASSED] - M4_spin_features_triggered = result_M4_spin: null

2019-08-15 16:25:57 - [TEST_STEP][PASSED] - wild = []: null

2019-08-15 16:25:57 - [TEST_STEP][PASSED] - wild[0] = "WILD_Expanding": null

2019-08-15 16:25:57 - [TEST_STEP][PASSED] - wild[1] = "WILD_Normal": null

2019-08-15 16:25:57 - [TEST_STEP][PASSED] - wild[2] = "WILD_Double": null

2019-08-15 16:25:57 - [TEST_STEP][PASSED] - wild[3] = "WILD_ExtraFG": null

2019-08-15 16:25:57 - [TEST_STEP][PASSED] - wild[4] = "WILD_Triple": null

2019-08-15 16:25:57 - [TEST_STEP][PASSED] - wildList = Arrays.asList(wild): null

2019-08-15 16:25:57 - [TEST_STEP][PASSED] - wildList = wildList: null

2019-08-15 16:25:57 - [TEST_STEP][PASSED] - free_spin_reel_counter = []: null

2019-08-15 16:25:57 - [TEST_STEP][PASSED] - free_spin_reel_counter[0] = 0: null

2019-08-15 16:25:57 - [TEST_STEP][PASSED] - free_spin_reel_counter[1] = 0: null

2019-08-15 16:25:57 - [TEST_STEP][PASSED] - free_spin_reel_counter[2] = 0: null

2019-08-15 16:25:57 - [TEST_STEP][PASSED] - M4_spin_reels = reels: null

2019-08-15 16:25:57 - [TEST_STEP][PASSED] - for ([i = 0, i &lt; M4_spin_reels.size(), (i++)]): null

2019-08-15 16:25:57 - [TEST_STEP][PASSED] - symbols = symbols: null

2019-08-15 16:25:57 - [TEST_STEP][PASSED] - for ([j = 0, j &lt; symbols.size(), (j++)]): null

2019-08-15 16:25:57 - [TEST_STEP][PASSED] - symbol = symbol: null

2019-08-15 16:25:57 - [TEST_STEP][PASSED] - println(symbol): null

2019-08-15 16:25:57 - [TEST_STEP][PASSED] - if (i == 2 &amp;&amp; wildList.indexOf(symbol) != -1): null

2019-08-15 16:25:57 - [TEST_STEP][PASSED] - if (i == 3 &amp;&amp; wildList.indexOf(symbol) != -1): null

2019-08-15 16:25:57 - [TEST_STEP][PASSED] - if (i == 4 &amp;&amp; wildList.indexOf(symbol) != -1): null

2019-08-15 16:25:57 - [TEST_STEP][PASSED] - symbol = symbol: null

2019-08-15 16:25:57 - [TEST_STEP][PASSED] - println(symbol): null

2019-08-15 16:25:57 - [TEST_STEP][PASSED] - if (i == 2 &amp;&amp; wildList.indexOf(symbol) != -1): null

2019-08-15 16:25:57 - [TEST_STEP][PASSED] - if (i == 3 &amp;&amp; wildList.indexOf(symbol) != -1): null

2019-08-15 16:25:57 - [TEST_STEP][PASSED] - if (i == 4 &amp;&amp; wildList.indexOf(symbol) != -1): null

2019-08-15 16:25:57 - [TEST_STEP][PASSED] - symbol = symbol: null

2019-08-15 16:25:57 - [TEST_STEP][PASSED] - println(symbol): null

2019-08-15 16:25:57 - [TEST_STEP][PASSED] - if (i == 2 &amp;&amp; wildList.indexOf(symbol) != -1): null

2019-08-15 16:25:57 - [TEST_STEP][PASSED] - if (i == 3 &amp;&amp; wildList.indexOf(symbol) != -1): null

2019-08-15 16:25:57 - [TEST_STEP][PASSED] - if (i == 4 &amp;&amp; wildList.indexOf(symbol) != -1): null

2019-08-15 16:25:57 - [TEST_STEP][PASSED] - symbols = symbols: null

2019-08-15 16:25:57 - [TEST_STEP][PASSED] - for ([j = 0, j &lt; symbols.size(), (j++)]): null

2019-08-15 16:25:57 - [TEST_STEP][PASSED] - symbol = symbol: null

2019-08-15 16:25:57 - [TEST_STEP][PASSED] - println(symbol): null

2019-08-15 16:25:57 - [TEST_STEP][PASSED] - if (i == 2 &amp;&amp; wildList.indexOf(symbol) != -1): null

2019-08-15 16:25:57 - [TEST_STEP][PASSED] - if (i == 3 &amp;&amp; wildList.indexOf(symbol) != -1): null

2019-08-15 16:25:57 - [TEST_STEP][PASSED] - if (i == 4 &amp;&amp; wildList.indexOf(symbol) != -1): null

2019-08-15 16:25:57 - [TEST_STEP][PASSED] - symbol = symbol: null

2019-08-15 16:25:57 - [TEST_STEP][PASSED] - println(symbol): null

2019-08-15 16:25:57 - [TEST_STEP][PASSED] - if (i == 2 &amp;&amp; wildList.indexOf(symbol) != -1): null

2019-08-15 16:25:57 - [TEST_STEP][PASSED] - if (i == 3 &amp;&amp; wildList.indexOf(symbol) != -1): null

2019-08-15 16:25:57 - [TEST_STEP][PASSED] - if (i == 4 &amp;&amp; wildList.indexOf(symbol) != -1): null

2019-08-15 16:25:57 - [TEST_STEP][PASSED] - symbol = symbol: null

2019-08-15 16:25:57 - [TEST_STEP][PASSED] - println(symbol): null

2019-08-15 16:25:57 - [TEST_STEP][PASSED] - if (i == 2 &amp;&amp; wildList.indexOf(symbol) != -1): null

2019-08-15 16:25:57 - [TEST_STEP][PASSED] - if (i == 3 &amp;&amp; wildList.indexOf(symbol) != -1): null

2019-08-15 16:25:57 - [TEST_STEP][PASSED] - if (i == 4 &amp;&amp; wildList.indexOf(symbol) != -1): null

2019-08-15 16:25:57 - [TEST_STEP][PASSED] - symbols = symbols: null

2019-08-15 16:25:57 - [TEST_STEP][PASSED] - for ([j = 0, j &lt; symbols.size(), (j++)]): null

2019-08-15 16:25:57 - [TEST_STEP][PASSED] - symbol = symbol: null

2019-08-15 16:25:57 - [TEST_STEP][PASSED] - println(symbol): null

2019-08-15 16:25:57 - [TEST_STEP][PASSED] - if (i == 2 &amp;&amp; wildList.indexOf(symbol) != -1): null

2019-08-15 16:25:57 - [TEST_STEP][PASSED] - if (i == 3 &amp;&amp; wildList.indexOf(symbol) != -1): null

2019-08-15 16:25:57 - [TEST_STEP][PASSED] - if (i == 4 &amp;&amp; wildList.indexOf(symbol) != -1): null

2019-08-15 16:25:57 - [TEST_STEP][PASSED] - symbol = symbol: null

2019-08-15 16:25:57 - [TEST_STEP][PASSED] - println(symbol): null

2019-08-15 16:25:57 - [TEST_STEP][PASSED] - if (i == 2 &amp;&amp; wildList.indexOf(symbol) != -1): null

2019-08-15 16:25:57 - [TEST_STEP][PASSED] - if (i == 3 &amp;&amp; wildList.indexOf(symbol) != -1): null

2019-08-15 16:25:57 - [TEST_STEP][PASSED] - if (i == 4 &amp;&amp; wildList.indexOf(symbol) != -1): null

2019-08-15 16:25:57 - [TEST_STEP][PASSED] - symbol = symbol: null

2019-08-15 16:25:57 - [TEST_STEP][PASSED] - println(symbol): null

2019-08-15 16:25:57 - [TEST_STEP][PASSED] - if (i == 2 &amp;&amp; wildList.indexOf(symbol) != -1): null

2019-08-15 16:25:57 - [TEST_STEP][PASSED] - if (i == 3 &amp;&amp; wildList.indexOf(symbol) != -1): null

2019-08-15 16:25:57 - [TEST_STEP][PASSED] - if (i == 4 &amp;&amp; wildList.indexOf(symbol) != -1): null

2019-08-15 16:25:57 - [TEST_STEP][PASSED] - symbols = symbols: null

2019-08-15 16:25:57 - [TEST_STEP][PASSED] - for ([j = 0, j &lt; symbols.size(), (j++)]): null

2019-08-15 16:25:57 - [TEST_STEP][PASSED] - symbol = symbol: null

2019-08-15 16:25:57 - [TEST_STEP][PASSED] - println(symbol): null

2019-08-15 16:25:57 - [TEST_STEP][PASSED] - if (i == 2 &amp;&amp; wildList.indexOf(symbol) != -1): null

2019-08-15 16:25:57 - [TEST_STEP][PASSED] - if (i == 3 &amp;&amp; wildList.indexOf(symbol) != -1): null

2019-08-15 16:25:57 - [TEST_STEP][PASSED] - if (i == 4 &amp;&amp; wildList.indexOf(symbol) != -1): null

2019-08-15 16:25:57 - [TEST_STEP][PASSED] - symbol = symbol: null

2019-08-15 16:25:57 - [TEST_STEP][PASSED] - println(symbol): null

2019-08-15 16:25:57 - [TEST_STEP][PASSED] - if (i == 2 &amp;&amp; wildList.indexOf(symbol) != -1): null

2019-08-15 16:25:57 - [TEST_STEP][PASSED] - if (i == 3 &amp;&amp; wildList.indexOf(symbol) != -1): null

2019-08-15 16:25:57 - [TEST_STEP][PASSED] - println("wild found on reel 4, adding counter by 1"): null

2019-08-15 16:25:57 - [TEST_STEP][PASSED] - free_spin_reel_counter[1] = free_spin_reel_counter[1] + 1: null

2019-08-15 16:25:57 - [TEST_STEP][PASSED] - if (i == 4 &amp;&amp; wildList.indexOf(symbol) != -1): null

2019-08-15 16:25:57 - [TEST_STEP][PASSED] - symbol = symbol: null

2019-08-15 16:25:57 - [TEST_STEP][PASSED] - println(symbol): null

2019-08-15 16:25:57 - [TEST_STEP][PASSED] - if (i == 2 &amp;&amp; wildList.indexOf(symbol) != -1): null

2019-08-15 16:25:57 - [TEST_STEP][PASSED] - if (i == 3 &amp;&amp; wildList.indexOf(symbol) != -1): null

2019-08-15 16:25:57 - [TEST_STEP][PASSED] - if (i == 4 &amp;&amp; wildList.indexOf(symbol) != -1): null

2019-08-15 16:25:57 - [TEST_STEP][PASSED] - symbols = symbols: null

2019-08-15 16:25:57 - [TEST_STEP][PASSED] - for ([j = 0, j &lt; symbols.size(), (j++)]): null

2019-08-15 16:25:57 - [TEST_STEP][PASSED] - symbol = symbol: null

2019-08-15 16:25:57 - [TEST_STEP][PASSED] - println(symbol): null

2019-08-15 16:25:57 - [TEST_STEP][PASSED] - if (i == 2 &amp;&amp; wildList.indexOf(symbol) != -1): null

2019-08-15 16:25:57 - [TEST_STEP][PASSED] - if (i == 3 &amp;&amp; wildList.indexOf(symbol) != -1): null

2019-08-15 16:25:57 - [TEST_STEP][PASSED] - if (i == 4 &amp;&amp; wildList.indexOf(symbol) != -1): null

2019-08-15 16:25:57 - [TEST_STEP][PASSED] - symbol = symbol: null

2019-08-15 16:25:57 - [TEST_STEP][PASSED] - println(symbol): null

2019-08-15 16:25:57 - [TEST_STEP][PASSED] - if (i == 2 &amp;&amp; wildList.indexOf(symbol) != -1): null

2019-08-15 16:25:57 - [TEST_STEP][PASSED] - if (i == 3 &amp;&amp; wildList.indexOf(symbol) != -1): null

2019-08-15 16:25:57 - [TEST_STEP][PASSED] - if (i == 4 &amp;&amp; wildList.indexOf(symbol) != -1): null

2019-08-15 16:25:57 - [TEST_STEP][PASSED] - symbol = symbol: null

2019-08-15 16:25:57 - [TEST_STEP][PASSED] - println(symbol): null

2019-08-15 16:25:57 - [TEST_STEP][PASSED] - if (i == 2 &amp;&amp; wildList.indexOf(symbol) != -1): null

2019-08-15 16:25:57 - [TEST_STEP][PASSED] - if (i == 3 &amp;&amp; wildList.indexOf(symbol) != -1): null

2019-08-15 16:25:57 - [TEST_STEP][PASSED] - if (i == 4 &amp;&amp; wildList.indexOf(symbol) != -1): null

2019-08-15 16:25:57 - [TEST_STEP][PASSED] - free_spin_reel_counter = free_spin_reel_counter: null

2019-08-15 16:25:57 - [TEST_STEP][PASSED] - println("reel 3 wild found: " + free_spin_reel_counter[0]): null

2019-08-15 16:25:57 - [TEST_STEP][PASSED] - println("reel 4 wild found: " + free_spin_reel_counter[1]): null

2019-08-15 16:25:57 - [TEST_STEP][PASSED] - println("reel 5 wild found: " + free_spin_reel_counter[2]): null

2019-08-15 16:25:57 - [TEST_STEP][PASSED] - M4_spin_reels = M4_spin_reels: null

2019-08-15 16:25:57 - [TEST_STEP][PASSED] - M4_spin_reels_symbols = symbol: null

2019-08-15 16:25:57 - [TEST_STEP][PASSED] - M4_spin_reels_symbols = M4_spin_reels_symbols: null

2019-08-15 16:25:57 - [TEST_STEP][PASSED] - M4_spin_reel_wins = reel_wins: null

2019-08-15 16:25:57 - [TEST_STEP][PASSED] - M4_spin_reel_wins = M4_spin_reel_wins: null

2019-08-15 16:25:57 - [TEST_STEP][PASSED] - println("GlobalVariable.M4_spin_reel_wins is: " + M4_spin_reel_wins): null

2019-08-15 16:25:57 - [TEST_STEP][PASSED] - M4_spin_total_bonus_win_this_round = total_bonus_win_this_round: null

2019-08-15 16:25:57 - [TEST_STEP][PASSED] - M4_spin_total_bonus_win_this_round = M4_spin_total_bonus_win_this_round: null

2019-08-15 16:25:57 - [TEST_STEP][PASSED] - println("GlobalVariable.M4_spin_total_bonus_win_this_round is: " + M4_spin_total_bonus_win_this_round): null

2019-08-15 16:25:57 - [MESSAGE][PASSED] - Verify response successfully

2019-08-15 16:25:57 - [MESSAGE][PASSED] - Send request and verify the response successfully

2019-08-15 16:25:57 - [TEST_STEP][PASSED] - if (M4_total_bonus_spins_int != 0 &amp;&amp; M4_spin_reels_symbols[2].contains("WILD_Normal") || M4_spin_reels_symbols[3].contains("WILD_Normal") || M4_spin_reels_symbols[4].contains("WILD_Normal")): null

2019-08-15 16:25:57 - [TEST_STEP][PASSED] - free_spin_reel_counter = free_spin_reel_counter: null

2019-08-15 16:25:57 - [TEST_STEP][PASSED] - M4_spin_reels_symbols = M4_spin_reels_symbols: null

2019-08-15 16:25:57 - [TEST_STEP][PASSED] - M4_total_bonus_spins = M4_total_bonus_spins: null

2019-08-15 16:25:57 - [TEST_STEP][PASSED] - spin_result = sendRequestAndVerify(findTestObject("STG/RGS(M4)/1_M4_spin", ["M4_login_user_id":M4_login_user_id, "rgs_session_token":rgs_session_token, "partner":Partner])): Send request and verify the response successfully

2019-08-15 16:25:57 - [TEST_CASE][PASSED] - Start Test Case : Verification: Verification accomplished successfully

2019-08-15 16:25:57 - [TEST_STEP][PASSED] - request = getInstance().getCurrentRequest(): null

2019-08-15 16:25:57 - [TEST_STEP][PASSED] - response = getInstance().getCurrentResponse(): null

2019-08-15 16:25:57 - [TEST_STEP][PASSED] - verifyResponseStatusCode(response, 200): Verify response status code successfully

2019-08-15 16:25:57 - [MESSAGE][PASSED] - Verify response status code successfully

2019-08-15 16:25:57 - [TEST_STEP][PASSED] - getStatusCode()).isEqualTo(200): null

2019-08-15 16:25:57 - [TEST_STEP][PASSED] - newline = System.getProperty("line.separator"): null

2019-08-15 16:25:57 - [TEST_STEP][PASSED] - M4_spin = new groovy.json.JsonSlurper(): null

2019-08-15 16:25:57 - [TEST_STEP][PASSED] - result_M4_spin = M4_spin.parseText(response.getResponseBodyContent()): null

2019-08-15 16:25:57 - [TEST_STEP][PASSED] - M4_spin_current_balance = current_balance: null

2019-08-15 16:25:57 - [TEST_STEP][PASSED] - M4_spin_current_balance = M4_spin_current_balance: null

2019-08-15 16:25:57 - [TEST_STEP][PASSED] - M4_spin_transaction_id = causality: null

2019-08-15 16:25:57 - [TEST_STEP][PASSED] - M4_spin_transaction_id = M4_spin_transaction_id: null

2019-08-15 16:25:57 - [TEST_STEP][PASSED] - M4_spin_round_id = round_id: null

2019-08-15 16:25:57 - [TEST_STEP][PASSED] - M4_spin_round_id = M4_spin_round_id: null

2019-08-15 16:25:57 - [TEST_STEP][PASSED] - M4_spin_line_wins = line_wins: null

2019-08-15 16:25:57 - [TEST_STEP][PASSED] - M4_spin_line_wins = M4_spin_line_wins: null

2019-08-15 16:25:57 - [TEST_STEP][PASSED] - M4_total_bonus_spins_int = total_bonus_spins: null

2019-08-15 16:25:57 - [TEST_STEP][PASSED] - println("******M4_total_bonus_spins type is:*******" + newline + getClass().getName()): null

2019-08-15 16:25:57 - [TEST_STEP][PASSED] - M4_total_bonus_spins_int = M4_total_bonus_spins_int: null

2019-08-15 16:25:57 - [TEST_STEP][PASSED] - M4_total_bonus_spins = Integer.toString(M4_total_bonus_spins_int): null

2019-08-15 16:25:57 - [TEST_STEP][PASSED] - M4_total_bonus_spins = M4_total_bonus_spins: null

2019-08-15 16:25:57 - [TEST_STEP][PASSED] - println("M4_total_bonus_spins is:" + M4_total_bonus_spins): null

2019-08-15 16:25:57 - [TEST_STEP][PASSED] - M4_spin_bonus_data = bonus_data: null

2019-08-15 16:25:57 - [TEST_STEP][PASSED] - M4_spin_features_triggered = result_M4_spin: null

2019-08-15 16:25:57 - [TEST_STEP][PASSED] - wild = []: null

2019-08-15 16:25:57 - [TEST_STEP][PASSED] - wild[0] = "WILD_Expanding": null

2019-08-15 16:25:57 - [TEST_STEP][PASSED] - wild[1] = "WILD_Normal": null

2019-08-15 16:25:57 - [TEST_STEP][PASSED] - wild[2] = "WILD_Double": null

2019-08-15 16:25:57 - [TEST_STEP][PASSED] - wild[3] = "WILD_ExtraFG": null

2019-08-15 16:25:57 - [TEST_STEP][PASSED] - wild[4] = "WILD_Triple": null

2019-08-15 16:25:57 - [TEST_STEP][PASSED] - wildList = Arrays.asList(wild): null

2019-08-15 16:25:57 - [TEST_STEP][PASSED] - wildList = wildList: null

2019-08-15 16:25:57 - [TEST_STEP][PASSED] - free_spin_reel_counter = []: null

2019-08-15 16:25:57 - [TEST_STEP][PASSED] - free_spin_reel_counter[0] = 0: null

2019-08-15 16:25:57 - [TEST_STEP][PASSED] - free_spin_reel_counter[1] = 0: null

2019-08-15 16:25:57 - [TEST_STEP][PASSED] - free_spin_reel_counter[2] = 0: null

2019-08-15 16:25:57 - [TEST_STEP][PASSED] - M4_spin_reels = reels: null

2019-08-15 16:25:57 - [TEST_STEP][PASSED] - for ([i = 0, i &lt; M4_spin_reels.size(), (i++)]): null

2019-08-15 16:25:57 - [TEST_STEP][PASSED] - symbols = symbols: null

2019-08-15 16:25:57 - [TEST_STEP][PASSED] - for ([j = 0, j &lt; symbols.size(), (j++)]): null

2019-08-15 16:25:57 - [TEST_STEP][PASSED] - symbol = symbol: null

2019-08-15 16:25:57 - [TEST_STEP][PASSED] - println(symbol): null

2019-08-15 16:25:57 - [TEST_STEP][PASSED] - if (i == 2 &amp;&amp; wildList.indexOf(symbol) != -1): null

2019-08-15 16:25:57 - [TEST_STEP][PASSED] - if (i == 3 &amp;&amp; wildList.indexOf(symbol) != -1): null

2019-08-15 16:25:57 - [TEST_STEP][PASSED] - if (i == 4 &amp;&amp; wildList.indexOf(symbol) != -1): null

2019-08-15 16:25:57 - [TEST_STEP][PASSED] - symbol = symbol: null

2019-08-15 16:25:57 - [TEST_STEP][PASSED] - println(symbol): null

2019-08-15 16:25:57 - [TEST_STEP][PASSED] - if (i == 2 &amp;&amp; wildList.indexOf(symbol) != -1): null

2019-08-15 16:25:57 - [TEST_STEP][PASSED] - if (i == 3 &amp;&amp; wildList.indexOf(symbol) != -1): null

2019-08-15 16:25:57 - [TEST_STEP][PASSED] - if (i == 4 &amp;&amp; wildList.indexOf(symbol) != -1): null

2019-08-15 16:25:57 - [TEST_STEP][PASSED] - symbol = symbol: null

2019-08-15 16:25:57 - [TEST_STEP][PASSED] - println(symbol): null

2019-08-15 16:25:57 - [TEST_STEP][PASSED] - if (i == 2 &amp;&amp; wildList.indexOf(symbol) != -1): null

2019-08-15 16:25:57 - [TEST_STEP][PASSED] - if (i == 3 &amp;&amp; wildList.indexOf(symbol) != -1): null

2019-08-15 16:25:57 - [TEST_STEP][PASSED] - if (i == 4 &amp;&amp; wildList.indexOf(symbol) != -1): null

2019-08-15 16:25:57 - [TEST_STEP][PASSED] - symbols = symbols: null

2019-08-15 16:25:57 - [TEST_STEP][PASSED] - for ([j = 0, j &lt; symbols.size(), (j++)]): null

2019-08-15 16:25:57 - [TEST_STEP][PASSED] - symbol = symbol: null

2019-08-15 16:25:57 - [TEST_STEP][PASSED] - println(symbol): null

2019-08-15 16:25:57 - [TEST_STEP][PASSED] - if (i == 2 &amp;&amp; wildList.indexOf(symbol) != -1): null

2019-08-15 16:25:57 - [TEST_STEP][PASSED] - if (i == 3 &amp;&amp; wildList.indexOf(symbol) != -1): null

2019-08-15 16:25:57 - [TEST_STEP][PASSED] - if (i == 4 &amp;&amp; wildList.indexOf(symbol) != -1): null

2019-08-15 16:25:57 - [TEST_STEP][PASSED] - symbol = symbol: null

2019-08-15 16:25:57 - [TEST_STEP][PASSED] - println(symbol): null

2019-08-15 16:25:57 - [TEST_STEP][PASSED] - if (i == 2 &amp;&amp; wildList.indexOf(symbol) != -1): null

2019-08-15 16:25:57 - [TEST_STEP][PASSED] - if (i == 3 &amp;&amp; wildList.indexOf(symbol) != -1): null

2019-08-15 16:25:57 - [TEST_STEP][PASSED] - if (i == 4 &amp;&amp; wildList.indexOf(symbol) != -1): null

2019-08-15 16:25:57 - [TEST_STEP][PASSED] - symbol = symbol: null

2019-08-15 16:25:57 - [TEST_STEP][PASSED] - println(symbol): null

2019-08-15 16:25:57 - [TEST_STEP][PASSED] - if (i == 2 &amp;&amp; wildList.indexOf(symbol) != -1): null

2019-08-15 16:25:57 - [TEST_STEP][PASSED] - if (i == 3 &amp;&amp; wildList.indexOf(symbol) != -1): null

2019-08-15 16:25:57 - [TEST_STEP][PASSED] - if (i == 4 &amp;&amp; wildList.indexOf(symbol) != -1): null

2019-08-15 16:25:57 - [TEST_STEP][PASSED] - symbols = symbols: null

2019-08-15 16:25:57 - [TEST_STEP][PASSED] - for ([j = 0, j &lt; symbols.size(), (j++)]): null

2019-08-15 16:25:57 - [TEST_STEP][PASSED] - symbol = symbol: null

2019-08-15 16:25:57 - [TEST_STEP][PASSED] - println(symbol): null

2019-08-15 16:25:57 - [TEST_STEP][PASSED] - if (i == 2 &amp;&amp; wildList.indexOf(symbol) != -1): null

2019-08-15 16:25:57 - [TEST_STEP][PASSED] - if (i == 3 &amp;&amp; wildList.indexOf(symbol) != -1): null

2019-08-15 16:25:57 - [TEST_STEP][PASSED] - if (i == 4 &amp;&amp; wildList.indexOf(symbol) != -1): null

2019-08-15 16:25:57 - [TEST_STEP][PASSED] - symbol = symbol: null

2019-08-15 16:25:57 - [TEST_STEP][PASSED] - println(symbol): null

2019-08-15 16:25:57 - [TEST_STEP][PASSED] - if (i == 2 &amp;&amp; wildList.indexOf(symbol) != -1): null

2019-08-15 16:25:57 - [TEST_STEP][PASSED] - if (i == 3 &amp;&amp; wildList.indexOf(symbol) != -1): null

2019-08-15 16:25:57 - [TEST_STEP][PASSED] - if (i == 4 &amp;&amp; wildList.indexOf(symbol) != -1): null

2019-08-15 16:25:57 - [TEST_STEP][PASSED] - symbol = symbol: null

2019-08-15 16:25:57 - [TEST_STEP][PASSED] - println(symbol): null

2019-08-15 16:25:57 - [TEST_STEP][PASSED] - if (i == 2 &amp;&amp; wildList.indexOf(symbol) != -1): null

2019-08-15 16:25:57 - [TEST_STEP][PASSED] - if (i == 3 &amp;&amp; wildList.indexOf(symbol) != -1): null

2019-08-15 16:25:57 - [TEST_STEP][PASSED] - if (i == 4 &amp;&amp; wildList.indexOf(symbol) != -1): null

2019-08-15 16:25:57 - [TEST_STEP][PASSED] - symbols = symbols: null

2019-08-15 16:25:57 - [TEST_STEP][PASSED] - for ([j = 0, j &lt; symbols.size(), (j++)]): null

2019-08-15 16:25:57 - [TEST_STEP][PASSED] - symbol = symbol: null

2019-08-15 16:25:57 - [TEST_STEP][PASSED] - println(symbol): null

2019-08-15 16:25:57 - [TEST_STEP][PASSED] - if (i == 2 &amp;&amp; wildList.indexOf(symbol) != -1): null

2019-08-15 16:25:57 - [TEST_STEP][PASSED] - if (i == 3 &amp;&amp; wildList.indexOf(symbol) != -1): null

2019-08-15 16:25:57 - [TEST_STEP][PASSED] - if (i == 4 &amp;&amp; wildList.indexOf(symbol) != -1): null

2019-08-15 16:25:57 - [TEST_STEP][PASSED] - symbol = symbol: null

2019-08-15 16:25:57 - [TEST_STEP][PASSED] - println(symbol): null

2019-08-15 16:25:57 - [TEST_STEP][PASSED] - if (i == 2 &amp;&amp; wildList.indexOf(symbol) != -1): null

2019-08-15 16:25:57 - [TEST_STEP][PASSED] - if (i == 3 &amp;&amp; wildList.indexOf(symbol) != -1): null

2019-08-15 16:25:57 - [TEST_STEP][PASSED] - if (i == 4 &amp;&amp; wildList.indexOf(symbol) != -1): null

2019-08-15 16:25:57 - [TEST_STEP][PASSED] - symbol = symbol: null

2019-08-15 16:25:57 - [TEST_STEP][PASSED] - println(symbol): null

2019-08-15 16:25:57 - [TEST_STEP][PASSED] - if (i == 2 &amp;&amp; wildList.indexOf(symbol) != -1): null

2019-08-15 16:25:57 - [TEST_STEP][PASSED] - if (i == 3 &amp;&amp; wildList.indexOf(symbol) != -1): null

2019-08-15 16:25:57 - [TEST_STEP][PASSED] - if (i == 4 &amp;&amp; wildList.indexOf(symbol) != -1): null

2019-08-15 16:25:57 - [TEST_STEP][PASSED] - symbols = symbols: null

2019-08-15 16:25:57 - [TEST_STEP][PASSED] - for ([j = 0, j &lt; symbols.size(), (j++)]): null

2019-08-15 16:25:57 - [TEST_STEP][PASSED] - symbol = symbol: null

2019-08-15 16:25:57 - [TEST_STEP][PASSED] - println(symbol): null

2019-08-15 16:25:57 - [TEST_STEP][PASSED] - if (i == 2 &amp;&amp; wildList.indexOf(symbol) != -1): null

2019-08-15 16:25:57 - [TEST_STEP][PASSED] - if (i == 3 &amp;&amp; wildList.indexOf(symbol) != -1): null

2019-08-15 16:25:57 - [TEST_STEP][PASSED] - if (i == 4 &amp;&amp; wildList.indexOf(symbol) != -1): null

2019-08-15 16:25:57 - [TEST_STEP][PASSED] - symbol = symbol: null

2019-08-15 16:25:57 - [TEST_STEP][PASSED] - println(symbol): null

2019-08-15 16:25:57 - [TEST_STEP][PASSED] - if (i == 2 &amp;&amp; wildList.indexOf(symbol) != -1): null

2019-08-15 16:25:57 - [TEST_STEP][PASSED] - if (i == 3 &amp;&amp; wildList.indexOf(symbol) != -1): null

2019-08-15 16:25:57 - [TEST_STEP][PASSED] - if (i == 4 &amp;&amp; wildList.indexOf(symbol) != -1): null

2019-08-15 16:25:57 - [TEST_STEP][PASSED] - symbol = symbol: null

2019-08-15 16:25:57 - [TEST_STEP][PASSED] - println(symbol): null

2019-08-15 16:25:57 - [TEST_STEP][PASSED] - if (i == 2 &amp;&amp; wildList.indexOf(symbol) != -1): null

2019-08-15 16:25:57 - [TEST_STEP][PASSED] - if (i == 3 &amp;&amp; wildList.indexOf(symbol) != -1): null

2019-08-15 16:25:57 - [TEST_STEP][PASSED] - if (i == 4 &amp;&amp; wildList.indexOf(symbol) != -1): null

2019-08-15 16:25:57 - [TEST_STEP][PASSED] - free_spin_reel_counter = free_spin_reel_counter: null

2019-08-15 16:25:57 - [TEST_STEP][PASSED] - println("reel 3 wild found: " + free_spin_reel_counter[0]): null

2019-08-15 16:25:57 - [TEST_STEP][PASSED] - println("reel 4 wild found: " + free_spin_reel_counter[1]): null

2019-08-15 16:25:57 - [TEST_STEP][PASSED] - println("reel 5 wild found: " + free_spin_reel_counter[2]): null

2019-08-15 16:25:57 - [TEST_STEP][PASSED] - M4_spin_reels = M4_spin_reels: null

2019-08-15 16:25:57 - [TEST_STEP][PASSED] - M4_spin_reels_symbols = symbol: null

2019-08-15 16:25:57 - [TEST_STEP][PASSED] - M4_spin_reels_symbols = M4_spin_reels_symbols: null

2019-08-15 16:25:57 - [TEST_STEP][PASSED] - M4_spin_reel_wins = reel_wins: null

2019-08-15 16:25:57 - [TEST_STEP][PASSED] - M4_spin_reel_wins = M4_spin_reel_wins: null

2019-08-15 16:25:57 - [TEST_STEP][PASSED] - println("GlobalVariable.M4_spin_reel_wins is: " + M4_spin_reel_wins): null

2019-08-15 16:25:57 - [TEST_STEP][PASSED] - M4_spin_total_bonus_win_this_round = total_bonus_win_this_round: null

2019-08-15 16:25:57 - [TEST_STEP][PASSED] - M4_spin_total_bonus_win_this_round = M4_spin_total_bonus_win_this_round: null

2019-08-15 16:25:57 - [TEST_STEP][PASSED] - println("GlobalVariable.M4_spin_total_bonus_win_this_round is: " + M4_spin_total_bonus_win_this_round): null

2019-08-15 16:25:57 - [MESSAGE][PASSED] - Verify response successfully

2019-08-15 16:25:57 - [MESSAGE][PASSED] - Send request and verify the response successfully

2019-08-15 16:25:57 - [TEST_STEP][PASSED] - if (M4_total_bonus_spins_int != 0 &amp;&amp; M4_spin_reels_symbols[2].contains("WILD_Normal") || M4_spin_reels_symbols[3].contains("WILD_Normal") || M4_spin_reels_symbols[4].contains("WILD_Normal")): null

2019-08-15 16:25:57 - [TEST_STEP][PASSED] - free_spin_reel_counter = free_spin_reel_counter: null

2019-08-15 16:25:57 - [TEST_STEP][PASSED] - M4_spin_reels_symbols = M4_spin_reels_symbols: null

2019-08-15 16:25:57 - [TEST_STEP][PASSED] - M4_total_bonus_spins = M4_total_bonus_spins: null

2019-08-15 16:25:57 - [TEST_STEP][PASSED] - spin_result = sendRequestAndVerify(findTestObject("STG/RGS(M4)/1_M4_spin", ["M4_login_user_id":M4_login_user_id, "rgs_session_token":rgs_session_token, "partner":Partner])): Send request and verify the response successfully

2019-08-15 16:25:58 - [TEST_CASE][PASSED] - Start Test Case : Verification: Verification accomplished successfully

2019-08-15 16:25:58 - [TEST_STEP][PASSED] - request = getInstance().getCurrentRequest(): null

2019-08-15 16:25:58 - [TEST_STEP][PASSED] - response = getInstance().getCurrentResponse(): null

2019-08-15 16:25:58 - [TEST_STEP][PASSED] - verifyResponseStatusCode(response, 200): Verify response status code successfully

2019-08-15 16:25:58 - [MESSAGE][PASSED] - Verify response status code successfully

2019-08-15 16:25:58 - [TEST_STEP][PASSED] - getStatusCode()).isEqualTo(200): null

2019-08-15 16:25:58 - [TEST_STEP][PASSED] - newline = System.getProperty("line.separator"): null

2019-08-15 16:25:58 - [TEST_STEP][PASSED] - M4_spin = new groovy.json.JsonSlurper(): null

2019-08-15 16:25:58 - [TEST_STEP][PASSED] - result_M4_spin = M4_spin.parseText(response.getResponseBodyContent()): null

2019-08-15 16:25:58 - [TEST_STEP][PASSED] - M4_spin_current_balance = current_balance: null

2019-08-15 16:25:58 - [TEST_STEP][PASSED] - M4_spin_current_balance = M4_spin_current_balance: null

2019-08-15 16:25:58 - [TEST_STEP][PASSED] - M4_spin_transaction_id = causality: null

2019-08-15 16:25:58 - [TEST_STEP][PASSED] - M4_spin_transaction_id = M4_spin_transaction_id: null

2019-08-15 16:25:58 - [TEST_STEP][PASSED] - M4_spin_round_id = round_id: null

2019-08-15 16:25:58 - [TEST_STEP][PASSED] - M4_spin_round_id = M4_spin_round_id: null

2019-08-15 16:25:58 - [TEST_STEP][PASSED] - M4_spin_line_wins = line_wins: null

2019-08-15 16:25:58 - [TEST_STEP][PASSED] - M4_spin_line_wins = M4_spin_line_wins: null

2019-08-15 16:25:58 - [TEST_STEP][PASSED] - M4_total_bonus_spins_int = total_bonus_spins: null

2019-08-15 16:25:58 - [TEST_STEP][PASSED] - println("******M4_total_bonus_spins type is:*******" + newline + getClass().getName()): null

2019-08-15 16:25:58 - [TEST_STEP][PASSED] - M4_total_bonus_spins_int = M4_total_bonus_spins_int: null

2019-08-15 16:25:58 - [TEST_STEP][PASSED] - M4_total_bonus_spins = Integer.toString(M4_total_bonus_spins_int): null

2019-08-15 16:25:58 - [TEST_STEP][PASSED] - M4_total_bonus_spins = M4_total_bonus_spins: null

2019-08-15 16:25:58 - [TEST_STEP][PASSED] - println("M4_total_bonus_spins is:" + M4_total_bonus_spins): null

2019-08-15 16:25:58 - [TEST_STEP][PASSED] - M4_spin_bonus_data = bonus_data: null

2019-08-15 16:25:58 - [TEST_STEP][PASSED] - M4_spin_features_triggered = result_M4_spin: null

2019-08-15 16:25:58 - [TEST_STEP][PASSED] - wild = []: null

2019-08-15 16:25:58 - [TEST_STEP][PASSED] - wild[0] = "WILD_Expanding": null

2019-08-15 16:25:58 - [TEST_STEP][PASSED] - wild[1] = "WILD_Normal": null

2019-08-15 16:25:58 - [TEST_STEP][PASSED] - wild[2] = "WILD_Double": null

2019-08-15 16:25:58 - [TEST_STEP][PASSED] - wild[3] = "WILD_ExtraFG": null

2019-08-15 16:25:58 - [TEST_STEP][PASSED] - wild[4] = "WILD_Triple": null

2019-08-15 16:25:58 - [TEST_STEP][PASSED] - wildList = Arrays.asList(wild): null

2019-08-15 16:25:58 - [TEST_STEP][PASSED] - wildList = wildList: null

2019-08-15 16:25:58 - [TEST_STEP][PASSED] - free_spin_reel_counter = []: null

2019-08-15 16:25:58 - [TEST_STEP][PASSED] - free_spin_reel_counter[0] = 0: null

2019-08-15 16:25:58 - [TEST_STEP][PASSED] - free_spin_reel_counter[1] = 0: null

2019-08-15 16:25:58 - [TEST_STEP][PASSED] - free_spin_reel_counter[2] = 0: null

2019-08-15 16:25:58 - [TEST_STEP][PASSED] - M4_spin_reels = reels: null

2019-08-15 16:25:58 - [TEST_STEP][PASSED] - for ([i = 0, i &lt; M4_spin_reels.size(), (i++)]): null

2019-08-15 16:25:58 - [TEST_STEP][PASSED] - symbols = symbols: null

2019-08-15 16:25:58 - [TEST_STEP][PASSED] - for ([j = 0, j &lt; symbols.size(), (j++)]): null

2019-08-15 16:25:58 - [TEST_STEP][PASSED] - symbol = symbol: null

2019-08-15 16:25:58 - [TEST_STEP][PASSED] - println(symbol): null

2019-08-15 16:25:58 - [TEST_STEP][PASSED] - if (i == 2 &amp;&amp; wildList.indexOf(symbol) != -1): null

2019-08-15 16:26:02 - [TEST_STEP][PASSED] - if (i == 3 &amp;&amp; wildList.indexOf(symbol) != -1): null

2019-08-15 16:26:02 - [TEST_STEP][PASSED] - if (i == 4 &amp;&amp; wildList.indexOf(symbol) != -1): null

2019-08-15 16:26:02 - [TEST_STEP][PASSED] - symbol = symbol: null

2019-08-15 16:26:02 - [TEST_STEP][PASSED] - println(symbol): null

2019-08-15 16:26:02 - [TEST_STEP][PASSED] - if (i == 2 &amp;&amp; wildList.indexOf(symbol) != -1): null

2019-08-15 16:26:02 - [TEST_STEP][PASSED] - if (i == 3 &amp;&amp; wildList.indexOf(symbol) != -1): null

2019-08-15 16:26:02 - [TEST_STEP][PASSED] - if (i == 4 &amp;&amp; wildList.indexOf(symbol) != -1): null

2019-08-15 16:26:02 - [TEST_STEP][PASSED] - symbol = symbol: null

2019-08-15 16:26:02 - [TEST_STEP][PASSED] - println(symbol): null

2019-08-15 16:26:02 - [TEST_STEP][PASSED] - if (i == 2 &amp;&amp; wildList.indexOf(symbol) != -1): null

2019-08-15 16:26:02 - [TEST_STEP][PASSED] - if (i == 3 &amp;&amp; wildList.indexOf(symbol) != -1): null

2019-08-15 16:26:02 - [TEST_STEP][PASSED] - if (i == 4 &amp;&amp; wildList.indexOf(symbol) != -1): null

2019-08-15 16:26:02 - [TEST_STEP][PASSED] - symbols = symbols: null

2019-08-15 16:26:02 - [TEST_STEP][PASSED] - for ([j = 0, j &lt; symbols.size(), (j++)]): null

2019-08-15 16:26:02 - [TEST_STEP][PASSED] - symbol = symbol: null

2019-08-15 16:26:02 - [TEST_STEP][PASSED] - println(symbol): null

2019-08-15 16:26:02 - [TEST_STEP][PASSED] - if (i == 2 &amp;&amp; wildList.indexOf(symbol) != -1): null

2019-08-15 16:26:02 - [TEST_STEP][PASSED] - if (i == 3 &amp;&amp; wildList.indexOf(symbol) != -1): null

2019-08-15 16:26:02 - [TEST_STEP][PASSED] - if (i == 4 &amp;&amp; wildList.indexOf(symbol) != -1): null

2019-08-15 16:26:02 - [TEST_STEP][PASSED] - symbol = symbol: null

2019-08-15 16:26:02 - [TEST_STEP][PASSED] - println(symbol): null

2019-08-15 16:26:02 - [TEST_STEP][PASSED] - if (i == 2 &amp;&amp; wildList.indexOf(symbol) != -1): null

2019-08-15 16:26:02 - [TEST_STEP][PASSED] - if (i == 3 &amp;&amp; wildList.indexOf(symbol) != -1): null

2019-08-15 16:26:02 - [TEST_STEP][PASSED] - if (i == 4 &amp;&amp; wildList.indexOf(symbol) != -1): null

2019-08-15 16:26:02 - [TEST_STEP][PASSED] - symbol = symbol: null

2019-08-15 16:26:02 - [TEST_STEP][PASSED] - println(symbol): null

2019-08-15 16:26:02 - [TEST_STEP][PASSED] - if (i == 2 &amp;&amp; wildList.indexOf(symbol) != -1): null

2019-08-15 16:26:02 - [TEST_STEP][PASSED] - if (i == 3 &amp;&amp; wildList.indexOf(symbol) != -1): null

2019-08-15 16:26:02 - [TEST_STEP][PASSED] - if (i == 4 &amp;&amp; wildList.indexOf(symbol) != -1): null

2019-08-15 16:26:02 - [TEST_STEP][PASSED] - symbols = symbols: null

2019-08-15 16:26:02 - [TEST_STEP][PASSED] - for ([j = 0, j &lt; symbols.size(), (j++)]): null

2019-08-15 16:26:02 - [TEST_STEP][PASSED] - symbol = symbol: null

2019-08-15 16:26:02 - [TEST_STEP][PASSED] - println(symbol): null

2019-08-15 16:26:02 - [TEST_STEP][PASSED] - if (i == 2 &amp;&amp; wildList.indexOf(symbol) != -1): null

2019-08-15 16:26:02 - [TEST_STEP][PASSED] - if (i == 3 &amp;&amp; wildList.indexOf(symbol) != -1): null

2019-08-15 16:26:02 - [TEST_STEP][PASSED] - if (i == 4 &amp;&amp; wildList.indexOf(symbol) != -1): null

2019-08-15 16:26:02 - [TEST_STEP][PASSED] - symbol = symbol: null

2019-08-15 16:26:02 - [TEST_STEP][PASSED] - println(symbol): null

2019-08-15 16:26:02 - [TEST_STEP][PASSED] - if (i == 2 &amp;&amp; wildList.indexOf(symbol) != -1): null

2019-08-15 16:26:02 - [TEST_STEP][PASSED] - if (i == 3 &amp;&amp; wildList.indexOf(symbol) != -1): null

2019-08-15 16:26:02 - [TEST_STEP][PASSED] - if (i == 4 &amp;&amp; wildList.indexOf(symbol) != -1): null

2019-08-15 16:26:02 - [TEST_STEP][PASSED] - symbol = symbol: null

2019-08-15 16:26:02 - [TEST_STEP][PASSED] - println(symbol): null

2019-08-15 16:26:02 - [TEST_STEP][PASSED] - if (i == 2 &amp;&amp; wildList.indexOf(symbol) != -1): null

2019-08-15 16:26:02 - [TEST_STEP][PASSED] - println("wild found on reel 3, adding counter by 1"): null

2019-08-15 16:26:02 - [TEST_STEP][PASSED] - free_spin_reel_counter[0] = free_spin_reel_counter[0] + 1: null

2019-08-15 16:26:02 - [TEST_STEP][PASSED] - if (i == 3 &amp;&amp; wildList.indexOf(symbol) != -1): null

2019-08-15 16:26:02 - [TEST_STEP][PASSED] - if (i == 4 &amp;&amp; wildList.indexOf(symbol) != -1): null

2019-08-15 16:26:02 - [TEST_STEP][PASSED] - symbols = symbols: null

2019-08-15 16:26:02 - [TEST_STEP][PASSED] - for ([j = 0, j &lt; symbols.size(), (j++)]): null

2019-08-15 16:26:02 - [TEST_STEP][PASSED] - symbol = symbol: null

2019-08-15 16:26:02 - [TEST_STEP][PASSED] - println(symbol): null

2019-08-15 16:26:02 - [TEST_STEP][PASSED] - if (i == 2 &amp;&amp; wildList.indexOf(symbol) != -1): null

2019-08-15 16:26:02 - [TEST_STEP][PASSED] - if (i == 3 &amp;&amp; wildList.indexOf(symbol) != -1): null

2019-08-15 16:26:02 - [TEST_STEP][PASSED] - if (i == 4 &amp;&amp; wildList.indexOf(symbol) != -1): null

2019-08-15 16:26:02 - [TEST_STEP][PASSED] - symbol = symbol: null

2019-08-15 16:26:02 - [TEST_STEP][PASSED] - println(symbol): null

2019-08-15 16:26:02 - [TEST_STEP][PASSED] - if (i == 2 &amp;&amp; wildList.indexOf(symbol) != -1): null

2019-08-15 16:26:02 - [TEST_STEP][PASSED] - if (i == 3 &amp;&amp; wildList.indexOf(symbol) != -1): null

2019-08-15 16:26:02 - [TEST_STEP][PASSED] - if (i == 4 &amp;&amp; wildList.indexOf(symbol) != -1): null

2019-08-15 16:26:02 - [TEST_STEP][PASSED] - symbol = symbol: null

2019-08-15 16:26:02 - [TEST_STEP][PASSED] - println(symbol): null

2019-08-15 16:26:02 - [TEST_STEP][PASSED] - if (i == 2 &amp;&amp; wildList.indexOf(symbol) != -1): null

2019-08-15 16:26:02 - [TEST_STEP][PASSED] - if (i == 3 &amp;&amp; wildList.indexOf(symbol) != -1): null

2019-08-15 16:26:02 - [TEST_STEP][PASSED] - if (i == 4 &amp;&amp; wildList.indexOf(symbol) != -1): null

2019-08-15 16:26:02 - [TEST_STEP][PASSED] - symbols = symbols: null

2019-08-15 16:26:02 - [TEST_STEP][PASSED] - for ([j = 0, j &lt; symbols.size(), (j++)]): null

2019-08-15 16:26:02 - [TEST_STEP][PASSED] - symbol = symbol: null

2019-08-15 16:26:02 - [TEST_STEP][PASSED] - println(symbol): null

2019-08-15 16:26:02 - [TEST_STEP][PASSED] - if (i == 2 &amp;&amp; wildList.indexOf(symbol) != -1): null

2019-08-15 16:26:02 - [TEST_STEP][PASSED] - if (i == 3 &amp;&amp; wildList.indexOf(symbol) != -1): null

2019-08-15 16:26:02 - [TEST_STEP][PASSED] - if (i == 4 &amp;&amp; wildList.indexOf(symbol) != -1): null

2019-08-15 16:26:02 - [TEST_STEP][PASSED] - symbol = symbol: null

2019-08-15 16:26:02 - [TEST_STEP][PASSED] - println(symbol): null

2019-08-15 16:26:02 - [TEST_STEP][PASSED] - if (i == 2 &amp;&amp; wildList.indexOf(symbol) != -1): null

2019-08-15 16:26:02 - [TEST_STEP][PASSED] - if (i == 3 &amp;&amp; wildList.indexOf(symbol) != -1): null

2019-08-15 16:26:02 - [TEST_STEP][PASSED] - if (i == 4 &amp;&amp; wildList.indexOf(symbol) != -1): null

2019-08-15 16:26:02 - [TEST_STEP][PASSED] - symbol = symbol: null

2019-08-15 16:26:02 - [TEST_STEP][PASSED] - println(symbol): null

2019-08-15 16:26:02 - [TEST_STEP][PASSED] - if (i == 2 &amp;&amp; wildList.indexOf(symbol) != -1): null

2019-08-15 16:26:02 - [TEST_STEP][PASSED] - if (i == 3 &amp;&amp; wildList.indexOf(symbol) != -1): null

2019-08-15 16:26:02 - [TEST_STEP][PASSED] - if (i == 4 &amp;&amp; wildList.indexOf(symbol) != -1): null

2019-08-15 16:26:02 - [TEST_STEP][PASSED] - println("wild found on reel 5, adding counter by 1"): null

2019-08-15 16:26:02 - [TEST_STEP][PASSED] - free_spin_reel_counter[2] = free_spin_reel_counter[2] + 1: null

2019-08-15 16:26:02 - [TEST_STEP][PASSED] - free_spin_reel_counter = free_spin_reel_counter: null

2019-08-15 16:26:02 - [TEST_STEP][PASSED] - println("reel 3 wild found: " + free_spin_reel_counter[0]): null

2019-08-15 16:26:02 - [TEST_STEP][PASSED] - println("reel 4 wild found: " + free_spin_reel_counter[1]): null

2019-08-15 16:26:02 - [TEST_STEP][PASSED] - println("reel 5 wild found: " + free_spin_reel_counter[2]): null

2019-08-15 16:26:02 - [TEST_STEP][PASSED] - M4_spin_reels = M4_spin_reels: null

2019-08-15 16:26:02 - [TEST_STEP][PASSED] - M4_spin_reels_symbols = symbol: null

2019-08-15 16:26:02 - [TEST_STEP][PASSED] - M4_spin_reels_symbols = M4_spin_reels_symbols: null

2019-08-15 16:26:02 - [TEST_STEP][PASSED] - M4_spin_reel_wins = reel_wins: null

2019-08-15 16:26:02 - [TEST_STEP][PASSED] - M4_spin_reel_wins = M4_spin_reel_wins: null

2019-08-15 16:26:02 - [TEST_STEP][PASSED] - println("GlobalVariable.M4_spin_reel_wins is: " + M4_spin_reel_wins): null

2019-08-15 16:26:02 - [TEST_STEP][PASSED] - M4_spin_total_bonus_win_this_round = total_bonus_win_this_round: null

2019-08-15 16:26:02 - [TEST_STEP][PASSED] - M4_spin_total_bonus_win_this_round = M4_spin_total_bonus_win_this_round: null

2019-08-15 16:26:02 - [TEST_STEP][PASSED] - println("GlobalVariable.M4_spin_total_bonus_win_this_round is: " + M4_spin_total_bonus_win_this_round): null

2019-08-15 16:26:02 - [MESSAGE][PASSED] - Verify response successfully

2019-08-15 16:26:02 - [MESSAGE][PASSED] - Send request and verify the response successfully

2019-08-15 16:26:02 - [TEST_STEP][PASSED] - if (M4_total_bonus_spins_int != 0 &amp;&amp; M4_spin_reels_symbols[2].contains("WILD_Normal") || M4_spin_reels_symbols[3].contains("WILD_Normal") || M4_spin_reels_symbols[4].contains("WILD_Normal")): null

2019-08-15 16:26:02 - [TEST_STEP][PASSED] - free_spin_reel_counter = free_spin_reel_counter: null

2019-08-15 16:26:02 - [TEST_STEP][PASSED] - M4_spin_reels_symbols = M4_spin_reels_symbols: null

2019-08-15 16:26:02 - [TEST_STEP][PASSED] - M4_total_bonus_spins = M4_total_bonus_spins: null

2019-08-15 16:26:02 - [TEST_STEP][PASSED] - spin_result = sendRequestAndVerify(findTestObject("STG/RGS(M4)/1_M4_spin", ["M4_login_user_id":M4_login_user_id, "rgs_session_token":rgs_session_token, "partner":Partner])): Send request and verify the response successfully

2019-08-15 16:26:03 - [TEST_CASE][PASSED] - Start Test Case : Verification: Verification accomplished successfully

2019-08-15 16:26:03 - [TEST_STEP][PASSED] - request = getInstance().getCurrentRequest(): null

2019-08-15 16:26:03 - [TEST_STEP][PASSED] - response = getInstance().getCurrentResponse(): null

2019-08-15 16:26:03 - [TEST_STEP][PASSED] - verifyResponseStatusCode(response, 200): Verify response status code successfully

2019-08-15 16:26:03 - [MESSAGE][PASSED] - Verify response status code successfully

2019-08-15 16:26:03 - [TEST_STEP][PASSED] - getStatusCode()).isEqualTo(200): null

2019-08-15 16:26:03 - [TEST_STEP][PASSED] - newline = System.getProperty("line.separator"): null

2019-08-15 16:26:03 - [TEST_STEP][PASSED] - M4_spin = new groovy.json.JsonSlurper(): null

2019-08-15 16:26:03 - [TEST_STEP][PASSED] - result_M4_spin = M4_spin.parseText(response.getResponseBodyContent()): null

2019-08-15 16:26:03 - [TEST_STEP][PASSED] - M4_spin_current_balance = current_balance: null

2019-08-15 16:26:03 - [TEST_STEP][PASSED] - M4_spin_current_balance = M4_spin_current_balance: null

2019-08-15 16:26:03 - [TEST_STEP][PASSED] - M4_spin_transaction_id = causality: null

2019-08-15 16:26:03 - [TEST_STEP][PASSED] - M4_spin_transaction_id = M4_spin_transaction_id: null

2019-08-15 16:26:03 - [TEST_STEP][PASSED] - M4_spin_round_id = round_id: null

2019-08-15 16:26:03 - [TEST_STEP][PASSED] - M4_spin_round_id = M4_spin_round_id: null

2019-08-15 16:26:03 - [TEST_STEP][PASSED] - M4_spin_line_wins = line_wins: null

2019-08-15 16:26:03 - [TEST_STEP][PASSED] - M4_spin_line_wins = M4_spin_line_wins: null

2019-08-15 16:26:03 - [TEST_STEP][PASSED] - M4_total_bonus_spins_int = total_bonus_spins: null

2019-08-15 16:26:03 - [TEST_STEP][PASSED] - println("******M4_total_bonus_spins type is:*******" + newline + getClass().getName()): null

2019-08-15 16:26:03 - [TEST_STEP][PASSED] - M4_total_bonus_spins_int = M4_total_bonus_spins_int: null

2019-08-15 16:26:03 - [TEST_STEP][PASSED] - M4_total_bonus_spins = Integer.toString(M4_total_bonus_spins_int): null

2019-08-15 16:26:03 - [TEST_STEP][PASSED] - M4_total_bonus_spins = M4_total_bonus_spins: null

2019-08-15 16:26:03 - [TEST_STEP][PASSED] - println("M4_total_bonus_spins is:" + M4_total_bonus_spins): null

2019-08-15 16:26:03 - [TEST_STEP][PASSED] - M4_spin_bonus_data = bonus_data: null

2019-08-15 16:26:03 - [TEST_STEP][PASSED] - M4_spin_features_triggered = result_M4_spin: null

2019-08-15 16:26:03 - [TEST_STEP][PASSED] - wild = []: null

2019-08-15 16:26:03 - [TEST_STEP][PASSED] - wild[0] = "WILD_Expanding": null

2019-08-15 16:26:03 - [TEST_STEP][PASSED] - wild[1] = "WILD_Normal": null

2019-08-15 16:26:03 - [TEST_STEP][PASSED] - wild[2] = "WILD_Double": null

2019-08-15 16:26:03 - [TEST_STEP][PASSED] - wild[3] = "WILD_ExtraFG": null

2019-08-15 16:26:03 - [TEST_STEP][PASSED] - wild[4] = "WILD_Triple": null

2019-08-15 16:26:03 - [TEST_STEP][PASSED] - wildList = Arrays.asList(wild): null

2019-08-15 16:26:03 - [TEST_STEP][PASSED] - wildList = wildList: null

2019-08-15 16:26:03 - [TEST_STEP][PASSED] - free_spin_reel_counter = []: null

2019-08-15 16:26:03 - [TEST_STEP][PASSED] - free_spin_reel_counter[0] = 0: null

2019-08-15 16:26:03 - [TEST_STEP][PASSED] - free_spin_reel_counter[1] = 0: null

2019-08-15 16:26:03 - [TEST_STEP][PASSED] - free_spin_reel_counter[2] = 0: null

2019-08-15 16:26:03 - [TEST_STEP][PASSED] - M4_spin_reels = reels: null

2019-08-15 16:26:03 - [TEST_STEP][PASSED] - for ([i = 0, i &lt; M4_spin_reels.size(), (i++)]): null

2019-08-15 16:26:03 - [TEST_STEP][PASSED] - symbols = symbols: null

2019-08-15 16:26:03 - [TEST_STEP][PASSED] - for ([j = 0, j &lt; symbols.size(), (j++)]): null

2019-08-15 16:26:03 - [TEST_STEP][PASSED] - symbol = symbol: null

2019-08-15 16:26:03 - [TEST_STEP][PASSED] - println(symbol): null

2019-08-15 16:26:03 - [TEST_STEP][PASSED] - if (i == 2 &amp;&amp; wildList.indexOf(symbol) != -1): null

2019-08-15 16:26:03 - [TEST_STEP][PASSED] - if (i == 3 &amp;&amp; wildList.indexOf(symbol) != -1): null

2019-08-15 16:26:03 - [TEST_STEP][PASSED] - if (i == 4 &amp;&amp; wildList.indexOf(symbol) != -1): null

2019-08-15 16:26:03 - [TEST_STEP][PASSED] - symbol = symbol: null

2019-08-15 16:26:03 - [TEST_STEP][PASSED] - println(symbol): null

2019-08-15 16:26:03 - [TEST_STEP][PASSED] - if (i == 2 &amp;&amp; wildList.indexOf(symbol) != -1): null

2019-08-15 16:26:03 - [TEST_STEP][PASSED] - if (i == 3 &amp;&amp; wildList.indexOf(symbol) != -1): null

2019-08-15 16:26:03 - [TEST_STEP][PASSED] - if (i == 4 &amp;&amp; wildList.indexOf(symbol) != -1): null

2019-08-15 16:26:03 - [TEST_STEP][PASSED] - symbol = symbol: null

2019-08-15 16:26:03 - [TEST_STEP][PASSED] - println(symbol): null

2019-08-15 16:26:03 - [TEST_STEP][PASSED] - if (i == 2 &amp;&amp; wildList.indexOf(symbol) != -1): null

2019-08-15 16:26:03 - [TEST_STEP][PASSED] - if (i == 3 &amp;&amp; wildList.indexOf(symbol) != -1): null

2019-08-15 16:26:03 - [TEST_STEP][PASSED] - if (i == 4 &amp;&amp; wildList.indexOf(symbol) != -1): null

2019-08-15 16:26:03 - [TEST_STEP][PASSED] - symbols = symbols: null

2019-08-15 16:26:03 - [TEST_STEP][PASSED] - for ([j = 0, j &lt; symbols.size(), (j++)]): null

2019-08-15 16:26:03 - [TEST_STEP][PASSED] - symbol = symbol: null

2019-08-15 16:26:03 - [TEST_STEP][PASSED] - println(symbol): null

2019-08-15 16:26:03 - [TEST_STEP][PASSED] - if (i == 2 &amp;&amp; wildList.indexOf(symbol) != -1): null

2019-08-15 16:26:03 - [TEST_STEP][PASSED] - if (i == 3 &amp;&amp; wildList.indexOf(symbol) != -1): null

2019-08-15 16:26:03 - [TEST_STEP][PASSED] - if (i == 4 &amp;&amp; wildList.indexOf(symbol) != -1): null

2019-08-15 16:26:03 - [TEST_STEP][PASSED] - symbol = symbol: null

2019-08-15 16:26:03 - [TEST_STEP][PASSED] - println(symbol): null

2019-08-15 16:26:03 - [TEST_STEP][PASSED] - if (i == 2 &amp;&amp; wildList.indexOf(symbol) != -1): null

2019-08-15 16:26:03 - [TEST_STEP][PASSED] - if (i == 3 &amp;&amp; wildList.indexOf(symbol) != -1): null

2019-08-15 16:26:03 - [TEST_STEP][PASSED] - if (i == 4 &amp;&amp; wildList.indexOf(symbol) != -1): null

2019-08-15 16:26:03 - [TEST_STEP][PASSED] - symbol = symbol: null

2019-08-15 16:26:03 - [TEST_STEP][PASSED] - println(symbol): null

2019-08-15 16:26:03 - [TEST_STEP][PASSED] - if (i == 2 &amp;&amp; wildList.indexOf(symbol) != -1): null

2019-08-15 16:26:03 - [TEST_STEP][PASSED] - if (i == 3 &amp;&amp; wildList.indexOf(symbol) != -1): null

2019-08-15 16:26:03 - [TEST_STEP][PASSED] - if (i == 4 &amp;&amp; wildList.indexOf(symbol) != -1): null

2019-08-15 16:26:03 - [TEST_STEP][PASSED] - symbols = symbols: null

2019-08-15 16:26:03 - [TEST_STEP][PASSED] - for ([j = 0, j &lt; symbols.size(), (j++)]): null

2019-08-15 16:26:03 - [TEST_STEP][PASSED] - symbol = symbol: null

2019-08-15 16:26:03 - [TEST_STEP][PASSED] - println(symbol): null

2019-08-15 16:26:03 - [TEST_STEP][PASSED] - if (i == 2 &amp;&amp; wildList.indexOf(symbol) != -1): null

2019-08-15 16:26:03 - [TEST_STEP][PASSED] - if (i == 3 &amp;&amp; wildList.indexOf(symbol) != -1): null

2019-08-15 16:26:03 - [TEST_STEP][PASSED] - if (i == 4 &amp;&amp; wildList.indexOf(symbol) != -1): null

2019-08-15 16:26:03 - [TEST_STEP][PASSED] - symbol = symbol: null

2019-08-15 16:26:03 - [TEST_STEP][PASSED] - println(symbol): null

2019-08-15 16:26:03 - [TEST_STEP][PASSED] - if (i == 2 &amp;&amp; wildList.indexOf(symbol) != -1): null

2019-08-15 16:26:03 - [TEST_STEP][PASSED] - if (i == 3 &amp;&amp; wildList.indexOf(symbol) != -1): null

2019-08-15 16:26:03 - [TEST_STEP][PASSED] - if (i == 4 &amp;&amp; wildList.indexOf(symbol) != -1): null

2019-08-15 16:26:03 - [TEST_STEP][PASSED] - symbol = symbol: null

2019-08-15 16:26:03 - [TEST_STEP][PASSED] - println(symbol): null

2019-08-15 16:26:03 - [TEST_STEP][PASSED] - if (i == 2 &amp;&amp; wildList.indexOf(symbol) != -1): null

2019-08-15 16:26:03 - [TEST_STEP][PASSED] - if (i == 3 &amp;&amp; wildList.indexOf(symbol) != -1): null

2019-08-15 16:26:03 - [TEST_STEP][PASSED] - if (i == 4 &amp;&amp; wildList.indexOf(symbol) != -1): null

2019-08-15 16:26:03 - [TEST_STEP][PASSED] - symbols = symbols: null

2019-08-15 16:26:03 - [TEST_STEP][PASSED] - for ([j = 0, j &lt; symbols.size(), (j++)]): null

2019-08-15 16:26:03 - [TEST_STEP][PASSED] - symbol = symbol: null

2019-08-15 16:26:03 - [TEST_STEP][PASSED] - println(symbol): null

2019-08-15 16:26:03 - [TEST_STEP][PASSED] - if (i == 2 &amp;&amp; wildList.indexOf(symbol) != -1): null

2019-08-15 16:26:03 - [TEST_STEP][PASSED] - if (i == 3 &amp;&amp; wildList.indexOf(symbol) != -1): null

2019-08-15 16:26:03 - [TEST_STEP][PASSED] - if (i == 4 &amp;&amp; wildList.indexOf(symbol) != -1): null

2019-08-15 16:26:03 - [TEST_STEP][PASSED] - symbol = symbol: null

2019-08-15 16:26:03 - [TEST_STEP][PASSED] - println(symbol): null

2019-08-15 16:26:03 - [TEST_STEP][PASSED] - if (i == 2 &amp;&amp; wildList.indexOf(symbol) != -1): null

2019-08-15 16:26:03 - [TEST_STEP][PASSED] - if (i == 3 &amp;&amp; wildList.indexOf(symbol) != -1): null

2019-08-15 16:26:03 - [TEST_STEP][PASSED] - println("wild found on reel 4, adding counter by 1"): null

2019-08-15 16:26:03 - [TEST_STEP][PASSED] - free_spin_reel_counter[1] = free_spin_reel_counter[1] + 1: null

2019-08-15 16:26:03 - [TEST_STEP][PASSED] - if (i == 4 &amp;&amp; wildList.indexOf(symbol) != -1): null

2019-08-15 16:26:03 - [TEST_STEP][PASSED] - symbol = symbol: null

2019-08-15 16:26:03 - [TEST_STEP][PASSED] - println(symbol): null

2019-08-15 16:26:03 - [TEST_STEP][PASSED] - if (i == 2 &amp;&amp; wildList.indexOf(symbol) != -1): null

2019-08-15 16:26:03 - [TEST_STEP][PASSED] - if (i == 3 &amp;&amp; wildList.indexOf(symbol) != -1): null

2019-08-15 16:26:03 - [TEST_STEP][PASSED] - if (i == 4 &amp;&amp; wildList.indexOf(symbol) != -1): null

2019-08-15 16:26:03 - [TEST_STEP][PASSED] - symbols = symbols: null

2019-08-15 16:26:03 - [TEST_STEP][PASSED] - for ([j = 0, j &lt; symbols.size(), (j++)]): null

2019-08-15 16:26:03 - [TEST_STEP][PASSED] - symbol = symbol: null

2019-08-15 16:26:03 - [TEST_STEP][PASSED] - println(symbol): null

2019-08-15 16:26:03 - [TEST_STEP][PASSED] - if (i == 2 &amp;&amp; wildList.indexOf(symbol) != -1): null

2019-08-15 16:26:03 - [TEST_STEP][PASSED] - if (i == 3 &amp;&amp; wildList.indexOf(symbol) != -1): null

2019-08-15 16:26:03 - [TEST_STEP][PASSED] - if (i == 4 &amp;&amp; wildList.indexOf(symbol) != -1): null

2019-08-15 16:26:03 - [TEST_STEP][PASSED] - symbol = symbol: null

2019-08-15 16:26:03 - [TEST_STEP][PASSED] - println(symbol): null

2019-08-15 16:26:03 - [TEST_STEP][PASSED] - if (i == 2 &amp;&amp; wildList.indexOf(symbol) != -1): null

2019-08-15 16:26:03 - [TEST_STEP][PASSED] - if (i == 3 &amp;&amp; wildList.indexOf(symbol) != -1): null

2019-08-15 16:26:03 - [TEST_STEP][PASSED] - if (i == 4 &amp;&amp; wildList.indexOf(symbol) != -1): null

2019-08-15 16:26:03 - [TEST_STEP][PASSED] - symbol = symbol: null

2019-08-15 16:26:03 - [TEST_STEP][PASSED] - println(symbol): null

2019-08-15 16:26:03 - [TEST_STEP][PASSED] - if (i == 2 &amp;&amp; wildList.indexOf(symbol) != -1): null

2019-08-15 16:26:03 - [TEST_STEP][PASSED] - if (i == 3 &amp;&amp; wildList.indexOf(symbol) != -1): null

2019-08-15 16:26:03 - [TEST_STEP][PASSED] - if (i == 4 &amp;&amp; wildList.indexOf(symbol) != -1): null

2019-08-15 16:26:03 - [TEST_STEP][PASSED] - free_spin_reel_counter = free_spin_reel_counter: null

2019-08-15 16:26:03 - [TEST_STEP][PASSED] - println("reel 3 wild found: " + free_spin_reel_counter[0]): null

2019-08-15 16:26:03 - [TEST_STEP][PASSED] - println("reel 4 wild found: " + free_spin_reel_counter[1]): null

2019-08-15 16:26:03 - [TEST_STEP][PASSED] - println("reel 5 wild found: " + free_spin_reel_counter[2]): null

2019-08-15 16:26:03 - [TEST_STEP][PASSED] - M4_spin_reels = M4_spin_reels: null

2019-08-15 16:26:03 - [TEST_STEP][PASSED] - M4_spin_reels_symbols = symbol: null

2019-08-15 16:26:03 - [TEST_STEP][PASSED] - M4_spin_reels_symbols = M4_spin_reels_symbols: null

2019-08-15 16:26:03 - [TEST_STEP][PASSED] - M4_spin_reel_wins = reel_wins: null

2019-08-15 16:26:03 - [TEST_STEP][PASSED] - M4_spin_reel_wins = M4_spin_reel_wins: null

2019-08-15 16:26:03 - [TEST_STEP][PASSED] - println("GlobalVariable.M4_spin_reel_wins is: " + M4_spin_reel_wins): null

2019-08-15 16:26:03 - [TEST_STEP][PASSED] - M4_spin_total_bonus_win_this_round = total_bonus_win_this_round: null

2019-08-15 16:26:03 - [TEST_STEP][PASSED] - M4_spin_total_bonus_win_this_round = M4_spin_total_bonus_win_this_round: null

2019-08-15 16:26:03 - [TEST_STEP][PASSED] - println("GlobalVariable.M4_spin_total_bonus_win_this_round is: " + M4_spin_total_bonus_win_this_round): null

2019-08-15 16:26:03 - [MESSAGE][PASSED] - Verify response successfully

2019-08-15 16:26:03 - [MESSAGE][PASSED] - Send request and verify the response successfully

2019-08-15 16:26:03 - [TEST_STEP][PASSED] - if (M4_total_bonus_spins_int != 0 &amp;&amp; M4_spin_reels_symbols[2].contains("WILD_Normal") || M4_spin_reels_symbols[3].contains("WILD_Normal") || M4_spin_reels_symbols[4].contains("WILD_Normal")): null

2019-08-15 16:26:03 - [TEST_STEP][PASSED] - free_spin_reel_counter = free_spin_reel_counter: null

2019-08-15 16:26:03 - [TEST_STEP][PASSED] - M4_spin_reels_symbols = M4_spin_reels_symbols: null

2019-08-15 16:26:03 - [TEST_STEP][PASSED] - M4_total_bonus_spins = M4_total_bonus_spins: null

2019-08-15 16:26:03 - [TEST_STEP][PASSED] - spin_result = sendRequestAndVerify(findTestObject("STG/RGS(M4)/1_M4_spin", ["M4_login_user_id":M4_login_user_id, "rgs_session_token":rgs_session_token, "partner":Partner])): Send request and verify the response successfully

2019-08-15 16:26:03 - [TEST_CASE][PASSED] - Start Test Case : Verification: Verification accomplished successfully

2019-08-15 16:26:03 - [TEST_STEP][PASSED] - request = getInstance().getCurrentRequest(): null

2019-08-15 16:26:03 - [TEST_STEP][PASSED] - response = getInstance().getCurrentResponse(): null

2019-08-15 16:26:03 - [TEST_STEP][PASSED] - verifyResponseStatusCode(response, 200): Verify response status code successfully

2019-08-15 16:26:03 - [MESSAGE][PASSED] - Verify response status code successfully

2019-08-15 16:26:03 - [TEST_STEP][PASSED] - getStatusCode()).isEqualTo(200): null

2019-08-15 16:26:03 - [TEST_STEP][PASSED] - newline = System.getProperty("line.separator"): null

2019-08-15 16:26:03 - [TEST_STEP][PASSED] - M4_spin = new groovy.json.JsonSlurper(): null

2019-08-15 16:26:03 - [TEST_STEP][PASSED] - result_M4_spin = M4_spin.parseText(response.getResponseBodyContent()): null

2019-08-15 16:26:03 - [TEST_STEP][PASSED] - M4_spin_current_balance = current_balance: null

2019-08-15 16:26:03 - [TEST_STEP][PASSED] - M4_spin_current_balance = M4_spin_current_balance: null

2019-08-15 16:26:03 - [TEST_STEP][PASSED] - M4_spin_transaction_id = causality: null

2019-08-15 16:26:03 - [TEST_STEP][PASSED] - M4_spin_transaction_id = M4_spin_transaction_id: null

2019-08-15 16:26:03 - [TEST_STEP][PASSED] - M4_spin_round_id = round_id: null

2019-08-15 16:26:03 - [TEST_STEP][PASSED] - M4_spin_round_id = M4_spin_round_id: null

2019-08-15 16:26:03 - [TEST_STEP][PASSED] - M4_spin_line_wins = line_wins: null

2019-08-15 16:26:03 - [TEST_STEP][PASSED] - M4_spin_line_wins = M4_spin_line_wins: null

2019-08-15 16:26:03 - [TEST_STEP][PASSED] - M4_total_bonus_spins_int = total_bonus_spins: null

2019-08-15 16:26:03 - [TEST_STEP][PASSED] - println("******M4_total_bonus_spins type is:*******" + newline + getClass().getName()): null

2019-08-15 16:26:03 - [TEST_STEP][PASSED] - M4_total_bonus_spins_int = M4_total_bonus_spins_int: null

2019-08-15 16:26:03 - [TEST_STEP][PASSED] - M4_total_bonus_spins = Integer.toString(M4_total_bonus_spins_int): null

2019-08-15 16:26:03 - [TEST_STEP][PASSED] - M4_total_bonus_spins = M4_total_bonus_spins: null

2019-08-15 16:26:03 - [TEST_STEP][PASSED] - println("M4_total_bonus_spins is:" + M4_total_bonus_spins): null

2019-08-15 16:26:03 - [TEST_STEP][PASSED] - M4_spin_bonus_data = bonus_data: null

2019-08-15 16:26:03 - [TEST_STEP][PASSED] - M4_spin_features_triggered = result_M4_spin: null

2019-08-15 16:26:03 - [TEST_STEP][PASSED] - wild = []: null

2019-08-15 16:26:03 - [TEST_STEP][PASSED] - wild[0] = "WILD_Expanding": null

2019-08-15 16:26:03 - [TEST_STEP][PASSED] - wild[1] = "WILD_Normal": null

2019-08-15 16:26:03 - [TEST_STEP][PASSED] - wild[2] = "WILD_Double": null

2019-08-15 16:26:03 - [TEST_STEP][PASSED] - wild[3] = "WILD_ExtraFG": null

2019-08-15 16:26:03 - [TEST_STEP][PASSED] - wild[4] = "WILD_Triple": null

2019-08-15 16:26:03 - [TEST_STEP][PASSED] - wildList = Arrays.asList(wild): null

2019-08-15 16:26:03 - [TEST_STEP][PASSED] - wildList = wildList: null

2019-08-15 16:26:03 - [TEST_STEP][PASSED] - free_spin_reel_counter = []: null

2019-08-15 16:26:03 - [TEST_STEP][PASSED] - free_spin_reel_counter[0] = 0: null

2019-08-15 16:26:03 - [TEST_STEP][PASSED] - free_spin_reel_counter[1] = 0: null

2019-08-15 16:26:03 - [TEST_STEP][PASSED] - free_spin_reel_counter[2] = 0: null

2019-08-15 16:26:03 - [TEST_STEP][PASSED] - M4_spin_reels = reels: null

2019-08-15 16:26:03 - [TEST_STEP][PASSED] - for ([i = 0, i &lt; M4_spin_reels.size(), (i++)]): null

2019-08-15 16:26:03 - [TEST_STEP][PASSED] - symbols = symbols: null

2019-08-15 16:26:03 - [TEST_STEP][PASSED] - for ([j = 0, j &lt; symbols.size(), (j++)]): null

2019-08-15 16:26:03 - [TEST_STEP][PASSED] - symbol = symbol: null

2019-08-15 16:26:03 - [TEST_STEP][PASSED] - println(symbol): null

2019-08-15 16:26:03 - [TEST_STEP][PASSED] - if (i == 2 &amp;&amp; wildList.indexOf(symbol) != -1): null

2019-08-15 16:26:03 - [TEST_STEP][PASSED] - if (i == 3 &amp;&amp; wildList.indexOf(symbol) != -1): null

2019-08-15 16:26:03 - [TEST_STEP][PASSED] - if (i == 4 &amp;&amp; wildList.indexOf(symbol) != -1): null

2019-08-15 16:26:03 - [TEST_STEP][PASSED] - symbol = symbol: null

2019-08-15 16:26:03 - [TEST_STEP][PASSED] - println(symbol): null

2019-08-15 16:26:03 - [TEST_STEP][PASSED] - if (i == 2 &amp;&amp; wildList.indexOf(symbol) != -1): null

2019-08-15 16:26:03 - [TEST_STEP][PASSED] - if (i == 3 &amp;&amp; wildList.indexOf(symbol) != -1): null

2019-08-15 16:26:03 - [TEST_STEP][PASSED] - if (i == 4 &amp;&amp; wildList.indexOf(symbol) != -1): null

2019-08-15 16:26:03 - [TEST_STEP][PASSED] - symbol = symbol: null

2019-08-15 16:26:03 - [TEST_STEP][PASSED] - println(symbol): null

2019-08-15 16:26:03 - [TEST_STEP][PASSED] - if (i == 2 &amp;&amp; wildList.indexOf(symbol) != -1): null

2019-08-15 16:26:03 - [TEST_STEP][PASSED] - if (i == 3 &amp;&amp; wildList.indexOf(symbol) != -1): null

2019-08-15 16:26:03 - [TEST_STEP][PASSED] - if (i == 4 &amp;&amp; wildList.indexOf(symbol) != -1): null

2019-08-15 16:26:03 - [TEST_STEP][PASSED] - symbols = symbols: null

2019-08-15 16:26:03 - [TEST_STEP][PASSED] - for ([j = 0, j &lt; symbols.size(), (j++)]): null

2019-08-15 16:26:03 - [TEST_STEP][PASSED] - symbol = symbol: null

2019-08-15 16:26:03 - [TEST_STEP][PASSED] - println(symbol): null

2019-08-15 16:26:03 - [TEST_STEP][PASSED] - if (i == 2 &amp;&amp; wildList.indexOf(symbol) != -1): null

2019-08-15 16:26:03 - [TEST_STEP][PASSED] - if (i == 3 &amp;&amp; wildList.indexOf(symbol) != -1): null

2019-08-15 16:26:03 - [TEST_STEP][PASSED] - if (i == 4 &amp;&amp; wildList.indexOf(symbol) != -1): null

2019-08-15 16:26:03 - [TEST_STEP][PASSED] - symbol = symbol: null

2019-08-15 16:26:03 - [TEST_STEP][PASSED] - println(symbol): null

2019-08-15 16:26:03 - [TEST_STEP][PASSED] - if (i == 2 &amp;&amp; wildList.indexOf(symbol) != -1): null

2019-08-15 16:26:03 - [TEST_STEP][PASSED] - if (i == 3 &amp;&amp; wildList.indexOf(symbol) != -1): null

2019-08-15 16:26:03 - [TEST_STEP][PASSED] - if (i == 4 &amp;&amp; wildList.indexOf(symbol) != -1): null

2019-08-15 16:26:03 - [TEST_STEP][PASSED] - symbol = symbol: null

2019-08-15 16:26:03 - [TEST_STEP][PASSED] - println(symbol): null

2019-08-15 16:26:03 - [TEST_STEP][PASSED] - if (i == 2 &amp;&amp; wildList.indexOf(symbol) != -1): null

2019-08-15 16:26:03 - [TEST_STEP][PASSED] - if (i == 3 &amp;&amp; wildList.indexOf(symbol) != -1): null

2019-08-15 16:26:03 - [TEST_STEP][PASSED] - if (i == 4 &amp;&amp; wildList.indexOf(symbol) != -1): null

2019-08-15 16:26:03 - [TEST_STEP][PASSED] - symbols = symbols: null

2019-08-15 16:26:03 - [TEST_STEP][PASSED] - for ([j = 0, j &lt; symbols.size(), (j++)]): null

2019-08-15 16:26:03 - [TEST_STEP][PASSED] - symbol = symbol: null

2019-08-15 16:26:03 - [TEST_STEP][PASSED] - println(symbol): null

2019-08-15 16:26:03 - [TEST_STEP][PASSED] - if (i == 2 &amp;&amp; wildList.indexOf(symbol) != -1): null

2019-08-15 16:26:03 - [TEST_STEP][PASSED] - if (i == 3 &amp;&amp; wildList.indexOf(symbol) != -1): null

2019-08-15 16:26:03 - [TEST_STEP][PASSED] - if (i == 4 &amp;&amp; wildList.indexOf(symbol) != -1): null

2019-08-15 16:26:03 - [TEST_STEP][PASSED] - symbol = symbol: null

2019-08-15 16:26:03 - [TEST_STEP][PASSED] - println(symbol): null

2019-08-15 16:26:03 - [TEST_STEP][PASSED] - if (i == 2 &amp;&amp; wildList.indexOf(symbol) != -1): null

2019-08-15 16:26:08 - [TEST_STEP][PASSED] - if (i == 3 &amp;&amp; wildList.indexOf(symbol) != -1): null

2019-08-15 16:26:08 - [TEST_STEP][PASSED] - if (i == 4 &amp;&amp; wildList.indexOf(symbol) != -1): null

2019-08-15 16:26:08 - [TEST_STEP][PASSED] - symbol = symbol: null

2019-08-15 16:26:08 - [TEST_STEP][PASSED] - println(symbol): null

2019-08-15 16:26:08 - [TEST_STEP][PASSED] - if (i == 2 &amp;&amp; wildList.indexOf(symbol) != -1): null

2019-08-15 16:26:08 - [TEST_STEP][PASSED] - if (i == 3 &amp;&amp; wildList.indexOf(symbol) != -1): null

2019-08-15 16:26:08 - [TEST_STEP][PASSED] - if (i == 4 &amp;&amp; wildList.indexOf(symbol) != -1): null

2019-08-15 16:26:08 - [TEST_STEP][PASSED] - symbols = symbols: null

2019-08-15 16:26:08 - [TEST_STEP][PASSED] - for ([j = 0, j &lt; symbols.size(), (j++)]): null

2019-08-15 16:26:08 - [TEST_STEP][PASSED] - symbol = symbol: null

2019-08-15 16:26:08 - [TEST_STEP][PASSED] - println(symbol): null

2019-08-15 16:26:08 - [TEST_STEP][PASSED] - if (i == 2 &amp;&amp; wildList.indexOf(symbol) != -1): null

2019-08-15 16:26:08 - [TEST_STEP][PASSED] - if (i == 3 &amp;&amp; wildList.indexOf(symbol) != -1): null

2019-08-15 16:26:08 - [TEST_STEP][PASSED] - if (i == 4 &amp;&amp; wildList.indexOf(symbol) != -1): null

2019-08-15 16:26:08 - [TEST_STEP][PASSED] - symbol = symbol: null

2019-08-15 16:26:08 - [TEST_STEP][PASSED] - println(symbol): null

2019-08-15 16:26:08 - [TEST_STEP][PASSED] - if (i == 2 &amp;&amp; wildList.indexOf(symbol) != -1): null

2019-08-15 16:26:08 - [TEST_STEP][PASSED] - if (i == 3 &amp;&amp; wildList.indexOf(symbol) != -1): null

2019-08-15 16:26:08 - [TEST_STEP][PASSED] - println("wild found on reel 4, adding counter by 1"): null

2019-08-15 16:26:08 - [TEST_STEP][PASSED] - free_spin_reel_counter[1] = free_spin_reel_counter[1] + 1: null

2019-08-15 16:26:08 - [TEST_STEP][PASSED] - if (i == 4 &amp;&amp; wildList.indexOf(symbol) != -1): null

2019-08-15 16:26:08 - [TEST_STEP][PASSED] - symbol = symbol: null

2019-08-15 16:26:08 - [TEST_STEP][PASSED] - println(symbol): null

2019-08-15 16:26:08 - [TEST_STEP][PASSED] - if (i == 2 &amp;&amp; wildList.indexOf(symbol) != -1): null

2019-08-15 16:26:08 - [TEST_STEP][PASSED] - if (i == 3 &amp;&amp; wildList.indexOf(symbol) != -1): null

2019-08-15 16:26:08 - [TEST_STEP][PASSED] - if (i == 4 &amp;&amp; wildList.indexOf(symbol) != -1): null

2019-08-15 16:26:08 - [TEST_STEP][PASSED] - symbols = symbols: null

2019-08-15 16:26:08 - [TEST_STEP][PASSED] - for ([j = 0, j &lt; symbols.size(), (j++)]): null

2019-08-15 16:26:08 - [TEST_STEP][PASSED] - symbol = symbol: null

2019-08-15 16:26:08 - [TEST_STEP][PASSED] - println(symbol): null

2019-08-15 16:26:08 - [TEST_STEP][PASSED] - if (i == 2 &amp;&amp; wildList.indexOf(symbol) != -1): null

2019-08-15 16:26:08 - [TEST_STEP][PASSED] - if (i == 3 &amp;&amp; wildList.indexOf(symbol) != -1): null

2019-08-15 16:26:08 - [TEST_STEP][PASSED] - if (i == 4 &amp;&amp; wildList.indexOf(symbol) != -1): null

2019-08-15 16:26:08 - [TEST_STEP][PASSED] - symbol = symbol: null

2019-08-15 16:26:08 - [TEST_STEP][PASSED] - println(symbol): null

2019-08-15 16:26:08 - [TEST_STEP][PASSED] - if (i == 2 &amp;&amp; wildList.indexOf(symbol) != -1): null

2019-08-15 16:26:08 - [TEST_STEP][PASSED] - if (i == 3 &amp;&amp; wildList.indexOf(symbol) != -1): null

2019-08-15 16:26:08 - [TEST_STEP][PASSED] - if (i == 4 &amp;&amp; wildList.indexOf(symbol) != -1): null

2019-08-15 16:26:08 - [TEST_STEP][PASSED] - symbol = symbol: null

2019-08-15 16:26:08 - [TEST_STEP][PASSED] - println(symbol): null

2019-08-15 16:26:08 - [TEST_STEP][PASSED] - if (i == 2 &amp;&amp; wildList.indexOf(symbol) != -1): null

2019-08-15 16:26:08 - [TEST_STEP][PASSED] - if (i == 3 &amp;&amp; wildList.indexOf(symbol) != -1): null

2019-08-15 16:26:08 - [TEST_STEP][PASSED] - if (i == 4 &amp;&amp; wildList.indexOf(symbol) != -1): null

2019-08-15 16:26:08 - [TEST_STEP][PASSED] - free_spin_reel_counter = free_spin_reel_counter: null

2019-08-15 16:26:08 - [TEST_STEP][PASSED] - println("reel 3 wild found: " + free_spin_reel_counter[0]): null

2019-08-15 16:26:08 - [TEST_STEP][PASSED] - println("reel 4 wild found: " + free_spin_reel_counter[1]): null

2019-08-15 16:26:08 - [TEST_STEP][PASSED] - println("reel 5 wild found: " + free_spin_reel_counter[2]): null

2019-08-15 16:26:08 - [TEST_STEP][PASSED] - M4_spin_reels = M4_spin_reels: null

2019-08-15 16:26:08 - [TEST_STEP][PASSED] - M4_spin_reels_symbols = symbol: null

2019-08-15 16:26:08 - [TEST_STEP][PASSED] - M4_spin_reels_symbols = M4_spin_reels_symbols: null

2019-08-15 16:26:08 - [TEST_STEP][PASSED] - M4_spin_reel_wins = reel_wins: null

2019-08-15 16:26:08 - [TEST_STEP][PASSED] - M4_spin_reel_wins = M4_spin_reel_wins: null

2019-08-15 16:26:08 - [TEST_STEP][PASSED] - println("GlobalVariable.M4_spin_reel_wins is: " + M4_spin_reel_wins): null

2019-08-15 16:26:08 - [TEST_STEP][PASSED] - M4_spin_total_bonus_win_this_round = total_bonus_win_this_round: null

2019-08-15 16:26:08 - [TEST_STEP][PASSED] - M4_spin_total_bonus_win_this_round = M4_spin_total_bonus_win_this_round: null

2019-08-15 16:26:08 - [TEST_STEP][PASSED] - println("GlobalVariable.M4_spin_total_bonus_win_this_round is: " + M4_spin_total_bonus_win_this_round): null

2019-08-15 16:26:08 - [MESSAGE][PASSED] - Verify response successfully

2019-08-15 16:26:08 - [MESSAGE][PASSED] - Send request and verify the response successfully

2019-08-15 16:26:08 - [TEST_STEP][PASSED] - if (M4_total_bonus_spins_int != 0 &amp;&amp; M4_spin_reels_symbols[2].contains("WILD_Normal") || M4_spin_reels_symbols[3].contains("WILD_Normal") || M4_spin_reels_symbols[4].contains("WILD_Normal")): null

2019-08-15 16:26:08 - [TEST_STEP][PASSED] - free_spin_reel_counter = free_spin_reel_counter: null

2019-08-15 16:26:08 - [TEST_STEP][PASSED] - M4_spin_reels_symbols = M4_spin_reels_symbols: null

2019-08-15 16:26:08 - [TEST_STEP][PASSED] - M4_total_bonus_spins = M4_total_bonus_spins: null

2019-08-15 16:26:08 - [TEST_STEP][PASSED] - spin_result = sendRequestAndVerify(findTestObject("STG/RGS(M4)/1_M4_spin", ["M4_login_user_id":M4_login_user_id, "rgs_session_token":rgs_session_token, "partner":Partner])): Send request and verify the response successfully

2019-08-15 16:26:08 - [TEST_CASE][PASSED] - Start Test Case : Verification: Verification accomplished successfully

2019-08-15 16:26:08 - [TEST_STEP][PASSED] - request = getInstance().getCurrentRequest(): null

2019-08-15 16:26:08 - [TEST_STEP][PASSED] - response = getInstance().getCurrentResponse(): null

2019-08-15 16:26:08 - [TEST_STEP][PASSED] - verifyResponseStatusCode(response, 200): Verify response status code successfully

2019-08-15 16:26:08 - [MESSAGE][PASSED] - Verify response status code successfully

2019-08-15 16:26:08 - [TEST_STEP][PASSED] - getStatusCode()).isEqualTo(200): null

2019-08-15 16:26:08 - [TEST_STEP][PASSED] - newline = System.getProperty("line.separator"): null

2019-08-15 16:26:08 - [TEST_STEP][PASSED] - M4_spin = new groovy.json.JsonSlurper(): null

2019-08-15 16:26:08 - [TEST_STEP][PASSED] - result_M4_spin = M4_spin.parseText(response.getResponseBodyContent()): null

2019-08-15 16:26:08 - [TEST_STEP][PASSED] - M4_spin_current_balance = current_balance: null

2019-08-15 16:26:08 - [TEST_STEP][PASSED] - M4_spin_current_balance = M4_spin_current_balance: null

2019-08-15 16:26:08 - [TEST_STEP][PASSED] - M4_spin_transaction_id = causality: null

2019-08-15 16:26:08 - [TEST_STEP][PASSED] - M4_spin_transaction_id = M4_spin_transaction_id: null

2019-08-15 16:26:08 - [TEST_STEP][PASSED] - M4_spin_round_id = round_id: null

2019-08-15 16:26:08 - [TEST_STEP][PASSED] - M4_spin_round_id = M4_spin_round_id: null

2019-08-15 16:26:08 - [TEST_STEP][PASSED] - M4_spin_line_wins = line_wins: null

2019-08-15 16:26:08 - [TEST_STEP][PASSED] - M4_spin_line_wins = M4_spin_line_wins: null

2019-08-15 16:26:08 - [TEST_STEP][PASSED] - M4_total_bonus_spins_int = total_bonus_spins: null

2019-08-15 16:26:08 - [TEST_STEP][PASSED] - println("******M4_total_bonus_spins type is:*******" + newline + getClass().getName()): null

2019-08-15 16:26:08 - [TEST_STEP][PASSED] - M4_total_bonus_spins_int = M4_total_bonus_spins_int: null

2019-08-15 16:26:08 - [TEST_STEP][PASSED] - M4_total_bonus_spins = Integer.toString(M4_total_bonus_spins_int): null

2019-08-15 16:26:08 - [TEST_STEP][PASSED] - M4_total_bonus_spins = M4_total_bonus_spins: null

2019-08-15 16:26:08 - [TEST_STEP][PASSED] - println("M4_total_bonus_spins is:" + M4_total_bonus_spins): null

2019-08-15 16:26:08 - [TEST_STEP][PASSED] - M4_spin_bonus_data = bonus_data: null

2019-08-15 16:26:08 - [TEST_STEP][PASSED] - M4_spin_features_triggered = result_M4_spin: null

2019-08-15 16:26:08 - [TEST_STEP][PASSED] - wild = []: null

2019-08-15 16:26:08 - [TEST_STEP][PASSED] - wild[0] = "WILD_Expanding": null

2019-08-15 16:26:08 - [TEST_STEP][PASSED] - wild[1] = "WILD_Normal": null

2019-08-15 16:26:08 - [TEST_STEP][PASSED] - wild[2] = "WILD_Double": null

2019-08-15 16:26:08 - [TEST_STEP][PASSED] - wild[3] = "WILD_ExtraFG": null

2019-08-15 16:26:08 - [TEST_STEP][PASSED] - wild[4] = "WILD_Triple": null

2019-08-15 16:26:08 - [TEST_STEP][PASSED] - wildList = Arrays.asList(wild): null

2019-08-15 16:26:08 - [TEST_STEP][PASSED] - wildList = wildList: null

2019-08-15 16:26:08 - [TEST_STEP][PASSED] - free_spin_reel_counter = []: null

2019-08-15 16:26:08 - [TEST_STEP][PASSED] - free_spin_reel_counter[0] = 0: null

2019-08-15 16:26:08 - [TEST_STEP][PASSED] - free_spin_reel_counter[1] = 0: null

2019-08-15 16:26:08 - [TEST_STEP][PASSED] - free_spin_reel_counter[2] = 0: null

2019-08-15 16:26:08 - [TEST_STEP][PASSED] - M4_spin_reels = reels: null

2019-08-15 16:26:08 - [TEST_STEP][PASSED] - for ([i = 0, i &lt; M4_spin_reels.size(), (i++)]): null

2019-08-15 16:26:08 - [TEST_STEP][PASSED] - symbols = symbols: null

2019-08-15 16:26:08 - [TEST_STEP][PASSED] - for ([j = 0, j &lt; symbols.size(), (j++)]): null

2019-08-15 16:26:08 - [TEST_STEP][PASSED] - symbol = symbol: null

2019-08-15 16:26:08 - [TEST_STEP][PASSED] - println(symbol): null

2019-08-15 16:26:08 - [TEST_STEP][PASSED] - if (i == 2 &amp;&amp; wildList.indexOf(symbol) != -1): null

2019-08-15 16:26:08 - [TEST_STEP][PASSED] - if (i == 3 &amp;&amp; wildList.indexOf(symbol) != -1): null

2019-08-15 16:26:08 - [TEST_STEP][PASSED] - if (i == 4 &amp;&amp; wildList.indexOf(symbol) != -1): null

2019-08-15 16:26:08 - [TEST_STEP][PASSED] - symbol = symbol: null

2019-08-15 16:26:08 - [TEST_STEP][PASSED] - println(symbol): null

2019-08-15 16:26:08 - [TEST_STEP][PASSED] - if (i == 2 &amp;&amp; wildList.indexOf(symbol) != -1): null

2019-08-15 16:26:08 - [TEST_STEP][PASSED] - if (i == 3 &amp;&amp; wildList.indexOf(symbol) != -1): null

2019-08-15 16:26:08 - [TEST_STEP][PASSED] - if (i == 4 &amp;&amp; wildList.indexOf(symbol) != -1): null

2019-08-15 16:26:08 - [TEST_STEP][PASSED] - symbol = symbol: null

2019-08-15 16:26:08 - [TEST_STEP][PASSED] - println(symbol): null

2019-08-15 16:26:08 - [TEST_STEP][PASSED] - if (i == 2 &amp;&amp; wildList.indexOf(symbol) != -1): null

2019-08-15 16:26:08 - [TEST_STEP][PASSED] - if (i == 3 &amp;&amp; wildList.indexOf(symbol) != -1): null

2019-08-15 16:26:08 - [TEST_STEP][PASSED] - if (i == 4 &amp;&amp; wildList.indexOf(symbol) != -1): null

2019-08-15 16:26:08 - [TEST_STEP][PASSED] - symbols = symbols: null

2019-08-15 16:26:08 - [TEST_STEP][PASSED] - for ([j = 0, j &lt; symbols.size(), (j++)]): null

2019-08-15 16:26:08 - [TEST_STEP][PASSED] - symbol = symbol: null

2019-08-15 16:26:08 - [TEST_STEP][PASSED] - println(symbol): null

2019-08-15 16:26:08 - [TEST_STEP][PASSED] - if (i == 2 &amp;&amp; wildList.indexOf(symbol) != -1): null

2019-08-15 16:26:08 - [TEST_STEP][PASSED] - if (i == 3 &amp;&amp; wildList.indexOf(symbol) != -1): null

2019-08-15 16:26:08 - [TEST_STEP][PASSED] - if (i == 4 &amp;&amp; wildList.indexOf(symbol) != -1): null

2019-08-15 16:26:08 - [TEST_STEP][PASSED] - symbol = symbol: null

2019-08-15 16:26:08 - [TEST_STEP][PASSED] - println(symbol): null

2019-08-15 16:26:08 - [TEST_STEP][PASSED] - if (i == 2 &amp;&amp; wildList.indexOf(symbol) != -1): null

2019-08-15 16:26:08 - [TEST_STEP][PASSED] - if (i == 3 &amp;&amp; wildList.indexOf(symbol) != -1): null

2019-08-15 16:26:08 - [TEST_STEP][PASSED] - if (i == 4 &amp;&amp; wildList.indexOf(symbol) != -1): null

2019-08-15 16:26:08 - [TEST_STEP][PASSED] - symbol = symbol: null

2019-08-15 16:26:08 - [TEST_STEP][PASSED] - println(symbol): null

2019-08-15 16:26:08 - [TEST_STEP][PASSED] - if (i == 2 &amp;&amp; wildList.indexOf(symbol) != -1): null

2019-08-15 16:26:08 - [TEST_STEP][PASSED] - if (i == 3 &amp;&amp; wildList.indexOf(symbol) != -1): null

2019-08-15 16:26:08 - [TEST_STEP][PASSED] - if (i == 4 &amp;&amp; wildList.indexOf(symbol) != -1): null

2019-08-15 16:26:08 - [TEST_STEP][PASSED] - symbols = symbols: null

2019-08-15 16:26:08 - [TEST_STEP][PASSED] - for ([j = 0, j &lt; symbols.size(), (j++)]): null

2019-08-15 16:26:08 - [TEST_STEP][PASSED] - symbol = symbol: null

2019-08-15 16:26:08 - [TEST_STEP][PASSED] - println(symbol): null

2019-08-15 16:26:08 - [TEST_STEP][PASSED] - if (i == 2 &amp;&amp; wildList.indexOf(symbol) != -1): null

2019-08-15 16:26:08 - [TEST_STEP][PASSED] - if (i == 3 &amp;&amp; wildList.indexOf(symbol) != -1): null

2019-08-15 16:26:08 - [TEST_STEP][PASSED] - if (i == 4 &amp;&amp; wildList.indexOf(symbol) != -1): null

2019-08-15 16:26:08 - [TEST_STEP][PASSED] - symbol = symbol: null

2019-08-15 16:26:08 - [TEST_STEP][PASSED] - println(symbol): null

2019-08-15 16:26:08 - [TEST_STEP][PASSED] - if (i == 2 &amp;&amp; wildList.indexOf(symbol) != -1): null

2019-08-15 16:26:08 - [TEST_STEP][PASSED] - if (i == 3 &amp;&amp; wildList.indexOf(symbol) != -1): null

2019-08-15 16:26:08 - [TEST_STEP][PASSED] - if (i == 4 &amp;&amp; wildList.indexOf(symbol) != -1): null

2019-08-15 16:26:08 - [TEST_STEP][PASSED] - symbol = symbol: null

2019-08-15 16:26:08 - [TEST_STEP][PASSED] - println(symbol): null

2019-08-15 16:26:08 - [TEST_STEP][PASSED] - if (i == 2 &amp;&amp; wildList.indexOf(symbol) != -1): null

2019-08-15 16:26:08 - [TEST_STEP][PASSED] - if (i == 3 &amp;&amp; wildList.indexOf(symbol) != -1): null

2019-08-15 16:26:08 - [TEST_STEP][PASSED] - if (i == 4 &amp;&amp; wildList.indexOf(symbol) != -1): null

2019-08-15 16:26:08 - [TEST_STEP][PASSED] - symbols = symbols: null

2019-08-15 16:26:08 - [TEST_STEP][PASSED] - for ([j = 0, j &lt; symbols.size(), (j++)]): null

2019-08-15 16:26:08 - [TEST_STEP][PASSED] - symbol = symbol: null

2019-08-15 16:26:08 - [TEST_STEP][PASSED] - println(symbol): null

2019-08-15 16:26:08 - [TEST_STEP][PASSED] - if (i == 2 &amp;&amp; wildList.indexOf(symbol) != -1): null

2019-08-15 16:26:08 - [TEST_STEP][PASSED] - if (i == 3 &amp;&amp; wildList.indexOf(symbol) != -1): null

2019-08-15 16:26:08 - [TEST_STEP][PASSED] - if (i == 4 &amp;&amp; wildList.indexOf(symbol) != -1): null

2019-08-15 16:26:08 - [TEST_STEP][PASSED] - symbol = symbol: null

2019-08-15 16:26:08 - [TEST_STEP][PASSED] - println(symbol): null

2019-08-15 16:26:08 - [TEST_STEP][PASSED] - if (i == 2 &amp;&amp; wildList.indexOf(symbol) != -1): null

2019-08-15 16:26:08 - [TEST_STEP][PASSED] - if (i == 3 &amp;&amp; wildList.indexOf(symbol) != -1): null

2019-08-15 16:26:08 - [TEST_STEP][PASSED] - if (i == 4 &amp;&amp; wildList.indexOf(symbol) != -1): null

2019-08-15 16:26:08 - [TEST_STEP][PASSED] - symbol = symbol: null

2019-08-15 16:26:08 - [TEST_STEP][PASSED] - println(symbol): null

2019-08-15 16:26:08 - [TEST_STEP][PASSED] - if (i == 2 &amp;&amp; wildList.indexOf(symbol) != -1): null

2019-08-15 16:26:08 - [TEST_STEP][PASSED] - if (i == 3 &amp;&amp; wildList.indexOf(symbol) != -1): null

2019-08-15 16:26:08 - [TEST_STEP][PASSED] - if (i == 4 &amp;&amp; wildList.indexOf(symbol) != -1): null

2019-08-15 16:26:08 - [TEST_STEP][PASSED] - symbols = symbols: null

2019-08-15 16:26:08 - [TEST_STEP][PASSED] - for ([j = 0, j &lt; symbols.size(), (j++)]): null

2019-08-15 16:26:08 - [TEST_STEP][PASSED] - symbol = symbol: null

2019-08-15 16:26:08 - [TEST_STEP][PASSED] - println(symbol): null

2019-08-15 16:26:08 - [TEST_STEP][PASSED] - if (i == 2 &amp;&amp; wildList.indexOf(symbol) != -1): null

2019-08-15 16:26:08 - [TEST_STEP][PASSED] - if (i == 3 &amp;&amp; wildList.indexOf(symbol) != -1): null

2019-08-15 16:26:08 - [TEST_STEP][PASSED] - if (i == 4 &amp;&amp; wildList.indexOf(symbol) != -1): null

2019-08-15 16:26:08 - [TEST_STEP][PASSED] - symbol = symbol: null

2019-08-15 16:26:08 - [TEST_STEP][PASSED] - println(symbol): null

2019-08-15 16:26:08 - [TEST_STEP][PASSED] - if (i == 2 &amp;&amp; wildList.indexOf(symbol) != -1): null

2019-08-15 16:26:08 - [TEST_STEP][PASSED] - if (i == 3 &amp;&amp; wildList.indexOf(symbol) != -1): null

2019-08-15 16:26:08 - [TEST_STEP][PASSED] - if (i == 4 &amp;&amp; wildList.indexOf(symbol) != -1): null

2019-08-15 16:26:08 - [TEST_STEP][PASSED] - symbol = symbol: null

2019-08-15 16:26:08 - [TEST_STEP][PASSED] - println(symbol): null

2019-08-15 16:26:08 - [TEST_STEP][PASSED] - if (i == 2 &amp;&amp; wildList.indexOf(symbol) != -1): null

2019-08-15 16:26:08 - [TEST_STEP][PASSED] - if (i == 3 &amp;&amp; wildList.indexOf(symbol) != -1): null

2019-08-15 16:26:08 - [TEST_STEP][PASSED] - if (i == 4 &amp;&amp; wildList.indexOf(symbol) != -1): null

2019-08-15 16:26:08 - [TEST_STEP][PASSED] - free_spin_reel_counter = free_spin_reel_counter: null

2019-08-15 16:26:08 - [TEST_STEP][PASSED] - println("reel 3 wild found: " + free_spin_reel_counter[0]): null

2019-08-15 16:26:08 - [TEST_STEP][PASSED] - println("reel 4 wild found: " + free_spin_reel_counter[1]): null

2019-08-15 16:26:08 - [TEST_STEP][PASSED] - println("reel 5 wild found: " + free_spin_reel_counter[2]): null

2019-08-15 16:26:08 - [TEST_STEP][PASSED] - M4_spin_reels = M4_spin_reels: null

2019-08-15 16:26:08 - [TEST_STEP][PASSED] - M4_spin_reels_symbols = symbol: null

2019-08-15 16:26:08 - [TEST_STEP][PASSED] - M4_spin_reels_symbols = M4_spin_reels_symbols: null

2019-08-15 16:26:08 - [TEST_STEP][PASSED] - M4_spin_reel_wins = reel_wins: null

2019-08-15 16:26:08 - [TEST_STEP][PASSED] - M4_spin_reel_wins = M4_spin_reel_wins: null

2019-08-15 16:26:08 - [TEST_STEP][PASSED] - println("GlobalVariable.M4_spin_reel_wins is: " + M4_spin_reel_wins): null

2019-08-15 16:26:08 - [TEST_STEP][PASSED] - M4_spin_total_bonus_win_this_round = total_bonus_win_this_round: null

2019-08-15 16:26:08 - [TEST_STEP][PASSED] - M4_spin_total_bonus_win_this_round = M4_spin_total_bonus_win_this_round: null

2019-08-15 16:26:08 - [TEST_STEP][PASSED] - println("GlobalVariable.M4_spin_total_bonus_win_this_round is: " + M4_spin_total_bonus_win_this_round): null

2019-08-15 16:26:08 - [MESSAGE][PASSED] - Verify response successfully

2019-08-15 16:26:08 - [MESSAGE][PASSED] - Send request and verify the response successfully

2019-08-15 16:26:08 - [TEST_STEP][PASSED] - if (M4_total_bonus_spins_int != 0 &amp;&amp; M4_spin_reels_symbols[2].contains("WILD_Normal") || M4_spin_reels_symbols[3].contains("WILD_Normal") || M4_spin_reels_symbols[4].contains("WILD_Normal")): null

2019-08-15 16:26:08 - [TEST_STEP][PASSED] - free_spin_reel_counter = free_spin_reel_counter: null

2019-08-15 16:26:08 - [TEST_STEP][PASSED] - M4_spin_reels_symbols = M4_spin_reels_symbols: null

2019-08-15 16:26:08 - [TEST_STEP][PASSED] - M4_total_bonus_spins = M4_total_bonus_spins: null

2019-08-15 16:26:08 - [TEST_STEP][PASSED] - spin_result = sendRequestAndVerify(findTestObject("STG/RGS(M4)/1_M4_spin", ["M4_login_user_id":M4_login_user_id, "rgs_session_token":rgs_session_token, "partner":Partner])): Send request and verify the response successfully

2019-08-15 16:26:09 - [TEST_CASE][PASSED] - Start Test Case : Verification: Verification accomplished successfully

2019-08-15 16:26:09 - [TEST_STEP][PASSED] - request = getInstance().getCurrentRequest(): null

2019-08-15 16:26:09 - [TEST_STEP][PASSED] - response = getInstance().getCurrentResponse(): null

2019-08-15 16:26:09 - [TEST_STEP][PASSED] - verifyResponseStatusCode(response, 200): Verify response status code successfully

2019-08-15 16:26:09 - [MESSAGE][PASSED] - Verify response status code successfully

2019-08-15 16:26:09 - [TEST_STEP][PASSED] - getStatusCode()).isEqualTo(200): null

2019-08-15 16:26:09 - [TEST_STEP][PASSED] - newline = System.getProperty("line.separator"): null

2019-08-15 16:26:09 - [TEST_STEP][PASSED] - M4_spin = new groovy.json.JsonSlurper(): null

2019-08-15 16:26:09 - [TEST_STEP][PASSED] - result_M4_spin = M4_spin.parseText(response.getResponseBodyContent()): null

2019-08-15 16:26:09 - [TEST_STEP][PASSED] - M4_spin_current_balance = current_balance: null

2019-08-15 16:26:09 - [TEST_STEP][PASSED] - M4_spin_current_balance = M4_spin_current_balance: null

2019-08-15 16:26:09 - [TEST_STEP][PASSED] - M4_spin_transaction_id = causality: null

2019-08-15 16:26:09 - [TEST_STEP][PASSED] - M4_spin_transaction_id = M4_spin_transaction_id: null

2019-08-15 16:26:09 - [TEST_STEP][PASSED] - M4_spin_round_id = round_id: null

2019-08-15 16:26:09 - [TEST_STEP][PASSED] - M4_spin_round_id = M4_spin_round_id: null

2019-08-15 16:26:09 - [TEST_STEP][PASSED] - M4_spin_line_wins = line_wins: null

2019-08-15 16:26:09 - [TEST_STEP][PASSED] - M4_spin_line_wins = M4_spin_line_wins: null

2019-08-15 16:26:09 - [TEST_STEP][PASSED] - M4_total_bonus_spins_int = total_bonus_spins: null

2019-08-15 16:26:09 - [TEST_STEP][PASSED] - println("******M4_total_bonus_spins type is:*******" + newline + getClass().getName()): null

2019-08-15 16:26:09 - [TEST_STEP][PASSED] - M4_total_bonus_spins_int = M4_total_bonus_spins_int: null

2019-08-15 16:26:09 - [TEST_STEP][PASSED] - M4_total_bonus_spins = Integer.toString(M4_total_bonus_spins_int): null

2019-08-15 16:26:09 - [TEST_STEP][PASSED] - M4_total_bonus_spins = M4_total_bonus_spins: null

2019-08-15 16:26:09 - [TEST_STEP][PASSED] - println("M4_total_bonus_spins is:" + M4_total_bonus_spins): null

2019-08-15 16:26:09 - [TEST_STEP][PASSED] - M4_spin_bonus_data = bonus_data: null

2019-08-15 16:26:09 - [TEST_STEP][PASSED] - M4_spin_features_triggered = result_M4_spin: null

2019-08-15 16:26:09 - [TEST_STEP][PASSED] - wild = []: null

2019-08-15 16:26:09 - [TEST_STEP][PASSED] - wild[0] = "WILD_Expanding": null

2019-08-15 16:26:09 - [TEST_STEP][PASSED] - wild[1] = "WILD_Normal": null

2019-08-15 16:26:09 - [TEST_STEP][PASSED] - wild[2] = "WILD_Double": null

2019-08-15 16:26:09 - [TEST_STEP][PASSED] - wild[3] = "WILD_ExtraFG": null

2019-08-15 16:26:09 - [TEST_STEP][PASSED] - wild[4] = "WILD_Triple": null

2019-08-15 16:26:09 - [TEST_STEP][PASSED] - wildList = Arrays.asList(wild): null

2019-08-15 16:26:09 - [TEST_STEP][PASSED] - wildList = wildList: null

2019-08-15 16:26:09 - [TEST_STEP][PASSED] - free_spin_reel_counter = []: null

2019-08-15 16:26:09 - [TEST_STEP][PASSED] - free_spin_reel_counter[0] = 0: null

2019-08-15 16:26:09 - [TEST_STEP][PASSED] - free_spin_reel_counter[1] = 0: null

2019-08-15 16:26:09 - [TEST_STEP][PASSED] - free_spin_reel_counter[2] = 0: null

2019-08-15 16:26:09 - [TEST_STEP][PASSED] - M4_spin_reels = reels: null

2019-08-15 16:26:09 - [TEST_STEP][PASSED] - for ([i = 0, i &lt; M4_spin_reels.size(), (i++)]): null

2019-08-15 16:26:09 - [TEST_STEP][PASSED] - symbols = symbols: null

2019-08-15 16:26:09 - [TEST_STEP][PASSED] - for ([j = 0, j &lt; symbols.size(), (j++)]): null

2019-08-15 16:26:09 - [TEST_STEP][PASSED] - symbol = symbol: null

2019-08-15 16:26:09 - [TEST_STEP][PASSED] - println(symbol): null

2019-08-15 16:26:09 - [TEST_STEP][PASSED] - if (i == 2 &amp;&amp; wildList.indexOf(symbol) != -1): null

2019-08-15 16:26:09 - [TEST_STEP][PASSED] - if (i == 3 &amp;&amp; wildList.indexOf(symbol) != -1): null

2019-08-15 16:26:09 - [TEST_STEP][PASSED] - if (i == 4 &amp;&amp; wildList.indexOf(symbol) != -1): null

2019-08-15 16:26:09 - [TEST_STEP][PASSED] - symbol = symbol: null

2019-08-15 16:26:09 - [TEST_STEP][PASSED] - println(symbol): null

2019-08-15 16:26:09 - [TEST_STEP][PASSED] - if (i == 2 &amp;&amp; wildList.indexOf(symbol) != -1): null

2019-08-15 16:26:09 - [TEST_STEP][PASSED] - if (i == 3 &amp;&amp; wildList.indexOf(symbol) != -1): null

2019-08-15 16:26:09 - [TEST_STEP][PASSED] - if (i == 4 &amp;&amp; wildList.indexOf(symbol) != -1): null

2019-08-15 16:26:09 - [TEST_STEP][PASSED] - symbol = symbol: null

2019-08-15 16:26:09 - [TEST_STEP][PASSED] - println(symbol): null

2019-08-15 16:26:09 - [TEST_STEP][PASSED] - if (i == 2 &amp;&amp; wildList.indexOf(symbol) != -1): null

2019-08-15 16:26:09 - [TEST_STEP][PASSED] - if (i == 3 &amp;&amp; wildList.indexOf(symbol) != -1): null

2019-08-15 16:26:09 - [TEST_STEP][PASSED] - if (i == 4 &amp;&amp; wildList.indexOf(symbol) != -1): null

2019-08-15 16:26:09 - [TEST_STEP][PASSED] - symbols = symbols: null

2019-08-15 16:26:09 - [TEST_STEP][PASSED] - for ([j = 0, j &lt; symbols.size(), (j++)]): null

2019-08-15 16:26:09 - [TEST_STEP][PASSED] - symbol = symbol: null

2019-08-15 16:26:09 - [TEST_STEP][PASSED] - println(symbol): null

2019-08-15 16:26:09 - [TEST_STEP][PASSED] - if (i == 2 &amp;&amp; wildList.indexOf(symbol) != -1): null

2019-08-15 16:26:09 - [TEST_STEP][PASSED] - if (i == 3 &amp;&amp; wildList.indexOf(symbol) != -1): null

2019-08-15 16:26:09 - [TEST_STEP][PASSED] - if (i == 4 &amp;&amp; wildList.indexOf(symbol) != -1): null

2019-08-15 16:26:09 - [TEST_STEP][PASSED] - symbol = symbol: null

2019-08-15 16:26:09 - [TEST_STEP][PASSED] - println(symbol): null

2019-08-15 16:26:09 - [TEST_STEP][PASSED] - if (i == 2 &amp;&amp; wildList.indexOf(symbol) != -1): null

2019-08-15 16:26:09 - [TEST_STEP][PASSED] - if (i == 3 &amp;&amp; wildList.indexOf(symbol) != -1): null

2019-08-15 16:26:09 - [TEST_STEP][PASSED] - if (i == 4 &amp;&amp; wildList.indexOf(symbol) != -1): null

2019-08-15 16:26:09 - [TEST_STEP][PASSED] - symbol = symbol: null

2019-08-15 16:26:09 - [TEST_STEP][PASSED] - println(symbol): null

2019-08-15 16:26:09 - [TEST_STEP][PASSED] - if (i == 2 &amp;&amp; wildList.indexOf(symbol) != -1): null

2019-08-15 16:26:09 - [TEST_STEP][PASSED] - if (i == 3 &amp;&amp; wildList.indexOf(symbol) != -1): null

2019-08-15 16:26:09 - [TEST_STEP][PASSED] - if (i == 4 &amp;&amp; wildList.indexOf(symbol) != -1): null

2019-08-15 16:26:09 - [TEST_STEP][PASSED] - symbols = symbols: null

2019-08-15 16:26:09 - [TEST_STEP][PASSED] - for ([j = 0, j &lt; symbols.size(), (j++)]): null

2019-08-15 16:26:09 - [TEST_STEP][PASSED] - symbol = symbol: null

2019-08-15 16:26:09 - [TEST_STEP][PASSED] - println(symbol): null

2019-08-15 16:26:09 - [TEST_STEP][PASSED] - if (i == 2 &amp;&amp; wildList.indexOf(symbol) != -1): null

2019-08-15 16:26:09 - [TEST_STEP][PASSED] - if (i == 3 &amp;&amp; wildList.indexOf(symbol) != -1): null

2019-08-15 16:26:09 - [TEST_STEP][PASSED] - if (i == 4 &amp;&amp; wildList.indexOf(symbol) != -1): null

2019-08-15 16:26:09 - [TEST_STEP][PASSED] - symbol = symbol: null

2019-08-15 16:26:09 - [TEST_STEP][PASSED] - println(symbol): null

2019-08-15 16:26:09 - [TEST_STEP][PASSED] - if (i == 2 &amp;&amp; wildList.indexOf(symbol) != -1): null

2019-08-15 16:26:09 - [TEST_STEP][PASSED] - if (i == 3 &amp;&amp; wildList.indexOf(symbol) != -1): null

2019-08-15 16:26:09 - [TEST_STEP][PASSED] - if (i == 4 &amp;&amp; wildList.indexOf(symbol) != -1): null

2019-08-15 16:26:09 - [TEST_STEP][PASSED] - symbol = symbol: null

2019-08-15 16:26:09 - [TEST_STEP][PASSED] - println(symbol): null

2019-08-15 16:26:09 - [TEST_STEP][PASSED] - if (i == 2 &amp;&amp; wildList.indexOf(symbol) != -1): null

2019-08-15 16:26:09 - [TEST_STEP][PASSED] - if (i == 3 &amp;&amp; wildList.indexOf(symbol) != -1): null

2019-08-15 16:26:09 - [TEST_STEP][PASSED] - if (i == 4 &amp;&amp; wildList.indexOf(symbol) != -1): null

2019-08-15 16:26:09 - [TEST_STEP][PASSED] - symbols = symbols: null

2019-08-15 16:26:09 - [TEST_STEP][PASSED] - for ([j = 0, j &lt; symbols.size(), (j++)]): null

2019-08-15 16:26:09 - [TEST_STEP][PASSED] - symbol = symbol: null

2019-08-15 16:26:09 - [TEST_STEP][PASSED] - println(symbol): null

2019-08-15 16:26:09 - [TEST_STEP][PASSED] - if (i == 2 &amp;&amp; wildList.indexOf(symbol) != -1): null

2019-08-15 16:26:09 - [TEST_STEP][PASSED] - if (i == 3 &amp;&amp; wildList.indexOf(symbol) != -1): null

2019-08-15 16:26:09 - [TEST_STEP][PASSED] - if (i == 4 &amp;&amp; wildList.indexOf(symbol) != -1): null

2019-08-15 16:26:09 - [TEST_STEP][PASSED] - symbol = symbol: null

2019-08-15 16:26:09 - [TEST_STEP][PASSED] - println(symbol): null

2019-08-15 16:26:09 - [TEST_STEP][PASSED] - if (i == 2 &amp;&amp; wildList.indexOf(symbol) != -1): null

2019-08-15 16:26:09 - [TEST_STEP][PASSED] - if (i == 3 &amp;&amp; wildList.indexOf(symbol) != -1): null

2019-08-15 16:26:09 - [TEST_STEP][PASSED] - if (i == 4 &amp;&amp; wildList.indexOf(symbol) != -1): null

2019-08-15 16:26:09 - [TEST_STEP][PASSED] - symbol = symbol: null

2019-08-15 16:26:09 - [TEST_STEP][PASSED] - println(symbol): null

2019-08-15 16:26:09 - [TEST_STEP][PASSED] - if (i == 2 &amp;&amp; wildList.indexOf(symbol) != -1): null

2019-08-15 16:26:09 - [TEST_STEP][PASSED] - if (i == 3 &amp;&amp; wildList.indexOf(symbol) != -1): null

2019-08-15 16:26:09 - [TEST_STEP][PASSED] - if (i == 4 &amp;&amp; wildList.indexOf(symbol) != -1): null

2019-08-15 16:26:09 - [TEST_STEP][PASSED] - symbols = symbols: null

2019-08-15 16:26:09 - [TEST_STEP][PASSED] - for ([j = 0, j &lt; symbols.size(), (j++)]): null

2019-08-15 16:26:09 - [TEST_STEP][PASSED] - symbol = symbol: null

2019-08-15 16:26:09 - [TEST_STEP][PASSED] - println(symbol): null

2019-08-15 16:26:09 - [TEST_STEP][PASSED] - if (i == 2 &amp;&amp; wildList.indexOf(symbol) != -1): null

2019-08-15 16:26:09 - [TEST_STEP][PASSED] - if (i == 3 &amp;&amp; wildList.indexOf(symbol) != -1): null

2019-08-15 16:26:09 - [TEST_STEP][PASSED] - if (i == 4 &amp;&amp; wildList.indexOf(symbol) != -1): null

2019-08-15 16:26:09 - [TEST_STEP][PASSED] - symbol = symbol: null

2019-08-15 16:26:09 - [TEST_STEP][PASSED] - println(symbol): null

2019-08-15 16:26:09 - [TEST_STEP][PASSED] - if (i == 2 &amp;&amp; wildList.indexOf(symbol) != -1): null

2019-08-15 16:26:09 - [TEST_STEP][PASSED] - if (i == 3 &amp;&amp; wildList.indexOf(symbol) != -1): null

2019-08-15 16:26:09 - [TEST_STEP][PASSED] - if (i == 4 &amp;&amp; wildList.indexOf(symbol) != -1): null

2019-08-15 16:26:09 - [TEST_STEP][PASSED] - symbol = symbol: null

2019-08-15 16:26:09 - [TEST_STEP][PASSED] - println(symbol): null

2019-08-15 16:26:09 - [TEST_STEP][PASSED] - if (i == 2 &amp;&amp; wildList.indexOf(symbol) != -1): null

2019-08-15 16:26:09 - [TEST_STEP][PASSED] - if (i == 3 &amp;&amp; wildList.indexOf(symbol) != -1): null

2019-08-15 16:26:09 - [TEST_STEP][PASSED] - if (i == 4 &amp;&amp; wildList.indexOf(symbol) != -1): null

2019-08-15 16:26:13 - [TEST_STEP][PASSED] - free_spin_reel_counter = free_spin_reel_counter: null

2019-08-15 16:26:13 - [TEST_STEP][PASSED] - println("reel 3 wild found: " + free_spin_reel_counter[0]): null

2019-08-15 16:26:13 - [TEST_STEP][PASSED] - println("reel 4 wild found: " + free_spin_reel_counter[1]): null

2019-08-15 16:26:13 - [TEST_STEP][PASSED] - println("reel 5 wild found: " + free_spin_reel_counter[2]): null

2019-08-15 16:26:13 - [TEST_STEP][PASSED] - M4_spin_reels = M4_spin_reels: null

2019-08-15 16:26:13 - [TEST_STEP][PASSED] - M4_spin_reels_symbols = symbol: null

2019-08-15 16:26:13 - [TEST_STEP][PASSED] - M4_spin_reels_symbols = M4_spin_reels_symbols: null

2019-08-15 16:26:13 - [TEST_STEP][PASSED] - M4_spin_reel_wins = reel_wins: null

2019-08-15 16:26:13 - [TEST_STEP][PASSED] - M4_spin_reel_wins = M4_spin_reel_wins: null

2019-08-15 16:26:13 - [TEST_STEP][PASSED] - println("GlobalVariable.M4_spin_reel_wins is: " + M4_spin_reel_wins): null

2019-08-15 16:26:14 - [TEST_STEP][PASSED] - M4_spin_total_bonus_win_this_round = total_bonus_win_this_round: null

2019-08-15 16:26:14 - [TEST_STEP][PASSED] - M4_spin_total_bonus_win_this_round = M4_spin_total_bonus_win_this_round: null

2019-08-15 16:26:14 - [TEST_STEP][PASSED] - println("GlobalVariable.M4_spin_total_bonus_win_this_round is: " + M4_spin_total_bonus_win_this_round): null

2019-08-15 16:26:14 - [MESSAGE][PASSED] - Verify response successfully

2019-08-15 16:26:14 - [MESSAGE][PASSED] - Send request and verify the response successfully

2019-08-15 16:26:14 - [TEST_STEP][PASSED] - if (M4_total_bonus_spins_int != 0 &amp;&amp; M4_spin_reels_symbols[2].contains("WILD_Normal") || M4_spin_reels_symbols[3].contains("WILD_Normal") || M4_spin_reels_symbols[4].contains("WILD_Normal")): null

2019-08-15 16:26:14 - [TEST_STEP][PASSED] - free_spin_reel_counter = free_spin_reel_counter: null

2019-08-15 16:26:14 - [TEST_STEP][PASSED] - M4_spin_reels_symbols = M4_spin_reels_symbols: null

2019-08-15 16:26:14 - [TEST_STEP][PASSED] - M4_total_bonus_spins = M4_total_bonus_spins: null

2019-08-15 16:26:14 - [TEST_STEP][PASSED] - spin_result = sendRequestAndVerify(findTestObject("STG/RGS(M4)/1_M4_spin", ["M4_login_user_id":M4_login_user_id, "rgs_session_token":rgs_session_token, "partner":Partner])): Send request and verify the response successfully

2019-08-15 16:26:14 - [TEST_CASE][PASSED] - Start Test Case : Verification: Verification accomplished successfully

2019-08-15 16:26:14 - [TEST_STEP][PASSED] - request = getInstance().getCurrentRequest(): null

2019-08-15 16:26:14 - [TEST_STEP][PASSED] - response = getInstance().getCurrentResponse(): null

2019-08-15 16:26:14 - [TEST_STEP][PASSED] - verifyResponseStatusCode(response, 200): Verify response status code successfully

2019-08-15 16:26:14 - [MESSAGE][PASSED] - Verify response status code successfully

2019-08-15 16:26:14 - [TEST_STEP][PASSED] - getStatusCode()).isEqualTo(200): null

2019-08-15 16:26:14 - [TEST_STEP][PASSED] - newline = System.getProperty("line.separator"): null

2019-08-15 16:26:14 - [TEST_STEP][PASSED] - M4_spin = new groovy.json.JsonSlurper(): null

2019-08-15 16:26:14 - [TEST_STEP][PASSED] - result_M4_spin = M4_spin.parseText(response.getResponseBodyContent()): null

2019-08-15 16:26:14 - [TEST_STEP][PASSED] - M4_spin_current_balance = current_balance: null

2019-08-15 16:26:14 - [TEST_STEP][PASSED] - M4_spin_current_balance = M4_spin_current_balance: null

2019-08-15 16:26:14 - [TEST_STEP][PASSED] - M4_spin_transaction_id = causality: null

2019-08-15 16:26:14 - [TEST_STEP][PASSED] - M4_spin_transaction_id = M4_spin_transaction_id: null

2019-08-15 16:26:14 - [TEST_STEP][PASSED] - M4_spin_round_id = round_id: null

2019-08-15 16:26:14 - [TEST_STEP][PASSED] - M4_spin_round_id = M4_spin_round_id: null

2019-08-15 16:26:14 - [TEST_STEP][PASSED] - M4_spin_line_wins = line_wins: null

2019-08-15 16:26:14 - [TEST_STEP][PASSED] - M4_spin_line_wins = M4_spin_line_wins: null

2019-08-15 16:26:14 - [TEST_STEP][PASSED] - M4_total_bonus_spins_int = total_bonus_spins: null

2019-08-15 16:26:14 - [TEST_STEP][PASSED] - println("******M4_total_bonus_spins type is:*******" + newline + getClass().getName()): null

2019-08-15 16:26:14 - [TEST_STEP][PASSED] - M4_total_bonus_spins_int = M4_total_bonus_spins_int: null

2019-08-15 16:26:14 - [TEST_STEP][PASSED] - M4_total_bonus_spins = Integer.toString(M4_total_bonus_spins_int): null

2019-08-15 16:26:14 - [TEST_STEP][PASSED] - M4_total_bonus_spins = M4_total_bonus_spins: null

2019-08-15 16:26:14 - [TEST_STEP][PASSED] - println("M4_total_bonus_spins is:" + M4_total_bonus_spins): null

2019-08-15 16:26:14 - [TEST_STEP][PASSED] - M4_spin_bonus_data = bonus_data: null

2019-08-15 16:26:14 - [TEST_STEP][PASSED] - M4_spin_features_triggered = result_M4_spin: null

2019-08-15 16:26:14 - [TEST_STEP][PASSED] - wild = []: null

2019-08-15 16:26:14 - [TEST_STEP][PASSED] - wild[0] = "WILD_Expanding": null

2019-08-15 16:26:14 - [TEST_STEP][PASSED] - wild[1] = "WILD_Normal": null

2019-08-15 16:26:14 - [TEST_STEP][PASSED] - wild[2] = "WILD_Double": null

2019-08-15 16:26:14 - [TEST_STEP][PASSED] - wild[3] = "WILD_ExtraFG": null

2019-08-15 16:26:14 - [TEST_STEP][PASSED] - wild[4] = "WILD_Triple": null

2019-08-15 16:26:14 - [TEST_STEP][PASSED] - wildList = Arrays.asList(wild): null

2019-08-15 16:26:14 - [TEST_STEP][PASSED] - wildList = wildList: null

2019-08-15 16:26:14 - [TEST_STEP][PASSED] - free_spin_reel_counter = []: null

2019-08-15 16:26:14 - [TEST_STEP][PASSED] - free_spin_reel_counter[0] = 0: null

2019-08-15 16:26:14 - [TEST_STEP][PASSED] - free_spin_reel_counter[1] = 0: null

2019-08-15 16:26:14 - [TEST_STEP][PASSED] - free_spin_reel_counter[2] = 0: null

2019-08-15 16:26:14 - [TEST_STEP][PASSED] - M4_spin_reels = reels: null

2019-08-15 16:26:14 - [TEST_STEP][PASSED] - for ([i = 0, i &lt; M4_spin_reels.size(), (i++)]): null

2019-08-15 16:26:14 - [TEST_STEP][PASSED] - symbols = symbols: null

2019-08-15 16:26:14 - [TEST_STEP][PASSED] - for ([j = 0, j &lt; symbols.size(), (j++)]): null

2019-08-15 16:26:14 - [TEST_STEP][PASSED] - symbol = symbol: null

2019-08-15 16:26:14 - [TEST_STEP][PASSED] - println(symbol): null

2019-08-15 16:26:14 - [TEST_STEP][PASSED] - if (i == 2 &amp;&amp; wildList.indexOf(symbol) != -1): null

2019-08-15 16:26:14 - [TEST_STEP][PASSED] - if (i == 3 &amp;&amp; wildList.indexOf(symbol) != -1): null

2019-08-15 16:26:14 - [TEST_STEP][PASSED] - if (i == 4 &amp;&amp; wildList.indexOf(symbol) != -1): null

2019-08-15 16:26:14 - [TEST_STEP][PASSED] - symbol = symbol: null

2019-08-15 16:26:14 - [TEST_STEP][PASSED] - println(symbol): null

2019-08-15 16:26:14 - [TEST_STEP][PASSED] - if (i == 2 &amp;&amp; wildList.indexOf(symbol) != -1): null

2019-08-15 16:26:14 - [TEST_STEP][PASSED] - if (i == 3 &amp;&amp; wildList.indexOf(symbol) != -1): null

2019-08-15 16:26:14 - [TEST_STEP][PASSED] - if (i == 4 &amp;&amp; wildList.indexOf(symbol) != -1): null

2019-08-15 16:26:14 - [TEST_STEP][PASSED] - symbol = symbol: null

2019-08-15 16:26:14 - [TEST_STEP][PASSED] - println(symbol): null

2019-08-15 16:26:14 - [TEST_STEP][PASSED] - if (i == 2 &amp;&amp; wildList.indexOf(symbol) != -1): null

2019-08-15 16:26:14 - [TEST_STEP][PASSED] - if (i == 3 &amp;&amp; wildList.indexOf(symbol) != -1): null

2019-08-15 16:26:14 - [TEST_STEP][PASSED] - if (i == 4 &amp;&amp; wildList.indexOf(symbol) != -1): null

2019-08-15 16:26:14 - [TEST_STEP][PASSED] - symbols = symbols: null

2019-08-15 16:26:14 - [TEST_STEP][PASSED] - for ([j = 0, j &lt; symbols.size(), (j++)]): null

2019-08-15 16:26:14 - [TEST_STEP][PASSED] - symbol = symbol: null

2019-08-15 16:26:14 - [TEST_STEP][PASSED] - println(symbol): null

2019-08-15 16:26:14 - [TEST_STEP][PASSED] - if (i == 2 &amp;&amp; wildList.indexOf(symbol) != -1): null

2019-08-15 16:26:14 - [TEST_STEP][PASSED] - if (i == 3 &amp;&amp; wildList.indexOf(symbol) != -1): null

2019-08-15 16:26:14 - [TEST_STEP][PASSED] - if (i == 4 &amp;&amp; wildList.indexOf(symbol) != -1): null

2019-08-15 16:26:14 - [TEST_STEP][PASSED] - symbol = symbol: null

2019-08-15 16:26:14 - [TEST_STEP][PASSED] - println(symbol): null

2019-08-15 16:26:14 - [TEST_STEP][PASSED] - if (i == 2 &amp;&amp; wildList.indexOf(symbol) != -1): null

2019-08-15 16:26:14 - [TEST_STEP][PASSED] - if (i == 3 &amp;&amp; wildList.indexOf(symbol) != -1): null

2019-08-15 16:26:14 - [TEST_STEP][PASSED] - if (i == 4 &amp;&amp; wildList.indexOf(symbol) != -1): null

2019-08-15 16:26:14 - [TEST_STEP][PASSED] - symbol = symbol: null

2019-08-15 16:26:14 - [TEST_STEP][PASSED] - println(symbol): null

2019-08-15 16:26:14 - [TEST_STEP][PASSED] - if (i == 2 &amp;&amp; wildList.indexOf(symbol) != -1): null

2019-08-15 16:26:14 - [TEST_STEP][PASSED] - if (i == 3 &amp;&amp; wildList.indexOf(symbol) != -1): null

2019-08-15 16:26:14 - [TEST_STEP][PASSED] - if (i == 4 &amp;&amp; wildList.indexOf(symbol) != -1): null

2019-08-15 16:26:14 - [TEST_STEP][PASSED] - symbols = symbols: null

2019-08-15 16:26:14 - [TEST_STEP][PASSED] - for ([j = 0, j &lt; symbols.size(), (j++)]): null

2019-08-15 16:26:14 - [TEST_STEP][PASSED] - symbol = symbol: null

2019-08-15 16:26:14 - [TEST_STEP][PASSED] - println(symbol): null

2019-08-15 16:26:14 - [TEST_STEP][PASSED] - if (i == 2 &amp;&amp; wildList.indexOf(symbol) != -1): null

2019-08-15 16:26:14 - [TEST_STEP][PASSED] - if (i == 3 &amp;&amp; wildList.indexOf(symbol) != -1): null

2019-08-15 16:26:14 - [TEST_STEP][PASSED] - if (i == 4 &amp;&amp; wildList.indexOf(symbol) != -1): null

2019-08-15 16:26:14 - [TEST_STEP][PASSED] - symbol = symbol: null

2019-08-15 16:26:14 - [TEST_STEP][PASSED] - println(symbol): null

2019-08-15 16:26:14 - [TEST_STEP][PASSED] - if (i == 2 &amp;&amp; wildList.indexOf(symbol) != -1): null

2019-08-15 16:26:14 - [TEST_STEP][PASSED] - if (i == 3 &amp;&amp; wildList.indexOf(symbol) != -1): null

2019-08-15 16:26:14 - [TEST_STEP][PASSED] - if (i == 4 &amp;&amp; wildList.indexOf(symbol) != -1): null

2019-08-15 16:26:14 - [TEST_STEP][PASSED] - symbol = symbol: null

2019-08-15 16:26:14 - [TEST_STEP][PASSED] - println(symbol): null

2019-08-15 16:26:14 - [TEST_STEP][PASSED] - if (i == 2 &amp;&amp; wildList.indexOf(symbol) != -1): null

2019-08-15 16:26:14 - [TEST_STEP][PASSED] - println("wild found on reel 3, adding counter by 1"): null

2019-08-15 16:26:14 - [TEST_STEP][PASSED] - free_spin_reel_counter[0] = free_spin_reel_counter[0] + 1: null

2019-08-15 16:26:14 - [TEST_STEP][PASSED] - if (i == 3 &amp;&amp; wildList.indexOf(symbol) != -1): null

2019-08-15 16:26:14 - [TEST_STEP][PASSED] - if (i == 4 &amp;&amp; wildList.indexOf(symbol) != -1): null

2019-08-15 16:26:14 - [TEST_STEP][PASSED] - symbols = symbols: null

2019-08-15 16:26:14 - [TEST_STEP][PASSED] - for ([j = 0, j &lt; symbols.size(), (j++)]): null

2019-08-15 16:26:14 - [TEST_STEP][PASSED] - symbol = symbol: null

2019-08-15 16:26:14 - [TEST_STEP][PASSED] - println(symbol): null

2019-08-15 16:26:14 - [TEST_STEP][PASSED] - if (i == 2 &amp;&amp; wildList.indexOf(symbol) != -1): null

2019-08-15 16:26:14 - [TEST_STEP][PASSED] - if (i == 3 &amp;&amp; wildList.indexOf(symbol) != -1): null

2019-08-15 16:26:14 - [TEST_STEP][PASSED] - if (i == 4 &amp;&amp; wildList.indexOf(symbol) != -1): null

2019-08-15 16:26:14 - [TEST_STEP][PASSED] - symbol = symbol: null

2019-08-15 16:26:14 - [TEST_STEP][PASSED] - println(symbol): null

2019-08-15 16:26:14 - [TEST_STEP][PASSED] - if (i == 2 &amp;&amp; wildList.indexOf(symbol) != -1): null

2019-08-15 16:26:14 - [TEST_STEP][PASSED] - if (i == 3 &amp;&amp; wildList.indexOf(symbol) != -1): null

2019-08-15 16:26:14 - [TEST_STEP][PASSED] - if (i == 4 &amp;&amp; wildList.indexOf(symbol) != -1): null

2019-08-15 16:26:14 - [TEST_STEP][PASSED] - symbol = symbol: null

2019-08-15 16:26:14 - [TEST_STEP][PASSED] - println(symbol): null

2019-08-15 16:26:14 - [TEST_STEP][PASSED] - if (i == 2 &amp;&amp; wildList.indexOf(symbol) != -1): null

2019-08-15 16:26:14 - [TEST_STEP][PASSED] - if (i == 3 &amp;&amp; wildList.indexOf(symbol) != -1): null

2019-08-15 16:26:14 - [TEST_STEP][PASSED] - if (i == 4 &amp;&amp; wildList.indexOf(symbol) != -1): null

2019-08-15 16:26:14 - [TEST_STEP][PASSED] - symbols = symbols: null

2019-08-15 16:26:14 - [TEST_STEP][PASSED] - for ([j = 0, j &lt; symbols.size(), (j++)]): null

2019-08-15 16:26:14 - [TEST_STEP][PASSED] - symbol = symbol: null

2019-08-15 16:26:14 - [TEST_STEP][PASSED] - println(symbol): null

2019-08-15 16:26:14 - [TEST_STEP][PASSED] - if (i == 2 &amp;&amp; wildList.indexOf(symbol) != -1): null

2019-08-15 16:26:14 - [TEST_STEP][PASSED] - if (i == 3 &amp;&amp; wildList.indexOf(symbol) != -1): null

2019-08-15 16:26:14 - [TEST_STEP][PASSED] - if (i == 4 &amp;&amp; wildList.indexOf(symbol) != -1): null

2019-08-15 16:26:14 - [TEST_STEP][PASSED] - symbol = symbol: null

2019-08-15 16:26:14 - [TEST_STEP][PASSED] - println(symbol): null

2019-08-15 16:26:14 - [TEST_STEP][PASSED] - if (i == 2 &amp;&amp; wildList.indexOf(symbol) != -1): null

2019-08-15 16:26:14 - [TEST_STEP][PASSED] - if (i == 3 &amp;&amp; wildList.indexOf(symbol) != -1): null

2019-08-15 16:26:14 - [TEST_STEP][PASSED] - if (i == 4 &amp;&amp; wildList.indexOf(symbol) != -1): null

2019-08-15 16:26:14 - [TEST_STEP][PASSED] - symbol = symbol: null

2019-08-15 16:26:14 - [TEST_STEP][PASSED] - println(symbol): null

2019-08-15 16:26:14 - [TEST_STEP][PASSED] - if (i == 2 &amp;&amp; wildList.indexOf(symbol) != -1): null

2019-08-15 16:26:14 - [TEST_STEP][PASSED] - if (i == 3 &amp;&amp; wildList.indexOf(symbol) != -1): null

2019-08-15 16:26:14 - [TEST_STEP][PASSED] - if (i == 4 &amp;&amp; wildList.indexOf(symbol) != -1): null

2019-08-15 16:26:14 - [TEST_STEP][PASSED] - free_spin_reel_counter = free_spin_reel_counter: null

2019-08-15 16:26:14 - [TEST_STEP][PASSED] - println("reel 3 wild found: " + free_spin_reel_counter[0]): null

2019-08-15 16:26:14 - [TEST_STEP][PASSED] - println("reel 4 wild found: " + free_spin_reel_counter[1]): null

2019-08-15 16:26:14 - [TEST_STEP][PASSED] - println("reel 5 wild found: " + free_spin_reel_counter[2]): null

2019-08-15 16:26:14 - [TEST_STEP][PASSED] - M4_spin_reels = M4_spin_reels: null

2019-08-15 16:26:14 - [TEST_STEP][PASSED] - M4_spin_reels_symbols = symbol: null

2019-08-15 16:26:14 - [TEST_STEP][PASSED] - M4_spin_reels_symbols = M4_spin_reels_symbols: null

2019-08-15 16:26:14 - [TEST_STEP][PASSED] - M4_spin_reel_wins = reel_wins: null

2019-08-15 16:26:14 - [TEST_STEP][PASSED] - M4_spin_reel_wins = M4_spin_reel_wins: null

2019-08-15 16:26:14 - [TEST_STEP][PASSED] - println("GlobalVariable.M4_spin_reel_wins is: " + M4_spin_reel_wins): null

2019-08-15 16:26:14 - [TEST_STEP][PASSED] - M4_spin_total_bonus_win_this_round = total_bonus_win_this_round: null

2019-08-15 16:26:14 - [TEST_STEP][PASSED] - M4_spin_total_bonus_win_this_round = M4_spin_total_bonus_win_this_round: null

2019-08-15 16:26:14 - [TEST_STEP][PASSED] - println("GlobalVariable.M4_spin_total_bonus_win_this_round is: " + M4_spin_total_bonus_win_this_round): null

2019-08-15 16:26:14 - [MESSAGE][PASSED] - Verify response successfully

2019-08-15 16:26:14 - [MESSAGE][PASSED] - Send request and verify the response successfully

2019-08-15 16:26:14 - [TEST_STEP][PASSED] - if (M4_total_bonus_spins_int != 0 &amp;&amp; M4_spin_reels_symbols[2].contains("WILD_Normal") || M4_spin_reels_symbols[3].contains("WILD_Normal") || M4_spin_reels_symbols[4].contains("WILD_Normal")): null

2019-08-15 16:26:14 - [TEST_STEP][PASSED] - free_spin_reel_counter = free_spin_reel_counter: null

2019-08-15 16:26:14 - [TEST_STEP][PASSED] - M4_spin_reels_symbols = M4_spin_reels_symbols: null

2019-08-15 16:26:14 - [TEST_STEP][PASSED] - M4_total_bonus_spins = M4_total_bonus_spins: null

2019-08-15 16:26:14 - [TEST_STEP][PASSED] - spin_result = sendRequestAndVerify(findTestObject("STG/RGS(M4)/1_M4_spin", ["M4_login_user_id":M4_login_user_id, "rgs_session_token":rgs_session_token, "partner":Partner])): Send request and verify the response successfully

2019-08-15 16:26:14 - [TEST_CASE][PASSED] - Start Test Case : Verification: Verification accomplished successfully

2019-08-15 16:26:14 - [TEST_STEP][PASSED] - request = getInstance().getCurrentRequest(): null

2019-08-15 16:26:14 - [TEST_STEP][PASSED] - response = getInstance().getCurrentResponse(): null

2019-08-15 16:26:14 - [TEST_STEP][PASSED] - verifyResponseStatusCode(response, 200): Verify response status code successfully

2019-08-15 16:26:14 - [MESSAGE][PASSED] - Verify response status code successfully

2019-08-15 16:26:14 - [TEST_STEP][PASSED] - getStatusCode()).isEqualTo(200): null

2019-08-15 16:26:14 - [TEST_STEP][PASSED] - newline = System.getProperty("line.separator"): null

2019-08-15 16:26:14 - [TEST_STEP][PASSED] - M4_spin = new groovy.json.JsonSlurper(): null

2019-08-15 16:26:14 - [TEST_STEP][PASSED] - result_M4_spin = M4_spin.parseText(response.getResponseBodyContent()): null

2019-08-15 16:26:14 - [TEST_STEP][PASSED] - M4_spin_current_balance = current_balance: null

2019-08-15 16:26:14 - [TEST_STEP][PASSED] - M4_spin_current_balance = M4_spin_current_balance: null

2019-08-15 16:26:14 - [TEST_STEP][PASSED] - M4_spin_transaction_id = causality: null

2019-08-15 16:26:14 - [TEST_STEP][PASSED] - M4_spin_transaction_id = M4_spin_transaction_id: null

2019-08-15 16:26:14 - [TEST_STEP][PASSED] - M4_spin_round_id = round_id: null

2019-08-15 16:26:14 - [TEST_STEP][PASSED] - M4_spin_round_id = M4_spin_round_id: null

2019-08-15 16:26:14 - [TEST_STEP][PASSED] - M4_spin_line_wins = line_wins: null

2019-08-15 16:26:14 - [TEST_STEP][PASSED] - M4_spin_line_wins = M4_spin_line_wins: null

2019-08-15 16:26:14 - [TEST_STEP][PASSED] - M4_total_bonus_spins_int = total_bonus_spins: null

2019-08-15 16:26:14 - [TEST_STEP][PASSED] - println("******M4_total_bonus_spins type is:*******" + newline + getClass().getName()): null

2019-08-15 16:26:14 - [TEST_STEP][PASSED] - M4_total_bonus_spins_int = M4_total_bonus_spins_int: null

2019-08-15 16:26:14 - [TEST_STEP][PASSED] - M4_total_bonus_spins = Integer.toString(M4_total_bonus_spins_int): null

2019-08-15 16:26:14 - [TEST_STEP][PASSED] - M4_total_bonus_spins = M4_total_bonus_spins: null

2019-08-15 16:26:14 - [TEST_STEP][PASSED] - println("M4_total_bonus_spins is:" + M4_total_bonus_spins): null

2019-08-15 16:26:14 - [TEST_STEP][PASSED] - M4_spin_bonus_data = bonus_data: null

2019-08-15 16:26:14 - [TEST_STEP][PASSED] - M4_spin_features_triggered = result_M4_spin: null

2019-08-15 16:26:14 - [TEST_STEP][PASSED] - wild = []: null

2019-08-15 16:26:14 - [TEST_STEP][PASSED] - wild[0] = "WILD_Expanding": null

2019-08-15 16:26:14 - [TEST_STEP][PASSED] - wild[1] = "WILD_Normal": null

2019-08-15 16:26:14 - [TEST_STEP][PASSED] - wild[2] = "WILD_Double": null

2019-08-15 16:26:14 - [TEST_STEP][PASSED] - wild[3] = "WILD_ExtraFG": null

2019-08-15 16:26:14 - [TEST_STEP][PASSED] - wild[4] = "WILD_Triple": null

2019-08-15 16:26:14 - [TEST_STEP][PASSED] - wildList = Arrays.asList(wild): null

2019-08-15 16:26:14 - [TEST_STEP][PASSED] - wildList = wildList: null

2019-08-15 16:26:14 - [TEST_STEP][PASSED] - free_spin_reel_counter = []: null

2019-08-15 16:26:14 - [TEST_STEP][PASSED] - free_spin_reel_counter[0] = 0: null

2019-08-15 16:26:14 - [TEST_STEP][PASSED] - free_spin_reel_counter[1] = 0: null

2019-08-15 16:26:14 - [TEST_STEP][PASSED] - free_spin_reel_counter[2] = 0: null

2019-08-15 16:26:14 - [TEST_STEP][PASSED] - M4_spin_reels = reels: null

2019-08-15 16:26:14 - [TEST_STEP][PASSED] - for ([i = 0, i &lt; M4_spin_reels.size(), (i++)]): null

2019-08-15 16:26:14 - [TEST_STEP][PASSED] - symbols = symbols: null

2019-08-15 16:26:14 - [TEST_STEP][PASSED] - for ([j = 0, j &lt; symbols.size(), (j++)]): null

2019-08-15 16:26:14 - [TEST_STEP][PASSED] - symbol = symbol: null

2019-08-15 16:26:14 - [TEST_STEP][PASSED] - println(symbol): null

2019-08-15 16:26:14 - [TEST_STEP][PASSED] - if (i == 2 &amp;&amp; wildList.indexOf(symbol) != -1): null

2019-08-15 16:26:14 - [TEST_STEP][PASSED] - if (i == 3 &amp;&amp; wildList.indexOf(symbol) != -1): null

2019-08-15 16:26:14 - [TEST_STEP][PASSED] - if (i == 4 &amp;&amp; wildList.indexOf(symbol) != -1): null

2019-08-15 16:26:14 - [TEST_STEP][PASSED] - symbol = symbol: null

2019-08-15 16:26:14 - [TEST_STEP][PASSED] - println(symbol): null

2019-08-15 16:26:14 - [TEST_STEP][PASSED] - if (i == 2 &amp;&amp; wildList.indexOf(symbol) != -1): null

2019-08-15 16:26:14 - [TEST_STEP][PASSED] - if (i == 3 &amp;&amp; wildList.indexOf(symbol) != -1): null

2019-08-15 16:26:14 - [TEST_STEP][PASSED] - if (i == 4 &amp;&amp; wildList.indexOf(symbol) != -1): null

2019-08-15 16:26:14 - [TEST_STEP][PASSED] - symbol = symbol: null

2019-08-15 16:26:14 - [TEST_STEP][PASSED] - println(symbol): null

2019-08-15 16:26:14 - [TEST_STEP][PASSED] - if (i == 2 &amp;&amp; wildList.indexOf(symbol) != -1): null

2019-08-15 16:26:14 - [TEST_STEP][PASSED] - if (i == 3 &amp;&amp; wildList.indexOf(symbol) != -1): null

2019-08-15 16:26:14 - [TEST_STEP][PASSED] - if (i == 4 &amp;&amp; wildList.indexOf(symbol) != -1): null

2019-08-15 16:26:14 - [TEST_STEP][PASSED] - symbols = symbols: null

2019-08-15 16:26:14 - [TEST_STEP][PASSED] - for ([j = 0, j &lt; symbols.size(), (j++)]): null

2019-08-15 16:26:14 - [TEST_STEP][PASSED] - symbol = symbol: null

2019-08-15 16:26:14 - [TEST_STEP][PASSED] - println(symbol): null

2019-08-15 16:26:14 - [TEST_STEP][PASSED] - if (i == 2 &amp;&amp; wildList.indexOf(symbol) != -1): null

2019-08-15 16:26:14 - [TEST_STEP][PASSED] - if (i == 3 &amp;&amp; wildList.indexOf(symbol) != -1): null

2019-08-15 16:26:14 - [TEST_STEP][PASSED] - if (i == 4 &amp;&amp; wildList.indexOf(symbol) != -1): null

2019-08-15 16:26:14 - [TEST_STEP][PASSED] - symbol = symbol: null

2019-08-15 16:26:14 - [TEST_STEP][PASSED] - println(symbol): null

2019-08-15 16:26:14 - [TEST_STEP][PASSED] - if (i == 2 &amp;&amp; wildList.indexOf(symbol) != -1): null

2019-08-15 16:26:14 - [TEST_STEP][PASSED] - if (i == 3 &amp;&amp; wildList.indexOf(symbol) != -1): null

2019-08-15 16:26:14 - [TEST_STEP][PASSED] - if (i == 4 &amp;&amp; wildList.indexOf(symbol) != -1): null

2019-08-15 16:26:14 - [TEST_STEP][PASSED] - symbol = symbol: null

2019-08-15 16:26:14 - [TEST_STEP][PASSED] - println(symbol): null

2019-08-15 16:26:14 - [TEST_STEP][PASSED] - if (i == 2 &amp;&amp; wildList.indexOf(symbol) != -1): null

2019-08-15 16:26:14 - [TEST_STEP][PASSED] - if (i == 3 &amp;&amp; wildList.indexOf(symbol) != -1): null

2019-08-15 16:26:14 - [TEST_STEP][PASSED] - if (i == 4 &amp;&amp; wildList.indexOf(symbol) != -1): null

2019-08-15 16:26:14 - [TEST_STEP][PASSED] - symbols = symbols: null

2019-08-15 16:26:14 - [TEST_STEP][PASSED] - for ([j = 0, j &lt; symbols.size(), (j++)]): null

2019-08-15 16:26:14 - [TEST_STEP][PASSED] - symbol = symbol: null

2019-08-15 16:26:14 - [TEST_STEP][PASSED] - println(symbol): null

2019-08-15 16:26:14 - [TEST_STEP][PASSED] - if (i == 2 &amp;&amp; wildList.indexOf(symbol) != -1): null

2019-08-15 16:26:14 - [TEST_STEP][PASSED] - if (i == 3 &amp;&amp; wildList.indexOf(symbol) != -1): null

2019-08-15 16:26:14 - [TEST_STEP][PASSED] - if (i == 4 &amp;&amp; wildList.indexOf(symbol) != -1): null

2019-08-15 16:26:14 - [TEST_STEP][PASSED] - symbol = symbol: null

2019-08-15 16:26:14 - [TEST_STEP][PASSED] - println(symbol): null

2019-08-15 16:26:14 - [TEST_STEP][PASSED] - if (i == 2 &amp;&amp; wildList.indexOf(symbol) != -1): null

2019-08-15 16:26:14 - [TEST_STEP][PASSED] - if (i == 3 &amp;&amp; wildList.indexOf(symbol) != -1): null

2019-08-15 16:26:14 - [TEST_STEP][PASSED] - if (i == 4 &amp;&amp; wildList.indexOf(symbol) != -1): null

2019-08-15 16:26:14 - [TEST_STEP][PASSED] - symbol = symbol: null

2019-08-15 16:26:14 - [TEST_STEP][PASSED] - println(symbol): null

2019-08-15 16:26:14 - [TEST_STEP][PASSED] - if (i == 2 &amp;&amp; wildList.indexOf(symbol) != -1): null

2019-08-15 16:26:14 - [TEST_STEP][PASSED] - if (i == 3 &amp;&amp; wildList.indexOf(symbol) != -1): null

2019-08-15 16:26:14 - [TEST_STEP][PASSED] - if (i == 4 &amp;&amp; wildList.indexOf(symbol) != -1): null

2019-08-15 16:26:14 - [TEST_STEP][PASSED] - symbols = symbols: null

2019-08-15 16:26:14 - [TEST_STEP][PASSED] - for ([j = 0, j &lt; symbols.size(), (j++)]): null

2019-08-15 16:26:14 - [TEST_STEP][PASSED] - symbol = symbol: null

2019-08-15 16:26:14 - [TEST_STEP][PASSED] - println(symbol): null

2019-08-15 16:26:14 - [TEST_STEP][PASSED] - if (i == 2 &amp;&amp; wildList.indexOf(symbol) != -1): null

2019-08-15 16:26:14 - [TEST_STEP][PASSED] - if (i == 3 &amp;&amp; wildList.indexOf(symbol) != -1): null

2019-08-15 16:26:14 - [TEST_STEP][PASSED] - if (i == 4 &amp;&amp; wildList.indexOf(symbol) != -1): null

2019-08-15 16:26:14 - [TEST_STEP][PASSED] - symbol = symbol: null

2019-08-15 16:26:14 - [TEST_STEP][PASSED] - println(symbol): null

2019-08-15 16:26:14 - [TEST_STEP][PASSED] - if (i == 2 &amp;&amp; wildList.indexOf(symbol) != -1): null

2019-08-15 16:26:14 - [TEST_STEP][PASSED] - if (i == 3 &amp;&amp; wildList.indexOf(symbol) != -1): null

2019-08-15 16:26:14 - [TEST_STEP][PASSED] - println("wild found on reel 4, adding counter by 1"): null

2019-08-15 16:26:14 - [TEST_STEP][PASSED] - free_spin_reel_counter[1] = free_spin_reel_counter[1] + 1: null

2019-08-15 16:26:14 - [TEST_STEP][PASSED] - if (i == 4 &amp;&amp; wildList.indexOf(symbol) != -1): null

2019-08-15 16:26:14 - [TEST_STEP][PASSED] - symbol = symbol: null

2019-08-15 16:26:14 - [TEST_STEP][PASSED] - println(symbol): null

2019-08-15 16:26:14 - [TEST_STEP][PASSED] - if (i == 2 &amp;&amp; wildList.indexOf(symbol) != -1): null

2019-08-15 16:26:14 - [TEST_STEP][PASSED] - if (i == 3 &amp;&amp; wildList.indexOf(symbol) != -1): null

2019-08-15 16:26:14 - [TEST_STEP][PASSED] - if (i == 4 &amp;&amp; wildList.indexOf(symbol) != -1): null

2019-08-15 16:26:14 - [TEST_STEP][PASSED] - symbols = symbols: null

2019-08-15 16:26:14 - [TEST_STEP][PASSED] - for ([j = 0, j &lt; symbols.size(), (j++)]): null

2019-08-15 16:26:14 - [TEST_STEP][PASSED] - symbol = symbol: null

2019-08-15 16:26:14 - [TEST_STEP][PASSED] - println(symbol): null

2019-08-15 16:26:14 - [TEST_STEP][PASSED] - if (i == 2 &amp;&amp; wildList.indexOf(symbol) != -1): null

2019-08-15 16:26:14 - [TEST_STEP][PASSED] - if (i == 3 &amp;&amp; wildList.indexOf(symbol) != -1): null

2019-08-15 16:26:14 - [TEST_STEP][PASSED] - if (i == 4 &amp;&amp; wildList.indexOf(symbol) != -1): null

2019-08-15 16:26:14 - [TEST_STEP][PASSED] - symbol = symbol: null

2019-08-15 16:26:14 - [TEST_STEP][PASSED] - println(symbol): null

2019-08-15 16:26:14 - [TEST_STEP][PASSED] - if (i == 2 &amp;&amp; wildList.indexOf(symbol) != -1): null

2019-08-15 16:26:14 - [TEST_STEP][PASSED] - if (i == 3 &amp;&amp; wildList.indexOf(symbol) != -1): null

2019-08-15 16:26:14 - [TEST_STEP][PASSED] - if (i == 4 &amp;&amp; wildList.indexOf(symbol) != -1): null

2019-08-15 16:26:14 - [TEST_STEP][PASSED] - symbol = symbol: null

2019-08-15 16:26:14 - [TEST_STEP][PASSED] - println(symbol): null

2019-08-15 16:26:14 - [TEST_STEP][PASSED] - if (i == 2 &amp;&amp; wildList.indexOf(symbol) != -1): null

2019-08-15 16:26:14 - [TEST_STEP][PASSED] - if (i == 3 &amp;&amp; wildList.indexOf(symbol) != -1): null

2019-08-15 16:26:14 - [TEST_STEP][PASSED] - if (i == 4 &amp;&amp; wildList.indexOf(symbol) != -1): null

2019-08-15 16:26:14 - [TEST_STEP][PASSED] - free_spin_reel_counter = free_spin_reel_counter: null

2019-08-15 16:26:14 - [TEST_STEP][PASSED] - println("reel 3 wild found: " + free_spin_reel_counter[0]): null

2019-08-15 16:26:14 - [TEST_STEP][PASSED] - println("reel 4 wild found: " + free_spin_reel_counter[1]): null

2019-08-15 16:26:14 - [TEST_STEP][PASSED] - println("reel 5 wild found: " + free_spin_reel_counter[2]): null

2019-08-15 16:26:14 - [TEST_STEP][PASSED] - M4_spin_reels = M4_spin_reels: null

2019-08-15 16:26:14 - [TEST_STEP][PASSED] - M4_spin_reels_symbols = symbol: null

2019-08-15 16:26:14 - [TEST_STEP][PASSED] - M4_spin_reels_symbols = M4_spin_reels_symbols: null

2019-08-15 16:26:14 - [TEST_STEP][PASSED] - M4_spin_reel_wins = reel_wins: null

2019-08-15 16:26:14 - [TEST_STEP][PASSED] - M4_spin_reel_wins = M4_spin_reel_wins: null

2019-08-15 16:26:14 - [TEST_STEP][PASSED] - println("GlobalVariable.M4_spin_reel_wins is: " + M4_spin_reel_wins): null

2019-08-15 16:26:14 - [TEST_STEP][PASSED] - M4_spin_total_bonus_win_this_round = total_bonus_win_this_round: null

2019-08-15 16:26:14 - [TEST_STEP][PASSED] - M4_spin_total_bonus_win_this_round = M4_spin_total_bonus_win_this_round: null

2019-08-15 16:26:14 - [TEST_STEP][PASSED] - println("GlobalVariable.M4_spin_total_bonus_win_this_round is: " + M4_spin_total_bonus_win_this_round): null

2019-08-15 16:26:14 - [MESSAGE][PASSED] - Verify response successfully

2019-08-15 16:26:14 - [MESSAGE][PASSED] - Send request and verify the response successfully

2019-08-15 16:26:14 - [TEST_STEP][PASSED] - if (M4_total_bonus_spins_int != 0 &amp;&amp; M4_spin_reels_symbols[2].contains("WILD_Normal") || M4_spin_reels_symbols[3].contains("WILD_Normal") || M4_spin_reels_symbols[4].contains("WILD_Normal")): null

2019-08-15 16:26:14 - [TEST_STEP][PASSED] - free_spin_reel_counter = free_spin_reel_counter: null

2019-08-15 16:26:14 - [TEST_STEP][PASSED] - M4_spin_reels_symbols = M4_spin_reels_symbols: null

2019-08-15 16:26:14 - [TEST_STEP][PASSED] - M4_total_bonus_spins = M4_total_bonus_spins: null

2019-08-15 16:26:14 - [TEST_STEP][PASSED] - spin_result = sendRequestAndVerify(findTestObject("STG/RGS(M4)/1_M4_spin", ["M4_login_user_id":M4_login_user_id, "rgs_session_token":rgs_session_token, "partner":Partner])): Send request and verify the response successfully

2019-08-15 16:26:15 - [TEST_CASE][PASSED] - Start Test Case : Verification: Verification accomplished successfully

2019-08-15 16:26:15 - [TEST_STEP][PASSED] - request = getInstance().getCurrentRequest(): null

2019-08-15 16:26:15 - [TEST_STEP][PASSED] - response = getInstance().getCurrentResponse(): null

2019-08-15 16:26:15 - [TEST_STEP][PASSED] - verifyResponseStatusCode(response, 200): Verify response status code successfully

2019-08-15 16:26:15 - [MESSAGE][PASSED] - Verify response status code successfully

2019-08-15 16:26:15 - [TEST_STEP][PASSED] - getStatusCode()).isEqualTo(200): null

2019-08-15 16:26:15 - [TEST_STEP][PASSED] - newline = System.getProperty("line.separator"): null

2019-08-15 16:26:15 - [TEST_STEP][PASSED] - M4_spin = new groovy.json.JsonSlurper(): null

2019-08-15 16:26:15 - [TEST_STEP][PASSED] - result_M4_spin = M4_spin.parseText(response.getResponseBodyContent()): null

2019-08-15 16:26:15 - [TEST_STEP][PASSED] - M4_spin_current_balance = current_balance: null

2019-08-15 16:26:15 - [TEST_STEP][PASSED] - M4_spin_current_balance = M4_spin_current_balance: null

2019-08-15 16:26:15 - [TEST_STEP][PASSED] - M4_spin_transaction_id = causality: null

2019-08-15 16:26:15 - [TEST_STEP][PASSED] - M4_spin_transaction_id = M4_spin_transaction_id: null

2019-08-15 16:26:15 - [TEST_STEP][PASSED] - M4_spin_round_id = round_id: null

2019-08-15 16:26:15 - [TEST_STEP][PASSED] - M4_spin_round_id = M4_spin_round_id: null

2019-08-15 16:26:15 - [TEST_STEP][PASSED] - M4_spin_line_wins = line_wins: null

2019-08-15 16:26:15 - [TEST_STEP][PASSED] - M4_spin_line_wins = M4_spin_line_wins: null

2019-08-15 16:26:15 - [TEST_STEP][PASSED] - M4_total_bonus_spins_int = total_bonus_spins: null

2019-08-15 16:26:15 - [TEST_STEP][PASSED] - println("******M4_total_bonus_spins type is:*******" + newline + getClass().getName()): null

2019-08-15 16:26:15 - [TEST_STEP][PASSED] - M4_total_bonus_spins_int = M4_total_bonus_spins_int: null

2019-08-15 16:26:15 - [TEST_STEP][PASSED] - M4_total_bonus_spins = Integer.toString(M4_total_bonus_spins_int): null

2019-08-15 16:26:19 - [TEST_STEP][PASSED] - M4_total_bonus_spins = M4_total_bonus_spins: null

2019-08-15 16:26:19 - [TEST_STEP][PASSED] - println("M4_total_bonus_spins is:" + M4_total_bonus_spins): null

2019-08-15 16:26:19 - [TEST_STEP][PASSED] - M4_spin_bonus_data = bonus_data: null

2019-08-15 16:26:19 - [TEST_STEP][PASSED] - M4_spin_features_triggered = result_M4_spin: null

2019-08-15 16:26:19 - [TEST_STEP][PASSED] - wild = []: null

2019-08-15 16:26:19 - [TEST_STEP][PASSED] - wild[0] = "WILD_Expanding": null

2019-08-15 16:26:19 - [TEST_STEP][PASSED] - wild[1] = "WILD_Normal": null

2019-08-15 16:26:19 - [TEST_STEP][PASSED] - wild[2] = "WILD_Double": null

2019-08-15 16:26:19 - [TEST_STEP][PASSED] - wild[3] = "WILD_ExtraFG": null

2019-08-15 16:26:19 - [TEST_STEP][PASSED] - wild[4] = "WILD_Triple": null

2019-08-15 16:26:20 - [TEST_STEP][PASSED] - wildList = Arrays.asList(wild): null

2019-08-15 16:26:20 - [TEST_STEP][PASSED] - wildList = wildList: null

2019-08-15 16:26:20 - [TEST_STEP][PASSED] - free_spin_reel_counter = []: null

2019-08-15 16:26:20 - [TEST_STEP][PASSED] - free_spin_reel_counter[0] = 0: null

2019-08-15 16:26:20 - [TEST_STEP][PASSED] - free_spin_reel_counter[1] = 0: null

2019-08-15 16:26:20 - [TEST_STEP][PASSED] - free_spin_reel_counter[2] = 0: null

2019-08-15 16:26:20 - [TEST_STEP][PASSED] - M4_spin_reels = reels: null

2019-08-15 16:26:20 - [TEST_STEP][PASSED] - for ([i = 0, i &lt; M4_spin_reels.size(), (i++)]): null

2019-08-15 16:26:20 - [TEST_STEP][PASSED] - symbols = symbols: null

2019-08-15 16:26:20 - [TEST_STEP][PASSED] - for ([j = 0, j &lt; symbols.size(), (j++)]): null

2019-08-15 16:26:20 - [TEST_STEP][PASSED] - symbol = symbol: null

2019-08-15 16:26:20 - [TEST_STEP][PASSED] - println(symbol): null

2019-08-15 16:26:20 - [TEST_STEP][PASSED] - if (i == 2 &amp;&amp; wildList.indexOf(symbol) != -1): null

2019-08-15 16:26:20 - [TEST_STEP][PASSED] - if (i == 3 &amp;&amp; wildList.indexOf(symbol) != -1): null

2019-08-15 16:26:20 - [TEST_STEP][PASSED] - if (i == 4 &amp;&amp; wildList.indexOf(symbol) != -1): null

2019-08-15 16:26:20 - [TEST_STEP][PASSED] - symbol = symbol: null

2019-08-15 16:26:20 - [TEST_STEP][PASSED] - println(symbol): null

2019-08-15 16:26:20 - [TEST_STEP][PASSED] - if (i == 2 &amp;&amp; wildList.indexOf(symbol) != -1): null

2019-08-15 16:26:20 - [TEST_STEP][PASSED] - if (i == 3 &amp;&amp; wildList.indexOf(symbol) != -1): null

2019-08-15 16:26:20 - [TEST_STEP][PASSED] - if (i == 4 &amp;&amp; wildList.indexOf(symbol) != -1): null

2019-08-15 16:26:20 - [TEST_STEP][PASSED] - symbol = symbol: null

2019-08-15 16:26:20 - [TEST_STEP][PASSED] - println(symbol): null

2019-08-15 16:26:20 - [TEST_STEP][PASSED] - if (i == 2 &amp;&amp; wildList.indexOf(symbol) != -1): null

2019-08-15 16:26:20 - [TEST_STEP][PASSED] - if (i == 3 &amp;&amp; wildList.indexOf(symbol) != -1): null

2019-08-15 16:26:20 - [TEST_STEP][PASSED] - if (i == 4 &amp;&amp; wildList.indexOf(symbol) != -1): null

2019-08-15 16:26:20 - [TEST_STEP][PASSED] - symbols = symbols: null

2019-08-15 16:26:20 - [TEST_STEP][PASSED] - for ([j = 0, j &lt; symbols.size(), (j++)]): null

2019-08-15 16:26:20 - [TEST_STEP][PASSED] - symbol = symbol: null

2019-08-15 16:26:20 - [TEST_STEP][PASSED] - println(symbol): null

2019-08-15 16:26:20 - [TEST_STEP][PASSED] - if (i == 2 &amp;&amp; wildList.indexOf(symbol) != -1): null

2019-08-15 16:26:20 - [TEST_STEP][PASSED] - if (i == 3 &amp;&amp; wildList.indexOf(symbol) != -1): null

2019-08-15 16:26:20 - [TEST_STEP][PASSED] - if (i == 4 &amp;&amp; wildList.indexOf(symbol) != -1): null

2019-08-15 16:26:20 - [TEST_STEP][PASSED] - symbol = symbol: null

2019-08-15 16:26:20 - [TEST_STEP][PASSED] - println(symbol): null

2019-08-15 16:26:20 - [TEST_STEP][PASSED] - if (i == 2 &amp;&amp; wildList.indexOf(symbol) != -1): null

2019-08-15 16:26:20 - [TEST_STEP][PASSED] - if (i == 3 &amp;&amp; wildList.indexOf(symbol) != -1): null

2019-08-15 16:26:20 - [TEST_STEP][PASSED] - if (i == 4 &amp;&amp; wildList.indexOf(symbol) != -1): null

2019-08-15 16:26:20 - [TEST_STEP][PASSED] - symbol = symbol: null

2019-08-15 16:26:20 - [TEST_STEP][PASSED] - println(symbol): null

2019-08-15 16:26:20 - [TEST_STEP][PASSED] - if (i == 2 &amp;&amp; wildList.indexOf(symbol) != -1): null

2019-08-15 16:26:20 - [TEST_STEP][PASSED] - if (i == 3 &amp;&amp; wildList.indexOf(symbol) != -1): null

2019-08-15 16:26:20 - [TEST_STEP][PASSED] - if (i == 4 &amp;&amp; wildList.indexOf(symbol) != -1): null

2019-08-15 16:26:20 - [TEST_STEP][PASSED] - symbols = symbols: null

2019-08-15 16:26:20 - [TEST_STEP][PASSED] - for ([j = 0, j &lt; symbols.size(), (j++)]): null

2019-08-15 16:26:20 - [TEST_STEP][PASSED] - symbol = symbol: null

2019-08-15 16:26:20 - [TEST_STEP][PASSED] - println(symbol): null

2019-08-15 16:26:20 - [TEST_STEP][PASSED] - if (i == 2 &amp;&amp; wildList.indexOf(symbol) != -1): null

2019-08-15 16:26:20 - [TEST_STEP][PASSED] - if (i == 3 &amp;&amp; wildList.indexOf(symbol) != -1): null

2019-08-15 16:26:20 - [TEST_STEP][PASSED] - if (i == 4 &amp;&amp; wildList.indexOf(symbol) != -1): null

2019-08-15 16:26:20 - [TEST_STEP][PASSED] - symbol = symbol: null

2019-08-15 16:26:20 - [TEST_STEP][PASSED] - println(symbol): null

2019-08-15 16:26:20 - [TEST_STEP][PASSED] - if (i == 2 &amp;&amp; wildList.indexOf(symbol) != -1): null

2019-08-15 16:26:20 - [TEST_STEP][PASSED] - if (i == 3 &amp;&amp; wildList.indexOf(symbol) != -1): null

2019-08-15 16:26:20 - [TEST_STEP][PASSED] - if (i == 4 &amp;&amp; wildList.indexOf(symbol) != -1): null

2019-08-15 16:26:20 - [TEST_STEP][PASSED] - symbol = symbol: null

2019-08-15 16:26:20 - [TEST_STEP][PASSED] - println(symbol): null

2019-08-15 16:26:20 - [TEST_STEP][PASSED] - if (i == 2 &amp;&amp; wildList.indexOf(symbol) != -1): null

2019-08-15 16:26:20 - [TEST_STEP][PASSED] - if (i == 3 &amp;&amp; wildList.indexOf(symbol) != -1): null

2019-08-15 16:26:20 - [TEST_STEP][PASSED] - if (i == 4 &amp;&amp; wildList.indexOf(symbol) != -1): null

2019-08-15 16:26:20 - [TEST_STEP][PASSED] - symbols = symbols: null

2019-08-15 16:26:20 - [TEST_STEP][PASSED] - for ([j = 0, j &lt; symbols.size(), (j++)]): null

2019-08-15 16:26:20 - [TEST_STEP][PASSED] - symbol = symbol: null

2019-08-15 16:26:20 - [TEST_STEP][PASSED] - println(symbol): null

2019-08-15 16:26:20 - [TEST_STEP][PASSED] - if (i == 2 &amp;&amp; wildList.indexOf(symbol) != -1): null

2019-08-15 16:26:20 - [TEST_STEP][PASSED] - if (i == 3 &amp;&amp; wildList.indexOf(symbol) != -1): null

2019-08-15 16:26:20 - [TEST_STEP][PASSED] - if (i == 4 &amp;&amp; wildList.indexOf(symbol) != -1): null

2019-08-15 16:26:20 - [TEST_STEP][PASSED] - symbol = symbol: null

2019-08-15 16:26:20 - [TEST_STEP][PASSED] - println(symbol): null

2019-08-15 16:26:20 - [TEST_STEP][PASSED] - if (i == 2 &amp;&amp; wildList.indexOf(symbol) != -1): null

2019-08-15 16:26:20 - [TEST_STEP][PASSED] - if (i == 3 &amp;&amp; wildList.indexOf(symbol) != -1): null

2019-08-15 16:26:20 - [TEST_STEP][PASSED] - if (i == 4 &amp;&amp; wildList.indexOf(symbol) != -1): null

2019-08-15 16:26:20 - [TEST_STEP][PASSED] - symbol = symbol: null

2019-08-15 16:26:20 - [TEST_STEP][PASSED] - println(symbol): null

2019-08-15 16:26:20 - [TEST_STEP][PASSED] - if (i == 2 &amp;&amp; wildList.indexOf(symbol) != -1): null

2019-08-15 16:26:20 - [TEST_STEP][PASSED] - if (i == 3 &amp;&amp; wildList.indexOf(symbol) != -1): null

2019-08-15 16:26:20 - [TEST_STEP][PASSED] - if (i == 4 &amp;&amp; wildList.indexOf(symbol) != -1): null

2019-08-15 16:26:20 - [TEST_STEP][PASSED] - symbols = symbols: null

2019-08-15 16:26:20 - [TEST_STEP][PASSED] - for ([j = 0, j &lt; symbols.size(), (j++)]): null

2019-08-15 16:26:20 - [TEST_STEP][PASSED] - symbol = symbol: null

2019-08-15 16:26:20 - [TEST_STEP][PASSED] - println(symbol): null

2019-08-15 16:26:20 - [TEST_STEP][PASSED] - if (i == 2 &amp;&amp; wildList.indexOf(symbol) != -1): null

2019-08-15 16:26:20 - [TEST_STEP][PASSED] - if (i == 3 &amp;&amp; wildList.indexOf(symbol) != -1): null

2019-08-15 16:26:20 - [TEST_STEP][PASSED] - if (i == 4 &amp;&amp; wildList.indexOf(symbol) != -1): null

2019-08-15 16:26:20 - [TEST_STEP][PASSED] - symbol = symbol: null

2019-08-15 16:26:20 - [TEST_STEP][PASSED] - println(symbol): null

2019-08-15 16:26:20 - [TEST_STEP][PASSED] - if (i == 2 &amp;&amp; wildList.indexOf(symbol) != -1): null

2019-08-15 16:26:20 - [TEST_STEP][PASSED] - if (i == 3 &amp;&amp; wildList.indexOf(symbol) != -1): null

2019-08-15 16:26:20 - [TEST_STEP][PASSED] - if (i == 4 &amp;&amp; wildList.indexOf(symbol) != -1): null

2019-08-15 16:26:20 - [TEST_STEP][PASSED] - symbol = symbol: null

2019-08-15 16:26:20 - [TEST_STEP][PASSED] - println(symbol): null

2019-08-15 16:26:20 - [TEST_STEP][PASSED] - if (i == 2 &amp;&amp; wildList.indexOf(symbol) != -1): null

2019-08-15 16:26:20 - [TEST_STEP][PASSED] - if (i == 3 &amp;&amp; wildList.indexOf(symbol) != -1): null

2019-08-15 16:26:20 - [TEST_STEP][PASSED] - if (i == 4 &amp;&amp; wildList.indexOf(symbol) != -1): null

2019-08-15 16:26:20 - [TEST_STEP][PASSED] - free_spin_reel_counter = free_spin_reel_counter: null

2019-08-15 16:26:20 - [TEST_STEP][PASSED] - println("reel 3 wild found: " + free_spin_reel_counter[0]): null

2019-08-15 16:26:20 - [TEST_STEP][PASSED] - println("reel 4 wild found: " + free_spin_reel_counter[1]): null

2019-08-15 16:26:20 - [TEST_STEP][PASSED] - println("reel 5 wild found: " + free_spin_reel_counter[2]): null

2019-08-15 16:26:20 - [TEST_STEP][PASSED] - M4_spin_reels = M4_spin_reels: null

2019-08-15 16:26:20 - [TEST_STEP][PASSED] - M4_spin_reels_symbols = symbol: null

2019-08-15 16:26:20 - [TEST_STEP][PASSED] - M4_spin_reels_symbols = M4_spin_reels_symbols: null

2019-08-15 16:26:20 - [TEST_STEP][PASSED] - M4_spin_reel_wins = reel_wins: null

2019-08-15 16:26:20 - [TEST_STEP][PASSED] - M4_spin_reel_wins = M4_spin_reel_wins: null

2019-08-15 16:26:20 - [TEST_STEP][PASSED] - println("GlobalVariable.M4_spin_reel_wins is: " + M4_spin_reel_wins): null

2019-08-15 16:26:20 - [TEST_STEP][PASSED] - M4_spin_total_bonus_win_this_round = total_bonus_win_this_round: null

2019-08-15 16:26:20 - [TEST_STEP][PASSED] - M4_spin_total_bonus_win_this_round = M4_spin_total_bonus_win_this_round: null

2019-08-15 16:26:20 - [TEST_STEP][PASSED] - println("GlobalVariable.M4_spin_total_bonus_win_this_round is: " + M4_spin_total_bonus_win_this_round): null

2019-08-15 16:26:20 - [MESSAGE][PASSED] - Verify response successfully

2019-08-15 16:26:20 - [MESSAGE][PASSED] - Send request and verify the response successfully

2019-08-15 16:26:20 - [TEST_STEP][PASSED] - if (M4_total_bonus_spins_int != 0 &amp;&amp; M4_spin_reels_symbols[2].contains("WILD_Normal") || M4_spin_reels_symbols[3].contains("WILD_Normal") || M4_spin_reels_symbols[4].contains("WILD_Normal")): null

2019-08-15 16:26:20 - [TEST_STEP][PASSED] - free_spin_reel_counter = free_spin_reel_counter: null

2019-08-15 16:26:20 - [TEST_STEP][PASSED] - M4_spin_reels_symbols = M4_spin_reels_symbols: null

2019-08-15 16:26:20 - [TEST_STEP][PASSED] - M4_total_bonus_spins = M4_total_bonus_spins: null

2019-08-15 16:26:20 - [TEST_STEP][PASSED] - spin_result = sendRequestAndVerify(findTestObject("STG/RGS(M4)/1_M4_spin", ["M4_login_user_id":M4_login_user_id, "rgs_session_token":rgs_session_token, "partner":Partner])): Send request and verify the response successfully

2019-08-15 16:26:20 - [TEST_CASE][PASSED] - Start Test Case : Verification: Verification accomplished successfully

2019-08-15 16:26:20 - [TEST_STEP][PASSED] - request = getInstance().getCurrentRequest(): null

2019-08-15 16:26:20 - [TEST_STEP][PASSED] - response = getInstance().getCurrentResponse(): null

2019-08-15 16:26:20 - [TEST_STEP][PASSED] - verifyResponseStatusCode(response, 200): Verify response status code successfully

2019-08-15 16:26:20 - [MESSAGE][PASSED] - Verify response status code successfully

2019-08-15 16:26:20 - [TEST_STEP][PASSED] - getStatusCode()).isEqualTo(200): null

2019-08-15 16:26:20 - [TEST_STEP][PASSED] - newline = System.getProperty("line.separator"): null

2019-08-15 16:26:20 - [TEST_STEP][PASSED] - M4_spin = new groovy.json.JsonSlurper(): null

2019-08-15 16:26:20 - [TEST_STEP][PASSED] - result_M4_spin = M4_spin.parseText(response.getResponseBodyContent()): null

2019-08-15 16:26:20 - [TEST_STEP][PASSED] - M4_spin_current_balance = current_balance: null

2019-08-15 16:26:20 - [TEST_STEP][PASSED] - M4_spin_current_balance = M4_spin_current_balance: null

2019-08-15 16:26:20 - [TEST_STEP][PASSED] - M4_spin_transaction_id = causality: null

2019-08-15 16:26:20 - [TEST_STEP][PASSED] - M4_spin_transaction_id = M4_spin_transaction_id: null

2019-08-15 16:26:20 - [TEST_STEP][PASSED] - M4_spin_round_id = round_id: null

2019-08-15 16:26:20 - [TEST_STEP][PASSED] - M4_spin_round_id = M4_spin_round_id: null

2019-08-15 16:26:20 - [TEST_STEP][PASSED] - M4_spin_line_wins = line_wins: null

2019-08-15 16:26:20 - [TEST_STEP][PASSED] - M4_spin_line_wins = M4_spin_line_wins: null

2019-08-15 16:26:20 - [TEST_STEP][PASSED] - M4_total_bonus_spins_int = total_bonus_spins: null

2019-08-15 16:26:20 - [TEST_STEP][PASSED] - println("******M4_total_bonus_spins type is:*******" + newline + getClass().getName()): null

2019-08-15 16:26:20 - [TEST_STEP][PASSED] - M4_total_bonus_spins_int = M4_total_bonus_spins_int: null

2019-08-15 16:26:20 - [TEST_STEP][PASSED] - M4_total_bonus_spins = Integer.toString(M4_total_bonus_spins_int): null

2019-08-15 16:26:20 - [TEST_STEP][PASSED] - M4_total_bonus_spins = M4_total_bonus_spins: null

2019-08-15 16:26:20 - [TEST_STEP][PASSED] - println("M4_total_bonus_spins is:" + M4_total_bonus_spins): null

2019-08-15 16:26:20 - [TEST_STEP][PASSED] - M4_spin_bonus_data = bonus_data: null

2019-08-15 16:26:20 - [TEST_STEP][PASSED] - M4_spin_features_triggered = result_M4_spin: null

2019-08-15 16:26:20 - [TEST_STEP][PASSED] - wild = []: null

2019-08-15 16:26:20 - [TEST_STEP][PASSED] - wild[0] = "WILD_Expanding": null

2019-08-15 16:26:20 - [TEST_STEP][PASSED] - wild[1] = "WILD_Normal": null

2019-08-15 16:26:20 - [TEST_STEP][PASSED] - wild[2] = "WILD_Double": null

2019-08-15 16:26:20 - [TEST_STEP][PASSED] - wild[3] = "WILD_ExtraFG": null

2019-08-15 16:26:20 - [TEST_STEP][PASSED] - wild[4] = "WILD_Triple": null

2019-08-15 16:26:20 - [TEST_STEP][PASSED] - wildList = Arrays.asList(wild): null

2019-08-15 16:26:20 - [TEST_STEP][PASSED] - wildList = wildList: null

2019-08-15 16:26:20 - [TEST_STEP][PASSED] - free_spin_reel_counter = []: null

2019-08-15 16:26:20 - [TEST_STEP][PASSED] - free_spin_reel_counter[0] = 0: null

2019-08-15 16:26:20 - [TEST_STEP][PASSED] - free_spin_reel_counter[1] = 0: null

2019-08-15 16:26:20 - [TEST_STEP][PASSED] - free_spin_reel_counter[2] = 0: null

2019-08-15 16:26:20 - [TEST_STEP][PASSED] - M4_spin_reels = reels: null

2019-08-15 16:26:20 - [TEST_STEP][PASSED] - for ([i = 0, i &lt; M4_spin_reels.size(), (i++)]): null

2019-08-15 16:26:20 - [TEST_STEP][PASSED] - symbols = symbols: null

2019-08-15 16:26:20 - [TEST_STEP][PASSED] - for ([j = 0, j &lt; symbols.size(), (j++)]): null

2019-08-15 16:26:20 - [TEST_STEP][PASSED] - symbol = symbol: null

2019-08-15 16:26:20 - [TEST_STEP][PASSED] - println(symbol): null

2019-08-15 16:26:20 - [TEST_STEP][PASSED] - if (i == 2 &amp;&amp; wildList.indexOf(symbol) != -1): null

2019-08-15 16:26:20 - [TEST_STEP][PASSED] - if (i == 3 &amp;&amp; wildList.indexOf(symbol) != -1): null

2019-08-15 16:26:20 - [TEST_STEP][PASSED] - if (i == 4 &amp;&amp; wildList.indexOf(symbol) != -1): null

2019-08-15 16:26:20 - [TEST_STEP][PASSED] - symbol = symbol: null

2019-08-15 16:26:20 - [TEST_STEP][PASSED] - println(symbol): null

2019-08-15 16:26:20 - [TEST_STEP][PASSED] - if (i == 2 &amp;&amp; wildList.indexOf(symbol) != -1): null

2019-08-15 16:26:20 - [TEST_STEP][PASSED] - if (i == 3 &amp;&amp; wildList.indexOf(symbol) != -1): null

2019-08-15 16:26:20 - [TEST_STEP][PASSED] - if (i == 4 &amp;&amp; wildList.indexOf(symbol) != -1): null

2019-08-15 16:26:20 - [TEST_STEP][PASSED] - symbol = symbol: null

2019-08-15 16:26:20 - [TEST_STEP][PASSED] - println(symbol): null

2019-08-15 16:26:20 - [TEST_STEP][PASSED] - if (i == 2 &amp;&amp; wildList.indexOf(symbol) != -1): null

2019-08-15 16:26:20 - [TEST_STEP][PASSED] - if (i == 3 &amp;&amp; wildList.indexOf(symbol) != -1): null

2019-08-15 16:26:20 - [TEST_STEP][PASSED] - if (i == 4 &amp;&amp; wildList.indexOf(symbol) != -1): null

2019-08-15 16:26:20 - [TEST_STEP][PASSED] - symbols = symbols: null

2019-08-15 16:26:20 - [TEST_STEP][PASSED] - for ([j = 0, j &lt; symbols.size(), (j++)]): null

2019-08-15 16:26:20 - [TEST_STEP][PASSED] - symbol = symbol: null

2019-08-15 16:26:20 - [TEST_STEP][PASSED] - println(symbol): null

2019-08-15 16:26:20 - [TEST_STEP][PASSED] - if (i == 2 &amp;&amp; wildList.indexOf(symbol) != -1): null

2019-08-15 16:26:20 - [TEST_STEP][PASSED] - if (i == 3 &amp;&amp; wildList.indexOf(symbol) != -1): null

2019-08-15 16:26:20 - [TEST_STEP][PASSED] - if (i == 4 &amp;&amp; wildList.indexOf(symbol) != -1): null

2019-08-15 16:26:20 - [TEST_STEP][PASSED] - symbol = symbol: null

2019-08-15 16:26:20 - [TEST_STEP][PASSED] - println(symbol): null

2019-08-15 16:26:20 - [TEST_STEP][PASSED] - if (i == 2 &amp;&amp; wildList.indexOf(symbol) != -1): null

2019-08-15 16:26:20 - [TEST_STEP][PASSED] - if (i == 3 &amp;&amp; wildList.indexOf(symbol) != -1): null

2019-08-15 16:26:20 - [TEST_STEP][PASSED] - if (i == 4 &amp;&amp; wildList.indexOf(symbol) != -1): null

2019-08-15 16:26:20 - [TEST_STEP][PASSED] - symbol = symbol: null

2019-08-15 16:26:20 - [TEST_STEP][PASSED] - println(symbol): null

2019-08-15 16:26:20 - [TEST_STEP][PASSED] - if (i == 2 &amp;&amp; wildList.indexOf(symbol) != -1): null

2019-08-15 16:26:20 - [TEST_STEP][PASSED] - if (i == 3 &amp;&amp; wildList.indexOf(symbol) != -1): null

2019-08-15 16:26:20 - [TEST_STEP][PASSED] - if (i == 4 &amp;&amp; wildList.indexOf(symbol) != -1): null

2019-08-15 16:26:20 - [TEST_STEP][PASSED] - symbols = symbols: null

2019-08-15 16:26:20 - [TEST_STEP][PASSED] - for ([j = 0, j &lt; symbols.size(), (j++)]): null

2019-08-15 16:26:20 - [TEST_STEP][PASSED] - symbol = symbol: null

2019-08-15 16:26:20 - [TEST_STEP][PASSED] - println(symbol): null

2019-08-15 16:26:20 - [TEST_STEP][PASSED] - if (i == 2 &amp;&amp; wildList.indexOf(symbol) != -1): null

2019-08-15 16:26:20 - [TEST_STEP][PASSED] - if (i == 3 &amp;&amp; wildList.indexOf(symbol) != -1): null

2019-08-15 16:26:20 - [TEST_STEP][PASSED] - if (i == 4 &amp;&amp; wildList.indexOf(symbol) != -1): null

2019-08-15 16:26:20 - [TEST_STEP][PASSED] - symbol = symbol: null

2019-08-15 16:26:20 - [TEST_STEP][PASSED] - println(symbol): null

2019-08-15 16:26:20 - [TEST_STEP][PASSED] - if (i == 2 &amp;&amp; wildList.indexOf(symbol) != -1): null

2019-08-15 16:26:20 - [TEST_STEP][PASSED] - if (i == 3 &amp;&amp; wildList.indexOf(symbol) != -1): null

2019-08-15 16:26:20 - [TEST_STEP][PASSED] - if (i == 4 &amp;&amp; wildList.indexOf(symbol) != -1): null

2019-08-15 16:26:20 - [TEST_STEP][PASSED] - symbol = symbol: null

2019-08-15 16:26:20 - [TEST_STEP][PASSED] - println(symbol): null

2019-08-15 16:26:20 - [TEST_STEP][PASSED] - if (i == 2 &amp;&amp; wildList.indexOf(symbol) != -1): null

2019-08-15 16:26:20 - [TEST_STEP][PASSED] - if (i == 3 &amp;&amp; wildList.indexOf(symbol) != -1): null

2019-08-15 16:26:20 - [TEST_STEP][PASSED] - if (i == 4 &amp;&amp; wildList.indexOf(symbol) != -1): null

2019-08-15 16:26:20 - [TEST_STEP][PASSED] - symbols = symbols: null

2019-08-15 16:26:20 - [TEST_STEP][PASSED] - for ([j = 0, j &lt; symbols.size(), (j++)]): null

2019-08-15 16:26:20 - [TEST_STEP][PASSED] - symbol = symbol: null

2019-08-15 16:26:20 - [TEST_STEP][PASSED] - println(symbol): null

2019-08-15 16:26:20 - [TEST_STEP][PASSED] - if (i == 2 &amp;&amp; wildList.indexOf(symbol) != -1): null

2019-08-15 16:26:20 - [TEST_STEP][PASSED] - if (i == 3 &amp;&amp; wildList.indexOf(symbol) != -1): null

2019-08-15 16:26:20 - [TEST_STEP][PASSED] - if (i == 4 &amp;&amp; wildList.indexOf(symbol) != -1): null

2019-08-15 16:26:20 - [TEST_STEP][PASSED] - symbol = symbol: null

2019-08-15 16:26:20 - [TEST_STEP][PASSED] - println(symbol): null

2019-08-15 16:26:20 - [TEST_STEP][PASSED] - if (i == 2 &amp;&amp; wildList.indexOf(symbol) != -1): null

2019-08-15 16:26:20 - [TEST_STEP][PASSED] - if (i == 3 &amp;&amp; wildList.indexOf(symbol) != -1): null

2019-08-15 16:26:20 - [TEST_STEP][PASSED] - if (i == 4 &amp;&amp; wildList.indexOf(symbol) != -1): null

2019-08-15 16:26:20 - [TEST_STEP][PASSED] - symbol = symbol: null

2019-08-15 16:26:20 - [TEST_STEP][PASSED] - println(symbol): null

2019-08-15 16:26:20 - [TEST_STEP][PASSED] - if (i == 2 &amp;&amp; wildList.indexOf(symbol) != -1): null

2019-08-15 16:26:20 - [TEST_STEP][PASSED] - if (i == 3 &amp;&amp; wildList.indexOf(symbol) != -1): null

2019-08-15 16:26:20 - [TEST_STEP][PASSED] - if (i == 4 &amp;&amp; wildList.indexOf(symbol) != -1): null

2019-08-15 16:26:20 - [TEST_STEP][PASSED] - symbols = symbols: null

2019-08-15 16:26:20 - [TEST_STEP][PASSED] - for ([j = 0, j &lt; symbols.size(), (j++)]): null

2019-08-15 16:26:20 - [TEST_STEP][PASSED] - symbol = symbol: null

2019-08-15 16:26:20 - [TEST_STEP][PASSED] - println(symbol): null

2019-08-15 16:26:20 - [TEST_STEP][PASSED] - if (i == 2 &amp;&amp; wildList.indexOf(symbol) != -1): null

2019-08-15 16:26:20 - [TEST_STEP][PASSED] - if (i == 3 &amp;&amp; wildList.indexOf(symbol) != -1): null

2019-08-15 16:26:20 - [TEST_STEP][PASSED] - if (i == 4 &amp;&amp; wildList.indexOf(symbol) != -1): null

2019-08-15 16:26:20 - [TEST_STEP][PASSED] - println("wild found on reel 5, adding counter by 1"): null

2019-08-15 16:26:20 - [TEST_STEP][PASSED] - free_spin_reel_counter[2] = free_spin_reel_counter[2] + 1: null

2019-08-15 16:26:20 - [TEST_STEP][PASSED] - symbol = symbol: null

2019-08-15 16:26:20 - [TEST_STEP][PASSED] - println(symbol): null

2019-08-15 16:26:20 - [TEST_STEP][PASSED] - if (i == 2 &amp;&amp; wildList.indexOf(symbol) != -1): null

2019-08-15 16:26:20 - [TEST_STEP][PASSED] - if (i == 3 &amp;&amp; wildList.indexOf(symbol) != -1): null

2019-08-15 16:26:20 - [TEST_STEP][PASSED] - if (i == 4 &amp;&amp; wildList.indexOf(symbol) != -1): null

2019-08-15 16:26:20 - [TEST_STEP][PASSED] - symbol = symbol: null

2019-08-15 16:26:20 - [TEST_STEP][PASSED] - println(symbol): null

2019-08-15 16:26:20 - [TEST_STEP][PASSED] - if (i == 2 &amp;&amp; wildList.indexOf(symbol) != -1): null

2019-08-15 16:26:20 - [TEST_STEP][PASSED] - if (i == 3 &amp;&amp; wildList.indexOf(symbol) != -1): null

2019-08-15 16:26:20 - [TEST_STEP][PASSED] - if (i == 4 &amp;&amp; wildList.indexOf(symbol) != -1): null

2019-08-15 16:26:20 - [TEST_STEP][PASSED] - free_spin_reel_counter = free_spin_reel_counter: null

2019-08-15 16:26:20 - [TEST_STEP][PASSED] - println("reel 3 wild found: " + free_spin_reel_counter[0]): null

2019-08-15 16:26:20 - [TEST_STEP][PASSED] - println("reel 4 wild found: " + free_spin_reel_counter[1]): null

2019-08-15 16:26:20 - [TEST_STEP][PASSED] - println("reel 5 wild found: " + free_spin_reel_counter[2]): null

2019-08-15 16:26:20 - [TEST_STEP][PASSED] - M4_spin_reels = M4_spin_reels: null

2019-08-15 16:26:20 - [TEST_STEP][PASSED] - M4_spin_reels_symbols = symbol: null

2019-08-15 16:26:20 - [TEST_STEP][PASSED] - M4_spin_reels_symbols = M4_spin_reels_symbols: null

2019-08-15 16:26:20 - [TEST_STEP][PASSED] - M4_spin_reel_wins = reel_wins: null

2019-08-15 16:26:20 - [TEST_STEP][PASSED] - M4_spin_reel_wins = M4_spin_reel_wins: null

2019-08-15 16:26:20 - [TEST_STEP][PASSED] - println("GlobalVariable.M4_spin_reel_wins is: " + M4_spin_reel_wins): null

2019-08-15 16:26:20 - [TEST_STEP][PASSED] - M4_spin_total_bonus_win_this_round = total_bonus_win_this_round: null

2019-08-15 16:26:20 - [TEST_STEP][PASSED] - M4_spin_total_bonus_win_this_round = M4_spin_total_bonus_win_this_round: null

2019-08-15 16:26:20 - [TEST_STEP][PASSED] - println("GlobalVariable.M4_spin_total_bonus_win_this_round is: " + M4_spin_total_bonus_win_this_round): null

2019-08-15 16:26:20 - [MESSAGE][PASSED] - Verify response successfully

2019-08-15 16:26:20 - [MESSAGE][PASSED] - Send request and verify the response successfully

2019-08-15 16:26:20 - [TEST_STEP][PASSED] - if (M4_total_bonus_spins_int != 0 &amp;&amp; M4_spin_reels_symbols[2].contains("WILD_Normal") || M4_spin_reels_symbols[3].contains("WILD_Normal") || M4_spin_reels_symbols[4].contains("WILD_Normal")): null

2019-08-15 16:26:20 - [TEST_STEP][PASSED] - free_spin_reel_counter = free_spin_reel_counter: null

2019-08-15 16:26:20 - [TEST_STEP][PASSED] - M4_spin_reels_symbols = M4_spin_reels_symbols: null

2019-08-15 16:26:20 - [TEST_STEP][PASSED] - M4_total_bonus_spins = M4_total_bonus_spins: null

2019-08-15 16:26:20 - [TEST_STEP][PASSED] - spin_result = sendRequestAndVerify(findTestObject("STG/RGS(M4)/1_M4_spin", ["M4_login_user_id":M4_login_user_id, "rgs_session_token":rgs_session_token, "partner":Partner])): Send request and verify the response successfully

2019-08-15 16:26:20 - [TEST_CASE][PASSED] - Start Test Case : Verification: Verification accomplished successfully

2019-08-15 16:26:20 - [TEST_STEP][PASSED] - request = getInstance().getCurrentRequest(): null

2019-08-15 16:26:20 - [TEST_STEP][PASSED] - response = getInstance().getCurrentResponse(): null

2019-08-15 16:26:20 - [TEST_STEP][PASSED] - verifyResponseStatusCode(response, 200): Verify response status code successfully

2019-08-15 16:26:20 - [MESSAGE][PASSED] - Verify response status code successfully

2019-08-15 16:26:20 - [TEST_STEP][PASSED] - getStatusCode()).isEqualTo(200): null

2019-08-15 16:26:20 - [TEST_STEP][PASSED] - newline = System.getProperty("line.separator"): null

2019-08-15 16:26:20 - [TEST_STEP][PASSED] - M4_spin = new groovy.json.JsonSlurper(): null

2019-08-15 16:26:20 - [TEST_STEP][PASSED] - result_M4_spin = M4_spin.parseText(response.getResponseBodyContent()): null

2019-08-15 16:26:20 - [TEST_STEP][PASSED] - M4_spin_current_balance = current_balance: null

2019-08-15 16:26:20 - [TEST_STEP][PASSED] - M4_spin_current_balance = M4_spin_current_balance: null

2019-08-15 16:26:20 - [TEST_STEP][PASSED] - M4_spin_transaction_id = causality: null

2019-08-15 16:26:20 - [TEST_STEP][PASSED] - M4_spin_transaction_id = M4_spin_transaction_id: null

2019-08-15 16:26:20 - [TEST_STEP][PASSED] - M4_spin_round_id = round_id: null

2019-08-15 16:26:20 - [TEST_STEP][PASSED] - M4_spin_round_id = M4_spin_round_id: null

2019-08-15 16:26:20 - [TEST_STEP][PASSED] - M4_spin_line_wins = line_wins: null

2019-08-15 16:26:20 - [TEST_STEP][PASSED] - M4_spin_line_wins = M4_spin_line_wins: null

2019-08-15 16:26:20 - [TEST_STEP][PASSED] - M4_total_bonus_spins_int = total_bonus_spins: null

2019-08-15 16:26:20 - [TEST_STEP][PASSED] - println("******M4_total_bonus_spins type is:*******" + newline + getClass().getName()): null

2019-08-15 16:26:20 - [TEST_STEP][PASSED] - M4_total_bonus_spins_int = M4_total_bonus_spins_int: null

2019-08-15 16:26:20 - [TEST_STEP][PASSED] - M4_total_bonus_spins = Integer.toString(M4_total_bonus_spins_int): null

2019-08-15 16:26:20 - [TEST_STEP][PASSED] - M4_total_bonus_spins = M4_total_bonus_spins: null

2019-08-15 16:26:20 - [TEST_STEP][PASSED] - println("M4_total_bonus_spins is:" + M4_total_bonus_spins): null

2019-08-15 16:26:20 - [TEST_STEP][PASSED] - M4_spin_bonus_data = bonus_data: null

2019-08-15 16:26:20 - [TEST_STEP][PASSED] - M4_spin_features_triggered = result_M4_spin: null

2019-08-15 16:26:20 - [TEST_STEP][PASSED] - wild = []: null

2019-08-15 16:26:20 - [TEST_STEP][PASSED] - wild[0] = "WILD_Expanding": null

2019-08-15 16:26:20 - [TEST_STEP][PASSED] - wild[1] = "WILD_Normal": null

2019-08-15 16:26:20 - [TEST_STEP][PASSED] - wild[2] = "WILD_Double": null

2019-08-15 16:26:20 - [TEST_STEP][PASSED] - wild[3] = "WILD_ExtraFG": null

2019-08-15 16:26:20 - [TEST_STEP][PASSED] - wild[4] = "WILD_Triple": null

2019-08-15 16:26:20 - [TEST_STEP][PASSED] - wildList = Arrays.asList(wild): null

2019-08-15 16:26:20 - [TEST_STEP][PASSED] - wildList = wildList: null

2019-08-15 16:26:20 - [TEST_STEP][PASSED] - free_spin_reel_counter = []: null

2019-08-15 16:26:20 - [TEST_STEP][PASSED] - free_spin_reel_counter[0] = 0: null

2019-08-15 16:26:20 - [TEST_STEP][PASSED] - free_spin_reel_counter[1] = 0: null

2019-08-15 16:26:20 - [TEST_STEP][PASSED] - free_spin_reel_counter[2] = 0: null

2019-08-15 16:26:20 - [TEST_STEP][PASSED] - M4_spin_reels = reels: null

2019-08-15 16:26:20 - [TEST_STEP][PASSED] - for ([i = 0, i &lt; M4_spin_reels.size(), (i++)]): null

2019-08-15 16:26:20 - [TEST_STEP][PASSED] - symbols = symbols: null

2019-08-15 16:26:20 - [TEST_STEP][PASSED] - for ([j = 0, j &lt; symbols.size(), (j++)]): null

2019-08-15 16:26:20 - [TEST_STEP][PASSED] - symbol = symbol: null

2019-08-15 16:26:20 - [TEST_STEP][PASSED] - println(symbol): null

2019-08-15 16:26:20 - [TEST_STEP][PASSED] - if (i == 2 &amp;&amp; wildList.indexOf(symbol) != -1): null

2019-08-15 16:26:20 - [TEST_STEP][PASSED] - if (i == 3 &amp;&amp; wildList.indexOf(symbol) != -1): null

2019-08-15 16:26:20 - [TEST_STEP][PASSED] - if (i == 4 &amp;&amp; wildList.indexOf(symbol) != -1): null

2019-08-15 16:26:20 - [TEST_STEP][PASSED] - symbol = symbol: null

2019-08-15 16:26:20 - [TEST_STEP][PASSED] - println(symbol): null

2019-08-15 16:26:20 - [TEST_STEP][PASSED] - if (i == 2 &amp;&amp; wildList.indexOf(symbol) != -1): null

2019-08-15 16:26:20 - [TEST_STEP][PASSED] - if (i == 3 &amp;&amp; wildList.indexOf(symbol) != -1): null

2019-08-15 16:26:20 - [TEST_STEP][PASSED] - if (i == 4 &amp;&amp; wildList.indexOf(symbol) != -1): null

2019-08-15 16:26:20 - [TEST_STEP][PASSED] - symbol = symbol: null

2019-08-15 16:26:20 - [TEST_STEP][PASSED] - println(symbol): null

2019-08-15 16:26:20 - [TEST_STEP][PASSED] - if (i == 2 &amp;&amp; wildList.indexOf(symbol) != -1): null

2019-08-15 16:26:20 - [TEST_STEP][PASSED] - if (i == 3 &amp;&amp; wildList.indexOf(symbol) != -1): null

2019-08-15 16:26:20 - [TEST_STEP][PASSED] - if (i == 4 &amp;&amp; wildList.indexOf(symbol) != -1): null

2019-08-15 16:26:20 - [TEST_STEP][PASSED] - symbols = symbols: null

2019-08-15 16:26:20 - [TEST_STEP][PASSED] - for ([j = 0, j &lt; symbols.size(), (j++)]): null

2019-08-15 16:26:20 - [TEST_STEP][PASSED] - symbol = symbol: null

2019-08-15 16:26:20 - [TEST_STEP][PASSED] - println(symbol): null

2019-08-15 16:26:20 - [TEST_STEP][PASSED] - if (i == 2 &amp;&amp; wildList.indexOf(symbol) != -1): null

2019-08-15 16:26:20 - [TEST_STEP][PASSED] - if (i == 3 &amp;&amp; wildList.indexOf(symbol) != -1): null

2019-08-15 16:26:20 - [TEST_STEP][PASSED] - if (i == 4 &amp;&amp; wildList.indexOf(symbol) != -1): null

2019-08-15 16:26:20 - [TEST_STEP][PASSED] - symbol = symbol: null

2019-08-15 16:26:25 - [TEST_STEP][PASSED] - println(symbol): null

2019-08-15 16:26:25 - [TEST_STEP][PASSED] - if (i == 2 &amp;&amp; wildList.indexOf(symbol) != -1): null

2019-08-15 16:26:25 - [TEST_STEP][PASSED] - if (i == 3 &amp;&amp; wildList.indexOf(symbol) != -1): null

2019-08-15 16:26:25 - [TEST_STEP][PASSED] - if (i == 4 &amp;&amp; wildList.indexOf(symbol) != -1): null

2019-08-15 16:26:25 - [TEST_STEP][PASSED] - symbol = symbol: null

2019-08-15 16:26:25 - [TEST_STEP][PASSED] - println(symbol): null

2019-08-15 16:26:25 - [TEST_STEP][PASSED] - if (i == 2 &amp;&amp; wildList.indexOf(symbol) != -1): null

2019-08-15 16:26:25 - [TEST_STEP][PASSED] - if (i == 3 &amp;&amp; wildList.indexOf(symbol) != -1): null

2019-08-15 16:26:25 - [TEST_STEP][PASSED] - if (i == 4 &amp;&amp; wildList.indexOf(symbol) != -1): null

2019-08-15 16:26:25 - [TEST_STEP][PASSED] - symbols = symbols: null

2019-08-15 16:26:25 - [TEST_STEP][PASSED] - for ([j = 0, j &lt; symbols.size(), (j++)]): null

2019-08-15 16:26:25 - [TEST_STEP][PASSED] - symbol = symbol: null

2019-08-15 16:26:25 - [TEST_STEP][PASSED] - println(symbol): null

2019-08-15 16:26:25 - [TEST_STEP][PASSED] - if (i == 2 &amp;&amp; wildList.indexOf(symbol) != -1): null

2019-08-15 16:26:25 - [TEST_STEP][PASSED] - println("wild found on reel 3, adding counter by 1"): null

2019-08-15 16:26:25 - [TEST_STEP][PASSED] - free_spin_reel_counter[0] = free_spin_reel_counter[0] + 1: null

2019-08-15 16:26:25 - [TEST_STEP][PASSED] - if (i == 3 &amp;&amp; wildList.indexOf(symbol) != -1): null

2019-08-15 16:26:25 - [TEST_STEP][PASSED] - if (i == 4 &amp;&amp; wildList.indexOf(symbol) != -1): null

2019-08-15 16:26:25 - [TEST_STEP][PASSED] - symbol = symbol: null

2019-08-15 16:26:25 - [TEST_STEP][PASSED] - println(symbol): null

2019-08-15 16:26:25 - [TEST_STEP][PASSED] - if (i == 2 &amp;&amp; wildList.indexOf(symbol) != -1): null

2019-08-15 16:26:25 - [TEST_STEP][PASSED] - if (i == 3 &amp;&amp; wildList.indexOf(symbol) != -1): null

2019-08-15 16:26:25 - [TEST_STEP][PASSED] - if (i == 4 &amp;&amp; wildList.indexOf(symbol) != -1): null

2019-08-15 16:26:25 - [TEST_STEP][PASSED] - symbol = symbol: null

2019-08-15 16:26:25 - [TEST_STEP][PASSED] - println(symbol): null

2019-08-15 16:26:25 - [TEST_STEP][PASSED] - if (i == 2 &amp;&amp; wildList.indexOf(symbol) != -1): null

2019-08-15 16:26:25 - [TEST_STEP][PASSED] - if (i == 3 &amp;&amp; wildList.indexOf(symbol) != -1): null

2019-08-15 16:26:25 - [TEST_STEP][PASSED] - if (i == 4 &amp;&amp; wildList.indexOf(symbol) != -1): null

2019-08-15 16:26:25 - [TEST_STEP][PASSED] - symbols = symbols: null

2019-08-15 16:26:25 - [TEST_STEP][PASSED] - for ([j = 0, j &lt; symbols.size(), (j++)]): null

2019-08-15 16:26:25 - [TEST_STEP][PASSED] - symbol = symbol: null

2019-08-15 16:26:25 - [TEST_STEP][PASSED] - println(symbol): null

2019-08-15 16:26:25 - [TEST_STEP][PASSED] - if (i == 2 &amp;&amp; wildList.indexOf(symbol) != -1): null

2019-08-15 16:26:25 - [TEST_STEP][PASSED] - if (i == 3 &amp;&amp; wildList.indexOf(symbol) != -1): null

2019-08-15 16:26:25 - [TEST_STEP][PASSED] - if (i == 4 &amp;&amp; wildList.indexOf(symbol) != -1): null

2019-08-15 16:26:25 - [TEST_STEP][PASSED] - symbol = symbol: null

2019-08-15 16:26:25 - [TEST_STEP][PASSED] - println(symbol): null

2019-08-15 16:26:25 - [TEST_STEP][PASSED] - if (i == 2 &amp;&amp; wildList.indexOf(symbol) != -1): null

2019-08-15 16:26:25 - [TEST_STEP][PASSED] - if (i == 3 &amp;&amp; wildList.indexOf(symbol) != -1): null

2019-08-15 16:26:25 - [TEST_STEP][PASSED] - if (i == 4 &amp;&amp; wildList.indexOf(symbol) != -1): null

2019-08-15 16:26:25 - [TEST_STEP][PASSED] - symbol = symbol: null

2019-08-15 16:26:25 - [TEST_STEP][PASSED] - println(symbol): null

2019-08-15 16:26:25 - [TEST_STEP][PASSED] - if (i == 2 &amp;&amp; wildList.indexOf(symbol) != -1): null

2019-08-15 16:26:25 - [TEST_STEP][PASSED] - if (i == 3 &amp;&amp; wildList.indexOf(symbol) != -1): null

2019-08-15 16:26:25 - [TEST_STEP][PASSED] - if (i == 4 &amp;&amp; wildList.indexOf(symbol) != -1): null

2019-08-15 16:26:25 - [TEST_STEP][PASSED] - symbols = symbols: null

2019-08-15 16:26:25 - [TEST_STEP][PASSED] - for ([j = 0, j &lt; symbols.size(), (j++)]): null

2019-08-15 16:26:25 - [TEST_STEP][PASSED] - symbol = symbol: null

2019-08-15 16:26:25 - [TEST_STEP][PASSED] - println(symbol): null

2019-08-15 16:26:25 - [TEST_STEP][PASSED] - if (i == 2 &amp;&amp; wildList.indexOf(symbol) != -1): null

2019-08-15 16:26:25 - [TEST_STEP][PASSED] - if (i == 3 &amp;&amp; wildList.indexOf(symbol) != -1): null

2019-08-15 16:26:25 - [TEST_STEP][PASSED] - if (i == 4 &amp;&amp; wildList.indexOf(symbol) != -1): null

2019-08-15 16:26:25 - [TEST_STEP][PASSED] - symbol = symbol: null

2019-08-15 16:26:25 - [TEST_STEP][PASSED] - println(symbol): null

2019-08-15 16:26:25 - [TEST_STEP][PASSED] - if (i == 2 &amp;&amp; wildList.indexOf(symbol) != -1): null

2019-08-15 16:26:25 - [TEST_STEP][PASSED] - if (i == 3 &amp;&amp; wildList.indexOf(symbol) != -1): null

2019-08-15 16:26:25 - [TEST_STEP][PASSED] - if (i == 4 &amp;&amp; wildList.indexOf(symbol) != -1): null

2019-08-15 16:26:25 - [TEST_STEP][PASSED] - symbol = symbol: null

2019-08-15 16:26:25 - [TEST_STEP][PASSED] - println(symbol): null

2019-08-15 16:26:25 - [TEST_STEP][PASSED] - if (i == 2 &amp;&amp; wildList.indexOf(symbol) != -1): null

2019-08-15 16:26:25 - [TEST_STEP][PASSED] - if (i == 3 &amp;&amp; wildList.indexOf(symbol) != -1): null

2019-08-15 16:26:25 - [TEST_STEP][PASSED] - if (i == 4 &amp;&amp; wildList.indexOf(symbol) != -1): null

2019-08-15 16:26:25 - [TEST_STEP][PASSED] - free_spin_reel_counter = free_spin_reel_counter: null

2019-08-15 16:26:25 - [TEST_STEP][PASSED] - println("reel 3 wild found: " + free_spin_reel_counter[0]): null

2019-08-15 16:26:25 - [TEST_STEP][PASSED] - println("reel 4 wild found: " + free_spin_reel_counter[1]): null

2019-08-15 16:26:25 - [TEST_STEP][PASSED] - println("reel 5 wild found: " + free_spin_reel_counter[2]): null

2019-08-15 16:26:25 - [TEST_STEP][PASSED] - M4_spin_reels = M4_spin_reels: null

2019-08-15 16:26:25 - [TEST_STEP][PASSED] - M4_spin_reels_symbols = symbol: null

2019-08-15 16:26:25 - [TEST_STEP][PASSED] - M4_spin_reels_symbols = M4_spin_reels_symbols: null

2019-08-15 16:26:25 - [TEST_STEP][PASSED] - M4_spin_reel_wins = reel_wins: null

2019-08-15 16:26:25 - [TEST_STEP][PASSED] - M4_spin_reel_wins = M4_spin_reel_wins: null

2019-08-15 16:26:25 - [TEST_STEP][PASSED] - println("GlobalVariable.M4_spin_reel_wins is: " + M4_spin_reel_wins): null

2019-08-15 16:26:25 - [TEST_STEP][PASSED] - M4_spin_total_bonus_win_this_round = total_bonus_win_this_round: null

2019-08-15 16:26:25 - [TEST_STEP][PASSED] - M4_spin_total_bonus_win_this_round = M4_spin_total_bonus_win_this_round: null

2019-08-15 16:26:25 - [TEST_STEP][PASSED] - println("GlobalVariable.M4_spin_total_bonus_win_this_round is: " + M4_spin_total_bonus_win_this_round): null

2019-08-15 16:26:25 - [MESSAGE][PASSED] - Verify response successfully

2019-08-15 16:26:25 - [MESSAGE][PASSED] - Send request and verify the response successfully

2019-08-15 16:26:25 - [TEST_STEP][PASSED] - if (M4_total_bonus_spins_int != 0 &amp;&amp; M4_spin_reels_symbols[2].contains("WILD_Normal") || M4_spin_reels_symbols[3].contains("WILD_Normal") || M4_spin_reels_symbols[4].contains("WILD_Normal")): null

2019-08-15 16:26:25 - [TEST_STEP][PASSED] - free_spin_reel_counter = free_spin_reel_counter: null

2019-08-15 16:26:25 - [TEST_STEP][PASSED] - M4_spin_reels_symbols = M4_spin_reels_symbols: null

2019-08-15 16:26:25 - [TEST_STEP][PASSED] - M4_total_bonus_spins = M4_total_bonus_spins: null

2019-08-15 16:26:25 - [TEST_STEP][PASSED] - spin_result = sendRequestAndVerify(findTestObject("STG/RGS(M4)/1_M4_spin", ["M4_login_user_id":M4_login_user_id, "rgs_session_token":rgs_session_token, "partner":Partner])): Send request and verify the response successfully

2019-08-15 16:26:26 - [TEST_CASE][PASSED] - Start Test Case : Verification: Verification accomplished successfully

2019-08-15 16:26:26 - [TEST_STEP][PASSED] - request = getInstance().getCurrentRequest(): null

2019-08-15 16:26:26 - [TEST_STEP][PASSED] - response = getInstance().getCurrentResponse(): null

2019-08-15 16:26:26 - [TEST_STEP][PASSED] - verifyResponseStatusCode(response, 200): Verify response status code successfully

2019-08-15 16:26:26 - [MESSAGE][PASSED] - Verify response status code successfully

2019-08-15 16:26:26 - [TEST_STEP][PASSED] - getStatusCode()).isEqualTo(200): null

2019-08-15 16:26:26 - [TEST_STEP][PASSED] - newline = System.getProperty("line.separator"): null

2019-08-15 16:26:26 - [TEST_STEP][PASSED] - M4_spin = new groovy.json.JsonSlurper(): null

2019-08-15 16:26:26 - [TEST_STEP][PASSED] - result_M4_spin = M4_spin.parseText(response.getResponseBodyContent()): null

2019-08-15 16:26:26 - [TEST_STEP][PASSED] - M4_spin_current_balance = current_balance: null

2019-08-15 16:26:26 - [TEST_STEP][PASSED] - M4_spin_current_balance = M4_spin_current_balance: null

2019-08-15 16:26:26 - [TEST_STEP][PASSED] - M4_spin_transaction_id = causality: null

2019-08-15 16:26:26 - [TEST_STEP][PASSED] - M4_spin_transaction_id = M4_spin_transaction_id: null

2019-08-15 16:26:26 - [TEST_STEP][PASSED] - M4_spin_round_id = round_id: null

2019-08-15 16:26:26 - [TEST_STEP][PASSED] - M4_spin_round_id = M4_spin_round_id: null

2019-08-15 16:26:26 - [TEST_STEP][PASSED] - M4_spin_line_wins = line_wins: null

2019-08-15 16:26:26 - [TEST_STEP][PASSED] - M4_spin_line_wins = M4_spin_line_wins: null

2019-08-15 16:26:26 - [TEST_STEP][PASSED] - M4_total_bonus_spins_int = total_bonus_spins: null

2019-08-15 16:26:26 - [TEST_STEP][PASSED] - println("******M4_total_bonus_spins type is:*******" + newline + getClass().getName()): null

2019-08-15 16:26:26 - [TEST_STEP][PASSED] - M4_total_bonus_spins_int = M4_total_bonus_spins_int: null

2019-08-15 16:26:26 - [TEST_STEP][PASSED] - M4_total_bonus_spins = Integer.toString(M4_total_bonus_spins_int): null

2019-08-15 16:26:26 - [TEST_STEP][PASSED] - M4_total_bonus_spins = M4_total_bonus_spins: null

2019-08-15 16:26:26 - [TEST_STEP][PASSED] - println("M4_total_bonus_spins is:" + M4_total_bonus_spins): null

2019-08-15 16:26:26 - [TEST_STEP][PASSED] - M4_spin_bonus_data = bonus_data: null

2019-08-15 16:26:26 - [TEST_STEP][PASSED] - M4_spin_features_triggered = result_M4_spin: null

2019-08-15 16:26:26 - [TEST_STEP][PASSED] - wild = []: null

2019-08-15 16:26:26 - [TEST_STEP][PASSED] - wild[0] = "WILD_Expanding": null

2019-08-15 16:26:26 - [TEST_STEP][PASSED] - wild[1] = "WILD_Normal": null

2019-08-15 16:26:26 - [TEST_STEP][PASSED] - wild[2] = "WILD_Double": null

2019-08-15 16:26:26 - [TEST_STEP][PASSED] - wild[3] = "WILD_ExtraFG": null

2019-08-15 16:26:26 - [TEST_STEP][PASSED] - wild[4] = "WILD_Triple": null

2019-08-15 16:26:26 - [TEST_STEP][PASSED] - wildList = Arrays.asList(wild): null

2019-08-15 16:26:26 - [TEST_STEP][PASSED] - wildList = wildList: null

2019-08-15 16:26:26 - [TEST_STEP][PASSED] - free_spin_reel_counter = []: null

2019-08-15 16:26:26 - [TEST_STEP][PASSED] - free_spin_reel_counter[0] = 0: null

2019-08-15 16:26:26 - [TEST_STEP][PASSED] - free_spin_reel_counter[1] = 0: null

2019-08-15 16:26:26 - [TEST_STEP][PASSED] - free_spin_reel_counter[2] = 0: null

2019-08-15 16:26:26 - [TEST_STEP][PASSED] - M4_spin_reels = reels: null

2019-08-15 16:26:26 - [TEST_STEP][PASSED] - for ([i = 0, i &lt; M4_spin_reels.size(), (i++)]): null

2019-08-15 16:26:26 - [TEST_STEP][PASSED] - symbols = symbols: null

2019-08-15 16:26:26 - [TEST_STEP][PASSED] - for ([j = 0, j &lt; symbols.size(), (j++)]): null

2019-08-15 16:26:26 - [TEST_STEP][PASSED] - symbol = symbol: null

2019-08-15 16:26:26 - [TEST_STEP][PASSED] - println(symbol): null

2019-08-15 16:26:26 - [TEST_STEP][PASSED] - if (i == 2 &amp;&amp; wildList.indexOf(symbol) != -1): null

2019-08-15 16:26:26 - [TEST_STEP][PASSED] - if (i == 3 &amp;&amp; wildList.indexOf(symbol) != -1): null

2019-08-15 16:26:26 - [TEST_STEP][PASSED] - if (i == 4 &amp;&amp; wildList.indexOf(symbol) != -1): null

2019-08-15 16:26:26 - [TEST_STEP][PASSED] - symbol = symbol: null

2019-08-15 16:26:26 - [TEST_STEP][PASSED] - println(symbol): null

2019-08-15 16:26:26 - [TEST_STEP][PASSED] - if (i == 2 &amp;&amp; wildList.indexOf(symbol) != -1): null

2019-08-15 16:26:26 - [TEST_STEP][PASSED] - if (i == 3 &amp;&amp; wildList.indexOf(symbol) != -1): null

2019-08-15 16:26:26 - [TEST_STEP][PASSED] - if (i == 4 &amp;&amp; wildList.indexOf(symbol) != -1): null

2019-08-15 16:26:26 - [TEST_STEP][PASSED] - symbol = symbol: null

2019-08-15 16:26:26 - [TEST_STEP][PASSED] - println(symbol): null

2019-08-15 16:26:26 - [TEST_STEP][PASSED] - if (i == 2 &amp;&amp; wildList.indexOf(symbol) != -1): null

2019-08-15 16:26:26 - [TEST_STEP][PASSED] - if (i == 3 &amp;&amp; wildList.indexOf(symbol) != -1): null

2019-08-15 16:26:26 - [TEST_STEP][PASSED] - if (i == 4 &amp;&amp; wildList.indexOf(symbol) != -1): null

2019-08-15 16:26:26 - [TEST_STEP][PASSED] - symbols = symbols: null

2019-08-15 16:26:26 - [TEST_STEP][PASSED] - for ([j = 0, j &lt; symbols.size(), (j++)]): null

2019-08-15 16:26:26 - [TEST_STEP][PASSED] - symbol = symbol: null

2019-08-15 16:26:26 - [TEST_STEP][PASSED] - println(symbol): null

2019-08-15 16:26:26 - [TEST_STEP][PASSED] - if (i == 2 &amp;&amp; wildList.indexOf(symbol) != -1): null

2019-08-15 16:26:26 - [TEST_STEP][PASSED] - if (i == 3 &amp;&amp; wildList.indexOf(symbol) != -1): null

2019-08-15 16:26:26 - [TEST_STEP][PASSED] - if (i == 4 &amp;&amp; wildList.indexOf(symbol) != -1): null

2019-08-15 16:26:26 - [TEST_STEP][PASSED] - symbol = symbol: null

2019-08-15 16:26:26 - [TEST_STEP][PASSED] - println(symbol): null

2019-08-15 16:26:26 - [TEST_STEP][PASSED] - if (i == 2 &amp;&amp; wildList.indexOf(symbol) != -1): null

2019-08-15 16:26:26 - [TEST_STEP][PASSED] - if (i == 3 &amp;&amp; wildList.indexOf(symbol) != -1): null

2019-08-15 16:26:26 - [TEST_STEP][PASSED] - if (i == 4 &amp;&amp; wildList.indexOf(symbol) != -1): null

2019-08-15 16:26:26 - [TEST_STEP][PASSED] - symbol = symbol: null

2019-08-15 16:26:26 - [TEST_STEP][PASSED] - println(symbol): null

2019-08-15 16:26:26 - [TEST_STEP][PASSED] - if (i == 2 &amp;&amp; wildList.indexOf(symbol) != -1): null

2019-08-15 16:26:26 - [TEST_STEP][PASSED] - if (i == 3 &amp;&amp; wildList.indexOf(symbol) != -1): null

2019-08-15 16:26:26 - [TEST_STEP][PASSED] - if (i == 4 &amp;&amp; wildList.indexOf(symbol) != -1): null

2019-08-15 16:26:26 - [TEST_STEP][PASSED] - symbols = symbols: null

2019-08-15 16:26:26 - [TEST_STEP][PASSED] - for ([j = 0, j &lt; symbols.size(), (j++)]): null

2019-08-15 16:26:26 - [TEST_STEP][PASSED] - symbol = symbol: null

2019-08-15 16:26:26 - [TEST_STEP][PASSED] - println(symbol): null

2019-08-15 16:26:26 - [TEST_STEP][PASSED] - if (i == 2 &amp;&amp; wildList.indexOf(symbol) != -1): null

2019-08-15 16:26:26 - [TEST_STEP][PASSED] - if (i == 3 &amp;&amp; wildList.indexOf(symbol) != -1): null

2019-08-15 16:26:26 - [TEST_STEP][PASSED] - if (i == 4 &amp;&amp; wildList.indexOf(symbol) != -1): null

2019-08-15 16:26:26 - [TEST_STEP][PASSED] - symbol = symbol: null

2019-08-15 16:26:26 - [TEST_STEP][PASSED] - println(symbol): null

2019-08-15 16:26:26 - [TEST_STEP][PASSED] - if (i == 2 &amp;&amp; wildList.indexOf(symbol) != -1): null

2019-08-15 16:26:26 - [TEST_STEP][PASSED] - if (i == 3 &amp;&amp; wildList.indexOf(symbol) != -1): null

2019-08-15 16:26:26 - [TEST_STEP][PASSED] - if (i == 4 &amp;&amp; wildList.indexOf(symbol) != -1): null

2019-08-15 16:26:26 - [TEST_STEP][PASSED] - symbol = symbol: null

2019-08-15 16:26:26 - [TEST_STEP][PASSED] - println(symbol): null

2019-08-15 16:26:26 - [TEST_STEP][PASSED] - if (i == 2 &amp;&amp; wildList.indexOf(symbol) != -1): null

2019-08-15 16:26:26 - [TEST_STEP][PASSED] - if (i == 3 &amp;&amp; wildList.indexOf(symbol) != -1): null

2019-08-15 16:26:26 - [TEST_STEP][PASSED] - if (i == 4 &amp;&amp; wildList.indexOf(symbol) != -1): null

2019-08-15 16:26:26 - [TEST_STEP][PASSED] - symbols = symbols: null

2019-08-15 16:26:26 - [TEST_STEP][PASSED] - for ([j = 0, j &lt; symbols.size(), (j++)]): null

2019-08-15 16:26:26 - [TEST_STEP][PASSED] - symbol = symbol: null

2019-08-15 16:26:26 - [TEST_STEP][PASSED] - println(symbol): null

2019-08-15 16:26:26 - [TEST_STEP][PASSED] - if (i == 2 &amp;&amp; wildList.indexOf(symbol) != -1): null

2019-08-15 16:26:26 - [TEST_STEP][PASSED] - if (i == 3 &amp;&amp; wildList.indexOf(symbol) != -1): null

2019-08-15 16:26:26 - [TEST_STEP][PASSED] - if (i == 4 &amp;&amp; wildList.indexOf(symbol) != -1): null

2019-08-15 16:26:26 - [TEST_STEP][PASSED] - symbol = symbol: null

2019-08-15 16:26:26 - [TEST_STEP][PASSED] - println(symbol): null

2019-08-15 16:26:26 - [TEST_STEP][PASSED] - if (i == 2 &amp;&amp; wildList.indexOf(symbol) != -1): null

2019-08-15 16:26:26 - [TEST_STEP][PASSED] - if (i == 3 &amp;&amp; wildList.indexOf(symbol) != -1): null

2019-08-15 16:26:26 - [TEST_STEP][PASSED] - println("wild found on reel 4, adding counter by 1"): null

2019-08-15 16:26:26 - [TEST_STEP][PASSED] - free_spin_reel_counter[1] = free_spin_reel_counter[1] + 1: null

2019-08-15 16:26:26 - [TEST_STEP][PASSED] - if (i == 4 &amp;&amp; wildList.indexOf(symbol) != -1): null

2019-08-15 16:26:26 - [TEST_STEP][PASSED] - symbol = symbol: null

2019-08-15 16:26:26 - [TEST_STEP][PASSED] - println(symbol): null

2019-08-15 16:26:26 - [TEST_STEP][PASSED] - if (i == 2 &amp;&amp; wildList.indexOf(symbol) != -1): null

2019-08-15 16:26:26 - [TEST_STEP][PASSED] - if (i == 3 &amp;&amp; wildList.indexOf(symbol) != -1): null

2019-08-15 16:26:26 - [TEST_STEP][PASSED] - if (i == 4 &amp;&amp; wildList.indexOf(symbol) != -1): null

2019-08-15 16:26:26 - [TEST_STEP][PASSED] - symbols = symbols: null

2019-08-15 16:26:26 - [TEST_STEP][PASSED] - for ([j = 0, j &lt; symbols.size(), (j++)]): null

2019-08-15 16:26:26 - [TEST_STEP][PASSED] - symbol = symbol: null

2019-08-15 16:26:26 - [TEST_STEP][PASSED] - println(symbol): null

2019-08-15 16:26:26 - [TEST_STEP][PASSED] - if (i == 2 &amp;&amp; wildList.indexOf(symbol) != -1): null

2019-08-15 16:26:26 - [TEST_STEP][PASSED] - if (i == 3 &amp;&amp; wildList.indexOf(symbol) != -1): null

2019-08-15 16:26:26 - [TEST_STEP][PASSED] - if (i == 4 &amp;&amp; wildList.indexOf(symbol) != -1): null

2019-08-15 16:26:26 - [TEST_STEP][PASSED] - symbol = symbol: null

2019-08-15 16:26:26 - [TEST_STEP][PASSED] - println(symbol): null

2019-08-15 16:26:26 - [TEST_STEP][PASSED] - if (i == 2 &amp;&amp; wildList.indexOf(symbol) != -1): null

2019-08-15 16:26:26 - [TEST_STEP][PASSED] - if (i == 3 &amp;&amp; wildList.indexOf(symbol) != -1): null

2019-08-15 16:26:26 - [TEST_STEP][PASSED] - if (i == 4 &amp;&amp; wildList.indexOf(symbol) != -1): null

2019-08-15 16:26:26 - [TEST_STEP][PASSED] - symbol = symbol: null

2019-08-15 16:26:26 - [TEST_STEP][PASSED] - println(symbol): null

2019-08-15 16:26:26 - [TEST_STEP][PASSED] - if (i == 2 &amp;&amp; wildList.indexOf(symbol) != -1): null

2019-08-15 16:26:26 - [TEST_STEP][PASSED] - if (i == 3 &amp;&amp; wildList.indexOf(symbol) != -1): null

2019-08-15 16:26:26 - [TEST_STEP][PASSED] - if (i == 4 &amp;&amp; wildList.indexOf(symbol) != -1): null

2019-08-15 16:26:26 - [TEST_STEP][PASSED] - free_spin_reel_counter = free_spin_reel_counter: null

2019-08-15 16:26:26 - [TEST_STEP][PASSED] - println("reel 3 wild found: " + free_spin_reel_counter[0]): null

2019-08-15 16:26:26 - [TEST_STEP][PASSED] - println("reel 4 wild found: " + free_spin_reel_counter[1]): null

2019-08-15 16:26:26 - [TEST_STEP][PASSED] - println("reel 5 wild found: " + free_spin_reel_counter[2]): null

2019-08-15 16:26:26 - [TEST_STEP][PASSED] - M4_spin_reels = M4_spin_reels: null

2019-08-15 16:26:26 - [TEST_STEP][PASSED] - M4_spin_reels_symbols = symbol: null

2019-08-15 16:26:26 - [TEST_STEP][PASSED] - M4_spin_reels_symbols = M4_spin_reels_symbols: null

2019-08-15 16:26:26 - [TEST_STEP][PASSED] - M4_spin_reel_wins = reel_wins: null

2019-08-15 16:26:26 - [TEST_STEP][PASSED] - M4_spin_reel_wins = M4_spin_reel_wins: null

2019-08-15 16:26:26 - [TEST_STEP][PASSED] - println("GlobalVariable.M4_spin_reel_wins is: " + M4_spin_reel_wins): null

2019-08-15 16:26:26 - [TEST_STEP][PASSED] - M4_spin_total_bonus_win_this_round = total_bonus_win_this_round: null

2019-08-15 16:26:26 - [TEST_STEP][PASSED] - M4_spin_total_bonus_win_this_round = M4_spin_total_bonus_win_this_round: null

2019-08-15 16:26:26 - [TEST_STEP][PASSED] - println("GlobalVariable.M4_spin_total_bonus_win_this_round is: " + M4_spin_total_bonus_win_this_round): null

2019-08-15 16:26:26 - [MESSAGE][PASSED] - Verify response successfully

2019-08-15 16:26:26 - [MESSAGE][PASSED] - Send request and verify the response successfully

2019-08-15 16:26:26 - [TEST_STEP][PASSED] - if (M4_total_bonus_spins_int != 0 &amp;&amp; M4_spin_reels_symbols[2].contains("WILD_Normal") || M4_spin_reels_symbols[3].contains("WILD_Normal") || M4_spin_reels_symbols[4].contains("WILD_Normal")): null

2019-08-15 16:26:26 - [TEST_STEP][PASSED] - free_spin_reel_counter = free_spin_reel_counter: null

2019-08-15 16:26:26 - [TEST_STEP][PASSED] - M4_spin_reels_symbols = M4_spin_reels_symbols: null

2019-08-15 16:26:26 - [TEST_STEP][PASSED] - M4_total_bonus_spins = M4_total_bonus_spins: null

2019-08-15 16:26:26 - [TEST_STEP][PASSED] - spin_result = sendRequestAndVerify(findTestObject("STG/RGS(M4)/1_M4_spin", ["M4_login_user_id":M4_login_user_id, "rgs_session_token":rgs_session_token, "partner":Partner])): Send request and verify the response successfully

2019-08-15 16:26:26 - [TEST_CASE][PASSED] - Start Test Case : Verification: Verification accomplished successfully

2019-08-15 16:26:26 - [TEST_STEP][PASSED] - request = getInstance().getCurrentRequest(): null

2019-08-15 16:26:26 - [TEST_STEP][PASSED] - response = getInstance().getCurrentResponse(): null

2019-08-15 16:26:26 - [TEST_STEP][PASSED] - verifyResponseStatusCode(response, 200): Verify response status code successfully

2019-08-15 16:26:26 - [MESSAGE][PASSED] - Verify response status code successfully

2019-08-15 16:26:26 - [TEST_STEP][PASSED] - getStatusCode()).isEqualTo(200): null

2019-08-15 16:26:26 - [TEST_STEP][PASSED] - newline = System.getProperty("line.separator"): null

2019-08-15 16:26:26 - [TEST_STEP][PASSED] - M4_spin = new groovy.json.JsonSlurper(): null

2019-08-15 16:26:26 - [TEST_STEP][PASSED] - result_M4_spin = M4_spin.parseText(response.getResponseBodyContent()): null

2019-08-15 16:26:26 - [TEST_STEP][PASSED] - M4_spin_current_balance = current_balance: null

2019-08-15 16:26:26 - [TEST_STEP][PASSED] - M4_spin_current_balance = M4_spin_current_balance: null

2019-08-15 16:26:26 - [TEST_STEP][PASSED] - M4_spin_transaction_id = causality: null

2019-08-15 16:26:26 - [TEST_STEP][PASSED] - M4_spin_transaction_id = M4_spin_transaction_id: null

2019-08-15 16:26:26 - [TEST_STEP][PASSED] - M4_spin_round_id = round_id: null

2019-08-15 16:26:26 - [TEST_STEP][PASSED] - M4_spin_round_id = M4_spin_round_id: null

2019-08-15 16:26:26 - [TEST_STEP][PASSED] - M4_spin_line_wins = line_wins: null

2019-08-15 16:26:26 - [TEST_STEP][PASSED] - M4_spin_line_wins = M4_spin_line_wins: null

2019-08-15 16:26:26 - [TEST_STEP][PASSED] - M4_total_bonus_spins_int = total_bonus_spins: null

2019-08-15 16:26:26 - [TEST_STEP][PASSED] - println("******M4_total_bonus_spins type is:*******" + newline + getClass().getName()): null

2019-08-15 16:26:26 - [TEST_STEP][PASSED] - M4_total_bonus_spins_int = M4_total_bonus_spins_int: null

2019-08-15 16:26:26 - [TEST_STEP][PASSED] - M4_total_bonus_spins = Integer.toString(M4_total_bonus_spins_int): null

2019-08-15 16:26:26 - [TEST_STEP][PASSED] - M4_total_bonus_spins = M4_total_bonus_spins: null

2019-08-15 16:26:26 - [TEST_STEP][PASSED] - println("M4_total_bonus_spins is:" + M4_total_bonus_spins): null

2019-08-15 16:26:26 - [TEST_STEP][PASSED] - M4_spin_bonus_data = bonus_data: null

2019-08-15 16:26:26 - [TEST_STEP][PASSED] - M4_spin_features_triggered = result_M4_spin: null

2019-08-15 16:26:26 - [TEST_STEP][PASSED] - wild = []: null

2019-08-15 16:26:26 - [TEST_STEP][PASSED] - wild[0] = "WILD_Expanding": null

2019-08-15 16:26:26 - [TEST_STEP][PASSED] - wild[1] = "WILD_Normal": null

2019-08-15 16:26:26 - [TEST_STEP][PASSED] - wild[2] = "WILD_Double": null

2019-08-15 16:26:26 - [TEST_STEP][PASSED] - wild[3] = "WILD_ExtraFG": null

2019-08-15 16:26:26 - [TEST_STEP][PASSED] - wild[4] = "WILD_Triple": null

2019-08-15 16:26:26 - [TEST_STEP][PASSED] - wildList = Arrays.asList(wild): null

2019-08-15 16:26:26 - [TEST_STEP][PASSED] - wildList = wildList: null

2019-08-15 16:26:26 - [TEST_STEP][PASSED] - free_spin_reel_counter = []: null

2019-08-15 16:26:26 - [TEST_STEP][PASSED] - free_spin_reel_counter[0] = 0: null

2019-08-15 16:26:26 - [TEST_STEP][PASSED] - free_spin_reel_counter[1] = 0: null

2019-08-15 16:26:26 - [TEST_STEP][PASSED] - free_spin_reel_counter[2] = 0: null

2019-08-15 16:26:26 - [TEST_STEP][PASSED] - M4_spin_reels = reels: null

2019-08-15 16:26:26 - [TEST_STEP][PASSED] - for ([i = 0, i &lt; M4_spin_reels.size(), (i++)]): null

2019-08-15 16:26:26 - [TEST_STEP][PASSED] - symbols = symbols: null

2019-08-15 16:26:26 - [TEST_STEP][PASSED] - for ([j = 0, j &lt; symbols.size(), (j++)]): null

2019-08-15 16:26:26 - [TEST_STEP][PASSED] - symbol = symbol: null

2019-08-15 16:26:26 - [TEST_STEP][PASSED] - println(symbol): null

2019-08-15 16:26:26 - [TEST_STEP][PASSED] - if (i == 2 &amp;&amp; wildList.indexOf(symbol) != -1): null

2019-08-15 16:26:26 - [TEST_STEP][PASSED] - if (i == 3 &amp;&amp; wildList.indexOf(symbol) != -1): null

2019-08-15 16:26:26 - [TEST_STEP][PASSED] - if (i == 4 &amp;&amp; wildList.indexOf(symbol) != -1): null

2019-08-15 16:26:26 - [TEST_STEP][PASSED] - symbol = symbol: null

2019-08-15 16:26:26 - [TEST_STEP][PASSED] - println(symbol): null

2019-08-15 16:26:26 - [TEST_STEP][PASSED] - if (i == 2 &amp;&amp; wildList.indexOf(symbol) != -1): null

2019-08-15 16:26:26 - [TEST_STEP][PASSED] - if (i == 3 &amp;&amp; wildList.indexOf(symbol) != -1): null

2019-08-15 16:26:26 - [TEST_STEP][PASSED] - if (i == 4 &amp;&amp; wildList.indexOf(symbol) != -1): null

2019-08-15 16:26:26 - [TEST_STEP][PASSED] - symbol = symbol: null

2019-08-15 16:26:26 - [TEST_STEP][PASSED] - println(symbol): null

2019-08-15 16:26:26 - [TEST_STEP][PASSED] - if (i == 2 &amp;&amp; wildList.indexOf(symbol) != -1): null

2019-08-15 16:26:26 - [TEST_STEP][PASSED] - if (i == 3 &amp;&amp; wildList.indexOf(symbol) != -1): null

2019-08-15 16:26:26 - [TEST_STEP][PASSED] - if (i == 4 &amp;&amp; wildList.indexOf(symbol) != -1): null

2019-08-15 16:26:26 - [TEST_STEP][PASSED] - symbols = symbols: null

2019-08-15 16:26:26 - [TEST_STEP][PASSED] - for ([j = 0, j &lt; symbols.size(), (j++)]): null

2019-08-15 16:26:26 - [TEST_STEP][PASSED] - symbol = symbol: null

2019-08-15 16:26:26 - [TEST_STEP][PASSED] - println(symbol): null

2019-08-15 16:26:26 - [TEST_STEP][PASSED] - if (i == 2 &amp;&amp; wildList.indexOf(symbol) != -1): null

2019-08-15 16:26:26 - [TEST_STEP][PASSED] - if (i == 3 &amp;&amp; wildList.indexOf(symbol) != -1): null

2019-08-15 16:26:26 - [TEST_STEP][PASSED] - if (i == 4 &amp;&amp; wildList.indexOf(symbol) != -1): null

2019-08-15 16:26:26 - [TEST_STEP][PASSED] - symbol = symbol: null

2019-08-15 16:26:26 - [TEST_STEP][PASSED] - println(symbol): null

2019-08-15 16:26:26 - [TEST_STEP][PASSED] - if (i == 2 &amp;&amp; wildList.indexOf(symbol) != -1): null

2019-08-15 16:26:26 - [TEST_STEP][PASSED] - if (i == 3 &amp;&amp; wildList.indexOf(symbol) != -1): null

2019-08-15 16:26:26 - [TEST_STEP][PASSED] - if (i == 4 &amp;&amp; wildList.indexOf(symbol) != -1): null

2019-08-15 16:26:26 - [TEST_STEP][PASSED] - symbol = symbol: null

2019-08-15 16:26:26 - [TEST_STEP][PASSED] - println(symbol): null

2019-08-15 16:26:26 - [TEST_STEP][PASSED] - if (i == 2 &amp;&amp; wildList.indexOf(symbol) != -1): null

2019-08-15 16:26:26 - [TEST_STEP][PASSED] - if (i == 3 &amp;&amp; wildList.indexOf(symbol) != -1): null

2019-08-15 16:26:26 - [TEST_STEP][PASSED] - if (i == 4 &amp;&amp; wildList.indexOf(symbol) != -1): null

2019-08-15 16:26:26 - [TEST_STEP][PASSED] - symbols = symbols: null

2019-08-15 16:26:26 - [TEST_STEP][PASSED] - for ([j = 0, j &lt; symbols.size(), (j++)]): null

2019-08-15 16:26:26 - [TEST_STEP][PASSED] - symbol = symbol: null

2019-08-15 16:26:26 - [TEST_STEP][PASSED] - println(symbol): null

2019-08-15 16:26:26 - [TEST_STEP][PASSED] - if (i == 2 &amp;&amp; wildList.indexOf(symbol) != -1): null

2019-08-15 16:26:26 - [TEST_STEP][PASSED] - if (i == 3 &amp;&amp; wildList.indexOf(symbol) != -1): null

2019-08-15 16:26:26 - [TEST_STEP][PASSED] - if (i == 4 &amp;&amp; wildList.indexOf(symbol) != -1): null

2019-08-15 16:26:26 - [TEST_STEP][PASSED] - symbol = symbol: null

2019-08-15 16:26:26 - [TEST_STEP][PASSED] - println(symbol): null

2019-08-15 16:26:26 - [TEST_STEP][PASSED] - if (i == 2 &amp;&amp; wildList.indexOf(symbol) != -1): null

2019-08-15 16:26:26 - [TEST_STEP][PASSED] - if (i == 3 &amp;&amp; wildList.indexOf(symbol) != -1): null

2019-08-15 16:26:26 - [TEST_STEP][PASSED] - if (i == 4 &amp;&amp; wildList.indexOf(symbol) != -1): null

2019-08-15 16:26:26 - [TEST_STEP][PASSED] - symbol = symbol: null

2019-08-15 16:26:26 - [TEST_STEP][PASSED] - println(symbol): null

2019-08-15 16:26:26 - [TEST_STEP][PASSED] - if (i == 2 &amp;&amp; wildList.indexOf(symbol) != -1): null

2019-08-15 16:26:26 - [TEST_STEP][PASSED] - println("wild found on reel 3, adding counter by 1"): null

2019-08-15 16:26:26 - [TEST_STEP][PASSED] - free_spin_reel_counter[0] = free_spin_reel_counter[0] + 1: null

2019-08-15 16:26:26 - [TEST_STEP][PASSED] - if (i == 3 &amp;&amp; wildList.indexOf(symbol) != -1): null

2019-08-15 16:26:26 - [TEST_STEP][PASSED] - if (i == 4 &amp;&amp; wildList.indexOf(symbol) != -1): null

2019-08-15 16:26:26 - [TEST_STEP][PASSED] - symbols = symbols: null

2019-08-15 16:26:26 - [TEST_STEP][PASSED] - for ([j = 0, j &lt; symbols.size(), (j++)]): null

2019-08-15 16:26:26 - [TEST_STEP][PASSED] - symbol = symbol: null

2019-08-15 16:26:26 - [TEST_STEP][PASSED] - println(symbol): null

2019-08-15 16:26:26 - [TEST_STEP][PASSED] - if (i == 2 &amp;&amp; wildList.indexOf(symbol) != -1): null

2019-08-15 16:26:26 - [TEST_STEP][PASSED] - if (i == 3 &amp;&amp; wildList.indexOf(symbol) != -1): null

2019-08-15 16:26:26 - [TEST_STEP][PASSED] - println("wild found on reel 4, adding counter by 1"): null

2019-08-15 16:26:26 - [TEST_STEP][PASSED] - free_spin_reel_counter[1] = free_spin_reel_counter[1] + 1: null

2019-08-15 16:26:26 - [TEST_STEP][PASSED] - if (i == 4 &amp;&amp; wildList.indexOf(symbol) != -1): null

2019-08-15 16:26:26 - [TEST_STEP][PASSED] - symbol = symbol: null

2019-08-15 16:26:26 - [TEST_STEP][PASSED] - println(symbol): null

2019-08-15 16:26:26 - [TEST_STEP][PASSED] - if (i == 2 &amp;&amp; wildList.indexOf(symbol) != -1): null

2019-08-15 16:26:26 - [TEST_STEP][PASSED] - if (i == 3 &amp;&amp; wildList.indexOf(symbol) != -1): null

2019-08-15 16:26:31 - [TEST_STEP][PASSED] - if (i == 4 &amp;&amp; wildList.indexOf(symbol) != -1): null

2019-08-15 16:26:31 - [TEST_STEP][PASSED] - symbol = symbol: null

2019-08-15 16:26:31 - [TEST_STEP][PASSED] - println(symbol): null

2019-08-15 16:26:31 - [TEST_STEP][PASSED] - if (i == 2 &amp;&amp; wildList.indexOf(symbol) != -1): null

2019-08-15 16:26:31 - [TEST_STEP][PASSED] - if (i == 3 &amp;&amp; wildList.indexOf(symbol) != -1): null

2019-08-15 16:26:31 - [TEST_STEP][PASSED] - if (i == 4 &amp;&amp; wildList.indexOf(symbol) != -1): null

2019-08-15 16:26:31 - [TEST_STEP][PASSED] - symbols = symbols: null

2019-08-15 16:26:31 - [TEST_STEP][PASSED] - for ([j = 0, j &lt; symbols.size(), (j++)]): null

2019-08-15 16:26:31 - [TEST_STEP][PASSED] - symbol = symbol: null

2019-08-15 16:26:31 - [TEST_STEP][PASSED] - println(symbol): null

2019-08-15 16:26:31 - [TEST_STEP][PASSED] - if (i == 2 &amp;&amp; wildList.indexOf(symbol) != -1): null

2019-08-15 16:26:31 - [TEST_STEP][PASSED] - if (i == 3 &amp;&amp; wildList.indexOf(symbol) != -1): null

2019-08-15 16:26:31 - [TEST_STEP][PASSED] - if (i == 4 &amp;&amp; wildList.indexOf(symbol) != -1): null

2019-08-15 16:26:31 - [TEST_STEP][PASSED] - symbol = symbol: null

2019-08-15 16:26:31 - [TEST_STEP][PASSED] - println(symbol): null

2019-08-15 16:26:31 - [TEST_STEP][PASSED] - if (i == 2 &amp;&amp; wildList.indexOf(symbol) != -1): null

2019-08-15 16:26:31 - [TEST_STEP][PASSED] - if (i == 3 &amp;&amp; wildList.indexOf(symbol) != -1): null

2019-08-15 16:26:31 - [TEST_STEP][PASSED] - if (i == 4 &amp;&amp; wildList.indexOf(symbol) != -1): null

2019-08-15 16:26:31 - [TEST_STEP][PASSED] - symbol = symbol: null

2019-08-15 16:26:31 - [TEST_STEP][PASSED] - println(symbol): null

2019-08-15 16:26:31 - [TEST_STEP][PASSED] - if (i == 2 &amp;&amp; wildList.indexOf(symbol) != -1): null

2019-08-15 16:26:31 - [TEST_STEP][PASSED] - if (i == 3 &amp;&amp; wildList.indexOf(symbol) != -1): null

2019-08-15 16:26:31 - [TEST_STEP][PASSED] - if (i == 4 &amp;&amp; wildList.indexOf(symbol) != -1): null

2019-08-15 16:26:31 - [TEST_STEP][PASSED] - free_spin_reel_counter = free_spin_reel_counter: null

2019-08-15 16:26:31 - [TEST_STEP][PASSED] - println("reel 3 wild found: " + free_spin_reel_counter[0]): null

2019-08-15 16:26:31 - [TEST_STEP][PASSED] - println("reel 4 wild found: " + free_spin_reel_counter[1]): null

2019-08-15 16:26:31 - [TEST_STEP][PASSED] - println("reel 5 wild found: " + free_spin_reel_counter[2]): null

2019-08-15 16:26:31 - [TEST_STEP][PASSED] - M4_spin_reels = M4_spin_reels: null

2019-08-15 16:26:31 - [TEST_STEP][PASSED] - M4_spin_reels_symbols = symbol: null

2019-08-15 16:26:31 - [TEST_STEP][PASSED] - M4_spin_reels_symbols = M4_spin_reels_symbols: null

2019-08-15 16:26:31 - [TEST_STEP][PASSED] - M4_spin_reel_wins = reel_wins: null

2019-08-15 16:26:31 - [TEST_STEP][PASSED] - M4_spin_reel_wins = M4_spin_reel_wins: null

2019-08-15 16:26:31 - [TEST_STEP][PASSED] - println("GlobalVariable.M4_spin_reel_wins is: " + M4_spin_reel_wins): null

2019-08-15 16:26:31 - [TEST_STEP][PASSED] - M4_spin_total_bonus_win_this_round = total_bonus_win_this_round: null

2019-08-15 16:26:31 - [TEST_STEP][PASSED] - M4_spin_total_bonus_win_this_round = M4_spin_total_bonus_win_this_round: null

2019-08-15 16:26:31 - [TEST_STEP][PASSED] - println("GlobalVariable.M4_spin_total_bonus_win_this_round is: " + M4_spin_total_bonus_win_this_round): null

2019-08-15 16:26:31 - [MESSAGE][PASSED] - Verify response successfully

2019-08-15 16:26:31 - [MESSAGE][PASSED] - Send request and verify the response successfully

2019-08-15 16:26:31 - [TEST_STEP][PASSED] - if (M4_total_bonus_spins_int != 0 &amp;&amp; M4_spin_reels_symbols[2].contains("WILD_Normal") || M4_spin_reels_symbols[3].contains("WILD_Normal") || M4_spin_reels_symbols[4].contains("WILD_Normal")): null

2019-08-15 16:26:31 - [TEST_STEP][PASSED] - free_spin_reel_counter = free_spin_reel_counter: null

2019-08-15 16:26:31 - [TEST_STEP][PASSED] - M4_spin_reels_symbols = M4_spin_reels_symbols: null

2019-08-15 16:26:31 - [TEST_STEP][PASSED] - M4_total_bonus_spins = M4_total_bonus_spins: null

2019-08-15 16:26:31 - [TEST_STEP][PASSED] - spin_result = sendRequestAndVerify(findTestObject("STG/RGS(M4)/1_M4_spin", ["M4_login_user_id":M4_login_user_id, "rgs_session_token":rgs_session_token, "partner":Partner])): Send request and verify the response successfully

2019-08-15 16:26:31 - [TEST_CASE][PASSED] - Start Test Case : Verification: Verification accomplished successfully

2019-08-15 16:26:31 - [TEST_STEP][PASSED] - request = getInstance().getCurrentRequest(): null

2019-08-15 16:26:32 - [TEST_STEP][PASSED] - response = getInstance().getCurrentResponse(): null

2019-08-15 16:26:32 - [TEST_STEP][PASSED] - verifyResponseStatusCode(response, 200): Verify response status code successfully

2019-08-15 16:26:32 - [MESSAGE][PASSED] - Verify response status code successfully

2019-08-15 16:26:32 - [TEST_STEP][PASSED] - getStatusCode()).isEqualTo(200): null

2019-08-15 16:26:32 - [TEST_STEP][PASSED] - newline = System.getProperty("line.separator"): null

2019-08-15 16:26:32 - [TEST_STEP][PASSED] - M4_spin = new groovy.json.JsonSlurper(): null

2019-08-15 16:26:32 - [TEST_STEP][PASSED] - result_M4_spin = M4_spin.parseText(response.getResponseBodyContent()): null

2019-08-15 16:26:32 - [TEST_STEP][PASSED] - M4_spin_current_balance = current_balance: null

2019-08-15 16:26:32 - [TEST_STEP][PASSED] - M4_spin_current_balance = M4_spin_current_balance: null

2019-08-15 16:26:32 - [TEST_STEP][PASSED] - M4_spin_transaction_id = causality: null

2019-08-15 16:26:32 - [TEST_STEP][PASSED] - M4_spin_transaction_id = M4_spin_transaction_id: null

2019-08-15 16:26:32 - [TEST_STEP][PASSED] - M4_spin_round_id = round_id: null

2019-08-15 16:26:32 - [TEST_STEP][PASSED] - M4_spin_round_id = M4_spin_round_id: null

2019-08-15 16:26:32 - [TEST_STEP][PASSED] - M4_spin_line_wins = line_wins: null

2019-08-15 16:26:32 - [TEST_STEP][PASSED] - M4_spin_line_wins = M4_spin_line_wins: null

2019-08-15 16:26:32 - [TEST_STEP][PASSED] - M4_total_bonus_spins_int = total_bonus_spins: null

2019-08-15 16:26:32 - [TEST_STEP][PASSED] - println("******M4_total_bonus_spins type is:*******" + newline + getClass().getName()): null

2019-08-15 16:26:32 - [TEST_STEP][PASSED] - M4_total_bonus_spins_int = M4_total_bonus_spins_int: null

2019-08-15 16:26:32 - [TEST_STEP][PASSED] - M4_total_bonus_spins = Integer.toString(M4_total_bonus_spins_int): null

2019-08-15 16:26:32 - [TEST_STEP][PASSED] - M4_total_bonus_spins = M4_total_bonus_spins: null

2019-08-15 16:26:32 - [TEST_STEP][PASSED] - println("M4_total_bonus_spins is:" + M4_total_bonus_spins): null

2019-08-15 16:26:32 - [TEST_STEP][PASSED] - M4_spin_bonus_data = bonus_data: null

2019-08-15 16:26:32 - [TEST_STEP][PASSED] - M4_spin_features_triggered = result_M4_spin: null

2019-08-15 16:26:32 - [TEST_STEP][PASSED] - wild = []: null

2019-08-15 16:26:32 - [TEST_STEP][PASSED] - wild[0] = "WILD_Expanding": null

2019-08-15 16:26:32 - [TEST_STEP][PASSED] - wild[1] = "WILD_Normal": null

2019-08-15 16:26:32 - [TEST_STEP][PASSED] - wild[2] = "WILD_Double": null

2019-08-15 16:26:32 - [TEST_STEP][PASSED] - wild[3] = "WILD_ExtraFG": null

2019-08-15 16:26:32 - [TEST_STEP][PASSED] - wild[4] = "WILD_Triple": null

2019-08-15 16:26:32 - [TEST_STEP][PASSED] - wildList = Arrays.asList(wild): null

2019-08-15 16:26:32 - [TEST_STEP][PASSED] - wildList = wildList: null

2019-08-15 16:26:32 - [TEST_STEP][PASSED] - free_spin_reel_counter = []: null

2019-08-15 16:26:32 - [TEST_STEP][PASSED] - free_spin_reel_counter[0] = 0: null

2019-08-15 16:26:32 - [TEST_STEP][PASSED] - free_spin_reel_counter[1] = 0: null

2019-08-15 16:26:32 - [TEST_STEP][PASSED] - free_spin_reel_counter[2] = 0: null

2019-08-15 16:26:32 - [TEST_STEP][PASSED] - M4_spin_reels = reels: null

2019-08-15 16:26:32 - [TEST_STEP][PASSED] - for ([i = 0, i &lt; M4_spin_reels.size(), (i++)]): null

2019-08-15 16:26:32 - [TEST_STEP][PASSED] - symbols = symbols: null

2019-08-15 16:26:32 - [TEST_STEP][PASSED] - for ([j = 0, j &lt; symbols.size(), (j++)]): null

2019-08-15 16:26:32 - [TEST_STEP][PASSED] - symbol = symbol: null

2019-08-15 16:26:32 - [TEST_STEP][PASSED] - println(symbol): null

2019-08-15 16:26:32 - [TEST_STEP][PASSED] - if (i == 2 &amp;&amp; wildList.indexOf(symbol) != -1): null

2019-08-15 16:26:32 - [TEST_STEP][PASSED] - if (i == 3 &amp;&amp; wildList.indexOf(symbol) != -1): null

2019-08-15 16:26:32 - [TEST_STEP][PASSED] - if (i == 4 &amp;&amp; wildList.indexOf(symbol) != -1): null

2019-08-15 16:26:32 - [TEST_STEP][PASSED] - symbol = symbol: null

2019-08-15 16:26:32 - [TEST_STEP][PASSED] - println(symbol): null

2019-08-15 16:26:32 - [TEST_STEP][PASSED] - if (i == 2 &amp;&amp; wildList.indexOf(symbol) != -1): null

2019-08-15 16:26:32 - [TEST_STEP][PASSED] - if (i == 3 &amp;&amp; wildList.indexOf(symbol) != -1): null

2019-08-15 16:26:32 - [TEST_STEP][PASSED] - if (i == 4 &amp;&amp; wildList.indexOf(symbol) != -1): null

2019-08-15 16:26:32 - [TEST_STEP][PASSED] - symbol = symbol: null

2019-08-15 16:26:32 - [TEST_STEP][PASSED] - println(symbol): null

2019-08-15 16:26:32 - [TEST_STEP][PASSED] - if (i == 2 &amp;&amp; wildList.indexOf(symbol) != -1): null

2019-08-15 16:26:32 - [TEST_STEP][PASSED] - if (i == 3 &amp;&amp; wildList.indexOf(symbol) != -1): null

2019-08-15 16:26:32 - [TEST_STEP][PASSED] - if (i == 4 &amp;&amp; wildList.indexOf(symbol) != -1): null

2019-08-15 16:26:32 - [TEST_STEP][PASSED] - symbols = symbols: null

2019-08-15 16:26:32 - [TEST_STEP][PASSED] - for ([j = 0, j &lt; symbols.size(), (j++)]): null

2019-08-15 16:26:32 - [TEST_STEP][PASSED] - symbol = symbol: null

2019-08-15 16:26:32 - [TEST_STEP][PASSED] - println(symbol): null

2019-08-15 16:26:32 - [TEST_STEP][PASSED] - if (i == 2 &amp;&amp; wildList.indexOf(symbol) != -1): null

2019-08-15 16:26:32 - [TEST_STEP][PASSED] - if (i == 3 &amp;&amp; wildList.indexOf(symbol) != -1): null

2019-08-15 16:26:32 - [TEST_STEP][PASSED] - if (i == 4 &amp;&amp; wildList.indexOf(symbol) != -1): null

2019-08-15 16:26:32 - [TEST_STEP][PASSED] - symbol = symbol: null

2019-08-15 16:26:32 - [TEST_STEP][PASSED] - println(symbol): null

2019-08-15 16:26:32 - [TEST_STEP][PASSED] - if (i == 2 &amp;&amp; wildList.indexOf(symbol) != -1): null

2019-08-15 16:26:32 - [TEST_STEP][PASSED] - if (i == 3 &amp;&amp; wildList.indexOf(symbol) != -1): null

2019-08-15 16:26:32 - [TEST_STEP][PASSED] - if (i == 4 &amp;&amp; wildList.indexOf(symbol) != -1): null

2019-08-15 16:26:32 - [TEST_STEP][PASSED] - symbol = symbol: null

2019-08-15 16:26:32 - [TEST_STEP][PASSED] - println(symbol): null

2019-08-15 16:26:32 - [TEST_STEP][PASSED] - if (i == 2 &amp;&amp; wildList.indexOf(symbol) != -1): null

2019-08-15 16:26:32 - [TEST_STEP][PASSED] - if (i == 3 &amp;&amp; wildList.indexOf(symbol) != -1): null

2019-08-15 16:26:32 - [TEST_STEP][PASSED] - if (i == 4 &amp;&amp; wildList.indexOf(symbol) != -1): null

2019-08-15 16:26:32 - [TEST_STEP][PASSED] - symbols = symbols: null

2019-08-15 16:26:32 - [TEST_STEP][PASSED] - for ([j = 0, j &lt; symbols.size(), (j++)]): null

2019-08-15 16:26:32 - [TEST_STEP][PASSED] - symbol = symbol: null

2019-08-15 16:26:32 - [TEST_STEP][PASSED] - println(symbol): null

2019-08-15 16:26:32 - [TEST_STEP][PASSED] - if (i == 2 &amp;&amp; wildList.indexOf(symbol) != -1): null

2019-08-15 16:26:32 - [TEST_STEP][PASSED] - if (i == 3 &amp;&amp; wildList.indexOf(symbol) != -1): null

2019-08-15 16:26:32 - [TEST_STEP][PASSED] - if (i == 4 &amp;&amp; wildList.indexOf(symbol) != -1): null

2019-08-15 16:26:32 - [TEST_STEP][PASSED] - symbol = symbol: null

2019-08-15 16:26:32 - [TEST_STEP][PASSED] - println(symbol): null

2019-08-15 16:26:32 - [TEST_STEP][PASSED] - if (i == 2 &amp;&amp; wildList.indexOf(symbol) != -1): null

2019-08-15 16:26:32 - [TEST_STEP][PASSED] - if (i == 3 &amp;&amp; wildList.indexOf(symbol) != -1): null

2019-08-15 16:26:32 - [TEST_STEP][PASSED] - if (i == 4 &amp;&amp; wildList.indexOf(symbol) != -1): null

2019-08-15 16:26:32 - [TEST_STEP][PASSED] - symbol = symbol: null

2019-08-15 16:26:32 - [TEST_STEP][PASSED] - println(symbol): null

2019-08-15 16:26:32 - [TEST_STEP][PASSED] - if (i == 2 &amp;&amp; wildList.indexOf(symbol) != -1): null

2019-08-15 16:26:32 - [TEST_STEP][PASSED] - if (i == 3 &amp;&amp; wildList.indexOf(symbol) != -1): null

2019-08-15 16:26:32 - [TEST_STEP][PASSED] - if (i == 4 &amp;&amp; wildList.indexOf(symbol) != -1): null

2019-08-15 16:26:32 - [TEST_STEP][PASSED] - symbols = symbols: null

2019-08-15 16:26:32 - [TEST_STEP][PASSED] - for ([j = 0, j &lt; symbols.size(), (j++)]): null

2019-08-15 16:26:32 - [TEST_STEP][PASSED] - symbol = symbol: null

2019-08-15 16:26:32 - [TEST_STEP][PASSED] - println(symbol): null

2019-08-15 16:26:32 - [TEST_STEP][PASSED] - if (i == 2 &amp;&amp; wildList.indexOf(symbol) != -1): null

2019-08-15 16:26:32 - [TEST_STEP][PASSED] - if (i == 3 &amp;&amp; wildList.indexOf(symbol) != -1): null

2019-08-15 16:26:32 - [TEST_STEP][PASSED] - if (i == 4 &amp;&amp; wildList.indexOf(symbol) != -1): null

2019-08-15 16:26:32 - [TEST_STEP][PASSED] - symbol = symbol: null

2019-08-15 16:26:32 - [TEST_STEP][PASSED] - println(symbol): null

2019-08-15 16:26:32 - [TEST_STEP][PASSED] - if (i == 2 &amp;&amp; wildList.indexOf(symbol) != -1): null

2019-08-15 16:26:32 - [TEST_STEP][PASSED] - if (i == 3 &amp;&amp; wildList.indexOf(symbol) != -1): null

2019-08-15 16:26:32 - [TEST_STEP][PASSED] - if (i == 4 &amp;&amp; wildList.indexOf(symbol) != -1): null

2019-08-15 16:26:32 - [TEST_STEP][PASSED] - symbol = symbol: null

2019-08-15 16:26:32 - [TEST_STEP][PASSED] - println(symbol): null

2019-08-15 16:26:32 - [TEST_STEP][PASSED] - if (i == 2 &amp;&amp; wildList.indexOf(symbol) != -1): null

2019-08-15 16:26:32 - [TEST_STEP][PASSED] - if (i == 3 &amp;&amp; wildList.indexOf(symbol) != -1): null

2019-08-15 16:26:32 - [TEST_STEP][PASSED] - if (i == 4 &amp;&amp; wildList.indexOf(symbol) != -1): null

2019-08-15 16:26:32 - [TEST_STEP][PASSED] - symbols = symbols: null

2019-08-15 16:26:32 - [TEST_STEP][PASSED] - for ([j = 0, j &lt; symbols.size(), (j++)]): null

2019-08-15 16:26:32 - [TEST_STEP][PASSED] - symbol = symbol: null

2019-08-15 16:26:32 - [TEST_STEP][PASSED] - println(symbol): null

2019-08-15 16:26:32 - [TEST_STEP][PASSED] - if (i == 2 &amp;&amp; wildList.indexOf(symbol) != -1): null

2019-08-15 16:26:32 - [TEST_STEP][PASSED] - if (i == 3 &amp;&amp; wildList.indexOf(symbol) != -1): null

2019-08-15 16:26:32 - [TEST_STEP][PASSED] - if (i == 4 &amp;&amp; wildList.indexOf(symbol) != -1): null

2019-08-15 16:26:32 - [TEST_STEP][PASSED] - symbol = symbol: null

2019-08-15 16:26:32 - [TEST_STEP][PASSED] - println(symbol): null

2019-08-15 16:26:32 - [TEST_STEP][PASSED] - if (i == 2 &amp;&amp; wildList.indexOf(symbol) != -1): null

2019-08-15 16:26:32 - [TEST_STEP][PASSED] - if (i == 3 &amp;&amp; wildList.indexOf(symbol) != -1): null

2019-08-15 16:26:32 - [TEST_STEP][PASSED] - if (i == 4 &amp;&amp; wildList.indexOf(symbol) != -1): null

2019-08-15 16:26:32 - [TEST_STEP][PASSED] - symbol = symbol: null

2019-08-15 16:26:32 - [TEST_STEP][PASSED] - println(symbol): null

2019-08-15 16:26:32 - [TEST_STEP][PASSED] - if (i == 2 &amp;&amp; wildList.indexOf(symbol) != -1): null

2019-08-15 16:26:32 - [TEST_STEP][PASSED] - if (i == 3 &amp;&amp; wildList.indexOf(symbol) != -1): null

2019-08-15 16:26:32 - [TEST_STEP][PASSED] - if (i == 4 &amp;&amp; wildList.indexOf(symbol) != -1): null

2019-08-15 16:26:32 - [TEST_STEP][PASSED] - free_spin_reel_counter = free_spin_reel_counter: null

2019-08-15 16:26:32 - [TEST_STEP][PASSED] - println("reel 3 wild found: " + free_spin_reel_counter[0]): null

2019-08-15 16:26:32 - [TEST_STEP][PASSED] - println("reel 4 wild found: " + free_spin_reel_counter[1]): null

2019-08-15 16:26:32 - [TEST_STEP][PASSED] - println("reel 5 wild found: " + free_spin_reel_counter[2]): null

2019-08-15 16:26:32 - [TEST_STEP][PASSED] - M4_spin_reels = M4_spin_reels: null

2019-08-15 16:26:32 - [TEST_STEP][PASSED] - M4_spin_reels_symbols = symbol: null

2019-08-15 16:26:32 - [TEST_STEP][PASSED] - M4_spin_reels_symbols = M4_spin_reels_symbols: null

2019-08-15 16:26:32 - [TEST_STEP][PASSED] - M4_spin_reel_wins = reel_wins: null

2019-08-15 16:26:32 - [TEST_STEP][PASSED] - M4_spin_reel_wins = M4_spin_reel_wins: null

2019-08-15 16:26:32 - [TEST_STEP][PASSED] - println("GlobalVariable.M4_spin_reel_wins is: " + M4_spin_reel_wins): null

2019-08-15 16:26:32 - [TEST_STEP][PASSED] - M4_spin_total_bonus_win_this_round = total_bonus_win_this_round: null

2019-08-15 16:26:32 - [TEST_STEP][PASSED] - M4_spin_total_bonus_win_this_round = M4_spin_total_bonus_win_this_round: null

2019-08-15 16:26:32 - [TEST_STEP][PASSED] - println("GlobalVariable.M4_spin_total_bonus_win_this_round is: " + M4_spin_total_bonus_win_this_round): null

2019-08-15 16:26:32 - [MESSAGE][PASSED] - Verify response successfully

2019-08-15 16:26:32 - [MESSAGE][PASSED] - Send request and verify the response successfully

2019-08-15 16:26:32 - [TEST_STEP][PASSED] - if (M4_total_bonus_spins_int != 0 &amp;&amp; M4_spin_reels_symbols[2].contains("WILD_Normal") || M4_spin_reels_symbols[3].contains("WILD_Normal") || M4_spin_reels_symbols[4].contains("WILD_Normal")): null

2019-08-15 16:26:32 - [TEST_STEP][PASSED] - free_spin_reel_counter = free_spin_reel_counter: null

2019-08-15 16:26:32 - [TEST_STEP][PASSED] - M4_spin_reels_symbols = M4_spin_reels_symbols: null

2019-08-15 16:26:32 - [TEST_STEP][PASSED] - M4_total_bonus_spins = M4_total_bonus_spins: null

2019-08-15 16:26:32 - [TEST_STEP][PASSED] - spin_result = sendRequestAndVerify(findTestObject("STG/RGS(M4)/1_M4_spin", ["M4_login_user_id":M4_login_user_id, "rgs_session_token":rgs_session_token, "partner":Partner])): Send request and verify the response successfully

2019-08-15 16:26:32 - [TEST_CASE][PASSED] - Start Test Case : Verification: Verification accomplished successfully

2019-08-15 16:26:32 - [TEST_STEP][PASSED] - request = getInstance().getCurrentRequest(): null

2019-08-15 16:26:32 - [TEST_STEP][PASSED] - response = getInstance().getCurrentResponse(): null

2019-08-15 16:26:32 - [TEST_STEP][PASSED] - verifyResponseStatusCode(response, 200): Verify response status code successfully

2019-08-15 16:26:32 - [MESSAGE][PASSED] - Verify response status code successfully

2019-08-15 16:26:32 - [TEST_STEP][PASSED] - getStatusCode()).isEqualTo(200): null

2019-08-15 16:26:32 - [TEST_STEP][PASSED] - newline = System.getProperty("line.separator"): null

2019-08-15 16:26:32 - [TEST_STEP][PASSED] - M4_spin = new groovy.json.JsonSlurper(): null

2019-08-15 16:26:32 - [TEST_STEP][PASSED] - result_M4_spin = M4_spin.parseText(response.getResponseBodyContent()): null

2019-08-15 16:26:32 - [TEST_STEP][PASSED] - M4_spin_current_balance = current_balance: null

2019-08-15 16:26:32 - [TEST_STEP][PASSED] - M4_spin_current_balance = M4_spin_current_balance: null

2019-08-15 16:26:32 - [TEST_STEP][PASSED] - M4_spin_transaction_id = causality: null

2019-08-15 16:26:32 - [TEST_STEP][PASSED] - M4_spin_transaction_id = M4_spin_transaction_id: null

2019-08-15 16:26:32 - [TEST_STEP][PASSED] - M4_spin_round_id = round_id: null

2019-08-15 16:26:32 - [TEST_STEP][PASSED] - M4_spin_round_id = M4_spin_round_id: null

2019-08-15 16:26:32 - [TEST_STEP][PASSED] - M4_spin_line_wins = line_wins: null

2019-08-15 16:26:32 - [TEST_STEP][PASSED] - M4_spin_line_wins = M4_spin_line_wins: null

2019-08-15 16:26:32 - [TEST_STEP][PASSED] - M4_total_bonus_spins_int = total_bonus_spins: null

2019-08-15 16:26:32 - [TEST_STEP][PASSED] - println("******M4_total_bonus_spins type is:*******" + newline + getClass().getName()): null

2019-08-15 16:26:32 - [TEST_STEP][PASSED] - M4_total_bonus_spins_int = M4_total_bonus_spins_int: null

2019-08-15 16:26:32 - [TEST_STEP][PASSED] - M4_total_bonus_spins = Integer.toString(M4_total_bonus_spins_int): null

2019-08-15 16:26:32 - [TEST_STEP][PASSED] - M4_total_bonus_spins = M4_total_bonus_spins: null

2019-08-15 16:26:32 - [TEST_STEP][PASSED] - println("M4_total_bonus_spins is:" + M4_total_bonus_spins): null

2019-08-15 16:26:32 - [TEST_STEP][PASSED] - M4_spin_bonus_data = bonus_data: null

2019-08-15 16:26:32 - [TEST_STEP][PASSED] - M4_spin_features_triggered = result_M4_spin: null

2019-08-15 16:26:32 - [TEST_STEP][PASSED] - wild = []: null

2019-08-15 16:26:32 - [TEST_STEP][PASSED] - wild[0] = "WILD_Expanding": null

2019-08-15 16:26:32 - [TEST_STEP][PASSED] - wild[1] = "WILD_Normal": null

2019-08-15 16:26:32 - [TEST_STEP][PASSED] - wild[2] = "WILD_Double": null

2019-08-15 16:26:32 - [TEST_STEP][PASSED] - wild[3] = "WILD_ExtraFG": null

2019-08-15 16:26:32 - [TEST_STEP][PASSED] - wild[4] = "WILD_Triple": null

2019-08-15 16:26:32 - [TEST_STEP][PASSED] - wildList = Arrays.asList(wild): null

2019-08-15 16:26:32 - [TEST_STEP][PASSED] - wildList = wildList: null

2019-08-15 16:26:32 - [TEST_STEP][PASSED] - free_spin_reel_counter = []: null

2019-08-15 16:26:32 - [TEST_STEP][PASSED] - free_spin_reel_counter[0] = 0: null

2019-08-15 16:26:32 - [TEST_STEP][PASSED] - free_spin_reel_counter[1] = 0: null

2019-08-15 16:26:32 - [TEST_STEP][PASSED] - free_spin_reel_counter[2] = 0: null

2019-08-15 16:26:32 - [TEST_STEP][PASSED] - M4_spin_reels = reels: null

2019-08-15 16:26:32 - [TEST_STEP][PASSED] - for ([i = 0, i &lt; M4_spin_reels.size(), (i++)]): null

2019-08-15 16:26:32 - [TEST_STEP][PASSED] - symbols = symbols: null

2019-08-15 16:26:32 - [TEST_STEP][PASSED] - for ([j = 0, j &lt; symbols.size(), (j++)]): null

2019-08-15 16:26:32 - [TEST_STEP][PASSED] - symbol = symbol: null

2019-08-15 16:26:32 - [TEST_STEP][PASSED] - println(symbol): null

2019-08-15 16:26:32 - [TEST_STEP][PASSED] - if (i == 2 &amp;&amp; wildList.indexOf(symbol) != -1): null

2019-08-15 16:26:32 - [TEST_STEP][PASSED] - if (i == 3 &amp;&amp; wildList.indexOf(symbol) != -1): null

2019-08-15 16:26:32 - [TEST_STEP][PASSED] - if (i == 4 &amp;&amp; wildList.indexOf(symbol) != -1): null

2019-08-15 16:26:32 - [TEST_STEP][PASSED] - symbol = symbol: null

2019-08-15 16:26:32 - [TEST_STEP][PASSED] - println(symbol): null

2019-08-15 16:26:32 - [TEST_STEP][PASSED] - if (i == 2 &amp;&amp; wildList.indexOf(symbol) != -1): null

2019-08-15 16:26:32 - [TEST_STEP][PASSED] - if (i == 3 &amp;&amp; wildList.indexOf(symbol) != -1): null

2019-08-15 16:26:32 - [TEST_STEP][PASSED] - if (i == 4 &amp;&amp; wildList.indexOf(symbol) != -1): null

2019-08-15 16:26:32 - [TEST_STEP][PASSED] - symbol = symbol: null

2019-08-15 16:26:32 - [TEST_STEP][PASSED] - println(symbol): null

2019-08-15 16:26:32 - [TEST_STEP][PASSED] - if (i == 2 &amp;&amp; wildList.indexOf(symbol) != -1): null

2019-08-15 16:26:32 - [TEST_STEP][PASSED] - if (i == 3 &amp;&amp; wildList.indexOf(symbol) != -1): null

2019-08-15 16:26:32 - [TEST_STEP][PASSED] - if (i == 4 &amp;&amp; wildList.indexOf(symbol) != -1): null

2019-08-15 16:26:32 - [TEST_STEP][PASSED] - symbols = symbols: null

2019-08-15 16:26:32 - [TEST_STEP][PASSED] - for ([j = 0, j &lt; symbols.size(), (j++)]): null

2019-08-15 16:26:32 - [TEST_STEP][PASSED] - symbol = symbol: null

2019-08-15 16:26:32 - [TEST_STEP][PASSED] - println(symbol): null

2019-08-15 16:26:32 - [TEST_STEP][PASSED] - if (i == 2 &amp;&amp; wildList.indexOf(symbol) != -1): null

2019-08-15 16:26:32 - [TEST_STEP][PASSED] - if (i == 3 &amp;&amp; wildList.indexOf(symbol) != -1): null

2019-08-15 16:26:32 - [TEST_STEP][PASSED] - if (i == 4 &amp;&amp; wildList.indexOf(symbol) != -1): null

2019-08-15 16:26:32 - [TEST_STEP][PASSED] - symbol = symbol: null

2019-08-15 16:26:32 - [TEST_STEP][PASSED] - println(symbol): null

2019-08-15 16:26:32 - [TEST_STEP][PASSED] - if (i == 2 &amp;&amp; wildList.indexOf(symbol) != -1): null

2019-08-15 16:26:32 - [TEST_STEP][PASSED] - if (i == 3 &amp;&amp; wildList.indexOf(symbol) != -1): null

2019-08-15 16:26:32 - [TEST_STEP][PASSED] - if (i == 4 &amp;&amp; wildList.indexOf(symbol) != -1): null

2019-08-15 16:26:32 - [TEST_STEP][PASSED] - symbol = symbol: null

2019-08-15 16:26:32 - [TEST_STEP][PASSED] - println(symbol): null

2019-08-15 16:26:32 - [TEST_STEP][PASSED] - if (i == 2 &amp;&amp; wildList.indexOf(symbol) != -1): null

2019-08-15 16:26:32 - [TEST_STEP][PASSED] - if (i == 3 &amp;&amp; wildList.indexOf(symbol) != -1): null

2019-08-15 16:26:32 - [TEST_STEP][PASSED] - if (i == 4 &amp;&amp; wildList.indexOf(symbol) != -1): null

2019-08-15 16:26:32 - [TEST_STEP][PASSED] - symbols = symbols: null

2019-08-15 16:26:32 - [TEST_STEP][PASSED] - for ([j = 0, j &lt; symbols.size(), (j++)]): null

2019-08-15 16:26:32 - [TEST_STEP][PASSED] - symbol = symbol: null

2019-08-15 16:26:32 - [TEST_STEP][PASSED] - println(symbol): null

2019-08-15 16:26:32 - [TEST_STEP][PASSED] - if (i == 2 &amp;&amp; wildList.indexOf(symbol) != -1): null

2019-08-15 16:26:32 - [TEST_STEP][PASSED] - if (i == 3 &amp;&amp; wildList.indexOf(symbol) != -1): null

2019-08-15 16:26:32 - [TEST_STEP][PASSED] - if (i == 4 &amp;&amp; wildList.indexOf(symbol) != -1): null

2019-08-15 16:26:32 - [TEST_STEP][PASSED] - symbol = symbol: null

2019-08-15 16:26:32 - [TEST_STEP][PASSED] - println(symbol): null

2019-08-15 16:26:32 - [TEST_STEP][PASSED] - if (i == 2 &amp;&amp; wildList.indexOf(symbol) != -1): null

2019-08-15 16:26:32 - [TEST_STEP][PASSED] - if (i == 3 &amp;&amp; wildList.indexOf(symbol) != -1): null

2019-08-15 16:26:32 - [TEST_STEP][PASSED] - if (i == 4 &amp;&amp; wildList.indexOf(symbol) != -1): null

2019-08-15 16:26:32 - [TEST_STEP][PASSED] - symbol = symbol: null

2019-08-15 16:26:32 - [TEST_STEP][PASSED] - println(symbol): null

2019-08-15 16:26:32 - [TEST_STEP][PASSED] - if (i == 2 &amp;&amp; wildList.indexOf(symbol) != -1): null

2019-08-15 16:26:32 - [TEST_STEP][PASSED] - if (i == 3 &amp;&amp; wildList.indexOf(symbol) != -1): null

2019-08-15 16:26:32 - [TEST_STEP][PASSED] - if (i == 4 &amp;&amp; wildList.indexOf(symbol) != -1): null

2019-08-15 16:26:32 - [TEST_STEP][PASSED] - symbols = symbols: null

2019-08-15 16:26:32 - [TEST_STEP][PASSED] - for ([j = 0, j &lt; symbols.size(), (j++)]): null

2019-08-15 16:26:32 - [TEST_STEP][PASSED] - symbol = symbol: null

2019-08-15 16:26:32 - [TEST_STEP][PASSED] - println(symbol): null

2019-08-15 16:26:32 - [TEST_STEP][PASSED] - if (i == 2 &amp;&amp; wildList.indexOf(symbol) != -1): null

2019-08-15 16:26:32 - [TEST_STEP][PASSED] - if (i == 3 &amp;&amp; wildList.indexOf(symbol) != -1): null

2019-08-15 16:26:32 - [TEST_STEP][PASSED] - if (i == 4 &amp;&amp; wildList.indexOf(symbol) != -1): null

2019-08-15 16:26:32 - [TEST_STEP][PASSED] - symbol = symbol: null

2019-08-15 16:26:32 - [TEST_STEP][PASSED] - println(symbol): null

2019-08-15 16:26:32 - [TEST_STEP][PASSED] - if (i == 2 &amp;&amp; wildList.indexOf(symbol) != -1): null

2019-08-15 16:26:32 - [TEST_STEP][PASSED] - if (i == 3 &amp;&amp; wildList.indexOf(symbol) != -1): null

2019-08-15 16:26:32 - [TEST_STEP][PASSED] - if (i == 4 &amp;&amp; wildList.indexOf(symbol) != -1): null

2019-08-15 16:26:32 - [TEST_STEP][PASSED] - symbol = symbol: null

2019-08-15 16:26:32 - [TEST_STEP][PASSED] - println(symbol): null

2019-08-15 16:26:32 - [TEST_STEP][PASSED] - if (i == 2 &amp;&amp; wildList.indexOf(symbol) != -1): null

2019-08-15 16:26:32 - [TEST_STEP][PASSED] - if (i == 3 &amp;&amp; wildList.indexOf(symbol) != -1): null

2019-08-15 16:26:32 - [TEST_STEP][PASSED] - println("wild found on reel 4, adding counter by 1"): null

2019-08-15 16:26:32 - [TEST_STEP][PASSED] - free_spin_reel_counter[1] = free_spin_reel_counter[1] + 1: null

2019-08-15 16:26:32 - [TEST_STEP][PASSED] - if (i == 4 &amp;&amp; wildList.indexOf(symbol) != -1): null

2019-08-15 16:26:32 - [TEST_STEP][PASSED] - symbols = symbols: null

2019-08-15 16:26:32 - [TEST_STEP][PASSED] - for ([j = 0, j &lt; symbols.size(), (j++)]): null

2019-08-15 16:26:32 - [TEST_STEP][PASSED] - symbol = symbol: null

2019-08-15 16:26:32 - [TEST_STEP][PASSED] - println(symbol): null

2019-08-15 16:26:32 - [TEST_STEP][PASSED] - if (i == 2 &amp;&amp; wildList.indexOf(symbol) != -1): null

2019-08-15 16:26:32 - [TEST_STEP][PASSED] - if (i == 3 &amp;&amp; wildList.indexOf(symbol) != -1): null

2019-08-15 16:26:32 - [TEST_STEP][PASSED] - if (i == 4 &amp;&amp; wildList.indexOf(symbol) != -1): null

2019-08-15 16:26:32 - [TEST_STEP][PASSED] - symbol = symbol: null

2019-08-15 16:26:32 - [TEST_STEP][PASSED] - println(symbol): null

2019-08-15 16:26:32 - [TEST_STEP][PASSED] - if (i == 2 &amp;&amp; wildList.indexOf(symbol) != -1): null

2019-08-15 16:26:32 - [TEST_STEP][PASSED] - if (i == 3 &amp;&amp; wildList.indexOf(symbol) != -1): null

2019-08-15 16:26:32 - [TEST_STEP][PASSED] - if (i == 4 &amp;&amp; wildList.indexOf(symbol) != -1): null

2019-08-15 16:26:32 - [TEST_STEP][PASSED] - symbol = symbol: null

2019-08-15 16:26:32 - [TEST_STEP][PASSED] - println(symbol): null

2019-08-15 16:26:32 - [TEST_STEP][PASSED] - if (i == 2 &amp;&amp; wildList.indexOf(symbol) != -1): null

2019-08-15 16:26:32 - [TEST_STEP][PASSED] - if (i == 3 &amp;&amp; wildList.indexOf(symbol) != -1): null

2019-08-15 16:26:32 - [TEST_STEP][PASSED] - if (i == 4 &amp;&amp; wildList.indexOf(symbol) != -1): null

2019-08-15 16:26:32 - [TEST_STEP][PASSED] - free_spin_reel_counter = free_spin_reel_counter: null

2019-08-15 16:26:32 - [TEST_STEP][PASSED] - println("reel 3 wild found: " + free_spin_reel_counter[0]): null

2019-08-15 16:26:32 - [TEST_STEP][PASSED] - println("reel 4 wild found: " + free_spin_reel_counter[1]): null

2019-08-15 16:26:32 - [TEST_STEP][PASSED] - println("reel 5 wild found: " + free_spin_reel_counter[2]): null

2019-08-15 16:26:32 - [TEST_STEP][PASSED] - M4_spin_reels = M4_spin_reels: null

2019-08-15 16:26:32 - [TEST_STEP][PASSED] - M4_spin_reels_symbols = symbol: null

2019-08-15 16:26:32 - [TEST_STEP][PASSED] - M4_spin_reels_symbols = M4_spin_reels_symbols: null

2019-08-15 16:26:32 - [TEST_STEP][PASSED] - M4_spin_reel_wins = reel_wins: null

2019-08-15 16:26:32 - [TEST_STEP][PASSED] - M4_spin_reel_wins = M4_spin_reel_wins: null

2019-08-15 16:26:32 - [TEST_STEP][PASSED] - println("GlobalVariable.M4_spin_reel_wins is: " + M4_spin_reel_wins): null

2019-08-15 16:26:32 - [TEST_STEP][PASSED] - M4_spin_total_bonus_win_this_round = total_bonus_win_this_round: null

2019-08-15 16:26:32 - [TEST_STEP][PASSED] - M4_spin_total_bonus_win_this_round = M4_spin_total_bonus_win_this_round: null

2019-08-15 16:26:32 - [TEST_STEP][PASSED] - println("GlobalVariable.M4_spin_total_bonus_win_this_round is: " + M4_spin_total_bonus_win_this_round): null

2019-08-15 16:26:32 - [MESSAGE][PASSED] - Verify response successfully

2019-08-15 16:26:32 - [MESSAGE][PASSED] - Send request and verify the response successfully

2019-08-15 16:26:32 - [TEST_STEP][PASSED] - if (M4_total_bonus_spins_int != 0 &amp;&amp; M4_spin_reels_symbols[2].contains("WILD_Normal") || M4_spin_reels_symbols[3].contains("WILD_Normal") || M4_spin_reels_symbols[4].contains("WILD_Normal")): null

2019-08-15 16:26:32 - [TEST_STEP][PASSED] - free_spin_reel_counter = free_spin_reel_counter: null

2019-08-15 16:26:37 - [TEST_STEP][PASSED] - M4_spin_reels_symbols = M4_spin_reels_symbols: null

2019-08-15 16:26:37 - [TEST_STEP][PASSED] - M4_total_bonus_spins = M4_total_bonus_spins: null

2019-08-15 16:26:37 - [TEST_STEP][PASSED] - spin_result = sendRequestAndVerify(findTestObject("STG/RGS(M4)/1_M4_spin", ["M4_login_user_id":M4_login_user_id, "rgs_session_token":rgs_session_token, "partner":Partner])): Send request and verify the response successfully

2019-08-15 16:26:37 - [TEST_CASE][PASSED] - Start Test Case : Verification: Verification accomplished successfully

2019-08-15 16:26:37 - [TEST_STEP][PASSED] - request = getInstance().getCurrentRequest(): null

2019-08-15 16:26:37 - [TEST_STEP][PASSED] - response = getInstance().getCurrentResponse(): null

2019-08-15 16:26:37 - [TEST_STEP][PASSED] - verifyResponseStatusCode(response, 200): Verify response status code successfully

2019-08-15 16:26:37 - [MESSAGE][PASSED] - Verify response status code successfully

2019-08-15 16:26:37 - [TEST_STEP][PASSED] - getStatusCode()).isEqualTo(200): null

2019-08-15 16:26:37 - [TEST_STEP][PASSED] - newline = System.getProperty("line.separator"): null

2019-08-15 16:26:37 - [TEST_STEP][PASSED] - M4_spin = new groovy.json.JsonSlurper(): null

2019-08-15 16:26:37 - [TEST_STEP][PASSED] - result_M4_spin = M4_spin.parseText(response.getResponseBodyContent()): null

2019-08-15 16:26:37 - [TEST_STEP][PASSED] - M4_spin_current_balance = current_balance: null

2019-08-15 16:26:37 - [TEST_STEP][PASSED] - M4_spin_current_balance = M4_spin_current_balance: null

2019-08-15 16:26:37 - [TEST_STEP][PASSED] - M4_spin_transaction_id = causality: null

2019-08-15 16:26:37 - [TEST_STEP][PASSED] - M4_spin_transaction_id = M4_spin_transaction_id: null

2019-08-15 16:26:37 - [TEST_STEP][PASSED] - M4_spin_round_id = round_id: null

2019-08-15 16:26:37 - [TEST_STEP][PASSED] - M4_spin_round_id = M4_spin_round_id: null

2019-08-15 16:26:37 - [TEST_STEP][PASSED] - M4_spin_line_wins = line_wins: null

2019-08-15 16:26:37 - [TEST_STEP][PASSED] - M4_spin_line_wins = M4_spin_line_wins: null

2019-08-15 16:26:37 - [TEST_STEP][PASSED] - M4_total_bonus_spins_int = total_bonus_spins: null

2019-08-15 16:26:37 - [TEST_STEP][PASSED] - println("******M4_total_bonus_spins type is:*******" + newline + getClass().getName()): null

2019-08-15 16:26:37 - [TEST_STEP][PASSED] - M4_total_bonus_spins_int = M4_total_bonus_spins_int: null

2019-08-15 16:26:37 - [TEST_STEP][PASSED] - M4_total_bonus_spins = Integer.toString(M4_total_bonus_spins_int): null

2019-08-15 16:26:37 - [TEST_STEP][PASSED] - M4_total_bonus_spins = M4_total_bonus_spins: null

2019-08-15 16:26:37 - [TEST_STEP][PASSED] - println("M4_total_bonus_spins is:" + M4_total_bonus_spins): null

2019-08-15 16:26:37 - [TEST_STEP][PASSED] - M4_spin_bonus_data = bonus_data: null

2019-08-15 16:26:37 - [TEST_STEP][PASSED] - M4_spin_features_triggered = result_M4_spin: null

2019-08-15 16:26:37 - [TEST_STEP][PASSED] - wild = []: null

2019-08-15 16:26:37 - [TEST_STEP][PASSED] - wild[0] = "WILD_Expanding": null

2019-08-15 16:26:37 - [TEST_STEP][PASSED] - wild[1] = "WILD_Normal": null

2019-08-15 16:26:37 - [TEST_STEP][PASSED] - wild[2] = "WILD_Double": null

2019-08-15 16:26:37 - [TEST_STEP][PASSED] - wild[3] = "WILD_ExtraFG": null

2019-08-15 16:26:37 - [TEST_STEP][PASSED] - wild[4] = "WILD_Triple": null

2019-08-15 16:26:37 - [TEST_STEP][PASSED] - wildList = Arrays.asList(wild): null

2019-08-15 16:26:37 - [TEST_STEP][PASSED] - wildList = wildList: null

2019-08-15 16:26:37 - [TEST_STEP][PASSED] - free_spin_reel_counter = []: null

2019-08-15 16:26:37 - [TEST_STEP][PASSED] - free_spin_reel_counter[0] = 0: null

2019-08-15 16:26:37 - [TEST_STEP][PASSED] - free_spin_reel_counter[1] = 0: null

2019-08-15 16:26:37 - [TEST_STEP][PASSED] - free_spin_reel_counter[2] = 0: null

2019-08-15 16:26:37 - [TEST_STEP][PASSED] - M4_spin_reels = reels: null

2019-08-15 16:26:37 - [TEST_STEP][PASSED] - for ([i = 0, i &lt; M4_spin_reels.size(), (i++)]): null

2019-08-15 16:26:37 - [TEST_STEP][PASSED] - symbols = symbols: null

2019-08-15 16:26:37 - [TEST_STEP][PASSED] - for ([j = 0, j &lt; symbols.size(), (j++)]): null

2019-08-15 16:26:37 - [TEST_STEP][PASSED] - symbol = symbol: null

2019-08-15 16:26:37 - [TEST_STEP][PASSED] - println(symbol): null

2019-08-15 16:26:37 - [TEST_STEP][PASSED] - if (i == 2 &amp;&amp; wildList.indexOf(symbol) != -1): null

2019-08-15 16:26:37 - [TEST_STEP][PASSED] - if (i == 3 &amp;&amp; wildList.indexOf(symbol) != -1): null

2019-08-15 16:26:37 - [TEST_STEP][PASSED] - if (i == 4 &amp;&amp; wildList.indexOf(symbol) != -1): null

2019-08-15 16:26:37 - [TEST_STEP][PASSED] - symbol = symbol: null

2019-08-15 16:26:37 - [TEST_STEP][PASSED] - println(symbol): null

2019-08-15 16:26:37 - [TEST_STEP][PASSED] - if (i == 2 &amp;&amp; wildList.indexOf(symbol) != -1): null

2019-08-15 16:26:37 - [TEST_STEP][PASSED] - if (i == 3 &amp;&amp; wildList.indexOf(symbol) != -1): null

2019-08-15 16:26:37 - [TEST_STEP][PASSED] - if (i == 4 &amp;&amp; wildList.indexOf(symbol) != -1): null

2019-08-15 16:26:37 - [TEST_STEP][PASSED] - symbol = symbol: null

2019-08-15 16:26:37 - [TEST_STEP][PASSED] - println(symbol): null

2019-08-15 16:26:37 - [TEST_STEP][PASSED] - if (i == 2 &amp;&amp; wildList.indexOf(symbol) != -1): null

2019-08-15 16:26:37 - [TEST_STEP][PASSED] - if (i == 3 &amp;&amp; wildList.indexOf(symbol) != -1): null

2019-08-15 16:26:37 - [TEST_STEP][PASSED] - if (i == 4 &amp;&amp; wildList.indexOf(symbol) != -1): null

2019-08-15 16:26:37 - [TEST_STEP][PASSED] - symbols = symbols: null

2019-08-15 16:26:37 - [TEST_STEP][PASSED] - for ([j = 0, j &lt; symbols.size(), (j++)]): null

2019-08-15 16:26:37 - [TEST_STEP][PASSED] - symbol = symbol: null

2019-08-15 16:26:37 - [TEST_STEP][PASSED] - println(symbol): null

2019-08-15 16:26:37 - [TEST_STEP][PASSED] - if (i == 2 &amp;&amp; wildList.indexOf(symbol) != -1): null

2019-08-15 16:26:37 - [TEST_STEP][PASSED] - if (i == 3 &amp;&amp; wildList.indexOf(symbol) != -1): null

2019-08-15 16:26:37 - [TEST_STEP][PASSED] - if (i == 4 &amp;&amp; wildList.indexOf(symbol) != -1): null

2019-08-15 16:26:37 - [TEST_STEP][PASSED] - symbol = symbol: null

2019-08-15 16:26:37 - [TEST_STEP][PASSED] - println(symbol): null

2019-08-15 16:26:37 - [TEST_STEP][PASSED] - if (i == 2 &amp;&amp; wildList.indexOf(symbol) != -1): null

2019-08-15 16:26:37 - [TEST_STEP][PASSED] - if (i == 3 &amp;&amp; wildList.indexOf(symbol) != -1): null

2019-08-15 16:26:37 - [TEST_STEP][PASSED] - if (i == 4 &amp;&amp; wildList.indexOf(symbol) != -1): null

2019-08-15 16:26:37 - [TEST_STEP][PASSED] - symbol = symbol: null

2019-08-15 16:26:37 - [TEST_STEP][PASSED] - println(symbol): null

2019-08-15 16:26:37 - [TEST_STEP][PASSED] - if (i == 2 &amp;&amp; wildList.indexOf(symbol) != -1): null

2019-08-15 16:26:37 - [TEST_STEP][PASSED] - if (i == 3 &amp;&amp; wildList.indexOf(symbol) != -1): null

2019-08-15 16:26:37 - [TEST_STEP][PASSED] - if (i == 4 &amp;&amp; wildList.indexOf(symbol) != -1): null

2019-08-15 16:26:37 - [TEST_STEP][PASSED] - symbols = symbols: null

2019-08-15 16:26:37 - [TEST_STEP][PASSED] - for ([j = 0, j &lt; symbols.size(), (j++)]): null

2019-08-15 16:26:37 - [TEST_STEP][PASSED] - symbol = symbol: null

2019-08-15 16:26:37 - [TEST_STEP][PASSED] - println(symbol): null

2019-08-15 16:26:37 - [TEST_STEP][PASSED] - if (i == 2 &amp;&amp; wildList.indexOf(symbol) != -1): null

2019-08-15 16:26:37 - [TEST_STEP][PASSED] - if (i == 3 &amp;&amp; wildList.indexOf(symbol) != -1): null

2019-08-15 16:26:37 - [TEST_STEP][PASSED] - if (i == 4 &amp;&amp; wildList.indexOf(symbol) != -1): null

2019-08-15 16:26:37 - [TEST_STEP][PASSED] - symbol = symbol: null

2019-08-15 16:26:37 - [TEST_STEP][PASSED] - println(symbol): null

2019-08-15 16:26:37 - [TEST_STEP][PASSED] - if (i == 2 &amp;&amp; wildList.indexOf(symbol) != -1): null

2019-08-15 16:26:37 - [TEST_STEP][PASSED] - if (i == 3 &amp;&amp; wildList.indexOf(symbol) != -1): null

2019-08-15 16:26:37 - [TEST_STEP][PASSED] - if (i == 4 &amp;&amp; wildList.indexOf(symbol) != -1): null

2019-08-15 16:26:37 - [TEST_STEP][PASSED] - symbol = symbol: null

2019-08-15 16:26:37 - [TEST_STEP][PASSED] - println(symbol): null

2019-08-15 16:26:37 - [TEST_STEP][PASSED] - if (i == 2 &amp;&amp; wildList.indexOf(symbol) != -1): null

2019-08-15 16:26:37 - [TEST_STEP][PASSED] - if (i == 3 &amp;&amp; wildList.indexOf(symbol) != -1): null

2019-08-15 16:26:37 - [TEST_STEP][PASSED] - if (i == 4 &amp;&amp; wildList.indexOf(symbol) != -1): null

2019-08-15 16:26:37 - [TEST_STEP][PASSED] - symbols = symbols: null

2019-08-15 16:26:37 - [TEST_STEP][PASSED] - for ([j = 0, j &lt; symbols.size(), (j++)]): null

2019-08-15 16:26:37 - [TEST_STEP][PASSED] - symbol = symbol: null

2019-08-15 16:26:37 - [TEST_STEP][PASSED] - println(symbol): null

2019-08-15 16:26:37 - [TEST_STEP][PASSED] - if (i == 2 &amp;&amp; wildList.indexOf(symbol) != -1): null

2019-08-15 16:26:37 - [TEST_STEP][PASSED] - if (i == 3 &amp;&amp; wildList.indexOf(symbol) != -1): null

2019-08-15 16:26:37 - [TEST_STEP][PASSED] - if (i == 4 &amp;&amp; wildList.indexOf(symbol) != -1): null

2019-08-15 16:26:37 - [TEST_STEP][PASSED] - symbol = symbol: null

2019-08-15 16:26:37 - [TEST_STEP][PASSED] - println(symbol): null

2019-08-15 16:26:37 - [TEST_STEP][PASSED] - if (i == 2 &amp;&amp; wildList.indexOf(symbol) != -1): null

2019-08-15 16:26:37 - [TEST_STEP][PASSED] - if (i == 3 &amp;&amp; wildList.indexOf(symbol) != -1): null

2019-08-15 16:26:37 - [TEST_STEP][PASSED] - if (i == 4 &amp;&amp; wildList.indexOf(symbol) != -1): null

2019-08-15 16:26:37 - [TEST_STEP][PASSED] - symbol = symbol: null

2019-08-15 16:26:37 - [TEST_STEP][PASSED] - println(symbol): null

2019-08-15 16:26:37 - [TEST_STEP][PASSED] - if (i == 2 &amp;&amp; wildList.indexOf(symbol) != -1): null

2019-08-15 16:26:37 - [TEST_STEP][PASSED] - if (i == 3 &amp;&amp; wildList.indexOf(symbol) != -1): null

2019-08-15 16:26:37 - [TEST_STEP][PASSED] - println("wild found on reel 4, adding counter by 1"): null

2019-08-15 16:26:37 - [TEST_STEP][PASSED] - free_spin_reel_counter[1] = free_spin_reel_counter[1] + 1: null

2019-08-15 16:26:37 - [TEST_STEP][PASSED] - if (i == 4 &amp;&amp; wildList.indexOf(symbol) != -1): null

2019-08-15 16:26:37 - [TEST_STEP][PASSED] - symbols = symbols: null

2019-08-15 16:26:37 - [TEST_STEP][PASSED] - for ([j = 0, j &lt; symbols.size(), (j++)]): null

2019-08-15 16:26:37 - [TEST_STEP][PASSED] - symbol = symbol: null

2019-08-15 16:26:37 - [TEST_STEP][PASSED] - println(symbol): null

2019-08-15 16:26:37 - [TEST_STEP][PASSED] - if (i == 2 &amp;&amp; wildList.indexOf(symbol) != -1): null

2019-08-15 16:26:37 - [TEST_STEP][PASSED] - if (i == 3 &amp;&amp; wildList.indexOf(symbol) != -1): null

2019-08-15 16:26:37 - [TEST_STEP][PASSED] - if (i == 4 &amp;&amp; wildList.indexOf(symbol) != -1): null

2019-08-15 16:26:37 - [TEST_STEP][PASSED] - symbol = symbol: null

2019-08-15 16:26:37 - [TEST_STEP][PASSED] - println(symbol): null

2019-08-15 16:26:37 - [TEST_STEP][PASSED] - if (i == 2 &amp;&amp; wildList.indexOf(symbol) != -1): null

2019-08-15 16:26:37 - [TEST_STEP][PASSED] - if (i == 3 &amp;&amp; wildList.indexOf(symbol) != -1): null

2019-08-15 16:26:37 - [TEST_STEP][PASSED] - if (i == 4 &amp;&amp; wildList.indexOf(symbol) != -1): null

2019-08-15 16:26:37 - [TEST_STEP][PASSED] - symbol = symbol: null

2019-08-15 16:26:37 - [TEST_STEP][PASSED] - println(symbol): null

2019-08-15 16:26:37 - [TEST_STEP][PASSED] - if (i == 2 &amp;&amp; wildList.indexOf(symbol) != -1): null

2019-08-15 16:26:37 - [TEST_STEP][PASSED] - if (i == 3 &amp;&amp; wildList.indexOf(symbol) != -1): null

2019-08-15 16:26:37 - [TEST_STEP][PASSED] - if (i == 4 &amp;&amp; wildList.indexOf(symbol) != -1): null

2019-08-15 16:26:37 - [TEST_STEP][PASSED] - free_spin_reel_counter = free_spin_reel_counter: null

2019-08-15 16:26:37 - [TEST_STEP][PASSED] - println("reel 3 wild found: " + free_spin_reel_counter[0]): null

2019-08-15 16:26:37 - [TEST_STEP][PASSED] - println("reel 4 wild found: " + free_spin_reel_counter[1]): null

2019-08-15 16:26:37 - [TEST_STEP][PASSED] - println("reel 5 wild found: " + free_spin_reel_counter[2]): null

2019-08-15 16:26:37 - [TEST_STEP][PASSED] - M4_spin_reels = M4_spin_reels: null

2019-08-15 16:26:37 - [TEST_STEP][PASSED] - M4_spin_reels_symbols = symbol: null

2019-08-15 16:26:37 - [TEST_STEP][PASSED] - M4_spin_reels_symbols = M4_spin_reels_symbols: null

2019-08-15 16:26:37 - [TEST_STEP][PASSED] - M4_spin_reel_wins = reel_wins: null

2019-08-15 16:26:37 - [TEST_STEP][PASSED] - M4_spin_reel_wins = M4_spin_reel_wins: null

2019-08-15 16:26:37 - [TEST_STEP][PASSED] - println("GlobalVariable.M4_spin_reel_wins is: " + M4_spin_reel_wins): null

2019-08-15 16:26:37 - [TEST_STEP][PASSED] - M4_spin_total_bonus_win_this_round = total_bonus_win_this_round: null

2019-08-15 16:26:37 - [TEST_STEP][PASSED] - M4_spin_total_bonus_win_this_round = M4_spin_total_bonus_win_this_round: null

2019-08-15 16:26:37 - [TEST_STEP][PASSED] - println("GlobalVariable.M4_spin_total_bonus_win_this_round is: " + M4_spin_total_bonus_win_this_round): null

2019-08-15 16:26:37 - [MESSAGE][PASSED] - Verify response successfully

2019-08-15 16:26:37 - [MESSAGE][PASSED] - Send request and verify the response successfully

2019-08-15 16:26:37 - [TEST_STEP][PASSED] - if (M4_total_bonus_spins_int != 0 &amp;&amp; M4_spin_reels_symbols[2].contains("WILD_Normal") || M4_spin_reels_symbols[3].contains("WILD_Normal") || M4_spin_reels_symbols[4].contains("WILD_Normal")): null

2019-08-15 16:26:37 - [TEST_STEP][PASSED] - free_spin_reel_counter = free_spin_reel_counter: null

2019-08-15 16:26:37 - [TEST_STEP][PASSED] - M4_spin_reels_symbols = M4_spin_reels_symbols: null

2019-08-15 16:26:37 - [TEST_STEP][PASSED] - M4_total_bonus_spins = M4_total_bonus_spins: null

2019-08-15 16:26:37 - [TEST_STEP][PASSED] - spin_result = sendRequestAndVerify(findTestObject("STG/RGS(M4)/1_M4_spin", ["M4_login_user_id":M4_login_user_id, "rgs_session_token":rgs_session_token, "partner":Partner])): Send request and verify the response successfully

2019-08-15 16:26:37 - [TEST_CASE][PASSED] - Start Test Case : Verification: Verification accomplished successfully

2019-08-15 16:26:37 - [TEST_STEP][PASSED] - request = getInstance().getCurrentRequest(): null

2019-08-15 16:26:38 - [TEST_STEP][PASSED] - response = getInstance().getCurrentResponse(): null

2019-08-15 16:26:38 - [TEST_STEP][PASSED] - verifyResponseStatusCode(response, 200): Verify response status code successfully

2019-08-15 16:26:38 - [MESSAGE][PASSED] - Verify response status code successfully

2019-08-15 16:26:38 - [TEST_STEP][PASSED] - getStatusCode()).isEqualTo(200): null

2019-08-15 16:26:38 - [TEST_STEP][PASSED] - newline = System.getProperty("line.separator"): null

2019-08-15 16:26:38 - [TEST_STEP][PASSED] - M4_spin = new groovy.json.JsonSlurper(): null

2019-08-15 16:26:38 - [TEST_STEP][PASSED] - result_M4_spin = M4_spin.parseText(response.getResponseBodyContent()): null

2019-08-15 16:26:38 - [TEST_STEP][PASSED] - M4_spin_current_balance = current_balance: null

2019-08-15 16:26:38 - [TEST_STEP][PASSED] - M4_spin_current_balance = M4_spin_current_balance: null

2019-08-15 16:26:38 - [TEST_STEP][PASSED] - M4_spin_transaction_id = causality: null

2019-08-15 16:26:38 - [TEST_STEP][PASSED] - M4_spin_transaction_id = M4_spin_transaction_id: null

2019-08-15 16:26:38 - [TEST_STEP][PASSED] - M4_spin_round_id = round_id: null

2019-08-15 16:26:38 - [TEST_STEP][PASSED] - M4_spin_round_id = M4_spin_round_id: null

2019-08-15 16:26:38 - [TEST_STEP][PASSED] - M4_spin_line_wins = line_wins: null

2019-08-15 16:26:38 - [TEST_STEP][PASSED] - M4_spin_line_wins = M4_spin_line_wins: null

2019-08-15 16:26:38 - [TEST_STEP][PASSED] - M4_total_bonus_spins_int = total_bonus_spins: null

2019-08-15 16:26:38 - [TEST_STEP][PASSED] - println("******M4_total_bonus_spins type is:*******" + newline + getClass().getName()): null

2019-08-15 16:26:38 - [TEST_STEP][PASSED] - M4_total_bonus_spins_int = M4_total_bonus_spins_int: null

2019-08-15 16:26:38 - [TEST_STEP][PASSED] - M4_total_bonus_spins = Integer.toString(M4_total_bonus_spins_int): null

2019-08-15 16:26:38 - [TEST_STEP][PASSED] - M4_total_bonus_spins = M4_total_bonus_spins: null

2019-08-15 16:26:38 - [TEST_STEP][PASSED] - println("M4_total_bonus_spins is:" + M4_total_bonus_spins): null

2019-08-15 16:26:38 - [TEST_STEP][PASSED] - M4_spin_bonus_data = bonus_data: null

2019-08-15 16:26:38 - [TEST_STEP][PASSED] - M4_spin_features_triggered = result_M4_spin: null

2019-08-15 16:26:38 - [TEST_STEP][PASSED] - wild = []: null

2019-08-15 16:26:38 - [TEST_STEP][PASSED] - wild[0] = "WILD_Expanding": null

2019-08-15 16:26:38 - [TEST_STEP][PASSED] - wild[1] = "WILD_Normal": null

2019-08-15 16:26:38 - [TEST_STEP][PASSED] - wild[2] = "WILD_Double": null

2019-08-15 16:26:38 - [TEST_STEP][PASSED] - wild[3] = "WILD_ExtraFG": null

2019-08-15 16:26:38 - [TEST_STEP][PASSED] - wild[4] = "WILD_Triple": null

2019-08-15 16:26:38 - [TEST_STEP][PASSED] - wildList = Arrays.asList(wild): null

2019-08-15 16:26:38 - [TEST_STEP][PASSED] - wildList = wildList: null

2019-08-15 16:26:38 - [TEST_STEP][PASSED] - free_spin_reel_counter = []: null

2019-08-15 16:26:38 - [TEST_STEP][PASSED] - free_spin_reel_counter[0] = 0: null

2019-08-15 16:26:38 - [TEST_STEP][PASSED] - free_spin_reel_counter[1] = 0: null

2019-08-15 16:26:38 - [TEST_STEP][PASSED] - free_spin_reel_counter[2] = 0: null

2019-08-15 16:26:38 - [TEST_STEP][PASSED] - M4_spin_reels = reels: null

2019-08-15 16:26:38 - [TEST_STEP][PASSED] - for ([i = 0, i &lt; M4_spin_reels.size(), (i++)]): null

2019-08-15 16:26:38 - [TEST_STEP][PASSED] - symbols = symbols: null

2019-08-15 16:26:38 - [TEST_STEP][PASSED] - for ([j = 0, j &lt; symbols.size(), (j++)]): null

2019-08-15 16:26:38 - [TEST_STEP][PASSED] - symbol = symbol: null

2019-08-15 16:26:38 - [TEST_STEP][PASSED] - println(symbol): null

2019-08-15 16:26:38 - [TEST_STEP][PASSED] - if (i == 2 &amp;&amp; wildList.indexOf(symbol) != -1): null

2019-08-15 16:26:38 - [TEST_STEP][PASSED] - if (i == 3 &amp;&amp; wildList.indexOf(symbol) != -1): null

2019-08-15 16:26:38 - [TEST_STEP][PASSED] - if (i == 4 &amp;&amp; wildList.indexOf(symbol) != -1): null

2019-08-15 16:26:38 - [TEST_STEP][PASSED] - symbol = symbol: null

2019-08-15 16:26:38 - [TEST_STEP][PASSED] - println(symbol): null

2019-08-15 16:26:38 - [TEST_STEP][PASSED] - if (i == 2 &amp;&amp; wildList.indexOf(symbol) != -1): null

2019-08-15 16:26:38 - [TEST_STEP][PASSED] - if (i == 3 &amp;&amp; wildList.indexOf(symbol) != -1): null

2019-08-15 16:26:38 - [TEST_STEP][PASSED] - if (i == 4 &amp;&amp; wildList.indexOf(symbol) != -1): null

2019-08-15 16:26:38 - [TEST_STEP][PASSED] - symbol = symbol: null

2019-08-15 16:26:38 - [TEST_STEP][PASSED] - println(symbol): null

2019-08-15 16:26:38 - [TEST_STEP][PASSED] - if (i == 2 &amp;&amp; wildList.indexOf(symbol) != -1): null

2019-08-15 16:26:38 - [TEST_STEP][PASSED] - if (i == 3 &amp;&amp; wildList.indexOf(symbol) != -1): null

2019-08-15 16:26:38 - [TEST_STEP][PASSED] - if (i == 4 &amp;&amp; wildList.indexOf(symbol) != -1): null

2019-08-15 16:26:38 - [TEST_STEP][PASSED] - symbols = symbols: null

2019-08-15 16:26:38 - [TEST_STEP][PASSED] - for ([j = 0, j &lt; symbols.size(), (j++)]): null

2019-08-15 16:26:38 - [TEST_STEP][PASSED] - symbol = symbol: null

2019-08-15 16:26:38 - [TEST_STEP][PASSED] - println(symbol): null

2019-08-15 16:26:38 - [TEST_STEP][PASSED] - if (i == 2 &amp;&amp; wildList.indexOf(symbol) != -1): null

2019-08-15 16:26:38 - [TEST_STEP][PASSED] - if (i == 3 &amp;&amp; wildList.indexOf(symbol) != -1): null

2019-08-15 16:26:38 - [TEST_STEP][PASSED] - if (i == 4 &amp;&amp; wildList.indexOf(symbol) != -1): null

2019-08-15 16:26:38 - [TEST_STEP][PASSED] - symbol = symbol: null

2019-08-15 16:26:38 - [TEST_STEP][PASSED] - println(symbol): null

2019-08-15 16:26:38 - [TEST_STEP][PASSED] - if (i == 2 &amp;&amp; wildList.indexOf(symbol) != -1): null

2019-08-15 16:26:38 - [TEST_STEP][PASSED] - if (i == 3 &amp;&amp; wildList.indexOf(symbol) != -1): null

2019-08-15 16:26:38 - [TEST_STEP][PASSED] - if (i == 4 &amp;&amp; wildList.indexOf(symbol) != -1): null

2019-08-15 16:26:38 - [TEST_STEP][PASSED] - symbol = symbol: null

2019-08-15 16:26:38 - [TEST_STEP][PASSED] - println(symbol): null

2019-08-15 16:26:38 - [TEST_STEP][PASSED] - if (i == 2 &amp;&amp; wildList.indexOf(symbol) != -1): null

2019-08-15 16:26:38 - [TEST_STEP][PASSED] - if (i == 3 &amp;&amp; wildList.indexOf(symbol) != -1): null

2019-08-15 16:26:38 - [TEST_STEP][PASSED] - if (i == 4 &amp;&amp; wildList.indexOf(symbol) != -1): null

2019-08-15 16:26:38 - [TEST_STEP][PASSED] - symbols = symbols: null

2019-08-15 16:26:38 - [TEST_STEP][PASSED] - for ([j = 0, j &lt; symbols.size(), (j++)]): null

2019-08-15 16:26:38 - [TEST_STEP][PASSED] - symbol = symbol: null

2019-08-15 16:26:38 - [TEST_STEP][PASSED] - println(symbol): null

2019-08-15 16:26:38 - [TEST_STEP][PASSED] - if (i == 2 &amp;&amp; wildList.indexOf(symbol) != -1): null

2019-08-15 16:26:38 - [TEST_STEP][PASSED] - if (i == 3 &amp;&amp; wildList.indexOf(symbol) != -1): null

2019-08-15 16:26:38 - [TEST_STEP][PASSED] - if (i == 4 &amp;&amp; wildList.indexOf(symbol) != -1): null

2019-08-15 16:26:38 - [TEST_STEP][PASSED] - symbol = symbol: null

2019-08-15 16:26:38 - [TEST_STEP][PASSED] - println(symbol): null

2019-08-15 16:26:38 - [TEST_STEP][PASSED] - if (i == 2 &amp;&amp; wildList.indexOf(symbol) != -1): null

2019-08-15 16:26:38 - [TEST_STEP][PASSED] - if (i == 3 &amp;&amp; wildList.indexOf(symbol) != -1): null

2019-08-15 16:26:38 - [TEST_STEP][PASSED] - if (i == 4 &amp;&amp; wildList.indexOf(symbol) != -1): null

2019-08-15 16:26:38 - [TEST_STEP][PASSED] - symbol = symbol: null

2019-08-15 16:26:38 - [TEST_STEP][PASSED] - println(symbol): null

2019-08-15 16:26:38 - [TEST_STEP][PASSED] - if (i == 2 &amp;&amp; wildList.indexOf(symbol) != -1): null

2019-08-15 16:26:38 - [TEST_STEP][PASSED] - if (i == 3 &amp;&amp; wildList.indexOf(symbol) != -1): null

2019-08-15 16:26:38 - [TEST_STEP][PASSED] - if (i == 4 &amp;&amp; wildList.indexOf(symbol) != -1): null

2019-08-15 16:26:38 - [TEST_STEP][PASSED] - symbols = symbols: null

2019-08-15 16:26:38 - [TEST_STEP][PASSED] - for ([j = 0, j &lt; symbols.size(), (j++)]): null

2019-08-15 16:26:38 - [TEST_STEP][PASSED] - symbol = symbol: null

2019-08-15 16:26:38 - [TEST_STEP][PASSED] - println(symbol): null

2019-08-15 16:26:38 - [TEST_STEP][PASSED] - if (i == 2 &amp;&amp; wildList.indexOf(symbol) != -1): null

2019-08-15 16:26:38 - [TEST_STEP][PASSED] - if (i == 3 &amp;&amp; wildList.indexOf(symbol) != -1): null

2019-08-15 16:26:38 - [TEST_STEP][PASSED] - if (i == 4 &amp;&amp; wildList.indexOf(symbol) != -1): null

2019-08-15 16:26:38 - [TEST_STEP][PASSED] - symbol = symbol: null

2019-08-15 16:26:38 - [TEST_STEP][PASSED] - println(symbol): null

2019-08-15 16:26:38 - [TEST_STEP][PASSED] - if (i == 2 &amp;&amp; wildList.indexOf(symbol) != -1): null

2019-08-15 16:26:38 - [TEST_STEP][PASSED] - if (i == 3 &amp;&amp; wildList.indexOf(symbol) != -1): null

2019-08-15 16:26:38 - [TEST_STEP][PASSED] - if (i == 4 &amp;&amp; wildList.indexOf(symbol) != -1): null

2019-08-15 16:26:38 - [TEST_STEP][PASSED] - symbol = symbol: null

2019-08-15 16:26:38 - [TEST_STEP][PASSED] - println(symbol): null

2019-08-15 16:26:38 - [TEST_STEP][PASSED] - if (i == 2 &amp;&amp; wildList.indexOf(symbol) != -1): null

2019-08-15 16:26:38 - [TEST_STEP][PASSED] - if (i == 3 &amp;&amp; wildList.indexOf(symbol) != -1): null

2019-08-15 16:26:38 - [TEST_STEP][PASSED] - println("wild found on reel 4, adding counter by 1"): null

2019-08-15 16:26:38 - [TEST_STEP][PASSED] - free_spin_reel_counter[1] = free_spin_reel_counter[1] + 1: null

2019-08-15 16:26:38 - [TEST_STEP][PASSED] - if (i == 4 &amp;&amp; wildList.indexOf(symbol) != -1): null

2019-08-15 16:26:38 - [TEST_STEP][PASSED] - symbols = symbols: null

2019-08-15 16:26:38 - [TEST_STEP][PASSED] - for ([j = 0, j &lt; symbols.size(), (j++)]): null

2019-08-15 16:26:38 - [TEST_STEP][PASSED] - symbol = symbol: null

2019-08-15 16:26:38 - [TEST_STEP][PASSED] - println(symbol): null

2019-08-15 16:26:38 - [TEST_STEP][PASSED] - if (i == 2 &amp;&amp; wildList.indexOf(symbol) != -1): null

2019-08-15 16:26:38 - [TEST_STEP][PASSED] - if (i == 3 &amp;&amp; wildList.indexOf(symbol) != -1): null

2019-08-15 16:26:38 - [TEST_STEP][PASSED] - if (i == 4 &amp;&amp; wildList.indexOf(symbol) != -1): null

2019-08-15 16:26:38 - [TEST_STEP][PASSED] - symbol = symbol: null

2019-08-15 16:26:38 - [TEST_STEP][PASSED] - println(symbol): null

2019-08-15 16:26:38 - [TEST_STEP][PASSED] - if (i == 2 &amp;&amp; wildList.indexOf(symbol) != -1): null

2019-08-15 16:26:38 - [TEST_STEP][PASSED] - if (i == 3 &amp;&amp; wildList.indexOf(symbol) != -1): null

2019-08-15 16:26:38 - [TEST_STEP][PASSED] - if (i == 4 &amp;&amp; wildList.indexOf(symbol) != -1): null

2019-08-15 16:26:38 - [TEST_STEP][PASSED] - symbol = symbol: null

2019-08-15 16:26:38 - [TEST_STEP][PASSED] - println(symbol): null

2019-08-15 16:26:38 - [TEST_STEP][PASSED] - if (i == 2 &amp;&amp; wildList.indexOf(symbol) != -1): null

2019-08-15 16:26:38 - [TEST_STEP][PASSED] - if (i == 3 &amp;&amp; wildList.indexOf(symbol) != -1): null

2019-08-15 16:26:38 - [TEST_STEP][PASSED] - if (i == 4 &amp;&amp; wildList.indexOf(symbol) != -1): null

2019-08-15 16:26:38 - [TEST_STEP][PASSED] - free_spin_reel_counter = free_spin_reel_counter: null

2019-08-15 16:26:38 - [TEST_STEP][PASSED] - println("reel 3 wild found: " + free_spin_reel_counter[0]): null

2019-08-15 16:26:38 - [TEST_STEP][PASSED] - println("reel 4 wild found: " + free_spin_reel_counter[1]): null

2019-08-15 16:26:38 - [TEST_STEP][PASSED] - println("reel 5 wild found: " + free_spin_reel_counter[2]): null

2019-08-15 16:26:38 - [TEST_STEP][PASSED] - M4_spin_reels = M4_spin_reels: null

2019-08-15 16:26:38 - [TEST_STEP][PASSED] - M4_spin_reels_symbols = symbol: null

2019-08-15 16:26:38 - [TEST_STEP][PASSED] - M4_spin_reels_symbols = M4_spin_reels_symbols: null

2019-08-15 16:26:38 - [TEST_STEP][PASSED] - M4_spin_reel_wins = reel_wins: null

2019-08-15 16:26:38 - [TEST_STEP][PASSED] - M4_spin_reel_wins = M4_spin_reel_wins: null

2019-08-15 16:26:38 - [TEST_STEP][PASSED] - println("GlobalVariable.M4_spin_reel_wins is: " + M4_spin_reel_wins): null

2019-08-15 16:26:38 - [TEST_STEP][PASSED] - M4_spin_total_bonus_win_this_round = total_bonus_win_this_round: null

2019-08-15 16:26:38 - [TEST_STEP][PASSED] - M4_spin_total_bonus_win_this_round = M4_spin_total_bonus_win_this_round: null

2019-08-15 16:26:38 - [TEST_STEP][PASSED] - println("GlobalVariable.M4_spin_total_bonus_win_this_round is: " + M4_spin_total_bonus_win_this_round): null

2019-08-15 16:26:38 - [MESSAGE][PASSED] - Verify response successfully

2019-08-15 16:26:38 - [MESSAGE][PASSED] - Send request and verify the response successfully

2019-08-15 16:26:38 - [TEST_STEP][PASSED] - if (M4_total_bonus_spins_int != 0 &amp;&amp; M4_spin_reels_symbols[2].contains("WILD_Normal") || M4_spin_reels_symbols[3].contains("WILD_Normal") || M4_spin_reels_symbols[4].contains("WILD_Normal")): null

2019-08-15 16:26:38 - [TEST_STEP][PASSED] - free_spin_reel_counter = free_spin_reel_counter: null

2019-08-15 16:26:38 - [TEST_STEP][PASSED] - M4_spin_reels_symbols = M4_spin_reels_symbols: null

2019-08-15 16:26:38 - [TEST_STEP][PASSED] - M4_total_bonus_spins = M4_total_bonus_spins: null

2019-08-15 16:26:38 - [TEST_STEP][PASSED] - spin_result = sendRequestAndVerify(findTestObject("STG/RGS(M4)/1_M4_spin", ["M4_login_user_id":M4_login_user_id, "rgs_session_token":rgs_session_token, "partner":Partner])): Send request and verify the response successfully

2019-08-15 16:26:38 - [TEST_CASE][PASSED] - Start Test Case : Verification: Verification accomplished successfully

2019-08-15 16:26:38 - [TEST_STEP][PASSED] - request = getInstance().getCurrentRequest(): null

2019-08-15 16:26:38 - [TEST_STEP][PASSED] - response = getInstance().getCurrentResponse(): null

2019-08-15 16:26:38 - [TEST_STEP][PASSED] - verifyResponseStatusCode(response, 200): Verify response status code successfully

2019-08-15 16:26:38 - [MESSAGE][PASSED] - Verify response status code successfully

2019-08-15 16:26:38 - [TEST_STEP][PASSED] - getStatusCode()).isEqualTo(200): null

2019-08-15 16:26:38 - [TEST_STEP][PASSED] - newline = System.getProperty("line.separator"): null

2019-08-15 16:26:38 - [TEST_STEP][PASSED] - M4_spin = new groovy.json.JsonSlurper(): null

2019-08-15 16:26:38 - [TEST_STEP][PASSED] - result_M4_spin = M4_spin.parseText(response.getResponseBodyContent()): null

2019-08-15 16:26:38 - [TEST_STEP][PASSED] - M4_spin_current_balance = current_balance: null

2019-08-15 16:26:38 - [TEST_STEP][PASSED] - M4_spin_current_balance = M4_spin_current_balance: null

2019-08-15 16:26:38 - [TEST_STEP][PASSED] - M4_spin_transaction_id = causality: null

2019-08-15 16:26:38 - [TEST_STEP][PASSED] - M4_spin_transaction_id = M4_spin_transaction_id: null

2019-08-15 16:26:38 - [TEST_STEP][PASSED] - M4_spin_round_id = round_id: null

2019-08-15 16:26:38 - [TEST_STEP][PASSED] - M4_spin_round_id = M4_spin_round_id: null

2019-08-15 16:26:38 - [TEST_STEP][PASSED] - M4_spin_line_wins = line_wins: null

2019-08-15 16:26:38 - [TEST_STEP][PASSED] - M4_spin_line_wins = M4_spin_line_wins: null

2019-08-15 16:26:38 - [TEST_STEP][PASSED] - M4_total_bonus_spins_int = total_bonus_spins: null

2019-08-15 16:26:38 - [TEST_STEP][PASSED] - println("******M4_total_bonus_spins type is:*******" + newline + getClass().getName()): null

2019-08-15 16:26:38 - [TEST_STEP][PASSED] - M4_total_bonus_spins_int = M4_total_bonus_spins_int: null

2019-08-15 16:26:38 - [TEST_STEP][PASSED] - M4_total_bonus_spins = Integer.toString(M4_total_bonus_spins_int): null

2019-08-15 16:26:38 - [TEST_STEP][PASSED] - M4_total_bonus_spins = M4_total_bonus_spins: null

2019-08-15 16:26:38 - [TEST_STEP][PASSED] - println("M4_total_bonus_spins is:" + M4_total_bonus_spins): null

2019-08-15 16:26:38 - [TEST_STEP][PASSED] - M4_spin_bonus_data = bonus_data: null

2019-08-15 16:26:38 - [TEST_STEP][PASSED] - M4_spin_features_triggered = result_M4_spin: null

2019-08-15 16:26:38 - [TEST_STEP][PASSED] - wild = []: null

2019-08-15 16:26:38 - [TEST_STEP][PASSED] - wild[0] = "WILD_Expanding": null

2019-08-15 16:26:38 - [TEST_STEP][PASSED] - wild[1] = "WILD_Normal": null

2019-08-15 16:26:38 - [TEST_STEP][PASSED] - wild[2] = "WILD_Double": null

2019-08-15 16:26:38 - [TEST_STEP][PASSED] - wild[3] = "WILD_ExtraFG": null

2019-08-15 16:26:38 - [TEST_STEP][PASSED] - wild[4] = "WILD_Triple": null

2019-08-15 16:26:38 - [TEST_STEP][PASSED] - wildList = Arrays.asList(wild): null

2019-08-15 16:26:38 - [TEST_STEP][PASSED] - wildList = wildList: null

2019-08-15 16:26:38 - [TEST_STEP][PASSED] - free_spin_reel_counter = []: null

2019-08-15 16:26:38 - [TEST_STEP][PASSED] - free_spin_reel_counter[0] = 0: null

2019-08-15 16:26:38 - [TEST_STEP][PASSED] - free_spin_reel_counter[1] = 0: null

2019-08-15 16:26:38 - [TEST_STEP][PASSED] - free_spin_reel_counter[2] = 0: null

2019-08-15 16:26:38 - [TEST_STEP][PASSED] - M4_spin_reels = reels: null

2019-08-15 16:26:38 - [TEST_STEP][PASSED] - for ([i = 0, i &lt; M4_spin_reels.size(), (i++)]): null

2019-08-15 16:26:43 - [TEST_STEP][PASSED] - symbols = symbols: null

2019-08-15 16:26:43 - [TEST_STEP][PASSED] - for ([j = 0, j &lt; symbols.size(), (j++)]): null

2019-08-15 16:26:43 - [TEST_STEP][PASSED] - symbol = symbol: null

2019-08-15 16:26:43 - [TEST_STEP][PASSED] - println(symbol): null

2019-08-15 16:26:43 - [TEST_STEP][PASSED] - if (i == 2 &amp;&amp; wildList.indexOf(symbol) != -1): null

2019-08-15 16:26:43 - [TEST_STEP][PASSED] - if (i == 3 &amp;&amp; wildList.indexOf(symbol) != -1): null

2019-08-15 16:26:43 - [TEST_STEP][PASSED] - if (i == 4 &amp;&amp; wildList.indexOf(symbol) != -1): null

2019-08-15 16:26:43 - [TEST_STEP][PASSED] - symbol = symbol: null

2019-08-15 16:26:43 - [TEST_STEP][PASSED] - println(symbol): null

2019-08-15 16:26:43 - [TEST_STEP][PASSED] - if (i == 2 &amp;&amp; wildList.indexOf(symbol) != -1): null

2019-08-15 16:26:43 - [TEST_STEP][PASSED] - if (i == 3 &amp;&amp; wildList.indexOf(symbol) != -1): null

2019-08-15 16:26:43 - [TEST_STEP][PASSED] - if (i == 4 &amp;&amp; wildList.indexOf(symbol) != -1): null

2019-08-15 16:26:43 - [TEST_STEP][PASSED] - symbol = symbol: null

2019-08-15 16:26:43 - [TEST_STEP][PASSED] - println(symbol): null

2019-08-15 16:26:43 - [TEST_STEP][PASSED] - if (i == 2 &amp;&amp; wildList.indexOf(symbol) != -1): null

2019-08-15 16:26:43 - [TEST_STEP][PASSED] - if (i == 3 &amp;&amp; wildList.indexOf(symbol) != -1): null

2019-08-15 16:26:43 - [TEST_STEP][PASSED] - if (i == 4 &amp;&amp; wildList.indexOf(symbol) != -1): null

2019-08-15 16:26:43 - [TEST_STEP][PASSED] - symbols = symbols: null

2019-08-15 16:26:43 - [TEST_STEP][PASSED] - for ([j = 0, j &lt; symbols.size(), (j++)]): null

2019-08-15 16:26:43 - [TEST_STEP][PASSED] - symbol = symbol: null

2019-08-15 16:26:43 - [TEST_STEP][PASSED] - println(symbol): null

2019-08-15 16:26:43 - [TEST_STEP][PASSED] - if (i == 2 &amp;&amp; wildList.indexOf(symbol) != -1): null

2019-08-15 16:26:43 - [TEST_STEP][PASSED] - if (i == 3 &amp;&amp; wildList.indexOf(symbol) != -1): null

2019-08-15 16:26:43 - [TEST_STEP][PASSED] - if (i == 4 &amp;&amp; wildList.indexOf(symbol) != -1): null

2019-08-15 16:26:43 - [TEST_STEP][PASSED] - symbol = symbol: null

2019-08-15 16:26:43 - [TEST_STEP][PASSED] - println(symbol): null

2019-08-15 16:26:43 - [TEST_STEP][PASSED] - if (i == 2 &amp;&amp; wildList.indexOf(symbol) != -1): null

2019-08-15 16:26:43 - [TEST_STEP][PASSED] - if (i == 3 &amp;&amp; wildList.indexOf(symbol) != -1): null

2019-08-15 16:26:43 - [TEST_STEP][PASSED] - if (i == 4 &amp;&amp; wildList.indexOf(symbol) != -1): null

2019-08-15 16:26:43 - [TEST_STEP][PASSED] - symbol = symbol: null

2019-08-15 16:26:43 - [TEST_STEP][PASSED] - println(symbol): null

2019-08-15 16:26:43 - [TEST_STEP][PASSED] - if (i == 2 &amp;&amp; wildList.indexOf(symbol) != -1): null

2019-08-15 16:26:43 - [TEST_STEP][PASSED] - if (i == 3 &amp;&amp; wildList.indexOf(symbol) != -1): null

2019-08-15 16:26:43 - [TEST_STEP][PASSED] - if (i == 4 &amp;&amp; wildList.indexOf(symbol) != -1): null

2019-08-15 16:26:43 - [TEST_STEP][PASSED] - symbols = symbols: null

2019-08-15 16:26:43 - [TEST_STEP][PASSED] - for ([j = 0, j &lt; symbols.size(), (j++)]): null

2019-08-15 16:26:43 - [TEST_STEP][PASSED] - symbol = symbol: null

2019-08-15 16:26:43 - [TEST_STEP][PASSED] - println(symbol): null

2019-08-15 16:26:43 - [TEST_STEP][PASSED] - if (i == 2 &amp;&amp; wildList.indexOf(symbol) != -1): null

2019-08-15 16:26:43 - [TEST_STEP][PASSED] - println("wild found on reel 3, adding counter by 1"): null

2019-08-15 16:26:43 - [TEST_STEP][PASSED] - free_spin_reel_counter[0] = free_spin_reel_counter[0] + 1: null

2019-08-15 16:26:43 - [TEST_STEP][PASSED] - if (i == 3 &amp;&amp; wildList.indexOf(symbol) != -1): null

2019-08-15 16:26:43 - [TEST_STEP][PASSED] - if (i == 4 &amp;&amp; wildList.indexOf(symbol) != -1): null

2019-08-15 16:26:43 - [TEST_STEP][PASSED] - symbol = symbol: null

2019-08-15 16:26:43 - [TEST_STEP][PASSED] - println(symbol): null

2019-08-15 16:26:43 - [TEST_STEP][PASSED] - if (i == 2 &amp;&amp; wildList.indexOf(symbol) != -1): null

2019-08-15 16:26:43 - [TEST_STEP][PASSED] - if (i == 3 &amp;&amp; wildList.indexOf(symbol) != -1): null

2019-08-15 16:26:43 - [TEST_STEP][PASSED] - if (i == 4 &amp;&amp; wildList.indexOf(symbol) != -1): null

2019-08-15 16:26:43 - [TEST_STEP][PASSED] - symbol = symbol: null

2019-08-15 16:26:43 - [TEST_STEP][PASSED] - println(symbol): null

2019-08-15 16:26:43 - [TEST_STEP][PASSED] - if (i == 2 &amp;&amp; wildList.indexOf(symbol) != -1): null

2019-08-15 16:26:43 - [TEST_STEP][PASSED] - if (i == 3 &amp;&amp; wildList.indexOf(symbol) != -1): null

2019-08-15 16:26:43 - [TEST_STEP][PASSED] - if (i == 4 &amp;&amp; wildList.indexOf(symbol) != -1): null

2019-08-15 16:26:43 - [TEST_STEP][PASSED] - symbols = symbols: null

2019-08-15 16:26:43 - [TEST_STEP][PASSED] - for ([j = 0, j &lt; symbols.size(), (j++)]): null

2019-08-15 16:26:43 - [TEST_STEP][PASSED] - symbol = symbol: null

2019-08-15 16:26:43 - [TEST_STEP][PASSED] - println(symbol): null

2019-08-15 16:26:43 - [TEST_STEP][PASSED] - if (i == 2 &amp;&amp; wildList.indexOf(symbol) != -1): null

2019-08-15 16:26:43 - [TEST_STEP][PASSED] - if (i == 3 &amp;&amp; wildList.indexOf(symbol) != -1): null

2019-08-15 16:26:43 - [TEST_STEP][PASSED] - if (i == 4 &amp;&amp; wildList.indexOf(symbol) != -1): null

2019-08-15 16:26:43 - [TEST_STEP][PASSED] - symbol = symbol: null

2019-08-15 16:26:43 - [TEST_STEP][PASSED] - println(symbol): null

2019-08-15 16:26:43 - [TEST_STEP][PASSED] - if (i == 2 &amp;&amp; wildList.indexOf(symbol) != -1): null

2019-08-15 16:26:43 - [TEST_STEP][PASSED] - if (i == 3 &amp;&amp; wildList.indexOf(symbol) != -1): null

2019-08-15 16:26:43 - [TEST_STEP][PASSED] - if (i == 4 &amp;&amp; wildList.indexOf(symbol) != -1): null

2019-08-15 16:26:43 - [TEST_STEP][PASSED] - symbol = symbol: null

2019-08-15 16:26:43 - [TEST_STEP][PASSED] - println(symbol): null

2019-08-15 16:26:43 - [TEST_STEP][PASSED] - if (i == 2 &amp;&amp; wildList.indexOf(symbol) != -1): null

2019-08-15 16:26:43 - [TEST_STEP][PASSED] - if (i == 3 &amp;&amp; wildList.indexOf(symbol) != -1): null

2019-08-15 16:26:43 - [TEST_STEP][PASSED] - if (i == 4 &amp;&amp; wildList.indexOf(symbol) != -1): null

2019-08-15 16:26:43 - [TEST_STEP][PASSED] - symbols = symbols: null

2019-08-15 16:26:43 - [TEST_STEP][PASSED] - for ([j = 0, j &lt; symbols.size(), (j++)]): null

2019-08-15 16:26:43 - [TEST_STEP][PASSED] - symbol = symbol: null

2019-08-15 16:26:43 - [TEST_STEP][PASSED] - println(symbol): null

2019-08-15 16:26:43 - [TEST_STEP][PASSED] - if (i == 2 &amp;&amp; wildList.indexOf(symbol) != -1): null

2019-08-15 16:26:43 - [TEST_STEP][PASSED] - if (i == 3 &amp;&amp; wildList.indexOf(symbol) != -1): null

2019-08-15 16:26:43 - [TEST_STEP][PASSED] - if (i == 4 &amp;&amp; wildList.indexOf(symbol) != -1): null

2019-08-15 16:26:43 - [TEST_STEP][PASSED] - symbol = symbol: null

2019-08-15 16:26:43 - [TEST_STEP][PASSED] - println(symbol): null

2019-08-15 16:26:43 - [TEST_STEP][PASSED] - if (i == 2 &amp;&amp; wildList.indexOf(symbol) != -1): null

2019-08-15 16:26:43 - [TEST_STEP][PASSED] - if (i == 3 &amp;&amp; wildList.indexOf(symbol) != -1): null

2019-08-15 16:26:43 - [TEST_STEP][PASSED] - if (i == 4 &amp;&amp; wildList.indexOf(symbol) != -1): null

2019-08-15 16:26:43 - [TEST_STEP][PASSED] - symbol = symbol: null

2019-08-15 16:26:43 - [TEST_STEP][PASSED] - println(symbol): null

2019-08-15 16:26:43 - [TEST_STEP][PASSED] - if (i == 2 &amp;&amp; wildList.indexOf(symbol) != -1): null

2019-08-15 16:26:43 - [TEST_STEP][PASSED] - if (i == 3 &amp;&amp; wildList.indexOf(symbol) != -1): null

2019-08-15 16:26:43 - [TEST_STEP][PASSED] - if (i == 4 &amp;&amp; wildList.indexOf(symbol) != -1): null

2019-08-15 16:26:43 - [TEST_STEP][PASSED] - free_spin_reel_counter = free_spin_reel_counter: null

2019-08-15 16:26:43 - [TEST_STEP][PASSED] - println("reel 3 wild found: " + free_spin_reel_counter[0]): null

2019-08-15 16:26:43 - [TEST_STEP][PASSED] - println("reel 4 wild found: " + free_spin_reel_counter[1]): null

2019-08-15 16:26:43 - [TEST_STEP][PASSED] - println("reel 5 wild found: " + free_spin_reel_counter[2]): null

2019-08-15 16:26:43 - [TEST_STEP][PASSED] - M4_spin_reels = M4_spin_reels: null

2019-08-15 16:26:43 - [TEST_STEP][PASSED] - M4_spin_reels_symbols = symbol: null

2019-08-15 16:26:43 - [TEST_STEP][PASSED] - M4_spin_reels_symbols = M4_spin_reels_symbols: null

2019-08-15 16:26:43 - [TEST_STEP][PASSED] - M4_spin_reel_wins = reel_wins: null

2019-08-15 16:26:43 - [TEST_STEP][PASSED] - M4_spin_reel_wins = M4_spin_reel_wins: null

2019-08-15 16:26:43 - [TEST_STEP][PASSED] - println("GlobalVariable.M4_spin_reel_wins is: " + M4_spin_reel_wins): null

2019-08-15 16:26:43 - [TEST_STEP][PASSED] - M4_spin_total_bonus_win_this_round = total_bonus_win_this_round: null

2019-08-15 16:26:43 - [TEST_STEP][PASSED] - M4_spin_total_bonus_win_this_round = M4_spin_total_bonus_win_this_round: null

2019-08-15 16:26:43 - [TEST_STEP][PASSED] - println("GlobalVariable.M4_spin_total_bonus_win_this_round is: " + M4_spin_total_bonus_win_this_round): null

2019-08-15 16:26:43 - [MESSAGE][PASSED] - Verify response successfully

2019-08-15 16:26:43 - [MESSAGE][PASSED] - Send request and verify the response successfully

2019-08-15 16:26:43 - [TEST_STEP][PASSED] - if (M4_total_bonus_spins_int != 0 &amp;&amp; M4_spin_reels_symbols[2].contains("WILD_Normal") || M4_spin_reels_symbols[3].contains("WILD_Normal") || M4_spin_reels_symbols[4].contains("WILD_Normal")): null

2019-08-15 16:26:43 - [TEST_STEP][PASSED] - free_spin_reel_counter = free_spin_reel_counter: null

2019-08-15 16:26:43 - [TEST_STEP][PASSED] - M4_spin_reels_symbols = M4_spin_reels_symbols: null

2019-08-15 16:26:43 - [TEST_STEP][PASSED] - M4_total_bonus_spins = M4_total_bonus_spins: null

2019-08-15 16:26:43 - [TEST_STEP][PASSED] - spin_result = sendRequestAndVerify(findTestObject("STG/RGS(M4)/1_M4_spin", ["M4_login_user_id":M4_login_user_id, "rgs_session_token":rgs_session_token, "partner":Partner])): Send request and verify the response successfully

2019-08-15 16:26:43 - [TEST_CASE][PASSED] - Start Test Case : Verification: Verification accomplished successfully

2019-08-15 16:26:43 - [TEST_STEP][PASSED] - request = getInstance().getCurrentRequest(): null

2019-08-15 16:26:43 - [TEST_STEP][PASSED] - response = getInstance().getCurrentResponse(): null

2019-08-15 16:26:43 - [TEST_STEP][PASSED] - verifyResponseStatusCode(response, 200): Verify response status code successfully

2019-08-15 16:26:43 - [MESSAGE][PASSED] - Verify response status code successfully

2019-08-15 16:26:43 - [TEST_STEP][PASSED] - getStatusCode()).isEqualTo(200): null

2019-08-15 16:26:43 - [TEST_STEP][PASSED] - newline = System.getProperty("line.separator"): null

2019-08-15 16:26:43 - [TEST_STEP][PASSED] - M4_spin = new groovy.json.JsonSlurper(): null

2019-08-15 16:26:43 - [TEST_STEP][PASSED] - result_M4_spin = M4_spin.parseText(response.getResponseBodyContent()): null

2019-08-15 16:26:43 - [TEST_STEP][PASSED] - M4_spin_current_balance = current_balance: null

2019-08-15 16:26:43 - [TEST_STEP][PASSED] - M4_spin_current_balance = M4_spin_current_balance: null

2019-08-15 16:26:43 - [TEST_STEP][PASSED] - M4_spin_transaction_id = causality: null

2019-08-15 16:26:43 - [TEST_STEP][PASSED] - M4_spin_transaction_id = M4_spin_transaction_id: null

2019-08-15 16:26:43 - [TEST_STEP][PASSED] - M4_spin_round_id = round_id: null

2019-08-15 16:26:43 - [TEST_STEP][PASSED] - M4_spin_round_id = M4_spin_round_id: null

2019-08-15 16:26:43 - [TEST_STEP][PASSED] - M4_spin_line_wins = line_wins: null

2019-08-15 16:26:43 - [TEST_STEP][PASSED] - M4_spin_line_wins = M4_spin_line_wins: null

2019-08-15 16:26:43 - [TEST_STEP][PASSED] - M4_total_bonus_spins_int = total_bonus_spins: null

2019-08-15 16:26:43 - [TEST_STEP][PASSED] - println("******M4_total_bonus_spins type is:*******" + newline + getClass().getName()): null

2019-08-15 16:26:43 - [TEST_STEP][PASSED] - M4_total_bonus_spins_int = M4_total_bonus_spins_int: null

2019-08-15 16:26:43 - [TEST_STEP][PASSED] - M4_total_bonus_spins = Integer.toString(M4_total_bonus_spins_int): null

2019-08-15 16:26:43 - [TEST_STEP][PASSED] - M4_total_bonus_spins = M4_total_bonus_spins: null

2019-08-15 16:26:43 - [TEST_STEP][PASSED] - println("M4_total_bonus_spins is:" + M4_total_bonus_spins): null

2019-08-15 16:26:43 - [TEST_STEP][PASSED] - M4_spin_bonus_data = bonus_data: null

2019-08-15 16:26:43 - [TEST_STEP][PASSED] - M4_spin_features_triggered = result_M4_spin: null

2019-08-15 16:26:43 - [TEST_STEP][PASSED] - wild = []: null

2019-08-15 16:26:43 - [TEST_STEP][PASSED] - wild[0] = "WILD_Expanding": null

2019-08-15 16:26:43 - [TEST_STEP][PASSED] - wild[1] = "WILD_Normal": null

2019-08-15 16:26:43 - [TEST_STEP][PASSED] - wild[2] = "WILD_Double": null

2019-08-15 16:26:43 - [TEST_STEP][PASSED] - wild[3] = "WILD_ExtraFG": null

2019-08-15 16:26:43 - [TEST_STEP][PASSED] - wild[4] = "WILD_Triple": null

2019-08-15 16:26:43 - [TEST_STEP][PASSED] - wildList = Arrays.asList(wild): null

2019-08-15 16:26:43 - [TEST_STEP][PASSED] - wildList = wildList: null

2019-08-15 16:26:43 - [TEST_STEP][PASSED] - free_spin_reel_counter = []: null

2019-08-15 16:26:43 - [TEST_STEP][PASSED] - free_spin_reel_counter[0] = 0: null

2019-08-15 16:26:43 - [TEST_STEP][PASSED] - free_spin_reel_counter[1] = 0: null

2019-08-15 16:26:43 - [TEST_STEP][PASSED] - free_spin_reel_counter[2] = 0: null

2019-08-15 16:26:43 - [TEST_STEP][PASSED] - M4_spin_reels = reels: null

2019-08-15 16:26:43 - [TEST_STEP][PASSED] - for ([i = 0, i &lt; M4_spin_reels.size(), (i++)]): null

2019-08-15 16:26:43 - [TEST_STEP][PASSED] - symbols = symbols: null

2019-08-15 16:26:43 - [TEST_STEP][PASSED] - for ([j = 0, j &lt; symbols.size(), (j++)]): null

2019-08-15 16:26:43 - [TEST_STEP][PASSED] - symbol = symbol: null

2019-08-15 16:26:43 - [TEST_STEP][PASSED] - println(symbol): null

2019-08-15 16:26:43 - [TEST_STEP][PASSED] - if (i == 2 &amp;&amp; wildList.indexOf(symbol) != -1): null

2019-08-15 16:26:43 - [TEST_STEP][PASSED] - if (i == 3 &amp;&amp; wildList.indexOf(symbol) != -1): null

2019-08-15 16:26:43 - [TEST_STEP][PASSED] - if (i == 4 &amp;&amp; wildList.indexOf(symbol) != -1): null

2019-08-15 16:26:43 - [TEST_STEP][PASSED] - symbol = symbol: null

2019-08-15 16:26:43 - [TEST_STEP][PASSED] - println(symbol): null

2019-08-15 16:26:43 - [TEST_STEP][PASSED] - if (i == 2 &amp;&amp; wildList.indexOf(symbol) != -1): null

2019-08-15 16:26:43 - [TEST_STEP][PASSED] - if (i == 3 &amp;&amp; wildList.indexOf(symbol) != -1): null

2019-08-15 16:26:43 - [TEST_STEP][PASSED] - if (i == 4 &amp;&amp; wildList.indexOf(symbol) != -1): null

2019-08-15 16:26:43 - [TEST_STEP][PASSED] - symbol = symbol: null

2019-08-15 16:26:43 - [TEST_STEP][PASSED] - println(symbol): null

2019-08-15 16:26:43 - [TEST_STEP][PASSED] - if (i == 2 &amp;&amp; wildList.indexOf(symbol) != -1): null

2019-08-15 16:26:43 - [TEST_STEP][PASSED] - if (i == 3 &amp;&amp; wildList.indexOf(symbol) != -1): null

2019-08-15 16:26:43 - [TEST_STEP][PASSED] - if (i == 4 &amp;&amp; wildList.indexOf(symbol) != -1): null

2019-08-15 16:26:43 - [TEST_STEP][PASSED] - symbols = symbols: null

2019-08-15 16:26:43 - [TEST_STEP][PASSED] - for ([j = 0, j &lt; symbols.size(), (j++)]): null

2019-08-15 16:26:43 - [TEST_STEP][PASSED] - symbol = symbol: null

2019-08-15 16:26:43 - [TEST_STEP][PASSED] - println(symbol): null

2019-08-15 16:26:43 - [TEST_STEP][PASSED] - if (i == 2 &amp;&amp; wildList.indexOf(symbol) != -1): null

2019-08-15 16:26:43 - [TEST_STEP][PASSED] - if (i == 3 &amp;&amp; wildList.indexOf(symbol) != -1): null

2019-08-15 16:26:43 - [TEST_STEP][PASSED] - if (i == 4 &amp;&amp; wildList.indexOf(symbol) != -1): null

2019-08-15 16:26:43 - [TEST_STEP][PASSED] - symbol = symbol: null

2019-08-15 16:26:43 - [TEST_STEP][PASSED] - println(symbol): null

2019-08-15 16:26:43 - [TEST_STEP][PASSED] - if (i == 2 &amp;&amp; wildList.indexOf(symbol) != -1): null

2019-08-15 16:26:43 - [TEST_STEP][PASSED] - if (i == 3 &amp;&amp; wildList.indexOf(symbol) != -1): null

2019-08-15 16:26:43 - [TEST_STEP][PASSED] - if (i == 4 &amp;&amp; wildList.indexOf(symbol) != -1): null

2019-08-15 16:26:44 - [TEST_STEP][PASSED] - symbol = symbol: null

2019-08-15 16:26:44 - [TEST_STEP][PASSED] - println(symbol): null

2019-08-15 16:26:44 - [TEST_STEP][PASSED] - if (i == 2 &amp;&amp; wildList.indexOf(symbol) != -1): null

2019-08-15 16:26:44 - [TEST_STEP][PASSED] - if (i == 3 &amp;&amp; wildList.indexOf(symbol) != -1): null

2019-08-15 16:26:44 - [TEST_STEP][PASSED] - if (i == 4 &amp;&amp; wildList.indexOf(symbol) != -1): null

2019-08-15 16:26:44 - [TEST_STEP][PASSED] - symbols = symbols: null

2019-08-15 16:26:44 - [TEST_STEP][PASSED] - for ([j = 0, j &lt; symbols.size(), (j++)]): null

2019-08-15 16:26:44 - [TEST_STEP][PASSED] - symbol = symbol: null

2019-08-15 16:26:44 - [TEST_STEP][PASSED] - println(symbol): null

2019-08-15 16:26:44 - [TEST_STEP][PASSED] - if (i == 2 &amp;&amp; wildList.indexOf(symbol) != -1): null

2019-08-15 16:26:44 - [TEST_STEP][PASSED] - if (i == 3 &amp;&amp; wildList.indexOf(symbol) != -1): null

2019-08-15 16:26:44 - [TEST_STEP][PASSED] - if (i == 4 &amp;&amp; wildList.indexOf(symbol) != -1): null

2019-08-15 16:26:44 - [TEST_STEP][PASSED] - symbol = symbol: null

2019-08-15 16:26:44 - [TEST_STEP][PASSED] - println(symbol): null

2019-08-15 16:26:44 - [TEST_STEP][PASSED] - if (i == 2 &amp;&amp; wildList.indexOf(symbol) != -1): null

2019-08-15 16:26:44 - [TEST_STEP][PASSED] - if (i == 3 &amp;&amp; wildList.indexOf(symbol) != -1): null

2019-08-15 16:26:44 - [TEST_STEP][PASSED] - if (i == 4 &amp;&amp; wildList.indexOf(symbol) != -1): null

2019-08-15 16:26:44 - [TEST_STEP][PASSED] - symbol = symbol: null

2019-08-15 16:26:44 - [TEST_STEP][PASSED] - println(symbol): null

2019-08-15 16:26:44 - [TEST_STEP][PASSED] - if (i == 2 &amp;&amp; wildList.indexOf(symbol) != -1): null

2019-08-15 16:26:44 - [TEST_STEP][PASSED] - if (i == 3 &amp;&amp; wildList.indexOf(symbol) != -1): null

2019-08-15 16:26:44 - [TEST_STEP][PASSED] - if (i == 4 &amp;&amp; wildList.indexOf(symbol) != -1): null

2019-08-15 16:26:44 - [TEST_STEP][PASSED] - symbols = symbols: null

2019-08-15 16:26:44 - [TEST_STEP][PASSED] - for ([j = 0, j &lt; symbols.size(), (j++)]): null

2019-08-15 16:26:44 - [TEST_STEP][PASSED] - symbol = symbol: null

2019-08-15 16:26:44 - [TEST_STEP][PASSED] - println(symbol): null

2019-08-15 16:26:44 - [TEST_STEP][PASSED] - if (i == 2 &amp;&amp; wildList.indexOf(symbol) != -1): null

2019-08-15 16:26:44 - [TEST_STEP][PASSED] - if (i == 3 &amp;&amp; wildList.indexOf(symbol) != -1): null

2019-08-15 16:26:44 - [TEST_STEP][PASSED] - if (i == 4 &amp;&amp; wildList.indexOf(symbol) != -1): null

2019-08-15 16:26:44 - [TEST_STEP][PASSED] - symbol = symbol: null

2019-08-15 16:26:44 - [TEST_STEP][PASSED] - println(symbol): null

2019-08-15 16:26:44 - [TEST_STEP][PASSED] - if (i == 2 &amp;&amp; wildList.indexOf(symbol) != -1): null

2019-08-15 16:26:44 - [TEST_STEP][PASSED] - if (i == 3 &amp;&amp; wildList.indexOf(symbol) != -1): null

2019-08-15 16:26:44 - [TEST_STEP][PASSED] - if (i == 4 &amp;&amp; wildList.indexOf(symbol) != -1): null

2019-08-15 16:26:44 - [TEST_STEP][PASSED] - symbol = symbol: null

2019-08-15 16:26:44 - [TEST_STEP][PASSED] - println(symbol): null

2019-08-15 16:26:44 - [TEST_STEP][PASSED] - if (i == 2 &amp;&amp; wildList.indexOf(symbol) != -1): null

2019-08-15 16:26:44 - [TEST_STEP][PASSED] - if (i == 3 &amp;&amp; wildList.indexOf(symbol) != -1): null

2019-08-15 16:26:44 - [TEST_STEP][PASSED] - if (i == 4 &amp;&amp; wildList.indexOf(symbol) != -1): null

2019-08-15 16:26:44 - [TEST_STEP][PASSED] - symbols = symbols: null

2019-08-15 16:26:44 - [TEST_STEP][PASSED] - for ([j = 0, j &lt; symbols.size(), (j++)]): null

2019-08-15 16:26:44 - [TEST_STEP][PASSED] - symbol = symbol: null

2019-08-15 16:26:44 - [TEST_STEP][PASSED] - println(symbol): null

2019-08-15 16:26:44 - [TEST_STEP][PASSED] - if (i == 2 &amp;&amp; wildList.indexOf(symbol) != -1): null

2019-08-15 16:26:44 - [TEST_STEP][PASSED] - if (i == 3 &amp;&amp; wildList.indexOf(symbol) != -1): null

2019-08-15 16:26:44 - [TEST_STEP][PASSED] - if (i == 4 &amp;&amp; wildList.indexOf(symbol) != -1): null

2019-08-15 16:26:44 - [TEST_STEP][PASSED] - symbol = symbol: null

2019-08-15 16:26:44 - [TEST_STEP][PASSED] - println(symbol): null

2019-08-15 16:26:44 - [TEST_STEP][PASSED] - if (i == 2 &amp;&amp; wildList.indexOf(symbol) != -1): null

2019-08-15 16:26:44 - [TEST_STEP][PASSED] - if (i == 3 &amp;&amp; wildList.indexOf(symbol) != -1): null

2019-08-15 16:26:44 - [TEST_STEP][PASSED] - if (i == 4 &amp;&amp; wildList.indexOf(symbol) != -1): null

2019-08-15 16:26:44 - [TEST_STEP][PASSED] - symbol = symbol: null

2019-08-15 16:26:44 - [TEST_STEP][PASSED] - println(symbol): null

2019-08-15 16:26:44 - [TEST_STEP][PASSED] - if (i == 2 &amp;&amp; wildList.indexOf(symbol) != -1): null

2019-08-15 16:26:44 - [TEST_STEP][PASSED] - if (i == 3 &amp;&amp; wildList.indexOf(symbol) != -1): null

2019-08-15 16:26:44 - [TEST_STEP][PASSED] - if (i == 4 &amp;&amp; wildList.indexOf(symbol) != -1): null

2019-08-15 16:26:44 - [TEST_STEP][PASSED] - free_spin_reel_counter = free_spin_reel_counter: null

2019-08-15 16:26:44 - [TEST_STEP][PASSED] - println("reel 3 wild found: " + free_spin_reel_counter[0]): null

2019-08-15 16:26:44 - [TEST_STEP][PASSED] - println("reel 4 wild found: " + free_spin_reel_counter[1]): null

2019-08-15 16:26:44 - [TEST_STEP][PASSED] - println("reel 5 wild found: " + free_spin_reel_counter[2]): null

2019-08-15 16:26:44 - [TEST_STEP][PASSED] - M4_spin_reels = M4_spin_reels: null

2019-08-15 16:26:44 - [TEST_STEP][PASSED] - M4_spin_reels_symbols = symbol: null

2019-08-15 16:26:44 - [TEST_STEP][PASSED] - M4_spin_reels_symbols = M4_spin_reels_symbols: null

2019-08-15 16:26:44 - [TEST_STEP][PASSED] - M4_spin_reel_wins = reel_wins: null

2019-08-15 16:26:44 - [TEST_STEP][PASSED] - M4_spin_reel_wins = M4_spin_reel_wins: null

2019-08-15 16:26:44 - [TEST_STEP][PASSED] - println("GlobalVariable.M4_spin_reel_wins is: " + M4_spin_reel_wins): null

2019-08-15 16:26:44 - [TEST_STEP][PASSED] - M4_spin_total_bonus_win_this_round = total_bonus_win_this_round: null

2019-08-15 16:26:44 - [TEST_STEP][PASSED] - M4_spin_total_bonus_win_this_round = M4_spin_total_bonus_win_this_round: null

2019-08-15 16:26:44 - [TEST_STEP][PASSED] - println("GlobalVariable.M4_spin_total_bonus_win_this_round is: " + M4_spin_total_bonus_win_this_round): null

2019-08-15 16:26:44 - [MESSAGE][PASSED] - Verify response successfully

2019-08-15 16:26:44 - [MESSAGE][PASSED] - Send request and verify the response successfully

2019-08-15 16:26:44 - [TEST_STEP][PASSED] - if (M4_total_bonus_spins_int != 0 &amp;&amp; M4_spin_reels_symbols[2].contains("WILD_Normal") || M4_spin_reels_symbols[3].contains("WILD_Normal") || M4_spin_reels_symbols[4].contains("WILD_Normal")): null

2019-08-15 16:26:44 - [TEST_STEP][PASSED] - free_spin_reel_counter = free_spin_reel_counter: null

2019-08-15 16:26:44 - [TEST_STEP][PASSED] - M4_spin_reels_symbols = M4_spin_reels_symbols: null

2019-08-15 16:26:44 - [TEST_STEP][PASSED] - M4_total_bonus_spins = M4_total_bonus_spins: null

2019-08-15 16:26:44 - [TEST_STEP][PASSED] - spin_result = sendRequestAndVerify(findTestObject("STG/RGS(M4)/1_M4_spin", ["M4_login_user_id":M4_login_user_id, "rgs_session_token":rgs_session_token, "partner":Partner])): Send request and verify the response successfully

2019-08-15 16:26:44 - [TEST_CASE][PASSED] - Start Test Case : Verification: Verification accomplished successfully

2019-08-15 16:26:44 - [TEST_STEP][PASSED] - request = getInstance().getCurrentRequest(): null

2019-08-15 16:26:44 - [TEST_STEP][PASSED] - response = getInstance().getCurrentResponse(): null

2019-08-15 16:26:44 - [TEST_STEP][PASSED] - verifyResponseStatusCode(response, 200): Verify response status code successfully

2019-08-15 16:26:44 - [MESSAGE][PASSED] - Verify response status code successfully

2019-08-15 16:26:44 - [TEST_STEP][PASSED] - getStatusCode()).isEqualTo(200): null

2019-08-15 16:26:44 - [TEST_STEP][PASSED] - newline = System.getProperty("line.separator"): null

2019-08-15 16:26:44 - [TEST_STEP][PASSED] - M4_spin = new groovy.json.JsonSlurper(): null

2019-08-15 16:26:44 - [TEST_STEP][PASSED] - result_M4_spin = M4_spin.parseText(response.getResponseBodyContent()): null

2019-08-15 16:26:44 - [TEST_STEP][PASSED] - M4_spin_current_balance = current_balance: null

2019-08-15 16:26:44 - [TEST_STEP][PASSED] - M4_spin_current_balance = M4_spin_current_balance: null

2019-08-15 16:26:44 - [TEST_STEP][PASSED] - M4_spin_transaction_id = causality: null

2019-08-15 16:26:44 - [TEST_STEP][PASSED] - M4_spin_transaction_id = M4_spin_transaction_id: null

2019-08-15 16:26:44 - [TEST_STEP][PASSED] - M4_spin_round_id = round_id: null

2019-08-15 16:26:44 - [TEST_STEP][PASSED] - M4_spin_round_id = M4_spin_round_id: null

2019-08-15 16:26:44 - [TEST_STEP][PASSED] - M4_spin_line_wins = line_wins: null

2019-08-15 16:26:44 - [TEST_STEP][PASSED] - M4_spin_line_wins = M4_spin_line_wins: null

2019-08-15 16:26:44 - [TEST_STEP][PASSED] - M4_total_bonus_spins_int = total_bonus_spins: null

2019-08-15 16:26:44 - [TEST_STEP][PASSED] - println("******M4_total_bonus_spins type is:*******" + newline + getClass().getName()): null

2019-08-15 16:26:44 - [TEST_STEP][PASSED] - M4_total_bonus_spins_int = M4_total_bonus_spins_int: null

2019-08-15 16:26:44 - [TEST_STEP][PASSED] - M4_total_bonus_spins = Integer.toString(M4_total_bonus_spins_int): null

2019-08-15 16:26:44 - [TEST_STEP][PASSED] - M4_total_bonus_spins = M4_total_bonus_spins: null

2019-08-15 16:26:44 - [TEST_STEP][PASSED] - println("M4_total_bonus_spins is:" + M4_total_bonus_spins): null

2019-08-15 16:26:44 - [TEST_STEP][PASSED] - M4_spin_bonus_data = bonus_data: null

2019-08-15 16:26:44 - [TEST_STEP][PASSED] - M4_spin_features_triggered = result_M4_spin: null

2019-08-15 16:26:44 - [TEST_STEP][PASSED] - wild = []: null

2019-08-15 16:26:44 - [TEST_STEP][PASSED] - wild[0] = "WILD_Expanding": null

2019-08-15 16:26:44 - [TEST_STEP][PASSED] - wild[1] = "WILD_Normal": null

2019-08-15 16:26:44 - [TEST_STEP][PASSED] - wild[2] = "WILD_Double": null

2019-08-15 16:26:44 - [TEST_STEP][PASSED] - wild[3] = "WILD_ExtraFG": null

2019-08-15 16:26:44 - [TEST_STEP][PASSED] - wild[4] = "WILD_Triple": null

2019-08-15 16:26:44 - [TEST_STEP][PASSED] - wildList = Arrays.asList(wild): null

2019-08-15 16:26:44 - [TEST_STEP][PASSED] - wildList = wildList: null

2019-08-15 16:26:44 - [TEST_STEP][PASSED] - free_spin_reel_counter = []: null

2019-08-15 16:26:44 - [TEST_STEP][PASSED] - free_spin_reel_counter[0] = 0: null

2019-08-15 16:26:44 - [TEST_STEP][PASSED] - free_spin_reel_counter[1] = 0: null

2019-08-15 16:26:44 - [TEST_STEP][PASSED] - free_spin_reel_counter[2] = 0: null

2019-08-15 16:26:44 - [TEST_STEP][PASSED] - M4_spin_reels = reels: null

2019-08-15 16:26:44 - [TEST_STEP][PASSED] - for ([i = 0, i &lt; M4_spin_reels.size(), (i++)]): null

2019-08-15 16:26:44 - [TEST_STEP][PASSED] - symbols = symbols: null

2019-08-15 16:26:44 - [TEST_STEP][PASSED] - for ([j = 0, j &lt; symbols.size(), (j++)]): null

2019-08-15 16:26:44 - [TEST_STEP][PASSED] - symbol = symbol: null

2019-08-15 16:26:44 - [TEST_STEP][PASSED] - println(symbol): null

2019-08-15 16:26:44 - [TEST_STEP][PASSED] - if (i == 2 &amp;&amp; wildList.indexOf(symbol) != -1): null

2019-08-15 16:26:44 - [TEST_STEP][PASSED] - if (i == 3 &amp;&amp; wildList.indexOf(symbol) != -1): null

2019-08-15 16:26:44 - [TEST_STEP][PASSED] - if (i == 4 &amp;&amp; wildList.indexOf(symbol) != -1): null

2019-08-15 16:26:44 - [TEST_STEP][PASSED] - symbol = symbol: null

2019-08-15 16:26:44 - [TEST_STEP][PASSED] - println(symbol): null

2019-08-15 16:26:44 - [TEST_STEP][PASSED] - if (i == 2 &amp;&amp; wildList.indexOf(symbol) != -1): null

2019-08-15 16:26:44 - [TEST_STEP][PASSED] - if (i == 3 &amp;&amp; wildList.indexOf(symbol) != -1): null

2019-08-15 16:26:44 - [TEST_STEP][PASSED] - if (i == 4 &amp;&amp; wildList.indexOf(symbol) != -1): null

2019-08-15 16:26:44 - [TEST_STEP][PASSED] - symbol = symbol: null

2019-08-15 16:26:44 - [TEST_STEP][PASSED] - println(symbol): null

2019-08-15 16:26:44 - [TEST_STEP][PASSED] - if (i == 2 &amp;&amp; wildList.indexOf(symbol) != -1): null

2019-08-15 16:26:44 - [TEST_STEP][PASSED] - if (i == 3 &amp;&amp; wildList.indexOf(symbol) != -1): null

2019-08-15 16:26:44 - [TEST_STEP][PASSED] - if (i == 4 &amp;&amp; wildList.indexOf(symbol) != -1): null

2019-08-15 16:26:44 - [TEST_STEP][PASSED] - symbols = symbols: null

2019-08-15 16:26:44 - [TEST_STEP][PASSED] - for ([j = 0, j &lt; symbols.size(), (j++)]): null

2019-08-15 16:26:44 - [TEST_STEP][PASSED] - symbol = symbol: null

2019-08-15 16:26:44 - [TEST_STEP][PASSED] - println(symbol): null

2019-08-15 16:26:44 - [TEST_STEP][PASSED] - if (i == 2 &amp;&amp; wildList.indexOf(symbol) != -1): null

2019-08-15 16:26:44 - [TEST_STEP][PASSED] - if (i == 3 &amp;&amp; wildList.indexOf(symbol) != -1): null

2019-08-15 16:26:44 - [TEST_STEP][PASSED] - if (i == 4 &amp;&amp; wildList.indexOf(symbol) != -1): null

2019-08-15 16:26:44 - [TEST_STEP][PASSED] - symbol = symbol: null

2019-08-15 16:26:44 - [TEST_STEP][PASSED] - println(symbol): null

2019-08-15 16:26:44 - [TEST_STEP][PASSED] - if (i == 2 &amp;&amp; wildList.indexOf(symbol) != -1): null

2019-08-15 16:26:44 - [TEST_STEP][PASSED] - if (i == 3 &amp;&amp; wildList.indexOf(symbol) != -1): null

2019-08-15 16:26:44 - [TEST_STEP][PASSED] - if (i == 4 &amp;&amp; wildList.indexOf(symbol) != -1): null

2019-08-15 16:26:44 - [TEST_STEP][PASSED] - symbol = symbol: null

2019-08-15 16:26:44 - [TEST_STEP][PASSED] - println(symbol): null

2019-08-15 16:26:44 - [TEST_STEP][PASSED] - if (i == 2 &amp;&amp; wildList.indexOf(symbol) != -1): null

2019-08-15 16:26:44 - [TEST_STEP][PASSED] - if (i == 3 &amp;&amp; wildList.indexOf(symbol) != -1): null

2019-08-15 16:26:44 - [TEST_STEP][PASSED] - if (i == 4 &amp;&amp; wildList.indexOf(symbol) != -1): null

2019-08-15 16:26:44 - [TEST_STEP][PASSED] - symbols = symbols: null

2019-08-15 16:26:44 - [TEST_STEP][PASSED] - for ([j = 0, j &lt; symbols.size(), (j++)]): null

2019-08-15 16:26:44 - [TEST_STEP][PASSED] - symbol = symbol: null

2019-08-15 16:26:44 - [TEST_STEP][PASSED] - println(symbol): null

2019-08-15 16:26:44 - [TEST_STEP][PASSED] - if (i == 2 &amp;&amp; wildList.indexOf(symbol) != -1): null

2019-08-15 16:26:44 - [TEST_STEP][PASSED] - if (i == 3 &amp;&amp; wildList.indexOf(symbol) != -1): null

2019-08-15 16:26:44 - [TEST_STEP][PASSED] - if (i == 4 &amp;&amp; wildList.indexOf(symbol) != -1): null

2019-08-15 16:26:44 - [TEST_STEP][PASSED] - symbol = symbol: null

2019-08-15 16:26:44 - [TEST_STEP][PASSED] - println(symbol): null

2019-08-15 16:26:44 - [TEST_STEP][PASSED] - if (i == 2 &amp;&amp; wildList.indexOf(symbol) != -1): null

2019-08-15 16:26:48 - [TEST_STEP][PASSED] - if (i == 3 &amp;&amp; wildList.indexOf(symbol) != -1): null

2019-08-15 16:26:48 - [TEST_STEP][PASSED] - if (i == 4 &amp;&amp; wildList.indexOf(symbol) != -1): null

2019-08-15 16:26:48 - [TEST_STEP][PASSED] - symbol = symbol: null

2019-08-15 16:26:48 - [TEST_STEP][PASSED] - println(symbol): null

2019-08-15 16:26:48 - [TEST_STEP][PASSED] - if (i == 2 &amp;&amp; wildList.indexOf(symbol) != -1): null

2019-08-15 16:26:48 - [TEST_STEP][PASSED] - if (i == 3 &amp;&amp; wildList.indexOf(symbol) != -1): null

2019-08-15 16:26:48 - [TEST_STEP][PASSED] - if (i == 4 &amp;&amp; wildList.indexOf(symbol) != -1): null

2019-08-15 16:26:48 - [TEST_STEP][PASSED] - symbols = symbols: null

2019-08-15 16:26:48 - [TEST_STEP][PASSED] - for ([j = 0, j &lt; symbols.size(), (j++)]): null

2019-08-15 16:26:48 - [TEST_STEP][PASSED] - symbol = symbol: null

2019-08-15 16:26:49 - [TEST_STEP][PASSED] - println(symbol): null

2019-08-15 16:26:49 - [TEST_STEP][PASSED] - if (i == 2 &amp;&amp; wildList.indexOf(symbol) != -1): null

2019-08-15 16:26:49 - [TEST_STEP][PASSED] - if (i == 3 &amp;&amp; wildList.indexOf(symbol) != -1): null

2019-08-15 16:26:49 - [TEST_STEP][PASSED] - if (i == 4 &amp;&amp; wildList.indexOf(symbol) != -1): null

2019-08-15 16:26:49 - [TEST_STEP][PASSED] - symbol = symbol: null

2019-08-15 16:26:49 - [TEST_STEP][PASSED] - println(symbol): null

2019-08-15 16:26:49 - [TEST_STEP][PASSED] - if (i == 2 &amp;&amp; wildList.indexOf(symbol) != -1): null

2019-08-15 16:26:49 - [TEST_STEP][PASSED] - if (i == 3 &amp;&amp; wildList.indexOf(symbol) != -1): null

2019-08-15 16:26:49 - [TEST_STEP][PASSED] - if (i == 4 &amp;&amp; wildList.indexOf(symbol) != -1): null

2019-08-15 16:26:49 - [TEST_STEP][PASSED] - symbol = symbol: null

2019-08-15 16:26:49 - [TEST_STEP][PASSED] - println(symbol): null

2019-08-15 16:26:49 - [TEST_STEP][PASSED] - if (i == 2 &amp;&amp; wildList.indexOf(symbol) != -1): null

2019-08-15 16:26:49 - [TEST_STEP][PASSED] - if (i == 3 &amp;&amp; wildList.indexOf(symbol) != -1): null

2019-08-15 16:26:49 - [TEST_STEP][PASSED] - if (i == 4 &amp;&amp; wildList.indexOf(symbol) != -1): null

2019-08-15 16:26:49 - [TEST_STEP][PASSED] - symbols = symbols: null

2019-08-15 16:26:49 - [TEST_STEP][PASSED] - for ([j = 0, j &lt; symbols.size(), (j++)]): null

2019-08-15 16:26:49 - [TEST_STEP][PASSED] - symbol = symbol: null

2019-08-15 16:26:49 - [TEST_STEP][PASSED] - println(symbol): null

2019-08-15 16:26:49 - [TEST_STEP][PASSED] - if (i == 2 &amp;&amp; wildList.indexOf(symbol) != -1): null

2019-08-15 16:26:49 - [TEST_STEP][PASSED] - if (i == 3 &amp;&amp; wildList.indexOf(symbol) != -1): null

2019-08-15 16:26:49 - [TEST_STEP][PASSED] - if (i == 4 &amp;&amp; wildList.indexOf(symbol) != -1): null

2019-08-15 16:26:49 - [TEST_STEP][PASSED] - symbol = symbol: null

2019-08-15 16:26:49 - [TEST_STEP][PASSED] - println(symbol): null

2019-08-15 16:26:49 - [TEST_STEP][PASSED] - if (i == 2 &amp;&amp; wildList.indexOf(symbol) != -1): null

2019-08-15 16:26:49 - [TEST_STEP][PASSED] - if (i == 3 &amp;&amp; wildList.indexOf(symbol) != -1): null

2019-08-15 16:26:49 - [TEST_STEP][PASSED] - if (i == 4 &amp;&amp; wildList.indexOf(symbol) != -1): null

2019-08-15 16:26:49 - [TEST_STEP][PASSED] - symbol = symbol: null

2019-08-15 16:26:49 - [TEST_STEP][PASSED] - println(symbol): null

2019-08-15 16:26:49 - [TEST_STEP][PASSED] - if (i == 2 &amp;&amp; wildList.indexOf(symbol) != -1): null

2019-08-15 16:26:49 - [TEST_STEP][PASSED] - if (i == 3 &amp;&amp; wildList.indexOf(symbol) != -1): null

2019-08-15 16:26:49 - [TEST_STEP][PASSED] - if (i == 4 &amp;&amp; wildList.indexOf(symbol) != -1): null

2019-08-15 16:26:49 - [TEST_STEP][PASSED] - free_spin_reel_counter = free_spin_reel_counter: null

2019-08-15 16:26:49 - [TEST_STEP][PASSED] - println("reel 3 wild found: " + free_spin_reel_counter[0]): null

2019-08-15 16:26:49 - [TEST_STEP][PASSED] - println("reel 4 wild found: " + free_spin_reel_counter[1]): null

2019-08-15 16:26:49 - [TEST_STEP][PASSED] - println("reel 5 wild found: " + free_spin_reel_counter[2]): null

2019-08-15 16:26:49 - [TEST_STEP][PASSED] - M4_spin_reels = M4_spin_reels: null

2019-08-15 16:26:49 - [TEST_STEP][PASSED] - M4_spin_reels_symbols = symbol: null

2019-08-15 16:26:49 - [TEST_STEP][PASSED] - M4_spin_reels_symbols = M4_spin_reels_symbols: null

2019-08-15 16:26:49 - [TEST_STEP][PASSED] - M4_spin_reel_wins = reel_wins: null

2019-08-15 16:26:49 - [TEST_STEP][PASSED] - M4_spin_reel_wins = M4_spin_reel_wins: null

2019-08-15 16:26:49 - [TEST_STEP][PASSED] - println("GlobalVariable.M4_spin_reel_wins is: " + M4_spin_reel_wins): null

2019-08-15 16:26:49 - [TEST_STEP][PASSED] - M4_spin_total_bonus_win_this_round = total_bonus_win_this_round: null

2019-08-15 16:26:49 - [TEST_STEP][PASSED] - M4_spin_total_bonus_win_this_round = M4_spin_total_bonus_win_this_round: null

2019-08-15 16:26:49 - [TEST_STEP][PASSED] - println("GlobalVariable.M4_spin_total_bonus_win_this_round is: " + M4_spin_total_bonus_win_this_round): null

2019-08-15 16:26:49 - [MESSAGE][PASSED] - Verify response successfully

2019-08-15 16:26:49 - [MESSAGE][PASSED] - Send request and verify the response successfully

2019-08-15 16:26:49 - [TEST_STEP][PASSED] - if (M4_total_bonus_spins_int != 0 &amp;&amp; M4_spin_reels_symbols[2].contains("WILD_Normal") || M4_spin_reels_symbols[3].contains("WILD_Normal") || M4_spin_reels_symbols[4].contains("WILD_Normal")): null

2019-08-15 16:26:49 - [TEST_STEP][PASSED] - free_spin_reel_counter = free_spin_reel_counter: null

2019-08-15 16:26:49 - [TEST_STEP][PASSED] - M4_spin_reels_symbols = M4_spin_reels_symbols: null

2019-08-15 16:26:49 - [TEST_STEP][PASSED] - M4_total_bonus_spins = M4_total_bonus_spins: null

2019-08-15 16:26:49 - [TEST_STEP][PASSED] - spin_result = sendRequestAndVerify(findTestObject("STG/RGS(M4)/1_M4_spin", ["M4_login_user_id":M4_login_user_id, "rgs_session_token":rgs_session_token, "partner":Partner])): Send request and verify the response successfully

2019-08-15 16:26:49 - [TEST_CASE][PASSED] - Start Test Case : Verification: Verification accomplished successfully

2019-08-15 16:26:50 - [TEST_STEP][PASSED] - request = getInstance().getCurrentRequest(): null

2019-08-15 16:26:50 - [TEST_STEP][PASSED] - response = getInstance().getCurrentResponse(): null

2019-08-15 16:26:50 - [TEST_STEP][PASSED] - verifyResponseStatusCode(response, 200): Verify response status code successfully

2019-08-15 16:26:50 - [MESSAGE][PASSED] - Verify response status code successfully

2019-08-15 16:26:50 - [TEST_STEP][PASSED] - getStatusCode()).isEqualTo(200): null

2019-08-15 16:26:50 - [TEST_STEP][PASSED] - newline = System.getProperty("line.separator"): null

2019-08-15 16:26:50 - [TEST_STEP][PASSED] - M4_spin = new groovy.json.JsonSlurper(): null

2019-08-15 16:26:50 - [TEST_STEP][PASSED] - result_M4_spin = M4_spin.parseText(response.getResponseBodyContent()): null

2019-08-15 16:26:50 - [TEST_STEP][PASSED] - M4_spin_current_balance = current_balance: null

2019-08-15 16:26:50 - [TEST_STEP][PASSED] - M4_spin_current_balance = M4_spin_current_balance: null

2019-08-15 16:26:50 - [TEST_STEP][PASSED] - M4_spin_transaction_id = causality: null

2019-08-15 16:26:50 - [TEST_STEP][PASSED] - M4_spin_transaction_id = M4_spin_transaction_id: null

2019-08-15 16:26:50 - [TEST_STEP][PASSED] - M4_spin_round_id = round_id: null

2019-08-15 16:26:50 - [TEST_STEP][PASSED] - M4_spin_round_id = M4_spin_round_id: null

2019-08-15 16:26:50 - [TEST_STEP][PASSED] - M4_spin_line_wins = line_wins: null

2019-08-15 16:26:50 - [TEST_STEP][PASSED] - M4_spin_line_wins = M4_spin_line_wins: null

2019-08-15 16:26:50 - [TEST_STEP][PASSED] - M4_total_bonus_spins_int = total_bonus_spins: null

2019-08-15 16:26:50 - [TEST_STEP][PASSED] - println("******M4_total_bonus_spins type is:*******" + newline + getClass().getName()): null

2019-08-15 16:26:50 - [TEST_STEP][PASSED] - M4_total_bonus_spins_int = M4_total_bonus_spins_int: null

2019-08-15 16:26:50 - [TEST_STEP][PASSED] - M4_total_bonus_spins = Integer.toString(M4_total_bonus_spins_int): null

2019-08-15 16:26:50 - [TEST_STEP][PASSED] - M4_total_bonus_spins = M4_total_bonus_spins: null

2019-08-15 16:26:50 - [TEST_STEP][PASSED] - println("M4_total_bonus_spins is:" + M4_total_bonus_spins): null

2019-08-15 16:26:50 - [TEST_STEP][PASSED] - M4_spin_bonus_data = bonus_data: null

2019-08-15 16:26:50 - [TEST_STEP][PASSED] - M4_spin_features_triggered = result_M4_spin: null

2019-08-15 16:26:50 - [TEST_STEP][PASSED] - wild = []: null

2019-08-15 16:26:50 - [TEST_STEP][PASSED] - wild[0] = "WILD_Expanding": null

2019-08-15 16:26:50 - [TEST_STEP][PASSED] - wild[1] = "WILD_Normal": null

2019-08-15 16:26:50 - [TEST_STEP][PASSED] - wild[2] = "WILD_Double": null

2019-08-15 16:26:50 - [TEST_STEP][PASSED] - wild[3] = "WILD_ExtraFG": null

2019-08-15 16:26:50 - [TEST_STEP][PASSED] - wild[4] = "WILD_Triple": null

2019-08-15 16:26:50 - [TEST_STEP][PASSED] - wildList = Arrays.asList(wild): null

2019-08-15 16:26:50 - [TEST_STEP][PASSED] - wildList = wildList: null

2019-08-15 16:26:50 - [TEST_STEP][PASSED] - free_spin_reel_counter = []: null

2019-08-15 16:26:50 - [TEST_STEP][PASSED] - free_spin_reel_counter[0] = 0: null

2019-08-15 16:26:50 - [TEST_STEP][PASSED] - free_spin_reel_counter[1] = 0: null

2019-08-15 16:26:50 - [TEST_STEP][PASSED] - free_spin_reel_counter[2] = 0: null

2019-08-15 16:26:50 - [TEST_STEP][PASSED] - M4_spin_reels = reels: null

2019-08-15 16:26:50 - [TEST_STEP][PASSED] - for ([i = 0, i &lt; M4_spin_reels.size(), (i++)]): null

2019-08-15 16:26:50 - [TEST_STEP][PASSED] - symbols = symbols: null

2019-08-15 16:26:50 - [TEST_STEP][PASSED] - for ([j = 0, j &lt; symbols.size(), (j++)]): null

2019-08-15 16:26:50 - [TEST_STEP][PASSED] - symbol = symbol: null

2019-08-15 16:26:50 - [TEST_STEP][PASSED] - println(symbol): null

2019-08-15 16:26:50 - [TEST_STEP][PASSED] - if (i == 2 &amp;&amp; wildList.indexOf(symbol) != -1): null

2019-08-15 16:26:50 - [TEST_STEP][PASSED] - if (i == 3 &amp;&amp; wildList.indexOf(symbol) != -1): null

2019-08-15 16:26:50 - [TEST_STEP][PASSED] - if (i == 4 &amp;&amp; wildList.indexOf(symbol) != -1): null

2019-08-15 16:26:50 - [TEST_STEP][PASSED] - symbol = symbol: null

2019-08-15 16:26:50 - [TEST_STEP][PASSED] - println(symbol): null

2019-08-15 16:26:50 - [TEST_STEP][PASSED] - if (i == 2 &amp;&amp; wildList.indexOf(symbol) != -1): null

2019-08-15 16:26:50 - [TEST_STEP][PASSED] - if (i == 3 &amp;&amp; wildList.indexOf(symbol) != -1): null

2019-08-15 16:26:50 - [TEST_STEP][PASSED] - if (i == 4 &amp;&amp; wildList.indexOf(symbol) != -1): null

2019-08-15 16:26:50 - [TEST_STEP][PASSED] - symbol = symbol: null

2019-08-15 16:26:50 - [TEST_STEP][PASSED] - println(symbol): null

2019-08-15 16:26:50 - [TEST_STEP][PASSED] - if (i == 2 &amp;&amp; wildList.indexOf(symbol) != -1): null

2019-08-15 16:26:50 - [TEST_STEP][PASSED] - if (i == 3 &amp;&amp; wildList.indexOf(symbol) != -1): null

2019-08-15 16:26:50 - [TEST_STEP][PASSED] - if (i == 4 &amp;&amp; wildList.indexOf(symbol) != -1): null

2019-08-15 16:26:50 - [TEST_STEP][PASSED] - symbols = symbols: null

2019-08-15 16:26:50 - [TEST_STEP][PASSED] - for ([j = 0, j &lt; symbols.size(), (j++)]): null

2019-08-15 16:26:50 - [TEST_STEP][PASSED] - symbol = symbol: null

2019-08-15 16:26:50 - [TEST_STEP][PASSED] - println(symbol): null

2019-08-15 16:26:50 - [TEST_STEP][PASSED] - if (i == 2 &amp;&amp; wildList.indexOf(symbol) != -1): null

2019-08-15 16:26:50 - [TEST_STEP][PASSED] - if (i == 3 &amp;&amp; wildList.indexOf(symbol) != -1): null

2019-08-15 16:26:50 - [TEST_STEP][PASSED] - if (i == 4 &amp;&amp; wildList.indexOf(symbol) != -1): null

2019-08-15 16:26:50 - [TEST_STEP][PASSED] - symbol = symbol: null

2019-08-15 16:26:50 - [TEST_STEP][PASSED] - println(symbol): null

2019-08-15 16:26:50 - [TEST_STEP][PASSED] - if (i == 2 &amp;&amp; wildList.indexOf(symbol) != -1): null

2019-08-15 16:26:50 - [TEST_STEP][PASSED] - if (i == 3 &amp;&amp; wildList.indexOf(symbol) != -1): null

2019-08-15 16:26:50 - [TEST_STEP][PASSED] - if (i == 4 &amp;&amp; wildList.indexOf(symbol) != -1): null

2019-08-15 16:26:50 - [TEST_STEP][PASSED] - symbol = symbol: null

2019-08-15 16:26:50 - [TEST_STEP][PASSED] - println(symbol): null

2019-08-15 16:26:50 - [TEST_STEP][PASSED] - if (i == 2 &amp;&amp; wildList.indexOf(symbol) != -1): null

2019-08-15 16:26:50 - [TEST_STEP][PASSED] - if (i == 3 &amp;&amp; wildList.indexOf(symbol) != -1): null

2019-08-15 16:26:50 - [TEST_STEP][PASSED] - if (i == 4 &amp;&amp; wildList.indexOf(symbol) != -1): null

2019-08-15 16:26:50 - [TEST_STEP][PASSED] - symbols = symbols: null

2019-08-15 16:26:50 - [TEST_STEP][PASSED] - for ([j = 0, j &lt; symbols.size(), (j++)]): null

2019-08-15 16:26:50 - [TEST_STEP][PASSED] - symbol = symbol: null

2019-08-15 16:26:50 - [TEST_STEP][PASSED] - println(symbol): null

2019-08-15 16:26:50 - [TEST_STEP][PASSED] - if (i == 2 &amp;&amp; wildList.indexOf(symbol) != -1): null

2019-08-15 16:26:50 - [TEST_STEP][PASSED] - if (i == 3 &amp;&amp; wildList.indexOf(symbol) != -1): null

2019-08-15 16:26:50 - [TEST_STEP][PASSED] - if (i == 4 &amp;&amp; wildList.indexOf(symbol) != -1): null

2019-08-15 16:26:50 - [TEST_STEP][PASSED] - symbol = symbol: null

2019-08-15 16:26:50 - [TEST_STEP][PASSED] - println(symbol): null

2019-08-15 16:26:50 - [TEST_STEP][PASSED] - if (i == 2 &amp;&amp; wildList.indexOf(symbol) != -1): null

2019-08-15 16:26:50 - [TEST_STEP][PASSED] - if (i == 3 &amp;&amp; wildList.indexOf(symbol) != -1): null

2019-08-15 16:26:50 - [TEST_STEP][PASSED] - if (i == 4 &amp;&amp; wildList.indexOf(symbol) != -1): null

2019-08-15 16:26:50 - [TEST_STEP][PASSED] - symbol = symbol: null

2019-08-15 16:26:50 - [TEST_STEP][PASSED] - println(symbol): null

2019-08-15 16:26:50 - [TEST_STEP][PASSED] - if (i == 2 &amp;&amp; wildList.indexOf(symbol) != -1): null

2019-08-15 16:26:50 - [TEST_STEP][PASSED] - if (i == 3 &amp;&amp; wildList.indexOf(symbol) != -1): null

2019-08-15 16:26:50 - [TEST_STEP][PASSED] - if (i == 4 &amp;&amp; wildList.indexOf(symbol) != -1): null

2019-08-15 16:26:50 - [TEST_STEP][PASSED] - symbols = symbols: null

2019-08-15 16:26:50 - [TEST_STEP][PASSED] - for ([j = 0, j &lt; symbols.size(), (j++)]): null

2019-08-15 16:26:50 - [TEST_STEP][PASSED] - symbol = symbol: null

2019-08-15 16:26:50 - [TEST_STEP][PASSED] - println(symbol): null

2019-08-15 16:26:50 - [TEST_STEP][PASSED] - if (i == 2 &amp;&amp; wildList.indexOf(symbol) != -1): null

2019-08-15 16:26:50 - [TEST_STEP][PASSED] - if (i == 3 &amp;&amp; wildList.indexOf(symbol) != -1): null

2019-08-15 16:26:50 - [TEST_STEP][PASSED] - if (i == 4 &amp;&amp; wildList.indexOf(symbol) != -1): null

2019-08-15 16:26:50 - [TEST_STEP][PASSED] - symbol = symbol: null

2019-08-15 16:26:50 - [TEST_STEP][PASSED] - println(symbol): null

2019-08-15 16:26:50 - [TEST_STEP][PASSED] - if (i == 2 &amp;&amp; wildList.indexOf(symbol) != -1): null

2019-08-15 16:26:50 - [TEST_STEP][PASSED] - if (i == 3 &amp;&amp; wildList.indexOf(symbol) != -1): null

2019-08-15 16:26:50 - [TEST_STEP][PASSED] - if (i == 4 &amp;&amp; wildList.indexOf(symbol) != -1): null

2019-08-15 16:26:50 - [TEST_STEP][PASSED] - symbol = symbol: null

2019-08-15 16:26:50 - [TEST_STEP][PASSED] - println(symbol): null

2019-08-15 16:26:50 - [TEST_STEP][PASSED] - if (i == 2 &amp;&amp; wildList.indexOf(symbol) != -1): null

2019-08-15 16:26:50 - [TEST_STEP][PASSED] - if (i == 3 &amp;&amp; wildList.indexOf(symbol) != -1): null

2019-08-15 16:26:50 - [TEST_STEP][PASSED] - println("wild found on reel 4, adding counter by 1"): null

2019-08-15 16:26:50 - [TEST_STEP][PASSED] - free_spin_reel_counter[1] = free_spin_reel_counter[1] + 1: null

2019-08-15 16:26:50 - [TEST_STEP][PASSED] - if (i == 4 &amp;&amp; wildList.indexOf(symbol) != -1): null

2019-08-15 16:26:50 - [TEST_STEP][PASSED] - symbols = symbols: null

2019-08-15 16:26:50 - [TEST_STEP][PASSED] - for ([j = 0, j &lt; symbols.size(), (j++)]): null

2019-08-15 16:26:50 - [TEST_STEP][PASSED] - symbol = symbol: null

2019-08-15 16:26:50 - [TEST_STEP][PASSED] - println(symbol): null

2019-08-15 16:26:50 - [TEST_STEP][PASSED] - if (i == 2 &amp;&amp; wildList.indexOf(symbol) != -1): null

2019-08-15 16:26:50 - [TEST_STEP][PASSED] - if (i == 3 &amp;&amp; wildList.indexOf(symbol) != -1): null

2019-08-15 16:26:50 - [TEST_STEP][PASSED] - if (i == 4 &amp;&amp; wildList.indexOf(symbol) != -1): null

2019-08-15 16:26:50 - [TEST_STEP][PASSED] - symbol = symbol: null

2019-08-15 16:26:50 - [TEST_STEP][PASSED] - println(symbol): null

2019-08-15 16:26:50 - [TEST_STEP][PASSED] - if (i == 2 &amp;&amp; wildList.indexOf(symbol) != -1): null

2019-08-15 16:26:50 - [TEST_STEP][PASSED] - if (i == 3 &amp;&amp; wildList.indexOf(symbol) != -1): null

2019-08-15 16:26:50 - [TEST_STEP][PASSED] - if (i == 4 &amp;&amp; wildList.indexOf(symbol) != -1): null

2019-08-15 16:26:50 - [TEST_STEP][PASSED] - symbol = symbol: null

2019-08-15 16:26:50 - [TEST_STEP][PASSED] - println(symbol): null

2019-08-15 16:26:50 - [TEST_STEP][PASSED] - if (i == 2 &amp;&amp; wildList.indexOf(symbol) != -1): null

2019-08-15 16:26:50 - [TEST_STEP][PASSED] - if (i == 3 &amp;&amp; wildList.indexOf(symbol) != -1): null

2019-08-15 16:26:50 - [TEST_STEP][PASSED] - if (i == 4 &amp;&amp; wildList.indexOf(symbol) != -1): null

2019-08-15 16:26:50 - [TEST_STEP][PASSED] - free_spin_reel_counter = free_spin_reel_counter: null

2019-08-15 16:26:50 - [TEST_STEP][PASSED] - println("reel 3 wild found: " + free_spin_reel_counter[0]): null

2019-08-15 16:26:50 - [TEST_STEP][PASSED] - println("reel 4 wild found: " + free_spin_reel_counter[1]): null

2019-08-15 16:26:50 - [TEST_STEP][PASSED] - println("reel 5 wild found: " + free_spin_reel_counter[2]): null

2019-08-15 16:26:50 - [TEST_STEP][PASSED] - M4_spin_reels = M4_spin_reels: null

2019-08-15 16:26:50 - [TEST_STEP][PASSED] - M4_spin_reels_symbols = symbol: null

2019-08-15 16:26:50 - [TEST_STEP][PASSED] - M4_spin_reels_symbols = M4_spin_reels_symbols: null

2019-08-15 16:26:50 - [TEST_STEP][PASSED] - M4_spin_reel_wins = reel_wins: null

2019-08-15 16:26:50 - [TEST_STEP][PASSED] - M4_spin_reel_wins = M4_spin_reel_wins: null

2019-08-15 16:26:50 - [TEST_STEP][PASSED] - println("GlobalVariable.M4_spin_reel_wins is: " + M4_spin_reel_wins): null

2019-08-15 16:26:50 - [TEST_STEP][PASSED] - M4_spin_total_bonus_win_this_round = total_bonus_win_this_round: null

2019-08-15 16:26:50 - [TEST_STEP][PASSED] - M4_spin_total_bonus_win_this_round = M4_spin_total_bonus_win_this_round: null

2019-08-15 16:26:50 - [TEST_STEP][PASSED] - println("GlobalVariable.M4_spin_total_bonus_win_this_round is: " + M4_spin_total_bonus_win_this_round): null

2019-08-15 16:26:50 - [MESSAGE][PASSED] - Verify response successfully

2019-08-15 16:26:50 - [MESSAGE][PASSED] - Send request and verify the response successfully

2019-08-15 16:26:50 - [TEST_STEP][PASSED] - if (M4_total_bonus_spins_int != 0 &amp;&amp; M4_spin_reels_symbols[2].contains("WILD_Normal") || M4_spin_reels_symbols[3].contains("WILD_Normal") || M4_spin_reels_symbols[4].contains("WILD_Normal")): null

2019-08-15 16:26:50 - [TEST_STEP][PASSED] - free_spin_reel_counter = free_spin_reel_counter: null

2019-08-15 16:26:50 - [TEST_STEP][PASSED] - M4_spin_reels_symbols = M4_spin_reels_symbols: null

2019-08-15 16:26:50 - [TEST_STEP][PASSED] - M4_total_bonus_spins = M4_total_bonus_spins: null

2019-08-15 16:26:50 - [TEST_STEP][PASSED] - spin_result = sendRequestAndVerify(findTestObject("STG/RGS(M4)/1_M4_spin", ["M4_login_user_id":M4_login_user_id, "rgs_session_token":rgs_session_token, "partner":Partner])): Send request and verify the response successfully

2019-08-15 16:26:50 - [TEST_CASE][PASSED] - Start Test Case : Verification: Verification accomplished successfully

2019-08-15 16:26:50 - [TEST_STEP][PASSED] - request = getInstance().getCurrentRequest(): null

2019-08-15 16:26:50 - [TEST_STEP][PASSED] - response = getInstance().getCurrentResponse(): null

2019-08-15 16:26:50 - [TEST_STEP][PASSED] - verifyResponseStatusCode(response, 200): Verify response status code successfully

2019-08-15 16:26:50 - [MESSAGE][PASSED] - Verify response status code successfully

2019-08-15 16:26:50 - [TEST_STEP][PASSED] - getStatusCode()).isEqualTo(200): null

2019-08-15 16:26:50 - [TEST_STEP][PASSED] - newline = System.getProperty("line.separator"): null

2019-08-15 16:26:50 - [TEST_STEP][PASSED] - M4_spin = new groovy.json.JsonSlurper(): null

2019-08-15 16:26:50 - [TEST_STEP][PASSED] - result_M4_spin = M4_spin.parseText(response.getResponseBodyContent()): null

2019-08-15 16:26:50 - [TEST_STEP][PASSED] - M4_spin_current_balance = current_balance: null

2019-08-15 16:26:50 - [TEST_STEP][PASSED] - M4_spin_current_balance = M4_spin_current_balance: null

2019-08-15 16:26:50 - [TEST_STEP][PASSED] - M4_spin_transaction_id = causality: null

2019-08-15 16:26:50 - [TEST_STEP][PASSED] - M4_spin_transaction_id = M4_spin_transaction_id: null

2019-08-15 16:26:50 - [TEST_STEP][PASSED] - M4_spin_round_id = round_id: null

2019-08-15 16:26:50 - [TEST_STEP][PASSED] - M4_spin_round_id = M4_spin_round_id: null

2019-08-15 16:26:50 - [TEST_STEP][PASSED] - M4_spin_line_wins = line_wins: null

2019-08-15 16:26:50 - [TEST_STEP][PASSED] - M4_spin_line_wins = M4_spin_line_wins: null

2019-08-15 16:26:50 - [TEST_STEP][PASSED] - M4_total_bonus_spins_int = total_bonus_spins: null

2019-08-15 16:26:50 - [TEST_STEP][PASSED] - println("******M4_total_bonus_spins type is:*******" + newline + getClass().getName()): null

2019-08-15 16:26:50 - [TEST_STEP][PASSED] - M4_total_bonus_spins_int = M4_total_bonus_spins_int: null

2019-08-15 16:26:50 - [TEST_STEP][PASSED] - M4_total_bonus_spins = Integer.toString(M4_total_bonus_spins_int): null

2019-08-15 16:26:50 - [TEST_STEP][PASSED] - M4_total_bonus_spins = M4_total_bonus_spins: null

2019-08-15 16:26:50 - [TEST_STEP][PASSED] - println("M4_total_bonus_spins is:" + M4_total_bonus_spins): null

2019-08-15 16:26:50 - [TEST_STEP][PASSED] - M4_spin_bonus_data = bonus_data: null

2019-08-15 16:26:50 - [TEST_STEP][PASSED] - M4_spin_features_triggered = result_M4_spin: null

2019-08-15 16:26:50 - [TEST_STEP][PASSED] - wild = []: null

2019-08-15 16:26:50 - [TEST_STEP][PASSED] - wild[0] = "WILD_Expanding": null

2019-08-15 16:26:50 - [TEST_STEP][PASSED] - wild[1] = "WILD_Normal": null

2019-08-15 16:26:50 - [TEST_STEP][PASSED] - wild[2] = "WILD_Double": null

2019-08-15 16:26:50 - [TEST_STEP][PASSED] - wild[3] = "WILD_ExtraFG": null

2019-08-15 16:26:50 - [TEST_STEP][PASSED] - wild[4] = "WILD_Triple": null

2019-08-15 16:26:50 - [TEST_STEP][PASSED] - wildList = Arrays.asList(wild): null

2019-08-15 16:26:50 - [TEST_STEP][PASSED] - wildList = wildList: null

2019-08-15 16:26:50 - [TEST_STEP][PASSED] - free_spin_reel_counter = []: null

2019-08-15 16:26:50 - [TEST_STEP][PASSED] - free_spin_reel_counter[0] = 0: null

2019-08-15 16:26:50 - [TEST_STEP][PASSED] - free_spin_reel_counter[1] = 0: null

2019-08-15 16:26:50 - [TEST_STEP][PASSED] - free_spin_reel_counter[2] = 0: null

2019-08-15 16:26:50 - [TEST_STEP][PASSED] - M4_spin_reels = reels: null

2019-08-15 16:26:50 - [TEST_STEP][PASSED] - for ([i = 0, i &lt; M4_spin_reels.size(), (i++)]): null

2019-08-15 16:26:50 - [TEST_STEP][PASSED] - symbols = symbols: null

2019-08-15 16:26:50 - [TEST_STEP][PASSED] - for ([j = 0, j &lt; symbols.size(), (j++)]): null

2019-08-15 16:26:50 - [TEST_STEP][PASSED] - symbol = symbol: null

2019-08-15 16:26:50 - [TEST_STEP][PASSED] - println(symbol): null

2019-08-15 16:26:50 - [TEST_STEP][PASSED] - if (i == 2 &amp;&amp; wildList.indexOf(symbol) != -1): null

2019-08-15 16:26:50 - [TEST_STEP][PASSED] - if (i == 3 &amp;&amp; wildList.indexOf(symbol) != -1): null

2019-08-15 16:26:50 - [TEST_STEP][PASSED] - if (i == 4 &amp;&amp; wildList.indexOf(symbol) != -1): null

2019-08-15 16:26:50 - [TEST_STEP][PASSED] - symbol = symbol: null

2019-08-15 16:26:50 - [TEST_STEP][PASSED] - println(symbol): null

2019-08-15 16:26:50 - [TEST_STEP][PASSED] - if (i == 2 &amp;&amp; wildList.indexOf(symbol) != -1): null

2019-08-15 16:26:50 - [TEST_STEP][PASSED] - if (i == 3 &amp;&amp; wildList.indexOf(symbol) != -1): null

2019-08-15 16:26:50 - [TEST_STEP][PASSED] - if (i == 4 &amp;&amp; wildList.indexOf(symbol) != -1): null

2019-08-15 16:26:50 - [TEST_STEP][PASSED] - symbol = symbol: null

2019-08-15 16:26:50 - [TEST_STEP][PASSED] - println(symbol): null

2019-08-15 16:26:50 - [TEST_STEP][PASSED] - if (i == 2 &amp;&amp; wildList.indexOf(symbol) != -1): null

2019-08-15 16:26:50 - [TEST_STEP][PASSED] - if (i == 3 &amp;&amp; wildList.indexOf(symbol) != -1): null

2019-08-15 16:26:50 - [TEST_STEP][PASSED] - if (i == 4 &amp;&amp; wildList.indexOf(symbol) != -1): null

2019-08-15 16:26:50 - [TEST_STEP][PASSED] - symbols = symbols: null

2019-08-15 16:26:50 - [TEST_STEP][PASSED] - for ([j = 0, j &lt; symbols.size(), (j++)]): null

2019-08-15 16:26:50 - [TEST_STEP][PASSED] - symbol = symbol: null

2019-08-15 16:26:50 - [TEST_STEP][PASSED] - println(symbol): null

2019-08-15 16:26:50 - [TEST_STEP][PASSED] - if (i == 2 &amp;&amp; wildList.indexOf(symbol) != -1): null

2019-08-15 16:26:50 - [TEST_STEP][PASSED] - if (i == 3 &amp;&amp; wildList.indexOf(symbol) != -1): null

2019-08-15 16:26:50 - [TEST_STEP][PASSED] - if (i == 4 &amp;&amp; wildList.indexOf(symbol) != -1): null

2019-08-15 16:26:50 - [TEST_STEP][PASSED] - symbol = symbol: null

2019-08-15 16:26:50 - [TEST_STEP][PASSED] - println(symbol): null

2019-08-15 16:26:50 - [TEST_STEP][PASSED] - if (i == 2 &amp;&amp; wildList.indexOf(symbol) != -1): null

2019-08-15 16:26:50 - [TEST_STEP][PASSED] - if (i == 3 &amp;&amp; wildList.indexOf(symbol) != -1): null

2019-08-15 16:26:50 - [TEST_STEP][PASSED] - if (i == 4 &amp;&amp; wildList.indexOf(symbol) != -1): null

2019-08-15 16:26:50 - [TEST_STEP][PASSED] - symbol = symbol: null

2019-08-15 16:26:50 - [TEST_STEP][PASSED] - println(symbol): null

2019-08-15 16:26:50 - [TEST_STEP][PASSED] - if (i == 2 &amp;&amp; wildList.indexOf(symbol) != -1): null

2019-08-15 16:26:50 - [TEST_STEP][PASSED] - if (i == 3 &amp;&amp; wildList.indexOf(symbol) != -1): null

2019-08-15 16:26:50 - [TEST_STEP][PASSED] - if (i == 4 &amp;&amp; wildList.indexOf(symbol) != -1): null

2019-08-15 16:26:50 - [TEST_STEP][PASSED] - symbols = symbols: null

2019-08-15 16:26:50 - [TEST_STEP][PASSED] - for ([j = 0, j &lt; symbols.size(), (j++)]): null

2019-08-15 16:26:50 - [TEST_STEP][PASSED] - symbol = symbol: null

2019-08-15 16:26:50 - [TEST_STEP][PASSED] - println(symbol): null

2019-08-15 16:26:50 - [TEST_STEP][PASSED] - if (i == 2 &amp;&amp; wildList.indexOf(symbol) != -1): null

2019-08-15 16:26:50 - [TEST_STEP][PASSED] - if (i == 3 &amp;&amp; wildList.indexOf(symbol) != -1): null

2019-08-15 16:26:50 - [TEST_STEP][PASSED] - if (i == 4 &amp;&amp; wildList.indexOf(symbol) != -1): null

2019-08-15 16:26:50 - [TEST_STEP][PASSED] - symbol = symbol: null

2019-08-15 16:26:50 - [TEST_STEP][PASSED] - println(symbol): null

2019-08-15 16:26:50 - [TEST_STEP][PASSED] - if (i == 2 &amp;&amp; wildList.indexOf(symbol) != -1): null

2019-08-15 16:26:50 - [TEST_STEP][PASSED] - if (i == 3 &amp;&amp; wildList.indexOf(symbol) != -1): null

2019-08-15 16:26:50 - [TEST_STEP][PASSED] - if (i == 4 &amp;&amp; wildList.indexOf(symbol) != -1): null

2019-08-15 16:26:50 - [TEST_STEP][PASSED] - symbol = symbol: null

2019-08-15 16:26:50 - [TEST_STEP][PASSED] - println(symbol): null

2019-08-15 16:26:50 - [TEST_STEP][PASSED] - if (i == 2 &amp;&amp; wildList.indexOf(symbol) != -1): null

2019-08-15 16:26:50 - [TEST_STEP][PASSED] - if (i == 3 &amp;&amp; wildList.indexOf(symbol) != -1): null

2019-08-15 16:26:50 - [TEST_STEP][PASSED] - if (i == 4 &amp;&amp; wildList.indexOf(symbol) != -1): null

2019-08-15 16:26:50 - [TEST_STEP][PASSED] - symbols = symbols: null

2019-08-15 16:26:50 - [TEST_STEP][PASSED] - for ([j = 0, j &lt; symbols.size(), (j++)]): null

2019-08-15 16:26:50 - [TEST_STEP][PASSED] - symbol = symbol: null

2019-08-15 16:26:50 - [TEST_STEP][PASSED] - println(symbol): null

2019-08-15 16:26:50 - [TEST_STEP][PASSED] - if (i == 2 &amp;&amp; wildList.indexOf(symbol) != -1): null

2019-08-15 16:26:50 - [TEST_STEP][PASSED] - if (i == 3 &amp;&amp; wildList.indexOf(symbol) != -1): null

2019-08-15 16:26:50 - [TEST_STEP][PASSED] - if (i == 4 &amp;&amp; wildList.indexOf(symbol) != -1): null

2019-08-15 16:26:50 - [TEST_STEP][PASSED] - symbol = symbol: null

2019-08-15 16:26:50 - [TEST_STEP][PASSED] - println(symbol): null

2019-08-15 16:26:50 - [TEST_STEP][PASSED] - if (i == 2 &amp;&amp; wildList.indexOf(symbol) != -1): null

2019-08-15 16:26:50 - [TEST_STEP][PASSED] - if (i == 3 &amp;&amp; wildList.indexOf(symbol) != -1): null

2019-08-15 16:26:50 - [TEST_STEP][PASSED] - if (i == 4 &amp;&amp; wildList.indexOf(symbol) != -1): null

2019-08-15 16:26:50 - [TEST_STEP][PASSED] - symbol = symbol: null

2019-08-15 16:26:50 - [TEST_STEP][PASSED] - println(symbol): null

2019-08-15 16:26:50 - [TEST_STEP][PASSED] - if (i == 2 &amp;&amp; wildList.indexOf(symbol) != -1): null

2019-08-15 16:26:50 - [TEST_STEP][PASSED] - if (i == 3 &amp;&amp; wildList.indexOf(symbol) != -1): null

2019-08-15 16:26:50 - [TEST_STEP][PASSED] - if (i == 4 &amp;&amp; wildList.indexOf(symbol) != -1): null

2019-08-15 16:26:50 - [TEST_STEP][PASSED] - symbols = symbols: null

2019-08-15 16:26:50 - [TEST_STEP][PASSED] - for ([j = 0, j &lt; symbols.size(), (j++)]): null

2019-08-15 16:26:50 - [TEST_STEP][PASSED] - symbol = symbol: null

2019-08-15 16:26:50 - [TEST_STEP][PASSED] - println(symbol): null

2019-08-15 16:26:50 - [TEST_STEP][PASSED] - if (i == 2 &amp;&amp; wildList.indexOf(symbol) != -1): null

2019-08-15 16:26:50 - [TEST_STEP][PASSED] - if (i == 3 &amp;&amp; wildList.indexOf(symbol) != -1): null

2019-08-15 16:26:50 - [TEST_STEP][PASSED] - if (i == 4 &amp;&amp; wildList.indexOf(symbol) != -1): null

2019-08-15 16:26:50 - [TEST_STEP][PASSED] - symbol = symbol: null

2019-08-15 16:26:50 - [TEST_STEP][PASSED] - println(symbol): null

2019-08-15 16:26:50 - [TEST_STEP][PASSED] - if (i == 2 &amp;&amp; wildList.indexOf(symbol) != -1): null

2019-08-15 16:26:50 - [TEST_STEP][PASSED] - if (i == 3 &amp;&amp; wildList.indexOf(symbol) != -1): null

2019-08-15 16:26:50 - [TEST_STEP][PASSED] - if (i == 4 &amp;&amp; wildList.indexOf(symbol) != -1): null

2019-08-15 16:26:50 - [TEST_STEP][PASSED] - symbol = symbol: null

2019-08-15 16:26:50 - [TEST_STEP][PASSED] - println(symbol): null

2019-08-15 16:26:50 - [TEST_STEP][PASSED] - if (i == 2 &amp;&amp; wildList.indexOf(symbol) != -1): null

2019-08-15 16:26:50 - [TEST_STEP][PASSED] - if (i == 3 &amp;&amp; wildList.indexOf(symbol) != -1): null

2019-08-15 16:26:50 - [TEST_STEP][PASSED] - if (i == 4 &amp;&amp; wildList.indexOf(symbol) != -1): null

2019-08-15 16:26:55 - [TEST_STEP][PASSED] - free_spin_reel_counter = free_spin_reel_counter: null

2019-08-15 16:26:55 - [TEST_STEP][PASSED] - println("reel 3 wild found: " + free_spin_reel_counter[0]): null

2019-08-15 16:26:55 - [TEST_STEP][PASSED] - println("reel 4 wild found: " + free_spin_reel_counter[1]): null

2019-08-15 16:26:55 - [TEST_STEP][PASSED] - println("reel 5 wild found: " + free_spin_reel_counter[2]): null

2019-08-15 16:26:55 - [TEST_STEP][PASSED] - M4_spin_reels = M4_spin_reels: null

2019-08-15 16:26:55 - [TEST_STEP][PASSED] - M4_spin_reels_symbols = symbol: null

2019-08-15 16:26:55 - [TEST_STEP][PASSED] - M4_spin_reels_symbols = M4_spin_reels_symbols: null

2019-08-15 16:26:55 - [TEST_STEP][PASSED] - M4_spin_reel_wins = reel_wins: null

2019-08-15 16:26:55 - [TEST_STEP][PASSED] - M4_spin_reel_wins = M4_spin_reel_wins: null

2019-08-15 16:26:55 - [TEST_STEP][PASSED] - println("GlobalVariable.M4_spin_reel_wins is: " + M4_spin_reel_wins): null

2019-08-15 16:26:55 - [TEST_STEP][PASSED] - M4_spin_total_bonus_win_this_round = total_bonus_win_this_round: null

2019-08-15 16:26:55 - [TEST_STEP][PASSED] - M4_spin_total_bonus_win_this_round = M4_spin_total_bonus_win_this_round: null

2019-08-15 16:26:55 - [TEST_STEP][PASSED] - println("GlobalVariable.M4_spin_total_bonus_win_this_round is: " + M4_spin_total_bonus_win_this_round): null

2019-08-15 16:26:55 - [MESSAGE][PASSED] - Verify response successfully

2019-08-15 16:26:55 - [MESSAGE][PASSED] - Send request and verify the response successfully

2019-08-15 16:26:55 - [TEST_STEP][PASSED] - if (M4_total_bonus_spins_int != 0 &amp;&amp; M4_spin_reels_symbols[2].contains("WILD_Normal") || M4_spin_reels_symbols[3].contains("WILD_Normal") || M4_spin_reels_symbols[4].contains("WILD_Normal")): null

2019-08-15 16:26:55 - [TEST_STEP][PASSED] - free_spin_reel_counter = free_spin_reel_counter: null

2019-08-15 16:26:55 - [TEST_STEP][PASSED] - M4_spin_reels_symbols = M4_spin_reels_symbols: null

2019-08-15 16:26:55 - [TEST_STEP][PASSED] - M4_total_bonus_spins = M4_total_bonus_spins: null

2019-08-15 16:26:55 - [TEST_STEP][PASSED] - spin_result = sendRequestAndVerify(findTestObject("STG/RGS(M4)/1_M4_spin", ["M4_login_user_id":M4_login_user_id, "rgs_session_token":rgs_session_token, "partner":Partner])): Send request and verify the response successfully

2019-08-15 16:26:56 - [TEST_CASE][PASSED] - Start Test Case : Verification: Verification accomplished successfully

2019-08-15 16:26:56 - [TEST_STEP][PASSED] - request = getInstance().getCurrentRequest(): null

2019-08-15 16:26:56 - [TEST_STEP][PASSED] - response = getInstance().getCurrentResponse(): null

2019-08-15 16:26:56 - [TEST_STEP][PASSED] - verifyResponseStatusCode(response, 200): Verify response status code successfully

2019-08-15 16:26:56 - [MESSAGE][PASSED] - Verify response status code successfully

2019-08-15 16:26:56 - [TEST_STEP][PASSED] - getStatusCode()).isEqualTo(200): null

2019-08-15 16:26:56 - [TEST_STEP][PASSED] - newline = System.getProperty("line.separator"): null

2019-08-15 16:26:56 - [TEST_STEP][PASSED] - M4_spin = new groovy.json.JsonSlurper(): null

2019-08-15 16:26:56 - [TEST_STEP][PASSED] - result_M4_spin = M4_spin.parseText(response.getResponseBodyContent()): null

2019-08-15 16:26:56 - [TEST_STEP][PASSED] - M4_spin_current_balance = current_balance: null

2019-08-15 16:26:56 - [TEST_STEP][PASSED] - M4_spin_current_balance = M4_spin_current_balance: null

2019-08-15 16:26:56 - [TEST_STEP][PASSED] - M4_spin_transaction_id = causality: null

2019-08-15 16:26:56 - [TEST_STEP][PASSED] - M4_spin_transaction_id = M4_spin_transaction_id: null

2019-08-15 16:26:56 - [TEST_STEP][PASSED] - M4_spin_round_id = round_id: null

2019-08-15 16:26:56 - [TEST_STEP][PASSED] - M4_spin_round_id = M4_spin_round_id: null

2019-08-15 16:26:56 - [TEST_STEP][PASSED] - M4_spin_line_wins = line_wins: null

2019-08-15 16:26:56 - [TEST_STEP][PASSED] - M4_spin_line_wins = M4_spin_line_wins: null

2019-08-15 16:26:56 - [TEST_STEP][PASSED] - M4_total_bonus_spins_int = total_bonus_spins: null

2019-08-15 16:26:56 - [TEST_STEP][PASSED] - println("******M4_total_bonus_spins type is:*******" + newline + getClass().getName()): null

2019-08-15 16:26:56 - [TEST_STEP][PASSED] - M4_total_bonus_spins_int = M4_total_bonus_spins_int: null

2019-08-15 16:26:56 - [TEST_STEP][PASSED] - M4_total_bonus_spins = Integer.toString(M4_total_bonus_spins_int): null

2019-08-15 16:26:56 - [TEST_STEP][PASSED] - M4_total_bonus_spins = M4_total_bonus_spins: null

2019-08-15 16:26:56 - [TEST_STEP][PASSED] - println("M4_total_bonus_spins is:" + M4_total_bonus_spins): null

2019-08-15 16:26:56 - [TEST_STEP][PASSED] - M4_spin_bonus_data = bonus_data: null

2019-08-15 16:26:56 - [TEST_STEP][PASSED] - M4_spin_features_triggered = result_M4_spin: null

2019-08-15 16:26:56 - [TEST_STEP][PASSED] - wild = []: null

2019-08-15 16:26:56 - [TEST_STEP][PASSED] - wild[0] = "WILD_Expanding": null

2019-08-15 16:26:56 - [TEST_STEP][PASSED] - wild[1] = "WILD_Normal": null

2019-08-15 16:26:56 - [TEST_STEP][PASSED] - wild[2] = "WILD_Double": null

2019-08-15 16:26:56 - [TEST_STEP][PASSED] - wild[3] = "WILD_ExtraFG": null

2019-08-15 16:26:56 - [TEST_STEP][PASSED] - wild[4] = "WILD_Triple": null

2019-08-15 16:26:56 - [TEST_STEP][PASSED] - wildList = Arrays.asList(wild): null

2019-08-15 16:26:56 - [TEST_STEP][PASSED] - wildList = wildList: null

2019-08-15 16:26:56 - [TEST_STEP][PASSED] - free_spin_reel_counter = []: null

2019-08-15 16:26:56 - [TEST_STEP][PASSED] - free_spin_reel_counter[0] = 0: null

2019-08-15 16:26:56 - [TEST_STEP][PASSED] - free_spin_reel_counter[1] = 0: null

2019-08-15 16:26:56 - [TEST_STEP][PASSED] - free_spin_reel_counter[2] = 0: null

2019-08-15 16:26:56 - [TEST_STEP][PASSED] - M4_spin_reels = reels: null

2019-08-15 16:26:56 - [TEST_STEP][PASSED] - for ([i = 0, i &lt; M4_spin_reels.size(), (i++)]): null

2019-08-15 16:26:56 - [TEST_STEP][PASSED] - symbols = symbols: null

2019-08-15 16:26:56 - [TEST_STEP][PASSED] - for ([j = 0, j &lt; symbols.size(), (j++)]): null

2019-08-15 16:26:56 - [TEST_STEP][PASSED] - symbol = symbol: null

2019-08-15 16:26:56 - [TEST_STEP][PASSED] - println(symbol): null

2019-08-15 16:26:56 - [TEST_STEP][PASSED] - if (i == 2 &amp;&amp; wildList.indexOf(symbol) != -1): null

2019-08-15 16:26:56 - [TEST_STEP][PASSED] - if (i == 3 &amp;&amp; wildList.indexOf(symbol) != -1): null

2019-08-15 16:26:56 - [TEST_STEP][PASSED] - if (i == 4 &amp;&amp; wildList.indexOf(symbol) != -1): null

2019-08-15 16:26:56 - [TEST_STEP][PASSED] - symbol = symbol: null

2019-08-15 16:26:56 - [TEST_STEP][PASSED] - println(symbol): null

2019-08-15 16:26:56 - [TEST_STEP][PASSED] - if (i == 2 &amp;&amp; wildList.indexOf(symbol) != -1): null

2019-08-15 16:26:56 - [TEST_STEP][PASSED] - if (i == 3 &amp;&amp; wildList.indexOf(symbol) != -1): null

2019-08-15 16:26:56 - [TEST_STEP][PASSED] - if (i == 4 &amp;&amp; wildList.indexOf(symbol) != -1): null

2019-08-15 16:26:56 - [TEST_STEP][PASSED] - symbol = symbol: null

2019-08-15 16:26:56 - [TEST_STEP][PASSED] - println(symbol): null

2019-08-15 16:26:56 - [TEST_STEP][PASSED] - if (i == 2 &amp;&amp; wildList.indexOf(symbol) != -1): null

2019-08-15 16:26:56 - [TEST_STEP][PASSED] - if (i == 3 &amp;&amp; wildList.indexOf(symbol) != -1): null

2019-08-15 16:26:56 - [TEST_STEP][PASSED] - if (i == 4 &amp;&amp; wildList.indexOf(symbol) != -1): null

2019-08-15 16:26:56 - [TEST_STEP][PASSED] - symbols = symbols: null

2019-08-15 16:26:56 - [TEST_STEP][PASSED] - for ([j = 0, j &lt; symbols.size(), (j++)]): null

2019-08-15 16:26:56 - [TEST_STEP][PASSED] - symbol = symbol: null

2019-08-15 16:26:56 - [TEST_STEP][PASSED] - println(symbol): null

2019-08-15 16:26:56 - [TEST_STEP][PASSED] - if (i == 2 &amp;&amp; wildList.indexOf(symbol) != -1): null

2019-08-15 16:26:56 - [TEST_STEP][PASSED] - if (i == 3 &amp;&amp; wildList.indexOf(symbol) != -1): null

2019-08-15 16:26:56 - [TEST_STEP][PASSED] - if (i == 4 &amp;&amp; wildList.indexOf(symbol) != -1): null

2019-08-15 16:26:56 - [TEST_STEP][PASSED] - symbol = symbol: null

2019-08-15 16:26:56 - [TEST_STEP][PASSED] - println(symbol): null

2019-08-15 16:26:56 - [TEST_STEP][PASSED] - if (i == 2 &amp;&amp; wildList.indexOf(symbol) != -1): null

2019-08-15 16:26:56 - [TEST_STEP][PASSED] - if (i == 3 &amp;&amp; wildList.indexOf(symbol) != -1): null

2019-08-15 16:26:56 - [TEST_STEP][PASSED] - if (i == 4 &amp;&amp; wildList.indexOf(symbol) != -1): null

2019-08-15 16:26:56 - [TEST_STEP][PASSED] - symbol = symbol: null

2019-08-15 16:26:56 - [TEST_STEP][PASSED] - println(symbol): null

2019-08-15 16:26:56 - [TEST_STEP][PASSED] - if (i == 2 &amp;&amp; wildList.indexOf(symbol) != -1): null

2019-08-15 16:26:56 - [TEST_STEP][PASSED] - if (i == 3 &amp;&amp; wildList.indexOf(symbol) != -1): null

2019-08-15 16:26:56 - [TEST_STEP][PASSED] - if (i == 4 &amp;&amp; wildList.indexOf(symbol) != -1): null

2019-08-15 16:26:56 - [TEST_STEP][PASSED] - symbols = symbols: null

2019-08-15 16:26:56 - [TEST_STEP][PASSED] - for ([j = 0, j &lt; symbols.size(), (j++)]): null

2019-08-15 16:26:56 - [TEST_STEP][PASSED] - symbol = symbol: null

2019-08-15 16:26:56 - [TEST_STEP][PASSED] - println(symbol): null

2019-08-15 16:26:56 - [TEST_STEP][PASSED] - if (i == 2 &amp;&amp; wildList.indexOf(symbol) != -1): null

2019-08-15 16:26:56 - [TEST_STEP][PASSED] - if (i == 3 &amp;&amp; wildList.indexOf(symbol) != -1): null

2019-08-15 16:26:56 - [TEST_STEP][PASSED] - if (i == 4 &amp;&amp; wildList.indexOf(symbol) != -1): null

2019-08-15 16:26:56 - [TEST_STEP][PASSED] - symbol = symbol: null

2019-08-15 16:26:56 - [TEST_STEP][PASSED] - println(symbol): null

2019-08-15 16:26:56 - [TEST_STEP][PASSED] - if (i == 2 &amp;&amp; wildList.indexOf(symbol) != -1): null

2019-08-15 16:26:56 - [TEST_STEP][PASSED] - if (i == 3 &amp;&amp; wildList.indexOf(symbol) != -1): null

2019-08-15 16:26:56 - [TEST_STEP][PASSED] - if (i == 4 &amp;&amp; wildList.indexOf(symbol) != -1): null

2019-08-15 16:26:56 - [TEST_STEP][PASSED] - symbol = symbol: null

2019-08-15 16:26:56 - [TEST_STEP][PASSED] - println(symbol): null

2019-08-15 16:26:56 - [TEST_STEP][PASSED] - if (i == 2 &amp;&amp; wildList.indexOf(symbol) != -1): null

2019-08-15 16:26:56 - [TEST_STEP][PASSED] - if (i == 3 &amp;&amp; wildList.indexOf(symbol) != -1): null

2019-08-15 16:26:56 - [TEST_STEP][PASSED] - if (i == 4 &amp;&amp; wildList.indexOf(symbol) != -1): null

2019-08-15 16:26:56 - [TEST_STEP][PASSED] - symbols = symbols: null

2019-08-15 16:26:56 - [TEST_STEP][PASSED] - for ([j = 0, j &lt; symbols.size(), (j++)]): null

2019-08-15 16:26:56 - [TEST_STEP][PASSED] - symbol = symbol: null

2019-08-15 16:26:56 - [TEST_STEP][PASSED] - println(symbol): null

2019-08-15 16:26:56 - [TEST_STEP][PASSED] - if (i == 2 &amp;&amp; wildList.indexOf(symbol) != -1): null

2019-08-15 16:26:56 - [TEST_STEP][PASSED] - if (i == 3 &amp;&amp; wildList.indexOf(symbol) != -1): null

2019-08-15 16:26:56 - [TEST_STEP][PASSED] - if (i == 4 &amp;&amp; wildList.indexOf(symbol) != -1): null

2019-08-15 16:26:56 - [TEST_STEP][PASSED] - symbol = symbol: null

2019-08-15 16:26:56 - [TEST_STEP][PASSED] - println(symbol): null

2019-08-15 16:26:56 - [TEST_STEP][PASSED] - if (i == 2 &amp;&amp; wildList.indexOf(symbol) != -1): null

2019-08-15 16:26:56 - [TEST_STEP][PASSED] - if (i == 3 &amp;&amp; wildList.indexOf(symbol) != -1): null

2019-08-15 16:26:56 - [TEST_STEP][PASSED] - if (i == 4 &amp;&amp; wildList.indexOf(symbol) != -1): null

2019-08-15 16:26:56 - [TEST_STEP][PASSED] - symbol = symbol: null

2019-08-15 16:26:56 - [TEST_STEP][PASSED] - println(symbol): null

2019-08-15 16:26:56 - [TEST_STEP][PASSED] - if (i == 2 &amp;&amp; wildList.indexOf(symbol) != -1): null

2019-08-15 16:26:56 - [TEST_STEP][PASSED] - if (i == 3 &amp;&amp; wildList.indexOf(symbol) != -1): null

2019-08-15 16:26:56 - [TEST_STEP][PASSED] - if (i == 4 &amp;&amp; wildList.indexOf(symbol) != -1): null

2019-08-15 16:26:56 - [TEST_STEP][PASSED] - symbols = symbols: null

2019-08-15 16:26:56 - [TEST_STEP][PASSED] - for ([j = 0, j &lt; symbols.size(), (j++)]): null

2019-08-15 16:26:56 - [TEST_STEP][PASSED] - symbol = symbol: null

2019-08-15 16:26:56 - [TEST_STEP][PASSED] - println(symbol): null

2019-08-15 16:26:56 - [TEST_STEP][PASSED] - if (i == 2 &amp;&amp; wildList.indexOf(symbol) != -1): null

2019-08-15 16:26:56 - [TEST_STEP][PASSED] - if (i == 3 &amp;&amp; wildList.indexOf(symbol) != -1): null

2019-08-15 16:26:56 - [TEST_STEP][PASSED] - if (i == 4 &amp;&amp; wildList.indexOf(symbol) != -1): null

2019-08-15 16:26:56 - [TEST_STEP][PASSED] - symbol = symbol: null

2019-08-15 16:26:56 - [TEST_STEP][PASSED] - println(symbol): null

2019-08-15 16:26:56 - [TEST_STEP][PASSED] - if (i == 2 &amp;&amp; wildList.indexOf(symbol) != -1): null

2019-08-15 16:26:56 - [TEST_STEP][PASSED] - if (i == 3 &amp;&amp; wildList.indexOf(symbol) != -1): null

2019-08-15 16:26:56 - [TEST_STEP][PASSED] - if (i == 4 &amp;&amp; wildList.indexOf(symbol) != -1): null

2019-08-15 16:26:56 - [TEST_STEP][PASSED] - symbol = symbol: null

2019-08-15 16:26:56 - [TEST_STEP][PASSED] - println(symbol): null

2019-08-15 16:26:56 - [TEST_STEP][PASSED] - if (i == 2 &amp;&amp; wildList.indexOf(symbol) != -1): null

2019-08-15 16:26:56 - [TEST_STEP][PASSED] - if (i == 3 &amp;&amp; wildList.indexOf(symbol) != -1): null

2019-08-15 16:26:56 - [TEST_STEP][PASSED] - if (i == 4 &amp;&amp; wildList.indexOf(symbol) != -1): null

2019-08-15 16:26:56 - [TEST_STEP][PASSED] - free_spin_reel_counter = free_spin_reel_counter: null

2019-08-15 16:26:56 - [TEST_STEP][PASSED] - println("reel 3 wild found: " + free_spin_reel_counter[0]): null

2019-08-15 16:26:56 - [TEST_STEP][PASSED] - println("reel 4 wild found: " + free_spin_reel_counter[1]): null

2019-08-15 16:26:56 - [TEST_STEP][PASSED] - println("reel 5 wild found: " + free_spin_reel_counter[2]): null

2019-08-15 16:26:56 - [TEST_STEP][PASSED] - M4_spin_reels = M4_spin_reels: null

2019-08-15 16:26:56 - [TEST_STEP][PASSED] - M4_spin_reels_symbols = symbol: null

2019-08-15 16:26:56 - [TEST_STEP][PASSED] - M4_spin_reels_symbols = M4_spin_reels_symbols: null

2019-08-15 16:26:56 - [TEST_STEP][PASSED] - M4_spin_reel_wins = reel_wins: null

2019-08-15 16:26:56 - [TEST_STEP][PASSED] - M4_spin_reel_wins = M4_spin_reel_wins: null

2019-08-15 16:26:56 - [TEST_STEP][PASSED] - println("GlobalVariable.M4_spin_reel_wins is: " + M4_spin_reel_wins): null

2019-08-15 16:26:56 - [TEST_STEP][PASSED] - M4_spin_total_bonus_win_this_round = total_bonus_win_this_round: null

2019-08-15 16:26:56 - [TEST_STEP][PASSED] - M4_spin_total_bonus_win_this_round = M4_spin_total_bonus_win_this_round: null

2019-08-15 16:26:56 - [TEST_STEP][PASSED] - println("GlobalVariable.M4_spin_total_bonus_win_this_round is: " + M4_spin_total_bonus_win_this_round): null

2019-08-15 16:26:56 - [MESSAGE][PASSED] - Verify response successfully

2019-08-15 16:26:56 - [MESSAGE][PASSED] - Send request and verify the response successfully

2019-08-15 16:26:56 - [TEST_STEP][PASSED] - if (M4_total_bonus_spins_int != 0 &amp;&amp; M4_spin_reels_symbols[2].contains("WILD_Normal") || M4_spin_reels_symbols[3].contains("WILD_Normal") || M4_spin_reels_symbols[4].contains("WILD_Normal")): null

2019-08-15 16:26:56 - [TEST_STEP][PASSED] - free_spin_reel_counter = free_spin_reel_counter: null

2019-08-15 16:26:56 - [TEST_STEP][PASSED] - M4_spin_reels_symbols = M4_spin_reels_symbols: null

2019-08-15 16:26:56 - [TEST_STEP][PASSED] - M4_total_bonus_spins = M4_total_bonus_spins: null

2019-08-15 16:26:56 - [TEST_STEP][PASSED] - spin_result = sendRequestAndVerify(findTestObject("STG/RGS(M4)/1_M4_spin", ["M4_login_user_id":M4_login_user_id, "rgs_session_token":rgs_session_token, "partner":Partner])): Send request and verify the response successfully

2019-08-15 16:26:56 - [TEST_CASE][PASSED] - Start Test Case : Verification: Verification accomplished successfully

2019-08-15 16:26:56 - [TEST_STEP][PASSED] - request = getInstance().getCurrentRequest(): null

2019-08-15 16:26:56 - [TEST_STEP][PASSED] - response = getInstance().getCurrentResponse(): null

2019-08-15 16:26:56 - [TEST_STEP][PASSED] - verifyResponseStatusCode(response, 200): Verify response status code successfully

2019-08-15 16:26:56 - [MESSAGE][PASSED] - Verify response status code successfully

2019-08-15 16:26:56 - [TEST_STEP][PASSED] - getStatusCode()).isEqualTo(200): null

2019-08-15 16:26:56 - [TEST_STEP][PASSED] - newline = System.getProperty("line.separator"): null

2019-08-15 16:26:56 - [TEST_STEP][PASSED] - M4_spin = new groovy.json.JsonSlurper(): null

2019-08-15 16:26:56 - [TEST_STEP][PASSED] - result_M4_spin = M4_spin.parseText(response.getResponseBodyContent()): null

2019-08-15 16:26:56 - [TEST_STEP][PASSED] - M4_spin_current_balance = current_balance: null

2019-08-15 16:26:56 - [TEST_STEP][PASSED] - M4_spin_current_balance = M4_spin_current_balance: null

2019-08-15 16:26:56 - [TEST_STEP][PASSED] - M4_spin_transaction_id = causality: null

2019-08-15 16:26:56 - [TEST_STEP][PASSED] - M4_spin_transaction_id = M4_spin_transaction_id: null

2019-08-15 16:26:56 - [TEST_STEP][PASSED] - M4_spin_round_id = round_id: null

2019-08-15 16:26:56 - [TEST_STEP][PASSED] - M4_spin_round_id = M4_spin_round_id: null

2019-08-15 16:26:56 - [TEST_STEP][PASSED] - M4_spin_line_wins = line_wins: null

2019-08-15 16:26:56 - [TEST_STEP][PASSED] - M4_spin_line_wins = M4_spin_line_wins: null

2019-08-15 16:26:56 - [TEST_STEP][PASSED] - M4_total_bonus_spins_int = total_bonus_spins: null

2019-08-15 16:26:56 - [TEST_STEP][PASSED] - println("******M4_total_bonus_spins type is:*******" + newline + getClass().getName()): null

2019-08-15 16:26:56 - [TEST_STEP][PASSED] - M4_total_bonus_spins_int = M4_total_bonus_spins_int: null

2019-08-15 16:26:56 - [TEST_STEP][PASSED] - M4_total_bonus_spins = Integer.toString(M4_total_bonus_spins_int): null

2019-08-15 16:26:56 - [TEST_STEP][PASSED] - M4_total_bonus_spins = M4_total_bonus_spins: null

2019-08-15 16:26:56 - [TEST_STEP][PASSED] - println("M4_total_bonus_spins is:" + M4_total_bonus_spins): null

2019-08-15 16:26:56 - [TEST_STEP][PASSED] - M4_spin_bonus_data = bonus_data: null

2019-08-15 16:26:56 - [TEST_STEP][PASSED] - M4_spin_features_triggered = result_M4_spin: null

2019-08-15 16:26:56 - [TEST_STEP][PASSED] - wild = []: null

2019-08-15 16:26:56 - [TEST_STEP][PASSED] - wild[0] = "WILD_Expanding": null

2019-08-15 16:26:56 - [TEST_STEP][PASSED] - wild[1] = "WILD_Normal": null

2019-08-15 16:26:56 - [TEST_STEP][PASSED] - wild[2] = "WILD_Double": null

2019-08-15 16:26:56 - [TEST_STEP][PASSED] - wild[3] = "WILD_ExtraFG": null

2019-08-15 16:26:56 - [TEST_STEP][PASSED] - wild[4] = "WILD_Triple": null

2019-08-15 16:26:56 - [TEST_STEP][PASSED] - wildList = Arrays.asList(wild): null

2019-08-15 16:26:56 - [TEST_STEP][PASSED] - wildList = wildList: null

2019-08-15 16:26:56 - [TEST_STEP][PASSED] - free_spin_reel_counter = []: null

2019-08-15 16:26:56 - [TEST_STEP][PASSED] - free_spin_reel_counter[0] = 0: null

2019-08-15 16:26:56 - [TEST_STEP][PASSED] - free_spin_reel_counter[1] = 0: null

2019-08-15 16:26:56 - [TEST_STEP][PASSED] - free_spin_reel_counter[2] = 0: null

2019-08-15 16:26:56 - [TEST_STEP][PASSED] - M4_spin_reels = reels: null

2019-08-15 16:26:56 - [TEST_STEP][PASSED] - for ([i = 0, i &lt; M4_spin_reels.size(), (i++)]): null

2019-08-15 16:26:56 - [TEST_STEP][PASSED] - symbols = symbols: null

2019-08-15 16:26:56 - [TEST_STEP][PASSED] - for ([j = 0, j &lt; symbols.size(), (j++)]): null

2019-08-15 16:26:56 - [TEST_STEP][PASSED] - symbol = symbol: null

2019-08-15 16:26:56 - [TEST_STEP][PASSED] - println(symbol): null

2019-08-15 16:26:56 - [TEST_STEP][PASSED] - if (i == 2 &amp;&amp; wildList.indexOf(symbol) != -1): null

2019-08-15 16:26:56 - [TEST_STEP][PASSED] - if (i == 3 &amp;&amp; wildList.indexOf(symbol) != -1): null

2019-08-15 16:26:56 - [TEST_STEP][PASSED] - if (i == 4 &amp;&amp; wildList.indexOf(symbol) != -1): null

2019-08-15 16:26:56 - [TEST_STEP][PASSED] - symbol = symbol: null

2019-08-15 16:26:56 - [TEST_STEP][PASSED] - println(symbol): null

2019-08-15 16:26:56 - [TEST_STEP][PASSED] - if (i == 2 &amp;&amp; wildList.indexOf(symbol) != -1): null

2019-08-15 16:26:56 - [TEST_STEP][PASSED] - if (i == 3 &amp;&amp; wildList.indexOf(symbol) != -1): null

2019-08-15 16:26:56 - [TEST_STEP][PASSED] - if (i == 4 &amp;&amp; wildList.indexOf(symbol) != -1): null

2019-08-15 16:26:56 - [TEST_STEP][PASSED] - symbol = symbol: null

2019-08-15 16:26:56 - [TEST_STEP][PASSED] - println(symbol): null

2019-08-15 16:26:56 - [TEST_STEP][PASSED] - if (i == 2 &amp;&amp; wildList.indexOf(symbol) != -1): null

2019-08-15 16:26:56 - [TEST_STEP][PASSED] - if (i == 3 &amp;&amp; wildList.indexOf(symbol) != -1): null

2019-08-15 16:26:56 - [TEST_STEP][PASSED] - if (i == 4 &amp;&amp; wildList.indexOf(symbol) != -1): null

2019-08-15 16:26:56 - [TEST_STEP][PASSED] - symbols = symbols: null

2019-08-15 16:26:56 - [TEST_STEP][PASSED] - for ([j = 0, j &lt; symbols.size(), (j++)]): null

2019-08-15 16:26:56 - [TEST_STEP][PASSED] - symbol = symbol: null

2019-08-15 16:26:56 - [TEST_STEP][PASSED] - println(symbol): null

2019-08-15 16:26:56 - [TEST_STEP][PASSED] - if (i == 2 &amp;&amp; wildList.indexOf(symbol) != -1): null

2019-08-15 16:26:56 - [TEST_STEP][PASSED] - if (i == 3 &amp;&amp; wildList.indexOf(symbol) != -1): null

2019-08-15 16:26:56 - [TEST_STEP][PASSED] - if (i == 4 &amp;&amp; wildList.indexOf(symbol) != -1): null

2019-08-15 16:26:56 - [TEST_STEP][PASSED] - symbol = symbol: null

2019-08-15 16:26:56 - [TEST_STEP][PASSED] - println(symbol): null

2019-08-15 16:26:56 - [TEST_STEP][PASSED] - if (i == 2 &amp;&amp; wildList.indexOf(symbol) != -1): null

2019-08-15 16:26:56 - [TEST_STEP][PASSED] - if (i == 3 &amp;&amp; wildList.indexOf(symbol) != -1): null

2019-08-15 16:26:56 - [TEST_STEP][PASSED] - if (i == 4 &amp;&amp; wildList.indexOf(symbol) != -1): null

2019-08-15 16:26:56 - [TEST_STEP][PASSED] - symbol = symbol: null

2019-08-15 16:26:56 - [TEST_STEP][PASSED] - println(symbol): null

2019-08-15 16:26:56 - [TEST_STEP][PASSED] - if (i == 2 &amp;&amp; wildList.indexOf(symbol) != -1): null

2019-08-15 16:26:56 - [TEST_STEP][PASSED] - if (i == 3 &amp;&amp; wildList.indexOf(symbol) != -1): null

2019-08-15 16:26:56 - [TEST_STEP][PASSED] - if (i == 4 &amp;&amp; wildList.indexOf(symbol) != -1): null

2019-08-15 16:26:56 - [TEST_STEP][PASSED] - symbols = symbols: null

2019-08-15 16:26:56 - [TEST_STEP][PASSED] - for ([j = 0, j &lt; symbols.size(), (j++)]): null

2019-08-15 16:26:56 - [TEST_STEP][PASSED] - symbol = symbol: null

2019-08-15 16:26:56 - [TEST_STEP][PASSED] - println(symbol): null

2019-08-15 16:26:56 - [TEST_STEP][PASSED] - if (i == 2 &amp;&amp; wildList.indexOf(symbol) != -1): null

2019-08-15 16:26:56 - [TEST_STEP][PASSED] - println("wild found on reel 3, adding counter by 1"): null

2019-08-15 16:26:56 - [TEST_STEP][PASSED] - free_spin_reel_counter[0] = free_spin_reel_counter[0] + 1: null

2019-08-15 16:26:56 - [TEST_STEP][PASSED] - if (i == 3 &amp;&amp; wildList.indexOf(symbol) != -1): null

2019-08-15 16:26:56 - [TEST_STEP][PASSED] - if (i == 4 &amp;&amp; wildList.indexOf(symbol) != -1): null

2019-08-15 16:26:56 - [TEST_STEP][PASSED] - symbol = symbol: null

2019-08-15 16:26:56 - [TEST_STEP][PASSED] - println(symbol): null

2019-08-15 16:26:56 - [TEST_STEP][PASSED] - if (i == 2 &amp;&amp; wildList.indexOf(symbol) != -1): null

2019-08-15 16:26:56 - [TEST_STEP][PASSED] - if (i == 3 &amp;&amp; wildList.indexOf(symbol) != -1): null

2019-08-15 16:26:56 - [TEST_STEP][PASSED] - if (i == 4 &amp;&amp; wildList.indexOf(symbol) != -1): null

2019-08-15 16:26:56 - [TEST_STEP][PASSED] - symbol = symbol: null

2019-08-15 16:26:56 - [TEST_STEP][PASSED] - println(symbol): null

2019-08-15 16:26:56 - [TEST_STEP][PASSED] - if (i == 2 &amp;&amp; wildList.indexOf(symbol) != -1): null

2019-08-15 16:26:56 - [TEST_STEP][PASSED] - if (i == 3 &amp;&amp; wildList.indexOf(symbol) != -1): null

2019-08-15 16:26:56 - [TEST_STEP][PASSED] - if (i == 4 &amp;&amp; wildList.indexOf(symbol) != -1): null

2019-08-15 16:26:56 - [TEST_STEP][PASSED] - symbols = symbols: null

2019-08-15 16:26:56 - [TEST_STEP][PASSED] - for ([j = 0, j &lt; symbols.size(), (j++)]): null

2019-08-15 16:26:56 - [TEST_STEP][PASSED] - symbol = symbol: null

2019-08-15 16:26:56 - [TEST_STEP][PASSED] - println(symbol): null

2019-08-15 16:26:56 - [TEST_STEP][PASSED] - if (i == 2 &amp;&amp; wildList.indexOf(symbol) != -1): null

2019-08-15 16:26:56 - [TEST_STEP][PASSED] - if (i == 3 &amp;&amp; wildList.indexOf(symbol) != -1): null

2019-08-15 16:26:56 - [TEST_STEP][PASSED] - if (i == 4 &amp;&amp; wildList.indexOf(symbol) != -1): null

2019-08-15 16:26:56 - [TEST_STEP][PASSED] - symbol = symbol: null

2019-08-15 16:26:56 - [TEST_STEP][PASSED] - println(symbol): null

2019-08-15 16:26:56 - [TEST_STEP][PASSED] - if (i == 2 &amp;&amp; wildList.indexOf(symbol) != -1): null

2019-08-15 16:26:56 - [TEST_STEP][PASSED] - if (i == 3 &amp;&amp; wildList.indexOf(symbol) != -1): null

2019-08-15 16:26:56 - [TEST_STEP][PASSED] - if (i == 4 &amp;&amp; wildList.indexOf(symbol) != -1): null

2019-08-15 16:26:56 - [TEST_STEP][PASSED] - symbol = symbol: null

2019-08-15 16:26:56 - [TEST_STEP][PASSED] - println(symbol): null

2019-08-15 16:26:56 - [TEST_STEP][PASSED] - if (i == 2 &amp;&amp; wildList.indexOf(symbol) != -1): null

2019-08-15 16:26:56 - [TEST_STEP][PASSED] - if (i == 3 &amp;&amp; wildList.indexOf(symbol) != -1): null

2019-08-15 16:26:56 - [TEST_STEP][PASSED] - println("wild found on reel 4, adding counter by 1"): null

2019-08-15 16:26:56 - [TEST_STEP][PASSED] - free_spin_reel_counter[1] = free_spin_reel_counter[1] + 1: null

2019-08-15 16:26:56 - [TEST_STEP][PASSED] - if (i == 4 &amp;&amp; wildList.indexOf(symbol) != -1): null

2019-08-15 16:26:56 - [TEST_STEP][PASSED] - symbols = symbols: null

2019-08-15 16:26:56 - [TEST_STEP][PASSED] - for ([j = 0, j &lt; symbols.size(), (j++)]): null

2019-08-15 16:26:56 - [TEST_STEP][PASSED] - symbol = symbol: null

2019-08-15 16:26:56 - [TEST_STEP][PASSED] - println(symbol): null

2019-08-15 16:26:56 - [TEST_STEP][PASSED] - if (i == 2 &amp;&amp; wildList.indexOf(symbol) != -1): null

2019-08-15 16:26:56 - [TEST_STEP][PASSED] - if (i == 3 &amp;&amp; wildList.indexOf(symbol) != -1): null

2019-08-15 16:26:56 - [TEST_STEP][PASSED] - if (i == 4 &amp;&amp; wildList.indexOf(symbol) != -1): null

2019-08-15 16:26:56 - [TEST_STEP][PASSED] - symbol = symbol: null

2019-08-15 16:26:56 - [TEST_STEP][PASSED] - println(symbol): null

2019-08-15 16:26:56 - [TEST_STEP][PASSED] - if (i == 2 &amp;&amp; wildList.indexOf(symbol) != -1): null

2019-08-15 16:26:56 - [TEST_STEP][PASSED] - if (i == 3 &amp;&amp; wildList.indexOf(symbol) != -1): null

2019-08-15 16:26:56 - [TEST_STEP][PASSED] - if (i == 4 &amp;&amp; wildList.indexOf(symbol) != -1): null

2019-08-15 16:26:56 - [TEST_STEP][PASSED] - symbol = symbol: null

2019-08-15 16:26:56 - [TEST_STEP][PASSED] - println(symbol): null

2019-08-15 16:26:56 - [TEST_STEP][PASSED] - if (i == 2 &amp;&amp; wildList.indexOf(symbol) != -1): null

2019-08-15 16:26:56 - [TEST_STEP][PASSED] - if (i == 3 &amp;&amp; wildList.indexOf(symbol) != -1): null

2019-08-15 16:26:56 - [TEST_STEP][PASSED] - if (i == 4 &amp;&amp; wildList.indexOf(symbol) != -1): null

2019-08-15 16:26:56 - [TEST_STEP][PASSED] - free_spin_reel_counter = free_spin_reel_counter: null

2019-08-15 16:26:56 - [TEST_STEP][PASSED] - println("reel 3 wild found: " + free_spin_reel_counter[0]): null

2019-08-15 16:26:56 - [TEST_STEP][PASSED] - println("reel 4 wild found: " + free_spin_reel_counter[1]): null

2019-08-15 16:26:56 - [TEST_STEP][PASSED] - println("reel 5 wild found: " + free_spin_reel_counter[2]): null

2019-08-15 16:26:56 - [TEST_STEP][PASSED] - M4_spin_reels = M4_spin_reels: null

2019-08-15 16:26:56 - [TEST_STEP][PASSED] - M4_spin_reels_symbols = symbol: null

2019-08-15 16:26:56 - [TEST_STEP][PASSED] - M4_spin_reels_symbols = M4_spin_reels_symbols: null

2019-08-15 16:26:56 - [TEST_STEP][PASSED] - M4_spin_reel_wins = reel_wins: null

2019-08-15 16:26:56 - [TEST_STEP][PASSED] - M4_spin_reel_wins = M4_spin_reel_wins: null

2019-08-15 16:26:56 - [TEST_STEP][PASSED] - println("GlobalVariable.M4_spin_reel_wins is: " + M4_spin_reel_wins): null

2019-08-15 16:26:56 - [TEST_STEP][PASSED] - M4_spin_total_bonus_win_this_round = total_bonus_win_this_round: null

2019-08-15 16:26:56 - [TEST_STEP][PASSED] - M4_spin_total_bonus_win_this_round = M4_spin_total_bonus_win_this_round: null

2019-08-15 16:26:56 - [TEST_STEP][PASSED] - println("GlobalVariable.M4_spin_total_bonus_win_this_round is: " + M4_spin_total_bonus_win_this_round): null

2019-08-15 16:26:56 - [MESSAGE][PASSED] - Verify response successfully

2019-08-15 16:26:56 - [MESSAGE][PASSED] - Send request and verify the response successfully

2019-08-15 16:26:56 - [TEST_STEP][PASSED] - if (M4_total_bonus_spins_int != 0 &amp;&amp; M4_spin_reels_symbols[2].contains("WILD_Normal") || M4_spin_reels_symbols[3].contains("WILD_Normal") || M4_spin_reels_symbols[4].contains("WILD_Normal")): null

2019-08-15 16:26:56 - [TEST_STEP][PASSED] - free_spin_reel_counter = free_spin_reel_counter: null

2019-08-15 16:26:56 - [TEST_STEP][PASSED] - M4_spin_reels_symbols = M4_spin_reels_symbols: null

2019-08-15 16:26:56 - [TEST_STEP][PASSED] - M4_total_bonus_spins = M4_total_bonus_spins: null

2019-08-15 16:26:56 - [TEST_STEP][PASSED] - spin_result = sendRequestAndVerify(findTestObject("STG/RGS(M4)/1_M4_spin", ["M4_login_user_id":M4_login_user_id, "rgs_session_token":rgs_session_token, "partner":Partner])): Send request and verify the response successfully

2019-08-15 16:26:56 - [TEST_CASE][PASSED] - Start Test Case : Verification: Verification accomplished successfully

2019-08-15 16:26:56 - [TEST_STEP][PASSED] - request = getInstance().getCurrentRequest(): null

2019-08-15 16:26:56 - [TEST_STEP][PASSED] - response = getInstance().getCurrentResponse(): null

2019-08-15 16:26:56 - [TEST_STEP][PASSED] - verifyResponseStatusCode(response, 200): Verify response status code successfully

2019-08-15 16:26:56 - [MESSAGE][PASSED] - Verify response status code successfully

2019-08-15 16:26:56 - [TEST_STEP][PASSED] - getStatusCode()).isEqualTo(200): null

2019-08-15 16:26:56 - [TEST_STEP][PASSED] - newline = System.getProperty("line.separator"): null

2019-08-15 16:26:56 - [TEST_STEP][PASSED] - M4_spin = new groovy.json.JsonSlurper(): null

2019-08-15 16:26:56 - [TEST_STEP][PASSED] - result_M4_spin = M4_spin.parseText(response.getResponseBodyContent()): null

2019-08-15 16:26:56 - [TEST_STEP][PASSED] - M4_spin_current_balance = current_balance: null

2019-08-15 16:26:56 - [TEST_STEP][PASSED] - M4_spin_current_balance = M4_spin_current_balance: null

2019-08-15 16:26:56 - [TEST_STEP][PASSED] - M4_spin_transaction_id = causality: null

2019-08-15 16:26:56 - [TEST_STEP][PASSED] - M4_spin_transaction_id = M4_spin_transaction_id: null

2019-08-15 16:26:56 - [TEST_STEP][PASSED] - M4_spin_round_id = round_id: null

2019-08-15 16:26:56 - [TEST_STEP][PASSED] - M4_spin_round_id = M4_spin_round_id: null

2019-08-15 16:26:56 - [TEST_STEP][PASSED] - M4_spin_line_wins = line_wins: null

2019-08-15 16:26:56 - [TEST_STEP][PASSED] - M4_spin_line_wins = M4_spin_line_wins: null

2019-08-15 16:26:56 - [TEST_STEP][PASSED] - M4_total_bonus_spins_int = total_bonus_spins: null

2019-08-15 16:26:56 - [TEST_STEP][PASSED] - println("******M4_total_bonus_spins type is:*******" + newline + getClass().getName()): null

2019-08-15 16:26:56 - [TEST_STEP][PASSED] - M4_total_bonus_spins_int = M4_total_bonus_spins_int: null

2019-08-15 16:26:56 - [TEST_STEP][PASSED] - M4_total_bonus_spins = Integer.toString(M4_total_bonus_spins_int): null

2019-08-15 16:27:01 - [TEST_STEP][PASSED] - M4_total_bonus_spins = M4_total_bonus_spins: null

2019-08-15 16:27:01 - [TEST_STEP][PASSED] - println("M4_total_bonus_spins is:" + M4_total_bonus_spins): null

2019-08-15 16:27:01 - [TEST_STEP][PASSED] - M4_spin_bonus_data = bonus_data: null

2019-08-15 16:27:01 - [TEST_STEP][PASSED] - M4_spin_features_triggered = result_M4_spin: null

2019-08-15 16:27:01 - [TEST_STEP][PASSED] - wild = []: null

2019-08-15 16:27:01 - [TEST_STEP][PASSED] - wild[0] = "WILD_Expanding": null

2019-08-15 16:27:01 - [TEST_STEP][PASSED] - wild[1] = "WILD_Normal": null

2019-08-15 16:27:01 - [TEST_STEP][PASSED] - wild[2] = "WILD_Double": null

2019-08-15 16:27:01 - [TEST_STEP][PASSED] - wild[3] = "WILD_ExtraFG": null

2019-08-15 16:27:01 - [TEST_STEP][PASSED] - wild[4] = "WILD_Triple": null

2019-08-15 16:27:01 - [TEST_STEP][PASSED] - wildList = Arrays.asList(wild): null

2019-08-15 16:27:01 - [TEST_STEP][PASSED] - wildList = wildList: null

2019-08-15 16:27:01 - [TEST_STEP][PASSED] - free_spin_reel_counter = []: null

2019-08-15 16:27:01 - [TEST_STEP][PASSED] - free_spin_reel_counter[0] = 0: null

2019-08-15 16:27:01 - [TEST_STEP][PASSED] - free_spin_reel_counter[1] = 0: null

2019-08-15 16:27:01 - [TEST_STEP][PASSED] - free_spin_reel_counter[2] = 0: null

2019-08-15 16:27:01 - [TEST_STEP][PASSED] - M4_spin_reels = reels: null

2019-08-15 16:27:01 - [TEST_STEP][PASSED] - for ([i = 0, i &lt; M4_spin_reels.size(), (i++)]): null

2019-08-15 16:27:01 - [TEST_STEP][PASSED] - symbols = symbols: null

2019-08-15 16:27:01 - [TEST_STEP][PASSED] - for ([j = 0, j &lt; symbols.size(), (j++)]): null

2019-08-15 16:27:01 - [TEST_STEP][PASSED] - symbol = symbol: null

2019-08-15 16:27:01 - [TEST_STEP][PASSED] - println(symbol): null

2019-08-15 16:27:01 - [TEST_STEP][PASSED] - if (i == 2 &amp;&amp; wildList.indexOf(symbol) != -1): null

2019-08-15 16:27:01 - [TEST_STEP][PASSED] - if (i == 3 &amp;&amp; wildList.indexOf(symbol) != -1): null

2019-08-15 16:27:01 - [TEST_STEP][PASSED] - if (i == 4 &amp;&amp; wildList.indexOf(symbol) != -1): null

2019-08-15 16:27:01 - [TEST_STEP][PASSED] - symbol = symbol: null

2019-08-15 16:27:01 - [TEST_STEP][PASSED] - println(symbol): null

2019-08-15 16:27:01 - [TEST_STEP][PASSED] - if (i == 2 &amp;&amp; wildList.indexOf(symbol) != -1): null

2019-08-15 16:27:01 - [TEST_STEP][PASSED] - if (i == 3 &amp;&amp; wildList.indexOf(symbol) != -1): null

2019-08-15 16:27:01 - [TEST_STEP][PASSED] - if (i == 4 &amp;&amp; wildList.indexOf(symbol) != -1): null

2019-08-15 16:27:01 - [TEST_STEP][PASSED] - symbol = symbol: null

2019-08-15 16:27:01 - [TEST_STEP][PASSED] - println(symbol): null

2019-08-15 16:27:01 - [TEST_STEP][PASSED] - if (i == 2 &amp;&amp; wildList.indexOf(symbol) != -1): null

2019-08-15 16:27:01 - [TEST_STEP][PASSED] - if (i == 3 &amp;&amp; wildList.indexOf(symbol) != -1): null

2019-08-15 16:27:01 - [TEST_STEP][PASSED] - if (i == 4 &amp;&amp; wildList.indexOf(symbol) != -1): null

2019-08-15 16:27:01 - [TEST_STEP][PASSED] - symbols = symbols: null

2019-08-15 16:27:01 - [TEST_STEP][PASSED] - for ([j = 0, j &lt; symbols.size(), (j++)]): null

2019-08-15 16:27:01 - [TEST_STEP][PASSED] - symbol = symbol: null

2019-08-15 16:27:01 - [TEST_STEP][PASSED] - println(symbol): null

2019-08-15 16:27:01 - [TEST_STEP][PASSED] - if (i == 2 &amp;&amp; wildList.indexOf(symbol) != -1): null

2019-08-15 16:27:01 - [TEST_STEP][PASSED] - if (i == 3 &amp;&amp; wildList.indexOf(symbol) != -1): null

2019-08-15 16:27:01 - [TEST_STEP][PASSED] - if (i == 4 &amp;&amp; wildList.indexOf(symbol) != -1): null

2019-08-15 16:27:01 - [TEST_STEP][PASSED] - symbol = symbol: null

2019-08-15 16:27:01 - [TEST_STEP][PASSED] - println(symbol): null

2019-08-15 16:27:01 - [TEST_STEP][PASSED] - if (i == 2 &amp;&amp; wildList.indexOf(symbol) != -1): null

2019-08-15 16:27:01 - [TEST_STEP][PASSED] - if (i == 3 &amp;&amp; wildList.indexOf(symbol) != -1): null

2019-08-15 16:27:01 - [TEST_STEP][PASSED] - if (i == 4 &amp;&amp; wildList.indexOf(symbol) != -1): null

2019-08-15 16:27:01 - [TEST_STEP][PASSED] - symbol = symbol: null

2019-08-15 16:27:01 - [TEST_STEP][PASSED] - println(symbol): null

2019-08-15 16:27:01 - [TEST_STEP][PASSED] - if (i == 2 &amp;&amp; wildList.indexOf(symbol) != -1): null

2019-08-15 16:27:01 - [TEST_STEP][PASSED] - if (i == 3 &amp;&amp; wildList.indexOf(symbol) != -1): null

2019-08-15 16:27:01 - [TEST_STEP][PASSED] - if (i == 4 &amp;&amp; wildList.indexOf(symbol) != -1): null

2019-08-15 16:27:01 - [TEST_STEP][PASSED] - symbols = symbols: null

2019-08-15 16:27:01 - [TEST_STEP][PASSED] - for ([j = 0, j &lt; symbols.size(), (j++)]): null

2019-08-15 16:27:01 - [TEST_STEP][PASSED] - symbol = symbol: null

2019-08-15 16:27:01 - [TEST_STEP][PASSED] - println(symbol): null

2019-08-15 16:27:01 - [TEST_STEP][PASSED] - if (i == 2 &amp;&amp; wildList.indexOf(symbol) != -1): null

2019-08-15 16:27:01 - [TEST_STEP][PASSED] - if (i == 3 &amp;&amp; wildList.indexOf(symbol) != -1): null

2019-08-15 16:27:01 - [TEST_STEP][PASSED] - if (i == 4 &amp;&amp; wildList.indexOf(symbol) != -1): null

2019-08-15 16:27:01 - [TEST_STEP][PASSED] - symbol = symbol: null

2019-08-15 16:27:01 - [TEST_STEP][PASSED] - println(symbol): null

2019-08-15 16:27:01 - [TEST_STEP][PASSED] - if (i == 2 &amp;&amp; wildList.indexOf(symbol) != -1): null

2019-08-15 16:27:01 - [TEST_STEP][PASSED] - if (i == 3 &amp;&amp; wildList.indexOf(symbol) != -1): null

2019-08-15 16:27:01 - [TEST_STEP][PASSED] - if (i == 4 &amp;&amp; wildList.indexOf(symbol) != -1): null

2019-08-15 16:27:01 - [TEST_STEP][PASSED] - symbol = symbol: null

2019-08-15 16:27:01 - [TEST_STEP][PASSED] - println(symbol): null

2019-08-15 16:27:01 - [TEST_STEP][PASSED] - if (i == 2 &amp;&amp; wildList.indexOf(symbol) != -1): null

2019-08-15 16:27:01 - [TEST_STEP][PASSED] - if (i == 3 &amp;&amp; wildList.indexOf(symbol) != -1): null

2019-08-15 16:27:01 - [TEST_STEP][PASSED] - if (i == 4 &amp;&amp; wildList.indexOf(symbol) != -1): null

2019-08-15 16:27:01 - [TEST_STEP][PASSED] - symbols = symbols: null

2019-08-15 16:27:01 - [TEST_STEP][PASSED] - for ([j = 0, j &lt; symbols.size(), (j++)]): null

2019-08-15 16:27:01 - [TEST_STEP][PASSED] - symbol = symbol: null

2019-08-15 16:27:01 - [TEST_STEP][PASSED] - println(symbol): null

2019-08-15 16:27:01 - [TEST_STEP][PASSED] - if (i == 2 &amp;&amp; wildList.indexOf(symbol) != -1): null

2019-08-15 16:27:01 - [TEST_STEP][PASSED] - if (i == 3 &amp;&amp; wildList.indexOf(symbol) != -1): null

2019-08-15 16:27:01 - [TEST_STEP][PASSED] - if (i == 4 &amp;&amp; wildList.indexOf(symbol) != -1): null

2019-08-15 16:27:01 - [TEST_STEP][PASSED] - symbol = symbol: null

2019-08-15 16:27:01 - [TEST_STEP][PASSED] - println(symbol): null

2019-08-15 16:27:01 - [TEST_STEP][PASSED] - if (i == 2 &amp;&amp; wildList.indexOf(symbol) != -1): null

2019-08-15 16:27:01 - [TEST_STEP][PASSED] - if (i == 3 &amp;&amp; wildList.indexOf(symbol) != -1): null

2019-08-15 16:27:01 - [TEST_STEP][PASSED] - if (i == 4 &amp;&amp; wildList.indexOf(symbol) != -1): null

2019-08-15 16:27:01 - [TEST_STEP][PASSED] - symbol = symbol: null

2019-08-15 16:27:01 - [TEST_STEP][PASSED] - println(symbol): null

2019-08-15 16:27:01 - [TEST_STEP][PASSED] - if (i == 2 &amp;&amp; wildList.indexOf(symbol) != -1): null

2019-08-15 16:27:01 - [TEST_STEP][PASSED] - if (i == 3 &amp;&amp; wildList.indexOf(symbol) != -1): null

2019-08-15 16:27:01 - [TEST_STEP][PASSED] - if (i == 4 &amp;&amp; wildList.indexOf(symbol) != -1): null

2019-08-15 16:27:01 - [TEST_STEP][PASSED] - symbols = symbols: null

2019-08-15 16:27:01 - [TEST_STEP][PASSED] - for ([j = 0, j &lt; symbols.size(), (j++)]): null

2019-08-15 16:27:01 - [TEST_STEP][PASSED] - symbol = symbol: null

2019-08-15 16:27:01 - [TEST_STEP][PASSED] - println(symbol): null

2019-08-15 16:27:01 - [TEST_STEP][PASSED] - if (i == 2 &amp;&amp; wildList.indexOf(symbol) != -1): null

2019-08-15 16:27:01 - [TEST_STEP][PASSED] - if (i == 3 &amp;&amp; wildList.indexOf(symbol) != -1): null

2019-08-15 16:27:01 - [TEST_STEP][PASSED] - if (i == 4 &amp;&amp; wildList.indexOf(symbol) != -1): null

2019-08-15 16:27:01 - [TEST_STEP][PASSED] - symbol = symbol: null

2019-08-15 16:27:01 - [TEST_STEP][PASSED] - println(symbol): null

2019-08-15 16:27:01 - [TEST_STEP][PASSED] - if (i == 2 &amp;&amp; wildList.indexOf(symbol) != -1): null

2019-08-15 16:27:01 - [TEST_STEP][PASSED] - if (i == 3 &amp;&amp; wildList.indexOf(symbol) != -1): null

2019-08-15 16:27:01 - [TEST_STEP][PASSED] - if (i == 4 &amp;&amp; wildList.indexOf(symbol) != -1): null

2019-08-15 16:27:01 - [TEST_STEP][PASSED] - symbol = symbol: null

2019-08-15 16:27:01 - [TEST_STEP][PASSED] - println(symbol): null

2019-08-15 16:27:01 - [TEST_STEP][PASSED] - if (i == 2 &amp;&amp; wildList.indexOf(symbol) != -1): null

2019-08-15 16:27:01 - [TEST_STEP][PASSED] - if (i == 3 &amp;&amp; wildList.indexOf(symbol) != -1): null

2019-08-15 16:27:01 - [TEST_STEP][PASSED] - if (i == 4 &amp;&amp; wildList.indexOf(symbol) != -1): null

2019-08-15 16:27:01 - [TEST_STEP][PASSED] - free_spin_reel_counter = free_spin_reel_counter: null

2019-08-15 16:27:01 - [TEST_STEP][PASSED] - println("reel 3 wild found: " + free_spin_reel_counter[0]): null

2019-08-15 16:27:01 - [TEST_STEP][PASSED] - println("reel 4 wild found: " + free_spin_reel_counter[1]): null

2019-08-15 16:27:01 - [TEST_STEP][PASSED] - println("reel 5 wild found: " + free_spin_reel_counter[2]): null

2019-08-15 16:27:01 - [TEST_STEP][PASSED] - M4_spin_reels = M4_spin_reels: null

2019-08-15 16:27:01 - [TEST_STEP][PASSED] - M4_spin_reels_symbols = symbol: null

2019-08-15 16:27:01 - [TEST_STEP][PASSED] - M4_spin_reels_symbols = M4_spin_reels_symbols: null

2019-08-15 16:27:01 - [TEST_STEP][PASSED] - M4_spin_reel_wins = reel_wins: null

2019-08-15 16:27:01 - [TEST_STEP][PASSED] - M4_spin_reel_wins = M4_spin_reel_wins: null

2019-08-15 16:27:01 - [TEST_STEP][PASSED] - println("GlobalVariable.M4_spin_reel_wins is: " + M4_spin_reel_wins): null

2019-08-15 16:27:01 - [TEST_STEP][PASSED] - M4_spin_total_bonus_win_this_round = total_bonus_win_this_round: null

2019-08-15 16:27:01 - [TEST_STEP][PASSED] - M4_spin_total_bonus_win_this_round = M4_spin_total_bonus_win_this_round: null

2019-08-15 16:27:01 - [TEST_STEP][PASSED] - println("GlobalVariable.M4_spin_total_bonus_win_this_round is: " + M4_spin_total_bonus_win_this_round): null

2019-08-15 16:27:01 - [MESSAGE][PASSED] - Verify response successfully

2019-08-15 16:27:01 - [MESSAGE][PASSED] - Send request and verify the response successfully

2019-08-15 16:27:01 - [TEST_STEP][PASSED] - if (M4_total_bonus_spins_int != 0 &amp;&amp; M4_spin_reels_symbols[2].contains("WILD_Normal") || M4_spin_reels_symbols[3].contains("WILD_Normal") || M4_spin_reels_symbols[4].contains("WILD_Normal")): null

2019-08-15 16:27:01 - [TEST_STEP][PASSED] - free_spin_reel_counter = free_spin_reel_counter: null

2019-08-15 16:27:01 - [TEST_STEP][PASSED] - M4_spin_reels_symbols = M4_spin_reels_symbols: null

2019-08-15 16:27:01 - [TEST_STEP][PASSED] - M4_total_bonus_spins = M4_total_bonus_spins: null

2019-08-15 16:27:01 - [TEST_STEP][PASSED] - spin_result = sendRequestAndVerify(findTestObject("STG/RGS(M4)/1_M4_spin", ["M4_login_user_id":M4_login_user_id, "rgs_session_token":rgs_session_token, "partner":Partner])): Send request and verify the response successfully

2019-08-15 16:27:02 - [TEST_CASE][PASSED] - Start Test Case : Verification: Verification accomplished successfully

2019-08-15 16:27:02 - [TEST_STEP][PASSED] - request = getInstance().getCurrentRequest(): null

2019-08-15 16:27:02 - [TEST_STEP][PASSED] - response = getInstance().getCurrentResponse(): null

2019-08-15 16:27:02 - [TEST_STEP][PASSED] - verifyResponseStatusCode(response, 200): Verify response status code successfully

2019-08-15 16:27:02 - [MESSAGE][PASSED] - Verify response status code successfully

2019-08-15 16:27:02 - [TEST_STEP][PASSED] - getStatusCode()).isEqualTo(200): null

2019-08-15 16:27:02 - [TEST_STEP][PASSED] - newline = System.getProperty("line.separator"): null

2019-08-15 16:27:02 - [TEST_STEP][PASSED] - M4_spin = new groovy.json.JsonSlurper(): null

2019-08-15 16:27:02 - [TEST_STEP][PASSED] - result_M4_spin = M4_spin.parseText(response.getResponseBodyContent()): null

2019-08-15 16:27:02 - [TEST_STEP][PASSED] - M4_spin_current_balance = current_balance: null

2019-08-15 16:27:02 - [TEST_STEP][PASSED] - M4_spin_current_balance = M4_spin_current_balance: null

2019-08-15 16:27:02 - [TEST_STEP][PASSED] - M4_spin_transaction_id = causality: null

2019-08-15 16:27:02 - [TEST_STEP][PASSED] - M4_spin_transaction_id = M4_spin_transaction_id: null

2019-08-15 16:27:02 - [TEST_STEP][PASSED] - M4_spin_round_id = round_id: null

2019-08-15 16:27:02 - [TEST_STEP][PASSED] - M4_spin_round_id = M4_spin_round_id: null

2019-08-15 16:27:02 - [TEST_STEP][PASSED] - M4_spin_line_wins = line_wins: null

2019-08-15 16:27:02 - [TEST_STEP][PASSED] - M4_spin_line_wins = M4_spin_line_wins: null

2019-08-15 16:27:02 - [TEST_STEP][PASSED] - M4_total_bonus_spins_int = total_bonus_spins: null

2019-08-15 16:27:02 - [TEST_STEP][PASSED] - println("******M4_total_bonus_spins type is:*******" + newline + getClass().getName()): null

2019-08-15 16:27:02 - [TEST_STEP][PASSED] - M4_total_bonus_spins_int = M4_total_bonus_spins_int: null

2019-08-15 16:27:02 - [TEST_STEP][PASSED] - M4_total_bonus_spins = Integer.toString(M4_total_bonus_spins_int): null

2019-08-15 16:27:02 - [TEST_STEP][PASSED] - M4_total_bonus_spins = M4_total_bonus_spins: null

2019-08-15 16:27:02 - [TEST_STEP][PASSED] - println("M4_total_bonus_spins is:" + M4_total_bonus_spins): null

2019-08-15 16:27:02 - [TEST_STEP][PASSED] - M4_spin_bonus_data = bonus_data: null

2019-08-15 16:27:02 - [TEST_STEP][PASSED] - M4_spin_features_triggered = result_M4_spin: null

2019-08-15 16:27:02 - [TEST_STEP][PASSED] - wild = []: null

2019-08-15 16:27:02 - [TEST_STEP][PASSED] - wild[0] = "WILD_Expanding": null

2019-08-15 16:27:02 - [TEST_STEP][PASSED] - wild[1] = "WILD_Normal": null

2019-08-15 16:27:02 - [TEST_STEP][PASSED] - wild[2] = "WILD_Double": null

2019-08-15 16:27:02 - [TEST_STEP][PASSED] - wild[3] = "WILD_ExtraFG": null

2019-08-15 16:27:02 - [TEST_STEP][PASSED] - wild[4] = "WILD_Triple": null

2019-08-15 16:27:02 - [TEST_STEP][PASSED] - wildList = Arrays.asList(wild): null

2019-08-15 16:27:02 - [TEST_STEP][PASSED] - wildList = wildList: null

2019-08-15 16:27:02 - [TEST_STEP][PASSED] - free_spin_reel_counter = []: null

2019-08-15 16:27:02 - [TEST_STEP][PASSED] - free_spin_reel_counter[0] = 0: null

2019-08-15 16:27:02 - [TEST_STEP][PASSED] - free_spin_reel_counter[1] = 0: null

2019-08-15 16:27:02 - [TEST_STEP][PASSED] - free_spin_reel_counter[2] = 0: null

2019-08-15 16:27:02 - [TEST_STEP][PASSED] - M4_spin_reels = reels: null

2019-08-15 16:27:02 - [TEST_STEP][PASSED] - for ([i = 0, i &lt; M4_spin_reels.size(), (i++)]): null

2019-08-15 16:27:02 - [TEST_STEP][PASSED] - symbols = symbols: null

2019-08-15 16:27:02 - [TEST_STEP][PASSED] - for ([j = 0, j &lt; symbols.size(), (j++)]): null

2019-08-15 16:27:02 - [TEST_STEP][PASSED] - symbol = symbol: null

2019-08-15 16:27:02 - [TEST_STEP][PASSED] - println(symbol): null

2019-08-15 16:27:02 - [TEST_STEP][PASSED] - if (i == 2 &amp;&amp; wildList.indexOf(symbol) != -1): null

2019-08-15 16:27:02 - [TEST_STEP][PASSED] - if (i == 3 &amp;&amp; wildList.indexOf(symbol) != -1): null

2019-08-15 16:27:02 - [TEST_STEP][PASSED] - if (i == 4 &amp;&amp; wildList.indexOf(symbol) != -1): null

2019-08-15 16:27:02 - [TEST_STEP][PASSED] - symbol = symbol: null

2019-08-15 16:27:02 - [TEST_STEP][PASSED] - println(symbol): null

2019-08-15 16:27:02 - [TEST_STEP][PASSED] - if (i == 2 &amp;&amp; wildList.indexOf(symbol) != -1): null

2019-08-15 16:27:02 - [TEST_STEP][PASSED] - if (i == 3 &amp;&amp; wildList.indexOf(symbol) != -1): null

2019-08-15 16:27:02 - [TEST_STEP][PASSED] - if (i == 4 &amp;&amp; wildList.indexOf(symbol) != -1): null

2019-08-15 16:27:02 - [TEST_STEP][PASSED] - symbol = symbol: null

2019-08-15 16:27:02 - [TEST_STEP][PASSED] - println(symbol): null

2019-08-15 16:27:02 - [TEST_STEP][PASSED] - if (i == 2 &amp;&amp; wildList.indexOf(symbol) != -1): null

2019-08-15 16:27:02 - [TEST_STEP][PASSED] - if (i == 3 &amp;&amp; wildList.indexOf(symbol) != -1): null

2019-08-15 16:27:02 - [TEST_STEP][PASSED] - if (i == 4 &amp;&amp; wildList.indexOf(symbol) != -1): null

2019-08-15 16:27:02 - [TEST_STEP][PASSED] - symbols = symbols: null

2019-08-15 16:27:02 - [TEST_STEP][PASSED] - for ([j = 0, j &lt; symbols.size(), (j++)]): null

2019-08-15 16:27:02 - [TEST_STEP][PASSED] - symbol = symbol: null

2019-08-15 16:27:02 - [TEST_STEP][PASSED] - println(symbol): null

2019-08-15 16:27:02 - [TEST_STEP][PASSED] - if (i == 2 &amp;&amp; wildList.indexOf(symbol) != -1): null

2019-08-15 16:27:02 - [TEST_STEP][PASSED] - if (i == 3 &amp;&amp; wildList.indexOf(symbol) != -1): null

2019-08-15 16:27:02 - [TEST_STEP][PASSED] - if (i == 4 &amp;&amp; wildList.indexOf(symbol) != -1): null

2019-08-15 16:27:02 - [TEST_STEP][PASSED] - symbol = symbol: null

2019-08-15 16:27:02 - [TEST_STEP][PASSED] - println(symbol): null

2019-08-15 16:27:02 - [TEST_STEP][PASSED] - if (i == 2 &amp;&amp; wildList.indexOf(symbol) != -1): null

2019-08-15 16:27:02 - [TEST_STEP][PASSED] - if (i == 3 &amp;&amp; wildList.indexOf(symbol) != -1): null

2019-08-15 16:27:02 - [TEST_STEP][PASSED] - if (i == 4 &amp;&amp; wildList.indexOf(symbol) != -1): null

2019-08-15 16:27:02 - [TEST_STEP][PASSED] - symbol = symbol: null

2019-08-15 16:27:02 - [TEST_STEP][PASSED] - println(symbol): null

2019-08-15 16:27:02 - [TEST_STEP][PASSED] - if (i == 2 &amp;&amp; wildList.indexOf(symbol) != -1): null

2019-08-15 16:27:02 - [TEST_STEP][PASSED] - if (i == 3 &amp;&amp; wildList.indexOf(symbol) != -1): null

2019-08-15 16:27:02 - [TEST_STEP][PASSED] - if (i == 4 &amp;&amp; wildList.indexOf(symbol) != -1): null

2019-08-15 16:27:02 - [TEST_STEP][PASSED] - symbols = symbols: null

2019-08-15 16:27:02 - [TEST_STEP][PASSED] - for ([j = 0, j &lt; symbols.size(), (j++)]): null

2019-08-15 16:27:02 - [TEST_STEP][PASSED] - symbol = symbol: null

2019-08-15 16:27:02 - [TEST_STEP][PASSED] - println(symbol): null

2019-08-15 16:27:02 - [TEST_STEP][PASSED] - if (i == 2 &amp;&amp; wildList.indexOf(symbol) != -1): null

2019-08-15 16:27:02 - [TEST_STEP][PASSED] - if (i == 3 &amp;&amp; wildList.indexOf(symbol) != -1): null

2019-08-15 16:27:02 - [TEST_STEP][PASSED] - if (i == 4 &amp;&amp; wildList.indexOf(symbol) != -1): null

2019-08-15 16:27:02 - [TEST_STEP][PASSED] - symbol = symbol: null

2019-08-15 16:27:02 - [TEST_STEP][PASSED] - println(symbol): null

2019-08-15 16:27:02 - [TEST_STEP][PASSED] - if (i == 2 &amp;&amp; wildList.indexOf(symbol) != -1): null

2019-08-15 16:27:02 - [TEST_STEP][PASSED] - if (i == 3 &amp;&amp; wildList.indexOf(symbol) != -1): null

2019-08-15 16:27:02 - [TEST_STEP][PASSED] - if (i == 4 &amp;&amp; wildList.indexOf(symbol) != -1): null

2019-08-15 16:27:02 - [TEST_STEP][PASSED] - symbol = symbol: null

2019-08-15 16:27:02 - [TEST_STEP][PASSED] - println(symbol): null

2019-08-15 16:27:02 - [TEST_STEP][PASSED] - if (i == 2 &amp;&amp; wildList.indexOf(symbol) != -1): null

2019-08-15 16:27:02 - [TEST_STEP][PASSED] - if (i == 3 &amp;&amp; wildList.indexOf(symbol) != -1): null

2019-08-15 16:27:02 - [TEST_STEP][PASSED] - if (i == 4 &amp;&amp; wildList.indexOf(symbol) != -1): null

2019-08-15 16:27:02 - [TEST_STEP][PASSED] - symbols = symbols: null

2019-08-15 16:27:02 - [TEST_STEP][PASSED] - for ([j = 0, j &lt; symbols.size(), (j++)]): null

2019-08-15 16:27:02 - [TEST_STEP][PASSED] - symbol = symbol: null

2019-08-15 16:27:02 - [TEST_STEP][PASSED] - println(symbol): null

2019-08-15 16:27:02 - [TEST_STEP][PASSED] - if (i == 2 &amp;&amp; wildList.indexOf(symbol) != -1): null

2019-08-15 16:27:02 - [TEST_STEP][PASSED] - if (i == 3 &amp;&amp; wildList.indexOf(symbol) != -1): null

2019-08-15 16:27:02 - [TEST_STEP][PASSED] - if (i == 4 &amp;&amp; wildList.indexOf(symbol) != -1): null

2019-08-15 16:27:02 - [TEST_STEP][PASSED] - symbol = symbol: null

2019-08-15 16:27:02 - [TEST_STEP][PASSED] - println(symbol): null

2019-08-15 16:27:02 - [TEST_STEP][PASSED] - if (i == 2 &amp;&amp; wildList.indexOf(symbol) != -1): null

2019-08-15 16:27:02 - [TEST_STEP][PASSED] - if (i == 3 &amp;&amp; wildList.indexOf(symbol) != -1): null

2019-08-15 16:27:02 - [TEST_STEP][PASSED] - if (i == 4 &amp;&amp; wildList.indexOf(symbol) != -1): null

2019-08-15 16:27:02 - [TEST_STEP][PASSED] - symbol = symbol: null

2019-08-15 16:27:02 - [TEST_STEP][PASSED] - println(symbol): null

2019-08-15 16:27:02 - [TEST_STEP][PASSED] - if (i == 2 &amp;&amp; wildList.indexOf(symbol) != -1): null

2019-08-15 16:27:02 - [TEST_STEP][PASSED] - if (i == 3 &amp;&amp; wildList.indexOf(symbol) != -1): null

2019-08-15 16:27:02 - [TEST_STEP][PASSED] - if (i == 4 &amp;&amp; wildList.indexOf(symbol) != -1): null

2019-08-15 16:27:02 - [TEST_STEP][PASSED] - symbols = symbols: null

2019-08-15 16:27:02 - [TEST_STEP][PASSED] - for ([j = 0, j &lt; symbols.size(), (j++)]): null

2019-08-15 16:27:02 - [TEST_STEP][PASSED] - symbol = symbol: null

2019-08-15 16:27:02 - [TEST_STEP][PASSED] - println(symbol): null

2019-08-15 16:27:02 - [TEST_STEP][PASSED] - if (i == 2 &amp;&amp; wildList.indexOf(symbol) != -1): null

2019-08-15 16:27:02 - [TEST_STEP][PASSED] - if (i == 3 &amp;&amp; wildList.indexOf(symbol) != -1): null

2019-08-15 16:27:02 - [TEST_STEP][PASSED] - if (i == 4 &amp;&amp; wildList.indexOf(symbol) != -1): null

2019-08-15 16:27:02 - [TEST_STEP][PASSED] - symbol = symbol: null

2019-08-15 16:27:02 - [TEST_STEP][PASSED] - println(symbol): null

2019-08-15 16:27:02 - [TEST_STEP][PASSED] - if (i == 2 &amp;&amp; wildList.indexOf(symbol) != -1): null

2019-08-15 16:27:02 - [TEST_STEP][PASSED] - if (i == 3 &amp;&amp; wildList.indexOf(symbol) != -1): null

2019-08-15 16:27:02 - [TEST_STEP][PASSED] - if (i == 4 &amp;&amp; wildList.indexOf(symbol) != -1): null

2019-08-15 16:27:02 - [TEST_STEP][PASSED] - symbol = symbol: null

2019-08-15 16:27:02 - [TEST_STEP][PASSED] - println(symbol): null

2019-08-15 16:27:02 - [TEST_STEP][PASSED] - if (i == 2 &amp;&amp; wildList.indexOf(symbol) != -1): null

2019-08-15 16:27:02 - [TEST_STEP][PASSED] - if (i == 3 &amp;&amp; wildList.indexOf(symbol) != -1): null

2019-08-15 16:27:02 - [TEST_STEP][PASSED] - if (i == 4 &amp;&amp; wildList.indexOf(symbol) != -1): null

2019-08-15 16:27:02 - [TEST_STEP][PASSED] - free_spin_reel_counter = free_spin_reel_counter: null

2019-08-15 16:27:02 - [TEST_STEP][PASSED] - println("reel 3 wild found: " + free_spin_reel_counter[0]): null

2019-08-15 16:27:02 - [TEST_STEP][PASSED] - println("reel 4 wild found: " + free_spin_reel_counter[1]): null

2019-08-15 16:27:02 - [TEST_STEP][PASSED] - println("reel 5 wild found: " + free_spin_reel_counter[2]): null

2019-08-15 16:27:02 - [TEST_STEP][PASSED] - M4_spin_reels = M4_spin_reels: null

2019-08-15 16:27:02 - [TEST_STEP][PASSED] - M4_spin_reels_symbols = symbol: null

2019-08-15 16:27:02 - [TEST_STEP][PASSED] - M4_spin_reels_symbols = M4_spin_reels_symbols: null

2019-08-15 16:27:02 - [TEST_STEP][PASSED] - M4_spin_reel_wins = reel_wins: null

2019-08-15 16:27:02 - [TEST_STEP][PASSED] - M4_spin_reel_wins = M4_spin_reel_wins: null

2019-08-15 16:27:02 - [TEST_STEP][PASSED] - println("GlobalVariable.M4_spin_reel_wins is: " + M4_spin_reel_wins): null

2019-08-15 16:27:02 - [TEST_STEP][PASSED] - M4_spin_total_bonus_win_this_round = total_bonus_win_this_round: null

2019-08-15 16:27:02 - [TEST_STEP][PASSED] - M4_spin_total_bonus_win_this_round = M4_spin_total_bonus_win_this_round: null

2019-08-15 16:27:02 - [TEST_STEP][PASSED] - println("GlobalVariable.M4_spin_total_bonus_win_this_round is: " + M4_spin_total_bonus_win_this_round): null

2019-08-15 16:27:02 - [MESSAGE][PASSED] - Verify response successfully

2019-08-15 16:27:02 - [MESSAGE][PASSED] - Send request and verify the response successfully

2019-08-15 16:27:02 - [TEST_STEP][PASSED] - if (M4_total_bonus_spins_int != 0 &amp;&amp; M4_spin_reels_symbols[2].contains("WILD_Normal") || M4_spin_reels_symbols[3].contains("WILD_Normal") || M4_spin_reels_symbols[4].contains("WILD_Normal")): null

2019-08-15 16:27:02 - [TEST_STEP][PASSED] - free_spin_reel_counter = free_spin_reel_counter: null

2019-08-15 16:27:02 - [TEST_STEP][PASSED] - M4_spin_reels_symbols = M4_spin_reels_symbols: null

2019-08-15 16:27:02 - [TEST_STEP][PASSED] - M4_total_bonus_spins = M4_total_bonus_spins: null

2019-08-15 16:27:02 - [TEST_STEP][PASSED] - spin_result = sendRequestAndVerify(findTestObject("STG/RGS(M4)/1_M4_spin", ["M4_login_user_id":M4_login_user_id, "rgs_session_token":rgs_session_token, "partner":Partner])): Send request and verify the response successfully

2019-08-15 16:27:02 - [TEST_CASE][PASSED] - Start Test Case : Verification: Verification accomplished successfully

2019-08-15 16:27:02 - [TEST_STEP][PASSED] - request = getInstance().getCurrentRequest(): null

2019-08-15 16:27:02 - [TEST_STEP][PASSED] - response = getInstance().getCurrentResponse(): null

2019-08-15 16:27:02 - [TEST_STEP][PASSED] - verifyResponseStatusCode(response, 200): Verify response status code successfully

2019-08-15 16:27:02 - [MESSAGE][PASSED] - Verify response status code successfully

2019-08-15 16:27:02 - [TEST_STEP][PASSED] - getStatusCode()).isEqualTo(200): null

2019-08-15 16:27:02 - [TEST_STEP][PASSED] - newline = System.getProperty("line.separator"): null

2019-08-15 16:27:02 - [TEST_STEP][PASSED] - M4_spin = new groovy.json.JsonSlurper(): null

2019-08-15 16:27:02 - [TEST_STEP][PASSED] - result_M4_spin = M4_spin.parseText(response.getResponseBodyContent()): null

2019-08-15 16:27:02 - [TEST_STEP][PASSED] - M4_spin_current_balance = current_balance: null

2019-08-15 16:27:02 - [TEST_STEP][PASSED] - M4_spin_current_balance = M4_spin_current_balance: null

2019-08-15 16:27:02 - [TEST_STEP][PASSED] - M4_spin_transaction_id = causality: null

2019-08-15 16:27:02 - [TEST_STEP][PASSED] - M4_spin_transaction_id = M4_spin_transaction_id: null

2019-08-15 16:27:02 - [TEST_STEP][PASSED] - M4_spin_round_id = round_id: null

2019-08-15 16:27:02 - [TEST_STEP][PASSED] - M4_spin_round_id = M4_spin_round_id: null

2019-08-15 16:27:02 - [TEST_STEP][PASSED] - M4_spin_line_wins = line_wins: null

2019-08-15 16:27:02 - [TEST_STEP][PASSED] - M4_spin_line_wins = M4_spin_line_wins: null

2019-08-15 16:27:02 - [TEST_STEP][PASSED] - M4_total_bonus_spins_int = total_bonus_spins: null

2019-08-15 16:27:02 - [TEST_STEP][PASSED] - println("******M4_total_bonus_spins type is:*******" + newline + getClass().getName()): null

2019-08-15 16:27:02 - [TEST_STEP][PASSED] - M4_total_bonus_spins_int = M4_total_bonus_spins_int: null

2019-08-15 16:27:02 - [TEST_STEP][PASSED] - M4_total_bonus_spins = Integer.toString(M4_total_bonus_spins_int): null

2019-08-15 16:27:02 - [TEST_STEP][PASSED] - M4_total_bonus_spins = M4_total_bonus_spins: null

2019-08-15 16:27:02 - [TEST_STEP][PASSED] - println("M4_total_bonus_spins is:" + M4_total_bonus_spins): null

2019-08-15 16:27:02 - [TEST_STEP][PASSED] - M4_spin_bonus_data = bonus_data: null

2019-08-15 16:27:02 - [TEST_STEP][PASSED] - M4_spin_features_triggered = result_M4_spin: null

2019-08-15 16:27:02 - [TEST_STEP][PASSED] - wild = []: null

2019-08-15 16:27:02 - [TEST_STEP][PASSED] - wild[0] = "WILD_Expanding": null

2019-08-15 16:27:02 - [TEST_STEP][PASSED] - wild[1] = "WILD_Normal": null

2019-08-15 16:27:02 - [TEST_STEP][PASSED] - wild[2] = "WILD_Double": null

2019-08-15 16:27:02 - [TEST_STEP][PASSED] - wild[3] = "WILD_ExtraFG": null

2019-08-15 16:27:02 - [TEST_STEP][PASSED] - wild[4] = "WILD_Triple": null

2019-08-15 16:27:02 - [TEST_STEP][PASSED] - wildList = Arrays.asList(wild): null

2019-08-15 16:27:02 - [TEST_STEP][PASSED] - wildList = wildList: null

2019-08-15 16:27:02 - [TEST_STEP][PASSED] - free_spin_reel_counter = []: null

2019-08-15 16:27:02 - [TEST_STEP][PASSED] - free_spin_reel_counter[0] = 0: null

2019-08-15 16:27:02 - [TEST_STEP][PASSED] - free_spin_reel_counter[1] = 0: null

2019-08-15 16:27:02 - [TEST_STEP][PASSED] - free_spin_reel_counter[2] = 0: null

2019-08-15 16:27:02 - [TEST_STEP][PASSED] - M4_spin_reels = reels: null

2019-08-15 16:27:02 - [TEST_STEP][PASSED] - for ([i = 0, i &lt; M4_spin_reels.size(), (i++)]): null

2019-08-15 16:27:02 - [TEST_STEP][PASSED] - symbols = symbols: null

2019-08-15 16:27:02 - [TEST_STEP][PASSED] - for ([j = 0, j &lt; symbols.size(), (j++)]): null

2019-08-15 16:27:02 - [TEST_STEP][PASSED] - symbol = symbol: null

2019-08-15 16:27:02 - [TEST_STEP][PASSED] - println(symbol): null

2019-08-15 16:27:02 - [TEST_STEP][PASSED] - if (i == 2 &amp;&amp; wildList.indexOf(symbol) != -1): null

2019-08-15 16:27:02 - [TEST_STEP][PASSED] - if (i == 3 &amp;&amp; wildList.indexOf(symbol) != -1): null

2019-08-15 16:27:02 - [TEST_STEP][PASSED] - if (i == 4 &amp;&amp; wildList.indexOf(symbol) != -1): null

2019-08-15 16:27:02 - [TEST_STEP][PASSED] - symbol = symbol: null

2019-08-15 16:27:02 - [TEST_STEP][PASSED] - println(symbol): null

2019-08-15 16:27:02 - [TEST_STEP][PASSED] - if (i == 2 &amp;&amp; wildList.indexOf(symbol) != -1): null

2019-08-15 16:27:02 - [TEST_STEP][PASSED] - if (i == 3 &amp;&amp; wildList.indexOf(symbol) != -1): null

2019-08-15 16:27:02 - [TEST_STEP][PASSED] - if (i == 4 &amp;&amp; wildList.indexOf(symbol) != -1): null

2019-08-15 16:27:02 - [TEST_STEP][PASSED] - symbol = symbol: null

2019-08-15 16:27:02 - [TEST_STEP][PASSED] - println(symbol): null

2019-08-15 16:27:02 - [TEST_STEP][PASSED] - if (i == 2 &amp;&amp; wildList.indexOf(symbol) != -1): null

2019-08-15 16:27:02 - [TEST_STEP][PASSED] - if (i == 3 &amp;&amp; wildList.indexOf(symbol) != -1): null

2019-08-15 16:27:02 - [TEST_STEP][PASSED] - if (i == 4 &amp;&amp; wildList.indexOf(symbol) != -1): null

2019-08-15 16:27:02 - [TEST_STEP][PASSED] - symbols = symbols: null

2019-08-15 16:27:02 - [TEST_STEP][PASSED] - for ([j = 0, j &lt; symbols.size(), (j++)]): null

2019-08-15 16:27:02 - [TEST_STEP][PASSED] - symbol = symbol: null

2019-08-15 16:27:02 - [TEST_STEP][PASSED] - println(symbol): null

2019-08-15 16:27:02 - [TEST_STEP][PASSED] - if (i == 2 &amp;&amp; wildList.indexOf(symbol) != -1): null

2019-08-15 16:27:02 - [TEST_STEP][PASSED] - if (i == 3 &amp;&amp; wildList.indexOf(symbol) != -1): null

2019-08-15 16:27:02 - [TEST_STEP][PASSED] - if (i == 4 &amp;&amp; wildList.indexOf(symbol) != -1): null

2019-08-15 16:27:02 - [TEST_STEP][PASSED] - symbol = symbol: null

2019-08-15 16:27:02 - [TEST_STEP][PASSED] - println(symbol): null

2019-08-15 16:27:02 - [TEST_STEP][PASSED] - if (i == 2 &amp;&amp; wildList.indexOf(symbol) != -1): null

2019-08-15 16:27:02 - [TEST_STEP][PASSED] - if (i == 3 &amp;&amp; wildList.indexOf(symbol) != -1): null

2019-08-15 16:27:07 - [TEST_STEP][PASSED] - if (i == 4 &amp;&amp; wildList.indexOf(symbol) != -1): null

2019-08-15 16:27:07 - [TEST_STEP][PASSED] - symbol = symbol: null

2019-08-15 16:27:07 - [TEST_STEP][PASSED] - println(symbol): null

2019-08-15 16:27:07 - [TEST_STEP][PASSED] - if (i == 2 &amp;&amp; wildList.indexOf(symbol) != -1): null

2019-08-15 16:27:07 - [TEST_STEP][PASSED] - if (i == 3 &amp;&amp; wildList.indexOf(symbol) != -1): null

2019-08-15 16:27:07 - [TEST_STEP][PASSED] - if (i == 4 &amp;&amp; wildList.indexOf(symbol) != -1): null

2019-08-15 16:27:07 - [TEST_STEP][PASSED] - symbols = symbols: null

2019-08-15 16:27:07 - [TEST_STEP][PASSED] - for ([j = 0, j &lt; symbols.size(), (j++)]): null

2019-08-15 16:27:07 - [TEST_STEP][PASSED] - symbol = symbol: null

2019-08-15 16:27:07 - [TEST_STEP][PASSED] - println(symbol): null

2019-08-15 16:27:08 - [TEST_STEP][PASSED] - if (i == 2 &amp;&amp; wildList.indexOf(symbol) != -1): null

2019-08-15 16:27:08 - [TEST_STEP][PASSED] - println("wild found on reel 3, adding counter by 1"): null

2019-08-15 16:27:08 - [TEST_STEP][PASSED] - free_spin_reel_counter[0] = free_spin_reel_counter[0] + 1: null

2019-08-15 16:27:08 - [TEST_STEP][PASSED] - if (i == 3 &amp;&amp; wildList.indexOf(symbol) != -1): null

2019-08-15 16:27:08 - [TEST_STEP][PASSED] - if (i == 4 &amp;&amp; wildList.indexOf(symbol) != -1): null

2019-08-15 16:27:08 - [TEST_STEP][PASSED] - symbol = symbol: null

2019-08-15 16:27:08 - [TEST_STEP][PASSED] - println(symbol): null

2019-08-15 16:27:08 - [TEST_STEP][PASSED] - if (i == 2 &amp;&amp; wildList.indexOf(symbol) != -1): null

2019-08-15 16:27:08 - [TEST_STEP][PASSED] - if (i == 3 &amp;&amp; wildList.indexOf(symbol) != -1): null

2019-08-15 16:27:08 - [TEST_STEP][PASSED] - if (i == 4 &amp;&amp; wildList.indexOf(symbol) != -1): null

2019-08-15 16:27:08 - [TEST_STEP][PASSED] - symbol = symbol: null

2019-08-15 16:27:08 - [TEST_STEP][PASSED] - println(symbol): null

2019-08-15 16:27:08 - [TEST_STEP][PASSED] - if (i == 2 &amp;&amp; wildList.indexOf(symbol) != -1): null

2019-08-15 16:27:08 - [TEST_STEP][PASSED] - if (i == 3 &amp;&amp; wildList.indexOf(symbol) != -1): null

2019-08-15 16:27:08 - [TEST_STEP][PASSED] - if (i == 4 &amp;&amp; wildList.indexOf(symbol) != -1): null

2019-08-15 16:27:08 - [TEST_STEP][PASSED] - symbols = symbols: null

2019-08-15 16:27:08 - [TEST_STEP][PASSED] - for ([j = 0, j &lt; symbols.size(), (j++)]): null

2019-08-15 16:27:08 - [TEST_STEP][PASSED] - symbol = symbol: null

2019-08-15 16:27:08 - [TEST_STEP][PASSED] - println(symbol): null

2019-08-15 16:27:08 - [TEST_STEP][PASSED] - if (i == 2 &amp;&amp; wildList.indexOf(symbol) != -1): null

2019-08-15 16:27:08 - [TEST_STEP][PASSED] - if (i == 3 &amp;&amp; wildList.indexOf(symbol) != -1): null

2019-08-15 16:27:08 - [TEST_STEP][PASSED] - if (i == 4 &amp;&amp; wildList.indexOf(symbol) != -1): null

2019-08-15 16:27:08 - [TEST_STEP][PASSED] - symbol = symbol: null

2019-08-15 16:27:08 - [TEST_STEP][PASSED] - println(symbol): null

2019-08-15 16:27:08 - [TEST_STEP][PASSED] - if (i == 2 &amp;&amp; wildList.indexOf(symbol) != -1): null

2019-08-15 16:27:08 - [TEST_STEP][PASSED] - if (i == 3 &amp;&amp; wildList.indexOf(symbol) != -1): null

2019-08-15 16:27:08 - [TEST_STEP][PASSED] - if (i == 4 &amp;&amp; wildList.indexOf(symbol) != -1): null

2019-08-15 16:27:08 - [TEST_STEP][PASSED] - symbol = symbol: null

2019-08-15 16:27:08 - [TEST_STEP][PASSED] - println(symbol): null

2019-08-15 16:27:08 - [TEST_STEP][PASSED] - if (i == 2 &amp;&amp; wildList.indexOf(symbol) != -1): null

2019-08-15 16:27:08 - [TEST_STEP][PASSED] - if (i == 3 &amp;&amp; wildList.indexOf(symbol) != -1): null

2019-08-15 16:27:08 - [TEST_STEP][PASSED] - if (i == 4 &amp;&amp; wildList.indexOf(symbol) != -1): null

2019-08-15 16:27:08 - [TEST_STEP][PASSED] - symbols = symbols: null

2019-08-15 16:27:08 - [TEST_STEP][PASSED] - for ([j = 0, j &lt; symbols.size(), (j++)]): null

2019-08-15 16:27:08 - [TEST_STEP][PASSED] - symbol = symbol: null

2019-08-15 16:27:08 - [TEST_STEP][PASSED] - println(symbol): null

2019-08-15 16:27:08 - [TEST_STEP][PASSED] - if (i == 2 &amp;&amp; wildList.indexOf(symbol) != -1): null

2019-08-15 16:27:08 - [TEST_STEP][PASSED] - if (i == 3 &amp;&amp; wildList.indexOf(symbol) != -1): null

2019-08-15 16:27:08 - [TEST_STEP][PASSED] - if (i == 4 &amp;&amp; wildList.indexOf(symbol) != -1): null

2019-08-15 16:27:08 - [TEST_STEP][PASSED] - symbol = symbol: null

2019-08-15 16:27:08 - [TEST_STEP][PASSED] - println(symbol): null

2019-08-15 16:27:08 - [TEST_STEP][PASSED] - if (i == 2 &amp;&amp; wildList.indexOf(symbol) != -1): null

2019-08-15 16:27:08 - [TEST_STEP][PASSED] - if (i == 3 &amp;&amp; wildList.indexOf(symbol) != -1): null

2019-08-15 16:27:08 - [TEST_STEP][PASSED] - if (i == 4 &amp;&amp; wildList.indexOf(symbol) != -1): null

2019-08-15 16:27:08 - [TEST_STEP][PASSED] - symbol = symbol: null

2019-08-15 16:27:08 - [TEST_STEP][PASSED] - println(symbol): null

2019-08-15 16:27:08 - [TEST_STEP][PASSED] - if (i == 2 &amp;&amp; wildList.indexOf(symbol) != -1): null

2019-08-15 16:27:08 - [TEST_STEP][PASSED] - if (i == 3 &amp;&amp; wildList.indexOf(symbol) != -1): null

2019-08-15 16:27:08 - [TEST_STEP][PASSED] - if (i == 4 &amp;&amp; wildList.indexOf(symbol) != -1): null

2019-08-15 16:27:08 - [TEST_STEP][PASSED] - free_spin_reel_counter = free_spin_reel_counter: null

2019-08-15 16:27:08 - [TEST_STEP][PASSED] - println("reel 3 wild found: " + free_spin_reel_counter[0]): null

2019-08-15 16:27:08 - [TEST_STEP][PASSED] - println("reel 4 wild found: " + free_spin_reel_counter[1]): null

2019-08-15 16:27:08 - [TEST_STEP][PASSED] - println("reel 5 wild found: " + free_spin_reel_counter[2]): null

2019-08-15 16:27:08 - [TEST_STEP][PASSED] - M4_spin_reels = M4_spin_reels: null

2019-08-15 16:27:08 - [TEST_STEP][PASSED] - M4_spin_reels_symbols = symbol: null

2019-08-15 16:27:08 - [TEST_STEP][PASSED] - M4_spin_reels_symbols = M4_spin_reels_symbols: null

2019-08-15 16:27:08 - [TEST_STEP][PASSED] - M4_spin_reel_wins = reel_wins: null

2019-08-15 16:27:08 - [TEST_STEP][PASSED] - M4_spin_reel_wins = M4_spin_reel_wins: null

2019-08-15 16:27:08 - [TEST_STEP][PASSED] - println("GlobalVariable.M4_spin_reel_wins is: " + M4_spin_reel_wins): null

2019-08-15 16:27:08 - [TEST_STEP][PASSED] - M4_spin_total_bonus_win_this_round = total_bonus_win_this_round: null

2019-08-15 16:27:08 - [TEST_STEP][PASSED] - M4_spin_total_bonus_win_this_round = M4_spin_total_bonus_win_this_round: null

2019-08-15 16:27:08 - [TEST_STEP][PASSED] - println("GlobalVariable.M4_spin_total_bonus_win_this_round is: " + M4_spin_total_bonus_win_this_round): null

2019-08-15 16:27:08 - [MESSAGE][PASSED] - Verify response successfully

2019-08-15 16:27:08 - [MESSAGE][PASSED] - Send request and verify the response successfully

2019-08-15 16:27:08 - [TEST_STEP][PASSED] - if (M4_total_bonus_spins_int != 0 &amp;&amp; M4_spin_reels_symbols[2].contains("WILD_Normal") || M4_spin_reels_symbols[3].contains("WILD_Normal") || M4_spin_reels_symbols[4].contains("WILD_Normal")): null

2019-08-15 16:27:08 - [TEST_STEP][PASSED] - free_spin_reel_counter = free_spin_reel_counter: null

2019-08-15 16:27:08 - [TEST_STEP][PASSED] - M4_spin_reels_symbols = M4_spin_reels_symbols: null

2019-08-15 16:27:08 - [TEST_STEP][PASSED] - M4_total_bonus_spins = M4_total_bonus_spins: null

2019-08-15 16:27:08 - [TEST_STEP][PASSED] - spin_result = sendRequestAndVerify(findTestObject("STG/RGS(M4)/1_M4_spin", ["M4_login_user_id":M4_login_user_id, "rgs_session_token":rgs_session_token, "partner":Partner])): Send request and verify the response successfully

2019-08-15 16:27:08 - [TEST_CASE][PASSED] - Start Test Case : Verification: Verification accomplished successfully

2019-08-15 16:27:08 - [TEST_STEP][PASSED] - request = getInstance().getCurrentRequest(): null

2019-08-15 16:27:08 - [TEST_STEP][PASSED] - response = getInstance().getCurrentResponse(): null

2019-08-15 16:27:08 - [TEST_STEP][PASSED] - verifyResponseStatusCode(response, 200): Verify response status code successfully

2019-08-15 16:27:08 - [MESSAGE][PASSED] - Verify response status code successfully

2019-08-15 16:27:08 - [TEST_STEP][PASSED] - getStatusCode()).isEqualTo(200): null

2019-08-15 16:27:08 - [TEST_STEP][PASSED] - newline = System.getProperty("line.separator"): null

2019-08-15 16:27:08 - [TEST_STEP][PASSED] - M4_spin = new groovy.json.JsonSlurper(): null

2019-08-15 16:27:08 - [TEST_STEP][PASSED] - result_M4_spin = M4_spin.parseText(response.getResponseBodyContent()): null

2019-08-15 16:27:08 - [TEST_STEP][PASSED] - M4_spin_current_balance = current_balance: null

2019-08-15 16:27:08 - [TEST_STEP][PASSED] - M4_spin_current_balance = M4_spin_current_balance: null

2019-08-15 16:27:08 - [TEST_STEP][PASSED] - M4_spin_transaction_id = causality: null

2019-08-15 16:27:08 - [TEST_STEP][PASSED] - M4_spin_transaction_id = M4_spin_transaction_id: null

2019-08-15 16:27:08 - [TEST_STEP][PASSED] - M4_spin_round_id = round_id: null

2019-08-15 16:27:08 - [TEST_STEP][PASSED] - M4_spin_round_id = M4_spin_round_id: null

2019-08-15 16:27:08 - [TEST_STEP][PASSED] - M4_spin_line_wins = line_wins: null

2019-08-15 16:27:08 - [TEST_STEP][PASSED] - M4_spin_line_wins = M4_spin_line_wins: null

2019-08-15 16:27:08 - [TEST_STEP][PASSED] - M4_total_bonus_spins_int = total_bonus_spins: null

2019-08-15 16:27:08 - [TEST_STEP][PASSED] - println("******M4_total_bonus_spins type is:*******" + newline + getClass().getName()): null

2019-08-15 16:27:08 - [TEST_STEP][PASSED] - M4_total_bonus_spins_int = M4_total_bonus_spins_int: null

2019-08-15 16:27:08 - [TEST_STEP][PASSED] - M4_total_bonus_spins = Integer.toString(M4_total_bonus_spins_int): null

2019-08-15 16:27:08 - [TEST_STEP][PASSED] - M4_total_bonus_spins = M4_total_bonus_spins: null

2019-08-15 16:27:08 - [TEST_STEP][PASSED] - println("M4_total_bonus_spins is:" + M4_total_bonus_spins): null

2019-08-15 16:27:08 - [TEST_STEP][PASSED] - M4_spin_bonus_data = bonus_data: null

2019-08-15 16:27:08 - [TEST_STEP][PASSED] - M4_spin_features_triggered = result_M4_spin: null

2019-08-15 16:27:08 - [TEST_STEP][PASSED] - wild = []: null

2019-08-15 16:27:08 - [TEST_STEP][PASSED] - wild[0] = "WILD_Expanding": null

2019-08-15 16:27:08 - [TEST_STEP][PASSED] - wild[1] = "WILD_Normal": null

2019-08-15 16:27:08 - [TEST_STEP][PASSED] - wild[2] = "WILD_Double": null

2019-08-15 16:27:08 - [TEST_STEP][PASSED] - wild[3] = "WILD_ExtraFG": null

2019-08-15 16:27:08 - [TEST_STEP][PASSED] - wild[4] = "WILD_Triple": null

2019-08-15 16:27:08 - [TEST_STEP][PASSED] - wildList = Arrays.asList(wild): null

2019-08-15 16:27:08 - [TEST_STEP][PASSED] - wildList = wildList: null

2019-08-15 16:27:08 - [TEST_STEP][PASSED] - free_spin_reel_counter = []: null

2019-08-15 16:27:08 - [TEST_STEP][PASSED] - free_spin_reel_counter[0] = 0: null

2019-08-15 16:27:08 - [TEST_STEP][PASSED] - free_spin_reel_counter[1] = 0: null

2019-08-15 16:27:08 - [TEST_STEP][PASSED] - free_spin_reel_counter[2] = 0: null

2019-08-15 16:27:08 - [TEST_STEP][PASSED] - M4_spin_reels = reels: null

2019-08-15 16:27:08 - [TEST_STEP][PASSED] - for ([i = 0, i &lt; M4_spin_reels.size(), (i++)]): null

2019-08-15 16:27:08 - [TEST_STEP][PASSED] - symbols = symbols: null

2019-08-15 16:27:08 - [TEST_STEP][PASSED] - for ([j = 0, j &lt; symbols.size(), (j++)]): null

2019-08-15 16:27:08 - [TEST_STEP][PASSED] - symbol = symbol: null

2019-08-15 16:27:08 - [TEST_STEP][PASSED] - println(symbol): null

2019-08-15 16:27:08 - [TEST_STEP][PASSED] - if (i == 2 &amp;&amp; wildList.indexOf(symbol) != -1): null

2019-08-15 16:27:08 - [TEST_STEP][PASSED] - if (i == 3 &amp;&amp; wildList.indexOf(symbol) != -1): null

2019-08-15 16:27:08 - [TEST_STEP][PASSED] - if (i == 4 &amp;&amp; wildList.indexOf(symbol) != -1): null

2019-08-15 16:27:08 - [TEST_STEP][PASSED] - symbol = symbol: null

2019-08-15 16:27:08 - [TEST_STEP][PASSED] - println(symbol): null

2019-08-15 16:27:08 - [TEST_STEP][PASSED] - if (i == 2 &amp;&amp; wildList.indexOf(symbol) != -1): null

2019-08-15 16:27:08 - [TEST_STEP][PASSED] - if (i == 3 &amp;&amp; wildList.indexOf(symbol) != -1): null

2019-08-15 16:27:08 - [TEST_STEP][PASSED] - if (i == 4 &amp;&amp; wildList.indexOf(symbol) != -1): null

2019-08-15 16:27:08 - [TEST_STEP][PASSED] - symbol = symbol: null

2019-08-15 16:27:08 - [TEST_STEP][PASSED] - println(symbol): null

2019-08-15 16:27:08 - [TEST_STEP][PASSED] - if (i == 2 &amp;&amp; wildList.indexOf(symbol) != -1): null

2019-08-15 16:27:08 - [TEST_STEP][PASSED] - if (i == 3 &amp;&amp; wildList.indexOf(symbol) != -1): null

2019-08-15 16:27:08 - [TEST_STEP][PASSED] - if (i == 4 &amp;&amp; wildList.indexOf(symbol) != -1): null

2019-08-15 16:27:08 - [TEST_STEP][PASSED] - symbols = symbols: null

2019-08-15 16:27:08 - [TEST_STEP][PASSED] - for ([j = 0, j &lt; symbols.size(), (j++)]): null

2019-08-15 16:27:08 - [TEST_STEP][PASSED] - symbol = symbol: null

2019-08-15 16:27:08 - [TEST_STEP][PASSED] - println(symbol): null

2019-08-15 16:27:08 - [TEST_STEP][PASSED] - if (i == 2 &amp;&amp; wildList.indexOf(symbol) != -1): null

2019-08-15 16:27:08 - [TEST_STEP][PASSED] - if (i == 3 &amp;&amp; wildList.indexOf(symbol) != -1): null

2019-08-15 16:27:08 - [TEST_STEP][PASSED] - if (i == 4 &amp;&amp; wildList.indexOf(symbol) != -1): null

2019-08-15 16:27:08 - [TEST_STEP][PASSED] - symbol = symbol: null

2019-08-15 16:27:08 - [TEST_STEP][PASSED] - println(symbol): null

2019-08-15 16:27:08 - [TEST_STEP][PASSED] - if (i == 2 &amp;&amp; wildList.indexOf(symbol) != -1): null

2019-08-15 16:27:08 - [TEST_STEP][PASSED] - if (i == 3 &amp;&amp; wildList.indexOf(symbol) != -1): null

2019-08-15 16:27:08 - [TEST_STEP][PASSED] - if (i == 4 &amp;&amp; wildList.indexOf(symbol) != -1): null

2019-08-15 16:27:08 - [TEST_STEP][PASSED] - symbol = symbol: null

2019-08-15 16:27:08 - [TEST_STEP][PASSED] - println(symbol): null

2019-08-15 16:27:08 - [TEST_STEP][PASSED] - if (i == 2 &amp;&amp; wildList.indexOf(symbol) != -1): null

2019-08-15 16:27:08 - [TEST_STEP][PASSED] - if (i == 3 &amp;&amp; wildList.indexOf(symbol) != -1): null

2019-08-15 16:27:08 - [TEST_STEP][PASSED] - if (i == 4 &amp;&amp; wildList.indexOf(symbol) != -1): null

2019-08-15 16:27:08 - [TEST_STEP][PASSED] - symbols = symbols: null

2019-08-15 16:27:08 - [TEST_STEP][PASSED] - for ([j = 0, j &lt; symbols.size(), (j++)]): null

2019-08-15 16:27:08 - [TEST_STEP][PASSED] - symbol = symbol: null

2019-08-15 16:27:08 - [TEST_STEP][PASSED] - println(symbol): null

2019-08-15 16:27:08 - [TEST_STEP][PASSED] - if (i == 2 &amp;&amp; wildList.indexOf(symbol) != -1): null

2019-08-15 16:27:08 - [TEST_STEP][PASSED] - if (i == 3 &amp;&amp; wildList.indexOf(symbol) != -1): null

2019-08-15 16:27:08 - [TEST_STEP][PASSED] - if (i == 4 &amp;&amp; wildList.indexOf(symbol) != -1): null

2019-08-15 16:27:08 - [TEST_STEP][PASSED] - symbol = symbol: null

2019-08-15 16:27:08 - [TEST_STEP][PASSED] - println(symbol): null

2019-08-15 16:27:08 - [TEST_STEP][PASSED] - if (i == 2 &amp;&amp; wildList.indexOf(symbol) != -1): null

2019-08-15 16:27:08 - [TEST_STEP][PASSED] - if (i == 3 &amp;&amp; wildList.indexOf(symbol) != -1): null

2019-08-15 16:27:08 - [TEST_STEP][PASSED] - if (i == 4 &amp;&amp; wildList.indexOf(symbol) != -1): null

2019-08-15 16:27:08 - [TEST_STEP][PASSED] - symbol = symbol: null

2019-08-15 16:27:08 - [TEST_STEP][PASSED] - println(symbol): null

2019-08-15 16:27:08 - [TEST_STEP][PASSED] - if (i == 2 &amp;&amp; wildList.indexOf(symbol) != -1): null

2019-08-15 16:27:08 - [TEST_STEP][PASSED] - if (i == 3 &amp;&amp; wildList.indexOf(symbol) != -1): null

2019-08-15 16:27:08 - [TEST_STEP][PASSED] - if (i == 4 &amp;&amp; wildList.indexOf(symbol) != -1): null

2019-08-15 16:27:08 - [TEST_STEP][PASSED] - symbols = symbols: null

2019-08-15 16:27:08 - [TEST_STEP][PASSED] - for ([j = 0, j &lt; symbols.size(), (j++)]): null

2019-08-15 16:27:08 - [TEST_STEP][PASSED] - symbol = symbol: null

2019-08-15 16:27:08 - [TEST_STEP][PASSED] - println(symbol): null

2019-08-15 16:27:08 - [TEST_STEP][PASSED] - if (i == 2 &amp;&amp; wildList.indexOf(symbol) != -1): null

2019-08-15 16:27:08 - [TEST_STEP][PASSED] - if (i == 3 &amp;&amp; wildList.indexOf(symbol) != -1): null

2019-08-15 16:27:08 - [TEST_STEP][PASSED] - if (i == 4 &amp;&amp; wildList.indexOf(symbol) != -1): null

2019-08-15 16:27:08 - [TEST_STEP][PASSED] - symbol = symbol: null

2019-08-15 16:27:08 - [TEST_STEP][PASSED] - println(symbol): null

2019-08-15 16:27:08 - [TEST_STEP][PASSED] - if (i == 2 &amp;&amp; wildList.indexOf(symbol) != -1): null

2019-08-15 16:27:08 - [TEST_STEP][PASSED] - if (i == 3 &amp;&amp; wildList.indexOf(symbol) != -1): null

2019-08-15 16:27:08 - [TEST_STEP][PASSED] - if (i == 4 &amp;&amp; wildList.indexOf(symbol) != -1): null

2019-08-15 16:27:08 - [TEST_STEP][PASSED] - symbol = symbol: null

2019-08-15 16:27:08 - [TEST_STEP][PASSED] - println(symbol): null

2019-08-15 16:27:08 - [TEST_STEP][PASSED] - if (i == 2 &amp;&amp; wildList.indexOf(symbol) != -1): null

2019-08-15 16:27:08 - [TEST_STEP][PASSED] - if (i == 3 &amp;&amp; wildList.indexOf(symbol) != -1): null

2019-08-15 16:27:08 - [TEST_STEP][PASSED] - if (i == 4 &amp;&amp; wildList.indexOf(symbol) != -1): null

2019-08-15 16:27:08 - [TEST_STEP][PASSED] - symbols = symbols: null

2019-08-15 16:27:08 - [TEST_STEP][PASSED] - for ([j = 0, j &lt; symbols.size(), (j++)]): null

2019-08-15 16:27:08 - [TEST_STEP][PASSED] - symbol = symbol: null

2019-08-15 16:27:08 - [TEST_STEP][PASSED] - println(symbol): null

2019-08-15 16:27:08 - [TEST_STEP][PASSED] - if (i == 2 &amp;&amp; wildList.indexOf(symbol) != -1): null

2019-08-15 16:27:08 - [TEST_STEP][PASSED] - if (i == 3 &amp;&amp; wildList.indexOf(symbol) != -1): null

2019-08-15 16:27:08 - [TEST_STEP][PASSED] - if (i == 4 &amp;&amp; wildList.indexOf(symbol) != -1): null

2019-08-15 16:27:08 - [TEST_STEP][PASSED] - symbol = symbol: null

2019-08-15 16:27:08 - [TEST_STEP][PASSED] - println(symbol): null

2019-08-15 16:27:08 - [TEST_STEP][PASSED] - if (i == 2 &amp;&amp; wildList.indexOf(symbol) != -1): null

2019-08-15 16:27:08 - [TEST_STEP][PASSED] - if (i == 3 &amp;&amp; wildList.indexOf(symbol) != -1): null

2019-08-15 16:27:08 - [TEST_STEP][PASSED] - if (i == 4 &amp;&amp; wildList.indexOf(symbol) != -1): null

2019-08-15 16:27:08 - [TEST_STEP][PASSED] - symbol = symbol: null

2019-08-15 16:27:08 - [TEST_STEP][PASSED] - println(symbol): null

2019-08-15 16:27:08 - [TEST_STEP][PASSED] - if (i == 2 &amp;&amp; wildList.indexOf(symbol) != -1): null

2019-08-15 16:27:08 - [TEST_STEP][PASSED] - if (i == 3 &amp;&amp; wildList.indexOf(symbol) != -1): null

2019-08-15 16:27:08 - [TEST_STEP][PASSED] - if (i == 4 &amp;&amp; wildList.indexOf(symbol) != -1): null

2019-08-15 16:27:08 - [TEST_STEP][PASSED] - free_spin_reel_counter = free_spin_reel_counter: null

2019-08-15 16:27:08 - [TEST_STEP][PASSED] - println("reel 3 wild found: " + free_spin_reel_counter[0]): null

2019-08-15 16:27:08 - [TEST_STEP][PASSED] - println("reel 4 wild found: " + free_spin_reel_counter[1]): null

2019-08-15 16:27:08 - [TEST_STEP][PASSED] - println("reel 5 wild found: " + free_spin_reel_counter[2]): null

2019-08-15 16:27:08 - [TEST_STEP][PASSED] - M4_spin_reels = M4_spin_reels: null

2019-08-15 16:27:08 - [TEST_STEP][PASSED] - M4_spin_reels_symbols = symbol: null

2019-08-15 16:27:08 - [TEST_STEP][PASSED] - M4_spin_reels_symbols = M4_spin_reels_symbols: null

2019-08-15 16:27:08 - [TEST_STEP][PASSED] - M4_spin_reel_wins = reel_wins: null

2019-08-15 16:27:08 - [TEST_STEP][PASSED] - M4_spin_reel_wins = M4_spin_reel_wins: null

2019-08-15 16:27:08 - [TEST_STEP][PASSED] - println("GlobalVariable.M4_spin_reel_wins is: " + M4_spin_reel_wins): null

2019-08-15 16:27:08 - [TEST_STEP][PASSED] - M4_spin_total_bonus_win_this_round = total_bonus_win_this_round: null

2019-08-15 16:27:08 - [TEST_STEP][PASSED] - M4_spin_total_bonus_win_this_round = M4_spin_total_bonus_win_this_round: null

2019-08-15 16:27:08 - [TEST_STEP][PASSED] - println("GlobalVariable.M4_spin_total_bonus_win_this_round is: " + M4_spin_total_bonus_win_this_round): null

2019-08-15 16:27:08 - [MESSAGE][PASSED] - Verify response successfully

2019-08-15 16:27:08 - [MESSAGE][PASSED] - Send request and verify the response successfully

2019-08-15 16:27:08 - [TEST_STEP][PASSED] - if (M4_total_bonus_spins_int != 0 &amp;&amp; M4_spin_reels_symbols[2].contains("WILD_Normal") || M4_spin_reels_symbols[3].contains("WILD_Normal") || M4_spin_reels_symbols[4].contains("WILD_Normal")): null

2019-08-15 16:27:08 - [TEST_STEP][PASSED] - free_spin_reel_counter = free_spin_reel_counter: null

2019-08-15 16:27:08 - [TEST_STEP][PASSED] - M4_spin_reels_symbols = M4_spin_reels_symbols: null

2019-08-15 16:27:08 - [TEST_STEP][PASSED] - M4_total_bonus_spins = M4_total_bonus_spins: null

2019-08-15 16:27:08 - [TEST_STEP][PASSED] - spin_result = sendRequestAndVerify(findTestObject("STG/RGS(M4)/1_M4_spin", ["M4_login_user_id":M4_login_user_id, "rgs_session_token":rgs_session_token, "partner":Partner])): Send request and verify the response successfully

2019-08-15 16:27:08 - [TEST_CASE][PASSED] - Start Test Case : Verification: Verification accomplished successfully

2019-08-15 16:27:08 - [TEST_STEP][PASSED] - request = getInstance().getCurrentRequest(): null

2019-08-15 16:27:08 - [TEST_STEP][PASSED] - response = getInstance().getCurrentResponse(): null

2019-08-15 16:27:08 - [TEST_STEP][PASSED] - verifyResponseStatusCode(response, 200): Verify response status code successfully

2019-08-15 16:27:08 - [MESSAGE][PASSED] - Verify response status code successfully

2019-08-15 16:27:08 - [TEST_STEP][PASSED] - getStatusCode()).isEqualTo(200): null

2019-08-15 16:27:08 - [TEST_STEP][PASSED] - newline = System.getProperty("line.separator"): null

2019-08-15 16:27:08 - [TEST_STEP][PASSED] - M4_spin = new groovy.json.JsonSlurper(): null

2019-08-15 16:27:08 - [TEST_STEP][PASSED] - result_M4_spin = M4_spin.parseText(response.getResponseBodyContent()): null

2019-08-15 16:27:08 - [TEST_STEP][PASSED] - M4_spin_current_balance = current_balance: null

2019-08-15 16:27:08 - [TEST_STEP][PASSED] - M4_spin_current_balance = M4_spin_current_balance: null

2019-08-15 16:27:08 - [TEST_STEP][PASSED] - M4_spin_transaction_id = causality: null

2019-08-15 16:27:08 - [TEST_STEP][PASSED] - M4_spin_transaction_id = M4_spin_transaction_id: null

2019-08-15 16:27:08 - [TEST_STEP][PASSED] - M4_spin_round_id = round_id: null

2019-08-15 16:27:08 - [TEST_STEP][PASSED] - M4_spin_round_id = M4_spin_round_id: null

2019-08-15 16:27:08 - [TEST_STEP][PASSED] - M4_spin_line_wins = line_wins: null

2019-08-15 16:27:08 - [TEST_STEP][PASSED] - M4_spin_line_wins = M4_spin_line_wins: null

2019-08-15 16:27:08 - [TEST_STEP][PASSED] - M4_total_bonus_spins_int = total_bonus_spins: null

2019-08-15 16:27:08 - [TEST_STEP][PASSED] - println("******M4_total_bonus_spins type is:*******" + newline + getClass().getName()): null

2019-08-15 16:27:08 - [TEST_STEP][PASSED] - M4_total_bonus_spins_int = M4_total_bonus_spins_int: null

2019-08-15 16:27:08 - [TEST_STEP][PASSED] - M4_total_bonus_spins = Integer.toString(M4_total_bonus_spins_int): null

2019-08-15 16:27:08 - [TEST_STEP][PASSED] - M4_total_bonus_spins = M4_total_bonus_spins: null

2019-08-15 16:27:08 - [TEST_STEP][PASSED] - println("M4_total_bonus_spins is:" + M4_total_bonus_spins): null

2019-08-15 16:27:08 - [TEST_STEP][PASSED] - M4_spin_bonus_data = bonus_data: null

2019-08-15 16:27:08 - [TEST_STEP][PASSED] - M4_spin_features_triggered = result_M4_spin: null

2019-08-15 16:27:08 - [TEST_STEP][PASSED] - wild = []: null

2019-08-15 16:27:08 - [TEST_STEP][PASSED] - wild[0] = "WILD_Expanding": null

2019-08-15 16:27:08 - [TEST_STEP][PASSED] - wild[1] = "WILD_Normal": null

2019-08-15 16:27:08 - [TEST_STEP][PASSED] - wild[2] = "WILD_Double": null

2019-08-15 16:27:08 - [TEST_STEP][PASSED] - wild[3] = "WILD_ExtraFG": null

2019-08-15 16:27:08 - [TEST_STEP][PASSED] - wild[4] = "WILD_Triple": null

2019-08-15 16:27:08 - [TEST_STEP][PASSED] - wildList = Arrays.asList(wild): null

2019-08-15 16:27:08 - [TEST_STEP][PASSED] - wildList = wildList: null

2019-08-15 16:27:08 - [TEST_STEP][PASSED] - free_spin_reel_counter = []: null

2019-08-15 16:27:08 - [TEST_STEP][PASSED] - free_spin_reel_counter[0] = 0: null

2019-08-15 16:27:08 - [TEST_STEP][PASSED] - free_spin_reel_counter[1] = 0: null

2019-08-15 16:27:08 - [TEST_STEP][PASSED] - free_spin_reel_counter[2] = 0: null

2019-08-15 16:27:08 - [TEST_STEP][PASSED] - M4_spin_reels = reels: null

2019-08-15 16:27:08 - [TEST_STEP][PASSED] - for ([i = 0, i &lt; M4_spin_reels.size(), (i++)]): null

2019-08-15 16:27:08 - [TEST_STEP][PASSED] - symbols = symbols: null

2019-08-15 16:27:08 - [TEST_STEP][PASSED] - for ([j = 0, j &lt; symbols.size(), (j++)]): null

2019-08-15 16:27:08 - [TEST_STEP][PASSED] - symbol = symbol: null

2019-08-15 16:27:08 - [TEST_STEP][PASSED] - println(symbol): null

2019-08-15 16:27:08 - [TEST_STEP][PASSED] - if (i == 2 &amp;&amp; wildList.indexOf(symbol) != -1): null

2019-08-15 16:27:08 - [TEST_STEP][PASSED] - if (i == 3 &amp;&amp; wildList.indexOf(symbol) != -1): null

2019-08-15 16:27:08 - [TEST_STEP][PASSED] - if (i == 4 &amp;&amp; wildList.indexOf(symbol) != -1): null

2019-08-15 16:27:08 - [TEST_STEP][PASSED] - symbol = symbol: null

2019-08-15 16:27:08 - [TEST_STEP][PASSED] - println(symbol): null

2019-08-15 16:27:08 - [TEST_STEP][PASSED] - if (i == 2 &amp;&amp; wildList.indexOf(symbol) != -1): null

2019-08-15 16:27:08 - [TEST_STEP][PASSED] - if (i == 3 &amp;&amp; wildList.indexOf(symbol) != -1): null

2019-08-15 16:27:08 - [TEST_STEP][PASSED] - if (i == 4 &amp;&amp; wildList.indexOf(symbol) != -1): null

2019-08-15 16:27:08 - [TEST_STEP][PASSED] - symbol = symbol: null

2019-08-15 16:27:08 - [TEST_STEP][PASSED] - println(symbol): null

2019-08-15 16:27:08 - [TEST_STEP][PASSED] - if (i == 2 &amp;&amp; wildList.indexOf(symbol) != -1): null

2019-08-15 16:27:08 - [TEST_STEP][PASSED] - if (i == 3 &amp;&amp; wildList.indexOf(symbol) != -1): null

2019-08-15 16:27:08 - [TEST_STEP][PASSED] - if (i == 4 &amp;&amp; wildList.indexOf(symbol) != -1): null

2019-08-15 16:27:08 - [TEST_STEP][PASSED] - symbols = symbols: null

2019-08-15 16:27:08 - [TEST_STEP][PASSED] - for ([j = 0, j &lt; symbols.size(), (j++)]): null

2019-08-15 16:27:08 - [TEST_STEP][PASSED] - symbol = symbol: null

2019-08-15 16:27:08 - [TEST_STEP][PASSED] - println(symbol): null

2019-08-15 16:27:08 - [TEST_STEP][PASSED] - if (i == 2 &amp;&amp; wildList.indexOf(symbol) != -1): null

2019-08-15 16:27:08 - [TEST_STEP][PASSED] - if (i == 3 &amp;&amp; wildList.indexOf(symbol) != -1): null

2019-08-15 16:27:08 - [TEST_STEP][PASSED] - if (i == 4 &amp;&amp; wildList.indexOf(symbol) != -1): null

2019-08-15 16:27:08 - [TEST_STEP][PASSED] - symbol = symbol: null

2019-08-15 16:27:08 - [TEST_STEP][PASSED] - println(symbol): null

2019-08-15 16:27:08 - [TEST_STEP][PASSED] - if (i == 2 &amp;&amp; wildList.indexOf(symbol) != -1): null

2019-08-15 16:27:08 - [TEST_STEP][PASSED] - if (i == 3 &amp;&amp; wildList.indexOf(symbol) != -1): null

2019-08-15 16:27:08 - [TEST_STEP][PASSED] - if (i == 4 &amp;&amp; wildList.indexOf(symbol) != -1): null

2019-08-15 16:27:08 - [TEST_STEP][PASSED] - symbol = symbol: null

2019-08-15 16:27:08 - [TEST_STEP][PASSED] - println(symbol): null

2019-08-15 16:27:08 - [TEST_STEP][PASSED] - if (i == 2 &amp;&amp; wildList.indexOf(symbol) != -1): null

2019-08-15 16:27:08 - [TEST_STEP][PASSED] - if (i == 3 &amp;&amp; wildList.indexOf(symbol) != -1): null

2019-08-15 16:27:08 - [TEST_STEP][PASSED] - if (i == 4 &amp;&amp; wildList.indexOf(symbol) != -1): null

2019-08-15 16:27:08 - [TEST_STEP][PASSED] - symbols = symbols: null

2019-08-15 16:27:08 - [TEST_STEP][PASSED] - for ([j = 0, j &lt; symbols.size(), (j++)]): null

2019-08-15 16:27:08 - [TEST_STEP][PASSED] - symbol = symbol: null

2019-08-15 16:27:08 - [TEST_STEP][PASSED] - println(symbol): null

2019-08-15 16:27:08 - [TEST_STEP][PASSED] - if (i == 2 &amp;&amp; wildList.indexOf(symbol) != -1): null

2019-08-15 16:27:08 - [TEST_STEP][PASSED] - if (i == 3 &amp;&amp; wildList.indexOf(symbol) != -1): null

2019-08-15 16:27:08 - [TEST_STEP][PASSED] - if (i == 4 &amp;&amp; wildList.indexOf(symbol) != -1): null

2019-08-15 16:27:08 - [TEST_STEP][PASSED] - symbol = symbol: null

2019-08-15 16:27:08 - [TEST_STEP][PASSED] - println(symbol): null

2019-08-15 16:27:08 - [TEST_STEP][PASSED] - if (i == 2 &amp;&amp; wildList.indexOf(symbol) != -1): null

2019-08-15 16:27:08 - [TEST_STEP][PASSED] - if (i == 3 &amp;&amp; wildList.indexOf(symbol) != -1): null

2019-08-15 16:27:08 - [TEST_STEP][PASSED] - if (i == 4 &amp;&amp; wildList.indexOf(symbol) != -1): null

2019-08-15 16:27:08 - [TEST_STEP][PASSED] - symbol = symbol: null

2019-08-15 16:27:08 - [TEST_STEP][PASSED] - println(symbol): null

2019-08-15 16:27:08 - [TEST_STEP][PASSED] - if (i == 2 &amp;&amp; wildList.indexOf(symbol) != -1): null

2019-08-15 16:27:08 - [TEST_STEP][PASSED] - if (i == 3 &amp;&amp; wildList.indexOf(symbol) != -1): null

2019-08-15 16:27:08 - [TEST_STEP][PASSED] - if (i == 4 &amp;&amp; wildList.indexOf(symbol) != -1): null

2019-08-15 16:27:08 - [TEST_STEP][PASSED] - symbols = symbols: null

2019-08-15 16:27:08 - [TEST_STEP][PASSED] - for ([j = 0, j &lt; symbols.size(), (j++)]): null

2019-08-15 16:27:08 - [TEST_STEP][PASSED] - symbol = symbol: null

2019-08-15 16:27:08 - [TEST_STEP][PASSED] - println(symbol): null

2019-08-15 16:27:08 - [TEST_STEP][PASSED] - if (i == 2 &amp;&amp; wildList.indexOf(symbol) != -1): null

2019-08-15 16:27:08 - [TEST_STEP][PASSED] - if (i == 3 &amp;&amp; wildList.indexOf(symbol) != -1): null

2019-08-15 16:27:08 - [TEST_STEP][PASSED] - if (i == 4 &amp;&amp; wildList.indexOf(symbol) != -1): null

2019-08-15 16:27:08 - [TEST_STEP][PASSED] - symbol = symbol: null

2019-08-15 16:27:08 - [TEST_STEP][PASSED] - println(symbol): null

2019-08-15 16:27:08 - [TEST_STEP][PASSED] - if (i == 2 &amp;&amp; wildList.indexOf(symbol) != -1): null

2019-08-15 16:27:08 - [TEST_STEP][PASSED] - if (i == 3 &amp;&amp; wildList.indexOf(symbol) != -1): null

2019-08-15 16:27:08 - [TEST_STEP][PASSED] - if (i == 4 &amp;&amp; wildList.indexOf(symbol) != -1): null

2019-08-15 16:27:08 - [TEST_STEP][PASSED] - symbol = symbol: null

2019-08-15 16:27:08 - [TEST_STEP][PASSED] - println(symbol): null

2019-08-15 16:27:08 - [TEST_STEP][PASSED] - if (i == 2 &amp;&amp; wildList.indexOf(symbol) != -1): null

2019-08-15 16:27:08 - [TEST_STEP][PASSED] - if (i == 3 &amp;&amp; wildList.indexOf(symbol) != -1): null

2019-08-15 16:27:08 - [TEST_STEP][PASSED] - println("wild found on reel 4, adding counter by 1"): null

2019-08-15 16:27:08 - [TEST_STEP][PASSED] - free_spin_reel_counter[1] = free_spin_reel_counter[1] + 1: null

2019-08-15 16:27:08 - [TEST_STEP][PASSED] - if (i == 4 &amp;&amp; wildList.indexOf(symbol) != -1): null

2019-08-15 16:27:13 - [TEST_STEP][PASSED] - symbols = symbols: null

2019-08-15 16:27:13 - [TEST_STEP][PASSED] - for ([j = 0, j &lt; symbols.size(), (j++)]): null

2019-08-15 16:27:13 - [TEST_STEP][PASSED] - symbol = symbol: null

2019-08-15 16:27:13 - [TEST_STEP][PASSED] - println(symbol): null

2019-08-15 16:27:13 - [TEST_STEP][PASSED] - if (i == 2 &amp;&amp; wildList.indexOf(symbol) != -1): null

2019-08-15 16:27:13 - [TEST_STEP][PASSED] - if (i == 3 &amp;&amp; wildList.indexOf(symbol) != -1): null

2019-08-15 16:27:13 - [TEST_STEP][PASSED] - if (i == 4 &amp;&amp; wildList.indexOf(symbol) != -1): null

2019-08-15 16:27:13 - [TEST_STEP][PASSED] - symbol = symbol: null

2019-08-15 16:27:13 - [TEST_STEP][PASSED] - println(symbol): null

2019-08-15 16:27:13 - [TEST_STEP][PASSED] - if (i == 2 &amp;&amp; wildList.indexOf(symbol) != -1): null

2019-08-15 16:27:14 - [TEST_STEP][PASSED] - if (i == 3 &amp;&amp; wildList.indexOf(symbol) != -1): null

2019-08-15 16:27:14 - [TEST_STEP][PASSED] - if (i == 4 &amp;&amp; wildList.indexOf(symbol) != -1): null

2019-08-15 16:27:14 - [TEST_STEP][PASSED] - symbol = symbol: null

2019-08-15 16:27:14 - [TEST_STEP][PASSED] - println(symbol): null

2019-08-15 16:27:14 - [TEST_STEP][PASSED] - if (i == 2 &amp;&amp; wildList.indexOf(symbol) != -1): null

2019-08-15 16:27:14 - [TEST_STEP][PASSED] - if (i == 3 &amp;&amp; wildList.indexOf(symbol) != -1): null

2019-08-15 16:27:14 - [TEST_STEP][PASSED] - if (i == 4 &amp;&amp; wildList.indexOf(symbol) != -1): null

2019-08-15 16:27:14 - [TEST_STEP][PASSED] - free_spin_reel_counter = free_spin_reel_counter: null

2019-08-15 16:27:14 - [TEST_STEP][PASSED] - println("reel 3 wild found: " + free_spin_reel_counter[0]): null

2019-08-15 16:27:14 - [TEST_STEP][PASSED] - println("reel 4 wild found: " + free_spin_reel_counter[1]): null

2019-08-15 16:27:14 - [TEST_STEP][PASSED] - println("reel 5 wild found: " + free_spin_reel_counter[2]): null

2019-08-15 16:27:14 - [TEST_STEP][PASSED] - M4_spin_reels = M4_spin_reels: null

2019-08-15 16:27:14 - [TEST_STEP][PASSED] - M4_spin_reels_symbols = symbol: null

2019-08-15 16:27:14 - [TEST_STEP][PASSED] - M4_spin_reels_symbols = M4_spin_reels_symbols: null

2019-08-15 16:27:14 - [TEST_STEP][PASSED] - M4_spin_reel_wins = reel_wins: null

2019-08-15 16:27:14 - [TEST_STEP][PASSED] - M4_spin_reel_wins = M4_spin_reel_wins: null

2019-08-15 16:27:14 - [TEST_STEP][PASSED] - println("GlobalVariable.M4_spin_reel_wins is: " + M4_spin_reel_wins): null

2019-08-15 16:27:14 - [TEST_STEP][PASSED] - M4_spin_total_bonus_win_this_round = total_bonus_win_this_round: null

2019-08-15 16:27:14 - [TEST_STEP][PASSED] - M4_spin_total_bonus_win_this_round = M4_spin_total_bonus_win_this_round: null

2019-08-15 16:27:14 - [TEST_STEP][PASSED] - println("GlobalVariable.M4_spin_total_bonus_win_this_round is: " + M4_spin_total_bonus_win_this_round): null

2019-08-15 16:27:14 - [MESSAGE][PASSED] - Verify response successfully

2019-08-15 16:27:14 - [MESSAGE][PASSED] - Send request and verify the response successfully

2019-08-15 16:27:14 - [TEST_STEP][PASSED] - if (M4_total_bonus_spins_int != 0 &amp;&amp; M4_spin_reels_symbols[2].contains("WILD_Normal") || M4_spin_reels_symbols[3].contains("WILD_Normal") || M4_spin_reels_symbols[4].contains("WILD_Normal")): null

2019-08-15 16:27:14 - [TEST_STEP][PASSED] - free_spin_reel_counter = free_spin_reel_counter: null

2019-08-15 16:27:14 - [TEST_STEP][PASSED] - M4_spin_reels_symbols = M4_spin_reels_symbols: null

2019-08-15 16:27:14 - [TEST_STEP][PASSED] - M4_total_bonus_spins = M4_total_bonus_spins: null

2019-08-15 16:27:14 - [TEST_STEP][PASSED] - spin_result = sendRequestAndVerify(findTestObject("STG/RGS(M4)/1_M4_spin", ["M4_login_user_id":M4_login_user_id, "rgs_session_token":rgs_session_token, "partner":Partner])): Send request and verify the response successfully

2019-08-15 16:27:14 - [TEST_CASE][PASSED] - Start Test Case : Verification: Verification accomplished successfully

2019-08-15 16:27:14 - [TEST_STEP][PASSED] - request = getInstance().getCurrentRequest(): null

2019-08-15 16:27:14 - [TEST_STEP][PASSED] - response = getInstance().getCurrentResponse(): null

2019-08-15 16:27:14 - [TEST_STEP][PASSED] - verifyResponseStatusCode(response, 200): Verify response status code successfully

2019-08-15 16:27:14 - [MESSAGE][PASSED] - Verify response status code successfully

2019-08-15 16:27:14 - [TEST_STEP][PASSED] - getStatusCode()).isEqualTo(200): null

2019-08-15 16:27:14 - [TEST_STEP][PASSED] - newline = System.getProperty("line.separator"): null

2019-08-15 16:27:14 - [TEST_STEP][PASSED] - M4_spin = new groovy.json.JsonSlurper(): null

2019-08-15 16:27:14 - [TEST_STEP][PASSED] - result_M4_spin = M4_spin.parseText(response.getResponseBodyContent()): null

2019-08-15 16:27:14 - [TEST_STEP][PASSED] - M4_spin_current_balance = current_balance: null

2019-08-15 16:27:14 - [TEST_STEP][PASSED] - M4_spin_current_balance = M4_spin_current_balance: null

2019-08-15 16:27:14 - [TEST_STEP][PASSED] - M4_spin_transaction_id = causality: null

2019-08-15 16:27:14 - [TEST_STEP][PASSED] - M4_spin_transaction_id = M4_spin_transaction_id: null

2019-08-15 16:27:14 - [TEST_STEP][PASSED] - M4_spin_round_id = round_id: null

2019-08-15 16:27:14 - [TEST_STEP][PASSED] - M4_spin_round_id = M4_spin_round_id: null

2019-08-15 16:27:14 - [TEST_STEP][PASSED] - M4_spin_line_wins = line_wins: null

2019-08-15 16:27:14 - [TEST_STEP][PASSED] - M4_spin_line_wins = M4_spin_line_wins: null

2019-08-15 16:27:14 - [TEST_STEP][PASSED] - M4_total_bonus_spins_int = total_bonus_spins: null

2019-08-15 16:27:14 - [TEST_STEP][PASSED] - println("******M4_total_bonus_spins type is:*******" + newline + getClass().getName()): null

2019-08-15 16:27:14 - [TEST_STEP][PASSED] - M4_total_bonus_spins_int = M4_total_bonus_spins_int: null

2019-08-15 16:27:14 - [TEST_STEP][PASSED] - M4_total_bonus_spins = Integer.toString(M4_total_bonus_spins_int): null

2019-08-15 16:27:14 - [TEST_STEP][PASSED] - M4_total_bonus_spins = M4_total_bonus_spins: null

2019-08-15 16:27:14 - [TEST_STEP][PASSED] - println("M4_total_bonus_spins is:" + M4_total_bonus_spins): null

2019-08-15 16:27:14 - [TEST_STEP][PASSED] - M4_spin_bonus_data = bonus_data: null

2019-08-15 16:27:14 - [TEST_STEP][PASSED] - M4_spin_features_triggered = result_M4_spin: null

2019-08-15 16:27:14 - [TEST_STEP][PASSED] - wild = []: null

2019-08-15 16:27:14 - [TEST_STEP][PASSED] - wild[0] = "WILD_Expanding": null

2019-08-15 16:27:14 - [TEST_STEP][PASSED] - wild[1] = "WILD_Normal": null

2019-08-15 16:27:14 - [TEST_STEP][PASSED] - wild[2] = "WILD_Double": null

2019-08-15 16:27:14 - [TEST_STEP][PASSED] - wild[3] = "WILD_ExtraFG": null

2019-08-15 16:27:14 - [TEST_STEP][PASSED] - wild[4] = "WILD_Triple": null

2019-08-15 16:27:14 - [TEST_STEP][PASSED] - wildList = Arrays.asList(wild): null

2019-08-15 16:27:14 - [TEST_STEP][PASSED] - wildList = wildList: null

2019-08-15 16:27:14 - [TEST_STEP][PASSED] - free_spin_reel_counter = []: null

2019-08-15 16:27:14 - [TEST_STEP][PASSED] - free_spin_reel_counter[0] = 0: null

2019-08-15 16:27:14 - [TEST_STEP][PASSED] - free_spin_reel_counter[1] = 0: null

2019-08-15 16:27:14 - [TEST_STEP][PASSED] - free_spin_reel_counter[2] = 0: null

2019-08-15 16:27:14 - [TEST_STEP][PASSED] - M4_spin_reels = reels: null

2019-08-15 16:27:14 - [TEST_STEP][PASSED] - for ([i = 0, i &lt; M4_spin_reels.size(), (i++)]): null

2019-08-15 16:27:14 - [TEST_STEP][PASSED] - symbols = symbols: null

2019-08-15 16:27:14 - [TEST_STEP][PASSED] - for ([j = 0, j &lt; symbols.size(), (j++)]): null

2019-08-15 16:27:14 - [TEST_STEP][PASSED] - symbol = symbol: null

2019-08-15 16:27:14 - [TEST_STEP][PASSED] - println(symbol): null

2019-08-15 16:27:14 - [TEST_STEP][PASSED] - if (i == 2 &amp;&amp; wildList.indexOf(symbol) != -1): null

2019-08-15 16:27:14 - [TEST_STEP][PASSED] - if (i == 3 &amp;&amp; wildList.indexOf(symbol) != -1): null

2019-08-15 16:27:14 - [TEST_STEP][PASSED] - if (i == 4 &amp;&amp; wildList.indexOf(symbol) != -1): null

2019-08-15 16:27:14 - [TEST_STEP][PASSED] - symbol = symbol: null

2019-08-15 16:27:14 - [TEST_STEP][PASSED] - println(symbol): null

2019-08-15 16:27:14 - [TEST_STEP][PASSED] - if (i == 2 &amp;&amp; wildList.indexOf(symbol) != -1): null

2019-08-15 16:27:14 - [TEST_STEP][PASSED] - if (i == 3 &amp;&amp; wildList.indexOf(symbol) != -1): null

2019-08-15 16:27:14 - [TEST_STEP][PASSED] - if (i == 4 &amp;&amp; wildList.indexOf(symbol) != -1): null

2019-08-15 16:27:14 - [TEST_STEP][PASSED] - symbol = symbol: null

2019-08-15 16:27:14 - [TEST_STEP][PASSED] - println(symbol): null

2019-08-15 16:27:14 - [TEST_STEP][PASSED] - if (i == 2 &amp;&amp; wildList.indexOf(symbol) != -1): null

2019-08-15 16:27:14 - [TEST_STEP][PASSED] - if (i == 3 &amp;&amp; wildList.indexOf(symbol) != -1): null

2019-08-15 16:27:14 - [TEST_STEP][PASSED] - if (i == 4 &amp;&amp; wildList.indexOf(symbol) != -1): null

2019-08-15 16:27:14 - [TEST_STEP][PASSED] - symbols = symbols: null

2019-08-15 16:27:14 - [TEST_STEP][PASSED] - for ([j = 0, j &lt; symbols.size(), (j++)]): null

2019-08-15 16:27:14 - [TEST_STEP][PASSED] - symbol = symbol: null

2019-08-15 16:27:14 - [TEST_STEP][PASSED] - println(symbol): null

2019-08-15 16:27:14 - [TEST_STEP][PASSED] - if (i == 2 &amp;&amp; wildList.indexOf(symbol) != -1): null

2019-08-15 16:27:14 - [TEST_STEP][PASSED] - if (i == 3 &amp;&amp; wildList.indexOf(symbol) != -1): null

2019-08-15 16:27:14 - [TEST_STEP][PASSED] - if (i == 4 &amp;&amp; wildList.indexOf(symbol) != -1): null

2019-08-15 16:27:14 - [TEST_STEP][PASSED] - symbol = symbol: null

2019-08-15 16:27:14 - [TEST_STEP][PASSED] - println(symbol): null

2019-08-15 16:27:14 - [TEST_STEP][PASSED] - if (i == 2 &amp;&amp; wildList.indexOf(symbol) != -1): null

2019-08-15 16:27:14 - [TEST_STEP][PASSED] - if (i == 3 &amp;&amp; wildList.indexOf(symbol) != -1): null

2019-08-15 16:27:14 - [TEST_STEP][PASSED] - if (i == 4 &amp;&amp; wildList.indexOf(symbol) != -1): null

2019-08-15 16:27:14 - [TEST_STEP][PASSED] - symbol = symbol: null

2019-08-15 16:27:14 - [TEST_STEP][PASSED] - println(symbol): null

2019-08-15 16:27:14 - [TEST_STEP][PASSED] - if (i == 2 &amp;&amp; wildList.indexOf(symbol) != -1): null

2019-08-15 16:27:14 - [TEST_STEP][PASSED] - if (i == 3 &amp;&amp; wildList.indexOf(symbol) != -1): null

2019-08-15 16:27:14 - [TEST_STEP][PASSED] - if (i == 4 &amp;&amp; wildList.indexOf(symbol) != -1): null

2019-08-15 16:27:14 - [TEST_STEP][PASSED] - symbols = symbols: null

2019-08-15 16:27:14 - [TEST_STEP][PASSED] - for ([j = 0, j &lt; symbols.size(), (j++)]): null

2019-08-15 16:27:14 - [TEST_STEP][PASSED] - symbol = symbol: null

2019-08-15 16:27:14 - [TEST_STEP][PASSED] - println(symbol): null

2019-08-15 16:27:14 - [TEST_STEP][PASSED] - if (i == 2 &amp;&amp; wildList.indexOf(symbol) != -1): null

2019-08-15 16:27:14 - [TEST_STEP][PASSED] - if (i == 3 &amp;&amp; wildList.indexOf(symbol) != -1): null

2019-08-15 16:27:14 - [TEST_STEP][PASSED] - if (i == 4 &amp;&amp; wildList.indexOf(symbol) != -1): null

2019-08-15 16:27:14 - [TEST_STEP][PASSED] - symbol = symbol: null

2019-08-15 16:27:14 - [TEST_STEP][PASSED] - println(symbol): null

2019-08-15 16:27:14 - [TEST_STEP][PASSED] - if (i == 2 &amp;&amp; wildList.indexOf(symbol) != -1): null

2019-08-15 16:27:14 - [TEST_STEP][PASSED] - println("wild found on reel 3, adding counter by 1"): null

2019-08-15 16:27:14 - [TEST_STEP][PASSED] - free_spin_reel_counter[0] = free_spin_reel_counter[0] + 1: null

2019-08-15 16:27:14 - [TEST_STEP][PASSED] - if (i == 3 &amp;&amp; wildList.indexOf(symbol) != -1): null

2019-08-15 16:27:14 - [TEST_STEP][PASSED] - if (i == 4 &amp;&amp; wildList.indexOf(symbol) != -1): null

2019-08-15 16:27:14 - [TEST_STEP][PASSED] - symbol = symbol: null

2019-08-15 16:27:14 - [TEST_STEP][PASSED] - println(symbol): null

2019-08-15 16:27:14 - [TEST_STEP][PASSED] - if (i == 2 &amp;&amp; wildList.indexOf(symbol) != -1): null

2019-08-15 16:27:14 - [TEST_STEP][PASSED] - if (i == 3 &amp;&amp; wildList.indexOf(symbol) != -1): null

2019-08-15 16:27:14 - [TEST_STEP][PASSED] - if (i == 4 &amp;&amp; wildList.indexOf(symbol) != -1): null

2019-08-15 16:27:14 - [TEST_STEP][PASSED] - symbols = symbols: null

2019-08-15 16:27:14 - [TEST_STEP][PASSED] - for ([j = 0, j &lt; symbols.size(), (j++)]): null

2019-08-15 16:27:14 - [TEST_STEP][PASSED] - symbol = symbol: null

2019-08-15 16:27:14 - [TEST_STEP][PASSED] - println(symbol): null

2019-08-15 16:27:14 - [TEST_STEP][PASSED] - if (i == 2 &amp;&amp; wildList.indexOf(symbol) != -1): null

2019-08-15 16:27:14 - [TEST_STEP][PASSED] - if (i == 3 &amp;&amp; wildList.indexOf(symbol) != -1): null

2019-08-15 16:27:14 - [TEST_STEP][PASSED] - if (i == 4 &amp;&amp; wildList.indexOf(symbol) != -1): null

2019-08-15 16:27:14 - [TEST_STEP][PASSED] - symbol = symbol: null

2019-08-15 16:27:14 - [TEST_STEP][PASSED] - println(symbol): null

2019-08-15 16:27:14 - [TEST_STEP][PASSED] - if (i == 2 &amp;&amp; wildList.indexOf(symbol) != -1): null

2019-08-15 16:27:14 - [TEST_STEP][PASSED] - if (i == 3 &amp;&amp; wildList.indexOf(symbol) != -1): null

2019-08-15 16:27:14 - [TEST_STEP][PASSED] - if (i == 4 &amp;&amp; wildList.indexOf(symbol) != -1): null

2019-08-15 16:27:14 - [TEST_STEP][PASSED] - symbol = symbol: null

2019-08-15 16:27:14 - [TEST_STEP][PASSED] - println(symbol): null

2019-08-15 16:27:14 - [TEST_STEP][PASSED] - if (i == 2 &amp;&amp; wildList.indexOf(symbol) != -1): null

2019-08-15 16:27:14 - [TEST_STEP][PASSED] - if (i == 3 &amp;&amp; wildList.indexOf(symbol) != -1): null

2019-08-15 16:27:14 - [TEST_STEP][PASSED] - if (i == 4 &amp;&amp; wildList.indexOf(symbol) != -1): null

2019-08-15 16:27:14 - [TEST_STEP][PASSED] - symbols = symbols: null

2019-08-15 16:27:14 - [TEST_STEP][PASSED] - for ([j = 0, j &lt; symbols.size(), (j++)]): null

2019-08-15 16:27:14 - [TEST_STEP][PASSED] - symbol = symbol: null

2019-08-15 16:27:14 - [TEST_STEP][PASSED] - println(symbol): null

2019-08-15 16:27:14 - [TEST_STEP][PASSED] - if (i == 2 &amp;&amp; wildList.indexOf(symbol) != -1): null

2019-08-15 16:27:14 - [TEST_STEP][PASSED] - if (i == 3 &amp;&amp; wildList.indexOf(symbol) != -1): null

2019-08-15 16:27:14 - [TEST_STEP][PASSED] - if (i == 4 &amp;&amp; wildList.indexOf(symbol) != -1): null

2019-08-15 16:27:14 - [TEST_STEP][PASSED] - symbol = symbol: null

2019-08-15 16:27:14 - [TEST_STEP][PASSED] - println(symbol): null

2019-08-15 16:27:14 - [TEST_STEP][PASSED] - if (i == 2 &amp;&amp; wildList.indexOf(symbol) != -1): null

2019-08-15 16:27:14 - [TEST_STEP][PASSED] - if (i == 3 &amp;&amp; wildList.indexOf(symbol) != -1): null

2019-08-15 16:27:14 - [TEST_STEP][PASSED] - if (i == 4 &amp;&amp; wildList.indexOf(symbol) != -1): null

2019-08-15 16:27:14 - [TEST_STEP][PASSED] - symbol = symbol: null

2019-08-15 16:27:14 - [TEST_STEP][PASSED] - println(symbol): null

2019-08-15 16:27:14 - [TEST_STEP][PASSED] - if (i == 2 &amp;&amp; wildList.indexOf(symbol) != -1): null

2019-08-15 16:27:14 - [TEST_STEP][PASSED] - if (i == 3 &amp;&amp; wildList.indexOf(symbol) != -1): null

2019-08-15 16:27:14 - [TEST_STEP][PASSED] - if (i == 4 &amp;&amp; wildList.indexOf(symbol) != -1): null

2019-08-15 16:27:14 - [TEST_STEP][PASSED] - free_spin_reel_counter = free_spin_reel_counter: null

2019-08-15 16:27:14 - [TEST_STEP][PASSED] - println("reel 3 wild found: " + free_spin_reel_counter[0]): null

2019-08-15 16:27:14 - [TEST_STEP][PASSED] - println("reel 4 wild found: " + free_spin_reel_counter[1]): null

2019-08-15 16:27:14 - [TEST_STEP][PASSED] - println("reel 5 wild found: " + free_spin_reel_counter[2]): null

2019-08-15 16:27:14 - [TEST_STEP][PASSED] - M4_spin_reels = M4_spin_reels: null

2019-08-15 16:27:14 - [TEST_STEP][PASSED] - M4_spin_reels_symbols = symbol: null

2019-08-15 16:27:14 - [TEST_STEP][PASSED] - M4_spin_reels_symbols = M4_spin_reels_symbols: null

2019-08-15 16:27:14 - [TEST_STEP][PASSED] - M4_spin_reel_wins = reel_wins: null

2019-08-15 16:27:14 - [TEST_STEP][PASSED] - M4_spin_reel_wins = M4_spin_reel_wins: null

2019-08-15 16:27:14 - [TEST_STEP][PASSED] - println("GlobalVariable.M4_spin_reel_wins is: " + M4_spin_reel_wins): null

2019-08-15 16:27:14 - [TEST_STEP][PASSED] - M4_spin_total_bonus_win_this_round = total_bonus_win_this_round: null

2019-08-15 16:27:14 - [TEST_STEP][PASSED] - M4_spin_total_bonus_win_this_round = M4_spin_total_bonus_win_this_round: null

2019-08-15 16:27:14 - [TEST_STEP][PASSED] - println("GlobalVariable.M4_spin_total_bonus_win_this_round is: " + M4_spin_total_bonus_win_this_round): null

2019-08-15 16:27:14 - [MESSAGE][PASSED] - Verify response successfully

2019-08-15 16:27:14 - [MESSAGE][PASSED] - Send request and verify the response successfully

2019-08-15 16:27:14 - [TEST_STEP][PASSED] - if (M4_total_bonus_spins_int != 0 &amp;&amp; M4_spin_reels_symbols[2].contains("WILD_Normal") || M4_spin_reels_symbols[3].contains("WILD_Normal") || M4_spin_reels_symbols[4].contains("WILD_Normal")): null

2019-08-15 16:27:14 - [TEST_STEP][PASSED] - free_spin_reel_counter = free_spin_reel_counter: null

2019-08-15 16:27:14 - [TEST_STEP][PASSED] - M4_spin_reels_symbols = M4_spin_reels_symbols: null

2019-08-15 16:27:14 - [TEST_STEP][PASSED] - M4_total_bonus_spins = M4_total_bonus_spins: null

2019-08-15 16:27:14 - [TEST_STEP][PASSED] - spin_result = sendRequestAndVerify(findTestObject("STG/RGS(M4)/1_M4_spin", ["M4_login_user_id":M4_login_user_id, "rgs_session_token":rgs_session_token, "partner":Partner])): Send request and verify the response successfully

2019-08-15 16:27:14 - [TEST_CASE][PASSED] - Start Test Case : Verification: Verification accomplished successfully

2019-08-15 16:27:14 - [TEST_STEP][PASSED] - request = getInstance().getCurrentRequest(): null

2019-08-15 16:27:14 - [TEST_STEP][PASSED] - response = getInstance().getCurrentResponse(): null

2019-08-15 16:27:14 - [TEST_STEP][PASSED] - verifyResponseStatusCode(response, 200): Verify response status code successfully

2019-08-15 16:27:14 - [MESSAGE][PASSED] - Verify response status code successfully

2019-08-15 16:27:14 - [TEST_STEP][PASSED] - getStatusCode()).isEqualTo(200): null

2019-08-15 16:27:14 - [TEST_STEP][PASSED] - newline = System.getProperty("line.separator"): null

2019-08-15 16:27:14 - [TEST_STEP][PASSED] - M4_spin = new groovy.json.JsonSlurper(): null

2019-08-15 16:27:14 - [TEST_STEP][PASSED] - result_M4_spin = M4_spin.parseText(response.getResponseBodyContent()): null

2019-08-15 16:27:14 - [TEST_STEP][PASSED] - M4_spin_current_balance = current_balance: null

2019-08-15 16:27:14 - [TEST_STEP][PASSED] - M4_spin_current_balance = M4_spin_current_balance: null

2019-08-15 16:27:14 - [TEST_STEP][PASSED] - M4_spin_transaction_id = causality: null

2019-08-15 16:27:14 - [TEST_STEP][PASSED] - M4_spin_transaction_id = M4_spin_transaction_id: null

2019-08-15 16:27:14 - [TEST_STEP][PASSED] - M4_spin_round_id = round_id: null

2019-08-15 16:27:14 - [TEST_STEP][PASSED] - M4_spin_round_id = M4_spin_round_id: null

2019-08-15 16:27:14 - [TEST_STEP][PASSED] - M4_spin_line_wins = line_wins: null

2019-08-15 16:27:14 - [TEST_STEP][PASSED] - M4_spin_line_wins = M4_spin_line_wins: null

2019-08-15 16:27:14 - [TEST_STEP][PASSED] - M4_total_bonus_spins_int = total_bonus_spins: null

2019-08-15 16:27:14 - [TEST_STEP][PASSED] - println("******M4_total_bonus_spins type is:*******" + newline + getClass().getName()): null

2019-08-15 16:27:14 - [TEST_STEP][PASSED] - M4_total_bonus_spins_int = M4_total_bonus_spins_int: null

2019-08-15 16:27:14 - [TEST_STEP][PASSED] - M4_total_bonus_spins = Integer.toString(M4_total_bonus_spins_int): null

2019-08-15 16:27:14 - [TEST_STEP][PASSED] - M4_total_bonus_spins = M4_total_bonus_spins: null

2019-08-15 16:27:14 - [TEST_STEP][PASSED] - println("M4_total_bonus_spins is:" + M4_total_bonus_spins): null

2019-08-15 16:27:14 - [TEST_STEP][PASSED] - M4_spin_bonus_data = bonus_data: null

2019-08-15 16:27:14 - [TEST_STEP][PASSED] - M4_spin_features_triggered = result_M4_spin: null

2019-08-15 16:27:14 - [TEST_STEP][PASSED] - wild = []: null

2019-08-15 16:27:14 - [TEST_STEP][PASSED] - wild[0] = "WILD_Expanding": null

2019-08-15 16:27:14 - [TEST_STEP][PASSED] - wild[1] = "WILD_Normal": null

2019-08-15 16:27:14 - [TEST_STEP][PASSED] - wild[2] = "WILD_Double": null

2019-08-15 16:27:14 - [TEST_STEP][PASSED] - wild[3] = "WILD_ExtraFG": null

2019-08-15 16:27:14 - [TEST_STEP][PASSED] - wild[4] = "WILD_Triple": null

2019-08-15 16:27:14 - [TEST_STEP][PASSED] - wildList = Arrays.asList(wild): null

2019-08-15 16:27:14 - [TEST_STEP][PASSED] - wildList = wildList: null

2019-08-15 16:27:14 - [TEST_STEP][PASSED] - free_spin_reel_counter = []: null

2019-08-15 16:27:14 - [TEST_STEP][PASSED] - free_spin_reel_counter[0] = 0: null

2019-08-15 16:27:14 - [TEST_STEP][PASSED] - free_spin_reel_counter[1] = 0: null

2019-08-15 16:27:14 - [TEST_STEP][PASSED] - free_spin_reel_counter[2] = 0: null

2019-08-15 16:27:14 - [TEST_STEP][PASSED] - M4_spin_reels = reels: null

2019-08-15 16:27:14 - [TEST_STEP][PASSED] - for ([i = 0, i &lt; M4_spin_reels.size(), (i++)]): null

2019-08-15 16:27:14 - [TEST_STEP][PASSED] - symbols = symbols: null

2019-08-15 16:27:14 - [TEST_STEP][PASSED] - for ([j = 0, j &lt; symbols.size(), (j++)]): null

2019-08-15 16:27:14 - [TEST_STEP][PASSED] - symbol = symbol: null

2019-08-15 16:27:14 - [TEST_STEP][PASSED] - println(symbol): null

2019-08-15 16:27:14 - [TEST_STEP][PASSED] - if (i == 2 &amp;&amp; wildList.indexOf(symbol) != -1): null

2019-08-15 16:27:14 - [TEST_STEP][PASSED] - if (i == 3 &amp;&amp; wildList.indexOf(symbol) != -1): null

2019-08-15 16:27:14 - [TEST_STEP][PASSED] - if (i == 4 &amp;&amp; wildList.indexOf(symbol) != -1): null

2019-08-15 16:27:14 - [TEST_STEP][PASSED] - symbol = symbol: null

2019-08-15 16:27:14 - [TEST_STEP][PASSED] - println(symbol): null

2019-08-15 16:27:14 - [TEST_STEP][PASSED] - if (i == 2 &amp;&amp; wildList.indexOf(symbol) != -1): null

2019-08-15 16:27:14 - [TEST_STEP][PASSED] - if (i == 3 &amp;&amp; wildList.indexOf(symbol) != -1): null

2019-08-15 16:27:14 - [TEST_STEP][PASSED] - if (i == 4 &amp;&amp; wildList.indexOf(symbol) != -1): null

2019-08-15 16:27:14 - [TEST_STEP][PASSED] - symbol = symbol: null

2019-08-15 16:27:14 - [TEST_STEP][PASSED] - println(symbol): null

2019-08-15 16:27:14 - [TEST_STEP][PASSED] - if (i == 2 &amp;&amp; wildList.indexOf(symbol) != -1): null

2019-08-15 16:27:14 - [TEST_STEP][PASSED] - if (i == 3 &amp;&amp; wildList.indexOf(symbol) != -1): null

2019-08-15 16:27:14 - [TEST_STEP][PASSED] - if (i == 4 &amp;&amp; wildList.indexOf(symbol) != -1): null

2019-08-15 16:27:14 - [TEST_STEP][PASSED] - symbols = symbols: null

2019-08-15 16:27:14 - [TEST_STEP][PASSED] - for ([j = 0, j &lt; symbols.size(), (j++)]): null

2019-08-15 16:27:14 - [TEST_STEP][PASSED] - symbol = symbol: null

2019-08-15 16:27:14 - [TEST_STEP][PASSED] - println(symbol): null

2019-08-15 16:27:14 - [TEST_STEP][PASSED] - if (i == 2 &amp;&amp; wildList.indexOf(symbol) != -1): null

2019-08-15 16:27:14 - [TEST_STEP][PASSED] - if (i == 3 &amp;&amp; wildList.indexOf(symbol) != -1): null

2019-08-15 16:27:14 - [TEST_STEP][PASSED] - if (i == 4 &amp;&amp; wildList.indexOf(symbol) != -1): null

2019-08-15 16:27:14 - [TEST_STEP][PASSED] - symbol = symbol: null

2019-08-15 16:27:14 - [TEST_STEP][PASSED] - println(symbol): null

2019-08-15 16:27:14 - [TEST_STEP][PASSED] - if (i == 2 &amp;&amp; wildList.indexOf(symbol) != -1): null

2019-08-15 16:27:14 - [TEST_STEP][PASSED] - if (i == 3 &amp;&amp; wildList.indexOf(symbol) != -1): null

2019-08-15 16:27:14 - [TEST_STEP][PASSED] - if (i == 4 &amp;&amp; wildList.indexOf(symbol) != -1): null

2019-08-15 16:27:14 - [TEST_STEP][PASSED] - symbol = symbol: null

2019-08-15 16:27:14 - [TEST_STEP][PASSED] - println(symbol): null

2019-08-15 16:27:14 - [TEST_STEP][PASSED] - if (i == 2 &amp;&amp; wildList.indexOf(symbol) != -1): null

2019-08-15 16:27:14 - [TEST_STEP][PASSED] - if (i == 3 &amp;&amp; wildList.indexOf(symbol) != -1): null

2019-08-15 16:27:14 - [TEST_STEP][PASSED] - if (i == 4 &amp;&amp; wildList.indexOf(symbol) != -1): null

2019-08-15 16:27:14 - [TEST_STEP][PASSED] - symbols = symbols: null

2019-08-15 16:27:14 - [TEST_STEP][PASSED] - for ([j = 0, j &lt; symbols.size(), (j++)]): null

2019-08-15 16:27:14 - [TEST_STEP][PASSED] - symbol = symbol: null

2019-08-15 16:27:14 - [TEST_STEP][PASSED] - println(symbol): null

2019-08-15 16:27:14 - [TEST_STEP][PASSED] - if (i == 2 &amp;&amp; wildList.indexOf(symbol) != -1): null

2019-08-15 16:27:14 - [TEST_STEP][PASSED] - if (i == 3 &amp;&amp; wildList.indexOf(symbol) != -1): null

2019-08-15 16:27:14 - [TEST_STEP][PASSED] - if (i == 4 &amp;&amp; wildList.indexOf(symbol) != -1): null

2019-08-15 16:27:14 - [TEST_STEP][PASSED] - symbol = symbol: null

2019-08-15 16:27:14 - [TEST_STEP][PASSED] - println(symbol): null

2019-08-15 16:27:14 - [TEST_STEP][PASSED] - if (i == 2 &amp;&amp; wildList.indexOf(symbol) != -1): null

2019-08-15 16:27:14 - [TEST_STEP][PASSED] - if (i == 3 &amp;&amp; wildList.indexOf(symbol) != -1): null

2019-08-15 16:27:14 - [TEST_STEP][PASSED] - if (i == 4 &amp;&amp; wildList.indexOf(symbol) != -1): null

2019-08-15 16:27:14 - [TEST_STEP][PASSED] - symbol = symbol: null

2019-08-15 16:27:14 - [TEST_STEP][PASSED] - println(symbol): null

2019-08-15 16:27:14 - [TEST_STEP][PASSED] - if (i == 2 &amp;&amp; wildList.indexOf(symbol) != -1): null

2019-08-15 16:27:14 - [TEST_STEP][PASSED] - if (i == 3 &amp;&amp; wildList.indexOf(symbol) != -1): null

2019-08-15 16:27:14 - [TEST_STEP][PASSED] - if (i == 4 &amp;&amp; wildList.indexOf(symbol) != -1): null

2019-08-15 16:27:14 - [TEST_STEP][PASSED] - symbols = symbols: null

2019-08-15 16:27:14 - [TEST_STEP][PASSED] - for ([j = 0, j &lt; symbols.size(), (j++)]): null

2019-08-15 16:27:14 - [TEST_STEP][PASSED] - symbol = symbol: null

2019-08-15 16:27:14 - [TEST_STEP][PASSED] - println(symbol): null

2019-08-15 16:27:14 - [TEST_STEP][PASSED] - if (i == 2 &amp;&amp; wildList.indexOf(symbol) != -1): null

2019-08-15 16:27:14 - [TEST_STEP][PASSED] - if (i == 3 &amp;&amp; wildList.indexOf(symbol) != -1): null

2019-08-15 16:27:14 - [TEST_STEP][PASSED] - if (i == 4 &amp;&amp; wildList.indexOf(symbol) != -1): null

2019-08-15 16:27:14 - [TEST_STEP][PASSED] - symbol = symbol: null

2019-08-15 16:27:14 - [TEST_STEP][PASSED] - println(symbol): null

2019-08-15 16:27:14 - [TEST_STEP][PASSED] - if (i == 2 &amp;&amp; wildList.indexOf(symbol) != -1): null

2019-08-15 16:27:14 - [TEST_STEP][PASSED] - if (i == 3 &amp;&amp; wildList.indexOf(symbol) != -1): null

2019-08-15 16:27:14 - [TEST_STEP][PASSED] - if (i == 4 &amp;&amp; wildList.indexOf(symbol) != -1): null

2019-08-15 16:27:14 - [TEST_STEP][PASSED] - symbol = symbol: null

2019-08-15 16:27:14 - [TEST_STEP][PASSED] - println(symbol): null

2019-08-15 16:27:14 - [TEST_STEP][PASSED] - if (i == 2 &amp;&amp; wildList.indexOf(symbol) != -1): null

2019-08-15 16:27:14 - [TEST_STEP][PASSED] - if (i == 3 &amp;&amp; wildList.indexOf(symbol) != -1): null

2019-08-15 16:27:14 - [TEST_STEP][PASSED] - if (i == 4 &amp;&amp; wildList.indexOf(symbol) != -1): null

2019-08-15 16:27:14 - [TEST_STEP][PASSED] - symbols = symbols: null

2019-08-15 16:27:14 - [TEST_STEP][PASSED] - for ([j = 0, j &lt; symbols.size(), (j++)]): null

2019-08-15 16:27:14 - [TEST_STEP][PASSED] - symbol = symbol: null

2019-08-15 16:27:14 - [TEST_STEP][PASSED] - println(symbol): null

2019-08-15 16:27:14 - [TEST_STEP][PASSED] - if (i == 2 &amp;&amp; wildList.indexOf(symbol) != -1): null

2019-08-15 16:27:14 - [TEST_STEP][PASSED] - if (i == 3 &amp;&amp; wildList.indexOf(symbol) != -1): null

2019-08-15 16:27:14 - [TEST_STEP][PASSED] - if (i == 4 &amp;&amp; wildList.indexOf(symbol) != -1): null

2019-08-15 16:27:14 - [TEST_STEP][PASSED] - println("wild found on reel 5, adding counter by 1"): null

2019-08-15 16:27:14 - [TEST_STEP][PASSED] - free_spin_reel_counter[2] = free_spin_reel_counter[2] + 1: null

2019-08-15 16:27:14 - [TEST_STEP][PASSED] - symbol = symbol: null

2019-08-15 16:27:14 - [TEST_STEP][PASSED] - println(symbol): null

2019-08-15 16:27:14 - [TEST_STEP][PASSED] - if (i == 2 &amp;&amp; wildList.indexOf(symbol) != -1): null

2019-08-15 16:27:14 - [TEST_STEP][PASSED] - if (i == 3 &amp;&amp; wildList.indexOf(symbol) != -1): null

2019-08-15 16:27:14 - [TEST_STEP][PASSED] - if (i == 4 &amp;&amp; wildList.indexOf(symbol) != -1): null

2019-08-15 16:27:14 - [TEST_STEP][PASSED] - symbol = symbol: null

2019-08-15 16:27:14 - [TEST_STEP][PASSED] - println(symbol): null

2019-08-15 16:27:14 - [TEST_STEP][PASSED] - if (i == 2 &amp;&amp; wildList.indexOf(symbol) != -1): null

2019-08-15 16:27:14 - [TEST_STEP][PASSED] - if (i == 3 &amp;&amp; wildList.indexOf(symbol) != -1): null

2019-08-15 16:27:14 - [TEST_STEP][PASSED] - if (i == 4 &amp;&amp; wildList.indexOf(symbol) != -1): null

2019-08-15 16:27:14 - [TEST_STEP][PASSED] - free_spin_reel_counter = free_spin_reel_counter: null

2019-08-15 16:27:14 - [TEST_STEP][PASSED] - println("reel 3 wild found: " + free_spin_reel_counter[0]): null

2019-08-15 16:27:14 - [TEST_STEP][PASSED] - println("reel 4 wild found: " + free_spin_reel_counter[1]): null

2019-08-15 16:27:14 - [TEST_STEP][PASSED] - println("reel 5 wild found: " + free_spin_reel_counter[2]): null

2019-08-15 16:27:14 - [TEST_STEP][PASSED] - M4_spin_reels = M4_spin_reels: null

2019-08-15 16:27:14 - [TEST_STEP][PASSED] - M4_spin_reels_symbols = symbol: null

2019-08-15 16:27:14 - [TEST_STEP][PASSED] - M4_spin_reels_symbols = M4_spin_reels_symbols: null

2019-08-15 16:27:14 - [TEST_STEP][PASSED] - M4_spin_reel_wins = reel_wins: null

2019-08-15 16:27:14 - [TEST_STEP][PASSED] - M4_spin_reel_wins = M4_spin_reel_wins: null

2019-08-15 16:27:14 - [TEST_STEP][PASSED] - println("GlobalVariable.M4_spin_reel_wins is: " + M4_spin_reel_wins): null

2019-08-15 16:27:14 - [TEST_STEP][PASSED] - M4_spin_total_bonus_win_this_round = total_bonus_win_this_round: null

2019-08-15 16:27:14 - [TEST_STEP][PASSED] - M4_spin_total_bonus_win_this_round = M4_spin_total_bonus_win_this_round: null

2019-08-15 16:27:14 - [TEST_STEP][PASSED] - println("GlobalVariable.M4_spin_total_bonus_win_this_round is: " + M4_spin_total_bonus_win_this_round): null

2019-08-15 16:27:14 - [MESSAGE][PASSED] - Verify response successfully

2019-08-15 16:27:14 - [MESSAGE][PASSED] - Send request and verify the response successfully

2019-08-15 16:27:14 - [TEST_STEP][PASSED] - if (M4_total_bonus_spins_int != 0 &amp;&amp; M4_spin_reels_symbols[2].contains("WILD_Normal") || M4_spin_reels_symbols[3].contains("WILD_Normal") || M4_spin_reels_symbols[4].contains("WILD_Normal")): null

2019-08-15 16:27:14 - [TEST_STEP][PASSED] - free_spin_reel_counter = free_spin_reel_counter: null

2019-08-15 16:27:14 - [TEST_STEP][PASSED] - M4_spin_reels_symbols = M4_spin_reels_symbols: null

2019-08-15 16:27:14 - [TEST_STEP][PASSED] - M4_total_bonus_spins = M4_total_bonus_spins: null

2019-08-15 16:27:14 - [TEST_STEP][PASSED] - spin_result = sendRequestAndVerify(findTestObject("STG/RGS(M4)/1_M4_spin", ["M4_login_user_id":M4_login_user_id, "rgs_session_token":rgs_session_token, "partner":Partner])): Send request and verify the response successfully

2019-08-15 16:27:15 - [TEST_CASE][PASSED] - Start Test Case : Verification: Verification accomplished successfully

2019-08-15 16:27:15 - [TEST_STEP][PASSED] - request = getInstance().getCurrentRequest(): null

2019-08-15 16:27:19 - [TEST_STEP][PASSED] - response = getInstance().getCurrentResponse(): null

2019-08-15 16:27:19 - [TEST_STEP][PASSED] - verifyResponseStatusCode(response, 200): Verify response status code successfully

2019-08-15 16:27:19 - [MESSAGE][PASSED] - Verify response status code successfully

2019-08-15 16:27:19 - [TEST_STEP][PASSED] - getStatusCode()).isEqualTo(200): null

2019-08-15 16:27:19 - [TEST_STEP][PASSED] - newline = System.getProperty("line.separator"): null

2019-08-15 16:27:19 - [TEST_STEP][PASSED] - M4_spin = new groovy.json.JsonSlurper(): null

2019-08-15 16:27:19 - [TEST_STEP][PASSED] - result_M4_spin = M4_spin.parseText(response.getResponseBodyContent()): null

2019-08-15 16:27:19 - [TEST_STEP][PASSED] - M4_spin_current_balance = current_balance: null

2019-08-15 16:27:19 - [TEST_STEP][PASSED] - M4_spin_current_balance = M4_spin_current_balance: null

2019-08-15 16:27:19 - [TEST_STEP][PASSED] - M4_spin_transaction_id = causality: null

2019-08-15 16:27:19 - [TEST_STEP][PASSED] - M4_spin_transaction_id = M4_spin_transaction_id: null

2019-08-15 16:27:20 - [TEST_STEP][PASSED] - M4_spin_round_id = round_id: null

2019-08-15 16:27:20 - [TEST_STEP][PASSED] - M4_spin_round_id = M4_spin_round_id: null

2019-08-15 16:27:20 - [TEST_STEP][PASSED] - M4_spin_line_wins = line_wins: null

2019-08-15 16:27:20 - [TEST_STEP][PASSED] - M4_spin_line_wins = M4_spin_line_wins: null

2019-08-15 16:27:20 - [TEST_STEP][PASSED] - M4_total_bonus_spins_int = total_bonus_spins: null

2019-08-15 16:27:20 - [TEST_STEP][PASSED] - println("******M4_total_bonus_spins type is:*******" + newline + getClass().getName()): null

2019-08-15 16:27:20 - [TEST_STEP][PASSED] - M4_total_bonus_spins_int = M4_total_bonus_spins_int: null

2019-08-15 16:27:20 - [TEST_STEP][PASSED] - M4_total_bonus_spins = Integer.toString(M4_total_bonus_spins_int): null

2019-08-15 16:27:20 - [TEST_STEP][PASSED] - M4_total_bonus_spins = M4_total_bonus_spins: null

2019-08-15 16:27:20 - [TEST_STEP][PASSED] - println("M4_total_bonus_spins is:" + M4_total_bonus_spins): null

2019-08-15 16:27:20 - [TEST_STEP][PASSED] - M4_spin_bonus_data = bonus_data: null

2019-08-15 16:27:20 - [TEST_STEP][PASSED] - M4_spin_features_triggered = result_M4_spin: null

2019-08-15 16:27:20 - [TEST_STEP][PASSED] - wild = []: null

2019-08-15 16:27:20 - [TEST_STEP][PASSED] - wild[0] = "WILD_Expanding": null

2019-08-15 16:27:20 - [TEST_STEP][PASSED] - wild[1] = "WILD_Normal": null

2019-08-15 16:27:20 - [TEST_STEP][PASSED] - wild[2] = "WILD_Double": null

2019-08-15 16:27:20 - [TEST_STEP][PASSED] - wild[3] = "WILD_ExtraFG": null

2019-08-15 16:27:20 - [TEST_STEP][PASSED] - wild[4] = "WILD_Triple": null

2019-08-15 16:27:20 - [TEST_STEP][PASSED] - wildList = Arrays.asList(wild): null

2019-08-15 16:27:20 - [TEST_STEP][PASSED] - wildList = wildList: null

2019-08-15 16:27:20 - [TEST_STEP][PASSED] - free_spin_reel_counter = []: null

2019-08-15 16:27:20 - [TEST_STEP][PASSED] - free_spin_reel_counter[0] = 0: null

2019-08-15 16:27:20 - [TEST_STEP][PASSED] - free_spin_reel_counter[1] = 0: null

2019-08-15 16:27:20 - [TEST_STEP][PASSED] - free_spin_reel_counter[2] = 0: null

2019-08-15 16:27:20 - [TEST_STEP][PASSED] - M4_spin_reels = reels: null

2019-08-15 16:27:20 - [TEST_STEP][PASSED] - for ([i = 0, i &lt; M4_spin_reels.size(), (i++)]): null

2019-08-15 16:27:20 - [TEST_STEP][PASSED] - symbols = symbols: null

2019-08-15 16:27:20 - [TEST_STEP][PASSED] - for ([j = 0, j &lt; symbols.size(), (j++)]): null

2019-08-15 16:27:20 - [TEST_STEP][PASSED] - symbol = symbol: null

2019-08-15 16:27:20 - [TEST_STEP][PASSED] - println(symbol): null

2019-08-15 16:27:20 - [TEST_STEP][PASSED] - if (i == 2 &amp;&amp; wildList.indexOf(symbol) != -1): null

2019-08-15 16:27:20 - [TEST_STEP][PASSED] - if (i == 3 &amp;&amp; wildList.indexOf(symbol) != -1): null

2019-08-15 16:27:20 - [TEST_STEP][PASSED] - if (i == 4 &amp;&amp; wildList.indexOf(symbol) != -1): null

2019-08-15 16:27:20 - [TEST_STEP][PASSED] - symbol = symbol: null

2019-08-15 16:27:20 - [TEST_STEP][PASSED] - println(symbol): null

2019-08-15 16:27:20 - [TEST_STEP][PASSED] - if (i == 2 &amp;&amp; wildList.indexOf(symbol) != -1): null

2019-08-15 16:27:20 - [TEST_STEP][PASSED] - if (i == 3 &amp;&amp; wildList.indexOf(symbol) != -1): null

2019-08-15 16:27:20 - [TEST_STEP][PASSED] - if (i == 4 &amp;&amp; wildList.indexOf(symbol) != -1): null

2019-08-15 16:27:20 - [TEST_STEP][PASSED] - symbol = symbol: null

2019-08-15 16:27:20 - [TEST_STEP][PASSED] - println(symbol): null

2019-08-15 16:27:20 - [TEST_STEP][PASSED] - if (i == 2 &amp;&amp; wildList.indexOf(symbol) != -1): null

2019-08-15 16:27:20 - [TEST_STEP][PASSED] - if (i == 3 &amp;&amp; wildList.indexOf(symbol) != -1): null

2019-08-15 16:27:20 - [TEST_STEP][PASSED] - if (i == 4 &amp;&amp; wildList.indexOf(symbol) != -1): null

2019-08-15 16:27:20 - [TEST_STEP][PASSED] - symbols = symbols: null

2019-08-15 16:27:20 - [TEST_STEP][PASSED] - for ([j = 0, j &lt; symbols.size(), (j++)]): null

2019-08-15 16:27:20 - [TEST_STEP][PASSED] - symbol = symbol: null

2019-08-15 16:27:20 - [TEST_STEP][PASSED] - println(symbol): null

2019-08-15 16:27:20 - [TEST_STEP][PASSED] - if (i == 2 &amp;&amp; wildList.indexOf(symbol) != -1): null

2019-08-15 16:27:20 - [TEST_STEP][PASSED] - if (i == 3 &amp;&amp; wildList.indexOf(symbol) != -1): null

2019-08-15 16:27:20 - [TEST_STEP][PASSED] - if (i == 4 &amp;&amp; wildList.indexOf(symbol) != -1): null

2019-08-15 16:27:20 - [TEST_STEP][PASSED] - symbol = symbol: null

2019-08-15 16:27:20 - [TEST_STEP][PASSED] - println(symbol): null

2019-08-15 16:27:20 - [TEST_STEP][PASSED] - if (i == 2 &amp;&amp; wildList.indexOf(symbol) != -1): null

2019-08-15 16:27:20 - [TEST_STEP][PASSED] - if (i == 3 &amp;&amp; wildList.indexOf(symbol) != -1): null

2019-08-15 16:27:20 - [TEST_STEP][PASSED] - if (i == 4 &amp;&amp; wildList.indexOf(symbol) != -1): null

2019-08-15 16:27:20 - [TEST_STEP][PASSED] - symbol = symbol: null

2019-08-15 16:27:20 - [TEST_STEP][PASSED] - println(symbol): null

2019-08-15 16:27:20 - [TEST_STEP][PASSED] - if (i == 2 &amp;&amp; wildList.indexOf(symbol) != -1): null

2019-08-15 16:27:20 - [TEST_STEP][PASSED] - if (i == 3 &amp;&amp; wildList.indexOf(symbol) != -1): null

2019-08-15 16:27:20 - [TEST_STEP][PASSED] - if (i == 4 &amp;&amp; wildList.indexOf(symbol) != -1): null

2019-08-15 16:27:20 - [TEST_STEP][PASSED] - symbols = symbols: null

2019-08-15 16:27:20 - [TEST_STEP][PASSED] - for ([j = 0, j &lt; symbols.size(), (j++)]): null

2019-08-15 16:27:20 - [TEST_STEP][PASSED] - symbol = symbol: null

2019-08-15 16:27:20 - [TEST_STEP][PASSED] - println(symbol): null

2019-08-15 16:27:20 - [TEST_STEP][PASSED] - if (i == 2 &amp;&amp; wildList.indexOf(symbol) != -1): null

2019-08-15 16:27:20 - [TEST_STEP][PASSED] - if (i == 3 &amp;&amp; wildList.indexOf(symbol) != -1): null

2019-08-15 16:27:20 - [TEST_STEP][PASSED] - if (i == 4 &amp;&amp; wildList.indexOf(symbol) != -1): null

2019-08-15 16:27:20 - [TEST_STEP][PASSED] - symbol = symbol: null

2019-08-15 16:27:20 - [TEST_STEP][PASSED] - println(symbol): null

2019-08-15 16:27:20 - [TEST_STEP][PASSED] - if (i == 2 &amp;&amp; wildList.indexOf(symbol) != -1): null

2019-08-15 16:27:20 - [TEST_STEP][PASSED] - if (i == 3 &amp;&amp; wildList.indexOf(symbol) != -1): null

2019-08-15 16:27:20 - [TEST_STEP][PASSED] - if (i == 4 &amp;&amp; wildList.indexOf(symbol) != -1): null

2019-08-15 16:27:20 - [TEST_STEP][PASSED] - symbol = symbol: null

2019-08-15 16:27:20 - [TEST_STEP][PASSED] - println(symbol): null

2019-08-15 16:27:20 - [TEST_STEP][PASSED] - if (i == 2 &amp;&amp; wildList.indexOf(symbol) != -1): null

2019-08-15 16:27:20 - [TEST_STEP][PASSED] - if (i == 3 &amp;&amp; wildList.indexOf(symbol) != -1): null

2019-08-15 16:27:20 - [TEST_STEP][PASSED] - if (i == 4 &amp;&amp; wildList.indexOf(symbol) != -1): null

2019-08-15 16:27:20 - [TEST_STEP][PASSED] - symbols = symbols: null

2019-08-15 16:27:20 - [TEST_STEP][PASSED] - for ([j = 0, j &lt; symbols.size(), (j++)]): null

2019-08-15 16:27:20 - [TEST_STEP][PASSED] - symbol = symbol: null

2019-08-15 16:27:20 - [TEST_STEP][PASSED] - println(symbol): null

2019-08-15 16:27:20 - [TEST_STEP][PASSED] - if (i == 2 &amp;&amp; wildList.indexOf(symbol) != -1): null

2019-08-15 16:27:20 - [TEST_STEP][PASSED] - if (i == 3 &amp;&amp; wildList.indexOf(symbol) != -1): null

2019-08-15 16:27:20 - [TEST_STEP][PASSED] - if (i == 4 &amp;&amp; wildList.indexOf(symbol) != -1): null

2019-08-15 16:27:20 - [TEST_STEP][PASSED] - symbol = symbol: null

2019-08-15 16:27:20 - [TEST_STEP][PASSED] - println(symbol): null

2019-08-15 16:27:20 - [TEST_STEP][PASSED] - if (i == 2 &amp;&amp; wildList.indexOf(symbol) != -1): null

2019-08-15 16:27:20 - [TEST_STEP][PASSED] - if (i == 3 &amp;&amp; wildList.indexOf(symbol) != -1): null

2019-08-15 16:27:20 - [TEST_STEP][PASSED] - if (i == 4 &amp;&amp; wildList.indexOf(symbol) != -1): null

2019-08-15 16:27:20 - [TEST_STEP][PASSED] - symbol = symbol: null

2019-08-15 16:27:20 - [TEST_STEP][PASSED] - println(symbol): null

2019-08-15 16:27:20 - [TEST_STEP][PASSED] - if (i == 2 &amp;&amp; wildList.indexOf(symbol) != -1): null

2019-08-15 16:27:20 - [TEST_STEP][PASSED] - if (i == 3 &amp;&amp; wildList.indexOf(symbol) != -1): null

2019-08-15 16:27:20 - [TEST_STEP][PASSED] - if (i == 4 &amp;&amp; wildList.indexOf(symbol) != -1): null

2019-08-15 16:27:20 - [TEST_STEP][PASSED] - symbols = symbols: null

2019-08-15 16:27:20 - [TEST_STEP][PASSED] - for ([j = 0, j &lt; symbols.size(), (j++)]): null

2019-08-15 16:27:20 - [TEST_STEP][PASSED] - symbol = symbol: null

2019-08-15 16:27:20 - [TEST_STEP][PASSED] - println(symbol): null

2019-08-15 16:27:20 - [TEST_STEP][PASSED] - if (i == 2 &amp;&amp; wildList.indexOf(symbol) != -1): null

2019-08-15 16:27:20 - [TEST_STEP][PASSED] - if (i == 3 &amp;&amp; wildList.indexOf(symbol) != -1): null

2019-08-15 16:27:20 - [TEST_STEP][PASSED] - if (i == 4 &amp;&amp; wildList.indexOf(symbol) != -1): null

2019-08-15 16:27:20 - [TEST_STEP][PASSED] - symbol = symbol: null

2019-08-15 16:27:20 - [TEST_STEP][PASSED] - println(symbol): null

2019-08-15 16:27:20 - [TEST_STEP][PASSED] - if (i == 2 &amp;&amp; wildList.indexOf(symbol) != -1): null

2019-08-15 16:27:20 - [TEST_STEP][PASSED] - if (i == 3 &amp;&amp; wildList.indexOf(symbol) != -1): null

2019-08-15 16:27:20 - [TEST_STEP][PASSED] - if (i == 4 &amp;&amp; wildList.indexOf(symbol) != -1): null

2019-08-15 16:27:20 - [TEST_STEP][PASSED] - symbol = symbol: null

2019-08-15 16:27:20 - [TEST_STEP][PASSED] - println(symbol): null

2019-08-15 16:27:20 - [TEST_STEP][PASSED] - if (i == 2 &amp;&amp; wildList.indexOf(symbol) != -1): null

2019-08-15 16:27:20 - [TEST_STEP][PASSED] - if (i == 3 &amp;&amp; wildList.indexOf(symbol) != -1): null

2019-08-15 16:27:20 - [TEST_STEP][PASSED] - if (i == 4 &amp;&amp; wildList.indexOf(symbol) != -1): null

2019-08-15 16:27:20 - [TEST_STEP][PASSED] - free_spin_reel_counter = free_spin_reel_counter: null

2019-08-15 16:27:20 - [TEST_STEP][PASSED] - println("reel 3 wild found: " + free_spin_reel_counter[0]): null

2019-08-15 16:27:20 - [TEST_STEP][PASSED] - println("reel 4 wild found: " + free_spin_reel_counter[1]): null

2019-08-15 16:27:20 - [TEST_STEP][PASSED] - println("reel 5 wild found: " + free_spin_reel_counter[2]): null

2019-08-15 16:27:20 - [TEST_STEP][PASSED] - M4_spin_reels = M4_spin_reels: null

2019-08-15 16:27:20 - [TEST_STEP][PASSED] - M4_spin_reels_symbols = symbol: null

2019-08-15 16:27:20 - [TEST_STEP][PASSED] - M4_spin_reels_symbols = M4_spin_reels_symbols: null

2019-08-15 16:27:20 - [TEST_STEP][PASSED] - M4_spin_reel_wins = reel_wins: null

2019-08-15 16:27:20 - [TEST_STEP][PASSED] - M4_spin_reel_wins = M4_spin_reel_wins: null

2019-08-15 16:27:20 - [TEST_STEP][PASSED] - println("GlobalVariable.M4_spin_reel_wins is: " + M4_spin_reel_wins): null

2019-08-15 16:27:20 - [TEST_STEP][PASSED] - M4_spin_total_bonus_win_this_round = total_bonus_win_this_round: null

2019-08-15 16:27:20 - [TEST_STEP][PASSED] - M4_spin_total_bonus_win_this_round = M4_spin_total_bonus_win_this_round: null

2019-08-15 16:27:20 - [TEST_STEP][PASSED] - println("GlobalVariable.M4_spin_total_bonus_win_this_round is: " + M4_spin_total_bonus_win_this_round): null

2019-08-15 16:27:20 - [MESSAGE][PASSED] - Verify response successfully

2019-08-15 16:27:20 - [MESSAGE][PASSED] - Send request and verify the response successfully

2019-08-15 16:27:20 - [TEST_STEP][PASSED] - if (M4_total_bonus_spins_int != 0 &amp;&amp; M4_spin_reels_symbols[2].contains("WILD_Normal") || M4_spin_reels_symbols[3].contains("WILD_Normal") || M4_spin_reels_symbols[4].contains("WILD_Normal")): null

2019-08-15 16:27:20 - [TEST_STEP][PASSED] - free_spin_reel_counter = free_spin_reel_counter: null

2019-08-15 16:27:20 - [TEST_STEP][PASSED] - M4_spin_reels_symbols = M4_spin_reels_symbols: null

2019-08-15 16:27:20 - [TEST_STEP][PASSED] - M4_total_bonus_spins = M4_total_bonus_spins: null

2019-08-15 16:27:20 - [TEST_STEP][PASSED] - spin_result = sendRequestAndVerify(findTestObject("STG/RGS(M4)/1_M4_spin", ["M4_login_user_id":M4_login_user_id, "rgs_session_token":rgs_session_token, "partner":Partner])): Send request and verify the response successfully

2019-08-15 16:27:20 - [TEST_CASE][PASSED] - Start Test Case : Verification: Verification accomplished successfully

2019-08-15 16:27:20 - [TEST_STEP][PASSED] - request = getInstance().getCurrentRequest(): null

2019-08-15 16:27:20 - [TEST_STEP][PASSED] - response = getInstance().getCurrentResponse(): null

2019-08-15 16:27:20 - [TEST_STEP][PASSED] - verifyResponseStatusCode(response, 200): Verify response status code successfully

2019-08-15 16:27:20 - [MESSAGE][PASSED] - Verify response status code successfully

2019-08-15 16:27:20 - [TEST_STEP][PASSED] - getStatusCode()).isEqualTo(200): null

2019-08-15 16:27:20 - [TEST_STEP][PASSED] - newline = System.getProperty("line.separator"): null

2019-08-15 16:27:20 - [TEST_STEP][PASSED] - M4_spin = new groovy.json.JsonSlurper(): null

2019-08-15 16:27:20 - [TEST_STEP][PASSED] - result_M4_spin = M4_spin.parseText(response.getResponseBodyContent()): null

2019-08-15 16:27:20 - [TEST_STEP][PASSED] - M4_spin_current_balance = current_balance: null

2019-08-15 16:27:20 - [TEST_STEP][PASSED] - M4_spin_current_balance = M4_spin_current_balance: null

2019-08-15 16:27:20 - [TEST_STEP][PASSED] - M4_spin_transaction_id = causality: null

2019-08-15 16:27:20 - [TEST_STEP][PASSED] - M4_spin_transaction_id = M4_spin_transaction_id: null

2019-08-15 16:27:20 - [TEST_STEP][PASSED] - M4_spin_round_id = round_id: null

2019-08-15 16:27:20 - [TEST_STEP][PASSED] - M4_spin_round_id = M4_spin_round_id: null

2019-08-15 16:27:20 - [TEST_STEP][PASSED] - M4_spin_line_wins = line_wins: null

2019-08-15 16:27:20 - [TEST_STEP][PASSED] - M4_spin_line_wins = M4_spin_line_wins: null

2019-08-15 16:27:20 - [TEST_STEP][PASSED] - M4_total_bonus_spins_int = total_bonus_spins: null

2019-08-15 16:27:20 - [TEST_STEP][PASSED] - println("******M4_total_bonus_spins type is:*******" + newline + getClass().getName()): null

2019-08-15 16:27:20 - [TEST_STEP][PASSED] - M4_total_bonus_spins_int = M4_total_bonus_spins_int: null

2019-08-15 16:27:20 - [TEST_STEP][PASSED] - M4_total_bonus_spins = Integer.toString(M4_total_bonus_spins_int): null

2019-08-15 16:27:20 - [TEST_STEP][PASSED] - M4_total_bonus_spins = M4_total_bonus_spins: null

2019-08-15 16:27:20 - [TEST_STEP][PASSED] - println("M4_total_bonus_spins is:" + M4_total_bonus_spins): null

2019-08-15 16:27:20 - [TEST_STEP][PASSED] - M4_spin_bonus_data = bonus_data: null

2019-08-15 16:27:20 - [TEST_STEP][PASSED] - M4_spin_features_triggered = result_M4_spin: null

2019-08-15 16:27:20 - [TEST_STEP][PASSED] - wild = []: null

2019-08-15 16:27:20 - [TEST_STEP][PASSED] - wild[0] = "WILD_Expanding": null

2019-08-15 16:27:20 - [TEST_STEP][PASSED] - wild[1] = "WILD_Normal": null

2019-08-15 16:27:20 - [TEST_STEP][PASSED] - wild[2] = "WILD_Double": null

2019-08-15 16:27:20 - [TEST_STEP][PASSED] - wild[3] = "WILD_ExtraFG": null

2019-08-15 16:27:20 - [TEST_STEP][PASSED] - wild[4] = "WILD_Triple": null

2019-08-15 16:27:20 - [TEST_STEP][PASSED] - wildList = Arrays.asList(wild): null

2019-08-15 16:27:20 - [TEST_STEP][PASSED] - wildList = wildList: null

2019-08-15 16:27:20 - [TEST_STEP][PASSED] - free_spin_reel_counter = []: null

2019-08-15 16:27:20 - [TEST_STEP][PASSED] - free_spin_reel_counter[0] = 0: null

2019-08-15 16:27:20 - [TEST_STEP][PASSED] - free_spin_reel_counter[1] = 0: null

2019-08-15 16:27:20 - [TEST_STEP][PASSED] - free_spin_reel_counter[2] = 0: null

2019-08-15 16:27:20 - [TEST_STEP][PASSED] - M4_spin_reels = reels: null

2019-08-15 16:27:20 - [TEST_STEP][PASSED] - for ([i = 0, i &lt; M4_spin_reels.size(), (i++)]): null

2019-08-15 16:27:20 - [TEST_STEP][PASSED] - symbols = symbols: null

2019-08-15 16:27:20 - [TEST_STEP][PASSED] - for ([j = 0, j &lt; symbols.size(), (j++)]): null

2019-08-15 16:27:20 - [TEST_STEP][PASSED] - symbol = symbol: null

2019-08-15 16:27:20 - [TEST_STEP][PASSED] - println(symbol): null

2019-08-15 16:27:20 - [TEST_STEP][PASSED] - if (i == 2 &amp;&amp; wildList.indexOf(symbol) != -1): null

2019-08-15 16:27:20 - [TEST_STEP][PASSED] - if (i == 3 &amp;&amp; wildList.indexOf(symbol) != -1): null

2019-08-15 16:27:20 - [TEST_STEP][PASSED] - if (i == 4 &amp;&amp; wildList.indexOf(symbol) != -1): null

2019-08-15 16:27:20 - [TEST_STEP][PASSED] - symbol = symbol: null

2019-08-15 16:27:20 - [TEST_STEP][PASSED] - println(symbol): null

2019-08-15 16:27:20 - [TEST_STEP][PASSED] - if (i == 2 &amp;&amp; wildList.indexOf(symbol) != -1): null

2019-08-15 16:27:20 - [TEST_STEP][PASSED] - if (i == 3 &amp;&amp; wildList.indexOf(symbol) != -1): null

2019-08-15 16:27:20 - [TEST_STEP][PASSED] - if (i == 4 &amp;&amp; wildList.indexOf(symbol) != -1): null

2019-08-15 16:27:20 - [TEST_STEP][PASSED] - symbol = symbol: null

2019-08-15 16:27:20 - [TEST_STEP][PASSED] - println(symbol): null

2019-08-15 16:27:20 - [TEST_STEP][PASSED] - if (i == 2 &amp;&amp; wildList.indexOf(symbol) != -1): null

2019-08-15 16:27:20 - [TEST_STEP][PASSED] - if (i == 3 &amp;&amp; wildList.indexOf(symbol) != -1): null

2019-08-15 16:27:20 - [TEST_STEP][PASSED] - if (i == 4 &amp;&amp; wildList.indexOf(symbol) != -1): null

2019-08-15 16:27:20 - [TEST_STEP][PASSED] - symbols = symbols: null

2019-08-15 16:27:20 - [TEST_STEP][PASSED] - for ([j = 0, j &lt; symbols.size(), (j++)]): null

2019-08-15 16:27:20 - [TEST_STEP][PASSED] - symbol = symbol: null

2019-08-15 16:27:20 - [TEST_STEP][PASSED] - println(symbol): null

2019-08-15 16:27:20 - [TEST_STEP][PASSED] - if (i == 2 &amp;&amp; wildList.indexOf(symbol) != -1): null

2019-08-15 16:27:20 - [TEST_STEP][PASSED] - if (i == 3 &amp;&amp; wildList.indexOf(symbol) != -1): null

2019-08-15 16:27:20 - [TEST_STEP][PASSED] - if (i == 4 &amp;&amp; wildList.indexOf(symbol) != -1): null

2019-08-15 16:27:20 - [TEST_STEP][PASSED] - symbol = symbol: null

2019-08-15 16:27:20 - [TEST_STEP][PASSED] - println(symbol): null

2019-08-15 16:27:20 - [TEST_STEP][PASSED] - if (i == 2 &amp;&amp; wildList.indexOf(symbol) != -1): null

2019-08-15 16:27:20 - [TEST_STEP][PASSED] - if (i == 3 &amp;&amp; wildList.indexOf(symbol) != -1): null

2019-08-15 16:27:20 - [TEST_STEP][PASSED] - if (i == 4 &amp;&amp; wildList.indexOf(symbol) != -1): null

2019-08-15 16:27:20 - [TEST_STEP][PASSED] - symbol = symbol: null

2019-08-15 16:27:20 - [TEST_STEP][PASSED] - println(symbol): null

2019-08-15 16:27:20 - [TEST_STEP][PASSED] - if (i == 2 &amp;&amp; wildList.indexOf(symbol) != -1): null

2019-08-15 16:27:20 - [TEST_STEP][PASSED] - if (i == 3 &amp;&amp; wildList.indexOf(symbol) != -1): null

2019-08-15 16:27:20 - [TEST_STEP][PASSED] - if (i == 4 &amp;&amp; wildList.indexOf(symbol) != -1): null

2019-08-15 16:27:20 - [TEST_STEP][PASSED] - symbols = symbols: null

2019-08-15 16:27:20 - [TEST_STEP][PASSED] - for ([j = 0, j &lt; symbols.size(), (j++)]): null

2019-08-15 16:27:20 - [TEST_STEP][PASSED] - symbol = symbol: null

2019-08-15 16:27:20 - [TEST_STEP][PASSED] - println(symbol): null

2019-08-15 16:27:20 - [TEST_STEP][PASSED] - if (i == 2 &amp;&amp; wildList.indexOf(symbol) != -1): null

2019-08-15 16:27:20 - [TEST_STEP][PASSED] - if (i == 3 &amp;&amp; wildList.indexOf(symbol) != -1): null

2019-08-15 16:27:20 - [TEST_STEP][PASSED] - if (i == 4 &amp;&amp; wildList.indexOf(symbol) != -1): null

2019-08-15 16:27:20 - [TEST_STEP][PASSED] - symbol = symbol: null

2019-08-15 16:27:20 - [TEST_STEP][PASSED] - println(symbol): null

2019-08-15 16:27:20 - [TEST_STEP][PASSED] - if (i == 2 &amp;&amp; wildList.indexOf(symbol) != -1): null

2019-08-15 16:27:20 - [TEST_STEP][PASSED] - if (i == 3 &amp;&amp; wildList.indexOf(symbol) != -1): null

2019-08-15 16:27:20 - [TEST_STEP][PASSED] - if (i == 4 &amp;&amp; wildList.indexOf(symbol) != -1): null

2019-08-15 16:27:20 - [TEST_STEP][PASSED] - symbol = symbol: null

2019-08-15 16:27:20 - [TEST_STEP][PASSED] - println(symbol): null

2019-08-15 16:27:20 - [TEST_STEP][PASSED] - if (i == 2 &amp;&amp; wildList.indexOf(symbol) != -1): null

2019-08-15 16:27:20 - [TEST_STEP][PASSED] - println("wild found on reel 3, adding counter by 1"): null

2019-08-15 16:27:20 - [TEST_STEP][PASSED] - free_spin_reel_counter[0] = free_spin_reel_counter[0] + 1: null

2019-08-15 16:27:20 - [TEST_STEP][PASSED] - if (i == 3 &amp;&amp; wildList.indexOf(symbol) != -1): null

2019-08-15 16:27:20 - [TEST_STEP][PASSED] - if (i == 4 &amp;&amp; wildList.indexOf(symbol) != -1): null

2019-08-15 16:27:20 - [TEST_STEP][PASSED] - symbols = symbols: null

2019-08-15 16:27:20 - [TEST_STEP][PASSED] - for ([j = 0, j &lt; symbols.size(), (j++)]): null

2019-08-15 16:27:20 - [TEST_STEP][PASSED] - symbol = symbol: null

2019-08-15 16:27:20 - [TEST_STEP][PASSED] - println(symbol): null

2019-08-15 16:27:20 - [TEST_STEP][PASSED] - if (i == 2 &amp;&amp; wildList.indexOf(symbol) != -1): null

2019-08-15 16:27:20 - [TEST_STEP][PASSED] - if (i == 3 &amp;&amp; wildList.indexOf(symbol) != -1): null

2019-08-15 16:27:20 - [TEST_STEP][PASSED] - if (i == 4 &amp;&amp; wildList.indexOf(symbol) != -1): null

2019-08-15 16:27:20 - [TEST_STEP][PASSED] - symbol = symbol: null

2019-08-15 16:27:20 - [TEST_STEP][PASSED] - println(symbol): null

2019-08-15 16:27:20 - [TEST_STEP][PASSED] - if (i == 2 &amp;&amp; wildList.indexOf(symbol) != -1): null

2019-08-15 16:27:20 - [TEST_STEP][PASSED] - if (i == 3 &amp;&amp; wildList.indexOf(symbol) != -1): null

2019-08-15 16:27:20 - [TEST_STEP][PASSED] - if (i == 4 &amp;&amp; wildList.indexOf(symbol) != -1): null

2019-08-15 16:27:20 - [TEST_STEP][PASSED] - symbol = symbol: null

2019-08-15 16:27:20 - [TEST_STEP][PASSED] - println(symbol): null

2019-08-15 16:27:20 - [TEST_STEP][PASSED] - if (i == 2 &amp;&amp; wildList.indexOf(symbol) != -1): null

2019-08-15 16:27:20 - [TEST_STEP][PASSED] - if (i == 3 &amp;&amp; wildList.indexOf(symbol) != -1): null

2019-08-15 16:27:20 - [TEST_STEP][PASSED] - if (i == 4 &amp;&amp; wildList.indexOf(symbol) != -1): null

2019-08-15 16:27:20 - [TEST_STEP][PASSED] - symbols = symbols: null

2019-08-15 16:27:20 - [TEST_STEP][PASSED] - for ([j = 0, j &lt; symbols.size(), (j++)]): null

2019-08-15 16:27:20 - [TEST_STEP][PASSED] - symbol = symbol: null

2019-08-15 16:27:20 - [TEST_STEP][PASSED] - println(symbol): null

2019-08-15 16:27:20 - [TEST_STEP][PASSED] - if (i == 2 &amp;&amp; wildList.indexOf(symbol) != -1): null

2019-08-15 16:27:20 - [TEST_STEP][PASSED] - if (i == 3 &amp;&amp; wildList.indexOf(symbol) != -1): null

2019-08-15 16:27:20 - [TEST_STEP][PASSED] - if (i == 4 &amp;&amp; wildList.indexOf(symbol) != -1): null

2019-08-15 16:27:20 - [TEST_STEP][PASSED] - symbol = symbol: null

2019-08-15 16:27:20 - [TEST_STEP][PASSED] - println(symbol): null

2019-08-15 16:27:20 - [TEST_STEP][PASSED] - if (i == 2 &amp;&amp; wildList.indexOf(symbol) != -1): null

2019-08-15 16:27:20 - [TEST_STEP][PASSED] - if (i == 3 &amp;&amp; wildList.indexOf(symbol) != -1): null

2019-08-15 16:27:20 - [TEST_STEP][PASSED] - if (i == 4 &amp;&amp; wildList.indexOf(symbol) != -1): null

2019-08-15 16:27:20 - [TEST_STEP][PASSED] - symbol = symbol: null

2019-08-15 16:27:20 - [TEST_STEP][PASSED] - println(symbol): null

2019-08-15 16:27:20 - [TEST_STEP][PASSED] - if (i == 2 &amp;&amp; wildList.indexOf(symbol) != -1): null

2019-08-15 16:27:20 - [TEST_STEP][PASSED] - if (i == 3 &amp;&amp; wildList.indexOf(symbol) != -1): null

2019-08-15 16:27:20 - [TEST_STEP][PASSED] - if (i == 4 &amp;&amp; wildList.indexOf(symbol) != -1): null

2019-08-15 16:27:20 - [TEST_STEP][PASSED] - free_spin_reel_counter = free_spin_reel_counter: null

2019-08-15 16:27:20 - [TEST_STEP][PASSED] - println("reel 3 wild found: " + free_spin_reel_counter[0]): null

2019-08-15 16:27:20 - [TEST_STEP][PASSED] - println("reel 4 wild found: " + free_spin_reel_counter[1]): null

2019-08-15 16:27:20 - [TEST_STEP][PASSED] - println("reel 5 wild found: " + free_spin_reel_counter[2]): null

2019-08-15 16:27:20 - [TEST_STEP][PASSED] - M4_spin_reels = M4_spin_reels: null

2019-08-15 16:27:20 - [TEST_STEP][PASSED] - M4_spin_reels_symbols = symbol: null

2019-08-15 16:27:20 - [TEST_STEP][PASSED] - M4_spin_reels_symbols = M4_spin_reels_symbols: null

2019-08-15 16:27:20 - [TEST_STEP][PASSED] - M4_spin_reel_wins = reel_wins: null

2019-08-15 16:27:20 - [TEST_STEP][PASSED] - M4_spin_reel_wins = M4_spin_reel_wins: null

2019-08-15 16:27:20 - [TEST_STEP][PASSED] - println("GlobalVariable.M4_spin_reel_wins is: " + M4_spin_reel_wins): null

2019-08-15 16:27:20 - [TEST_STEP][PASSED] - M4_spin_total_bonus_win_this_round = total_bonus_win_this_round: null

2019-08-15 16:27:20 - [TEST_STEP][PASSED] - M4_spin_total_bonus_win_this_round = M4_spin_total_bonus_win_this_round: null

2019-08-15 16:27:20 - [TEST_STEP][PASSED] - println("GlobalVariable.M4_spin_total_bonus_win_this_round is: " + M4_spin_total_bonus_win_this_round): null

2019-08-15 16:27:20 - [MESSAGE][PASSED] - Verify response successfully

2019-08-15 16:27:20 - [MESSAGE][PASSED] - Send request and verify the response successfully

2019-08-15 16:27:20 - [TEST_STEP][PASSED] - if (M4_total_bonus_spins_int != 0 &amp;&amp; M4_spin_reels_symbols[2].contains("WILD_Normal") || M4_spin_reels_symbols[3].contains("WILD_Normal") || M4_spin_reels_symbols[4].contains("WILD_Normal")): null

2019-08-15 16:27:20 - [TEST_STEP][PASSED] - free_spin_reel_counter = free_spin_reel_counter: null

2019-08-15 16:27:20 - [TEST_STEP][PASSED] - M4_spin_reels_symbols = M4_spin_reels_symbols: null

2019-08-15 16:27:20 - [TEST_STEP][PASSED] - M4_total_bonus_spins = M4_total_bonus_spins: null

2019-08-15 16:27:20 - [TEST_STEP][PASSED] - spin_result = sendRequestAndVerify(findTestObject("STG/RGS(M4)/1_M4_spin", ["M4_login_user_id":M4_login_user_id, "rgs_session_token":rgs_session_token, "partner":Partner])): Send request and verify the response successfully

2019-08-15 16:27:21 - [TEST_CASE][PASSED] - Start Test Case : Verification: Verification accomplished successfully

2019-08-15 16:27:21 - [TEST_STEP][PASSED] - request = getInstance().getCurrentRequest(): null

2019-08-15 16:27:21 - [TEST_STEP][PASSED] - response = getInstance().getCurrentResponse(): null

2019-08-15 16:27:21 - [TEST_STEP][PASSED] - verifyResponseStatusCode(response, 200): Verify response status code successfully

2019-08-15 16:27:21 - [MESSAGE][PASSED] - Verify response status code successfully

2019-08-15 16:27:21 - [TEST_STEP][PASSED] - getStatusCode()).isEqualTo(200): null

2019-08-15 16:27:21 - [TEST_STEP][PASSED] - newline = System.getProperty("line.separator"): null

2019-08-15 16:27:21 - [TEST_STEP][PASSED] - M4_spin = new groovy.json.JsonSlurper(): null

2019-08-15 16:27:21 - [TEST_STEP][PASSED] - result_M4_spin = M4_spin.parseText(response.getResponseBodyContent()): null

2019-08-15 16:27:21 - [TEST_STEP][PASSED] - M4_spin_current_balance = current_balance: null

2019-08-15 16:27:21 - [TEST_STEP][PASSED] - M4_spin_current_balance = M4_spin_current_balance: null

2019-08-15 16:27:21 - [TEST_STEP][PASSED] - M4_spin_transaction_id = causality: null

2019-08-15 16:27:21 - [TEST_STEP][PASSED] - M4_spin_transaction_id = M4_spin_transaction_id: null

2019-08-15 16:27:21 - [TEST_STEP][PASSED] - M4_spin_round_id = round_id: null

2019-08-15 16:27:21 - [TEST_STEP][PASSED] - M4_spin_round_id = M4_spin_round_id: null

2019-08-15 16:27:21 - [TEST_STEP][PASSED] - M4_spin_line_wins = line_wins: null

2019-08-15 16:27:21 - [TEST_STEP][PASSED] - M4_spin_line_wins = M4_spin_line_wins: null

2019-08-15 16:27:21 - [TEST_STEP][PASSED] - M4_total_bonus_spins_int = total_bonus_spins: null

2019-08-15 16:27:21 - [TEST_STEP][PASSED] - println("******M4_total_bonus_spins type is:*******" + newline + getClass().getName()): null

2019-08-15 16:27:21 - [TEST_STEP][PASSED] - M4_total_bonus_spins_int = M4_total_bonus_spins_int: null

2019-08-15 16:27:21 - [TEST_STEP][PASSED] - M4_total_bonus_spins = Integer.toString(M4_total_bonus_spins_int): null

2019-08-15 16:27:21 - [TEST_STEP][PASSED] - M4_total_bonus_spins = M4_total_bonus_spins: null

2019-08-15 16:27:21 - [TEST_STEP][PASSED] - println("M4_total_bonus_spins is:" + M4_total_bonus_spins): null

2019-08-15 16:27:21 - [TEST_STEP][PASSED] - M4_spin_bonus_data = bonus_data: null

2019-08-15 16:27:21 - [TEST_STEP][PASSED] - M4_spin_features_triggered = result_M4_spin: null

2019-08-15 16:27:21 - [TEST_STEP][PASSED] - wild = []: null

2019-08-15 16:27:21 - [TEST_STEP][PASSED] - wild[0] = "WILD_Expanding": null

2019-08-15 16:27:21 - [TEST_STEP][PASSED] - wild[1] = "WILD_Normal": null

2019-08-15 16:27:21 - [TEST_STEP][PASSED] - wild[2] = "WILD_Double": null

2019-08-15 16:27:21 - [TEST_STEP][PASSED] - wild[3] = "WILD_ExtraFG": null

2019-08-15 16:27:21 - [TEST_STEP][PASSED] - wild[4] = "WILD_Triple": null

2019-08-15 16:27:21 - [TEST_STEP][PASSED] - wildList = Arrays.asList(wild): null

2019-08-15 16:27:21 - [TEST_STEP][PASSED] - wildList = wildList: null

2019-08-15 16:27:21 - [TEST_STEP][PASSED] - free_spin_reel_counter = []: null

2019-08-15 16:27:21 - [TEST_STEP][PASSED] - free_spin_reel_counter[0] = 0: null

2019-08-15 16:27:21 - [TEST_STEP][PASSED] - free_spin_reel_counter[1] = 0: null

2019-08-15 16:27:21 - [TEST_STEP][PASSED] - free_spin_reel_counter[2] = 0: null

2019-08-15 16:27:21 - [TEST_STEP][PASSED] - M4_spin_reels = reels: null

2019-08-15 16:27:21 - [TEST_STEP][PASSED] - for ([i = 0, i &lt; M4_spin_reels.size(), (i++)]): null

2019-08-15 16:27:21 - [TEST_STEP][PASSED] - symbols = symbols: null

2019-08-15 16:27:21 - [TEST_STEP][PASSED] - for ([j = 0, j &lt; symbols.size(), (j++)]): null

2019-08-15 16:27:21 - [TEST_STEP][PASSED] - symbol = symbol: null

2019-08-15 16:27:21 - [TEST_STEP][PASSED] - println(symbol): null

2019-08-15 16:27:21 - [TEST_STEP][PASSED] - if (i == 2 &amp;&amp; wildList.indexOf(symbol) != -1): null

2019-08-15 16:27:21 - [TEST_STEP][PASSED] - if (i == 3 &amp;&amp; wildList.indexOf(symbol) != -1): null

2019-08-15 16:27:21 - [TEST_STEP][PASSED] - if (i == 4 &amp;&amp; wildList.indexOf(symbol) != -1): null

2019-08-15 16:27:25 - [TEST_STEP][PASSED] - symbol = symbol: null

2019-08-15 16:27:25 - [TEST_STEP][PASSED] - println(symbol): null

2019-08-15 16:27:25 - [TEST_STEP][PASSED] - if (i == 2 &amp;&amp; wildList.indexOf(symbol) != -1): null

2019-08-15 16:27:25 - [TEST_STEP][PASSED] - if (i == 3 &amp;&amp; wildList.indexOf(symbol) != -1): null

2019-08-15 16:27:25 - [TEST_STEP][PASSED] - if (i == 4 &amp;&amp; wildList.indexOf(symbol) != -1): null

2019-08-15 16:27:25 - [TEST_STEP][PASSED] - symbol = symbol: null

2019-08-15 16:27:25 - [TEST_STEP][PASSED] - println(symbol): null

2019-08-15 16:27:25 - [TEST_STEP][PASSED] - if (i == 2 &amp;&amp; wildList.indexOf(symbol) != -1): null

2019-08-15 16:27:25 - [TEST_STEP][PASSED] - if (i == 3 &amp;&amp; wildList.indexOf(symbol) != -1): null

2019-08-15 16:27:25 - [TEST_STEP][PASSED] - if (i == 4 &amp;&amp; wildList.indexOf(symbol) != -1): null

2019-08-15 16:27:27 - [TEST_STEP][PASSED] - symbols = symbols: null

2019-08-15 16:27:27 - [TEST_STEP][PASSED] - for ([j = 0, j &lt; symbols.size(), (j++)]): null

2019-08-15 16:27:27 - [TEST_STEP][PASSED] - symbol = symbol: null

2019-08-15 16:27:27 - [TEST_STEP][PASSED] - println(symbol): null

2019-08-15 16:27:27 - [TEST_STEP][PASSED] - if (i == 2 &amp;&amp; wildList.indexOf(symbol) != -1): null

2019-08-15 16:27:27 - [TEST_STEP][PASSED] - if (i == 3 &amp;&amp; wildList.indexOf(symbol) != -1): null

2019-08-15 16:27:27 - [TEST_STEP][PASSED] - if (i == 4 &amp;&amp; wildList.indexOf(symbol) != -1): null

2019-08-15 16:27:27 - [TEST_STEP][PASSED] - symbol = symbol: null

2019-08-15 16:27:27 - [TEST_STEP][PASSED] - println(symbol): null

2019-08-15 16:27:27 - [TEST_STEP][PASSED] - if (i == 2 &amp;&amp; wildList.indexOf(symbol) != -1): null

2019-08-15 16:27:27 - [TEST_STEP][PASSED] - if (i == 3 &amp;&amp; wildList.indexOf(symbol) != -1): null

2019-08-15 16:27:27 - [TEST_STEP][PASSED] - if (i == 4 &amp;&amp; wildList.indexOf(symbol) != -1): null

2019-08-15 16:27:27 - [TEST_STEP][PASSED] - symbol = symbol: null

2019-08-15 16:27:27 - [TEST_STEP][PASSED] - println(symbol): null

2019-08-15 16:27:27 - [TEST_STEP][PASSED] - if (i == 2 &amp;&amp; wildList.indexOf(symbol) != -1): null

2019-08-15 16:27:27 - [TEST_STEP][PASSED] - if (i == 3 &amp;&amp; wildList.indexOf(symbol) != -1): null

2019-08-15 16:27:27 - [TEST_STEP][PASSED] - if (i == 4 &amp;&amp; wildList.indexOf(symbol) != -1): null

2019-08-15 16:27:27 - [TEST_STEP][PASSED] - symbols = symbols: null

2019-08-15 16:27:27 - [TEST_STEP][PASSED] - for ([j = 0, j &lt; symbols.size(), (j++)]): null

2019-08-15 16:27:27 - [TEST_STEP][PASSED] - symbol = symbol: null

2019-08-15 16:27:27 - [TEST_STEP][PASSED] - println(symbol): null

2019-08-15 16:27:27 - [TEST_STEP][PASSED] - if (i == 2 &amp;&amp; wildList.indexOf(symbol) != -1): null

2019-08-15 16:27:27 - [TEST_STEP][PASSED] - if (i == 3 &amp;&amp; wildList.indexOf(symbol) != -1): null

2019-08-15 16:27:27 - [TEST_STEP][PASSED] - if (i == 4 &amp;&amp; wildList.indexOf(symbol) != -1): null

2019-08-15 16:27:27 - [TEST_STEP][PASSED] - symbol = symbol: null

2019-08-15 16:27:27 - [TEST_STEP][PASSED] - println(symbol): null

2019-08-15 16:27:27 - [TEST_STEP][PASSED] - if (i == 2 &amp;&amp; wildList.indexOf(symbol) != -1): null

2019-08-15 16:27:27 - [TEST_STEP][PASSED] - if (i == 3 &amp;&amp; wildList.indexOf(symbol) != -1): null

2019-08-15 16:27:27 - [TEST_STEP][PASSED] - if (i == 4 &amp;&amp; wildList.indexOf(symbol) != -1): null

2019-08-15 16:27:27 - [TEST_STEP][PASSED] - symbol = symbol: null

2019-08-15 16:27:27 - [TEST_STEP][PASSED] - println(symbol): null

2019-08-15 16:27:27 - [TEST_STEP][PASSED] - if (i == 2 &amp;&amp; wildList.indexOf(symbol) != -1): null

2019-08-15 16:27:27 - [TEST_STEP][PASSED] - if (i == 3 &amp;&amp; wildList.indexOf(symbol) != -1): null

2019-08-15 16:27:27 - [TEST_STEP][PASSED] - if (i == 4 &amp;&amp; wildList.indexOf(symbol) != -1): null

2019-08-15 16:27:27 - [TEST_STEP][PASSED] - symbols = symbols: null

2019-08-15 16:27:27 - [TEST_STEP][PASSED] - for ([j = 0, j &lt; symbols.size(), (j++)]): null

2019-08-15 16:27:27 - [TEST_STEP][PASSED] - symbol = symbol: null

2019-08-15 16:27:27 - [TEST_STEP][PASSED] - println(symbol): null

2019-08-15 16:27:27 - [TEST_STEP][PASSED] - if (i == 2 &amp;&amp; wildList.indexOf(symbol) != -1): null

2019-08-15 16:27:27 - [TEST_STEP][PASSED] - if (i == 3 &amp;&amp; wildList.indexOf(symbol) != -1): null

2019-08-15 16:27:27 - [TEST_STEP][PASSED] - if (i == 4 &amp;&amp; wildList.indexOf(symbol) != -1): null

2019-08-15 16:27:27 - [TEST_STEP][PASSED] - symbol = symbol: null

2019-08-15 16:27:27 - [TEST_STEP][PASSED] - println(symbol): null

2019-08-15 16:27:27 - [TEST_STEP][PASSED] - if (i == 2 &amp;&amp; wildList.indexOf(symbol) != -1): null

2019-08-15 16:27:27 - [TEST_STEP][PASSED] - if (i == 3 &amp;&amp; wildList.indexOf(symbol) != -1): null

2019-08-15 16:27:27 - [TEST_STEP][PASSED] - if (i == 4 &amp;&amp; wildList.indexOf(symbol) != -1): null

2019-08-15 16:27:27 - [TEST_STEP][PASSED] - symbol = symbol: null

2019-08-15 16:27:27 - [TEST_STEP][PASSED] - println(symbol): null

2019-08-15 16:27:27 - [TEST_STEP][PASSED] - if (i == 2 &amp;&amp; wildList.indexOf(symbol) != -1): null

2019-08-15 16:27:27 - [TEST_STEP][PASSED] - if (i == 3 &amp;&amp; wildList.indexOf(symbol) != -1): null

2019-08-15 16:27:27 - [TEST_STEP][PASSED] - if (i == 4 &amp;&amp; wildList.indexOf(symbol) != -1): null

2019-08-15 16:27:27 - [TEST_STEP][PASSED] - symbols = symbols: null

2019-08-15 16:27:27 - [TEST_STEP][PASSED] - for ([j = 0, j &lt; symbols.size(), (j++)]): null

2019-08-15 16:27:27 - [TEST_STEP][PASSED] - symbol = symbol: null

2019-08-15 16:27:27 - [TEST_STEP][PASSED] - println(symbol): null

2019-08-15 16:27:27 - [TEST_STEP][PASSED] - if (i == 2 &amp;&amp; wildList.indexOf(symbol) != -1): null

2019-08-15 16:27:27 - [TEST_STEP][PASSED] - if (i == 3 &amp;&amp; wildList.indexOf(symbol) != -1): null

2019-08-15 16:27:27 - [TEST_STEP][PASSED] - if (i == 4 &amp;&amp; wildList.indexOf(symbol) != -1): null

2019-08-15 16:27:27 - [TEST_STEP][PASSED] - symbol = symbol: null

2019-08-15 16:27:27 - [TEST_STEP][PASSED] - println(symbol): null

2019-08-15 16:27:27 - [TEST_STEP][PASSED] - if (i == 2 &amp;&amp; wildList.indexOf(symbol) != -1): null

2019-08-15 16:27:27 - [TEST_STEP][PASSED] - if (i == 3 &amp;&amp; wildList.indexOf(symbol) != -1): null

2019-08-15 16:27:27 - [TEST_STEP][PASSED] - if (i == 4 &amp;&amp; wildList.indexOf(symbol) != -1): null

2019-08-15 16:27:27 - [TEST_STEP][PASSED] - symbol = symbol: null

2019-08-15 16:27:27 - [TEST_STEP][PASSED] - println(symbol): null

2019-08-15 16:27:27 - [TEST_STEP][PASSED] - if (i == 2 &amp;&amp; wildList.indexOf(symbol) != -1): null

2019-08-15 16:27:27 - [TEST_STEP][PASSED] - if (i == 3 &amp;&amp; wildList.indexOf(symbol) != -1): null

2019-08-15 16:27:27 - [TEST_STEP][PASSED] - if (i == 4 &amp;&amp; wildList.indexOf(symbol) != -1): null

2019-08-15 16:27:27 - [TEST_STEP][PASSED] - free_spin_reel_counter = free_spin_reel_counter: null

2019-08-15 16:27:27 - [TEST_STEP][PASSED] - println("reel 3 wild found: " + free_spin_reel_counter[0]): null

2019-08-15 16:27:27 - [TEST_STEP][PASSED] - println("reel 4 wild found: " + free_spin_reel_counter[1]): null

2019-08-15 16:27:27 - [TEST_STEP][PASSED] - println("reel 5 wild found: " + free_spin_reel_counter[2]): null

2019-08-15 16:27:27 - [TEST_STEP][PASSED] - M4_spin_reels = M4_spin_reels: null

2019-08-15 16:27:27 - [TEST_STEP][PASSED] - M4_spin_reels_symbols = symbol: null

2019-08-15 16:27:27 - [TEST_STEP][PASSED] - M4_spin_reels_symbols = M4_spin_reels_symbols: null

2019-08-15 16:27:27 - [TEST_STEP][PASSED] - M4_spin_reel_wins = reel_wins: null

2019-08-15 16:27:27 - [TEST_STEP][PASSED] - M4_spin_reel_wins = M4_spin_reel_wins: null

2019-08-15 16:27:27 - [TEST_STEP][PASSED] - println("GlobalVariable.M4_spin_reel_wins is: " + M4_spin_reel_wins): null

2019-08-15 16:27:27 - [TEST_STEP][PASSED] - M4_spin_total_bonus_win_this_round = total_bonus_win_this_round: null

2019-08-15 16:27:27 - [TEST_STEP][PASSED] - M4_spin_total_bonus_win_this_round = M4_spin_total_bonus_win_this_round: null

2019-08-15 16:27:27 - [TEST_STEP][PASSED] - println("GlobalVariable.M4_spin_total_bonus_win_this_round is: " + M4_spin_total_bonus_win_this_round): null

2019-08-15 16:27:27 - [MESSAGE][PASSED] - Verify response successfully

2019-08-15 16:27:27 - [MESSAGE][PASSED] - Send request and verify the response successfully

2019-08-15 16:27:27 - [TEST_STEP][PASSED] - if (M4_total_bonus_spins_int != 0 &amp;&amp; M4_spin_reels_symbols[2].contains("WILD_Normal") || M4_spin_reels_symbols[3].contains("WILD_Normal") || M4_spin_reels_symbols[4].contains("WILD_Normal")): null

2019-08-15 16:27:27 - [TEST_STEP][PASSED] - free_spin_reel_counter = free_spin_reel_counter: null

2019-08-15 16:27:27 - [TEST_STEP][PASSED] - M4_spin_reels_symbols = M4_spin_reels_symbols: null

2019-08-15 16:27:27 - [TEST_STEP][PASSED] - M4_total_bonus_spins = M4_total_bonus_spins: null

2019-08-15 16:27:27 - [TEST_STEP][PASSED] - spin_result = sendRequestAndVerify(findTestObject("STG/RGS(M4)/1_M4_spin", ["M4_login_user_id":M4_login_user_id, "rgs_session_token":rgs_session_token, "partner":Partner])): Send request and verify the response successfully

2019-08-15 16:27:27 - [TEST_CASE][PASSED] - Start Test Case : Verification: Verification accomplished successfully

2019-08-15 16:27:27 - [TEST_STEP][PASSED] - request = getInstance().getCurrentRequest(): null

2019-08-15 16:27:27 - [TEST_STEP][PASSED] - response = getInstance().getCurrentResponse(): null

2019-08-15 16:27:27 - [TEST_STEP][PASSED] - verifyResponseStatusCode(response, 200): Verify response status code successfully

2019-08-15 16:27:27 - [MESSAGE][PASSED] - Verify response status code successfully

2019-08-15 16:27:27 - [TEST_STEP][PASSED] - getStatusCode()).isEqualTo(200): null

2019-08-15 16:27:27 - [TEST_STEP][PASSED] - newline = System.getProperty("line.separator"): null

2019-08-15 16:27:27 - [TEST_STEP][PASSED] - M4_spin = new groovy.json.JsonSlurper(): null

2019-08-15 16:27:27 - [TEST_STEP][PASSED] - result_M4_spin = M4_spin.parseText(response.getResponseBodyContent()): null

2019-08-15 16:27:27 - [TEST_STEP][PASSED] - M4_spin_current_balance = current_balance: null

2019-08-15 16:27:27 - [TEST_STEP][PASSED] - M4_spin_current_balance = M4_spin_current_balance: null

2019-08-15 16:27:27 - [TEST_STEP][PASSED] - M4_spin_transaction_id = causality: null

2019-08-15 16:27:27 - [TEST_STEP][PASSED] - M4_spin_transaction_id = M4_spin_transaction_id: null

2019-08-15 16:27:27 - [TEST_STEP][PASSED] - M4_spin_round_id = round_id: null

2019-08-15 16:27:27 - [TEST_STEP][PASSED] - M4_spin_round_id = M4_spin_round_id: null

2019-08-15 16:27:27 - [TEST_STEP][PASSED] - M4_spin_line_wins = line_wins: null

2019-08-15 16:27:27 - [TEST_STEP][PASSED] - M4_spin_line_wins = M4_spin_line_wins: null

2019-08-15 16:27:27 - [TEST_STEP][PASSED] - M4_total_bonus_spins_int = total_bonus_spins: null

2019-08-15 16:27:27 - [TEST_STEP][PASSED] - println("******M4_total_bonus_spins type is:*******" + newline + getClass().getName()): null

2019-08-15 16:27:27 - [TEST_STEP][PASSED] - M4_total_bonus_spins_int = M4_total_bonus_spins_int: null

2019-08-15 16:27:27 - [TEST_STEP][PASSED] - M4_total_bonus_spins = Integer.toString(M4_total_bonus_spins_int): null

2019-08-15 16:27:27 - [TEST_STEP][PASSED] - M4_total_bonus_spins = M4_total_bonus_spins: null

2019-08-15 16:27:27 - [TEST_STEP][PASSED] - println("M4_total_bonus_spins is:" + M4_total_bonus_spins): null

2019-08-15 16:27:27 - [TEST_STEP][PASSED] - M4_spin_bonus_data = bonus_data: null

2019-08-15 16:27:27 - [TEST_STEP][PASSED] - M4_spin_features_triggered = result_M4_spin: null

2019-08-15 16:27:27 - [TEST_STEP][PASSED] - wild = []: null

2019-08-15 16:27:27 - [TEST_STEP][PASSED] - wild[0] = "WILD_Expanding": null

2019-08-15 16:27:27 - [TEST_STEP][PASSED] - wild[1] = "WILD_Normal": null

2019-08-15 16:27:27 - [TEST_STEP][PASSED] - wild[2] = "WILD_Double": null

2019-08-15 16:27:27 - [TEST_STEP][PASSED] - wild[3] = "WILD_ExtraFG": null

2019-08-15 16:27:27 - [TEST_STEP][PASSED] - wild[4] = "WILD_Triple": null

2019-08-15 16:27:27 - [TEST_STEP][PASSED] - wildList = Arrays.asList(wild): null

2019-08-15 16:27:27 - [TEST_STEP][PASSED] - wildList = wildList: null

2019-08-15 16:27:27 - [TEST_STEP][PASSED] - free_spin_reel_counter = []: null

2019-08-15 16:27:27 - [TEST_STEP][PASSED] - free_spin_reel_counter[0] = 0: null

2019-08-15 16:27:27 - [TEST_STEP][PASSED] - free_spin_reel_counter[1] = 0: null

2019-08-15 16:27:27 - [TEST_STEP][PASSED] - free_spin_reel_counter[2] = 0: null

2019-08-15 16:27:27 - [TEST_STEP][PASSED] - M4_spin_reels = reels: null

2019-08-15 16:27:27 - [TEST_STEP][PASSED] - for ([i = 0, i &lt; M4_spin_reels.size(), (i++)]): null

2019-08-15 16:27:27 - [TEST_STEP][PASSED] - symbols = symbols: null

2019-08-15 16:27:27 - [TEST_STEP][PASSED] - for ([j = 0, j &lt; symbols.size(), (j++)]): null

2019-08-15 16:27:27 - [TEST_STEP][PASSED] - symbol = symbol: null

2019-08-15 16:27:27 - [TEST_STEP][PASSED] - println(symbol): null

2019-08-15 16:27:27 - [TEST_STEP][PASSED] - if (i == 2 &amp;&amp; wildList.indexOf(symbol) != -1): null

2019-08-15 16:27:27 - [TEST_STEP][PASSED] - if (i == 3 &amp;&amp; wildList.indexOf(symbol) != -1): null

2019-08-15 16:27:27 - [TEST_STEP][PASSED] - if (i == 4 &amp;&amp; wildList.indexOf(symbol) != -1): null

2019-08-15 16:27:27 - [TEST_STEP][PASSED] - symbol = symbol: null

2019-08-15 16:27:27 - [TEST_STEP][PASSED] - println(symbol): null

2019-08-15 16:27:27 - [TEST_STEP][PASSED] - if (i == 2 &amp;&amp; wildList.indexOf(symbol) != -1): null

2019-08-15 16:27:27 - [TEST_STEP][PASSED] - if (i == 3 &amp;&amp; wildList.indexOf(symbol) != -1): null

2019-08-15 16:27:27 - [TEST_STEP][PASSED] - if (i == 4 &amp;&amp; wildList.indexOf(symbol) != -1): null

2019-08-15 16:27:27 - [TEST_STEP][PASSED] - symbol = symbol: null

2019-08-15 16:27:27 - [TEST_STEP][PASSED] - println(symbol): null

2019-08-15 16:27:27 - [TEST_STEP][PASSED] - if (i == 2 &amp;&amp; wildList.indexOf(symbol) != -1): null

2019-08-15 16:27:27 - [TEST_STEP][PASSED] - if (i == 3 &amp;&amp; wildList.indexOf(symbol) != -1): null

2019-08-15 16:27:27 - [TEST_STEP][PASSED] - if (i == 4 &amp;&amp; wildList.indexOf(symbol) != -1): null

2019-08-15 16:27:27 - [TEST_STEP][PASSED] - symbols = symbols: null

2019-08-15 16:27:27 - [TEST_STEP][PASSED] - for ([j = 0, j &lt; symbols.size(), (j++)]): null

2019-08-15 16:27:27 - [TEST_STEP][PASSED] - symbol = symbol: null

2019-08-15 16:27:27 - [TEST_STEP][PASSED] - println(symbol): null

2019-08-15 16:27:27 - [TEST_STEP][PASSED] - if (i == 2 &amp;&amp; wildList.indexOf(symbol) != -1): null

2019-08-15 16:27:27 - [TEST_STEP][PASSED] - if (i == 3 &amp;&amp; wildList.indexOf(symbol) != -1): null

2019-08-15 16:27:27 - [TEST_STEP][PASSED] - if (i == 4 &amp;&amp; wildList.indexOf(symbol) != -1): null

2019-08-15 16:27:27 - [TEST_STEP][PASSED] - symbol = symbol: null

2019-08-15 16:27:27 - [TEST_STEP][PASSED] - println(symbol): null

2019-08-15 16:27:27 - [TEST_STEP][PASSED] - if (i == 2 &amp;&amp; wildList.indexOf(symbol) != -1): null

2019-08-15 16:27:27 - [TEST_STEP][PASSED] - if (i == 3 &amp;&amp; wildList.indexOf(symbol) != -1): null

2019-08-15 16:27:27 - [TEST_STEP][PASSED] - if (i == 4 &amp;&amp; wildList.indexOf(symbol) != -1): null

2019-08-15 16:27:27 - [TEST_STEP][PASSED] - symbol = symbol: null

2019-08-15 16:27:27 - [TEST_STEP][PASSED] - println(symbol): null

2019-08-15 16:27:27 - [TEST_STEP][PASSED] - if (i == 2 &amp;&amp; wildList.indexOf(symbol) != -1): null

2019-08-15 16:27:27 - [TEST_STEP][PASSED] - if (i == 3 &amp;&amp; wildList.indexOf(symbol) != -1): null

2019-08-15 16:27:27 - [TEST_STEP][PASSED] - if (i == 4 &amp;&amp; wildList.indexOf(symbol) != -1): null

2019-08-15 16:27:27 - [TEST_STEP][PASSED] - symbols = symbols: null

2019-08-15 16:27:27 - [TEST_STEP][PASSED] - for ([j = 0, j &lt; symbols.size(), (j++)]): null

2019-08-15 16:27:27 - [TEST_STEP][PASSED] - symbol = symbol: null

2019-08-15 16:27:27 - [TEST_STEP][PASSED] - println(symbol): null

2019-08-15 16:27:27 - [TEST_STEP][PASSED] - if (i == 2 &amp;&amp; wildList.indexOf(symbol) != -1): null

2019-08-15 16:27:27 - [TEST_STEP][PASSED] - if (i == 3 &amp;&amp; wildList.indexOf(symbol) != -1): null

2019-08-15 16:27:27 - [TEST_STEP][PASSED] - if (i == 4 &amp;&amp; wildList.indexOf(symbol) != -1): null

2019-08-15 16:27:27 - [TEST_STEP][PASSED] - symbol = symbol: null

2019-08-15 16:27:27 - [TEST_STEP][PASSED] - println(symbol): null

2019-08-15 16:27:27 - [TEST_STEP][PASSED] - if (i == 2 &amp;&amp; wildList.indexOf(symbol) != -1): null

2019-08-15 16:27:27 - [TEST_STEP][PASSED] - if (i == 3 &amp;&amp; wildList.indexOf(symbol) != -1): null

2019-08-15 16:27:27 - [TEST_STEP][PASSED] - if (i == 4 &amp;&amp; wildList.indexOf(symbol) != -1): null

2019-08-15 16:27:27 - [TEST_STEP][PASSED] - symbol = symbol: null

2019-08-15 16:27:27 - [TEST_STEP][PASSED] - println(symbol): null

2019-08-15 16:27:27 - [TEST_STEP][PASSED] - if (i == 2 &amp;&amp; wildList.indexOf(symbol) != -1): null

2019-08-15 16:27:27 - [TEST_STEP][PASSED] - if (i == 3 &amp;&amp; wildList.indexOf(symbol) != -1): null

2019-08-15 16:27:27 - [TEST_STEP][PASSED] - if (i == 4 &amp;&amp; wildList.indexOf(symbol) != -1): null

2019-08-15 16:27:27 - [TEST_STEP][PASSED] - symbols = symbols: null

2019-08-15 16:27:27 - [TEST_STEP][PASSED] - for ([j = 0, j &lt; symbols.size(), (j++)]): null

2019-08-15 16:27:27 - [TEST_STEP][PASSED] - symbol = symbol: null

2019-08-15 16:27:27 - [TEST_STEP][PASSED] - println(symbol): null

2019-08-15 16:27:27 - [TEST_STEP][PASSED] - if (i == 2 &amp;&amp; wildList.indexOf(symbol) != -1): null

2019-08-15 16:27:27 - [TEST_STEP][PASSED] - if (i == 3 &amp;&amp; wildList.indexOf(symbol) != -1): null

2019-08-15 16:27:27 - [TEST_STEP][PASSED] - if (i == 4 &amp;&amp; wildList.indexOf(symbol) != -1): null

2019-08-15 16:27:27 - [TEST_STEP][PASSED] - symbol = symbol: null

2019-08-15 16:27:27 - [TEST_STEP][PASSED] - println(symbol): null

2019-08-15 16:27:27 - [TEST_STEP][PASSED] - if (i == 2 &amp;&amp; wildList.indexOf(symbol) != -1): null

2019-08-15 16:27:27 - [TEST_STEP][PASSED] - if (i == 3 &amp;&amp; wildList.indexOf(symbol) != -1): null

2019-08-15 16:27:27 - [TEST_STEP][PASSED] - if (i == 4 &amp;&amp; wildList.indexOf(symbol) != -1): null

2019-08-15 16:27:27 - [TEST_STEP][PASSED] - symbol = symbol: null

2019-08-15 16:27:27 - [TEST_STEP][PASSED] - println(symbol): null

2019-08-15 16:27:27 - [TEST_STEP][PASSED] - if (i == 2 &amp;&amp; wildList.indexOf(symbol) != -1): null

2019-08-15 16:27:27 - [TEST_STEP][PASSED] - if (i == 3 &amp;&amp; wildList.indexOf(symbol) != -1): null

2019-08-15 16:27:27 - [TEST_STEP][PASSED] - if (i == 4 &amp;&amp; wildList.indexOf(symbol) != -1): null

2019-08-15 16:27:27 - [TEST_STEP][PASSED] - symbols = symbols: null

2019-08-15 16:27:27 - [TEST_STEP][PASSED] - for ([j = 0, j &lt; symbols.size(), (j++)]): null

2019-08-15 16:27:27 - [TEST_STEP][PASSED] - symbol = symbol: null

2019-08-15 16:27:27 - [TEST_STEP][PASSED] - println(symbol): null

2019-08-15 16:27:27 - [TEST_STEP][PASSED] - if (i == 2 &amp;&amp; wildList.indexOf(symbol) != -1): null

2019-08-15 16:27:27 - [TEST_STEP][PASSED] - if (i == 3 &amp;&amp; wildList.indexOf(symbol) != -1): null

2019-08-15 16:27:27 - [TEST_STEP][PASSED] - if (i == 4 &amp;&amp; wildList.indexOf(symbol) != -1): null

2019-08-15 16:27:27 - [TEST_STEP][PASSED] - symbol = symbol: null

2019-08-15 16:27:27 - [TEST_STEP][PASSED] - println(symbol): null

2019-08-15 16:27:27 - [TEST_STEP][PASSED] - if (i == 2 &amp;&amp; wildList.indexOf(symbol) != -1): null

2019-08-15 16:27:27 - [TEST_STEP][PASSED] - if (i == 3 &amp;&amp; wildList.indexOf(symbol) != -1): null

2019-08-15 16:27:27 - [TEST_STEP][PASSED] - if (i == 4 &amp;&amp; wildList.indexOf(symbol) != -1): null

2019-08-15 16:27:27 - [TEST_STEP][PASSED] - symbol = symbol: null

2019-08-15 16:27:27 - [TEST_STEP][PASSED] - println(symbol): null

2019-08-15 16:27:27 - [TEST_STEP][PASSED] - if (i == 2 &amp;&amp; wildList.indexOf(symbol) != -1): null

2019-08-15 16:27:27 - [TEST_STEP][PASSED] - if (i == 3 &amp;&amp; wildList.indexOf(symbol) != -1): null

2019-08-15 16:27:27 - [TEST_STEP][PASSED] - if (i == 4 &amp;&amp; wildList.indexOf(symbol) != -1): null

2019-08-15 16:27:27 - [TEST_STEP][PASSED] - free_spin_reel_counter = free_spin_reel_counter: null

2019-08-15 16:27:27 - [TEST_STEP][PASSED] - println("reel 3 wild found: " + free_spin_reel_counter[0]): null

2019-08-15 16:27:27 - [TEST_STEP][PASSED] - println("reel 4 wild found: " + free_spin_reel_counter[1]): null

2019-08-15 16:27:27 - [TEST_STEP][PASSED] - println("reel 5 wild found: " + free_spin_reel_counter[2]): null

2019-08-15 16:27:27 - [TEST_STEP][PASSED] - M4_spin_reels = M4_spin_reels: null

2019-08-15 16:27:27 - [TEST_STEP][PASSED] - M4_spin_reels_symbols = symbol: null

2019-08-15 16:27:27 - [TEST_STEP][PASSED] - M4_spin_reels_symbols = M4_spin_reels_symbols: null

2019-08-15 16:27:27 - [TEST_STEP][PASSED] - M4_spin_reel_wins = reel_wins: null

2019-08-15 16:27:27 - [TEST_STEP][PASSED] - M4_spin_reel_wins = M4_spin_reel_wins: null

2019-08-15 16:27:27 - [TEST_STEP][PASSED] - println("GlobalVariable.M4_spin_reel_wins is: " + M4_spin_reel_wins): null

2019-08-15 16:27:27 - [TEST_STEP][PASSED] - M4_spin_total_bonus_win_this_round = total_bonus_win_this_round: null

2019-08-15 16:27:27 - [TEST_STEP][PASSED] - M4_spin_total_bonus_win_this_round = M4_spin_total_bonus_win_this_round: null

2019-08-15 16:27:27 - [TEST_STEP][PASSED] - println("GlobalVariable.M4_spin_total_bonus_win_this_round is: " + M4_spin_total_bonus_win_this_round): null

2019-08-15 16:27:27 - [MESSAGE][PASSED] - Verify response successfully

2019-08-15 16:27:27 - [MESSAGE][PASSED] - Send request and verify the response successfully

2019-08-15 16:27:27 - [TEST_STEP][PASSED] - if (M4_total_bonus_spins_int != 0 &amp;&amp; M4_spin_reels_symbols[2].contains("WILD_Normal") || M4_spin_reels_symbols[3].contains("WILD_Normal") || M4_spin_reels_symbols[4].contains("WILD_Normal")): null

2019-08-15 16:27:27 - [TEST_STEP][PASSED] - free_spin_reel_counter = free_spin_reel_counter: null

2019-08-15 16:27:27 - [TEST_STEP][PASSED] - M4_spin_reels_symbols = M4_spin_reels_symbols: null

2019-08-15 16:27:27 - [TEST_STEP][PASSED] - M4_total_bonus_spins = M4_total_bonus_spins: null

2019-08-15 16:27:27 - [TEST_STEP][PASSED] - spin_result = sendRequestAndVerify(findTestObject("STG/RGS(M4)/1_M4_spin", ["M4_login_user_id":M4_login_user_id, "rgs_session_token":rgs_session_token, "partner":Partner])): Send request and verify the response successfully

2019-08-15 16:27:27 - [TEST_CASE][PASSED] - Start Test Case : Verification: Verification accomplished successfully

2019-08-15 16:27:27 - [TEST_STEP][PASSED] - request = getInstance().getCurrentRequest(): null

2019-08-15 16:27:27 - [TEST_STEP][PASSED] - response = getInstance().getCurrentResponse(): null

2019-08-15 16:27:27 - [TEST_STEP][PASSED] - verifyResponseStatusCode(response, 200): Verify response status code successfully

2019-08-15 16:27:27 - [MESSAGE][PASSED] - Verify response status code successfully

2019-08-15 16:27:27 - [TEST_STEP][PASSED] - getStatusCode()).isEqualTo(200): null

2019-08-15 16:27:27 - [TEST_STEP][PASSED] - newline = System.getProperty("line.separator"): null

2019-08-15 16:27:27 - [TEST_STEP][PASSED] - M4_spin = new groovy.json.JsonSlurper(): null

2019-08-15 16:27:27 - [TEST_STEP][PASSED] - result_M4_spin = M4_spin.parseText(response.getResponseBodyContent()): null

2019-08-15 16:27:27 - [TEST_STEP][PASSED] - M4_spin_current_balance = current_balance: null

2019-08-15 16:27:27 - [TEST_STEP][PASSED] - M4_spin_current_balance = M4_spin_current_balance: null

2019-08-15 16:27:27 - [TEST_STEP][PASSED] - M4_spin_transaction_id = causality: null

2019-08-15 16:27:27 - [TEST_STEP][PASSED] - M4_spin_transaction_id = M4_spin_transaction_id: null

2019-08-15 16:27:27 - [TEST_STEP][PASSED] - M4_spin_round_id = round_id: null

2019-08-15 16:27:27 - [TEST_STEP][PASSED] - M4_spin_round_id = M4_spin_round_id: null

2019-08-15 16:27:27 - [TEST_STEP][PASSED] - M4_spin_line_wins = line_wins: null

2019-08-15 16:27:27 - [TEST_STEP][PASSED] - M4_spin_line_wins = M4_spin_line_wins: null

2019-08-15 16:27:27 - [TEST_STEP][PASSED] - M4_total_bonus_spins_int = total_bonus_spins: null

2019-08-15 16:27:27 - [TEST_STEP][PASSED] - println("******M4_total_bonus_spins type is:*******" + newline + getClass().getName()): null

2019-08-15 16:27:27 - [TEST_STEP][PASSED] - M4_total_bonus_spins_int = M4_total_bonus_spins_int: null

2019-08-15 16:27:27 - [TEST_STEP][PASSED] - M4_total_bonus_spins = Integer.toString(M4_total_bonus_spins_int): null

2019-08-15 16:27:27 - [TEST_STEP][PASSED] - M4_total_bonus_spins = M4_total_bonus_spins: null

2019-08-15 16:27:27 - [TEST_STEP][PASSED] - println("M4_total_bonus_spins is:" + M4_total_bonus_spins): null

2019-08-15 16:27:27 - [TEST_STEP][PASSED] - M4_spin_bonus_data = bonus_data: null

2019-08-15 16:27:27 - [TEST_STEP][PASSED] - M4_spin_features_triggered = result_M4_spin: null

2019-08-15 16:27:27 - [TEST_STEP][PASSED] - wild = []: null

2019-08-15 16:27:27 - [TEST_STEP][PASSED] - wild[0] = "WILD_Expanding": null

2019-08-15 16:27:27 - [TEST_STEP][PASSED] - wild[1] = "WILD_Normal": null

2019-08-15 16:27:27 - [TEST_STEP][PASSED] - wild[2] = "WILD_Double": null

2019-08-15 16:27:27 - [TEST_STEP][PASSED] - wild[3] = "WILD_ExtraFG": null

2019-08-15 16:27:27 - [TEST_STEP][PASSED] - wild[4] = "WILD_Triple": null

2019-08-15 16:27:27 - [TEST_STEP][PASSED] - wildList = Arrays.asList(wild): null

2019-08-15 16:27:27 - [TEST_STEP][PASSED] - wildList = wildList: null

2019-08-15 16:27:27 - [TEST_STEP][PASSED] - free_spin_reel_counter = []: null

2019-08-15 16:27:27 - [TEST_STEP][PASSED] - free_spin_reel_counter[0] = 0: null

2019-08-15 16:27:27 - [TEST_STEP][PASSED] - free_spin_reel_counter[1] = 0: null

2019-08-15 16:27:27 - [TEST_STEP][PASSED] - free_spin_reel_counter[2] = 0: null

2019-08-15 16:27:27 - [TEST_STEP][PASSED] - M4_spin_reels = reels: null

2019-08-15 16:27:27 - [TEST_STEP][PASSED] - for ([i = 0, i &lt; M4_spin_reels.size(), (i++)]): null

2019-08-15 16:27:27 - [TEST_STEP][PASSED] - symbols = symbols: null

2019-08-15 16:27:27 - [TEST_STEP][PASSED] - for ([j = 0, j &lt; symbols.size(), (j++)]): null

2019-08-15 16:27:27 - [TEST_STEP][PASSED] - symbol = symbol: null

2019-08-15 16:27:27 - [TEST_STEP][PASSED] - println(symbol): null

2019-08-15 16:27:27 - [TEST_STEP][PASSED] - if (i == 2 &amp;&amp; wildList.indexOf(symbol) != -1): null

2019-08-15 16:27:27 - [TEST_STEP][PASSED] - if (i == 3 &amp;&amp; wildList.indexOf(symbol) != -1): null

2019-08-15 16:27:27 - [TEST_STEP][PASSED] - if (i == 4 &amp;&amp; wildList.indexOf(symbol) != -1): null

2019-08-15 16:27:27 - [TEST_STEP][PASSED] - symbol = symbol: null

2019-08-15 16:27:27 - [TEST_STEP][PASSED] - println(symbol): null

2019-08-15 16:27:27 - [TEST_STEP][PASSED] - if (i == 2 &amp;&amp; wildList.indexOf(symbol) != -1): null

2019-08-15 16:27:27 - [TEST_STEP][PASSED] - if (i == 3 &amp;&amp; wildList.indexOf(symbol) != -1): null

2019-08-15 16:27:27 - [TEST_STEP][PASSED] - if (i == 4 &amp;&amp; wildList.indexOf(symbol) != -1): null

2019-08-15 16:27:27 - [TEST_STEP][PASSED] - symbol = symbol: null

2019-08-15 16:27:27 - [TEST_STEP][PASSED] - println(symbol): null

2019-08-15 16:27:27 - [TEST_STEP][PASSED] - if (i == 2 &amp;&amp; wildList.indexOf(symbol) != -1): null

2019-08-15 16:27:27 - [TEST_STEP][PASSED] - if (i == 3 &amp;&amp; wildList.indexOf(symbol) != -1): null

2019-08-15 16:27:27 - [TEST_STEP][PASSED] - if (i == 4 &amp;&amp; wildList.indexOf(symbol) != -1): null

2019-08-15 16:27:27 - [TEST_STEP][PASSED] - symbols = symbols: null

2019-08-15 16:27:27 - [TEST_STEP][PASSED] - for ([j = 0, j &lt; symbols.size(), (j++)]): null

2019-08-15 16:27:27 - [TEST_STEP][PASSED] - symbol = symbol: null

2019-08-15 16:27:27 - [TEST_STEP][PASSED] - println(symbol): null

2019-08-15 16:27:27 - [TEST_STEP][PASSED] - if (i == 2 &amp;&amp; wildList.indexOf(symbol) != -1): null

2019-08-15 16:27:27 - [TEST_STEP][PASSED] - if (i == 3 &amp;&amp; wildList.indexOf(symbol) != -1): null

2019-08-15 16:27:27 - [TEST_STEP][PASSED] - if (i == 4 &amp;&amp; wildList.indexOf(symbol) != -1): null

2019-08-15 16:27:27 - [TEST_STEP][PASSED] - symbol = symbol: null

2019-08-15 16:27:27 - [TEST_STEP][PASSED] - println(symbol): null

2019-08-15 16:27:27 - [TEST_STEP][PASSED] - if (i == 2 &amp;&amp; wildList.indexOf(symbol) != -1): null

2019-08-15 16:27:27 - [TEST_STEP][PASSED] - if (i == 3 &amp;&amp; wildList.indexOf(symbol) != -1): null

2019-08-15 16:27:27 - [TEST_STEP][PASSED] - if (i == 4 &amp;&amp; wildList.indexOf(symbol) != -1): null

2019-08-15 16:27:27 - [TEST_STEP][PASSED] - symbol = symbol: null

2019-08-15 16:27:27 - [TEST_STEP][PASSED] - println(symbol): null

2019-08-15 16:27:27 - [TEST_STEP][PASSED] - if (i == 2 &amp;&amp; wildList.indexOf(symbol) != -1): null

2019-08-15 16:27:27 - [TEST_STEP][PASSED] - if (i == 3 &amp;&amp; wildList.indexOf(symbol) != -1): null

2019-08-15 16:27:27 - [TEST_STEP][PASSED] - if (i == 4 &amp;&amp; wildList.indexOf(symbol) != -1): null

2019-08-15 16:27:27 - [TEST_STEP][PASSED] - symbols = symbols: null

2019-08-15 16:27:27 - [TEST_STEP][PASSED] - for ([j = 0, j &lt; symbols.size(), (j++)]): null

2019-08-15 16:27:27 - [TEST_STEP][PASSED] - symbol = symbol: null

2019-08-15 16:27:27 - [TEST_STEP][PASSED] - println(symbol): null

2019-08-15 16:27:27 - [TEST_STEP][PASSED] - if (i == 2 &amp;&amp; wildList.indexOf(symbol) != -1): null

2019-08-15 16:27:27 - [TEST_STEP][PASSED] - if (i == 3 &amp;&amp; wildList.indexOf(symbol) != -1): null

2019-08-15 16:27:27 - [TEST_STEP][PASSED] - if (i == 4 &amp;&amp; wildList.indexOf(symbol) != -1): null

2019-08-15 16:27:27 - [TEST_STEP][PASSED] - symbol = symbol: null

2019-08-15 16:27:27 - [TEST_STEP][PASSED] - println(symbol): null

2019-08-15 16:27:27 - [TEST_STEP][PASSED] - if (i == 2 &amp;&amp; wildList.indexOf(symbol) != -1): null

2019-08-15 16:27:27 - [TEST_STEP][PASSED] - if (i == 3 &amp;&amp; wildList.indexOf(symbol) != -1): null

2019-08-15 16:27:27 - [TEST_STEP][PASSED] - if (i == 4 &amp;&amp; wildList.indexOf(symbol) != -1): null

2019-08-15 16:27:27 - [TEST_STEP][PASSED] - symbol = symbol: null

2019-08-15 16:27:27 - [TEST_STEP][PASSED] - println(symbol): null

2019-08-15 16:27:27 - [TEST_STEP][PASSED] - if (i == 2 &amp;&amp; wildList.indexOf(symbol) != -1): null

2019-08-15 16:27:27 - [TEST_STEP][PASSED] - if (i == 3 &amp;&amp; wildList.indexOf(symbol) != -1): null

2019-08-15 16:27:27 - [TEST_STEP][PASSED] - if (i == 4 &amp;&amp; wildList.indexOf(symbol) != -1): null

2019-08-15 16:27:27 - [TEST_STEP][PASSED] - symbols = symbols: null

2019-08-15 16:27:32 - [TEST_STEP][PASSED] - for ([j = 0, j &lt; symbols.size(), (j++)]): null

2019-08-15 16:27:32 - [TEST_STEP][PASSED] - symbol = symbol: null

2019-08-15 16:27:32 - [TEST_STEP][PASSED] - println(symbol): null

2019-08-15 16:27:32 - [TEST_STEP][PASSED] - if (i == 2 &amp;&amp; wildList.indexOf(symbol) != -1): null

2019-08-15 16:27:32 - [TEST_STEP][PASSED] - if (i == 3 &amp;&amp; wildList.indexOf(symbol) != -1): null

2019-08-15 16:27:32 - [TEST_STEP][PASSED] - if (i == 4 &amp;&amp; wildList.indexOf(symbol) != -1): null

2019-08-15 16:27:32 - [TEST_STEP][PASSED] - symbol = symbol: null

2019-08-15 16:27:32 - [TEST_STEP][PASSED] - println(symbol): null

2019-08-15 16:27:32 - [TEST_STEP][PASSED] - if (i == 2 &amp;&amp; wildList.indexOf(symbol) != -1): null

2019-08-15 16:27:32 - [TEST_STEP][PASSED] - if (i == 3 &amp;&amp; wildList.indexOf(symbol) != -1): null

2019-08-15 16:27:33 - [TEST_STEP][PASSED] - if (i == 4 &amp;&amp; wildList.indexOf(symbol) != -1): null

2019-08-15 16:27:33 - [TEST_STEP][PASSED] - symbol = symbol: null

2019-08-15 16:27:33 - [TEST_STEP][PASSED] - println(symbol): null

2019-08-15 16:27:33 - [TEST_STEP][PASSED] - if (i == 2 &amp;&amp; wildList.indexOf(symbol) != -1): null

2019-08-15 16:27:33 - [TEST_STEP][PASSED] - if (i == 3 &amp;&amp; wildList.indexOf(symbol) != -1): null

2019-08-15 16:27:33 - [TEST_STEP][PASSED] - if (i == 4 &amp;&amp; wildList.indexOf(symbol) != -1): null

2019-08-15 16:27:33 - [TEST_STEP][PASSED] - symbols = symbols: null

2019-08-15 16:27:33 - [TEST_STEP][PASSED] - for ([j = 0, j &lt; symbols.size(), (j++)]): null

2019-08-15 16:27:33 - [TEST_STEP][PASSED] - symbol = symbol: null

2019-08-15 16:27:33 - [TEST_STEP][PASSED] - println(symbol): null

2019-08-15 16:27:33 - [TEST_STEP][PASSED] - if (i == 2 &amp;&amp; wildList.indexOf(symbol) != -1): null

2019-08-15 16:27:33 - [TEST_STEP][PASSED] - if (i == 3 &amp;&amp; wildList.indexOf(symbol) != -1): null

2019-08-15 16:27:33 - [TEST_STEP][PASSED] - if (i == 4 &amp;&amp; wildList.indexOf(symbol) != -1): null

2019-08-15 16:27:33 - [TEST_STEP][PASSED] - symbol = symbol: null

2019-08-15 16:27:33 - [TEST_STEP][PASSED] - println(symbol): null

2019-08-15 16:27:33 - [TEST_STEP][PASSED] - if (i == 2 &amp;&amp; wildList.indexOf(symbol) != -1): null

2019-08-15 16:27:33 - [TEST_STEP][PASSED] - if (i == 3 &amp;&amp; wildList.indexOf(symbol) != -1): null

2019-08-15 16:27:33 - [TEST_STEP][PASSED] - if (i == 4 &amp;&amp; wildList.indexOf(symbol) != -1): null

2019-08-15 16:27:33 - [TEST_STEP][PASSED] - symbol = symbol: null

2019-08-15 16:27:33 - [TEST_STEP][PASSED] - println(symbol): null

2019-08-15 16:27:33 - [TEST_STEP][PASSED] - if (i == 2 &amp;&amp; wildList.indexOf(symbol) != -1): null

2019-08-15 16:27:33 - [TEST_STEP][PASSED] - if (i == 3 &amp;&amp; wildList.indexOf(symbol) != -1): null

2019-08-15 16:27:33 - [TEST_STEP][PASSED] - if (i == 4 &amp;&amp; wildList.indexOf(symbol) != -1): null

2019-08-15 16:27:33 - [TEST_STEP][PASSED] - free_spin_reel_counter = free_spin_reel_counter: null

2019-08-15 16:27:33 - [TEST_STEP][PASSED] - println("reel 3 wild found: " + free_spin_reel_counter[0]): null

2019-08-15 16:27:33 - [TEST_STEP][PASSED] - println("reel 4 wild found: " + free_spin_reel_counter[1]): null

2019-08-15 16:27:33 - [TEST_STEP][PASSED] - println("reel 5 wild found: " + free_spin_reel_counter[2]): null

2019-08-15 16:27:33 - [TEST_STEP][PASSED] - M4_spin_reels = M4_spin_reels: null

2019-08-15 16:27:33 - [TEST_STEP][PASSED] - M4_spin_reels_symbols = symbol: null

2019-08-15 16:27:33 - [TEST_STEP][PASSED] - M4_spin_reels_symbols = M4_spin_reels_symbols: null

2019-08-15 16:27:33 - [TEST_STEP][PASSED] - M4_spin_reel_wins = reel_wins: null

2019-08-15 16:27:33 - [TEST_STEP][PASSED] - M4_spin_reel_wins = M4_spin_reel_wins: null

2019-08-15 16:27:33 - [TEST_STEP][PASSED] - println("GlobalVariable.M4_spin_reel_wins is: " + M4_spin_reel_wins): null

2019-08-15 16:27:33 - [TEST_STEP][PASSED] - M4_spin_total_bonus_win_this_round = total_bonus_win_this_round: null

2019-08-15 16:27:33 - [TEST_STEP][PASSED] - M4_spin_total_bonus_win_this_round = M4_spin_total_bonus_win_this_round: null

2019-08-15 16:27:33 - [TEST_STEP][PASSED] - println("GlobalVariable.M4_spin_total_bonus_win_this_round is: " + M4_spin_total_bonus_win_this_round): null

2019-08-15 16:27:33 - [MESSAGE][PASSED] - Verify response successfully

2019-08-15 16:27:33 - [MESSAGE][PASSED] - Send request and verify the response successfully

2019-08-15 16:27:33 - [TEST_STEP][PASSED] - if (M4_total_bonus_spins_int != 0 &amp;&amp; M4_spin_reels_symbols[2].contains("WILD_Normal") || M4_spin_reels_symbols[3].contains("WILD_Normal") || M4_spin_reels_symbols[4].contains("WILD_Normal")): null

2019-08-15 16:27:33 - [TEST_STEP][PASSED] - free_spin_reel_counter = free_spin_reel_counter: null

2019-08-15 16:27:33 - [TEST_STEP][PASSED] - M4_spin_reels_symbols = M4_spin_reels_symbols: null

2019-08-15 16:27:33 - [TEST_STEP][PASSED] - M4_total_bonus_spins = M4_total_bonus_spins: null

2019-08-15 16:27:33 - [TEST_STEP][PASSED] - spin_result = sendRequestAndVerify(findTestObject("STG/RGS(M4)/1_M4_spin", ["M4_login_user_id":M4_login_user_id, "rgs_session_token":rgs_session_token, "partner":Partner])): Send request and verify the response successfully

2019-08-15 16:27:33 - [TEST_CASE][PASSED] - Start Test Case : Verification: Verification accomplished successfully

2019-08-15 16:27:33 - [TEST_STEP][PASSED] - request = getInstance().getCurrentRequest(): null

2019-08-15 16:27:33 - [TEST_STEP][PASSED] - response = getInstance().getCurrentResponse(): null

2019-08-15 16:27:33 - [TEST_STEP][PASSED] - verifyResponseStatusCode(response, 200): Verify response status code successfully

2019-08-15 16:27:33 - [MESSAGE][PASSED] - Verify response status code successfully

2019-08-15 16:27:33 - [TEST_STEP][PASSED] - getStatusCode()).isEqualTo(200): null

2019-08-15 16:27:33 - [TEST_STEP][PASSED] - newline = System.getProperty("line.separator"): null

2019-08-15 16:27:33 - [TEST_STEP][PASSED] - M4_spin = new groovy.json.JsonSlurper(): null

2019-08-15 16:27:33 - [TEST_STEP][PASSED] - result_M4_spin = M4_spin.parseText(response.getResponseBodyContent()): null

2019-08-15 16:27:33 - [TEST_STEP][PASSED] - M4_spin_current_balance = current_balance: null

2019-08-15 16:27:33 - [TEST_STEP][PASSED] - M4_spin_current_balance = M4_spin_current_balance: null

2019-08-15 16:27:33 - [TEST_STEP][PASSED] - M4_spin_transaction_id = causality: null

2019-08-15 16:27:33 - [TEST_STEP][PASSED] - M4_spin_transaction_id = M4_spin_transaction_id: null

2019-08-15 16:27:33 - [TEST_STEP][PASSED] - M4_spin_round_id = round_id: null

2019-08-15 16:27:33 - [TEST_STEP][PASSED] - M4_spin_round_id = M4_spin_round_id: null

2019-08-15 16:27:33 - [TEST_STEP][PASSED] - M4_spin_line_wins = line_wins: null

2019-08-15 16:27:33 - [TEST_STEP][PASSED] - M4_spin_line_wins = M4_spin_line_wins: null

2019-08-15 16:27:33 - [TEST_STEP][PASSED] - M4_total_bonus_spins_int = total_bonus_spins: null

2019-08-15 16:27:33 - [TEST_STEP][PASSED] - println("******M4_total_bonus_spins type is:*******" + newline + getClass().getName()): null

2019-08-15 16:27:33 - [TEST_STEP][PASSED] - M4_total_bonus_spins_int = M4_total_bonus_spins_int: null

2019-08-15 16:27:33 - [TEST_STEP][PASSED] - M4_total_bonus_spins = Integer.toString(M4_total_bonus_spins_int): null

2019-08-15 16:27:33 - [TEST_STEP][PASSED] - M4_total_bonus_spins = M4_total_bonus_spins: null

2019-08-15 16:27:33 - [TEST_STEP][PASSED] - println("M4_total_bonus_spins is:" + M4_total_bonus_spins): null

2019-08-15 16:27:33 - [TEST_STEP][PASSED] - M4_spin_bonus_data = bonus_data: null

2019-08-15 16:27:33 - [TEST_STEP][PASSED] - M4_spin_features_triggered = result_M4_spin: null

2019-08-15 16:27:33 - [TEST_STEP][PASSED] - wild = []: null

2019-08-15 16:27:33 - [TEST_STEP][PASSED] - wild[0] = "WILD_Expanding": null

2019-08-15 16:27:33 - [TEST_STEP][PASSED] - wild[1] = "WILD_Normal": null

2019-08-15 16:27:33 - [TEST_STEP][PASSED] - wild[2] = "WILD_Double": null

2019-08-15 16:27:33 - [TEST_STEP][PASSED] - wild[3] = "WILD_ExtraFG": null

2019-08-15 16:27:33 - [TEST_STEP][PASSED] - wild[4] = "WILD_Triple": null

2019-08-15 16:27:33 - [TEST_STEP][PASSED] - wildList = Arrays.asList(wild): null

2019-08-15 16:27:33 - [TEST_STEP][PASSED] - wildList = wildList: null

2019-08-15 16:27:33 - [TEST_STEP][PASSED] - free_spin_reel_counter = []: null

2019-08-15 16:27:33 - [TEST_STEP][PASSED] - free_spin_reel_counter[0] = 0: null

2019-08-15 16:27:33 - [TEST_STEP][PASSED] - free_spin_reel_counter[1] = 0: null

2019-08-15 16:27:33 - [TEST_STEP][PASSED] - free_spin_reel_counter[2] = 0: null

2019-08-15 16:27:33 - [TEST_STEP][PASSED] - M4_spin_reels = reels: null

2019-08-15 16:27:33 - [TEST_STEP][PASSED] - for ([i = 0, i &lt; M4_spin_reels.size(), (i++)]): null

2019-08-15 16:27:33 - [TEST_STEP][PASSED] - symbols = symbols: null

2019-08-15 16:27:33 - [TEST_STEP][PASSED] - for ([j = 0, j &lt; symbols.size(), (j++)]): null

2019-08-15 16:27:33 - [TEST_STEP][PASSED] - symbol = symbol: null

2019-08-15 16:27:33 - [TEST_STEP][PASSED] - println(symbol): null

2019-08-15 16:27:33 - [TEST_STEP][PASSED] - if (i == 2 &amp;&amp; wildList.indexOf(symbol) != -1): null

2019-08-15 16:27:33 - [TEST_STEP][PASSED] - if (i == 3 &amp;&amp; wildList.indexOf(symbol) != -1): null

2019-08-15 16:27:33 - [TEST_STEP][PASSED] - if (i == 4 &amp;&amp; wildList.indexOf(symbol) != -1): null

2019-08-15 16:27:33 - [TEST_STEP][PASSED] - symbol = symbol: null

2019-08-15 16:27:33 - [TEST_STEP][PASSED] - println(symbol): null

2019-08-15 16:27:33 - [TEST_STEP][PASSED] - if (i == 2 &amp;&amp; wildList.indexOf(symbol) != -1): null

2019-08-15 16:27:33 - [TEST_STEP][PASSED] - if (i == 3 &amp;&amp; wildList.indexOf(symbol) != -1): null

2019-08-15 16:27:33 - [TEST_STEP][PASSED] - if (i == 4 &amp;&amp; wildList.indexOf(symbol) != -1): null

2019-08-15 16:27:33 - [TEST_STEP][PASSED] - symbol = symbol: null

2019-08-15 16:27:33 - [TEST_STEP][PASSED] - println(symbol): null

2019-08-15 16:27:33 - [TEST_STEP][PASSED] - if (i == 2 &amp;&amp; wildList.indexOf(symbol) != -1): null

2019-08-15 16:27:33 - [TEST_STEP][PASSED] - if (i == 3 &amp;&amp; wildList.indexOf(symbol) != -1): null

2019-08-15 16:27:33 - [TEST_STEP][PASSED] - if (i == 4 &amp;&amp; wildList.indexOf(symbol) != -1): null

2019-08-15 16:27:33 - [TEST_STEP][PASSED] - symbols = symbols: null

2019-08-15 16:27:33 - [TEST_STEP][PASSED] - for ([j = 0, j &lt; symbols.size(), (j++)]): null

2019-08-15 16:27:33 - [TEST_STEP][PASSED] - symbol = symbol: null

2019-08-15 16:27:33 - [TEST_STEP][PASSED] - println(symbol): null

2019-08-15 16:27:33 - [TEST_STEP][PASSED] - if (i == 2 &amp;&amp; wildList.indexOf(symbol) != -1): null

2019-08-15 16:27:33 - [TEST_STEP][PASSED] - if (i == 3 &amp;&amp; wildList.indexOf(symbol) != -1): null

2019-08-15 16:27:33 - [TEST_STEP][PASSED] - if (i == 4 &amp;&amp; wildList.indexOf(symbol) != -1): null

2019-08-15 16:27:33 - [TEST_STEP][PASSED] - symbol = symbol: null

2019-08-15 16:27:33 - [TEST_STEP][PASSED] - println(symbol): null

2019-08-15 16:27:33 - [TEST_STEP][PASSED] - if (i == 2 &amp;&amp; wildList.indexOf(symbol) != -1): null

2019-08-15 16:27:33 - [TEST_STEP][PASSED] - if (i == 3 &amp;&amp; wildList.indexOf(symbol) != -1): null

2019-08-15 16:27:33 - [TEST_STEP][PASSED] - if (i == 4 &amp;&amp; wildList.indexOf(symbol) != -1): null

2019-08-15 16:27:33 - [TEST_STEP][PASSED] - symbol = symbol: null

2019-08-15 16:27:33 - [TEST_STEP][PASSED] - println(symbol): null

2019-08-15 16:27:33 - [TEST_STEP][PASSED] - if (i == 2 &amp;&amp; wildList.indexOf(symbol) != -1): null

2019-08-15 16:27:33 - [TEST_STEP][PASSED] - if (i == 3 &amp;&amp; wildList.indexOf(symbol) != -1): null

2019-08-15 16:27:33 - [TEST_STEP][PASSED] - if (i == 4 &amp;&amp; wildList.indexOf(symbol) != -1): null

2019-08-15 16:27:33 - [TEST_STEP][PASSED] - symbols = symbols: null

2019-08-15 16:27:33 - [TEST_STEP][PASSED] - for ([j = 0, j &lt; symbols.size(), (j++)]): null

2019-08-15 16:27:33 - [TEST_STEP][PASSED] - symbol = symbol: null

2019-08-15 16:27:33 - [TEST_STEP][PASSED] - println(symbol): null

2019-08-15 16:27:33 - [TEST_STEP][PASSED] - if (i == 2 &amp;&amp; wildList.indexOf(symbol) != -1): null

2019-08-15 16:27:33 - [TEST_STEP][PASSED] - if (i == 3 &amp;&amp; wildList.indexOf(symbol) != -1): null

2019-08-15 16:27:33 - [TEST_STEP][PASSED] - if (i == 4 &amp;&amp; wildList.indexOf(symbol) != -1): null

2019-08-15 16:27:33 - [TEST_STEP][PASSED] - symbol = symbol: null

2019-08-15 16:27:33 - [TEST_STEP][PASSED] - println(symbol): null

2019-08-15 16:27:33 - [TEST_STEP][PASSED] - if (i == 2 &amp;&amp; wildList.indexOf(symbol) != -1): null

2019-08-15 16:27:33 - [TEST_STEP][PASSED] - if (i == 3 &amp;&amp; wildList.indexOf(symbol) != -1): null

2019-08-15 16:27:33 - [TEST_STEP][PASSED] - if (i == 4 &amp;&amp; wildList.indexOf(symbol) != -1): null

2019-08-15 16:27:33 - [TEST_STEP][PASSED] - symbol = symbol: null

2019-08-15 16:27:33 - [TEST_STEP][PASSED] - println(symbol): null

2019-08-15 16:27:33 - [TEST_STEP][PASSED] - if (i == 2 &amp;&amp; wildList.indexOf(symbol) != -1): null

2019-08-15 16:27:33 - [TEST_STEP][PASSED] - if (i == 3 &amp;&amp; wildList.indexOf(symbol) != -1): null

2019-08-15 16:27:33 - [TEST_STEP][PASSED] - if (i == 4 &amp;&amp; wildList.indexOf(symbol) != -1): null

2019-08-15 16:27:33 - [TEST_STEP][PASSED] - symbols = symbols: null

2019-08-15 16:27:33 - [TEST_STEP][PASSED] - for ([j = 0, j &lt; symbols.size(), (j++)]): null

2019-08-15 16:27:33 - [TEST_STEP][PASSED] - symbol = symbol: null

2019-08-15 16:27:33 - [TEST_STEP][PASSED] - println(symbol): null

2019-08-15 16:27:33 - [TEST_STEP][PASSED] - if (i == 2 &amp;&amp; wildList.indexOf(symbol) != -1): null

2019-08-15 16:27:33 - [TEST_STEP][PASSED] - if (i == 3 &amp;&amp; wildList.indexOf(symbol) != -1): null

2019-08-15 16:27:33 - [TEST_STEP][PASSED] - if (i == 4 &amp;&amp; wildList.indexOf(symbol) != -1): null

2019-08-15 16:27:33 - [TEST_STEP][PASSED] - symbol = symbol: null

2019-08-15 16:27:33 - [TEST_STEP][PASSED] - println(symbol): null

2019-08-15 16:27:33 - [TEST_STEP][PASSED] - if (i == 2 &amp;&amp; wildList.indexOf(symbol) != -1): null

2019-08-15 16:27:33 - [TEST_STEP][PASSED] - if (i == 3 &amp;&amp; wildList.indexOf(symbol) != -1): null

2019-08-15 16:27:33 - [TEST_STEP][PASSED] - if (i == 4 &amp;&amp; wildList.indexOf(symbol) != -1): null

2019-08-15 16:27:33 - [TEST_STEP][PASSED] - symbol = symbol: null

2019-08-15 16:27:33 - [TEST_STEP][PASSED] - println(symbol): null

2019-08-15 16:27:33 - [TEST_STEP][PASSED] - if (i == 2 &amp;&amp; wildList.indexOf(symbol) != -1): null

2019-08-15 16:27:33 - [TEST_STEP][PASSED] - if (i == 3 &amp;&amp; wildList.indexOf(symbol) != -1): null

2019-08-15 16:27:33 - [TEST_STEP][PASSED] - if (i == 4 &amp;&amp; wildList.indexOf(symbol) != -1): null

2019-08-15 16:27:33 - [TEST_STEP][PASSED] - symbols = symbols: null

2019-08-15 16:27:33 - [TEST_STEP][PASSED] - for ([j = 0, j &lt; symbols.size(), (j++)]): null

2019-08-15 16:27:33 - [TEST_STEP][PASSED] - symbol = symbol: null

2019-08-15 16:27:33 - [TEST_STEP][PASSED] - println(symbol): null

2019-08-15 16:27:33 - [TEST_STEP][PASSED] - if (i == 2 &amp;&amp; wildList.indexOf(symbol) != -1): null

2019-08-15 16:27:33 - [TEST_STEP][PASSED] - if (i == 3 &amp;&amp; wildList.indexOf(symbol) != -1): null

2019-08-15 16:27:33 - [TEST_STEP][PASSED] - if (i == 4 &amp;&amp; wildList.indexOf(symbol) != -1): null

2019-08-15 16:27:33 - [TEST_STEP][PASSED] - symbol = symbol: null

2019-08-15 16:27:33 - [TEST_STEP][PASSED] - println(symbol): null

2019-08-15 16:27:33 - [TEST_STEP][PASSED] - if (i == 2 &amp;&amp; wildList.indexOf(symbol) != -1): null

2019-08-15 16:27:33 - [TEST_STEP][PASSED] - if (i == 3 &amp;&amp; wildList.indexOf(symbol) != -1): null

2019-08-15 16:27:33 - [TEST_STEP][PASSED] - if (i == 4 &amp;&amp; wildList.indexOf(symbol) != -1): null

2019-08-15 16:27:33 - [TEST_STEP][PASSED] - symbol = symbol: null

2019-08-15 16:27:33 - [TEST_STEP][PASSED] - println(symbol): null

2019-08-15 16:27:33 - [TEST_STEP][PASSED] - if (i == 2 &amp;&amp; wildList.indexOf(symbol) != -1): null

2019-08-15 16:27:33 - [TEST_STEP][PASSED] - if (i == 3 &amp;&amp; wildList.indexOf(symbol) != -1): null

2019-08-15 16:27:33 - [TEST_STEP][PASSED] - if (i == 4 &amp;&amp; wildList.indexOf(symbol) != -1): null

2019-08-15 16:27:33 - [TEST_STEP][PASSED] - free_spin_reel_counter = free_spin_reel_counter: null

2019-08-15 16:27:33 - [TEST_STEP][PASSED] - println("reel 3 wild found: " + free_spin_reel_counter[0]): null

2019-08-15 16:27:33 - [TEST_STEP][PASSED] - println("reel 4 wild found: " + free_spin_reel_counter[1]): null

2019-08-15 16:27:33 - [TEST_STEP][PASSED] - println("reel 5 wild found: " + free_spin_reel_counter[2]): null

2019-08-15 16:27:33 - [TEST_STEP][PASSED] - M4_spin_reels = M4_spin_reels: null

2019-08-15 16:27:33 - [TEST_STEP][PASSED] - M4_spin_reels_symbols = symbol: null

2019-08-15 16:27:33 - [TEST_STEP][PASSED] - M4_spin_reels_symbols = M4_spin_reels_symbols: null

2019-08-15 16:27:33 - [TEST_STEP][PASSED] - M4_spin_reel_wins = reel_wins: null

2019-08-15 16:27:33 - [TEST_STEP][PASSED] - M4_spin_reel_wins = M4_spin_reel_wins: null

2019-08-15 16:27:33 - [TEST_STEP][PASSED] - println("GlobalVariable.M4_spin_reel_wins is: " + M4_spin_reel_wins): null

2019-08-15 16:27:33 - [TEST_STEP][PASSED] - M4_spin_total_bonus_win_this_round = total_bonus_win_this_round: null

2019-08-15 16:27:33 - [TEST_STEP][PASSED] - M4_spin_total_bonus_win_this_round = M4_spin_total_bonus_win_this_round: null

2019-08-15 16:27:33 - [TEST_STEP][PASSED] - println("GlobalVariable.M4_spin_total_bonus_win_this_round is: " + M4_spin_total_bonus_win_this_round): null

2019-08-15 16:27:33 - [MESSAGE][PASSED] - Verify response successfully

2019-08-15 16:27:33 - [MESSAGE][PASSED] - Send request and verify the response successfully

2019-08-15 16:27:33 - [TEST_STEP][PASSED] - if (M4_total_bonus_spins_int != 0 &amp;&amp; M4_spin_reels_symbols[2].contains("WILD_Normal") || M4_spin_reels_symbols[3].contains("WILD_Normal") || M4_spin_reels_symbols[4].contains("WILD_Normal")): null

2019-08-15 16:27:33 - [TEST_STEP][PASSED] - free_spin_reel_counter = free_spin_reel_counter: null

2019-08-15 16:27:33 - [TEST_STEP][PASSED] - M4_spin_reels_symbols = M4_spin_reels_symbols: null

2019-08-15 16:27:33 - [TEST_STEP][PASSED] - M4_total_bonus_spins = M4_total_bonus_spins: null

2019-08-15 16:27:33 - [TEST_STEP][PASSED] - spin_result = sendRequestAndVerify(findTestObject("STG/RGS(M4)/1_M4_spin", ["M4_login_user_id":M4_login_user_id, "rgs_session_token":rgs_session_token, "partner":Partner])): Send request and verify the response successfully

2019-08-15 16:27:34 - [TEST_CASE][PASSED] - Start Test Case : Verification: Verification accomplished successfully

2019-08-15 16:27:34 - [TEST_STEP][PASSED] - request = getInstance().getCurrentRequest(): null

2019-08-15 16:27:34 - [TEST_STEP][PASSED] - response = getInstance().getCurrentResponse(): null

2019-08-15 16:27:34 - [TEST_STEP][PASSED] - verifyResponseStatusCode(response, 200): Verify response status code successfully

2019-08-15 16:27:34 - [MESSAGE][PASSED] - Verify response status code successfully

2019-08-15 16:27:34 - [TEST_STEP][PASSED] - getStatusCode()).isEqualTo(200): null

2019-08-15 16:27:34 - [TEST_STEP][PASSED] - newline = System.getProperty("line.separator"): null

2019-08-15 16:27:34 - [TEST_STEP][PASSED] - M4_spin = new groovy.json.JsonSlurper(): null

2019-08-15 16:27:34 - [TEST_STEP][PASSED] - result_M4_spin = M4_spin.parseText(response.getResponseBodyContent()): null

2019-08-15 16:27:34 - [TEST_STEP][PASSED] - M4_spin_current_balance = current_balance: null

2019-08-15 16:27:34 - [TEST_STEP][PASSED] - M4_spin_current_balance = M4_spin_current_balance: null

2019-08-15 16:27:34 - [TEST_STEP][PASSED] - M4_spin_transaction_id = causality: null

2019-08-15 16:27:34 - [TEST_STEP][PASSED] - M4_spin_transaction_id = M4_spin_transaction_id: null

2019-08-15 16:27:34 - [TEST_STEP][PASSED] - M4_spin_round_id = round_id: null

2019-08-15 16:27:34 - [TEST_STEP][PASSED] - M4_spin_round_id = M4_spin_round_id: null

2019-08-15 16:27:34 - [TEST_STEP][PASSED] - M4_spin_line_wins = line_wins: null

2019-08-15 16:27:34 - [TEST_STEP][PASSED] - M4_spin_line_wins = M4_spin_line_wins: null

2019-08-15 16:27:34 - [TEST_STEP][PASSED] - M4_total_bonus_spins_int = total_bonus_spins: null

2019-08-15 16:27:34 - [TEST_STEP][PASSED] - println("******M4_total_bonus_spins type is:*******" + newline + getClass().getName()): null

2019-08-15 16:27:34 - [TEST_STEP][PASSED] - M4_total_bonus_spins_int = M4_total_bonus_spins_int: null

2019-08-15 16:27:34 - [TEST_STEP][PASSED] - M4_total_bonus_spins = Integer.toString(M4_total_bonus_spins_int): null

2019-08-15 16:27:34 - [TEST_STEP][PASSED] - M4_total_bonus_spins = M4_total_bonus_spins: null

2019-08-15 16:27:34 - [TEST_STEP][PASSED] - println("M4_total_bonus_spins is:" + M4_total_bonus_spins): null

2019-08-15 16:27:34 - [TEST_STEP][PASSED] - M4_spin_bonus_data = bonus_data: null

2019-08-15 16:27:34 - [TEST_STEP][PASSED] - M4_spin_features_triggered = result_M4_spin: null

2019-08-15 16:27:34 - [TEST_STEP][PASSED] - wild = []: null

2019-08-15 16:27:34 - [TEST_STEP][PASSED] - wild[0] = "WILD_Expanding": null

2019-08-15 16:27:34 - [TEST_STEP][PASSED] - wild[1] = "WILD_Normal": null

2019-08-15 16:27:34 - [TEST_STEP][PASSED] - wild[2] = "WILD_Double": null

2019-08-15 16:27:34 - [TEST_STEP][PASSED] - wild[3] = "WILD_ExtraFG": null

2019-08-15 16:27:34 - [TEST_STEP][PASSED] - wild[4] = "WILD_Triple": null

2019-08-15 16:27:34 - [TEST_STEP][PASSED] - wildList = Arrays.asList(wild): null

2019-08-15 16:27:34 - [TEST_STEP][PASSED] - wildList = wildList: null

2019-08-15 16:27:34 - [TEST_STEP][PASSED] - free_spin_reel_counter = []: null

2019-08-15 16:27:34 - [TEST_STEP][PASSED] - free_spin_reel_counter[0] = 0: null

2019-08-15 16:27:34 - [TEST_STEP][PASSED] - free_spin_reel_counter[1] = 0: null

2019-08-15 16:27:34 - [TEST_STEP][PASSED] - free_spin_reel_counter[2] = 0: null

2019-08-15 16:27:34 - [TEST_STEP][PASSED] - M4_spin_reels = reels: null

2019-08-15 16:27:34 - [TEST_STEP][PASSED] - for ([i = 0, i &lt; M4_spin_reels.size(), (i++)]): null

2019-08-15 16:27:34 - [TEST_STEP][PASSED] - symbols = symbols: null

2019-08-15 16:27:34 - [TEST_STEP][PASSED] - for ([j = 0, j &lt; symbols.size(), (j++)]): null

2019-08-15 16:27:34 - [TEST_STEP][PASSED] - symbol = symbol: null

2019-08-15 16:27:34 - [TEST_STEP][PASSED] - println(symbol): null

2019-08-15 16:27:34 - [TEST_STEP][PASSED] - if (i == 2 &amp;&amp; wildList.indexOf(symbol) != -1): null

2019-08-15 16:27:34 - [TEST_STEP][PASSED] - if (i == 3 &amp;&amp; wildList.indexOf(symbol) != -1): null

2019-08-15 16:27:34 - [TEST_STEP][PASSED] - if (i == 4 &amp;&amp; wildList.indexOf(symbol) != -1): null

2019-08-15 16:27:34 - [TEST_STEP][PASSED] - symbol = symbol: null

2019-08-15 16:27:34 - [TEST_STEP][PASSED] - println(symbol): null

2019-08-15 16:27:34 - [TEST_STEP][PASSED] - if (i == 2 &amp;&amp; wildList.indexOf(symbol) != -1): null

2019-08-15 16:27:34 - [TEST_STEP][PASSED] - if (i == 3 &amp;&amp; wildList.indexOf(symbol) != -1): null

2019-08-15 16:27:34 - [TEST_STEP][PASSED] - if (i == 4 &amp;&amp; wildList.indexOf(symbol) != -1): null

2019-08-15 16:27:34 - [TEST_STEP][PASSED] - symbol = symbol: null

2019-08-15 16:27:34 - [TEST_STEP][PASSED] - println(symbol): null

2019-08-15 16:27:34 - [TEST_STEP][PASSED] - if (i == 2 &amp;&amp; wildList.indexOf(symbol) != -1): null

2019-08-15 16:27:34 - [TEST_STEP][PASSED] - if (i == 3 &amp;&amp; wildList.indexOf(symbol) != -1): null

2019-08-15 16:27:34 - [TEST_STEP][PASSED] - if (i == 4 &amp;&amp; wildList.indexOf(symbol) != -1): null

2019-08-15 16:27:34 - [TEST_STEP][PASSED] - symbols = symbols: null

2019-08-15 16:27:34 - [TEST_STEP][PASSED] - for ([j = 0, j &lt; symbols.size(), (j++)]): null

2019-08-15 16:27:34 - [TEST_STEP][PASSED] - symbol = symbol: null

2019-08-15 16:27:34 - [TEST_STEP][PASSED] - println(symbol): null

2019-08-15 16:27:34 - [TEST_STEP][PASSED] - if (i == 2 &amp;&amp; wildList.indexOf(symbol) != -1): null

2019-08-15 16:27:34 - [TEST_STEP][PASSED] - if (i == 3 &amp;&amp; wildList.indexOf(symbol) != -1): null

2019-08-15 16:27:34 - [TEST_STEP][PASSED] - if (i == 4 &amp;&amp; wildList.indexOf(symbol) != -1): null

2019-08-15 16:27:34 - [TEST_STEP][PASSED] - symbol = symbol: null

2019-08-15 16:27:34 - [TEST_STEP][PASSED] - println(symbol): null

2019-08-15 16:27:34 - [TEST_STEP][PASSED] - if (i == 2 &amp;&amp; wildList.indexOf(symbol) != -1): null

2019-08-15 16:27:34 - [TEST_STEP][PASSED] - if (i == 3 &amp;&amp; wildList.indexOf(symbol) != -1): null

2019-08-15 16:27:34 - [TEST_STEP][PASSED] - if (i == 4 &amp;&amp; wildList.indexOf(symbol) != -1): null

2019-08-15 16:27:34 - [TEST_STEP][PASSED] - symbol = symbol: null

2019-08-15 16:27:34 - [TEST_STEP][PASSED] - println(symbol): null

2019-08-15 16:27:34 - [TEST_STEP][PASSED] - if (i == 2 &amp;&amp; wildList.indexOf(symbol) != -1): null

2019-08-15 16:27:34 - [TEST_STEP][PASSED] - if (i == 3 &amp;&amp; wildList.indexOf(symbol) != -1): null

2019-08-15 16:27:34 - [TEST_STEP][PASSED] - if (i == 4 &amp;&amp; wildList.indexOf(symbol) != -1): null

2019-08-15 16:27:34 - [TEST_STEP][PASSED] - symbols = symbols: null

2019-08-15 16:27:34 - [TEST_STEP][PASSED] - for ([j = 0, j &lt; symbols.size(), (j++)]): null

2019-08-15 16:27:34 - [TEST_STEP][PASSED] - symbol = symbol: null

2019-08-15 16:27:34 - [TEST_STEP][PASSED] - println(symbol): null

2019-08-15 16:27:34 - [TEST_STEP][PASSED] - if (i == 2 &amp;&amp; wildList.indexOf(symbol) != -1): null

2019-08-15 16:27:34 - [TEST_STEP][PASSED] - println("wild found on reel 3, adding counter by 1"): null

2019-08-15 16:27:34 - [TEST_STEP][PASSED] - free_spin_reel_counter[0] = free_spin_reel_counter[0] + 1: null

2019-08-15 16:27:34 - [TEST_STEP][PASSED] - if (i == 3 &amp;&amp; wildList.indexOf(symbol) != -1): null

2019-08-15 16:27:34 - [TEST_STEP][PASSED] - if (i == 4 &amp;&amp; wildList.indexOf(symbol) != -1): null

2019-08-15 16:27:34 - [TEST_STEP][PASSED] - symbol = symbol: null

2019-08-15 16:27:34 - [TEST_STEP][PASSED] - println(symbol): null

2019-08-15 16:27:34 - [TEST_STEP][PASSED] - if (i == 2 &amp;&amp; wildList.indexOf(symbol) != -1): null

2019-08-15 16:27:34 - [TEST_STEP][PASSED] - if (i == 3 &amp;&amp; wildList.indexOf(symbol) != -1): null

2019-08-15 16:27:34 - [TEST_STEP][PASSED] - if (i == 4 &amp;&amp; wildList.indexOf(symbol) != -1): null

2019-08-15 16:27:34 - [TEST_STEP][PASSED] - symbol = symbol: null

2019-08-15 16:27:34 - [TEST_STEP][PASSED] - println(symbol): null

2019-08-15 16:27:34 - [TEST_STEP][PASSED] - if (i == 2 &amp;&amp; wildList.indexOf(symbol) != -1): null

2019-08-15 16:27:34 - [TEST_STEP][PASSED] - if (i == 3 &amp;&amp; wildList.indexOf(symbol) != -1): null

2019-08-15 16:27:34 - [TEST_STEP][PASSED] - if (i == 4 &amp;&amp; wildList.indexOf(symbol) != -1): null

2019-08-15 16:27:34 - [TEST_STEP][PASSED] - symbols = symbols: null

2019-08-15 16:27:34 - [TEST_STEP][PASSED] - for ([j = 0, j &lt; symbols.size(), (j++)]): null

2019-08-15 16:27:34 - [TEST_STEP][PASSED] - symbol = symbol: null

2019-08-15 16:27:34 - [TEST_STEP][PASSED] - println(symbol): null

2019-08-15 16:27:34 - [TEST_STEP][PASSED] - if (i == 2 &amp;&amp; wildList.indexOf(symbol) != -1): null

2019-08-15 16:27:34 - [TEST_STEP][PASSED] - if (i == 3 &amp;&amp; wildList.indexOf(symbol) != -1): null

2019-08-15 16:27:34 - [TEST_STEP][PASSED] - if (i == 4 &amp;&amp; wildList.indexOf(symbol) != -1): null

2019-08-15 16:27:34 - [TEST_STEP][PASSED] - symbol = symbol: null

2019-08-15 16:27:34 - [TEST_STEP][PASSED] - println(symbol): null

2019-08-15 16:27:34 - [TEST_STEP][PASSED] - if (i == 2 &amp;&amp; wildList.indexOf(symbol) != -1): null

2019-08-15 16:27:34 - [TEST_STEP][PASSED] - if (i == 3 &amp;&amp; wildList.indexOf(symbol) != -1): null

2019-08-15 16:27:34 - [TEST_STEP][PASSED] - if (i == 4 &amp;&amp; wildList.indexOf(symbol) != -1): null

2019-08-15 16:27:34 - [TEST_STEP][PASSED] - symbol = symbol: null

2019-08-15 16:27:34 - [TEST_STEP][PASSED] - println(symbol): null

2019-08-15 16:27:34 - [TEST_STEP][PASSED] - if (i == 2 &amp;&amp; wildList.indexOf(symbol) != -1): null

2019-08-15 16:27:34 - [TEST_STEP][PASSED] - if (i == 3 &amp;&amp; wildList.indexOf(symbol) != -1): null

2019-08-15 16:27:34 - [TEST_STEP][PASSED] - if (i == 4 &amp;&amp; wildList.indexOf(symbol) != -1): null

2019-08-15 16:27:34 - [TEST_STEP][PASSED] - symbols = symbols: null

2019-08-15 16:27:34 - [TEST_STEP][PASSED] - for ([j = 0, j &lt; symbols.size(), (j++)]): null

2019-08-15 16:27:34 - [TEST_STEP][PASSED] - symbol = symbol: null

2019-08-15 16:27:34 - [TEST_STEP][PASSED] - println(symbol): null

2019-08-15 16:27:34 - [TEST_STEP][PASSED] - if (i == 2 &amp;&amp; wildList.indexOf(symbol) != -1): null

2019-08-15 16:27:34 - [TEST_STEP][PASSED] - if (i == 3 &amp;&amp; wildList.indexOf(symbol) != -1): null

2019-08-15 16:27:34 - [TEST_STEP][PASSED] - if (i == 4 &amp;&amp; wildList.indexOf(symbol) != -1): null

2019-08-15 16:27:34 - [TEST_STEP][PASSED] - symbol = symbol: null

2019-08-15 16:27:34 - [TEST_STEP][PASSED] - println(symbol): null

2019-08-15 16:27:34 - [TEST_STEP][PASSED] - if (i == 2 &amp;&amp; wildList.indexOf(symbol) != -1): null

2019-08-15 16:27:34 - [TEST_STEP][PASSED] - if (i == 3 &amp;&amp; wildList.indexOf(symbol) != -1): null

2019-08-15 16:27:34 - [TEST_STEP][PASSED] - if (i == 4 &amp;&amp; wildList.indexOf(symbol) != -1): null

2019-08-15 16:27:34 - [TEST_STEP][PASSED] - symbol = symbol: null

2019-08-15 16:27:34 - [TEST_STEP][PASSED] - println(symbol): null

2019-08-15 16:27:34 - [TEST_STEP][PASSED] - if (i == 2 &amp;&amp; wildList.indexOf(symbol) != -1): null

2019-08-15 16:27:34 - [TEST_STEP][PASSED] - if (i == 3 &amp;&amp; wildList.indexOf(symbol) != -1): null

2019-08-15 16:27:34 - [TEST_STEP][PASSED] - if (i == 4 &amp;&amp; wildList.indexOf(symbol) != -1): null

2019-08-15 16:27:34 - [TEST_STEP][PASSED] - free_spin_reel_counter = free_spin_reel_counter: null

2019-08-15 16:27:34 - [TEST_STEP][PASSED] - println("reel 3 wild found: " + free_spin_reel_counter[0]): null

2019-08-15 16:27:34 - [TEST_STEP][PASSED] - println("reel 4 wild found: " + free_spin_reel_counter[1]): null

2019-08-15 16:27:34 - [TEST_STEP][PASSED] - println("reel 5 wild found: " + free_spin_reel_counter[2]): null

2019-08-15 16:27:34 - [TEST_STEP][PASSED] - M4_spin_reels = M4_spin_reels: null

2019-08-15 16:27:34 - [TEST_STEP][PASSED] - M4_spin_reels_symbols = symbol: null

2019-08-15 16:27:34 - [TEST_STEP][PASSED] - M4_spin_reels_symbols = M4_spin_reels_symbols: null

2019-08-15 16:27:34 - [TEST_STEP][PASSED] - M4_spin_reel_wins = reel_wins: null

2019-08-15 16:27:34 - [TEST_STEP][PASSED] - M4_spin_reel_wins = M4_spin_reel_wins: null

2019-08-15 16:27:39 - [TEST_STEP][PASSED] - println("GlobalVariable.M4_spin_reel_wins is: " + M4_spin_reel_wins): null

2019-08-15 16:27:39 - [TEST_STEP][PASSED] - M4_spin_total_bonus_win_this_round = total_bonus_win_this_round: null

2019-08-15 16:27:39 - [TEST_STEP][PASSED] - M4_spin_total_bonus_win_this_round = M4_spin_total_bonus_win_this_round: null

2019-08-15 16:27:39 - [TEST_STEP][PASSED] - println("GlobalVariable.M4_spin_total_bonus_win_this_round is: " + M4_spin_total_bonus_win_this_round): null

2019-08-15 16:27:39 - [MESSAGE][PASSED] - Verify response successfully

2019-08-15 16:27:39 - [MESSAGE][PASSED] - Send request and verify the response successfully

2019-08-15 16:27:39 - [TEST_STEP][PASSED] - if (M4_total_bonus_spins_int != 0 &amp;&amp; M4_spin_reels_symbols[2].contains("WILD_Normal") || M4_spin_reels_symbols[3].contains("WILD_Normal") || M4_spin_reels_symbols[4].contains("WILD_Normal")): null

2019-08-15 16:27:39 - [TEST_STEP][PASSED] - free_spin_reel_counter = free_spin_reel_counter: null

2019-08-15 16:27:40 - [TEST_STEP][PASSED] - M4_spin_reels_symbols = M4_spin_reels_symbols: null

2019-08-15 16:27:40 - [TEST_STEP][PASSED] - M4_total_bonus_spins = M4_total_bonus_spins: null

2019-08-15 16:27:40 - [TEST_STEP][PASSED] - spin_result = sendRequestAndVerify(findTestObject("STG/RGS(M4)/1_M4_spin", ["M4_login_user_id":M4_login_user_id, "rgs_session_token":rgs_session_token, "partner":Partner])): Send request and verify the response successfully

2019-08-15 16:27:40 - [TEST_CASE][PASSED] - Start Test Case : Verification: Verification accomplished successfully

2019-08-15 16:27:40 - [TEST_STEP][PASSED] - request = getInstance().getCurrentRequest(): null

2019-08-15 16:27:40 - [TEST_STEP][PASSED] - response = getInstance().getCurrentResponse(): null

2019-08-15 16:27:40 - [TEST_STEP][PASSED] - verifyResponseStatusCode(response, 200): Verify response status code successfully

2019-08-15 16:27:40 - [MESSAGE][PASSED] - Verify response status code successfully

2019-08-15 16:27:40 - [TEST_STEP][PASSED] - getStatusCode()).isEqualTo(200): null

2019-08-15 16:27:40 - [TEST_STEP][PASSED] - newline = System.getProperty("line.separator"): null

2019-08-15 16:27:40 - [TEST_STEP][PASSED] - M4_spin = new groovy.json.JsonSlurper(): null

2019-08-15 16:27:40 - [TEST_STEP][PASSED] - result_M4_spin = M4_spin.parseText(response.getResponseBodyContent()): null

2019-08-15 16:27:40 - [TEST_STEP][PASSED] - M4_spin_current_balance = current_balance: null

2019-08-15 16:27:40 - [TEST_STEP][PASSED] - M4_spin_current_balance = M4_spin_current_balance: null

2019-08-15 16:27:40 - [TEST_STEP][PASSED] - M4_spin_transaction_id = causality: null

2019-08-15 16:27:40 - [TEST_STEP][PASSED] - M4_spin_transaction_id = M4_spin_transaction_id: null

2019-08-15 16:27:40 - [TEST_STEP][PASSED] - M4_spin_round_id = round_id: null

2019-08-15 16:27:40 - [TEST_STEP][PASSED] - M4_spin_round_id = M4_spin_round_id: null

2019-08-15 16:27:40 - [TEST_STEP][PASSED] - M4_spin_line_wins = line_wins: null

2019-08-15 16:27:40 - [TEST_STEP][PASSED] - M4_spin_line_wins = M4_spin_line_wins: null

2019-08-15 16:27:40 - [TEST_STEP][PASSED] - M4_total_bonus_spins_int = total_bonus_spins: null

2019-08-15 16:27:40 - [TEST_STEP][PASSED] - println("******M4_total_bonus_spins type is:*******" + newline + getClass().getName()): null

2019-08-15 16:27:40 - [TEST_STEP][PASSED] - M4_total_bonus_spins_int = M4_total_bonus_spins_int: null

2019-08-15 16:27:40 - [TEST_STEP][PASSED] - M4_total_bonus_spins = Integer.toString(M4_total_bonus_spins_int): null

2019-08-15 16:27:40 - [TEST_STEP][PASSED] - M4_total_bonus_spins = M4_total_bonus_spins: null

2019-08-15 16:27:40 - [TEST_STEP][PASSED] - println("M4_total_bonus_spins is:" + M4_total_bonus_spins): null

2019-08-15 16:27:40 - [TEST_STEP][PASSED] - M4_spin_bonus_data = bonus_data: null

2019-08-15 16:27:40 - [TEST_STEP][PASSED] - M4_spin_features_triggered = result_M4_spin: null

2019-08-15 16:27:40 - [TEST_STEP][PASSED] - wild = []: null

2019-08-15 16:27:40 - [TEST_STEP][PASSED] - wild[0] = "WILD_Expanding": null

2019-08-15 16:27:40 - [TEST_STEP][PASSED] - wild[1] = "WILD_Normal": null

2019-08-15 16:27:40 - [TEST_STEP][PASSED] - wild[2] = "WILD_Double": null

2019-08-15 16:27:40 - [TEST_STEP][PASSED] - wild[3] = "WILD_ExtraFG": null

2019-08-15 16:27:40 - [TEST_STEP][PASSED] - wild[4] = "WILD_Triple": null

2019-08-15 16:27:40 - [TEST_STEP][PASSED] - wildList = Arrays.asList(wild): null

2019-08-15 16:27:40 - [TEST_STEP][PASSED] - wildList = wildList: null

2019-08-15 16:27:40 - [TEST_STEP][PASSED] - free_spin_reel_counter = []: null

2019-08-15 16:27:40 - [TEST_STEP][PASSED] - free_spin_reel_counter[0] = 0: null

2019-08-15 16:27:40 - [TEST_STEP][PASSED] - free_spin_reel_counter[1] = 0: null

2019-08-15 16:27:40 - [TEST_STEP][PASSED] - free_spin_reel_counter[2] = 0: null

2019-08-15 16:27:40 - [TEST_STEP][PASSED] - M4_spin_reels = reels: null

2019-08-15 16:27:40 - [TEST_STEP][PASSED] - for ([i = 0, i &lt; M4_spin_reels.size(), (i++)]): null

2019-08-15 16:27:40 - [TEST_STEP][PASSED] - symbols = symbols: null

2019-08-15 16:27:40 - [TEST_STEP][PASSED] - for ([j = 0, j &lt; symbols.size(), (j++)]): null

2019-08-15 16:27:40 - [TEST_STEP][PASSED] - symbol = symbol: null

2019-08-15 16:27:40 - [TEST_STEP][PASSED] - println(symbol): null

2019-08-15 16:27:40 - [TEST_STEP][PASSED] - if (i == 2 &amp;&amp; wildList.indexOf(symbol) != -1): null

2019-08-15 16:27:40 - [TEST_STEP][PASSED] - if (i == 3 &amp;&amp; wildList.indexOf(symbol) != -1): null

2019-08-15 16:27:40 - [TEST_STEP][PASSED] - if (i == 4 &amp;&amp; wildList.indexOf(symbol) != -1): null

2019-08-15 16:27:40 - [TEST_STEP][PASSED] - symbol = symbol: null

2019-08-15 16:27:40 - [TEST_STEP][PASSED] - println(symbol): null

2019-08-15 16:27:40 - [TEST_STEP][PASSED] - if (i == 2 &amp;&amp; wildList.indexOf(symbol) != -1): null

2019-08-15 16:27:40 - [TEST_STEP][PASSED] - if (i == 3 &amp;&amp; wildList.indexOf(symbol) != -1): null

2019-08-15 16:27:40 - [TEST_STEP][PASSED] - if (i == 4 &amp;&amp; wildList.indexOf(symbol) != -1): null

2019-08-15 16:27:40 - [TEST_STEP][PASSED] - symbol = symbol: null

2019-08-15 16:27:40 - [TEST_STEP][PASSED] - println(symbol): null

2019-08-15 16:27:40 - [TEST_STEP][PASSED] - if (i == 2 &amp;&amp; wildList.indexOf(symbol) != -1): null

2019-08-15 16:27:40 - [TEST_STEP][PASSED] - if (i == 3 &amp;&amp; wildList.indexOf(symbol) != -1): null

2019-08-15 16:27:40 - [TEST_STEP][PASSED] - if (i == 4 &amp;&amp; wildList.indexOf(symbol) != -1): null

2019-08-15 16:27:40 - [TEST_STEP][PASSED] - symbols = symbols: null

2019-08-15 16:27:40 - [TEST_STEP][PASSED] - for ([j = 0, j &lt; symbols.size(), (j++)]): null

2019-08-15 16:27:40 - [TEST_STEP][PASSED] - symbol = symbol: null

2019-08-15 16:27:40 - [TEST_STEP][PASSED] - println(symbol): null

2019-08-15 16:27:40 - [TEST_STEP][PASSED] - if (i == 2 &amp;&amp; wildList.indexOf(symbol) != -1): null

2019-08-15 16:27:40 - [TEST_STEP][PASSED] - if (i == 3 &amp;&amp; wildList.indexOf(symbol) != -1): null

2019-08-15 16:27:40 - [TEST_STEP][PASSED] - if (i == 4 &amp;&amp; wildList.indexOf(symbol) != -1): null

2019-08-15 16:27:40 - [TEST_STEP][PASSED] - symbol = symbol: null

2019-08-15 16:27:40 - [TEST_STEP][PASSED] - println(symbol): null

2019-08-15 16:27:40 - [TEST_STEP][PASSED] - if (i == 2 &amp;&amp; wildList.indexOf(symbol) != -1): null

2019-08-15 16:27:40 - [TEST_STEP][PASSED] - if (i == 3 &amp;&amp; wildList.indexOf(symbol) != -1): null

2019-08-15 16:27:40 - [TEST_STEP][PASSED] - if (i == 4 &amp;&amp; wildList.indexOf(symbol) != -1): null

2019-08-15 16:27:40 - [TEST_STEP][PASSED] - symbol = symbol: null

2019-08-15 16:27:40 - [TEST_STEP][PASSED] - println(symbol): null

2019-08-15 16:27:40 - [TEST_STEP][PASSED] - if (i == 2 &amp;&amp; wildList.indexOf(symbol) != -1): null

2019-08-15 16:27:40 - [TEST_STEP][PASSED] - if (i == 3 &amp;&amp; wildList.indexOf(symbol) != -1): null

2019-08-15 16:27:40 - [TEST_STEP][PASSED] - if (i == 4 &amp;&amp; wildList.indexOf(symbol) != -1): null

2019-08-15 16:27:40 - [TEST_STEP][PASSED] - symbols = symbols: null

2019-08-15 16:27:40 - [TEST_STEP][PASSED] - for ([j = 0, j &lt; symbols.size(), (j++)]): null

2019-08-15 16:27:40 - [TEST_STEP][PASSED] - symbol = symbol: null

2019-08-15 16:27:40 - [TEST_STEP][PASSED] - println(symbol): null

2019-08-15 16:27:40 - [TEST_STEP][PASSED] - if (i == 2 &amp;&amp; wildList.indexOf(symbol) != -1): null

2019-08-15 16:27:40 - [TEST_STEP][PASSED] - if (i == 3 &amp;&amp; wildList.indexOf(symbol) != -1): null

2019-08-15 16:27:40 - [TEST_STEP][PASSED] - if (i == 4 &amp;&amp; wildList.indexOf(symbol) != -1): null

2019-08-15 16:27:40 - [TEST_STEP][PASSED] - symbol = symbol: null

2019-08-15 16:27:40 - [TEST_STEP][PASSED] - println(symbol): null

2019-08-15 16:27:40 - [TEST_STEP][PASSED] - if (i == 2 &amp;&amp; wildList.indexOf(symbol) != -1): null

2019-08-15 16:27:40 - [TEST_STEP][PASSED] - if (i == 3 &amp;&amp; wildList.indexOf(symbol) != -1): null

2019-08-15 16:27:40 - [TEST_STEP][PASSED] - if (i == 4 &amp;&amp; wildList.indexOf(symbol) != -1): null

2019-08-15 16:27:40 - [TEST_STEP][PASSED] - symbol = symbol: null

2019-08-15 16:27:40 - [TEST_STEP][PASSED] - println(symbol): null

2019-08-15 16:27:40 - [TEST_STEP][PASSED] - if (i == 2 &amp;&amp; wildList.indexOf(symbol) != -1): null

2019-08-15 16:27:40 - [TEST_STEP][PASSED] - if (i == 3 &amp;&amp; wildList.indexOf(symbol) != -1): null

2019-08-15 16:27:40 - [TEST_STEP][PASSED] - if (i == 4 &amp;&amp; wildList.indexOf(symbol) != -1): null

2019-08-15 16:27:40 - [TEST_STEP][PASSED] - symbols = symbols: null

2019-08-15 16:27:40 - [TEST_STEP][PASSED] - for ([j = 0, j &lt; symbols.size(), (j++)]): null

2019-08-15 16:27:40 - [TEST_STEP][PASSED] - symbol = symbol: null

2019-08-15 16:27:40 - [TEST_STEP][PASSED] - println(symbol): null

2019-08-15 16:27:40 - [TEST_STEP][PASSED] - if (i == 2 &amp;&amp; wildList.indexOf(symbol) != -1): null

2019-08-15 16:27:40 - [TEST_STEP][PASSED] - if (i == 3 &amp;&amp; wildList.indexOf(symbol) != -1): null

2019-08-15 16:27:40 - [TEST_STEP][PASSED] - if (i == 4 &amp;&amp; wildList.indexOf(symbol) != -1): null

2019-08-15 16:27:40 - [TEST_STEP][PASSED] - symbol = symbol: null

2019-08-15 16:27:40 - [TEST_STEP][PASSED] - println(symbol): null

2019-08-15 16:27:40 - [TEST_STEP][PASSED] - if (i == 2 &amp;&amp; wildList.indexOf(symbol) != -1): null

2019-08-15 16:27:40 - [TEST_STEP][PASSED] - if (i == 3 &amp;&amp; wildList.indexOf(symbol) != -1): null

2019-08-15 16:27:40 - [TEST_STEP][PASSED] - if (i == 4 &amp;&amp; wildList.indexOf(symbol) != -1): null

2019-08-15 16:27:40 - [TEST_STEP][PASSED] - symbol = symbol: null

2019-08-15 16:27:40 - [TEST_STEP][PASSED] - println(symbol): null

2019-08-15 16:27:40 - [TEST_STEP][PASSED] - if (i == 2 &amp;&amp; wildList.indexOf(symbol) != -1): null

2019-08-15 16:27:40 - [TEST_STEP][PASSED] - if (i == 3 &amp;&amp; wildList.indexOf(symbol) != -1): null

2019-08-15 16:27:40 - [TEST_STEP][PASSED] - if (i == 4 &amp;&amp; wildList.indexOf(symbol) != -1): null

2019-08-15 16:27:40 - [TEST_STEP][PASSED] - symbols = symbols: null

2019-08-15 16:27:40 - [TEST_STEP][PASSED] - for ([j = 0, j &lt; symbols.size(), (j++)]): null

2019-08-15 16:27:40 - [TEST_STEP][PASSED] - symbol = symbol: null

2019-08-15 16:27:40 - [TEST_STEP][PASSED] - println(symbol): null

2019-08-15 16:27:40 - [TEST_STEP][PASSED] - if (i == 2 &amp;&amp; wildList.indexOf(symbol) != -1): null

2019-08-15 16:27:40 - [TEST_STEP][PASSED] - if (i == 3 &amp;&amp; wildList.indexOf(symbol) != -1): null

2019-08-15 16:27:40 - [TEST_STEP][PASSED] - if (i == 4 &amp;&amp; wildList.indexOf(symbol) != -1): null

2019-08-15 16:27:40 - [TEST_STEP][PASSED] - symbol = symbol: null

2019-08-15 16:27:40 - [TEST_STEP][PASSED] - println(symbol): null

2019-08-15 16:27:40 - [TEST_STEP][PASSED] - if (i == 2 &amp;&amp; wildList.indexOf(symbol) != -1): null

2019-08-15 16:27:40 - [TEST_STEP][PASSED] - if (i == 3 &amp;&amp; wildList.indexOf(symbol) != -1): null

2019-08-15 16:27:40 - [TEST_STEP][PASSED] - if (i == 4 &amp;&amp; wildList.indexOf(symbol) != -1): null

2019-08-15 16:27:40 - [TEST_STEP][PASSED] - symbol = symbol: null

2019-08-15 16:27:40 - [TEST_STEP][PASSED] - println(symbol): null

2019-08-15 16:27:40 - [TEST_STEP][PASSED] - if (i == 2 &amp;&amp; wildList.indexOf(symbol) != -1): null

2019-08-15 16:27:40 - [TEST_STEP][PASSED] - if (i == 3 &amp;&amp; wildList.indexOf(symbol) != -1): null

2019-08-15 16:27:40 - [TEST_STEP][PASSED] - if (i == 4 &amp;&amp; wildList.indexOf(symbol) != -1): null

2019-08-15 16:27:40 - [TEST_STEP][PASSED] - free_spin_reel_counter = free_spin_reel_counter: null

2019-08-15 16:27:40 - [TEST_STEP][PASSED] - println("reel 3 wild found: " + free_spin_reel_counter[0]): null

2019-08-15 16:27:40 - [TEST_STEP][PASSED] - println("reel 4 wild found: " + free_spin_reel_counter[1]): null

2019-08-15 16:27:40 - [TEST_STEP][PASSED] - println("reel 5 wild found: " + free_spin_reel_counter[2]): null

2019-08-15 16:27:40 - [TEST_STEP][PASSED] - M4_spin_reels = M4_spin_reels: null

2019-08-15 16:27:40 - [TEST_STEP][PASSED] - M4_spin_reels_symbols = symbol: null

2019-08-15 16:27:40 - [TEST_STEP][PASSED] - M4_spin_reels_symbols = M4_spin_reels_symbols: null

2019-08-15 16:27:40 - [TEST_STEP][PASSED] - M4_spin_reel_wins = reel_wins: null

2019-08-15 16:27:40 - [TEST_STEP][PASSED] - M4_spin_reel_wins = M4_spin_reel_wins: null

2019-08-15 16:27:40 - [TEST_STEP][PASSED] - println("GlobalVariable.M4_spin_reel_wins is: " + M4_spin_reel_wins): null

2019-08-15 16:27:40 - [TEST_STEP][PASSED] - M4_spin_total_bonus_win_this_round = total_bonus_win_this_round: null

2019-08-15 16:27:40 - [TEST_STEP][PASSED] - M4_spin_total_bonus_win_this_round = M4_spin_total_bonus_win_this_round: null

2019-08-15 16:27:40 - [TEST_STEP][PASSED] - println("GlobalVariable.M4_spin_total_bonus_win_this_round is: " + M4_spin_total_bonus_win_this_round): null

2019-08-15 16:27:40 - [MESSAGE][PASSED] - Verify response successfully

2019-08-15 16:27:40 - [MESSAGE][PASSED] - Send request and verify the response successfully

2019-08-15 16:27:40 - [TEST_STEP][PASSED] - if (M4_total_bonus_spins_int != 0 &amp;&amp; M4_spin_reels_symbols[2].contains("WILD_Normal") || M4_spin_reels_symbols[3].contains("WILD_Normal") || M4_spin_reels_symbols[4].contains("WILD_Normal")): null

2019-08-15 16:27:40 - [TEST_STEP][PASSED] - free_spin_reel_counter = free_spin_reel_counter: null

2019-08-15 16:27:40 - [TEST_STEP][PASSED] - M4_spin_reels_symbols = M4_spin_reels_symbols: null

2019-08-15 16:27:40 - [TEST_STEP][PASSED] - M4_total_bonus_spins = M4_total_bonus_spins: null

2019-08-15 16:27:40 - [TEST_STEP][PASSED] - spin_result = sendRequestAndVerify(findTestObject("STG/RGS(M4)/1_M4_spin", ["M4_login_user_id":M4_login_user_id, "rgs_session_token":rgs_session_token, "partner":Partner])): Send request and verify the response successfully

2019-08-15 16:27:40 - [TEST_CASE][PASSED] - Start Test Case : Verification: Verification accomplished successfully

2019-08-15 16:27:40 - [TEST_STEP][PASSED] - request = getInstance().getCurrentRequest(): null

2019-08-15 16:27:40 - [TEST_STEP][PASSED] - response = getInstance().getCurrentResponse(): null

2019-08-15 16:27:40 - [TEST_STEP][PASSED] - verifyResponseStatusCode(response, 200): Verify response status code successfully

2019-08-15 16:27:40 - [MESSAGE][PASSED] - Verify response status code successfully

2019-08-15 16:27:40 - [TEST_STEP][PASSED] - getStatusCode()).isEqualTo(200): null

2019-08-15 16:27:40 - [TEST_STEP][PASSED] - newline = System.getProperty("line.separator"): null

2019-08-15 16:27:40 - [TEST_STEP][PASSED] - M4_spin = new groovy.json.JsonSlurper(): null

2019-08-15 16:27:40 - [TEST_STEP][PASSED] - result_M4_spin = M4_spin.parseText(response.getResponseBodyContent()): null

2019-08-15 16:27:40 - [TEST_STEP][PASSED] - M4_spin_current_balance = current_balance: null

2019-08-15 16:27:40 - [TEST_STEP][PASSED] - M4_spin_current_balance = M4_spin_current_balance: null

2019-08-15 16:27:40 - [TEST_STEP][PASSED] - M4_spin_transaction_id = causality: null

2019-08-15 16:27:40 - [TEST_STEP][PASSED] - M4_spin_transaction_id = M4_spin_transaction_id: null

2019-08-15 16:27:40 - [TEST_STEP][PASSED] - M4_spin_round_id = round_id: null

2019-08-15 16:27:40 - [TEST_STEP][PASSED] - M4_spin_round_id = M4_spin_round_id: null

2019-08-15 16:27:40 - [TEST_STEP][PASSED] - M4_spin_line_wins = line_wins: null

2019-08-15 16:27:40 - [TEST_STEP][PASSED] - M4_spin_line_wins = M4_spin_line_wins: null

2019-08-15 16:27:40 - [TEST_STEP][PASSED] - M4_total_bonus_spins_int = total_bonus_spins: null

2019-08-15 16:27:40 - [TEST_STEP][PASSED] - println("******M4_total_bonus_spins type is:*******" + newline + getClass().getName()): null

2019-08-15 16:27:40 - [TEST_STEP][PASSED] - M4_total_bonus_spins_int = M4_total_bonus_spins_int: null

2019-08-15 16:27:40 - [TEST_STEP][PASSED] - M4_total_bonus_spins = Integer.toString(M4_total_bonus_spins_int): null

2019-08-15 16:27:40 - [TEST_STEP][PASSED] - M4_total_bonus_spins = M4_total_bonus_spins: null

2019-08-15 16:27:40 - [TEST_STEP][PASSED] - println("M4_total_bonus_spins is:" + M4_total_bonus_spins): null

2019-08-15 16:27:40 - [TEST_STEP][PASSED] - M4_spin_bonus_data = bonus_data: null

2019-08-15 16:27:40 - [TEST_STEP][PASSED] - M4_spin_features_triggered = result_M4_spin: null

2019-08-15 16:27:40 - [TEST_STEP][PASSED] - wild = []: null

2019-08-15 16:27:40 - [TEST_STEP][PASSED] - wild[0] = "WILD_Expanding": null

2019-08-15 16:27:40 - [TEST_STEP][PASSED] - wild[1] = "WILD_Normal": null

2019-08-15 16:27:40 - [TEST_STEP][PASSED] - wild[2] = "WILD_Double": null

2019-08-15 16:27:40 - [TEST_STEP][PASSED] - wild[3] = "WILD_ExtraFG": null

2019-08-15 16:27:40 - [TEST_STEP][PASSED] - wild[4] = "WILD_Triple": null

2019-08-15 16:27:40 - [TEST_STEP][PASSED] - wildList = Arrays.asList(wild): null

2019-08-15 16:27:40 - [TEST_STEP][PASSED] - wildList = wildList: null

2019-08-15 16:27:40 - [TEST_STEP][PASSED] - free_spin_reel_counter = []: null

2019-08-15 16:27:40 - [TEST_STEP][PASSED] - free_spin_reel_counter[0] = 0: null

2019-08-15 16:27:40 - [TEST_STEP][PASSED] - free_spin_reel_counter[1] = 0: null

2019-08-15 16:27:40 - [TEST_STEP][PASSED] - free_spin_reel_counter[2] = 0: null

2019-08-15 16:27:40 - [TEST_STEP][PASSED] - M4_spin_reels = reels: null

2019-08-15 16:27:40 - [TEST_STEP][PASSED] - for ([i = 0, i &lt; M4_spin_reels.size(), (i++)]): null

2019-08-15 16:27:40 - [TEST_STEP][PASSED] - symbols = symbols: null

2019-08-15 16:27:40 - [TEST_STEP][PASSED] - for ([j = 0, j &lt; symbols.size(), (j++)]): null

2019-08-15 16:27:40 - [TEST_STEP][PASSED] - symbol = symbol: null

2019-08-15 16:27:40 - [TEST_STEP][PASSED] - println(symbol): null

2019-08-15 16:27:40 - [TEST_STEP][PASSED] - if (i == 2 &amp;&amp; wildList.indexOf(symbol) != -1): null

2019-08-15 16:27:40 - [TEST_STEP][PASSED] - if (i == 3 &amp;&amp; wildList.indexOf(symbol) != -1): null

2019-08-15 16:27:40 - [TEST_STEP][PASSED] - if (i == 4 &amp;&amp; wildList.indexOf(symbol) != -1): null

2019-08-15 16:27:40 - [TEST_STEP][PASSED] - symbol = symbol: null

2019-08-15 16:27:40 - [TEST_STEP][PASSED] - println(symbol): null

2019-08-15 16:27:40 - [TEST_STEP][PASSED] - if (i == 2 &amp;&amp; wildList.indexOf(symbol) != -1): null

2019-08-15 16:27:40 - [TEST_STEP][PASSED] - if (i == 3 &amp;&amp; wildList.indexOf(symbol) != -1): null

2019-08-15 16:27:40 - [TEST_STEP][PASSED] - if (i == 4 &amp;&amp; wildList.indexOf(symbol) != -1): null

2019-08-15 16:27:40 - [TEST_STEP][PASSED] - symbol = symbol: null

2019-08-15 16:27:40 - [TEST_STEP][PASSED] - println(symbol): null

2019-08-15 16:27:40 - [TEST_STEP][PASSED] - if (i == 2 &amp;&amp; wildList.indexOf(symbol) != -1): null

2019-08-15 16:27:40 - [TEST_STEP][PASSED] - if (i == 3 &amp;&amp; wildList.indexOf(symbol) != -1): null

2019-08-15 16:27:40 - [TEST_STEP][PASSED] - if (i == 4 &amp;&amp; wildList.indexOf(symbol) != -1): null

2019-08-15 16:27:40 - [TEST_STEP][PASSED] - symbols = symbols: null

2019-08-15 16:27:40 - [TEST_STEP][PASSED] - for ([j = 0, j &lt; symbols.size(), (j++)]): null

2019-08-15 16:27:40 - [TEST_STEP][PASSED] - symbol = symbol: null

2019-08-15 16:27:40 - [TEST_STEP][PASSED] - println(symbol): null

2019-08-15 16:27:40 - [TEST_STEP][PASSED] - if (i == 2 &amp;&amp; wildList.indexOf(symbol) != -1): null

2019-08-15 16:27:40 - [TEST_STEP][PASSED] - if (i == 3 &amp;&amp; wildList.indexOf(symbol) != -1): null

2019-08-15 16:27:40 - [TEST_STEP][PASSED] - if (i == 4 &amp;&amp; wildList.indexOf(symbol) != -1): null

2019-08-15 16:27:40 - [TEST_STEP][PASSED] - symbol = symbol: null

2019-08-15 16:27:40 - [TEST_STEP][PASSED] - println(symbol): null

2019-08-15 16:27:40 - [TEST_STEP][PASSED] - if (i == 2 &amp;&amp; wildList.indexOf(symbol) != -1): null

2019-08-15 16:27:40 - [TEST_STEP][PASSED] - if (i == 3 &amp;&amp; wildList.indexOf(symbol) != -1): null

2019-08-15 16:27:40 - [TEST_STEP][PASSED] - if (i == 4 &amp;&amp; wildList.indexOf(symbol) != -1): null

2019-08-15 16:27:40 - [TEST_STEP][PASSED] - symbol = symbol: null

2019-08-15 16:27:40 - [TEST_STEP][PASSED] - println(symbol): null

2019-08-15 16:27:40 - [TEST_STEP][PASSED] - if (i == 2 &amp;&amp; wildList.indexOf(symbol) != -1): null

2019-08-15 16:27:40 - [TEST_STEP][PASSED] - if (i == 3 &amp;&amp; wildList.indexOf(symbol) != -1): null

2019-08-15 16:27:40 - [TEST_STEP][PASSED] - if (i == 4 &amp;&amp; wildList.indexOf(symbol) != -1): null

2019-08-15 16:27:40 - [TEST_STEP][PASSED] - symbols = symbols: null

2019-08-15 16:27:40 - [TEST_STEP][PASSED] - for ([j = 0, j &lt; symbols.size(), (j++)]): null

2019-08-15 16:27:40 - [TEST_STEP][PASSED] - symbol = symbol: null

2019-08-15 16:27:40 - [TEST_STEP][PASSED] - println(symbol): null

2019-08-15 16:27:40 - [TEST_STEP][PASSED] - if (i == 2 &amp;&amp; wildList.indexOf(symbol) != -1): null

2019-08-15 16:27:40 - [TEST_STEP][PASSED] - if (i == 3 &amp;&amp; wildList.indexOf(symbol) != -1): null

2019-08-15 16:27:40 - [TEST_STEP][PASSED] - if (i == 4 &amp;&amp; wildList.indexOf(symbol) != -1): null

2019-08-15 16:27:40 - [TEST_STEP][PASSED] - symbol = symbol: null

2019-08-15 16:27:40 - [TEST_STEP][PASSED] - println(symbol): null

2019-08-15 16:27:40 - [TEST_STEP][PASSED] - if (i == 2 &amp;&amp; wildList.indexOf(symbol) != -1): null

2019-08-15 16:27:40 - [TEST_STEP][PASSED] - if (i == 3 &amp;&amp; wildList.indexOf(symbol) != -1): null

2019-08-15 16:27:40 - [TEST_STEP][PASSED] - if (i == 4 &amp;&amp; wildList.indexOf(symbol) != -1): null

2019-08-15 16:27:40 - [TEST_STEP][PASSED] - symbol = symbol: null

2019-08-15 16:27:40 - [TEST_STEP][PASSED] - println(symbol): null

2019-08-15 16:27:40 - [TEST_STEP][PASSED] - if (i == 2 &amp;&amp; wildList.indexOf(symbol) != -1): null

2019-08-15 16:27:40 - [TEST_STEP][PASSED] - println("wild found on reel 3, adding counter by 1"): null

2019-08-15 16:27:40 - [TEST_STEP][PASSED] - free_spin_reel_counter[0] = free_spin_reel_counter[0] + 1: null

2019-08-15 16:27:40 - [TEST_STEP][PASSED] - if (i == 3 &amp;&amp; wildList.indexOf(symbol) != -1): null

2019-08-15 16:27:40 - [TEST_STEP][PASSED] - if (i == 4 &amp;&amp; wildList.indexOf(symbol) != -1): null

2019-08-15 16:27:40 - [TEST_STEP][PASSED] - symbols = symbols: null

2019-08-15 16:27:40 - [TEST_STEP][PASSED] - for ([j = 0, j &lt; symbols.size(), (j++)]): null

2019-08-15 16:27:40 - [TEST_STEP][PASSED] - symbol = symbol: null

2019-08-15 16:27:40 - [TEST_STEP][PASSED] - println(symbol): null

2019-08-15 16:27:40 - [TEST_STEP][PASSED] - if (i == 2 &amp;&amp; wildList.indexOf(symbol) != -1): null

2019-08-15 16:27:40 - [TEST_STEP][PASSED] - if (i == 3 &amp;&amp; wildList.indexOf(symbol) != -1): null

2019-08-15 16:27:40 - [TEST_STEP][PASSED] - println("wild found on reel 4, adding counter by 1"): null

2019-08-15 16:27:40 - [TEST_STEP][PASSED] - free_spin_reel_counter[1] = free_spin_reel_counter[1] + 1: null

2019-08-15 16:27:40 - [TEST_STEP][PASSED] - if (i == 4 &amp;&amp; wildList.indexOf(symbol) != -1): null

2019-08-15 16:27:40 - [TEST_STEP][PASSED] - symbol = symbol: null

2019-08-15 16:27:40 - [TEST_STEP][PASSED] - println(symbol): null

2019-08-15 16:27:40 - [TEST_STEP][PASSED] - if (i == 2 &amp;&amp; wildList.indexOf(symbol) != -1): null

2019-08-15 16:27:40 - [TEST_STEP][PASSED] - if (i == 3 &amp;&amp; wildList.indexOf(symbol) != -1): null

2019-08-15 16:27:40 - [TEST_STEP][PASSED] - if (i == 4 &amp;&amp; wildList.indexOf(symbol) != -1): null

2019-08-15 16:27:40 - [TEST_STEP][PASSED] - symbol = symbol: null

2019-08-15 16:27:40 - [TEST_STEP][PASSED] - println(symbol): null

2019-08-15 16:27:40 - [TEST_STEP][PASSED] - if (i == 2 &amp;&amp; wildList.indexOf(symbol) != -1): null

2019-08-15 16:27:40 - [TEST_STEP][PASSED] - if (i == 3 &amp;&amp; wildList.indexOf(symbol) != -1): null

2019-08-15 16:27:40 - [TEST_STEP][PASSED] - if (i == 4 &amp;&amp; wildList.indexOf(symbol) != -1): null

2019-08-15 16:27:40 - [TEST_STEP][PASSED] - symbols = symbols: null

2019-08-15 16:27:40 - [TEST_STEP][PASSED] - for ([j = 0, j &lt; symbols.size(), (j++)]): null

2019-08-15 16:27:40 - [TEST_STEP][PASSED] - symbol = symbol: null

2019-08-15 16:27:40 - [TEST_STEP][PASSED] - println(symbol): null

2019-08-15 16:27:40 - [TEST_STEP][PASSED] - if (i == 2 &amp;&amp; wildList.indexOf(symbol) != -1): null

2019-08-15 16:27:40 - [TEST_STEP][PASSED] - if (i == 3 &amp;&amp; wildList.indexOf(symbol) != -1): null

2019-08-15 16:27:40 - [TEST_STEP][PASSED] - if (i == 4 &amp;&amp; wildList.indexOf(symbol) != -1): null

2019-08-15 16:27:40 - [TEST_STEP][PASSED] - symbol = symbol: null

2019-08-15 16:27:40 - [TEST_STEP][PASSED] - println(symbol): null

2019-08-15 16:27:40 - [TEST_STEP][PASSED] - if (i == 2 &amp;&amp; wildList.indexOf(symbol) != -1): null

2019-08-15 16:27:40 - [TEST_STEP][PASSED] - if (i == 3 &amp;&amp; wildList.indexOf(symbol) != -1): null

2019-08-15 16:27:40 - [TEST_STEP][PASSED] - if (i == 4 &amp;&amp; wildList.indexOf(symbol) != -1): null

2019-08-15 16:27:40 - [TEST_STEP][PASSED] - symbol = symbol: null

2019-08-15 16:27:40 - [TEST_STEP][PASSED] - println(symbol): null

2019-08-15 16:27:40 - [TEST_STEP][PASSED] - if (i == 2 &amp;&amp; wildList.indexOf(symbol) != -1): null

2019-08-15 16:27:40 - [TEST_STEP][PASSED] - if (i == 3 &amp;&amp; wildList.indexOf(symbol) != -1): null

2019-08-15 16:27:40 - [TEST_STEP][PASSED] - if (i == 4 &amp;&amp; wildList.indexOf(symbol) != -1): null

2019-08-15 16:27:40 - [TEST_STEP][PASSED] - free_spin_reel_counter = free_spin_reel_counter: null

2019-08-15 16:27:40 - [TEST_STEP][PASSED] - println("reel 3 wild found: " + free_spin_reel_counter[0]): null

2019-08-15 16:27:40 - [TEST_STEP][PASSED] - println("reel 4 wild found: " + free_spin_reel_counter[1]): null

2019-08-15 16:27:40 - [TEST_STEP][PASSED] - println("reel 5 wild found: " + free_spin_reel_counter[2]): null

2019-08-15 16:27:40 - [TEST_STEP][PASSED] - M4_spin_reels = M4_spin_reels: null

2019-08-15 16:27:40 - [TEST_STEP][PASSED] - M4_spin_reels_symbols = symbol: null

2019-08-15 16:27:40 - [TEST_STEP][PASSED] - M4_spin_reels_symbols = M4_spin_reels_symbols: null

2019-08-15 16:27:40 - [TEST_STEP][PASSED] - M4_spin_reel_wins = reel_wins: null

2019-08-15 16:27:40 - [TEST_STEP][PASSED] - M4_spin_reel_wins = M4_spin_reel_wins: null

2019-08-15 16:27:40 - [TEST_STEP][PASSED] - println("GlobalVariable.M4_spin_reel_wins is: " + M4_spin_reel_wins): null

2019-08-15 16:27:40 - [TEST_STEP][PASSED] - M4_spin_total_bonus_win_this_round = total_bonus_win_this_round: null

2019-08-15 16:27:40 - [TEST_STEP][PASSED] - M4_spin_total_bonus_win_this_round = M4_spin_total_bonus_win_this_round: null

2019-08-15 16:27:40 - [TEST_STEP][PASSED] - println("GlobalVariable.M4_spin_total_bonus_win_this_round is: " + M4_spin_total_bonus_win_this_round): null

2019-08-15 16:27:40 - [MESSAGE][PASSED] - Verify response successfully

2019-08-15 16:27:40 - [MESSAGE][PASSED] - Send request and verify the response successfully

2019-08-15 16:27:40 - [TEST_STEP][PASSED] - if (M4_total_bonus_spins_int != 0 &amp;&amp; M4_spin_reels_symbols[2].contains("WILD_Normal") || M4_spin_reels_symbols[3].contains("WILD_Normal") || M4_spin_reels_symbols[4].contains("WILD_Normal")): null

2019-08-15 16:27:40 - [TEST_STEP][PASSED] - free_spin_reel_counter = free_spin_reel_counter: null

2019-08-15 16:27:40 - [TEST_STEP][PASSED] - M4_spin_reels_symbols = M4_spin_reels_symbols: null

2019-08-15 16:27:40 - [TEST_STEP][PASSED] - M4_total_bonus_spins = M4_total_bonus_spins: null

2019-08-15 16:27:40 - [TEST_STEP][PASSED] - spin_result = sendRequestAndVerify(findTestObject("STG/RGS(M4)/1_M4_spin", ["M4_login_user_id":M4_login_user_id, "rgs_session_token":rgs_session_token, "partner":Partner])): Send request and verify the response successfully

2019-08-15 16:27:41 - [TEST_CASE][PASSED] - Start Test Case : Verification: Verification accomplished successfully

2019-08-15 16:27:41 - [TEST_STEP][PASSED] - request = getInstance().getCurrentRequest(): null

2019-08-15 16:27:41 - [TEST_STEP][PASSED] - response = getInstance().getCurrentResponse(): null

2019-08-15 16:27:41 - [TEST_STEP][PASSED] - verifyResponseStatusCode(response, 200): Verify response status code successfully

2019-08-15 16:27:41 - [MESSAGE][PASSED] - Verify response status code successfully

2019-08-15 16:27:41 - [TEST_STEP][PASSED] - getStatusCode()).isEqualTo(200): null

2019-08-15 16:27:41 - [TEST_STEP][PASSED] - newline = System.getProperty("line.separator"): null

2019-08-15 16:27:41 - [TEST_STEP][PASSED] - M4_spin = new groovy.json.JsonSlurper(): null

2019-08-15 16:27:41 - [TEST_STEP][PASSED] - result_M4_spin = M4_spin.parseText(response.getResponseBodyContent()): null

2019-08-15 16:27:41 - [TEST_STEP][PASSED] - M4_spin_current_balance = current_balance: null

2019-08-15 16:27:41 - [TEST_STEP][PASSED] - M4_spin_current_balance = M4_spin_current_balance: null

2019-08-15 16:27:41 - [TEST_STEP][PASSED] - M4_spin_transaction_id = causality: null

2019-08-15 16:27:41 - [TEST_STEP][PASSED] - M4_spin_transaction_id = M4_spin_transaction_id: null

2019-08-15 16:27:41 - [TEST_STEP][PASSED] - M4_spin_round_id = round_id: null

2019-08-15 16:27:41 - [TEST_STEP][PASSED] - M4_spin_round_id = M4_spin_round_id: null

2019-08-15 16:27:41 - [TEST_STEP][PASSED] - M4_spin_line_wins = line_wins: null

2019-08-15 16:27:41 - [TEST_STEP][PASSED] - M4_spin_line_wins = M4_spin_line_wins: null

2019-08-15 16:27:41 - [TEST_STEP][PASSED] - M4_total_bonus_spins_int = total_bonus_spins: null

2019-08-15 16:27:41 - [TEST_STEP][PASSED] - println("******M4_total_bonus_spins type is:*******" + newline + getClass().getName()): null

2019-08-15 16:27:41 - [TEST_STEP][PASSED] - M4_total_bonus_spins_int = M4_total_bonus_spins_int: null

2019-08-15 16:27:41 - [TEST_STEP][PASSED] - M4_total_bonus_spins = Integer.toString(M4_total_bonus_spins_int): null

2019-08-15 16:27:41 - [TEST_STEP][PASSED] - M4_total_bonus_spins = M4_total_bonus_spins: null

2019-08-15 16:27:41 - [TEST_STEP][PASSED] - println("M4_total_bonus_spins is:" + M4_total_bonus_spins): null

2019-08-15 16:27:41 - [TEST_STEP][PASSED] - M4_spin_bonus_data = bonus_data: null

2019-08-15 16:27:41 - [TEST_STEP][PASSED] - M4_spin_features_triggered = result_M4_spin: null

2019-08-15 16:27:41 - [TEST_STEP][PASSED] - wild = []: null

2019-08-15 16:27:41 - [TEST_STEP][PASSED] - wild[0] = "WILD_Expanding": null

2019-08-15 16:27:41 - [TEST_STEP][PASSED] - wild[1] = "WILD_Normal": null

2019-08-15 16:27:41 - [TEST_STEP][PASSED] - wild[2] = "WILD_Double": null

2019-08-15 16:27:45 - [TEST_STEP][PASSED] - wild[3] = "WILD_ExtraFG": null

2019-08-15 16:27:45 - [TEST_STEP][PASSED] - wild[4] = "WILD_Triple": null

2019-08-15 16:27:45 - [TEST_STEP][PASSED] - wildList = Arrays.asList(wild): null

2019-08-15 16:27:45 - [TEST_STEP][PASSED] - wildList = wildList: null

2019-08-15 16:27:45 - [TEST_STEP][PASSED] - free_spin_reel_counter = []: null

2019-08-15 16:27:45 - [TEST_STEP][PASSED] - free_spin_reel_counter[0] = 0: null

2019-08-15 16:27:45 - [TEST_STEP][PASSED] - free_spin_reel_counter[1] = 0: null

2019-08-15 16:27:45 - [TEST_STEP][PASSED] - free_spin_reel_counter[2] = 0: null

2019-08-15 16:27:45 - [TEST_STEP][PASSED] - M4_spin_reels = reels: null

2019-08-15 16:27:45 - [TEST_STEP][PASSED] - for ([i = 0, i &lt; M4_spin_reels.size(), (i++)]): null

2019-08-15 16:27:45 - [TEST_STEP][PASSED] - symbols = symbols: null

2019-08-15 16:27:46 - [TEST_STEP][PASSED] - for ([j = 0, j &lt; symbols.size(), (j++)]): null

2019-08-15 16:27:46 - [TEST_STEP][PASSED] - symbol = symbol: null

2019-08-15 16:27:46 - [TEST_STEP][PASSED] - println(symbol): null

2019-08-15 16:27:46 - [TEST_STEP][PASSED] - if (i == 2 &amp;&amp; wildList.indexOf(symbol) != -1): null

2019-08-15 16:27:46 - [TEST_STEP][PASSED] - if (i == 3 &amp;&amp; wildList.indexOf(symbol) != -1): null

2019-08-15 16:27:46 - [TEST_STEP][PASSED] - if (i == 4 &amp;&amp; wildList.indexOf(symbol) != -1): null

2019-08-15 16:27:46 - [TEST_STEP][PASSED] - symbol = symbol: null

2019-08-15 16:27:46 - [TEST_STEP][PASSED] - println(symbol): null

2019-08-15 16:27:46 - [TEST_STEP][PASSED] - if (i == 2 &amp;&amp; wildList.indexOf(symbol) != -1): null

2019-08-15 16:27:46 - [TEST_STEP][PASSED] - if (i == 3 &amp;&amp; wildList.indexOf(symbol) != -1): null

2019-08-15 16:27:46 - [TEST_STEP][PASSED] - if (i == 4 &amp;&amp; wildList.indexOf(symbol) != -1): null

2019-08-15 16:27:46 - [TEST_STEP][PASSED] - symbol = symbol: null

2019-08-15 16:27:46 - [TEST_STEP][PASSED] - println(symbol): null

2019-08-15 16:27:46 - [TEST_STEP][PASSED] - if (i == 2 &amp;&amp; wildList.indexOf(symbol) != -1): null

2019-08-15 16:27:46 - [TEST_STEP][PASSED] - if (i == 3 &amp;&amp; wildList.indexOf(symbol) != -1): null

2019-08-15 16:27:46 - [TEST_STEP][PASSED] - if (i == 4 &amp;&amp; wildList.indexOf(symbol) != -1): null

2019-08-15 16:27:46 - [TEST_STEP][PASSED] - symbols = symbols: null

2019-08-15 16:27:46 - [TEST_STEP][PASSED] - for ([j = 0, j &lt; symbols.size(), (j++)]): null

2019-08-15 16:27:46 - [TEST_STEP][PASSED] - symbol = symbol: null

2019-08-15 16:27:46 - [TEST_STEP][PASSED] - println(symbol): null

2019-08-15 16:27:46 - [TEST_STEP][PASSED] - if (i == 2 &amp;&amp; wildList.indexOf(symbol) != -1): null

2019-08-15 16:27:46 - [TEST_STEP][PASSED] - if (i == 3 &amp;&amp; wildList.indexOf(symbol) != -1): null

2019-08-15 16:27:46 - [TEST_STEP][PASSED] - if (i == 4 &amp;&amp; wildList.indexOf(symbol) != -1): null

2019-08-15 16:27:46 - [TEST_STEP][PASSED] - symbol = symbol: null

2019-08-15 16:27:46 - [TEST_STEP][PASSED] - println(symbol): null

2019-08-15 16:27:46 - [TEST_STEP][PASSED] - if (i == 2 &amp;&amp; wildList.indexOf(symbol) != -1): null

2019-08-15 16:27:46 - [TEST_STEP][PASSED] - if (i == 3 &amp;&amp; wildList.indexOf(symbol) != -1): null

2019-08-15 16:27:46 - [TEST_STEP][PASSED] - if (i == 4 &amp;&amp; wildList.indexOf(symbol) != -1): null

2019-08-15 16:27:46 - [TEST_STEP][PASSED] - symbol = symbol: null

2019-08-15 16:27:46 - [TEST_STEP][PASSED] - println(symbol): null

2019-08-15 16:27:46 - [TEST_STEP][PASSED] - if (i == 2 &amp;&amp; wildList.indexOf(symbol) != -1): null

2019-08-15 16:27:46 - [TEST_STEP][PASSED] - if (i == 3 &amp;&amp; wildList.indexOf(symbol) != -1): null

2019-08-15 16:27:46 - [TEST_STEP][PASSED] - if (i == 4 &amp;&amp; wildList.indexOf(symbol) != -1): null

2019-08-15 16:27:46 - [TEST_STEP][PASSED] - symbols = symbols: null

2019-08-15 16:27:46 - [TEST_STEP][PASSED] - for ([j = 0, j &lt; symbols.size(), (j++)]): null

2019-08-15 16:27:46 - [TEST_STEP][PASSED] - symbol = symbol: null

2019-08-15 16:27:46 - [TEST_STEP][PASSED] - println(symbol): null

2019-08-15 16:27:46 - [TEST_STEP][PASSED] - if (i == 2 &amp;&amp; wildList.indexOf(symbol) != -1): null

2019-08-15 16:27:46 - [TEST_STEP][PASSED] - if (i == 3 &amp;&amp; wildList.indexOf(symbol) != -1): null

2019-08-15 16:27:46 - [TEST_STEP][PASSED] - if (i == 4 &amp;&amp; wildList.indexOf(symbol) != -1): null

2019-08-15 16:27:46 - [TEST_STEP][PASSED] - symbol = symbol: null

2019-08-15 16:27:46 - [TEST_STEP][PASSED] - println(symbol): null

2019-08-15 16:27:46 - [TEST_STEP][PASSED] - if (i == 2 &amp;&amp; wildList.indexOf(symbol) != -1): null

2019-08-15 16:27:46 - [TEST_STEP][PASSED] - if (i == 3 &amp;&amp; wildList.indexOf(symbol) != -1): null

2019-08-15 16:27:46 - [TEST_STEP][PASSED] - if (i == 4 &amp;&amp; wildList.indexOf(symbol) != -1): null

2019-08-15 16:27:46 - [TEST_STEP][PASSED] - symbol = symbol: null

2019-08-15 16:27:46 - [TEST_STEP][PASSED] - println(symbol): null

2019-08-15 16:27:46 - [TEST_STEP][PASSED] - if (i == 2 &amp;&amp; wildList.indexOf(symbol) != -1): null

2019-08-15 16:27:46 - [TEST_STEP][PASSED] - if (i == 3 &amp;&amp; wildList.indexOf(symbol) != -1): null

2019-08-15 16:27:46 - [TEST_STEP][PASSED] - if (i == 4 &amp;&amp; wildList.indexOf(symbol) != -1): null

2019-08-15 16:27:46 - [TEST_STEP][PASSED] - symbols = symbols: null

2019-08-15 16:27:46 - [TEST_STEP][PASSED] - for ([j = 0, j &lt; symbols.size(), (j++)]): null

2019-08-15 16:27:46 - [TEST_STEP][PASSED] - symbol = symbol: null

2019-08-15 16:27:46 - [TEST_STEP][PASSED] - println(symbol): null

2019-08-15 16:27:46 - [TEST_STEP][PASSED] - if (i == 2 &amp;&amp; wildList.indexOf(symbol) != -1): null

2019-08-15 16:27:46 - [TEST_STEP][PASSED] - if (i == 3 &amp;&amp; wildList.indexOf(symbol) != -1): null

2019-08-15 16:27:46 - [TEST_STEP][PASSED] - if (i == 4 &amp;&amp; wildList.indexOf(symbol) != -1): null

2019-08-15 16:27:46 - [TEST_STEP][PASSED] - symbol = symbol: null

2019-08-15 16:27:46 - [TEST_STEP][PASSED] - println(symbol): null

2019-08-15 16:27:46 - [TEST_STEP][PASSED] - if (i == 2 &amp;&amp; wildList.indexOf(symbol) != -1): null

2019-08-15 16:27:46 - [TEST_STEP][PASSED] - if (i == 3 &amp;&amp; wildList.indexOf(symbol) != -1): null

2019-08-15 16:27:46 - [TEST_STEP][PASSED] - if (i == 4 &amp;&amp; wildList.indexOf(symbol) != -1): null

2019-08-15 16:27:46 - [TEST_STEP][PASSED] - symbol = symbol: null

2019-08-15 16:27:46 - [TEST_STEP][PASSED] - println(symbol): null

2019-08-15 16:27:46 - [TEST_STEP][PASSED] - if (i == 2 &amp;&amp; wildList.indexOf(symbol) != -1): null

2019-08-15 16:27:46 - [TEST_STEP][PASSED] - if (i == 3 &amp;&amp; wildList.indexOf(symbol) != -1): null

2019-08-15 16:27:46 - [TEST_STEP][PASSED] - if (i == 4 &amp;&amp; wildList.indexOf(symbol) != -1): null

2019-08-15 16:27:46 - [TEST_STEP][PASSED] - symbols = symbols: null

2019-08-15 16:27:46 - [TEST_STEP][PASSED] - for ([j = 0, j &lt; symbols.size(), (j++)]): null

2019-08-15 16:27:46 - [TEST_STEP][PASSED] - symbol = symbol: null

2019-08-15 16:27:46 - [TEST_STEP][PASSED] - println(symbol): null

2019-08-15 16:27:46 - [TEST_STEP][PASSED] - if (i == 2 &amp;&amp; wildList.indexOf(symbol) != -1): null

2019-08-15 16:27:46 - [TEST_STEP][PASSED] - if (i == 3 &amp;&amp; wildList.indexOf(symbol) != -1): null

2019-08-15 16:27:46 - [TEST_STEP][PASSED] - if (i == 4 &amp;&amp; wildList.indexOf(symbol) != -1): null

2019-08-15 16:27:46 - [TEST_STEP][PASSED] - symbol = symbol: null

2019-08-15 16:27:46 - [TEST_STEP][PASSED] - println(symbol): null

2019-08-15 16:27:46 - [TEST_STEP][PASSED] - if (i == 2 &amp;&amp; wildList.indexOf(symbol) != -1): null

2019-08-15 16:27:46 - [TEST_STEP][PASSED] - if (i == 3 &amp;&amp; wildList.indexOf(symbol) != -1): null

2019-08-15 16:27:46 - [TEST_STEP][PASSED] - if (i == 4 &amp;&amp; wildList.indexOf(symbol) != -1): null

2019-08-15 16:27:46 - [TEST_STEP][PASSED] - symbol = symbol: null

2019-08-15 16:27:46 - [TEST_STEP][PASSED] - println(symbol): null

2019-08-15 16:27:46 - [TEST_STEP][PASSED] - if (i == 2 &amp;&amp; wildList.indexOf(symbol) != -1): null

2019-08-15 16:27:46 - [TEST_STEP][PASSED] - if (i == 3 &amp;&amp; wildList.indexOf(symbol) != -1): null

2019-08-15 16:27:46 - [TEST_STEP][PASSED] - if (i == 4 &amp;&amp; wildList.indexOf(symbol) != -1): null

2019-08-15 16:27:46 - [TEST_STEP][PASSED] - free_spin_reel_counter = free_spin_reel_counter: null

2019-08-15 16:27:46 - [TEST_STEP][PASSED] - println("reel 3 wild found: " + free_spin_reel_counter[0]): null

2019-08-15 16:27:46 - [TEST_STEP][PASSED] - println("reel 4 wild found: " + free_spin_reel_counter[1]): null

2019-08-15 16:27:46 - [TEST_STEP][PASSED] - println("reel 5 wild found: " + free_spin_reel_counter[2]): null

2019-08-15 16:27:46 - [TEST_STEP][PASSED] - M4_spin_reels = M4_spin_reels: null

2019-08-15 16:27:46 - [TEST_STEP][PASSED] - M4_spin_reels_symbols = symbol: null

2019-08-15 16:27:46 - [TEST_STEP][PASSED] - M4_spin_reels_symbols = M4_spin_reels_symbols: null

2019-08-15 16:27:46 - [TEST_STEP][PASSED] - M4_spin_reel_wins = reel_wins: null

2019-08-15 16:27:46 - [TEST_STEP][PASSED] - M4_spin_reel_wins = M4_spin_reel_wins: null

2019-08-15 16:27:46 - [TEST_STEP][PASSED] - println("GlobalVariable.M4_spin_reel_wins is: " + M4_spin_reel_wins): null

2019-08-15 16:27:46 - [TEST_STEP][PASSED] - M4_spin_total_bonus_win_this_round = total_bonus_win_this_round: null

2019-08-15 16:27:46 - [TEST_STEP][PASSED] - M4_spin_total_bonus_win_this_round = M4_spin_total_bonus_win_this_round: null

2019-08-15 16:27:46 - [TEST_STEP][PASSED] - println("GlobalVariable.M4_spin_total_bonus_win_this_round is: " + M4_spin_total_bonus_win_this_round): null

2019-08-15 16:27:46 - [MESSAGE][PASSED] - Verify response successfully

2019-08-15 16:27:46 - [MESSAGE][PASSED] - Send request and verify the response successfully

2019-08-15 16:27:46 - [TEST_STEP][PASSED] - if (M4_total_bonus_spins_int != 0 &amp;&amp; M4_spin_reels_symbols[2].contains("WILD_Normal") || M4_spin_reels_symbols[3].contains("WILD_Normal") || M4_spin_reels_symbols[4].contains("WILD_Normal")): null

2019-08-15 16:27:46 - [TEST_STEP][PASSED] - free_spin_reel_counter = free_spin_reel_counter: null

2019-08-15 16:27:46 - [TEST_STEP][PASSED] - M4_spin_reels_symbols = M4_spin_reels_symbols: null

2019-08-15 16:27:46 - [TEST_STEP][PASSED] - M4_total_bonus_spins = M4_total_bonus_spins: null

2019-08-15 16:27:46 - [TEST_STEP][PASSED] - spin_result = sendRequestAndVerify(findTestObject("STG/RGS(M4)/1_M4_spin", ["M4_login_user_id":M4_login_user_id, "rgs_session_token":rgs_session_token, "partner":Partner])): Send request and verify the response successfully

2019-08-15 16:27:46 - [TEST_CASE][PASSED] - Start Test Case : Verification: Verification accomplished successfully

2019-08-15 16:27:46 - [TEST_STEP][PASSED] - request = getInstance().getCurrentRequest(): null

2019-08-15 16:27:47 - [TEST_STEP][PASSED] - response = getInstance().getCurrentResponse(): null

2019-08-15 16:27:47 - [TEST_STEP][PASSED] - verifyResponseStatusCode(response, 200): Verify response status code successfully

2019-08-15 16:27:47 - [MESSAGE][PASSED] - Verify response status code successfully

2019-08-15 16:27:47 - [TEST_STEP][PASSED] - getStatusCode()).isEqualTo(200): null

2019-08-15 16:27:47 - [TEST_STEP][PASSED] - newline = System.getProperty("line.separator"): null

2019-08-15 16:27:47 - [TEST_STEP][PASSED] - M4_spin = new groovy.json.JsonSlurper(): null

2019-08-15 16:27:47 - [TEST_STEP][PASSED] - result_M4_spin = M4_spin.parseText(response.getResponseBodyContent()): null

2019-08-15 16:27:47 - [TEST_STEP][PASSED] - M4_spin_current_balance = current_balance: null

2019-08-15 16:27:47 - [TEST_STEP][PASSED] - M4_spin_current_balance = M4_spin_current_balance: null

2019-08-15 16:27:47 - [TEST_STEP][PASSED] - M4_spin_transaction_id = causality: null

2019-08-15 16:27:47 - [TEST_STEP][PASSED] - M4_spin_transaction_id = M4_spin_transaction_id: null

2019-08-15 16:27:47 - [TEST_STEP][PASSED] - M4_spin_round_id = round_id: null

2019-08-15 16:27:47 - [TEST_STEP][PASSED] - M4_spin_round_id = M4_spin_round_id: null

2019-08-15 16:27:47 - [TEST_STEP][PASSED] - M4_spin_line_wins = line_wins: null

2019-08-15 16:27:47 - [TEST_STEP][PASSED] - M4_spin_line_wins = M4_spin_line_wins: null

2019-08-15 16:27:47 - [TEST_STEP][PASSED] - M4_total_bonus_spins_int = total_bonus_spins: null

2019-08-15 16:27:47 - [TEST_STEP][PASSED] - println("******M4_total_bonus_spins type is:*******" + newline + getClass().getName()): null

2019-08-15 16:27:47 - [TEST_STEP][PASSED] - M4_total_bonus_spins_int = M4_total_bonus_spins_int: null

2019-08-15 16:27:47 - [TEST_STEP][PASSED] - M4_total_bonus_spins = Integer.toString(M4_total_bonus_spins_int): null

2019-08-15 16:27:47 - [TEST_STEP][PASSED] - M4_total_bonus_spins = M4_total_bonus_spins: null

2019-08-15 16:27:47 - [TEST_STEP][PASSED] - println("M4_total_bonus_spins is:" + M4_total_bonus_spins): null

2019-08-15 16:27:47 - [TEST_STEP][PASSED] - M4_spin_bonus_data = bonus_data: null

2019-08-15 16:27:47 - [TEST_STEP][PASSED] - M4_spin_features_triggered = result_M4_spin: null

2019-08-15 16:27:47 - [TEST_STEP][PASSED] - wild = []: null

2019-08-15 16:27:47 - [TEST_STEP][PASSED] - wild[0] = "WILD_Expanding": null

2019-08-15 16:27:47 - [TEST_STEP][PASSED] - wild[1] = "WILD_Normal": null

2019-08-15 16:27:47 - [TEST_STEP][PASSED] - wild[2] = "WILD_Double": null

2019-08-15 16:27:47 - [TEST_STEP][PASSED] - wild[3] = "WILD_ExtraFG": null

2019-08-15 16:27:47 - [TEST_STEP][PASSED] - wild[4] = "WILD_Triple": null

2019-08-15 16:27:47 - [TEST_STEP][PASSED] - wildList = Arrays.asList(wild): null

2019-08-15 16:27:47 - [TEST_STEP][PASSED] - wildList = wildList: null

2019-08-15 16:27:47 - [TEST_STEP][PASSED] - free_spin_reel_counter = []: null

2019-08-15 16:27:47 - [TEST_STEP][PASSED] - free_spin_reel_counter[0] = 0: null

2019-08-15 16:27:47 - [TEST_STEP][PASSED] - free_spin_reel_counter[1] = 0: null

2019-08-15 16:27:47 - [TEST_STEP][PASSED] - free_spin_reel_counter[2] = 0: null

2019-08-15 16:27:47 - [TEST_STEP][PASSED] - M4_spin_reels = reels: null

2019-08-15 16:27:47 - [TEST_STEP][PASSED] - for ([i = 0, i &lt; M4_spin_reels.size(), (i++)]): null

2019-08-15 16:27:47 - [TEST_STEP][PASSED] - symbols = symbols: null

2019-08-15 16:27:47 - [TEST_STEP][PASSED] - for ([j = 0, j &lt; symbols.size(), (j++)]): null

2019-08-15 16:27:47 - [TEST_STEP][PASSED] - symbol = symbol: null

2019-08-15 16:27:47 - [TEST_STEP][PASSED] - println(symbol): null

2019-08-15 16:27:47 - [TEST_STEP][PASSED] - if (i == 2 &amp;&amp; wildList.indexOf(symbol) != -1): null

2019-08-15 16:27:47 - [TEST_STEP][PASSED] - if (i == 3 &amp;&amp; wildList.indexOf(symbol) != -1): null

2019-08-15 16:27:47 - [TEST_STEP][PASSED] - if (i == 4 &amp;&amp; wildList.indexOf(symbol) != -1): null

2019-08-15 16:27:47 - [TEST_STEP][PASSED] - symbol = symbol: null

2019-08-15 16:27:47 - [TEST_STEP][PASSED] - println(symbol): null

2019-08-15 16:27:47 - [TEST_STEP][PASSED] - if (i == 2 &amp;&amp; wildList.indexOf(symbol) != -1): null

2019-08-15 16:27:47 - [TEST_STEP][PASSED] - if (i == 3 &amp;&amp; wildList.indexOf(symbol) != -1): null

2019-08-15 16:27:47 - [TEST_STEP][PASSED] - if (i == 4 &amp;&amp; wildList.indexOf(symbol) != -1): null

2019-08-15 16:27:47 - [TEST_STEP][PASSED] - symbol = symbol: null

2019-08-15 16:27:47 - [TEST_STEP][PASSED] - println(symbol): null

2019-08-15 16:27:47 - [TEST_STEP][PASSED] - if (i == 2 &amp;&amp; wildList.indexOf(symbol) != -1): null

2019-08-15 16:27:47 - [TEST_STEP][PASSED] - if (i == 3 &amp;&amp; wildList.indexOf(symbol) != -1): null

2019-08-15 16:27:47 - [TEST_STEP][PASSED] - if (i == 4 &amp;&amp; wildList.indexOf(symbol) != -1): null

2019-08-15 16:27:47 - [TEST_STEP][PASSED] - symbols = symbols: null

2019-08-15 16:27:47 - [TEST_STEP][PASSED] - for ([j = 0, j &lt; symbols.size(), (j++)]): null

2019-08-15 16:27:47 - [TEST_STEP][PASSED] - symbol = symbol: null

2019-08-15 16:27:47 - [TEST_STEP][PASSED] - println(symbol): null

2019-08-15 16:27:47 - [TEST_STEP][PASSED] - if (i == 2 &amp;&amp; wildList.indexOf(symbol) != -1): null

2019-08-15 16:27:47 - [TEST_STEP][PASSED] - if (i == 3 &amp;&amp; wildList.indexOf(symbol) != -1): null

2019-08-15 16:27:47 - [TEST_STEP][PASSED] - if (i == 4 &amp;&amp; wildList.indexOf(symbol) != -1): null

2019-08-15 16:27:47 - [TEST_STEP][PASSED] - symbol = symbol: null

2019-08-15 16:27:47 - [TEST_STEP][PASSED] - println(symbol): null

2019-08-15 16:27:47 - [TEST_STEP][PASSED] - if (i == 2 &amp;&amp; wildList.indexOf(symbol) != -1): null

2019-08-15 16:27:47 - [TEST_STEP][PASSED] - if (i == 3 &amp;&amp; wildList.indexOf(symbol) != -1): null

2019-08-15 16:27:47 - [TEST_STEP][PASSED] - if (i == 4 &amp;&amp; wildList.indexOf(symbol) != -1): null

2019-08-15 16:27:47 - [TEST_STEP][PASSED] - symbol = symbol: null

2019-08-15 16:27:47 - [TEST_STEP][PASSED] - println(symbol): null

2019-08-15 16:27:47 - [TEST_STEP][PASSED] - if (i == 2 &amp;&amp; wildList.indexOf(symbol) != -1): null

2019-08-15 16:27:47 - [TEST_STEP][PASSED] - if (i == 3 &amp;&amp; wildList.indexOf(symbol) != -1): null

2019-08-15 16:27:47 - [TEST_STEP][PASSED] - if (i == 4 &amp;&amp; wildList.indexOf(symbol) != -1): null

2019-08-15 16:27:47 - [TEST_STEP][PASSED] - symbols = symbols: null

2019-08-15 16:27:47 - [TEST_STEP][PASSED] - for ([j = 0, j &lt; symbols.size(), (j++)]): null

2019-08-15 16:27:47 - [TEST_STEP][PASSED] - symbol = symbol: null

2019-08-15 16:27:47 - [TEST_STEP][PASSED] - println(symbol): null

2019-08-15 16:27:47 - [TEST_STEP][PASSED] - if (i == 2 &amp;&amp; wildList.indexOf(symbol) != -1): null

2019-08-15 16:27:47 - [TEST_STEP][PASSED] - if (i == 3 &amp;&amp; wildList.indexOf(symbol) != -1): null

2019-08-15 16:27:47 - [TEST_STEP][PASSED] - if (i == 4 &amp;&amp; wildList.indexOf(symbol) != -1): null

2019-08-15 16:27:47 - [TEST_STEP][PASSED] - symbol = symbol: null

2019-08-15 16:27:47 - [TEST_STEP][PASSED] - println(symbol): null

2019-08-15 16:27:47 - [TEST_STEP][PASSED] - if (i == 2 &amp;&amp; wildList.indexOf(symbol) != -1): null

2019-08-15 16:27:47 - [TEST_STEP][PASSED] - if (i == 3 &amp;&amp; wildList.indexOf(symbol) != -1): null

2019-08-15 16:27:47 - [TEST_STEP][PASSED] - if (i == 4 &amp;&amp; wildList.indexOf(symbol) != -1): null

2019-08-15 16:27:47 - [TEST_STEP][PASSED] - symbol = symbol: null

2019-08-15 16:27:47 - [TEST_STEP][PASSED] - println(symbol): null

2019-08-15 16:27:47 - [TEST_STEP][PASSED] - if (i == 2 &amp;&amp; wildList.indexOf(symbol) != -1): null

2019-08-15 16:27:47 - [TEST_STEP][PASSED] - if (i == 3 &amp;&amp; wildList.indexOf(symbol) != -1): null

2019-08-15 16:27:47 - [TEST_STEP][PASSED] - if (i == 4 &amp;&amp; wildList.indexOf(symbol) != -1): null

2019-08-15 16:27:47 - [TEST_STEP][PASSED] - symbols = symbols: null

2019-08-15 16:27:47 - [TEST_STEP][PASSED] - for ([j = 0, j &lt; symbols.size(), (j++)]): null

2019-08-15 16:27:47 - [TEST_STEP][PASSED] - symbol = symbol: null

2019-08-15 16:27:47 - [TEST_STEP][PASSED] - println(symbol): null

2019-08-15 16:27:47 - [TEST_STEP][PASSED] - if (i == 2 &amp;&amp; wildList.indexOf(symbol) != -1): null

2019-08-15 16:27:47 - [TEST_STEP][PASSED] - if (i == 3 &amp;&amp; wildList.indexOf(symbol) != -1): null

2019-08-15 16:27:47 - [TEST_STEP][PASSED] - if (i == 4 &amp;&amp; wildList.indexOf(symbol) != -1): null

2019-08-15 16:27:47 - [TEST_STEP][PASSED] - symbol = symbol: null

2019-08-15 16:27:47 - [TEST_STEP][PASSED] - println(symbol): null

2019-08-15 16:27:47 - [TEST_STEP][PASSED] - if (i == 2 &amp;&amp; wildList.indexOf(symbol) != -1): null

2019-08-15 16:27:47 - [TEST_STEP][PASSED] - if (i == 3 &amp;&amp; wildList.indexOf(symbol) != -1): null

2019-08-15 16:27:47 - [TEST_STEP][PASSED] - if (i == 4 &amp;&amp; wildList.indexOf(symbol) != -1): null

2019-08-15 16:27:47 - [TEST_STEP][PASSED] - symbol = symbol: null

2019-08-15 16:27:47 - [TEST_STEP][PASSED] - println(symbol): null

2019-08-15 16:27:47 - [TEST_STEP][PASSED] - if (i == 2 &amp;&amp; wildList.indexOf(symbol) != -1): null

2019-08-15 16:27:47 - [TEST_STEP][PASSED] - if (i == 3 &amp;&amp; wildList.indexOf(symbol) != -1): null

2019-08-15 16:27:47 - [TEST_STEP][PASSED] - if (i == 4 &amp;&amp; wildList.indexOf(symbol) != -1): null

2019-08-15 16:27:47 - [TEST_STEP][PASSED] - symbols = symbols: null

2019-08-15 16:27:47 - [TEST_STEP][PASSED] - for ([j = 0, j &lt; symbols.size(), (j++)]): null

2019-08-15 16:27:47 - [TEST_STEP][PASSED] - symbol = symbol: null

2019-08-15 16:27:47 - [TEST_STEP][PASSED] - println(symbol): null

2019-08-15 16:27:47 - [TEST_STEP][PASSED] - if (i == 2 &amp;&amp; wildList.indexOf(symbol) != -1): null

2019-08-15 16:27:47 - [TEST_STEP][PASSED] - if (i == 3 &amp;&amp; wildList.indexOf(symbol) != -1): null

2019-08-15 16:27:47 - [TEST_STEP][PASSED] - if (i == 4 &amp;&amp; wildList.indexOf(symbol) != -1): null

2019-08-15 16:27:47 - [TEST_STEP][PASSED] - symbol = symbol: null

2019-08-15 16:27:47 - [TEST_STEP][PASSED] - println(symbol): null

2019-08-15 16:27:47 - [TEST_STEP][PASSED] - if (i == 2 &amp;&amp; wildList.indexOf(symbol) != -1): null

2019-08-15 16:27:47 - [TEST_STEP][PASSED] - if (i == 3 &amp;&amp; wildList.indexOf(symbol) != -1): null

2019-08-15 16:27:47 - [TEST_STEP][PASSED] - if (i == 4 &amp;&amp; wildList.indexOf(symbol) != -1): null

2019-08-15 16:27:47 - [TEST_STEP][PASSED] - symbol = symbol: null

2019-08-15 16:27:47 - [TEST_STEP][PASSED] - println(symbol): null

2019-08-15 16:27:47 - [TEST_STEP][PASSED] - if (i == 2 &amp;&amp; wildList.indexOf(symbol) != -1): null

2019-08-15 16:27:47 - [TEST_STEP][PASSED] - if (i == 3 &amp;&amp; wildList.indexOf(symbol) != -1): null

2019-08-15 16:27:47 - [TEST_STEP][PASSED] - if (i == 4 &amp;&amp; wildList.indexOf(symbol) != -1): null

2019-08-15 16:27:47 - [TEST_STEP][PASSED] - free_spin_reel_counter = free_spin_reel_counter: null

2019-08-15 16:27:47 - [TEST_STEP][PASSED] - println("reel 3 wild found: " + free_spin_reel_counter[0]): null

2019-08-15 16:27:47 - [TEST_STEP][PASSED] - println("reel 4 wild found: " + free_spin_reel_counter[1]): null

2019-08-15 16:27:47 - [TEST_STEP][PASSED] - println("reel 5 wild found: " + free_spin_reel_counter[2]): null

2019-08-15 16:27:47 - [TEST_STEP][PASSED] - M4_spin_reels = M4_spin_reels: null

2019-08-15 16:27:47 - [TEST_STEP][PASSED] - M4_spin_reels_symbols = symbol: null

2019-08-15 16:27:47 - [TEST_STEP][PASSED] - M4_spin_reels_symbols = M4_spin_reels_symbols: null

2019-08-15 16:27:47 - [TEST_STEP][PASSED] - M4_spin_reel_wins = reel_wins: null

2019-08-15 16:27:47 - [TEST_STEP][PASSED] - M4_spin_reel_wins = M4_spin_reel_wins: null

2019-08-15 16:27:47 - [TEST_STEP][PASSED] - println("GlobalVariable.M4_spin_reel_wins is: " + M4_spin_reel_wins): null

2019-08-15 16:27:47 - [TEST_STEP][PASSED] - M4_spin_total_bonus_win_this_round = total_bonus_win_this_round: null

2019-08-15 16:27:47 - [TEST_STEP][PASSED] - M4_spin_total_bonus_win_this_round = M4_spin_total_bonus_win_this_round: null

2019-08-15 16:27:47 - [TEST_STEP][PASSED] - println("GlobalVariable.M4_spin_total_bonus_win_this_round is: " + M4_spin_total_bonus_win_this_round): null

2019-08-15 16:27:47 - [MESSAGE][PASSED] - Verify response successfully

2019-08-15 16:27:47 - [MESSAGE][PASSED] - Send request and verify the response successfully

2019-08-15 16:27:47 - [TEST_STEP][PASSED] - if (M4_total_bonus_spins_int != 0 &amp;&amp; M4_spin_reels_symbols[2].contains("WILD_Normal") || M4_spin_reels_symbols[3].contains("WILD_Normal") || M4_spin_reels_symbols[4].contains("WILD_Normal")): null

2019-08-15 16:27:47 - [TEST_STEP][PASSED] - free_spin_reel_counter = free_spin_reel_counter: null

2019-08-15 16:27:47 - [TEST_STEP][PASSED] - M4_spin_reels_symbols = M4_spin_reels_symbols: null

2019-08-15 16:27:47 - [TEST_STEP][PASSED] - M4_total_bonus_spins = M4_total_bonus_spins: null

2019-08-15 16:27:47 - [TEST_STEP][PASSED] - spin_result = sendRequestAndVerify(findTestObject("STG/RGS(M4)/1_M4_spin", ["M4_login_user_id":M4_login_user_id, "rgs_session_token":rgs_session_token, "partner":Partner])): Send request and verify the response successfully

2019-08-15 16:27:47 - [TEST_CASE][PASSED] - Start Test Case : Verification: Verification accomplished successfully

2019-08-15 16:27:47 - [TEST_STEP][PASSED] - request = getInstance().getCurrentRequest(): null

2019-08-15 16:27:47 - [TEST_STEP][PASSED] - response = getInstance().getCurrentResponse(): null

2019-08-15 16:27:47 - [TEST_STEP][PASSED] - verifyResponseStatusCode(response, 200): Verify response status code successfully

2019-08-15 16:27:47 - [MESSAGE][PASSED] - Verify response status code successfully

2019-08-15 16:27:47 - [TEST_STEP][PASSED] - getStatusCode()).isEqualTo(200): null

2019-08-15 16:27:47 - [TEST_STEP][PASSED] - newline = System.getProperty("line.separator"): null

2019-08-15 16:27:47 - [TEST_STEP][PASSED] - M4_spin = new groovy.json.JsonSlurper(): null

2019-08-15 16:27:47 - [TEST_STEP][PASSED] - result_M4_spin = M4_spin.parseText(response.getResponseBodyContent()): null

2019-08-15 16:27:47 - [TEST_STEP][PASSED] - M4_spin_current_balance = current_balance: null

2019-08-15 16:27:47 - [TEST_STEP][PASSED] - M4_spin_current_balance = M4_spin_current_balance: null

2019-08-15 16:27:47 - [TEST_STEP][PASSED] - M4_spin_transaction_id = causality: null

2019-08-15 16:27:47 - [TEST_STEP][PASSED] - M4_spin_transaction_id = M4_spin_transaction_id: null

2019-08-15 16:27:47 - [TEST_STEP][PASSED] - M4_spin_round_id = round_id: null

2019-08-15 16:27:47 - [TEST_STEP][PASSED] - M4_spin_round_id = M4_spin_round_id: null

2019-08-15 16:27:47 - [TEST_STEP][PASSED] - M4_spin_line_wins = line_wins: null

2019-08-15 16:27:47 - [TEST_STEP][PASSED] - M4_spin_line_wins = M4_spin_line_wins: null

2019-08-15 16:27:47 - [TEST_STEP][PASSED] - M4_total_bonus_spins_int = total_bonus_spins: null

2019-08-15 16:27:47 - [TEST_STEP][PASSED] - println("******M4_total_bonus_spins type is:*******" + newline + getClass().getName()): null

2019-08-15 16:27:47 - [TEST_STEP][PASSED] - M4_total_bonus_spins_int = M4_total_bonus_spins_int: null

2019-08-15 16:27:47 - [TEST_STEP][PASSED] - M4_total_bonus_spins = Integer.toString(M4_total_bonus_spins_int): null

2019-08-15 16:27:47 - [TEST_STEP][PASSED] - M4_total_bonus_spins = M4_total_bonus_spins: null

2019-08-15 16:27:47 - [TEST_STEP][PASSED] - println("M4_total_bonus_spins is:" + M4_total_bonus_spins): null

2019-08-15 16:27:47 - [TEST_STEP][PASSED] - M4_spin_bonus_data = bonus_data: null

2019-08-15 16:27:47 - [TEST_STEP][PASSED] - M4_spin_features_triggered = result_M4_spin: null

2019-08-15 16:27:47 - [TEST_STEP][PASSED] - wild = []: null

2019-08-15 16:27:47 - [TEST_STEP][PASSED] - wild[0] = "WILD_Expanding": null

2019-08-15 16:27:47 - [TEST_STEP][PASSED] - wild[1] = "WILD_Normal": null

2019-08-15 16:27:47 - [TEST_STEP][PASSED] - wild[2] = "WILD_Double": null

2019-08-15 16:27:47 - [TEST_STEP][PASSED] - wild[3] = "WILD_ExtraFG": null

2019-08-15 16:27:47 - [TEST_STEP][PASSED] - wild[4] = "WILD_Triple": null

2019-08-15 16:27:47 - [TEST_STEP][PASSED] - wildList = Arrays.asList(wild): null

2019-08-15 16:27:47 - [TEST_STEP][PASSED] - wildList = wildList: null

2019-08-15 16:27:47 - [TEST_STEP][PASSED] - free_spin_reel_counter = []: null

2019-08-15 16:27:47 - [TEST_STEP][PASSED] - free_spin_reel_counter[0] = 0: null

2019-08-15 16:27:47 - [TEST_STEP][PASSED] - free_spin_reel_counter[1] = 0: null

2019-08-15 16:27:47 - [TEST_STEP][PASSED] - free_spin_reel_counter[2] = 0: null

2019-08-15 16:27:47 - [TEST_STEP][PASSED] - M4_spin_reels = reels: null

2019-08-15 16:27:47 - [TEST_STEP][PASSED] - for ([i = 0, i &lt; M4_spin_reels.size(), (i++)]): null

2019-08-15 16:27:47 - [TEST_STEP][PASSED] - symbols = symbols: null

2019-08-15 16:27:47 - [TEST_STEP][PASSED] - for ([j = 0, j &lt; symbols.size(), (j++)]): null

2019-08-15 16:27:47 - [TEST_STEP][PASSED] - symbol = symbol: null

2019-08-15 16:27:47 - [TEST_STEP][PASSED] - println(symbol): null

2019-08-15 16:27:47 - [TEST_STEP][PASSED] - if (i == 2 &amp;&amp; wildList.indexOf(symbol) != -1): null

2019-08-15 16:27:47 - [TEST_STEP][PASSED] - if (i == 3 &amp;&amp; wildList.indexOf(symbol) != -1): null

2019-08-15 16:27:47 - [TEST_STEP][PASSED] - if (i == 4 &amp;&amp; wildList.indexOf(symbol) != -1): null

2019-08-15 16:27:47 - [TEST_STEP][PASSED] - symbol = symbol: null

2019-08-15 16:27:47 - [TEST_STEP][PASSED] - println(symbol): null

2019-08-15 16:27:47 - [TEST_STEP][PASSED] - if (i == 2 &amp;&amp; wildList.indexOf(symbol) != -1): null

2019-08-15 16:27:47 - [TEST_STEP][PASSED] - if (i == 3 &amp;&amp; wildList.indexOf(symbol) != -1): null

2019-08-15 16:27:47 - [TEST_STEP][PASSED] - if (i == 4 &amp;&amp; wildList.indexOf(symbol) != -1): null

2019-08-15 16:27:47 - [TEST_STEP][PASSED] - symbol = symbol: null

2019-08-15 16:27:47 - [TEST_STEP][PASSED] - println(symbol): null

2019-08-15 16:27:47 - [TEST_STEP][PASSED] - if (i == 2 &amp;&amp; wildList.indexOf(symbol) != -1): null

2019-08-15 16:27:47 - [TEST_STEP][PASSED] - if (i == 3 &amp;&amp; wildList.indexOf(symbol) != -1): null

2019-08-15 16:27:47 - [TEST_STEP][PASSED] - if (i == 4 &amp;&amp; wildList.indexOf(symbol) != -1): null

2019-08-15 16:27:47 - [TEST_STEP][PASSED] - symbols = symbols: null

2019-08-15 16:27:47 - [TEST_STEP][PASSED] - for ([j = 0, j &lt; symbols.size(), (j++)]): null

2019-08-15 16:27:47 - [TEST_STEP][PASSED] - symbol = symbol: null

2019-08-15 16:27:47 - [TEST_STEP][PASSED] - println(symbol): null

2019-08-15 16:27:47 - [TEST_STEP][PASSED] - if (i == 2 &amp;&amp; wildList.indexOf(symbol) != -1): null

2019-08-15 16:27:47 - [TEST_STEP][PASSED] - if (i == 3 &amp;&amp; wildList.indexOf(symbol) != -1): null

2019-08-15 16:27:47 - [TEST_STEP][PASSED] - if (i == 4 &amp;&amp; wildList.indexOf(symbol) != -1): null

2019-08-15 16:27:47 - [TEST_STEP][PASSED] - symbol = symbol: null

2019-08-15 16:27:47 - [TEST_STEP][PASSED] - println(symbol): null

2019-08-15 16:27:47 - [TEST_STEP][PASSED] - if (i == 2 &amp;&amp; wildList.indexOf(symbol) != -1): null

2019-08-15 16:27:47 - [TEST_STEP][PASSED] - if (i == 3 &amp;&amp; wildList.indexOf(symbol) != -1): null

2019-08-15 16:27:47 - [TEST_STEP][PASSED] - if (i == 4 &amp;&amp; wildList.indexOf(symbol) != -1): null

2019-08-15 16:27:47 - [TEST_STEP][PASSED] - symbol = symbol: null

2019-08-15 16:27:47 - [TEST_STEP][PASSED] - println(symbol): null

2019-08-15 16:27:47 - [TEST_STEP][PASSED] - if (i == 2 &amp;&amp; wildList.indexOf(symbol) != -1): null

2019-08-15 16:27:47 - [TEST_STEP][PASSED] - if (i == 3 &amp;&amp; wildList.indexOf(symbol) != -1): null

2019-08-15 16:27:47 - [TEST_STEP][PASSED] - if (i == 4 &amp;&amp; wildList.indexOf(symbol) != -1): null

2019-08-15 16:27:47 - [TEST_STEP][PASSED] - symbols = symbols: null

2019-08-15 16:27:52 - [TEST_STEP][PASSED] - for ([j = 0, j &lt; symbols.size(), (j++)]): null

2019-08-15 16:27:52 - [TEST_STEP][PASSED] - symbol = symbol: null

2019-08-15 16:27:52 - [TEST_STEP][PASSED] - println(symbol): null

2019-08-15 16:27:52 - [TEST_STEP][PASSED] - if (i == 2 &amp;&amp; wildList.indexOf(symbol) != -1): null

2019-08-15 16:27:52 - [TEST_STEP][PASSED] - if (i == 3 &amp;&amp; wildList.indexOf(symbol) != -1): null

2019-08-15 16:27:52 - [TEST_STEP][PASSED] - if (i == 4 &amp;&amp; wildList.indexOf(symbol) != -1): null

2019-08-15 16:27:52 - [TEST_STEP][PASSED] - symbol = symbol: null

2019-08-15 16:27:52 - [TEST_STEP][PASSED] - println(symbol): null

2019-08-15 16:27:52 - [TEST_STEP][PASSED] - if (i == 2 &amp;&amp; wildList.indexOf(symbol) != -1): null

2019-08-15 16:27:52 - [TEST_STEP][PASSED] - if (i == 3 &amp;&amp; wildList.indexOf(symbol) != -1): null

2019-08-15 16:27:52 - [TEST_STEP][PASSED] - if (i == 4 &amp;&amp; wildList.indexOf(symbol) != -1): null

2019-08-15 16:27:53 - [TEST_STEP][PASSED] - symbol = symbol: null

2019-08-15 16:27:53 - [TEST_STEP][PASSED] - println(symbol): null

2019-08-15 16:27:53 - [TEST_STEP][PASSED] - if (i == 2 &amp;&amp; wildList.indexOf(symbol) != -1): null

2019-08-15 16:27:53 - [TEST_STEP][PASSED] - if (i == 3 &amp;&amp; wildList.indexOf(symbol) != -1): null

2019-08-15 16:27:53 - [TEST_STEP][PASSED] - if (i == 4 &amp;&amp; wildList.indexOf(symbol) != -1): null

2019-08-15 16:27:53 - [TEST_STEP][PASSED] - symbols = symbols: null

2019-08-15 16:27:53 - [TEST_STEP][PASSED] - for ([j = 0, j &lt; symbols.size(), (j++)]): null

2019-08-15 16:27:53 - [TEST_STEP][PASSED] - symbol = symbol: null

2019-08-15 16:27:53 - [TEST_STEP][PASSED] - println(symbol): null

2019-08-15 16:27:53 - [TEST_STEP][PASSED] - if (i == 2 &amp;&amp; wildList.indexOf(symbol) != -1): null

2019-08-15 16:27:53 - [TEST_STEP][PASSED] - if (i == 3 &amp;&amp; wildList.indexOf(symbol) != -1): null

2019-08-15 16:27:53 - [TEST_STEP][PASSED] - if (i == 4 &amp;&amp; wildList.indexOf(symbol) != -1): null

2019-08-15 16:27:53 - [TEST_STEP][PASSED] - symbol = symbol: null

2019-08-15 16:27:53 - [TEST_STEP][PASSED] - println(symbol): null

2019-08-15 16:27:53 - [TEST_STEP][PASSED] - if (i == 2 &amp;&amp; wildList.indexOf(symbol) != -1): null

2019-08-15 16:27:53 - [TEST_STEP][PASSED] - if (i == 3 &amp;&amp; wildList.indexOf(symbol) != -1): null

2019-08-15 16:27:53 - [TEST_STEP][PASSED] - if (i == 4 &amp;&amp; wildList.indexOf(symbol) != -1): null

2019-08-15 16:27:53 - [TEST_STEP][PASSED] - symbol = symbol: null

2019-08-15 16:27:53 - [TEST_STEP][PASSED] - println(symbol): null

2019-08-15 16:27:53 - [TEST_STEP][PASSED] - if (i == 2 &amp;&amp; wildList.indexOf(symbol) != -1): null

2019-08-15 16:27:53 - [TEST_STEP][PASSED] - if (i == 3 &amp;&amp; wildList.indexOf(symbol) != -1): null

2019-08-15 16:27:53 - [TEST_STEP][PASSED] - if (i == 4 &amp;&amp; wildList.indexOf(symbol) != -1): null

2019-08-15 16:27:53 - [TEST_STEP][PASSED] - symbols = symbols: null

2019-08-15 16:27:53 - [TEST_STEP][PASSED] - for ([j = 0, j &lt; symbols.size(), (j++)]): null

2019-08-15 16:27:53 - [TEST_STEP][PASSED] - symbol = symbol: null

2019-08-15 16:27:53 - [TEST_STEP][PASSED] - println(symbol): null

2019-08-15 16:27:53 - [TEST_STEP][PASSED] - if (i == 2 &amp;&amp; wildList.indexOf(symbol) != -1): null

2019-08-15 16:27:53 - [TEST_STEP][PASSED] - if (i == 3 &amp;&amp; wildList.indexOf(symbol) != -1): null

2019-08-15 16:27:53 - [TEST_STEP][PASSED] - if (i == 4 &amp;&amp; wildList.indexOf(symbol) != -1): null

2019-08-15 16:27:53 - [TEST_STEP][PASSED] - symbol = symbol: null

2019-08-15 16:27:53 - [TEST_STEP][PASSED] - println(symbol): null

2019-08-15 16:27:53 - [TEST_STEP][PASSED] - if (i == 2 &amp;&amp; wildList.indexOf(symbol) != -1): null

2019-08-15 16:27:53 - [TEST_STEP][PASSED] - if (i == 3 &amp;&amp; wildList.indexOf(symbol) != -1): null

2019-08-15 16:27:53 - [TEST_STEP][PASSED] - if (i == 4 &amp;&amp; wildList.indexOf(symbol) != -1): null

2019-08-15 16:27:53 - [TEST_STEP][PASSED] - symbol = symbol: null

2019-08-15 16:27:53 - [TEST_STEP][PASSED] - println(symbol): null

2019-08-15 16:27:53 - [TEST_STEP][PASSED] - if (i == 2 &amp;&amp; wildList.indexOf(symbol) != -1): null

2019-08-15 16:27:53 - [TEST_STEP][PASSED] - if (i == 3 &amp;&amp; wildList.indexOf(symbol) != -1): null

2019-08-15 16:27:53 - [TEST_STEP][PASSED] - if (i == 4 &amp;&amp; wildList.indexOf(symbol) != -1): null

2019-08-15 16:27:53 - [TEST_STEP][PASSED] - free_spin_reel_counter = free_spin_reel_counter: null

2019-08-15 16:27:53 - [TEST_STEP][PASSED] - println("reel 3 wild found: " + free_spin_reel_counter[0]): null

2019-08-15 16:27:53 - [TEST_STEP][PASSED] - println("reel 4 wild found: " + free_spin_reel_counter[1]): null

2019-08-15 16:27:53 - [TEST_STEP][PASSED] - println("reel 5 wild found: " + free_spin_reel_counter[2]): null

2019-08-15 16:27:53 - [TEST_STEP][PASSED] - M4_spin_reels = M4_spin_reels: null

2019-08-15 16:27:53 - [TEST_STEP][PASSED] - M4_spin_reels_symbols = symbol: null

2019-08-15 16:27:53 - [TEST_STEP][PASSED] - M4_spin_reels_symbols = M4_spin_reels_symbols: null

2019-08-15 16:27:53 - [TEST_STEP][PASSED] - M4_spin_reel_wins = reel_wins: null

2019-08-15 16:27:53 - [TEST_STEP][PASSED] - M4_spin_reel_wins = M4_spin_reel_wins: null

2019-08-15 16:27:53 - [TEST_STEP][PASSED] - println("GlobalVariable.M4_spin_reel_wins is: " + M4_spin_reel_wins): null

2019-08-15 16:27:53 - [TEST_STEP][PASSED] - M4_spin_total_bonus_win_this_round = total_bonus_win_this_round: null

2019-08-15 16:27:53 - [TEST_STEP][PASSED] - M4_spin_total_bonus_win_this_round = M4_spin_total_bonus_win_this_round: null

2019-08-15 16:27:53 - [TEST_STEP][PASSED] - println("GlobalVariable.M4_spin_total_bonus_win_this_round is: " + M4_spin_total_bonus_win_this_round): null

2019-08-15 16:27:53 - [MESSAGE][PASSED] - Verify response successfully

2019-08-15 16:27:53 - [MESSAGE][PASSED] - Send request and verify the response successfully

2019-08-15 16:27:53 - [TEST_STEP][PASSED] - if (M4_total_bonus_spins_int != 0 &amp;&amp; M4_spin_reels_symbols[2].contains("WILD_Normal") || M4_spin_reels_symbols[3].contains("WILD_Normal") || M4_spin_reels_symbols[4].contains("WILD_Normal")): null

2019-08-15 16:27:53 - [TEST_STEP][PASSED] - free_spin_reel_counter = free_spin_reel_counter: null

2019-08-15 16:27:53 - [TEST_STEP][PASSED] - M4_spin_reels_symbols = M4_spin_reels_symbols: null

2019-08-15 16:27:53 - [TEST_STEP][PASSED] - M4_total_bonus_spins = M4_total_bonus_spins: null

2019-08-15 16:27:53 - [TEST_STEP][PASSED] - spin_result = sendRequestAndVerify(findTestObject("STG/RGS(M4)/1_M4_spin", ["M4_login_user_id":M4_login_user_id, "rgs_session_token":rgs_session_token, "partner":Partner])): Send request and verify the response successfully

2019-08-15 16:27:53 - [TEST_CASE][PASSED] - Start Test Case : Verification: Verification accomplished successfully

2019-08-15 16:27:53 - [TEST_STEP][PASSED] - request = getInstance().getCurrentRequest(): null

2019-08-15 16:27:53 - [TEST_STEP][PASSED] - response = getInstance().getCurrentResponse(): null

2019-08-15 16:27:53 - [TEST_STEP][PASSED] - verifyResponseStatusCode(response, 200): Verify response status code successfully

2019-08-15 16:27:53 - [MESSAGE][PASSED] - Verify response status code successfully

2019-08-15 16:27:53 - [TEST_STEP][PASSED] - getStatusCode()).isEqualTo(200): null

2019-08-15 16:27:53 - [TEST_STEP][PASSED] - newline = System.getProperty("line.separator"): null

2019-08-15 16:27:53 - [TEST_STEP][PASSED] - M4_spin = new groovy.json.JsonSlurper(): null

2019-08-15 16:27:53 - [TEST_STEP][PASSED] - result_M4_spin = M4_spin.parseText(response.getResponseBodyContent()): null

2019-08-15 16:27:53 - [TEST_STEP][PASSED] - M4_spin_current_balance = current_balance: null

2019-08-15 16:27:53 - [TEST_STEP][PASSED] - M4_spin_current_balance = M4_spin_current_balance: null

2019-08-15 16:27:53 - [TEST_STEP][PASSED] - M4_spin_transaction_id = causality: null

2019-08-15 16:27:53 - [TEST_STEP][PASSED] - M4_spin_transaction_id = M4_spin_transaction_id: null

2019-08-15 16:27:53 - [TEST_STEP][PASSED] - M4_spin_round_id = round_id: null

2019-08-15 16:27:53 - [TEST_STEP][PASSED] - M4_spin_round_id = M4_spin_round_id: null

2019-08-15 16:27:53 - [TEST_STEP][PASSED] - M4_spin_line_wins = line_wins: null

2019-08-15 16:27:53 - [TEST_STEP][PASSED] - M4_spin_line_wins = M4_spin_line_wins: null

2019-08-15 16:27:53 - [TEST_STEP][PASSED] - M4_total_bonus_spins_int = total_bonus_spins: null

2019-08-15 16:27:53 - [TEST_STEP][PASSED] - println("******M4_total_bonus_spins type is:*******" + newline + getClass().getName()): null

2019-08-15 16:27:53 - [TEST_STEP][PASSED] - M4_total_bonus_spins_int = M4_total_bonus_spins_int: null

2019-08-15 16:27:53 - [TEST_STEP][PASSED] - M4_total_bonus_spins = Integer.toString(M4_total_bonus_spins_int): null

2019-08-15 16:27:53 - [TEST_STEP][PASSED] - M4_total_bonus_spins = M4_total_bonus_spins: null

2019-08-15 16:27:53 - [TEST_STEP][PASSED] - println("M4_total_bonus_spins is:" + M4_total_bonus_spins): null

2019-08-15 16:27:53 - [TEST_STEP][PASSED] - M4_spin_bonus_data = bonus_data: null

2019-08-15 16:27:53 - [TEST_STEP][PASSED] - M4_spin_features_triggered = result_M4_spin: null

2019-08-15 16:27:53 - [TEST_STEP][PASSED] - wild = []: null

2019-08-15 16:27:53 - [TEST_STEP][PASSED] - wild[0] = "WILD_Expanding": null

2019-08-15 16:27:53 - [TEST_STEP][PASSED] - wild[1] = "WILD_Normal": null

2019-08-15 16:27:53 - [TEST_STEP][PASSED] - wild[2] = "WILD_Double": null

2019-08-15 16:27:53 - [TEST_STEP][PASSED] - wild[3] = "WILD_ExtraFG": null

2019-08-15 16:27:53 - [TEST_STEP][PASSED] - wild[4] = "WILD_Triple": null

2019-08-15 16:27:53 - [TEST_STEP][PASSED] - wildList = Arrays.asList(wild): null

2019-08-15 16:27:53 - [TEST_STEP][PASSED] - wildList = wildList: null

2019-08-15 16:27:53 - [TEST_STEP][PASSED] - free_spin_reel_counter = []: null

2019-08-15 16:27:53 - [TEST_STEP][PASSED] - free_spin_reel_counter[0] = 0: null

2019-08-15 16:27:53 - [TEST_STEP][PASSED] - free_spin_reel_counter[1] = 0: null

2019-08-15 16:27:53 - [TEST_STEP][PASSED] - free_spin_reel_counter[2] = 0: null

2019-08-15 16:27:53 - [TEST_STEP][PASSED] - M4_spin_reels = reels: null

2019-08-15 16:27:53 - [TEST_STEP][PASSED] - for ([i = 0, i &lt; M4_spin_reels.size(), (i++)]): null

2019-08-15 16:27:53 - [TEST_STEP][PASSED] - symbols = symbols: null

2019-08-15 16:27:53 - [TEST_STEP][PASSED] - for ([j = 0, j &lt; symbols.size(), (j++)]): null

2019-08-15 16:27:53 - [TEST_STEP][PASSED] - symbol = symbol: null

2019-08-15 16:27:53 - [TEST_STEP][PASSED] - println(symbol): null

2019-08-15 16:27:53 - [TEST_STEP][PASSED] - if (i == 2 &amp;&amp; wildList.indexOf(symbol) != -1): null

2019-08-15 16:27:53 - [TEST_STEP][PASSED] - if (i == 3 &amp;&amp; wildList.indexOf(symbol) != -1): null

2019-08-15 16:27:53 - [TEST_STEP][PASSED] - if (i == 4 &amp;&amp; wildList.indexOf(symbol) != -1): null

2019-08-15 16:27:53 - [TEST_STEP][PASSED] - symbol = symbol: null

2019-08-15 16:27:53 - [TEST_STEP][PASSED] - println(symbol): null

2019-08-15 16:27:53 - [TEST_STEP][PASSED] - if (i == 2 &amp;&amp; wildList.indexOf(symbol) != -1): null

2019-08-15 16:27:53 - [TEST_STEP][PASSED] - if (i == 3 &amp;&amp; wildList.indexOf(symbol) != -1): null

2019-08-15 16:27:53 - [TEST_STEP][PASSED] - if (i == 4 &amp;&amp; wildList.indexOf(symbol) != -1): null

2019-08-15 16:27:53 - [TEST_STEP][PASSED] - symbol = symbol: null

2019-08-15 16:27:53 - [TEST_STEP][PASSED] - println(symbol): null

2019-08-15 16:27:53 - [TEST_STEP][PASSED] - if (i == 2 &amp;&amp; wildList.indexOf(symbol) != -1): null

2019-08-15 16:27:53 - [TEST_STEP][PASSED] - if (i == 3 &amp;&amp; wildList.indexOf(symbol) != -1): null

2019-08-15 16:27:53 - [TEST_STEP][PASSED] - if (i == 4 &amp;&amp; wildList.indexOf(symbol) != -1): null

2019-08-15 16:27:53 - [TEST_STEP][PASSED] - symbols = symbols: null

2019-08-15 16:27:53 - [TEST_STEP][PASSED] - for ([j = 0, j &lt; symbols.size(), (j++)]): null

2019-08-15 16:27:53 - [TEST_STEP][PASSED] - symbol = symbol: null

2019-08-15 16:27:53 - [TEST_STEP][PASSED] - println(symbol): null

2019-08-15 16:27:53 - [TEST_STEP][PASSED] - if (i == 2 &amp;&amp; wildList.indexOf(symbol) != -1): null

2019-08-15 16:27:53 - [TEST_STEP][PASSED] - if (i == 3 &amp;&amp; wildList.indexOf(symbol) != -1): null

2019-08-15 16:27:53 - [TEST_STEP][PASSED] - if (i == 4 &amp;&amp; wildList.indexOf(symbol) != -1): null

2019-08-15 16:27:53 - [TEST_STEP][PASSED] - symbol = symbol: null

2019-08-15 16:27:53 - [TEST_STEP][PASSED] - println(symbol): null

2019-08-15 16:27:53 - [TEST_STEP][PASSED] - if (i == 2 &amp;&amp; wildList.indexOf(symbol) != -1): null

2019-08-15 16:27:53 - [TEST_STEP][PASSED] - if (i == 3 &amp;&amp; wildList.indexOf(symbol) != -1): null

2019-08-15 16:27:53 - [TEST_STEP][PASSED] - if (i == 4 &amp;&amp; wildList.indexOf(symbol) != -1): null

2019-08-15 16:27:53 - [TEST_STEP][PASSED] - symbol = symbol: null

2019-08-15 16:27:53 - [TEST_STEP][PASSED] - println(symbol): null

2019-08-15 16:27:53 - [TEST_STEP][PASSED] - if (i == 2 &amp;&amp; wildList.indexOf(symbol) != -1): null

2019-08-15 16:27:53 - [TEST_STEP][PASSED] - if (i == 3 &amp;&amp; wildList.indexOf(symbol) != -1): null

2019-08-15 16:27:53 - [TEST_STEP][PASSED] - if (i == 4 &amp;&amp; wildList.indexOf(symbol) != -1): null

2019-08-15 16:27:53 - [TEST_STEP][PASSED] - symbols = symbols: null

2019-08-15 16:27:53 - [TEST_STEP][PASSED] - for ([j = 0, j &lt; symbols.size(), (j++)]): null

2019-08-15 16:27:53 - [TEST_STEP][PASSED] - symbol = symbol: null

2019-08-15 16:27:53 - [TEST_STEP][PASSED] - println(symbol): null

2019-08-15 16:27:53 - [TEST_STEP][PASSED] - if (i == 2 &amp;&amp; wildList.indexOf(symbol) != -1): null

2019-08-15 16:27:53 - [TEST_STEP][PASSED] - if (i == 3 &amp;&amp; wildList.indexOf(symbol) != -1): null

2019-08-15 16:27:53 - [TEST_STEP][PASSED] - if (i == 4 &amp;&amp; wildList.indexOf(symbol) != -1): null

2019-08-15 16:27:53 - [TEST_STEP][PASSED] - symbol = symbol: null

2019-08-15 16:27:53 - [TEST_STEP][PASSED] - println(symbol): null

2019-08-15 16:27:53 - [TEST_STEP][PASSED] - if (i == 2 &amp;&amp; wildList.indexOf(symbol) != -1): null

2019-08-15 16:27:53 - [TEST_STEP][PASSED] - if (i == 3 &amp;&amp; wildList.indexOf(symbol) != -1): null

2019-08-15 16:27:53 - [TEST_STEP][PASSED] - if (i == 4 &amp;&amp; wildList.indexOf(symbol) != -1): null

2019-08-15 16:27:53 - [TEST_STEP][PASSED] - symbol = symbol: null

2019-08-15 16:27:53 - [TEST_STEP][PASSED] - println(symbol): null

2019-08-15 16:27:53 - [TEST_STEP][PASSED] - if (i == 2 &amp;&amp; wildList.indexOf(symbol) != -1): null

2019-08-15 16:27:53 - [TEST_STEP][PASSED] - if (i == 3 &amp;&amp; wildList.indexOf(symbol) != -1): null

2019-08-15 16:27:53 - [TEST_STEP][PASSED] - if (i == 4 &amp;&amp; wildList.indexOf(symbol) != -1): null

2019-08-15 16:27:53 - [TEST_STEP][PASSED] - symbols = symbols: null

2019-08-15 16:27:53 - [TEST_STEP][PASSED] - for ([j = 0, j &lt; symbols.size(), (j++)]): null

2019-08-15 16:27:53 - [TEST_STEP][PASSED] - symbol = symbol: null

2019-08-15 16:27:53 - [TEST_STEP][PASSED] - println(symbol): null

2019-08-15 16:27:53 - [TEST_STEP][PASSED] - if (i == 2 &amp;&amp; wildList.indexOf(symbol) != -1): null

2019-08-15 16:27:53 - [TEST_STEP][PASSED] - if (i == 3 &amp;&amp; wildList.indexOf(symbol) != -1): null

2019-08-15 16:27:53 - [TEST_STEP][PASSED] - if (i == 4 &amp;&amp; wildList.indexOf(symbol) != -1): null

2019-08-15 16:27:53 - [TEST_STEP][PASSED] - symbol = symbol: null

2019-08-15 16:27:53 - [TEST_STEP][PASSED] - println(symbol): null

2019-08-15 16:27:53 - [TEST_STEP][PASSED] - if (i == 2 &amp;&amp; wildList.indexOf(symbol) != -1): null

2019-08-15 16:27:53 - [TEST_STEP][PASSED] - if (i == 3 &amp;&amp; wildList.indexOf(symbol) != -1): null

2019-08-15 16:27:53 - [TEST_STEP][PASSED] - if (i == 4 &amp;&amp; wildList.indexOf(symbol) != -1): null

2019-08-15 16:27:53 - [TEST_STEP][PASSED] - symbol = symbol: null

2019-08-15 16:27:53 - [TEST_STEP][PASSED] - println(symbol): null

2019-08-15 16:27:53 - [TEST_STEP][PASSED] - if (i == 2 &amp;&amp; wildList.indexOf(symbol) != -1): null

2019-08-15 16:27:53 - [TEST_STEP][PASSED] - if (i == 3 &amp;&amp; wildList.indexOf(symbol) != -1): null

2019-08-15 16:27:53 - [TEST_STEP][PASSED] - if (i == 4 &amp;&amp; wildList.indexOf(symbol) != -1): null

2019-08-15 16:27:53 - [TEST_STEP][PASSED] - symbols = symbols: null

2019-08-15 16:27:53 - [TEST_STEP][PASSED] - for ([j = 0, j &lt; symbols.size(), (j++)]): null

2019-08-15 16:27:53 - [TEST_STEP][PASSED] - symbol = symbol: null

2019-08-15 16:27:53 - [TEST_STEP][PASSED] - println(symbol): null

2019-08-15 16:27:53 - [TEST_STEP][PASSED] - if (i == 2 &amp;&amp; wildList.indexOf(symbol) != -1): null

2019-08-15 16:27:53 - [TEST_STEP][PASSED] - if (i == 3 &amp;&amp; wildList.indexOf(symbol) != -1): null

2019-08-15 16:27:53 - [TEST_STEP][PASSED] - if (i == 4 &amp;&amp; wildList.indexOf(symbol) != -1): null

2019-08-15 16:27:53 - [TEST_STEP][PASSED] - symbol = symbol: null

2019-08-15 16:27:53 - [TEST_STEP][PASSED] - println(symbol): null

2019-08-15 16:27:53 - [TEST_STEP][PASSED] - if (i == 2 &amp;&amp; wildList.indexOf(symbol) != -1): null

2019-08-15 16:27:53 - [TEST_STEP][PASSED] - if (i == 3 &amp;&amp; wildList.indexOf(symbol) != -1): null

2019-08-15 16:27:53 - [TEST_STEP][PASSED] - if (i == 4 &amp;&amp; wildList.indexOf(symbol) != -1): null

2019-08-15 16:27:53 - [TEST_STEP][PASSED] - symbol = symbol: null

2019-08-15 16:27:53 - [TEST_STEP][PASSED] - println(symbol): null

2019-08-15 16:27:53 - [TEST_STEP][PASSED] - if (i == 2 &amp;&amp; wildList.indexOf(symbol) != -1): null

2019-08-15 16:27:53 - [TEST_STEP][PASSED] - if (i == 3 &amp;&amp; wildList.indexOf(symbol) != -1): null

2019-08-15 16:27:53 - [TEST_STEP][PASSED] - if (i == 4 &amp;&amp; wildList.indexOf(symbol) != -1): null

2019-08-15 16:27:53 - [TEST_STEP][PASSED] - free_spin_reel_counter = free_spin_reel_counter: null

2019-08-15 16:27:53 - [TEST_STEP][PASSED] - println("reel 3 wild found: " + free_spin_reel_counter[0]): null

2019-08-15 16:27:53 - [TEST_STEP][PASSED] - println("reel 4 wild found: " + free_spin_reel_counter[1]): null

2019-08-15 16:27:53 - [TEST_STEP][PASSED] - println("reel 5 wild found: " + free_spin_reel_counter[2]): null

2019-08-15 16:27:53 - [TEST_STEP][PASSED] - M4_spin_reels = M4_spin_reels: null

2019-08-15 16:27:53 - [TEST_STEP][PASSED] - M4_spin_reels_symbols = symbol: null

2019-08-15 16:27:53 - [TEST_STEP][PASSED] - M4_spin_reels_symbols = M4_spin_reels_symbols: null

2019-08-15 16:27:53 - [TEST_STEP][PASSED] - M4_spin_reel_wins = reel_wins: null

2019-08-15 16:27:53 - [TEST_STEP][PASSED] - M4_spin_reel_wins = M4_spin_reel_wins: null

2019-08-15 16:27:53 - [TEST_STEP][PASSED] - println("GlobalVariable.M4_spin_reel_wins is: " + M4_spin_reel_wins): null

2019-08-15 16:27:53 - [TEST_STEP][PASSED] - M4_spin_total_bonus_win_this_round = total_bonus_win_this_round: null

2019-08-15 16:27:53 - [TEST_STEP][PASSED] - M4_spin_total_bonus_win_this_round = M4_spin_total_bonus_win_this_round: null

2019-08-15 16:27:53 - [TEST_STEP][PASSED] - println("GlobalVariable.M4_spin_total_bonus_win_this_round is: " + M4_spin_total_bonus_win_this_round): null

2019-08-15 16:27:53 - [MESSAGE][PASSED] - Verify response successfully

2019-08-15 16:27:53 - [MESSAGE][PASSED] - Send request and verify the response successfully

2019-08-15 16:27:53 - [TEST_STEP][PASSED] - if (M4_total_bonus_spins_int != 0 &amp;&amp; M4_spin_reels_symbols[2].contains("WILD_Normal") || M4_spin_reels_symbols[3].contains("WILD_Normal") || M4_spin_reels_symbols[4].contains("WILD_Normal")): null

2019-08-15 16:27:53 - [TEST_STEP][PASSED] - free_spin_reel_counter = free_spin_reel_counter: null

2019-08-15 16:27:53 - [TEST_STEP][PASSED] - M4_spin_reels_symbols = M4_spin_reels_symbols: null

2019-08-15 16:27:53 - [TEST_STEP][PASSED] - M4_total_bonus_spins = M4_total_bonus_spins: null

2019-08-15 16:27:53 - [TEST_STEP][PASSED] - spin_result = sendRequestAndVerify(findTestObject("STG/RGS(M4)/1_M4_spin", ["M4_login_user_id":M4_login_user_id, "rgs_session_token":rgs_session_token, "partner":Partner])): Send request and verify the response successfully

2019-08-15 16:27:53 - [TEST_CASE][PASSED] - Start Test Case : Verification: Verification accomplished successfully

2019-08-15 16:27:53 - [TEST_STEP][PASSED] - request = getInstance().getCurrentRequest(): null

2019-08-15 16:27:53 - [TEST_STEP][PASSED] - response = getInstance().getCurrentResponse(): null

2019-08-15 16:27:53 - [TEST_STEP][PASSED] - verifyResponseStatusCode(response, 200): Verify response status code successfully

2019-08-15 16:27:53 - [MESSAGE][PASSED] - Verify response status code successfully

2019-08-15 16:27:53 - [TEST_STEP][PASSED] - getStatusCode()).isEqualTo(200): null

2019-08-15 16:27:53 - [TEST_STEP][PASSED] - newline = System.getProperty("line.separator"): null

2019-08-15 16:27:53 - [TEST_STEP][PASSED] - M4_spin = new groovy.json.JsonSlurper(): null

2019-08-15 16:27:53 - [TEST_STEP][PASSED] - result_M4_spin = M4_spin.parseText(response.getResponseBodyContent()): null

2019-08-15 16:27:53 - [TEST_STEP][PASSED] - M4_spin_current_balance = current_balance: null

2019-08-15 16:27:53 - [TEST_STEP][PASSED] - M4_spin_current_balance = M4_spin_current_balance: null

2019-08-15 16:27:53 - [TEST_STEP][PASSED] - M4_spin_transaction_id = causality: null

2019-08-15 16:27:53 - [TEST_STEP][PASSED] - M4_spin_transaction_id = M4_spin_transaction_id: null

2019-08-15 16:27:53 - [TEST_STEP][PASSED] - M4_spin_round_id = round_id: null

2019-08-15 16:27:53 - [TEST_STEP][PASSED] - M4_spin_round_id = M4_spin_round_id: null

2019-08-15 16:27:53 - [TEST_STEP][PASSED] - M4_spin_line_wins = line_wins: null

2019-08-15 16:27:53 - [TEST_STEP][PASSED] - M4_spin_line_wins = M4_spin_line_wins: null

2019-08-15 16:27:53 - [TEST_STEP][PASSED] - M4_total_bonus_spins_int = total_bonus_spins: null

2019-08-15 16:27:53 - [TEST_STEP][PASSED] - println("******M4_total_bonus_spins type is:*******" + newline + getClass().getName()): null

2019-08-15 16:27:53 - [TEST_STEP][PASSED] - M4_total_bonus_spins_int = M4_total_bonus_spins_int: null

2019-08-15 16:27:53 - [TEST_STEP][PASSED] - M4_total_bonus_spins = Integer.toString(M4_total_bonus_spins_int): null

2019-08-15 16:27:53 - [TEST_STEP][PASSED] - M4_total_bonus_spins = M4_total_bonus_spins: null

2019-08-15 16:27:53 - [TEST_STEP][PASSED] - println("M4_total_bonus_spins is:" + M4_total_bonus_spins): null

2019-08-15 16:27:53 - [TEST_STEP][PASSED] - M4_spin_bonus_data = bonus_data: null

2019-08-15 16:27:53 - [TEST_STEP][PASSED] - M4_spin_features_triggered = result_M4_spin: null

2019-08-15 16:27:53 - [TEST_STEP][PASSED] - wild = []: null

2019-08-15 16:27:53 - [TEST_STEP][PASSED] - wild[0] = "WILD_Expanding": null

2019-08-15 16:27:53 - [TEST_STEP][PASSED] - wild[1] = "WILD_Normal": null

2019-08-15 16:27:53 - [TEST_STEP][PASSED] - wild[2] = "WILD_Double": null

2019-08-15 16:27:53 - [TEST_STEP][PASSED] - wild[3] = "WILD_ExtraFG": null

2019-08-15 16:27:53 - [TEST_STEP][PASSED] - wild[4] = "WILD_Triple": null

2019-08-15 16:27:53 - [TEST_STEP][PASSED] - wildList = Arrays.asList(wild): null

2019-08-15 16:27:53 - [TEST_STEP][PASSED] - wildList = wildList: null

2019-08-15 16:27:53 - [TEST_STEP][PASSED] - free_spin_reel_counter = []: null

2019-08-15 16:27:53 - [TEST_STEP][PASSED] - free_spin_reel_counter[0] = 0: null

2019-08-15 16:27:53 - [TEST_STEP][PASSED] - free_spin_reel_counter[1] = 0: null

2019-08-15 16:27:53 - [TEST_STEP][PASSED] - free_spin_reel_counter[2] = 0: null

2019-08-15 16:27:53 - [TEST_STEP][PASSED] - M4_spin_reels = reels: null

2019-08-15 16:27:53 - [TEST_STEP][PASSED] - for ([i = 0, i &lt; M4_spin_reels.size(), (i++)]): null

2019-08-15 16:27:53 - [TEST_STEP][PASSED] - symbols = symbols: null

2019-08-15 16:27:53 - [TEST_STEP][PASSED] - for ([j = 0, j &lt; symbols.size(), (j++)]): null

2019-08-15 16:27:53 - [TEST_STEP][PASSED] - symbol = symbol: null

2019-08-15 16:27:53 - [TEST_STEP][PASSED] - println(symbol): null

2019-08-15 16:27:53 - [TEST_STEP][PASSED] - if (i == 2 &amp;&amp; wildList.indexOf(symbol) != -1): null

2019-08-15 16:27:53 - [TEST_STEP][PASSED] - if (i == 3 &amp;&amp; wildList.indexOf(symbol) != -1): null

2019-08-15 16:27:53 - [TEST_STEP][PASSED] - if (i == 4 &amp;&amp; wildList.indexOf(symbol) != -1): null

2019-08-15 16:27:53 - [TEST_STEP][PASSED] - symbol = symbol: null

2019-08-15 16:27:53 - [TEST_STEP][PASSED] - println(symbol): null

2019-08-15 16:27:53 - [TEST_STEP][PASSED] - if (i == 2 &amp;&amp; wildList.indexOf(symbol) != -1): null

2019-08-15 16:27:53 - [TEST_STEP][PASSED] - if (i == 3 &amp;&amp; wildList.indexOf(symbol) != -1): null

2019-08-15 16:27:53 - [TEST_STEP][PASSED] - if (i == 4 &amp;&amp; wildList.indexOf(symbol) != -1): null

2019-08-15 16:27:53 - [TEST_STEP][PASSED] - symbol = symbol: null

2019-08-15 16:27:53 - [TEST_STEP][PASSED] - println(symbol): null

2019-08-15 16:27:53 - [TEST_STEP][PASSED] - if (i == 2 &amp;&amp; wildList.indexOf(symbol) != -1): null

2019-08-15 16:27:53 - [TEST_STEP][PASSED] - if (i == 3 &amp;&amp; wildList.indexOf(symbol) != -1): null

2019-08-15 16:27:53 - [TEST_STEP][PASSED] - if (i == 4 &amp;&amp; wildList.indexOf(symbol) != -1): null

2019-08-15 16:27:53 - [TEST_STEP][PASSED] - symbols = symbols: null

2019-08-15 16:27:53 - [TEST_STEP][PASSED] - for ([j = 0, j &lt; symbols.size(), (j++)]): null

2019-08-15 16:27:53 - [TEST_STEP][PASSED] - symbol = symbol: null

2019-08-15 16:27:53 - [TEST_STEP][PASSED] - println(symbol): null

2019-08-15 16:27:53 - [TEST_STEP][PASSED] - if (i == 2 &amp;&amp; wildList.indexOf(symbol) != -1): null

2019-08-15 16:27:53 - [TEST_STEP][PASSED] - if (i == 3 &amp;&amp; wildList.indexOf(symbol) != -1): null

2019-08-15 16:27:53 - [TEST_STEP][PASSED] - if (i == 4 &amp;&amp; wildList.indexOf(symbol) != -1): null

2019-08-15 16:27:53 - [TEST_STEP][PASSED] - symbol = symbol: null

2019-08-15 16:27:53 - [TEST_STEP][PASSED] - println(symbol): null

2019-08-15 16:27:53 - [TEST_STEP][PASSED] - if (i == 2 &amp;&amp; wildList.indexOf(symbol) != -1): null

2019-08-15 16:27:53 - [TEST_STEP][PASSED] - if (i == 3 &amp;&amp; wildList.indexOf(symbol) != -1): null

2019-08-15 16:27:53 - [TEST_STEP][PASSED] - if (i == 4 &amp;&amp; wildList.indexOf(symbol) != -1): null

2019-08-15 16:27:53 - [TEST_STEP][PASSED] - symbol = symbol: null

2019-08-15 16:27:53 - [TEST_STEP][PASSED] - println(symbol): null

2019-08-15 16:27:53 - [TEST_STEP][PASSED] - if (i == 2 &amp;&amp; wildList.indexOf(symbol) != -1): null

2019-08-15 16:27:53 - [TEST_STEP][PASSED] - if (i == 3 &amp;&amp; wildList.indexOf(symbol) != -1): null

2019-08-15 16:27:53 - [TEST_STEP][PASSED] - if (i == 4 &amp;&amp; wildList.indexOf(symbol) != -1): null

2019-08-15 16:27:53 - [TEST_STEP][PASSED] - symbols = symbols: null

2019-08-15 16:27:53 - [TEST_STEP][PASSED] - for ([j = 0, j &lt; symbols.size(), (j++)]): null

2019-08-15 16:27:53 - [TEST_STEP][PASSED] - symbol = symbol: null

2019-08-15 16:27:53 - [TEST_STEP][PASSED] - println(symbol): null

2019-08-15 16:27:53 - [TEST_STEP][PASSED] - if (i == 2 &amp;&amp; wildList.indexOf(symbol) != -1): null

2019-08-15 16:27:53 - [TEST_STEP][PASSED] - if (i == 3 &amp;&amp; wildList.indexOf(symbol) != -1): null

2019-08-15 16:27:53 - [TEST_STEP][PASSED] - if (i == 4 &amp;&amp; wildList.indexOf(symbol) != -1): null

2019-08-15 16:27:53 - [TEST_STEP][PASSED] - symbol = symbol: null

2019-08-15 16:27:53 - [TEST_STEP][PASSED] - println(symbol): null

2019-08-15 16:27:53 - [TEST_STEP][PASSED] - if (i == 2 &amp;&amp; wildList.indexOf(symbol) != -1): null

2019-08-15 16:27:53 - [TEST_STEP][PASSED] - if (i == 3 &amp;&amp; wildList.indexOf(symbol) != -1): null

2019-08-15 16:27:53 - [TEST_STEP][PASSED] - if (i == 4 &amp;&amp; wildList.indexOf(symbol) != -1): null

2019-08-15 16:27:53 - [TEST_STEP][PASSED] - symbol = symbol: null

2019-08-15 16:27:53 - [TEST_STEP][PASSED] - println(symbol): null

2019-08-15 16:27:53 - [TEST_STEP][PASSED] - if (i == 2 &amp;&amp; wildList.indexOf(symbol) != -1): null

2019-08-15 16:27:53 - [TEST_STEP][PASSED] - if (i == 3 &amp;&amp; wildList.indexOf(symbol) != -1): null

2019-08-15 16:27:53 - [TEST_STEP][PASSED] - if (i == 4 &amp;&amp; wildList.indexOf(symbol) != -1): null

2019-08-15 16:27:53 - [TEST_STEP][PASSED] - symbols = symbols: null

2019-08-15 16:27:53 - [TEST_STEP][PASSED] - for ([j = 0, j &lt; symbols.size(), (j++)]): null

2019-08-15 16:27:53 - [TEST_STEP][PASSED] - symbol = symbol: null

2019-08-15 16:27:53 - [TEST_STEP][PASSED] - println(symbol): null

2019-08-15 16:27:53 - [TEST_STEP][PASSED] - if (i == 2 &amp;&amp; wildList.indexOf(symbol) != -1): null

2019-08-15 16:27:53 - [TEST_STEP][PASSED] - if (i == 3 &amp;&amp; wildList.indexOf(symbol) != -1): null

2019-08-15 16:27:53 - [TEST_STEP][PASSED] - if (i == 4 &amp;&amp; wildList.indexOf(symbol) != -1): null

2019-08-15 16:27:53 - [TEST_STEP][PASSED] - symbol = symbol: null

2019-08-15 16:27:53 - [TEST_STEP][PASSED] - println(symbol): null

2019-08-15 16:27:53 - [TEST_STEP][PASSED] - if (i == 2 &amp;&amp; wildList.indexOf(symbol) != -1): null

2019-08-15 16:27:53 - [TEST_STEP][PASSED] - if (i == 3 &amp;&amp; wildList.indexOf(symbol) != -1): null

2019-08-15 16:27:53 - [TEST_STEP][PASSED] - if (i == 4 &amp;&amp; wildList.indexOf(symbol) != -1): null

2019-08-15 16:27:53 - [TEST_STEP][PASSED] - symbol = symbol: null

2019-08-15 16:27:53 - [TEST_STEP][PASSED] - println(symbol): null

2019-08-15 16:27:53 - [TEST_STEP][PASSED] - if (i == 2 &amp;&amp; wildList.indexOf(symbol) != -1): null

2019-08-15 16:27:53 - [TEST_STEP][PASSED] - if (i == 3 &amp;&amp; wildList.indexOf(symbol) != -1): null

2019-08-15 16:27:53 - [TEST_STEP][PASSED] - println("wild found on reel 4, adding counter by 1"): null

2019-08-15 16:27:53 - [TEST_STEP][PASSED] - free_spin_reel_counter[1] = free_spin_reel_counter[1] + 1: null

2019-08-15 16:27:53 - [TEST_STEP][PASSED] - if (i == 4 &amp;&amp; wildList.indexOf(symbol) != -1): null

2019-08-15 16:27:53 - [TEST_STEP][PASSED] - symbols = symbols: null

2019-08-15 16:27:53 - [TEST_STEP][PASSED] - for ([j = 0, j &lt; symbols.size(), (j++)]): null

2019-08-15 16:27:53 - [TEST_STEP][PASSED] - symbol = symbol: null

2019-08-15 16:27:53 - [TEST_STEP][PASSED] - println(symbol): null

2019-08-15 16:27:53 - [TEST_STEP][PASSED] - if (i == 2 &amp;&amp; wildList.indexOf(symbol) != -1): null

2019-08-15 16:27:53 - [TEST_STEP][PASSED] - if (i == 3 &amp;&amp; wildList.indexOf(symbol) != -1): null

2019-08-15 16:27:53 - [TEST_STEP][PASSED] - if (i == 4 &amp;&amp; wildList.indexOf(symbol) != -1): null

2019-08-15 16:27:53 - [TEST_STEP][PASSED] - symbol = symbol: null

2019-08-15 16:27:53 - [TEST_STEP][PASSED] - println(symbol): null

2019-08-15 16:27:53 - [TEST_STEP][PASSED] - if (i == 2 &amp;&amp; wildList.indexOf(symbol) != -1): null

2019-08-15 16:27:53 - [TEST_STEP][PASSED] - if (i == 3 &amp;&amp; wildList.indexOf(symbol) != -1): null

2019-08-15 16:27:58 - [TEST_STEP][PASSED] - if (i == 4 &amp;&amp; wildList.indexOf(symbol) != -1): null

2019-08-15 16:27:58 - [TEST_STEP][PASSED] - symbol = symbol: null

2019-08-15 16:27:58 - [TEST_STEP][PASSED] - println(symbol): null

2019-08-15 16:27:58 - [TEST_STEP][PASSED] - if (i == 2 &amp;&amp; wildList.indexOf(symbol) != -1): null

2019-08-15 16:27:58 - [TEST_STEP][PASSED] - if (i == 3 &amp;&amp; wildList.indexOf(symbol) != -1): null

2019-08-15 16:27:58 - [TEST_STEP][PASSED] - if (i == 4 &amp;&amp; wildList.indexOf(symbol) != -1): null

2019-08-15 16:27:58 - [TEST_STEP][PASSED] - free_spin_reel_counter = free_spin_reel_counter: null

2019-08-15 16:27:58 - [TEST_STEP][PASSED] - println("reel 3 wild found: " + free_spin_reel_counter[0]): null

2019-08-15 16:27:58 - [TEST_STEP][PASSED] - println("reel 4 wild found: " + free_spin_reel_counter[1]): null

2019-08-15 16:27:59 - [TEST_STEP][PASSED] - println("reel 5 wild found: " + free_spin_reel_counter[2]): null

2019-08-15 16:27:59 - [TEST_STEP][PASSED] - M4_spin_reels = M4_spin_reels: null

2019-08-15 16:27:59 - [TEST_STEP][PASSED] - M4_spin_reels_symbols = symbol: null

2019-08-15 16:27:59 - [TEST_STEP][PASSED] - M4_spin_reels_symbols = M4_spin_reels_symbols: null

2019-08-15 16:27:59 - [TEST_STEP][PASSED] - M4_spin_reel_wins = reel_wins: null

2019-08-15 16:27:59 - [TEST_STEP][PASSED] - M4_spin_reel_wins = M4_spin_reel_wins: null

2019-08-15 16:27:59 - [TEST_STEP][PASSED] - println("GlobalVariable.M4_spin_reel_wins is: " + M4_spin_reel_wins): null

2019-08-15 16:27:59 - [TEST_STEP][PASSED] - M4_spin_total_bonus_win_this_round = total_bonus_win_this_round: null

2019-08-15 16:27:59 - [TEST_STEP][PASSED] - M4_spin_total_bonus_win_this_round = M4_spin_total_bonus_win_this_round: null

2019-08-15 16:27:59 - [TEST_STEP][PASSED] - println("GlobalVariable.M4_spin_total_bonus_win_this_round is: " + M4_spin_total_bonus_win_this_round): null

2019-08-15 16:27:59 - [MESSAGE][PASSED] - Verify response successfully

2019-08-15 16:27:59 - [MESSAGE][PASSED] - Send request and verify the response successfully

2019-08-15 16:27:59 - [TEST_STEP][PASSED] - if (M4_total_bonus_spins_int != 0 &amp;&amp; M4_spin_reels_symbols[2].contains("WILD_Normal") || M4_spin_reels_symbols[3].contains("WILD_Normal") || M4_spin_reels_symbols[4].contains("WILD_Normal")): null

2019-08-15 16:27:59 - [TEST_STEP][PASSED] - free_spin_reel_counter = free_spin_reel_counter: null

2019-08-15 16:27:59 - [TEST_STEP][PASSED] - M4_spin_reels_symbols = M4_spin_reels_symbols: null

2019-08-15 16:27:59 - [TEST_STEP][PASSED] - M4_total_bonus_spins = M4_total_bonus_spins: null

2019-08-15 16:27:59 - [TEST_STEP][PASSED] - spin_result = sendRequestAndVerify(findTestObject("STG/RGS(M4)/1_M4_spin", ["M4_login_user_id":M4_login_user_id, "rgs_session_token":rgs_session_token, "partner":Partner])): Send request and verify the response successfully

2019-08-15 16:28:00 - [TEST_CASE][PASSED] - Start Test Case : Verification: Verification accomplished successfully

2019-08-15 16:28:00 - [TEST_STEP][PASSED] - request = getInstance().getCurrentRequest(): null

2019-08-15 16:28:00 - [TEST_STEP][PASSED] - response = getInstance().getCurrentResponse(): null

2019-08-15 16:28:00 - [TEST_STEP][PASSED] - verifyResponseStatusCode(response, 200): Verify response status code successfully

2019-08-15 16:28:00 - [MESSAGE][PASSED] - Verify response status code successfully

2019-08-15 16:28:00 - [TEST_STEP][PASSED] - getStatusCode()).isEqualTo(200): null

2019-08-15 16:28:00 - [TEST_STEP][PASSED] - newline = System.getProperty("line.separator"): null

2019-08-15 16:28:00 - [TEST_STEP][PASSED] - M4_spin = new groovy.json.JsonSlurper(): null

2019-08-15 16:28:00 - [TEST_STEP][PASSED] - result_M4_spin = M4_spin.parseText(response.getResponseBodyContent()): null

2019-08-15 16:28:00 - [TEST_STEP][PASSED] - M4_spin_current_balance = current_balance: null

2019-08-15 16:28:00 - [TEST_STEP][PASSED] - M4_spin_current_balance = M4_spin_current_balance: null

2019-08-15 16:28:00 - [TEST_STEP][PASSED] - M4_spin_transaction_id = causality: null

2019-08-15 16:28:00 - [TEST_STEP][PASSED] - M4_spin_transaction_id = M4_spin_transaction_id: null

2019-08-15 16:28:00 - [TEST_STEP][PASSED] - M4_spin_round_id = round_id: null

2019-08-15 16:28:00 - [TEST_STEP][PASSED] - M4_spin_round_id = M4_spin_round_id: null

2019-08-15 16:28:00 - [TEST_STEP][PASSED] - M4_spin_line_wins = line_wins: null

2019-08-15 16:28:00 - [TEST_STEP][PASSED] - M4_spin_line_wins = M4_spin_line_wins: null

2019-08-15 16:28:00 - [TEST_STEP][PASSED] - M4_total_bonus_spins_int = total_bonus_spins: null

2019-08-15 16:28:00 - [TEST_STEP][PASSED] - println("******M4_total_bonus_spins type is:*******" + newline + getClass().getName()): null

2019-08-15 16:28:00 - [TEST_STEP][PASSED] - M4_total_bonus_spins_int = M4_total_bonus_spins_int: null

2019-08-15 16:28:00 - [TEST_STEP][PASSED] - M4_total_bonus_spins = Integer.toString(M4_total_bonus_spins_int): null

2019-08-15 16:28:00 - [TEST_STEP][PASSED] - M4_total_bonus_spins = M4_total_bonus_spins: null

2019-08-15 16:28:00 - [TEST_STEP][PASSED] - println("M4_total_bonus_spins is:" + M4_total_bonus_spins): null

2019-08-15 16:28:00 - [TEST_STEP][PASSED] - M4_spin_bonus_data = bonus_data: null

2019-08-15 16:28:00 - [TEST_STEP][PASSED] - M4_spin_features_triggered = result_M4_spin: null

2019-08-15 16:28:00 - [TEST_STEP][PASSED] - wild = []: null

2019-08-15 16:28:00 - [TEST_STEP][PASSED] - wild[0] = "WILD_Expanding": null

2019-08-15 16:28:00 - [TEST_STEP][PASSED] - wild[1] = "WILD_Normal": null

2019-08-15 16:28:00 - [TEST_STEP][PASSED] - wild[2] = "WILD_Double": null

2019-08-15 16:28:00 - [TEST_STEP][PASSED] - wild[3] = "WILD_ExtraFG": null

2019-08-15 16:28:00 - [TEST_STEP][PASSED] - wild[4] = "WILD_Triple": null

2019-08-15 16:28:00 - [TEST_STEP][PASSED] - wildList = Arrays.asList(wild): null

2019-08-15 16:28:00 - [TEST_STEP][PASSED] - wildList = wildList: null

2019-08-15 16:28:00 - [TEST_STEP][PASSED] - free_spin_reel_counter = []: null

2019-08-15 16:28:00 - [TEST_STEP][PASSED] - free_spin_reel_counter[0] = 0: null

2019-08-15 16:28:00 - [TEST_STEP][PASSED] - free_spin_reel_counter[1] = 0: null

2019-08-15 16:28:00 - [TEST_STEP][PASSED] - free_spin_reel_counter[2] = 0: null

2019-08-15 16:28:00 - [TEST_STEP][PASSED] - M4_spin_reels = reels: null

2019-08-15 16:28:00 - [TEST_STEP][PASSED] - for ([i = 0, i &lt; M4_spin_reels.size(), (i++)]): null

2019-08-15 16:28:00 - [TEST_STEP][PASSED] - symbols = symbols: null

2019-08-15 16:28:00 - [TEST_STEP][PASSED] - for ([j = 0, j &lt; symbols.size(), (j++)]): null

2019-08-15 16:28:00 - [TEST_STEP][PASSED] - symbol = symbol: null

2019-08-15 16:28:00 - [TEST_STEP][PASSED] - println(symbol): null

2019-08-15 16:28:00 - [TEST_STEP][PASSED] - if (i == 2 &amp;&amp; wildList.indexOf(symbol) != -1): null

2019-08-15 16:28:00 - [TEST_STEP][PASSED] - if (i == 3 &amp;&amp; wildList.indexOf(symbol) != -1): null

2019-08-15 16:28:00 - [TEST_STEP][PASSED] - if (i == 4 &amp;&amp; wildList.indexOf(symbol) != -1): null

2019-08-15 16:28:00 - [TEST_STEP][PASSED] - symbol = symbol: null

2019-08-15 16:28:00 - [TEST_STEP][PASSED] - println(symbol): null

2019-08-15 16:28:00 - [TEST_STEP][PASSED] - if (i == 2 &amp;&amp; wildList.indexOf(symbol) != -1): null

2019-08-15 16:28:00 - [TEST_STEP][PASSED] - if (i == 3 &amp;&amp; wildList.indexOf(symbol) != -1): null

2019-08-15 16:28:00 - [TEST_STEP][PASSED] - if (i == 4 &amp;&amp; wildList.indexOf(symbol) != -1): null

2019-08-15 16:28:00 - [TEST_STEP][PASSED] - symbol = symbol: null

2019-08-15 16:28:00 - [TEST_STEP][PASSED] - println(symbol): null

2019-08-15 16:28:00 - [TEST_STEP][PASSED] - if (i == 2 &amp;&amp; wildList.indexOf(symbol) != -1): null

2019-08-15 16:28:00 - [TEST_STEP][PASSED] - if (i == 3 &amp;&amp; wildList.indexOf(symbol) != -1): null

2019-08-15 16:28:00 - [TEST_STEP][PASSED] - if (i == 4 &amp;&amp; wildList.indexOf(symbol) != -1): null

2019-08-15 16:28:00 - [TEST_STEP][PASSED] - symbols = symbols: null

2019-08-15 16:28:00 - [TEST_STEP][PASSED] - for ([j = 0, j &lt; symbols.size(), (j++)]): null

2019-08-15 16:28:00 - [TEST_STEP][PASSED] - symbol = symbol: null

2019-08-15 16:28:00 - [TEST_STEP][PASSED] - println(symbol): null

2019-08-15 16:28:00 - [TEST_STEP][PASSED] - if (i == 2 &amp;&amp; wildList.indexOf(symbol) != -1): null

2019-08-15 16:28:00 - [TEST_STEP][PASSED] - if (i == 3 &amp;&amp; wildList.indexOf(symbol) != -1): null

2019-08-15 16:28:00 - [TEST_STEP][PASSED] - if (i == 4 &amp;&amp; wildList.indexOf(symbol) != -1): null

2019-08-15 16:28:00 - [TEST_STEP][PASSED] - symbol = symbol: null

2019-08-15 16:28:00 - [TEST_STEP][PASSED] - println(symbol): null

2019-08-15 16:28:00 - [TEST_STEP][PASSED] - if (i == 2 &amp;&amp; wildList.indexOf(symbol) != -1): null

2019-08-15 16:28:00 - [TEST_STEP][PASSED] - if (i == 3 &amp;&amp; wildList.indexOf(symbol) != -1): null

2019-08-15 16:28:00 - [TEST_STEP][PASSED] - if (i == 4 &amp;&amp; wildList.indexOf(symbol) != -1): null

2019-08-15 16:28:00 - [TEST_STEP][PASSED] - symbol = symbol: null

2019-08-15 16:28:00 - [TEST_STEP][PASSED] - println(symbol): null

2019-08-15 16:28:00 - [TEST_STEP][PASSED] - if (i == 2 &amp;&amp; wildList.indexOf(symbol) != -1): null

2019-08-15 16:28:00 - [TEST_STEP][PASSED] - if (i == 3 &amp;&amp; wildList.indexOf(symbol) != -1): null

2019-08-15 16:28:00 - [TEST_STEP][PASSED] - if (i == 4 &amp;&amp; wildList.indexOf(symbol) != -1): null

2019-08-15 16:28:00 - [TEST_STEP][PASSED] - symbols = symbols: null

2019-08-15 16:28:00 - [TEST_STEP][PASSED] - for ([j = 0, j &lt; symbols.size(), (j++)]): null

2019-08-15 16:28:00 - [TEST_STEP][PASSED] - symbol = symbol: null

2019-08-15 16:28:00 - [TEST_STEP][PASSED] - println(symbol): null

2019-08-15 16:28:00 - [TEST_STEP][PASSED] - if (i == 2 &amp;&amp; wildList.indexOf(symbol) != -1): null

2019-08-15 16:28:00 - [TEST_STEP][PASSED] - println("wild found on reel 3, adding counter by 1"): null

2019-08-15 16:28:00 - [TEST_STEP][PASSED] - free_spin_reel_counter[0] = free_spin_reel_counter[0] + 1: null

2019-08-15 16:28:00 - [TEST_STEP][PASSED] - if (i == 3 &amp;&amp; wildList.indexOf(symbol) != -1): null

2019-08-15 16:28:00 - [TEST_STEP][PASSED] - if (i == 4 &amp;&amp; wildList.indexOf(symbol) != -1): null

2019-08-15 16:28:00 - [TEST_STEP][PASSED] - symbol = symbol: null

2019-08-15 16:28:00 - [TEST_STEP][PASSED] - println(symbol): null

2019-08-15 16:28:00 - [TEST_STEP][PASSED] - if (i == 2 &amp;&amp; wildList.indexOf(symbol) != -1): null

2019-08-15 16:28:00 - [TEST_STEP][PASSED] - if (i == 3 &amp;&amp; wildList.indexOf(symbol) != -1): null

2019-08-15 16:28:00 - [TEST_STEP][PASSED] - if (i == 4 &amp;&amp; wildList.indexOf(symbol) != -1): null

2019-08-15 16:28:00 - [TEST_STEP][PASSED] - symbol = symbol: null

2019-08-15 16:28:00 - [TEST_STEP][PASSED] - println(symbol): null

2019-08-15 16:28:00 - [TEST_STEP][PASSED] - if (i == 2 &amp;&amp; wildList.indexOf(symbol) != -1): null

2019-08-15 16:28:00 - [TEST_STEP][PASSED] - if (i == 3 &amp;&amp; wildList.indexOf(symbol) != -1): null

2019-08-15 16:28:00 - [TEST_STEP][PASSED] - if (i == 4 &amp;&amp; wildList.indexOf(symbol) != -1): null

2019-08-15 16:28:00 - [TEST_STEP][PASSED] - symbols = symbols: null

2019-08-15 16:28:00 - [TEST_STEP][PASSED] - for ([j = 0, j &lt; symbols.size(), (j++)]): null

2019-08-15 16:28:00 - [TEST_STEP][PASSED] - symbol = symbol: null

2019-08-15 16:28:00 - [TEST_STEP][PASSED] - println(symbol): null

2019-08-15 16:28:00 - [TEST_STEP][PASSED] - if (i == 2 &amp;&amp; wildList.indexOf(symbol) != -1): null

2019-08-15 16:28:00 - [TEST_STEP][PASSED] - if (i == 3 &amp;&amp; wildList.indexOf(symbol) != -1): null

2019-08-15 16:28:00 - [TEST_STEP][PASSED] - if (i == 4 &amp;&amp; wildList.indexOf(symbol) != -1): null

2019-08-15 16:28:00 - [TEST_STEP][PASSED] - symbol = symbol: null

2019-08-15 16:28:00 - [TEST_STEP][PASSED] - println(symbol): null

2019-08-15 16:28:00 - [TEST_STEP][PASSED] - if (i == 2 &amp;&amp; wildList.indexOf(symbol) != -1): null

2019-08-15 16:28:00 - [TEST_STEP][PASSED] - if (i == 3 &amp;&amp; wildList.indexOf(symbol) != -1): null

2019-08-15 16:28:00 - [TEST_STEP][PASSED] - if (i == 4 &amp;&amp; wildList.indexOf(symbol) != -1): null

2019-08-15 16:28:00 - [TEST_STEP][PASSED] - symbol = symbol: null

2019-08-15 16:28:00 - [TEST_STEP][PASSED] - println(symbol): null

2019-08-15 16:28:00 - [TEST_STEP][PASSED] - if (i == 2 &amp;&amp; wildList.indexOf(symbol) != -1): null

2019-08-15 16:28:00 - [TEST_STEP][PASSED] - if (i == 3 &amp;&amp; wildList.indexOf(symbol) != -1): null

2019-08-15 16:28:00 - [TEST_STEP][PASSED] - if (i == 4 &amp;&amp; wildList.indexOf(symbol) != -1): null

2019-08-15 16:28:00 - [TEST_STEP][PASSED] - symbols = symbols: null

2019-08-15 16:28:00 - [TEST_STEP][PASSED] - for ([j = 0, j &lt; symbols.size(), (j++)]): null

2019-08-15 16:28:00 - [TEST_STEP][PASSED] - symbol = symbol: null

2019-08-15 16:28:00 - [TEST_STEP][PASSED] - println(symbol): null

2019-08-15 16:28:00 - [TEST_STEP][PASSED] - if (i == 2 &amp;&amp; wildList.indexOf(symbol) != -1): null

2019-08-15 16:28:00 - [TEST_STEP][PASSED] - if (i == 3 &amp;&amp; wildList.indexOf(symbol) != -1): null

2019-08-15 16:28:00 - [TEST_STEP][PASSED] - if (i == 4 &amp;&amp; wildList.indexOf(symbol) != -1): null

2019-08-15 16:28:00 - [TEST_STEP][PASSED] - println("wild found on reel 5, adding counter by 1"): null

2019-08-15 16:28:00 - [TEST_STEP][PASSED] - free_spin_reel_counter[2] = free_spin_reel_counter[2] + 1: null

2019-08-15 16:28:00 - [TEST_STEP][PASSED] - symbol = symbol: null

2019-08-15 16:28:00 - [TEST_STEP][PASSED] - println(symbol): null

2019-08-15 16:28:00 - [TEST_STEP][PASSED] - if (i == 2 &amp;&amp; wildList.indexOf(symbol) != -1): null

2019-08-15 16:28:00 - [TEST_STEP][PASSED] - if (i == 3 &amp;&amp; wildList.indexOf(symbol) != -1): null

2019-08-15 16:28:00 - [TEST_STEP][PASSED] - if (i == 4 &amp;&amp; wildList.indexOf(symbol) != -1): null

2019-08-15 16:28:00 - [TEST_STEP][PASSED] - symbol = symbol: null

2019-08-15 16:28:00 - [TEST_STEP][PASSED] - println(symbol): null

2019-08-15 16:28:00 - [TEST_STEP][PASSED] - if (i == 2 &amp;&amp; wildList.indexOf(symbol) != -1): null

2019-08-15 16:28:00 - [TEST_STEP][PASSED] - if (i == 3 &amp;&amp; wildList.indexOf(symbol) != -1): null

2019-08-15 16:28:00 - [TEST_STEP][PASSED] - if (i == 4 &amp;&amp; wildList.indexOf(symbol) != -1): null

2019-08-15 16:28:00 - [TEST_STEP][PASSED] - free_spin_reel_counter = free_spin_reel_counter: null

2019-08-15 16:28:00 - [TEST_STEP][PASSED] - println("reel 3 wild found: " + free_spin_reel_counter[0]): null

2019-08-15 16:28:00 - [TEST_STEP][PASSED] - println("reel 4 wild found: " + free_spin_reel_counter[1]): null

2019-08-15 16:28:00 - [TEST_STEP][PASSED] - println("reel 5 wild found: " + free_spin_reel_counter[2]): null

2019-08-15 16:28:00 - [TEST_STEP][PASSED] - M4_spin_reels = M4_spin_reels: null

2019-08-15 16:28:00 - [TEST_STEP][PASSED] - M4_spin_reels_symbols = symbol: null

2019-08-15 16:28:00 - [TEST_STEP][PASSED] - M4_spin_reels_symbols = M4_spin_reels_symbols: null

2019-08-15 16:28:00 - [TEST_STEP][PASSED] - M4_spin_reel_wins = reel_wins: null

2019-08-15 16:28:00 - [TEST_STEP][PASSED] - M4_spin_reel_wins = M4_spin_reel_wins: null

2019-08-15 16:28:00 - [TEST_STEP][PASSED] - println("GlobalVariable.M4_spin_reel_wins is: " + M4_spin_reel_wins): null

2019-08-15 16:28:00 - [TEST_STEP][PASSED] - M4_spin_total_bonus_win_this_round = total_bonus_win_this_round: null

2019-08-15 16:28:00 - [TEST_STEP][PASSED] - M4_spin_total_bonus_win_this_round = M4_spin_total_bonus_win_this_round: null

2019-08-15 16:28:00 - [TEST_STEP][PASSED] - println("GlobalVariable.M4_spin_total_bonus_win_this_round is: " + M4_spin_total_bonus_win_this_round): null

2019-08-15 16:28:00 - [MESSAGE][PASSED] - Verify response successfully

2019-08-15 16:28:00 - [MESSAGE][PASSED] - Send request and verify the response successfully

2019-08-15 16:28:00 - [TEST_STEP][PASSED] - if (M4_total_bonus_spins_int != 0 &amp;&amp; M4_spin_reels_symbols[2].contains("WILD_Normal") || M4_spin_reels_symbols[3].contains("WILD_Normal") || M4_spin_reels_symbols[4].contains("WILD_Normal")): null

2019-08-15 16:28:00 - [TEST_STEP][PASSED] - free_spin_reel_counter = free_spin_reel_counter: null

2019-08-15 16:28:00 - [TEST_STEP][PASSED] - M4_spin_reels_symbols = M4_spin_reels_symbols: null

2019-08-15 16:28:00 - [TEST_STEP][PASSED] - M4_total_bonus_spins = M4_total_bonus_spins: null

2019-08-15 16:28:00 - [TEST_STEP][PASSED] - spin_result = sendRequestAndVerify(findTestObject("STG/RGS(M4)/1_M4_spin", ["M4_login_user_id":M4_login_user_id, "rgs_session_token":rgs_session_token, "partner":Partner])): Send request and verify the response successfully

2019-08-15 16:28:01 - [TEST_CASE][PASSED] - Start Test Case : Verification: Verification accomplished successfully

2019-08-15 16:28:01 - [TEST_STEP][PASSED] - request = getInstance().getCurrentRequest(): null

2019-08-15 16:28:01 - [TEST_STEP][PASSED] - response = getInstance().getCurrentResponse(): null

2019-08-15 16:28:01 - [TEST_STEP][PASSED] - verifyResponseStatusCode(response, 200): Verify response status code successfully

2019-08-15 16:28:01 - [MESSAGE][PASSED] - Verify response status code successfully

2019-08-15 16:28:01 - [TEST_STEP][PASSED] - getStatusCode()).isEqualTo(200): null

2019-08-15 16:28:01 - [TEST_STEP][PASSED] - newline = System.getProperty("line.separator"): null

2019-08-15 16:28:01 - [TEST_STEP][PASSED] - M4_spin = new groovy.json.JsonSlurper(): null

2019-08-15 16:28:01 - [TEST_STEP][PASSED] - result_M4_spin = M4_spin.parseText(response.getResponseBodyContent()): null

2019-08-15 16:28:01 - [TEST_STEP][PASSED] - M4_spin_current_balance = current_balance: null

2019-08-15 16:28:01 - [TEST_STEP][PASSED] - M4_spin_current_balance = M4_spin_current_balance: null

2019-08-15 16:28:01 - [TEST_STEP][PASSED] - M4_spin_transaction_id = causality: null

2019-08-15 16:28:01 - [TEST_STEP][PASSED] - M4_spin_transaction_id = M4_spin_transaction_id: null

2019-08-15 16:28:01 - [TEST_STEP][PASSED] - M4_spin_round_id = round_id: null

2019-08-15 16:28:01 - [TEST_STEP][PASSED] - M4_spin_round_id = M4_spin_round_id: null

2019-08-15 16:28:01 - [TEST_STEP][PASSED] - M4_spin_line_wins = line_wins: null

2019-08-15 16:28:01 - [TEST_STEP][PASSED] - M4_spin_line_wins = M4_spin_line_wins: null

2019-08-15 16:28:01 - [TEST_STEP][PASSED] - M4_total_bonus_spins_int = total_bonus_spins: null

2019-08-15 16:28:01 - [TEST_STEP][PASSED] - println("******M4_total_bonus_spins type is:*******" + newline + getClass().getName()): null

2019-08-15 16:28:01 - [TEST_STEP][PASSED] - M4_total_bonus_spins_int = M4_total_bonus_spins_int: null

2019-08-15 16:28:01 - [TEST_STEP][PASSED] - M4_total_bonus_spins = Integer.toString(M4_total_bonus_spins_int): null

2019-08-15 16:28:01 - [TEST_STEP][PASSED] - M4_total_bonus_spins = M4_total_bonus_spins: null

2019-08-15 16:28:01 - [TEST_STEP][PASSED] - println("M4_total_bonus_spins is:" + M4_total_bonus_spins): null

2019-08-15 16:28:01 - [TEST_STEP][PASSED] - M4_spin_bonus_data = bonus_data: null

2019-08-15 16:28:01 - [TEST_STEP][PASSED] - M4_spin_features_triggered = result_M4_spin: null

2019-08-15 16:28:01 - [TEST_STEP][PASSED] - wild = []: null

2019-08-15 16:28:01 - [TEST_STEP][PASSED] - wild[0] = "WILD_Expanding": null

2019-08-15 16:28:01 - [TEST_STEP][PASSED] - wild[1] = "WILD_Normal": null

2019-08-15 16:28:01 - [TEST_STEP][PASSED] - wild[2] = "WILD_Double": null

2019-08-15 16:28:01 - [TEST_STEP][PASSED] - wild[3] = "WILD_ExtraFG": null

2019-08-15 16:28:01 - [TEST_STEP][PASSED] - wild[4] = "WILD_Triple": null

2019-08-15 16:28:01 - [TEST_STEP][PASSED] - wildList = Arrays.asList(wild): null

2019-08-15 16:28:01 - [TEST_STEP][PASSED] - wildList = wildList: null

2019-08-15 16:28:01 - [TEST_STEP][PASSED] - free_spin_reel_counter = []: null

2019-08-15 16:28:01 - [TEST_STEP][PASSED] - free_spin_reel_counter[0] = 0: null

2019-08-15 16:28:01 - [TEST_STEP][PASSED] - free_spin_reel_counter[1] = 0: null

2019-08-15 16:28:01 - [TEST_STEP][PASSED] - free_spin_reel_counter[2] = 0: null

2019-08-15 16:28:01 - [TEST_STEP][PASSED] - M4_spin_reels = reels: null

2019-08-15 16:28:01 - [TEST_STEP][PASSED] - for ([i = 0, i &lt; M4_spin_reels.size(), (i++)]): null

2019-08-15 16:28:01 - [TEST_STEP][PASSED] - symbols = symbols: null

2019-08-15 16:28:01 - [TEST_STEP][PASSED] - for ([j = 0, j &lt; symbols.size(), (j++)]): null

2019-08-15 16:28:01 - [TEST_STEP][PASSED] - symbol = symbol: null

2019-08-15 16:28:01 - [TEST_STEP][PASSED] - println(symbol): null

2019-08-15 16:28:01 - [TEST_STEP][PASSED] - if (i == 2 &amp;&amp; wildList.indexOf(symbol) != -1): null

2019-08-15 16:28:01 - [TEST_STEP][PASSED] - if (i == 3 &amp;&amp; wildList.indexOf(symbol) != -1): null

2019-08-15 16:28:01 - [TEST_STEP][PASSED] - if (i == 4 &amp;&amp; wildList.indexOf(symbol) != -1): null

2019-08-15 16:28:01 - [TEST_STEP][PASSED] - symbol = symbol: null

2019-08-15 16:28:01 - [TEST_STEP][PASSED] - println(symbol): null

2019-08-15 16:28:01 - [TEST_STEP][PASSED] - if (i == 2 &amp;&amp; wildList.indexOf(symbol) != -1): null

2019-08-15 16:28:01 - [TEST_STEP][PASSED] - if (i == 3 &amp;&amp; wildList.indexOf(symbol) != -1): null

2019-08-15 16:28:01 - [TEST_STEP][PASSED] - if (i == 4 &amp;&amp; wildList.indexOf(symbol) != -1): null

2019-08-15 16:28:01 - [TEST_STEP][PASSED] - symbol = symbol: null

2019-08-15 16:28:01 - [TEST_STEP][PASSED] - println(symbol): null

2019-08-15 16:28:01 - [TEST_STEP][PASSED] - if (i == 2 &amp;&amp; wildList.indexOf(symbol) != -1): null

2019-08-15 16:28:01 - [TEST_STEP][PASSED] - if (i == 3 &amp;&amp; wildList.indexOf(symbol) != -1): null

2019-08-15 16:28:01 - [TEST_STEP][PASSED] - if (i == 4 &amp;&amp; wildList.indexOf(symbol) != -1): null

2019-08-15 16:28:01 - [TEST_STEP][PASSED] - symbols = symbols: null

2019-08-15 16:28:01 - [TEST_STEP][PASSED] - for ([j = 0, j &lt; symbols.size(), (j++)]): null

2019-08-15 16:28:01 - [TEST_STEP][PASSED] - symbol = symbol: null

2019-08-15 16:28:01 - [TEST_STEP][PASSED] - println(symbol): null

2019-08-15 16:28:01 - [TEST_STEP][PASSED] - if (i == 2 &amp;&amp; wildList.indexOf(symbol) != -1): null

2019-08-15 16:28:01 - [TEST_STEP][PASSED] - if (i == 3 &amp;&amp; wildList.indexOf(symbol) != -1): null

2019-08-15 16:28:01 - [TEST_STEP][PASSED] - if (i == 4 &amp;&amp; wildList.indexOf(symbol) != -1): null

2019-08-15 16:28:01 - [TEST_STEP][PASSED] - symbol = symbol: null

2019-08-15 16:28:01 - [TEST_STEP][PASSED] - println(symbol): null

2019-08-15 16:28:01 - [TEST_STEP][PASSED] - if (i == 2 &amp;&amp; wildList.indexOf(symbol) != -1): null

2019-08-15 16:28:01 - [TEST_STEP][PASSED] - if (i == 3 &amp;&amp; wildList.indexOf(symbol) != -1): null

2019-08-15 16:28:01 - [TEST_STEP][PASSED] - if (i == 4 &amp;&amp; wildList.indexOf(symbol) != -1): null

2019-08-15 16:28:01 - [TEST_STEP][PASSED] - symbol = symbol: null

2019-08-15 16:28:01 - [TEST_STEP][PASSED] - println(symbol): null

2019-08-15 16:28:01 - [TEST_STEP][PASSED] - if (i == 2 &amp;&amp; wildList.indexOf(symbol) != -1): null

2019-08-15 16:28:01 - [TEST_STEP][PASSED] - if (i == 3 &amp;&amp; wildList.indexOf(symbol) != -1): null

2019-08-15 16:28:01 - [TEST_STEP][PASSED] - if (i == 4 &amp;&amp; wildList.indexOf(symbol) != -1): null

2019-08-15 16:28:01 - [TEST_STEP][PASSED] - symbols = symbols: null

2019-08-15 16:28:01 - [TEST_STEP][PASSED] - for ([j = 0, j &lt; symbols.size(), (j++)]): null

2019-08-15 16:28:01 - [TEST_STEP][PASSED] - symbol = symbol: null

2019-08-15 16:28:01 - [TEST_STEP][PASSED] - println(symbol): null

2019-08-15 16:28:01 - [TEST_STEP][PASSED] - if (i == 2 &amp;&amp; wildList.indexOf(symbol) != -1): null

2019-08-15 16:28:01 - [TEST_STEP][PASSED] - if (i == 3 &amp;&amp; wildList.indexOf(symbol) != -1): null

2019-08-15 16:28:01 - [TEST_STEP][PASSED] - if (i == 4 &amp;&amp; wildList.indexOf(symbol) != -1): null

2019-08-15 16:28:01 - [TEST_STEP][PASSED] - symbol = symbol: null

2019-08-15 16:28:01 - [TEST_STEP][PASSED] - println(symbol): null

2019-08-15 16:28:01 - [TEST_STEP][PASSED] - if (i == 2 &amp;&amp; wildList.indexOf(symbol) != -1): null

2019-08-15 16:28:01 - [TEST_STEP][PASSED] - println("wild found on reel 3, adding counter by 1"): null

2019-08-15 16:28:01 - [TEST_STEP][PASSED] - free_spin_reel_counter[0] = free_spin_reel_counter[0] + 1: null

2019-08-15 16:28:01 - [TEST_STEP][PASSED] - if (i == 3 &amp;&amp; wildList.indexOf(symbol) != -1): null

2019-08-15 16:28:01 - [TEST_STEP][PASSED] - if (i == 4 &amp;&amp; wildList.indexOf(symbol) != -1): null

2019-08-15 16:28:01 - [TEST_STEP][PASSED] - symbol = symbol: null

2019-08-15 16:28:01 - [TEST_STEP][PASSED] - println(symbol): null

2019-08-15 16:28:01 - [TEST_STEP][PASSED] - if (i == 2 &amp;&amp; wildList.indexOf(symbol) != -1): null

2019-08-15 16:28:01 - [TEST_STEP][PASSED] - if (i == 3 &amp;&amp; wildList.indexOf(symbol) != -1): null

2019-08-15 16:28:01 - [TEST_STEP][PASSED] - if (i == 4 &amp;&amp; wildList.indexOf(symbol) != -1): null

2019-08-15 16:28:01 - [TEST_STEP][PASSED] - symbols = symbols: null

2019-08-15 16:28:01 - [TEST_STEP][PASSED] - for ([j = 0, j &lt; symbols.size(), (j++)]): null

2019-08-15 16:28:01 - [TEST_STEP][PASSED] - symbol = symbol: null

2019-08-15 16:28:01 - [TEST_STEP][PASSED] - println(symbol): null

2019-08-15 16:28:01 - [TEST_STEP][PASSED] - if (i == 2 &amp;&amp; wildList.indexOf(symbol) != -1): null

2019-08-15 16:28:01 - [TEST_STEP][PASSED] - if (i == 3 &amp;&amp; wildList.indexOf(symbol) != -1): null

2019-08-15 16:28:01 - [TEST_STEP][PASSED] - if (i == 4 &amp;&amp; wildList.indexOf(symbol) != -1): null

2019-08-15 16:28:01 - [TEST_STEP][PASSED] - symbol = symbol: null

2019-08-15 16:28:01 - [TEST_STEP][PASSED] - println(symbol): null

2019-08-15 16:28:01 - [TEST_STEP][PASSED] - if (i == 2 &amp;&amp; wildList.indexOf(symbol) != -1): null

2019-08-15 16:28:01 - [TEST_STEP][PASSED] - if (i == 3 &amp;&amp; wildList.indexOf(symbol) != -1): null

2019-08-15 16:28:01 - [TEST_STEP][PASSED] - if (i == 4 &amp;&amp; wildList.indexOf(symbol) != -1): null

2019-08-15 16:28:01 - [TEST_STEP][PASSED] - symbol = symbol: null

2019-08-15 16:28:01 - [TEST_STEP][PASSED] - println(symbol): null

2019-08-15 16:28:01 - [TEST_STEP][PASSED] - if (i == 2 &amp;&amp; wildList.indexOf(symbol) != -1): null

2019-08-15 16:28:01 - [TEST_STEP][PASSED] - if (i == 3 &amp;&amp; wildList.indexOf(symbol) != -1): null

2019-08-15 16:28:01 - [TEST_STEP][PASSED] - if (i == 4 &amp;&amp; wildList.indexOf(symbol) != -1): null

2019-08-15 16:28:01 - [TEST_STEP][PASSED] - symbols = symbols: null

2019-08-15 16:28:01 - [TEST_STEP][PASSED] - for ([j = 0, j &lt; symbols.size(), (j++)]): null

2019-08-15 16:28:01 - [TEST_STEP][PASSED] - symbol = symbol: null

2019-08-15 16:28:01 - [TEST_STEP][PASSED] - println(symbol): null

2019-08-15 16:28:01 - [TEST_STEP][PASSED] - if (i == 2 &amp;&amp; wildList.indexOf(symbol) != -1): null

2019-08-15 16:28:01 - [TEST_STEP][PASSED] - if (i == 3 &amp;&amp; wildList.indexOf(symbol) != -1): null

2019-08-15 16:28:01 - [TEST_STEP][PASSED] - if (i == 4 &amp;&amp; wildList.indexOf(symbol) != -1): null

2019-08-15 16:28:01 - [TEST_STEP][PASSED] - symbol = symbol: null

2019-08-15 16:28:01 - [TEST_STEP][PASSED] - println(symbol): null

2019-08-15 16:28:01 - [TEST_STEP][PASSED] - if (i == 2 &amp;&amp; wildList.indexOf(symbol) != -1): null

2019-08-15 16:28:01 - [TEST_STEP][PASSED] - if (i == 3 &amp;&amp; wildList.indexOf(symbol) != -1): null

2019-08-15 16:28:01 - [TEST_STEP][PASSED] - if (i == 4 &amp;&amp; wildList.indexOf(symbol) != -1): null

2019-08-15 16:28:01 - [TEST_STEP][PASSED] - symbol = symbol: null

2019-08-15 16:28:01 - [TEST_STEP][PASSED] - println(symbol): null

2019-08-15 16:28:01 - [TEST_STEP][PASSED] - if (i == 2 &amp;&amp; wildList.indexOf(symbol) != -1): null

2019-08-15 16:28:01 - [TEST_STEP][PASSED] - if (i == 3 &amp;&amp; wildList.indexOf(symbol) != -1): null

2019-08-15 16:28:01 - [TEST_STEP][PASSED] - if (i == 4 &amp;&amp; wildList.indexOf(symbol) != -1): null

2019-08-15 16:28:01 - [TEST_STEP][PASSED] - free_spin_reel_counter = free_spin_reel_counter: null

2019-08-15 16:28:01 - [TEST_STEP][PASSED] - println("reel 3 wild found: " + free_spin_reel_counter[0]): null

2019-08-15 16:28:01 - [TEST_STEP][PASSED] - println("reel 4 wild found: " + free_spin_reel_counter[1]): null

2019-08-15 16:28:01 - [TEST_STEP][PASSED] - println("reel 5 wild found: " + free_spin_reel_counter[2]): null

2019-08-15 16:28:01 - [TEST_STEP][PASSED] - M4_spin_reels = M4_spin_reels: null

2019-08-15 16:28:01 - [TEST_STEP][PASSED] - M4_spin_reels_symbols = symbol: null

2019-08-15 16:28:01 - [TEST_STEP][PASSED] - M4_spin_reels_symbols = M4_spin_reels_symbols: null

2019-08-15 16:28:01 - [TEST_STEP][PASSED] - M4_spin_reel_wins = reel_wins: null

2019-08-15 16:28:01 - [TEST_STEP][PASSED] - M4_spin_reel_wins = M4_spin_reel_wins: null

2019-08-15 16:28:01 - [TEST_STEP][PASSED] - println("GlobalVariable.M4_spin_reel_wins is: " + M4_spin_reel_wins): null

2019-08-15 16:28:01 - [TEST_STEP][PASSED] - M4_spin_total_bonus_win_this_round = total_bonus_win_this_round: null

2019-08-15 16:28:01 - [TEST_STEP][PASSED] - M4_spin_total_bonus_win_this_round = M4_spin_total_bonus_win_this_round: null

2019-08-15 16:28:01 - [TEST_STEP][PASSED] - println("GlobalVariable.M4_spin_total_bonus_win_this_round is: " + M4_spin_total_bonus_win_this_round): null

2019-08-15 16:28:01 - [MESSAGE][PASSED] - Verify response successfully

2019-08-15 16:28:01 - [MESSAGE][PASSED] - Send request and verify the response successfully

2019-08-15 16:28:01 - [TEST_STEP][PASSED] - if (M4_total_bonus_spins_int != 0 &amp;&amp; M4_spin_reels_symbols[2].contains("WILD_Normal") || M4_spin_reels_symbols[3].contains("WILD_Normal") || M4_spin_reels_symbols[4].contains("WILD_Normal")): null

2019-08-15 16:28:01 - [TEST_STEP][PASSED] - free_spin_reel_counter = free_spin_reel_counter: null

2019-08-15 16:28:01 - [TEST_STEP][PASSED] - M4_spin_reels_symbols = M4_spin_reels_symbols: null

2019-08-15 16:28:01 - [TEST_STEP][PASSED] - M4_total_bonus_spins = M4_total_bonus_spins: null

2019-08-15 16:28:01 - [TEST_STEP][PASSED] - spin_result = sendRequestAndVerify(findTestObject("STG/RGS(M4)/1_M4_spin", ["M4_login_user_id":M4_login_user_id, "rgs_session_token":rgs_session_token, "partner":Partner])): Send request and verify the response successfully

2019-08-15 16:28:01 - [TEST_CASE][PASSED] - Start Test Case : Verification: Verification accomplished successfully

2019-08-15 16:28:01 - [TEST_STEP][PASSED] - request = getInstance().getCurrentRequest(): null

2019-08-15 16:28:01 - [TEST_STEP][PASSED] - response = getInstance().getCurrentResponse(): null

2019-08-15 16:28:01 - [TEST_STEP][PASSED] - verifyResponseStatusCode(response, 200): Verify response status code successfully

2019-08-15 16:28:01 - [MESSAGE][PASSED] - Verify response status code successfully

2019-08-15 16:28:01 - [TEST_STEP][PASSED] - getStatusCode()).isEqualTo(200): null

2019-08-15 16:28:01 - [TEST_STEP][PASSED] - newline = System.getProperty("line.separator"): null

2019-08-15 16:28:01 - [TEST_STEP][PASSED] - M4_spin = new groovy.json.JsonSlurper(): null

2019-08-15 16:28:01 - [TEST_STEP][PASSED] - result_M4_spin = M4_spin.parseText(response.getResponseBodyContent()): null

2019-08-15 16:28:01 - [TEST_STEP][PASSED] - M4_spin_current_balance = current_balance: null

2019-08-15 16:28:01 - [TEST_STEP][PASSED] - M4_spin_current_balance = M4_spin_current_balance: null

2019-08-15 16:28:04 - [TEST_STEP][PASSED] - M4_spin_transaction_id = causality: null

2019-08-15 16:28:04 - [TEST_STEP][PASSED] - M4_spin_transaction_id = M4_spin_transaction_id: null

2019-08-15 16:28:04 - [TEST_STEP][PASSED] - M4_spin_round_id = round_id: null

2019-08-15 16:28:04 - [TEST_STEP][PASSED] - M4_spin_round_id = M4_spin_round_id: null

2019-08-15 16:28:04 - [TEST_STEP][PASSED] - M4_spin_line_wins = line_wins: null

2019-08-15 16:28:04 - [TEST_STEP][PASSED] - M4_spin_line_wins = M4_spin_line_wins: null

2019-08-15 16:28:04 - [TEST_STEP][PASSED] - M4_total_bonus_spins_int = total_bonus_spins: null

2019-08-15 16:28:04 - [TEST_STEP][PASSED] - println("******M4_total_bonus_spins type is:*******" + newline + getClass().getName()): null

2019-08-15 16:28:04 - [TEST_STEP][PASSED] - M4_total_bonus_spins_int = M4_total_bonus_spins_int: null

2019-08-15 16:28:04 - [TEST_STEP][PASSED] - M4_total_bonus_spins = Integer.toString(M4_total_bonus_spins_int): null

2019-08-15 16:28:06 - [TEST_STEP][PASSED] - M4_total_bonus_spins = M4_total_bonus_spins: null

2019-08-15 16:28:06 - [TEST_STEP][PASSED] - println("M4_total_bonus_spins is:" + M4_total_bonus_spins): null

2019-08-15 16:28:06 - [TEST_STEP][PASSED] - M4_spin_bonus_data = bonus_data: null

2019-08-15 16:28:06 - [TEST_STEP][PASSED] - M4_spin_features_triggered = result_M4_spin: null

2019-08-15 16:28:06 - [TEST_STEP][PASSED] - wild = []: null

2019-08-15 16:28:06 - [TEST_STEP][PASSED] - wild[0] = "WILD_Expanding": null

2019-08-15 16:28:06 - [TEST_STEP][PASSED] - wild[1] = "WILD_Normal": null

2019-08-15 16:28:06 - [TEST_STEP][PASSED] - wild[2] = "WILD_Double": null

2019-08-15 16:28:06 - [TEST_STEP][PASSED] - wild[3] = "WILD_ExtraFG": null

2019-08-15 16:28:06 - [TEST_STEP][PASSED] - wild[4] = "WILD_Triple": null

2019-08-15 16:28:06 - [TEST_STEP][PASSED] - wildList = Arrays.asList(wild): null

2019-08-15 16:28:06 - [TEST_STEP][PASSED] - wildList = wildList: null

2019-08-15 16:28:06 - [TEST_STEP][PASSED] - free_spin_reel_counter = []: null

2019-08-15 16:28:06 - [TEST_STEP][PASSED] - free_spin_reel_counter[0] = 0: null

2019-08-15 16:28:06 - [TEST_STEP][PASSED] - free_spin_reel_counter[1] = 0: null

2019-08-15 16:28:06 - [TEST_STEP][PASSED] - free_spin_reel_counter[2] = 0: null

2019-08-15 16:28:06 - [TEST_STEP][PASSED] - M4_spin_reels = reels: null

2019-08-15 16:28:06 - [TEST_STEP][PASSED] - for ([i = 0, i &lt; M4_spin_reels.size(), (i++)]): null

2019-08-15 16:28:06 - [TEST_STEP][PASSED] - symbols = symbols: null

2019-08-15 16:28:06 - [TEST_STEP][PASSED] - for ([j = 0, j &lt; symbols.size(), (j++)]): null

2019-08-15 16:28:06 - [TEST_STEP][PASSED] - symbol = symbol: null

2019-08-15 16:28:06 - [TEST_STEP][PASSED] - println(symbol): null

2019-08-15 16:28:06 - [TEST_STEP][PASSED] - if (i == 2 &amp;&amp; wildList.indexOf(symbol) != -1): null

2019-08-15 16:28:06 - [TEST_STEP][PASSED] - if (i == 3 &amp;&amp; wildList.indexOf(symbol) != -1): null

2019-08-15 16:28:06 - [TEST_STEP][PASSED] - if (i == 4 &amp;&amp; wildList.indexOf(symbol) != -1): null

2019-08-15 16:28:06 - [TEST_STEP][PASSED] - symbol = symbol: null

2019-08-15 16:28:06 - [TEST_STEP][PASSED] - println(symbol): null

2019-08-15 16:28:06 - [TEST_STEP][PASSED] - if (i == 2 &amp;&amp; wildList.indexOf(symbol) != -1): null

2019-08-15 16:28:06 - [TEST_STEP][PASSED] - if (i == 3 &amp;&amp; wildList.indexOf(symbol) != -1): null

2019-08-15 16:28:06 - [TEST_STEP][PASSED] - if (i == 4 &amp;&amp; wildList.indexOf(symbol) != -1): null

2019-08-15 16:28:06 - [TEST_STEP][PASSED] - symbol = symbol: null

2019-08-15 16:28:06 - [TEST_STEP][PASSED] - println(symbol): null

2019-08-15 16:28:06 - [TEST_STEP][PASSED] - if (i == 2 &amp;&amp; wildList.indexOf(symbol) != -1): null

2019-08-15 16:28:06 - [TEST_STEP][PASSED] - if (i == 3 &amp;&amp; wildList.indexOf(symbol) != -1): null

2019-08-15 16:28:06 - [TEST_STEP][PASSED] - if (i == 4 &amp;&amp; wildList.indexOf(symbol) != -1): null

2019-08-15 16:28:06 - [TEST_STEP][PASSED] - symbols = symbols: null

2019-08-15 16:28:06 - [TEST_STEP][PASSED] - for ([j = 0, j &lt; symbols.size(), (j++)]): null

2019-08-15 16:28:06 - [TEST_STEP][PASSED] - symbol = symbol: null

2019-08-15 16:28:06 - [TEST_STEP][PASSED] - println(symbol): null

2019-08-15 16:28:06 - [TEST_STEP][PASSED] - if (i == 2 &amp;&amp; wildList.indexOf(symbol) != -1): null

2019-08-15 16:28:06 - [TEST_STEP][PASSED] - if (i == 3 &amp;&amp; wildList.indexOf(symbol) != -1): null

2019-08-15 16:28:06 - [TEST_STEP][PASSED] - if (i == 4 &amp;&amp; wildList.indexOf(symbol) != -1): null

2019-08-15 16:28:06 - [TEST_STEP][PASSED] - symbol = symbol: null

2019-08-15 16:28:06 - [TEST_STEP][PASSED] - println(symbol): null

2019-08-15 16:28:06 - [TEST_STEP][PASSED] - if (i == 2 &amp;&amp; wildList.indexOf(symbol) != -1): null

2019-08-15 16:28:06 - [TEST_STEP][PASSED] - if (i == 3 &amp;&amp; wildList.indexOf(symbol) != -1): null

2019-08-15 16:28:06 - [TEST_STEP][PASSED] - if (i == 4 &amp;&amp; wildList.indexOf(symbol) != -1): null

2019-08-15 16:28:06 - [TEST_STEP][PASSED] - symbol = symbol: null

2019-08-15 16:28:06 - [TEST_STEP][PASSED] - println(symbol): null

2019-08-15 16:28:06 - [TEST_STEP][PASSED] - if (i == 2 &amp;&amp; wildList.indexOf(symbol) != -1): null

2019-08-15 16:28:06 - [TEST_STEP][PASSED] - if (i == 3 &amp;&amp; wildList.indexOf(symbol) != -1): null

2019-08-15 16:28:06 - [TEST_STEP][PASSED] - if (i == 4 &amp;&amp; wildList.indexOf(symbol) != -1): null

2019-08-15 16:28:06 - [TEST_STEP][PASSED] - symbols = symbols: null

2019-08-15 16:28:06 - [TEST_STEP][PASSED] - for ([j = 0, j &lt; symbols.size(), (j++)]): null

2019-08-15 16:28:06 - [TEST_STEP][PASSED] - symbol = symbol: null

2019-08-15 16:28:06 - [TEST_STEP][PASSED] - println(symbol): null

2019-08-15 16:28:06 - [TEST_STEP][PASSED] - if (i == 2 &amp;&amp; wildList.indexOf(symbol) != -1): null

2019-08-15 16:28:06 - [TEST_STEP][PASSED] - if (i == 3 &amp;&amp; wildList.indexOf(symbol) != -1): null

2019-08-15 16:28:06 - [TEST_STEP][PASSED] - if (i == 4 &amp;&amp; wildList.indexOf(symbol) != -1): null

2019-08-15 16:28:06 - [TEST_STEP][PASSED] - symbol = symbol: null

2019-08-15 16:28:06 - [TEST_STEP][PASSED] - println(symbol): null

2019-08-15 16:28:06 - [TEST_STEP][PASSED] - if (i == 2 &amp;&amp; wildList.indexOf(symbol) != -1): null

2019-08-15 16:28:06 - [TEST_STEP][PASSED] - if (i == 3 &amp;&amp; wildList.indexOf(symbol) != -1): null

2019-08-15 16:28:06 - [TEST_STEP][PASSED] - if (i == 4 &amp;&amp; wildList.indexOf(symbol) != -1): null

2019-08-15 16:28:06 - [TEST_STEP][PASSED] - symbol = symbol: null

2019-08-15 16:28:06 - [TEST_STEP][PASSED] - println(symbol): null

2019-08-15 16:28:06 - [TEST_STEP][PASSED] - if (i == 2 &amp;&amp; wildList.indexOf(symbol) != -1): null

2019-08-15 16:28:06 - [TEST_STEP][PASSED] - if (i == 3 &amp;&amp; wildList.indexOf(symbol) != -1): null

2019-08-15 16:28:06 - [TEST_STEP][PASSED] - if (i == 4 &amp;&amp; wildList.indexOf(symbol) != -1): null

2019-08-15 16:28:06 - [TEST_STEP][PASSED] - symbols = symbols: null

2019-08-15 16:28:06 - [TEST_STEP][PASSED] - for ([j = 0, j &lt; symbols.size(), (j++)]): null

2019-08-15 16:28:06 - [TEST_STEP][PASSED] - symbol = symbol: null

2019-08-15 16:28:06 - [TEST_STEP][PASSED] - println(symbol): null

2019-08-15 16:28:06 - [TEST_STEP][PASSED] - if (i == 2 &amp;&amp; wildList.indexOf(symbol) != -1): null

2019-08-15 16:28:06 - [TEST_STEP][PASSED] - if (i == 3 &amp;&amp; wildList.indexOf(symbol) != -1): null

2019-08-15 16:28:06 - [TEST_STEP][PASSED] - if (i == 4 &amp;&amp; wildList.indexOf(symbol) != -1): null

2019-08-15 16:28:06 - [TEST_STEP][PASSED] - symbol = symbol: null

2019-08-15 16:28:06 - [TEST_STEP][PASSED] - println(symbol): null

2019-08-15 16:28:06 - [TEST_STEP][PASSED] - if (i == 2 &amp;&amp; wildList.indexOf(symbol) != -1): null

2019-08-15 16:28:06 - [TEST_STEP][PASSED] - if (i == 3 &amp;&amp; wildList.indexOf(symbol) != -1): null

2019-08-15 16:28:06 - [TEST_STEP][PASSED] - if (i == 4 &amp;&amp; wildList.indexOf(symbol) != -1): null

2019-08-15 16:28:06 - [TEST_STEP][PASSED] - symbol = symbol: null

2019-08-15 16:28:06 - [TEST_STEP][PASSED] - println(symbol): null

2019-08-15 16:28:06 - [TEST_STEP][PASSED] - if (i == 2 &amp;&amp; wildList.indexOf(symbol) != -1): null

2019-08-15 16:28:06 - [TEST_STEP][PASSED] - if (i == 3 &amp;&amp; wildList.indexOf(symbol) != -1): null

2019-08-15 16:28:06 - [TEST_STEP][PASSED] - if (i == 4 &amp;&amp; wildList.indexOf(symbol) != -1): null

2019-08-15 16:28:06 - [TEST_STEP][PASSED] - symbols = symbols: null

2019-08-15 16:28:06 - [TEST_STEP][PASSED] - for ([j = 0, j &lt; symbols.size(), (j++)]): null

2019-08-15 16:28:06 - [TEST_STEP][PASSED] - symbol = symbol: null

2019-08-15 16:28:06 - [TEST_STEP][PASSED] - println(symbol): null

2019-08-15 16:28:06 - [TEST_STEP][PASSED] - if (i == 2 &amp;&amp; wildList.indexOf(symbol) != -1): null

2019-08-15 16:28:06 - [TEST_STEP][PASSED] - if (i == 3 &amp;&amp; wildList.indexOf(symbol) != -1): null

2019-08-15 16:28:06 - [TEST_STEP][PASSED] - if (i == 4 &amp;&amp; wildList.indexOf(symbol) != -1): null

2019-08-15 16:28:06 - [TEST_STEP][PASSED] - symbol = symbol: null

2019-08-15 16:28:06 - [TEST_STEP][PASSED] - println(symbol): null

2019-08-15 16:28:06 - [TEST_STEP][PASSED] - if (i == 2 &amp;&amp; wildList.indexOf(symbol) != -1): null

2019-08-15 16:28:06 - [TEST_STEP][PASSED] - if (i == 3 &amp;&amp; wildList.indexOf(symbol) != -1): null

2019-08-15 16:28:06 - [TEST_STEP][PASSED] - if (i == 4 &amp;&amp; wildList.indexOf(symbol) != -1): null

2019-08-15 16:28:06 - [TEST_STEP][PASSED] - symbol = symbol: null

2019-08-15 16:28:06 - [TEST_STEP][PASSED] - println(symbol): null

2019-08-15 16:28:06 - [TEST_STEP][PASSED] - if (i == 2 &amp;&amp; wildList.indexOf(symbol) != -1): null

2019-08-15 16:28:06 - [TEST_STEP][PASSED] - if (i == 3 &amp;&amp; wildList.indexOf(symbol) != -1): null

2019-08-15 16:28:06 - [TEST_STEP][PASSED] - if (i == 4 &amp;&amp; wildList.indexOf(symbol) != -1): null

2019-08-15 16:28:06 - [TEST_STEP][PASSED] - free_spin_reel_counter = free_spin_reel_counter: null

2019-08-15 16:28:06 - [TEST_STEP][PASSED] - println("reel 3 wild found: " + free_spin_reel_counter[0]): null

2019-08-15 16:28:06 - [TEST_STEP][PASSED] - println("reel 4 wild found: " + free_spin_reel_counter[1]): null

2019-08-15 16:28:06 - [TEST_STEP][PASSED] - println("reel 5 wild found: " + free_spin_reel_counter[2]): null

2019-08-15 16:28:06 - [TEST_STEP][PASSED] - M4_spin_reels = M4_spin_reels: null

2019-08-15 16:28:06 - [TEST_STEP][PASSED] - M4_spin_reels_symbols = symbol: null

2019-08-15 16:28:06 - [TEST_STEP][PASSED] - M4_spin_reels_symbols = M4_spin_reels_symbols: null

2019-08-15 16:28:06 - [TEST_STEP][PASSED] - M4_spin_reel_wins = reel_wins: null

2019-08-15 16:28:06 - [TEST_STEP][PASSED] - M4_spin_reel_wins = M4_spin_reel_wins: null

2019-08-15 16:28:06 - [TEST_STEP][PASSED] - println("GlobalVariable.M4_spin_reel_wins is: " + M4_spin_reel_wins): null

2019-08-15 16:28:06 - [TEST_STEP][PASSED] - M4_spin_total_bonus_win_this_round = total_bonus_win_this_round: null

2019-08-15 16:28:06 - [TEST_STEP][PASSED] - M4_spin_total_bonus_win_this_round = M4_spin_total_bonus_win_this_round: null

2019-08-15 16:28:06 - [TEST_STEP][PASSED] - println("GlobalVariable.M4_spin_total_bonus_win_this_round is: " + M4_spin_total_bonus_win_this_round): null

2019-08-15 16:28:06 - [MESSAGE][PASSED] - Verify response successfully

2019-08-15 16:28:06 - [MESSAGE][PASSED] - Send request and verify the response successfully

2019-08-15 16:28:06 - [TEST_STEP][PASSED] - if (M4_total_bonus_spins_int != 0 &amp;&amp; M4_spin_reels_symbols[2].contains("WILD_Normal") || M4_spin_reels_symbols[3].contains("WILD_Normal") || M4_spin_reels_symbols[4].contains("WILD_Normal")): null

2019-08-15 16:28:06 - [TEST_STEP][PASSED] - free_spin_reel_counter = free_spin_reel_counter: null

2019-08-15 16:28:06 - [TEST_STEP][PASSED] - M4_spin_reels_symbols = M4_spin_reels_symbols: null

2019-08-15 16:28:06 - [TEST_STEP][PASSED] - M4_total_bonus_spins = M4_total_bonus_spins: null

2019-08-15 16:28:06 - [TEST_STEP][PASSED] - spin_result = sendRequestAndVerify(findTestObject("STG/RGS(M4)/1_M4_spin", ["M4_login_user_id":M4_login_user_id, "rgs_session_token":rgs_session_token, "partner":Partner])): Send request and verify the response successfully

2019-08-15 16:28:06 - [TEST_CASE][PASSED] - Start Test Case : Verification: Verification accomplished successfully

2019-08-15 16:28:06 - [TEST_STEP][PASSED] - request = getInstance().getCurrentRequest(): null

2019-08-15 16:28:06 - [TEST_STEP][PASSED] - response = getInstance().getCurrentResponse(): null

2019-08-15 16:28:06 - [TEST_STEP][PASSED] - verifyResponseStatusCode(response, 200): Verify response status code successfully

2019-08-15 16:28:06 - [MESSAGE][PASSED] - Verify response status code successfully

2019-08-15 16:28:06 - [TEST_STEP][PASSED] - getStatusCode()).isEqualTo(200): null

2019-08-15 16:28:06 - [TEST_STEP][PASSED] - newline = System.getProperty("line.separator"): null

2019-08-15 16:28:06 - [TEST_STEP][PASSED] - M4_spin = new groovy.json.JsonSlurper(): null

2019-08-15 16:28:06 - [TEST_STEP][PASSED] - result_M4_spin = M4_spin.parseText(response.getResponseBodyContent()): null

2019-08-15 16:28:06 - [TEST_STEP][PASSED] - M4_spin_current_balance = current_balance: null

2019-08-15 16:28:06 - [TEST_STEP][PASSED] - M4_spin_current_balance = M4_spin_current_balance: null

2019-08-15 16:28:06 - [TEST_STEP][PASSED] - M4_spin_transaction_id = causality: null

2019-08-15 16:28:06 - [TEST_STEP][PASSED] - M4_spin_transaction_id = M4_spin_transaction_id: null

2019-08-15 16:28:06 - [TEST_STEP][PASSED] - M4_spin_round_id = round_id: null

2019-08-15 16:28:06 - [TEST_STEP][PASSED] - M4_spin_round_id = M4_spin_round_id: null

2019-08-15 16:28:06 - [TEST_STEP][PASSED] - M4_spin_line_wins = line_wins: null

2019-08-15 16:28:06 - [TEST_STEP][PASSED] - M4_spin_line_wins = M4_spin_line_wins: null

2019-08-15 16:28:06 - [TEST_STEP][PASSED] - M4_total_bonus_spins_int = total_bonus_spins: null

2019-08-15 16:28:06 - [TEST_STEP][PASSED] - println("******M4_total_bonus_spins type is:*******" + newline + getClass().getName()): null

2019-08-15 16:28:06 - [TEST_STEP][PASSED] - M4_total_bonus_spins_int = M4_total_bonus_spins_int: null

2019-08-15 16:28:06 - [TEST_STEP][PASSED] - M4_total_bonus_spins = Integer.toString(M4_total_bonus_spins_int): null

2019-08-15 16:28:06 - [TEST_STEP][PASSED] - M4_total_bonus_spins = M4_total_bonus_spins: null

2019-08-15 16:28:06 - [TEST_STEP][PASSED] - println("M4_total_bonus_spins is:" + M4_total_bonus_spins): null

2019-08-15 16:28:06 - [TEST_STEP][PASSED] - M4_spin_bonus_data = bonus_data: null

2019-08-15 16:28:06 - [TEST_STEP][PASSED] - M4_spin_features_triggered = result_M4_spin: null

2019-08-15 16:28:06 - [TEST_STEP][PASSED] - wild = []: null

2019-08-15 16:28:06 - [TEST_STEP][PASSED] - wild[0] = "WILD_Expanding": null

2019-08-15 16:28:06 - [TEST_STEP][PASSED] - wild[1] = "WILD_Normal": null

2019-08-15 16:28:06 - [TEST_STEP][PASSED] - wild[2] = "WILD_Double": null

2019-08-15 16:28:06 - [TEST_STEP][PASSED] - wild[3] = "WILD_ExtraFG": null

2019-08-15 16:28:06 - [TEST_STEP][PASSED] - wild[4] = "WILD_Triple": null

2019-08-15 16:28:06 - [TEST_STEP][PASSED] - wildList = Arrays.asList(wild): null

2019-08-15 16:28:06 - [TEST_STEP][PASSED] - wildList = wildList: null

2019-08-15 16:28:06 - [TEST_STEP][PASSED] - free_spin_reel_counter = []: null

2019-08-15 16:28:06 - [TEST_STEP][PASSED] - free_spin_reel_counter[0] = 0: null

2019-08-15 16:28:06 - [TEST_STEP][PASSED] - free_spin_reel_counter[1] = 0: null

2019-08-15 16:28:06 - [TEST_STEP][PASSED] - free_spin_reel_counter[2] = 0: null

2019-08-15 16:28:06 - [TEST_STEP][PASSED] - M4_spin_reels = reels: null

2019-08-15 16:28:06 - [TEST_STEP][PASSED] - for ([i = 0, i &lt; M4_spin_reels.size(), (i++)]): null

2019-08-15 16:28:06 - [TEST_STEP][PASSED] - symbols = symbols: null

2019-08-15 16:28:06 - [TEST_STEP][PASSED] - for ([j = 0, j &lt; symbols.size(), (j++)]): null

2019-08-15 16:28:06 - [TEST_STEP][PASSED] - symbol = symbol: null

2019-08-15 16:28:06 - [TEST_STEP][PASSED] - println(symbol): null

2019-08-15 16:28:06 - [TEST_STEP][PASSED] - if (i == 2 &amp;&amp; wildList.indexOf(symbol) != -1): null

2019-08-15 16:28:06 - [TEST_STEP][PASSED] - if (i == 3 &amp;&amp; wildList.indexOf(symbol) != -1): null

2019-08-15 16:28:06 - [TEST_STEP][PASSED] - if (i == 4 &amp;&amp; wildList.indexOf(symbol) != -1): null

2019-08-15 16:28:06 - [TEST_STEP][PASSED] - symbol = symbol: null

2019-08-15 16:28:06 - [TEST_STEP][PASSED] - println(symbol): null

2019-08-15 16:28:06 - [TEST_STEP][PASSED] - if (i == 2 &amp;&amp; wildList.indexOf(symbol) != -1): null

2019-08-15 16:28:06 - [TEST_STEP][PASSED] - if (i == 3 &amp;&amp; wildList.indexOf(symbol) != -1): null

2019-08-15 16:28:06 - [TEST_STEP][PASSED] - if (i == 4 &amp;&amp; wildList.indexOf(symbol) != -1): null

2019-08-15 16:28:06 - [TEST_STEP][PASSED] - symbol = symbol: null

2019-08-15 16:28:06 - [TEST_STEP][PASSED] - println(symbol): null

2019-08-15 16:28:06 - [TEST_STEP][PASSED] - if (i == 2 &amp;&amp; wildList.indexOf(symbol) != -1): null

2019-08-15 16:28:06 - [TEST_STEP][PASSED] - if (i == 3 &amp;&amp; wildList.indexOf(symbol) != -1): null

2019-08-15 16:28:06 - [TEST_STEP][PASSED] - if (i == 4 &amp;&amp; wildList.indexOf(symbol) != -1): null

2019-08-15 16:28:06 - [TEST_STEP][PASSED] - symbols = symbols: null

2019-08-15 16:28:06 - [TEST_STEP][PASSED] - for ([j = 0, j &lt; symbols.size(), (j++)]): null

2019-08-15 16:28:06 - [TEST_STEP][PASSED] - symbol = symbol: null

2019-08-15 16:28:06 - [TEST_STEP][PASSED] - println(symbol): null

2019-08-15 16:28:06 - [TEST_STEP][PASSED] - if (i == 2 &amp;&amp; wildList.indexOf(symbol) != -1): null

2019-08-15 16:28:06 - [TEST_STEP][PASSED] - if (i == 3 &amp;&amp; wildList.indexOf(symbol) != -1): null

2019-08-15 16:28:06 - [TEST_STEP][PASSED] - if (i == 4 &amp;&amp; wildList.indexOf(symbol) != -1): null

2019-08-15 16:28:06 - [TEST_STEP][PASSED] - symbol = symbol: null

2019-08-15 16:28:06 - [TEST_STEP][PASSED] - println(symbol): null

2019-08-15 16:28:06 - [TEST_STEP][PASSED] - if (i == 2 &amp;&amp; wildList.indexOf(symbol) != -1): null

2019-08-15 16:28:06 - [TEST_STEP][PASSED] - if (i == 3 &amp;&amp; wildList.indexOf(symbol) != -1): null

2019-08-15 16:28:06 - [TEST_STEP][PASSED] - if (i == 4 &amp;&amp; wildList.indexOf(symbol) != -1): null

2019-08-15 16:28:06 - [TEST_STEP][PASSED] - symbol = symbol: null

2019-08-15 16:28:06 - [TEST_STEP][PASSED] - println(symbol): null

2019-08-15 16:28:06 - [TEST_STEP][PASSED] - if (i == 2 &amp;&amp; wildList.indexOf(symbol) != -1): null

2019-08-15 16:28:06 - [TEST_STEP][PASSED] - if (i == 3 &amp;&amp; wildList.indexOf(symbol) != -1): null

2019-08-15 16:28:06 - [TEST_STEP][PASSED] - if (i == 4 &amp;&amp; wildList.indexOf(symbol) != -1): null

2019-08-15 16:28:06 - [TEST_STEP][PASSED] - symbols = symbols: null

2019-08-15 16:28:06 - [TEST_STEP][PASSED] - for ([j = 0, j &lt; symbols.size(), (j++)]): null

2019-08-15 16:28:06 - [TEST_STEP][PASSED] - symbol = symbol: null

2019-08-15 16:28:06 - [TEST_STEP][PASSED] - println(symbol): null

2019-08-15 16:28:06 - [TEST_STEP][PASSED] - if (i == 2 &amp;&amp; wildList.indexOf(symbol) != -1): null

2019-08-15 16:28:06 - [TEST_STEP][PASSED] - println("wild found on reel 3, adding counter by 1"): null

2019-08-15 16:28:06 - [TEST_STEP][PASSED] - free_spin_reel_counter[0] = free_spin_reel_counter[0] + 1: null

2019-08-15 16:28:06 - [TEST_STEP][PASSED] - if (i == 3 &amp;&amp; wildList.indexOf(symbol) != -1): null

2019-08-15 16:28:06 - [TEST_STEP][PASSED] - if (i == 4 &amp;&amp; wildList.indexOf(symbol) != -1): null

2019-08-15 16:28:06 - [TEST_STEP][PASSED] - symbol = symbol: null

2019-08-15 16:28:06 - [TEST_STEP][PASSED] - println(symbol): null

2019-08-15 16:28:06 - [TEST_STEP][PASSED] - if (i == 2 &amp;&amp; wildList.indexOf(symbol) != -1): null

2019-08-15 16:28:06 - [TEST_STEP][PASSED] - if (i == 3 &amp;&amp; wildList.indexOf(symbol) != -1): null

2019-08-15 16:28:06 - [TEST_STEP][PASSED] - if (i == 4 &amp;&amp; wildList.indexOf(symbol) != -1): null

2019-08-15 16:28:06 - [TEST_STEP][PASSED] - symbol = symbol: null

2019-08-15 16:28:06 - [TEST_STEP][PASSED] - println(symbol): null

2019-08-15 16:28:06 - [TEST_STEP][PASSED] - if (i == 2 &amp;&amp; wildList.indexOf(symbol) != -1): null

2019-08-15 16:28:06 - [TEST_STEP][PASSED] - if (i == 3 &amp;&amp; wildList.indexOf(symbol) != -1): null

2019-08-15 16:28:06 - [TEST_STEP][PASSED] - if (i == 4 &amp;&amp; wildList.indexOf(symbol) != -1): null

2019-08-15 16:28:06 - [TEST_STEP][PASSED] - symbols = symbols: null

2019-08-15 16:28:06 - [TEST_STEP][PASSED] - for ([j = 0, j &lt; symbols.size(), (j++)]): null

2019-08-15 16:28:06 - [TEST_STEP][PASSED] - symbol = symbol: null

2019-08-15 16:28:06 - [TEST_STEP][PASSED] - println(symbol): null

2019-08-15 16:28:06 - [TEST_STEP][PASSED] - if (i == 2 &amp;&amp; wildList.indexOf(symbol) != -1): null

2019-08-15 16:28:06 - [TEST_STEP][PASSED] - if (i == 3 &amp;&amp; wildList.indexOf(symbol) != -1): null

2019-08-15 16:28:06 - [TEST_STEP][PASSED] - if (i == 4 &amp;&amp; wildList.indexOf(symbol) != -1): null

2019-08-15 16:28:06 - [TEST_STEP][PASSED] - symbol = symbol: null

2019-08-15 16:28:06 - [TEST_STEP][PASSED] - println(symbol): null

2019-08-15 16:28:06 - [TEST_STEP][PASSED] - if (i == 2 &amp;&amp; wildList.indexOf(symbol) != -1): null

2019-08-15 16:28:06 - [TEST_STEP][PASSED] - if (i == 3 &amp;&amp; wildList.indexOf(symbol) != -1): null

2019-08-15 16:28:06 - [TEST_STEP][PASSED] - if (i == 4 &amp;&amp; wildList.indexOf(symbol) != -1): null

2019-08-15 16:28:06 - [TEST_STEP][PASSED] - symbol = symbol: null

2019-08-15 16:28:06 - [TEST_STEP][PASSED] - println(symbol): null

2019-08-15 16:28:06 - [TEST_STEP][PASSED] - if (i == 2 &amp;&amp; wildList.indexOf(symbol) != -1): null

2019-08-15 16:28:06 - [TEST_STEP][PASSED] - if (i == 3 &amp;&amp; wildList.indexOf(symbol) != -1): null

2019-08-15 16:28:06 - [TEST_STEP][PASSED] - if (i == 4 &amp;&amp; wildList.indexOf(symbol) != -1): null

2019-08-15 16:28:06 - [TEST_STEP][PASSED] - symbols = symbols: null

2019-08-15 16:28:06 - [TEST_STEP][PASSED] - for ([j = 0, j &lt; symbols.size(), (j++)]): null

2019-08-15 16:28:06 - [TEST_STEP][PASSED] - symbol = symbol: null

2019-08-15 16:28:06 - [TEST_STEP][PASSED] - println(symbol): null

2019-08-15 16:28:06 - [TEST_STEP][PASSED] - if (i == 2 &amp;&amp; wildList.indexOf(symbol) != -1): null

2019-08-15 16:28:06 - [TEST_STEP][PASSED] - if (i == 3 &amp;&amp; wildList.indexOf(symbol) != -1): null

2019-08-15 16:28:06 - [TEST_STEP][PASSED] - if (i == 4 &amp;&amp; wildList.indexOf(symbol) != -1): null

2019-08-15 16:28:06 - [TEST_STEP][PASSED] - println("wild found on reel 5, adding counter by 1"): null

2019-08-15 16:28:06 - [TEST_STEP][PASSED] - free_spin_reel_counter[2] = free_spin_reel_counter[2] + 1: null

2019-08-15 16:28:06 - [TEST_STEP][PASSED] - symbol = symbol: null

2019-08-15 16:28:06 - [TEST_STEP][PASSED] - println(symbol): null

2019-08-15 16:28:06 - [TEST_STEP][PASSED] - if (i == 2 &amp;&amp; wildList.indexOf(symbol) != -1): null

2019-08-15 16:28:06 - [TEST_STEP][PASSED] - if (i == 3 &amp;&amp; wildList.indexOf(symbol) != -1): null

2019-08-15 16:28:06 - [TEST_STEP][PASSED] - if (i == 4 &amp;&amp; wildList.indexOf(symbol) != -1): null

2019-08-15 16:28:06 - [TEST_STEP][PASSED] - symbol = symbol: null

2019-08-15 16:28:06 - [TEST_STEP][PASSED] - println(symbol): null

2019-08-15 16:28:06 - [TEST_STEP][PASSED] - if (i == 2 &amp;&amp; wildList.indexOf(symbol) != -1): null

2019-08-15 16:28:06 - [TEST_STEP][PASSED] - if (i == 3 &amp;&amp; wildList.indexOf(symbol) != -1): null

2019-08-15 16:28:06 - [TEST_STEP][PASSED] - if (i == 4 &amp;&amp; wildList.indexOf(symbol) != -1): null

2019-08-15 16:28:06 - [TEST_STEP][PASSED] - free_spin_reel_counter = free_spin_reel_counter: null

2019-08-15 16:28:06 - [TEST_STEP][PASSED] - println("reel 3 wild found: " + free_spin_reel_counter[0]): null

2019-08-15 16:28:06 - [TEST_STEP][PASSED] - println("reel 4 wild found: " + free_spin_reel_counter[1]): null

2019-08-15 16:28:06 - [TEST_STEP][PASSED] - println("reel 5 wild found: " + free_spin_reel_counter[2]): null

2019-08-15 16:28:06 - [TEST_STEP][PASSED] - M4_spin_reels = M4_spin_reels: null

2019-08-15 16:28:06 - [TEST_STEP][PASSED] - M4_spin_reels_symbols = symbol: null

2019-08-15 16:28:06 - [TEST_STEP][PASSED] - M4_spin_reels_symbols = M4_spin_reels_symbols: null

2019-08-15 16:28:06 - [TEST_STEP][PASSED] - M4_spin_reel_wins = reel_wins: null

2019-08-15 16:28:06 - [TEST_STEP][PASSED] - M4_spin_reel_wins = M4_spin_reel_wins: null

2019-08-15 16:28:06 - [TEST_STEP][PASSED] - println("GlobalVariable.M4_spin_reel_wins is: " + M4_spin_reel_wins): null

2019-08-15 16:28:06 - [TEST_STEP][PASSED] - M4_spin_total_bonus_win_this_round = total_bonus_win_this_round: null

2019-08-15 16:28:06 - [TEST_STEP][PASSED] - M4_spin_total_bonus_win_this_round = M4_spin_total_bonus_win_this_round: null

2019-08-15 16:28:06 - [TEST_STEP][PASSED] - println("GlobalVariable.M4_spin_total_bonus_win_this_round is: " + M4_spin_total_bonus_win_this_round): null

2019-08-15 16:28:06 - [MESSAGE][PASSED] - Verify response successfully

2019-08-15 16:28:06 - [MESSAGE][PASSED] - Send request and verify the response successfully

2019-08-15 16:28:06 - [TEST_STEP][PASSED] - if (M4_total_bonus_spins_int != 0 &amp;&amp; M4_spin_reels_symbols[2].contains("WILD_Normal") || M4_spin_reels_symbols[3].contains("WILD_Normal") || M4_spin_reels_symbols[4].contains("WILD_Normal")): null

2019-08-15 16:28:06 - [TEST_STEP][PASSED] - free_spin_reel_counter = free_spin_reel_counter: null

2019-08-15 16:28:06 - [TEST_STEP][PASSED] - M4_spin_reels_symbols = M4_spin_reels_symbols: null

2019-08-15 16:28:06 - [TEST_STEP][PASSED] - M4_total_bonus_spins = M4_total_bonus_spins: null

2019-08-15 16:28:06 - [TEST_STEP][PASSED] - spin_result = sendRequestAndVerify(findTestObject("STG/RGS(M4)/1_M4_spin", ["M4_login_user_id":M4_login_user_id, "rgs_session_token":rgs_session_token, "partner":Partner])): Send request and verify the response successfully

2019-08-15 16:28:06 - [TEST_CASE][PASSED] - Start Test Case : Verification: Verification accomplished successfully

2019-08-15 16:28:06 - [TEST_STEP][PASSED] - request = getInstance().getCurrentRequest(): null

2019-08-15 16:28:06 - [TEST_STEP][PASSED] - response = getInstance().getCurrentResponse(): null

2019-08-15 16:28:06 - [TEST_STEP][PASSED] - verifyResponseStatusCode(response, 200): Verify response status code successfully

2019-08-15 16:28:06 - [MESSAGE][PASSED] - Verify response status code successfully

2019-08-15 16:28:06 - [TEST_STEP][PASSED] - getStatusCode()).isEqualTo(200): null

2019-08-15 16:28:06 - [TEST_STEP][PASSED] - newline = System.getProperty("line.separator"): null

2019-08-15 16:28:06 - [TEST_STEP][PASSED] - M4_spin = new groovy.json.JsonSlurper(): null

2019-08-15 16:28:06 - [TEST_STEP][PASSED] - result_M4_spin = M4_spin.parseText(response.getResponseBodyContent()): null

2019-08-15 16:28:06 - [TEST_STEP][PASSED] - M4_spin_current_balance = current_balance: null

2019-08-15 16:28:06 - [TEST_STEP][PASSED] - M4_spin_current_balance = M4_spin_current_balance: null

2019-08-15 16:28:06 - [TEST_STEP][PASSED] - M4_spin_transaction_id = causality: null

2019-08-15 16:28:06 - [TEST_STEP][PASSED] - M4_spin_transaction_id = M4_spin_transaction_id: null

2019-08-15 16:28:06 - [TEST_STEP][PASSED] - M4_spin_round_id = round_id: null

2019-08-15 16:28:06 - [TEST_STEP][PASSED] - M4_spin_round_id = M4_spin_round_id: null

2019-08-15 16:28:06 - [TEST_STEP][PASSED] - M4_spin_line_wins = line_wins: null

2019-08-15 16:28:06 - [TEST_STEP][PASSED] - M4_spin_line_wins = M4_spin_line_wins: null

2019-08-15 16:28:06 - [TEST_STEP][PASSED] - M4_total_bonus_spins_int = total_bonus_spins: null

2019-08-15 16:28:06 - [TEST_STEP][PASSED] - println("******M4_total_bonus_spins type is:*******" + newline + getClass().getName()): null

2019-08-15 16:28:06 - [TEST_STEP][PASSED] - M4_total_bonus_spins_int = M4_total_bonus_spins_int: null

2019-08-15 16:28:06 - [TEST_STEP][PASSED] - M4_total_bonus_spins = Integer.toString(M4_total_bonus_spins_int): null

2019-08-15 16:28:06 - [TEST_STEP][PASSED] - M4_total_bonus_spins = M4_total_bonus_spins: null

2019-08-15 16:28:06 - [TEST_STEP][PASSED] - println("M4_total_bonus_spins is:" + M4_total_bonus_spins): null

2019-08-15 16:28:06 - [TEST_STEP][PASSED] - M4_spin_bonus_data = bonus_data: null

2019-08-15 16:28:06 - [TEST_STEP][PASSED] - M4_spin_features_triggered = result_M4_spin: null

2019-08-15 16:28:06 - [TEST_STEP][PASSED] - wild = []: null

2019-08-15 16:28:06 - [TEST_STEP][PASSED] - wild[0] = "WILD_Expanding": null

2019-08-15 16:28:06 - [TEST_STEP][PASSED] - wild[1] = "WILD_Normal": null

2019-08-15 16:28:06 - [TEST_STEP][PASSED] - wild[2] = "WILD_Double": null

2019-08-15 16:28:06 - [TEST_STEP][PASSED] - wild[3] = "WILD_ExtraFG": null

2019-08-15 16:28:06 - [TEST_STEP][PASSED] - wild[4] = "WILD_Triple": null

2019-08-15 16:28:06 - [TEST_STEP][PASSED] - wildList = Arrays.asList(wild): null

2019-08-15 16:28:06 - [TEST_STEP][PASSED] - wildList = wildList: null

2019-08-15 16:28:06 - [TEST_STEP][PASSED] - free_spin_reel_counter = []: null

2019-08-15 16:28:06 - [TEST_STEP][PASSED] - free_spin_reel_counter[0] = 0: null

2019-08-15 16:28:06 - [TEST_STEP][PASSED] - free_spin_reel_counter[1] = 0: null

2019-08-15 16:28:06 - [TEST_STEP][PASSED] - free_spin_reel_counter[2] = 0: null

2019-08-15 16:28:06 - [TEST_STEP][PASSED] - M4_spin_reels = reels: null

2019-08-15 16:28:06 - [TEST_STEP][PASSED] - for ([i = 0, i &lt; M4_spin_reels.size(), (i++)]): null

2019-08-15 16:28:06 - [TEST_STEP][PASSED] - symbols = symbols: null

2019-08-15 16:28:06 - [TEST_STEP][PASSED] - for ([j = 0, j &lt; symbols.size(), (j++)]): null

2019-08-15 16:28:06 - [TEST_STEP][PASSED] - symbol = symbol: null

2019-08-15 16:28:06 - [TEST_STEP][PASSED] - println(symbol): null

2019-08-15 16:28:06 - [TEST_STEP][PASSED] - if (i == 2 &amp;&amp; wildList.indexOf(symbol) != -1): null

2019-08-15 16:28:06 - [TEST_STEP][PASSED] - if (i == 3 &amp;&amp; wildList.indexOf(symbol) != -1): null

2019-08-15 16:28:06 - [TEST_STEP][PASSED] - if (i == 4 &amp;&amp; wildList.indexOf(symbol) != -1): null

2019-08-15 16:28:06 - [TEST_STEP][PASSED] - symbol = symbol: null

2019-08-15 16:28:06 - [TEST_STEP][PASSED] - println(symbol): null

2019-08-15 16:28:06 - [TEST_STEP][PASSED] - if (i == 2 &amp;&amp; wildList.indexOf(symbol) != -1): null

2019-08-15 16:28:06 - [TEST_STEP][PASSED] - if (i == 3 &amp;&amp; wildList.indexOf(symbol) != -1): null

2019-08-15 16:28:06 - [TEST_STEP][PASSED] - if (i == 4 &amp;&amp; wildList.indexOf(symbol) != -1): null

2019-08-15 16:28:06 - [TEST_STEP][PASSED] - symbol = symbol: null

2019-08-15 16:28:11 - [TEST_STEP][PASSED] - println(symbol): null

2019-08-15 16:28:11 - [TEST_STEP][PASSED] - if (i == 2 &amp;&amp; wildList.indexOf(symbol) != -1): null

2019-08-15 16:28:11 - [TEST_STEP][PASSED] - if (i == 3 &amp;&amp; wildList.indexOf(symbol) != -1): null

2019-08-15 16:28:11 - [TEST_STEP][PASSED] - if (i == 4 &amp;&amp; wildList.indexOf(symbol) != -1): null

2019-08-15 16:28:11 - [TEST_STEP][PASSED] - symbols = symbols: null

2019-08-15 16:28:11 - [TEST_STEP][PASSED] - for ([j = 0, j &lt; symbols.size(), (j++)]): null

2019-08-15 16:28:11 - [TEST_STEP][PASSED] - symbol = symbol: null

2019-08-15 16:28:11 - [TEST_STEP][PASSED] - println(symbol): null

2019-08-15 16:28:11 - [TEST_STEP][PASSED] - if (i == 2 &amp;&amp; wildList.indexOf(symbol) != -1): null

2019-08-15 16:28:11 - [TEST_STEP][PASSED] - if (i == 3 &amp;&amp; wildList.indexOf(symbol) != -1): null

2019-08-15 16:28:11 - [TEST_STEP][PASSED] - if (i == 4 &amp;&amp; wildList.indexOf(symbol) != -1): null

2019-08-15 16:28:12 - [TEST_STEP][PASSED] - symbol = symbol: null

2019-08-15 16:28:12 - [TEST_STEP][PASSED] - println(symbol): null

2019-08-15 16:28:12 - [TEST_STEP][PASSED] - if (i == 2 &amp;&amp; wildList.indexOf(symbol) != -1): null

2019-08-15 16:28:12 - [TEST_STEP][PASSED] - if (i == 3 &amp;&amp; wildList.indexOf(symbol) != -1): null

2019-08-15 16:28:12 - [TEST_STEP][PASSED] - if (i == 4 &amp;&amp; wildList.indexOf(symbol) != -1): null

2019-08-15 16:28:12 - [TEST_STEP][PASSED] - symbol = symbol: null

2019-08-15 16:28:12 - [TEST_STEP][PASSED] - println(symbol): null

2019-08-15 16:28:12 - [TEST_STEP][PASSED] - if (i == 2 &amp;&amp; wildList.indexOf(symbol) != -1): null

2019-08-15 16:28:12 - [TEST_STEP][PASSED] - if (i == 3 &amp;&amp; wildList.indexOf(symbol) != -1): null

2019-08-15 16:28:12 - [TEST_STEP][PASSED] - if (i == 4 &amp;&amp; wildList.indexOf(symbol) != -1): null

2019-08-15 16:28:12 - [TEST_STEP][PASSED] - symbols = symbols: null

2019-08-15 16:28:12 - [TEST_STEP][PASSED] - for ([j = 0, j &lt; symbols.size(), (j++)]): null

2019-08-15 16:28:12 - [TEST_STEP][PASSED] - symbol = symbol: null

2019-08-15 16:28:12 - [TEST_STEP][PASSED] - println(symbol): null

2019-08-15 16:28:12 - [TEST_STEP][PASSED] - if (i == 2 &amp;&amp; wildList.indexOf(symbol) != -1): null

2019-08-15 16:28:12 - [TEST_STEP][PASSED] - if (i == 3 &amp;&amp; wildList.indexOf(symbol) != -1): null

2019-08-15 16:28:12 - [TEST_STEP][PASSED] - if (i == 4 &amp;&amp; wildList.indexOf(symbol) != -1): null

2019-08-15 16:28:12 - [TEST_STEP][PASSED] - symbol = symbol: null

2019-08-15 16:28:12 - [TEST_STEP][PASSED] - println(symbol): null

2019-08-15 16:28:12 - [TEST_STEP][PASSED] - if (i == 2 &amp;&amp; wildList.indexOf(symbol) != -1): null

2019-08-15 16:28:12 - [TEST_STEP][PASSED] - if (i == 3 &amp;&amp; wildList.indexOf(symbol) != -1): null

2019-08-15 16:28:12 - [TEST_STEP][PASSED] - if (i == 4 &amp;&amp; wildList.indexOf(symbol) != -1): null

2019-08-15 16:28:12 - [TEST_STEP][PASSED] - symbol = symbol: null

2019-08-15 16:28:12 - [TEST_STEP][PASSED] - println(symbol): null

2019-08-15 16:28:12 - [TEST_STEP][PASSED] - if (i == 2 &amp;&amp; wildList.indexOf(symbol) != -1): null

2019-08-15 16:28:12 - [TEST_STEP][PASSED] - if (i == 3 &amp;&amp; wildList.indexOf(symbol) != -1): null

2019-08-15 16:28:12 - [TEST_STEP][PASSED] - if (i == 4 &amp;&amp; wildList.indexOf(symbol) != -1): null

2019-08-15 16:28:12 - [TEST_STEP][PASSED] - symbols = symbols: null

2019-08-15 16:28:12 - [TEST_STEP][PASSED] - for ([j = 0, j &lt; symbols.size(), (j++)]): null

2019-08-15 16:28:12 - [TEST_STEP][PASSED] - symbol = symbol: null

2019-08-15 16:28:12 - [TEST_STEP][PASSED] - println(symbol): null

2019-08-15 16:28:12 - [TEST_STEP][PASSED] - if (i == 2 &amp;&amp; wildList.indexOf(symbol) != -1): null

2019-08-15 16:28:12 - [TEST_STEP][PASSED] - if (i == 3 &amp;&amp; wildList.indexOf(symbol) != -1): null

2019-08-15 16:28:12 - [TEST_STEP][PASSED] - if (i == 4 &amp;&amp; wildList.indexOf(symbol) != -1): null

2019-08-15 16:28:12 - [TEST_STEP][PASSED] - symbol = symbol: null

2019-08-15 16:28:12 - [TEST_STEP][PASSED] - println(symbol): null

2019-08-15 16:28:12 - [TEST_STEP][PASSED] - if (i == 2 &amp;&amp; wildList.indexOf(symbol) != -1): null

2019-08-15 16:28:12 - [TEST_STEP][PASSED] - if (i == 3 &amp;&amp; wildList.indexOf(symbol) != -1): null

2019-08-15 16:28:12 - [TEST_STEP][PASSED] - if (i == 4 &amp;&amp; wildList.indexOf(symbol) != -1): null

2019-08-15 16:28:12 - [TEST_STEP][PASSED] - symbol = symbol: null

2019-08-15 16:28:12 - [TEST_STEP][PASSED] - println(symbol): null

2019-08-15 16:28:12 - [TEST_STEP][PASSED] - if (i == 2 &amp;&amp; wildList.indexOf(symbol) != -1): null

2019-08-15 16:28:12 - [TEST_STEP][PASSED] - if (i == 3 &amp;&amp; wildList.indexOf(symbol) != -1): null

2019-08-15 16:28:12 - [TEST_STEP][PASSED] - if (i == 4 &amp;&amp; wildList.indexOf(symbol) != -1): null

2019-08-15 16:28:12 - [TEST_STEP][PASSED] - symbols = symbols: null

2019-08-15 16:28:12 - [TEST_STEP][PASSED] - for ([j = 0, j &lt; symbols.size(), (j++)]): null

2019-08-15 16:28:12 - [TEST_STEP][PASSED] - symbol = symbol: null

2019-08-15 16:28:12 - [TEST_STEP][PASSED] - println(symbol): null

2019-08-15 16:28:12 - [TEST_STEP][PASSED] - if (i == 2 &amp;&amp; wildList.indexOf(symbol) != -1): null

2019-08-15 16:28:12 - [TEST_STEP][PASSED] - if (i == 3 &amp;&amp; wildList.indexOf(symbol) != -1): null

2019-08-15 16:28:12 - [TEST_STEP][PASSED] - if (i == 4 &amp;&amp; wildList.indexOf(symbol) != -1): null

2019-08-15 16:28:12 - [TEST_STEP][PASSED] - symbol = symbol: null

2019-08-15 16:28:12 - [TEST_STEP][PASSED] - println(symbol): null

2019-08-15 16:28:12 - [TEST_STEP][PASSED] - if (i == 2 &amp;&amp; wildList.indexOf(symbol) != -1): null

2019-08-15 16:28:12 - [TEST_STEP][PASSED] - if (i == 3 &amp;&amp; wildList.indexOf(symbol) != -1): null

2019-08-15 16:28:12 - [TEST_STEP][PASSED] - if (i == 4 &amp;&amp; wildList.indexOf(symbol) != -1): null

2019-08-15 16:28:12 - [TEST_STEP][PASSED] - symbol = symbol: null

2019-08-15 16:28:12 - [TEST_STEP][PASSED] - println(symbol): null

2019-08-15 16:28:12 - [TEST_STEP][PASSED] - if (i == 2 &amp;&amp; wildList.indexOf(symbol) != -1): null

2019-08-15 16:28:12 - [TEST_STEP][PASSED] - if (i == 3 &amp;&amp; wildList.indexOf(symbol) != -1): null

2019-08-15 16:28:12 - [TEST_STEP][PASSED] - if (i == 4 &amp;&amp; wildList.indexOf(symbol) != -1): null

2019-08-15 16:28:12 - [TEST_STEP][PASSED] - free_spin_reel_counter = free_spin_reel_counter: null

2019-08-15 16:28:12 - [TEST_STEP][PASSED] - println("reel 3 wild found: " + free_spin_reel_counter[0]): null

2019-08-15 16:28:12 - [TEST_STEP][PASSED] - println("reel 4 wild found: " + free_spin_reel_counter[1]): null

2019-08-15 16:28:12 - [TEST_STEP][PASSED] - println("reel 5 wild found: " + free_spin_reel_counter[2]): null

2019-08-15 16:28:12 - [TEST_STEP][PASSED] - M4_spin_reels = M4_spin_reels: null

2019-08-15 16:28:12 - [TEST_STEP][PASSED] - M4_spin_reels_symbols = symbol: null

2019-08-15 16:28:12 - [TEST_STEP][PASSED] - M4_spin_reels_symbols = M4_spin_reels_symbols: null

2019-08-15 16:28:12 - [TEST_STEP][PASSED] - M4_spin_reel_wins = reel_wins: null

2019-08-15 16:28:12 - [TEST_STEP][PASSED] - M4_spin_reel_wins = M4_spin_reel_wins: null

2019-08-15 16:28:12 - [TEST_STEP][PASSED] - println("GlobalVariable.M4_spin_reel_wins is: " + M4_spin_reel_wins): null

2019-08-15 16:28:12 - [TEST_STEP][PASSED] - M4_spin_total_bonus_win_this_round = total_bonus_win_this_round: null

2019-08-15 16:28:12 - [TEST_STEP][PASSED] - M4_spin_total_bonus_win_this_round = M4_spin_total_bonus_win_this_round: null

2019-08-15 16:28:12 - [TEST_STEP][PASSED] - println("GlobalVariable.M4_spin_total_bonus_win_this_round is: " + M4_spin_total_bonus_win_this_round): null

2019-08-15 16:28:12 - [MESSAGE][PASSED] - Verify response successfully

2019-08-15 16:28:12 - [MESSAGE][PASSED] - Send request and verify the response successfully

2019-08-15 16:28:12 - [TEST_STEP][PASSED] - if (M4_total_bonus_spins_int != 0 &amp;&amp; M4_spin_reels_symbols[2].contains("WILD_Normal") || M4_spin_reels_symbols[3].contains("WILD_Normal") || M4_spin_reels_symbols[4].contains("WILD_Normal")): null

2019-08-15 16:28:12 - [TEST_STEP][PASSED] - free_spin_reel_counter = free_spin_reel_counter: null

2019-08-15 16:28:12 - [TEST_STEP][PASSED] - M4_spin_reels_symbols = M4_spin_reels_symbols: null

2019-08-15 16:28:12 - [TEST_STEP][PASSED] - M4_total_bonus_spins = M4_total_bonus_spins: null

2019-08-15 16:28:12 - [TEST_STEP][PASSED] - spin_result = sendRequestAndVerify(findTestObject("STG/RGS(M4)/1_M4_spin", ["M4_login_user_id":M4_login_user_id, "rgs_session_token":rgs_session_token, "partner":Partner])): Send request and verify the response successfully

2019-08-15 16:28:12 - [TEST_CASE][PASSED] - Start Test Case : Verification: Verification accomplished successfully

2019-08-15 16:28:12 - [TEST_STEP][PASSED] - request = getInstance().getCurrentRequest(): null

2019-08-15 16:28:12 - [TEST_STEP][PASSED] - response = getInstance().getCurrentResponse(): null

2019-08-15 16:28:12 - [TEST_STEP][PASSED] - verifyResponseStatusCode(response, 200): Verify response status code successfully

2019-08-15 16:28:12 - [MESSAGE][PASSED] - Verify response status code successfully

2019-08-15 16:28:12 - [TEST_STEP][PASSED] - getStatusCode()).isEqualTo(200): null

2019-08-15 16:28:12 - [TEST_STEP][PASSED] - newline = System.getProperty("line.separator"): null

2019-08-15 16:28:12 - [TEST_STEP][PASSED] - M4_spin = new groovy.json.JsonSlurper(): null

2019-08-15 16:28:12 - [TEST_STEP][PASSED] - result_M4_spin = M4_spin.parseText(response.getResponseBodyContent()): null

2019-08-15 16:28:12 - [TEST_STEP][PASSED] - M4_spin_current_balance = current_balance: null

2019-08-15 16:28:12 - [TEST_STEP][PASSED] - M4_spin_current_balance = M4_spin_current_balance: null

2019-08-15 16:28:12 - [TEST_STEP][PASSED] - M4_spin_transaction_id = causality: null

2019-08-15 16:28:12 - [TEST_STEP][PASSED] - M4_spin_transaction_id = M4_spin_transaction_id: null

2019-08-15 16:28:12 - [TEST_STEP][PASSED] - M4_spin_round_id = round_id: null

2019-08-15 16:28:12 - [TEST_STEP][PASSED] - M4_spin_round_id = M4_spin_round_id: null

2019-08-15 16:28:12 - [TEST_STEP][PASSED] - M4_spin_line_wins = line_wins: null

2019-08-15 16:28:12 - [TEST_STEP][PASSED] - M4_spin_line_wins = M4_spin_line_wins: null

2019-08-15 16:28:12 - [TEST_STEP][PASSED] - M4_total_bonus_spins_int = total_bonus_spins: null

2019-08-15 16:28:12 - [TEST_STEP][PASSED] - println("******M4_total_bonus_spins type is:*******" + newline + getClass().getName()): null

2019-08-15 16:28:12 - [TEST_STEP][PASSED] - M4_total_bonus_spins_int = M4_total_bonus_spins_int: null

2019-08-15 16:28:12 - [TEST_STEP][PASSED] - M4_total_bonus_spins = Integer.toString(M4_total_bonus_spins_int): null

2019-08-15 16:28:12 - [TEST_STEP][PASSED] - M4_total_bonus_spins = M4_total_bonus_spins: null

2019-08-15 16:28:12 - [TEST_STEP][PASSED] - println("M4_total_bonus_spins is:" + M4_total_bonus_spins): null

2019-08-15 16:28:12 - [TEST_STEP][PASSED] - M4_spin_bonus_data = bonus_data: null

2019-08-15 16:28:12 - [TEST_STEP][PASSED] - M4_spin_features_triggered = result_M4_spin: null

2019-08-15 16:28:12 - [TEST_STEP][PASSED] - wild = []: null

2019-08-15 16:28:12 - [TEST_STEP][PASSED] - wild[0] = "WILD_Expanding": null

2019-08-15 16:28:12 - [TEST_STEP][PASSED] - wild[1] = "WILD_Normal": null

2019-08-15 16:28:12 - [TEST_STEP][PASSED] - wild[2] = "WILD_Double": null

2019-08-15 16:28:12 - [TEST_STEP][PASSED] - wild[3] = "WILD_ExtraFG": null

2019-08-15 16:28:12 - [TEST_STEP][PASSED] - wild[4] = "WILD_Triple": null

2019-08-15 16:28:12 - [TEST_STEP][PASSED] - wildList = Arrays.asList(wild): null

2019-08-15 16:28:12 - [TEST_STEP][PASSED] - wildList = wildList: null

2019-08-15 16:28:12 - [TEST_STEP][PASSED] - free_spin_reel_counter = []: null

2019-08-15 16:28:12 - [TEST_STEP][PASSED] - free_spin_reel_counter[0] = 0: null

2019-08-15 16:28:12 - [TEST_STEP][PASSED] - free_spin_reel_counter[1] = 0: null

2019-08-15 16:28:12 - [TEST_STEP][PASSED] - free_spin_reel_counter[2] = 0: null

2019-08-15 16:28:12 - [TEST_STEP][PASSED] - M4_spin_reels = reels: null

2019-08-15 16:28:12 - [TEST_STEP][PASSED] - for ([i = 0, i &lt; M4_spin_reels.size(), (i++)]): null

2019-08-15 16:28:12 - [TEST_STEP][PASSED] - symbols = symbols: null

2019-08-15 16:28:12 - [TEST_STEP][PASSED] - for ([j = 0, j &lt; symbols.size(), (j++)]): null

2019-08-15 16:28:12 - [TEST_STEP][PASSED] - symbol = symbol: null

2019-08-15 16:28:12 - [TEST_STEP][PASSED] - println(symbol): null

2019-08-15 16:28:12 - [TEST_STEP][PASSED] - if (i == 2 &amp;&amp; wildList.indexOf(symbol) != -1): null

2019-08-15 16:28:12 - [TEST_STEP][PASSED] - if (i == 3 &amp;&amp; wildList.indexOf(symbol) != -1): null

2019-08-15 16:28:12 - [TEST_STEP][PASSED] - if (i == 4 &amp;&amp; wildList.indexOf(symbol) != -1): null

2019-08-15 16:28:12 - [TEST_STEP][PASSED] - symbol = symbol: null

2019-08-15 16:28:12 - [TEST_STEP][PASSED] - println(symbol): null

2019-08-15 16:28:12 - [TEST_STEP][PASSED] - if (i == 2 &amp;&amp; wildList.indexOf(symbol) != -1): null

2019-08-15 16:28:12 - [TEST_STEP][PASSED] - if (i == 3 &amp;&amp; wildList.indexOf(symbol) != -1): null

2019-08-15 16:28:12 - [TEST_STEP][PASSED] - if (i == 4 &amp;&amp; wildList.indexOf(symbol) != -1): null

2019-08-15 16:28:12 - [TEST_STEP][PASSED] - symbol = symbol: null

2019-08-15 16:28:12 - [TEST_STEP][PASSED] - println(symbol): null

2019-08-15 16:28:12 - [TEST_STEP][PASSED] - if (i == 2 &amp;&amp; wildList.indexOf(symbol) != -1): null

2019-08-15 16:28:12 - [TEST_STEP][PASSED] - if (i == 3 &amp;&amp; wildList.indexOf(symbol) != -1): null

2019-08-15 16:28:12 - [TEST_STEP][PASSED] - if (i == 4 &amp;&amp; wildList.indexOf(symbol) != -1): null

2019-08-15 16:28:12 - [TEST_STEP][PASSED] - symbols = symbols: null

2019-08-15 16:28:12 - [TEST_STEP][PASSED] - for ([j = 0, j &lt; symbols.size(), (j++)]): null

2019-08-15 16:28:12 - [TEST_STEP][PASSED] - symbol = symbol: null

2019-08-15 16:28:12 - [TEST_STEP][PASSED] - println(symbol): null

2019-08-15 16:28:12 - [TEST_STEP][PASSED] - if (i == 2 &amp;&amp; wildList.indexOf(symbol) != -1): null

2019-08-15 16:28:12 - [TEST_STEP][PASSED] - if (i == 3 &amp;&amp; wildList.indexOf(symbol) != -1): null

2019-08-15 16:28:12 - [TEST_STEP][PASSED] - if (i == 4 &amp;&amp; wildList.indexOf(symbol) != -1): null

2019-08-15 16:28:12 - [TEST_STEP][PASSED] - symbol = symbol: null

2019-08-15 16:28:12 - [TEST_STEP][PASSED] - println(symbol): null

2019-08-15 16:28:12 - [TEST_STEP][PASSED] - if (i == 2 &amp;&amp; wildList.indexOf(symbol) != -1): null

2019-08-15 16:28:12 - [TEST_STEP][PASSED] - if (i == 3 &amp;&amp; wildList.indexOf(symbol) != -1): null

2019-08-15 16:28:12 - [TEST_STEP][PASSED] - if (i == 4 &amp;&amp; wildList.indexOf(symbol) != -1): null

2019-08-15 16:28:12 - [TEST_STEP][PASSED] - symbol = symbol: null

2019-08-15 16:28:12 - [TEST_STEP][PASSED] - println(symbol): null

2019-08-15 16:28:12 - [TEST_STEP][PASSED] - if (i == 2 &amp;&amp; wildList.indexOf(symbol) != -1): null

2019-08-15 16:28:12 - [TEST_STEP][PASSED] - if (i == 3 &amp;&amp; wildList.indexOf(symbol) != -1): null

2019-08-15 16:28:12 - [TEST_STEP][PASSED] - if (i == 4 &amp;&amp; wildList.indexOf(symbol) != -1): null

2019-08-15 16:28:12 - [TEST_STEP][PASSED] - symbols = symbols: null

2019-08-15 16:28:12 - [TEST_STEP][PASSED] - for ([j = 0, j &lt; symbols.size(), (j++)]): null

2019-08-15 16:28:12 - [TEST_STEP][PASSED] - symbol = symbol: null

2019-08-15 16:28:12 - [TEST_STEP][PASSED] - println(symbol): null

2019-08-15 16:28:12 - [TEST_STEP][PASSED] - if (i == 2 &amp;&amp; wildList.indexOf(symbol) != -1): null

2019-08-15 16:28:12 - [TEST_STEP][PASSED] - if (i == 3 &amp;&amp; wildList.indexOf(symbol) != -1): null

2019-08-15 16:28:12 - [TEST_STEP][PASSED] - if (i == 4 &amp;&amp; wildList.indexOf(symbol) != -1): null

2019-08-15 16:28:12 - [TEST_STEP][PASSED] - symbol = symbol: null

2019-08-15 16:28:12 - [TEST_STEP][PASSED] - println(symbol): null

2019-08-15 16:28:12 - [TEST_STEP][PASSED] - if (i == 2 &amp;&amp; wildList.indexOf(symbol) != -1): null

2019-08-15 16:28:12 - [TEST_STEP][PASSED] - if (i == 3 &amp;&amp; wildList.indexOf(symbol) != -1): null

2019-08-15 16:28:12 - [TEST_STEP][PASSED] - if (i == 4 &amp;&amp; wildList.indexOf(symbol) != -1): null

2019-08-15 16:28:12 - [TEST_STEP][PASSED] - symbol = symbol: null

2019-08-15 16:28:12 - [TEST_STEP][PASSED] - println(symbol): null

2019-08-15 16:28:12 - [TEST_STEP][PASSED] - if (i == 2 &amp;&amp; wildList.indexOf(symbol) != -1): null

2019-08-15 16:28:12 - [TEST_STEP][PASSED] - if (i == 3 &amp;&amp; wildList.indexOf(symbol) != -1): null

2019-08-15 16:28:12 - [TEST_STEP][PASSED] - if (i == 4 &amp;&amp; wildList.indexOf(symbol) != -1): null

2019-08-15 16:28:12 - [TEST_STEP][PASSED] - symbols = symbols: null

2019-08-15 16:28:12 - [TEST_STEP][PASSED] - for ([j = 0, j &lt; symbols.size(), (j++)]): null

2019-08-15 16:28:12 - [TEST_STEP][PASSED] - symbol = symbol: null

2019-08-15 16:28:12 - [TEST_STEP][PASSED] - println(symbol): null

2019-08-15 16:28:12 - [TEST_STEP][PASSED] - if (i == 2 &amp;&amp; wildList.indexOf(symbol) != -1): null

2019-08-15 16:28:12 - [TEST_STEP][PASSED] - if (i == 3 &amp;&amp; wildList.indexOf(symbol) != -1): null

2019-08-15 16:28:12 - [TEST_STEP][PASSED] - if (i == 4 &amp;&amp; wildList.indexOf(symbol) != -1): null

2019-08-15 16:28:12 - [TEST_STEP][PASSED] - symbol = symbol: null

2019-08-15 16:28:12 - [TEST_STEP][PASSED] - println(symbol): null

2019-08-15 16:28:12 - [TEST_STEP][PASSED] - if (i == 2 &amp;&amp; wildList.indexOf(symbol) != -1): null

2019-08-15 16:28:12 - [TEST_STEP][PASSED] - if (i == 3 &amp;&amp; wildList.indexOf(symbol) != -1): null

2019-08-15 16:28:12 - [TEST_STEP][PASSED] - println("wild found on reel 4, adding counter by 1"): null

2019-08-15 16:28:12 - [TEST_STEP][PASSED] - free_spin_reel_counter[1] = free_spin_reel_counter[1] + 1: null

2019-08-15 16:28:12 - [TEST_STEP][PASSED] - if (i == 4 &amp;&amp; wildList.indexOf(symbol) != -1): null

2019-08-15 16:28:12 - [TEST_STEP][PASSED] - symbol = symbol: null

2019-08-15 16:28:12 - [TEST_STEP][PASSED] - println(symbol): null

2019-08-15 16:28:12 - [TEST_STEP][PASSED] - if (i == 2 &amp;&amp; wildList.indexOf(symbol) != -1): null

2019-08-15 16:28:12 - [TEST_STEP][PASSED] - if (i == 3 &amp;&amp; wildList.indexOf(symbol) != -1): null

2019-08-15 16:28:12 - [TEST_STEP][PASSED] - if (i == 4 &amp;&amp; wildList.indexOf(symbol) != -1): null

2019-08-15 16:28:12 - [TEST_STEP][PASSED] - symbols = symbols: null

2019-08-15 16:28:12 - [TEST_STEP][PASSED] - for ([j = 0, j &lt; symbols.size(), (j++)]): null

2019-08-15 16:28:12 - [TEST_STEP][PASSED] - symbol = symbol: null

2019-08-15 16:28:12 - [TEST_STEP][PASSED] - println(symbol): null

2019-08-15 16:28:12 - [TEST_STEP][PASSED] - if (i == 2 &amp;&amp; wildList.indexOf(symbol) != -1): null

2019-08-15 16:28:12 - [TEST_STEP][PASSED] - if (i == 3 &amp;&amp; wildList.indexOf(symbol) != -1): null

2019-08-15 16:28:12 - [TEST_STEP][PASSED] - if (i == 4 &amp;&amp; wildList.indexOf(symbol) != -1): null

2019-08-15 16:28:12 - [TEST_STEP][PASSED] - symbol = symbol: null

2019-08-15 16:28:12 - [TEST_STEP][PASSED] - println(symbol): null

2019-08-15 16:28:12 - [TEST_STEP][PASSED] - if (i == 2 &amp;&amp; wildList.indexOf(symbol) != -1): null

2019-08-15 16:28:12 - [TEST_STEP][PASSED] - if (i == 3 &amp;&amp; wildList.indexOf(symbol) != -1): null

2019-08-15 16:28:12 - [TEST_STEP][PASSED] - if (i == 4 &amp;&amp; wildList.indexOf(symbol) != -1): null

2019-08-15 16:28:12 - [TEST_STEP][PASSED] - symbol = symbol: null

2019-08-15 16:28:12 - [TEST_STEP][PASSED] - println(symbol): null

2019-08-15 16:28:12 - [TEST_STEP][PASSED] - if (i == 2 &amp;&amp; wildList.indexOf(symbol) != -1): null

2019-08-15 16:28:12 - [TEST_STEP][PASSED] - if (i == 3 &amp;&amp; wildList.indexOf(symbol) != -1): null

2019-08-15 16:28:12 - [TEST_STEP][PASSED] - if (i == 4 &amp;&amp; wildList.indexOf(symbol) != -1): null

2019-08-15 16:28:12 - [TEST_STEP][PASSED] - free_spin_reel_counter = free_spin_reel_counter: null

2019-08-15 16:28:12 - [TEST_STEP][PASSED] - println("reel 3 wild found: " + free_spin_reel_counter[0]): null

2019-08-15 16:28:12 - [TEST_STEP][PASSED] - println("reel 4 wild found: " + free_spin_reel_counter[1]): null

2019-08-15 16:28:12 - [TEST_STEP][PASSED] - println("reel 5 wild found: " + free_spin_reel_counter[2]): null

2019-08-15 16:28:12 - [TEST_STEP][PASSED] - M4_spin_reels = M4_spin_reels: null

2019-08-15 16:28:12 - [TEST_STEP][PASSED] - M4_spin_reels_symbols = symbol: null

2019-08-15 16:28:12 - [TEST_STEP][PASSED] - M4_spin_reels_symbols = M4_spin_reels_symbols: null

2019-08-15 16:28:12 - [TEST_STEP][PASSED] - M4_spin_reel_wins = reel_wins: null

2019-08-15 16:28:12 - [TEST_STEP][PASSED] - M4_spin_reel_wins = M4_spin_reel_wins: null

2019-08-15 16:28:12 - [TEST_STEP][PASSED] - println("GlobalVariable.M4_spin_reel_wins is: " + M4_spin_reel_wins): null

2019-08-15 16:28:12 - [TEST_STEP][PASSED] - M4_spin_total_bonus_win_this_round = total_bonus_win_this_round: null

2019-08-15 16:28:12 - [TEST_STEP][PASSED] - M4_spin_total_bonus_win_this_round = M4_spin_total_bonus_win_this_round: null

2019-08-15 16:28:12 - [TEST_STEP][PASSED] - println("GlobalVariable.M4_spin_total_bonus_win_this_round is: " + M4_spin_total_bonus_win_this_round): null

2019-08-15 16:28:12 - [MESSAGE][PASSED] - Verify response successfully

2019-08-15 16:28:12 - [MESSAGE][PASSED] - Send request and verify the response successfully

2019-08-15 16:28:12 - [TEST_STEP][PASSED] - if (M4_total_bonus_spins_int != 0 &amp;&amp; M4_spin_reels_symbols[2].contains("WILD_Normal") || M4_spin_reels_symbols[3].contains("WILD_Normal") || M4_spin_reels_symbols[4].contains("WILD_Normal")): null

2019-08-15 16:28:12 - [TEST_STEP][PASSED] - free_spin_reel_counter = free_spin_reel_counter: null

2019-08-15 16:28:12 - [TEST_STEP][PASSED] - M4_spin_reels_symbols = M4_spin_reels_symbols: null

2019-08-15 16:28:12 - [TEST_STEP][PASSED] - M4_total_bonus_spins = M4_total_bonus_spins: null

2019-08-15 16:28:12 - [TEST_STEP][PASSED] - spin_result = sendRequestAndVerify(findTestObject("STG/RGS(M4)/1_M4_spin", ["M4_login_user_id":M4_login_user_id, "rgs_session_token":rgs_session_token, "partner":Partner])): Send request and verify the response successfully

2019-08-15 16:28:13 - [TEST_CASE][PASSED] - Start Test Case : Verification: Verification accomplished successfully

2019-08-15 16:28:13 - [TEST_STEP][PASSED] - request = getInstance().getCurrentRequest(): null

2019-08-15 16:28:13 - [TEST_STEP][PASSED] - response = getInstance().getCurrentResponse(): null

2019-08-15 16:28:13 - [TEST_STEP][PASSED] - verifyResponseStatusCode(response, 200): Verify response status code successfully

2019-08-15 16:28:13 - [MESSAGE][PASSED] - Verify response status code successfully

2019-08-15 16:28:13 - [TEST_STEP][PASSED] - getStatusCode()).isEqualTo(200): null

2019-08-15 16:28:13 - [TEST_STEP][PASSED] - newline = System.getProperty("line.separator"): null

2019-08-15 16:28:13 - [TEST_STEP][PASSED] - M4_spin = new groovy.json.JsonSlurper(): null

2019-08-15 16:28:13 - [TEST_STEP][PASSED] - result_M4_spin = M4_spin.parseText(response.getResponseBodyContent()): null

2019-08-15 16:28:13 - [TEST_STEP][PASSED] - M4_spin_current_balance = current_balance: null

2019-08-15 16:28:13 - [TEST_STEP][PASSED] - M4_spin_current_balance = M4_spin_current_balance: null

2019-08-15 16:28:13 - [TEST_STEP][PASSED] - M4_spin_transaction_id = causality: null

2019-08-15 16:28:13 - [TEST_STEP][PASSED] - M4_spin_transaction_id = M4_spin_transaction_id: null

2019-08-15 16:28:13 - [TEST_STEP][PASSED] - M4_spin_round_id = round_id: null

2019-08-15 16:28:13 - [TEST_STEP][PASSED] - M4_spin_round_id = M4_spin_round_id: null

2019-08-15 16:28:13 - [TEST_STEP][PASSED] - M4_spin_line_wins = line_wins: null

2019-08-15 16:28:13 - [TEST_STEP][PASSED] - M4_spin_line_wins = M4_spin_line_wins: null

2019-08-15 16:28:13 - [TEST_STEP][PASSED] - M4_total_bonus_spins_int = total_bonus_spins: null

2019-08-15 16:28:13 - [TEST_STEP][PASSED] - println("******M4_total_bonus_spins type is:*******" + newline + getClass().getName()): null

2019-08-15 16:28:13 - [TEST_STEP][PASSED] - M4_total_bonus_spins_int = M4_total_bonus_spins_int: null

2019-08-15 16:28:13 - [TEST_STEP][PASSED] - M4_total_bonus_spins = Integer.toString(M4_total_bonus_spins_int): null

2019-08-15 16:28:13 - [TEST_STEP][PASSED] - M4_total_bonus_spins = M4_total_bonus_spins: null

2019-08-15 16:28:13 - [TEST_STEP][PASSED] - println("M4_total_bonus_spins is:" + M4_total_bonus_spins): null

2019-08-15 16:28:13 - [TEST_STEP][PASSED] - M4_spin_bonus_data = bonus_data: null

2019-08-15 16:28:13 - [TEST_STEP][PASSED] - M4_spin_features_triggered = result_M4_spin: null

2019-08-15 16:28:13 - [TEST_STEP][PASSED] - wild = []: null

2019-08-15 16:28:13 - [TEST_STEP][PASSED] - wild[0] = "WILD_Expanding": null

2019-08-15 16:28:13 - [TEST_STEP][PASSED] - wild[1] = "WILD_Normal": null

2019-08-15 16:28:13 - [TEST_STEP][PASSED] - wild[2] = "WILD_Double": null

2019-08-15 16:28:13 - [TEST_STEP][PASSED] - wild[3] = "WILD_ExtraFG": null

2019-08-15 16:28:13 - [TEST_STEP][PASSED] - wild[4] = "WILD_Triple": null

2019-08-15 16:28:13 - [TEST_STEP][PASSED] - wildList = Arrays.asList(wild): null

2019-08-15 16:28:13 - [TEST_STEP][PASSED] - wildList = wildList: null

2019-08-15 16:28:13 - [TEST_STEP][PASSED] - free_spin_reel_counter = []: null

2019-08-15 16:28:13 - [TEST_STEP][PASSED] - free_spin_reel_counter[0] = 0: null

2019-08-15 16:28:13 - [TEST_STEP][PASSED] - free_spin_reel_counter[1] = 0: null

2019-08-15 16:28:13 - [TEST_STEP][PASSED] - free_spin_reel_counter[2] = 0: null

2019-08-15 16:28:13 - [TEST_STEP][PASSED] - M4_spin_reels = reels: null

2019-08-15 16:28:13 - [TEST_STEP][PASSED] - for ([i = 0, i &lt; M4_spin_reels.size(), (i++)]): null

2019-08-15 16:28:13 - [TEST_STEP][PASSED] - symbols = symbols: null

2019-08-15 16:28:13 - [TEST_STEP][PASSED] - for ([j = 0, j &lt; symbols.size(), (j++)]): null

2019-08-15 16:28:13 - [TEST_STEP][PASSED] - symbol = symbol: null

2019-08-15 16:28:13 - [TEST_STEP][PASSED] - println(symbol): null

2019-08-15 16:28:13 - [TEST_STEP][PASSED] - if (i == 2 &amp;&amp; wildList.indexOf(symbol) != -1): null

2019-08-15 16:28:13 - [TEST_STEP][PASSED] - if (i == 3 &amp;&amp; wildList.indexOf(symbol) != -1): null

2019-08-15 16:28:13 - [TEST_STEP][PASSED] - if (i == 4 &amp;&amp; wildList.indexOf(symbol) != -1): null

2019-08-15 16:28:13 - [TEST_STEP][PASSED] - symbol = symbol: null

2019-08-15 16:28:13 - [TEST_STEP][PASSED] - println(symbol): null

2019-08-15 16:28:13 - [TEST_STEP][PASSED] - if (i == 2 &amp;&amp; wildList.indexOf(symbol) != -1): null

2019-08-15 16:28:13 - [TEST_STEP][PASSED] - if (i == 3 &amp;&amp; wildList.indexOf(symbol) != -1): null

2019-08-15 16:28:13 - [TEST_STEP][PASSED] - if (i == 4 &amp;&amp; wildList.indexOf(symbol) != -1): null

2019-08-15 16:28:13 - [TEST_STEP][PASSED] - symbol = symbol: null

2019-08-15 16:28:13 - [TEST_STEP][PASSED] - println(symbol): null

2019-08-15 16:28:13 - [TEST_STEP][PASSED] - if (i == 2 &amp;&amp; wildList.indexOf(symbol) != -1): null

2019-08-15 16:28:13 - [TEST_STEP][PASSED] - if (i == 3 &amp;&amp; wildList.indexOf(symbol) != -1): null

2019-08-15 16:28:13 - [TEST_STEP][PASSED] - if (i == 4 &amp;&amp; wildList.indexOf(symbol) != -1): null

2019-08-15 16:28:13 - [TEST_STEP][PASSED] - symbols = symbols: null

2019-08-15 16:28:13 - [TEST_STEP][PASSED] - for ([j = 0, j &lt; symbols.size(), (j++)]): null

2019-08-15 16:28:13 - [TEST_STEP][PASSED] - symbol = symbol: null

2019-08-15 16:28:13 - [TEST_STEP][PASSED] - println(symbol): null

2019-08-15 16:28:13 - [TEST_STEP][PASSED] - if (i == 2 &amp;&amp; wildList.indexOf(symbol) != -1): null

2019-08-15 16:28:13 - [TEST_STEP][PASSED] - if (i == 3 &amp;&amp; wildList.indexOf(symbol) != -1): null

2019-08-15 16:28:13 - [TEST_STEP][PASSED] - if (i == 4 &amp;&amp; wildList.indexOf(symbol) != -1): null

2019-08-15 16:28:13 - [TEST_STEP][PASSED] - symbol = symbol: null

2019-08-15 16:28:13 - [TEST_STEP][PASSED] - println(symbol): null

2019-08-15 16:28:13 - [TEST_STEP][PASSED] - if (i == 2 &amp;&amp; wildList.indexOf(symbol) != -1): null

2019-08-15 16:28:13 - [TEST_STEP][PASSED] - if (i == 3 &amp;&amp; wildList.indexOf(symbol) != -1): null

2019-08-15 16:28:13 - [TEST_STEP][PASSED] - if (i == 4 &amp;&amp; wildList.indexOf(symbol) != -1): null

2019-08-15 16:28:13 - [TEST_STEP][PASSED] - symbol = symbol: null

2019-08-15 16:28:13 - [TEST_STEP][PASSED] - println(symbol): null

2019-08-15 16:28:13 - [TEST_STEP][PASSED] - if (i == 2 &amp;&amp; wildList.indexOf(symbol) != -1): null

2019-08-15 16:28:13 - [TEST_STEP][PASSED] - if (i == 3 &amp;&amp; wildList.indexOf(symbol) != -1): null

2019-08-15 16:28:13 - [TEST_STEP][PASSED] - if (i == 4 &amp;&amp; wildList.indexOf(symbol) != -1): null

2019-08-15 16:28:13 - [TEST_STEP][PASSED] - symbols = symbols: null

2019-08-15 16:28:13 - [TEST_STEP][PASSED] - for ([j = 0, j &lt; symbols.size(), (j++)]): null

2019-08-15 16:28:13 - [TEST_STEP][PASSED] - symbol = symbol: null

2019-08-15 16:28:13 - [TEST_STEP][PASSED] - println(symbol): null

2019-08-15 16:28:13 - [TEST_STEP][PASSED] - if (i == 2 &amp;&amp; wildList.indexOf(symbol) != -1): null

2019-08-15 16:28:13 - [TEST_STEP][PASSED] - println("wild found on reel 3, adding counter by 1"): null

2019-08-15 16:28:13 - [TEST_STEP][PASSED] - free_spin_reel_counter[0] = free_spin_reel_counter[0] + 1: null

2019-08-15 16:28:13 - [TEST_STEP][PASSED] - if (i == 3 &amp;&amp; wildList.indexOf(symbol) != -1): null

2019-08-15 16:28:13 - [TEST_STEP][PASSED] - if (i == 4 &amp;&amp; wildList.indexOf(symbol) != -1): null

2019-08-15 16:28:13 - [TEST_STEP][PASSED] - symbol = symbol: null

2019-08-15 16:28:13 - [TEST_STEP][PASSED] - println(symbol): null

2019-08-15 16:28:13 - [TEST_STEP][PASSED] - if (i == 2 &amp;&amp; wildList.indexOf(symbol) != -1): null

2019-08-15 16:28:13 - [TEST_STEP][PASSED] - if (i == 3 &amp;&amp; wildList.indexOf(symbol) != -1): null

2019-08-15 16:28:13 - [TEST_STEP][PASSED] - if (i == 4 &amp;&amp; wildList.indexOf(symbol) != -1): null

2019-08-15 16:28:13 - [TEST_STEP][PASSED] - symbol = symbol: null

2019-08-15 16:28:13 - [TEST_STEP][PASSED] - println(symbol): null

2019-08-15 16:28:13 - [TEST_STEP][PASSED] - if (i == 2 &amp;&amp; wildList.indexOf(symbol) != -1): null

2019-08-15 16:28:13 - [TEST_STEP][PASSED] - if (i == 3 &amp;&amp; wildList.indexOf(symbol) != -1): null

2019-08-15 16:28:13 - [TEST_STEP][PASSED] - if (i == 4 &amp;&amp; wildList.indexOf(symbol) != -1): null

2019-08-15 16:28:13 - [TEST_STEP][PASSED] - symbols = symbols: null

2019-08-15 16:28:13 - [TEST_STEP][PASSED] - for ([j = 0, j &lt; symbols.size(), (j++)]): null

2019-08-15 16:28:13 - [TEST_STEP][PASSED] - symbol = symbol: null

2019-08-15 16:28:17 - [TEST_STEP][PASSED] - println(symbol): null

2019-08-15 16:28:17 - [TEST_STEP][PASSED] - if (i == 2 &amp;&amp; wildList.indexOf(symbol) != -1): null

2019-08-15 16:28:17 - [TEST_STEP][PASSED] - if (i == 3 &amp;&amp; wildList.indexOf(symbol) != -1): null

2019-08-15 16:28:17 - [TEST_STEP][PASSED] - if (i == 4 &amp;&amp; wildList.indexOf(symbol) != -1): null

2019-08-15 16:28:17 - [TEST_STEP][PASSED] - symbol = symbol: null

2019-08-15 16:28:17 - [TEST_STEP][PASSED] - println(symbol): null

2019-08-15 16:28:17 - [TEST_STEP][PASSED] - if (i == 2 &amp;&amp; wildList.indexOf(symbol) != -1): null

2019-08-15 16:28:17 - [TEST_STEP][PASSED] - if (i == 3 &amp;&amp; wildList.indexOf(symbol) != -1): null

2019-08-15 16:28:17 - [TEST_STEP][PASSED] - if (i == 4 &amp;&amp; wildList.indexOf(symbol) != -1): null

2019-08-15 16:28:17 - [TEST_STEP][PASSED] - symbol = symbol: null

2019-08-15 16:28:19 - [TEST_STEP][PASSED] - println(symbol): null

2019-08-15 16:28:19 - [TEST_STEP][PASSED] - if (i == 2 &amp;&amp; wildList.indexOf(symbol) != -1): null

2019-08-15 16:28:19 - [TEST_STEP][PASSED] - if (i == 3 &amp;&amp; wildList.indexOf(symbol) != -1): null

2019-08-15 16:28:19 - [TEST_STEP][PASSED] - if (i == 4 &amp;&amp; wildList.indexOf(symbol) != -1): null

2019-08-15 16:28:19 - [TEST_STEP][PASSED] - symbols = symbols: null

2019-08-15 16:28:19 - [TEST_STEP][PASSED] - for ([j = 0, j &lt; symbols.size(), (j++)]): null

2019-08-15 16:28:19 - [TEST_STEP][PASSED] - symbol = symbol: null

2019-08-15 16:28:19 - [TEST_STEP][PASSED] - println(symbol): null

2019-08-15 16:28:19 - [TEST_STEP][PASSED] - if (i == 2 &amp;&amp; wildList.indexOf(symbol) != -1): null

2019-08-15 16:28:19 - [TEST_STEP][PASSED] - if (i == 3 &amp;&amp; wildList.indexOf(symbol) != -1): null

2019-08-15 16:28:19 - [TEST_STEP][PASSED] - if (i == 4 &amp;&amp; wildList.indexOf(symbol) != -1): null

2019-08-15 16:28:19 - [TEST_STEP][PASSED] - symbol = symbol: null

2019-08-15 16:28:19 - [TEST_STEP][PASSED] - println(symbol): null

2019-08-15 16:28:19 - [TEST_STEP][PASSED] - if (i == 2 &amp;&amp; wildList.indexOf(symbol) != -1): null

2019-08-15 16:28:19 - [TEST_STEP][PASSED] - if (i == 3 &amp;&amp; wildList.indexOf(symbol) != -1): null

2019-08-15 16:28:19 - [TEST_STEP][PASSED] - if (i == 4 &amp;&amp; wildList.indexOf(symbol) != -1): null

2019-08-15 16:28:19 - [TEST_STEP][PASSED] - symbol = symbol: null

2019-08-15 16:28:19 - [TEST_STEP][PASSED] - println(symbol): null

2019-08-15 16:28:19 - [TEST_STEP][PASSED] - if (i == 2 &amp;&amp; wildList.indexOf(symbol) != -1): null

2019-08-15 16:28:19 - [TEST_STEP][PASSED] - if (i == 3 &amp;&amp; wildList.indexOf(symbol) != -1): null

2019-08-15 16:28:19 - [TEST_STEP][PASSED] - if (i == 4 &amp;&amp; wildList.indexOf(symbol) != -1): null

2019-08-15 16:28:19 - [TEST_STEP][PASSED] - free_spin_reel_counter = free_spin_reel_counter: null

2019-08-15 16:28:19 - [TEST_STEP][PASSED] - println("reel 3 wild found: " + free_spin_reel_counter[0]): null

2019-08-15 16:28:19 - [TEST_STEP][PASSED] - println("reel 4 wild found: " + free_spin_reel_counter[1]): null

2019-08-15 16:28:19 - [TEST_STEP][PASSED] - println("reel 5 wild found: " + free_spin_reel_counter[2]): null

2019-08-15 16:28:19 - [TEST_STEP][PASSED] - M4_spin_reels = M4_spin_reels: null

2019-08-15 16:28:19 - [TEST_STEP][PASSED] - M4_spin_reels_symbols = symbol: null

2019-08-15 16:28:19 - [TEST_STEP][PASSED] - M4_spin_reels_symbols = M4_spin_reels_symbols: null

2019-08-15 16:28:19 - [TEST_STEP][PASSED] - M4_spin_reel_wins = reel_wins: null

2019-08-15 16:28:19 - [TEST_STEP][PASSED] - M4_spin_reel_wins = M4_spin_reel_wins: null

2019-08-15 16:28:19 - [TEST_STEP][PASSED] - println("GlobalVariable.M4_spin_reel_wins is: " + M4_spin_reel_wins): null

2019-08-15 16:28:19 - [TEST_STEP][PASSED] - M4_spin_total_bonus_win_this_round = total_bonus_win_this_round: null

2019-08-15 16:28:19 - [TEST_STEP][PASSED] - M4_spin_total_bonus_win_this_round = M4_spin_total_bonus_win_this_round: null

2019-08-15 16:28:19 - [TEST_STEP][PASSED] - println("GlobalVariable.M4_spin_total_bonus_win_this_round is: " + M4_spin_total_bonus_win_this_round): null

2019-08-15 16:28:19 - [MESSAGE][PASSED] - Verify response successfully

2019-08-15 16:28:19 - [MESSAGE][PASSED] - Send request and verify the response successfully

2019-08-15 16:28:19 - [TEST_STEP][PASSED] - if (M4_total_bonus_spins_int != 0 &amp;&amp; M4_spin_reels_symbols[2].contains("WILD_Normal") || M4_spin_reels_symbols[3].contains("WILD_Normal") || M4_spin_reels_symbols[4].contains("WILD_Normal")): null

2019-08-15 16:28:19 - [TEST_STEP][PASSED] - free_spin_reel_counter = free_spin_reel_counter: null

2019-08-15 16:28:19 - [TEST_STEP][PASSED] - M4_spin_reels_symbols = M4_spin_reels_symbols: null

2019-08-15 16:28:19 - [TEST_STEP][PASSED] - M4_total_bonus_spins = M4_total_bonus_spins: null

2019-08-15 16:28:19 - [TEST_STEP][PASSED] - spin_result = sendRequestAndVerify(findTestObject("STG/RGS(M4)/1_M4_spin", ["M4_login_user_id":M4_login_user_id, "rgs_session_token":rgs_session_token, "partner":Partner])): Send request and verify the response successfully

2019-08-15 16:28:19 - [TEST_CASE][PASSED] - Start Test Case : Verification: Verification accomplished successfully

2019-08-15 16:28:19 - [TEST_STEP][PASSED] - request = getInstance().getCurrentRequest(): null

2019-08-15 16:28:19 - [TEST_STEP][PASSED] - response = getInstance().getCurrentResponse(): null

2019-08-15 16:28:19 - [TEST_STEP][PASSED] - verifyResponseStatusCode(response, 200): Verify response status code successfully

2019-08-15 16:28:19 - [MESSAGE][PASSED] - Verify response status code successfully

2019-08-15 16:28:19 - [TEST_STEP][PASSED] - getStatusCode()).isEqualTo(200): null

2019-08-15 16:28:19 - [TEST_STEP][PASSED] - newline = System.getProperty("line.separator"): null

2019-08-15 16:28:19 - [TEST_STEP][PASSED] - M4_spin = new groovy.json.JsonSlurper(): null

2019-08-15 16:28:19 - [TEST_STEP][PASSED] - result_M4_spin = M4_spin.parseText(response.getResponseBodyContent()): null

2019-08-15 16:28:19 - [TEST_STEP][PASSED] - M4_spin_current_balance = current_balance: null

2019-08-15 16:28:19 - [TEST_STEP][PASSED] - M4_spin_current_balance = M4_spin_current_balance: null

2019-08-15 16:28:19 - [TEST_STEP][PASSED] - M4_spin_transaction_id = causality: null

2019-08-15 16:28:19 - [TEST_STEP][PASSED] - M4_spin_transaction_id = M4_spin_transaction_id: null

2019-08-15 16:28:19 - [TEST_STEP][PASSED] - M4_spin_round_id = round_id: null

2019-08-15 16:28:19 - [TEST_STEP][PASSED] - M4_spin_round_id = M4_spin_round_id: null

2019-08-15 16:28:19 - [TEST_STEP][PASSED] - M4_spin_line_wins = line_wins: null

2019-08-15 16:28:19 - [TEST_STEP][PASSED] - M4_spin_line_wins = M4_spin_line_wins: null

2019-08-15 16:28:19 - [TEST_STEP][PASSED] - M4_total_bonus_spins_int = total_bonus_spins: null

2019-08-15 16:28:19 - [TEST_STEP][PASSED] - println("******M4_total_bonus_spins type is:*******" + newline + getClass().getName()): null

2019-08-15 16:28:19 - [TEST_STEP][PASSED] - M4_total_bonus_spins_int = M4_total_bonus_spins_int: null

2019-08-15 16:28:19 - [TEST_STEP][PASSED] - M4_total_bonus_spins = Integer.toString(M4_total_bonus_spins_int): null

2019-08-15 16:28:19 - [TEST_STEP][PASSED] - M4_total_bonus_spins = M4_total_bonus_spins: null

2019-08-15 16:28:19 - [TEST_STEP][PASSED] - println("M4_total_bonus_spins is:" + M4_total_bonus_spins): null

2019-08-15 16:28:19 - [TEST_STEP][PASSED] - M4_spin_bonus_data = bonus_data: null

2019-08-15 16:28:19 - [TEST_STEP][PASSED] - M4_spin_features_triggered = result_M4_spin: null

2019-08-15 16:28:19 - [TEST_STEP][PASSED] - wild = []: null

2019-08-15 16:28:19 - [TEST_STEP][PASSED] - wild[0] = "WILD_Expanding": null

2019-08-15 16:28:19 - [TEST_STEP][PASSED] - wild[1] = "WILD_Normal": null

2019-08-15 16:28:19 - [TEST_STEP][PASSED] - wild[2] = "WILD_Double": null

2019-08-15 16:28:19 - [TEST_STEP][PASSED] - wild[3] = "WILD_ExtraFG": null

2019-08-15 16:28:19 - [TEST_STEP][PASSED] - wild[4] = "WILD_Triple": null

2019-08-15 16:28:19 - [TEST_STEP][PASSED] - wildList = Arrays.asList(wild): null

2019-08-15 16:28:19 - [TEST_STEP][PASSED] - wildList = wildList: null

2019-08-15 16:28:19 - [TEST_STEP][PASSED] - free_spin_reel_counter = []: null

2019-08-15 16:28:19 - [TEST_STEP][PASSED] - free_spin_reel_counter[0] = 0: null

2019-08-15 16:28:19 - [TEST_STEP][PASSED] - free_spin_reel_counter[1] = 0: null

2019-08-15 16:28:19 - [TEST_STEP][PASSED] - free_spin_reel_counter[2] = 0: null

2019-08-15 16:28:19 - [TEST_STEP][PASSED] - M4_spin_reels = reels: null

2019-08-15 16:28:19 - [TEST_STEP][PASSED] - for ([i = 0, i &lt; M4_spin_reels.size(), (i++)]): null

2019-08-15 16:28:19 - [TEST_STEP][PASSED] - symbols = symbols: null

2019-08-15 16:28:19 - [TEST_STEP][PASSED] - for ([j = 0, j &lt; symbols.size(), (j++)]): null

2019-08-15 16:28:19 - [TEST_STEP][PASSED] - symbol = symbol: null

2019-08-15 16:28:19 - [TEST_STEP][PASSED] - println(symbol): null

2019-08-15 16:28:19 - [TEST_STEP][PASSED] - if (i == 2 &amp;&amp; wildList.indexOf(symbol) != -1): null

2019-08-15 16:28:19 - [TEST_STEP][PASSED] - if (i == 3 &amp;&amp; wildList.indexOf(symbol) != -1): null

2019-08-15 16:28:19 - [TEST_STEP][PASSED] - if (i == 4 &amp;&amp; wildList.indexOf(symbol) != -1): null

2019-08-15 16:28:19 - [TEST_STEP][PASSED] - symbol = symbol: null

2019-08-15 16:28:19 - [TEST_STEP][PASSED] - println(symbol): null

2019-08-15 16:28:19 - [TEST_STEP][PASSED] - if (i == 2 &amp;&amp; wildList.indexOf(symbol) != -1): null

2019-08-15 16:28:19 - [TEST_STEP][PASSED] - if (i == 3 &amp;&amp; wildList.indexOf(symbol) != -1): null

2019-08-15 16:28:19 - [TEST_STEP][PASSED] - if (i == 4 &amp;&amp; wildList.indexOf(symbol) != -1): null

2019-08-15 16:28:19 - [TEST_STEP][PASSED] - symbol = symbol: null

2019-08-15 16:28:19 - [TEST_STEP][PASSED] - println(symbol): null

2019-08-15 16:28:19 - [TEST_STEP][PASSED] - if (i == 2 &amp;&amp; wildList.indexOf(symbol) != -1): null

2019-08-15 16:28:19 - [TEST_STEP][PASSED] - if (i == 3 &amp;&amp; wildList.indexOf(symbol) != -1): null

2019-08-15 16:28:19 - [TEST_STEP][PASSED] - if (i == 4 &amp;&amp; wildList.indexOf(symbol) != -1): null

2019-08-15 16:28:19 - [TEST_STEP][PASSED] - symbols = symbols: null

2019-08-15 16:28:19 - [TEST_STEP][PASSED] - for ([j = 0, j &lt; symbols.size(), (j++)]): null

2019-08-15 16:28:19 - [TEST_STEP][PASSED] - symbol = symbol: null

2019-08-15 16:28:19 - [TEST_STEP][PASSED] - println(symbol): null

2019-08-15 16:28:19 - [TEST_STEP][PASSED] - if (i == 2 &amp;&amp; wildList.indexOf(symbol) != -1): null

2019-08-15 16:28:19 - [TEST_STEP][PASSED] - if (i == 3 &amp;&amp; wildList.indexOf(symbol) != -1): null

2019-08-15 16:28:19 - [TEST_STEP][PASSED] - if (i == 4 &amp;&amp; wildList.indexOf(symbol) != -1): null

2019-08-15 16:28:19 - [TEST_STEP][PASSED] - symbol = symbol: null

2019-08-15 16:28:19 - [TEST_STEP][PASSED] - println(symbol): null

2019-08-15 16:28:19 - [TEST_STEP][PASSED] - if (i == 2 &amp;&amp; wildList.indexOf(symbol) != -1): null

2019-08-15 16:28:19 - [TEST_STEP][PASSED] - if (i == 3 &amp;&amp; wildList.indexOf(symbol) != -1): null

2019-08-15 16:28:19 - [TEST_STEP][PASSED] - if (i == 4 &amp;&amp; wildList.indexOf(symbol) != -1): null

2019-08-15 16:28:19 - [TEST_STEP][PASSED] - symbol = symbol: null

2019-08-15 16:28:19 - [TEST_STEP][PASSED] - println(symbol): null

2019-08-15 16:28:19 - [TEST_STEP][PASSED] - if (i == 2 &amp;&amp; wildList.indexOf(symbol) != -1): null

2019-08-15 16:28:19 - [TEST_STEP][PASSED] - if (i == 3 &amp;&amp; wildList.indexOf(symbol) != -1): null

2019-08-15 16:28:19 - [TEST_STEP][PASSED] - if (i == 4 &amp;&amp; wildList.indexOf(symbol) != -1): null

2019-08-15 16:28:19 - [TEST_STEP][PASSED] - symbols = symbols: null

2019-08-15 16:28:19 - [TEST_STEP][PASSED] - for ([j = 0, j &lt; symbols.size(), (j++)]): null

2019-08-15 16:28:19 - [TEST_STEP][PASSED] - symbol = symbol: null

2019-08-15 16:28:19 - [TEST_STEP][PASSED] - println(symbol): null

2019-08-15 16:28:19 - [TEST_STEP][PASSED] - if (i == 2 &amp;&amp; wildList.indexOf(symbol) != -1): null

2019-08-15 16:28:19 - [TEST_STEP][PASSED] - if (i == 3 &amp;&amp; wildList.indexOf(symbol) != -1): null

2019-08-15 16:28:19 - [TEST_STEP][PASSED] - if (i == 4 &amp;&amp; wildList.indexOf(symbol) != -1): null

2019-08-15 16:28:19 - [TEST_STEP][PASSED] - symbol = symbol: null

2019-08-15 16:28:19 - [TEST_STEP][PASSED] - println(symbol): null

2019-08-15 16:28:19 - [TEST_STEP][PASSED] - if (i == 2 &amp;&amp; wildList.indexOf(symbol) != -1): null

2019-08-15 16:28:19 - [TEST_STEP][PASSED] - println("wild found on reel 3, adding counter by 1"): null

2019-08-15 16:28:19 - [TEST_STEP][PASSED] - free_spin_reel_counter[0] = free_spin_reel_counter[0] + 1: null

2019-08-15 16:28:19 - [TEST_STEP][PASSED] - if (i == 3 &amp;&amp; wildList.indexOf(symbol) != -1): null

2019-08-15 16:28:19 - [TEST_STEP][PASSED] - if (i == 4 &amp;&amp; wildList.indexOf(symbol) != -1): null

2019-08-15 16:28:19 - [TEST_STEP][PASSED] - symbol = symbol: null

2019-08-15 16:28:19 - [TEST_STEP][PASSED] - println(symbol): null

2019-08-15 16:28:19 - [TEST_STEP][PASSED] - if (i == 2 &amp;&amp; wildList.indexOf(symbol) != -1): null

2019-08-15 16:28:19 - [TEST_STEP][PASSED] - if (i == 3 &amp;&amp; wildList.indexOf(symbol) != -1): null

2019-08-15 16:28:19 - [TEST_STEP][PASSED] - if (i == 4 &amp;&amp; wildList.indexOf(symbol) != -1): null

2019-08-15 16:28:19 - [TEST_STEP][PASSED] - symbols = symbols: null

2019-08-15 16:28:19 - [TEST_STEP][PASSED] - for ([j = 0, j &lt; symbols.size(), (j++)]): null

2019-08-15 16:28:19 - [TEST_STEP][PASSED] - symbol = symbol: null

2019-08-15 16:28:19 - [TEST_STEP][PASSED] - println(symbol): null

2019-08-15 16:28:19 - [TEST_STEP][PASSED] - if (i == 2 &amp;&amp; wildList.indexOf(symbol) != -1): null

2019-08-15 16:28:19 - [TEST_STEP][PASSED] - if (i == 3 &amp;&amp; wildList.indexOf(symbol) != -1): null

2019-08-15 16:28:19 - [TEST_STEP][PASSED] - if (i == 4 &amp;&amp; wildList.indexOf(symbol) != -1): null

2019-08-15 16:28:19 - [TEST_STEP][PASSED] - symbol = symbol: null

2019-08-15 16:28:19 - [TEST_STEP][PASSED] - println(symbol): null

2019-08-15 16:28:19 - [TEST_STEP][PASSED] - if (i == 2 &amp;&amp; wildList.indexOf(symbol) != -1): null

2019-08-15 16:28:19 - [TEST_STEP][PASSED] - if (i == 3 &amp;&amp; wildList.indexOf(symbol) != -1): null

2019-08-15 16:28:19 - [TEST_STEP][PASSED] - if (i == 4 &amp;&amp; wildList.indexOf(symbol) != -1): null

2019-08-15 16:28:19 - [TEST_STEP][PASSED] - symbol = symbol: null

2019-08-15 16:28:19 - [TEST_STEP][PASSED] - println(symbol): null

2019-08-15 16:28:19 - [TEST_STEP][PASSED] - if (i == 2 &amp;&amp; wildList.indexOf(symbol) != -1): null

2019-08-15 16:28:19 - [TEST_STEP][PASSED] - if (i == 3 &amp;&amp; wildList.indexOf(symbol) != -1): null

2019-08-15 16:28:19 - [TEST_STEP][PASSED] - if (i == 4 &amp;&amp; wildList.indexOf(symbol) != -1): null

2019-08-15 16:28:19 - [TEST_STEP][PASSED] - symbols = symbols: null

2019-08-15 16:28:19 - [TEST_STEP][PASSED] - for ([j = 0, j &lt; symbols.size(), (j++)]): null

2019-08-15 16:28:19 - [TEST_STEP][PASSED] - symbol = symbol: null

2019-08-15 16:28:19 - [TEST_STEP][PASSED] - println(symbol): null

2019-08-15 16:28:19 - [TEST_STEP][PASSED] - if (i == 2 &amp;&amp; wildList.indexOf(symbol) != -1): null

2019-08-15 16:28:19 - [TEST_STEP][PASSED] - if (i == 3 &amp;&amp; wildList.indexOf(symbol) != -1): null

2019-08-15 16:28:19 - [TEST_STEP][PASSED] - if (i == 4 &amp;&amp; wildList.indexOf(symbol) != -1): null

2019-08-15 16:28:19 - [TEST_STEP][PASSED] - symbol = symbol: null

2019-08-15 16:28:19 - [TEST_STEP][PASSED] - println(symbol): null

2019-08-15 16:28:19 - [TEST_STEP][PASSED] - if (i == 2 &amp;&amp; wildList.indexOf(symbol) != -1): null

2019-08-15 16:28:19 - [TEST_STEP][PASSED] - if (i == 3 &amp;&amp; wildList.indexOf(symbol) != -1): null

2019-08-15 16:28:19 - [TEST_STEP][PASSED] - if (i == 4 &amp;&amp; wildList.indexOf(symbol) != -1): null

2019-08-15 16:28:19 - [TEST_STEP][PASSED] - symbol = symbol: null

2019-08-15 16:28:19 - [TEST_STEP][PASSED] - println(symbol): null

2019-08-15 16:28:19 - [TEST_STEP][PASSED] - if (i == 2 &amp;&amp; wildList.indexOf(symbol) != -1): null

2019-08-15 16:28:19 - [TEST_STEP][PASSED] - if (i == 3 &amp;&amp; wildList.indexOf(symbol) != -1): null

2019-08-15 16:28:19 - [TEST_STEP][PASSED] - if (i == 4 &amp;&amp; wildList.indexOf(symbol) != -1): null

2019-08-15 16:28:19 - [TEST_STEP][PASSED] - free_spin_reel_counter = free_spin_reel_counter: null

2019-08-15 16:28:19 - [TEST_STEP][PASSED] - println("reel 3 wild found: " + free_spin_reel_counter[0]): null

2019-08-15 16:28:19 - [TEST_STEP][PASSED] - println("reel 4 wild found: " + free_spin_reel_counter[1]): null

2019-08-15 16:28:19 - [TEST_STEP][PASSED] - println("reel 5 wild found: " + free_spin_reel_counter[2]): null

2019-08-15 16:28:19 - [TEST_STEP][PASSED] - M4_spin_reels = M4_spin_reels: null

2019-08-15 16:28:19 - [TEST_STEP][PASSED] - M4_spin_reels_symbols = symbol: null

2019-08-15 16:28:19 - [TEST_STEP][PASSED] - M4_spin_reels_symbols = M4_spin_reels_symbols: null

2019-08-15 16:28:19 - [TEST_STEP][PASSED] - M4_spin_reel_wins = reel_wins: null

2019-08-15 16:28:19 - [TEST_STEP][PASSED] - M4_spin_reel_wins = M4_spin_reel_wins: null

2019-08-15 16:28:19 - [TEST_STEP][PASSED] - println("GlobalVariable.M4_spin_reel_wins is: " + M4_spin_reel_wins): null

2019-08-15 16:28:19 - [TEST_STEP][PASSED] - M4_spin_total_bonus_win_this_round = total_bonus_win_this_round: null

2019-08-15 16:28:19 - [TEST_STEP][PASSED] - M4_spin_total_bonus_win_this_round = M4_spin_total_bonus_win_this_round: null

2019-08-15 16:28:19 - [TEST_STEP][PASSED] - println("GlobalVariable.M4_spin_total_bonus_win_this_round is: " + M4_spin_total_bonus_win_this_round): null

2019-08-15 16:28:19 - [MESSAGE][PASSED] - Verify response successfully

2019-08-15 16:28:19 - [MESSAGE][PASSED] - Send request and verify the response successfully

2019-08-15 16:28:19 - [TEST_STEP][PASSED] - if (M4_total_bonus_spins_int != 0 &amp;&amp; M4_spin_reels_symbols[2].contains("WILD_Normal") || M4_spin_reels_symbols[3].contains("WILD_Normal") || M4_spin_reels_symbols[4].contains("WILD_Normal")): null

2019-08-15 16:28:19 - [TEST_STEP][PASSED] - free_spin_reel_counter = free_spin_reel_counter: null

2019-08-15 16:28:19 - [TEST_STEP][PASSED] - M4_spin_reels_symbols = M4_spin_reels_symbols: null

2019-08-15 16:28:19 - [TEST_STEP][PASSED] - M4_total_bonus_spins = M4_total_bonus_spins: null

2019-08-15 16:28:19 - [TEST_STEP][PASSED] - spin_result = sendRequestAndVerify(findTestObject("STG/RGS(M4)/1_M4_spin", ["M4_login_user_id":M4_login_user_id, "rgs_session_token":rgs_session_token, "partner":Partner])): Send request and verify the response successfully

2019-08-15 16:28:19 - [TEST_CASE][PASSED] - Start Test Case : Verification: Verification accomplished successfully

2019-08-15 16:28:19 - [TEST_STEP][PASSED] - request = getInstance().getCurrentRequest(): null

2019-08-15 16:28:19 - [TEST_STEP][PASSED] - response = getInstance().getCurrentResponse(): null

2019-08-15 16:28:19 - [TEST_STEP][PASSED] - verifyResponseStatusCode(response, 200): Verify response status code successfully

2019-08-15 16:28:19 - [MESSAGE][PASSED] - Verify response status code successfully

2019-08-15 16:28:19 - [TEST_STEP][PASSED] - getStatusCode()).isEqualTo(200): null

2019-08-15 16:28:19 - [TEST_STEP][PASSED] - newline = System.getProperty("line.separator"): null

2019-08-15 16:28:19 - [TEST_STEP][PASSED] - M4_spin = new groovy.json.JsonSlurper(): null

2019-08-15 16:28:19 - [TEST_STEP][PASSED] - result_M4_spin = M4_spin.parseText(response.getResponseBodyContent()): null

2019-08-15 16:28:19 - [TEST_STEP][PASSED] - M4_spin_current_balance = current_balance: null

2019-08-15 16:28:19 - [TEST_STEP][PASSED] - M4_spin_current_balance = M4_spin_current_balance: null

2019-08-15 16:28:19 - [TEST_STEP][PASSED] - M4_spin_transaction_id = causality: null

2019-08-15 16:28:19 - [TEST_STEP][PASSED] - M4_spin_transaction_id = M4_spin_transaction_id: null

2019-08-15 16:28:19 - [TEST_STEP][PASSED] - M4_spin_round_id = round_id: null

2019-08-15 16:28:19 - [TEST_STEP][PASSED] - M4_spin_round_id = M4_spin_round_id: null

2019-08-15 16:28:19 - [TEST_STEP][PASSED] - M4_spin_line_wins = line_wins: null

2019-08-15 16:28:19 - [TEST_STEP][PASSED] - M4_spin_line_wins = M4_spin_line_wins: null

2019-08-15 16:28:19 - [TEST_STEP][PASSED] - M4_total_bonus_spins_int = total_bonus_spins: null

2019-08-15 16:28:19 - [TEST_STEP][PASSED] - println("******M4_total_bonus_spins type is:*******" + newline + getClass().getName()): null

2019-08-15 16:28:19 - [TEST_STEP][PASSED] - M4_total_bonus_spins_int = M4_total_bonus_spins_int: null

2019-08-15 16:28:19 - [TEST_STEP][PASSED] - M4_total_bonus_spins = Integer.toString(M4_total_bonus_spins_int): null

2019-08-15 16:28:19 - [TEST_STEP][PASSED] - M4_total_bonus_spins = M4_total_bonus_spins: null

2019-08-15 16:28:19 - [TEST_STEP][PASSED] - println("M4_total_bonus_spins is:" + M4_total_bonus_spins): null

2019-08-15 16:28:19 - [TEST_STEP][PASSED] - M4_spin_bonus_data = bonus_data: null

2019-08-15 16:28:19 - [TEST_STEP][PASSED] - M4_spin_features_triggered = result_M4_spin: null

2019-08-15 16:28:19 - [TEST_STEP][PASSED] - wild = []: null

2019-08-15 16:28:19 - [TEST_STEP][PASSED] - wild[0] = "WILD_Expanding": null

2019-08-15 16:28:19 - [TEST_STEP][PASSED] - wild[1] = "WILD_Normal": null

2019-08-15 16:28:19 - [TEST_STEP][PASSED] - wild[2] = "WILD_Double": null

2019-08-15 16:28:19 - [TEST_STEP][PASSED] - wild[3] = "WILD_ExtraFG": null

2019-08-15 16:28:19 - [TEST_STEP][PASSED] - wild[4] = "WILD_Triple": null

2019-08-15 16:28:19 - [TEST_STEP][PASSED] - wildList = Arrays.asList(wild): null

2019-08-15 16:28:19 - [TEST_STEP][PASSED] - wildList = wildList: null

2019-08-15 16:28:19 - [TEST_STEP][PASSED] - free_spin_reel_counter = []: null

2019-08-15 16:28:19 - [TEST_STEP][PASSED] - free_spin_reel_counter[0] = 0: null

2019-08-15 16:28:19 - [TEST_STEP][PASSED] - free_spin_reel_counter[1] = 0: null

2019-08-15 16:28:19 - [TEST_STEP][PASSED] - free_spin_reel_counter[2] = 0: null

2019-08-15 16:28:19 - [TEST_STEP][PASSED] - M4_spin_reels = reels: null

2019-08-15 16:28:19 - [TEST_STEP][PASSED] - for ([i = 0, i &lt; M4_spin_reels.size(), (i++)]): null

2019-08-15 16:28:19 - [TEST_STEP][PASSED] - symbols = symbols: null

2019-08-15 16:28:19 - [TEST_STEP][PASSED] - for ([j = 0, j &lt; symbols.size(), (j++)]): null

2019-08-15 16:28:19 - [TEST_STEP][PASSED] - symbol = symbol: null

2019-08-15 16:28:19 - [TEST_STEP][PASSED] - println(symbol): null

2019-08-15 16:28:19 - [TEST_STEP][PASSED] - if (i == 2 &amp;&amp; wildList.indexOf(symbol) != -1): null

2019-08-15 16:28:19 - [TEST_STEP][PASSED] - if (i == 3 &amp;&amp; wildList.indexOf(symbol) != -1): null

2019-08-15 16:28:19 - [TEST_STEP][PASSED] - if (i == 4 &amp;&amp; wildList.indexOf(symbol) != -1): null

2019-08-15 16:28:19 - [TEST_STEP][PASSED] - symbol = symbol: null

2019-08-15 16:28:19 - [TEST_STEP][PASSED] - println(symbol): null

2019-08-15 16:28:19 - [TEST_STEP][PASSED] - if (i == 2 &amp;&amp; wildList.indexOf(symbol) != -1): null

2019-08-15 16:28:19 - [TEST_STEP][PASSED] - if (i == 3 &amp;&amp; wildList.indexOf(symbol) != -1): null

2019-08-15 16:28:19 - [TEST_STEP][PASSED] - if (i == 4 &amp;&amp; wildList.indexOf(symbol) != -1): null

2019-08-15 16:28:19 - [TEST_STEP][PASSED] - symbol = symbol: null

2019-08-15 16:28:19 - [TEST_STEP][PASSED] - println(symbol): null

2019-08-15 16:28:19 - [TEST_STEP][PASSED] - if (i == 2 &amp;&amp; wildList.indexOf(symbol) != -1): null

2019-08-15 16:28:19 - [TEST_STEP][PASSED] - if (i == 3 &amp;&amp; wildList.indexOf(symbol) != -1): null

2019-08-15 16:28:19 - [TEST_STEP][PASSED] - if (i == 4 &amp;&amp; wildList.indexOf(symbol) != -1): null

2019-08-15 16:28:19 - [TEST_STEP][PASSED] - symbols = symbols: null

2019-08-15 16:28:19 - [TEST_STEP][PASSED] - for ([j = 0, j &lt; symbols.size(), (j++)]): null

2019-08-15 16:28:19 - [TEST_STEP][PASSED] - symbol = symbol: null

2019-08-15 16:28:19 - [TEST_STEP][PASSED] - println(symbol): null

2019-08-15 16:28:19 - [TEST_STEP][PASSED] - if (i == 2 &amp;&amp; wildList.indexOf(symbol) != -1): null

2019-08-15 16:28:19 - [TEST_STEP][PASSED] - if (i == 3 &amp;&amp; wildList.indexOf(symbol) != -1): null

2019-08-15 16:28:19 - [TEST_STEP][PASSED] - if (i == 4 &amp;&amp; wildList.indexOf(symbol) != -1): null

2019-08-15 16:28:19 - [TEST_STEP][PASSED] - symbol = symbol: null

2019-08-15 16:28:19 - [TEST_STEP][PASSED] - println(symbol): null

2019-08-15 16:28:19 - [TEST_STEP][PASSED] - if (i == 2 &amp;&amp; wildList.indexOf(symbol) != -1): null

2019-08-15 16:28:19 - [TEST_STEP][PASSED] - if (i == 3 &amp;&amp; wildList.indexOf(symbol) != -1): null

2019-08-15 16:28:19 - [TEST_STEP][PASSED] - if (i == 4 &amp;&amp; wildList.indexOf(symbol) != -1): null

2019-08-15 16:28:19 - [TEST_STEP][PASSED] - symbol = symbol: null

2019-08-15 16:28:19 - [TEST_STEP][PASSED] - println(symbol): null

2019-08-15 16:28:19 - [TEST_STEP][PASSED] - if (i == 2 &amp;&amp; wildList.indexOf(symbol) != -1): null

2019-08-15 16:28:19 - [TEST_STEP][PASSED] - if (i == 3 &amp;&amp; wildList.indexOf(symbol) != -1): null

2019-08-15 16:28:19 - [TEST_STEP][PASSED] - if (i == 4 &amp;&amp; wildList.indexOf(symbol) != -1): null

2019-08-15 16:28:19 - [TEST_STEP][PASSED] - symbols = symbols: null

2019-08-15 16:28:19 - [TEST_STEP][PASSED] - for ([j = 0, j &lt; symbols.size(), (j++)]): null

2019-08-15 16:28:19 - [TEST_STEP][PASSED] - symbol = symbol: null

2019-08-15 16:28:19 - [TEST_STEP][PASSED] - println(symbol): null

2019-08-15 16:28:19 - [TEST_STEP][PASSED] - if (i == 2 &amp;&amp; wildList.indexOf(symbol) != -1): null

2019-08-15 16:28:19 - [TEST_STEP][PASSED] - if (i == 3 &amp;&amp; wildList.indexOf(symbol) != -1): null

2019-08-15 16:28:19 - [TEST_STEP][PASSED] - if (i == 4 &amp;&amp; wildList.indexOf(symbol) != -1): null

2019-08-15 16:28:19 - [TEST_STEP][PASSED] - symbol = symbol: null

2019-08-15 16:28:19 - [TEST_STEP][PASSED] - println(symbol): null

2019-08-15 16:28:19 - [TEST_STEP][PASSED] - if (i == 2 &amp;&amp; wildList.indexOf(symbol) != -1): null

2019-08-15 16:28:19 - [TEST_STEP][PASSED] - if (i == 3 &amp;&amp; wildList.indexOf(symbol) != -1): null

2019-08-15 16:28:19 - [TEST_STEP][PASSED] - if (i == 4 &amp;&amp; wildList.indexOf(symbol) != -1): null

2019-08-15 16:28:19 - [TEST_STEP][PASSED] - symbol = symbol: null

2019-08-15 16:28:19 - [TEST_STEP][PASSED] - println(symbol): null

2019-08-15 16:28:19 - [TEST_STEP][PASSED] - if (i == 2 &amp;&amp; wildList.indexOf(symbol) != -1): null

2019-08-15 16:28:19 - [TEST_STEP][PASSED] - if (i == 3 &amp;&amp; wildList.indexOf(symbol) != -1): null

2019-08-15 16:28:19 - [TEST_STEP][PASSED] - if (i == 4 &amp;&amp; wildList.indexOf(symbol) != -1): null

2019-08-15 16:28:19 - [TEST_STEP][PASSED] - symbols = symbols: null

2019-08-15 16:28:19 - [TEST_STEP][PASSED] - for ([j = 0, j &lt; symbols.size(), (j++)]): null

2019-08-15 16:28:19 - [TEST_STEP][PASSED] - symbol = symbol: null

2019-08-15 16:28:19 - [TEST_STEP][PASSED] - println(symbol): null

2019-08-15 16:28:19 - [TEST_STEP][PASSED] - if (i == 2 &amp;&amp; wildList.indexOf(symbol) != -1): null

2019-08-15 16:28:19 - [TEST_STEP][PASSED] - if (i == 3 &amp;&amp; wildList.indexOf(symbol) != -1): null

2019-08-15 16:28:19 - [TEST_STEP][PASSED] - if (i == 4 &amp;&amp; wildList.indexOf(symbol) != -1): null

2019-08-15 16:28:19 - [TEST_STEP][PASSED] - symbol = symbol: null

2019-08-15 16:28:19 - [TEST_STEP][PASSED] - println(symbol): null

2019-08-15 16:28:19 - [TEST_STEP][PASSED] - if (i == 2 &amp;&amp; wildList.indexOf(symbol) != -1): null

2019-08-15 16:28:19 - [TEST_STEP][PASSED] - if (i == 3 &amp;&amp; wildList.indexOf(symbol) != -1): null

2019-08-15 16:28:19 - [TEST_STEP][PASSED] - if (i == 4 &amp;&amp; wildList.indexOf(symbol) != -1): null

2019-08-15 16:28:19 - [TEST_STEP][PASSED] - symbol = symbol: null

2019-08-15 16:28:19 - [TEST_STEP][PASSED] - println(symbol): null

2019-08-15 16:28:19 - [TEST_STEP][PASSED] - if (i == 2 &amp;&amp; wildList.indexOf(symbol) != -1): null

2019-08-15 16:28:19 - [TEST_STEP][PASSED] - if (i == 3 &amp;&amp; wildList.indexOf(symbol) != -1): null

2019-08-15 16:28:19 - [TEST_STEP][PASSED] - if (i == 4 &amp;&amp; wildList.indexOf(symbol) != -1): null

2019-08-15 16:28:19 - [TEST_STEP][PASSED] - symbols = symbols: null

2019-08-15 16:28:19 - [TEST_STEP][PASSED] - for ([j = 0, j &lt; symbols.size(), (j++)]): null

2019-08-15 16:28:19 - [TEST_STEP][PASSED] - symbol = symbol: null

2019-08-15 16:28:19 - [TEST_STEP][PASSED] - println(symbol): null

2019-08-15 16:28:19 - [TEST_STEP][PASSED] - if (i == 2 &amp;&amp; wildList.indexOf(symbol) != -1): null

2019-08-15 16:28:19 - [TEST_STEP][PASSED] - if (i == 3 &amp;&amp; wildList.indexOf(symbol) != -1): null

2019-08-15 16:28:19 - [TEST_STEP][PASSED] - if (i == 4 &amp;&amp; wildList.indexOf(symbol) != -1): null

2019-08-15 16:28:19 - [TEST_STEP][PASSED] - symbol = symbol: null

2019-08-15 16:28:19 - [TEST_STEP][PASSED] - println(symbol): null

2019-08-15 16:28:19 - [TEST_STEP][PASSED] - if (i == 2 &amp;&amp; wildList.indexOf(symbol) != -1): null

2019-08-15 16:28:19 - [TEST_STEP][PASSED] - if (i == 3 &amp;&amp; wildList.indexOf(symbol) != -1): null

2019-08-15 16:28:19 - [TEST_STEP][PASSED] - if (i == 4 &amp;&amp; wildList.indexOf(symbol) != -1): null

2019-08-15 16:28:19 - [TEST_STEP][PASSED] - symbol = symbol: null

2019-08-15 16:28:19 - [TEST_STEP][PASSED] - println(symbol): null

2019-08-15 16:28:19 - [TEST_STEP][PASSED] - if (i == 2 &amp;&amp; wildList.indexOf(symbol) != -1): null

2019-08-15 16:28:19 - [TEST_STEP][PASSED] - if (i == 3 &amp;&amp; wildList.indexOf(symbol) != -1): null

2019-08-15 16:28:19 - [TEST_STEP][PASSED] - if (i == 4 &amp;&amp; wildList.indexOf(symbol) != -1): null

2019-08-15 16:28:19 - [TEST_STEP][PASSED] - free_spin_reel_counter = free_spin_reel_counter: null

2019-08-15 16:28:19 - [TEST_STEP][PASSED] - println("reel 3 wild found: " + free_spin_reel_counter[0]): null

2019-08-15 16:28:19 - [TEST_STEP][PASSED] - println("reel 4 wild found: " + free_spin_reel_counter[1]): null

2019-08-15 16:28:19 - [TEST_STEP][PASSED] - println("reel 5 wild found: " + free_spin_reel_counter[2]): null

2019-08-15 16:28:19 - [TEST_STEP][PASSED] - M4_spin_reels = M4_spin_reels: null

2019-08-15 16:28:19 - [TEST_STEP][PASSED] - M4_spin_reels_symbols = symbol: null

2019-08-15 16:28:19 - [TEST_STEP][PASSED] - M4_spin_reels_symbols = M4_spin_reels_symbols: null

2019-08-15 16:28:19 - [TEST_STEP][PASSED] - M4_spin_reel_wins = reel_wins: null

2019-08-15 16:28:19 - [TEST_STEP][PASSED] - M4_spin_reel_wins = M4_spin_reel_wins: null

2019-08-15 16:28:19 - [TEST_STEP][PASSED] - println("GlobalVariable.M4_spin_reel_wins is: " + M4_spin_reel_wins): null

2019-08-15 16:28:19 - [TEST_STEP][PASSED] - M4_spin_total_bonus_win_this_round = total_bonus_win_this_round: null

2019-08-15 16:28:24 - [TEST_STEP][PASSED] - M4_spin_total_bonus_win_this_round = M4_spin_total_bonus_win_this_round: null

2019-08-15 16:28:24 - [TEST_STEP][PASSED] - println("GlobalVariable.M4_spin_total_bonus_win_this_round is: " + M4_spin_total_bonus_win_this_round): null

2019-08-15 16:28:24 - [MESSAGE][PASSED] - Verify response successfully

2019-08-15 16:28:24 - [MESSAGE][PASSED] - Send request and verify the response successfully

2019-08-15 16:28:24 - [TEST_STEP][PASSED] - if (M4_total_bonus_spins_int != 0 &amp;&amp; M4_spin_reels_symbols[2].contains("WILD_Normal") || M4_spin_reels_symbols[3].contains("WILD_Normal") || M4_spin_reels_symbols[4].contains("WILD_Normal")): null

2019-08-15 16:28:24 - [TEST_STEP][PASSED] - free_spin_reel_counter = free_spin_reel_counter: null

2019-08-15 16:28:24 - [TEST_STEP][PASSED] - M4_spin_reels_symbols = M4_spin_reels_symbols: null

2019-08-15 16:28:24 - [TEST_STEP][PASSED] - M4_total_bonus_spins = M4_total_bonus_spins: null

2019-08-15 16:28:25 - [TEST_STEP][PASSED] - spin_result = sendRequestAndVerify(findTestObject("STG/RGS(M4)/1_M4_spin", ["M4_login_user_id":M4_login_user_id, "rgs_session_token":rgs_session_token, "partner":Partner])): Send request and verify the response successfully

2019-08-15 16:28:26 - [TEST_CASE][PASSED] - Start Test Case : Verification: Verification accomplished successfully

2019-08-15 16:28:26 - [TEST_STEP][PASSED] - request = getInstance().getCurrentRequest(): null

2019-08-15 16:28:26 - [TEST_STEP][PASSED] - response = getInstance().getCurrentResponse(): null

2019-08-15 16:28:26 - [TEST_STEP][PASSED] - verifyResponseStatusCode(response, 200): Verify response status code successfully

2019-08-15 16:28:26 - [MESSAGE][PASSED] - Verify response status code successfully

2019-08-15 16:28:26 - [TEST_STEP][PASSED] - getStatusCode()).isEqualTo(200): null

2019-08-15 16:28:26 - [TEST_STEP][PASSED] - newline = System.getProperty("line.separator"): null

2019-08-15 16:28:26 - [TEST_STEP][PASSED] - M4_spin = new groovy.json.JsonSlurper(): null

2019-08-15 16:28:26 - [TEST_STEP][PASSED] - result_M4_spin = M4_spin.parseText(response.getResponseBodyContent()): null

2019-08-15 16:28:26 - [TEST_STEP][PASSED] - M4_spin_current_balance = current_balance: null

2019-08-15 16:28:26 - [TEST_STEP][PASSED] - M4_spin_current_balance = M4_spin_current_balance: null

2019-08-15 16:28:26 - [TEST_STEP][PASSED] - M4_spin_transaction_id = causality: null

2019-08-15 16:28:26 - [TEST_STEP][PASSED] - M4_spin_transaction_id = M4_spin_transaction_id: null

2019-08-15 16:28:26 - [TEST_STEP][PASSED] - M4_spin_round_id = round_id: null

2019-08-15 16:28:26 - [TEST_STEP][PASSED] - M4_spin_round_id = M4_spin_round_id: null

2019-08-15 16:28:26 - [TEST_STEP][PASSED] - M4_spin_line_wins = line_wins: null

2019-08-15 16:28:26 - [TEST_STEP][PASSED] - M4_spin_line_wins = M4_spin_line_wins: null

2019-08-15 16:28:26 - [TEST_STEP][PASSED] - M4_total_bonus_spins_int = total_bonus_spins: null

2019-08-15 16:28:26 - [TEST_STEP][PASSED] - println("******M4_total_bonus_spins type is:*******" + newline + getClass().getName()): null

2019-08-15 16:28:26 - [TEST_STEP][PASSED] - M4_total_bonus_spins_int = M4_total_bonus_spins_int: null

2019-08-15 16:28:26 - [TEST_STEP][PASSED] - M4_total_bonus_spins = Integer.toString(M4_total_bonus_spins_int): null

2019-08-15 16:28:26 - [TEST_STEP][PASSED] - M4_total_bonus_spins = M4_total_bonus_spins: null

2019-08-15 16:28:26 - [TEST_STEP][PASSED] - println("M4_total_bonus_spins is:" + M4_total_bonus_spins): null

2019-08-15 16:28:26 - [TEST_STEP][PASSED] - M4_spin_bonus_data = bonus_data: null

2019-08-15 16:28:26 - [TEST_STEP][PASSED] - M4_spin_features_triggered = result_M4_spin: null

2019-08-15 16:28:26 - [TEST_STEP][PASSED] - wild = []: null

2019-08-15 16:28:26 - [TEST_STEP][PASSED] - wild[0] = "WILD_Expanding": null

2019-08-15 16:28:26 - [TEST_STEP][PASSED] - wild[1] = "WILD_Normal": null

2019-08-15 16:28:26 - [TEST_STEP][PASSED] - wild[2] = "WILD_Double": null

2019-08-15 16:28:26 - [TEST_STEP][PASSED] - wild[3] = "WILD_ExtraFG": null

2019-08-15 16:28:26 - [TEST_STEP][PASSED] - wild[4] = "WILD_Triple": null

2019-08-15 16:28:26 - [TEST_STEP][PASSED] - wildList = Arrays.asList(wild): null

2019-08-15 16:28:26 - [TEST_STEP][PASSED] - wildList = wildList: null

2019-08-15 16:28:26 - [TEST_STEP][PASSED] - free_spin_reel_counter = []: null

2019-08-15 16:28:26 - [TEST_STEP][PASSED] - free_spin_reel_counter[0] = 0: null

2019-08-15 16:28:26 - [TEST_STEP][PASSED] - free_spin_reel_counter[1] = 0: null

2019-08-15 16:28:26 - [TEST_STEP][PASSED] - free_spin_reel_counter[2] = 0: null

2019-08-15 16:28:26 - [TEST_STEP][PASSED] - M4_spin_reels = reels: null

2019-08-15 16:28:26 - [TEST_STEP][PASSED] - for ([i = 0, i &lt; M4_spin_reels.size(), (i++)]): null

2019-08-15 16:28:26 - [TEST_STEP][PASSED] - symbols = symbols: null

2019-08-15 16:28:26 - [TEST_STEP][PASSED] - for ([j = 0, j &lt; symbols.size(), (j++)]): null

2019-08-15 16:28:26 - [TEST_STEP][PASSED] - symbol = symbol: null

2019-08-15 16:28:26 - [TEST_STEP][PASSED] - println(symbol): null

2019-08-15 16:28:26 - [TEST_STEP][PASSED] - if (i == 2 &amp;&amp; wildList.indexOf(symbol) != -1): null

2019-08-15 16:28:26 - [TEST_STEP][PASSED] - if (i == 3 &amp;&amp; wildList.indexOf(symbol) != -1): null

2019-08-15 16:28:26 - [TEST_STEP][PASSED] - if (i == 4 &amp;&amp; wildList.indexOf(symbol) != -1): null

2019-08-15 16:28:26 - [TEST_STEP][PASSED] - symbol = symbol: null

2019-08-15 16:28:26 - [TEST_STEP][PASSED] - println(symbol): null

2019-08-15 16:28:26 - [TEST_STEP][PASSED] - if (i == 2 &amp;&amp; wildList.indexOf(symbol) != -1): null

2019-08-15 16:28:26 - [TEST_STEP][PASSED] - if (i == 3 &amp;&amp; wildList.indexOf(symbol) != -1): null

2019-08-15 16:28:26 - [TEST_STEP][PASSED] - if (i == 4 &amp;&amp; wildList.indexOf(symbol) != -1): null

2019-08-15 16:28:26 - [TEST_STEP][PASSED] - symbol = symbol: null

2019-08-15 16:28:26 - [TEST_STEP][PASSED] - println(symbol): null

2019-08-15 16:28:26 - [TEST_STEP][PASSED] - if (i == 2 &amp;&amp; wildList.indexOf(symbol) != -1): null

2019-08-15 16:28:26 - [TEST_STEP][PASSED] - if (i == 3 &amp;&amp; wildList.indexOf(symbol) != -1): null

2019-08-15 16:28:26 - [TEST_STEP][PASSED] - if (i == 4 &amp;&amp; wildList.indexOf(symbol) != -1): null

2019-08-15 16:28:26 - [TEST_STEP][PASSED] - symbols = symbols: null

2019-08-15 16:28:26 - [TEST_STEP][PASSED] - for ([j = 0, j &lt; symbols.size(), (j++)]): null

2019-08-15 16:28:26 - [TEST_STEP][PASSED] - symbol = symbol: null

2019-08-15 16:28:26 - [TEST_STEP][PASSED] - println(symbol): null

2019-08-15 16:28:26 - [TEST_STEP][PASSED] - if (i == 2 &amp;&amp; wildList.indexOf(symbol) != -1): null

2019-08-15 16:28:26 - [TEST_STEP][PASSED] - if (i == 3 &amp;&amp; wildList.indexOf(symbol) != -1): null

2019-08-15 16:28:26 - [TEST_STEP][PASSED] - if (i == 4 &amp;&amp; wildList.indexOf(symbol) != -1): null

2019-08-15 16:28:26 - [TEST_STEP][PASSED] - symbol = symbol: null

2019-08-15 16:28:26 - [TEST_STEP][PASSED] - println(symbol): null

2019-08-15 16:28:26 - [TEST_STEP][PASSED] - if (i == 2 &amp;&amp; wildList.indexOf(symbol) != -1): null

2019-08-15 16:28:26 - [TEST_STEP][PASSED] - if (i == 3 &amp;&amp; wildList.indexOf(symbol) != -1): null

2019-08-15 16:28:26 - [TEST_STEP][PASSED] - if (i == 4 &amp;&amp; wildList.indexOf(symbol) != -1): null

2019-08-15 16:28:26 - [TEST_STEP][PASSED] - symbol = symbol: null

2019-08-15 16:28:26 - [TEST_STEP][PASSED] - println(symbol): null

2019-08-15 16:28:26 - [TEST_STEP][PASSED] - if (i == 2 &amp;&amp; wildList.indexOf(symbol) != -1): null

2019-08-15 16:28:26 - [TEST_STEP][PASSED] - if (i == 3 &amp;&amp; wildList.indexOf(symbol) != -1): null

2019-08-15 16:28:26 - [TEST_STEP][PASSED] - if (i == 4 &amp;&amp; wildList.indexOf(symbol) != -1): null

2019-08-15 16:28:26 - [TEST_STEP][PASSED] - symbols = symbols: null

2019-08-15 16:28:26 - [TEST_STEP][PASSED] - for ([j = 0, j &lt; symbols.size(), (j++)]): null

2019-08-15 16:28:26 - [TEST_STEP][PASSED] - symbol = symbol: null

2019-08-15 16:28:26 - [TEST_STEP][PASSED] - println(symbol): null

2019-08-15 16:28:26 - [TEST_STEP][PASSED] - if (i == 2 &amp;&amp; wildList.indexOf(symbol) != -1): null

2019-08-15 16:28:26 - [TEST_STEP][PASSED] - if (i == 3 &amp;&amp; wildList.indexOf(symbol) != -1): null

2019-08-15 16:28:26 - [TEST_STEP][PASSED] - if (i == 4 &amp;&amp; wildList.indexOf(symbol) != -1): null

2019-08-15 16:28:26 - [TEST_STEP][PASSED] - symbol = symbol: null

2019-08-15 16:28:26 - [TEST_STEP][PASSED] - println(symbol): null

2019-08-15 16:28:26 - [TEST_STEP][PASSED] - if (i == 2 &amp;&amp; wildList.indexOf(symbol) != -1): null

2019-08-15 16:28:26 - [TEST_STEP][PASSED] - if (i == 3 &amp;&amp; wildList.indexOf(symbol) != -1): null

2019-08-15 16:28:26 - [TEST_STEP][PASSED] - if (i == 4 &amp;&amp; wildList.indexOf(symbol) != -1): null

2019-08-15 16:28:26 - [TEST_STEP][PASSED] - symbol = symbol: null

2019-08-15 16:28:26 - [TEST_STEP][PASSED] - println(symbol): null

2019-08-15 16:28:26 - [TEST_STEP][PASSED] - if (i == 2 &amp;&amp; wildList.indexOf(symbol) != -1): null

2019-08-15 16:28:26 - [TEST_STEP][PASSED] - if (i == 3 &amp;&amp; wildList.indexOf(symbol) != -1): null

2019-08-15 16:28:26 - [TEST_STEP][PASSED] - if (i == 4 &amp;&amp; wildList.indexOf(symbol) != -1): null

2019-08-15 16:28:26 - [TEST_STEP][PASSED] - symbols = symbols: null

2019-08-15 16:28:26 - [TEST_STEP][PASSED] - for ([j = 0, j &lt; symbols.size(), (j++)]): null

2019-08-15 16:28:26 - [TEST_STEP][PASSED] - symbol = symbol: null

2019-08-15 16:28:26 - [TEST_STEP][PASSED] - println(symbol): null

2019-08-15 16:28:26 - [TEST_STEP][PASSED] - if (i == 2 &amp;&amp; wildList.indexOf(symbol) != -1): null

2019-08-15 16:28:26 - [TEST_STEP][PASSED] - if (i == 3 &amp;&amp; wildList.indexOf(symbol) != -1): null

2019-08-15 16:28:26 - [TEST_STEP][PASSED] - if (i == 4 &amp;&amp; wildList.indexOf(symbol) != -1): null

2019-08-15 16:28:26 - [TEST_STEP][PASSED] - symbol = symbol: null

2019-08-15 16:28:26 - [TEST_STEP][PASSED] - println(symbol): null

2019-08-15 16:28:26 - [TEST_STEP][PASSED] - if (i == 2 &amp;&amp; wildList.indexOf(symbol) != -1): null

2019-08-15 16:28:26 - [TEST_STEP][PASSED] - if (i == 3 &amp;&amp; wildList.indexOf(symbol) != -1): null

2019-08-15 16:28:26 - [TEST_STEP][PASSED] - if (i == 4 &amp;&amp; wildList.indexOf(symbol) != -1): null

2019-08-15 16:28:26 - [TEST_STEP][PASSED] - symbol = symbol: null

2019-08-15 16:28:26 - [TEST_STEP][PASSED] - println(symbol): null

2019-08-15 16:28:26 - [TEST_STEP][PASSED] - if (i == 2 &amp;&amp; wildList.indexOf(symbol) != -1): null

2019-08-15 16:28:26 - [TEST_STEP][PASSED] - if (i == 3 &amp;&amp; wildList.indexOf(symbol) != -1): null

2019-08-15 16:28:26 - [TEST_STEP][PASSED] - if (i == 4 &amp;&amp; wildList.indexOf(symbol) != -1): null

2019-08-15 16:28:26 - [TEST_STEP][PASSED] - symbols = symbols: null

2019-08-15 16:28:26 - [TEST_STEP][PASSED] - for ([j = 0, j &lt; symbols.size(), (j++)]): null

2019-08-15 16:28:26 - [TEST_STEP][PASSED] - symbol = symbol: null

2019-08-15 16:28:26 - [TEST_STEP][PASSED] - println(symbol): null

2019-08-15 16:28:26 - [TEST_STEP][PASSED] - if (i == 2 &amp;&amp; wildList.indexOf(symbol) != -1): null

2019-08-15 16:28:26 - [TEST_STEP][PASSED] - if (i == 3 &amp;&amp; wildList.indexOf(symbol) != -1): null

2019-08-15 16:28:26 - [TEST_STEP][PASSED] - if (i == 4 &amp;&amp; wildList.indexOf(symbol) != -1): null

2019-08-15 16:28:26 - [TEST_STEP][PASSED] - symbol = symbol: null

2019-08-15 16:28:26 - [TEST_STEP][PASSED] - println(symbol): null

2019-08-15 16:28:26 - [TEST_STEP][PASSED] - if (i == 2 &amp;&amp; wildList.indexOf(symbol) != -1): null

2019-08-15 16:28:26 - [TEST_STEP][PASSED] - if (i == 3 &amp;&amp; wildList.indexOf(symbol) != -1): null

2019-08-15 16:28:26 - [TEST_STEP][PASSED] - if (i == 4 &amp;&amp; wildList.indexOf(symbol) != -1): null

2019-08-15 16:28:26 - [TEST_STEP][PASSED] - symbol = symbol: null

2019-08-15 16:28:26 - [TEST_STEP][PASSED] - println(symbol): null

2019-08-15 16:28:26 - [TEST_STEP][PASSED] - if (i == 2 &amp;&amp; wildList.indexOf(symbol) != -1): null

2019-08-15 16:28:26 - [TEST_STEP][PASSED] - if (i == 3 &amp;&amp; wildList.indexOf(symbol) != -1): null

2019-08-15 16:28:26 - [TEST_STEP][PASSED] - if (i == 4 &amp;&amp; wildList.indexOf(symbol) != -1): null

2019-08-15 16:28:26 - [TEST_STEP][PASSED] - free_spin_reel_counter = free_spin_reel_counter: null

2019-08-15 16:28:26 - [TEST_STEP][PASSED] - println("reel 3 wild found: " + free_spin_reel_counter[0]): null

2019-08-15 16:28:26 - [TEST_STEP][PASSED] - println("reel 4 wild found: " + free_spin_reel_counter[1]): null

2019-08-15 16:28:26 - [TEST_STEP][PASSED] - println("reel 5 wild found: " + free_spin_reel_counter[2]): null

2019-08-15 16:28:26 - [TEST_STEP][PASSED] - M4_spin_reels = M4_spin_reels: null

2019-08-15 16:28:26 - [TEST_STEP][PASSED] - M4_spin_reels_symbols = symbol: null

2019-08-15 16:28:26 - [TEST_STEP][PASSED] - M4_spin_reels_symbols = M4_spin_reels_symbols: null

2019-08-15 16:28:26 - [TEST_STEP][PASSED] - M4_spin_reel_wins = reel_wins: null

2019-08-15 16:28:26 - [TEST_STEP][PASSED] - M4_spin_reel_wins = M4_spin_reel_wins: null

2019-08-15 16:28:26 - [TEST_STEP][PASSED] - println("GlobalVariable.M4_spin_reel_wins is: " + M4_spin_reel_wins): null

2019-08-15 16:28:26 - [TEST_STEP][PASSED] - M4_spin_total_bonus_win_this_round = total_bonus_win_this_round: null

2019-08-15 16:28:26 - [TEST_STEP][PASSED] - M4_spin_total_bonus_win_this_round = M4_spin_total_bonus_win_this_round: null

2019-08-15 16:28:26 - [TEST_STEP][PASSED] - println("GlobalVariable.M4_spin_total_bonus_win_this_round is: " + M4_spin_total_bonus_win_this_round): null

2019-08-15 16:28:26 - [MESSAGE][PASSED] - Verify response successfully

2019-08-15 16:28:26 - [MESSAGE][PASSED] - Send request and verify the response successfully

2019-08-15 16:28:26 - [TEST_STEP][PASSED] - if (M4_total_bonus_spins_int != 0 &amp;&amp; M4_spin_reels_symbols[2].contains("WILD_Normal") || M4_spin_reels_symbols[3].contains("WILD_Normal") || M4_spin_reels_symbols[4].contains("WILD_Normal")): null

2019-08-15 16:28:26 - [TEST_STEP][PASSED] - free_spin_reel_counter = free_spin_reel_counter: null

2019-08-15 16:28:26 - [TEST_STEP][PASSED] - M4_spin_reels_symbols = M4_spin_reels_symbols: null

2019-08-15 16:28:26 - [TEST_STEP][PASSED] - M4_total_bonus_spins = M4_total_bonus_spins: null

2019-08-15 16:28:26 - [TEST_STEP][PASSED] - spin_result = sendRequestAndVerify(findTestObject("STG/RGS(M4)/1_M4_spin", ["M4_login_user_id":M4_login_user_id, "rgs_session_token":rgs_session_token, "partner":Partner])): Send request and verify the response successfully

2019-08-15 16:28:26 - [TEST_CASE][PASSED] - Start Test Case : Verification: Verification accomplished successfully

2019-08-15 16:28:26 - [TEST_STEP][PASSED] - request = getInstance().getCurrentRequest(): null

2019-08-15 16:28:26 - [TEST_STEP][PASSED] - response = getInstance().getCurrentResponse(): null

2019-08-15 16:28:26 - [TEST_STEP][PASSED] - verifyResponseStatusCode(response, 200): Verify response status code successfully

2019-08-15 16:28:26 - [MESSAGE][PASSED] - Verify response status code successfully

2019-08-15 16:28:26 - [TEST_STEP][PASSED] - getStatusCode()).isEqualTo(200): null

2019-08-15 16:28:26 - [TEST_STEP][PASSED] - newline = System.getProperty("line.separator"): null

2019-08-15 16:28:26 - [TEST_STEP][PASSED] - M4_spin = new groovy.json.JsonSlurper(): null

2019-08-15 16:28:26 - [TEST_STEP][PASSED] - result_M4_spin = M4_spin.parseText(response.getResponseBodyContent()): null

2019-08-15 16:28:26 - [TEST_STEP][PASSED] - M4_spin_current_balance = current_balance: null

2019-08-15 16:28:26 - [TEST_STEP][PASSED] - M4_spin_current_balance = M4_spin_current_balance: null

2019-08-15 16:28:26 - [TEST_STEP][PASSED] - M4_spin_transaction_id = causality: null

2019-08-15 16:28:26 - [TEST_STEP][PASSED] - M4_spin_transaction_id = M4_spin_transaction_id: null

2019-08-15 16:28:26 - [TEST_STEP][PASSED] - M4_spin_round_id = round_id: null

2019-08-15 16:28:26 - [TEST_STEP][PASSED] - M4_spin_round_id = M4_spin_round_id: null

2019-08-15 16:28:26 - [TEST_STEP][PASSED] - M4_spin_line_wins = line_wins: null

2019-08-15 16:28:26 - [TEST_STEP][PASSED] - M4_spin_line_wins = M4_spin_line_wins: null

2019-08-15 16:28:26 - [TEST_STEP][PASSED] - M4_total_bonus_spins_int = total_bonus_spins: null

2019-08-15 16:28:26 - [TEST_STEP][PASSED] - println("******M4_total_bonus_spins type is:*******" + newline + getClass().getName()): null

2019-08-15 16:28:26 - [TEST_STEP][PASSED] - M4_total_bonus_spins_int = M4_total_bonus_spins_int: null

2019-08-15 16:28:26 - [TEST_STEP][PASSED] - M4_total_bonus_spins = Integer.toString(M4_total_bonus_spins_int): null

2019-08-15 16:28:26 - [TEST_STEP][PASSED] - M4_total_bonus_spins = M4_total_bonus_spins: null

2019-08-15 16:28:26 - [TEST_STEP][PASSED] - println("M4_total_bonus_spins is:" + M4_total_bonus_spins): null

2019-08-15 16:28:26 - [TEST_STEP][PASSED] - M4_spin_bonus_data = bonus_data: null

2019-08-15 16:28:26 - [TEST_STEP][PASSED] - M4_spin_features_triggered = result_M4_spin: null

2019-08-15 16:28:26 - [TEST_STEP][PASSED] - wild = []: null

2019-08-15 16:28:26 - [TEST_STEP][PASSED] - wild[0] = "WILD_Expanding": null

2019-08-15 16:28:26 - [TEST_STEP][PASSED] - wild[1] = "WILD_Normal": null

2019-08-15 16:28:26 - [TEST_STEP][PASSED] - wild[2] = "WILD_Double": null

2019-08-15 16:28:26 - [TEST_STEP][PASSED] - wild[3] = "WILD_ExtraFG": null

2019-08-15 16:28:26 - [TEST_STEP][PASSED] - wild[4] = "WILD_Triple": null

2019-08-15 16:28:26 - [TEST_STEP][PASSED] - wildList = Arrays.asList(wild): null

2019-08-15 16:28:26 - [TEST_STEP][PASSED] - wildList = wildList: null

2019-08-15 16:28:26 - [TEST_STEP][PASSED] - free_spin_reel_counter = []: null

2019-08-15 16:28:26 - [TEST_STEP][PASSED] - free_spin_reel_counter[0] = 0: null

2019-08-15 16:28:26 - [TEST_STEP][PASSED] - free_spin_reel_counter[1] = 0: null

2019-08-15 16:28:26 - [TEST_STEP][PASSED] - free_spin_reel_counter[2] = 0: null

2019-08-15 16:28:26 - [TEST_STEP][PASSED] - M4_spin_reels = reels: null

2019-08-15 16:28:26 - [TEST_STEP][PASSED] - for ([i = 0, i &lt; M4_spin_reels.size(), (i++)]): null

2019-08-15 16:28:26 - [TEST_STEP][PASSED] - symbols = symbols: null

2019-08-15 16:28:26 - [TEST_STEP][PASSED] - for ([j = 0, j &lt; symbols.size(), (j++)]): null

2019-08-15 16:28:26 - [TEST_STEP][PASSED] - symbol = symbol: null

2019-08-15 16:28:26 - [TEST_STEP][PASSED] - println(symbol): null

2019-08-15 16:28:26 - [TEST_STEP][PASSED] - if (i == 2 &amp;&amp; wildList.indexOf(symbol) != -1): null

2019-08-15 16:28:26 - [TEST_STEP][PASSED] - if (i == 3 &amp;&amp; wildList.indexOf(symbol) != -1): null

2019-08-15 16:28:26 - [TEST_STEP][PASSED] - if (i == 4 &amp;&amp; wildList.indexOf(symbol) != -1): null

2019-08-15 16:28:26 - [TEST_STEP][PASSED] - symbol = symbol: null

2019-08-15 16:28:26 - [TEST_STEP][PASSED] - println(symbol): null

2019-08-15 16:28:26 - [TEST_STEP][PASSED] - if (i == 2 &amp;&amp; wildList.indexOf(symbol) != -1): null

2019-08-15 16:28:26 - [TEST_STEP][PASSED] - if (i == 3 &amp;&amp; wildList.indexOf(symbol) != -1): null

2019-08-15 16:28:26 - [TEST_STEP][PASSED] - if (i == 4 &amp;&amp; wildList.indexOf(symbol) != -1): null

2019-08-15 16:28:26 - [TEST_STEP][PASSED] - symbol = symbol: null

2019-08-15 16:28:26 - [TEST_STEP][PASSED] - println(symbol): null

2019-08-15 16:28:26 - [TEST_STEP][PASSED] - if (i == 2 &amp;&amp; wildList.indexOf(symbol) != -1): null

2019-08-15 16:28:26 - [TEST_STEP][PASSED] - if (i == 3 &amp;&amp; wildList.indexOf(symbol) != -1): null

2019-08-15 16:28:26 - [TEST_STEP][PASSED] - if (i == 4 &amp;&amp; wildList.indexOf(symbol) != -1): null

2019-08-15 16:28:26 - [TEST_STEP][PASSED] - symbols = symbols: null

2019-08-15 16:28:26 - [TEST_STEP][PASSED] - for ([j = 0, j &lt; symbols.size(), (j++)]): null

2019-08-15 16:28:26 - [TEST_STEP][PASSED] - symbol = symbol: null

2019-08-15 16:28:26 - [TEST_STEP][PASSED] - println(symbol): null

2019-08-15 16:28:26 - [TEST_STEP][PASSED] - if (i == 2 &amp;&amp; wildList.indexOf(symbol) != -1): null

2019-08-15 16:28:26 - [TEST_STEP][PASSED] - if (i == 3 &amp;&amp; wildList.indexOf(symbol) != -1): null

2019-08-15 16:28:26 - [TEST_STEP][PASSED] - if (i == 4 &amp;&amp; wildList.indexOf(symbol) != -1): null

2019-08-15 16:28:26 - [TEST_STEP][PASSED] - symbol = symbol: null

2019-08-15 16:28:26 - [TEST_STEP][PASSED] - println(symbol): null

2019-08-15 16:28:26 - [TEST_STEP][PASSED] - if (i == 2 &amp;&amp; wildList.indexOf(symbol) != -1): null

2019-08-15 16:28:26 - [TEST_STEP][PASSED] - if (i == 3 &amp;&amp; wildList.indexOf(symbol) != -1): null

2019-08-15 16:28:26 - [TEST_STEP][PASSED] - if (i == 4 &amp;&amp; wildList.indexOf(symbol) != -1): null

2019-08-15 16:28:26 - [TEST_STEP][PASSED] - symbol = symbol: null

2019-08-15 16:28:26 - [TEST_STEP][PASSED] - println(symbol): null

2019-08-15 16:28:26 - [TEST_STEP][PASSED] - if (i == 2 &amp;&amp; wildList.indexOf(symbol) != -1): null

2019-08-15 16:28:26 - [TEST_STEP][PASSED] - if (i == 3 &amp;&amp; wildList.indexOf(symbol) != -1): null

2019-08-15 16:28:26 - [TEST_STEP][PASSED] - if (i == 4 &amp;&amp; wildList.indexOf(symbol) != -1): null

2019-08-15 16:28:26 - [TEST_STEP][PASSED] - symbols = symbols: null

2019-08-15 16:28:26 - [TEST_STEP][PASSED] - for ([j = 0, j &lt; symbols.size(), (j++)]): null

2019-08-15 16:28:26 - [TEST_STEP][PASSED] - symbol = symbol: null

2019-08-15 16:28:26 - [TEST_STEP][PASSED] - println(symbol): null

2019-08-15 16:28:26 - [TEST_STEP][PASSED] - if (i == 2 &amp;&amp; wildList.indexOf(symbol) != -1): null

2019-08-15 16:28:26 - [TEST_STEP][PASSED] - if (i == 3 &amp;&amp; wildList.indexOf(symbol) != -1): null

2019-08-15 16:28:26 - [TEST_STEP][PASSED] - if (i == 4 &amp;&amp; wildList.indexOf(symbol) != -1): null

2019-08-15 16:28:26 - [TEST_STEP][PASSED] - symbol = symbol: null

2019-08-15 16:28:26 - [TEST_STEP][PASSED] - println(symbol): null

2019-08-15 16:28:26 - [TEST_STEP][PASSED] - if (i == 2 &amp;&amp; wildList.indexOf(symbol) != -1): null

2019-08-15 16:28:26 - [TEST_STEP][PASSED] - if (i == 3 &amp;&amp; wildList.indexOf(symbol) != -1): null

2019-08-15 16:28:26 - [TEST_STEP][PASSED] - if (i == 4 &amp;&amp; wildList.indexOf(symbol) != -1): null

2019-08-15 16:28:26 - [TEST_STEP][PASSED] - symbol = symbol: null

2019-08-15 16:28:26 - [TEST_STEP][PASSED] - println(symbol): null

2019-08-15 16:28:26 - [TEST_STEP][PASSED] - if (i == 2 &amp;&amp; wildList.indexOf(symbol) != -1): null

2019-08-15 16:28:26 - [TEST_STEP][PASSED] - if (i == 3 &amp;&amp; wildList.indexOf(symbol) != -1): null

2019-08-15 16:28:26 - [TEST_STEP][PASSED] - if (i == 4 &amp;&amp; wildList.indexOf(symbol) != -1): null

2019-08-15 16:28:26 - [TEST_STEP][PASSED] - symbols = symbols: null

2019-08-15 16:28:26 - [TEST_STEP][PASSED] - for ([j = 0, j &lt; symbols.size(), (j++)]): null

2019-08-15 16:28:26 - [TEST_STEP][PASSED] - symbol = symbol: null

2019-08-15 16:28:26 - [TEST_STEP][PASSED] - println(symbol): null

2019-08-15 16:28:26 - [TEST_STEP][PASSED] - if (i == 2 &amp;&amp; wildList.indexOf(symbol) != -1): null

2019-08-15 16:28:26 - [TEST_STEP][PASSED] - if (i == 3 &amp;&amp; wildList.indexOf(symbol) != -1): null

2019-08-15 16:28:26 - [TEST_STEP][PASSED] - println("wild found on reel 4, adding counter by 1"): null

2019-08-15 16:28:26 - [TEST_STEP][PASSED] - free_spin_reel_counter[1] = free_spin_reel_counter[1] + 1: null

2019-08-15 16:28:26 - [TEST_STEP][PASSED] - if (i == 4 &amp;&amp; wildList.indexOf(symbol) != -1): null

2019-08-15 16:28:26 - [TEST_STEP][PASSED] - symbol = symbol: null

2019-08-15 16:28:26 - [TEST_STEP][PASSED] - println(symbol): null

2019-08-15 16:28:26 - [TEST_STEP][PASSED] - if (i == 2 &amp;&amp; wildList.indexOf(symbol) != -1): null

2019-08-15 16:28:26 - [TEST_STEP][PASSED] - if (i == 3 &amp;&amp; wildList.indexOf(symbol) != -1): null

2019-08-15 16:28:26 - [TEST_STEP][PASSED] - if (i == 4 &amp;&amp; wildList.indexOf(symbol) != -1): null

2019-08-15 16:28:26 - [TEST_STEP][PASSED] - symbol = symbol: null

2019-08-15 16:28:26 - [TEST_STEP][PASSED] - println(symbol): null

2019-08-15 16:28:26 - [TEST_STEP][PASSED] - if (i == 2 &amp;&amp; wildList.indexOf(symbol) != -1): null

2019-08-15 16:28:26 - [TEST_STEP][PASSED] - if (i == 3 &amp;&amp; wildList.indexOf(symbol) != -1): null

2019-08-15 16:28:26 - [TEST_STEP][PASSED] - if (i == 4 &amp;&amp; wildList.indexOf(symbol) != -1): null

2019-08-15 16:28:26 - [TEST_STEP][PASSED] - symbols = symbols: null

2019-08-15 16:28:26 - [TEST_STEP][PASSED] - for ([j = 0, j &lt; symbols.size(), (j++)]): null

2019-08-15 16:28:26 - [TEST_STEP][PASSED] - symbol = symbol: null

2019-08-15 16:28:26 - [TEST_STEP][PASSED] - println(symbol): null

2019-08-15 16:28:26 - [TEST_STEP][PASSED] - if (i == 2 &amp;&amp; wildList.indexOf(symbol) != -1): null

2019-08-15 16:28:26 - [TEST_STEP][PASSED] - if (i == 3 &amp;&amp; wildList.indexOf(symbol) != -1): null

2019-08-15 16:28:26 - [TEST_STEP][PASSED] - if (i == 4 &amp;&amp; wildList.indexOf(symbol) != -1): null

2019-08-15 16:28:26 - [TEST_STEP][PASSED] - symbol = symbol: null

2019-08-15 16:28:26 - [TEST_STEP][PASSED] - println(symbol): null

2019-08-15 16:28:26 - [TEST_STEP][PASSED] - if (i == 2 &amp;&amp; wildList.indexOf(symbol) != -1): null

2019-08-15 16:28:26 - [TEST_STEP][PASSED] - if (i == 3 &amp;&amp; wildList.indexOf(symbol) != -1): null

2019-08-15 16:28:26 - [TEST_STEP][PASSED] - if (i == 4 &amp;&amp; wildList.indexOf(symbol) != -1): null

2019-08-15 16:28:26 - [TEST_STEP][PASSED] - symbol = symbol: null

2019-08-15 16:28:26 - [TEST_STEP][PASSED] - println(symbol): null

2019-08-15 16:28:26 - [TEST_STEP][PASSED] - if (i == 2 &amp;&amp; wildList.indexOf(symbol) != -1): null

2019-08-15 16:28:26 - [TEST_STEP][PASSED] - if (i == 3 &amp;&amp; wildList.indexOf(symbol) != -1): null

2019-08-15 16:28:26 - [TEST_STEP][PASSED] - if (i == 4 &amp;&amp; wildList.indexOf(symbol) != -1): null

2019-08-15 16:28:26 - [TEST_STEP][PASSED] - free_spin_reel_counter = free_spin_reel_counter: null

2019-08-15 16:28:26 - [TEST_STEP][PASSED] - println("reel 3 wild found: " + free_spin_reel_counter[0]): null

2019-08-15 16:28:26 - [TEST_STEP][PASSED] - println("reel 4 wild found: " + free_spin_reel_counter[1]): null

2019-08-15 16:28:26 - [TEST_STEP][PASSED] - println("reel 5 wild found: " + free_spin_reel_counter[2]): null

2019-08-15 16:28:26 - [TEST_STEP][PASSED] - M4_spin_reels = M4_spin_reels: null

2019-08-15 16:28:26 - [TEST_STEP][PASSED] - M4_spin_reels_symbols = symbol: null

2019-08-15 16:28:26 - [TEST_STEP][PASSED] - M4_spin_reels_symbols = M4_spin_reels_symbols: null

2019-08-15 16:28:26 - [TEST_STEP][PASSED] - M4_spin_reel_wins = reel_wins: null

2019-08-15 16:28:26 - [TEST_STEP][PASSED] - M4_spin_reel_wins = M4_spin_reel_wins: null

2019-08-15 16:28:26 - [TEST_STEP][PASSED] - println("GlobalVariable.M4_spin_reel_wins is: " + M4_spin_reel_wins): null

2019-08-15 16:28:26 - [TEST_STEP][PASSED] - M4_spin_total_bonus_win_this_round = total_bonus_win_this_round: null

2019-08-15 16:28:26 - [TEST_STEP][PASSED] - M4_spin_total_bonus_win_this_round = M4_spin_total_bonus_win_this_round: null

2019-08-15 16:28:26 - [TEST_STEP][PASSED] - println("GlobalVariable.M4_spin_total_bonus_win_this_round is: " + M4_spin_total_bonus_win_this_round): null

2019-08-15 16:28:26 - [MESSAGE][PASSED] - Verify response successfully

2019-08-15 16:28:26 - [MESSAGE][PASSED] - Send request and verify the response successfully

2019-08-15 16:28:26 - [TEST_STEP][PASSED] - if (M4_total_bonus_spins_int != 0 &amp;&amp; M4_spin_reels_symbols[2].contains("WILD_Normal") || M4_spin_reels_symbols[3].contains("WILD_Normal") || M4_spin_reels_symbols[4].contains("WILD_Normal")): null

2019-08-15 16:28:26 - [TEST_STEP][PASSED] - free_spin_reel_counter = free_spin_reel_counter: null

2019-08-15 16:28:26 - [TEST_STEP][PASSED] - M4_spin_reels_symbols = M4_spin_reels_symbols: null

2019-08-15 16:28:26 - [TEST_STEP][PASSED] - M4_total_bonus_spins = M4_total_bonus_spins: null

2019-08-15 16:28:26 - [TEST_STEP][PASSED] - spin_result = sendRequestAndVerify(findTestObject("STG/RGS(M4)/1_M4_spin", ["M4_login_user_id":M4_login_user_id, "rgs_session_token":rgs_session_token, "partner":Partner])): Send request and verify the response successfully

2019-08-15 16:28:26 - [TEST_CASE][PASSED] - Start Test Case : Verification: Verification accomplished successfully

2019-08-15 16:28:26 - [TEST_STEP][PASSED] - request = getInstance().getCurrentRequest(): null

2019-08-15 16:28:26 - [TEST_STEP][PASSED] - response = getInstance().getCurrentResponse(): null

2019-08-15 16:28:26 - [TEST_STEP][PASSED] - verifyResponseStatusCode(response, 200): Verify response status code successfully

2019-08-15 16:28:26 - [MESSAGE][PASSED] - Verify response status code successfully

2019-08-15 16:28:26 - [TEST_STEP][PASSED] - getStatusCode()).isEqualTo(200): null

2019-08-15 16:28:26 - [TEST_STEP][PASSED] - newline = System.getProperty("line.separator"): null

2019-08-15 16:28:26 - [TEST_STEP][PASSED] - M4_spin = new groovy.json.JsonSlurper(): null

2019-08-15 16:28:26 - [TEST_STEP][PASSED] - result_M4_spin = M4_spin.parseText(response.getResponseBodyContent()): null

2019-08-15 16:28:26 - [TEST_STEP][PASSED] - M4_spin_current_balance = current_balance: null

2019-08-15 16:28:26 - [TEST_STEP][PASSED] - M4_spin_current_balance = M4_spin_current_balance: null

2019-08-15 16:28:26 - [TEST_STEP][PASSED] - M4_spin_transaction_id = causality: null

2019-08-15 16:28:26 - [TEST_STEP][PASSED] - M4_spin_transaction_id = M4_spin_transaction_id: null

2019-08-15 16:28:26 - [TEST_STEP][PASSED] - M4_spin_round_id = round_id: null

2019-08-15 16:28:26 - [TEST_STEP][PASSED] - M4_spin_round_id = M4_spin_round_id: null

2019-08-15 16:28:26 - [TEST_STEP][PASSED] - M4_spin_line_wins = line_wins: null

2019-08-15 16:28:26 - [TEST_STEP][PASSED] - M4_spin_line_wins = M4_spin_line_wins: null

2019-08-15 16:28:26 - [TEST_STEP][PASSED] - M4_total_bonus_spins_int = total_bonus_spins: null

2019-08-15 16:28:26 - [TEST_STEP][PASSED] - println("******M4_total_bonus_spins type is:*******" + newline + getClass().getName()): null

2019-08-15 16:28:26 - [TEST_STEP][PASSED] - M4_total_bonus_spins_int = M4_total_bonus_spins_int: null

2019-08-15 16:28:26 - [TEST_STEP][PASSED] - M4_total_bonus_spins = Integer.toString(M4_total_bonus_spins_int): null

2019-08-15 16:28:26 - [TEST_STEP][PASSED] - M4_total_bonus_spins = M4_total_bonus_spins: null

2019-08-15 16:28:26 - [TEST_STEP][PASSED] - println("M4_total_bonus_spins is:" + M4_total_bonus_spins): null

2019-08-15 16:28:26 - [TEST_STEP][PASSED] - M4_spin_bonus_data = bonus_data: null

2019-08-15 16:28:26 - [TEST_STEP][PASSED] - M4_spin_features_triggered = result_M4_spin: null

2019-08-15 16:28:26 - [TEST_STEP][PASSED] - wild = []: null

2019-08-15 16:28:26 - [TEST_STEP][PASSED] - wild[0] = "WILD_Expanding": null

2019-08-15 16:28:26 - [TEST_STEP][PASSED] - wild[1] = "WILD_Normal": null

2019-08-15 16:28:26 - [TEST_STEP][PASSED] - wild[2] = "WILD_Double": null

2019-08-15 16:28:26 - [TEST_STEP][PASSED] - wild[3] = "WILD_ExtraFG": null

2019-08-15 16:28:26 - [TEST_STEP][PASSED] - wild[4] = "WILD_Triple": null

2019-08-15 16:28:26 - [TEST_STEP][PASSED] - wildList = Arrays.asList(wild): null

2019-08-15 16:28:26 - [TEST_STEP][PASSED] - wildList = wildList: null

2019-08-15 16:28:31 - [TEST_STEP][PASSED] - free_spin_reel_counter = []: null

2019-08-15 16:28:31 - [TEST_STEP][PASSED] - free_spin_reel_counter[0] = 0: null

2019-08-15 16:28:31 - [TEST_STEP][PASSED] - free_spin_reel_counter[1] = 0: null

2019-08-15 16:28:31 - [TEST_STEP][PASSED] - free_spin_reel_counter[2] = 0: null

2019-08-15 16:28:31 - [TEST_STEP][PASSED] - M4_spin_reels = reels: null

2019-08-15 16:28:31 - [TEST_STEP][PASSED] - for ([i = 0, i &lt; M4_spin_reels.size(), (i++)]): null

2019-08-15 16:28:31 - [TEST_STEP][PASSED] - symbols = symbols: null

2019-08-15 16:28:31 - [TEST_STEP][PASSED] - for ([j = 0, j &lt; symbols.size(), (j++)]): null

2019-08-15 16:28:31 - [TEST_STEP][PASSED] - symbol = symbol: null

2019-08-15 16:28:31 - [TEST_STEP][PASSED] - println(symbol): null

2019-08-15 16:28:31 - [TEST_STEP][PASSED] - if (i == 2 &amp;&amp; wildList.indexOf(symbol) != -1): null

2019-08-15 16:28:32 - [TEST_STEP][PASSED] - if (i == 3 &amp;&amp; wildList.indexOf(symbol) != -1): null

2019-08-15 16:28:32 - [TEST_STEP][PASSED] - if (i == 4 &amp;&amp; wildList.indexOf(symbol) != -1): null

2019-08-15 16:28:32 - [TEST_STEP][PASSED] - symbol = symbol: null

2019-08-15 16:28:32 - [TEST_STEP][PASSED] - println(symbol): null

2019-08-15 16:28:32 - [TEST_STEP][PASSED] - if (i == 2 &amp;&amp; wildList.indexOf(symbol) != -1): null

2019-08-15 16:28:32 - [TEST_STEP][PASSED] - if (i == 3 &amp;&amp; wildList.indexOf(symbol) != -1): null

2019-08-15 16:28:32 - [TEST_STEP][PASSED] - if (i == 4 &amp;&amp; wildList.indexOf(symbol) != -1): null

2019-08-15 16:28:32 - [TEST_STEP][PASSED] - symbol = symbol: null

2019-08-15 16:28:32 - [TEST_STEP][PASSED] - println(symbol): null

2019-08-15 16:28:32 - [TEST_STEP][PASSED] - if (i == 2 &amp;&amp; wildList.indexOf(symbol) != -1): null

2019-08-15 16:28:32 - [TEST_STEP][PASSED] - if (i == 3 &amp;&amp; wildList.indexOf(symbol) != -1): null

2019-08-15 16:28:32 - [TEST_STEP][PASSED] - if (i == 4 &amp;&amp; wildList.indexOf(symbol) != -1): null

2019-08-15 16:28:32 - [TEST_STEP][PASSED] - symbols = symbols: null

2019-08-15 16:28:32 - [TEST_STEP][PASSED] - for ([j = 0, j &lt; symbols.size(), (j++)]): null

2019-08-15 16:28:32 - [TEST_STEP][PASSED] - symbol = symbol: null

2019-08-15 16:28:32 - [TEST_STEP][PASSED] - println(symbol): null

2019-08-15 16:28:32 - [TEST_STEP][PASSED] - if (i == 2 &amp;&amp; wildList.indexOf(symbol) != -1): null

2019-08-15 16:28:32 - [TEST_STEP][PASSED] - if (i == 3 &amp;&amp; wildList.indexOf(symbol) != -1): null

2019-08-15 16:28:32 - [TEST_STEP][PASSED] - if (i == 4 &amp;&amp; wildList.indexOf(symbol) != -1): null

2019-08-15 16:28:32 - [TEST_STEP][PASSED] - symbol = symbol: null

2019-08-15 16:28:32 - [TEST_STEP][PASSED] - println(symbol): null

2019-08-15 16:28:32 - [TEST_STEP][PASSED] - if (i == 2 &amp;&amp; wildList.indexOf(symbol) != -1): null

2019-08-15 16:28:32 - [TEST_STEP][PASSED] - if (i == 3 &amp;&amp; wildList.indexOf(symbol) != -1): null

2019-08-15 16:28:32 - [TEST_STEP][PASSED] - if (i == 4 &amp;&amp; wildList.indexOf(symbol) != -1): null

2019-08-15 16:28:32 - [TEST_STEP][PASSED] - symbol = symbol: null

2019-08-15 16:28:32 - [TEST_STEP][PASSED] - println(symbol): null

2019-08-15 16:28:32 - [TEST_STEP][PASSED] - if (i == 2 &amp;&amp; wildList.indexOf(symbol) != -1): null

2019-08-15 16:28:32 - [TEST_STEP][PASSED] - if (i == 3 &amp;&amp; wildList.indexOf(symbol) != -1): null

2019-08-15 16:28:32 - [TEST_STEP][PASSED] - if (i == 4 &amp;&amp; wildList.indexOf(symbol) != -1): null

2019-08-15 16:28:32 - [TEST_STEP][PASSED] - symbols = symbols: null

2019-08-15 16:28:32 - [TEST_STEP][PASSED] - for ([j = 0, j &lt; symbols.size(), (j++)]): null

2019-08-15 16:28:32 - [TEST_STEP][PASSED] - symbol = symbol: null

2019-08-15 16:28:32 - [TEST_STEP][PASSED] - println(symbol): null

2019-08-15 16:28:32 - [TEST_STEP][PASSED] - if (i == 2 &amp;&amp; wildList.indexOf(symbol) != -1): null

2019-08-15 16:28:32 - [TEST_STEP][PASSED] - println("wild found on reel 3, adding counter by 1"): null

2019-08-15 16:28:32 - [TEST_STEP][PASSED] - free_spin_reel_counter[0] = free_spin_reel_counter[0] + 1: null

2019-08-15 16:28:32 - [TEST_STEP][PASSED] - if (i == 3 &amp;&amp; wildList.indexOf(symbol) != -1): null

2019-08-15 16:28:32 - [TEST_STEP][PASSED] - if (i == 4 &amp;&amp; wildList.indexOf(symbol) != -1): null

2019-08-15 16:28:32 - [TEST_STEP][PASSED] - symbol = symbol: null

2019-08-15 16:28:32 - [TEST_STEP][PASSED] - println(symbol): null

2019-08-15 16:28:32 - [TEST_STEP][PASSED] - if (i == 2 &amp;&amp; wildList.indexOf(symbol) != -1): null

2019-08-15 16:28:32 - [TEST_STEP][PASSED] - if (i == 3 &amp;&amp; wildList.indexOf(symbol) != -1): null

2019-08-15 16:28:32 - [TEST_STEP][PASSED] - if (i == 4 &amp;&amp; wildList.indexOf(symbol) != -1): null

2019-08-15 16:28:32 - [TEST_STEP][PASSED] - symbol = symbol: null

2019-08-15 16:28:32 - [TEST_STEP][PASSED] - println(symbol): null

2019-08-15 16:28:32 - [TEST_STEP][PASSED] - if (i == 2 &amp;&amp; wildList.indexOf(symbol) != -1): null

2019-08-15 16:28:32 - [TEST_STEP][PASSED] - if (i == 3 &amp;&amp; wildList.indexOf(symbol) != -1): null

2019-08-15 16:28:32 - [TEST_STEP][PASSED] - if (i == 4 &amp;&amp; wildList.indexOf(symbol) != -1): null

2019-08-15 16:28:32 - [TEST_STEP][PASSED] - symbols = symbols: null

2019-08-15 16:28:32 - [TEST_STEP][PASSED] - for ([j = 0, j &lt; symbols.size(), (j++)]): null

2019-08-15 16:28:32 - [TEST_STEP][PASSED] - symbol = symbol: null

2019-08-15 16:28:32 - [TEST_STEP][PASSED] - println(symbol): null

2019-08-15 16:28:32 - [TEST_STEP][PASSED] - if (i == 2 &amp;&amp; wildList.indexOf(symbol) != -1): null

2019-08-15 16:28:32 - [TEST_STEP][PASSED] - if (i == 3 &amp;&amp; wildList.indexOf(symbol) != -1): null

2019-08-15 16:28:32 - [TEST_STEP][PASSED] - if (i == 4 &amp;&amp; wildList.indexOf(symbol) != -1): null

2019-08-15 16:28:32 - [TEST_STEP][PASSED] - symbol = symbol: null

2019-08-15 16:28:32 - [TEST_STEP][PASSED] - println(symbol): null

2019-08-15 16:28:32 - [TEST_STEP][PASSED] - if (i == 2 &amp;&amp; wildList.indexOf(symbol) != -1): null

2019-08-15 16:28:32 - [TEST_STEP][PASSED] - if (i == 3 &amp;&amp; wildList.indexOf(symbol) != -1): null

2019-08-15 16:28:32 - [TEST_STEP][PASSED] - if (i == 4 &amp;&amp; wildList.indexOf(symbol) != -1): null

2019-08-15 16:28:32 - [TEST_STEP][PASSED] - symbol = symbol: null

2019-08-15 16:28:32 - [TEST_STEP][PASSED] - println(symbol): null

2019-08-15 16:28:32 - [TEST_STEP][PASSED] - if (i == 2 &amp;&amp; wildList.indexOf(symbol) != -1): null

2019-08-15 16:28:32 - [TEST_STEP][PASSED] - if (i == 3 &amp;&amp; wildList.indexOf(symbol) != -1): null

2019-08-15 16:28:32 - [TEST_STEP][PASSED] - if (i == 4 &amp;&amp; wildList.indexOf(symbol) != -1): null

2019-08-15 16:28:32 - [TEST_STEP][PASSED] - symbols = symbols: null

2019-08-15 16:28:32 - [TEST_STEP][PASSED] - for ([j = 0, j &lt; symbols.size(), (j++)]): null

2019-08-15 16:28:32 - [TEST_STEP][PASSED] - symbol = symbol: null

2019-08-15 16:28:32 - [TEST_STEP][PASSED] - println(symbol): null

2019-08-15 16:28:32 - [TEST_STEP][PASSED] - if (i == 2 &amp;&amp; wildList.indexOf(symbol) != -1): null

2019-08-15 16:28:32 - [TEST_STEP][PASSED] - if (i == 3 &amp;&amp; wildList.indexOf(symbol) != -1): null

2019-08-15 16:28:32 - [TEST_STEP][PASSED] - if (i == 4 &amp;&amp; wildList.indexOf(symbol) != -1): null

2019-08-15 16:28:32 - [TEST_STEP][PASSED] - symbol = symbol: null

2019-08-15 16:28:32 - [TEST_STEP][PASSED] - println(symbol): null

2019-08-15 16:28:32 - [TEST_STEP][PASSED] - if (i == 2 &amp;&amp; wildList.indexOf(symbol) != -1): null

2019-08-15 16:28:32 - [TEST_STEP][PASSED] - if (i == 3 &amp;&amp; wildList.indexOf(symbol) != -1): null

2019-08-15 16:28:32 - [TEST_STEP][PASSED] - if (i == 4 &amp;&amp; wildList.indexOf(symbol) != -1): null

2019-08-15 16:28:32 - [TEST_STEP][PASSED] - symbol = symbol: null

2019-08-15 16:28:32 - [TEST_STEP][PASSED] - println(symbol): null

2019-08-15 16:28:32 - [TEST_STEP][PASSED] - if (i == 2 &amp;&amp; wildList.indexOf(symbol) != -1): null

2019-08-15 16:28:32 - [TEST_STEP][PASSED] - if (i == 3 &amp;&amp; wildList.indexOf(symbol) != -1): null

2019-08-15 16:28:32 - [TEST_STEP][PASSED] - if (i == 4 &amp;&amp; wildList.indexOf(symbol) != -1): null

2019-08-15 16:28:32 - [TEST_STEP][PASSED] - free_spin_reel_counter = free_spin_reel_counter: null

2019-08-15 16:28:32 - [TEST_STEP][PASSED] - println("reel 3 wild found: " + free_spin_reel_counter[0]): null

2019-08-15 16:28:32 - [TEST_STEP][PASSED] - println("reel 4 wild found: " + free_spin_reel_counter[1]): null

2019-08-15 16:28:32 - [TEST_STEP][PASSED] - println("reel 5 wild found: " + free_spin_reel_counter[2]): null

2019-08-15 16:28:32 - [TEST_STEP][PASSED] - M4_spin_reels = M4_spin_reels: null

2019-08-15 16:28:32 - [TEST_STEP][PASSED] - M4_spin_reels_symbols = symbol: null

2019-08-15 16:28:32 - [TEST_STEP][PASSED] - M4_spin_reels_symbols = M4_spin_reels_symbols: null

2019-08-15 16:28:32 - [TEST_STEP][PASSED] - M4_spin_reel_wins = reel_wins: null

2019-08-15 16:28:32 - [TEST_STEP][PASSED] - M4_spin_reel_wins = M4_spin_reel_wins: null

2019-08-15 16:28:32 - [TEST_STEP][PASSED] - println("GlobalVariable.M4_spin_reel_wins is: " + M4_spin_reel_wins): null

2019-08-15 16:28:32 - [TEST_STEP][PASSED] - M4_spin_total_bonus_win_this_round = total_bonus_win_this_round: null

2019-08-15 16:28:32 - [TEST_STEP][PASSED] - M4_spin_total_bonus_win_this_round = M4_spin_total_bonus_win_this_round: null

2019-08-15 16:28:32 - [TEST_STEP][PASSED] - println("GlobalVariable.M4_spin_total_bonus_win_this_round is: " + M4_spin_total_bonus_win_this_round): null

2019-08-15 16:28:32 - [MESSAGE][PASSED] - Verify response successfully

2019-08-15 16:28:32 - [MESSAGE][PASSED] - Send request and verify the response successfully

2019-08-15 16:28:32 - [TEST_STEP][PASSED] - if (M4_total_bonus_spins_int != 0 &amp;&amp; M4_spin_reels_symbols[2].contains("WILD_Normal") || M4_spin_reels_symbols[3].contains("WILD_Normal") || M4_spin_reels_symbols[4].contains("WILD_Normal")): null

2019-08-15 16:28:32 - [TEST_STEP][PASSED] - free_spin_reel_counter = free_spin_reel_counter: null

2019-08-15 16:28:32 - [TEST_STEP][PASSED] - M4_spin_reels_symbols = M4_spin_reels_symbols: null

2019-08-15 16:28:32 - [TEST_STEP][PASSED] - M4_total_bonus_spins = M4_total_bonus_spins: null

2019-08-15 16:28:32 - [TEST_STEP][PASSED] - spin_result = sendRequestAndVerify(findTestObject("STG/RGS(M4)/1_M4_spin", ["M4_login_user_id":M4_login_user_id, "rgs_session_token":rgs_session_token, "partner":Partner])): Send request and verify the response successfully

2019-08-15 16:28:33 - [TEST_CASE][PASSED] - Start Test Case : Verification: Verification accomplished successfully

2019-08-15 16:28:33 - [TEST_STEP][PASSED] - request = getInstance().getCurrentRequest(): null

2019-08-15 16:28:33 - [TEST_STEP][PASSED] - response = getInstance().getCurrentResponse(): null

2019-08-15 16:28:33 - [TEST_STEP][PASSED] - verifyResponseStatusCode(response, 200): Verify response status code successfully

2019-08-15 16:28:33 - [MESSAGE][PASSED] - Verify response status code successfully

2019-08-15 16:28:33 - [TEST_STEP][PASSED] - getStatusCode()).isEqualTo(200): null

2019-08-15 16:28:33 - [TEST_STEP][PASSED] - newline = System.getProperty("line.separator"): null

2019-08-15 16:28:33 - [TEST_STEP][PASSED] - M4_spin = new groovy.json.JsonSlurper(): null

2019-08-15 16:28:33 - [TEST_STEP][PASSED] - result_M4_spin = M4_spin.parseText(response.getResponseBodyContent()): null

2019-08-15 16:28:33 - [TEST_STEP][PASSED] - M4_spin_current_balance = current_balance: null

2019-08-15 16:28:33 - [TEST_STEP][PASSED] - M4_spin_current_balance = M4_spin_current_balance: null

2019-08-15 16:28:33 - [TEST_STEP][PASSED] - M4_spin_transaction_id = causality: null

2019-08-15 16:28:33 - [TEST_STEP][PASSED] - M4_spin_transaction_id = M4_spin_transaction_id: null

2019-08-15 16:28:33 - [TEST_STEP][PASSED] - M4_spin_round_id = round_id: null

2019-08-15 16:28:33 - [TEST_STEP][PASSED] - M4_spin_round_id = M4_spin_round_id: null

2019-08-15 16:28:33 - [TEST_STEP][PASSED] - M4_spin_line_wins = line_wins: null

2019-08-15 16:28:33 - [TEST_STEP][PASSED] - M4_spin_line_wins = M4_spin_line_wins: null

2019-08-15 16:28:33 - [TEST_STEP][PASSED] - M4_total_bonus_spins_int = total_bonus_spins: null

2019-08-15 16:28:33 - [TEST_STEP][PASSED] - println("******M4_total_bonus_spins type is:*******" + newline + getClass().getName()): null

2019-08-15 16:28:33 - [TEST_STEP][PASSED] - M4_total_bonus_spins_int = M4_total_bonus_spins_int: null

2019-08-15 16:28:33 - [TEST_STEP][PASSED] - M4_total_bonus_spins = Integer.toString(M4_total_bonus_spins_int): null

2019-08-15 16:28:33 - [TEST_STEP][PASSED] - M4_total_bonus_spins = M4_total_bonus_spins: null

2019-08-15 16:28:33 - [TEST_STEP][PASSED] - println("M4_total_bonus_spins is:" + M4_total_bonus_spins): null

2019-08-15 16:28:33 - [TEST_STEP][PASSED] - M4_spin_bonus_data = bonus_data: null

2019-08-15 16:28:33 - [TEST_STEP][PASSED] - M4_spin_features_triggered = result_M4_spin: null

2019-08-15 16:28:33 - [TEST_STEP][PASSED] - wild = []: null

2019-08-15 16:28:33 - [TEST_STEP][PASSED] - wild[0] = "WILD_Expanding": null

2019-08-15 16:28:33 - [TEST_STEP][PASSED] - wild[1] = "WILD_Normal": null

2019-08-15 16:28:33 - [TEST_STEP][PASSED] - wild[2] = "WILD_Double": null

2019-08-15 16:28:33 - [TEST_STEP][PASSED] - wild[3] = "WILD_ExtraFG": null

2019-08-15 16:28:33 - [TEST_STEP][PASSED] - wild[4] = "WILD_Triple": null

2019-08-15 16:28:33 - [TEST_STEP][PASSED] - wildList = Arrays.asList(wild): null

2019-08-15 16:28:33 - [TEST_STEP][PASSED] - wildList = wildList: null

2019-08-15 16:28:33 - [TEST_STEP][PASSED] - free_spin_reel_counter = []: null

2019-08-15 16:28:33 - [TEST_STEP][PASSED] - free_spin_reel_counter[0] = 0: null

2019-08-15 16:28:33 - [TEST_STEP][PASSED] - free_spin_reel_counter[1] = 0: null

2019-08-15 16:28:33 - [TEST_STEP][PASSED] - free_spin_reel_counter[2] = 0: null

2019-08-15 16:28:33 - [TEST_STEP][PASSED] - M4_spin_reels = reels: null

2019-08-15 16:28:33 - [TEST_STEP][PASSED] - for ([i = 0, i &lt; M4_spin_reels.size(), (i++)]): null

2019-08-15 16:28:33 - [TEST_STEP][PASSED] - symbols = symbols: null

2019-08-15 16:28:33 - [TEST_STEP][PASSED] - for ([j = 0, j &lt; symbols.size(), (j++)]): null

2019-08-15 16:28:33 - [TEST_STEP][PASSED] - symbol = symbol: null

2019-08-15 16:28:33 - [TEST_STEP][PASSED] - println(symbol): null

2019-08-15 16:28:33 - [TEST_STEP][PASSED] - if (i == 2 &amp;&amp; wildList.indexOf(symbol) != -1): null

2019-08-15 16:28:33 - [TEST_STEP][PASSED] - if (i == 3 &amp;&amp; wildList.indexOf(symbol) != -1): null

2019-08-15 16:28:33 - [TEST_STEP][PASSED] - if (i == 4 &amp;&amp; wildList.indexOf(symbol) != -1): null

2019-08-15 16:28:33 - [TEST_STEP][PASSED] - symbol = symbol: null

2019-08-15 16:28:33 - [TEST_STEP][PASSED] - println(symbol): null

2019-08-15 16:28:33 - [TEST_STEP][PASSED] - if (i == 2 &amp;&amp; wildList.indexOf(symbol) != -1): null

2019-08-15 16:28:33 - [TEST_STEP][PASSED] - if (i == 3 &amp;&amp; wildList.indexOf(symbol) != -1): null

2019-08-15 16:28:33 - [TEST_STEP][PASSED] - if (i == 4 &amp;&amp; wildList.indexOf(symbol) != -1): null

2019-08-15 16:28:33 - [TEST_STEP][PASSED] - symbol = symbol: null

2019-08-15 16:28:33 - [TEST_STEP][PASSED] - println(symbol): null

2019-08-15 16:28:33 - [TEST_STEP][PASSED] - if (i == 2 &amp;&amp; wildList.indexOf(symbol) != -1): null

2019-08-15 16:28:33 - [TEST_STEP][PASSED] - if (i == 3 &amp;&amp; wildList.indexOf(symbol) != -1): null

2019-08-15 16:28:33 - [TEST_STEP][PASSED] - if (i == 4 &amp;&amp; wildList.indexOf(symbol) != -1): null

2019-08-15 16:28:33 - [TEST_STEP][PASSED] - symbols = symbols: null

2019-08-15 16:28:33 - [TEST_STEP][PASSED] - for ([j = 0, j &lt; symbols.size(), (j++)]): null

2019-08-15 16:28:33 - [TEST_STEP][PASSED] - symbol = symbol: null

2019-08-15 16:28:33 - [TEST_STEP][PASSED] - println(symbol): null

2019-08-15 16:28:33 - [TEST_STEP][PASSED] - if (i == 2 &amp;&amp; wildList.indexOf(symbol) != -1): null

2019-08-15 16:28:33 - [TEST_STEP][PASSED] - if (i == 3 &amp;&amp; wildList.indexOf(symbol) != -1): null

2019-08-15 16:28:33 - [TEST_STEP][PASSED] - if (i == 4 &amp;&amp; wildList.indexOf(symbol) != -1): null

2019-08-15 16:28:33 - [TEST_STEP][PASSED] - symbol = symbol: null

2019-08-15 16:28:33 - [TEST_STEP][PASSED] - println(symbol): null

2019-08-15 16:28:33 - [TEST_STEP][PASSED] - if (i == 2 &amp;&amp; wildList.indexOf(symbol) != -1): null

2019-08-15 16:28:33 - [TEST_STEP][PASSED] - if (i == 3 &amp;&amp; wildList.indexOf(symbol) != -1): null

2019-08-15 16:28:33 - [TEST_STEP][PASSED] - if (i == 4 &amp;&amp; wildList.indexOf(symbol) != -1): null

2019-08-15 16:28:33 - [TEST_STEP][PASSED] - symbol = symbol: null

2019-08-15 16:28:33 - [TEST_STEP][PASSED] - println(symbol): null

2019-08-15 16:28:33 - [TEST_STEP][PASSED] - if (i == 2 &amp;&amp; wildList.indexOf(symbol) != -1): null

2019-08-15 16:28:33 - [TEST_STEP][PASSED] - if (i == 3 &amp;&amp; wildList.indexOf(symbol) != -1): null

2019-08-15 16:28:33 - [TEST_STEP][PASSED] - if (i == 4 &amp;&amp; wildList.indexOf(symbol) != -1): null

2019-08-15 16:28:33 - [TEST_STEP][PASSED] - symbols = symbols: null

2019-08-15 16:28:33 - [TEST_STEP][PASSED] - for ([j = 0, j &lt; symbols.size(), (j++)]): null

2019-08-15 16:28:33 - [TEST_STEP][PASSED] - symbol = symbol: null

2019-08-15 16:28:33 - [TEST_STEP][PASSED] - println(symbol): null

2019-08-15 16:28:33 - [TEST_STEP][PASSED] - if (i == 2 &amp;&amp; wildList.indexOf(symbol) != -1): null

2019-08-15 16:28:33 - [TEST_STEP][PASSED] - if (i == 3 &amp;&amp; wildList.indexOf(symbol) != -1): null

2019-08-15 16:28:33 - [TEST_STEP][PASSED] - if (i == 4 &amp;&amp; wildList.indexOf(symbol) != -1): null

2019-08-15 16:28:33 - [TEST_STEP][PASSED] - symbol = symbol: null

2019-08-15 16:28:33 - [TEST_STEP][PASSED] - println(symbol): null

2019-08-15 16:28:33 - [TEST_STEP][PASSED] - if (i == 2 &amp;&amp; wildList.indexOf(symbol) != -1): null

2019-08-15 16:28:33 - [TEST_STEP][PASSED] - if (i == 3 &amp;&amp; wildList.indexOf(symbol) != -1): null

2019-08-15 16:28:33 - [TEST_STEP][PASSED] - if (i == 4 &amp;&amp; wildList.indexOf(symbol) != -1): null

2019-08-15 16:28:33 - [TEST_STEP][PASSED] - symbol = symbol: null

2019-08-15 16:28:33 - [TEST_STEP][PASSED] - println(symbol): null

2019-08-15 16:28:33 - [TEST_STEP][PASSED] - if (i == 2 &amp;&amp; wildList.indexOf(symbol) != -1): null

2019-08-15 16:28:33 - [TEST_STEP][PASSED] - if (i == 3 &amp;&amp; wildList.indexOf(symbol) != -1): null

2019-08-15 16:28:33 - [TEST_STEP][PASSED] - if (i == 4 &amp;&amp; wildList.indexOf(symbol) != -1): null

2019-08-15 16:28:33 - [TEST_STEP][PASSED] - symbols = symbols: null

2019-08-15 16:28:33 - [TEST_STEP][PASSED] - for ([j = 0, j &lt; symbols.size(), (j++)]): null

2019-08-15 16:28:33 - [TEST_STEP][PASSED] - symbol = symbol: null

2019-08-15 16:28:33 - [TEST_STEP][PASSED] - println(symbol): null

2019-08-15 16:28:33 - [TEST_STEP][PASSED] - if (i == 2 &amp;&amp; wildList.indexOf(symbol) != -1): null

2019-08-15 16:28:33 - [TEST_STEP][PASSED] - if (i == 3 &amp;&amp; wildList.indexOf(symbol) != -1): null

2019-08-15 16:28:33 - [TEST_STEP][PASSED] - if (i == 4 &amp;&amp; wildList.indexOf(symbol) != -1): null

2019-08-15 16:28:33 - [TEST_STEP][PASSED] - symbol = symbol: null

2019-08-15 16:28:33 - [TEST_STEP][PASSED] - println(symbol): null

2019-08-15 16:28:33 - [TEST_STEP][PASSED] - if (i == 2 &amp;&amp; wildList.indexOf(symbol) != -1): null

2019-08-15 16:28:33 - [TEST_STEP][PASSED] - if (i == 3 &amp;&amp; wildList.indexOf(symbol) != -1): null

2019-08-15 16:28:33 - [TEST_STEP][PASSED] - if (i == 4 &amp;&amp; wildList.indexOf(symbol) != -1): null

2019-08-15 16:28:33 - [TEST_STEP][PASSED] - symbol = symbol: null

2019-08-15 16:28:33 - [TEST_STEP][PASSED] - println(symbol): null

2019-08-15 16:28:33 - [TEST_STEP][PASSED] - if (i == 2 &amp;&amp; wildList.indexOf(symbol) != -1): null

2019-08-15 16:28:33 - [TEST_STEP][PASSED] - if (i == 3 &amp;&amp; wildList.indexOf(symbol) != -1): null

2019-08-15 16:28:33 - [TEST_STEP][PASSED] - if (i == 4 &amp;&amp; wildList.indexOf(symbol) != -1): null

2019-08-15 16:28:33 - [TEST_STEP][PASSED] - symbols = symbols: null

2019-08-15 16:28:33 - [TEST_STEP][PASSED] - for ([j = 0, j &lt; symbols.size(), (j++)]): null

2019-08-15 16:28:33 - [TEST_STEP][PASSED] - symbol = symbol: null

2019-08-15 16:28:33 - [TEST_STEP][PASSED] - println(symbol): null

2019-08-15 16:28:33 - [TEST_STEP][PASSED] - if (i == 2 &amp;&amp; wildList.indexOf(symbol) != -1): null

2019-08-15 16:28:33 - [TEST_STEP][PASSED] - if (i == 3 &amp;&amp; wildList.indexOf(symbol) != -1): null

2019-08-15 16:28:33 - [TEST_STEP][PASSED] - if (i == 4 &amp;&amp; wildList.indexOf(symbol) != -1): null

2019-08-15 16:28:33 - [TEST_STEP][PASSED] - println("wild found on reel 5, adding counter by 1"): null

2019-08-15 16:28:33 - [TEST_STEP][PASSED] - free_spin_reel_counter[2] = free_spin_reel_counter[2] + 1: null

2019-08-15 16:28:33 - [TEST_STEP][PASSED] - symbol = symbol: null

2019-08-15 16:28:33 - [TEST_STEP][PASSED] - println(symbol): null

2019-08-15 16:28:33 - [TEST_STEP][PASSED] - if (i == 2 &amp;&amp; wildList.indexOf(symbol) != -1): null

2019-08-15 16:28:33 - [TEST_STEP][PASSED] - if (i == 3 &amp;&amp; wildList.indexOf(symbol) != -1): null

2019-08-15 16:28:33 - [TEST_STEP][PASSED] - if (i == 4 &amp;&amp; wildList.indexOf(symbol) != -1): null

2019-08-15 16:28:33 - [TEST_STEP][PASSED] - symbol = symbol: null

2019-08-15 16:28:33 - [TEST_STEP][PASSED] - println(symbol): null

2019-08-15 16:28:33 - [TEST_STEP][PASSED] - if (i == 2 &amp;&amp; wildList.indexOf(symbol) != -1): null

2019-08-15 16:28:33 - [TEST_STEP][PASSED] - if (i == 3 &amp;&amp; wildList.indexOf(symbol) != -1): null

2019-08-15 16:28:33 - [TEST_STEP][PASSED] - if (i == 4 &amp;&amp; wildList.indexOf(symbol) != -1): null

2019-08-15 16:28:33 - [TEST_STEP][PASSED] - free_spin_reel_counter = free_spin_reel_counter: null

2019-08-15 16:28:33 - [TEST_STEP][PASSED] - println("reel 3 wild found: " + free_spin_reel_counter[0]): null

2019-08-15 16:28:33 - [TEST_STEP][PASSED] - println("reel 4 wild found: " + free_spin_reel_counter[1]): null

2019-08-15 16:28:33 - [TEST_STEP][PASSED] - println("reel 5 wild found: " + free_spin_reel_counter[2]): null

2019-08-15 16:28:33 - [TEST_STEP][PASSED] - M4_spin_reels = M4_spin_reels: null

2019-08-15 16:28:33 - [TEST_STEP][PASSED] - M4_spin_reels_symbols = symbol: null

2019-08-15 16:28:33 - [TEST_STEP][PASSED] - M4_spin_reels_symbols = M4_spin_reels_symbols: null

2019-08-15 16:28:33 - [TEST_STEP][PASSED] - M4_spin_reel_wins = reel_wins: null

2019-08-15 16:28:33 - [TEST_STEP][PASSED] - M4_spin_reel_wins = M4_spin_reel_wins: null

2019-08-15 16:28:33 - [TEST_STEP][PASSED] - println("GlobalVariable.M4_spin_reel_wins is: " + M4_spin_reel_wins): null

2019-08-15 16:28:33 - [TEST_STEP][PASSED] - M4_spin_total_bonus_win_this_round = total_bonus_win_this_round: null

2019-08-15 16:28:33 - [TEST_STEP][PASSED] - M4_spin_total_bonus_win_this_round = M4_spin_total_bonus_win_this_round: null

2019-08-15 16:28:33 - [TEST_STEP][PASSED] - println("GlobalVariable.M4_spin_total_bonus_win_this_round is: " + M4_spin_total_bonus_win_this_round): null

2019-08-15 16:28:33 - [MESSAGE][PASSED] - Verify response successfully

2019-08-15 16:28:33 - [MESSAGE][PASSED] - Send request and verify the response successfully

2019-08-15 16:28:33 - [TEST_STEP][PASSED] - if (M4_total_bonus_spins_int != 0 &amp;&amp; M4_spin_reels_symbols[2].contains("WILD_Normal") || M4_spin_reels_symbols[3].contains("WILD_Normal") || M4_spin_reels_symbols[4].contains("WILD_Normal")): null

2019-08-15 16:28:33 - [TEST_STEP][PASSED] - free_spin_reel_counter = free_spin_reel_counter: null

2019-08-15 16:28:33 - [TEST_STEP][PASSED] - M4_spin_reels_symbols = M4_spin_reels_symbols: null

2019-08-15 16:28:33 - [TEST_STEP][PASSED] - M4_total_bonus_spins = M4_total_bonus_spins: null

2019-08-15 16:28:33 - [TEST_STEP][PASSED] - spin_result = sendRequestAndVerify(findTestObject("STG/RGS(M4)/1_M4_spin", ["M4_login_user_id":M4_login_user_id, "rgs_session_token":rgs_session_token, "partner":Partner])): Send request and verify the response successfully

2019-08-15 16:28:33 - [TEST_CASE][PASSED] - Start Test Case : Verification: Verification accomplished successfully

2019-08-15 16:28:33 - [TEST_STEP][PASSED] - request = getInstance().getCurrentRequest(): null

2019-08-15 16:28:33 - [TEST_STEP][PASSED] - response = getInstance().getCurrentResponse(): null

2019-08-15 16:28:33 - [TEST_STEP][PASSED] - verifyResponseStatusCode(response, 200): Verify response status code successfully

2019-08-15 16:28:33 - [MESSAGE][PASSED] - Verify response status code successfully

2019-08-15 16:28:33 - [TEST_STEP][PASSED] - getStatusCode()).isEqualTo(200): null

2019-08-15 16:28:33 - [TEST_STEP][PASSED] - newline = System.getProperty("line.separator"): null

2019-08-15 16:28:33 - [TEST_STEP][PASSED] - M4_spin = new groovy.json.JsonSlurper(): null

2019-08-15 16:28:33 - [TEST_STEP][PASSED] - result_M4_spin = M4_spin.parseText(response.getResponseBodyContent()): null

2019-08-15 16:28:33 - [TEST_STEP][PASSED] - M4_spin_current_balance = current_balance: null

2019-08-15 16:28:33 - [TEST_STEP][PASSED] - M4_spin_current_balance = M4_spin_current_balance: null

2019-08-15 16:28:33 - [TEST_STEP][PASSED] - M4_spin_transaction_id = causality: null

2019-08-15 16:28:33 - [TEST_STEP][PASSED] - M4_spin_transaction_id = M4_spin_transaction_id: null

2019-08-15 16:28:33 - [TEST_STEP][PASSED] - M4_spin_round_id = round_id: null

2019-08-15 16:28:33 - [TEST_STEP][PASSED] - M4_spin_round_id = M4_spin_round_id: null

2019-08-15 16:28:33 - [TEST_STEP][PASSED] - M4_spin_line_wins = line_wins: null

2019-08-15 16:28:33 - [TEST_STEP][PASSED] - M4_spin_line_wins = M4_spin_line_wins: null

2019-08-15 16:28:33 - [TEST_STEP][PASSED] - M4_total_bonus_spins_int = total_bonus_spins: null

2019-08-15 16:28:33 - [TEST_STEP][PASSED] - println("******M4_total_bonus_spins type is:*******" + newline + getClass().getName()): null

2019-08-15 16:28:33 - [TEST_STEP][PASSED] - M4_total_bonus_spins_int = M4_total_bonus_spins_int: null

2019-08-15 16:28:33 - [TEST_STEP][PASSED] - M4_total_bonus_spins = Integer.toString(M4_total_bonus_spins_int): null

2019-08-15 16:28:33 - [TEST_STEP][PASSED] - M4_total_bonus_spins = M4_total_bonus_spins: null

2019-08-15 16:28:33 - [TEST_STEP][PASSED] - println("M4_total_bonus_spins is:" + M4_total_bonus_spins): null

2019-08-15 16:28:33 - [TEST_STEP][PASSED] - M4_spin_bonus_data = bonus_data: null

2019-08-15 16:28:33 - [TEST_STEP][PASSED] - M4_spin_features_triggered = result_M4_spin: null

2019-08-15 16:28:33 - [TEST_STEP][PASSED] - wild = []: null

2019-08-15 16:28:33 - [TEST_STEP][PASSED] - wild[0] = "WILD_Expanding": null

2019-08-15 16:28:33 - [TEST_STEP][PASSED] - wild[1] = "WILD_Normal": null

2019-08-15 16:28:33 - [TEST_STEP][PASSED] - wild[2] = "WILD_Double": null

2019-08-15 16:28:33 - [TEST_STEP][PASSED] - wild[3] = "WILD_ExtraFG": null

2019-08-15 16:28:33 - [TEST_STEP][PASSED] - wild[4] = "WILD_Triple": null

2019-08-15 16:28:33 - [TEST_STEP][PASSED] - wildList = Arrays.asList(wild): null

2019-08-15 16:28:33 - [TEST_STEP][PASSED] - wildList = wildList: null

2019-08-15 16:28:33 - [TEST_STEP][PASSED] - free_spin_reel_counter = []: null

2019-08-15 16:28:33 - [TEST_STEP][PASSED] - free_spin_reel_counter[0] = 0: null

2019-08-15 16:28:33 - [TEST_STEP][PASSED] - free_spin_reel_counter[1] = 0: null

2019-08-15 16:28:33 - [TEST_STEP][PASSED] - free_spin_reel_counter[2] = 0: null

2019-08-15 16:28:33 - [TEST_STEP][PASSED] - M4_spin_reels = reels: null

2019-08-15 16:28:33 - [TEST_STEP][PASSED] - for ([i = 0, i &lt; M4_spin_reels.size(), (i++)]): null

2019-08-15 16:28:33 - [TEST_STEP][PASSED] - symbols = symbols: null

2019-08-15 16:28:33 - [TEST_STEP][PASSED] - for ([j = 0, j &lt; symbols.size(), (j++)]): null

2019-08-15 16:28:33 - [TEST_STEP][PASSED] - symbol = symbol: null

2019-08-15 16:28:33 - [TEST_STEP][PASSED] - println(symbol): null

2019-08-15 16:28:33 - [TEST_STEP][PASSED] - if (i == 2 &amp;&amp; wildList.indexOf(symbol) != -1): null

2019-08-15 16:28:33 - [TEST_STEP][PASSED] - if (i == 3 &amp;&amp; wildList.indexOf(symbol) != -1): null

2019-08-15 16:28:33 - [TEST_STEP][PASSED] - if (i == 4 &amp;&amp; wildList.indexOf(symbol) != -1): null

2019-08-15 16:28:33 - [TEST_STEP][PASSED] - symbol = symbol: null

2019-08-15 16:28:33 - [TEST_STEP][PASSED] - println(symbol): null

2019-08-15 16:28:33 - [TEST_STEP][PASSED] - if (i == 2 &amp;&amp; wildList.indexOf(symbol) != -1): null

2019-08-15 16:28:33 - [TEST_STEP][PASSED] - if (i == 3 &amp;&amp; wildList.indexOf(symbol) != -1): null

2019-08-15 16:28:33 - [TEST_STEP][PASSED] - if (i == 4 &amp;&amp; wildList.indexOf(symbol) != -1): null

2019-08-15 16:28:33 - [TEST_STEP][PASSED] - symbol = symbol: null

2019-08-15 16:28:33 - [TEST_STEP][PASSED] - println(symbol): null

2019-08-15 16:28:33 - [TEST_STEP][PASSED] - if (i == 2 &amp;&amp; wildList.indexOf(symbol) != -1): null

2019-08-15 16:28:33 - [TEST_STEP][PASSED] - if (i == 3 &amp;&amp; wildList.indexOf(symbol) != -1): null

2019-08-15 16:28:33 - [TEST_STEP][PASSED] - if (i == 4 &amp;&amp; wildList.indexOf(symbol) != -1): null

2019-08-15 16:28:33 - [TEST_STEP][PASSED] - symbols = symbols: null

2019-08-15 16:28:33 - [TEST_STEP][PASSED] - for ([j = 0, j &lt; symbols.size(), (j++)]): null

2019-08-15 16:28:33 - [TEST_STEP][PASSED] - symbol = symbol: null

2019-08-15 16:28:33 - [TEST_STEP][PASSED] - println(symbol): null

2019-08-15 16:28:33 - [TEST_STEP][PASSED] - if (i == 2 &amp;&amp; wildList.indexOf(symbol) != -1): null

2019-08-15 16:28:33 - [TEST_STEP][PASSED] - if (i == 3 &amp;&amp; wildList.indexOf(symbol) != -1): null

2019-08-15 16:28:33 - [TEST_STEP][PASSED] - if (i == 4 &amp;&amp; wildList.indexOf(symbol) != -1): null

2019-08-15 16:28:33 - [TEST_STEP][PASSED] - symbol = symbol: null

2019-08-15 16:28:33 - [TEST_STEP][PASSED] - println(symbol): null

2019-08-15 16:28:33 - [TEST_STEP][PASSED] - if (i == 2 &amp;&amp; wildList.indexOf(symbol) != -1): null

2019-08-15 16:28:33 - [TEST_STEP][PASSED] - if (i == 3 &amp;&amp; wildList.indexOf(symbol) != -1): null

2019-08-15 16:28:33 - [TEST_STEP][PASSED] - if (i == 4 &amp;&amp; wildList.indexOf(symbol) != -1): null

2019-08-15 16:28:33 - [TEST_STEP][PASSED] - symbol = symbol: null

2019-08-15 16:28:33 - [TEST_STEP][PASSED] - println(symbol): null

2019-08-15 16:28:33 - [TEST_STEP][PASSED] - if (i == 2 &amp;&amp; wildList.indexOf(symbol) != -1): null

2019-08-15 16:28:33 - [TEST_STEP][PASSED] - if (i == 3 &amp;&amp; wildList.indexOf(symbol) != -1): null

2019-08-15 16:28:33 - [TEST_STEP][PASSED] - if (i == 4 &amp;&amp; wildList.indexOf(symbol) != -1): null

2019-08-15 16:28:33 - [TEST_STEP][PASSED] - symbols = symbols: null

2019-08-15 16:28:38 - [TEST_STEP][PASSED] - for ([j = 0, j &lt; symbols.size(), (j++)]): null

2019-08-15 16:28:38 - [TEST_STEP][PASSED] - symbol = symbol: null

2019-08-15 16:28:38 - [TEST_STEP][PASSED] - println(symbol): null

2019-08-15 16:28:38 - [TEST_STEP][PASSED] - if (i == 2 &amp;&amp; wildList.indexOf(symbol) != -1): null

2019-08-15 16:28:38 - [TEST_STEP][PASSED] - if (i == 3 &amp;&amp; wildList.indexOf(symbol) != -1): null

2019-08-15 16:28:38 - [TEST_STEP][PASSED] - if (i == 4 &amp;&amp; wildList.indexOf(symbol) != -1): null

2019-08-15 16:28:38 - [TEST_STEP][PASSED] - symbol = symbol: null

2019-08-15 16:28:38 - [TEST_STEP][PASSED] - println(symbol): null

2019-08-15 16:28:38 - [TEST_STEP][PASSED] - if (i == 2 &amp;&amp; wildList.indexOf(symbol) != -1): null

2019-08-15 16:28:38 - [TEST_STEP][PASSED] - if (i == 3 &amp;&amp; wildList.indexOf(symbol) != -1): null

2019-08-15 16:28:38 - [TEST_STEP][PASSED] - if (i == 4 &amp;&amp; wildList.indexOf(symbol) != -1): null

2019-08-15 16:28:40 - [TEST_STEP][PASSED] - symbol = symbol: null

2019-08-15 16:28:40 - [TEST_STEP][PASSED] - println(symbol): null

2019-08-15 16:28:40 - [TEST_STEP][PASSED] - if (i == 2 &amp;&amp; wildList.indexOf(symbol) != -1): null

2019-08-15 16:28:40 - [TEST_STEP][PASSED] - if (i == 3 &amp;&amp; wildList.indexOf(symbol) != -1): null

2019-08-15 16:28:40 - [TEST_STEP][PASSED] - if (i == 4 &amp;&amp; wildList.indexOf(symbol) != -1): null

2019-08-15 16:28:40 - [TEST_STEP][PASSED] - symbols = symbols: null

2019-08-15 16:28:40 - [TEST_STEP][PASSED] - for ([j = 0, j &lt; symbols.size(), (j++)]): null

2019-08-15 16:28:40 - [TEST_STEP][PASSED] - symbol = symbol: null

2019-08-15 16:28:40 - [TEST_STEP][PASSED] - println(symbol): null

2019-08-15 16:28:40 - [TEST_STEP][PASSED] - if (i == 2 &amp;&amp; wildList.indexOf(symbol) != -1): null

2019-08-15 16:28:40 - [TEST_STEP][PASSED] - if (i == 3 &amp;&amp; wildList.indexOf(symbol) != -1): null

2019-08-15 16:28:40 - [TEST_STEP][PASSED] - if (i == 4 &amp;&amp; wildList.indexOf(symbol) != -1): null

2019-08-15 16:28:40 - [TEST_STEP][PASSED] - symbol = symbol: null

2019-08-15 16:28:40 - [TEST_STEP][PASSED] - println(symbol): null

2019-08-15 16:28:40 - [TEST_STEP][PASSED] - if (i == 2 &amp;&amp; wildList.indexOf(symbol) != -1): null

2019-08-15 16:28:40 - [TEST_STEP][PASSED] - if (i == 3 &amp;&amp; wildList.indexOf(symbol) != -1): null

2019-08-15 16:28:40 - [TEST_STEP][PASSED] - if (i == 4 &amp;&amp; wildList.indexOf(symbol) != -1): null

2019-08-15 16:28:40 - [TEST_STEP][PASSED] - symbol = symbol: null

2019-08-15 16:28:40 - [TEST_STEP][PASSED] - println(symbol): null

2019-08-15 16:28:40 - [TEST_STEP][PASSED] - if (i == 2 &amp;&amp; wildList.indexOf(symbol) != -1): null

2019-08-15 16:28:40 - [TEST_STEP][PASSED] - if (i == 3 &amp;&amp; wildList.indexOf(symbol) != -1): null

2019-08-15 16:28:40 - [TEST_STEP][PASSED] - if (i == 4 &amp;&amp; wildList.indexOf(symbol) != -1): null

2019-08-15 16:28:40 - [TEST_STEP][PASSED] - symbols = symbols: null

2019-08-15 16:28:40 - [TEST_STEP][PASSED] - for ([j = 0, j &lt; symbols.size(), (j++)]): null

2019-08-15 16:28:40 - [TEST_STEP][PASSED] - symbol = symbol: null

2019-08-15 16:28:40 - [TEST_STEP][PASSED] - println(symbol): null

2019-08-15 16:28:40 - [TEST_STEP][PASSED] - if (i == 2 &amp;&amp; wildList.indexOf(symbol) != -1): null

2019-08-15 16:28:40 - [TEST_STEP][PASSED] - if (i == 3 &amp;&amp; wildList.indexOf(symbol) != -1): null

2019-08-15 16:28:40 - [TEST_STEP][PASSED] - if (i == 4 &amp;&amp; wildList.indexOf(symbol) != -1): null

2019-08-15 16:28:40 - [TEST_STEP][PASSED] - symbol = symbol: null

2019-08-15 16:28:40 - [TEST_STEP][PASSED] - println(symbol): null

2019-08-15 16:28:40 - [TEST_STEP][PASSED] - if (i == 2 &amp;&amp; wildList.indexOf(symbol) != -1): null

2019-08-15 16:28:40 - [TEST_STEP][PASSED] - if (i == 3 &amp;&amp; wildList.indexOf(symbol) != -1): null

2019-08-15 16:28:40 - [TEST_STEP][PASSED] - if (i == 4 &amp;&amp; wildList.indexOf(symbol) != -1): null

2019-08-15 16:28:40 - [TEST_STEP][PASSED] - println("wild found on reel 5, adding counter by 1"): null

2019-08-15 16:28:40 - [TEST_STEP][PASSED] - free_spin_reel_counter[2] = free_spin_reel_counter[2] + 1: null

2019-08-15 16:28:40 - [TEST_STEP][PASSED] - symbol = symbol: null

2019-08-15 16:28:40 - [TEST_STEP][PASSED] - println(symbol): null

2019-08-15 16:28:40 - [TEST_STEP][PASSED] - if (i == 2 &amp;&amp; wildList.indexOf(symbol) != -1): null

2019-08-15 16:28:40 - [TEST_STEP][PASSED] - if (i == 3 &amp;&amp; wildList.indexOf(symbol) != -1): null

2019-08-15 16:28:40 - [TEST_STEP][PASSED] - if (i == 4 &amp;&amp; wildList.indexOf(symbol) != -1): null

2019-08-15 16:28:40 - [TEST_STEP][PASSED] - free_spin_reel_counter = free_spin_reel_counter: null

2019-08-15 16:28:40 - [TEST_STEP][PASSED] - println("reel 3 wild found: " + free_spin_reel_counter[0]): null

2019-08-15 16:28:40 - [TEST_STEP][PASSED] - println("reel 4 wild found: " + free_spin_reel_counter[1]): null

2019-08-15 16:28:40 - [TEST_STEP][PASSED] - println("reel 5 wild found: " + free_spin_reel_counter[2]): null

2019-08-15 16:28:40 - [TEST_STEP][PASSED] - M4_spin_reels = M4_spin_reels: null

2019-08-15 16:28:40 - [TEST_STEP][PASSED] - M4_spin_reels_symbols = symbol: null

2019-08-15 16:28:40 - [TEST_STEP][PASSED] - M4_spin_reels_symbols = M4_spin_reels_symbols: null

2019-08-15 16:28:40 - [TEST_STEP][PASSED] - M4_spin_reel_wins = reel_wins: null

2019-08-15 16:28:40 - [TEST_STEP][PASSED] - M4_spin_reel_wins = M4_spin_reel_wins: null

2019-08-15 16:28:40 - [TEST_STEP][PASSED] - println("GlobalVariable.M4_spin_reel_wins is: " + M4_spin_reel_wins): null

2019-08-15 16:28:40 - [TEST_STEP][PASSED] - M4_spin_total_bonus_win_this_round = total_bonus_win_this_round: null

2019-08-15 16:28:40 - [TEST_STEP][PASSED] - M4_spin_total_bonus_win_this_round = M4_spin_total_bonus_win_this_round: null

2019-08-15 16:28:40 - [TEST_STEP][PASSED] - println("GlobalVariable.M4_spin_total_bonus_win_this_round is: " + M4_spin_total_bonus_win_this_round): null

2019-08-15 16:28:40 - [MESSAGE][PASSED] - Verify response successfully

2019-08-15 16:28:40 - [MESSAGE][PASSED] - Send request and verify the response successfully

2019-08-15 16:28:40 - [TEST_STEP][PASSED] - if (M4_total_bonus_spins_int != 0 &amp;&amp; M4_spin_reels_symbols[2].contains("WILD_Normal") || M4_spin_reels_symbols[3].contains("WILD_Normal") || M4_spin_reels_symbols[4].contains("WILD_Normal")): null

2019-08-15 16:28:40 - [TEST_STEP][PASSED] - free_spin_reel_counter = free_spin_reel_counter: null

2019-08-15 16:28:40 - [TEST_STEP][PASSED] - M4_spin_reels_symbols = M4_spin_reels_symbols: null

2019-08-15 16:28:40 - [TEST_STEP][PASSED] - M4_total_bonus_spins = M4_total_bonus_spins: null

2019-08-15 16:28:40 - [TEST_STEP][PASSED] - spin_result = sendRequestAndVerify(findTestObject("STG/RGS(M4)/1_M4_spin", ["M4_login_user_id":M4_login_user_id, "rgs_session_token":rgs_session_token, "partner":Partner])): Send request and verify the response successfully

2019-08-15 16:28:40 - [TEST_CASE][PASSED] - Start Test Case : Verification: Verification accomplished successfully

2019-08-15 16:28:40 - [TEST_STEP][PASSED] - request = getInstance().getCurrentRequest(): null

2019-08-15 16:28:40 - [TEST_STEP][PASSED] - response = getInstance().getCurrentResponse(): null

2019-08-15 16:28:40 - [TEST_STEP][PASSED] - verifyResponseStatusCode(response, 200): Verify response status code successfully

2019-08-15 16:28:40 - [MESSAGE][PASSED] - Verify response status code successfully

2019-08-15 16:28:40 - [TEST_STEP][PASSED] - getStatusCode()).isEqualTo(200): null

2019-08-15 16:28:40 - [TEST_STEP][PASSED] - newline = System.getProperty("line.separator"): null

2019-08-15 16:28:40 - [TEST_STEP][PASSED] - M4_spin = new groovy.json.JsonSlurper(): null

2019-08-15 16:28:40 - [TEST_STEP][PASSED] - result_M4_spin = M4_spin.parseText(response.getResponseBodyContent()): null

2019-08-15 16:28:40 - [TEST_STEP][PASSED] - M4_spin_current_balance = current_balance: null

2019-08-15 16:28:40 - [TEST_STEP][PASSED] - M4_spin_current_balance = M4_spin_current_balance: null

2019-08-15 16:28:40 - [TEST_STEP][PASSED] - M4_spin_transaction_id = causality: null

2019-08-15 16:28:40 - [TEST_STEP][PASSED] - M4_spin_transaction_id = M4_spin_transaction_id: null

2019-08-15 16:28:40 - [TEST_STEP][PASSED] - M4_spin_round_id = round_id: null

2019-08-15 16:28:40 - [TEST_STEP][PASSED] - M4_spin_round_id = M4_spin_round_id: null

2019-08-15 16:28:40 - [TEST_STEP][PASSED] - M4_spin_line_wins = line_wins: null

2019-08-15 16:28:40 - [TEST_STEP][PASSED] - M4_spin_line_wins = M4_spin_line_wins: null

2019-08-15 16:28:40 - [TEST_STEP][PASSED] - M4_total_bonus_spins_int = total_bonus_spins: null

2019-08-15 16:28:40 - [TEST_STEP][PASSED] - println("******M4_total_bonus_spins type is:*******" + newline + getClass().getName()): null

2019-08-15 16:28:40 - [TEST_STEP][PASSED] - M4_total_bonus_spins_int = M4_total_bonus_spins_int: null

2019-08-15 16:28:40 - [TEST_STEP][PASSED] - M4_total_bonus_spins = Integer.toString(M4_total_bonus_spins_int): null

2019-08-15 16:28:40 - [TEST_STEP][PASSED] - M4_total_bonus_spins = M4_total_bonus_spins: null

2019-08-15 16:28:40 - [TEST_STEP][PASSED] - println("M4_total_bonus_spins is:" + M4_total_bonus_spins): null

2019-08-15 16:28:40 - [TEST_STEP][PASSED] - M4_spin_bonus_data = bonus_data: null

2019-08-15 16:28:40 - [TEST_STEP][PASSED] - M4_spin_features_triggered = result_M4_spin: null

2019-08-15 16:28:40 - [TEST_STEP][PASSED] - wild = []: null

2019-08-15 16:28:40 - [TEST_STEP][PASSED] - wild[0] = "WILD_Expanding": null

2019-08-15 16:28:40 - [TEST_STEP][PASSED] - wild[1] = "WILD_Normal": null

2019-08-15 16:28:40 - [TEST_STEP][PASSED] - wild[2] = "WILD_Double": null

2019-08-15 16:28:40 - [TEST_STEP][PASSED] - wild[3] = "WILD_ExtraFG": null

2019-08-15 16:28:40 - [TEST_STEP][PASSED] - wild[4] = "WILD_Triple": null

2019-08-15 16:28:40 - [TEST_STEP][PASSED] - wildList = Arrays.asList(wild): null

2019-08-15 16:28:40 - [TEST_STEP][PASSED] - wildList = wildList: null

2019-08-15 16:28:40 - [TEST_STEP][PASSED] - free_spin_reel_counter = []: null

2019-08-15 16:28:40 - [TEST_STEP][PASSED] - free_spin_reel_counter[0] = 0: null

2019-08-15 16:28:40 - [TEST_STEP][PASSED] - free_spin_reel_counter[1] = 0: null

2019-08-15 16:28:40 - [TEST_STEP][PASSED] - free_spin_reel_counter[2] = 0: null

2019-08-15 16:28:40 - [TEST_STEP][PASSED] - M4_spin_reels = reels: null

2019-08-15 16:28:40 - [TEST_STEP][PASSED] - for ([i = 0, i &lt; M4_spin_reels.size(), (i++)]): null

2019-08-15 16:28:40 - [TEST_STEP][PASSED] - symbols = symbols: null

2019-08-15 16:28:40 - [TEST_STEP][PASSED] - for ([j = 0, j &lt; symbols.size(), (j++)]): null

2019-08-15 16:28:40 - [TEST_STEP][PASSED] - symbol = symbol: null

2019-08-15 16:28:40 - [TEST_STEP][PASSED] - println(symbol): null

2019-08-15 16:28:40 - [TEST_STEP][PASSED] - if (i == 2 &amp;&amp; wildList.indexOf(symbol) != -1): null

2019-08-15 16:28:40 - [TEST_STEP][PASSED] - if (i == 3 &amp;&amp; wildList.indexOf(symbol) != -1): null

2019-08-15 16:28:40 - [TEST_STEP][PASSED] - if (i == 4 &amp;&amp; wildList.indexOf(symbol) != -1): null

2019-08-15 16:28:40 - [TEST_STEP][PASSED] - symbol = symbol: null

2019-08-15 16:28:40 - [TEST_STEP][PASSED] - println(symbol): null

2019-08-15 16:28:40 - [TEST_STEP][PASSED] - if (i == 2 &amp;&amp; wildList.indexOf(symbol) != -1): null

2019-08-15 16:28:40 - [TEST_STEP][PASSED] - if (i == 3 &amp;&amp; wildList.indexOf(symbol) != -1): null

2019-08-15 16:28:40 - [TEST_STEP][PASSED] - if (i == 4 &amp;&amp; wildList.indexOf(symbol) != -1): null

2019-08-15 16:28:40 - [TEST_STEP][PASSED] - symbol = symbol: null

2019-08-15 16:28:40 - [TEST_STEP][PASSED] - println(symbol): null

2019-08-15 16:28:40 - [TEST_STEP][PASSED] - if (i == 2 &amp;&amp; wildList.indexOf(symbol) != -1): null

2019-08-15 16:28:40 - [TEST_STEP][PASSED] - if (i == 3 &amp;&amp; wildList.indexOf(symbol) != -1): null

2019-08-15 16:28:40 - [TEST_STEP][PASSED] - if (i == 4 &amp;&amp; wildList.indexOf(symbol) != -1): null

2019-08-15 16:28:40 - [TEST_STEP][PASSED] - symbols = symbols: null

2019-08-15 16:28:40 - [TEST_STEP][PASSED] - for ([j = 0, j &lt; symbols.size(), (j++)]): null

2019-08-15 16:28:40 - [TEST_STEP][PASSED] - symbol = symbol: null

2019-08-15 16:28:40 - [TEST_STEP][PASSED] - println(symbol): null

2019-08-15 16:28:40 - [TEST_STEP][PASSED] - if (i == 2 &amp;&amp; wildList.indexOf(symbol) != -1): null

2019-08-15 16:28:40 - [TEST_STEP][PASSED] - if (i == 3 &amp;&amp; wildList.indexOf(symbol) != -1): null

2019-08-15 16:28:40 - [TEST_STEP][PASSED] - if (i == 4 &amp;&amp; wildList.indexOf(symbol) != -1): null

2019-08-15 16:28:40 - [TEST_STEP][PASSED] - symbol = symbol: null

2019-08-15 16:28:40 - [TEST_STEP][PASSED] - println(symbol): null

2019-08-15 16:28:40 - [TEST_STEP][PASSED] - if (i == 2 &amp;&amp; wildList.indexOf(symbol) != -1): null

2019-08-15 16:28:40 - [TEST_STEP][PASSED] - if (i == 3 &amp;&amp; wildList.indexOf(symbol) != -1): null

2019-08-15 16:28:40 - [TEST_STEP][PASSED] - if (i == 4 &amp;&amp; wildList.indexOf(symbol) != -1): null

2019-08-15 16:28:40 - [TEST_STEP][PASSED] - symbol = symbol: null

2019-08-15 16:28:40 - [TEST_STEP][PASSED] - println(symbol): null

2019-08-15 16:28:40 - [TEST_STEP][PASSED] - if (i == 2 &amp;&amp; wildList.indexOf(symbol) != -1): null

2019-08-15 16:28:40 - [TEST_STEP][PASSED] - if (i == 3 &amp;&amp; wildList.indexOf(symbol) != -1): null

2019-08-15 16:28:40 - [TEST_STEP][PASSED] - if (i == 4 &amp;&amp; wildList.indexOf(symbol) != -1): null

2019-08-15 16:28:40 - [TEST_STEP][PASSED] - symbols = symbols: null

2019-08-15 16:28:40 - [TEST_STEP][PASSED] - for ([j = 0, j &lt; symbols.size(), (j++)]): null

2019-08-15 16:28:40 - [TEST_STEP][PASSED] - symbol = symbol: null

2019-08-15 16:28:40 - [TEST_STEP][PASSED] - println(symbol): null

2019-08-15 16:28:40 - [TEST_STEP][PASSED] - if (i == 2 &amp;&amp; wildList.indexOf(symbol) != -1): null

2019-08-15 16:28:40 - [TEST_STEP][PASSED] - if (i == 3 &amp;&amp; wildList.indexOf(symbol) != -1): null

2019-08-15 16:28:40 - [TEST_STEP][PASSED] - if (i == 4 &amp;&amp; wildList.indexOf(symbol) != -1): null

2019-08-15 16:28:40 - [TEST_STEP][PASSED] - symbol = symbol: null

2019-08-15 16:28:40 - [TEST_STEP][PASSED] - println(symbol): null

2019-08-15 16:28:40 - [TEST_STEP][PASSED] - if (i == 2 &amp;&amp; wildList.indexOf(symbol) != -1): null

2019-08-15 16:28:40 - [TEST_STEP][PASSED] - if (i == 3 &amp;&amp; wildList.indexOf(symbol) != -1): null

2019-08-15 16:28:40 - [TEST_STEP][PASSED] - if (i == 4 &amp;&amp; wildList.indexOf(symbol) != -1): null

2019-08-15 16:28:40 - [TEST_STEP][PASSED] - symbol = symbol: null

2019-08-15 16:28:40 - [TEST_STEP][PASSED] - println(symbol): null

2019-08-15 16:28:40 - [TEST_STEP][PASSED] - if (i == 2 &amp;&amp; wildList.indexOf(symbol) != -1): null

2019-08-15 16:28:40 - [TEST_STEP][PASSED] - if (i == 3 &amp;&amp; wildList.indexOf(symbol) != -1): null

2019-08-15 16:28:40 - [TEST_STEP][PASSED] - if (i == 4 &amp;&amp; wildList.indexOf(symbol) != -1): null

2019-08-15 16:28:40 - [TEST_STEP][PASSED] - symbols = symbols: null

2019-08-15 16:28:40 - [TEST_STEP][PASSED] - for ([j = 0, j &lt; symbols.size(), (j++)]): null

2019-08-15 16:28:40 - [TEST_STEP][PASSED] - symbol = symbol: null

2019-08-15 16:28:40 - [TEST_STEP][PASSED] - println(symbol): null

2019-08-15 16:28:40 - [TEST_STEP][PASSED] - if (i == 2 &amp;&amp; wildList.indexOf(symbol) != -1): null

2019-08-15 16:28:40 - [TEST_STEP][PASSED] - if (i == 3 &amp;&amp; wildList.indexOf(symbol) != -1): null

2019-08-15 16:28:40 - [TEST_STEP][PASSED] - if (i == 4 &amp;&amp; wildList.indexOf(symbol) != -1): null

2019-08-15 16:28:40 - [TEST_STEP][PASSED] - symbol = symbol: null

2019-08-15 16:28:40 - [TEST_STEP][PASSED] - println(symbol): null

2019-08-15 16:28:40 - [TEST_STEP][PASSED] - if (i == 2 &amp;&amp; wildList.indexOf(symbol) != -1): null

2019-08-15 16:28:40 - [TEST_STEP][PASSED] - if (i == 3 &amp;&amp; wildList.indexOf(symbol) != -1): null

2019-08-15 16:28:40 - [TEST_STEP][PASSED] - if (i == 4 &amp;&amp; wildList.indexOf(symbol) != -1): null

2019-08-15 16:28:40 - [TEST_STEP][PASSED] - symbol = symbol: null

2019-08-15 16:28:40 - [TEST_STEP][PASSED] - println(symbol): null

2019-08-15 16:28:40 - [TEST_STEP][PASSED] - if (i == 2 &amp;&amp; wildList.indexOf(symbol) != -1): null

2019-08-15 16:28:40 - [TEST_STEP][PASSED] - if (i == 3 &amp;&amp; wildList.indexOf(symbol) != -1): null

2019-08-15 16:28:40 - [TEST_STEP][PASSED] - if (i == 4 &amp;&amp; wildList.indexOf(symbol) != -1): null

2019-08-15 16:28:40 - [TEST_STEP][PASSED] - symbols = symbols: null

2019-08-15 16:28:40 - [TEST_STEP][PASSED] - for ([j = 0, j &lt; symbols.size(), (j++)]): null

2019-08-15 16:28:40 - [TEST_STEP][PASSED] - symbol = symbol: null

2019-08-15 16:28:40 - [TEST_STEP][PASSED] - println(symbol): null

2019-08-15 16:28:40 - [TEST_STEP][PASSED] - if (i == 2 &amp;&amp; wildList.indexOf(symbol) != -1): null

2019-08-15 16:28:40 - [TEST_STEP][PASSED] - if (i == 3 &amp;&amp; wildList.indexOf(symbol) != -1): null

2019-08-15 16:28:40 - [TEST_STEP][PASSED] - if (i == 4 &amp;&amp; wildList.indexOf(symbol) != -1): null

2019-08-15 16:28:40 - [TEST_STEP][PASSED] - symbol = symbol: null

2019-08-15 16:28:40 - [TEST_STEP][PASSED] - println(symbol): null

2019-08-15 16:28:40 - [TEST_STEP][PASSED] - if (i == 2 &amp;&amp; wildList.indexOf(symbol) != -1): null

2019-08-15 16:28:40 - [TEST_STEP][PASSED] - if (i == 3 &amp;&amp; wildList.indexOf(symbol) != -1): null

2019-08-15 16:28:40 - [TEST_STEP][PASSED] - if (i == 4 &amp;&amp; wildList.indexOf(symbol) != -1): null

2019-08-15 16:28:40 - [TEST_STEP][PASSED] - symbol = symbol: null

2019-08-15 16:28:40 - [TEST_STEP][PASSED] - println(symbol): null

2019-08-15 16:28:40 - [TEST_STEP][PASSED] - if (i == 2 &amp;&amp; wildList.indexOf(symbol) != -1): null

2019-08-15 16:28:40 - [TEST_STEP][PASSED] - if (i == 3 &amp;&amp; wildList.indexOf(symbol) != -1): null

2019-08-15 16:28:40 - [TEST_STEP][PASSED] - if (i == 4 &amp;&amp; wildList.indexOf(symbol) != -1): null

2019-08-15 16:28:40 - [TEST_STEP][PASSED] - free_spin_reel_counter = free_spin_reel_counter: null

2019-08-15 16:28:40 - [TEST_STEP][PASSED] - println("reel 3 wild found: " + free_spin_reel_counter[0]): null

2019-08-15 16:28:40 - [TEST_STEP][PASSED] - println("reel 4 wild found: " + free_spin_reel_counter[1]): null

2019-08-15 16:28:40 - [TEST_STEP][PASSED] - println("reel 5 wild found: " + free_spin_reel_counter[2]): null

2019-08-15 16:28:40 - [TEST_STEP][PASSED] - M4_spin_reels = M4_spin_reels: null

2019-08-15 16:28:40 - [TEST_STEP][PASSED] - M4_spin_reels_symbols = symbol: null

2019-08-15 16:28:40 - [TEST_STEP][PASSED] - M4_spin_reels_symbols = M4_spin_reels_symbols: null

2019-08-15 16:28:40 - [TEST_STEP][PASSED] - M4_spin_reel_wins = reel_wins: null

2019-08-15 16:28:40 - [TEST_STEP][PASSED] - M4_spin_reel_wins = M4_spin_reel_wins: null

2019-08-15 16:28:40 - [TEST_STEP][PASSED] - println("GlobalVariable.M4_spin_reel_wins is: " + M4_spin_reel_wins): null

2019-08-15 16:28:40 - [TEST_STEP][PASSED] - M4_spin_total_bonus_win_this_round = total_bonus_win_this_round: null

2019-08-15 16:28:40 - [TEST_STEP][PASSED] - M4_spin_total_bonus_win_this_round = M4_spin_total_bonus_win_this_round: null

2019-08-15 16:28:40 - [TEST_STEP][PASSED] - println("GlobalVariable.M4_spin_total_bonus_win_this_round is: " + M4_spin_total_bonus_win_this_round): null

2019-08-15 16:28:40 - [MESSAGE][PASSED] - Verify response successfully

2019-08-15 16:28:40 - [MESSAGE][PASSED] - Send request and verify the response successfully

2019-08-15 16:28:40 - [TEST_STEP][PASSED] - if (M4_total_bonus_spins_int != 0 &amp;&amp; M4_spin_reels_symbols[2].contains("WILD_Normal") || M4_spin_reels_symbols[3].contains("WILD_Normal") || M4_spin_reels_symbols[4].contains("WILD_Normal")): null

2019-08-15 16:28:40 - [TEST_STEP][PASSED] - free_spin_reel_counter = free_spin_reel_counter: null

2019-08-15 16:28:40 - [TEST_STEP][PASSED] - M4_spin_reels_symbols = M4_spin_reels_symbols: null

2019-08-15 16:28:40 - [TEST_STEP][PASSED] - M4_total_bonus_spins = M4_total_bonus_spins: null

2019-08-15 16:28:40 - [TEST_STEP][PASSED] - spin_result = sendRequestAndVerify(findTestObject("STG/RGS(M4)/1_M4_spin", ["M4_login_user_id":M4_login_user_id, "rgs_session_token":rgs_session_token, "partner":Partner])): Send request and verify the response successfully

2019-08-15 16:28:40 - [TEST_CASE][PASSED] - Start Test Case : Verification: Verification accomplished successfully

2019-08-15 16:28:40 - [TEST_STEP][PASSED] - request = getInstance().getCurrentRequest(): null

2019-08-15 16:28:41 - [TEST_STEP][PASSED] - response = getInstance().getCurrentResponse(): null

2019-08-15 16:28:41 - [TEST_STEP][PASSED] - verifyResponseStatusCode(response, 200): Verify response status code successfully

2019-08-15 16:28:41 - [MESSAGE][PASSED] - Verify response status code successfully

2019-08-15 16:28:41 - [TEST_STEP][PASSED] - getStatusCode()).isEqualTo(200): null

2019-08-15 16:28:41 - [TEST_STEP][PASSED] - newline = System.getProperty("line.separator"): null

2019-08-15 16:28:41 - [TEST_STEP][PASSED] - M4_spin = new groovy.json.JsonSlurper(): null

2019-08-15 16:28:41 - [TEST_STEP][PASSED] - result_M4_spin = M4_spin.parseText(response.getResponseBodyContent()): null

2019-08-15 16:28:41 - [TEST_STEP][PASSED] - M4_spin_current_balance = current_balance: null

2019-08-15 16:28:41 - [TEST_STEP][PASSED] - M4_spin_current_balance = M4_spin_current_balance: null

2019-08-15 16:28:41 - [TEST_STEP][PASSED] - M4_spin_transaction_id = causality: null

2019-08-15 16:28:41 - [TEST_STEP][PASSED] - M4_spin_transaction_id = M4_spin_transaction_id: null

2019-08-15 16:28:41 - [TEST_STEP][PASSED] - M4_spin_round_id = round_id: null

2019-08-15 16:28:41 - [TEST_STEP][PASSED] - M4_spin_round_id = M4_spin_round_id: null

2019-08-15 16:28:41 - [TEST_STEP][PASSED] - M4_spin_line_wins = line_wins: null

2019-08-15 16:28:41 - [TEST_STEP][PASSED] - M4_spin_line_wins = M4_spin_line_wins: null

2019-08-15 16:28:41 - [TEST_STEP][PASSED] - M4_total_bonus_spins_int = total_bonus_spins: null

2019-08-15 16:28:41 - [TEST_STEP][PASSED] - println("******M4_total_bonus_spins type is:*******" + newline + getClass().getName()): null

2019-08-15 16:28:41 - [TEST_STEP][PASSED] - M4_total_bonus_spins_int = M4_total_bonus_spins_int: null

2019-08-15 16:28:41 - [TEST_STEP][PASSED] - M4_total_bonus_spins = Integer.toString(M4_total_bonus_spins_int): null

2019-08-15 16:28:41 - [TEST_STEP][PASSED] - M4_total_bonus_spins = M4_total_bonus_spins: null

2019-08-15 16:28:41 - [TEST_STEP][PASSED] - println("M4_total_bonus_spins is:" + M4_total_bonus_spins): null

2019-08-15 16:28:41 - [TEST_STEP][PASSED] - M4_spin_bonus_data = bonus_data: null

2019-08-15 16:28:41 - [TEST_STEP][PASSED] - M4_spin_features_triggered = result_M4_spin: null

2019-08-15 16:28:41 - [TEST_STEP][PASSED] - wild = []: null

2019-08-15 16:28:41 - [TEST_STEP][PASSED] - wild[0] = "WILD_Expanding": null

2019-08-15 16:28:41 - [TEST_STEP][PASSED] - wild[1] = "WILD_Normal": null

2019-08-15 16:28:41 - [TEST_STEP][PASSED] - wild[2] = "WILD_Double": null

2019-08-15 16:28:41 - [TEST_STEP][PASSED] - wild[3] = "WILD_ExtraFG": null

2019-08-15 16:28:41 - [TEST_STEP][PASSED] - wild[4] = "WILD_Triple": null

2019-08-15 16:28:41 - [TEST_STEP][PASSED] - wildList = Arrays.asList(wild): null

2019-08-15 16:28:41 - [TEST_STEP][PASSED] - wildList = wildList: null

2019-08-15 16:28:41 - [TEST_STEP][PASSED] - free_spin_reel_counter = []: null

2019-08-15 16:28:41 - [TEST_STEP][PASSED] - free_spin_reel_counter[0] = 0: null

2019-08-15 16:28:41 - [TEST_STEP][PASSED] - free_spin_reel_counter[1] = 0: null

2019-08-15 16:28:41 - [TEST_STEP][PASSED] - free_spin_reel_counter[2] = 0: null

2019-08-15 16:28:41 - [TEST_STEP][PASSED] - M4_spin_reels = reels: null

2019-08-15 16:28:41 - [TEST_STEP][PASSED] - for ([i = 0, i &lt; M4_spin_reels.size(), (i++)]): null

2019-08-15 16:28:41 - [TEST_STEP][PASSED] - symbols = symbols: null

2019-08-15 16:28:41 - [TEST_STEP][PASSED] - for ([j = 0, j &lt; symbols.size(), (j++)]): null

2019-08-15 16:28:41 - [TEST_STEP][PASSED] - symbol = symbol: null

2019-08-15 16:28:41 - [TEST_STEP][PASSED] - println(symbol): null

2019-08-15 16:28:41 - [TEST_STEP][PASSED] - if (i == 2 &amp;&amp; wildList.indexOf(symbol) != -1): null

2019-08-15 16:28:41 - [TEST_STEP][PASSED] - if (i == 3 &amp;&amp; wildList.indexOf(symbol) != -1): null

2019-08-15 16:28:41 - [TEST_STEP][PASSED] - if (i == 4 &amp;&amp; wildList.indexOf(symbol) != -1): null

2019-08-15 16:28:41 - [TEST_STEP][PASSED] - symbol = symbol: null

2019-08-15 16:28:41 - [TEST_STEP][PASSED] - println(symbol): null

2019-08-15 16:28:41 - [TEST_STEP][PASSED] - if (i == 2 &amp;&amp; wildList.indexOf(symbol) != -1): null

2019-08-15 16:28:41 - [TEST_STEP][PASSED] - if (i == 3 &amp;&amp; wildList.indexOf(symbol) != -1): null

2019-08-15 16:28:41 - [TEST_STEP][PASSED] - if (i == 4 &amp;&amp; wildList.indexOf(symbol) != -1): null

2019-08-15 16:28:41 - [TEST_STEP][PASSED] - symbol = symbol: null

2019-08-15 16:28:41 - [TEST_STEP][PASSED] - println(symbol): null

2019-08-15 16:28:41 - [TEST_STEP][PASSED] - if (i == 2 &amp;&amp; wildList.indexOf(symbol) != -1): null

2019-08-15 16:28:41 - [TEST_STEP][PASSED] - if (i == 3 &amp;&amp; wildList.indexOf(symbol) != -1): null

2019-08-15 16:28:41 - [TEST_STEP][PASSED] - if (i == 4 &amp;&amp; wildList.indexOf(symbol) != -1): null

2019-08-15 16:28:41 - [TEST_STEP][PASSED] - symbols = symbols: null

2019-08-15 16:28:41 - [TEST_STEP][PASSED] - for ([j = 0, j &lt; symbols.size(), (j++)]): null

2019-08-15 16:28:41 - [TEST_STEP][PASSED] - symbol = symbol: null

2019-08-15 16:28:41 - [TEST_STEP][PASSED] - println(symbol): null

2019-08-15 16:28:41 - [TEST_STEP][PASSED] - if (i == 2 &amp;&amp; wildList.indexOf(symbol) != -1): null

2019-08-15 16:28:41 - [TEST_STEP][PASSED] - if (i == 3 &amp;&amp; wildList.indexOf(symbol) != -1): null

2019-08-15 16:28:41 - [TEST_STEP][PASSED] - if (i == 4 &amp;&amp; wildList.indexOf(symbol) != -1): null

2019-08-15 16:28:41 - [TEST_STEP][PASSED] - symbol = symbol: null

2019-08-15 16:28:41 - [TEST_STEP][PASSED] - println(symbol): null

2019-08-15 16:28:41 - [TEST_STEP][PASSED] - if (i == 2 &amp;&amp; wildList.indexOf(symbol) != -1): null

2019-08-15 16:28:41 - [TEST_STEP][PASSED] - if (i == 3 &amp;&amp; wildList.indexOf(symbol) != -1): null

2019-08-15 16:28:41 - [TEST_STEP][PASSED] - if (i == 4 &amp;&amp; wildList.indexOf(symbol) != -1): null

2019-08-15 16:28:41 - [TEST_STEP][PASSED] - symbol = symbol: null

2019-08-15 16:28:41 - [TEST_STEP][PASSED] - println(symbol): null

2019-08-15 16:28:41 - [TEST_STEP][PASSED] - if (i == 2 &amp;&amp; wildList.indexOf(symbol) != -1): null

2019-08-15 16:28:41 - [TEST_STEP][PASSED] - if (i == 3 &amp;&amp; wildList.indexOf(symbol) != -1): null

2019-08-15 16:28:41 - [TEST_STEP][PASSED] - if (i == 4 &amp;&amp; wildList.indexOf(symbol) != -1): null

2019-08-15 16:28:41 - [TEST_STEP][PASSED] - symbols = symbols: null

2019-08-15 16:28:41 - [TEST_STEP][PASSED] - for ([j = 0, j &lt; symbols.size(), (j++)]): null

2019-08-15 16:28:41 - [TEST_STEP][PASSED] - symbol = symbol: null

2019-08-15 16:28:41 - [TEST_STEP][PASSED] - println(symbol): null

2019-08-15 16:28:41 - [TEST_STEP][PASSED] - if (i == 2 &amp;&amp; wildList.indexOf(symbol) != -1): null

2019-08-15 16:28:41 - [TEST_STEP][PASSED] - println("wild found on reel 3, adding counter by 1"): null

2019-08-15 16:28:41 - [TEST_STEP][PASSED] - free_spin_reel_counter[0] = free_spin_reel_counter[0] + 1: null

2019-08-15 16:28:41 - [TEST_STEP][PASSED] - if (i == 3 &amp;&amp; wildList.indexOf(symbol) != -1): null

2019-08-15 16:28:41 - [TEST_STEP][PASSED] - if (i == 4 &amp;&amp; wildList.indexOf(symbol) != -1): null

2019-08-15 16:28:41 - [TEST_STEP][PASSED] - symbol = symbol: null

2019-08-15 16:28:41 - [TEST_STEP][PASSED] - println(symbol): null

2019-08-15 16:28:41 - [TEST_STEP][PASSED] - if (i == 2 &amp;&amp; wildList.indexOf(symbol) != -1): null

2019-08-15 16:28:41 - [TEST_STEP][PASSED] - if (i == 3 &amp;&amp; wildList.indexOf(symbol) != -1): null

2019-08-15 16:28:41 - [TEST_STEP][PASSED] - if (i == 4 &amp;&amp; wildList.indexOf(symbol) != -1): null

2019-08-15 16:28:41 - [TEST_STEP][PASSED] - symbol = symbol: null

2019-08-15 16:28:41 - [TEST_STEP][PASSED] - println(symbol): null

2019-08-15 16:28:41 - [TEST_STEP][PASSED] - if (i == 2 &amp;&amp; wildList.indexOf(symbol) != -1): null

2019-08-15 16:28:41 - [TEST_STEP][PASSED] - if (i == 3 &amp;&amp; wildList.indexOf(symbol) != -1): null

2019-08-15 16:28:41 - [TEST_STEP][PASSED] - if (i == 4 &amp;&amp; wildList.indexOf(symbol) != -1): null

2019-08-15 16:28:41 - [TEST_STEP][PASSED] - symbols = symbols: null

2019-08-15 16:28:41 - [TEST_STEP][PASSED] - for ([j = 0, j &lt; symbols.size(), (j++)]): null

2019-08-15 16:28:41 - [TEST_STEP][PASSED] - symbol = symbol: null

2019-08-15 16:28:41 - [TEST_STEP][PASSED] - println(symbol): null

2019-08-15 16:28:41 - [TEST_STEP][PASSED] - if (i == 2 &amp;&amp; wildList.indexOf(symbol) != -1): null

2019-08-15 16:28:41 - [TEST_STEP][PASSED] - if (i == 3 &amp;&amp; wildList.indexOf(symbol) != -1): null

2019-08-15 16:28:41 - [TEST_STEP][PASSED] - println("wild found on reel 4, adding counter by 1"): null

2019-08-15 16:28:41 - [TEST_STEP][PASSED] - free_spin_reel_counter[1] = free_spin_reel_counter[1] + 1: null

2019-08-15 16:28:41 - [TEST_STEP][PASSED] - if (i == 4 &amp;&amp; wildList.indexOf(symbol) != -1): null

2019-08-15 16:28:41 - [TEST_STEP][PASSED] - symbol = symbol: null

2019-08-15 16:28:41 - [TEST_STEP][PASSED] - println(symbol): null

2019-08-15 16:28:41 - [TEST_STEP][PASSED] - if (i == 2 &amp;&amp; wildList.indexOf(symbol) != -1): null

2019-08-15 16:28:41 - [TEST_STEP][PASSED] - if (i == 3 &amp;&amp; wildList.indexOf(symbol) != -1): null

2019-08-15 16:28:41 - [TEST_STEP][PASSED] - if (i == 4 &amp;&amp; wildList.indexOf(symbol) != -1): null

2019-08-15 16:28:41 - [TEST_STEP][PASSED] - symbol = symbol: null

2019-08-15 16:28:41 - [TEST_STEP][PASSED] - println(symbol): null

2019-08-15 16:28:41 - [TEST_STEP][PASSED] - if (i == 2 &amp;&amp; wildList.indexOf(symbol) != -1): null

2019-08-15 16:28:41 - [TEST_STEP][PASSED] - if (i == 3 &amp;&amp; wildList.indexOf(symbol) != -1): null

2019-08-15 16:28:41 - [TEST_STEP][PASSED] - if (i == 4 &amp;&amp; wildList.indexOf(symbol) != -1): null

2019-08-15 16:28:41 - [TEST_STEP][PASSED] - symbols = symbols: null

2019-08-15 16:28:41 - [TEST_STEP][PASSED] - for ([j = 0, j &lt; symbols.size(), (j++)]): null

2019-08-15 16:28:41 - [TEST_STEP][PASSED] - symbol = symbol: null

2019-08-15 16:28:41 - [TEST_STEP][PASSED] - println(symbol): null

2019-08-15 16:28:41 - [TEST_STEP][PASSED] - if (i == 2 &amp;&amp; wildList.indexOf(symbol) != -1): null

2019-08-15 16:28:41 - [TEST_STEP][PASSED] - if (i == 3 &amp;&amp; wildList.indexOf(symbol) != -1): null

2019-08-15 16:28:45 - [TEST_STEP][PASSED] - if (i == 4 &amp;&amp; wildList.indexOf(symbol) != -1): null

2019-08-15 16:28:45 - [TEST_STEP][PASSED] - symbol = symbol: null

2019-08-15 16:28:45 - [TEST_STEP][PASSED] - println(symbol): null

2019-08-15 16:28:45 - [TEST_STEP][PASSED] - if (i == 2 &amp;&amp; wildList.indexOf(symbol) != -1): null

2019-08-15 16:28:45 - [TEST_STEP][PASSED] - if (i == 3 &amp;&amp; wildList.indexOf(symbol) != -1): null

2019-08-15 16:28:45 - [TEST_STEP][PASSED] - if (i == 4 &amp;&amp; wildList.indexOf(symbol) != -1): null

2019-08-15 16:28:45 - [TEST_STEP][PASSED] - symbol = symbol: null

2019-08-15 16:28:45 - [TEST_STEP][PASSED] - println(symbol): null

2019-08-15 16:28:45 - [TEST_STEP][PASSED] - if (i == 2 &amp;&amp; wildList.indexOf(symbol) != -1): null

2019-08-15 16:28:45 - [TEST_STEP][PASSED] - if (i == 3 &amp;&amp; wildList.indexOf(symbol) != -1): null

2019-08-15 16:28:45 - [TEST_STEP][PASSED] - if (i == 4 &amp;&amp; wildList.indexOf(symbol) != -1): null

2019-08-15 16:28:47 - [TEST_STEP][PASSED] - free_spin_reel_counter = free_spin_reel_counter: null

2019-08-15 16:28:47 - [TEST_STEP][PASSED] - println("reel 3 wild found: " + free_spin_reel_counter[0]): null

2019-08-15 16:28:47 - [TEST_STEP][PASSED] - println("reel 4 wild found: " + free_spin_reel_counter[1]): null

2019-08-15 16:28:47 - [TEST_STEP][PASSED] - println("reel 5 wild found: " + free_spin_reel_counter[2]): null

2019-08-15 16:28:47 - [TEST_STEP][PASSED] - M4_spin_reels = M4_spin_reels: null

2019-08-15 16:28:47 - [TEST_STEP][PASSED] - M4_spin_reels_symbols = symbol: null

2019-08-15 16:28:47 - [TEST_STEP][PASSED] - M4_spin_reels_symbols = M4_spin_reels_symbols: null

2019-08-15 16:28:47 - [TEST_STEP][PASSED] - M4_spin_reel_wins = reel_wins: null

2019-08-15 16:28:47 - [TEST_STEP][PASSED] - M4_spin_reel_wins = M4_spin_reel_wins: null

2019-08-15 16:28:47 - [TEST_STEP][PASSED] - println("GlobalVariable.M4_spin_reel_wins is: " + M4_spin_reel_wins): null

2019-08-15 16:28:47 - [TEST_STEP][PASSED] - M4_spin_total_bonus_win_this_round = total_bonus_win_this_round: null

2019-08-15 16:28:47 - [TEST_STEP][PASSED] - M4_spin_total_bonus_win_this_round = M4_spin_total_bonus_win_this_round: null

2019-08-15 16:28:47 - [TEST_STEP][PASSED] - println("GlobalVariable.M4_spin_total_bonus_win_this_round is: " + M4_spin_total_bonus_win_this_round): null

2019-08-15 16:28:47 - [MESSAGE][PASSED] - Verify response successfully

2019-08-15 16:28:47 - [MESSAGE][PASSED] - Send request and verify the response successfully

2019-08-15 16:28:47 - [TEST_STEP][PASSED] - if (M4_total_bonus_spins_int != 0 &amp;&amp; M4_spin_reels_symbols[2].contains("WILD_Normal") || M4_spin_reels_symbols[3].contains("WILD_Normal") || M4_spin_reels_symbols[4].contains("WILD_Normal")): null

2019-08-15 16:28:47 - [TEST_STEP][PASSED] - free_spin_reel_counter = free_spin_reel_counter: null

2019-08-15 16:28:47 - [TEST_STEP][PASSED] - M4_spin_reels_symbols = M4_spin_reels_symbols: null

2019-08-15 16:28:47 - [TEST_STEP][PASSED] - M4_total_bonus_spins = M4_total_bonus_spins: null

2019-08-15 16:28:47 - [TEST_STEP][PASSED] - spin_result = sendRequestAndVerify(findTestObject("STG/RGS(M4)/1_M4_spin", ["M4_login_user_id":M4_login_user_id, "rgs_session_token":rgs_session_token, "partner":Partner])): Send request and verify the response successfully

2019-08-15 16:28:47 - [TEST_CASE][PASSED] - Start Test Case : Verification: Verification accomplished successfully

2019-08-15 16:28:47 - [TEST_STEP][PASSED] - request = getInstance().getCurrentRequest(): null

2019-08-15 16:28:47 - [TEST_STEP][PASSED] - response = getInstance().getCurrentResponse(): null

2019-08-15 16:28:47 - [TEST_STEP][PASSED] - verifyResponseStatusCode(response, 200): Verify response status code successfully

2019-08-15 16:28:47 - [MESSAGE][PASSED] - Verify response status code successfully

2019-08-15 16:28:47 - [TEST_STEP][PASSED] - getStatusCode()).isEqualTo(200): null

2019-08-15 16:28:47 - [TEST_STEP][PASSED] - newline = System.getProperty("line.separator"): null

2019-08-15 16:28:47 - [TEST_STEP][PASSED] - M4_spin = new groovy.json.JsonSlurper(): null

2019-08-15 16:28:47 - [TEST_STEP][PASSED] - result_M4_spin = M4_spin.parseText(response.getResponseBodyContent()): null

2019-08-15 16:28:47 - [TEST_STEP][PASSED] - M4_spin_current_balance = current_balance: null

2019-08-15 16:28:47 - [TEST_STEP][PASSED] - M4_spin_current_balance = M4_spin_current_balance: null

2019-08-15 16:28:47 - [TEST_STEP][PASSED] - M4_spin_transaction_id = causality: null

2019-08-15 16:28:47 - [TEST_STEP][PASSED] - M4_spin_transaction_id = M4_spin_transaction_id: null

2019-08-15 16:28:47 - [TEST_STEP][PASSED] - M4_spin_round_id = round_id: null

2019-08-15 16:28:47 - [TEST_STEP][PASSED] - M4_spin_round_id = M4_spin_round_id: null

2019-08-15 16:28:47 - [TEST_STEP][PASSED] - M4_spin_line_wins = line_wins: null

2019-08-15 16:28:47 - [TEST_STEP][PASSED] - M4_spin_line_wins = M4_spin_line_wins: null

2019-08-15 16:28:47 - [TEST_STEP][PASSED] - M4_total_bonus_spins_int = total_bonus_spins: null

2019-08-15 16:28:47 - [TEST_STEP][PASSED] - println("******M4_total_bonus_spins type is:*******" + newline + getClass().getName()): null

2019-08-15 16:28:47 - [TEST_STEP][PASSED] - M4_total_bonus_spins_int = M4_total_bonus_spins_int: null

2019-08-15 16:28:47 - [TEST_STEP][PASSED] - M4_total_bonus_spins = Integer.toString(M4_total_bonus_spins_int): null

2019-08-15 16:28:47 - [TEST_STEP][PASSED] - M4_total_bonus_spins = M4_total_bonus_spins: null

2019-08-15 16:28:47 - [TEST_STEP][PASSED] - println("M4_total_bonus_spins is:" + M4_total_bonus_spins): null

2019-08-15 16:28:47 - [TEST_STEP][PASSED] - M4_spin_bonus_data = bonus_data: null

2019-08-15 16:28:47 - [TEST_STEP][PASSED] - M4_spin_features_triggered = result_M4_spin: null

2019-08-15 16:28:47 - [TEST_STEP][PASSED] - wild = []: null

2019-08-15 16:28:47 - [TEST_STEP][PASSED] - wild[0] = "WILD_Expanding": null

2019-08-15 16:28:47 - [TEST_STEP][PASSED] - wild[1] = "WILD_Normal": null

2019-08-15 16:28:47 - [TEST_STEP][PASSED] - wild[2] = "WILD_Double": null

2019-08-15 16:28:47 - [TEST_STEP][PASSED] - wild[3] = "WILD_ExtraFG": null

2019-08-15 16:28:47 - [TEST_STEP][PASSED] - wild[4] = "WILD_Triple": null

2019-08-15 16:28:47 - [TEST_STEP][PASSED] - wildList = Arrays.asList(wild): null

2019-08-15 16:28:47 - [TEST_STEP][PASSED] - wildList = wildList: null

2019-08-15 16:28:47 - [TEST_STEP][PASSED] - free_spin_reel_counter = []: null

2019-08-15 16:28:47 - [TEST_STEP][PASSED] - free_spin_reel_counter[0] = 0: null

2019-08-15 16:28:47 - [TEST_STEP][PASSED] - free_spin_reel_counter[1] = 0: null

2019-08-15 16:28:47 - [TEST_STEP][PASSED] - free_spin_reel_counter[2] = 0: null

2019-08-15 16:28:47 - [TEST_STEP][PASSED] - M4_spin_reels = reels: null

2019-08-15 16:28:47 - [TEST_STEP][PASSED] - for ([i = 0, i &lt; M4_spin_reels.size(), (i++)]): null

2019-08-15 16:28:47 - [TEST_STEP][PASSED] - symbols = symbols: null

2019-08-15 16:28:47 - [TEST_STEP][PASSED] - for ([j = 0, j &lt; symbols.size(), (j++)]): null

2019-08-15 16:28:47 - [TEST_STEP][PASSED] - symbol = symbol: null

2019-08-15 16:28:47 - [TEST_STEP][PASSED] - println(symbol): null

2019-08-15 16:28:47 - [TEST_STEP][PASSED] - if (i == 2 &amp;&amp; wildList.indexOf(symbol) != -1): null

2019-08-15 16:28:47 - [TEST_STEP][PASSED] - if (i == 3 &amp;&amp; wildList.indexOf(symbol) != -1): null

2019-08-15 16:28:47 - [TEST_STEP][PASSED] - if (i == 4 &amp;&amp; wildList.indexOf(symbol) != -1): null

2019-08-15 16:28:47 - [TEST_STEP][PASSED] - symbol = symbol: null

2019-08-15 16:28:47 - [TEST_STEP][PASSED] - println(symbol): null

2019-08-15 16:28:47 - [TEST_STEP][PASSED] - if (i == 2 &amp;&amp; wildList.indexOf(symbol) != -1): null

2019-08-15 16:28:47 - [TEST_STEP][PASSED] - if (i == 3 &amp;&amp; wildList.indexOf(symbol) != -1): null

2019-08-15 16:28:47 - [TEST_STEP][PASSED] - if (i == 4 &amp;&amp; wildList.indexOf(symbol) != -1): null

2019-08-15 16:28:47 - [TEST_STEP][PASSED] - symbol = symbol: null

2019-08-15 16:28:47 - [TEST_STEP][PASSED] - println(symbol): null

2019-08-15 16:28:47 - [TEST_STEP][PASSED] - if (i == 2 &amp;&amp; wildList.indexOf(symbol) != -1): null

2019-08-15 16:28:47 - [TEST_STEP][PASSED] - if (i == 3 &amp;&amp; wildList.indexOf(symbol) != -1): null

2019-08-15 16:28:47 - [TEST_STEP][PASSED] - if (i == 4 &amp;&amp; wildList.indexOf(symbol) != -1): null

2019-08-15 16:28:47 - [TEST_STEP][PASSED] - symbols = symbols: null

2019-08-15 16:28:47 - [TEST_STEP][PASSED] - for ([j = 0, j &lt; symbols.size(), (j++)]): null

2019-08-15 16:28:47 - [TEST_STEP][PASSED] - symbol = symbol: null

2019-08-15 16:28:47 - [TEST_STEP][PASSED] - println(symbol): null

2019-08-15 16:28:47 - [TEST_STEP][PASSED] - if (i == 2 &amp;&amp; wildList.indexOf(symbol) != -1): null

2019-08-15 16:28:47 - [TEST_STEP][PASSED] - if (i == 3 &amp;&amp; wildList.indexOf(symbol) != -1): null

2019-08-15 16:28:47 - [TEST_STEP][PASSED] - if (i == 4 &amp;&amp; wildList.indexOf(symbol) != -1): null

2019-08-15 16:28:47 - [TEST_STEP][PASSED] - symbol = symbol: null

2019-08-15 16:28:47 - [TEST_STEP][PASSED] - println(symbol): null

2019-08-15 16:28:47 - [TEST_STEP][PASSED] - if (i == 2 &amp;&amp; wildList.indexOf(symbol) != -1): null

2019-08-15 16:28:47 - [TEST_STEP][PASSED] - if (i == 3 &amp;&amp; wildList.indexOf(symbol) != -1): null

2019-08-15 16:28:47 - [TEST_STEP][PASSED] - if (i == 4 &amp;&amp; wildList.indexOf(symbol) != -1): null

2019-08-15 16:28:47 - [TEST_STEP][PASSED] - symbol = symbol: null

2019-08-15 16:28:47 - [TEST_STEP][PASSED] - println(symbol): null

2019-08-15 16:28:47 - [TEST_STEP][PASSED] - if (i == 2 &amp;&amp; wildList.indexOf(symbol) != -1): null

2019-08-15 16:28:47 - [TEST_STEP][PASSED] - if (i == 3 &amp;&amp; wildList.indexOf(symbol) != -1): null

2019-08-15 16:28:47 - [TEST_STEP][PASSED] - if (i == 4 &amp;&amp; wildList.indexOf(symbol) != -1): null

2019-08-15 16:28:47 - [TEST_STEP][PASSED] - symbols = symbols: null

2019-08-15 16:28:47 - [TEST_STEP][PASSED] - for ([j = 0, j &lt; symbols.size(), (j++)]): null

2019-08-15 16:28:47 - [TEST_STEP][PASSED] - symbol = symbol: null

2019-08-15 16:28:47 - [TEST_STEP][PASSED] - println(symbol): null

2019-08-15 16:28:47 - [TEST_STEP][PASSED] - if (i == 2 &amp;&amp; wildList.indexOf(symbol) != -1): null

2019-08-15 16:28:47 - [TEST_STEP][PASSED] - if (i == 3 &amp;&amp; wildList.indexOf(symbol) != -1): null

2019-08-15 16:28:47 - [TEST_STEP][PASSED] - if (i == 4 &amp;&amp; wildList.indexOf(symbol) != -1): null

2019-08-15 16:28:47 - [TEST_STEP][PASSED] - symbol = symbol: null

2019-08-15 16:28:47 - [TEST_STEP][PASSED] - println(symbol): null

2019-08-15 16:28:47 - [TEST_STEP][PASSED] - if (i == 2 &amp;&amp; wildList.indexOf(symbol) != -1): null

2019-08-15 16:28:47 - [TEST_STEP][PASSED] - if (i == 3 &amp;&amp; wildList.indexOf(symbol) != -1): null

2019-08-15 16:28:47 - [TEST_STEP][PASSED] - if (i == 4 &amp;&amp; wildList.indexOf(symbol) != -1): null

2019-08-15 16:28:47 - [TEST_STEP][PASSED] - symbol = symbol: null

2019-08-15 16:28:47 - [TEST_STEP][PASSED] - println(symbol): null

2019-08-15 16:28:47 - [TEST_STEP][PASSED] - if (i == 2 &amp;&amp; wildList.indexOf(symbol) != -1): null

2019-08-15 16:28:47 - [TEST_STEP][PASSED] - if (i == 3 &amp;&amp; wildList.indexOf(symbol) != -1): null

2019-08-15 16:28:47 - [TEST_STEP][PASSED] - if (i == 4 &amp;&amp; wildList.indexOf(symbol) != -1): null

2019-08-15 16:28:47 - [TEST_STEP][PASSED] - symbols = symbols: null

2019-08-15 16:28:47 - [TEST_STEP][PASSED] - for ([j = 0, j &lt; symbols.size(), (j++)]): null

2019-08-15 16:28:47 - [TEST_STEP][PASSED] - symbol = symbol: null

2019-08-15 16:28:47 - [TEST_STEP][PASSED] - println(symbol): null

2019-08-15 16:28:47 - [TEST_STEP][PASSED] - if (i == 2 &amp;&amp; wildList.indexOf(symbol) != -1): null

2019-08-15 16:28:47 - [TEST_STEP][PASSED] - if (i == 3 &amp;&amp; wildList.indexOf(symbol) != -1): null

2019-08-15 16:28:47 - [TEST_STEP][PASSED] - if (i == 4 &amp;&amp; wildList.indexOf(symbol) != -1): null

2019-08-15 16:28:47 - [TEST_STEP][PASSED] - symbol = symbol: null

2019-08-15 16:28:47 - [TEST_STEP][PASSED] - println(symbol): null

2019-08-15 16:28:47 - [TEST_STEP][PASSED] - if (i == 2 &amp;&amp; wildList.indexOf(symbol) != -1): null

2019-08-15 16:28:47 - [TEST_STEP][PASSED] - if (i == 3 &amp;&amp; wildList.indexOf(symbol) != -1): null

2019-08-15 16:28:47 - [TEST_STEP][PASSED] - if (i == 4 &amp;&amp; wildList.indexOf(symbol) != -1): null

2019-08-15 16:28:47 - [TEST_STEP][PASSED] - symbol = symbol: null

2019-08-15 16:28:47 - [TEST_STEP][PASSED] - println(symbol): null

2019-08-15 16:28:47 - [TEST_STEP][PASSED] - if (i == 2 &amp;&amp; wildList.indexOf(symbol) != -1): null

2019-08-15 16:28:47 - [TEST_STEP][PASSED] - if (i == 3 &amp;&amp; wildList.indexOf(symbol) != -1): null

2019-08-15 16:28:47 - [TEST_STEP][PASSED] - if (i == 4 &amp;&amp; wildList.indexOf(symbol) != -1): null

2019-08-15 16:28:47 - [TEST_STEP][PASSED] - symbols = symbols: null

2019-08-15 16:28:47 - [TEST_STEP][PASSED] - for ([j = 0, j &lt; symbols.size(), (j++)]): null

2019-08-15 16:28:47 - [TEST_STEP][PASSED] - symbol = symbol: null

2019-08-15 16:28:47 - [TEST_STEP][PASSED] - println(symbol): null

2019-08-15 16:28:47 - [TEST_STEP][PASSED] - if (i == 2 &amp;&amp; wildList.indexOf(symbol) != -1): null

2019-08-15 16:28:47 - [TEST_STEP][PASSED] - if (i == 3 &amp;&amp; wildList.indexOf(symbol) != -1): null

2019-08-15 16:28:47 - [TEST_STEP][PASSED] - if (i == 4 &amp;&amp; wildList.indexOf(symbol) != -1): null

2019-08-15 16:28:47 - [TEST_STEP][PASSED] - symbol = symbol: null

2019-08-15 16:28:47 - [TEST_STEP][PASSED] - println(symbol): null

2019-08-15 16:28:47 - [TEST_STEP][PASSED] - if (i == 2 &amp;&amp; wildList.indexOf(symbol) != -1): null

2019-08-15 16:28:47 - [TEST_STEP][PASSED] - if (i == 3 &amp;&amp; wildList.indexOf(symbol) != -1): null

2019-08-15 16:28:47 - [TEST_STEP][PASSED] - if (i == 4 &amp;&amp; wildList.indexOf(symbol) != -1): null

2019-08-15 16:28:47 - [TEST_STEP][PASSED] - symbol = symbol: null

2019-08-15 16:28:47 - [TEST_STEP][PASSED] - println(symbol): null

2019-08-15 16:28:47 - [TEST_STEP][PASSED] - if (i == 2 &amp;&amp; wildList.indexOf(symbol) != -1): null

2019-08-15 16:28:47 - [TEST_STEP][PASSED] - if (i == 3 &amp;&amp; wildList.indexOf(symbol) != -1): null

2019-08-15 16:28:47 - [TEST_STEP][PASSED] - if (i == 4 &amp;&amp; wildList.indexOf(symbol) != -1): null

2019-08-15 16:28:47 - [TEST_STEP][PASSED] - free_spin_reel_counter = free_spin_reel_counter: null

2019-08-15 16:28:47 - [TEST_STEP][PASSED] - println("reel 3 wild found: " + free_spin_reel_counter[0]): null

2019-08-15 16:28:47 - [TEST_STEP][PASSED] - println("reel 4 wild found: " + free_spin_reel_counter[1]): null

2019-08-15 16:28:47 - [TEST_STEP][PASSED] - println("reel 5 wild found: " + free_spin_reel_counter[2]): null

2019-08-15 16:28:47 - [TEST_STEP][PASSED] - M4_spin_reels = M4_spin_reels: null

2019-08-15 16:28:47 - [TEST_STEP][PASSED] - M4_spin_reels_symbols = symbol: null

2019-08-15 16:28:47 - [TEST_STEP][PASSED] - M4_spin_reels_symbols = M4_spin_reels_symbols: null

2019-08-15 16:28:47 - [TEST_STEP][PASSED] - M4_spin_reel_wins = reel_wins: null

2019-08-15 16:28:47 - [TEST_STEP][PASSED] - M4_spin_reel_wins = M4_spin_reel_wins: null

2019-08-15 16:28:47 - [TEST_STEP][PASSED] - println("GlobalVariable.M4_spin_reel_wins is: " + M4_spin_reel_wins): null

2019-08-15 16:28:47 - [TEST_STEP][PASSED] - M4_spin_total_bonus_win_this_round = total_bonus_win_this_round: null

2019-08-15 16:28:47 - [TEST_STEP][PASSED] - M4_spin_total_bonus_win_this_round = M4_spin_total_bonus_win_this_round: null

2019-08-15 16:28:47 - [TEST_STEP][PASSED] - println("GlobalVariable.M4_spin_total_bonus_win_this_round is: " + M4_spin_total_bonus_win_this_round): null

2019-08-15 16:28:47 - [MESSAGE][PASSED] - Verify response successfully

2019-08-15 16:28:47 - [MESSAGE][PASSED] - Send request and verify the response successfully

2019-08-15 16:28:47 - [TEST_STEP][PASSED] - if (M4_total_bonus_spins_int != 0 &amp;&amp; M4_spin_reels_symbols[2].contains("WILD_Normal") || M4_spin_reels_symbols[3].contains("WILD_Normal") || M4_spin_reels_symbols[4].contains("WILD_Normal")): null

2019-08-15 16:28:47 - [TEST_STEP][PASSED] - free_spin_reel_counter = free_spin_reel_counter: null

2019-08-15 16:28:47 - [TEST_STEP][PASSED] - M4_spin_reels_symbols = M4_spin_reels_symbols: null

2019-08-15 16:28:47 - [TEST_STEP][PASSED] - M4_total_bonus_spins = M4_total_bonus_spins: null

2019-08-15 16:28:47 - [TEST_STEP][PASSED] - spin_result = sendRequestAndVerify(findTestObject("STG/RGS(M4)/1_M4_spin", ["M4_login_user_id":M4_login_user_id, "rgs_session_token":rgs_session_token, "partner":Partner])): Send request and verify the response successfully

2019-08-15 16:28:47 - [TEST_CASE][PASSED] - Start Test Case : Verification: Verification accomplished successfully

2019-08-15 16:28:48 - [TEST_STEP][PASSED] - request = getInstance().getCurrentRequest(): null

2019-08-15 16:28:48 - [TEST_STEP][PASSED] - response = getInstance().getCurrentResponse(): null

2019-08-15 16:28:48 - [TEST_STEP][PASSED] - verifyResponseStatusCode(response, 200): Verify response status code successfully

2019-08-15 16:28:48 - [MESSAGE][PASSED] - Verify response status code successfully

2019-08-15 16:28:48 - [TEST_STEP][PASSED] - getStatusCode()).isEqualTo(200): null

2019-08-15 16:28:48 - [TEST_STEP][PASSED] - newline = System.getProperty("line.separator"): null

2019-08-15 16:28:48 - [TEST_STEP][PASSED] - M4_spin = new groovy.json.JsonSlurper(): null

2019-08-15 16:28:48 - [TEST_STEP][PASSED] - result_M4_spin = M4_spin.parseText(response.getResponseBodyContent()): null

2019-08-15 16:28:48 - [TEST_STEP][PASSED] - M4_spin_current_balance = current_balance: null

2019-08-15 16:28:48 - [TEST_STEP][PASSED] - M4_spin_current_balance = M4_spin_current_balance: null

2019-08-15 16:28:48 - [TEST_STEP][PASSED] - M4_spin_transaction_id = causality: null

2019-08-15 16:28:48 - [TEST_STEP][PASSED] - M4_spin_transaction_id = M4_spin_transaction_id: null

2019-08-15 16:28:48 - [TEST_STEP][PASSED] - M4_spin_round_id = round_id: null

2019-08-15 16:28:48 - [TEST_STEP][PASSED] - M4_spin_round_id = M4_spin_round_id: null

2019-08-15 16:28:48 - [TEST_STEP][PASSED] - M4_spin_line_wins = line_wins: null

2019-08-15 16:28:48 - [TEST_STEP][PASSED] - M4_spin_line_wins = M4_spin_line_wins: null

2019-08-15 16:28:48 - [TEST_STEP][PASSED] - M4_total_bonus_spins_int = total_bonus_spins: null

2019-08-15 16:28:48 - [TEST_STEP][PASSED] - println("******M4_total_bonus_spins type is:*******" + newline + getClass().getName()): null

2019-08-15 16:28:48 - [TEST_STEP][PASSED] - M4_total_bonus_spins_int = M4_total_bonus_spins_int: null

2019-08-15 16:28:48 - [TEST_STEP][PASSED] - M4_total_bonus_spins = Integer.toString(M4_total_bonus_spins_int): null

2019-08-15 16:28:48 - [TEST_STEP][PASSED] - M4_total_bonus_spins = M4_total_bonus_spins: null

2019-08-15 16:28:48 - [TEST_STEP][PASSED] - println("M4_total_bonus_spins is:" + M4_total_bonus_spins): null

2019-08-15 16:28:48 - [TEST_STEP][PASSED] - M4_spin_bonus_data = bonus_data: null

2019-08-15 16:28:48 - [TEST_STEP][PASSED] - M4_spin_features_triggered = result_M4_spin: null

2019-08-15 16:28:48 - [TEST_STEP][PASSED] - wild = []: null

2019-08-15 16:28:48 - [TEST_STEP][PASSED] - wild[0] = "WILD_Expanding": null

2019-08-15 16:28:48 - [TEST_STEP][PASSED] - wild[1] = "WILD_Normal": null

2019-08-15 16:28:48 - [TEST_STEP][PASSED] - wild[2] = "WILD_Double": null

2019-08-15 16:28:48 - [TEST_STEP][PASSED] - wild[3] = "WILD_ExtraFG": null

2019-08-15 16:28:48 - [TEST_STEP][PASSED] - wild[4] = "WILD_Triple": null

2019-08-15 16:28:48 - [TEST_STEP][PASSED] - wildList = Arrays.asList(wild): null

2019-08-15 16:28:48 - [TEST_STEP][PASSED] - wildList = wildList: null

2019-08-15 16:28:48 - [TEST_STEP][PASSED] - free_spin_reel_counter = []: null

2019-08-15 16:28:48 - [TEST_STEP][PASSED] - free_spin_reel_counter[0] = 0: null

2019-08-15 16:28:48 - [TEST_STEP][PASSED] - free_spin_reel_counter[1] = 0: null

2019-08-15 16:28:48 - [TEST_STEP][PASSED] - free_spin_reel_counter[2] = 0: null

2019-08-15 16:28:48 - [TEST_STEP][PASSED] - M4_spin_reels = reels: null

2019-08-15 16:28:48 - [TEST_STEP][PASSED] - for ([i = 0, i &lt; M4_spin_reels.size(), (i++)]): null

2019-08-15 16:28:48 - [TEST_STEP][PASSED] - symbols = symbols: null

2019-08-15 16:28:48 - [TEST_STEP][PASSED] - for ([j = 0, j &lt; symbols.size(), (j++)]): null

2019-08-15 16:28:48 - [TEST_STEP][PASSED] - symbol = symbol: null

2019-08-15 16:28:48 - [TEST_STEP][PASSED] - println(symbol): null

2019-08-15 16:28:48 - [TEST_STEP][PASSED] - if (i == 2 &amp;&amp; wildList.indexOf(symbol) != -1): null

2019-08-15 16:28:48 - [TEST_STEP][PASSED] - if (i == 3 &amp;&amp; wildList.indexOf(symbol) != -1): null

2019-08-15 16:28:48 - [TEST_STEP][PASSED] - if (i == 4 &amp;&amp; wildList.indexOf(symbol) != -1): null

2019-08-15 16:28:48 - [TEST_STEP][PASSED] - symbol = symbol: null

2019-08-15 16:28:48 - [TEST_STEP][PASSED] - println(symbol): null

2019-08-15 16:28:48 - [TEST_STEP][PASSED] - if (i == 2 &amp;&amp; wildList.indexOf(symbol) != -1): null

2019-08-15 16:28:48 - [TEST_STEP][PASSED] - if (i == 3 &amp;&amp; wildList.indexOf(symbol) != -1): null

2019-08-15 16:28:48 - [TEST_STEP][PASSED] - if (i == 4 &amp;&amp; wildList.indexOf(symbol) != -1): null

2019-08-15 16:28:48 - [TEST_STEP][PASSED] - symbol = symbol: null

2019-08-15 16:28:48 - [TEST_STEP][PASSED] - println(symbol): null

2019-08-15 16:28:48 - [TEST_STEP][PASSED] - if (i == 2 &amp;&amp; wildList.indexOf(symbol) != -1): null

2019-08-15 16:28:48 - [TEST_STEP][PASSED] - if (i == 3 &amp;&amp; wildList.indexOf(symbol) != -1): null

2019-08-15 16:28:48 - [TEST_STEP][PASSED] - if (i == 4 &amp;&amp; wildList.indexOf(symbol) != -1): null

2019-08-15 16:28:48 - [TEST_STEP][PASSED] - symbols = symbols: null

2019-08-15 16:28:48 - [TEST_STEP][PASSED] - for ([j = 0, j &lt; symbols.size(), (j++)]): null

2019-08-15 16:28:48 - [TEST_STEP][PASSED] - symbol = symbol: null

2019-08-15 16:28:48 - [TEST_STEP][PASSED] - println(symbol): null

2019-08-15 16:28:48 - [TEST_STEP][PASSED] - if (i == 2 &amp;&amp; wildList.indexOf(symbol) != -1): null

2019-08-15 16:28:48 - [TEST_STEP][PASSED] - if (i == 3 &amp;&amp; wildList.indexOf(symbol) != -1): null

2019-08-15 16:28:48 - [TEST_STEP][PASSED] - if (i == 4 &amp;&amp; wildList.indexOf(symbol) != -1): null

2019-08-15 16:28:48 - [TEST_STEP][PASSED] - symbol = symbol: null

2019-08-15 16:28:48 - [TEST_STEP][PASSED] - println(symbol): null

2019-08-15 16:28:48 - [TEST_STEP][PASSED] - if (i == 2 &amp;&amp; wildList.indexOf(symbol) != -1): null

2019-08-15 16:28:48 - [TEST_STEP][PASSED] - if (i == 3 &amp;&amp; wildList.indexOf(symbol) != -1): null

2019-08-15 16:28:48 - [TEST_STEP][PASSED] - if (i == 4 &amp;&amp; wildList.indexOf(symbol) != -1): null

2019-08-15 16:28:48 - [TEST_STEP][PASSED] - symbol = symbol: null

2019-08-15 16:28:48 - [TEST_STEP][PASSED] - println(symbol): null

2019-08-15 16:28:48 - [TEST_STEP][PASSED] - if (i == 2 &amp;&amp; wildList.indexOf(symbol) != -1): null

2019-08-15 16:28:48 - [TEST_STEP][PASSED] - if (i == 3 &amp;&amp; wildList.indexOf(symbol) != -1): null

2019-08-15 16:28:48 - [TEST_STEP][PASSED] - if (i == 4 &amp;&amp; wildList.indexOf(symbol) != -1): null

2019-08-15 16:28:48 - [TEST_STEP][PASSED] - symbols = symbols: null

2019-08-15 16:28:48 - [TEST_STEP][PASSED] - for ([j = 0, j &lt; symbols.size(), (j++)]): null

2019-08-15 16:28:48 - [TEST_STEP][PASSED] - symbol = symbol: null

2019-08-15 16:28:48 - [TEST_STEP][PASSED] - println(symbol): null

2019-08-15 16:28:48 - [TEST_STEP][PASSED] - if (i == 2 &amp;&amp; wildList.indexOf(symbol) != -1): null

2019-08-15 16:28:48 - [TEST_STEP][PASSED] - println("wild found on reel 3, adding counter by 1"): null

2019-08-15 16:28:48 - [TEST_STEP][PASSED] - free_spin_reel_counter[0] = free_spin_reel_counter[0] + 1: null

2019-08-15 16:28:48 - [TEST_STEP][PASSED] - if (i == 3 &amp;&amp; wildList.indexOf(symbol) != -1): null

2019-08-15 16:28:48 - [TEST_STEP][PASSED] - if (i == 4 &amp;&amp; wildList.indexOf(symbol) != -1): null

2019-08-15 16:28:48 - [TEST_STEP][PASSED] - symbol = symbol: null

2019-08-15 16:28:48 - [TEST_STEP][PASSED] - println(symbol): null

2019-08-15 16:28:48 - [TEST_STEP][PASSED] - if (i == 2 &amp;&amp; wildList.indexOf(symbol) != -1): null

2019-08-15 16:28:48 - [TEST_STEP][PASSED] - if (i == 3 &amp;&amp; wildList.indexOf(symbol) != -1): null

2019-08-15 16:28:48 - [TEST_STEP][PASSED] - if (i == 4 &amp;&amp; wildList.indexOf(symbol) != -1): null

2019-08-15 16:28:48 - [TEST_STEP][PASSED] - symbol = symbol: null

2019-08-15 16:28:48 - [TEST_STEP][PASSED] - println(symbol): null

2019-08-15 16:28:48 - [TEST_STEP][PASSED] - if (i == 2 &amp;&amp; wildList.indexOf(symbol) != -1): null

2019-08-15 16:28:48 - [TEST_STEP][PASSED] - if (i == 3 &amp;&amp; wildList.indexOf(symbol) != -1): null

2019-08-15 16:28:48 - [TEST_STEP][PASSED] - if (i == 4 &amp;&amp; wildList.indexOf(symbol) != -1): null

2019-08-15 16:28:48 - [TEST_STEP][PASSED] - symbols = symbols: null

2019-08-15 16:28:48 - [TEST_STEP][PASSED] - for ([j = 0, j &lt; symbols.size(), (j++)]): null

2019-08-15 16:28:48 - [TEST_STEP][PASSED] - symbol = symbol: null

2019-08-15 16:28:48 - [TEST_STEP][PASSED] - println(symbol): null

2019-08-15 16:28:48 - [TEST_STEP][PASSED] - if (i == 2 &amp;&amp; wildList.indexOf(symbol) != -1): null

2019-08-15 16:28:48 - [TEST_STEP][PASSED] - if (i == 3 &amp;&amp; wildList.indexOf(symbol) != -1): null

2019-08-15 16:28:48 - [TEST_STEP][PASSED] - if (i == 4 &amp;&amp; wildList.indexOf(symbol) != -1): null

2019-08-15 16:28:48 - [TEST_STEP][PASSED] - symbol = symbol: null

2019-08-15 16:28:48 - [TEST_STEP][PASSED] - println(symbol): null

2019-08-15 16:28:48 - [TEST_STEP][PASSED] - if (i == 2 &amp;&amp; wildList.indexOf(symbol) != -1): null

2019-08-15 16:28:48 - [TEST_STEP][PASSED] - if (i == 3 &amp;&amp; wildList.indexOf(symbol) != -1): null

2019-08-15 16:28:48 - [TEST_STEP][PASSED] - if (i == 4 &amp;&amp; wildList.indexOf(symbol) != -1): null

2019-08-15 16:28:48 - [TEST_STEP][PASSED] - symbol = symbol: null

2019-08-15 16:28:48 - [TEST_STEP][PASSED] - println(symbol): null

2019-08-15 16:28:48 - [TEST_STEP][PASSED] - if (i == 2 &amp;&amp; wildList.indexOf(symbol) != -1): null

2019-08-15 16:28:48 - [TEST_STEP][PASSED] - if (i == 3 &amp;&amp; wildList.indexOf(symbol) != -1): null

2019-08-15 16:28:48 - [TEST_STEP][PASSED] - if (i == 4 &amp;&amp; wildList.indexOf(symbol) != -1): null

2019-08-15 16:28:48 - [TEST_STEP][PASSED] - symbols = symbols: null

2019-08-15 16:28:48 - [TEST_STEP][PASSED] - for ([j = 0, j &lt; symbols.size(), (j++)]): null

2019-08-15 16:28:48 - [TEST_STEP][PASSED] - symbol = symbol: null

2019-08-15 16:28:48 - [TEST_STEP][PASSED] - println(symbol): null

2019-08-15 16:28:48 - [TEST_STEP][PASSED] - if (i == 2 &amp;&amp; wildList.indexOf(symbol) != -1): null

2019-08-15 16:28:48 - [TEST_STEP][PASSED] - if (i == 3 &amp;&amp; wildList.indexOf(symbol) != -1): null

2019-08-15 16:28:48 - [TEST_STEP][PASSED] - if (i == 4 &amp;&amp; wildList.indexOf(symbol) != -1): null

2019-08-15 16:28:48 - [TEST_STEP][PASSED] - symbol = symbol: null

2019-08-15 16:28:48 - [TEST_STEP][PASSED] - println(symbol): null

2019-08-15 16:28:48 - [TEST_STEP][PASSED] - if (i == 2 &amp;&amp; wildList.indexOf(symbol) != -1): null

2019-08-15 16:28:48 - [TEST_STEP][PASSED] - if (i == 3 &amp;&amp; wildList.indexOf(symbol) != -1): null

2019-08-15 16:28:48 - [TEST_STEP][PASSED] - if (i == 4 &amp;&amp; wildList.indexOf(symbol) != -1): null

2019-08-15 16:28:48 - [TEST_STEP][PASSED] - symbol = symbol: null

2019-08-15 16:28:48 - [TEST_STEP][PASSED] - println(symbol): null

2019-08-15 16:28:48 - [TEST_STEP][PASSED] - if (i == 2 &amp;&amp; wildList.indexOf(symbol) != -1): null

2019-08-15 16:28:48 - [TEST_STEP][PASSED] - if (i == 3 &amp;&amp; wildList.indexOf(symbol) != -1): null

2019-08-15 16:28:48 - [TEST_STEP][PASSED] - if (i == 4 &amp;&amp; wildList.indexOf(symbol) != -1): null

2019-08-15 16:28:48 - [TEST_STEP][PASSED] - free_spin_reel_counter = free_spin_reel_counter: null

2019-08-15 16:28:48 - [TEST_STEP][PASSED] - println("reel 3 wild found: " + free_spin_reel_counter[0]): null

2019-08-15 16:28:48 - [TEST_STEP][PASSED] - println("reel 4 wild found: " + free_spin_reel_counter[1]): null

2019-08-15 16:28:48 - [TEST_STEP][PASSED] - println("reel 5 wild found: " + free_spin_reel_counter[2]): null

2019-08-15 16:28:48 - [TEST_STEP][PASSED] - M4_spin_reels = M4_spin_reels: null

2019-08-15 16:28:48 - [TEST_STEP][PASSED] - M4_spin_reels_symbols = symbol: null

2019-08-15 16:28:48 - [TEST_STEP][PASSED] - M4_spin_reels_symbols = M4_spin_reels_symbols: null

2019-08-15 16:28:48 - [TEST_STEP][PASSED] - M4_spin_reel_wins = reel_wins: null

2019-08-15 16:28:48 - [TEST_STEP][PASSED] - M4_spin_reel_wins = M4_spin_reel_wins: null

2019-08-15 16:28:48 - [TEST_STEP][PASSED] - println("GlobalVariable.M4_spin_reel_wins is: " + M4_spin_reel_wins): null

2019-08-15 16:28:48 - [TEST_STEP][PASSED] - M4_spin_total_bonus_win_this_round = total_bonus_win_this_round: null

2019-08-15 16:28:48 - [TEST_STEP][PASSED] - M4_spin_total_bonus_win_this_round = M4_spin_total_bonus_win_this_round: null

2019-08-15 16:28:48 - [TEST_STEP][PASSED] - println("GlobalVariable.M4_spin_total_bonus_win_this_round is: " + M4_spin_total_bonus_win_this_round): null

2019-08-15 16:28:48 - [MESSAGE][PASSED] - Verify response successfully

2019-08-15 16:28:48 - [MESSAGE][PASSED] - Send request and verify the response successfully

2019-08-15 16:28:48 - [TEST_STEP][PASSED] - if (M4_total_bonus_spins_int != 0 &amp;&amp; M4_spin_reels_symbols[2].contains("WILD_Normal") || M4_spin_reels_symbols[3].contains("WILD_Normal") || M4_spin_reels_symbols[4].contains("WILD_Normal")): null

2019-08-15 16:28:48 - [TEST_STEP][PASSED] - free_spin_reel_counter = free_spin_reel_counter: null

2019-08-15 16:28:48 - [TEST_STEP][PASSED] - M4_spin_reels_symbols = M4_spin_reels_symbols: null

2019-08-15 16:28:48 - [TEST_STEP][PASSED] - M4_total_bonus_spins = M4_total_bonus_spins: null

2019-08-15 16:28:48 - [TEST_STEP][PASSED] - spin_result = sendRequestAndVerify(findTestObject("STG/RGS(M4)/1_M4_spin", ["M4_login_user_id":M4_login_user_id, "rgs_session_token":rgs_session_token, "partner":Partner])): Send request and verify the response successfully

2019-08-15 16:28:48 - [TEST_CASE][PASSED] - Start Test Case : Verification: Verification accomplished successfully

2019-08-15 16:28:48 - [TEST_STEP][PASSED] - request = getInstance().getCurrentRequest(): null

2019-08-15 16:28:48 - [TEST_STEP][PASSED] - response = getInstance().getCurrentResponse(): null

2019-08-15 16:28:48 - [TEST_STEP][PASSED] - verifyResponseStatusCode(response, 200): Verify response status code successfully

2019-08-15 16:28:48 - [MESSAGE][PASSED] - Verify response status code successfully

2019-08-15 16:28:48 - [TEST_STEP][PASSED] - getStatusCode()).isEqualTo(200): null

2019-08-15 16:28:48 - [TEST_STEP][PASSED] - newline = System.getProperty("line.separator"): null

2019-08-15 16:28:48 - [TEST_STEP][PASSED] - M4_spin = new groovy.json.JsonSlurper(): null

2019-08-15 16:28:48 - [TEST_STEP][PASSED] - result_M4_spin = M4_spin.parseText(response.getResponseBodyContent()): null

2019-08-15 16:28:48 - [TEST_STEP][PASSED] - M4_spin_current_balance = current_balance: null

2019-08-15 16:28:48 - [TEST_STEP][PASSED] - M4_spin_current_balance = M4_spin_current_balance: null

2019-08-15 16:28:52 - [TEST_STEP][PASSED] - M4_spin_transaction_id = causality: null

2019-08-15 16:28:52 - [TEST_STEP][PASSED] - M4_spin_transaction_id = M4_spin_transaction_id: null

2019-08-15 16:28:52 - [TEST_STEP][PASSED] - M4_spin_round_id = round_id: null

2019-08-15 16:28:52 - [TEST_STEP][PASSED] - M4_spin_round_id = M4_spin_round_id: null

2019-08-15 16:28:52 - [TEST_STEP][PASSED] - M4_spin_line_wins = line_wins: null

2019-08-15 16:28:52 - [TEST_STEP][PASSED] - M4_spin_line_wins = M4_spin_line_wins: null

2019-08-15 16:28:52 - [TEST_STEP][PASSED] - M4_total_bonus_spins_int = total_bonus_spins: null

2019-08-15 16:28:52 - [TEST_STEP][PASSED] - println("******M4_total_bonus_spins type is:*******" + newline + getClass().getName()): null

2019-08-15 16:28:52 - [TEST_STEP][PASSED] - M4_total_bonus_spins_int = M4_total_bonus_spins_int: null

2019-08-15 16:28:52 - [TEST_STEP][PASSED] - M4_total_bonus_spins = Integer.toString(M4_total_bonus_spins_int): null

2019-08-15 16:28:55 - [TEST_STEP][PASSED] - M4_total_bonus_spins = M4_total_bonus_spins: null

2019-08-15 16:28:55 - [TEST_STEP][PASSED] - println("M4_total_bonus_spins is:" + M4_total_bonus_spins): null

2019-08-15 16:28:55 - [TEST_STEP][PASSED] - M4_spin_bonus_data = bonus_data: null

2019-08-15 16:28:55 - [TEST_STEP][PASSED] - M4_spin_features_triggered = result_M4_spin: null

2019-08-15 16:28:55 - [TEST_STEP][PASSED] - wild = []: null

2019-08-15 16:28:55 - [TEST_STEP][PASSED] - wild[0] = "WILD_Expanding": null

2019-08-15 16:28:55 - [TEST_STEP][PASSED] - wild[1] = "WILD_Normal": null

2019-08-15 16:28:55 - [TEST_STEP][PASSED] - wild[2] = "WILD_Double": null

2019-08-15 16:28:55 - [TEST_STEP][PASSED] - wild[3] = "WILD_ExtraFG": null

2019-08-15 16:28:55 - [TEST_STEP][PASSED] - wild[4] = "WILD_Triple": null

2019-08-15 16:28:55 - [TEST_STEP][PASSED] - wildList = Arrays.asList(wild): null

2019-08-15 16:28:55 - [TEST_STEP][PASSED] - wildList = wildList: null

2019-08-15 16:28:55 - [TEST_STEP][PASSED] - free_spin_reel_counter = []: null

2019-08-15 16:28:55 - [TEST_STEP][PASSED] - free_spin_reel_counter[0] = 0: null

2019-08-15 16:28:55 - [TEST_STEP][PASSED] - free_spin_reel_counter[1] = 0: null

2019-08-15 16:28:55 - [TEST_STEP][PASSED] - free_spin_reel_counter[2] = 0: null

2019-08-15 16:28:55 - [TEST_STEP][PASSED] - M4_spin_reels = reels: null

2019-08-15 16:28:55 - [TEST_STEP][PASSED] - for ([i = 0, i &lt; M4_spin_reels.size(), (i++)]): null

2019-08-15 16:28:55 - [TEST_STEP][PASSED] - symbols = symbols: null

2019-08-15 16:28:55 - [TEST_STEP][PASSED] - for ([j = 0, j &lt; symbols.size(), (j++)]): null

2019-08-15 16:28:55 - [TEST_STEP][PASSED] - symbol = symbol: null

2019-08-15 16:28:55 - [TEST_STEP][PASSED] - println(symbol): null

2019-08-15 16:28:55 - [TEST_STEP][PASSED] - if (i == 2 &amp;&amp; wildList.indexOf(symbol) != -1): null

2019-08-15 16:28:55 - [TEST_STEP][PASSED] - if (i == 3 &amp;&amp; wildList.indexOf(symbol) != -1): null

2019-08-15 16:28:55 - [TEST_STEP][PASSED] - if (i == 4 &amp;&amp; wildList.indexOf(symbol) != -1): null

2019-08-15 16:28:55 - [TEST_STEP][PASSED] - symbol = symbol: null

2019-08-15 16:28:55 - [TEST_STEP][PASSED] - println(symbol): null

2019-08-15 16:28:55 - [TEST_STEP][PASSED] - if (i == 2 &amp;&amp; wildList.indexOf(symbol) != -1): null

2019-08-15 16:28:55 - [TEST_STEP][PASSED] - if (i == 3 &amp;&amp; wildList.indexOf(symbol) != -1): null

2019-08-15 16:28:55 - [TEST_STEP][PASSED] - if (i == 4 &amp;&amp; wildList.indexOf(symbol) != -1): null

2019-08-15 16:28:55 - [TEST_STEP][PASSED] - symbol = symbol: null

2019-08-15 16:28:55 - [TEST_STEP][PASSED] - println(symbol): null

2019-08-15 16:28:55 - [TEST_STEP][PASSED] - if (i == 2 &amp;&amp; wildList.indexOf(symbol) != -1): null

2019-08-15 16:28:55 - [TEST_STEP][PASSED] - if (i == 3 &amp;&amp; wildList.indexOf(symbol) != -1): null

2019-08-15 16:28:55 - [TEST_STEP][PASSED] - if (i == 4 &amp;&amp; wildList.indexOf(symbol) != -1): null

2019-08-15 16:28:55 - [TEST_STEP][PASSED] - symbols = symbols: null

2019-08-15 16:28:55 - [TEST_STEP][PASSED] - for ([j = 0, j &lt; symbols.size(), (j++)]): null

2019-08-15 16:28:55 - [TEST_STEP][PASSED] - symbol = symbol: null

2019-08-15 16:28:55 - [TEST_STEP][PASSED] - println(symbol): null

2019-08-15 16:28:55 - [TEST_STEP][PASSED] - if (i == 2 &amp;&amp; wildList.indexOf(symbol) != -1): null

2019-08-15 16:28:55 - [TEST_STEP][PASSED] - if (i == 3 &amp;&amp; wildList.indexOf(symbol) != -1): null

2019-08-15 16:28:55 - [TEST_STEP][PASSED] - if (i == 4 &amp;&amp; wildList.indexOf(symbol) != -1): null

2019-08-15 16:28:55 - [TEST_STEP][PASSED] - symbol = symbol: null

2019-08-15 16:28:55 - [TEST_STEP][PASSED] - println(symbol): null

2019-08-15 16:28:55 - [TEST_STEP][PASSED] - if (i == 2 &amp;&amp; wildList.indexOf(symbol) != -1): null

2019-08-15 16:28:55 - [TEST_STEP][PASSED] - if (i == 3 &amp;&amp; wildList.indexOf(symbol) != -1): null

2019-08-15 16:28:55 - [TEST_STEP][PASSED] - if (i == 4 &amp;&amp; wildList.indexOf(symbol) != -1): null

2019-08-15 16:28:55 - [TEST_STEP][PASSED] - symbol = symbol: null

2019-08-15 16:28:55 - [TEST_STEP][PASSED] - println(symbol): null

2019-08-15 16:28:55 - [TEST_STEP][PASSED] - if (i == 2 &amp;&amp; wildList.indexOf(symbol) != -1): null

2019-08-15 16:28:55 - [TEST_STEP][PASSED] - if (i == 3 &amp;&amp; wildList.indexOf(symbol) != -1): null

2019-08-15 16:28:55 - [TEST_STEP][PASSED] - if (i == 4 &amp;&amp; wildList.indexOf(symbol) != -1): null

2019-08-15 16:28:55 - [TEST_STEP][PASSED] - symbols = symbols: null

2019-08-15 16:28:55 - [TEST_STEP][PASSED] - for ([j = 0, j &lt; symbols.size(), (j++)]): null

2019-08-15 16:28:55 - [TEST_STEP][PASSED] - symbol = symbol: null

2019-08-15 16:28:55 - [TEST_STEP][PASSED] - println(symbol): null

2019-08-15 16:28:55 - [TEST_STEP][PASSED] - if (i == 2 &amp;&amp; wildList.indexOf(symbol) != -1): null

2019-08-15 16:28:55 - [TEST_STEP][PASSED] - println("wild found on reel 3, adding counter by 1"): null

2019-08-15 16:28:55 - [TEST_STEP][PASSED] - free_spin_reel_counter[0] = free_spin_reel_counter[0] + 1: null

2019-08-15 16:28:55 - [TEST_STEP][PASSED] - if (i == 3 &amp;&amp; wildList.indexOf(symbol) != -1): null

2019-08-15 16:28:55 - [TEST_STEP][PASSED] - if (i == 4 &amp;&amp; wildList.indexOf(symbol) != -1): null

2019-08-15 16:28:55 - [TEST_STEP][PASSED] - symbol = symbol: null

2019-08-15 16:28:55 - [TEST_STEP][PASSED] - println(symbol): null

2019-08-15 16:28:55 - [TEST_STEP][PASSED] - if (i == 2 &amp;&amp; wildList.indexOf(symbol) != -1): null

2019-08-15 16:28:55 - [TEST_STEP][PASSED] - if (i == 3 &amp;&amp; wildList.indexOf(symbol) != -1): null

2019-08-15 16:28:55 - [TEST_STEP][PASSED] - if (i == 4 &amp;&amp; wildList.indexOf(symbol) != -1): null

2019-08-15 16:28:55 - [TEST_STEP][PASSED] - symbol = symbol: null

2019-08-15 16:28:55 - [TEST_STEP][PASSED] - println(symbol): null

2019-08-15 16:28:55 - [TEST_STEP][PASSED] - if (i == 2 &amp;&amp; wildList.indexOf(symbol) != -1): null

2019-08-15 16:28:55 - [TEST_STEP][PASSED] - if (i == 3 &amp;&amp; wildList.indexOf(symbol) != -1): null

2019-08-15 16:28:55 - [TEST_STEP][PASSED] - if (i == 4 &amp;&amp; wildList.indexOf(symbol) != -1): null

2019-08-15 16:28:55 - [TEST_STEP][PASSED] - symbols = symbols: null

2019-08-15 16:28:55 - [TEST_STEP][PASSED] - for ([j = 0, j &lt; symbols.size(), (j++)]): null

2019-08-15 16:28:55 - [TEST_STEP][PASSED] - symbol = symbol: null

2019-08-15 16:28:55 - [TEST_STEP][PASSED] - println(symbol): null

2019-08-15 16:28:55 - [TEST_STEP][PASSED] - if (i == 2 &amp;&amp; wildList.indexOf(symbol) != -1): null

2019-08-15 16:28:55 - [TEST_STEP][PASSED] - if (i == 3 &amp;&amp; wildList.indexOf(symbol) != -1): null

2019-08-15 16:28:55 - [TEST_STEP][PASSED] - if (i == 4 &amp;&amp; wildList.indexOf(symbol) != -1): null

2019-08-15 16:28:55 - [TEST_STEP][PASSED] - symbol = symbol: null

2019-08-15 16:28:55 - [TEST_STEP][PASSED] - println(symbol): null

2019-08-15 16:28:55 - [TEST_STEP][PASSED] - if (i == 2 &amp;&amp; wildList.indexOf(symbol) != -1): null

2019-08-15 16:28:55 - [TEST_STEP][PASSED] - if (i == 3 &amp;&amp; wildList.indexOf(symbol) != -1): null

2019-08-15 16:28:55 - [TEST_STEP][PASSED] - if (i == 4 &amp;&amp; wildList.indexOf(symbol) != -1): null

2019-08-15 16:28:55 - [TEST_STEP][PASSED] - symbol = symbol: null

2019-08-15 16:28:55 - [TEST_STEP][PASSED] - println(symbol): null

2019-08-15 16:28:55 - [TEST_STEP][PASSED] - if (i == 2 &amp;&amp; wildList.indexOf(symbol) != -1): null

2019-08-15 16:28:55 - [TEST_STEP][PASSED] - if (i == 3 &amp;&amp; wildList.indexOf(symbol) != -1): null

2019-08-15 16:28:55 - [TEST_STEP][PASSED] - println("wild found on reel 4, adding counter by 1"): null

2019-08-15 16:28:55 - [TEST_STEP][PASSED] - free_spin_reel_counter[1] = free_spin_reel_counter[1] + 1: null

2019-08-15 16:28:55 - [TEST_STEP][PASSED] - if (i == 4 &amp;&amp; wildList.indexOf(symbol) != -1): null

2019-08-15 16:28:55 - [TEST_STEP][PASSED] - symbols = symbols: null

2019-08-15 16:28:55 - [TEST_STEP][PASSED] - for ([j = 0, j &lt; symbols.size(), (j++)]): null

2019-08-15 16:28:55 - [TEST_STEP][PASSED] - symbol = symbol: null

2019-08-15 16:28:55 - [TEST_STEP][PASSED] - println(symbol): null

2019-08-15 16:28:55 - [TEST_STEP][PASSED] - if (i == 2 &amp;&amp; wildList.indexOf(symbol) != -1): null

2019-08-15 16:28:55 - [TEST_STEP][PASSED] - if (i == 3 &amp;&amp; wildList.indexOf(symbol) != -1): null

2019-08-15 16:28:55 - [TEST_STEP][PASSED] - if (i == 4 &amp;&amp; wildList.indexOf(symbol) != -1): null

2019-08-15 16:28:55 - [TEST_STEP][PASSED] - symbol = symbol: null

2019-08-15 16:28:55 - [TEST_STEP][PASSED] - println(symbol): null

2019-08-15 16:28:55 - [TEST_STEP][PASSED] - if (i == 2 &amp;&amp; wildList.indexOf(symbol) != -1): null

2019-08-15 16:28:55 - [TEST_STEP][PASSED] - if (i == 3 &amp;&amp; wildList.indexOf(symbol) != -1): null

2019-08-15 16:28:55 - [TEST_STEP][PASSED] - if (i == 4 &amp;&amp; wildList.indexOf(symbol) != -1): null

2019-08-15 16:28:55 - [TEST_STEP][PASSED] - symbol = symbol: null

2019-08-15 16:28:55 - [TEST_STEP][PASSED] - println(symbol): null

2019-08-15 16:28:55 - [TEST_STEP][PASSED] - if (i == 2 &amp;&amp; wildList.indexOf(symbol) != -1): null

2019-08-15 16:28:55 - [TEST_STEP][PASSED] - if (i == 3 &amp;&amp; wildList.indexOf(symbol) != -1): null

2019-08-15 16:28:55 - [TEST_STEP][PASSED] - if (i == 4 &amp;&amp; wildList.indexOf(symbol) != -1): null

2019-08-15 16:28:55 - [TEST_STEP][PASSED] - free_spin_reel_counter = free_spin_reel_counter: null

2019-08-15 16:28:55 - [TEST_STEP][PASSED] - println("reel 3 wild found: " + free_spin_reel_counter[0]): null

2019-08-15 16:28:55 - [TEST_STEP][PASSED] - println("reel 4 wild found: " + free_spin_reel_counter[1]): null

2019-08-15 16:28:55 - [TEST_STEP][PASSED] - println("reel 5 wild found: " + free_spin_reel_counter[2]): null

2019-08-15 16:28:55 - [TEST_STEP][PASSED] - M4_spin_reels = M4_spin_reels: null

2019-08-15 16:28:55 - [TEST_STEP][PASSED] - M4_spin_reels_symbols = symbol: null

2019-08-15 16:28:55 - [TEST_STEP][PASSED] - M4_spin_reels_symbols = M4_spin_reels_symbols: null

2019-08-15 16:28:55 - [TEST_STEP][PASSED] - M4_spin_reel_wins = reel_wins: null

2019-08-15 16:28:55 - [TEST_STEP][PASSED] - M4_spin_reel_wins = M4_spin_reel_wins: null

2019-08-15 16:28:55 - [TEST_STEP][PASSED] - println("GlobalVariable.M4_spin_reel_wins is: " + M4_spin_reel_wins): null

2019-08-15 16:28:55 - [TEST_STEP][PASSED] - M4_spin_total_bonus_win_this_round = total_bonus_win_this_round: null

2019-08-15 16:28:55 - [TEST_STEP][PASSED] - M4_spin_total_bonus_win_this_round = M4_spin_total_bonus_win_this_round: null

2019-08-15 16:28:55 - [TEST_STEP][PASSED] - println("GlobalVariable.M4_spin_total_bonus_win_this_round is: " + M4_spin_total_bonus_win_this_round): null

2019-08-15 16:28:55 - [MESSAGE][PASSED] - Verify response successfully

2019-08-15 16:28:55 - [MESSAGE][PASSED] - Send request and verify the response successfully

2019-08-15 16:28:55 - [TEST_STEP][PASSED] - if (M4_total_bonus_spins_int != 0 &amp;&amp; M4_spin_reels_symbols[2].contains("WILD_Normal") || M4_spin_reels_symbols[3].contains("WILD_Normal") || M4_spin_reels_symbols[4].contains("WILD_Normal")): null

2019-08-15 16:28:55 - [TEST_STEP][PASSED] - free_spin_reel_counter = free_spin_reel_counter: null

2019-08-15 16:28:55 - [TEST_STEP][PASSED] - M4_spin_reels_symbols = M4_spin_reels_symbols: null

2019-08-15 16:28:55 - [TEST_STEP][PASSED] - M4_total_bonus_spins = M4_total_bonus_spins: null

2019-08-15 16:28:55 - [TEST_STEP][PASSED] - spin_result = sendRequestAndVerify(findTestObject("STG/RGS(M4)/1_M4_spin", ["M4_login_user_id":M4_login_user_id, "rgs_session_token":rgs_session_token, "partner":Partner])): Send request and verify the response successfully

2019-08-15 16:28:55 - [TEST_CASE][PASSED] - Start Test Case : Verification: Verification accomplished successfully

2019-08-15 16:28:55 - [TEST_STEP][PASSED] - request = getInstance().getCurrentRequest(): null

2019-08-15 16:28:55 - [TEST_STEP][PASSED] - response = getInstance().getCurrentResponse(): null

2019-08-15 16:28:55 - [TEST_STEP][PASSED] - verifyResponseStatusCode(response, 200): Verify response status code successfully

2019-08-15 16:28:55 - [MESSAGE][PASSED] - Verify response status code successfully

2019-08-15 16:28:55 - [TEST_STEP][PASSED] - getStatusCode()).isEqualTo(200): null

2019-08-15 16:28:55 - [TEST_STEP][PASSED] - newline = System.getProperty("line.separator"): null

2019-08-15 16:28:55 - [TEST_STEP][PASSED] - M4_spin = new groovy.json.JsonSlurper(): null

2019-08-15 16:28:55 - [TEST_STEP][PASSED] - result_M4_spin = M4_spin.parseText(response.getResponseBodyContent()): null

2019-08-15 16:28:55 - [TEST_STEP][PASSED] - M4_spin_current_balance = current_balance: null

2019-08-15 16:28:55 - [TEST_STEP][PASSED] - M4_spin_current_balance = M4_spin_current_balance: null

2019-08-15 16:28:55 - [TEST_STEP][PASSED] - M4_spin_transaction_id = causality: null

2019-08-15 16:28:55 - [TEST_STEP][PASSED] - M4_spin_transaction_id = M4_spin_transaction_id: null

2019-08-15 16:28:55 - [TEST_STEP][PASSED] - M4_spin_round_id = round_id: null

2019-08-15 16:28:55 - [TEST_STEP][PASSED] - M4_spin_round_id = M4_spin_round_id: null

2019-08-15 16:28:55 - [TEST_STEP][PASSED] - M4_spin_line_wins = line_wins: null

2019-08-15 16:28:55 - [TEST_STEP][PASSED] - M4_spin_line_wins = M4_spin_line_wins: null

2019-08-15 16:28:55 - [TEST_STEP][PASSED] - M4_total_bonus_spins_int = total_bonus_spins: null

2019-08-15 16:28:55 - [TEST_STEP][PASSED] - println("******M4_total_bonus_spins type is:*******" + newline + getClass().getName()): null

2019-08-15 16:28:55 - [TEST_STEP][PASSED] - M4_total_bonus_spins_int = M4_total_bonus_spins_int: null

2019-08-15 16:28:55 - [TEST_STEP][PASSED] - M4_total_bonus_spins = Integer.toString(M4_total_bonus_spins_int): null

2019-08-15 16:28:55 - [TEST_STEP][PASSED] - M4_total_bonus_spins = M4_total_bonus_spins: null

2019-08-15 16:28:55 - [TEST_STEP][PASSED] - println("M4_total_bonus_spins is:" + M4_total_bonus_spins): null

2019-08-15 16:28:55 - [TEST_STEP][PASSED] - M4_spin_bonus_data = bonus_data: null

2019-08-15 16:28:55 - [TEST_STEP][PASSED] - M4_spin_features_triggered = result_M4_spin: null

2019-08-15 16:28:55 - [TEST_STEP][PASSED] - wild = []: null

2019-08-15 16:28:55 - [TEST_STEP][PASSED] - wild[0] = "WILD_Expanding": null

2019-08-15 16:28:55 - [TEST_STEP][PASSED] - wild[1] = "WILD_Normal": null

2019-08-15 16:28:55 - [TEST_STEP][PASSED] - wild[2] = "WILD_Double": null

2019-08-15 16:28:55 - [TEST_STEP][PASSED] - wild[3] = "WILD_ExtraFG": null

2019-08-15 16:28:55 - [TEST_STEP][PASSED] - wild[4] = "WILD_Triple": null

2019-08-15 16:28:55 - [TEST_STEP][PASSED] - wildList = Arrays.asList(wild): null

2019-08-15 16:28:55 - [TEST_STEP][PASSED] - wildList = wildList: null

2019-08-15 16:28:55 - [TEST_STEP][PASSED] - free_spin_reel_counter = []: null

2019-08-15 16:28:55 - [TEST_STEP][PASSED] - free_spin_reel_counter[0] = 0: null

2019-08-15 16:28:55 - [TEST_STEP][PASSED] - free_spin_reel_counter[1] = 0: null

2019-08-15 16:28:55 - [TEST_STEP][PASSED] - free_spin_reel_counter[2] = 0: null

2019-08-15 16:28:55 - [TEST_STEP][PASSED] - M4_spin_reels = reels: null

2019-08-15 16:28:55 - [TEST_STEP][PASSED] - for ([i = 0, i &lt; M4_spin_reels.size(), (i++)]): null

2019-08-15 16:28:55 - [TEST_STEP][PASSED] - symbols = symbols: null

2019-08-15 16:28:55 - [TEST_STEP][PASSED] - for ([j = 0, j &lt; symbols.size(), (j++)]): null

2019-08-15 16:28:55 - [TEST_STEP][PASSED] - symbol = symbol: null

2019-08-15 16:28:55 - [TEST_STEP][PASSED] - println(symbol): null

2019-08-15 16:28:55 - [TEST_STEP][PASSED] - if (i == 2 &amp;&amp; wildList.indexOf(symbol) != -1): null

2019-08-15 16:28:55 - [TEST_STEP][PASSED] - if (i == 3 &amp;&amp; wildList.indexOf(symbol) != -1): null

2019-08-15 16:28:55 - [TEST_STEP][PASSED] - if (i == 4 &amp;&amp; wildList.indexOf(symbol) != -1): null

2019-08-15 16:28:55 - [TEST_STEP][PASSED] - symbol = symbol: null

2019-08-15 16:28:55 - [TEST_STEP][PASSED] - println(symbol): null

2019-08-15 16:28:55 - [TEST_STEP][PASSED] - if (i == 2 &amp;&amp; wildList.indexOf(symbol) != -1): null

2019-08-15 16:28:55 - [TEST_STEP][PASSED] - if (i == 3 &amp;&amp; wildList.indexOf(symbol) != -1): null

2019-08-15 16:28:55 - [TEST_STEP][PASSED] - if (i == 4 &amp;&amp; wildList.indexOf(symbol) != -1): null

2019-08-15 16:28:55 - [TEST_STEP][PASSED] - symbol = symbol: null

2019-08-15 16:28:55 - [TEST_STEP][PASSED] - println(symbol): null

2019-08-15 16:28:55 - [TEST_STEP][PASSED] - if (i == 2 &amp;&amp; wildList.indexOf(symbol) != -1): null

2019-08-15 16:28:55 - [TEST_STEP][PASSED] - if (i == 3 &amp;&amp; wildList.indexOf(symbol) != -1): null

2019-08-15 16:28:55 - [TEST_STEP][PASSED] - if (i == 4 &amp;&amp; wildList.indexOf(symbol) != -1): null

2019-08-15 16:28:55 - [TEST_STEP][PASSED] - symbols = symbols: null

2019-08-15 16:28:55 - [TEST_STEP][PASSED] - for ([j = 0, j &lt; symbols.size(), (j++)]): null

2019-08-15 16:28:55 - [TEST_STEP][PASSED] - symbol = symbol: null

2019-08-15 16:28:55 - [TEST_STEP][PASSED] - println(symbol): null

2019-08-15 16:28:55 - [TEST_STEP][PASSED] - if (i == 2 &amp;&amp; wildList.indexOf(symbol) != -1): null

2019-08-15 16:28:55 - [TEST_STEP][PASSED] - if (i == 3 &amp;&amp; wildList.indexOf(symbol) != -1): null

2019-08-15 16:28:55 - [TEST_STEP][PASSED] - if (i == 4 &amp;&amp; wildList.indexOf(symbol) != -1): null

2019-08-15 16:28:55 - [TEST_STEP][PASSED] - symbol = symbol: null

2019-08-15 16:28:55 - [TEST_STEP][PASSED] - println(symbol): null

2019-08-15 16:28:55 - [TEST_STEP][PASSED] - if (i == 2 &amp;&amp; wildList.indexOf(symbol) != -1): null

2019-08-15 16:28:55 - [TEST_STEP][PASSED] - if (i == 3 &amp;&amp; wildList.indexOf(symbol) != -1): null

2019-08-15 16:28:55 - [TEST_STEP][PASSED] - if (i == 4 &amp;&amp; wildList.indexOf(symbol) != -1): null

2019-08-15 16:28:55 - [TEST_STEP][PASSED] - symbol = symbol: null

2019-08-15 16:28:55 - [TEST_STEP][PASSED] - println(symbol): null

2019-08-15 16:28:55 - [TEST_STEP][PASSED] - if (i == 2 &amp;&amp; wildList.indexOf(symbol) != -1): null

2019-08-15 16:28:55 - [TEST_STEP][PASSED] - if (i == 3 &amp;&amp; wildList.indexOf(symbol) != -1): null

2019-08-15 16:28:55 - [TEST_STEP][PASSED] - if (i == 4 &amp;&amp; wildList.indexOf(symbol) != -1): null

2019-08-15 16:28:55 - [TEST_STEP][PASSED] - symbols = symbols: null

2019-08-15 16:28:55 - [TEST_STEP][PASSED] - for ([j = 0, j &lt; symbols.size(), (j++)]): null

2019-08-15 16:28:55 - [TEST_STEP][PASSED] - symbol = symbol: null

2019-08-15 16:28:55 - [TEST_STEP][PASSED] - println(symbol): null

2019-08-15 16:28:55 - [TEST_STEP][PASSED] - if (i == 2 &amp;&amp; wildList.indexOf(symbol) != -1): null

2019-08-15 16:28:55 - [TEST_STEP][PASSED] - if (i == 3 &amp;&amp; wildList.indexOf(symbol) != -1): null

2019-08-15 16:28:55 - [TEST_STEP][PASSED] - if (i == 4 &amp;&amp; wildList.indexOf(symbol) != -1): null

2019-08-15 16:28:55 - [TEST_STEP][PASSED] - symbol = symbol: null

2019-08-15 16:28:55 - [TEST_STEP][PASSED] - println(symbol): null

2019-08-15 16:28:55 - [TEST_STEP][PASSED] - if (i == 2 &amp;&amp; wildList.indexOf(symbol) != -1): null

2019-08-15 16:28:55 - [TEST_STEP][PASSED] - if (i == 3 &amp;&amp; wildList.indexOf(symbol) != -1): null

2019-08-15 16:28:55 - [TEST_STEP][PASSED] - if (i == 4 &amp;&amp; wildList.indexOf(symbol) != -1): null

2019-08-15 16:28:55 - [TEST_STEP][PASSED] - symbol = symbol: null

2019-08-15 16:28:55 - [TEST_STEP][PASSED] - println(symbol): null

2019-08-15 16:28:55 - [TEST_STEP][PASSED] - if (i == 2 &amp;&amp; wildList.indexOf(symbol) != -1): null

2019-08-15 16:28:55 - [TEST_STEP][PASSED] - println("wild found on reel 3, adding counter by 1"): null

2019-08-15 16:28:55 - [TEST_STEP][PASSED] - free_spin_reel_counter[0] = free_spin_reel_counter[0] + 1: null

2019-08-15 16:28:55 - [TEST_STEP][PASSED] - if (i == 3 &amp;&amp; wildList.indexOf(symbol) != -1): null

2019-08-15 16:28:55 - [TEST_STEP][PASSED] - if (i == 4 &amp;&amp; wildList.indexOf(symbol) != -1): null

2019-08-15 16:28:55 - [TEST_STEP][PASSED] - symbols = symbols: null

2019-08-15 16:28:55 - [TEST_STEP][PASSED] - for ([j = 0, j &lt; symbols.size(), (j++)]): null

2019-08-15 16:28:55 - [TEST_STEP][PASSED] - symbol = symbol: null

2019-08-15 16:28:55 - [TEST_STEP][PASSED] - println(symbol): null

2019-08-15 16:28:55 - [TEST_STEP][PASSED] - if (i == 2 &amp;&amp; wildList.indexOf(symbol) != -1): null

2019-08-15 16:28:55 - [TEST_STEP][PASSED] - if (i == 3 &amp;&amp; wildList.indexOf(symbol) != -1): null

2019-08-15 16:28:55 - [TEST_STEP][PASSED] - if (i == 4 &amp;&amp; wildList.indexOf(symbol) != -1): null

2019-08-15 16:28:55 - [TEST_STEP][PASSED] - symbol = symbol: null

2019-08-15 16:28:55 - [TEST_STEP][PASSED] - println(symbol): null

2019-08-15 16:28:55 - [TEST_STEP][PASSED] - if (i == 2 &amp;&amp; wildList.indexOf(symbol) != -1): null

2019-08-15 16:28:55 - [TEST_STEP][PASSED] - if (i == 3 &amp;&amp; wildList.indexOf(symbol) != -1): null

2019-08-15 16:28:55 - [TEST_STEP][PASSED] - if (i == 4 &amp;&amp; wildList.indexOf(symbol) != -1): null

2019-08-15 16:28:55 - [TEST_STEP][PASSED] - symbol = symbol: null

2019-08-15 16:28:55 - [TEST_STEP][PASSED] - println(symbol): null

2019-08-15 16:28:55 - [TEST_STEP][PASSED] - if (i == 2 &amp;&amp; wildList.indexOf(symbol) != -1): null

2019-08-15 16:28:55 - [TEST_STEP][PASSED] - if (i == 3 &amp;&amp; wildList.indexOf(symbol) != -1): null

2019-08-15 16:28:55 - [TEST_STEP][PASSED] - if (i == 4 &amp;&amp; wildList.indexOf(symbol) != -1): null

2019-08-15 16:28:55 - [TEST_STEP][PASSED] - symbols = symbols: null

2019-08-15 16:28:55 - [TEST_STEP][PASSED] - for ([j = 0, j &lt; symbols.size(), (j++)]): null

2019-08-15 16:28:55 - [TEST_STEP][PASSED] - symbol = symbol: null

2019-08-15 16:28:55 - [TEST_STEP][PASSED] - println(symbol): null

2019-08-15 16:28:55 - [TEST_STEP][PASSED] - if (i == 2 &amp;&amp; wildList.indexOf(symbol) != -1): null

2019-08-15 16:28:55 - [TEST_STEP][PASSED] - if (i == 3 &amp;&amp; wildList.indexOf(symbol) != -1): null

2019-08-15 16:28:55 - [TEST_STEP][PASSED] - if (i == 4 &amp;&amp; wildList.indexOf(symbol) != -1): null

2019-08-15 16:28:55 - [TEST_STEP][PASSED] - symbol = symbol: null

2019-08-15 16:28:55 - [TEST_STEP][PASSED] - println(symbol): null

2019-08-15 16:28:55 - [TEST_STEP][PASSED] - if (i == 2 &amp;&amp; wildList.indexOf(symbol) != -1): null

2019-08-15 16:28:55 - [TEST_STEP][PASSED] - if (i == 3 &amp;&amp; wildList.indexOf(symbol) != -1): null

2019-08-15 16:28:55 - [TEST_STEP][PASSED] - if (i == 4 &amp;&amp; wildList.indexOf(symbol) != -1): null

2019-08-15 16:28:55 - [TEST_STEP][PASSED] - println("wild found on reel 5, adding counter by 1"): null

2019-08-15 16:28:55 - [TEST_STEP][PASSED] - free_spin_reel_counter[2] = free_spin_reel_counter[2] + 1: null

2019-08-15 16:28:55 - [TEST_STEP][PASSED] - symbol = symbol: null

2019-08-15 16:28:55 - [TEST_STEP][PASSED] - println(symbol): null

2019-08-15 16:28:55 - [TEST_STEP][PASSED] - if (i == 2 &amp;&amp; wildList.indexOf(symbol) != -1): null

2019-08-15 16:28:55 - [TEST_STEP][PASSED] - if (i == 3 &amp;&amp; wildList.indexOf(symbol) != -1): null

2019-08-15 16:28:55 - [TEST_STEP][PASSED] - if (i == 4 &amp;&amp; wildList.indexOf(symbol) != -1): null

2019-08-15 16:28:55 - [TEST_STEP][PASSED] - free_spin_reel_counter = free_spin_reel_counter: null

2019-08-15 16:28:55 - [TEST_STEP][PASSED] - println("reel 3 wild found: " + free_spin_reel_counter[0]): null

2019-08-15 16:28:55 - [TEST_STEP][PASSED] - println("reel 4 wild found: " + free_spin_reel_counter[1]): null

2019-08-15 16:28:55 - [TEST_STEP][PASSED] - println("reel 5 wild found: " + free_spin_reel_counter[2]): null

2019-08-15 16:28:55 - [TEST_STEP][PASSED] - M4_spin_reels = M4_spin_reels: null

2019-08-15 16:28:55 - [TEST_STEP][PASSED] - M4_spin_reels_symbols = symbol: null

2019-08-15 16:28:55 - [TEST_STEP][PASSED] - M4_spin_reels_symbols = M4_spin_reels_symbols: null

2019-08-15 16:28:55 - [TEST_STEP][PASSED] - M4_spin_reel_wins = reel_wins: null

2019-08-15 16:28:55 - [TEST_STEP][PASSED] - M4_spin_reel_wins = M4_spin_reel_wins: null

2019-08-15 16:28:55 - [TEST_STEP][PASSED] - println("GlobalVariable.M4_spin_reel_wins is: " + M4_spin_reel_wins): null

2019-08-15 16:28:55 - [TEST_STEP][PASSED] - M4_spin_total_bonus_win_this_round = total_bonus_win_this_round: null

2019-08-15 16:28:55 - [TEST_STEP][PASSED] - M4_spin_total_bonus_win_this_round = M4_spin_total_bonus_win_this_round: null

2019-08-15 16:28:55 - [TEST_STEP][PASSED] - println("GlobalVariable.M4_spin_total_bonus_win_this_round is: " + M4_spin_total_bonus_win_this_round): null

2019-08-15 16:28:55 - [MESSAGE][PASSED] - Verify response successfully

2019-08-15 16:28:55 - [MESSAGE][PASSED] - Send request and verify the response successfully

2019-08-15 16:28:55 - [TEST_STEP][PASSED] - if (M4_total_bonus_spins_int != 0 &amp;&amp; M4_spin_reels_symbols[2].contains("WILD_Normal") || M4_spin_reels_symbols[3].contains("WILD_Normal") || M4_spin_reels_symbols[4].contains("WILD_Normal")): null

2019-08-15 16:28:55 - [TEST_STEP][PASSED] - free_spin_reel_counter = free_spin_reel_counter: null

2019-08-15 16:28:55 - [TEST_STEP][PASSED] - M4_spin_reels_symbols = M4_spin_reels_symbols: null

2019-08-15 16:28:55 - [TEST_STEP][PASSED] - M4_total_bonus_spins = M4_total_bonus_spins: null

2019-08-15 16:28:55 - [TEST_STEP][PASSED] - spin_result = sendRequestAndVerify(findTestObject("STG/RGS(M4)/1_M4_spin", ["M4_login_user_id":M4_login_user_id, "rgs_session_token":rgs_session_token, "partner":Partner])): Send request and verify the response successfully

2019-08-15 16:28:55 - [TEST_CASE][PASSED] - Start Test Case : Verification: Verification accomplished successfully

2019-08-15 16:28:55 - [TEST_STEP][PASSED] - request = getInstance().getCurrentRequest(): null

2019-08-15 16:28:55 - [TEST_STEP][PASSED] - response = getInstance().getCurrentResponse(): null

2019-08-15 16:28:55 - [TEST_STEP][PASSED] - verifyResponseStatusCode(response, 200): Verify response status code successfully

2019-08-15 16:28:55 - [MESSAGE][PASSED] - Verify response status code successfully

2019-08-15 16:28:55 - [TEST_STEP][PASSED] - getStatusCode()).isEqualTo(200): null

2019-08-15 16:28:55 - [TEST_STEP][PASSED] - newline = System.getProperty("line.separator"): null

2019-08-15 16:28:55 - [TEST_STEP][PASSED] - M4_spin = new groovy.json.JsonSlurper(): null

2019-08-15 16:28:55 - [TEST_STEP][PASSED] - result_M4_spin = M4_spin.parseText(response.getResponseBodyContent()): null

2019-08-15 16:28:55 - [TEST_STEP][PASSED] - M4_spin_current_balance = current_balance: null

2019-08-15 16:28:55 - [TEST_STEP][PASSED] - M4_spin_current_balance = M4_spin_current_balance: null

2019-08-15 16:28:55 - [TEST_STEP][PASSED] - M4_spin_transaction_id = causality: null

2019-08-15 16:28:55 - [TEST_STEP][PASSED] - M4_spin_transaction_id = M4_spin_transaction_id: null

2019-08-15 16:28:55 - [TEST_STEP][PASSED] - M4_spin_round_id = round_id: null

2019-08-15 16:28:55 - [TEST_STEP][PASSED] - M4_spin_round_id = M4_spin_round_id: null

2019-08-15 16:28:55 - [TEST_STEP][PASSED] - M4_spin_line_wins = line_wins: null

2019-08-15 16:28:55 - [TEST_STEP][PASSED] - M4_spin_line_wins = M4_spin_line_wins: null

2019-08-15 16:28:55 - [TEST_STEP][PASSED] - M4_total_bonus_spins_int = total_bonus_spins: null

2019-08-15 16:28:55 - [TEST_STEP][PASSED] - println("******M4_total_bonus_spins type is:*******" + newline + getClass().getName()): null

2019-08-15 16:28:55 - [TEST_STEP][PASSED] - M4_total_bonus_spins_int = M4_total_bonus_spins_int: null

2019-08-15 16:28:55 - [TEST_STEP][PASSED] - M4_total_bonus_spins = Integer.toString(M4_total_bonus_spins_int): null

2019-08-15 16:28:55 - [TEST_STEP][PASSED] - M4_total_bonus_spins = M4_total_bonus_spins: null

2019-08-15 16:28:55 - [TEST_STEP][PASSED] - println("M4_total_bonus_spins is:" + M4_total_bonus_spins): null

2019-08-15 16:28:55 - [TEST_STEP][PASSED] - M4_spin_bonus_data = bonus_data: null

2019-08-15 16:28:55 - [TEST_STEP][PASSED] - M4_spin_features_triggered = result_M4_spin: null

2019-08-15 16:28:55 - [TEST_STEP][PASSED] - wild = []: null

2019-08-15 16:28:55 - [TEST_STEP][PASSED] - wild[0] = "WILD_Expanding": null

2019-08-15 16:28:55 - [TEST_STEP][PASSED] - wild[1] = "WILD_Normal": null

2019-08-15 16:28:55 - [TEST_STEP][PASSED] - wild[2] = "WILD_Double": null

2019-08-15 16:28:55 - [TEST_STEP][PASSED] - wild[3] = "WILD_ExtraFG": null

2019-08-15 16:28:55 - [TEST_STEP][PASSED] - wild[4] = "WILD_Triple": null

2019-08-15 16:28:55 - [TEST_STEP][PASSED] - wildList = Arrays.asList(wild): null

2019-08-15 16:28:55 - [TEST_STEP][PASSED] - wildList = wildList: null

2019-08-15 16:28:55 - [TEST_STEP][PASSED] - free_spin_reel_counter = []: null

2019-08-15 16:28:55 - [TEST_STEP][PASSED] - free_spin_reel_counter[0] = 0: null

2019-08-15 16:28:55 - [TEST_STEP][PASSED] - free_spin_reel_counter[1] = 0: null

2019-08-15 16:28:55 - [TEST_STEP][PASSED] - free_spin_reel_counter[2] = 0: null

2019-08-15 16:28:55 - [TEST_STEP][PASSED] - M4_spin_reels = reels: null

2019-08-15 16:28:55 - [TEST_STEP][PASSED] - for ([i = 0, i &lt; M4_spin_reels.size(), (i++)]): null

2019-08-15 16:28:55 - [TEST_STEP][PASSED] - symbols = symbols: null

2019-08-15 16:28:55 - [TEST_STEP][PASSED] - for ([j = 0, j &lt; symbols.size(), (j++)]): null

2019-08-15 16:28:55 - [TEST_STEP][PASSED] - symbol = symbol: null

2019-08-15 16:28:55 - [TEST_STEP][PASSED] - println(symbol): null

2019-08-15 16:28:55 - [TEST_STEP][PASSED] - if (i == 2 &amp;&amp; wildList.indexOf(symbol) != -1): null

2019-08-15 16:28:55 - [TEST_STEP][PASSED] - if (i == 3 &amp;&amp; wildList.indexOf(symbol) != -1): null

2019-08-15 16:28:55 - [TEST_STEP][PASSED] - if (i == 4 &amp;&amp; wildList.indexOf(symbol) != -1): null

2019-08-15 16:28:55 - [TEST_STEP][PASSED] - symbol = symbol: null

2019-08-15 16:28:55 - [TEST_STEP][PASSED] - println(symbol): null

2019-08-15 16:29:00 - [TEST_STEP][PASSED] - if (i == 2 &amp;&amp; wildList.indexOf(symbol) != -1): null

2019-08-15 16:29:00 - [TEST_STEP][PASSED] - if (i == 3 &amp;&amp; wildList.indexOf(symbol) != -1): null

2019-08-15 16:29:00 - [TEST_STEP][PASSED] - if (i == 4 &amp;&amp; wildList.indexOf(symbol) != -1): null

2019-08-15 16:29:00 - [TEST_STEP][PASSED] - symbol = symbol: null

2019-08-15 16:29:00 - [TEST_STEP][PASSED] - println(symbol): null

2019-08-15 16:29:00 - [TEST_STEP][PASSED] - if (i == 2 &amp;&amp; wildList.indexOf(symbol) != -1): null

2019-08-15 16:29:00 - [TEST_STEP][PASSED] - if (i == 3 &amp;&amp; wildList.indexOf(symbol) != -1): null

2019-08-15 16:29:00 - [TEST_STEP][PASSED] - if (i == 4 &amp;&amp; wildList.indexOf(symbol) != -1): null

2019-08-15 16:29:00 - [TEST_STEP][PASSED] - symbols = symbols: null

2019-08-15 16:29:00 - [TEST_STEP][PASSED] - for ([j = 0, j &lt; symbols.size(), (j++)]): null

2019-08-15 16:29:02 - [TEST_STEP][PASSED] - symbol = symbol: null

2019-08-15 16:29:02 - [TEST_STEP][PASSED] - println(symbol): null

2019-08-15 16:29:02 - [TEST_STEP][PASSED] - if (i == 2 &amp;&amp; wildList.indexOf(symbol) != -1): null

2019-08-15 16:29:02 - [TEST_STEP][PASSED] - if (i == 3 &amp;&amp; wildList.indexOf(symbol) != -1): null

2019-08-15 16:29:02 - [TEST_STEP][PASSED] - if (i == 4 &amp;&amp; wildList.indexOf(symbol) != -1): null

2019-08-15 16:29:02 - [TEST_STEP][PASSED] - symbol = symbol: null

2019-08-15 16:29:02 - [TEST_STEP][PASSED] - println(symbol): null

2019-08-15 16:29:02 - [TEST_STEP][PASSED] - if (i == 2 &amp;&amp; wildList.indexOf(symbol) != -1): null

2019-08-15 16:29:02 - [TEST_STEP][PASSED] - if (i == 3 &amp;&amp; wildList.indexOf(symbol) != -1): null

2019-08-15 16:29:02 - [TEST_STEP][PASSED] - if (i == 4 &amp;&amp; wildList.indexOf(symbol) != -1): null

2019-08-15 16:29:02 - [TEST_STEP][PASSED] - symbol = symbol: null

2019-08-15 16:29:02 - [TEST_STEP][PASSED] - println(symbol): null

2019-08-15 16:29:02 - [TEST_STEP][PASSED] - if (i == 2 &amp;&amp; wildList.indexOf(symbol) != -1): null

2019-08-15 16:29:02 - [TEST_STEP][PASSED] - if (i == 3 &amp;&amp; wildList.indexOf(symbol) != -1): null

2019-08-15 16:29:02 - [TEST_STEP][PASSED] - if (i == 4 &amp;&amp; wildList.indexOf(symbol) != -1): null

2019-08-15 16:29:02 - [TEST_STEP][PASSED] - symbols = symbols: null

2019-08-15 16:29:02 - [TEST_STEP][PASSED] - for ([j = 0, j &lt; symbols.size(), (j++)]): null

2019-08-15 16:29:02 - [TEST_STEP][PASSED] - symbol = symbol: null

2019-08-15 16:29:02 - [TEST_STEP][PASSED] - println(symbol): null

2019-08-15 16:29:02 - [TEST_STEP][PASSED] - if (i == 2 &amp;&amp; wildList.indexOf(symbol) != -1): null

2019-08-15 16:29:02 - [TEST_STEP][PASSED] - if (i == 3 &amp;&amp; wildList.indexOf(symbol) != -1): null

2019-08-15 16:29:02 - [TEST_STEP][PASSED] - if (i == 4 &amp;&amp; wildList.indexOf(symbol) != -1): null

2019-08-15 16:29:02 - [TEST_STEP][PASSED] - symbol = symbol: null

2019-08-15 16:29:02 - [TEST_STEP][PASSED] - println(symbol): null

2019-08-15 16:29:02 - [TEST_STEP][PASSED] - if (i == 2 &amp;&amp; wildList.indexOf(symbol) != -1): null

2019-08-15 16:29:02 - [TEST_STEP][PASSED] - if (i == 3 &amp;&amp; wildList.indexOf(symbol) != -1): null

2019-08-15 16:29:02 - [TEST_STEP][PASSED] - if (i == 4 &amp;&amp; wildList.indexOf(symbol) != -1): null

2019-08-15 16:29:02 - [TEST_STEP][PASSED] - symbol = symbol: null

2019-08-15 16:29:02 - [TEST_STEP][PASSED] - println(symbol): null

2019-08-15 16:29:02 - [TEST_STEP][PASSED] - if (i == 2 &amp;&amp; wildList.indexOf(symbol) != -1): null

2019-08-15 16:29:02 - [TEST_STEP][PASSED] - if (i == 3 &amp;&amp; wildList.indexOf(symbol) != -1): null

2019-08-15 16:29:02 - [TEST_STEP][PASSED] - if (i == 4 &amp;&amp; wildList.indexOf(symbol) != -1): null

2019-08-15 16:29:02 - [TEST_STEP][PASSED] - symbols = symbols: null

2019-08-15 16:29:02 - [TEST_STEP][PASSED] - for ([j = 0, j &lt; symbols.size(), (j++)]): null

2019-08-15 16:29:02 - [TEST_STEP][PASSED] - symbol = symbol: null

2019-08-15 16:29:02 - [TEST_STEP][PASSED] - println(symbol): null

2019-08-15 16:29:02 - [TEST_STEP][PASSED] - if (i == 2 &amp;&amp; wildList.indexOf(symbol) != -1): null

2019-08-15 16:29:02 - [TEST_STEP][PASSED] - if (i == 3 &amp;&amp; wildList.indexOf(symbol) != -1): null

2019-08-15 16:29:02 - [TEST_STEP][PASSED] - if (i == 4 &amp;&amp; wildList.indexOf(symbol) != -1): null

2019-08-15 16:29:02 - [TEST_STEP][PASSED] - symbol = symbol: null

2019-08-15 16:29:02 - [TEST_STEP][PASSED] - println(symbol): null

2019-08-15 16:29:02 - [TEST_STEP][PASSED] - if (i == 2 &amp;&amp; wildList.indexOf(symbol) != -1): null

2019-08-15 16:29:02 - [TEST_STEP][PASSED] - if (i == 3 &amp;&amp; wildList.indexOf(symbol) != -1): null

2019-08-15 16:29:02 - [TEST_STEP][PASSED] - if (i == 4 &amp;&amp; wildList.indexOf(symbol) != -1): null

2019-08-15 16:29:02 - [TEST_STEP][PASSED] - symbol = symbol: null

2019-08-15 16:29:02 - [TEST_STEP][PASSED] - println(symbol): null

2019-08-15 16:29:02 - [TEST_STEP][PASSED] - if (i == 2 &amp;&amp; wildList.indexOf(symbol) != -1): null

2019-08-15 16:29:02 - [TEST_STEP][PASSED] - if (i == 3 &amp;&amp; wildList.indexOf(symbol) != -1): null

2019-08-15 16:29:02 - [TEST_STEP][PASSED] - if (i == 4 &amp;&amp; wildList.indexOf(symbol) != -1): null

2019-08-15 16:29:02 - [TEST_STEP][PASSED] - symbols = symbols: null

2019-08-15 16:29:02 - [TEST_STEP][PASSED] - for ([j = 0, j &lt; symbols.size(), (j++)]): null

2019-08-15 16:29:02 - [TEST_STEP][PASSED] - symbol = symbol: null

2019-08-15 16:29:02 - [TEST_STEP][PASSED] - println(symbol): null

2019-08-15 16:29:02 - [TEST_STEP][PASSED] - if (i == 2 &amp;&amp; wildList.indexOf(symbol) != -1): null

2019-08-15 16:29:02 - [TEST_STEP][PASSED] - if (i == 3 &amp;&amp; wildList.indexOf(symbol) != -1): null

2019-08-15 16:29:02 - [TEST_STEP][PASSED] - if (i == 4 &amp;&amp; wildList.indexOf(symbol) != -1): null

2019-08-15 16:29:02 - [TEST_STEP][PASSED] - symbol = symbol: null

2019-08-15 16:29:02 - [TEST_STEP][PASSED] - println(symbol): null

2019-08-15 16:29:02 - [TEST_STEP][PASSED] - if (i == 2 &amp;&amp; wildList.indexOf(symbol) != -1): null

2019-08-15 16:29:02 - [TEST_STEP][PASSED] - if (i == 3 &amp;&amp; wildList.indexOf(symbol) != -1): null

2019-08-15 16:29:02 - [TEST_STEP][PASSED] - if (i == 4 &amp;&amp; wildList.indexOf(symbol) != -1): null

2019-08-15 16:29:02 - [TEST_STEP][PASSED] - symbol = symbol: null

2019-08-15 16:29:02 - [TEST_STEP][PASSED] - println(symbol): null

2019-08-15 16:29:02 - [TEST_STEP][PASSED] - if (i == 2 &amp;&amp; wildList.indexOf(symbol) != -1): null

2019-08-15 16:29:02 - [TEST_STEP][PASSED] - if (i == 3 &amp;&amp; wildList.indexOf(symbol) != -1): null

2019-08-15 16:29:02 - [TEST_STEP][PASSED] - if (i == 4 &amp;&amp; wildList.indexOf(symbol) != -1): null

2019-08-15 16:29:02 - [TEST_STEP][PASSED] - free_spin_reel_counter = free_spin_reel_counter: null

2019-08-15 16:29:02 - [TEST_STEP][PASSED] - println("reel 3 wild found: " + free_spin_reel_counter[0]): null

2019-08-15 16:29:02 - [TEST_STEP][PASSED] - println("reel 4 wild found: " + free_spin_reel_counter[1]): null

2019-08-15 16:29:02 - [TEST_STEP][PASSED] - println("reel 5 wild found: " + free_spin_reel_counter[2]): null

2019-08-15 16:29:02 - [TEST_STEP][PASSED] - M4_spin_reels = M4_spin_reels: null

2019-08-15 16:29:02 - [TEST_STEP][PASSED] - M4_spin_reels_symbols = symbol: null

2019-08-15 16:29:02 - [TEST_STEP][PASSED] - M4_spin_reels_symbols = M4_spin_reels_symbols: null

2019-08-15 16:29:02 - [TEST_STEP][PASSED] - M4_spin_reel_wins = reel_wins: null

2019-08-15 16:29:02 - [TEST_STEP][PASSED] - M4_spin_reel_wins = M4_spin_reel_wins: null

2019-08-15 16:29:02 - [TEST_STEP][PASSED] - println("GlobalVariable.M4_spin_reel_wins is: " + M4_spin_reel_wins): null

2019-08-15 16:29:02 - [TEST_STEP][PASSED] - M4_spin_total_bonus_win_this_round = total_bonus_win_this_round: null

2019-08-15 16:29:02 - [TEST_STEP][PASSED] - M4_spin_total_bonus_win_this_round = M4_spin_total_bonus_win_this_round: null

2019-08-15 16:29:02 - [TEST_STEP][PASSED] - println("GlobalVariable.M4_spin_total_bonus_win_this_round is: " + M4_spin_total_bonus_win_this_round): null

2019-08-15 16:29:02 - [MESSAGE][PASSED] - Verify response successfully

2019-08-15 16:29:02 - [MESSAGE][PASSED] - Send request and verify the response successfully

2019-08-15 16:29:02 - [TEST_STEP][PASSED] - if (M4_total_bonus_spins_int != 0 &amp;&amp; M4_spin_reels_symbols[2].contains("WILD_Normal") || M4_spin_reels_symbols[3].contains("WILD_Normal") || M4_spin_reels_symbols[4].contains("WILD_Normal")): null

2019-08-15 16:29:02 - [TEST_STEP][PASSED] - free_spin_reel_counter = free_spin_reel_counter: null

2019-08-15 16:29:02 - [TEST_STEP][PASSED] - M4_spin_reels_symbols = M4_spin_reels_symbols: null

2019-08-15 16:29:02 - [TEST_STEP][PASSED] - M4_total_bonus_spins = M4_total_bonus_spins: null

2019-08-15 16:29:02 - [TEST_STEP][PASSED] - spin_result = sendRequestAndVerify(findTestObject("STG/RGS(M4)/1_M4_spin", ["M4_login_user_id":M4_login_user_id, "rgs_session_token":rgs_session_token, "partner":Partner])): Send request and verify the response successfully

2019-08-15 16:29:03 - [TEST_CASE][PASSED] - Start Test Case : Verification: Verification accomplished successfully

2019-08-15 16:29:03 - [TEST_STEP][PASSED] - request = getInstance().getCurrentRequest(): null

2019-08-15 16:29:03 - [TEST_STEP][PASSED] - response = getInstance().getCurrentResponse(): null

2019-08-15 16:29:03 - [TEST_STEP][PASSED] - verifyResponseStatusCode(response, 200): Verify response status code successfully

2019-08-15 16:29:03 - [MESSAGE][PASSED] - Verify response status code successfully

2019-08-15 16:29:03 - [TEST_STEP][PASSED] - getStatusCode()).isEqualTo(200): null

2019-08-15 16:29:03 - [TEST_STEP][PASSED] - newline = System.getProperty("line.separator"): null

2019-08-15 16:29:03 - [TEST_STEP][PASSED] - M4_spin = new groovy.json.JsonSlurper(): null

2019-08-15 16:29:03 - [TEST_STEP][PASSED] - result_M4_spin = M4_spin.parseText(response.getResponseBodyContent()): null

2019-08-15 16:29:03 - [TEST_STEP][PASSED] - M4_spin_current_balance = current_balance: null

2019-08-15 16:29:03 - [TEST_STEP][PASSED] - M4_spin_current_balance = M4_spin_current_balance: null

2019-08-15 16:29:03 - [TEST_STEP][PASSED] - M4_spin_transaction_id = causality: null

2019-08-15 16:29:03 - [TEST_STEP][PASSED] - M4_spin_transaction_id = M4_spin_transaction_id: null

2019-08-15 16:29:03 - [TEST_STEP][PASSED] - M4_spin_round_id = round_id: null

2019-08-15 16:29:03 - [TEST_STEP][PASSED] - M4_spin_round_id = M4_spin_round_id: null

2019-08-15 16:29:03 - [TEST_STEP][PASSED] - M4_spin_line_wins = line_wins: null

2019-08-15 16:29:03 - [TEST_STEP][PASSED] - M4_spin_line_wins = M4_spin_line_wins: null

2019-08-15 16:29:03 - [TEST_STEP][PASSED] - M4_total_bonus_spins_int = total_bonus_spins: null

2019-08-15 16:29:03 - [TEST_STEP][PASSED] - println("******M4_total_bonus_spins type is:*******" + newline + getClass().getName()): null

2019-08-15 16:29:03 - [TEST_STEP][PASSED] - M4_total_bonus_spins_int = M4_total_bonus_spins_int: null

2019-08-15 16:29:03 - [TEST_STEP][PASSED] - M4_total_bonus_spins = Integer.toString(M4_total_bonus_spins_int): null

2019-08-15 16:29:03 - [TEST_STEP][PASSED] - M4_total_bonus_spins = M4_total_bonus_spins: null

2019-08-15 16:29:03 - [TEST_STEP][PASSED] - println("M4_total_bonus_spins is:" + M4_total_bonus_spins): null

2019-08-15 16:29:03 - [TEST_STEP][PASSED] - M4_spin_bonus_data = bonus_data: null

2019-08-15 16:29:03 - [TEST_STEP][PASSED] - M4_spin_features_triggered = result_M4_spin: null

2019-08-15 16:29:03 - [TEST_STEP][PASSED] - wild = []: null

2019-08-15 16:29:03 - [TEST_STEP][PASSED] - wild[0] = "WILD_Expanding": null

2019-08-15 16:29:03 - [TEST_STEP][PASSED] - wild[1] = "WILD_Normal": null

2019-08-15 16:29:03 - [TEST_STEP][PASSED] - wild[2] = "WILD_Double": null

2019-08-15 16:29:03 - [TEST_STEP][PASSED] - wild[3] = "WILD_ExtraFG": null

2019-08-15 16:29:03 - [TEST_STEP][PASSED] - wild[4] = "WILD_Triple": null

2019-08-15 16:29:03 - [TEST_STEP][PASSED] - wildList = Arrays.asList(wild): null

2019-08-15 16:29:03 - [TEST_STEP][PASSED] - wildList = wildList: null

2019-08-15 16:29:03 - [TEST_STEP][PASSED] - free_spin_reel_counter = []: null

2019-08-15 16:29:03 - [TEST_STEP][PASSED] - free_spin_reel_counter[0] = 0: null

2019-08-15 16:29:03 - [TEST_STEP][PASSED] - free_spin_reel_counter[1] = 0: null

2019-08-15 16:29:03 - [TEST_STEP][PASSED] - free_spin_reel_counter[2] = 0: null

2019-08-15 16:29:03 - [TEST_STEP][PASSED] - M4_spin_reels = reels: null

2019-08-15 16:29:03 - [TEST_STEP][PASSED] - for ([i = 0, i &lt; M4_spin_reels.size(), (i++)]): null

2019-08-15 16:29:03 - [TEST_STEP][PASSED] - symbols = symbols: null

2019-08-15 16:29:03 - [TEST_STEP][PASSED] - for ([j = 0, j &lt; symbols.size(), (j++)]): null

2019-08-15 16:29:03 - [TEST_STEP][PASSED] - symbol = symbol: null

2019-08-15 16:29:03 - [TEST_STEP][PASSED] - println(symbol): null

2019-08-15 16:29:03 - [TEST_STEP][PASSED] - if (i == 2 &amp;&amp; wildList.indexOf(symbol) != -1): null

2019-08-15 16:29:03 - [TEST_STEP][PASSED] - if (i == 3 &amp;&amp; wildList.indexOf(symbol) != -1): null

2019-08-15 16:29:03 - [TEST_STEP][PASSED] - if (i == 4 &amp;&amp; wildList.indexOf(symbol) != -1): null

2019-08-15 16:29:03 - [TEST_STEP][PASSED] - symbol = symbol: null

2019-08-15 16:29:03 - [TEST_STEP][PASSED] - println(symbol): null

2019-08-15 16:29:03 - [TEST_STEP][PASSED] - if (i == 2 &amp;&amp; wildList.indexOf(symbol) != -1): null

2019-08-15 16:29:03 - [TEST_STEP][PASSED] - if (i == 3 &amp;&amp; wildList.indexOf(symbol) != -1): null

2019-08-15 16:29:03 - [TEST_STEP][PASSED] - if (i == 4 &amp;&amp; wildList.indexOf(symbol) != -1): null

2019-08-15 16:29:03 - [TEST_STEP][PASSED] - symbol = symbol: null

2019-08-15 16:29:03 - [TEST_STEP][PASSED] - println(symbol): null

2019-08-15 16:29:03 - [TEST_STEP][PASSED] - if (i == 2 &amp;&amp; wildList.indexOf(symbol) != -1): null

2019-08-15 16:29:03 - [TEST_STEP][PASSED] - if (i == 3 &amp;&amp; wildList.indexOf(symbol) != -1): null

2019-08-15 16:29:03 - [TEST_STEP][PASSED] - if (i == 4 &amp;&amp; wildList.indexOf(symbol) != -1): null

2019-08-15 16:29:03 - [TEST_STEP][PASSED] - symbols = symbols: null

2019-08-15 16:29:03 - [TEST_STEP][PASSED] - for ([j = 0, j &lt; symbols.size(), (j++)]): null

2019-08-15 16:29:03 - [TEST_STEP][PASSED] - symbol = symbol: null

2019-08-15 16:29:03 - [TEST_STEP][PASSED] - println(symbol): null

2019-08-15 16:29:03 - [TEST_STEP][PASSED] - if (i == 2 &amp;&amp; wildList.indexOf(symbol) != -1): null

2019-08-15 16:29:03 - [TEST_STEP][PASSED] - if (i == 3 &amp;&amp; wildList.indexOf(symbol) != -1): null

2019-08-15 16:29:03 - [TEST_STEP][PASSED] - if (i == 4 &amp;&amp; wildList.indexOf(symbol) != -1): null

2019-08-15 16:29:03 - [TEST_STEP][PASSED] - symbol = symbol: null

2019-08-15 16:29:03 - [TEST_STEP][PASSED] - println(symbol): null

2019-08-15 16:29:03 - [TEST_STEP][PASSED] - if (i == 2 &amp;&amp; wildList.indexOf(symbol) != -1): null

2019-08-15 16:29:03 - [TEST_STEP][PASSED] - if (i == 3 &amp;&amp; wildList.indexOf(symbol) != -1): null

2019-08-15 16:29:03 - [TEST_STEP][PASSED] - if (i == 4 &amp;&amp; wildList.indexOf(symbol) != -1): null

2019-08-15 16:29:03 - [TEST_STEP][PASSED] - symbol = symbol: null

2019-08-15 16:29:03 - [TEST_STEP][PASSED] - println(symbol): null

2019-08-15 16:29:03 - [TEST_STEP][PASSED] - if (i == 2 &amp;&amp; wildList.indexOf(symbol) != -1): null

2019-08-15 16:29:03 - [TEST_STEP][PASSED] - if (i == 3 &amp;&amp; wildList.indexOf(symbol) != -1): null

2019-08-15 16:29:03 - [TEST_STEP][PASSED] - if (i == 4 &amp;&amp; wildList.indexOf(symbol) != -1): null

2019-08-15 16:29:03 - [TEST_STEP][PASSED] - symbols = symbols: null

2019-08-15 16:29:03 - [TEST_STEP][PASSED] - for ([j = 0, j &lt; symbols.size(), (j++)]): null

2019-08-15 16:29:03 - [TEST_STEP][PASSED] - symbol = symbol: null

2019-08-15 16:29:03 - [TEST_STEP][PASSED] - println(symbol): null

2019-08-15 16:29:03 - [TEST_STEP][PASSED] - if (i == 2 &amp;&amp; wildList.indexOf(symbol) != -1): null

2019-08-15 16:29:03 - [TEST_STEP][PASSED] - if (i == 3 &amp;&amp; wildList.indexOf(symbol) != -1): null

2019-08-15 16:29:03 - [TEST_STEP][PASSED] - if (i == 4 &amp;&amp; wildList.indexOf(symbol) != -1): null

2019-08-15 16:29:03 - [TEST_STEP][PASSED] - symbol = symbol: null

2019-08-15 16:29:03 - [TEST_STEP][PASSED] - println(symbol): null

2019-08-15 16:29:03 - [TEST_STEP][PASSED] - if (i == 2 &amp;&amp; wildList.indexOf(symbol) != -1): null

2019-08-15 16:29:03 - [TEST_STEP][PASSED] - if (i == 3 &amp;&amp; wildList.indexOf(symbol) != -1): null

2019-08-15 16:29:03 - [TEST_STEP][PASSED] - if (i == 4 &amp;&amp; wildList.indexOf(symbol) != -1): null

2019-08-15 16:29:03 - [TEST_STEP][PASSED] - symbol = symbol: null

2019-08-15 16:29:03 - [TEST_STEP][PASSED] - println(symbol): null

2019-08-15 16:29:03 - [TEST_STEP][PASSED] - if (i == 2 &amp;&amp; wildList.indexOf(symbol) != -1): null

2019-08-15 16:29:03 - [TEST_STEP][PASSED] - if (i == 3 &amp;&amp; wildList.indexOf(symbol) != -1): null

2019-08-15 16:29:03 - [TEST_STEP][PASSED] - if (i == 4 &amp;&amp; wildList.indexOf(symbol) != -1): null

2019-08-15 16:29:03 - [TEST_STEP][PASSED] - symbols = symbols: null

2019-08-15 16:29:03 - [TEST_STEP][PASSED] - for ([j = 0, j &lt; symbols.size(), (j++)]): null

2019-08-15 16:29:03 - [TEST_STEP][PASSED] - symbol = symbol: null

2019-08-15 16:29:03 - [TEST_STEP][PASSED] - println(symbol): null

2019-08-15 16:29:03 - [TEST_STEP][PASSED] - if (i == 2 &amp;&amp; wildList.indexOf(symbol) != -1): null

2019-08-15 16:29:03 - [TEST_STEP][PASSED] - if (i == 3 &amp;&amp; wildList.indexOf(symbol) != -1): null

2019-08-15 16:29:03 - [TEST_STEP][PASSED] - if (i == 4 &amp;&amp; wildList.indexOf(symbol) != -1): null

2019-08-15 16:29:03 - [TEST_STEP][PASSED] - symbol = symbol: null

2019-08-15 16:29:03 - [TEST_STEP][PASSED] - println(symbol): null

2019-08-15 16:29:03 - [TEST_STEP][PASSED] - if (i == 2 &amp;&amp; wildList.indexOf(symbol) != -1): null

2019-08-15 16:29:03 - [TEST_STEP][PASSED] - if (i == 3 &amp;&amp; wildList.indexOf(symbol) != -1): null

2019-08-15 16:29:03 - [TEST_STEP][PASSED] - println("wild found on reel 4, adding counter by 1"): null

2019-08-15 16:29:03 - [TEST_STEP][PASSED] - free_spin_reel_counter[1] = free_spin_reel_counter[1] + 1: null

2019-08-15 16:29:03 - [TEST_STEP][PASSED] - if (i == 4 &amp;&amp; wildList.indexOf(symbol) != -1): null

2019-08-15 16:29:03 - [TEST_STEP][PASSED] - symbol = symbol: null

2019-08-15 16:29:03 - [TEST_STEP][PASSED] - println(symbol): null

2019-08-15 16:29:03 - [TEST_STEP][PASSED] - if (i == 2 &amp;&amp; wildList.indexOf(symbol) != -1): null

2019-08-15 16:29:03 - [TEST_STEP][PASSED] - if (i == 3 &amp;&amp; wildList.indexOf(symbol) != -1): null

2019-08-15 16:29:03 - [TEST_STEP][PASSED] - if (i == 4 &amp;&amp; wildList.indexOf(symbol) != -1): null

2019-08-15 16:29:03 - [TEST_STEP][PASSED] - symbols = symbols: null

2019-08-15 16:29:03 - [TEST_STEP][PASSED] - for ([j = 0, j &lt; symbols.size(), (j++)]): null

2019-08-15 16:29:03 - [TEST_STEP][PASSED] - symbol = symbol: null

2019-08-15 16:29:03 - [TEST_STEP][PASSED] - println(symbol): null

2019-08-15 16:29:03 - [TEST_STEP][PASSED] - if (i == 2 &amp;&amp; wildList.indexOf(symbol) != -1): null

2019-08-15 16:29:03 - [TEST_STEP][PASSED] - if (i == 3 &amp;&amp; wildList.indexOf(symbol) != -1): null

2019-08-15 16:29:03 - [TEST_STEP][PASSED] - if (i == 4 &amp;&amp; wildList.indexOf(symbol) != -1): null

2019-08-15 16:29:03 - [TEST_STEP][PASSED] - symbol = symbol: null

2019-08-15 16:29:03 - [TEST_STEP][PASSED] - println(symbol): null

2019-08-15 16:29:03 - [TEST_STEP][PASSED] - if (i == 2 &amp;&amp; wildList.indexOf(symbol) != -1): null

2019-08-15 16:29:03 - [TEST_STEP][PASSED] - if (i == 3 &amp;&amp; wildList.indexOf(symbol) != -1): null

2019-08-15 16:29:03 - [TEST_STEP][PASSED] - if (i == 4 &amp;&amp; wildList.indexOf(symbol) != -1): null

2019-08-15 16:29:03 - [TEST_STEP][PASSED] - symbol = symbol: null

2019-08-15 16:29:03 - [TEST_STEP][PASSED] - println(symbol): null

2019-08-15 16:29:03 - [TEST_STEP][PASSED] - if (i == 2 &amp;&amp; wildList.indexOf(symbol) != -1): null

2019-08-15 16:29:03 - [TEST_STEP][PASSED] - if (i == 3 &amp;&amp; wildList.indexOf(symbol) != -1): null

2019-08-15 16:29:03 - [TEST_STEP][PASSED] - if (i == 4 &amp;&amp; wildList.indexOf(symbol) != -1): null

2019-08-15 16:29:03 - [TEST_STEP][PASSED] - free_spin_reel_counter = free_spin_reel_counter: null

2019-08-15 16:29:03 - [TEST_STEP][PASSED] - println("reel 3 wild found: " + free_spin_reel_counter[0]): null

2019-08-15 16:29:03 - [TEST_STEP][PASSED] - println("reel 4 wild found: " + free_spin_reel_counter[1]): null

2019-08-15 16:29:03 - [TEST_STEP][PASSED] - println("reel 5 wild found: " + free_spin_reel_counter[2]): null

2019-08-15 16:29:03 - [TEST_STEP][PASSED] - M4_spin_reels = M4_spin_reels: null

2019-08-15 16:29:03 - [TEST_STEP][PASSED] - M4_spin_reels_symbols = symbol: null

2019-08-15 16:29:03 - [TEST_STEP][PASSED] - M4_spin_reels_symbols = M4_spin_reels_symbols: null

2019-08-15 16:29:03 - [TEST_STEP][PASSED] - M4_spin_reel_wins = reel_wins: null

2019-08-15 16:29:03 - [TEST_STEP][PASSED] - M4_spin_reel_wins = M4_spin_reel_wins: null

2019-08-15 16:29:03 - [TEST_STEP][PASSED] - println("GlobalVariable.M4_spin_reel_wins is: " + M4_spin_reel_wins): null

2019-08-15 16:29:03 - [TEST_STEP][PASSED] - M4_spin_total_bonus_win_this_round = total_bonus_win_this_round: null

2019-08-15 16:29:03 - [TEST_STEP][PASSED] - M4_spin_total_bonus_win_this_round = M4_spin_total_bonus_win_this_round: null

2019-08-15 16:29:03 - [TEST_STEP][PASSED] - println("GlobalVariable.M4_spin_total_bonus_win_this_round is: " + M4_spin_total_bonus_win_this_round): null

2019-08-15 16:29:03 - [MESSAGE][PASSED] - Verify response successfully

2019-08-15 16:29:03 - [MESSAGE][PASSED] - Send request and verify the response successfully

2019-08-15 16:29:03 - [TEST_STEP][PASSED] - if (M4_total_bonus_spins_int != 0 &amp;&amp; M4_spin_reels_symbols[2].contains("WILD_Normal") || M4_spin_reels_symbols[3].contains("WILD_Normal") || M4_spin_reels_symbols[4].contains("WILD_Normal")): null

2019-08-15 16:29:03 - [TEST_STEP][PASSED] - free_spin_reel_counter = free_spin_reel_counter: null

2019-08-15 16:29:03 - [TEST_STEP][PASSED] - M4_spin_reels_symbols = M4_spin_reels_symbols: null

2019-08-15 16:29:03 - [TEST_STEP][PASSED] - M4_total_bonus_spins = M4_total_bonus_spins: null

2019-08-15 16:29:03 - [TEST_STEP][PASSED] - spin_result = sendRequestAndVerify(findTestObject("STG/RGS(M4)/1_M4_spin", ["M4_login_user_id":M4_login_user_id, "rgs_session_token":rgs_session_token, "partner":Partner])): Send request and verify the response successfully

2019-08-15 16:29:03 - [TEST_CASE][PASSED] - Start Test Case : Verification: Verification accomplished successfully

2019-08-15 16:29:03 - [TEST_STEP][PASSED] - request = getInstance().getCurrentRequest(): null

2019-08-15 16:29:04 - [TEST_STEP][PASSED] - response = getInstance().getCurrentResponse(): null

2019-08-15 16:29:04 - [TEST_STEP][PASSED] - verifyResponseStatusCode(response, 200): Verify response status code successfully

2019-08-15 16:29:04 - [MESSAGE][PASSED] - Verify response status code successfully

2019-08-15 16:29:04 - [TEST_STEP][PASSED] - getStatusCode()).isEqualTo(200): null

2019-08-15 16:29:04 - [TEST_STEP][PASSED] - newline = System.getProperty("line.separator"): null

2019-08-15 16:29:04 - [TEST_STEP][PASSED] - M4_spin = new groovy.json.JsonSlurper(): null

2019-08-15 16:29:04 - [TEST_STEP][PASSED] - result_M4_spin = M4_spin.parseText(response.getResponseBodyContent()): null

2019-08-15 16:29:04 - [TEST_STEP][PASSED] - M4_spin_current_balance = current_balance: null

2019-08-15 16:29:04 - [TEST_STEP][PASSED] - M4_spin_current_balance = M4_spin_current_balance: null

2019-08-15 16:29:04 - [TEST_STEP][PASSED] - M4_spin_transaction_id = causality: null

2019-08-15 16:29:04 - [TEST_STEP][PASSED] - M4_spin_transaction_id = M4_spin_transaction_id: null

2019-08-15 16:29:04 - [TEST_STEP][PASSED] - M4_spin_round_id = round_id: null

2019-08-15 16:29:04 - [TEST_STEP][PASSED] - M4_spin_round_id = M4_spin_round_id: null

2019-08-15 16:29:04 - [TEST_STEP][PASSED] - M4_spin_line_wins = line_wins: null

2019-08-15 16:29:04 - [TEST_STEP][PASSED] - M4_spin_line_wins = M4_spin_line_wins: null

2019-08-15 16:29:04 - [TEST_STEP][PASSED] - M4_total_bonus_spins_int = total_bonus_spins: null

2019-08-15 16:29:04 - [TEST_STEP][PASSED] - println("******M4_total_bonus_spins type is:*******" + newline + getClass().getName()): null

2019-08-15 16:29:04 - [TEST_STEP][PASSED] - M4_total_bonus_spins_int = M4_total_bonus_spins_int: null

2019-08-15 16:29:04 - [TEST_STEP][PASSED] - M4_total_bonus_spins = Integer.toString(M4_total_bonus_spins_int): null

2019-08-15 16:29:04 - [TEST_STEP][PASSED] - M4_total_bonus_spins = M4_total_bonus_spins: null

2019-08-15 16:29:04 - [TEST_STEP][PASSED] - println("M4_total_bonus_spins is:" + M4_total_bonus_spins): null

2019-08-15 16:29:04 - [TEST_STEP][PASSED] - M4_spin_bonus_data = bonus_data: null

2019-08-15 16:29:04 - [TEST_STEP][PASSED] - M4_spin_features_triggered = result_M4_spin: null

2019-08-15 16:29:04 - [TEST_STEP][PASSED] - wild = []: null

2019-08-15 16:29:04 - [TEST_STEP][PASSED] - wild[0] = "WILD_Expanding": null

2019-08-15 16:29:04 - [TEST_STEP][PASSED] - wild[1] = "WILD_Normal": null

2019-08-15 16:29:04 - [TEST_STEP][PASSED] - wild[2] = "WILD_Double": null

2019-08-15 16:29:04 - [TEST_STEP][PASSED] - wild[3] = "WILD_ExtraFG": null

2019-08-15 16:29:04 - [TEST_STEP][PASSED] - wild[4] = "WILD_Triple": null

2019-08-15 16:29:04 - [TEST_STEP][PASSED] - wildList = Arrays.asList(wild): null

2019-08-15 16:29:04 - [TEST_STEP][PASSED] - wildList = wildList: null

2019-08-15 16:29:04 - [TEST_STEP][PASSED] - free_spin_reel_counter = []: null

2019-08-15 16:29:04 - [TEST_STEP][PASSED] - free_spin_reel_counter[0] = 0: null

2019-08-15 16:29:04 - [TEST_STEP][PASSED] - free_spin_reel_counter[1] = 0: null

2019-08-15 16:29:04 - [TEST_STEP][PASSED] - free_spin_reel_counter[2] = 0: null

2019-08-15 16:29:04 - [TEST_STEP][PASSED] - M4_spin_reels = reels: null

2019-08-15 16:29:04 - [TEST_STEP][PASSED] - for ([i = 0, i &lt; M4_spin_reels.size(), (i++)]): null

2019-08-15 16:29:04 - [TEST_STEP][PASSED] - symbols = symbols: null

2019-08-15 16:29:04 - [TEST_STEP][PASSED] - for ([j = 0, j &lt; symbols.size(), (j++)]): null

2019-08-15 16:29:04 - [TEST_STEP][PASSED] - symbol = symbol: null

2019-08-15 16:29:04 - [TEST_STEP][PASSED] - println(symbol): null

2019-08-15 16:29:04 - [TEST_STEP][PASSED] - if (i == 2 &amp;&amp; wildList.indexOf(symbol) != -1): null

2019-08-15 16:29:04 - [TEST_STEP][PASSED] - if (i == 3 &amp;&amp; wildList.indexOf(symbol) != -1): null

2019-08-15 16:29:04 - [TEST_STEP][PASSED] - if (i == 4 &amp;&amp; wildList.indexOf(symbol) != -1): null

2019-08-15 16:29:04 - [TEST_STEP][PASSED] - symbol = symbol: null

2019-08-15 16:29:04 - [TEST_STEP][PASSED] - println(symbol): null

2019-08-15 16:29:04 - [TEST_STEP][PASSED] - if (i == 2 &amp;&amp; wildList.indexOf(symbol) != -1): null

2019-08-15 16:29:04 - [TEST_STEP][PASSED] - if (i == 3 &amp;&amp; wildList.indexOf(symbol) != -1): null

2019-08-15 16:29:04 - [TEST_STEP][PASSED] - if (i == 4 &amp;&amp; wildList.indexOf(symbol) != -1): null

2019-08-15 16:29:04 - [TEST_STEP][PASSED] - symbol = symbol: null

2019-08-15 16:29:04 - [TEST_STEP][PASSED] - println(symbol): null

2019-08-15 16:29:04 - [TEST_STEP][PASSED] - if (i == 2 &amp;&amp; wildList.indexOf(symbol) != -1): null

2019-08-15 16:29:04 - [TEST_STEP][PASSED] - if (i == 3 &amp;&amp; wildList.indexOf(symbol) != -1): null

2019-08-15 16:29:04 - [TEST_STEP][PASSED] - if (i == 4 &amp;&amp; wildList.indexOf(symbol) != -1): null

2019-08-15 16:29:04 - [TEST_STEP][PASSED] - symbols = symbols: null

2019-08-15 16:29:04 - [TEST_STEP][PASSED] - for ([j = 0, j &lt; symbols.size(), (j++)]): null

2019-08-15 16:29:04 - [TEST_STEP][PASSED] - symbol = symbol: null

2019-08-15 16:29:04 - [TEST_STEP][PASSED] - println(symbol): null

2019-08-15 16:29:04 - [TEST_STEP][PASSED] - if (i == 2 &amp;&amp; wildList.indexOf(symbol) != -1): null

2019-08-15 16:29:04 - [TEST_STEP][PASSED] - if (i == 3 &amp;&amp; wildList.indexOf(symbol) != -1): null

2019-08-15 16:29:04 - [TEST_STEP][PASSED] - if (i == 4 &amp;&amp; wildList.indexOf(symbol) != -1): null

2019-08-15 16:29:04 - [TEST_STEP][PASSED] - symbol = symbol: null

2019-08-15 16:29:04 - [TEST_STEP][PASSED] - println(symbol): null

2019-08-15 16:29:04 - [TEST_STEP][PASSED] - if (i == 2 &amp;&amp; wildList.indexOf(symbol) != -1): null

2019-08-15 16:29:04 - [TEST_STEP][PASSED] - if (i == 3 &amp;&amp; wildList.indexOf(symbol) != -1): null

2019-08-15 16:29:04 - [TEST_STEP][PASSED] - if (i == 4 &amp;&amp; wildList.indexOf(symbol) != -1): null

2019-08-15 16:29:04 - [TEST_STEP][PASSED] - symbol = symbol: null

2019-08-15 16:29:04 - [TEST_STEP][PASSED] - println(symbol): null

2019-08-15 16:29:04 - [TEST_STEP][PASSED] - if (i == 2 &amp;&amp; wildList.indexOf(symbol) != -1): null

2019-08-15 16:29:04 - [TEST_STEP][PASSED] - if (i == 3 &amp;&amp; wildList.indexOf(symbol) != -1): null

2019-08-15 16:29:04 - [TEST_STEP][PASSED] - if (i == 4 &amp;&amp; wildList.indexOf(symbol) != -1): null

2019-08-15 16:29:04 - [TEST_STEP][PASSED] - symbols = symbols: null

2019-08-15 16:29:04 - [TEST_STEP][PASSED] - for ([j = 0, j &lt; symbols.size(), (j++)]): null

2019-08-15 16:29:04 - [TEST_STEP][PASSED] - symbol = symbol: null

2019-08-15 16:29:04 - [TEST_STEP][PASSED] - println(symbol): null

2019-08-15 16:29:04 - [TEST_STEP][PASSED] - if (i == 2 &amp;&amp; wildList.indexOf(symbol) != -1): null

2019-08-15 16:29:04 - [TEST_STEP][PASSED] - if (i == 3 &amp;&amp; wildList.indexOf(symbol) != -1): null

2019-08-15 16:29:04 - [TEST_STEP][PASSED] - if (i == 4 &amp;&amp; wildList.indexOf(symbol) != -1): null

2019-08-15 16:29:04 - [TEST_STEP][PASSED] - symbol = symbol: null

2019-08-15 16:29:04 - [TEST_STEP][PASSED] - println(symbol): null

2019-08-15 16:29:04 - [TEST_STEP][PASSED] - if (i == 2 &amp;&amp; wildList.indexOf(symbol) != -1): null

2019-08-15 16:29:04 - [TEST_STEP][PASSED] - if (i == 3 &amp;&amp; wildList.indexOf(symbol) != -1): null

2019-08-15 16:29:04 - [TEST_STEP][PASSED] - if (i == 4 &amp;&amp; wildList.indexOf(symbol) != -1): null

2019-08-15 16:29:04 - [TEST_STEP][PASSED] - symbol = symbol: null

2019-08-15 16:29:04 - [TEST_STEP][PASSED] - println(symbol): null

2019-08-15 16:29:04 - [TEST_STEP][PASSED] - if (i == 2 &amp;&amp; wildList.indexOf(symbol) != -1): null

2019-08-15 16:29:04 - [TEST_STEP][PASSED] - if (i == 3 &amp;&amp; wildList.indexOf(symbol) != -1): null

2019-08-15 16:29:04 - [TEST_STEP][PASSED] - if (i == 4 &amp;&amp; wildList.indexOf(symbol) != -1): null

2019-08-15 16:29:07 - [TEST_STEP][PASSED] - symbols = symbols: null

2019-08-15 16:29:07 - [TEST_STEP][PASSED] - for ([j = 0, j &lt; symbols.size(), (j++)]): null

2019-08-15 16:29:07 - [TEST_STEP][PASSED] - symbol = symbol: null

2019-08-15 16:29:07 - [TEST_STEP][PASSED] - println(symbol): null

2019-08-15 16:29:07 - [TEST_STEP][PASSED] - if (i == 2 &amp;&amp; wildList.indexOf(symbol) != -1): null

2019-08-15 16:29:07 - [TEST_STEP][PASSED] - if (i == 3 &amp;&amp; wildList.indexOf(symbol) != -1): null

2019-08-15 16:29:07 - [TEST_STEP][PASSED] - if (i == 4 &amp;&amp; wildList.indexOf(symbol) != -1): null

2019-08-15 16:29:07 - [TEST_STEP][PASSED] - symbol = symbol: null

2019-08-15 16:29:07 - [TEST_STEP][PASSED] - println(symbol): null

2019-08-15 16:29:07 - [TEST_STEP][PASSED] - if (i == 2 &amp;&amp; wildList.indexOf(symbol) != -1): null

2019-08-15 16:29:07 - [TEST_STEP][PASSED] - if (i == 3 &amp;&amp; wildList.indexOf(symbol) != -1): null

2019-08-15 16:29:09 - [TEST_STEP][PASSED] - if (i == 4 &amp;&amp; wildList.indexOf(symbol) != -1): null

2019-08-15 16:29:09 - [TEST_STEP][PASSED] - symbol = symbol: null

2019-08-15 16:29:09 - [TEST_STEP][PASSED] - println(symbol): null

2019-08-15 16:29:09 - [TEST_STEP][PASSED] - if (i == 2 &amp;&amp; wildList.indexOf(symbol) != -1): null

2019-08-15 16:29:09 - [TEST_STEP][PASSED] - if (i == 3 &amp;&amp; wildList.indexOf(symbol) != -1): null

2019-08-15 16:29:09 - [TEST_STEP][PASSED] - if (i == 4 &amp;&amp; wildList.indexOf(symbol) != -1): null

2019-08-15 16:29:09 - [TEST_STEP][PASSED] - symbols = symbols: null

2019-08-15 16:29:09 - [TEST_STEP][PASSED] - for ([j = 0, j &lt; symbols.size(), (j++)]): null

2019-08-15 16:29:09 - [TEST_STEP][PASSED] - symbol = symbol: null

2019-08-15 16:29:09 - [TEST_STEP][PASSED] - println(symbol): null

2019-08-15 16:29:09 - [TEST_STEP][PASSED] - if (i == 2 &amp;&amp; wildList.indexOf(symbol) != -1): null

2019-08-15 16:29:09 - [TEST_STEP][PASSED] - if (i == 3 &amp;&amp; wildList.indexOf(symbol) != -1): null

2019-08-15 16:29:09 - [TEST_STEP][PASSED] - if (i == 4 &amp;&amp; wildList.indexOf(symbol) != -1): null

2019-08-15 16:29:09 - [TEST_STEP][PASSED] - symbol = symbol: null

2019-08-15 16:29:09 - [TEST_STEP][PASSED] - println(symbol): null

2019-08-15 16:29:09 - [TEST_STEP][PASSED] - if (i == 2 &amp;&amp; wildList.indexOf(symbol) != -1): null

2019-08-15 16:29:09 - [TEST_STEP][PASSED] - if (i == 3 &amp;&amp; wildList.indexOf(symbol) != -1): null

2019-08-15 16:29:09 - [TEST_STEP][PASSED] - if (i == 4 &amp;&amp; wildList.indexOf(symbol) != -1): null

2019-08-15 16:29:09 - [TEST_STEP][PASSED] - symbol = symbol: null

2019-08-15 16:29:09 - [TEST_STEP][PASSED] - println(symbol): null

2019-08-15 16:29:09 - [TEST_STEP][PASSED] - if (i == 2 &amp;&amp; wildList.indexOf(symbol) != -1): null

2019-08-15 16:29:09 - [TEST_STEP][PASSED] - if (i == 3 &amp;&amp; wildList.indexOf(symbol) != -1): null

2019-08-15 16:29:09 - [TEST_STEP][PASSED] - if (i == 4 &amp;&amp; wildList.indexOf(symbol) != -1): null

2019-08-15 16:29:09 - [TEST_STEP][PASSED] - println("wild found on reel 5, adding counter by 1"): null

2019-08-15 16:29:09 - [TEST_STEP][PASSED] - free_spin_reel_counter[2] = free_spin_reel_counter[2] + 1: null

2019-08-15 16:29:09 - [TEST_STEP][PASSED] - free_spin_reel_counter = free_spin_reel_counter: null

2019-08-15 16:29:09 - [TEST_STEP][PASSED] - println("reel 3 wild found: " + free_spin_reel_counter[0]): null

2019-08-15 16:29:09 - [TEST_STEP][PASSED] - println("reel 4 wild found: " + free_spin_reel_counter[1]): null

2019-08-15 16:29:09 - [TEST_STEP][PASSED] - println("reel 5 wild found: " + free_spin_reel_counter[2]): null

2019-08-15 16:29:09 - [TEST_STEP][PASSED] - M4_spin_reels = M4_spin_reels: null

2019-08-15 16:29:09 - [TEST_STEP][PASSED] - M4_spin_reels_symbols = symbol: null

2019-08-15 16:29:09 - [TEST_STEP][PASSED] - M4_spin_reels_symbols = M4_spin_reels_symbols: null

2019-08-15 16:29:09 - [TEST_STEP][PASSED] - M4_spin_reel_wins = reel_wins: null

2019-08-15 16:29:09 - [TEST_STEP][PASSED] - M4_spin_reel_wins = M4_spin_reel_wins: null

2019-08-15 16:29:09 - [TEST_STEP][PASSED] - println("GlobalVariable.M4_spin_reel_wins is: " + M4_spin_reel_wins): null

2019-08-15 16:29:09 - [TEST_STEP][PASSED] - M4_spin_total_bonus_win_this_round = total_bonus_win_this_round: null

2019-08-15 16:29:09 - [TEST_STEP][PASSED] - M4_spin_total_bonus_win_this_round = M4_spin_total_bonus_win_this_round: null

2019-08-15 16:29:09 - [TEST_STEP][PASSED] - println("GlobalVariable.M4_spin_total_bonus_win_this_round is: " + M4_spin_total_bonus_win_this_round): null

2019-08-15 16:29:09 - [MESSAGE][PASSED] - Verify response successfully

2019-08-15 16:29:09 - [MESSAGE][PASSED] - Send request and verify the response successfully

2019-08-15 16:29:09 - [TEST_STEP][PASSED] - if (M4_total_bonus_spins_int != 0 &amp;&amp; M4_spin_reels_symbols[2].contains("WILD_Normal") || M4_spin_reels_symbols[3].contains("WILD_Normal") || M4_spin_reels_symbols[4].contains("WILD_Normal")): null

2019-08-15 16:29:09 - [TEST_STEP][PASSED] - free_spin_reel_counter = free_spin_reel_counter: null

2019-08-15 16:29:09 - [TEST_STEP][PASSED] - M4_spin_reels_symbols = M4_spin_reels_symbols: null

2019-08-15 16:29:09 - [TEST_STEP][PASSED] - M4_total_bonus_spins = M4_total_bonus_spins: null

2019-08-15 16:29:09 - [TEST_STEP][PASSED] - spin_result = sendRequestAndVerify(findTestObject("STG/RGS(M4)/1_M4_spin", ["M4_login_user_id":M4_login_user_id, "rgs_session_token":rgs_session_token, "partner":Partner])): Send request and verify the response successfully

2019-08-15 16:29:09 - [TEST_CASE][PASSED] - Start Test Case : Verification: Verification accomplished successfully

2019-08-15 16:29:09 - [TEST_STEP][PASSED] - request = getInstance().getCurrentRequest(): null

2019-08-15 16:29:09 - [TEST_STEP][PASSED] - response = getInstance().getCurrentResponse(): null

2019-08-15 16:29:09 - [TEST_STEP][PASSED] - verifyResponseStatusCode(response, 200): Verify response status code successfully

2019-08-15 16:29:09 - [MESSAGE][PASSED] - Verify response status code successfully

2019-08-15 16:29:09 - [TEST_STEP][PASSED] - getStatusCode()).isEqualTo(200): null

2019-08-15 16:29:09 - [TEST_STEP][PASSED] - newline = System.getProperty("line.separator"): null

2019-08-15 16:29:09 - [TEST_STEP][PASSED] - M4_spin = new groovy.json.JsonSlurper(): null

2019-08-15 16:29:09 - [TEST_STEP][PASSED] - result_M4_spin = M4_spin.parseText(response.getResponseBodyContent()): null

2019-08-15 16:29:09 - [TEST_STEP][PASSED] - M4_spin_current_balance = current_balance: null

2019-08-15 16:29:09 - [TEST_STEP][PASSED] - M4_spin_current_balance = M4_spin_current_balance: null

2019-08-15 16:29:09 - [TEST_STEP][PASSED] - M4_spin_transaction_id = causality: null

2019-08-15 16:29:09 - [TEST_STEP][PASSED] - M4_spin_transaction_id = M4_spin_transaction_id: null

2019-08-15 16:29:09 - [TEST_STEP][PASSED] - M4_spin_round_id = round_id: null

2019-08-15 16:29:09 - [TEST_STEP][PASSED] - M4_spin_round_id = M4_spin_round_id: null

2019-08-15 16:29:09 - [TEST_STEP][PASSED] - M4_spin_line_wins = line_wins: null

2019-08-15 16:29:09 - [TEST_STEP][PASSED] - M4_spin_line_wins = M4_spin_line_wins: null

2019-08-15 16:29:09 - [TEST_STEP][PASSED] - M4_total_bonus_spins_int = total_bonus_spins: null

2019-08-15 16:29:09 - [TEST_STEP][PASSED] - println("******M4_total_bonus_spins type is:*******" + newline + getClass().getName()): null

2019-08-15 16:29:09 - [TEST_STEP][PASSED] - M4_total_bonus_spins_int = M4_total_bonus_spins_int: null

2019-08-15 16:29:09 - [TEST_STEP][PASSED] - M4_total_bonus_spins = Integer.toString(M4_total_bonus_spins_int): null

2019-08-15 16:29:09 - [TEST_STEP][PASSED] - M4_total_bonus_spins = M4_total_bonus_spins: null

2019-08-15 16:29:09 - [TEST_STEP][PASSED] - println("M4_total_bonus_spins is:" + M4_total_bonus_spins): null

2019-08-15 16:29:09 - [TEST_STEP][PASSED] - M4_spin_bonus_data = bonus_data: null

2019-08-15 16:29:09 - [TEST_STEP][PASSED] - M4_spin_features_triggered = result_M4_spin: null

2019-08-15 16:29:09 - [TEST_STEP][PASSED] - wild = []: null

2019-08-15 16:29:09 - [TEST_STEP][PASSED] - wild[0] = "WILD_Expanding": null

2019-08-15 16:29:09 - [TEST_STEP][PASSED] - wild[1] = "WILD_Normal": null

2019-08-15 16:29:09 - [TEST_STEP][PASSED] - wild[2] = "WILD_Double": null

2019-08-15 16:29:09 - [TEST_STEP][PASSED] - wild[3] = "WILD_ExtraFG": null

2019-08-15 16:29:09 - [TEST_STEP][PASSED] - wild[4] = "WILD_Triple": null

2019-08-15 16:29:09 - [TEST_STEP][PASSED] - wildList = Arrays.asList(wild): null

2019-08-15 16:29:09 - [TEST_STEP][PASSED] - wildList = wildList: null

2019-08-15 16:29:09 - [TEST_STEP][PASSED] - free_spin_reel_counter = []: null

2019-08-15 16:29:09 - [TEST_STEP][PASSED] - free_spin_reel_counter[0] = 0: null

2019-08-15 16:29:09 - [TEST_STEP][PASSED] - free_spin_reel_counter[1] = 0: null

2019-08-15 16:29:09 - [TEST_STEP][PASSED] - free_spin_reel_counter[2] = 0: null

2019-08-15 16:29:09 - [TEST_STEP][PASSED] - M4_spin_reels = reels: null

2019-08-15 16:29:09 - [TEST_STEP][PASSED] - for ([i = 0, i &lt; M4_spin_reels.size(), (i++)]): null

2019-08-15 16:29:09 - [TEST_STEP][PASSED] - symbols = symbols: null

2019-08-15 16:29:09 - [TEST_STEP][PASSED] - for ([j = 0, j &lt; symbols.size(), (j++)]): null

2019-08-15 16:29:09 - [TEST_STEP][PASSED] - symbol = symbol: null

2019-08-15 16:29:09 - [TEST_STEP][PASSED] - println(symbol): null

2019-08-15 16:29:09 - [TEST_STEP][PASSED] - if (i == 2 &amp;&amp; wildList.indexOf(symbol) != -1): null

2019-08-15 16:29:09 - [TEST_STEP][PASSED] - if (i == 3 &amp;&amp; wildList.indexOf(symbol) != -1): null

2019-08-15 16:29:09 - [TEST_STEP][PASSED] - if (i == 4 &amp;&amp; wildList.indexOf(symbol) != -1): null

2019-08-15 16:29:09 - [TEST_STEP][PASSED] - symbol = symbol: null

2019-08-15 16:29:09 - [TEST_STEP][PASSED] - println(symbol): null

2019-08-15 16:29:09 - [TEST_STEP][PASSED] - if (i == 2 &amp;&amp; wildList.indexOf(symbol) != -1): null

2019-08-15 16:29:09 - [TEST_STEP][PASSED] - if (i == 3 &amp;&amp; wildList.indexOf(symbol) != -1): null

2019-08-15 16:29:09 - [TEST_STEP][PASSED] - if (i == 4 &amp;&amp; wildList.indexOf(symbol) != -1): null

2019-08-15 16:29:09 - [TEST_STEP][PASSED] - symbol = symbol: null

2019-08-15 16:29:09 - [TEST_STEP][PASSED] - println(symbol): null

2019-08-15 16:29:09 - [TEST_STEP][PASSED] - if (i == 2 &amp;&amp; wildList.indexOf(symbol) != -1): null

2019-08-15 16:29:09 - [TEST_STEP][PASSED] - if (i == 3 &amp;&amp; wildList.indexOf(symbol) != -1): null

2019-08-15 16:29:09 - [TEST_STEP][PASSED] - if (i == 4 &amp;&amp; wildList.indexOf(symbol) != -1): null

2019-08-15 16:29:09 - [TEST_STEP][PASSED] - symbols = symbols: null

2019-08-15 16:29:09 - [TEST_STEP][PASSED] - for ([j = 0, j &lt; symbols.size(), (j++)]): null

2019-08-15 16:29:09 - [TEST_STEP][PASSED] - symbol = symbol: null

2019-08-15 16:29:09 - [TEST_STEP][PASSED] - println(symbol): null

2019-08-15 16:29:09 - [TEST_STEP][PASSED] - if (i == 2 &amp;&amp; wildList.indexOf(symbol) != -1): null

2019-08-15 16:29:09 - [TEST_STEP][PASSED] - if (i == 3 &amp;&amp; wildList.indexOf(symbol) != -1): null

2019-08-15 16:29:09 - [TEST_STEP][PASSED] - if (i == 4 &amp;&amp; wildList.indexOf(symbol) != -1): null

2019-08-15 16:29:09 - [TEST_STEP][PASSED] - symbol = symbol: null

2019-08-15 16:29:09 - [TEST_STEP][PASSED] - println(symbol): null

2019-08-15 16:29:09 - [TEST_STEP][PASSED] - if (i == 2 &amp;&amp; wildList.indexOf(symbol) != -1): null

2019-08-15 16:29:09 - [TEST_STEP][PASSED] - if (i == 3 &amp;&amp; wildList.indexOf(symbol) != -1): null

2019-08-15 16:29:09 - [TEST_STEP][PASSED] - if (i == 4 &amp;&amp; wildList.indexOf(symbol) != -1): null

2019-08-15 16:29:09 - [TEST_STEP][PASSED] - symbol = symbol: null

2019-08-15 16:29:09 - [TEST_STEP][PASSED] - println(symbol): null

2019-08-15 16:29:09 - [TEST_STEP][PASSED] - if (i == 2 &amp;&amp; wildList.indexOf(symbol) != -1): null

2019-08-15 16:29:09 - [TEST_STEP][PASSED] - if (i == 3 &amp;&amp; wildList.indexOf(symbol) != -1): null

2019-08-15 16:29:09 - [TEST_STEP][PASSED] - if (i == 4 &amp;&amp; wildList.indexOf(symbol) != -1): null

2019-08-15 16:29:09 - [TEST_STEP][PASSED] - symbols = symbols: null

2019-08-15 16:29:09 - [TEST_STEP][PASSED] - for ([j = 0, j &lt; symbols.size(), (j++)]): null

2019-08-15 16:29:09 - [TEST_STEP][PASSED] - symbol = symbol: null

2019-08-15 16:29:09 - [TEST_STEP][PASSED] - println(symbol): null

2019-08-15 16:29:09 - [TEST_STEP][PASSED] - if (i == 2 &amp;&amp; wildList.indexOf(symbol) != -1): null

2019-08-15 16:29:09 - [TEST_STEP][PASSED] - if (i == 3 &amp;&amp; wildList.indexOf(symbol) != -1): null

2019-08-15 16:29:09 - [TEST_STEP][PASSED] - if (i == 4 &amp;&amp; wildList.indexOf(symbol) != -1): null

2019-08-15 16:29:09 - [TEST_STEP][PASSED] - symbol = symbol: null

2019-08-15 16:29:09 - [TEST_STEP][PASSED] - println(symbol): null

2019-08-15 16:29:09 - [TEST_STEP][PASSED] - if (i == 2 &amp;&amp; wildList.indexOf(symbol) != -1): null

2019-08-15 16:29:09 - [TEST_STEP][PASSED] - if (i == 3 &amp;&amp; wildList.indexOf(symbol) != -1): null

2019-08-15 16:29:09 - [TEST_STEP][PASSED] - if (i == 4 &amp;&amp; wildList.indexOf(symbol) != -1): null

2019-08-15 16:29:09 - [TEST_STEP][PASSED] - symbol = symbol: null

2019-08-15 16:29:09 - [TEST_STEP][PASSED] - println(symbol): null

2019-08-15 16:29:09 - [TEST_STEP][PASSED] - if (i == 2 &amp;&amp; wildList.indexOf(symbol) != -1): null

2019-08-15 16:29:09 - [TEST_STEP][PASSED] - if (i == 3 &amp;&amp; wildList.indexOf(symbol) != -1): null

2019-08-15 16:29:09 - [TEST_STEP][PASSED] - if (i == 4 &amp;&amp; wildList.indexOf(symbol) != -1): null

2019-08-15 16:29:09 - [TEST_STEP][PASSED] - symbols = symbols: null

2019-08-15 16:29:09 - [TEST_STEP][PASSED] - for ([j = 0, j &lt; symbols.size(), (j++)]): null

2019-08-15 16:29:09 - [TEST_STEP][PASSED] - symbol = symbol: null

2019-08-15 16:29:09 - [TEST_STEP][PASSED] - println(symbol): null

2019-08-15 16:29:09 - [TEST_STEP][PASSED] - if (i == 2 &amp;&amp; wildList.indexOf(symbol) != -1): null

2019-08-15 16:29:09 - [TEST_STEP][PASSED] - if (i == 3 &amp;&amp; wildList.indexOf(symbol) != -1): null

2019-08-15 16:29:09 - [TEST_STEP][PASSED] - if (i == 4 &amp;&amp; wildList.indexOf(symbol) != -1): null

2019-08-15 16:29:09 - [TEST_STEP][PASSED] - symbol = symbol: null

2019-08-15 16:29:09 - [TEST_STEP][PASSED] - println(symbol): null

2019-08-15 16:29:09 - [TEST_STEP][PASSED] - if (i == 2 &amp;&amp; wildList.indexOf(symbol) != -1): null

2019-08-15 16:29:09 - [TEST_STEP][PASSED] - if (i == 3 &amp;&amp; wildList.indexOf(symbol) != -1): null

2019-08-15 16:29:09 - [TEST_STEP][PASSED] - if (i == 4 &amp;&amp; wildList.indexOf(symbol) != -1): null

2019-08-15 16:29:09 - [TEST_STEP][PASSED] - symbol = symbol: null

2019-08-15 16:29:09 - [TEST_STEP][PASSED] - println(symbol): null

2019-08-15 16:29:09 - [TEST_STEP][PASSED] - if (i == 2 &amp;&amp; wildList.indexOf(symbol) != -1): null

2019-08-15 16:29:09 - [TEST_STEP][PASSED] - if (i == 3 &amp;&amp; wildList.indexOf(symbol) != -1): null

2019-08-15 16:29:09 - [TEST_STEP][PASSED] - if (i == 4 &amp;&amp; wildList.indexOf(symbol) != -1): null

2019-08-15 16:29:09 - [TEST_STEP][PASSED] - symbols = symbols: null

2019-08-15 16:29:09 - [TEST_STEP][PASSED] - for ([j = 0, j &lt; symbols.size(), (j++)]): null

2019-08-15 16:29:09 - [TEST_STEP][PASSED] - symbol = symbol: null

2019-08-15 16:29:09 - [TEST_STEP][PASSED] - println(symbol): null

2019-08-15 16:29:09 - [TEST_STEP][PASSED] - if (i == 2 &amp;&amp; wildList.indexOf(symbol) != -1): null

2019-08-15 16:29:09 - [TEST_STEP][PASSED] - if (i == 3 &amp;&amp; wildList.indexOf(symbol) != -1): null

2019-08-15 16:29:09 - [TEST_STEP][PASSED] - if (i == 4 &amp;&amp; wildList.indexOf(symbol) != -1): null

2019-08-15 16:29:09 - [TEST_STEP][PASSED] - symbol = symbol: null

2019-08-15 16:29:09 - [TEST_STEP][PASSED] - println(symbol): null

2019-08-15 16:29:09 - [TEST_STEP][PASSED] - if (i == 2 &amp;&amp; wildList.indexOf(symbol) != -1): null

2019-08-15 16:29:09 - [TEST_STEP][PASSED] - if (i == 3 &amp;&amp; wildList.indexOf(symbol) != -1): null

2019-08-15 16:29:09 - [TEST_STEP][PASSED] - if (i == 4 &amp;&amp; wildList.indexOf(symbol) != -1): null

2019-08-15 16:29:09 - [TEST_STEP][PASSED] - symbol = symbol: null

2019-08-15 16:29:09 - [TEST_STEP][PASSED] - println(symbol): null

2019-08-15 16:29:09 - [TEST_STEP][PASSED] - if (i == 2 &amp;&amp; wildList.indexOf(symbol) != -1): null

2019-08-15 16:29:09 - [TEST_STEP][PASSED] - if (i == 3 &amp;&amp; wildList.indexOf(symbol) != -1): null

2019-08-15 16:29:09 - [TEST_STEP][PASSED] - if (i == 4 &amp;&amp; wildList.indexOf(symbol) != -1): null

2019-08-15 16:29:09 - [TEST_STEP][PASSED] - free_spin_reel_counter = free_spin_reel_counter: null

2019-08-15 16:29:09 - [TEST_STEP][PASSED] - println("reel 3 wild found: " + free_spin_reel_counter[0]): null

2019-08-15 16:29:09 - [TEST_STEP][PASSED] - println("reel 4 wild found: " + free_spin_reel_counter[1]): null

2019-08-15 16:29:09 - [TEST_STEP][PASSED] - println("reel 5 wild found: " + free_spin_reel_counter[2]): null

2019-08-15 16:29:09 - [TEST_STEP][PASSED] - M4_spin_reels = M4_spin_reels: null

2019-08-15 16:29:09 - [TEST_STEP][PASSED] - M4_spin_reels_symbols = symbol: null

2019-08-15 16:29:09 - [TEST_STEP][PASSED] - M4_spin_reels_symbols = M4_spin_reels_symbols: null

2019-08-15 16:29:09 - [TEST_STEP][PASSED] - M4_spin_reel_wins = reel_wins: null

2019-08-15 16:29:09 - [TEST_STEP][PASSED] - M4_spin_reel_wins = M4_spin_reel_wins: null

2019-08-15 16:29:09 - [TEST_STEP][PASSED] - println("GlobalVariable.M4_spin_reel_wins is: " + M4_spin_reel_wins): null

2019-08-15 16:29:09 - [TEST_STEP][PASSED] - M4_spin_total_bonus_win_this_round = total_bonus_win_this_round: null

2019-08-15 16:29:09 - [TEST_STEP][PASSED] - M4_spin_total_bonus_win_this_round = M4_spin_total_bonus_win_this_round: null

2019-08-15 16:29:09 - [TEST_STEP][PASSED] - println("GlobalVariable.M4_spin_total_bonus_win_this_round is: " + M4_spin_total_bonus_win_this_round): null

2019-08-15 16:29:09 - [MESSAGE][PASSED] - Verify response successfully

2019-08-15 16:29:09 - [MESSAGE][PASSED] - Send request and verify the response successfully

2019-08-15 16:29:09 - [TEST_STEP][PASSED] - if (M4_total_bonus_spins_int != 0 &amp;&amp; M4_spin_reels_symbols[2].contains("WILD_Normal") || M4_spin_reels_symbols[3].contains("WILD_Normal") || M4_spin_reels_symbols[4].contains("WILD_Normal")): null

2019-08-15 16:29:09 - [TEST_STEP][PASSED] - free_spin_reel_counter = free_spin_reel_counter: null

2019-08-15 16:29:09 - [TEST_STEP][PASSED] - M4_spin_reels_symbols = M4_spin_reels_symbols: null

2019-08-15 16:29:09 - [TEST_STEP][PASSED] - M4_total_bonus_spins = M4_total_bonus_spins: null

2019-08-15 16:29:09 - [TEST_STEP][PASSED] - spin_result = sendRequestAndVerify(findTestObject("STG/RGS(M4)/1_M4_spin", ["M4_login_user_id":M4_login_user_id, "rgs_session_token":rgs_session_token, "partner":Partner])): Send request and verify the response successfully

2019-08-15 16:29:09 - [TEST_CASE][PASSED] - Start Test Case : Verification: Verification accomplished successfully

2019-08-15 16:29:09 - [TEST_STEP][PASSED] - request = getInstance().getCurrentRequest(): null

2019-08-15 16:29:09 - [TEST_STEP][PASSED] - response = getInstance().getCurrentResponse(): null

2019-08-15 16:29:09 - [TEST_STEP][PASSED] - verifyResponseStatusCode(response, 200): Verify response status code successfully

2019-08-15 16:29:09 - [MESSAGE][PASSED] - Verify response status code successfully

2019-08-15 16:29:09 - [TEST_STEP][PASSED] - getStatusCode()).isEqualTo(200): null

2019-08-15 16:29:09 - [TEST_STEP][PASSED] - newline = System.getProperty("line.separator"): null

2019-08-15 16:29:09 - [TEST_STEP][PASSED] - M4_spin = new groovy.json.JsonSlurper(): null

2019-08-15 16:29:09 - [TEST_STEP][PASSED] - result_M4_spin = M4_spin.parseText(response.getResponseBodyContent()): null

2019-08-15 16:29:09 - [TEST_STEP][PASSED] - M4_spin_current_balance = current_balance: null

2019-08-15 16:29:09 - [TEST_STEP][PASSED] - M4_spin_current_balance = M4_spin_current_balance: null

2019-08-15 16:29:09 - [TEST_STEP][PASSED] - M4_spin_transaction_id = causality: null

2019-08-15 16:29:09 - [TEST_STEP][PASSED] - M4_spin_transaction_id = M4_spin_transaction_id: null

2019-08-15 16:29:09 - [TEST_STEP][PASSED] - M4_spin_round_id = round_id: null

2019-08-15 16:29:09 - [TEST_STEP][PASSED] - M4_spin_round_id = M4_spin_round_id: null

2019-08-15 16:29:09 - [TEST_STEP][PASSED] - M4_spin_line_wins = line_wins: null

2019-08-15 16:29:09 - [TEST_STEP][PASSED] - M4_spin_line_wins = M4_spin_line_wins: null

2019-08-15 16:29:09 - [TEST_STEP][PASSED] - M4_total_bonus_spins_int = total_bonus_spins: null

2019-08-15 16:29:09 - [TEST_STEP][PASSED] - println("******M4_total_bonus_spins type is:*******" + newline + getClass().getName()): null

2019-08-15 16:29:09 - [TEST_STEP][PASSED] - M4_total_bonus_spins_int = M4_total_bonus_spins_int: null

2019-08-15 16:29:09 - [TEST_STEP][PASSED] - M4_total_bonus_spins = Integer.toString(M4_total_bonus_spins_int): null

2019-08-15 16:29:09 - [TEST_STEP][PASSED] - M4_total_bonus_spins = M4_total_bonus_spins: null

2019-08-15 16:29:09 - [TEST_STEP][PASSED] - println("M4_total_bonus_spins is:" + M4_total_bonus_spins): null

2019-08-15 16:29:09 - [TEST_STEP][PASSED] - M4_spin_bonus_data = bonus_data: null

2019-08-15 16:29:09 - [TEST_STEP][PASSED] - M4_spin_features_triggered = result_M4_spin: null

2019-08-15 16:29:09 - [TEST_STEP][PASSED] - wild = []: null

2019-08-15 16:29:09 - [TEST_STEP][PASSED] - wild[0] = "WILD_Expanding": null

2019-08-15 16:29:09 - [TEST_STEP][PASSED] - wild[1] = "WILD_Normal": null

2019-08-15 16:29:09 - [TEST_STEP][PASSED] - wild[2] = "WILD_Double": null

2019-08-15 16:29:09 - [TEST_STEP][PASSED] - wild[3] = "WILD_ExtraFG": null

2019-08-15 16:29:09 - [TEST_STEP][PASSED] - wild[4] = "WILD_Triple": null

2019-08-15 16:29:09 - [TEST_STEP][PASSED] - wildList = Arrays.asList(wild): null

2019-08-15 16:29:09 - [TEST_STEP][PASSED] - wildList = wildList: null

2019-08-15 16:29:09 - [TEST_STEP][PASSED] - free_spin_reel_counter = []: null

2019-08-15 16:29:09 - [TEST_STEP][PASSED] - free_spin_reel_counter[0] = 0: null

2019-08-15 16:29:09 - [TEST_STEP][PASSED] - free_spin_reel_counter[1] = 0: null

2019-08-15 16:29:09 - [TEST_STEP][PASSED] - free_spin_reel_counter[2] = 0: null

2019-08-15 16:29:09 - [TEST_STEP][PASSED] - M4_spin_reels = reels: null

2019-08-15 16:29:09 - [TEST_STEP][PASSED] - for ([i = 0, i &lt; M4_spin_reels.size(), (i++)]): null

2019-08-15 16:29:09 - [TEST_STEP][PASSED] - symbols = symbols: null

2019-08-15 16:29:09 - [TEST_STEP][PASSED] - for ([j = 0, j &lt; symbols.size(), (j++)]): null

2019-08-15 16:29:09 - [TEST_STEP][PASSED] - symbol = symbol: null

2019-08-15 16:29:09 - [TEST_STEP][PASSED] - println(symbol): null

2019-08-15 16:29:09 - [TEST_STEP][PASSED] - if (i == 2 &amp;&amp; wildList.indexOf(symbol) != -1): null

2019-08-15 16:29:09 - [TEST_STEP][PASSED] - if (i == 3 &amp;&amp; wildList.indexOf(symbol) != -1): null

2019-08-15 16:29:09 - [TEST_STEP][PASSED] - if (i == 4 &amp;&amp; wildList.indexOf(symbol) != -1): null

2019-08-15 16:29:09 - [TEST_STEP][PASSED] - symbol = symbol: null

2019-08-15 16:29:09 - [TEST_STEP][PASSED] - println(symbol): null

2019-08-15 16:29:09 - [TEST_STEP][PASSED] - if (i == 2 &amp;&amp; wildList.indexOf(symbol) != -1): null

2019-08-15 16:29:09 - [TEST_STEP][PASSED] - if (i == 3 &amp;&amp; wildList.indexOf(symbol) != -1): null

2019-08-15 16:29:09 - [TEST_STEP][PASSED] - if (i == 4 &amp;&amp; wildList.indexOf(symbol) != -1): null

2019-08-15 16:29:09 - [TEST_STEP][PASSED] - symbol = symbol: null

2019-08-15 16:29:09 - [TEST_STEP][PASSED] - println(symbol): null

2019-08-15 16:29:09 - [TEST_STEP][PASSED] - if (i == 2 &amp;&amp; wildList.indexOf(symbol) != -1): null

2019-08-15 16:29:09 - [TEST_STEP][PASSED] - if (i == 3 &amp;&amp; wildList.indexOf(symbol) != -1): null

2019-08-15 16:29:09 - [TEST_STEP][PASSED] - if (i == 4 &amp;&amp; wildList.indexOf(symbol) != -1): null

2019-08-15 16:29:09 - [TEST_STEP][PASSED] - symbols = symbols: null

2019-08-15 16:29:09 - [TEST_STEP][PASSED] - for ([j = 0, j &lt; symbols.size(), (j++)]): null

2019-08-15 16:29:09 - [TEST_STEP][PASSED] - symbol = symbol: null

2019-08-15 16:29:09 - [TEST_STEP][PASSED] - println(symbol): null

2019-08-15 16:29:09 - [TEST_STEP][PASSED] - if (i == 2 &amp;&amp; wildList.indexOf(symbol) != -1): null

2019-08-15 16:29:09 - [TEST_STEP][PASSED] - if (i == 3 &amp;&amp; wildList.indexOf(symbol) != -1): null

2019-08-15 16:29:09 - [TEST_STEP][PASSED] - if (i == 4 &amp;&amp; wildList.indexOf(symbol) != -1): null

2019-08-15 16:29:09 - [TEST_STEP][PASSED] - symbol = symbol: null

2019-08-15 16:29:09 - [TEST_STEP][PASSED] - println(symbol): null

2019-08-15 16:29:09 - [TEST_STEP][PASSED] - if (i == 2 &amp;&amp; wildList.indexOf(symbol) != -1): null

2019-08-15 16:29:09 - [TEST_STEP][PASSED] - if (i == 3 &amp;&amp; wildList.indexOf(symbol) != -1): null

2019-08-15 16:29:09 - [TEST_STEP][PASSED] - if (i == 4 &amp;&amp; wildList.indexOf(symbol) != -1): null

2019-08-15 16:29:09 - [TEST_STEP][PASSED] - symbol = symbol: null

2019-08-15 16:29:09 - [TEST_STEP][PASSED] - println(symbol): null

2019-08-15 16:29:09 - [TEST_STEP][PASSED] - if (i == 2 &amp;&amp; wildList.indexOf(symbol) != -1): null

2019-08-15 16:29:09 - [TEST_STEP][PASSED] - if (i == 3 &amp;&amp; wildList.indexOf(symbol) != -1): null

2019-08-15 16:29:09 - [TEST_STEP][PASSED] - if (i == 4 &amp;&amp; wildList.indexOf(symbol) != -1): null

2019-08-15 16:29:09 - [TEST_STEP][PASSED] - symbols = symbols: null

2019-08-15 16:29:09 - [TEST_STEP][PASSED] - for ([j = 0, j &lt; symbols.size(), (j++)]): null

2019-08-15 16:29:09 - [TEST_STEP][PASSED] - symbol = symbol: null

2019-08-15 16:29:09 - [TEST_STEP][PASSED] - println(symbol): null

2019-08-15 16:29:09 - [TEST_STEP][PASSED] - if (i == 2 &amp;&amp; wildList.indexOf(symbol) != -1): null

2019-08-15 16:29:09 - [TEST_STEP][PASSED] - if (i == 3 &amp;&amp; wildList.indexOf(symbol) != -1): null

2019-08-15 16:29:09 - [TEST_STEP][PASSED] - if (i == 4 &amp;&amp; wildList.indexOf(symbol) != -1): null

2019-08-15 16:29:09 - [TEST_STEP][PASSED] - symbol = symbol: null

2019-08-15 16:29:09 - [TEST_STEP][PASSED] - println(symbol): null

2019-08-15 16:29:09 - [TEST_STEP][PASSED] - if (i == 2 &amp;&amp; wildList.indexOf(symbol) != -1): null

2019-08-15 16:29:09 - [TEST_STEP][PASSED] - if (i == 3 &amp;&amp; wildList.indexOf(symbol) != -1): null

2019-08-15 16:29:09 - [TEST_STEP][PASSED] - if (i == 4 &amp;&amp; wildList.indexOf(symbol) != -1): null

2019-08-15 16:29:09 - [TEST_STEP][PASSED] - symbol = symbol: null

2019-08-15 16:29:09 - [TEST_STEP][PASSED] - println(symbol): null

2019-08-15 16:29:09 - [TEST_STEP][PASSED] - if (i == 2 &amp;&amp; wildList.indexOf(symbol) != -1): null

2019-08-15 16:29:09 - [TEST_STEP][PASSED] - if (i == 3 &amp;&amp; wildList.indexOf(symbol) != -1): null

2019-08-15 16:29:09 - [TEST_STEP][PASSED] - if (i == 4 &amp;&amp; wildList.indexOf(symbol) != -1): null

2019-08-15 16:29:09 - [TEST_STEP][PASSED] - symbols = symbols: null

2019-08-15 16:29:09 - [TEST_STEP][PASSED] - for ([j = 0, j &lt; symbols.size(), (j++)]): null

2019-08-15 16:29:09 - [TEST_STEP][PASSED] - symbol = symbol: null

2019-08-15 16:29:09 - [TEST_STEP][PASSED] - println(symbol): null

2019-08-15 16:29:09 - [TEST_STEP][PASSED] - if (i == 2 &amp;&amp; wildList.indexOf(symbol) != -1): null

2019-08-15 16:29:09 - [TEST_STEP][PASSED] - if (i == 3 &amp;&amp; wildList.indexOf(symbol) != -1): null

2019-08-15 16:29:09 - [TEST_STEP][PASSED] - if (i == 4 &amp;&amp; wildList.indexOf(symbol) != -1): null

2019-08-15 16:29:09 - [TEST_STEP][PASSED] - symbol = symbol: null

2019-08-15 16:29:09 - [TEST_STEP][PASSED] - println(symbol): null

2019-08-15 16:29:09 - [TEST_STEP][PASSED] - if (i == 2 &amp;&amp; wildList.indexOf(symbol) != -1): null

2019-08-15 16:29:09 - [TEST_STEP][PASSED] - if (i == 3 &amp;&amp; wildList.indexOf(symbol) != -1): null

2019-08-15 16:29:09 - [TEST_STEP][PASSED] - if (i == 4 &amp;&amp; wildList.indexOf(symbol) != -1): null

2019-08-15 16:29:09 - [TEST_STEP][PASSED] - symbol = symbol: null

2019-08-15 16:29:09 - [TEST_STEP][PASSED] - println(symbol): null

2019-08-15 16:29:09 - [TEST_STEP][PASSED] - if (i == 2 &amp;&amp; wildList.indexOf(symbol) != -1): null

2019-08-15 16:29:09 - [TEST_STEP][PASSED] - if (i == 3 &amp;&amp; wildList.indexOf(symbol) != -1): null

2019-08-15 16:29:09 - [TEST_STEP][PASSED] - if (i == 4 &amp;&amp; wildList.indexOf(symbol) != -1): null

2019-08-15 16:29:09 - [TEST_STEP][PASSED] - symbols = symbols: null

2019-08-15 16:29:09 - [TEST_STEP][PASSED] - for ([j = 0, j &lt; symbols.size(), (j++)]): null

2019-08-15 16:29:09 - [TEST_STEP][PASSED] - symbol = symbol: null

2019-08-15 16:29:09 - [TEST_STEP][PASSED] - println(symbol): null

2019-08-15 16:29:09 - [TEST_STEP][PASSED] - if (i == 2 &amp;&amp; wildList.indexOf(symbol) != -1): null

2019-08-15 16:29:09 - [TEST_STEP][PASSED] - if (i == 3 &amp;&amp; wildList.indexOf(symbol) != -1): null

2019-08-15 16:29:09 - [TEST_STEP][PASSED] - if (i == 4 &amp;&amp; wildList.indexOf(symbol) != -1): null

2019-08-15 16:29:09 - [TEST_STEP][PASSED] - symbol = symbol: null

2019-08-15 16:29:09 - [TEST_STEP][PASSED] - println(symbol): null

2019-08-15 16:29:09 - [TEST_STEP][PASSED] - if (i == 2 &amp;&amp; wildList.indexOf(symbol) != -1): null

2019-08-15 16:29:09 - [TEST_STEP][PASSED] - if (i == 3 &amp;&amp; wildList.indexOf(symbol) != -1): null

2019-08-15 16:29:09 - [TEST_STEP][PASSED] - if (i == 4 &amp;&amp; wildList.indexOf(symbol) != -1): null

2019-08-15 16:29:09 - [TEST_STEP][PASSED] - symbol = symbol: null

2019-08-15 16:29:09 - [TEST_STEP][PASSED] - println(symbol): null

2019-08-15 16:29:09 - [TEST_STEP][PASSED] - if (i == 2 &amp;&amp; wildList.indexOf(symbol) != -1): null

2019-08-15 16:29:09 - [TEST_STEP][PASSED] - if (i == 3 &amp;&amp; wildList.indexOf(symbol) != -1): null

2019-08-15 16:29:09 - [TEST_STEP][PASSED] - if (i == 4 &amp;&amp; wildList.indexOf(symbol) != -1): null

2019-08-15 16:29:09 - [TEST_STEP][PASSED] - free_spin_reel_counter = free_spin_reel_counter: null

2019-08-15 16:29:09 - [TEST_STEP][PASSED] - println("reel 3 wild found: " + free_spin_reel_counter[0]): null

2019-08-15 16:29:09 - [TEST_STEP][PASSED] - println("reel 4 wild found: " + free_spin_reel_counter[1]): null

2019-08-15 16:29:09 - [TEST_STEP][PASSED] - println("reel 5 wild found: " + free_spin_reel_counter[2]): null

2019-08-15 16:29:09 - [TEST_STEP][PASSED] - M4_spin_reels = M4_spin_reels: null

2019-08-15 16:29:09 - [TEST_STEP][PASSED] - M4_spin_reels_symbols = symbol: null

2019-08-15 16:29:09 - [TEST_STEP][PASSED] - M4_spin_reels_symbols = M4_spin_reels_symbols: null

2019-08-15 16:29:09 - [TEST_STEP][PASSED] - M4_spin_reel_wins = reel_wins: null

2019-08-15 16:29:09 - [TEST_STEP][PASSED] - M4_spin_reel_wins = M4_spin_reel_wins: null

2019-08-15 16:29:14 - [TEST_STEP][PASSED] - println("GlobalVariable.M4_spin_reel_wins is: " + M4_spin_reel_wins): null

2019-08-15 16:29:14 - [TEST_STEP][PASSED] - M4_spin_total_bonus_win_this_round = total_bonus_win_this_round: null

2019-08-15 16:29:14 - [TEST_STEP][PASSED] - M4_spin_total_bonus_win_this_round = M4_spin_total_bonus_win_this_round: null

2019-08-15 16:29:14 - [TEST_STEP][PASSED] - println("GlobalVariable.M4_spin_total_bonus_win_this_round is: " + M4_spin_total_bonus_win_this_round): null

2019-08-15 16:29:14 - [MESSAGE][PASSED] - Verify response successfully

2019-08-15 16:29:14 - [MESSAGE][PASSED] - Send request and verify the response successfully

2019-08-15 16:29:14 - [TEST_STEP][PASSED] - if (M4_total_bonus_spins_int != 0 &amp;&amp; M4_spin_reels_symbols[2].contains("WILD_Normal") || M4_spin_reels_symbols[3].contains("WILD_Normal") || M4_spin_reels_symbols[4].contains("WILD_Normal")): null

2019-08-15 16:29:14 - [TEST_STEP][PASSED] - free_spin_reel_counter = free_spin_reel_counter: null

2019-08-15 16:29:16 - [TEST_STEP][PASSED] - M4_spin_reels_symbols = M4_spin_reels_symbols: null

2019-08-15 16:29:16 - [TEST_STEP][PASSED] - M4_total_bonus_spins = M4_total_bonus_spins: null

2019-08-15 16:29:16 - [TEST_STEP][PASSED] - spin_result = sendRequestAndVerify(findTestObject("STG/RGS(M4)/1_M4_spin", ["M4_login_user_id":M4_login_user_id, "rgs_session_token":rgs_session_token, "partner":Partner])): Send request and verify the response successfully

2019-08-15 16:29:16 - [TEST_CASE][PASSED] - Start Test Case : Verification: Verification accomplished successfully

2019-08-15 16:29:16 - [TEST_STEP][PASSED] - request = getInstance().getCurrentRequest(): null

2019-08-15 16:29:16 - [TEST_STEP][PASSED] - response = getInstance().getCurrentResponse(): null

2019-08-15 16:29:16 - [TEST_STEP][PASSED] - verifyResponseStatusCode(response, 200): Verify response status code successfully

2019-08-15 16:29:16 - [MESSAGE][PASSED] - Verify response status code successfully

2019-08-15 16:29:16 - [TEST_STEP][PASSED] - getStatusCode()).isEqualTo(200): null

2019-08-15 16:29:16 - [TEST_STEP][PASSED] - newline = System.getProperty("line.separator"): null

2019-08-15 16:29:16 - [TEST_STEP][PASSED] - M4_spin = new groovy.json.JsonSlurper(): null

2019-08-15 16:29:16 - [TEST_STEP][PASSED] - result_M4_spin = M4_spin.parseText(response.getResponseBodyContent()): null

2019-08-15 16:29:16 - [TEST_STEP][PASSED] - M4_spin_current_balance = current_balance: null

2019-08-15 16:29:16 - [TEST_STEP][PASSED] - M4_spin_current_balance = M4_spin_current_balance: null

2019-08-15 16:29:16 - [TEST_STEP][PASSED] - M4_spin_transaction_id = causality: null

2019-08-15 16:29:16 - [TEST_STEP][PASSED] - M4_spin_transaction_id = M4_spin_transaction_id: null

2019-08-15 16:29:16 - [TEST_STEP][PASSED] - M4_spin_round_id = round_id: null

2019-08-15 16:29:16 - [TEST_STEP][PASSED] - M4_spin_round_id = M4_spin_round_id: null

2019-08-15 16:29:16 - [TEST_STEP][PASSED] - M4_spin_line_wins = line_wins: null

2019-08-15 16:29:16 - [TEST_STEP][PASSED] - M4_spin_line_wins = M4_spin_line_wins: null

2019-08-15 16:29:16 - [TEST_STEP][PASSED] - M4_total_bonus_spins_int = total_bonus_spins: null

2019-08-15 16:29:16 - [TEST_STEP][PASSED] - println("******M4_total_bonus_spins type is:*******" + newline + getClass().getName()): null

2019-08-15 16:29:16 - [TEST_STEP][PASSED] - M4_total_bonus_spins_int = M4_total_bonus_spins_int: null

2019-08-15 16:29:16 - [TEST_STEP][PASSED] - M4_total_bonus_spins = Integer.toString(M4_total_bonus_spins_int): null

2019-08-15 16:29:16 - [TEST_STEP][PASSED] - M4_total_bonus_spins = M4_total_bonus_spins: null

2019-08-15 16:29:16 - [TEST_STEP][PASSED] - println("M4_total_bonus_spins is:" + M4_total_bonus_spins): null

2019-08-15 16:29:16 - [TEST_STEP][PASSED] - M4_spin_bonus_data = bonus_data: null

2019-08-15 16:29:16 - [TEST_STEP][PASSED] - M4_spin_features_triggered = result_M4_spin: null

2019-08-15 16:29:16 - [TEST_STEP][PASSED] - wild = []: null

2019-08-15 16:29:16 - [TEST_STEP][PASSED] - wild[0] = "WILD_Expanding": null

2019-08-15 16:29:16 - [TEST_STEP][PASSED] - wild[1] = "WILD_Normal": null

2019-08-15 16:29:16 - [TEST_STEP][PASSED] - wild[2] = "WILD_Double": null

2019-08-15 16:29:16 - [TEST_STEP][PASSED] - wild[3] = "WILD_ExtraFG": null

2019-08-15 16:29:16 - [TEST_STEP][PASSED] - wild[4] = "WILD_Triple": null

2019-08-15 16:29:16 - [TEST_STEP][PASSED] - wildList = Arrays.asList(wild): null

2019-08-15 16:29:16 - [TEST_STEP][PASSED] - wildList = wildList: null

2019-08-15 16:29:16 - [TEST_STEP][PASSED] - free_spin_reel_counter = []: null

2019-08-15 16:29:16 - [TEST_STEP][PASSED] - free_spin_reel_counter[0] = 0: null

2019-08-15 16:29:16 - [TEST_STEP][PASSED] - free_spin_reel_counter[1] = 0: null

2019-08-15 16:29:16 - [TEST_STEP][PASSED] - free_spin_reel_counter[2] = 0: null

2019-08-15 16:29:16 - [TEST_STEP][PASSED] - M4_spin_reels = reels: null

2019-08-15 16:29:16 - [TEST_STEP][PASSED] - for ([i = 0, i &lt; M4_spin_reels.size(), (i++)]): null

2019-08-15 16:29:16 - [TEST_STEP][PASSED] - symbols = symbols: null

2019-08-15 16:29:16 - [TEST_STEP][PASSED] - for ([j = 0, j &lt; symbols.size(), (j++)]): null

2019-08-15 16:29:16 - [TEST_STEP][PASSED] - symbol = symbol: null

2019-08-15 16:29:16 - [TEST_STEP][PASSED] - println(symbol): null

2019-08-15 16:29:16 - [TEST_STEP][PASSED] - if (i == 2 &amp;&amp; wildList.indexOf(symbol) != -1): null

2019-08-15 16:29:16 - [TEST_STEP][PASSED] - if (i == 3 &amp;&amp; wildList.indexOf(symbol) != -1): null

2019-08-15 16:29:16 - [TEST_STEP][PASSED] - if (i == 4 &amp;&amp; wildList.indexOf(symbol) != -1): null

2019-08-15 16:29:16 - [TEST_STEP][PASSED] - symbol = symbol: null

2019-08-15 16:29:16 - [TEST_STEP][PASSED] - println(symbol): null

2019-08-15 16:29:16 - [TEST_STEP][PASSED] - if (i == 2 &amp;&amp; wildList.indexOf(symbol) != -1): null

2019-08-15 16:29:16 - [TEST_STEP][PASSED] - if (i == 3 &amp;&amp; wildList.indexOf(symbol) != -1): null

2019-08-15 16:29:16 - [TEST_STEP][PASSED] - if (i == 4 &amp;&amp; wildList.indexOf(symbol) != -1): null

2019-08-15 16:29:16 - [TEST_STEP][PASSED] - symbol = symbol: null

2019-08-15 16:29:16 - [TEST_STEP][PASSED] - println(symbol): null

2019-08-15 16:29:16 - [TEST_STEP][PASSED] - if (i == 2 &amp;&amp; wildList.indexOf(symbol) != -1): null

2019-08-15 16:29:16 - [TEST_STEP][PASSED] - if (i == 3 &amp;&amp; wildList.indexOf(symbol) != -1): null

2019-08-15 16:29:16 - [TEST_STEP][PASSED] - if (i == 4 &amp;&amp; wildList.indexOf(symbol) != -1): null

2019-08-15 16:29:16 - [TEST_STEP][PASSED] - symbols = symbols: null

2019-08-15 16:29:16 - [TEST_STEP][PASSED] - for ([j = 0, j &lt; symbols.size(), (j++)]): null

2019-08-15 16:29:16 - [TEST_STEP][PASSED] - symbol = symbol: null

2019-08-15 16:29:16 - [TEST_STEP][PASSED] - println(symbol): null

2019-08-15 16:29:16 - [TEST_STEP][PASSED] - if (i == 2 &amp;&amp; wildList.indexOf(symbol) != -1): null

2019-08-15 16:29:16 - [TEST_STEP][PASSED] - if (i == 3 &amp;&amp; wildList.indexOf(symbol) != -1): null

2019-08-15 16:29:16 - [TEST_STEP][PASSED] - if (i == 4 &amp;&amp; wildList.indexOf(symbol) != -1): null

2019-08-15 16:29:16 - [TEST_STEP][PASSED] - symbol = symbol: null

2019-08-15 16:29:16 - [TEST_STEP][PASSED] - println(symbol): null

2019-08-15 16:29:16 - [TEST_STEP][PASSED] - if (i == 2 &amp;&amp; wildList.indexOf(symbol) != -1): null

2019-08-15 16:29:16 - [TEST_STEP][PASSED] - if (i == 3 &amp;&amp; wildList.indexOf(symbol) != -1): null

2019-08-15 16:29:16 - [TEST_STEP][PASSED] - if (i == 4 &amp;&amp; wildList.indexOf(symbol) != -1): null

2019-08-15 16:29:16 - [TEST_STEP][PASSED] - symbol = symbol: null

2019-08-15 16:29:16 - [TEST_STEP][PASSED] - println(symbol): null

2019-08-15 16:29:16 - [TEST_STEP][PASSED] - if (i == 2 &amp;&amp; wildList.indexOf(symbol) != -1): null

2019-08-15 16:29:16 - [TEST_STEP][PASSED] - if (i == 3 &amp;&amp; wildList.indexOf(symbol) != -1): null

2019-08-15 16:29:16 - [TEST_STEP][PASSED] - if (i == 4 &amp;&amp; wildList.indexOf(symbol) != -1): null

2019-08-15 16:29:16 - [TEST_STEP][PASSED] - symbols = symbols: null

2019-08-15 16:29:16 - [TEST_STEP][PASSED] - for ([j = 0, j &lt; symbols.size(), (j++)]): null

2019-08-15 16:29:16 - [TEST_STEP][PASSED] - symbol = symbol: null

2019-08-15 16:29:16 - [TEST_STEP][PASSED] - println(symbol): null

2019-08-15 16:29:16 - [TEST_STEP][PASSED] - if (i == 2 &amp;&amp; wildList.indexOf(symbol) != -1): null

2019-08-15 16:29:16 - [TEST_STEP][PASSED] - if (i == 3 &amp;&amp; wildList.indexOf(symbol) != -1): null

2019-08-15 16:29:16 - [TEST_STEP][PASSED] - if (i == 4 &amp;&amp; wildList.indexOf(symbol) != -1): null

2019-08-15 16:29:16 - [TEST_STEP][PASSED] - symbol = symbol: null

2019-08-15 16:29:16 - [TEST_STEP][PASSED] - println(symbol): null

2019-08-15 16:29:16 - [TEST_STEP][PASSED] - if (i == 2 &amp;&amp; wildList.indexOf(symbol) != -1): null

2019-08-15 16:29:16 - [TEST_STEP][PASSED] - if (i == 3 &amp;&amp; wildList.indexOf(symbol) != -1): null

2019-08-15 16:29:16 - [TEST_STEP][PASSED] - if (i == 4 &amp;&amp; wildList.indexOf(symbol) != -1): null

2019-08-15 16:29:16 - [TEST_STEP][PASSED] - symbol = symbol: null

2019-08-15 16:29:16 - [TEST_STEP][PASSED] - println(symbol): null

2019-08-15 16:29:16 - [TEST_STEP][PASSED] - if (i == 2 &amp;&amp; wildList.indexOf(symbol) != -1): null

2019-08-15 16:29:16 - [TEST_STEP][PASSED] - if (i == 3 &amp;&amp; wildList.indexOf(symbol) != -1): null

2019-08-15 16:29:16 - [TEST_STEP][PASSED] - if (i == 4 &amp;&amp; wildList.indexOf(symbol) != -1): null

2019-08-15 16:29:16 - [TEST_STEP][PASSED] - symbols = symbols: null

2019-08-15 16:29:16 - [TEST_STEP][PASSED] - for ([j = 0, j &lt; symbols.size(), (j++)]): null

2019-08-15 16:29:16 - [TEST_STEP][PASSED] - symbol = symbol: null

2019-08-15 16:29:16 - [TEST_STEP][PASSED] - println(symbol): null

2019-08-15 16:29:16 - [TEST_STEP][PASSED] - if (i == 2 &amp;&amp; wildList.indexOf(symbol) != -1): null

2019-08-15 16:29:16 - [TEST_STEP][PASSED] - if (i == 3 &amp;&amp; wildList.indexOf(symbol) != -1): null

2019-08-15 16:29:16 - [TEST_STEP][PASSED] - if (i == 4 &amp;&amp; wildList.indexOf(symbol) != -1): null

2019-08-15 16:29:16 - [TEST_STEP][PASSED] - symbol = symbol: null

2019-08-15 16:29:16 - [TEST_STEP][PASSED] - println(symbol): null

2019-08-15 16:29:16 - [TEST_STEP][PASSED] - if (i == 2 &amp;&amp; wildList.indexOf(symbol) != -1): null

2019-08-15 16:29:16 - [TEST_STEP][PASSED] - if (i == 3 &amp;&amp; wildList.indexOf(symbol) != -1): null

2019-08-15 16:29:16 - [TEST_STEP][PASSED] - if (i == 4 &amp;&amp; wildList.indexOf(symbol) != -1): null

2019-08-15 16:29:16 - [TEST_STEP][PASSED] - symbol = symbol: null

2019-08-15 16:29:16 - [TEST_STEP][PASSED] - println(symbol): null

2019-08-15 16:29:16 - [TEST_STEP][PASSED] - if (i == 2 &amp;&amp; wildList.indexOf(symbol) != -1): null

2019-08-15 16:29:16 - [TEST_STEP][PASSED] - if (i == 3 &amp;&amp; wildList.indexOf(symbol) != -1): null

2019-08-15 16:29:16 - [TEST_STEP][PASSED] - if (i == 4 &amp;&amp; wildList.indexOf(symbol) != -1): null

2019-08-15 16:29:16 - [TEST_STEP][PASSED] - symbols = symbols: null

2019-08-15 16:29:16 - [TEST_STEP][PASSED] - for ([j = 0, j &lt; symbols.size(), (j++)]): null

2019-08-15 16:29:16 - [TEST_STEP][PASSED] - symbol = symbol: null

2019-08-15 16:29:16 - [TEST_STEP][PASSED] - println(symbol): null

2019-08-15 16:29:16 - [TEST_STEP][PASSED] - if (i == 2 &amp;&amp; wildList.indexOf(symbol) != -1): null

2019-08-15 16:29:16 - [TEST_STEP][PASSED] - if (i == 3 &amp;&amp; wildList.indexOf(symbol) != -1): null

2019-08-15 16:29:16 - [TEST_STEP][PASSED] - if (i == 4 &amp;&amp; wildList.indexOf(symbol) != -1): null

2019-08-15 16:29:16 - [TEST_STEP][PASSED] - symbol = symbol: null

2019-08-15 16:29:16 - [TEST_STEP][PASSED] - println(symbol): null

2019-08-15 16:29:16 - [TEST_STEP][PASSED] - if (i == 2 &amp;&amp; wildList.indexOf(symbol) != -1): null

2019-08-15 16:29:16 - [TEST_STEP][PASSED] - if (i == 3 &amp;&amp; wildList.indexOf(symbol) != -1): null

2019-08-15 16:29:16 - [TEST_STEP][PASSED] - if (i == 4 &amp;&amp; wildList.indexOf(symbol) != -1): null

2019-08-15 16:29:16 - [TEST_STEP][PASSED] - symbol = symbol: null

2019-08-15 16:29:16 - [TEST_STEP][PASSED] - println(symbol): null

2019-08-15 16:29:16 - [TEST_STEP][PASSED] - if (i == 2 &amp;&amp; wildList.indexOf(symbol) != -1): null

2019-08-15 16:29:16 - [TEST_STEP][PASSED] - if (i == 3 &amp;&amp; wildList.indexOf(symbol) != -1): null

2019-08-15 16:29:16 - [TEST_STEP][PASSED] - if (i == 4 &amp;&amp; wildList.indexOf(symbol) != -1): null

2019-08-15 16:29:16 - [TEST_STEP][PASSED] - free_spin_reel_counter = free_spin_reel_counter: null

2019-08-15 16:29:16 - [TEST_STEP][PASSED] - println("reel 3 wild found: " + free_spin_reel_counter[0]): null

2019-08-15 16:29:16 - [TEST_STEP][PASSED] - println("reel 4 wild found: " + free_spin_reel_counter[1]): null

2019-08-15 16:29:16 - [TEST_STEP][PASSED] - println("reel 5 wild found: " + free_spin_reel_counter[2]): null

2019-08-15 16:29:16 - [TEST_STEP][PASSED] - M4_spin_reels = M4_spin_reels: null

2019-08-15 16:29:16 - [TEST_STEP][PASSED] - M4_spin_reels_symbols = symbol: null

2019-08-15 16:29:16 - [TEST_STEP][PASSED] - M4_spin_reels_symbols = M4_spin_reels_symbols: null

2019-08-15 16:29:16 - [TEST_STEP][PASSED] - M4_spin_reel_wins = reel_wins: null

2019-08-15 16:29:16 - [TEST_STEP][PASSED] - M4_spin_reel_wins = M4_spin_reel_wins: null

2019-08-15 16:29:16 - [TEST_STEP][PASSED] - println("GlobalVariable.M4_spin_reel_wins is: " + M4_spin_reel_wins): null

2019-08-15 16:29:16 - [TEST_STEP][PASSED] - M4_spin_total_bonus_win_this_round = total_bonus_win_this_round: null

2019-08-15 16:29:16 - [TEST_STEP][PASSED] - M4_spin_total_bonus_win_this_round = M4_spin_total_bonus_win_this_round: null

2019-08-15 16:29:16 - [TEST_STEP][PASSED] - println("GlobalVariable.M4_spin_total_bonus_win_this_round is: " + M4_spin_total_bonus_win_this_round): null

2019-08-15 16:29:16 - [MESSAGE][PASSED] - Verify response successfully

2019-08-15 16:29:16 - [MESSAGE][PASSED] - Send request and verify the response successfully

2019-08-15 16:29:16 - [TEST_STEP][PASSED] - if (M4_total_bonus_spins_int != 0 &amp;&amp; M4_spin_reels_symbols[2].contains("WILD_Normal") || M4_spin_reels_symbols[3].contains("WILD_Normal") || M4_spin_reels_symbols[4].contains("WILD_Normal")): null

2019-08-15 16:29:16 - [TEST_STEP][PASSED] - free_spin_reel_counter = free_spin_reel_counter: null

2019-08-15 16:29:16 - [TEST_STEP][PASSED] - M4_spin_reels_symbols = M4_spin_reels_symbols: null

2019-08-15 16:29:16 - [TEST_STEP][PASSED] - M4_total_bonus_spins = M4_total_bonus_spins: null

2019-08-15 16:29:16 - [TEST_STEP][PASSED] - spin_result = sendRequestAndVerify(findTestObject("STG/RGS(M4)/1_M4_spin", ["M4_login_user_id":M4_login_user_id, "rgs_session_token":rgs_session_token, "partner":Partner])): Send request and verify the response successfully

2019-08-15 16:29:16 - [TEST_CASE][PASSED] - Start Test Case : Verification: Verification accomplished successfully

2019-08-15 16:29:16 - [TEST_STEP][PASSED] - request = getInstance().getCurrentRequest(): null

2019-08-15 16:29:16 - [TEST_STEP][PASSED] - response = getInstance().getCurrentResponse(): null

2019-08-15 16:29:16 - [TEST_STEP][PASSED] - verifyResponseStatusCode(response, 200): Verify response status code successfully

2019-08-15 16:29:16 - [MESSAGE][PASSED] - Verify response status code successfully

2019-08-15 16:29:16 - [TEST_STEP][PASSED] - getStatusCode()).isEqualTo(200): null

2019-08-15 16:29:16 - [TEST_STEP][PASSED] - newline = System.getProperty("line.separator"): null

2019-08-15 16:29:16 - [TEST_STEP][PASSED] - M4_spin = new groovy.json.JsonSlurper(): null

2019-08-15 16:29:16 - [TEST_STEP][PASSED] - result_M4_spin = M4_spin.parseText(response.getResponseBodyContent()): null

2019-08-15 16:29:16 - [TEST_STEP][PASSED] - M4_spin_current_balance = current_balance: null

2019-08-15 16:29:16 - [TEST_STEP][PASSED] - M4_spin_current_balance = M4_spin_current_balance: null

2019-08-15 16:29:16 - [TEST_STEP][PASSED] - M4_spin_transaction_id = causality: null

2019-08-15 16:29:16 - [TEST_STEP][PASSED] - M4_spin_transaction_id = M4_spin_transaction_id: null

2019-08-15 16:29:16 - [TEST_STEP][PASSED] - M4_spin_round_id = round_id: null

2019-08-15 16:29:16 - [TEST_STEP][PASSED] - M4_spin_round_id = M4_spin_round_id: null

2019-08-15 16:29:16 - [TEST_STEP][PASSED] - M4_spin_line_wins = line_wins: null

2019-08-15 16:29:16 - [TEST_STEP][PASSED] - M4_spin_line_wins = M4_spin_line_wins: null

2019-08-15 16:29:16 - [TEST_STEP][PASSED] - M4_total_bonus_spins_int = total_bonus_spins: null

2019-08-15 16:29:16 - [TEST_STEP][PASSED] - println("******M4_total_bonus_spins type is:*******" + newline + getClass().getName()): null

2019-08-15 16:29:16 - [TEST_STEP][PASSED] - M4_total_bonus_spins_int = M4_total_bonus_spins_int: null

2019-08-15 16:29:16 - [TEST_STEP][PASSED] - M4_total_bonus_spins = Integer.toString(M4_total_bonus_spins_int): null

2019-08-15 16:29:16 - [TEST_STEP][PASSED] - M4_total_bonus_spins = M4_total_bonus_spins: null

2019-08-15 16:29:16 - [TEST_STEP][PASSED] - println("M4_total_bonus_spins is:" + M4_total_bonus_spins): null

2019-08-15 16:29:16 - [TEST_STEP][PASSED] - M4_spin_bonus_data = bonus_data: null

2019-08-15 16:29:16 - [TEST_STEP][PASSED] - M4_spin_features_triggered = result_M4_spin: null

2019-08-15 16:29:16 - [TEST_STEP][PASSED] - wild = []: null

2019-08-15 16:29:16 - [TEST_STEP][PASSED] - wild[0] = "WILD_Expanding": null

2019-08-15 16:29:16 - [TEST_STEP][PASSED] - wild[1] = "WILD_Normal": null

2019-08-15 16:29:16 - [TEST_STEP][PASSED] - wild[2] = "WILD_Double": null

2019-08-15 16:29:16 - [TEST_STEP][PASSED] - wild[3] = "WILD_ExtraFG": null

2019-08-15 16:29:16 - [TEST_STEP][PASSED] - wild[4] = "WILD_Triple": null

2019-08-15 16:29:16 - [TEST_STEP][PASSED] - wildList = Arrays.asList(wild): null

2019-08-15 16:29:16 - [TEST_STEP][PASSED] - wildList = wildList: null

2019-08-15 16:29:16 - [TEST_STEP][PASSED] - free_spin_reel_counter = []: null

2019-08-15 16:29:16 - [TEST_STEP][PASSED] - free_spin_reel_counter[0] = 0: null

2019-08-15 16:29:16 - [TEST_STEP][PASSED] - free_spin_reel_counter[1] = 0: null

2019-08-15 16:29:16 - [TEST_STEP][PASSED] - free_spin_reel_counter[2] = 0: null

2019-08-15 16:29:16 - [TEST_STEP][PASSED] - M4_spin_reels = reels: null

2019-08-15 16:29:16 - [TEST_STEP][PASSED] - for ([i = 0, i &lt; M4_spin_reels.size(), (i++)]): null

2019-08-15 16:29:16 - [TEST_STEP][PASSED] - symbols = symbols: null

2019-08-15 16:29:16 - [TEST_STEP][PASSED] - for ([j = 0, j &lt; symbols.size(), (j++)]): null

2019-08-15 16:29:16 - [TEST_STEP][PASSED] - symbol = symbol: null

2019-08-15 16:29:16 - [TEST_STEP][PASSED] - println(symbol): null

2019-08-15 16:29:16 - [TEST_STEP][PASSED] - if (i == 2 &amp;&amp; wildList.indexOf(symbol) != -1): null

2019-08-15 16:29:16 - [TEST_STEP][PASSED] - if (i == 3 &amp;&amp; wildList.indexOf(symbol) != -1): null

2019-08-15 16:29:16 - [TEST_STEP][PASSED] - if (i == 4 &amp;&amp; wildList.indexOf(symbol) != -1): null

2019-08-15 16:29:16 - [TEST_STEP][PASSED] - symbol = symbol: null

2019-08-15 16:29:16 - [TEST_STEP][PASSED] - println(symbol): null

2019-08-15 16:29:16 - [TEST_STEP][PASSED] - if (i == 2 &amp;&amp; wildList.indexOf(symbol) != -1): null

2019-08-15 16:29:16 - [TEST_STEP][PASSED] - if (i == 3 &amp;&amp; wildList.indexOf(symbol) != -1): null

2019-08-15 16:29:16 - [TEST_STEP][PASSED] - if (i == 4 &amp;&amp; wildList.indexOf(symbol) != -1): null

2019-08-15 16:29:16 - [TEST_STEP][PASSED] - symbol = symbol: null

2019-08-15 16:29:16 - [TEST_STEP][PASSED] - println(symbol): null

2019-08-15 16:29:16 - [TEST_STEP][PASSED] - if (i == 2 &amp;&amp; wildList.indexOf(symbol) != -1): null

2019-08-15 16:29:16 - [TEST_STEP][PASSED] - if (i == 3 &amp;&amp; wildList.indexOf(symbol) != -1): null

2019-08-15 16:29:16 - [TEST_STEP][PASSED] - if (i == 4 &amp;&amp; wildList.indexOf(symbol) != -1): null

2019-08-15 16:29:16 - [TEST_STEP][PASSED] - symbols = symbols: null

2019-08-15 16:29:16 - [TEST_STEP][PASSED] - for ([j = 0, j &lt; symbols.size(), (j++)]): null

2019-08-15 16:29:16 - [TEST_STEP][PASSED] - symbol = symbol: null

2019-08-15 16:29:16 - [TEST_STEP][PASSED] - println(symbol): null

2019-08-15 16:29:16 - [TEST_STEP][PASSED] - if (i == 2 &amp;&amp; wildList.indexOf(symbol) != -1): null

2019-08-15 16:29:16 - [TEST_STEP][PASSED] - if (i == 3 &amp;&amp; wildList.indexOf(symbol) != -1): null

2019-08-15 16:29:16 - [TEST_STEP][PASSED] - if (i == 4 &amp;&amp; wildList.indexOf(symbol) != -1): null

2019-08-15 16:29:16 - [TEST_STEP][PASSED] - symbol = symbol: null

2019-08-15 16:29:16 - [TEST_STEP][PASSED] - println(symbol): null

2019-08-15 16:29:16 - [TEST_STEP][PASSED] - if (i == 2 &amp;&amp; wildList.indexOf(symbol) != -1): null

2019-08-15 16:29:16 - [TEST_STEP][PASSED] - if (i == 3 &amp;&amp; wildList.indexOf(symbol) != -1): null

2019-08-15 16:29:16 - [TEST_STEP][PASSED] - if (i == 4 &amp;&amp; wildList.indexOf(symbol) != -1): null

2019-08-15 16:29:16 - [TEST_STEP][PASSED] - symbol = symbol: null

2019-08-15 16:29:16 - [TEST_STEP][PASSED] - println(symbol): null

2019-08-15 16:29:16 - [TEST_STEP][PASSED] - if (i == 2 &amp;&amp; wildList.indexOf(symbol) != -1): null

2019-08-15 16:29:16 - [TEST_STEP][PASSED] - if (i == 3 &amp;&amp; wildList.indexOf(symbol) != -1): null

2019-08-15 16:29:16 - [TEST_STEP][PASSED] - if (i == 4 &amp;&amp; wildList.indexOf(symbol) != -1): null

2019-08-15 16:29:16 - [TEST_STEP][PASSED] - symbols = symbols: null

2019-08-15 16:29:16 - [TEST_STEP][PASSED] - for ([j = 0, j &lt; symbols.size(), (j++)]): null

2019-08-15 16:29:16 - [TEST_STEP][PASSED] - symbol = symbol: null

2019-08-15 16:29:16 - [TEST_STEP][PASSED] - println(symbol): null

2019-08-15 16:29:16 - [TEST_STEP][PASSED] - if (i == 2 &amp;&amp; wildList.indexOf(symbol) != -1): null

2019-08-15 16:29:16 - [TEST_STEP][PASSED] - println("wild found on reel 3, adding counter by 1"): null

2019-08-15 16:29:16 - [TEST_STEP][PASSED] - free_spin_reel_counter[0] = free_spin_reel_counter[0] + 1: null

2019-08-15 16:29:16 - [TEST_STEP][PASSED] - if (i == 3 &amp;&amp; wildList.indexOf(symbol) != -1): null

2019-08-15 16:29:16 - [TEST_STEP][PASSED] - if (i == 4 &amp;&amp; wildList.indexOf(symbol) != -1): null

2019-08-15 16:29:16 - [TEST_STEP][PASSED] - symbol = symbol: null

2019-08-15 16:29:16 - [TEST_STEP][PASSED] - println(symbol): null

2019-08-15 16:29:16 - [TEST_STEP][PASSED] - if (i == 2 &amp;&amp; wildList.indexOf(symbol) != -1): null

2019-08-15 16:29:16 - [TEST_STEP][PASSED] - if (i == 3 &amp;&amp; wildList.indexOf(symbol) != -1): null

2019-08-15 16:29:16 - [TEST_STEP][PASSED] - if (i == 4 &amp;&amp; wildList.indexOf(symbol) != -1): null

2019-08-15 16:29:16 - [TEST_STEP][PASSED] - symbol = symbol: null

2019-08-15 16:29:16 - [TEST_STEP][PASSED] - println(symbol): null

2019-08-15 16:29:16 - [TEST_STEP][PASSED] - if (i == 2 &amp;&amp; wildList.indexOf(symbol) != -1): null

2019-08-15 16:29:16 - [TEST_STEP][PASSED] - if (i == 3 &amp;&amp; wildList.indexOf(symbol) != -1): null

2019-08-15 16:29:16 - [TEST_STEP][PASSED] - if (i == 4 &amp;&amp; wildList.indexOf(symbol) != -1): null

2019-08-15 16:29:16 - [TEST_STEP][PASSED] - symbols = symbols: null

2019-08-15 16:29:16 - [TEST_STEP][PASSED] - for ([j = 0, j &lt; symbols.size(), (j++)]): null

2019-08-15 16:29:16 - [TEST_STEP][PASSED] - symbol = symbol: null

2019-08-15 16:29:16 - [TEST_STEP][PASSED] - println(symbol): null

2019-08-15 16:29:16 - [TEST_STEP][PASSED] - if (i == 2 &amp;&amp; wildList.indexOf(symbol) != -1): null

2019-08-15 16:29:16 - [TEST_STEP][PASSED] - if (i == 3 &amp;&amp; wildList.indexOf(symbol) != -1): null

2019-08-15 16:29:16 - [TEST_STEP][PASSED] - if (i == 4 &amp;&amp; wildList.indexOf(symbol) != -1): null

2019-08-15 16:29:16 - [TEST_STEP][PASSED] - symbol = symbol: null

2019-08-15 16:29:16 - [TEST_STEP][PASSED] - println(symbol): null

2019-08-15 16:29:16 - [TEST_STEP][PASSED] - if (i == 2 &amp;&amp; wildList.indexOf(symbol) != -1): null

2019-08-15 16:29:16 - [TEST_STEP][PASSED] - if (i == 3 &amp;&amp; wildList.indexOf(symbol) != -1): null

2019-08-15 16:29:16 - [TEST_STEP][PASSED] - if (i == 4 &amp;&amp; wildList.indexOf(symbol) != -1): null

2019-08-15 16:29:16 - [TEST_STEP][PASSED] - symbol = symbol: null

2019-08-15 16:29:16 - [TEST_STEP][PASSED] - println(symbol): null

2019-08-15 16:29:16 - [TEST_STEP][PASSED] - if (i == 2 &amp;&amp; wildList.indexOf(symbol) != -1): null

2019-08-15 16:29:16 - [TEST_STEP][PASSED] - if (i == 3 &amp;&amp; wildList.indexOf(symbol) != -1): null

2019-08-15 16:29:16 - [TEST_STEP][PASSED] - if (i == 4 &amp;&amp; wildList.indexOf(symbol) != -1): null

2019-08-15 16:29:16 - [TEST_STEP][PASSED] - symbols = symbols: null

2019-08-15 16:29:16 - [TEST_STEP][PASSED] - for ([j = 0, j &lt; symbols.size(), (j++)]): null

2019-08-15 16:29:16 - [TEST_STEP][PASSED] - symbol = symbol: null

2019-08-15 16:29:16 - [TEST_STEP][PASSED] - println(symbol): null

2019-08-15 16:29:16 - [TEST_STEP][PASSED] - if (i == 2 &amp;&amp; wildList.indexOf(symbol) != -1): null

2019-08-15 16:29:16 - [TEST_STEP][PASSED] - if (i == 3 &amp;&amp; wildList.indexOf(symbol) != -1): null

2019-08-15 16:29:16 - [TEST_STEP][PASSED] - if (i == 4 &amp;&amp; wildList.indexOf(symbol) != -1): null

2019-08-15 16:29:16 - [TEST_STEP][PASSED] - symbol = symbol: null

2019-08-15 16:29:16 - [TEST_STEP][PASSED] - println(symbol): null

2019-08-15 16:29:16 - [TEST_STEP][PASSED] - if (i == 2 &amp;&amp; wildList.indexOf(symbol) != -1): null

2019-08-15 16:29:16 - [TEST_STEP][PASSED] - if (i == 3 &amp;&amp; wildList.indexOf(symbol) != -1): null

2019-08-15 16:29:16 - [TEST_STEP][PASSED] - if (i == 4 &amp;&amp; wildList.indexOf(symbol) != -1): null

2019-08-15 16:29:16 - [TEST_STEP][PASSED] - symbol = symbol: null

2019-08-15 16:29:16 - [TEST_STEP][PASSED] - println(symbol): null

2019-08-15 16:29:16 - [TEST_STEP][PASSED] - if (i == 2 &amp;&amp; wildList.indexOf(symbol) != -1): null

2019-08-15 16:29:16 - [TEST_STEP][PASSED] - if (i == 3 &amp;&amp; wildList.indexOf(symbol) != -1): null

2019-08-15 16:29:16 - [TEST_STEP][PASSED] - if (i == 4 &amp;&amp; wildList.indexOf(symbol) != -1): null

2019-08-15 16:29:16 - [TEST_STEP][PASSED] - free_spin_reel_counter = free_spin_reel_counter: null

2019-08-15 16:29:16 - [TEST_STEP][PASSED] - println("reel 3 wild found: " + free_spin_reel_counter[0]): null

2019-08-15 16:29:16 - [TEST_STEP][PASSED] - println("reel 4 wild found: " + free_spin_reel_counter[1]): null

2019-08-15 16:29:16 - [TEST_STEP][PASSED] - println("reel 5 wild found: " + free_spin_reel_counter[2]): null

2019-08-15 16:29:16 - [TEST_STEP][PASSED] - M4_spin_reels = M4_spin_reels: null

2019-08-15 16:29:16 - [TEST_STEP][PASSED] - M4_spin_reels_symbols = symbol: null

2019-08-15 16:29:16 - [TEST_STEP][PASSED] - M4_spin_reels_symbols = M4_spin_reels_symbols: null

2019-08-15 16:29:16 - [TEST_STEP][PASSED] - M4_spin_reel_wins = reel_wins: null

2019-08-15 16:29:16 - [TEST_STEP][PASSED] - M4_spin_reel_wins = M4_spin_reel_wins: null

2019-08-15 16:29:16 - [TEST_STEP][PASSED] - println("GlobalVariable.M4_spin_reel_wins is: " + M4_spin_reel_wins): null

2019-08-15 16:29:16 - [TEST_STEP][PASSED] - M4_spin_total_bonus_win_this_round = total_bonus_win_this_round: null

2019-08-15 16:29:16 - [TEST_STEP][PASSED] - M4_spin_total_bonus_win_this_round = M4_spin_total_bonus_win_this_round: null

2019-08-15 16:29:16 - [TEST_STEP][PASSED] - println("GlobalVariable.M4_spin_total_bonus_win_this_round is: " + M4_spin_total_bonus_win_this_round): null

2019-08-15 16:29:16 - [MESSAGE][PASSED] - Verify response successfully

2019-08-15 16:29:16 - [MESSAGE][PASSED] - Send request and verify the response successfully

2019-08-15 16:29:16 - [TEST_STEP][PASSED] - if (M4_total_bonus_spins_int != 0 &amp;&amp; M4_spin_reels_symbols[2].contains("WILD_Normal") || M4_spin_reels_symbols[3].contains("WILD_Normal") || M4_spin_reels_symbols[4].contains("WILD_Normal")): null

2019-08-15 16:29:16 - [TEST_STEP][PASSED] - free_spin_reel_counter = free_spin_reel_counter: null

2019-08-15 16:29:16 - [TEST_STEP][PASSED] - M4_spin_reels_symbols = M4_spin_reels_symbols: null

2019-08-15 16:29:16 - [TEST_STEP][PASSED] - M4_total_bonus_spins = M4_total_bonus_spins: null

2019-08-15 16:29:16 - [TEST_STEP][PASSED] - spin_result = sendRequestAndVerify(findTestObject("STG/RGS(M4)/1_M4_spin", ["M4_login_user_id":M4_login_user_id, "rgs_session_token":rgs_session_token, "partner":Partner])): Send request and verify the response successfully

2019-08-15 16:29:17 - [TEST_CASE][PASSED] - Start Test Case : Verification: Verification accomplished successfully

2019-08-15 16:29:17 - [TEST_STEP][PASSED] - request = getInstance().getCurrentRequest(): null

2019-08-15 16:29:17 - [TEST_STEP][PASSED] - response = getInstance().getCurrentResponse(): null

2019-08-15 16:29:17 - [TEST_STEP][PASSED] - verifyResponseStatusCode(response, 200): Verify response status code successfully

2019-08-15 16:29:17 - [MESSAGE][PASSED] - Verify response status code successfully

2019-08-15 16:29:17 - [TEST_STEP][PASSED] - getStatusCode()).isEqualTo(200): null

2019-08-15 16:29:17 - [TEST_STEP][PASSED] - newline = System.getProperty("line.separator"): null

2019-08-15 16:29:17 - [TEST_STEP][PASSED] - M4_spin = new groovy.json.JsonSlurper(): null

2019-08-15 16:29:17 - [TEST_STEP][PASSED] - result_M4_spin = M4_spin.parseText(response.getResponseBodyContent()): null

2019-08-15 16:29:17 - [TEST_STEP][PASSED] - M4_spin_current_balance = current_balance: null

2019-08-15 16:29:17 - [TEST_STEP][PASSED] - M4_spin_current_balance = M4_spin_current_balance: null

2019-08-15 16:29:17 - [TEST_STEP][PASSED] - M4_spin_transaction_id = causality: null

2019-08-15 16:29:17 - [TEST_STEP][PASSED] - M4_spin_transaction_id = M4_spin_transaction_id: null

2019-08-15 16:29:17 - [TEST_STEP][PASSED] - M4_spin_round_id = round_id: null

2019-08-15 16:29:17 - [TEST_STEP][PASSED] - M4_spin_round_id = M4_spin_round_id: null

2019-08-15 16:29:17 - [TEST_STEP][PASSED] - M4_spin_line_wins = line_wins: null

2019-08-15 16:29:17 - [TEST_STEP][PASSED] - M4_spin_line_wins = M4_spin_line_wins: null

2019-08-15 16:29:17 - [TEST_STEP][PASSED] - M4_total_bonus_spins_int = total_bonus_spins: null

2019-08-15 16:29:17 - [TEST_STEP][PASSED] - println("******M4_total_bonus_spins type is:*******" + newline + getClass().getName()): null

2019-08-15 16:29:17 - [TEST_STEP][PASSED] - M4_total_bonus_spins_int = M4_total_bonus_spins_int: null

2019-08-15 16:29:17 - [TEST_STEP][PASSED] - M4_total_bonus_spins = Integer.toString(M4_total_bonus_spins_int): null

2019-08-15 16:29:17 - [TEST_STEP][PASSED] - M4_total_bonus_spins = M4_total_bonus_spins: null

2019-08-15 16:29:17 - [TEST_STEP][PASSED] - println("M4_total_bonus_spins is:" + M4_total_bonus_spins): null

2019-08-15 16:29:17 - [TEST_STEP][PASSED] - M4_spin_bonus_data = bonus_data: null

2019-08-15 16:29:17 - [TEST_STEP][PASSED] - M4_spin_features_triggered = result_M4_spin: null

2019-08-15 16:29:17 - [TEST_STEP][PASSED] - wild = []: null

2019-08-15 16:29:17 - [TEST_STEP][PASSED] - wild[0] = "WILD_Expanding": null

2019-08-15 16:29:17 - [TEST_STEP][PASSED] - wild[1] = "WILD_Normal": null

2019-08-15 16:29:17 - [TEST_STEP][PASSED] - wild[2] = "WILD_Double": null

2019-08-15 16:29:17 - [TEST_STEP][PASSED] - wild[3] = "WILD_ExtraFG": null

2019-08-15 16:29:17 - [TEST_STEP][PASSED] - wild[4] = "WILD_Triple": null

2019-08-15 16:29:21 - [TEST_STEP][PASSED] - wildList = Arrays.asList(wild): null

2019-08-15 16:29:21 - [TEST_STEP][PASSED] - wildList = wildList: null

2019-08-15 16:29:21 - [TEST_STEP][PASSED] - free_spin_reel_counter = []: null

2019-08-15 16:29:21 - [TEST_STEP][PASSED] - free_spin_reel_counter[0] = 0: null

2019-08-15 16:29:21 - [TEST_STEP][PASSED] - free_spin_reel_counter[1] = 0: null

2019-08-15 16:29:21 - [TEST_STEP][PASSED] - free_spin_reel_counter[2] = 0: null

2019-08-15 16:29:21 - [TEST_STEP][PASSED] - M4_spin_reels = reels: null

2019-08-15 16:29:21 - [TEST_STEP][PASSED] - for ([i = 0, i &lt; M4_spin_reels.size(), (i++)]): null

2019-08-15 16:29:21 - [TEST_STEP][PASSED] - symbols = symbols: null

2019-08-15 16:29:21 - [TEST_STEP][PASSED] - for ([j = 0, j &lt; symbols.size(), (j++)]): null

2019-08-15 16:29:21 - [TEST_STEP][PASSED] - symbol = symbol: null

2019-08-15 16:29:23 - [TEST_STEP][PASSED] - println(symbol): null

2019-08-15 16:29:23 - [TEST_STEP][PASSED] - if (i == 2 &amp;&amp; wildList.indexOf(symbol) != -1): null

2019-08-15 16:29:23 - [TEST_STEP][PASSED] - if (i == 3 &amp;&amp; wildList.indexOf(symbol) != -1): null

2019-08-15 16:29:23 - [TEST_STEP][PASSED] - if (i == 4 &amp;&amp; wildList.indexOf(symbol) != -1): null

2019-08-15 16:29:23 - [TEST_STEP][PASSED] - symbol = symbol: null

2019-08-15 16:29:23 - [TEST_STEP][PASSED] - println(symbol): null

2019-08-15 16:29:23 - [TEST_STEP][PASSED] - if (i == 2 &amp;&amp; wildList.indexOf(symbol) != -1): null

2019-08-15 16:29:23 - [TEST_STEP][PASSED] - if (i == 3 &amp;&amp; wildList.indexOf(symbol) != -1): null

2019-08-15 16:29:23 - [TEST_STEP][PASSED] - if (i == 4 &amp;&amp; wildList.indexOf(symbol) != -1): null

2019-08-15 16:29:23 - [TEST_STEP][PASSED] - symbol = symbol: null

2019-08-15 16:29:23 - [TEST_STEP][PASSED] - println(symbol): null

2019-08-15 16:29:23 - [TEST_STEP][PASSED] - if (i == 2 &amp;&amp; wildList.indexOf(symbol) != -1): null

2019-08-15 16:29:23 - [TEST_STEP][PASSED] - if (i == 3 &amp;&amp; wildList.indexOf(symbol) != -1): null

2019-08-15 16:29:23 - [TEST_STEP][PASSED] - if (i == 4 &amp;&amp; wildList.indexOf(symbol) != -1): null

2019-08-15 16:29:23 - [TEST_STEP][PASSED] - symbols = symbols: null

2019-08-15 16:29:23 - [TEST_STEP][PASSED] - for ([j = 0, j &lt; symbols.size(), (j++)]): null

2019-08-15 16:29:23 - [TEST_STEP][PASSED] - symbol = symbol: null

2019-08-15 16:29:23 - [TEST_STEP][PASSED] - println(symbol): null

2019-08-15 16:29:23 - [TEST_STEP][PASSED] - if (i == 2 &amp;&amp; wildList.indexOf(symbol) != -1): null

2019-08-15 16:29:23 - [TEST_STEP][PASSED] - if (i == 3 &amp;&amp; wildList.indexOf(symbol) != -1): null

2019-08-15 16:29:23 - [TEST_STEP][PASSED] - if (i == 4 &amp;&amp; wildList.indexOf(symbol) != -1): null

2019-08-15 16:29:23 - [TEST_STEP][PASSED] - symbol = symbol: null

2019-08-15 16:29:23 - [TEST_STEP][PASSED] - println(symbol): null

2019-08-15 16:29:23 - [TEST_STEP][PASSED] - if (i == 2 &amp;&amp; wildList.indexOf(symbol) != -1): null

2019-08-15 16:29:23 - [TEST_STEP][PASSED] - if (i == 3 &amp;&amp; wildList.indexOf(symbol) != -1): null

2019-08-15 16:29:23 - [TEST_STEP][PASSED] - if (i == 4 &amp;&amp; wildList.indexOf(symbol) != -1): null

2019-08-15 16:29:23 - [TEST_STEP][PASSED] - symbol = symbol: null

2019-08-15 16:29:23 - [TEST_STEP][PASSED] - println(symbol): null

2019-08-15 16:29:23 - [TEST_STEP][PASSED] - if (i == 2 &amp;&amp; wildList.indexOf(symbol) != -1): null

2019-08-15 16:29:23 - [TEST_STEP][PASSED] - if (i == 3 &amp;&amp; wildList.indexOf(symbol) != -1): null

2019-08-15 16:29:23 - [TEST_STEP][PASSED] - if (i == 4 &amp;&amp; wildList.indexOf(symbol) != -1): null

2019-08-15 16:29:23 - [TEST_STEP][PASSED] - symbols = symbols: null

2019-08-15 16:29:23 - [TEST_STEP][PASSED] - for ([j = 0, j &lt; symbols.size(), (j++)]): null

2019-08-15 16:29:23 - [TEST_STEP][PASSED] - symbol = symbol: null

2019-08-15 16:29:23 - [TEST_STEP][PASSED] - println(symbol): null

2019-08-15 16:29:23 - [TEST_STEP][PASSED] - if (i == 2 &amp;&amp; wildList.indexOf(symbol) != -1): null

2019-08-15 16:29:23 - [TEST_STEP][PASSED] - if (i == 3 &amp;&amp; wildList.indexOf(symbol) != -1): null

2019-08-15 16:29:23 - [TEST_STEP][PASSED] - if (i == 4 &amp;&amp; wildList.indexOf(symbol) != -1): null

2019-08-15 16:29:23 - [TEST_STEP][PASSED] - symbol = symbol: null

2019-08-15 16:29:23 - [TEST_STEP][PASSED] - println(symbol): null

2019-08-15 16:29:23 - [TEST_STEP][PASSED] - if (i == 2 &amp;&amp; wildList.indexOf(symbol) != -1): null

2019-08-15 16:29:23 - [TEST_STEP][PASSED] - if (i == 3 &amp;&amp; wildList.indexOf(symbol) != -1): null

2019-08-15 16:29:23 - [TEST_STEP][PASSED] - if (i == 4 &amp;&amp; wildList.indexOf(symbol) != -1): null

2019-08-15 16:29:23 - [TEST_STEP][PASSED] - symbol = symbol: null

2019-08-15 16:29:23 - [TEST_STEP][PASSED] - println(symbol): null

2019-08-15 16:29:23 - [TEST_STEP][PASSED] - if (i == 2 &amp;&amp; wildList.indexOf(symbol) != -1): null

2019-08-15 16:29:23 - [TEST_STEP][PASSED] - if (i == 3 &amp;&amp; wildList.indexOf(symbol) != -1): null

2019-08-15 16:29:23 - [TEST_STEP][PASSED] - if (i == 4 &amp;&amp; wildList.indexOf(symbol) != -1): null

2019-08-15 16:29:23 - [TEST_STEP][PASSED] - symbols = symbols: null

2019-08-15 16:29:23 - [TEST_STEP][PASSED] - for ([j = 0, j &lt; symbols.size(), (j++)]): null

2019-08-15 16:29:23 - [TEST_STEP][PASSED] - symbol = symbol: null

2019-08-15 16:29:23 - [TEST_STEP][PASSED] - println(symbol): null

2019-08-15 16:29:23 - [TEST_STEP][PASSED] - if (i == 2 &amp;&amp; wildList.indexOf(symbol) != -1): null

2019-08-15 16:29:23 - [TEST_STEP][PASSED] - if (i == 3 &amp;&amp; wildList.indexOf(symbol) != -1): null

2019-08-15 16:29:23 - [TEST_STEP][PASSED] - if (i == 4 &amp;&amp; wildList.indexOf(symbol) != -1): null

2019-08-15 16:29:23 - [TEST_STEP][PASSED] - symbol = symbol: null

2019-08-15 16:29:23 - [TEST_STEP][PASSED] - println(symbol): null

2019-08-15 16:29:23 - [TEST_STEP][PASSED] - if (i == 2 &amp;&amp; wildList.indexOf(symbol) != -1): null

2019-08-15 16:29:23 - [TEST_STEP][PASSED] - if (i == 3 &amp;&amp; wildList.indexOf(symbol) != -1): null

2019-08-15 16:29:23 - [TEST_STEP][PASSED] - println("wild found on reel 4, adding counter by 1"): null

2019-08-15 16:29:23 - [TEST_STEP][PASSED] - free_spin_reel_counter[1] = free_spin_reel_counter[1] + 1: null

2019-08-15 16:29:23 - [TEST_STEP][PASSED] - if (i == 4 &amp;&amp; wildList.indexOf(symbol) != -1): null

2019-08-15 16:29:23 - [TEST_STEP][PASSED] - symbol = symbol: null

2019-08-15 16:29:23 - [TEST_STEP][PASSED] - println(symbol): null

2019-08-15 16:29:23 - [TEST_STEP][PASSED] - if (i == 2 &amp;&amp; wildList.indexOf(symbol) != -1): null

2019-08-15 16:29:23 - [TEST_STEP][PASSED] - if (i == 3 &amp;&amp; wildList.indexOf(symbol) != -1): null

2019-08-15 16:29:23 - [TEST_STEP][PASSED] - if (i == 4 &amp;&amp; wildList.indexOf(symbol) != -1): null

2019-08-15 16:29:23 - [TEST_STEP][PASSED] - symbols = symbols: null

2019-08-15 16:29:23 - [TEST_STEP][PASSED] - for ([j = 0, j &lt; symbols.size(), (j++)]): null

2019-08-15 16:29:23 - [TEST_STEP][PASSED] - symbol = symbol: null

2019-08-15 16:29:23 - [TEST_STEP][PASSED] - println(symbol): null

2019-08-15 16:29:23 - [TEST_STEP][PASSED] - if (i == 2 &amp;&amp; wildList.indexOf(symbol) != -1): null

2019-08-15 16:29:23 - [TEST_STEP][PASSED] - if (i == 3 &amp;&amp; wildList.indexOf(symbol) != -1): null

2019-08-15 16:29:23 - [TEST_STEP][PASSED] - if (i == 4 &amp;&amp; wildList.indexOf(symbol) != -1): null

2019-08-15 16:29:23 - [TEST_STEP][PASSED] - symbol = symbol: null

2019-08-15 16:29:23 - [TEST_STEP][PASSED] - println(symbol): null

2019-08-15 16:29:23 - [TEST_STEP][PASSED] - if (i == 2 &amp;&amp; wildList.indexOf(symbol) != -1): null

2019-08-15 16:29:23 - [TEST_STEP][PASSED] - if (i == 3 &amp;&amp; wildList.indexOf(symbol) != -1): null

2019-08-15 16:29:23 - [TEST_STEP][PASSED] - if (i == 4 &amp;&amp; wildList.indexOf(symbol) != -1): null

2019-08-15 16:29:23 - [TEST_STEP][PASSED] - println("wild found on reel 5, adding counter by 1"): null

2019-08-15 16:29:23 - [TEST_STEP][PASSED] - free_spin_reel_counter[2] = free_spin_reel_counter[2] + 1: null

2019-08-15 16:29:23 - [TEST_STEP][PASSED] - symbol = symbol: null

2019-08-15 16:29:23 - [TEST_STEP][PASSED] - println(symbol): null

2019-08-15 16:29:23 - [TEST_STEP][PASSED] - if (i == 2 &amp;&amp; wildList.indexOf(symbol) != -1): null

2019-08-15 16:29:23 - [TEST_STEP][PASSED] - if (i == 3 &amp;&amp; wildList.indexOf(symbol) != -1): null

2019-08-15 16:29:23 - [TEST_STEP][PASSED] - if (i == 4 &amp;&amp; wildList.indexOf(symbol) != -1): null

2019-08-15 16:29:23 - [TEST_STEP][PASSED] - free_spin_reel_counter = free_spin_reel_counter: null

2019-08-15 16:29:23 - [TEST_STEP][PASSED] - println("reel 3 wild found: " + free_spin_reel_counter[0]): null

2019-08-15 16:29:23 - [TEST_STEP][PASSED] - println("reel 4 wild found: " + free_spin_reel_counter[1]): null

2019-08-15 16:29:23 - [TEST_STEP][PASSED] - println("reel 5 wild found: " + free_spin_reel_counter[2]): null

2019-08-15 16:29:23 - [TEST_STEP][PASSED] - M4_spin_reels = M4_spin_reels: null

2019-08-15 16:29:23 - [TEST_STEP][PASSED] - M4_spin_reels_symbols = symbol: null

2019-08-15 16:29:23 - [TEST_STEP][PASSED] - M4_spin_reels_symbols = M4_spin_reels_symbols: null

2019-08-15 16:29:23 - [TEST_STEP][PASSED] - M4_spin_reel_wins = reel_wins: null

2019-08-15 16:29:23 - [TEST_STEP][PASSED] - M4_spin_reel_wins = M4_spin_reel_wins: null

2019-08-15 16:29:23 - [TEST_STEP][PASSED] - println("GlobalVariable.M4_spin_reel_wins is: " + M4_spin_reel_wins): null

2019-08-15 16:29:23 - [TEST_STEP][PASSED] - M4_spin_total_bonus_win_this_round = total_bonus_win_this_round: null

2019-08-15 16:29:23 - [TEST_STEP][PASSED] - M4_spin_total_bonus_win_this_round = M4_spin_total_bonus_win_this_round: null

2019-08-15 16:29:23 - [TEST_STEP][PASSED] - println("GlobalVariable.M4_spin_total_bonus_win_this_round is: " + M4_spin_total_bonus_win_this_round): null

2019-08-15 16:29:23 - [MESSAGE][PASSED] - Verify response successfully

2019-08-15 16:29:23 - [MESSAGE][PASSED] - Send request and verify the response successfully

2019-08-15 16:29:23 - [TEST_STEP][PASSED] - if (M4_total_bonus_spins_int != 0 &amp;&amp; M4_spin_reels_symbols[2].contains("WILD_Normal") || M4_spin_reels_symbols[3].contains("WILD_Normal") || M4_spin_reels_symbols[4].contains("WILD_Normal")): null

2019-08-15 16:29:23 - [TEST_STEP][PASSED] - free_spin_reel_counter = free_spin_reel_counter: null

2019-08-15 16:29:23 - [TEST_STEP][PASSED] - M4_spin_reels_symbols = M4_spin_reels_symbols: null

2019-08-15 16:29:23 - [TEST_STEP][PASSED] - M4_total_bonus_spins = M4_total_bonus_spins: null

2019-08-15 16:29:23 - [TEST_STEP][PASSED] - spin_result = sendRequestAndVerify(findTestObject("STG/RGS(M4)/1_M4_spin", ["M4_login_user_id":M4_login_user_id, "rgs_session_token":rgs_session_token, "partner":Partner])): Send request and verify the response successfully

2019-08-15 16:29:23 - [TEST_CASE][PASSED] - Start Test Case : Verification: Verification accomplished successfully

2019-08-15 16:29:23 - [TEST_STEP][PASSED] - request = getInstance().getCurrentRequest(): null

2019-08-15 16:29:23 - [TEST_STEP][PASSED] - response = getInstance().getCurrentResponse(): null

2019-08-15 16:29:23 - [TEST_STEP][PASSED] - verifyResponseStatusCode(response, 200): Verify response status code successfully

2019-08-15 16:29:23 - [MESSAGE][PASSED] - Verify response status code successfully

2019-08-15 16:29:23 - [TEST_STEP][PASSED] - getStatusCode()).isEqualTo(200): null

2019-08-15 16:29:23 - [TEST_STEP][PASSED] - newline = System.getProperty("line.separator"): null

2019-08-15 16:29:23 - [TEST_STEP][PASSED] - M4_spin = new groovy.json.JsonSlurper(): null

2019-08-15 16:29:23 - [TEST_STEP][PASSED] - result_M4_spin = M4_spin.parseText(response.getResponseBodyContent()): null

2019-08-15 16:29:23 - [TEST_STEP][PASSED] - M4_spin_current_balance = current_balance: null

2019-08-15 16:29:23 - [TEST_STEP][PASSED] - M4_spin_current_balance = M4_spin_current_balance: null

2019-08-15 16:29:23 - [TEST_STEP][PASSED] - M4_spin_transaction_id = causality: null

2019-08-15 16:29:23 - [TEST_STEP][PASSED] - M4_spin_transaction_id = M4_spin_transaction_id: null

2019-08-15 16:29:23 - [TEST_STEP][PASSED] - M4_spin_round_id = round_id: null

2019-08-15 16:29:23 - [TEST_STEP][PASSED] - M4_spin_round_id = M4_spin_round_id: null

2019-08-15 16:29:23 - [TEST_STEP][PASSED] - M4_spin_line_wins = line_wins: null

2019-08-15 16:29:23 - [TEST_STEP][PASSED] - M4_spin_line_wins = M4_spin_line_wins: null

2019-08-15 16:29:23 - [TEST_STEP][PASSED] - M4_total_bonus_spins_int = total_bonus_spins: null

2019-08-15 16:29:23 - [TEST_STEP][PASSED] - println("******M4_total_bonus_spins type is:*******" + newline + getClass().getName()): null

2019-08-15 16:29:23 - [TEST_STEP][PASSED] - M4_total_bonus_spins_int = M4_total_bonus_spins_int: null

2019-08-15 16:29:23 - [TEST_STEP][PASSED] - M4_total_bonus_spins = Integer.toString(M4_total_bonus_spins_int): null

2019-08-15 16:29:23 - [TEST_STEP][PASSED] - M4_total_bonus_spins = M4_total_bonus_spins: null

2019-08-15 16:29:23 - [TEST_STEP][PASSED] - println("M4_total_bonus_spins is:" + M4_total_bonus_spins): null

2019-08-15 16:29:23 - [TEST_STEP][PASSED] - M4_spin_bonus_data = bonus_data: null

2019-08-15 16:29:23 - [TEST_STEP][PASSED] - M4_spin_features_triggered = result_M4_spin: null

2019-08-15 16:29:23 - [TEST_STEP][PASSED] - wild = []: null

2019-08-15 16:29:23 - [TEST_STEP][PASSED] - wild[0] = "WILD_Expanding": null

2019-08-15 16:29:23 - [TEST_STEP][PASSED] - wild[1] = "WILD_Normal": null

2019-08-15 16:29:23 - [TEST_STEP][PASSED] - wild[2] = "WILD_Double": null

2019-08-15 16:29:23 - [TEST_STEP][PASSED] - wild[3] = "WILD_ExtraFG": null

2019-08-15 16:29:23 - [TEST_STEP][PASSED] - wild[4] = "WILD_Triple": null

2019-08-15 16:29:23 - [TEST_STEP][PASSED] - wildList = Arrays.asList(wild): null

2019-08-15 16:29:23 - [TEST_STEP][PASSED] - wildList = wildList: null

2019-08-15 16:29:23 - [TEST_STEP][PASSED] - free_spin_reel_counter = []: null

2019-08-15 16:29:23 - [TEST_STEP][PASSED] - free_spin_reel_counter[0] = 0: null

2019-08-15 16:29:23 - [TEST_STEP][PASSED] - free_spin_reel_counter[1] = 0: null

2019-08-15 16:29:23 - [TEST_STEP][PASSED] - free_spin_reel_counter[2] = 0: null

2019-08-15 16:29:23 - [TEST_STEP][PASSED] - M4_spin_reels = reels: null

2019-08-15 16:29:23 - [TEST_STEP][PASSED] - for ([i = 0, i &lt; M4_spin_reels.size(), (i++)]): null

2019-08-15 16:29:23 - [TEST_STEP][PASSED] - symbols = symbols: null

2019-08-15 16:29:23 - [TEST_STEP][PASSED] - for ([j = 0, j &lt; symbols.size(), (j++)]): null

2019-08-15 16:29:23 - [TEST_STEP][PASSED] - symbol = symbol: null

2019-08-15 16:29:23 - [TEST_STEP][PASSED] - println(symbol): null

2019-08-15 16:29:23 - [TEST_STEP][PASSED] - if (i == 2 &amp;&amp; wildList.indexOf(symbol) != -1): null

2019-08-15 16:29:23 - [TEST_STEP][PASSED] - if (i == 3 &amp;&amp; wildList.indexOf(symbol) != -1): null

2019-08-15 16:29:23 - [TEST_STEP][PASSED] - if (i == 4 &amp;&amp; wildList.indexOf(symbol) != -1): null

2019-08-15 16:29:23 - [TEST_STEP][PASSED] - symbol = symbol: null

2019-08-15 16:29:23 - [TEST_STEP][PASSED] - println(symbol): null

2019-08-15 16:29:23 - [TEST_STEP][PASSED] - if (i == 2 &amp;&amp; wildList.indexOf(symbol) != -1): null

2019-08-15 16:29:23 - [TEST_STEP][PASSED] - if (i == 3 &amp;&amp; wildList.indexOf(symbol) != -1): null

2019-08-15 16:29:23 - [TEST_STEP][PASSED] - if (i == 4 &amp;&amp; wildList.indexOf(symbol) != -1): null

2019-08-15 16:29:23 - [TEST_STEP][PASSED] - symbol = symbol: null

2019-08-15 16:29:23 - [TEST_STEP][PASSED] - println(symbol): null

2019-08-15 16:29:23 - [TEST_STEP][PASSED] - if (i == 2 &amp;&amp; wildList.indexOf(symbol) != -1): null

2019-08-15 16:29:23 - [TEST_STEP][PASSED] - if (i == 3 &amp;&amp; wildList.indexOf(symbol) != -1): null

2019-08-15 16:29:23 - [TEST_STEP][PASSED] - if (i == 4 &amp;&amp; wildList.indexOf(symbol) != -1): null

2019-08-15 16:29:23 - [TEST_STEP][PASSED] - symbols = symbols: null

2019-08-15 16:29:23 - [TEST_STEP][PASSED] - for ([j = 0, j &lt; symbols.size(), (j++)]): null

2019-08-15 16:29:23 - [TEST_STEP][PASSED] - symbol = symbol: null

2019-08-15 16:29:23 - [TEST_STEP][PASSED] - println(symbol): null

2019-08-15 16:29:23 - [TEST_STEP][PASSED] - if (i == 2 &amp;&amp; wildList.indexOf(symbol) != -1): null

2019-08-15 16:29:23 - [TEST_STEP][PASSED] - if (i == 3 &amp;&amp; wildList.indexOf(symbol) != -1): null

2019-08-15 16:29:23 - [TEST_STEP][PASSED] - if (i == 4 &amp;&amp; wildList.indexOf(symbol) != -1): null

2019-08-15 16:29:23 - [TEST_STEP][PASSED] - symbol = symbol: null

2019-08-15 16:29:23 - [TEST_STEP][PASSED] - println(symbol): null

2019-08-15 16:29:23 - [TEST_STEP][PASSED] - if (i == 2 &amp;&amp; wildList.indexOf(symbol) != -1): null

2019-08-15 16:29:23 - [TEST_STEP][PASSED] - if (i == 3 &amp;&amp; wildList.indexOf(symbol) != -1): null

2019-08-15 16:29:23 - [TEST_STEP][PASSED] - if (i == 4 &amp;&amp; wildList.indexOf(symbol) != -1): null

2019-08-15 16:29:23 - [TEST_STEP][PASSED] - symbol = symbol: null

2019-08-15 16:29:23 - [TEST_STEP][PASSED] - println(symbol): null

2019-08-15 16:29:23 - [TEST_STEP][PASSED] - if (i == 2 &amp;&amp; wildList.indexOf(symbol) != -1): null

2019-08-15 16:29:23 - [TEST_STEP][PASSED] - if (i == 3 &amp;&amp; wildList.indexOf(symbol) != -1): null

2019-08-15 16:29:23 - [TEST_STEP][PASSED] - if (i == 4 &amp;&amp; wildList.indexOf(symbol) != -1): null

2019-08-15 16:29:23 - [TEST_STEP][PASSED] - symbols = symbols: null

2019-08-15 16:29:23 - [TEST_STEP][PASSED] - for ([j = 0, j &lt; symbols.size(), (j++)]): null

2019-08-15 16:29:23 - [TEST_STEP][PASSED] - symbol = symbol: null

2019-08-15 16:29:23 - [TEST_STEP][PASSED] - println(symbol): null

2019-08-15 16:29:23 - [TEST_STEP][PASSED] - if (i == 2 &amp;&amp; wildList.indexOf(symbol) != -1): null

2019-08-15 16:29:23 - [TEST_STEP][PASSED] - if (i == 3 &amp;&amp; wildList.indexOf(symbol) != -1): null

2019-08-15 16:29:23 - [TEST_STEP][PASSED] - if (i == 4 &amp;&amp; wildList.indexOf(symbol) != -1): null

2019-08-15 16:29:23 - [TEST_STEP][PASSED] - symbol = symbol: null

2019-08-15 16:29:23 - [TEST_STEP][PASSED] - println(symbol): null

2019-08-15 16:29:23 - [TEST_STEP][PASSED] - if (i == 2 &amp;&amp; wildList.indexOf(symbol) != -1): null

2019-08-15 16:29:23 - [TEST_STEP][PASSED] - if (i == 3 &amp;&amp; wildList.indexOf(symbol) != -1): null

2019-08-15 16:29:23 - [TEST_STEP][PASSED] - if (i == 4 &amp;&amp; wildList.indexOf(symbol) != -1): null

2019-08-15 16:29:23 - [TEST_STEP][PASSED] - symbol = symbol: null

2019-08-15 16:29:23 - [TEST_STEP][PASSED] - println(symbol): null

2019-08-15 16:29:23 - [TEST_STEP][PASSED] - if (i == 2 &amp;&amp; wildList.indexOf(symbol) != -1): null

2019-08-15 16:29:23 - [TEST_STEP][PASSED] - if (i == 3 &amp;&amp; wildList.indexOf(symbol) != -1): null

2019-08-15 16:29:23 - [TEST_STEP][PASSED] - if (i == 4 &amp;&amp; wildList.indexOf(symbol) != -1): null

2019-08-15 16:29:23 - [TEST_STEP][PASSED] - symbols = symbols: null

2019-08-15 16:29:23 - [TEST_STEP][PASSED] - for ([j = 0, j &lt; symbols.size(), (j++)]): null

2019-08-15 16:29:23 - [TEST_STEP][PASSED] - symbol = symbol: null

2019-08-15 16:29:23 - [TEST_STEP][PASSED] - println(symbol): null

2019-08-15 16:29:23 - [TEST_STEP][PASSED] - if (i == 2 &amp;&amp; wildList.indexOf(symbol) != -1): null

2019-08-15 16:29:23 - [TEST_STEP][PASSED] - if (i == 3 &amp;&amp; wildList.indexOf(symbol) != -1): null

2019-08-15 16:29:23 - [TEST_STEP][PASSED] - if (i == 4 &amp;&amp; wildList.indexOf(symbol) != -1): null

2019-08-15 16:29:23 - [TEST_STEP][PASSED] - symbol = symbol: null

2019-08-15 16:29:23 - [TEST_STEP][PASSED] - println(symbol): null

2019-08-15 16:29:23 - [TEST_STEP][PASSED] - if (i == 2 &amp;&amp; wildList.indexOf(symbol) != -1): null

2019-08-15 16:29:23 - [TEST_STEP][PASSED] - if (i == 3 &amp;&amp; wildList.indexOf(symbol) != -1): null

2019-08-15 16:29:23 - [TEST_STEP][PASSED] - if (i == 4 &amp;&amp; wildList.indexOf(symbol) != -1): null

2019-08-15 16:29:23 - [TEST_STEP][PASSED] - symbol = symbol: null

2019-08-15 16:29:23 - [TEST_STEP][PASSED] - println(symbol): null

2019-08-15 16:29:23 - [TEST_STEP][PASSED] - if (i == 2 &amp;&amp; wildList.indexOf(symbol) != -1): null

2019-08-15 16:29:23 - [TEST_STEP][PASSED] - if (i == 3 &amp;&amp; wildList.indexOf(symbol) != -1): null

2019-08-15 16:29:23 - [TEST_STEP][PASSED] - if (i == 4 &amp;&amp; wildList.indexOf(symbol) != -1): null

2019-08-15 16:29:23 - [TEST_STEP][PASSED] - symbols = symbols: null

2019-08-15 16:29:23 - [TEST_STEP][PASSED] - for ([j = 0, j &lt; symbols.size(), (j++)]): null

2019-08-15 16:29:23 - [TEST_STEP][PASSED] - symbol = symbol: null

2019-08-15 16:29:23 - [TEST_STEP][PASSED] - println(symbol): null

2019-08-15 16:29:23 - [TEST_STEP][PASSED] - if (i == 2 &amp;&amp; wildList.indexOf(symbol) != -1): null

2019-08-15 16:29:23 - [TEST_STEP][PASSED] - if (i == 3 &amp;&amp; wildList.indexOf(symbol) != -1): null

2019-08-15 16:29:23 - [TEST_STEP][PASSED] - if (i == 4 &amp;&amp; wildList.indexOf(symbol) != -1): null

2019-08-15 16:29:23 - [TEST_STEP][PASSED] - symbol = symbol: null

2019-08-15 16:29:23 - [TEST_STEP][PASSED] - println(symbol): null

2019-08-15 16:29:23 - [TEST_STEP][PASSED] - if (i == 2 &amp;&amp; wildList.indexOf(symbol) != -1): null

2019-08-15 16:29:23 - [TEST_STEP][PASSED] - if (i == 3 &amp;&amp; wildList.indexOf(symbol) != -1): null

2019-08-15 16:29:23 - [TEST_STEP][PASSED] - if (i == 4 &amp;&amp; wildList.indexOf(symbol) != -1): null

2019-08-15 16:29:23 - [TEST_STEP][PASSED] - symbol = symbol: null

2019-08-15 16:29:23 - [TEST_STEP][PASSED] - println(symbol): null

2019-08-15 16:29:23 - [TEST_STEP][PASSED] - if (i == 2 &amp;&amp; wildList.indexOf(symbol) != -1): null

2019-08-15 16:29:23 - [TEST_STEP][PASSED] - if (i == 3 &amp;&amp; wildList.indexOf(symbol) != -1): null

2019-08-15 16:29:23 - [TEST_STEP][PASSED] - if (i == 4 &amp;&amp; wildList.indexOf(symbol) != -1): null

2019-08-15 16:29:23 - [TEST_STEP][PASSED] - free_spin_reel_counter = free_spin_reel_counter: null

2019-08-15 16:29:23 - [TEST_STEP][PASSED] - println("reel 3 wild found: " + free_spin_reel_counter[0]): null

2019-08-15 16:29:23 - [TEST_STEP][PASSED] - println("reel 4 wild found: " + free_spin_reel_counter[1]): null

2019-08-15 16:29:23 - [TEST_STEP][PASSED] - println("reel 5 wild found: " + free_spin_reel_counter[2]): null

2019-08-15 16:29:23 - [TEST_STEP][PASSED] - M4_spin_reels = M4_spin_reels: null

2019-08-15 16:29:23 - [TEST_STEP][PASSED] - M4_spin_reels_symbols = symbol: null

2019-08-15 16:29:23 - [TEST_STEP][PASSED] - M4_spin_reels_symbols = M4_spin_reels_symbols: null

2019-08-15 16:29:23 - [TEST_STEP][PASSED] - M4_spin_reel_wins = reel_wins: null

2019-08-15 16:29:23 - [TEST_STEP][PASSED] - M4_spin_reel_wins = M4_spin_reel_wins: null

2019-08-15 16:29:23 - [TEST_STEP][PASSED] - println("GlobalVariable.M4_spin_reel_wins is: " + M4_spin_reel_wins): null

2019-08-15 16:29:23 - [TEST_STEP][PASSED] - M4_spin_total_bonus_win_this_round = total_bonus_win_this_round: null

2019-08-15 16:29:23 - [TEST_STEP][PASSED] - M4_spin_total_bonus_win_this_round = M4_spin_total_bonus_win_this_round: null

2019-08-15 16:29:23 - [TEST_STEP][PASSED] - println("GlobalVariable.M4_spin_total_bonus_win_this_round is: " + M4_spin_total_bonus_win_this_round): null

2019-08-15 16:29:23 - [MESSAGE][PASSED] - Verify response successfully

2019-08-15 16:29:23 - [MESSAGE][PASSED] - Send request and verify the response successfully

2019-08-15 16:29:23 - [TEST_STEP][PASSED] - if (M4_total_bonus_spins_int != 0 &amp;&amp; M4_spin_reels_symbols[2].contains("WILD_Normal") || M4_spin_reels_symbols[3].contains("WILD_Normal") || M4_spin_reels_symbols[4].contains("WILD_Normal")): null

2019-08-15 16:29:23 - [TEST_STEP][PASSED] - free_spin_reel_counter = free_spin_reel_counter: null

2019-08-15 16:29:23 - [TEST_STEP][PASSED] - M4_spin_reels_symbols = M4_spin_reels_symbols: null

2019-08-15 16:29:23 - [TEST_STEP][PASSED] - M4_total_bonus_spins = M4_total_bonus_spins: null

2019-08-15 16:29:23 - [TEST_STEP][PASSED] - spin_result = sendRequestAndVerify(findTestObject("STG/RGS(M4)/1_M4_spin", ["M4_login_user_id":M4_login_user_id, "rgs_session_token":rgs_session_token, "partner":Partner])): Send request and verify the response successfully

2019-08-15 16:29:24 - [TEST_CASE][PASSED] - Start Test Case : Verification: Verification accomplished successfully

2019-08-15 16:29:24 - [TEST_STEP][PASSED] - request = getInstance().getCurrentRequest(): null

2019-08-15 16:29:24 - [TEST_STEP][PASSED] - response = getInstance().getCurrentResponse(): null

2019-08-15 16:29:24 - [TEST_STEP][PASSED] - verifyResponseStatusCode(response, 200): Verify response status code successfully

2019-08-15 16:29:24 - [MESSAGE][PASSED] - Verify response status code successfully

2019-08-15 16:29:24 - [TEST_STEP][PASSED] - getStatusCode()).isEqualTo(200): null

2019-08-15 16:29:24 - [TEST_STEP][PASSED] - newline = System.getProperty("line.separator"): null

2019-08-15 16:29:24 - [TEST_STEP][PASSED] - M4_spin = new groovy.json.JsonSlurper(): null

2019-08-15 16:29:24 - [TEST_STEP][PASSED] - result_M4_spin = M4_spin.parseText(response.getResponseBodyContent()): null

2019-08-15 16:29:24 - [TEST_STEP][PASSED] - M4_spin_current_balance = current_balance: null

2019-08-15 16:29:24 - [TEST_STEP][PASSED] - M4_spin_current_balance = M4_spin_current_balance: null

2019-08-15 16:29:24 - [TEST_STEP][PASSED] - M4_spin_transaction_id = causality: null

2019-08-15 16:29:24 - [TEST_STEP][PASSED] - M4_spin_transaction_id = M4_spin_transaction_id: null

2019-08-15 16:29:24 - [TEST_STEP][PASSED] - M4_spin_round_id = round_id: null

2019-08-15 16:29:24 - [TEST_STEP][PASSED] - M4_spin_round_id = M4_spin_round_id: null

2019-08-15 16:29:24 - [TEST_STEP][PASSED] - M4_spin_line_wins = line_wins: null

2019-08-15 16:29:24 - [TEST_STEP][PASSED] - M4_spin_line_wins = M4_spin_line_wins: null

2019-08-15 16:29:24 - [TEST_STEP][PASSED] - M4_total_bonus_spins_int = total_bonus_spins: null

2019-08-15 16:29:24 - [TEST_STEP][PASSED] - println("******M4_total_bonus_spins type is:*******" + newline + getClass().getName()): null

2019-08-15 16:29:24 - [TEST_STEP][PASSED] - M4_total_bonus_spins_int = M4_total_bonus_spins_int: null

2019-08-15 16:29:24 - [TEST_STEP][PASSED] - M4_total_bonus_spins = Integer.toString(M4_total_bonus_spins_int): null

2019-08-15 16:29:24 - [TEST_STEP][PASSED] - M4_total_bonus_spins = M4_total_bonus_spins: null

2019-08-15 16:29:24 - [TEST_STEP][PASSED] - println("M4_total_bonus_spins is:" + M4_total_bonus_spins): null

2019-08-15 16:29:24 - [TEST_STEP][PASSED] - M4_spin_bonus_data = bonus_data: null

2019-08-15 16:29:24 - [TEST_STEP][PASSED] - M4_spin_features_triggered = result_M4_spin: null

2019-08-15 16:29:24 - [TEST_STEP][PASSED] - wild = []: null

2019-08-15 16:29:24 - [TEST_STEP][PASSED] - wild[0] = "WILD_Expanding": null

2019-08-15 16:29:24 - [TEST_STEP][PASSED] - wild[1] = "WILD_Normal": null

2019-08-15 16:29:24 - [TEST_STEP][PASSED] - wild[2] = "WILD_Double": null

2019-08-15 16:29:24 - [TEST_STEP][PASSED] - wild[3] = "WILD_ExtraFG": null

2019-08-15 16:29:24 - [TEST_STEP][PASSED] - wild[4] = "WILD_Triple": null

2019-08-15 16:29:24 - [TEST_STEP][PASSED] - wildList = Arrays.asList(wild): null

2019-08-15 16:29:24 - [TEST_STEP][PASSED] - wildList = wildList: null

2019-08-15 16:29:24 - [TEST_STEP][PASSED] - free_spin_reel_counter = []: null

2019-08-15 16:29:24 - [TEST_STEP][PASSED] - free_spin_reel_counter[0] = 0: null

2019-08-15 16:29:24 - [TEST_STEP][PASSED] - free_spin_reel_counter[1] = 0: null

2019-08-15 16:29:24 - [TEST_STEP][PASSED] - free_spin_reel_counter[2] = 0: null

2019-08-15 16:29:24 - [TEST_STEP][PASSED] - M4_spin_reels = reels: null

2019-08-15 16:29:24 - [TEST_STEP][PASSED] - for ([i = 0, i &lt; M4_spin_reels.size(), (i++)]): null

2019-08-15 16:29:24 - [TEST_STEP][PASSED] - symbols = symbols: null

2019-08-15 16:29:24 - [TEST_STEP][PASSED] - for ([j = 0, j &lt; symbols.size(), (j++)]): null

2019-08-15 16:29:24 - [TEST_STEP][PASSED] - symbol = symbol: null

2019-08-15 16:29:24 - [TEST_STEP][PASSED] - println(symbol): null

2019-08-15 16:29:24 - [TEST_STEP][PASSED] - if (i == 2 &amp;&amp; wildList.indexOf(symbol) != -1): null

2019-08-15 16:29:24 - [TEST_STEP][PASSED] - if (i == 3 &amp;&amp; wildList.indexOf(symbol) != -1): null

2019-08-15 16:29:24 - [TEST_STEP][PASSED] - if (i == 4 &amp;&amp; wildList.indexOf(symbol) != -1): null

2019-08-15 16:29:24 - [TEST_STEP][PASSED] - symbol = symbol: null

2019-08-15 16:29:24 - [TEST_STEP][PASSED] - println(symbol): null

2019-08-15 16:29:24 - [TEST_STEP][PASSED] - if (i == 2 &amp;&amp; wildList.indexOf(symbol) != -1): null

2019-08-15 16:29:24 - [TEST_STEP][PASSED] - if (i == 3 &amp;&amp; wildList.indexOf(symbol) != -1): null

2019-08-15 16:29:24 - [TEST_STEP][PASSED] - if (i == 4 &amp;&amp; wildList.indexOf(symbol) != -1): null

2019-08-15 16:29:24 - [TEST_STEP][PASSED] - symbol = symbol: null

2019-08-15 16:29:24 - [TEST_STEP][PASSED] - println(symbol): null

2019-08-15 16:29:24 - [TEST_STEP][PASSED] - if (i == 2 &amp;&amp; wildList.indexOf(symbol) != -1): null

2019-08-15 16:29:24 - [TEST_STEP][PASSED] - if (i == 3 &amp;&amp; wildList.indexOf(symbol) != -1): null

2019-08-15 16:29:24 - [TEST_STEP][PASSED] - if (i == 4 &amp;&amp; wildList.indexOf(symbol) != -1): null

2019-08-15 16:29:24 - [TEST_STEP][PASSED] - symbols = symbols: null

2019-08-15 16:29:24 - [TEST_STEP][PASSED] - for ([j = 0, j &lt; symbols.size(), (j++)]): null

2019-08-15 16:29:24 - [TEST_STEP][PASSED] - symbol = symbol: null

2019-08-15 16:29:24 - [TEST_STEP][PASSED] - println(symbol): null

2019-08-15 16:29:24 - [TEST_STEP][PASSED] - if (i == 2 &amp;&amp; wildList.indexOf(symbol) != -1): null

2019-08-15 16:29:24 - [TEST_STEP][PASSED] - if (i == 3 &amp;&amp; wildList.indexOf(symbol) != -1): null

2019-08-15 16:29:24 - [TEST_STEP][PASSED] - if (i == 4 &amp;&amp; wildList.indexOf(symbol) != -1): null

2019-08-15 16:29:24 - [TEST_STEP][PASSED] - symbol = symbol: null

2019-08-15 16:29:24 - [TEST_STEP][PASSED] - println(symbol): null

2019-08-15 16:29:24 - [TEST_STEP][PASSED] - if (i == 2 &amp;&amp; wildList.indexOf(symbol) != -1): null

2019-08-15 16:29:24 - [TEST_STEP][PASSED] - if (i == 3 &amp;&amp; wildList.indexOf(symbol) != -1): null

2019-08-15 16:29:24 - [TEST_STEP][PASSED] - if (i == 4 &amp;&amp; wildList.indexOf(symbol) != -1): null

2019-08-15 16:29:24 - [TEST_STEP][PASSED] - symbol = symbol: null

2019-08-15 16:29:24 - [TEST_STEP][PASSED] - println(symbol): null

2019-08-15 16:29:24 - [TEST_STEP][PASSED] - if (i == 2 &amp;&amp; wildList.indexOf(symbol) != -1): null

2019-08-15 16:29:24 - [TEST_STEP][PASSED] - if (i == 3 &amp;&amp; wildList.indexOf(symbol) != -1): null

2019-08-15 16:29:24 - [TEST_STEP][PASSED] - if (i == 4 &amp;&amp; wildList.indexOf(symbol) != -1): null

2019-08-15 16:29:28 - [TEST_STEP][PASSED] - symbols = symbols: null

2019-08-15 16:29:28 - [TEST_STEP][PASSED] - for ([j = 0, j &lt; symbols.size(), (j++)]): null

2019-08-15 16:29:28 - [TEST_STEP][PASSED] - symbol = symbol: null

2019-08-15 16:29:28 - [TEST_STEP][PASSED] - println(symbol): null

2019-08-15 16:29:28 - [TEST_STEP][PASSED] - if (i == 2 &amp;&amp; wildList.indexOf(symbol) != -1): null

2019-08-15 16:29:28 - [TEST_STEP][PASSED] - if (i == 3 &amp;&amp; wildList.indexOf(symbol) != -1): null

2019-08-15 16:29:28 - [TEST_STEP][PASSED] - if (i == 4 &amp;&amp; wildList.indexOf(symbol) != -1): null

2019-08-15 16:29:28 - [TEST_STEP][PASSED] - symbol = symbol: null

2019-08-15 16:29:28 - [TEST_STEP][PASSED] - println(symbol): null

2019-08-15 16:29:28 - [TEST_STEP][PASSED] - if (i == 2 &amp;&amp; wildList.indexOf(symbol) != -1): null

2019-08-15 16:29:31 - [TEST_STEP][PASSED] - if (i == 3 &amp;&amp; wildList.indexOf(symbol) != -1): null

2019-08-15 16:29:31 - [TEST_STEP][PASSED] - if (i == 4 &amp;&amp; wildList.indexOf(symbol) != -1): null

2019-08-15 16:29:31 - [TEST_STEP][PASSED] - symbol = symbol: null

2019-08-15 16:29:31 - [TEST_STEP][PASSED] - println(symbol): null

2019-08-15 16:29:31 - [TEST_STEP][PASSED] - if (i == 2 &amp;&amp; wildList.indexOf(symbol) != -1): null

2019-08-15 16:29:31 - [TEST_STEP][PASSED] - if (i == 3 &amp;&amp; wildList.indexOf(symbol) != -1): null

2019-08-15 16:29:31 - [TEST_STEP][PASSED] - if (i == 4 &amp;&amp; wildList.indexOf(symbol) != -1): null

2019-08-15 16:29:31 - [TEST_STEP][PASSED] - symbols = symbols: null

2019-08-15 16:29:31 - [TEST_STEP][PASSED] - for ([j = 0, j &lt; symbols.size(), (j++)]): null

2019-08-15 16:29:31 - [TEST_STEP][PASSED] - symbol = symbol: null

2019-08-15 16:29:31 - [TEST_STEP][PASSED] - println(symbol): null

2019-08-15 16:29:31 - [TEST_STEP][PASSED] - if (i == 2 &amp;&amp; wildList.indexOf(symbol) != -1): null

2019-08-15 16:29:31 - [TEST_STEP][PASSED] - if (i == 3 &amp;&amp; wildList.indexOf(symbol) != -1): null

2019-08-15 16:29:31 - [TEST_STEP][PASSED] - if (i == 4 &amp;&amp; wildList.indexOf(symbol) != -1): null

2019-08-15 16:29:31 - [TEST_STEP][PASSED] - symbol = symbol: null

2019-08-15 16:29:31 - [TEST_STEP][PASSED] - println(symbol): null

2019-08-15 16:29:31 - [TEST_STEP][PASSED] - if (i == 2 &amp;&amp; wildList.indexOf(symbol) != -1): null

2019-08-15 16:29:31 - [TEST_STEP][PASSED] - if (i == 3 &amp;&amp; wildList.indexOf(symbol) != -1): null

2019-08-15 16:29:31 - [TEST_STEP][PASSED] - if (i == 4 &amp;&amp; wildList.indexOf(symbol) != -1): null

2019-08-15 16:29:31 - [TEST_STEP][PASSED] - symbol = symbol: null

2019-08-15 16:29:31 - [TEST_STEP][PASSED] - println(symbol): null

2019-08-15 16:29:31 - [TEST_STEP][PASSED] - if (i == 2 &amp;&amp; wildList.indexOf(symbol) != -1): null

2019-08-15 16:29:31 - [TEST_STEP][PASSED] - if (i == 3 &amp;&amp; wildList.indexOf(symbol) != -1): null

2019-08-15 16:29:31 - [TEST_STEP][PASSED] - if (i == 4 &amp;&amp; wildList.indexOf(symbol) != -1): null

2019-08-15 16:29:31 - [TEST_STEP][PASSED] - symbols = symbols: null

2019-08-15 16:29:31 - [TEST_STEP][PASSED] - for ([j = 0, j &lt; symbols.size(), (j++)]): null

2019-08-15 16:29:31 - [TEST_STEP][PASSED] - symbol = symbol: null

2019-08-15 16:29:31 - [TEST_STEP][PASSED] - println(symbol): null

2019-08-15 16:29:31 - [TEST_STEP][PASSED] - if (i == 2 &amp;&amp; wildList.indexOf(symbol) != -1): null

2019-08-15 16:29:31 - [TEST_STEP][PASSED] - if (i == 3 &amp;&amp; wildList.indexOf(symbol) != -1): null

2019-08-15 16:29:31 - [TEST_STEP][PASSED] - if (i == 4 &amp;&amp; wildList.indexOf(symbol) != -1): null

2019-08-15 16:29:31 - [TEST_STEP][PASSED] - symbol = symbol: null

2019-08-15 16:29:31 - [TEST_STEP][PASSED] - println(symbol): null

2019-08-15 16:29:31 - [TEST_STEP][PASSED] - if (i == 2 &amp;&amp; wildList.indexOf(symbol) != -1): null

2019-08-15 16:29:31 - [TEST_STEP][PASSED] - if (i == 3 &amp;&amp; wildList.indexOf(symbol) != -1): null

2019-08-15 16:29:31 - [TEST_STEP][PASSED] - if (i == 4 &amp;&amp; wildList.indexOf(symbol) != -1): null

2019-08-15 16:29:31 - [TEST_STEP][PASSED] - symbol = symbol: null

2019-08-15 16:29:31 - [TEST_STEP][PASSED] - println(symbol): null

2019-08-15 16:29:31 - [TEST_STEP][PASSED] - if (i == 2 &amp;&amp; wildList.indexOf(symbol) != -1): null

2019-08-15 16:29:31 - [TEST_STEP][PASSED] - if (i == 3 &amp;&amp; wildList.indexOf(symbol) != -1): null

2019-08-15 16:29:31 - [TEST_STEP][PASSED] - if (i == 4 &amp;&amp; wildList.indexOf(symbol) != -1): null

2019-08-15 16:29:31 - [TEST_STEP][PASSED] - free_spin_reel_counter = free_spin_reel_counter: null

2019-08-15 16:29:31 - [TEST_STEP][PASSED] - println("reel 3 wild found: " + free_spin_reel_counter[0]): null

2019-08-15 16:29:31 - [TEST_STEP][PASSED] - println("reel 4 wild found: " + free_spin_reel_counter[1]): null

2019-08-15 16:29:31 - [TEST_STEP][PASSED] - println("reel 5 wild found: " + free_spin_reel_counter[2]): null

2019-08-15 16:29:31 - [TEST_STEP][PASSED] - M4_spin_reels = M4_spin_reels: null

2019-08-15 16:29:31 - [TEST_STEP][PASSED] - M4_spin_reels_symbols = symbol: null

2019-08-15 16:29:31 - [TEST_STEP][PASSED] - M4_spin_reels_symbols = M4_spin_reels_symbols: null

2019-08-15 16:29:31 - [TEST_STEP][PASSED] - M4_spin_reel_wins = reel_wins: null

2019-08-15 16:29:31 - [TEST_STEP][PASSED] - M4_spin_reel_wins = M4_spin_reel_wins: null

2019-08-15 16:29:31 - [TEST_STEP][PASSED] - println("GlobalVariable.M4_spin_reel_wins is: " + M4_spin_reel_wins): null

2019-08-15 16:29:31 - [TEST_STEP][PASSED] - M4_spin_total_bonus_win_this_round = total_bonus_win_this_round: null

2019-08-15 16:29:31 - [TEST_STEP][PASSED] - M4_spin_total_bonus_win_this_round = M4_spin_total_bonus_win_this_round: null

2019-08-15 16:29:31 - [TEST_STEP][PASSED] - println("GlobalVariable.M4_spin_total_bonus_win_this_round is: " + M4_spin_total_bonus_win_this_round): null

2019-08-15 16:29:31 - [MESSAGE][PASSED] - Verify response successfully

2019-08-15 16:29:31 - [MESSAGE][PASSED] - Send request and verify the response successfully

2019-08-15 16:29:31 - [TEST_STEP][PASSED] - if (M4_total_bonus_spins_int != 0 &amp;&amp; M4_spin_reels_symbols[2].contains("WILD_Normal") || M4_spin_reels_symbols[3].contains("WILD_Normal") || M4_spin_reels_symbols[4].contains("WILD_Normal")): null

2019-08-15 16:29:31 - [TEST_STEP][PASSED] - free_spin_reel_counter = free_spin_reel_counter: null

2019-08-15 16:29:31 - [TEST_STEP][PASSED] - M4_spin_reels_symbols = M4_spin_reels_symbols: null

2019-08-15 16:29:31 - [TEST_STEP][PASSED] - M4_total_bonus_spins = M4_total_bonus_spins: null

2019-08-15 16:29:31 - [TEST_STEP][PASSED] - spin_result = sendRequestAndVerify(findTestObject("STG/RGS(M4)/1_M4_spin", ["M4_login_user_id":M4_login_user_id, "rgs_session_token":rgs_session_token, "partner":Partner])): Send request and verify the response successfully

2019-08-15 16:29:31 - [TEST_CASE][PASSED] - Start Test Case : Verification: Verification accomplished successfully

2019-08-15 16:29:31 - [TEST_STEP][PASSED] - request = getInstance().getCurrentRequest(): null

2019-08-15 16:29:31 - [TEST_STEP][PASSED] - response = getInstance().getCurrentResponse(): null

2019-08-15 16:29:31 - [TEST_STEP][PASSED] - verifyResponseStatusCode(response, 200): Verify response status code successfully

2019-08-15 16:29:31 - [MESSAGE][PASSED] - Verify response status code successfully

2019-08-15 16:29:31 - [TEST_STEP][PASSED] - getStatusCode()).isEqualTo(200): null

2019-08-15 16:29:31 - [TEST_STEP][PASSED] - newline = System.getProperty("line.separator"): null

2019-08-15 16:29:31 - [TEST_STEP][PASSED] - M4_spin = new groovy.json.JsonSlurper(): null

2019-08-15 16:29:31 - [TEST_STEP][PASSED] - result_M4_spin = M4_spin.parseText(response.getResponseBodyContent()): null

2019-08-15 16:29:31 - [TEST_STEP][PASSED] - M4_spin_current_balance = current_balance: null

2019-08-15 16:29:31 - [TEST_STEP][PASSED] - M4_spin_current_balance = M4_spin_current_balance: null

2019-08-15 16:29:31 - [TEST_STEP][PASSED] - M4_spin_transaction_id = causality: null

2019-08-15 16:29:31 - [TEST_STEP][PASSED] - M4_spin_transaction_id = M4_spin_transaction_id: null

2019-08-15 16:29:31 - [TEST_STEP][PASSED] - M4_spin_round_id = round_id: null

2019-08-15 16:29:31 - [TEST_STEP][PASSED] - M4_spin_round_id = M4_spin_round_id: null

2019-08-15 16:29:31 - [TEST_STEP][PASSED] - M4_spin_line_wins = line_wins: null

2019-08-15 16:29:31 - [TEST_STEP][PASSED] - M4_spin_line_wins = M4_spin_line_wins: null

2019-08-15 16:29:31 - [TEST_STEP][PASSED] - M4_total_bonus_spins_int = total_bonus_spins: null

2019-08-15 16:29:31 - [TEST_STEP][PASSED] - println("******M4_total_bonus_spins type is:*******" + newline + getClass().getName()): null

2019-08-15 16:29:31 - [TEST_STEP][PASSED] - M4_total_bonus_spins_int = M4_total_bonus_spins_int: null

2019-08-15 16:29:31 - [TEST_STEP][PASSED] - M4_total_bonus_spins = Integer.toString(M4_total_bonus_spins_int): null

2019-08-15 16:29:31 - [TEST_STEP][PASSED] - M4_total_bonus_spins = M4_total_bonus_spins: null

2019-08-15 16:29:31 - [TEST_STEP][PASSED] - println("M4_total_bonus_spins is:" + M4_total_bonus_spins): null

2019-08-15 16:29:31 - [TEST_STEP][PASSED] - M4_spin_bonus_data = bonus_data: null

2019-08-15 16:29:31 - [TEST_STEP][PASSED] - M4_spin_features_triggered = result_M4_spin: null

2019-08-15 16:29:31 - [TEST_STEP][PASSED] - wild = []: null

2019-08-15 16:29:31 - [TEST_STEP][PASSED] - wild[0] = "WILD_Expanding": null

2019-08-15 16:29:31 - [TEST_STEP][PASSED] - wild[1] = "WILD_Normal": null

2019-08-15 16:29:31 - [TEST_STEP][PASSED] - wild[2] = "WILD_Double": null

2019-08-15 16:29:31 - [TEST_STEP][PASSED] - wild[3] = "WILD_ExtraFG": null

2019-08-15 16:29:31 - [TEST_STEP][PASSED] - wild[4] = "WILD_Triple": null

2019-08-15 16:29:31 - [TEST_STEP][PASSED] - wildList = Arrays.asList(wild): null

2019-08-15 16:29:31 - [TEST_STEP][PASSED] - wildList = wildList: null

2019-08-15 16:29:31 - [TEST_STEP][PASSED] - free_spin_reel_counter = []: null

2019-08-15 16:29:31 - [TEST_STEP][PASSED] - free_spin_reel_counter[0] = 0: null

2019-08-15 16:29:31 - [TEST_STEP][PASSED] - free_spin_reel_counter[1] = 0: null

2019-08-15 16:29:31 - [TEST_STEP][PASSED] - free_spin_reel_counter[2] = 0: null

2019-08-15 16:29:31 - [TEST_STEP][PASSED] - M4_spin_reels = reels: null

2019-08-15 16:29:31 - [TEST_STEP][PASSED] - for ([i = 0, i &lt; M4_spin_reels.size(), (i++)]): null

2019-08-15 16:29:31 - [TEST_STEP][PASSED] - symbols = symbols: null

2019-08-15 16:29:31 - [TEST_STEP][PASSED] - for ([j = 0, j &lt; symbols.size(), (j++)]): null

2019-08-15 16:29:31 - [TEST_STEP][PASSED] - symbol = symbol: null

2019-08-15 16:29:31 - [TEST_STEP][PASSED] - println(symbol): null

2019-08-15 16:29:31 - [TEST_STEP][PASSED] - if (i == 2 &amp;&amp; wildList.indexOf(symbol) != -1): null

2019-08-15 16:29:31 - [TEST_STEP][PASSED] - if (i == 3 &amp;&amp; wildList.indexOf(symbol) != -1): null

2019-08-15 16:29:31 - [TEST_STEP][PASSED] - if (i == 4 &amp;&amp; wildList.indexOf(symbol) != -1): null

2019-08-15 16:29:31 - [TEST_STEP][PASSED] - symbol = symbol: null

2019-08-15 16:29:31 - [TEST_STEP][PASSED] - println(symbol): null

2019-08-15 16:29:31 - [TEST_STEP][PASSED] - if (i == 2 &amp;&amp; wildList.indexOf(symbol) != -1): null

2019-08-15 16:29:31 - [TEST_STEP][PASSED] - if (i == 3 &amp;&amp; wildList.indexOf(symbol) != -1): null

2019-08-15 16:29:31 - [TEST_STEP][PASSED] - if (i == 4 &amp;&amp; wildList.indexOf(symbol) != -1): null

2019-08-15 16:29:31 - [TEST_STEP][PASSED] - symbol = symbol: null

2019-08-15 16:29:31 - [TEST_STEP][PASSED] - println(symbol): null

2019-08-15 16:29:31 - [TEST_STEP][PASSED] - if (i == 2 &amp;&amp; wildList.indexOf(symbol) != -1): null

2019-08-15 16:29:31 - [TEST_STEP][PASSED] - if (i == 3 &amp;&amp; wildList.indexOf(symbol) != -1): null

2019-08-15 16:29:31 - [TEST_STEP][PASSED] - if (i == 4 &amp;&amp; wildList.indexOf(symbol) != -1): null

2019-08-15 16:29:31 - [TEST_STEP][PASSED] - symbols = symbols: null

2019-08-15 16:29:31 - [TEST_STEP][PASSED] - for ([j = 0, j &lt; symbols.size(), (j++)]): null

2019-08-15 16:29:31 - [TEST_STEP][PASSED] - symbol = symbol: null

2019-08-15 16:29:31 - [TEST_STEP][PASSED] - println(symbol): null

2019-08-15 16:29:31 - [TEST_STEP][PASSED] - if (i == 2 &amp;&amp; wildList.indexOf(symbol) != -1): null

2019-08-15 16:29:31 - [TEST_STEP][PASSED] - if (i == 3 &amp;&amp; wildList.indexOf(symbol) != -1): null

2019-08-15 16:29:31 - [TEST_STEP][PASSED] - if (i == 4 &amp;&amp; wildList.indexOf(symbol) != -1): null

2019-08-15 16:29:31 - [TEST_STEP][PASSED] - symbol = symbol: null

2019-08-15 16:29:31 - [TEST_STEP][PASSED] - println(symbol): null

2019-08-15 16:29:31 - [TEST_STEP][PASSED] - if (i == 2 &amp;&amp; wildList.indexOf(symbol) != -1): null

2019-08-15 16:29:31 - [TEST_STEP][PASSED] - if (i == 3 &amp;&amp; wildList.indexOf(symbol) != -1): null

2019-08-15 16:29:31 - [TEST_STEP][PASSED] - if (i == 4 &amp;&amp; wildList.indexOf(symbol) != -1): null

2019-08-15 16:29:31 - [TEST_STEP][PASSED] - symbol = symbol: null

2019-08-15 16:29:31 - [TEST_STEP][PASSED] - println(symbol): null

2019-08-15 16:29:31 - [TEST_STEP][PASSED] - if (i == 2 &amp;&amp; wildList.indexOf(symbol) != -1): null

2019-08-15 16:29:31 - [TEST_STEP][PASSED] - if (i == 3 &amp;&amp; wildList.indexOf(symbol) != -1): null

2019-08-15 16:29:31 - [TEST_STEP][PASSED] - if (i == 4 &amp;&amp; wildList.indexOf(symbol) != -1): null

2019-08-15 16:29:31 - [TEST_STEP][PASSED] - symbols = symbols: null

2019-08-15 16:29:31 - [TEST_STEP][PASSED] - for ([j = 0, j &lt; symbols.size(), (j++)]): null

2019-08-15 16:29:31 - [TEST_STEP][PASSED] - symbol = symbol: null

2019-08-15 16:29:31 - [TEST_STEP][PASSED] - println(symbol): null

2019-08-15 16:29:31 - [TEST_STEP][PASSED] - if (i == 2 &amp;&amp; wildList.indexOf(symbol) != -1): null

2019-08-15 16:29:31 - [TEST_STEP][PASSED] - if (i == 3 &amp;&amp; wildList.indexOf(symbol) != -1): null

2019-08-15 16:29:31 - [TEST_STEP][PASSED] - if (i == 4 &amp;&amp; wildList.indexOf(symbol) != -1): null

2019-08-15 16:29:31 - [TEST_STEP][PASSED] - symbol = symbol: null

2019-08-15 16:29:31 - [TEST_STEP][PASSED] - println(symbol): null

2019-08-15 16:29:31 - [TEST_STEP][PASSED] - if (i == 2 &amp;&amp; wildList.indexOf(symbol) != -1): null

2019-08-15 16:29:31 - [TEST_STEP][PASSED] - if (i == 3 &amp;&amp; wildList.indexOf(symbol) != -1): null

2019-08-15 16:29:31 - [TEST_STEP][PASSED] - if (i == 4 &amp;&amp; wildList.indexOf(symbol) != -1): null

2019-08-15 16:29:31 - [TEST_STEP][PASSED] - symbol = symbol: null

2019-08-15 16:29:31 - [TEST_STEP][PASSED] - println(symbol): null

2019-08-15 16:29:31 - [TEST_STEP][PASSED] - if (i == 2 &amp;&amp; wildList.indexOf(symbol) != -1): null

2019-08-15 16:29:31 - [TEST_STEP][PASSED] - if (i == 3 &amp;&amp; wildList.indexOf(symbol) != -1): null

2019-08-15 16:29:31 - [TEST_STEP][PASSED] - if (i == 4 &amp;&amp; wildList.indexOf(symbol) != -1): null

2019-08-15 16:29:31 - [TEST_STEP][PASSED] - symbols = symbols: null

2019-08-15 16:29:31 - [TEST_STEP][PASSED] - for ([j = 0, j &lt; symbols.size(), (j++)]): null

2019-08-15 16:29:31 - [TEST_STEP][PASSED] - symbol = symbol: null

2019-08-15 16:29:31 - [TEST_STEP][PASSED] - println(symbol): null

2019-08-15 16:29:31 - [TEST_STEP][PASSED] - if (i == 2 &amp;&amp; wildList.indexOf(symbol) != -1): null

2019-08-15 16:29:31 - [TEST_STEP][PASSED] - if (i == 3 &amp;&amp; wildList.indexOf(symbol) != -1): null

2019-08-15 16:29:31 - [TEST_STEP][PASSED] - if (i == 4 &amp;&amp; wildList.indexOf(symbol) != -1): null

2019-08-15 16:29:31 - [TEST_STEP][PASSED] - symbol = symbol: null

2019-08-15 16:29:31 - [TEST_STEP][PASSED] - println(symbol): null

2019-08-15 16:29:31 - [TEST_STEP][PASSED] - if (i == 2 &amp;&amp; wildList.indexOf(symbol) != -1): null

2019-08-15 16:29:31 - [TEST_STEP][PASSED] - if (i == 3 &amp;&amp; wildList.indexOf(symbol) != -1): null

2019-08-15 16:29:31 - [TEST_STEP][PASSED] - if (i == 4 &amp;&amp; wildList.indexOf(symbol) != -1): null

2019-08-15 16:29:31 - [TEST_STEP][PASSED] - symbol = symbol: null

2019-08-15 16:29:31 - [TEST_STEP][PASSED] - println(symbol): null

2019-08-15 16:29:31 - [TEST_STEP][PASSED] - if (i == 2 &amp;&amp; wildList.indexOf(symbol) != -1): null

2019-08-15 16:29:31 - [TEST_STEP][PASSED] - if (i == 3 &amp;&amp; wildList.indexOf(symbol) != -1): null

2019-08-15 16:29:31 - [TEST_STEP][PASSED] - if (i == 4 &amp;&amp; wildList.indexOf(symbol) != -1): null

2019-08-15 16:29:31 - [TEST_STEP][PASSED] - symbols = symbols: null

2019-08-15 16:29:31 - [TEST_STEP][PASSED] - for ([j = 0, j &lt; symbols.size(), (j++)]): null

2019-08-15 16:29:31 - [TEST_STEP][PASSED] - symbol = symbol: null

2019-08-15 16:29:31 - [TEST_STEP][PASSED] - println(symbol): null

2019-08-15 16:29:31 - [TEST_STEP][PASSED] - if (i == 2 &amp;&amp; wildList.indexOf(symbol) != -1): null

2019-08-15 16:29:31 - [TEST_STEP][PASSED] - if (i == 3 &amp;&amp; wildList.indexOf(symbol) != -1): null

2019-08-15 16:29:31 - [TEST_STEP][PASSED] - if (i == 4 &amp;&amp; wildList.indexOf(symbol) != -1): null

2019-08-15 16:29:31 - [TEST_STEP][PASSED] - symbol = symbol: null

2019-08-15 16:29:31 - [TEST_STEP][PASSED] - println(symbol): null

2019-08-15 16:29:31 - [TEST_STEP][PASSED] - if (i == 2 &amp;&amp; wildList.indexOf(symbol) != -1): null

2019-08-15 16:29:31 - [TEST_STEP][PASSED] - if (i == 3 &amp;&amp; wildList.indexOf(symbol) != -1): null

2019-08-15 16:29:31 - [TEST_STEP][PASSED] - if (i == 4 &amp;&amp; wildList.indexOf(symbol) != -1): null

2019-08-15 16:29:31 - [TEST_STEP][PASSED] - symbol = symbol: null

2019-08-15 16:29:31 - [TEST_STEP][PASSED] - println(symbol): null

2019-08-15 16:29:31 - [TEST_STEP][PASSED] - if (i == 2 &amp;&amp; wildList.indexOf(symbol) != -1): null

2019-08-15 16:29:31 - [TEST_STEP][PASSED] - if (i == 3 &amp;&amp; wildList.indexOf(symbol) != -1): null

2019-08-15 16:29:31 - [TEST_STEP][PASSED] - if (i == 4 &amp;&amp; wildList.indexOf(symbol) != -1): null

2019-08-15 16:29:31 - [TEST_STEP][PASSED] - println("wild found on reel 5, adding counter by 1"): null

2019-08-15 16:29:31 - [TEST_STEP][PASSED] - free_spin_reel_counter[2] = free_spin_reel_counter[2] + 1: null

2019-08-15 16:29:31 - [TEST_STEP][PASSED] - free_spin_reel_counter = free_spin_reel_counter: null

2019-08-15 16:29:31 - [TEST_STEP][PASSED] - println("reel 3 wild found: " + free_spin_reel_counter[0]): null

2019-08-15 16:29:31 - [TEST_STEP][PASSED] - println("reel 4 wild found: " + free_spin_reel_counter[1]): null

2019-08-15 16:29:31 - [TEST_STEP][PASSED] - println("reel 5 wild found: " + free_spin_reel_counter[2]): null

2019-08-15 16:29:31 - [TEST_STEP][PASSED] - M4_spin_reels = M4_spin_reels: null

2019-08-15 16:29:31 - [TEST_STEP][PASSED] - M4_spin_reels_symbols = symbol: null

2019-08-15 16:29:31 - [TEST_STEP][PASSED] - M4_spin_reels_symbols = M4_spin_reels_symbols: null

2019-08-15 16:29:31 - [TEST_STEP][PASSED] - M4_spin_reel_wins = reel_wins: null

2019-08-15 16:29:31 - [TEST_STEP][PASSED] - M4_spin_reel_wins = M4_spin_reel_wins: null

2019-08-15 16:29:31 - [TEST_STEP][PASSED] - println("GlobalVariable.M4_spin_reel_wins is: " + M4_spin_reel_wins): null

2019-08-15 16:29:31 - [TEST_STEP][PASSED] - M4_spin_total_bonus_win_this_round = total_bonus_win_this_round: null

2019-08-15 16:29:31 - [TEST_STEP][PASSED] - M4_spin_total_bonus_win_this_round = M4_spin_total_bonus_win_this_round: null

2019-08-15 16:29:31 - [TEST_STEP][PASSED] - println("GlobalVariable.M4_spin_total_bonus_win_this_round is: " + M4_spin_total_bonus_win_this_round): null

2019-08-15 16:29:31 - [MESSAGE][PASSED] - Verify response successfully

2019-08-15 16:29:31 - [MESSAGE][PASSED] - Send request and verify the response successfully

2019-08-15 16:29:31 - [TEST_STEP][PASSED] - if (M4_total_bonus_spins_int != 0 &amp;&amp; M4_spin_reels_symbols[2].contains("WILD_Normal") || M4_spin_reels_symbols[3].contains("WILD_Normal") || M4_spin_reels_symbols[4].contains("WILD_Normal")): null

2019-08-15 16:29:31 - [TEST_STEP][PASSED] - free_spin_reel_counter = free_spin_reel_counter: null

2019-08-15 16:29:31 - [TEST_STEP][PASSED] - M4_spin_reels_symbols = M4_spin_reels_symbols: null

2019-08-15 16:29:31 - [TEST_STEP][PASSED] - M4_total_bonus_spins = M4_total_bonus_spins: null

2019-08-15 16:29:31 - [TEST_STEP][PASSED] - spin_result = sendRequestAndVerify(findTestObject("STG/RGS(M4)/1_M4_spin", ["M4_login_user_id":M4_login_user_id, "rgs_session_token":rgs_session_token, "partner":Partner])): Send request and verify the response successfully

2019-08-15 16:29:31 - [TEST_CASE][PASSED] - Start Test Case : Verification: Verification accomplished successfully

2019-08-15 16:29:31 - [TEST_STEP][PASSED] - request = getInstance().getCurrentRequest(): null

2019-08-15 16:29:31 - [TEST_STEP][PASSED] - response = getInstance().getCurrentResponse(): null

2019-08-15 16:29:31 - [TEST_STEP][PASSED] - verifyResponseStatusCode(response, 200): Verify response status code successfully

2019-08-15 16:29:31 - [MESSAGE][PASSED] - Verify response status code successfully

2019-08-15 16:29:31 - [TEST_STEP][PASSED] - getStatusCode()).isEqualTo(200): null

2019-08-15 16:29:31 - [TEST_STEP][PASSED] - newline = System.getProperty("line.separator"): null

2019-08-15 16:29:31 - [TEST_STEP][PASSED] - M4_spin = new groovy.json.JsonSlurper(): null

2019-08-15 16:29:31 - [TEST_STEP][PASSED] - result_M4_spin = M4_spin.parseText(response.getResponseBodyContent()): null

2019-08-15 16:29:31 - [TEST_STEP][PASSED] - M4_spin_current_balance = current_balance: null

2019-08-15 16:29:31 - [TEST_STEP][PASSED] - M4_spin_current_balance = M4_spin_current_balance: null

2019-08-15 16:29:31 - [TEST_STEP][PASSED] - M4_spin_transaction_id = causality: null

2019-08-15 16:29:31 - [TEST_STEP][PASSED] - M4_spin_transaction_id = M4_spin_transaction_id: null

2019-08-15 16:29:31 - [TEST_STEP][PASSED] - M4_spin_round_id = round_id: null

2019-08-15 16:29:31 - [TEST_STEP][PASSED] - M4_spin_round_id = M4_spin_round_id: null

2019-08-15 16:29:31 - [TEST_STEP][PASSED] - M4_spin_line_wins = line_wins: null

2019-08-15 16:29:31 - [TEST_STEP][PASSED] - M4_spin_line_wins = M4_spin_line_wins: null

2019-08-15 16:29:31 - [TEST_STEP][PASSED] - M4_total_bonus_spins_int = total_bonus_spins: null

2019-08-15 16:29:31 - [TEST_STEP][PASSED] - println("******M4_total_bonus_spins type is:*******" + newline + getClass().getName()): null

2019-08-15 16:29:31 - [TEST_STEP][PASSED] - M4_total_bonus_spins_int = M4_total_bonus_spins_int: null

2019-08-15 16:29:31 - [TEST_STEP][PASSED] - M4_total_bonus_spins = Integer.toString(M4_total_bonus_spins_int): null

2019-08-15 16:29:31 - [TEST_STEP][PASSED] - M4_total_bonus_spins = M4_total_bonus_spins: null

2019-08-15 16:29:31 - [TEST_STEP][PASSED] - println("M4_total_bonus_spins is:" + M4_total_bonus_spins): null

2019-08-15 16:29:31 - [TEST_STEP][PASSED] - M4_spin_bonus_data = bonus_data: null

2019-08-15 16:29:31 - [TEST_STEP][PASSED] - M4_spin_features_triggered = result_M4_spin: null

2019-08-15 16:29:31 - [TEST_STEP][PASSED] - wild = []: null

2019-08-15 16:29:31 - [TEST_STEP][PASSED] - wild[0] = "WILD_Expanding": null

2019-08-15 16:29:31 - [TEST_STEP][PASSED] - wild[1] = "WILD_Normal": null

2019-08-15 16:29:31 - [TEST_STEP][PASSED] - wild[2] = "WILD_Double": null

2019-08-15 16:29:31 - [TEST_STEP][PASSED] - wild[3] = "WILD_ExtraFG": null

2019-08-15 16:29:31 - [TEST_STEP][PASSED] - wild[4] = "WILD_Triple": null

2019-08-15 16:29:31 - [TEST_STEP][PASSED] - wildList = Arrays.asList(wild): null

2019-08-15 16:29:31 - [TEST_STEP][PASSED] - wildList = wildList: null

2019-08-15 16:29:31 - [TEST_STEP][PASSED] - free_spin_reel_counter = []: null

2019-08-15 16:29:31 - [TEST_STEP][PASSED] - free_spin_reel_counter[0] = 0: null

2019-08-15 16:29:31 - [TEST_STEP][PASSED] - free_spin_reel_counter[1] = 0: null

2019-08-15 16:29:31 - [TEST_STEP][PASSED] - free_spin_reel_counter[2] = 0: null

2019-08-15 16:29:31 - [TEST_STEP][PASSED] - M4_spin_reels = reels: null

2019-08-15 16:29:31 - [TEST_STEP][PASSED] - for ([i = 0, i &lt; M4_spin_reels.size(), (i++)]): null

2019-08-15 16:29:31 - [TEST_STEP][PASSED] - symbols = symbols: null

2019-08-15 16:29:31 - [TEST_STEP][PASSED] - for ([j = 0, j &lt; symbols.size(), (j++)]): null

2019-08-15 16:29:31 - [TEST_STEP][PASSED] - symbol = symbol: null

2019-08-15 16:29:31 - [TEST_STEP][PASSED] - println(symbol): null

2019-08-15 16:29:31 - [TEST_STEP][PASSED] - if (i == 2 &amp;&amp; wildList.indexOf(symbol) != -1): null

2019-08-15 16:29:31 - [TEST_STEP][PASSED] - if (i == 3 &amp;&amp; wildList.indexOf(symbol) != -1): null

2019-08-15 16:29:31 - [TEST_STEP][PASSED] - if (i == 4 &amp;&amp; wildList.indexOf(symbol) != -1): null

2019-08-15 16:29:31 - [TEST_STEP][PASSED] - symbol = symbol: null

2019-08-15 16:29:31 - [TEST_STEP][PASSED] - println(symbol): null

2019-08-15 16:29:31 - [TEST_STEP][PASSED] - if (i == 2 &amp;&amp; wildList.indexOf(symbol) != -1): null

2019-08-15 16:29:31 - [TEST_STEP][PASSED] - if (i == 3 &amp;&amp; wildList.indexOf(symbol) != -1): null

2019-08-15 16:29:31 - [TEST_STEP][PASSED] - if (i == 4 &amp;&amp; wildList.indexOf(symbol) != -1): null

2019-08-15 16:29:31 - [TEST_STEP][PASSED] - symbol = symbol: null

2019-08-15 16:29:31 - [TEST_STEP][PASSED] - println(symbol): null

2019-08-15 16:29:31 - [TEST_STEP][PASSED] - if (i == 2 &amp;&amp; wildList.indexOf(symbol) != -1): null

2019-08-15 16:29:31 - [TEST_STEP][PASSED] - if (i == 3 &amp;&amp; wildList.indexOf(symbol) != -1): null

2019-08-15 16:29:31 - [TEST_STEP][PASSED] - if (i == 4 &amp;&amp; wildList.indexOf(symbol) != -1): null

2019-08-15 16:29:31 - [TEST_STEP][PASSED] - symbols = symbols: null

2019-08-15 16:29:31 - [TEST_STEP][PASSED] - for ([j = 0, j &lt; symbols.size(), (j++)]): null

2019-08-15 16:29:31 - [TEST_STEP][PASSED] - symbol = symbol: null

2019-08-15 16:29:31 - [TEST_STEP][PASSED] - println(symbol): null

2019-08-15 16:29:31 - [TEST_STEP][PASSED] - if (i == 2 &amp;&amp; wildList.indexOf(symbol) != -1): null

2019-08-15 16:29:31 - [TEST_STEP][PASSED] - if (i == 3 &amp;&amp; wildList.indexOf(symbol) != -1): null

2019-08-15 16:29:31 - [TEST_STEP][PASSED] - if (i == 4 &amp;&amp; wildList.indexOf(symbol) != -1): null

2019-08-15 16:29:31 - [TEST_STEP][PASSED] - symbol = symbol: null

2019-08-15 16:29:31 - [TEST_STEP][PASSED] - println(symbol): null

2019-08-15 16:29:31 - [TEST_STEP][PASSED] - if (i == 2 &amp;&amp; wildList.indexOf(symbol) != -1): null

2019-08-15 16:29:31 - [TEST_STEP][PASSED] - if (i == 3 &amp;&amp; wildList.indexOf(symbol) != -1): null

2019-08-15 16:29:31 - [TEST_STEP][PASSED] - if (i == 4 &amp;&amp; wildList.indexOf(symbol) != -1): null

2019-08-15 16:29:31 - [TEST_STEP][PASSED] - symbol = symbol: null

2019-08-15 16:29:31 - [TEST_STEP][PASSED] - println(symbol): null

2019-08-15 16:29:31 - [TEST_STEP][PASSED] - if (i == 2 &amp;&amp; wildList.indexOf(symbol) != -1): null

2019-08-15 16:29:31 - [TEST_STEP][PASSED] - if (i == 3 &amp;&amp; wildList.indexOf(symbol) != -1): null

2019-08-15 16:29:31 - [TEST_STEP][PASSED] - if (i == 4 &amp;&amp; wildList.indexOf(symbol) != -1): null

2019-08-15 16:29:31 - [TEST_STEP][PASSED] - symbols = symbols: null

2019-08-15 16:29:31 - [TEST_STEP][PASSED] - for ([j = 0, j &lt; symbols.size(), (j++)]): null

2019-08-15 16:29:31 - [TEST_STEP][PASSED] - symbol = symbol: null

2019-08-15 16:29:31 - [TEST_STEP][PASSED] - println(symbol): null

2019-08-15 16:29:31 - [TEST_STEP][PASSED] - if (i == 2 &amp;&amp; wildList.indexOf(symbol) != -1): null

2019-08-15 16:29:31 - [TEST_STEP][PASSED] - if (i == 3 &amp;&amp; wildList.indexOf(symbol) != -1): null

2019-08-15 16:29:31 - [TEST_STEP][PASSED] - if (i == 4 &amp;&amp; wildList.indexOf(symbol) != -1): null

2019-08-15 16:29:31 - [TEST_STEP][PASSED] - symbol = symbol: null

2019-08-15 16:29:31 - [TEST_STEP][PASSED] - println(symbol): null

2019-08-15 16:29:31 - [TEST_STEP][PASSED] - if (i == 2 &amp;&amp; wildList.indexOf(symbol) != -1): null

2019-08-15 16:29:31 - [TEST_STEP][PASSED] - if (i == 3 &amp;&amp; wildList.indexOf(symbol) != -1): null

2019-08-15 16:29:31 - [TEST_STEP][PASSED] - if (i == 4 &amp;&amp; wildList.indexOf(symbol) != -1): null

2019-08-15 16:29:31 - [TEST_STEP][PASSED] - symbol = symbol: null

2019-08-15 16:29:31 - [TEST_STEP][PASSED] - println(symbol): null

2019-08-15 16:29:31 - [TEST_STEP][PASSED] - if (i == 2 &amp;&amp; wildList.indexOf(symbol) != -1): null

2019-08-15 16:29:31 - [TEST_STEP][PASSED] - if (i == 3 &amp;&amp; wildList.indexOf(symbol) != -1): null

2019-08-15 16:29:31 - [TEST_STEP][PASSED] - if (i == 4 &amp;&amp; wildList.indexOf(symbol) != -1): null

2019-08-15 16:29:31 - [TEST_STEP][PASSED] - symbols = symbols: null

2019-08-15 16:29:31 - [TEST_STEP][PASSED] - for ([j = 0, j &lt; symbols.size(), (j++)]): null

2019-08-15 16:29:31 - [TEST_STEP][PASSED] - symbol = symbol: null

2019-08-15 16:29:31 - [TEST_STEP][PASSED] - println(symbol): null

2019-08-15 16:29:31 - [TEST_STEP][PASSED] - if (i == 2 &amp;&amp; wildList.indexOf(symbol) != -1): null

2019-08-15 16:29:31 - [TEST_STEP][PASSED] - if (i == 3 &amp;&amp; wildList.indexOf(symbol) != -1): null

2019-08-15 16:29:31 - [TEST_STEP][PASSED] - if (i == 4 &amp;&amp; wildList.indexOf(symbol) != -1): null

2019-08-15 16:29:31 - [TEST_STEP][PASSED] - symbol = symbol: null

2019-08-15 16:29:31 - [TEST_STEP][PASSED] - println(symbol): null

2019-08-15 16:29:31 - [TEST_STEP][PASSED] - if (i == 2 &amp;&amp; wildList.indexOf(symbol) != -1): null

2019-08-15 16:29:31 - [TEST_STEP][PASSED] - if (i == 3 &amp;&amp; wildList.indexOf(symbol) != -1): null

2019-08-15 16:29:31 - [TEST_STEP][PASSED] - if (i == 4 &amp;&amp; wildList.indexOf(symbol) != -1): null

2019-08-15 16:29:31 - [TEST_STEP][PASSED] - symbol = symbol: null

2019-08-15 16:29:31 - [TEST_STEP][PASSED] - println(symbol): null

2019-08-15 16:29:31 - [TEST_STEP][PASSED] - if (i == 2 &amp;&amp; wildList.indexOf(symbol) != -1): null

2019-08-15 16:29:31 - [TEST_STEP][PASSED] - if (i == 3 &amp;&amp; wildList.indexOf(symbol) != -1): null

2019-08-15 16:29:31 - [TEST_STEP][PASSED] - if (i == 4 &amp;&amp; wildList.indexOf(symbol) != -1): null

2019-08-15 16:29:31 - [TEST_STEP][PASSED] - symbols = symbols: null

2019-08-15 16:29:31 - [TEST_STEP][PASSED] - for ([j = 0, j &lt; symbols.size(), (j++)]): null

2019-08-15 16:29:31 - [TEST_STEP][PASSED] - symbol = symbol: null

2019-08-15 16:29:31 - [TEST_STEP][PASSED] - println(symbol): null

2019-08-15 16:29:31 - [TEST_STEP][PASSED] - if (i == 2 &amp;&amp; wildList.indexOf(symbol) != -1): null

2019-08-15 16:29:31 - [TEST_STEP][PASSED] - if (i == 3 &amp;&amp; wildList.indexOf(symbol) != -1): null

2019-08-15 16:29:31 - [TEST_STEP][PASSED] - if (i == 4 &amp;&amp; wildList.indexOf(symbol) != -1): null

2019-08-15 16:29:31 - [TEST_STEP][PASSED] - symbol = symbol: null

2019-08-15 16:29:31 - [TEST_STEP][PASSED] - println(symbol): null

2019-08-15 16:29:36 - [TEST_STEP][PASSED] - if (i == 2 &amp;&amp; wildList.indexOf(symbol) != -1): null

2019-08-15 16:29:36 - [TEST_STEP][PASSED] - if (i == 3 &amp;&amp; wildList.indexOf(symbol) != -1): null

2019-08-15 16:29:36 - [TEST_STEP][PASSED] - if (i == 4 &amp;&amp; wildList.indexOf(symbol) != -1): null

2019-08-15 16:29:36 - [TEST_STEP][PASSED] - symbol = symbol: null

2019-08-15 16:29:36 - [TEST_STEP][PASSED] - println(symbol): null

2019-08-15 16:29:36 - [TEST_STEP][PASSED] - if (i == 2 &amp;&amp; wildList.indexOf(symbol) != -1): null

2019-08-15 16:29:36 - [TEST_STEP][PASSED] - if (i == 3 &amp;&amp; wildList.indexOf(symbol) != -1): null

2019-08-15 16:29:36 - [TEST_STEP][PASSED] - if (i == 4 &amp;&amp; wildList.indexOf(symbol) != -1): null

2019-08-15 16:29:36 - [TEST_STEP][PASSED] - free_spin_reel_counter = free_spin_reel_counter: null

2019-08-15 16:29:38 - [TEST_STEP][PASSED] - println("reel 3 wild found: " + free_spin_reel_counter[0]): null

2019-08-15 16:29:38 - [TEST_STEP][PASSED] - println("reel 4 wild found: " + free_spin_reel_counter[1]): null

2019-08-15 16:29:38 - [TEST_STEP][PASSED] - println("reel 5 wild found: " + free_spin_reel_counter[2]): null

2019-08-15 16:29:38 - [TEST_STEP][PASSED] - M4_spin_reels = M4_spin_reels: null

2019-08-15 16:29:38 - [TEST_STEP][PASSED] - M4_spin_reels_symbols = symbol: null

2019-08-15 16:29:38 - [TEST_STEP][PASSED] - M4_spin_reels_symbols = M4_spin_reels_symbols: null

2019-08-15 16:29:38 - [TEST_STEP][PASSED] - M4_spin_reel_wins = reel_wins: null

2019-08-15 16:29:38 - [TEST_STEP][PASSED] - M4_spin_reel_wins = M4_spin_reel_wins: null

2019-08-15 16:29:38 - [TEST_STEP][PASSED] - println("GlobalVariable.M4_spin_reel_wins is: " + M4_spin_reel_wins): null

2019-08-15 16:29:38 - [TEST_STEP][PASSED] - M4_spin_total_bonus_win_this_round = total_bonus_win_this_round: null

2019-08-15 16:29:38 - [TEST_STEP][PASSED] - M4_spin_total_bonus_win_this_round = M4_spin_total_bonus_win_this_round: null

2019-08-15 16:29:38 - [TEST_STEP][PASSED] - println("GlobalVariable.M4_spin_total_bonus_win_this_round is: " + M4_spin_total_bonus_win_this_round): null

2019-08-15 16:29:38 - [MESSAGE][PASSED] - Verify response successfully

2019-08-15 16:29:38 - [MESSAGE][PASSED] - Send request and verify the response successfully

2019-08-15 16:29:38 - [TEST_STEP][PASSED] - if (M4_total_bonus_spins_int != 0 &amp;&amp; M4_spin_reels_symbols[2].contains("WILD_Normal") || M4_spin_reels_symbols[3].contains("WILD_Normal") || M4_spin_reels_symbols[4].contains("WILD_Normal")): null

2019-08-15 16:29:38 - [TEST_STEP][PASSED] - free_spin_reel_counter = free_spin_reel_counter: null

2019-08-15 16:29:38 - [TEST_STEP][PASSED] - M4_spin_reels_symbols = M4_spin_reels_symbols: null

2019-08-15 16:29:38 - [TEST_STEP][PASSED] - M4_total_bonus_spins = M4_total_bonus_spins: null

2019-08-15 16:29:38 - [TEST_STEP][PASSED] - spin_result = sendRequestAndVerify(findTestObject("STG/RGS(M4)/1_M4_spin", ["M4_login_user_id":M4_login_user_id, "rgs_session_token":rgs_session_token, "partner":Partner])): Send request and verify the response successfully

2019-08-15 16:29:38 - [TEST_CASE][PASSED] - Start Test Case : Verification: Verification accomplished successfully

2019-08-15 16:29:38 - [TEST_STEP][PASSED] - request = getInstance().getCurrentRequest(): null

2019-08-15 16:29:38 - [TEST_STEP][PASSED] - response = getInstance().getCurrentResponse(): null

2019-08-15 16:29:38 - [TEST_STEP][PASSED] - verifyResponseStatusCode(response, 200): Verify response status code successfully

2019-08-15 16:29:38 - [MESSAGE][PASSED] - Verify response status code successfully

2019-08-15 16:29:38 - [TEST_STEP][PASSED] - getStatusCode()).isEqualTo(200): null

2019-08-15 16:29:38 - [TEST_STEP][PASSED] - newline = System.getProperty("line.separator"): null

2019-08-15 16:29:38 - [TEST_STEP][PASSED] - M4_spin = new groovy.json.JsonSlurper(): null

2019-08-15 16:29:38 - [TEST_STEP][PASSED] - result_M4_spin = M4_spin.parseText(response.getResponseBodyContent()): null

2019-08-15 16:29:38 - [TEST_STEP][PASSED] - M4_spin_current_balance = current_balance: null

2019-08-15 16:29:38 - [TEST_STEP][PASSED] - M4_spin_current_balance = M4_spin_current_balance: null

2019-08-15 16:29:38 - [TEST_STEP][PASSED] - M4_spin_transaction_id = causality: null

2019-08-15 16:29:38 - [TEST_STEP][PASSED] - M4_spin_transaction_id = M4_spin_transaction_id: null

2019-08-15 16:29:38 - [TEST_STEP][PASSED] - M4_spin_round_id = round_id: null

2019-08-15 16:29:38 - [TEST_STEP][PASSED] - M4_spin_round_id = M4_spin_round_id: null

2019-08-15 16:29:38 - [TEST_STEP][PASSED] - M4_spin_line_wins = line_wins: null

2019-08-15 16:29:38 - [TEST_STEP][PASSED] - M4_spin_line_wins = M4_spin_line_wins: null

2019-08-15 16:29:38 - [TEST_STEP][PASSED] - M4_total_bonus_spins_int = total_bonus_spins: null

2019-08-15 16:29:38 - [TEST_STEP][PASSED] - println("******M4_total_bonus_spins type is:*******" + newline + getClass().getName()): null

2019-08-15 16:29:38 - [TEST_STEP][PASSED] - M4_total_bonus_spins_int = M4_total_bonus_spins_int: null

2019-08-15 16:29:38 - [TEST_STEP][PASSED] - M4_total_bonus_spins = Integer.toString(M4_total_bonus_spins_int): null

2019-08-15 16:29:38 - [TEST_STEP][PASSED] - M4_total_bonus_spins = M4_total_bonus_spins: null

2019-08-15 16:29:38 - [TEST_STEP][PASSED] - println("M4_total_bonus_spins is:" + M4_total_bonus_spins): null

2019-08-15 16:29:38 - [TEST_STEP][PASSED] - M4_spin_bonus_data = bonus_data: null

2019-08-15 16:29:38 - [TEST_STEP][PASSED] - M4_spin_features_triggered = result_M4_spin: null

2019-08-15 16:29:38 - [TEST_STEP][PASSED] - wild = []: null

2019-08-15 16:29:38 - [TEST_STEP][PASSED] - wild[0] = "WILD_Expanding": null

2019-08-15 16:29:38 - [TEST_STEP][PASSED] - wild[1] = "WILD_Normal": null

2019-08-15 16:29:38 - [TEST_STEP][PASSED] - wild[2] = "WILD_Double": null

2019-08-15 16:29:38 - [TEST_STEP][PASSED] - wild[3] = "WILD_ExtraFG": null

2019-08-15 16:29:38 - [TEST_STEP][PASSED] - wild[4] = "WILD_Triple": null

2019-08-15 16:29:38 - [TEST_STEP][PASSED] - wildList = Arrays.asList(wild): null

2019-08-15 16:29:38 - [TEST_STEP][PASSED] - wildList = wildList: null

2019-08-15 16:29:38 - [TEST_STEP][PASSED] - free_spin_reel_counter = []: null

2019-08-15 16:29:38 - [TEST_STEP][PASSED] - free_spin_reel_counter[0] = 0: null

2019-08-15 16:29:38 - [TEST_STEP][PASSED] - free_spin_reel_counter[1] = 0: null

2019-08-15 16:29:38 - [TEST_STEP][PASSED] - free_spin_reel_counter[2] = 0: null

2019-08-15 16:29:38 - [TEST_STEP][PASSED] - M4_spin_reels = reels: null

2019-08-15 16:29:38 - [TEST_STEP][PASSED] - for ([i = 0, i &lt; M4_spin_reels.size(), (i++)]): null

2019-08-15 16:29:38 - [TEST_STEP][PASSED] - symbols = symbols: null

2019-08-15 16:29:38 - [TEST_STEP][PASSED] - for ([j = 0, j &lt; symbols.size(), (j++)]): null

2019-08-15 16:29:38 - [TEST_STEP][PASSED] - symbol = symbol: null

2019-08-15 16:29:38 - [TEST_STEP][PASSED] - println(symbol): null

2019-08-15 16:29:38 - [TEST_STEP][PASSED] - if (i == 2 &amp;&amp; wildList.indexOf(symbol) != -1): null

2019-08-15 16:29:38 - [TEST_STEP][PASSED] - if (i == 3 &amp;&amp; wildList.indexOf(symbol) != -1): null

2019-08-15 16:29:38 - [TEST_STEP][PASSED] - if (i == 4 &amp;&amp; wildList.indexOf(symbol) != -1): null

2019-08-15 16:29:38 - [TEST_STEP][PASSED] - symbol = symbol: null

2019-08-15 16:29:38 - [TEST_STEP][PASSED] - println(symbol): null

2019-08-15 16:29:38 - [TEST_STEP][PASSED] - if (i == 2 &amp;&amp; wildList.indexOf(symbol) != -1): null

2019-08-15 16:29:38 - [TEST_STEP][PASSED] - if (i == 3 &amp;&amp; wildList.indexOf(symbol) != -1): null

2019-08-15 16:29:38 - [TEST_STEP][PASSED] - if (i == 4 &amp;&amp; wildList.indexOf(symbol) != -1): null

2019-08-15 16:29:38 - [TEST_STEP][PASSED] - symbol = symbol: null

2019-08-15 16:29:38 - [TEST_STEP][PASSED] - println(symbol): null

2019-08-15 16:29:38 - [TEST_STEP][PASSED] - if (i == 2 &amp;&amp; wildList.indexOf(symbol) != -1): null

2019-08-15 16:29:38 - [TEST_STEP][PASSED] - if (i == 3 &amp;&amp; wildList.indexOf(symbol) != -1): null

2019-08-15 16:29:38 - [TEST_STEP][PASSED] - if (i == 4 &amp;&amp; wildList.indexOf(symbol) != -1): null

2019-08-15 16:29:38 - [TEST_STEP][PASSED] - symbols = symbols: null

2019-08-15 16:29:38 - [TEST_STEP][PASSED] - for ([j = 0, j &lt; symbols.size(), (j++)]): null

2019-08-15 16:29:38 - [TEST_STEP][PASSED] - symbol = symbol: null

2019-08-15 16:29:38 - [TEST_STEP][PASSED] - println(symbol): null

2019-08-15 16:29:38 - [TEST_STEP][PASSED] - if (i == 2 &amp;&amp; wildList.indexOf(symbol) != -1): null

2019-08-15 16:29:38 - [TEST_STEP][PASSED] - if (i == 3 &amp;&amp; wildList.indexOf(symbol) != -1): null

2019-08-15 16:29:38 - [TEST_STEP][PASSED] - if (i == 4 &amp;&amp; wildList.indexOf(symbol) != -1): null

2019-08-15 16:29:38 - [TEST_STEP][PASSED] - symbol = symbol: null

2019-08-15 16:29:38 - [TEST_STEP][PASSED] - println(symbol): null

2019-08-15 16:29:38 - [TEST_STEP][PASSED] - if (i == 2 &amp;&amp; wildList.indexOf(symbol) != -1): null

2019-08-15 16:29:38 - [TEST_STEP][PASSED] - if (i == 3 &amp;&amp; wildList.indexOf(symbol) != -1): null

2019-08-15 16:29:38 - [TEST_STEP][PASSED] - if (i == 4 &amp;&amp; wildList.indexOf(symbol) != -1): null

2019-08-15 16:29:38 - [TEST_STEP][PASSED] - symbol = symbol: null

2019-08-15 16:29:38 - [TEST_STEP][PASSED] - println(symbol): null

2019-08-15 16:29:38 - [TEST_STEP][PASSED] - if (i == 2 &amp;&amp; wildList.indexOf(symbol) != -1): null

2019-08-15 16:29:38 - [TEST_STEP][PASSED] - if (i == 3 &amp;&amp; wildList.indexOf(symbol) != -1): null

2019-08-15 16:29:38 - [TEST_STEP][PASSED] - if (i == 4 &amp;&amp; wildList.indexOf(symbol) != -1): null

2019-08-15 16:29:38 - [TEST_STEP][PASSED] - symbols = symbols: null

2019-08-15 16:29:38 - [TEST_STEP][PASSED] - for ([j = 0, j &lt; symbols.size(), (j++)]): null

2019-08-15 16:29:38 - [TEST_STEP][PASSED] - symbol = symbol: null

2019-08-15 16:29:38 - [TEST_STEP][PASSED] - println(symbol): null

2019-08-15 16:29:38 - [TEST_STEP][PASSED] - if (i == 2 &amp;&amp; wildList.indexOf(symbol) != -1): null

2019-08-15 16:29:38 - [TEST_STEP][PASSED] - if (i == 3 &amp;&amp; wildList.indexOf(symbol) != -1): null

2019-08-15 16:29:38 - [TEST_STEP][PASSED] - if (i == 4 &amp;&amp; wildList.indexOf(symbol) != -1): null

2019-08-15 16:29:38 - [TEST_STEP][PASSED] - symbol = symbol: null

2019-08-15 16:29:38 - [TEST_STEP][PASSED] - println(symbol): null

2019-08-15 16:29:38 - [TEST_STEP][PASSED] - if (i == 2 &amp;&amp; wildList.indexOf(symbol) != -1): null

2019-08-15 16:29:38 - [TEST_STEP][PASSED] - if (i == 3 &amp;&amp; wildList.indexOf(symbol) != -1): null

2019-08-15 16:29:38 - [TEST_STEP][PASSED] - if (i == 4 &amp;&amp; wildList.indexOf(symbol) != -1): null

2019-08-15 16:29:38 - [TEST_STEP][PASSED] - symbol = symbol: null

2019-08-15 16:29:38 - [TEST_STEP][PASSED] - println(symbol): null

2019-08-15 16:29:38 - [TEST_STEP][PASSED] - if (i == 2 &amp;&amp; wildList.indexOf(symbol) != -1): null

2019-08-15 16:29:38 - [TEST_STEP][PASSED] - if (i == 3 &amp;&amp; wildList.indexOf(symbol) != -1): null

2019-08-15 16:29:38 - [TEST_STEP][PASSED] - if (i == 4 &amp;&amp; wildList.indexOf(symbol) != -1): null

2019-08-15 16:29:38 - [TEST_STEP][PASSED] - symbols = symbols: null

2019-08-15 16:29:38 - [TEST_STEP][PASSED] - for ([j = 0, j &lt; symbols.size(), (j++)]): null

2019-08-15 16:29:38 - [TEST_STEP][PASSED] - symbol = symbol: null

2019-08-15 16:29:38 - [TEST_STEP][PASSED] - println(symbol): null

2019-08-15 16:29:38 - [TEST_STEP][PASSED] - if (i == 2 &amp;&amp; wildList.indexOf(symbol) != -1): null

2019-08-15 16:29:38 - [TEST_STEP][PASSED] - if (i == 3 &amp;&amp; wildList.indexOf(symbol) != -1): null

2019-08-15 16:29:38 - [TEST_STEP][PASSED] - if (i == 4 &amp;&amp; wildList.indexOf(symbol) != -1): null

2019-08-15 16:29:38 - [TEST_STEP][PASSED] - symbol = symbol: null

2019-08-15 16:29:38 - [TEST_STEP][PASSED] - println(symbol): null

2019-08-15 16:29:38 - [TEST_STEP][PASSED] - if (i == 2 &amp;&amp; wildList.indexOf(symbol) != -1): null

2019-08-15 16:29:38 - [TEST_STEP][PASSED] - if (i == 3 &amp;&amp; wildList.indexOf(symbol) != -1): null

2019-08-15 16:29:38 - [TEST_STEP][PASSED] - if (i == 4 &amp;&amp; wildList.indexOf(symbol) != -1): null

2019-08-15 16:29:38 - [TEST_STEP][PASSED] - symbol = symbol: null

2019-08-15 16:29:38 - [TEST_STEP][PASSED] - println(symbol): null

2019-08-15 16:29:38 - [TEST_STEP][PASSED] - if (i == 2 &amp;&amp; wildList.indexOf(symbol) != -1): null

2019-08-15 16:29:38 - [TEST_STEP][PASSED] - if (i == 3 &amp;&amp; wildList.indexOf(symbol) != -1): null

2019-08-15 16:29:38 - [TEST_STEP][PASSED] - if (i == 4 &amp;&amp; wildList.indexOf(symbol) != -1): null

2019-08-15 16:29:38 - [TEST_STEP][PASSED] - symbols = symbols: null

2019-08-15 16:29:38 - [TEST_STEP][PASSED] - for ([j = 0, j &lt; symbols.size(), (j++)]): null

2019-08-15 16:29:38 - [TEST_STEP][PASSED] - symbol = symbol: null

2019-08-15 16:29:38 - [TEST_STEP][PASSED] - println(symbol): null

2019-08-15 16:29:38 - [TEST_STEP][PASSED] - if (i == 2 &amp;&amp; wildList.indexOf(symbol) != -1): null

2019-08-15 16:29:38 - [TEST_STEP][PASSED] - if (i == 3 &amp;&amp; wildList.indexOf(symbol) != -1): null

2019-08-15 16:29:38 - [TEST_STEP][PASSED] - if (i == 4 &amp;&amp; wildList.indexOf(symbol) != -1): null

2019-08-15 16:29:38 - [TEST_STEP][PASSED] - symbol = symbol: null

2019-08-15 16:29:38 - [TEST_STEP][PASSED] - println(symbol): null

2019-08-15 16:29:38 - [TEST_STEP][PASSED] - if (i == 2 &amp;&amp; wildList.indexOf(symbol) != -1): null

2019-08-15 16:29:38 - [TEST_STEP][PASSED] - if (i == 3 &amp;&amp; wildList.indexOf(symbol) != -1): null

2019-08-15 16:29:38 - [TEST_STEP][PASSED] - if (i == 4 &amp;&amp; wildList.indexOf(symbol) != -1): null

2019-08-15 16:29:38 - [TEST_STEP][PASSED] - symbol = symbol: null

2019-08-15 16:29:38 - [TEST_STEP][PASSED] - println(symbol): null

2019-08-15 16:29:38 - [TEST_STEP][PASSED] - if (i == 2 &amp;&amp; wildList.indexOf(symbol) != -1): null

2019-08-15 16:29:38 - [TEST_STEP][PASSED] - if (i == 3 &amp;&amp; wildList.indexOf(symbol) != -1): null

2019-08-15 16:29:38 - [TEST_STEP][PASSED] - if (i == 4 &amp;&amp; wildList.indexOf(symbol) != -1): null

2019-08-15 16:29:38 - [TEST_STEP][PASSED] - println("wild found on reel 5, adding counter by 1"): null

2019-08-15 16:29:38 - [TEST_STEP][PASSED] - free_spin_reel_counter[2] = free_spin_reel_counter[2] + 1: null

2019-08-15 16:29:38 - [TEST_STEP][PASSED] - free_spin_reel_counter = free_spin_reel_counter: null

2019-08-15 16:29:38 - [TEST_STEP][PASSED] - println("reel 3 wild found: " + free_spin_reel_counter[0]): null

2019-08-15 16:29:38 - [TEST_STEP][PASSED] - println("reel 4 wild found: " + free_spin_reel_counter[1]): null

2019-08-15 16:29:38 - [TEST_STEP][PASSED] - println("reel 5 wild found: " + free_spin_reel_counter[2]): null

2019-08-15 16:29:38 - [TEST_STEP][PASSED] - M4_spin_reels = M4_spin_reels: null

2019-08-15 16:29:38 - [TEST_STEP][PASSED] - M4_spin_reels_symbols = symbol: null

2019-08-15 16:29:38 - [TEST_STEP][PASSED] - M4_spin_reels_symbols = M4_spin_reels_symbols: null

2019-08-15 16:29:38 - [TEST_STEP][PASSED] - M4_spin_reel_wins = reel_wins: null

2019-08-15 16:29:38 - [TEST_STEP][PASSED] - M4_spin_reel_wins = M4_spin_reel_wins: null

2019-08-15 16:29:38 - [TEST_STEP][PASSED] - println("GlobalVariable.M4_spin_reel_wins is: " + M4_spin_reel_wins): null

2019-08-15 16:29:38 - [TEST_STEP][PASSED] - M4_spin_total_bonus_win_this_round = total_bonus_win_this_round: null

2019-08-15 16:29:38 - [TEST_STEP][PASSED] - M4_spin_total_bonus_win_this_round = M4_spin_total_bonus_win_this_round: null

2019-08-15 16:29:38 - [TEST_STEP][PASSED] - println("GlobalVariable.M4_spin_total_bonus_win_this_round is: " + M4_spin_total_bonus_win_this_round): null

2019-08-15 16:29:38 - [MESSAGE][PASSED] - Verify response successfully

2019-08-15 16:29:38 - [MESSAGE][PASSED] - Send request and verify the response successfully

2019-08-15 16:29:38 - [TEST_STEP][PASSED] - if (M4_total_bonus_spins_int != 0 &amp;&amp; M4_spin_reels_symbols[2].contains("WILD_Normal") || M4_spin_reels_symbols[3].contains("WILD_Normal") || M4_spin_reels_symbols[4].contains("WILD_Normal")): null

2019-08-15 16:29:38 - [TEST_STEP][PASSED] - free_spin_reel_counter = free_spin_reel_counter: null

2019-08-15 16:29:38 - [TEST_STEP][PASSED] - M4_spin_reels_symbols = M4_spin_reels_symbols: null

2019-08-15 16:29:38 - [TEST_STEP][PASSED] - M4_total_bonus_spins = M4_total_bonus_spins: null

2019-08-15 16:29:38 - [TEST_STEP][PASSED] - spin_result = sendRequestAndVerify(findTestObject("STG/RGS(M4)/1_M4_spin", ["M4_login_user_id":M4_login_user_id, "rgs_session_token":rgs_session_token, "partner":Partner])): Send request and verify the response successfully

2019-08-15 16:29:38 - [TEST_CASE][PASSED] - Start Test Case : Verification: Verification accomplished successfully

2019-08-15 16:29:39 - [TEST_STEP][PASSED] - request = getInstance().getCurrentRequest(): null

2019-08-15 16:29:39 - [TEST_STEP][PASSED] - response = getInstance().getCurrentResponse(): null

2019-08-15 16:29:39 - [TEST_STEP][PASSED] - verifyResponseStatusCode(response, 200): Verify response status code successfully

2019-08-15 16:29:39 - [MESSAGE][PASSED] - Verify response status code successfully

2019-08-15 16:29:39 - [TEST_STEP][PASSED] - getStatusCode()).isEqualTo(200): null

2019-08-15 16:29:39 - [TEST_STEP][PASSED] - newline = System.getProperty("line.separator"): null

2019-08-15 16:29:39 - [TEST_STEP][PASSED] - M4_spin = new groovy.json.JsonSlurper(): null

2019-08-15 16:29:39 - [TEST_STEP][PASSED] - result_M4_spin = M4_spin.parseText(response.getResponseBodyContent()): null

2019-08-15 16:29:39 - [TEST_STEP][PASSED] - M4_spin_current_balance = current_balance: null

2019-08-15 16:29:39 - [TEST_STEP][PASSED] - M4_spin_current_balance = M4_spin_current_balance: null

2019-08-15 16:29:39 - [TEST_STEP][PASSED] - M4_spin_transaction_id = causality: null

2019-08-15 16:29:39 - [TEST_STEP][PASSED] - M4_spin_transaction_id = M4_spin_transaction_id: null

2019-08-15 16:29:39 - [TEST_STEP][PASSED] - M4_spin_round_id = round_id: null

2019-08-15 16:29:39 - [TEST_STEP][PASSED] - M4_spin_round_id = M4_spin_round_id: null

2019-08-15 16:29:39 - [TEST_STEP][PASSED] - M4_spin_line_wins = line_wins: null

2019-08-15 16:29:39 - [TEST_STEP][PASSED] - M4_spin_line_wins = M4_spin_line_wins: null

2019-08-15 16:29:39 - [TEST_STEP][PASSED] - M4_total_bonus_spins_int = total_bonus_spins: null

2019-08-15 16:29:39 - [TEST_STEP][PASSED] - println("******M4_total_bonus_spins type is:*******" + newline + getClass().getName()): null

2019-08-15 16:29:39 - [TEST_STEP][PASSED] - M4_total_bonus_spins_int = M4_total_bonus_spins_int: null

2019-08-15 16:29:39 - [TEST_STEP][PASSED] - M4_total_bonus_spins = Integer.toString(M4_total_bonus_spins_int): null

2019-08-15 16:29:39 - [TEST_STEP][PASSED] - M4_total_bonus_spins = M4_total_bonus_spins: null

2019-08-15 16:29:39 - [TEST_STEP][PASSED] - println("M4_total_bonus_spins is:" + M4_total_bonus_spins): null

2019-08-15 16:29:39 - [TEST_STEP][PASSED] - M4_spin_bonus_data = bonus_data: null

2019-08-15 16:29:39 - [TEST_STEP][PASSED] - M4_spin_features_triggered = result_M4_spin: null

2019-08-15 16:29:39 - [TEST_STEP][PASSED] - wild = []: null

2019-08-15 16:29:39 - [TEST_STEP][PASSED] - wild[0] = "WILD_Expanding": null

2019-08-15 16:29:39 - [TEST_STEP][PASSED] - wild[1] = "WILD_Normal": null

2019-08-15 16:29:39 - [TEST_STEP][PASSED] - wild[2] = "WILD_Double": null

2019-08-15 16:29:39 - [TEST_STEP][PASSED] - wild[3] = "WILD_ExtraFG": null

2019-08-15 16:29:39 - [TEST_STEP][PASSED] - wild[4] = "WILD_Triple": null

2019-08-15 16:29:39 - [TEST_STEP][PASSED] - wildList = Arrays.asList(wild): null

2019-08-15 16:29:39 - [TEST_STEP][PASSED] - wildList = wildList: null

2019-08-15 16:29:39 - [TEST_STEP][PASSED] - free_spin_reel_counter = []: null

2019-08-15 16:29:39 - [TEST_STEP][PASSED] - free_spin_reel_counter[0] = 0: null

2019-08-15 16:29:39 - [TEST_STEP][PASSED] - free_spin_reel_counter[1] = 0: null

2019-08-15 16:29:39 - [TEST_STEP][PASSED] - free_spin_reel_counter[2] = 0: null

2019-08-15 16:29:39 - [TEST_STEP][PASSED] - M4_spin_reels = reels: null

2019-08-15 16:29:39 - [TEST_STEP][PASSED] - for ([i = 0, i &lt; M4_spin_reels.size(), (i++)]): null

2019-08-15 16:29:39 - [TEST_STEP][PASSED] - symbols = symbols: null

2019-08-15 16:29:39 - [TEST_STEP][PASSED] - for ([j = 0, j &lt; symbols.size(), (j++)]): null

2019-08-15 16:29:39 - [TEST_STEP][PASSED] - symbol = symbol: null

2019-08-15 16:29:39 - [TEST_STEP][PASSED] - println(symbol): null

2019-08-15 16:29:39 - [TEST_STEP][PASSED] - if (i == 2 &amp;&amp; wildList.indexOf(symbol) != -1): null

2019-08-15 16:29:39 - [TEST_STEP][PASSED] - if (i == 3 &amp;&amp; wildList.indexOf(symbol) != -1): null

2019-08-15 16:29:39 - [TEST_STEP][PASSED] - if (i == 4 &amp;&amp; wildList.indexOf(symbol) != -1): null

2019-08-15 16:29:39 - [TEST_STEP][PASSED] - symbol = symbol: null

2019-08-15 16:29:39 - [TEST_STEP][PASSED] - println(symbol): null

2019-08-15 16:29:39 - [TEST_STEP][PASSED] - if (i == 2 &amp;&amp; wildList.indexOf(symbol) != -1): null

2019-08-15 16:29:39 - [TEST_STEP][PASSED] - if (i == 3 &amp;&amp; wildList.indexOf(symbol) != -1): null

2019-08-15 16:29:39 - [TEST_STEP][PASSED] - if (i == 4 &amp;&amp; wildList.indexOf(symbol) != -1): null

2019-08-15 16:29:39 - [TEST_STEP][PASSED] - symbol = symbol: null

2019-08-15 16:29:39 - [TEST_STEP][PASSED] - println(symbol): null

2019-08-15 16:29:39 - [TEST_STEP][PASSED] - if (i == 2 &amp;&amp; wildList.indexOf(symbol) != -1): null

2019-08-15 16:29:39 - [TEST_STEP][PASSED] - if (i == 3 &amp;&amp; wildList.indexOf(symbol) != -1): null

2019-08-15 16:29:39 - [TEST_STEP][PASSED] - if (i == 4 &amp;&amp; wildList.indexOf(symbol) != -1): null

2019-08-15 16:29:39 - [TEST_STEP][PASSED] - symbols = symbols: null

2019-08-15 16:29:39 - [TEST_STEP][PASSED] - for ([j = 0, j &lt; symbols.size(), (j++)]): null

2019-08-15 16:29:39 - [TEST_STEP][PASSED] - symbol = symbol: null

2019-08-15 16:29:39 - [TEST_STEP][PASSED] - println(symbol): null

2019-08-15 16:29:39 - [TEST_STEP][PASSED] - if (i == 2 &amp;&amp; wildList.indexOf(symbol) != -1): null

2019-08-15 16:29:39 - [TEST_STEP][PASSED] - if (i == 3 &amp;&amp; wildList.indexOf(symbol) != -1): null

2019-08-15 16:29:39 - [TEST_STEP][PASSED] - if (i == 4 &amp;&amp; wildList.indexOf(symbol) != -1): null

2019-08-15 16:29:39 - [TEST_STEP][PASSED] - symbol = symbol: null

2019-08-15 16:29:39 - [TEST_STEP][PASSED] - println(symbol): null

2019-08-15 16:29:39 - [TEST_STEP][PASSED] - if (i == 2 &amp;&amp; wildList.indexOf(symbol) != -1): null

2019-08-15 16:29:39 - [TEST_STEP][PASSED] - if (i == 3 &amp;&amp; wildList.indexOf(symbol) != -1): null

2019-08-15 16:29:39 - [TEST_STEP][PASSED] - if (i == 4 &amp;&amp; wildList.indexOf(symbol) != -1): null

2019-08-15 16:29:39 - [TEST_STEP][PASSED] - symbol = symbol: null

2019-08-15 16:29:39 - [TEST_STEP][PASSED] - println(symbol): null

2019-08-15 16:29:39 - [TEST_STEP][PASSED] - if (i == 2 &amp;&amp; wildList.indexOf(symbol) != -1): null

2019-08-15 16:29:39 - [TEST_STEP][PASSED] - if (i == 3 &amp;&amp; wildList.indexOf(symbol) != -1): null

2019-08-15 16:29:39 - [TEST_STEP][PASSED] - if (i == 4 &amp;&amp; wildList.indexOf(symbol) != -1): null

2019-08-15 16:29:39 - [TEST_STEP][PASSED] - symbols = symbols: null

2019-08-15 16:29:39 - [TEST_STEP][PASSED] - for ([j = 0, j &lt; symbols.size(), (j++)]): null

2019-08-15 16:29:39 - [TEST_STEP][PASSED] - symbol = symbol: null

2019-08-15 16:29:39 - [TEST_STEP][PASSED] - println(symbol): null

2019-08-15 16:29:39 - [TEST_STEP][PASSED] - if (i == 2 &amp;&amp; wildList.indexOf(symbol) != -1): null

2019-08-15 16:29:39 - [TEST_STEP][PASSED] - println("wild found on reel 3, adding counter by 1"): null

2019-08-15 16:29:39 - [TEST_STEP][PASSED] - free_spin_reel_counter[0] = free_spin_reel_counter[0] + 1: null

2019-08-15 16:29:39 - [TEST_STEP][PASSED] - if (i == 3 &amp;&amp; wildList.indexOf(symbol) != -1): null

2019-08-15 16:29:39 - [TEST_STEP][PASSED] - if (i == 4 &amp;&amp; wildList.indexOf(symbol) != -1): null

2019-08-15 16:29:39 - [TEST_STEP][PASSED] - symbol = symbol: null

2019-08-15 16:29:39 - [TEST_STEP][PASSED] - println(symbol): null

2019-08-15 16:29:39 - [TEST_STEP][PASSED] - if (i == 2 &amp;&amp; wildList.indexOf(symbol) != -1): null

2019-08-15 16:29:39 - [TEST_STEP][PASSED] - if (i == 3 &amp;&amp; wildList.indexOf(symbol) != -1): null

2019-08-15 16:29:39 - [TEST_STEP][PASSED] - if (i == 4 &amp;&amp; wildList.indexOf(symbol) != -1): null

2019-08-15 16:29:39 - [TEST_STEP][PASSED] - symbol = symbol: null

2019-08-15 16:29:39 - [TEST_STEP][PASSED] - println(symbol): null

2019-08-15 16:29:39 - [TEST_STEP][PASSED] - if (i == 2 &amp;&amp; wildList.indexOf(symbol) != -1): null

2019-08-15 16:29:39 - [TEST_STEP][PASSED] - if (i == 3 &amp;&amp; wildList.indexOf(symbol) != -1): null

2019-08-15 16:29:39 - [TEST_STEP][PASSED] - if (i == 4 &amp;&amp; wildList.indexOf(symbol) != -1): null

2019-08-15 16:29:39 - [TEST_STEP][PASSED] - symbols = symbols: null

2019-08-15 16:29:39 - [TEST_STEP][PASSED] - for ([j = 0, j &lt; symbols.size(), (j++)]): null

2019-08-15 16:29:39 - [TEST_STEP][PASSED] - symbol = symbol: null

2019-08-15 16:29:39 - [TEST_STEP][PASSED] - println(symbol): null

2019-08-15 16:29:39 - [TEST_STEP][PASSED] - if (i == 2 &amp;&amp; wildList.indexOf(symbol) != -1): null

2019-08-15 16:29:39 - [TEST_STEP][PASSED] - if (i == 3 &amp;&amp; wildList.indexOf(symbol) != -1): null

2019-08-15 16:29:39 - [TEST_STEP][PASSED] - if (i == 4 &amp;&amp; wildList.indexOf(symbol) != -1): null

2019-08-15 16:29:39 - [TEST_STEP][PASSED] - symbol = symbol: null

2019-08-15 16:29:39 - [TEST_STEP][PASSED] - println(symbol): null

2019-08-15 16:29:39 - [TEST_STEP][PASSED] - if (i == 2 &amp;&amp; wildList.indexOf(symbol) != -1): null

2019-08-15 16:29:39 - [TEST_STEP][PASSED] - if (i == 3 &amp;&amp; wildList.indexOf(symbol) != -1): null

2019-08-15 16:29:39 - [TEST_STEP][PASSED] - if (i == 4 &amp;&amp; wildList.indexOf(symbol) != -1): null

2019-08-15 16:29:39 - [TEST_STEP][PASSED] - symbol = symbol: null

2019-08-15 16:29:39 - [TEST_STEP][PASSED] - println(symbol): null

2019-08-15 16:29:39 - [TEST_STEP][PASSED] - if (i == 2 &amp;&amp; wildList.indexOf(symbol) != -1): null

2019-08-15 16:29:39 - [TEST_STEP][PASSED] - if (i == 3 &amp;&amp; wildList.indexOf(symbol) != -1): null

2019-08-15 16:29:39 - [TEST_STEP][PASSED] - if (i == 4 &amp;&amp; wildList.indexOf(symbol) != -1): null

2019-08-15 16:29:39 - [TEST_STEP][PASSED] - symbols = symbols: null

2019-08-15 16:29:39 - [TEST_STEP][PASSED] - for ([j = 0, j &lt; symbols.size(), (j++)]): null

2019-08-15 16:29:39 - [TEST_STEP][PASSED] - symbol = symbol: null

2019-08-15 16:29:39 - [TEST_STEP][PASSED] - println(symbol): null

2019-08-15 16:29:39 - [TEST_STEP][PASSED] - if (i == 2 &amp;&amp; wildList.indexOf(symbol) != -1): null

2019-08-15 16:29:39 - [TEST_STEP][PASSED] - if (i == 3 &amp;&amp; wildList.indexOf(symbol) != -1): null

2019-08-15 16:29:39 - [TEST_STEP][PASSED] - if (i == 4 &amp;&amp; wildList.indexOf(symbol) != -1): null

2019-08-15 16:29:39 - [TEST_STEP][PASSED] - symbol = symbol: null

2019-08-15 16:29:39 - [TEST_STEP][PASSED] - println(symbol): null

2019-08-15 16:29:39 - [TEST_STEP][PASSED] - if (i == 2 &amp;&amp; wildList.indexOf(symbol) != -1): null

2019-08-15 16:29:39 - [TEST_STEP][PASSED] - if (i == 3 &amp;&amp; wildList.indexOf(symbol) != -1): null

2019-08-15 16:29:39 - [TEST_STEP][PASSED] - if (i == 4 &amp;&amp; wildList.indexOf(symbol) != -1): null

2019-08-15 16:29:39 - [TEST_STEP][PASSED] - symbol = symbol: null

2019-08-15 16:29:39 - [TEST_STEP][PASSED] - println(symbol): null

2019-08-15 16:29:39 - [TEST_STEP][PASSED] - if (i == 2 &amp;&amp; wildList.indexOf(symbol) != -1): null

2019-08-15 16:29:39 - [TEST_STEP][PASSED] - if (i == 3 &amp;&amp; wildList.indexOf(symbol) != -1): null

2019-08-15 16:29:39 - [TEST_STEP][PASSED] - if (i == 4 &amp;&amp; wildList.indexOf(symbol) != -1): null

2019-08-15 16:29:39 - [TEST_STEP][PASSED] - free_spin_reel_counter = free_spin_reel_counter: null

2019-08-15 16:29:39 - [TEST_STEP][PASSED] - println("reel 3 wild found: " + free_spin_reel_counter[0]): null

2019-08-15 16:29:39 - [TEST_STEP][PASSED] - println("reel 4 wild found: " + free_spin_reel_counter[1]): null

2019-08-15 16:29:39 - [TEST_STEP][PASSED] - println("reel 5 wild found: " + free_spin_reel_counter[2]): null

2019-08-15 16:29:39 - [TEST_STEP][PASSED] - M4_spin_reels = M4_spin_reels: null

2019-08-15 16:29:39 - [TEST_STEP][PASSED] - M4_spin_reels_symbols = symbol: null

2019-08-15 16:29:39 - [TEST_STEP][PASSED] - M4_spin_reels_symbols = M4_spin_reels_symbols: null

2019-08-15 16:29:39 - [TEST_STEP][PASSED] - M4_spin_reel_wins = reel_wins: null

2019-08-15 16:29:39 - [TEST_STEP][PASSED] - M4_spin_reel_wins = M4_spin_reel_wins: null

2019-08-15 16:29:39 - [TEST_STEP][PASSED] - println("GlobalVariable.M4_spin_reel_wins is: " + M4_spin_reel_wins): null

2019-08-15 16:29:39 - [TEST_STEP][PASSED] - M4_spin_total_bonus_win_this_round = total_bonus_win_this_round: null

2019-08-15 16:29:39 - [TEST_STEP][PASSED] - M4_spin_total_bonus_win_this_round = M4_spin_total_bonus_win_this_round: null

2019-08-15 16:29:39 - [TEST_STEP][PASSED] - println("GlobalVariable.M4_spin_total_bonus_win_this_round is: " + M4_spin_total_bonus_win_this_round): null

2019-08-15 16:29:39 - [MESSAGE][PASSED] - Verify response successfully

2019-08-15 16:29:39 - [MESSAGE][PASSED] - Send request and verify the response successfully

2019-08-15 16:29:39 - [TEST_STEP][PASSED] - if (M4_total_bonus_spins_int != 0 &amp;&amp; M4_spin_reels_symbols[2].contains("WILD_Normal") || M4_spin_reels_symbols[3].contains("WILD_Normal") || M4_spin_reels_symbols[4].contains("WILD_Normal")): null

2019-08-15 16:29:39 - [TEST_STEP][PASSED] - free_spin_reel_counter = free_spin_reel_counter: null

2019-08-15 16:29:39 - [TEST_STEP][PASSED] - M4_spin_reels_symbols = M4_spin_reels_symbols: null

2019-08-15 16:29:39 - [TEST_STEP][PASSED] - M4_total_bonus_spins = M4_total_bonus_spins: null

2019-08-15 16:29:39 - [TEST_STEP][PASSED] - spin_result = sendRequestAndVerify(findTestObject("STG/RGS(M4)/1_M4_spin", ["M4_login_user_id":M4_login_user_id, "rgs_session_token":rgs_session_token, "partner":Partner])): Send request and verify the response successfully

2019-08-15 16:29:39 - [TEST_CASE][PASSED] - Start Test Case : Verification: Verification accomplished successfully

2019-08-15 16:29:39 - [TEST_STEP][PASSED] - request = getInstance().getCurrentRequest(): null

2019-08-15 16:29:39 - [TEST_STEP][PASSED] - response = getInstance().getCurrentResponse(): null

2019-08-15 16:29:39 - [TEST_STEP][PASSED] - verifyResponseStatusCode(response, 200): Verify response status code successfully

2019-08-15 16:29:39 - [MESSAGE][PASSED] - Verify response status code successfully

2019-08-15 16:29:39 - [TEST_STEP][PASSED] - getStatusCode()).isEqualTo(200): null

2019-08-15 16:29:39 - [TEST_STEP][PASSED] - newline = System.getProperty("line.separator"): null

2019-08-15 16:29:39 - [TEST_STEP][PASSED] - M4_spin = new groovy.json.JsonSlurper(): null

2019-08-15 16:29:39 - [TEST_STEP][PASSED] - result_M4_spin = M4_spin.parseText(response.getResponseBodyContent()): null

2019-08-15 16:29:39 - [TEST_STEP][PASSED] - M4_spin_current_balance = current_balance: null

2019-08-15 16:29:39 - [TEST_STEP][PASSED] - M4_spin_current_balance = M4_spin_current_balance: null

2019-08-15 16:29:44 - [TEST_STEP][PASSED] - M4_spin_transaction_id = causality: null

2019-08-15 16:29:44 - [TEST_STEP][PASSED] - M4_spin_transaction_id = M4_spin_transaction_id: null

2019-08-15 16:29:44 - [TEST_STEP][PASSED] - M4_spin_round_id = round_id: null

2019-08-15 16:29:44 - [TEST_STEP][PASSED] - M4_spin_round_id = M4_spin_round_id: null

2019-08-15 16:29:44 - [TEST_STEP][PASSED] - M4_spin_line_wins = line_wins: null

2019-08-15 16:29:44 - [TEST_STEP][PASSED] - M4_spin_line_wins = M4_spin_line_wins: null

2019-08-15 16:29:44 - [TEST_STEP][PASSED] - M4_total_bonus_spins_int = total_bonus_spins: null

2019-08-15 16:29:44 - [TEST_STEP][PASSED] - println("******M4_total_bonus_spins type is:*******" + newline + getClass().getName()): null

2019-08-15 16:29:44 - [TEST_STEP][PASSED] - M4_total_bonus_spins_int = M4_total_bonus_spins_int: null

2019-08-15 16:29:44 - [TEST_STEP][PASSED] - M4_total_bonus_spins = Integer.toString(M4_total_bonus_spins_int): null

2019-08-15 16:29:45 - [TEST_STEP][PASSED] - M4_total_bonus_spins = M4_total_bonus_spins: null

2019-08-15 16:29:45 - [TEST_STEP][PASSED] - println("M4_total_bonus_spins is:" + M4_total_bonus_spins): null

2019-08-15 16:29:45 - [TEST_STEP][PASSED] - M4_spin_bonus_data = bonus_data: null

2019-08-15 16:29:45 - [TEST_STEP][PASSED] - M4_spin_features_triggered = result_M4_spin: null

2019-08-15 16:29:45 - [TEST_STEP][PASSED] - wild = []: null

2019-08-15 16:29:45 - [TEST_STEP][PASSED] - wild[0] = "WILD_Expanding": null

2019-08-15 16:29:45 - [TEST_STEP][PASSED] - wild[1] = "WILD_Normal": null

2019-08-15 16:29:45 - [TEST_STEP][PASSED] - wild[2] = "WILD_Double": null

2019-08-15 16:29:45 - [TEST_STEP][PASSED] - wild[3] = "WILD_ExtraFG": null

2019-08-15 16:29:45 - [TEST_STEP][PASSED] - wild[4] = "WILD_Triple": null

2019-08-15 16:29:45 - [TEST_STEP][PASSED] - wildList = Arrays.asList(wild): null

2019-08-15 16:29:45 - [TEST_STEP][PASSED] - wildList = wildList: null

2019-08-15 16:29:45 - [TEST_STEP][PASSED] - free_spin_reel_counter = []: null

2019-08-15 16:29:45 - [TEST_STEP][PASSED] - free_spin_reel_counter[0] = 0: null

2019-08-15 16:29:45 - [TEST_STEP][PASSED] - free_spin_reel_counter[1] = 0: null

2019-08-15 16:29:45 - [TEST_STEP][PASSED] - free_spin_reel_counter[2] = 0: null

2019-08-15 16:29:45 - [TEST_STEP][PASSED] - M4_spin_reels = reels: null

2019-08-15 16:29:45 - [TEST_STEP][PASSED] - for ([i = 0, i &lt; M4_spin_reels.size(), (i++)]): null

2019-08-15 16:29:45 - [TEST_STEP][PASSED] - symbols = symbols: null

2019-08-15 16:29:45 - [TEST_STEP][PASSED] - for ([j = 0, j &lt; symbols.size(), (j++)]): null

2019-08-15 16:29:45 - [TEST_STEP][PASSED] - symbol = symbol: null

2019-08-15 16:29:45 - [TEST_STEP][PASSED] - println(symbol): null

2019-08-15 16:29:45 - [TEST_STEP][PASSED] - if (i == 2 &amp;&amp; wildList.indexOf(symbol) != -1): null

2019-08-15 16:29:45 - [TEST_STEP][PASSED] - if (i == 3 &amp;&amp; wildList.indexOf(symbol) != -1): null

2019-08-15 16:29:45 - [TEST_STEP][PASSED] - if (i == 4 &amp;&amp; wildList.indexOf(symbol) != -1): null

2019-08-15 16:29:45 - [TEST_STEP][PASSED] - symbol = symbol: null

2019-08-15 16:29:45 - [TEST_STEP][PASSED] - println(symbol): null

2019-08-15 16:29:45 - [TEST_STEP][PASSED] - if (i == 2 &amp;&amp; wildList.indexOf(symbol) != -1): null

2019-08-15 16:29:45 - [TEST_STEP][PASSED] - if (i == 3 &amp;&amp; wildList.indexOf(symbol) != -1): null

2019-08-15 16:29:45 - [TEST_STEP][PASSED] - if (i == 4 &amp;&amp; wildList.indexOf(symbol) != -1): null

2019-08-15 16:29:45 - [TEST_STEP][PASSED] - symbol = symbol: null

2019-08-15 16:29:45 - [TEST_STEP][PASSED] - println(symbol): null

2019-08-15 16:29:45 - [TEST_STEP][PASSED] - if (i == 2 &amp;&amp; wildList.indexOf(symbol) != -1): null

2019-08-15 16:29:45 - [TEST_STEP][PASSED] - if (i == 3 &amp;&amp; wildList.indexOf(symbol) != -1): null

2019-08-15 16:29:45 - [TEST_STEP][PASSED] - if (i == 4 &amp;&amp; wildList.indexOf(symbol) != -1): null

2019-08-15 16:29:45 - [TEST_STEP][PASSED] - symbols = symbols: null

2019-08-15 16:29:45 - [TEST_STEP][PASSED] - for ([j = 0, j &lt; symbols.size(), (j++)]): null

2019-08-15 16:29:45 - [TEST_STEP][PASSED] - symbol = symbol: null

2019-08-15 16:29:45 - [TEST_STEP][PASSED] - println(symbol): null

2019-08-15 16:29:45 - [TEST_STEP][PASSED] - if (i == 2 &amp;&amp; wildList.indexOf(symbol) != -1): null

2019-08-15 16:29:45 - [TEST_STEP][PASSED] - if (i == 3 &amp;&amp; wildList.indexOf(symbol) != -1): null

2019-08-15 16:29:45 - [TEST_STEP][PASSED] - if (i == 4 &amp;&amp; wildList.indexOf(symbol) != -1): null

2019-08-15 16:29:45 - [TEST_STEP][PASSED] - symbol = symbol: null

2019-08-15 16:29:45 - [TEST_STEP][PASSED] - println(symbol): null

2019-08-15 16:29:45 - [TEST_STEP][PASSED] - if (i == 2 &amp;&amp; wildList.indexOf(symbol) != -1): null

2019-08-15 16:29:45 - [TEST_STEP][PASSED] - if (i == 3 &amp;&amp; wildList.indexOf(symbol) != -1): null

2019-08-15 16:29:45 - [TEST_STEP][PASSED] - if (i == 4 &amp;&amp; wildList.indexOf(symbol) != -1): null

2019-08-15 16:29:45 - [TEST_STEP][PASSED] - symbol = symbol: null

2019-08-15 16:29:45 - [TEST_STEP][PASSED] - println(symbol): null

2019-08-15 16:29:45 - [TEST_STEP][PASSED] - if (i == 2 &amp;&amp; wildList.indexOf(symbol) != -1): null

2019-08-15 16:29:45 - [TEST_STEP][PASSED] - if (i == 3 &amp;&amp; wildList.indexOf(symbol) != -1): null

2019-08-15 16:29:45 - [TEST_STEP][PASSED] - if (i == 4 &amp;&amp; wildList.indexOf(symbol) != -1): null

2019-08-15 16:29:45 - [TEST_STEP][PASSED] - symbols = symbols: null

2019-08-15 16:29:45 - [TEST_STEP][PASSED] - for ([j = 0, j &lt; symbols.size(), (j++)]): null

2019-08-15 16:29:45 - [TEST_STEP][PASSED] - symbol = symbol: null

2019-08-15 16:29:45 - [TEST_STEP][PASSED] - println(symbol): null

2019-08-15 16:29:45 - [TEST_STEP][PASSED] - if (i == 2 &amp;&amp; wildList.indexOf(symbol) != -1): null

2019-08-15 16:29:45 - [TEST_STEP][PASSED] - if (i == 3 &amp;&amp; wildList.indexOf(symbol) != -1): null

2019-08-15 16:29:45 - [TEST_STEP][PASSED] - if (i == 4 &amp;&amp; wildList.indexOf(symbol) != -1): null

2019-08-15 16:29:45 - [TEST_STEP][PASSED] - symbol = symbol: null

2019-08-15 16:29:45 - [TEST_STEP][PASSED] - println(symbol): null

2019-08-15 16:29:45 - [TEST_STEP][PASSED] - if (i == 2 &amp;&amp; wildList.indexOf(symbol) != -1): null

2019-08-15 16:29:45 - [TEST_STEP][PASSED] - if (i == 3 &amp;&amp; wildList.indexOf(symbol) != -1): null

2019-08-15 16:29:45 - [TEST_STEP][PASSED] - if (i == 4 &amp;&amp; wildList.indexOf(symbol) != -1): null

2019-08-15 16:29:45 - [TEST_STEP][PASSED] - symbol = symbol: null

2019-08-15 16:29:45 - [TEST_STEP][PASSED] - println(symbol): null

2019-08-15 16:29:45 - [TEST_STEP][PASSED] - if (i == 2 &amp;&amp; wildList.indexOf(symbol) != -1): null

2019-08-15 16:29:45 - [TEST_STEP][PASSED] - if (i == 3 &amp;&amp; wildList.indexOf(symbol) != -1): null

2019-08-15 16:29:45 - [TEST_STEP][PASSED] - if (i == 4 &amp;&amp; wildList.indexOf(symbol) != -1): null

2019-08-15 16:29:45 - [TEST_STEP][PASSED] - symbols = symbols: null

2019-08-15 16:29:45 - [TEST_STEP][PASSED] - for ([j = 0, j &lt; symbols.size(), (j++)]): null

2019-08-15 16:29:45 - [TEST_STEP][PASSED] - symbol = symbol: null

2019-08-15 16:29:45 - [TEST_STEP][PASSED] - println(symbol): null

2019-08-15 16:29:45 - [TEST_STEP][PASSED] - if (i == 2 &amp;&amp; wildList.indexOf(symbol) != -1): null

2019-08-15 16:29:45 - [TEST_STEP][PASSED] - if (i == 3 &amp;&amp; wildList.indexOf(symbol) != -1): null

2019-08-15 16:29:45 - [TEST_STEP][PASSED] - if (i == 4 &amp;&amp; wildList.indexOf(symbol) != -1): null

2019-08-15 16:29:45 - [TEST_STEP][PASSED] - symbol = symbol: null

2019-08-15 16:29:45 - [TEST_STEP][PASSED] - println(symbol): null

2019-08-15 16:29:45 - [TEST_STEP][PASSED] - if (i == 2 &amp;&amp; wildList.indexOf(symbol) != -1): null

2019-08-15 16:29:45 - [TEST_STEP][PASSED] - if (i == 3 &amp;&amp; wildList.indexOf(symbol) != -1): null

2019-08-15 16:29:45 - [TEST_STEP][PASSED] - if (i == 4 &amp;&amp; wildList.indexOf(symbol) != -1): null

2019-08-15 16:29:45 - [TEST_STEP][PASSED] - symbol = symbol: null

2019-08-15 16:29:45 - [TEST_STEP][PASSED] - println(symbol): null

2019-08-15 16:29:45 - [TEST_STEP][PASSED] - if (i == 2 &amp;&amp; wildList.indexOf(symbol) != -1): null

2019-08-15 16:29:45 - [TEST_STEP][PASSED] - if (i == 3 &amp;&amp; wildList.indexOf(symbol) != -1): null

2019-08-15 16:29:45 - [TEST_STEP][PASSED] - println("wild found on reel 4, adding counter by 1"): null

2019-08-15 16:29:45 - [TEST_STEP][PASSED] - free_spin_reel_counter[1] = free_spin_reel_counter[1] + 1: null

2019-08-15 16:29:45 - [TEST_STEP][PASSED] - if (i == 4 &amp;&amp; wildList.indexOf(symbol) != -1): null

2019-08-15 16:29:45 - [TEST_STEP][PASSED] - symbols = symbols: null

2019-08-15 16:29:45 - [TEST_STEP][PASSED] - for ([j = 0, j &lt; symbols.size(), (j++)]): null

2019-08-15 16:29:45 - [TEST_STEP][PASSED] - symbol = symbol: null

2019-08-15 16:29:45 - [TEST_STEP][PASSED] - println(symbol): null

2019-08-15 16:29:45 - [TEST_STEP][PASSED] - if (i == 2 &amp;&amp; wildList.indexOf(symbol) != -1): null

2019-08-15 16:29:45 - [TEST_STEP][PASSED] - if (i == 3 &amp;&amp; wildList.indexOf(symbol) != -1): null

2019-08-15 16:29:45 - [TEST_STEP][PASSED] - if (i == 4 &amp;&amp; wildList.indexOf(symbol) != -1): null

2019-08-15 16:29:45 - [TEST_STEP][PASSED] - symbol = symbol: null

2019-08-15 16:29:45 - [TEST_STEP][PASSED] - println(symbol): null

2019-08-15 16:29:45 - [TEST_STEP][PASSED] - if (i == 2 &amp;&amp; wildList.indexOf(symbol) != -1): null

2019-08-15 16:29:45 - [TEST_STEP][PASSED] - if (i == 3 &amp;&amp; wildList.indexOf(symbol) != -1): null

2019-08-15 16:29:45 - [TEST_STEP][PASSED] - if (i == 4 &amp;&amp; wildList.indexOf(symbol) != -1): null

2019-08-15 16:29:45 - [TEST_STEP][PASSED] - symbol = symbol: null

2019-08-15 16:29:45 - [TEST_STEP][PASSED] - println(symbol): null

2019-08-15 16:29:45 - [TEST_STEP][PASSED] - if (i == 2 &amp;&amp; wildList.indexOf(symbol) != -1): null

2019-08-15 16:29:45 - [TEST_STEP][PASSED] - if (i == 3 &amp;&amp; wildList.indexOf(symbol) != -1): null

2019-08-15 16:29:45 - [TEST_STEP][PASSED] - if (i == 4 &amp;&amp; wildList.indexOf(symbol) != -1): null

2019-08-15 16:29:45 - [TEST_STEP][PASSED] - free_spin_reel_counter = free_spin_reel_counter: null

2019-08-15 16:29:45 - [TEST_STEP][PASSED] - println("reel 3 wild found: " + free_spin_reel_counter[0]): null

2019-08-15 16:29:45 - [TEST_STEP][PASSED] - println("reel 4 wild found: " + free_spin_reel_counter[1]): null

2019-08-15 16:29:45 - [TEST_STEP][PASSED] - println("reel 5 wild found: " + free_spin_reel_counter[2]): null

2019-08-15 16:29:45 - [TEST_STEP][PASSED] - M4_spin_reels = M4_spin_reels: null

2019-08-15 16:29:45 - [TEST_STEP][PASSED] - M4_spin_reels_symbols = symbol: null

2019-08-15 16:29:45 - [TEST_STEP][PASSED] - M4_spin_reels_symbols = M4_spin_reels_symbols: null

2019-08-15 16:29:45 - [TEST_STEP][PASSED] - M4_spin_reel_wins = reel_wins: null

2019-08-15 16:29:45 - [TEST_STEP][PASSED] - M4_spin_reel_wins = M4_spin_reel_wins: null

2019-08-15 16:29:45 - [TEST_STEP][PASSED] - println("GlobalVariable.M4_spin_reel_wins is: " + M4_spin_reel_wins): null

2019-08-15 16:29:45 - [TEST_STEP][PASSED] - M4_spin_total_bonus_win_this_round = total_bonus_win_this_round: null

2019-08-15 16:29:45 - [TEST_STEP][PASSED] - M4_spin_total_bonus_win_this_round = M4_spin_total_bonus_win_this_round: null

2019-08-15 16:29:45 - [TEST_STEP][PASSED] - println("GlobalVariable.M4_spin_total_bonus_win_this_round is: " + M4_spin_total_bonus_win_this_round): null

2019-08-15 16:29:45 - [MESSAGE][PASSED] - Verify response successfully

2019-08-15 16:29:45 - [MESSAGE][PASSED] - Send request and verify the response successfully

2019-08-15 16:29:45 - [TEST_STEP][PASSED] - if (M4_total_bonus_spins_int != 0 &amp;&amp; M4_spin_reels_symbols[2].contains("WILD_Normal") || M4_spin_reels_symbols[3].contains("WILD_Normal") || M4_spin_reels_symbols[4].contains("WILD_Normal")): null

2019-08-15 16:29:45 - [TEST_STEP][PASSED] - free_spin_reel_counter = free_spin_reel_counter: null

2019-08-15 16:29:45 - [TEST_STEP][PASSED] - M4_spin_reels_symbols = M4_spin_reels_symbols: null

2019-08-15 16:29:45 - [TEST_STEP][PASSED] - M4_total_bonus_spins = M4_total_bonus_spins: null

2019-08-15 16:29:45 - [TEST_STEP][PASSED] - spin_result = sendRequestAndVerify(findTestObject("STG/RGS(M4)/1_M4_spin", ["M4_login_user_id":M4_login_user_id, "rgs_session_token":rgs_session_token, "partner":Partner])): Send request and verify the response successfully

2019-08-15 16:29:46 - [TEST_CASE][PASSED] - Start Test Case : Verification: Verification accomplished successfully

2019-08-15 16:29:46 - [TEST_STEP][PASSED] - request = getInstance().getCurrentRequest(): null

2019-08-15 16:29:46 - [TEST_STEP][PASSED] - response = getInstance().getCurrentResponse(): null

2019-08-15 16:29:46 - [TEST_STEP][PASSED] - verifyResponseStatusCode(response, 200): Verify response status code successfully

2019-08-15 16:29:46 - [MESSAGE][PASSED] - Verify response status code successfully

2019-08-15 16:29:46 - [TEST_STEP][PASSED] - getStatusCode()).isEqualTo(200): null

2019-08-15 16:29:46 - [TEST_STEP][PASSED] - newline = System.getProperty("line.separator"): null

2019-08-15 16:29:46 - [TEST_STEP][PASSED] - M4_spin = new groovy.json.JsonSlurper(): null

2019-08-15 16:29:46 - [TEST_STEP][PASSED] - result_M4_spin = M4_spin.parseText(response.getResponseBodyContent()): null

2019-08-15 16:29:46 - [TEST_STEP][PASSED] - M4_spin_current_balance = current_balance: null

2019-08-15 16:29:46 - [TEST_STEP][PASSED] - M4_spin_current_balance = M4_spin_current_balance: null

2019-08-15 16:29:46 - [TEST_STEP][PASSED] - M4_spin_transaction_id = causality: null

2019-08-15 16:29:46 - [TEST_STEP][PASSED] - M4_spin_transaction_id = M4_spin_transaction_id: null

2019-08-15 16:29:46 - [TEST_STEP][PASSED] - M4_spin_round_id = round_id: null

2019-08-15 16:29:46 - [TEST_STEP][PASSED] - M4_spin_round_id = M4_spin_round_id: null

2019-08-15 16:29:46 - [TEST_STEP][PASSED] - M4_spin_line_wins = line_wins: null

2019-08-15 16:29:46 - [TEST_STEP][PASSED] - M4_spin_line_wins = M4_spin_line_wins: null

2019-08-15 16:29:46 - [TEST_STEP][PASSED] - M4_total_bonus_spins_int = total_bonus_spins: null

2019-08-15 16:29:46 - [TEST_STEP][PASSED] - println("******M4_total_bonus_spins type is:*******" + newline + getClass().getName()): null

2019-08-15 16:29:46 - [TEST_STEP][PASSED] - M4_total_bonus_spins_int = M4_total_bonus_spins_int: null

2019-08-15 16:29:46 - [TEST_STEP][PASSED] - M4_total_bonus_spins = Integer.toString(M4_total_bonus_spins_int): null

2019-08-15 16:29:46 - [TEST_STEP][PASSED] - M4_total_bonus_spins = M4_total_bonus_spins: null

2019-08-15 16:29:46 - [TEST_STEP][PASSED] - println("M4_total_bonus_spins is:" + M4_total_bonus_spins): null

2019-08-15 16:29:46 - [TEST_STEP][PASSED] - M4_spin_bonus_data = bonus_data: null

2019-08-15 16:29:46 - [TEST_STEP][PASSED] - M4_spin_features_triggered = result_M4_spin: null

2019-08-15 16:29:46 - [TEST_STEP][PASSED] - wild = []: null

2019-08-15 16:29:46 - [TEST_STEP][PASSED] - wild[0] = "WILD_Expanding": null

2019-08-15 16:29:46 - [TEST_STEP][PASSED] - wild[1] = "WILD_Normal": null

2019-08-15 16:29:46 - [TEST_STEP][PASSED] - wild[2] = "WILD_Double": null

2019-08-15 16:29:46 - [TEST_STEP][PASSED] - wild[3] = "WILD_ExtraFG": null

2019-08-15 16:29:46 - [TEST_STEP][PASSED] - wild[4] = "WILD_Triple": null

2019-08-15 16:29:46 - [TEST_STEP][PASSED] - wildList = Arrays.asList(wild): null

2019-08-15 16:29:46 - [TEST_STEP][PASSED] - wildList = wildList: null

2019-08-15 16:29:46 - [TEST_STEP][PASSED] - free_spin_reel_counter = []: null

2019-08-15 16:29:46 - [TEST_STEP][PASSED] - free_spin_reel_counter[0] = 0: null

2019-08-15 16:29:46 - [TEST_STEP][PASSED] - free_spin_reel_counter[1] = 0: null

2019-08-15 16:29:46 - [TEST_STEP][PASSED] - free_spin_reel_counter[2] = 0: null

2019-08-15 16:29:46 - [TEST_STEP][PASSED] - M4_spin_reels = reels: null

2019-08-15 16:29:46 - [TEST_STEP][PASSED] - for ([i = 0, i &lt; M4_spin_reels.size(), (i++)]): null

2019-08-15 16:29:46 - [TEST_STEP][PASSED] - symbols = symbols: null

2019-08-15 16:29:46 - [TEST_STEP][PASSED] - for ([j = 0, j &lt; symbols.size(), (j++)]): null

2019-08-15 16:29:46 - [TEST_STEP][PASSED] - symbol = symbol: null

2019-08-15 16:29:46 - [TEST_STEP][PASSED] - println(symbol): null

2019-08-15 16:29:46 - [TEST_STEP][PASSED] - if (i == 2 &amp;&amp; wildList.indexOf(symbol) != -1): null

2019-08-15 16:29:46 - [TEST_STEP][PASSED] - if (i == 3 &amp;&amp; wildList.indexOf(symbol) != -1): null

2019-08-15 16:29:46 - [TEST_STEP][PASSED] - if (i == 4 &amp;&amp; wildList.indexOf(symbol) != -1): null

2019-08-15 16:29:46 - [TEST_STEP][PASSED] - symbol = symbol: null

2019-08-15 16:29:46 - [TEST_STEP][PASSED] - println(symbol): null

2019-08-15 16:29:46 - [TEST_STEP][PASSED] - if (i == 2 &amp;&amp; wildList.indexOf(symbol) != -1): null

2019-08-15 16:29:46 - [TEST_STEP][PASSED] - if (i == 3 &amp;&amp; wildList.indexOf(symbol) != -1): null

2019-08-15 16:29:46 - [TEST_STEP][PASSED] - if (i == 4 &amp;&amp; wildList.indexOf(symbol) != -1): null

2019-08-15 16:29:46 - [TEST_STEP][PASSED] - symbol = symbol: null

2019-08-15 16:29:46 - [TEST_STEP][PASSED] - println(symbol): null

2019-08-15 16:29:46 - [TEST_STEP][PASSED] - if (i == 2 &amp;&amp; wildList.indexOf(symbol) != -1): null

2019-08-15 16:29:46 - [TEST_STEP][PASSED] - if (i == 3 &amp;&amp; wildList.indexOf(symbol) != -1): null

2019-08-15 16:29:46 - [TEST_STEP][PASSED] - if (i == 4 &amp;&amp; wildList.indexOf(symbol) != -1): null

2019-08-15 16:29:46 - [TEST_STEP][PASSED] - symbols = symbols: null

2019-08-15 16:29:46 - [TEST_STEP][PASSED] - for ([j = 0, j &lt; symbols.size(), (j++)]): null

2019-08-15 16:29:46 - [TEST_STEP][PASSED] - symbol = symbol: null

2019-08-15 16:29:46 - [TEST_STEP][PASSED] - println(symbol): null

2019-08-15 16:29:46 - [TEST_STEP][PASSED] - if (i == 2 &amp;&amp; wildList.indexOf(symbol) != -1): null

2019-08-15 16:29:46 - [TEST_STEP][PASSED] - if (i == 3 &amp;&amp; wildList.indexOf(symbol) != -1): null

2019-08-15 16:29:46 - [TEST_STEP][PASSED] - if (i == 4 &amp;&amp; wildList.indexOf(symbol) != -1): null

2019-08-15 16:29:46 - [TEST_STEP][PASSED] - symbol = symbol: null

2019-08-15 16:29:46 - [TEST_STEP][PASSED] - println(symbol): null

2019-08-15 16:29:46 - [TEST_STEP][PASSED] - if (i == 2 &amp;&amp; wildList.indexOf(symbol) != -1): null

2019-08-15 16:29:46 - [TEST_STEP][PASSED] - if (i == 3 &amp;&amp; wildList.indexOf(symbol) != -1): null

2019-08-15 16:29:46 - [TEST_STEP][PASSED] - if (i == 4 &amp;&amp; wildList.indexOf(symbol) != -1): null

2019-08-15 16:29:46 - [TEST_STEP][PASSED] - symbol = symbol: null

2019-08-15 16:29:46 - [TEST_STEP][PASSED] - println(symbol): null

2019-08-15 16:29:46 - [TEST_STEP][PASSED] - if (i == 2 &amp;&amp; wildList.indexOf(symbol) != -1): null

2019-08-15 16:29:46 - [TEST_STEP][PASSED] - if (i == 3 &amp;&amp; wildList.indexOf(symbol) != -1): null

2019-08-15 16:29:46 - [TEST_STEP][PASSED] - if (i == 4 &amp;&amp; wildList.indexOf(symbol) != -1): null

2019-08-15 16:29:46 - [TEST_STEP][PASSED] - symbols = symbols: null

2019-08-15 16:29:46 - [TEST_STEP][PASSED] - for ([j = 0, j &lt; symbols.size(), (j++)]): null

2019-08-15 16:29:46 - [TEST_STEP][PASSED] - symbol = symbol: null

2019-08-15 16:29:46 - [TEST_STEP][PASSED] - println(symbol): null

2019-08-15 16:29:46 - [TEST_STEP][PASSED] - if (i == 2 &amp;&amp; wildList.indexOf(symbol) != -1): null

2019-08-15 16:29:46 - [TEST_STEP][PASSED] - if (i == 3 &amp;&amp; wildList.indexOf(symbol) != -1): null

2019-08-15 16:29:46 - [TEST_STEP][PASSED] - if (i == 4 &amp;&amp; wildList.indexOf(symbol) != -1): null

2019-08-15 16:29:46 - [TEST_STEP][PASSED] - symbol = symbol: null

2019-08-15 16:29:46 - [TEST_STEP][PASSED] - println(symbol): null

2019-08-15 16:29:46 - [TEST_STEP][PASSED] - if (i == 2 &amp;&amp; wildList.indexOf(symbol) != -1): null

2019-08-15 16:29:46 - [TEST_STEP][PASSED] - if (i == 3 &amp;&amp; wildList.indexOf(symbol) != -1): null

2019-08-15 16:29:46 - [TEST_STEP][PASSED] - if (i == 4 &amp;&amp; wildList.indexOf(symbol) != -1): null

2019-08-15 16:29:46 - [TEST_STEP][PASSED] - symbol = symbol: null

2019-08-15 16:29:46 - [TEST_STEP][PASSED] - println(symbol): null

2019-08-15 16:29:46 - [TEST_STEP][PASSED] - if (i == 2 &amp;&amp; wildList.indexOf(symbol) != -1): null

2019-08-15 16:29:46 - [TEST_STEP][PASSED] - if (i == 3 &amp;&amp; wildList.indexOf(symbol) != -1): null

2019-08-15 16:29:46 - [TEST_STEP][PASSED] - if (i == 4 &amp;&amp; wildList.indexOf(symbol) != -1): null

2019-08-15 16:29:46 - [TEST_STEP][PASSED] - symbols = symbols: null

2019-08-15 16:29:46 - [TEST_STEP][PASSED] - for ([j = 0, j &lt; symbols.size(), (j++)]): null

2019-08-15 16:29:46 - [TEST_STEP][PASSED] - symbol = symbol: null

2019-08-15 16:29:46 - [TEST_STEP][PASSED] - println(symbol): null

2019-08-15 16:29:46 - [TEST_STEP][PASSED] - if (i == 2 &amp;&amp; wildList.indexOf(symbol) != -1): null

2019-08-15 16:29:46 - [TEST_STEP][PASSED] - if (i == 3 &amp;&amp; wildList.indexOf(symbol) != -1): null

2019-08-15 16:29:46 - [TEST_STEP][PASSED] - if (i == 4 &amp;&amp; wildList.indexOf(symbol) != -1): null

2019-08-15 16:29:46 - [TEST_STEP][PASSED] - symbol = symbol: null

2019-08-15 16:29:46 - [TEST_STEP][PASSED] - println(symbol): null

2019-08-15 16:29:46 - [TEST_STEP][PASSED] - if (i == 2 &amp;&amp; wildList.indexOf(symbol) != -1): null

2019-08-15 16:29:46 - [TEST_STEP][PASSED] - if (i == 3 &amp;&amp; wildList.indexOf(symbol) != -1): null

2019-08-15 16:29:46 - [TEST_STEP][PASSED] - if (i == 4 &amp;&amp; wildList.indexOf(symbol) != -1): null

2019-08-15 16:29:46 - [TEST_STEP][PASSED] - symbol = symbol: null

2019-08-15 16:29:46 - [TEST_STEP][PASSED] - println(symbol): null

2019-08-15 16:29:46 - [TEST_STEP][PASSED] - if (i == 2 &amp;&amp; wildList.indexOf(symbol) != -1): null

2019-08-15 16:29:46 - [TEST_STEP][PASSED] - if (i == 3 &amp;&amp; wildList.indexOf(symbol) != -1): null

2019-08-15 16:29:46 - [TEST_STEP][PASSED] - if (i == 4 &amp;&amp; wildList.indexOf(symbol) != -1): null

2019-08-15 16:29:46 - [TEST_STEP][PASSED] - symbols = symbols: null

2019-08-15 16:29:46 - [TEST_STEP][PASSED] - for ([j = 0, j &lt; symbols.size(), (j++)]): null

2019-08-15 16:29:46 - [TEST_STEP][PASSED] - symbol = symbol: null

2019-08-15 16:29:46 - [TEST_STEP][PASSED] - println(symbol): null

2019-08-15 16:29:46 - [TEST_STEP][PASSED] - if (i == 2 &amp;&amp; wildList.indexOf(symbol) != -1): null

2019-08-15 16:29:46 - [TEST_STEP][PASSED] - if (i == 3 &amp;&amp; wildList.indexOf(symbol) != -1): null

2019-08-15 16:29:46 - [TEST_STEP][PASSED] - if (i == 4 &amp;&amp; wildList.indexOf(symbol) != -1): null

2019-08-15 16:29:46 - [TEST_STEP][PASSED] - symbol = symbol: null

2019-08-15 16:29:46 - [TEST_STEP][PASSED] - println(symbol): null

2019-08-15 16:29:46 - [TEST_STEP][PASSED] - if (i == 2 &amp;&amp; wildList.indexOf(symbol) != -1): null

2019-08-15 16:29:46 - [TEST_STEP][PASSED] - if (i == 3 &amp;&amp; wildList.indexOf(symbol) != -1): null

2019-08-15 16:29:46 - [TEST_STEP][PASSED] - if (i == 4 &amp;&amp; wildList.indexOf(symbol) != -1): null

2019-08-15 16:29:46 - [TEST_STEP][PASSED] - symbol = symbol: null

2019-08-15 16:29:46 - [TEST_STEP][PASSED] - println(symbol): null

2019-08-15 16:29:46 - [TEST_STEP][PASSED] - if (i == 2 &amp;&amp; wildList.indexOf(symbol) != -1): null

2019-08-15 16:29:46 - [TEST_STEP][PASSED] - if (i == 3 &amp;&amp; wildList.indexOf(symbol) != -1): null

2019-08-15 16:29:46 - [TEST_STEP][PASSED] - if (i == 4 &amp;&amp; wildList.indexOf(symbol) != -1): null

2019-08-15 16:29:46 - [TEST_STEP][PASSED] - free_spin_reel_counter = free_spin_reel_counter: null

2019-08-15 16:29:46 - [TEST_STEP][PASSED] - println("reel 3 wild found: " + free_spin_reel_counter[0]): null

2019-08-15 16:29:46 - [TEST_STEP][PASSED] - println("reel 4 wild found: " + free_spin_reel_counter[1]): null

2019-08-15 16:29:46 - [TEST_STEP][PASSED] - println("reel 5 wild found: " + free_spin_reel_counter[2]): null

2019-08-15 16:29:46 - [TEST_STEP][PASSED] - M4_spin_reels = M4_spin_reels: null

2019-08-15 16:29:46 - [TEST_STEP][PASSED] - M4_spin_reels_symbols = symbol: null

2019-08-15 16:29:46 - [TEST_STEP][PASSED] - M4_spin_reels_symbols = M4_spin_reels_symbols: null

2019-08-15 16:29:46 - [TEST_STEP][PASSED] - M4_spin_reel_wins = reel_wins: null

2019-08-15 16:29:46 - [TEST_STEP][PASSED] - M4_spin_reel_wins = M4_spin_reel_wins: null

2019-08-15 16:29:46 - [TEST_STEP][PASSED] - println("GlobalVariable.M4_spin_reel_wins is: " + M4_spin_reel_wins): null

2019-08-15 16:29:46 - [TEST_STEP][PASSED] - M4_spin_total_bonus_win_this_round = total_bonus_win_this_round: null

2019-08-15 16:29:46 - [TEST_STEP][PASSED] - M4_spin_total_bonus_win_this_round = M4_spin_total_bonus_win_this_round: null

2019-08-15 16:29:46 - [TEST_STEP][PASSED] - println("GlobalVariable.M4_spin_total_bonus_win_this_round is: " + M4_spin_total_bonus_win_this_round): null

2019-08-15 16:29:46 - [MESSAGE][PASSED] - Verify response successfully

2019-08-15 16:29:46 - [MESSAGE][PASSED] - Send request and verify the response successfully

2019-08-15 16:29:46 - [TEST_STEP][PASSED] - if (M4_total_bonus_spins_int != 0 &amp;&amp; M4_spin_reels_symbols[2].contains("WILD_Normal") || M4_spin_reels_symbols[3].contains("WILD_Normal") || M4_spin_reels_symbols[4].contains("WILD_Normal")): null

2019-08-15 16:29:46 - [TEST_STEP][PASSED] - free_spin_reel_counter = free_spin_reel_counter: null

2019-08-15 16:29:46 - [TEST_STEP][PASSED] - M4_spin_reels_symbols = M4_spin_reels_symbols: null

2019-08-15 16:29:46 - [TEST_STEP][PASSED] - M4_total_bonus_spins = M4_total_bonus_spins: null

2019-08-15 16:29:46 - [TEST_STEP][PASSED] - spin_result = sendRequestAndVerify(findTestObject("STG/RGS(M4)/1_M4_spin", ["M4_login_user_id":M4_login_user_id, "rgs_session_token":rgs_session_token, "partner":Partner])): Send request and verify the response successfully

2019-08-15 16:29:46 - [TEST_CASE][PASSED] - Start Test Case : Verification: Verification accomplished successfully

2019-08-15 16:29:46 - [TEST_STEP][PASSED] - request = getInstance().getCurrentRequest(): null

2019-08-15 16:29:46 - [TEST_STEP][PASSED] - response = getInstance().getCurrentResponse(): null

2019-08-15 16:29:46 - [TEST_STEP][PASSED] - verifyResponseStatusCode(response, 200): Verify response status code successfully

2019-08-15 16:29:46 - [MESSAGE][PASSED] - Verify response status code successfully

2019-08-15 16:29:46 - [TEST_STEP][PASSED] - getStatusCode()).isEqualTo(200): null

2019-08-15 16:29:46 - [TEST_STEP][PASSED] - newline = System.getProperty("line.separator"): null

2019-08-15 16:29:46 - [TEST_STEP][PASSED] - M4_spin = new groovy.json.JsonSlurper(): null

2019-08-15 16:29:46 - [TEST_STEP][PASSED] - result_M4_spin = M4_spin.parseText(response.getResponseBodyContent()): null

2019-08-15 16:29:46 - [TEST_STEP][PASSED] - M4_spin_current_balance = current_balance: null

2019-08-15 16:29:46 - [TEST_STEP][PASSED] - M4_spin_current_balance = M4_spin_current_balance: null

2019-08-15 16:29:46 - [TEST_STEP][PASSED] - M4_spin_transaction_id = causality: null

2019-08-15 16:29:46 - [TEST_STEP][PASSED] - M4_spin_transaction_id = M4_spin_transaction_id: null

2019-08-15 16:29:46 - [TEST_STEP][PASSED] - M4_spin_round_id = round_id: null

2019-08-15 16:29:46 - [TEST_STEP][PASSED] - M4_spin_round_id = M4_spin_round_id: null

2019-08-15 16:29:46 - [TEST_STEP][PASSED] - M4_spin_line_wins = line_wins: null

2019-08-15 16:29:46 - [TEST_STEP][PASSED] - M4_spin_line_wins = M4_spin_line_wins: null

2019-08-15 16:29:46 - [TEST_STEP][PASSED] - M4_total_bonus_spins_int = total_bonus_spins: null

2019-08-15 16:29:46 - [TEST_STEP][PASSED] - println("******M4_total_bonus_spins type is:*******" + newline + getClass().getName()): null

2019-08-15 16:29:46 - [TEST_STEP][PASSED] - M4_total_bonus_spins_int = M4_total_bonus_spins_int: null

2019-08-15 16:29:46 - [TEST_STEP][PASSED] - M4_total_bonus_spins = Integer.toString(M4_total_bonus_spins_int): null

2019-08-15 16:29:46 - [TEST_STEP][PASSED] - M4_total_bonus_spins = M4_total_bonus_spins: null

2019-08-15 16:29:46 - [TEST_STEP][PASSED] - println("M4_total_bonus_spins is:" + M4_total_bonus_spins): null

2019-08-15 16:29:46 - [TEST_STEP][PASSED] - M4_spin_bonus_data = bonus_data: null

2019-08-15 16:29:46 - [TEST_STEP][PASSED] - M4_spin_features_triggered = result_M4_spin: null

2019-08-15 16:29:46 - [TEST_STEP][PASSED] - wild = []: null

2019-08-15 16:29:46 - [TEST_STEP][PASSED] - wild[0] = "WILD_Expanding": null

2019-08-15 16:29:46 - [TEST_STEP][PASSED] - wild[1] = "WILD_Normal": null

2019-08-15 16:29:46 - [TEST_STEP][PASSED] - wild[2] = "WILD_Double": null

2019-08-15 16:29:46 - [TEST_STEP][PASSED] - wild[3] = "WILD_ExtraFG": null

2019-08-15 16:29:46 - [TEST_STEP][PASSED] - wild[4] = "WILD_Triple": null

2019-08-15 16:29:46 - [TEST_STEP][PASSED] - wildList = Arrays.asList(wild): null

2019-08-15 16:29:46 - [TEST_STEP][PASSED] - wildList = wildList: null

2019-08-15 16:29:46 - [TEST_STEP][PASSED] - free_spin_reel_counter = []: null

2019-08-15 16:29:46 - [TEST_STEP][PASSED] - free_spin_reel_counter[0] = 0: null

2019-08-15 16:29:46 - [TEST_STEP][PASSED] - free_spin_reel_counter[1] = 0: null

2019-08-15 16:29:46 - [TEST_STEP][PASSED] - free_spin_reel_counter[2] = 0: null

2019-08-15 16:29:46 - [TEST_STEP][PASSED] - M4_spin_reels = reels: null

2019-08-15 16:29:46 - [TEST_STEP][PASSED] - for ([i = 0, i &lt; M4_spin_reels.size(), (i++)]): null

2019-08-15 16:29:46 - [TEST_STEP][PASSED] - symbols = symbols: null

2019-08-15 16:29:46 - [TEST_STEP][PASSED] - for ([j = 0, j &lt; symbols.size(), (j++)]): null

2019-08-15 16:29:46 - [TEST_STEP][PASSED] - symbol = symbol: null

2019-08-15 16:29:46 - [TEST_STEP][PASSED] - println(symbol): null

2019-08-15 16:29:46 - [TEST_STEP][PASSED] - if (i == 2 &amp;&amp; wildList.indexOf(symbol) != -1): null

2019-08-15 16:29:46 - [TEST_STEP][PASSED] - if (i == 3 &amp;&amp; wildList.indexOf(symbol) != -1): null

2019-08-15 16:29:46 - [TEST_STEP][PASSED] - if (i == 4 &amp;&amp; wildList.indexOf(symbol) != -1): null

2019-08-15 16:29:46 - [TEST_STEP][PASSED] - symbol = symbol: null

2019-08-15 16:29:46 - [TEST_STEP][PASSED] - println(symbol): null

2019-08-15 16:29:46 - [TEST_STEP][PASSED] - if (i == 2 &amp;&amp; wildList.indexOf(symbol) != -1): null

2019-08-15 16:29:46 - [TEST_STEP][PASSED] - if (i == 3 &amp;&amp; wildList.indexOf(symbol) != -1): null

2019-08-15 16:29:46 - [TEST_STEP][PASSED] - if (i == 4 &amp;&amp; wildList.indexOf(symbol) != -1): null

2019-08-15 16:29:46 - [TEST_STEP][PASSED] - symbol = symbol: null

2019-08-15 16:29:46 - [TEST_STEP][PASSED] - println(symbol): null

2019-08-15 16:29:46 - [TEST_STEP][PASSED] - if (i == 2 &amp;&amp; wildList.indexOf(symbol) != -1): null

2019-08-15 16:29:46 - [TEST_STEP][PASSED] - if (i == 3 &amp;&amp; wildList.indexOf(symbol) != -1): null

2019-08-15 16:29:51 - [TEST_STEP][PASSED] - if (i == 4 &amp;&amp; wildList.indexOf(symbol) != -1): null

2019-08-15 16:29:51 - [TEST_STEP][PASSED] - symbols = symbols: null

2019-08-15 16:29:51 - [TEST_STEP][PASSED] - for ([j = 0, j &lt; symbols.size(), (j++)]): null

2019-08-15 16:29:51 - [TEST_STEP][PASSED] - symbol = symbol: null

2019-08-15 16:29:51 - [TEST_STEP][PASSED] - println(symbol): null

2019-08-15 16:29:51 - [TEST_STEP][PASSED] - if (i == 2 &amp;&amp; wildList.indexOf(symbol) != -1): null

2019-08-15 16:29:51 - [TEST_STEP][PASSED] - if (i == 3 &amp;&amp; wildList.indexOf(symbol) != -1): null

2019-08-15 16:29:51 - [TEST_STEP][PASSED] - if (i == 4 &amp;&amp; wildList.indexOf(symbol) != -1): null

2019-08-15 16:29:51 - [TEST_STEP][PASSED] - symbol = symbol: null

2019-08-15 16:29:51 - [TEST_STEP][PASSED] - println(symbol): null

2019-08-15 16:29:53 - [TEST_STEP][PASSED] - if (i == 2 &amp;&amp; wildList.indexOf(symbol) != -1): null

2019-08-15 16:29:53 - [TEST_STEP][PASSED] - if (i == 3 &amp;&amp; wildList.indexOf(symbol) != -1): null

2019-08-15 16:29:53 - [TEST_STEP][PASSED] - if (i == 4 &amp;&amp; wildList.indexOf(symbol) != -1): null

2019-08-15 16:29:53 - [TEST_STEP][PASSED] - symbol = symbol: null

2019-08-15 16:29:53 - [TEST_STEP][PASSED] - println(symbol): null

2019-08-15 16:29:53 - [TEST_STEP][PASSED] - if (i == 2 &amp;&amp; wildList.indexOf(symbol) != -1): null

2019-08-15 16:29:53 - [TEST_STEP][PASSED] - if (i == 3 &amp;&amp; wildList.indexOf(symbol) != -1): null

2019-08-15 16:29:53 - [TEST_STEP][PASSED] - if (i == 4 &amp;&amp; wildList.indexOf(symbol) != -1): null

2019-08-15 16:29:53 - [TEST_STEP][PASSED] - symbols = symbols: null

2019-08-15 16:29:53 - [TEST_STEP][PASSED] - for ([j = 0, j &lt; symbols.size(), (j++)]): null

2019-08-15 16:29:53 - [TEST_STEP][PASSED] - symbol = symbol: null

2019-08-15 16:29:53 - [TEST_STEP][PASSED] - println(symbol): null

2019-08-15 16:29:53 - [TEST_STEP][PASSED] - if (i == 2 &amp;&amp; wildList.indexOf(symbol) != -1): null

2019-08-15 16:29:53 - [TEST_STEP][PASSED] - if (i == 3 &amp;&amp; wildList.indexOf(symbol) != -1): null

2019-08-15 16:29:53 - [TEST_STEP][PASSED] - if (i == 4 &amp;&amp; wildList.indexOf(symbol) != -1): null

2019-08-15 16:29:53 - [TEST_STEP][PASSED] - symbol = symbol: null

2019-08-15 16:29:53 - [TEST_STEP][PASSED] - println(symbol): null

2019-08-15 16:29:53 - [TEST_STEP][PASSED] - if (i == 2 &amp;&amp; wildList.indexOf(symbol) != -1): null

2019-08-15 16:29:53 - [TEST_STEP][PASSED] - println("wild found on reel 3, adding counter by 1"): null

2019-08-15 16:29:53 - [TEST_STEP][PASSED] - free_spin_reel_counter[0] = free_spin_reel_counter[0] + 1: null

2019-08-15 16:29:53 - [TEST_STEP][PASSED] - if (i == 3 &amp;&amp; wildList.indexOf(symbol) != -1): null

2019-08-15 16:29:53 - [TEST_STEP][PASSED] - if (i == 4 &amp;&amp; wildList.indexOf(symbol) != -1): null

2019-08-15 16:29:53 - [TEST_STEP][PASSED] - symbol = symbol: null

2019-08-15 16:29:53 - [TEST_STEP][PASSED] - println(symbol): null

2019-08-15 16:29:53 - [TEST_STEP][PASSED] - if (i == 2 &amp;&amp; wildList.indexOf(symbol) != -1): null

2019-08-15 16:29:53 - [TEST_STEP][PASSED] - if (i == 3 &amp;&amp; wildList.indexOf(symbol) != -1): null

2019-08-15 16:29:53 - [TEST_STEP][PASSED] - if (i == 4 &amp;&amp; wildList.indexOf(symbol) != -1): null

2019-08-15 16:29:53 - [TEST_STEP][PASSED] - symbols = symbols: null

2019-08-15 16:29:53 - [TEST_STEP][PASSED] - for ([j = 0, j &lt; symbols.size(), (j++)]): null

2019-08-15 16:29:53 - [TEST_STEP][PASSED] - symbol = symbol: null

2019-08-15 16:29:53 - [TEST_STEP][PASSED] - println(symbol): null

2019-08-15 16:29:53 - [TEST_STEP][PASSED] - if (i == 2 &amp;&amp; wildList.indexOf(symbol) != -1): null

2019-08-15 16:29:53 - [TEST_STEP][PASSED] - if (i == 3 &amp;&amp; wildList.indexOf(symbol) != -1): null

2019-08-15 16:29:53 - [TEST_STEP][PASSED] - if (i == 4 &amp;&amp; wildList.indexOf(symbol) != -1): null

2019-08-15 16:29:53 - [TEST_STEP][PASSED] - symbol = symbol: null

2019-08-15 16:29:53 - [TEST_STEP][PASSED] - println(symbol): null

2019-08-15 16:29:53 - [TEST_STEP][PASSED] - if (i == 2 &amp;&amp; wildList.indexOf(symbol) != -1): null

2019-08-15 16:29:53 - [TEST_STEP][PASSED] - if (i == 3 &amp;&amp; wildList.indexOf(symbol) != -1): null

2019-08-15 16:29:53 - [TEST_STEP][PASSED] - if (i == 4 &amp;&amp; wildList.indexOf(symbol) != -1): null

2019-08-15 16:29:53 - [TEST_STEP][PASSED] - symbol = symbol: null

2019-08-15 16:29:53 - [TEST_STEP][PASSED] - println(symbol): null

2019-08-15 16:29:53 - [TEST_STEP][PASSED] - if (i == 2 &amp;&amp; wildList.indexOf(symbol) != -1): null

2019-08-15 16:29:53 - [TEST_STEP][PASSED] - if (i == 3 &amp;&amp; wildList.indexOf(symbol) != -1): null

2019-08-15 16:29:53 - [TEST_STEP][PASSED] - if (i == 4 &amp;&amp; wildList.indexOf(symbol) != -1): null

2019-08-15 16:29:53 - [TEST_STEP][PASSED] - symbols = symbols: null

2019-08-15 16:29:53 - [TEST_STEP][PASSED] - for ([j = 0, j &lt; symbols.size(), (j++)]): null

2019-08-15 16:29:53 - [TEST_STEP][PASSED] - symbol = symbol: null

2019-08-15 16:29:53 - [TEST_STEP][PASSED] - println(symbol): null

2019-08-15 16:29:53 - [TEST_STEP][PASSED] - if (i == 2 &amp;&amp; wildList.indexOf(symbol) != -1): null

2019-08-15 16:29:53 - [TEST_STEP][PASSED] - if (i == 3 &amp;&amp; wildList.indexOf(symbol) != -1): null

2019-08-15 16:29:53 - [TEST_STEP][PASSED] - if (i == 4 &amp;&amp; wildList.indexOf(symbol) != -1): null

2019-08-15 16:29:53 - [TEST_STEP][PASSED] - symbol = symbol: null

2019-08-15 16:29:53 - [TEST_STEP][PASSED] - println(symbol): null

2019-08-15 16:29:53 - [TEST_STEP][PASSED] - if (i == 2 &amp;&amp; wildList.indexOf(symbol) != -1): null

2019-08-15 16:29:53 - [TEST_STEP][PASSED] - if (i == 3 &amp;&amp; wildList.indexOf(symbol) != -1): null

2019-08-15 16:29:53 - [TEST_STEP][PASSED] - if (i == 4 &amp;&amp; wildList.indexOf(symbol) != -1): null

2019-08-15 16:29:53 - [TEST_STEP][PASSED] - symbol = symbol: null

2019-08-15 16:29:53 - [TEST_STEP][PASSED] - println(symbol): null

2019-08-15 16:29:53 - [TEST_STEP][PASSED] - if (i == 2 &amp;&amp; wildList.indexOf(symbol) != -1): null

2019-08-15 16:29:53 - [TEST_STEP][PASSED] - if (i == 3 &amp;&amp; wildList.indexOf(symbol) != -1): null

2019-08-15 16:29:53 - [TEST_STEP][PASSED] - if (i == 4 &amp;&amp; wildList.indexOf(symbol) != -1): null

2019-08-15 16:29:53 - [TEST_STEP][PASSED] - free_spin_reel_counter = free_spin_reel_counter: null

2019-08-15 16:29:53 - [TEST_STEP][PASSED] - println("reel 3 wild found: " + free_spin_reel_counter[0]): null

2019-08-15 16:29:53 - [TEST_STEP][PASSED] - println("reel 4 wild found: " + free_spin_reel_counter[1]): null

2019-08-15 16:29:53 - [TEST_STEP][PASSED] - println("reel 5 wild found: " + free_spin_reel_counter[2]): null

2019-08-15 16:29:53 - [TEST_STEP][PASSED] - M4_spin_reels = M4_spin_reels: null

2019-08-15 16:29:53 - [TEST_STEP][PASSED] - M4_spin_reels_symbols = symbol: null

2019-08-15 16:29:53 - [TEST_STEP][PASSED] - M4_spin_reels_symbols = M4_spin_reels_symbols: null

2019-08-15 16:29:53 - [TEST_STEP][PASSED] - M4_spin_reel_wins = reel_wins: null

2019-08-15 16:29:53 - [TEST_STEP][PASSED] - M4_spin_reel_wins = M4_spin_reel_wins: null

2019-08-15 16:29:53 - [TEST_STEP][PASSED] - println("GlobalVariable.M4_spin_reel_wins is: " + M4_spin_reel_wins): null

2019-08-15 16:29:53 - [TEST_STEP][PASSED] - M4_spin_total_bonus_win_this_round = total_bonus_win_this_round: null

2019-08-15 16:29:53 - [TEST_STEP][PASSED] - M4_spin_total_bonus_win_this_round = M4_spin_total_bonus_win_this_round: null

2019-08-15 16:29:53 - [TEST_STEP][PASSED] - println("GlobalVariable.M4_spin_total_bonus_win_this_round is: " + M4_spin_total_bonus_win_this_round): null

2019-08-15 16:29:53 - [MESSAGE][PASSED] - Verify response successfully

2019-08-15 16:29:53 - [MESSAGE][PASSED] - Send request and verify the response successfully

2019-08-15 16:29:53 - [TEST_STEP][PASSED] - if (M4_total_bonus_spins_int != 0 &amp;&amp; M4_spin_reels_symbols[2].contains("WILD_Normal") || M4_spin_reels_symbols[3].contains("WILD_Normal") || M4_spin_reels_symbols[4].contains("WILD_Normal")): null

2019-08-15 16:29:53 - [TEST_STEP][PASSED] - free_spin_reel_counter = free_spin_reel_counter: null

2019-08-15 16:29:53 - [TEST_STEP][PASSED] - M4_spin_reels_symbols = M4_spin_reels_symbols: null

2019-08-15 16:29:53 - [TEST_STEP][PASSED] - M4_total_bonus_spins = M4_total_bonus_spins: null

2019-08-15 16:29:53 - [TEST_STEP][PASSED] - spin_result = sendRequestAndVerify(findTestObject("STG/RGS(M4)/1_M4_spin", ["M4_login_user_id":M4_login_user_id, "rgs_session_token":rgs_session_token, "partner":Partner])): Send request and verify the response successfully

2019-08-15 16:29:53 - [TEST_CASE][PASSED] - Start Test Case : Verification: Verification accomplished successfully

2019-08-15 16:29:53 - [TEST_STEP][PASSED] - request = getInstance().getCurrentRequest(): null

2019-08-15 16:29:53 - [TEST_STEP][PASSED] - response = getInstance().getCurrentResponse(): null

2019-08-15 16:29:53 - [TEST_STEP][PASSED] - verifyResponseStatusCode(response, 200): Verify response status code successfully

2019-08-15 16:29:53 - [MESSAGE][PASSED] - Verify response status code successfully

2019-08-15 16:29:53 - [TEST_STEP][PASSED] - getStatusCode()).isEqualTo(200): null

2019-08-15 16:29:53 - [TEST_STEP][PASSED] - newline = System.getProperty("line.separator"): null

2019-08-15 16:29:53 - [TEST_STEP][PASSED] - M4_spin = new groovy.json.JsonSlurper(): null

2019-08-15 16:29:53 - [TEST_STEP][PASSED] - result_M4_spin = M4_spin.parseText(response.getResponseBodyContent()): null

2019-08-15 16:29:53 - [TEST_STEP][PASSED] - M4_spin_current_balance = current_balance: null

2019-08-15 16:29:53 - [TEST_STEP][PASSED] - M4_spin_current_balance = M4_spin_current_balance: null

2019-08-15 16:29:53 - [TEST_STEP][PASSED] - M4_spin_transaction_id = causality: null

2019-08-15 16:29:53 - [TEST_STEP][PASSED] - M4_spin_transaction_id = M4_spin_transaction_id: null

2019-08-15 16:29:53 - [TEST_STEP][PASSED] - M4_spin_round_id = round_id: null

2019-08-15 16:29:53 - [TEST_STEP][PASSED] - M4_spin_round_id = M4_spin_round_id: null

2019-08-15 16:29:53 - [TEST_STEP][PASSED] - M4_spin_line_wins = line_wins: null

2019-08-15 16:29:53 - [TEST_STEP][PASSED] - M4_spin_line_wins = M4_spin_line_wins: null

2019-08-15 16:29:53 - [TEST_STEP][PASSED] - M4_total_bonus_spins_int = total_bonus_spins: null

2019-08-15 16:29:53 - [TEST_STEP][PASSED] - println("******M4_total_bonus_spins type is:*******" + newline + getClass().getName()): null

2019-08-15 16:29:53 - [TEST_STEP][PASSED] - M4_total_bonus_spins_int = M4_total_bonus_spins_int: null

2019-08-15 16:29:53 - [TEST_STEP][PASSED] - M4_total_bonus_spins = Integer.toString(M4_total_bonus_spins_int): null

2019-08-15 16:29:53 - [TEST_STEP][PASSED] - M4_total_bonus_spins = M4_total_bonus_spins: null

2019-08-15 16:29:53 - [TEST_STEP][PASSED] - println("M4_total_bonus_spins is:" + M4_total_bonus_spins): null

2019-08-15 16:29:53 - [TEST_STEP][PASSED] - M4_spin_bonus_data = bonus_data: null

2019-08-15 16:29:53 - [TEST_STEP][PASSED] - M4_spin_features_triggered = result_M4_spin: null

2019-08-15 16:29:53 - [TEST_STEP][PASSED] - wild = []: null

2019-08-15 16:29:53 - [TEST_STEP][PASSED] - wild[0] = "WILD_Expanding": null

2019-08-15 16:29:53 - [TEST_STEP][PASSED] - wild[1] = "WILD_Normal": null

2019-08-15 16:29:53 - [TEST_STEP][PASSED] - wild[2] = "WILD_Double": null

2019-08-15 16:29:53 - [TEST_STEP][PASSED] - wild[3] = "WILD_ExtraFG": null

2019-08-15 16:29:53 - [TEST_STEP][PASSED] - wild[4] = "WILD_Triple": null

2019-08-15 16:29:53 - [TEST_STEP][PASSED] - wildList = Arrays.asList(wild): null

2019-08-15 16:29:53 - [TEST_STEP][PASSED] - wildList = wildList: null

2019-08-15 16:29:53 - [TEST_STEP][PASSED] - free_spin_reel_counter = []: null

2019-08-15 16:29:53 - [TEST_STEP][PASSED] - free_spin_reel_counter[0] = 0: null

2019-08-15 16:29:53 - [TEST_STEP][PASSED] - free_spin_reel_counter[1] = 0: null

2019-08-15 16:29:53 - [TEST_STEP][PASSED] - free_spin_reel_counter[2] = 0: null

2019-08-15 16:29:53 - [TEST_STEP][PASSED] - M4_spin_reels = reels: null

2019-08-15 16:29:53 - [TEST_STEP][PASSED] - for ([i = 0, i &lt; M4_spin_reels.size(), (i++)]): null

2019-08-15 16:29:53 - [TEST_STEP][PASSED] - symbols = symbols: null

2019-08-15 16:29:53 - [TEST_STEP][PASSED] - for ([j = 0, j &lt; symbols.size(), (j++)]): null

2019-08-15 16:29:53 - [TEST_STEP][PASSED] - symbol = symbol: null

2019-08-15 16:29:53 - [TEST_STEP][PASSED] - println(symbol): null

2019-08-15 16:29:53 - [TEST_STEP][PASSED] - if (i == 2 &amp;&amp; wildList.indexOf(symbol) != -1): null

2019-08-15 16:29:53 - [TEST_STEP][PASSED] - if (i == 3 &amp;&amp; wildList.indexOf(symbol) != -1): null

2019-08-15 16:29:53 - [TEST_STEP][PASSED] - if (i == 4 &amp;&amp; wildList.indexOf(symbol) != -1): null

2019-08-15 16:29:53 - [TEST_STEP][PASSED] - symbol = symbol: null

2019-08-15 16:29:53 - [TEST_STEP][PASSED] - println(symbol): null

2019-08-15 16:29:53 - [TEST_STEP][PASSED] - if (i == 2 &amp;&amp; wildList.indexOf(symbol) != -1): null

2019-08-15 16:29:53 - [TEST_STEP][PASSED] - if (i == 3 &amp;&amp; wildList.indexOf(symbol) != -1): null

2019-08-15 16:29:53 - [TEST_STEP][PASSED] - if (i == 4 &amp;&amp; wildList.indexOf(symbol) != -1): null

2019-08-15 16:29:53 - [TEST_STEP][PASSED] - symbol = symbol: null

2019-08-15 16:29:53 - [TEST_STEP][PASSED] - println(symbol): null

2019-08-15 16:29:53 - [TEST_STEP][PASSED] - if (i == 2 &amp;&amp; wildList.indexOf(symbol) != -1): null

2019-08-15 16:29:53 - [TEST_STEP][PASSED] - if (i == 3 &amp;&amp; wildList.indexOf(symbol) != -1): null

2019-08-15 16:29:53 - [TEST_STEP][PASSED] - if (i == 4 &amp;&amp; wildList.indexOf(symbol) != -1): null

2019-08-15 16:29:53 - [TEST_STEP][PASSED] - symbols = symbols: null

2019-08-15 16:29:53 - [TEST_STEP][PASSED] - for ([j = 0, j &lt; symbols.size(), (j++)]): null

2019-08-15 16:29:53 - [TEST_STEP][PASSED] - symbol = symbol: null

2019-08-15 16:29:53 - [TEST_STEP][PASSED] - println(symbol): null

2019-08-15 16:29:53 - [TEST_STEP][PASSED] - if (i == 2 &amp;&amp; wildList.indexOf(symbol) != -1): null

2019-08-15 16:29:53 - [TEST_STEP][PASSED] - if (i == 3 &amp;&amp; wildList.indexOf(symbol) != -1): null

2019-08-15 16:29:53 - [TEST_STEP][PASSED] - if (i == 4 &amp;&amp; wildList.indexOf(symbol) != -1): null

2019-08-15 16:29:53 - [TEST_STEP][PASSED] - symbol = symbol: null

2019-08-15 16:29:53 - [TEST_STEP][PASSED] - println(symbol): null

2019-08-15 16:29:53 - [TEST_STEP][PASSED] - if (i == 2 &amp;&amp; wildList.indexOf(symbol) != -1): null

2019-08-15 16:29:53 - [TEST_STEP][PASSED] - if (i == 3 &amp;&amp; wildList.indexOf(symbol) != -1): null

2019-08-15 16:29:53 - [TEST_STEP][PASSED] - if (i == 4 &amp;&amp; wildList.indexOf(symbol) != -1): null

2019-08-15 16:29:53 - [TEST_STEP][PASSED] - symbol = symbol: null

2019-08-15 16:29:53 - [TEST_STEP][PASSED] - println(symbol): null

2019-08-15 16:29:53 - [TEST_STEP][PASSED] - if (i == 2 &amp;&amp; wildList.indexOf(symbol) != -1): null

2019-08-15 16:29:53 - [TEST_STEP][PASSED] - if (i == 3 &amp;&amp; wildList.indexOf(symbol) != -1): null

2019-08-15 16:29:53 - [TEST_STEP][PASSED] - if (i == 4 &amp;&amp; wildList.indexOf(symbol) != -1): null

2019-08-15 16:29:53 - [TEST_STEP][PASSED] - symbols = symbols: null

2019-08-15 16:29:53 - [TEST_STEP][PASSED] - for ([j = 0, j &lt; symbols.size(), (j++)]): null

2019-08-15 16:29:53 - [TEST_STEP][PASSED] - symbol = symbol: null

2019-08-15 16:29:53 - [TEST_STEP][PASSED] - println(symbol): null

2019-08-15 16:29:53 - [TEST_STEP][PASSED] - if (i == 2 &amp;&amp; wildList.indexOf(symbol) != -1): null

2019-08-15 16:29:53 - [TEST_STEP][PASSED] - if (i == 3 &amp;&amp; wildList.indexOf(symbol) != -1): null

2019-08-15 16:29:53 - [TEST_STEP][PASSED] - if (i == 4 &amp;&amp; wildList.indexOf(symbol) != -1): null

2019-08-15 16:29:53 - [TEST_STEP][PASSED] - symbol = symbol: null

2019-08-15 16:29:53 - [TEST_STEP][PASSED] - println(symbol): null

2019-08-15 16:29:53 - [TEST_STEP][PASSED] - if (i == 2 &amp;&amp; wildList.indexOf(symbol) != -1): null

2019-08-15 16:29:53 - [TEST_STEP][PASSED] - if (i == 3 &amp;&amp; wildList.indexOf(symbol) != -1): null

2019-08-15 16:29:53 - [TEST_STEP][PASSED] - if (i == 4 &amp;&amp; wildList.indexOf(symbol) != -1): null

2019-08-15 16:29:53 - [TEST_STEP][PASSED] - symbol = symbol: null

2019-08-15 16:29:53 - [TEST_STEP][PASSED] - println(symbol): null

2019-08-15 16:29:53 - [TEST_STEP][PASSED] - if (i == 2 &amp;&amp; wildList.indexOf(symbol) != -1): null

2019-08-15 16:29:53 - [TEST_STEP][PASSED] - if (i == 3 &amp;&amp; wildList.indexOf(symbol) != -1): null

2019-08-15 16:29:53 - [TEST_STEP][PASSED] - if (i == 4 &amp;&amp; wildList.indexOf(symbol) != -1): null

2019-08-15 16:29:53 - [TEST_STEP][PASSED] - symbols = symbols: null

2019-08-15 16:29:53 - [TEST_STEP][PASSED] - for ([j = 0, j &lt; symbols.size(), (j++)]): null

2019-08-15 16:29:53 - [TEST_STEP][PASSED] - symbol = symbol: null

2019-08-15 16:29:53 - [TEST_STEP][PASSED] - println(symbol): null

2019-08-15 16:29:53 - [TEST_STEP][PASSED] - if (i == 2 &amp;&amp; wildList.indexOf(symbol) != -1): null

2019-08-15 16:29:53 - [TEST_STEP][PASSED] - if (i == 3 &amp;&amp; wildList.indexOf(symbol) != -1): null

2019-08-15 16:29:53 - [TEST_STEP][PASSED] - if (i == 4 &amp;&amp; wildList.indexOf(symbol) != -1): null

2019-08-15 16:29:53 - [TEST_STEP][PASSED] - symbol = symbol: null

2019-08-15 16:29:53 - [TEST_STEP][PASSED] - println(symbol): null

2019-08-15 16:29:53 - [TEST_STEP][PASSED] - if (i == 2 &amp;&amp; wildList.indexOf(symbol) != -1): null

2019-08-15 16:29:53 - [TEST_STEP][PASSED] - if (i == 3 &amp;&amp; wildList.indexOf(symbol) != -1): null

2019-08-15 16:29:53 - [TEST_STEP][PASSED] - if (i == 4 &amp;&amp; wildList.indexOf(symbol) != -1): null

2019-08-15 16:29:53 - [TEST_STEP][PASSED] - symbol = symbol: null

2019-08-15 16:29:53 - [TEST_STEP][PASSED] - println(symbol): null

2019-08-15 16:29:53 - [TEST_STEP][PASSED] - if (i == 2 &amp;&amp; wildList.indexOf(symbol) != -1): null

2019-08-15 16:29:53 - [TEST_STEP][PASSED] - if (i == 3 &amp;&amp; wildList.indexOf(symbol) != -1): null

2019-08-15 16:29:53 - [TEST_STEP][PASSED] - if (i == 4 &amp;&amp; wildList.indexOf(symbol) != -1): null

2019-08-15 16:29:53 - [TEST_STEP][PASSED] - symbols = symbols: null

2019-08-15 16:29:53 - [TEST_STEP][PASSED] - for ([j = 0, j &lt; symbols.size(), (j++)]): null

2019-08-15 16:29:53 - [TEST_STEP][PASSED] - symbol = symbol: null

2019-08-15 16:29:53 - [TEST_STEP][PASSED] - println(symbol): null

2019-08-15 16:29:53 - [TEST_STEP][PASSED] - if (i == 2 &amp;&amp; wildList.indexOf(symbol) != -1): null

2019-08-15 16:29:53 - [TEST_STEP][PASSED] - if (i == 3 &amp;&amp; wildList.indexOf(symbol) != -1): null

2019-08-15 16:29:53 - [TEST_STEP][PASSED] - if (i == 4 &amp;&amp; wildList.indexOf(symbol) != -1): null

2019-08-15 16:29:53 - [TEST_STEP][PASSED] - symbol = symbol: null

2019-08-15 16:29:53 - [TEST_STEP][PASSED] - println(symbol): null

2019-08-15 16:29:53 - [TEST_STEP][PASSED] - if (i == 2 &amp;&amp; wildList.indexOf(symbol) != -1): null

2019-08-15 16:29:53 - [TEST_STEP][PASSED] - if (i == 3 &amp;&amp; wildList.indexOf(symbol) != -1): null

2019-08-15 16:29:53 - [TEST_STEP][PASSED] - if (i == 4 &amp;&amp; wildList.indexOf(symbol) != -1): null

2019-08-15 16:29:53 - [TEST_STEP][PASSED] - symbol = symbol: null

2019-08-15 16:29:53 - [TEST_STEP][PASSED] - println(symbol): null

2019-08-15 16:29:53 - [TEST_STEP][PASSED] - if (i == 2 &amp;&amp; wildList.indexOf(symbol) != -1): null

2019-08-15 16:29:53 - [TEST_STEP][PASSED] - if (i == 3 &amp;&amp; wildList.indexOf(symbol) != -1): null

2019-08-15 16:29:53 - [TEST_STEP][PASSED] - if (i == 4 &amp;&amp; wildList.indexOf(symbol) != -1): null

2019-08-15 16:29:53 - [TEST_STEP][PASSED] - free_spin_reel_counter = free_spin_reel_counter: null

2019-08-15 16:29:53 - [TEST_STEP][PASSED] - println("reel 3 wild found: " + free_spin_reel_counter[0]): null

2019-08-15 16:29:53 - [TEST_STEP][PASSED] - println("reel 4 wild found: " + free_spin_reel_counter[1]): null

2019-08-15 16:29:53 - [TEST_STEP][PASSED] - println("reel 5 wild found: " + free_spin_reel_counter[2]): null

2019-08-15 16:29:53 - [TEST_STEP][PASSED] - M4_spin_reels = M4_spin_reels: null

2019-08-15 16:29:53 - [TEST_STEP][PASSED] - M4_spin_reels_symbols = symbol: null

2019-08-15 16:29:53 - [TEST_STEP][PASSED] - M4_spin_reels_symbols = M4_spin_reels_symbols: null

2019-08-15 16:29:53 - [TEST_STEP][PASSED] - M4_spin_reel_wins = reel_wins: null

2019-08-15 16:29:53 - [TEST_STEP][PASSED] - M4_spin_reel_wins = M4_spin_reel_wins: null

2019-08-15 16:29:53 - [TEST_STEP][PASSED] - println("GlobalVariable.M4_spin_reel_wins is: " + M4_spin_reel_wins): null

2019-08-15 16:29:53 - [TEST_STEP][PASSED] - M4_spin_total_bonus_win_this_round = total_bonus_win_this_round: null

2019-08-15 16:29:53 - [TEST_STEP][PASSED] - M4_spin_total_bonus_win_this_round = M4_spin_total_bonus_win_this_round: null

2019-08-15 16:29:53 - [TEST_STEP][PASSED] - println("GlobalVariable.M4_spin_total_bonus_win_this_round is: " + M4_spin_total_bonus_win_this_round): null

2019-08-15 16:29:53 - [MESSAGE][PASSED] - Verify response successfully

2019-08-15 16:29:53 - [MESSAGE][PASSED] - Send request and verify the response successfully

2019-08-15 16:29:53 - [TEST_STEP][PASSED] - if (M4_total_bonus_spins_int != 0 &amp;&amp; M4_spin_reels_symbols[2].contains("WILD_Normal") || M4_spin_reels_symbols[3].contains("WILD_Normal") || M4_spin_reels_symbols[4].contains("WILD_Normal")): null

2019-08-15 16:29:53 - [TEST_STEP][PASSED] - free_spin_reel_counter = free_spin_reel_counter: null

2019-08-15 16:29:53 - [TEST_STEP][PASSED] - M4_spin_reels_symbols = M4_spin_reels_symbols: null

2019-08-15 16:29:53 - [TEST_STEP][PASSED] - M4_total_bonus_spins = M4_total_bonus_spins: null

2019-08-15 16:29:53 - [TEST_STEP][PASSED] - spin_result = sendRequestAndVerify(findTestObject("STG/RGS(M4)/1_M4_spin", ["M4_login_user_id":M4_login_user_id, "rgs_session_token":rgs_session_token, "partner":Partner])): Send request and verify the response successfully

2019-08-15 16:29:53 - [TEST_CASE][PASSED] - Start Test Case : Verification: Verification accomplished successfully

2019-08-15 16:29:53 - [TEST_STEP][PASSED] - request = getInstance().getCurrentRequest(): null

2019-08-15 16:29:53 - [TEST_STEP][PASSED] - response = getInstance().getCurrentResponse(): null

2019-08-15 16:29:53 - [TEST_STEP][PASSED] - verifyResponseStatusCode(response, 200): Verify response status code successfully

2019-08-15 16:29:53 - [MESSAGE][PASSED] - Verify response status code successfully

2019-08-15 16:29:53 - [TEST_STEP][PASSED] - getStatusCode()).isEqualTo(200): null

2019-08-15 16:29:53 - [TEST_STEP][PASSED] - newline = System.getProperty("line.separator"): null

2019-08-15 16:29:53 - [TEST_STEP][PASSED] - M4_spin = new groovy.json.JsonSlurper(): null

2019-08-15 16:29:53 - [TEST_STEP][PASSED] - result_M4_spin = M4_spin.parseText(response.getResponseBodyContent()): null

2019-08-15 16:29:53 - [TEST_STEP][PASSED] - M4_spin_current_balance = current_balance: null

2019-08-15 16:29:53 - [TEST_STEP][PASSED] - M4_spin_current_balance = M4_spin_current_balance: null

2019-08-15 16:29:53 - [TEST_STEP][PASSED] - M4_spin_transaction_id = causality: null

2019-08-15 16:29:53 - [TEST_STEP][PASSED] - M4_spin_transaction_id = M4_spin_transaction_id: null

2019-08-15 16:29:53 - [TEST_STEP][PASSED] - M4_spin_round_id = round_id: null

2019-08-15 16:29:53 - [TEST_STEP][PASSED] - M4_spin_round_id = M4_spin_round_id: null

2019-08-15 16:29:53 - [TEST_STEP][PASSED] - M4_spin_line_wins = line_wins: null

2019-08-15 16:29:53 - [TEST_STEP][PASSED] - M4_spin_line_wins = M4_spin_line_wins: null

2019-08-15 16:29:53 - [TEST_STEP][PASSED] - M4_total_bonus_spins_int = total_bonus_spins: null

2019-08-15 16:29:53 - [TEST_STEP][PASSED] - println("******M4_total_bonus_spins type is:*******" + newline + getClass().getName()): null

2019-08-15 16:29:53 - [TEST_STEP][PASSED] - M4_total_bonus_spins_int = M4_total_bonus_spins_int: null

2019-08-15 16:29:53 - [TEST_STEP][PASSED] - M4_total_bonus_spins = Integer.toString(M4_total_bonus_spins_int): null

2019-08-15 16:29:53 - [TEST_STEP][PASSED] - M4_total_bonus_spins = M4_total_bonus_spins: null

2019-08-15 16:29:53 - [TEST_STEP][PASSED] - println("M4_total_bonus_spins is:" + M4_total_bonus_spins): null

2019-08-15 16:29:53 - [TEST_STEP][PASSED] - M4_spin_bonus_data = bonus_data: null

2019-08-15 16:29:53 - [TEST_STEP][PASSED] - M4_spin_features_triggered = result_M4_spin: null

2019-08-15 16:29:53 - [TEST_STEP][PASSED] - wild = []: null

2019-08-15 16:29:53 - [TEST_STEP][PASSED] - wild[0] = "WILD_Expanding": null

2019-08-15 16:29:53 - [TEST_STEP][PASSED] - wild[1] = "WILD_Normal": null

2019-08-15 16:29:53 - [TEST_STEP][PASSED] - wild[2] = "WILD_Double": null

2019-08-15 16:29:53 - [TEST_STEP][PASSED] - wild[3] = "WILD_ExtraFG": null

2019-08-15 16:29:53 - [TEST_STEP][PASSED] - wild[4] = "WILD_Triple": null

2019-08-15 16:29:53 - [TEST_STEP][PASSED] - wildList = Arrays.asList(wild): null

2019-08-15 16:29:53 - [TEST_STEP][PASSED] - wildList = wildList: null

2019-08-15 16:29:53 - [TEST_STEP][PASSED] - free_spin_reel_counter = []: null

2019-08-15 16:29:53 - [TEST_STEP][PASSED] - free_spin_reel_counter[0] = 0: null

2019-08-15 16:29:53 - [TEST_STEP][PASSED] - free_spin_reel_counter[1] = 0: null

2019-08-15 16:29:53 - [TEST_STEP][PASSED] - free_spin_reel_counter[2] = 0: null

2019-08-15 16:29:53 - [TEST_STEP][PASSED] - M4_spin_reels = reels: null

2019-08-15 16:29:53 - [TEST_STEP][PASSED] - for ([i = 0, i &lt; M4_spin_reels.size(), (i++)]): null

2019-08-15 16:29:53 - [TEST_STEP][PASSED] - symbols = symbols: null

2019-08-15 16:29:53 - [TEST_STEP][PASSED] - for ([j = 0, j &lt; symbols.size(), (j++)]): null

2019-08-15 16:29:53 - [TEST_STEP][PASSED] - symbol = symbol: null

2019-08-15 16:29:53 - [TEST_STEP][PASSED] - println(symbol): null

2019-08-15 16:29:53 - [TEST_STEP][PASSED] - if (i == 2 &amp;&amp; wildList.indexOf(symbol) != -1): null

2019-08-15 16:29:53 - [TEST_STEP][PASSED] - if (i == 3 &amp;&amp; wildList.indexOf(symbol) != -1): null

2019-08-15 16:29:53 - [TEST_STEP][PASSED] - if (i == 4 &amp;&amp; wildList.indexOf(symbol) != -1): null

2019-08-15 16:29:53 - [TEST_STEP][PASSED] - symbol = symbol: null

2019-08-15 16:29:53 - [TEST_STEP][PASSED] - println(symbol): null

2019-08-15 16:29:53 - [TEST_STEP][PASSED] - if (i == 2 &amp;&amp; wildList.indexOf(symbol) != -1): null

2019-08-15 16:29:53 - [TEST_STEP][PASSED] - if (i == 3 &amp;&amp; wildList.indexOf(symbol) != -1): null

2019-08-15 16:29:53 - [TEST_STEP][PASSED] - if (i == 4 &amp;&amp; wildList.indexOf(symbol) != -1): null

2019-08-15 16:29:53 - [TEST_STEP][PASSED] - symbol = symbol: null

2019-08-15 16:29:53 - [TEST_STEP][PASSED] - println(symbol): null

2019-08-15 16:29:53 - [TEST_STEP][PASSED] - if (i == 2 &amp;&amp; wildList.indexOf(symbol) != -1): null

2019-08-15 16:29:53 - [TEST_STEP][PASSED] - if (i == 3 &amp;&amp; wildList.indexOf(symbol) != -1): null

2019-08-15 16:29:53 - [TEST_STEP][PASSED] - if (i == 4 &amp;&amp; wildList.indexOf(symbol) != -1): null

2019-08-15 16:29:53 - [TEST_STEP][PASSED] - symbols = symbols: null

2019-08-15 16:29:53 - [TEST_STEP][PASSED] - for ([j = 0, j &lt; symbols.size(), (j++)]): null

2019-08-15 16:29:53 - [TEST_STEP][PASSED] - symbol = symbol: null

2019-08-15 16:29:53 - [TEST_STEP][PASSED] - println(symbol): null

2019-08-15 16:29:53 - [TEST_STEP][PASSED] - if (i == 2 &amp;&amp; wildList.indexOf(symbol) != -1): null

2019-08-15 16:29:53 - [TEST_STEP][PASSED] - if (i == 3 &amp;&amp; wildList.indexOf(symbol) != -1): null

2019-08-15 16:29:53 - [TEST_STEP][PASSED] - if (i == 4 &amp;&amp; wildList.indexOf(symbol) != -1): null

2019-08-15 16:29:53 - [TEST_STEP][PASSED] - symbol = symbol: null

2019-08-15 16:29:53 - [TEST_STEP][PASSED] - println(symbol): null

2019-08-15 16:29:53 - [TEST_STEP][PASSED] - if (i == 2 &amp;&amp; wildList.indexOf(symbol) != -1): null

2019-08-15 16:29:53 - [TEST_STEP][PASSED] - if (i == 3 &amp;&amp; wildList.indexOf(symbol) != -1): null

2019-08-15 16:29:53 - [TEST_STEP][PASSED] - if (i == 4 &amp;&amp; wildList.indexOf(symbol) != -1): null

2019-08-15 16:29:53 - [TEST_STEP][PASSED] - symbol = symbol: null

2019-08-15 16:29:53 - [TEST_STEP][PASSED] - println(symbol): null

2019-08-15 16:29:53 - [TEST_STEP][PASSED] - if (i == 2 &amp;&amp; wildList.indexOf(symbol) != -1): null

2019-08-15 16:29:53 - [TEST_STEP][PASSED] - if (i == 3 &amp;&amp; wildList.indexOf(symbol) != -1): null

2019-08-15 16:29:53 - [TEST_STEP][PASSED] - if (i == 4 &amp;&amp; wildList.indexOf(symbol) != -1): null

2019-08-15 16:29:53 - [TEST_STEP][PASSED] - symbols = symbols: null

2019-08-15 16:29:53 - [TEST_STEP][PASSED] - for ([j = 0, j &lt; symbols.size(), (j++)]): null

2019-08-15 16:29:53 - [TEST_STEP][PASSED] - symbol = symbol: null

2019-08-15 16:29:53 - [TEST_STEP][PASSED] - println(symbol): null

2019-08-15 16:29:53 - [TEST_STEP][PASSED] - if (i == 2 &amp;&amp; wildList.indexOf(symbol) != -1): null

2019-08-15 16:29:53 - [TEST_STEP][PASSED] - if (i == 3 &amp;&amp; wildList.indexOf(symbol) != -1): null

2019-08-15 16:29:53 - [TEST_STEP][PASSED] - if (i == 4 &amp;&amp; wildList.indexOf(symbol) != -1): null

2019-08-15 16:29:53 - [TEST_STEP][PASSED] - symbol = symbol: null

2019-08-15 16:29:53 - [TEST_STEP][PASSED] - println(symbol): null

2019-08-15 16:29:53 - [TEST_STEP][PASSED] - if (i == 2 &amp;&amp; wildList.indexOf(symbol) != -1): null

2019-08-15 16:29:53 - [TEST_STEP][PASSED] - if (i == 3 &amp;&amp; wildList.indexOf(symbol) != -1): null

2019-08-15 16:29:53 - [TEST_STEP][PASSED] - if (i == 4 &amp;&amp; wildList.indexOf(symbol) != -1): null

2019-08-15 16:29:53 - [TEST_STEP][PASSED] - symbol = symbol: null

2019-08-15 16:29:53 - [TEST_STEP][PASSED] - println(symbol): null

2019-08-15 16:29:53 - [TEST_STEP][PASSED] - if (i == 2 &amp;&amp; wildList.indexOf(symbol) != -1): null

2019-08-15 16:29:53 - [TEST_STEP][PASSED] - if (i == 3 &amp;&amp; wildList.indexOf(symbol) != -1): null

2019-08-15 16:29:53 - [TEST_STEP][PASSED] - if (i == 4 &amp;&amp; wildList.indexOf(symbol) != -1): null

2019-08-15 16:29:53 - [TEST_STEP][PASSED] - symbols = symbols: null

2019-08-15 16:29:53 - [TEST_STEP][PASSED] - for ([j = 0, j &lt; symbols.size(), (j++)]): null

2019-08-15 16:29:53 - [TEST_STEP][PASSED] - symbol = symbol: null

2019-08-15 16:29:53 - [TEST_STEP][PASSED] - println(symbol): null

2019-08-15 16:29:53 - [TEST_STEP][PASSED] - if (i == 2 &amp;&amp; wildList.indexOf(symbol) != -1): null

2019-08-15 16:29:53 - [TEST_STEP][PASSED] - if (i == 3 &amp;&amp; wildList.indexOf(symbol) != -1): null

2019-08-15 16:29:53 - [TEST_STEP][PASSED] - if (i == 4 &amp;&amp; wildList.indexOf(symbol) != -1): null

2019-08-15 16:29:58 - [TEST_STEP][PASSED] - symbol = symbol: null

2019-08-15 16:29:58 - [TEST_STEP][PASSED] - println(symbol): null

2019-08-15 16:29:58 - [TEST_STEP][PASSED] - if (i == 2 &amp;&amp; wildList.indexOf(symbol) != -1): null

2019-08-15 16:29:58 - [TEST_STEP][PASSED] - if (i == 3 &amp;&amp; wildList.indexOf(symbol) != -1): null

2019-08-15 16:29:58 - [TEST_STEP][PASSED] - if (i == 4 &amp;&amp; wildList.indexOf(symbol) != -1): null

2019-08-15 16:29:58 - [TEST_STEP][PASSED] - symbol = symbol: null

2019-08-15 16:29:58 - [TEST_STEP][PASSED] - println(symbol): null

2019-08-15 16:29:58 - [TEST_STEP][PASSED] - if (i == 2 &amp;&amp; wildList.indexOf(symbol) != -1): null

2019-08-15 16:29:58 - [TEST_STEP][PASSED] - if (i == 3 &amp;&amp; wildList.indexOf(symbol) != -1): null

2019-08-15 16:29:58 - [TEST_STEP][PASSED] - if (i == 4 &amp;&amp; wildList.indexOf(symbol) != -1): null

2019-08-15 16:30:00 - [TEST_STEP][PASSED] - symbols = symbols: null

2019-08-15 16:30:00 - [TEST_STEP][PASSED] - for ([j = 0, j &lt; symbols.size(), (j++)]): null

2019-08-15 16:30:00 - [TEST_STEP][PASSED] - symbol = symbol: null

2019-08-15 16:30:00 - [TEST_STEP][PASSED] - println(symbol): null

2019-08-15 16:30:00 - [TEST_STEP][PASSED] - if (i == 2 &amp;&amp; wildList.indexOf(symbol) != -1): null

2019-08-15 16:30:00 - [TEST_STEP][PASSED] - if (i == 3 &amp;&amp; wildList.indexOf(symbol) != -1): null

2019-08-15 16:30:00 - [TEST_STEP][PASSED] - if (i == 4 &amp;&amp; wildList.indexOf(symbol) != -1): null

2019-08-15 16:30:00 - [TEST_STEP][PASSED] - symbol = symbol: null

2019-08-15 16:30:00 - [TEST_STEP][PASSED] - println(symbol): null

2019-08-15 16:30:00 - [TEST_STEP][PASSED] - if (i == 2 &amp;&amp; wildList.indexOf(symbol) != -1): null

2019-08-15 16:30:00 - [TEST_STEP][PASSED] - if (i == 3 &amp;&amp; wildList.indexOf(symbol) != -1): null

2019-08-15 16:30:00 - [TEST_STEP][PASSED] - if (i == 4 &amp;&amp; wildList.indexOf(symbol) != -1): null

2019-08-15 16:30:00 - [TEST_STEP][PASSED] - symbol = symbol: null

2019-08-15 16:30:00 - [TEST_STEP][PASSED] - println(symbol): null

2019-08-15 16:30:00 - [TEST_STEP][PASSED] - if (i == 2 &amp;&amp; wildList.indexOf(symbol) != -1): null

2019-08-15 16:30:00 - [TEST_STEP][PASSED] - if (i == 3 &amp;&amp; wildList.indexOf(symbol) != -1): null

2019-08-15 16:30:00 - [TEST_STEP][PASSED] - if (i == 4 &amp;&amp; wildList.indexOf(symbol) != -1): null

2019-08-15 16:30:00 - [TEST_STEP][PASSED] - free_spin_reel_counter = free_spin_reel_counter: null

2019-08-15 16:30:00 - [TEST_STEP][PASSED] - println("reel 3 wild found: " + free_spin_reel_counter[0]): null

2019-08-15 16:30:00 - [TEST_STEP][PASSED] - println("reel 4 wild found: " + free_spin_reel_counter[1]): null

2019-08-15 16:30:00 - [TEST_STEP][PASSED] - println("reel 5 wild found: " + free_spin_reel_counter[2]): null

2019-08-15 16:30:00 - [TEST_STEP][PASSED] - M4_spin_reels = M4_spin_reels: null

2019-08-15 16:30:00 - [TEST_STEP][PASSED] - M4_spin_reels_symbols = symbol: null

2019-08-15 16:30:00 - [TEST_STEP][PASSED] - M4_spin_reels_symbols = M4_spin_reels_symbols: null

2019-08-15 16:30:00 - [TEST_STEP][PASSED] - M4_spin_reel_wins = reel_wins: null

2019-08-15 16:30:00 - [TEST_STEP][PASSED] - M4_spin_reel_wins = M4_spin_reel_wins: null

2019-08-15 16:30:00 - [TEST_STEP][PASSED] - println("GlobalVariable.M4_spin_reel_wins is: " + M4_spin_reel_wins): null

2019-08-15 16:30:00 - [TEST_STEP][PASSED] - M4_spin_total_bonus_win_this_round = total_bonus_win_this_round: null

2019-08-15 16:30:00 - [TEST_STEP][PASSED] - M4_spin_total_bonus_win_this_round = M4_spin_total_bonus_win_this_round: null

2019-08-15 16:30:00 - [TEST_STEP][PASSED] - println("GlobalVariable.M4_spin_total_bonus_win_this_round is: " + M4_spin_total_bonus_win_this_round): null

2019-08-15 16:30:00 - [MESSAGE][PASSED] - Verify response successfully

2019-08-15 16:30:00 - [MESSAGE][PASSED] - Send request and verify the response successfully

2019-08-15 16:30:00 - [TEST_STEP][PASSED] - if (M4_total_bonus_spins_int != 0 &amp;&amp; M4_spin_reels_symbols[2].contains("WILD_Normal") || M4_spin_reels_symbols[3].contains("WILD_Normal") || M4_spin_reels_symbols[4].contains("WILD_Normal")): null

2019-08-15 16:30:00 - [TEST_STEP][PASSED] - free_spin_reel_counter = free_spin_reel_counter: null

2019-08-15 16:30:00 - [TEST_STEP][PASSED] - M4_spin_reels_symbols = M4_spin_reels_symbols: null

2019-08-15 16:30:00 - [TEST_STEP][PASSED] - M4_total_bonus_spins = M4_total_bonus_spins: null

2019-08-15 16:30:00 - [TEST_STEP][PASSED] - spin_result = sendRequestAndVerify(findTestObject("STG/RGS(M4)/1_M4_spin", ["M4_login_user_id":M4_login_user_id, "rgs_session_token":rgs_session_token, "partner":Partner])): Send request and verify the response successfully

2019-08-15 16:30:00 - [TEST_CASE][PASSED] - Start Test Case : Verification: Verification accomplished successfully

2019-08-15 16:30:01 - [TEST_STEP][PASSED] - request = getInstance().getCurrentRequest(): null

2019-08-15 16:30:01 - [TEST_STEP][PASSED] - response = getInstance().getCurrentResponse(): null

2019-08-15 16:30:01 - [TEST_STEP][PASSED] - verifyResponseStatusCode(response, 200): Verify response status code successfully

2019-08-15 16:30:01 - [MESSAGE][PASSED] - Verify response status code successfully

2019-08-15 16:30:01 - [TEST_STEP][PASSED] - getStatusCode()).isEqualTo(200): null

2019-08-15 16:30:01 - [TEST_STEP][PASSED] - newline = System.getProperty("line.separator"): null

2019-08-15 16:30:01 - [TEST_STEP][PASSED] - M4_spin = new groovy.json.JsonSlurper(): null

2019-08-15 16:30:01 - [TEST_STEP][PASSED] - result_M4_spin = M4_spin.parseText(response.getResponseBodyContent()): null

2019-08-15 16:30:01 - [TEST_STEP][PASSED] - M4_spin_current_balance = current_balance: null

2019-08-15 16:30:01 - [TEST_STEP][PASSED] - M4_spin_current_balance = M4_spin_current_balance: null

2019-08-15 16:30:01 - [TEST_STEP][PASSED] - M4_spin_transaction_id = causality: null

2019-08-15 16:30:01 - [TEST_STEP][PASSED] - M4_spin_transaction_id = M4_spin_transaction_id: null

2019-08-15 16:30:01 - [TEST_STEP][PASSED] - M4_spin_round_id = round_id: null

2019-08-15 16:30:01 - [TEST_STEP][PASSED] - M4_spin_round_id = M4_spin_round_id: null

2019-08-15 16:30:01 - [TEST_STEP][PASSED] - M4_spin_line_wins = line_wins: null

2019-08-15 16:30:01 - [TEST_STEP][PASSED] - M4_spin_line_wins = M4_spin_line_wins: null

2019-08-15 16:30:01 - [TEST_STEP][PASSED] - M4_total_bonus_spins_int = total_bonus_spins: null

2019-08-15 16:30:01 - [TEST_STEP][PASSED] - println("******M4_total_bonus_spins type is:*******" + newline + getClass().getName()): null

2019-08-15 16:30:01 - [TEST_STEP][PASSED] - M4_total_bonus_spins_int = M4_total_bonus_spins_int: null

2019-08-15 16:30:01 - [TEST_STEP][PASSED] - M4_total_bonus_spins = Integer.toString(M4_total_bonus_spins_int): null

2019-08-15 16:30:01 - [TEST_STEP][PASSED] - M4_total_bonus_spins = M4_total_bonus_spins: null

2019-08-15 16:30:01 - [TEST_STEP][PASSED] - println("M4_total_bonus_spins is:" + M4_total_bonus_spins): null

2019-08-15 16:30:01 - [TEST_STEP][PASSED] - M4_spin_bonus_data = bonus_data: null

2019-08-15 16:30:01 - [TEST_STEP][PASSED] - M4_spin_features_triggered = result_M4_spin: null

2019-08-15 16:30:01 - [TEST_STEP][PASSED] - wild = []: null

2019-08-15 16:30:01 - [TEST_STEP][PASSED] - wild[0] = "WILD_Expanding": null

2019-08-15 16:30:01 - [TEST_STEP][PASSED] - wild[1] = "WILD_Normal": null

2019-08-15 16:30:01 - [TEST_STEP][PASSED] - wild[2] = "WILD_Double": null

2019-08-15 16:30:01 - [TEST_STEP][PASSED] - wild[3] = "WILD_ExtraFG": null

2019-08-15 16:30:01 - [TEST_STEP][PASSED] - wild[4] = "WILD_Triple": null

2019-08-15 16:30:01 - [TEST_STEP][PASSED] - wildList = Arrays.asList(wild): null

2019-08-15 16:30:01 - [TEST_STEP][PASSED] - wildList = wildList: null

2019-08-15 16:30:01 - [TEST_STEP][PASSED] - free_spin_reel_counter = []: null

2019-08-15 16:30:01 - [TEST_STEP][PASSED] - free_spin_reel_counter[0] = 0: null

2019-08-15 16:30:01 - [TEST_STEP][PASSED] - free_spin_reel_counter[1] = 0: null

2019-08-15 16:30:01 - [TEST_STEP][PASSED] - free_spin_reel_counter[2] = 0: null

2019-08-15 16:30:01 - [TEST_STEP][PASSED] - M4_spin_reels = reels: null

2019-08-15 16:30:01 - [TEST_STEP][PASSED] - for ([i = 0, i &lt; M4_spin_reels.size(), (i++)]): null

2019-08-15 16:30:01 - [TEST_STEP][PASSED] - symbols = symbols: null

2019-08-15 16:30:01 - [TEST_STEP][PASSED] - for ([j = 0, j &lt; symbols.size(), (j++)]): null

2019-08-15 16:30:01 - [TEST_STEP][PASSED] - symbol = symbol: null

2019-08-15 16:30:01 - [TEST_STEP][PASSED] - println(symbol): null

2019-08-15 16:30:01 - [TEST_STEP][PASSED] - if (i == 2 &amp;&amp; wildList.indexOf(symbol) != -1): null

2019-08-15 16:30:01 - [TEST_STEP][PASSED] - if (i == 3 &amp;&amp; wildList.indexOf(symbol) != -1): null

2019-08-15 16:30:01 - [TEST_STEP][PASSED] - if (i == 4 &amp;&amp; wildList.indexOf(symbol) != -1): null

2019-08-15 16:30:01 - [TEST_STEP][PASSED] - symbol = symbol: null

2019-08-15 16:30:01 - [TEST_STEP][PASSED] - println(symbol): null

2019-08-15 16:30:01 - [TEST_STEP][PASSED] - if (i == 2 &amp;&amp; wildList.indexOf(symbol) != -1): null

2019-08-15 16:30:01 - [TEST_STEP][PASSED] - if (i == 3 &amp;&amp; wildList.indexOf(symbol) != -1): null

2019-08-15 16:30:01 - [TEST_STEP][PASSED] - if (i == 4 &amp;&amp; wildList.indexOf(symbol) != -1): null

2019-08-15 16:30:01 - [TEST_STEP][PASSED] - symbol = symbol: null

2019-08-15 16:30:01 - [TEST_STEP][PASSED] - println(symbol): null

2019-08-15 16:30:01 - [TEST_STEP][PASSED] - if (i == 2 &amp;&amp; wildList.indexOf(symbol) != -1): null

2019-08-15 16:30:01 - [TEST_STEP][PASSED] - if (i == 3 &amp;&amp; wildList.indexOf(symbol) != -1): null

2019-08-15 16:30:01 - [TEST_STEP][PASSED] - if (i == 4 &amp;&amp; wildList.indexOf(symbol) != -1): null

2019-08-15 16:30:01 - [TEST_STEP][PASSED] - symbols = symbols: null

2019-08-15 16:30:01 - [TEST_STEP][PASSED] - for ([j = 0, j &lt; symbols.size(), (j++)]): null

2019-08-15 16:30:01 - [TEST_STEP][PASSED] - symbol = symbol: null

2019-08-15 16:30:01 - [TEST_STEP][PASSED] - println(symbol): null

2019-08-15 16:30:01 - [TEST_STEP][PASSED] - if (i == 2 &amp;&amp; wildList.indexOf(symbol) != -1): null

2019-08-15 16:30:01 - [TEST_STEP][PASSED] - if (i == 3 &amp;&amp; wildList.indexOf(symbol) != -1): null

2019-08-15 16:30:01 - [TEST_STEP][PASSED] - if (i == 4 &amp;&amp; wildList.indexOf(symbol) != -1): null

2019-08-15 16:30:01 - [TEST_STEP][PASSED] - symbol = symbol: null

2019-08-15 16:30:01 - [TEST_STEP][PASSED] - println(symbol): null

2019-08-15 16:30:01 - [TEST_STEP][PASSED] - if (i == 2 &amp;&amp; wildList.indexOf(symbol) != -1): null

2019-08-15 16:30:01 - [TEST_STEP][PASSED] - if (i == 3 &amp;&amp; wildList.indexOf(symbol) != -1): null

2019-08-15 16:30:01 - [TEST_STEP][PASSED] - if (i == 4 &amp;&amp; wildList.indexOf(symbol) != -1): null

2019-08-15 16:30:01 - [TEST_STEP][PASSED] - symbol = symbol: null

2019-08-15 16:30:01 - [TEST_STEP][PASSED] - println(symbol): null

2019-08-15 16:30:01 - [TEST_STEP][PASSED] - if (i == 2 &amp;&amp; wildList.indexOf(symbol) != -1): null

2019-08-15 16:30:01 - [TEST_STEP][PASSED] - if (i == 3 &amp;&amp; wildList.indexOf(symbol) != -1): null

2019-08-15 16:30:01 - [TEST_STEP][PASSED] - if (i == 4 &amp;&amp; wildList.indexOf(symbol) != -1): null

2019-08-15 16:30:01 - [TEST_STEP][PASSED] - symbols = symbols: null

2019-08-15 16:30:01 - [TEST_STEP][PASSED] - for ([j = 0, j &lt; symbols.size(), (j++)]): null

2019-08-15 16:30:01 - [TEST_STEP][PASSED] - symbol = symbol: null

2019-08-15 16:30:01 - [TEST_STEP][PASSED] - println(symbol): null

2019-08-15 16:30:01 - [TEST_STEP][PASSED] - if (i == 2 &amp;&amp; wildList.indexOf(symbol) != -1): null

2019-08-15 16:30:01 - [TEST_STEP][PASSED] - println("wild found on reel 3, adding counter by 1"): null

2019-08-15 16:30:01 - [TEST_STEP][PASSED] - free_spin_reel_counter[0] = free_spin_reel_counter[0] + 1: null

2019-08-15 16:30:01 - [TEST_STEP][PASSED] - if (i == 3 &amp;&amp; wildList.indexOf(symbol) != -1): null

2019-08-15 16:30:01 - [TEST_STEP][PASSED] - if (i == 4 &amp;&amp; wildList.indexOf(symbol) != -1): null

2019-08-15 16:30:01 - [TEST_STEP][PASSED] - symbol = symbol: null

2019-08-15 16:30:01 - [TEST_STEP][PASSED] - println(symbol): null

2019-08-15 16:30:01 - [TEST_STEP][PASSED] - if (i == 2 &amp;&amp; wildList.indexOf(symbol) != -1): null

2019-08-15 16:30:01 - [TEST_STEP][PASSED] - if (i == 3 &amp;&amp; wildList.indexOf(symbol) != -1): null

2019-08-15 16:30:01 - [TEST_STEP][PASSED] - if (i == 4 &amp;&amp; wildList.indexOf(symbol) != -1): null

2019-08-15 16:30:01 - [TEST_STEP][PASSED] - symbol = symbol: null

2019-08-15 16:30:01 - [TEST_STEP][PASSED] - println(symbol): null

2019-08-15 16:30:01 - [TEST_STEP][PASSED] - if (i == 2 &amp;&amp; wildList.indexOf(symbol) != -1): null

2019-08-15 16:30:01 - [TEST_STEP][PASSED] - if (i == 3 &amp;&amp; wildList.indexOf(symbol) != -1): null

2019-08-15 16:30:01 - [TEST_STEP][PASSED] - if (i == 4 &amp;&amp; wildList.indexOf(symbol) != -1): null

2019-08-15 16:30:01 - [TEST_STEP][PASSED] - symbols = symbols: null

2019-08-15 16:30:01 - [TEST_STEP][PASSED] - for ([j = 0, j &lt; symbols.size(), (j++)]): null

2019-08-15 16:30:01 - [TEST_STEP][PASSED] - symbol = symbol: null

2019-08-15 16:30:01 - [TEST_STEP][PASSED] - println(symbol): null

2019-08-15 16:30:01 - [TEST_STEP][PASSED] - if (i == 2 &amp;&amp; wildList.indexOf(symbol) != -1): null

2019-08-15 16:30:01 - [TEST_STEP][PASSED] - if (i == 3 &amp;&amp; wildList.indexOf(symbol) != -1): null

2019-08-15 16:30:01 - [TEST_STEP][PASSED] - if (i == 4 &amp;&amp; wildList.indexOf(symbol) != -1): null

2019-08-15 16:30:01 - [TEST_STEP][PASSED] - symbol = symbol: null

2019-08-15 16:30:01 - [TEST_STEP][PASSED] - println(symbol): null

2019-08-15 16:30:01 - [TEST_STEP][PASSED] - if (i == 2 &amp;&amp; wildList.indexOf(symbol) != -1): null

2019-08-15 16:30:01 - [TEST_STEP][PASSED] - if (i == 3 &amp;&amp; wildList.indexOf(symbol) != -1): null

2019-08-15 16:30:01 - [TEST_STEP][PASSED] - if (i == 4 &amp;&amp; wildList.indexOf(symbol) != -1): null

2019-08-15 16:30:01 - [TEST_STEP][PASSED] - symbol = symbol: null

2019-08-15 16:30:01 - [TEST_STEP][PASSED] - println(symbol): null

2019-08-15 16:30:01 - [TEST_STEP][PASSED] - if (i == 2 &amp;&amp; wildList.indexOf(symbol) != -1): null

2019-08-15 16:30:01 - [TEST_STEP][PASSED] - if (i == 3 &amp;&amp; wildList.indexOf(symbol) != -1): null

2019-08-15 16:30:01 - [TEST_STEP][PASSED] - if (i == 4 &amp;&amp; wildList.indexOf(symbol) != -1): null

2019-08-15 16:30:01 - [TEST_STEP][PASSED] - symbols = symbols: null

2019-08-15 16:30:01 - [TEST_STEP][PASSED] - for ([j = 0, j &lt; symbols.size(), (j++)]): null

2019-08-15 16:30:01 - [TEST_STEP][PASSED] - symbol = symbol: null

2019-08-15 16:30:01 - [TEST_STEP][PASSED] - println(symbol): null

2019-08-15 16:30:01 - [TEST_STEP][PASSED] - if (i == 2 &amp;&amp; wildList.indexOf(symbol) != -1): null

2019-08-15 16:30:01 - [TEST_STEP][PASSED] - if (i == 3 &amp;&amp; wildList.indexOf(symbol) != -1): null

2019-08-15 16:30:01 - [TEST_STEP][PASSED] - if (i == 4 &amp;&amp; wildList.indexOf(symbol) != -1): null

2019-08-15 16:30:01 - [TEST_STEP][PASSED] - symbol = symbol: null

2019-08-15 16:30:01 - [TEST_STEP][PASSED] - println(symbol): null

2019-08-15 16:30:01 - [TEST_STEP][PASSED] - if (i == 2 &amp;&amp; wildList.indexOf(symbol) != -1): null

2019-08-15 16:30:01 - [TEST_STEP][PASSED] - if (i == 3 &amp;&amp; wildList.indexOf(symbol) != -1): null

2019-08-15 16:30:01 - [TEST_STEP][PASSED] - if (i == 4 &amp;&amp; wildList.indexOf(symbol) != -1): null

2019-08-15 16:30:01 - [TEST_STEP][PASSED] - symbol = symbol: null

2019-08-15 16:30:01 - [TEST_STEP][PASSED] - println(symbol): null

2019-08-15 16:30:01 - [TEST_STEP][PASSED] - if (i == 2 &amp;&amp; wildList.indexOf(symbol) != -1): null

2019-08-15 16:30:01 - [TEST_STEP][PASSED] - if (i == 3 &amp;&amp; wildList.indexOf(symbol) != -1): null

2019-08-15 16:30:01 - [TEST_STEP][PASSED] - if (i == 4 &amp;&amp; wildList.indexOf(symbol) != -1): null

2019-08-15 16:30:01 - [TEST_STEP][PASSED] - free_spin_reel_counter = free_spin_reel_counter: null

2019-08-15 16:30:01 - [TEST_STEP][PASSED] - println("reel 3 wild found: " + free_spin_reel_counter[0]): null

2019-08-15 16:30:01 - [TEST_STEP][PASSED] - println("reel 4 wild found: " + free_spin_reel_counter[1]): null

2019-08-15 16:30:01 - [TEST_STEP][PASSED] - println("reel 5 wild found: " + free_spin_reel_counter[2]): null

2019-08-15 16:30:01 - [TEST_STEP][PASSED] - M4_spin_reels = M4_spin_reels: null

2019-08-15 16:30:01 - [TEST_STEP][PASSED] - M4_spin_reels_symbols = symbol: null

2019-08-15 16:30:01 - [TEST_STEP][PASSED] - M4_spin_reels_symbols = M4_spin_reels_symbols: null

2019-08-15 16:30:01 - [TEST_STEP][PASSED] - M4_spin_reel_wins = reel_wins: null

2019-08-15 16:30:01 - [TEST_STEP][PASSED] - M4_spin_reel_wins = M4_spin_reel_wins: null

2019-08-15 16:30:01 - [TEST_STEP][PASSED] - println("GlobalVariable.M4_spin_reel_wins is: " + M4_spin_reel_wins): null

2019-08-15 16:30:01 - [TEST_STEP][PASSED] - M4_spin_total_bonus_win_this_round = total_bonus_win_this_round: null

2019-08-15 16:30:01 - [TEST_STEP][PASSED] - M4_spin_total_bonus_win_this_round = M4_spin_total_bonus_win_this_round: null

2019-08-15 16:30:01 - [TEST_STEP][PASSED] - println("GlobalVariable.M4_spin_total_bonus_win_this_round is: " + M4_spin_total_bonus_win_this_round): null

2019-08-15 16:30:01 - [MESSAGE][PASSED] - Verify response successfully

2019-08-15 16:30:01 - [MESSAGE][PASSED] - Send request and verify the response successfully

2019-08-15 16:30:01 - [TEST_STEP][PASSED] - if (M4_total_bonus_spins_int != 0 &amp;&amp; M4_spin_reels_symbols[2].contains("WILD_Normal") || M4_spin_reels_symbols[3].contains("WILD_Normal") || M4_spin_reels_symbols[4].contains("WILD_Normal")): null

2019-08-15 16:30:01 - [TEST_STEP][PASSED] - free_spin_reel_counter = free_spin_reel_counter: null

2019-08-15 16:30:01 - [TEST_STEP][PASSED] - M4_spin_reels_symbols = M4_spin_reels_symbols: null

2019-08-15 16:30:01 - [TEST_STEP][PASSED] - M4_total_bonus_spins = M4_total_bonus_spins: null

2019-08-15 16:30:01 - [TEST_STEP][PASSED] - spin_result = sendRequestAndVerify(findTestObject("STG/RGS(M4)/1_M4_spin", ["M4_login_user_id":M4_login_user_id, "rgs_session_token":rgs_session_token, "partner":Partner])): Send request and verify the response successfully

2019-08-15 16:30:01 - [TEST_CASE][PASSED] - Start Test Case : Verification: Verification accomplished successfully

2019-08-15 16:30:01 - [TEST_STEP][PASSED] - request = getInstance().getCurrentRequest(): null

2019-08-15 16:30:01 - [TEST_STEP][PASSED] - response = getInstance().getCurrentResponse(): null

2019-08-15 16:30:01 - [TEST_STEP][PASSED] - verifyResponseStatusCode(response, 200): Verify response status code successfully

2019-08-15 16:30:01 - [MESSAGE][PASSED] - Verify response status code successfully

2019-08-15 16:30:01 - [TEST_STEP][PASSED] - getStatusCode()).isEqualTo(200): null

2019-08-15 16:30:01 - [TEST_STEP][PASSED] - newline = System.getProperty("line.separator"): null

2019-08-15 16:30:01 - [TEST_STEP][PASSED] - M4_spin = new groovy.json.JsonSlurper(): null

2019-08-15 16:30:01 - [TEST_STEP][PASSED] - result_M4_spin = M4_spin.parseText(response.getResponseBodyContent()): null

2019-08-15 16:30:01 - [TEST_STEP][PASSED] - M4_spin_current_balance = current_balance: null

2019-08-15 16:30:01 - [TEST_STEP][PASSED] - M4_spin_current_balance = M4_spin_current_balance: null

2019-08-15 16:30:01 - [TEST_STEP][PASSED] - M4_spin_transaction_id = causality: null

2019-08-15 16:30:01 - [TEST_STEP][PASSED] - M4_spin_transaction_id = M4_spin_transaction_id: null

2019-08-15 16:30:01 - [TEST_STEP][PASSED] - M4_spin_round_id = round_id: null

2019-08-15 16:30:01 - [TEST_STEP][PASSED] - M4_spin_round_id = M4_spin_round_id: null

2019-08-15 16:30:01 - [TEST_STEP][PASSED] - M4_spin_line_wins = line_wins: null

2019-08-15 16:30:01 - [TEST_STEP][PASSED] - M4_spin_line_wins = M4_spin_line_wins: null

2019-08-15 16:30:01 - [TEST_STEP][PASSED] - M4_total_bonus_spins_int = total_bonus_spins: null

2019-08-15 16:30:01 - [TEST_STEP][PASSED] - println("******M4_total_bonus_spins type is:*******" + newline + getClass().getName()): null

2019-08-15 16:30:01 - [TEST_STEP][PASSED] - M4_total_bonus_spins_int = M4_total_bonus_spins_int: null

2019-08-15 16:30:01 - [TEST_STEP][PASSED] - M4_total_bonus_spins = Integer.toString(M4_total_bonus_spins_int): null

2019-08-15 16:30:01 - [TEST_STEP][PASSED] - M4_total_bonus_spins = M4_total_bonus_spins: null

2019-08-15 16:30:01 - [TEST_STEP][PASSED] - println("M4_total_bonus_spins is:" + M4_total_bonus_spins): null

2019-08-15 16:30:01 - [TEST_STEP][PASSED] - M4_spin_bonus_data = bonus_data: null

2019-08-15 16:30:01 - [TEST_STEP][PASSED] - M4_spin_features_triggered = result_M4_spin: null

2019-08-15 16:30:01 - [TEST_STEP][PASSED] - wild = []: null

2019-08-15 16:30:01 - [TEST_STEP][PASSED] - wild[0] = "WILD_Expanding": null

2019-08-15 16:30:01 - [TEST_STEP][PASSED] - wild[1] = "WILD_Normal": null

2019-08-15 16:30:01 - [TEST_STEP][PASSED] - wild[2] = "WILD_Double": null

2019-08-15 16:30:01 - [TEST_STEP][PASSED] - wild[3] = "WILD_ExtraFG": null

2019-08-15 16:30:01 - [TEST_STEP][PASSED] - wild[4] = "WILD_Triple": null

2019-08-15 16:30:01 - [TEST_STEP][PASSED] - wildList = Arrays.asList(wild): null

2019-08-15 16:30:01 - [TEST_STEP][PASSED] - wildList = wildList: null

2019-08-15 16:30:01 - [TEST_STEP][PASSED] - free_spin_reel_counter = []: null

2019-08-15 16:30:01 - [TEST_STEP][PASSED] - free_spin_reel_counter[0] = 0: null

2019-08-15 16:30:01 - [TEST_STEP][PASSED] - free_spin_reel_counter[1] = 0: null

2019-08-15 16:30:01 - [TEST_STEP][PASSED] - free_spin_reel_counter[2] = 0: null

2019-08-15 16:30:01 - [TEST_STEP][PASSED] - M4_spin_reels = reels: null

2019-08-15 16:30:01 - [TEST_STEP][PASSED] - for ([i = 0, i &lt; M4_spin_reels.size(), (i++)]): null

2019-08-15 16:30:01 - [TEST_STEP][PASSED] - symbols = symbols: null

2019-08-15 16:30:01 - [TEST_STEP][PASSED] - for ([j = 0, j &lt; symbols.size(), (j++)]): null

2019-08-15 16:30:01 - [TEST_STEP][PASSED] - symbol = symbol: null

2019-08-15 16:30:01 - [TEST_STEP][PASSED] - println(symbol): null

2019-08-15 16:30:01 - [TEST_STEP][PASSED] - if (i == 2 &amp;&amp; wildList.indexOf(symbol) != -1): null

2019-08-15 16:30:01 - [TEST_STEP][PASSED] - if (i == 3 &amp;&amp; wildList.indexOf(symbol) != -1): null

2019-08-15 16:30:01 - [TEST_STEP][PASSED] - if (i == 4 &amp;&amp; wildList.indexOf(symbol) != -1): null

2019-08-15 16:30:01 - [TEST_STEP][PASSED] - symbol = symbol: null

2019-08-15 16:30:01 - [TEST_STEP][PASSED] - println(symbol): null

2019-08-15 16:30:01 - [TEST_STEP][PASSED] - if (i == 2 &amp;&amp; wildList.indexOf(symbol) != -1): null

2019-08-15 16:30:01 - [TEST_STEP][PASSED] - if (i == 3 &amp;&amp; wildList.indexOf(symbol) != -1): null

2019-08-15 16:30:01 - [TEST_STEP][PASSED] - if (i == 4 &amp;&amp; wildList.indexOf(symbol) != -1): null

2019-08-15 16:30:01 - [TEST_STEP][PASSED] - symbol = symbol: null

2019-08-15 16:30:01 - [TEST_STEP][PASSED] - println(symbol): null

2019-08-15 16:30:01 - [TEST_STEP][PASSED] - if (i == 2 &amp;&amp; wildList.indexOf(symbol) != -1): null

2019-08-15 16:30:01 - [TEST_STEP][PASSED] - if (i == 3 &amp;&amp; wildList.indexOf(symbol) != -1): null

2019-08-15 16:30:01 - [TEST_STEP][PASSED] - if (i == 4 &amp;&amp; wildList.indexOf(symbol) != -1): null

2019-08-15 16:30:01 - [TEST_STEP][PASSED] - symbols = symbols: null

2019-08-15 16:30:01 - [TEST_STEP][PASSED] - for ([j = 0, j &lt; symbols.size(), (j++)]): null

2019-08-15 16:30:01 - [TEST_STEP][PASSED] - symbol = symbol: null

2019-08-15 16:30:01 - [TEST_STEP][PASSED] - println(symbol): null

2019-08-15 16:30:01 - [TEST_STEP][PASSED] - if (i == 2 &amp;&amp; wildList.indexOf(symbol) != -1): null

2019-08-15 16:30:01 - [TEST_STEP][PASSED] - if (i == 3 &amp;&amp; wildList.indexOf(symbol) != -1): null

2019-08-15 16:30:01 - [TEST_STEP][PASSED] - if (i == 4 &amp;&amp; wildList.indexOf(symbol) != -1): null

2019-08-15 16:30:01 - [TEST_STEP][PASSED] - symbol = symbol: null

2019-08-15 16:30:01 - [TEST_STEP][PASSED] - println(symbol): null

2019-08-15 16:30:01 - [TEST_STEP][PASSED] - if (i == 2 &amp;&amp; wildList.indexOf(symbol) != -1): null

2019-08-15 16:30:01 - [TEST_STEP][PASSED] - if (i == 3 &amp;&amp; wildList.indexOf(symbol) != -1): null

2019-08-15 16:30:01 - [TEST_STEP][PASSED] - if (i == 4 &amp;&amp; wildList.indexOf(symbol) != -1): null

2019-08-15 16:30:01 - [TEST_STEP][PASSED] - symbol = symbol: null

2019-08-15 16:30:01 - [TEST_STEP][PASSED] - println(symbol): null

2019-08-15 16:30:01 - [TEST_STEP][PASSED] - if (i == 2 &amp;&amp; wildList.indexOf(symbol) != -1): null

2019-08-15 16:30:01 - [TEST_STEP][PASSED] - if (i == 3 &amp;&amp; wildList.indexOf(symbol) != -1): null

2019-08-15 16:30:01 - [TEST_STEP][PASSED] - if (i == 4 &amp;&amp; wildList.indexOf(symbol) != -1): null

2019-08-15 16:30:01 - [TEST_STEP][PASSED] - symbols = symbols: null

2019-08-15 16:30:01 - [TEST_STEP][PASSED] - for ([j = 0, j &lt; symbols.size(), (j++)]): null

2019-08-15 16:30:01 - [TEST_STEP][PASSED] - symbol = symbol: null

2019-08-15 16:30:01 - [TEST_STEP][PASSED] - println(symbol): null

2019-08-15 16:30:01 - [TEST_STEP][PASSED] - if (i == 2 &amp;&amp; wildList.indexOf(symbol) != -1): null

2019-08-15 16:30:01 - [TEST_STEP][PASSED] - if (i == 3 &amp;&amp; wildList.indexOf(symbol) != -1): null

2019-08-15 16:30:01 - [TEST_STEP][PASSED] - if (i == 4 &amp;&amp; wildList.indexOf(symbol) != -1): null

2019-08-15 16:30:01 - [TEST_STEP][PASSED] - symbol = symbol: null

2019-08-15 16:30:01 - [TEST_STEP][PASSED] - println(symbol): null

2019-08-15 16:30:01 - [TEST_STEP][PASSED] - if (i == 2 &amp;&amp; wildList.indexOf(symbol) != -1): null

2019-08-15 16:30:01 - [TEST_STEP][PASSED] - if (i == 3 &amp;&amp; wildList.indexOf(symbol) != -1): null

2019-08-15 16:30:01 - [TEST_STEP][PASSED] - if (i == 4 &amp;&amp; wildList.indexOf(symbol) != -1): null

2019-08-15 16:30:01 - [TEST_STEP][PASSED] - symbol = symbol: null

2019-08-15 16:30:01 - [TEST_STEP][PASSED] - println(symbol): null

2019-08-15 16:30:01 - [TEST_STEP][PASSED] - if (i == 2 &amp;&amp; wildList.indexOf(symbol) != -1): null

2019-08-15 16:30:01 - [TEST_STEP][PASSED] - if (i == 3 &amp;&amp; wildList.indexOf(symbol) != -1): null

2019-08-15 16:30:01 - [TEST_STEP][PASSED] - if (i == 4 &amp;&amp; wildList.indexOf(symbol) != -1): null

2019-08-15 16:30:01 - [TEST_STEP][PASSED] - symbols = symbols: null

2019-08-15 16:30:01 - [TEST_STEP][PASSED] - for ([j = 0, j &lt; symbols.size(), (j++)]): null

2019-08-15 16:30:01 - [TEST_STEP][PASSED] - symbol = symbol: null

2019-08-15 16:30:01 - [TEST_STEP][PASSED] - println(symbol): null

2019-08-15 16:30:01 - [TEST_STEP][PASSED] - if (i == 2 &amp;&amp; wildList.indexOf(symbol) != -1): null

2019-08-15 16:30:01 - [TEST_STEP][PASSED] - if (i == 3 &amp;&amp; wildList.indexOf(symbol) != -1): null

2019-08-15 16:30:01 - [TEST_STEP][PASSED] - if (i == 4 &amp;&amp; wildList.indexOf(symbol) != -1): null

2019-08-15 16:30:01 - [TEST_STEP][PASSED] - symbol = symbol: null

2019-08-15 16:30:01 - [TEST_STEP][PASSED] - println(symbol): null

2019-08-15 16:30:01 - [TEST_STEP][PASSED] - if (i == 2 &amp;&amp; wildList.indexOf(symbol) != -1): null

2019-08-15 16:30:01 - [TEST_STEP][PASSED] - if (i == 3 &amp;&amp; wildList.indexOf(symbol) != -1): null

2019-08-15 16:30:01 - [TEST_STEP][PASSED] - if (i == 4 &amp;&amp; wildList.indexOf(symbol) != -1): null

2019-08-15 16:30:01 - [TEST_STEP][PASSED] - symbol = symbol: null

2019-08-15 16:30:01 - [TEST_STEP][PASSED] - println(symbol): null

2019-08-15 16:30:01 - [TEST_STEP][PASSED] - if (i == 2 &amp;&amp; wildList.indexOf(symbol) != -1): null

2019-08-15 16:30:01 - [TEST_STEP][PASSED] - if (i == 3 &amp;&amp; wildList.indexOf(symbol) != -1): null

2019-08-15 16:30:01 - [TEST_STEP][PASSED] - if (i == 4 &amp;&amp; wildList.indexOf(symbol) != -1): null

2019-08-15 16:30:01 - [TEST_STEP][PASSED] - symbols = symbols: null

2019-08-15 16:30:01 - [TEST_STEP][PASSED] - for ([j = 0, j &lt; symbols.size(), (j++)]): null

2019-08-15 16:30:01 - [TEST_STEP][PASSED] - symbol = symbol: null

2019-08-15 16:30:01 - [TEST_STEP][PASSED] - println(symbol): null

2019-08-15 16:30:01 - [TEST_STEP][PASSED] - if (i == 2 &amp;&amp; wildList.indexOf(symbol) != -1): null

2019-08-15 16:30:01 - [TEST_STEP][PASSED] - if (i == 3 &amp;&amp; wildList.indexOf(symbol) != -1): null

2019-08-15 16:30:01 - [TEST_STEP][PASSED] - if (i == 4 &amp;&amp; wildList.indexOf(symbol) != -1): null

2019-08-15 16:30:01 - [TEST_STEP][PASSED] - symbol = symbol: null

2019-08-15 16:30:01 - [TEST_STEP][PASSED] - println(symbol): null

2019-08-15 16:30:01 - [TEST_STEP][PASSED] - if (i == 2 &amp;&amp; wildList.indexOf(symbol) != -1): null

2019-08-15 16:30:01 - [TEST_STEP][PASSED] - if (i == 3 &amp;&amp; wildList.indexOf(symbol) != -1): null

2019-08-15 16:30:01 - [TEST_STEP][PASSED] - if (i == 4 &amp;&amp; wildList.indexOf(symbol) != -1): null

2019-08-15 16:30:01 - [TEST_STEP][PASSED] - symbol = symbol: null

2019-08-15 16:30:01 - [TEST_STEP][PASSED] - println(symbol): null

2019-08-15 16:30:01 - [TEST_STEP][PASSED] - if (i == 2 &amp;&amp; wildList.indexOf(symbol) != -1): null

2019-08-15 16:30:01 - [TEST_STEP][PASSED] - if (i == 3 &amp;&amp; wildList.indexOf(symbol) != -1): null

2019-08-15 16:30:01 - [TEST_STEP][PASSED] - if (i == 4 &amp;&amp; wildList.indexOf(symbol) != -1): null

2019-08-15 16:30:01 - [TEST_STEP][PASSED] - free_spin_reel_counter = free_spin_reel_counter: null

2019-08-15 16:30:01 - [TEST_STEP][PASSED] - println("reel 3 wild found: " + free_spin_reel_counter[0]): null

2019-08-15 16:30:01 - [TEST_STEP][PASSED] - println("reel 4 wild found: " + free_spin_reel_counter[1]): null

2019-08-15 16:30:01 - [TEST_STEP][PASSED] - println("reel 5 wild found: " + free_spin_reel_counter[2]): null

2019-08-15 16:30:01 - [TEST_STEP][PASSED] - M4_spin_reels = M4_spin_reels: null

2019-08-15 16:30:01 - [TEST_STEP][PASSED] - M4_spin_reels_symbols = symbol: null

2019-08-15 16:30:01 - [TEST_STEP][PASSED] - M4_spin_reels_symbols = M4_spin_reels_symbols: null

2019-08-15 16:30:01 - [TEST_STEP][PASSED] - M4_spin_reel_wins = reel_wins: null

2019-08-15 16:30:01 - [TEST_STEP][PASSED] - M4_spin_reel_wins = M4_spin_reel_wins: null

2019-08-15 16:30:01 - [TEST_STEP][PASSED] - println("GlobalVariable.M4_spin_reel_wins is: " + M4_spin_reel_wins): null

2019-08-15 16:30:01 - [TEST_STEP][PASSED] - M4_spin_total_bonus_win_this_round = total_bonus_win_this_round: null

2019-08-15 16:30:01 - [TEST_STEP][PASSED] - M4_spin_total_bonus_win_this_round = M4_spin_total_bonus_win_this_round: null

2019-08-15 16:30:01 - [TEST_STEP][PASSED] - println("GlobalVariable.M4_spin_total_bonus_win_this_round is: " + M4_spin_total_bonus_win_this_round): null

2019-08-15 16:30:01 - [MESSAGE][PASSED] - Verify response successfully

2019-08-15 16:30:06 - [MESSAGE][PASSED] - Send request and verify the response successfully

2019-08-15 16:30:06 - [TEST_STEP][PASSED] - if (M4_total_bonus_spins_int != 0 &amp;&amp; M4_spin_reels_symbols[2].contains("WILD_Normal") || M4_spin_reels_symbols[3].contains("WILD_Normal") || M4_spin_reels_symbols[4].contains("WILD_Normal")): null

2019-08-15 16:30:06 - [TEST_STEP][PASSED] - free_spin_reel_counter = free_spin_reel_counter: null

2019-08-15 16:30:06 - [TEST_STEP][PASSED] - M4_spin_reels_symbols = M4_spin_reels_symbols: null

2019-08-15 16:30:06 - [TEST_STEP][PASSED] - M4_total_bonus_spins = M4_total_bonus_spins: null

2019-08-15 16:30:06 - [TEST_STEP][PASSED] - spin_result = sendRequestAndVerify(findTestObject("STG/RGS(M4)/1_M4_spin", ["M4_login_user_id":M4_login_user_id, "rgs_session_token":rgs_session_token, "partner":Partner])): Send request and verify the response successfully

2019-08-15 16:30:07 - [TEST_CASE][PASSED] - Start Test Case : Verification: Verification accomplished successfully

2019-08-15 16:30:07 - [TEST_STEP][PASSED] - request = getInstance().getCurrentRequest(): null

2019-08-15 16:30:07 - [TEST_STEP][PASSED] - response = getInstance().getCurrentResponse(): null

2019-08-15 16:30:07 - [TEST_STEP][PASSED] - verifyResponseStatusCode(response, 200): Verify response status code successfully

2019-08-15 16:30:07 - [MESSAGE][PASSED] - Verify response status code successfully

2019-08-15 16:30:08 - [TEST_STEP][PASSED] - getStatusCode()).isEqualTo(200): null

2019-08-15 16:30:08 - [TEST_STEP][PASSED] - newline = System.getProperty("line.separator"): null

2019-08-15 16:30:08 - [TEST_STEP][PASSED] - M4_spin = new groovy.json.JsonSlurper(): null

2019-08-15 16:30:08 - [TEST_STEP][PASSED] - result_M4_spin = M4_spin.parseText(response.getResponseBodyContent()): null

2019-08-15 16:30:08 - [TEST_STEP][PASSED] - M4_spin_current_balance = current_balance: null

2019-08-15 16:30:08 - [TEST_STEP][PASSED] - M4_spin_current_balance = M4_spin_current_balance: null

2019-08-15 16:30:08 - [TEST_STEP][PASSED] - M4_spin_transaction_id = causality: null

2019-08-15 16:30:08 - [TEST_STEP][PASSED] - M4_spin_transaction_id = M4_spin_transaction_id: null

2019-08-15 16:30:08 - [TEST_STEP][PASSED] - M4_spin_round_id = round_id: null

2019-08-15 16:30:08 - [TEST_STEP][PASSED] - M4_spin_round_id = M4_spin_round_id: null

2019-08-15 16:30:08 - [TEST_STEP][PASSED] - M4_spin_line_wins = line_wins: null

2019-08-15 16:30:08 - [TEST_STEP][PASSED] - M4_spin_line_wins = M4_spin_line_wins: null

2019-08-15 16:30:08 - [TEST_STEP][PASSED] - M4_total_bonus_spins_int = total_bonus_spins: null

2019-08-15 16:30:08 - [TEST_STEP][PASSED] - println("******M4_total_bonus_spins type is:*******" + newline + getClass().getName()): null

2019-08-15 16:30:08 - [TEST_STEP][PASSED] - M4_total_bonus_spins_int = M4_total_bonus_spins_int: null

2019-08-15 16:30:08 - [TEST_STEP][PASSED] - M4_total_bonus_spins = Integer.toString(M4_total_bonus_spins_int): null

2019-08-15 16:30:08 - [TEST_STEP][PASSED] - M4_total_bonus_spins = M4_total_bonus_spins: null

2019-08-15 16:30:08 - [TEST_STEP][PASSED] - println("M4_total_bonus_spins is:" + M4_total_bonus_spins): null

2019-08-15 16:30:08 - [TEST_STEP][PASSED] - M4_spin_bonus_data = bonus_data: null

2019-08-15 16:30:08 - [TEST_STEP][PASSED] - M4_spin_features_triggered = result_M4_spin: null

2019-08-15 16:30:08 - [TEST_STEP][PASSED] - wild = []: null

2019-08-15 16:30:08 - [TEST_STEP][PASSED] - wild[0] = "WILD_Expanding": null

2019-08-15 16:30:08 - [TEST_STEP][PASSED] - wild[1] = "WILD_Normal": null

2019-08-15 16:30:08 - [TEST_STEP][PASSED] - wild[2] = "WILD_Double": null

2019-08-15 16:30:08 - [TEST_STEP][PASSED] - wild[3] = "WILD_ExtraFG": null

2019-08-15 16:30:08 - [TEST_STEP][PASSED] - wild[4] = "WILD_Triple": null

2019-08-15 16:30:08 - [TEST_STEP][PASSED] - wildList = Arrays.asList(wild): null

2019-08-15 16:30:08 - [TEST_STEP][PASSED] - wildList = wildList: null

2019-08-15 16:30:08 - [TEST_STEP][PASSED] - free_spin_reel_counter = []: null

2019-08-15 16:30:08 - [TEST_STEP][PASSED] - free_spin_reel_counter[0] = 0: null

2019-08-15 16:30:08 - [TEST_STEP][PASSED] - free_spin_reel_counter[1] = 0: null

2019-08-15 16:30:08 - [TEST_STEP][PASSED] - free_spin_reel_counter[2] = 0: null

2019-08-15 16:30:08 - [TEST_STEP][PASSED] - M4_spin_reels = reels: null

2019-08-15 16:30:08 - [TEST_STEP][PASSED] - for ([i = 0, i &lt; M4_spin_reels.size(), (i++)]): null

2019-08-15 16:30:08 - [TEST_STEP][PASSED] - symbols = symbols: null

2019-08-15 16:30:08 - [TEST_STEP][PASSED] - for ([j = 0, j &lt; symbols.size(), (j++)]): null

2019-08-15 16:30:08 - [TEST_STEP][PASSED] - symbol = symbol: null

2019-08-15 16:30:08 - [TEST_STEP][PASSED] - println(symbol): null

2019-08-15 16:30:08 - [TEST_STEP][PASSED] - if (i == 2 &amp;&amp; wildList.indexOf(symbol) != -1): null

2019-08-15 16:30:08 - [TEST_STEP][PASSED] - if (i == 3 &amp;&amp; wildList.indexOf(symbol) != -1): null

2019-08-15 16:30:08 - [TEST_STEP][PASSED] - if (i == 4 &amp;&amp; wildList.indexOf(symbol) != -1): null

2019-08-15 16:30:08 - [TEST_STEP][PASSED] - symbol = symbol: null

2019-08-15 16:30:08 - [TEST_STEP][PASSED] - println(symbol): null

2019-08-15 16:30:08 - [TEST_STEP][PASSED] - if (i == 2 &amp;&amp; wildList.indexOf(symbol) != -1): null

2019-08-15 16:30:08 - [TEST_STEP][PASSED] - if (i == 3 &amp;&amp; wildList.indexOf(symbol) != -1): null

2019-08-15 16:30:08 - [TEST_STEP][PASSED] - if (i == 4 &amp;&amp; wildList.indexOf(symbol) != -1): null

2019-08-15 16:30:08 - [TEST_STEP][PASSED] - symbol = symbol: null

2019-08-15 16:30:08 - [TEST_STEP][PASSED] - println(symbol): null

2019-08-15 16:30:08 - [TEST_STEP][PASSED] - if (i == 2 &amp;&amp; wildList.indexOf(symbol) != -1): null

2019-08-15 16:30:08 - [TEST_STEP][PASSED] - if (i == 3 &amp;&amp; wildList.indexOf(symbol) != -1): null

2019-08-15 16:30:08 - [TEST_STEP][PASSED] - if (i == 4 &amp;&amp; wildList.indexOf(symbol) != -1): null

2019-08-15 16:30:08 - [TEST_STEP][PASSED] - symbols = symbols: null

2019-08-15 16:30:08 - [TEST_STEP][PASSED] - for ([j = 0, j &lt; symbols.size(), (j++)]): null

2019-08-15 16:30:08 - [TEST_STEP][PASSED] - symbol = symbol: null

2019-08-15 16:30:08 - [TEST_STEP][PASSED] - println(symbol): null

2019-08-15 16:30:08 - [TEST_STEP][PASSED] - if (i == 2 &amp;&amp; wildList.indexOf(symbol) != -1): null

2019-08-15 16:30:08 - [TEST_STEP][PASSED] - if (i == 3 &amp;&amp; wildList.indexOf(symbol) != -1): null

2019-08-15 16:30:08 - [TEST_STEP][PASSED] - if (i == 4 &amp;&amp; wildList.indexOf(symbol) != -1): null

2019-08-15 16:30:08 - [TEST_STEP][PASSED] - symbol = symbol: null

2019-08-15 16:30:08 - [TEST_STEP][PASSED] - println(symbol): null

2019-08-15 16:30:08 - [TEST_STEP][PASSED] - if (i == 2 &amp;&amp; wildList.indexOf(symbol) != -1): null

2019-08-15 16:30:08 - [TEST_STEP][PASSED] - if (i == 3 &amp;&amp; wildList.indexOf(symbol) != -1): null

2019-08-15 16:30:08 - [TEST_STEP][PASSED] - if (i == 4 &amp;&amp; wildList.indexOf(symbol) != -1): null

2019-08-15 16:30:08 - [TEST_STEP][PASSED] - symbol = symbol: null

2019-08-15 16:30:08 - [TEST_STEP][PASSED] - println(symbol): null

2019-08-15 16:30:08 - [TEST_STEP][PASSED] - if (i == 2 &amp;&amp; wildList.indexOf(symbol) != -1): null

2019-08-15 16:30:08 - [TEST_STEP][PASSED] - if (i == 3 &amp;&amp; wildList.indexOf(symbol) != -1): null

2019-08-15 16:30:08 - [TEST_STEP][PASSED] - if (i == 4 &amp;&amp; wildList.indexOf(symbol) != -1): null

2019-08-15 16:30:08 - [TEST_STEP][PASSED] - symbols = symbols: null

2019-08-15 16:30:08 - [TEST_STEP][PASSED] - for ([j = 0, j &lt; symbols.size(), (j++)]): null

2019-08-15 16:30:08 - [TEST_STEP][PASSED] - symbol = symbol: null

2019-08-15 16:30:08 - [TEST_STEP][PASSED] - println(symbol): null

2019-08-15 16:30:08 - [TEST_STEP][PASSED] - if (i == 2 &amp;&amp; wildList.indexOf(symbol) != -1): null

2019-08-15 16:30:08 - [TEST_STEP][PASSED] - println("wild found on reel 3, adding counter by 1"): null

2019-08-15 16:30:08 - [TEST_STEP][PASSED] - free_spin_reel_counter[0] = free_spin_reel_counter[0] + 1: null

2019-08-15 16:30:08 - [TEST_STEP][PASSED] - if (i == 3 &amp;&amp; wildList.indexOf(symbol) != -1): null

2019-08-15 16:30:08 - [TEST_STEP][PASSED] - if (i == 4 &amp;&amp; wildList.indexOf(symbol) != -1): null

2019-08-15 16:30:08 - [TEST_STEP][PASSED] - symbol = symbol: null

2019-08-15 16:30:08 - [TEST_STEP][PASSED] - println(symbol): null

2019-08-15 16:30:08 - [TEST_STEP][PASSED] - if (i == 2 &amp;&amp; wildList.indexOf(symbol) != -1): null

2019-08-15 16:30:08 - [TEST_STEP][PASSED] - if (i == 3 &amp;&amp; wildList.indexOf(symbol) != -1): null

2019-08-15 16:30:08 - [TEST_STEP][PASSED] - if (i == 4 &amp;&amp; wildList.indexOf(symbol) != -1): null

2019-08-15 16:30:08 - [TEST_STEP][PASSED] - symbol = symbol: null

2019-08-15 16:30:08 - [TEST_STEP][PASSED] - println(symbol): null

2019-08-15 16:30:08 - [TEST_STEP][PASSED] - if (i == 2 &amp;&amp; wildList.indexOf(symbol) != -1): null

2019-08-15 16:30:08 - [TEST_STEP][PASSED] - if (i == 3 &amp;&amp; wildList.indexOf(symbol) != -1): null

2019-08-15 16:30:08 - [TEST_STEP][PASSED] - if (i == 4 &amp;&amp; wildList.indexOf(symbol) != -1): null

2019-08-15 16:30:08 - [TEST_STEP][PASSED] - symbols = symbols: null

2019-08-15 16:30:08 - [TEST_STEP][PASSED] - for ([j = 0, j &lt; symbols.size(), (j++)]): null

2019-08-15 16:30:08 - [TEST_STEP][PASSED] - symbol = symbol: null

2019-08-15 16:30:08 - [TEST_STEP][PASSED] - println(symbol): null

2019-08-15 16:30:08 - [TEST_STEP][PASSED] - if (i == 2 &amp;&amp; wildList.indexOf(symbol) != -1): null

2019-08-15 16:30:08 - [TEST_STEP][PASSED] - if (i == 3 &amp;&amp; wildList.indexOf(symbol) != -1): null

2019-08-15 16:30:08 - [TEST_STEP][PASSED] - if (i == 4 &amp;&amp; wildList.indexOf(symbol) != -1): null

2019-08-15 16:30:08 - [TEST_STEP][PASSED] - symbol = symbol: null

2019-08-15 16:30:08 - [TEST_STEP][PASSED] - println(symbol): null

2019-08-15 16:30:08 - [TEST_STEP][PASSED] - if (i == 2 &amp;&amp; wildList.indexOf(symbol) != -1): null

2019-08-15 16:30:08 - [TEST_STEP][PASSED] - if (i == 3 &amp;&amp; wildList.indexOf(symbol) != -1): null

2019-08-15 16:30:08 - [TEST_STEP][PASSED] - if (i == 4 &amp;&amp; wildList.indexOf(symbol) != -1): null

2019-08-15 16:30:08 - [TEST_STEP][PASSED] - symbol = symbol: null

2019-08-15 16:30:08 - [TEST_STEP][PASSED] - println(symbol): null

2019-08-15 16:30:08 - [TEST_STEP][PASSED] - if (i == 2 &amp;&amp; wildList.indexOf(symbol) != -1): null

2019-08-15 16:30:08 - [TEST_STEP][PASSED] - if (i == 3 &amp;&amp; wildList.indexOf(symbol) != -1): null

2019-08-15 16:30:08 - [TEST_STEP][PASSED] - if (i == 4 &amp;&amp; wildList.indexOf(symbol) != -1): null

2019-08-15 16:30:08 - [TEST_STEP][PASSED] - symbols = symbols: null

2019-08-15 16:30:08 - [TEST_STEP][PASSED] - for ([j = 0, j &lt; symbols.size(), (j++)]): null

2019-08-15 16:30:08 - [TEST_STEP][PASSED] - symbol = symbol: null

2019-08-15 16:30:08 - [TEST_STEP][PASSED] - println(symbol): null

2019-08-15 16:30:08 - [TEST_STEP][PASSED] - if (i == 2 &amp;&amp; wildList.indexOf(symbol) != -1): null

2019-08-15 16:30:08 - [TEST_STEP][PASSED] - if (i == 3 &amp;&amp; wildList.indexOf(symbol) != -1): null

2019-08-15 16:30:08 - [TEST_STEP][PASSED] - if (i == 4 &amp;&amp; wildList.indexOf(symbol) != -1): null

2019-08-15 16:30:08 - [TEST_STEP][PASSED] - symbol = symbol: null

2019-08-15 16:30:08 - [TEST_STEP][PASSED] - println(symbol): null

2019-08-15 16:30:08 - [TEST_STEP][PASSED] - if (i == 2 &amp;&amp; wildList.indexOf(symbol) != -1): null

2019-08-15 16:30:08 - [TEST_STEP][PASSED] - if (i == 3 &amp;&amp; wildList.indexOf(symbol) != -1): null

2019-08-15 16:30:08 - [TEST_STEP][PASSED] - if (i == 4 &amp;&amp; wildList.indexOf(symbol) != -1): null

2019-08-15 16:30:08 - [TEST_STEP][PASSED] - symbol = symbol: null

2019-08-15 16:30:08 - [TEST_STEP][PASSED] - println(symbol): null

2019-08-15 16:30:08 - [TEST_STEP][PASSED] - if (i == 2 &amp;&amp; wildList.indexOf(symbol) != -1): null

2019-08-15 16:30:08 - [TEST_STEP][PASSED] - if (i == 3 &amp;&amp; wildList.indexOf(symbol) != -1): null

2019-08-15 16:30:08 - [TEST_STEP][PASSED] - if (i == 4 &amp;&amp; wildList.indexOf(symbol) != -1): null

2019-08-15 16:30:08 - [TEST_STEP][PASSED] - free_spin_reel_counter = free_spin_reel_counter: null

2019-08-15 16:30:08 - [TEST_STEP][PASSED] - println("reel 3 wild found: " + free_spin_reel_counter[0]): null

2019-08-15 16:30:08 - [TEST_STEP][PASSED] - println("reel 4 wild found: " + free_spin_reel_counter[1]): null

2019-08-15 16:30:08 - [TEST_STEP][PASSED] - println("reel 5 wild found: " + free_spin_reel_counter[2]): null

2019-08-15 16:30:08 - [TEST_STEP][PASSED] - M4_spin_reels = M4_spin_reels: null

2019-08-15 16:30:08 - [TEST_STEP][PASSED] - M4_spin_reels_symbols = symbol: null

2019-08-15 16:30:08 - [TEST_STEP][PASSED] - M4_spin_reels_symbols = M4_spin_reels_symbols: null

2019-08-15 16:30:08 - [TEST_STEP][PASSED] - M4_spin_reel_wins = reel_wins: null

2019-08-15 16:30:08 - [TEST_STEP][PASSED] - M4_spin_reel_wins = M4_spin_reel_wins: null

2019-08-15 16:30:08 - [TEST_STEP][PASSED] - println("GlobalVariable.M4_spin_reel_wins is: " + M4_spin_reel_wins): null

2019-08-15 16:30:08 - [TEST_STEP][PASSED] - M4_spin_total_bonus_win_this_round = total_bonus_win_this_round: null

2019-08-15 16:30:08 - [TEST_STEP][PASSED] - M4_spin_total_bonus_win_this_round = M4_spin_total_bonus_win_this_round: null

2019-08-15 16:30:08 - [TEST_STEP][PASSED] - println("GlobalVariable.M4_spin_total_bonus_win_this_round is: " + M4_spin_total_bonus_win_this_round): null

2019-08-15 16:30:08 - [MESSAGE][PASSED] - Verify response successfully

2019-08-15 16:30:08 - [MESSAGE][PASSED] - Send request and verify the response successfully

2019-08-15 16:30:08 - [TEST_STEP][PASSED] - if (M4_total_bonus_spins_int != 0 &amp;&amp; M4_spin_reels_symbols[2].contains("WILD_Normal") || M4_spin_reels_symbols[3].contains("WILD_Normal") || M4_spin_reels_symbols[4].contains("WILD_Normal")): null

2019-08-15 16:30:08 - [TEST_STEP][PASSED] - free_spin_reel_counter = free_spin_reel_counter: null

2019-08-15 16:30:08 - [TEST_STEP][PASSED] - M4_spin_reels_symbols = M4_spin_reels_symbols: null

2019-08-15 16:30:08 - [TEST_STEP][PASSED] - M4_total_bonus_spins = M4_total_bonus_spins: null

2019-08-15 16:30:08 - [TEST_STEP][PASSED] - spin_result = sendRequestAndVerify(findTestObject("STG/RGS(M4)/1_M4_spin", ["M4_login_user_id":M4_login_user_id, "rgs_session_token":rgs_session_token, "partner":Partner])): Send request and verify the response successfully

2019-08-15 16:30:08 - [TEST_CASE][PASSED] - Start Test Case : Verification: Verification accomplished successfully

2019-08-15 16:30:08 - [TEST_STEP][PASSED] - request = getInstance().getCurrentRequest(): null

2019-08-15 16:30:08 - [TEST_STEP][PASSED] - response = getInstance().getCurrentResponse(): null

2019-08-15 16:30:08 - [TEST_STEP][PASSED] - verifyResponseStatusCode(response, 200): Verify response status code successfully

2019-08-15 16:30:08 - [MESSAGE][PASSED] - Verify response status code successfully

2019-08-15 16:30:08 - [TEST_STEP][PASSED] - getStatusCode()).isEqualTo(200): null

2019-08-15 16:30:08 - [TEST_STEP][PASSED] - newline = System.getProperty("line.separator"): null

2019-08-15 16:30:08 - [TEST_STEP][PASSED] - M4_spin = new groovy.json.JsonSlurper(): null

2019-08-15 16:30:08 - [TEST_STEP][PASSED] - result_M4_spin = M4_spin.parseText(response.getResponseBodyContent()): null

2019-08-15 16:30:08 - [TEST_STEP][PASSED] - M4_spin_current_balance = current_balance: null

2019-08-15 16:30:08 - [TEST_STEP][PASSED] - M4_spin_current_balance = M4_spin_current_balance: null

2019-08-15 16:30:08 - [TEST_STEP][PASSED] - M4_spin_transaction_id = causality: null

2019-08-15 16:30:08 - [TEST_STEP][PASSED] - M4_spin_transaction_id = M4_spin_transaction_id: null

2019-08-15 16:30:08 - [TEST_STEP][PASSED] - M4_spin_round_id = round_id: null

2019-08-15 16:30:08 - [TEST_STEP][PASSED] - M4_spin_round_id = M4_spin_round_id: null

2019-08-15 16:30:08 - [TEST_STEP][PASSED] - M4_spin_line_wins = line_wins: null

2019-08-15 16:30:08 - [TEST_STEP][PASSED] - M4_spin_line_wins = M4_spin_line_wins: null

2019-08-15 16:30:08 - [TEST_STEP][PASSED] - M4_total_bonus_spins_int = total_bonus_spins: null

2019-08-15 16:30:08 - [TEST_STEP][PASSED] - println("******M4_total_bonus_spins type is:*******" + newline + getClass().getName()): null

2019-08-15 16:30:08 - [TEST_STEP][PASSED] - M4_total_bonus_spins_int = M4_total_bonus_spins_int: null

2019-08-15 16:30:08 - [TEST_STEP][PASSED] - M4_total_bonus_spins = Integer.toString(M4_total_bonus_spins_int): null

2019-08-15 16:30:08 - [TEST_STEP][PASSED] - M4_total_bonus_spins = M4_total_bonus_spins: null

2019-08-15 16:30:08 - [TEST_STEP][PASSED] - println("M4_total_bonus_spins is:" + M4_total_bonus_spins): null

2019-08-15 16:30:08 - [TEST_STEP][PASSED] - M4_spin_bonus_data = bonus_data: null

2019-08-15 16:30:08 - [TEST_STEP][PASSED] - M4_spin_features_triggered = result_M4_spin: null

2019-08-15 16:30:08 - [TEST_STEP][PASSED] - wild = []: null

2019-08-15 16:30:08 - [TEST_STEP][PASSED] - wild[0] = "WILD_Expanding": null

2019-08-15 16:30:08 - [TEST_STEP][PASSED] - wild[1] = "WILD_Normal": null

2019-08-15 16:30:08 - [TEST_STEP][PASSED] - wild[2] = "WILD_Double": null

2019-08-15 16:30:08 - [TEST_STEP][PASSED] - wild[3] = "WILD_ExtraFG": null

2019-08-15 16:30:08 - [TEST_STEP][PASSED] - wild[4] = "WILD_Triple": null

2019-08-15 16:30:08 - [TEST_STEP][PASSED] - wildList = Arrays.asList(wild): null

2019-08-15 16:30:08 - [TEST_STEP][PASSED] - wildList = wildList: null

2019-08-15 16:30:08 - [TEST_STEP][PASSED] - free_spin_reel_counter = []: null

2019-08-15 16:30:08 - [TEST_STEP][PASSED] - free_spin_reel_counter[0] = 0: null

2019-08-15 16:30:08 - [TEST_STEP][PASSED] - free_spin_reel_counter[1] = 0: null

2019-08-15 16:30:08 - [TEST_STEP][PASSED] - free_spin_reel_counter[2] = 0: null

2019-08-15 16:30:08 - [TEST_STEP][PASSED] - M4_spin_reels = reels: null

2019-08-15 16:30:08 - [TEST_STEP][PASSED] - for ([i = 0, i &lt; M4_spin_reels.size(), (i++)]): null

2019-08-15 16:30:08 - [TEST_STEP][PASSED] - symbols = symbols: null

2019-08-15 16:30:08 - [TEST_STEP][PASSED] - for ([j = 0, j &lt; symbols.size(), (j++)]): null

2019-08-15 16:30:08 - [TEST_STEP][PASSED] - symbol = symbol: null

2019-08-15 16:30:08 - [TEST_STEP][PASSED] - println(symbol): null

2019-08-15 16:30:08 - [TEST_STEP][PASSED] - if (i == 2 &amp;&amp; wildList.indexOf(symbol) != -1): null

2019-08-15 16:30:08 - [TEST_STEP][PASSED] - if (i == 3 &amp;&amp; wildList.indexOf(symbol) != -1): null

2019-08-15 16:30:08 - [TEST_STEP][PASSED] - if (i == 4 &amp;&amp; wildList.indexOf(symbol) != -1): null

2019-08-15 16:30:08 - [TEST_STEP][PASSED] - symbol = symbol: null

2019-08-15 16:30:08 - [TEST_STEP][PASSED] - println(symbol): null

2019-08-15 16:30:08 - [TEST_STEP][PASSED] - if (i == 2 &amp;&amp; wildList.indexOf(symbol) != -1): null

2019-08-15 16:30:08 - [TEST_STEP][PASSED] - if (i == 3 &amp;&amp; wildList.indexOf(symbol) != -1): null

2019-08-15 16:30:08 - [TEST_STEP][PASSED] - if (i == 4 &amp;&amp; wildList.indexOf(symbol) != -1): null

2019-08-15 16:30:08 - [TEST_STEP][PASSED] - symbol = symbol: null

2019-08-15 16:30:08 - [TEST_STEP][PASSED] - println(symbol): null

2019-08-15 16:30:08 - [TEST_STEP][PASSED] - if (i == 2 &amp;&amp; wildList.indexOf(symbol) != -1): null

2019-08-15 16:30:08 - [TEST_STEP][PASSED] - if (i == 3 &amp;&amp; wildList.indexOf(symbol) != -1): null

2019-08-15 16:30:08 - [TEST_STEP][PASSED] - if (i == 4 &amp;&amp; wildList.indexOf(symbol) != -1): null

2019-08-15 16:30:08 - [TEST_STEP][PASSED] - symbols = symbols: null

2019-08-15 16:30:08 - [TEST_STEP][PASSED] - for ([j = 0, j &lt; symbols.size(), (j++)]): null

2019-08-15 16:30:08 - [TEST_STEP][PASSED] - symbol = symbol: null

2019-08-15 16:30:08 - [TEST_STEP][PASSED] - println(symbol): null

2019-08-15 16:30:08 - [TEST_STEP][PASSED] - if (i == 2 &amp;&amp; wildList.indexOf(symbol) != -1): null

2019-08-15 16:30:08 - [TEST_STEP][PASSED] - if (i == 3 &amp;&amp; wildList.indexOf(symbol) != -1): null

2019-08-15 16:30:08 - [TEST_STEP][PASSED] - if (i == 4 &amp;&amp; wildList.indexOf(symbol) != -1): null

2019-08-15 16:30:08 - [TEST_STEP][PASSED] - symbol = symbol: null

2019-08-15 16:30:08 - [TEST_STEP][PASSED] - println(symbol): null

2019-08-15 16:30:08 - [TEST_STEP][PASSED] - if (i == 2 &amp;&amp; wildList.indexOf(symbol) != -1): null

2019-08-15 16:30:08 - [TEST_STEP][PASSED] - if (i == 3 &amp;&amp; wildList.indexOf(symbol) != -1): null

2019-08-15 16:30:08 - [TEST_STEP][PASSED] - if (i == 4 &amp;&amp; wildList.indexOf(symbol) != -1): null

2019-08-15 16:30:08 - [TEST_STEP][PASSED] - symbol = symbol: null

2019-08-15 16:30:08 - [TEST_STEP][PASSED] - println(symbol): null

2019-08-15 16:30:08 - [TEST_STEP][PASSED] - if (i == 2 &amp;&amp; wildList.indexOf(symbol) != -1): null

2019-08-15 16:30:08 - [TEST_STEP][PASSED] - if (i == 3 &amp;&amp; wildList.indexOf(symbol) != -1): null

2019-08-15 16:30:08 - [TEST_STEP][PASSED] - if (i == 4 &amp;&amp; wildList.indexOf(symbol) != -1): null

2019-08-15 16:30:08 - [TEST_STEP][PASSED] - symbols = symbols: null

2019-08-15 16:30:08 - [TEST_STEP][PASSED] - for ([j = 0, j &lt; symbols.size(), (j++)]): null

2019-08-15 16:30:08 - [TEST_STEP][PASSED] - symbol = symbol: null

2019-08-15 16:30:08 - [TEST_STEP][PASSED] - println(symbol): null

2019-08-15 16:30:08 - [TEST_STEP][PASSED] - if (i == 2 &amp;&amp; wildList.indexOf(symbol) != -1): null

2019-08-15 16:30:08 - [TEST_STEP][PASSED] - if (i == 3 &amp;&amp; wildList.indexOf(symbol) != -1): null

2019-08-15 16:30:08 - [TEST_STEP][PASSED] - if (i == 4 &amp;&amp; wildList.indexOf(symbol) != -1): null

2019-08-15 16:30:08 - [TEST_STEP][PASSED] - symbol = symbol: null

2019-08-15 16:30:08 - [TEST_STEP][PASSED] - println(symbol): null

2019-08-15 16:30:08 - [TEST_STEP][PASSED] - if (i == 2 &amp;&amp; wildList.indexOf(symbol) != -1): null

2019-08-15 16:30:08 - [TEST_STEP][PASSED] - if (i == 3 &amp;&amp; wildList.indexOf(symbol) != -1): null

2019-08-15 16:30:08 - [TEST_STEP][PASSED] - if (i == 4 &amp;&amp; wildList.indexOf(symbol) != -1): null

2019-08-15 16:30:08 - [TEST_STEP][PASSED] - symbol = symbol: null

2019-08-15 16:30:08 - [TEST_STEP][PASSED] - println(symbol): null

2019-08-15 16:30:08 - [TEST_STEP][PASSED] - if (i == 2 &amp;&amp; wildList.indexOf(symbol) != -1): null

2019-08-15 16:30:08 - [TEST_STEP][PASSED] - if (i == 3 &amp;&amp; wildList.indexOf(symbol) != -1): null

2019-08-15 16:30:08 - [TEST_STEP][PASSED] - if (i == 4 &amp;&amp; wildList.indexOf(symbol) != -1): null

2019-08-15 16:30:08 - [TEST_STEP][PASSED] - symbols = symbols: null

2019-08-15 16:30:08 - [TEST_STEP][PASSED] - for ([j = 0, j &lt; symbols.size(), (j++)]): null

2019-08-15 16:30:08 - [TEST_STEP][PASSED] - symbol = symbol: null

2019-08-15 16:30:08 - [TEST_STEP][PASSED] - println(symbol): null

2019-08-15 16:30:08 - [TEST_STEP][PASSED] - if (i == 2 &amp;&amp; wildList.indexOf(symbol) != -1): null

2019-08-15 16:30:08 - [TEST_STEP][PASSED] - if (i == 3 &amp;&amp; wildList.indexOf(symbol) != -1): null

2019-08-15 16:30:08 - [TEST_STEP][PASSED] - if (i == 4 &amp;&amp; wildList.indexOf(symbol) != -1): null

2019-08-15 16:30:08 - [TEST_STEP][PASSED] - symbol = symbol: null

2019-08-15 16:30:08 - [TEST_STEP][PASSED] - println(symbol): null

2019-08-15 16:30:08 - [TEST_STEP][PASSED] - if (i == 2 &amp;&amp; wildList.indexOf(symbol) != -1): null

2019-08-15 16:30:08 - [TEST_STEP][PASSED] - if (i == 3 &amp;&amp; wildList.indexOf(symbol) != -1): null

2019-08-15 16:30:08 - [TEST_STEP][PASSED] - if (i == 4 &amp;&amp; wildList.indexOf(symbol) != -1): null

2019-08-15 16:30:08 - [TEST_STEP][PASSED] - symbol = symbol: null

2019-08-15 16:30:08 - [TEST_STEP][PASSED] - println(symbol): null

2019-08-15 16:30:08 - [TEST_STEP][PASSED] - if (i == 2 &amp;&amp; wildList.indexOf(symbol) != -1): null

2019-08-15 16:30:08 - [TEST_STEP][PASSED] - if (i == 3 &amp;&amp; wildList.indexOf(symbol) != -1): null

2019-08-15 16:30:08 - [TEST_STEP][PASSED] - if (i == 4 &amp;&amp; wildList.indexOf(symbol) != -1): null

2019-08-15 16:30:08 - [TEST_STEP][PASSED] - symbols = symbols: null

2019-08-15 16:30:08 - [TEST_STEP][PASSED] - for ([j = 0, j &lt; symbols.size(), (j++)]): null

2019-08-15 16:30:08 - [TEST_STEP][PASSED] - symbol = symbol: null

2019-08-15 16:30:08 - [TEST_STEP][PASSED] - println(symbol): null

2019-08-15 16:30:08 - [TEST_STEP][PASSED] - if (i == 2 &amp;&amp; wildList.indexOf(symbol) != -1): null

2019-08-15 16:30:08 - [TEST_STEP][PASSED] - if (i == 3 &amp;&amp; wildList.indexOf(symbol) != -1): null

2019-08-15 16:30:08 - [TEST_STEP][PASSED] - if (i == 4 &amp;&amp; wildList.indexOf(symbol) != -1): null

2019-08-15 16:30:08 - [TEST_STEP][PASSED] - symbol = symbol: null

2019-08-15 16:30:08 - [TEST_STEP][PASSED] - println(symbol): null

2019-08-15 16:30:08 - [TEST_STEP][PASSED] - if (i == 2 &amp;&amp; wildList.indexOf(symbol) != -1): null

2019-08-15 16:30:08 - [TEST_STEP][PASSED] - if (i == 3 &amp;&amp; wildList.indexOf(symbol) != -1): null

2019-08-15 16:30:08 - [TEST_STEP][PASSED] - if (i == 4 &amp;&amp; wildList.indexOf(symbol) != -1): null

2019-08-15 16:30:08 - [TEST_STEP][PASSED] - symbol = symbol: null

2019-08-15 16:30:08 - [TEST_STEP][PASSED] - println(symbol): null

2019-08-15 16:30:08 - [TEST_STEP][PASSED] - if (i == 2 &amp;&amp; wildList.indexOf(symbol) != -1): null

2019-08-15 16:30:08 - [TEST_STEP][PASSED] - if (i == 3 &amp;&amp; wildList.indexOf(symbol) != -1): null

2019-08-15 16:30:08 - [TEST_STEP][PASSED] - if (i == 4 &amp;&amp; wildList.indexOf(symbol) != -1): null

2019-08-15 16:30:08 - [TEST_STEP][PASSED] - free_spin_reel_counter = free_spin_reel_counter: null

2019-08-15 16:30:08 - [TEST_STEP][PASSED] - println("reel 3 wild found: " + free_spin_reel_counter[0]): null

2019-08-15 16:30:08 - [TEST_STEP][PASSED] - println("reel 4 wild found: " + free_spin_reel_counter[1]): null

2019-08-15 16:30:08 - [TEST_STEP][PASSED] - println("reel 5 wild found: " + free_spin_reel_counter[2]): null

2019-08-15 16:30:08 - [TEST_STEP][PASSED] - M4_spin_reels = M4_spin_reels: null

2019-08-15 16:30:08 - [TEST_STEP][PASSED] - M4_spin_reels_symbols = symbol: null

2019-08-15 16:30:08 - [TEST_STEP][PASSED] - M4_spin_reels_symbols = M4_spin_reels_symbols: null

2019-08-15 16:30:08 - [TEST_STEP][PASSED] - M4_spin_reel_wins = reel_wins: null

2019-08-15 16:30:08 - [TEST_STEP][PASSED] - M4_spin_reel_wins = M4_spin_reel_wins: null

2019-08-15 16:30:08 - [TEST_STEP][PASSED] - println("GlobalVariable.M4_spin_reel_wins is: " + M4_spin_reel_wins): null

2019-08-15 16:30:08 - [TEST_STEP][PASSED] - M4_spin_total_bonus_win_this_round = total_bonus_win_this_round: null

2019-08-15 16:30:08 - [TEST_STEP][PASSED] - M4_spin_total_bonus_win_this_round = M4_spin_total_bonus_win_this_round: null

2019-08-15 16:30:08 - [TEST_STEP][PASSED] - println("GlobalVariable.M4_spin_total_bonus_win_this_round is: " + M4_spin_total_bonus_win_this_round): null

2019-08-15 16:30:08 - [MESSAGE][PASSED] - Verify response successfully

2019-08-15 16:30:08 - [MESSAGE][PASSED] - Send request and verify the response successfully

2019-08-15 16:30:08 - [TEST_STEP][PASSED] - if (M4_total_bonus_spins_int != 0 &amp;&amp; M4_spin_reels_symbols[2].contains("WILD_Normal") || M4_spin_reels_symbols[3].contains("WILD_Normal") || M4_spin_reels_symbols[4].contains("WILD_Normal")): null

2019-08-15 16:30:08 - [TEST_STEP][PASSED] - free_spin_reel_counter = free_spin_reel_counter: null

2019-08-15 16:30:08 - [TEST_STEP][PASSED] - M4_spin_reels_symbols = M4_spin_reels_symbols: null

2019-08-15 16:30:08 - [TEST_STEP][PASSED] - M4_total_bonus_spins = M4_total_bonus_spins: null

2019-08-15 16:30:08 - [TEST_STEP][PASSED] - spin_result = sendRequestAndVerify(findTestObject("STG/RGS(M4)/1_M4_spin", ["M4_login_user_id":M4_login_user_id, "rgs_session_token":rgs_session_token, "partner":Partner])): Send request and verify the response successfully

2019-08-15 16:30:09 - [TEST_CASE][PASSED] - Start Test Case : Verification: Verification accomplished successfully

2019-08-15 16:30:09 - [TEST_STEP][PASSED] - request = getInstance().getCurrentRequest(): null

2019-08-15 16:30:09 - [TEST_STEP][PASSED] - response = getInstance().getCurrentResponse(): null

2019-08-15 16:30:09 - [TEST_STEP][PASSED] - verifyResponseStatusCode(response, 200): Verify response status code successfully

2019-08-15 16:30:09 - [MESSAGE][PASSED] - Verify response status code successfully

2019-08-15 16:30:09 - [TEST_STEP][PASSED] - getStatusCode()).isEqualTo(200): null

2019-08-15 16:30:09 - [TEST_STEP][PASSED] - newline = System.getProperty("line.separator"): null

2019-08-15 16:30:09 - [TEST_STEP][PASSED] - M4_spin = new groovy.json.JsonSlurper(): null

2019-08-15 16:30:09 - [TEST_STEP][PASSED] - result_M4_spin = M4_spin.parseText(response.getResponseBodyContent()): null

2019-08-15 16:30:09 - [TEST_STEP][PASSED] - M4_spin_current_balance = current_balance: null

2019-08-15 16:30:09 - [TEST_STEP][PASSED] - M4_spin_current_balance = M4_spin_current_balance: null

2019-08-15 16:30:09 - [TEST_STEP][PASSED] - M4_spin_transaction_id = causality: null

2019-08-15 16:30:09 - [TEST_STEP][PASSED] - M4_spin_transaction_id = M4_spin_transaction_id: null

2019-08-15 16:30:09 - [TEST_STEP][PASSED] - M4_spin_round_id = round_id: null

2019-08-15 16:30:09 - [TEST_STEP][PASSED] - M4_spin_round_id = M4_spin_round_id: null

2019-08-15 16:30:09 - [TEST_STEP][PASSED] - M4_spin_line_wins = line_wins: null

2019-08-15 16:30:09 - [TEST_STEP][PASSED] - M4_spin_line_wins = M4_spin_line_wins: null

2019-08-15 16:30:09 - [TEST_STEP][PASSED] - M4_total_bonus_spins_int = total_bonus_spins: null

2019-08-15 16:30:09 - [TEST_STEP][PASSED] - println("******M4_total_bonus_spins type is:*******" + newline + getClass().getName()): null

2019-08-15 16:30:09 - [TEST_STEP][PASSED] - M4_total_bonus_spins_int = M4_total_bonus_spins_int: null

2019-08-15 16:30:09 - [TEST_STEP][PASSED] - M4_total_bonus_spins = Integer.toString(M4_total_bonus_spins_int): null

2019-08-15 16:30:09 - [TEST_STEP][PASSED] - M4_total_bonus_spins = M4_total_bonus_spins: null

2019-08-15 16:30:09 - [TEST_STEP][PASSED] - println("M4_total_bonus_spins is:" + M4_total_bonus_spins): null

2019-08-15 16:30:09 - [TEST_STEP][PASSED] - M4_spin_bonus_data = bonus_data: null

2019-08-15 16:30:09 - [TEST_STEP][PASSED] - M4_spin_features_triggered = result_M4_spin: null

2019-08-15 16:30:09 - [TEST_STEP][PASSED] - wild = []: null

2019-08-15 16:30:09 - [TEST_STEP][PASSED] - wild[0] = "WILD_Expanding": null

2019-08-15 16:30:09 - [TEST_STEP][PASSED] - wild[1] = "WILD_Normal": null

2019-08-15 16:30:09 - [TEST_STEP][PASSED] - wild[2] = "WILD_Double": null

2019-08-15 16:30:09 - [TEST_STEP][PASSED] - wild[3] = "WILD_ExtraFG": null

2019-08-15 16:30:09 - [TEST_STEP][PASSED] - wild[4] = "WILD_Triple": null

2019-08-15 16:30:09 - [TEST_STEP][PASSED] - wildList = Arrays.asList(wild): null

2019-08-15 16:30:09 - [TEST_STEP][PASSED] - wildList = wildList: null

2019-08-15 16:30:09 - [TEST_STEP][PASSED] - free_spin_reel_counter = []: null

2019-08-15 16:30:09 - [TEST_STEP][PASSED] - free_spin_reel_counter[0] = 0: null

2019-08-15 16:30:09 - [TEST_STEP][PASSED] - free_spin_reel_counter[1] = 0: null

2019-08-15 16:30:09 - [TEST_STEP][PASSED] - free_spin_reel_counter[2] = 0: null

2019-08-15 16:30:13 - [TEST_STEP][PASSED] - M4_spin_reels = reels: null

2019-08-15 16:30:13 - [TEST_STEP][PASSED] - for ([i = 0, i &lt; M4_spin_reels.size(), (i++)]): null

2019-08-15 16:30:13 - [TEST_STEP][PASSED] - symbols = symbols: null

2019-08-15 16:30:13 - [TEST_STEP][PASSED] - for ([j = 0, j &lt; symbols.size(), (j++)]): null

2019-08-15 16:30:13 - [TEST_STEP][PASSED] - symbol = symbol: null

2019-08-15 16:30:13 - [TEST_STEP][PASSED] - println(symbol): null

2019-08-15 16:30:13 - [TEST_STEP][PASSED] - if (i == 2 &amp;&amp; wildList.indexOf(symbol) != -1): null

2019-08-15 16:30:13 - [TEST_STEP][PASSED] - if (i == 3 &amp;&amp; wildList.indexOf(symbol) != -1): null

2019-08-15 16:30:13 - [TEST_STEP][PASSED] - if (i == 4 &amp;&amp; wildList.indexOf(symbol) != -1): null

2019-08-15 16:30:13 - [TEST_STEP][PASSED] - symbol = symbol: null

2019-08-15 16:30:13 - [TEST_STEP][PASSED] - println(symbol): null

2019-08-15 16:30:13 - [TEST_STEP][PASSED] - if (i == 2 &amp;&amp; wildList.indexOf(symbol) != -1): null

2019-08-15 16:30:15 - [TEST_STEP][PASSED] - if (i == 3 &amp;&amp; wildList.indexOf(symbol) != -1): null

2019-08-15 16:30:15 - [TEST_STEP][PASSED] - if (i == 4 &amp;&amp; wildList.indexOf(symbol) != -1): null

2019-08-15 16:30:15 - [TEST_STEP][PASSED] - symbol = symbol: null

2019-08-15 16:30:15 - [TEST_STEP][PASSED] - println(symbol): null

2019-08-15 16:30:15 - [TEST_STEP][PASSED] - if (i == 2 &amp;&amp; wildList.indexOf(symbol) != -1): null

2019-08-15 16:30:15 - [TEST_STEP][PASSED] - if (i == 3 &amp;&amp; wildList.indexOf(symbol) != -1): null

2019-08-15 16:30:15 - [TEST_STEP][PASSED] - if (i == 4 &amp;&amp; wildList.indexOf(symbol) != -1): null

2019-08-15 16:30:15 - [TEST_STEP][PASSED] - symbols = symbols: null

2019-08-15 16:30:15 - [TEST_STEP][PASSED] - for ([j = 0, j &lt; symbols.size(), (j++)]): null

2019-08-15 16:30:15 - [TEST_STEP][PASSED] - symbol = symbol: null

2019-08-15 16:30:15 - [TEST_STEP][PASSED] - println(symbol): null

2019-08-15 16:30:15 - [TEST_STEP][PASSED] - if (i == 2 &amp;&amp; wildList.indexOf(symbol) != -1): null

2019-08-15 16:30:15 - [TEST_STEP][PASSED] - if (i == 3 &amp;&amp; wildList.indexOf(symbol) != -1): null

2019-08-15 16:30:15 - [TEST_STEP][PASSED] - if (i == 4 &amp;&amp; wildList.indexOf(symbol) != -1): null

2019-08-15 16:30:15 - [TEST_STEP][PASSED] - symbol = symbol: null

2019-08-15 16:30:15 - [TEST_STEP][PASSED] - println(symbol): null

2019-08-15 16:30:15 - [TEST_STEP][PASSED] - if (i == 2 &amp;&amp; wildList.indexOf(symbol) != -1): null

2019-08-15 16:30:15 - [TEST_STEP][PASSED] - if (i == 3 &amp;&amp; wildList.indexOf(symbol) != -1): null

2019-08-15 16:30:15 - [TEST_STEP][PASSED] - if (i == 4 &amp;&amp; wildList.indexOf(symbol) != -1): null

2019-08-15 16:30:15 - [TEST_STEP][PASSED] - symbol = symbol: null

2019-08-15 16:30:15 - [TEST_STEP][PASSED] - println(symbol): null

2019-08-15 16:30:15 - [TEST_STEP][PASSED] - if (i == 2 &amp;&amp; wildList.indexOf(symbol) != -1): null

2019-08-15 16:30:15 - [TEST_STEP][PASSED] - if (i == 3 &amp;&amp; wildList.indexOf(symbol) != -1): null

2019-08-15 16:30:15 - [TEST_STEP][PASSED] - if (i == 4 &amp;&amp; wildList.indexOf(symbol) != -1): null

2019-08-15 16:30:15 - [TEST_STEP][PASSED] - symbols = symbols: null

2019-08-15 16:30:15 - [TEST_STEP][PASSED] - for ([j = 0, j &lt; symbols.size(), (j++)]): null

2019-08-15 16:30:15 - [TEST_STEP][PASSED] - symbol = symbol: null

2019-08-15 16:30:15 - [TEST_STEP][PASSED] - println(symbol): null

2019-08-15 16:30:15 - [TEST_STEP][PASSED] - if (i == 2 &amp;&amp; wildList.indexOf(symbol) != -1): null

2019-08-15 16:30:15 - [TEST_STEP][PASSED] - if (i == 3 &amp;&amp; wildList.indexOf(symbol) != -1): null

2019-08-15 16:30:15 - [TEST_STEP][PASSED] - if (i == 4 &amp;&amp; wildList.indexOf(symbol) != -1): null

2019-08-15 16:30:15 - [TEST_STEP][PASSED] - symbol = symbol: null

2019-08-15 16:30:15 - [TEST_STEP][PASSED] - println(symbol): null

2019-08-15 16:30:15 - [TEST_STEP][PASSED] - if (i == 2 &amp;&amp; wildList.indexOf(symbol) != -1): null

2019-08-15 16:30:15 - [TEST_STEP][PASSED] - if (i == 3 &amp;&amp; wildList.indexOf(symbol) != -1): null

2019-08-15 16:30:15 - [TEST_STEP][PASSED] - if (i == 4 &amp;&amp; wildList.indexOf(symbol) != -1): null

2019-08-15 16:30:15 - [TEST_STEP][PASSED] - symbol = symbol: null

2019-08-15 16:30:15 - [TEST_STEP][PASSED] - println(symbol): null

2019-08-15 16:30:15 - [TEST_STEP][PASSED] - if (i == 2 &amp;&amp; wildList.indexOf(symbol) != -1): null

2019-08-15 16:30:15 - [TEST_STEP][PASSED] - if (i == 3 &amp;&amp; wildList.indexOf(symbol) != -1): null

2019-08-15 16:30:15 - [TEST_STEP][PASSED] - if (i == 4 &amp;&amp; wildList.indexOf(symbol) != -1): null

2019-08-15 16:30:15 - [TEST_STEP][PASSED] - symbols = symbols: null

2019-08-15 16:30:15 - [TEST_STEP][PASSED] - for ([j = 0, j &lt; symbols.size(), (j++)]): null

2019-08-15 16:30:15 - [TEST_STEP][PASSED] - symbol = symbol: null

2019-08-15 16:30:15 - [TEST_STEP][PASSED] - println(symbol): null

2019-08-15 16:30:15 - [TEST_STEP][PASSED] - if (i == 2 &amp;&amp; wildList.indexOf(symbol) != -1): null

2019-08-15 16:30:15 - [TEST_STEP][PASSED] - if (i == 3 &amp;&amp; wildList.indexOf(symbol) != -1): null

2019-08-15 16:30:15 - [TEST_STEP][PASSED] - if (i == 4 &amp;&amp; wildList.indexOf(symbol) != -1): null

2019-08-15 16:30:15 - [TEST_STEP][PASSED] - symbol = symbol: null

2019-08-15 16:30:15 - [TEST_STEP][PASSED] - println(symbol): null

2019-08-15 16:30:15 - [TEST_STEP][PASSED] - if (i == 2 &amp;&amp; wildList.indexOf(symbol) != -1): null

2019-08-15 16:30:15 - [TEST_STEP][PASSED] - if (i == 3 &amp;&amp; wildList.indexOf(symbol) != -1): null

2019-08-15 16:30:15 - [TEST_STEP][PASSED] - if (i == 4 &amp;&amp; wildList.indexOf(symbol) != -1): null

2019-08-15 16:30:15 - [TEST_STEP][PASSED] - symbol = symbol: null

2019-08-15 16:30:15 - [TEST_STEP][PASSED] - println(symbol): null

2019-08-15 16:30:15 - [TEST_STEP][PASSED] - if (i == 2 &amp;&amp; wildList.indexOf(symbol) != -1): null

2019-08-15 16:30:15 - [TEST_STEP][PASSED] - if (i == 3 &amp;&amp; wildList.indexOf(symbol) != -1): null

2019-08-15 16:30:15 - [TEST_STEP][PASSED] - if (i == 4 &amp;&amp; wildList.indexOf(symbol) != -1): null

2019-08-15 16:30:15 - [TEST_STEP][PASSED] - symbols = symbols: null

2019-08-15 16:30:15 - [TEST_STEP][PASSED] - for ([j = 0, j &lt; symbols.size(), (j++)]): null

2019-08-15 16:30:15 - [TEST_STEP][PASSED] - symbol = symbol: null

2019-08-15 16:30:15 - [TEST_STEP][PASSED] - println(symbol): null

2019-08-15 16:30:15 - [TEST_STEP][PASSED] - if (i == 2 &amp;&amp; wildList.indexOf(symbol) != -1): null

2019-08-15 16:30:15 - [TEST_STEP][PASSED] - if (i == 3 &amp;&amp; wildList.indexOf(symbol) != -1): null

2019-08-15 16:30:15 - [TEST_STEP][PASSED] - if (i == 4 &amp;&amp; wildList.indexOf(symbol) != -1): null

2019-08-15 16:30:15 - [TEST_STEP][PASSED] - symbol = symbol: null

2019-08-15 16:30:15 - [TEST_STEP][PASSED] - println(symbol): null

2019-08-15 16:30:15 - [TEST_STEP][PASSED] - if (i == 2 &amp;&amp; wildList.indexOf(symbol) != -1): null

2019-08-15 16:30:15 - [TEST_STEP][PASSED] - if (i == 3 &amp;&amp; wildList.indexOf(symbol) != -1): null

2019-08-15 16:30:15 - [TEST_STEP][PASSED] - if (i == 4 &amp;&amp; wildList.indexOf(symbol) != -1): null

2019-08-15 16:30:15 - [TEST_STEP][PASSED] - symbol = symbol: null

2019-08-15 16:30:15 - [TEST_STEP][PASSED] - println(symbol): null

2019-08-15 16:30:15 - [TEST_STEP][PASSED] - if (i == 2 &amp;&amp; wildList.indexOf(symbol) != -1): null

2019-08-15 16:30:15 - [TEST_STEP][PASSED] - if (i == 3 &amp;&amp; wildList.indexOf(symbol) != -1): null

2019-08-15 16:30:15 - [TEST_STEP][PASSED] - if (i == 4 &amp;&amp; wildList.indexOf(symbol) != -1): null

2019-08-15 16:30:15 - [TEST_STEP][PASSED] - free_spin_reel_counter = free_spin_reel_counter: null

2019-08-15 16:30:15 - [TEST_STEP][PASSED] - println("reel 3 wild found: " + free_spin_reel_counter[0]): null

2019-08-15 16:30:15 - [TEST_STEP][PASSED] - println("reel 4 wild found: " + free_spin_reel_counter[1]): null

2019-08-15 16:30:15 - [TEST_STEP][PASSED] - println("reel 5 wild found: " + free_spin_reel_counter[2]): null

2019-08-15 16:30:15 - [TEST_STEP][PASSED] - M4_spin_reels = M4_spin_reels: null

2019-08-15 16:30:15 - [TEST_STEP][PASSED] - M4_spin_reels_symbols = symbol: null

2019-08-15 16:30:15 - [TEST_STEP][PASSED] - M4_spin_reels_symbols = M4_spin_reels_symbols: null

2019-08-15 16:30:15 - [TEST_STEP][PASSED] - M4_spin_reel_wins = reel_wins: null

2019-08-15 16:30:15 - [TEST_STEP][PASSED] - M4_spin_reel_wins = M4_spin_reel_wins: null

2019-08-15 16:30:15 - [TEST_STEP][PASSED] - println("GlobalVariable.M4_spin_reel_wins is: " + M4_spin_reel_wins): null

2019-08-15 16:30:15 - [TEST_STEP][PASSED] - M4_spin_total_bonus_win_this_round = total_bonus_win_this_round: null

2019-08-15 16:30:15 - [TEST_STEP][PASSED] - M4_spin_total_bonus_win_this_round = M4_spin_total_bonus_win_this_round: null

2019-08-15 16:30:15 - [TEST_STEP][PASSED] - println("GlobalVariable.M4_spin_total_bonus_win_this_round is: " + M4_spin_total_bonus_win_this_round): null

2019-08-15 16:30:15 - [MESSAGE][PASSED] - Verify response successfully

2019-08-15 16:30:15 - [MESSAGE][PASSED] - Send request and verify the response successfully

2019-08-15 16:30:15 - [TEST_STEP][PASSED] - if (M4_total_bonus_spins_int != 0 &amp;&amp; M4_spin_reels_symbols[2].contains("WILD_Normal") || M4_spin_reels_symbols[3].contains("WILD_Normal") || M4_spin_reels_symbols[4].contains("WILD_Normal")): null

2019-08-15 16:30:15 - [TEST_STEP][PASSED] - free_spin_reel_counter = free_spin_reel_counter: null

2019-08-15 16:30:15 - [TEST_STEP][PASSED] - M4_spin_reels_symbols = M4_spin_reels_symbols: null

2019-08-15 16:30:15 - [TEST_STEP][PASSED] - M4_total_bonus_spins = M4_total_bonus_spins: null

2019-08-15 16:30:15 - [TEST_STEP][PASSED] - spin_result = sendRequestAndVerify(findTestObject("STG/RGS(M4)/1_M4_spin", ["M4_login_user_id":M4_login_user_id, "rgs_session_token":rgs_session_token, "partner":Partner])): Send request and verify the response successfully

2019-08-15 16:30:16 - [TEST_CASE][PASSED] - Start Test Case : Verification: Verification accomplished successfully

2019-08-15 16:30:16 - [TEST_STEP][PASSED] - request = getInstance().getCurrentRequest(): null

2019-08-15 16:30:16 - [TEST_STEP][PASSED] - response = getInstance().getCurrentResponse(): null

2019-08-15 16:30:16 - [TEST_STEP][PASSED] - verifyResponseStatusCode(response, 200): Verify response status code successfully

2019-08-15 16:30:16 - [MESSAGE][PASSED] - Verify response status code successfully

2019-08-15 16:30:16 - [TEST_STEP][PASSED] - getStatusCode()).isEqualTo(200): null

2019-08-15 16:30:16 - [TEST_STEP][PASSED] - newline = System.getProperty("line.separator"): null

2019-08-15 16:30:16 - [TEST_STEP][PASSED] - M4_spin = new groovy.json.JsonSlurper(): null

2019-08-15 16:30:16 - [TEST_STEP][PASSED] - result_M4_spin = M4_spin.parseText(response.getResponseBodyContent()): null

2019-08-15 16:30:16 - [TEST_STEP][PASSED] - M4_spin_current_balance = current_balance: null

2019-08-15 16:30:16 - [TEST_STEP][PASSED] - M4_spin_current_balance = M4_spin_current_balance: null

2019-08-15 16:30:16 - [TEST_STEP][PASSED] - M4_spin_transaction_id = causality: null

2019-08-15 16:30:16 - [TEST_STEP][PASSED] - M4_spin_transaction_id = M4_spin_transaction_id: null

2019-08-15 16:30:16 - [TEST_STEP][PASSED] - M4_spin_round_id = round_id: null

2019-08-15 16:30:16 - [TEST_STEP][PASSED] - M4_spin_round_id = M4_spin_round_id: null

2019-08-15 16:30:16 - [TEST_STEP][PASSED] - M4_spin_line_wins = line_wins: null

2019-08-15 16:30:16 - [TEST_STEP][PASSED] - M4_spin_line_wins = M4_spin_line_wins: null

2019-08-15 16:30:16 - [TEST_STEP][PASSED] - M4_total_bonus_spins_int = total_bonus_spins: null

2019-08-15 16:30:16 - [TEST_STEP][PASSED] - println("******M4_total_bonus_spins type is:*******" + newline + getClass().getName()): null

2019-08-15 16:30:16 - [TEST_STEP][PASSED] - M4_total_bonus_spins_int = M4_total_bonus_spins_int: null

2019-08-15 16:30:16 - [TEST_STEP][PASSED] - M4_total_bonus_spins = Integer.toString(M4_total_bonus_spins_int): null

2019-08-15 16:30:16 - [TEST_STEP][PASSED] - M4_total_bonus_spins = M4_total_bonus_spins: null

2019-08-15 16:30:16 - [TEST_STEP][PASSED] - println("M4_total_bonus_spins is:" + M4_total_bonus_spins): null

2019-08-15 16:30:16 - [TEST_STEP][PASSED] - M4_spin_bonus_data = bonus_data: null

2019-08-15 16:30:16 - [TEST_STEP][PASSED] - M4_spin_features_triggered = result_M4_spin: null

2019-08-15 16:30:16 - [TEST_STEP][PASSED] - wild = []: null

2019-08-15 16:30:16 - [TEST_STEP][PASSED] - wild[0] = "WILD_Expanding": null

2019-08-15 16:30:16 - [TEST_STEP][PASSED] - wild[1] = "WILD_Normal": null

2019-08-15 16:30:16 - [TEST_STEP][PASSED] - wild[2] = "WILD_Double": null

2019-08-15 16:30:16 - [TEST_STEP][PASSED] - wild[3] = "WILD_ExtraFG": null

2019-08-15 16:30:16 - [TEST_STEP][PASSED] - wild[4] = "WILD_Triple": null

2019-08-15 16:30:16 - [TEST_STEP][PASSED] - wildList = Arrays.asList(wild): null

2019-08-15 16:30:16 - [TEST_STEP][PASSED] - wildList = wildList: null

2019-08-15 16:30:16 - [TEST_STEP][PASSED] - free_spin_reel_counter = []: null

2019-08-15 16:30:16 - [TEST_STEP][PASSED] - free_spin_reel_counter[0] = 0: null

2019-08-15 16:30:16 - [TEST_STEP][PASSED] - free_spin_reel_counter[1] = 0: null

2019-08-15 16:30:16 - [TEST_STEP][PASSED] - free_spin_reel_counter[2] = 0: null

2019-08-15 16:30:16 - [TEST_STEP][PASSED] - M4_spin_reels = reels: null

2019-08-15 16:30:16 - [TEST_STEP][PASSED] - for ([i = 0, i &lt; M4_spin_reels.size(), (i++)]): null

2019-08-15 16:30:16 - [TEST_STEP][PASSED] - symbols = symbols: null

2019-08-15 16:30:16 - [TEST_STEP][PASSED] - for ([j = 0, j &lt; symbols.size(), (j++)]): null

2019-08-15 16:30:16 - [TEST_STEP][PASSED] - symbol = symbol: null

2019-08-15 16:30:16 - [TEST_STEP][PASSED] - println(symbol): null

2019-08-15 16:30:16 - [TEST_STEP][PASSED] - if (i == 2 &amp;&amp; wildList.indexOf(symbol) != -1): null

2019-08-15 16:30:16 - [TEST_STEP][PASSED] - if (i == 3 &amp;&amp; wildList.indexOf(symbol) != -1): null

2019-08-15 16:30:16 - [TEST_STEP][PASSED] - if (i == 4 &amp;&amp; wildList.indexOf(symbol) != -1): null

2019-08-15 16:30:16 - [TEST_STEP][PASSED] - symbol = symbol: null

2019-08-15 16:30:16 - [TEST_STEP][PASSED] - println(symbol): null

2019-08-15 16:30:16 - [TEST_STEP][PASSED] - if (i == 2 &amp;&amp; wildList.indexOf(symbol) != -1): null

2019-08-15 16:30:16 - [TEST_STEP][PASSED] - if (i == 3 &amp;&amp; wildList.indexOf(symbol) != -1): null

2019-08-15 16:30:16 - [TEST_STEP][PASSED] - if (i == 4 &amp;&amp; wildList.indexOf(symbol) != -1): null

2019-08-15 16:30:16 - [TEST_STEP][PASSED] - symbol = symbol: null

2019-08-15 16:30:16 - [TEST_STEP][PASSED] - println(symbol): null

2019-08-15 16:30:16 - [TEST_STEP][PASSED] - if (i == 2 &amp;&amp; wildList.indexOf(symbol) != -1): null

2019-08-15 16:30:16 - [TEST_STEP][PASSED] - if (i == 3 &amp;&amp; wildList.indexOf(symbol) != -1): null

2019-08-15 16:30:16 - [TEST_STEP][PASSED] - if (i == 4 &amp;&amp; wildList.indexOf(symbol) != -1): null

2019-08-15 16:30:16 - [TEST_STEP][PASSED] - symbols = symbols: null

2019-08-15 16:30:16 - [TEST_STEP][PASSED] - for ([j = 0, j &lt; symbols.size(), (j++)]): null

2019-08-15 16:30:16 - [TEST_STEP][PASSED] - symbol = symbol: null

2019-08-15 16:30:16 - [TEST_STEP][PASSED] - println(symbol): null

2019-08-15 16:30:16 - [TEST_STEP][PASSED] - if (i == 2 &amp;&amp; wildList.indexOf(symbol) != -1): null

2019-08-15 16:30:16 - [TEST_STEP][PASSED] - if (i == 3 &amp;&amp; wildList.indexOf(symbol) != -1): null

2019-08-15 16:30:16 - [TEST_STEP][PASSED] - if (i == 4 &amp;&amp; wildList.indexOf(symbol) != -1): null

2019-08-15 16:30:16 - [TEST_STEP][PASSED] - symbol = symbol: null

2019-08-15 16:30:16 - [TEST_STEP][PASSED] - println(symbol): null

2019-08-15 16:30:16 - [TEST_STEP][PASSED] - if (i == 2 &amp;&amp; wildList.indexOf(symbol) != -1): null

2019-08-15 16:30:16 - [TEST_STEP][PASSED] - if (i == 3 &amp;&amp; wildList.indexOf(symbol) != -1): null

2019-08-15 16:30:16 - [TEST_STEP][PASSED] - if (i == 4 &amp;&amp; wildList.indexOf(symbol) != -1): null

2019-08-15 16:30:16 - [TEST_STEP][PASSED] - symbol = symbol: null

2019-08-15 16:30:16 - [TEST_STEP][PASSED] - println(symbol): null

2019-08-15 16:30:16 - [TEST_STEP][PASSED] - if (i == 2 &amp;&amp; wildList.indexOf(symbol) != -1): null

2019-08-15 16:30:16 - [TEST_STEP][PASSED] - if (i == 3 &amp;&amp; wildList.indexOf(symbol) != -1): null

2019-08-15 16:30:16 - [TEST_STEP][PASSED] - if (i == 4 &amp;&amp; wildList.indexOf(symbol) != -1): null

2019-08-15 16:30:16 - [TEST_STEP][PASSED] - symbols = symbols: null

2019-08-15 16:30:16 - [TEST_STEP][PASSED] - for ([j = 0, j &lt; symbols.size(), (j++)]): null

2019-08-15 16:30:16 - [TEST_STEP][PASSED] - symbol = symbol: null

2019-08-15 16:30:16 - [TEST_STEP][PASSED] - println(symbol): null

2019-08-15 16:30:16 - [TEST_STEP][PASSED] - if (i == 2 &amp;&amp; wildList.indexOf(symbol) != -1): null

2019-08-15 16:30:16 - [TEST_STEP][PASSED] - if (i == 3 &amp;&amp; wildList.indexOf(symbol) != -1): null

2019-08-15 16:30:16 - [TEST_STEP][PASSED] - if (i == 4 &amp;&amp; wildList.indexOf(symbol) != -1): null

2019-08-15 16:30:16 - [TEST_STEP][PASSED] - symbol = symbol: null

2019-08-15 16:30:16 - [TEST_STEP][PASSED] - println(symbol): null

2019-08-15 16:30:16 - [TEST_STEP][PASSED] - if (i == 2 &amp;&amp; wildList.indexOf(symbol) != -1): null

2019-08-15 16:30:16 - [TEST_STEP][PASSED] - if (i == 3 &amp;&amp; wildList.indexOf(symbol) != -1): null

2019-08-15 16:30:16 - [TEST_STEP][PASSED] - if (i == 4 &amp;&amp; wildList.indexOf(symbol) != -1): null

2019-08-15 16:30:16 - [TEST_STEP][PASSED] - symbol = symbol: null

2019-08-15 16:30:16 - [TEST_STEP][PASSED] - println(symbol): null

2019-08-15 16:30:16 - [TEST_STEP][PASSED] - if (i == 2 &amp;&amp; wildList.indexOf(symbol) != -1): null

2019-08-15 16:30:16 - [TEST_STEP][PASSED] - println("wild found on reel 3, adding counter by 1"): null

2019-08-15 16:30:16 - [TEST_STEP][PASSED] - free_spin_reel_counter[0] = free_spin_reel_counter[0] + 1: null

2019-08-15 16:30:16 - [TEST_STEP][PASSED] - if (i == 3 &amp;&amp; wildList.indexOf(symbol) != -1): null

2019-08-15 16:30:16 - [TEST_STEP][PASSED] - if (i == 4 &amp;&amp; wildList.indexOf(symbol) != -1): null

2019-08-15 16:30:16 - [TEST_STEP][PASSED] - symbols = symbols: null

2019-08-15 16:30:16 - [TEST_STEP][PASSED] - for ([j = 0, j &lt; symbols.size(), (j++)]): null

2019-08-15 16:30:16 - [TEST_STEP][PASSED] - symbol = symbol: null

2019-08-15 16:30:16 - [TEST_STEP][PASSED] - println(symbol): null

2019-08-15 16:30:16 - [TEST_STEP][PASSED] - if (i == 2 &amp;&amp; wildList.indexOf(symbol) != -1): null

2019-08-15 16:30:16 - [TEST_STEP][PASSED] - if (i == 3 &amp;&amp; wildList.indexOf(symbol) != -1): null

2019-08-15 16:30:16 - [TEST_STEP][PASSED] - if (i == 4 &amp;&amp; wildList.indexOf(symbol) != -1): null

2019-08-15 16:30:16 - [TEST_STEP][PASSED] - symbol = symbol: null

2019-08-15 16:30:16 - [TEST_STEP][PASSED] - println(symbol): null

2019-08-15 16:30:16 - [TEST_STEP][PASSED] - if (i == 2 &amp;&amp; wildList.indexOf(symbol) != -1): null

2019-08-15 16:30:16 - [TEST_STEP][PASSED] - if (i == 3 &amp;&amp; wildList.indexOf(symbol) != -1): null

2019-08-15 16:30:16 - [TEST_STEP][PASSED] - if (i == 4 &amp;&amp; wildList.indexOf(symbol) != -1): null

2019-08-15 16:30:16 - [TEST_STEP][PASSED] - symbol = symbol: null

2019-08-15 16:30:16 - [TEST_STEP][PASSED] - println(symbol): null

2019-08-15 16:30:16 - [TEST_STEP][PASSED] - if (i == 2 &amp;&amp; wildList.indexOf(symbol) != -1): null

2019-08-15 16:30:16 - [TEST_STEP][PASSED] - if (i == 3 &amp;&amp; wildList.indexOf(symbol) != -1): null

2019-08-15 16:30:16 - [TEST_STEP][PASSED] - if (i == 4 &amp;&amp; wildList.indexOf(symbol) != -1): null

2019-08-15 16:30:16 - [TEST_STEP][PASSED] - symbols = symbols: null

2019-08-15 16:30:16 - [TEST_STEP][PASSED] - for ([j = 0, j &lt; symbols.size(), (j++)]): null

2019-08-15 16:30:16 - [TEST_STEP][PASSED] - symbol = symbol: null

2019-08-15 16:30:16 - [TEST_STEP][PASSED] - println(symbol): null

2019-08-15 16:30:16 - [TEST_STEP][PASSED] - if (i == 2 &amp;&amp; wildList.indexOf(symbol) != -1): null

2019-08-15 16:30:16 - [TEST_STEP][PASSED] - if (i == 3 &amp;&amp; wildList.indexOf(symbol) != -1): null

2019-08-15 16:30:16 - [TEST_STEP][PASSED] - if (i == 4 &amp;&amp; wildList.indexOf(symbol) != -1): null

2019-08-15 16:30:16 - [TEST_STEP][PASSED] - println("wild found on reel 5, adding counter by 1"): null

2019-08-15 16:30:16 - [TEST_STEP][PASSED] - free_spin_reel_counter[2] = free_spin_reel_counter[2] + 1: null

2019-08-15 16:30:16 - [TEST_STEP][PASSED] - symbol = symbol: null

2019-08-15 16:30:16 - [TEST_STEP][PASSED] - println(symbol): null

2019-08-15 16:30:16 - [TEST_STEP][PASSED] - if (i == 2 &amp;&amp; wildList.indexOf(symbol) != -1): null

2019-08-15 16:30:16 - [TEST_STEP][PASSED] - if (i == 3 &amp;&amp; wildList.indexOf(symbol) != -1): null

2019-08-15 16:30:16 - [TEST_STEP][PASSED] - if (i == 4 &amp;&amp; wildList.indexOf(symbol) != -1): null

2019-08-15 16:30:16 - [TEST_STEP][PASSED] - symbol = symbol: null

2019-08-15 16:30:16 - [TEST_STEP][PASSED] - println(symbol): null

2019-08-15 16:30:16 - [TEST_STEP][PASSED] - if (i == 2 &amp;&amp; wildList.indexOf(symbol) != -1): null

2019-08-15 16:30:16 - [TEST_STEP][PASSED] - if (i == 3 &amp;&amp; wildList.indexOf(symbol) != -1): null

2019-08-15 16:30:16 - [TEST_STEP][PASSED] - if (i == 4 &amp;&amp; wildList.indexOf(symbol) != -1): null

2019-08-15 16:30:16 - [TEST_STEP][PASSED] - free_spin_reel_counter = free_spin_reel_counter: null

2019-08-15 16:30:16 - [TEST_STEP][PASSED] - println("reel 3 wild found: " + free_spin_reel_counter[0]): null

2019-08-15 16:30:16 - [TEST_STEP][PASSED] - println("reel 4 wild found: " + free_spin_reel_counter[1]): null

2019-08-15 16:30:16 - [TEST_STEP][PASSED] - println("reel 5 wild found: " + free_spin_reel_counter[2]): null

2019-08-15 16:30:16 - [TEST_STEP][PASSED] - M4_spin_reels = M4_spin_reels: null

2019-08-15 16:30:16 - [TEST_STEP][PASSED] - M4_spin_reels_symbols = symbol: null

2019-08-15 16:30:16 - [TEST_STEP][PASSED] - M4_spin_reels_symbols = M4_spin_reels_symbols: null

2019-08-15 16:30:16 - [TEST_STEP][PASSED] - M4_spin_reel_wins = reel_wins: null

2019-08-15 16:30:16 - [TEST_STEP][PASSED] - M4_spin_reel_wins = M4_spin_reel_wins: null

2019-08-15 16:30:16 - [TEST_STEP][PASSED] - println("GlobalVariable.M4_spin_reel_wins is: " + M4_spin_reel_wins): null

2019-08-15 16:30:16 - [TEST_STEP][PASSED] - M4_spin_total_bonus_win_this_round = total_bonus_win_this_round: null

2019-08-15 16:30:16 - [TEST_STEP][PASSED] - M4_spin_total_bonus_win_this_round = M4_spin_total_bonus_win_this_round: null

2019-08-15 16:30:16 - [TEST_STEP][PASSED] - println("GlobalVariable.M4_spin_total_bonus_win_this_round is: " + M4_spin_total_bonus_win_this_round): null

2019-08-15 16:30:16 - [MESSAGE][PASSED] - Verify response successfully

2019-08-15 16:30:16 - [MESSAGE][PASSED] - Send request and verify the response successfully

2019-08-15 16:30:16 - [TEST_STEP][PASSED] - if (M4_total_bonus_spins_int != 0 &amp;&amp; M4_spin_reels_symbols[2].contains("WILD_Normal") || M4_spin_reels_symbols[3].contains("WILD_Normal") || M4_spin_reels_symbols[4].contains("WILD_Normal")): null

2019-08-15 16:30:16 - [TEST_STEP][PASSED] - free_spin_reel_counter = free_spin_reel_counter: null

2019-08-15 16:30:16 - [TEST_STEP][PASSED] - M4_spin_reels_symbols = M4_spin_reels_symbols: null

2019-08-15 16:30:16 - [TEST_STEP][PASSED] - M4_total_bonus_spins = M4_total_bonus_spins: null

2019-08-15 16:30:16 - [TEST_STEP][PASSED] - spin_result = sendRequestAndVerify(findTestObject("STG/RGS(M4)/1_M4_spin", ["M4_login_user_id":M4_login_user_id, "rgs_session_token":rgs_session_token, "partner":Partner])): Send request and verify the response successfully

2019-08-15 16:30:16 - [TEST_CASE][PASSED] - Start Test Case : Verification: Verification accomplished successfully

2019-08-15 16:30:16 - [TEST_STEP][PASSED] - request = getInstance().getCurrentRequest(): null

2019-08-15 16:30:16 - [TEST_STEP][PASSED] - response = getInstance().getCurrentResponse(): null

2019-08-15 16:30:16 - [TEST_STEP][PASSED] - verifyResponseStatusCode(response, 200): Verify response status code successfully

2019-08-15 16:30:16 - [MESSAGE][PASSED] - Verify response status code successfully

2019-08-15 16:30:16 - [TEST_STEP][PASSED] - getStatusCode()).isEqualTo(200): null

2019-08-15 16:30:16 - [TEST_STEP][PASSED] - newline = System.getProperty("line.separator"): null

2019-08-15 16:30:16 - [TEST_STEP][PASSED] - M4_spin = new groovy.json.JsonSlurper(): null

2019-08-15 16:30:16 - [TEST_STEP][PASSED] - result_M4_spin = M4_spin.parseText(response.getResponseBodyContent()): null

2019-08-15 16:30:16 - [TEST_STEP][PASSED] - M4_spin_current_balance = current_balance: null

2019-08-15 16:30:16 - [TEST_STEP][PASSED] - M4_spin_current_balance = M4_spin_current_balance: null

2019-08-15 16:30:16 - [TEST_STEP][PASSED] - M4_spin_transaction_id = causality: null

2019-08-15 16:30:16 - [TEST_STEP][PASSED] - M4_spin_transaction_id = M4_spin_transaction_id: null

2019-08-15 16:30:16 - [TEST_STEP][PASSED] - M4_spin_round_id = round_id: null

2019-08-15 16:30:16 - [TEST_STEP][PASSED] - M4_spin_round_id = M4_spin_round_id: null

2019-08-15 16:30:16 - [TEST_STEP][PASSED] - M4_spin_line_wins = line_wins: null

2019-08-15 16:30:16 - [TEST_STEP][PASSED] - M4_spin_line_wins = M4_spin_line_wins: null

2019-08-15 16:30:16 - [TEST_STEP][PASSED] - M4_total_bonus_spins_int = total_bonus_spins: null

2019-08-15 16:30:16 - [TEST_STEP][PASSED] - println("******M4_total_bonus_spins type is:*******" + newline + getClass().getName()): null

2019-08-15 16:30:16 - [TEST_STEP][PASSED] - M4_total_bonus_spins_int = M4_total_bonus_spins_int: null

2019-08-15 16:30:16 - [TEST_STEP][PASSED] - M4_total_bonus_spins = Integer.toString(M4_total_bonus_spins_int): null

2019-08-15 16:30:16 - [TEST_STEP][PASSED] - M4_total_bonus_spins = M4_total_bonus_spins: null

2019-08-15 16:30:16 - [TEST_STEP][PASSED] - println("M4_total_bonus_spins is:" + M4_total_bonus_spins): null

2019-08-15 16:30:16 - [TEST_STEP][PASSED] - M4_spin_bonus_data = bonus_data: null

2019-08-15 16:30:16 - [TEST_STEP][PASSED] - M4_spin_features_triggered = result_M4_spin: null

2019-08-15 16:30:16 - [TEST_STEP][PASSED] - wild = []: null

2019-08-15 16:30:16 - [TEST_STEP][PASSED] - wild[0] = "WILD_Expanding": null

2019-08-15 16:30:16 - [TEST_STEP][PASSED] - wild[1] = "WILD_Normal": null

2019-08-15 16:30:16 - [TEST_STEP][PASSED] - wild[2] = "WILD_Double": null

2019-08-15 16:30:16 - [TEST_STEP][PASSED] - wild[3] = "WILD_ExtraFG": null

2019-08-15 16:30:16 - [TEST_STEP][PASSED] - wild[4] = "WILD_Triple": null

2019-08-15 16:30:16 - [TEST_STEP][PASSED] - wildList = Arrays.asList(wild): null

2019-08-15 16:30:16 - [TEST_STEP][PASSED] - wildList = wildList: null

2019-08-15 16:30:16 - [TEST_STEP][PASSED] - free_spin_reel_counter = []: null

2019-08-15 16:30:16 - [TEST_STEP][PASSED] - free_spin_reel_counter[0] = 0: null

2019-08-15 16:30:16 - [TEST_STEP][PASSED] - free_spin_reel_counter[1] = 0: null

2019-08-15 16:30:16 - [TEST_STEP][PASSED] - free_spin_reel_counter[2] = 0: null

2019-08-15 16:30:16 - [TEST_STEP][PASSED] - M4_spin_reels = reels: null

2019-08-15 16:30:16 - [TEST_STEP][PASSED] - for ([i = 0, i &lt; M4_spin_reels.size(), (i++)]): null

2019-08-15 16:30:16 - [TEST_STEP][PASSED] - symbols = symbols: null

2019-08-15 16:30:16 - [TEST_STEP][PASSED] - for ([j = 0, j &lt; symbols.size(), (j++)]): null

2019-08-15 16:30:16 - [TEST_STEP][PASSED] - symbol = symbol: null

2019-08-15 16:30:16 - [TEST_STEP][PASSED] - println(symbol): null

2019-08-15 16:30:16 - [TEST_STEP][PASSED] - if (i == 2 &amp;&amp; wildList.indexOf(symbol) != -1): null

2019-08-15 16:30:16 - [TEST_STEP][PASSED] - if (i == 3 &amp;&amp; wildList.indexOf(symbol) != -1): null

2019-08-15 16:30:16 - [TEST_STEP][PASSED] - if (i == 4 &amp;&amp; wildList.indexOf(symbol) != -1): null

2019-08-15 16:30:16 - [TEST_STEP][PASSED] - symbol = symbol: null

2019-08-15 16:30:16 - [TEST_STEP][PASSED] - println(symbol): null

2019-08-15 16:30:16 - [TEST_STEP][PASSED] - if (i == 2 &amp;&amp; wildList.indexOf(symbol) != -1): null

2019-08-15 16:30:16 - [TEST_STEP][PASSED] - if (i == 3 &amp;&amp; wildList.indexOf(symbol) != -1): null

2019-08-15 16:30:16 - [TEST_STEP][PASSED] - if (i == 4 &amp;&amp; wildList.indexOf(symbol) != -1): null

2019-08-15 16:30:16 - [TEST_STEP][PASSED] - symbol = symbol: null

2019-08-15 16:30:16 - [TEST_STEP][PASSED] - println(symbol): null

2019-08-15 16:30:16 - [TEST_STEP][PASSED] - if (i == 2 &amp;&amp; wildList.indexOf(symbol) != -1): null

2019-08-15 16:30:16 - [TEST_STEP][PASSED] - if (i == 3 &amp;&amp; wildList.indexOf(symbol) != -1): null

2019-08-15 16:30:16 - [TEST_STEP][PASSED] - if (i == 4 &amp;&amp; wildList.indexOf(symbol) != -1): null

2019-08-15 16:30:16 - [TEST_STEP][PASSED] - symbols = symbols: null

2019-08-15 16:30:16 - [TEST_STEP][PASSED] - for ([j = 0, j &lt; symbols.size(), (j++)]): null

2019-08-15 16:30:16 - [TEST_STEP][PASSED] - symbol = symbol: null

2019-08-15 16:30:16 - [TEST_STEP][PASSED] - println(symbol): null

2019-08-15 16:30:16 - [TEST_STEP][PASSED] - if (i == 2 &amp;&amp; wildList.indexOf(symbol) != -1): null

2019-08-15 16:30:16 - [TEST_STEP][PASSED] - if (i == 3 &amp;&amp; wildList.indexOf(symbol) != -1): null

2019-08-15 16:30:16 - [TEST_STEP][PASSED] - if (i == 4 &amp;&amp; wildList.indexOf(symbol) != -1): null

2019-08-15 16:30:16 - [TEST_STEP][PASSED] - symbol = symbol: null

2019-08-15 16:30:16 - [TEST_STEP][PASSED] - println(symbol): null

2019-08-15 16:30:16 - [TEST_STEP][PASSED] - if (i == 2 &amp;&amp; wildList.indexOf(symbol) != -1): null

2019-08-15 16:30:16 - [TEST_STEP][PASSED] - if (i == 3 &amp;&amp; wildList.indexOf(symbol) != -1): null

2019-08-15 16:30:16 - [TEST_STEP][PASSED] - if (i == 4 &amp;&amp; wildList.indexOf(symbol) != -1): null

2019-08-15 16:30:16 - [TEST_STEP][PASSED] - symbol = symbol: null

2019-08-15 16:30:16 - [TEST_STEP][PASSED] - println(symbol): null

2019-08-15 16:30:16 - [TEST_STEP][PASSED] - if (i == 2 &amp;&amp; wildList.indexOf(symbol) != -1): null

2019-08-15 16:30:16 - [TEST_STEP][PASSED] - if (i == 3 &amp;&amp; wildList.indexOf(symbol) != -1): null

2019-08-15 16:30:16 - [TEST_STEP][PASSED] - if (i == 4 &amp;&amp; wildList.indexOf(symbol) != -1): null

2019-08-15 16:30:16 - [TEST_STEP][PASSED] - symbols = symbols: null

2019-08-15 16:30:16 - [TEST_STEP][PASSED] - for ([j = 0, j &lt; symbols.size(), (j++)]): null

2019-08-15 16:30:16 - [TEST_STEP][PASSED] - symbol = symbol: null

2019-08-15 16:30:16 - [TEST_STEP][PASSED] - println(symbol): null

2019-08-15 16:30:16 - [TEST_STEP][PASSED] - if (i == 2 &amp;&amp; wildList.indexOf(symbol) != -1): null

2019-08-15 16:30:16 - [TEST_STEP][PASSED] - if (i == 3 &amp;&amp; wildList.indexOf(symbol) != -1): null

2019-08-15 16:30:21 - [TEST_STEP][PASSED] - if (i == 4 &amp;&amp; wildList.indexOf(symbol) != -1): null

2019-08-15 16:30:21 - [TEST_STEP][PASSED] - symbol = symbol: null

2019-08-15 16:30:21 - [TEST_STEP][PASSED] - println(symbol): null

2019-08-15 16:30:21 - [TEST_STEP][PASSED] - if (i == 2 &amp;&amp; wildList.indexOf(symbol) != -1): null

2019-08-15 16:30:21 - [TEST_STEP][PASSED] - if (i == 3 &amp;&amp; wildList.indexOf(symbol) != -1): null

2019-08-15 16:30:21 - [TEST_STEP][PASSED] - if (i == 4 &amp;&amp; wildList.indexOf(symbol) != -1): null

2019-08-15 16:30:21 - [TEST_STEP][PASSED] - symbol = symbol: null

2019-08-15 16:30:21 - [TEST_STEP][PASSED] - println(symbol): null

2019-08-15 16:30:21 - [TEST_STEP][PASSED] - if (i == 2 &amp;&amp; wildList.indexOf(symbol) != -1): null

2019-08-15 16:30:21 - [TEST_STEP][PASSED] - if (i == 3 &amp;&amp; wildList.indexOf(symbol) != -1): null

2019-08-15 16:30:23 - [TEST_STEP][PASSED] - if (i == 4 &amp;&amp; wildList.indexOf(symbol) != -1): null

2019-08-15 16:30:23 - [TEST_STEP][PASSED] - symbols = symbols: null

2019-08-15 16:30:23 - [TEST_STEP][PASSED] - for ([j = 0, j &lt; symbols.size(), (j++)]): null

2019-08-15 16:30:23 - [TEST_STEP][PASSED] - symbol = symbol: null

2019-08-15 16:30:23 - [TEST_STEP][PASSED] - println(symbol): null

2019-08-15 16:30:23 - [TEST_STEP][PASSED] - if (i == 2 &amp;&amp; wildList.indexOf(symbol) != -1): null

2019-08-15 16:30:23 - [TEST_STEP][PASSED] - if (i == 3 &amp;&amp; wildList.indexOf(symbol) != -1): null

2019-08-15 16:30:23 - [TEST_STEP][PASSED] - if (i == 4 &amp;&amp; wildList.indexOf(symbol) != -1): null

2019-08-15 16:30:23 - [TEST_STEP][PASSED] - symbol = symbol: null

2019-08-15 16:30:23 - [TEST_STEP][PASSED] - println(symbol): null

2019-08-15 16:30:23 - [TEST_STEP][PASSED] - if (i == 2 &amp;&amp; wildList.indexOf(symbol) != -1): null

2019-08-15 16:30:23 - [TEST_STEP][PASSED] - if (i == 3 &amp;&amp; wildList.indexOf(symbol) != -1): null

2019-08-15 16:30:23 - [TEST_STEP][PASSED] - if (i == 4 &amp;&amp; wildList.indexOf(symbol) != -1): null

2019-08-15 16:30:23 - [TEST_STEP][PASSED] - symbol = symbol: null

2019-08-15 16:30:23 - [TEST_STEP][PASSED] - println(symbol): null

2019-08-15 16:30:23 - [TEST_STEP][PASSED] - if (i == 2 &amp;&amp; wildList.indexOf(symbol) != -1): null

2019-08-15 16:30:23 - [TEST_STEP][PASSED] - if (i == 3 &amp;&amp; wildList.indexOf(symbol) != -1): null

2019-08-15 16:30:23 - [TEST_STEP][PASSED] - if (i == 4 &amp;&amp; wildList.indexOf(symbol) != -1): null

2019-08-15 16:30:23 - [TEST_STEP][PASSED] - symbols = symbols: null

2019-08-15 16:30:23 - [TEST_STEP][PASSED] - for ([j = 0, j &lt; symbols.size(), (j++)]): null

2019-08-15 16:30:23 - [TEST_STEP][PASSED] - symbol = symbol: null

2019-08-15 16:30:23 - [TEST_STEP][PASSED] - println(symbol): null

2019-08-15 16:30:23 - [TEST_STEP][PASSED] - if (i == 2 &amp;&amp; wildList.indexOf(symbol) != -1): null

2019-08-15 16:30:23 - [TEST_STEP][PASSED] - if (i == 3 &amp;&amp; wildList.indexOf(symbol) != -1): null

2019-08-15 16:30:23 - [TEST_STEP][PASSED] - if (i == 4 &amp;&amp; wildList.indexOf(symbol) != -1): null

2019-08-15 16:30:23 - [TEST_STEP][PASSED] - symbol = symbol: null

2019-08-15 16:30:23 - [TEST_STEP][PASSED] - println(symbol): null

2019-08-15 16:30:23 - [TEST_STEP][PASSED] - if (i == 2 &amp;&amp; wildList.indexOf(symbol) != -1): null

2019-08-15 16:30:23 - [TEST_STEP][PASSED] - if (i == 3 &amp;&amp; wildList.indexOf(symbol) != -1): null

2019-08-15 16:30:23 - [TEST_STEP][PASSED] - if (i == 4 &amp;&amp; wildList.indexOf(symbol) != -1): null

2019-08-15 16:30:23 - [TEST_STEP][PASSED] - symbol = symbol: null

2019-08-15 16:30:23 - [TEST_STEP][PASSED] - println(symbol): null

2019-08-15 16:30:23 - [TEST_STEP][PASSED] - if (i == 2 &amp;&amp; wildList.indexOf(symbol) != -1): null

2019-08-15 16:30:23 - [TEST_STEP][PASSED] - if (i == 3 &amp;&amp; wildList.indexOf(symbol) != -1): null

2019-08-15 16:30:23 - [TEST_STEP][PASSED] - if (i == 4 &amp;&amp; wildList.indexOf(symbol) != -1): null

2019-08-15 16:30:23 - [TEST_STEP][PASSED] - free_spin_reel_counter = free_spin_reel_counter: null

2019-08-15 16:30:23 - [TEST_STEP][PASSED] - println("reel 3 wild found: " + free_spin_reel_counter[0]): null

2019-08-15 16:30:23 - [TEST_STEP][PASSED] - println("reel 4 wild found: " + free_spin_reel_counter[1]): null

2019-08-15 16:30:23 - [TEST_STEP][PASSED] - println("reel 5 wild found: " + free_spin_reel_counter[2]): null

2019-08-15 16:30:23 - [TEST_STEP][PASSED] - M4_spin_reels = M4_spin_reels: null

2019-08-15 16:30:23 - [TEST_STEP][PASSED] - M4_spin_reels_symbols = symbol: null

2019-08-15 16:30:23 - [TEST_STEP][PASSED] - M4_spin_reels_symbols = M4_spin_reels_symbols: null

2019-08-15 16:30:23 - [TEST_STEP][PASSED] - M4_spin_reel_wins = reel_wins: null

2019-08-15 16:30:23 - [TEST_STEP][PASSED] - M4_spin_reel_wins = M4_spin_reel_wins: null

2019-08-15 16:30:23 - [TEST_STEP][PASSED] - println("GlobalVariable.M4_spin_reel_wins is: " + M4_spin_reel_wins): null

2019-08-15 16:30:23 - [TEST_STEP][PASSED] - M4_spin_total_bonus_win_this_round = total_bonus_win_this_round: null

2019-08-15 16:30:23 - [TEST_STEP][PASSED] - M4_spin_total_bonus_win_this_round = M4_spin_total_bonus_win_this_round: null

2019-08-15 16:30:23 - [TEST_STEP][PASSED] - println("GlobalVariable.M4_spin_total_bonus_win_this_round is: " + M4_spin_total_bonus_win_this_round): null

2019-08-15 16:30:23 - [MESSAGE][PASSED] - Verify response successfully

2019-08-15 16:30:23 - [MESSAGE][PASSED] - Send request and verify the response successfully

2019-08-15 16:30:23 - [TEST_STEP][PASSED] - if (M4_total_bonus_spins_int != 0 &amp;&amp; M4_spin_reels_symbols[2].contains("WILD_Normal") || M4_spin_reels_symbols[3].contains("WILD_Normal") || M4_spin_reels_symbols[4].contains("WILD_Normal")): null

2019-08-15 16:30:23 - [TEST_STEP][PASSED] - free_spin_reel_counter = free_spin_reel_counter: null

2019-08-15 16:30:23 - [TEST_STEP][PASSED] - M4_spin_reels_symbols = M4_spin_reels_symbols: null

2019-08-15 16:30:23 - [TEST_STEP][PASSED] - M4_total_bonus_spins = M4_total_bonus_spins: null

2019-08-15 16:30:23 - [TEST_STEP][PASSED] - spin_result = sendRequestAndVerify(findTestObject("STG/RGS(M4)/1_M4_spin", ["M4_login_user_id":M4_login_user_id, "rgs_session_token":rgs_session_token, "partner":Partner])): Send request and verify the response successfully

2019-08-15 16:30:23 - [TEST_CASE][PASSED] - Start Test Case : Verification: Verification accomplished successfully

2019-08-15 16:30:23 - [TEST_STEP][PASSED] - request = getInstance().getCurrentRequest(): null

2019-08-15 16:30:23 - [TEST_STEP][PASSED] - response = getInstance().getCurrentResponse(): null

2019-08-15 16:30:23 - [TEST_STEP][PASSED] - verifyResponseStatusCode(response, 200): Verify response status code successfully

2019-08-15 16:30:23 - [MESSAGE][PASSED] - Verify response status code successfully

2019-08-15 16:30:23 - [TEST_STEP][PASSED] - getStatusCode()).isEqualTo(200): null

2019-08-15 16:30:23 - [TEST_STEP][PASSED] - newline = System.getProperty("line.separator"): null

2019-08-15 16:30:23 - [TEST_STEP][PASSED] - M4_spin = new groovy.json.JsonSlurper(): null

2019-08-15 16:30:23 - [TEST_STEP][PASSED] - result_M4_spin = M4_spin.parseText(response.getResponseBodyContent()): null

2019-08-15 16:30:23 - [TEST_STEP][PASSED] - M4_spin_current_balance = current_balance: null

2019-08-15 16:30:23 - [TEST_STEP][PASSED] - M4_spin_current_balance = M4_spin_current_balance: null

2019-08-15 16:30:23 - [TEST_STEP][PASSED] - M4_spin_transaction_id = causality: null

2019-08-15 16:30:23 - [TEST_STEP][PASSED] - M4_spin_transaction_id = M4_spin_transaction_id: null

2019-08-15 16:30:23 - [TEST_STEP][PASSED] - M4_spin_round_id = round_id: null

2019-08-15 16:30:23 - [TEST_STEP][PASSED] - M4_spin_round_id = M4_spin_round_id: null

2019-08-15 16:30:23 - [TEST_STEP][PASSED] - M4_spin_line_wins = line_wins: null

2019-08-15 16:30:23 - [TEST_STEP][PASSED] - M4_spin_line_wins = M4_spin_line_wins: null

2019-08-15 16:30:23 - [TEST_STEP][PASSED] - M4_total_bonus_spins_int = total_bonus_spins: null

2019-08-15 16:30:23 - [TEST_STEP][PASSED] - println("******M4_total_bonus_spins type is:*******" + newline + getClass().getName()): null

2019-08-15 16:30:23 - [TEST_STEP][PASSED] - M4_total_bonus_spins_int = M4_total_bonus_spins_int: null

2019-08-15 16:30:23 - [TEST_STEP][PASSED] - M4_total_bonus_spins = Integer.toString(M4_total_bonus_spins_int): null

2019-08-15 16:30:23 - [TEST_STEP][PASSED] - M4_total_bonus_spins = M4_total_bonus_spins: null

2019-08-15 16:30:23 - [TEST_STEP][PASSED] - println("M4_total_bonus_spins is:" + M4_total_bonus_spins): null

2019-08-15 16:30:23 - [TEST_STEP][PASSED] - M4_spin_bonus_data = bonus_data: null

2019-08-15 16:30:23 - [TEST_STEP][PASSED] - M4_spin_features_triggered = result_M4_spin: null

2019-08-15 16:30:23 - [TEST_STEP][PASSED] - wild = []: null

2019-08-15 16:30:23 - [TEST_STEP][PASSED] - wild[0] = "WILD_Expanding": null

2019-08-15 16:30:23 - [TEST_STEP][PASSED] - wild[1] = "WILD_Normal": null

2019-08-15 16:30:23 - [TEST_STEP][PASSED] - wild[2] = "WILD_Double": null

2019-08-15 16:30:23 - [TEST_STEP][PASSED] - wild[3] = "WILD_ExtraFG": null

2019-08-15 16:30:23 - [TEST_STEP][PASSED] - wild[4] = "WILD_Triple": null

2019-08-15 16:30:23 - [TEST_STEP][PASSED] - wildList = Arrays.asList(wild): null

2019-08-15 16:30:23 - [TEST_STEP][PASSED] - wildList = wildList: null

2019-08-15 16:30:23 - [TEST_STEP][PASSED] - free_spin_reel_counter = []: null

2019-08-15 16:30:23 - [TEST_STEP][PASSED] - free_spin_reel_counter[0] = 0: null

2019-08-15 16:30:23 - [TEST_STEP][PASSED] - free_spin_reel_counter[1] = 0: null

2019-08-15 16:30:23 - [TEST_STEP][PASSED] - free_spin_reel_counter[2] = 0: null

2019-08-15 16:30:23 - [TEST_STEP][PASSED] - M4_spin_reels = reels: null

2019-08-15 16:30:23 - [TEST_STEP][PASSED] - for ([i = 0, i &lt; M4_spin_reels.size(), (i++)]): null

2019-08-15 16:30:23 - [TEST_STEP][PASSED] - symbols = symbols: null

2019-08-15 16:30:23 - [TEST_STEP][PASSED] - for ([j = 0, j &lt; symbols.size(), (j++)]): null

2019-08-15 16:30:23 - [TEST_STEP][PASSED] - symbol = symbol: null

2019-08-15 16:30:23 - [TEST_STEP][PASSED] - println(symbol): null

2019-08-15 16:30:23 - [TEST_STEP][PASSED] - if (i == 2 &amp;&amp; wildList.indexOf(symbol) != -1): null

2019-08-15 16:30:23 - [TEST_STEP][PASSED] - if (i == 3 &amp;&amp; wildList.indexOf(symbol) != -1): null

2019-08-15 16:30:23 - [TEST_STEP][PASSED] - if (i == 4 &amp;&amp; wildList.indexOf(symbol) != -1): null

2019-08-15 16:30:23 - [TEST_STEP][PASSED] - symbol = symbol: null

2019-08-15 16:30:23 - [TEST_STEP][PASSED] - println(symbol): null

2019-08-15 16:30:23 - [TEST_STEP][PASSED] - if (i == 2 &amp;&amp; wildList.indexOf(symbol) != -1): null

2019-08-15 16:30:23 - [TEST_STEP][PASSED] - if (i == 3 &amp;&amp; wildList.indexOf(symbol) != -1): null

2019-08-15 16:30:23 - [TEST_STEP][PASSED] - if (i == 4 &amp;&amp; wildList.indexOf(symbol) != -1): null

2019-08-15 16:30:23 - [TEST_STEP][PASSED] - symbol = symbol: null

2019-08-15 16:30:23 - [TEST_STEP][PASSED] - println(symbol): null

2019-08-15 16:30:23 - [TEST_STEP][PASSED] - if (i == 2 &amp;&amp; wildList.indexOf(symbol) != -1): null

2019-08-15 16:30:23 - [TEST_STEP][PASSED] - if (i == 3 &amp;&amp; wildList.indexOf(symbol) != -1): null

2019-08-15 16:30:23 - [TEST_STEP][PASSED] - if (i == 4 &amp;&amp; wildList.indexOf(symbol) != -1): null

2019-08-15 16:30:23 - [TEST_STEP][PASSED] - symbols = symbols: null

2019-08-15 16:30:23 - [TEST_STEP][PASSED] - for ([j = 0, j &lt; symbols.size(), (j++)]): null

2019-08-15 16:30:23 - [TEST_STEP][PASSED] - symbol = symbol: null

2019-08-15 16:30:23 - [TEST_STEP][PASSED] - println(symbol): null

2019-08-15 16:30:23 - [TEST_STEP][PASSED] - if (i == 2 &amp;&amp; wildList.indexOf(symbol) != -1): null

2019-08-15 16:30:23 - [TEST_STEP][PASSED] - if (i == 3 &amp;&amp; wildList.indexOf(symbol) != -1): null

2019-08-15 16:30:23 - [TEST_STEP][PASSED] - if (i == 4 &amp;&amp; wildList.indexOf(symbol) != -1): null

2019-08-15 16:30:23 - [TEST_STEP][PASSED] - symbol = symbol: null

2019-08-15 16:30:23 - [TEST_STEP][PASSED] - println(symbol): null

2019-08-15 16:30:23 - [TEST_STEP][PASSED] - if (i == 2 &amp;&amp; wildList.indexOf(symbol) != -1): null

2019-08-15 16:30:23 - [TEST_STEP][PASSED] - if (i == 3 &amp;&amp; wildList.indexOf(symbol) != -1): null

2019-08-15 16:30:23 - [TEST_STEP][PASSED] - if (i == 4 &amp;&amp; wildList.indexOf(symbol) != -1): null

2019-08-15 16:30:23 - [TEST_STEP][PASSED] - symbol = symbol: null

2019-08-15 16:30:23 - [TEST_STEP][PASSED] - println(symbol): null

2019-08-15 16:30:23 - [TEST_STEP][PASSED] - if (i == 2 &amp;&amp; wildList.indexOf(symbol) != -1): null

2019-08-15 16:30:23 - [TEST_STEP][PASSED] - if (i == 3 &amp;&amp; wildList.indexOf(symbol) != -1): null

2019-08-15 16:30:23 - [TEST_STEP][PASSED] - if (i == 4 &amp;&amp; wildList.indexOf(symbol) != -1): null

2019-08-15 16:30:23 - [TEST_STEP][PASSED] - symbols = symbols: null

2019-08-15 16:30:23 - [TEST_STEP][PASSED] - for ([j = 0, j &lt; symbols.size(), (j++)]): null

2019-08-15 16:30:23 - [TEST_STEP][PASSED] - symbol = symbol: null

2019-08-15 16:30:23 - [TEST_STEP][PASSED] - println(symbol): null

2019-08-15 16:30:23 - [TEST_STEP][PASSED] - if (i == 2 &amp;&amp; wildList.indexOf(symbol) != -1): null

2019-08-15 16:30:23 - [TEST_STEP][PASSED] - if (i == 3 &amp;&amp; wildList.indexOf(symbol) != -1): null

2019-08-15 16:30:23 - [TEST_STEP][PASSED] - if (i == 4 &amp;&amp; wildList.indexOf(symbol) != -1): null

2019-08-15 16:30:23 - [TEST_STEP][PASSED] - symbol = symbol: null

2019-08-15 16:30:23 - [TEST_STEP][PASSED] - println(symbol): null

2019-08-15 16:30:23 - [TEST_STEP][PASSED] - if (i == 2 &amp;&amp; wildList.indexOf(symbol) != -1): null

2019-08-15 16:30:23 - [TEST_STEP][PASSED] - if (i == 3 &amp;&amp; wildList.indexOf(symbol) != -1): null

2019-08-15 16:30:23 - [TEST_STEP][PASSED] - if (i == 4 &amp;&amp; wildList.indexOf(symbol) != -1): null

2019-08-15 16:30:23 - [TEST_STEP][PASSED] - symbol = symbol: null

2019-08-15 16:30:23 - [TEST_STEP][PASSED] - println(symbol): null

2019-08-15 16:30:23 - [TEST_STEP][PASSED] - if (i == 2 &amp;&amp; wildList.indexOf(symbol) != -1): null

2019-08-15 16:30:23 - [TEST_STEP][PASSED] - if (i == 3 &amp;&amp; wildList.indexOf(symbol) != -1): null

2019-08-15 16:30:23 - [TEST_STEP][PASSED] - if (i == 4 &amp;&amp; wildList.indexOf(symbol) != -1): null

2019-08-15 16:30:23 - [TEST_STEP][PASSED] - symbols = symbols: null

2019-08-15 16:30:23 - [TEST_STEP][PASSED] - for ([j = 0, j &lt; symbols.size(), (j++)]): null

2019-08-15 16:30:23 - [TEST_STEP][PASSED] - symbol = symbol: null

2019-08-15 16:30:23 - [TEST_STEP][PASSED] - println(symbol): null

2019-08-15 16:30:23 - [TEST_STEP][PASSED] - if (i == 2 &amp;&amp; wildList.indexOf(symbol) != -1): null

2019-08-15 16:30:23 - [TEST_STEP][PASSED] - if (i == 3 &amp;&amp; wildList.indexOf(symbol) != -1): null

2019-08-15 16:30:23 - [TEST_STEP][PASSED] - if (i == 4 &amp;&amp; wildList.indexOf(symbol) != -1): null

2019-08-15 16:30:23 - [TEST_STEP][PASSED] - symbol = symbol: null

2019-08-15 16:30:23 - [TEST_STEP][PASSED] - println(symbol): null

2019-08-15 16:30:23 - [TEST_STEP][PASSED] - if (i == 2 &amp;&amp; wildList.indexOf(symbol) != -1): null

2019-08-15 16:30:23 - [TEST_STEP][PASSED] - if (i == 3 &amp;&amp; wildList.indexOf(symbol) != -1): null

2019-08-15 16:30:23 - [TEST_STEP][PASSED] - if (i == 4 &amp;&amp; wildList.indexOf(symbol) != -1): null

2019-08-15 16:30:23 - [TEST_STEP][PASSED] - symbol = symbol: null

2019-08-15 16:30:23 - [TEST_STEP][PASSED] - println(symbol): null

2019-08-15 16:30:23 - [TEST_STEP][PASSED] - if (i == 2 &amp;&amp; wildList.indexOf(symbol) != -1): null

2019-08-15 16:30:23 - [TEST_STEP][PASSED] - if (i == 3 &amp;&amp; wildList.indexOf(symbol) != -1): null

2019-08-15 16:30:23 - [TEST_STEP][PASSED] - if (i == 4 &amp;&amp; wildList.indexOf(symbol) != -1): null

2019-08-15 16:30:23 - [TEST_STEP][PASSED] - symbols = symbols: null

2019-08-15 16:30:23 - [TEST_STEP][PASSED] - for ([j = 0, j &lt; symbols.size(), (j++)]): null

2019-08-15 16:30:23 - [TEST_STEP][PASSED] - symbol = symbol: null

2019-08-15 16:30:23 - [TEST_STEP][PASSED] - println(symbol): null

2019-08-15 16:30:23 - [TEST_STEP][PASSED] - if (i == 2 &amp;&amp; wildList.indexOf(symbol) != -1): null

2019-08-15 16:30:23 - [TEST_STEP][PASSED] - if (i == 3 &amp;&amp; wildList.indexOf(symbol) != -1): null

2019-08-15 16:30:23 - [TEST_STEP][PASSED] - if (i == 4 &amp;&amp; wildList.indexOf(symbol) != -1): null

2019-08-15 16:30:23 - [TEST_STEP][PASSED] - symbol = symbol: null

2019-08-15 16:30:23 - [TEST_STEP][PASSED] - println(symbol): null

2019-08-15 16:30:23 - [TEST_STEP][PASSED] - if (i == 2 &amp;&amp; wildList.indexOf(symbol) != -1): null

2019-08-15 16:30:23 - [TEST_STEP][PASSED] - if (i == 3 &amp;&amp; wildList.indexOf(symbol) != -1): null

2019-08-15 16:30:23 - [TEST_STEP][PASSED] - if (i == 4 &amp;&amp; wildList.indexOf(symbol) != -1): null

2019-08-15 16:30:23 - [TEST_STEP][PASSED] - symbol = symbol: null

2019-08-15 16:30:23 - [TEST_STEP][PASSED] - println(symbol): null

2019-08-15 16:30:23 - [TEST_STEP][PASSED] - if (i == 2 &amp;&amp; wildList.indexOf(symbol) != -1): null

2019-08-15 16:30:23 - [TEST_STEP][PASSED] - if (i == 3 &amp;&amp; wildList.indexOf(symbol) != -1): null

2019-08-15 16:30:23 - [TEST_STEP][PASSED] - if (i == 4 &amp;&amp; wildList.indexOf(symbol) != -1): null

2019-08-15 16:30:23 - [TEST_STEP][PASSED] - free_spin_reel_counter = free_spin_reel_counter: null

2019-08-15 16:30:23 - [TEST_STEP][PASSED] - println("reel 3 wild found: " + free_spin_reel_counter[0]): null

2019-08-15 16:30:23 - [TEST_STEP][PASSED] - println("reel 4 wild found: " + free_spin_reel_counter[1]): null

2019-08-15 16:30:23 - [TEST_STEP][PASSED] - println("reel 5 wild found: " + free_spin_reel_counter[2]): null

2019-08-15 16:30:23 - [TEST_STEP][PASSED] - M4_spin_reels = M4_spin_reels: null

2019-08-15 16:30:23 - [TEST_STEP][PASSED] - M4_spin_reels_symbols = symbol: null

2019-08-15 16:30:23 - [TEST_STEP][PASSED] - M4_spin_reels_symbols = M4_spin_reels_symbols: null

2019-08-15 16:30:23 - [TEST_STEP][PASSED] - M4_spin_reel_wins = reel_wins: null

2019-08-15 16:30:23 - [TEST_STEP][PASSED] - M4_spin_reel_wins = M4_spin_reel_wins: null

2019-08-15 16:30:23 - [TEST_STEP][PASSED] - println("GlobalVariable.M4_spin_reel_wins is: " + M4_spin_reel_wins): null

2019-08-15 16:30:23 - [TEST_STEP][PASSED] - M4_spin_total_bonus_win_this_round = total_bonus_win_this_round: null

2019-08-15 16:30:23 - [TEST_STEP][PASSED] - M4_spin_total_bonus_win_this_round = M4_spin_total_bonus_win_this_round: null

2019-08-15 16:30:23 - [TEST_STEP][PASSED] - println("GlobalVariable.M4_spin_total_bonus_win_this_round is: " + M4_spin_total_bonus_win_this_round): null

2019-08-15 16:30:23 - [MESSAGE][PASSED] - Verify response successfully

2019-08-15 16:30:23 - [MESSAGE][PASSED] - Send request and verify the response successfully

2019-08-15 16:30:23 - [TEST_STEP][PASSED] - if (M4_total_bonus_spins_int != 0 &amp;&amp; M4_spin_reels_symbols[2].contains("WILD_Normal") || M4_spin_reels_symbols[3].contains("WILD_Normal") || M4_spin_reels_symbols[4].contains("WILD_Normal")): null

2019-08-15 16:30:23 - [TEST_STEP][PASSED] - free_spin_reel_counter = free_spin_reel_counter: null

2019-08-15 16:30:23 - [TEST_STEP][PASSED] - M4_spin_reels_symbols = M4_spin_reels_symbols: null

2019-08-15 16:30:23 - [TEST_STEP][PASSED] - M4_total_bonus_spins = M4_total_bonus_spins: null

2019-08-15 16:30:23 - [TEST_STEP][PASSED] - spin_result = sendRequestAndVerify(findTestObject("STG/RGS(M4)/1_M4_spin", ["M4_login_user_id":M4_login_user_id, "rgs_session_token":rgs_session_token, "partner":Partner])): Send request and verify the response successfully

2019-08-15 16:30:23 - [TEST_CASE][PASSED] - Start Test Case : Verification: Verification accomplished successfully

2019-08-15 16:30:24 - [TEST_STEP][PASSED] - request = getInstance().getCurrentRequest(): null

2019-08-15 16:30:24 - [TEST_STEP][PASSED] - response = getInstance().getCurrentResponse(): null

2019-08-15 16:30:24 - [TEST_STEP][PASSED] - verifyResponseStatusCode(response, 200): Verify response status code successfully

2019-08-15 16:30:24 - [MESSAGE][PASSED] - Verify response status code successfully

2019-08-15 16:30:24 - [TEST_STEP][PASSED] - getStatusCode()).isEqualTo(200): null

2019-08-15 16:30:24 - [TEST_STEP][PASSED] - newline = System.getProperty("line.separator"): null

2019-08-15 16:30:24 - [TEST_STEP][PASSED] - M4_spin = new groovy.json.JsonSlurper(): null

2019-08-15 16:30:24 - [TEST_STEP][PASSED] - result_M4_spin = M4_spin.parseText(response.getResponseBodyContent()): null

2019-08-15 16:30:24 - [TEST_STEP][PASSED] - M4_spin_current_balance = current_balance: null

2019-08-15 16:30:24 - [TEST_STEP][PASSED] - M4_spin_current_balance = M4_spin_current_balance: null

2019-08-15 16:30:24 - [TEST_STEP][PASSED] - M4_spin_transaction_id = causality: null

2019-08-15 16:30:24 - [TEST_STEP][PASSED] - M4_spin_transaction_id = M4_spin_transaction_id: null

2019-08-15 16:30:24 - [TEST_STEP][PASSED] - M4_spin_round_id = round_id: null

2019-08-15 16:30:24 - [TEST_STEP][PASSED] - M4_spin_round_id = M4_spin_round_id: null

2019-08-15 16:30:24 - [TEST_STEP][PASSED] - M4_spin_line_wins = line_wins: null

2019-08-15 16:30:24 - [TEST_STEP][PASSED] - M4_spin_line_wins = M4_spin_line_wins: null

2019-08-15 16:30:24 - [TEST_STEP][PASSED] - M4_total_bonus_spins_int = total_bonus_spins: null

2019-08-15 16:30:24 - [TEST_STEP][PASSED] - println("******M4_total_bonus_spins type is:*******" + newline + getClass().getName()): null

2019-08-15 16:30:24 - [TEST_STEP][PASSED] - M4_total_bonus_spins_int = M4_total_bonus_spins_int: null

2019-08-15 16:30:24 - [TEST_STEP][PASSED] - M4_total_bonus_spins = Integer.toString(M4_total_bonus_spins_int): null

2019-08-15 16:30:24 - [TEST_STEP][PASSED] - M4_total_bonus_spins = M4_total_bonus_spins: null

2019-08-15 16:30:24 - [TEST_STEP][PASSED] - println("M4_total_bonus_spins is:" + M4_total_bonus_spins): null

2019-08-15 16:30:24 - [TEST_STEP][PASSED] - M4_spin_bonus_data = bonus_data: null

2019-08-15 16:30:24 - [TEST_STEP][PASSED] - M4_spin_features_triggered = result_M4_spin: null

2019-08-15 16:30:24 - [TEST_STEP][PASSED] - wild = []: null

2019-08-15 16:30:24 - [TEST_STEP][PASSED] - wild[0] = "WILD_Expanding": null

2019-08-15 16:30:24 - [TEST_STEP][PASSED] - wild[1] = "WILD_Normal": null

2019-08-15 16:30:24 - [TEST_STEP][PASSED] - wild[2] = "WILD_Double": null

2019-08-15 16:30:24 - [TEST_STEP][PASSED] - wild[3] = "WILD_ExtraFG": null

2019-08-15 16:30:24 - [TEST_STEP][PASSED] - wild[4] = "WILD_Triple": null

2019-08-15 16:30:24 - [TEST_STEP][PASSED] - wildList = Arrays.asList(wild): null

2019-08-15 16:30:24 - [TEST_STEP][PASSED] - wildList = wildList: null

2019-08-15 16:30:24 - [TEST_STEP][PASSED] - free_spin_reel_counter = []: null

2019-08-15 16:30:24 - [TEST_STEP][PASSED] - free_spin_reel_counter[0] = 0: null

2019-08-15 16:30:24 - [TEST_STEP][PASSED] - free_spin_reel_counter[1] = 0: null

2019-08-15 16:30:24 - [TEST_STEP][PASSED] - free_spin_reel_counter[2] = 0: null

2019-08-15 16:30:24 - [TEST_STEP][PASSED] - M4_spin_reels = reels: null

2019-08-15 16:30:24 - [TEST_STEP][PASSED] - for ([i = 0, i &lt; M4_spin_reels.size(), (i++)]): null

2019-08-15 16:30:24 - [TEST_STEP][PASSED] - symbols = symbols: null

2019-08-15 16:30:24 - [TEST_STEP][PASSED] - for ([j = 0, j &lt; symbols.size(), (j++)]): null

2019-08-15 16:30:24 - [TEST_STEP][PASSED] - symbol = symbol: null

2019-08-15 16:30:24 - [TEST_STEP][PASSED] - println(symbol): null

2019-08-15 16:30:24 - [TEST_STEP][PASSED] - if (i == 2 &amp;&amp; wildList.indexOf(symbol) != -1): null

2019-08-15 16:30:24 - [TEST_STEP][PASSED] - if (i == 3 &amp;&amp; wildList.indexOf(symbol) != -1): null

2019-08-15 16:30:24 - [TEST_STEP][PASSED] - if (i == 4 &amp;&amp; wildList.indexOf(symbol) != -1): null

2019-08-15 16:30:24 - [TEST_STEP][PASSED] - symbol = symbol: null

2019-08-15 16:30:24 - [TEST_STEP][PASSED] - println(symbol): null

2019-08-15 16:30:24 - [TEST_STEP][PASSED] - if (i == 2 &amp;&amp; wildList.indexOf(symbol) != -1): null

2019-08-15 16:30:24 - [TEST_STEP][PASSED] - if (i == 3 &amp;&amp; wildList.indexOf(symbol) != -1): null

2019-08-15 16:30:24 - [TEST_STEP][PASSED] - if (i == 4 &amp;&amp; wildList.indexOf(symbol) != -1): null

2019-08-15 16:30:24 - [TEST_STEP][PASSED] - symbol = symbol: null

2019-08-15 16:30:24 - [TEST_STEP][PASSED] - println(symbol): null

2019-08-15 16:30:24 - [TEST_STEP][PASSED] - if (i == 2 &amp;&amp; wildList.indexOf(symbol) != -1): null

2019-08-15 16:30:24 - [TEST_STEP][PASSED] - if (i == 3 &amp;&amp; wildList.indexOf(symbol) != -1): null

2019-08-15 16:30:24 - [TEST_STEP][PASSED] - if (i == 4 &amp;&amp; wildList.indexOf(symbol) != -1): null

2019-08-15 16:30:24 - [TEST_STEP][PASSED] - symbols = symbols: null

2019-08-15 16:30:24 - [TEST_STEP][PASSED] - for ([j = 0, j &lt; symbols.size(), (j++)]): null

2019-08-15 16:30:24 - [TEST_STEP][PASSED] - symbol = symbol: null

2019-08-15 16:30:24 - [TEST_STEP][PASSED] - println(symbol): null

2019-08-15 16:30:24 - [TEST_STEP][PASSED] - if (i == 2 &amp;&amp; wildList.indexOf(symbol) != -1): null

2019-08-15 16:30:24 - [TEST_STEP][PASSED] - if (i == 3 &amp;&amp; wildList.indexOf(symbol) != -1): null

2019-08-15 16:30:24 - [TEST_STEP][PASSED] - if (i == 4 &amp;&amp; wildList.indexOf(symbol) != -1): null

2019-08-15 16:30:24 - [TEST_STEP][PASSED] - symbol = symbol: null

2019-08-15 16:30:24 - [TEST_STEP][PASSED] - println(symbol): null

2019-08-15 16:30:24 - [TEST_STEP][PASSED] - if (i == 2 &amp;&amp; wildList.indexOf(symbol) != -1): null

2019-08-15 16:30:24 - [TEST_STEP][PASSED] - if (i == 3 &amp;&amp; wildList.indexOf(symbol) != -1): null

2019-08-15 16:30:24 - [TEST_STEP][PASSED] - if (i == 4 &amp;&amp; wildList.indexOf(symbol) != -1): null

2019-08-15 16:30:24 - [TEST_STEP][PASSED] - symbol = symbol: null

2019-08-15 16:30:24 - [TEST_STEP][PASSED] - println(symbol): null

2019-08-15 16:30:24 - [TEST_STEP][PASSED] - if (i == 2 &amp;&amp; wildList.indexOf(symbol) != -1): null

2019-08-15 16:30:24 - [TEST_STEP][PASSED] - if (i == 3 &amp;&amp; wildList.indexOf(symbol) != -1): null

2019-08-15 16:30:24 - [TEST_STEP][PASSED] - if (i == 4 &amp;&amp; wildList.indexOf(symbol) != -1): null

2019-08-15 16:30:24 - [TEST_STEP][PASSED] - symbols = symbols: null

2019-08-15 16:30:24 - [TEST_STEP][PASSED] - for ([j = 0, j &lt; symbols.size(), (j++)]): null

2019-08-15 16:30:24 - [TEST_STEP][PASSED] - symbol = symbol: null

2019-08-15 16:30:24 - [TEST_STEP][PASSED] - println(symbol): null

2019-08-15 16:30:24 - [TEST_STEP][PASSED] - if (i == 2 &amp;&amp; wildList.indexOf(symbol) != -1): null

2019-08-15 16:30:24 - [TEST_STEP][PASSED] - if (i == 3 &amp;&amp; wildList.indexOf(symbol) != -1): null

2019-08-15 16:30:24 - [TEST_STEP][PASSED] - if (i == 4 &amp;&amp; wildList.indexOf(symbol) != -1): null

2019-08-15 16:30:24 - [TEST_STEP][PASSED] - symbol = symbol: null

2019-08-15 16:30:24 - [TEST_STEP][PASSED] - println(symbol): null

2019-08-15 16:30:24 - [TEST_STEP][PASSED] - if (i == 2 &amp;&amp; wildList.indexOf(symbol) != -1): null

2019-08-15 16:30:24 - [TEST_STEP][PASSED] - if (i == 3 &amp;&amp; wildList.indexOf(symbol) != -1): null

2019-08-15 16:30:24 - [TEST_STEP][PASSED] - if (i == 4 &amp;&amp; wildList.indexOf(symbol) != -1): null

2019-08-15 16:30:24 - [TEST_STEP][PASSED] - symbol = symbol: null

2019-08-15 16:30:24 - [TEST_STEP][PASSED] - println(symbol): null

2019-08-15 16:30:24 - [TEST_STEP][PASSED] - if (i == 2 &amp;&amp; wildList.indexOf(symbol) != -1): null

2019-08-15 16:30:24 - [TEST_STEP][PASSED] - println("wild found on reel 3, adding counter by 1"): null

2019-08-15 16:30:24 - [TEST_STEP][PASSED] - free_spin_reel_counter[0] = free_spin_reel_counter[0] + 1: null

2019-08-15 16:30:24 - [TEST_STEP][PASSED] - if (i == 3 &amp;&amp; wildList.indexOf(symbol) != -1): null

2019-08-15 16:30:24 - [TEST_STEP][PASSED] - if (i == 4 &amp;&amp; wildList.indexOf(symbol) != -1): null

2019-08-15 16:30:24 - [TEST_STEP][PASSED] - symbols = symbols: null

2019-08-15 16:30:24 - [TEST_STEP][PASSED] - for ([j = 0, j &lt; symbols.size(), (j++)]): null

2019-08-15 16:30:24 - [TEST_STEP][PASSED] - symbol = symbol: null

2019-08-15 16:30:24 - [TEST_STEP][PASSED] - println(symbol): null

2019-08-15 16:30:24 - [TEST_STEP][PASSED] - if (i == 2 &amp;&amp; wildList.indexOf(symbol) != -1): null

2019-08-15 16:30:24 - [TEST_STEP][PASSED] - if (i == 3 &amp;&amp; wildList.indexOf(symbol) != -1): null

2019-08-15 16:30:24 - [TEST_STEP][PASSED] - if (i == 4 &amp;&amp; wildList.indexOf(symbol) != -1): null

2019-08-15 16:30:24 - [TEST_STEP][PASSED] - symbol = symbol: null

2019-08-15 16:30:24 - [TEST_STEP][PASSED] - println(symbol): null

2019-08-15 16:30:24 - [TEST_STEP][PASSED] - if (i == 2 &amp;&amp; wildList.indexOf(symbol) != -1): null

2019-08-15 16:30:24 - [TEST_STEP][PASSED] - if (i == 3 &amp;&amp; wildList.indexOf(symbol) != -1): null

2019-08-15 16:30:24 - [TEST_STEP][PASSED] - if (i == 4 &amp;&amp; wildList.indexOf(symbol) != -1): null

2019-08-15 16:30:24 - [TEST_STEP][PASSED] - symbol = symbol: null

2019-08-15 16:30:24 - [TEST_STEP][PASSED] - println(symbol): null

2019-08-15 16:30:24 - [TEST_STEP][PASSED] - if (i == 2 &amp;&amp; wildList.indexOf(symbol) != -1): null

2019-08-15 16:30:24 - [TEST_STEP][PASSED] - if (i == 3 &amp;&amp; wildList.indexOf(symbol) != -1): null

2019-08-15 16:30:24 - [TEST_STEP][PASSED] - if (i == 4 &amp;&amp; wildList.indexOf(symbol) != -1): null

2019-08-15 16:30:24 - [TEST_STEP][PASSED] - symbols = symbols: null

2019-08-15 16:30:24 - [TEST_STEP][PASSED] - for ([j = 0, j &lt; symbols.size(), (j++)]): null

2019-08-15 16:30:24 - [TEST_STEP][PASSED] - symbol = symbol: null

2019-08-15 16:30:24 - [TEST_STEP][PASSED] - println(symbol): null

2019-08-15 16:30:24 - [TEST_STEP][PASSED] - if (i == 2 &amp;&amp; wildList.indexOf(symbol) != -1): null

2019-08-15 16:30:24 - [TEST_STEP][PASSED] - if (i == 3 &amp;&amp; wildList.indexOf(symbol) != -1): null

2019-08-15 16:30:24 - [TEST_STEP][PASSED] - if (i == 4 &amp;&amp; wildList.indexOf(symbol) != -1): null

2019-08-15 16:30:24 - [TEST_STEP][PASSED] - symbol = symbol: null

2019-08-15 16:30:24 - [TEST_STEP][PASSED] - println(symbol): null

2019-08-15 16:30:24 - [TEST_STEP][PASSED] - if (i == 2 &amp;&amp; wildList.indexOf(symbol) != -1): null

2019-08-15 16:30:24 - [TEST_STEP][PASSED] - if (i == 3 &amp;&amp; wildList.indexOf(symbol) != -1): null

2019-08-15 16:30:24 - [TEST_STEP][PASSED] - if (i == 4 &amp;&amp; wildList.indexOf(symbol) != -1): null

2019-08-15 16:30:24 - [TEST_STEP][PASSED] - symbol = symbol: null

2019-08-15 16:30:24 - [TEST_STEP][PASSED] - println(symbol): null

2019-08-15 16:30:24 - [TEST_STEP][PASSED] - if (i == 2 &amp;&amp; wildList.indexOf(symbol) != -1): null

2019-08-15 16:30:29 - [TEST_STEP][PASSED] - if (i == 3 &amp;&amp; wildList.indexOf(symbol) != -1): null

2019-08-15 16:30:29 - [TEST_STEP][PASSED] - if (i == 4 &amp;&amp; wildList.indexOf(symbol) != -1): null

2019-08-15 16:30:29 - [TEST_STEP][PASSED] - free_spin_reel_counter = free_spin_reel_counter: null

2019-08-15 16:30:29 - [TEST_STEP][PASSED] - println("reel 3 wild found: " + free_spin_reel_counter[0]): null

2019-08-15 16:30:29 - [TEST_STEP][PASSED] - println("reel 4 wild found: " + free_spin_reel_counter[1]): null

2019-08-15 16:30:29 - [TEST_STEP][PASSED] - println("reel 5 wild found: " + free_spin_reel_counter[2]): null

2019-08-15 16:30:29 - [TEST_STEP][PASSED] - M4_spin_reels = M4_spin_reels: null

2019-08-15 16:30:29 - [TEST_STEP][PASSED] - M4_spin_reels_symbols = symbol: null

2019-08-15 16:30:29 - [TEST_STEP][PASSED] - M4_spin_reels_symbols = M4_spin_reels_symbols: null

2019-08-15 16:30:31 - [TEST_STEP][PASSED] - M4_spin_reel_wins = reel_wins: null

2019-08-15 16:30:31 - [TEST_STEP][PASSED] - M4_spin_reel_wins = M4_spin_reel_wins: null

2019-08-15 16:30:31 - [TEST_STEP][PASSED] - println("GlobalVariable.M4_spin_reel_wins is: " + M4_spin_reel_wins): null

2019-08-15 16:30:31 - [TEST_STEP][PASSED] - M4_spin_total_bonus_win_this_round = total_bonus_win_this_round: null

2019-08-15 16:30:31 - [TEST_STEP][PASSED] - M4_spin_total_bonus_win_this_round = M4_spin_total_bonus_win_this_round: null

2019-08-15 16:30:31 - [TEST_STEP][PASSED] - println("GlobalVariable.M4_spin_total_bonus_win_this_round is: " + M4_spin_total_bonus_win_this_round): null

2019-08-15 16:30:31 - [MESSAGE][PASSED] - Verify response successfully

2019-08-15 16:30:31 - [MESSAGE][PASSED] - Send request and verify the response successfully

2019-08-15 16:30:31 - [TEST_STEP][PASSED] - if (M4_total_bonus_spins_int != 0 &amp;&amp; M4_spin_reels_symbols[2].contains("WILD_Normal") || M4_spin_reels_symbols[3].contains("WILD_Normal") || M4_spin_reels_symbols[4].contains("WILD_Normal")): null

2019-08-15 16:30:31 - [TEST_STEP][PASSED] - free_spin_reel_counter = free_spin_reel_counter: null

2019-08-15 16:30:31 - [TEST_STEP][PASSED] - M4_spin_reels_symbols = M4_spin_reels_symbols: null

2019-08-15 16:30:31 - [TEST_STEP][PASSED] - M4_total_bonus_spins = M4_total_bonus_spins: null

2019-08-15 16:30:31 - [TEST_STEP][PASSED] - spin_result = sendRequestAndVerify(findTestObject("STG/RGS(M4)/1_M4_spin", ["M4_login_user_id":M4_login_user_id, "rgs_session_token":rgs_session_token, "partner":Partner])): Send request and verify the response successfully

2019-08-15 16:30:31 - [TEST_CASE][PASSED] - Start Test Case : Verification: Verification accomplished successfully

2019-08-15 16:30:31 - [TEST_STEP][PASSED] - request = getInstance().getCurrentRequest(): null

2019-08-15 16:30:31 - [TEST_STEP][PASSED] - response = getInstance().getCurrentResponse(): null

2019-08-15 16:30:31 - [TEST_STEP][PASSED] - verifyResponseStatusCode(response, 200): Verify response status code successfully

2019-08-15 16:30:31 - [MESSAGE][PASSED] - Verify response status code successfully

2019-08-15 16:30:31 - [TEST_STEP][PASSED] - getStatusCode()).isEqualTo(200): null

2019-08-15 16:30:31 - [TEST_STEP][PASSED] - newline = System.getProperty("line.separator"): null

2019-08-15 16:30:31 - [TEST_STEP][PASSED] - M4_spin = new groovy.json.JsonSlurper(): null

2019-08-15 16:30:31 - [TEST_STEP][PASSED] - result_M4_spin = M4_spin.parseText(response.getResponseBodyContent()): null

2019-08-15 16:30:31 - [TEST_STEP][PASSED] - M4_spin_current_balance = current_balance: null

2019-08-15 16:30:31 - [TEST_STEP][PASSED] - M4_spin_current_balance = M4_spin_current_balance: null

2019-08-15 16:30:31 - [TEST_STEP][PASSED] - M4_spin_transaction_id = causality: null

2019-08-15 16:30:31 - [TEST_STEP][PASSED] - M4_spin_transaction_id = M4_spin_transaction_id: null

2019-08-15 16:30:31 - [TEST_STEP][PASSED] - M4_spin_round_id = round_id: null

2019-08-15 16:30:31 - [TEST_STEP][PASSED] - M4_spin_round_id = M4_spin_round_id: null

2019-08-15 16:30:31 - [TEST_STEP][PASSED] - M4_spin_line_wins = line_wins: null

2019-08-15 16:30:31 - [TEST_STEP][PASSED] - M4_spin_line_wins = M4_spin_line_wins: null

2019-08-15 16:30:31 - [TEST_STEP][PASSED] - M4_total_bonus_spins_int = total_bonus_spins: null

2019-08-15 16:30:31 - [TEST_STEP][PASSED] - println("******M4_total_bonus_spins type is:*******" + newline + getClass().getName()): null

2019-08-15 16:30:31 - [TEST_STEP][PASSED] - M4_total_bonus_spins_int = M4_total_bonus_spins_int: null

2019-08-15 16:30:31 - [TEST_STEP][PASSED] - M4_total_bonus_spins = Integer.toString(M4_total_bonus_spins_int): null

2019-08-15 16:30:31 - [TEST_STEP][PASSED] - M4_total_bonus_spins = M4_total_bonus_spins: null

2019-08-15 16:30:31 - [TEST_STEP][PASSED] - println("M4_total_bonus_spins is:" + M4_total_bonus_spins): null

2019-08-15 16:30:31 - [TEST_STEP][PASSED] - M4_spin_bonus_data = bonus_data: null

2019-08-15 16:30:31 - [TEST_STEP][PASSED] - M4_spin_features_triggered = result_M4_spin: null

2019-08-15 16:30:31 - [TEST_STEP][PASSED] - wild = []: null

2019-08-15 16:30:31 - [TEST_STEP][PASSED] - wild[0] = "WILD_Expanding": null

2019-08-15 16:30:31 - [TEST_STEP][PASSED] - wild[1] = "WILD_Normal": null

2019-08-15 16:30:31 - [TEST_STEP][PASSED] - wild[2] = "WILD_Double": null

2019-08-15 16:30:31 - [TEST_STEP][PASSED] - wild[3] = "WILD_ExtraFG": null

2019-08-15 16:30:31 - [TEST_STEP][PASSED] - wild[4] = "WILD_Triple": null

2019-08-15 16:30:31 - [TEST_STEP][PASSED] - wildList = Arrays.asList(wild): null

2019-08-15 16:30:31 - [TEST_STEP][PASSED] - wildList = wildList: null

2019-08-15 16:30:31 - [TEST_STEP][PASSED] - free_spin_reel_counter = []: null

2019-08-15 16:30:31 - [TEST_STEP][PASSED] - free_spin_reel_counter[0] = 0: null

2019-08-15 16:30:31 - [TEST_STEP][PASSED] - free_spin_reel_counter[1] = 0: null

2019-08-15 16:30:31 - [TEST_STEP][PASSED] - free_spin_reel_counter[2] = 0: null

2019-08-15 16:30:31 - [TEST_STEP][PASSED] - M4_spin_reels = reels: null

2019-08-15 16:30:31 - [TEST_STEP][PASSED] - for ([i = 0, i &lt; M4_spin_reels.size(), (i++)]): null

2019-08-15 16:30:31 - [TEST_STEP][PASSED] - symbols = symbols: null

2019-08-15 16:30:31 - [TEST_STEP][PASSED] - for ([j = 0, j &lt; symbols.size(), (j++)]): null

2019-08-15 16:30:31 - [TEST_STEP][PASSED] - symbol = symbol: null

2019-08-15 16:30:31 - [TEST_STEP][PASSED] - println(symbol): null

2019-08-15 16:30:31 - [TEST_STEP][PASSED] - if (i == 2 &amp;&amp; wildList.indexOf(symbol) != -1): null

2019-08-15 16:30:31 - [TEST_STEP][PASSED] - if (i == 3 &amp;&amp; wildList.indexOf(symbol) != -1): null

2019-08-15 16:30:31 - [TEST_STEP][PASSED] - if (i == 4 &amp;&amp; wildList.indexOf(symbol) != -1): null

2019-08-15 16:30:31 - [TEST_STEP][PASSED] - symbol = symbol: null

2019-08-15 16:30:31 - [TEST_STEP][PASSED] - println(symbol): null

2019-08-15 16:30:31 - [TEST_STEP][PASSED] - if (i == 2 &amp;&amp; wildList.indexOf(symbol) != -1): null

2019-08-15 16:30:31 - [TEST_STEP][PASSED] - if (i == 3 &amp;&amp; wildList.indexOf(symbol) != -1): null

2019-08-15 16:30:31 - [TEST_STEP][PASSED] - if (i == 4 &amp;&amp; wildList.indexOf(symbol) != -1): null

2019-08-15 16:30:31 - [TEST_STEP][PASSED] - symbol = symbol: null

2019-08-15 16:30:31 - [TEST_STEP][PASSED] - println(symbol): null

2019-08-15 16:30:31 - [TEST_STEP][PASSED] - if (i == 2 &amp;&amp; wildList.indexOf(symbol) != -1): null

2019-08-15 16:30:31 - [TEST_STEP][PASSED] - if (i == 3 &amp;&amp; wildList.indexOf(symbol) != -1): null

2019-08-15 16:30:31 - [TEST_STEP][PASSED] - if (i == 4 &amp;&amp; wildList.indexOf(symbol) != -1): null

2019-08-15 16:30:31 - [TEST_STEP][PASSED] - symbols = symbols: null

2019-08-15 16:30:31 - [TEST_STEP][PASSED] - for ([j = 0, j &lt; symbols.size(), (j++)]): null

2019-08-15 16:30:31 - [TEST_STEP][PASSED] - symbol = symbol: null

2019-08-15 16:30:31 - [TEST_STEP][PASSED] - println(symbol): null

2019-08-15 16:30:31 - [TEST_STEP][PASSED] - if (i == 2 &amp;&amp; wildList.indexOf(symbol) != -1): null

2019-08-15 16:30:31 - [TEST_STEP][PASSED] - if (i == 3 &amp;&amp; wildList.indexOf(symbol) != -1): null

2019-08-15 16:30:31 - [TEST_STEP][PASSED] - if (i == 4 &amp;&amp; wildList.indexOf(symbol) != -1): null

2019-08-15 16:30:31 - [TEST_STEP][PASSED] - symbol = symbol: null

2019-08-15 16:30:31 - [TEST_STEP][PASSED] - println(symbol): null

2019-08-15 16:30:31 - [TEST_STEP][PASSED] - if (i == 2 &amp;&amp; wildList.indexOf(symbol) != -1): null

2019-08-15 16:30:31 - [TEST_STEP][PASSED] - if (i == 3 &amp;&amp; wildList.indexOf(symbol) != -1): null

2019-08-15 16:30:31 - [TEST_STEP][PASSED] - if (i == 4 &amp;&amp; wildList.indexOf(symbol) != -1): null

2019-08-15 16:30:31 - [TEST_STEP][PASSED] - symbol = symbol: null

2019-08-15 16:30:31 - [TEST_STEP][PASSED] - println(symbol): null

2019-08-15 16:30:31 - [TEST_STEP][PASSED] - if (i == 2 &amp;&amp; wildList.indexOf(symbol) != -1): null

2019-08-15 16:30:31 - [TEST_STEP][PASSED] - if (i == 3 &amp;&amp; wildList.indexOf(symbol) != -1): null

2019-08-15 16:30:31 - [TEST_STEP][PASSED] - if (i == 4 &amp;&amp; wildList.indexOf(symbol) != -1): null

2019-08-15 16:30:31 - [TEST_STEP][PASSED] - symbols = symbols: null

2019-08-15 16:30:31 - [TEST_STEP][PASSED] - for ([j = 0, j &lt; symbols.size(), (j++)]): null

2019-08-15 16:30:31 - [TEST_STEP][PASSED] - symbol = symbol: null

2019-08-15 16:30:31 - [TEST_STEP][PASSED] - println(symbol): null

2019-08-15 16:30:31 - [TEST_STEP][PASSED] - if (i == 2 &amp;&amp; wildList.indexOf(symbol) != -1): null

2019-08-15 16:30:31 - [TEST_STEP][PASSED] - if (i == 3 &amp;&amp; wildList.indexOf(symbol) != -1): null

2019-08-15 16:30:31 - [TEST_STEP][PASSED] - if (i == 4 &amp;&amp; wildList.indexOf(symbol) != -1): null

2019-08-15 16:30:31 - [TEST_STEP][PASSED] - symbol = symbol: null

2019-08-15 16:30:31 - [TEST_STEP][PASSED] - println(symbol): null

2019-08-15 16:30:31 - [TEST_STEP][PASSED] - if (i == 2 &amp;&amp; wildList.indexOf(symbol) != -1): null

2019-08-15 16:30:31 - [TEST_STEP][PASSED] - if (i == 3 &amp;&amp; wildList.indexOf(symbol) != -1): null

2019-08-15 16:30:31 - [TEST_STEP][PASSED] - if (i == 4 &amp;&amp; wildList.indexOf(symbol) != -1): null

2019-08-15 16:30:31 - [TEST_STEP][PASSED] - symbol = symbol: null

2019-08-15 16:30:31 - [TEST_STEP][PASSED] - println(symbol): null

2019-08-15 16:30:31 - [TEST_STEP][PASSED] - if (i == 2 &amp;&amp; wildList.indexOf(symbol) != -1): null

2019-08-15 16:30:31 - [TEST_STEP][PASSED] - if (i == 3 &amp;&amp; wildList.indexOf(symbol) != -1): null

2019-08-15 16:30:31 - [TEST_STEP][PASSED] - if (i == 4 &amp;&amp; wildList.indexOf(symbol) != -1): null

2019-08-15 16:30:31 - [TEST_STEP][PASSED] - symbols = symbols: null

2019-08-15 16:30:31 - [TEST_STEP][PASSED] - for ([j = 0, j &lt; symbols.size(), (j++)]): null

2019-08-15 16:30:31 - [TEST_STEP][PASSED] - symbol = symbol: null

2019-08-15 16:30:31 - [TEST_STEP][PASSED] - println(symbol): null

2019-08-15 16:30:31 - [TEST_STEP][PASSED] - if (i == 2 &amp;&amp; wildList.indexOf(symbol) != -1): null

2019-08-15 16:30:31 - [TEST_STEP][PASSED] - if (i == 3 &amp;&amp; wildList.indexOf(symbol) != -1): null

2019-08-15 16:30:31 - [TEST_STEP][PASSED] - if (i == 4 &amp;&amp; wildList.indexOf(symbol) != -1): null

2019-08-15 16:30:31 - [TEST_STEP][PASSED] - symbol = symbol: null

2019-08-15 16:30:31 - [TEST_STEP][PASSED] - println(symbol): null

2019-08-15 16:30:31 - [TEST_STEP][PASSED] - if (i == 2 &amp;&amp; wildList.indexOf(symbol) != -1): null

2019-08-15 16:30:31 - [TEST_STEP][PASSED] - if (i == 3 &amp;&amp; wildList.indexOf(symbol) != -1): null

2019-08-15 16:30:31 - [TEST_STEP][PASSED] - if (i == 4 &amp;&amp; wildList.indexOf(symbol) != -1): null

2019-08-15 16:30:31 - [TEST_STEP][PASSED] - symbol = symbol: null

2019-08-15 16:30:31 - [TEST_STEP][PASSED] - println(symbol): null

2019-08-15 16:30:31 - [TEST_STEP][PASSED] - if (i == 2 &amp;&amp; wildList.indexOf(symbol) != -1): null

2019-08-15 16:30:31 - [TEST_STEP][PASSED] - if (i == 3 &amp;&amp; wildList.indexOf(symbol) != -1): null

2019-08-15 16:30:31 - [TEST_STEP][PASSED] - if (i == 4 &amp;&amp; wildList.indexOf(symbol) != -1): null

2019-08-15 16:30:31 - [TEST_STEP][PASSED] - symbols = symbols: null

2019-08-15 16:30:31 - [TEST_STEP][PASSED] - for ([j = 0, j &lt; symbols.size(), (j++)]): null

2019-08-15 16:30:31 - [TEST_STEP][PASSED] - symbol = symbol: null

2019-08-15 16:30:31 - [TEST_STEP][PASSED] - println(symbol): null

2019-08-15 16:30:31 - [TEST_STEP][PASSED] - if (i == 2 &amp;&amp; wildList.indexOf(symbol) != -1): null

2019-08-15 16:30:31 - [TEST_STEP][PASSED] - if (i == 3 &amp;&amp; wildList.indexOf(symbol) != -1): null

2019-08-15 16:30:31 - [TEST_STEP][PASSED] - if (i == 4 &amp;&amp; wildList.indexOf(symbol) != -1): null

2019-08-15 16:30:31 - [TEST_STEP][PASSED] - symbol = symbol: null

2019-08-15 16:30:31 - [TEST_STEP][PASSED] - println(symbol): null

2019-08-15 16:30:31 - [TEST_STEP][PASSED] - if (i == 2 &amp;&amp; wildList.indexOf(symbol) != -1): null

2019-08-15 16:30:31 - [TEST_STEP][PASSED] - if (i == 3 &amp;&amp; wildList.indexOf(symbol) != -1): null

2019-08-15 16:30:31 - [TEST_STEP][PASSED] - if (i == 4 &amp;&amp; wildList.indexOf(symbol) != -1): null

2019-08-15 16:30:31 - [TEST_STEP][PASSED] - symbol = symbol: null

2019-08-15 16:30:31 - [TEST_STEP][PASSED] - println(symbol): null

2019-08-15 16:30:31 - [TEST_STEP][PASSED] - if (i == 2 &amp;&amp; wildList.indexOf(symbol) != -1): null

2019-08-15 16:30:31 - [TEST_STEP][PASSED] - if (i == 3 &amp;&amp; wildList.indexOf(symbol) != -1): null

2019-08-15 16:30:31 - [TEST_STEP][PASSED] - if (i == 4 &amp;&amp; wildList.indexOf(symbol) != -1): null

2019-08-15 16:30:31 - [TEST_STEP][PASSED] - free_spin_reel_counter = free_spin_reel_counter: null

2019-08-15 16:30:31 - [TEST_STEP][PASSED] - println("reel 3 wild found: " + free_spin_reel_counter[0]): null

2019-08-15 16:30:31 - [TEST_STEP][PASSED] - println("reel 4 wild found: " + free_spin_reel_counter[1]): null

2019-08-15 16:30:31 - [TEST_STEP][PASSED] - println("reel 5 wild found: " + free_spin_reel_counter[2]): null

2019-08-15 16:30:31 - [TEST_STEP][PASSED] - M4_spin_reels = M4_spin_reels: null

2019-08-15 16:30:31 - [TEST_STEP][PASSED] - M4_spin_reels_symbols = symbol: null

2019-08-15 16:30:31 - [TEST_STEP][PASSED] - M4_spin_reels_symbols = M4_spin_reels_symbols: null

2019-08-15 16:30:31 - [TEST_STEP][PASSED] - M4_spin_reel_wins = reel_wins: null

2019-08-15 16:30:31 - [TEST_STEP][PASSED] - M4_spin_reel_wins = M4_spin_reel_wins: null

2019-08-15 16:30:31 - [TEST_STEP][PASSED] - println("GlobalVariable.M4_spin_reel_wins is: " + M4_spin_reel_wins): null

2019-08-15 16:30:31 - [TEST_STEP][PASSED] - M4_spin_total_bonus_win_this_round = total_bonus_win_this_round: null

2019-08-15 16:30:31 - [TEST_STEP][PASSED] - M4_spin_total_bonus_win_this_round = M4_spin_total_bonus_win_this_round: null

2019-08-15 16:30:31 - [TEST_STEP][PASSED] - println("GlobalVariable.M4_spin_total_bonus_win_this_round is: " + M4_spin_total_bonus_win_this_round): null

2019-08-15 16:30:31 - [MESSAGE][PASSED] - Verify response successfully

2019-08-15 16:30:31 - [MESSAGE][PASSED] - Send request and verify the response successfully

2019-08-15 16:30:31 - [TEST_STEP][PASSED] - if (M4_total_bonus_spins_int != 0 &amp;&amp; M4_spin_reels_symbols[2].contains("WILD_Normal") || M4_spin_reels_symbols[3].contains("WILD_Normal") || M4_spin_reels_symbols[4].contains("WILD_Normal")): null

2019-08-15 16:30:31 - [TEST_STEP][PASSED] - free_spin_reel_counter = free_spin_reel_counter: null

2019-08-15 16:30:31 - [TEST_STEP][PASSED] - M4_spin_reels_symbols = M4_spin_reels_symbols: null

2019-08-15 16:30:31 - [TEST_STEP][PASSED] - M4_total_bonus_spins = M4_total_bonus_spins: null

2019-08-15 16:30:31 - [TEST_STEP][PASSED] - spin_result = sendRequestAndVerify(findTestObject("STG/RGS(M4)/1_M4_spin", ["M4_login_user_id":M4_login_user_id, "rgs_session_token":rgs_session_token, "partner":Partner])): Send request and verify the response successfully

2019-08-15 16:30:31 - [TEST_CASE][PASSED] - Start Test Case : Verification: Verification accomplished successfully

2019-08-15 16:30:31 - [TEST_STEP][PASSED] - request = getInstance().getCurrentRequest(): null

2019-08-15 16:30:31 - [TEST_STEP][PASSED] - response = getInstance().getCurrentResponse(): null

2019-08-15 16:30:31 - [TEST_STEP][PASSED] - verifyResponseStatusCode(response, 200): Verify response status code successfully

2019-08-15 16:30:31 - [MESSAGE][PASSED] - Verify response status code successfully

2019-08-15 16:30:31 - [TEST_STEP][PASSED] - getStatusCode()).isEqualTo(200): null

2019-08-15 16:30:31 - [TEST_STEP][PASSED] - newline = System.getProperty("line.separator"): null

2019-08-15 16:30:31 - [TEST_STEP][PASSED] - M4_spin = new groovy.json.JsonSlurper(): null

2019-08-15 16:30:31 - [TEST_STEP][PASSED] - result_M4_spin = M4_spin.parseText(response.getResponseBodyContent()): null

2019-08-15 16:30:31 - [TEST_STEP][PASSED] - M4_spin_current_balance = current_balance: null

2019-08-15 16:30:31 - [TEST_STEP][PASSED] - M4_spin_current_balance = M4_spin_current_balance: null

2019-08-15 16:30:31 - [TEST_STEP][PASSED] - M4_spin_transaction_id = causality: null

2019-08-15 16:30:31 - [TEST_STEP][PASSED] - M4_spin_transaction_id = M4_spin_transaction_id: null

2019-08-15 16:30:31 - [TEST_STEP][PASSED] - M4_spin_round_id = round_id: null

2019-08-15 16:30:31 - [TEST_STEP][PASSED] - M4_spin_round_id = M4_spin_round_id: null

2019-08-15 16:30:31 - [TEST_STEP][PASSED] - M4_spin_line_wins = line_wins: null

2019-08-15 16:30:32 - [TEST_STEP][PASSED] - M4_spin_line_wins = M4_spin_line_wins: null

2019-08-15 16:30:32 - [TEST_STEP][PASSED] - M4_total_bonus_spins_int = total_bonus_spins: null

2019-08-15 16:30:32 - [TEST_STEP][PASSED] - println("******M4_total_bonus_spins type is:*******" + newline + getClass().getName()): null

2019-08-15 16:30:32 - [TEST_STEP][PASSED] - M4_total_bonus_spins_int = M4_total_bonus_spins_int: null

2019-08-15 16:30:32 - [TEST_STEP][PASSED] - M4_total_bonus_spins = Integer.toString(M4_total_bonus_spins_int): null

2019-08-15 16:30:32 - [TEST_STEP][PASSED] - M4_total_bonus_spins = M4_total_bonus_spins: null

2019-08-15 16:30:32 - [TEST_STEP][PASSED] - println("M4_total_bonus_spins is:" + M4_total_bonus_spins): null

2019-08-15 16:30:32 - [TEST_STEP][PASSED] - M4_spin_bonus_data = bonus_data: null

2019-08-15 16:30:32 - [TEST_STEP][PASSED] - M4_spin_features_triggered = result_M4_spin: null

2019-08-15 16:30:32 - [TEST_STEP][PASSED] - wild = []: null

2019-08-15 16:30:32 - [TEST_STEP][PASSED] - wild[0] = "WILD_Expanding": null

2019-08-15 16:30:32 - [TEST_STEP][PASSED] - wild[1] = "WILD_Normal": null

2019-08-15 16:30:32 - [TEST_STEP][PASSED] - wild[2] = "WILD_Double": null

2019-08-15 16:30:32 - [TEST_STEP][PASSED] - wild[3] = "WILD_ExtraFG": null

2019-08-15 16:30:32 - [TEST_STEP][PASSED] - wild[4] = "WILD_Triple": null

2019-08-15 16:30:32 - [TEST_STEP][PASSED] - wildList = Arrays.asList(wild): null

2019-08-15 16:30:32 - [TEST_STEP][PASSED] - wildList = wildList: null

2019-08-15 16:30:32 - [TEST_STEP][PASSED] - free_spin_reel_counter = []: null

2019-08-15 16:30:32 - [TEST_STEP][PASSED] - free_spin_reel_counter[0] = 0: null

2019-08-15 16:30:32 - [TEST_STEP][PASSED] - free_spin_reel_counter[1] = 0: null

2019-08-15 16:30:32 - [TEST_STEP][PASSED] - free_spin_reel_counter[2] = 0: null

2019-08-15 16:30:32 - [TEST_STEP][PASSED] - M4_spin_reels = reels: null

2019-08-15 16:30:32 - [TEST_STEP][PASSED] - for ([i = 0, i &lt; M4_spin_reels.size(), (i++)]): null

2019-08-15 16:30:32 - [TEST_STEP][PASSED] - symbols = symbols: null

2019-08-15 16:30:32 - [TEST_STEP][PASSED] - for ([j = 0, j &lt; symbols.size(), (j++)]): null

2019-08-15 16:30:32 - [TEST_STEP][PASSED] - symbol = symbol: null

2019-08-15 16:30:32 - [TEST_STEP][PASSED] - println(symbol): null

2019-08-15 16:30:32 - [TEST_STEP][PASSED] - if (i == 2 &amp;&amp; wildList.indexOf(symbol) != -1): null

2019-08-15 16:30:32 - [TEST_STEP][PASSED] - if (i == 3 &amp;&amp; wildList.indexOf(symbol) != -1): null

2019-08-15 16:30:32 - [TEST_STEP][PASSED] - if (i == 4 &amp;&amp; wildList.indexOf(symbol) != -1): null

2019-08-15 16:30:32 - [TEST_STEP][PASSED] - symbol = symbol: null

2019-08-15 16:30:32 - [TEST_STEP][PASSED] - println(symbol): null

2019-08-15 16:30:32 - [TEST_STEP][PASSED] - if (i == 2 &amp;&amp; wildList.indexOf(symbol) != -1): null

2019-08-15 16:30:32 - [TEST_STEP][PASSED] - if (i == 3 &amp;&amp; wildList.indexOf(symbol) != -1): null

2019-08-15 16:30:32 - [TEST_STEP][PASSED] - if (i == 4 &amp;&amp; wildList.indexOf(symbol) != -1): null

2019-08-15 16:30:32 - [TEST_STEP][PASSED] - symbol = symbol: null

2019-08-15 16:30:32 - [TEST_STEP][PASSED] - println(symbol): null

2019-08-15 16:30:32 - [TEST_STEP][PASSED] - if (i == 2 &amp;&amp; wildList.indexOf(symbol) != -1): null

2019-08-15 16:30:32 - [TEST_STEP][PASSED] - if (i == 3 &amp;&amp; wildList.indexOf(symbol) != -1): null

2019-08-15 16:30:32 - [TEST_STEP][PASSED] - if (i == 4 &amp;&amp; wildList.indexOf(symbol) != -1): null

2019-08-15 16:30:32 - [TEST_STEP][PASSED] - symbols = symbols: null

2019-08-15 16:30:32 - [TEST_STEP][PASSED] - for ([j = 0, j &lt; symbols.size(), (j++)]): null

2019-08-15 16:30:32 - [TEST_STEP][PASSED] - symbol = symbol: null

2019-08-15 16:30:32 - [TEST_STEP][PASSED] - println(symbol): null

2019-08-15 16:30:32 - [TEST_STEP][PASSED] - if (i == 2 &amp;&amp; wildList.indexOf(symbol) != -1): null

2019-08-15 16:30:32 - [TEST_STEP][PASSED] - if (i == 3 &amp;&amp; wildList.indexOf(symbol) != -1): null

2019-08-15 16:30:32 - [TEST_STEP][PASSED] - if (i == 4 &amp;&amp; wildList.indexOf(symbol) != -1): null

2019-08-15 16:30:32 - [TEST_STEP][PASSED] - symbol = symbol: null

2019-08-15 16:30:32 - [TEST_STEP][PASSED] - println(symbol): null

2019-08-15 16:30:32 - [TEST_STEP][PASSED] - if (i == 2 &amp;&amp; wildList.indexOf(symbol) != -1): null

2019-08-15 16:30:32 - [TEST_STEP][PASSED] - if (i == 3 &amp;&amp; wildList.indexOf(symbol) != -1): null

2019-08-15 16:30:32 - [TEST_STEP][PASSED] - if (i == 4 &amp;&amp; wildList.indexOf(symbol) != -1): null

2019-08-15 16:30:32 - [TEST_STEP][PASSED] - symbol = symbol: null

2019-08-15 16:30:32 - [TEST_STEP][PASSED] - println(symbol): null

2019-08-15 16:30:32 - [TEST_STEP][PASSED] - if (i == 2 &amp;&amp; wildList.indexOf(symbol) != -1): null

2019-08-15 16:30:32 - [TEST_STEP][PASSED] - if (i == 3 &amp;&amp; wildList.indexOf(symbol) != -1): null

2019-08-15 16:30:32 - [TEST_STEP][PASSED] - if (i == 4 &amp;&amp; wildList.indexOf(symbol) != -1): null

2019-08-15 16:30:32 - [TEST_STEP][PASSED] - symbols = symbols: null

2019-08-15 16:30:32 - [TEST_STEP][PASSED] - for ([j = 0, j &lt; symbols.size(), (j++)]): null

2019-08-15 16:30:32 - [TEST_STEP][PASSED] - symbol = symbol: null

2019-08-15 16:30:32 - [TEST_STEP][PASSED] - println(symbol): null

2019-08-15 16:30:32 - [TEST_STEP][PASSED] - if (i == 2 &amp;&amp; wildList.indexOf(symbol) != -1): null

2019-08-15 16:30:32 - [TEST_STEP][PASSED] - if (i == 3 &amp;&amp; wildList.indexOf(symbol) != -1): null

2019-08-15 16:30:32 - [TEST_STEP][PASSED] - if (i == 4 &amp;&amp; wildList.indexOf(symbol) != -1): null

2019-08-15 16:30:32 - [TEST_STEP][PASSED] - symbol = symbol: null

2019-08-15 16:30:32 - [TEST_STEP][PASSED] - println(symbol): null

2019-08-15 16:30:32 - [TEST_STEP][PASSED] - if (i == 2 &amp;&amp; wildList.indexOf(symbol) != -1): null

2019-08-15 16:30:32 - [TEST_STEP][PASSED] - if (i == 3 &amp;&amp; wildList.indexOf(symbol) != -1): null

2019-08-15 16:30:32 - [TEST_STEP][PASSED] - if (i == 4 &amp;&amp; wildList.indexOf(symbol) != -1): null

2019-08-15 16:30:32 - [TEST_STEP][PASSED] - symbol = symbol: null

2019-08-15 16:30:32 - [TEST_STEP][PASSED] - println(symbol): null

2019-08-15 16:30:32 - [TEST_STEP][PASSED] - if (i == 2 &amp;&amp; wildList.indexOf(symbol) != -1): null

2019-08-15 16:30:32 - [TEST_STEP][PASSED] - if (i == 3 &amp;&amp; wildList.indexOf(symbol) != -1): null

2019-08-15 16:30:32 - [TEST_STEP][PASSED] - if (i == 4 &amp;&amp; wildList.indexOf(symbol) != -1): null

2019-08-15 16:30:32 - [TEST_STEP][PASSED] - symbols = symbols: null

2019-08-15 16:30:32 - [TEST_STEP][PASSED] - for ([j = 0, j &lt; symbols.size(), (j++)]): null

2019-08-15 16:30:32 - [TEST_STEP][PASSED] - symbol = symbol: null

2019-08-15 16:30:32 - [TEST_STEP][PASSED] - println(symbol): null

2019-08-15 16:30:32 - [TEST_STEP][PASSED] - if (i == 2 &amp;&amp; wildList.indexOf(symbol) != -1): null

2019-08-15 16:30:32 - [TEST_STEP][PASSED] - if (i == 3 &amp;&amp; wildList.indexOf(symbol) != -1): null

2019-08-15 16:30:32 - [TEST_STEP][PASSED] - if (i == 4 &amp;&amp; wildList.indexOf(symbol) != -1): null

2019-08-15 16:30:32 - [TEST_STEP][PASSED] - symbol = symbol: null

2019-08-15 16:30:32 - [TEST_STEP][PASSED] - println(symbol): null

2019-08-15 16:30:32 - [TEST_STEP][PASSED] - if (i == 2 &amp;&amp; wildList.indexOf(symbol) != -1): null

2019-08-15 16:30:32 - [TEST_STEP][PASSED] - if (i == 3 &amp;&amp; wildList.indexOf(symbol) != -1): null

2019-08-15 16:30:32 - [TEST_STEP][PASSED] - println("wild found on reel 4, adding counter by 1"): null

2019-08-15 16:30:32 - [TEST_STEP][PASSED] - free_spin_reel_counter[1] = free_spin_reel_counter[1] + 1: null

2019-08-15 16:30:32 - [TEST_STEP][PASSED] - if (i == 4 &amp;&amp; wildList.indexOf(symbol) != -1): null

2019-08-15 16:30:32 - [TEST_STEP][PASSED] - symbol = symbol: null

2019-08-15 16:30:32 - [TEST_STEP][PASSED] - println(symbol): null

2019-08-15 16:30:32 - [TEST_STEP][PASSED] - if (i == 2 &amp;&amp; wildList.indexOf(symbol) != -1): null

2019-08-15 16:30:32 - [TEST_STEP][PASSED] - if (i == 3 &amp;&amp; wildList.indexOf(symbol) != -1): null

2019-08-15 16:30:32 - [TEST_STEP][PASSED] - if (i == 4 &amp;&amp; wildList.indexOf(symbol) != -1): null

2019-08-15 16:30:32 - [TEST_STEP][PASSED] - symbols = symbols: null

2019-08-15 16:30:32 - [TEST_STEP][PASSED] - for ([j = 0, j &lt; symbols.size(), (j++)]): null

2019-08-15 16:30:32 - [TEST_STEP][PASSED] - symbol = symbol: null

2019-08-15 16:30:32 - [TEST_STEP][PASSED] - println(symbol): null

2019-08-15 16:30:32 - [TEST_STEP][PASSED] - if (i == 2 &amp;&amp; wildList.indexOf(symbol) != -1): null

2019-08-15 16:30:32 - [TEST_STEP][PASSED] - if (i == 3 &amp;&amp; wildList.indexOf(symbol) != -1): null

2019-08-15 16:30:32 - [TEST_STEP][PASSED] - if (i == 4 &amp;&amp; wildList.indexOf(symbol) != -1): null

2019-08-15 16:30:32 - [TEST_STEP][PASSED] - symbol = symbol: null

2019-08-15 16:30:32 - [TEST_STEP][PASSED] - println(symbol): null

2019-08-15 16:30:32 - [TEST_STEP][PASSED] - if (i == 2 &amp;&amp; wildList.indexOf(symbol) != -1): null

2019-08-15 16:30:32 - [TEST_STEP][PASSED] - if (i == 3 &amp;&amp; wildList.indexOf(symbol) != -1): null

2019-08-15 16:30:32 - [TEST_STEP][PASSED] - if (i == 4 &amp;&amp; wildList.indexOf(symbol) != -1): null

2019-08-15 16:30:32 - [TEST_STEP][PASSED] - symbol = symbol: null

2019-08-15 16:30:32 - [TEST_STEP][PASSED] - println(symbol): null

2019-08-15 16:30:32 - [TEST_STEP][PASSED] - if (i == 2 &amp;&amp; wildList.indexOf(symbol) != -1): null

2019-08-15 16:30:32 - [TEST_STEP][PASSED] - if (i == 3 &amp;&amp; wildList.indexOf(symbol) != -1): null

2019-08-15 16:30:32 - [TEST_STEP][PASSED] - if (i == 4 &amp;&amp; wildList.indexOf(symbol) != -1): null

2019-08-15 16:30:32 - [TEST_STEP][PASSED] - free_spin_reel_counter = free_spin_reel_counter: null

2019-08-15 16:30:32 - [TEST_STEP][PASSED] - println("reel 3 wild found: " + free_spin_reel_counter[0]): null

2019-08-15 16:30:32 - [TEST_STEP][PASSED] - println("reel 4 wild found: " + free_spin_reel_counter[1]): null

2019-08-15 16:30:32 - [TEST_STEP][PASSED] - println("reel 5 wild found: " + free_spin_reel_counter[2]): null

2019-08-15 16:30:32 - [TEST_STEP][PASSED] - M4_spin_reels = M4_spin_reels: null

2019-08-15 16:30:32 - [TEST_STEP][PASSED] - M4_spin_reels_symbols = symbol: null

2019-08-15 16:30:32 - [TEST_STEP][PASSED] - M4_spin_reels_symbols = M4_spin_reels_symbols: null

2019-08-15 16:30:32 - [TEST_STEP][PASSED] - M4_spin_reel_wins = reel_wins: null

2019-08-15 16:30:32 - [TEST_STEP][PASSED] - M4_spin_reel_wins = M4_spin_reel_wins: null

2019-08-15 16:30:32 - [TEST_STEP][PASSED] - println("GlobalVariable.M4_spin_reel_wins is: " + M4_spin_reel_wins): null

2019-08-15 16:30:32 - [TEST_STEP][PASSED] - M4_spin_total_bonus_win_this_round = total_bonus_win_this_round: null

2019-08-15 16:30:32 - [TEST_STEP][PASSED] - M4_spin_total_bonus_win_this_round = M4_spin_total_bonus_win_this_round: null

2019-08-15 16:30:32 - [TEST_STEP][PASSED] - println("GlobalVariable.M4_spin_total_bonus_win_this_round is: " + M4_spin_total_bonus_win_this_round): null

2019-08-15 16:30:32 - [MESSAGE][PASSED] - Verify response successfully

2019-08-15 16:30:32 - [MESSAGE][PASSED] - Send request and verify the response successfully

2019-08-15 16:30:32 - [TEST_STEP][PASSED] - if (M4_total_bonus_spins_int != 0 &amp;&amp; M4_spin_reels_symbols[2].contains("WILD_Normal") || M4_spin_reels_symbols[3].contains("WILD_Normal") || M4_spin_reels_symbols[4].contains("WILD_Normal")): null

2019-08-15 16:30:32 - [TEST_STEP][PASSED] - free_spin_reel_counter = free_spin_reel_counter: null

2019-08-15 16:30:32 - [TEST_STEP][PASSED] - M4_spin_reels_symbols = M4_spin_reels_symbols: null

2019-08-15 16:30:32 - [TEST_STEP][PASSED] - M4_total_bonus_spins = M4_total_bonus_spins: null

2019-08-15 16:30:32 - [TEST_STEP][PASSED] - spin_result = sendRequestAndVerify(findTestObject("STG/RGS(M4)/1_M4_spin", ["M4_login_user_id":M4_login_user_id, "rgs_session_token":rgs_session_token, "partner":Partner])): Send request and verify the response successfully

2019-08-15 16:30:32 - [TEST_CASE][PASSED] - Start Test Case : Verification: Verification accomplished successfully

2019-08-15 16:30:32 - [TEST_STEP][PASSED] - request = getInstance().getCurrentRequest(): null

2019-08-15 16:30:32 - [TEST_STEP][PASSED] - response = getInstance().getCurrentResponse(): null

2019-08-15 16:30:32 - [TEST_STEP][PASSED] - verifyResponseStatusCode(response, 200): Verify response status code successfully

2019-08-15 16:30:32 - [MESSAGE][PASSED] - Verify response status code successfully

2019-08-15 16:30:32 - [TEST_STEP][PASSED] - getStatusCode()).isEqualTo(200): null

2019-08-15 16:30:32 - [TEST_STEP][PASSED] - newline = System.getProperty("line.separator"): null

2019-08-15 16:30:32 - [TEST_STEP][PASSED] - M4_spin = new groovy.json.JsonSlurper(): null

2019-08-15 16:30:32 - [TEST_STEP][PASSED] - result_M4_spin = M4_spin.parseText(response.getResponseBodyContent()): null

2019-08-15 16:30:32 - [TEST_STEP][PASSED] - M4_spin_current_balance = current_balance: null

2019-08-15 16:30:32 - [TEST_STEP][PASSED] - M4_spin_current_balance = M4_spin_current_balance: null

2019-08-15 16:30:32 - [TEST_STEP][PASSED] - M4_spin_transaction_id = causality: null

2019-08-15 16:30:32 - [TEST_STEP][PASSED] - M4_spin_transaction_id = M4_spin_transaction_id: null

2019-08-15 16:30:32 - [TEST_STEP][PASSED] - M4_spin_round_id = round_id: null

2019-08-15 16:30:32 - [TEST_STEP][PASSED] - M4_spin_round_id = M4_spin_round_id: null

2019-08-15 16:30:32 - [TEST_STEP][PASSED] - M4_spin_line_wins = line_wins: null

2019-08-15 16:30:32 - [TEST_STEP][PASSED] - M4_spin_line_wins = M4_spin_line_wins: null

2019-08-15 16:30:32 - [TEST_STEP][PASSED] - M4_total_bonus_spins_int = total_bonus_spins: null

2019-08-15 16:30:32 - [TEST_STEP][PASSED] - println("******M4_total_bonus_spins type is:*******" + newline + getClass().getName()): null

2019-08-15 16:30:36 - [TEST_STEP][PASSED] - M4_total_bonus_spins_int = M4_total_bonus_spins_int: null

2019-08-15 16:30:36 - [TEST_STEP][PASSED] - M4_total_bonus_spins = Integer.toString(M4_total_bonus_spins_int): null

2019-08-15 16:30:36 - [TEST_STEP][PASSED] - M4_total_bonus_spins = M4_total_bonus_spins: null

2019-08-15 16:30:36 - [TEST_STEP][PASSED] - println("M4_total_bonus_spins is:" + M4_total_bonus_spins): null

2019-08-15 16:30:36 - [TEST_STEP][PASSED] - M4_spin_bonus_data = bonus_data: null

2019-08-15 16:30:36 - [TEST_STEP][PASSED] - M4_spin_features_triggered = result_M4_spin: null

2019-08-15 16:30:36 - [TEST_STEP][PASSED] - wild = []: null

2019-08-15 16:30:36 - [TEST_STEP][PASSED] - wild[0] = "WILD_Expanding": null

2019-08-15 16:30:36 - [TEST_STEP][PASSED] - wild[1] = "WILD_Normal": null

2019-08-15 16:30:36 - [TEST_STEP][PASSED] - wild[2] = "WILD_Double": null

2019-08-15 16:30:38 - [TEST_STEP][PASSED] - wild[3] = "WILD_ExtraFG": null

2019-08-15 16:30:38 - [TEST_STEP][PASSED] - wild[4] = "WILD_Triple": null

2019-08-15 16:30:38 - [TEST_STEP][PASSED] - wildList = Arrays.asList(wild): null

2019-08-15 16:30:38 - [TEST_STEP][PASSED] - wildList = wildList: null

2019-08-15 16:30:38 - [TEST_STEP][PASSED] - free_spin_reel_counter = []: null

2019-08-15 16:30:38 - [TEST_STEP][PASSED] - free_spin_reel_counter[0] = 0: null

2019-08-15 16:30:38 - [TEST_STEP][PASSED] - free_spin_reel_counter[1] = 0: null

2019-08-15 16:30:38 - [TEST_STEP][PASSED] - free_spin_reel_counter[2] = 0: null

2019-08-15 16:30:38 - [TEST_STEP][PASSED] - M4_spin_reels = reels: null

2019-08-15 16:30:38 - [TEST_STEP][PASSED] - for ([i = 0, i &lt; M4_spin_reels.size(), (i++)]): null

2019-08-15 16:30:38 - [TEST_STEP][PASSED] - symbols = symbols: null

2019-08-15 16:30:38 - [TEST_STEP][PASSED] - for ([j = 0, j &lt; symbols.size(), (j++)]): null

2019-08-15 16:30:38 - [TEST_STEP][PASSED] - symbol = symbol: null

2019-08-15 16:30:38 - [TEST_STEP][PASSED] - println(symbol): null

2019-08-15 16:30:38 - [TEST_STEP][PASSED] - if (i == 2 &amp;&amp; wildList.indexOf(symbol) != -1): null

2019-08-15 16:30:38 - [TEST_STEP][PASSED] - if (i == 3 &amp;&amp; wildList.indexOf(symbol) != -1): null

2019-08-15 16:30:38 - [TEST_STEP][PASSED] - if (i == 4 &amp;&amp; wildList.indexOf(symbol) != -1): null

2019-08-15 16:30:38 - [TEST_STEP][PASSED] - symbol = symbol: null

2019-08-15 16:30:38 - [TEST_STEP][PASSED] - println(symbol): null

2019-08-15 16:30:38 - [TEST_STEP][PASSED] - if (i == 2 &amp;&amp; wildList.indexOf(symbol) != -1): null

2019-08-15 16:30:38 - [TEST_STEP][PASSED] - if (i == 3 &amp;&amp; wildList.indexOf(symbol) != -1): null

2019-08-15 16:30:38 - [TEST_STEP][PASSED] - if (i == 4 &amp;&amp; wildList.indexOf(symbol) != -1): null

2019-08-15 16:30:38 - [TEST_STEP][PASSED] - symbol = symbol: null

2019-08-15 16:30:38 - [TEST_STEP][PASSED] - println(symbol): null

2019-08-15 16:30:38 - [TEST_STEP][PASSED] - if (i == 2 &amp;&amp; wildList.indexOf(symbol) != -1): null

2019-08-15 16:30:38 - [TEST_STEP][PASSED] - if (i == 3 &amp;&amp; wildList.indexOf(symbol) != -1): null

2019-08-15 16:30:38 - [TEST_STEP][PASSED] - if (i == 4 &amp;&amp; wildList.indexOf(symbol) != -1): null

2019-08-15 16:30:38 - [TEST_STEP][PASSED] - symbols = symbols: null

2019-08-15 16:30:38 - [TEST_STEP][PASSED] - for ([j = 0, j &lt; symbols.size(), (j++)]): null

2019-08-15 16:30:38 - [TEST_STEP][PASSED] - symbol = symbol: null

2019-08-15 16:30:38 - [TEST_STEP][PASSED] - println(symbol): null

2019-08-15 16:30:38 - [TEST_STEP][PASSED] - if (i == 2 &amp;&amp; wildList.indexOf(symbol) != -1): null

2019-08-15 16:30:38 - [TEST_STEP][PASSED] - if (i == 3 &amp;&amp; wildList.indexOf(symbol) != -1): null

2019-08-15 16:30:38 - [TEST_STEP][PASSED] - if (i == 4 &amp;&amp; wildList.indexOf(symbol) != -1): null

2019-08-15 16:30:38 - [TEST_STEP][PASSED] - symbol = symbol: null

2019-08-15 16:30:38 - [TEST_STEP][PASSED] - println(symbol): null

2019-08-15 16:30:38 - [TEST_STEP][PASSED] - if (i == 2 &amp;&amp; wildList.indexOf(symbol) != -1): null

2019-08-15 16:30:38 - [TEST_STEP][PASSED] - if (i == 3 &amp;&amp; wildList.indexOf(symbol) != -1): null

2019-08-15 16:30:38 - [TEST_STEP][PASSED] - if (i == 4 &amp;&amp; wildList.indexOf(symbol) != -1): null

2019-08-15 16:30:38 - [TEST_STEP][PASSED] - symbol = symbol: null

2019-08-15 16:30:38 - [TEST_STEP][PASSED] - println(symbol): null

2019-08-15 16:30:38 - [TEST_STEP][PASSED] - if (i == 2 &amp;&amp; wildList.indexOf(symbol) != -1): null

2019-08-15 16:30:38 - [TEST_STEP][PASSED] - if (i == 3 &amp;&amp; wildList.indexOf(symbol) != -1): null

2019-08-15 16:30:38 - [TEST_STEP][PASSED] - if (i == 4 &amp;&amp; wildList.indexOf(symbol) != -1): null

2019-08-15 16:30:38 - [TEST_STEP][PASSED] - symbols = symbols: null

2019-08-15 16:30:38 - [TEST_STEP][PASSED] - for ([j = 0, j &lt; symbols.size(), (j++)]): null

2019-08-15 16:30:38 - [TEST_STEP][PASSED] - symbol = symbol: null

2019-08-15 16:30:38 - [TEST_STEP][PASSED] - println(symbol): null

2019-08-15 16:30:38 - [TEST_STEP][PASSED] - if (i == 2 &amp;&amp; wildList.indexOf(symbol) != -1): null

2019-08-15 16:30:38 - [TEST_STEP][PASSED] - if (i == 3 &amp;&amp; wildList.indexOf(symbol) != -1): null

2019-08-15 16:30:38 - [TEST_STEP][PASSED] - if (i == 4 &amp;&amp; wildList.indexOf(symbol) != -1): null

2019-08-15 16:30:38 - [TEST_STEP][PASSED] - symbol = symbol: null

2019-08-15 16:30:38 - [TEST_STEP][PASSED] - println(symbol): null

2019-08-15 16:30:38 - [TEST_STEP][PASSED] - if (i == 2 &amp;&amp; wildList.indexOf(symbol) != -1): null

2019-08-15 16:30:38 - [TEST_STEP][PASSED] - if (i == 3 &amp;&amp; wildList.indexOf(symbol) != -1): null

2019-08-15 16:30:38 - [TEST_STEP][PASSED] - if (i == 4 &amp;&amp; wildList.indexOf(symbol) != -1): null

2019-08-15 16:30:38 - [TEST_STEP][PASSED] - symbol = symbol: null

2019-08-15 16:30:38 - [TEST_STEP][PASSED] - println(symbol): null

2019-08-15 16:30:38 - [TEST_STEP][PASSED] - if (i == 2 &amp;&amp; wildList.indexOf(symbol) != -1): null

2019-08-15 16:30:38 - [TEST_STEP][PASSED] - println("wild found on reel 3, adding counter by 1"): null

2019-08-15 16:30:38 - [TEST_STEP][PASSED] - free_spin_reel_counter[0] = free_spin_reel_counter[0] + 1: null

2019-08-15 16:30:38 - [TEST_STEP][PASSED] - if (i == 3 &amp;&amp; wildList.indexOf(symbol) != -1): null

2019-08-15 16:30:38 - [TEST_STEP][PASSED] - if (i == 4 &amp;&amp; wildList.indexOf(symbol) != -1): null

2019-08-15 16:30:38 - [TEST_STEP][PASSED] - symbols = symbols: null

2019-08-15 16:30:38 - [TEST_STEP][PASSED] - for ([j = 0, j &lt; symbols.size(), (j++)]): null

2019-08-15 16:30:38 - [TEST_STEP][PASSED] - symbol = symbol: null

2019-08-15 16:30:38 - [TEST_STEP][PASSED] - println(symbol): null

2019-08-15 16:30:38 - [TEST_STEP][PASSED] - if (i == 2 &amp;&amp; wildList.indexOf(symbol) != -1): null

2019-08-15 16:30:38 - [TEST_STEP][PASSED] - if (i == 3 &amp;&amp; wildList.indexOf(symbol) != -1): null

2019-08-15 16:30:38 - [TEST_STEP][PASSED] - if (i == 4 &amp;&amp; wildList.indexOf(symbol) != -1): null

2019-08-15 16:30:38 - [TEST_STEP][PASSED] - symbol = symbol: null

2019-08-15 16:30:38 - [TEST_STEP][PASSED] - println(symbol): null

2019-08-15 16:30:38 - [TEST_STEP][PASSED] - if (i == 2 &amp;&amp; wildList.indexOf(symbol) != -1): null

2019-08-15 16:30:38 - [TEST_STEP][PASSED] - if (i == 3 &amp;&amp; wildList.indexOf(symbol) != -1): null

2019-08-15 16:30:38 - [TEST_STEP][PASSED] - if (i == 4 &amp;&amp; wildList.indexOf(symbol) != -1): null

2019-08-15 16:30:38 - [TEST_STEP][PASSED] - symbol = symbol: null

2019-08-15 16:30:38 - [TEST_STEP][PASSED] - println(symbol): null

2019-08-15 16:30:38 - [TEST_STEP][PASSED] - if (i == 2 &amp;&amp; wildList.indexOf(symbol) != -1): null

2019-08-15 16:30:38 - [TEST_STEP][PASSED] - if (i == 3 &amp;&amp; wildList.indexOf(symbol) != -1): null

2019-08-15 16:30:38 - [TEST_STEP][PASSED] - if (i == 4 &amp;&amp; wildList.indexOf(symbol) != -1): null

2019-08-15 16:30:38 - [TEST_STEP][PASSED] - symbols = symbols: null

2019-08-15 16:30:38 - [TEST_STEP][PASSED] - for ([j = 0, j &lt; symbols.size(), (j++)]): null

2019-08-15 16:30:38 - [TEST_STEP][PASSED] - symbol = symbol: null

2019-08-15 16:30:38 - [TEST_STEP][PASSED] - println(symbol): null

2019-08-15 16:30:38 - [TEST_STEP][PASSED] - if (i == 2 &amp;&amp; wildList.indexOf(symbol) != -1): null

2019-08-15 16:30:38 - [TEST_STEP][PASSED] - if (i == 3 &amp;&amp; wildList.indexOf(symbol) != -1): null

2019-08-15 16:30:38 - [TEST_STEP][PASSED] - if (i == 4 &amp;&amp; wildList.indexOf(symbol) != -1): null

2019-08-15 16:30:38 - [TEST_STEP][PASSED] - symbol = symbol: null

2019-08-15 16:30:38 - [TEST_STEP][PASSED] - println(symbol): null

2019-08-15 16:30:38 - [TEST_STEP][PASSED] - if (i == 2 &amp;&amp; wildList.indexOf(symbol) != -1): null

2019-08-15 16:30:38 - [TEST_STEP][PASSED] - if (i == 3 &amp;&amp; wildList.indexOf(symbol) != -1): null

2019-08-15 16:30:38 - [TEST_STEP][PASSED] - if (i == 4 &amp;&amp; wildList.indexOf(symbol) != -1): null

2019-08-15 16:30:38 - [TEST_STEP][PASSED] - symbol = symbol: null

2019-08-15 16:30:38 - [TEST_STEP][PASSED] - println(symbol): null

2019-08-15 16:30:38 - [TEST_STEP][PASSED] - if (i == 2 &amp;&amp; wildList.indexOf(symbol) != -1): null

2019-08-15 16:30:38 - [TEST_STEP][PASSED] - if (i == 3 &amp;&amp; wildList.indexOf(symbol) != -1): null

2019-08-15 16:30:38 - [TEST_STEP][PASSED] - if (i == 4 &amp;&amp; wildList.indexOf(symbol) != -1): null

2019-08-15 16:30:38 - [TEST_STEP][PASSED] - free_spin_reel_counter = free_spin_reel_counter: null

2019-08-15 16:30:38 - [TEST_STEP][PASSED] - println("reel 3 wild found: " + free_spin_reel_counter[0]): null

2019-08-15 16:30:38 - [TEST_STEP][PASSED] - println("reel 4 wild found: " + free_spin_reel_counter[1]): null

2019-08-15 16:30:38 - [TEST_STEP][PASSED] - println("reel 5 wild found: " + free_spin_reel_counter[2]): null

2019-08-15 16:30:38 - [TEST_STEP][PASSED] - M4_spin_reels = M4_spin_reels: null

2019-08-15 16:30:38 - [TEST_STEP][PASSED] - M4_spin_reels_symbols = symbol: null

2019-08-15 16:30:38 - [TEST_STEP][PASSED] - M4_spin_reels_symbols = M4_spin_reels_symbols: null

2019-08-15 16:30:38 - [TEST_STEP][PASSED] - M4_spin_reel_wins = reel_wins: null

2019-08-15 16:30:38 - [TEST_STEP][PASSED] - M4_spin_reel_wins = M4_spin_reel_wins: null

2019-08-15 16:30:38 - [TEST_STEP][PASSED] - println("GlobalVariable.M4_spin_reel_wins is: " + M4_spin_reel_wins): null

2019-08-15 16:30:38 - [TEST_STEP][PASSED] - M4_spin_total_bonus_win_this_round = total_bonus_win_this_round: null

2019-08-15 16:30:38 - [TEST_STEP][PASSED] - M4_spin_total_bonus_win_this_round = M4_spin_total_bonus_win_this_round: null

2019-08-15 16:30:38 - [TEST_STEP][PASSED] - println("GlobalVariable.M4_spin_total_bonus_win_this_round is: " + M4_spin_total_bonus_win_this_round): null

2019-08-15 16:30:38 - [MESSAGE][PASSED] - Verify response successfully

2019-08-15 16:30:38 - [MESSAGE][PASSED] - Send request and verify the response successfully

2019-08-15 16:30:38 - [TEST_STEP][PASSED] - if (M4_total_bonus_spins_int != 0 &amp;&amp; M4_spin_reels_symbols[2].contains("WILD_Normal") || M4_spin_reels_symbols[3].contains("WILD_Normal") || M4_spin_reels_symbols[4].contains("WILD_Normal")): null

2019-08-15 16:30:38 - [TEST_STEP][PASSED] - free_spin_reel_counter = free_spin_reel_counter: null

2019-08-15 16:30:38 - [TEST_STEP][PASSED] - M4_spin_reels_symbols = M4_spin_reels_symbols: null

2019-08-15 16:30:38 - [TEST_STEP][PASSED] - M4_total_bonus_spins = M4_total_bonus_spins: null

2019-08-15 16:30:38 - [TEST_STEP][PASSED] - spin_result = sendRequestAndVerify(findTestObject("STG/RGS(M4)/1_M4_spin", ["M4_login_user_id":M4_login_user_id, "rgs_session_token":rgs_session_token, "partner":Partner])): Send request and verify the response successfully

2019-08-15 16:30:39 - [TEST_CASE][PASSED] - Start Test Case : Verification: Verification accomplished successfully

2019-08-15 16:30:39 - [TEST_STEP][PASSED] - request = getInstance().getCurrentRequest(): null

2019-08-15 16:30:39 - [TEST_STEP][PASSED] - response = getInstance().getCurrentResponse(): null

2019-08-15 16:30:39 - [TEST_STEP][PASSED] - verifyResponseStatusCode(response, 200): Verify response status code successfully

2019-08-15 16:30:39 - [MESSAGE][PASSED] - Verify response status code successfully

2019-08-15 16:30:39 - [TEST_STEP][PASSED] - getStatusCode()).isEqualTo(200): null

2019-08-15 16:30:39 - [TEST_STEP][PASSED] - newline = System.getProperty("line.separator"): null

2019-08-15 16:30:39 - [TEST_STEP][PASSED] - M4_spin = new groovy.json.JsonSlurper(): null

2019-08-15 16:30:39 - [TEST_STEP][PASSED] - result_M4_spin = M4_spin.parseText(response.getResponseBodyContent()): null

2019-08-15 16:30:39 - [TEST_STEP][PASSED] - M4_spin_current_balance = current_balance: null

2019-08-15 16:30:39 - [TEST_STEP][PASSED] - M4_spin_current_balance = M4_spin_current_balance: null

2019-08-15 16:30:39 - [TEST_STEP][PASSED] - M4_spin_transaction_id = causality: null

2019-08-15 16:30:39 - [TEST_STEP][PASSED] - M4_spin_transaction_id = M4_spin_transaction_id: null

2019-08-15 16:30:39 - [TEST_STEP][PASSED] - M4_spin_round_id = round_id: null

2019-08-15 16:30:39 - [TEST_STEP][PASSED] - M4_spin_round_id = M4_spin_round_id: null

2019-08-15 16:30:39 - [TEST_STEP][PASSED] - M4_spin_line_wins = line_wins: null

2019-08-15 16:30:39 - [TEST_STEP][PASSED] - M4_spin_line_wins = M4_spin_line_wins: null

2019-08-15 16:30:39 - [TEST_STEP][PASSED] - M4_total_bonus_spins_int = total_bonus_spins: null

2019-08-15 16:30:39 - [TEST_STEP][PASSED] - println("******M4_total_bonus_spins type is:*******" + newline + getClass().getName()): null

2019-08-15 16:30:39 - [TEST_STEP][PASSED] - M4_total_bonus_spins_int = M4_total_bonus_spins_int: null

2019-08-15 16:30:39 - [TEST_STEP][PASSED] - M4_total_bonus_spins = Integer.toString(M4_total_bonus_spins_int): null

2019-08-15 16:30:39 - [TEST_STEP][PASSED] - M4_total_bonus_spins = M4_total_bonus_spins: null

2019-08-15 16:30:39 - [TEST_STEP][PASSED] - println("M4_total_bonus_spins is:" + M4_total_bonus_spins): null

2019-08-15 16:30:39 - [TEST_STEP][PASSED] - M4_spin_bonus_data = bonus_data: null

2019-08-15 16:30:39 - [TEST_STEP][PASSED] - M4_spin_features_triggered = result_M4_spin: null

2019-08-15 16:30:39 - [TEST_STEP][PASSED] - wild = []: null

2019-08-15 16:30:39 - [TEST_STEP][PASSED] - wild[0] = "WILD_Expanding": null

2019-08-15 16:30:39 - [TEST_STEP][PASSED] - wild[1] = "WILD_Normal": null

2019-08-15 16:30:39 - [TEST_STEP][PASSED] - wild[2] = "WILD_Double": null

2019-08-15 16:30:39 - [TEST_STEP][PASSED] - wild[3] = "WILD_ExtraFG": null

2019-08-15 16:30:39 - [TEST_STEP][PASSED] - wild[4] = "WILD_Triple": null

2019-08-15 16:30:39 - [TEST_STEP][PASSED] - wildList = Arrays.asList(wild): null

2019-08-15 16:30:39 - [TEST_STEP][PASSED] - wildList = wildList: null

2019-08-15 16:30:39 - [TEST_STEP][PASSED] - free_spin_reel_counter = []: null

2019-08-15 16:30:39 - [TEST_STEP][PASSED] - free_spin_reel_counter[0] = 0: null

2019-08-15 16:30:39 - [TEST_STEP][PASSED] - free_spin_reel_counter[1] = 0: null

2019-08-15 16:30:39 - [TEST_STEP][PASSED] - free_spin_reel_counter[2] = 0: null

2019-08-15 16:30:39 - [TEST_STEP][PASSED] - M4_spin_reels = reels: null

2019-08-15 16:30:39 - [TEST_STEP][PASSED] - for ([i = 0, i &lt; M4_spin_reels.size(), (i++)]): null

2019-08-15 16:30:39 - [TEST_STEP][PASSED] - symbols = symbols: null

2019-08-15 16:30:39 - [TEST_STEP][PASSED] - for ([j = 0, j &lt; symbols.size(), (j++)]): null

2019-08-15 16:30:39 - [TEST_STEP][PASSED] - symbol = symbol: null

2019-08-15 16:30:39 - [TEST_STEP][PASSED] - println(symbol): null

2019-08-15 16:30:39 - [TEST_STEP][PASSED] - if (i == 2 &amp;&amp; wildList.indexOf(symbol) != -1): null

2019-08-15 16:30:39 - [TEST_STEP][PASSED] - if (i == 3 &amp;&amp; wildList.indexOf(symbol) != -1): null

2019-08-15 16:30:39 - [TEST_STEP][PASSED] - if (i == 4 &amp;&amp; wildList.indexOf(symbol) != -1): null

2019-08-15 16:30:39 - [TEST_STEP][PASSED] - symbol = symbol: null

2019-08-15 16:30:39 - [TEST_STEP][PASSED] - println(symbol): null

2019-08-15 16:30:39 - [TEST_STEP][PASSED] - if (i == 2 &amp;&amp; wildList.indexOf(symbol) != -1): null

2019-08-15 16:30:39 - [TEST_STEP][PASSED] - if (i == 3 &amp;&amp; wildList.indexOf(symbol) != -1): null

2019-08-15 16:30:39 - [TEST_STEP][PASSED] - if (i == 4 &amp;&amp; wildList.indexOf(symbol) != -1): null

2019-08-15 16:30:39 - [TEST_STEP][PASSED] - symbol = symbol: null

2019-08-15 16:30:39 - [TEST_STEP][PASSED] - println(symbol): null

2019-08-15 16:30:39 - [TEST_STEP][PASSED] - if (i == 2 &amp;&amp; wildList.indexOf(symbol) != -1): null

2019-08-15 16:30:39 - [TEST_STEP][PASSED] - if (i == 3 &amp;&amp; wildList.indexOf(symbol) != -1): null

2019-08-15 16:30:39 - [TEST_STEP][PASSED] - if (i == 4 &amp;&amp; wildList.indexOf(symbol) != -1): null

2019-08-15 16:30:39 - [TEST_STEP][PASSED] - symbols = symbols: null

2019-08-15 16:30:39 - [TEST_STEP][PASSED] - for ([j = 0, j &lt; symbols.size(), (j++)]): null

2019-08-15 16:30:39 - [TEST_STEP][PASSED] - symbol = symbol: null

2019-08-15 16:30:39 - [TEST_STEP][PASSED] - println(symbol): null

2019-08-15 16:30:39 - [TEST_STEP][PASSED] - if (i == 2 &amp;&amp; wildList.indexOf(symbol) != -1): null

2019-08-15 16:30:39 - [TEST_STEP][PASSED] - if (i == 3 &amp;&amp; wildList.indexOf(symbol) != -1): null

2019-08-15 16:30:39 - [TEST_STEP][PASSED] - if (i == 4 &amp;&amp; wildList.indexOf(symbol) != -1): null

2019-08-15 16:30:39 - [TEST_STEP][PASSED] - symbol = symbol: null

2019-08-15 16:30:39 - [TEST_STEP][PASSED] - println(symbol): null

2019-08-15 16:30:39 - [TEST_STEP][PASSED] - if (i == 2 &amp;&amp; wildList.indexOf(symbol) != -1): null

2019-08-15 16:30:39 - [TEST_STEP][PASSED] - if (i == 3 &amp;&amp; wildList.indexOf(symbol) != -1): null

2019-08-15 16:30:39 - [TEST_STEP][PASSED] - if (i == 4 &amp;&amp; wildList.indexOf(symbol) != -1): null

2019-08-15 16:30:39 - [TEST_STEP][PASSED] - symbol = symbol: null

2019-08-15 16:30:39 - [TEST_STEP][PASSED] - println(symbol): null

2019-08-15 16:30:39 - [TEST_STEP][PASSED] - if (i == 2 &amp;&amp; wildList.indexOf(symbol) != -1): null

2019-08-15 16:30:39 - [TEST_STEP][PASSED] - if (i == 3 &amp;&amp; wildList.indexOf(symbol) != -1): null

2019-08-15 16:30:39 - [TEST_STEP][PASSED] - if (i == 4 &amp;&amp; wildList.indexOf(symbol) != -1): null

2019-08-15 16:30:39 - [TEST_STEP][PASSED] - symbols = symbols: null

2019-08-15 16:30:39 - [TEST_STEP][PASSED] - for ([j = 0, j &lt; symbols.size(), (j++)]): null

2019-08-15 16:30:39 - [TEST_STEP][PASSED] - symbol = symbol: null

2019-08-15 16:30:39 - [TEST_STEP][PASSED] - println(symbol): null

2019-08-15 16:30:39 - [TEST_STEP][PASSED] - if (i == 2 &amp;&amp; wildList.indexOf(symbol) != -1): null

2019-08-15 16:30:39 - [TEST_STEP][PASSED] - if (i == 3 &amp;&amp; wildList.indexOf(symbol) != -1): null

2019-08-15 16:30:39 - [TEST_STEP][PASSED] - if (i == 4 &amp;&amp; wildList.indexOf(symbol) != -1): null

2019-08-15 16:30:39 - [TEST_STEP][PASSED] - symbol = symbol: null

2019-08-15 16:30:39 - [TEST_STEP][PASSED] - println(symbol): null

2019-08-15 16:30:39 - [TEST_STEP][PASSED] - if (i == 2 &amp;&amp; wildList.indexOf(symbol) != -1): null

2019-08-15 16:30:39 - [TEST_STEP][PASSED] - if (i == 3 &amp;&amp; wildList.indexOf(symbol) != -1): null

2019-08-15 16:30:39 - [TEST_STEP][PASSED] - if (i == 4 &amp;&amp; wildList.indexOf(symbol) != -1): null

2019-08-15 16:30:39 - [TEST_STEP][PASSED] - symbol = symbol: null

2019-08-15 16:30:39 - [TEST_STEP][PASSED] - println(symbol): null

2019-08-15 16:30:39 - [TEST_STEP][PASSED] - if (i == 2 &amp;&amp; wildList.indexOf(symbol) != -1): null

2019-08-15 16:30:39 - [TEST_STEP][PASSED] - if (i == 3 &amp;&amp; wildList.indexOf(symbol) != -1): null

2019-08-15 16:30:39 - [TEST_STEP][PASSED] - if (i == 4 &amp;&amp; wildList.indexOf(symbol) != -1): null

2019-08-15 16:30:39 - [TEST_STEP][PASSED] - symbols = symbols: null

2019-08-15 16:30:39 - [TEST_STEP][PASSED] - for ([j = 0, j &lt; symbols.size(), (j++)]): null

2019-08-15 16:30:39 - [TEST_STEP][PASSED] - symbol = symbol: null

2019-08-15 16:30:39 - [TEST_STEP][PASSED] - println(symbol): null

2019-08-15 16:30:39 - [TEST_STEP][PASSED] - if (i == 2 &amp;&amp; wildList.indexOf(symbol) != -1): null

2019-08-15 16:30:39 - [TEST_STEP][PASSED] - if (i == 3 &amp;&amp; wildList.indexOf(symbol) != -1): null

2019-08-15 16:30:39 - [TEST_STEP][PASSED] - if (i == 4 &amp;&amp; wildList.indexOf(symbol) != -1): null

2019-08-15 16:30:39 - [TEST_STEP][PASSED] - symbol = symbol: null

2019-08-15 16:30:39 - [TEST_STEP][PASSED] - println(symbol): null

2019-08-15 16:30:39 - [TEST_STEP][PASSED] - if (i == 2 &amp;&amp; wildList.indexOf(symbol) != -1): null

2019-08-15 16:30:39 - [TEST_STEP][PASSED] - if (i == 3 &amp;&amp; wildList.indexOf(symbol) != -1): null

2019-08-15 16:30:39 - [TEST_STEP][PASSED] - if (i == 4 &amp;&amp; wildList.indexOf(symbol) != -1): null

2019-08-15 16:30:39 - [TEST_STEP][PASSED] - symbol = symbol: null

2019-08-15 16:30:39 - [TEST_STEP][PASSED] - println(symbol): null

2019-08-15 16:30:39 - [TEST_STEP][PASSED] - if (i == 2 &amp;&amp; wildList.indexOf(symbol) != -1): null

2019-08-15 16:30:39 - [TEST_STEP][PASSED] - if (i == 3 &amp;&amp; wildList.indexOf(symbol) != -1): null

2019-08-15 16:30:39 - [TEST_STEP][PASSED] - if (i == 4 &amp;&amp; wildList.indexOf(symbol) != -1): null

2019-08-15 16:30:39 - [TEST_STEP][PASSED] - symbols = symbols: null

2019-08-15 16:30:39 - [TEST_STEP][PASSED] - for ([j = 0, j &lt; symbols.size(), (j++)]): null

2019-08-15 16:30:39 - [TEST_STEP][PASSED] - symbol = symbol: null

2019-08-15 16:30:39 - [TEST_STEP][PASSED] - println(symbol): null

2019-08-15 16:30:39 - [TEST_STEP][PASSED] - if (i == 2 &amp;&amp; wildList.indexOf(symbol) != -1): null

2019-08-15 16:30:39 - [TEST_STEP][PASSED] - if (i == 3 &amp;&amp; wildList.indexOf(symbol) != -1): null

2019-08-15 16:30:39 - [TEST_STEP][PASSED] - if (i == 4 &amp;&amp; wildList.indexOf(symbol) != -1): null

2019-08-15 16:30:39 - [TEST_STEP][PASSED] - symbol = symbol: null

2019-08-15 16:30:39 - [TEST_STEP][PASSED] - println(symbol): null

2019-08-15 16:30:39 - [TEST_STEP][PASSED] - if (i == 2 &amp;&amp; wildList.indexOf(symbol) != -1): null

2019-08-15 16:30:39 - [TEST_STEP][PASSED] - if (i == 3 &amp;&amp; wildList.indexOf(symbol) != -1): null

2019-08-15 16:30:39 - [TEST_STEP][PASSED] - if (i == 4 &amp;&amp; wildList.indexOf(symbol) != -1): null

2019-08-15 16:30:39 - [TEST_STEP][PASSED] - symbol = symbol: null

2019-08-15 16:30:39 - [TEST_STEP][PASSED] - println(symbol): null

2019-08-15 16:30:39 - [TEST_STEP][PASSED] - if (i == 2 &amp;&amp; wildList.indexOf(symbol) != -1): null

2019-08-15 16:30:39 - [TEST_STEP][PASSED] - if (i == 3 &amp;&amp; wildList.indexOf(symbol) != -1): null

2019-08-15 16:30:39 - [TEST_STEP][PASSED] - if (i == 4 &amp;&amp; wildList.indexOf(symbol) != -1): null

2019-08-15 16:30:39 - [TEST_STEP][PASSED] - free_spin_reel_counter = free_spin_reel_counter: null

2019-08-15 16:30:39 - [TEST_STEP][PASSED] - println("reel 3 wild found: " + free_spin_reel_counter[0]): null

2019-08-15 16:30:39 - [TEST_STEP][PASSED] - println("reel 4 wild found: " + free_spin_reel_counter[1]): null

2019-08-15 16:30:39 - [TEST_STEP][PASSED] - println("reel 5 wild found: " + free_spin_reel_counter[2]): null

2019-08-15 16:30:39 - [TEST_STEP][PASSED] - M4_spin_reels = M4_spin_reels: null

2019-08-15 16:30:39 - [TEST_STEP][PASSED] - M4_spin_reels_symbols = symbol: null

2019-08-15 16:30:39 - [TEST_STEP][PASSED] - M4_spin_reels_symbols = M4_spin_reels_symbols: null

2019-08-15 16:30:39 - [TEST_STEP][PASSED] - M4_spin_reel_wins = reel_wins: null

2019-08-15 16:30:39 - [TEST_STEP][PASSED] - M4_spin_reel_wins = M4_spin_reel_wins: null

2019-08-15 16:30:39 - [TEST_STEP][PASSED] - println("GlobalVariable.M4_spin_reel_wins is: " + M4_spin_reel_wins): null

2019-08-15 16:30:39 - [TEST_STEP][PASSED] - M4_spin_total_bonus_win_this_round = total_bonus_win_this_round: null

2019-08-15 16:30:39 - [TEST_STEP][PASSED] - M4_spin_total_bonus_win_this_round = M4_spin_total_bonus_win_this_round: null

2019-08-15 16:30:39 - [TEST_STEP][PASSED] - println("GlobalVariable.M4_spin_total_bonus_win_this_round is: " + M4_spin_total_bonus_win_this_round): null

2019-08-15 16:30:39 - [MESSAGE][PASSED] - Verify response successfully

2019-08-15 16:30:39 - [MESSAGE][PASSED] - Send request and verify the response successfully

2019-08-15 16:30:39 - [TEST_STEP][PASSED] - if (M4_total_bonus_spins_int != 0 &amp;&amp; M4_spin_reels_symbols[2].contains("WILD_Normal") || M4_spin_reels_symbols[3].contains("WILD_Normal") || M4_spin_reels_symbols[4].contains("WILD_Normal")): null

2019-08-15 16:30:39 - [TEST_STEP][PASSED] - free_spin_reel_counter = free_spin_reel_counter: null

2019-08-15 16:30:39 - [TEST_STEP][PASSED] - M4_spin_reels_symbols = M4_spin_reels_symbols: null

2019-08-15 16:30:39 - [TEST_STEP][PASSED] - M4_total_bonus_spins = M4_total_bonus_spins: null

2019-08-15 16:30:39 - [TEST_STEP][PASSED] - spin_result = sendRequestAndVerify(findTestObject("STG/RGS(M4)/1_M4_spin", ["M4_login_user_id":M4_login_user_id, "rgs_session_token":rgs_session_token, "partner":Partner])): Send request and verify the response successfully

2019-08-15 16:30:39 - [TEST_CASE][PASSED] - Start Test Case : Verification: Verification accomplished successfully

2019-08-15 16:30:39 - [TEST_STEP][PASSED] - request = getInstance().getCurrentRequest(): null

2019-08-15 16:30:39 - [TEST_STEP][PASSED] - response = getInstance().getCurrentResponse(): null

2019-08-15 16:30:39 - [TEST_STEP][PASSED] - verifyResponseStatusCode(response, 200): Verify response status code successfully

2019-08-15 16:30:39 - [MESSAGE][PASSED] - Verify response status code successfully

2019-08-15 16:30:39 - [TEST_STEP][PASSED] - getStatusCode()).isEqualTo(200): null

2019-08-15 16:30:39 - [TEST_STEP][PASSED] - newline = System.getProperty("line.separator"): null

2019-08-15 16:30:39 - [TEST_STEP][PASSED] - M4_spin = new groovy.json.JsonSlurper(): null

2019-08-15 16:30:39 - [TEST_STEP][PASSED] - result_M4_spin = M4_spin.parseText(response.getResponseBodyContent()): null

2019-08-15 16:30:39 - [TEST_STEP][PASSED] - M4_spin_current_balance = current_balance: null

2019-08-15 16:30:39 - [TEST_STEP][PASSED] - M4_spin_current_balance = M4_spin_current_balance: null

2019-08-15 16:30:39 - [TEST_STEP][PASSED] - M4_spin_transaction_id = causality: null

2019-08-15 16:30:39 - [TEST_STEP][PASSED] - M4_spin_transaction_id = M4_spin_transaction_id: null

2019-08-15 16:30:39 - [TEST_STEP][PASSED] - M4_spin_round_id = round_id: null

2019-08-15 16:30:39 - [TEST_STEP][PASSED] - M4_spin_round_id = M4_spin_round_id: null

2019-08-15 16:30:39 - [TEST_STEP][PASSED] - M4_spin_line_wins = line_wins: null

2019-08-15 16:30:39 - [TEST_STEP][PASSED] - M4_spin_line_wins = M4_spin_line_wins: null

2019-08-15 16:30:39 - [TEST_STEP][PASSED] - M4_total_bonus_spins_int = total_bonus_spins: null

2019-08-15 16:30:39 - [TEST_STEP][PASSED] - println("******M4_total_bonus_spins type is:*******" + newline + getClass().getName()): null

2019-08-15 16:30:39 - [TEST_STEP][PASSED] - M4_total_bonus_spins_int = M4_total_bonus_spins_int: null

2019-08-15 16:30:39 - [TEST_STEP][PASSED] - M4_total_bonus_spins = Integer.toString(M4_total_bonus_spins_int): null

2019-08-15 16:30:39 - [TEST_STEP][PASSED] - M4_total_bonus_spins = M4_total_bonus_spins: null

2019-08-15 16:30:39 - [TEST_STEP][PASSED] - println("M4_total_bonus_spins is:" + M4_total_bonus_spins): null

2019-08-15 16:30:39 - [TEST_STEP][PASSED] - M4_spin_bonus_data = bonus_data: null

2019-08-15 16:30:39 - [TEST_STEP][PASSED] - M4_spin_features_triggered = result_M4_spin: null

2019-08-15 16:30:39 - [TEST_STEP][PASSED] - wild = []: null

2019-08-15 16:30:39 - [TEST_STEP][PASSED] - wild[0] = "WILD_Expanding": null

2019-08-15 16:30:39 - [TEST_STEP][PASSED] - wild[1] = "WILD_Normal": null

2019-08-15 16:30:39 - [TEST_STEP][PASSED] - wild[2] = "WILD_Double": null

2019-08-15 16:30:39 - [TEST_STEP][PASSED] - wild[3] = "WILD_ExtraFG": null

2019-08-15 16:30:39 - [TEST_STEP][PASSED] - wild[4] = "WILD_Triple": null

2019-08-15 16:30:39 - [TEST_STEP][PASSED] - wildList = Arrays.asList(wild): null

2019-08-15 16:30:39 - [TEST_STEP][PASSED] - wildList = wildList: null

2019-08-15 16:30:39 - [TEST_STEP][PASSED] - free_spin_reel_counter = []: null

2019-08-15 16:30:39 - [TEST_STEP][PASSED] - free_spin_reel_counter[0] = 0: null

2019-08-15 16:30:39 - [TEST_STEP][PASSED] - free_spin_reel_counter[1] = 0: null

2019-08-15 16:30:39 - [TEST_STEP][PASSED] - free_spin_reel_counter[2] = 0: null

2019-08-15 16:30:39 - [TEST_STEP][PASSED] - M4_spin_reels = reels: null

2019-08-15 16:30:39 - [TEST_STEP][PASSED] - for ([i = 0, i &lt; M4_spin_reels.size(), (i++)]): null

2019-08-15 16:30:39 - [TEST_STEP][PASSED] - symbols = symbols: null

2019-08-15 16:30:39 - [TEST_STEP][PASSED] - for ([j = 0, j &lt; symbols.size(), (j++)]): null

2019-08-15 16:30:39 - [TEST_STEP][PASSED] - symbol = symbol: null

2019-08-15 16:30:39 - [TEST_STEP][PASSED] - println(symbol): null

2019-08-15 16:30:39 - [TEST_STEP][PASSED] - if (i == 2 &amp;&amp; wildList.indexOf(symbol) != -1): null

2019-08-15 16:30:39 - [TEST_STEP][PASSED] - if (i == 3 &amp;&amp; wildList.indexOf(symbol) != -1): null

2019-08-15 16:30:39 - [TEST_STEP][PASSED] - if (i == 4 &amp;&amp; wildList.indexOf(symbol) != -1): null

2019-08-15 16:30:39 - [TEST_STEP][PASSED] - symbol = symbol: null

2019-08-15 16:30:39 - [TEST_STEP][PASSED] - println(symbol): null

2019-08-15 16:30:39 - [TEST_STEP][PASSED] - if (i == 2 &amp;&amp; wildList.indexOf(symbol) != -1): null

2019-08-15 16:30:39 - [TEST_STEP][PASSED] - if (i == 3 &amp;&amp; wildList.indexOf(symbol) != -1): null

2019-08-15 16:30:39 - [TEST_STEP][PASSED] - if (i == 4 &amp;&amp; wildList.indexOf(symbol) != -1): null

2019-08-15 16:30:39 - [TEST_STEP][PASSED] - symbol = symbol: null

2019-08-15 16:30:39 - [TEST_STEP][PASSED] - println(symbol): null

2019-08-15 16:30:39 - [TEST_STEP][PASSED] - if (i == 2 &amp;&amp; wildList.indexOf(symbol) != -1): null

2019-08-15 16:30:39 - [TEST_STEP][PASSED] - if (i == 3 &amp;&amp; wildList.indexOf(symbol) != -1): null

2019-08-15 16:30:39 - [TEST_STEP][PASSED] - if (i == 4 &amp;&amp; wildList.indexOf(symbol) != -1): null

2019-08-15 16:30:39 - [TEST_STEP][PASSED] - symbols = symbols: null

2019-08-15 16:30:39 - [TEST_STEP][PASSED] - for ([j = 0, j &lt; symbols.size(), (j++)]): null

2019-08-15 16:30:39 - [TEST_STEP][PASSED] - symbol = symbol: null

2019-08-15 16:30:39 - [TEST_STEP][PASSED] - println(symbol): null

2019-08-15 16:30:39 - [TEST_STEP][PASSED] - if (i == 2 &amp;&amp; wildList.indexOf(symbol) != -1): null

2019-08-15 16:30:39 - [TEST_STEP][PASSED] - if (i == 3 &amp;&amp; wildList.indexOf(symbol) != -1): null

2019-08-15 16:30:39 - [TEST_STEP][PASSED] - if (i == 4 &amp;&amp; wildList.indexOf(symbol) != -1): null

2019-08-15 16:30:44 - [TEST_STEP][PASSED] - symbol = symbol: null

2019-08-15 16:30:44 - [TEST_STEP][PASSED] - println(symbol): null

2019-08-15 16:30:44 - [TEST_STEP][PASSED] - if (i == 2 &amp;&amp; wildList.indexOf(symbol) != -1): null

2019-08-15 16:30:44 - [TEST_STEP][PASSED] - if (i == 3 &amp;&amp; wildList.indexOf(symbol) != -1): null

2019-08-15 16:30:44 - [TEST_STEP][PASSED] - if (i == 4 &amp;&amp; wildList.indexOf(symbol) != -1): null

2019-08-15 16:30:44 - [TEST_STEP][PASSED] - symbol = symbol: null

2019-08-15 16:30:44 - [TEST_STEP][PASSED] - println(symbol): null

2019-08-15 16:30:44 - [TEST_STEP][PASSED] - if (i == 2 &amp;&amp; wildList.indexOf(symbol) != -1): null

2019-08-15 16:30:44 - [TEST_STEP][PASSED] - if (i == 3 &amp;&amp; wildList.indexOf(symbol) != -1): null

2019-08-15 16:30:44 - [TEST_STEP][PASSED] - if (i == 4 &amp;&amp; wildList.indexOf(symbol) != -1): null

2019-08-15 16:30:46 - [TEST_STEP][PASSED] - symbols = symbols: null

2019-08-15 16:30:46 - [TEST_STEP][PASSED] - for ([j = 0, j &lt; symbols.size(), (j++)]): null

2019-08-15 16:30:46 - [TEST_STEP][PASSED] - symbol = symbol: null

2019-08-15 16:30:46 - [TEST_STEP][PASSED] - println(symbol): null

2019-08-15 16:30:46 - [TEST_STEP][PASSED] - if (i == 2 &amp;&amp; wildList.indexOf(symbol) != -1): null

2019-08-15 16:30:46 - [TEST_STEP][PASSED] - if (i == 3 &amp;&amp; wildList.indexOf(symbol) != -1): null

2019-08-15 16:30:46 - [TEST_STEP][PASSED] - if (i == 4 &amp;&amp; wildList.indexOf(symbol) != -1): null

2019-08-15 16:30:46 - [TEST_STEP][PASSED] - symbol = symbol: null

2019-08-15 16:30:46 - [TEST_STEP][PASSED] - println(symbol): null

2019-08-15 16:30:46 - [TEST_STEP][PASSED] - if (i == 2 &amp;&amp; wildList.indexOf(symbol) != -1): null

2019-08-15 16:30:46 - [TEST_STEP][PASSED] - if (i == 3 &amp;&amp; wildList.indexOf(symbol) != -1): null

2019-08-15 16:30:46 - [TEST_STEP][PASSED] - if (i == 4 &amp;&amp; wildList.indexOf(symbol) != -1): null

2019-08-15 16:30:46 - [TEST_STEP][PASSED] - symbol = symbol: null

2019-08-15 16:30:46 - [TEST_STEP][PASSED] - println(symbol): null

2019-08-15 16:30:46 - [TEST_STEP][PASSED] - if (i == 2 &amp;&amp; wildList.indexOf(symbol) != -1): null

2019-08-15 16:30:46 - [TEST_STEP][PASSED] - if (i == 3 &amp;&amp; wildList.indexOf(symbol) != -1): null

2019-08-15 16:30:46 - [TEST_STEP][PASSED] - if (i == 4 &amp;&amp; wildList.indexOf(symbol) != -1): null

2019-08-15 16:30:46 - [TEST_STEP][PASSED] - symbols = symbols: null

2019-08-15 16:30:46 - [TEST_STEP][PASSED] - for ([j = 0, j &lt; symbols.size(), (j++)]): null

2019-08-15 16:30:46 - [TEST_STEP][PASSED] - symbol = symbol: null

2019-08-15 16:30:46 - [TEST_STEP][PASSED] - println(symbol): null

2019-08-15 16:30:46 - [TEST_STEP][PASSED] - if (i == 2 &amp;&amp; wildList.indexOf(symbol) != -1): null

2019-08-15 16:30:46 - [TEST_STEP][PASSED] - if (i == 3 &amp;&amp; wildList.indexOf(symbol) != -1): null

2019-08-15 16:30:46 - [TEST_STEP][PASSED] - if (i == 4 &amp;&amp; wildList.indexOf(symbol) != -1): null

2019-08-15 16:30:46 - [TEST_STEP][PASSED] - symbol = symbol: null

2019-08-15 16:30:46 - [TEST_STEP][PASSED] - println(symbol): null

2019-08-15 16:30:46 - [TEST_STEP][PASSED] - if (i == 2 &amp;&amp; wildList.indexOf(symbol) != -1): null

2019-08-15 16:30:46 - [TEST_STEP][PASSED] - if (i == 3 &amp;&amp; wildList.indexOf(symbol) != -1): null

2019-08-15 16:30:46 - [TEST_STEP][PASSED] - if (i == 4 &amp;&amp; wildList.indexOf(symbol) != -1): null

2019-08-15 16:30:46 - [TEST_STEP][PASSED] - symbol = symbol: null

2019-08-15 16:30:46 - [TEST_STEP][PASSED] - println(symbol): null

2019-08-15 16:30:46 - [TEST_STEP][PASSED] - if (i == 2 &amp;&amp; wildList.indexOf(symbol) != -1): null

2019-08-15 16:30:46 - [TEST_STEP][PASSED] - if (i == 3 &amp;&amp; wildList.indexOf(symbol) != -1): null

2019-08-15 16:30:46 - [TEST_STEP][PASSED] - if (i == 4 &amp;&amp; wildList.indexOf(symbol) != -1): null

2019-08-15 16:30:46 - [TEST_STEP][PASSED] - symbols = symbols: null

2019-08-15 16:30:46 - [TEST_STEP][PASSED] - for ([j = 0, j &lt; symbols.size(), (j++)]): null

2019-08-15 16:30:46 - [TEST_STEP][PASSED] - symbol = symbol: null

2019-08-15 16:30:46 - [TEST_STEP][PASSED] - println(symbol): null

2019-08-15 16:30:46 - [TEST_STEP][PASSED] - if (i == 2 &amp;&amp; wildList.indexOf(symbol) != -1): null

2019-08-15 16:30:46 - [TEST_STEP][PASSED] - if (i == 3 &amp;&amp; wildList.indexOf(symbol) != -1): null

2019-08-15 16:30:46 - [TEST_STEP][PASSED] - if (i == 4 &amp;&amp; wildList.indexOf(symbol) != -1): null

2019-08-15 16:30:46 - [TEST_STEP][PASSED] - symbol = symbol: null

2019-08-15 16:30:46 - [TEST_STEP][PASSED] - println(symbol): null

2019-08-15 16:30:46 - [TEST_STEP][PASSED] - if (i == 2 &amp;&amp; wildList.indexOf(symbol) != -1): null

2019-08-15 16:30:46 - [TEST_STEP][PASSED] - if (i == 3 &amp;&amp; wildList.indexOf(symbol) != -1): null

2019-08-15 16:30:46 - [TEST_STEP][PASSED] - if (i == 4 &amp;&amp; wildList.indexOf(symbol) != -1): null

2019-08-15 16:30:46 - [TEST_STEP][PASSED] - symbol = symbol: null

2019-08-15 16:30:46 - [TEST_STEP][PASSED] - println(symbol): null

2019-08-15 16:30:46 - [TEST_STEP][PASSED] - if (i == 2 &amp;&amp; wildList.indexOf(symbol) != -1): null

2019-08-15 16:30:46 - [TEST_STEP][PASSED] - if (i == 3 &amp;&amp; wildList.indexOf(symbol) != -1): null

2019-08-15 16:30:46 - [TEST_STEP][PASSED] - if (i == 4 &amp;&amp; wildList.indexOf(symbol) != -1): null

2019-08-15 16:30:46 - [TEST_STEP][PASSED] - free_spin_reel_counter = free_spin_reel_counter: null

2019-08-15 16:30:46 - [TEST_STEP][PASSED] - println("reel 3 wild found: " + free_spin_reel_counter[0]): null

2019-08-15 16:30:46 - [TEST_STEP][PASSED] - println("reel 4 wild found: " + free_spin_reel_counter[1]): null

2019-08-15 16:30:46 - [TEST_STEP][PASSED] - println("reel 5 wild found: " + free_spin_reel_counter[2]): null

2019-08-15 16:30:46 - [TEST_STEP][PASSED] - M4_spin_reels = M4_spin_reels: null

2019-08-15 16:30:46 - [TEST_STEP][PASSED] - M4_spin_reels_symbols = symbol: null

2019-08-15 16:30:46 - [TEST_STEP][PASSED] - M4_spin_reels_symbols = M4_spin_reels_symbols: null

2019-08-15 16:30:46 - [TEST_STEP][PASSED] - M4_spin_reel_wins = reel_wins: null

2019-08-15 16:30:46 - [TEST_STEP][PASSED] - M4_spin_reel_wins = M4_spin_reel_wins: null

2019-08-15 16:30:46 - [TEST_STEP][PASSED] - println("GlobalVariable.M4_spin_reel_wins is: " + M4_spin_reel_wins): null

2019-08-15 16:30:46 - [TEST_STEP][PASSED] - M4_spin_total_bonus_win_this_round = total_bonus_win_this_round: null

2019-08-15 16:30:46 - [TEST_STEP][PASSED] - M4_spin_total_bonus_win_this_round = M4_spin_total_bonus_win_this_round: null

2019-08-15 16:30:46 - [TEST_STEP][PASSED] - println("GlobalVariable.M4_spin_total_bonus_win_this_round is: " + M4_spin_total_bonus_win_this_round): null

2019-08-15 16:30:46 - [MESSAGE][PASSED] - Verify response successfully

2019-08-15 16:30:46 - [MESSAGE][PASSED] - Send request and verify the response successfully

2019-08-15 16:30:46 - [TEST_STEP][PASSED] - if (M4_total_bonus_spins_int != 0 &amp;&amp; M4_spin_reels_symbols[2].contains("WILD_Normal") || M4_spin_reels_symbols[3].contains("WILD_Normal") || M4_spin_reels_symbols[4].contains("WILD_Normal")): null

2019-08-15 16:30:46 - [TEST_STEP][PASSED] - free_spin_reel_counter = free_spin_reel_counter: null

2019-08-15 16:30:46 - [TEST_STEP][PASSED] - M4_spin_reels_symbols = M4_spin_reels_symbols: null

2019-08-15 16:30:46 - [TEST_STEP][PASSED] - M4_total_bonus_spins = M4_total_bonus_spins: null

2019-08-15 16:30:46 - [TEST_STEP][PASSED] - spin_result = sendRequestAndVerify(findTestObject("STG/RGS(M4)/1_M4_spin", ["M4_login_user_id":M4_login_user_id, "rgs_session_token":rgs_session_token, "partner":Partner])): Send request and verify the response successfully

2019-08-15 16:30:47 - [TEST_CASE][PASSED] - Start Test Case : Verification: Verification accomplished successfully

2019-08-15 16:30:47 - [TEST_STEP][PASSED] - request = getInstance().getCurrentRequest(): null

2019-08-15 16:30:47 - [TEST_STEP][PASSED] - response = getInstance().getCurrentResponse(): null

2019-08-15 16:30:47 - [TEST_STEP][PASSED] - verifyResponseStatusCode(response, 200): Verify response status code successfully

2019-08-15 16:30:47 - [MESSAGE][PASSED] - Verify response status code successfully

2019-08-15 16:30:47 - [TEST_STEP][PASSED] - getStatusCode()).isEqualTo(200): null

2019-08-15 16:30:47 - [TEST_STEP][PASSED] - newline = System.getProperty("line.separator"): null

2019-08-15 16:30:47 - [TEST_STEP][PASSED] - M4_spin = new groovy.json.JsonSlurper(): null

2019-08-15 16:30:47 - [TEST_STEP][PASSED] - result_M4_spin = M4_spin.parseText(response.getResponseBodyContent()): null

2019-08-15 16:30:47 - [TEST_STEP][PASSED] - M4_spin_current_balance = current_balance: null

2019-08-15 16:30:47 - [TEST_STEP][PASSED] - M4_spin_current_balance = M4_spin_current_balance: null

2019-08-15 16:30:47 - [TEST_STEP][PASSED] - M4_spin_transaction_id = causality: null

2019-08-15 16:30:47 - [TEST_STEP][PASSED] - M4_spin_transaction_id = M4_spin_transaction_id: null

2019-08-15 16:30:47 - [TEST_STEP][PASSED] - M4_spin_round_id = round_id: null

2019-08-15 16:30:47 - [TEST_STEP][PASSED] - M4_spin_round_id = M4_spin_round_id: null

2019-08-15 16:30:47 - [TEST_STEP][PASSED] - M4_spin_line_wins = line_wins: null

2019-08-15 16:30:47 - [TEST_STEP][PASSED] - M4_spin_line_wins = M4_spin_line_wins: null

2019-08-15 16:30:47 - [TEST_STEP][PASSED] - M4_total_bonus_spins_int = total_bonus_spins: null

2019-08-15 16:30:47 - [TEST_STEP][PASSED] - println("******M4_total_bonus_spins type is:*******" + newline + getClass().getName()): null

2019-08-15 16:30:47 - [TEST_STEP][PASSED] - M4_total_bonus_spins_int = M4_total_bonus_spins_int: null

2019-08-15 16:30:48 - [TEST_STEP][PASSED] - M4_total_bonus_spins = Integer.toString(M4_total_bonus_spins_int): null

2019-08-15 16:30:48 - [TEST_STEP][PASSED] - M4_total_bonus_spins = M4_total_bonus_spins: null

2019-08-15 16:30:48 - [TEST_STEP][PASSED] - println("M4_total_bonus_spins is:" + M4_total_bonus_spins): null

2019-08-15 16:30:48 - [TEST_STEP][PASSED] - M4_spin_bonus_data = bonus_data: null

2019-08-15 16:30:48 - [TEST_STEP][PASSED] - M4_spin_features_triggered = result_M4_spin: null

2019-08-15 16:30:48 - [TEST_STEP][PASSED] - wild = []: null

2019-08-15 16:30:48 - [TEST_STEP][PASSED] - wild[0] = "WILD_Expanding": null

2019-08-15 16:30:48 - [TEST_STEP][PASSED] - wild[1] = "WILD_Normal": null

2019-08-15 16:30:48 - [TEST_STEP][PASSED] - wild[2] = "WILD_Double": null

2019-08-15 16:30:48 - [TEST_STEP][PASSED] - wild[3] = "WILD_ExtraFG": null

2019-08-15 16:30:48 - [TEST_STEP][PASSED] - wild[4] = "WILD_Triple": null

2019-08-15 16:30:48 - [TEST_STEP][PASSED] - wildList = Arrays.asList(wild): null

2019-08-15 16:30:48 - [TEST_STEP][PASSED] - wildList = wildList: null

2019-08-15 16:30:48 - [TEST_STEP][PASSED] - free_spin_reel_counter = []: null

2019-08-15 16:30:48 - [TEST_STEP][PASSED] - free_spin_reel_counter[0] = 0: null

2019-08-15 16:30:48 - [TEST_STEP][PASSED] - free_spin_reel_counter[1] = 0: null

2019-08-15 16:30:48 - [TEST_STEP][PASSED] - free_spin_reel_counter[2] = 0: null

2019-08-15 16:30:48 - [TEST_STEP][PASSED] - M4_spin_reels = reels: null

2019-08-15 16:30:48 - [TEST_STEP][PASSED] - for ([i = 0, i &lt; M4_spin_reels.size(), (i++)]): null

2019-08-15 16:30:48 - [TEST_STEP][PASSED] - symbols = symbols: null

2019-08-15 16:30:48 - [TEST_STEP][PASSED] - for ([j = 0, j &lt; symbols.size(), (j++)]): null

2019-08-15 16:30:48 - [TEST_STEP][PASSED] - symbol = symbol: null

2019-08-15 16:30:48 - [TEST_STEP][PASSED] - println(symbol): null

2019-08-15 16:30:48 - [TEST_STEP][PASSED] - if (i == 2 &amp;&amp; wildList.indexOf(symbol) != -1): null

2019-08-15 16:30:48 - [TEST_STEP][PASSED] - if (i == 3 &amp;&amp; wildList.indexOf(symbol) != -1): null

2019-08-15 16:30:48 - [TEST_STEP][PASSED] - if (i == 4 &amp;&amp; wildList.indexOf(symbol) != -1): null

2019-08-15 16:30:48 - [TEST_STEP][PASSED] - symbol = symbol: null

2019-08-15 16:30:48 - [TEST_STEP][PASSED] - println(symbol): null

2019-08-15 16:30:48 - [TEST_STEP][PASSED] - if (i == 2 &amp;&amp; wildList.indexOf(symbol) != -1): null

2019-08-15 16:30:48 - [TEST_STEP][PASSED] - if (i == 3 &amp;&amp; wildList.indexOf(symbol) != -1): null

2019-08-15 16:30:48 - [TEST_STEP][PASSED] - if (i == 4 &amp;&amp; wildList.indexOf(symbol) != -1): null

2019-08-15 16:30:48 - [TEST_STEP][PASSED] - symbol = symbol: null

2019-08-15 16:30:48 - [TEST_STEP][PASSED] - println(symbol): null

2019-08-15 16:30:48 - [TEST_STEP][PASSED] - if (i == 2 &amp;&amp; wildList.indexOf(symbol) != -1): null

2019-08-15 16:30:48 - [TEST_STEP][PASSED] - if (i == 3 &amp;&amp; wildList.indexOf(symbol) != -1): null

2019-08-15 16:30:48 - [TEST_STEP][PASSED] - if (i == 4 &amp;&amp; wildList.indexOf(symbol) != -1): null

2019-08-15 16:30:48 - [TEST_STEP][PASSED] - symbols = symbols: null

2019-08-15 16:30:48 - [TEST_STEP][PASSED] - for ([j = 0, j &lt; symbols.size(), (j++)]): null

2019-08-15 16:30:48 - [TEST_STEP][PASSED] - symbol = symbol: null

2019-08-15 16:30:48 - [TEST_STEP][PASSED] - println(symbol): null

2019-08-15 16:30:48 - [TEST_STEP][PASSED] - if (i == 2 &amp;&amp; wildList.indexOf(symbol) != -1): null

2019-08-15 16:30:48 - [TEST_STEP][PASSED] - if (i == 3 &amp;&amp; wildList.indexOf(symbol) != -1): null

2019-08-15 16:30:48 - [TEST_STEP][PASSED] - if (i == 4 &amp;&amp; wildList.indexOf(symbol) != -1): null

2019-08-15 16:30:48 - [TEST_STEP][PASSED] - symbol = symbol: null

2019-08-15 16:30:48 - [TEST_STEP][PASSED] - println(symbol): null

2019-08-15 16:30:48 - [TEST_STEP][PASSED] - if (i == 2 &amp;&amp; wildList.indexOf(symbol) != -1): null

2019-08-15 16:30:48 - [TEST_STEP][PASSED] - if (i == 3 &amp;&amp; wildList.indexOf(symbol) != -1): null

2019-08-15 16:30:48 - [TEST_STEP][PASSED] - if (i == 4 &amp;&amp; wildList.indexOf(symbol) != -1): null

2019-08-15 16:30:48 - [TEST_STEP][PASSED] - symbol = symbol: null

2019-08-15 16:30:48 - [TEST_STEP][PASSED] - println(symbol): null

2019-08-15 16:30:48 - [TEST_STEP][PASSED] - if (i == 2 &amp;&amp; wildList.indexOf(symbol) != -1): null

2019-08-15 16:30:48 - [TEST_STEP][PASSED] - if (i == 3 &amp;&amp; wildList.indexOf(symbol) != -1): null

2019-08-15 16:30:48 - [TEST_STEP][PASSED] - if (i == 4 &amp;&amp; wildList.indexOf(symbol) != -1): null

2019-08-15 16:30:48 - [TEST_STEP][PASSED] - symbols = symbols: null

2019-08-15 16:30:48 - [TEST_STEP][PASSED] - for ([j = 0, j &lt; symbols.size(), (j++)]): null

2019-08-15 16:30:48 - [TEST_STEP][PASSED] - symbol = symbol: null

2019-08-15 16:30:48 - [TEST_STEP][PASSED] - println(symbol): null

2019-08-15 16:30:48 - [TEST_STEP][PASSED] - if (i == 2 &amp;&amp; wildList.indexOf(symbol) != -1): null

2019-08-15 16:30:48 - [TEST_STEP][PASSED] - println("wild found on reel 3, adding counter by 1"): null

2019-08-15 16:30:48 - [TEST_STEP][PASSED] - free_spin_reel_counter[0] = free_spin_reel_counter[0] + 1: null

2019-08-15 16:30:48 - [TEST_STEP][PASSED] - if (i == 3 &amp;&amp; wildList.indexOf(symbol) != -1): null

2019-08-15 16:30:48 - [TEST_STEP][PASSED] - if (i == 4 &amp;&amp; wildList.indexOf(symbol) != -1): null

2019-08-15 16:30:48 - [TEST_STEP][PASSED] - symbol = symbol: null

2019-08-15 16:30:48 - [TEST_STEP][PASSED] - println(symbol): null

2019-08-15 16:30:48 - [TEST_STEP][PASSED] - if (i == 2 &amp;&amp; wildList.indexOf(symbol) != -1): null

2019-08-15 16:30:48 - [TEST_STEP][PASSED] - if (i == 3 &amp;&amp; wildList.indexOf(symbol) != -1): null

2019-08-15 16:30:48 - [TEST_STEP][PASSED] - if (i == 4 &amp;&amp; wildList.indexOf(symbol) != -1): null

2019-08-15 16:30:48 - [TEST_STEP][PASSED] - symbol = symbol: null

2019-08-15 16:30:48 - [TEST_STEP][PASSED] - println(symbol): null

2019-08-15 16:30:48 - [TEST_STEP][PASSED] - if (i == 2 &amp;&amp; wildList.indexOf(symbol) != -1): null

2019-08-15 16:30:48 - [TEST_STEP][PASSED] - if (i == 3 &amp;&amp; wildList.indexOf(symbol) != -1): null

2019-08-15 16:30:48 - [TEST_STEP][PASSED] - if (i == 4 &amp;&amp; wildList.indexOf(symbol) != -1): null

2019-08-15 16:30:48 - [TEST_STEP][PASSED] - symbols = symbols: null

2019-08-15 16:30:48 - [TEST_STEP][PASSED] - for ([j = 0, j &lt; symbols.size(), (j++)]): null

2019-08-15 16:30:48 - [TEST_STEP][PASSED] - symbol = symbol: null

2019-08-15 16:30:48 - [TEST_STEP][PASSED] - println(symbol): null

2019-08-15 16:30:48 - [TEST_STEP][PASSED] - if (i == 2 &amp;&amp; wildList.indexOf(symbol) != -1): null

2019-08-15 16:30:48 - [TEST_STEP][PASSED] - if (i == 3 &amp;&amp; wildList.indexOf(symbol) != -1): null

2019-08-15 16:30:48 - [TEST_STEP][PASSED] - if (i == 4 &amp;&amp; wildList.indexOf(symbol) != -1): null

2019-08-15 16:30:48 - [TEST_STEP][PASSED] - symbol = symbol: null

2019-08-15 16:30:48 - [TEST_STEP][PASSED] - println(symbol): null

2019-08-15 16:30:48 - [TEST_STEP][PASSED] - if (i == 2 &amp;&amp; wildList.indexOf(symbol) != -1): null

2019-08-15 16:30:48 - [TEST_STEP][PASSED] - if (i == 3 &amp;&amp; wildList.indexOf(symbol) != -1): null

2019-08-15 16:30:48 - [TEST_STEP][PASSED] - if (i == 4 &amp;&amp; wildList.indexOf(symbol) != -1): null

2019-08-15 16:30:48 - [TEST_STEP][PASSED] - symbol = symbol: null

2019-08-15 16:30:48 - [TEST_STEP][PASSED] - println(symbol): null

2019-08-15 16:30:48 - [TEST_STEP][PASSED] - if (i == 2 &amp;&amp; wildList.indexOf(symbol) != -1): null

2019-08-15 16:30:48 - [TEST_STEP][PASSED] - if (i == 3 &amp;&amp; wildList.indexOf(symbol) != -1): null

2019-08-15 16:30:48 - [TEST_STEP][PASSED] - if (i == 4 &amp;&amp; wildList.indexOf(symbol) != -1): null

2019-08-15 16:30:48 - [TEST_STEP][PASSED] - symbols = symbols: null

2019-08-15 16:30:48 - [TEST_STEP][PASSED] - for ([j = 0, j &lt; symbols.size(), (j++)]): null

2019-08-15 16:30:48 - [TEST_STEP][PASSED] - symbol = symbol: null

2019-08-15 16:30:48 - [TEST_STEP][PASSED] - println(symbol): null

2019-08-15 16:30:48 - [TEST_STEP][PASSED] - if (i == 2 &amp;&amp; wildList.indexOf(symbol) != -1): null

2019-08-15 16:30:48 - [TEST_STEP][PASSED] - if (i == 3 &amp;&amp; wildList.indexOf(symbol) != -1): null

2019-08-15 16:30:48 - [TEST_STEP][PASSED] - if (i == 4 &amp;&amp; wildList.indexOf(symbol) != -1): null

2019-08-15 16:30:48 - [TEST_STEP][PASSED] - symbol = symbol: null

2019-08-15 16:30:48 - [TEST_STEP][PASSED] - println(symbol): null

2019-08-15 16:30:48 - [TEST_STEP][PASSED] - if (i == 2 &amp;&amp; wildList.indexOf(symbol) != -1): null

2019-08-15 16:30:48 - [TEST_STEP][PASSED] - if (i == 3 &amp;&amp; wildList.indexOf(symbol) != -1): null

2019-08-15 16:30:48 - [TEST_STEP][PASSED] - if (i == 4 &amp;&amp; wildList.indexOf(symbol) != -1): null

2019-08-15 16:30:48 - [TEST_STEP][PASSED] - symbol = symbol: null

2019-08-15 16:30:48 - [TEST_STEP][PASSED] - println(symbol): null

2019-08-15 16:30:48 - [TEST_STEP][PASSED] - if (i == 2 &amp;&amp; wildList.indexOf(symbol) != -1): null

2019-08-15 16:30:48 - [TEST_STEP][PASSED] - if (i == 3 &amp;&amp; wildList.indexOf(symbol) != -1): null

2019-08-15 16:30:48 - [TEST_STEP][PASSED] - if (i == 4 &amp;&amp; wildList.indexOf(symbol) != -1): null

2019-08-15 16:30:48 - [TEST_STEP][PASSED] - free_spin_reel_counter = free_spin_reel_counter: null

2019-08-15 16:30:48 - [TEST_STEP][PASSED] - println("reel 3 wild found: " + free_spin_reel_counter[0]): null

2019-08-15 16:30:48 - [TEST_STEP][PASSED] - println("reel 4 wild found: " + free_spin_reel_counter[1]): null

2019-08-15 16:30:48 - [TEST_STEP][PASSED] - println("reel 5 wild found: " + free_spin_reel_counter[2]): null

2019-08-15 16:30:48 - [TEST_STEP][PASSED] - M4_spin_reels = M4_spin_reels: null

2019-08-15 16:30:48 - [TEST_STEP][PASSED] - M4_spin_reels_symbols = symbol: null

2019-08-15 16:30:48 - [TEST_STEP][PASSED] - M4_spin_reels_symbols = M4_spin_reels_symbols: null

2019-08-15 16:30:48 - [TEST_STEP][PASSED] - M4_spin_reel_wins = reel_wins: null

2019-08-15 16:30:48 - [TEST_STEP][PASSED] - M4_spin_reel_wins = M4_spin_reel_wins: null

2019-08-15 16:30:48 - [TEST_STEP][PASSED] - println("GlobalVariable.M4_spin_reel_wins is: " + M4_spin_reel_wins): null

2019-08-15 16:30:48 - [TEST_STEP][PASSED] - M4_spin_total_bonus_win_this_round = total_bonus_win_this_round: null

2019-08-15 16:30:48 - [TEST_STEP][PASSED] - M4_spin_total_bonus_win_this_round = M4_spin_total_bonus_win_this_round: null

2019-08-15 16:30:48 - [TEST_STEP][PASSED] - println("GlobalVariable.M4_spin_total_bonus_win_this_round is: " + M4_spin_total_bonus_win_this_round): null

2019-08-15 16:30:48 - [MESSAGE][PASSED] - Verify response successfully

2019-08-15 16:30:48 - [MESSAGE][PASSED] - Send request and verify the response successfully

2019-08-15 16:30:48 - [TEST_STEP][PASSED] - if (M4_total_bonus_spins_int != 0 &amp;&amp; M4_spin_reels_symbols[2].contains("WILD_Normal") || M4_spin_reels_symbols[3].contains("WILD_Normal") || M4_spin_reels_symbols[4].contains("WILD_Normal")): null

2019-08-15 16:30:48 - [TEST_STEP][PASSED] - free_spin_reel_counter = free_spin_reel_counter: null

2019-08-15 16:30:48 - [TEST_STEP][PASSED] - M4_spin_reels_symbols = M4_spin_reels_symbols: null

2019-08-15 16:30:48 - [TEST_STEP][PASSED] - M4_total_bonus_spins = M4_total_bonus_spins: null

2019-08-15 16:30:48 - [TEST_STEP][PASSED] - spin_result = sendRequestAndVerify(findTestObject("STG/RGS(M4)/1_M4_spin", ["M4_login_user_id":M4_login_user_id, "rgs_session_token":rgs_session_token, "partner":Partner])): Send request and verify the response successfully

2019-08-15 16:30:48 - [TEST_CASE][PASSED] - Start Test Case : Verification: Verification accomplished successfully

2019-08-15 16:30:48 - [TEST_STEP][PASSED] - request = getInstance().getCurrentRequest(): null

2019-08-15 16:30:48 - [TEST_STEP][PASSED] - response = getInstance().getCurrentResponse(): null

2019-08-15 16:30:48 - [TEST_STEP][PASSED] - verifyResponseStatusCode(response, 200): Verify response status code successfully

2019-08-15 16:30:48 - [MESSAGE][PASSED] - Verify response status code successfully

2019-08-15 16:30:48 - [TEST_STEP][PASSED] - getStatusCode()).isEqualTo(200): null

2019-08-15 16:30:48 - [TEST_STEP][PASSED] - newline = System.getProperty("line.separator"): null

2019-08-15 16:30:48 - [TEST_STEP][PASSED] - M4_spin = new groovy.json.JsonSlurper(): null

2019-08-15 16:30:48 - [TEST_STEP][PASSED] - result_M4_spin = M4_spin.parseText(response.getResponseBodyContent()): null

2019-08-15 16:30:48 - [TEST_STEP][PASSED] - M4_spin_current_balance = current_balance: null

2019-08-15 16:30:48 - [TEST_STEP][PASSED] - M4_spin_current_balance = M4_spin_current_balance: null

2019-08-15 16:30:48 - [TEST_STEP][PASSED] - M4_spin_transaction_id = causality: null

2019-08-15 16:30:48 - [TEST_STEP][PASSED] - M4_spin_transaction_id = M4_spin_transaction_id: null

2019-08-15 16:30:48 - [TEST_STEP][PASSED] - M4_spin_round_id = round_id: null

2019-08-15 16:30:48 - [TEST_STEP][PASSED] - M4_spin_round_id = M4_spin_round_id: null

2019-08-15 16:30:48 - [TEST_STEP][PASSED] - M4_spin_line_wins = line_wins: null

2019-08-15 16:30:48 - [TEST_STEP][PASSED] - M4_spin_line_wins = M4_spin_line_wins: null

2019-08-15 16:30:48 - [TEST_STEP][PASSED] - M4_total_bonus_spins_int = total_bonus_spins: null

2019-08-15 16:30:48 - [TEST_STEP][PASSED] - println("******M4_total_bonus_spins type is:*******" + newline + getClass().getName()): null

2019-08-15 16:30:48 - [TEST_STEP][PASSED] - M4_total_bonus_spins_int = M4_total_bonus_spins_int: null

2019-08-15 16:30:48 - [TEST_STEP][PASSED] - M4_total_bonus_spins = Integer.toString(M4_total_bonus_spins_int): null

2019-08-15 16:30:48 - [TEST_STEP][PASSED] - M4_total_bonus_spins = M4_total_bonus_spins: null

2019-08-15 16:30:48 - [TEST_STEP][PASSED] - println("M4_total_bonus_spins is:" + M4_total_bonus_spins): null

2019-08-15 16:30:48 - [TEST_STEP][PASSED] - M4_spin_bonus_data = bonus_data: null

2019-08-15 16:30:48 - [TEST_STEP][PASSED] - M4_spin_features_triggered = result_M4_spin: null

2019-08-15 16:30:48 - [TEST_STEP][PASSED] - wild = []: null

2019-08-15 16:30:48 - [TEST_STEP][PASSED] - wild[0] = "WILD_Expanding": null

2019-08-15 16:30:48 - [TEST_STEP][PASSED] - wild[1] = "WILD_Normal": null

2019-08-15 16:30:48 - [TEST_STEP][PASSED] - wild[2] = "WILD_Double": null

2019-08-15 16:30:48 - [TEST_STEP][PASSED] - wild[3] = "WILD_ExtraFG": null

2019-08-15 16:30:48 - [TEST_STEP][PASSED] - wild[4] = "WILD_Triple": null

2019-08-15 16:30:48 - [TEST_STEP][PASSED] - wildList = Arrays.asList(wild): null

2019-08-15 16:30:48 - [TEST_STEP][PASSED] - wildList = wildList: null

2019-08-15 16:30:48 - [TEST_STEP][PASSED] - free_spin_reel_counter = []: null

2019-08-15 16:30:48 - [TEST_STEP][PASSED] - free_spin_reel_counter[0] = 0: null

2019-08-15 16:30:48 - [TEST_STEP][PASSED] - free_spin_reel_counter[1] = 0: null

2019-08-15 16:30:48 - [TEST_STEP][PASSED] - free_spin_reel_counter[2] = 0: null

2019-08-15 16:30:48 - [TEST_STEP][PASSED] - M4_spin_reels = reels: null

2019-08-15 16:30:48 - [TEST_STEP][PASSED] - for ([i = 0, i &lt; M4_spin_reels.size(), (i++)]): null

2019-08-15 16:30:48 - [TEST_STEP][PASSED] - symbols = symbols: null

2019-08-15 16:30:48 - [TEST_STEP][PASSED] - for ([j = 0, j &lt; symbols.size(), (j++)]): null

2019-08-15 16:30:48 - [TEST_STEP][PASSED] - symbol = symbol: null

2019-08-15 16:30:48 - [TEST_STEP][PASSED] - println(symbol): null

2019-08-15 16:30:48 - [TEST_STEP][PASSED] - if (i == 2 &amp;&amp; wildList.indexOf(symbol) != -1): null

2019-08-15 16:30:48 - [TEST_STEP][PASSED] - if (i == 3 &amp;&amp; wildList.indexOf(symbol) != -1): null

2019-08-15 16:30:48 - [TEST_STEP][PASSED] - if (i == 4 &amp;&amp; wildList.indexOf(symbol) != -1): null

2019-08-15 16:30:48 - [TEST_STEP][PASSED] - symbol = symbol: null

2019-08-15 16:30:48 - [TEST_STEP][PASSED] - println(symbol): null

2019-08-15 16:30:48 - [TEST_STEP][PASSED] - if (i == 2 &amp;&amp; wildList.indexOf(symbol) != -1): null

2019-08-15 16:30:48 - [TEST_STEP][PASSED] - if (i == 3 &amp;&amp; wildList.indexOf(symbol) != -1): null

2019-08-15 16:30:48 - [TEST_STEP][PASSED] - if (i == 4 &amp;&amp; wildList.indexOf(symbol) != -1): null

2019-08-15 16:30:48 - [TEST_STEP][PASSED] - symbol = symbol: null

2019-08-15 16:30:48 - [TEST_STEP][PASSED] - println(symbol): null

2019-08-15 16:30:48 - [TEST_STEP][PASSED] - if (i == 2 &amp;&amp; wildList.indexOf(symbol) != -1): null

2019-08-15 16:30:48 - [TEST_STEP][PASSED] - if (i == 3 &amp;&amp; wildList.indexOf(symbol) != -1): null

2019-08-15 16:30:48 - [TEST_STEP][PASSED] - if (i == 4 &amp;&amp; wildList.indexOf(symbol) != -1): null

2019-08-15 16:30:48 - [TEST_STEP][PASSED] - symbols = symbols: null

2019-08-15 16:30:48 - [TEST_STEP][PASSED] - for ([j = 0, j &lt; symbols.size(), (j++)]): null

2019-08-15 16:30:48 - [TEST_STEP][PASSED] - symbol = symbol: null

2019-08-15 16:30:48 - [TEST_STEP][PASSED] - println(symbol): null

2019-08-15 16:30:48 - [TEST_STEP][PASSED] - if (i == 2 &amp;&amp; wildList.indexOf(symbol) != -1): null

2019-08-15 16:30:48 - [TEST_STEP][PASSED] - if (i == 3 &amp;&amp; wildList.indexOf(symbol) != -1): null

2019-08-15 16:30:48 - [TEST_STEP][PASSED] - if (i == 4 &amp;&amp; wildList.indexOf(symbol) != -1): null

2019-08-15 16:30:48 - [TEST_STEP][PASSED] - symbol = symbol: null

2019-08-15 16:30:48 - [TEST_STEP][PASSED] - println(symbol): null

2019-08-15 16:30:48 - [TEST_STEP][PASSED] - if (i == 2 &amp;&amp; wildList.indexOf(symbol) != -1): null

2019-08-15 16:30:48 - [TEST_STEP][PASSED] - if (i == 3 &amp;&amp; wildList.indexOf(symbol) != -1): null

2019-08-15 16:30:48 - [TEST_STEP][PASSED] - if (i == 4 &amp;&amp; wildList.indexOf(symbol) != -1): null

2019-08-15 16:30:48 - [TEST_STEP][PASSED] - symbol = symbol: null

2019-08-15 16:30:48 - [TEST_STEP][PASSED] - println(symbol): null

2019-08-15 16:30:48 - [TEST_STEP][PASSED] - if (i == 2 &amp;&amp; wildList.indexOf(symbol) != -1): null

2019-08-15 16:30:48 - [TEST_STEP][PASSED] - if (i == 3 &amp;&amp; wildList.indexOf(symbol) != -1): null

2019-08-15 16:30:48 - [TEST_STEP][PASSED] - if (i == 4 &amp;&amp; wildList.indexOf(symbol) != -1): null

2019-08-15 16:30:48 - [TEST_STEP][PASSED] - symbols = symbols: null

2019-08-15 16:30:48 - [TEST_STEP][PASSED] - for ([j = 0, j &lt; symbols.size(), (j++)]): null

2019-08-15 16:30:48 - [TEST_STEP][PASSED] - symbol = symbol: null

2019-08-15 16:30:48 - [TEST_STEP][PASSED] - println(symbol): null

2019-08-15 16:30:48 - [TEST_STEP][PASSED] - if (i == 2 &amp;&amp; wildList.indexOf(symbol) != -1): null

2019-08-15 16:30:48 - [TEST_STEP][PASSED] - if (i == 3 &amp;&amp; wildList.indexOf(symbol) != -1): null

2019-08-15 16:30:48 - [TEST_STEP][PASSED] - if (i == 4 &amp;&amp; wildList.indexOf(symbol) != -1): null

2019-08-15 16:30:48 - [TEST_STEP][PASSED] - symbol = symbol: null

2019-08-15 16:30:48 - [TEST_STEP][PASSED] - println(symbol): null

2019-08-15 16:30:48 - [TEST_STEP][PASSED] - if (i == 2 &amp;&amp; wildList.indexOf(symbol) != -1): null

2019-08-15 16:30:48 - [TEST_STEP][PASSED] - if (i == 3 &amp;&amp; wildList.indexOf(symbol) != -1): null

2019-08-15 16:30:48 - [TEST_STEP][PASSED] - if (i == 4 &amp;&amp; wildList.indexOf(symbol) != -1): null

2019-08-15 16:30:48 - [TEST_STEP][PASSED] - symbol = symbol: null

2019-08-15 16:30:48 - [TEST_STEP][PASSED] - println(symbol): null

2019-08-15 16:30:48 - [TEST_STEP][PASSED] - if (i == 2 &amp;&amp; wildList.indexOf(symbol) != -1): null

2019-08-15 16:30:48 - [TEST_STEP][PASSED] - if (i == 3 &amp;&amp; wildList.indexOf(symbol) != -1): null

2019-08-15 16:30:48 - [TEST_STEP][PASSED] - if (i == 4 &amp;&amp; wildList.indexOf(symbol) != -1): null

2019-08-15 16:30:48 - [TEST_STEP][PASSED] - symbols = symbols: null

2019-08-15 16:30:48 - [TEST_STEP][PASSED] - for ([j = 0, j &lt; symbols.size(), (j++)]): null

2019-08-15 16:30:48 - [TEST_STEP][PASSED] - symbol = symbol: null

2019-08-15 16:30:48 - [TEST_STEP][PASSED] - println(symbol): null

2019-08-15 16:30:48 - [TEST_STEP][PASSED] - if (i == 2 &amp;&amp; wildList.indexOf(symbol) != -1): null

2019-08-15 16:30:48 - [TEST_STEP][PASSED] - if (i == 3 &amp;&amp; wildList.indexOf(symbol) != -1): null

2019-08-15 16:30:48 - [TEST_STEP][PASSED] - if (i == 4 &amp;&amp; wildList.indexOf(symbol) != -1): null

2019-08-15 16:30:48 - [TEST_STEP][PASSED] - symbol = symbol: null

2019-08-15 16:30:48 - [TEST_STEP][PASSED] - println(symbol): null

2019-08-15 16:30:48 - [TEST_STEP][PASSED] - if (i == 2 &amp;&amp; wildList.indexOf(symbol) != -1): null

2019-08-15 16:30:48 - [TEST_STEP][PASSED] - if (i == 3 &amp;&amp; wildList.indexOf(symbol) != -1): null

2019-08-15 16:30:48 - [TEST_STEP][PASSED] - if (i == 4 &amp;&amp; wildList.indexOf(symbol) != -1): null

2019-08-15 16:30:48 - [TEST_STEP][PASSED] - symbol = symbol: null

2019-08-15 16:30:48 - [TEST_STEP][PASSED] - println(symbol): null

2019-08-15 16:30:48 - [TEST_STEP][PASSED] - if (i == 2 &amp;&amp; wildList.indexOf(symbol) != -1): null

2019-08-15 16:30:48 - [TEST_STEP][PASSED] - if (i == 3 &amp;&amp; wildList.indexOf(symbol) != -1): null

2019-08-15 16:30:51 - [TEST_STEP][PASSED] - if (i == 4 &amp;&amp; wildList.indexOf(symbol) != -1): null

2019-08-15 16:30:51 - [TEST_STEP][PASSED] - symbols = symbols: null

2019-08-15 16:30:51 - [TEST_STEP][PASSED] - for ([j = 0, j &lt; symbols.size(), (j++)]): null

2019-08-15 16:30:51 - [TEST_STEP][PASSED] - symbol = symbol: null

2019-08-15 16:30:51 - [TEST_STEP][PASSED] - println(symbol): null

2019-08-15 16:30:51 - [TEST_STEP][PASSED] - if (i == 2 &amp;&amp; wildList.indexOf(symbol) != -1): null

2019-08-15 16:30:51 - [TEST_STEP][PASSED] - if (i == 3 &amp;&amp; wildList.indexOf(symbol) != -1): null

2019-08-15 16:30:51 - [TEST_STEP][PASSED] - if (i == 4 &amp;&amp; wildList.indexOf(symbol) != -1): null

2019-08-15 16:30:51 - [TEST_STEP][PASSED] - symbol = symbol: null

2019-08-15 16:30:51 - [TEST_STEP][PASSED] - println(symbol): null

2019-08-15 16:30:54 - [TEST_STEP][PASSED] - if (i == 2 &amp;&amp; wildList.indexOf(symbol) != -1): null

2019-08-15 16:30:54 - [TEST_STEP][PASSED] - if (i == 3 &amp;&amp; wildList.indexOf(symbol) != -1): null

2019-08-15 16:30:54 - [TEST_STEP][PASSED] - if (i == 4 &amp;&amp; wildList.indexOf(symbol) != -1): null

2019-08-15 16:30:54 - [TEST_STEP][PASSED] - symbol = symbol: null

2019-08-15 16:30:54 - [TEST_STEP][PASSED] - println(symbol): null

2019-08-15 16:30:54 - [TEST_STEP][PASSED] - if (i == 2 &amp;&amp; wildList.indexOf(symbol) != -1): null

2019-08-15 16:30:54 - [TEST_STEP][PASSED] - if (i == 3 &amp;&amp; wildList.indexOf(symbol) != -1): null

2019-08-15 16:30:54 - [TEST_STEP][PASSED] - if (i == 4 &amp;&amp; wildList.indexOf(symbol) != -1): null

2019-08-15 16:30:54 - [TEST_STEP][PASSED] - free_spin_reel_counter = free_spin_reel_counter: null

2019-08-15 16:30:54 - [TEST_STEP][PASSED] - println("reel 3 wild found: " + free_spin_reel_counter[0]): null

2019-08-15 16:30:54 - [TEST_STEP][PASSED] - println("reel 4 wild found: " + free_spin_reel_counter[1]): null

2019-08-15 16:30:54 - [TEST_STEP][PASSED] - println("reel 5 wild found: " + free_spin_reel_counter[2]): null

2019-08-15 16:30:54 - [TEST_STEP][PASSED] - M4_spin_reels = M4_spin_reels: null

2019-08-15 16:30:54 - [TEST_STEP][PASSED] - M4_spin_reels_symbols = symbol: null

2019-08-15 16:30:54 - [TEST_STEP][PASSED] - M4_spin_reels_symbols = M4_spin_reels_symbols: null

2019-08-15 16:30:54 - [TEST_STEP][PASSED] - M4_spin_reel_wins = reel_wins: null

2019-08-15 16:30:54 - [TEST_STEP][PASSED] - M4_spin_reel_wins = M4_spin_reel_wins: null

2019-08-15 16:30:54 - [TEST_STEP][PASSED] - println("GlobalVariable.M4_spin_reel_wins is: " + M4_spin_reel_wins): null

2019-08-15 16:30:54 - [TEST_STEP][PASSED] - M4_spin_total_bonus_win_this_round = total_bonus_win_this_round: null

2019-08-15 16:30:54 - [TEST_STEP][PASSED] - M4_spin_total_bonus_win_this_round = M4_spin_total_bonus_win_this_round: null

2019-08-15 16:30:54 - [TEST_STEP][PASSED] - println("GlobalVariable.M4_spin_total_bonus_win_this_round is: " + M4_spin_total_bonus_win_this_round): null

2019-08-15 16:30:54 - [MESSAGE][PASSED] - Verify response successfully

2019-08-15 16:30:54 - [MESSAGE][PASSED] - Send request and verify the response successfully

2019-08-15 16:30:54 - [TEST_STEP][PASSED] - if (M4_total_bonus_spins_int != 0 &amp;&amp; M4_spin_reels_symbols[2].contains("WILD_Normal") || M4_spin_reels_symbols[3].contains("WILD_Normal") || M4_spin_reels_symbols[4].contains("WILD_Normal")): null

2019-08-15 16:30:54 - [TEST_STEP][PASSED] - free_spin_reel_counter = free_spin_reel_counter: null

2019-08-15 16:30:54 - [TEST_STEP][PASSED] - M4_spin_reels_symbols = M4_spin_reels_symbols: null

2019-08-15 16:30:54 - [TEST_STEP][PASSED] - M4_total_bonus_spins = M4_total_bonus_spins: null

2019-08-15 16:30:54 - [TEST_STEP][PASSED] - spin_result = sendRequestAndVerify(findTestObject("STG/RGS(M4)/1_M4_spin", ["M4_login_user_id":M4_login_user_id, "rgs_session_token":rgs_session_token, "partner":Partner])): Send request and verify the response successfully

2019-08-15 16:30:55 - [TEST_CASE][PASSED] - Start Test Case : Verification: Verification accomplished successfully

2019-08-15 16:30:55 - [TEST_STEP][PASSED] - request = getInstance().getCurrentRequest(): null

2019-08-15 16:30:55 - [TEST_STEP][PASSED] - response = getInstance().getCurrentResponse(): null

2019-08-15 16:30:55 - [TEST_STEP][PASSED] - verifyResponseStatusCode(response, 200): Verify response status code successfully

2019-08-15 16:30:55 - [MESSAGE][PASSED] - Verify response status code successfully

2019-08-15 16:30:55 - [TEST_STEP][PASSED] - getStatusCode()).isEqualTo(200): null

2019-08-15 16:30:55 - [TEST_STEP][PASSED] - newline = System.getProperty("line.separator"): null

2019-08-15 16:30:55 - [TEST_STEP][PASSED] - M4_spin = new groovy.json.JsonSlurper(): null

2019-08-15 16:30:55 - [TEST_STEP][PASSED] - result_M4_spin = M4_spin.parseText(response.getResponseBodyContent()): null

2019-08-15 16:30:55 - [TEST_STEP][PASSED] - M4_spin_current_balance = current_balance: null

2019-08-15 16:30:55 - [TEST_STEP][PASSED] - M4_spin_current_balance = M4_spin_current_balance: null

2019-08-15 16:30:55 - [TEST_STEP][PASSED] - M4_spin_transaction_id = causality: null

2019-08-15 16:30:55 - [TEST_STEP][PASSED] - M4_spin_transaction_id = M4_spin_transaction_id: null

2019-08-15 16:30:55 - [TEST_STEP][PASSED] - M4_spin_round_id = round_id: null

2019-08-15 16:30:55 - [TEST_STEP][PASSED] - M4_spin_round_id = M4_spin_round_id: null

2019-08-15 16:30:55 - [TEST_STEP][PASSED] - M4_spin_line_wins = line_wins: null

2019-08-15 16:30:55 - [TEST_STEP][PASSED] - M4_spin_line_wins = M4_spin_line_wins: null

2019-08-15 16:30:55 - [TEST_STEP][PASSED] - M4_total_bonus_spins_int = total_bonus_spins: null

2019-08-15 16:30:55 - [TEST_STEP][PASSED] - println("******M4_total_bonus_spins type is:*******" + newline + getClass().getName()): null

2019-08-15 16:30:55 - [TEST_STEP][PASSED] - M4_total_bonus_spins_int = M4_total_bonus_spins_int: null

2019-08-15 16:30:55 - [TEST_STEP][PASSED] - M4_total_bonus_spins = Integer.toString(M4_total_bonus_spins_int): null

2019-08-15 16:30:55 - [TEST_STEP][PASSED] - M4_total_bonus_spins = M4_total_bonus_spins: null

2019-08-15 16:30:55 - [TEST_STEP][PASSED] - println("M4_total_bonus_spins is:" + M4_total_bonus_spins): null

2019-08-15 16:30:55 - [TEST_STEP][PASSED] - M4_spin_bonus_data = bonus_data: null

2019-08-15 16:30:55 - [TEST_STEP][PASSED] - M4_spin_features_triggered = result_M4_spin: null

2019-08-15 16:30:55 - [TEST_STEP][PASSED] - wild = []: null

2019-08-15 16:30:55 - [TEST_STEP][PASSED] - wild[0] = "WILD_Expanding": null

2019-08-15 16:30:55 - [TEST_STEP][PASSED] - wild[1] = "WILD_Normal": null

2019-08-15 16:30:55 - [TEST_STEP][PASSED] - wild[2] = "WILD_Double": null

2019-08-15 16:30:55 - [TEST_STEP][PASSED] - wild[3] = "WILD_ExtraFG": null

2019-08-15 16:30:55 - [TEST_STEP][PASSED] - wild[4] = "WILD_Triple": null

2019-08-15 16:30:55 - [TEST_STEP][PASSED] - wildList = Arrays.asList(wild): null

2019-08-15 16:30:55 - [TEST_STEP][PASSED] - wildList = wildList: null

2019-08-15 16:30:55 - [TEST_STEP][PASSED] - free_spin_reel_counter = []: null

2019-08-15 16:30:55 - [TEST_STEP][PASSED] - free_spin_reel_counter[0] = 0: null

2019-08-15 16:30:55 - [TEST_STEP][PASSED] - free_spin_reel_counter[1] = 0: null

2019-08-15 16:30:55 - [TEST_STEP][PASSED] - free_spin_reel_counter[2] = 0: null

2019-08-15 16:30:55 - [TEST_STEP][PASSED] - M4_spin_reels = reels: null

2019-08-15 16:30:55 - [TEST_STEP][PASSED] - for ([i = 0, i &lt; M4_spin_reels.size(), (i++)]): null

2019-08-15 16:30:55 - [TEST_STEP][PASSED] - symbols = symbols: null

2019-08-15 16:30:55 - [TEST_STEP][PASSED] - for ([j = 0, j &lt; symbols.size(), (j++)]): null

2019-08-15 16:30:55 - [TEST_STEP][PASSED] - symbol = symbol: null

2019-08-15 16:30:55 - [TEST_STEP][PASSED] - println(symbol): null

2019-08-15 16:30:55 - [TEST_STEP][PASSED] - if (i == 2 &amp;&amp; wildList.indexOf(symbol) != -1): null

2019-08-15 16:30:55 - [TEST_STEP][PASSED] - if (i == 3 &amp;&amp; wildList.indexOf(symbol) != -1): null

2019-08-15 16:30:55 - [TEST_STEP][PASSED] - if (i == 4 &amp;&amp; wildList.indexOf(symbol) != -1): null

2019-08-15 16:30:55 - [TEST_STEP][PASSED] - symbol = symbol: null

2019-08-15 16:30:55 - [TEST_STEP][PASSED] - println(symbol): null

2019-08-15 16:30:55 - [TEST_STEP][PASSED] - if (i == 2 &amp;&amp; wildList.indexOf(symbol) != -1): null

2019-08-15 16:30:55 - [TEST_STEP][PASSED] - if (i == 3 &amp;&amp; wildList.indexOf(symbol) != -1): null

2019-08-15 16:30:55 - [TEST_STEP][PASSED] - if (i == 4 &amp;&amp; wildList.indexOf(symbol) != -1): null

2019-08-15 16:30:55 - [TEST_STEP][PASSED] - symbol = symbol: null

2019-08-15 16:30:55 - [TEST_STEP][PASSED] - println(symbol): null

2019-08-15 16:30:55 - [TEST_STEP][PASSED] - if (i == 2 &amp;&amp; wildList.indexOf(symbol) != -1): null

2019-08-15 16:30:55 - [TEST_STEP][PASSED] - if (i == 3 &amp;&amp; wildList.indexOf(symbol) != -1): null

2019-08-15 16:30:55 - [TEST_STEP][PASSED] - if (i == 4 &amp;&amp; wildList.indexOf(symbol) != -1): null

2019-08-15 16:30:55 - [TEST_STEP][PASSED] - symbols = symbols: null

2019-08-15 16:30:55 - [TEST_STEP][PASSED] - for ([j = 0, j &lt; symbols.size(), (j++)]): null

2019-08-15 16:30:55 - [TEST_STEP][PASSED] - symbol = symbol: null

2019-08-15 16:30:55 - [TEST_STEP][PASSED] - println(symbol): null

2019-08-15 16:30:55 - [TEST_STEP][PASSED] - if (i == 2 &amp;&amp; wildList.indexOf(symbol) != -1): null

2019-08-15 16:30:55 - [TEST_STEP][PASSED] - if (i == 3 &amp;&amp; wildList.indexOf(symbol) != -1): null

2019-08-15 16:30:55 - [TEST_STEP][PASSED] - if (i == 4 &amp;&amp; wildList.indexOf(symbol) != -1): null

2019-08-15 16:30:55 - [TEST_STEP][PASSED] - symbol = symbol: null

2019-08-15 16:30:55 - [TEST_STEP][PASSED] - println(symbol): null

2019-08-15 16:30:55 - [TEST_STEP][PASSED] - if (i == 2 &amp;&amp; wildList.indexOf(symbol) != -1): null

2019-08-15 16:30:55 - [TEST_STEP][PASSED] - if (i == 3 &amp;&amp; wildList.indexOf(symbol) != -1): null

2019-08-15 16:30:55 - [TEST_STEP][PASSED] - if (i == 4 &amp;&amp; wildList.indexOf(symbol) != -1): null

2019-08-15 16:30:55 - [TEST_STEP][PASSED] - symbol = symbol: null

2019-08-15 16:30:55 - [TEST_STEP][PASSED] - println(symbol): null

2019-08-15 16:30:55 - [TEST_STEP][PASSED] - if (i == 2 &amp;&amp; wildList.indexOf(symbol) != -1): null

2019-08-15 16:30:55 - [TEST_STEP][PASSED] - if (i == 3 &amp;&amp; wildList.indexOf(symbol) != -1): null

2019-08-15 16:30:55 - [TEST_STEP][PASSED] - if (i == 4 &amp;&amp; wildList.indexOf(symbol) != -1): null

2019-08-15 16:30:55 - [TEST_STEP][PASSED] - symbols = symbols: null

2019-08-15 16:30:55 - [TEST_STEP][PASSED] - for ([j = 0, j &lt; symbols.size(), (j++)]): null

2019-08-15 16:30:55 - [TEST_STEP][PASSED] - symbol = symbol: null

2019-08-15 16:30:55 - [TEST_STEP][PASSED] - println(symbol): null

2019-08-15 16:30:55 - [TEST_STEP][PASSED] - if (i == 2 &amp;&amp; wildList.indexOf(symbol) != -1): null

2019-08-15 16:30:55 - [TEST_STEP][PASSED] - if (i == 3 &amp;&amp; wildList.indexOf(symbol) != -1): null

2019-08-15 16:30:55 - [TEST_STEP][PASSED] - if (i == 4 &amp;&amp; wildList.indexOf(symbol) != -1): null

2019-08-15 16:30:55 - [TEST_STEP][PASSED] - symbol = symbol: null

2019-08-15 16:30:55 - [TEST_STEP][PASSED] - println(symbol): null

2019-08-15 16:30:55 - [TEST_STEP][PASSED] - if (i == 2 &amp;&amp; wildList.indexOf(symbol) != -1): null

2019-08-15 16:30:55 - [TEST_STEP][PASSED] - if (i == 3 &amp;&amp; wildList.indexOf(symbol) != -1): null

2019-08-15 16:30:55 - [TEST_STEP][PASSED] - if (i == 4 &amp;&amp; wildList.indexOf(symbol) != -1): null

2019-08-15 16:30:55 - [TEST_STEP][PASSED] - symbol = symbol: null

2019-08-15 16:30:55 - [TEST_STEP][PASSED] - println(symbol): null

2019-08-15 16:30:55 - [TEST_STEP][PASSED] - if (i == 2 &amp;&amp; wildList.indexOf(symbol) != -1): null

2019-08-15 16:30:55 - [TEST_STEP][PASSED] - if (i == 3 &amp;&amp; wildList.indexOf(symbol) != -1): null

2019-08-15 16:30:55 - [TEST_STEP][PASSED] - if (i == 4 &amp;&amp; wildList.indexOf(symbol) != -1): null

2019-08-15 16:30:55 - [TEST_STEP][PASSED] - symbols = symbols: null

2019-08-15 16:30:55 - [TEST_STEP][PASSED] - for ([j = 0, j &lt; symbols.size(), (j++)]): null

2019-08-15 16:30:55 - [TEST_STEP][PASSED] - symbol = symbol: null

2019-08-15 16:30:55 - [TEST_STEP][PASSED] - println(symbol): null

2019-08-15 16:30:55 - [TEST_STEP][PASSED] - if (i == 2 &amp;&amp; wildList.indexOf(symbol) != -1): null

2019-08-15 16:30:55 - [TEST_STEP][PASSED] - if (i == 3 &amp;&amp; wildList.indexOf(symbol) != -1): null

2019-08-15 16:30:55 - [TEST_STEP][PASSED] - if (i == 4 &amp;&amp; wildList.indexOf(symbol) != -1): null

2019-08-15 16:30:55 - [TEST_STEP][PASSED] - symbol = symbol: null

2019-08-15 16:30:55 - [TEST_STEP][PASSED] - println(symbol): null

2019-08-15 16:30:55 - [TEST_STEP][PASSED] - if (i == 2 &amp;&amp; wildList.indexOf(symbol) != -1): null

2019-08-15 16:30:55 - [TEST_STEP][PASSED] - if (i == 3 &amp;&amp; wildList.indexOf(symbol) != -1): null

2019-08-15 16:30:55 - [TEST_STEP][PASSED] - if (i == 4 &amp;&amp; wildList.indexOf(symbol) != -1): null

2019-08-15 16:30:55 - [TEST_STEP][PASSED] - symbol = symbol: null

2019-08-15 16:30:55 - [TEST_STEP][PASSED] - println(symbol): null

2019-08-15 16:30:55 - [TEST_STEP][PASSED] - if (i == 2 &amp;&amp; wildList.indexOf(symbol) != -1): null

2019-08-15 16:30:55 - [TEST_STEP][PASSED] - if (i == 3 &amp;&amp; wildList.indexOf(symbol) != -1): null

2019-08-15 16:30:55 - [TEST_STEP][PASSED] - if (i == 4 &amp;&amp; wildList.indexOf(symbol) != -1): null

2019-08-15 16:30:55 - [TEST_STEP][PASSED] - symbols = symbols: null

2019-08-15 16:30:55 - [TEST_STEP][PASSED] - for ([j = 0, j &lt; symbols.size(), (j++)]): null

2019-08-15 16:30:55 - [TEST_STEP][PASSED] - symbol = symbol: null

2019-08-15 16:30:55 - [TEST_STEP][PASSED] - println(symbol): null

2019-08-15 16:30:55 - [TEST_STEP][PASSED] - if (i == 2 &amp;&amp; wildList.indexOf(symbol) != -1): null

2019-08-15 16:30:55 - [TEST_STEP][PASSED] - if (i == 3 &amp;&amp; wildList.indexOf(symbol) != -1): null

2019-08-15 16:30:55 - [TEST_STEP][PASSED] - if (i == 4 &amp;&amp; wildList.indexOf(symbol) != -1): null

2019-08-15 16:30:55 - [TEST_STEP][PASSED] - symbol = symbol: null

2019-08-15 16:30:55 - [TEST_STEP][PASSED] - println(symbol): null

2019-08-15 16:30:55 - [TEST_STEP][PASSED] - if (i == 2 &amp;&amp; wildList.indexOf(symbol) != -1): null

2019-08-15 16:30:55 - [TEST_STEP][PASSED] - if (i == 3 &amp;&amp; wildList.indexOf(symbol) != -1): null

2019-08-15 16:30:55 - [TEST_STEP][PASSED] - if (i == 4 &amp;&amp; wildList.indexOf(symbol) != -1): null

2019-08-15 16:30:55 - [TEST_STEP][PASSED] - symbol = symbol: null

2019-08-15 16:30:55 - [TEST_STEP][PASSED] - println(symbol): null

2019-08-15 16:30:55 - [TEST_STEP][PASSED] - if (i == 2 &amp;&amp; wildList.indexOf(symbol) != -1): null

2019-08-15 16:30:55 - [TEST_STEP][PASSED] - if (i == 3 &amp;&amp; wildList.indexOf(symbol) != -1): null

2019-08-15 16:30:55 - [TEST_STEP][PASSED] - if (i == 4 &amp;&amp; wildList.indexOf(symbol) != -1): null

2019-08-15 16:30:55 - [TEST_STEP][PASSED] - free_spin_reel_counter = free_spin_reel_counter: null

2019-08-15 16:30:55 - [TEST_STEP][PASSED] - println("reel 3 wild found: " + free_spin_reel_counter[0]): null

2019-08-15 16:30:55 - [TEST_STEP][PASSED] - println("reel 4 wild found: " + free_spin_reel_counter[1]): null

2019-08-15 16:30:55 - [TEST_STEP][PASSED] - println("reel 5 wild found: " + free_spin_reel_counter[2]): null

2019-08-15 16:30:55 - [TEST_STEP][PASSED] - M4_spin_reels = M4_spin_reels: null

2019-08-15 16:30:55 - [TEST_STEP][PASSED] - M4_spin_reels_symbols = symbol: null

2019-08-15 16:30:55 - [TEST_STEP][PASSED] - M4_spin_reels_symbols = M4_spin_reels_symbols: null

2019-08-15 16:30:55 - [TEST_STEP][PASSED] - M4_spin_reel_wins = reel_wins: null

2019-08-15 16:30:55 - [TEST_STEP][PASSED] - M4_spin_reel_wins = M4_spin_reel_wins: null

2019-08-15 16:30:55 - [TEST_STEP][PASSED] - println("GlobalVariable.M4_spin_reel_wins is: " + M4_spin_reel_wins): null

2019-08-15 16:30:55 - [TEST_STEP][PASSED] - M4_spin_total_bonus_win_this_round = total_bonus_win_this_round: null

2019-08-15 16:30:55 - [TEST_STEP][PASSED] - M4_spin_total_bonus_win_this_round = M4_spin_total_bonus_win_this_round: null

2019-08-15 16:30:55 - [TEST_STEP][PASSED] - println("GlobalVariable.M4_spin_total_bonus_win_this_round is: " + M4_spin_total_bonus_win_this_round): null

2019-08-15 16:30:55 - [MESSAGE][PASSED] - Verify response successfully

2019-08-15 16:30:55 - [MESSAGE][PASSED] - Send request and verify the response successfully

2019-08-15 16:30:55 - [TEST_STEP][PASSED] - if (M4_total_bonus_spins_int != 0 &amp;&amp; M4_spin_reels_symbols[2].contains("WILD_Normal") || M4_spin_reels_symbols[3].contains("WILD_Normal") || M4_spin_reels_symbols[4].contains("WILD_Normal")): null

2019-08-15 16:30:55 - [TEST_STEP][PASSED] - free_spin_reel_counter = free_spin_reel_counter: null

2019-08-15 16:30:55 - [TEST_STEP][PASSED] - M4_spin_reels_symbols = M4_spin_reels_symbols: null

2019-08-15 16:30:55 - [TEST_STEP][PASSED] - M4_total_bonus_spins = M4_total_bonus_spins: null

2019-08-15 16:30:55 - [TEST_STEP][PASSED] - spin_result = sendRequestAndVerify(findTestObject("STG/RGS(M4)/1_M4_spin", ["M4_login_user_id":M4_login_user_id, "rgs_session_token":rgs_session_token, "partner":Partner])): Send request and verify the response successfully

2019-08-15 16:30:56 - [TEST_CASE][PASSED] - Start Test Case : Verification: Verification accomplished successfully

2019-08-15 16:30:56 - [TEST_STEP][PASSED] - request = getInstance().getCurrentRequest(): null

2019-08-15 16:30:56 - [TEST_STEP][PASSED] - response = getInstance().getCurrentResponse(): null

2019-08-15 16:30:56 - [TEST_STEP][PASSED] - verifyResponseStatusCode(response, 200): Verify response status code successfully

2019-08-15 16:30:56 - [MESSAGE][PASSED] - Verify response status code successfully

2019-08-15 16:30:56 - [TEST_STEP][PASSED] - getStatusCode()).isEqualTo(200): null

2019-08-15 16:30:56 - [TEST_STEP][PASSED] - newline = System.getProperty("line.separator"): null

2019-08-15 16:30:56 - [TEST_STEP][PASSED] - M4_spin = new groovy.json.JsonSlurper(): null

2019-08-15 16:30:56 - [TEST_STEP][PASSED] - result_M4_spin = M4_spin.parseText(response.getResponseBodyContent()): null

2019-08-15 16:30:56 - [TEST_STEP][PASSED] - M4_spin_current_balance = current_balance: null

2019-08-15 16:30:56 - [TEST_STEP][PASSED] - M4_spin_current_balance = M4_spin_current_balance: null

2019-08-15 16:30:56 - [TEST_STEP][PASSED] - M4_spin_transaction_id = causality: null

2019-08-15 16:30:56 - [TEST_STEP][PASSED] - M4_spin_transaction_id = M4_spin_transaction_id: null

2019-08-15 16:30:56 - [TEST_STEP][PASSED] - M4_spin_round_id = round_id: null

2019-08-15 16:30:56 - [TEST_STEP][PASSED] - M4_spin_round_id = M4_spin_round_id: null

2019-08-15 16:30:56 - [TEST_STEP][PASSED] - M4_spin_line_wins = line_wins: null

2019-08-15 16:30:56 - [TEST_STEP][PASSED] - M4_spin_line_wins = M4_spin_line_wins: null

2019-08-15 16:30:56 - [TEST_STEP][PASSED] - M4_total_bonus_spins_int = total_bonus_spins: null

2019-08-15 16:30:56 - [TEST_STEP][PASSED] - println("******M4_total_bonus_spins type is:*******" + newline + getClass().getName()): null

2019-08-15 16:30:56 - [TEST_STEP][PASSED] - M4_total_bonus_spins_int = M4_total_bonus_spins_int: null

2019-08-15 16:30:56 - [TEST_STEP][PASSED] - M4_total_bonus_spins = Integer.toString(M4_total_bonus_spins_int): null

2019-08-15 16:30:56 - [TEST_STEP][PASSED] - M4_total_bonus_spins = M4_total_bonus_spins: null

2019-08-15 16:30:56 - [TEST_STEP][PASSED] - println("M4_total_bonus_spins is:" + M4_total_bonus_spins): null

2019-08-15 16:30:56 - [TEST_STEP][PASSED] - M4_spin_bonus_data = bonus_data: null

2019-08-15 16:30:56 - [TEST_STEP][PASSED] - M4_spin_features_triggered = result_M4_spin: null

2019-08-15 16:30:56 - [TEST_STEP][PASSED] - wild = []: null

2019-08-15 16:30:56 - [TEST_STEP][PASSED] - wild[0] = "WILD_Expanding": null

2019-08-15 16:30:56 - [TEST_STEP][PASSED] - wild[1] = "WILD_Normal": null

2019-08-15 16:30:56 - [TEST_STEP][PASSED] - wild[2] = "WILD_Double": null

2019-08-15 16:30:56 - [TEST_STEP][PASSED] - wild[3] = "WILD_ExtraFG": null

2019-08-15 16:30:56 - [TEST_STEP][PASSED] - wild[4] = "WILD_Triple": null

2019-08-15 16:30:56 - [TEST_STEP][PASSED] - wildList = Arrays.asList(wild): null

2019-08-15 16:30:56 - [TEST_STEP][PASSED] - wildList = wildList: null

2019-08-15 16:30:56 - [TEST_STEP][PASSED] - free_spin_reel_counter = []: null

2019-08-15 16:30:56 - [TEST_STEP][PASSED] - free_spin_reel_counter[0] = 0: null

2019-08-15 16:30:56 - [TEST_STEP][PASSED] - free_spin_reel_counter[1] = 0: null

2019-08-15 16:30:56 - [TEST_STEP][PASSED] - free_spin_reel_counter[2] = 0: null

2019-08-15 16:30:56 - [TEST_STEP][PASSED] - M4_spin_reels = reels: null

2019-08-15 16:30:56 - [TEST_STEP][PASSED] - for ([i = 0, i &lt; M4_spin_reels.size(), (i++)]): null

2019-08-15 16:30:56 - [TEST_STEP][PASSED] - symbols = symbols: null

2019-08-15 16:30:56 - [TEST_STEP][PASSED] - for ([j = 0, j &lt; symbols.size(), (j++)]): null

2019-08-15 16:30:56 - [TEST_STEP][PASSED] - symbol = symbol: null

2019-08-15 16:30:56 - [TEST_STEP][PASSED] - println(symbol): null

2019-08-15 16:30:56 - [TEST_STEP][PASSED] - if (i == 2 &amp;&amp; wildList.indexOf(symbol) != -1): null

2019-08-15 16:30:56 - [TEST_STEP][PASSED] - if (i == 3 &amp;&amp; wildList.indexOf(symbol) != -1): null

2019-08-15 16:30:56 - [TEST_STEP][PASSED] - if (i == 4 &amp;&amp; wildList.indexOf(symbol) != -1): null

2019-08-15 16:30:56 - [TEST_STEP][PASSED] - symbol = symbol: null

2019-08-15 16:30:56 - [TEST_STEP][PASSED] - println(symbol): null

2019-08-15 16:30:56 - [TEST_STEP][PASSED] - if (i == 2 &amp;&amp; wildList.indexOf(symbol) != -1): null

2019-08-15 16:30:56 - [TEST_STEP][PASSED] - if (i == 3 &amp;&amp; wildList.indexOf(symbol) != -1): null

2019-08-15 16:30:56 - [TEST_STEP][PASSED] - if (i == 4 &amp;&amp; wildList.indexOf(symbol) != -1): null

2019-08-15 16:30:56 - [TEST_STEP][PASSED] - symbol = symbol: null

2019-08-15 16:30:56 - [TEST_STEP][PASSED] - println(symbol): null

2019-08-15 16:30:56 - [TEST_STEP][PASSED] - if (i == 2 &amp;&amp; wildList.indexOf(symbol) != -1): null

2019-08-15 16:30:56 - [TEST_STEP][PASSED] - if (i == 3 &amp;&amp; wildList.indexOf(symbol) != -1): null

2019-08-15 16:30:56 - [TEST_STEP][PASSED] - if (i == 4 &amp;&amp; wildList.indexOf(symbol) != -1): null

2019-08-15 16:30:56 - [TEST_STEP][PASSED] - symbols = symbols: null

2019-08-15 16:30:56 - [TEST_STEP][PASSED] - for ([j = 0, j &lt; symbols.size(), (j++)]): null

2019-08-15 16:30:56 - [TEST_STEP][PASSED] - symbol = symbol: null

2019-08-15 16:30:56 - [TEST_STEP][PASSED] - println(symbol): null

2019-08-15 16:30:56 - [TEST_STEP][PASSED] - if (i == 2 &amp;&amp; wildList.indexOf(symbol) != -1): null

2019-08-15 16:30:56 - [TEST_STEP][PASSED] - if (i == 3 &amp;&amp; wildList.indexOf(symbol) != -1): null

2019-08-15 16:30:56 - [TEST_STEP][PASSED] - if (i == 4 &amp;&amp; wildList.indexOf(symbol) != -1): null

2019-08-15 16:30:56 - [TEST_STEP][PASSED] - symbol = symbol: null

2019-08-15 16:30:56 - [TEST_STEP][PASSED] - println(symbol): null

2019-08-15 16:30:56 - [TEST_STEP][PASSED] - if (i == 2 &amp;&amp; wildList.indexOf(symbol) != -1): null

2019-08-15 16:30:56 - [TEST_STEP][PASSED] - if (i == 3 &amp;&amp; wildList.indexOf(symbol) != -1): null

2019-08-15 16:30:56 - [TEST_STEP][PASSED] - if (i == 4 &amp;&amp; wildList.indexOf(symbol) != -1): null

2019-08-15 16:30:56 - [TEST_STEP][PASSED] - symbol = symbol: null

2019-08-15 16:30:56 - [TEST_STEP][PASSED] - println(symbol): null

2019-08-15 16:30:56 - [TEST_STEP][PASSED] - if (i == 2 &amp;&amp; wildList.indexOf(symbol) != -1): null

2019-08-15 16:30:56 - [TEST_STEP][PASSED] - if (i == 3 &amp;&amp; wildList.indexOf(symbol) != -1): null

2019-08-15 16:30:56 - [TEST_STEP][PASSED] - if (i == 4 &amp;&amp; wildList.indexOf(symbol) != -1): null

2019-08-15 16:30:56 - [TEST_STEP][PASSED] - symbols = symbols: null

2019-08-15 16:30:56 - [TEST_STEP][PASSED] - for ([j = 0, j &lt; symbols.size(), (j++)]): null

2019-08-15 16:30:56 - [TEST_STEP][PASSED] - symbol = symbol: null

2019-08-15 16:30:56 - [TEST_STEP][PASSED] - println(symbol): null

2019-08-15 16:30:56 - [TEST_STEP][PASSED] - if (i == 2 &amp;&amp; wildList.indexOf(symbol) != -1): null

2019-08-15 16:30:56 - [TEST_STEP][PASSED] - if (i == 3 &amp;&amp; wildList.indexOf(symbol) != -1): null

2019-08-15 16:30:56 - [TEST_STEP][PASSED] - if (i == 4 &amp;&amp; wildList.indexOf(symbol) != -1): null

2019-08-15 16:30:56 - [TEST_STEP][PASSED] - symbol = symbol: null

2019-08-15 16:30:56 - [TEST_STEP][PASSED] - println(symbol): null

2019-08-15 16:30:56 - [TEST_STEP][PASSED] - if (i == 2 &amp;&amp; wildList.indexOf(symbol) != -1): null

2019-08-15 16:30:56 - [TEST_STEP][PASSED] - if (i == 3 &amp;&amp; wildList.indexOf(symbol) != -1): null

2019-08-15 16:30:56 - [TEST_STEP][PASSED] - if (i == 4 &amp;&amp; wildList.indexOf(symbol) != -1): null

2019-08-15 16:30:56 - [TEST_STEP][PASSED] - symbol = symbol: null

2019-08-15 16:30:56 - [TEST_STEP][PASSED] - println(symbol): null

2019-08-15 16:30:56 - [TEST_STEP][PASSED] - if (i == 2 &amp;&amp; wildList.indexOf(symbol) != -1): null

2019-08-15 16:30:56 - [TEST_STEP][PASSED] - if (i == 3 &amp;&amp; wildList.indexOf(symbol) != -1): null

2019-08-15 16:30:56 - [TEST_STEP][PASSED] - if (i == 4 &amp;&amp; wildList.indexOf(symbol) != -1): null

2019-08-15 16:30:56 - [TEST_STEP][PASSED] - symbols = symbols: null

2019-08-15 16:30:56 - [TEST_STEP][PASSED] - for ([j = 0, j &lt; symbols.size(), (j++)]): null

2019-08-15 16:30:56 - [TEST_STEP][PASSED] - symbol = symbol: null

2019-08-15 16:30:56 - [TEST_STEP][PASSED] - println(symbol): null

2019-08-15 16:30:56 - [TEST_STEP][PASSED] - if (i == 2 &amp;&amp; wildList.indexOf(symbol) != -1): null

2019-08-15 16:30:56 - [TEST_STEP][PASSED] - if (i == 3 &amp;&amp; wildList.indexOf(symbol) != -1): null

2019-08-15 16:30:56 - [TEST_STEP][PASSED] - if (i == 4 &amp;&amp; wildList.indexOf(symbol) != -1): null

2019-08-15 16:30:56 - [TEST_STEP][PASSED] - symbol = symbol: null

2019-08-15 16:30:56 - [TEST_STEP][PASSED] - println(symbol): null

2019-08-15 16:30:56 - [TEST_STEP][PASSED] - if (i == 2 &amp;&amp; wildList.indexOf(symbol) != -1): null

2019-08-15 16:30:56 - [TEST_STEP][PASSED] - if (i == 3 &amp;&amp; wildList.indexOf(symbol) != -1): null

2019-08-15 16:30:56 - [TEST_STEP][PASSED] - if (i == 4 &amp;&amp; wildList.indexOf(symbol) != -1): null

2019-08-15 16:30:56 - [TEST_STEP][PASSED] - symbol = symbol: null

2019-08-15 16:30:56 - [TEST_STEP][PASSED] - println(symbol): null

2019-08-15 16:30:56 - [TEST_STEP][PASSED] - if (i == 2 &amp;&amp; wildList.indexOf(symbol) != -1): null

2019-08-15 16:30:56 - [TEST_STEP][PASSED] - if (i == 3 &amp;&amp; wildList.indexOf(symbol) != -1): null

2019-08-15 16:30:56 - [TEST_STEP][PASSED] - if (i == 4 &amp;&amp; wildList.indexOf(symbol) != -1): null

2019-08-15 16:30:56 - [TEST_STEP][PASSED] - symbols = symbols: null

2019-08-15 16:30:56 - [TEST_STEP][PASSED] - for ([j = 0, j &lt; symbols.size(), (j++)]): null

2019-08-15 16:30:56 - [TEST_STEP][PASSED] - symbol = symbol: null

2019-08-15 16:30:56 - [TEST_STEP][PASSED] - println(symbol): null

2019-08-15 16:30:56 - [TEST_STEP][PASSED] - if (i == 2 &amp;&amp; wildList.indexOf(symbol) != -1): null

2019-08-15 16:30:56 - [TEST_STEP][PASSED] - if (i == 3 &amp;&amp; wildList.indexOf(symbol) != -1): null

2019-08-15 16:30:56 - [TEST_STEP][PASSED] - if (i == 4 &amp;&amp; wildList.indexOf(symbol) != -1): null

2019-08-15 16:30:56 - [TEST_STEP][PASSED] - symbol = symbol: null

2019-08-15 16:30:56 - [TEST_STEP][PASSED] - println(symbol): null

2019-08-15 16:30:56 - [TEST_STEP][PASSED] - if (i == 2 &amp;&amp; wildList.indexOf(symbol) != -1): null

2019-08-15 16:30:56 - [TEST_STEP][PASSED] - if (i == 3 &amp;&amp; wildList.indexOf(symbol) != -1): null

2019-08-15 16:30:56 - [TEST_STEP][PASSED] - if (i == 4 &amp;&amp; wildList.indexOf(symbol) != -1): null

2019-08-15 16:30:56 - [TEST_STEP][PASSED] - symbol = symbol: null

2019-08-15 16:30:56 - [TEST_STEP][PASSED] - println(symbol): null

2019-08-15 16:30:56 - [TEST_STEP][PASSED] - if (i == 2 &amp;&amp; wildList.indexOf(symbol) != -1): null

2019-08-15 16:30:56 - [TEST_STEP][PASSED] - if (i == 3 &amp;&amp; wildList.indexOf(symbol) != -1): null

2019-08-15 16:30:56 - [TEST_STEP][PASSED] - if (i == 4 &amp;&amp; wildList.indexOf(symbol) != -1): null

2019-08-15 16:30:56 - [TEST_STEP][PASSED] - free_spin_reel_counter = free_spin_reel_counter: null

2019-08-15 16:30:56 - [TEST_STEP][PASSED] - println("reel 3 wild found: " + free_spin_reel_counter[0]): null

2019-08-15 16:30:56 - [TEST_STEP][PASSED] - println("reel 4 wild found: " + free_spin_reel_counter[1]): null

2019-08-15 16:30:56 - [TEST_STEP][PASSED] - println("reel 5 wild found: " + free_spin_reel_counter[2]): null

2019-08-15 16:30:56 - [TEST_STEP][PASSED] - M4_spin_reels = M4_spin_reels: null

2019-08-15 16:30:56 - [TEST_STEP][PASSED] - M4_spin_reels_symbols = symbol: null

2019-08-15 16:30:56 - [TEST_STEP][PASSED] - M4_spin_reels_symbols = M4_spin_reels_symbols: null

2019-08-15 16:30:56 - [TEST_STEP][PASSED] - M4_spin_reel_wins = reel_wins: null

2019-08-15 16:30:56 - [TEST_STEP][PASSED] - M4_spin_reel_wins = M4_spin_reel_wins: null

2019-08-15 16:30:56 - [TEST_STEP][PASSED] - println("GlobalVariable.M4_spin_reel_wins is: " + M4_spin_reel_wins): null

2019-08-15 16:30:56 - [TEST_STEP][PASSED] - M4_spin_total_bonus_win_this_round = total_bonus_win_this_round: null

2019-08-15 16:30:56 - [TEST_STEP][PASSED] - M4_spin_total_bonus_win_this_round = M4_spin_total_bonus_win_this_round: null

2019-08-15 16:30:56 - [TEST_STEP][PASSED] - println("GlobalVariable.M4_spin_total_bonus_win_this_round is: " + M4_spin_total_bonus_win_this_round): null

2019-08-15 16:30:56 - [MESSAGE][PASSED] - Verify response successfully

2019-08-15 16:30:56 - [MESSAGE][PASSED] - Send request and verify the response successfully

2019-08-15 16:30:56 - [TEST_STEP][PASSED] - if (M4_total_bonus_spins_int != 0 &amp;&amp; M4_spin_reels_symbols[2].contains("WILD_Normal") || M4_spin_reels_symbols[3].contains("WILD_Normal") || M4_spin_reels_symbols[4].contains("WILD_Normal")): null

2019-08-15 16:30:56 - [TEST_STEP][PASSED] - free_spin_reel_counter = free_spin_reel_counter: null

2019-08-15 16:30:56 - [TEST_STEP][PASSED] - M4_spin_reels_symbols = M4_spin_reels_symbols: null

2019-08-15 16:30:56 - [TEST_STEP][PASSED] - M4_total_bonus_spins = M4_total_bonus_spins: null

2019-08-15 16:30:56 - [TEST_STEP][PASSED] - spin_result = sendRequestAndVerify(findTestObject("STG/RGS(M4)/1_M4_spin", ["M4_login_user_id":M4_login_user_id, "rgs_session_token":rgs_session_token, "partner":Partner])): Send request and verify the response successfully

2019-08-15 16:30:57 - [TEST_CASE][PASSED] - Start Test Case : Verification: Verification accomplished successfully

2019-08-15 16:30:57 - [TEST_STEP][PASSED] - request = getInstance().getCurrentRequest(): null

2019-08-15 16:30:57 - [TEST_STEP][PASSED] - response = getInstance().getCurrentResponse(): null

2019-08-15 16:30:57 - [TEST_STEP][PASSED] - verifyResponseStatusCode(response, 200): Verify response status code successfully

2019-08-15 16:30:57 - [MESSAGE][PASSED] - Verify response status code successfully

2019-08-15 16:30:59 - [TEST_STEP][PASSED] - getStatusCode()).isEqualTo(200): null

2019-08-15 16:30:59 - [TEST_STEP][PASSED] - newline = System.getProperty("line.separator"): null

2019-08-15 16:30:59 - [TEST_STEP][PASSED] - M4_spin = new groovy.json.JsonSlurper(): null

2019-08-15 16:30:59 - [TEST_STEP][PASSED] - result_M4_spin = M4_spin.parseText(response.getResponseBodyContent()): null

2019-08-15 16:30:59 - [TEST_STEP][PASSED] - M4_spin_current_balance = current_balance: null

2019-08-15 16:30:59 - [TEST_STEP][PASSED] - M4_spin_current_balance = M4_spin_current_balance: null

2019-08-15 16:30:59 - [TEST_STEP][PASSED] - M4_spin_transaction_id = causality: null

2019-08-15 16:30:59 - [TEST_STEP][PASSED] - M4_spin_transaction_id = M4_spin_transaction_id: null

2019-08-15 16:30:59 - [TEST_STEP][PASSED] - M4_spin_round_id = round_id: null

2019-08-15 16:30:59 - [TEST_STEP][PASSED] - M4_spin_round_id = M4_spin_round_id: null

2019-08-15 16:31:02 - [TEST_STEP][PASSED] - M4_spin_line_wins = line_wins: null

2019-08-15 16:31:02 - [TEST_STEP][PASSED] - M4_spin_line_wins = M4_spin_line_wins: null

2019-08-15 16:31:02 - [TEST_STEP][PASSED] - M4_total_bonus_spins_int = total_bonus_spins: null

2019-08-15 16:31:02 - [TEST_STEP][PASSED] - println("******M4_total_bonus_spins type is:*******" + newline + getClass().getName()): null

2019-08-15 16:31:02 - [TEST_STEP][PASSED] - M4_total_bonus_spins_int = M4_total_bonus_spins_int: null

2019-08-15 16:31:02 - [TEST_STEP][PASSED] - M4_total_bonus_spins = Integer.toString(M4_total_bonus_spins_int): null

2019-08-15 16:31:02 - [TEST_STEP][PASSED] - M4_total_bonus_spins = M4_total_bonus_spins: null

2019-08-15 16:31:02 - [TEST_STEP][PASSED] - println("M4_total_bonus_spins is:" + M4_total_bonus_spins): null

2019-08-15 16:31:02 - [TEST_STEP][PASSED] - M4_spin_bonus_data = bonus_data: null

2019-08-15 16:31:02 - [TEST_STEP][PASSED] - M4_spin_features_triggered = result_M4_spin: null

2019-08-15 16:31:02 - [TEST_STEP][PASSED] - wild = []: null

2019-08-15 16:31:02 - [TEST_STEP][PASSED] - wild[0] = "WILD_Expanding": null

2019-08-15 16:31:02 - [TEST_STEP][PASSED] - wild[1] = "WILD_Normal": null

2019-08-15 16:31:02 - [TEST_STEP][PASSED] - wild[2] = "WILD_Double": null

2019-08-15 16:31:02 - [TEST_STEP][PASSED] - wild[3] = "WILD_ExtraFG": null

2019-08-15 16:31:02 - [TEST_STEP][PASSED] - wild[4] = "WILD_Triple": null

2019-08-15 16:31:02 - [TEST_STEP][PASSED] - wildList = Arrays.asList(wild): null

2019-08-15 16:31:02 - [TEST_STEP][PASSED] - wildList = wildList: null

2019-08-15 16:31:02 - [TEST_STEP][PASSED] - free_spin_reel_counter = []: null

2019-08-15 16:31:02 - [TEST_STEP][PASSED] - free_spin_reel_counter[0] = 0: null

2019-08-15 16:31:02 - [TEST_STEP][PASSED] - free_spin_reel_counter[1] = 0: null

2019-08-15 16:31:02 - [TEST_STEP][PASSED] - free_spin_reel_counter[2] = 0: null

2019-08-15 16:31:02 - [TEST_STEP][PASSED] - M4_spin_reels = reels: null

2019-08-15 16:31:02 - [TEST_STEP][PASSED] - for ([i = 0, i &lt; M4_spin_reels.size(), (i++)]): null

2019-08-15 16:31:02 - [TEST_STEP][PASSED] - symbols = symbols: null

2019-08-15 16:31:02 - [TEST_STEP][PASSED] - for ([j = 0, j &lt; symbols.size(), (j++)]): null

2019-08-15 16:31:02 - [TEST_STEP][PASSED] - symbol = symbol: null

2019-08-15 16:31:02 - [TEST_STEP][PASSED] - println(symbol): null

2019-08-15 16:31:02 - [TEST_STEP][PASSED] - if (i == 2 &amp;&amp; wildList.indexOf(symbol) != -1): null

2019-08-15 16:31:02 - [TEST_STEP][PASSED] - if (i == 3 &amp;&amp; wildList.indexOf(symbol) != -1): null

2019-08-15 16:31:02 - [TEST_STEP][PASSED] - if (i == 4 &amp;&amp; wildList.indexOf(symbol) != -1): null

2019-08-15 16:31:02 - [TEST_STEP][PASSED] - symbol = symbol: null

2019-08-15 16:31:02 - [TEST_STEP][PASSED] - println(symbol): null

2019-08-15 16:31:02 - [TEST_STEP][PASSED] - if (i == 2 &amp;&amp; wildList.indexOf(symbol) != -1): null

2019-08-15 16:31:02 - [TEST_STEP][PASSED] - if (i == 3 &amp;&amp; wildList.indexOf(symbol) != -1): null

2019-08-15 16:31:02 - [TEST_STEP][PASSED] - if (i == 4 &amp;&amp; wildList.indexOf(symbol) != -1): null

2019-08-15 16:31:02 - [TEST_STEP][PASSED] - symbol = symbol: null

2019-08-15 16:31:02 - [TEST_STEP][PASSED] - println(symbol): null

2019-08-15 16:31:02 - [TEST_STEP][PASSED] - if (i == 2 &amp;&amp; wildList.indexOf(symbol) != -1): null

2019-08-15 16:31:02 - [TEST_STEP][PASSED] - if (i == 3 &amp;&amp; wildList.indexOf(symbol) != -1): null

2019-08-15 16:31:02 - [TEST_STEP][PASSED] - if (i == 4 &amp;&amp; wildList.indexOf(symbol) != -1): null

2019-08-15 16:31:02 - [TEST_STEP][PASSED] - symbols = symbols: null

2019-08-15 16:31:02 - [TEST_STEP][PASSED] - for ([j = 0, j &lt; symbols.size(), (j++)]): null

2019-08-15 16:31:02 - [TEST_STEP][PASSED] - symbol = symbol: null

2019-08-15 16:31:02 - [TEST_STEP][PASSED] - println(symbol): null

2019-08-15 16:31:02 - [TEST_STEP][PASSED] - if (i == 2 &amp;&amp; wildList.indexOf(symbol) != -1): null

2019-08-15 16:31:02 - [TEST_STEP][PASSED] - if (i == 3 &amp;&amp; wildList.indexOf(symbol) != -1): null

2019-08-15 16:31:02 - [TEST_STEP][PASSED] - if (i == 4 &amp;&amp; wildList.indexOf(symbol) != -1): null

2019-08-15 16:31:02 - [TEST_STEP][PASSED] - symbol = symbol: null

2019-08-15 16:31:02 - [TEST_STEP][PASSED] - println(symbol): null

2019-08-15 16:31:02 - [TEST_STEP][PASSED] - if (i == 2 &amp;&amp; wildList.indexOf(symbol) != -1): null

2019-08-15 16:31:02 - [TEST_STEP][PASSED] - if (i == 3 &amp;&amp; wildList.indexOf(symbol) != -1): null

2019-08-15 16:31:02 - [TEST_STEP][PASSED] - if (i == 4 &amp;&amp; wildList.indexOf(symbol) != -1): null

2019-08-15 16:31:02 - [TEST_STEP][PASSED] - symbol = symbol: null

2019-08-15 16:31:02 - [TEST_STEP][PASSED] - println(symbol): null

2019-08-15 16:31:02 - [TEST_STEP][PASSED] - if (i == 2 &amp;&amp; wildList.indexOf(symbol) != -1): null

2019-08-15 16:31:02 - [TEST_STEP][PASSED] - if (i == 3 &amp;&amp; wildList.indexOf(symbol) != -1): null

2019-08-15 16:31:02 - [TEST_STEP][PASSED] - if (i == 4 &amp;&amp; wildList.indexOf(symbol) != -1): null

2019-08-15 16:31:02 - [TEST_STEP][PASSED] - symbols = symbols: null

2019-08-15 16:31:02 - [TEST_STEP][PASSED] - for ([j = 0, j &lt; symbols.size(), (j++)]): null

2019-08-15 16:31:02 - [TEST_STEP][PASSED] - symbol = symbol: null

2019-08-15 16:31:02 - [TEST_STEP][PASSED] - println(symbol): null

2019-08-15 16:31:02 - [TEST_STEP][PASSED] - if (i == 2 &amp;&amp; wildList.indexOf(symbol) != -1): null

2019-08-15 16:31:02 - [TEST_STEP][PASSED] - if (i == 3 &amp;&amp; wildList.indexOf(symbol) != -1): null

2019-08-15 16:31:02 - [TEST_STEP][PASSED] - if (i == 4 &amp;&amp; wildList.indexOf(symbol) != -1): null

2019-08-15 16:31:02 - [TEST_STEP][PASSED] - symbol = symbol: null

2019-08-15 16:31:02 - [TEST_STEP][PASSED] - println(symbol): null

2019-08-15 16:31:02 - [TEST_STEP][PASSED] - if (i == 2 &amp;&amp; wildList.indexOf(symbol) != -1): null

2019-08-15 16:31:02 - [TEST_STEP][PASSED] - if (i == 3 &amp;&amp; wildList.indexOf(symbol) != -1): null

2019-08-15 16:31:02 - [TEST_STEP][PASSED] - if (i == 4 &amp;&amp; wildList.indexOf(symbol) != -1): null

2019-08-15 16:31:02 - [TEST_STEP][PASSED] - symbol = symbol: null

2019-08-15 16:31:02 - [TEST_STEP][PASSED] - println(symbol): null

2019-08-15 16:31:02 - [TEST_STEP][PASSED] - if (i == 2 &amp;&amp; wildList.indexOf(symbol) != -1): null

2019-08-15 16:31:02 - [TEST_STEP][PASSED] - println("wild found on reel 3, adding counter by 1"): null

2019-08-15 16:31:02 - [TEST_STEP][PASSED] - free_spin_reel_counter[0] = free_spin_reel_counter[0] + 1: null

2019-08-15 16:31:02 - [TEST_STEP][PASSED] - if (i == 3 &amp;&amp; wildList.indexOf(symbol) != -1): null

2019-08-15 16:31:02 - [TEST_STEP][PASSED] - if (i == 4 &amp;&amp; wildList.indexOf(symbol) != -1): null

2019-08-15 16:31:02 - [TEST_STEP][PASSED] - symbols = symbols: null

2019-08-15 16:31:02 - [TEST_STEP][PASSED] - for ([j = 0, j &lt; symbols.size(), (j++)]): null

2019-08-15 16:31:02 - [TEST_STEP][PASSED] - symbol = symbol: null

2019-08-15 16:31:02 - [TEST_STEP][PASSED] - println(symbol): null

2019-08-15 16:31:02 - [TEST_STEP][PASSED] - if (i == 2 &amp;&amp; wildList.indexOf(symbol) != -1): null

2019-08-15 16:31:02 - [TEST_STEP][PASSED] - if (i == 3 &amp;&amp; wildList.indexOf(symbol) != -1): null

2019-08-15 16:31:02 - [TEST_STEP][PASSED] - if (i == 4 &amp;&amp; wildList.indexOf(symbol) != -1): null

2019-08-15 16:31:02 - [TEST_STEP][PASSED] - symbol = symbol: null

2019-08-15 16:31:02 - [TEST_STEP][PASSED] - println(symbol): null

2019-08-15 16:31:02 - [TEST_STEP][PASSED] - if (i == 2 &amp;&amp; wildList.indexOf(symbol) != -1): null

2019-08-15 16:31:02 - [TEST_STEP][PASSED] - if (i == 3 &amp;&amp; wildList.indexOf(symbol) != -1): null

2019-08-15 16:31:02 - [TEST_STEP][PASSED] - if (i == 4 &amp;&amp; wildList.indexOf(symbol) != -1): null

2019-08-15 16:31:02 - [TEST_STEP][PASSED] - symbol = symbol: null

2019-08-15 16:31:02 - [TEST_STEP][PASSED] - println(symbol): null

2019-08-15 16:31:02 - [TEST_STEP][PASSED] - if (i == 2 &amp;&amp; wildList.indexOf(symbol) != -1): null

2019-08-15 16:31:02 - [TEST_STEP][PASSED] - if (i == 3 &amp;&amp; wildList.indexOf(symbol) != -1): null

2019-08-15 16:31:02 - [TEST_STEP][PASSED] - if (i == 4 &amp;&amp; wildList.indexOf(symbol) != -1): null

2019-08-15 16:31:02 - [TEST_STEP][PASSED] - symbols = symbols: null

2019-08-15 16:31:02 - [TEST_STEP][PASSED] - for ([j = 0, j &lt; symbols.size(), (j++)]): null

2019-08-15 16:31:02 - [TEST_STEP][PASSED] - symbol = symbol: null

2019-08-15 16:31:02 - [TEST_STEP][PASSED] - println(symbol): null

2019-08-15 16:31:02 - [TEST_STEP][PASSED] - if (i == 2 &amp;&amp; wildList.indexOf(symbol) != -1): null

2019-08-15 16:31:02 - [TEST_STEP][PASSED] - if (i == 3 &amp;&amp; wildList.indexOf(symbol) != -1): null

2019-08-15 16:31:02 - [TEST_STEP][PASSED] - if (i == 4 &amp;&amp; wildList.indexOf(symbol) != -1): null

2019-08-15 16:31:02 - [TEST_STEP][PASSED] - symbol = symbol: null

2019-08-15 16:31:02 - [TEST_STEP][PASSED] - println(symbol): null

2019-08-15 16:31:02 - [TEST_STEP][PASSED] - if (i == 2 &amp;&amp; wildList.indexOf(symbol) != -1): null

2019-08-15 16:31:02 - [TEST_STEP][PASSED] - if (i == 3 &amp;&amp; wildList.indexOf(symbol) != -1): null

2019-08-15 16:31:02 - [TEST_STEP][PASSED] - if (i == 4 &amp;&amp; wildList.indexOf(symbol) != -1): null

2019-08-15 16:31:02 - [TEST_STEP][PASSED] - symbol = symbol: null

2019-08-15 16:31:02 - [TEST_STEP][PASSED] - println(symbol): null

2019-08-15 16:31:02 - [TEST_STEP][PASSED] - if (i == 2 &amp;&amp; wildList.indexOf(symbol) != -1): null

2019-08-15 16:31:02 - [TEST_STEP][PASSED] - if (i == 3 &amp;&amp; wildList.indexOf(symbol) != -1): null

2019-08-15 16:31:02 - [TEST_STEP][PASSED] - if (i == 4 &amp;&amp; wildList.indexOf(symbol) != -1): null

2019-08-15 16:31:02 - [TEST_STEP][PASSED] - free_spin_reel_counter = free_spin_reel_counter: null

2019-08-15 16:31:02 - [TEST_STEP][PASSED] - println("reel 3 wild found: " + free_spin_reel_counter[0]): null

2019-08-15 16:31:02 - [TEST_STEP][PASSED] - println("reel 4 wild found: " + free_spin_reel_counter[1]): null

2019-08-15 16:31:02 - [TEST_STEP][PASSED] - println("reel 5 wild found: " + free_spin_reel_counter[2]): null

2019-08-15 16:31:02 - [TEST_STEP][PASSED] - M4_spin_reels = M4_spin_reels: null

2019-08-15 16:31:02 - [TEST_STEP][PASSED] - M4_spin_reels_symbols = symbol: null

2019-08-15 16:31:02 - [TEST_STEP][PASSED] - M4_spin_reels_symbols = M4_spin_reels_symbols: null

2019-08-15 16:31:02 - [TEST_STEP][PASSED] - M4_spin_reel_wins = reel_wins: null

2019-08-15 16:31:02 - [TEST_STEP][PASSED] - M4_spin_reel_wins = M4_spin_reel_wins: null

2019-08-15 16:31:02 - [TEST_STEP][PASSED] - println("GlobalVariable.M4_spin_reel_wins is: " + M4_spin_reel_wins): null

2019-08-15 16:31:02 - [TEST_STEP][PASSED] - M4_spin_total_bonus_win_this_round = total_bonus_win_this_round: null

2019-08-15 16:31:02 - [TEST_STEP][PASSED] - M4_spin_total_bonus_win_this_round = M4_spin_total_bonus_win_this_round: null

2019-08-15 16:31:02 - [TEST_STEP][PASSED] - println("GlobalVariable.M4_spin_total_bonus_win_this_round is: " + M4_spin_total_bonus_win_this_round): null

2019-08-15 16:31:02 - [MESSAGE][PASSED] - Verify response successfully

2019-08-15 16:31:02 - [MESSAGE][PASSED] - Send request and verify the response successfully

2019-08-15 16:31:02 - [TEST_STEP][PASSED] - if (M4_total_bonus_spins_int != 0 &amp;&amp; M4_spin_reels_symbols[2].contains("WILD_Normal") || M4_spin_reels_symbols[3].contains("WILD_Normal") || M4_spin_reels_symbols[4].contains("WILD_Normal")): null

2019-08-15 16:31:02 - [TEST_STEP][PASSED] - free_spin_reel_counter = free_spin_reel_counter: null

2019-08-15 16:31:02 - [TEST_STEP][PASSED] - M4_spin_reels_symbols = M4_spin_reels_symbols: null

2019-08-15 16:31:02 - [TEST_STEP][PASSED] - M4_total_bonus_spins = M4_total_bonus_spins: null

2019-08-15 16:31:02 - [TEST_STEP][PASSED] - spin_result = sendRequestAndVerify(findTestObject("STG/RGS(M4)/1_M4_spin", ["M4_login_user_id":M4_login_user_id, "rgs_session_token":rgs_session_token, "partner":Partner])): Send request and verify the response successfully

2019-08-15 16:31:02 - [TEST_CASE][PASSED] - Start Test Case : Verification: Verification accomplished successfully

2019-08-15 16:31:02 - [TEST_STEP][PASSED] - request = getInstance().getCurrentRequest(): null

2019-08-15 16:31:02 - [TEST_STEP][PASSED] - response = getInstance().getCurrentResponse(): null

2019-08-15 16:31:02 - [TEST_STEP][PASSED] - verifyResponseStatusCode(response, 200): Verify response status code successfully

2019-08-15 16:31:02 - [MESSAGE][PASSED] - Verify response status code successfully

2019-08-15 16:31:02 - [TEST_STEP][PASSED] - getStatusCode()).isEqualTo(200): null

2019-08-15 16:31:02 - [TEST_STEP][PASSED] - newline = System.getProperty("line.separator"): null

2019-08-15 16:31:02 - [TEST_STEP][PASSED] - M4_spin = new groovy.json.JsonSlurper(): null

2019-08-15 16:31:02 - [TEST_STEP][PASSED] - result_M4_spin = M4_spin.parseText(response.getResponseBodyContent()): null

2019-08-15 16:31:02 - [TEST_STEP][PASSED] - M4_spin_current_balance = current_balance: null

2019-08-15 16:31:02 - [TEST_STEP][PASSED] - M4_spin_current_balance = M4_spin_current_balance: null

2019-08-15 16:31:02 - [TEST_STEP][PASSED] - M4_spin_transaction_id = causality: null

2019-08-15 16:31:02 - [TEST_STEP][PASSED] - M4_spin_transaction_id = M4_spin_transaction_id: null

2019-08-15 16:31:02 - [TEST_STEP][PASSED] - M4_spin_round_id = round_id: null

2019-08-15 16:31:02 - [TEST_STEP][PASSED] - M4_spin_round_id = M4_spin_round_id: null

2019-08-15 16:31:02 - [TEST_STEP][PASSED] - M4_spin_line_wins = line_wins: null

2019-08-15 16:31:02 - [TEST_STEP][PASSED] - M4_spin_line_wins = M4_spin_line_wins: null

2019-08-15 16:31:02 - [TEST_STEP][PASSED] - M4_total_bonus_spins_int = total_bonus_spins: null

2019-08-15 16:31:02 - [TEST_STEP][PASSED] - println("******M4_total_bonus_spins type is:*******" + newline + getClass().getName()): null

2019-08-15 16:31:02 - [TEST_STEP][PASSED] - M4_total_bonus_spins_int = M4_total_bonus_spins_int: null

2019-08-15 16:31:02 - [TEST_STEP][PASSED] - M4_total_bonus_spins = Integer.toString(M4_total_bonus_spins_int): null

2019-08-15 16:31:02 - [TEST_STEP][PASSED] - M4_total_bonus_spins = M4_total_bonus_spins: null

2019-08-15 16:31:02 - [TEST_STEP][PASSED] - println("M4_total_bonus_spins is:" + M4_total_bonus_spins): null

2019-08-15 16:31:02 - [TEST_STEP][PASSED] - M4_spin_bonus_data = bonus_data: null

2019-08-15 16:31:02 - [TEST_STEP][PASSED] - M4_spin_features_triggered = result_M4_spin: null

2019-08-15 16:31:02 - [TEST_STEP][PASSED] - wild = []: null

2019-08-15 16:31:02 - [TEST_STEP][PASSED] - wild[0] = "WILD_Expanding": null

2019-08-15 16:31:02 - [TEST_STEP][PASSED] - wild[1] = "WILD_Normal": null

2019-08-15 16:31:02 - [TEST_STEP][PASSED] - wild[2] = "WILD_Double": null

2019-08-15 16:31:02 - [TEST_STEP][PASSED] - wild[3] = "WILD_ExtraFG": null

2019-08-15 16:31:02 - [TEST_STEP][PASSED] - wild[4] = "WILD_Triple": null

2019-08-15 16:31:02 - [TEST_STEP][PASSED] - wildList = Arrays.asList(wild): null

2019-08-15 16:31:02 - [TEST_STEP][PASSED] - wildList = wildList: null

2019-08-15 16:31:02 - [TEST_STEP][PASSED] - free_spin_reel_counter = []: null

2019-08-15 16:31:02 - [TEST_STEP][PASSED] - free_spin_reel_counter[0] = 0: null

2019-08-15 16:31:02 - [TEST_STEP][PASSED] - free_spin_reel_counter[1] = 0: null

2019-08-15 16:31:02 - [TEST_STEP][PASSED] - free_spin_reel_counter[2] = 0: null

2019-08-15 16:31:02 - [TEST_STEP][PASSED] - M4_spin_reels = reels: null

2019-08-15 16:31:02 - [TEST_STEP][PASSED] - for ([i = 0, i &lt; M4_spin_reels.size(), (i++)]): null

2019-08-15 16:31:02 - [TEST_STEP][PASSED] - symbols = symbols: null

2019-08-15 16:31:02 - [TEST_STEP][PASSED] - for ([j = 0, j &lt; symbols.size(), (j++)]): null

2019-08-15 16:31:02 - [TEST_STEP][PASSED] - symbol = symbol: null

2019-08-15 16:31:02 - [TEST_STEP][PASSED] - println(symbol): null

2019-08-15 16:31:02 - [TEST_STEP][PASSED] - if (i == 2 &amp;&amp; wildList.indexOf(symbol) != -1): null

2019-08-15 16:31:02 - [TEST_STEP][PASSED] - if (i == 3 &amp;&amp; wildList.indexOf(symbol) != -1): null

2019-08-15 16:31:02 - [TEST_STEP][PASSED] - if (i == 4 &amp;&amp; wildList.indexOf(symbol) != -1): null

2019-08-15 16:31:02 - [TEST_STEP][PASSED] - symbol = symbol: null

2019-08-15 16:31:02 - [TEST_STEP][PASSED] - println(symbol): null

2019-08-15 16:31:02 - [TEST_STEP][PASSED] - if (i == 2 &amp;&amp; wildList.indexOf(symbol) != -1): null

2019-08-15 16:31:02 - [TEST_STEP][PASSED] - if (i == 3 &amp;&amp; wildList.indexOf(symbol) != -1): null

2019-08-15 16:31:02 - [TEST_STEP][PASSED] - if (i == 4 &amp;&amp; wildList.indexOf(symbol) != -1): null

2019-08-15 16:31:02 - [TEST_STEP][PASSED] - symbol = symbol: null

2019-08-15 16:31:02 - [TEST_STEP][PASSED] - println(symbol): null

2019-08-15 16:31:02 - [TEST_STEP][PASSED] - if (i == 2 &amp;&amp; wildList.indexOf(symbol) != -1): null

2019-08-15 16:31:02 - [TEST_STEP][PASSED] - if (i == 3 &amp;&amp; wildList.indexOf(symbol) != -1): null

2019-08-15 16:31:02 - [TEST_STEP][PASSED] - if (i == 4 &amp;&amp; wildList.indexOf(symbol) != -1): null

2019-08-15 16:31:02 - [TEST_STEP][PASSED] - symbols = symbols: null

2019-08-15 16:31:02 - [TEST_STEP][PASSED] - for ([j = 0, j &lt; symbols.size(), (j++)]): null

2019-08-15 16:31:02 - [TEST_STEP][PASSED] - symbol = symbol: null

2019-08-15 16:31:02 - [TEST_STEP][PASSED] - println(symbol): null

2019-08-15 16:31:02 - [TEST_STEP][PASSED] - if (i == 2 &amp;&amp; wildList.indexOf(symbol) != -1): null

2019-08-15 16:31:02 - [TEST_STEP][PASSED] - if (i == 3 &amp;&amp; wildList.indexOf(symbol) != -1): null

2019-08-15 16:31:02 - [TEST_STEP][PASSED] - if (i == 4 &amp;&amp; wildList.indexOf(symbol) != -1): null

2019-08-15 16:31:02 - [TEST_STEP][PASSED] - symbol = symbol: null

2019-08-15 16:31:02 - [TEST_STEP][PASSED] - println(symbol): null

2019-08-15 16:31:02 - [TEST_STEP][PASSED] - if (i == 2 &amp;&amp; wildList.indexOf(symbol) != -1): null

2019-08-15 16:31:02 - [TEST_STEP][PASSED] - if (i == 3 &amp;&amp; wildList.indexOf(symbol) != -1): null

2019-08-15 16:31:02 - [TEST_STEP][PASSED] - if (i == 4 &amp;&amp; wildList.indexOf(symbol) != -1): null

2019-08-15 16:31:02 - [TEST_STEP][PASSED] - symbol = symbol: null

2019-08-15 16:31:02 - [TEST_STEP][PASSED] - println(symbol): null

2019-08-15 16:31:02 - [TEST_STEP][PASSED] - if (i == 2 &amp;&amp; wildList.indexOf(symbol) != -1): null

2019-08-15 16:31:02 - [TEST_STEP][PASSED] - if (i == 3 &amp;&amp; wildList.indexOf(symbol) != -1): null

2019-08-15 16:31:02 - [TEST_STEP][PASSED] - if (i == 4 &amp;&amp; wildList.indexOf(symbol) != -1): null

2019-08-15 16:31:02 - [TEST_STEP][PASSED] - symbols = symbols: null

2019-08-15 16:31:02 - [TEST_STEP][PASSED] - for ([j = 0, j &lt; symbols.size(), (j++)]): null

2019-08-15 16:31:02 - [TEST_STEP][PASSED] - symbol = symbol: null

2019-08-15 16:31:02 - [TEST_STEP][PASSED] - println(symbol): null

2019-08-15 16:31:02 - [TEST_STEP][PASSED] - if (i == 2 &amp;&amp; wildList.indexOf(symbol) != -1): null

2019-08-15 16:31:02 - [TEST_STEP][PASSED] - if (i == 3 &amp;&amp; wildList.indexOf(symbol) != -1): null

2019-08-15 16:31:02 - [TEST_STEP][PASSED] - if (i == 4 &amp;&amp; wildList.indexOf(symbol) != -1): null

2019-08-15 16:31:02 - [TEST_STEP][PASSED] - symbol = symbol: null

2019-08-15 16:31:02 - [TEST_STEP][PASSED] - println(symbol): null

2019-08-15 16:31:02 - [TEST_STEP][PASSED] - if (i == 2 &amp;&amp; wildList.indexOf(symbol) != -1): null

2019-08-15 16:31:02 - [TEST_STEP][PASSED] - if (i == 3 &amp;&amp; wildList.indexOf(symbol) != -1): null

2019-08-15 16:31:02 - [TEST_STEP][PASSED] - if (i == 4 &amp;&amp; wildList.indexOf(symbol) != -1): null

2019-08-15 16:31:02 - [TEST_STEP][PASSED] - symbol = symbol: null

2019-08-15 16:31:02 - [TEST_STEP][PASSED] - println(symbol): null

2019-08-15 16:31:02 - [TEST_STEP][PASSED] - if (i == 2 &amp;&amp; wildList.indexOf(symbol) != -1): null

2019-08-15 16:31:02 - [TEST_STEP][PASSED] - if (i == 3 &amp;&amp; wildList.indexOf(symbol) != -1): null

2019-08-15 16:31:02 - [TEST_STEP][PASSED] - if (i == 4 &amp;&amp; wildList.indexOf(symbol) != -1): null

2019-08-15 16:31:02 - [TEST_STEP][PASSED] - symbols = symbols: null

2019-08-15 16:31:02 - [TEST_STEP][PASSED] - for ([j = 0, j &lt; symbols.size(), (j++)]): null

2019-08-15 16:31:02 - [TEST_STEP][PASSED] - symbol = symbol: null

2019-08-15 16:31:02 - [TEST_STEP][PASSED] - println(symbol): null

2019-08-15 16:31:02 - [TEST_STEP][PASSED] - if (i == 2 &amp;&amp; wildList.indexOf(symbol) != -1): null

2019-08-15 16:31:02 - [TEST_STEP][PASSED] - if (i == 3 &amp;&amp; wildList.indexOf(symbol) != -1): null

2019-08-15 16:31:02 - [TEST_STEP][PASSED] - if (i == 4 &amp;&amp; wildList.indexOf(symbol) != -1): null

2019-08-15 16:31:02 - [TEST_STEP][PASSED] - symbol = symbol: null

2019-08-15 16:31:02 - [TEST_STEP][PASSED] - println(symbol): null

2019-08-15 16:31:02 - [TEST_STEP][PASSED] - if (i == 2 &amp;&amp; wildList.indexOf(symbol) != -1): null

2019-08-15 16:31:02 - [TEST_STEP][PASSED] - if (i == 3 &amp;&amp; wildList.indexOf(symbol) != -1): null

2019-08-15 16:31:02 - [TEST_STEP][PASSED] - println("wild found on reel 4, adding counter by 1"): null

2019-08-15 16:31:02 - [TEST_STEP][PASSED] - free_spin_reel_counter[1] = free_spin_reel_counter[1] + 1: null

2019-08-15 16:31:02 - [TEST_STEP][PASSED] - if (i == 4 &amp;&amp; wildList.indexOf(symbol) != -1): null

2019-08-15 16:31:02 - [TEST_STEP][PASSED] - symbol = symbol: null

2019-08-15 16:31:02 - [TEST_STEP][PASSED] - println(symbol): null

2019-08-15 16:31:02 - [TEST_STEP][PASSED] - if (i == 2 &amp;&amp; wildList.indexOf(symbol) != -1): null

2019-08-15 16:31:02 - [TEST_STEP][PASSED] - if (i == 3 &amp;&amp; wildList.indexOf(symbol) != -1): null

2019-08-15 16:31:02 - [TEST_STEP][PASSED] - if (i == 4 &amp;&amp; wildList.indexOf(symbol) != -1): null

2019-08-15 16:31:02 - [TEST_STEP][PASSED] - symbols = symbols: null

2019-08-15 16:31:02 - [TEST_STEP][PASSED] - for ([j = 0, j &lt; symbols.size(), (j++)]): null

2019-08-15 16:31:02 - [TEST_STEP][PASSED] - symbol = symbol: null

2019-08-15 16:31:02 - [TEST_STEP][PASSED] - println(symbol): null

2019-08-15 16:31:02 - [TEST_STEP][PASSED] - if (i == 2 &amp;&amp; wildList.indexOf(symbol) != -1): null

2019-08-15 16:31:02 - [TEST_STEP][PASSED] - if (i == 3 &amp;&amp; wildList.indexOf(symbol) != -1): null

2019-08-15 16:31:02 - [TEST_STEP][PASSED] - if (i == 4 &amp;&amp; wildList.indexOf(symbol) != -1): null

2019-08-15 16:31:02 - [TEST_STEP][PASSED] - symbol = symbol: null

2019-08-15 16:31:02 - [TEST_STEP][PASSED] - println(symbol): null

2019-08-15 16:31:02 - [TEST_STEP][PASSED] - if (i == 2 &amp;&amp; wildList.indexOf(symbol) != -1): null

2019-08-15 16:31:02 - [TEST_STEP][PASSED] - if (i == 3 &amp;&amp; wildList.indexOf(symbol) != -1): null

2019-08-15 16:31:02 - [TEST_STEP][PASSED] - if (i == 4 &amp;&amp; wildList.indexOf(symbol) != -1): null

2019-08-15 16:31:02 - [TEST_STEP][PASSED] - symbol = symbol: null

2019-08-15 16:31:02 - [TEST_STEP][PASSED] - println(symbol): null

2019-08-15 16:31:02 - [TEST_STEP][PASSED] - if (i == 2 &amp;&amp; wildList.indexOf(symbol) != -1): null

2019-08-15 16:31:02 - [TEST_STEP][PASSED] - if (i == 3 &amp;&amp; wildList.indexOf(symbol) != -1): null

2019-08-15 16:31:02 - [TEST_STEP][PASSED] - if (i == 4 &amp;&amp; wildList.indexOf(symbol) != -1): null

2019-08-15 16:31:02 - [TEST_STEP][PASSED] - free_spin_reel_counter = free_spin_reel_counter: null

2019-08-15 16:31:02 - [TEST_STEP][PASSED] - println("reel 3 wild found: " + free_spin_reel_counter[0]): null

2019-08-15 16:31:02 - [TEST_STEP][PASSED] - println("reel 4 wild found: " + free_spin_reel_counter[1]): null

2019-08-15 16:31:02 - [TEST_STEP][PASSED] - println("reel 5 wild found: " + free_spin_reel_counter[2]): null

2019-08-15 16:31:02 - [TEST_STEP][PASSED] - M4_spin_reels = M4_spin_reels: null

2019-08-15 16:31:02 - [TEST_STEP][PASSED] - M4_spin_reels_symbols = symbol: null

2019-08-15 16:31:02 - [TEST_STEP][PASSED] - M4_spin_reels_symbols = M4_spin_reels_symbols: null

2019-08-15 16:31:02 - [TEST_STEP][PASSED] - M4_spin_reel_wins = reel_wins: null

2019-08-15 16:31:02 - [TEST_STEP][PASSED] - M4_spin_reel_wins = M4_spin_reel_wins: null

2019-08-15 16:31:02 - [TEST_STEP][PASSED] - println("GlobalVariable.M4_spin_reel_wins is: " + M4_spin_reel_wins): null

2019-08-15 16:31:02 - [TEST_STEP][PASSED] - M4_spin_total_bonus_win_this_round = total_bonus_win_this_round: null

2019-08-15 16:31:02 - [TEST_STEP][PASSED] - M4_spin_total_bonus_win_this_round = M4_spin_total_bonus_win_this_round: null

2019-08-15 16:31:02 - [TEST_STEP][PASSED] - println("GlobalVariable.M4_spin_total_bonus_win_this_round is: " + M4_spin_total_bonus_win_this_round): null

2019-08-15 16:31:02 - [MESSAGE][PASSED] - Verify response successfully

2019-08-15 16:31:02 - [MESSAGE][PASSED] - Send request and verify the response successfully

2019-08-15 16:31:02 - [TEST_STEP][PASSED] - if (M4_total_bonus_spins_int != 0 &amp;&amp; M4_spin_reels_symbols[2].contains("WILD_Normal") || M4_spin_reels_symbols[3].contains("WILD_Normal") || M4_spin_reels_symbols[4].contains("WILD_Normal")): null

2019-08-15 16:31:02 - [TEST_STEP][PASSED] - free_spin_reel_counter = free_spin_reel_counter: null

2019-08-15 16:31:02 - [TEST_STEP][PASSED] - M4_spin_reels_symbols = M4_spin_reels_symbols: null

2019-08-15 16:31:02 - [TEST_STEP][PASSED] - M4_total_bonus_spins = M4_total_bonus_spins: null

2019-08-15 16:31:02 - [TEST_STEP][PASSED] - spin_result = sendRequestAndVerify(findTestObject("STG/RGS(M4)/1_M4_spin", ["M4_login_user_id":M4_login_user_id, "rgs_session_token":rgs_session_token, "partner":Partner])): Send request and verify the response successfully

2019-08-15 16:31:03 - [TEST_CASE][PASSED] - Start Test Case : Verification: Verification accomplished successfully

2019-08-15 16:31:03 - [TEST_STEP][PASSED] - request = getInstance().getCurrentRequest(): null

2019-08-15 16:31:03 - [TEST_STEP][PASSED] - response = getInstance().getCurrentResponse(): null

2019-08-15 16:31:03 - [TEST_STEP][PASSED] - verifyResponseStatusCode(response, 200): Verify response status code successfully

2019-08-15 16:31:03 - [MESSAGE][PASSED] - Verify response status code successfully

2019-08-15 16:31:03 - [TEST_STEP][PASSED] - getStatusCode()).isEqualTo(200): null

2019-08-15 16:31:03 - [TEST_STEP][PASSED] - newline = System.getProperty("line.separator"): null

2019-08-15 16:31:03 - [TEST_STEP][PASSED] - M4_spin = new groovy.json.JsonSlurper(): null

2019-08-15 16:31:03 - [TEST_STEP][PASSED] - result_M4_spin = M4_spin.parseText(response.getResponseBodyContent()): null

2019-08-15 16:31:03 - [TEST_STEP][PASSED] - M4_spin_current_balance = current_balance: null

2019-08-15 16:31:03 - [TEST_STEP][PASSED] - M4_spin_current_balance = M4_spin_current_balance: null

2019-08-15 16:31:03 - [TEST_STEP][PASSED] - M4_spin_transaction_id = causality: null

2019-08-15 16:31:03 - [TEST_STEP][PASSED] - M4_spin_transaction_id = M4_spin_transaction_id: null

2019-08-15 16:31:03 - [TEST_STEP][PASSED] - M4_spin_round_id = round_id: null

2019-08-15 16:31:03 - [TEST_STEP][PASSED] - M4_spin_round_id = M4_spin_round_id: null

2019-08-15 16:31:03 - [TEST_STEP][PASSED] - M4_spin_line_wins = line_wins: null

2019-08-15 16:31:03 - [TEST_STEP][PASSED] - M4_spin_line_wins = M4_spin_line_wins: null

2019-08-15 16:31:03 - [TEST_STEP][PASSED] - M4_total_bonus_spins_int = total_bonus_spins: null

2019-08-15 16:31:03 - [TEST_STEP][PASSED] - println("******M4_total_bonus_spins type is:*******" + newline + getClass().getName()): null

2019-08-15 16:31:03 - [TEST_STEP][PASSED] - M4_total_bonus_spins_int = M4_total_bonus_spins_int: null

2019-08-15 16:31:03 - [TEST_STEP][PASSED] - M4_total_bonus_spins = Integer.toString(M4_total_bonus_spins_int): null

2019-08-15 16:31:03 - [TEST_STEP][PASSED] - M4_total_bonus_spins = M4_total_bonus_spins: null

2019-08-15 16:31:03 - [TEST_STEP][PASSED] - println("M4_total_bonus_spins is:" + M4_total_bonus_spins): null

2019-08-15 16:31:03 - [TEST_STEP][PASSED] - M4_spin_bonus_data = bonus_data: null

2019-08-15 16:31:03 - [TEST_STEP][PASSED] - M4_spin_features_triggered = result_M4_spin: null

2019-08-15 16:31:03 - [TEST_STEP][PASSED] - wild = []: null

2019-08-15 16:31:03 - [TEST_STEP][PASSED] - wild[0] = "WILD_Expanding": null

2019-08-15 16:31:03 - [TEST_STEP][PASSED] - wild[1] = "WILD_Normal": null

2019-08-15 16:31:03 - [TEST_STEP][PASSED] - wild[2] = "WILD_Double": null

2019-08-15 16:31:03 - [TEST_STEP][PASSED] - wild[3] = "WILD_ExtraFG": null

2019-08-15 16:31:03 - [TEST_STEP][PASSED] - wild[4] = "WILD_Triple": null

2019-08-15 16:31:03 - [TEST_STEP][PASSED] - wildList = Arrays.asList(wild): null

2019-08-15 16:31:03 - [TEST_STEP][PASSED] - wildList = wildList: null

2019-08-15 16:31:03 - [TEST_STEP][PASSED] - free_spin_reel_counter = []: null

2019-08-15 16:31:03 - [TEST_STEP][PASSED] - free_spin_reel_counter[0] = 0: null

2019-08-15 16:31:03 - [TEST_STEP][PASSED] - free_spin_reel_counter[1] = 0: null

2019-08-15 16:31:03 - [TEST_STEP][PASSED] - free_spin_reel_counter[2] = 0: null

2019-08-15 16:31:03 - [TEST_STEP][PASSED] - M4_spin_reels = reels: null

2019-08-15 16:31:03 - [TEST_STEP][PASSED] - for ([i = 0, i &lt; M4_spin_reels.size(), (i++)]): null

2019-08-15 16:31:03 - [TEST_STEP][PASSED] - symbols = symbols: null

2019-08-15 16:31:03 - [TEST_STEP][PASSED] - for ([j = 0, j &lt; symbols.size(), (j++)]): null

2019-08-15 16:31:03 - [TEST_STEP][PASSED] - symbol = symbol: null

2019-08-15 16:31:03 - [TEST_STEP][PASSED] - println(symbol): null

2019-08-15 16:31:03 - [TEST_STEP][PASSED] - if (i == 2 &amp;&amp; wildList.indexOf(symbol) != -1): null

2019-08-15 16:31:03 - [TEST_STEP][PASSED] - if (i == 3 &amp;&amp; wildList.indexOf(symbol) != -1): null

2019-08-15 16:31:03 - [TEST_STEP][PASSED] - if (i == 4 &amp;&amp; wildList.indexOf(symbol) != -1): null

2019-08-15 16:31:03 - [TEST_STEP][PASSED] - symbol = symbol: null

2019-08-15 16:31:07 - [TEST_STEP][PASSED] - println(symbol): null

2019-08-15 16:31:07 - [TEST_STEP][PASSED] - if (i == 2 &amp;&amp; wildList.indexOf(symbol) != -1): null

2019-08-15 16:31:07 - [TEST_STEP][PASSED] - if (i == 3 &amp;&amp; wildList.indexOf(symbol) != -1): null

2019-08-15 16:31:07 - [TEST_STEP][PASSED] - if (i == 4 &amp;&amp; wildList.indexOf(symbol) != -1): null

2019-08-15 16:31:07 - [TEST_STEP][PASSED] - symbol = symbol: null

2019-08-15 16:31:07 - [TEST_STEP][PASSED] - println(symbol): null

2019-08-15 16:31:07 - [TEST_STEP][PASSED] - if (i == 2 &amp;&amp; wildList.indexOf(symbol) != -1): null

2019-08-15 16:31:07 - [TEST_STEP][PASSED] - if (i == 3 &amp;&amp; wildList.indexOf(symbol) != -1): null

2019-08-15 16:31:07 - [TEST_STEP][PASSED] - if (i == 4 &amp;&amp; wildList.indexOf(symbol) != -1): null

2019-08-15 16:31:11 - [TEST_STEP][PASSED] - symbols = symbols: null

2019-08-15 16:31:11 - [TEST_STEP][PASSED] - for ([j = 0, j &lt; symbols.size(), (j++)]): null

2019-08-15 16:31:11 - [TEST_STEP][PASSED] - symbol = symbol: null

2019-08-15 16:31:11 - [TEST_STEP][PASSED] - println(symbol): null

2019-08-15 16:31:11 - [TEST_STEP][PASSED] - if (i == 2 &amp;&amp; wildList.indexOf(symbol) != -1): null

2019-08-15 16:31:11 - [TEST_STEP][PASSED] - if (i == 3 &amp;&amp; wildList.indexOf(symbol) != -1): null

2019-08-15 16:31:11 - [TEST_STEP][PASSED] - if (i == 4 &amp;&amp; wildList.indexOf(symbol) != -1): null

2019-08-15 16:31:11 - [TEST_STEP][PASSED] - symbol = symbol: null

2019-08-15 16:31:11 - [TEST_STEP][PASSED] - println(symbol): null

2019-08-15 16:31:11 - [TEST_STEP][PASSED] - if (i == 2 &amp;&amp; wildList.indexOf(symbol) != -1): null

2019-08-15 16:31:11 - [TEST_STEP][PASSED] - if (i == 3 &amp;&amp; wildList.indexOf(symbol) != -1): null

2019-08-15 16:31:11 - [TEST_STEP][PASSED] - if (i == 4 &amp;&amp; wildList.indexOf(symbol) != -1): null

2019-08-15 16:31:11 - [TEST_STEP][PASSED] - symbol = symbol: null

2019-08-15 16:31:11 - [TEST_STEP][PASSED] - println(symbol): null

2019-08-15 16:31:11 - [TEST_STEP][PASSED] - if (i == 2 &amp;&amp; wildList.indexOf(symbol) != -1): null

2019-08-15 16:31:11 - [TEST_STEP][PASSED] - if (i == 3 &amp;&amp; wildList.indexOf(symbol) != -1): null

2019-08-15 16:31:11 - [TEST_STEP][PASSED] - if (i == 4 &amp;&amp; wildList.indexOf(symbol) != -1): null

2019-08-15 16:31:11 - [TEST_STEP][PASSED] - symbols = symbols: null

2019-08-15 16:31:11 - [TEST_STEP][PASSED] - for ([j = 0, j &lt; symbols.size(), (j++)]): null

2019-08-15 16:31:11 - [TEST_STEP][PASSED] - symbol = symbol: null

2019-08-15 16:31:11 - [TEST_STEP][PASSED] - println(symbol): null

2019-08-15 16:31:11 - [TEST_STEP][PASSED] - if (i == 2 &amp;&amp; wildList.indexOf(symbol) != -1): null

2019-08-15 16:31:11 - [TEST_STEP][PASSED] - if (i == 3 &amp;&amp; wildList.indexOf(symbol) != -1): null

2019-08-15 16:31:11 - [TEST_STEP][PASSED] - if (i == 4 &amp;&amp; wildList.indexOf(symbol) != -1): null

2019-08-15 16:31:11 - [TEST_STEP][PASSED] - symbol = symbol: null

2019-08-15 16:31:11 - [TEST_STEP][PASSED] - println(symbol): null

2019-08-15 16:31:11 - [TEST_STEP][PASSED] - if (i == 2 &amp;&amp; wildList.indexOf(symbol) != -1): null

2019-08-15 16:31:11 - [TEST_STEP][PASSED] - if (i == 3 &amp;&amp; wildList.indexOf(symbol) != -1): null

2019-08-15 16:31:11 - [TEST_STEP][PASSED] - if (i == 4 &amp;&amp; wildList.indexOf(symbol) != -1): null

2019-08-15 16:31:11 - [TEST_STEP][PASSED] - symbol = symbol: null

2019-08-15 16:31:11 - [TEST_STEP][PASSED] - println(symbol): null

2019-08-15 16:31:11 - [TEST_STEP][PASSED] - if (i == 2 &amp;&amp; wildList.indexOf(symbol) != -1): null

2019-08-15 16:31:11 - [TEST_STEP][PASSED] - if (i == 3 &amp;&amp; wildList.indexOf(symbol) != -1): null

2019-08-15 16:31:11 - [TEST_STEP][PASSED] - if (i == 4 &amp;&amp; wildList.indexOf(symbol) != -1): null

2019-08-15 16:31:11 - [TEST_STEP][PASSED] - symbols = symbols: null

2019-08-15 16:31:11 - [TEST_STEP][PASSED] - for ([j = 0, j &lt; symbols.size(), (j++)]): null

2019-08-15 16:31:11 - [TEST_STEP][PASSED] - symbol = symbol: null

2019-08-15 16:31:11 - [TEST_STEP][PASSED] - println(symbol): null

2019-08-15 16:31:11 - [TEST_STEP][PASSED] - if (i == 2 &amp;&amp; wildList.indexOf(symbol) != -1): null

2019-08-15 16:31:11 - [TEST_STEP][PASSED] - if (i == 3 &amp;&amp; wildList.indexOf(symbol) != -1): null

2019-08-15 16:31:11 - [TEST_STEP][PASSED] - if (i == 4 &amp;&amp; wildList.indexOf(symbol) != -1): null

2019-08-15 16:31:11 - [TEST_STEP][PASSED] - symbol = symbol: null

2019-08-15 16:31:11 - [TEST_STEP][PASSED] - println(symbol): null

2019-08-15 16:31:11 - [TEST_STEP][PASSED] - if (i == 2 &amp;&amp; wildList.indexOf(symbol) != -1): null

2019-08-15 16:31:11 - [TEST_STEP][PASSED] - if (i == 3 &amp;&amp; wildList.indexOf(symbol) != -1): null

2019-08-15 16:31:11 - [TEST_STEP][PASSED] - if (i == 4 &amp;&amp; wildList.indexOf(symbol) != -1): null

2019-08-15 16:31:11 - [TEST_STEP][PASSED] - symbol = symbol: null

2019-08-15 16:31:11 - [TEST_STEP][PASSED] - println(symbol): null

2019-08-15 16:31:11 - [TEST_STEP][PASSED] - if (i == 2 &amp;&amp; wildList.indexOf(symbol) != -1): null

2019-08-15 16:31:11 - [TEST_STEP][PASSED] - if (i == 3 &amp;&amp; wildList.indexOf(symbol) != -1): null

2019-08-15 16:31:11 - [TEST_STEP][PASSED] - if (i == 4 &amp;&amp; wildList.indexOf(symbol) != -1): null

2019-08-15 16:31:11 - [TEST_STEP][PASSED] - symbols = symbols: null

2019-08-15 16:31:11 - [TEST_STEP][PASSED] - for ([j = 0, j &lt; symbols.size(), (j++)]): null

2019-08-15 16:31:11 - [TEST_STEP][PASSED] - symbol = symbol: null

2019-08-15 16:31:11 - [TEST_STEP][PASSED] - println(symbol): null

2019-08-15 16:31:11 - [TEST_STEP][PASSED] - if (i == 2 &amp;&amp; wildList.indexOf(symbol) != -1): null

2019-08-15 16:31:11 - [TEST_STEP][PASSED] - if (i == 3 &amp;&amp; wildList.indexOf(symbol) != -1): null

2019-08-15 16:31:11 - [TEST_STEP][PASSED] - if (i == 4 &amp;&amp; wildList.indexOf(symbol) != -1): null

2019-08-15 16:31:11 - [TEST_STEP][PASSED] - symbol = symbol: null

2019-08-15 16:31:11 - [TEST_STEP][PASSED] - println(symbol): null

2019-08-15 16:31:11 - [TEST_STEP][PASSED] - if (i == 2 &amp;&amp; wildList.indexOf(symbol) != -1): null

2019-08-15 16:31:11 - [TEST_STEP][PASSED] - if (i == 3 &amp;&amp; wildList.indexOf(symbol) != -1): null

2019-08-15 16:31:11 - [TEST_STEP][PASSED] - if (i == 4 &amp;&amp; wildList.indexOf(symbol) != -1): null

2019-08-15 16:31:11 - [TEST_STEP][PASSED] - symbol = symbol: null

2019-08-15 16:31:11 - [TEST_STEP][PASSED] - println(symbol): null

2019-08-15 16:31:11 - [TEST_STEP][PASSED] - if (i == 2 &amp;&amp; wildList.indexOf(symbol) != -1): null

2019-08-15 16:31:11 - [TEST_STEP][PASSED] - if (i == 3 &amp;&amp; wildList.indexOf(symbol) != -1): null

2019-08-15 16:31:11 - [TEST_STEP][PASSED] - if (i == 4 &amp;&amp; wildList.indexOf(symbol) != -1): null

2019-08-15 16:31:11 - [TEST_STEP][PASSED] - free_spin_reel_counter = free_spin_reel_counter: null

2019-08-15 16:31:11 - [TEST_STEP][PASSED] - println("reel 3 wild found: " + free_spin_reel_counter[0]): null

2019-08-15 16:31:11 - [TEST_STEP][PASSED] - println("reel 4 wild found: " + free_spin_reel_counter[1]): null

2019-08-15 16:31:11 - [TEST_STEP][PASSED] - println("reel 5 wild found: " + free_spin_reel_counter[2]): null

2019-08-15 16:31:11 - [TEST_STEP][PASSED] - M4_spin_reels = M4_spin_reels: null

2019-08-15 16:31:11 - [TEST_STEP][PASSED] - M4_spin_reels_symbols = symbol: null

2019-08-15 16:31:11 - [TEST_STEP][PASSED] - M4_spin_reels_symbols = M4_spin_reels_symbols: null

2019-08-15 16:31:11 - [TEST_STEP][PASSED] - M4_spin_reel_wins = reel_wins: null

2019-08-15 16:31:11 - [TEST_STEP][PASSED] - M4_spin_reel_wins = M4_spin_reel_wins: null

2019-08-15 16:31:11 - [TEST_STEP][PASSED] - println("GlobalVariable.M4_spin_reel_wins is: " + M4_spin_reel_wins): null

2019-08-15 16:31:11 - [TEST_STEP][PASSED] - M4_spin_total_bonus_win_this_round = total_bonus_win_this_round: null

2019-08-15 16:31:11 - [TEST_STEP][PASSED] - M4_spin_total_bonus_win_this_round = M4_spin_total_bonus_win_this_round: null

2019-08-15 16:31:11 - [TEST_STEP][PASSED] - println("GlobalVariable.M4_spin_total_bonus_win_this_round is: " + M4_spin_total_bonus_win_this_round): null

2019-08-15 16:31:11 - [MESSAGE][PASSED] - Verify response successfully

2019-08-15 16:31:11 - [MESSAGE][PASSED] - Send request and verify the response successfully

2019-08-15 16:31:11 - [TEST_STEP][PASSED] - if (M4_total_bonus_spins_int != 0 &amp;&amp; M4_spin_reels_symbols[2].contains("WILD_Normal") || M4_spin_reels_symbols[3].contains("WILD_Normal") || M4_spin_reels_symbols[4].contains("WILD_Normal")): null

2019-08-15 16:31:11 - [TEST_STEP][PASSED] - free_spin_reel_counter = free_spin_reel_counter: null

2019-08-15 16:31:11 - [TEST_STEP][PASSED] - M4_spin_reels_symbols = M4_spin_reels_symbols: null

2019-08-15 16:31:11 - [TEST_STEP][PASSED] - M4_total_bonus_spins = M4_total_bonus_spins: null

2019-08-15 16:31:11 - [TEST_STEP][PASSED] - spin_result = sendRequestAndVerify(findTestObject("STG/RGS(M4)/1_M4_spin", ["M4_login_user_id":M4_login_user_id, "rgs_session_token":rgs_session_token, "partner":Partner])): Send request and verify the response successfully

2019-08-15 16:31:11 - [TEST_CASE][PASSED] - Start Test Case : Verification: Verification accomplished successfully

2019-08-15 16:31:11 - [TEST_STEP][PASSED] - request = getInstance().getCurrentRequest(): null

2019-08-15 16:31:11 - [TEST_STEP][PASSED] - response = getInstance().getCurrentResponse(): null

2019-08-15 16:31:11 - [TEST_STEP][PASSED] - verifyResponseStatusCode(response, 200): Verify response status code successfully

2019-08-15 16:31:11 - [MESSAGE][PASSED] - Verify response status code successfully

2019-08-15 16:31:11 - [TEST_STEP][PASSED] - getStatusCode()).isEqualTo(200): null

2019-08-15 16:31:11 - [TEST_STEP][PASSED] - newline = System.getProperty("line.separator"): null

2019-08-15 16:31:11 - [TEST_STEP][PASSED] - M4_spin = new groovy.json.JsonSlurper(): null

2019-08-15 16:31:11 - [TEST_STEP][PASSED] - result_M4_spin = M4_spin.parseText(response.getResponseBodyContent()): null

2019-08-15 16:31:11 - [TEST_STEP][PASSED] - M4_spin_current_balance = current_balance: null

2019-08-15 16:31:11 - [TEST_STEP][PASSED] - M4_spin_current_balance = M4_spin_current_balance: null

2019-08-15 16:31:11 - [TEST_STEP][PASSED] - M4_spin_transaction_id = causality: null

2019-08-15 16:31:11 - [TEST_STEP][PASSED] - M4_spin_transaction_id = M4_spin_transaction_id: null

2019-08-15 16:31:11 - [TEST_STEP][PASSED] - M4_spin_round_id = round_id: null

2019-08-15 16:31:11 - [TEST_STEP][PASSED] - M4_spin_round_id = M4_spin_round_id: null

2019-08-15 16:31:11 - [TEST_STEP][PASSED] - M4_spin_line_wins = line_wins: null

2019-08-15 16:31:11 - [TEST_STEP][PASSED] - M4_spin_line_wins = M4_spin_line_wins: null

2019-08-15 16:31:11 - [TEST_STEP][PASSED] - M4_total_bonus_spins_int = total_bonus_spins: null

2019-08-15 16:31:11 - [TEST_STEP][PASSED] - println("******M4_total_bonus_spins type is:*******" + newline + getClass().getName()): null

2019-08-15 16:31:11 - [TEST_STEP][PASSED] - M4_total_bonus_spins_int = M4_total_bonus_spins_int: null

2019-08-15 16:31:11 - [TEST_STEP][PASSED] - M4_total_bonus_spins = Integer.toString(M4_total_bonus_spins_int): null

2019-08-15 16:31:11 - [TEST_STEP][PASSED] - M4_total_bonus_spins = M4_total_bonus_spins: null

2019-08-15 16:31:11 - [TEST_STEP][PASSED] - println("M4_total_bonus_spins is:" + M4_total_bonus_spins): null

2019-08-15 16:31:11 - [TEST_STEP][PASSED] - M4_spin_bonus_data = bonus_data: null

2019-08-15 16:31:11 - [TEST_STEP][PASSED] - M4_spin_features_triggered = result_M4_spin: null

2019-08-15 16:31:11 - [TEST_STEP][PASSED] - wild = []: null

2019-08-15 16:31:11 - [TEST_STEP][PASSED] - wild[0] = "WILD_Expanding": null

2019-08-15 16:31:11 - [TEST_STEP][PASSED] - wild[1] = "WILD_Normal": null

2019-08-15 16:31:11 - [TEST_STEP][PASSED] - wild[2] = "WILD_Double": null

2019-08-15 16:31:11 - [TEST_STEP][PASSED] - wild[3] = "WILD_ExtraFG": null

2019-08-15 16:31:11 - [TEST_STEP][PASSED] - wild[4] = "WILD_Triple": null

2019-08-15 16:31:11 - [TEST_STEP][PASSED] - wildList = Arrays.asList(wild): null

2019-08-15 16:31:11 - [TEST_STEP][PASSED] - wildList = wildList: null

2019-08-15 16:31:11 - [TEST_STEP][PASSED] - free_spin_reel_counter = []: null

2019-08-15 16:31:11 - [TEST_STEP][PASSED] - free_spin_reel_counter[0] = 0: null

2019-08-15 16:31:11 - [TEST_STEP][PASSED] - free_spin_reel_counter[1] = 0: null

2019-08-15 16:31:11 - [TEST_STEP][PASSED] - free_spin_reel_counter[2] = 0: null

2019-08-15 16:31:11 - [TEST_STEP][PASSED] - M4_spin_reels = reels: null

2019-08-15 16:31:11 - [TEST_STEP][PASSED] - for ([i = 0, i &lt; M4_spin_reels.size(), (i++)]): null

2019-08-15 16:31:11 - [TEST_STEP][PASSED] - symbols = symbols: null

2019-08-15 16:31:11 - [TEST_STEP][PASSED] - for ([j = 0, j &lt; symbols.size(), (j++)]): null

2019-08-15 16:31:11 - [TEST_STEP][PASSED] - symbol = symbol: null

2019-08-15 16:31:11 - [TEST_STEP][PASSED] - println(symbol): null

2019-08-15 16:31:11 - [TEST_STEP][PASSED] - if (i == 2 &amp;&amp; wildList.indexOf(symbol) != -1): null

2019-08-15 16:31:11 - [TEST_STEP][PASSED] - if (i == 3 &amp;&amp; wildList.indexOf(symbol) != -1): null

2019-08-15 16:31:11 - [TEST_STEP][PASSED] - if (i == 4 &amp;&amp; wildList.indexOf(symbol) != -1): null

2019-08-15 16:31:11 - [TEST_STEP][PASSED] - symbol = symbol: null

2019-08-15 16:31:11 - [TEST_STEP][PASSED] - println(symbol): null

2019-08-15 16:31:11 - [TEST_STEP][PASSED] - if (i == 2 &amp;&amp; wildList.indexOf(symbol) != -1): null

2019-08-15 16:31:11 - [TEST_STEP][PASSED] - if (i == 3 &amp;&amp; wildList.indexOf(symbol) != -1): null

2019-08-15 16:31:11 - [TEST_STEP][PASSED] - if (i == 4 &amp;&amp; wildList.indexOf(symbol) != -1): null

2019-08-15 16:31:11 - [TEST_STEP][PASSED] - symbol = symbol: null

2019-08-15 16:31:11 - [TEST_STEP][PASSED] - println(symbol): null

2019-08-15 16:31:11 - [TEST_STEP][PASSED] - if (i == 2 &amp;&amp; wildList.indexOf(symbol) != -1): null

2019-08-15 16:31:11 - [TEST_STEP][PASSED] - if (i == 3 &amp;&amp; wildList.indexOf(symbol) != -1): null

2019-08-15 16:31:11 - [TEST_STEP][PASSED] - if (i == 4 &amp;&amp; wildList.indexOf(symbol) != -1): null

2019-08-15 16:31:11 - [TEST_STEP][PASSED] - symbols = symbols: null

2019-08-15 16:31:11 - [TEST_STEP][PASSED] - for ([j = 0, j &lt; symbols.size(), (j++)]): null

2019-08-15 16:31:11 - [TEST_STEP][PASSED] - symbol = symbol: null

2019-08-15 16:31:11 - [TEST_STEP][PASSED] - println(symbol): null

2019-08-15 16:31:11 - [TEST_STEP][PASSED] - if (i == 2 &amp;&amp; wildList.indexOf(symbol) != -1): null

2019-08-15 16:31:11 - [TEST_STEP][PASSED] - if (i == 3 &amp;&amp; wildList.indexOf(symbol) != -1): null

2019-08-15 16:31:11 - [TEST_STEP][PASSED] - if (i == 4 &amp;&amp; wildList.indexOf(symbol) != -1): null

2019-08-15 16:31:11 - [TEST_STEP][PASSED] - symbol = symbol: null

2019-08-15 16:31:11 - [TEST_STEP][PASSED] - println(symbol): null

2019-08-15 16:31:11 - [TEST_STEP][PASSED] - if (i == 2 &amp;&amp; wildList.indexOf(symbol) != -1): null

2019-08-15 16:31:11 - [TEST_STEP][PASSED] - if (i == 3 &amp;&amp; wildList.indexOf(symbol) != -1): null

2019-08-15 16:31:11 - [TEST_STEP][PASSED] - if (i == 4 &amp;&amp; wildList.indexOf(symbol) != -1): null

2019-08-15 16:31:11 - [TEST_STEP][PASSED] - symbol = symbol: null

2019-08-15 16:31:11 - [TEST_STEP][PASSED] - println(symbol): null

2019-08-15 16:31:11 - [TEST_STEP][PASSED] - if (i == 2 &amp;&amp; wildList.indexOf(symbol) != -1): null

2019-08-15 16:31:11 - [TEST_STEP][PASSED] - if (i == 3 &amp;&amp; wildList.indexOf(symbol) != -1): null

2019-08-15 16:31:11 - [TEST_STEP][PASSED] - if (i == 4 &amp;&amp; wildList.indexOf(symbol) != -1): null

2019-08-15 16:31:11 - [TEST_STEP][PASSED] - symbols = symbols: null

2019-08-15 16:31:11 - [TEST_STEP][PASSED] - for ([j = 0, j &lt; symbols.size(), (j++)]): null

2019-08-15 16:31:11 - [TEST_STEP][PASSED] - symbol = symbol: null

2019-08-15 16:31:11 - [TEST_STEP][PASSED] - println(symbol): null

2019-08-15 16:31:11 - [TEST_STEP][PASSED] - if (i == 2 &amp;&amp; wildList.indexOf(symbol) != -1): null

2019-08-15 16:31:11 - [TEST_STEP][PASSED] - if (i == 3 &amp;&amp; wildList.indexOf(symbol) != -1): null

2019-08-15 16:31:11 - [TEST_STEP][PASSED] - if (i == 4 &amp;&amp; wildList.indexOf(symbol) != -1): null

2019-08-15 16:31:11 - [TEST_STEP][PASSED] - symbol = symbol: null

2019-08-15 16:31:11 - [TEST_STEP][PASSED] - println(symbol): null

2019-08-15 16:31:11 - [TEST_STEP][PASSED] - if (i == 2 &amp;&amp; wildList.indexOf(symbol) != -1): null

2019-08-15 16:31:11 - [TEST_STEP][PASSED] - if (i == 3 &amp;&amp; wildList.indexOf(symbol) != -1): null

2019-08-15 16:31:11 - [TEST_STEP][PASSED] - if (i == 4 &amp;&amp; wildList.indexOf(symbol) != -1): null

2019-08-15 16:31:11 - [TEST_STEP][PASSED] - symbol = symbol: null

2019-08-15 16:31:11 - [TEST_STEP][PASSED] - println(symbol): null

2019-08-15 16:31:11 - [TEST_STEP][PASSED] - if (i == 2 &amp;&amp; wildList.indexOf(symbol) != -1): null

2019-08-15 16:31:11 - [TEST_STEP][PASSED] - if (i == 3 &amp;&amp; wildList.indexOf(symbol) != -1): null

2019-08-15 16:31:11 - [TEST_STEP][PASSED] - if (i == 4 &amp;&amp; wildList.indexOf(symbol) != -1): null

2019-08-15 16:31:11 - [TEST_STEP][PASSED] - symbols = symbols: null

2019-08-15 16:31:11 - [TEST_STEP][PASSED] - for ([j = 0, j &lt; symbols.size(), (j++)]): null

2019-08-15 16:31:11 - [TEST_STEP][PASSED] - symbol = symbol: null

2019-08-15 16:31:11 - [TEST_STEP][PASSED] - println(symbol): null

2019-08-15 16:31:11 - [TEST_STEP][PASSED] - if (i == 2 &amp;&amp; wildList.indexOf(symbol) != -1): null

2019-08-15 16:31:11 - [TEST_STEP][PASSED] - if (i == 3 &amp;&amp; wildList.indexOf(symbol) != -1): null

2019-08-15 16:31:11 - [TEST_STEP][PASSED] - if (i == 4 &amp;&amp; wildList.indexOf(symbol) != -1): null

2019-08-15 16:31:11 - [TEST_STEP][PASSED] - symbol = symbol: null

2019-08-15 16:31:11 - [TEST_STEP][PASSED] - println(symbol): null

2019-08-15 16:31:11 - [TEST_STEP][PASSED] - if (i == 2 &amp;&amp; wildList.indexOf(symbol) != -1): null

2019-08-15 16:31:11 - [TEST_STEP][PASSED] - if (i == 3 &amp;&amp; wildList.indexOf(symbol) != -1): null

2019-08-15 16:31:11 - [TEST_STEP][PASSED] - if (i == 4 &amp;&amp; wildList.indexOf(symbol) != -1): null

2019-08-15 16:31:11 - [TEST_STEP][PASSED] - symbol = symbol: null

2019-08-15 16:31:11 - [TEST_STEP][PASSED] - println(symbol): null

2019-08-15 16:31:11 - [TEST_STEP][PASSED] - if (i == 2 &amp;&amp; wildList.indexOf(symbol) != -1): null

2019-08-15 16:31:11 - [TEST_STEP][PASSED] - if (i == 3 &amp;&amp; wildList.indexOf(symbol) != -1): null

2019-08-15 16:31:11 - [TEST_STEP][PASSED] - if (i == 4 &amp;&amp; wildList.indexOf(symbol) != -1): null

2019-08-15 16:31:11 - [TEST_STEP][PASSED] - symbols = symbols: null

2019-08-15 16:31:11 - [TEST_STEP][PASSED] - for ([j = 0, j &lt; symbols.size(), (j++)]): null

2019-08-15 16:31:11 - [TEST_STEP][PASSED] - symbol = symbol: null

2019-08-15 16:31:11 - [TEST_STEP][PASSED] - println(symbol): null

2019-08-15 16:31:11 - [TEST_STEP][PASSED] - if (i == 2 &amp;&amp; wildList.indexOf(symbol) != -1): null

2019-08-15 16:31:11 - [TEST_STEP][PASSED] - if (i == 3 &amp;&amp; wildList.indexOf(symbol) != -1): null

2019-08-15 16:31:11 - [TEST_STEP][PASSED] - if (i == 4 &amp;&amp; wildList.indexOf(symbol) != -1): null

2019-08-15 16:31:11 - [TEST_STEP][PASSED] - symbol = symbol: null

2019-08-15 16:31:11 - [TEST_STEP][PASSED] - println(symbol): null

2019-08-15 16:31:11 - [TEST_STEP][PASSED] - if (i == 2 &amp;&amp; wildList.indexOf(symbol) != -1): null

2019-08-15 16:31:11 - [TEST_STEP][PASSED] - if (i == 3 &amp;&amp; wildList.indexOf(symbol) != -1): null

2019-08-15 16:31:11 - [TEST_STEP][PASSED] - if (i == 4 &amp;&amp; wildList.indexOf(symbol) != -1): null

2019-08-15 16:31:11 - [TEST_STEP][PASSED] - symbol = symbol: null

2019-08-15 16:31:11 - [TEST_STEP][PASSED] - println(symbol): null

2019-08-15 16:31:11 - [TEST_STEP][PASSED] - if (i == 2 &amp;&amp; wildList.indexOf(symbol) != -1): null

2019-08-15 16:31:11 - [TEST_STEP][PASSED] - if (i == 3 &amp;&amp; wildList.indexOf(symbol) != -1): null

2019-08-15 16:31:11 - [TEST_STEP][PASSED] - if (i == 4 &amp;&amp; wildList.indexOf(symbol) != -1): null

2019-08-15 16:31:11 - [TEST_STEP][PASSED] - free_spin_reel_counter = free_spin_reel_counter: null

2019-08-15 16:31:11 - [TEST_STEP][PASSED] - println("reel 3 wild found: " + free_spin_reel_counter[0]): null

2019-08-15 16:31:11 - [TEST_STEP][PASSED] - println("reel 4 wild found: " + free_spin_reel_counter[1]): null

2019-08-15 16:31:11 - [TEST_STEP][PASSED] - println("reel 5 wild found: " + free_spin_reel_counter[2]): null

2019-08-15 16:31:11 - [TEST_STEP][PASSED] - M4_spin_reels = M4_spin_reels: null

2019-08-15 16:31:11 - [TEST_STEP][PASSED] - M4_spin_reels_symbols = symbol: null

2019-08-15 16:31:11 - [TEST_STEP][PASSED] - M4_spin_reels_symbols = M4_spin_reels_symbols: null

2019-08-15 16:31:11 - [TEST_STEP][PASSED] - M4_spin_reel_wins = reel_wins: null

2019-08-15 16:31:11 - [TEST_STEP][PASSED] - M4_spin_reel_wins = M4_spin_reel_wins: null

2019-08-15 16:31:11 - [TEST_STEP][PASSED] - println("GlobalVariable.M4_spin_reel_wins is: " + M4_spin_reel_wins): null

2019-08-15 16:31:11 - [TEST_STEP][PASSED] - M4_spin_total_bonus_win_this_round = total_bonus_win_this_round: null

2019-08-15 16:31:11 - [TEST_STEP][PASSED] - M4_spin_total_bonus_win_this_round = M4_spin_total_bonus_win_this_round: null

2019-08-15 16:31:11 - [TEST_STEP][PASSED] - println("GlobalVariable.M4_spin_total_bonus_win_this_round is: " + M4_spin_total_bonus_win_this_round): null

2019-08-15 16:31:11 - [MESSAGE][PASSED] - Verify response successfully

2019-08-15 16:31:11 - [MESSAGE][PASSED] - Send request and verify the response successfully

2019-08-15 16:31:11 - [TEST_STEP][PASSED] - if (M4_total_bonus_spins_int != 0 &amp;&amp; M4_spin_reels_symbols[2].contains("WILD_Normal") || M4_spin_reels_symbols[3].contains("WILD_Normal") || M4_spin_reels_symbols[4].contains("WILD_Normal")): null

2019-08-15 16:31:11 - [TEST_STEP][PASSED] - free_spin_reel_counter = free_spin_reel_counter: null

2019-08-15 16:31:11 - [TEST_STEP][PASSED] - M4_spin_reels_symbols = M4_spin_reels_symbols: null

2019-08-15 16:31:11 - [TEST_STEP][PASSED] - M4_total_bonus_spins = M4_total_bonus_spins: null

2019-08-15 16:31:11 - [TEST_STEP][PASSED] - spin_result = sendRequestAndVerify(findTestObject("STG/RGS(M4)/1_M4_spin", ["M4_login_user_id":M4_login_user_id, "rgs_session_token":rgs_session_token, "partner":Partner])): Send request and verify the response successfully

2019-08-15 16:31:11 - [TEST_CASE][PASSED] - Start Test Case : Verification: Verification accomplished successfully

2019-08-15 16:31:11 - [TEST_STEP][PASSED] - request = getInstance().getCurrentRequest(): null

2019-08-15 16:31:11 - [TEST_STEP][PASSED] - response = getInstance().getCurrentResponse(): null

2019-08-15 16:31:11 - [TEST_STEP][PASSED] - verifyResponseStatusCode(response, 200): Verify response status code successfully

2019-08-15 16:31:11 - [MESSAGE][PASSED] - Verify response status code successfully

2019-08-15 16:31:11 - [TEST_STEP][PASSED] - getStatusCode()).isEqualTo(200): null

2019-08-15 16:31:11 - [TEST_STEP][PASSED] - newline = System.getProperty("line.separator"): null

2019-08-15 16:31:11 - [TEST_STEP][PASSED] - M4_spin = new groovy.json.JsonSlurper(): null

2019-08-15 16:31:11 - [TEST_STEP][PASSED] - result_M4_spin = M4_spin.parseText(response.getResponseBodyContent()): null

2019-08-15 16:31:11 - [TEST_STEP][PASSED] - M4_spin_current_balance = current_balance: null

2019-08-15 16:31:11 - [TEST_STEP][PASSED] - M4_spin_current_balance = M4_spin_current_balance: null

2019-08-15 16:31:11 - [TEST_STEP][PASSED] - M4_spin_transaction_id = causality: null

2019-08-15 16:31:11 - [TEST_STEP][PASSED] - M4_spin_transaction_id = M4_spin_transaction_id: null

2019-08-15 16:31:11 - [TEST_STEP][PASSED] - M4_spin_round_id = round_id: null

2019-08-15 16:31:11 - [TEST_STEP][PASSED] - M4_spin_round_id = M4_spin_round_id: null

2019-08-15 16:31:11 - [TEST_STEP][PASSED] - M4_spin_line_wins = line_wins: null

2019-08-15 16:31:11 - [TEST_STEP][PASSED] - M4_spin_line_wins = M4_spin_line_wins: null

2019-08-15 16:31:11 - [TEST_STEP][PASSED] - M4_total_bonus_spins_int = total_bonus_spins: null

2019-08-15 16:31:11 - [TEST_STEP][PASSED] - println("******M4_total_bonus_spins type is:*******" + newline + getClass().getName()): null

2019-08-15 16:31:11 - [TEST_STEP][PASSED] - M4_total_bonus_spins_int = M4_total_bonus_spins_int: null

2019-08-15 16:31:11 - [TEST_STEP][PASSED] - M4_total_bonus_spins = Integer.toString(M4_total_bonus_spins_int): null

2019-08-15 16:31:11 - [TEST_STEP][PASSED] - M4_total_bonus_spins = M4_total_bonus_spins: null

2019-08-15 16:31:11 - [TEST_STEP][PASSED] - println("M4_total_bonus_spins is:" + M4_total_bonus_spins): null

2019-08-15 16:31:11 - [TEST_STEP][PASSED] - M4_spin_bonus_data = bonus_data: null

2019-08-15 16:31:11 - [TEST_STEP][PASSED] - M4_spin_features_triggered = result_M4_spin: null

2019-08-15 16:31:11 - [TEST_STEP][PASSED] - wild = []: null

2019-08-15 16:31:11 - [TEST_STEP][PASSED] - wild[0] = "WILD_Expanding": null

2019-08-15 16:31:11 - [TEST_STEP][PASSED] - wild[1] = "WILD_Normal": null

2019-08-15 16:31:11 - [TEST_STEP][PASSED] - wild[2] = "WILD_Double": null

2019-08-15 16:31:11 - [TEST_STEP][PASSED] - wild[3] = "WILD_ExtraFG": null

2019-08-15 16:31:11 - [TEST_STEP][PASSED] - wild[4] = "WILD_Triple": null

2019-08-15 16:31:11 - [TEST_STEP][PASSED] - wildList = Arrays.asList(wild): null

2019-08-15 16:31:11 - [TEST_STEP][PASSED] - wildList = wildList: null

2019-08-15 16:31:11 - [TEST_STEP][PASSED] - free_spin_reel_counter = []: null

2019-08-15 16:31:11 - [TEST_STEP][PASSED] - free_spin_reel_counter[0] = 0: null

2019-08-15 16:31:11 - [TEST_STEP][PASSED] - free_spin_reel_counter[1] = 0: null

2019-08-15 16:31:11 - [TEST_STEP][PASSED] - free_spin_reel_counter[2] = 0: null

2019-08-15 16:31:11 - [TEST_STEP][PASSED] - M4_spin_reels = reels: null

2019-08-15 16:31:11 - [TEST_STEP][PASSED] - for ([i = 0, i &lt; M4_spin_reels.size(), (i++)]): null

2019-08-15 16:31:11 - [TEST_STEP][PASSED] - symbols = symbols: null

2019-08-15 16:31:11 - [TEST_STEP][PASSED] - for ([j = 0, j &lt; symbols.size(), (j++)]): null

2019-08-15 16:31:11 - [TEST_STEP][PASSED] - symbol = symbol: null

2019-08-15 16:31:11 - [TEST_STEP][PASSED] - println(symbol): null

2019-08-15 16:31:11 - [TEST_STEP][PASSED] - if (i == 2 &amp;&amp; wildList.indexOf(symbol) != -1): null

2019-08-15 16:31:11 - [TEST_STEP][PASSED] - if (i == 3 &amp;&amp; wildList.indexOf(symbol) != -1): null

2019-08-15 16:31:11 - [TEST_STEP][PASSED] - if (i == 4 &amp;&amp; wildList.indexOf(symbol) != -1): null

2019-08-15 16:31:11 - [TEST_STEP][PASSED] - symbol = symbol: null

2019-08-15 16:31:11 - [TEST_STEP][PASSED] - println(symbol): null

2019-08-15 16:31:11 - [TEST_STEP][PASSED] - if (i == 2 &amp;&amp; wildList.indexOf(symbol) != -1): null

2019-08-15 16:31:11 - [TEST_STEP][PASSED] - if (i == 3 &amp;&amp; wildList.indexOf(symbol) != -1): null

2019-08-15 16:31:11 - [TEST_STEP][PASSED] - if (i == 4 &amp;&amp; wildList.indexOf(symbol) != -1): null

2019-08-15 16:31:11 - [TEST_STEP][PASSED] - symbol = symbol: null

2019-08-15 16:31:11 - [TEST_STEP][PASSED] - println(symbol): null

2019-08-15 16:31:11 - [TEST_STEP][PASSED] - if (i == 2 &amp;&amp; wildList.indexOf(symbol) != -1): null

2019-08-15 16:31:11 - [TEST_STEP][PASSED] - if (i == 3 &amp;&amp; wildList.indexOf(symbol) != -1): null

2019-08-15 16:31:11 - [TEST_STEP][PASSED] - if (i == 4 &amp;&amp; wildList.indexOf(symbol) != -1): null

2019-08-15 16:31:11 - [TEST_STEP][PASSED] - symbols = symbols: null

2019-08-15 16:31:11 - [TEST_STEP][PASSED] - for ([j = 0, j &lt; symbols.size(), (j++)]): null

2019-08-15 16:31:11 - [TEST_STEP][PASSED] - symbol = symbol: null

2019-08-15 16:31:11 - [TEST_STEP][PASSED] - println(symbol): null

2019-08-15 16:31:11 - [TEST_STEP][PASSED] - if (i == 2 &amp;&amp; wildList.indexOf(symbol) != -1): null

2019-08-15 16:31:11 - [TEST_STEP][PASSED] - if (i == 3 &amp;&amp; wildList.indexOf(symbol) != -1): null

2019-08-15 16:31:11 - [TEST_STEP][PASSED] - if (i == 4 &amp;&amp; wildList.indexOf(symbol) != -1): null

2019-08-15 16:31:11 - [TEST_STEP][PASSED] - symbol = symbol: null

2019-08-15 16:31:11 - [TEST_STEP][PASSED] - println(symbol): null

2019-08-15 16:31:11 - [TEST_STEP][PASSED] - if (i == 2 &amp;&amp; wildList.indexOf(symbol) != -1): null

2019-08-15 16:31:11 - [TEST_STEP][PASSED] - if (i == 3 &amp;&amp; wildList.indexOf(symbol) != -1): null

2019-08-15 16:31:11 - [TEST_STEP][PASSED] - if (i == 4 &amp;&amp; wildList.indexOf(symbol) != -1): null

2019-08-15 16:31:11 - [TEST_STEP][PASSED] - symbol = symbol: null

2019-08-15 16:31:11 - [TEST_STEP][PASSED] - println(symbol): null

2019-08-15 16:31:11 - [TEST_STEP][PASSED] - if (i == 2 &amp;&amp; wildList.indexOf(symbol) != -1): null

2019-08-15 16:31:11 - [TEST_STEP][PASSED] - if (i == 3 &amp;&amp; wildList.indexOf(symbol) != -1): null

2019-08-15 16:31:11 - [TEST_STEP][PASSED] - if (i == 4 &amp;&amp; wildList.indexOf(symbol) != -1): null

2019-08-15 16:31:11 - [TEST_STEP][PASSED] - symbols = symbols: null

2019-08-15 16:31:11 - [TEST_STEP][PASSED] - for ([j = 0, j &lt; symbols.size(), (j++)]): null

2019-08-15 16:31:11 - [TEST_STEP][PASSED] - symbol = symbol: null

2019-08-15 16:31:11 - [TEST_STEP][PASSED] - println(symbol): null

2019-08-15 16:31:11 - [TEST_STEP][PASSED] - if (i == 2 &amp;&amp; wildList.indexOf(symbol) != -1): null

2019-08-15 16:31:11 - [TEST_STEP][PASSED] - if (i == 3 &amp;&amp; wildList.indexOf(symbol) != -1): null

2019-08-15 16:31:11 - [TEST_STEP][PASSED] - if (i == 4 &amp;&amp; wildList.indexOf(symbol) != -1): null

2019-08-15 16:31:11 - [TEST_STEP][PASSED] - symbol = symbol: null

2019-08-15 16:31:11 - [TEST_STEP][PASSED] - println(symbol): null

2019-08-15 16:31:11 - [TEST_STEP][PASSED] - if (i == 2 &amp;&amp; wildList.indexOf(symbol) != -1): null

2019-08-15 16:31:11 - [TEST_STEP][PASSED] - if (i == 3 &amp;&amp; wildList.indexOf(symbol) != -1): null

2019-08-15 16:31:11 - [TEST_STEP][PASSED] - if (i == 4 &amp;&amp; wildList.indexOf(symbol) != -1): null

2019-08-15 16:31:11 - [TEST_STEP][PASSED] - symbol = symbol: null

2019-08-15 16:31:11 - [TEST_STEP][PASSED] - println(symbol): null

2019-08-15 16:31:11 - [TEST_STEP][PASSED] - if (i == 2 &amp;&amp; wildList.indexOf(symbol) != -1): null

2019-08-15 16:31:11 - [TEST_STEP][PASSED] - if (i == 3 &amp;&amp; wildList.indexOf(symbol) != -1): null

2019-08-15 16:31:11 - [TEST_STEP][PASSED] - if (i == 4 &amp;&amp; wildList.indexOf(symbol) != -1): null

2019-08-15 16:31:11 - [TEST_STEP][PASSED] - symbols = symbols: null

2019-08-15 16:31:16 - [TEST_STEP][PASSED] - for ([j = 0, j &lt; symbols.size(), (j++)]): null

2019-08-15 16:31:16 - [TEST_STEP][PASSED] - symbol = symbol: null

2019-08-15 16:31:16 - [TEST_STEP][PASSED] - println(symbol): null

2019-08-15 16:31:16 - [TEST_STEP][PASSED] - if (i == 2 &amp;&amp; wildList.indexOf(symbol) != -1): null

2019-08-15 16:31:16 - [TEST_STEP][PASSED] - if (i == 3 &amp;&amp; wildList.indexOf(symbol) != -1): null

2019-08-15 16:31:16 - [TEST_STEP][PASSED] - if (i == 4 &amp;&amp; wildList.indexOf(symbol) != -1): null

2019-08-15 16:31:16 - [TEST_STEP][PASSED] - symbol = symbol: null

2019-08-15 16:31:16 - [TEST_STEP][PASSED] - println(symbol): null

2019-08-15 16:31:16 - [TEST_STEP][PASSED] - if (i == 2 &amp;&amp; wildList.indexOf(symbol) != -1): null

2019-08-15 16:31:16 - [TEST_STEP][PASSED] - if (i == 3 &amp;&amp; wildList.indexOf(symbol) != -1): null

2019-08-15 16:31:16 - [TEST_STEP][PASSED] - if (i == 4 &amp;&amp; wildList.indexOf(symbol) != -1): null

2019-08-15 16:31:19 - [TEST_STEP][PASSED] - symbol = symbol: null

2019-08-15 16:31:19 - [TEST_STEP][PASSED] - println(symbol): null

2019-08-15 16:31:19 - [TEST_STEP][PASSED] - if (i == 2 &amp;&amp; wildList.indexOf(symbol) != -1): null

2019-08-15 16:31:19 - [TEST_STEP][PASSED] - if (i == 3 &amp;&amp; wildList.indexOf(symbol) != -1): null

2019-08-15 16:31:19 - [TEST_STEP][PASSED] - if (i == 4 &amp;&amp; wildList.indexOf(symbol) != -1): null

2019-08-15 16:31:19 - [TEST_STEP][PASSED] - symbols = symbols: null

2019-08-15 16:31:19 - [TEST_STEP][PASSED] - for ([j = 0, j &lt; symbols.size(), (j++)]): null

2019-08-15 16:31:19 - [TEST_STEP][PASSED] - symbol = symbol: null

2019-08-15 16:31:19 - [TEST_STEP][PASSED] - println(symbol): null

2019-08-15 16:31:19 - [TEST_STEP][PASSED] - if (i == 2 &amp;&amp; wildList.indexOf(symbol) != -1): null

2019-08-15 16:31:19 - [TEST_STEP][PASSED] - if (i == 3 &amp;&amp; wildList.indexOf(symbol) != -1): null

2019-08-15 16:31:19 - [TEST_STEP][PASSED] - if (i == 4 &amp;&amp; wildList.indexOf(symbol) != -1): null

2019-08-15 16:31:19 - [TEST_STEP][PASSED] - symbol = symbol: null

2019-08-15 16:31:19 - [TEST_STEP][PASSED] - println(symbol): null

2019-08-15 16:31:19 - [TEST_STEP][PASSED] - if (i == 2 &amp;&amp; wildList.indexOf(symbol) != -1): null

2019-08-15 16:31:19 - [TEST_STEP][PASSED] - if (i == 3 &amp;&amp; wildList.indexOf(symbol) != -1): null

2019-08-15 16:31:19 - [TEST_STEP][PASSED] - if (i == 4 &amp;&amp; wildList.indexOf(symbol) != -1): null

2019-08-15 16:31:19 - [TEST_STEP][PASSED] - symbol = symbol: null

2019-08-15 16:31:19 - [TEST_STEP][PASSED] - println(symbol): null

2019-08-15 16:31:19 - [TEST_STEP][PASSED] - if (i == 2 &amp;&amp; wildList.indexOf(symbol) != -1): null

2019-08-15 16:31:19 - [TEST_STEP][PASSED] - if (i == 3 &amp;&amp; wildList.indexOf(symbol) != -1): null

2019-08-15 16:31:19 - [TEST_STEP][PASSED] - if (i == 4 &amp;&amp; wildList.indexOf(symbol) != -1): null

2019-08-15 16:31:19 - [TEST_STEP][PASSED] - free_spin_reel_counter = free_spin_reel_counter: null

2019-08-15 16:31:19 - [TEST_STEP][PASSED] - println("reel 3 wild found: " + free_spin_reel_counter[0]): null

2019-08-15 16:31:19 - [TEST_STEP][PASSED] - println("reel 4 wild found: " + free_spin_reel_counter[1]): null

2019-08-15 16:31:19 - [TEST_STEP][PASSED] - println("reel 5 wild found: " + free_spin_reel_counter[2]): null

2019-08-15 16:31:19 - [TEST_STEP][PASSED] - M4_spin_reels = M4_spin_reels: null

2019-08-15 16:31:19 - [TEST_STEP][PASSED] - M4_spin_reels_symbols = symbol: null

2019-08-15 16:31:19 - [TEST_STEP][PASSED] - M4_spin_reels_symbols = M4_spin_reels_symbols: null

2019-08-15 16:31:19 - [TEST_STEP][PASSED] - M4_spin_reel_wins = reel_wins: null

2019-08-15 16:31:19 - [TEST_STEP][PASSED] - M4_spin_reel_wins = M4_spin_reel_wins: null

2019-08-15 16:31:19 - [TEST_STEP][PASSED] - println("GlobalVariable.M4_spin_reel_wins is: " + M4_spin_reel_wins): null

2019-08-15 16:31:19 - [TEST_STEP][PASSED] - M4_spin_total_bonus_win_this_round = total_bonus_win_this_round: null

2019-08-15 16:31:19 - [TEST_STEP][PASSED] - M4_spin_total_bonus_win_this_round = M4_spin_total_bonus_win_this_round: null

2019-08-15 16:31:19 - [TEST_STEP][PASSED] - println("GlobalVariable.M4_spin_total_bonus_win_this_round is: " + M4_spin_total_bonus_win_this_round): null

2019-08-15 16:31:19 - [MESSAGE][PASSED] - Verify response successfully

2019-08-15 16:31:19 - [MESSAGE][PASSED] - Send request and verify the response successfully

2019-08-15 16:31:19 - [TEST_STEP][PASSED] - if (M4_total_bonus_spins_int != 0 &amp;&amp; M4_spin_reels_symbols[2].contains("WILD_Normal") || M4_spin_reels_symbols[3].contains("WILD_Normal") || M4_spin_reels_symbols[4].contains("WILD_Normal")): null

2019-08-15 16:31:19 - [TEST_STEP][PASSED] - free_spin_reel_counter = free_spin_reel_counter: null

2019-08-15 16:31:19 - [TEST_STEP][PASSED] - M4_spin_reels_symbols = M4_spin_reels_symbols: null

2019-08-15 16:31:19 - [TEST_STEP][PASSED] - M4_total_bonus_spins = M4_total_bonus_spins: null

2019-08-15 16:31:19 - [TEST_STEP][PASSED] - spin_result = sendRequestAndVerify(findTestObject("STG/RGS(M4)/1_M4_spin", ["M4_login_user_id":M4_login_user_id, "rgs_session_token":rgs_session_token, "partner":Partner])): Send request and verify the response successfully

2019-08-15 16:31:19 - [TEST_CASE][PASSED] - Start Test Case : Verification: Verification accomplished successfully

2019-08-15 16:31:19 - [TEST_STEP][PASSED] - request = getInstance().getCurrentRequest(): null

2019-08-15 16:31:19 - [TEST_STEP][PASSED] - response = getInstance().getCurrentResponse(): null

2019-08-15 16:31:19 - [TEST_STEP][PASSED] - verifyResponseStatusCode(response, 200): Verify response status code successfully

2019-08-15 16:31:19 - [MESSAGE][PASSED] - Verify response status code successfully

2019-08-15 16:31:19 - [TEST_STEP][PASSED] - getStatusCode()).isEqualTo(200): null

2019-08-15 16:31:19 - [TEST_STEP][PASSED] - newline = System.getProperty("line.separator"): null

2019-08-15 16:31:19 - [TEST_STEP][PASSED] - M4_spin = new groovy.json.JsonSlurper(): null

2019-08-15 16:31:19 - [TEST_STEP][PASSED] - result_M4_spin = M4_spin.parseText(response.getResponseBodyContent()): null

2019-08-15 16:31:19 - [TEST_STEP][PASSED] - M4_spin_current_balance = current_balance: null

2019-08-15 16:31:19 - [TEST_STEP][PASSED] - M4_spin_current_balance = M4_spin_current_balance: null

2019-08-15 16:31:19 - [TEST_STEP][PASSED] - M4_spin_transaction_id = causality: null

2019-08-15 16:31:19 - [TEST_STEP][PASSED] - M4_spin_transaction_id = M4_spin_transaction_id: null

2019-08-15 16:31:19 - [TEST_STEP][PASSED] - M4_spin_round_id = round_id: null

2019-08-15 16:31:19 - [TEST_STEP][PASSED] - M4_spin_round_id = M4_spin_round_id: null

2019-08-15 16:31:19 - [TEST_STEP][PASSED] - M4_spin_line_wins = line_wins: null

2019-08-15 16:31:19 - [TEST_STEP][PASSED] - M4_spin_line_wins = M4_spin_line_wins: null

2019-08-15 16:31:19 - [TEST_STEP][PASSED] - M4_total_bonus_spins_int = total_bonus_spins: null

2019-08-15 16:31:19 - [TEST_STEP][PASSED] - println("******M4_total_bonus_spins type is:*******" + newline + getClass().getName()): null

2019-08-15 16:31:19 - [TEST_STEP][PASSED] - M4_total_bonus_spins_int = M4_total_bonus_spins_int: null

2019-08-15 16:31:19 - [TEST_STEP][PASSED] - M4_total_bonus_spins = Integer.toString(M4_total_bonus_spins_int): null

2019-08-15 16:31:19 - [TEST_STEP][PASSED] - M4_total_bonus_spins = M4_total_bonus_spins: null

2019-08-15 16:31:19 - [TEST_STEP][PASSED] - println("M4_total_bonus_spins is:" + M4_total_bonus_spins): null

2019-08-15 16:31:19 - [TEST_STEP][PASSED] - M4_spin_bonus_data = bonus_data: null

2019-08-15 16:31:19 - [TEST_STEP][PASSED] - M4_spin_features_triggered = result_M4_spin: null

2019-08-15 16:31:19 - [TEST_STEP][PASSED] - wild = []: null

2019-08-15 16:31:19 - [TEST_STEP][PASSED] - wild[0] = "WILD_Expanding": null

2019-08-15 16:31:19 - [TEST_STEP][PASSED] - wild[1] = "WILD_Normal": null

2019-08-15 16:31:19 - [TEST_STEP][PASSED] - wild[2] = "WILD_Double": null

2019-08-15 16:31:19 - [TEST_STEP][PASSED] - wild[3] = "WILD_ExtraFG": null

2019-08-15 16:31:19 - [TEST_STEP][PASSED] - wild[4] = "WILD_Triple": null

2019-08-15 16:31:19 - [TEST_STEP][PASSED] - wildList = Arrays.asList(wild): null

2019-08-15 16:31:19 - [TEST_STEP][PASSED] - wildList = wildList: null

2019-08-15 16:31:19 - [TEST_STEP][PASSED] - free_spin_reel_counter = []: null

2019-08-15 16:31:19 - [TEST_STEP][PASSED] - free_spin_reel_counter[0] = 0: null

2019-08-15 16:31:19 - [TEST_STEP][PASSED] - free_spin_reel_counter[1] = 0: null

2019-08-15 16:31:19 - [TEST_STEP][PASSED] - free_spin_reel_counter[2] = 0: null

2019-08-15 16:31:19 - [TEST_STEP][PASSED] - M4_spin_reels = reels: null

2019-08-15 16:31:19 - [TEST_STEP][PASSED] - for ([i = 0, i &lt; M4_spin_reels.size(), (i++)]): null

2019-08-15 16:31:19 - [TEST_STEP][PASSED] - symbols = symbols: null

2019-08-15 16:31:19 - [TEST_STEP][PASSED] - for ([j = 0, j &lt; symbols.size(), (j++)]): null

2019-08-15 16:31:19 - [TEST_STEP][PASSED] - symbol = symbol: null

2019-08-15 16:31:19 - [TEST_STEP][PASSED] - println(symbol): null

2019-08-15 16:31:19 - [TEST_STEP][PASSED] - if (i == 2 &amp;&amp; wildList.indexOf(symbol) != -1): null

2019-08-15 16:31:19 - [TEST_STEP][PASSED] - if (i == 3 &amp;&amp; wildList.indexOf(symbol) != -1): null

2019-08-15 16:31:19 - [TEST_STEP][PASSED] - if (i == 4 &amp;&amp; wildList.indexOf(symbol) != -1): null

2019-08-15 16:31:19 - [TEST_STEP][PASSED] - symbol = symbol: null

2019-08-15 16:31:19 - [TEST_STEP][PASSED] - println(symbol): null

2019-08-15 16:31:19 - [TEST_STEP][PASSED] - if (i == 2 &amp;&amp; wildList.indexOf(symbol) != -1): null

2019-08-15 16:31:19 - [TEST_STEP][PASSED] - if (i == 3 &amp;&amp; wildList.indexOf(symbol) != -1): null

2019-08-15 16:31:19 - [TEST_STEP][PASSED] - if (i == 4 &amp;&amp; wildList.indexOf(symbol) != -1): null

2019-08-15 16:31:19 - [TEST_STEP][PASSED] - symbol = symbol: null

2019-08-15 16:31:19 - [TEST_STEP][PASSED] - println(symbol): null

2019-08-15 16:31:19 - [TEST_STEP][PASSED] - if (i == 2 &amp;&amp; wildList.indexOf(symbol) != -1): null

2019-08-15 16:31:19 - [TEST_STEP][PASSED] - if (i == 3 &amp;&amp; wildList.indexOf(symbol) != -1): null

2019-08-15 16:31:19 - [TEST_STEP][PASSED] - if (i == 4 &amp;&amp; wildList.indexOf(symbol) != -1): null

2019-08-15 16:31:19 - [TEST_STEP][PASSED] - symbols = symbols: null

2019-08-15 16:31:19 - [TEST_STEP][PASSED] - for ([j = 0, j &lt; symbols.size(), (j++)]): null

2019-08-15 16:31:19 - [TEST_STEP][PASSED] - symbol = symbol: null

2019-08-15 16:31:19 - [TEST_STEP][PASSED] - println(symbol): null

2019-08-15 16:31:19 - [TEST_STEP][PASSED] - if (i == 2 &amp;&amp; wildList.indexOf(symbol) != -1): null

2019-08-15 16:31:19 - [TEST_STEP][PASSED] - if (i == 3 &amp;&amp; wildList.indexOf(symbol) != -1): null

2019-08-15 16:31:19 - [TEST_STEP][PASSED] - if (i == 4 &amp;&amp; wildList.indexOf(symbol) != -1): null

2019-08-15 16:31:19 - [TEST_STEP][PASSED] - symbol = symbol: null

2019-08-15 16:31:19 - [TEST_STEP][PASSED] - println(symbol): null

2019-08-15 16:31:19 - [TEST_STEP][PASSED] - if (i == 2 &amp;&amp; wildList.indexOf(symbol) != -1): null

2019-08-15 16:31:19 - [TEST_STEP][PASSED] - if (i == 3 &amp;&amp; wildList.indexOf(symbol) != -1): null

2019-08-15 16:31:19 - [TEST_STEP][PASSED] - if (i == 4 &amp;&amp; wildList.indexOf(symbol) != -1): null

2019-08-15 16:31:19 - [TEST_STEP][PASSED] - symbol = symbol: null

2019-08-15 16:31:19 - [TEST_STEP][PASSED] - println(symbol): null

2019-08-15 16:31:19 - [TEST_STEP][PASSED] - if (i == 2 &amp;&amp; wildList.indexOf(symbol) != -1): null

2019-08-15 16:31:19 - [TEST_STEP][PASSED] - if (i == 3 &amp;&amp; wildList.indexOf(symbol) != -1): null

2019-08-15 16:31:19 - [TEST_STEP][PASSED] - if (i == 4 &amp;&amp; wildList.indexOf(symbol) != -1): null

2019-08-15 16:31:19 - [TEST_STEP][PASSED] - symbols = symbols: null

2019-08-15 16:31:19 - [TEST_STEP][PASSED] - for ([j = 0, j &lt; symbols.size(), (j++)]): null

2019-08-15 16:31:19 - [TEST_STEP][PASSED] - symbol = symbol: null

2019-08-15 16:31:19 - [TEST_STEP][PASSED] - println(symbol): null

2019-08-15 16:31:19 - [TEST_STEP][PASSED] - if (i == 2 &amp;&amp; wildList.indexOf(symbol) != -1): null

2019-08-15 16:31:19 - [TEST_STEP][PASSED] - if (i == 3 &amp;&amp; wildList.indexOf(symbol) != -1): null

2019-08-15 16:31:19 - [TEST_STEP][PASSED] - if (i == 4 &amp;&amp; wildList.indexOf(symbol) != -1): null

2019-08-15 16:31:19 - [TEST_STEP][PASSED] - symbol = symbol: null

2019-08-15 16:31:19 - [TEST_STEP][PASSED] - println(symbol): null

2019-08-15 16:31:19 - [TEST_STEP][PASSED] - if (i == 2 &amp;&amp; wildList.indexOf(symbol) != -1): null

2019-08-15 16:31:19 - [TEST_STEP][PASSED] - if (i == 3 &amp;&amp; wildList.indexOf(symbol) != -1): null

2019-08-15 16:31:19 - [TEST_STEP][PASSED] - if (i == 4 &amp;&amp; wildList.indexOf(symbol) != -1): null

2019-08-15 16:31:19 - [TEST_STEP][PASSED] - symbol = symbol: null

2019-08-15 16:31:19 - [TEST_STEP][PASSED] - println(symbol): null

2019-08-15 16:31:19 - [TEST_STEP][PASSED] - if (i == 2 &amp;&amp; wildList.indexOf(symbol) != -1): null

2019-08-15 16:31:19 - [TEST_STEP][PASSED] - if (i == 3 &amp;&amp; wildList.indexOf(symbol) != -1): null

2019-08-15 16:31:19 - [TEST_STEP][PASSED] - if (i == 4 &amp;&amp; wildList.indexOf(symbol) != -1): null

2019-08-15 16:31:19 - [TEST_STEP][PASSED] - symbols = symbols: null

2019-08-15 16:31:19 - [TEST_STEP][PASSED] - for ([j = 0, j &lt; symbols.size(), (j++)]): null

2019-08-15 16:31:19 - [TEST_STEP][PASSED] - symbol = symbol: null

2019-08-15 16:31:19 - [TEST_STEP][PASSED] - println(symbol): null

2019-08-15 16:31:19 - [TEST_STEP][PASSED] - if (i == 2 &amp;&amp; wildList.indexOf(symbol) != -1): null

2019-08-15 16:31:19 - [TEST_STEP][PASSED] - if (i == 3 &amp;&amp; wildList.indexOf(symbol) != -1): null

2019-08-15 16:31:19 - [TEST_STEP][PASSED] - if (i == 4 &amp;&amp; wildList.indexOf(symbol) != -1): null

2019-08-15 16:31:19 - [TEST_STEP][PASSED] - symbol = symbol: null

2019-08-15 16:31:19 - [TEST_STEP][PASSED] - println(symbol): null

2019-08-15 16:31:19 - [TEST_STEP][PASSED] - if (i == 2 &amp;&amp; wildList.indexOf(symbol) != -1): null

2019-08-15 16:31:19 - [TEST_STEP][PASSED] - if (i == 3 &amp;&amp; wildList.indexOf(symbol) != -1): null

2019-08-15 16:31:19 - [TEST_STEP][PASSED] - if (i == 4 &amp;&amp; wildList.indexOf(symbol) != -1): null

2019-08-15 16:31:19 - [TEST_STEP][PASSED] - symbol = symbol: null

2019-08-15 16:31:19 - [TEST_STEP][PASSED] - println(symbol): null

2019-08-15 16:31:19 - [TEST_STEP][PASSED] - if (i == 2 &amp;&amp; wildList.indexOf(symbol) != -1): null

2019-08-15 16:31:19 - [TEST_STEP][PASSED] - if (i == 3 &amp;&amp; wildList.indexOf(symbol) != -1): null

2019-08-15 16:31:19 - [TEST_STEP][PASSED] - if (i == 4 &amp;&amp; wildList.indexOf(symbol) != -1): null

2019-08-15 16:31:19 - [TEST_STEP][PASSED] - symbols = symbols: null

2019-08-15 16:31:19 - [TEST_STEP][PASSED] - for ([j = 0, j &lt; symbols.size(), (j++)]): null

2019-08-15 16:31:19 - [TEST_STEP][PASSED] - symbol = symbol: null

2019-08-15 16:31:19 - [TEST_STEP][PASSED] - println(symbol): null

2019-08-15 16:31:19 - [TEST_STEP][PASSED] - if (i == 2 &amp;&amp; wildList.indexOf(symbol) != -1): null

2019-08-15 16:31:19 - [TEST_STEP][PASSED] - if (i == 3 &amp;&amp; wildList.indexOf(symbol) != -1): null

2019-08-15 16:31:19 - [TEST_STEP][PASSED] - if (i == 4 &amp;&amp; wildList.indexOf(symbol) != -1): null

2019-08-15 16:31:19 - [TEST_STEP][PASSED] - symbol = symbol: null

2019-08-15 16:31:19 - [TEST_STEP][PASSED] - println(symbol): null

2019-08-15 16:31:19 - [TEST_STEP][PASSED] - if (i == 2 &amp;&amp; wildList.indexOf(symbol) != -1): null

2019-08-15 16:31:19 - [TEST_STEP][PASSED] - if (i == 3 &amp;&amp; wildList.indexOf(symbol) != -1): null

2019-08-15 16:31:19 - [TEST_STEP][PASSED] - if (i == 4 &amp;&amp; wildList.indexOf(symbol) != -1): null

2019-08-15 16:31:19 - [TEST_STEP][PASSED] - symbol = symbol: null

2019-08-15 16:31:19 - [TEST_STEP][PASSED] - println(symbol): null

2019-08-15 16:31:19 - [TEST_STEP][PASSED] - if (i == 2 &amp;&amp; wildList.indexOf(symbol) != -1): null

2019-08-15 16:31:19 - [TEST_STEP][PASSED] - if (i == 3 &amp;&amp; wildList.indexOf(symbol) != -1): null

2019-08-15 16:31:19 - [TEST_STEP][PASSED] - if (i == 4 &amp;&amp; wildList.indexOf(symbol) != -1): null

2019-08-15 16:31:19 - [TEST_STEP][PASSED] - free_spin_reel_counter = free_spin_reel_counter: null

2019-08-15 16:31:19 - [TEST_STEP][PASSED] - println("reel 3 wild found: " + free_spin_reel_counter[0]): null

2019-08-15 16:31:19 - [TEST_STEP][PASSED] - println("reel 4 wild found: " + free_spin_reel_counter[1]): null

2019-08-15 16:31:19 - [TEST_STEP][PASSED] - println("reel 5 wild found: " + free_spin_reel_counter[2]): null

2019-08-15 16:31:19 - [TEST_STEP][PASSED] - M4_spin_reels = M4_spin_reels: null

2019-08-15 16:31:19 - [TEST_STEP][PASSED] - M4_spin_reels_symbols = symbol: null

2019-08-15 16:31:19 - [TEST_STEP][PASSED] - M4_spin_reels_symbols = M4_spin_reels_symbols: null

2019-08-15 16:31:19 - [TEST_STEP][PASSED] - M4_spin_reel_wins = reel_wins: null

2019-08-15 16:31:19 - [TEST_STEP][PASSED] - M4_spin_reel_wins = M4_spin_reel_wins: null

2019-08-15 16:31:19 - [TEST_STEP][PASSED] - println("GlobalVariable.M4_spin_reel_wins is: " + M4_spin_reel_wins): null

2019-08-15 16:31:19 - [TEST_STEP][PASSED] - M4_spin_total_bonus_win_this_round = total_bonus_win_this_round: null

2019-08-15 16:31:19 - [TEST_STEP][PASSED] - M4_spin_total_bonus_win_this_round = M4_spin_total_bonus_win_this_round: null

2019-08-15 16:31:19 - [TEST_STEP][PASSED] - println("GlobalVariable.M4_spin_total_bonus_win_this_round is: " + M4_spin_total_bonus_win_this_round): null

2019-08-15 16:31:19 - [MESSAGE][PASSED] - Verify response successfully

2019-08-15 16:31:19 - [MESSAGE][PASSED] - Send request and verify the response successfully

2019-08-15 16:31:19 - [TEST_STEP][PASSED] - if (M4_total_bonus_spins_int != 0 &amp;&amp; M4_spin_reels_symbols[2].contains("WILD_Normal") || M4_spin_reels_symbols[3].contains("WILD_Normal") || M4_spin_reels_symbols[4].contains("WILD_Normal")): null

2019-08-15 16:31:19 - [TEST_STEP][PASSED] - free_spin_reel_counter = free_spin_reel_counter: null

2019-08-15 16:31:19 - [TEST_STEP][PASSED] - M4_spin_reels_symbols = M4_spin_reels_symbols: null

2019-08-15 16:31:19 - [TEST_STEP][PASSED] - M4_total_bonus_spins = M4_total_bonus_spins: null

2019-08-15 16:31:19 - [TEST_STEP][PASSED] - spin_result = sendRequestAndVerify(findTestObject("STG/RGS(M4)/1_M4_spin", ["M4_login_user_id":M4_login_user_id, "rgs_session_token":rgs_session_token, "partner":Partner])): Send request and verify the response successfully

2019-08-15 16:31:19 - [TEST_CASE][PASSED] - Start Test Case : Verification: Verification accomplished successfully

2019-08-15 16:31:19 - [TEST_STEP][PASSED] - request = getInstance().getCurrentRequest(): null

2019-08-15 16:31:20 - [TEST_STEP][PASSED] - response = getInstance().getCurrentResponse(): null

2019-08-15 16:31:20 - [TEST_STEP][PASSED] - verifyResponseStatusCode(response, 200): Verify response status code successfully

2019-08-15 16:31:20 - [MESSAGE][PASSED] - Verify response status code successfully

2019-08-15 16:31:20 - [TEST_STEP][PASSED] - getStatusCode()).isEqualTo(200): null

2019-08-15 16:31:20 - [TEST_STEP][PASSED] - newline = System.getProperty("line.separator"): null

2019-08-15 16:31:20 - [TEST_STEP][PASSED] - M4_spin = new groovy.json.JsonSlurper(): null

2019-08-15 16:31:20 - [TEST_STEP][PASSED] - result_M4_spin = M4_spin.parseText(response.getResponseBodyContent()): null

2019-08-15 16:31:20 - [TEST_STEP][PASSED] - M4_spin_current_balance = current_balance: null

2019-08-15 16:31:20 - [TEST_STEP][PASSED] - M4_spin_current_balance = M4_spin_current_balance: null

2019-08-15 16:31:20 - [TEST_STEP][PASSED] - M4_spin_transaction_id = causality: null

2019-08-15 16:31:20 - [TEST_STEP][PASSED] - M4_spin_transaction_id = M4_spin_transaction_id: null

2019-08-15 16:31:20 - [TEST_STEP][PASSED] - M4_spin_round_id = round_id: null

2019-08-15 16:31:20 - [TEST_STEP][PASSED] - M4_spin_round_id = M4_spin_round_id: null

2019-08-15 16:31:20 - [TEST_STEP][PASSED] - M4_spin_line_wins = line_wins: null

2019-08-15 16:31:20 - [TEST_STEP][PASSED] - M4_spin_line_wins = M4_spin_line_wins: null

2019-08-15 16:31:20 - [TEST_STEP][PASSED] - M4_total_bonus_spins_int = total_bonus_spins: null

2019-08-15 16:31:20 - [TEST_STEP][PASSED] - println("******M4_total_bonus_spins type is:*******" + newline + getClass().getName()): null

2019-08-15 16:31:20 - [TEST_STEP][PASSED] - M4_total_bonus_spins_int = M4_total_bonus_spins_int: null

2019-08-15 16:31:20 - [TEST_STEP][PASSED] - M4_total_bonus_spins = Integer.toString(M4_total_bonus_spins_int): null

2019-08-15 16:31:20 - [TEST_STEP][PASSED] - M4_total_bonus_spins = M4_total_bonus_spins: null

2019-08-15 16:31:20 - [TEST_STEP][PASSED] - println("M4_total_bonus_spins is:" + M4_total_bonus_spins): null

2019-08-15 16:31:20 - [TEST_STEP][PASSED] - M4_spin_bonus_data = bonus_data: null

2019-08-15 16:31:20 - [TEST_STEP][PASSED] - M4_spin_features_triggered = result_M4_spin: null

2019-08-15 16:31:20 - [TEST_STEP][PASSED] - wild = []: null

2019-08-15 16:31:20 - [TEST_STEP][PASSED] - wild[0] = "WILD_Expanding": null

2019-08-15 16:31:20 - [TEST_STEP][PASSED] - wild[1] = "WILD_Normal": null

2019-08-15 16:31:20 - [TEST_STEP][PASSED] - wild[2] = "WILD_Double": null

2019-08-15 16:31:20 - [TEST_STEP][PASSED] - wild[3] = "WILD_ExtraFG": null

2019-08-15 16:31:20 - [TEST_STEP][PASSED] - wild[4] = "WILD_Triple": null

2019-08-15 16:31:20 - [TEST_STEP][PASSED] - wildList = Arrays.asList(wild): null

2019-08-15 16:31:20 - [TEST_STEP][PASSED] - wildList = wildList: null

2019-08-15 16:31:20 - [TEST_STEP][PASSED] - free_spin_reel_counter = []: null

2019-08-15 16:31:20 - [TEST_STEP][PASSED] - free_spin_reel_counter[0] = 0: null

2019-08-15 16:31:20 - [TEST_STEP][PASSED] - free_spin_reel_counter[1] = 0: null

2019-08-15 16:31:20 - [TEST_STEP][PASSED] - free_spin_reel_counter[2] = 0: null

2019-08-15 16:31:20 - [TEST_STEP][PASSED] - M4_spin_reels = reels: null

2019-08-15 16:31:20 - [TEST_STEP][PASSED] - for ([i = 0, i &lt; M4_spin_reels.size(), (i++)]): null

2019-08-15 16:31:20 - [TEST_STEP][PASSED] - symbols = symbols: null

2019-08-15 16:31:20 - [TEST_STEP][PASSED] - for ([j = 0, j &lt; symbols.size(), (j++)]): null

2019-08-15 16:31:20 - [TEST_STEP][PASSED] - symbol = symbol: null

2019-08-15 16:31:20 - [TEST_STEP][PASSED] - println(symbol): null

2019-08-15 16:31:20 - [TEST_STEP][PASSED] - if (i == 2 &amp;&amp; wildList.indexOf(symbol) != -1): null

2019-08-15 16:31:20 - [TEST_STEP][PASSED] - if (i == 3 &amp;&amp; wildList.indexOf(symbol) != -1): null

2019-08-15 16:31:20 - [TEST_STEP][PASSED] - if (i == 4 &amp;&amp; wildList.indexOf(symbol) != -1): null

2019-08-15 16:31:20 - [TEST_STEP][PASSED] - symbol = symbol: null

2019-08-15 16:31:20 - [TEST_STEP][PASSED] - println(symbol): null

2019-08-15 16:31:20 - [TEST_STEP][PASSED] - if (i == 2 &amp;&amp; wildList.indexOf(symbol) != -1): null

2019-08-15 16:31:20 - [TEST_STEP][PASSED] - if (i == 3 &amp;&amp; wildList.indexOf(symbol) != -1): null

2019-08-15 16:31:20 - [TEST_STEP][PASSED] - if (i == 4 &amp;&amp; wildList.indexOf(symbol) != -1): null

2019-08-15 16:31:20 - [TEST_STEP][PASSED] - symbol = symbol: null

2019-08-15 16:31:20 - [TEST_STEP][PASSED] - println(symbol): null

2019-08-15 16:31:20 - [TEST_STEP][PASSED] - if (i == 2 &amp;&amp; wildList.indexOf(symbol) != -1): null

2019-08-15 16:31:20 - [TEST_STEP][PASSED] - if (i == 3 &amp;&amp; wildList.indexOf(symbol) != -1): null

2019-08-15 16:31:20 - [TEST_STEP][PASSED] - if (i == 4 &amp;&amp; wildList.indexOf(symbol) != -1): null

2019-08-15 16:31:20 - [TEST_STEP][PASSED] - symbols = symbols: null

2019-08-15 16:31:20 - [TEST_STEP][PASSED] - for ([j = 0, j &lt; symbols.size(), (j++)]): null

2019-08-15 16:31:20 - [TEST_STEP][PASSED] - symbol = symbol: null

2019-08-15 16:31:20 - [TEST_STEP][PASSED] - println(symbol): null

2019-08-15 16:31:20 - [TEST_STEP][PASSED] - if (i == 2 &amp;&amp; wildList.indexOf(symbol) != -1): null

2019-08-15 16:31:20 - [TEST_STEP][PASSED] - if (i == 3 &amp;&amp; wildList.indexOf(symbol) != -1): null

2019-08-15 16:31:20 - [TEST_STEP][PASSED] - if (i == 4 &amp;&amp; wildList.indexOf(symbol) != -1): null

2019-08-15 16:31:20 - [TEST_STEP][PASSED] - symbol = symbol: null

2019-08-15 16:31:20 - [TEST_STEP][PASSED] - println(symbol): null

2019-08-15 16:31:20 - [TEST_STEP][PASSED] - if (i == 2 &amp;&amp; wildList.indexOf(symbol) != -1): null

2019-08-15 16:31:20 - [TEST_STEP][PASSED] - if (i == 3 &amp;&amp; wildList.indexOf(symbol) != -1): null

2019-08-15 16:31:20 - [TEST_STEP][PASSED] - if (i == 4 &amp;&amp; wildList.indexOf(symbol) != -1): null

2019-08-15 16:31:20 - [TEST_STEP][PASSED] - symbol = symbol: null

2019-08-15 16:31:20 - [TEST_STEP][PASSED] - println(symbol): null

2019-08-15 16:31:20 - [TEST_STEP][PASSED] - if (i == 2 &amp;&amp; wildList.indexOf(symbol) != -1): null

2019-08-15 16:31:20 - [TEST_STEP][PASSED] - if (i == 3 &amp;&amp; wildList.indexOf(symbol) != -1): null

2019-08-15 16:31:20 - [TEST_STEP][PASSED] - if (i == 4 &amp;&amp; wildList.indexOf(symbol) != -1): null

2019-08-15 16:31:20 - [TEST_STEP][PASSED] - symbols = symbols: null

2019-08-15 16:31:20 - [TEST_STEP][PASSED] - for ([j = 0, j &lt; symbols.size(), (j++)]): null

2019-08-15 16:31:20 - [TEST_STEP][PASSED] - symbol = symbol: null

2019-08-15 16:31:20 - [TEST_STEP][PASSED] - println(symbol): null

2019-08-15 16:31:20 - [TEST_STEP][PASSED] - if (i == 2 &amp;&amp; wildList.indexOf(symbol) != -1): null

2019-08-15 16:31:20 - [TEST_STEP][PASSED] - if (i == 3 &amp;&amp; wildList.indexOf(symbol) != -1): null

2019-08-15 16:31:20 - [TEST_STEP][PASSED] - if (i == 4 &amp;&amp; wildList.indexOf(symbol) != -1): null

2019-08-15 16:31:20 - [TEST_STEP][PASSED] - symbol = symbol: null

2019-08-15 16:31:20 - [TEST_STEP][PASSED] - println(symbol): null

2019-08-15 16:31:20 - [TEST_STEP][PASSED] - if (i == 2 &amp;&amp; wildList.indexOf(symbol) != -1): null

2019-08-15 16:31:20 - [TEST_STEP][PASSED] - if (i == 3 &amp;&amp; wildList.indexOf(symbol) != -1): null

2019-08-15 16:31:20 - [TEST_STEP][PASSED] - if (i == 4 &amp;&amp; wildList.indexOf(symbol) != -1): null

2019-08-15 16:31:20 - [TEST_STEP][PASSED] - symbol = symbol: null

2019-08-15 16:31:20 - [TEST_STEP][PASSED] - println(symbol): null

2019-08-15 16:31:20 - [TEST_STEP][PASSED] - if (i == 2 &amp;&amp; wildList.indexOf(symbol) != -1): null

2019-08-15 16:31:20 - [TEST_STEP][PASSED] - if (i == 3 &amp;&amp; wildList.indexOf(symbol) != -1): null

2019-08-15 16:31:20 - [TEST_STEP][PASSED] - if (i == 4 &amp;&amp; wildList.indexOf(symbol) != -1): null

2019-08-15 16:31:20 - [TEST_STEP][PASSED] - symbols = symbols: null

2019-08-15 16:31:20 - [TEST_STEP][PASSED] - for ([j = 0, j &lt; symbols.size(), (j++)]): null

2019-08-15 16:31:20 - [TEST_STEP][PASSED] - symbol = symbol: null

2019-08-15 16:31:20 - [TEST_STEP][PASSED] - println(symbol): null

2019-08-15 16:31:20 - [TEST_STEP][PASSED] - if (i == 2 &amp;&amp; wildList.indexOf(symbol) != -1): null

2019-08-15 16:31:20 - [TEST_STEP][PASSED] - if (i == 3 &amp;&amp; wildList.indexOf(symbol) != -1): null

2019-08-15 16:31:20 - [TEST_STEP][PASSED] - if (i == 4 &amp;&amp; wildList.indexOf(symbol) != -1): null

2019-08-15 16:31:20 - [TEST_STEP][PASSED] - symbol = symbol: null

2019-08-15 16:31:20 - [TEST_STEP][PASSED] - println(symbol): null

2019-08-15 16:31:20 - [TEST_STEP][PASSED] - if (i == 2 &amp;&amp; wildList.indexOf(symbol) != -1): null

2019-08-15 16:31:20 - [TEST_STEP][PASSED] - if (i == 3 &amp;&amp; wildList.indexOf(symbol) != -1): null

2019-08-15 16:31:20 - [TEST_STEP][PASSED] - if (i == 4 &amp;&amp; wildList.indexOf(symbol) != -1): null

2019-08-15 16:31:20 - [TEST_STEP][PASSED] - symbol = symbol: null

2019-08-15 16:31:20 - [TEST_STEP][PASSED] - println(symbol): null

2019-08-15 16:31:20 - [TEST_STEP][PASSED] - if (i == 2 &amp;&amp; wildList.indexOf(symbol) != -1): null

2019-08-15 16:31:20 - [TEST_STEP][PASSED] - if (i == 3 &amp;&amp; wildList.indexOf(symbol) != -1): null

2019-08-15 16:31:20 - [TEST_STEP][PASSED] - println("wild found on reel 4, adding counter by 1"): null

2019-08-15 16:31:20 - [TEST_STEP][PASSED] - free_spin_reel_counter[1] = free_spin_reel_counter[1] + 1: null

2019-08-15 16:31:20 - [TEST_STEP][PASSED] - if (i == 4 &amp;&amp; wildList.indexOf(symbol) != -1): null

2019-08-15 16:31:20 - [TEST_STEP][PASSED] - symbols = symbols: null

2019-08-15 16:31:20 - [TEST_STEP][PASSED] - for ([j = 0, j &lt; symbols.size(), (j++)]): null

2019-08-15 16:31:20 - [TEST_STEP][PASSED] - symbol = symbol: null

2019-08-15 16:31:20 - [TEST_STEP][PASSED] - println(symbol): null

2019-08-15 16:31:20 - [TEST_STEP][PASSED] - if (i == 2 &amp;&amp; wildList.indexOf(symbol) != -1): null

2019-08-15 16:31:20 - [TEST_STEP][PASSED] - if (i == 3 &amp;&amp; wildList.indexOf(symbol) != -1): null

2019-08-15 16:31:20 - [TEST_STEP][PASSED] - if (i == 4 &amp;&amp; wildList.indexOf(symbol) != -1): null

2019-08-15 16:31:20 - [TEST_STEP][PASSED] - symbol = symbol: null

2019-08-15 16:31:20 - [TEST_STEP][PASSED] - println(symbol): null

2019-08-15 16:31:20 - [TEST_STEP][PASSED] - if (i == 2 &amp;&amp; wildList.indexOf(symbol) != -1): null

2019-08-15 16:31:20 - [TEST_STEP][PASSED] - if (i == 3 &amp;&amp; wildList.indexOf(symbol) != -1): null

2019-08-15 16:31:20 - [TEST_STEP][PASSED] - if (i == 4 &amp;&amp; wildList.indexOf(symbol) != -1): null

2019-08-15 16:31:20 - [TEST_STEP][PASSED] - symbol = symbol: null

2019-08-15 16:31:20 - [TEST_STEP][PASSED] - println(symbol): null

2019-08-15 16:31:20 - [TEST_STEP][PASSED] - if (i == 2 &amp;&amp; wildList.indexOf(symbol) != -1): null

2019-08-15 16:31:20 - [TEST_STEP][PASSED] - if (i == 3 &amp;&amp; wildList.indexOf(symbol) != -1): null

2019-08-15 16:31:20 - [TEST_STEP][PASSED] - if (i == 4 &amp;&amp; wildList.indexOf(symbol) != -1): null

2019-08-15 16:31:20 - [TEST_STEP][PASSED] - free_spin_reel_counter = free_spin_reel_counter: null

2019-08-15 16:31:20 - [TEST_STEP][PASSED] - println("reel 3 wild found: " + free_spin_reel_counter[0]): null

2019-08-15 16:31:20 - [TEST_STEP][PASSED] - println("reel 4 wild found: " + free_spin_reel_counter[1]): null

2019-08-15 16:31:20 - [TEST_STEP][PASSED] - println("reel 5 wild found: " + free_spin_reel_counter[2]): null

2019-08-15 16:31:20 - [TEST_STEP][PASSED] - M4_spin_reels = M4_spin_reels: null

2019-08-15 16:31:20 - [TEST_STEP][PASSED] - M4_spin_reels_symbols = symbol: null

2019-08-15 16:31:20 - [TEST_STEP][PASSED] - M4_spin_reels_symbols = M4_spin_reels_symbols: null

2019-08-15 16:31:20 - [TEST_STEP][PASSED] - M4_spin_reel_wins = reel_wins: null

2019-08-15 16:31:20 - [TEST_STEP][PASSED] - M4_spin_reel_wins = M4_spin_reel_wins: null

2019-08-15 16:31:24 - [TEST_STEP][PASSED] - println("GlobalVariable.M4_spin_reel_wins is: " + M4_spin_reel_wins): null

2019-08-15 16:31:24 - [TEST_STEP][PASSED] - M4_spin_total_bonus_win_this_round = total_bonus_win_this_round: null

2019-08-15 16:31:24 - [TEST_STEP][PASSED] - M4_spin_total_bonus_win_this_round = M4_spin_total_bonus_win_this_round: null

2019-08-15 16:31:24 - [TEST_STEP][PASSED] - println("GlobalVariable.M4_spin_total_bonus_win_this_round is: " + M4_spin_total_bonus_win_this_round): null

2019-08-15 16:31:24 - [MESSAGE][PASSED] - Verify response successfully

2019-08-15 16:31:24 - [MESSAGE][PASSED] - Send request and verify the response successfully

2019-08-15 16:31:24 - [TEST_STEP][PASSED] - if (M4_total_bonus_spins_int != 0 &amp;&amp; M4_spin_reels_symbols[2].contains("WILD_Normal") || M4_spin_reels_symbols[3].contains("WILD_Normal") || M4_spin_reels_symbols[4].contains("WILD_Normal")): null

2019-08-15 16:31:24 - [TEST_STEP][PASSED] - free_spin_reel_counter = free_spin_reel_counter: null

2019-08-15 16:31:24 - [TEST_STEP][PASSED] - M4_spin_reels_symbols = M4_spin_reels_symbols: null

2019-08-15 16:31:27 - [TEST_STEP][PASSED] - M4_total_bonus_spins = M4_total_bonus_spins: null

2019-08-15 16:31:27 - [TEST_STEP][PASSED] - spin_result = sendRequestAndVerify(findTestObject("STG/RGS(M4)/1_M4_spin", ["M4_login_user_id":M4_login_user_id, "rgs_session_token":rgs_session_token, "partner":Partner])): Send request and verify the response successfully

2019-08-15 16:31:27 - [TEST_CASE][PASSED] - Start Test Case : Verification: Verification accomplished successfully

2019-08-15 16:31:27 - [TEST_STEP][PASSED] - request = getInstance().getCurrentRequest(): null

2019-08-15 16:31:27 - [TEST_STEP][PASSED] - response = getInstance().getCurrentResponse(): null

2019-08-15 16:31:27 - [TEST_STEP][PASSED] - verifyResponseStatusCode(response, 200): Verify response status code successfully

2019-08-15 16:31:27 - [MESSAGE][PASSED] - Verify response status code successfully

2019-08-15 16:31:27 - [TEST_STEP][PASSED] - getStatusCode()).isEqualTo(200): null

2019-08-15 16:31:27 - [TEST_STEP][PASSED] - newline = System.getProperty("line.separator"): null

2019-08-15 16:31:27 - [TEST_STEP][PASSED] - M4_spin = new groovy.json.JsonSlurper(): null

2019-08-15 16:31:27 - [TEST_STEP][PASSED] - result_M4_spin = M4_spin.parseText(response.getResponseBodyContent()): null

2019-08-15 16:31:27 - [TEST_STEP][PASSED] - M4_spin_current_balance = current_balance: null

2019-08-15 16:31:27 - [TEST_STEP][PASSED] - M4_spin_current_balance = M4_spin_current_balance: null

2019-08-15 16:31:27 - [TEST_STEP][PASSED] - M4_spin_transaction_id = causality: null

2019-08-15 16:31:27 - [TEST_STEP][PASSED] - M4_spin_transaction_id = M4_spin_transaction_id: null

2019-08-15 16:31:27 - [TEST_STEP][PASSED] - M4_spin_round_id = round_id: null

2019-08-15 16:31:27 - [TEST_STEP][PASSED] - M4_spin_round_id = M4_spin_round_id: null

2019-08-15 16:31:27 - [TEST_STEP][PASSED] - M4_spin_line_wins = line_wins: null

2019-08-15 16:31:27 - [TEST_STEP][PASSED] - M4_spin_line_wins = M4_spin_line_wins: null

2019-08-15 16:31:27 - [TEST_STEP][PASSED] - M4_total_bonus_spins_int = total_bonus_spins: null

2019-08-15 16:31:27 - [TEST_STEP][PASSED] - println("******M4_total_bonus_spins type is:*******" + newline + getClass().getName()): null

2019-08-15 16:31:27 - [TEST_STEP][PASSED] - M4_total_bonus_spins_int = M4_total_bonus_spins_int: null

2019-08-15 16:31:27 - [TEST_STEP][PASSED] - M4_total_bonus_spins = Integer.toString(M4_total_bonus_spins_int): null

2019-08-15 16:31:27 - [TEST_STEP][PASSED] - M4_total_bonus_spins = M4_total_bonus_spins: null

2019-08-15 16:31:27 - [TEST_STEP][PASSED] - println("M4_total_bonus_spins is:" + M4_total_bonus_spins): null

2019-08-15 16:31:27 - [TEST_STEP][PASSED] - M4_spin_bonus_data = bonus_data: null

2019-08-15 16:31:27 - [TEST_STEP][PASSED] - M4_spin_features_triggered = result_M4_spin: null

2019-08-15 16:31:27 - [TEST_STEP][PASSED] - wild = []: null

2019-08-15 16:31:27 - [TEST_STEP][PASSED] - wild[0] = "WILD_Expanding": null

2019-08-15 16:31:27 - [TEST_STEP][PASSED] - wild[1] = "WILD_Normal": null

2019-08-15 16:31:27 - [TEST_STEP][PASSED] - wild[2] = "WILD_Double": null

2019-08-15 16:31:27 - [TEST_STEP][PASSED] - wild[3] = "WILD_ExtraFG": null

2019-08-15 16:31:27 - [TEST_STEP][PASSED] - wild[4] = "WILD_Triple": null

2019-08-15 16:31:27 - [TEST_STEP][PASSED] - wildList = Arrays.asList(wild): null

2019-08-15 16:31:27 - [TEST_STEP][PASSED] - wildList = wildList: null

2019-08-15 16:31:27 - [TEST_STEP][PASSED] - free_spin_reel_counter = []: null

2019-08-15 16:31:27 - [TEST_STEP][PASSED] - free_spin_reel_counter[0] = 0: null

2019-08-15 16:31:27 - [TEST_STEP][PASSED] - free_spin_reel_counter[1] = 0: null

2019-08-15 16:31:27 - [TEST_STEP][PASSED] - free_spin_reel_counter[2] = 0: null

2019-08-15 16:31:27 - [TEST_STEP][PASSED] - M4_spin_reels = reels: null

2019-08-15 16:31:27 - [TEST_STEP][PASSED] - for ([i = 0, i &lt; M4_spin_reels.size(), (i++)]): null

2019-08-15 16:31:27 - [TEST_STEP][PASSED] - symbols = symbols: null

2019-08-15 16:31:27 - [TEST_STEP][PASSED] - for ([j = 0, j &lt; symbols.size(), (j++)]): null

2019-08-15 16:31:27 - [TEST_STEP][PASSED] - symbol = symbol: null

2019-08-15 16:31:27 - [TEST_STEP][PASSED] - println(symbol): null

2019-08-15 16:31:27 - [TEST_STEP][PASSED] - if (i == 2 &amp;&amp; wildList.indexOf(symbol) != -1): null

2019-08-15 16:31:27 - [TEST_STEP][PASSED] - if (i == 3 &amp;&amp; wildList.indexOf(symbol) != -1): null

2019-08-15 16:31:27 - [TEST_STEP][PASSED] - if (i == 4 &amp;&amp; wildList.indexOf(symbol) != -1): null

2019-08-15 16:31:27 - [TEST_STEP][PASSED] - symbol = symbol: null

2019-08-15 16:31:27 - [TEST_STEP][PASSED] - println(symbol): null

2019-08-15 16:31:27 - [TEST_STEP][PASSED] - if (i == 2 &amp;&amp; wildList.indexOf(symbol) != -1): null

2019-08-15 16:31:27 - [TEST_STEP][PASSED] - if (i == 3 &amp;&amp; wildList.indexOf(symbol) != -1): null

2019-08-15 16:31:27 - [TEST_STEP][PASSED] - if (i == 4 &amp;&amp; wildList.indexOf(symbol) != -1): null

2019-08-15 16:31:27 - [TEST_STEP][PASSED] - symbol = symbol: null

2019-08-15 16:31:27 - [TEST_STEP][PASSED] - println(symbol): null

2019-08-15 16:31:27 - [TEST_STEP][PASSED] - if (i == 2 &amp;&amp; wildList.indexOf(symbol) != -1): null

2019-08-15 16:31:27 - [TEST_STEP][PASSED] - if (i == 3 &amp;&amp; wildList.indexOf(symbol) != -1): null

2019-08-15 16:31:27 - [TEST_STEP][PASSED] - if (i == 4 &amp;&amp; wildList.indexOf(symbol) != -1): null

2019-08-15 16:31:27 - [TEST_STEP][PASSED] - symbols = symbols: null

2019-08-15 16:31:27 - [TEST_STEP][PASSED] - for ([j = 0, j &lt; symbols.size(), (j++)]): null

2019-08-15 16:31:27 - [TEST_STEP][PASSED] - symbol = symbol: null

2019-08-15 16:31:27 - [TEST_STEP][PASSED] - println(symbol): null

2019-08-15 16:31:27 - [TEST_STEP][PASSED] - if (i == 2 &amp;&amp; wildList.indexOf(symbol) != -1): null

2019-08-15 16:31:27 - [TEST_STEP][PASSED] - if (i == 3 &amp;&amp; wildList.indexOf(symbol) != -1): null

2019-08-15 16:31:27 - [TEST_STEP][PASSED] - if (i == 4 &amp;&amp; wildList.indexOf(symbol) != -1): null

2019-08-15 16:31:27 - [TEST_STEP][PASSED] - symbol = symbol: null

2019-08-15 16:31:27 - [TEST_STEP][PASSED] - println(symbol): null

2019-08-15 16:31:27 - [TEST_STEP][PASSED] - if (i == 2 &amp;&amp; wildList.indexOf(symbol) != -1): null

2019-08-15 16:31:27 - [TEST_STEP][PASSED] - if (i == 3 &amp;&amp; wildList.indexOf(symbol) != -1): null

2019-08-15 16:31:27 - [TEST_STEP][PASSED] - if (i == 4 &amp;&amp; wildList.indexOf(symbol) != -1): null

2019-08-15 16:31:27 - [TEST_STEP][PASSED] - symbol = symbol: null

2019-08-15 16:31:27 - [TEST_STEP][PASSED] - println(symbol): null

2019-08-15 16:31:27 - [TEST_STEP][PASSED] - if (i == 2 &amp;&amp; wildList.indexOf(symbol) != -1): null

2019-08-15 16:31:27 - [TEST_STEP][PASSED] - if (i == 3 &amp;&amp; wildList.indexOf(symbol) != -1): null

2019-08-15 16:31:27 - [TEST_STEP][PASSED] - if (i == 4 &amp;&amp; wildList.indexOf(symbol) != -1): null

2019-08-15 16:31:27 - [TEST_STEP][PASSED] - symbols = symbols: null

2019-08-15 16:31:27 - [TEST_STEP][PASSED] - for ([j = 0, j &lt; symbols.size(), (j++)]): null

2019-08-15 16:31:27 - [TEST_STEP][PASSED] - symbol = symbol: null

2019-08-15 16:31:27 - [TEST_STEP][PASSED] - println(symbol): null

2019-08-15 16:31:27 - [TEST_STEP][PASSED] - if (i == 2 &amp;&amp; wildList.indexOf(symbol) != -1): null

2019-08-15 16:31:27 - [TEST_STEP][PASSED] - if (i == 3 &amp;&amp; wildList.indexOf(symbol) != -1): null

2019-08-15 16:31:27 - [TEST_STEP][PASSED] - if (i == 4 &amp;&amp; wildList.indexOf(symbol) != -1): null

2019-08-15 16:31:27 - [TEST_STEP][PASSED] - symbol = symbol: null

2019-08-15 16:31:27 - [TEST_STEP][PASSED] - println(symbol): null

2019-08-15 16:31:27 - [TEST_STEP][PASSED] - if (i == 2 &amp;&amp; wildList.indexOf(symbol) != -1): null

2019-08-15 16:31:27 - [TEST_STEP][PASSED] - if (i == 3 &amp;&amp; wildList.indexOf(symbol) != -1): null

2019-08-15 16:31:27 - [TEST_STEP][PASSED] - if (i == 4 &amp;&amp; wildList.indexOf(symbol) != -1): null

2019-08-15 16:31:27 - [TEST_STEP][PASSED] - symbol = symbol: null

2019-08-15 16:31:27 - [TEST_STEP][PASSED] - println(symbol): null

2019-08-15 16:31:27 - [TEST_STEP][PASSED] - if (i == 2 &amp;&amp; wildList.indexOf(symbol) != -1): null

2019-08-15 16:31:27 - [TEST_STEP][PASSED] - if (i == 3 &amp;&amp; wildList.indexOf(symbol) != -1): null

2019-08-15 16:31:27 - [TEST_STEP][PASSED] - if (i == 4 &amp;&amp; wildList.indexOf(symbol) != -1): null

2019-08-15 16:31:27 - [TEST_STEP][PASSED] - symbols = symbols: null

2019-08-15 16:31:27 - [TEST_STEP][PASSED] - for ([j = 0, j &lt; symbols.size(), (j++)]): null

2019-08-15 16:31:27 - [TEST_STEP][PASSED] - symbol = symbol: null

2019-08-15 16:31:27 - [TEST_STEP][PASSED] - println(symbol): null

2019-08-15 16:31:27 - [TEST_STEP][PASSED] - if (i == 2 &amp;&amp; wildList.indexOf(symbol) != -1): null

2019-08-15 16:31:27 - [TEST_STEP][PASSED] - if (i == 3 &amp;&amp; wildList.indexOf(symbol) != -1): null

2019-08-15 16:31:27 - [TEST_STEP][PASSED] - if (i == 4 &amp;&amp; wildList.indexOf(symbol) != -1): null

2019-08-15 16:31:27 - [TEST_STEP][PASSED] - symbol = symbol: null

2019-08-15 16:31:27 - [TEST_STEP][PASSED] - println(symbol): null

2019-08-15 16:31:27 - [TEST_STEP][PASSED] - if (i == 2 &amp;&amp; wildList.indexOf(symbol) != -1): null

2019-08-15 16:31:27 - [TEST_STEP][PASSED] - if (i == 3 &amp;&amp; wildList.indexOf(symbol) != -1): null

2019-08-15 16:31:27 - [TEST_STEP][PASSED] - if (i == 4 &amp;&amp; wildList.indexOf(symbol) != -1): null

2019-08-15 16:31:27 - [TEST_STEP][PASSED] - symbol = symbol: null

2019-08-15 16:31:27 - [TEST_STEP][PASSED] - println(symbol): null

2019-08-15 16:31:27 - [TEST_STEP][PASSED] - if (i == 2 &amp;&amp; wildList.indexOf(symbol) != -1): null

2019-08-15 16:31:27 - [TEST_STEP][PASSED] - if (i == 3 &amp;&amp; wildList.indexOf(symbol) != -1): null

2019-08-15 16:31:27 - [TEST_STEP][PASSED] - if (i == 4 &amp;&amp; wildList.indexOf(symbol) != -1): null

2019-08-15 16:31:27 - [TEST_STEP][PASSED] - symbols = symbols: null

2019-08-15 16:31:27 - [TEST_STEP][PASSED] - for ([j = 0, j &lt; symbols.size(), (j++)]): null

2019-08-15 16:31:27 - [TEST_STEP][PASSED] - symbol = symbol: null

2019-08-15 16:31:27 - [TEST_STEP][PASSED] - println(symbol): null

2019-08-15 16:31:27 - [TEST_STEP][PASSED] - if (i == 2 &amp;&amp; wildList.indexOf(symbol) != -1): null

2019-08-15 16:31:27 - [TEST_STEP][PASSED] - if (i == 3 &amp;&amp; wildList.indexOf(symbol) != -1): null

2019-08-15 16:31:27 - [TEST_STEP][PASSED] - if (i == 4 &amp;&amp; wildList.indexOf(symbol) != -1): null

2019-08-15 16:31:27 - [TEST_STEP][PASSED] - symbol = symbol: null

2019-08-15 16:31:27 - [TEST_STEP][PASSED] - println(symbol): null

2019-08-15 16:31:27 - [TEST_STEP][PASSED] - if (i == 2 &amp;&amp; wildList.indexOf(symbol) != -1): null

2019-08-15 16:31:27 - [TEST_STEP][PASSED] - if (i == 3 &amp;&amp; wildList.indexOf(symbol) != -1): null

2019-08-15 16:31:27 - [TEST_STEP][PASSED] - if (i == 4 &amp;&amp; wildList.indexOf(symbol) != -1): null

2019-08-15 16:31:27 - [TEST_STEP][PASSED] - symbol = symbol: null

2019-08-15 16:31:27 - [TEST_STEP][PASSED] - println(symbol): null

2019-08-15 16:31:27 - [TEST_STEP][PASSED] - if (i == 2 &amp;&amp; wildList.indexOf(symbol) != -1): null

2019-08-15 16:31:27 - [TEST_STEP][PASSED] - if (i == 3 &amp;&amp; wildList.indexOf(symbol) != -1): null

2019-08-15 16:31:27 - [TEST_STEP][PASSED] - if (i == 4 &amp;&amp; wildList.indexOf(symbol) != -1): null

2019-08-15 16:31:27 - [TEST_STEP][PASSED] - free_spin_reel_counter = free_spin_reel_counter: null

2019-08-15 16:31:27 - [TEST_STEP][PASSED] - println("reel 3 wild found: " + free_spin_reel_counter[0]): null

2019-08-15 16:31:27 - [TEST_STEP][PASSED] - println("reel 4 wild found: " + free_spin_reel_counter[1]): null

2019-08-15 16:31:27 - [TEST_STEP][PASSED] - println("reel 5 wild found: " + free_spin_reel_counter[2]): null

2019-08-15 16:31:27 - [TEST_STEP][PASSED] - M4_spin_reels = M4_spin_reels: null

2019-08-15 16:31:27 - [TEST_STEP][PASSED] - M4_spin_reels_symbols = symbol: null

2019-08-15 16:31:27 - [TEST_STEP][PASSED] - M4_spin_reels_symbols = M4_spin_reels_symbols: null

2019-08-15 16:31:27 - [TEST_STEP][PASSED] - M4_spin_reel_wins = reel_wins: null

2019-08-15 16:31:27 - [TEST_STEP][PASSED] - M4_spin_reel_wins = M4_spin_reel_wins: null

2019-08-15 16:31:27 - [TEST_STEP][PASSED] - println("GlobalVariable.M4_spin_reel_wins is: " + M4_spin_reel_wins): null

2019-08-15 16:31:27 - [TEST_STEP][PASSED] - M4_spin_total_bonus_win_this_round = total_bonus_win_this_round: null

2019-08-15 16:31:27 - [TEST_STEP][PASSED] - M4_spin_total_bonus_win_this_round = M4_spin_total_bonus_win_this_round: null

2019-08-15 16:31:27 - [TEST_STEP][PASSED] - println("GlobalVariable.M4_spin_total_bonus_win_this_round is: " + M4_spin_total_bonus_win_this_round): null

2019-08-15 16:31:27 - [MESSAGE][PASSED] - Verify response successfully

2019-08-15 16:31:27 - [MESSAGE][PASSED] - Send request and verify the response successfully

2019-08-15 16:31:27 - [TEST_STEP][PASSED] - if (M4_total_bonus_spins_int != 0 &amp;&amp; M4_spin_reels_symbols[2].contains("WILD_Normal") || M4_spin_reels_symbols[3].contains("WILD_Normal") || M4_spin_reels_symbols[4].contains("WILD_Normal")): null

2019-08-15 16:31:27 - [TEST_STEP][PASSED] - free_spin_reel_counter = free_spin_reel_counter: null

2019-08-15 16:31:27 - [TEST_STEP][PASSED] - M4_spin_reels_symbols = M4_spin_reels_symbols: null

2019-08-15 16:31:27 - [TEST_STEP][PASSED] - M4_total_bonus_spins = M4_total_bonus_spins: null

2019-08-15 16:31:27 - [TEST_STEP][PASSED] - spin_result = sendRequestAndVerify(findTestObject("STG/RGS(M4)/1_M4_spin", ["M4_login_user_id":M4_login_user_id, "rgs_session_token":rgs_session_token, "partner":Partner])): Send request and verify the response successfully

2019-08-15 16:31:27 - [TEST_CASE][PASSED] - Start Test Case : Verification: Verification accomplished successfully

2019-08-15 16:31:27 - [TEST_STEP][PASSED] - request = getInstance().getCurrentRequest(): null

2019-08-15 16:31:27 - [TEST_STEP][PASSED] - response = getInstance().getCurrentResponse(): null

2019-08-15 16:31:27 - [TEST_STEP][PASSED] - verifyResponseStatusCode(response, 200): Verify response status code successfully

2019-08-15 16:31:27 - [MESSAGE][PASSED] - Verify response status code successfully

2019-08-15 16:31:27 - [TEST_STEP][PASSED] - getStatusCode()).isEqualTo(200): null

2019-08-15 16:31:27 - [TEST_STEP][PASSED] - newline = System.getProperty("line.separator"): null

2019-08-15 16:31:27 - [TEST_STEP][PASSED] - M4_spin = new groovy.json.JsonSlurper(): null

2019-08-15 16:31:27 - [TEST_STEP][PASSED] - result_M4_spin = M4_spin.parseText(response.getResponseBodyContent()): null

2019-08-15 16:31:27 - [TEST_STEP][PASSED] - M4_spin_current_balance = current_balance: null

2019-08-15 16:31:27 - [TEST_STEP][PASSED] - M4_spin_current_balance = M4_spin_current_balance: null

2019-08-15 16:31:27 - [TEST_STEP][PASSED] - M4_spin_transaction_id = causality: null

2019-08-15 16:31:27 - [TEST_STEP][PASSED] - M4_spin_transaction_id = M4_spin_transaction_id: null

2019-08-15 16:31:27 - [TEST_STEP][PASSED] - M4_spin_round_id = round_id: null

2019-08-15 16:31:27 - [TEST_STEP][PASSED] - M4_spin_round_id = M4_spin_round_id: null

2019-08-15 16:31:27 - [TEST_STEP][PASSED] - M4_spin_line_wins = line_wins: null

2019-08-15 16:31:27 - [TEST_STEP][PASSED] - M4_spin_line_wins = M4_spin_line_wins: null

2019-08-15 16:31:27 - [TEST_STEP][PASSED] - M4_total_bonus_spins_int = total_bonus_spins: null

2019-08-15 16:31:27 - [TEST_STEP][PASSED] - println("******M4_total_bonus_spins type is:*******" + newline + getClass().getName()): null

2019-08-15 16:31:27 - [TEST_STEP][PASSED] - M4_total_bonus_spins_int = M4_total_bonus_spins_int: null

2019-08-15 16:31:27 - [TEST_STEP][PASSED] - M4_total_bonus_spins = Integer.toString(M4_total_bonus_spins_int): null

2019-08-15 16:31:27 - [TEST_STEP][PASSED] - M4_total_bonus_spins = M4_total_bonus_spins: null

2019-08-15 16:31:27 - [TEST_STEP][PASSED] - println("M4_total_bonus_spins is:" + M4_total_bonus_spins): null

2019-08-15 16:31:27 - [TEST_STEP][PASSED] - M4_spin_bonus_data = bonus_data: null

2019-08-15 16:31:27 - [TEST_STEP][PASSED] - M4_spin_features_triggered = result_M4_spin: null

2019-08-15 16:31:27 - [TEST_STEP][PASSED] - wild = []: null

2019-08-15 16:31:27 - [TEST_STEP][PASSED] - wild[0] = "WILD_Expanding": null

2019-08-15 16:31:27 - [TEST_STEP][PASSED] - wild[1] = "WILD_Normal": null

2019-08-15 16:31:27 - [TEST_STEP][PASSED] - wild[2] = "WILD_Double": null

2019-08-15 16:31:27 - [TEST_STEP][PASSED] - wild[3] = "WILD_ExtraFG": null

2019-08-15 16:31:27 - [TEST_STEP][PASSED] - wild[4] = "WILD_Triple": null

2019-08-15 16:31:27 - [TEST_STEP][PASSED] - wildList = Arrays.asList(wild): null

2019-08-15 16:31:27 - [TEST_STEP][PASSED] - wildList = wildList: null

2019-08-15 16:31:27 - [TEST_STEP][PASSED] - free_spin_reel_counter = []: null

2019-08-15 16:31:27 - [TEST_STEP][PASSED] - free_spin_reel_counter[0] = 0: null

2019-08-15 16:31:27 - [TEST_STEP][PASSED] - free_spin_reel_counter[1] = 0: null

2019-08-15 16:31:27 - [TEST_STEP][PASSED] - free_spin_reel_counter[2] = 0: null

2019-08-15 16:31:27 - [TEST_STEP][PASSED] - M4_spin_reels = reels: null

2019-08-15 16:31:27 - [TEST_STEP][PASSED] - for ([i = 0, i &lt; M4_spin_reels.size(), (i++)]): null

2019-08-15 16:31:27 - [TEST_STEP][PASSED] - symbols = symbols: null

2019-08-15 16:31:27 - [TEST_STEP][PASSED] - for ([j = 0, j &lt; symbols.size(), (j++)]): null

2019-08-15 16:31:27 - [TEST_STEP][PASSED] - symbol = symbol: null

2019-08-15 16:31:27 - [TEST_STEP][PASSED] - println(symbol): null

2019-08-15 16:31:27 - [TEST_STEP][PASSED] - if (i == 2 &amp;&amp; wildList.indexOf(symbol) != -1): null

2019-08-15 16:31:27 - [TEST_STEP][PASSED] - if (i == 3 &amp;&amp; wildList.indexOf(symbol) != -1): null

2019-08-15 16:31:27 - [TEST_STEP][PASSED] - if (i == 4 &amp;&amp; wildList.indexOf(symbol) != -1): null

2019-08-15 16:31:27 - [TEST_STEP][PASSED] - symbol = symbol: null

2019-08-15 16:31:27 - [TEST_STEP][PASSED] - println(symbol): null

2019-08-15 16:31:27 - [TEST_STEP][PASSED] - if (i == 2 &amp;&amp; wildList.indexOf(symbol) != -1): null

2019-08-15 16:31:27 - [TEST_STEP][PASSED] - if (i == 3 &amp;&amp; wildList.indexOf(symbol) != -1): null

2019-08-15 16:31:27 - [TEST_STEP][PASSED] - if (i == 4 &amp;&amp; wildList.indexOf(symbol) != -1): null

2019-08-15 16:31:27 - [TEST_STEP][PASSED] - symbol = symbol: null

2019-08-15 16:31:27 - [TEST_STEP][PASSED] - println(symbol): null

2019-08-15 16:31:27 - [TEST_STEP][PASSED] - if (i == 2 &amp;&amp; wildList.indexOf(symbol) != -1): null

2019-08-15 16:31:27 - [TEST_STEP][PASSED] - if (i == 3 &amp;&amp; wildList.indexOf(symbol) != -1): null

2019-08-15 16:31:27 - [TEST_STEP][PASSED] - if (i == 4 &amp;&amp; wildList.indexOf(symbol) != -1): null

2019-08-15 16:31:27 - [TEST_STEP][PASSED] - symbols = symbols: null

2019-08-15 16:31:27 - [TEST_STEP][PASSED] - for ([j = 0, j &lt; symbols.size(), (j++)]): null

2019-08-15 16:31:27 - [TEST_STEP][PASSED] - symbol = symbol: null

2019-08-15 16:31:27 - [TEST_STEP][PASSED] - println(symbol): null

2019-08-15 16:31:27 - [TEST_STEP][PASSED] - if (i == 2 &amp;&amp; wildList.indexOf(symbol) != -1): null

2019-08-15 16:31:27 - [TEST_STEP][PASSED] - if (i == 3 &amp;&amp; wildList.indexOf(symbol) != -1): null

2019-08-15 16:31:27 - [TEST_STEP][PASSED] - if (i == 4 &amp;&amp; wildList.indexOf(symbol) != -1): null

2019-08-15 16:31:27 - [TEST_STEP][PASSED] - symbol = symbol: null

2019-08-15 16:31:27 - [TEST_STEP][PASSED] - println(symbol): null

2019-08-15 16:31:27 - [TEST_STEP][PASSED] - if (i == 2 &amp;&amp; wildList.indexOf(symbol) != -1): null

2019-08-15 16:31:27 - [TEST_STEP][PASSED] - if (i == 3 &amp;&amp; wildList.indexOf(symbol) != -1): null

2019-08-15 16:31:27 - [TEST_STEP][PASSED] - if (i == 4 &amp;&amp; wildList.indexOf(symbol) != -1): null

2019-08-15 16:31:27 - [TEST_STEP][PASSED] - symbol = symbol: null

2019-08-15 16:31:27 - [TEST_STEP][PASSED] - println(symbol): null

2019-08-15 16:31:27 - [TEST_STEP][PASSED] - if (i == 2 &amp;&amp; wildList.indexOf(symbol) != -1): null

2019-08-15 16:31:27 - [TEST_STEP][PASSED] - if (i == 3 &amp;&amp; wildList.indexOf(symbol) != -1): null

2019-08-15 16:31:27 - [TEST_STEP][PASSED] - if (i == 4 &amp;&amp; wildList.indexOf(symbol) != -1): null

2019-08-15 16:31:27 - [TEST_STEP][PASSED] - symbols = symbols: null

2019-08-15 16:31:27 - [TEST_STEP][PASSED] - for ([j = 0, j &lt; symbols.size(), (j++)]): null

2019-08-15 16:31:27 - [TEST_STEP][PASSED] - symbol = symbol: null

2019-08-15 16:31:27 - [TEST_STEP][PASSED] - println(symbol): null

2019-08-15 16:31:27 - [TEST_STEP][PASSED] - if (i == 2 &amp;&amp; wildList.indexOf(symbol) != -1): null

2019-08-15 16:31:27 - [TEST_STEP][PASSED] - if (i == 3 &amp;&amp; wildList.indexOf(symbol) != -1): null

2019-08-15 16:31:27 - [TEST_STEP][PASSED] - if (i == 4 &amp;&amp; wildList.indexOf(symbol) != -1): null

2019-08-15 16:31:27 - [TEST_STEP][PASSED] - symbol = symbol: null

2019-08-15 16:31:27 - [TEST_STEP][PASSED] - println(symbol): null

2019-08-15 16:31:27 - [TEST_STEP][PASSED] - if (i == 2 &amp;&amp; wildList.indexOf(symbol) != -1): null

2019-08-15 16:31:27 - [TEST_STEP][PASSED] - if (i == 3 &amp;&amp; wildList.indexOf(symbol) != -1): null

2019-08-15 16:31:27 - [TEST_STEP][PASSED] - if (i == 4 &amp;&amp; wildList.indexOf(symbol) != -1): null

2019-08-15 16:31:27 - [TEST_STEP][PASSED] - symbol = symbol: null

2019-08-15 16:31:27 - [TEST_STEP][PASSED] - println(symbol): null

2019-08-15 16:31:27 - [TEST_STEP][PASSED] - if (i == 2 &amp;&amp; wildList.indexOf(symbol) != -1): null

2019-08-15 16:31:27 - [TEST_STEP][PASSED] - if (i == 3 &amp;&amp; wildList.indexOf(symbol) != -1): null

2019-08-15 16:31:27 - [TEST_STEP][PASSED] - if (i == 4 &amp;&amp; wildList.indexOf(symbol) != -1): null

2019-08-15 16:31:27 - [TEST_STEP][PASSED] - symbols = symbols: null

2019-08-15 16:31:27 - [TEST_STEP][PASSED] - for ([j = 0, j &lt; symbols.size(), (j++)]): null

2019-08-15 16:31:27 - [TEST_STEP][PASSED] - symbol = symbol: null

2019-08-15 16:31:27 - [TEST_STEP][PASSED] - println(symbol): null

2019-08-15 16:31:27 - [TEST_STEP][PASSED] - if (i == 2 &amp;&amp; wildList.indexOf(symbol) != -1): null

2019-08-15 16:31:27 - [TEST_STEP][PASSED] - if (i == 3 &amp;&amp; wildList.indexOf(symbol) != -1): null

2019-08-15 16:31:27 - [TEST_STEP][PASSED] - if (i == 4 &amp;&amp; wildList.indexOf(symbol) != -1): null

2019-08-15 16:31:27 - [TEST_STEP][PASSED] - symbol = symbol: null

2019-08-15 16:31:27 - [TEST_STEP][PASSED] - println(symbol): null

2019-08-15 16:31:27 - [TEST_STEP][PASSED] - if (i == 2 &amp;&amp; wildList.indexOf(symbol) != -1): null

2019-08-15 16:31:27 - [TEST_STEP][PASSED] - if (i == 3 &amp;&amp; wildList.indexOf(symbol) != -1): null

2019-08-15 16:31:27 - [TEST_STEP][PASSED] - if (i == 4 &amp;&amp; wildList.indexOf(symbol) != -1): null

2019-08-15 16:31:27 - [TEST_STEP][PASSED] - symbol = symbol: null

2019-08-15 16:31:27 - [TEST_STEP][PASSED] - println(symbol): null

2019-08-15 16:31:27 - [TEST_STEP][PASSED] - if (i == 2 &amp;&amp; wildList.indexOf(symbol) != -1): null

2019-08-15 16:31:27 - [TEST_STEP][PASSED] - if (i == 3 &amp;&amp; wildList.indexOf(symbol) != -1): null

2019-08-15 16:31:27 - [TEST_STEP][PASSED] - if (i == 4 &amp;&amp; wildList.indexOf(symbol) != -1): null

2019-08-15 16:31:27 - [TEST_STEP][PASSED] - symbols = symbols: null

2019-08-15 16:31:27 - [TEST_STEP][PASSED] - for ([j = 0, j &lt; symbols.size(), (j++)]): null

2019-08-15 16:31:27 - [TEST_STEP][PASSED] - symbol = symbol: null

2019-08-15 16:31:27 - [TEST_STEP][PASSED] - println(symbol): null

2019-08-15 16:31:27 - [TEST_STEP][PASSED] - if (i == 2 &amp;&amp; wildList.indexOf(symbol) != -1): null

2019-08-15 16:31:27 - [TEST_STEP][PASSED] - if (i == 3 &amp;&amp; wildList.indexOf(symbol) != -1): null

2019-08-15 16:31:27 - [TEST_STEP][PASSED] - if (i == 4 &amp;&amp; wildList.indexOf(symbol) != -1): null

2019-08-15 16:31:27 - [TEST_STEP][PASSED] - symbol = symbol: null

2019-08-15 16:31:27 - [TEST_STEP][PASSED] - println(symbol): null

2019-08-15 16:31:27 - [TEST_STEP][PASSED] - if (i == 2 &amp;&amp; wildList.indexOf(symbol) != -1): null

2019-08-15 16:31:27 - [TEST_STEP][PASSED] - if (i == 3 &amp;&amp; wildList.indexOf(symbol) != -1): null

2019-08-15 16:31:27 - [TEST_STEP][PASSED] - if (i == 4 &amp;&amp; wildList.indexOf(symbol) != -1): null

2019-08-15 16:31:27 - [TEST_STEP][PASSED] - symbol = symbol: null

2019-08-15 16:31:27 - [TEST_STEP][PASSED] - println(symbol): null

2019-08-15 16:31:27 - [TEST_STEP][PASSED] - if (i == 2 &amp;&amp; wildList.indexOf(symbol) != -1): null

2019-08-15 16:31:27 - [TEST_STEP][PASSED] - if (i == 3 &amp;&amp; wildList.indexOf(symbol) != -1): null

2019-08-15 16:31:27 - [TEST_STEP][PASSED] - if (i == 4 &amp;&amp; wildList.indexOf(symbol) != -1): null

2019-08-15 16:31:27 - [TEST_STEP][PASSED] - free_spin_reel_counter = free_spin_reel_counter: null

2019-08-15 16:31:27 - [TEST_STEP][PASSED] - println("reel 3 wild found: " + free_spin_reel_counter[0]): null

2019-08-15 16:31:27 - [TEST_STEP][PASSED] - println("reel 4 wild found: " + free_spin_reel_counter[1]): null

2019-08-15 16:31:27 - [TEST_STEP][PASSED] - println("reel 5 wild found: " + free_spin_reel_counter[2]): null

2019-08-15 16:31:27 - [TEST_STEP][PASSED] - M4_spin_reels = M4_spin_reels: null

2019-08-15 16:31:27 - [TEST_STEP][PASSED] - M4_spin_reels_symbols = symbol: null

2019-08-15 16:31:27 - [TEST_STEP][PASSED] - M4_spin_reels_symbols = M4_spin_reels_symbols: null

2019-08-15 16:31:27 - [TEST_STEP][PASSED] - M4_spin_reel_wins = reel_wins: null

2019-08-15 16:31:27 - [TEST_STEP][PASSED] - M4_spin_reel_wins = M4_spin_reel_wins: null

2019-08-15 16:31:27 - [TEST_STEP][PASSED] - println("GlobalVariable.M4_spin_reel_wins is: " + M4_spin_reel_wins): null

2019-08-15 16:31:27 - [TEST_STEP][PASSED] - M4_spin_total_bonus_win_this_round = total_bonus_win_this_round: null

2019-08-15 16:31:27 - [TEST_STEP][PASSED] - M4_spin_total_bonus_win_this_round = M4_spin_total_bonus_win_this_round: null

2019-08-15 16:31:27 - [TEST_STEP][PASSED] - println("GlobalVariable.M4_spin_total_bonus_win_this_round is: " + M4_spin_total_bonus_win_this_round): null

2019-08-15 16:31:27 - [MESSAGE][PASSED] - Verify response successfully

2019-08-15 16:31:27 - [MESSAGE][PASSED] - Send request and verify the response successfully

2019-08-15 16:31:27 - [TEST_STEP][PASSED] - if (M4_total_bonus_spins_int != 0 &amp;&amp; M4_spin_reels_symbols[2].contains("WILD_Normal") || M4_spin_reels_symbols[3].contains("WILD_Normal") || M4_spin_reels_symbols[4].contains("WILD_Normal")): null

2019-08-15 16:31:27 - [TEST_STEP][PASSED] - free_spin_reel_counter = free_spin_reel_counter: null

2019-08-15 16:31:27 - [TEST_STEP][PASSED] - M4_spin_reels_symbols = M4_spin_reels_symbols: null

2019-08-15 16:31:27 - [TEST_STEP][PASSED] - M4_total_bonus_spins = M4_total_bonus_spins: null

2019-08-15 16:31:27 - [TEST_STEP][PASSED] - spin_result = sendRequestAndVerify(findTestObject("STG/RGS(M4)/1_M4_spin", ["M4_login_user_id":M4_login_user_id, "rgs_session_token":rgs_session_token, "partner":Partner])): Send request and verify the response successfully

2019-08-15 16:31:28 - [TEST_CASE][PASSED] - Start Test Case : Verification: Verification accomplished successfully

2019-08-15 16:31:28 - [TEST_STEP][PASSED] - request = getInstance().getCurrentRequest(): null

2019-08-15 16:31:28 - [TEST_STEP][PASSED] - response = getInstance().getCurrentResponse(): null

2019-08-15 16:31:28 - [TEST_STEP][PASSED] - verifyResponseStatusCode(response, 200): Verify response status code successfully

2019-08-15 16:31:28 - [MESSAGE][PASSED] - Verify response status code successfully

2019-08-15 16:31:28 - [TEST_STEP][PASSED] - getStatusCode()).isEqualTo(200): null

2019-08-15 16:31:28 - [TEST_STEP][PASSED] - newline = System.getProperty("line.separator"): null

2019-08-15 16:31:28 - [TEST_STEP][PASSED] - M4_spin = new groovy.json.JsonSlurper(): null

2019-08-15 16:31:28 - [TEST_STEP][PASSED] - result_M4_spin = M4_spin.parseText(response.getResponseBodyContent()): null

2019-08-15 16:31:28 - [TEST_STEP][PASSED] - M4_spin_current_balance = current_balance: null

2019-08-15 16:31:28 - [TEST_STEP][PASSED] - M4_spin_current_balance = M4_spin_current_balance: null

2019-08-15 16:31:28 - [TEST_STEP][PASSED] - M4_spin_transaction_id = causality: null

2019-08-15 16:31:28 - [TEST_STEP][PASSED] - M4_spin_transaction_id = M4_spin_transaction_id: null

2019-08-15 16:31:28 - [TEST_STEP][PASSED] - M4_spin_round_id = round_id: null

2019-08-15 16:31:28 - [TEST_STEP][PASSED] - M4_spin_round_id = M4_spin_round_id: null

2019-08-15 16:31:28 - [TEST_STEP][PASSED] - M4_spin_line_wins = line_wins: null

2019-08-15 16:31:28 - [TEST_STEP][PASSED] - M4_spin_line_wins = M4_spin_line_wins: null

2019-08-15 16:31:28 - [TEST_STEP][PASSED] - M4_total_bonus_spins_int = total_bonus_spins: null

2019-08-15 16:31:28 - [TEST_STEP][PASSED] - println("******M4_total_bonus_spins type is:*******" + newline + getClass().getName()): null

2019-08-15 16:31:28 - [TEST_STEP][PASSED] - M4_total_bonus_spins_int = M4_total_bonus_spins_int: null

2019-08-15 16:31:28 - [TEST_STEP][PASSED] - M4_total_bonus_spins = Integer.toString(M4_total_bonus_spins_int): null

2019-08-15 16:31:28 - [TEST_STEP][PASSED] - M4_total_bonus_spins = M4_total_bonus_spins: null

2019-08-15 16:31:28 - [TEST_STEP][PASSED] - println("M4_total_bonus_spins is:" + M4_total_bonus_spins): null

2019-08-15 16:31:28 - [TEST_STEP][PASSED] - M4_spin_bonus_data = bonus_data: null

2019-08-15 16:31:28 - [TEST_STEP][PASSED] - M4_spin_features_triggered = result_M4_spin: null

2019-08-15 16:31:28 - [TEST_STEP][PASSED] - wild = []: null

2019-08-15 16:31:28 - [TEST_STEP][PASSED] - wild[0] = "WILD_Expanding": null

2019-08-15 16:31:28 - [TEST_STEP][PASSED] - wild[1] = "WILD_Normal": null

2019-08-15 16:31:28 - [TEST_STEP][PASSED] - wild[2] = "WILD_Double": null

2019-08-15 16:31:28 - [TEST_STEP][PASSED] - wild[3] = "WILD_ExtraFG": null

2019-08-15 16:31:28 - [TEST_STEP][PASSED] - wild[4] = "WILD_Triple": null

2019-08-15 16:31:28 - [TEST_STEP][PASSED] - wildList = Arrays.asList(wild): null

2019-08-15 16:31:28 - [TEST_STEP][PASSED] - wildList = wildList: null

2019-08-15 16:31:28 - [TEST_STEP][PASSED] - free_spin_reel_counter = []: null

2019-08-15 16:31:32 - [TEST_STEP][PASSED] - free_spin_reel_counter[0] = 0: null

2019-08-15 16:31:32 - [TEST_STEP][PASSED] - free_spin_reel_counter[1] = 0: null

2019-08-15 16:31:32 - [TEST_STEP][PASSED] - free_spin_reel_counter[2] = 0: null

2019-08-15 16:31:32 - [TEST_STEP][PASSED] - M4_spin_reels = reels: null

2019-08-15 16:31:32 - [TEST_STEP][PASSED] - for ([i = 0, i &lt; M4_spin_reels.size(), (i++)]): null

2019-08-15 16:31:32 - [TEST_STEP][PASSED] - symbols = symbols: null

2019-08-15 16:31:32 - [TEST_STEP][PASSED] - for ([j = 0, j &lt; symbols.size(), (j++)]): null

2019-08-15 16:31:32 - [TEST_STEP][PASSED] - symbol = symbol: null

2019-08-15 16:31:32 - [TEST_STEP][PASSED] - println(symbol): null

2019-08-15 16:31:32 - [TEST_STEP][PASSED] - if (i == 2 &amp;&amp; wildList.indexOf(symbol) != -1): null

2019-08-15 16:31:32 - [TEST_STEP][PASSED] - if (i == 3 &amp;&amp; wildList.indexOf(symbol) != -1): null

2019-08-15 16:31:35 - [TEST_STEP][PASSED] - if (i == 4 &amp;&amp; wildList.indexOf(symbol) != -1): null

2019-08-15 16:31:35 - [TEST_STEP][PASSED] - symbol = symbol: null

2019-08-15 16:31:35 - [TEST_STEP][PASSED] - println(symbol): null

2019-08-15 16:31:35 - [TEST_STEP][PASSED] - if (i == 2 &amp;&amp; wildList.indexOf(symbol) != -1): null

2019-08-15 16:31:35 - [TEST_STEP][PASSED] - if (i == 3 &amp;&amp; wildList.indexOf(symbol) != -1): null

2019-08-15 16:31:35 - [TEST_STEP][PASSED] - if (i == 4 &amp;&amp; wildList.indexOf(symbol) != -1): null

2019-08-15 16:31:35 - [TEST_STEP][PASSED] - symbol = symbol: null

2019-08-15 16:31:35 - [TEST_STEP][PASSED] - println(symbol): null

2019-08-15 16:31:35 - [TEST_STEP][PASSED] - if (i == 2 &amp;&amp; wildList.indexOf(symbol) != -1): null

2019-08-15 16:31:35 - [TEST_STEP][PASSED] - if (i == 3 &amp;&amp; wildList.indexOf(symbol) != -1): null

2019-08-15 16:31:35 - [TEST_STEP][PASSED] - if (i == 4 &amp;&amp; wildList.indexOf(symbol) != -1): null

2019-08-15 16:31:35 - [TEST_STEP][PASSED] - symbols = symbols: null

2019-08-15 16:31:35 - [TEST_STEP][PASSED] - for ([j = 0, j &lt; symbols.size(), (j++)]): null

2019-08-15 16:31:35 - [TEST_STEP][PASSED] - symbol = symbol: null

2019-08-15 16:31:35 - [TEST_STEP][PASSED] - println(symbol): null

2019-08-15 16:31:35 - [TEST_STEP][PASSED] - if (i == 2 &amp;&amp; wildList.indexOf(symbol) != -1): null

2019-08-15 16:31:35 - [TEST_STEP][PASSED] - if (i == 3 &amp;&amp; wildList.indexOf(symbol) != -1): null

2019-08-15 16:31:35 - [TEST_STEP][PASSED] - if (i == 4 &amp;&amp; wildList.indexOf(symbol) != -1): null

2019-08-15 16:31:35 - [TEST_STEP][PASSED] - symbol = symbol: null

2019-08-15 16:31:35 - [TEST_STEP][PASSED] - println(symbol): null

2019-08-15 16:31:35 - [TEST_STEP][PASSED] - if (i == 2 &amp;&amp; wildList.indexOf(symbol) != -1): null

2019-08-15 16:31:35 - [TEST_STEP][PASSED] - if (i == 3 &amp;&amp; wildList.indexOf(symbol) != -1): null

2019-08-15 16:31:35 - [TEST_STEP][PASSED] - if (i == 4 &amp;&amp; wildList.indexOf(symbol) != -1): null

2019-08-15 16:31:35 - [TEST_STEP][PASSED] - symbol = symbol: null

2019-08-15 16:31:35 - [TEST_STEP][PASSED] - println(symbol): null

2019-08-15 16:31:35 - [TEST_STEP][PASSED] - if (i == 2 &amp;&amp; wildList.indexOf(symbol) != -1): null

2019-08-15 16:31:35 - [TEST_STEP][PASSED] - if (i == 3 &amp;&amp; wildList.indexOf(symbol) != -1): null

2019-08-15 16:31:35 - [TEST_STEP][PASSED] - if (i == 4 &amp;&amp; wildList.indexOf(symbol) != -1): null

2019-08-15 16:31:35 - [TEST_STEP][PASSED] - symbols = symbols: null

2019-08-15 16:31:35 - [TEST_STEP][PASSED] - for ([j = 0, j &lt; symbols.size(), (j++)]): null

2019-08-15 16:31:35 - [TEST_STEP][PASSED] - symbol = symbol: null

2019-08-15 16:31:35 - [TEST_STEP][PASSED] - println(symbol): null

2019-08-15 16:31:35 - [TEST_STEP][PASSED] - if (i == 2 &amp;&amp; wildList.indexOf(symbol) != -1): null

2019-08-15 16:31:35 - [TEST_STEP][PASSED] - if (i == 3 &amp;&amp; wildList.indexOf(symbol) != -1): null

2019-08-15 16:31:35 - [TEST_STEP][PASSED] - if (i == 4 &amp;&amp; wildList.indexOf(symbol) != -1): null

2019-08-15 16:31:35 - [TEST_STEP][PASSED] - symbol = symbol: null

2019-08-15 16:31:35 - [TEST_STEP][PASSED] - println(symbol): null

2019-08-15 16:31:35 - [TEST_STEP][PASSED] - if (i == 2 &amp;&amp; wildList.indexOf(symbol) != -1): null

2019-08-15 16:31:35 - [TEST_STEP][PASSED] - if (i == 3 &amp;&amp; wildList.indexOf(symbol) != -1): null

2019-08-15 16:31:35 - [TEST_STEP][PASSED] - if (i == 4 &amp;&amp; wildList.indexOf(symbol) != -1): null

2019-08-15 16:31:35 - [TEST_STEP][PASSED] - symbol = symbol: null

2019-08-15 16:31:35 - [TEST_STEP][PASSED] - println(symbol): null

2019-08-15 16:31:35 - [TEST_STEP][PASSED] - if (i == 2 &amp;&amp; wildList.indexOf(symbol) != -1): null

2019-08-15 16:31:35 - [TEST_STEP][PASSED] - println("wild found on reel 3, adding counter by 1"): null

2019-08-15 16:31:35 - [TEST_STEP][PASSED] - free_spin_reel_counter[0] = free_spin_reel_counter[0] + 1: null

2019-08-15 16:31:35 - [TEST_STEP][PASSED] - if (i == 3 &amp;&amp; wildList.indexOf(symbol) != -1): null

2019-08-15 16:31:35 - [TEST_STEP][PASSED] - if (i == 4 &amp;&amp; wildList.indexOf(symbol) != -1): null

2019-08-15 16:31:35 - [TEST_STEP][PASSED] - symbols = symbols: null

2019-08-15 16:31:35 - [TEST_STEP][PASSED] - for ([j = 0, j &lt; symbols.size(), (j++)]): null

2019-08-15 16:31:35 - [TEST_STEP][PASSED] - symbol = symbol: null

2019-08-15 16:31:35 - [TEST_STEP][PASSED] - println(symbol): null

2019-08-15 16:31:35 - [TEST_STEP][PASSED] - if (i == 2 &amp;&amp; wildList.indexOf(symbol) != -1): null

2019-08-15 16:31:35 - [TEST_STEP][PASSED] - if (i == 3 &amp;&amp; wildList.indexOf(symbol) != -1): null

2019-08-15 16:31:35 - [TEST_STEP][PASSED] - if (i == 4 &amp;&amp; wildList.indexOf(symbol) != -1): null

2019-08-15 16:31:35 - [TEST_STEP][PASSED] - symbol = symbol: null

2019-08-15 16:31:35 - [TEST_STEP][PASSED] - println(symbol): null

2019-08-15 16:31:35 - [TEST_STEP][PASSED] - if (i == 2 &amp;&amp; wildList.indexOf(symbol) != -1): null

2019-08-15 16:31:35 - [TEST_STEP][PASSED] - if (i == 3 &amp;&amp; wildList.indexOf(symbol) != -1): null

2019-08-15 16:31:35 - [TEST_STEP][PASSED] - println("wild found on reel 4, adding counter by 1"): null

2019-08-15 16:31:35 - [TEST_STEP][PASSED] - free_spin_reel_counter[1] = free_spin_reel_counter[1] + 1: null

2019-08-15 16:31:35 - [TEST_STEP][PASSED] - if (i == 4 &amp;&amp; wildList.indexOf(symbol) != -1): null

2019-08-15 16:31:35 - [TEST_STEP][PASSED] - symbol = symbol: null

2019-08-15 16:31:35 - [TEST_STEP][PASSED] - println(symbol): null

2019-08-15 16:31:35 - [TEST_STEP][PASSED] - if (i == 2 &amp;&amp; wildList.indexOf(symbol) != -1): null

2019-08-15 16:31:35 - [TEST_STEP][PASSED] - if (i == 3 &amp;&amp; wildList.indexOf(symbol) != -1): null

2019-08-15 16:31:35 - [TEST_STEP][PASSED] - if (i == 4 &amp;&amp; wildList.indexOf(symbol) != -1): null

2019-08-15 16:31:35 - [TEST_STEP][PASSED] - symbols = symbols: null

2019-08-15 16:31:35 - [TEST_STEP][PASSED] - for ([j = 0, j &lt; symbols.size(), (j++)]): null

2019-08-15 16:31:35 - [TEST_STEP][PASSED] - symbol = symbol: null

2019-08-15 16:31:35 - [TEST_STEP][PASSED] - println(symbol): null

2019-08-15 16:31:35 - [TEST_STEP][PASSED] - if (i == 2 &amp;&amp; wildList.indexOf(symbol) != -1): null

2019-08-15 16:31:35 - [TEST_STEP][PASSED] - if (i == 3 &amp;&amp; wildList.indexOf(symbol) != -1): null

2019-08-15 16:31:35 - [TEST_STEP][PASSED] - if (i == 4 &amp;&amp; wildList.indexOf(symbol) != -1): null

2019-08-15 16:31:35 - [TEST_STEP][PASSED] - symbol = symbol: null

2019-08-15 16:31:35 - [TEST_STEP][PASSED] - println(symbol): null

2019-08-15 16:31:35 - [TEST_STEP][PASSED] - if (i == 2 &amp;&amp; wildList.indexOf(symbol) != -1): null

2019-08-15 16:31:35 - [TEST_STEP][PASSED] - if (i == 3 &amp;&amp; wildList.indexOf(symbol) != -1): null

2019-08-15 16:31:35 - [TEST_STEP][PASSED] - if (i == 4 &amp;&amp; wildList.indexOf(symbol) != -1): null

2019-08-15 16:31:35 - [TEST_STEP][PASSED] - symbol = symbol: null

2019-08-15 16:31:35 - [TEST_STEP][PASSED] - println(symbol): null

2019-08-15 16:31:35 - [TEST_STEP][PASSED] - if (i == 2 &amp;&amp; wildList.indexOf(symbol) != -1): null

2019-08-15 16:31:35 - [TEST_STEP][PASSED] - if (i == 3 &amp;&amp; wildList.indexOf(symbol) != -1): null

2019-08-15 16:31:35 - [TEST_STEP][PASSED] - if (i == 4 &amp;&amp; wildList.indexOf(symbol) != -1): null

2019-08-15 16:31:35 - [TEST_STEP][PASSED] - free_spin_reel_counter = free_spin_reel_counter: null

2019-08-15 16:31:35 - [TEST_STEP][PASSED] - println("reel 3 wild found: " + free_spin_reel_counter[0]): null

2019-08-15 16:31:35 - [TEST_STEP][PASSED] - println("reel 4 wild found: " + free_spin_reel_counter[1]): null

2019-08-15 16:31:35 - [TEST_STEP][PASSED] - println("reel 5 wild found: " + free_spin_reel_counter[2]): null

2019-08-15 16:31:35 - [TEST_STEP][PASSED] - M4_spin_reels = M4_spin_reels: null

2019-08-15 16:31:35 - [TEST_STEP][PASSED] - M4_spin_reels_symbols = symbol: null

2019-08-15 16:31:35 - [TEST_STEP][PASSED] - M4_spin_reels_symbols = M4_spin_reels_symbols: null

2019-08-15 16:31:35 - [TEST_STEP][PASSED] - M4_spin_reel_wins = reel_wins: null

2019-08-15 16:31:35 - [TEST_STEP][PASSED] - M4_spin_reel_wins = M4_spin_reel_wins: null

2019-08-15 16:31:35 - [TEST_STEP][PASSED] - println("GlobalVariable.M4_spin_reel_wins is: " + M4_spin_reel_wins): null

2019-08-15 16:31:35 - [TEST_STEP][PASSED] - M4_spin_total_bonus_win_this_round = total_bonus_win_this_round: null

2019-08-15 16:31:35 - [TEST_STEP][PASSED] - M4_spin_total_bonus_win_this_round = M4_spin_total_bonus_win_this_round: null

2019-08-15 16:31:35 - [TEST_STEP][PASSED] - println("GlobalVariable.M4_spin_total_bonus_win_this_round is: " + M4_spin_total_bonus_win_this_round): null

2019-08-15 16:31:35 - [MESSAGE][PASSED] - Verify response successfully

2019-08-15 16:31:35 - [MESSAGE][PASSED] - Send request and verify the response successfully

2019-08-15 16:31:35 - [TEST_STEP][PASSED] - if (M4_total_bonus_spins_int != 0 &amp;&amp; M4_spin_reels_symbols[2].contains("WILD_Normal") || M4_spin_reels_symbols[3].contains("WILD_Normal") || M4_spin_reels_symbols[4].contains("WILD_Normal")): null

2019-08-15 16:31:35 - [TEST_STEP][PASSED] - free_spin_reel_counter = free_spin_reel_counter: null

2019-08-15 16:31:35 - [TEST_STEP][PASSED] - M4_spin_reels_symbols = M4_spin_reels_symbols: null

2019-08-15 16:31:35 - [TEST_STEP][PASSED] - M4_total_bonus_spins = M4_total_bonus_spins: null

2019-08-15 16:31:35 - [TEST_STEP][PASSED] - spin_result = sendRequestAndVerify(findTestObject("STG/RGS(M4)/1_M4_spin", ["M4_login_user_id":M4_login_user_id, "rgs_session_token":rgs_session_token, "partner":Partner])): Send request and verify the response successfully

2019-08-15 16:31:35 - [TEST_CASE][PASSED] - Start Test Case : Verification: Verification accomplished successfully

2019-08-15 16:31:35 - [TEST_STEP][PASSED] - request = getInstance().getCurrentRequest(): null

2019-08-15 16:31:35 - [TEST_STEP][PASSED] - response = getInstance().getCurrentResponse(): null

2019-08-15 16:31:35 - [TEST_STEP][PASSED] - verifyResponseStatusCode(response, 200): Verify response status code successfully

2019-08-15 16:31:35 - [MESSAGE][PASSED] - Verify response status code successfully

2019-08-15 16:31:35 - [TEST_STEP][PASSED] - getStatusCode()).isEqualTo(200): null

2019-08-15 16:31:35 - [TEST_STEP][PASSED] - newline = System.getProperty("line.separator"): null

2019-08-15 16:31:35 - [TEST_STEP][PASSED] - M4_spin = new groovy.json.JsonSlurper(): null

2019-08-15 16:31:35 - [TEST_STEP][PASSED] - result_M4_spin = M4_spin.parseText(response.getResponseBodyContent()): null

2019-08-15 16:31:35 - [TEST_STEP][PASSED] - M4_spin_current_balance = current_balance: null

2019-08-15 16:31:35 - [TEST_STEP][PASSED] - M4_spin_current_balance = M4_spin_current_balance: null

2019-08-15 16:31:35 - [TEST_STEP][PASSED] - M4_spin_transaction_id = causality: null

2019-08-15 16:31:35 - [TEST_STEP][PASSED] - M4_spin_transaction_id = M4_spin_transaction_id: null

2019-08-15 16:31:35 - [TEST_STEP][PASSED] - M4_spin_round_id = round_id: null

2019-08-15 16:31:35 - [TEST_STEP][PASSED] - M4_spin_round_id = M4_spin_round_id: null

2019-08-15 16:31:35 - [TEST_STEP][PASSED] - M4_spin_line_wins = line_wins: null

2019-08-15 16:31:35 - [TEST_STEP][PASSED] - M4_spin_line_wins = M4_spin_line_wins: null

2019-08-15 16:31:35 - [TEST_STEP][PASSED] - M4_total_bonus_spins_int = total_bonus_spins: null

2019-08-15 16:31:35 - [TEST_STEP][PASSED] - println("******M4_total_bonus_spins type is:*******" + newline + getClass().getName()): null

2019-08-15 16:31:35 - [TEST_STEP][PASSED] - M4_total_bonus_spins_int = M4_total_bonus_spins_int: null

2019-08-15 16:31:35 - [TEST_STEP][PASSED] - M4_total_bonus_spins = Integer.toString(M4_total_bonus_spins_int): null

2019-08-15 16:31:35 - [TEST_STEP][PASSED] - M4_total_bonus_spins = M4_total_bonus_spins: null

2019-08-15 16:31:35 - [TEST_STEP][PASSED] - println("M4_total_bonus_spins is:" + M4_total_bonus_spins): null

2019-08-15 16:31:35 - [TEST_STEP][PASSED] - M4_spin_bonus_data = bonus_data: null

2019-08-15 16:31:35 - [TEST_STEP][PASSED] - M4_spin_features_triggered = result_M4_spin: null

2019-08-15 16:31:35 - [TEST_STEP][PASSED] - wild = []: null

2019-08-15 16:31:35 - [TEST_STEP][PASSED] - wild[0] = "WILD_Expanding": null

2019-08-15 16:31:35 - [TEST_STEP][PASSED] - wild[1] = "WILD_Normal": null

2019-08-15 16:31:35 - [TEST_STEP][PASSED] - wild[2] = "WILD_Double": null

2019-08-15 16:31:35 - [TEST_STEP][PASSED] - wild[3] = "WILD_ExtraFG": null

2019-08-15 16:31:35 - [TEST_STEP][PASSED] - wild[4] = "WILD_Triple": null

2019-08-15 16:31:35 - [TEST_STEP][PASSED] - wildList = Arrays.asList(wild): null

2019-08-15 16:31:35 - [TEST_STEP][PASSED] - wildList = wildList: null

2019-08-15 16:31:35 - [TEST_STEP][PASSED] - free_spin_reel_counter = []: null

2019-08-15 16:31:35 - [TEST_STEP][PASSED] - free_spin_reel_counter[0] = 0: null

2019-08-15 16:31:35 - [TEST_STEP][PASSED] - free_spin_reel_counter[1] = 0: null

2019-08-15 16:31:35 - [TEST_STEP][PASSED] - free_spin_reel_counter[2] = 0: null

2019-08-15 16:31:35 - [TEST_STEP][PASSED] - M4_spin_reels = reels: null

2019-08-15 16:31:35 - [TEST_STEP][PASSED] - for ([i = 0, i &lt; M4_spin_reels.size(), (i++)]): null

2019-08-15 16:31:35 - [TEST_STEP][PASSED] - symbols = symbols: null

2019-08-15 16:31:35 - [TEST_STEP][PASSED] - for ([j = 0, j &lt; symbols.size(), (j++)]): null

2019-08-15 16:31:35 - [TEST_STEP][PASSED] - symbol = symbol: null

2019-08-15 16:31:35 - [TEST_STEP][PASSED] - println(symbol): null

2019-08-15 16:31:35 - [TEST_STEP][PASSED] - if (i == 2 &amp;&amp; wildList.indexOf(symbol) != -1): null

2019-08-15 16:31:35 - [TEST_STEP][PASSED] - if (i == 3 &amp;&amp; wildList.indexOf(symbol) != -1): null

2019-08-15 16:31:35 - [TEST_STEP][PASSED] - if (i == 4 &amp;&amp; wildList.indexOf(symbol) != -1): null

2019-08-15 16:31:35 - [TEST_STEP][PASSED] - symbol = symbol: null

2019-08-15 16:31:35 - [TEST_STEP][PASSED] - println(symbol): null

2019-08-15 16:31:35 - [TEST_STEP][PASSED] - if (i == 2 &amp;&amp; wildList.indexOf(symbol) != -1): null

2019-08-15 16:31:35 - [TEST_STEP][PASSED] - if (i == 3 &amp;&amp; wildList.indexOf(symbol) != -1): null

2019-08-15 16:31:35 - [TEST_STEP][PASSED] - if (i == 4 &amp;&amp; wildList.indexOf(symbol) != -1): null

2019-08-15 16:31:35 - [TEST_STEP][PASSED] - symbol = symbol: null

2019-08-15 16:31:35 - [TEST_STEP][PASSED] - println(symbol): null

2019-08-15 16:31:35 - [TEST_STEP][PASSED] - if (i == 2 &amp;&amp; wildList.indexOf(symbol) != -1): null

2019-08-15 16:31:35 - [TEST_STEP][PASSED] - if (i == 3 &amp;&amp; wildList.indexOf(symbol) != -1): null

2019-08-15 16:31:35 - [TEST_STEP][PASSED] - if (i == 4 &amp;&amp; wildList.indexOf(symbol) != -1): null

2019-08-15 16:31:35 - [TEST_STEP][PASSED] - symbols = symbols: null

2019-08-15 16:31:35 - [TEST_STEP][PASSED] - for ([j = 0, j &lt; symbols.size(), (j++)]): null

2019-08-15 16:31:35 - [TEST_STEP][PASSED] - symbol = symbol: null

2019-08-15 16:31:35 - [TEST_STEP][PASSED] - println(symbol): null

2019-08-15 16:31:35 - [TEST_STEP][PASSED] - if (i == 2 &amp;&amp; wildList.indexOf(symbol) != -1): null

2019-08-15 16:31:35 - [TEST_STEP][PASSED] - if (i == 3 &amp;&amp; wildList.indexOf(symbol) != -1): null

2019-08-15 16:31:35 - [TEST_STEP][PASSED] - if (i == 4 &amp;&amp; wildList.indexOf(symbol) != -1): null

2019-08-15 16:31:35 - [TEST_STEP][PASSED] - symbol = symbol: null

2019-08-15 16:31:35 - [TEST_STEP][PASSED] - println(symbol): null

2019-08-15 16:31:35 - [TEST_STEP][PASSED] - if (i == 2 &amp;&amp; wildList.indexOf(symbol) != -1): null

2019-08-15 16:31:35 - [TEST_STEP][PASSED] - if (i == 3 &amp;&amp; wildList.indexOf(symbol) != -1): null

2019-08-15 16:31:35 - [TEST_STEP][PASSED] - if (i == 4 &amp;&amp; wildList.indexOf(symbol) != -1): null

2019-08-15 16:31:35 - [TEST_STEP][PASSED] - symbol = symbol: null

2019-08-15 16:31:35 - [TEST_STEP][PASSED] - println(symbol): null

2019-08-15 16:31:35 - [TEST_STEP][PASSED] - if (i == 2 &amp;&amp; wildList.indexOf(symbol) != -1): null

2019-08-15 16:31:35 - [TEST_STEP][PASSED] - if (i == 3 &amp;&amp; wildList.indexOf(symbol) != -1): null

2019-08-15 16:31:35 - [TEST_STEP][PASSED] - if (i == 4 &amp;&amp; wildList.indexOf(symbol) != -1): null

2019-08-15 16:31:35 - [TEST_STEP][PASSED] - symbols = symbols: null

2019-08-15 16:31:35 - [TEST_STEP][PASSED] - for ([j = 0, j &lt; symbols.size(), (j++)]): null

2019-08-15 16:31:35 - [TEST_STEP][PASSED] - symbol = symbol: null

2019-08-15 16:31:35 - [TEST_STEP][PASSED] - println(symbol): null

2019-08-15 16:31:35 - [TEST_STEP][PASSED] - if (i == 2 &amp;&amp; wildList.indexOf(symbol) != -1): null

2019-08-15 16:31:35 - [TEST_STEP][PASSED] - if (i == 3 &amp;&amp; wildList.indexOf(symbol) != -1): null

2019-08-15 16:31:35 - [TEST_STEP][PASSED] - if (i == 4 &amp;&amp; wildList.indexOf(symbol) != -1): null

2019-08-15 16:31:35 - [TEST_STEP][PASSED] - symbol = symbol: null

2019-08-15 16:31:35 - [TEST_STEP][PASSED] - println(symbol): null

2019-08-15 16:31:35 - [TEST_STEP][PASSED] - if (i == 2 &amp;&amp; wildList.indexOf(symbol) != -1): null

2019-08-15 16:31:35 - [TEST_STEP][PASSED] - if (i == 3 &amp;&amp; wildList.indexOf(symbol) != -1): null

2019-08-15 16:31:35 - [TEST_STEP][PASSED] - if (i == 4 &amp;&amp; wildList.indexOf(symbol) != -1): null

2019-08-15 16:31:35 - [TEST_STEP][PASSED] - symbol = symbol: null

2019-08-15 16:31:35 - [TEST_STEP][PASSED] - println(symbol): null

2019-08-15 16:31:35 - [TEST_STEP][PASSED] - if (i == 2 &amp;&amp; wildList.indexOf(symbol) != -1): null

2019-08-15 16:31:35 - [TEST_STEP][PASSED] - if (i == 3 &amp;&amp; wildList.indexOf(symbol) != -1): null

2019-08-15 16:31:35 - [TEST_STEP][PASSED] - if (i == 4 &amp;&amp; wildList.indexOf(symbol) != -1): null

2019-08-15 16:31:35 - [TEST_STEP][PASSED] - symbols = symbols: null

2019-08-15 16:31:35 - [TEST_STEP][PASSED] - for ([j = 0, j &lt; symbols.size(), (j++)]): null

2019-08-15 16:31:35 - [TEST_STEP][PASSED] - symbol = symbol: null

2019-08-15 16:31:35 - [TEST_STEP][PASSED] - println(symbol): null

2019-08-15 16:31:35 - [TEST_STEP][PASSED] - if (i == 2 &amp;&amp; wildList.indexOf(symbol) != -1): null

2019-08-15 16:31:35 - [TEST_STEP][PASSED] - if (i == 3 &amp;&amp; wildList.indexOf(symbol) != -1): null

2019-08-15 16:31:35 - [TEST_STEP][PASSED] - if (i == 4 &amp;&amp; wildList.indexOf(symbol) != -1): null

2019-08-15 16:31:35 - [TEST_STEP][PASSED] - symbol = symbol: null

2019-08-15 16:31:35 - [TEST_STEP][PASSED] - println(symbol): null

2019-08-15 16:31:35 - [TEST_STEP][PASSED] - if (i == 2 &amp;&amp; wildList.indexOf(symbol) != -1): null

2019-08-15 16:31:35 - [TEST_STEP][PASSED] - if (i == 3 &amp;&amp; wildList.indexOf(symbol) != -1): null

2019-08-15 16:31:35 - [TEST_STEP][PASSED] - if (i == 4 &amp;&amp; wildList.indexOf(symbol) != -1): null

2019-08-15 16:31:35 - [TEST_STEP][PASSED] - symbol = symbol: null

2019-08-15 16:31:35 - [TEST_STEP][PASSED] - println(symbol): null

2019-08-15 16:31:35 - [TEST_STEP][PASSED] - if (i == 2 &amp;&amp; wildList.indexOf(symbol) != -1): null

2019-08-15 16:31:35 - [TEST_STEP][PASSED] - if (i == 3 &amp;&amp; wildList.indexOf(symbol) != -1): null

2019-08-15 16:31:35 - [TEST_STEP][PASSED] - if (i == 4 &amp;&amp; wildList.indexOf(symbol) != -1): null

2019-08-15 16:31:35 - [TEST_STEP][PASSED] - symbols = symbols: null

2019-08-15 16:31:35 - [TEST_STEP][PASSED] - for ([j = 0, j &lt; symbols.size(), (j++)]): null

2019-08-15 16:31:35 - [TEST_STEP][PASSED] - symbol = symbol: null

2019-08-15 16:31:35 - [TEST_STEP][PASSED] - println(symbol): null

2019-08-15 16:31:35 - [TEST_STEP][PASSED] - if (i == 2 &amp;&amp; wildList.indexOf(symbol) != -1): null

2019-08-15 16:31:35 - [TEST_STEP][PASSED] - if (i == 3 &amp;&amp; wildList.indexOf(symbol) != -1): null

2019-08-15 16:31:35 - [TEST_STEP][PASSED] - if (i == 4 &amp;&amp; wildList.indexOf(symbol) != -1): null

2019-08-15 16:31:35 - [TEST_STEP][PASSED] - symbol = symbol: null

2019-08-15 16:31:35 - [TEST_STEP][PASSED] - println(symbol): null

2019-08-15 16:31:35 - [TEST_STEP][PASSED] - if (i == 2 &amp;&amp; wildList.indexOf(symbol) != -1): null

2019-08-15 16:31:35 - [TEST_STEP][PASSED] - if (i == 3 &amp;&amp; wildList.indexOf(symbol) != -1): null

2019-08-15 16:31:35 - [TEST_STEP][PASSED] - if (i == 4 &amp;&amp; wildList.indexOf(symbol) != -1): null

2019-08-15 16:31:35 - [TEST_STEP][PASSED] - symbol = symbol: null

2019-08-15 16:31:35 - [TEST_STEP][PASSED] - println(symbol): null

2019-08-15 16:31:35 - [TEST_STEP][PASSED] - if (i == 2 &amp;&amp; wildList.indexOf(symbol) != -1): null

2019-08-15 16:31:35 - [TEST_STEP][PASSED] - if (i == 3 &amp;&amp; wildList.indexOf(symbol) != -1): null

2019-08-15 16:31:35 - [TEST_STEP][PASSED] - if (i == 4 &amp;&amp; wildList.indexOf(symbol) != -1): null

2019-08-15 16:31:35 - [TEST_STEP][PASSED] - free_spin_reel_counter = free_spin_reel_counter: null

2019-08-15 16:31:35 - [TEST_STEP][PASSED] - println("reel 3 wild found: " + free_spin_reel_counter[0]): null

2019-08-15 16:31:35 - [TEST_STEP][PASSED] - println("reel 4 wild found: " + free_spin_reel_counter[1]): null

2019-08-15 16:31:35 - [TEST_STEP][PASSED] - println("reel 5 wild found: " + free_spin_reel_counter[2]): null

2019-08-15 16:31:35 - [TEST_STEP][PASSED] - M4_spin_reels = M4_spin_reels: null

2019-08-15 16:31:35 - [TEST_STEP][PASSED] - M4_spin_reels_symbols = symbol: null

2019-08-15 16:31:35 - [TEST_STEP][PASSED] - M4_spin_reels_symbols = M4_spin_reels_symbols: null

2019-08-15 16:31:35 - [TEST_STEP][PASSED] - M4_spin_reel_wins = reel_wins: null

2019-08-15 16:31:35 - [TEST_STEP][PASSED] - M4_spin_reel_wins = M4_spin_reel_wins: null

2019-08-15 16:31:35 - [TEST_STEP][PASSED] - println("GlobalVariable.M4_spin_reel_wins is: " + M4_spin_reel_wins): null

2019-08-15 16:31:35 - [TEST_STEP][PASSED] - M4_spin_total_bonus_win_this_round = total_bonus_win_this_round: null

2019-08-15 16:31:35 - [TEST_STEP][PASSED] - M4_spin_total_bonus_win_this_round = M4_spin_total_bonus_win_this_round: null

2019-08-15 16:31:35 - [TEST_STEP][PASSED] - println("GlobalVariable.M4_spin_total_bonus_win_this_round is: " + M4_spin_total_bonus_win_this_round): null

2019-08-15 16:31:35 - [MESSAGE][PASSED] - Verify response successfully

2019-08-15 16:31:35 - [MESSAGE][PASSED] - Send request and verify the response successfully

2019-08-15 16:31:35 - [TEST_STEP][PASSED] - if (M4_total_bonus_spins_int != 0 &amp;&amp; M4_spin_reels_symbols[2].contains("WILD_Normal") || M4_spin_reels_symbols[3].contains("WILD_Normal") || M4_spin_reels_symbols[4].contains("WILD_Normal")): null

2019-08-15 16:31:35 - [TEST_STEP][PASSED] - free_spin_reel_counter = free_spin_reel_counter: null

2019-08-15 16:31:35 - [TEST_STEP][PASSED] - M4_spin_reels_symbols = M4_spin_reels_symbols: null

2019-08-15 16:31:35 - [TEST_STEP][PASSED] - M4_total_bonus_spins = M4_total_bonus_spins: null

2019-08-15 16:31:35 - [TEST_STEP][PASSED] - spin_result = sendRequestAndVerify(findTestObject("STG/RGS(M4)/1_M4_spin", ["M4_login_user_id":M4_login_user_id, "rgs_session_token":rgs_session_token, "partner":Partner])): Send request and verify the response successfully

2019-08-15 16:31:36 - [TEST_CASE][PASSED] - Start Test Case : Verification: Verification accomplished successfully

2019-08-15 16:31:36 - [TEST_STEP][PASSED] - request = getInstance().getCurrentRequest(): null

2019-08-15 16:31:36 - [TEST_STEP][PASSED] - response = getInstance().getCurrentResponse(): null

2019-08-15 16:31:36 - [TEST_STEP][PASSED] - verifyResponseStatusCode(response, 200): Verify response status code successfully

2019-08-15 16:31:36 - [MESSAGE][PASSED] - Verify response status code successfully

2019-08-15 16:31:36 - [TEST_STEP][PASSED] - getStatusCode()).isEqualTo(200): null

2019-08-15 16:31:36 - [TEST_STEP][PASSED] - newline = System.getProperty("line.separator"): null

2019-08-15 16:31:36 - [TEST_STEP][PASSED] - M4_spin = new groovy.json.JsonSlurper(): null

2019-08-15 16:31:36 - [TEST_STEP][PASSED] - result_M4_spin = M4_spin.parseText(response.getResponseBodyContent()): null

2019-08-15 16:31:36 - [TEST_STEP][PASSED] - M4_spin_current_balance = current_balance: null

2019-08-15 16:31:36 - [TEST_STEP][PASSED] - M4_spin_current_balance = M4_spin_current_balance: null

2019-08-15 16:31:36 - [TEST_STEP][PASSED] - M4_spin_transaction_id = causality: null

2019-08-15 16:31:36 - [TEST_STEP][PASSED] - M4_spin_transaction_id = M4_spin_transaction_id: null

2019-08-15 16:31:36 - [TEST_STEP][PASSED] - M4_spin_round_id = round_id: null

2019-08-15 16:31:36 - [TEST_STEP][PASSED] - M4_spin_round_id = M4_spin_round_id: null

2019-08-15 16:31:36 - [TEST_STEP][PASSED] - M4_spin_line_wins = line_wins: null

2019-08-15 16:31:36 - [TEST_STEP][PASSED] - M4_spin_line_wins = M4_spin_line_wins: null

2019-08-15 16:31:36 - [TEST_STEP][PASSED] - M4_total_bonus_spins_int = total_bonus_spins: null

2019-08-15 16:31:36 - [TEST_STEP][PASSED] - println("******M4_total_bonus_spins type is:*******" + newline + getClass().getName()): null

2019-08-15 16:31:36 - [TEST_STEP][PASSED] - M4_total_bonus_spins_int = M4_total_bonus_spins_int: null

2019-08-15 16:31:36 - [TEST_STEP][PASSED] - M4_total_bonus_spins = Integer.toString(M4_total_bonus_spins_int): null

2019-08-15 16:31:36 - [TEST_STEP][PASSED] - M4_total_bonus_spins = M4_total_bonus_spins: null

2019-08-15 16:31:36 - [TEST_STEP][PASSED] - println("M4_total_bonus_spins is:" + M4_total_bonus_spins): null

2019-08-15 16:31:36 - [TEST_STEP][PASSED] - M4_spin_bonus_data = bonus_data: null

2019-08-15 16:31:36 - [TEST_STEP][PASSED] - M4_spin_features_triggered = result_M4_spin: null

2019-08-15 16:31:36 - [TEST_STEP][PASSED] - wild = []: null

2019-08-15 16:31:36 - [TEST_STEP][PASSED] - wild[0] = "WILD_Expanding": null

2019-08-15 16:31:36 - [TEST_STEP][PASSED] - wild[1] = "WILD_Normal": null

2019-08-15 16:31:36 - [TEST_STEP][PASSED] - wild[2] = "WILD_Double": null

2019-08-15 16:31:36 - [TEST_STEP][PASSED] - wild[3] = "WILD_ExtraFG": null

2019-08-15 16:31:36 - [TEST_STEP][PASSED] - wild[4] = "WILD_Triple": null

2019-08-15 16:31:36 - [TEST_STEP][PASSED] - wildList = Arrays.asList(wild): null

2019-08-15 16:31:36 - [TEST_STEP][PASSED] - wildList = wildList: null

2019-08-15 16:31:36 - [TEST_STEP][PASSED] - free_spin_reel_counter = []: null

2019-08-15 16:31:36 - [TEST_STEP][PASSED] - free_spin_reel_counter[0] = 0: null

2019-08-15 16:31:36 - [TEST_STEP][PASSED] - free_spin_reel_counter[1] = 0: null

2019-08-15 16:31:36 - [TEST_STEP][PASSED] - free_spin_reel_counter[2] = 0: null

2019-08-15 16:31:36 - [TEST_STEP][PASSED] - M4_spin_reels = reels: null

2019-08-15 16:31:36 - [TEST_STEP][PASSED] - for ([i = 0, i &lt; M4_spin_reels.size(), (i++)]): null

2019-08-15 16:31:36 - [TEST_STEP][PASSED] - symbols = symbols: null

2019-08-15 16:31:36 - [TEST_STEP][PASSED] - for ([j = 0, j &lt; symbols.size(), (j++)]): null

2019-08-15 16:31:36 - [TEST_STEP][PASSED] - symbol = symbol: null

2019-08-15 16:31:36 - [TEST_STEP][PASSED] - println(symbol): null

2019-08-15 16:31:36 - [TEST_STEP][PASSED] - if (i == 2 &amp;&amp; wildList.indexOf(symbol) != -1): null

2019-08-15 16:31:36 - [TEST_STEP][PASSED] - if (i == 3 &amp;&amp; wildList.indexOf(symbol) != -1): null

2019-08-15 16:31:36 - [TEST_STEP][PASSED] - if (i == 4 &amp;&amp; wildList.indexOf(symbol) != -1): null

2019-08-15 16:31:36 - [TEST_STEP][PASSED] - symbol = symbol: null

2019-08-15 16:31:36 - [TEST_STEP][PASSED] - println(symbol): null

2019-08-15 16:31:36 - [TEST_STEP][PASSED] - if (i == 2 &amp;&amp; wildList.indexOf(symbol) != -1): null

2019-08-15 16:31:36 - [TEST_STEP][PASSED] - if (i == 3 &amp;&amp; wildList.indexOf(symbol) != -1): null

2019-08-15 16:31:36 - [TEST_STEP][PASSED] - if (i == 4 &amp;&amp; wildList.indexOf(symbol) != -1): null

2019-08-15 16:31:36 - [TEST_STEP][PASSED] - symbol = symbol: null

2019-08-15 16:31:36 - [TEST_STEP][PASSED] - println(symbol): null

2019-08-15 16:31:36 - [TEST_STEP][PASSED] - if (i == 2 &amp;&amp; wildList.indexOf(symbol) != -1): null

2019-08-15 16:31:36 - [TEST_STEP][PASSED] - if (i == 3 &amp;&amp; wildList.indexOf(symbol) != -1): null

2019-08-15 16:31:36 - [TEST_STEP][PASSED] - if (i == 4 &amp;&amp; wildList.indexOf(symbol) != -1): null

2019-08-15 16:31:36 - [TEST_STEP][PASSED] - symbols = symbols: null

2019-08-15 16:31:36 - [TEST_STEP][PASSED] - for ([j = 0, j &lt; symbols.size(), (j++)]): null

2019-08-15 16:31:36 - [TEST_STEP][PASSED] - symbol = symbol: null

2019-08-15 16:31:36 - [TEST_STEP][PASSED] - println(symbol): null

2019-08-15 16:31:36 - [TEST_STEP][PASSED] - if (i == 2 &amp;&amp; wildList.indexOf(symbol) != -1): null

2019-08-15 16:31:36 - [TEST_STEP][PASSED] - if (i == 3 &amp;&amp; wildList.indexOf(symbol) != -1): null

2019-08-15 16:31:36 - [TEST_STEP][PASSED] - if (i == 4 &amp;&amp; wildList.indexOf(symbol) != -1): null

2019-08-15 16:31:36 - [TEST_STEP][PASSED] - symbol = symbol: null

2019-08-15 16:31:36 - [TEST_STEP][PASSED] - println(symbol): null

2019-08-15 16:31:36 - [TEST_STEP][PASSED] - if (i == 2 &amp;&amp; wildList.indexOf(symbol) != -1): null

2019-08-15 16:31:36 - [TEST_STEP][PASSED] - if (i == 3 &amp;&amp; wildList.indexOf(symbol) != -1): null

2019-08-15 16:31:36 - [TEST_STEP][PASSED] - if (i == 4 &amp;&amp; wildList.indexOf(symbol) != -1): null

2019-08-15 16:31:36 - [TEST_STEP][PASSED] - symbol = symbol: null

2019-08-15 16:31:36 - [TEST_STEP][PASSED] - println(symbol): null

2019-08-15 16:31:36 - [TEST_STEP][PASSED] - if (i == 2 &amp;&amp; wildList.indexOf(symbol) != -1): null

2019-08-15 16:31:36 - [TEST_STEP][PASSED] - if (i == 3 &amp;&amp; wildList.indexOf(symbol) != -1): null

2019-08-15 16:31:36 - [TEST_STEP][PASSED] - if (i == 4 &amp;&amp; wildList.indexOf(symbol) != -1): null

2019-08-15 16:31:36 - [TEST_STEP][PASSED] - symbols = symbols: null

2019-08-15 16:31:36 - [TEST_STEP][PASSED] - for ([j = 0, j &lt; symbols.size(), (j++)]): null

2019-08-15 16:31:36 - [TEST_STEP][PASSED] - symbol = symbol: null

2019-08-15 16:31:40 - [TEST_STEP][PASSED] - println(symbol): null

2019-08-15 16:31:40 - [TEST_STEP][PASSED] - if (i == 2 &amp;&amp; wildList.indexOf(symbol) != -1): null

2019-08-15 16:31:40 - [TEST_STEP][PASSED] - if (i == 3 &amp;&amp; wildList.indexOf(symbol) != -1): null

2019-08-15 16:31:40 - [TEST_STEP][PASSED] - if (i == 4 &amp;&amp; wildList.indexOf(symbol) != -1): null

2019-08-15 16:31:40 - [TEST_STEP][PASSED] - symbol = symbol: null

2019-08-15 16:31:40 - [TEST_STEP][PASSED] - println(symbol): null

2019-08-15 16:31:40 - [TEST_STEP][PASSED] - if (i == 2 &amp;&amp; wildList.indexOf(symbol) != -1): null

2019-08-15 16:31:40 - [TEST_STEP][PASSED] - println("wild found on reel 3, adding counter by 1"): null

2019-08-15 16:31:40 - [TEST_STEP][PASSED] - free_spin_reel_counter[0] = free_spin_reel_counter[0] + 1: null

2019-08-15 16:31:40 - [TEST_STEP][PASSED] - if (i == 3 &amp;&amp; wildList.indexOf(symbol) != -1): null

2019-08-15 16:31:43 - [TEST_STEP][PASSED] - if (i == 4 &amp;&amp; wildList.indexOf(symbol) != -1): null

2019-08-15 16:31:43 - [TEST_STEP][PASSED] - symbol = symbol: null

2019-08-15 16:31:43 - [TEST_STEP][PASSED] - println(symbol): null

2019-08-15 16:31:43 - [TEST_STEP][PASSED] - if (i == 2 &amp;&amp; wildList.indexOf(symbol) != -1): null

2019-08-15 16:31:43 - [TEST_STEP][PASSED] - if (i == 3 &amp;&amp; wildList.indexOf(symbol) != -1): null

2019-08-15 16:31:43 - [TEST_STEP][PASSED] - if (i == 4 &amp;&amp; wildList.indexOf(symbol) != -1): null

2019-08-15 16:31:43 - [TEST_STEP][PASSED] - symbols = symbols: null

2019-08-15 16:31:43 - [TEST_STEP][PASSED] - for ([j = 0, j &lt; symbols.size(), (j++)]): null

2019-08-15 16:31:43 - [TEST_STEP][PASSED] - symbol = symbol: null

2019-08-15 16:31:43 - [TEST_STEP][PASSED] - println(symbol): null

2019-08-15 16:31:43 - [TEST_STEP][PASSED] - if (i == 2 &amp;&amp; wildList.indexOf(symbol) != -1): null

2019-08-15 16:31:43 - [TEST_STEP][PASSED] - if (i == 3 &amp;&amp; wildList.indexOf(symbol) != -1): null

2019-08-15 16:31:43 - [TEST_STEP][PASSED] - if (i == 4 &amp;&amp; wildList.indexOf(symbol) != -1): null

2019-08-15 16:31:43 - [TEST_STEP][PASSED] - symbol = symbol: null

2019-08-15 16:31:43 - [TEST_STEP][PASSED] - println(symbol): null

2019-08-15 16:31:43 - [TEST_STEP][PASSED] - if (i == 2 &amp;&amp; wildList.indexOf(symbol) != -1): null

2019-08-15 16:31:43 - [TEST_STEP][PASSED] - if (i == 3 &amp;&amp; wildList.indexOf(symbol) != -1): null

2019-08-15 16:31:43 - [TEST_STEP][PASSED] - if (i == 4 &amp;&amp; wildList.indexOf(symbol) != -1): null

2019-08-15 16:31:43 - [TEST_STEP][PASSED] - symbol = symbol: null

2019-08-15 16:31:43 - [TEST_STEP][PASSED] - println(symbol): null

2019-08-15 16:31:43 - [TEST_STEP][PASSED] - if (i == 2 &amp;&amp; wildList.indexOf(symbol) != -1): null

2019-08-15 16:31:43 - [TEST_STEP][PASSED] - if (i == 3 &amp;&amp; wildList.indexOf(symbol) != -1): null

2019-08-15 16:31:43 - [TEST_STEP][PASSED] - if (i == 4 &amp;&amp; wildList.indexOf(symbol) != -1): null

2019-08-15 16:31:43 - [TEST_STEP][PASSED] - symbols = symbols: null

2019-08-15 16:31:43 - [TEST_STEP][PASSED] - for ([j = 0, j &lt; symbols.size(), (j++)]): null

2019-08-15 16:31:43 - [TEST_STEP][PASSED] - symbol = symbol: null

2019-08-15 16:31:43 - [TEST_STEP][PASSED] - println(symbol): null

2019-08-15 16:31:43 - [TEST_STEP][PASSED] - if (i == 2 &amp;&amp; wildList.indexOf(symbol) != -1): null

2019-08-15 16:31:43 - [TEST_STEP][PASSED] - if (i == 3 &amp;&amp; wildList.indexOf(symbol) != -1): null

2019-08-15 16:31:43 - [TEST_STEP][PASSED] - if (i == 4 &amp;&amp; wildList.indexOf(symbol) != -1): null

2019-08-15 16:31:43 - [TEST_STEP][PASSED] - symbol = symbol: null

2019-08-15 16:31:43 - [TEST_STEP][PASSED] - println(symbol): null

2019-08-15 16:31:43 - [TEST_STEP][PASSED] - if (i == 2 &amp;&amp; wildList.indexOf(symbol) != -1): null

2019-08-15 16:31:43 - [TEST_STEP][PASSED] - if (i == 3 &amp;&amp; wildList.indexOf(symbol) != -1): null

2019-08-15 16:31:43 - [TEST_STEP][PASSED] - if (i == 4 &amp;&amp; wildList.indexOf(symbol) != -1): null

2019-08-15 16:31:43 - [TEST_STEP][PASSED] - symbol = symbol: null

2019-08-15 16:31:43 - [TEST_STEP][PASSED] - println(symbol): null

2019-08-15 16:31:43 - [TEST_STEP][PASSED] - if (i == 2 &amp;&amp; wildList.indexOf(symbol) != -1): null

2019-08-15 16:31:43 - [TEST_STEP][PASSED] - if (i == 3 &amp;&amp; wildList.indexOf(symbol) != -1): null

2019-08-15 16:31:43 - [TEST_STEP][PASSED] - if (i == 4 &amp;&amp; wildList.indexOf(symbol) != -1): null

2019-08-15 16:31:43 - [TEST_STEP][PASSED] - free_spin_reel_counter = free_spin_reel_counter: null

2019-08-15 16:31:43 - [TEST_STEP][PASSED] - println("reel 3 wild found: " + free_spin_reel_counter[0]): null

2019-08-15 16:31:43 - [TEST_STEP][PASSED] - println("reel 4 wild found: " + free_spin_reel_counter[1]): null

2019-08-15 16:31:43 - [TEST_STEP][PASSED] - println("reel 5 wild found: " + free_spin_reel_counter[2]): null

2019-08-15 16:31:43 - [TEST_STEP][PASSED] - M4_spin_reels = M4_spin_reels: null

2019-08-15 16:31:43 - [TEST_STEP][PASSED] - M4_spin_reels_symbols = symbol: null

2019-08-15 16:31:43 - [TEST_STEP][PASSED] - M4_spin_reels_symbols = M4_spin_reels_symbols: null

2019-08-15 16:31:43 - [TEST_STEP][PASSED] - M4_spin_reel_wins = reel_wins: null

2019-08-15 16:31:43 - [TEST_STEP][PASSED] - M4_spin_reel_wins = M4_spin_reel_wins: null

2019-08-15 16:31:43 - [TEST_STEP][PASSED] - println("GlobalVariable.M4_spin_reel_wins is: " + M4_spin_reel_wins): null

2019-08-15 16:31:43 - [TEST_STEP][PASSED] - M4_spin_total_bonus_win_this_round = total_bonus_win_this_round: null

2019-08-15 16:31:43 - [TEST_STEP][PASSED] - M4_spin_total_bonus_win_this_round = M4_spin_total_bonus_win_this_round: null

2019-08-15 16:31:43 - [TEST_STEP][PASSED] - println("GlobalVariable.M4_spin_total_bonus_win_this_round is: " + M4_spin_total_bonus_win_this_round): null

2019-08-15 16:31:43 - [MESSAGE][PASSED] - Verify response successfully

2019-08-15 16:31:43 - [MESSAGE][PASSED] - Send request and verify the response successfully

2019-08-15 16:31:43 - [TEST_STEP][PASSED] - if (M4_total_bonus_spins_int != 0 &amp;&amp; M4_spin_reels_symbols[2].contains("WILD_Normal") || M4_spin_reels_symbols[3].contains("WILD_Normal") || M4_spin_reels_symbols[4].contains("WILD_Normal")): null

2019-08-15 16:31:43 - [TEST_STEP][PASSED] - free_spin_reel_counter = free_spin_reel_counter: null

2019-08-15 16:31:43 - [TEST_STEP][PASSED] - M4_spin_reels_symbols = M4_spin_reels_symbols: null

2019-08-15 16:31:43 - [TEST_STEP][PASSED] - M4_total_bonus_spins = M4_total_bonus_spins: null

2019-08-15 16:31:43 - [TEST_STEP][PASSED] - spin_result = sendRequestAndVerify(findTestObject("STG/RGS(M4)/1_M4_spin", ["M4_login_user_id":M4_login_user_id, "rgs_session_token":rgs_session_token, "partner":Partner])): Send request and verify the response successfully

2019-08-15 16:31:44 - [TEST_CASE][PASSED] - Start Test Case : Verification: Verification accomplished successfully

2019-08-15 16:31:44 - [TEST_STEP][PASSED] - request = getInstance().getCurrentRequest(): null

2019-08-15 16:31:44 - [TEST_STEP][PASSED] - response = getInstance().getCurrentResponse(): null

2019-08-15 16:31:44 - [TEST_STEP][PASSED] - verifyResponseStatusCode(response, 200): Verify response status code successfully

2019-08-15 16:31:44 - [MESSAGE][PASSED] - Verify response status code successfully

2019-08-15 16:31:44 - [TEST_STEP][PASSED] - getStatusCode()).isEqualTo(200): null

2019-08-15 16:31:44 - [TEST_STEP][PASSED] - newline = System.getProperty("line.separator"): null

2019-08-15 16:31:44 - [TEST_STEP][PASSED] - M4_spin = new groovy.json.JsonSlurper(): null

2019-08-15 16:31:44 - [TEST_STEP][PASSED] - result_M4_spin = M4_spin.parseText(response.getResponseBodyContent()): null

2019-08-15 16:31:44 - [TEST_STEP][PASSED] - M4_spin_current_balance = current_balance: null

2019-08-15 16:31:44 - [TEST_STEP][PASSED] - M4_spin_current_balance = M4_spin_current_balance: null

2019-08-15 16:31:44 - [TEST_STEP][PASSED] - M4_spin_transaction_id = causality: null

2019-08-15 16:31:44 - [TEST_STEP][PASSED] - M4_spin_transaction_id = M4_spin_transaction_id: null

2019-08-15 16:31:44 - [TEST_STEP][PASSED] - M4_spin_round_id = round_id: null

2019-08-15 16:31:44 - [TEST_STEP][PASSED] - M4_spin_round_id = M4_spin_round_id: null

2019-08-15 16:31:44 - [TEST_STEP][PASSED] - M4_spin_line_wins = line_wins: null

2019-08-15 16:31:44 - [TEST_STEP][PASSED] - M4_spin_line_wins = M4_spin_line_wins: null

2019-08-15 16:31:44 - [TEST_STEP][PASSED] - M4_total_bonus_spins_int = total_bonus_spins: null

2019-08-15 16:31:44 - [TEST_STEP][PASSED] - println("******M4_total_bonus_spins type is:*******" + newline + getClass().getName()): null

2019-08-15 16:31:44 - [TEST_STEP][PASSED] - M4_total_bonus_spins_int = M4_total_bonus_spins_int: null

2019-08-15 16:31:44 - [TEST_STEP][PASSED] - M4_total_bonus_spins = Integer.toString(M4_total_bonus_spins_int): null

2019-08-15 16:31:44 - [TEST_STEP][PASSED] - M4_total_bonus_spins = M4_total_bonus_spins: null

2019-08-15 16:31:44 - [TEST_STEP][PASSED] - println("M4_total_bonus_spins is:" + M4_total_bonus_spins): null

2019-08-15 16:31:44 - [TEST_STEP][PASSED] - M4_spin_bonus_data = bonus_data: null

2019-08-15 16:31:44 - [TEST_STEP][PASSED] - M4_spin_features_triggered = result_M4_spin: null

2019-08-15 16:31:44 - [TEST_STEP][PASSED] - wild = []: null

2019-08-15 16:31:44 - [TEST_STEP][PASSED] - wild[0] = "WILD_Expanding": null

2019-08-15 16:31:44 - [TEST_STEP][PASSED] - wild[1] = "WILD_Normal": null

2019-08-15 16:31:44 - [TEST_STEP][PASSED] - wild[2] = "WILD_Double": null

2019-08-15 16:31:44 - [TEST_STEP][PASSED] - wild[3] = "WILD_ExtraFG": null

2019-08-15 16:31:44 - [TEST_STEP][PASSED] - wild[4] = "WILD_Triple": null

2019-08-15 16:31:44 - [TEST_STEP][PASSED] - wildList = Arrays.asList(wild): null

2019-08-15 16:31:44 - [TEST_STEP][PASSED] - wildList = wildList: null

2019-08-15 16:31:44 - [TEST_STEP][PASSED] - free_spin_reel_counter = []: null

2019-08-15 16:31:44 - [TEST_STEP][PASSED] - free_spin_reel_counter[0] = 0: null

2019-08-15 16:31:44 - [TEST_STEP][PASSED] - free_spin_reel_counter[1] = 0: null

2019-08-15 16:31:44 - [TEST_STEP][PASSED] - free_spin_reel_counter[2] = 0: null

2019-08-15 16:31:44 - [TEST_STEP][PASSED] - M4_spin_reels = reels: null

2019-08-15 16:31:44 - [TEST_STEP][PASSED] - for ([i = 0, i &lt; M4_spin_reels.size(), (i++)]): null

2019-08-15 16:31:44 - [TEST_STEP][PASSED] - symbols = symbols: null

2019-08-15 16:31:44 - [TEST_STEP][PASSED] - for ([j = 0, j &lt; symbols.size(), (j++)]): null

2019-08-15 16:31:44 - [TEST_STEP][PASSED] - symbol = symbol: null

2019-08-15 16:31:44 - [TEST_STEP][PASSED] - println(symbol): null

2019-08-15 16:31:44 - [TEST_STEP][PASSED] - if (i == 2 &amp;&amp; wildList.indexOf(symbol) != -1): null

2019-08-15 16:31:44 - [TEST_STEP][PASSED] - if (i == 3 &amp;&amp; wildList.indexOf(symbol) != -1): null

2019-08-15 16:31:44 - [TEST_STEP][PASSED] - if (i == 4 &amp;&amp; wildList.indexOf(symbol) != -1): null

2019-08-15 16:31:44 - [TEST_STEP][PASSED] - symbol = symbol: null

2019-08-15 16:31:44 - [TEST_STEP][PASSED] - println(symbol): null

2019-08-15 16:31:44 - [TEST_STEP][PASSED] - if (i == 2 &amp;&amp; wildList.indexOf(symbol) != -1): null

2019-08-15 16:31:44 - [TEST_STEP][PASSED] - if (i == 3 &amp;&amp; wildList.indexOf(symbol) != -1): null

2019-08-15 16:31:44 - [TEST_STEP][PASSED] - if (i == 4 &amp;&amp; wildList.indexOf(symbol) != -1): null

2019-08-15 16:31:44 - [TEST_STEP][PASSED] - symbol = symbol: null

2019-08-15 16:31:44 - [TEST_STEP][PASSED] - println(symbol): null

2019-08-15 16:31:44 - [TEST_STEP][PASSED] - if (i == 2 &amp;&amp; wildList.indexOf(symbol) != -1): null

2019-08-15 16:31:44 - [TEST_STEP][PASSED] - if (i == 3 &amp;&amp; wildList.indexOf(symbol) != -1): null

2019-08-15 16:31:44 - [TEST_STEP][PASSED] - if (i == 4 &amp;&amp; wildList.indexOf(symbol) != -1): null

2019-08-15 16:31:44 - [TEST_STEP][PASSED] - symbols = symbols: null

2019-08-15 16:31:44 - [TEST_STEP][PASSED] - for ([j = 0, j &lt; symbols.size(), (j++)]): null

2019-08-15 16:31:44 - [TEST_STEP][PASSED] - symbol = symbol: null

2019-08-15 16:31:44 - [TEST_STEP][PASSED] - println(symbol): null

2019-08-15 16:31:44 - [TEST_STEP][PASSED] - if (i == 2 &amp;&amp; wildList.indexOf(symbol) != -1): null

2019-08-15 16:31:44 - [TEST_STEP][PASSED] - if (i == 3 &amp;&amp; wildList.indexOf(symbol) != -1): null

2019-08-15 16:31:44 - [TEST_STEP][PASSED] - if (i == 4 &amp;&amp; wildList.indexOf(symbol) != -1): null

2019-08-15 16:31:44 - [TEST_STEP][PASSED] - symbol = symbol: null

2019-08-15 16:31:44 - [TEST_STEP][PASSED] - println(symbol): null

2019-08-15 16:31:44 - [TEST_STEP][PASSED] - if (i == 2 &amp;&amp; wildList.indexOf(symbol) != -1): null

2019-08-15 16:31:44 - [TEST_STEP][PASSED] - if (i == 3 &amp;&amp; wildList.indexOf(symbol) != -1): null

2019-08-15 16:31:44 - [TEST_STEP][PASSED] - if (i == 4 &amp;&amp; wildList.indexOf(symbol) != -1): null

2019-08-15 16:31:44 - [TEST_STEP][PASSED] - symbol = symbol: null

2019-08-15 16:31:44 - [TEST_STEP][PASSED] - println(symbol): null

2019-08-15 16:31:44 - [TEST_STEP][PASSED] - if (i == 2 &amp;&amp; wildList.indexOf(symbol) != -1): null

2019-08-15 16:31:44 - [TEST_STEP][PASSED] - if (i == 3 &amp;&amp; wildList.indexOf(symbol) != -1): null

2019-08-15 16:31:44 - [TEST_STEP][PASSED] - if (i == 4 &amp;&amp; wildList.indexOf(symbol) != -1): null

2019-08-15 16:31:44 - [TEST_STEP][PASSED] - symbols = symbols: null

2019-08-15 16:31:44 - [TEST_STEP][PASSED] - for ([j = 0, j &lt; symbols.size(), (j++)]): null

2019-08-15 16:31:44 - [TEST_STEP][PASSED] - symbol = symbol: null

2019-08-15 16:31:44 - [TEST_STEP][PASSED] - println(symbol): null

2019-08-15 16:31:44 - [TEST_STEP][PASSED] - if (i == 2 &amp;&amp; wildList.indexOf(symbol) != -1): null

2019-08-15 16:31:44 - [TEST_STEP][PASSED] - if (i == 3 &amp;&amp; wildList.indexOf(symbol) != -1): null

2019-08-15 16:31:44 - [TEST_STEP][PASSED] - if (i == 4 &amp;&amp; wildList.indexOf(symbol) != -1): null

2019-08-15 16:31:44 - [TEST_STEP][PASSED] - symbol = symbol: null

2019-08-15 16:31:44 - [TEST_STEP][PASSED] - println(symbol): null

2019-08-15 16:31:44 - [TEST_STEP][PASSED] - if (i == 2 &amp;&amp; wildList.indexOf(symbol) != -1): null

2019-08-15 16:31:44 - [TEST_STEP][PASSED] - if (i == 3 &amp;&amp; wildList.indexOf(symbol) != -1): null

2019-08-15 16:31:44 - [TEST_STEP][PASSED] - if (i == 4 &amp;&amp; wildList.indexOf(symbol) != -1): null

2019-08-15 16:31:44 - [TEST_STEP][PASSED] - symbol = symbol: null

2019-08-15 16:31:44 - [TEST_STEP][PASSED] - println(symbol): null

2019-08-15 16:31:44 - [TEST_STEP][PASSED] - if (i == 2 &amp;&amp; wildList.indexOf(symbol) != -1): null

2019-08-15 16:31:44 - [TEST_STEP][PASSED] - println("wild found on reel 3, adding counter by 1"): null

2019-08-15 16:31:44 - [TEST_STEP][PASSED] - free_spin_reel_counter[0] = free_spin_reel_counter[0] + 1: null

2019-08-15 16:31:44 - [TEST_STEP][PASSED] - if (i == 3 &amp;&amp; wildList.indexOf(symbol) != -1): null

2019-08-15 16:31:44 - [TEST_STEP][PASSED] - if (i == 4 &amp;&amp; wildList.indexOf(symbol) != -1): null

2019-08-15 16:31:44 - [TEST_STEP][PASSED] - symbols = symbols: null

2019-08-15 16:31:44 - [TEST_STEP][PASSED] - for ([j = 0, j &lt; symbols.size(), (j++)]): null

2019-08-15 16:31:44 - [TEST_STEP][PASSED] - symbol = symbol: null

2019-08-15 16:31:44 - [TEST_STEP][PASSED] - println(symbol): null

2019-08-15 16:31:44 - [TEST_STEP][PASSED] - if (i == 2 &amp;&amp; wildList.indexOf(symbol) != -1): null

2019-08-15 16:31:44 - [TEST_STEP][PASSED] - if (i == 3 &amp;&amp; wildList.indexOf(symbol) != -1): null

2019-08-15 16:31:44 - [TEST_STEP][PASSED] - if (i == 4 &amp;&amp; wildList.indexOf(symbol) != -1): null

2019-08-15 16:31:44 - [TEST_STEP][PASSED] - symbol = symbol: null

2019-08-15 16:31:44 - [TEST_STEP][PASSED] - println(symbol): null

2019-08-15 16:31:44 - [TEST_STEP][PASSED] - if (i == 2 &amp;&amp; wildList.indexOf(symbol) != -1): null

2019-08-15 16:31:44 - [TEST_STEP][PASSED] - if (i == 3 &amp;&amp; wildList.indexOf(symbol) != -1): null

2019-08-15 16:31:44 - [TEST_STEP][PASSED] - if (i == 4 &amp;&amp; wildList.indexOf(symbol) != -1): null

2019-08-15 16:31:44 - [TEST_STEP][PASSED] - symbol = symbol: null

2019-08-15 16:31:44 - [TEST_STEP][PASSED] - println(symbol): null

2019-08-15 16:31:44 - [TEST_STEP][PASSED] - if (i == 2 &amp;&amp; wildList.indexOf(symbol) != -1): null

2019-08-15 16:31:44 - [TEST_STEP][PASSED] - if (i == 3 &amp;&amp; wildList.indexOf(symbol) != -1): null

2019-08-15 16:31:44 - [TEST_STEP][PASSED] - if (i == 4 &amp;&amp; wildList.indexOf(symbol) != -1): null

2019-08-15 16:31:44 - [TEST_STEP][PASSED] - symbols = symbols: null

2019-08-15 16:31:44 - [TEST_STEP][PASSED] - for ([j = 0, j &lt; symbols.size(), (j++)]): null

2019-08-15 16:31:44 - [TEST_STEP][PASSED] - symbol = symbol: null

2019-08-15 16:31:44 - [TEST_STEP][PASSED] - println(symbol): null

2019-08-15 16:31:44 - [TEST_STEP][PASSED] - if (i == 2 &amp;&amp; wildList.indexOf(symbol) != -1): null

2019-08-15 16:31:44 - [TEST_STEP][PASSED] - if (i == 3 &amp;&amp; wildList.indexOf(symbol) != -1): null

2019-08-15 16:31:44 - [TEST_STEP][PASSED] - if (i == 4 &amp;&amp; wildList.indexOf(symbol) != -1): null

2019-08-15 16:31:44 - [TEST_STEP][PASSED] - symbol = symbol: null

2019-08-15 16:31:44 - [TEST_STEP][PASSED] - println(symbol): null

2019-08-15 16:31:44 - [TEST_STEP][PASSED] - if (i == 2 &amp;&amp; wildList.indexOf(symbol) != -1): null

2019-08-15 16:31:44 - [TEST_STEP][PASSED] - if (i == 3 &amp;&amp; wildList.indexOf(symbol) != -1): null

2019-08-15 16:31:44 - [TEST_STEP][PASSED] - if (i == 4 &amp;&amp; wildList.indexOf(symbol) != -1): null

2019-08-15 16:31:44 - [TEST_STEP][PASSED] - symbol = symbol: null

2019-08-15 16:31:44 - [TEST_STEP][PASSED] - println(symbol): null

2019-08-15 16:31:44 - [TEST_STEP][PASSED] - if (i == 2 &amp;&amp; wildList.indexOf(symbol) != -1): null

2019-08-15 16:31:44 - [TEST_STEP][PASSED] - if (i == 3 &amp;&amp; wildList.indexOf(symbol) != -1): null

2019-08-15 16:31:44 - [TEST_STEP][PASSED] - if (i == 4 &amp;&amp; wildList.indexOf(symbol) != -1): null

2019-08-15 16:31:44 - [TEST_STEP][PASSED] - free_spin_reel_counter = free_spin_reel_counter: null

2019-08-15 16:31:44 - [TEST_STEP][PASSED] - println("reel 3 wild found: " + free_spin_reel_counter[0]): null

2019-08-15 16:31:44 - [TEST_STEP][PASSED] - println("reel 4 wild found: " + free_spin_reel_counter[1]): null

2019-08-15 16:31:44 - [TEST_STEP][PASSED] - println("reel 5 wild found: " + free_spin_reel_counter[2]): null

2019-08-15 16:31:44 - [TEST_STEP][PASSED] - M4_spin_reels = M4_spin_reels: null

2019-08-15 16:31:44 - [TEST_STEP][PASSED] - M4_spin_reels_symbols = symbol: null

2019-08-15 16:31:44 - [TEST_STEP][PASSED] - M4_spin_reels_symbols = M4_spin_reels_symbols: null

2019-08-15 16:31:44 - [TEST_STEP][PASSED] - M4_spin_reel_wins = reel_wins: null

2019-08-15 16:31:44 - [TEST_STEP][PASSED] - M4_spin_reel_wins = M4_spin_reel_wins: null

2019-08-15 16:31:44 - [TEST_STEP][PASSED] - println("GlobalVariable.M4_spin_reel_wins is: " + M4_spin_reel_wins): null

2019-08-15 16:31:44 - [TEST_STEP][PASSED] - M4_spin_total_bonus_win_this_round = total_bonus_win_this_round: null

2019-08-15 16:31:44 - [TEST_STEP][PASSED] - M4_spin_total_bonus_win_this_round = M4_spin_total_bonus_win_this_round: null

2019-08-15 16:31:44 - [TEST_STEP][PASSED] - println("GlobalVariable.M4_spin_total_bonus_win_this_round is: " + M4_spin_total_bonus_win_this_round): null

2019-08-15 16:31:44 - [MESSAGE][PASSED] - Verify response successfully

2019-08-15 16:31:44 - [MESSAGE][PASSED] - Send request and verify the response successfully

2019-08-15 16:31:44 - [TEST_STEP][PASSED] - if (M4_total_bonus_spins_int != 0 &amp;&amp; M4_spin_reels_symbols[2].contains("WILD_Normal") || M4_spin_reels_symbols[3].contains("WILD_Normal") || M4_spin_reels_symbols[4].contains("WILD_Normal")): null

2019-08-15 16:31:44 - [TEST_STEP][PASSED] - free_spin_reel_counter = free_spin_reel_counter: null

2019-08-15 16:31:44 - [TEST_STEP][PASSED] - M4_spin_reels_symbols = M4_spin_reels_symbols: null

2019-08-15 16:31:44 - [TEST_STEP][PASSED] - M4_total_bonus_spins = M4_total_bonus_spins: null

2019-08-15 16:31:44 - [TEST_STEP][PASSED] - spin_result = sendRequestAndVerify(findTestObject("STG/RGS(M4)/1_M4_spin", ["M4_login_user_id":M4_login_user_id, "rgs_session_token":rgs_session_token, "partner":Partner])): Send request and verify the response successfully

2019-08-15 16:31:44 - [TEST_CASE][PASSED] - Start Test Case : Verification: Verification accomplished successfully

2019-08-15 16:31:44 - [TEST_STEP][PASSED] - request = getInstance().getCurrentRequest(): null

2019-08-15 16:31:44 - [TEST_STEP][PASSED] - response = getInstance().getCurrentResponse(): null

2019-08-15 16:31:44 - [TEST_STEP][PASSED] - verifyResponseStatusCode(response, 200): Verify response status code successfully

2019-08-15 16:31:44 - [MESSAGE][PASSED] - Verify response status code successfully

2019-08-15 16:31:44 - [TEST_STEP][PASSED] - getStatusCode()).isEqualTo(200): null

2019-08-15 16:31:44 - [TEST_STEP][PASSED] - newline = System.getProperty("line.separator"): null

2019-08-15 16:31:44 - [TEST_STEP][PASSED] - M4_spin = new groovy.json.JsonSlurper(): null

2019-08-15 16:31:44 - [TEST_STEP][PASSED] - result_M4_spin = M4_spin.parseText(response.getResponseBodyContent()): null

2019-08-15 16:31:44 - [TEST_STEP][PASSED] - M4_spin_current_balance = current_balance: null

2019-08-15 16:31:44 - [TEST_STEP][PASSED] - M4_spin_current_balance = M4_spin_current_balance: null

2019-08-15 16:31:44 - [TEST_STEP][PASSED] - M4_spin_transaction_id = causality: null

2019-08-15 16:31:44 - [TEST_STEP][PASSED] - M4_spin_transaction_id = M4_spin_transaction_id: null

2019-08-15 16:31:44 - [TEST_STEP][PASSED] - M4_spin_round_id = round_id: null

2019-08-15 16:31:44 - [TEST_STEP][PASSED] - M4_spin_round_id = M4_spin_round_id: null

2019-08-15 16:31:44 - [TEST_STEP][PASSED] - M4_spin_line_wins = line_wins: null

2019-08-15 16:31:44 - [TEST_STEP][PASSED] - M4_spin_line_wins = M4_spin_line_wins: null

2019-08-15 16:31:44 - [TEST_STEP][PASSED] - M4_total_bonus_spins_int = total_bonus_spins: null

2019-08-15 16:31:44 - [TEST_STEP][PASSED] - println("******M4_total_bonus_spins type is:*******" + newline + getClass().getName()): null

2019-08-15 16:31:44 - [TEST_STEP][PASSED] - M4_total_bonus_spins_int = M4_total_bonus_spins_int: null

2019-08-15 16:31:44 - [TEST_STEP][PASSED] - M4_total_bonus_spins = Integer.toString(M4_total_bonus_spins_int): null

2019-08-15 16:31:44 - [TEST_STEP][PASSED] - M4_total_bonus_spins = M4_total_bonus_spins: null

2019-08-15 16:31:44 - [TEST_STEP][PASSED] - println("M4_total_bonus_spins is:" + M4_total_bonus_spins): null

2019-08-15 16:31:44 - [TEST_STEP][PASSED] - M4_spin_bonus_data = bonus_data: null

2019-08-15 16:31:44 - [TEST_STEP][PASSED] - M4_spin_features_triggered = result_M4_spin: null

2019-08-15 16:31:44 - [TEST_STEP][PASSED] - wild = []: null

2019-08-15 16:31:44 - [TEST_STEP][PASSED] - wild[0] = "WILD_Expanding": null

2019-08-15 16:31:44 - [TEST_STEP][PASSED] - wild[1] = "WILD_Normal": null

2019-08-15 16:31:44 - [TEST_STEP][PASSED] - wild[2] = "WILD_Double": null

2019-08-15 16:31:44 - [TEST_STEP][PASSED] - wild[3] = "WILD_ExtraFG": null

2019-08-15 16:31:44 - [TEST_STEP][PASSED] - wild[4] = "WILD_Triple": null

2019-08-15 16:31:44 - [TEST_STEP][PASSED] - wildList = Arrays.asList(wild): null

2019-08-15 16:31:44 - [TEST_STEP][PASSED] - wildList = wildList: null

2019-08-15 16:31:44 - [TEST_STEP][PASSED] - free_spin_reel_counter = []: null

2019-08-15 16:31:44 - [TEST_STEP][PASSED] - free_spin_reel_counter[0] = 0: null

2019-08-15 16:31:44 - [TEST_STEP][PASSED] - free_spin_reel_counter[1] = 0: null

2019-08-15 16:31:44 - [TEST_STEP][PASSED] - free_spin_reel_counter[2] = 0: null

2019-08-15 16:31:44 - [TEST_STEP][PASSED] - M4_spin_reels = reels: null

2019-08-15 16:31:44 - [TEST_STEP][PASSED] - for ([i = 0, i &lt; M4_spin_reels.size(), (i++)]): null

2019-08-15 16:31:44 - [TEST_STEP][PASSED] - symbols = symbols: null

2019-08-15 16:31:44 - [TEST_STEP][PASSED] - for ([j = 0, j &lt; symbols.size(), (j++)]): null

2019-08-15 16:31:44 - [TEST_STEP][PASSED] - symbol = symbol: null

2019-08-15 16:31:44 - [TEST_STEP][PASSED] - println(symbol): null

2019-08-15 16:31:44 - [TEST_STEP][PASSED] - if (i == 2 &amp;&amp; wildList.indexOf(symbol) != -1): null

2019-08-15 16:31:44 - [TEST_STEP][PASSED] - if (i == 3 &amp;&amp; wildList.indexOf(symbol) != -1): null

2019-08-15 16:31:44 - [TEST_STEP][PASSED] - if (i == 4 &amp;&amp; wildList.indexOf(symbol) != -1): null

2019-08-15 16:31:44 - [TEST_STEP][PASSED] - symbol = symbol: null

2019-08-15 16:31:44 - [TEST_STEP][PASSED] - println(symbol): null

2019-08-15 16:31:44 - [TEST_STEP][PASSED] - if (i == 2 &amp;&amp; wildList.indexOf(symbol) != -1): null

2019-08-15 16:31:44 - [TEST_STEP][PASSED] - if (i == 3 &amp;&amp; wildList.indexOf(symbol) != -1): null

2019-08-15 16:31:44 - [TEST_STEP][PASSED] - if (i == 4 &amp;&amp; wildList.indexOf(symbol) != -1): null

2019-08-15 16:31:44 - [TEST_STEP][PASSED] - symbol = symbol: null

2019-08-15 16:31:44 - [TEST_STEP][PASSED] - println(symbol): null

2019-08-15 16:31:44 - [TEST_STEP][PASSED] - if (i == 2 &amp;&amp; wildList.indexOf(symbol) != -1): null

2019-08-15 16:31:44 - [TEST_STEP][PASSED] - if (i == 3 &amp;&amp; wildList.indexOf(symbol) != -1): null

2019-08-15 16:31:44 - [TEST_STEP][PASSED] - if (i == 4 &amp;&amp; wildList.indexOf(symbol) != -1): null

2019-08-15 16:31:44 - [TEST_STEP][PASSED] - symbols = symbols: null

2019-08-15 16:31:44 - [TEST_STEP][PASSED] - for ([j = 0, j &lt; symbols.size(), (j++)]): null

2019-08-15 16:31:44 - [TEST_STEP][PASSED] - symbol = symbol: null

2019-08-15 16:31:44 - [TEST_STEP][PASSED] - println(symbol): null

2019-08-15 16:31:44 - [TEST_STEP][PASSED] - if (i == 2 &amp;&amp; wildList.indexOf(symbol) != -1): null

2019-08-15 16:31:44 - [TEST_STEP][PASSED] - if (i == 3 &amp;&amp; wildList.indexOf(symbol) != -1): null

2019-08-15 16:31:44 - [TEST_STEP][PASSED] - if (i == 4 &amp;&amp; wildList.indexOf(symbol) != -1): null

2019-08-15 16:31:44 - [TEST_STEP][PASSED] - symbol = symbol: null

2019-08-15 16:31:44 - [TEST_STEP][PASSED] - println(symbol): null

2019-08-15 16:31:44 - [TEST_STEP][PASSED] - if (i == 2 &amp;&amp; wildList.indexOf(symbol) != -1): null

2019-08-15 16:31:44 - [TEST_STEP][PASSED] - if (i == 3 &amp;&amp; wildList.indexOf(symbol) != -1): null

2019-08-15 16:31:44 - [TEST_STEP][PASSED] - if (i == 4 &amp;&amp; wildList.indexOf(symbol) != -1): null

2019-08-15 16:31:44 - [TEST_STEP][PASSED] - symbol = symbol: null

2019-08-15 16:31:44 - [TEST_STEP][PASSED] - println(symbol): null

2019-08-15 16:31:44 - [TEST_STEP][PASSED] - if (i == 2 &amp;&amp; wildList.indexOf(symbol) != -1): null

2019-08-15 16:31:44 - [TEST_STEP][PASSED] - if (i == 3 &amp;&amp; wildList.indexOf(symbol) != -1): null

2019-08-15 16:31:44 - [TEST_STEP][PASSED] - if (i == 4 &amp;&amp; wildList.indexOf(symbol) != -1): null

2019-08-15 16:31:44 - [TEST_STEP][PASSED] - symbols = symbols: null

2019-08-15 16:31:44 - [TEST_STEP][PASSED] - for ([j = 0, j &lt; symbols.size(), (j++)]): null

2019-08-15 16:31:44 - [TEST_STEP][PASSED] - symbol = symbol: null

2019-08-15 16:31:44 - [TEST_STEP][PASSED] - println(symbol): null

2019-08-15 16:31:44 - [TEST_STEP][PASSED] - if (i == 2 &amp;&amp; wildList.indexOf(symbol) != -1): null

2019-08-15 16:31:44 - [TEST_STEP][PASSED] - if (i == 3 &amp;&amp; wildList.indexOf(symbol) != -1): null

2019-08-15 16:31:44 - [TEST_STEP][PASSED] - if (i == 4 &amp;&amp; wildList.indexOf(symbol) != -1): null

2019-08-15 16:31:44 - [TEST_STEP][PASSED] - symbol = symbol: null

2019-08-15 16:31:44 - [TEST_STEP][PASSED] - println(symbol): null

2019-08-15 16:31:44 - [TEST_STEP][PASSED] - if (i == 2 &amp;&amp; wildList.indexOf(symbol) != -1): null

2019-08-15 16:31:44 - [TEST_STEP][PASSED] - if (i == 3 &amp;&amp; wildList.indexOf(symbol) != -1): null

2019-08-15 16:31:44 - [TEST_STEP][PASSED] - if (i == 4 &amp;&amp; wildList.indexOf(symbol) != -1): null

2019-08-15 16:31:44 - [TEST_STEP][PASSED] - symbol = symbol: null

2019-08-15 16:31:44 - [TEST_STEP][PASSED] - println(symbol): null

2019-08-15 16:31:44 - [TEST_STEP][PASSED] - if (i == 2 &amp;&amp; wildList.indexOf(symbol) != -1): null

2019-08-15 16:31:44 - [TEST_STEP][PASSED] - if (i == 3 &amp;&amp; wildList.indexOf(symbol) != -1): null

2019-08-15 16:31:44 - [TEST_STEP][PASSED] - if (i == 4 &amp;&amp; wildList.indexOf(symbol) != -1): null

2019-08-15 16:31:44 - [TEST_STEP][PASSED] - symbols = symbols: null

2019-08-15 16:31:44 - [TEST_STEP][PASSED] - for ([j = 0, j &lt; symbols.size(), (j++)]): null

2019-08-15 16:31:44 - [TEST_STEP][PASSED] - symbol = symbol: null

2019-08-15 16:31:44 - [TEST_STEP][PASSED] - println(symbol): null

2019-08-15 16:31:44 - [TEST_STEP][PASSED] - if (i == 2 &amp;&amp; wildList.indexOf(symbol) != -1): null

2019-08-15 16:31:44 - [TEST_STEP][PASSED] - if (i == 3 &amp;&amp; wildList.indexOf(symbol) != -1): null

2019-08-15 16:31:44 - [TEST_STEP][PASSED] - if (i == 4 &amp;&amp; wildList.indexOf(symbol) != -1): null

2019-08-15 16:31:44 - [TEST_STEP][PASSED] - symbol = symbol: null

2019-08-15 16:31:44 - [TEST_STEP][PASSED] - println(symbol): null

2019-08-15 16:31:44 - [TEST_STEP][PASSED] - if (i == 2 &amp;&amp; wildList.indexOf(symbol) != -1): null

2019-08-15 16:31:44 - [TEST_STEP][PASSED] - if (i == 3 &amp;&amp; wildList.indexOf(symbol) != -1): null

2019-08-15 16:31:44 - [TEST_STEP][PASSED] - if (i == 4 &amp;&amp; wildList.indexOf(symbol) != -1): null

2019-08-15 16:31:44 - [TEST_STEP][PASSED] - symbol = symbol: null

2019-08-15 16:31:44 - [TEST_STEP][PASSED] - println(symbol): null

2019-08-15 16:31:44 - [TEST_STEP][PASSED] - if (i == 2 &amp;&amp; wildList.indexOf(symbol) != -1): null

2019-08-15 16:31:44 - [TEST_STEP][PASSED] - if (i == 3 &amp;&amp; wildList.indexOf(symbol) != -1): null

2019-08-15 16:31:44 - [TEST_STEP][PASSED] - if (i == 4 &amp;&amp; wildList.indexOf(symbol) != -1): null

2019-08-15 16:31:44 - [TEST_STEP][PASSED] - symbols = symbols: null

2019-08-15 16:31:44 - [TEST_STEP][PASSED] - for ([j = 0, j &lt; symbols.size(), (j++)]): null

2019-08-15 16:31:44 - [TEST_STEP][PASSED] - symbol = symbol: null

2019-08-15 16:31:44 - [TEST_STEP][PASSED] - println(symbol): null

2019-08-15 16:31:44 - [TEST_STEP][PASSED] - if (i == 2 &amp;&amp; wildList.indexOf(symbol) != -1): null

2019-08-15 16:31:44 - [TEST_STEP][PASSED] - if (i == 3 &amp;&amp; wildList.indexOf(symbol) != -1): null

2019-08-15 16:31:44 - [TEST_STEP][PASSED] - if (i == 4 &amp;&amp; wildList.indexOf(symbol) != -1): null

2019-08-15 16:31:44 - [TEST_STEP][PASSED] - symbol = symbol: null

2019-08-15 16:31:44 - [TEST_STEP][PASSED] - println(symbol): null

2019-08-15 16:31:48 - [TEST_STEP][PASSED] - if (i == 2 &amp;&amp; wildList.indexOf(symbol) != -1): null

2019-08-15 16:31:48 - [TEST_STEP][PASSED] - if (i == 3 &amp;&amp; wildList.indexOf(symbol) != -1): null

2019-08-15 16:31:48 - [TEST_STEP][PASSED] - if (i == 4 &amp;&amp; wildList.indexOf(symbol) != -1): null

2019-08-15 16:31:48 - [TEST_STEP][PASSED] - symbol = symbol: null

2019-08-15 16:31:48 - [TEST_STEP][PASSED] - println(symbol): null

2019-08-15 16:31:48 - [TEST_STEP][PASSED] - if (i == 2 &amp;&amp; wildList.indexOf(symbol) != -1): null

2019-08-15 16:31:49 - [TEST_STEP][PASSED] - if (i == 3 &amp;&amp; wildList.indexOf(symbol) != -1): null

2019-08-15 16:31:49 - [TEST_STEP][PASSED] - if (i == 4 &amp;&amp; wildList.indexOf(symbol) != -1): null

2019-08-15 16:31:49 - [TEST_STEP][PASSED] - free_spin_reel_counter = free_spin_reel_counter: null

2019-08-15 16:31:51 - [TEST_STEP][PASSED] - println("reel 3 wild found: " + free_spin_reel_counter[0]): null

2019-08-15 16:31:51 - [TEST_STEP][PASSED] - println("reel 4 wild found: " + free_spin_reel_counter[1]): null

2019-08-15 16:31:51 - [TEST_STEP][PASSED] - println("reel 5 wild found: " + free_spin_reel_counter[2]): null

2019-08-15 16:31:51 - [TEST_STEP][PASSED] - M4_spin_reels = M4_spin_reels: null

2019-08-15 16:31:51 - [TEST_STEP][PASSED] - M4_spin_reels_symbols = symbol: null

2019-08-15 16:31:51 - [TEST_STEP][PASSED] - M4_spin_reels_symbols = M4_spin_reels_symbols: null

2019-08-15 16:31:51 - [TEST_STEP][PASSED] - M4_spin_reel_wins = reel_wins: null

2019-08-15 16:31:51 - [TEST_STEP][PASSED] - M4_spin_reel_wins = M4_spin_reel_wins: null

2019-08-15 16:31:51 - [TEST_STEP][PASSED] - println("GlobalVariable.M4_spin_reel_wins is: " + M4_spin_reel_wins): null

2019-08-15 16:31:51 - [TEST_STEP][PASSED] - M4_spin_total_bonus_win_this_round = total_bonus_win_this_round: null

2019-08-15 16:31:51 - [TEST_STEP][PASSED] - M4_spin_total_bonus_win_this_round = M4_spin_total_bonus_win_this_round: null

2019-08-15 16:31:51 - [TEST_STEP][PASSED] - println("GlobalVariable.M4_spin_total_bonus_win_this_round is: " + M4_spin_total_bonus_win_this_round): null

2019-08-15 16:31:51 - [MESSAGE][PASSED] - Verify response successfully

2019-08-15 16:31:51 - [MESSAGE][PASSED] - Send request and verify the response successfully

2019-08-15 16:31:51 - [TEST_STEP][PASSED] - if (M4_total_bonus_spins_int != 0 &amp;&amp; M4_spin_reels_symbols[2].contains("WILD_Normal") || M4_spin_reels_symbols[3].contains("WILD_Normal") || M4_spin_reels_symbols[4].contains("WILD_Normal")): null

2019-08-15 16:31:51 - [TEST_STEP][PASSED] - free_spin_reel_counter = free_spin_reel_counter: null

2019-08-15 16:31:51 - [TEST_STEP][PASSED] - M4_spin_reels_symbols = M4_spin_reels_symbols: null

2019-08-15 16:31:51 - [TEST_STEP][PASSED] - M4_total_bonus_spins = M4_total_bonus_spins: null

2019-08-15 16:31:51 - [TEST_STEP][PASSED] - spin_result = sendRequestAndVerify(findTestObject("STG/RGS(M4)/1_M4_spin", ["M4_login_user_id":M4_login_user_id, "rgs_session_token":rgs_session_token, "partner":Partner])): Send request and verify the response successfully

2019-08-15 16:31:52 - [TEST_CASE][PASSED] - Start Test Case : Verification: Verification accomplished successfully

2019-08-15 16:31:52 - [TEST_STEP][PASSED] - request = getInstance().getCurrentRequest(): null

2019-08-15 16:31:52 - [TEST_STEP][PASSED] - response = getInstance().getCurrentResponse(): null

2019-08-15 16:31:52 - [TEST_STEP][PASSED] - verifyResponseStatusCode(response, 200): Verify response status code successfully

2019-08-15 16:31:52 - [MESSAGE][PASSED] - Verify response status code successfully

2019-08-15 16:31:52 - [TEST_STEP][PASSED] - getStatusCode()).isEqualTo(200): null

2019-08-15 16:31:52 - [TEST_STEP][PASSED] - newline = System.getProperty("line.separator"): null

2019-08-15 16:31:52 - [TEST_STEP][PASSED] - M4_spin = new groovy.json.JsonSlurper(): null

2019-08-15 16:31:52 - [TEST_STEP][PASSED] - result_M4_spin = M4_spin.parseText(response.getResponseBodyContent()): null

2019-08-15 16:31:52 - [TEST_STEP][PASSED] - M4_spin_current_balance = current_balance: null

2019-08-15 16:31:52 - [TEST_STEP][PASSED] - M4_spin_current_balance = M4_spin_current_balance: null

2019-08-15 16:31:52 - [TEST_STEP][PASSED] - M4_spin_transaction_id = causality: null

2019-08-15 16:31:52 - [TEST_STEP][PASSED] - M4_spin_transaction_id = M4_spin_transaction_id: null

2019-08-15 16:31:52 - [TEST_STEP][PASSED] - M4_spin_round_id = round_id: null

2019-08-15 16:31:52 - [TEST_STEP][PASSED] - M4_spin_round_id = M4_spin_round_id: null

2019-08-15 16:31:52 - [TEST_STEP][PASSED] - M4_spin_line_wins = line_wins: null

2019-08-15 16:31:52 - [TEST_STEP][PASSED] - M4_spin_line_wins = M4_spin_line_wins: null

2019-08-15 16:31:52 - [TEST_STEP][PASSED] - M4_total_bonus_spins_int = total_bonus_spins: null

2019-08-15 16:31:52 - [TEST_STEP][PASSED] - println("******M4_total_bonus_spins type is:*******" + newline + getClass().getName()): null

2019-08-15 16:31:52 - [TEST_STEP][PASSED] - M4_total_bonus_spins_int = M4_total_bonus_spins_int: null

2019-08-15 16:31:52 - [TEST_STEP][PASSED] - M4_total_bonus_spins = Integer.toString(M4_total_bonus_spins_int): null

2019-08-15 16:31:52 - [TEST_STEP][PASSED] - M4_total_bonus_spins = M4_total_bonus_spins: null

2019-08-15 16:31:52 - [TEST_STEP][PASSED] - println("M4_total_bonus_spins is:" + M4_total_bonus_spins): null

2019-08-15 16:31:52 - [TEST_STEP][PASSED] - M4_spin_bonus_data = bonus_data: null

2019-08-15 16:31:52 - [TEST_STEP][PASSED] - M4_spin_features_triggered = result_M4_spin: null

2019-08-15 16:31:52 - [TEST_STEP][PASSED] - wild = []: null

2019-08-15 16:31:52 - [TEST_STEP][PASSED] - wild[0] = "WILD_Expanding": null

2019-08-15 16:31:52 - [TEST_STEP][PASSED] - wild[1] = "WILD_Normal": null

2019-08-15 16:31:52 - [TEST_STEP][PASSED] - wild[2] = "WILD_Double": null

2019-08-15 16:31:52 - [TEST_STEP][PASSED] - wild[3] = "WILD_ExtraFG": null

2019-08-15 16:31:52 - [TEST_STEP][PASSED] - wild[4] = "WILD_Triple": null

2019-08-15 16:31:52 - [TEST_STEP][PASSED] - wildList = Arrays.asList(wild): null

2019-08-15 16:31:52 - [TEST_STEP][PASSED] - wildList = wildList: null

2019-08-15 16:31:52 - [TEST_STEP][PASSED] - free_spin_reel_counter = []: null

2019-08-15 16:31:52 - [TEST_STEP][PASSED] - free_spin_reel_counter[0] = 0: null

2019-08-15 16:31:52 - [TEST_STEP][PASSED] - free_spin_reel_counter[1] = 0: null

2019-08-15 16:31:52 - [TEST_STEP][PASSED] - free_spin_reel_counter[2] = 0: null

2019-08-15 16:31:52 - [TEST_STEP][PASSED] - M4_spin_reels = reels: null

2019-08-15 16:31:52 - [TEST_STEP][PASSED] - for ([i = 0, i &lt; M4_spin_reels.size(), (i++)]): null

2019-08-15 16:31:52 - [TEST_STEP][PASSED] - symbols = symbols: null

2019-08-15 16:31:52 - [TEST_STEP][PASSED] - for ([j = 0, j &lt; symbols.size(), (j++)]): null

2019-08-15 16:31:52 - [TEST_STEP][PASSED] - symbol = symbol: null

2019-08-15 16:31:52 - [TEST_STEP][PASSED] - println(symbol): null

2019-08-15 16:31:52 - [TEST_STEP][PASSED] - if (i == 2 &amp;&amp; wildList.indexOf(symbol) != -1): null

2019-08-15 16:31:52 - [TEST_STEP][PASSED] - if (i == 3 &amp;&amp; wildList.indexOf(symbol) != -1): null

2019-08-15 16:31:52 - [TEST_STEP][PASSED] - if (i == 4 &amp;&amp; wildList.indexOf(symbol) != -1): null

2019-08-15 16:31:52 - [TEST_STEP][PASSED] - symbol = symbol: null

2019-08-15 16:31:52 - [TEST_STEP][PASSED] - println(symbol): null

2019-08-15 16:31:52 - [TEST_STEP][PASSED] - if (i == 2 &amp;&amp; wildList.indexOf(symbol) != -1): null

2019-08-15 16:31:52 - [TEST_STEP][PASSED] - if (i == 3 &amp;&amp; wildList.indexOf(symbol) != -1): null

2019-08-15 16:31:52 - [TEST_STEP][PASSED] - if (i == 4 &amp;&amp; wildList.indexOf(symbol) != -1): null

2019-08-15 16:31:52 - [TEST_STEP][PASSED] - symbol = symbol: null

2019-08-15 16:31:52 - [TEST_STEP][PASSED] - println(symbol): null

2019-08-15 16:31:52 - [TEST_STEP][PASSED] - if (i == 2 &amp;&amp; wildList.indexOf(symbol) != -1): null

2019-08-15 16:31:52 - [TEST_STEP][PASSED] - if (i == 3 &amp;&amp; wildList.indexOf(symbol) != -1): null

2019-08-15 16:31:52 - [TEST_STEP][PASSED] - if (i == 4 &amp;&amp; wildList.indexOf(symbol) != -1): null

2019-08-15 16:31:52 - [TEST_STEP][PASSED] - symbols = symbols: null

2019-08-15 16:31:52 - [TEST_STEP][PASSED] - for ([j = 0, j &lt; symbols.size(), (j++)]): null

2019-08-15 16:31:52 - [TEST_STEP][PASSED] - symbol = symbol: null

2019-08-15 16:31:52 - [TEST_STEP][PASSED] - println(symbol): null

2019-08-15 16:31:52 - [TEST_STEP][PASSED] - if (i == 2 &amp;&amp; wildList.indexOf(symbol) != -1): null

2019-08-15 16:31:52 - [TEST_STEP][PASSED] - if (i == 3 &amp;&amp; wildList.indexOf(symbol) != -1): null

2019-08-15 16:31:52 - [TEST_STEP][PASSED] - if (i == 4 &amp;&amp; wildList.indexOf(symbol) != -1): null

2019-08-15 16:31:52 - [TEST_STEP][PASSED] - symbol = symbol: null

2019-08-15 16:31:52 - [TEST_STEP][PASSED] - println(symbol): null

2019-08-15 16:31:52 - [TEST_STEP][PASSED] - if (i == 2 &amp;&amp; wildList.indexOf(symbol) != -1): null

2019-08-15 16:31:52 - [TEST_STEP][PASSED] - if (i == 3 &amp;&amp; wildList.indexOf(symbol) != -1): null

2019-08-15 16:31:52 - [TEST_STEP][PASSED] - if (i == 4 &amp;&amp; wildList.indexOf(symbol) != -1): null

2019-08-15 16:31:52 - [TEST_STEP][PASSED] - symbol = symbol: null

2019-08-15 16:31:52 - [TEST_STEP][PASSED] - println(symbol): null

2019-08-15 16:31:52 - [TEST_STEP][PASSED] - if (i == 2 &amp;&amp; wildList.indexOf(symbol) != -1): null

2019-08-15 16:31:52 - [TEST_STEP][PASSED] - if (i == 3 &amp;&amp; wildList.indexOf(symbol) != -1): null

2019-08-15 16:31:52 - [TEST_STEP][PASSED] - if (i == 4 &amp;&amp; wildList.indexOf(symbol) != -1): null

2019-08-15 16:31:52 - [TEST_STEP][PASSED] - symbols = symbols: null

2019-08-15 16:31:52 - [TEST_STEP][PASSED] - for ([j = 0, j &lt; symbols.size(), (j++)]): null

2019-08-15 16:31:52 - [TEST_STEP][PASSED] - symbol = symbol: null

2019-08-15 16:31:52 - [TEST_STEP][PASSED] - println(symbol): null

2019-08-15 16:31:52 - [TEST_STEP][PASSED] - if (i == 2 &amp;&amp; wildList.indexOf(symbol) != -1): null

2019-08-15 16:31:52 - [TEST_STEP][PASSED] - println("wild found on reel 3, adding counter by 1"): null

2019-08-15 16:31:52 - [TEST_STEP][PASSED] - free_spin_reel_counter[0] = free_spin_reel_counter[0] + 1: null

2019-08-15 16:31:52 - [TEST_STEP][PASSED] - if (i == 3 &amp;&amp; wildList.indexOf(symbol) != -1): null

2019-08-15 16:31:52 - [TEST_STEP][PASSED] - if (i == 4 &amp;&amp; wildList.indexOf(symbol) != -1): null

2019-08-15 16:31:52 - [TEST_STEP][PASSED] - symbol = symbol: null

2019-08-15 16:31:52 - [TEST_STEP][PASSED] - println(symbol): null

2019-08-15 16:31:52 - [TEST_STEP][PASSED] - if (i == 2 &amp;&amp; wildList.indexOf(symbol) != -1): null

2019-08-15 16:31:52 - [TEST_STEP][PASSED] - if (i == 3 &amp;&amp; wildList.indexOf(symbol) != -1): null

2019-08-15 16:31:52 - [TEST_STEP][PASSED] - if (i == 4 &amp;&amp; wildList.indexOf(symbol) != -1): null

2019-08-15 16:31:52 - [TEST_STEP][PASSED] - symbol = symbol: null

2019-08-15 16:31:52 - [TEST_STEP][PASSED] - println(symbol): null

2019-08-15 16:31:52 - [TEST_STEP][PASSED] - if (i == 2 &amp;&amp; wildList.indexOf(symbol) != -1): null

2019-08-15 16:31:52 - [TEST_STEP][PASSED] - if (i == 3 &amp;&amp; wildList.indexOf(symbol) != -1): null

2019-08-15 16:31:52 - [TEST_STEP][PASSED] - if (i == 4 &amp;&amp; wildList.indexOf(symbol) != -1): null

2019-08-15 16:31:52 - [TEST_STEP][PASSED] - symbols = symbols: null

2019-08-15 16:31:52 - [TEST_STEP][PASSED] - for ([j = 0, j &lt; symbols.size(), (j++)]): null

2019-08-15 16:31:52 - [TEST_STEP][PASSED] - symbol = symbol: null

2019-08-15 16:31:52 - [TEST_STEP][PASSED] - println(symbol): null

2019-08-15 16:31:52 - [TEST_STEP][PASSED] - if (i == 2 &amp;&amp; wildList.indexOf(symbol) != -1): null

2019-08-15 16:31:52 - [TEST_STEP][PASSED] - if (i == 3 &amp;&amp; wildList.indexOf(symbol) != -1): null

2019-08-15 16:31:52 - [TEST_STEP][PASSED] - if (i == 4 &amp;&amp; wildList.indexOf(symbol) != -1): null

2019-08-15 16:31:52 - [TEST_STEP][PASSED] - symbol = symbol: null

2019-08-15 16:31:52 - [TEST_STEP][PASSED] - println(symbol): null

2019-08-15 16:31:52 - [TEST_STEP][PASSED] - if (i == 2 &amp;&amp; wildList.indexOf(symbol) != -1): null

2019-08-15 16:31:52 - [TEST_STEP][PASSED] - if (i == 3 &amp;&amp; wildList.indexOf(symbol) != -1): null

2019-08-15 16:31:52 - [TEST_STEP][PASSED] - if (i == 4 &amp;&amp; wildList.indexOf(symbol) != -1): null

2019-08-15 16:31:52 - [TEST_STEP][PASSED] - symbol = symbol: null

2019-08-15 16:31:52 - [TEST_STEP][PASSED] - println(symbol): null

2019-08-15 16:31:52 - [TEST_STEP][PASSED] - if (i == 2 &amp;&amp; wildList.indexOf(symbol) != -1): null

2019-08-15 16:31:52 - [TEST_STEP][PASSED] - if (i == 3 &amp;&amp; wildList.indexOf(symbol) != -1): null

2019-08-15 16:31:52 - [TEST_STEP][PASSED] - if (i == 4 &amp;&amp; wildList.indexOf(symbol) != -1): null

2019-08-15 16:31:52 - [TEST_STEP][PASSED] - symbols = symbols: null

2019-08-15 16:31:52 - [TEST_STEP][PASSED] - for ([j = 0, j &lt; symbols.size(), (j++)]): null

2019-08-15 16:31:52 - [TEST_STEP][PASSED] - symbol = symbol: null

2019-08-15 16:31:52 - [TEST_STEP][PASSED] - println(symbol): null

2019-08-15 16:31:52 - [TEST_STEP][PASSED] - if (i == 2 &amp;&amp; wildList.indexOf(symbol) != -1): null

2019-08-15 16:31:52 - [TEST_STEP][PASSED] - if (i == 3 &amp;&amp; wildList.indexOf(symbol) != -1): null

2019-08-15 16:31:52 - [TEST_STEP][PASSED] - if (i == 4 &amp;&amp; wildList.indexOf(symbol) != -1): null

2019-08-15 16:31:52 - [TEST_STEP][PASSED] - symbol = symbol: null

2019-08-15 16:31:52 - [TEST_STEP][PASSED] - println(symbol): null

2019-08-15 16:31:52 - [TEST_STEP][PASSED] - if (i == 2 &amp;&amp; wildList.indexOf(symbol) != -1): null

2019-08-15 16:31:52 - [TEST_STEP][PASSED] - if (i == 3 &amp;&amp; wildList.indexOf(symbol) != -1): null

2019-08-15 16:31:52 - [TEST_STEP][PASSED] - if (i == 4 &amp;&amp; wildList.indexOf(symbol) != -1): null

2019-08-15 16:31:52 - [TEST_STEP][PASSED] - println("wild found on reel 5, adding counter by 1"): null

2019-08-15 16:31:52 - [TEST_STEP][PASSED] - free_spin_reel_counter[2] = free_spin_reel_counter[2] + 1: null

2019-08-15 16:31:52 - [TEST_STEP][PASSED] - symbol = symbol: null

2019-08-15 16:31:52 - [TEST_STEP][PASSED] - println(symbol): null

2019-08-15 16:31:52 - [TEST_STEP][PASSED] - if (i == 2 &amp;&amp; wildList.indexOf(symbol) != -1): null

2019-08-15 16:31:52 - [TEST_STEP][PASSED] - if (i == 3 &amp;&amp; wildList.indexOf(symbol) != -1): null

2019-08-15 16:31:52 - [TEST_STEP][PASSED] - if (i == 4 &amp;&amp; wildList.indexOf(symbol) != -1): null

2019-08-15 16:31:52 - [TEST_STEP][PASSED] - free_spin_reel_counter = free_spin_reel_counter: null

2019-08-15 16:31:52 - [TEST_STEP][PASSED] - println("reel 3 wild found: " + free_spin_reel_counter[0]): null

2019-08-15 16:31:52 - [TEST_STEP][PASSED] - println("reel 4 wild found: " + free_spin_reel_counter[1]): null

2019-08-15 16:31:52 - [TEST_STEP][PASSED] - println("reel 5 wild found: " + free_spin_reel_counter[2]): null

2019-08-15 16:31:52 - [TEST_STEP][PASSED] - M4_spin_reels = M4_spin_reels: null

2019-08-15 16:31:52 - [TEST_STEP][PASSED] - M4_spin_reels_symbols = symbol: null

2019-08-15 16:31:52 - [TEST_STEP][PASSED] - M4_spin_reels_symbols = M4_spin_reels_symbols: null

2019-08-15 16:31:52 - [TEST_STEP][PASSED] - M4_spin_reel_wins = reel_wins: null

2019-08-15 16:31:52 - [TEST_STEP][PASSED] - M4_spin_reel_wins = M4_spin_reel_wins: null

2019-08-15 16:31:52 - [TEST_STEP][PASSED] - println("GlobalVariable.M4_spin_reel_wins is: " + M4_spin_reel_wins): null

2019-08-15 16:31:52 - [TEST_STEP][PASSED] - M4_spin_total_bonus_win_this_round = total_bonus_win_this_round: null

2019-08-15 16:31:52 - [TEST_STEP][PASSED] - M4_spin_total_bonus_win_this_round = M4_spin_total_bonus_win_this_round: null

2019-08-15 16:31:52 - [TEST_STEP][PASSED] - println("GlobalVariable.M4_spin_total_bonus_win_this_round is: " + M4_spin_total_bonus_win_this_round): null

2019-08-15 16:31:52 - [MESSAGE][PASSED] - Verify response successfully

2019-08-15 16:31:52 - [MESSAGE][PASSED] - Send request and verify the response successfully

2019-08-15 16:31:52 - [TEST_STEP][PASSED] - if (M4_total_bonus_spins_int != 0 &amp;&amp; M4_spin_reels_symbols[2].contains("WILD_Normal") || M4_spin_reels_symbols[3].contains("WILD_Normal") || M4_spin_reels_symbols[4].contains("WILD_Normal")): null

2019-08-15 16:31:52 - [TEST_STEP][PASSED] - free_spin_reel_counter = free_spin_reel_counter: null

2019-08-15 16:31:52 - [TEST_STEP][PASSED] - M4_spin_reels_symbols = M4_spin_reels_symbols: null

2019-08-15 16:31:52 - [TEST_STEP][PASSED] - M4_total_bonus_spins = M4_total_bonus_spins: null

2019-08-15 16:31:52 - [TEST_STEP][PASSED] - spin_result = sendRequestAndVerify(findTestObject("STG/RGS(M4)/1_M4_spin", ["M4_login_user_id":M4_login_user_id, "rgs_session_token":rgs_session_token, "partner":Partner])): Send request and verify the response successfully

2019-08-15 16:31:52 - [TEST_CASE][PASSED] - Start Test Case : Verification: Verification accomplished successfully

2019-08-15 16:31:52 - [TEST_STEP][PASSED] - request = getInstance().getCurrentRequest(): null

2019-08-15 16:31:52 - [TEST_STEP][PASSED] - response = getInstance().getCurrentResponse(): null

2019-08-15 16:31:52 - [TEST_STEP][PASSED] - verifyResponseStatusCode(response, 200): Verify response status code successfully

2019-08-15 16:31:52 - [MESSAGE][PASSED] - Verify response status code successfully

2019-08-15 16:31:52 - [TEST_STEP][PASSED] - getStatusCode()).isEqualTo(200): null

2019-08-15 16:31:52 - [TEST_STEP][PASSED] - newline = System.getProperty("line.separator"): null

2019-08-15 16:31:52 - [TEST_STEP][PASSED] - M4_spin = new groovy.json.JsonSlurper(): null

2019-08-15 16:31:52 - [TEST_STEP][PASSED] - result_M4_spin = M4_spin.parseText(response.getResponseBodyContent()): null

2019-08-15 16:31:52 - [TEST_STEP][PASSED] - M4_spin_current_balance = current_balance: null

2019-08-15 16:31:52 - [TEST_STEP][PASSED] - M4_spin_current_balance = M4_spin_current_balance: null

2019-08-15 16:31:52 - [TEST_STEP][PASSED] - M4_spin_transaction_id = causality: null

2019-08-15 16:31:52 - [TEST_STEP][PASSED] - M4_spin_transaction_id = M4_spin_transaction_id: null

2019-08-15 16:31:52 - [TEST_STEP][PASSED] - M4_spin_round_id = round_id: null

2019-08-15 16:31:52 - [TEST_STEP][PASSED] - M4_spin_round_id = M4_spin_round_id: null

2019-08-15 16:31:52 - [TEST_STEP][PASSED] - M4_spin_line_wins = line_wins: null

2019-08-15 16:31:52 - [TEST_STEP][PASSED] - M4_spin_line_wins = M4_spin_line_wins: null

2019-08-15 16:31:52 - [TEST_STEP][PASSED] - M4_total_bonus_spins_int = total_bonus_spins: null

2019-08-15 16:31:52 - [TEST_STEP][PASSED] - println("******M4_total_bonus_spins type is:*******" + newline + getClass().getName()): null

2019-08-15 16:31:52 - [TEST_STEP][PASSED] - M4_total_bonus_spins_int = M4_total_bonus_spins_int: null

2019-08-15 16:31:52 - [TEST_STEP][PASSED] - M4_total_bonus_spins = Integer.toString(M4_total_bonus_spins_int): null

2019-08-15 16:31:52 - [TEST_STEP][PASSED] - M4_total_bonus_spins = M4_total_bonus_spins: null

2019-08-15 16:31:52 - [TEST_STEP][PASSED] - println("M4_total_bonus_spins is:" + M4_total_bonus_spins): null

2019-08-15 16:31:52 - [TEST_STEP][PASSED] - M4_spin_bonus_data = bonus_data: null

2019-08-15 16:31:52 - [TEST_STEP][PASSED] - M4_spin_features_triggered = result_M4_spin: null

2019-08-15 16:31:52 - [TEST_STEP][PASSED] - wild = []: null

2019-08-15 16:31:52 - [TEST_STEP][PASSED] - wild[0] = "WILD_Expanding": null

2019-08-15 16:31:52 - [TEST_STEP][PASSED] - wild[1] = "WILD_Normal": null

2019-08-15 16:31:52 - [TEST_STEP][PASSED] - wild[2] = "WILD_Double": null

2019-08-15 16:31:52 - [TEST_STEP][PASSED] - wild[3] = "WILD_ExtraFG": null

2019-08-15 16:31:52 - [TEST_STEP][PASSED] - wild[4] = "WILD_Triple": null

2019-08-15 16:31:52 - [TEST_STEP][PASSED] - wildList = Arrays.asList(wild): null

2019-08-15 16:31:52 - [TEST_STEP][PASSED] - wildList = wildList: null

2019-08-15 16:31:52 - [TEST_STEP][PASSED] - free_spin_reel_counter = []: null

2019-08-15 16:31:52 - [TEST_STEP][PASSED] - free_spin_reel_counter[0] = 0: null

2019-08-15 16:31:52 - [TEST_STEP][PASSED] - free_spin_reel_counter[1] = 0: null

2019-08-15 16:31:52 - [TEST_STEP][PASSED] - free_spin_reel_counter[2] = 0: null

2019-08-15 16:31:52 - [TEST_STEP][PASSED] - M4_spin_reels = reels: null

2019-08-15 16:31:52 - [TEST_STEP][PASSED] - for ([i = 0, i &lt; M4_spin_reels.size(), (i++)]): null

2019-08-15 16:31:52 - [TEST_STEP][PASSED] - symbols = symbols: null

2019-08-15 16:31:52 - [TEST_STEP][PASSED] - for ([j = 0, j &lt; symbols.size(), (j++)]): null

2019-08-15 16:31:52 - [TEST_STEP][PASSED] - symbol = symbol: null

2019-08-15 16:31:52 - [TEST_STEP][PASSED] - println(symbol): null

2019-08-15 16:31:52 - [TEST_STEP][PASSED] - if (i == 2 &amp;&amp; wildList.indexOf(symbol) != -1): null

2019-08-15 16:31:52 - [TEST_STEP][PASSED] - if (i == 3 &amp;&amp; wildList.indexOf(symbol) != -1): null

2019-08-15 16:31:52 - [TEST_STEP][PASSED] - if (i == 4 &amp;&amp; wildList.indexOf(symbol) != -1): null

2019-08-15 16:31:52 - [TEST_STEP][PASSED] - symbol = symbol: null

2019-08-15 16:31:52 - [TEST_STEP][PASSED] - println(symbol): null

2019-08-15 16:31:52 - [TEST_STEP][PASSED] - if (i == 2 &amp;&amp; wildList.indexOf(symbol) != -1): null

2019-08-15 16:31:52 - [TEST_STEP][PASSED] - if (i == 3 &amp;&amp; wildList.indexOf(symbol) != -1): null

2019-08-15 16:31:52 - [TEST_STEP][PASSED] - if (i == 4 &amp;&amp; wildList.indexOf(symbol) != -1): null

2019-08-15 16:31:52 - [TEST_STEP][PASSED] - symbol = symbol: null

2019-08-15 16:31:52 - [TEST_STEP][PASSED] - println(symbol): null

2019-08-15 16:31:52 - [TEST_STEP][PASSED] - if (i == 2 &amp;&amp; wildList.indexOf(symbol) != -1): null

2019-08-15 16:31:52 - [TEST_STEP][PASSED] - if (i == 3 &amp;&amp; wildList.indexOf(symbol) != -1): null

2019-08-15 16:31:52 - [TEST_STEP][PASSED] - if (i == 4 &amp;&amp; wildList.indexOf(symbol) != -1): null

2019-08-15 16:31:52 - [TEST_STEP][PASSED] - symbols = symbols: null

2019-08-15 16:31:52 - [TEST_STEP][PASSED] - for ([j = 0, j &lt; symbols.size(), (j++)]): null

2019-08-15 16:31:52 - [TEST_STEP][PASSED] - symbol = symbol: null

2019-08-15 16:31:52 - [TEST_STEP][PASSED] - println(symbol): null

2019-08-15 16:31:52 - [TEST_STEP][PASSED] - if (i == 2 &amp;&amp; wildList.indexOf(symbol) != -1): null

2019-08-15 16:31:52 - [TEST_STEP][PASSED] - if (i == 3 &amp;&amp; wildList.indexOf(symbol) != -1): null

2019-08-15 16:31:52 - [TEST_STEP][PASSED] - if (i == 4 &amp;&amp; wildList.indexOf(symbol) != -1): null

2019-08-15 16:31:52 - [TEST_STEP][PASSED] - symbol = symbol: null

2019-08-15 16:31:52 - [TEST_STEP][PASSED] - println(symbol): null

2019-08-15 16:31:52 - [TEST_STEP][PASSED] - if (i == 2 &amp;&amp; wildList.indexOf(symbol) != -1): null

2019-08-15 16:31:52 - [TEST_STEP][PASSED] - if (i == 3 &amp;&amp; wildList.indexOf(symbol) != -1): null

2019-08-15 16:31:52 - [TEST_STEP][PASSED] - if (i == 4 &amp;&amp; wildList.indexOf(symbol) != -1): null

2019-08-15 16:31:52 - [TEST_STEP][PASSED] - symbol = symbol: null

2019-08-15 16:31:52 - [TEST_STEP][PASSED] - println(symbol): null

2019-08-15 16:31:52 - [TEST_STEP][PASSED] - if (i == 2 &amp;&amp; wildList.indexOf(symbol) != -1): null

2019-08-15 16:31:52 - [TEST_STEP][PASSED] - if (i == 3 &amp;&amp; wildList.indexOf(symbol) != -1): null

2019-08-15 16:31:52 - [TEST_STEP][PASSED] - if (i == 4 &amp;&amp; wildList.indexOf(symbol) != -1): null

2019-08-15 16:31:52 - [TEST_STEP][PASSED] - symbols = symbols: null

2019-08-15 16:31:52 - [TEST_STEP][PASSED] - for ([j = 0, j &lt; symbols.size(), (j++)]): null

2019-08-15 16:31:52 - [TEST_STEP][PASSED] - symbol = symbol: null

2019-08-15 16:31:52 - [TEST_STEP][PASSED] - println(symbol): null

2019-08-15 16:31:52 - [TEST_STEP][PASSED] - if (i == 2 &amp;&amp; wildList.indexOf(symbol) != -1): null

2019-08-15 16:31:52 - [TEST_STEP][PASSED] - if (i == 3 &amp;&amp; wildList.indexOf(symbol) != -1): null

2019-08-15 16:31:52 - [TEST_STEP][PASSED] - if (i == 4 &amp;&amp; wildList.indexOf(symbol) != -1): null

2019-08-15 16:31:52 - [TEST_STEP][PASSED] - symbol = symbol: null

2019-08-15 16:31:52 - [TEST_STEP][PASSED] - println(symbol): null

2019-08-15 16:31:52 - [TEST_STEP][PASSED] - if (i == 2 &amp;&amp; wildList.indexOf(symbol) != -1): null

2019-08-15 16:31:52 - [TEST_STEP][PASSED] - if (i == 3 &amp;&amp; wildList.indexOf(symbol) != -1): null

2019-08-15 16:31:52 - [TEST_STEP][PASSED] - if (i == 4 &amp;&amp; wildList.indexOf(symbol) != -1): null

2019-08-15 16:31:52 - [TEST_STEP][PASSED] - symbol = symbol: null

2019-08-15 16:31:52 - [TEST_STEP][PASSED] - println(symbol): null

2019-08-15 16:31:52 - [TEST_STEP][PASSED] - if (i == 2 &amp;&amp; wildList.indexOf(symbol) != -1): null

2019-08-15 16:31:52 - [TEST_STEP][PASSED] - if (i == 3 &amp;&amp; wildList.indexOf(symbol) != -1): null

2019-08-15 16:31:52 - [TEST_STEP][PASSED] - if (i == 4 &amp;&amp; wildList.indexOf(symbol) != -1): null

2019-08-15 16:31:52 - [TEST_STEP][PASSED] - symbols = symbols: null

2019-08-15 16:31:52 - [TEST_STEP][PASSED] - for ([j = 0, j &lt; symbols.size(), (j++)]): null

2019-08-15 16:31:52 - [TEST_STEP][PASSED] - symbol = symbol: null

2019-08-15 16:31:52 - [TEST_STEP][PASSED] - println(symbol): null

2019-08-15 16:31:52 - [TEST_STEP][PASSED] - if (i == 2 &amp;&amp; wildList.indexOf(symbol) != -1): null

2019-08-15 16:31:52 - [TEST_STEP][PASSED] - if (i == 3 &amp;&amp; wildList.indexOf(symbol) != -1): null

2019-08-15 16:31:52 - [TEST_STEP][PASSED] - if (i == 4 &amp;&amp; wildList.indexOf(symbol) != -1): null

2019-08-15 16:31:52 - [TEST_STEP][PASSED] - symbol = symbol: null

2019-08-15 16:31:52 - [TEST_STEP][PASSED] - println(symbol): null

2019-08-15 16:31:52 - [TEST_STEP][PASSED] - if (i == 2 &amp;&amp; wildList.indexOf(symbol) != -1): null

2019-08-15 16:31:52 - [TEST_STEP][PASSED] - if (i == 3 &amp;&amp; wildList.indexOf(symbol) != -1): null

2019-08-15 16:31:52 - [TEST_STEP][PASSED] - if (i == 4 &amp;&amp; wildList.indexOf(symbol) != -1): null

2019-08-15 16:31:52 - [TEST_STEP][PASSED] - symbol = symbol: null

2019-08-15 16:31:52 - [TEST_STEP][PASSED] - println(symbol): null

2019-08-15 16:31:52 - [TEST_STEP][PASSED] - if (i == 2 &amp;&amp; wildList.indexOf(symbol) != -1): null

2019-08-15 16:31:52 - [TEST_STEP][PASSED] - if (i == 3 &amp;&amp; wildList.indexOf(symbol) != -1): null

2019-08-15 16:31:52 - [TEST_STEP][PASSED] - if (i == 4 &amp;&amp; wildList.indexOf(symbol) != -1): null

2019-08-15 16:31:52 - [TEST_STEP][PASSED] - symbols = symbols: null

2019-08-15 16:31:52 - [TEST_STEP][PASSED] - for ([j = 0, j &lt; symbols.size(), (j++)]): null

2019-08-15 16:31:52 - [TEST_STEP][PASSED] - symbol = symbol: null

2019-08-15 16:31:52 - [TEST_STEP][PASSED] - println(symbol): null

2019-08-15 16:31:52 - [TEST_STEP][PASSED] - if (i == 2 &amp;&amp; wildList.indexOf(symbol) != -1): null

2019-08-15 16:31:52 - [TEST_STEP][PASSED] - if (i == 3 &amp;&amp; wildList.indexOf(symbol) != -1): null

2019-08-15 16:31:52 - [TEST_STEP][PASSED] - if (i == 4 &amp;&amp; wildList.indexOf(symbol) != -1): null

2019-08-15 16:31:52 - [TEST_STEP][PASSED] - symbol = symbol: null

2019-08-15 16:31:52 - [TEST_STEP][PASSED] - println(symbol): null

2019-08-15 16:31:52 - [TEST_STEP][PASSED] - if (i == 2 &amp;&amp; wildList.indexOf(symbol) != -1): null

2019-08-15 16:31:52 - [TEST_STEP][PASSED] - if (i == 3 &amp;&amp; wildList.indexOf(symbol) != -1): null

2019-08-15 16:31:52 - [TEST_STEP][PASSED] - if (i == 4 &amp;&amp; wildList.indexOf(symbol) != -1): null

2019-08-15 16:31:52 - [TEST_STEP][PASSED] - symbol = symbol: null

2019-08-15 16:31:52 - [TEST_STEP][PASSED] - println(symbol): null

2019-08-15 16:31:52 - [TEST_STEP][PASSED] - if (i == 2 &amp;&amp; wildList.indexOf(symbol) != -1): null

2019-08-15 16:31:52 - [TEST_STEP][PASSED] - if (i == 3 &amp;&amp; wildList.indexOf(symbol) != -1): null

2019-08-15 16:31:52 - [TEST_STEP][PASSED] - if (i == 4 &amp;&amp; wildList.indexOf(symbol) != -1): null

2019-08-15 16:31:52 - [TEST_STEP][PASSED] - free_spin_reel_counter = free_spin_reel_counter: null

2019-08-15 16:31:52 - [TEST_STEP][PASSED] - println("reel 3 wild found: " + free_spin_reel_counter[0]): null

2019-08-15 16:31:52 - [TEST_STEP][PASSED] - println("reel 4 wild found: " + free_spin_reel_counter[1]): null

2019-08-15 16:31:52 - [TEST_STEP][PASSED] - println("reel 5 wild found: " + free_spin_reel_counter[2]): null

2019-08-15 16:31:52 - [TEST_STEP][PASSED] - M4_spin_reels = M4_spin_reels: null

2019-08-15 16:31:52 - [TEST_STEP][PASSED] - M4_spin_reels_symbols = symbol: null

2019-08-15 16:31:52 - [TEST_STEP][PASSED] - M4_spin_reels_symbols = M4_spin_reels_symbols: null

2019-08-15 16:31:52 - [TEST_STEP][PASSED] - M4_spin_reel_wins = reel_wins: null

2019-08-15 16:31:52 - [TEST_STEP][PASSED] - M4_spin_reel_wins = M4_spin_reel_wins: null

2019-08-15 16:31:52 - [TEST_STEP][PASSED] - println("GlobalVariable.M4_spin_reel_wins is: " + M4_spin_reel_wins): null

2019-08-15 16:31:52 - [TEST_STEP][PASSED] - M4_spin_total_bonus_win_this_round = total_bonus_win_this_round: null

2019-08-15 16:31:52 - [TEST_STEP][PASSED] - M4_spin_total_bonus_win_this_round = M4_spin_total_bonus_win_this_round: null

2019-08-15 16:31:52 - [TEST_STEP][PASSED] - println("GlobalVariable.M4_spin_total_bonus_win_this_round is: " + M4_spin_total_bonus_win_this_round): null

2019-08-15 16:31:52 - [MESSAGE][PASSED] - Verify response successfully

2019-08-15 16:31:52 - [MESSAGE][PASSED] - Send request and verify the response successfully

2019-08-15 16:31:52 - [TEST_STEP][PASSED] - if (M4_total_bonus_spins_int != 0 &amp;&amp; M4_spin_reels_symbols[2].contains("WILD_Normal") || M4_spin_reels_symbols[3].contains("WILD_Normal") || M4_spin_reels_symbols[4].contains("WILD_Normal")): null

2019-08-15 16:31:52 - [TEST_STEP][PASSED] - free_spin_reel_counter = free_spin_reel_counter: null

2019-08-15 16:31:52 - [TEST_STEP][PASSED] - M4_spin_reels_symbols = M4_spin_reels_symbols: null

2019-08-15 16:31:52 - [TEST_STEP][PASSED] - M4_total_bonus_spins = M4_total_bonus_spins: null

2019-08-15 16:31:52 - [TEST_STEP][PASSED] - spin_result = sendRequestAndVerify(findTestObject("STG/RGS(M4)/1_M4_spin", ["M4_login_user_id":M4_login_user_id, "rgs_session_token":rgs_session_token, "partner":Partner])): Send request and verify the response successfully

2019-08-15 16:31:52 - [TEST_CASE][PASSED] - Start Test Case : Verification: Verification accomplished successfully

2019-08-15 16:31:52 - [TEST_STEP][PASSED] - request = getInstance().getCurrentRequest(): null

2019-08-15 16:31:52 - [TEST_STEP][PASSED] - response = getInstance().getCurrentResponse(): null

2019-08-15 16:31:52 - [TEST_STEP][PASSED] - verifyResponseStatusCode(response, 200): Verify response status code successfully

2019-08-15 16:31:52 - [MESSAGE][PASSED] - Verify response status code successfully

2019-08-15 16:31:52 - [TEST_STEP][PASSED] - getStatusCode()).isEqualTo(200): null

2019-08-15 16:31:52 - [TEST_STEP][PASSED] - newline = System.getProperty("line.separator"): null

2019-08-15 16:31:52 - [TEST_STEP][PASSED] - M4_spin = new groovy.json.JsonSlurper(): null

2019-08-15 16:31:52 - [TEST_STEP][PASSED] - result_M4_spin = M4_spin.parseText(response.getResponseBodyContent()): null

2019-08-15 16:31:52 - [TEST_STEP][PASSED] - M4_spin_current_balance = current_balance: null

2019-08-15 16:31:52 - [TEST_STEP][PASSED] - M4_spin_current_balance = M4_spin_current_balance: null

2019-08-15 16:31:57 - [TEST_STEP][PASSED] - M4_spin_transaction_id = causality: null

2019-08-15 16:31:57 - [TEST_STEP][PASSED] - M4_spin_transaction_id = M4_spin_transaction_id: null

2019-08-15 16:31:57 - [TEST_STEP][PASSED] - M4_spin_round_id = round_id: null

2019-08-15 16:31:57 - [TEST_STEP][PASSED] - M4_spin_round_id = M4_spin_round_id: null

2019-08-15 16:31:57 - [TEST_STEP][PASSED] - M4_spin_line_wins = line_wins: null

2019-08-15 16:31:57 - [TEST_STEP][PASSED] - M4_spin_line_wins = M4_spin_line_wins: null

2019-08-15 16:31:57 - [TEST_STEP][PASSED] - M4_total_bonus_spins_int = total_bonus_spins: null

2019-08-15 16:31:57 - [TEST_STEP][PASSED] - println("******M4_total_bonus_spins type is:*******" + newline + getClass().getName()): null

2019-08-15 16:31:57 - [TEST_STEP][PASSED] - M4_total_bonus_spins_int = M4_total_bonus_spins_int: null

2019-08-15 16:31:57 - [TEST_STEP][PASSED] - M4_total_bonus_spins = Integer.toString(M4_total_bonus_spins_int): null

2019-08-15 16:32:00 - [TEST_STEP][PASSED] - M4_total_bonus_spins = M4_total_bonus_spins: null

2019-08-15 16:32:00 - [TEST_STEP][PASSED] - println("M4_total_bonus_spins is:" + M4_total_bonus_spins): null

2019-08-15 16:32:00 - [TEST_STEP][PASSED] - M4_spin_bonus_data = bonus_data: null

2019-08-15 16:32:00 - [TEST_STEP][PASSED] - M4_spin_features_triggered = result_M4_spin: null

2019-08-15 16:32:00 - [TEST_STEP][PASSED] - wild = []: null

2019-08-15 16:32:00 - [TEST_STEP][PASSED] - wild[0] = "WILD_Expanding": null

2019-08-15 16:32:00 - [TEST_STEP][PASSED] - wild[1] = "WILD_Normal": null

2019-08-15 16:32:00 - [TEST_STEP][PASSED] - wild[2] = "WILD_Double": null

2019-08-15 16:32:00 - [TEST_STEP][PASSED] - wild[3] = "WILD_ExtraFG": null

2019-08-15 16:32:00 - [TEST_STEP][PASSED] - wild[4] = "WILD_Triple": null

2019-08-15 16:32:00 - [TEST_STEP][PASSED] - wildList = Arrays.asList(wild): null

2019-08-15 16:32:00 - [TEST_STEP][PASSED] - wildList = wildList: null

2019-08-15 16:32:00 - [TEST_STEP][PASSED] - free_spin_reel_counter = []: null

2019-08-15 16:32:00 - [TEST_STEP][PASSED] - free_spin_reel_counter[0] = 0: null

2019-08-15 16:32:00 - [TEST_STEP][PASSED] - free_spin_reel_counter[1] = 0: null

2019-08-15 16:32:00 - [TEST_STEP][PASSED] - free_spin_reel_counter[2] = 0: null

2019-08-15 16:32:00 - [TEST_STEP][PASSED] - M4_spin_reels = reels: null

2019-08-15 16:32:00 - [TEST_STEP][PASSED] - for ([i = 0, i &lt; M4_spin_reels.size(), (i++)]): null

2019-08-15 16:32:00 - [TEST_STEP][PASSED] - symbols = symbols: null

2019-08-15 16:32:00 - [TEST_STEP][PASSED] - for ([j = 0, j &lt; symbols.size(), (j++)]): null

2019-08-15 16:32:00 - [TEST_STEP][PASSED] - symbol = symbol: null

2019-08-15 16:32:00 - [TEST_STEP][PASSED] - println(symbol): null

2019-08-15 16:32:00 - [TEST_STEP][PASSED] - if (i == 2 &amp;&amp; wildList.indexOf(symbol) != -1): null

2019-08-15 16:32:00 - [TEST_STEP][PASSED] - if (i == 3 &amp;&amp; wildList.indexOf(symbol) != -1): null

2019-08-15 16:32:00 - [TEST_STEP][PASSED] - if (i == 4 &amp;&amp; wildList.indexOf(symbol) != -1): null

2019-08-15 16:32:00 - [TEST_STEP][PASSED] - symbol = symbol: null

2019-08-15 16:32:00 - [TEST_STEP][PASSED] - println(symbol): null

2019-08-15 16:32:00 - [TEST_STEP][PASSED] - if (i == 2 &amp;&amp; wildList.indexOf(symbol) != -1): null

2019-08-15 16:32:00 - [TEST_STEP][PASSED] - if (i == 3 &amp;&amp; wildList.indexOf(symbol) != -1): null

2019-08-15 16:32:00 - [TEST_STEP][PASSED] - if (i == 4 &amp;&amp; wildList.indexOf(symbol) != -1): null

2019-08-15 16:32:00 - [TEST_STEP][PASSED] - symbol = symbol: null

2019-08-15 16:32:00 - [TEST_STEP][PASSED] - println(symbol): null

2019-08-15 16:32:00 - [TEST_STEP][PASSED] - if (i == 2 &amp;&amp; wildList.indexOf(symbol) != -1): null

2019-08-15 16:32:00 - [TEST_STEP][PASSED] - if (i == 3 &amp;&amp; wildList.indexOf(symbol) != -1): null

2019-08-15 16:32:00 - [TEST_STEP][PASSED] - if (i == 4 &amp;&amp; wildList.indexOf(symbol) != -1): null

2019-08-15 16:32:00 - [TEST_STEP][PASSED] - symbols = symbols: null

2019-08-15 16:32:00 - [TEST_STEP][PASSED] - for ([j = 0, j &lt; symbols.size(), (j++)]): null

2019-08-15 16:32:00 - [TEST_STEP][PASSED] - symbol = symbol: null

2019-08-15 16:32:00 - [TEST_STEP][PASSED] - println(symbol): null

2019-08-15 16:32:00 - [TEST_STEP][PASSED] - if (i == 2 &amp;&amp; wildList.indexOf(symbol) != -1): null

2019-08-15 16:32:00 - [TEST_STEP][PASSED] - if (i == 3 &amp;&amp; wildList.indexOf(symbol) != -1): null

2019-08-15 16:32:00 - [TEST_STEP][PASSED] - if (i == 4 &amp;&amp; wildList.indexOf(symbol) != -1): null

2019-08-15 16:32:00 - [TEST_STEP][PASSED] - symbol = symbol: null

2019-08-15 16:32:00 - [TEST_STEP][PASSED] - println(symbol): null

2019-08-15 16:32:00 - [TEST_STEP][PASSED] - if (i == 2 &amp;&amp; wildList.indexOf(symbol) != -1): null

2019-08-15 16:32:00 - [TEST_STEP][PASSED] - if (i == 3 &amp;&amp; wildList.indexOf(symbol) != -1): null

2019-08-15 16:32:00 - [TEST_STEP][PASSED] - if (i == 4 &amp;&amp; wildList.indexOf(symbol) != -1): null

2019-08-15 16:32:00 - [TEST_STEP][PASSED] - symbol = symbol: null

2019-08-15 16:32:00 - [TEST_STEP][PASSED] - println(symbol): null

2019-08-15 16:32:00 - [TEST_STEP][PASSED] - if (i == 2 &amp;&amp; wildList.indexOf(symbol) != -1): null

2019-08-15 16:32:00 - [TEST_STEP][PASSED] - if (i == 3 &amp;&amp; wildList.indexOf(symbol) != -1): null

2019-08-15 16:32:00 - [TEST_STEP][PASSED] - if (i == 4 &amp;&amp; wildList.indexOf(symbol) != -1): null

2019-08-15 16:32:00 - [TEST_STEP][PASSED] - symbols = symbols: null

2019-08-15 16:32:00 - [TEST_STEP][PASSED] - for ([j = 0, j &lt; symbols.size(), (j++)]): null

2019-08-15 16:32:00 - [TEST_STEP][PASSED] - symbol = symbol: null

2019-08-15 16:32:00 - [TEST_STEP][PASSED] - println(symbol): null

2019-08-15 16:32:00 - [TEST_STEP][PASSED] - if (i == 2 &amp;&amp; wildList.indexOf(symbol) != -1): null

2019-08-15 16:32:00 - [TEST_STEP][PASSED] - if (i == 3 &amp;&amp; wildList.indexOf(symbol) != -1): null

2019-08-15 16:32:00 - [TEST_STEP][PASSED] - if (i == 4 &amp;&amp; wildList.indexOf(symbol) != -1): null

2019-08-15 16:32:00 - [TEST_STEP][PASSED] - symbol = symbol: null

2019-08-15 16:32:00 - [TEST_STEP][PASSED] - println(symbol): null

2019-08-15 16:32:00 - [TEST_STEP][PASSED] - if (i == 2 &amp;&amp; wildList.indexOf(symbol) != -1): null

2019-08-15 16:32:00 - [TEST_STEP][PASSED] - if (i == 3 &amp;&amp; wildList.indexOf(symbol) != -1): null

2019-08-15 16:32:00 - [TEST_STEP][PASSED] - if (i == 4 &amp;&amp; wildList.indexOf(symbol) != -1): null

2019-08-15 16:32:00 - [TEST_STEP][PASSED] - symbol = symbol: null

2019-08-15 16:32:00 - [TEST_STEP][PASSED] - println(symbol): null

2019-08-15 16:32:00 - [TEST_STEP][PASSED] - if (i == 2 &amp;&amp; wildList.indexOf(symbol) != -1): null

2019-08-15 16:32:00 - [TEST_STEP][PASSED] - println("wild found on reel 3, adding counter by 1"): null

2019-08-15 16:32:00 - [TEST_STEP][PASSED] - free_spin_reel_counter[0] = free_spin_reel_counter[0] + 1: null

2019-08-15 16:32:00 - [TEST_STEP][PASSED] - if (i == 3 &amp;&amp; wildList.indexOf(symbol) != -1): null

2019-08-15 16:32:00 - [TEST_STEP][PASSED] - if (i == 4 &amp;&amp; wildList.indexOf(symbol) != -1): null

2019-08-15 16:32:00 - [TEST_STEP][PASSED] - symbols = symbols: null

2019-08-15 16:32:00 - [TEST_STEP][PASSED] - for ([j = 0, j &lt; symbols.size(), (j++)]): null

2019-08-15 16:32:00 - [TEST_STEP][PASSED] - symbol = symbol: null

2019-08-15 16:32:00 - [TEST_STEP][PASSED] - println(symbol): null

2019-08-15 16:32:00 - [TEST_STEP][PASSED] - if (i == 2 &amp;&amp; wildList.indexOf(symbol) != -1): null

2019-08-15 16:32:00 - [TEST_STEP][PASSED] - if (i == 3 &amp;&amp; wildList.indexOf(symbol) != -1): null

2019-08-15 16:32:00 - [TEST_STEP][PASSED] - if (i == 4 &amp;&amp; wildList.indexOf(symbol) != -1): null

2019-08-15 16:32:00 - [TEST_STEP][PASSED] - symbol = symbol: null

2019-08-15 16:32:00 - [TEST_STEP][PASSED] - println(symbol): null

2019-08-15 16:32:00 - [TEST_STEP][PASSED] - if (i == 2 &amp;&amp; wildList.indexOf(symbol) != -1): null

2019-08-15 16:32:00 - [TEST_STEP][PASSED] - if (i == 3 &amp;&amp; wildList.indexOf(symbol) != -1): null

2019-08-15 16:32:00 - [TEST_STEP][PASSED] - if (i == 4 &amp;&amp; wildList.indexOf(symbol) != -1): null

2019-08-15 16:32:00 - [TEST_STEP][PASSED] - symbol = symbol: null

2019-08-15 16:32:00 - [TEST_STEP][PASSED] - println(symbol): null

2019-08-15 16:32:00 - [TEST_STEP][PASSED] - if (i == 2 &amp;&amp; wildList.indexOf(symbol) != -1): null

2019-08-15 16:32:00 - [TEST_STEP][PASSED] - if (i == 3 &amp;&amp; wildList.indexOf(symbol) != -1): null

2019-08-15 16:32:00 - [TEST_STEP][PASSED] - if (i == 4 &amp;&amp; wildList.indexOf(symbol) != -1): null

2019-08-15 16:32:00 - [TEST_STEP][PASSED] - symbols = symbols: null

2019-08-15 16:32:00 - [TEST_STEP][PASSED] - for ([j = 0, j &lt; symbols.size(), (j++)]): null

2019-08-15 16:32:00 - [TEST_STEP][PASSED] - symbol = symbol: null

2019-08-15 16:32:00 - [TEST_STEP][PASSED] - println(symbol): null

2019-08-15 16:32:00 - [TEST_STEP][PASSED] - if (i == 2 &amp;&amp; wildList.indexOf(symbol) != -1): null

2019-08-15 16:32:00 - [TEST_STEP][PASSED] - if (i == 3 &amp;&amp; wildList.indexOf(symbol) != -1): null

2019-08-15 16:32:00 - [TEST_STEP][PASSED] - if (i == 4 &amp;&amp; wildList.indexOf(symbol) != -1): null

2019-08-15 16:32:00 - [TEST_STEP][PASSED] - symbol = symbol: null

2019-08-15 16:32:00 - [TEST_STEP][PASSED] - println(symbol): null

2019-08-15 16:32:00 - [TEST_STEP][PASSED] - if (i == 2 &amp;&amp; wildList.indexOf(symbol) != -1): null

2019-08-15 16:32:00 - [TEST_STEP][PASSED] - if (i == 3 &amp;&amp; wildList.indexOf(symbol) != -1): null

2019-08-15 16:32:00 - [TEST_STEP][PASSED] - if (i == 4 &amp;&amp; wildList.indexOf(symbol) != -1): null

2019-08-15 16:32:00 - [TEST_STEP][PASSED] - symbol = symbol: null

2019-08-15 16:32:00 - [TEST_STEP][PASSED] - println(symbol): null

2019-08-15 16:32:00 - [TEST_STEP][PASSED] - if (i == 2 &amp;&amp; wildList.indexOf(symbol) != -1): null

2019-08-15 16:32:00 - [TEST_STEP][PASSED] - if (i == 3 &amp;&amp; wildList.indexOf(symbol) != -1): null

2019-08-15 16:32:00 - [TEST_STEP][PASSED] - if (i == 4 &amp;&amp; wildList.indexOf(symbol) != -1): null

2019-08-15 16:32:00 - [TEST_STEP][PASSED] - free_spin_reel_counter = free_spin_reel_counter: null

2019-08-15 16:32:00 - [TEST_STEP][PASSED] - println("reel 3 wild found: " + free_spin_reel_counter[0]): null

2019-08-15 16:32:00 - [TEST_STEP][PASSED] - println("reel 4 wild found: " + free_spin_reel_counter[1]): null

2019-08-15 16:32:00 - [TEST_STEP][PASSED] - println("reel 5 wild found: " + free_spin_reel_counter[2]): null

2019-08-15 16:32:00 - [TEST_STEP][PASSED] - M4_spin_reels = M4_spin_reels: null

2019-08-15 16:32:00 - [TEST_STEP][PASSED] - M4_spin_reels_symbols = symbol: null

2019-08-15 16:32:00 - [TEST_STEP][PASSED] - M4_spin_reels_symbols = M4_spin_reels_symbols: null

2019-08-15 16:32:00 - [TEST_STEP][PASSED] - M4_spin_reel_wins = reel_wins: null

2019-08-15 16:32:00 - [TEST_STEP][PASSED] - M4_spin_reel_wins = M4_spin_reel_wins: null

2019-08-15 16:32:00 - [TEST_STEP][PASSED] - println("GlobalVariable.M4_spin_reel_wins is: " + M4_spin_reel_wins): null

2019-08-15 16:32:00 - [TEST_STEP][PASSED] - M4_spin_total_bonus_win_this_round = total_bonus_win_this_round: null

2019-08-15 16:32:00 - [TEST_STEP][PASSED] - M4_spin_total_bonus_win_this_round = M4_spin_total_bonus_win_this_round: null

2019-08-15 16:32:00 - [TEST_STEP][PASSED] - println("GlobalVariable.M4_spin_total_bonus_win_this_round is: " + M4_spin_total_bonus_win_this_round): null

2019-08-15 16:32:00 - [MESSAGE][PASSED] - Verify response successfully

2019-08-15 16:32:00 - [MESSAGE][PASSED] - Send request and verify the response successfully

2019-08-15 16:32:00 - [TEST_STEP][PASSED] - if (M4_total_bonus_spins_int != 0 &amp;&amp; M4_spin_reels_symbols[2].contains("WILD_Normal") || M4_spin_reels_symbols[3].contains("WILD_Normal") || M4_spin_reels_symbols[4].contains("WILD_Normal")): null

2019-08-15 16:32:00 - [TEST_STEP][PASSED] - free_spin_reel_counter = free_spin_reel_counter: null

2019-08-15 16:32:00 - [TEST_STEP][PASSED] - M4_spin_reels_symbols = M4_spin_reels_symbols: null

2019-08-15 16:32:00 - [TEST_STEP][PASSED] - M4_total_bonus_spins = M4_total_bonus_spins: null

2019-08-15 16:32:00 - [TEST_STEP][PASSED] - spin_result = sendRequestAndVerify(findTestObject("STG/RGS(M4)/1_M4_spin", ["M4_login_user_id":M4_login_user_id, "rgs_session_token":rgs_session_token, "partner":Partner])): Send request and verify the response successfully

2019-08-15 16:32:01 - [TEST_CASE][PASSED] - Start Test Case : Verification: Verification accomplished successfully

2019-08-15 16:32:01 - [TEST_STEP][PASSED] - request = getInstance().getCurrentRequest(): null

2019-08-15 16:32:01 - [TEST_STEP][PASSED] - response = getInstance().getCurrentResponse(): null

2019-08-15 16:32:01 - [TEST_STEP][PASSED] - verifyResponseStatusCode(response, 200): Verify response status code successfully

2019-08-15 16:32:01 - [MESSAGE][PASSED] - Verify response status code successfully

2019-08-15 16:32:01 - [TEST_STEP][PASSED] - getStatusCode()).isEqualTo(200): null

2019-08-15 16:32:01 - [TEST_STEP][PASSED] - newline = System.getProperty("line.separator"): null

2019-08-15 16:32:01 - [TEST_STEP][PASSED] - M4_spin = new groovy.json.JsonSlurper(): null

2019-08-15 16:32:01 - [TEST_STEP][PASSED] - result_M4_spin = M4_spin.parseText(response.getResponseBodyContent()): null

2019-08-15 16:32:01 - [TEST_STEP][PASSED] - M4_spin_current_balance = current_balance: null

2019-08-15 16:32:01 - [TEST_STEP][PASSED] - M4_spin_current_balance = M4_spin_current_balance: null

2019-08-15 16:32:01 - [TEST_STEP][PASSED] - M4_spin_transaction_id = causality: null

2019-08-15 16:32:01 - [TEST_STEP][PASSED] - M4_spin_transaction_id = M4_spin_transaction_id: null

2019-08-15 16:32:01 - [TEST_STEP][PASSED] - M4_spin_round_id = round_id: null

2019-08-15 16:32:01 - [TEST_STEP][PASSED] - M4_spin_round_id = M4_spin_round_id: null

2019-08-15 16:32:01 - [TEST_STEP][PASSED] - M4_spin_line_wins = line_wins: null

2019-08-15 16:32:01 - [TEST_STEP][PASSED] - M4_spin_line_wins = M4_spin_line_wins: null

2019-08-15 16:32:01 - [TEST_STEP][PASSED] - M4_total_bonus_spins_int = total_bonus_spins: null

2019-08-15 16:32:01 - [TEST_STEP][PASSED] - println("******M4_total_bonus_spins type is:*******" + newline + getClass().getName()): null

2019-08-15 16:32:01 - [TEST_STEP][PASSED] - M4_total_bonus_spins_int = M4_total_bonus_spins_int: null

2019-08-15 16:32:01 - [TEST_STEP][PASSED] - M4_total_bonus_spins = Integer.toString(M4_total_bonus_spins_int): null

2019-08-15 16:32:01 - [TEST_STEP][PASSED] - M4_total_bonus_spins = M4_total_bonus_spins: null

2019-08-15 16:32:01 - [TEST_STEP][PASSED] - println("M4_total_bonus_spins is:" + M4_total_bonus_spins): null

2019-08-15 16:32:01 - [TEST_STEP][PASSED] - M4_spin_bonus_data = bonus_data: null

2019-08-15 16:32:01 - [TEST_STEP][PASSED] - M4_spin_features_triggered = result_M4_spin: null

2019-08-15 16:32:01 - [TEST_STEP][PASSED] - wild = []: null

2019-08-15 16:32:01 - [TEST_STEP][PASSED] - wild[0] = "WILD_Expanding": null

2019-08-15 16:32:01 - [TEST_STEP][PASSED] - wild[1] = "WILD_Normal": null

2019-08-15 16:32:01 - [TEST_STEP][PASSED] - wild[2] = "WILD_Double": null

2019-08-15 16:32:01 - [TEST_STEP][PASSED] - wild[3] = "WILD_ExtraFG": null

2019-08-15 16:32:01 - [TEST_STEP][PASSED] - wild[4] = "WILD_Triple": null

2019-08-15 16:32:01 - [TEST_STEP][PASSED] - wildList = Arrays.asList(wild): null

2019-08-15 16:32:01 - [TEST_STEP][PASSED] - wildList = wildList: null

2019-08-15 16:32:01 - [TEST_STEP][PASSED] - free_spin_reel_counter = []: null

2019-08-15 16:32:01 - [TEST_STEP][PASSED] - free_spin_reel_counter[0] = 0: null

2019-08-15 16:32:01 - [TEST_STEP][PASSED] - free_spin_reel_counter[1] = 0: null

2019-08-15 16:32:01 - [TEST_STEP][PASSED] - free_spin_reel_counter[2] = 0: null

2019-08-15 16:32:01 - [TEST_STEP][PASSED] - M4_spin_reels = reels: null

2019-08-15 16:32:01 - [TEST_STEP][PASSED] - for ([i = 0, i &lt; M4_spin_reels.size(), (i++)]): null

2019-08-15 16:32:01 - [TEST_STEP][PASSED] - symbols = symbols: null

2019-08-15 16:32:01 - [TEST_STEP][PASSED] - for ([j = 0, j &lt; symbols.size(), (j++)]): null

2019-08-15 16:32:01 - [TEST_STEP][PASSED] - symbol = symbol: null

2019-08-15 16:32:01 - [TEST_STEP][PASSED] - println(symbol): null

2019-08-15 16:32:01 - [TEST_STEP][PASSED] - if (i == 2 &amp;&amp; wildList.indexOf(symbol) != -1): null

2019-08-15 16:32:01 - [TEST_STEP][PASSED] - if (i == 3 &amp;&amp; wildList.indexOf(symbol) != -1): null

2019-08-15 16:32:01 - [TEST_STEP][PASSED] - if (i == 4 &amp;&amp; wildList.indexOf(symbol) != -1): null

2019-08-15 16:32:01 - [TEST_STEP][PASSED] - symbol = symbol: null

2019-08-15 16:32:01 - [TEST_STEP][PASSED] - println(symbol): null

2019-08-15 16:32:01 - [TEST_STEP][PASSED] - if (i == 2 &amp;&amp; wildList.indexOf(symbol) != -1): null

2019-08-15 16:32:01 - [TEST_STEP][PASSED] - if (i == 3 &amp;&amp; wildList.indexOf(symbol) != -1): null

2019-08-15 16:32:01 - [TEST_STEP][PASSED] - if (i == 4 &amp;&amp; wildList.indexOf(symbol) != -1): null

2019-08-15 16:32:01 - [TEST_STEP][PASSED] - symbol = symbol: null

2019-08-15 16:32:01 - [TEST_STEP][PASSED] - println(symbol): null

2019-08-15 16:32:01 - [TEST_STEP][PASSED] - if (i == 2 &amp;&amp; wildList.indexOf(symbol) != -1): null

2019-08-15 16:32:01 - [TEST_STEP][PASSED] - if (i == 3 &amp;&amp; wildList.indexOf(symbol) != -1): null

2019-08-15 16:32:01 - [TEST_STEP][PASSED] - if (i == 4 &amp;&amp; wildList.indexOf(symbol) != -1): null

2019-08-15 16:32:01 - [TEST_STEP][PASSED] - symbols = symbols: null

2019-08-15 16:32:01 - [TEST_STEP][PASSED] - for ([j = 0, j &lt; symbols.size(), (j++)]): null

2019-08-15 16:32:01 - [TEST_STEP][PASSED] - symbol = symbol: null

2019-08-15 16:32:01 - [TEST_STEP][PASSED] - println(symbol): null

2019-08-15 16:32:01 - [TEST_STEP][PASSED] - if (i == 2 &amp;&amp; wildList.indexOf(symbol) != -1): null

2019-08-15 16:32:01 - [TEST_STEP][PASSED] - if (i == 3 &amp;&amp; wildList.indexOf(symbol) != -1): null

2019-08-15 16:32:01 - [TEST_STEP][PASSED] - if (i == 4 &amp;&amp; wildList.indexOf(symbol) != -1): null

2019-08-15 16:32:01 - [TEST_STEP][PASSED] - symbol = symbol: null

2019-08-15 16:32:01 - [TEST_STEP][PASSED] - println(symbol): null

2019-08-15 16:32:01 - [TEST_STEP][PASSED] - if (i == 2 &amp;&amp; wildList.indexOf(symbol) != -1): null

2019-08-15 16:32:01 - [TEST_STEP][PASSED] - if (i == 3 &amp;&amp; wildList.indexOf(symbol) != -1): null

2019-08-15 16:32:01 - [TEST_STEP][PASSED] - if (i == 4 &amp;&amp; wildList.indexOf(symbol) != -1): null

2019-08-15 16:32:01 - [TEST_STEP][PASSED] - symbol = symbol: null

2019-08-15 16:32:01 - [TEST_STEP][PASSED] - println(symbol): null

2019-08-15 16:32:01 - [TEST_STEP][PASSED] - if (i == 2 &amp;&amp; wildList.indexOf(symbol) != -1): null

2019-08-15 16:32:01 - [TEST_STEP][PASSED] - if (i == 3 &amp;&amp; wildList.indexOf(symbol) != -1): null

2019-08-15 16:32:01 - [TEST_STEP][PASSED] - if (i == 4 &amp;&amp; wildList.indexOf(symbol) != -1): null

2019-08-15 16:32:01 - [TEST_STEP][PASSED] - symbols = symbols: null

2019-08-15 16:32:01 - [TEST_STEP][PASSED] - for ([j = 0, j &lt; symbols.size(), (j++)]): null

2019-08-15 16:32:01 - [TEST_STEP][PASSED] - symbol = symbol: null

2019-08-15 16:32:01 - [TEST_STEP][PASSED] - println(symbol): null

2019-08-15 16:32:01 - [TEST_STEP][PASSED] - if (i == 2 &amp;&amp; wildList.indexOf(symbol) != -1): null

2019-08-15 16:32:01 - [TEST_STEP][PASSED] - if (i == 3 &amp;&amp; wildList.indexOf(symbol) != -1): null

2019-08-15 16:32:01 - [TEST_STEP][PASSED] - if (i == 4 &amp;&amp; wildList.indexOf(symbol) != -1): null

2019-08-15 16:32:01 - [TEST_STEP][PASSED] - symbol = symbol: null

2019-08-15 16:32:01 - [TEST_STEP][PASSED] - println(symbol): null

2019-08-15 16:32:01 - [TEST_STEP][PASSED] - if (i == 2 &amp;&amp; wildList.indexOf(symbol) != -1): null

2019-08-15 16:32:01 - [TEST_STEP][PASSED] - if (i == 3 &amp;&amp; wildList.indexOf(symbol) != -1): null

2019-08-15 16:32:01 - [TEST_STEP][PASSED] - if (i == 4 &amp;&amp; wildList.indexOf(symbol) != -1): null

2019-08-15 16:32:01 - [TEST_STEP][PASSED] - symbol = symbol: null

2019-08-15 16:32:01 - [TEST_STEP][PASSED] - println(symbol): null

2019-08-15 16:32:01 - [TEST_STEP][PASSED] - if (i == 2 &amp;&amp; wildList.indexOf(symbol) != -1): null

2019-08-15 16:32:01 - [TEST_STEP][PASSED] - if (i == 3 &amp;&amp; wildList.indexOf(symbol) != -1): null

2019-08-15 16:32:01 - [TEST_STEP][PASSED] - if (i == 4 &amp;&amp; wildList.indexOf(symbol) != -1): null

2019-08-15 16:32:01 - [TEST_STEP][PASSED] - symbols = symbols: null

2019-08-15 16:32:01 - [TEST_STEP][PASSED] - for ([j = 0, j &lt; symbols.size(), (j++)]): null

2019-08-15 16:32:01 - [TEST_STEP][PASSED] - symbol = symbol: null

2019-08-15 16:32:01 - [TEST_STEP][PASSED] - println(symbol): null

2019-08-15 16:32:01 - [TEST_STEP][PASSED] - if (i == 2 &amp;&amp; wildList.indexOf(symbol) != -1): null

2019-08-15 16:32:01 - [TEST_STEP][PASSED] - if (i == 3 &amp;&amp; wildList.indexOf(symbol) != -1): null

2019-08-15 16:32:01 - [TEST_STEP][PASSED] - if (i == 4 &amp;&amp; wildList.indexOf(symbol) != -1): null

2019-08-15 16:32:01 - [TEST_STEP][PASSED] - symbol = symbol: null

2019-08-15 16:32:01 - [TEST_STEP][PASSED] - println(symbol): null

2019-08-15 16:32:01 - [TEST_STEP][PASSED] - if (i == 2 &amp;&amp; wildList.indexOf(symbol) != -1): null

2019-08-15 16:32:01 - [TEST_STEP][PASSED] - if (i == 3 &amp;&amp; wildList.indexOf(symbol) != -1): null

2019-08-15 16:32:01 - [TEST_STEP][PASSED] - if (i == 4 &amp;&amp; wildList.indexOf(symbol) != -1): null

2019-08-15 16:32:01 - [TEST_STEP][PASSED] - symbol = symbol: null

2019-08-15 16:32:01 - [TEST_STEP][PASSED] - println(symbol): null

2019-08-15 16:32:01 - [TEST_STEP][PASSED] - if (i == 2 &amp;&amp; wildList.indexOf(symbol) != -1): null

2019-08-15 16:32:01 - [TEST_STEP][PASSED] - if (i == 3 &amp;&amp; wildList.indexOf(symbol) != -1): null

2019-08-15 16:32:01 - [TEST_STEP][PASSED] - if (i == 4 &amp;&amp; wildList.indexOf(symbol) != -1): null

2019-08-15 16:32:01 - [TEST_STEP][PASSED] - symbols = symbols: null

2019-08-15 16:32:01 - [TEST_STEP][PASSED] - for ([j = 0, j &lt; symbols.size(), (j++)]): null

2019-08-15 16:32:01 - [TEST_STEP][PASSED] - symbol = symbol: null

2019-08-15 16:32:01 - [TEST_STEP][PASSED] - println(symbol): null

2019-08-15 16:32:01 - [TEST_STEP][PASSED] - if (i == 2 &amp;&amp; wildList.indexOf(symbol) != -1): null

2019-08-15 16:32:01 - [TEST_STEP][PASSED] - if (i == 3 &amp;&amp; wildList.indexOf(symbol) != -1): null

2019-08-15 16:32:01 - [TEST_STEP][PASSED] - if (i == 4 &amp;&amp; wildList.indexOf(symbol) != -1): null

2019-08-15 16:32:01 - [TEST_STEP][PASSED] - symbol = symbol: null

2019-08-15 16:32:01 - [TEST_STEP][PASSED] - println(symbol): null

2019-08-15 16:32:01 - [TEST_STEP][PASSED] - if (i == 2 &amp;&amp; wildList.indexOf(symbol) != -1): null

2019-08-15 16:32:01 - [TEST_STEP][PASSED] - if (i == 3 &amp;&amp; wildList.indexOf(symbol) != -1): null

2019-08-15 16:32:01 - [TEST_STEP][PASSED] - if (i == 4 &amp;&amp; wildList.indexOf(symbol) != -1): null

2019-08-15 16:32:01 - [TEST_STEP][PASSED] - symbol = symbol: null

2019-08-15 16:32:01 - [TEST_STEP][PASSED] - println(symbol): null

2019-08-15 16:32:01 - [TEST_STEP][PASSED] - if (i == 2 &amp;&amp; wildList.indexOf(symbol) != -1): null

2019-08-15 16:32:01 - [TEST_STEP][PASSED] - if (i == 3 &amp;&amp; wildList.indexOf(symbol) != -1): null

2019-08-15 16:32:01 - [TEST_STEP][PASSED] - if (i == 4 &amp;&amp; wildList.indexOf(symbol) != -1): null

2019-08-15 16:32:01 - [TEST_STEP][PASSED] - free_spin_reel_counter = free_spin_reel_counter: null

2019-08-15 16:32:01 - [TEST_STEP][PASSED] - println("reel 3 wild found: " + free_spin_reel_counter[0]): null

2019-08-15 16:32:01 - [TEST_STEP][PASSED] - println("reel 4 wild found: " + free_spin_reel_counter[1]): null

2019-08-15 16:32:01 - [TEST_STEP][PASSED] - println("reel 5 wild found: " + free_spin_reel_counter[2]): null

2019-08-15 16:32:01 - [TEST_STEP][PASSED] - M4_spin_reels = M4_spin_reels: null

2019-08-15 16:32:01 - [TEST_STEP][PASSED] - M4_spin_reels_symbols = symbol: null

2019-08-15 16:32:01 - [TEST_STEP][PASSED] - M4_spin_reels_symbols = M4_spin_reels_symbols: null

2019-08-15 16:32:01 - [TEST_STEP][PASSED] - M4_spin_reel_wins = reel_wins: null

2019-08-15 16:32:01 - [TEST_STEP][PASSED] - M4_spin_reel_wins = M4_spin_reel_wins: null

2019-08-15 16:32:01 - [TEST_STEP][PASSED] - println("GlobalVariable.M4_spin_reel_wins is: " + M4_spin_reel_wins): null

2019-08-15 16:32:01 - [TEST_STEP][PASSED] - M4_spin_total_bonus_win_this_round = total_bonus_win_this_round: null

2019-08-15 16:32:01 - [TEST_STEP][PASSED] - M4_spin_total_bonus_win_this_round = M4_spin_total_bonus_win_this_round: null

2019-08-15 16:32:01 - [TEST_STEP][PASSED] - println("GlobalVariable.M4_spin_total_bonus_win_this_round is: " + M4_spin_total_bonus_win_this_round): null

2019-08-15 16:32:01 - [MESSAGE][PASSED] - Verify response successfully

2019-08-15 16:32:01 - [MESSAGE][PASSED] - Send request and verify the response successfully

2019-08-15 16:32:01 - [TEST_STEP][PASSED] - if (M4_total_bonus_spins_int != 0 &amp;&amp; M4_spin_reels_symbols[2].contains("WILD_Normal") || M4_spin_reels_symbols[3].contains("WILD_Normal") || M4_spin_reels_symbols[4].contains("WILD_Normal")): null

2019-08-15 16:32:01 - [TEST_STEP][PASSED] - free_spin_reel_counter = free_spin_reel_counter: null

2019-08-15 16:32:01 - [TEST_STEP][PASSED] - M4_spin_reels_symbols = M4_spin_reels_symbols: null

2019-08-15 16:32:01 - [TEST_STEP][PASSED] - M4_total_bonus_spins = M4_total_bonus_spins: null

2019-08-15 16:32:01 - [TEST_STEP][PASSED] - spin_result = sendRequestAndVerify(findTestObject("STG/RGS(M4)/1_M4_spin", ["M4_login_user_id":M4_login_user_id, "rgs_session_token":rgs_session_token, "partner":Partner])): Send request and verify the response successfully

2019-08-15 16:32:01 - [TEST_CASE][PASSED] - Start Test Case : Verification: Verification accomplished successfully

2019-08-15 16:32:01 - [TEST_STEP][PASSED] - request = getInstance().getCurrentRequest(): null

2019-08-15 16:32:01 - [TEST_STEP][PASSED] - response = getInstance().getCurrentResponse(): null

2019-08-15 16:32:01 - [TEST_STEP][PASSED] - verifyResponseStatusCode(response, 200): Verify response status code successfully

2019-08-15 16:32:01 - [MESSAGE][PASSED] - Verify response status code successfully

2019-08-15 16:32:01 - [TEST_STEP][PASSED] - getStatusCode()).isEqualTo(200): null

2019-08-15 16:32:01 - [TEST_STEP][PASSED] - newline = System.getProperty("line.separator"): null

2019-08-15 16:32:01 - [TEST_STEP][PASSED] - M4_spin = new groovy.json.JsonSlurper(): null

2019-08-15 16:32:01 - [TEST_STEP][PASSED] - result_M4_spin = M4_spin.parseText(response.getResponseBodyContent()): null

2019-08-15 16:32:01 - [TEST_STEP][PASSED] - M4_spin_current_balance = current_balance: null

2019-08-15 16:32:01 - [TEST_STEP][PASSED] - M4_spin_current_balance = M4_spin_current_balance: null

2019-08-15 16:32:01 - [TEST_STEP][PASSED] - M4_spin_transaction_id = causality: null

2019-08-15 16:32:01 - [TEST_STEP][PASSED] - M4_spin_transaction_id = M4_spin_transaction_id: null

2019-08-15 16:32:01 - [TEST_STEP][PASSED] - M4_spin_round_id = round_id: null

2019-08-15 16:32:01 - [TEST_STEP][PASSED] - M4_spin_round_id = M4_spin_round_id: null

2019-08-15 16:32:01 - [TEST_STEP][PASSED] - M4_spin_line_wins = line_wins: null

2019-08-15 16:32:01 - [TEST_STEP][PASSED] - M4_spin_line_wins = M4_spin_line_wins: null

2019-08-15 16:32:01 - [TEST_STEP][PASSED] - M4_total_bonus_spins_int = total_bonus_spins: null

2019-08-15 16:32:01 - [TEST_STEP][PASSED] - println("******M4_total_bonus_spins type is:*******" + newline + getClass().getName()): null

2019-08-15 16:32:01 - [TEST_STEP][PASSED] - M4_total_bonus_spins_int = M4_total_bonus_spins_int: null

2019-08-15 16:32:01 - [TEST_STEP][PASSED] - M4_total_bonus_spins = Integer.toString(M4_total_bonus_spins_int): null

2019-08-15 16:32:01 - [TEST_STEP][PASSED] - M4_total_bonus_spins = M4_total_bonus_spins: null

2019-08-15 16:32:01 - [TEST_STEP][PASSED] - println("M4_total_bonus_spins is:" + M4_total_bonus_spins): null

2019-08-15 16:32:01 - [TEST_STEP][PASSED] - M4_spin_bonus_data = bonus_data: null

2019-08-15 16:32:01 - [TEST_STEP][PASSED] - M4_spin_features_triggered = result_M4_spin: null

2019-08-15 16:32:01 - [TEST_STEP][PASSED] - wild = []: null

2019-08-15 16:32:01 - [TEST_STEP][PASSED] - wild[0] = "WILD_Expanding": null

2019-08-15 16:32:01 - [TEST_STEP][PASSED] - wild[1] = "WILD_Normal": null

2019-08-15 16:32:01 - [TEST_STEP][PASSED] - wild[2] = "WILD_Double": null

2019-08-15 16:32:01 - [TEST_STEP][PASSED] - wild[3] = "WILD_ExtraFG": null

2019-08-15 16:32:01 - [TEST_STEP][PASSED] - wild[4] = "WILD_Triple": null

2019-08-15 16:32:01 - [TEST_STEP][PASSED] - wildList = Arrays.asList(wild): null

2019-08-15 16:32:01 - [TEST_STEP][PASSED] - wildList = wildList: null

2019-08-15 16:32:01 - [TEST_STEP][PASSED] - free_spin_reel_counter = []: null

2019-08-15 16:32:01 - [TEST_STEP][PASSED] - free_spin_reel_counter[0] = 0: null

2019-08-15 16:32:01 - [TEST_STEP][PASSED] - free_spin_reel_counter[1] = 0: null

2019-08-15 16:32:01 - [TEST_STEP][PASSED] - free_spin_reel_counter[2] = 0: null

2019-08-15 16:32:01 - [TEST_STEP][PASSED] - M4_spin_reels = reels: null

2019-08-15 16:32:01 - [TEST_STEP][PASSED] - for ([i = 0, i &lt; M4_spin_reels.size(), (i++)]): null

2019-08-15 16:32:01 - [TEST_STEP][PASSED] - symbols = symbols: null

2019-08-15 16:32:01 - [TEST_STEP][PASSED] - for ([j = 0, j &lt; symbols.size(), (j++)]): null

2019-08-15 16:32:01 - [TEST_STEP][PASSED] - symbol = symbol: null

2019-08-15 16:32:01 - [TEST_STEP][PASSED] - println(symbol): null

2019-08-15 16:32:01 - [TEST_STEP][PASSED] - if (i == 2 &amp;&amp; wildList.indexOf(symbol) != -1): null

2019-08-15 16:32:01 - [TEST_STEP][PASSED] - if (i == 3 &amp;&amp; wildList.indexOf(symbol) != -1): null

2019-08-15 16:32:01 - [TEST_STEP][PASSED] - if (i == 4 &amp;&amp; wildList.indexOf(symbol) != -1): null

2019-08-15 16:32:01 - [TEST_STEP][PASSED] - symbol = symbol: null

2019-08-15 16:32:01 - [TEST_STEP][PASSED] - println(symbol): null

2019-08-15 16:32:01 - [TEST_STEP][PASSED] - if (i == 2 &amp;&amp; wildList.indexOf(symbol) != -1): null

2019-08-15 16:32:01 - [TEST_STEP][PASSED] - if (i == 3 &amp;&amp; wildList.indexOf(symbol) != -1): null

2019-08-15 16:32:01 - [TEST_STEP][PASSED] - if (i == 4 &amp;&amp; wildList.indexOf(symbol) != -1): null

2019-08-15 16:32:01 - [TEST_STEP][PASSED] - symbol = symbol: null

2019-08-15 16:32:01 - [TEST_STEP][PASSED] - println(symbol): null

2019-08-15 16:32:01 - [TEST_STEP][PASSED] - if (i == 2 &amp;&amp; wildList.indexOf(symbol) != -1): null

2019-08-15 16:32:01 - [TEST_STEP][PASSED] - if (i == 3 &amp;&amp; wildList.indexOf(symbol) != -1): null

2019-08-15 16:32:05 - [TEST_STEP][PASSED] - if (i == 4 &amp;&amp; wildList.indexOf(symbol) != -1): null

2019-08-15 16:32:05 - [TEST_STEP][PASSED] - symbols = symbols: null

2019-08-15 16:32:05 - [TEST_STEP][PASSED] - for ([j = 0, j &lt; symbols.size(), (j++)]): null

2019-08-15 16:32:05 - [TEST_STEP][PASSED] - symbol = symbol: null

2019-08-15 16:32:05 - [TEST_STEP][PASSED] - println(symbol): null

2019-08-15 16:32:05 - [TEST_STEP][PASSED] - if (i == 2 &amp;&amp; wildList.indexOf(symbol) != -1): null

2019-08-15 16:32:05 - [TEST_STEP][PASSED] - if (i == 3 &amp;&amp; wildList.indexOf(symbol) != -1): null

2019-08-15 16:32:05 - [TEST_STEP][PASSED] - if (i == 4 &amp;&amp; wildList.indexOf(symbol) != -1): null

2019-08-15 16:32:05 - [TEST_STEP][PASSED] - symbol = symbol: null

2019-08-15 16:32:05 - [TEST_STEP][PASSED] - println(symbol): null

2019-08-15 16:32:09 - [TEST_STEP][PASSED] - if (i == 2 &amp;&amp; wildList.indexOf(symbol) != -1): null

2019-08-15 16:32:09 - [TEST_STEP][PASSED] - if (i == 3 &amp;&amp; wildList.indexOf(symbol) != -1): null

2019-08-15 16:32:09 - [TEST_STEP][PASSED] - if (i == 4 &amp;&amp; wildList.indexOf(symbol) != -1): null

2019-08-15 16:32:09 - [TEST_STEP][PASSED] - symbol = symbol: null

2019-08-15 16:32:09 - [TEST_STEP][PASSED] - println(symbol): null

2019-08-15 16:32:09 - [TEST_STEP][PASSED] - if (i == 2 &amp;&amp; wildList.indexOf(symbol) != -1): null

2019-08-15 16:32:09 - [TEST_STEP][PASSED] - if (i == 3 &amp;&amp; wildList.indexOf(symbol) != -1): null

2019-08-15 16:32:09 - [TEST_STEP][PASSED] - if (i == 4 &amp;&amp; wildList.indexOf(symbol) != -1): null

2019-08-15 16:32:09 - [TEST_STEP][PASSED] - symbols = symbols: null

2019-08-15 16:32:09 - [TEST_STEP][PASSED] - for ([j = 0, j &lt; symbols.size(), (j++)]): null

2019-08-15 16:32:09 - [TEST_STEP][PASSED] - symbol = symbol: null

2019-08-15 16:32:09 - [TEST_STEP][PASSED] - println(symbol): null

2019-08-15 16:32:09 - [TEST_STEP][PASSED] - if (i == 2 &amp;&amp; wildList.indexOf(symbol) != -1): null

2019-08-15 16:32:09 - [TEST_STEP][PASSED] - if (i == 3 &amp;&amp; wildList.indexOf(symbol) != -1): null

2019-08-15 16:32:09 - [TEST_STEP][PASSED] - if (i == 4 &amp;&amp; wildList.indexOf(symbol) != -1): null

2019-08-15 16:32:09 - [TEST_STEP][PASSED] - symbol = symbol: null

2019-08-15 16:32:09 - [TEST_STEP][PASSED] - println(symbol): null

2019-08-15 16:32:09 - [TEST_STEP][PASSED] - if (i == 2 &amp;&amp; wildList.indexOf(symbol) != -1): null

2019-08-15 16:32:09 - [TEST_STEP][PASSED] - if (i == 3 &amp;&amp; wildList.indexOf(symbol) != -1): null

2019-08-15 16:32:09 - [TEST_STEP][PASSED] - if (i == 4 &amp;&amp; wildList.indexOf(symbol) != -1): null

2019-08-15 16:32:09 - [TEST_STEP][PASSED] - symbol = symbol: null

2019-08-15 16:32:09 - [TEST_STEP][PASSED] - println(symbol): null

2019-08-15 16:32:09 - [TEST_STEP][PASSED] - if (i == 2 &amp;&amp; wildList.indexOf(symbol) != -1): null

2019-08-15 16:32:09 - [TEST_STEP][PASSED] - if (i == 3 &amp;&amp; wildList.indexOf(symbol) != -1): null

2019-08-15 16:32:09 - [TEST_STEP][PASSED] - if (i == 4 &amp;&amp; wildList.indexOf(symbol) != -1): null

2019-08-15 16:32:09 - [TEST_STEP][PASSED] - symbols = symbols: null

2019-08-15 16:32:09 - [TEST_STEP][PASSED] - for ([j = 0, j &lt; symbols.size(), (j++)]): null

2019-08-15 16:32:09 - [TEST_STEP][PASSED] - symbol = symbol: null

2019-08-15 16:32:09 - [TEST_STEP][PASSED] - println(symbol): null

2019-08-15 16:32:09 - [TEST_STEP][PASSED] - if (i == 2 &amp;&amp; wildList.indexOf(symbol) != -1): null

2019-08-15 16:32:09 - [TEST_STEP][PASSED] - if (i == 3 &amp;&amp; wildList.indexOf(symbol) != -1): null

2019-08-15 16:32:09 - [TEST_STEP][PASSED] - if (i == 4 &amp;&amp; wildList.indexOf(symbol) != -1): null

2019-08-15 16:32:09 - [TEST_STEP][PASSED] - symbol = symbol: null

2019-08-15 16:32:09 - [TEST_STEP][PASSED] - println(symbol): null

2019-08-15 16:32:09 - [TEST_STEP][PASSED] - if (i == 2 &amp;&amp; wildList.indexOf(symbol) != -1): null

2019-08-15 16:32:09 - [TEST_STEP][PASSED] - if (i == 3 &amp;&amp; wildList.indexOf(symbol) != -1): null

2019-08-15 16:32:09 - [TEST_STEP][PASSED] - if (i == 4 &amp;&amp; wildList.indexOf(symbol) != -1): null

2019-08-15 16:32:09 - [TEST_STEP][PASSED] - symbol = symbol: null

2019-08-15 16:32:09 - [TEST_STEP][PASSED] - println(symbol): null

2019-08-15 16:32:09 - [TEST_STEP][PASSED] - if (i == 2 &amp;&amp; wildList.indexOf(symbol) != -1): null

2019-08-15 16:32:09 - [TEST_STEP][PASSED] - if (i == 3 &amp;&amp; wildList.indexOf(symbol) != -1): null

2019-08-15 16:32:09 - [TEST_STEP][PASSED] - if (i == 4 &amp;&amp; wildList.indexOf(symbol) != -1): null

2019-08-15 16:32:09 - [TEST_STEP][PASSED] - symbols = symbols: null

2019-08-15 16:32:09 - [TEST_STEP][PASSED] - for ([j = 0, j &lt; symbols.size(), (j++)]): null

2019-08-15 16:32:09 - [TEST_STEP][PASSED] - symbol = symbol: null

2019-08-15 16:32:09 - [TEST_STEP][PASSED] - println(symbol): null

2019-08-15 16:32:09 - [TEST_STEP][PASSED] - if (i == 2 &amp;&amp; wildList.indexOf(symbol) != -1): null

2019-08-15 16:32:09 - [TEST_STEP][PASSED] - if (i == 3 &amp;&amp; wildList.indexOf(symbol) != -1): null

2019-08-15 16:32:09 - [TEST_STEP][PASSED] - if (i == 4 &amp;&amp; wildList.indexOf(symbol) != -1): null

2019-08-15 16:32:09 - [TEST_STEP][PASSED] - symbol = symbol: null

2019-08-15 16:32:09 - [TEST_STEP][PASSED] - println(symbol): null

2019-08-15 16:32:09 - [TEST_STEP][PASSED] - if (i == 2 &amp;&amp; wildList.indexOf(symbol) != -1): null

2019-08-15 16:32:09 - [TEST_STEP][PASSED] - if (i == 3 &amp;&amp; wildList.indexOf(symbol) != -1): null

2019-08-15 16:32:09 - [TEST_STEP][PASSED] - if (i == 4 &amp;&amp; wildList.indexOf(symbol) != -1): null

2019-08-15 16:32:09 - [TEST_STEP][PASSED] - symbol = symbol: null

2019-08-15 16:32:09 - [TEST_STEP][PASSED] - println(symbol): null

2019-08-15 16:32:09 - [TEST_STEP][PASSED] - if (i == 2 &amp;&amp; wildList.indexOf(symbol) != -1): null

2019-08-15 16:32:09 - [TEST_STEP][PASSED] - if (i == 3 &amp;&amp; wildList.indexOf(symbol) != -1): null

2019-08-15 16:32:09 - [TEST_STEP][PASSED] - if (i == 4 &amp;&amp; wildList.indexOf(symbol) != -1): null

2019-08-15 16:32:09 - [TEST_STEP][PASSED] - println("wild found on reel 5, adding counter by 1"): null

2019-08-15 16:32:09 - [TEST_STEP][PASSED] - free_spin_reel_counter[2] = free_spin_reel_counter[2] + 1: null

2019-08-15 16:32:09 - [TEST_STEP][PASSED] - free_spin_reel_counter = free_spin_reel_counter: null

2019-08-15 16:32:09 - [TEST_STEP][PASSED] - println("reel 3 wild found: " + free_spin_reel_counter[0]): null

2019-08-15 16:32:09 - [TEST_STEP][PASSED] - println("reel 4 wild found: " + free_spin_reel_counter[1]): null

2019-08-15 16:32:09 - [TEST_STEP][PASSED] - println("reel 5 wild found: " + free_spin_reel_counter[2]): null

2019-08-15 16:32:09 - [TEST_STEP][PASSED] - M4_spin_reels = M4_spin_reels: null

2019-08-15 16:32:09 - [TEST_STEP][PASSED] - M4_spin_reels_symbols = symbol: null

2019-08-15 16:32:09 - [TEST_STEP][PASSED] - M4_spin_reels_symbols = M4_spin_reels_symbols: null

2019-08-15 16:32:09 - [TEST_STEP][PASSED] - M4_spin_reel_wins = reel_wins: null

2019-08-15 16:32:09 - [TEST_STEP][PASSED] - M4_spin_reel_wins = M4_spin_reel_wins: null

2019-08-15 16:32:09 - [TEST_STEP][PASSED] - println("GlobalVariable.M4_spin_reel_wins is: " + M4_spin_reel_wins): null

2019-08-15 16:32:09 - [TEST_STEP][PASSED] - M4_spin_total_bonus_win_this_round = total_bonus_win_this_round: null

2019-08-15 16:32:09 - [TEST_STEP][PASSED] - M4_spin_total_bonus_win_this_round = M4_spin_total_bonus_win_this_round: null

2019-08-15 16:32:09 - [TEST_STEP][PASSED] - println("GlobalVariable.M4_spin_total_bonus_win_this_round is: " + M4_spin_total_bonus_win_this_round): null

2019-08-15 16:32:09 - [MESSAGE][PASSED] - Verify response successfully

2019-08-15 16:32:09 - [MESSAGE][PASSED] - Send request and verify the response successfully

2019-08-15 16:32:09 - [TEST_STEP][PASSED] - if (M4_total_bonus_spins_int != 0 &amp;&amp; M4_spin_reels_symbols[2].contains("WILD_Normal") || M4_spin_reels_symbols[3].contains("WILD_Normal") || M4_spin_reels_symbols[4].contains("WILD_Normal")): null

2019-08-15 16:32:09 - [TEST_STEP][PASSED] - free_spin_reel_counter = free_spin_reel_counter: null

2019-08-15 16:32:09 - [TEST_STEP][PASSED] - M4_spin_reels_symbols = M4_spin_reels_symbols: null

2019-08-15 16:32:09 - [TEST_STEP][PASSED] - M4_total_bonus_spins = M4_total_bonus_spins: null

2019-08-15 16:32:09 - [TEST_STEP][PASSED] - spin_result = sendRequestAndVerify(findTestObject("STG/RGS(M4)/1_M4_spin", ["M4_login_user_id":M4_login_user_id, "rgs_session_token":rgs_session_token, "partner":Partner])): Send request and verify the response successfully

2019-08-15 16:32:09 - [TEST_CASE][PASSED] - Start Test Case : Verification: Verification accomplished successfully

2019-08-15 16:32:09 - [TEST_STEP][PASSED] - request = getInstance().getCurrentRequest(): null

2019-08-15 16:32:09 - [TEST_STEP][PASSED] - response = getInstance().getCurrentResponse(): null

2019-08-15 16:32:09 - [TEST_STEP][PASSED] - verifyResponseStatusCode(response, 200): Verify response status code successfully

2019-08-15 16:32:09 - [MESSAGE][PASSED] - Verify response status code successfully

2019-08-15 16:32:09 - [TEST_STEP][PASSED] - getStatusCode()).isEqualTo(200): null

2019-08-15 16:32:09 - [TEST_STEP][PASSED] - newline = System.getProperty("line.separator"): null

2019-08-15 16:32:09 - [TEST_STEP][PASSED] - M4_spin = new groovy.json.JsonSlurper(): null

2019-08-15 16:32:09 - [TEST_STEP][PASSED] - result_M4_spin = M4_spin.parseText(response.getResponseBodyContent()): null

2019-08-15 16:32:09 - [TEST_STEP][PASSED] - M4_spin_current_balance = current_balance: null

2019-08-15 16:32:09 - [TEST_STEP][PASSED] - M4_spin_current_balance = M4_spin_current_balance: null

2019-08-15 16:32:09 - [TEST_STEP][PASSED] - M4_spin_transaction_id = causality: null

2019-08-15 16:32:09 - [TEST_STEP][PASSED] - M4_spin_transaction_id = M4_spin_transaction_id: null

2019-08-15 16:32:09 - [TEST_STEP][PASSED] - M4_spin_round_id = round_id: null

2019-08-15 16:32:09 - [TEST_STEP][PASSED] - M4_spin_round_id = M4_spin_round_id: null

2019-08-15 16:32:09 - [TEST_STEP][PASSED] - M4_spin_line_wins = line_wins: null

2019-08-15 16:32:09 - [TEST_STEP][PASSED] - M4_spin_line_wins = M4_spin_line_wins: null

2019-08-15 16:32:09 - [TEST_STEP][PASSED] - M4_total_bonus_spins_int = total_bonus_spins: null

2019-08-15 16:32:09 - [TEST_STEP][PASSED] - println("******M4_total_bonus_spins type is:*******" + newline + getClass().getName()): null

2019-08-15 16:32:09 - [TEST_STEP][PASSED] - M4_total_bonus_spins_int = M4_total_bonus_spins_int: null

2019-08-15 16:32:09 - [TEST_STEP][PASSED] - M4_total_bonus_spins = Integer.toString(M4_total_bonus_spins_int): null

2019-08-15 16:32:09 - [TEST_STEP][PASSED] - M4_total_bonus_spins = M4_total_bonus_spins: null

2019-08-15 16:32:09 - [TEST_STEP][PASSED] - println("M4_total_bonus_spins is:" + M4_total_bonus_spins): null

2019-08-15 16:32:09 - [TEST_STEP][PASSED] - M4_spin_bonus_data = bonus_data: null

2019-08-15 16:32:09 - [TEST_STEP][PASSED] - M4_spin_features_triggered = result_M4_spin: null

2019-08-15 16:32:09 - [TEST_STEP][PASSED] - wild = []: null

2019-08-15 16:32:09 - [TEST_STEP][PASSED] - wild[0] = "WILD_Expanding": null

2019-08-15 16:32:09 - [TEST_STEP][PASSED] - wild[1] = "WILD_Normal": null

2019-08-15 16:32:09 - [TEST_STEP][PASSED] - wild[2] = "WILD_Double": null

2019-08-15 16:32:09 - [TEST_STEP][PASSED] - wild[3] = "WILD_ExtraFG": null

2019-08-15 16:32:09 - [TEST_STEP][PASSED] - wild[4] = "WILD_Triple": null

2019-08-15 16:32:09 - [TEST_STEP][PASSED] - wildList = Arrays.asList(wild): null

2019-08-15 16:32:09 - [TEST_STEP][PASSED] - wildList = wildList: null

2019-08-15 16:32:09 - [TEST_STEP][PASSED] - free_spin_reel_counter = []: null

2019-08-15 16:32:09 - [TEST_STEP][PASSED] - free_spin_reel_counter[0] = 0: null

2019-08-15 16:32:09 - [TEST_STEP][PASSED] - free_spin_reel_counter[1] = 0: null

2019-08-15 16:32:09 - [TEST_STEP][PASSED] - free_spin_reel_counter[2] = 0: null

2019-08-15 16:32:09 - [TEST_STEP][PASSED] - M4_spin_reels = reels: null

2019-08-15 16:32:09 - [TEST_STEP][PASSED] - for ([i = 0, i &lt; M4_spin_reels.size(), (i++)]): null

2019-08-15 16:32:09 - [TEST_STEP][PASSED] - symbols = symbols: null

2019-08-15 16:32:09 - [TEST_STEP][PASSED] - for ([j = 0, j &lt; symbols.size(), (j++)]): null

2019-08-15 16:32:09 - [TEST_STEP][PASSED] - symbol = symbol: null

2019-08-15 16:32:09 - [TEST_STEP][PASSED] - println(symbol): null

2019-08-15 16:32:09 - [TEST_STEP][PASSED] - if (i == 2 &amp;&amp; wildList.indexOf(symbol) != -1): null

2019-08-15 16:32:09 - [TEST_STEP][PASSED] - if (i == 3 &amp;&amp; wildList.indexOf(symbol) != -1): null

2019-08-15 16:32:09 - [TEST_STEP][PASSED] - if (i == 4 &amp;&amp; wildList.indexOf(symbol) != -1): null

2019-08-15 16:32:09 - [TEST_STEP][PASSED] - symbol = symbol: null

2019-08-15 16:32:09 - [TEST_STEP][PASSED] - println(symbol): null

2019-08-15 16:32:09 - [TEST_STEP][PASSED] - if (i == 2 &amp;&amp; wildList.indexOf(symbol) != -1): null

2019-08-15 16:32:09 - [TEST_STEP][PASSED] - if (i == 3 &amp;&amp; wildList.indexOf(symbol) != -1): null

2019-08-15 16:32:09 - [TEST_STEP][PASSED] - if (i == 4 &amp;&amp; wildList.indexOf(symbol) != -1): null

2019-08-15 16:32:09 - [TEST_STEP][PASSED] - symbol = symbol: null

2019-08-15 16:32:09 - [TEST_STEP][PASSED] - println(symbol): null

2019-08-15 16:32:09 - [TEST_STEP][PASSED] - if (i == 2 &amp;&amp; wildList.indexOf(symbol) != -1): null

2019-08-15 16:32:09 - [TEST_STEP][PASSED] - if (i == 3 &amp;&amp; wildList.indexOf(symbol) != -1): null

2019-08-15 16:32:09 - [TEST_STEP][PASSED] - if (i == 4 &amp;&amp; wildList.indexOf(symbol) != -1): null

2019-08-15 16:32:09 - [TEST_STEP][PASSED] - symbols = symbols: null

2019-08-15 16:32:09 - [TEST_STEP][PASSED] - for ([j = 0, j &lt; symbols.size(), (j++)]): null

2019-08-15 16:32:09 - [TEST_STEP][PASSED] - symbol = symbol: null

2019-08-15 16:32:09 - [TEST_STEP][PASSED] - println(symbol): null

2019-08-15 16:32:09 - [TEST_STEP][PASSED] - if (i == 2 &amp;&amp; wildList.indexOf(symbol) != -1): null

2019-08-15 16:32:09 - [TEST_STEP][PASSED] - if (i == 3 &amp;&amp; wildList.indexOf(symbol) != -1): null

2019-08-15 16:32:09 - [TEST_STEP][PASSED] - if (i == 4 &amp;&amp; wildList.indexOf(symbol) != -1): null

2019-08-15 16:32:09 - [TEST_STEP][PASSED] - symbol = symbol: null

2019-08-15 16:32:09 - [TEST_STEP][PASSED] - println(symbol): null

2019-08-15 16:32:09 - [TEST_STEP][PASSED] - if (i == 2 &amp;&amp; wildList.indexOf(symbol) != -1): null

2019-08-15 16:32:09 - [TEST_STEP][PASSED] - if (i == 3 &amp;&amp; wildList.indexOf(symbol) != -1): null

2019-08-15 16:32:09 - [TEST_STEP][PASSED] - if (i == 4 &amp;&amp; wildList.indexOf(symbol) != -1): null

2019-08-15 16:32:09 - [TEST_STEP][PASSED] - symbol = symbol: null

2019-08-15 16:32:09 - [TEST_STEP][PASSED] - println(symbol): null

2019-08-15 16:32:09 - [TEST_STEP][PASSED] - if (i == 2 &amp;&amp; wildList.indexOf(symbol) != -1): null

2019-08-15 16:32:09 - [TEST_STEP][PASSED] - if (i == 3 &amp;&amp; wildList.indexOf(symbol) != -1): null

2019-08-15 16:32:09 - [TEST_STEP][PASSED] - if (i == 4 &amp;&amp; wildList.indexOf(symbol) != -1): null

2019-08-15 16:32:09 - [TEST_STEP][PASSED] - symbols = symbols: null

2019-08-15 16:32:09 - [TEST_STEP][PASSED] - for ([j = 0, j &lt; symbols.size(), (j++)]): null

2019-08-15 16:32:09 - [TEST_STEP][PASSED] - symbol = symbol: null

2019-08-15 16:32:09 - [TEST_STEP][PASSED] - println(symbol): null

2019-08-15 16:32:09 - [TEST_STEP][PASSED] - if (i == 2 &amp;&amp; wildList.indexOf(symbol) != -1): null

2019-08-15 16:32:09 - [TEST_STEP][PASSED] - if (i == 3 &amp;&amp; wildList.indexOf(symbol) != -1): null

2019-08-15 16:32:09 - [TEST_STEP][PASSED] - if (i == 4 &amp;&amp; wildList.indexOf(symbol) != -1): null

2019-08-15 16:32:09 - [TEST_STEP][PASSED] - symbol = symbol: null

2019-08-15 16:32:09 - [TEST_STEP][PASSED] - println(symbol): null

2019-08-15 16:32:09 - [TEST_STEP][PASSED] - if (i == 2 &amp;&amp; wildList.indexOf(symbol) != -1): null

2019-08-15 16:32:09 - [TEST_STEP][PASSED] - if (i == 3 &amp;&amp; wildList.indexOf(symbol) != -1): null

2019-08-15 16:32:09 - [TEST_STEP][PASSED] - if (i == 4 &amp;&amp; wildList.indexOf(symbol) != -1): null

2019-08-15 16:32:09 - [TEST_STEP][PASSED] - symbol = symbol: null

2019-08-15 16:32:09 - [TEST_STEP][PASSED] - println(symbol): null

2019-08-15 16:32:09 - [TEST_STEP][PASSED] - if (i == 2 &amp;&amp; wildList.indexOf(symbol) != -1): null

2019-08-15 16:32:09 - [TEST_STEP][PASSED] - if (i == 3 &amp;&amp; wildList.indexOf(symbol) != -1): null

2019-08-15 16:32:09 - [TEST_STEP][PASSED] - if (i == 4 &amp;&amp; wildList.indexOf(symbol) != -1): null

2019-08-15 16:32:09 - [TEST_STEP][PASSED] - symbols = symbols: null

2019-08-15 16:32:09 - [TEST_STEP][PASSED] - for ([j = 0, j &lt; symbols.size(), (j++)]): null

2019-08-15 16:32:09 - [TEST_STEP][PASSED] - symbol = symbol: null

2019-08-15 16:32:09 - [TEST_STEP][PASSED] - println(symbol): null

2019-08-15 16:32:09 - [TEST_STEP][PASSED] - if (i == 2 &amp;&amp; wildList.indexOf(symbol) != -1): null

2019-08-15 16:32:09 - [TEST_STEP][PASSED] - if (i == 3 &amp;&amp; wildList.indexOf(symbol) != -1): null

2019-08-15 16:32:09 - [TEST_STEP][PASSED] - if (i == 4 &amp;&amp; wildList.indexOf(symbol) != -1): null

2019-08-15 16:32:09 - [TEST_STEP][PASSED] - symbol = symbol: null

2019-08-15 16:32:09 - [TEST_STEP][PASSED] - println(symbol): null

2019-08-15 16:32:09 - [TEST_STEP][PASSED] - if (i == 2 &amp;&amp; wildList.indexOf(symbol) != -1): null

2019-08-15 16:32:09 - [TEST_STEP][PASSED] - if (i == 3 &amp;&amp; wildList.indexOf(symbol) != -1): null

2019-08-15 16:32:09 - [TEST_STEP][PASSED] - if (i == 4 &amp;&amp; wildList.indexOf(symbol) != -1): null

2019-08-15 16:32:09 - [TEST_STEP][PASSED] - symbol = symbol: null

2019-08-15 16:32:09 - [TEST_STEP][PASSED] - println(symbol): null

2019-08-15 16:32:09 - [TEST_STEP][PASSED] - if (i == 2 &amp;&amp; wildList.indexOf(symbol) != -1): null

2019-08-15 16:32:09 - [TEST_STEP][PASSED] - if (i == 3 &amp;&amp; wildList.indexOf(symbol) != -1): null

2019-08-15 16:32:09 - [TEST_STEP][PASSED] - if (i == 4 &amp;&amp; wildList.indexOf(symbol) != -1): null

2019-08-15 16:32:09 - [TEST_STEP][PASSED] - symbols = symbols: null

2019-08-15 16:32:09 - [TEST_STEP][PASSED] - for ([j = 0, j &lt; symbols.size(), (j++)]): null

2019-08-15 16:32:09 - [TEST_STEP][PASSED] - symbol = symbol: null

2019-08-15 16:32:09 - [TEST_STEP][PASSED] - println(symbol): null

2019-08-15 16:32:09 - [TEST_STEP][PASSED] - if (i == 2 &amp;&amp; wildList.indexOf(symbol) != -1): null

2019-08-15 16:32:09 - [TEST_STEP][PASSED] - if (i == 3 &amp;&amp; wildList.indexOf(symbol) != -1): null

2019-08-15 16:32:09 - [TEST_STEP][PASSED] - if (i == 4 &amp;&amp; wildList.indexOf(symbol) != -1): null

2019-08-15 16:32:09 - [TEST_STEP][PASSED] - symbol = symbol: null

2019-08-15 16:32:09 - [TEST_STEP][PASSED] - println(symbol): null

2019-08-15 16:32:09 - [TEST_STEP][PASSED] - if (i == 2 &amp;&amp; wildList.indexOf(symbol) != -1): null

2019-08-15 16:32:09 - [TEST_STEP][PASSED] - if (i == 3 &amp;&amp; wildList.indexOf(symbol) != -1): null

2019-08-15 16:32:09 - [TEST_STEP][PASSED] - if (i == 4 &amp;&amp; wildList.indexOf(symbol) != -1): null

2019-08-15 16:32:09 - [TEST_STEP][PASSED] - symbol = symbol: null

2019-08-15 16:32:09 - [TEST_STEP][PASSED] - println(symbol): null

2019-08-15 16:32:09 - [TEST_STEP][PASSED] - if (i == 2 &amp;&amp; wildList.indexOf(symbol) != -1): null

2019-08-15 16:32:09 - [TEST_STEP][PASSED] - if (i == 3 &amp;&amp; wildList.indexOf(symbol) != -1): null

2019-08-15 16:32:09 - [TEST_STEP][PASSED] - if (i == 4 &amp;&amp; wildList.indexOf(symbol) != -1): null

2019-08-15 16:32:09 - [TEST_STEP][PASSED] - free_spin_reel_counter = free_spin_reel_counter: null

2019-08-15 16:32:09 - [TEST_STEP][PASSED] - println("reel 3 wild found: " + free_spin_reel_counter[0]): null

2019-08-15 16:32:09 - [TEST_STEP][PASSED] - println("reel 4 wild found: " + free_spin_reel_counter[1]): null

2019-08-15 16:32:09 - [TEST_STEP][PASSED] - println("reel 5 wild found: " + free_spin_reel_counter[2]): null

2019-08-15 16:32:09 - [TEST_STEP][PASSED] - M4_spin_reels = M4_spin_reels: null

2019-08-15 16:32:09 - [TEST_STEP][PASSED] - M4_spin_reels_symbols = symbol: null

2019-08-15 16:32:09 - [TEST_STEP][PASSED] - M4_spin_reels_symbols = M4_spin_reels_symbols: null

2019-08-15 16:32:09 - [TEST_STEP][PASSED] - M4_spin_reel_wins = reel_wins: null

2019-08-15 16:32:09 - [TEST_STEP][PASSED] - M4_spin_reel_wins = M4_spin_reel_wins: null

2019-08-15 16:32:09 - [TEST_STEP][PASSED] - println("GlobalVariable.M4_spin_reel_wins is: " + M4_spin_reel_wins): null

2019-08-15 16:32:09 - [TEST_STEP][PASSED] - M4_spin_total_bonus_win_this_round = total_bonus_win_this_round: null

2019-08-15 16:32:09 - [TEST_STEP][PASSED] - M4_spin_total_bonus_win_this_round = M4_spin_total_bonus_win_this_round: null

2019-08-15 16:32:09 - [TEST_STEP][PASSED] - println("GlobalVariable.M4_spin_total_bonus_win_this_round is: " + M4_spin_total_bonus_win_this_round): null

2019-08-15 16:32:09 - [MESSAGE][PASSED] - Verify response successfully

2019-08-15 16:32:09 - [MESSAGE][PASSED] - Send request and verify the response successfully

2019-08-15 16:32:09 - [TEST_STEP][PASSED] - if (M4_total_bonus_spins_int != 0 &amp;&amp; M4_spin_reels_symbols[2].contains("WILD_Normal") || M4_spin_reels_symbols[3].contains("WILD_Normal") || M4_spin_reels_symbols[4].contains("WILD_Normal")): null

2019-08-15 16:32:09 - [TEST_STEP][PASSED] - free_spin_reel_counter = free_spin_reel_counter: null

2019-08-15 16:32:09 - [TEST_STEP][PASSED] - M4_spin_reels_symbols = M4_spin_reels_symbols: null

2019-08-15 16:32:09 - [TEST_STEP][PASSED] - M4_total_bonus_spins = M4_total_bonus_spins: null

2019-08-15 16:32:09 - [TEST_STEP][PASSED] - spin_result = sendRequestAndVerify(findTestObject("STG/RGS(M4)/1_M4_spin", ["M4_login_user_id":M4_login_user_id, "rgs_session_token":rgs_session_token, "partner":Partner])): Send request and verify the response successfully

2019-08-15 16:32:10 - [TEST_CASE][PASSED] - Start Test Case : Verification: Verification accomplished successfully

2019-08-15 16:32:10 - [TEST_STEP][PASSED] - request = getInstance().getCurrentRequest(): null

2019-08-15 16:32:10 - [TEST_STEP][PASSED] - response = getInstance().getCurrentResponse(): null

2019-08-15 16:32:10 - [TEST_STEP][PASSED] - verifyResponseStatusCode(response, 200): Verify response status code successfully

2019-08-15 16:32:10 - [MESSAGE][PASSED] - Verify response status code successfully

2019-08-15 16:32:10 - [TEST_STEP][PASSED] - getStatusCode()).isEqualTo(200): null

2019-08-15 16:32:10 - [TEST_STEP][PASSED] - newline = System.getProperty("line.separator"): null

2019-08-15 16:32:10 - [TEST_STEP][PASSED] - M4_spin = new groovy.json.JsonSlurper(): null

2019-08-15 16:32:10 - [TEST_STEP][PASSED] - result_M4_spin = M4_spin.parseText(response.getResponseBodyContent()): null

2019-08-15 16:32:10 - [TEST_STEP][PASSED] - M4_spin_current_balance = current_balance: null

2019-08-15 16:32:10 - [TEST_STEP][PASSED] - M4_spin_current_balance = M4_spin_current_balance: null

2019-08-15 16:32:10 - [TEST_STEP][PASSED] - M4_spin_transaction_id = causality: null

2019-08-15 16:32:10 - [TEST_STEP][PASSED] - M4_spin_transaction_id = M4_spin_transaction_id: null

2019-08-15 16:32:10 - [TEST_STEP][PASSED] - M4_spin_round_id = round_id: null

2019-08-15 16:32:10 - [TEST_STEP][PASSED] - M4_spin_round_id = M4_spin_round_id: null

2019-08-15 16:32:10 - [TEST_STEP][PASSED] - M4_spin_line_wins = line_wins: null

2019-08-15 16:32:10 - [TEST_STEP][PASSED] - M4_spin_line_wins = M4_spin_line_wins: null

2019-08-15 16:32:10 - [TEST_STEP][PASSED] - M4_total_bonus_spins_int = total_bonus_spins: null

2019-08-15 16:32:10 - [TEST_STEP][PASSED] - println("******M4_total_bonus_spins type is:*******" + newline + getClass().getName()): null

2019-08-15 16:32:10 - [TEST_STEP][PASSED] - M4_total_bonus_spins_int = M4_total_bonus_spins_int: null

2019-08-15 16:32:10 - [TEST_STEP][PASSED] - M4_total_bonus_spins = Integer.toString(M4_total_bonus_spins_int): null

2019-08-15 16:32:10 - [TEST_STEP][PASSED] - M4_total_bonus_spins = M4_total_bonus_spins: null

2019-08-15 16:32:10 - [TEST_STEP][PASSED] - println("M4_total_bonus_spins is:" + M4_total_bonus_spins): null

2019-08-15 16:32:10 - [TEST_STEP][PASSED] - M4_spin_bonus_data = bonus_data: null

2019-08-15 16:32:10 - [TEST_STEP][PASSED] - M4_spin_features_triggered = result_M4_spin: null

2019-08-15 16:32:10 - [TEST_STEP][PASSED] - wild = []: null

2019-08-15 16:32:10 - [TEST_STEP][PASSED] - wild[0] = "WILD_Expanding": null

2019-08-15 16:32:10 - [TEST_STEP][PASSED] - wild[1] = "WILD_Normal": null

2019-08-15 16:32:10 - [TEST_STEP][PASSED] - wild[2] = "WILD_Double": null

2019-08-15 16:32:10 - [TEST_STEP][PASSED] - wild[3] = "WILD_ExtraFG": null

2019-08-15 16:32:10 - [TEST_STEP][PASSED] - wild[4] = "WILD_Triple": null

2019-08-15 16:32:10 - [TEST_STEP][PASSED] - wildList = Arrays.asList(wild): null

2019-08-15 16:32:10 - [TEST_STEP][PASSED] - wildList = wildList: null

2019-08-15 16:32:10 - [TEST_STEP][PASSED] - free_spin_reel_counter = []: null

2019-08-15 16:32:10 - [TEST_STEP][PASSED] - free_spin_reel_counter[0] = 0: null

2019-08-15 16:32:10 - [TEST_STEP][PASSED] - free_spin_reel_counter[1] = 0: null

2019-08-15 16:32:10 - [TEST_STEP][PASSED] - free_spin_reel_counter[2] = 0: null

2019-08-15 16:32:10 - [TEST_STEP][PASSED] - M4_spin_reels = reels: null

2019-08-15 16:32:10 - [TEST_STEP][PASSED] - for ([i = 0, i &lt; M4_spin_reels.size(), (i++)]): null

2019-08-15 16:32:10 - [TEST_STEP][PASSED] - symbols = symbols: null

2019-08-15 16:32:10 - [TEST_STEP][PASSED] - for ([j = 0, j &lt; symbols.size(), (j++)]): null

2019-08-15 16:32:10 - [TEST_STEP][PASSED] - symbol = symbol: null

2019-08-15 16:32:10 - [TEST_STEP][PASSED] - println(symbol): null

2019-08-15 16:32:10 - [TEST_STEP][PASSED] - if (i == 2 &amp;&amp; wildList.indexOf(symbol) != -1): null

2019-08-15 16:32:10 - [TEST_STEP][PASSED] - if (i == 3 &amp;&amp; wildList.indexOf(symbol) != -1): null

2019-08-15 16:32:10 - [TEST_STEP][PASSED] - if (i == 4 &amp;&amp; wildList.indexOf(symbol) != -1): null

2019-08-15 16:32:10 - [TEST_STEP][PASSED] - symbol = symbol: null

2019-08-15 16:32:10 - [TEST_STEP][PASSED] - println(symbol): null

2019-08-15 16:32:10 - [TEST_STEP][PASSED] - if (i == 2 &amp;&amp; wildList.indexOf(symbol) != -1): null

2019-08-15 16:32:10 - [TEST_STEP][PASSED] - if (i == 3 &amp;&amp; wildList.indexOf(symbol) != -1): null

2019-08-15 16:32:10 - [TEST_STEP][PASSED] - if (i == 4 &amp;&amp; wildList.indexOf(symbol) != -1): null

2019-08-15 16:32:10 - [TEST_STEP][PASSED] - symbol = symbol: null

2019-08-15 16:32:10 - [TEST_STEP][PASSED] - println(symbol): null

2019-08-15 16:32:10 - [TEST_STEP][PASSED] - if (i == 2 &amp;&amp; wildList.indexOf(symbol) != -1): null

2019-08-15 16:32:10 - [TEST_STEP][PASSED] - if (i == 3 &amp;&amp; wildList.indexOf(symbol) != -1): null

2019-08-15 16:32:10 - [TEST_STEP][PASSED] - if (i == 4 &amp;&amp; wildList.indexOf(symbol) != -1): null

2019-08-15 16:32:10 - [TEST_STEP][PASSED] - symbols = symbols: null

2019-08-15 16:32:10 - [TEST_STEP][PASSED] - for ([j = 0, j &lt; symbols.size(), (j++)]): null

2019-08-15 16:32:10 - [TEST_STEP][PASSED] - symbol = symbol: null

2019-08-15 16:32:10 - [TEST_STEP][PASSED] - println(symbol): null

2019-08-15 16:32:10 - [TEST_STEP][PASSED] - if (i == 2 &amp;&amp; wildList.indexOf(symbol) != -1): null

2019-08-15 16:32:10 - [TEST_STEP][PASSED] - if (i == 3 &amp;&amp; wildList.indexOf(symbol) != -1): null

2019-08-15 16:32:10 - [TEST_STEP][PASSED] - if (i == 4 &amp;&amp; wildList.indexOf(symbol) != -1): null

2019-08-15 16:32:10 - [TEST_STEP][PASSED] - symbol = symbol: null

2019-08-15 16:32:10 - [TEST_STEP][PASSED] - println(symbol): null

2019-08-15 16:32:10 - [TEST_STEP][PASSED] - if (i == 2 &amp;&amp; wildList.indexOf(symbol) != -1): null

2019-08-15 16:32:10 - [TEST_STEP][PASSED] - if (i == 3 &amp;&amp; wildList.indexOf(symbol) != -1): null

2019-08-15 16:32:10 - [TEST_STEP][PASSED] - if (i == 4 &amp;&amp; wildList.indexOf(symbol) != -1): null

2019-08-15 16:32:10 - [TEST_STEP][PASSED] - symbol = symbol: null

2019-08-15 16:32:10 - [TEST_STEP][PASSED] - println(symbol): null

2019-08-15 16:32:10 - [TEST_STEP][PASSED] - if (i == 2 &amp;&amp; wildList.indexOf(symbol) != -1): null

2019-08-15 16:32:10 - [TEST_STEP][PASSED] - if (i == 3 &amp;&amp; wildList.indexOf(symbol) != -1): null

2019-08-15 16:32:10 - [TEST_STEP][PASSED] - if (i == 4 &amp;&amp; wildList.indexOf(symbol) != -1): null

2019-08-15 16:32:10 - [TEST_STEP][PASSED] - symbols = symbols: null

2019-08-15 16:32:10 - [TEST_STEP][PASSED] - for ([j = 0, j &lt; symbols.size(), (j++)]): null

2019-08-15 16:32:10 - [TEST_STEP][PASSED] - symbol = symbol: null

2019-08-15 16:32:10 - [TEST_STEP][PASSED] - println(symbol): null

2019-08-15 16:32:10 - [TEST_STEP][PASSED] - if (i == 2 &amp;&amp; wildList.indexOf(symbol) != -1): null

2019-08-15 16:32:10 - [TEST_STEP][PASSED] - if (i == 3 &amp;&amp; wildList.indexOf(symbol) != -1): null

2019-08-15 16:32:10 - [TEST_STEP][PASSED] - if (i == 4 &amp;&amp; wildList.indexOf(symbol) != -1): null

2019-08-15 16:32:10 - [TEST_STEP][PASSED] - symbol = symbol: null

2019-08-15 16:32:10 - [TEST_STEP][PASSED] - println(symbol): null

2019-08-15 16:32:10 - [TEST_STEP][PASSED] - if (i == 2 &amp;&amp; wildList.indexOf(symbol) != -1): null

2019-08-15 16:32:10 - [TEST_STEP][PASSED] - if (i == 3 &amp;&amp; wildList.indexOf(symbol) != -1): null

2019-08-15 16:32:10 - [TEST_STEP][PASSED] - if (i == 4 &amp;&amp; wildList.indexOf(symbol) != -1): null

2019-08-15 16:32:10 - [TEST_STEP][PASSED] - symbol = symbol: null

2019-08-15 16:32:10 - [TEST_STEP][PASSED] - println(symbol): null

2019-08-15 16:32:10 - [TEST_STEP][PASSED] - if (i == 2 &amp;&amp; wildList.indexOf(symbol) != -1): null

2019-08-15 16:32:10 - [TEST_STEP][PASSED] - if (i == 3 &amp;&amp; wildList.indexOf(symbol) != -1): null

2019-08-15 16:32:10 - [TEST_STEP][PASSED] - if (i == 4 &amp;&amp; wildList.indexOf(symbol) != -1): null

2019-08-15 16:32:10 - [TEST_STEP][PASSED] - symbols = symbols: null

2019-08-15 16:32:10 - [TEST_STEP][PASSED] - for ([j = 0, j &lt; symbols.size(), (j++)]): null

2019-08-15 16:32:10 - [TEST_STEP][PASSED] - symbol = symbol: null

2019-08-15 16:32:10 - [TEST_STEP][PASSED] - println(symbol): null

2019-08-15 16:32:10 - [TEST_STEP][PASSED] - if (i == 2 &amp;&amp; wildList.indexOf(symbol) != -1): null

2019-08-15 16:32:10 - [TEST_STEP][PASSED] - if (i == 3 &amp;&amp; wildList.indexOf(symbol) != -1): null

2019-08-15 16:32:10 - [TEST_STEP][PASSED] - if (i == 4 &amp;&amp; wildList.indexOf(symbol) != -1): null

2019-08-15 16:32:10 - [TEST_STEP][PASSED] - symbol = symbol: null

2019-08-15 16:32:14 - [TEST_STEP][PASSED] - println(symbol): null

2019-08-15 16:32:14 - [TEST_STEP][PASSED] - if (i == 2 &amp;&amp; wildList.indexOf(symbol) != -1): null

2019-08-15 16:32:14 - [TEST_STEP][PASSED] - if (i == 3 &amp;&amp; wildList.indexOf(symbol) != -1): null

2019-08-15 16:32:14 - [TEST_STEP][PASSED] - if (i == 4 &amp;&amp; wildList.indexOf(symbol) != -1): null

2019-08-15 16:32:14 - [TEST_STEP][PASSED] - symbol = symbol: null

2019-08-15 16:32:14 - [TEST_STEP][PASSED] - println(symbol): null

2019-08-15 16:32:14 - [TEST_STEP][PASSED] - if (i == 2 &amp;&amp; wildList.indexOf(symbol) != -1): null

2019-08-15 16:32:14 - [TEST_STEP][PASSED] - if (i == 3 &amp;&amp; wildList.indexOf(symbol) != -1): null

2019-08-15 16:32:14 - [TEST_STEP][PASSED] - if (i == 4 &amp;&amp; wildList.indexOf(symbol) != -1): null

2019-08-15 16:32:14 - [TEST_STEP][PASSED] - symbols = symbols: null

2019-08-15 16:32:18 - [TEST_STEP][PASSED] - for ([j = 0, j &lt; symbols.size(), (j++)]): null

2019-08-15 16:32:18 - [TEST_STEP][PASSED] - symbol = symbol: null

2019-08-15 16:32:18 - [TEST_STEP][PASSED] - println(symbol): null

2019-08-15 16:32:18 - [TEST_STEP][PASSED] - if (i == 2 &amp;&amp; wildList.indexOf(symbol) != -1): null

2019-08-15 16:32:18 - [TEST_STEP][PASSED] - if (i == 3 &amp;&amp; wildList.indexOf(symbol) != -1): null

2019-08-15 16:32:18 - [TEST_STEP][PASSED] - if (i == 4 &amp;&amp; wildList.indexOf(symbol) != -1): null

2019-08-15 16:32:18 - [TEST_STEP][PASSED] - symbol = symbol: null

2019-08-15 16:32:18 - [TEST_STEP][PASSED] - println(symbol): null

2019-08-15 16:32:18 - [TEST_STEP][PASSED] - if (i == 2 &amp;&amp; wildList.indexOf(symbol) != -1): null

2019-08-15 16:32:18 - [TEST_STEP][PASSED] - if (i == 3 &amp;&amp; wildList.indexOf(symbol) != -1): null

2019-08-15 16:32:18 - [TEST_STEP][PASSED] - if (i == 4 &amp;&amp; wildList.indexOf(symbol) != -1): null

2019-08-15 16:32:18 - [TEST_STEP][PASSED] - symbol = symbol: null

2019-08-15 16:32:18 - [TEST_STEP][PASSED] - println(symbol): null

2019-08-15 16:32:18 - [TEST_STEP][PASSED] - if (i == 2 &amp;&amp; wildList.indexOf(symbol) != -1): null

2019-08-15 16:32:18 - [TEST_STEP][PASSED] - if (i == 3 &amp;&amp; wildList.indexOf(symbol) != -1): null

2019-08-15 16:32:18 - [TEST_STEP][PASSED] - if (i == 4 &amp;&amp; wildList.indexOf(symbol) != -1): null

2019-08-15 16:32:18 - [TEST_STEP][PASSED] - free_spin_reel_counter = free_spin_reel_counter: null

2019-08-15 16:32:18 - [TEST_STEP][PASSED] - println("reel 3 wild found: " + free_spin_reel_counter[0]): null

2019-08-15 16:32:18 - [TEST_STEP][PASSED] - println("reel 4 wild found: " + free_spin_reel_counter[1]): null

2019-08-15 16:32:18 - [TEST_STEP][PASSED] - println("reel 5 wild found: " + free_spin_reel_counter[2]): null

2019-08-15 16:32:18 - [TEST_STEP][PASSED] - M4_spin_reels = M4_spin_reels: null

2019-08-15 16:32:18 - [TEST_STEP][PASSED] - M4_spin_reels_symbols = symbol: null

2019-08-15 16:32:18 - [TEST_STEP][PASSED] - M4_spin_reels_symbols = M4_spin_reels_symbols: null

2019-08-15 16:32:18 - [TEST_STEP][PASSED] - M4_spin_reel_wins = reel_wins: null

2019-08-15 16:32:18 - [TEST_STEP][PASSED] - M4_spin_reel_wins = M4_spin_reel_wins: null

2019-08-15 16:32:18 - [TEST_STEP][PASSED] - println("GlobalVariable.M4_spin_reel_wins is: " + M4_spin_reel_wins): null

2019-08-15 16:32:18 - [TEST_STEP][PASSED] - M4_spin_total_bonus_win_this_round = total_bonus_win_this_round: null

2019-08-15 16:32:18 - [TEST_STEP][PASSED] - M4_spin_total_bonus_win_this_round = M4_spin_total_bonus_win_this_round: null

2019-08-15 16:32:18 - [TEST_STEP][PASSED] - println("GlobalVariable.M4_spin_total_bonus_win_this_round is: " + M4_spin_total_bonus_win_this_round): null

2019-08-15 16:32:18 - [MESSAGE][PASSED] - Verify response successfully

2019-08-15 16:32:18 - [MESSAGE][PASSED] - Send request and verify the response successfully

2019-08-15 16:32:18 - [TEST_STEP][PASSED] - if (M4_total_bonus_spins_int != 0 &amp;&amp; M4_spin_reels_symbols[2].contains("WILD_Normal") || M4_spin_reels_symbols[3].contains("WILD_Normal") || M4_spin_reels_symbols[4].contains("WILD_Normal")): null

2019-08-15 16:32:18 - [TEST_STEP][PASSED] - free_spin_reel_counter = free_spin_reel_counter: null

2019-08-15 16:32:18 - [TEST_STEP][PASSED] - M4_spin_reels_symbols = M4_spin_reels_symbols: null

2019-08-15 16:32:18 - [TEST_STEP][PASSED] - M4_total_bonus_spins = M4_total_bonus_spins: null

2019-08-15 16:32:18 - [TEST_STEP][PASSED] - spin_result = sendRequestAndVerify(findTestObject("STG/RGS(M4)/1_M4_spin", ["M4_login_user_id":M4_login_user_id, "rgs_session_token":rgs_session_token, "partner":Partner])): Send request and verify the response successfully

2019-08-15 16:32:19 - [TEST_CASE][PASSED] - Start Test Case : Verification: Verification accomplished successfully

2019-08-15 16:32:19 - [TEST_STEP][PASSED] - request = getInstance().getCurrentRequest(): null

2019-08-15 16:32:19 - [TEST_STEP][PASSED] - response = getInstance().getCurrentResponse(): null

2019-08-15 16:32:19 - [TEST_STEP][PASSED] - verifyResponseStatusCode(response, 200): Verify response status code successfully

2019-08-15 16:32:19 - [MESSAGE][PASSED] - Verify response status code successfully

2019-08-15 16:32:19 - [TEST_STEP][PASSED] - getStatusCode()).isEqualTo(200): null

2019-08-15 16:32:19 - [TEST_STEP][PASSED] - newline = System.getProperty("line.separator"): null

2019-08-15 16:32:19 - [TEST_STEP][PASSED] - M4_spin = new groovy.json.JsonSlurper(): null

2019-08-15 16:32:19 - [TEST_STEP][PASSED] - result_M4_spin = M4_spin.parseText(response.getResponseBodyContent()): null

2019-08-15 16:32:19 - [TEST_STEP][PASSED] - M4_spin_current_balance = current_balance: null

2019-08-15 16:32:19 - [TEST_STEP][PASSED] - M4_spin_current_balance = M4_spin_current_balance: null

2019-08-15 16:32:19 - [TEST_STEP][PASSED] - M4_spin_transaction_id = causality: null

2019-08-15 16:32:19 - [TEST_STEP][PASSED] - M4_spin_transaction_id = M4_spin_transaction_id: null

2019-08-15 16:32:19 - [TEST_STEP][PASSED] - M4_spin_round_id = round_id: null

2019-08-15 16:32:19 - [TEST_STEP][PASSED] - M4_spin_round_id = M4_spin_round_id: null

2019-08-15 16:32:19 - [TEST_STEP][PASSED] - M4_spin_line_wins = line_wins: null

2019-08-15 16:32:19 - [TEST_STEP][PASSED] - M4_spin_line_wins = M4_spin_line_wins: null

2019-08-15 16:32:19 - [TEST_STEP][PASSED] - M4_total_bonus_spins_int = total_bonus_spins: null

2019-08-15 16:32:19 - [TEST_STEP][PASSED] - println("******M4_total_bonus_spins type is:*******" + newline + getClass().getName()): null

2019-08-15 16:32:19 - [TEST_STEP][PASSED] - M4_total_bonus_spins_int = M4_total_bonus_spins_int: null

2019-08-15 16:32:19 - [TEST_STEP][PASSED] - M4_total_bonus_spins = Integer.toString(M4_total_bonus_spins_int): null

2019-08-15 16:32:19 - [TEST_STEP][PASSED] - M4_total_bonus_spins = M4_total_bonus_spins: null

2019-08-15 16:32:19 - [TEST_STEP][PASSED] - println("M4_total_bonus_spins is:" + M4_total_bonus_spins): null

2019-08-15 16:32:19 - [TEST_STEP][PASSED] - M4_spin_bonus_data = bonus_data: null

2019-08-15 16:32:19 - [TEST_STEP][PASSED] - M4_spin_features_triggered = result_M4_spin: null

2019-08-15 16:32:19 - [TEST_STEP][PASSED] - wild = []: null

2019-08-15 16:32:19 - [TEST_STEP][PASSED] - wild[0] = "WILD_Expanding": null

2019-08-15 16:32:19 - [TEST_STEP][PASSED] - wild[1] = "WILD_Normal": null

2019-08-15 16:32:19 - [TEST_STEP][PASSED] - wild[2] = "WILD_Double": null

2019-08-15 16:32:19 - [TEST_STEP][PASSED] - wild[3] = "WILD_ExtraFG": null

2019-08-15 16:32:19 - [TEST_STEP][PASSED] - wild[4] = "WILD_Triple": null

2019-08-15 16:32:19 - [TEST_STEP][PASSED] - wildList = Arrays.asList(wild): null

2019-08-15 16:32:19 - [TEST_STEP][PASSED] - wildList = wildList: null

2019-08-15 16:32:19 - [TEST_STEP][PASSED] - free_spin_reel_counter = []: null

2019-08-15 16:32:19 - [TEST_STEP][PASSED] - free_spin_reel_counter[0] = 0: null

2019-08-15 16:32:19 - [TEST_STEP][PASSED] - free_spin_reel_counter[1] = 0: null

2019-08-15 16:32:19 - [TEST_STEP][PASSED] - free_spin_reel_counter[2] = 0: null

2019-08-15 16:32:19 - [TEST_STEP][PASSED] - M4_spin_reels = reels: null

2019-08-15 16:32:19 - [TEST_STEP][PASSED] - for ([i = 0, i &lt; M4_spin_reels.size(), (i++)]): null

2019-08-15 16:32:19 - [TEST_STEP][PASSED] - symbols = symbols: null

2019-08-15 16:32:19 - [TEST_STEP][PASSED] - for ([j = 0, j &lt; symbols.size(), (j++)]): null

2019-08-15 16:32:19 - [TEST_STEP][PASSED] - symbol = symbol: null

2019-08-15 16:32:19 - [TEST_STEP][PASSED] - println(symbol): null

2019-08-15 16:32:19 - [TEST_STEP][PASSED] - if (i == 2 &amp;&amp; wildList.indexOf(symbol) != -1): null

2019-08-15 16:32:19 - [TEST_STEP][PASSED] - if (i == 3 &amp;&amp; wildList.indexOf(symbol) != -1): null

2019-08-15 16:32:19 - [TEST_STEP][PASSED] - if (i == 4 &amp;&amp; wildList.indexOf(symbol) != -1): null

2019-08-15 16:32:19 - [TEST_STEP][PASSED] - symbol = symbol: null

2019-08-15 16:32:19 - [TEST_STEP][PASSED] - println(symbol): null

2019-08-15 16:32:19 - [TEST_STEP][PASSED] - if (i == 2 &amp;&amp; wildList.indexOf(symbol) != -1): null

2019-08-15 16:32:19 - [TEST_STEP][PASSED] - if (i == 3 &amp;&amp; wildList.indexOf(symbol) != -1): null

2019-08-15 16:32:19 - [TEST_STEP][PASSED] - if (i == 4 &amp;&amp; wildList.indexOf(symbol) != -1): null

2019-08-15 16:32:19 - [TEST_STEP][PASSED] - symbol = symbol: null

2019-08-15 16:32:19 - [TEST_STEP][PASSED] - println(symbol): null

2019-08-15 16:32:19 - [TEST_STEP][PASSED] - if (i == 2 &amp;&amp; wildList.indexOf(symbol) != -1): null

2019-08-15 16:32:19 - [TEST_STEP][PASSED] - if (i == 3 &amp;&amp; wildList.indexOf(symbol) != -1): null

2019-08-15 16:32:19 - [TEST_STEP][PASSED] - if (i == 4 &amp;&amp; wildList.indexOf(symbol) != -1): null

2019-08-15 16:32:19 - [TEST_STEP][PASSED] - symbols = symbols: null

2019-08-15 16:32:19 - [TEST_STEP][PASSED] - for ([j = 0, j &lt; symbols.size(), (j++)]): null

2019-08-15 16:32:19 - [TEST_STEP][PASSED] - symbol = symbol: null

2019-08-15 16:32:19 - [TEST_STEP][PASSED] - println(symbol): null

2019-08-15 16:32:19 - [TEST_STEP][PASSED] - if (i == 2 &amp;&amp; wildList.indexOf(symbol) != -1): null

2019-08-15 16:32:19 - [TEST_STEP][PASSED] - if (i == 3 &amp;&amp; wildList.indexOf(symbol) != -1): null

2019-08-15 16:32:19 - [TEST_STEP][PASSED] - if (i == 4 &amp;&amp; wildList.indexOf(symbol) != -1): null

2019-08-15 16:32:19 - [TEST_STEP][PASSED] - symbol = symbol: null

2019-08-15 16:32:19 - [TEST_STEP][PASSED] - println(symbol): null

2019-08-15 16:32:19 - [TEST_STEP][PASSED] - if (i == 2 &amp;&amp; wildList.indexOf(symbol) != -1): null

2019-08-15 16:32:19 - [TEST_STEP][PASSED] - if (i == 3 &amp;&amp; wildList.indexOf(symbol) != -1): null

2019-08-15 16:32:19 - [TEST_STEP][PASSED] - if (i == 4 &amp;&amp; wildList.indexOf(symbol) != -1): null

2019-08-15 16:32:19 - [TEST_STEP][PASSED] - symbol = symbol: null

2019-08-15 16:32:19 - [TEST_STEP][PASSED] - println(symbol): null

2019-08-15 16:32:19 - [TEST_STEP][PASSED] - if (i == 2 &amp;&amp; wildList.indexOf(symbol) != -1): null

2019-08-15 16:32:19 - [TEST_STEP][PASSED] - if (i == 3 &amp;&amp; wildList.indexOf(symbol) != -1): null

2019-08-15 16:32:19 - [TEST_STEP][PASSED] - if (i == 4 &amp;&amp; wildList.indexOf(symbol) != -1): null

2019-08-15 16:32:19 - [TEST_STEP][PASSED] - symbols = symbols: null

2019-08-15 16:32:19 - [TEST_STEP][PASSED] - for ([j = 0, j &lt; symbols.size(), (j++)]): null

2019-08-15 16:32:19 - [TEST_STEP][PASSED] - symbol = symbol: null

2019-08-15 16:32:19 - [TEST_STEP][PASSED] - println(symbol): null

2019-08-15 16:32:19 - [TEST_STEP][PASSED] - if (i == 2 &amp;&amp; wildList.indexOf(symbol) != -1): null

2019-08-15 16:32:19 - [TEST_STEP][PASSED] - if (i == 3 &amp;&amp; wildList.indexOf(symbol) != -1): null

2019-08-15 16:32:19 - [TEST_STEP][PASSED] - if (i == 4 &amp;&amp; wildList.indexOf(symbol) != -1): null

2019-08-15 16:32:19 - [TEST_STEP][PASSED] - symbol = symbol: null

2019-08-15 16:32:19 - [TEST_STEP][PASSED] - println(symbol): null

2019-08-15 16:32:19 - [TEST_STEP][PASSED] - if (i == 2 &amp;&amp; wildList.indexOf(symbol) != -1): null

2019-08-15 16:32:19 - [TEST_STEP][PASSED] - println("wild found on reel 3, adding counter by 1"): null

2019-08-15 16:32:19 - [TEST_STEP][PASSED] - free_spin_reel_counter[0] = free_spin_reel_counter[0] + 1: null

2019-08-15 16:32:19 - [TEST_STEP][PASSED] - if (i == 3 &amp;&amp; wildList.indexOf(symbol) != -1): null

2019-08-15 16:32:19 - [TEST_STEP][PASSED] - if (i == 4 &amp;&amp; wildList.indexOf(symbol) != -1): null

2019-08-15 16:32:19 - [TEST_STEP][PASSED] - symbol = symbol: null

2019-08-15 16:32:19 - [TEST_STEP][PASSED] - println(symbol): null

2019-08-15 16:32:19 - [TEST_STEP][PASSED] - if (i == 2 &amp;&amp; wildList.indexOf(symbol) != -1): null

2019-08-15 16:32:19 - [TEST_STEP][PASSED] - if (i == 3 &amp;&amp; wildList.indexOf(symbol) != -1): null

2019-08-15 16:32:19 - [TEST_STEP][PASSED] - if (i == 4 &amp;&amp; wildList.indexOf(symbol) != -1): null

2019-08-15 16:32:19 - [TEST_STEP][PASSED] - symbols = symbols: null

2019-08-15 16:32:19 - [TEST_STEP][PASSED] - for ([j = 0, j &lt; symbols.size(), (j++)]): null

2019-08-15 16:32:19 - [TEST_STEP][PASSED] - symbol = symbol: null

2019-08-15 16:32:19 - [TEST_STEP][PASSED] - println(symbol): null

2019-08-15 16:32:19 - [TEST_STEP][PASSED] - if (i == 2 &amp;&amp; wildList.indexOf(symbol) != -1): null

2019-08-15 16:32:19 - [TEST_STEP][PASSED] - if (i == 3 &amp;&amp; wildList.indexOf(symbol) != -1): null

2019-08-15 16:32:19 - [TEST_STEP][PASSED] - if (i == 4 &amp;&amp; wildList.indexOf(symbol) != -1): null

2019-08-15 16:32:19 - [TEST_STEP][PASSED] - symbol = symbol: null

2019-08-15 16:32:19 - [TEST_STEP][PASSED] - println(symbol): null

2019-08-15 16:32:19 - [TEST_STEP][PASSED] - if (i == 2 &amp;&amp; wildList.indexOf(symbol) != -1): null

2019-08-15 16:32:19 - [TEST_STEP][PASSED] - if (i == 3 &amp;&amp; wildList.indexOf(symbol) != -1): null

2019-08-15 16:32:19 - [TEST_STEP][PASSED] - if (i == 4 &amp;&amp; wildList.indexOf(symbol) != -1): null

2019-08-15 16:32:19 - [TEST_STEP][PASSED] - symbol = symbol: null

2019-08-15 16:32:19 - [TEST_STEP][PASSED] - println(symbol): null

2019-08-15 16:32:19 - [TEST_STEP][PASSED] - if (i == 2 &amp;&amp; wildList.indexOf(symbol) != -1): null

2019-08-15 16:32:19 - [TEST_STEP][PASSED] - if (i == 3 &amp;&amp; wildList.indexOf(symbol) != -1): null

2019-08-15 16:32:19 - [TEST_STEP][PASSED] - if (i == 4 &amp;&amp; wildList.indexOf(symbol) != -1): null

2019-08-15 16:32:19 - [TEST_STEP][PASSED] - symbols = symbols: null

2019-08-15 16:32:19 - [TEST_STEP][PASSED] - for ([j = 0, j &lt; symbols.size(), (j++)]): null

2019-08-15 16:32:19 - [TEST_STEP][PASSED] - symbol = symbol: null

2019-08-15 16:32:19 - [TEST_STEP][PASSED] - println(symbol): null

2019-08-15 16:32:19 - [TEST_STEP][PASSED] - if (i == 2 &amp;&amp; wildList.indexOf(symbol) != -1): null

2019-08-15 16:32:19 - [TEST_STEP][PASSED] - if (i == 3 &amp;&amp; wildList.indexOf(symbol) != -1): null

2019-08-15 16:32:19 - [TEST_STEP][PASSED] - if (i == 4 &amp;&amp; wildList.indexOf(symbol) != -1): null

2019-08-15 16:32:19 - [TEST_STEP][PASSED] - symbol = symbol: null

2019-08-15 16:32:19 - [TEST_STEP][PASSED] - println(symbol): null

2019-08-15 16:32:19 - [TEST_STEP][PASSED] - if (i == 2 &amp;&amp; wildList.indexOf(symbol) != -1): null

2019-08-15 16:32:19 - [TEST_STEP][PASSED] - if (i == 3 &amp;&amp; wildList.indexOf(symbol) != -1): null

2019-08-15 16:32:19 - [TEST_STEP][PASSED] - if (i == 4 &amp;&amp; wildList.indexOf(symbol) != -1): null

2019-08-15 16:32:19 - [TEST_STEP][PASSED] - symbol = symbol: null

2019-08-15 16:32:19 - [TEST_STEP][PASSED] - println(symbol): null

2019-08-15 16:32:19 - [TEST_STEP][PASSED] - if (i == 2 &amp;&amp; wildList.indexOf(symbol) != -1): null

2019-08-15 16:32:19 - [TEST_STEP][PASSED] - if (i == 3 &amp;&amp; wildList.indexOf(symbol) != -1): null

2019-08-15 16:32:19 - [TEST_STEP][PASSED] - if (i == 4 &amp;&amp; wildList.indexOf(symbol) != -1): null

2019-08-15 16:32:19 - [TEST_STEP][PASSED] - free_spin_reel_counter = free_spin_reel_counter: null

2019-08-15 16:32:19 - [TEST_STEP][PASSED] - println("reel 3 wild found: " + free_spin_reel_counter[0]): null

2019-08-15 16:32:19 - [TEST_STEP][PASSED] - println("reel 4 wild found: " + free_spin_reel_counter[1]): null

2019-08-15 16:32:19 - [TEST_STEP][PASSED] - println("reel 5 wild found: " + free_spin_reel_counter[2]): null

2019-08-15 16:32:19 - [TEST_STEP][PASSED] - M4_spin_reels = M4_spin_reels: null

2019-08-15 16:32:19 - [TEST_STEP][PASSED] - M4_spin_reels_symbols = symbol: null

2019-08-15 16:32:19 - [TEST_STEP][PASSED] - M4_spin_reels_symbols = M4_spin_reels_symbols: null

2019-08-15 16:32:19 - [TEST_STEP][PASSED] - M4_spin_reel_wins = reel_wins: null

2019-08-15 16:32:19 - [TEST_STEP][PASSED] - M4_spin_reel_wins = M4_spin_reel_wins: null

2019-08-15 16:32:19 - [TEST_STEP][PASSED] - println("GlobalVariable.M4_spin_reel_wins is: " + M4_spin_reel_wins): null

2019-08-15 16:32:19 - [TEST_STEP][PASSED] - M4_spin_total_bonus_win_this_round = total_bonus_win_this_round: null

2019-08-15 16:32:19 - [TEST_STEP][PASSED] - M4_spin_total_bonus_win_this_round = M4_spin_total_bonus_win_this_round: null

2019-08-15 16:32:19 - [TEST_STEP][PASSED] - println("GlobalVariable.M4_spin_total_bonus_win_this_round is: " + M4_spin_total_bonus_win_this_round): null

2019-08-15 16:32:19 - [MESSAGE][PASSED] - Verify response successfully

2019-08-15 16:32:19 - [MESSAGE][PASSED] - Send request and verify the response successfully

2019-08-15 16:32:19 - [TEST_STEP][PASSED] - if (M4_total_bonus_spins_int != 0 &amp;&amp; M4_spin_reels_symbols[2].contains("WILD_Normal") || M4_spin_reels_symbols[3].contains("WILD_Normal") || M4_spin_reels_symbols[4].contains("WILD_Normal")): null

2019-08-15 16:32:19 - [TEST_STEP][PASSED] - free_spin_reel_counter = free_spin_reel_counter: null

2019-08-15 16:32:19 - [TEST_STEP][PASSED] - M4_spin_reels_symbols = M4_spin_reels_symbols: null

2019-08-15 16:32:19 - [TEST_STEP][PASSED] - M4_total_bonus_spins = M4_total_bonus_spins: null

2019-08-15 16:32:19 - [TEST_STEP][PASSED] - spin_result = sendRequestAndVerify(findTestObject("STG/RGS(M4)/1_M4_spin", ["M4_login_user_id":M4_login_user_id, "rgs_session_token":rgs_session_token, "partner":Partner])): Send request and verify the response successfully

2019-08-15 16:32:19 - [TEST_CASE][PASSED] - Start Test Case : Verification: Verification accomplished successfully

2019-08-15 16:32:19 - [TEST_STEP][PASSED] - request = getInstance().getCurrentRequest(): null

2019-08-15 16:32:19 - [TEST_STEP][PASSED] - response = getInstance().getCurrentResponse(): null

2019-08-15 16:32:19 - [TEST_STEP][PASSED] - verifyResponseStatusCode(response, 200): Verify response status code successfully

2019-08-15 16:32:19 - [MESSAGE][PASSED] - Verify response status code successfully

2019-08-15 16:32:19 - [TEST_STEP][PASSED] - getStatusCode()).isEqualTo(200): null

2019-08-15 16:32:19 - [TEST_STEP][PASSED] - newline = System.getProperty("line.separator"): null

2019-08-15 16:32:19 - [TEST_STEP][PASSED] - M4_spin = new groovy.json.JsonSlurper(): null

2019-08-15 16:32:19 - [TEST_STEP][PASSED] - result_M4_spin = M4_spin.parseText(response.getResponseBodyContent()): null

2019-08-15 16:32:19 - [TEST_STEP][PASSED] - M4_spin_current_balance = current_balance: null

2019-08-15 16:32:19 - [TEST_STEP][PASSED] - M4_spin_current_balance = M4_spin_current_balance: null

2019-08-15 16:32:19 - [TEST_STEP][PASSED] - M4_spin_transaction_id = causality: null

2019-08-15 16:32:19 - [TEST_STEP][PASSED] - M4_spin_transaction_id = M4_spin_transaction_id: null

2019-08-15 16:32:19 - [TEST_STEP][PASSED] - M4_spin_round_id = round_id: null

2019-08-15 16:32:19 - [TEST_STEP][PASSED] - M4_spin_round_id = M4_spin_round_id: null

2019-08-15 16:32:19 - [TEST_STEP][PASSED] - M4_spin_line_wins = line_wins: null

2019-08-15 16:32:19 - [TEST_STEP][PASSED] - M4_spin_line_wins = M4_spin_line_wins: null

2019-08-15 16:32:19 - [TEST_STEP][PASSED] - M4_total_bonus_spins_int = total_bonus_spins: null

2019-08-15 16:32:19 - [TEST_STEP][PASSED] - println("******M4_total_bonus_spins type is:*******" + newline + getClass().getName()): null

2019-08-15 16:32:19 - [TEST_STEP][PASSED] - M4_total_bonus_spins_int = M4_total_bonus_spins_int: null

2019-08-15 16:32:19 - [TEST_STEP][PASSED] - M4_total_bonus_spins = Integer.toString(M4_total_bonus_spins_int): null

2019-08-15 16:32:19 - [TEST_STEP][PASSED] - M4_total_bonus_spins = M4_total_bonus_spins: null

2019-08-15 16:32:19 - [TEST_STEP][PASSED] - println("M4_total_bonus_spins is:" + M4_total_bonus_spins): null

2019-08-15 16:32:19 - [TEST_STEP][PASSED] - M4_spin_bonus_data = bonus_data: null

2019-08-15 16:32:19 - [TEST_STEP][PASSED] - M4_spin_features_triggered = result_M4_spin: null

2019-08-15 16:32:19 - [TEST_STEP][PASSED] - wild = []: null

2019-08-15 16:32:19 - [TEST_STEP][PASSED] - wild[0] = "WILD_Expanding": null

2019-08-15 16:32:19 - [TEST_STEP][PASSED] - wild[1] = "WILD_Normal": null

2019-08-15 16:32:19 - [TEST_STEP][PASSED] - wild[2] = "WILD_Double": null

2019-08-15 16:32:19 - [TEST_STEP][PASSED] - wild[3] = "WILD_ExtraFG": null

2019-08-15 16:32:19 - [TEST_STEP][PASSED] - wild[4] = "WILD_Triple": null

2019-08-15 16:32:19 - [TEST_STEP][PASSED] - wildList = Arrays.asList(wild): null

2019-08-15 16:32:19 - [TEST_STEP][PASSED] - wildList = wildList: null

2019-08-15 16:32:19 - [TEST_STEP][PASSED] - free_spin_reel_counter = []: null

2019-08-15 16:32:19 - [TEST_STEP][PASSED] - free_spin_reel_counter[0] = 0: null

2019-08-15 16:32:19 - [TEST_STEP][PASSED] - free_spin_reel_counter[1] = 0: null

2019-08-15 16:32:19 - [TEST_STEP][PASSED] - free_spin_reel_counter[2] = 0: null

2019-08-15 16:32:19 - [TEST_STEP][PASSED] - M4_spin_reels = reels: null

2019-08-15 16:32:19 - [TEST_STEP][PASSED] - for ([i = 0, i &lt; M4_spin_reels.size(), (i++)]): null

2019-08-15 16:32:19 - [TEST_STEP][PASSED] - symbols = symbols: null

2019-08-15 16:32:19 - [TEST_STEP][PASSED] - for ([j = 0, j &lt; symbols.size(), (j++)]): null

2019-08-15 16:32:19 - [TEST_STEP][PASSED] - symbol = symbol: null

2019-08-15 16:32:19 - [TEST_STEP][PASSED] - println(symbol): null

2019-08-15 16:32:19 - [TEST_STEP][PASSED] - if (i == 2 &amp;&amp; wildList.indexOf(symbol) != -1): null

2019-08-15 16:32:19 - [TEST_STEP][PASSED] - if (i == 3 &amp;&amp; wildList.indexOf(symbol) != -1): null

2019-08-15 16:32:19 - [TEST_STEP][PASSED] - if (i == 4 &amp;&amp; wildList.indexOf(symbol) != -1): null

2019-08-15 16:32:19 - [TEST_STEP][PASSED] - symbol = symbol: null

2019-08-15 16:32:19 - [TEST_STEP][PASSED] - println(symbol): null

2019-08-15 16:32:19 - [TEST_STEP][PASSED] - if (i == 2 &amp;&amp; wildList.indexOf(symbol) != -1): null

2019-08-15 16:32:19 - [TEST_STEP][PASSED] - if (i == 3 &amp;&amp; wildList.indexOf(symbol) != -1): null

2019-08-15 16:32:19 - [TEST_STEP][PASSED] - if (i == 4 &amp;&amp; wildList.indexOf(symbol) != -1): null

2019-08-15 16:32:19 - [TEST_STEP][PASSED] - symbol = symbol: null

2019-08-15 16:32:19 - [TEST_STEP][PASSED] - println(symbol): null

2019-08-15 16:32:19 - [TEST_STEP][PASSED] - if (i == 2 &amp;&amp; wildList.indexOf(symbol) != -1): null

2019-08-15 16:32:19 - [TEST_STEP][PASSED] - if (i == 3 &amp;&amp; wildList.indexOf(symbol) != -1): null

2019-08-15 16:32:19 - [TEST_STEP][PASSED] - if (i == 4 &amp;&amp; wildList.indexOf(symbol) != -1): null

2019-08-15 16:32:19 - [TEST_STEP][PASSED] - symbols = symbols: null

2019-08-15 16:32:19 - [TEST_STEP][PASSED] - for ([j = 0, j &lt; symbols.size(), (j++)]): null

2019-08-15 16:32:19 - [TEST_STEP][PASSED] - symbol = symbol: null

2019-08-15 16:32:19 - [TEST_STEP][PASSED] - println(symbol): null

2019-08-15 16:32:19 - [TEST_STEP][PASSED] - if (i == 2 &amp;&amp; wildList.indexOf(symbol) != -1): null

2019-08-15 16:32:19 - [TEST_STEP][PASSED] - if (i == 3 &amp;&amp; wildList.indexOf(symbol) != -1): null

2019-08-15 16:32:19 - [TEST_STEP][PASSED] - if (i == 4 &amp;&amp; wildList.indexOf(symbol) != -1): null

2019-08-15 16:32:19 - [TEST_STEP][PASSED] - symbol = symbol: null

2019-08-15 16:32:19 - [TEST_STEP][PASSED] - println(symbol): null

2019-08-15 16:32:19 - [TEST_STEP][PASSED] - if (i == 2 &amp;&amp; wildList.indexOf(symbol) != -1): null

2019-08-15 16:32:19 - [TEST_STEP][PASSED] - if (i == 3 &amp;&amp; wildList.indexOf(symbol) != -1): null

2019-08-15 16:32:19 - [TEST_STEP][PASSED] - if (i == 4 &amp;&amp; wildList.indexOf(symbol) != -1): null

2019-08-15 16:32:19 - [TEST_STEP][PASSED] - symbol = symbol: null

2019-08-15 16:32:19 - [TEST_STEP][PASSED] - println(symbol): null

2019-08-15 16:32:19 - [TEST_STEP][PASSED] - if (i == 2 &amp;&amp; wildList.indexOf(symbol) != -1): null

2019-08-15 16:32:19 - [TEST_STEP][PASSED] - if (i == 3 &amp;&amp; wildList.indexOf(symbol) != -1): null

2019-08-15 16:32:19 - [TEST_STEP][PASSED] - if (i == 4 &amp;&amp; wildList.indexOf(symbol) != -1): null

2019-08-15 16:32:19 - [TEST_STEP][PASSED] - symbols = symbols: null

2019-08-15 16:32:19 - [TEST_STEP][PASSED] - for ([j = 0, j &lt; symbols.size(), (j++)]): null

2019-08-15 16:32:19 - [TEST_STEP][PASSED] - symbol = symbol: null

2019-08-15 16:32:19 - [TEST_STEP][PASSED] - println(symbol): null

2019-08-15 16:32:19 - [TEST_STEP][PASSED] - if (i == 2 &amp;&amp; wildList.indexOf(symbol) != -1): null

2019-08-15 16:32:19 - [TEST_STEP][PASSED] - if (i == 3 &amp;&amp; wildList.indexOf(symbol) != -1): null

2019-08-15 16:32:19 - [TEST_STEP][PASSED] - if (i == 4 &amp;&amp; wildList.indexOf(symbol) != -1): null

2019-08-15 16:32:19 - [TEST_STEP][PASSED] - symbol = symbol: null

2019-08-15 16:32:19 - [TEST_STEP][PASSED] - println(symbol): null

2019-08-15 16:32:19 - [TEST_STEP][PASSED] - if (i == 2 &amp;&amp; wildList.indexOf(symbol) != -1): null

2019-08-15 16:32:19 - [TEST_STEP][PASSED] - if (i == 3 &amp;&amp; wildList.indexOf(symbol) != -1): null

2019-08-15 16:32:19 - [TEST_STEP][PASSED] - if (i == 4 &amp;&amp; wildList.indexOf(symbol) != -1): null

2019-08-15 16:32:19 - [TEST_STEP][PASSED] - symbol = symbol: null

2019-08-15 16:32:19 - [TEST_STEP][PASSED] - println(symbol): null

2019-08-15 16:32:19 - [TEST_STEP][PASSED] - if (i == 2 &amp;&amp; wildList.indexOf(symbol) != -1): null

2019-08-15 16:32:19 - [TEST_STEP][PASSED] - if (i == 3 &amp;&amp; wildList.indexOf(symbol) != -1): null

2019-08-15 16:32:19 - [TEST_STEP][PASSED] - if (i == 4 &amp;&amp; wildList.indexOf(symbol) != -1): null

2019-08-15 16:32:19 - [TEST_STEP][PASSED] - symbols = symbols: null

2019-08-15 16:32:19 - [TEST_STEP][PASSED] - for ([j = 0, j &lt; symbols.size(), (j++)]): null

2019-08-15 16:32:19 - [TEST_STEP][PASSED] - symbol = symbol: null

2019-08-15 16:32:19 - [TEST_STEP][PASSED] - println(symbol): null

2019-08-15 16:32:19 - [TEST_STEP][PASSED] - if (i == 2 &amp;&amp; wildList.indexOf(symbol) != -1): null

2019-08-15 16:32:19 - [TEST_STEP][PASSED] - if (i == 3 &amp;&amp; wildList.indexOf(symbol) != -1): null

2019-08-15 16:32:19 - [TEST_STEP][PASSED] - if (i == 4 &amp;&amp; wildList.indexOf(symbol) != -1): null

2019-08-15 16:32:19 - [TEST_STEP][PASSED] - symbol = symbol: null

2019-08-15 16:32:19 - [TEST_STEP][PASSED] - println(symbol): null

2019-08-15 16:32:19 - [TEST_STEP][PASSED] - if (i == 2 &amp;&amp; wildList.indexOf(symbol) != -1): null

2019-08-15 16:32:19 - [TEST_STEP][PASSED] - if (i == 3 &amp;&amp; wildList.indexOf(symbol) != -1): null

2019-08-15 16:32:19 - [TEST_STEP][PASSED] - if (i == 4 &amp;&amp; wildList.indexOf(symbol) != -1): null

2019-08-15 16:32:19 - [TEST_STEP][PASSED] - symbol = symbol: null

2019-08-15 16:32:19 - [TEST_STEP][PASSED] - println(symbol): null

2019-08-15 16:32:19 - [TEST_STEP][PASSED] - if (i == 2 &amp;&amp; wildList.indexOf(symbol) != -1): null

2019-08-15 16:32:19 - [TEST_STEP][PASSED] - if (i == 3 &amp;&amp; wildList.indexOf(symbol) != -1): null

2019-08-15 16:32:19 - [TEST_STEP][PASSED] - if (i == 4 &amp;&amp; wildList.indexOf(symbol) != -1): null

2019-08-15 16:32:19 - [TEST_STEP][PASSED] - symbols = symbols: null

2019-08-15 16:32:19 - [TEST_STEP][PASSED] - for ([j = 0, j &lt; symbols.size(), (j++)]): null

2019-08-15 16:32:19 - [TEST_STEP][PASSED] - symbol = symbol: null

2019-08-15 16:32:19 - [TEST_STEP][PASSED] - println(symbol): null

2019-08-15 16:32:19 - [TEST_STEP][PASSED] - if (i == 2 &amp;&amp; wildList.indexOf(symbol) != -1): null

2019-08-15 16:32:19 - [TEST_STEP][PASSED] - if (i == 3 &amp;&amp; wildList.indexOf(symbol) != -1): null

2019-08-15 16:32:19 - [TEST_STEP][PASSED] - if (i == 4 &amp;&amp; wildList.indexOf(symbol) != -1): null

2019-08-15 16:32:19 - [TEST_STEP][PASSED] - symbol = symbol: null

2019-08-15 16:32:19 - [TEST_STEP][PASSED] - println(symbol): null

2019-08-15 16:32:19 - [TEST_STEP][PASSED] - if (i == 2 &amp;&amp; wildList.indexOf(symbol) != -1): null

2019-08-15 16:32:19 - [TEST_STEP][PASSED] - if (i == 3 &amp;&amp; wildList.indexOf(symbol) != -1): null

2019-08-15 16:32:19 - [TEST_STEP][PASSED] - if (i == 4 &amp;&amp; wildList.indexOf(symbol) != -1): null

2019-08-15 16:32:19 - [TEST_STEP][PASSED] - symbol = symbol: null

2019-08-15 16:32:19 - [TEST_STEP][PASSED] - println(symbol): null

2019-08-15 16:32:19 - [TEST_STEP][PASSED] - if (i == 2 &amp;&amp; wildList.indexOf(symbol) != -1): null

2019-08-15 16:32:19 - [TEST_STEP][PASSED] - if (i == 3 &amp;&amp; wildList.indexOf(symbol) != -1): null

2019-08-15 16:32:19 - [TEST_STEP][PASSED] - if (i == 4 &amp;&amp; wildList.indexOf(symbol) != -1): null

2019-08-15 16:32:19 - [TEST_STEP][PASSED] - free_spin_reel_counter = free_spin_reel_counter: null

2019-08-15 16:32:19 - [TEST_STEP][PASSED] - println("reel 3 wild found: " + free_spin_reel_counter[0]): null

2019-08-15 16:32:19 - [TEST_STEP][PASSED] - println("reel 4 wild found: " + free_spin_reel_counter[1]): null

2019-08-15 16:32:19 - [TEST_STEP][PASSED] - println("reel 5 wild found: " + free_spin_reel_counter[2]): null

2019-08-15 16:32:19 - [TEST_STEP][PASSED] - M4_spin_reels = M4_spin_reels: null

2019-08-15 16:32:19 - [TEST_STEP][PASSED] - M4_spin_reels_symbols = symbol: null

2019-08-15 16:32:19 - [TEST_STEP][PASSED] - M4_spin_reels_symbols = M4_spin_reels_symbols: null

2019-08-15 16:32:19 - [TEST_STEP][PASSED] - M4_spin_reel_wins = reel_wins: null

2019-08-15 16:32:19 - [TEST_STEP][PASSED] - M4_spin_reel_wins = M4_spin_reel_wins: null

2019-08-15 16:32:19 - [TEST_STEP][PASSED] - println("GlobalVariable.M4_spin_reel_wins is: " + M4_spin_reel_wins): null

2019-08-15 16:32:19 - [TEST_STEP][PASSED] - M4_spin_total_bonus_win_this_round = total_bonus_win_this_round: null

2019-08-15 16:32:19 - [TEST_STEP][PASSED] - M4_spin_total_bonus_win_this_round = M4_spin_total_bonus_win_this_round: null

2019-08-15 16:32:19 - [TEST_STEP][PASSED] - println("GlobalVariable.M4_spin_total_bonus_win_this_round is: " + M4_spin_total_bonus_win_this_round): null

2019-08-15 16:32:19 - [MESSAGE][PASSED] - Verify response successfully

2019-08-15 16:32:19 - [MESSAGE][PASSED] - Send request and verify the response successfully

2019-08-15 16:32:23 - [TEST_STEP][PASSED] - if (M4_total_bonus_spins_int != 0 &amp;&amp; M4_spin_reels_symbols[2].contains("WILD_Normal") || M4_spin_reels_symbols[3].contains("WILD_Normal") || M4_spin_reels_symbols[4].contains("WILD_Normal")): null

2019-08-15 16:32:23 - [TEST_STEP][PASSED] - free_spin_reel_counter = free_spin_reel_counter: null

2019-08-15 16:32:23 - [TEST_STEP][PASSED] - M4_spin_reels_symbols = M4_spin_reels_symbols: null

2019-08-15 16:32:23 - [TEST_STEP][PASSED] - M4_total_bonus_spins = M4_total_bonus_spins: null

2019-08-15 16:32:23 - [TEST_STEP][PASSED] - spin_result = sendRequestAndVerify(findTestObject("STG/RGS(M4)/1_M4_spin", ["M4_login_user_id":M4_login_user_id, "rgs_session_token":rgs_session_token, "partner":Partner])): Send request and verify the response successfully

2019-08-15 16:32:24 - [TEST_CASE][PASSED] - Start Test Case : Verification: Verification accomplished successfully

2019-08-15 16:32:24 - [TEST_STEP][PASSED] - request = getInstance().getCurrentRequest(): null

2019-08-15 16:32:24 - [TEST_STEP][PASSED] - response = getInstance().getCurrentResponse(): null

2019-08-15 16:32:24 - [TEST_STEP][PASSED] - verifyResponseStatusCode(response, 200): Verify response status code successfully

2019-08-15 16:32:24 - [MESSAGE][PASSED] - Verify response status code successfully

2019-08-15 16:32:24 - [TEST_STEP][PASSED] - getStatusCode()).isEqualTo(200): null

2019-08-15 16:32:27 - [TEST_STEP][PASSED] - newline = System.getProperty("line.separator"): null

2019-08-15 16:32:27 - [TEST_STEP][PASSED] - M4_spin = new groovy.json.JsonSlurper(): null

2019-08-15 16:32:27 - [TEST_STEP][PASSED] - result_M4_spin = M4_spin.parseText(response.getResponseBodyContent()): null

2019-08-15 16:32:27 - [TEST_STEP][PASSED] - M4_spin_current_balance = current_balance: null

2019-08-15 16:32:27 - [TEST_STEP][PASSED] - M4_spin_current_balance = M4_spin_current_balance: null

2019-08-15 16:32:27 - [TEST_STEP][PASSED] - M4_spin_transaction_id = causality: null

2019-08-15 16:32:27 - [TEST_STEP][PASSED] - M4_spin_transaction_id = M4_spin_transaction_id: null

2019-08-15 16:32:27 - [TEST_STEP][PASSED] - M4_spin_round_id = round_id: null

2019-08-15 16:32:27 - [TEST_STEP][PASSED] - M4_spin_round_id = M4_spin_round_id: null

2019-08-15 16:32:27 - [TEST_STEP][PASSED] - M4_spin_line_wins = line_wins: null

2019-08-15 16:32:27 - [TEST_STEP][PASSED] - M4_spin_line_wins = M4_spin_line_wins: null

2019-08-15 16:32:27 - [TEST_STEP][PASSED] - M4_total_bonus_spins_int = total_bonus_spins: null

2019-08-15 16:32:27 - [TEST_STEP][PASSED] - println("******M4_total_bonus_spins type is:*******" + newline + getClass().getName()): null

2019-08-15 16:32:27 - [TEST_STEP][PASSED] - M4_total_bonus_spins_int = M4_total_bonus_spins_int: null

2019-08-15 16:32:27 - [TEST_STEP][PASSED] - M4_total_bonus_spins = Integer.toString(M4_total_bonus_spins_int): null

2019-08-15 16:32:27 - [TEST_STEP][PASSED] - M4_total_bonus_spins = M4_total_bonus_spins: null

2019-08-15 16:32:27 - [TEST_STEP][PASSED] - println("M4_total_bonus_spins is:" + M4_total_bonus_spins): null

2019-08-15 16:32:27 - [TEST_STEP][PASSED] - M4_spin_bonus_data = bonus_data: null

2019-08-15 16:32:27 - [TEST_STEP][PASSED] - M4_spin_features_triggered = result_M4_spin: null

2019-08-15 16:32:27 - [TEST_STEP][PASSED] - wild = []: null

2019-08-15 16:32:27 - [TEST_STEP][PASSED] - wild[0] = "WILD_Expanding": null

2019-08-15 16:32:27 - [TEST_STEP][PASSED] - wild[1] = "WILD_Normal": null

2019-08-15 16:32:27 - [TEST_STEP][PASSED] - wild[2] = "WILD_Double": null

2019-08-15 16:32:27 - [TEST_STEP][PASSED] - wild[3] = "WILD_ExtraFG": null

2019-08-15 16:32:27 - [TEST_STEP][PASSED] - wild[4] = "WILD_Triple": null

2019-08-15 16:32:27 - [TEST_STEP][PASSED] - wildList = Arrays.asList(wild): null

2019-08-15 16:32:27 - [TEST_STEP][PASSED] - wildList = wildList: null

2019-08-15 16:32:27 - [TEST_STEP][PASSED] - free_spin_reel_counter = []: null

2019-08-15 16:32:27 - [TEST_STEP][PASSED] - free_spin_reel_counter[0] = 0: null

2019-08-15 16:32:27 - [TEST_STEP][PASSED] - free_spin_reel_counter[1] = 0: null

2019-08-15 16:32:27 - [TEST_STEP][PASSED] - free_spin_reel_counter[2] = 0: null

2019-08-15 16:32:27 - [TEST_STEP][PASSED] - M4_spin_reels = reels: null

2019-08-15 16:32:27 - [TEST_STEP][PASSED] - for ([i = 0, i &lt; M4_spin_reels.size(), (i++)]): null

2019-08-15 16:32:27 - [TEST_STEP][PASSED] - symbols = symbols: null

2019-08-15 16:32:27 - [TEST_STEP][PASSED] - for ([j = 0, j &lt; symbols.size(), (j++)]): null

2019-08-15 16:32:27 - [TEST_STEP][PASSED] - symbol = symbol: null

2019-08-15 16:32:27 - [TEST_STEP][PASSED] - println(symbol): null

2019-08-15 16:32:27 - [TEST_STEP][PASSED] - if (i == 2 &amp;&amp; wildList.indexOf(symbol) != -1): null

2019-08-15 16:32:27 - [TEST_STEP][PASSED] - if (i == 3 &amp;&amp; wildList.indexOf(symbol) != -1): null

2019-08-15 16:32:27 - [TEST_STEP][PASSED] - if (i == 4 &amp;&amp; wildList.indexOf(symbol) != -1): null

2019-08-15 16:32:27 - [TEST_STEP][PASSED] - symbol = symbol: null

2019-08-15 16:32:27 - [TEST_STEP][PASSED] - println(symbol): null

2019-08-15 16:32:27 - [TEST_STEP][PASSED] - if (i == 2 &amp;&amp; wildList.indexOf(symbol) != -1): null

2019-08-15 16:32:27 - [TEST_STEP][PASSED] - if (i == 3 &amp;&amp; wildList.indexOf(symbol) != -1): null

2019-08-15 16:32:27 - [TEST_STEP][PASSED] - if (i == 4 &amp;&amp; wildList.indexOf(symbol) != -1): null

2019-08-15 16:32:27 - [TEST_STEP][PASSED] - symbol = symbol: null

2019-08-15 16:32:27 - [TEST_STEP][PASSED] - println(symbol): null

2019-08-15 16:32:27 - [TEST_STEP][PASSED] - if (i == 2 &amp;&amp; wildList.indexOf(symbol) != -1): null

2019-08-15 16:32:27 - [TEST_STEP][PASSED] - if (i == 3 &amp;&amp; wildList.indexOf(symbol) != -1): null

2019-08-15 16:32:27 - [TEST_STEP][PASSED] - if (i == 4 &amp;&amp; wildList.indexOf(symbol) != -1): null

2019-08-15 16:32:27 - [TEST_STEP][PASSED] - symbols = symbols: null

2019-08-15 16:32:27 - [TEST_STEP][PASSED] - for ([j = 0, j &lt; symbols.size(), (j++)]): null

2019-08-15 16:32:27 - [TEST_STEP][PASSED] - symbol = symbol: null

2019-08-15 16:32:27 - [TEST_STEP][PASSED] - println(symbol): null

2019-08-15 16:32:27 - [TEST_STEP][PASSED] - if (i == 2 &amp;&amp; wildList.indexOf(symbol) != -1): null

2019-08-15 16:32:27 - [TEST_STEP][PASSED] - if (i == 3 &amp;&amp; wildList.indexOf(symbol) != -1): null

2019-08-15 16:32:27 - [TEST_STEP][PASSED] - if (i == 4 &amp;&amp; wildList.indexOf(symbol) != -1): null

2019-08-15 16:32:27 - [TEST_STEP][PASSED] - symbol = symbol: null

2019-08-15 16:32:27 - [TEST_STEP][PASSED] - println(symbol): null

2019-08-15 16:32:27 - [TEST_STEP][PASSED] - if (i == 2 &amp;&amp; wildList.indexOf(symbol) != -1): null

2019-08-15 16:32:27 - [TEST_STEP][PASSED] - if (i == 3 &amp;&amp; wildList.indexOf(symbol) != -1): null

2019-08-15 16:32:27 - [TEST_STEP][PASSED] - if (i == 4 &amp;&amp; wildList.indexOf(symbol) != -1): null

2019-08-15 16:32:27 - [TEST_STEP][PASSED] - symbol = symbol: null

2019-08-15 16:32:27 - [TEST_STEP][PASSED] - println(symbol): null

2019-08-15 16:32:27 - [TEST_STEP][PASSED] - if (i == 2 &amp;&amp; wildList.indexOf(symbol) != -1): null

2019-08-15 16:32:27 - [TEST_STEP][PASSED] - if (i == 3 &amp;&amp; wildList.indexOf(symbol) != -1): null

2019-08-15 16:32:27 - [TEST_STEP][PASSED] - if (i == 4 &amp;&amp; wildList.indexOf(symbol) != -1): null

2019-08-15 16:32:27 - [TEST_STEP][PASSED] - symbols = symbols: null

2019-08-15 16:32:27 - [TEST_STEP][PASSED] - for ([j = 0, j &lt; symbols.size(), (j++)]): null

2019-08-15 16:32:27 - [TEST_STEP][PASSED] - symbol = symbol: null

2019-08-15 16:32:27 - [TEST_STEP][PASSED] - println(symbol): null

2019-08-15 16:32:27 - [TEST_STEP][PASSED] - if (i == 2 &amp;&amp; wildList.indexOf(symbol) != -1): null

2019-08-15 16:32:27 - [TEST_STEP][PASSED] - if (i == 3 &amp;&amp; wildList.indexOf(symbol) != -1): null

2019-08-15 16:32:27 - [TEST_STEP][PASSED] - if (i == 4 &amp;&amp; wildList.indexOf(symbol) != -1): null

2019-08-15 16:32:27 - [TEST_STEP][PASSED] - symbol = symbol: null

2019-08-15 16:32:27 - [TEST_STEP][PASSED] - println(symbol): null

2019-08-15 16:32:27 - [TEST_STEP][PASSED] - if (i == 2 &amp;&amp; wildList.indexOf(symbol) != -1): null

2019-08-15 16:32:27 - [TEST_STEP][PASSED] - if (i == 3 &amp;&amp; wildList.indexOf(symbol) != -1): null

2019-08-15 16:32:27 - [TEST_STEP][PASSED] - if (i == 4 &amp;&amp; wildList.indexOf(symbol) != -1): null

2019-08-15 16:32:27 - [TEST_STEP][PASSED] - symbol = symbol: null

2019-08-15 16:32:27 - [TEST_STEP][PASSED] - println(symbol): null

2019-08-15 16:32:27 - [TEST_STEP][PASSED] - if (i == 2 &amp;&amp; wildList.indexOf(symbol) != -1): null

2019-08-15 16:32:27 - [TEST_STEP][PASSED] - if (i == 3 &amp;&amp; wildList.indexOf(symbol) != -1): null

2019-08-15 16:32:27 - [TEST_STEP][PASSED] - if (i == 4 &amp;&amp; wildList.indexOf(symbol) != -1): null

2019-08-15 16:32:27 - [TEST_STEP][PASSED] - symbols = symbols: null

2019-08-15 16:32:27 - [TEST_STEP][PASSED] - for ([j = 0, j &lt; symbols.size(), (j++)]): null

2019-08-15 16:32:27 - [TEST_STEP][PASSED] - symbol = symbol: null

2019-08-15 16:32:27 - [TEST_STEP][PASSED] - println(symbol): null

2019-08-15 16:32:27 - [TEST_STEP][PASSED] - if (i == 2 &amp;&amp; wildList.indexOf(symbol) != -1): null

2019-08-15 16:32:27 - [TEST_STEP][PASSED] - if (i == 3 &amp;&amp; wildList.indexOf(symbol) != -1): null

2019-08-15 16:32:27 - [TEST_STEP][PASSED] - if (i == 4 &amp;&amp; wildList.indexOf(symbol) != -1): null

2019-08-15 16:32:27 - [TEST_STEP][PASSED] - symbol = symbol: null

2019-08-15 16:32:27 - [TEST_STEP][PASSED] - println(symbol): null

2019-08-15 16:32:27 - [TEST_STEP][PASSED] - if (i == 2 &amp;&amp; wildList.indexOf(symbol) != -1): null

2019-08-15 16:32:27 - [TEST_STEP][PASSED] - if (i == 3 &amp;&amp; wildList.indexOf(symbol) != -1): null

2019-08-15 16:32:27 - [TEST_STEP][PASSED] - if (i == 4 &amp;&amp; wildList.indexOf(symbol) != -1): null

2019-08-15 16:32:27 - [TEST_STEP][PASSED] - symbol = symbol: null

2019-08-15 16:32:27 - [TEST_STEP][PASSED] - println(symbol): null

2019-08-15 16:32:27 - [TEST_STEP][PASSED] - if (i == 2 &amp;&amp; wildList.indexOf(symbol) != -1): null

2019-08-15 16:32:27 - [TEST_STEP][PASSED] - if (i == 3 &amp;&amp; wildList.indexOf(symbol) != -1): null

2019-08-15 16:32:27 - [TEST_STEP][PASSED] - if (i == 4 &amp;&amp; wildList.indexOf(symbol) != -1): null

2019-08-15 16:32:27 - [TEST_STEP][PASSED] - symbols = symbols: null

2019-08-15 16:32:27 - [TEST_STEP][PASSED] - for ([j = 0, j &lt; symbols.size(), (j++)]): null

2019-08-15 16:32:27 - [TEST_STEP][PASSED] - symbol = symbol: null

2019-08-15 16:32:27 - [TEST_STEP][PASSED] - println(symbol): null

2019-08-15 16:32:27 - [TEST_STEP][PASSED] - if (i == 2 &amp;&amp; wildList.indexOf(symbol) != -1): null

2019-08-15 16:32:27 - [TEST_STEP][PASSED] - if (i == 3 &amp;&amp; wildList.indexOf(symbol) != -1): null

2019-08-15 16:32:27 - [TEST_STEP][PASSED] - if (i == 4 &amp;&amp; wildList.indexOf(symbol) != -1): null

2019-08-15 16:32:27 - [TEST_STEP][PASSED] - symbol = symbol: null

2019-08-15 16:32:27 - [TEST_STEP][PASSED] - println(symbol): null

2019-08-15 16:32:27 - [TEST_STEP][PASSED] - if (i == 2 &amp;&amp; wildList.indexOf(symbol) != -1): null

2019-08-15 16:32:27 - [TEST_STEP][PASSED] - if (i == 3 &amp;&amp; wildList.indexOf(symbol) != -1): null

2019-08-15 16:32:27 - [TEST_STEP][PASSED] - if (i == 4 &amp;&amp; wildList.indexOf(symbol) != -1): null

2019-08-15 16:32:27 - [TEST_STEP][PASSED] - symbol = symbol: null

2019-08-15 16:32:27 - [TEST_STEP][PASSED] - println(symbol): null

2019-08-15 16:32:27 - [TEST_STEP][PASSED] - if (i == 2 &amp;&amp; wildList.indexOf(symbol) != -1): null

2019-08-15 16:32:27 - [TEST_STEP][PASSED] - if (i == 3 &amp;&amp; wildList.indexOf(symbol) != -1): null

2019-08-15 16:32:27 - [TEST_STEP][PASSED] - if (i == 4 &amp;&amp; wildList.indexOf(symbol) != -1): null

2019-08-15 16:32:27 - [TEST_STEP][PASSED] - free_spin_reel_counter = free_spin_reel_counter: null

2019-08-15 16:32:27 - [TEST_STEP][PASSED] - println("reel 3 wild found: " + free_spin_reel_counter[0]): null

2019-08-15 16:32:27 - [TEST_STEP][PASSED] - println("reel 4 wild found: " + free_spin_reel_counter[1]): null

2019-08-15 16:32:27 - [TEST_STEP][PASSED] - println("reel 5 wild found: " + free_spin_reel_counter[2]): null

2019-08-15 16:32:27 - [TEST_STEP][PASSED] - M4_spin_reels = M4_spin_reels: null

2019-08-15 16:32:27 - [TEST_STEP][PASSED] - M4_spin_reels_symbols = symbol: null

2019-08-15 16:32:27 - [TEST_STEP][PASSED] - M4_spin_reels_symbols = M4_spin_reels_symbols: null

2019-08-15 16:32:27 - [TEST_STEP][PASSED] - M4_spin_reel_wins = reel_wins: null

2019-08-15 16:32:27 - [TEST_STEP][PASSED] - M4_spin_reel_wins = M4_spin_reel_wins: null

2019-08-15 16:32:27 - [TEST_STEP][PASSED] - println("GlobalVariable.M4_spin_reel_wins is: " + M4_spin_reel_wins): null

2019-08-15 16:32:27 - [TEST_STEP][PASSED] - M4_spin_total_bonus_win_this_round = total_bonus_win_this_round: null

2019-08-15 16:32:27 - [TEST_STEP][PASSED] - M4_spin_total_bonus_win_this_round = M4_spin_total_bonus_win_this_round: null

2019-08-15 16:32:27 - [TEST_STEP][PASSED] - println("GlobalVariable.M4_spin_total_bonus_win_this_round is: " + M4_spin_total_bonus_win_this_round): null

2019-08-15 16:32:27 - [MESSAGE][PASSED] - Verify response successfully

2019-08-15 16:32:27 - [MESSAGE][PASSED] - Send request and verify the response successfully

2019-08-15 16:32:27 - [TEST_STEP][PASSED] - if (M4_total_bonus_spins_int != 0 &amp;&amp; M4_spin_reels_symbols[2].contains("WILD_Normal") || M4_spin_reels_symbols[3].contains("WILD_Normal") || M4_spin_reels_symbols[4].contains("WILD_Normal")): null

2019-08-15 16:32:27 - [TEST_STEP][PASSED] - free_spin_reel_counter = free_spin_reel_counter: null

2019-08-15 16:32:27 - [TEST_STEP][PASSED] - M4_spin_reels_symbols = M4_spin_reels_symbols: null

2019-08-15 16:32:27 - [TEST_STEP][PASSED] - M4_total_bonus_spins = M4_total_bonus_spins: null

2019-08-15 16:32:27 - [TEST_STEP][PASSED] - spin_result = sendRequestAndVerify(findTestObject("STG/RGS(M4)/1_M4_spin", ["M4_login_user_id":M4_login_user_id, "rgs_session_token":rgs_session_token, "partner":Partner])): Send request and verify the response successfully

2019-08-15 16:32:27 - [TEST_CASE][PASSED] - Start Test Case : Verification: Verification accomplished successfully

2019-08-15 16:32:27 - [TEST_STEP][PASSED] - request = getInstance().getCurrentRequest(): null

2019-08-15 16:32:27 - [TEST_STEP][PASSED] - response = getInstance().getCurrentResponse(): null

2019-08-15 16:32:27 - [TEST_STEP][PASSED] - verifyResponseStatusCode(response, 200): Verify response status code successfully

2019-08-15 16:32:27 - [MESSAGE][PASSED] - Verify response status code successfully

2019-08-15 16:32:27 - [TEST_STEP][PASSED] - getStatusCode()).isEqualTo(200): null

2019-08-15 16:32:27 - [TEST_STEP][PASSED] - newline = System.getProperty("line.separator"): null

2019-08-15 16:32:27 - [TEST_STEP][PASSED] - M4_spin = new groovy.json.JsonSlurper(): null

2019-08-15 16:32:27 - [TEST_STEP][PASSED] - result_M4_spin = M4_spin.parseText(response.getResponseBodyContent()): null

2019-08-15 16:32:27 - [TEST_STEP][PASSED] - M4_spin_current_balance = current_balance: null

2019-08-15 16:32:27 - [TEST_STEP][PASSED] - M4_spin_current_balance = M4_spin_current_balance: null

2019-08-15 16:32:27 - [TEST_STEP][PASSED] - M4_spin_transaction_id = causality: null

2019-08-15 16:32:27 - [TEST_STEP][PASSED] - M4_spin_transaction_id = M4_spin_transaction_id: null

2019-08-15 16:32:27 - [TEST_STEP][PASSED] - M4_spin_round_id = round_id: null

2019-08-15 16:32:27 - [TEST_STEP][PASSED] - M4_spin_round_id = M4_spin_round_id: null

2019-08-15 16:32:27 - [TEST_STEP][PASSED] - M4_spin_line_wins = line_wins: null

2019-08-15 16:32:27 - [TEST_STEP][PASSED] - M4_spin_line_wins = M4_spin_line_wins: null

2019-08-15 16:32:27 - [TEST_STEP][PASSED] - M4_total_bonus_spins_int = total_bonus_spins: null

2019-08-15 16:32:27 - [TEST_STEP][PASSED] - println("******M4_total_bonus_spins type is:*******" + newline + getClass().getName()): null

2019-08-15 16:32:27 - [TEST_STEP][PASSED] - M4_total_bonus_spins_int = M4_total_bonus_spins_int: null

2019-08-15 16:32:27 - [TEST_STEP][PASSED] - M4_total_bonus_spins = Integer.toString(M4_total_bonus_spins_int): null

2019-08-15 16:32:27 - [TEST_STEP][PASSED] - M4_total_bonus_spins = M4_total_bonus_spins: null

2019-08-15 16:32:27 - [TEST_STEP][PASSED] - println("M4_total_bonus_spins is:" + M4_total_bonus_spins): null

2019-08-15 16:32:27 - [TEST_STEP][PASSED] - M4_spin_bonus_data = bonus_data: null

2019-08-15 16:32:27 - [TEST_STEP][PASSED] - M4_spin_features_triggered = result_M4_spin: null

2019-08-15 16:32:27 - [TEST_STEP][PASSED] - wild = []: null

2019-08-15 16:32:27 - [TEST_STEP][PASSED] - wild[0] = "WILD_Expanding": null

2019-08-15 16:32:27 - [TEST_STEP][PASSED] - wild[1] = "WILD_Normal": null

2019-08-15 16:32:27 - [TEST_STEP][PASSED] - wild[2] = "WILD_Double": null

2019-08-15 16:32:27 - [TEST_STEP][PASSED] - wild[3] = "WILD_ExtraFG": null

2019-08-15 16:32:27 - [TEST_STEP][PASSED] - wild[4] = "WILD_Triple": null

2019-08-15 16:32:27 - [TEST_STEP][PASSED] - wildList = Arrays.asList(wild): null

2019-08-15 16:32:27 - [TEST_STEP][PASSED] - wildList = wildList: null

2019-08-15 16:32:27 - [TEST_STEP][PASSED] - free_spin_reel_counter = []: null

2019-08-15 16:32:27 - [TEST_STEP][PASSED] - free_spin_reel_counter[0] = 0: null

2019-08-15 16:32:27 - [TEST_STEP][PASSED] - free_spin_reel_counter[1] = 0: null

2019-08-15 16:32:27 - [TEST_STEP][PASSED] - free_spin_reel_counter[2] = 0: null

2019-08-15 16:32:27 - [TEST_STEP][PASSED] - M4_spin_reels = reels: null

2019-08-15 16:32:27 - [TEST_STEP][PASSED] - for ([i = 0, i &lt; M4_spin_reels.size(), (i++)]): null

2019-08-15 16:32:27 - [TEST_STEP][PASSED] - symbols = symbols: null

2019-08-15 16:32:27 - [TEST_STEP][PASSED] - for ([j = 0, j &lt; symbols.size(), (j++)]): null

2019-08-15 16:32:27 - [TEST_STEP][PASSED] - symbol = symbol: null

2019-08-15 16:32:27 - [TEST_STEP][PASSED] - println(symbol): null

2019-08-15 16:32:27 - [TEST_STEP][PASSED] - if (i == 2 &amp;&amp; wildList.indexOf(symbol) != -1): null

2019-08-15 16:32:27 - [TEST_STEP][PASSED] - if (i == 3 &amp;&amp; wildList.indexOf(symbol) != -1): null

2019-08-15 16:32:27 - [TEST_STEP][PASSED] - if (i == 4 &amp;&amp; wildList.indexOf(symbol) != -1): null

2019-08-15 16:32:27 - [TEST_STEP][PASSED] - symbol = symbol: null

2019-08-15 16:32:27 - [TEST_STEP][PASSED] - println(symbol): null

2019-08-15 16:32:27 - [TEST_STEP][PASSED] - if (i == 2 &amp;&amp; wildList.indexOf(symbol) != -1): null

2019-08-15 16:32:27 - [TEST_STEP][PASSED] - if (i == 3 &amp;&amp; wildList.indexOf(symbol) != -1): null

2019-08-15 16:32:27 - [TEST_STEP][PASSED] - if (i == 4 &amp;&amp; wildList.indexOf(symbol) != -1): null

2019-08-15 16:32:27 - [TEST_STEP][PASSED] - symbol = symbol: null

2019-08-15 16:32:27 - [TEST_STEP][PASSED] - println(symbol): null

2019-08-15 16:32:27 - [TEST_STEP][PASSED] - if (i == 2 &amp;&amp; wildList.indexOf(symbol) != -1): null

2019-08-15 16:32:27 - [TEST_STEP][PASSED] - if (i == 3 &amp;&amp; wildList.indexOf(symbol) != -1): null

2019-08-15 16:32:27 - [TEST_STEP][PASSED] - if (i == 4 &amp;&amp; wildList.indexOf(symbol) != -1): null

2019-08-15 16:32:27 - [TEST_STEP][PASSED] - symbols = symbols: null

2019-08-15 16:32:27 - [TEST_STEP][PASSED] - for ([j = 0, j &lt; symbols.size(), (j++)]): null

2019-08-15 16:32:27 - [TEST_STEP][PASSED] - symbol = symbol: null

2019-08-15 16:32:27 - [TEST_STEP][PASSED] - println(symbol): null

2019-08-15 16:32:27 - [TEST_STEP][PASSED] - if (i == 2 &amp;&amp; wildList.indexOf(symbol) != -1): null

2019-08-15 16:32:27 - [TEST_STEP][PASSED] - if (i == 3 &amp;&amp; wildList.indexOf(symbol) != -1): null

2019-08-15 16:32:27 - [TEST_STEP][PASSED] - if (i == 4 &amp;&amp; wildList.indexOf(symbol) != -1): null

2019-08-15 16:32:27 - [TEST_STEP][PASSED] - symbol = symbol: null

2019-08-15 16:32:27 - [TEST_STEP][PASSED] - println(symbol): null

2019-08-15 16:32:27 - [TEST_STEP][PASSED] - if (i == 2 &amp;&amp; wildList.indexOf(symbol) != -1): null

2019-08-15 16:32:27 - [TEST_STEP][PASSED] - if (i == 3 &amp;&amp; wildList.indexOf(symbol) != -1): null

2019-08-15 16:32:27 - [TEST_STEP][PASSED] - if (i == 4 &amp;&amp; wildList.indexOf(symbol) != -1): null

2019-08-15 16:32:27 - [TEST_STEP][PASSED] - symbol = symbol: null

2019-08-15 16:32:27 - [TEST_STEP][PASSED] - println(symbol): null

2019-08-15 16:32:27 - [TEST_STEP][PASSED] - if (i == 2 &amp;&amp; wildList.indexOf(symbol) != -1): null

2019-08-15 16:32:27 - [TEST_STEP][PASSED] - if (i == 3 &amp;&amp; wildList.indexOf(symbol) != -1): null

2019-08-15 16:32:27 - [TEST_STEP][PASSED] - if (i == 4 &amp;&amp; wildList.indexOf(symbol) != -1): null

2019-08-15 16:32:27 - [TEST_STEP][PASSED] - symbols = symbols: null

2019-08-15 16:32:27 - [TEST_STEP][PASSED] - for ([j = 0, j &lt; symbols.size(), (j++)]): null

2019-08-15 16:32:27 - [TEST_STEP][PASSED] - symbol = symbol: null

2019-08-15 16:32:27 - [TEST_STEP][PASSED] - println(symbol): null

2019-08-15 16:32:27 - [TEST_STEP][PASSED] - if (i == 2 &amp;&amp; wildList.indexOf(symbol) != -1): null

2019-08-15 16:32:27 - [TEST_STEP][PASSED] - if (i == 3 &amp;&amp; wildList.indexOf(symbol) != -1): null

2019-08-15 16:32:27 - [TEST_STEP][PASSED] - if (i == 4 &amp;&amp; wildList.indexOf(symbol) != -1): null

2019-08-15 16:32:27 - [TEST_STEP][PASSED] - symbol = symbol: null

2019-08-15 16:32:27 - [TEST_STEP][PASSED] - println(symbol): null

2019-08-15 16:32:27 - [TEST_STEP][PASSED] - if (i == 2 &amp;&amp; wildList.indexOf(symbol) != -1): null

2019-08-15 16:32:27 - [TEST_STEP][PASSED] - println("wild found on reel 3, adding counter by 1"): null

2019-08-15 16:32:27 - [TEST_STEP][PASSED] - free_spin_reel_counter[0] = free_spin_reel_counter[0] + 1: null

2019-08-15 16:32:27 - [TEST_STEP][PASSED] - if (i == 3 &amp;&amp; wildList.indexOf(symbol) != -1): null

2019-08-15 16:32:27 - [TEST_STEP][PASSED] - if (i == 4 &amp;&amp; wildList.indexOf(symbol) != -1): null

2019-08-15 16:32:27 - [TEST_STEP][PASSED] - symbol = symbol: null

2019-08-15 16:32:27 - [TEST_STEP][PASSED] - println(symbol): null

2019-08-15 16:32:27 - [TEST_STEP][PASSED] - if (i == 2 &amp;&amp; wildList.indexOf(symbol) != -1): null

2019-08-15 16:32:27 - [TEST_STEP][PASSED] - if (i == 3 &amp;&amp; wildList.indexOf(symbol) != -1): null

2019-08-15 16:32:27 - [TEST_STEP][PASSED] - if (i == 4 &amp;&amp; wildList.indexOf(symbol) != -1): null

2019-08-15 16:32:27 - [TEST_STEP][PASSED] - symbols = symbols: null

2019-08-15 16:32:27 - [TEST_STEP][PASSED] - for ([j = 0, j &lt; symbols.size(), (j++)]): null

2019-08-15 16:32:27 - [TEST_STEP][PASSED] - symbol = symbol: null

2019-08-15 16:32:27 - [TEST_STEP][PASSED] - println(symbol): null

2019-08-15 16:32:27 - [TEST_STEP][PASSED] - if (i == 2 &amp;&amp; wildList.indexOf(symbol) != -1): null

2019-08-15 16:32:27 - [TEST_STEP][PASSED] - if (i == 3 &amp;&amp; wildList.indexOf(symbol) != -1): null

2019-08-15 16:32:27 - [TEST_STEP][PASSED] - if (i == 4 &amp;&amp; wildList.indexOf(symbol) != -1): null

2019-08-15 16:32:27 - [TEST_STEP][PASSED] - symbol = symbol: null

2019-08-15 16:32:27 - [TEST_STEP][PASSED] - println(symbol): null

2019-08-15 16:32:27 - [TEST_STEP][PASSED] - if (i == 2 &amp;&amp; wildList.indexOf(symbol) != -1): null

2019-08-15 16:32:27 - [TEST_STEP][PASSED] - if (i == 3 &amp;&amp; wildList.indexOf(symbol) != -1): null

2019-08-15 16:32:27 - [TEST_STEP][PASSED] - if (i == 4 &amp;&amp; wildList.indexOf(symbol) != -1): null

2019-08-15 16:32:27 - [TEST_STEP][PASSED] - symbol = symbol: null

2019-08-15 16:32:27 - [TEST_STEP][PASSED] - println(symbol): null

2019-08-15 16:32:27 - [TEST_STEP][PASSED] - if (i == 2 &amp;&amp; wildList.indexOf(symbol) != -1): null

2019-08-15 16:32:27 - [TEST_STEP][PASSED] - if (i == 3 &amp;&amp; wildList.indexOf(symbol) != -1): null

2019-08-15 16:32:27 - [TEST_STEP][PASSED] - println("wild found on reel 4, adding counter by 1"): null

2019-08-15 16:32:27 - [TEST_STEP][PASSED] - free_spin_reel_counter[1] = free_spin_reel_counter[1] + 1: null

2019-08-15 16:32:27 - [TEST_STEP][PASSED] - if (i == 4 &amp;&amp; wildList.indexOf(symbol) != -1): null

2019-08-15 16:32:27 - [TEST_STEP][PASSED] - symbols = symbols: null

2019-08-15 16:32:27 - [TEST_STEP][PASSED] - for ([j = 0, j &lt; symbols.size(), (j++)]): null

2019-08-15 16:32:27 - [TEST_STEP][PASSED] - symbol = symbol: null

2019-08-15 16:32:27 - [TEST_STEP][PASSED] - println(symbol): null

2019-08-15 16:32:27 - [TEST_STEP][PASSED] - if (i == 2 &amp;&amp; wildList.indexOf(symbol) != -1): null

2019-08-15 16:32:27 - [TEST_STEP][PASSED] - if (i == 3 &amp;&amp; wildList.indexOf(symbol) != -1): null

2019-08-15 16:32:27 - [TEST_STEP][PASSED] - if (i == 4 &amp;&amp; wildList.indexOf(symbol) != -1): null

2019-08-15 16:32:27 - [TEST_STEP][PASSED] - symbol = symbol: null

2019-08-15 16:32:27 - [TEST_STEP][PASSED] - println(symbol): null

2019-08-15 16:32:27 - [TEST_STEP][PASSED] - if (i == 2 &amp;&amp; wildList.indexOf(symbol) != -1): null

2019-08-15 16:32:27 - [TEST_STEP][PASSED] - if (i == 3 &amp;&amp; wildList.indexOf(symbol) != -1): null

2019-08-15 16:32:27 - [TEST_STEP][PASSED] - if (i == 4 &amp;&amp; wildList.indexOf(symbol) != -1): null

2019-08-15 16:32:27 - [TEST_STEP][PASSED] - println("wild found on reel 5, adding counter by 1"): null

2019-08-15 16:32:27 - [TEST_STEP][PASSED] - free_spin_reel_counter[2] = free_spin_reel_counter[2] + 1: null

2019-08-15 16:32:27 - [TEST_STEP][PASSED] - symbol = symbol: null

2019-08-15 16:32:27 - [TEST_STEP][PASSED] - println(symbol): null

2019-08-15 16:32:27 - [TEST_STEP][PASSED] - if (i == 2 &amp;&amp; wildList.indexOf(symbol) != -1): null

2019-08-15 16:32:27 - [TEST_STEP][PASSED] - if (i == 3 &amp;&amp; wildList.indexOf(symbol) != -1): null

2019-08-15 16:32:27 - [TEST_STEP][PASSED] - if (i == 4 &amp;&amp; wildList.indexOf(symbol) != -1): null

2019-08-15 16:32:27 - [TEST_STEP][PASSED] - free_spin_reel_counter = free_spin_reel_counter: null

2019-08-15 16:32:27 - [TEST_STEP][PASSED] - println("reel 3 wild found: " + free_spin_reel_counter[0]): null

2019-08-15 16:32:27 - [TEST_STEP][PASSED] - println("reel 4 wild found: " + free_spin_reel_counter[1]): null

2019-08-15 16:32:27 - [TEST_STEP][PASSED] - println("reel 5 wild found: " + free_spin_reel_counter[2]): null

2019-08-15 16:32:27 - [TEST_STEP][PASSED] - M4_spin_reels = M4_spin_reels: null

2019-08-15 16:32:27 - [TEST_STEP][PASSED] - M4_spin_reels_symbols = symbol: null

2019-08-15 16:32:27 - [TEST_STEP][PASSED] - M4_spin_reels_symbols = M4_spin_reels_symbols: null

2019-08-15 16:32:27 - [TEST_STEP][PASSED] - M4_spin_reel_wins = reel_wins: null

2019-08-15 16:32:27 - [TEST_STEP][PASSED] - M4_spin_reel_wins = M4_spin_reel_wins: null

2019-08-15 16:32:27 - [TEST_STEP][PASSED] - println("GlobalVariable.M4_spin_reel_wins is: " + M4_spin_reel_wins): null

2019-08-15 16:32:27 - [TEST_STEP][PASSED] - M4_spin_total_bonus_win_this_round = total_bonus_win_this_round: null

2019-08-15 16:32:27 - [TEST_STEP][PASSED] - M4_spin_total_bonus_win_this_round = M4_spin_total_bonus_win_this_round: null

2019-08-15 16:32:27 - [TEST_STEP][PASSED] - println("GlobalVariable.M4_spin_total_bonus_win_this_round is: " + M4_spin_total_bonus_win_this_round): null

2019-08-15 16:32:27 - [MESSAGE][PASSED] - Verify response successfully

2019-08-15 16:32:27 - [MESSAGE][PASSED] - Send request and verify the response successfully

2019-08-15 16:32:27 - [TEST_STEP][PASSED] - if (M4_total_bonus_spins_int != 0 &amp;&amp; M4_spin_reels_symbols[2].contains("WILD_Normal") || M4_spin_reels_symbols[3].contains("WILD_Normal") || M4_spin_reels_symbols[4].contains("WILD_Normal")): null

2019-08-15 16:32:27 - [TEST_STEP][PASSED] - free_spin_reel_counter = free_spin_reel_counter: null

2019-08-15 16:32:27 - [TEST_STEP][PASSED] - M4_spin_reels_symbols = M4_spin_reels_symbols: null

2019-08-15 16:32:27 - [TEST_STEP][PASSED] - M4_total_bonus_spins = M4_total_bonus_spins: null

2019-08-15 16:32:27 - [TEST_STEP][PASSED] - spin_result = sendRequestAndVerify(findTestObject("STG/RGS(M4)/1_M4_spin", ["M4_login_user_id":M4_login_user_id, "rgs_session_token":rgs_session_token, "partner":Partner])): Send request and verify the response successfully

2019-08-15 16:32:28 - [TEST_CASE][PASSED] - Start Test Case : Verification: Verification accomplished successfully

2019-08-15 16:32:28 - [TEST_STEP][PASSED] - request = getInstance().getCurrentRequest(): null

2019-08-15 16:32:28 - [TEST_STEP][PASSED] - response = getInstance().getCurrentResponse(): null

2019-08-15 16:32:28 - [TEST_STEP][PASSED] - verifyResponseStatusCode(response, 200): Verify response status code successfully

2019-08-15 16:32:28 - [MESSAGE][PASSED] - Verify response status code successfully

2019-08-15 16:32:28 - [TEST_STEP][PASSED] - getStatusCode()).isEqualTo(200): null

2019-08-15 16:32:28 - [TEST_STEP][PASSED] - newline = System.getProperty("line.separator"): null

2019-08-15 16:32:28 - [TEST_STEP][PASSED] - M4_spin = new groovy.json.JsonSlurper(): null

2019-08-15 16:32:28 - [TEST_STEP][PASSED] - result_M4_spin = M4_spin.parseText(response.getResponseBodyContent()): null

2019-08-15 16:32:28 - [TEST_STEP][PASSED] - M4_spin_current_balance = current_balance: null

2019-08-15 16:32:28 - [TEST_STEP][PASSED] - M4_spin_current_balance = M4_spin_current_balance: null

2019-08-15 16:32:28 - [TEST_STEP][PASSED] - M4_spin_transaction_id = causality: null

2019-08-15 16:32:28 - [TEST_STEP][PASSED] - M4_spin_transaction_id = M4_spin_transaction_id: null

2019-08-15 16:32:28 - [TEST_STEP][PASSED] - M4_spin_round_id = round_id: null

2019-08-15 16:32:28 - [TEST_STEP][PASSED] - M4_spin_round_id = M4_spin_round_id: null

2019-08-15 16:32:28 - [TEST_STEP][PASSED] - M4_spin_line_wins = line_wins: null

2019-08-15 16:32:28 - [TEST_STEP][PASSED] - M4_spin_line_wins = M4_spin_line_wins: null

2019-08-15 16:32:28 - [TEST_STEP][PASSED] - M4_total_bonus_spins_int = total_bonus_spins: null

2019-08-15 16:32:28 - [TEST_STEP][PASSED] - println("******M4_total_bonus_spins type is:*******" + newline + getClass().getName()): null

2019-08-15 16:32:28 - [TEST_STEP][PASSED] - M4_total_bonus_spins_int = M4_total_bonus_spins_int: null

2019-08-15 16:32:28 - [TEST_STEP][PASSED] - M4_total_bonus_spins = Integer.toString(M4_total_bonus_spins_int): null

2019-08-15 16:32:28 - [TEST_STEP][PASSED] - M4_total_bonus_spins = M4_total_bonus_spins: null

2019-08-15 16:32:28 - [TEST_STEP][PASSED] - println("M4_total_bonus_spins is:" + M4_total_bonus_spins): null

2019-08-15 16:32:28 - [TEST_STEP][PASSED] - M4_spin_bonus_data = bonus_data: null

2019-08-15 16:32:28 - [TEST_STEP][PASSED] - M4_spin_features_triggered = result_M4_spin: null

2019-08-15 16:32:28 - [TEST_STEP][PASSED] - wild = []: null

2019-08-15 16:32:28 - [TEST_STEP][PASSED] - wild[0] = "WILD_Expanding": null

2019-08-15 16:32:28 - [TEST_STEP][PASSED] - wild[1] = "WILD_Normal": null

2019-08-15 16:32:28 - [TEST_STEP][PASSED] - wild[2] = "WILD_Double": null

2019-08-15 16:32:28 - [TEST_STEP][PASSED] - wild[3] = "WILD_ExtraFG": null

2019-08-15 16:32:28 - [TEST_STEP][PASSED] - wild[4] = "WILD_Triple": null

2019-08-15 16:32:28 - [TEST_STEP][PASSED] - wildList = Arrays.asList(wild): null

2019-08-15 16:32:28 - [TEST_STEP][PASSED] - wildList = wildList: null

2019-08-15 16:32:28 - [TEST_STEP][PASSED] - free_spin_reel_counter = []: null

2019-08-15 16:32:32 - [TEST_STEP][PASSED] - free_spin_reel_counter[0] = 0: null

2019-08-15 16:32:32 - [TEST_STEP][PASSED] - free_spin_reel_counter[1] = 0: null

2019-08-15 16:32:32 - [TEST_STEP][PASSED] - free_spin_reel_counter[2] = 0: null

2019-08-15 16:32:32 - [TEST_STEP][PASSED] - M4_spin_reels = reels: null

2019-08-15 16:32:32 - [TEST_STEP][PASSED] - for ([i = 0, i &lt; M4_spin_reels.size(), (i++)]): null

2019-08-15 16:32:32 - [TEST_STEP][PASSED] - symbols = symbols: null

2019-08-15 16:32:32 - [TEST_STEP][PASSED] - for ([j = 0, j &lt; symbols.size(), (j++)]): null

2019-08-15 16:32:32 - [TEST_STEP][PASSED] - symbol = symbol: null

2019-08-15 16:32:32 - [TEST_STEP][PASSED] - println(symbol): null

2019-08-15 16:32:32 - [TEST_STEP][PASSED] - if (i == 2 &amp;&amp; wildList.indexOf(symbol) != -1): null

2019-08-15 16:32:32 - [TEST_STEP][PASSED] - if (i == 3 &amp;&amp; wildList.indexOf(symbol) != -1): null

2019-08-15 16:32:35 - [TEST_STEP][PASSED] - if (i == 4 &amp;&amp; wildList.indexOf(symbol) != -1): null

2019-08-15 16:32:35 - [TEST_STEP][PASSED] - symbol = symbol: null

2019-08-15 16:32:35 - [TEST_STEP][PASSED] - println(symbol): null

2019-08-15 16:32:35 - [TEST_STEP][PASSED] - if (i == 2 &amp;&amp; wildList.indexOf(symbol) != -1): null

2019-08-15 16:32:35 - [TEST_STEP][PASSED] - if (i == 3 &amp;&amp; wildList.indexOf(symbol) != -1): null

2019-08-15 16:32:35 - [TEST_STEP][PASSED] - if (i == 4 &amp;&amp; wildList.indexOf(symbol) != -1): null

2019-08-15 16:32:35 - [TEST_STEP][PASSED] - symbol = symbol: null

2019-08-15 16:32:35 - [TEST_STEP][PASSED] - println(symbol): null

2019-08-15 16:32:35 - [TEST_STEP][PASSED] - if (i == 2 &amp;&amp; wildList.indexOf(symbol) != -1): null

2019-08-15 16:32:35 - [TEST_STEP][PASSED] - if (i == 3 &amp;&amp; wildList.indexOf(symbol) != -1): null

2019-08-15 16:32:35 - [TEST_STEP][PASSED] - if (i == 4 &amp;&amp; wildList.indexOf(symbol) != -1): null

2019-08-15 16:32:35 - [TEST_STEP][PASSED] - symbols = symbols: null

2019-08-15 16:32:35 - [TEST_STEP][PASSED] - for ([j = 0, j &lt; symbols.size(), (j++)]): null

2019-08-15 16:32:35 - [TEST_STEP][PASSED] - symbol = symbol: null

2019-08-15 16:32:35 - [TEST_STEP][PASSED] - println(symbol): null

2019-08-15 16:32:35 - [TEST_STEP][PASSED] - if (i == 2 &amp;&amp; wildList.indexOf(symbol) != -1): null

2019-08-15 16:32:35 - [TEST_STEP][PASSED] - if (i == 3 &amp;&amp; wildList.indexOf(symbol) != -1): null

2019-08-15 16:32:35 - [TEST_STEP][PASSED] - if (i == 4 &amp;&amp; wildList.indexOf(symbol) != -1): null

2019-08-15 16:32:35 - [TEST_STEP][PASSED] - symbol = symbol: null

2019-08-15 16:32:35 - [TEST_STEP][PASSED] - println(symbol): null

2019-08-15 16:32:35 - [TEST_STEP][PASSED] - if (i == 2 &amp;&amp; wildList.indexOf(symbol) != -1): null

2019-08-15 16:32:35 - [TEST_STEP][PASSED] - if (i == 3 &amp;&amp; wildList.indexOf(symbol) != -1): null

2019-08-15 16:32:35 - [TEST_STEP][PASSED] - if (i == 4 &amp;&amp; wildList.indexOf(symbol) != -1): null

2019-08-15 16:32:35 - [TEST_STEP][PASSED] - symbol = symbol: null

2019-08-15 16:32:35 - [TEST_STEP][PASSED] - println(symbol): null

2019-08-15 16:32:35 - [TEST_STEP][PASSED] - if (i == 2 &amp;&amp; wildList.indexOf(symbol) != -1): null

2019-08-15 16:32:35 - [TEST_STEP][PASSED] - if (i == 3 &amp;&amp; wildList.indexOf(symbol) != -1): null

2019-08-15 16:32:35 - [TEST_STEP][PASSED] - if (i == 4 &amp;&amp; wildList.indexOf(symbol) != -1): null

2019-08-15 16:32:35 - [TEST_STEP][PASSED] - symbols = symbols: null

2019-08-15 16:32:35 - [TEST_STEP][PASSED] - for ([j = 0, j &lt; symbols.size(), (j++)]): null

2019-08-15 16:32:35 - [TEST_STEP][PASSED] - symbol = symbol: null

2019-08-15 16:32:35 - [TEST_STEP][PASSED] - println(symbol): null

2019-08-15 16:32:35 - [TEST_STEP][PASSED] - if (i == 2 &amp;&amp; wildList.indexOf(symbol) != -1): null

2019-08-15 16:32:35 - [TEST_STEP][PASSED] - if (i == 3 &amp;&amp; wildList.indexOf(symbol) != -1): null

2019-08-15 16:32:35 - [TEST_STEP][PASSED] - if (i == 4 &amp;&amp; wildList.indexOf(symbol) != -1): null

2019-08-15 16:32:35 - [TEST_STEP][PASSED] - symbol = symbol: null

2019-08-15 16:32:35 - [TEST_STEP][PASSED] - println(symbol): null

2019-08-15 16:32:35 - [TEST_STEP][PASSED] - if (i == 2 &amp;&amp; wildList.indexOf(symbol) != -1): null

2019-08-15 16:32:35 - [TEST_STEP][PASSED] - if (i == 3 &amp;&amp; wildList.indexOf(symbol) != -1): null

2019-08-15 16:32:35 - [TEST_STEP][PASSED] - if (i == 4 &amp;&amp; wildList.indexOf(symbol) != -1): null

2019-08-15 16:32:35 - [TEST_STEP][PASSED] - symbol = symbol: null

2019-08-15 16:32:35 - [TEST_STEP][PASSED] - println(symbol): null

2019-08-15 16:32:35 - [TEST_STEP][PASSED] - if (i == 2 &amp;&amp; wildList.indexOf(symbol) != -1): null

2019-08-15 16:32:35 - [TEST_STEP][PASSED] - println("wild found on reel 3, adding counter by 1"): null

2019-08-15 16:32:35 - [TEST_STEP][PASSED] - free_spin_reel_counter[0] = free_spin_reel_counter[0] + 1: null

2019-08-15 16:32:35 - [TEST_STEP][PASSED] - if (i == 3 &amp;&amp; wildList.indexOf(symbol) != -1): null

2019-08-15 16:32:35 - [TEST_STEP][PASSED] - if (i == 4 &amp;&amp; wildList.indexOf(symbol) != -1): null

2019-08-15 16:32:35 - [TEST_STEP][PASSED] - symbols = symbols: null

2019-08-15 16:32:35 - [TEST_STEP][PASSED] - for ([j = 0, j &lt; symbols.size(), (j++)]): null

2019-08-15 16:32:35 - [TEST_STEP][PASSED] - symbol = symbol: null

2019-08-15 16:32:35 - [TEST_STEP][PASSED] - println(symbol): null

2019-08-15 16:32:35 - [TEST_STEP][PASSED] - if (i == 2 &amp;&amp; wildList.indexOf(symbol) != -1): null

2019-08-15 16:32:35 - [TEST_STEP][PASSED] - if (i == 3 &amp;&amp; wildList.indexOf(symbol) != -1): null

2019-08-15 16:32:35 - [TEST_STEP][PASSED] - if (i == 4 &amp;&amp; wildList.indexOf(symbol) != -1): null

2019-08-15 16:32:35 - [TEST_STEP][PASSED] - symbol = symbol: null

2019-08-15 16:32:35 - [TEST_STEP][PASSED] - println(symbol): null

2019-08-15 16:32:35 - [TEST_STEP][PASSED] - if (i == 2 &amp;&amp; wildList.indexOf(symbol) != -1): null

2019-08-15 16:32:35 - [TEST_STEP][PASSED] - if (i == 3 &amp;&amp; wildList.indexOf(symbol) != -1): null

2019-08-15 16:32:35 - [TEST_STEP][PASSED] - if (i == 4 &amp;&amp; wildList.indexOf(symbol) != -1): null

2019-08-15 16:32:35 - [TEST_STEP][PASSED] - symbol = symbol: null

2019-08-15 16:32:35 - [TEST_STEP][PASSED] - println(symbol): null

2019-08-15 16:32:35 - [TEST_STEP][PASSED] - if (i == 2 &amp;&amp; wildList.indexOf(symbol) != -1): null

2019-08-15 16:32:35 - [TEST_STEP][PASSED] - if (i == 3 &amp;&amp; wildList.indexOf(symbol) != -1): null

2019-08-15 16:32:35 - [TEST_STEP][PASSED] - if (i == 4 &amp;&amp; wildList.indexOf(symbol) != -1): null

2019-08-15 16:32:35 - [TEST_STEP][PASSED] - symbols = symbols: null

2019-08-15 16:32:35 - [TEST_STEP][PASSED] - for ([j = 0, j &lt; symbols.size(), (j++)]): null

2019-08-15 16:32:35 - [TEST_STEP][PASSED] - symbol = symbol: null

2019-08-15 16:32:35 - [TEST_STEP][PASSED] - println(symbol): null

2019-08-15 16:32:35 - [TEST_STEP][PASSED] - if (i == 2 &amp;&amp; wildList.indexOf(symbol) != -1): null

2019-08-15 16:32:35 - [TEST_STEP][PASSED] - if (i == 3 &amp;&amp; wildList.indexOf(symbol) != -1): null

2019-08-15 16:32:35 - [TEST_STEP][PASSED] - if (i == 4 &amp;&amp; wildList.indexOf(symbol) != -1): null

2019-08-15 16:32:35 - [TEST_STEP][PASSED] - symbol = symbol: null

2019-08-15 16:32:35 - [TEST_STEP][PASSED] - println(symbol): null

2019-08-15 16:32:35 - [TEST_STEP][PASSED] - if (i == 2 &amp;&amp; wildList.indexOf(symbol) != -1): null

2019-08-15 16:32:35 - [TEST_STEP][PASSED] - if (i == 3 &amp;&amp; wildList.indexOf(symbol) != -1): null

2019-08-15 16:32:35 - [TEST_STEP][PASSED] - if (i == 4 &amp;&amp; wildList.indexOf(symbol) != -1): null

2019-08-15 16:32:35 - [TEST_STEP][PASSED] - symbol = symbol: null

2019-08-15 16:32:35 - [TEST_STEP][PASSED] - println(symbol): null

2019-08-15 16:32:35 - [TEST_STEP][PASSED] - if (i == 2 &amp;&amp; wildList.indexOf(symbol) != -1): null

2019-08-15 16:32:35 - [TEST_STEP][PASSED] - if (i == 3 &amp;&amp; wildList.indexOf(symbol) != -1): null

2019-08-15 16:32:35 - [TEST_STEP][PASSED] - if (i == 4 &amp;&amp; wildList.indexOf(symbol) != -1): null

2019-08-15 16:32:35 - [TEST_STEP][PASSED] - free_spin_reel_counter = free_spin_reel_counter: null

2019-08-15 16:32:35 - [TEST_STEP][PASSED] - println("reel 3 wild found: " + free_spin_reel_counter[0]): null

2019-08-15 16:32:35 - [TEST_STEP][PASSED] - println("reel 4 wild found: " + free_spin_reel_counter[1]): null

2019-08-15 16:32:35 - [TEST_STEP][PASSED] - println("reel 5 wild found: " + free_spin_reel_counter[2]): null

2019-08-15 16:32:35 - [TEST_STEP][PASSED] - M4_spin_reels = M4_spin_reels: null

2019-08-15 16:32:35 - [TEST_STEP][PASSED] - M4_spin_reels_symbols = symbol: null

2019-08-15 16:32:35 - [TEST_STEP][PASSED] - M4_spin_reels_symbols = M4_spin_reels_symbols: null

2019-08-15 16:32:35 - [TEST_STEP][PASSED] - M4_spin_reel_wins = reel_wins: null

2019-08-15 16:32:35 - [TEST_STEP][PASSED] - M4_spin_reel_wins = M4_spin_reel_wins: null

2019-08-15 16:32:35 - [TEST_STEP][PASSED] - println("GlobalVariable.M4_spin_reel_wins is: " + M4_spin_reel_wins): null

2019-08-15 16:32:35 - [TEST_STEP][PASSED] - M4_spin_total_bonus_win_this_round = total_bonus_win_this_round: null

2019-08-15 16:32:35 - [TEST_STEP][PASSED] - M4_spin_total_bonus_win_this_round = M4_spin_total_bonus_win_this_round: null

2019-08-15 16:32:35 - [TEST_STEP][PASSED] - println("GlobalVariable.M4_spin_total_bonus_win_this_round is: " + M4_spin_total_bonus_win_this_round): null

2019-08-15 16:32:35 - [MESSAGE][PASSED] - Verify response successfully

2019-08-15 16:32:35 - [MESSAGE][PASSED] - Send request and verify the response successfully

2019-08-15 16:32:35 - [TEST_STEP][PASSED] - if (M4_total_bonus_spins_int != 0 &amp;&amp; M4_spin_reels_symbols[2].contains("WILD_Normal") || M4_spin_reels_symbols[3].contains("WILD_Normal") || M4_spin_reels_symbols[4].contains("WILD_Normal")): null

2019-08-15 16:32:35 - [TEST_STEP][PASSED] - free_spin_reel_counter = free_spin_reel_counter: null

2019-08-15 16:32:35 - [TEST_STEP][PASSED] - M4_spin_reels_symbols = M4_spin_reels_symbols: null

2019-08-15 16:32:35 - [TEST_STEP][PASSED] - M4_total_bonus_spins = M4_total_bonus_spins: null

2019-08-15 16:32:35 - [TEST_STEP][PASSED] - spin_result = sendRequestAndVerify(findTestObject("STG/RGS(M4)/1_M4_spin", ["M4_login_user_id":M4_login_user_id, "rgs_session_token":rgs_session_token, "partner":Partner])): Send request and verify the response successfully

2019-08-15 16:32:35 - [TEST_CASE][PASSED] - Start Test Case : Verification: Verification accomplished successfully

2019-08-15 16:32:35 - [TEST_STEP][PASSED] - request = getInstance().getCurrentRequest(): null

2019-08-15 16:32:35 - [TEST_STEP][PASSED] - response = getInstance().getCurrentResponse(): null

2019-08-15 16:32:35 - [TEST_STEP][PASSED] - verifyResponseStatusCode(response, 200): Verify response status code successfully

2019-08-15 16:32:35 - [MESSAGE][PASSED] - Verify response status code successfully

2019-08-15 16:32:35 - [TEST_STEP][PASSED] - getStatusCode()).isEqualTo(200): null

2019-08-15 16:32:35 - [TEST_STEP][PASSED] - newline = System.getProperty("line.separator"): null

2019-08-15 16:32:35 - [TEST_STEP][PASSED] - M4_spin = new groovy.json.JsonSlurper(): null

2019-08-15 16:32:35 - [TEST_STEP][PASSED] - result_M4_spin = M4_spin.parseText(response.getResponseBodyContent()): null

2019-08-15 16:32:35 - [TEST_STEP][PASSED] - M4_spin_current_balance = current_balance: null

2019-08-15 16:32:35 - [TEST_STEP][PASSED] - M4_spin_current_balance = M4_spin_current_balance: null

2019-08-15 16:32:35 - [TEST_STEP][PASSED] - M4_spin_transaction_id = causality: null

2019-08-15 16:32:35 - [TEST_STEP][PASSED] - M4_spin_transaction_id = M4_spin_transaction_id: null

2019-08-15 16:32:35 - [TEST_STEP][PASSED] - M4_spin_round_id = round_id: null

2019-08-15 16:32:35 - [TEST_STEP][PASSED] - M4_spin_round_id = M4_spin_round_id: null

2019-08-15 16:32:35 - [TEST_STEP][PASSED] - M4_spin_line_wins = line_wins: null

2019-08-15 16:32:35 - [TEST_STEP][PASSED] - M4_spin_line_wins = M4_spin_line_wins: null

2019-08-15 16:32:35 - [TEST_STEP][PASSED] - M4_total_bonus_spins_int = total_bonus_spins: null

2019-08-15 16:32:35 - [TEST_STEP][PASSED] - println("******M4_total_bonus_spins type is:*******" + newline + getClass().getName()): null

2019-08-15 16:32:35 - [TEST_STEP][PASSED] - M4_total_bonus_spins_int = M4_total_bonus_spins_int: null

2019-08-15 16:32:35 - [TEST_STEP][PASSED] - M4_total_bonus_spins = Integer.toString(M4_total_bonus_spins_int): null

2019-08-15 16:32:35 - [TEST_STEP][PASSED] - M4_total_bonus_spins = M4_total_bonus_spins: null

2019-08-15 16:32:35 - [TEST_STEP][PASSED] - println("M4_total_bonus_spins is:" + M4_total_bonus_spins): null

2019-08-15 16:32:35 - [TEST_STEP][PASSED] - M4_spin_bonus_data = bonus_data: null

2019-08-15 16:32:35 - [TEST_STEP][PASSED] - M4_spin_features_triggered = result_M4_spin: null

2019-08-15 16:32:35 - [TEST_STEP][PASSED] - wild = []: null

2019-08-15 16:32:35 - [TEST_STEP][PASSED] - wild[0] = "WILD_Expanding": null

2019-08-15 16:32:35 - [TEST_STEP][PASSED] - wild[1] = "WILD_Normal": null

2019-08-15 16:32:35 - [TEST_STEP][PASSED] - wild[2] = "WILD_Double": null

2019-08-15 16:32:35 - [TEST_STEP][PASSED] - wild[3] = "WILD_ExtraFG": null

2019-08-15 16:32:35 - [TEST_STEP][PASSED] - wild[4] = "WILD_Triple": null

2019-08-15 16:32:35 - [TEST_STEP][PASSED] - wildList = Arrays.asList(wild): null

2019-08-15 16:32:35 - [TEST_STEP][PASSED] - wildList = wildList: null

2019-08-15 16:32:35 - [TEST_STEP][PASSED] - free_spin_reel_counter = []: null

2019-08-15 16:32:35 - [TEST_STEP][PASSED] - free_spin_reel_counter[0] = 0: null

2019-08-15 16:32:35 - [TEST_STEP][PASSED] - free_spin_reel_counter[1] = 0: null

2019-08-15 16:32:35 - [TEST_STEP][PASSED] - free_spin_reel_counter[2] = 0: null

2019-08-15 16:32:35 - [TEST_STEP][PASSED] - M4_spin_reels = reels: null

2019-08-15 16:32:35 - [TEST_STEP][PASSED] - for ([i = 0, i &lt; M4_spin_reels.size(), (i++)]): null

2019-08-15 16:32:35 - [TEST_STEP][PASSED] - symbols = symbols: null

2019-08-15 16:32:35 - [TEST_STEP][PASSED] - for ([j = 0, j &lt; symbols.size(), (j++)]): null

2019-08-15 16:32:35 - [TEST_STEP][PASSED] - symbol = symbol: null

2019-08-15 16:32:35 - [TEST_STEP][PASSED] - println(symbol): null

2019-08-15 16:32:35 - [TEST_STEP][PASSED] - if (i == 2 &amp;&amp; wildList.indexOf(symbol) != -1): null

2019-08-15 16:32:35 - [TEST_STEP][PASSED] - if (i == 3 &amp;&amp; wildList.indexOf(symbol) != -1): null

2019-08-15 16:32:35 - [TEST_STEP][PASSED] - if (i == 4 &amp;&amp; wildList.indexOf(symbol) != -1): null

2019-08-15 16:32:35 - [TEST_STEP][PASSED] - symbol = symbol: null

2019-08-15 16:32:35 - [TEST_STEP][PASSED] - println(symbol): null

2019-08-15 16:32:35 - [TEST_STEP][PASSED] - if (i == 2 &amp;&amp; wildList.indexOf(symbol) != -1): null

2019-08-15 16:32:35 - [TEST_STEP][PASSED] - if (i == 3 &amp;&amp; wildList.indexOf(symbol) != -1): null

2019-08-15 16:32:35 - [TEST_STEP][PASSED] - if (i == 4 &amp;&amp; wildList.indexOf(symbol) != -1): null

2019-08-15 16:32:35 - [TEST_STEP][PASSED] - symbol = symbol: null

2019-08-15 16:32:35 - [TEST_STEP][PASSED] - println(symbol): null

2019-08-15 16:32:35 - [TEST_STEP][PASSED] - if (i == 2 &amp;&amp; wildList.indexOf(symbol) != -1): null

2019-08-15 16:32:35 - [TEST_STEP][PASSED] - if (i == 3 &amp;&amp; wildList.indexOf(symbol) != -1): null

2019-08-15 16:32:35 - [TEST_STEP][PASSED] - if (i == 4 &amp;&amp; wildList.indexOf(symbol) != -1): null

2019-08-15 16:32:35 - [TEST_STEP][PASSED] - symbols = symbols: null

2019-08-15 16:32:35 - [TEST_STEP][PASSED] - for ([j = 0, j &lt; symbols.size(), (j++)]): null

2019-08-15 16:32:35 - [TEST_STEP][PASSED] - symbol = symbol: null

2019-08-15 16:32:35 - [TEST_STEP][PASSED] - println(symbol): null

2019-08-15 16:32:35 - [TEST_STEP][PASSED] - if (i == 2 &amp;&amp; wildList.indexOf(symbol) != -1): null

2019-08-15 16:32:35 - [TEST_STEP][PASSED] - if (i == 3 &amp;&amp; wildList.indexOf(symbol) != -1): null

2019-08-15 16:32:35 - [TEST_STEP][PASSED] - if (i == 4 &amp;&amp; wildList.indexOf(symbol) != -1): null

2019-08-15 16:32:35 - [TEST_STEP][PASSED] - symbol = symbol: null

2019-08-15 16:32:35 - [TEST_STEP][PASSED] - println(symbol): null

2019-08-15 16:32:35 - [TEST_STEP][PASSED] - if (i == 2 &amp;&amp; wildList.indexOf(symbol) != -1): null

2019-08-15 16:32:35 - [TEST_STEP][PASSED] - if (i == 3 &amp;&amp; wildList.indexOf(symbol) != -1): null

2019-08-15 16:32:35 - [TEST_STEP][PASSED] - if (i == 4 &amp;&amp; wildList.indexOf(symbol) != -1): null

2019-08-15 16:32:35 - [TEST_STEP][PASSED] - symbol = symbol: null

2019-08-15 16:32:35 - [TEST_STEP][PASSED] - println(symbol): null

2019-08-15 16:32:35 - [TEST_STEP][PASSED] - if (i == 2 &amp;&amp; wildList.indexOf(symbol) != -1): null

2019-08-15 16:32:35 - [TEST_STEP][PASSED] - if (i == 3 &amp;&amp; wildList.indexOf(symbol) != -1): null

2019-08-15 16:32:35 - [TEST_STEP][PASSED] - if (i == 4 &amp;&amp; wildList.indexOf(symbol) != -1): null

2019-08-15 16:32:35 - [TEST_STEP][PASSED] - symbols = symbols: null

2019-08-15 16:32:35 - [TEST_STEP][PASSED] - for ([j = 0, j &lt; symbols.size(), (j++)]): null

2019-08-15 16:32:35 - [TEST_STEP][PASSED] - symbol = symbol: null

2019-08-15 16:32:35 - [TEST_STEP][PASSED] - println(symbol): null

2019-08-15 16:32:35 - [TEST_STEP][PASSED] - if (i == 2 &amp;&amp; wildList.indexOf(symbol) != -1): null

2019-08-15 16:32:35 - [TEST_STEP][PASSED] - if (i == 3 &amp;&amp; wildList.indexOf(symbol) != -1): null

2019-08-15 16:32:35 - [TEST_STEP][PASSED] - if (i == 4 &amp;&amp; wildList.indexOf(symbol) != -1): null

2019-08-15 16:32:35 - [TEST_STEP][PASSED] - symbol = symbol: null

2019-08-15 16:32:35 - [TEST_STEP][PASSED] - println(symbol): null

2019-08-15 16:32:35 - [TEST_STEP][PASSED] - if (i == 2 &amp;&amp; wildList.indexOf(symbol) != -1): null

2019-08-15 16:32:35 - [TEST_STEP][PASSED] - if (i == 3 &amp;&amp; wildList.indexOf(symbol) != -1): null

2019-08-15 16:32:35 - [TEST_STEP][PASSED] - if (i == 4 &amp;&amp; wildList.indexOf(symbol) != -1): null

2019-08-15 16:32:35 - [TEST_STEP][PASSED] - symbol = symbol: null

2019-08-15 16:32:35 - [TEST_STEP][PASSED] - println(symbol): null

2019-08-15 16:32:35 - [TEST_STEP][PASSED] - if (i == 2 &amp;&amp; wildList.indexOf(symbol) != -1): null

2019-08-15 16:32:35 - [TEST_STEP][PASSED] - if (i == 3 &amp;&amp; wildList.indexOf(symbol) != -1): null

2019-08-15 16:32:35 - [TEST_STEP][PASSED] - if (i == 4 &amp;&amp; wildList.indexOf(symbol) != -1): null

2019-08-15 16:32:35 - [TEST_STEP][PASSED] - symbols = symbols: null

2019-08-15 16:32:35 - [TEST_STEP][PASSED] - for ([j = 0, j &lt; symbols.size(), (j++)]): null

2019-08-15 16:32:35 - [TEST_STEP][PASSED] - symbol = symbol: null

2019-08-15 16:32:35 - [TEST_STEP][PASSED] - println(symbol): null

2019-08-15 16:32:35 - [TEST_STEP][PASSED] - if (i == 2 &amp;&amp; wildList.indexOf(symbol) != -1): null

2019-08-15 16:32:35 - [TEST_STEP][PASSED] - if (i == 3 &amp;&amp; wildList.indexOf(symbol) != -1): null

2019-08-15 16:32:35 - [TEST_STEP][PASSED] - if (i == 4 &amp;&amp; wildList.indexOf(symbol) != -1): null

2019-08-15 16:32:35 - [TEST_STEP][PASSED] - symbol = symbol: null

2019-08-15 16:32:35 - [TEST_STEP][PASSED] - println(symbol): null

2019-08-15 16:32:35 - [TEST_STEP][PASSED] - if (i == 2 &amp;&amp; wildList.indexOf(symbol) != -1): null

2019-08-15 16:32:35 - [TEST_STEP][PASSED] - if (i == 3 &amp;&amp; wildList.indexOf(symbol) != -1): null

2019-08-15 16:32:35 - [TEST_STEP][PASSED] - if (i == 4 &amp;&amp; wildList.indexOf(symbol) != -1): null

2019-08-15 16:32:35 - [TEST_STEP][PASSED] - symbol = symbol: null

2019-08-15 16:32:35 - [TEST_STEP][PASSED] - println(symbol): null

2019-08-15 16:32:35 - [TEST_STEP][PASSED] - if (i == 2 &amp;&amp; wildList.indexOf(symbol) != -1): null

2019-08-15 16:32:35 - [TEST_STEP][PASSED] - if (i == 3 &amp;&amp; wildList.indexOf(symbol) != -1): null

2019-08-15 16:32:35 - [TEST_STEP][PASSED] - if (i == 4 &amp;&amp; wildList.indexOf(symbol) != -1): null

2019-08-15 16:32:35 - [TEST_STEP][PASSED] - symbols = symbols: null

2019-08-15 16:32:35 - [TEST_STEP][PASSED] - for ([j = 0, j &lt; symbols.size(), (j++)]): null

2019-08-15 16:32:35 - [TEST_STEP][PASSED] - symbol = symbol: null

2019-08-15 16:32:35 - [TEST_STEP][PASSED] - println(symbol): null

2019-08-15 16:32:35 - [TEST_STEP][PASSED] - if (i == 2 &amp;&amp; wildList.indexOf(symbol) != -1): null

2019-08-15 16:32:35 - [TEST_STEP][PASSED] - if (i == 3 &amp;&amp; wildList.indexOf(symbol) != -1): null

2019-08-15 16:32:35 - [TEST_STEP][PASSED] - if (i == 4 &amp;&amp; wildList.indexOf(symbol) != -1): null

2019-08-15 16:32:35 - [TEST_STEP][PASSED] - symbol = symbol: null

2019-08-15 16:32:35 - [TEST_STEP][PASSED] - println(symbol): null

2019-08-15 16:32:35 - [TEST_STEP][PASSED] - if (i == 2 &amp;&amp; wildList.indexOf(symbol) != -1): null

2019-08-15 16:32:35 - [TEST_STEP][PASSED] - if (i == 3 &amp;&amp; wildList.indexOf(symbol) != -1): null

2019-08-15 16:32:35 - [TEST_STEP][PASSED] - if (i == 4 &amp;&amp; wildList.indexOf(symbol) != -1): null

2019-08-15 16:32:35 - [TEST_STEP][PASSED] - symbol = symbol: null

2019-08-15 16:32:35 - [TEST_STEP][PASSED] - println(symbol): null

2019-08-15 16:32:35 - [TEST_STEP][PASSED] - if (i == 2 &amp;&amp; wildList.indexOf(symbol) != -1): null

2019-08-15 16:32:35 - [TEST_STEP][PASSED] - if (i == 3 &amp;&amp; wildList.indexOf(symbol) != -1): null

2019-08-15 16:32:35 - [TEST_STEP][PASSED] - if (i == 4 &amp;&amp; wildList.indexOf(symbol) != -1): null

2019-08-15 16:32:35 - [TEST_STEP][PASSED] - free_spin_reel_counter = free_spin_reel_counter: null

2019-08-15 16:32:35 - [TEST_STEP][PASSED] - println("reel 3 wild found: " + free_spin_reel_counter[0]): null

2019-08-15 16:32:35 - [TEST_STEP][PASSED] - println("reel 4 wild found: " + free_spin_reel_counter[1]): null

2019-08-15 16:32:35 - [TEST_STEP][PASSED] - println("reel 5 wild found: " + free_spin_reel_counter[2]): null

2019-08-15 16:32:35 - [TEST_STEP][PASSED] - M4_spin_reels = M4_spin_reels: null

2019-08-15 16:32:35 - [TEST_STEP][PASSED] - M4_spin_reels_symbols = symbol: null

2019-08-15 16:32:35 - [TEST_STEP][PASSED] - M4_spin_reels_symbols = M4_spin_reels_symbols: null

2019-08-15 16:32:35 - [TEST_STEP][PASSED] - M4_spin_reel_wins = reel_wins: null

2019-08-15 16:32:35 - [TEST_STEP][PASSED] - M4_spin_reel_wins = M4_spin_reel_wins: null

2019-08-15 16:32:35 - [TEST_STEP][PASSED] - println("GlobalVariable.M4_spin_reel_wins is: " + M4_spin_reel_wins): null

2019-08-15 16:32:35 - [TEST_STEP][PASSED] - M4_spin_total_bonus_win_this_round = total_bonus_win_this_round: null

2019-08-15 16:32:35 - [TEST_STEP][PASSED] - M4_spin_total_bonus_win_this_round = M4_spin_total_bonus_win_this_round: null

2019-08-15 16:32:35 - [TEST_STEP][PASSED] - println("GlobalVariable.M4_spin_total_bonus_win_this_round is: " + M4_spin_total_bonus_win_this_round): null

2019-08-15 16:32:35 - [MESSAGE][PASSED] - Verify response successfully

2019-08-15 16:32:35 - [MESSAGE][PASSED] - Send request and verify the response successfully

2019-08-15 16:32:35 - [TEST_STEP][PASSED] - if (M4_total_bonus_spins_int != 0 &amp;&amp; M4_spin_reels_symbols[2].contains("WILD_Normal") || M4_spin_reels_symbols[3].contains("WILD_Normal") || M4_spin_reels_symbols[4].contains("WILD_Normal")): null

2019-08-15 16:32:35 - [TEST_STEP][PASSED] - free_spin_reel_counter = free_spin_reel_counter: null

2019-08-15 16:32:35 - [TEST_STEP][PASSED] - M4_spin_reels_symbols = M4_spin_reels_symbols: null

2019-08-15 16:32:35 - [TEST_STEP][PASSED] - M4_total_bonus_spins = M4_total_bonus_spins: null

2019-08-15 16:32:36 - [TEST_STEP][PASSED] - spin_result = sendRequestAndVerify(findTestObject("STG/RGS(M4)/1_M4_spin", ["M4_login_user_id":M4_login_user_id, "rgs_session_token":rgs_session_token, "partner":Partner])): Send request and verify the response successfully

2019-08-15 16:32:36 - [TEST_CASE][PASSED] - Start Test Case : Verification: Verification accomplished successfully

2019-08-15 16:32:36 - [TEST_STEP][PASSED] - request = getInstance().getCurrentRequest(): null

2019-08-15 16:32:36 - [TEST_STEP][PASSED] - response = getInstance().getCurrentResponse(): null

2019-08-15 16:32:36 - [TEST_STEP][PASSED] - verifyResponseStatusCode(response, 200): Verify response status code successfully

2019-08-15 16:32:36 - [MESSAGE][PASSED] - Verify response status code successfully

2019-08-15 16:32:36 - [TEST_STEP][PASSED] - getStatusCode()).isEqualTo(200): null

2019-08-15 16:32:36 - [TEST_STEP][PASSED] - newline = System.getProperty("line.separator"): null

2019-08-15 16:32:36 - [TEST_STEP][PASSED] - M4_spin = new groovy.json.JsonSlurper(): null

2019-08-15 16:32:36 - [TEST_STEP][PASSED] - result_M4_spin = M4_spin.parseText(response.getResponseBodyContent()): null

2019-08-15 16:32:36 - [TEST_STEP][PASSED] - M4_spin_current_balance = current_balance: null

2019-08-15 16:32:36 - [TEST_STEP][PASSED] - M4_spin_current_balance = M4_spin_current_balance: null

2019-08-15 16:32:36 - [TEST_STEP][PASSED] - M4_spin_transaction_id = causality: null

2019-08-15 16:32:36 - [TEST_STEP][PASSED] - M4_spin_transaction_id = M4_spin_transaction_id: null

2019-08-15 16:32:36 - [TEST_STEP][PASSED] - M4_spin_round_id = round_id: null

2019-08-15 16:32:36 - [TEST_STEP][PASSED] - M4_spin_round_id = M4_spin_round_id: null

2019-08-15 16:32:36 - [TEST_STEP][PASSED] - M4_spin_line_wins = line_wins: null

2019-08-15 16:32:36 - [TEST_STEP][PASSED] - M4_spin_line_wins = M4_spin_line_wins: null

2019-08-15 16:32:36 - [TEST_STEP][PASSED] - M4_total_bonus_spins_int = total_bonus_spins: null

2019-08-15 16:32:36 - [TEST_STEP][PASSED] - println("******M4_total_bonus_spins type is:*******" + newline + getClass().getName()): null

2019-08-15 16:32:36 - [TEST_STEP][PASSED] - M4_total_bonus_spins_int = M4_total_bonus_spins_int: null

2019-08-15 16:32:36 - [TEST_STEP][PASSED] - M4_total_bonus_spins = Integer.toString(M4_total_bonus_spins_int): null

2019-08-15 16:32:36 - [TEST_STEP][PASSED] - M4_total_bonus_spins = M4_total_bonus_spins: null

2019-08-15 16:32:36 - [TEST_STEP][PASSED] - println("M4_total_bonus_spins is:" + M4_total_bonus_spins): null

2019-08-15 16:32:36 - [TEST_STEP][PASSED] - M4_spin_bonus_data = bonus_data: null

2019-08-15 16:32:36 - [TEST_STEP][PASSED] - M4_spin_features_triggered = result_M4_spin: null

2019-08-15 16:32:36 - [TEST_STEP][PASSED] - wild = []: null

2019-08-15 16:32:36 - [TEST_STEP][PASSED] - wild[0] = "WILD_Expanding": null

2019-08-15 16:32:36 - [TEST_STEP][PASSED] - wild[1] = "WILD_Normal": null

2019-08-15 16:32:36 - [TEST_STEP][PASSED] - wild[2] = "WILD_Double": null

2019-08-15 16:32:36 - [TEST_STEP][PASSED] - wild[3] = "WILD_ExtraFG": null

2019-08-15 16:32:36 - [TEST_STEP][PASSED] - wild[4] = "WILD_Triple": null

2019-08-15 16:32:36 - [TEST_STEP][PASSED] - wildList = Arrays.asList(wild): null

2019-08-15 16:32:36 - [TEST_STEP][PASSED] - wildList = wildList: null

2019-08-15 16:32:36 - [TEST_STEP][PASSED] - free_spin_reel_counter = []: null

2019-08-15 16:32:36 - [TEST_STEP][PASSED] - free_spin_reel_counter[0] = 0: null

2019-08-15 16:32:36 - [TEST_STEP][PASSED] - free_spin_reel_counter[1] = 0: null

2019-08-15 16:32:36 - [TEST_STEP][PASSED] - free_spin_reel_counter[2] = 0: null

2019-08-15 16:32:36 - [TEST_STEP][PASSED] - M4_spin_reels = reels: null

2019-08-15 16:32:36 - [TEST_STEP][PASSED] - for ([i = 0, i &lt; M4_spin_reels.size(), (i++)]): null

2019-08-15 16:32:36 - [TEST_STEP][PASSED] - symbols = symbols: null

2019-08-15 16:32:36 - [TEST_STEP][PASSED] - for ([j = 0, j &lt; symbols.size(), (j++)]): null

2019-08-15 16:32:36 - [TEST_STEP][PASSED] - symbol = symbol: null

2019-08-15 16:32:36 - [TEST_STEP][PASSED] - println(symbol): null

2019-08-15 16:32:36 - [TEST_STEP][PASSED] - if (i == 2 &amp;&amp; wildList.indexOf(symbol) != -1): null

2019-08-15 16:32:36 - [TEST_STEP][PASSED] - if (i == 3 &amp;&amp; wildList.indexOf(symbol) != -1): null

2019-08-15 16:32:36 - [TEST_STEP][PASSED] - if (i == 4 &amp;&amp; wildList.indexOf(symbol) != -1): null

2019-08-15 16:32:36 - [TEST_STEP][PASSED] - symbol = symbol: null

2019-08-15 16:32:36 - [TEST_STEP][PASSED] - println(symbol): null

2019-08-15 16:32:36 - [TEST_STEP][PASSED] - if (i == 2 &amp;&amp; wildList.indexOf(symbol) != -1): null

2019-08-15 16:32:36 - [TEST_STEP][PASSED] - if (i == 3 &amp;&amp; wildList.indexOf(symbol) != -1): null

2019-08-15 16:32:36 - [TEST_STEP][PASSED] - if (i == 4 &amp;&amp; wildList.indexOf(symbol) != -1): null

2019-08-15 16:32:36 - [TEST_STEP][PASSED] - symbol = symbol: null

2019-08-15 16:32:36 - [TEST_STEP][PASSED] - println(symbol): null

2019-08-15 16:32:36 - [TEST_STEP][PASSED] - if (i == 2 &amp;&amp; wildList.indexOf(symbol) != -1): null

2019-08-15 16:32:36 - [TEST_STEP][PASSED] - if (i == 3 &amp;&amp; wildList.indexOf(symbol) != -1): null

2019-08-15 16:32:36 - [TEST_STEP][PASSED] - if (i == 4 &amp;&amp; wildList.indexOf(symbol) != -1): null

2019-08-15 16:32:36 - [TEST_STEP][PASSED] - symbols = symbols: null

2019-08-15 16:32:36 - [TEST_STEP][PASSED] - for ([j = 0, j &lt; symbols.size(), (j++)]): null

2019-08-15 16:32:36 - [TEST_STEP][PASSED] - symbol = symbol: null

2019-08-15 16:32:36 - [TEST_STEP][PASSED] - println(symbol): null

2019-08-15 16:32:36 - [TEST_STEP][PASSED] - if (i == 2 &amp;&amp; wildList.indexOf(symbol) != -1): null

2019-08-15 16:32:36 - [TEST_STEP][PASSED] - if (i == 3 &amp;&amp; wildList.indexOf(symbol) != -1): null

2019-08-15 16:32:36 - [TEST_STEP][PASSED] - if (i == 4 &amp;&amp; wildList.indexOf(symbol) != -1): null

2019-08-15 16:32:36 - [TEST_STEP][PASSED] - symbol = symbol: null

2019-08-15 16:32:36 - [TEST_STEP][PASSED] - println(symbol): null

2019-08-15 16:32:36 - [TEST_STEP][PASSED] - if (i == 2 &amp;&amp; wildList.indexOf(symbol) != -1): null

2019-08-15 16:32:36 - [TEST_STEP][PASSED] - if (i == 3 &amp;&amp; wildList.indexOf(symbol) != -1): null

2019-08-15 16:32:36 - [TEST_STEP][PASSED] - if (i == 4 &amp;&amp; wildList.indexOf(symbol) != -1): null

2019-08-15 16:32:36 - [TEST_STEP][PASSED] - symbol = symbol: null

2019-08-15 16:32:36 - [TEST_STEP][PASSED] - println(symbol): null

2019-08-15 16:32:36 - [TEST_STEP][PASSED] - if (i == 2 &amp;&amp; wildList.indexOf(symbol) != -1): null

2019-08-15 16:32:36 - [TEST_STEP][PASSED] - if (i == 3 &amp;&amp; wildList.indexOf(symbol) != -1): null

2019-08-15 16:32:36 - [TEST_STEP][PASSED] - if (i == 4 &amp;&amp; wildList.indexOf(symbol) != -1): null

2019-08-15 16:32:36 - [TEST_STEP][PASSED] - symbols = symbols: null

2019-08-15 16:32:36 - [TEST_STEP][PASSED] - for ([j = 0, j &lt; symbols.size(), (j++)]): null

2019-08-15 16:32:36 - [TEST_STEP][PASSED] - symbol = symbol: null

2019-08-15 16:32:36 - [TEST_STEP][PASSED] - println(symbol): null

2019-08-15 16:32:36 - [TEST_STEP][PASSED] - if (i == 2 &amp;&amp; wildList.indexOf(symbol) != -1): null

2019-08-15 16:32:40 - [TEST_STEP][PASSED] - if (i == 3 &amp;&amp; wildList.indexOf(symbol) != -1): null

2019-08-15 16:32:40 - [TEST_STEP][PASSED] - if (i == 4 &amp;&amp; wildList.indexOf(symbol) != -1): null

2019-08-15 16:32:40 - [TEST_STEP][PASSED] - symbol = symbol: null

2019-08-15 16:32:40 - [TEST_STEP][PASSED] - println(symbol): null

2019-08-15 16:32:40 - [TEST_STEP][PASSED] - if (i == 2 &amp;&amp; wildList.indexOf(symbol) != -1): null

2019-08-15 16:32:40 - [TEST_STEP][PASSED] - if (i == 3 &amp;&amp; wildList.indexOf(symbol) != -1): null

2019-08-15 16:32:40 - [TEST_STEP][PASSED] - if (i == 4 &amp;&amp; wildList.indexOf(symbol) != -1): null

2019-08-15 16:32:40 - [TEST_STEP][PASSED] - symbol = symbol: null

2019-08-15 16:32:40 - [TEST_STEP][PASSED] - println(symbol): null

2019-08-15 16:32:40 - [TEST_STEP][PASSED] - if (i == 2 &amp;&amp; wildList.indexOf(symbol) != -1): null

2019-08-15 16:32:44 - [TEST_STEP][PASSED] - if (i == 3 &amp;&amp; wildList.indexOf(symbol) != -1): null

2019-08-15 16:32:44 - [TEST_STEP][PASSED] - if (i == 4 &amp;&amp; wildList.indexOf(symbol) != -1): null

2019-08-15 16:32:44 - [TEST_STEP][PASSED] - symbols = symbols: null

2019-08-15 16:32:44 - [TEST_STEP][PASSED] - for ([j = 0, j &lt; symbols.size(), (j++)]): null

2019-08-15 16:32:44 - [TEST_STEP][PASSED] - symbol = symbol: null

2019-08-15 16:32:44 - [TEST_STEP][PASSED] - println(symbol): null

2019-08-15 16:32:44 - [TEST_STEP][PASSED] - if (i == 2 &amp;&amp; wildList.indexOf(symbol) != -1): null

2019-08-15 16:32:44 - [TEST_STEP][PASSED] - if (i == 3 &amp;&amp; wildList.indexOf(symbol) != -1): null

2019-08-15 16:32:44 - [TEST_STEP][PASSED] - if (i == 4 &amp;&amp; wildList.indexOf(symbol) != -1): null

2019-08-15 16:32:44 - [TEST_STEP][PASSED] - symbol = symbol: null

2019-08-15 16:32:44 - [TEST_STEP][PASSED] - println(symbol): null

2019-08-15 16:32:44 - [TEST_STEP][PASSED] - if (i == 2 &amp;&amp; wildList.indexOf(symbol) != -1): null

2019-08-15 16:32:44 - [TEST_STEP][PASSED] - if (i == 3 &amp;&amp; wildList.indexOf(symbol) != -1): null

2019-08-15 16:32:44 - [TEST_STEP][PASSED] - if (i == 4 &amp;&amp; wildList.indexOf(symbol) != -1): null

2019-08-15 16:32:44 - [TEST_STEP][PASSED] - symbol = symbol: null

2019-08-15 16:32:44 - [TEST_STEP][PASSED] - println(symbol): null

2019-08-15 16:32:44 - [TEST_STEP][PASSED] - if (i == 2 &amp;&amp; wildList.indexOf(symbol) != -1): null

2019-08-15 16:32:44 - [TEST_STEP][PASSED] - if (i == 3 &amp;&amp; wildList.indexOf(symbol) != -1): null

2019-08-15 16:32:44 - [TEST_STEP][PASSED] - if (i == 4 &amp;&amp; wildList.indexOf(symbol) != -1): null

2019-08-15 16:32:44 - [TEST_STEP][PASSED] - symbols = symbols: null

2019-08-15 16:32:44 - [TEST_STEP][PASSED] - for ([j = 0, j &lt; symbols.size(), (j++)]): null

2019-08-15 16:32:44 - [TEST_STEP][PASSED] - symbol = symbol: null

2019-08-15 16:32:44 - [TEST_STEP][PASSED] - println(symbol): null

2019-08-15 16:32:44 - [TEST_STEP][PASSED] - if (i == 2 &amp;&amp; wildList.indexOf(symbol) != -1): null

2019-08-15 16:32:44 - [TEST_STEP][PASSED] - if (i == 3 &amp;&amp; wildList.indexOf(symbol) != -1): null

2019-08-15 16:32:44 - [TEST_STEP][PASSED] - if (i == 4 &amp;&amp; wildList.indexOf(symbol) != -1): null

2019-08-15 16:32:44 - [TEST_STEP][PASSED] - symbol = symbol: null

2019-08-15 16:32:44 - [TEST_STEP][PASSED] - println(symbol): null

2019-08-15 16:32:44 - [TEST_STEP][PASSED] - if (i == 2 &amp;&amp; wildList.indexOf(symbol) != -1): null

2019-08-15 16:32:44 - [TEST_STEP][PASSED] - if (i == 3 &amp;&amp; wildList.indexOf(symbol) != -1): null

2019-08-15 16:32:44 - [TEST_STEP][PASSED] - if (i == 4 &amp;&amp; wildList.indexOf(symbol) != -1): null

2019-08-15 16:32:44 - [TEST_STEP][PASSED] - symbol = symbol: null

2019-08-15 16:32:44 - [TEST_STEP][PASSED] - println(symbol): null

2019-08-15 16:32:44 - [TEST_STEP][PASSED] - if (i == 2 &amp;&amp; wildList.indexOf(symbol) != -1): null

2019-08-15 16:32:44 - [TEST_STEP][PASSED] - if (i == 3 &amp;&amp; wildList.indexOf(symbol) != -1): null

2019-08-15 16:32:44 - [TEST_STEP][PASSED] - if (i == 4 &amp;&amp; wildList.indexOf(symbol) != -1): null

2019-08-15 16:32:44 - [TEST_STEP][PASSED] - free_spin_reel_counter = free_spin_reel_counter: null

2019-08-15 16:32:44 - [TEST_STEP][PASSED] - println("reel 3 wild found: " + free_spin_reel_counter[0]): null

2019-08-15 16:32:44 - [TEST_STEP][PASSED] - println("reel 4 wild found: " + free_spin_reel_counter[1]): null

2019-08-15 16:32:44 - [TEST_STEP][PASSED] - println("reel 5 wild found: " + free_spin_reel_counter[2]): null

2019-08-15 16:32:44 - [TEST_STEP][PASSED] - M4_spin_reels = M4_spin_reels: null

2019-08-15 16:32:44 - [TEST_STEP][PASSED] - M4_spin_reels_symbols = symbol: null

2019-08-15 16:32:44 - [TEST_STEP][PASSED] - M4_spin_reels_symbols = M4_spin_reels_symbols: null

2019-08-15 16:32:44 - [TEST_STEP][PASSED] - M4_spin_reel_wins = reel_wins: null

2019-08-15 16:32:44 - [TEST_STEP][PASSED] - M4_spin_reel_wins = M4_spin_reel_wins: null

2019-08-15 16:32:44 - [TEST_STEP][PASSED] - println("GlobalVariable.M4_spin_reel_wins is: " + M4_spin_reel_wins): null

2019-08-15 16:32:44 - [TEST_STEP][PASSED] - M4_spin_total_bonus_win_this_round = total_bonus_win_this_round: null

2019-08-15 16:32:44 - [TEST_STEP][PASSED] - M4_spin_total_bonus_win_this_round = M4_spin_total_bonus_win_this_round: null

2019-08-15 16:32:44 - [TEST_STEP][PASSED] - println("GlobalVariable.M4_spin_total_bonus_win_this_round is: " + M4_spin_total_bonus_win_this_round): null

2019-08-15 16:32:44 - [MESSAGE][PASSED] - Verify response successfully

2019-08-15 16:32:44 - [MESSAGE][PASSED] - Send request and verify the response successfully

2019-08-15 16:32:44 - [TEST_STEP][PASSED] - if (M4_total_bonus_spins_int != 0 &amp;&amp; M4_spin_reels_symbols[2].contains("WILD_Normal") || M4_spin_reels_symbols[3].contains("WILD_Normal") || M4_spin_reels_symbols[4].contains("WILD_Normal")): null

2019-08-15 16:32:44 - [TEST_STEP][PASSED] - free_spin_reel_counter = free_spin_reel_counter: null

2019-08-15 16:32:44 - [TEST_STEP][PASSED] - M4_spin_reels_symbols = M4_spin_reels_symbols: null

2019-08-15 16:32:44 - [TEST_STEP][PASSED] - M4_total_bonus_spins = M4_total_bonus_spins: null

2019-08-15 16:32:44 - [TEST_STEP][PASSED] - spin_result = sendRequestAndVerify(findTestObject("STG/RGS(M4)/1_M4_spin", ["M4_login_user_id":M4_login_user_id, "rgs_session_token":rgs_session_token, "partner":Partner])): Send request and verify the response successfully

2019-08-15 16:32:44 - [TEST_CASE][PASSED] - Start Test Case : Verification: Verification accomplished successfully

2019-08-15 16:32:44 - [TEST_STEP][PASSED] - request = getInstance().getCurrentRequest(): null

2019-08-15 16:32:44 - [TEST_STEP][PASSED] - response = getInstance().getCurrentResponse(): null

2019-08-15 16:32:44 - [TEST_STEP][PASSED] - verifyResponseStatusCode(response, 200): Verify response status code successfully

2019-08-15 16:32:44 - [MESSAGE][PASSED] - Verify response status code successfully

2019-08-15 16:32:44 - [TEST_STEP][PASSED] - getStatusCode()).isEqualTo(200): null

2019-08-15 16:32:44 - [TEST_STEP][PASSED] - newline = System.getProperty("line.separator"): null

2019-08-15 16:32:44 - [TEST_STEP][PASSED] - M4_spin = new groovy.json.JsonSlurper(): null

2019-08-15 16:32:44 - [TEST_STEP][PASSED] - result_M4_spin = M4_spin.parseText(response.getResponseBodyContent()): null

2019-08-15 16:32:44 - [TEST_STEP][PASSED] - M4_spin_current_balance = current_balance: null

2019-08-15 16:32:44 - [TEST_STEP][PASSED] - M4_spin_current_balance = M4_spin_current_balance: null

2019-08-15 16:32:44 - [TEST_STEP][PASSED] - M4_spin_transaction_id = causality: null

2019-08-15 16:32:44 - [TEST_STEP][PASSED] - M4_spin_transaction_id = M4_spin_transaction_id: null

2019-08-15 16:32:44 - [TEST_STEP][PASSED] - M4_spin_round_id = round_id: null

2019-08-15 16:32:44 - [TEST_STEP][PASSED] - M4_spin_round_id = M4_spin_round_id: null

2019-08-15 16:32:44 - [TEST_STEP][PASSED] - M4_spin_line_wins = line_wins: null

2019-08-15 16:32:44 - [TEST_STEP][PASSED] - M4_spin_line_wins = M4_spin_line_wins: null

2019-08-15 16:32:44 - [TEST_STEP][PASSED] - M4_total_bonus_spins_int = total_bonus_spins: null

2019-08-15 16:32:44 - [TEST_STEP][PASSED] - println("******M4_total_bonus_spins type is:*******" + newline + getClass().getName()): null

2019-08-15 16:32:44 - [TEST_STEP][PASSED] - M4_total_bonus_spins_int = M4_total_bonus_spins_int: null

2019-08-15 16:32:44 - [TEST_STEP][PASSED] - M4_total_bonus_spins = Integer.toString(M4_total_bonus_spins_int): null

2019-08-15 16:32:44 - [TEST_STEP][PASSED] - M4_total_bonus_spins = M4_total_bonus_spins: null

2019-08-15 16:32:44 - [TEST_STEP][PASSED] - println("M4_total_bonus_spins is:" + M4_total_bonus_spins): null

2019-08-15 16:32:44 - [TEST_STEP][PASSED] - M4_spin_bonus_data = bonus_data: null

2019-08-15 16:32:44 - [TEST_STEP][PASSED] - M4_spin_features_triggered = result_M4_spin: null

2019-08-15 16:32:44 - [TEST_STEP][PASSED] - wild = []: null

2019-08-15 16:32:44 - [TEST_STEP][PASSED] - wild[0] = "WILD_Expanding": null

2019-08-15 16:32:44 - [TEST_STEP][PASSED] - wild[1] = "WILD_Normal": null

2019-08-15 16:32:44 - [TEST_STEP][PASSED] - wild[2] = "WILD_Double": null

2019-08-15 16:32:44 - [TEST_STEP][PASSED] - wild[3] = "WILD_ExtraFG": null

2019-08-15 16:32:44 - [TEST_STEP][PASSED] - wild[4] = "WILD_Triple": null

2019-08-15 16:32:44 - [TEST_STEP][PASSED] - wildList = Arrays.asList(wild): null

2019-08-15 16:32:44 - [TEST_STEP][PASSED] - wildList = wildList: null

2019-08-15 16:32:44 - [TEST_STEP][PASSED] - free_spin_reel_counter = []: null

2019-08-15 16:32:44 - [TEST_STEP][PASSED] - free_spin_reel_counter[0] = 0: null

2019-08-15 16:32:44 - [TEST_STEP][PASSED] - free_spin_reel_counter[1] = 0: null

2019-08-15 16:32:44 - [TEST_STEP][PASSED] - free_spin_reel_counter[2] = 0: null

2019-08-15 16:32:44 - [TEST_STEP][PASSED] - M4_spin_reels = reels: null

2019-08-15 16:32:44 - [TEST_STEP][PASSED] - for ([i = 0, i &lt; M4_spin_reels.size(), (i++)]): null

2019-08-15 16:32:44 - [TEST_STEP][PASSED] - symbols = symbols: null

2019-08-15 16:32:44 - [TEST_STEP][PASSED] - for ([j = 0, j &lt; symbols.size(), (j++)]): null

2019-08-15 16:32:44 - [TEST_STEP][PASSED] - symbol = symbol: null

2019-08-15 16:32:44 - [TEST_STEP][PASSED] - println(symbol): null

2019-08-15 16:32:44 - [TEST_STEP][PASSED] - if (i == 2 &amp;&amp; wildList.indexOf(symbol) != -1): null

2019-08-15 16:32:44 - [TEST_STEP][PASSED] - if (i == 3 &amp;&amp; wildList.indexOf(symbol) != -1): null

2019-08-15 16:32:44 - [TEST_STEP][PASSED] - if (i == 4 &amp;&amp; wildList.indexOf(symbol) != -1): null

2019-08-15 16:32:44 - [TEST_STEP][PASSED] - symbol = symbol: null

2019-08-15 16:32:44 - [TEST_STEP][PASSED] - println(symbol): null

2019-08-15 16:32:44 - [TEST_STEP][PASSED] - if (i == 2 &amp;&amp; wildList.indexOf(symbol) != -1): null

2019-08-15 16:32:44 - [TEST_STEP][PASSED] - if (i == 3 &amp;&amp; wildList.indexOf(symbol) != -1): null

2019-08-15 16:32:44 - [TEST_STEP][PASSED] - if (i == 4 &amp;&amp; wildList.indexOf(symbol) != -1): null

2019-08-15 16:32:44 - [TEST_STEP][PASSED] - symbol = symbol: null

2019-08-15 16:32:44 - [TEST_STEP][PASSED] - println(symbol): null

2019-08-15 16:32:44 - [TEST_STEP][PASSED] - if (i == 2 &amp;&amp; wildList.indexOf(symbol) != -1): null

2019-08-15 16:32:44 - [TEST_STEP][PASSED] - if (i == 3 &amp;&amp; wildList.indexOf(symbol) != -1): null

2019-08-15 16:32:44 - [TEST_STEP][PASSED] - if (i == 4 &amp;&amp; wildList.indexOf(symbol) != -1): null

2019-08-15 16:32:44 - [TEST_STEP][PASSED] - symbols = symbols: null

2019-08-15 16:32:44 - [TEST_STEP][PASSED] - for ([j = 0, j &lt; symbols.size(), (j++)]): null

2019-08-15 16:32:44 - [TEST_STEP][PASSED] - symbol = symbol: null

2019-08-15 16:32:44 - [TEST_STEP][PASSED] - println(symbol): null

2019-08-15 16:32:44 - [TEST_STEP][PASSED] - if (i == 2 &amp;&amp; wildList.indexOf(symbol) != -1): null

2019-08-15 16:32:44 - [TEST_STEP][PASSED] - if (i == 3 &amp;&amp; wildList.indexOf(symbol) != -1): null

2019-08-15 16:32:44 - [TEST_STEP][PASSED] - if (i == 4 &amp;&amp; wildList.indexOf(symbol) != -1): null

2019-08-15 16:32:44 - [TEST_STEP][PASSED] - symbol = symbol: null

2019-08-15 16:32:44 - [TEST_STEP][PASSED] - println(symbol): null

2019-08-15 16:32:44 - [TEST_STEP][PASSED] - if (i == 2 &amp;&amp; wildList.indexOf(symbol) != -1): null

2019-08-15 16:32:44 - [TEST_STEP][PASSED] - if (i == 3 &amp;&amp; wildList.indexOf(symbol) != -1): null

2019-08-15 16:32:44 - [TEST_STEP][PASSED] - if (i == 4 &amp;&amp; wildList.indexOf(symbol) != -1): null

2019-08-15 16:32:44 - [TEST_STEP][PASSED] - symbol = symbol: null

2019-08-15 16:32:44 - [TEST_STEP][PASSED] - println(symbol): null

2019-08-15 16:32:44 - [TEST_STEP][PASSED] - if (i == 2 &amp;&amp; wildList.indexOf(symbol) != -1): null

2019-08-15 16:32:44 - [TEST_STEP][PASSED] - if (i == 3 &amp;&amp; wildList.indexOf(symbol) != -1): null

2019-08-15 16:32:44 - [TEST_STEP][PASSED] - if (i == 4 &amp;&amp; wildList.indexOf(symbol) != -1): null

2019-08-15 16:32:44 - [TEST_STEP][PASSED] - symbols = symbols: null

2019-08-15 16:32:44 - [TEST_STEP][PASSED] - for ([j = 0, j &lt; symbols.size(), (j++)]): null

2019-08-15 16:32:44 - [TEST_STEP][PASSED] - symbol = symbol: null

2019-08-15 16:32:44 - [TEST_STEP][PASSED] - println(symbol): null

2019-08-15 16:32:44 - [TEST_STEP][PASSED] - if (i == 2 &amp;&amp; wildList.indexOf(symbol) != -1): null

2019-08-15 16:32:44 - [TEST_STEP][PASSED] - if (i == 3 &amp;&amp; wildList.indexOf(symbol) != -1): null

2019-08-15 16:32:44 - [TEST_STEP][PASSED] - if (i == 4 &amp;&amp; wildList.indexOf(symbol) != -1): null

2019-08-15 16:32:44 - [TEST_STEP][PASSED] - symbol = symbol: null

2019-08-15 16:32:44 - [TEST_STEP][PASSED] - println(symbol): null

2019-08-15 16:32:44 - [TEST_STEP][PASSED] - if (i == 2 &amp;&amp; wildList.indexOf(symbol) != -1): null

2019-08-15 16:32:44 - [TEST_STEP][PASSED] - if (i == 3 &amp;&amp; wildList.indexOf(symbol) != -1): null

2019-08-15 16:32:44 - [TEST_STEP][PASSED] - if (i == 4 &amp;&amp; wildList.indexOf(symbol) != -1): null

2019-08-15 16:32:44 - [TEST_STEP][PASSED] - symbol = symbol: null

2019-08-15 16:32:44 - [TEST_STEP][PASSED] - println(symbol): null

2019-08-15 16:32:44 - [TEST_STEP][PASSED] - if (i == 2 &amp;&amp; wildList.indexOf(symbol) != -1): null

2019-08-15 16:32:44 - [TEST_STEP][PASSED] - if (i == 3 &amp;&amp; wildList.indexOf(symbol) != -1): null

2019-08-15 16:32:44 - [TEST_STEP][PASSED] - if (i == 4 &amp;&amp; wildList.indexOf(symbol) != -1): null

2019-08-15 16:32:44 - [TEST_STEP][PASSED] - symbols = symbols: null

2019-08-15 16:32:44 - [TEST_STEP][PASSED] - for ([j = 0, j &lt; symbols.size(), (j++)]): null

2019-08-15 16:32:44 - [TEST_STEP][PASSED] - symbol = symbol: null

2019-08-15 16:32:44 - [TEST_STEP][PASSED] - println(symbol): null

2019-08-15 16:32:44 - [TEST_STEP][PASSED] - if (i == 2 &amp;&amp; wildList.indexOf(symbol) != -1): null

2019-08-15 16:32:44 - [TEST_STEP][PASSED] - if (i == 3 &amp;&amp; wildList.indexOf(symbol) != -1): null

2019-08-15 16:32:44 - [TEST_STEP][PASSED] - if (i == 4 &amp;&amp; wildList.indexOf(symbol) != -1): null

2019-08-15 16:32:44 - [TEST_STEP][PASSED] - symbol = symbol: null

2019-08-15 16:32:44 - [TEST_STEP][PASSED] - println(symbol): null

2019-08-15 16:32:44 - [TEST_STEP][PASSED] - if (i == 2 &amp;&amp; wildList.indexOf(symbol) != -1): null

2019-08-15 16:32:44 - [TEST_STEP][PASSED] - if (i == 3 &amp;&amp; wildList.indexOf(symbol) != -1): null

2019-08-15 16:32:44 - [TEST_STEP][PASSED] - if (i == 4 &amp;&amp; wildList.indexOf(symbol) != -1): null

2019-08-15 16:32:44 - [TEST_STEP][PASSED] - symbol = symbol: null

2019-08-15 16:32:44 - [TEST_STEP][PASSED] - println(symbol): null

2019-08-15 16:32:44 - [TEST_STEP][PASSED] - if (i == 2 &amp;&amp; wildList.indexOf(symbol) != -1): null

2019-08-15 16:32:44 - [TEST_STEP][PASSED] - if (i == 3 &amp;&amp; wildList.indexOf(symbol) != -1): null

2019-08-15 16:32:44 - [TEST_STEP][PASSED] - if (i == 4 &amp;&amp; wildList.indexOf(symbol) != -1): null

2019-08-15 16:32:44 - [TEST_STEP][PASSED] - symbols = symbols: null

2019-08-15 16:32:44 - [TEST_STEP][PASSED] - for ([j = 0, j &lt; symbols.size(), (j++)]): null

2019-08-15 16:32:44 - [TEST_STEP][PASSED] - symbol = symbol: null

2019-08-15 16:32:44 - [TEST_STEP][PASSED] - println(symbol): null

2019-08-15 16:32:44 - [TEST_STEP][PASSED] - if (i == 2 &amp;&amp; wildList.indexOf(symbol) != -1): null

2019-08-15 16:32:44 - [TEST_STEP][PASSED] - if (i == 3 &amp;&amp; wildList.indexOf(symbol) != -1): null

2019-08-15 16:32:44 - [TEST_STEP][PASSED] - if (i == 4 &amp;&amp; wildList.indexOf(symbol) != -1): null

2019-08-15 16:32:44 - [TEST_STEP][PASSED] - symbol = symbol: null

2019-08-15 16:32:44 - [TEST_STEP][PASSED] - println(symbol): null

2019-08-15 16:32:44 - [TEST_STEP][PASSED] - if (i == 2 &amp;&amp; wildList.indexOf(symbol) != -1): null

2019-08-15 16:32:44 - [TEST_STEP][PASSED] - if (i == 3 &amp;&amp; wildList.indexOf(symbol) != -1): null

2019-08-15 16:32:44 - [TEST_STEP][PASSED] - if (i == 4 &amp;&amp; wildList.indexOf(symbol) != -1): null

2019-08-15 16:32:44 - [TEST_STEP][PASSED] - symbol = symbol: null

2019-08-15 16:32:44 - [TEST_STEP][PASSED] - println(symbol): null

2019-08-15 16:32:44 - [TEST_STEP][PASSED] - if (i == 2 &amp;&amp; wildList.indexOf(symbol) != -1): null

2019-08-15 16:32:44 - [TEST_STEP][PASSED] - if (i == 3 &amp;&amp; wildList.indexOf(symbol) != -1): null

2019-08-15 16:32:44 - [TEST_STEP][PASSED] - if (i == 4 &amp;&amp; wildList.indexOf(symbol) != -1): null

2019-08-15 16:32:44 - [TEST_STEP][PASSED] - free_spin_reel_counter = free_spin_reel_counter: null

2019-08-15 16:32:44 - [TEST_STEP][PASSED] - println("reel 3 wild found: " + free_spin_reel_counter[0]): null

2019-08-15 16:32:44 - [TEST_STEP][PASSED] - println("reel 4 wild found: " + free_spin_reel_counter[1]): null

2019-08-15 16:32:44 - [TEST_STEP][PASSED] - println("reel 5 wild found: " + free_spin_reel_counter[2]): null

2019-08-15 16:32:44 - [TEST_STEP][PASSED] - M4_spin_reels = M4_spin_reels: null

2019-08-15 16:32:44 - [TEST_STEP][PASSED] - M4_spin_reels_symbols = symbol: null

2019-08-15 16:32:44 - [TEST_STEP][PASSED] - M4_spin_reels_symbols = M4_spin_reels_symbols: null

2019-08-15 16:32:44 - [TEST_STEP][PASSED] - M4_spin_reel_wins = reel_wins: null

2019-08-15 16:32:44 - [TEST_STEP][PASSED] - M4_spin_reel_wins = M4_spin_reel_wins: null

2019-08-15 16:32:44 - [TEST_STEP][PASSED] - println("GlobalVariable.M4_spin_reel_wins is: " + M4_spin_reel_wins): null

2019-08-15 16:32:44 - [TEST_STEP][PASSED] - M4_spin_total_bonus_win_this_round = total_bonus_win_this_round: null

2019-08-15 16:32:44 - [TEST_STEP][PASSED] - M4_spin_total_bonus_win_this_round = M4_spin_total_bonus_win_this_round: null

2019-08-15 16:32:44 - [TEST_STEP][PASSED] - println("GlobalVariable.M4_spin_total_bonus_win_this_round is: " + M4_spin_total_bonus_win_this_round): null

2019-08-15 16:32:44 - [MESSAGE][PASSED] - Verify response successfully

2019-08-15 16:32:44 - [MESSAGE][PASSED] - Send request and verify the response successfully

2019-08-15 16:32:44 - [TEST_STEP][PASSED] - if (M4_total_bonus_spins_int != 0 &amp;&amp; M4_spin_reels_symbols[2].contains("WILD_Normal") || M4_spin_reels_symbols[3].contains("WILD_Normal") || M4_spin_reels_symbols[4].contains("WILD_Normal")): null

2019-08-15 16:32:44 - [TEST_STEP][PASSED] - free_spin_reel_counter = free_spin_reel_counter: null

2019-08-15 16:32:44 - [TEST_STEP][PASSED] - M4_spin_reels_symbols = M4_spin_reels_symbols: null

2019-08-15 16:32:44 - [TEST_STEP][PASSED] - M4_total_bonus_spins = M4_total_bonus_spins: null

2019-08-15 16:32:44 - [TEST_STEP][PASSED] - spin_result = sendRequestAndVerify(findTestObject("STG/RGS(M4)/1_M4_spin", ["M4_login_user_id":M4_login_user_id, "rgs_session_token":rgs_session_token, "partner":Partner])): Send request and verify the response successfully

2019-08-15 16:32:44 - [TEST_CASE][PASSED] - Start Test Case : Verification: Verification accomplished successfully

2019-08-15 16:32:44 - [TEST_STEP][PASSED] - request = getInstance().getCurrentRequest(): null

2019-08-15 16:32:44 - [TEST_STEP][PASSED] - response = getInstance().getCurrentResponse(): null

2019-08-15 16:32:44 - [TEST_STEP][PASSED] - verifyResponseStatusCode(response, 200): Verify response status code successfully

2019-08-15 16:32:44 - [MESSAGE][PASSED] - Verify response status code successfully

2019-08-15 16:32:44 - [TEST_STEP][PASSED] - getStatusCode()).isEqualTo(200): null

2019-08-15 16:32:44 - [TEST_STEP][PASSED] - newline = System.getProperty("line.separator"): null

2019-08-15 16:32:44 - [TEST_STEP][PASSED] - M4_spin = new groovy.json.JsonSlurper(): null

2019-08-15 16:32:44 - [TEST_STEP][PASSED] - result_M4_spin = M4_spin.parseText(response.getResponseBodyContent()): null

2019-08-15 16:32:44 - [TEST_STEP][PASSED] - M4_spin_current_balance = current_balance: null

2019-08-15 16:32:44 - [TEST_STEP][PASSED] - M4_spin_current_balance = M4_spin_current_balance: null

2019-08-15 16:32:44 - [TEST_STEP][PASSED] - M4_spin_transaction_id = causality: null

2019-08-15 16:32:44 - [TEST_STEP][PASSED] - M4_spin_transaction_id = M4_spin_transaction_id: null

2019-08-15 16:32:44 - [TEST_STEP][PASSED] - M4_spin_round_id = round_id: null

2019-08-15 16:32:44 - [TEST_STEP][PASSED] - M4_spin_round_id = M4_spin_round_id: null

2019-08-15 16:32:44 - [TEST_STEP][PASSED] - M4_spin_line_wins = line_wins: null

2019-08-15 16:32:44 - [TEST_STEP][PASSED] - M4_spin_line_wins = M4_spin_line_wins: null

2019-08-15 16:32:44 - [TEST_STEP][PASSED] - M4_total_bonus_spins_int = total_bonus_spins: null

2019-08-15 16:32:44 - [TEST_STEP][PASSED] - println("******M4_total_bonus_spins type is:*******" + newline + getClass().getName()): null

2019-08-15 16:32:44 - [TEST_STEP][PASSED] - M4_total_bonus_spins_int = M4_total_bonus_spins_int: null

2019-08-15 16:32:44 - [TEST_STEP][PASSED] - M4_total_bonus_spins = Integer.toString(M4_total_bonus_spins_int): null

2019-08-15 16:32:44 - [TEST_STEP][PASSED] - M4_total_bonus_spins = M4_total_bonus_spins: null

2019-08-15 16:32:44 - [TEST_STEP][PASSED] - println("M4_total_bonus_spins is:" + M4_total_bonus_spins): null

2019-08-15 16:32:44 - [TEST_STEP][PASSED] - M4_spin_bonus_data = bonus_data: null

2019-08-15 16:32:44 - [TEST_STEP][PASSED] - M4_spin_features_triggered = result_M4_spin: null

2019-08-15 16:32:44 - [TEST_STEP][PASSED] - wild = []: null

2019-08-15 16:32:44 - [TEST_STEP][PASSED] - wild[0] = "WILD_Expanding": null

2019-08-15 16:32:44 - [TEST_STEP][PASSED] - wild[1] = "WILD_Normal": null

2019-08-15 16:32:44 - [TEST_STEP][PASSED] - wild[2] = "WILD_Double": null

2019-08-15 16:32:44 - [TEST_STEP][PASSED] - wild[3] = "WILD_ExtraFG": null

2019-08-15 16:32:44 - [TEST_STEP][PASSED] - wild[4] = "WILD_Triple": null

2019-08-15 16:32:44 - [TEST_STEP][PASSED] - wildList = Arrays.asList(wild): null

2019-08-15 16:32:44 - [TEST_STEP][PASSED] - wildList = wildList: null

2019-08-15 16:32:44 - [TEST_STEP][PASSED] - free_spin_reel_counter = []: null

2019-08-15 16:32:44 - [TEST_STEP][PASSED] - free_spin_reel_counter[0] = 0: null

2019-08-15 16:32:44 - [TEST_STEP][PASSED] - free_spin_reel_counter[1] = 0: null

2019-08-15 16:32:44 - [TEST_STEP][PASSED] - free_spin_reel_counter[2] = 0: null

2019-08-15 16:32:44 - [TEST_STEP][PASSED] - M4_spin_reels = reels: null

2019-08-15 16:32:44 - [TEST_STEP][PASSED] - for ([i = 0, i &lt; M4_spin_reels.size(), (i++)]): null

2019-08-15 16:32:44 - [TEST_STEP][PASSED] - symbols = symbols: null

2019-08-15 16:32:44 - [TEST_STEP][PASSED] - for ([j = 0, j &lt; symbols.size(), (j++)]): null

2019-08-15 16:32:44 - [TEST_STEP][PASSED] - symbol = symbol: null

2019-08-15 16:32:44 - [TEST_STEP][PASSED] - println(symbol): null

2019-08-15 16:32:44 - [TEST_STEP][PASSED] - if (i == 2 &amp;&amp; wildList.indexOf(symbol) != -1): null

2019-08-15 16:32:44 - [TEST_STEP][PASSED] - if (i == 3 &amp;&amp; wildList.indexOf(symbol) != -1): null

2019-08-15 16:32:44 - [TEST_STEP][PASSED] - if (i == 4 &amp;&amp; wildList.indexOf(symbol) != -1): null

2019-08-15 16:32:44 - [TEST_STEP][PASSED] - symbol = symbol: null

2019-08-15 16:32:44 - [TEST_STEP][PASSED] - println(symbol): null

2019-08-15 16:32:44 - [TEST_STEP][PASSED] - if (i == 2 &amp;&amp; wildList.indexOf(symbol) != -1): null

2019-08-15 16:32:44 - [TEST_STEP][PASSED] - if (i == 3 &amp;&amp; wildList.indexOf(symbol) != -1): null

2019-08-15 16:32:44 - [TEST_STEP][PASSED] - if (i == 4 &amp;&amp; wildList.indexOf(symbol) != -1): null

2019-08-15 16:32:44 - [TEST_STEP][PASSED] - symbol = symbol: null

2019-08-15 16:32:44 - [TEST_STEP][PASSED] - println(symbol): null

2019-08-15 16:32:44 - [TEST_STEP][PASSED] - if (i == 2 &amp;&amp; wildList.indexOf(symbol) != -1): null

2019-08-15 16:32:44 - [TEST_STEP][PASSED] - if (i == 3 &amp;&amp; wildList.indexOf(symbol) != -1): null

2019-08-15 16:32:44 - [TEST_STEP][PASSED] - if (i == 4 &amp;&amp; wildList.indexOf(symbol) != -1): null

2019-08-15 16:32:44 - [TEST_STEP][PASSED] - symbols = symbols: null

2019-08-15 16:32:44 - [TEST_STEP][PASSED] - for ([j = 0, j &lt; symbols.size(), (j++)]): null

2019-08-15 16:32:44 - [TEST_STEP][PASSED] - symbol = symbol: null

2019-08-15 16:32:44 - [TEST_STEP][PASSED] - println(symbol): null

2019-08-15 16:32:44 - [TEST_STEP][PASSED] - if (i == 2 &amp;&amp; wildList.indexOf(symbol) != -1): null

2019-08-15 16:32:44 - [TEST_STEP][PASSED] - if (i == 3 &amp;&amp; wildList.indexOf(symbol) != -1): null

2019-08-15 16:32:44 - [TEST_STEP][PASSED] - if (i == 4 &amp;&amp; wildList.indexOf(symbol) != -1): null

2019-08-15 16:32:44 - [TEST_STEP][PASSED] - symbol = symbol: null

2019-08-15 16:32:44 - [TEST_STEP][PASSED] - println(symbol): null

2019-08-15 16:32:44 - [TEST_STEP][PASSED] - if (i == 2 &amp;&amp; wildList.indexOf(symbol) != -1): null

2019-08-15 16:32:44 - [TEST_STEP][PASSED] - if (i == 3 &amp;&amp; wildList.indexOf(symbol) != -1): null

2019-08-15 16:32:44 - [TEST_STEP][PASSED] - if (i == 4 &amp;&amp; wildList.indexOf(symbol) != -1): null

2019-08-15 16:32:44 - [TEST_STEP][PASSED] - symbol = symbol: null

2019-08-15 16:32:44 - [TEST_STEP][PASSED] - println(symbol): null

2019-08-15 16:32:44 - [TEST_STEP][PASSED] - if (i == 2 &amp;&amp; wildList.indexOf(symbol) != -1): null

2019-08-15 16:32:44 - [TEST_STEP][PASSED] - if (i == 3 &amp;&amp; wildList.indexOf(symbol) != -1): null

2019-08-15 16:32:44 - [TEST_STEP][PASSED] - if (i == 4 &amp;&amp; wildList.indexOf(symbol) != -1): null

2019-08-15 16:32:44 - [TEST_STEP][PASSED] - symbols = symbols: null

2019-08-15 16:32:44 - [TEST_STEP][PASSED] - for ([j = 0, j &lt; symbols.size(), (j++)]): null

2019-08-15 16:32:44 - [TEST_STEP][PASSED] - symbol = symbol: null

2019-08-15 16:32:44 - [TEST_STEP][PASSED] - println(symbol): null

2019-08-15 16:32:44 - [TEST_STEP][PASSED] - if (i == 2 &amp;&amp; wildList.indexOf(symbol) != -1): null

2019-08-15 16:32:44 - [TEST_STEP][PASSED] - if (i == 3 &amp;&amp; wildList.indexOf(symbol) != -1): null

2019-08-15 16:32:44 - [TEST_STEP][PASSED] - if (i == 4 &amp;&amp; wildList.indexOf(symbol) != -1): null

2019-08-15 16:32:44 - [TEST_STEP][PASSED] - symbol = symbol: null

2019-08-15 16:32:44 - [TEST_STEP][PASSED] - println(symbol): null

2019-08-15 16:32:44 - [TEST_STEP][PASSED] - if (i == 2 &amp;&amp; wildList.indexOf(symbol) != -1): null

2019-08-15 16:32:44 - [TEST_STEP][PASSED] - if (i == 3 &amp;&amp; wildList.indexOf(symbol) != -1): null

2019-08-15 16:32:44 - [TEST_STEP][PASSED] - if (i == 4 &amp;&amp; wildList.indexOf(symbol) != -1): null

2019-08-15 16:32:44 - [TEST_STEP][PASSED] - symbol = symbol: null

2019-08-15 16:32:44 - [TEST_STEP][PASSED] - println(symbol): null

2019-08-15 16:32:44 - [TEST_STEP][PASSED] - if (i == 2 &amp;&amp; wildList.indexOf(symbol) != -1): null

2019-08-15 16:32:44 - [TEST_STEP][PASSED] - if (i == 3 &amp;&amp; wildList.indexOf(symbol) != -1): null

2019-08-15 16:32:44 - [TEST_STEP][PASSED] - if (i == 4 &amp;&amp; wildList.indexOf(symbol) != -1): null

2019-08-15 16:32:44 - [TEST_STEP][PASSED] - symbols = symbols: null

2019-08-15 16:32:44 - [TEST_STEP][PASSED] - for ([j = 0, j &lt; symbols.size(), (j++)]): null

2019-08-15 16:32:44 - [TEST_STEP][PASSED] - symbol = symbol: null

2019-08-15 16:32:44 - [TEST_STEP][PASSED] - println(symbol): null

2019-08-15 16:32:44 - [TEST_STEP][PASSED] - if (i == 2 &amp;&amp; wildList.indexOf(symbol) != -1): null

2019-08-15 16:32:44 - [TEST_STEP][PASSED] - if (i == 3 &amp;&amp; wildList.indexOf(symbol) != -1): null

2019-08-15 16:32:44 - [TEST_STEP][PASSED] - if (i == 4 &amp;&amp; wildList.indexOf(symbol) != -1): null

2019-08-15 16:32:44 - [TEST_STEP][PASSED] - symbol = symbol: null

2019-08-15 16:32:44 - [TEST_STEP][PASSED] - println(symbol): null

2019-08-15 16:32:44 - [TEST_STEP][PASSED] - if (i == 2 &amp;&amp; wildList.indexOf(symbol) != -1): null

2019-08-15 16:32:44 - [TEST_STEP][PASSED] - if (i == 3 &amp;&amp; wildList.indexOf(symbol) != -1): null

2019-08-15 16:32:44 - [TEST_STEP][PASSED] - if (i == 4 &amp;&amp; wildList.indexOf(symbol) != -1): null

2019-08-15 16:32:44 - [TEST_STEP][PASSED] - symbol = symbol: null

2019-08-15 16:32:44 - [TEST_STEP][PASSED] - println(symbol): null

2019-08-15 16:32:44 - [TEST_STEP][PASSED] - if (i == 2 &amp;&amp; wildList.indexOf(symbol) != -1): null

2019-08-15 16:32:44 - [TEST_STEP][PASSED] - if (i == 3 &amp;&amp; wildList.indexOf(symbol) != -1): null

2019-08-15 16:32:44 - [TEST_STEP][PASSED] - if (i == 4 &amp;&amp; wildList.indexOf(symbol) != -1): null

2019-08-15 16:32:44 - [TEST_STEP][PASSED] - symbols = symbols: null

2019-08-15 16:32:44 - [TEST_STEP][PASSED] - for ([j = 0, j &lt; symbols.size(), (j++)]): null

2019-08-15 16:32:44 - [TEST_STEP][PASSED] - symbol = symbol: null

2019-08-15 16:32:44 - [TEST_STEP][PASSED] - println(symbol): null

2019-08-15 16:32:44 - [TEST_STEP][PASSED] - if (i == 2 &amp;&amp; wildList.indexOf(symbol) != -1): null

2019-08-15 16:32:44 - [TEST_STEP][PASSED] - if (i == 3 &amp;&amp; wildList.indexOf(symbol) != -1): null

2019-08-15 16:32:44 - [TEST_STEP][PASSED] - if (i == 4 &amp;&amp; wildList.indexOf(symbol) != -1): null

2019-08-15 16:32:44 - [TEST_STEP][PASSED] - symbol = symbol: null

2019-08-15 16:32:44 - [TEST_STEP][PASSED] - println(symbol): null

2019-08-15 16:32:44 - [TEST_STEP][PASSED] - if (i == 2 &amp;&amp; wildList.indexOf(symbol) != -1): null

2019-08-15 16:32:44 - [TEST_STEP][PASSED] - if (i == 3 &amp;&amp; wildList.indexOf(symbol) != -1): null

2019-08-15 16:32:44 - [TEST_STEP][PASSED] - if (i == 4 &amp;&amp; wildList.indexOf(symbol) != -1): null

2019-08-15 16:32:44 - [TEST_STEP][PASSED] - symbol = symbol: null

2019-08-15 16:32:44 - [TEST_STEP][PASSED] - println(symbol): null

2019-08-15 16:32:44 - [TEST_STEP][PASSED] - if (i == 2 &amp;&amp; wildList.indexOf(symbol) != -1): null

2019-08-15 16:32:44 - [TEST_STEP][PASSED] - if (i == 3 &amp;&amp; wildList.indexOf(symbol) != -1): null

2019-08-15 16:32:49 - [TEST_STEP][PASSED] - if (i == 4 &amp;&amp; wildList.indexOf(symbol) != -1): null

2019-08-15 16:32:49 - [TEST_STEP][PASSED] - free_spin_reel_counter = free_spin_reel_counter: null

2019-08-15 16:32:49 - [TEST_STEP][PASSED] - println("reel 3 wild found: " + free_spin_reel_counter[0]): null

2019-08-15 16:32:49 - [TEST_STEP][PASSED] - println("reel 4 wild found: " + free_spin_reel_counter[1]): null

2019-08-15 16:32:49 - [TEST_STEP][PASSED] - println("reel 5 wild found: " + free_spin_reel_counter[2]): null

2019-08-15 16:32:49 - [TEST_STEP][PASSED] - M4_spin_reels = M4_spin_reels: null

2019-08-15 16:32:49 - [TEST_STEP][PASSED] - M4_spin_reels_symbols = symbol: null

2019-08-15 16:32:49 - [TEST_STEP][PASSED] - M4_spin_reels_symbols = M4_spin_reels_symbols: null

2019-08-15 16:32:53 - [TEST_STEP][PASSED] - M4_spin_reel_wins = reel_wins: null

2019-08-15 16:32:53 - [TEST_STEP][PASSED] - M4_spin_reel_wins = M4_spin_reel_wins: null

2019-08-15 16:32:53 - [TEST_STEP][PASSED] - println("GlobalVariable.M4_spin_reel_wins is: " + M4_spin_reel_wins): null

2019-08-15 16:32:53 - [TEST_STEP][PASSED] - M4_spin_total_bonus_win_this_round = total_bonus_win_this_round: null

2019-08-15 16:32:53 - [TEST_STEP][PASSED] - M4_spin_total_bonus_win_this_round = M4_spin_total_bonus_win_this_round: null

2019-08-15 16:32:53 - [TEST_STEP][PASSED] - println("GlobalVariable.M4_spin_total_bonus_win_this_round is: " + M4_spin_total_bonus_win_this_round): null

2019-08-15 16:32:53 - [MESSAGE][PASSED] - Verify response successfully

2019-08-15 16:32:53 - [MESSAGE][PASSED] - Send request and verify the response successfully

2019-08-15 16:32:53 - [TEST_STEP][PASSED] - if (M4_total_bonus_spins_int != 0 &amp;&amp; M4_spin_reels_symbols[2].contains("WILD_Normal") || M4_spin_reels_symbols[3].contains("WILD_Normal") || M4_spin_reels_symbols[4].contains("WILD_Normal")): null

2019-08-15 16:32:53 - [TEST_STEP][PASSED] - free_spin_reel_counter = free_spin_reel_counter: null

2019-08-15 16:32:53 - [TEST_STEP][PASSED] - M4_spin_reels_symbols = M4_spin_reels_symbols: null

2019-08-15 16:32:53 - [TEST_STEP][PASSED] - M4_total_bonus_spins = M4_total_bonus_spins: null

2019-08-15 16:32:53 - [TEST_STEP][PASSED] - spin_result = sendRequestAndVerify(findTestObject("STG/RGS(M4)/1_M4_spin", ["M4_login_user_id":M4_login_user_id, "rgs_session_token":rgs_session_token, "partner":Partner])): Send request and verify the response successfully

2019-08-15 16:32:53 - [TEST_CASE][PASSED] - Start Test Case : Verification: Verification accomplished successfully

2019-08-15 16:32:53 - [TEST_STEP][PASSED] - request = getInstance().getCurrentRequest(): null

2019-08-15 16:32:53 - [TEST_STEP][PASSED] - response = getInstance().getCurrentResponse(): null

2019-08-15 16:32:53 - [TEST_STEP][PASSED] - verifyResponseStatusCode(response, 200): Verify response status code successfully

2019-08-15 16:32:53 - [MESSAGE][PASSED] - Verify response status code successfully

2019-08-15 16:32:53 - [TEST_STEP][PASSED] - getStatusCode()).isEqualTo(200): null

2019-08-15 16:32:53 - [TEST_STEP][PASSED] - newline = System.getProperty("line.separator"): null

2019-08-15 16:32:53 - [TEST_STEP][PASSED] - M4_spin = new groovy.json.JsonSlurper(): null

2019-08-15 16:32:53 - [TEST_STEP][PASSED] - result_M4_spin = M4_spin.parseText(response.getResponseBodyContent()): null

2019-08-15 16:32:53 - [TEST_STEP][PASSED] - M4_spin_current_balance = current_balance: null

2019-08-15 16:32:53 - [TEST_STEP][PASSED] - M4_spin_current_balance = M4_spin_current_balance: null

2019-08-15 16:32:53 - [TEST_STEP][PASSED] - M4_spin_transaction_id = causality: null

2019-08-15 16:32:53 - [TEST_STEP][PASSED] - M4_spin_transaction_id = M4_spin_transaction_id: null

2019-08-15 16:32:53 - [TEST_STEP][PASSED] - M4_spin_round_id = round_id: null

2019-08-15 16:32:53 - [TEST_STEP][PASSED] - M4_spin_round_id = M4_spin_round_id: null

2019-08-15 16:32:53 - [TEST_STEP][PASSED] - M4_spin_line_wins = line_wins: null

2019-08-15 16:32:53 - [TEST_STEP][PASSED] - M4_spin_line_wins = M4_spin_line_wins: null

2019-08-15 16:32:53 - [TEST_STEP][PASSED] - M4_total_bonus_spins_int = total_bonus_spins: null

2019-08-15 16:32:53 - [TEST_STEP][PASSED] - println("******M4_total_bonus_spins type is:*******" + newline + getClass().getName()): null

2019-08-15 16:32:53 - [TEST_STEP][PASSED] - M4_total_bonus_spins_int = M4_total_bonus_spins_int: null

2019-08-15 16:32:53 - [TEST_STEP][PASSED] - M4_total_bonus_spins = Integer.toString(M4_total_bonus_spins_int): null

2019-08-15 16:32:53 - [TEST_STEP][PASSED] - M4_total_bonus_spins = M4_total_bonus_spins: null

2019-08-15 16:32:53 - [TEST_STEP][PASSED] - println("M4_total_bonus_spins is:" + M4_total_bonus_spins): null

2019-08-15 16:32:53 - [TEST_STEP][PASSED] - M4_spin_bonus_data = bonus_data: null

2019-08-15 16:32:53 - [TEST_STEP][PASSED] - M4_spin_features_triggered = result_M4_spin: null

2019-08-15 16:32:53 - [TEST_STEP][PASSED] - wild = []: null

2019-08-15 16:32:53 - [TEST_STEP][PASSED] - wild[0] = "WILD_Expanding": null

2019-08-15 16:32:53 - [TEST_STEP][PASSED] - wild[1] = "WILD_Normal": null

2019-08-15 16:32:53 - [TEST_STEP][PASSED] - wild[2] = "WILD_Double": null

2019-08-15 16:32:53 - [TEST_STEP][PASSED] - wild[3] = "WILD_ExtraFG": null

2019-08-15 16:32:53 - [TEST_STEP][PASSED] - wild[4] = "WILD_Triple": null

2019-08-15 16:32:53 - [TEST_STEP][PASSED] - wildList = Arrays.asList(wild): null

2019-08-15 16:32:53 - [TEST_STEP][PASSED] - wildList = wildList: null

2019-08-15 16:32:53 - [TEST_STEP][PASSED] - free_spin_reel_counter = []: null

2019-08-15 16:32:53 - [TEST_STEP][PASSED] - free_spin_reel_counter[0] = 0: null

2019-08-15 16:32:53 - [TEST_STEP][PASSED] - free_spin_reel_counter[1] = 0: null

2019-08-15 16:32:53 - [TEST_STEP][PASSED] - free_spin_reel_counter[2] = 0: null

2019-08-15 16:32:53 - [TEST_STEP][PASSED] - M4_spin_reels = reels: null

2019-08-15 16:32:53 - [TEST_STEP][PASSED] - for ([i = 0, i &lt; M4_spin_reels.size(), (i++)]): null

2019-08-15 16:32:53 - [TEST_STEP][PASSED] - symbols = symbols: null

2019-08-15 16:32:53 - [TEST_STEP][PASSED] - for ([j = 0, j &lt; symbols.size(), (j++)]): null

2019-08-15 16:32:53 - [TEST_STEP][PASSED] - symbol = symbol: null

2019-08-15 16:32:53 - [TEST_STEP][PASSED] - println(symbol): null

2019-08-15 16:32:53 - [TEST_STEP][PASSED] - if (i == 2 &amp;&amp; wildList.indexOf(symbol) != -1): null

2019-08-15 16:32:53 - [TEST_STEP][PASSED] - if (i == 3 &amp;&amp; wildList.indexOf(symbol) != -1): null

2019-08-15 16:32:53 - [TEST_STEP][PASSED] - if (i == 4 &amp;&amp; wildList.indexOf(symbol) != -1): null

2019-08-15 16:32:53 - [TEST_STEP][PASSED] - symbol = symbol: null

2019-08-15 16:32:53 - [TEST_STEP][PASSED] - println(symbol): null

2019-08-15 16:32:53 - [TEST_STEP][PASSED] - if (i == 2 &amp;&amp; wildList.indexOf(symbol) != -1): null

2019-08-15 16:32:53 - [TEST_STEP][PASSED] - if (i == 3 &amp;&amp; wildList.indexOf(symbol) != -1): null

2019-08-15 16:32:53 - [TEST_STEP][PASSED] - if (i == 4 &amp;&amp; wildList.indexOf(symbol) != -1): null

2019-08-15 16:32:53 - [TEST_STEP][PASSED] - symbol = symbol: null

2019-08-15 16:32:53 - [TEST_STEP][PASSED] - println(symbol): null

2019-08-15 16:32:53 - [TEST_STEP][PASSED] - if (i == 2 &amp;&amp; wildList.indexOf(symbol) != -1): null

2019-08-15 16:32:53 - [TEST_STEP][PASSED] - if (i == 3 &amp;&amp; wildList.indexOf(symbol) != -1): null

2019-08-15 16:32:53 - [TEST_STEP][PASSED] - if (i == 4 &amp;&amp; wildList.indexOf(symbol) != -1): null

2019-08-15 16:32:53 - [TEST_STEP][PASSED] - symbols = symbols: null

2019-08-15 16:32:53 - [TEST_STEP][PASSED] - for ([j = 0, j &lt; symbols.size(), (j++)]): null

2019-08-15 16:32:53 - [TEST_STEP][PASSED] - symbol = symbol: null

2019-08-15 16:32:53 - [TEST_STEP][PASSED] - println(symbol): null

2019-08-15 16:32:53 - [TEST_STEP][PASSED] - if (i == 2 &amp;&amp; wildList.indexOf(symbol) != -1): null

2019-08-15 16:32:53 - [TEST_STEP][PASSED] - if (i == 3 &amp;&amp; wildList.indexOf(symbol) != -1): null

2019-08-15 16:32:53 - [TEST_STEP][PASSED] - if (i == 4 &amp;&amp; wildList.indexOf(symbol) != -1): null

2019-08-15 16:32:53 - [TEST_STEP][PASSED] - symbol = symbol: null

2019-08-15 16:32:53 - [TEST_STEP][PASSED] - println(symbol): null

2019-08-15 16:32:53 - [TEST_STEP][PASSED] - if (i == 2 &amp;&amp; wildList.indexOf(symbol) != -1): null

2019-08-15 16:32:53 - [TEST_STEP][PASSED] - if (i == 3 &amp;&amp; wildList.indexOf(symbol) != -1): null

2019-08-15 16:32:53 - [TEST_STEP][PASSED] - if (i == 4 &amp;&amp; wildList.indexOf(symbol) != -1): null

2019-08-15 16:32:53 - [TEST_STEP][PASSED] - symbol = symbol: null

2019-08-15 16:32:53 - [TEST_STEP][PASSED] - println(symbol): null

2019-08-15 16:32:53 - [TEST_STEP][PASSED] - if (i == 2 &amp;&amp; wildList.indexOf(symbol) != -1): null

2019-08-15 16:32:53 - [TEST_STEP][PASSED] - if (i == 3 &amp;&amp; wildList.indexOf(symbol) != -1): null

2019-08-15 16:32:53 - [TEST_STEP][PASSED] - if (i == 4 &amp;&amp; wildList.indexOf(symbol) != -1): null

2019-08-15 16:32:53 - [TEST_STEP][PASSED] - symbols = symbols: null

2019-08-15 16:32:53 - [TEST_STEP][PASSED] - for ([j = 0, j &lt; symbols.size(), (j++)]): null

2019-08-15 16:32:53 - [TEST_STEP][PASSED] - symbol = symbol: null

2019-08-15 16:32:53 - [TEST_STEP][PASSED] - println(symbol): null

2019-08-15 16:32:53 - [TEST_STEP][PASSED] - if (i == 2 &amp;&amp; wildList.indexOf(symbol) != -1): null

2019-08-15 16:32:53 - [TEST_STEP][PASSED] - if (i == 3 &amp;&amp; wildList.indexOf(symbol) != -1): null

2019-08-15 16:32:53 - [TEST_STEP][PASSED] - if (i == 4 &amp;&amp; wildList.indexOf(symbol) != -1): null

2019-08-15 16:32:53 - [TEST_STEP][PASSED] - symbol = symbol: null

2019-08-15 16:32:53 - [TEST_STEP][PASSED] - println(symbol): null

2019-08-15 16:32:53 - [TEST_STEP][PASSED] - if (i == 2 &amp;&amp; wildList.indexOf(symbol) != -1): null

2019-08-15 16:32:53 - [TEST_STEP][PASSED] - if (i == 3 &amp;&amp; wildList.indexOf(symbol) != -1): null

2019-08-15 16:32:53 - [TEST_STEP][PASSED] - if (i == 4 &amp;&amp; wildList.indexOf(symbol) != -1): null

2019-08-15 16:32:53 - [TEST_STEP][PASSED] - symbol = symbol: null

2019-08-15 16:32:53 - [TEST_STEP][PASSED] - println(symbol): null

2019-08-15 16:32:53 - [TEST_STEP][PASSED] - if (i == 2 &amp;&amp; wildList.indexOf(symbol) != -1): null

2019-08-15 16:32:53 - [TEST_STEP][PASSED] - if (i == 3 &amp;&amp; wildList.indexOf(symbol) != -1): null

2019-08-15 16:32:53 - [TEST_STEP][PASSED] - if (i == 4 &amp;&amp; wildList.indexOf(symbol) != -1): null

2019-08-15 16:32:53 - [TEST_STEP][PASSED] - symbols = symbols: null

2019-08-15 16:32:53 - [TEST_STEP][PASSED] - for ([j = 0, j &lt; symbols.size(), (j++)]): null

2019-08-15 16:32:53 - [TEST_STEP][PASSED] - symbol = symbol: null

2019-08-15 16:32:53 - [TEST_STEP][PASSED] - println(symbol): null

2019-08-15 16:32:53 - [TEST_STEP][PASSED] - if (i == 2 &amp;&amp; wildList.indexOf(symbol) != -1): null

2019-08-15 16:32:53 - [TEST_STEP][PASSED] - if (i == 3 &amp;&amp; wildList.indexOf(symbol) != -1): null

2019-08-15 16:32:53 - [TEST_STEP][PASSED] - if (i == 4 &amp;&amp; wildList.indexOf(symbol) != -1): null

2019-08-15 16:32:53 - [TEST_STEP][PASSED] - symbol = symbol: null

2019-08-15 16:32:53 - [TEST_STEP][PASSED] - println(symbol): null

2019-08-15 16:32:53 - [TEST_STEP][PASSED] - if (i == 2 &amp;&amp; wildList.indexOf(symbol) != -1): null

2019-08-15 16:32:53 - [TEST_STEP][PASSED] - if (i == 3 &amp;&amp; wildList.indexOf(symbol) != -1): null

2019-08-15 16:32:53 - [TEST_STEP][PASSED] - if (i == 4 &amp;&amp; wildList.indexOf(symbol) != -1): null

2019-08-15 16:32:53 - [TEST_STEP][PASSED] - symbol = symbol: null

2019-08-15 16:32:53 - [TEST_STEP][PASSED] - println(symbol): null

2019-08-15 16:32:53 - [TEST_STEP][PASSED] - if (i == 2 &amp;&amp; wildList.indexOf(symbol) != -1): null

2019-08-15 16:32:53 - [TEST_STEP][PASSED] - if (i == 3 &amp;&amp; wildList.indexOf(symbol) != -1): null

2019-08-15 16:32:53 - [TEST_STEP][PASSED] - if (i == 4 &amp;&amp; wildList.indexOf(symbol) != -1): null

2019-08-15 16:32:53 - [TEST_STEP][PASSED] - symbols = symbols: null

2019-08-15 16:32:53 - [TEST_STEP][PASSED] - for ([j = 0, j &lt; symbols.size(), (j++)]): null

2019-08-15 16:32:53 - [TEST_STEP][PASSED] - symbol = symbol: null

2019-08-15 16:32:53 - [TEST_STEP][PASSED] - println(symbol): null

2019-08-15 16:32:53 - [TEST_STEP][PASSED] - if (i == 2 &amp;&amp; wildList.indexOf(symbol) != -1): null

2019-08-15 16:32:53 - [TEST_STEP][PASSED] - if (i == 3 &amp;&amp; wildList.indexOf(symbol) != -1): null

2019-08-15 16:32:53 - [TEST_STEP][PASSED] - if (i == 4 &amp;&amp; wildList.indexOf(symbol) != -1): null

2019-08-15 16:32:53 - [TEST_STEP][PASSED] - symbol = symbol: null

2019-08-15 16:32:53 - [TEST_STEP][PASSED] - println(symbol): null

2019-08-15 16:32:53 - [TEST_STEP][PASSED] - if (i == 2 &amp;&amp; wildList.indexOf(symbol) != -1): null

2019-08-15 16:32:53 - [TEST_STEP][PASSED] - if (i == 3 &amp;&amp; wildList.indexOf(symbol) != -1): null

2019-08-15 16:32:53 - [TEST_STEP][PASSED] - if (i == 4 &amp;&amp; wildList.indexOf(symbol) != -1): null

2019-08-15 16:32:53 - [TEST_STEP][PASSED] - symbol = symbol: null

2019-08-15 16:32:53 - [TEST_STEP][PASSED] - println(symbol): null

2019-08-15 16:32:53 - [TEST_STEP][PASSED] - if (i == 2 &amp;&amp; wildList.indexOf(symbol) != -1): null

2019-08-15 16:32:53 - [TEST_STEP][PASSED] - if (i == 3 &amp;&amp; wildList.indexOf(symbol) != -1): null

2019-08-15 16:32:53 - [TEST_STEP][PASSED] - if (i == 4 &amp;&amp; wildList.indexOf(symbol) != -1): null

2019-08-15 16:32:53 - [TEST_STEP][PASSED] - free_spin_reel_counter = free_spin_reel_counter: null

2019-08-15 16:32:53 - [TEST_STEP][PASSED] - println("reel 3 wild found: " + free_spin_reel_counter[0]): null

2019-08-15 16:32:53 - [TEST_STEP][PASSED] - println("reel 4 wild found: " + free_spin_reel_counter[1]): null

2019-08-15 16:32:53 - [TEST_STEP][PASSED] - println("reel 5 wild found: " + free_spin_reel_counter[2]): null

2019-08-15 16:32:53 - [TEST_STEP][PASSED] - M4_spin_reels = M4_spin_reels: null

2019-08-15 16:32:53 - [TEST_STEP][PASSED] - M4_spin_reels_symbols = symbol: null

2019-08-15 16:32:53 - [TEST_STEP][PASSED] - M4_spin_reels_symbols = M4_spin_reels_symbols: null

2019-08-15 16:32:53 - [TEST_STEP][PASSED] - M4_spin_reel_wins = reel_wins: null

2019-08-15 16:32:53 - [TEST_STEP][PASSED] - M4_spin_reel_wins = M4_spin_reel_wins: null

2019-08-15 16:32:53 - [TEST_STEP][PASSED] - println("GlobalVariable.M4_spin_reel_wins is: " + M4_spin_reel_wins): null

2019-08-15 16:32:53 - [TEST_STEP][PASSED] - M4_spin_total_bonus_win_this_round = total_bonus_win_this_round: null

2019-08-15 16:32:53 - [TEST_STEP][PASSED] - M4_spin_total_bonus_win_this_round = M4_spin_total_bonus_win_this_round: null

2019-08-15 16:32:53 - [TEST_STEP][PASSED] - println("GlobalVariable.M4_spin_total_bonus_win_this_round is: " + M4_spin_total_bonus_win_this_round): null

2019-08-15 16:32:53 - [MESSAGE][PASSED] - Verify response successfully

2019-08-15 16:32:53 - [MESSAGE][PASSED] - Send request and verify the response successfully

2019-08-15 16:32:53 - [TEST_STEP][PASSED] - if (M4_total_bonus_spins_int != 0 &amp;&amp; M4_spin_reels_symbols[2].contains("WILD_Normal") || M4_spin_reels_symbols[3].contains("WILD_Normal") || M4_spin_reels_symbols[4].contains("WILD_Normal")): null

2019-08-15 16:32:53 - [TEST_STEP][PASSED] - free_spin_reel_counter = free_spin_reel_counter: null

2019-08-15 16:32:53 - [TEST_STEP][PASSED] - M4_spin_reels_symbols = M4_spin_reels_symbols: null

2019-08-15 16:32:53 - [TEST_STEP][PASSED] - M4_total_bonus_spins = M4_total_bonus_spins: null

2019-08-15 16:32:53 - [TEST_STEP][PASSED] - spin_result = sendRequestAndVerify(findTestObject("STG/RGS(M4)/1_M4_spin", ["M4_login_user_id":M4_login_user_id, "rgs_session_token":rgs_session_token, "partner":Partner])): Send request and verify the response successfully

2019-08-15 16:32:54 - [TEST_CASE][PASSED] - Start Test Case : Verification: Verification accomplished successfully

2019-08-15 16:32:54 - [TEST_STEP][PASSED] - request = getInstance().getCurrentRequest(): null

2019-08-15 16:32:54 - [TEST_STEP][PASSED] - response = getInstance().getCurrentResponse(): null

2019-08-15 16:32:54 - [TEST_STEP][PASSED] - verifyResponseStatusCode(response, 200): Verify response status code successfully

2019-08-15 16:32:54 - [MESSAGE][PASSED] - Verify response status code successfully

2019-08-15 16:32:54 - [TEST_STEP][PASSED] - getStatusCode()).isEqualTo(200): null

2019-08-15 16:32:54 - [TEST_STEP][PASSED] - newline = System.getProperty("line.separator"): null

2019-08-15 16:32:54 - [TEST_STEP][PASSED] - M4_spin = new groovy.json.JsonSlurper(): null

2019-08-15 16:32:54 - [TEST_STEP][PASSED] - result_M4_spin = M4_spin.parseText(response.getResponseBodyContent()): null

2019-08-15 16:32:54 - [TEST_STEP][PASSED] - M4_spin_current_balance = current_balance: null

2019-08-15 16:32:54 - [TEST_STEP][PASSED] - M4_spin_current_balance = M4_spin_current_balance: null

2019-08-15 16:32:54 - [TEST_STEP][PASSED] - M4_spin_transaction_id = causality: null

2019-08-15 16:32:54 - [TEST_STEP][PASSED] - M4_spin_transaction_id = M4_spin_transaction_id: null

2019-08-15 16:32:54 - [TEST_STEP][PASSED] - M4_spin_round_id = round_id: null

2019-08-15 16:32:54 - [TEST_STEP][PASSED] - M4_spin_round_id = M4_spin_round_id: null

2019-08-15 16:32:54 - [TEST_STEP][PASSED] - M4_spin_line_wins = line_wins: null

2019-08-15 16:32:54 - [TEST_STEP][PASSED] - M4_spin_line_wins = M4_spin_line_wins: null

2019-08-15 16:32:54 - [TEST_STEP][PASSED] - M4_total_bonus_spins_int = total_bonus_spins: null

2019-08-15 16:32:54 - [TEST_STEP][PASSED] - println("******M4_total_bonus_spins type is:*******" + newline + getClass().getName()): null

2019-08-15 16:32:54 - [TEST_STEP][PASSED] - M4_total_bonus_spins_int = M4_total_bonus_spins_int: null

2019-08-15 16:32:54 - [TEST_STEP][PASSED] - M4_total_bonus_spins = Integer.toString(M4_total_bonus_spins_int): null

2019-08-15 16:32:54 - [TEST_STEP][PASSED] - M4_total_bonus_spins = M4_total_bonus_spins: null

2019-08-15 16:32:54 - [TEST_STEP][PASSED] - println("M4_total_bonus_spins is:" + M4_total_bonus_spins): null

2019-08-15 16:32:54 - [TEST_STEP][PASSED] - M4_spin_bonus_data = bonus_data: null

2019-08-15 16:32:54 - [TEST_STEP][PASSED] - M4_spin_features_triggered = result_M4_spin: null

2019-08-15 16:32:54 - [TEST_STEP][PASSED] - wild = []: null

2019-08-15 16:32:54 - [TEST_STEP][PASSED] - wild[0] = "WILD_Expanding": null

2019-08-15 16:32:54 - [TEST_STEP][PASSED] - wild[1] = "WILD_Normal": null

2019-08-15 16:32:54 - [TEST_STEP][PASSED] - wild[2] = "WILD_Double": null

2019-08-15 16:32:54 - [TEST_STEP][PASSED] - wild[3] = "WILD_ExtraFG": null

2019-08-15 16:32:54 - [TEST_STEP][PASSED] - wild[4] = "WILD_Triple": null

2019-08-15 16:32:54 - [TEST_STEP][PASSED] - wildList = Arrays.asList(wild): null

2019-08-15 16:32:54 - [TEST_STEP][PASSED] - wildList = wildList: null

2019-08-15 16:32:54 - [TEST_STEP][PASSED] - free_spin_reel_counter = []: null

2019-08-15 16:32:54 - [TEST_STEP][PASSED] - free_spin_reel_counter[0] = 0: null

2019-08-15 16:32:54 - [TEST_STEP][PASSED] - free_spin_reel_counter[1] = 0: null

2019-08-15 16:32:54 - [TEST_STEP][PASSED] - free_spin_reel_counter[2] = 0: null

2019-08-15 16:32:54 - [TEST_STEP][PASSED] - M4_spin_reels = reels: null

2019-08-15 16:32:54 - [TEST_STEP][PASSED] - for ([i = 0, i &lt; M4_spin_reels.size(), (i++)]): null

2019-08-15 16:32:54 - [TEST_STEP][PASSED] - symbols = symbols: null

2019-08-15 16:32:54 - [TEST_STEP][PASSED] - for ([j = 0, j &lt; symbols.size(), (j++)]): null

2019-08-15 16:32:54 - [TEST_STEP][PASSED] - symbol = symbol: null

2019-08-15 16:32:54 - [TEST_STEP][PASSED] - println(symbol): null

2019-08-15 16:32:54 - [TEST_STEP][PASSED] - if (i == 2 &amp;&amp; wildList.indexOf(symbol) != -1): null

2019-08-15 16:32:54 - [TEST_STEP][PASSED] - if (i == 3 &amp;&amp; wildList.indexOf(symbol) != -1): null

2019-08-15 16:32:54 - [TEST_STEP][PASSED] - if (i == 4 &amp;&amp; wildList.indexOf(symbol) != -1): null

2019-08-15 16:32:54 - [TEST_STEP][PASSED] - symbol = symbol: null

2019-08-15 16:32:54 - [TEST_STEP][PASSED] - println(symbol): null

2019-08-15 16:32:54 - [TEST_STEP][PASSED] - if (i == 2 &amp;&amp; wildList.indexOf(symbol) != -1): null

2019-08-15 16:32:54 - [TEST_STEP][PASSED] - if (i == 3 &amp;&amp; wildList.indexOf(symbol) != -1): null

2019-08-15 16:32:54 - [TEST_STEP][PASSED] - if (i == 4 &amp;&amp; wildList.indexOf(symbol) != -1): null

2019-08-15 16:32:54 - [TEST_STEP][PASSED] - symbol = symbol: null

2019-08-15 16:32:54 - [TEST_STEP][PASSED] - println(symbol): null

2019-08-15 16:32:54 - [TEST_STEP][PASSED] - if (i == 2 &amp;&amp; wildList.indexOf(symbol) != -1): null

2019-08-15 16:32:54 - [TEST_STEP][PASSED] - if (i == 3 &amp;&amp; wildList.indexOf(symbol) != -1): null

2019-08-15 16:32:54 - [TEST_STEP][PASSED] - if (i == 4 &amp;&amp; wildList.indexOf(symbol) != -1): null

2019-08-15 16:32:54 - [TEST_STEP][PASSED] - symbols = symbols: null

2019-08-15 16:32:54 - [TEST_STEP][PASSED] - for ([j = 0, j &lt; symbols.size(), (j++)]): null

2019-08-15 16:32:54 - [TEST_STEP][PASSED] - symbol = symbol: null

2019-08-15 16:32:54 - [TEST_STEP][PASSED] - println(symbol): null

2019-08-15 16:32:54 - [TEST_STEP][PASSED] - if (i == 2 &amp;&amp; wildList.indexOf(symbol) != -1): null

2019-08-15 16:32:54 - [TEST_STEP][PASSED] - if (i == 3 &amp;&amp; wildList.indexOf(symbol) != -1): null

2019-08-15 16:32:54 - [TEST_STEP][PASSED] - if (i == 4 &amp;&amp; wildList.indexOf(symbol) != -1): null

2019-08-15 16:32:54 - [TEST_STEP][PASSED] - symbol = symbol: null

2019-08-15 16:32:54 - [TEST_STEP][PASSED] - println(symbol): null

2019-08-15 16:32:54 - [TEST_STEP][PASSED] - if (i == 2 &amp;&amp; wildList.indexOf(symbol) != -1): null

2019-08-15 16:32:54 - [TEST_STEP][PASSED] - if (i == 3 &amp;&amp; wildList.indexOf(symbol) != -1): null

2019-08-15 16:32:54 - [TEST_STEP][PASSED] - if (i == 4 &amp;&amp; wildList.indexOf(symbol) != -1): null

2019-08-15 16:32:54 - [TEST_STEP][PASSED] - symbol = symbol: null

2019-08-15 16:32:54 - [TEST_STEP][PASSED] - println(symbol): null

2019-08-15 16:32:54 - [TEST_STEP][PASSED] - if (i == 2 &amp;&amp; wildList.indexOf(symbol) != -1): null

2019-08-15 16:32:54 - [TEST_STEP][PASSED] - if (i == 3 &amp;&amp; wildList.indexOf(symbol) != -1): null

2019-08-15 16:32:54 - [TEST_STEP][PASSED] - if (i == 4 &amp;&amp; wildList.indexOf(symbol) != -1): null

2019-08-15 16:32:54 - [TEST_STEP][PASSED] - symbols = symbols: null

2019-08-15 16:32:54 - [TEST_STEP][PASSED] - for ([j = 0, j &lt; symbols.size(), (j++)]): null

2019-08-15 16:32:54 - [TEST_STEP][PASSED] - symbol = symbol: null

2019-08-15 16:32:54 - [TEST_STEP][PASSED] - println(symbol): null

2019-08-15 16:32:54 - [TEST_STEP][PASSED] - if (i == 2 &amp;&amp; wildList.indexOf(symbol) != -1): null

2019-08-15 16:32:54 - [TEST_STEP][PASSED] - if (i == 3 &amp;&amp; wildList.indexOf(symbol) != -1): null

2019-08-15 16:32:54 - [TEST_STEP][PASSED] - if (i == 4 &amp;&amp; wildList.indexOf(symbol) != -1): null

2019-08-15 16:32:54 - [TEST_STEP][PASSED] - symbol = symbol: null

2019-08-15 16:32:54 - [TEST_STEP][PASSED] - println(symbol): null

2019-08-15 16:32:54 - [TEST_STEP][PASSED] - if (i == 2 &amp;&amp; wildList.indexOf(symbol) != -1): null

2019-08-15 16:32:54 - [TEST_STEP][PASSED] - if (i == 3 &amp;&amp; wildList.indexOf(symbol) != -1): null

2019-08-15 16:32:54 - [TEST_STEP][PASSED] - if (i == 4 &amp;&amp; wildList.indexOf(symbol) != -1): null

2019-08-15 16:32:54 - [TEST_STEP][PASSED] - symbol = symbol: null

2019-08-15 16:32:54 - [TEST_STEP][PASSED] - println(symbol): null

2019-08-15 16:32:54 - [TEST_STEP][PASSED] - if (i == 2 &amp;&amp; wildList.indexOf(symbol) != -1): null

2019-08-15 16:32:54 - [TEST_STEP][PASSED] - if (i == 3 &amp;&amp; wildList.indexOf(symbol) != -1): null

2019-08-15 16:32:54 - [TEST_STEP][PASSED] - if (i == 4 &amp;&amp; wildList.indexOf(symbol) != -1): null

2019-08-15 16:32:54 - [TEST_STEP][PASSED] - symbols = symbols: null

2019-08-15 16:32:54 - [TEST_STEP][PASSED] - for ([j = 0, j &lt; symbols.size(), (j++)]): null

2019-08-15 16:32:54 - [TEST_STEP][PASSED] - symbol = symbol: null

2019-08-15 16:32:54 - [TEST_STEP][PASSED] - println(symbol): null

2019-08-15 16:32:54 - [TEST_STEP][PASSED] - if (i == 2 &amp;&amp; wildList.indexOf(symbol) != -1): null

2019-08-15 16:32:54 - [TEST_STEP][PASSED] - if (i == 3 &amp;&amp; wildList.indexOf(symbol) != -1): null

2019-08-15 16:32:54 - [TEST_STEP][PASSED] - if (i == 4 &amp;&amp; wildList.indexOf(symbol) != -1): null

2019-08-15 16:32:54 - [TEST_STEP][PASSED] - symbol = symbol: null

2019-08-15 16:32:54 - [TEST_STEP][PASSED] - println(symbol): null

2019-08-15 16:32:54 - [TEST_STEP][PASSED] - if (i == 2 &amp;&amp; wildList.indexOf(symbol) != -1): null

2019-08-15 16:32:54 - [TEST_STEP][PASSED] - if (i == 3 &amp;&amp; wildList.indexOf(symbol) != -1): null

2019-08-15 16:32:54 - [TEST_STEP][PASSED] - if (i == 4 &amp;&amp; wildList.indexOf(symbol) != -1): null

2019-08-15 16:32:54 - [TEST_STEP][PASSED] - symbol = symbol: null

2019-08-15 16:32:54 - [TEST_STEP][PASSED] - println(symbol): null

2019-08-15 16:32:54 - [TEST_STEP][PASSED] - if (i == 2 &amp;&amp; wildList.indexOf(symbol) != -1): null

2019-08-15 16:32:54 - [TEST_STEP][PASSED] - if (i == 3 &amp;&amp; wildList.indexOf(symbol) != -1): null

2019-08-15 16:32:54 - [TEST_STEP][PASSED] - if (i == 4 &amp;&amp; wildList.indexOf(symbol) != -1): null

2019-08-15 16:32:54 - [TEST_STEP][PASSED] - symbols = symbols: null

2019-08-15 16:32:54 - [TEST_STEP][PASSED] - for ([j = 0, j &lt; symbols.size(), (j++)]): null

2019-08-15 16:32:54 - [TEST_STEP][PASSED] - symbol = symbol: null

2019-08-15 16:32:54 - [TEST_STEP][PASSED] - println(symbol): null

2019-08-15 16:32:54 - [TEST_STEP][PASSED] - if (i == 2 &amp;&amp; wildList.indexOf(symbol) != -1): null

2019-08-15 16:32:54 - [TEST_STEP][PASSED] - if (i == 3 &amp;&amp; wildList.indexOf(symbol) != -1): null

2019-08-15 16:32:54 - [TEST_STEP][PASSED] - if (i == 4 &amp;&amp; wildList.indexOf(symbol) != -1): null

2019-08-15 16:32:54 - [TEST_STEP][PASSED] - symbol = symbol: null

2019-08-15 16:32:54 - [TEST_STEP][PASSED] - println(symbol): null

2019-08-15 16:32:54 - [TEST_STEP][PASSED] - if (i == 2 &amp;&amp; wildList.indexOf(symbol) != -1): null

2019-08-15 16:32:54 - [TEST_STEP][PASSED] - if (i == 3 &amp;&amp; wildList.indexOf(symbol) != -1): null

2019-08-15 16:32:54 - [TEST_STEP][PASSED] - if (i == 4 &amp;&amp; wildList.indexOf(symbol) != -1): null

2019-08-15 16:32:54 - [TEST_STEP][PASSED] - symbol = symbol: null

2019-08-15 16:32:54 - [TEST_STEP][PASSED] - println(symbol): null

2019-08-15 16:32:54 - [TEST_STEP][PASSED] - if (i == 2 &amp;&amp; wildList.indexOf(symbol) != -1): null

2019-08-15 16:32:54 - [TEST_STEP][PASSED] - if (i == 3 &amp;&amp; wildList.indexOf(symbol) != -1): null

2019-08-15 16:32:54 - [TEST_STEP][PASSED] - if (i == 4 &amp;&amp; wildList.indexOf(symbol) != -1): null

2019-08-15 16:32:54 - [TEST_STEP][PASSED] - free_spin_reel_counter = free_spin_reel_counter: null

2019-08-15 16:32:54 - [TEST_STEP][PASSED] - println("reel 3 wild found: " + free_spin_reel_counter[0]): null

2019-08-15 16:32:54 - [TEST_STEP][PASSED] - println("reel 4 wild found: " + free_spin_reel_counter[1]): null

2019-08-15 16:32:54 - [TEST_STEP][PASSED] - println("reel 5 wild found: " + free_spin_reel_counter[2]): null

2019-08-15 16:32:54 - [TEST_STEP][PASSED] - M4_spin_reels = M4_spin_reels: null

2019-08-15 16:32:54 - [TEST_STEP][PASSED] - M4_spin_reels_symbols = symbol: null

2019-08-15 16:32:54 - [TEST_STEP][PASSED] - M4_spin_reels_symbols = M4_spin_reels_symbols: null

2019-08-15 16:32:54 - [TEST_STEP][PASSED] - M4_spin_reel_wins = reel_wins: null

2019-08-15 16:32:54 - [TEST_STEP][PASSED] - M4_spin_reel_wins = M4_spin_reel_wins: null

2019-08-15 16:32:54 - [TEST_STEP][PASSED] - println("GlobalVariable.M4_spin_reel_wins is: " + M4_spin_reel_wins): null

2019-08-15 16:32:54 - [TEST_STEP][PASSED] - M4_spin_total_bonus_win_this_round = total_bonus_win_this_round: null

2019-08-15 16:32:54 - [TEST_STEP][PASSED] - M4_spin_total_bonus_win_this_round = M4_spin_total_bonus_win_this_round: null

2019-08-15 16:32:54 - [TEST_STEP][PASSED] - println("GlobalVariable.M4_spin_total_bonus_win_this_round is: " + M4_spin_total_bonus_win_this_round): null

2019-08-15 16:32:54 - [MESSAGE][PASSED] - Verify response successfully

2019-08-15 16:32:54 - [MESSAGE][PASSED] - Send request and verify the response successfully

2019-08-15 16:32:54 - [TEST_STEP][PASSED] - if (M4_total_bonus_spins_int != 0 &amp;&amp; M4_spin_reels_symbols[2].contains("WILD_Normal") || M4_spin_reels_symbols[3].contains("WILD_Normal") || M4_spin_reels_symbols[4].contains("WILD_Normal")): null

2019-08-15 16:32:54 - [TEST_STEP][PASSED] - free_spin_reel_counter = free_spin_reel_counter: null

2019-08-15 16:32:54 - [TEST_STEP][PASSED] - M4_spin_reels_symbols = M4_spin_reels_symbols: null

2019-08-15 16:32:54 - [TEST_STEP][PASSED] - M4_total_bonus_spins = M4_total_bonus_spins: null

2019-08-15 16:32:54 - [TEST_STEP][PASSED] - spin_result = sendRequestAndVerify(findTestObject("STG/RGS(M4)/1_M4_spin", ["M4_login_user_id":M4_login_user_id, "rgs_session_token":rgs_session_token, "partner":Partner])): Send request and verify the response successfully

2019-08-15 16:32:54 - [TEST_CASE][PASSED] - Start Test Case : Verification: Verification accomplished successfully

2019-08-15 16:32:54 - [TEST_STEP][PASSED] - request = getInstance().getCurrentRequest(): null

2019-08-15 16:32:54 - [TEST_STEP][PASSED] - response = getInstance().getCurrentResponse(): null

2019-08-15 16:32:54 - [TEST_STEP][PASSED] - verifyResponseStatusCode(response, 200): Verify response status code successfully

2019-08-15 16:32:54 - [MESSAGE][PASSED] - Verify response status code successfully

2019-08-15 16:32:54 - [TEST_STEP][PASSED] - getStatusCode()).isEqualTo(200): null

2019-08-15 16:32:54 - [TEST_STEP][PASSED] - newline = System.getProperty("line.separator"): null

2019-08-15 16:32:54 - [TEST_STEP][PASSED] - M4_spin = new groovy.json.JsonSlurper(): null

2019-08-15 16:32:54 - [TEST_STEP][PASSED] - result_M4_spin = M4_spin.parseText(response.getResponseBodyContent()): null

2019-08-15 16:32:54 - [TEST_STEP][PASSED] - M4_spin_current_balance = current_balance: null

2019-08-15 16:32:54 - [TEST_STEP][PASSED] - M4_spin_current_balance = M4_spin_current_balance: null

2019-08-15 16:32:54 - [TEST_STEP][PASSED] - M4_spin_transaction_id = causality: null

2019-08-15 16:32:54 - [TEST_STEP][PASSED] - M4_spin_transaction_id = M4_spin_transaction_id: null

2019-08-15 16:32:54 - [TEST_STEP][PASSED] - M4_spin_round_id = round_id: null

2019-08-15 16:32:54 - [TEST_STEP][PASSED] - M4_spin_round_id = M4_spin_round_id: null

2019-08-15 16:32:54 - [TEST_STEP][PASSED] - M4_spin_line_wins = line_wins: null

2019-08-15 16:32:54 - [TEST_STEP][PASSED] - M4_spin_line_wins = M4_spin_line_wins: null

2019-08-15 16:32:54 - [TEST_STEP][PASSED] - M4_total_bonus_spins_int = total_bonus_spins: null

2019-08-15 16:32:54 - [TEST_STEP][PASSED] - println("******M4_total_bonus_spins type is:*******" + newline + getClass().getName()): null

2019-08-15 16:32:54 - [TEST_STEP][PASSED] - M4_total_bonus_spins_int = M4_total_bonus_spins_int: null

2019-08-15 16:32:54 - [TEST_STEP][PASSED] - M4_total_bonus_spins = Integer.toString(M4_total_bonus_spins_int): null

2019-08-15 16:32:54 - [TEST_STEP][PASSED] - M4_total_bonus_spins = M4_total_bonus_spins: null

2019-08-15 16:32:58 - [TEST_STEP][PASSED] - println("M4_total_bonus_spins is:" + M4_total_bonus_spins): null

2019-08-15 16:32:58 - [TEST_STEP][PASSED] - M4_spin_bonus_data = bonus_data: null

2019-08-15 16:32:58 - [TEST_STEP][PASSED] - M4_spin_features_triggered = result_M4_spin: null

2019-08-15 16:32:58 - [TEST_STEP][PASSED] - wild = []: null

2019-08-15 16:32:58 - [TEST_STEP][PASSED] - wild[0] = "WILD_Expanding": null

2019-08-15 16:32:58 - [TEST_STEP][PASSED] - wild[1] = "WILD_Normal": null

2019-08-15 16:32:58 - [TEST_STEP][PASSED] - wild[2] = "WILD_Double": null

2019-08-15 16:32:58 - [TEST_STEP][PASSED] - wild[3] = "WILD_ExtraFG": null

2019-08-15 16:32:58 - [TEST_STEP][PASSED] - wild[4] = "WILD_Triple": null

2019-08-15 16:32:58 - [TEST_STEP][PASSED] - wildList = Arrays.asList(wild): null

2019-08-15 16:33:02 - [TEST_STEP][PASSED] - wildList = wildList: null

2019-08-15 16:33:02 - [TEST_STEP][PASSED] - free_spin_reel_counter = []: null

2019-08-15 16:33:02 - [TEST_STEP][PASSED] - free_spin_reel_counter[0] = 0: null

2019-08-15 16:33:02 - [TEST_STEP][PASSED] - free_spin_reel_counter[1] = 0: null

2019-08-15 16:33:02 - [TEST_STEP][PASSED] - free_spin_reel_counter[2] = 0: null

2019-08-15 16:33:02 - [TEST_STEP][PASSED] - M4_spin_reels = reels: null

2019-08-15 16:33:02 - [TEST_STEP][PASSED] - for ([i = 0, i &lt; M4_spin_reels.size(), (i++)]): null

2019-08-15 16:33:02 - [TEST_STEP][PASSED] - symbols = symbols: null

2019-08-15 16:33:02 - [TEST_STEP][PASSED] - for ([j = 0, j &lt; symbols.size(), (j++)]): null

2019-08-15 16:33:02 - [TEST_STEP][PASSED] - symbol = symbol: null

2019-08-15 16:33:02 - [TEST_STEP][PASSED] - println(symbol): null

2019-08-15 16:33:02 - [TEST_STEP][PASSED] - if (i == 2 &amp;&amp; wildList.indexOf(symbol) != -1): null

2019-08-15 16:33:02 - [TEST_STEP][PASSED] - if (i == 3 &amp;&amp; wildList.indexOf(symbol) != -1): null

2019-08-15 16:33:02 - [TEST_STEP][PASSED] - if (i == 4 &amp;&amp; wildList.indexOf(symbol) != -1): null

2019-08-15 16:33:02 - [TEST_STEP][PASSED] - symbol = symbol: null

2019-08-15 16:33:02 - [TEST_STEP][PASSED] - println(symbol): null

2019-08-15 16:33:02 - [TEST_STEP][PASSED] - if (i == 2 &amp;&amp; wildList.indexOf(symbol) != -1): null

2019-08-15 16:33:02 - [TEST_STEP][PASSED] - if (i == 3 &amp;&amp; wildList.indexOf(symbol) != -1): null

2019-08-15 16:33:02 - [TEST_STEP][PASSED] - if (i == 4 &amp;&amp; wildList.indexOf(symbol) != -1): null

2019-08-15 16:33:02 - [TEST_STEP][PASSED] - symbol = symbol: null

2019-08-15 16:33:02 - [TEST_STEP][PASSED] - println(symbol): null

2019-08-15 16:33:02 - [TEST_STEP][PASSED] - if (i == 2 &amp;&amp; wildList.indexOf(symbol) != -1): null

2019-08-15 16:33:02 - [TEST_STEP][PASSED] - if (i == 3 &amp;&amp; wildList.indexOf(symbol) != -1): null

2019-08-15 16:33:02 - [TEST_STEP][PASSED] - if (i == 4 &amp;&amp; wildList.indexOf(symbol) != -1): null

2019-08-15 16:33:02 - [TEST_STEP][PASSED] - symbols = symbols: null

2019-08-15 16:33:02 - [TEST_STEP][PASSED] - for ([j = 0, j &lt; symbols.size(), (j++)]): null

2019-08-15 16:33:02 - [TEST_STEP][PASSED] - symbol = symbol: null

2019-08-15 16:33:02 - [TEST_STEP][PASSED] - println(symbol): null

2019-08-15 16:33:02 - [TEST_STEP][PASSED] - if (i == 2 &amp;&amp; wildList.indexOf(symbol) != -1): null

2019-08-15 16:33:02 - [TEST_STEP][PASSED] - if (i == 3 &amp;&amp; wildList.indexOf(symbol) != -1): null

2019-08-15 16:33:02 - [TEST_STEP][PASSED] - if (i == 4 &amp;&amp; wildList.indexOf(symbol) != -1): null

2019-08-15 16:33:02 - [TEST_STEP][PASSED] - symbol = symbol: null

2019-08-15 16:33:02 - [TEST_STEP][PASSED] - println(symbol): null

2019-08-15 16:33:02 - [TEST_STEP][PASSED] - if (i == 2 &amp;&amp; wildList.indexOf(symbol) != -1): null

2019-08-15 16:33:02 - [TEST_STEP][PASSED] - if (i == 3 &amp;&amp; wildList.indexOf(symbol) != -1): null

2019-08-15 16:33:02 - [TEST_STEP][PASSED] - if (i == 4 &amp;&amp; wildList.indexOf(symbol) != -1): null

2019-08-15 16:33:02 - [TEST_STEP][PASSED] - symbol = symbol: null

2019-08-15 16:33:02 - [TEST_STEP][PASSED] - println(symbol): null

2019-08-15 16:33:02 - [TEST_STEP][PASSED] - if (i == 2 &amp;&amp; wildList.indexOf(symbol) != -1): null

2019-08-15 16:33:02 - [TEST_STEP][PASSED] - if (i == 3 &amp;&amp; wildList.indexOf(symbol) != -1): null

2019-08-15 16:33:02 - [TEST_STEP][PASSED] - if (i == 4 &amp;&amp; wildList.indexOf(symbol) != -1): null

2019-08-15 16:33:02 - [TEST_STEP][PASSED] - symbols = symbols: null

2019-08-15 16:33:02 - [TEST_STEP][PASSED] - for ([j = 0, j &lt; symbols.size(), (j++)]): null

2019-08-15 16:33:02 - [TEST_STEP][PASSED] - symbol = symbol: null

2019-08-15 16:33:02 - [TEST_STEP][PASSED] - println(symbol): null

2019-08-15 16:33:02 - [TEST_STEP][PASSED] - if (i == 2 &amp;&amp; wildList.indexOf(symbol) != -1): null

2019-08-15 16:33:02 - [TEST_STEP][PASSED] - println("wild found on reel 3, adding counter by 1"): null

2019-08-15 16:33:02 - [TEST_STEP][PASSED] - free_spin_reel_counter[0] = free_spin_reel_counter[0] + 1: null

2019-08-15 16:33:02 - [TEST_STEP][PASSED] - if (i == 3 &amp;&amp; wildList.indexOf(symbol) != -1): null

2019-08-15 16:33:02 - [TEST_STEP][PASSED] - if (i == 4 &amp;&amp; wildList.indexOf(symbol) != -1): null

2019-08-15 16:33:02 - [TEST_STEP][PASSED] - symbol = symbol: null

2019-08-15 16:33:02 - [TEST_STEP][PASSED] - println(symbol): null

2019-08-15 16:33:02 - [TEST_STEP][PASSED] - if (i == 2 &amp;&amp; wildList.indexOf(symbol) != -1): null

2019-08-15 16:33:02 - [TEST_STEP][PASSED] - if (i == 3 &amp;&amp; wildList.indexOf(symbol) != -1): null

2019-08-15 16:33:02 - [TEST_STEP][PASSED] - if (i == 4 &amp;&amp; wildList.indexOf(symbol) != -1): null

2019-08-15 16:33:02 - [TEST_STEP][PASSED] - symbol = symbol: null

2019-08-15 16:33:02 - [TEST_STEP][PASSED] - println(symbol): null

2019-08-15 16:33:02 - [TEST_STEP][PASSED] - if (i == 2 &amp;&amp; wildList.indexOf(symbol) != -1): null

2019-08-15 16:33:02 - [TEST_STEP][PASSED] - if (i == 3 &amp;&amp; wildList.indexOf(symbol) != -1): null

2019-08-15 16:33:02 - [TEST_STEP][PASSED] - if (i == 4 &amp;&amp; wildList.indexOf(symbol) != -1): null

2019-08-15 16:33:02 - [TEST_STEP][PASSED] - symbols = symbols: null

2019-08-15 16:33:02 - [TEST_STEP][PASSED] - for ([j = 0, j &lt; symbols.size(), (j++)]): null

2019-08-15 16:33:02 - [TEST_STEP][PASSED] - symbol = symbol: null

2019-08-15 16:33:02 - [TEST_STEP][PASSED] - println(symbol): null

2019-08-15 16:33:02 - [TEST_STEP][PASSED] - if (i == 2 &amp;&amp; wildList.indexOf(symbol) != -1): null

2019-08-15 16:33:02 - [TEST_STEP][PASSED] - if (i == 3 &amp;&amp; wildList.indexOf(symbol) != -1): null

2019-08-15 16:33:02 - [TEST_STEP][PASSED] - println("wild found on reel 4, adding counter by 1"): null

2019-08-15 16:33:02 - [TEST_STEP][PASSED] - free_spin_reel_counter[1] = free_spin_reel_counter[1] + 1: null

2019-08-15 16:33:02 - [TEST_STEP][PASSED] - if (i == 4 &amp;&amp; wildList.indexOf(symbol) != -1): null

2019-08-15 16:33:02 - [TEST_STEP][PASSED] - symbol = symbol: null

2019-08-15 16:33:02 - [TEST_STEP][PASSED] - println(symbol): null

2019-08-15 16:33:02 - [TEST_STEP][PASSED] - if (i == 2 &amp;&amp; wildList.indexOf(symbol) != -1): null

2019-08-15 16:33:02 - [TEST_STEP][PASSED] - if (i == 3 &amp;&amp; wildList.indexOf(symbol) != -1): null

2019-08-15 16:33:02 - [TEST_STEP][PASSED] - if (i == 4 &amp;&amp; wildList.indexOf(symbol) != -1): null

2019-08-15 16:33:02 - [TEST_STEP][PASSED] - symbol = symbol: null

2019-08-15 16:33:02 - [TEST_STEP][PASSED] - println(symbol): null

2019-08-15 16:33:02 - [TEST_STEP][PASSED] - if (i == 2 &amp;&amp; wildList.indexOf(symbol) != -1): null

2019-08-15 16:33:02 - [TEST_STEP][PASSED] - if (i == 3 &amp;&amp; wildList.indexOf(symbol) != -1): null

2019-08-15 16:33:02 - [TEST_STEP][PASSED] - if (i == 4 &amp;&amp; wildList.indexOf(symbol) != -1): null

2019-08-15 16:33:02 - [TEST_STEP][PASSED] - symbols = symbols: null

2019-08-15 16:33:02 - [TEST_STEP][PASSED] - for ([j = 0, j &lt; symbols.size(), (j++)]): null

2019-08-15 16:33:02 - [TEST_STEP][PASSED] - symbol = symbol: null

2019-08-15 16:33:02 - [TEST_STEP][PASSED] - println(symbol): null

2019-08-15 16:33:02 - [TEST_STEP][PASSED] - if (i == 2 &amp;&amp; wildList.indexOf(symbol) != -1): null

2019-08-15 16:33:02 - [TEST_STEP][PASSED] - if (i == 3 &amp;&amp; wildList.indexOf(symbol) != -1): null

2019-08-15 16:33:02 - [TEST_STEP][PASSED] - if (i == 4 &amp;&amp; wildList.indexOf(symbol) != -1): null

2019-08-15 16:33:02 - [TEST_STEP][PASSED] - symbol = symbol: null

2019-08-15 16:33:02 - [TEST_STEP][PASSED] - println(symbol): null

2019-08-15 16:33:02 - [TEST_STEP][PASSED] - if (i == 2 &amp;&amp; wildList.indexOf(symbol) != -1): null

2019-08-15 16:33:02 - [TEST_STEP][PASSED] - if (i == 3 &amp;&amp; wildList.indexOf(symbol) != -1): null

2019-08-15 16:33:02 - [TEST_STEP][PASSED] - if (i == 4 &amp;&amp; wildList.indexOf(symbol) != -1): null

2019-08-15 16:33:02 - [TEST_STEP][PASSED] - symbol = symbol: null

2019-08-15 16:33:02 - [TEST_STEP][PASSED] - println(symbol): null

2019-08-15 16:33:02 - [TEST_STEP][PASSED] - if (i == 2 &amp;&amp; wildList.indexOf(symbol) != -1): null

2019-08-15 16:33:02 - [TEST_STEP][PASSED] - if (i == 3 &amp;&amp; wildList.indexOf(symbol) != -1): null

2019-08-15 16:33:02 - [TEST_STEP][PASSED] - if (i == 4 &amp;&amp; wildList.indexOf(symbol) != -1): null

2019-08-15 16:33:02 - [TEST_STEP][PASSED] - free_spin_reel_counter = free_spin_reel_counter: null

2019-08-15 16:33:02 - [TEST_STEP][PASSED] - println("reel 3 wild found: " + free_spin_reel_counter[0]): null

2019-08-15 16:33:02 - [TEST_STEP][PASSED] - println("reel 4 wild found: " + free_spin_reel_counter[1]): null

2019-08-15 16:33:02 - [TEST_STEP][PASSED] - println("reel 5 wild found: " + free_spin_reel_counter[2]): null

2019-08-15 16:33:02 - [TEST_STEP][PASSED] - M4_spin_reels = M4_spin_reels: null

2019-08-15 16:33:02 - [TEST_STEP][PASSED] - M4_spin_reels_symbols = symbol: null

2019-08-15 16:33:02 - [TEST_STEP][PASSED] - M4_spin_reels_symbols = M4_spin_reels_symbols: null

2019-08-15 16:33:02 - [TEST_STEP][PASSED] - M4_spin_reel_wins = reel_wins: null

2019-08-15 16:33:02 - [TEST_STEP][PASSED] - M4_spin_reel_wins = M4_spin_reel_wins: null

2019-08-15 16:33:02 - [TEST_STEP][PASSED] - println("GlobalVariable.M4_spin_reel_wins is: " + M4_spin_reel_wins): null

2019-08-15 16:33:02 - [TEST_STEP][PASSED] - M4_spin_total_bonus_win_this_round = total_bonus_win_this_round: null

2019-08-15 16:33:02 - [TEST_STEP][PASSED] - M4_spin_total_bonus_win_this_round = M4_spin_total_bonus_win_this_round: null

2019-08-15 16:33:02 - [TEST_STEP][PASSED] - println("GlobalVariable.M4_spin_total_bonus_win_this_round is: " + M4_spin_total_bonus_win_this_round): null

2019-08-15 16:33:02 - [MESSAGE][PASSED] - Verify response successfully

2019-08-15 16:33:02 - [MESSAGE][PASSED] - Send request and verify the response successfully

2019-08-15 16:33:02 - [TEST_STEP][PASSED] - if (M4_total_bonus_spins_int != 0 &amp;&amp; M4_spin_reels_symbols[2].contains("WILD_Normal") || M4_spin_reels_symbols[3].contains("WILD_Normal") || M4_spin_reels_symbols[4].contains("WILD_Normal")): null

2019-08-15 16:33:02 - [TEST_STEP][PASSED] - free_spin_reel_counter = free_spin_reel_counter: null

2019-08-15 16:33:02 - [TEST_STEP][PASSED] - M4_spin_reels_symbols = M4_spin_reels_symbols: null

2019-08-15 16:33:02 - [TEST_STEP][PASSED] - M4_total_bonus_spins = M4_total_bonus_spins: null

2019-08-15 16:33:02 - [TEST_STEP][PASSED] - spin_result = sendRequestAndVerify(findTestObject("STG/RGS(M4)/1_M4_spin", ["M4_login_user_id":M4_login_user_id, "rgs_session_token":rgs_session_token, "partner":Partner])): Send request and verify the response successfully

2019-08-15 16:33:02 - [TEST_CASE][PASSED] - Start Test Case : Verification: Verification accomplished successfully

2019-08-15 16:33:02 - [TEST_STEP][PASSED] - request = getInstance().getCurrentRequest(): null

2019-08-15 16:33:02 - [TEST_STEP][PASSED] - response = getInstance().getCurrentResponse(): null

2019-08-15 16:33:02 - [TEST_STEP][PASSED] - verifyResponseStatusCode(response, 200): Verify response status code successfully

2019-08-15 16:33:02 - [MESSAGE][PASSED] - Verify response status code successfully

2019-08-15 16:33:02 - [TEST_STEP][PASSED] - getStatusCode()).isEqualTo(200): null

2019-08-15 16:33:02 - [TEST_STEP][PASSED] - newline = System.getProperty("line.separator"): null

2019-08-15 16:33:02 - [TEST_STEP][PASSED] - M4_spin = new groovy.json.JsonSlurper(): null

2019-08-15 16:33:02 - [TEST_STEP][PASSED] - result_M4_spin = M4_spin.parseText(response.getResponseBodyContent()): null

2019-08-15 16:33:02 - [TEST_STEP][PASSED] - M4_spin_current_balance = current_balance: null

2019-08-15 16:33:02 - [TEST_STEP][PASSED] - M4_spin_current_balance = M4_spin_current_balance: null

2019-08-15 16:33:02 - [TEST_STEP][PASSED] - M4_spin_transaction_id = causality: null

2019-08-15 16:33:02 - [TEST_STEP][PASSED] - M4_spin_transaction_id = M4_spin_transaction_id: null

2019-08-15 16:33:02 - [TEST_STEP][PASSED] - M4_spin_round_id = round_id: null

2019-08-15 16:33:02 - [TEST_STEP][PASSED] - M4_spin_round_id = M4_spin_round_id: null

2019-08-15 16:33:02 - [TEST_STEP][PASSED] - M4_spin_line_wins = line_wins: null

2019-08-15 16:33:02 - [TEST_STEP][PASSED] - M4_spin_line_wins = M4_spin_line_wins: null

2019-08-15 16:33:02 - [TEST_STEP][PASSED] - M4_total_bonus_spins_int = total_bonus_spins: null

2019-08-15 16:33:02 - [TEST_STEP][PASSED] - println("******M4_total_bonus_spins type is:*******" + newline + getClass().getName()): null

2019-08-15 16:33:02 - [TEST_STEP][PASSED] - M4_total_bonus_spins_int = M4_total_bonus_spins_int: null

2019-08-15 16:33:02 - [TEST_STEP][PASSED] - M4_total_bonus_spins = Integer.toString(M4_total_bonus_spins_int): null

2019-08-15 16:33:02 - [TEST_STEP][PASSED] - M4_total_bonus_spins = M4_total_bonus_spins: null

2019-08-15 16:33:02 - [TEST_STEP][PASSED] - println("M4_total_bonus_spins is:" + M4_total_bonus_spins): null

2019-08-15 16:33:02 - [TEST_STEP][PASSED] - M4_spin_bonus_data = bonus_data: null

2019-08-15 16:33:02 - [TEST_STEP][PASSED] - M4_spin_features_triggered = result_M4_spin: null

2019-08-15 16:33:02 - [TEST_STEP][PASSED] - wild = []: null

2019-08-15 16:33:02 - [TEST_STEP][PASSED] - wild[0] = "WILD_Expanding": null

2019-08-15 16:33:02 - [TEST_STEP][PASSED] - wild[1] = "WILD_Normal": null

2019-08-15 16:33:02 - [TEST_STEP][PASSED] - wild[2] = "WILD_Double": null

2019-08-15 16:33:02 - [TEST_STEP][PASSED] - wild[3] = "WILD_ExtraFG": null

2019-08-15 16:33:02 - [TEST_STEP][PASSED] - wild[4] = "WILD_Triple": null

2019-08-15 16:33:02 - [TEST_STEP][PASSED] - wildList = Arrays.asList(wild): null

2019-08-15 16:33:02 - [TEST_STEP][PASSED] - wildList = wildList: null

2019-08-15 16:33:02 - [TEST_STEP][PASSED] - free_spin_reel_counter = []: null

2019-08-15 16:33:02 - [TEST_STEP][PASSED] - free_spin_reel_counter[0] = 0: null

2019-08-15 16:33:02 - [TEST_STEP][PASSED] - free_spin_reel_counter[1] = 0: null

2019-08-15 16:33:02 - [TEST_STEP][PASSED] - free_spin_reel_counter[2] = 0: null

2019-08-15 16:33:02 - [TEST_STEP][PASSED] - M4_spin_reels = reels: null

2019-08-15 16:33:02 - [TEST_STEP][PASSED] - for ([i = 0, i &lt; M4_spin_reels.size(), (i++)]): null

2019-08-15 16:33:02 - [TEST_STEP][PASSED] - symbols = symbols: null

2019-08-15 16:33:02 - [TEST_STEP][PASSED] - for ([j = 0, j &lt; symbols.size(), (j++)]): null

2019-08-15 16:33:02 - [TEST_STEP][PASSED] - symbol = symbol: null

2019-08-15 16:33:02 - [TEST_STEP][PASSED] - println(symbol): null

2019-08-15 16:33:02 - [TEST_STEP][PASSED] - if (i == 2 &amp;&amp; wildList.indexOf(symbol) != -1): null

2019-08-15 16:33:02 - [TEST_STEP][PASSED] - if (i == 3 &amp;&amp; wildList.indexOf(symbol) != -1): null

2019-08-15 16:33:02 - [TEST_STEP][PASSED] - if (i == 4 &amp;&amp; wildList.indexOf(symbol) != -1): null

2019-08-15 16:33:02 - [TEST_STEP][PASSED] - symbol = symbol: null

2019-08-15 16:33:02 - [TEST_STEP][PASSED] - println(symbol): null

2019-08-15 16:33:02 - [TEST_STEP][PASSED] - if (i == 2 &amp;&amp; wildList.indexOf(symbol) != -1): null

2019-08-15 16:33:02 - [TEST_STEP][PASSED] - if (i == 3 &amp;&amp; wildList.indexOf(symbol) != -1): null

2019-08-15 16:33:02 - [TEST_STEP][PASSED] - if (i == 4 &amp;&amp; wildList.indexOf(symbol) != -1): null

2019-08-15 16:33:02 - [TEST_STEP][PASSED] - symbol = symbol: null

2019-08-15 16:33:02 - [TEST_STEP][PASSED] - println(symbol): null

2019-08-15 16:33:02 - [TEST_STEP][PASSED] - if (i == 2 &amp;&amp; wildList.indexOf(symbol) != -1): null

2019-08-15 16:33:02 - [TEST_STEP][PASSED] - if (i == 3 &amp;&amp; wildList.indexOf(symbol) != -1): null

2019-08-15 16:33:02 - [TEST_STEP][PASSED] - if (i == 4 &amp;&amp; wildList.indexOf(symbol) != -1): null

2019-08-15 16:33:02 - [TEST_STEP][PASSED] - symbols = symbols: null

2019-08-15 16:33:02 - [TEST_STEP][PASSED] - for ([j = 0, j &lt; symbols.size(), (j++)]): null

2019-08-15 16:33:02 - [TEST_STEP][PASSED] - symbol = symbol: null

2019-08-15 16:33:02 - [TEST_STEP][PASSED] - println(symbol): null

2019-08-15 16:33:02 - [TEST_STEP][PASSED] - if (i == 2 &amp;&amp; wildList.indexOf(symbol) != -1): null

2019-08-15 16:33:02 - [TEST_STEP][PASSED] - if (i == 3 &amp;&amp; wildList.indexOf(symbol) != -1): null

2019-08-15 16:33:02 - [TEST_STEP][PASSED] - if (i == 4 &amp;&amp; wildList.indexOf(symbol) != -1): null

2019-08-15 16:33:02 - [TEST_STEP][PASSED] - symbol = symbol: null

2019-08-15 16:33:02 - [TEST_STEP][PASSED] - println(symbol): null

2019-08-15 16:33:02 - [TEST_STEP][PASSED] - if (i == 2 &amp;&amp; wildList.indexOf(symbol) != -1): null

2019-08-15 16:33:02 - [TEST_STEP][PASSED] - if (i == 3 &amp;&amp; wildList.indexOf(symbol) != -1): null

2019-08-15 16:33:02 - [TEST_STEP][PASSED] - if (i == 4 &amp;&amp; wildList.indexOf(symbol) != -1): null

2019-08-15 16:33:02 - [TEST_STEP][PASSED] - symbol = symbol: null

2019-08-15 16:33:02 - [TEST_STEP][PASSED] - println(symbol): null

2019-08-15 16:33:02 - [TEST_STEP][PASSED] - if (i == 2 &amp;&amp; wildList.indexOf(symbol) != -1): null

2019-08-15 16:33:02 - [TEST_STEP][PASSED] - if (i == 3 &amp;&amp; wildList.indexOf(symbol) != -1): null

2019-08-15 16:33:02 - [TEST_STEP][PASSED] - if (i == 4 &amp;&amp; wildList.indexOf(symbol) != -1): null

2019-08-15 16:33:02 - [TEST_STEP][PASSED] - symbols = symbols: null

2019-08-15 16:33:02 - [TEST_STEP][PASSED] - for ([j = 0, j &lt; symbols.size(), (j++)]): null

2019-08-15 16:33:02 - [TEST_STEP][PASSED] - symbol = symbol: null

2019-08-15 16:33:02 - [TEST_STEP][PASSED] - println(symbol): null

2019-08-15 16:33:02 - [TEST_STEP][PASSED] - if (i == 2 &amp;&amp; wildList.indexOf(symbol) != -1): null

2019-08-15 16:33:02 - [TEST_STEP][PASSED] - if (i == 3 &amp;&amp; wildList.indexOf(symbol) != -1): null

2019-08-15 16:33:02 - [TEST_STEP][PASSED] - if (i == 4 &amp;&amp; wildList.indexOf(symbol) != -1): null

2019-08-15 16:33:02 - [TEST_STEP][PASSED] - symbol = symbol: null

2019-08-15 16:33:02 - [TEST_STEP][PASSED] - println(symbol): null

2019-08-15 16:33:02 - [TEST_STEP][PASSED] - if (i == 2 &amp;&amp; wildList.indexOf(symbol) != -1): null

2019-08-15 16:33:02 - [TEST_STEP][PASSED] - if (i == 3 &amp;&amp; wildList.indexOf(symbol) != -1): null

2019-08-15 16:33:02 - [TEST_STEP][PASSED] - if (i == 4 &amp;&amp; wildList.indexOf(symbol) != -1): null

2019-08-15 16:33:02 - [TEST_STEP][PASSED] - symbol = symbol: null

2019-08-15 16:33:02 - [TEST_STEP][PASSED] - println(symbol): null

2019-08-15 16:33:02 - [TEST_STEP][PASSED] - if (i == 2 &amp;&amp; wildList.indexOf(symbol) != -1): null

2019-08-15 16:33:02 - [TEST_STEP][PASSED] - if (i == 3 &amp;&amp; wildList.indexOf(symbol) != -1): null

2019-08-15 16:33:02 - [TEST_STEP][PASSED] - if (i == 4 &amp;&amp; wildList.indexOf(symbol) != -1): null

2019-08-15 16:33:02 - [TEST_STEP][PASSED] - symbols = symbols: null

2019-08-15 16:33:02 - [TEST_STEP][PASSED] - for ([j = 0, j &lt; symbols.size(), (j++)]): null

2019-08-15 16:33:02 - [TEST_STEP][PASSED] - symbol = symbol: null

2019-08-15 16:33:02 - [TEST_STEP][PASSED] - println(symbol): null

2019-08-15 16:33:02 - [TEST_STEP][PASSED] - if (i == 2 &amp;&amp; wildList.indexOf(symbol) != -1): null

2019-08-15 16:33:02 - [TEST_STEP][PASSED] - if (i == 3 &amp;&amp; wildList.indexOf(symbol) != -1): null

2019-08-15 16:33:02 - [TEST_STEP][PASSED] - println("wild found on reel 4, adding counter by 1"): null

2019-08-15 16:33:02 - [TEST_STEP][PASSED] - free_spin_reel_counter[1] = free_spin_reel_counter[1] + 1: null

2019-08-15 16:33:02 - [TEST_STEP][PASSED] - if (i == 4 &amp;&amp; wildList.indexOf(symbol) != -1): null

2019-08-15 16:33:02 - [TEST_STEP][PASSED] - symbol = symbol: null

2019-08-15 16:33:02 - [TEST_STEP][PASSED] - println(symbol): null

2019-08-15 16:33:02 - [TEST_STEP][PASSED] - if (i == 2 &amp;&amp; wildList.indexOf(symbol) != -1): null

2019-08-15 16:33:02 - [TEST_STEP][PASSED] - if (i == 3 &amp;&amp; wildList.indexOf(symbol) != -1): null

2019-08-15 16:33:02 - [TEST_STEP][PASSED] - if (i == 4 &amp;&amp; wildList.indexOf(symbol) != -1): null

2019-08-15 16:33:02 - [TEST_STEP][PASSED] - symbol = symbol: null

2019-08-15 16:33:02 - [TEST_STEP][PASSED] - println(symbol): null

2019-08-15 16:33:02 - [TEST_STEP][PASSED] - if (i == 2 &amp;&amp; wildList.indexOf(symbol) != -1): null

2019-08-15 16:33:02 - [TEST_STEP][PASSED] - if (i == 3 &amp;&amp; wildList.indexOf(symbol) != -1): null

2019-08-15 16:33:02 - [TEST_STEP][PASSED] - if (i == 4 &amp;&amp; wildList.indexOf(symbol) != -1): null

2019-08-15 16:33:02 - [TEST_STEP][PASSED] - symbols = symbols: null

2019-08-15 16:33:02 - [TEST_STEP][PASSED] - for ([j = 0, j &lt; symbols.size(), (j++)]): null

2019-08-15 16:33:02 - [TEST_STEP][PASSED] - symbol = symbol: null

2019-08-15 16:33:02 - [TEST_STEP][PASSED] - println(symbol): null

2019-08-15 16:33:02 - [TEST_STEP][PASSED] - if (i == 2 &amp;&amp; wildList.indexOf(symbol) != -1): null

2019-08-15 16:33:02 - [TEST_STEP][PASSED] - if (i == 3 &amp;&amp; wildList.indexOf(symbol) != -1): null

2019-08-15 16:33:02 - [TEST_STEP][PASSED] - if (i == 4 &amp;&amp; wildList.indexOf(symbol) != -1): null

2019-08-15 16:33:02 - [TEST_STEP][PASSED] - symbol = symbol: null

2019-08-15 16:33:02 - [TEST_STEP][PASSED] - println(symbol): null

2019-08-15 16:33:02 - [TEST_STEP][PASSED] - if (i == 2 &amp;&amp; wildList.indexOf(symbol) != -1): null

2019-08-15 16:33:02 - [TEST_STEP][PASSED] - if (i == 3 &amp;&amp; wildList.indexOf(symbol) != -1): null

2019-08-15 16:33:02 - [TEST_STEP][PASSED] - if (i == 4 &amp;&amp; wildList.indexOf(symbol) != -1): null

2019-08-15 16:33:02 - [TEST_STEP][PASSED] - symbol = symbol: null

2019-08-15 16:33:02 - [TEST_STEP][PASSED] - println(symbol): null

2019-08-15 16:33:02 - [TEST_STEP][PASSED] - if (i == 2 &amp;&amp; wildList.indexOf(symbol) != -1): null

2019-08-15 16:33:02 - [TEST_STEP][PASSED] - if (i == 3 &amp;&amp; wildList.indexOf(symbol) != -1): null

2019-08-15 16:33:02 - [TEST_STEP][PASSED] - if (i == 4 &amp;&amp; wildList.indexOf(symbol) != -1): null

2019-08-15 16:33:02 - [TEST_STEP][PASSED] - free_spin_reel_counter = free_spin_reel_counter: null

2019-08-15 16:33:02 - [TEST_STEP][PASSED] - println("reel 3 wild found: " + free_spin_reel_counter[0]): null

2019-08-15 16:33:02 - [TEST_STEP][PASSED] - println("reel 4 wild found: " + free_spin_reel_counter[1]): null

2019-08-15 16:33:02 - [TEST_STEP][PASSED] - println("reel 5 wild found: " + free_spin_reel_counter[2]): null

2019-08-15 16:33:02 - [TEST_STEP][PASSED] - M4_spin_reels = M4_spin_reels: null

2019-08-15 16:33:02 - [TEST_STEP][PASSED] - M4_spin_reels_symbols = symbol: null

2019-08-15 16:33:02 - [TEST_STEP][PASSED] - M4_spin_reels_symbols = M4_spin_reels_symbols: null

2019-08-15 16:33:02 - [TEST_STEP][PASSED] - M4_spin_reel_wins = reel_wins: null

2019-08-15 16:33:02 - [TEST_STEP][PASSED] - M4_spin_reel_wins = M4_spin_reel_wins: null

2019-08-15 16:33:02 - [TEST_STEP][PASSED] - println("GlobalVariable.M4_spin_reel_wins is: " + M4_spin_reel_wins): null

2019-08-15 16:33:02 - [TEST_STEP][PASSED] - M4_spin_total_bonus_win_this_round = total_bonus_win_this_round: null

2019-08-15 16:33:02 - [TEST_STEP][PASSED] - M4_spin_total_bonus_win_this_round = M4_spin_total_bonus_win_this_round: null

2019-08-15 16:33:02 - [TEST_STEP][PASSED] - println("GlobalVariable.M4_spin_total_bonus_win_this_round is: " + M4_spin_total_bonus_win_this_round): null

2019-08-15 16:33:02 - [MESSAGE][PASSED] - Verify response successfully

2019-08-15 16:33:02 - [MESSAGE][PASSED] - Send request and verify the response successfully

2019-08-15 16:33:02 - [TEST_STEP][PASSED] - if (M4_total_bonus_spins_int != 0 &amp;&amp; M4_spin_reels_symbols[2].contains("WILD_Normal") || M4_spin_reels_symbols[3].contains("WILD_Normal") || M4_spin_reels_symbols[4].contains("WILD_Normal")): null

2019-08-15 16:33:02 - [TEST_STEP][PASSED] - free_spin_reel_counter = free_spin_reel_counter: null

2019-08-15 16:33:02 - [TEST_STEP][PASSED] - M4_spin_reels_symbols = M4_spin_reels_symbols: null

2019-08-15 16:33:02 - [TEST_STEP][PASSED] - M4_total_bonus_spins = M4_total_bonus_spins: null

2019-08-15 16:33:02 - [TEST_STEP][PASSED] - spin_result = sendRequestAndVerify(findTestObject("STG/RGS(M4)/1_M4_spin", ["M4_login_user_id":M4_login_user_id, "rgs_session_token":rgs_session_token, "partner":Partner])): Send request and verify the response successfully

2019-08-15 16:33:02 - [TEST_CASE][PASSED] - Start Test Case : Verification: Verification accomplished successfully

2019-08-15 16:33:02 - [TEST_STEP][PASSED] - request = getInstance().getCurrentRequest(): null

2019-08-15 16:33:02 - [TEST_STEP][PASSED] - response = getInstance().getCurrentResponse(): null

2019-08-15 16:33:02 - [TEST_STEP][PASSED] - verifyResponseStatusCode(response, 200): Verify response status code successfully

2019-08-15 16:33:02 - [MESSAGE][PASSED] - Verify response status code successfully

2019-08-15 16:33:02 - [TEST_STEP][PASSED] - getStatusCode()).isEqualTo(200): null

2019-08-15 16:33:02 - [TEST_STEP][PASSED] - newline = System.getProperty("line.separator"): null

2019-08-15 16:33:02 - [TEST_STEP][PASSED] - M4_spin = new groovy.json.JsonSlurper(): null

2019-08-15 16:33:02 - [TEST_STEP][PASSED] - result_M4_spin = M4_spin.parseText(response.getResponseBodyContent()): null

2019-08-15 16:33:02 - [TEST_STEP][PASSED] - M4_spin_current_balance = current_balance: null

2019-08-15 16:33:02 - [TEST_STEP][PASSED] - M4_spin_current_balance = M4_spin_current_balance: null

2019-08-15 16:33:02 - [TEST_STEP][PASSED] - M4_spin_transaction_id = causality: null

2019-08-15 16:33:02 - [TEST_STEP][PASSED] - M4_spin_transaction_id = M4_spin_transaction_id: null

2019-08-15 16:33:02 - [TEST_STEP][PASSED] - M4_spin_round_id = round_id: null

2019-08-15 16:33:02 - [TEST_STEP][PASSED] - M4_spin_round_id = M4_spin_round_id: null

2019-08-15 16:33:02 - [TEST_STEP][PASSED] - M4_spin_line_wins = line_wins: null

2019-08-15 16:33:02 - [TEST_STEP][PASSED] - M4_spin_line_wins = M4_spin_line_wins: null

2019-08-15 16:33:02 - [TEST_STEP][PASSED] - M4_total_bonus_spins_int = total_bonus_spins: null

2019-08-15 16:33:02 - [TEST_STEP][PASSED] - println("******M4_total_bonus_spins type is:*******" + newline + getClass().getName()): null

2019-08-15 16:33:02 - [TEST_STEP][PASSED] - M4_total_bonus_spins_int = M4_total_bonus_spins_int: null

2019-08-15 16:33:02 - [TEST_STEP][PASSED] - M4_total_bonus_spins = Integer.toString(M4_total_bonus_spins_int): null

2019-08-15 16:33:02 - [TEST_STEP][PASSED] - M4_total_bonus_spins = M4_total_bonus_spins: null

2019-08-15 16:33:02 - [TEST_STEP][PASSED] - println("M4_total_bonus_spins is:" + M4_total_bonus_spins): null

2019-08-15 16:33:02 - [TEST_STEP][PASSED] - M4_spin_bonus_data = bonus_data: null

2019-08-15 16:33:02 - [TEST_STEP][PASSED] - M4_spin_features_triggered = result_M4_spin: null

2019-08-15 16:33:02 - [TEST_STEP][PASSED] - wild = []: null

2019-08-15 16:33:02 - [TEST_STEP][PASSED] - wild[0] = "WILD_Expanding": null

2019-08-15 16:33:02 - [TEST_STEP][PASSED] - wild[1] = "WILD_Normal": null

2019-08-15 16:33:02 - [TEST_STEP][PASSED] - wild[2] = "WILD_Double": null

2019-08-15 16:33:02 - [TEST_STEP][PASSED] - wild[3] = "WILD_ExtraFG": null

2019-08-15 16:33:02 - [TEST_STEP][PASSED] - wild[4] = "WILD_Triple": null

2019-08-15 16:33:02 - [TEST_STEP][PASSED] - wildList = Arrays.asList(wild): null

2019-08-15 16:33:02 - [TEST_STEP][PASSED] - wildList = wildList: null

2019-08-15 16:33:02 - [TEST_STEP][PASSED] - free_spin_reel_counter = []: null

2019-08-15 16:33:02 - [TEST_STEP][PASSED] - free_spin_reel_counter[0] = 0: null

2019-08-15 16:33:02 - [TEST_STEP][PASSED] - free_spin_reel_counter[1] = 0: null

2019-08-15 16:33:02 - [TEST_STEP][PASSED] - free_spin_reel_counter[2] = 0: null

2019-08-15 16:33:02 - [TEST_STEP][PASSED] - M4_spin_reels = reels: null

2019-08-15 16:33:02 - [TEST_STEP][PASSED] - for ([i = 0, i &lt; M4_spin_reels.size(), (i++)]): null

2019-08-15 16:33:02 - [TEST_STEP][PASSED] - symbols = symbols: null

2019-08-15 16:33:02 - [TEST_STEP][PASSED] - for ([j = 0, j &lt; symbols.size(), (j++)]): null

2019-08-15 16:33:02 - [TEST_STEP][PASSED] - symbol = symbol: null

2019-08-15 16:33:02 - [TEST_STEP][PASSED] - println(symbol): null

2019-08-15 16:33:02 - [TEST_STEP][PASSED] - if (i == 2 &amp;&amp; wildList.indexOf(symbol) != -1): null

2019-08-15 16:33:02 - [TEST_STEP][PASSED] - if (i == 3 &amp;&amp; wildList.indexOf(symbol) != -1): null

2019-08-15 16:33:02 - [TEST_STEP][PASSED] - if (i == 4 &amp;&amp; wildList.indexOf(symbol) != -1): null

2019-08-15 16:33:02 - [TEST_STEP][PASSED] - symbol = symbol: null

2019-08-15 16:33:02 - [TEST_STEP][PASSED] - println(symbol): null

2019-08-15 16:33:02 - [TEST_STEP][PASSED] - if (i == 2 &amp;&amp; wildList.indexOf(symbol) != -1): null

2019-08-15 16:33:02 - [TEST_STEP][PASSED] - if (i == 3 &amp;&amp; wildList.indexOf(symbol) != -1): null

2019-08-15 16:33:02 - [TEST_STEP][PASSED] - if (i == 4 &amp;&amp; wildList.indexOf(symbol) != -1): null

2019-08-15 16:33:02 - [TEST_STEP][PASSED] - symbol = symbol: null

2019-08-15 16:33:02 - [TEST_STEP][PASSED] - println(symbol): null

2019-08-15 16:33:02 - [TEST_STEP][PASSED] - if (i == 2 &amp;&amp; wildList.indexOf(symbol) != -1): null

2019-08-15 16:33:02 - [TEST_STEP][PASSED] - if (i == 3 &amp;&amp; wildList.indexOf(symbol) != -1): null

2019-08-15 16:33:02 - [TEST_STEP][PASSED] - if (i == 4 &amp;&amp; wildList.indexOf(symbol) != -1): null

2019-08-15 16:33:02 - [TEST_STEP][PASSED] - symbols = symbols: null

2019-08-15 16:33:02 - [TEST_STEP][PASSED] - for ([j = 0, j &lt; symbols.size(), (j++)]): null

2019-08-15 16:33:02 - [TEST_STEP][PASSED] - symbol = symbol: null

2019-08-15 16:33:02 - [TEST_STEP][PASSED] - println(symbol): null

2019-08-15 16:33:02 - [TEST_STEP][PASSED] - if (i == 2 &amp;&amp; wildList.indexOf(symbol) != -1): null

2019-08-15 16:33:02 - [TEST_STEP][PASSED] - if (i == 3 &amp;&amp; wildList.indexOf(symbol) != -1): null

2019-08-15 16:33:07 - [TEST_STEP][PASSED] - if (i == 4 &amp;&amp; wildList.indexOf(symbol) != -1): null

2019-08-15 16:33:07 - [TEST_STEP][PASSED] - symbol = symbol: null

2019-08-15 16:33:07 - [TEST_STEP][PASSED] - println(symbol): null

2019-08-15 16:33:07 - [TEST_STEP][PASSED] - if (i == 2 &amp;&amp; wildList.indexOf(symbol) != -1): null

2019-08-15 16:33:07 - [TEST_STEP][PASSED] - if (i == 3 &amp;&amp; wildList.indexOf(symbol) != -1): null

2019-08-15 16:33:07 - [TEST_STEP][PASSED] - if (i == 4 &amp;&amp; wildList.indexOf(symbol) != -1): null

2019-08-15 16:33:07 - [TEST_STEP][PASSED] - symbol = symbol: null

2019-08-15 16:33:07 - [TEST_STEP][PASSED] - println(symbol): null

2019-08-15 16:33:07 - [TEST_STEP][PASSED] - if (i == 2 &amp;&amp; wildList.indexOf(symbol) != -1): null

2019-08-15 16:33:07 - [TEST_STEP][PASSED] - if (i == 3 &amp;&amp; wildList.indexOf(symbol) != -1): null

2019-08-15 16:33:10 - [TEST_STEP][PASSED] - if (i == 4 &amp;&amp; wildList.indexOf(symbol) != -1): null

2019-08-15 16:33:10 - [TEST_STEP][PASSED] - symbols = symbols: null

2019-08-15 16:33:10 - [TEST_STEP][PASSED] - for ([j = 0, j &lt; symbols.size(), (j++)]): null

2019-08-15 16:33:10 - [TEST_STEP][PASSED] - symbol = symbol: null

2019-08-15 16:33:10 - [TEST_STEP][PASSED] - println(symbol): null

2019-08-15 16:33:10 - [TEST_STEP][PASSED] - if (i == 2 &amp;&amp; wildList.indexOf(symbol) != -1): null

2019-08-15 16:33:10 - [TEST_STEP][PASSED] - if (i == 3 &amp;&amp; wildList.indexOf(symbol) != -1): null

2019-08-15 16:33:10 - [TEST_STEP][PASSED] - if (i == 4 &amp;&amp; wildList.indexOf(symbol) != -1): null

2019-08-15 16:33:10 - [TEST_STEP][PASSED] - symbol = symbol: null

2019-08-15 16:33:10 - [TEST_STEP][PASSED] - println(symbol): null

2019-08-15 16:33:10 - [TEST_STEP][PASSED] - if (i == 2 &amp;&amp; wildList.indexOf(symbol) != -1): null

2019-08-15 16:33:10 - [TEST_STEP][PASSED] - if (i == 3 &amp;&amp; wildList.indexOf(symbol) != -1): null

2019-08-15 16:33:10 - [TEST_STEP][PASSED] - if (i == 4 &amp;&amp; wildList.indexOf(symbol) != -1): null

2019-08-15 16:33:10 - [TEST_STEP][PASSED] - symbol = symbol: null

2019-08-15 16:33:10 - [TEST_STEP][PASSED] - println(symbol): null

2019-08-15 16:33:10 - [TEST_STEP][PASSED] - if (i == 2 &amp;&amp; wildList.indexOf(symbol) != -1): null

2019-08-15 16:33:10 - [TEST_STEP][PASSED] - if (i == 3 &amp;&amp; wildList.indexOf(symbol) != -1): null

2019-08-15 16:33:10 - [TEST_STEP][PASSED] - if (i == 4 &amp;&amp; wildList.indexOf(symbol) != -1): null

2019-08-15 16:33:10 - [TEST_STEP][PASSED] - symbols = symbols: null

2019-08-15 16:33:10 - [TEST_STEP][PASSED] - for ([j = 0, j &lt; symbols.size(), (j++)]): null

2019-08-15 16:33:10 - [TEST_STEP][PASSED] - symbol = symbol: null

2019-08-15 16:33:10 - [TEST_STEP][PASSED] - println(symbol): null

2019-08-15 16:33:10 - [TEST_STEP][PASSED] - if (i == 2 &amp;&amp; wildList.indexOf(symbol) != -1): null

2019-08-15 16:33:10 - [TEST_STEP][PASSED] - if (i == 3 &amp;&amp; wildList.indexOf(symbol) != -1): null

2019-08-15 16:33:10 - [TEST_STEP][PASSED] - if (i == 4 &amp;&amp; wildList.indexOf(symbol) != -1): null

2019-08-15 16:33:10 - [TEST_STEP][PASSED] - symbol = symbol: null

2019-08-15 16:33:10 - [TEST_STEP][PASSED] - println(symbol): null

2019-08-15 16:33:10 - [TEST_STEP][PASSED] - if (i == 2 &amp;&amp; wildList.indexOf(symbol) != -1): null

2019-08-15 16:33:10 - [TEST_STEP][PASSED] - if (i == 3 &amp;&amp; wildList.indexOf(symbol) != -1): null

2019-08-15 16:33:10 - [TEST_STEP][PASSED] - if (i == 4 &amp;&amp; wildList.indexOf(symbol) != -1): null

2019-08-15 16:33:10 - [TEST_STEP][PASSED] - symbol = symbol: null

2019-08-15 16:33:10 - [TEST_STEP][PASSED] - println(symbol): null

2019-08-15 16:33:10 - [TEST_STEP][PASSED] - if (i == 2 &amp;&amp; wildList.indexOf(symbol) != -1): null

2019-08-15 16:33:10 - [TEST_STEP][PASSED] - if (i == 3 &amp;&amp; wildList.indexOf(symbol) != -1): null

2019-08-15 16:33:10 - [TEST_STEP][PASSED] - if (i == 4 &amp;&amp; wildList.indexOf(symbol) != -1): null

2019-08-15 16:33:10 - [TEST_STEP][PASSED] - symbols = symbols: null

2019-08-15 16:33:10 - [TEST_STEP][PASSED] - for ([j = 0, j &lt; symbols.size(), (j++)]): null

2019-08-15 16:33:10 - [TEST_STEP][PASSED] - symbol = symbol: null

2019-08-15 16:33:10 - [TEST_STEP][PASSED] - println(symbol): null

2019-08-15 16:33:10 - [TEST_STEP][PASSED] - if (i == 2 &amp;&amp; wildList.indexOf(symbol) != -1): null

2019-08-15 16:33:10 - [TEST_STEP][PASSED] - if (i == 3 &amp;&amp; wildList.indexOf(symbol) != -1): null

2019-08-15 16:33:10 - [TEST_STEP][PASSED] - if (i == 4 &amp;&amp; wildList.indexOf(symbol) != -1): null

2019-08-15 16:33:10 - [TEST_STEP][PASSED] - symbol = symbol: null

2019-08-15 16:33:10 - [TEST_STEP][PASSED] - println(symbol): null

2019-08-15 16:33:10 - [TEST_STEP][PASSED] - if (i == 2 &amp;&amp; wildList.indexOf(symbol) != -1): null

2019-08-15 16:33:10 - [TEST_STEP][PASSED] - if (i == 3 &amp;&amp; wildList.indexOf(symbol) != -1): null

2019-08-15 16:33:10 - [TEST_STEP][PASSED] - if (i == 4 &amp;&amp; wildList.indexOf(symbol) != -1): null

2019-08-15 16:33:10 - [TEST_STEP][PASSED] - symbol = symbol: null

2019-08-15 16:33:10 - [TEST_STEP][PASSED] - println(symbol): null

2019-08-15 16:33:10 - [TEST_STEP][PASSED] - if (i == 2 &amp;&amp; wildList.indexOf(symbol) != -1): null

2019-08-15 16:33:10 - [TEST_STEP][PASSED] - if (i == 3 &amp;&amp; wildList.indexOf(symbol) != -1): null

2019-08-15 16:33:10 - [TEST_STEP][PASSED] - if (i == 4 &amp;&amp; wildList.indexOf(symbol) != -1): null

2019-08-15 16:33:10 - [TEST_STEP][PASSED] - free_spin_reel_counter = free_spin_reel_counter: null

2019-08-15 16:33:10 - [TEST_STEP][PASSED] - println("reel 3 wild found: " + free_spin_reel_counter[0]): null

2019-08-15 16:33:10 - [TEST_STEP][PASSED] - println("reel 4 wild found: " + free_spin_reel_counter[1]): null

2019-08-15 16:33:10 - [TEST_STEP][PASSED] - println("reel 5 wild found: " + free_spin_reel_counter[2]): null

2019-08-15 16:33:10 - [TEST_STEP][PASSED] - M4_spin_reels = M4_spin_reels: null

2019-08-15 16:33:10 - [TEST_STEP][PASSED] - M4_spin_reels_symbols = symbol: null

2019-08-15 16:33:10 - [TEST_STEP][PASSED] - M4_spin_reels_symbols = M4_spin_reels_symbols: null

2019-08-15 16:33:10 - [TEST_STEP][PASSED] - M4_spin_reel_wins = reel_wins: null

2019-08-15 16:33:10 - [TEST_STEP][PASSED] - M4_spin_reel_wins = M4_spin_reel_wins: null

2019-08-15 16:33:10 - [TEST_STEP][PASSED] - println("GlobalVariable.M4_spin_reel_wins is: " + M4_spin_reel_wins): null

2019-08-15 16:33:10 - [TEST_STEP][PASSED] - M4_spin_total_bonus_win_this_round = total_bonus_win_this_round: null

2019-08-15 16:33:10 - [TEST_STEP][PASSED] - M4_spin_total_bonus_win_this_round = M4_spin_total_bonus_win_this_round: null

2019-08-15 16:33:10 - [TEST_STEP][PASSED] - println("GlobalVariable.M4_spin_total_bonus_win_this_round is: " + M4_spin_total_bonus_win_this_round): null

2019-08-15 16:33:10 - [MESSAGE][PASSED] - Verify response successfully

2019-08-15 16:33:10 - [MESSAGE][PASSED] - Send request and verify the response successfully

2019-08-15 16:33:10 - [TEST_STEP][PASSED] - if (M4_total_bonus_spins_int != 0 &amp;&amp; M4_spin_reels_symbols[2].contains("WILD_Normal") || M4_spin_reels_symbols[3].contains("WILD_Normal") || M4_spin_reels_symbols[4].contains("WILD_Normal")): null

2019-08-15 16:33:10 - [TEST_STEP][PASSED] - free_spin_reel_counter = free_spin_reel_counter: null

2019-08-15 16:33:10 - [TEST_STEP][PASSED] - M4_spin_reels_symbols = M4_spin_reels_symbols: null

2019-08-15 16:33:10 - [TEST_STEP][PASSED] - M4_total_bonus_spins = M4_total_bonus_spins: null

2019-08-15 16:33:10 - [TEST_STEP][PASSED] - spin_result = sendRequestAndVerify(findTestObject("STG/RGS(M4)/1_M4_spin", ["M4_login_user_id":M4_login_user_id, "rgs_session_token":rgs_session_token, "partner":Partner])): Send request and verify the response successfully

2019-08-15 16:33:10 - [TEST_CASE][PASSED] - Start Test Case : Verification: Verification accomplished successfully

2019-08-15 16:33:10 - [TEST_STEP][PASSED] - request = getInstance().getCurrentRequest(): null

2019-08-15 16:33:10 - [TEST_STEP][PASSED] - response = getInstance().getCurrentResponse(): null

2019-08-15 16:33:10 - [TEST_STEP][PASSED] - verifyResponseStatusCode(response, 200): Verify response status code successfully

2019-08-15 16:33:10 - [MESSAGE][PASSED] - Verify response status code successfully

2019-08-15 16:33:10 - [TEST_STEP][PASSED] - getStatusCode()).isEqualTo(200): null

2019-08-15 16:33:10 - [TEST_STEP][PASSED] - newline = System.getProperty("line.separator"): null

2019-08-15 16:33:10 - [TEST_STEP][PASSED] - M4_spin = new groovy.json.JsonSlurper(): null

2019-08-15 16:33:10 - [TEST_STEP][PASSED] - result_M4_spin = M4_spin.parseText(response.getResponseBodyContent()): null

2019-08-15 16:33:10 - [TEST_STEP][PASSED] - M4_spin_current_balance = current_balance: null

2019-08-15 16:33:10 - [TEST_STEP][PASSED] - M4_spin_current_balance = M4_spin_current_balance: null

2019-08-15 16:33:10 - [TEST_STEP][PASSED] - M4_spin_transaction_id = causality: null

2019-08-15 16:33:10 - [TEST_STEP][PASSED] - M4_spin_transaction_id = M4_spin_transaction_id: null

2019-08-15 16:33:10 - [TEST_STEP][PASSED] - M4_spin_round_id = round_id: null

2019-08-15 16:33:10 - [TEST_STEP][PASSED] - M4_spin_round_id = M4_spin_round_id: null

2019-08-15 16:33:10 - [TEST_STEP][PASSED] - M4_spin_line_wins = line_wins: null

2019-08-15 16:33:10 - [TEST_STEP][PASSED] - M4_spin_line_wins = M4_spin_line_wins: null

2019-08-15 16:33:10 - [TEST_STEP][PASSED] - M4_total_bonus_spins_int = total_bonus_spins: null

2019-08-15 16:33:10 - [TEST_STEP][PASSED] - println("******M4_total_bonus_spins type is:*******" + newline + getClass().getName()): null

2019-08-15 16:33:10 - [TEST_STEP][PASSED] - M4_total_bonus_spins_int = M4_total_bonus_spins_int: null

2019-08-15 16:33:10 - [TEST_STEP][PASSED] - M4_total_bonus_spins = Integer.toString(M4_total_bonus_spins_int): null

2019-08-15 16:33:10 - [TEST_STEP][PASSED] - M4_total_bonus_spins = M4_total_bonus_spins: null

2019-08-15 16:33:10 - [TEST_STEP][PASSED] - println("M4_total_bonus_spins is:" + M4_total_bonus_spins): null

2019-08-15 16:33:10 - [TEST_STEP][PASSED] - M4_spin_bonus_data = bonus_data: null

2019-08-15 16:33:10 - [TEST_STEP][PASSED] - M4_spin_features_triggered = result_M4_spin: null

2019-08-15 16:33:10 - [TEST_STEP][PASSED] - wild = []: null

2019-08-15 16:33:10 - [TEST_STEP][PASSED] - wild[0] = "WILD_Expanding": null

2019-08-15 16:33:10 - [TEST_STEP][PASSED] - wild[1] = "WILD_Normal": null

2019-08-15 16:33:10 - [TEST_STEP][PASSED] - wild[2] = "WILD_Double": null

2019-08-15 16:33:10 - [TEST_STEP][PASSED] - wild[3] = "WILD_ExtraFG": null

2019-08-15 16:33:10 - [TEST_STEP][PASSED] - wild[4] = "WILD_Triple": null

2019-08-15 16:33:10 - [TEST_STEP][PASSED] - wildList = Arrays.asList(wild): null

2019-08-15 16:33:10 - [TEST_STEP][PASSED] - wildList = wildList: null

2019-08-15 16:33:10 - [TEST_STEP][PASSED] - free_spin_reel_counter = []: null

2019-08-15 16:33:10 - [TEST_STEP][PASSED] - free_spin_reel_counter[0] = 0: null

2019-08-15 16:33:10 - [TEST_STEP][PASSED] - free_spin_reel_counter[1] = 0: null

2019-08-15 16:33:10 - [TEST_STEP][PASSED] - free_spin_reel_counter[2] = 0: null

2019-08-15 16:33:10 - [TEST_STEP][PASSED] - M4_spin_reels = reels: null

2019-08-15 16:33:10 - [TEST_STEP][PASSED] - for ([i = 0, i &lt; M4_spin_reels.size(), (i++)]): null

2019-08-15 16:33:10 - [TEST_STEP][PASSED] - symbols = symbols: null

2019-08-15 16:33:10 - [TEST_STEP][PASSED] - for ([j = 0, j &lt; symbols.size(), (j++)]): null

2019-08-15 16:33:10 - [TEST_STEP][PASSED] - symbol = symbol: null

2019-08-15 16:33:10 - [TEST_STEP][PASSED] - println(symbol): null

2019-08-15 16:33:10 - [TEST_STEP][PASSED] - if (i == 2 &amp;&amp; wildList.indexOf(symbol) != -1): null

2019-08-15 16:33:10 - [TEST_STEP][PASSED] - if (i == 3 &amp;&amp; wildList.indexOf(symbol) != -1): null

2019-08-15 16:33:10 - [TEST_STEP][PASSED] - if (i == 4 &amp;&amp; wildList.indexOf(symbol) != -1): null

2019-08-15 16:33:10 - [TEST_STEP][PASSED] - symbol = symbol: null

2019-08-15 16:33:10 - [TEST_STEP][PASSED] - println(symbol): null

2019-08-15 16:33:10 - [TEST_STEP][PASSED] - if (i == 2 &amp;&amp; wildList.indexOf(symbol) != -1): null

2019-08-15 16:33:10 - [TEST_STEP][PASSED] - if (i == 3 &amp;&amp; wildList.indexOf(symbol) != -1): null

2019-08-15 16:33:10 - [TEST_STEP][PASSED] - if (i == 4 &amp;&amp; wildList.indexOf(symbol) != -1): null

2019-08-15 16:33:10 - [TEST_STEP][PASSED] - symbol = symbol: null

2019-08-15 16:33:10 - [TEST_STEP][PASSED] - println(symbol): null

2019-08-15 16:33:10 - [TEST_STEP][PASSED] - if (i == 2 &amp;&amp; wildList.indexOf(symbol) != -1): null

2019-08-15 16:33:10 - [TEST_STEP][PASSED] - if (i == 3 &amp;&amp; wildList.indexOf(symbol) != -1): null

2019-08-15 16:33:10 - [TEST_STEP][PASSED] - if (i == 4 &amp;&amp; wildList.indexOf(symbol) != -1): null

2019-08-15 16:33:10 - [TEST_STEP][PASSED] - symbols = symbols: null

2019-08-15 16:33:10 - [TEST_STEP][PASSED] - for ([j = 0, j &lt; symbols.size(), (j++)]): null

2019-08-15 16:33:10 - [TEST_STEP][PASSED] - symbol = symbol: null

2019-08-15 16:33:10 - [TEST_STEP][PASSED] - println(symbol): null

2019-08-15 16:33:10 - [TEST_STEP][PASSED] - if (i == 2 &amp;&amp; wildList.indexOf(symbol) != -1): null

2019-08-15 16:33:10 - [TEST_STEP][PASSED] - if (i == 3 &amp;&amp; wildList.indexOf(symbol) != -1): null

2019-08-15 16:33:10 - [TEST_STEP][PASSED] - if (i == 4 &amp;&amp; wildList.indexOf(symbol) != -1): null

2019-08-15 16:33:10 - [TEST_STEP][PASSED] - symbol = symbol: null

2019-08-15 16:33:10 - [TEST_STEP][PASSED] - println(symbol): null

2019-08-15 16:33:10 - [TEST_STEP][PASSED] - if (i == 2 &amp;&amp; wildList.indexOf(symbol) != -1): null

2019-08-15 16:33:10 - [TEST_STEP][PASSED] - if (i == 3 &amp;&amp; wildList.indexOf(symbol) != -1): null

2019-08-15 16:33:10 - [TEST_STEP][PASSED] - if (i == 4 &amp;&amp; wildList.indexOf(symbol) != -1): null

2019-08-15 16:33:10 - [TEST_STEP][PASSED] - symbol = symbol: null

2019-08-15 16:33:10 - [TEST_STEP][PASSED] - println(symbol): null

2019-08-15 16:33:10 - [TEST_STEP][PASSED] - if (i == 2 &amp;&amp; wildList.indexOf(symbol) != -1): null

2019-08-15 16:33:10 - [TEST_STEP][PASSED] - if (i == 3 &amp;&amp; wildList.indexOf(symbol) != -1): null

2019-08-15 16:33:10 - [TEST_STEP][PASSED] - if (i == 4 &amp;&amp; wildList.indexOf(symbol) != -1): null

2019-08-15 16:33:10 - [TEST_STEP][PASSED] - symbols = symbols: null

2019-08-15 16:33:10 - [TEST_STEP][PASSED] - for ([j = 0, j &lt; symbols.size(), (j++)]): null

2019-08-15 16:33:10 - [TEST_STEP][PASSED] - symbol = symbol: null

2019-08-15 16:33:10 - [TEST_STEP][PASSED] - println(symbol): null

2019-08-15 16:33:10 - [TEST_STEP][PASSED] - if (i == 2 &amp;&amp; wildList.indexOf(symbol) != -1): null

2019-08-15 16:33:10 - [TEST_STEP][PASSED] - if (i == 3 &amp;&amp; wildList.indexOf(symbol) != -1): null

2019-08-15 16:33:10 - [TEST_STEP][PASSED] - if (i == 4 &amp;&amp; wildList.indexOf(symbol) != -1): null

2019-08-15 16:33:10 - [TEST_STEP][PASSED] - symbol = symbol: null

2019-08-15 16:33:10 - [TEST_STEP][PASSED] - println(symbol): null

2019-08-15 16:33:10 - [TEST_STEP][PASSED] - if (i == 2 &amp;&amp; wildList.indexOf(symbol) != -1): null

2019-08-15 16:33:10 - [TEST_STEP][PASSED] - if (i == 3 &amp;&amp; wildList.indexOf(symbol) != -1): null

2019-08-15 16:33:10 - [TEST_STEP][PASSED] - if (i == 4 &amp;&amp; wildList.indexOf(symbol) != -1): null

2019-08-15 16:33:10 - [TEST_STEP][PASSED] - symbol = symbol: null

2019-08-15 16:33:10 - [TEST_STEP][PASSED] - println(symbol): null

2019-08-15 16:33:10 - [TEST_STEP][PASSED] - if (i == 2 &amp;&amp; wildList.indexOf(symbol) != -1): null

2019-08-15 16:33:10 - [TEST_STEP][PASSED] - if (i == 3 &amp;&amp; wildList.indexOf(symbol) != -1): null

2019-08-15 16:33:10 - [TEST_STEP][PASSED] - if (i == 4 &amp;&amp; wildList.indexOf(symbol) != -1): null

2019-08-15 16:33:10 - [TEST_STEP][PASSED] - symbols = symbols: null

2019-08-15 16:33:10 - [TEST_STEP][PASSED] - for ([j = 0, j &lt; symbols.size(), (j++)]): null

2019-08-15 16:33:10 - [TEST_STEP][PASSED] - symbol = symbol: null

2019-08-15 16:33:10 - [TEST_STEP][PASSED] - println(symbol): null

2019-08-15 16:33:10 - [TEST_STEP][PASSED] - if (i == 2 &amp;&amp; wildList.indexOf(symbol) != -1): null

2019-08-15 16:33:10 - [TEST_STEP][PASSED] - if (i == 3 &amp;&amp; wildList.indexOf(symbol) != -1): null

2019-08-15 16:33:10 - [TEST_STEP][PASSED] - if (i == 4 &amp;&amp; wildList.indexOf(symbol) != -1): null

2019-08-15 16:33:10 - [TEST_STEP][PASSED] - symbol = symbol: null

2019-08-15 16:33:10 - [TEST_STEP][PASSED] - println(symbol): null

2019-08-15 16:33:10 - [TEST_STEP][PASSED] - if (i == 2 &amp;&amp; wildList.indexOf(symbol) != -1): null

2019-08-15 16:33:10 - [TEST_STEP][PASSED] - if (i == 3 &amp;&amp; wildList.indexOf(symbol) != -1): null

2019-08-15 16:33:10 - [TEST_STEP][PASSED] - if (i == 4 &amp;&amp; wildList.indexOf(symbol) != -1): null

2019-08-15 16:33:10 - [TEST_STEP][PASSED] - symbol = symbol: null

2019-08-15 16:33:10 - [TEST_STEP][PASSED] - println(symbol): null

2019-08-15 16:33:10 - [TEST_STEP][PASSED] - if (i == 2 &amp;&amp; wildList.indexOf(symbol) != -1): null

2019-08-15 16:33:10 - [TEST_STEP][PASSED] - if (i == 3 &amp;&amp; wildList.indexOf(symbol) != -1): null

2019-08-15 16:33:10 - [TEST_STEP][PASSED] - if (i == 4 &amp;&amp; wildList.indexOf(symbol) != -1): null

2019-08-15 16:33:10 - [TEST_STEP][PASSED] - symbols = symbols: null

2019-08-15 16:33:10 - [TEST_STEP][PASSED] - for ([j = 0, j &lt; symbols.size(), (j++)]): null

2019-08-15 16:33:10 - [TEST_STEP][PASSED] - symbol = symbol: null

2019-08-15 16:33:10 - [TEST_STEP][PASSED] - println(symbol): null

2019-08-15 16:33:10 - [TEST_STEP][PASSED] - if (i == 2 &amp;&amp; wildList.indexOf(symbol) != -1): null

2019-08-15 16:33:10 - [TEST_STEP][PASSED] - if (i == 3 &amp;&amp; wildList.indexOf(symbol) != -1): null

2019-08-15 16:33:10 - [TEST_STEP][PASSED] - if (i == 4 &amp;&amp; wildList.indexOf(symbol) != -1): null

2019-08-15 16:33:10 - [TEST_STEP][PASSED] - symbol = symbol: null

2019-08-15 16:33:10 - [TEST_STEP][PASSED] - println(symbol): null

2019-08-15 16:33:10 - [TEST_STEP][PASSED] - if (i == 2 &amp;&amp; wildList.indexOf(symbol) != -1): null

2019-08-15 16:33:10 - [TEST_STEP][PASSED] - if (i == 3 &amp;&amp; wildList.indexOf(symbol) != -1): null

2019-08-15 16:33:10 - [TEST_STEP][PASSED] - if (i == 4 &amp;&amp; wildList.indexOf(symbol) != -1): null

2019-08-15 16:33:10 - [TEST_STEP][PASSED] - symbol = symbol: null

2019-08-15 16:33:10 - [TEST_STEP][PASSED] - println(symbol): null

2019-08-15 16:33:10 - [TEST_STEP][PASSED] - if (i == 2 &amp;&amp; wildList.indexOf(symbol) != -1): null

2019-08-15 16:33:10 - [TEST_STEP][PASSED] - if (i == 3 &amp;&amp; wildList.indexOf(symbol) != -1): null

2019-08-15 16:33:10 - [TEST_STEP][PASSED] - if (i == 4 &amp;&amp; wildList.indexOf(symbol) != -1): null

2019-08-15 16:33:10 - [TEST_STEP][PASSED] - free_spin_reel_counter = free_spin_reel_counter: null

2019-08-15 16:33:10 - [TEST_STEP][PASSED] - println("reel 3 wild found: " + free_spin_reel_counter[0]): null

2019-08-15 16:33:10 - [TEST_STEP][PASSED] - println("reel 4 wild found: " + free_spin_reel_counter[1]): null

2019-08-15 16:33:10 - [TEST_STEP][PASSED] - println("reel 5 wild found: " + free_spin_reel_counter[2]): null

2019-08-15 16:33:10 - [TEST_STEP][PASSED] - M4_spin_reels = M4_spin_reels: null

2019-08-15 16:33:10 - [TEST_STEP][PASSED] - M4_spin_reels_symbols = symbol: null

2019-08-15 16:33:10 - [TEST_STEP][PASSED] - M4_spin_reels_symbols = M4_spin_reels_symbols: null

2019-08-15 16:33:10 - [TEST_STEP][PASSED] - M4_spin_reel_wins = reel_wins: null

2019-08-15 16:33:10 - [TEST_STEP][PASSED] - M4_spin_reel_wins = M4_spin_reel_wins: null

2019-08-15 16:33:10 - [TEST_STEP][PASSED] - println("GlobalVariable.M4_spin_reel_wins is: " + M4_spin_reel_wins): null

2019-08-15 16:33:10 - [TEST_STEP][PASSED] - M4_spin_total_bonus_win_this_round = total_bonus_win_this_round: null

2019-08-15 16:33:10 - [TEST_STEP][PASSED] - M4_spin_total_bonus_win_this_round = M4_spin_total_bonus_win_this_round: null

2019-08-15 16:33:10 - [TEST_STEP][PASSED] - println("GlobalVariable.M4_spin_total_bonus_win_this_round is: " + M4_spin_total_bonus_win_this_round): null

2019-08-15 16:33:10 - [MESSAGE][PASSED] - Verify response successfully

2019-08-15 16:33:10 - [MESSAGE][PASSED] - Send request and verify the response successfully

2019-08-15 16:33:10 - [TEST_STEP][PASSED] - if (M4_total_bonus_spins_int != 0 &amp;&amp; M4_spin_reels_symbols[2].contains("WILD_Normal") || M4_spin_reels_symbols[3].contains("WILD_Normal") || M4_spin_reels_symbols[4].contains("WILD_Normal")): null

2019-08-15 16:33:10 - [TEST_STEP][PASSED] - free_spin_reel_counter = free_spin_reel_counter: null

2019-08-15 16:33:10 - [TEST_STEP][PASSED] - M4_spin_reels_symbols = M4_spin_reels_symbols: null

2019-08-15 16:33:10 - [TEST_STEP][PASSED] - M4_total_bonus_spins = M4_total_bonus_spins: null

2019-08-15 16:33:10 - [TEST_STEP][PASSED] - spin_result = sendRequestAndVerify(findTestObject("STG/RGS(M4)/1_M4_spin", ["M4_login_user_id":M4_login_user_id, "rgs_session_token":rgs_session_token, "partner":Partner])): Send request and verify the response successfully

2019-08-15 16:33:11 - [TEST_CASE][PASSED] - Start Test Case : Verification: Verification accomplished successfully

2019-08-15 16:33:11 - [TEST_STEP][PASSED] - request = getInstance().getCurrentRequest(): null

2019-08-15 16:33:11 - [TEST_STEP][PASSED] - response = getInstance().getCurrentResponse(): null

2019-08-15 16:33:11 - [TEST_STEP][PASSED] - verifyResponseStatusCode(response, 200): Verify response status code successfully

2019-08-15 16:33:11 - [MESSAGE][PASSED] - Verify response status code successfully

2019-08-15 16:33:11 - [TEST_STEP][PASSED] - getStatusCode()).isEqualTo(200): null

2019-08-15 16:33:11 - [TEST_STEP][PASSED] - newline = System.getProperty("line.separator"): null

2019-08-15 16:33:11 - [TEST_STEP][PASSED] - M4_spin = new groovy.json.JsonSlurper(): null

2019-08-15 16:33:11 - [TEST_STEP][PASSED] - result_M4_spin = M4_spin.parseText(response.getResponseBodyContent()): null

2019-08-15 16:33:11 - [TEST_STEP][PASSED] - M4_spin_current_balance = current_balance: null

2019-08-15 16:33:11 - [TEST_STEP][PASSED] - M4_spin_current_balance = M4_spin_current_balance: null

2019-08-15 16:33:11 - [TEST_STEP][PASSED] - M4_spin_transaction_id = causality: null

2019-08-15 16:33:11 - [TEST_STEP][PASSED] - M4_spin_transaction_id = M4_spin_transaction_id: null

2019-08-15 16:33:11 - [TEST_STEP][PASSED] - M4_spin_round_id = round_id: null

2019-08-15 16:33:11 - [TEST_STEP][PASSED] - M4_spin_round_id = M4_spin_round_id: null

2019-08-15 16:33:11 - [TEST_STEP][PASSED] - M4_spin_line_wins = line_wins: null

2019-08-15 16:33:11 - [TEST_STEP][PASSED] - M4_spin_line_wins = M4_spin_line_wins: null

2019-08-15 16:33:11 - [TEST_STEP][PASSED] - M4_total_bonus_spins_int = total_bonus_spins: null

2019-08-15 16:33:11 - [TEST_STEP][PASSED] - println("******M4_total_bonus_spins type is:*******" + newline + getClass().getName()): null

2019-08-15 16:33:11 - [TEST_STEP][PASSED] - M4_total_bonus_spins_int = M4_total_bonus_spins_int: null

2019-08-15 16:33:11 - [TEST_STEP][PASSED] - M4_total_bonus_spins = Integer.toString(M4_total_bonus_spins_int): null

2019-08-15 16:33:11 - [TEST_STEP][PASSED] - M4_total_bonus_spins = M4_total_bonus_spins: null

2019-08-15 16:33:11 - [TEST_STEP][PASSED] - println("M4_total_bonus_spins is:" + M4_total_bonus_spins): null

2019-08-15 16:33:11 - [TEST_STEP][PASSED] - M4_spin_bonus_data = bonus_data: null

2019-08-15 16:33:11 - [TEST_STEP][PASSED] - M4_spin_features_triggered = result_M4_spin: null

2019-08-15 16:33:11 - [TEST_STEP][PASSED] - wild = []: null

2019-08-15 16:33:11 - [TEST_STEP][PASSED] - wild[0] = "WILD_Expanding": null

2019-08-15 16:33:11 - [TEST_STEP][PASSED] - wild[1] = "WILD_Normal": null

2019-08-15 16:33:11 - [TEST_STEP][PASSED] - wild[2] = "WILD_Double": null

2019-08-15 16:33:11 - [TEST_STEP][PASSED] - wild[3] = "WILD_ExtraFG": null

2019-08-15 16:33:11 - [TEST_STEP][PASSED] - wild[4] = "WILD_Triple": null

2019-08-15 16:33:11 - [TEST_STEP][PASSED] - wildList = Arrays.asList(wild): null

2019-08-15 16:33:11 - [TEST_STEP][PASSED] - wildList = wildList: null

2019-08-15 16:33:11 - [TEST_STEP][PASSED] - free_spin_reel_counter = []: null

2019-08-15 16:33:11 - [TEST_STEP][PASSED] - free_spin_reel_counter[0] = 0: null

2019-08-15 16:33:11 - [TEST_STEP][PASSED] - free_spin_reel_counter[1] = 0: null

2019-08-15 16:33:11 - [TEST_STEP][PASSED] - free_spin_reel_counter[2] = 0: null

2019-08-15 16:33:11 - [TEST_STEP][PASSED] - M4_spin_reels = reels: null

2019-08-15 16:33:11 - [TEST_STEP][PASSED] - for ([i = 0, i &lt; M4_spin_reels.size(), (i++)]): null

2019-08-15 16:33:11 - [TEST_STEP][PASSED] - symbols = symbols: null

2019-08-15 16:33:11 - [TEST_STEP][PASSED] - for ([j = 0, j &lt; symbols.size(), (j++)]): null

2019-08-15 16:33:11 - [TEST_STEP][PASSED] - symbol = symbol: null

2019-08-15 16:33:11 - [TEST_STEP][PASSED] - println(symbol): null

2019-08-15 16:33:11 - [TEST_STEP][PASSED] - if (i == 2 &amp;&amp; wildList.indexOf(symbol) != -1): null

2019-08-15 16:33:11 - [TEST_STEP][PASSED] - if (i == 3 &amp;&amp; wildList.indexOf(symbol) != -1): null

2019-08-15 16:33:11 - [TEST_STEP][PASSED] - if (i == 4 &amp;&amp; wildList.indexOf(symbol) != -1): null

2019-08-15 16:33:11 - [TEST_STEP][PASSED] - symbol = symbol: null

2019-08-15 16:33:11 - [TEST_STEP][PASSED] - println(symbol): null

2019-08-15 16:33:11 - [TEST_STEP][PASSED] - if (i == 2 &amp;&amp; wildList.indexOf(symbol) != -1): null

2019-08-15 16:33:11 - [TEST_STEP][PASSED] - if (i == 3 &amp;&amp; wildList.indexOf(symbol) != -1): null

2019-08-15 16:33:11 - [TEST_STEP][PASSED] - if (i == 4 &amp;&amp; wildList.indexOf(symbol) != -1): null

2019-08-15 16:33:11 - [TEST_STEP][PASSED] - symbol = symbol: null

2019-08-15 16:33:11 - [TEST_STEP][PASSED] - println(symbol): null

2019-08-15 16:33:11 - [TEST_STEP][PASSED] - if (i == 2 &amp;&amp; wildList.indexOf(symbol) != -1): null

2019-08-15 16:33:11 - [TEST_STEP][PASSED] - if (i == 3 &amp;&amp; wildList.indexOf(symbol) != -1): null

2019-08-15 16:33:11 - [TEST_STEP][PASSED] - if (i == 4 &amp;&amp; wildList.indexOf(symbol) != -1): null

2019-08-15 16:33:11 - [TEST_STEP][PASSED] - symbols = symbols: null

2019-08-15 16:33:11 - [TEST_STEP][PASSED] - for ([j = 0, j &lt; symbols.size(), (j++)]): null

2019-08-15 16:33:11 - [TEST_STEP][PASSED] - symbol = symbol: null

2019-08-15 16:33:11 - [TEST_STEP][PASSED] - println(symbol): null

2019-08-15 16:33:11 - [TEST_STEP][PASSED] - if (i == 2 &amp;&amp; wildList.indexOf(symbol) != -1): null

2019-08-15 16:33:11 - [TEST_STEP][PASSED] - if (i == 3 &amp;&amp; wildList.indexOf(symbol) != -1): null

2019-08-15 16:33:11 - [TEST_STEP][PASSED] - if (i == 4 &amp;&amp; wildList.indexOf(symbol) != -1): null

2019-08-15 16:33:11 - [TEST_STEP][PASSED] - symbol = symbol: null

2019-08-15 16:33:11 - [TEST_STEP][PASSED] - println(symbol): null

2019-08-15 16:33:11 - [TEST_STEP][PASSED] - if (i == 2 &amp;&amp; wildList.indexOf(symbol) != -1): null

2019-08-15 16:33:11 - [TEST_STEP][PASSED] - if (i == 3 &amp;&amp; wildList.indexOf(symbol) != -1): null

2019-08-15 16:33:11 - [TEST_STEP][PASSED] - if (i == 4 &amp;&amp; wildList.indexOf(symbol) != -1): null

2019-08-15 16:33:11 - [TEST_STEP][PASSED] - symbol = symbol: null

2019-08-15 16:33:11 - [TEST_STEP][PASSED] - println(symbol): null

2019-08-15 16:33:11 - [TEST_STEP][PASSED] - if (i == 2 &amp;&amp; wildList.indexOf(symbol) != -1): null

2019-08-15 16:33:11 - [TEST_STEP][PASSED] - if (i == 3 &amp;&amp; wildList.indexOf(symbol) != -1): null

2019-08-15 16:33:11 - [TEST_STEP][PASSED] - if (i == 4 &amp;&amp; wildList.indexOf(symbol) != -1): null

2019-08-15 16:33:11 - [TEST_STEP][PASSED] - symbols = symbols: null

2019-08-15 16:33:11 - [TEST_STEP][PASSED] - for ([j = 0, j &lt; symbols.size(), (j++)]): null

2019-08-15 16:33:11 - [TEST_STEP][PASSED] - symbol = symbol: null

2019-08-15 16:33:11 - [TEST_STEP][PASSED] - println(symbol): null

2019-08-15 16:33:11 - [TEST_STEP][PASSED] - if (i == 2 &amp;&amp; wildList.indexOf(symbol) != -1): null

2019-08-15 16:33:11 - [TEST_STEP][PASSED] - if (i == 3 &amp;&amp; wildList.indexOf(symbol) != -1): null

2019-08-15 16:33:11 - [TEST_STEP][PASSED] - if (i == 4 &amp;&amp; wildList.indexOf(symbol) != -1): null

2019-08-15 16:33:11 - [TEST_STEP][PASSED] - symbol = symbol: null

2019-08-15 16:33:11 - [TEST_STEP][PASSED] - println(symbol): null

2019-08-15 16:33:11 - [TEST_STEP][PASSED] - if (i == 2 &amp;&amp; wildList.indexOf(symbol) != -1): null

2019-08-15 16:33:11 - [TEST_STEP][PASSED] - println("wild found on reel 3, adding counter by 1"): null

2019-08-15 16:33:11 - [TEST_STEP][PASSED] - free_spin_reel_counter[0] = free_spin_reel_counter[0] + 1: null

2019-08-15 16:33:11 - [TEST_STEP][PASSED] - if (i == 3 &amp;&amp; wildList.indexOf(symbol) != -1): null

2019-08-15 16:33:11 - [TEST_STEP][PASSED] - if (i == 4 &amp;&amp; wildList.indexOf(symbol) != -1): null

2019-08-15 16:33:11 - [TEST_STEP][PASSED] - symbol = symbol: null

2019-08-15 16:33:11 - [TEST_STEP][PASSED] - println(symbol): null

2019-08-15 16:33:11 - [TEST_STEP][PASSED] - if (i == 2 &amp;&amp; wildList.indexOf(symbol) != -1): null

2019-08-15 16:33:11 - [TEST_STEP][PASSED] - if (i == 3 &amp;&amp; wildList.indexOf(symbol) != -1): null

2019-08-15 16:33:11 - [TEST_STEP][PASSED] - if (i == 4 &amp;&amp; wildList.indexOf(symbol) != -1): null

2019-08-15 16:33:11 - [TEST_STEP][PASSED] - symbols = symbols: null

2019-08-15 16:33:11 - [TEST_STEP][PASSED] - for ([j = 0, j &lt; symbols.size(), (j++)]): null

2019-08-15 16:33:11 - [TEST_STEP][PASSED] - symbol = symbol: null

2019-08-15 16:33:11 - [TEST_STEP][PASSED] - println(symbol): null

2019-08-15 16:33:11 - [TEST_STEP][PASSED] - if (i == 2 &amp;&amp; wildList.indexOf(symbol) != -1): null

2019-08-15 16:33:11 - [TEST_STEP][PASSED] - if (i == 3 &amp;&amp; wildList.indexOf(symbol) != -1): null

2019-08-15 16:33:11 - [TEST_STEP][PASSED] - if (i == 4 &amp;&amp; wildList.indexOf(symbol) != -1): null

2019-08-15 16:33:11 - [TEST_STEP][PASSED] - symbol = symbol: null

2019-08-15 16:33:11 - [TEST_STEP][PASSED] - println(symbol): null

2019-08-15 16:33:11 - [TEST_STEP][PASSED] - if (i == 2 &amp;&amp; wildList.indexOf(symbol) != -1): null

2019-08-15 16:33:11 - [TEST_STEP][PASSED] - if (i == 3 &amp;&amp; wildList.indexOf(symbol) != -1): null

2019-08-15 16:33:11 - [TEST_STEP][PASSED] - if (i == 4 &amp;&amp; wildList.indexOf(symbol) != -1): null

2019-08-15 16:33:11 - [TEST_STEP][PASSED] - symbol = symbol: null

2019-08-15 16:33:11 - [TEST_STEP][PASSED] - println(symbol): null

2019-08-15 16:33:15 - [TEST_STEP][PASSED] - if (i == 2 &amp;&amp; wildList.indexOf(symbol) != -1): null

2019-08-15 16:33:15 - [TEST_STEP][PASSED] - if (i == 3 &amp;&amp; wildList.indexOf(symbol) != -1): null

2019-08-15 16:33:15 - [TEST_STEP][PASSED] - if (i == 4 &amp;&amp; wildList.indexOf(symbol) != -1): null

2019-08-15 16:33:15 - [TEST_STEP][PASSED] - symbols = symbols: null

2019-08-15 16:33:15 - [TEST_STEP][PASSED] - for ([j = 0, j &lt; symbols.size(), (j++)]): null

2019-08-15 16:33:15 - [TEST_STEP][PASSED] - symbol = symbol: null

2019-08-15 16:33:15 - [TEST_STEP][PASSED] - println(symbol): null

2019-08-15 16:33:15 - [TEST_STEP][PASSED] - if (i == 2 &amp;&amp; wildList.indexOf(symbol) != -1): null

2019-08-15 16:33:15 - [TEST_STEP][PASSED] - if (i == 3 &amp;&amp; wildList.indexOf(symbol) != -1): null

2019-08-15 16:33:15 - [TEST_STEP][PASSED] - if (i == 4 &amp;&amp; wildList.indexOf(symbol) != -1): null

2019-08-15 16:33:19 - [TEST_STEP][PASSED] - symbol = symbol: null

2019-08-15 16:33:19 - [TEST_STEP][PASSED] - println(symbol): null

2019-08-15 16:33:19 - [TEST_STEP][PASSED] - if (i == 2 &amp;&amp; wildList.indexOf(symbol) != -1): null

2019-08-15 16:33:19 - [TEST_STEP][PASSED] - if (i == 3 &amp;&amp; wildList.indexOf(symbol) != -1): null

2019-08-15 16:33:19 - [TEST_STEP][PASSED] - if (i == 4 &amp;&amp; wildList.indexOf(symbol) != -1): null

2019-08-15 16:33:19 - [TEST_STEP][PASSED] - println("wild found on reel 5, adding counter by 1"): null

2019-08-15 16:33:19 - [TEST_STEP][PASSED] - free_spin_reel_counter[2] = free_spin_reel_counter[2] + 1: null

2019-08-15 16:33:19 - [TEST_STEP][PASSED] - symbol = symbol: null

2019-08-15 16:33:19 - [TEST_STEP][PASSED] - println(symbol): null

2019-08-15 16:33:19 - [TEST_STEP][PASSED] - if (i == 2 &amp;&amp; wildList.indexOf(symbol) != -1): null

2019-08-15 16:33:19 - [TEST_STEP][PASSED] - if (i == 3 &amp;&amp; wildList.indexOf(symbol) != -1): null

2019-08-15 16:33:19 - [TEST_STEP][PASSED] - if (i == 4 &amp;&amp; wildList.indexOf(symbol) != -1): null

2019-08-15 16:33:19 - [TEST_STEP][PASSED] - free_spin_reel_counter = free_spin_reel_counter: null

2019-08-15 16:33:19 - [TEST_STEP][PASSED] - println("reel 3 wild found: " + free_spin_reel_counter[0]): null

2019-08-15 16:33:19 - [TEST_STEP][PASSED] - println("reel 4 wild found: " + free_spin_reel_counter[1]): null

2019-08-15 16:33:19 - [TEST_STEP][PASSED] - println("reel 5 wild found: " + free_spin_reel_counter[2]): null

2019-08-15 16:33:19 - [TEST_STEP][PASSED] - M4_spin_reels = M4_spin_reels: null

2019-08-15 16:33:19 - [TEST_STEP][PASSED] - M4_spin_reels_symbols = symbol: null

2019-08-15 16:33:19 - [TEST_STEP][PASSED] - M4_spin_reels_symbols = M4_spin_reels_symbols: null

2019-08-15 16:33:19 - [TEST_STEP][PASSED] - M4_spin_reel_wins = reel_wins: null

2019-08-15 16:33:19 - [TEST_STEP][PASSED] - M4_spin_reel_wins = M4_spin_reel_wins: null

2019-08-15 16:33:19 - [TEST_STEP][PASSED] - println("GlobalVariable.M4_spin_reel_wins is: " + M4_spin_reel_wins): null

2019-08-15 16:33:19 - [TEST_STEP][PASSED] - M4_spin_total_bonus_win_this_round = total_bonus_win_this_round: null

2019-08-15 16:33:19 - [TEST_STEP][PASSED] - M4_spin_total_bonus_win_this_round = M4_spin_total_bonus_win_this_round: null

2019-08-15 16:33:19 - [TEST_STEP][PASSED] - println("GlobalVariable.M4_spin_total_bonus_win_this_round is: " + M4_spin_total_bonus_win_this_round): null

2019-08-15 16:33:19 - [MESSAGE][PASSED] - Verify response successfully

2019-08-15 16:33:19 - [MESSAGE][PASSED] - Send request and verify the response successfully

2019-08-15 16:33:19 - [TEST_STEP][PASSED] - if (M4_total_bonus_spins_int != 0 &amp;&amp; M4_spin_reels_symbols[2].contains("WILD_Normal") || M4_spin_reels_symbols[3].contains("WILD_Normal") || M4_spin_reels_symbols[4].contains("WILD_Normal")): null

2019-08-15 16:33:19 - [TEST_STEP][PASSED] - free_spin_reel_counter = free_spin_reel_counter: null

2019-08-15 16:33:19 - [TEST_STEP][PASSED] - M4_spin_reels_symbols = M4_spin_reels_symbols: null

2019-08-15 16:33:19 - [TEST_STEP][PASSED] - M4_total_bonus_spins = M4_total_bonus_spins: null

2019-08-15 16:33:19 - [TEST_STEP][PASSED] - spin_result = sendRequestAndVerify(findTestObject("STG/RGS(M4)/1_M4_spin", ["M4_login_user_id":M4_login_user_id, "rgs_session_token":rgs_session_token, "partner":Partner])): Send request and verify the response successfully

2019-08-15 16:33:20 - [TEST_CASE][PASSED] - Start Test Case : Verification: Verification accomplished successfully

2019-08-15 16:33:20 - [TEST_STEP][PASSED] - request = getInstance().getCurrentRequest(): null

2019-08-15 16:33:20 - [TEST_STEP][PASSED] - response = getInstance().getCurrentResponse(): null

2019-08-15 16:33:20 - [TEST_STEP][PASSED] - verifyResponseStatusCode(response, 200): Verify response status code successfully

2019-08-15 16:33:20 - [MESSAGE][PASSED] - Verify response status code successfully

2019-08-15 16:33:20 - [TEST_STEP][PASSED] - getStatusCode()).isEqualTo(200): null

2019-08-15 16:33:20 - [TEST_STEP][PASSED] - newline = System.getProperty("line.separator"): null

2019-08-15 16:33:20 - [TEST_STEP][PASSED] - M4_spin = new groovy.json.JsonSlurper(): null

2019-08-15 16:33:20 - [TEST_STEP][PASSED] - result_M4_spin = M4_spin.parseText(response.getResponseBodyContent()): null

2019-08-15 16:33:20 - [TEST_STEP][PASSED] - M4_spin_current_balance = current_balance: null

2019-08-15 16:33:20 - [TEST_STEP][PASSED] - M4_spin_current_balance = M4_spin_current_balance: null

2019-08-15 16:33:20 - [TEST_STEP][PASSED] - M4_spin_transaction_id = causality: null

2019-08-15 16:33:20 - [TEST_STEP][PASSED] - M4_spin_transaction_id = M4_spin_transaction_id: null

2019-08-15 16:33:20 - [TEST_STEP][PASSED] - M4_spin_round_id = round_id: null

2019-08-15 16:33:20 - [TEST_STEP][PASSED] - M4_spin_round_id = M4_spin_round_id: null

2019-08-15 16:33:20 - [TEST_STEP][PASSED] - M4_spin_line_wins = line_wins: null

2019-08-15 16:33:20 - [TEST_STEP][PASSED] - M4_spin_line_wins = M4_spin_line_wins: null

2019-08-15 16:33:20 - [TEST_STEP][PASSED] - M4_total_bonus_spins_int = total_bonus_spins: null

2019-08-15 16:33:20 - [TEST_STEP][PASSED] - println("******M4_total_bonus_spins type is:*******" + newline + getClass().getName()): null

2019-08-15 16:33:20 - [TEST_STEP][PASSED] - M4_total_bonus_spins_int = M4_total_bonus_spins_int: null

2019-08-15 16:33:20 - [TEST_STEP][PASSED] - M4_total_bonus_spins = Integer.toString(M4_total_bonus_spins_int): null

2019-08-15 16:33:20 - [TEST_STEP][PASSED] - M4_total_bonus_spins = M4_total_bonus_spins: null

2019-08-15 16:33:20 - [TEST_STEP][PASSED] - println("M4_total_bonus_spins is:" + M4_total_bonus_spins): null

2019-08-15 16:33:20 - [TEST_STEP][PASSED] - M4_spin_bonus_data = bonus_data: null

2019-08-15 16:33:20 - [TEST_STEP][PASSED] - M4_spin_features_triggered = result_M4_spin: null

2019-08-15 16:33:20 - [TEST_STEP][PASSED] - wild = []: null

2019-08-15 16:33:20 - [TEST_STEP][PASSED] - wild[0] = "WILD_Expanding": null

2019-08-15 16:33:20 - [TEST_STEP][PASSED] - wild[1] = "WILD_Normal": null

2019-08-15 16:33:20 - [TEST_STEP][PASSED] - wild[2] = "WILD_Double": null

2019-08-15 16:33:20 - [TEST_STEP][PASSED] - wild[3] = "WILD_ExtraFG": null

2019-08-15 16:33:20 - [TEST_STEP][PASSED] - wild[4] = "WILD_Triple": null

2019-08-15 16:33:20 - [TEST_STEP][PASSED] - wildList = Arrays.asList(wild): null

2019-08-15 16:33:20 - [TEST_STEP][PASSED] - wildList = wildList: null

2019-08-15 16:33:20 - [TEST_STEP][PASSED] - free_spin_reel_counter = []: null

2019-08-15 16:33:20 - [TEST_STEP][PASSED] - free_spin_reel_counter[0] = 0: null

2019-08-15 16:33:20 - [TEST_STEP][PASSED] - free_spin_reel_counter[1] = 0: null

2019-08-15 16:33:20 - [TEST_STEP][PASSED] - free_spin_reel_counter[2] = 0: null

2019-08-15 16:33:20 - [TEST_STEP][PASSED] - M4_spin_reels = reels: null

2019-08-15 16:33:20 - [TEST_STEP][PASSED] - for ([i = 0, i &lt; M4_spin_reels.size(), (i++)]): null

2019-08-15 16:33:20 - [TEST_STEP][PASSED] - symbols = symbols: null

2019-08-15 16:33:20 - [TEST_STEP][PASSED] - for ([j = 0, j &lt; symbols.size(), (j++)]): null

2019-08-15 16:33:20 - [TEST_STEP][PASSED] - symbol = symbol: null

2019-08-15 16:33:20 - [TEST_STEP][PASSED] - println(symbol): null

2019-08-15 16:33:20 - [TEST_STEP][PASSED] - if (i == 2 &amp;&amp; wildList.indexOf(symbol) != -1): null

2019-08-15 16:33:20 - [TEST_STEP][PASSED] - if (i == 3 &amp;&amp; wildList.indexOf(symbol) != -1): null

2019-08-15 16:33:20 - [TEST_STEP][PASSED] - if (i == 4 &amp;&amp; wildList.indexOf(symbol) != -1): null

2019-08-15 16:33:20 - [TEST_STEP][PASSED] - symbol = symbol: null

2019-08-15 16:33:20 - [TEST_STEP][PASSED] - println(symbol): null

2019-08-15 16:33:20 - [TEST_STEP][PASSED] - if (i == 2 &amp;&amp; wildList.indexOf(symbol) != -1): null

2019-08-15 16:33:20 - [TEST_STEP][PASSED] - if (i == 3 &amp;&amp; wildList.indexOf(symbol) != -1): null

2019-08-15 16:33:20 - [TEST_STEP][PASSED] - if (i == 4 &amp;&amp; wildList.indexOf(symbol) != -1): null

2019-08-15 16:33:20 - [TEST_STEP][PASSED] - symbol = symbol: null

2019-08-15 16:33:20 - [TEST_STEP][PASSED] - println(symbol): null

2019-08-15 16:33:20 - [TEST_STEP][PASSED] - if (i == 2 &amp;&amp; wildList.indexOf(symbol) != -1): null

2019-08-15 16:33:20 - [TEST_STEP][PASSED] - if (i == 3 &amp;&amp; wildList.indexOf(symbol) != -1): null

2019-08-15 16:33:20 - [TEST_STEP][PASSED] - if (i == 4 &amp;&amp; wildList.indexOf(symbol) != -1): null

2019-08-15 16:33:20 - [TEST_STEP][PASSED] - symbols = symbols: null

2019-08-15 16:33:20 - [TEST_STEP][PASSED] - for ([j = 0, j &lt; symbols.size(), (j++)]): null

2019-08-15 16:33:20 - [TEST_STEP][PASSED] - symbol = symbol: null

2019-08-15 16:33:20 - [TEST_STEP][PASSED] - println(symbol): null

2019-08-15 16:33:20 - [TEST_STEP][PASSED] - if (i == 2 &amp;&amp; wildList.indexOf(symbol) != -1): null

2019-08-15 16:33:20 - [TEST_STEP][PASSED] - if (i == 3 &amp;&amp; wildList.indexOf(symbol) != -1): null

2019-08-15 16:33:20 - [TEST_STEP][PASSED] - if (i == 4 &amp;&amp; wildList.indexOf(symbol) != -1): null

2019-08-15 16:33:20 - [TEST_STEP][PASSED] - symbol = symbol: null

2019-08-15 16:33:20 - [TEST_STEP][PASSED] - println(symbol): null

2019-08-15 16:33:20 - [TEST_STEP][PASSED] - if (i == 2 &amp;&amp; wildList.indexOf(symbol) != -1): null

2019-08-15 16:33:20 - [TEST_STEP][PASSED] - if (i == 3 &amp;&amp; wildList.indexOf(symbol) != -1): null

2019-08-15 16:33:20 - [TEST_STEP][PASSED] - if (i == 4 &amp;&amp; wildList.indexOf(symbol) != -1): null

2019-08-15 16:33:20 - [TEST_STEP][PASSED] - symbol = symbol: null

2019-08-15 16:33:20 - [TEST_STEP][PASSED] - println(symbol): null

2019-08-15 16:33:20 - [TEST_STEP][PASSED] - if (i == 2 &amp;&amp; wildList.indexOf(symbol) != -1): null

2019-08-15 16:33:20 - [TEST_STEP][PASSED] - if (i == 3 &amp;&amp; wildList.indexOf(symbol) != -1): null

2019-08-15 16:33:20 - [TEST_STEP][PASSED] - if (i == 4 &amp;&amp; wildList.indexOf(symbol) != -1): null

2019-08-15 16:33:20 - [TEST_STEP][PASSED] - symbols = symbols: null

2019-08-15 16:33:20 - [TEST_STEP][PASSED] - for ([j = 0, j &lt; symbols.size(), (j++)]): null

2019-08-15 16:33:20 - [TEST_STEP][PASSED] - symbol = symbol: null

2019-08-15 16:33:20 - [TEST_STEP][PASSED] - println(symbol): null

2019-08-15 16:33:20 - [TEST_STEP][PASSED] - if (i == 2 &amp;&amp; wildList.indexOf(symbol) != -1): null

2019-08-15 16:33:20 - [TEST_STEP][PASSED] - if (i == 3 &amp;&amp; wildList.indexOf(symbol) != -1): null

2019-08-15 16:33:20 - [TEST_STEP][PASSED] - if (i == 4 &amp;&amp; wildList.indexOf(symbol) != -1): null

2019-08-15 16:33:20 - [TEST_STEP][PASSED] - symbol = symbol: null

2019-08-15 16:33:20 - [TEST_STEP][PASSED] - println(symbol): null

2019-08-15 16:33:20 - [TEST_STEP][PASSED] - if (i == 2 &amp;&amp; wildList.indexOf(symbol) != -1): null

2019-08-15 16:33:20 - [TEST_STEP][PASSED] - if (i == 3 &amp;&amp; wildList.indexOf(symbol) != -1): null

2019-08-15 16:33:20 - [TEST_STEP][PASSED] - if (i == 4 &amp;&amp; wildList.indexOf(symbol) != -1): null

2019-08-15 16:33:20 - [TEST_STEP][PASSED] - symbol = symbol: null

2019-08-15 16:33:20 - [TEST_STEP][PASSED] - println(symbol): null

2019-08-15 16:33:20 - [TEST_STEP][PASSED] - if (i == 2 &amp;&amp; wildList.indexOf(symbol) != -1): null

2019-08-15 16:33:20 - [TEST_STEP][PASSED] - if (i == 3 &amp;&amp; wildList.indexOf(symbol) != -1): null

2019-08-15 16:33:20 - [TEST_STEP][PASSED] - if (i == 4 &amp;&amp; wildList.indexOf(symbol) != -1): null

2019-08-15 16:33:20 - [TEST_STEP][PASSED] - symbols = symbols: null

2019-08-15 16:33:20 - [TEST_STEP][PASSED] - for ([j = 0, j &lt; symbols.size(), (j++)]): null

2019-08-15 16:33:20 - [TEST_STEP][PASSED] - symbol = symbol: null

2019-08-15 16:33:20 - [TEST_STEP][PASSED] - println(symbol): null

2019-08-15 16:33:20 - [TEST_STEP][PASSED] - if (i == 2 &amp;&amp; wildList.indexOf(symbol) != -1): null

2019-08-15 16:33:20 - [TEST_STEP][PASSED] - if (i == 3 &amp;&amp; wildList.indexOf(symbol) != -1): null

2019-08-15 16:33:20 - [TEST_STEP][PASSED] - if (i == 4 &amp;&amp; wildList.indexOf(symbol) != -1): null

2019-08-15 16:33:20 - [TEST_STEP][PASSED] - symbol = symbol: null

2019-08-15 16:33:20 - [TEST_STEP][PASSED] - println(symbol): null

2019-08-15 16:33:20 - [TEST_STEP][PASSED] - if (i == 2 &amp;&amp; wildList.indexOf(symbol) != -1): null

2019-08-15 16:33:20 - [TEST_STEP][PASSED] - if (i == 3 &amp;&amp; wildList.indexOf(symbol) != -1): null

2019-08-15 16:33:20 - [TEST_STEP][PASSED] - if (i == 4 &amp;&amp; wildList.indexOf(symbol) != -1): null

2019-08-15 16:33:20 - [TEST_STEP][PASSED] - symbol = symbol: null

2019-08-15 16:33:20 - [TEST_STEP][PASSED] - println(symbol): null

2019-08-15 16:33:20 - [TEST_STEP][PASSED] - if (i == 2 &amp;&amp; wildList.indexOf(symbol) != -1): null

2019-08-15 16:33:20 - [TEST_STEP][PASSED] - if (i == 3 &amp;&amp; wildList.indexOf(symbol) != -1): null

2019-08-15 16:33:20 - [TEST_STEP][PASSED] - if (i == 4 &amp;&amp; wildList.indexOf(symbol) != -1): null

2019-08-15 16:33:20 - [TEST_STEP][PASSED] - symbols = symbols: null

2019-08-15 16:33:20 - [TEST_STEP][PASSED] - for ([j = 0, j &lt; symbols.size(), (j++)]): null

2019-08-15 16:33:20 - [TEST_STEP][PASSED] - symbol = symbol: null

2019-08-15 16:33:20 - [TEST_STEP][PASSED] - println(symbol): null

2019-08-15 16:33:20 - [TEST_STEP][PASSED] - if (i == 2 &amp;&amp; wildList.indexOf(symbol) != -1): null

2019-08-15 16:33:20 - [TEST_STEP][PASSED] - if (i == 3 &amp;&amp; wildList.indexOf(symbol) != -1): null

2019-08-15 16:33:20 - [TEST_STEP][PASSED] - if (i == 4 &amp;&amp; wildList.indexOf(symbol) != -1): null

2019-08-15 16:33:20 - [TEST_STEP][PASSED] - symbol = symbol: null

2019-08-15 16:33:20 - [TEST_STEP][PASSED] - println(symbol): null

2019-08-15 16:33:20 - [TEST_STEP][PASSED] - if (i == 2 &amp;&amp; wildList.indexOf(symbol) != -1): null

2019-08-15 16:33:20 - [TEST_STEP][PASSED] - if (i == 3 &amp;&amp; wildList.indexOf(symbol) != -1): null

2019-08-15 16:33:20 - [TEST_STEP][PASSED] - if (i == 4 &amp;&amp; wildList.indexOf(symbol) != -1): null

2019-08-15 16:33:20 - [TEST_STEP][PASSED] - symbol = symbol: null

2019-08-15 16:33:20 - [TEST_STEP][PASSED] - println(symbol): null

2019-08-15 16:33:20 - [TEST_STEP][PASSED] - if (i == 2 &amp;&amp; wildList.indexOf(symbol) != -1): null

2019-08-15 16:33:20 - [TEST_STEP][PASSED] - if (i == 3 &amp;&amp; wildList.indexOf(symbol) != -1): null

2019-08-15 16:33:20 - [TEST_STEP][PASSED] - if (i == 4 &amp;&amp; wildList.indexOf(symbol) != -1): null

2019-08-15 16:33:20 - [TEST_STEP][PASSED] - free_spin_reel_counter = free_spin_reel_counter: null

2019-08-15 16:33:20 - [TEST_STEP][PASSED] - println("reel 3 wild found: " + free_spin_reel_counter[0]): null

2019-08-15 16:33:20 - [TEST_STEP][PASSED] - println("reel 4 wild found: " + free_spin_reel_counter[1]): null

2019-08-15 16:33:20 - [TEST_STEP][PASSED] - println("reel 5 wild found: " + free_spin_reel_counter[2]): null

2019-08-15 16:33:20 - [TEST_STEP][PASSED] - M4_spin_reels = M4_spin_reels: null

2019-08-15 16:33:20 - [TEST_STEP][PASSED] - M4_spin_reels_symbols = symbol: null

2019-08-15 16:33:20 - [TEST_STEP][PASSED] - M4_spin_reels_symbols = M4_spin_reels_symbols: null

2019-08-15 16:33:20 - [TEST_STEP][PASSED] - M4_spin_reel_wins = reel_wins: null

2019-08-15 16:33:20 - [TEST_STEP][PASSED] - M4_spin_reel_wins = M4_spin_reel_wins: null

2019-08-15 16:33:20 - [TEST_STEP][PASSED] - println("GlobalVariable.M4_spin_reel_wins is: " + M4_spin_reel_wins): null

2019-08-15 16:33:20 - [TEST_STEP][PASSED] - M4_spin_total_bonus_win_this_round = total_bonus_win_this_round: null

2019-08-15 16:33:20 - [TEST_STEP][PASSED] - M4_spin_total_bonus_win_this_round = M4_spin_total_bonus_win_this_round: null

2019-08-15 16:33:20 - [TEST_STEP][PASSED] - println("GlobalVariable.M4_spin_total_bonus_win_this_round is: " + M4_spin_total_bonus_win_this_round): null

2019-08-15 16:33:20 - [MESSAGE][PASSED] - Verify response successfully

2019-08-15 16:33:20 - [MESSAGE][PASSED] - Send request and verify the response successfully

2019-08-15 16:33:20 - [TEST_STEP][PASSED] - if (M4_total_bonus_spins_int != 0 &amp;&amp; M4_spin_reels_symbols[2].contains("WILD_Normal") || M4_spin_reels_symbols[3].contains("WILD_Normal") || M4_spin_reels_symbols[4].contains("WILD_Normal")): null

2019-08-15 16:33:20 - [TEST_STEP][PASSED] - free_spin_reel_counter = free_spin_reel_counter: null

2019-08-15 16:33:20 - [TEST_STEP][PASSED] - M4_spin_reels_symbols = M4_spin_reels_symbols: null

2019-08-15 16:33:20 - [TEST_STEP][PASSED] - M4_total_bonus_spins = M4_total_bonus_spins: null

2019-08-15 16:33:20 - [TEST_STEP][PASSED] - spin_result = sendRequestAndVerify(findTestObject("STG/RGS(M4)/1_M4_spin", ["M4_login_user_id":M4_login_user_id, "rgs_session_token":rgs_session_token, "partner":Partner])): Send request and verify the response successfully

2019-08-15 16:33:20 - [TEST_CASE][PASSED] - Start Test Case : Verification: Verification accomplished successfully

2019-08-15 16:33:20 - [TEST_STEP][PASSED] - request = getInstance().getCurrentRequest(): null

2019-08-15 16:33:20 - [TEST_STEP][PASSED] - response = getInstance().getCurrentResponse(): null

2019-08-15 16:33:20 - [TEST_STEP][PASSED] - verifyResponseStatusCode(response, 200): Verify response status code successfully

2019-08-15 16:33:20 - [MESSAGE][PASSED] - Verify response status code successfully

2019-08-15 16:33:20 - [TEST_STEP][PASSED] - getStatusCode()).isEqualTo(200): null

2019-08-15 16:33:20 - [TEST_STEP][PASSED] - newline = System.getProperty("line.separator"): null

2019-08-15 16:33:20 - [TEST_STEP][PASSED] - M4_spin = new groovy.json.JsonSlurper(): null

2019-08-15 16:33:20 - [TEST_STEP][PASSED] - result_M4_spin = M4_spin.parseText(response.getResponseBodyContent()): null

2019-08-15 16:33:20 - [TEST_STEP][PASSED] - M4_spin_current_balance = current_balance: null

2019-08-15 16:33:20 - [TEST_STEP][PASSED] - M4_spin_current_balance = M4_spin_current_balance: null

2019-08-15 16:33:20 - [TEST_STEP][PASSED] - M4_spin_transaction_id = causality: null

2019-08-15 16:33:20 - [TEST_STEP][PASSED] - M4_spin_transaction_id = M4_spin_transaction_id: null

2019-08-15 16:33:20 - [TEST_STEP][PASSED] - M4_spin_round_id = round_id: null

2019-08-15 16:33:20 - [TEST_STEP][PASSED] - M4_spin_round_id = M4_spin_round_id: null

2019-08-15 16:33:20 - [TEST_STEP][PASSED] - M4_spin_line_wins = line_wins: null

2019-08-15 16:33:20 - [TEST_STEP][PASSED] - M4_spin_line_wins = M4_spin_line_wins: null

2019-08-15 16:33:20 - [TEST_STEP][PASSED] - M4_total_bonus_spins_int = total_bonus_spins: null

2019-08-15 16:33:20 - [TEST_STEP][PASSED] - println("******M4_total_bonus_spins type is:*******" + newline + getClass().getName()): null

2019-08-15 16:33:20 - [TEST_STEP][PASSED] - M4_total_bonus_spins_int = M4_total_bonus_spins_int: null

2019-08-15 16:33:20 - [TEST_STEP][PASSED] - M4_total_bonus_spins = Integer.toString(M4_total_bonus_spins_int): null

2019-08-15 16:33:20 - [TEST_STEP][PASSED] - M4_total_bonus_spins = M4_total_bonus_spins: null

2019-08-15 16:33:20 - [TEST_STEP][PASSED] - println("M4_total_bonus_spins is:" + M4_total_bonus_spins): null

2019-08-15 16:33:20 - [TEST_STEP][PASSED] - M4_spin_bonus_data = bonus_data: null

2019-08-15 16:33:20 - [TEST_STEP][PASSED] - M4_spin_features_triggered = result_M4_spin: null

2019-08-15 16:33:20 - [TEST_STEP][PASSED] - wild = []: null

2019-08-15 16:33:20 - [TEST_STEP][PASSED] - wild[0] = "WILD_Expanding": null

2019-08-15 16:33:20 - [TEST_STEP][PASSED] - wild[1] = "WILD_Normal": null

2019-08-15 16:33:20 - [TEST_STEP][PASSED] - wild[2] = "WILD_Double": null

2019-08-15 16:33:20 - [TEST_STEP][PASSED] - wild[3] = "WILD_ExtraFG": null

2019-08-15 16:33:20 - [TEST_STEP][PASSED] - wild[4] = "WILD_Triple": null

2019-08-15 16:33:20 - [TEST_STEP][PASSED] - wildList = Arrays.asList(wild): null

2019-08-15 16:33:20 - [TEST_STEP][PASSED] - wildList = wildList: null

2019-08-15 16:33:20 - [TEST_STEP][PASSED] - free_spin_reel_counter = []: null

2019-08-15 16:33:20 - [TEST_STEP][PASSED] - free_spin_reel_counter[0] = 0: null

2019-08-15 16:33:20 - [TEST_STEP][PASSED] - free_spin_reel_counter[1] = 0: null

2019-08-15 16:33:20 - [TEST_STEP][PASSED] - free_spin_reel_counter[2] = 0: null

2019-08-15 16:33:20 - [TEST_STEP][PASSED] - M4_spin_reels = reels: null

2019-08-15 16:33:20 - [TEST_STEP][PASSED] - for ([i = 0, i &lt; M4_spin_reels.size(), (i++)]): null

2019-08-15 16:33:20 - [TEST_STEP][PASSED] - symbols = symbols: null

2019-08-15 16:33:20 - [TEST_STEP][PASSED] - for ([j = 0, j &lt; symbols.size(), (j++)]): null

2019-08-15 16:33:20 - [TEST_STEP][PASSED] - symbol = symbol: null

2019-08-15 16:33:20 - [TEST_STEP][PASSED] - println(symbol): null

2019-08-15 16:33:20 - [TEST_STEP][PASSED] - if (i == 2 &amp;&amp; wildList.indexOf(symbol) != -1): null

2019-08-15 16:33:20 - [TEST_STEP][PASSED] - if (i == 3 &amp;&amp; wildList.indexOf(symbol) != -1): null

2019-08-15 16:33:20 - [TEST_STEP][PASSED] - if (i == 4 &amp;&amp; wildList.indexOf(symbol) != -1): null

2019-08-15 16:33:20 - [TEST_STEP][PASSED] - symbol = symbol: null

2019-08-15 16:33:20 - [TEST_STEP][PASSED] - println(symbol): null

2019-08-15 16:33:20 - [TEST_STEP][PASSED] - if (i == 2 &amp;&amp; wildList.indexOf(symbol) != -1): null

2019-08-15 16:33:20 - [TEST_STEP][PASSED] - if (i == 3 &amp;&amp; wildList.indexOf(symbol) != -1): null

2019-08-15 16:33:20 - [TEST_STEP][PASSED] - if (i == 4 &amp;&amp; wildList.indexOf(symbol) != -1): null

2019-08-15 16:33:20 - [TEST_STEP][PASSED] - symbol = symbol: null

2019-08-15 16:33:20 - [TEST_STEP][PASSED] - println(symbol): null

2019-08-15 16:33:20 - [TEST_STEP][PASSED] - if (i == 2 &amp;&amp; wildList.indexOf(symbol) != -1): null

2019-08-15 16:33:20 - [TEST_STEP][PASSED] - if (i == 3 &amp;&amp; wildList.indexOf(symbol) != -1): null

2019-08-15 16:33:20 - [TEST_STEP][PASSED] - if (i == 4 &amp;&amp; wildList.indexOf(symbol) != -1): null

2019-08-15 16:33:20 - [TEST_STEP][PASSED] - symbols = symbols: null

2019-08-15 16:33:20 - [TEST_STEP][PASSED] - for ([j = 0, j &lt; symbols.size(), (j++)]): null

2019-08-15 16:33:20 - [TEST_STEP][PASSED] - symbol = symbol: null

2019-08-15 16:33:20 - [TEST_STEP][PASSED] - println(symbol): null

2019-08-15 16:33:20 - [TEST_STEP][PASSED] - if (i == 2 &amp;&amp; wildList.indexOf(symbol) != -1): null

2019-08-15 16:33:20 - [TEST_STEP][PASSED] - if (i == 3 &amp;&amp; wildList.indexOf(symbol) != -1): null

2019-08-15 16:33:20 - [TEST_STEP][PASSED] - if (i == 4 &amp;&amp; wildList.indexOf(symbol) != -1): null

2019-08-15 16:33:20 - [TEST_STEP][PASSED] - symbol = symbol: null

2019-08-15 16:33:20 - [TEST_STEP][PASSED] - println(symbol): null

2019-08-15 16:33:20 - [TEST_STEP][PASSED] - if (i == 2 &amp;&amp; wildList.indexOf(symbol) != -1): null

2019-08-15 16:33:20 - [TEST_STEP][PASSED] - if (i == 3 &amp;&amp; wildList.indexOf(symbol) != -1): null

2019-08-15 16:33:20 - [TEST_STEP][PASSED] - if (i == 4 &amp;&amp; wildList.indexOf(symbol) != -1): null

2019-08-15 16:33:20 - [TEST_STEP][PASSED] - symbol = symbol: null

2019-08-15 16:33:20 - [TEST_STEP][PASSED] - println(symbol): null

2019-08-15 16:33:20 - [TEST_STEP][PASSED] - if (i == 2 &amp;&amp; wildList.indexOf(symbol) != -1): null

2019-08-15 16:33:20 - [TEST_STEP][PASSED] - if (i == 3 &amp;&amp; wildList.indexOf(symbol) != -1): null

2019-08-15 16:33:20 - [TEST_STEP][PASSED] - if (i == 4 &amp;&amp; wildList.indexOf(symbol) != -1): null

2019-08-15 16:33:20 - [TEST_STEP][PASSED] - symbols = symbols: null

2019-08-15 16:33:20 - [TEST_STEP][PASSED] - for ([j = 0, j &lt; symbols.size(), (j++)]): null

2019-08-15 16:33:20 - [TEST_STEP][PASSED] - symbol = symbol: null

2019-08-15 16:33:20 - [TEST_STEP][PASSED] - println(symbol): null

2019-08-15 16:33:20 - [TEST_STEP][PASSED] - if (i == 2 &amp;&amp; wildList.indexOf(symbol) != -1): null

2019-08-15 16:33:20 - [TEST_STEP][PASSED] - if (i == 3 &amp;&amp; wildList.indexOf(symbol) != -1): null

2019-08-15 16:33:20 - [TEST_STEP][PASSED] - if (i == 4 &amp;&amp; wildList.indexOf(symbol) != -1): null

2019-08-15 16:33:20 - [TEST_STEP][PASSED] - symbol = symbol: null

2019-08-15 16:33:20 - [TEST_STEP][PASSED] - println(symbol): null

2019-08-15 16:33:20 - [TEST_STEP][PASSED] - if (i == 2 &amp;&amp; wildList.indexOf(symbol) != -1): null

2019-08-15 16:33:20 - [TEST_STEP][PASSED] - if (i == 3 &amp;&amp; wildList.indexOf(symbol) != -1): null

2019-08-15 16:33:20 - [TEST_STEP][PASSED] - if (i == 4 &amp;&amp; wildList.indexOf(symbol) != -1): null

2019-08-15 16:33:20 - [TEST_STEP][PASSED] - symbol = symbol: null

2019-08-15 16:33:20 - [TEST_STEP][PASSED] - println(symbol): null

2019-08-15 16:33:20 - [TEST_STEP][PASSED] - if (i == 2 &amp;&amp; wildList.indexOf(symbol) != -1): null

2019-08-15 16:33:20 - [TEST_STEP][PASSED] - if (i == 3 &amp;&amp; wildList.indexOf(symbol) != -1): null

2019-08-15 16:33:20 - [TEST_STEP][PASSED] - if (i == 4 &amp;&amp; wildList.indexOf(symbol) != -1): null

2019-08-15 16:33:20 - [TEST_STEP][PASSED] - symbols = symbols: null

2019-08-15 16:33:20 - [TEST_STEP][PASSED] - for ([j = 0, j &lt; symbols.size(), (j++)]): null

2019-08-15 16:33:20 - [TEST_STEP][PASSED] - symbol = symbol: null

2019-08-15 16:33:20 - [TEST_STEP][PASSED] - println(symbol): null

2019-08-15 16:33:20 - [TEST_STEP][PASSED] - if (i == 2 &amp;&amp; wildList.indexOf(symbol) != -1): null

2019-08-15 16:33:20 - [TEST_STEP][PASSED] - if (i == 3 &amp;&amp; wildList.indexOf(symbol) != -1): null

2019-08-15 16:33:20 - [TEST_STEP][PASSED] - if (i == 4 &amp;&amp; wildList.indexOf(symbol) != -1): null

2019-08-15 16:33:20 - [TEST_STEP][PASSED] - symbol = symbol: null

2019-08-15 16:33:20 - [TEST_STEP][PASSED] - println(symbol): null

2019-08-15 16:33:20 - [TEST_STEP][PASSED] - if (i == 2 &amp;&amp; wildList.indexOf(symbol) != -1): null

2019-08-15 16:33:20 - [TEST_STEP][PASSED] - if (i == 3 &amp;&amp; wildList.indexOf(symbol) != -1): null

2019-08-15 16:33:20 - [TEST_STEP][PASSED] - if (i == 4 &amp;&amp; wildList.indexOf(symbol) != -1): null

2019-08-15 16:33:20 - [TEST_STEP][PASSED] - symbol = symbol: null

2019-08-15 16:33:20 - [TEST_STEP][PASSED] - println(symbol): null

2019-08-15 16:33:20 - [TEST_STEP][PASSED] - if (i == 2 &amp;&amp; wildList.indexOf(symbol) != -1): null

2019-08-15 16:33:20 - [TEST_STEP][PASSED] - if (i == 3 &amp;&amp; wildList.indexOf(symbol) != -1): null

2019-08-15 16:33:20 - [TEST_STEP][PASSED] - if (i == 4 &amp;&amp; wildList.indexOf(symbol) != -1): null

2019-08-15 16:33:20 - [TEST_STEP][PASSED] - symbols = symbols: null

2019-08-15 16:33:20 - [TEST_STEP][PASSED] - for ([j = 0, j &lt; symbols.size(), (j++)]): null

2019-08-15 16:33:20 - [TEST_STEP][PASSED] - symbol = symbol: null

2019-08-15 16:33:20 - [TEST_STEP][PASSED] - println(symbol): null

2019-08-15 16:33:20 - [TEST_STEP][PASSED] - if (i == 2 &amp;&amp; wildList.indexOf(symbol) != -1): null

2019-08-15 16:33:20 - [TEST_STEP][PASSED] - if (i == 3 &amp;&amp; wildList.indexOf(symbol) != -1): null

2019-08-15 16:33:20 - [TEST_STEP][PASSED] - if (i == 4 &amp;&amp; wildList.indexOf(symbol) != -1): null

2019-08-15 16:33:20 - [TEST_STEP][PASSED] - symbol = symbol: null

2019-08-15 16:33:20 - [TEST_STEP][PASSED] - println(symbol): null

2019-08-15 16:33:20 - [TEST_STEP][PASSED] - if (i == 2 &amp;&amp; wildList.indexOf(symbol) != -1): null

2019-08-15 16:33:20 - [TEST_STEP][PASSED] - if (i == 3 &amp;&amp; wildList.indexOf(symbol) != -1): null

2019-08-15 16:33:20 - [TEST_STEP][PASSED] - if (i == 4 &amp;&amp; wildList.indexOf(symbol) != -1): null

2019-08-15 16:33:20 - [TEST_STEP][PASSED] - symbol = symbol: null

2019-08-15 16:33:20 - [TEST_STEP][PASSED] - println(symbol): null

2019-08-15 16:33:20 - [TEST_STEP][PASSED] - if (i == 2 &amp;&amp; wildList.indexOf(symbol) != -1): null

2019-08-15 16:33:20 - [TEST_STEP][PASSED] - if (i == 3 &amp;&amp; wildList.indexOf(symbol) != -1): null

2019-08-15 16:33:20 - [TEST_STEP][PASSED] - if (i == 4 &amp;&amp; wildList.indexOf(symbol) != -1): null

2019-08-15 16:33:20 - [TEST_STEP][PASSED] - free_spin_reel_counter = free_spin_reel_counter: null

2019-08-15 16:33:20 - [TEST_STEP][PASSED] - println("reel 3 wild found: " + free_spin_reel_counter[0]): null

2019-08-15 16:33:20 - [TEST_STEP][PASSED] - println("reel 4 wild found: " + free_spin_reel_counter[1]): null

2019-08-15 16:33:20 - [TEST_STEP][PASSED] - println("reel 5 wild found: " + free_spin_reel_counter[2]): null

2019-08-15 16:33:20 - [TEST_STEP][PASSED] - M4_spin_reels = M4_spin_reels: null

2019-08-15 16:33:20 - [TEST_STEP][PASSED] - M4_spin_reels_symbols = symbol: null

2019-08-15 16:33:20 - [TEST_STEP][PASSED] - M4_spin_reels_symbols = M4_spin_reels_symbols: null

2019-08-15 16:33:20 - [TEST_STEP][PASSED] - M4_spin_reel_wins = reel_wins: null

2019-08-15 16:33:20 - [TEST_STEP][PASSED] - M4_spin_reel_wins = M4_spin_reel_wins: null

2019-08-15 16:33:20 - [TEST_STEP][PASSED] - println("GlobalVariable.M4_spin_reel_wins is: " + M4_spin_reel_wins): null

2019-08-15 16:33:20 - [TEST_STEP][PASSED] - M4_spin_total_bonus_win_this_round = total_bonus_win_this_round: null

2019-08-15 16:33:20 - [TEST_STEP][PASSED] - M4_spin_total_bonus_win_this_round = M4_spin_total_bonus_win_this_round: null

2019-08-15 16:33:20 - [TEST_STEP][PASSED] - println("GlobalVariable.M4_spin_total_bonus_win_this_round is: " + M4_spin_total_bonus_win_this_round): null

2019-08-15 16:33:20 - [MESSAGE][PASSED] - Verify response successfully

2019-08-15 16:33:20 - [MESSAGE][PASSED] - Send request and verify the response successfully

2019-08-15 16:33:20 - [TEST_STEP][PASSED] - if (M4_total_bonus_spins_int != 0 &amp;&amp; M4_spin_reels_symbols[2].contains("WILD_Normal") || M4_spin_reels_symbols[3].contains("WILD_Normal") || M4_spin_reels_symbols[4].contains("WILD_Normal")): null

2019-08-15 16:33:20 - [TEST_STEP][PASSED] - free_spin_reel_counter = free_spin_reel_counter: null

2019-08-15 16:33:20 - [TEST_STEP][PASSED] - M4_spin_reels_symbols = M4_spin_reels_symbols: null

2019-08-15 16:33:20 - [TEST_STEP][PASSED] - M4_total_bonus_spins = M4_total_bonus_spins: null

2019-08-15 16:33:20 - [TEST_STEP][PASSED] - spin_result = sendRequestAndVerify(findTestObject("STG/RGS(M4)/1_M4_spin", ["M4_login_user_id":M4_login_user_id, "rgs_session_token":rgs_session_token, "partner":Partner])): Send request and verify the response successfully

2019-08-15 16:33:20 - [TEST_CASE][PASSED] - Start Test Case : Verification: Verification accomplished successfully

2019-08-15 16:33:25 - [TEST_STEP][PASSED] - request = getInstance().getCurrentRequest(): null

2019-08-15 16:33:25 - [TEST_STEP][PASSED] - response = getInstance().getCurrentResponse(): null

2019-08-15 16:33:25 - [TEST_STEP][PASSED] - verifyResponseStatusCode(response, 200): Verify response status code successfully

2019-08-15 16:33:25 - [MESSAGE][PASSED] - Verify response status code successfully

2019-08-15 16:33:25 - [TEST_STEP][PASSED] - getStatusCode()).isEqualTo(200): null

2019-08-15 16:33:25 - [TEST_STEP][PASSED] - newline = System.getProperty("line.separator"): null

2019-08-15 16:33:25 - [TEST_STEP][PASSED] - M4_spin = new groovy.json.JsonSlurper(): null

2019-08-15 16:33:25 - [TEST_STEP][PASSED] - result_M4_spin = M4_spin.parseText(response.getResponseBodyContent()): null

2019-08-15 16:33:25 - [TEST_STEP][PASSED] - M4_spin_current_balance = current_balance: null

2019-08-15 16:33:25 - [TEST_STEP][PASSED] - M4_spin_current_balance = M4_spin_current_balance: null

2019-08-15 16:33:25 - [TEST_STEP][PASSED] - M4_spin_transaction_id = causality: null

2019-08-15 16:33:28 - [TEST_STEP][PASSED] - M4_spin_transaction_id = M4_spin_transaction_id: null

2019-08-15 16:33:28 - [TEST_STEP][PASSED] - M4_spin_round_id = round_id: null

2019-08-15 16:33:28 - [TEST_STEP][PASSED] - M4_spin_round_id = M4_spin_round_id: null

2019-08-15 16:33:28 - [TEST_STEP][PASSED] - M4_spin_line_wins = line_wins: null

2019-08-15 16:33:28 - [TEST_STEP][PASSED] - M4_spin_line_wins = M4_spin_line_wins: null

2019-08-15 16:33:28 - [TEST_STEP][PASSED] - M4_total_bonus_spins_int = total_bonus_spins: null

2019-08-15 16:33:28 - [TEST_STEP][PASSED] - println("******M4_total_bonus_spins type is:*******" + newline + getClass().getName()): null

2019-08-15 16:33:28 - [TEST_STEP][PASSED] - M4_total_bonus_spins_int = M4_total_bonus_spins_int: null

2019-08-15 16:33:28 - [TEST_STEP][PASSED] - M4_total_bonus_spins = Integer.toString(M4_total_bonus_spins_int): null

2019-08-15 16:33:28 - [TEST_STEP][PASSED] - M4_total_bonus_spins = M4_total_bonus_spins: null

2019-08-15 16:33:28 - [TEST_STEP][PASSED] - println("M4_total_bonus_spins is:" + M4_total_bonus_spins): null

2019-08-15 16:33:28 - [TEST_STEP][PASSED] - M4_spin_bonus_data = bonus_data: null

2019-08-15 16:33:28 - [TEST_STEP][PASSED] - M4_spin_features_triggered = result_M4_spin: null

2019-08-15 16:33:28 - [TEST_STEP][PASSED] - wild = []: null

2019-08-15 16:33:28 - [TEST_STEP][PASSED] - wild[0] = "WILD_Expanding": null

2019-08-15 16:33:28 - [TEST_STEP][PASSED] - wild[1] = "WILD_Normal": null

2019-08-15 16:33:28 - [TEST_STEP][PASSED] - wild[2] = "WILD_Double": null

2019-08-15 16:33:28 - [TEST_STEP][PASSED] - wild[3] = "WILD_ExtraFG": null

2019-08-15 16:33:28 - [TEST_STEP][PASSED] - wild[4] = "WILD_Triple": null

2019-08-15 16:33:28 - [TEST_STEP][PASSED] - wildList = Arrays.asList(wild): null

2019-08-15 16:33:28 - [TEST_STEP][PASSED] - wildList = wildList: null

2019-08-15 16:33:28 - [TEST_STEP][PASSED] - free_spin_reel_counter = []: null

2019-08-15 16:33:28 - [TEST_STEP][PASSED] - free_spin_reel_counter[0] = 0: null

2019-08-15 16:33:28 - [TEST_STEP][PASSED] - free_spin_reel_counter[1] = 0: null

2019-08-15 16:33:28 - [TEST_STEP][PASSED] - free_spin_reel_counter[2] = 0: null

2019-08-15 16:33:28 - [TEST_STEP][PASSED] - M4_spin_reels = reels: null

2019-08-15 16:33:28 - [TEST_STEP][PASSED] - for ([i = 0, i &lt; M4_spin_reels.size(), (i++)]): null

2019-08-15 16:33:28 - [TEST_STEP][PASSED] - symbols = symbols: null

2019-08-15 16:33:28 - [TEST_STEP][PASSED] - for ([j = 0, j &lt; symbols.size(), (j++)]): null

2019-08-15 16:33:28 - [TEST_STEP][PASSED] - symbol = symbol: null

2019-08-15 16:33:28 - [TEST_STEP][PASSED] - println(symbol): null

2019-08-15 16:33:28 - [TEST_STEP][PASSED] - if (i == 2 &amp;&amp; wildList.indexOf(symbol) != -1): null

2019-08-15 16:33:28 - [TEST_STEP][PASSED] - if (i == 3 &amp;&amp; wildList.indexOf(symbol) != -1): null

2019-08-15 16:33:28 - [TEST_STEP][PASSED] - if (i == 4 &amp;&amp; wildList.indexOf(symbol) != -1): null

2019-08-15 16:33:28 - [TEST_STEP][PASSED] - symbol = symbol: null

2019-08-15 16:33:28 - [TEST_STEP][PASSED] - println(symbol): null

2019-08-15 16:33:28 - [TEST_STEP][PASSED] - if (i == 2 &amp;&amp; wildList.indexOf(symbol) != -1): null

2019-08-15 16:33:28 - [TEST_STEP][PASSED] - if (i == 3 &amp;&amp; wildList.indexOf(symbol) != -1): null

2019-08-15 16:33:28 - [TEST_STEP][PASSED] - if (i == 4 &amp;&amp; wildList.indexOf(symbol) != -1): null

2019-08-15 16:33:28 - [TEST_STEP][PASSED] - symbol = symbol: null

2019-08-15 16:33:28 - [TEST_STEP][PASSED] - println(symbol): null

2019-08-15 16:33:28 - [TEST_STEP][PASSED] - if (i == 2 &amp;&amp; wildList.indexOf(symbol) != -1): null

2019-08-15 16:33:28 - [TEST_STEP][PASSED] - if (i == 3 &amp;&amp; wildList.indexOf(symbol) != -1): null

2019-08-15 16:33:28 - [TEST_STEP][PASSED] - if (i == 4 &amp;&amp; wildList.indexOf(symbol) != -1): null

2019-08-15 16:33:28 - [TEST_STEP][PASSED] - symbols = symbols: null

2019-08-15 16:33:28 - [TEST_STEP][PASSED] - for ([j = 0, j &lt; symbols.size(), (j++)]): null

2019-08-15 16:33:28 - [TEST_STEP][PASSED] - symbol = symbol: null

2019-08-15 16:33:28 - [TEST_STEP][PASSED] - println(symbol): null

2019-08-15 16:33:28 - [TEST_STEP][PASSED] - if (i == 2 &amp;&amp; wildList.indexOf(symbol) != -1): null

2019-08-15 16:33:28 - [TEST_STEP][PASSED] - if (i == 3 &amp;&amp; wildList.indexOf(symbol) != -1): null

2019-08-15 16:33:28 - [TEST_STEP][PASSED] - if (i == 4 &amp;&amp; wildList.indexOf(symbol) != -1): null

2019-08-15 16:33:28 - [TEST_STEP][PASSED] - symbol = symbol: null

2019-08-15 16:33:28 - [TEST_STEP][PASSED] - println(symbol): null

2019-08-15 16:33:28 - [TEST_STEP][PASSED] - if (i == 2 &amp;&amp; wildList.indexOf(symbol) != -1): null

2019-08-15 16:33:28 - [TEST_STEP][PASSED] - if (i == 3 &amp;&amp; wildList.indexOf(symbol) != -1): null

2019-08-15 16:33:28 - [TEST_STEP][PASSED] - if (i == 4 &amp;&amp; wildList.indexOf(symbol) != -1): null

2019-08-15 16:33:28 - [TEST_STEP][PASSED] - symbol = symbol: null

2019-08-15 16:33:28 - [TEST_STEP][PASSED] - println(symbol): null

2019-08-15 16:33:28 - [TEST_STEP][PASSED] - if (i == 2 &amp;&amp; wildList.indexOf(symbol) != -1): null

2019-08-15 16:33:28 - [TEST_STEP][PASSED] - if (i == 3 &amp;&amp; wildList.indexOf(symbol) != -1): null

2019-08-15 16:33:28 - [TEST_STEP][PASSED] - if (i == 4 &amp;&amp; wildList.indexOf(symbol) != -1): null

2019-08-15 16:33:28 - [TEST_STEP][PASSED] - symbols = symbols: null

2019-08-15 16:33:28 - [TEST_STEP][PASSED] - for ([j = 0, j &lt; symbols.size(), (j++)]): null

2019-08-15 16:33:28 - [TEST_STEP][PASSED] - symbol = symbol: null

2019-08-15 16:33:28 - [TEST_STEP][PASSED] - println(symbol): null

2019-08-15 16:33:28 - [TEST_STEP][PASSED] - if (i == 2 &amp;&amp; wildList.indexOf(symbol) != -1): null

2019-08-15 16:33:28 - [TEST_STEP][PASSED] - if (i == 3 &amp;&amp; wildList.indexOf(symbol) != -1): null

2019-08-15 16:33:28 - [TEST_STEP][PASSED] - if (i == 4 &amp;&amp; wildList.indexOf(symbol) != -1): null

2019-08-15 16:33:28 - [TEST_STEP][PASSED] - symbol = symbol: null

2019-08-15 16:33:28 - [TEST_STEP][PASSED] - println(symbol): null

2019-08-15 16:33:28 - [TEST_STEP][PASSED] - if (i == 2 &amp;&amp; wildList.indexOf(symbol) != -1): null

2019-08-15 16:33:28 - [TEST_STEP][PASSED] - if (i == 3 &amp;&amp; wildList.indexOf(symbol) != -1): null

2019-08-15 16:33:28 - [TEST_STEP][PASSED] - if (i == 4 &amp;&amp; wildList.indexOf(symbol) != -1): null

2019-08-15 16:33:28 - [TEST_STEP][PASSED] - symbol = symbol: null

2019-08-15 16:33:28 - [TEST_STEP][PASSED] - println(symbol): null

2019-08-15 16:33:28 - [TEST_STEP][PASSED] - if (i == 2 &amp;&amp; wildList.indexOf(symbol) != -1): null

2019-08-15 16:33:28 - [TEST_STEP][PASSED] - if (i == 3 &amp;&amp; wildList.indexOf(symbol) != -1): null

2019-08-15 16:33:28 - [TEST_STEP][PASSED] - if (i == 4 &amp;&amp; wildList.indexOf(symbol) != -1): null

2019-08-15 16:33:28 - [TEST_STEP][PASSED] - symbols = symbols: null

2019-08-15 16:33:28 - [TEST_STEP][PASSED] - for ([j = 0, j &lt; symbols.size(), (j++)]): null

2019-08-15 16:33:28 - [TEST_STEP][PASSED] - symbol = symbol: null

2019-08-15 16:33:28 - [TEST_STEP][PASSED] - println(symbol): null

2019-08-15 16:33:28 - [TEST_STEP][PASSED] - if (i == 2 &amp;&amp; wildList.indexOf(symbol) != -1): null

2019-08-15 16:33:28 - [TEST_STEP][PASSED] - if (i == 3 &amp;&amp; wildList.indexOf(symbol) != -1): null

2019-08-15 16:33:28 - [TEST_STEP][PASSED] - if (i == 4 &amp;&amp; wildList.indexOf(symbol) != -1): null

2019-08-15 16:33:28 - [TEST_STEP][PASSED] - symbol = symbol: null

2019-08-15 16:33:28 - [TEST_STEP][PASSED] - println(symbol): null

2019-08-15 16:33:28 - [TEST_STEP][PASSED] - if (i == 2 &amp;&amp; wildList.indexOf(symbol) != -1): null

2019-08-15 16:33:28 - [TEST_STEP][PASSED] - if (i == 3 &amp;&amp; wildList.indexOf(symbol) != -1): null

2019-08-15 16:33:28 - [TEST_STEP][PASSED] - if (i == 4 &amp;&amp; wildList.indexOf(symbol) != -1): null

2019-08-15 16:33:28 - [TEST_STEP][PASSED] - symbol = symbol: null

2019-08-15 16:33:28 - [TEST_STEP][PASSED] - println(symbol): null

2019-08-15 16:33:28 - [TEST_STEP][PASSED] - if (i == 2 &amp;&amp; wildList.indexOf(symbol) != -1): null

2019-08-15 16:33:28 - [TEST_STEP][PASSED] - if (i == 3 &amp;&amp; wildList.indexOf(symbol) != -1): null

2019-08-15 16:33:28 - [TEST_STEP][PASSED] - if (i == 4 &amp;&amp; wildList.indexOf(symbol) != -1): null

2019-08-15 16:33:28 - [TEST_STEP][PASSED] - symbols = symbols: null

2019-08-15 16:33:28 - [TEST_STEP][PASSED] - for ([j = 0, j &lt; symbols.size(), (j++)]): null

2019-08-15 16:33:28 - [TEST_STEP][PASSED] - symbol = symbol: null

2019-08-15 16:33:28 - [TEST_STEP][PASSED] - println(symbol): null

2019-08-15 16:33:28 - [TEST_STEP][PASSED] - if (i == 2 &amp;&amp; wildList.indexOf(symbol) != -1): null

2019-08-15 16:33:28 - [TEST_STEP][PASSED] - if (i == 3 &amp;&amp; wildList.indexOf(symbol) != -1): null

2019-08-15 16:33:28 - [TEST_STEP][PASSED] - if (i == 4 &amp;&amp; wildList.indexOf(symbol) != -1): null

2019-08-15 16:33:28 - [TEST_STEP][PASSED] - symbol = symbol: null

2019-08-15 16:33:28 - [TEST_STEP][PASSED] - println(symbol): null

2019-08-15 16:33:28 - [TEST_STEP][PASSED] - if (i == 2 &amp;&amp; wildList.indexOf(symbol) != -1): null

2019-08-15 16:33:28 - [TEST_STEP][PASSED] - if (i == 3 &amp;&amp; wildList.indexOf(symbol) != -1): null

2019-08-15 16:33:28 - [TEST_STEP][PASSED] - if (i == 4 &amp;&amp; wildList.indexOf(symbol) != -1): null

2019-08-15 16:33:28 - [TEST_STEP][PASSED] - symbol = symbol: null

2019-08-15 16:33:28 - [TEST_STEP][PASSED] - println(symbol): null

2019-08-15 16:33:28 - [TEST_STEP][PASSED] - if (i == 2 &amp;&amp; wildList.indexOf(symbol) != -1): null

2019-08-15 16:33:28 - [TEST_STEP][PASSED] - if (i == 3 &amp;&amp; wildList.indexOf(symbol) != -1): null

2019-08-15 16:33:28 - [TEST_STEP][PASSED] - if (i == 4 &amp;&amp; wildList.indexOf(symbol) != -1): null

2019-08-15 16:33:28 - [TEST_STEP][PASSED] - free_spin_reel_counter = free_spin_reel_counter: null

2019-08-15 16:33:28 - [TEST_STEP][PASSED] - println("reel 3 wild found: " + free_spin_reel_counter[0]): null

2019-08-15 16:33:28 - [TEST_STEP][PASSED] - println("reel 4 wild found: " + free_spin_reel_counter[1]): null

2019-08-15 16:33:28 - [TEST_STEP][PASSED] - println("reel 5 wild found: " + free_spin_reel_counter[2]): null

2019-08-15 16:33:28 - [TEST_STEP][PASSED] - M4_spin_reels = M4_spin_reels: null

2019-08-15 16:33:28 - [TEST_STEP][PASSED] - M4_spin_reels_symbols = symbol: null

2019-08-15 16:33:28 - [TEST_STEP][PASSED] - M4_spin_reels_symbols = M4_spin_reels_symbols: null

2019-08-15 16:33:28 - [TEST_STEP][PASSED] - M4_spin_reel_wins = reel_wins: null

2019-08-15 16:33:28 - [TEST_STEP][PASSED] - M4_spin_reel_wins = M4_spin_reel_wins: null

2019-08-15 16:33:28 - [TEST_STEP][PASSED] - println("GlobalVariable.M4_spin_reel_wins is: " + M4_spin_reel_wins): null

2019-08-15 16:33:28 - [TEST_STEP][PASSED] - M4_spin_total_bonus_win_this_round = total_bonus_win_this_round: null

2019-08-15 16:33:28 - [TEST_STEP][PASSED] - M4_spin_total_bonus_win_this_round = M4_spin_total_bonus_win_this_round: null

2019-08-15 16:33:28 - [TEST_STEP][PASSED] - println("GlobalVariable.M4_spin_total_bonus_win_this_round is: " + M4_spin_total_bonus_win_this_round): null

2019-08-15 16:33:28 - [MESSAGE][PASSED] - Verify response successfully

2019-08-15 16:33:28 - [MESSAGE][PASSED] - Send request and verify the response successfully

2019-08-15 16:33:28 - [TEST_STEP][PASSED] - if (M4_total_bonus_spins_int != 0 &amp;&amp; M4_spin_reels_symbols[2].contains("WILD_Normal") || M4_spin_reels_symbols[3].contains("WILD_Normal") || M4_spin_reels_symbols[4].contains("WILD_Normal")): null

2019-08-15 16:33:28 - [TEST_STEP][PASSED] - free_spin_reel_counter = free_spin_reel_counter: null

2019-08-15 16:33:28 - [TEST_STEP][PASSED] - M4_spin_reels_symbols = M4_spin_reels_symbols: null

2019-08-15 16:33:28 - [TEST_STEP][PASSED] - M4_total_bonus_spins = M4_total_bonus_spins: null

2019-08-15 16:33:28 - [TEST_STEP][PASSED] - spin_result = sendRequestAndVerify(findTestObject("STG/RGS(M4)/1_M4_spin", ["M4_login_user_id":M4_login_user_id, "rgs_session_token":rgs_session_token, "partner":Partner])): Send request and verify the response successfully

2019-08-15 16:33:29 - [TEST_CASE][PASSED] - Start Test Case : Verification: Verification accomplished successfully

2019-08-15 16:33:29 - [TEST_STEP][PASSED] - request = getInstance().getCurrentRequest(): null

2019-08-15 16:33:29 - [TEST_STEP][PASSED] - response = getInstance().getCurrentResponse(): null

2019-08-15 16:33:29 - [TEST_STEP][PASSED] - verifyResponseStatusCode(response, 200): Verify response status code successfully

2019-08-15 16:33:29 - [MESSAGE][PASSED] - Verify response status code successfully

2019-08-15 16:33:29 - [TEST_STEP][PASSED] - getStatusCode()).isEqualTo(200): null

2019-08-15 16:33:29 - [TEST_STEP][PASSED] - newline = System.getProperty("line.separator"): null

2019-08-15 16:33:29 - [TEST_STEP][PASSED] - M4_spin = new groovy.json.JsonSlurper(): null

2019-08-15 16:33:29 - [TEST_STEP][PASSED] - result_M4_spin = M4_spin.parseText(response.getResponseBodyContent()): null

2019-08-15 16:33:29 - [TEST_STEP][PASSED] - M4_spin_current_balance = current_balance: null

2019-08-15 16:33:29 - [TEST_STEP][PASSED] - M4_spin_current_balance = M4_spin_current_balance: null

2019-08-15 16:33:29 - [TEST_STEP][PASSED] - M4_spin_transaction_id = causality: null

2019-08-15 16:33:29 - [TEST_STEP][PASSED] - M4_spin_transaction_id = M4_spin_transaction_id: null

2019-08-15 16:33:29 - [TEST_STEP][PASSED] - M4_spin_round_id = round_id: null

2019-08-15 16:33:29 - [TEST_STEP][PASSED] - M4_spin_round_id = M4_spin_round_id: null

2019-08-15 16:33:29 - [TEST_STEP][PASSED] - M4_spin_line_wins = line_wins: null

2019-08-15 16:33:29 - [TEST_STEP][PASSED] - M4_spin_line_wins = M4_spin_line_wins: null

2019-08-15 16:33:29 - [TEST_STEP][PASSED] - M4_total_bonus_spins_int = total_bonus_spins: null

2019-08-15 16:33:29 - [TEST_STEP][PASSED] - println("******M4_total_bonus_spins type is:*******" + newline + getClass().getName()): null

2019-08-15 16:33:29 - [TEST_STEP][PASSED] - M4_total_bonus_spins_int = M4_total_bonus_spins_int: null

2019-08-15 16:33:29 - [TEST_STEP][PASSED] - M4_total_bonus_spins = Integer.toString(M4_total_bonus_spins_int): null

2019-08-15 16:33:29 - [TEST_STEP][PASSED] - M4_total_bonus_spins = M4_total_bonus_spins: null

2019-08-15 16:33:29 - [TEST_STEP][PASSED] - println("M4_total_bonus_spins is:" + M4_total_bonus_spins): null

2019-08-15 16:33:29 - [TEST_STEP][PASSED] - M4_spin_bonus_data = bonus_data: null

2019-08-15 16:33:29 - [TEST_STEP][PASSED] - M4_spin_features_triggered = result_M4_spin: null

2019-08-15 16:33:29 - [TEST_STEP][PASSED] - wild = []: null

2019-08-15 16:33:29 - [TEST_STEP][PASSED] - wild[0] = "WILD_Expanding": null

2019-08-15 16:33:29 - [TEST_STEP][PASSED] - wild[1] = "WILD_Normal": null

2019-08-15 16:33:29 - [TEST_STEP][PASSED] - wild[2] = "WILD_Double": null

2019-08-15 16:33:29 - [TEST_STEP][PASSED] - wild[3] = "WILD_ExtraFG": null

2019-08-15 16:33:29 - [TEST_STEP][PASSED] - wild[4] = "WILD_Triple": null

2019-08-15 16:33:29 - [TEST_STEP][PASSED] - wildList = Arrays.asList(wild): null

2019-08-15 16:33:29 - [TEST_STEP][PASSED] - wildList = wildList: null

2019-08-15 16:33:29 - [TEST_STEP][PASSED] - free_spin_reel_counter = []: null

2019-08-15 16:33:29 - [TEST_STEP][PASSED] - free_spin_reel_counter[0] = 0: null

2019-08-15 16:33:29 - [TEST_STEP][PASSED] - free_spin_reel_counter[1] = 0: null

2019-08-15 16:33:29 - [TEST_STEP][PASSED] - free_spin_reel_counter[2] = 0: null

2019-08-15 16:33:29 - [TEST_STEP][PASSED] - M4_spin_reels = reels: null

2019-08-15 16:33:29 - [TEST_STEP][PASSED] - for ([i = 0, i &lt; M4_spin_reels.size(), (i++)]): null

2019-08-15 16:33:29 - [TEST_STEP][PASSED] - symbols = symbols: null

2019-08-15 16:33:29 - [TEST_STEP][PASSED] - for ([j = 0, j &lt; symbols.size(), (j++)]): null

2019-08-15 16:33:29 - [TEST_STEP][PASSED] - symbol = symbol: null

2019-08-15 16:33:29 - [TEST_STEP][PASSED] - println(symbol): null

2019-08-15 16:33:29 - [TEST_STEP][PASSED] - if (i == 2 &amp;&amp; wildList.indexOf(symbol) != -1): null

2019-08-15 16:33:29 - [TEST_STEP][PASSED] - if (i == 3 &amp;&amp; wildList.indexOf(symbol) != -1): null

2019-08-15 16:33:29 - [TEST_STEP][PASSED] - if (i == 4 &amp;&amp; wildList.indexOf(symbol) != -1): null

2019-08-15 16:33:29 - [TEST_STEP][PASSED] - symbol = symbol: null

2019-08-15 16:33:29 - [TEST_STEP][PASSED] - println(symbol): null

2019-08-15 16:33:29 - [TEST_STEP][PASSED] - if (i == 2 &amp;&amp; wildList.indexOf(symbol) != -1): null

2019-08-15 16:33:29 - [TEST_STEP][PASSED] - if (i == 3 &amp;&amp; wildList.indexOf(symbol) != -1): null

2019-08-15 16:33:29 - [TEST_STEP][PASSED] - if (i == 4 &amp;&amp; wildList.indexOf(symbol) != -1): null

2019-08-15 16:33:29 - [TEST_STEP][PASSED] - symbol = symbol: null

2019-08-15 16:33:29 - [TEST_STEP][PASSED] - println(symbol): null

2019-08-15 16:33:29 - [TEST_STEP][PASSED] - if (i == 2 &amp;&amp; wildList.indexOf(symbol) != -1): null

2019-08-15 16:33:29 - [TEST_STEP][PASSED] - if (i == 3 &amp;&amp; wildList.indexOf(symbol) != -1): null

2019-08-15 16:33:29 - [TEST_STEP][PASSED] - if (i == 4 &amp;&amp; wildList.indexOf(symbol) != -1): null

2019-08-15 16:33:29 - [TEST_STEP][PASSED] - symbols = symbols: null

2019-08-15 16:33:29 - [TEST_STEP][PASSED] - for ([j = 0, j &lt; symbols.size(), (j++)]): null

2019-08-15 16:33:29 - [TEST_STEP][PASSED] - symbol = symbol: null

2019-08-15 16:33:29 - [TEST_STEP][PASSED] - println(symbol): null

2019-08-15 16:33:29 - [TEST_STEP][PASSED] - if (i == 2 &amp;&amp; wildList.indexOf(symbol) != -1): null

2019-08-15 16:33:29 - [TEST_STEP][PASSED] - if (i == 3 &amp;&amp; wildList.indexOf(symbol) != -1): null

2019-08-15 16:33:29 - [TEST_STEP][PASSED] - if (i == 4 &amp;&amp; wildList.indexOf(symbol) != -1): null

2019-08-15 16:33:29 - [TEST_STEP][PASSED] - symbol = symbol: null

2019-08-15 16:33:29 - [TEST_STEP][PASSED] - println(symbol): null

2019-08-15 16:33:29 - [TEST_STEP][PASSED] - if (i == 2 &amp;&amp; wildList.indexOf(symbol) != -1): null

2019-08-15 16:33:29 - [TEST_STEP][PASSED] - if (i == 3 &amp;&amp; wildList.indexOf(symbol) != -1): null

2019-08-15 16:33:29 - [TEST_STEP][PASSED] - if (i == 4 &amp;&amp; wildList.indexOf(symbol) != -1): null

2019-08-15 16:33:29 - [TEST_STEP][PASSED] - symbol = symbol: null

2019-08-15 16:33:29 - [TEST_STEP][PASSED] - println(symbol): null

2019-08-15 16:33:29 - [TEST_STEP][PASSED] - if (i == 2 &amp;&amp; wildList.indexOf(symbol) != -1): null

2019-08-15 16:33:29 - [TEST_STEP][PASSED] - if (i == 3 &amp;&amp; wildList.indexOf(symbol) != -1): null

2019-08-15 16:33:29 - [TEST_STEP][PASSED] - if (i == 4 &amp;&amp; wildList.indexOf(symbol) != -1): null

2019-08-15 16:33:29 - [TEST_STEP][PASSED] - symbols = symbols: null

2019-08-15 16:33:29 - [TEST_STEP][PASSED] - for ([j = 0, j &lt; symbols.size(), (j++)]): null

2019-08-15 16:33:29 - [TEST_STEP][PASSED] - symbol = symbol: null

2019-08-15 16:33:29 - [TEST_STEP][PASSED] - println(symbol): null

2019-08-15 16:33:29 - [TEST_STEP][PASSED] - if (i == 2 &amp;&amp; wildList.indexOf(symbol) != -1): null

2019-08-15 16:33:29 - [TEST_STEP][PASSED] - if (i == 3 &amp;&amp; wildList.indexOf(symbol) != -1): null

2019-08-15 16:33:29 - [TEST_STEP][PASSED] - if (i == 4 &amp;&amp; wildList.indexOf(symbol) != -1): null

2019-08-15 16:33:29 - [TEST_STEP][PASSED] - symbol = symbol: null

2019-08-15 16:33:29 - [TEST_STEP][PASSED] - println(symbol): null

2019-08-15 16:33:29 - [TEST_STEP][PASSED] - if (i == 2 &amp;&amp; wildList.indexOf(symbol) != -1): null

2019-08-15 16:33:29 - [TEST_STEP][PASSED] - if (i == 3 &amp;&amp; wildList.indexOf(symbol) != -1): null

2019-08-15 16:33:29 - [TEST_STEP][PASSED] - if (i == 4 &amp;&amp; wildList.indexOf(symbol) != -1): null

2019-08-15 16:33:29 - [TEST_STEP][PASSED] - symbol = symbol: null

2019-08-15 16:33:29 - [TEST_STEP][PASSED] - println(symbol): null

2019-08-15 16:33:29 - [TEST_STEP][PASSED] - if (i == 2 &amp;&amp; wildList.indexOf(symbol) != -1): null

2019-08-15 16:33:29 - [TEST_STEP][PASSED] - if (i == 3 &amp;&amp; wildList.indexOf(symbol) != -1): null

2019-08-15 16:33:29 - [TEST_STEP][PASSED] - if (i == 4 &amp;&amp; wildList.indexOf(symbol) != -1): null

2019-08-15 16:33:29 - [TEST_STEP][PASSED] - symbols = symbols: null

2019-08-15 16:33:29 - [TEST_STEP][PASSED] - for ([j = 0, j &lt; symbols.size(), (j++)]): null

2019-08-15 16:33:29 - [TEST_STEP][PASSED] - symbol = symbol: null

2019-08-15 16:33:29 - [TEST_STEP][PASSED] - println(symbol): null

2019-08-15 16:33:29 - [TEST_STEP][PASSED] - if (i == 2 &amp;&amp; wildList.indexOf(symbol) != -1): null

2019-08-15 16:33:29 - [TEST_STEP][PASSED] - if (i == 3 &amp;&amp; wildList.indexOf(symbol) != -1): null

2019-08-15 16:33:29 - [TEST_STEP][PASSED] - if (i == 4 &amp;&amp; wildList.indexOf(symbol) != -1): null

2019-08-15 16:33:29 - [TEST_STEP][PASSED] - symbol = symbol: null

2019-08-15 16:33:29 - [TEST_STEP][PASSED] - println(symbol): null

2019-08-15 16:33:29 - [TEST_STEP][PASSED] - if (i == 2 &amp;&amp; wildList.indexOf(symbol) != -1): null

2019-08-15 16:33:29 - [TEST_STEP][PASSED] - if (i == 3 &amp;&amp; wildList.indexOf(symbol) != -1): null

2019-08-15 16:33:29 - [TEST_STEP][PASSED] - if (i == 4 &amp;&amp; wildList.indexOf(symbol) != -1): null

2019-08-15 16:33:29 - [TEST_STEP][PASSED] - symbol = symbol: null

2019-08-15 16:33:29 - [TEST_STEP][PASSED] - println(symbol): null

2019-08-15 16:33:29 - [TEST_STEP][PASSED] - if (i == 2 &amp;&amp; wildList.indexOf(symbol) != -1): null

2019-08-15 16:33:29 - [TEST_STEP][PASSED] - if (i == 3 &amp;&amp; wildList.indexOf(symbol) != -1): null

2019-08-15 16:33:29 - [TEST_STEP][PASSED] - if (i == 4 &amp;&amp; wildList.indexOf(symbol) != -1): null

2019-08-15 16:33:29 - [TEST_STEP][PASSED] - symbols = symbols: null

2019-08-15 16:33:29 - [TEST_STEP][PASSED] - for ([j = 0, j &lt; symbols.size(), (j++)]): null

2019-08-15 16:33:29 - [TEST_STEP][PASSED] - symbol = symbol: null

2019-08-15 16:33:29 - [TEST_STEP][PASSED] - println(symbol): null

2019-08-15 16:33:29 - [TEST_STEP][PASSED] - if (i == 2 &amp;&amp; wildList.indexOf(symbol) != -1): null

2019-08-15 16:33:29 - [TEST_STEP][PASSED] - if (i == 3 &amp;&amp; wildList.indexOf(symbol) != -1): null

2019-08-15 16:33:29 - [TEST_STEP][PASSED] - if (i == 4 &amp;&amp; wildList.indexOf(symbol) != -1): null

2019-08-15 16:33:29 - [TEST_STEP][PASSED] - symbol = symbol: null

2019-08-15 16:33:29 - [TEST_STEP][PASSED] - println(symbol): null

2019-08-15 16:33:29 - [TEST_STEP][PASSED] - if (i == 2 &amp;&amp; wildList.indexOf(symbol) != -1): null

2019-08-15 16:33:29 - [TEST_STEP][PASSED] - if (i == 3 &amp;&amp; wildList.indexOf(symbol) != -1): null

2019-08-15 16:33:29 - [TEST_STEP][PASSED] - if (i == 4 &amp;&amp; wildList.indexOf(symbol) != -1): null

2019-08-15 16:33:29 - [TEST_STEP][PASSED] - symbol = symbol: null

2019-08-15 16:33:29 - [TEST_STEP][PASSED] - println(symbol): null

2019-08-15 16:33:29 - [TEST_STEP][PASSED] - if (i == 2 &amp;&amp; wildList.indexOf(symbol) != -1): null

2019-08-15 16:33:29 - [TEST_STEP][PASSED] - if (i == 3 &amp;&amp; wildList.indexOf(symbol) != -1): null

2019-08-15 16:33:29 - [TEST_STEP][PASSED] - if (i == 4 &amp;&amp; wildList.indexOf(symbol) != -1): null

2019-08-15 16:33:29 - [TEST_STEP][PASSED] - free_spin_reel_counter = free_spin_reel_counter: null

2019-08-15 16:33:29 - [TEST_STEP][PASSED] - println("reel 3 wild found: " + free_spin_reel_counter[0]): null

2019-08-15 16:33:29 - [TEST_STEP][PASSED] - println("reel 4 wild found: " + free_spin_reel_counter[1]): null

2019-08-15 16:33:29 - [TEST_STEP][PASSED] - println("reel 5 wild found: " + free_spin_reel_counter[2]): null

2019-08-15 16:33:29 - [TEST_STEP][PASSED] - M4_spin_reels = M4_spin_reels: null

2019-08-15 16:33:29 - [TEST_STEP][PASSED] - M4_spin_reels_symbols = symbol: null

2019-08-15 16:33:29 - [TEST_STEP][PASSED] - M4_spin_reels_symbols = M4_spin_reels_symbols: null

2019-08-15 16:33:29 - [TEST_STEP][PASSED] - M4_spin_reel_wins = reel_wins: null

2019-08-15 16:33:29 - [TEST_STEP][PASSED] - M4_spin_reel_wins = M4_spin_reel_wins: null

2019-08-15 16:33:29 - [TEST_STEP][PASSED] - println("GlobalVariable.M4_spin_reel_wins is: " + M4_spin_reel_wins): null

2019-08-15 16:33:29 - [TEST_STEP][PASSED] - M4_spin_total_bonus_win_this_round = total_bonus_win_this_round: null

2019-08-15 16:33:29 - [TEST_STEP][PASSED] - M4_spin_total_bonus_win_this_round = M4_spin_total_bonus_win_this_round: null

2019-08-15 16:33:29 - [TEST_STEP][PASSED] - println("GlobalVariable.M4_spin_total_bonus_win_this_round is: " + M4_spin_total_bonus_win_this_round): null

2019-08-15 16:33:29 - [MESSAGE][PASSED] - Verify response successfully

2019-08-15 16:33:29 - [MESSAGE][PASSED] - Send request and verify the response successfully

2019-08-15 16:33:29 - [TEST_STEP][PASSED] - if (M4_total_bonus_spins_int != 0 &amp;&amp; M4_spin_reels_symbols[2].contains("WILD_Normal") || M4_spin_reels_symbols[3].contains("WILD_Normal") || M4_spin_reels_symbols[4].contains("WILD_Normal")): null

2019-08-15 16:33:29 - [TEST_STEP][PASSED] - free_spin_reel_counter = free_spin_reel_counter: null

2019-08-15 16:33:29 - [TEST_STEP][PASSED] - M4_spin_reels_symbols = M4_spin_reels_symbols: null

2019-08-15 16:33:29 - [TEST_STEP][PASSED] - M4_total_bonus_spins = M4_total_bonus_spins: null

2019-08-15 16:33:29 - [TEST_STEP][PASSED] - spin_result = sendRequestAndVerify(findTestObject("STG/RGS(M4)/1_M4_spin", ["M4_login_user_id":M4_login_user_id, "rgs_session_token":rgs_session_token, "partner":Partner])): Send request and verify the response successfully

2019-08-15 16:33:29 - [TEST_CASE][PASSED] - Start Test Case : Verification: Verification accomplished successfully

2019-08-15 16:33:29 - [TEST_STEP][PASSED] - request = getInstance().getCurrentRequest(): null

2019-08-15 16:33:29 - [TEST_STEP][PASSED] - response = getInstance().getCurrentResponse(): null

2019-08-15 16:33:29 - [TEST_STEP][PASSED] - verifyResponseStatusCode(response, 200): Verify response status code successfully

2019-08-15 16:33:29 - [MESSAGE][PASSED] - Verify response status code successfully

2019-08-15 16:33:29 - [TEST_STEP][PASSED] - getStatusCode()).isEqualTo(200): null

2019-08-15 16:33:29 - [TEST_STEP][PASSED] - newline = System.getProperty("line.separator"): null

2019-08-15 16:33:29 - [TEST_STEP][PASSED] - M4_spin = new groovy.json.JsonSlurper(): null

2019-08-15 16:33:29 - [TEST_STEP][PASSED] - result_M4_spin = M4_spin.parseText(response.getResponseBodyContent()): null

2019-08-15 16:33:29 - [TEST_STEP][PASSED] - M4_spin_current_balance = current_balance: null

2019-08-15 16:33:29 - [TEST_STEP][PASSED] - M4_spin_current_balance = M4_spin_current_balance: null

2019-08-15 16:33:29 - [TEST_STEP][PASSED] - M4_spin_transaction_id = causality: null

2019-08-15 16:33:29 - [TEST_STEP][PASSED] - M4_spin_transaction_id = M4_spin_transaction_id: null

2019-08-15 16:33:29 - [TEST_STEP][PASSED] - M4_spin_round_id = round_id: null

2019-08-15 16:33:29 - [TEST_STEP][PASSED] - M4_spin_round_id = M4_spin_round_id: null

2019-08-15 16:33:29 - [TEST_STEP][PASSED] - M4_spin_line_wins = line_wins: null

2019-08-15 16:33:29 - [TEST_STEP][PASSED] - M4_spin_line_wins = M4_spin_line_wins: null

2019-08-15 16:33:29 - [TEST_STEP][PASSED] - M4_total_bonus_spins_int = total_bonus_spins: null

2019-08-15 16:33:29 - [TEST_STEP][PASSED] - println("******M4_total_bonus_spins type is:*******" + newline + getClass().getName()): null

2019-08-15 16:33:29 - [TEST_STEP][PASSED] - M4_total_bonus_spins_int = M4_total_bonus_spins_int: null

2019-08-15 16:33:29 - [TEST_STEP][PASSED] - M4_total_bonus_spins = Integer.toString(M4_total_bonus_spins_int): null

2019-08-15 16:33:29 - [TEST_STEP][PASSED] - M4_total_bonus_spins = M4_total_bonus_spins: null

2019-08-15 16:33:29 - [TEST_STEP][PASSED] - println("M4_total_bonus_spins is:" + M4_total_bonus_spins): null

2019-08-15 16:33:29 - [TEST_STEP][PASSED] - M4_spin_bonus_data = bonus_data: null

2019-08-15 16:33:29 - [TEST_STEP][PASSED] - M4_spin_features_triggered = result_M4_spin: null

2019-08-15 16:33:29 - [TEST_STEP][PASSED] - wild = []: null

2019-08-15 16:33:29 - [TEST_STEP][PASSED] - wild[0] = "WILD_Expanding": null

2019-08-15 16:33:29 - [TEST_STEP][PASSED] - wild[1] = "WILD_Normal": null

2019-08-15 16:33:29 - [TEST_STEP][PASSED] - wild[2] = "WILD_Double": null

2019-08-15 16:33:29 - [TEST_STEP][PASSED] - wild[3] = "WILD_ExtraFG": null

2019-08-15 16:33:29 - [TEST_STEP][PASSED] - wild[4] = "WILD_Triple": null

2019-08-15 16:33:29 - [TEST_STEP][PASSED] - wildList = Arrays.asList(wild): null

2019-08-15 16:33:29 - [TEST_STEP][PASSED] - wildList = wildList: null

2019-08-15 16:33:29 - [TEST_STEP][PASSED] - free_spin_reel_counter = []: null

2019-08-15 16:33:29 - [TEST_STEP][PASSED] - free_spin_reel_counter[0] = 0: null

2019-08-15 16:33:29 - [TEST_STEP][PASSED] - free_spin_reel_counter[1] = 0: null

2019-08-15 16:33:29 - [TEST_STEP][PASSED] - free_spin_reel_counter[2] = 0: null

2019-08-15 16:33:29 - [TEST_STEP][PASSED] - M4_spin_reels = reels: null

2019-08-15 16:33:29 - [TEST_STEP][PASSED] - for ([i = 0, i &lt; M4_spin_reels.size(), (i++)]): null

2019-08-15 16:33:29 - [TEST_STEP][PASSED] - symbols = symbols: null

2019-08-15 16:33:29 - [TEST_STEP][PASSED] - for ([j = 0, j &lt; symbols.size(), (j++)]): null

2019-08-15 16:33:29 - [TEST_STEP][PASSED] - symbol = symbol: null

2019-08-15 16:33:29 - [TEST_STEP][PASSED] - println(symbol): null

2019-08-15 16:33:29 - [TEST_STEP][PASSED] - if (i == 2 &amp;&amp; wildList.indexOf(symbol) != -1): null

2019-08-15 16:33:29 - [TEST_STEP][PASSED] - if (i == 3 &amp;&amp; wildList.indexOf(symbol) != -1): null

2019-08-15 16:33:29 - [TEST_STEP][PASSED] - if (i == 4 &amp;&amp; wildList.indexOf(symbol) != -1): null

2019-08-15 16:33:29 - [TEST_STEP][PASSED] - symbol = symbol: null

2019-08-15 16:33:29 - [TEST_STEP][PASSED] - println(symbol): null

2019-08-15 16:33:34 - [TEST_STEP][PASSED] - if (i == 2 &amp;&amp; wildList.indexOf(symbol) != -1): null

2019-08-15 16:33:34 - [TEST_STEP][PASSED] - if (i == 3 &amp;&amp; wildList.indexOf(symbol) != -1): null

2019-08-15 16:33:34 - [TEST_STEP][PASSED] - if (i == 4 &amp;&amp; wildList.indexOf(symbol) != -1): null

2019-08-15 16:33:34 - [TEST_STEP][PASSED] - symbol = symbol: null

2019-08-15 16:33:34 - [TEST_STEP][PASSED] - println(symbol): null

2019-08-15 16:33:34 - [TEST_STEP][PASSED] - if (i == 2 &amp;&amp; wildList.indexOf(symbol) != -1): null

2019-08-15 16:33:34 - [TEST_STEP][PASSED] - if (i == 3 &amp;&amp; wildList.indexOf(symbol) != -1): null

2019-08-15 16:33:34 - [TEST_STEP][PASSED] - if (i == 4 &amp;&amp; wildList.indexOf(symbol) != -1): null

2019-08-15 16:33:34 - [TEST_STEP][PASSED] - symbols = symbols: null

2019-08-15 16:33:37 - [TEST_STEP][PASSED] - for ([j = 0, j &lt; symbols.size(), (j++)]): null

2019-08-15 16:33:37 - [TEST_STEP][PASSED] - symbol = symbol: null

2019-08-15 16:33:37 - [TEST_STEP][PASSED] - println(symbol): null

2019-08-15 16:33:37 - [TEST_STEP][PASSED] - if (i == 2 &amp;&amp; wildList.indexOf(symbol) != -1): null

2019-08-15 16:33:37 - [TEST_STEP][PASSED] - if (i == 3 &amp;&amp; wildList.indexOf(symbol) != -1): null

2019-08-15 16:33:37 - [TEST_STEP][PASSED] - if (i == 4 &amp;&amp; wildList.indexOf(symbol) != -1): null

2019-08-15 16:33:37 - [TEST_STEP][PASSED] - symbol = symbol: null

2019-08-15 16:33:37 - [TEST_STEP][PASSED] - println(symbol): null

2019-08-15 16:33:37 - [TEST_STEP][PASSED] - if (i == 2 &amp;&amp; wildList.indexOf(symbol) != -1): null

2019-08-15 16:33:37 - [TEST_STEP][PASSED] - if (i == 3 &amp;&amp; wildList.indexOf(symbol) != -1): null

2019-08-15 16:33:37 - [TEST_STEP][PASSED] - if (i == 4 &amp;&amp; wildList.indexOf(symbol) != -1): null

2019-08-15 16:33:37 - [TEST_STEP][PASSED] - symbol = symbol: null

2019-08-15 16:33:37 - [TEST_STEP][PASSED] - println(symbol): null

2019-08-15 16:33:37 - [TEST_STEP][PASSED] - if (i == 2 &amp;&amp; wildList.indexOf(symbol) != -1): null

2019-08-15 16:33:37 - [TEST_STEP][PASSED] - if (i == 3 &amp;&amp; wildList.indexOf(symbol) != -1): null

2019-08-15 16:33:37 - [TEST_STEP][PASSED] - if (i == 4 &amp;&amp; wildList.indexOf(symbol) != -1): null

2019-08-15 16:33:37 - [TEST_STEP][PASSED] - symbols = symbols: null

2019-08-15 16:33:37 - [TEST_STEP][PASSED] - for ([j = 0, j &lt; symbols.size(), (j++)]): null

2019-08-15 16:33:37 - [TEST_STEP][PASSED] - symbol = symbol: null

2019-08-15 16:33:37 - [TEST_STEP][PASSED] - println(symbol): null

2019-08-15 16:33:37 - [TEST_STEP][PASSED] - if (i == 2 &amp;&amp; wildList.indexOf(symbol) != -1): null

2019-08-15 16:33:37 - [TEST_STEP][PASSED] - if (i == 3 &amp;&amp; wildList.indexOf(symbol) != -1): null

2019-08-15 16:33:37 - [TEST_STEP][PASSED] - if (i == 4 &amp;&amp; wildList.indexOf(symbol) != -1): null

2019-08-15 16:33:37 - [TEST_STEP][PASSED] - symbol = symbol: null

2019-08-15 16:33:37 - [TEST_STEP][PASSED] - println(symbol): null

2019-08-15 16:33:37 - [TEST_STEP][PASSED] - if (i == 2 &amp;&amp; wildList.indexOf(symbol) != -1): null

2019-08-15 16:33:37 - [TEST_STEP][PASSED] - if (i == 3 &amp;&amp; wildList.indexOf(symbol) != -1): null

2019-08-15 16:33:37 - [TEST_STEP][PASSED] - if (i == 4 &amp;&amp; wildList.indexOf(symbol) != -1): null

2019-08-15 16:33:37 - [TEST_STEP][PASSED] - symbol = symbol: null

2019-08-15 16:33:37 - [TEST_STEP][PASSED] - println(symbol): null

2019-08-15 16:33:37 - [TEST_STEP][PASSED] - if (i == 2 &amp;&amp; wildList.indexOf(symbol) != -1): null

2019-08-15 16:33:37 - [TEST_STEP][PASSED] - if (i == 3 &amp;&amp; wildList.indexOf(symbol) != -1): null

2019-08-15 16:33:37 - [TEST_STEP][PASSED] - if (i == 4 &amp;&amp; wildList.indexOf(symbol) != -1): null

2019-08-15 16:33:37 - [TEST_STEP][PASSED] - symbols = symbols: null

2019-08-15 16:33:37 - [TEST_STEP][PASSED] - for ([j = 0, j &lt; symbols.size(), (j++)]): null

2019-08-15 16:33:37 - [TEST_STEP][PASSED] - symbol = symbol: null

2019-08-15 16:33:37 - [TEST_STEP][PASSED] - println(symbol): null

2019-08-15 16:33:37 - [TEST_STEP][PASSED] - if (i == 2 &amp;&amp; wildList.indexOf(symbol) != -1): null

2019-08-15 16:33:37 - [TEST_STEP][PASSED] - if (i == 3 &amp;&amp; wildList.indexOf(symbol) != -1): null

2019-08-15 16:33:37 - [TEST_STEP][PASSED] - if (i == 4 &amp;&amp; wildList.indexOf(symbol) != -1): null

2019-08-15 16:33:37 - [TEST_STEP][PASSED] - symbol = symbol: null

2019-08-15 16:33:37 - [TEST_STEP][PASSED] - println(symbol): null

2019-08-15 16:33:37 - [TEST_STEP][PASSED] - if (i == 2 &amp;&amp; wildList.indexOf(symbol) != -1): null

2019-08-15 16:33:37 - [TEST_STEP][PASSED] - if (i == 3 &amp;&amp; wildList.indexOf(symbol) != -1): null

2019-08-15 16:33:37 - [TEST_STEP][PASSED] - println("wild found on reel 4, adding counter by 1"): null

2019-08-15 16:33:37 - [TEST_STEP][PASSED] - free_spin_reel_counter[1] = free_spin_reel_counter[1] + 1: null

2019-08-15 16:33:37 - [TEST_STEP][PASSED] - if (i == 4 &amp;&amp; wildList.indexOf(symbol) != -1): null

2019-08-15 16:33:37 - [TEST_STEP][PASSED] - symbol = symbol: null

2019-08-15 16:33:37 - [TEST_STEP][PASSED] - println(symbol): null

2019-08-15 16:33:37 - [TEST_STEP][PASSED] - if (i == 2 &amp;&amp; wildList.indexOf(symbol) != -1): null

2019-08-15 16:33:37 - [TEST_STEP][PASSED] - if (i == 3 &amp;&amp; wildList.indexOf(symbol) != -1): null

2019-08-15 16:33:37 - [TEST_STEP][PASSED] - if (i == 4 &amp;&amp; wildList.indexOf(symbol) != -1): null

2019-08-15 16:33:37 - [TEST_STEP][PASSED] - symbols = symbols: null

2019-08-15 16:33:37 - [TEST_STEP][PASSED] - for ([j = 0, j &lt; symbols.size(), (j++)]): null

2019-08-15 16:33:37 - [TEST_STEP][PASSED] - symbol = symbol: null

2019-08-15 16:33:37 - [TEST_STEP][PASSED] - println(symbol): null

2019-08-15 16:33:37 - [TEST_STEP][PASSED] - if (i == 2 &amp;&amp; wildList.indexOf(symbol) != -1): null

2019-08-15 16:33:37 - [TEST_STEP][PASSED] - if (i == 3 &amp;&amp; wildList.indexOf(symbol) != -1): null

2019-08-15 16:33:37 - [TEST_STEP][PASSED] - if (i == 4 &amp;&amp; wildList.indexOf(symbol) != -1): null

2019-08-15 16:33:37 - [TEST_STEP][PASSED] - symbol = symbol: null

2019-08-15 16:33:37 - [TEST_STEP][PASSED] - println(symbol): null

2019-08-15 16:33:37 - [TEST_STEP][PASSED] - if (i == 2 &amp;&amp; wildList.indexOf(symbol) != -1): null

2019-08-15 16:33:37 - [TEST_STEP][PASSED] - if (i == 3 &amp;&amp; wildList.indexOf(symbol) != -1): null

2019-08-15 16:33:37 - [TEST_STEP][PASSED] - if (i == 4 &amp;&amp; wildList.indexOf(symbol) != -1): null

2019-08-15 16:33:37 - [TEST_STEP][PASSED] - symbol = symbol: null

2019-08-15 16:33:37 - [TEST_STEP][PASSED] - println(symbol): null

2019-08-15 16:33:37 - [TEST_STEP][PASSED] - if (i == 2 &amp;&amp; wildList.indexOf(symbol) != -1): null

2019-08-15 16:33:37 - [TEST_STEP][PASSED] - if (i == 3 &amp;&amp; wildList.indexOf(symbol) != -1): null

2019-08-15 16:33:37 - [TEST_STEP][PASSED] - if (i == 4 &amp;&amp; wildList.indexOf(symbol) != -1): null

2019-08-15 16:33:37 - [TEST_STEP][PASSED] - println("wild found on reel 5, adding counter by 1"): null

2019-08-15 16:33:37 - [TEST_STEP][PASSED] - free_spin_reel_counter[2] = free_spin_reel_counter[2] + 1: null

2019-08-15 16:33:37 - [TEST_STEP][PASSED] - free_spin_reel_counter = free_spin_reel_counter: null

2019-08-15 16:33:37 - [TEST_STEP][PASSED] - println("reel 3 wild found: " + free_spin_reel_counter[0]): null

2019-08-15 16:33:37 - [TEST_STEP][PASSED] - println("reel 4 wild found: " + free_spin_reel_counter[1]): null

2019-08-15 16:33:37 - [TEST_STEP][PASSED] - println("reel 5 wild found: " + free_spin_reel_counter[2]): null

2019-08-15 16:33:37 - [TEST_STEP][PASSED] - M4_spin_reels = M4_spin_reels: null

2019-08-15 16:33:37 - [TEST_STEP][PASSED] - M4_spin_reels_symbols = symbol: null

2019-08-15 16:33:37 - [TEST_STEP][PASSED] - M4_spin_reels_symbols = M4_spin_reels_symbols: null

2019-08-15 16:33:37 - [TEST_STEP][PASSED] - M4_spin_reel_wins = reel_wins: null

2019-08-15 16:33:37 - [TEST_STEP][PASSED] - M4_spin_reel_wins = M4_spin_reel_wins: null

2019-08-15 16:33:37 - [TEST_STEP][PASSED] - println("GlobalVariable.M4_spin_reel_wins is: " + M4_spin_reel_wins): null

2019-08-15 16:33:37 - [TEST_STEP][PASSED] - M4_spin_total_bonus_win_this_round = total_bonus_win_this_round: null

2019-08-15 16:33:37 - [TEST_STEP][PASSED] - M4_spin_total_bonus_win_this_round = M4_spin_total_bonus_win_this_round: null

2019-08-15 16:33:37 - [TEST_STEP][PASSED] - println("GlobalVariable.M4_spin_total_bonus_win_this_round is: " + M4_spin_total_bonus_win_this_round): null

2019-08-15 16:33:37 - [MESSAGE][PASSED] - Verify response successfully

2019-08-15 16:33:37 - [MESSAGE][PASSED] - Send request and verify the response successfully

2019-08-15 16:33:37 - [TEST_STEP][PASSED] - if (M4_total_bonus_spins_int != 0 &amp;&amp; M4_spin_reels_symbols[2].contains("WILD_Normal") || M4_spin_reels_symbols[3].contains("WILD_Normal") || M4_spin_reels_symbols[4].contains("WILD_Normal")): null

2019-08-15 16:33:37 - [TEST_STEP][PASSED] - free_spin_reel_counter = free_spin_reel_counter: null

2019-08-15 16:33:37 - [TEST_STEP][PASSED] - M4_spin_reels_symbols = M4_spin_reels_symbols: null

2019-08-15 16:33:37 - [TEST_STEP][PASSED] - M4_total_bonus_spins = M4_total_bonus_spins: null

2019-08-15 16:33:37 - [TEST_STEP][PASSED] - spin_result = sendRequestAndVerify(findTestObject("STG/RGS(M4)/1_M4_spin", ["M4_login_user_id":M4_login_user_id, "rgs_session_token":rgs_session_token, "partner":Partner])): Send request and verify the response successfully

2019-08-15 16:33:39 - [TEST_CASE][PASSED] - Start Test Case : Verification: Verification accomplished successfully

2019-08-15 16:33:39 - [TEST_STEP][PASSED] - request = getInstance().getCurrentRequest(): null

2019-08-15 16:33:39 - [TEST_STEP][PASSED] - response = getInstance().getCurrentResponse(): null

2019-08-15 16:33:39 - [TEST_STEP][PASSED] - verifyResponseStatusCode(response, 200): Verify response status code successfully

2019-08-15 16:33:39 - [MESSAGE][PASSED] - Verify response status code successfully

2019-08-15 16:33:39 - [TEST_STEP][PASSED] - getStatusCode()).isEqualTo(200): null

2019-08-15 16:33:39 - [TEST_STEP][PASSED] - newline = System.getProperty("line.separator"): null

2019-08-15 16:33:39 - [TEST_STEP][PASSED] - M4_spin = new groovy.json.JsonSlurper(): null

2019-08-15 16:33:39 - [TEST_STEP][PASSED] - result_M4_spin = M4_spin.parseText(response.getResponseBodyContent()): null

2019-08-15 16:33:39 - [TEST_STEP][PASSED] - M4_spin_current_balance = current_balance: null

2019-08-15 16:33:39 - [TEST_STEP][PASSED] - M4_spin_current_balance = M4_spin_current_balance: null

2019-08-15 16:33:39 - [TEST_STEP][PASSED] - M4_spin_transaction_id = causality: null

2019-08-15 16:33:39 - [TEST_STEP][PASSED] - M4_spin_transaction_id = M4_spin_transaction_id: null

2019-08-15 16:33:39 - [TEST_STEP][PASSED] - M4_spin_round_id = round_id: null

2019-08-15 16:33:39 - [TEST_STEP][PASSED] - M4_spin_round_id = M4_spin_round_id: null

2019-08-15 16:33:39 - [TEST_STEP][PASSED] - M4_spin_line_wins = line_wins: null

2019-08-15 16:33:39 - [TEST_STEP][PASSED] - M4_spin_line_wins = M4_spin_line_wins: null

2019-08-15 16:33:39 - [TEST_STEP][PASSED] - M4_total_bonus_spins_int = total_bonus_spins: null

2019-08-15 16:33:39 - [TEST_STEP][PASSED] - println("******M4_total_bonus_spins type is:*******" + newline + getClass().getName()): null

2019-08-15 16:33:39 - [TEST_STEP][PASSED] - M4_total_bonus_spins_int = M4_total_bonus_spins_int: null

2019-08-15 16:33:39 - [TEST_STEP][PASSED] - M4_total_bonus_spins = Integer.toString(M4_total_bonus_spins_int): null

2019-08-15 16:33:39 - [TEST_STEP][PASSED] - M4_total_bonus_spins = M4_total_bonus_spins: null

2019-08-15 16:33:39 - [TEST_STEP][PASSED] - println("M4_total_bonus_spins is:" + M4_total_bonus_spins): null

2019-08-15 16:33:39 - [TEST_STEP][PASSED] - M4_spin_bonus_data = bonus_data: null

2019-08-15 16:33:39 - [TEST_STEP][PASSED] - M4_spin_features_triggered = result_M4_spin: null

2019-08-15 16:33:39 - [TEST_STEP][PASSED] - wild = []: null

2019-08-15 16:33:39 - [TEST_STEP][PASSED] - wild[0] = "WILD_Expanding": null

2019-08-15 16:33:39 - [TEST_STEP][PASSED] - wild[1] = "WILD_Normal": null

2019-08-15 16:33:39 - [TEST_STEP][PASSED] - wild[2] = "WILD_Double": null

2019-08-15 16:33:39 - [TEST_STEP][PASSED] - wild[3] = "WILD_ExtraFG": null

2019-08-15 16:33:39 - [TEST_STEP][PASSED] - wild[4] = "WILD_Triple": null

2019-08-15 16:33:39 - [TEST_STEP][PASSED] - wildList = Arrays.asList(wild): null

2019-08-15 16:33:39 - [TEST_STEP][PASSED] - wildList = wildList: null

2019-08-15 16:33:39 - [TEST_STEP][PASSED] - free_spin_reel_counter = []: null

2019-08-15 16:33:39 - [TEST_STEP][PASSED] - free_spin_reel_counter[0] = 0: null

2019-08-15 16:33:39 - [TEST_STEP][PASSED] - free_spin_reel_counter[1] = 0: null

2019-08-15 16:33:39 - [TEST_STEP][PASSED] - free_spin_reel_counter[2] = 0: null

2019-08-15 16:33:39 - [TEST_STEP][PASSED] - M4_spin_reels = reels: null

2019-08-15 16:33:39 - [TEST_STEP][PASSED] - for ([i = 0, i &lt; M4_spin_reels.size(), (i++)]): null

2019-08-15 16:33:39 - [TEST_STEP][PASSED] - symbols = symbols: null

2019-08-15 16:33:39 - [TEST_STEP][PASSED] - for ([j = 0, j &lt; symbols.size(), (j++)]): null

2019-08-15 16:33:39 - [TEST_STEP][PASSED] - symbol = symbol: null

2019-08-15 16:33:39 - [TEST_STEP][PASSED] - println(symbol): null

2019-08-15 16:33:39 - [TEST_STEP][PASSED] - if (i == 2 &amp;&amp; wildList.indexOf(symbol) != -1): null

2019-08-15 16:33:39 - [TEST_STEP][PASSED] - if (i == 3 &amp;&amp; wildList.indexOf(symbol) != -1): null

2019-08-15 16:33:39 - [TEST_STEP][PASSED] - if (i == 4 &amp;&amp; wildList.indexOf(symbol) != -1): null

2019-08-15 16:33:39 - [TEST_STEP][PASSED] - symbol = symbol: null

2019-08-15 16:33:39 - [TEST_STEP][PASSED] - println(symbol): null

2019-08-15 16:33:39 - [TEST_STEP][PASSED] - if (i == 2 &amp;&amp; wildList.indexOf(symbol) != -1): null

2019-08-15 16:33:39 - [TEST_STEP][PASSED] - if (i == 3 &amp;&amp; wildList.indexOf(symbol) != -1): null

2019-08-15 16:33:39 - [TEST_STEP][PASSED] - if (i == 4 &amp;&amp; wildList.indexOf(symbol) != -1): null

2019-08-15 16:33:39 - [TEST_STEP][PASSED] - symbol = symbol: null

2019-08-15 16:33:39 - [TEST_STEP][PASSED] - println(symbol): null

2019-08-15 16:33:39 - [TEST_STEP][PASSED] - if (i == 2 &amp;&amp; wildList.indexOf(symbol) != -1): null

2019-08-15 16:33:39 - [TEST_STEP][PASSED] - if (i == 3 &amp;&amp; wildList.indexOf(symbol) != -1): null

2019-08-15 16:33:39 - [TEST_STEP][PASSED] - if (i == 4 &amp;&amp; wildList.indexOf(symbol) != -1): null

2019-08-15 16:33:39 - [TEST_STEP][PASSED] - symbols = symbols: null

2019-08-15 16:33:39 - [TEST_STEP][PASSED] - for ([j = 0, j &lt; symbols.size(), (j++)]): null

2019-08-15 16:33:39 - [TEST_STEP][PASSED] - symbol = symbol: null

2019-08-15 16:33:39 - [TEST_STEP][PASSED] - println(symbol): null

2019-08-15 16:33:39 - [TEST_STEP][PASSED] - if (i == 2 &amp;&amp; wildList.indexOf(symbol) != -1): null

2019-08-15 16:33:39 - [TEST_STEP][PASSED] - if (i == 3 &amp;&amp; wildList.indexOf(symbol) != -1): null

2019-08-15 16:33:39 - [TEST_STEP][PASSED] - if (i == 4 &amp;&amp; wildList.indexOf(symbol) != -1): null

2019-08-15 16:33:39 - [TEST_STEP][PASSED] - symbol = symbol: null

2019-08-15 16:33:39 - [TEST_STEP][PASSED] - println(symbol): null

2019-08-15 16:33:39 - [TEST_STEP][PASSED] - if (i == 2 &amp;&amp; wildList.indexOf(symbol) != -1): null

2019-08-15 16:33:39 - [TEST_STEP][PASSED] - if (i == 3 &amp;&amp; wildList.indexOf(symbol) != -1): null

2019-08-15 16:33:39 - [TEST_STEP][PASSED] - if (i == 4 &amp;&amp; wildList.indexOf(symbol) != -1): null

2019-08-15 16:33:39 - [TEST_STEP][PASSED] - symbol = symbol: null

2019-08-15 16:33:39 - [TEST_STEP][PASSED] - println(symbol): null

2019-08-15 16:33:39 - [TEST_STEP][PASSED] - if (i == 2 &amp;&amp; wildList.indexOf(symbol) != -1): null

2019-08-15 16:33:39 - [TEST_STEP][PASSED] - if (i == 3 &amp;&amp; wildList.indexOf(symbol) != -1): null

2019-08-15 16:33:39 - [TEST_STEP][PASSED] - if (i == 4 &amp;&amp; wildList.indexOf(symbol) != -1): null

2019-08-15 16:33:39 - [TEST_STEP][PASSED] - symbols = symbols: null

2019-08-15 16:33:39 - [TEST_STEP][PASSED] - for ([j = 0, j &lt; symbols.size(), (j++)]): null

2019-08-15 16:33:39 - [TEST_STEP][PASSED] - symbol = symbol: null

2019-08-15 16:33:39 - [TEST_STEP][PASSED] - println(symbol): null

2019-08-15 16:33:39 - [TEST_STEP][PASSED] - if (i == 2 &amp;&amp; wildList.indexOf(symbol) != -1): null

2019-08-15 16:33:39 - [TEST_STEP][PASSED] - if (i == 3 &amp;&amp; wildList.indexOf(symbol) != -1): null

2019-08-15 16:33:39 - [TEST_STEP][PASSED] - if (i == 4 &amp;&amp; wildList.indexOf(symbol) != -1): null

2019-08-15 16:33:39 - [TEST_STEP][PASSED] - symbol = symbol: null

2019-08-15 16:33:39 - [TEST_STEP][PASSED] - println(symbol): null

2019-08-15 16:33:39 - [TEST_STEP][PASSED] - if (i == 2 &amp;&amp; wildList.indexOf(symbol) != -1): null

2019-08-15 16:33:39 - [TEST_STEP][PASSED] - if (i == 3 &amp;&amp; wildList.indexOf(symbol) != -1): null

2019-08-15 16:33:39 - [TEST_STEP][PASSED] - if (i == 4 &amp;&amp; wildList.indexOf(symbol) != -1): null

2019-08-15 16:33:39 - [TEST_STEP][PASSED] - symbol = symbol: null

2019-08-15 16:33:39 - [TEST_STEP][PASSED] - println(symbol): null

2019-08-15 16:33:39 - [TEST_STEP][PASSED] - if (i == 2 &amp;&amp; wildList.indexOf(symbol) != -1): null

2019-08-15 16:33:39 - [TEST_STEP][PASSED] - println("wild found on reel 3, adding counter by 1"): null

2019-08-15 16:33:39 - [TEST_STEP][PASSED] - free_spin_reel_counter[0] = free_spin_reel_counter[0] + 1: null

2019-08-15 16:33:39 - [TEST_STEP][PASSED] - if (i == 3 &amp;&amp; wildList.indexOf(symbol) != -1): null

2019-08-15 16:33:39 - [TEST_STEP][PASSED] - if (i == 4 &amp;&amp; wildList.indexOf(symbol) != -1): null

2019-08-15 16:33:39 - [TEST_STEP][PASSED] - symbols = symbols: null

2019-08-15 16:33:39 - [TEST_STEP][PASSED] - for ([j = 0, j &lt; symbols.size(), (j++)]): null

2019-08-15 16:33:39 - [TEST_STEP][PASSED] - symbol = symbol: null

2019-08-15 16:33:39 - [TEST_STEP][PASSED] - println(symbol): null

2019-08-15 16:33:39 - [TEST_STEP][PASSED] - if (i == 2 &amp;&amp; wildList.indexOf(symbol) != -1): null

2019-08-15 16:33:39 - [TEST_STEP][PASSED] - if (i == 3 &amp;&amp; wildList.indexOf(symbol) != -1): null

2019-08-15 16:33:39 - [TEST_STEP][PASSED] - if (i == 4 &amp;&amp; wildList.indexOf(symbol) != -1): null

2019-08-15 16:33:39 - [TEST_STEP][PASSED] - symbol = symbol: null

2019-08-15 16:33:39 - [TEST_STEP][PASSED] - println(symbol): null

2019-08-15 16:33:39 - [TEST_STEP][PASSED] - if (i == 2 &amp;&amp; wildList.indexOf(symbol) != -1): null

2019-08-15 16:33:39 - [TEST_STEP][PASSED] - if (i == 3 &amp;&amp; wildList.indexOf(symbol) != -1): null

2019-08-15 16:33:39 - [TEST_STEP][PASSED] - if (i == 4 &amp;&amp; wildList.indexOf(symbol) != -1): null

2019-08-15 16:33:39 - [TEST_STEP][PASSED] - symbol = symbol: null

2019-08-15 16:33:39 - [TEST_STEP][PASSED] - println(symbol): null

2019-08-15 16:33:39 - [TEST_STEP][PASSED] - if (i == 2 &amp;&amp; wildList.indexOf(symbol) != -1): null

2019-08-15 16:33:39 - [TEST_STEP][PASSED] - if (i == 3 &amp;&amp; wildList.indexOf(symbol) != -1): null

2019-08-15 16:33:39 - [TEST_STEP][PASSED] - if (i == 4 &amp;&amp; wildList.indexOf(symbol) != -1): null

2019-08-15 16:33:39 - [TEST_STEP][PASSED] - symbols = symbols: null

2019-08-15 16:33:39 - [TEST_STEP][PASSED] - for ([j = 0, j &lt; symbols.size(), (j++)]): null

2019-08-15 16:33:39 - [TEST_STEP][PASSED] - symbol = symbol: null

2019-08-15 16:33:39 - [TEST_STEP][PASSED] - println(symbol): null

2019-08-15 16:33:39 - [TEST_STEP][PASSED] - if (i == 2 &amp;&amp; wildList.indexOf(symbol) != -1): null

2019-08-15 16:33:39 - [TEST_STEP][PASSED] - if (i == 3 &amp;&amp; wildList.indexOf(symbol) != -1): null

2019-08-15 16:33:39 - [TEST_STEP][PASSED] - if (i == 4 &amp;&amp; wildList.indexOf(symbol) != -1): null

2019-08-15 16:33:39 - [TEST_STEP][PASSED] - symbol = symbol: null

2019-08-15 16:33:39 - [TEST_STEP][PASSED] - println(symbol): null

2019-08-15 16:33:39 - [TEST_STEP][PASSED] - if (i == 2 &amp;&amp; wildList.indexOf(symbol) != -1): null

2019-08-15 16:33:39 - [TEST_STEP][PASSED] - if (i == 3 &amp;&amp; wildList.indexOf(symbol) != -1): null

2019-08-15 16:33:39 - [TEST_STEP][PASSED] - if (i == 4 &amp;&amp; wildList.indexOf(symbol) != -1): null

2019-08-15 16:33:39 - [TEST_STEP][PASSED] - symbol = symbol: null

2019-08-15 16:33:39 - [TEST_STEP][PASSED] - println(symbol): null

2019-08-15 16:33:39 - [TEST_STEP][PASSED] - if (i == 2 &amp;&amp; wildList.indexOf(symbol) != -1): null

2019-08-15 16:33:39 - [TEST_STEP][PASSED] - if (i == 3 &amp;&amp; wildList.indexOf(symbol) != -1): null

2019-08-15 16:33:39 - [TEST_STEP][PASSED] - if (i == 4 &amp;&amp; wildList.indexOf(symbol) != -1): null

2019-08-15 16:33:39 - [TEST_STEP][PASSED] - free_spin_reel_counter = free_spin_reel_counter: null

2019-08-15 16:33:39 - [TEST_STEP][PASSED] - println("reel 3 wild found: " + free_spin_reel_counter[0]): null

2019-08-15 16:33:39 - [TEST_STEP][PASSED] - println("reel 4 wild found: " + free_spin_reel_counter[1]): null

2019-08-15 16:33:39 - [TEST_STEP][PASSED] - println("reel 5 wild found: " + free_spin_reel_counter[2]): null

2019-08-15 16:33:39 - [TEST_STEP][PASSED] - M4_spin_reels = M4_spin_reels: null

2019-08-15 16:33:39 - [TEST_STEP][PASSED] - M4_spin_reels_symbols = symbol: null

2019-08-15 16:33:39 - [TEST_STEP][PASSED] - M4_spin_reels_symbols = M4_spin_reels_symbols: null

2019-08-15 16:33:39 - [TEST_STEP][PASSED] - M4_spin_reel_wins = reel_wins: null

2019-08-15 16:33:39 - [TEST_STEP][PASSED] - M4_spin_reel_wins = M4_spin_reel_wins: null

2019-08-15 16:33:39 - [TEST_STEP][PASSED] - println("GlobalVariable.M4_spin_reel_wins is: " + M4_spin_reel_wins): null

2019-08-15 16:33:39 - [TEST_STEP][PASSED] - M4_spin_total_bonus_win_this_round = total_bonus_win_this_round: null

2019-08-15 16:33:39 - [TEST_STEP][PASSED] - M4_spin_total_bonus_win_this_round = M4_spin_total_bonus_win_this_round: null

2019-08-15 16:33:39 - [TEST_STEP][PASSED] - println("GlobalVariable.M4_spin_total_bonus_win_this_round is: " + M4_spin_total_bonus_win_this_round): null

2019-08-15 16:33:39 - [MESSAGE][PASSED] - Verify response successfully

2019-08-15 16:33:39 - [MESSAGE][PASSED] - Send request and verify the response successfully

2019-08-15 16:33:39 - [TEST_STEP][PASSED] - if (M4_total_bonus_spins_int != 0 &amp;&amp; M4_spin_reels_symbols[2].contains("WILD_Normal") || M4_spin_reels_symbols[3].contains("WILD_Normal") || M4_spin_reels_symbols[4].contains("WILD_Normal")): null

2019-08-15 16:33:39 - [TEST_STEP][PASSED] - free_spin_reel_counter = free_spin_reel_counter: null

2019-08-15 16:33:39 - [TEST_STEP][PASSED] - M4_spin_reels_symbols = M4_spin_reels_symbols: null

2019-08-15 16:33:39 - [TEST_STEP][PASSED] - M4_total_bonus_spins = M4_total_bonus_spins: null

2019-08-15 16:33:39 - [TEST_STEP][PASSED] - spin_result = sendRequestAndVerify(findTestObject("STG/RGS(M4)/1_M4_spin", ["M4_login_user_id":M4_login_user_id, "rgs_session_token":rgs_session_token, "partner":Partner])): Send request and verify the response successfully

2019-08-15 16:33:39 - [TEST_CASE][PASSED] - Start Test Case : Verification: Verification accomplished successfully

2019-08-15 16:33:39 - [TEST_STEP][PASSED] - request = getInstance().getCurrentRequest(): null

2019-08-15 16:33:39 - [TEST_STEP][PASSED] - response = getInstance().getCurrentResponse(): null

2019-08-15 16:33:39 - [TEST_STEP][PASSED] - verifyResponseStatusCode(response, 200): Verify response status code successfully

2019-08-15 16:33:39 - [MESSAGE][PASSED] - Verify response status code successfully

2019-08-15 16:33:39 - [TEST_STEP][PASSED] - getStatusCode()).isEqualTo(200): null

2019-08-15 16:33:39 - [TEST_STEP][PASSED] - newline = System.getProperty("line.separator"): null

2019-08-15 16:33:39 - [TEST_STEP][PASSED] - M4_spin = new groovy.json.JsonSlurper(): null

2019-08-15 16:33:39 - [TEST_STEP][PASSED] - result_M4_spin = M4_spin.parseText(response.getResponseBodyContent()): null

2019-08-15 16:33:39 - [TEST_STEP][PASSED] - M4_spin_current_balance = current_balance: null

2019-08-15 16:33:39 - [TEST_STEP][PASSED] - M4_spin_current_balance = M4_spin_current_balance: null

2019-08-15 16:33:39 - [TEST_STEP][PASSED] - M4_spin_transaction_id = causality: null

2019-08-15 16:33:39 - [TEST_STEP][PASSED] - M4_spin_transaction_id = M4_spin_transaction_id: null

2019-08-15 16:33:39 - [TEST_STEP][PASSED] - M4_spin_round_id = round_id: null

2019-08-15 16:33:39 - [TEST_STEP][PASSED] - M4_spin_round_id = M4_spin_round_id: null

2019-08-15 16:33:39 - [TEST_STEP][PASSED] - M4_spin_line_wins = line_wins: null

2019-08-15 16:33:39 - [TEST_STEP][PASSED] - M4_spin_line_wins = M4_spin_line_wins: null

2019-08-15 16:33:39 - [TEST_STEP][PASSED] - M4_total_bonus_spins_int = total_bonus_spins: null

2019-08-15 16:33:39 - [TEST_STEP][PASSED] - println("******M4_total_bonus_spins type is:*******" + newline + getClass().getName()): null

2019-08-15 16:33:39 - [TEST_STEP][PASSED] - M4_total_bonus_spins_int = M4_total_bonus_spins_int: null

2019-08-15 16:33:39 - [TEST_STEP][PASSED] - M4_total_bonus_spins = Integer.toString(M4_total_bonus_spins_int): null

2019-08-15 16:33:39 - [TEST_STEP][PASSED] - M4_total_bonus_spins = M4_total_bonus_spins: null

2019-08-15 16:33:39 - [TEST_STEP][PASSED] - println("M4_total_bonus_spins is:" + M4_total_bonus_spins): null

2019-08-15 16:33:39 - [TEST_STEP][PASSED] - M4_spin_bonus_data = bonus_data: null

2019-08-15 16:33:39 - [TEST_STEP][PASSED] - M4_spin_features_triggered = result_M4_spin: null

2019-08-15 16:33:39 - [TEST_STEP][PASSED] - wild = []: null

2019-08-15 16:33:39 - [TEST_STEP][PASSED] - wild[0] = "WILD_Expanding": null

2019-08-15 16:33:39 - [TEST_STEP][PASSED] - wild[1] = "WILD_Normal": null

2019-08-15 16:33:39 - [TEST_STEP][PASSED] - wild[2] = "WILD_Double": null

2019-08-15 16:33:39 - [TEST_STEP][PASSED] - wild[3] = "WILD_ExtraFG": null

2019-08-15 16:33:39 - [TEST_STEP][PASSED] - wild[4] = "WILD_Triple": null

2019-08-15 16:33:39 - [TEST_STEP][PASSED] - wildList = Arrays.asList(wild): null

2019-08-15 16:33:39 - [TEST_STEP][PASSED] - wildList = wildList: null

2019-08-15 16:33:39 - [TEST_STEP][PASSED] - free_spin_reel_counter = []: null

2019-08-15 16:33:39 - [TEST_STEP][PASSED] - free_spin_reel_counter[0] = 0: null

2019-08-15 16:33:39 - [TEST_STEP][PASSED] - free_spin_reel_counter[1] = 0: null

2019-08-15 16:33:39 - [TEST_STEP][PASSED] - free_spin_reel_counter[2] = 0: null

2019-08-15 16:33:39 - [TEST_STEP][PASSED] - M4_spin_reels = reels: null

2019-08-15 16:33:39 - [TEST_STEP][PASSED] - for ([i = 0, i &lt; M4_spin_reels.size(), (i++)]): null

2019-08-15 16:33:39 - [TEST_STEP][PASSED] - symbols = symbols: null

2019-08-15 16:33:39 - [TEST_STEP][PASSED] - for ([j = 0, j &lt; symbols.size(), (j++)]): null

2019-08-15 16:33:39 - [TEST_STEP][PASSED] - symbol = symbol: null

2019-08-15 16:33:39 - [TEST_STEP][PASSED] - println(symbol): null

2019-08-15 16:33:39 - [TEST_STEP][PASSED] - if (i == 2 &amp;&amp; wildList.indexOf(symbol) != -1): null

2019-08-15 16:33:39 - [TEST_STEP][PASSED] - if (i == 3 &amp;&amp; wildList.indexOf(symbol) != -1): null

2019-08-15 16:33:39 - [TEST_STEP][PASSED] - if (i == 4 &amp;&amp; wildList.indexOf(symbol) != -1): null

2019-08-15 16:33:39 - [TEST_STEP][PASSED] - symbol = symbol: null

2019-08-15 16:33:39 - [TEST_STEP][PASSED] - println(symbol): null

2019-08-15 16:33:39 - [TEST_STEP][PASSED] - if (i == 2 &amp;&amp; wildList.indexOf(symbol) != -1): null

2019-08-15 16:33:39 - [TEST_STEP][PASSED] - if (i == 3 &amp;&amp; wildList.indexOf(symbol) != -1): null

2019-08-15 16:33:39 - [TEST_STEP][PASSED] - if (i == 4 &amp;&amp; wildList.indexOf(symbol) != -1): null

2019-08-15 16:33:39 - [TEST_STEP][PASSED] - symbol = symbol: null

2019-08-15 16:33:39 - [TEST_STEP][PASSED] - println(symbol): null

2019-08-15 16:33:39 - [TEST_STEP][PASSED] - if (i == 2 &amp;&amp; wildList.indexOf(symbol) != -1): null

2019-08-15 16:33:39 - [TEST_STEP][PASSED] - if (i == 3 &amp;&amp; wildList.indexOf(symbol) != -1): null

2019-08-15 16:33:39 - [TEST_STEP][PASSED] - if (i == 4 &amp;&amp; wildList.indexOf(symbol) != -1): null

2019-08-15 16:33:39 - [TEST_STEP][PASSED] - symbols = symbols: null

2019-08-15 16:33:39 - [TEST_STEP][PASSED] - for ([j = 0, j &lt; symbols.size(), (j++)]): null

2019-08-15 16:33:39 - [TEST_STEP][PASSED] - symbol = symbol: null

2019-08-15 16:33:39 - [TEST_STEP][PASSED] - println(symbol): null

2019-08-15 16:33:39 - [TEST_STEP][PASSED] - if (i == 2 &amp;&amp; wildList.indexOf(symbol) != -1): null

2019-08-15 16:33:39 - [TEST_STEP][PASSED] - if (i == 3 &amp;&amp; wildList.indexOf(symbol) != -1): null

2019-08-15 16:33:39 - [TEST_STEP][PASSED] - if (i == 4 &amp;&amp; wildList.indexOf(symbol) != -1): null

2019-08-15 16:33:39 - [TEST_STEP][PASSED] - symbol = symbol: null

2019-08-15 16:33:39 - [TEST_STEP][PASSED] - println(symbol): null

2019-08-15 16:33:39 - [TEST_STEP][PASSED] - if (i == 2 &amp;&amp; wildList.indexOf(symbol) != -1): null

2019-08-15 16:33:39 - [TEST_STEP][PASSED] - if (i == 3 &amp;&amp; wildList.indexOf(symbol) != -1): null

2019-08-15 16:33:39 - [TEST_STEP][PASSED] - if (i == 4 &amp;&amp; wildList.indexOf(symbol) != -1): null

2019-08-15 16:33:39 - [TEST_STEP][PASSED] - symbol = symbol: null

2019-08-15 16:33:39 - [TEST_STEP][PASSED] - println(symbol): null

2019-08-15 16:33:39 - [TEST_STEP][PASSED] - if (i == 2 &amp;&amp; wildList.indexOf(symbol) != -1): null

2019-08-15 16:33:39 - [TEST_STEP][PASSED] - if (i == 3 &amp;&amp; wildList.indexOf(symbol) != -1): null

2019-08-15 16:33:39 - [TEST_STEP][PASSED] - if (i == 4 &amp;&amp; wildList.indexOf(symbol) != -1): null

2019-08-15 16:33:39 - [TEST_STEP][PASSED] - symbols = symbols: null

2019-08-15 16:33:39 - [TEST_STEP][PASSED] - for ([j = 0, j &lt; symbols.size(), (j++)]): null

2019-08-15 16:33:39 - [TEST_STEP][PASSED] - symbol = symbol: null

2019-08-15 16:33:39 - [TEST_STEP][PASSED] - println(symbol): null

2019-08-15 16:33:39 - [TEST_STEP][PASSED] - if (i == 2 &amp;&amp; wildList.indexOf(symbol) != -1): null

2019-08-15 16:33:39 - [TEST_STEP][PASSED] - if (i == 3 &amp;&amp; wildList.indexOf(symbol) != -1): null

2019-08-15 16:33:39 - [TEST_STEP][PASSED] - if (i == 4 &amp;&amp; wildList.indexOf(symbol) != -1): null

2019-08-15 16:33:39 - [TEST_STEP][PASSED] - symbol = symbol: null

2019-08-15 16:33:39 - [TEST_STEP][PASSED] - println(symbol): null

2019-08-15 16:33:39 - [TEST_STEP][PASSED] - if (i == 2 &amp;&amp; wildList.indexOf(symbol) != -1): null

2019-08-15 16:33:39 - [TEST_STEP][PASSED] - println("wild found on reel 3, adding counter by 1"): null

2019-08-15 16:33:39 - [TEST_STEP][PASSED] - free_spin_reel_counter[0] = free_spin_reel_counter[0] + 1: null

2019-08-15 16:33:39 - [TEST_STEP][PASSED] - if (i == 3 &amp;&amp; wildList.indexOf(symbol) != -1): null

2019-08-15 16:33:43 - [TEST_STEP][PASSED] - if (i == 4 &amp;&amp; wildList.indexOf(symbol) != -1): null

2019-08-15 16:33:43 - [TEST_STEP][PASSED] - symbol = symbol: null

2019-08-15 16:33:43 - [TEST_STEP][PASSED] - println(symbol): null

2019-08-15 16:33:43 - [TEST_STEP][PASSED] - if (i == 2 &amp;&amp; wildList.indexOf(symbol) != -1): null

2019-08-15 16:33:43 - [TEST_STEP][PASSED] - if (i == 3 &amp;&amp; wildList.indexOf(symbol) != -1): null

2019-08-15 16:33:43 - [TEST_STEP][PASSED] - if (i == 4 &amp;&amp; wildList.indexOf(symbol) != -1): null

2019-08-15 16:33:43 - [TEST_STEP][PASSED] - symbols = symbols: null

2019-08-15 16:33:43 - [TEST_STEP][PASSED] - for ([j = 0, j &lt; symbols.size(), (j++)]): null

2019-08-15 16:33:43 - [TEST_STEP][PASSED] - symbol = symbol: null

2019-08-15 16:33:43 - [TEST_STEP][PASSED] - println(symbol): null

2019-08-15 16:33:47 - [TEST_STEP][PASSED] - if (i == 2 &amp;&amp; wildList.indexOf(symbol) != -1): null

2019-08-15 16:33:47 - [TEST_STEP][PASSED] - if (i == 3 &amp;&amp; wildList.indexOf(symbol) != -1): null

2019-08-15 16:33:47 - [TEST_STEP][PASSED] - if (i == 4 &amp;&amp; wildList.indexOf(symbol) != -1): null

2019-08-15 16:33:47 - [TEST_STEP][PASSED] - symbol = symbol: null

2019-08-15 16:33:47 - [TEST_STEP][PASSED] - println(symbol): null

2019-08-15 16:33:47 - [TEST_STEP][PASSED] - if (i == 2 &amp;&amp; wildList.indexOf(symbol) != -1): null

2019-08-15 16:33:47 - [TEST_STEP][PASSED] - if (i == 3 &amp;&amp; wildList.indexOf(symbol) != -1): null

2019-08-15 16:33:47 - [TEST_STEP][PASSED] - if (i == 4 &amp;&amp; wildList.indexOf(symbol) != -1): null

2019-08-15 16:33:47 - [TEST_STEP][PASSED] - symbol = symbol: null

2019-08-15 16:33:47 - [TEST_STEP][PASSED] - println(symbol): null

2019-08-15 16:33:47 - [TEST_STEP][PASSED] - if (i == 2 &amp;&amp; wildList.indexOf(symbol) != -1): null

2019-08-15 16:33:47 - [TEST_STEP][PASSED] - if (i == 3 &amp;&amp; wildList.indexOf(symbol) != -1): null

2019-08-15 16:33:47 - [TEST_STEP][PASSED] - if (i == 4 &amp;&amp; wildList.indexOf(symbol) != -1): null

2019-08-15 16:33:47 - [TEST_STEP][PASSED] - symbols = symbols: null

2019-08-15 16:33:47 - [TEST_STEP][PASSED] - for ([j = 0, j &lt; symbols.size(), (j++)]): null

2019-08-15 16:33:47 - [TEST_STEP][PASSED] - symbol = symbol: null

2019-08-15 16:33:47 - [TEST_STEP][PASSED] - println(symbol): null

2019-08-15 16:33:47 - [TEST_STEP][PASSED] - if (i == 2 &amp;&amp; wildList.indexOf(symbol) != -1): null

2019-08-15 16:33:47 - [TEST_STEP][PASSED] - if (i == 3 &amp;&amp; wildList.indexOf(symbol) != -1): null

2019-08-15 16:33:47 - [TEST_STEP][PASSED] - if (i == 4 &amp;&amp; wildList.indexOf(symbol) != -1): null

2019-08-15 16:33:47 - [TEST_STEP][PASSED] - symbol = symbol: null

2019-08-15 16:33:47 - [TEST_STEP][PASSED] - println(symbol): null

2019-08-15 16:33:47 - [TEST_STEP][PASSED] - if (i == 2 &amp;&amp; wildList.indexOf(symbol) != -1): null

2019-08-15 16:33:47 - [TEST_STEP][PASSED] - if (i == 3 &amp;&amp; wildList.indexOf(symbol) != -1): null

2019-08-15 16:33:47 - [TEST_STEP][PASSED] - if (i == 4 &amp;&amp; wildList.indexOf(symbol) != -1): null

2019-08-15 16:33:47 - [TEST_STEP][PASSED] - symbol = symbol: null

2019-08-15 16:33:47 - [TEST_STEP][PASSED] - println(symbol): null

2019-08-15 16:33:47 - [TEST_STEP][PASSED] - if (i == 2 &amp;&amp; wildList.indexOf(symbol) != -1): null

2019-08-15 16:33:47 - [TEST_STEP][PASSED] - if (i == 3 &amp;&amp; wildList.indexOf(symbol) != -1): null

2019-08-15 16:33:47 - [TEST_STEP][PASSED] - if (i == 4 &amp;&amp; wildList.indexOf(symbol) != -1): null

2019-08-15 16:33:47 - [TEST_STEP][PASSED] - free_spin_reel_counter = free_spin_reel_counter: null

2019-08-15 16:33:47 - [TEST_STEP][PASSED] - println("reel 3 wild found: " + free_spin_reel_counter[0]): null

2019-08-15 16:33:47 - [TEST_STEP][PASSED] - println("reel 4 wild found: " + free_spin_reel_counter[1]): null

2019-08-15 16:33:47 - [TEST_STEP][PASSED] - println("reel 5 wild found: " + free_spin_reel_counter[2]): null

2019-08-15 16:33:47 - [TEST_STEP][PASSED] - M4_spin_reels = M4_spin_reels: null

2019-08-15 16:33:47 - [TEST_STEP][PASSED] - M4_spin_reels_symbols = symbol: null

2019-08-15 16:33:47 - [TEST_STEP][PASSED] - M4_spin_reels_symbols = M4_spin_reels_symbols: null

2019-08-15 16:33:47 - [TEST_STEP][PASSED] - M4_spin_reel_wins = reel_wins: null

2019-08-15 16:33:47 - [TEST_STEP][PASSED] - M4_spin_reel_wins = M4_spin_reel_wins: null

2019-08-15 16:33:47 - [TEST_STEP][PASSED] - println("GlobalVariable.M4_spin_reel_wins is: " + M4_spin_reel_wins): null

2019-08-15 16:33:47 - [TEST_STEP][PASSED] - M4_spin_total_bonus_win_this_round = total_bonus_win_this_round: null

2019-08-15 16:33:47 - [TEST_STEP][PASSED] - M4_spin_total_bonus_win_this_round = M4_spin_total_bonus_win_this_round: null

2019-08-15 16:33:47 - [TEST_STEP][PASSED] - println("GlobalVariable.M4_spin_total_bonus_win_this_round is: " + M4_spin_total_bonus_win_this_round): null

2019-08-15 16:33:47 - [MESSAGE][PASSED] - Verify response successfully

2019-08-15 16:33:47 - [MESSAGE][PASSED] - Send request and verify the response successfully

2019-08-15 16:33:47 - [TEST_STEP][PASSED] - if (M4_total_bonus_spins_int != 0 &amp;&amp; M4_spin_reels_symbols[2].contains("WILD_Normal") || M4_spin_reels_symbols[3].contains("WILD_Normal") || M4_spin_reels_symbols[4].contains("WILD_Normal")): null

2019-08-15 16:33:47 - [TEST_STEP][PASSED] - free_spin_reel_counter = free_spin_reel_counter: null

2019-08-15 16:33:47 - [TEST_STEP][PASSED] - M4_spin_reels_symbols = M4_spin_reels_symbols: null

2019-08-15 16:33:47 - [TEST_STEP][PASSED] - M4_total_bonus_spins = M4_total_bonus_spins: null

2019-08-15 16:33:47 - [TEST_STEP][PASSED] - spin_result = sendRequestAndVerify(findTestObject("STG/RGS(M4)/1_M4_spin", ["M4_login_user_id":M4_login_user_id, "rgs_session_token":rgs_session_token, "partner":Partner])): Send request and verify the response successfully

2019-08-15 16:33:47 - [TEST_CASE][PASSED] - Start Test Case : Verification: Verification accomplished successfully

2019-08-15 16:33:47 - [TEST_STEP][PASSED] - request = getInstance().getCurrentRequest(): null

2019-08-15 16:33:47 - [TEST_STEP][PASSED] - response = getInstance().getCurrentResponse(): null

2019-08-15 16:33:47 - [TEST_STEP][PASSED] - verifyResponseStatusCode(response, 200): Verify response status code successfully

2019-08-15 16:33:47 - [MESSAGE][PASSED] - Verify response status code successfully

2019-08-15 16:33:47 - [TEST_STEP][PASSED] - getStatusCode()).isEqualTo(200): null

2019-08-15 16:33:47 - [TEST_STEP][PASSED] - newline = System.getProperty("line.separator"): null

2019-08-15 16:33:47 - [TEST_STEP][PASSED] - M4_spin = new groovy.json.JsonSlurper(): null

2019-08-15 16:33:47 - [TEST_STEP][PASSED] - result_M4_spin = M4_spin.parseText(response.getResponseBodyContent()): null

2019-08-15 16:33:47 - [TEST_STEP][PASSED] - M4_spin_current_balance = current_balance: null

2019-08-15 16:33:47 - [TEST_STEP][PASSED] - M4_spin_current_balance = M4_spin_current_balance: null

2019-08-15 16:33:47 - [TEST_STEP][PASSED] - M4_spin_transaction_id = causality: null

2019-08-15 16:33:47 - [TEST_STEP][PASSED] - M4_spin_transaction_id = M4_spin_transaction_id: null

2019-08-15 16:33:47 - [TEST_STEP][PASSED] - M4_spin_round_id = round_id: null

2019-08-15 16:33:47 - [TEST_STEP][PASSED] - M4_spin_round_id = M4_spin_round_id: null

2019-08-15 16:33:47 - [TEST_STEP][PASSED] - M4_spin_line_wins = line_wins: null

2019-08-15 16:33:47 - [TEST_STEP][PASSED] - M4_spin_line_wins = M4_spin_line_wins: null

2019-08-15 16:33:47 - [TEST_STEP][PASSED] - M4_total_bonus_spins_int = total_bonus_spins: null

2019-08-15 16:33:47 - [TEST_STEP][PASSED] - println("******M4_total_bonus_spins type is:*******" + newline + getClass().getName()): null

2019-08-15 16:33:47 - [TEST_STEP][PASSED] - M4_total_bonus_spins_int = M4_total_bonus_spins_int: null

2019-08-15 16:33:47 - [TEST_STEP][PASSED] - M4_total_bonus_spins = Integer.toString(M4_total_bonus_spins_int): null

2019-08-15 16:33:47 - [TEST_STEP][PASSED] - M4_total_bonus_spins = M4_total_bonus_spins: null

2019-08-15 16:33:47 - [TEST_STEP][PASSED] - println("M4_total_bonus_spins is:" + M4_total_bonus_spins): null

2019-08-15 16:33:47 - [TEST_STEP][PASSED] - M4_spin_bonus_data = bonus_data: null

2019-08-15 16:33:47 - [TEST_STEP][PASSED] - M4_spin_features_triggered = result_M4_spin: null

2019-08-15 16:33:47 - [TEST_STEP][PASSED] - wild = []: null

2019-08-15 16:33:47 - [TEST_STEP][PASSED] - wild[0] = "WILD_Expanding": null

2019-08-15 16:33:47 - [TEST_STEP][PASSED] - wild[1] = "WILD_Normal": null

2019-08-15 16:33:47 - [TEST_STEP][PASSED] - wild[2] = "WILD_Double": null

2019-08-15 16:33:47 - [TEST_STEP][PASSED] - wild[3] = "WILD_ExtraFG": null

2019-08-15 16:33:47 - [TEST_STEP][PASSED] - wild[4] = "WILD_Triple": null

2019-08-15 16:33:47 - [TEST_STEP][PASSED] - wildList = Arrays.asList(wild): null

2019-08-15 16:33:47 - [TEST_STEP][PASSED] - wildList = wildList: null

2019-08-15 16:33:47 - [TEST_STEP][PASSED] - free_spin_reel_counter = []: null

2019-08-15 16:33:47 - [TEST_STEP][PASSED] - free_spin_reel_counter[0] = 0: null

2019-08-15 16:33:47 - [TEST_STEP][PASSED] - free_spin_reel_counter[1] = 0: null

2019-08-15 16:33:47 - [TEST_STEP][PASSED] - free_spin_reel_counter[2] = 0: null

2019-08-15 16:33:47 - [TEST_STEP][PASSED] - M4_spin_reels = reels: null

2019-08-15 16:33:47 - [TEST_STEP][PASSED] - for ([i = 0, i &lt; M4_spin_reels.size(), (i++)]): null

2019-08-15 16:33:47 - [TEST_STEP][PASSED] - symbols = symbols: null

2019-08-15 16:33:47 - [TEST_STEP][PASSED] - for ([j = 0, j &lt; symbols.size(), (j++)]): null

2019-08-15 16:33:47 - [TEST_STEP][PASSED] - symbol = symbol: null

2019-08-15 16:33:47 - [TEST_STEP][PASSED] - println(symbol): null

2019-08-15 16:33:47 - [TEST_STEP][PASSED] - if (i == 2 &amp;&amp; wildList.indexOf(symbol) != -1): null

2019-08-15 16:33:47 - [TEST_STEP][PASSED] - if (i == 3 &amp;&amp; wildList.indexOf(symbol) != -1): null

2019-08-15 16:33:47 - [TEST_STEP][PASSED] - if (i == 4 &amp;&amp; wildList.indexOf(symbol) != -1): null

2019-08-15 16:33:47 - [TEST_STEP][PASSED] - symbol = symbol: null

2019-08-15 16:33:47 - [TEST_STEP][PASSED] - println(symbol): null

2019-08-15 16:33:47 - [TEST_STEP][PASSED] - if (i == 2 &amp;&amp; wildList.indexOf(symbol) != -1): null

2019-08-15 16:33:47 - [TEST_STEP][PASSED] - if (i == 3 &amp;&amp; wildList.indexOf(symbol) != -1): null

2019-08-15 16:33:47 - [TEST_STEP][PASSED] - if (i == 4 &amp;&amp; wildList.indexOf(symbol) != -1): null

2019-08-15 16:33:47 - [TEST_STEP][PASSED] - symbol = symbol: null

2019-08-15 16:33:47 - [TEST_STEP][PASSED] - println(symbol): null

2019-08-15 16:33:47 - [TEST_STEP][PASSED] - if (i == 2 &amp;&amp; wildList.indexOf(symbol) != -1): null

2019-08-15 16:33:47 - [TEST_STEP][PASSED] - if (i == 3 &amp;&amp; wildList.indexOf(symbol) != -1): null

2019-08-15 16:33:47 - [TEST_STEP][PASSED] - if (i == 4 &amp;&amp; wildList.indexOf(symbol) != -1): null

2019-08-15 16:33:47 - [TEST_STEP][PASSED] - symbols = symbols: null

2019-08-15 16:33:47 - [TEST_STEP][PASSED] - for ([j = 0, j &lt; symbols.size(), (j++)]): null

2019-08-15 16:33:47 - [TEST_STEP][PASSED] - symbol = symbol: null

2019-08-15 16:33:47 - [TEST_STEP][PASSED] - println(symbol): null

2019-08-15 16:33:47 - [TEST_STEP][PASSED] - if (i == 2 &amp;&amp; wildList.indexOf(symbol) != -1): null

2019-08-15 16:33:47 - [TEST_STEP][PASSED] - if (i == 3 &amp;&amp; wildList.indexOf(symbol) != -1): null

2019-08-15 16:33:47 - [TEST_STEP][PASSED] - if (i == 4 &amp;&amp; wildList.indexOf(symbol) != -1): null

2019-08-15 16:33:47 - [TEST_STEP][PASSED] - symbol = symbol: null

2019-08-15 16:33:47 - [TEST_STEP][PASSED] - println(symbol): null

2019-08-15 16:33:47 - [TEST_STEP][PASSED] - if (i == 2 &amp;&amp; wildList.indexOf(symbol) != -1): null

2019-08-15 16:33:47 - [TEST_STEP][PASSED] - if (i == 3 &amp;&amp; wildList.indexOf(symbol) != -1): null

2019-08-15 16:33:47 - [TEST_STEP][PASSED] - if (i == 4 &amp;&amp; wildList.indexOf(symbol) != -1): null

2019-08-15 16:33:47 - [TEST_STEP][PASSED] - symbol = symbol: null

2019-08-15 16:33:47 - [TEST_STEP][PASSED] - println(symbol): null

2019-08-15 16:33:47 - [TEST_STEP][PASSED] - if (i == 2 &amp;&amp; wildList.indexOf(symbol) != -1): null

2019-08-15 16:33:47 - [TEST_STEP][PASSED] - if (i == 3 &amp;&amp; wildList.indexOf(symbol) != -1): null

2019-08-15 16:33:47 - [TEST_STEP][PASSED] - if (i == 4 &amp;&amp; wildList.indexOf(symbol) != -1): null

2019-08-15 16:33:47 - [TEST_STEP][PASSED] - symbols = symbols: null

2019-08-15 16:33:47 - [TEST_STEP][PASSED] - for ([j = 0, j &lt; symbols.size(), (j++)]): null

2019-08-15 16:33:47 - [TEST_STEP][PASSED] - symbol = symbol: null

2019-08-15 16:33:47 - [TEST_STEP][PASSED] - println(symbol): null

2019-08-15 16:33:47 - [TEST_STEP][PASSED] - if (i == 2 &amp;&amp; wildList.indexOf(symbol) != -1): null

2019-08-15 16:33:47 - [TEST_STEP][PASSED] - if (i == 3 &amp;&amp; wildList.indexOf(symbol) != -1): null

2019-08-15 16:33:47 - [TEST_STEP][PASSED] - if (i == 4 &amp;&amp; wildList.indexOf(symbol) != -1): null

2019-08-15 16:33:47 - [TEST_STEP][PASSED] - symbol = symbol: null

2019-08-15 16:33:47 - [TEST_STEP][PASSED] - println(symbol): null

2019-08-15 16:33:47 - [TEST_STEP][PASSED] - if (i == 2 &amp;&amp; wildList.indexOf(symbol) != -1): null

2019-08-15 16:33:47 - [TEST_STEP][PASSED] - if (i == 3 &amp;&amp; wildList.indexOf(symbol) != -1): null

2019-08-15 16:33:47 - [TEST_STEP][PASSED] - if (i == 4 &amp;&amp; wildList.indexOf(symbol) != -1): null

2019-08-15 16:33:47 - [TEST_STEP][PASSED] - symbol = symbol: null

2019-08-15 16:33:47 - [TEST_STEP][PASSED] - println(symbol): null

2019-08-15 16:33:47 - [TEST_STEP][PASSED] - if (i == 2 &amp;&amp; wildList.indexOf(symbol) != -1): null

2019-08-15 16:33:47 - [TEST_STEP][PASSED] - if (i == 3 &amp;&amp; wildList.indexOf(symbol) != -1): null

2019-08-15 16:33:47 - [TEST_STEP][PASSED] - if (i == 4 &amp;&amp; wildList.indexOf(symbol) != -1): null

2019-08-15 16:33:47 - [TEST_STEP][PASSED] - symbols = symbols: null

2019-08-15 16:33:47 - [TEST_STEP][PASSED] - for ([j = 0, j &lt; symbols.size(), (j++)]): null

2019-08-15 16:33:47 - [TEST_STEP][PASSED] - symbol = symbol: null

2019-08-15 16:33:47 - [TEST_STEP][PASSED] - println(symbol): null

2019-08-15 16:33:47 - [TEST_STEP][PASSED] - if (i == 2 &amp;&amp; wildList.indexOf(symbol) != -1): null

2019-08-15 16:33:47 - [TEST_STEP][PASSED] - if (i == 3 &amp;&amp; wildList.indexOf(symbol) != -1): null

2019-08-15 16:33:47 - [TEST_STEP][PASSED] - println("wild found on reel 4, adding counter by 1"): null

2019-08-15 16:33:47 - [TEST_STEP][PASSED] - free_spin_reel_counter[1] = free_spin_reel_counter[1] + 1: null

2019-08-15 16:33:47 - [TEST_STEP][PASSED] - if (i == 4 &amp;&amp; wildList.indexOf(symbol) != -1): null

2019-08-15 16:33:47 - [TEST_STEP][PASSED] - symbol = symbol: null

2019-08-15 16:33:47 - [TEST_STEP][PASSED] - println(symbol): null

2019-08-15 16:33:47 - [TEST_STEP][PASSED] - if (i == 2 &amp;&amp; wildList.indexOf(symbol) != -1): null

2019-08-15 16:33:47 - [TEST_STEP][PASSED] - if (i == 3 &amp;&amp; wildList.indexOf(symbol) != -1): null

2019-08-15 16:33:47 - [TEST_STEP][PASSED] - if (i == 4 &amp;&amp; wildList.indexOf(symbol) != -1): null

2019-08-15 16:33:47 - [TEST_STEP][PASSED] - symbol = symbol: null

2019-08-15 16:33:47 - [TEST_STEP][PASSED] - println(symbol): null

2019-08-15 16:33:47 - [TEST_STEP][PASSED] - if (i == 2 &amp;&amp; wildList.indexOf(symbol) != -1): null

2019-08-15 16:33:47 - [TEST_STEP][PASSED] - if (i == 3 &amp;&amp; wildList.indexOf(symbol) != -1): null

2019-08-15 16:33:47 - [TEST_STEP][PASSED] - if (i == 4 &amp;&amp; wildList.indexOf(symbol) != -1): null

2019-08-15 16:33:47 - [TEST_STEP][PASSED] - symbols = symbols: null

2019-08-15 16:33:47 - [TEST_STEP][PASSED] - for ([j = 0, j &lt; symbols.size(), (j++)]): null

2019-08-15 16:33:47 - [TEST_STEP][PASSED] - symbol = symbol: null

2019-08-15 16:33:47 - [TEST_STEP][PASSED] - println(symbol): null

2019-08-15 16:33:47 - [TEST_STEP][PASSED] - if (i == 2 &amp;&amp; wildList.indexOf(symbol) != -1): null

2019-08-15 16:33:47 - [TEST_STEP][PASSED] - if (i == 3 &amp;&amp; wildList.indexOf(symbol) != -1): null

2019-08-15 16:33:47 - [TEST_STEP][PASSED] - if (i == 4 &amp;&amp; wildList.indexOf(symbol) != -1): null

2019-08-15 16:33:47 - [TEST_STEP][PASSED] - symbol = symbol: null

2019-08-15 16:33:47 - [TEST_STEP][PASSED] - println(symbol): null

2019-08-15 16:33:47 - [TEST_STEP][PASSED] - if (i == 2 &amp;&amp; wildList.indexOf(symbol) != -1): null

2019-08-15 16:33:47 - [TEST_STEP][PASSED] - if (i == 3 &amp;&amp; wildList.indexOf(symbol) != -1): null

2019-08-15 16:33:47 - [TEST_STEP][PASSED] - if (i == 4 &amp;&amp; wildList.indexOf(symbol) != -1): null

2019-08-15 16:33:47 - [TEST_STEP][PASSED] - symbol = symbol: null

2019-08-15 16:33:47 - [TEST_STEP][PASSED] - println(symbol): null

2019-08-15 16:33:47 - [TEST_STEP][PASSED] - if (i == 2 &amp;&amp; wildList.indexOf(symbol) != -1): null

2019-08-15 16:33:47 - [TEST_STEP][PASSED] - if (i == 3 &amp;&amp; wildList.indexOf(symbol) != -1): null

2019-08-15 16:33:47 - [TEST_STEP][PASSED] - if (i == 4 &amp;&amp; wildList.indexOf(symbol) != -1): null

2019-08-15 16:33:47 - [TEST_STEP][PASSED] - free_spin_reel_counter = free_spin_reel_counter: null

2019-08-15 16:33:47 - [TEST_STEP][PASSED] - println("reel 3 wild found: " + free_spin_reel_counter[0]): null

2019-08-15 16:33:47 - [TEST_STEP][PASSED] - println("reel 4 wild found: " + free_spin_reel_counter[1]): null

2019-08-15 16:33:47 - [TEST_STEP][PASSED] - println("reel 5 wild found: " + free_spin_reel_counter[2]): null

2019-08-15 16:33:47 - [TEST_STEP][PASSED] - M4_spin_reels = M4_spin_reels: null

2019-08-15 16:33:47 - [TEST_STEP][PASSED] - M4_spin_reels_symbols = symbol: null

2019-08-15 16:33:47 - [TEST_STEP][PASSED] - M4_spin_reels_symbols = M4_spin_reels_symbols: null

2019-08-15 16:33:47 - [TEST_STEP][PASSED] - M4_spin_reel_wins = reel_wins: null

2019-08-15 16:33:47 - [TEST_STEP][PASSED] - M4_spin_reel_wins = M4_spin_reel_wins: null

2019-08-15 16:33:47 - [TEST_STEP][PASSED] - println("GlobalVariable.M4_spin_reel_wins is: " + M4_spin_reel_wins): null

2019-08-15 16:33:47 - [TEST_STEP][PASSED] - M4_spin_total_bonus_win_this_round = total_bonus_win_this_round: null

2019-08-15 16:33:47 - [TEST_STEP][PASSED] - M4_spin_total_bonus_win_this_round = M4_spin_total_bonus_win_this_round: null

2019-08-15 16:33:47 - [TEST_STEP][PASSED] - println("GlobalVariable.M4_spin_total_bonus_win_this_round is: " + M4_spin_total_bonus_win_this_round): null

2019-08-15 16:33:47 - [MESSAGE][PASSED] - Verify response successfully

2019-08-15 16:33:47 - [MESSAGE][PASSED] - Send request and verify the response successfully

2019-08-15 16:33:47 - [TEST_STEP][PASSED] - if (M4_total_bonus_spins_int != 0 &amp;&amp; M4_spin_reels_symbols[2].contains("WILD_Normal") || M4_spin_reels_symbols[3].contains("WILD_Normal") || M4_spin_reels_symbols[4].contains("WILD_Normal")): null

2019-08-15 16:33:47 - [TEST_STEP][PASSED] - free_spin_reel_counter = free_spin_reel_counter: null

2019-08-15 16:33:47 - [TEST_STEP][PASSED] - M4_spin_reels_symbols = M4_spin_reels_symbols: null

2019-08-15 16:33:47 - [TEST_STEP][PASSED] - M4_total_bonus_spins = M4_total_bonus_spins: null

2019-08-15 16:33:47 - [TEST_STEP][PASSED] - spin_result = sendRequestAndVerify(findTestObject("STG/RGS(M4)/1_M4_spin", ["M4_login_user_id":M4_login_user_id, "rgs_session_token":rgs_session_token, "partner":Partner])): Send request and verify the response successfully

2019-08-15 16:33:47 - [TEST_CASE][PASSED] - Start Test Case : Verification: Verification accomplished successfully

2019-08-15 16:33:47 - [TEST_STEP][PASSED] - request = getInstance().getCurrentRequest(): null

2019-08-15 16:33:47 - [TEST_STEP][PASSED] - response = getInstance().getCurrentResponse(): null

2019-08-15 16:33:47 - [TEST_STEP][PASSED] - verifyResponseStatusCode(response, 200): Verify response status code successfully

2019-08-15 16:33:47 - [MESSAGE][PASSED] - Verify response status code successfully

2019-08-15 16:33:47 - [TEST_STEP][PASSED] - getStatusCode()).isEqualTo(200): null

2019-08-15 16:33:47 - [TEST_STEP][PASSED] - newline = System.getProperty("line.separator"): null

2019-08-15 16:33:47 - [TEST_STEP][PASSED] - M4_spin = new groovy.json.JsonSlurper(): null

2019-08-15 16:33:47 - [TEST_STEP][PASSED] - result_M4_spin = M4_spin.parseText(response.getResponseBodyContent()): null

2019-08-15 16:33:47 - [TEST_STEP][PASSED] - M4_spin_current_balance = current_balance: null

2019-08-15 16:33:47 - [TEST_STEP][PASSED] - M4_spin_current_balance = M4_spin_current_balance: null

2019-08-15 16:33:47 - [TEST_STEP][PASSED] - M4_spin_transaction_id = causality: null

2019-08-15 16:33:47 - [TEST_STEP][PASSED] - M4_spin_transaction_id = M4_spin_transaction_id: null

2019-08-15 16:33:47 - [TEST_STEP][PASSED] - M4_spin_round_id = round_id: null

2019-08-15 16:33:47 - [TEST_STEP][PASSED] - M4_spin_round_id = M4_spin_round_id: null

2019-08-15 16:33:47 - [TEST_STEP][PASSED] - M4_spin_line_wins = line_wins: null

2019-08-15 16:33:47 - [TEST_STEP][PASSED] - M4_spin_line_wins = M4_spin_line_wins: null

2019-08-15 16:33:47 - [TEST_STEP][PASSED] - M4_total_bonus_spins_int = total_bonus_spins: null

2019-08-15 16:33:47 - [TEST_STEP][PASSED] - println("******M4_total_bonus_spins type is:*******" + newline + getClass().getName()): null

2019-08-15 16:33:47 - [TEST_STEP][PASSED] - M4_total_bonus_spins_int = M4_total_bonus_spins_int: null

2019-08-15 16:33:47 - [TEST_STEP][PASSED] - M4_total_bonus_spins = Integer.toString(M4_total_bonus_spins_int): null

2019-08-15 16:33:47 - [TEST_STEP][PASSED] - M4_total_bonus_spins = M4_total_bonus_spins: null

2019-08-15 16:33:47 - [TEST_STEP][PASSED] - println("M4_total_bonus_spins is:" + M4_total_bonus_spins): null

2019-08-15 16:33:47 - [TEST_STEP][PASSED] - M4_spin_bonus_data = bonus_data: null

2019-08-15 16:33:47 - [TEST_STEP][PASSED] - M4_spin_features_triggered = result_M4_spin: null

2019-08-15 16:33:47 - [TEST_STEP][PASSED] - wild = []: null

2019-08-15 16:33:47 - [TEST_STEP][PASSED] - wild[0] = "WILD_Expanding": null

2019-08-15 16:33:47 - [TEST_STEP][PASSED] - wild[1] = "WILD_Normal": null

2019-08-15 16:33:47 - [TEST_STEP][PASSED] - wild[2] = "WILD_Double": null

2019-08-15 16:33:47 - [TEST_STEP][PASSED] - wild[3] = "WILD_ExtraFG": null

2019-08-15 16:33:47 - [TEST_STEP][PASSED] - wild[4] = "WILD_Triple": null

2019-08-15 16:33:47 - [TEST_STEP][PASSED] - wildList = Arrays.asList(wild): null

2019-08-15 16:33:47 - [TEST_STEP][PASSED] - wildList = wildList: null

2019-08-15 16:33:47 - [TEST_STEP][PASSED] - free_spin_reel_counter = []: null

2019-08-15 16:33:47 - [TEST_STEP][PASSED] - free_spin_reel_counter[0] = 0: null

2019-08-15 16:33:47 - [TEST_STEP][PASSED] - free_spin_reel_counter[1] = 0: null

2019-08-15 16:33:47 - [TEST_STEP][PASSED] - free_spin_reel_counter[2] = 0: null

2019-08-15 16:33:47 - [TEST_STEP][PASSED] - M4_spin_reels = reels: null

2019-08-15 16:33:47 - [TEST_STEP][PASSED] - for ([i = 0, i &lt; M4_spin_reels.size(), (i++)]): null

2019-08-15 16:33:47 - [TEST_STEP][PASSED] - symbols = symbols: null

2019-08-15 16:33:47 - [TEST_STEP][PASSED] - for ([j = 0, j &lt; symbols.size(), (j++)]): null

2019-08-15 16:33:47 - [TEST_STEP][PASSED] - symbol = symbol: null

2019-08-15 16:33:47 - [TEST_STEP][PASSED] - println(symbol): null

2019-08-15 16:33:47 - [TEST_STEP][PASSED] - if (i == 2 &amp;&amp; wildList.indexOf(symbol) != -1): null

2019-08-15 16:33:47 - [TEST_STEP][PASSED] - if (i == 3 &amp;&amp; wildList.indexOf(symbol) != -1): null

2019-08-15 16:33:47 - [TEST_STEP][PASSED] - if (i == 4 &amp;&amp; wildList.indexOf(symbol) != -1): null

2019-08-15 16:33:47 - [TEST_STEP][PASSED] - symbol = symbol: null

2019-08-15 16:33:47 - [TEST_STEP][PASSED] - println(symbol): null

2019-08-15 16:33:47 - [TEST_STEP][PASSED] - if (i == 2 &amp;&amp; wildList.indexOf(symbol) != -1): null

2019-08-15 16:33:47 - [TEST_STEP][PASSED] - if (i == 3 &amp;&amp; wildList.indexOf(symbol) != -1): null

2019-08-15 16:33:47 - [TEST_STEP][PASSED] - if (i == 4 &amp;&amp; wildList.indexOf(symbol) != -1): null

2019-08-15 16:33:47 - [TEST_STEP][PASSED] - symbol = symbol: null

2019-08-15 16:33:47 - [TEST_STEP][PASSED] - println(symbol): null

2019-08-15 16:33:47 - [TEST_STEP][PASSED] - if (i == 2 &amp;&amp; wildList.indexOf(symbol) != -1): null

2019-08-15 16:33:47 - [TEST_STEP][PASSED] - if (i == 3 &amp;&amp; wildList.indexOf(symbol) != -1): null

2019-08-15 16:33:47 - [TEST_STEP][PASSED] - if (i == 4 &amp;&amp; wildList.indexOf(symbol) != -1): null

2019-08-15 16:33:47 - [TEST_STEP][PASSED] - symbols = symbols: null

2019-08-15 16:33:47 - [TEST_STEP][PASSED] - for ([j = 0, j &lt; symbols.size(), (j++)]): null

2019-08-15 16:33:47 - [TEST_STEP][PASSED] - symbol = symbol: null

2019-08-15 16:33:47 - [TEST_STEP][PASSED] - println(symbol): null

2019-08-15 16:33:47 - [TEST_STEP][PASSED] - if (i == 2 &amp;&amp; wildList.indexOf(symbol) != -1): null

2019-08-15 16:33:47 - [TEST_STEP][PASSED] - if (i == 3 &amp;&amp; wildList.indexOf(symbol) != -1): null

2019-08-15 16:33:47 - [TEST_STEP][PASSED] - if (i == 4 &amp;&amp; wildList.indexOf(symbol) != -1): null

2019-08-15 16:33:47 - [TEST_STEP][PASSED] - symbol = symbol: null

2019-08-15 16:33:47 - [TEST_STEP][PASSED] - println(symbol): null

2019-08-15 16:33:47 - [TEST_STEP][PASSED] - if (i == 2 &amp;&amp; wildList.indexOf(symbol) != -1): null

2019-08-15 16:33:47 - [TEST_STEP][PASSED] - if (i == 3 &amp;&amp; wildList.indexOf(symbol) != -1): null

2019-08-15 16:33:47 - [TEST_STEP][PASSED] - if (i == 4 &amp;&amp; wildList.indexOf(symbol) != -1): null

2019-08-15 16:33:47 - [TEST_STEP][PASSED] - symbol = symbol: null

2019-08-15 16:33:47 - [TEST_STEP][PASSED] - println(symbol): null

2019-08-15 16:33:47 - [TEST_STEP][PASSED] - if (i == 2 &amp;&amp; wildList.indexOf(symbol) != -1): null

2019-08-15 16:33:47 - [TEST_STEP][PASSED] - if (i == 3 &amp;&amp; wildList.indexOf(symbol) != -1): null

2019-08-15 16:33:47 - [TEST_STEP][PASSED] - if (i == 4 &amp;&amp; wildList.indexOf(symbol) != -1): null

2019-08-15 16:33:47 - [TEST_STEP][PASSED] - symbols = symbols: null

2019-08-15 16:33:47 - [TEST_STEP][PASSED] - for ([j = 0, j &lt; symbols.size(), (j++)]): null

2019-08-15 16:33:47 - [TEST_STEP][PASSED] - symbol = symbol: null

2019-08-15 16:33:47 - [TEST_STEP][PASSED] - println(symbol): null

2019-08-15 16:33:47 - [TEST_STEP][PASSED] - if (i == 2 &amp;&amp; wildList.indexOf(symbol) != -1): null

2019-08-15 16:33:47 - [TEST_STEP][PASSED] - if (i == 3 &amp;&amp; wildList.indexOf(symbol) != -1): null

2019-08-15 16:33:47 - [TEST_STEP][PASSED] - if (i == 4 &amp;&amp; wildList.indexOf(symbol) != -1): null

2019-08-15 16:33:47 - [TEST_STEP][PASSED] - symbol = symbol: null

2019-08-15 16:33:47 - [TEST_STEP][PASSED] - println(symbol): null

2019-08-15 16:33:47 - [TEST_STEP][PASSED] - if (i == 2 &amp;&amp; wildList.indexOf(symbol) != -1): null

2019-08-15 16:33:47 - [TEST_STEP][PASSED] - if (i == 3 &amp;&amp; wildList.indexOf(symbol) != -1): null

2019-08-15 16:33:47 - [TEST_STEP][PASSED] - if (i == 4 &amp;&amp; wildList.indexOf(symbol) != -1): null

2019-08-15 16:33:47 - [TEST_STEP][PASSED] - symbol = symbol: null

2019-08-15 16:33:47 - [TEST_STEP][PASSED] - println(symbol): null

2019-08-15 16:33:47 - [TEST_STEP][PASSED] - if (i == 2 &amp;&amp; wildList.indexOf(symbol) != -1): null

2019-08-15 16:33:47 - [TEST_STEP][PASSED] - if (i == 3 &amp;&amp; wildList.indexOf(symbol) != -1): null

2019-08-15 16:33:47 - [TEST_STEP][PASSED] - if (i == 4 &amp;&amp; wildList.indexOf(symbol) != -1): null

2019-08-15 16:33:47 - [TEST_STEP][PASSED] - symbols = symbols: null

2019-08-15 16:33:47 - [TEST_STEP][PASSED] - for ([j = 0, j &lt; symbols.size(), (j++)]): null

2019-08-15 16:33:47 - [TEST_STEP][PASSED] - symbol = symbol: null

2019-08-15 16:33:47 - [TEST_STEP][PASSED] - println(symbol): null

2019-08-15 16:33:47 - [TEST_STEP][PASSED] - if (i == 2 &amp;&amp; wildList.indexOf(symbol) != -1): null

2019-08-15 16:33:47 - [TEST_STEP][PASSED] - if (i == 3 &amp;&amp; wildList.indexOf(symbol) != -1): null

2019-08-15 16:33:47 - [TEST_STEP][PASSED] - println("wild found on reel 4, adding counter by 1"): null

2019-08-15 16:33:47 - [TEST_STEP][PASSED] - free_spin_reel_counter[1] = free_spin_reel_counter[1] + 1: null

2019-08-15 16:33:47 - [TEST_STEP][PASSED] - if (i == 4 &amp;&amp; wildList.indexOf(symbol) != -1): null

2019-08-15 16:33:47 - [TEST_STEP][PASSED] - symbol = symbol: null

2019-08-15 16:33:47 - [TEST_STEP][PASSED] - println(symbol): null

2019-08-15 16:33:47 - [TEST_STEP][PASSED] - if (i == 2 &amp;&amp; wildList.indexOf(symbol) != -1): null

2019-08-15 16:33:47 - [TEST_STEP][PASSED] - if (i == 3 &amp;&amp; wildList.indexOf(symbol) != -1): null

2019-08-15 16:33:47 - [TEST_STEP][PASSED] - if (i == 4 &amp;&amp; wildList.indexOf(symbol) != -1): null

2019-08-15 16:33:47 - [TEST_STEP][PASSED] - symbol = symbol: null

2019-08-15 16:33:47 - [TEST_STEP][PASSED] - println(symbol): null

2019-08-15 16:33:47 - [TEST_STEP][PASSED] - if (i == 2 &amp;&amp; wildList.indexOf(symbol) != -1): null

2019-08-15 16:33:47 - [TEST_STEP][PASSED] - if (i == 3 &amp;&amp; wildList.indexOf(symbol) != -1): null

2019-08-15 16:33:47 - [TEST_STEP][PASSED] - if (i == 4 &amp;&amp; wildList.indexOf(symbol) != -1): null

2019-08-15 16:33:47 - [TEST_STEP][PASSED] - symbols = symbols: null

2019-08-15 16:33:47 - [TEST_STEP][PASSED] - for ([j = 0, j &lt; symbols.size(), (j++)]): null

2019-08-15 16:33:47 - [TEST_STEP][PASSED] - symbol = symbol: null

2019-08-15 16:33:47 - [TEST_STEP][PASSED] - println(symbol): null

2019-08-15 16:33:47 - [TEST_STEP][PASSED] - if (i == 2 &amp;&amp; wildList.indexOf(symbol) != -1): null

2019-08-15 16:33:47 - [TEST_STEP][PASSED] - if (i == 3 &amp;&amp; wildList.indexOf(symbol) != -1): null

2019-08-15 16:33:47 - [TEST_STEP][PASSED] - if (i == 4 &amp;&amp; wildList.indexOf(symbol) != -1): null

2019-08-15 16:33:47 - [TEST_STEP][PASSED] - symbol = symbol: null

2019-08-15 16:33:47 - [TEST_STEP][PASSED] - println(symbol): null

2019-08-15 16:33:47 - [TEST_STEP][PASSED] - if (i == 2 &amp;&amp; wildList.indexOf(symbol) != -1): null

2019-08-15 16:33:47 - [TEST_STEP][PASSED] - if (i == 3 &amp;&amp; wildList.indexOf(symbol) != -1): null

2019-08-15 16:33:47 - [TEST_STEP][PASSED] - if (i == 4 &amp;&amp; wildList.indexOf(symbol) != -1): null

2019-08-15 16:33:47 - [TEST_STEP][PASSED] - symbol = symbol: null

2019-08-15 16:33:47 - [TEST_STEP][PASSED] - println(symbol): null

2019-08-15 16:33:47 - [TEST_STEP][PASSED] - if (i == 2 &amp;&amp; wildList.indexOf(symbol) != -1): null

2019-08-15 16:33:47 - [TEST_STEP][PASSED] - if (i == 3 &amp;&amp; wildList.indexOf(symbol) != -1): null

2019-08-15 16:33:47 - [TEST_STEP][PASSED] - if (i == 4 &amp;&amp; wildList.indexOf(symbol) != -1): null

2019-08-15 16:33:52 - [TEST_STEP][PASSED] - free_spin_reel_counter = free_spin_reel_counter: null

2019-08-15 16:33:52 - [TEST_STEP][PASSED] - println("reel 3 wild found: " + free_spin_reel_counter[0]): null

2019-08-15 16:33:52 - [TEST_STEP][PASSED] - println("reel 4 wild found: " + free_spin_reel_counter[1]): null

2019-08-15 16:33:52 - [TEST_STEP][PASSED] - println("reel 5 wild found: " + free_spin_reel_counter[2]): null

2019-08-15 16:33:52 - [TEST_STEP][PASSED] - M4_spin_reels = M4_spin_reels: null

2019-08-15 16:33:52 - [TEST_STEP][PASSED] - M4_spin_reels_symbols = symbol: null

2019-08-15 16:33:52 - [TEST_STEP][PASSED] - M4_spin_reels_symbols = M4_spin_reels_symbols: null

2019-08-15 16:33:52 - [TEST_STEP][PASSED] - M4_spin_reel_wins = reel_wins: null

2019-08-15 16:33:52 - [TEST_STEP][PASSED] - M4_spin_reel_wins = M4_spin_reel_wins: null

2019-08-15 16:33:52 - [TEST_STEP][PASSED] - println("GlobalVariable.M4_spin_reel_wins is: " + M4_spin_reel_wins): null

2019-08-15 16:33:56 - [TEST_STEP][PASSED] - M4_spin_total_bonus_win_this_round = total_bonus_win_this_round: null

2019-08-15 16:33:56 - [TEST_STEP][PASSED] - M4_spin_total_bonus_win_this_round = M4_spin_total_bonus_win_this_round: null

2019-08-15 16:33:56 - [TEST_STEP][PASSED] - println("GlobalVariable.M4_spin_total_bonus_win_this_round is: " + M4_spin_total_bonus_win_this_round): null

2019-08-15 16:33:56 - [MESSAGE][PASSED] - Verify response successfully

2019-08-15 16:33:56 - [MESSAGE][PASSED] - Send request and verify the response successfully

2019-08-15 16:33:56 - [TEST_STEP][PASSED] - if (M4_total_bonus_spins_int != 0 &amp;&amp; M4_spin_reels_symbols[2].contains("WILD_Normal") || M4_spin_reels_symbols[3].contains("WILD_Normal") || M4_spin_reels_symbols[4].contains("WILD_Normal")): null

2019-08-15 16:33:56 - [TEST_STEP][PASSED] - free_spin_reel_counter = free_spin_reel_counter: null

2019-08-15 16:33:56 - [TEST_STEP][PASSED] - M4_spin_reels_symbols = M4_spin_reels_symbols: null

2019-08-15 16:33:56 - [TEST_STEP][PASSED] - M4_total_bonus_spins = M4_total_bonus_spins: null

2019-08-15 16:33:56 - [TEST_STEP][PASSED] - spin_result = sendRequestAndVerify(findTestObject("STG/RGS(M4)/1_M4_spin", ["M4_login_user_id":M4_login_user_id, "rgs_session_token":rgs_session_token, "partner":Partner])): Send request and verify the response successfully

2019-08-15 16:33:56 - [TEST_CASE][PASSED] - Start Test Case : Verification: Verification accomplished successfully

2019-08-15 16:33:56 - [TEST_STEP][PASSED] - request = getInstance().getCurrentRequest(): null

2019-08-15 16:33:56 - [TEST_STEP][PASSED] - response = getInstance().getCurrentResponse(): null

2019-08-15 16:33:56 - [TEST_STEP][PASSED] - verifyResponseStatusCode(response, 200): Verify response status code successfully

2019-08-15 16:33:56 - [MESSAGE][PASSED] - Verify response status code successfully

2019-08-15 16:33:56 - [TEST_STEP][PASSED] - getStatusCode()).isEqualTo(200): null

2019-08-15 16:33:56 - [TEST_STEP][PASSED] - newline = System.getProperty("line.separator"): null

2019-08-15 16:33:56 - [TEST_STEP][PASSED] - M4_spin = new groovy.json.JsonSlurper(): null

2019-08-15 16:33:56 - [TEST_STEP][PASSED] - result_M4_spin = M4_spin.parseText(response.getResponseBodyContent()): null

2019-08-15 16:33:56 - [TEST_STEP][PASSED] - M4_spin_current_balance = current_balance: null

2019-08-15 16:33:56 - [TEST_STEP][PASSED] - M4_spin_current_balance = M4_spin_current_balance: null

2019-08-15 16:33:56 - [TEST_STEP][PASSED] - M4_spin_transaction_id = causality: null

2019-08-15 16:33:56 - [TEST_STEP][PASSED] - M4_spin_transaction_id = M4_spin_transaction_id: null

2019-08-15 16:33:56 - [TEST_STEP][PASSED] - M4_spin_round_id = round_id: null

2019-08-15 16:33:56 - [TEST_STEP][PASSED] - M4_spin_round_id = M4_spin_round_id: null

2019-08-15 16:33:56 - [TEST_STEP][PASSED] - M4_spin_line_wins = line_wins: null

2019-08-15 16:33:56 - [TEST_STEP][PASSED] - M4_spin_line_wins = M4_spin_line_wins: null

2019-08-15 16:33:56 - [TEST_STEP][PASSED] - M4_total_bonus_spins_int = total_bonus_spins: null

2019-08-15 16:33:56 - [TEST_STEP][PASSED] - println("******M4_total_bonus_spins type is:*******" + newline + getClass().getName()): null

2019-08-15 16:33:56 - [TEST_STEP][PASSED] - M4_total_bonus_spins_int = M4_total_bonus_spins_int: null

2019-08-15 16:33:56 - [TEST_STEP][PASSED] - M4_total_bonus_spins = Integer.toString(M4_total_bonus_spins_int): null

2019-08-15 16:33:56 - [TEST_STEP][PASSED] - M4_total_bonus_spins = M4_total_bonus_spins: null

2019-08-15 16:33:56 - [TEST_STEP][PASSED] - println("M4_total_bonus_spins is:" + M4_total_bonus_spins): null

2019-08-15 16:33:56 - [TEST_STEP][PASSED] - M4_spin_bonus_data = bonus_data: null

2019-08-15 16:33:56 - [TEST_STEP][PASSED] - M4_spin_features_triggered = result_M4_spin: null

2019-08-15 16:33:56 - [TEST_STEP][PASSED] - wild = []: null

2019-08-15 16:33:56 - [TEST_STEP][PASSED] - wild[0] = "WILD_Expanding": null

2019-08-15 16:33:56 - [TEST_STEP][PASSED] - wild[1] = "WILD_Normal": null

2019-08-15 16:33:56 - [TEST_STEP][PASSED] - wild[2] = "WILD_Double": null

2019-08-15 16:33:56 - [TEST_STEP][PASSED] - wild[3] = "WILD_ExtraFG": null

2019-08-15 16:33:56 - [TEST_STEP][PASSED] - wild[4] = "WILD_Triple": null

2019-08-15 16:33:56 - [TEST_STEP][PASSED] - wildList = Arrays.asList(wild): null

2019-08-15 16:33:56 - [TEST_STEP][PASSED] - wildList = wildList: null

2019-08-15 16:33:56 - [TEST_STEP][PASSED] - free_spin_reel_counter = []: null

2019-08-15 16:33:56 - [TEST_STEP][PASSED] - free_spin_reel_counter[0] = 0: null

2019-08-15 16:33:56 - [TEST_STEP][PASSED] - free_spin_reel_counter[1] = 0: null

2019-08-15 16:33:56 - [TEST_STEP][PASSED] - free_spin_reel_counter[2] = 0: null

2019-08-15 16:33:56 - [TEST_STEP][PASSED] - M4_spin_reels = reels: null

2019-08-15 16:33:56 - [TEST_STEP][PASSED] - for ([i = 0, i &lt; M4_spin_reels.size(), (i++)]): null

2019-08-15 16:33:56 - [TEST_STEP][PASSED] - symbols = symbols: null

2019-08-15 16:33:56 - [TEST_STEP][PASSED] - for ([j = 0, j &lt; symbols.size(), (j++)]): null

2019-08-15 16:33:56 - [TEST_STEP][PASSED] - symbol = symbol: null

2019-08-15 16:33:56 - [TEST_STEP][PASSED] - println(symbol): null

2019-08-15 16:33:56 - [TEST_STEP][PASSED] - if (i == 2 &amp;&amp; wildList.indexOf(symbol) != -1): null

2019-08-15 16:33:56 - [TEST_STEP][PASSED] - if (i == 3 &amp;&amp; wildList.indexOf(symbol) != -1): null

2019-08-15 16:33:56 - [TEST_STEP][PASSED] - if (i == 4 &amp;&amp; wildList.indexOf(symbol) != -1): null

2019-08-15 16:33:56 - [TEST_STEP][PASSED] - symbol = symbol: null

2019-08-15 16:33:56 - [TEST_STEP][PASSED] - println(symbol): null

2019-08-15 16:33:56 - [TEST_STEP][PASSED] - if (i == 2 &amp;&amp; wildList.indexOf(symbol) != -1): null

2019-08-15 16:33:56 - [TEST_STEP][PASSED] - if (i == 3 &amp;&amp; wildList.indexOf(symbol) != -1): null

2019-08-15 16:33:56 - [TEST_STEP][PASSED] - if (i == 4 &amp;&amp; wildList.indexOf(symbol) != -1): null

2019-08-15 16:33:56 - [TEST_STEP][PASSED] - symbol = symbol: null

2019-08-15 16:33:56 - [TEST_STEP][PASSED] - println(symbol): null

2019-08-15 16:33:56 - [TEST_STEP][PASSED] - if (i == 2 &amp;&amp; wildList.indexOf(symbol) != -1): null

2019-08-15 16:33:56 - [TEST_STEP][PASSED] - if (i == 3 &amp;&amp; wildList.indexOf(symbol) != -1): null

2019-08-15 16:33:56 - [TEST_STEP][PASSED] - if (i == 4 &amp;&amp; wildList.indexOf(symbol) != -1): null

2019-08-15 16:33:56 - [TEST_STEP][PASSED] - symbols = symbols: null

2019-08-15 16:33:56 - [TEST_STEP][PASSED] - for ([j = 0, j &lt; symbols.size(), (j++)]): null

2019-08-15 16:33:56 - [TEST_STEP][PASSED] - symbol = symbol: null

2019-08-15 16:33:56 - [TEST_STEP][PASSED] - println(symbol): null

2019-08-15 16:33:56 - [TEST_STEP][PASSED] - if (i == 2 &amp;&amp; wildList.indexOf(symbol) != -1): null

2019-08-15 16:33:56 - [TEST_STEP][PASSED] - if (i == 3 &amp;&amp; wildList.indexOf(symbol) != -1): null

2019-08-15 16:33:56 - [TEST_STEP][PASSED] - if (i == 4 &amp;&amp; wildList.indexOf(symbol) != -1): null

2019-08-15 16:33:56 - [TEST_STEP][PASSED] - symbol = symbol: null

2019-08-15 16:33:56 - [TEST_STEP][PASSED] - println(symbol): null

2019-08-15 16:33:56 - [TEST_STEP][PASSED] - if (i == 2 &amp;&amp; wildList.indexOf(symbol) != -1): null

2019-08-15 16:33:56 - [TEST_STEP][PASSED] - if (i == 3 &amp;&amp; wildList.indexOf(symbol) != -1): null

2019-08-15 16:33:56 - [TEST_STEP][PASSED] - if (i == 4 &amp;&amp; wildList.indexOf(symbol) != -1): null

2019-08-15 16:33:56 - [TEST_STEP][PASSED] - symbol = symbol: null

2019-08-15 16:33:56 - [TEST_STEP][PASSED] - println(symbol): null

2019-08-15 16:33:56 - [TEST_STEP][PASSED] - if (i == 2 &amp;&amp; wildList.indexOf(symbol) != -1): null

2019-08-15 16:33:56 - [TEST_STEP][PASSED] - if (i == 3 &amp;&amp; wildList.indexOf(symbol) != -1): null

2019-08-15 16:33:56 - [TEST_STEP][PASSED] - if (i == 4 &amp;&amp; wildList.indexOf(symbol) != -1): null

2019-08-15 16:33:56 - [TEST_STEP][PASSED] - symbols = symbols: null

2019-08-15 16:33:56 - [TEST_STEP][PASSED] - for ([j = 0, j &lt; symbols.size(), (j++)]): null

2019-08-15 16:33:56 - [TEST_STEP][PASSED] - symbol = symbol: null

2019-08-15 16:33:56 - [TEST_STEP][PASSED] - println(symbol): null

2019-08-15 16:33:56 - [TEST_STEP][PASSED] - if (i == 2 &amp;&amp; wildList.indexOf(symbol) != -1): null

2019-08-15 16:33:56 - [TEST_STEP][PASSED] - if (i == 3 &amp;&amp; wildList.indexOf(symbol) != -1): null

2019-08-15 16:33:56 - [TEST_STEP][PASSED] - if (i == 4 &amp;&amp; wildList.indexOf(symbol) != -1): null

2019-08-15 16:33:56 - [TEST_STEP][PASSED] - symbol = symbol: null

2019-08-15 16:33:56 - [TEST_STEP][PASSED] - println(symbol): null

2019-08-15 16:33:56 - [TEST_STEP][PASSED] - if (i == 2 &amp;&amp; wildList.indexOf(symbol) != -1): null

2019-08-15 16:33:56 - [TEST_STEP][PASSED] - if (i == 3 &amp;&amp; wildList.indexOf(symbol) != -1): null

2019-08-15 16:33:56 - [TEST_STEP][PASSED] - if (i == 4 &amp;&amp; wildList.indexOf(symbol) != -1): null

2019-08-15 16:33:56 - [TEST_STEP][PASSED] - symbol = symbol: null

2019-08-15 16:33:56 - [TEST_STEP][PASSED] - println(symbol): null

2019-08-15 16:33:56 - [TEST_STEP][PASSED] - if (i == 2 &amp;&amp; wildList.indexOf(symbol) != -1): null

2019-08-15 16:33:56 - [TEST_STEP][PASSED] - if (i == 3 &amp;&amp; wildList.indexOf(symbol) != -1): null

2019-08-15 16:33:56 - [TEST_STEP][PASSED] - if (i == 4 &amp;&amp; wildList.indexOf(symbol) != -1): null

2019-08-15 16:33:56 - [TEST_STEP][PASSED] - symbols = symbols: null

2019-08-15 16:33:56 - [TEST_STEP][PASSED] - for ([j = 0, j &lt; symbols.size(), (j++)]): null

2019-08-15 16:33:56 - [TEST_STEP][PASSED] - symbol = symbol: null

2019-08-15 16:33:56 - [TEST_STEP][PASSED] - println(symbol): null

2019-08-15 16:33:56 - [TEST_STEP][PASSED] - if (i == 2 &amp;&amp; wildList.indexOf(symbol) != -1): null

2019-08-15 16:33:56 - [TEST_STEP][PASSED] - if (i == 3 &amp;&amp; wildList.indexOf(symbol) != -1): null

2019-08-15 16:33:56 - [TEST_STEP][PASSED] - if (i == 4 &amp;&amp; wildList.indexOf(symbol) != -1): null

2019-08-15 16:33:56 - [TEST_STEP][PASSED] - symbol = symbol: null

2019-08-15 16:33:56 - [TEST_STEP][PASSED] - println(symbol): null

2019-08-15 16:33:56 - [TEST_STEP][PASSED] - if (i == 2 &amp;&amp; wildList.indexOf(symbol) != -1): null

2019-08-15 16:33:56 - [TEST_STEP][PASSED] - if (i == 3 &amp;&amp; wildList.indexOf(symbol) != -1): null

2019-08-15 16:33:56 - [TEST_STEP][PASSED] - if (i == 4 &amp;&amp; wildList.indexOf(symbol) != -1): null

2019-08-15 16:33:56 - [TEST_STEP][PASSED] - symbol = symbol: null

2019-08-15 16:33:56 - [TEST_STEP][PASSED] - println(symbol): null

2019-08-15 16:33:56 - [TEST_STEP][PASSED] - if (i == 2 &amp;&amp; wildList.indexOf(symbol) != -1): null

2019-08-15 16:33:56 - [TEST_STEP][PASSED] - if (i == 3 &amp;&amp; wildList.indexOf(symbol) != -1): null

2019-08-15 16:33:56 - [TEST_STEP][PASSED] - if (i == 4 &amp;&amp; wildList.indexOf(symbol) != -1): null

2019-08-15 16:33:56 - [TEST_STEP][PASSED] - symbols = symbols: null

2019-08-15 16:33:56 - [TEST_STEP][PASSED] - for ([j = 0, j &lt; symbols.size(), (j++)]): null

2019-08-15 16:33:56 - [TEST_STEP][PASSED] - symbol = symbol: null

2019-08-15 16:33:56 - [TEST_STEP][PASSED] - println(symbol): null

2019-08-15 16:33:56 - [TEST_STEP][PASSED] - if (i == 2 &amp;&amp; wildList.indexOf(symbol) != -1): null

2019-08-15 16:33:56 - [TEST_STEP][PASSED] - if (i == 3 &amp;&amp; wildList.indexOf(symbol) != -1): null

2019-08-15 16:33:56 - [TEST_STEP][PASSED] - if (i == 4 &amp;&amp; wildList.indexOf(symbol) != -1): null

2019-08-15 16:33:56 - [TEST_STEP][PASSED] - symbol = symbol: null

2019-08-15 16:33:56 - [TEST_STEP][PASSED] - println(symbol): null

2019-08-15 16:33:56 - [TEST_STEP][PASSED] - if (i == 2 &amp;&amp; wildList.indexOf(symbol) != -1): null

2019-08-15 16:33:56 - [TEST_STEP][PASSED] - if (i == 3 &amp;&amp; wildList.indexOf(symbol) != -1): null

2019-08-15 16:33:56 - [TEST_STEP][PASSED] - if (i == 4 &amp;&amp; wildList.indexOf(symbol) != -1): null

2019-08-15 16:33:56 - [TEST_STEP][PASSED] - symbol = symbol: null

2019-08-15 16:33:56 - [TEST_STEP][PASSED] - println(symbol): null

2019-08-15 16:33:56 - [TEST_STEP][PASSED] - if (i == 2 &amp;&amp; wildList.indexOf(symbol) != -1): null

2019-08-15 16:33:56 - [TEST_STEP][PASSED] - if (i == 3 &amp;&amp; wildList.indexOf(symbol) != -1): null

2019-08-15 16:33:56 - [TEST_STEP][PASSED] - if (i == 4 &amp;&amp; wildList.indexOf(symbol) != -1): null

2019-08-15 16:33:56 - [TEST_STEP][PASSED] - free_spin_reel_counter = free_spin_reel_counter: null

2019-08-15 16:33:56 - [TEST_STEP][PASSED] - println("reel 3 wild found: " + free_spin_reel_counter[0]): null

2019-08-15 16:33:56 - [TEST_STEP][PASSED] - println("reel 4 wild found: " + free_spin_reel_counter[1]): null

2019-08-15 16:33:56 - [TEST_STEP][PASSED] - println("reel 5 wild found: " + free_spin_reel_counter[2]): null

2019-08-15 16:33:56 - [TEST_STEP][PASSED] - M4_spin_reels = M4_spin_reels: null

2019-08-15 16:33:56 - [TEST_STEP][PASSED] - M4_spin_reels_symbols = symbol: null

2019-08-15 16:33:56 - [TEST_STEP][PASSED] - M4_spin_reels_symbols = M4_spin_reels_symbols: null

2019-08-15 16:33:56 - [TEST_STEP][PASSED] - M4_spin_reel_wins = reel_wins: null

2019-08-15 16:33:56 - [TEST_STEP][PASSED] - M4_spin_reel_wins = M4_spin_reel_wins: null

2019-08-15 16:33:56 - [TEST_STEP][PASSED] - println("GlobalVariable.M4_spin_reel_wins is: " + M4_spin_reel_wins): null

2019-08-15 16:33:56 - [TEST_STEP][PASSED] - M4_spin_total_bonus_win_this_round = total_bonus_win_this_round: null

2019-08-15 16:33:56 - [TEST_STEP][PASSED] - M4_spin_total_bonus_win_this_round = M4_spin_total_bonus_win_this_round: null

2019-08-15 16:33:56 - [TEST_STEP][PASSED] - println("GlobalVariable.M4_spin_total_bonus_win_this_round is: " + M4_spin_total_bonus_win_this_round): null

2019-08-15 16:33:56 - [MESSAGE][PASSED] - Verify response successfully

2019-08-15 16:33:56 - [MESSAGE][PASSED] - Send request and verify the response successfully

2019-08-15 16:33:56 - [TEST_STEP][PASSED] - if (M4_total_bonus_spins_int != 0 &amp;&amp; M4_spin_reels_symbols[2].contains("WILD_Normal") || M4_spin_reels_symbols[3].contains("WILD_Normal") || M4_spin_reels_symbols[4].contains("WILD_Normal")): null

2019-08-15 16:33:56 - [TEST_STEP][PASSED] - free_spin_reel_counter = free_spin_reel_counter: null

2019-08-15 16:33:56 - [TEST_STEP][PASSED] - M4_spin_reels_symbols = M4_spin_reels_symbols: null

2019-08-15 16:33:56 - [TEST_STEP][PASSED] - M4_total_bonus_spins = M4_total_bonus_spins: null

2019-08-15 16:33:56 - [TEST_STEP][PASSED] - spin_result = sendRequestAndVerify(findTestObject("STG/RGS(M4)/1_M4_spin", ["M4_login_user_id":M4_login_user_id, "rgs_session_token":rgs_session_token, "partner":Partner])): Send request and verify the response successfully

2019-08-15 16:33:56 - [TEST_CASE][PASSED] - Start Test Case : Verification: Verification accomplished successfully

2019-08-15 16:33:56 - [TEST_STEP][PASSED] - request = getInstance().getCurrentRequest(): null

2019-08-15 16:33:56 - [TEST_STEP][PASSED] - response = getInstance().getCurrentResponse(): null

2019-08-15 16:33:56 - [TEST_STEP][PASSED] - verifyResponseStatusCode(response, 200): Verify response status code successfully

2019-08-15 16:33:56 - [MESSAGE][PASSED] - Verify response status code successfully

2019-08-15 16:33:56 - [TEST_STEP][PASSED] - getStatusCode()).isEqualTo(200): null

2019-08-15 16:33:56 - [TEST_STEP][PASSED] - newline = System.getProperty("line.separator"): null

2019-08-15 16:33:56 - [TEST_STEP][PASSED] - M4_spin = new groovy.json.JsonSlurper(): null

2019-08-15 16:33:56 - [TEST_STEP][PASSED] - result_M4_spin = M4_spin.parseText(response.getResponseBodyContent()): null

2019-08-15 16:33:56 - [TEST_STEP][PASSED] - M4_spin_current_balance = current_balance: null

2019-08-15 16:33:56 - [TEST_STEP][PASSED] - M4_spin_current_balance = M4_spin_current_balance: null

2019-08-15 16:33:56 - [TEST_STEP][PASSED] - M4_spin_transaction_id = causality: null

2019-08-15 16:33:56 - [TEST_STEP][PASSED] - M4_spin_transaction_id = M4_spin_transaction_id: null

2019-08-15 16:33:56 - [TEST_STEP][PASSED] - M4_spin_round_id = round_id: null

2019-08-15 16:33:56 - [TEST_STEP][PASSED] - M4_spin_round_id = M4_spin_round_id: null

2019-08-15 16:33:56 - [TEST_STEP][PASSED] - M4_spin_line_wins = line_wins: null

2019-08-15 16:33:56 - [TEST_STEP][PASSED] - M4_spin_line_wins = M4_spin_line_wins: null

2019-08-15 16:33:56 - [TEST_STEP][PASSED] - M4_total_bonus_spins_int = total_bonus_spins: null

2019-08-15 16:33:56 - [TEST_STEP][PASSED] - println("******M4_total_bonus_spins type is:*******" + newline + getClass().getName()): null

2019-08-15 16:33:56 - [TEST_STEP][PASSED] - M4_total_bonus_spins_int = M4_total_bonus_spins_int: null

2019-08-15 16:33:56 - [TEST_STEP][PASSED] - M4_total_bonus_spins = Integer.toString(M4_total_bonus_spins_int): null

2019-08-15 16:33:56 - [TEST_STEP][PASSED] - M4_total_bonus_spins = M4_total_bonus_spins: null

2019-08-15 16:33:56 - [TEST_STEP][PASSED] - println("M4_total_bonus_spins is:" + M4_total_bonus_spins): null

2019-08-15 16:33:56 - [TEST_STEP][PASSED] - M4_spin_bonus_data = bonus_data: null

2019-08-15 16:33:56 - [TEST_STEP][PASSED] - M4_spin_features_triggered = result_M4_spin: null

2019-08-15 16:33:56 - [TEST_STEP][PASSED] - wild = []: null

2019-08-15 16:33:56 - [TEST_STEP][PASSED] - wild[0] = "WILD_Expanding": null

2019-08-15 16:33:56 - [TEST_STEP][PASSED] - wild[1] = "WILD_Normal": null

2019-08-15 16:33:56 - [TEST_STEP][PASSED] - wild[2] = "WILD_Double": null

2019-08-15 16:33:56 - [TEST_STEP][PASSED] - wild[3] = "WILD_ExtraFG": null

2019-08-15 16:33:56 - [TEST_STEP][PASSED] - wild[4] = "WILD_Triple": null

2019-08-15 16:33:56 - [TEST_STEP][PASSED] - wildList = Arrays.asList(wild): null

2019-08-15 16:33:56 - [TEST_STEP][PASSED] - wildList = wildList: null

2019-08-15 16:33:56 - [TEST_STEP][PASSED] - free_spin_reel_counter = []: null

2019-08-15 16:33:56 - [TEST_STEP][PASSED] - free_spin_reel_counter[0] = 0: null

2019-08-15 16:33:56 - [TEST_STEP][PASSED] - free_spin_reel_counter[1] = 0: null

2019-08-15 16:33:56 - [TEST_STEP][PASSED] - free_spin_reel_counter[2] = 0: null

2019-08-15 16:33:56 - [TEST_STEP][PASSED] - M4_spin_reels = reels: null

2019-08-15 16:33:56 - [TEST_STEP][PASSED] - for ([i = 0, i &lt; M4_spin_reels.size(), (i++)]): null

2019-08-15 16:33:56 - [TEST_STEP][PASSED] - symbols = symbols: null

2019-08-15 16:33:56 - [TEST_STEP][PASSED] - for ([j = 0, j &lt; symbols.size(), (j++)]): null

2019-08-15 16:33:56 - [TEST_STEP][PASSED] - symbol = symbol: null

2019-08-15 16:33:56 - [TEST_STEP][PASSED] - println(symbol): null

2019-08-15 16:33:56 - [TEST_STEP][PASSED] - if (i == 2 &amp;&amp; wildList.indexOf(symbol) != -1): null

2019-08-15 16:33:56 - [TEST_STEP][PASSED] - if (i == 3 &amp;&amp; wildList.indexOf(symbol) != -1): null

2019-08-15 16:33:56 - [TEST_STEP][PASSED] - if (i == 4 &amp;&amp; wildList.indexOf(symbol) != -1): null

2019-08-15 16:33:56 - [TEST_STEP][PASSED] - symbol = symbol: null

2019-08-15 16:33:56 - [TEST_STEP][PASSED] - println(symbol): null

2019-08-15 16:33:56 - [TEST_STEP][PASSED] - if (i == 2 &amp;&amp; wildList.indexOf(symbol) != -1): null

2019-08-15 16:33:56 - [TEST_STEP][PASSED] - if (i == 3 &amp;&amp; wildList.indexOf(symbol) != -1): null

2019-08-15 16:33:56 - [TEST_STEP][PASSED] - if (i == 4 &amp;&amp; wildList.indexOf(symbol) != -1): null

2019-08-15 16:33:56 - [TEST_STEP][PASSED] - symbol = symbol: null

2019-08-15 16:33:56 - [TEST_STEP][PASSED] - println(symbol): null

2019-08-15 16:33:56 - [TEST_STEP][PASSED] - if (i == 2 &amp;&amp; wildList.indexOf(symbol) != -1): null

2019-08-15 16:33:56 - [TEST_STEP][PASSED] - if (i == 3 &amp;&amp; wildList.indexOf(symbol) != -1): null

2019-08-15 16:33:56 - [TEST_STEP][PASSED] - if (i == 4 &amp;&amp; wildList.indexOf(symbol) != -1): null

2019-08-15 16:33:56 - [TEST_STEP][PASSED] - symbols = symbols: null

2019-08-15 16:33:56 - [TEST_STEP][PASSED] - for ([j = 0, j &lt; symbols.size(), (j++)]): null

2019-08-15 16:33:56 - [TEST_STEP][PASSED] - symbol = symbol: null

2019-08-15 16:33:56 - [TEST_STEP][PASSED] - println(symbol): null

2019-08-15 16:33:56 - [TEST_STEP][PASSED] - if (i == 2 &amp;&amp; wildList.indexOf(symbol) != -1): null

2019-08-15 16:33:56 - [TEST_STEP][PASSED] - if (i == 3 &amp;&amp; wildList.indexOf(symbol) != -1): null

2019-08-15 16:33:56 - [TEST_STEP][PASSED] - if (i == 4 &amp;&amp; wildList.indexOf(symbol) != -1): null

2019-08-15 16:33:56 - [TEST_STEP][PASSED] - symbol = symbol: null

2019-08-15 16:33:56 - [TEST_STEP][PASSED] - println(symbol): null

2019-08-15 16:33:56 - [TEST_STEP][PASSED] - if (i == 2 &amp;&amp; wildList.indexOf(symbol) != -1): null

2019-08-15 16:33:56 - [TEST_STEP][PASSED] - if (i == 3 &amp;&amp; wildList.indexOf(symbol) != -1): null

2019-08-15 16:33:56 - [TEST_STEP][PASSED] - if (i == 4 &amp;&amp; wildList.indexOf(symbol) != -1): null

2019-08-15 16:33:56 - [TEST_STEP][PASSED] - symbol = symbol: null

2019-08-15 16:33:56 - [TEST_STEP][PASSED] - println(symbol): null

2019-08-15 16:33:56 - [TEST_STEP][PASSED] - if (i == 2 &amp;&amp; wildList.indexOf(symbol) != -1): null

2019-08-15 16:33:56 - [TEST_STEP][PASSED] - if (i == 3 &amp;&amp; wildList.indexOf(symbol) != -1): null

2019-08-15 16:33:56 - [TEST_STEP][PASSED] - if (i == 4 &amp;&amp; wildList.indexOf(symbol) != -1): null

2019-08-15 16:33:56 - [TEST_STEP][PASSED] - symbols = symbols: null

2019-08-15 16:33:56 - [TEST_STEP][PASSED] - for ([j = 0, j &lt; symbols.size(), (j++)]): null

2019-08-15 16:33:56 - [TEST_STEP][PASSED] - symbol = symbol: null

2019-08-15 16:33:56 - [TEST_STEP][PASSED] - println(symbol): null

2019-08-15 16:33:56 - [TEST_STEP][PASSED] - if (i == 2 &amp;&amp; wildList.indexOf(symbol) != -1): null

2019-08-15 16:33:56 - [TEST_STEP][PASSED] - if (i == 3 &amp;&amp; wildList.indexOf(symbol) != -1): null

2019-08-15 16:33:56 - [TEST_STEP][PASSED] - if (i == 4 &amp;&amp; wildList.indexOf(symbol) != -1): null

2019-08-15 16:33:56 - [TEST_STEP][PASSED] - symbol = symbol: null

2019-08-15 16:33:56 - [TEST_STEP][PASSED] - println(symbol): null

2019-08-15 16:33:56 - [TEST_STEP][PASSED] - if (i == 2 &amp;&amp; wildList.indexOf(symbol) != -1): null

2019-08-15 16:33:56 - [TEST_STEP][PASSED] - if (i == 3 &amp;&amp; wildList.indexOf(symbol) != -1): null

2019-08-15 16:33:56 - [TEST_STEP][PASSED] - if (i == 4 &amp;&amp; wildList.indexOf(symbol) != -1): null

2019-08-15 16:33:56 - [TEST_STEP][PASSED] - symbol = symbol: null

2019-08-15 16:33:56 - [TEST_STEP][PASSED] - println(symbol): null

2019-08-15 16:33:56 - [TEST_STEP][PASSED] - if (i == 2 &amp;&amp; wildList.indexOf(symbol) != -1): null

2019-08-15 16:33:56 - [TEST_STEP][PASSED] - if (i == 3 &amp;&amp; wildList.indexOf(symbol) != -1): null

2019-08-15 16:33:56 - [TEST_STEP][PASSED] - if (i == 4 &amp;&amp; wildList.indexOf(symbol) != -1): null

2019-08-15 16:33:56 - [TEST_STEP][PASSED] - symbols = symbols: null

2019-08-15 16:33:56 - [TEST_STEP][PASSED] - for ([j = 0, j &lt; symbols.size(), (j++)]): null

2019-08-15 16:33:56 - [TEST_STEP][PASSED] - symbol = symbol: null

2019-08-15 16:33:56 - [TEST_STEP][PASSED] - println(symbol): null

2019-08-15 16:33:56 - [TEST_STEP][PASSED] - if (i == 2 &amp;&amp; wildList.indexOf(symbol) != -1): null

2019-08-15 16:33:56 - [TEST_STEP][PASSED] - if (i == 3 &amp;&amp; wildList.indexOf(symbol) != -1): null

2019-08-15 16:33:56 - [TEST_STEP][PASSED] - if (i == 4 &amp;&amp; wildList.indexOf(symbol) != -1): null

2019-08-15 16:33:56 - [TEST_STEP][PASSED] - symbol = symbol: null

2019-08-15 16:33:56 - [TEST_STEP][PASSED] - println(symbol): null

2019-08-15 16:33:56 - [TEST_STEP][PASSED] - if (i == 2 &amp;&amp; wildList.indexOf(symbol) != -1): null

2019-08-15 16:33:56 - [TEST_STEP][PASSED] - if (i == 3 &amp;&amp; wildList.indexOf(symbol) != -1): null

2019-08-15 16:33:56 - [TEST_STEP][PASSED] - if (i == 4 &amp;&amp; wildList.indexOf(symbol) != -1): null

2019-08-15 16:33:56 - [TEST_STEP][PASSED] - symbol = symbol: null

2019-08-15 16:33:56 - [TEST_STEP][PASSED] - println(symbol): null

2019-08-15 16:33:56 - [TEST_STEP][PASSED] - if (i == 2 &amp;&amp; wildList.indexOf(symbol) != -1): null

2019-08-15 16:33:56 - [TEST_STEP][PASSED] - if (i == 3 &amp;&amp; wildList.indexOf(symbol) != -1): null

2019-08-15 16:33:56 - [TEST_STEP][PASSED] - if (i == 4 &amp;&amp; wildList.indexOf(symbol) != -1): null

2019-08-15 16:33:56 - [TEST_STEP][PASSED] - symbols = symbols: null

2019-08-15 16:33:56 - [TEST_STEP][PASSED] - for ([j = 0, j &lt; symbols.size(), (j++)]): null

2019-08-15 16:33:56 - [TEST_STEP][PASSED] - symbol = symbol: null

2019-08-15 16:33:56 - [TEST_STEP][PASSED] - println(symbol): null

2019-08-15 16:33:56 - [TEST_STEP][PASSED] - if (i == 2 &amp;&amp; wildList.indexOf(symbol) != -1): null

2019-08-15 16:33:56 - [TEST_STEP][PASSED] - if (i == 3 &amp;&amp; wildList.indexOf(symbol) != -1): null

2019-08-15 16:33:56 - [TEST_STEP][PASSED] - if (i == 4 &amp;&amp; wildList.indexOf(symbol) != -1): null

2019-08-15 16:33:56 - [TEST_STEP][PASSED] - symbol = symbol: null

2019-08-15 16:33:56 - [TEST_STEP][PASSED] - println(symbol): null

2019-08-15 16:33:56 - [TEST_STEP][PASSED] - if (i == 2 &amp;&amp; wildList.indexOf(symbol) != -1): null

2019-08-15 16:33:56 - [TEST_STEP][PASSED] - if (i == 3 &amp;&amp; wildList.indexOf(symbol) != -1): null

2019-08-15 16:33:56 - [TEST_STEP][PASSED] - if (i == 4 &amp;&amp; wildList.indexOf(symbol) != -1): null

2019-08-15 16:33:56 - [TEST_STEP][PASSED] - symbol = symbol: null

2019-08-15 16:33:56 - [TEST_STEP][PASSED] - println(symbol): null

2019-08-15 16:33:56 - [TEST_STEP][PASSED] - if (i == 2 &amp;&amp; wildList.indexOf(symbol) != -1): null

2019-08-15 16:33:56 - [TEST_STEP][PASSED] - if (i == 3 &amp;&amp; wildList.indexOf(symbol) != -1): null

2019-08-15 16:33:56 - [TEST_STEP][PASSED] - if (i == 4 &amp;&amp; wildList.indexOf(symbol) != -1): null

2019-08-15 16:33:56 - [TEST_STEP][PASSED] - free_spin_reel_counter = free_spin_reel_counter: null

2019-08-15 16:33:56 - [TEST_STEP][PASSED] - println("reel 3 wild found: " + free_spin_reel_counter[0]): null

2019-08-15 16:33:56 - [TEST_STEP][PASSED] - println("reel 4 wild found: " + free_spin_reel_counter[1]): null

2019-08-15 16:33:56 - [TEST_STEP][PASSED] - println("reel 5 wild found: " + free_spin_reel_counter[2]): null

2019-08-15 16:33:56 - [TEST_STEP][PASSED] - M4_spin_reels = M4_spin_reels: null

2019-08-15 16:33:56 - [TEST_STEP][PASSED] - M4_spin_reels_symbols = symbol: null

2019-08-15 16:33:56 - [TEST_STEP][PASSED] - M4_spin_reels_symbols = M4_spin_reels_symbols: null

2019-08-15 16:33:56 - [TEST_STEP][PASSED] - M4_spin_reel_wins = reel_wins: null

2019-08-15 16:33:56 - [TEST_STEP][PASSED] - M4_spin_reel_wins = M4_spin_reel_wins: null

2019-08-15 16:33:56 - [TEST_STEP][PASSED] - println("GlobalVariable.M4_spin_reel_wins is: " + M4_spin_reel_wins): null

2019-08-15 16:33:56 - [TEST_STEP][PASSED] - M4_spin_total_bonus_win_this_round = total_bonus_win_this_round: null

2019-08-15 16:33:56 - [TEST_STEP][PASSED] - M4_spin_total_bonus_win_this_round = M4_spin_total_bonus_win_this_round: null

2019-08-15 16:33:56 - [TEST_STEP][PASSED] - println("GlobalVariable.M4_spin_total_bonus_win_this_round is: " + M4_spin_total_bonus_win_this_round): null

2019-08-15 16:33:56 - [MESSAGE][PASSED] - Verify response successfully

2019-08-15 16:33:56 - [MESSAGE][PASSED] - Send request and verify the response successfully

2019-08-15 16:33:56 - [TEST_STEP][PASSED] - if (M4_total_bonus_spins_int != 0 &amp;&amp; M4_spin_reels_symbols[2].contains("WILD_Normal") || M4_spin_reels_symbols[3].contains("WILD_Normal") || M4_spin_reels_symbols[4].contains("WILD_Normal")): null

2019-08-15 16:33:56 - [TEST_STEP][PASSED] - free_spin_reel_counter = free_spin_reel_counter: null

2019-08-15 16:33:56 - [TEST_STEP][PASSED] - M4_spin_reels_symbols = M4_spin_reels_symbols: null

2019-08-15 16:33:56 - [TEST_STEP][PASSED] - M4_total_bonus_spins = M4_total_bonus_spins: null

2019-08-15 16:33:56 - [TEST_STEP][PASSED] - spin_result = sendRequestAndVerify(findTestObject("STG/RGS(M4)/1_M4_spin", ["M4_login_user_id":M4_login_user_id, "rgs_session_token":rgs_session_token, "partner":Partner])): Send request and verify the response successfully

2019-08-15 16:33:57 - [TEST_CASE][PASSED] - Start Test Case : Verification: Verification accomplished successfully

2019-08-15 16:33:57 - [TEST_STEP][PASSED] - request = getInstance().getCurrentRequest(): null

2019-08-15 16:33:57 - [TEST_STEP][PASSED] - response = getInstance().getCurrentResponse(): null

2019-08-15 16:33:57 - [TEST_STEP][PASSED] - verifyResponseStatusCode(response, 200): Verify response status code successfully

2019-08-15 16:33:57 - [MESSAGE][PASSED] - Verify response status code successfully

2019-08-15 16:33:57 - [TEST_STEP][PASSED] - getStatusCode()).isEqualTo(200): null

2019-08-15 16:33:57 - [TEST_STEP][PASSED] - newline = System.getProperty("line.separator"): null

2019-08-15 16:33:57 - [TEST_STEP][PASSED] - M4_spin = new groovy.json.JsonSlurper(): null

2019-08-15 16:33:57 - [TEST_STEP][PASSED] - result_M4_spin = M4_spin.parseText(response.getResponseBodyContent()): null

2019-08-15 16:33:57 - [TEST_STEP][PASSED] - M4_spin_current_balance = current_balance: null

2019-08-15 16:33:57 - [TEST_STEP][PASSED] - M4_spin_current_balance = M4_spin_current_balance: null

2019-08-15 16:33:57 - [TEST_STEP][PASSED] - M4_spin_transaction_id = causality: null

2019-08-15 16:33:57 - [TEST_STEP][PASSED] - M4_spin_transaction_id = M4_spin_transaction_id: null

2019-08-15 16:33:57 - [TEST_STEP][PASSED] - M4_spin_round_id = round_id: null

2019-08-15 16:33:57 - [TEST_STEP][PASSED] - M4_spin_round_id = M4_spin_round_id: null

2019-08-15 16:33:57 - [TEST_STEP][PASSED] - M4_spin_line_wins = line_wins: null

2019-08-15 16:33:57 - [TEST_STEP][PASSED] - M4_spin_line_wins = M4_spin_line_wins: null

2019-08-15 16:33:57 - [TEST_STEP][PASSED] - M4_total_bonus_spins_int = total_bonus_spins: null

2019-08-15 16:33:57 - [TEST_STEP][PASSED] - println("******M4_total_bonus_spins type is:*******" + newline + getClass().getName()): null

2019-08-15 16:33:57 - [TEST_STEP][PASSED] - M4_total_bonus_spins_int = M4_total_bonus_spins_int: null

2019-08-15 16:33:57 - [TEST_STEP][PASSED] - M4_total_bonus_spins = Integer.toString(M4_total_bonus_spins_int): null

2019-08-15 16:33:57 - [TEST_STEP][PASSED] - M4_total_bonus_spins = M4_total_bonus_spins: null

2019-08-15 16:33:57 - [TEST_STEP][PASSED] - println("M4_total_bonus_spins is:" + M4_total_bonus_spins): null

2019-08-15 16:33:57 - [TEST_STEP][PASSED] - M4_spin_bonus_data = bonus_data: null

2019-08-15 16:34:01 - [TEST_STEP][PASSED] - M4_spin_features_triggered = result_M4_spin: null

2019-08-15 16:34:01 - [TEST_STEP][PASSED] - wild = []: null

2019-08-15 16:34:01 - [TEST_STEP][PASSED] - wild[0] = "WILD_Expanding": null

2019-08-15 16:34:01 - [TEST_STEP][PASSED] - wild[1] = "WILD_Normal": null

2019-08-15 16:34:01 - [TEST_STEP][PASSED] - wild[2] = "WILD_Double": null

2019-08-15 16:34:01 - [TEST_STEP][PASSED] - wild[3] = "WILD_ExtraFG": null

2019-08-15 16:34:01 - [TEST_STEP][PASSED] - wild[4] = "WILD_Triple": null

2019-08-15 16:34:01 - [TEST_STEP][PASSED] - wildList = Arrays.asList(wild): null

2019-08-15 16:34:01 - [TEST_STEP][PASSED] - wildList = wildList: null

2019-08-15 16:34:01 - [TEST_STEP][PASSED] - free_spin_reel_counter = []: null

2019-08-15 16:34:05 - [TEST_STEP][PASSED] - free_spin_reel_counter[0] = 0: null

2019-08-15 16:34:05 - [TEST_STEP][PASSED] - free_spin_reel_counter[1] = 0: null

2019-08-15 16:34:05 - [TEST_STEP][PASSED] - free_spin_reel_counter[2] = 0: null

2019-08-15 16:34:05 - [TEST_STEP][PASSED] - M4_spin_reels = reels: null

2019-08-15 16:34:05 - [TEST_STEP][PASSED] - for ([i = 0, i &lt; M4_spin_reels.size(), (i++)]): null

2019-08-15 16:34:05 - [TEST_STEP][PASSED] - symbols = symbols: null

2019-08-15 16:34:05 - [TEST_STEP][PASSED] - for ([j = 0, j &lt; symbols.size(), (j++)]): null

2019-08-15 16:34:05 - [TEST_STEP][PASSED] - symbol = symbol: null

2019-08-15 16:34:05 - [TEST_STEP][PASSED] - println(symbol): null

2019-08-15 16:34:05 - [TEST_STEP][PASSED] - if (i == 2 &amp;&amp; wildList.indexOf(symbol) != -1): null

2019-08-15 16:34:05 - [TEST_STEP][PASSED] - if (i == 3 &amp;&amp; wildList.indexOf(symbol) != -1): null

2019-08-15 16:34:05 - [TEST_STEP][PASSED] - if (i == 4 &amp;&amp; wildList.indexOf(symbol) != -1): null

2019-08-15 16:34:05 - [TEST_STEP][PASSED] - symbol = symbol: null

2019-08-15 16:34:05 - [TEST_STEP][PASSED] - println(symbol): null

2019-08-15 16:34:05 - [TEST_STEP][PASSED] - if (i == 2 &amp;&amp; wildList.indexOf(symbol) != -1): null

2019-08-15 16:34:05 - [TEST_STEP][PASSED] - if (i == 3 &amp;&amp; wildList.indexOf(symbol) != -1): null

2019-08-15 16:34:05 - [TEST_STEP][PASSED] - if (i == 4 &amp;&amp; wildList.indexOf(symbol) != -1): null

2019-08-15 16:34:05 - [TEST_STEP][PASSED] - symbol = symbol: null

2019-08-15 16:34:05 - [TEST_STEP][PASSED] - println(symbol): null

2019-08-15 16:34:05 - [TEST_STEP][PASSED] - if (i == 2 &amp;&amp; wildList.indexOf(symbol) != -1): null

2019-08-15 16:34:05 - [TEST_STEP][PASSED] - if (i == 3 &amp;&amp; wildList.indexOf(symbol) != -1): null

2019-08-15 16:34:05 - [TEST_STEP][PASSED] - if (i == 4 &amp;&amp; wildList.indexOf(symbol) != -1): null

2019-08-15 16:34:05 - [TEST_STEP][PASSED] - symbols = symbols: null

2019-08-15 16:34:05 - [TEST_STEP][PASSED] - for ([j = 0, j &lt; symbols.size(), (j++)]): null

2019-08-15 16:34:05 - [TEST_STEP][PASSED] - symbol = symbol: null

2019-08-15 16:34:05 - [TEST_STEP][PASSED] - println(symbol): null

2019-08-15 16:34:05 - [TEST_STEP][PASSED] - if (i == 2 &amp;&amp; wildList.indexOf(symbol) != -1): null

2019-08-15 16:34:05 - [TEST_STEP][PASSED] - if (i == 3 &amp;&amp; wildList.indexOf(symbol) != -1): null

2019-08-15 16:34:05 - [TEST_STEP][PASSED] - if (i == 4 &amp;&amp; wildList.indexOf(symbol) != -1): null

2019-08-15 16:34:05 - [TEST_STEP][PASSED] - symbol = symbol: null

2019-08-15 16:34:05 - [TEST_STEP][PASSED] - println(symbol): null

2019-08-15 16:34:05 - [TEST_STEP][PASSED] - if (i == 2 &amp;&amp; wildList.indexOf(symbol) != -1): null

2019-08-15 16:34:05 - [TEST_STEP][PASSED] - if (i == 3 &amp;&amp; wildList.indexOf(symbol) != -1): null

2019-08-15 16:34:05 - [TEST_STEP][PASSED] - if (i == 4 &amp;&amp; wildList.indexOf(symbol) != -1): null

2019-08-15 16:34:05 - [TEST_STEP][PASSED] - symbol = symbol: null

2019-08-15 16:34:05 - [TEST_STEP][PASSED] - println(symbol): null

2019-08-15 16:34:05 - [TEST_STEP][PASSED] - if (i == 2 &amp;&amp; wildList.indexOf(symbol) != -1): null

2019-08-15 16:34:05 - [TEST_STEP][PASSED] - if (i == 3 &amp;&amp; wildList.indexOf(symbol) != -1): null

2019-08-15 16:34:05 - [TEST_STEP][PASSED] - if (i == 4 &amp;&amp; wildList.indexOf(symbol) != -1): null

2019-08-15 16:34:05 - [TEST_STEP][PASSED] - symbols = symbols: null

2019-08-15 16:34:05 - [TEST_STEP][PASSED] - for ([j = 0, j &lt; symbols.size(), (j++)]): null

2019-08-15 16:34:05 - [TEST_STEP][PASSED] - symbol = symbol: null

2019-08-15 16:34:05 - [TEST_STEP][PASSED] - println(symbol): null

2019-08-15 16:34:05 - [TEST_STEP][PASSED] - if (i == 2 &amp;&amp; wildList.indexOf(symbol) != -1): null

2019-08-15 16:34:05 - [TEST_STEP][PASSED] - if (i == 3 &amp;&amp; wildList.indexOf(symbol) != -1): null

2019-08-15 16:34:05 - [TEST_STEP][PASSED] - if (i == 4 &amp;&amp; wildList.indexOf(symbol) != -1): null

2019-08-15 16:34:05 - [TEST_STEP][PASSED] - symbol = symbol: null

2019-08-15 16:34:05 - [TEST_STEP][PASSED] - println(symbol): null

2019-08-15 16:34:05 - [TEST_STEP][PASSED] - if (i == 2 &amp;&amp; wildList.indexOf(symbol) != -1): null

2019-08-15 16:34:05 - [TEST_STEP][PASSED] - if (i == 3 &amp;&amp; wildList.indexOf(symbol) != -1): null

2019-08-15 16:34:05 - [TEST_STEP][PASSED] - if (i == 4 &amp;&amp; wildList.indexOf(symbol) != -1): null

2019-08-15 16:34:05 - [TEST_STEP][PASSED] - symbol = symbol: null

2019-08-15 16:34:05 - [TEST_STEP][PASSED] - println(symbol): null

2019-08-15 16:34:05 - [TEST_STEP][PASSED] - if (i == 2 &amp;&amp; wildList.indexOf(symbol) != -1): null

2019-08-15 16:34:05 - [TEST_STEP][PASSED] - if (i == 3 &amp;&amp; wildList.indexOf(symbol) != -1): null

2019-08-15 16:34:05 - [TEST_STEP][PASSED] - if (i == 4 &amp;&amp; wildList.indexOf(symbol) != -1): null

2019-08-15 16:34:05 - [TEST_STEP][PASSED] - symbols = symbols: null

2019-08-15 16:34:05 - [TEST_STEP][PASSED] - for ([j = 0, j &lt; symbols.size(), (j++)]): null

2019-08-15 16:34:05 - [TEST_STEP][PASSED] - symbol = symbol: null

2019-08-15 16:34:05 - [TEST_STEP][PASSED] - println(symbol): null

2019-08-15 16:34:05 - [TEST_STEP][PASSED] - if (i == 2 &amp;&amp; wildList.indexOf(symbol) != -1): null

2019-08-15 16:34:05 - [TEST_STEP][PASSED] - if (i == 3 &amp;&amp; wildList.indexOf(symbol) != -1): null

2019-08-15 16:34:05 - [TEST_STEP][PASSED] - if (i == 4 &amp;&amp; wildList.indexOf(symbol) != -1): null

2019-08-15 16:34:05 - [TEST_STEP][PASSED] - symbol = symbol: null

2019-08-15 16:34:05 - [TEST_STEP][PASSED] - println(symbol): null

2019-08-15 16:34:05 - [TEST_STEP][PASSED] - if (i == 2 &amp;&amp; wildList.indexOf(symbol) != -1): null

2019-08-15 16:34:05 - [TEST_STEP][PASSED] - if (i == 3 &amp;&amp; wildList.indexOf(symbol) != -1): null

2019-08-15 16:34:05 - [TEST_STEP][PASSED] - println("wild found on reel 4, adding counter by 1"): null

2019-08-15 16:34:05 - [TEST_STEP][PASSED] - free_spin_reel_counter[1] = free_spin_reel_counter[1] + 1: null

2019-08-15 16:34:05 - [TEST_STEP][PASSED] - if (i == 4 &amp;&amp; wildList.indexOf(symbol) != -1): null

2019-08-15 16:34:05 - [TEST_STEP][PASSED] - symbol = symbol: null

2019-08-15 16:34:05 - [TEST_STEP][PASSED] - println(symbol): null

2019-08-15 16:34:05 - [TEST_STEP][PASSED] - if (i == 2 &amp;&amp; wildList.indexOf(symbol) != -1): null

2019-08-15 16:34:05 - [TEST_STEP][PASSED] - if (i == 3 &amp;&amp; wildList.indexOf(symbol) != -1): null

2019-08-15 16:34:05 - [TEST_STEP][PASSED] - if (i == 4 &amp;&amp; wildList.indexOf(symbol) != -1): null

2019-08-15 16:34:05 - [TEST_STEP][PASSED] - symbols = symbols: null

2019-08-15 16:34:05 - [TEST_STEP][PASSED] - for ([j = 0, j &lt; symbols.size(), (j++)]): null

2019-08-15 16:34:05 - [TEST_STEP][PASSED] - symbol = symbol: null

2019-08-15 16:34:05 - [TEST_STEP][PASSED] - println(symbol): null

2019-08-15 16:34:05 - [TEST_STEP][PASSED] - if (i == 2 &amp;&amp; wildList.indexOf(symbol) != -1): null

2019-08-15 16:34:05 - [TEST_STEP][PASSED] - if (i == 3 &amp;&amp; wildList.indexOf(symbol) != -1): null

2019-08-15 16:34:05 - [TEST_STEP][PASSED] - if (i == 4 &amp;&amp; wildList.indexOf(symbol) != -1): null

2019-08-15 16:34:05 - [TEST_STEP][PASSED] - symbol = symbol: null

2019-08-15 16:34:05 - [TEST_STEP][PASSED] - println(symbol): null

2019-08-15 16:34:05 - [TEST_STEP][PASSED] - if (i == 2 &amp;&amp; wildList.indexOf(symbol) != -1): null

2019-08-15 16:34:05 - [TEST_STEP][PASSED] - if (i == 3 &amp;&amp; wildList.indexOf(symbol) != -1): null

2019-08-15 16:34:05 - [TEST_STEP][PASSED] - if (i == 4 &amp;&amp; wildList.indexOf(symbol) != -1): null

2019-08-15 16:34:05 - [TEST_STEP][PASSED] - symbol = symbol: null

2019-08-15 16:34:05 - [TEST_STEP][PASSED] - println(symbol): null

2019-08-15 16:34:05 - [TEST_STEP][PASSED] - if (i == 2 &amp;&amp; wildList.indexOf(symbol) != -1): null

2019-08-15 16:34:05 - [TEST_STEP][PASSED] - if (i == 3 &amp;&amp; wildList.indexOf(symbol) != -1): null

2019-08-15 16:34:05 - [TEST_STEP][PASSED] - if (i == 4 &amp;&amp; wildList.indexOf(symbol) != -1): null

2019-08-15 16:34:05 - [TEST_STEP][PASSED] - free_spin_reel_counter = free_spin_reel_counter: null

2019-08-15 16:34:05 - [TEST_STEP][PASSED] - println("reel 3 wild found: " + free_spin_reel_counter[0]): null

2019-08-15 16:34:05 - [TEST_STEP][PASSED] - println("reel 4 wild found: " + free_spin_reel_counter[1]): null

2019-08-15 16:34:05 - [TEST_STEP][PASSED] - println("reel 5 wild found: " + free_spin_reel_counter[2]): null

2019-08-15 16:34:05 - [TEST_STEP][PASSED] - M4_spin_reels = M4_spin_reels: null

2019-08-15 16:34:05 - [TEST_STEP][PASSED] - M4_spin_reels_symbols = symbol: null

2019-08-15 16:34:05 - [TEST_STEP][PASSED] - M4_spin_reels_symbols = M4_spin_reels_symbols: null

2019-08-15 16:34:05 - [TEST_STEP][PASSED] - M4_spin_reel_wins = reel_wins: null

2019-08-15 16:34:05 - [TEST_STEP][PASSED] - M4_spin_reel_wins = M4_spin_reel_wins: null

2019-08-15 16:34:05 - [TEST_STEP][PASSED] - println("GlobalVariable.M4_spin_reel_wins is: " + M4_spin_reel_wins): null

2019-08-15 16:34:05 - [TEST_STEP][PASSED] - M4_spin_total_bonus_win_this_round = total_bonus_win_this_round: null

2019-08-15 16:34:05 - [TEST_STEP][PASSED] - M4_spin_total_bonus_win_this_round = M4_spin_total_bonus_win_this_round: null

2019-08-15 16:34:05 - [TEST_STEP][PASSED] - println("GlobalVariable.M4_spin_total_bonus_win_this_round is: " + M4_spin_total_bonus_win_this_round): null

2019-08-15 16:34:05 - [MESSAGE][PASSED] - Verify response successfully

2019-08-15 16:34:05 - [MESSAGE][PASSED] - Send request and verify the response successfully

2019-08-15 16:34:05 - [TEST_STEP][PASSED] - if (M4_total_bonus_spins_int != 0 &amp;&amp; M4_spin_reels_symbols[2].contains("WILD_Normal") || M4_spin_reels_symbols[3].contains("WILD_Normal") || M4_spin_reels_symbols[4].contains("WILD_Normal")): null

2019-08-15 16:34:05 - [TEST_STEP][PASSED] - free_spin_reel_counter = free_spin_reel_counter: null

2019-08-15 16:34:05 - [TEST_STEP][PASSED] - M4_spin_reels_symbols = M4_spin_reels_symbols: null

2019-08-15 16:34:05 - [TEST_STEP][PASSED] - M4_total_bonus_spins = M4_total_bonus_spins: null

2019-08-15 16:34:05 - [TEST_STEP][PASSED] - spin_result = sendRequestAndVerify(findTestObject("STG/RGS(M4)/1_M4_spin", ["M4_login_user_id":M4_login_user_id, "rgs_session_token":rgs_session_token, "partner":Partner])): Send request and verify the response successfully

2019-08-15 16:34:05 - [TEST_CASE][PASSED] - Start Test Case : Verification: Verification accomplished successfully

2019-08-15 16:34:05 - [TEST_STEP][PASSED] - request = getInstance().getCurrentRequest(): null

2019-08-15 16:34:05 - [TEST_STEP][PASSED] - response = getInstance().getCurrentResponse(): null

2019-08-15 16:34:05 - [TEST_STEP][PASSED] - verifyResponseStatusCode(response, 200): Verify response status code successfully

2019-08-15 16:34:05 - [MESSAGE][PASSED] - Verify response status code successfully

2019-08-15 16:34:05 - [TEST_STEP][PASSED] - getStatusCode()).isEqualTo(200): null

2019-08-15 16:34:05 - [TEST_STEP][PASSED] - newline = System.getProperty("line.separator"): null

2019-08-15 16:34:05 - [TEST_STEP][PASSED] - M4_spin = new groovy.json.JsonSlurper(): null

2019-08-15 16:34:05 - [TEST_STEP][PASSED] - result_M4_spin = M4_spin.parseText(response.getResponseBodyContent()): null

2019-08-15 16:34:05 - [TEST_STEP][PASSED] - M4_spin_current_balance = current_balance: null

2019-08-15 16:34:05 - [TEST_STEP][PASSED] - M4_spin_current_balance = M4_spin_current_balance: null

2019-08-15 16:34:05 - [TEST_STEP][PASSED] - M4_spin_transaction_id = causality: null

2019-08-15 16:34:05 - [TEST_STEP][PASSED] - M4_spin_transaction_id = M4_spin_transaction_id: null

2019-08-15 16:34:05 - [TEST_STEP][PASSED] - M4_spin_round_id = round_id: null

2019-08-15 16:34:05 - [TEST_STEP][PASSED] - M4_spin_round_id = M4_spin_round_id: null

2019-08-15 16:34:05 - [TEST_STEP][PASSED] - M4_spin_line_wins = line_wins: null

2019-08-15 16:34:05 - [TEST_STEP][PASSED] - M4_spin_line_wins = M4_spin_line_wins: null

2019-08-15 16:34:05 - [TEST_STEP][PASSED] - M4_total_bonus_spins_int = total_bonus_spins: null

2019-08-15 16:34:05 - [TEST_STEP][PASSED] - println("******M4_total_bonus_spins type is:*******" + newline + getClass().getName()): null

2019-08-15 16:34:05 - [TEST_STEP][PASSED] - M4_total_bonus_spins_int = M4_total_bonus_spins_int: null

2019-08-15 16:34:05 - [TEST_STEP][PASSED] - M4_total_bonus_spins = Integer.toString(M4_total_bonus_spins_int): null

2019-08-15 16:34:05 - [TEST_STEP][PASSED] - M4_total_bonus_spins = M4_total_bonus_spins: null

2019-08-15 16:34:05 - [TEST_STEP][PASSED] - println("M4_total_bonus_spins is:" + M4_total_bonus_spins): null

2019-08-15 16:34:05 - [TEST_STEP][PASSED] - M4_spin_bonus_data = bonus_data: null

2019-08-15 16:34:05 - [TEST_STEP][PASSED] - M4_spin_features_triggered = result_M4_spin: null

2019-08-15 16:34:05 - [TEST_STEP][PASSED] - wild = []: null

2019-08-15 16:34:05 - [TEST_STEP][PASSED] - wild[0] = "WILD_Expanding": null

2019-08-15 16:34:05 - [TEST_STEP][PASSED] - wild[1] = "WILD_Normal": null

2019-08-15 16:34:05 - [TEST_STEP][PASSED] - wild[2] = "WILD_Double": null

2019-08-15 16:34:05 - [TEST_STEP][PASSED] - wild[3] = "WILD_ExtraFG": null

2019-08-15 16:34:05 - [TEST_STEP][PASSED] - wild[4] = "WILD_Triple": null

2019-08-15 16:34:05 - [TEST_STEP][PASSED] - wildList = Arrays.asList(wild): null

2019-08-15 16:34:05 - [TEST_STEP][PASSED] - wildList = wildList: null

2019-08-15 16:34:05 - [TEST_STEP][PASSED] - free_spin_reel_counter = []: null

2019-08-15 16:34:05 - [TEST_STEP][PASSED] - free_spin_reel_counter[0] = 0: null

2019-08-15 16:34:05 - [TEST_STEP][PASSED] - free_spin_reel_counter[1] = 0: null

2019-08-15 16:34:05 - [TEST_STEP][PASSED] - free_spin_reel_counter[2] = 0: null

2019-08-15 16:34:05 - [TEST_STEP][PASSED] - M4_spin_reels = reels: null

2019-08-15 16:34:05 - [TEST_STEP][PASSED] - for ([i = 0, i &lt; M4_spin_reels.size(), (i++)]): null

2019-08-15 16:34:05 - [TEST_STEP][PASSED] - symbols = symbols: null

2019-08-15 16:34:05 - [TEST_STEP][PASSED] - for ([j = 0, j &lt; symbols.size(), (j++)]): null

2019-08-15 16:34:05 - [TEST_STEP][PASSED] - symbol = symbol: null

2019-08-15 16:34:05 - [TEST_STEP][PASSED] - println(symbol): null

2019-08-15 16:34:05 - [TEST_STEP][PASSED] - if (i == 2 &amp;&amp; wildList.indexOf(symbol) != -1): null

2019-08-15 16:34:05 - [TEST_STEP][PASSED] - if (i == 3 &amp;&amp; wildList.indexOf(symbol) != -1): null

2019-08-15 16:34:05 - [TEST_STEP][PASSED] - if (i == 4 &amp;&amp; wildList.indexOf(symbol) != -1): null

2019-08-15 16:34:05 - [TEST_STEP][PASSED] - symbol = symbol: null

2019-08-15 16:34:05 - [TEST_STEP][PASSED] - println(symbol): null

2019-08-15 16:34:05 - [TEST_STEP][PASSED] - if (i == 2 &amp;&amp; wildList.indexOf(symbol) != -1): null

2019-08-15 16:34:05 - [TEST_STEP][PASSED] - if (i == 3 &amp;&amp; wildList.indexOf(symbol) != -1): null

2019-08-15 16:34:05 - [TEST_STEP][PASSED] - if (i == 4 &amp;&amp; wildList.indexOf(symbol) != -1): null

2019-08-15 16:34:05 - [TEST_STEP][PASSED] - symbol = symbol: null

2019-08-15 16:34:05 - [TEST_STEP][PASSED] - println(symbol): null

2019-08-15 16:34:05 - [TEST_STEP][PASSED] - if (i == 2 &amp;&amp; wildList.indexOf(symbol) != -1): null

2019-08-15 16:34:05 - [TEST_STEP][PASSED] - if (i == 3 &amp;&amp; wildList.indexOf(symbol) != -1): null

2019-08-15 16:34:05 - [TEST_STEP][PASSED] - if (i == 4 &amp;&amp; wildList.indexOf(symbol) != -1): null

2019-08-15 16:34:05 - [TEST_STEP][PASSED] - symbols = symbols: null

2019-08-15 16:34:05 - [TEST_STEP][PASSED] - for ([j = 0, j &lt; symbols.size(), (j++)]): null

2019-08-15 16:34:05 - [TEST_STEP][PASSED] - symbol = symbol: null

2019-08-15 16:34:05 - [TEST_STEP][PASSED] - println(symbol): null

2019-08-15 16:34:05 - [TEST_STEP][PASSED] - if (i == 2 &amp;&amp; wildList.indexOf(symbol) != -1): null

2019-08-15 16:34:05 - [TEST_STEP][PASSED] - if (i == 3 &amp;&amp; wildList.indexOf(symbol) != -1): null

2019-08-15 16:34:05 - [TEST_STEP][PASSED] - if (i == 4 &amp;&amp; wildList.indexOf(symbol) != -1): null

2019-08-15 16:34:05 - [TEST_STEP][PASSED] - symbol = symbol: null

2019-08-15 16:34:05 - [TEST_STEP][PASSED] - println(symbol): null

2019-08-15 16:34:05 - [TEST_STEP][PASSED] - if (i == 2 &amp;&amp; wildList.indexOf(symbol) != -1): null

2019-08-15 16:34:05 - [TEST_STEP][PASSED] - if (i == 3 &amp;&amp; wildList.indexOf(symbol) != -1): null

2019-08-15 16:34:05 - [TEST_STEP][PASSED] - if (i == 4 &amp;&amp; wildList.indexOf(symbol) != -1): null

2019-08-15 16:34:05 - [TEST_STEP][PASSED] - symbol = symbol: null

2019-08-15 16:34:05 - [TEST_STEP][PASSED] - println(symbol): null

2019-08-15 16:34:05 - [TEST_STEP][PASSED] - if (i == 2 &amp;&amp; wildList.indexOf(symbol) != -1): null

2019-08-15 16:34:05 - [TEST_STEP][PASSED] - if (i == 3 &amp;&amp; wildList.indexOf(symbol) != -1): null

2019-08-15 16:34:05 - [TEST_STEP][PASSED] - if (i == 4 &amp;&amp; wildList.indexOf(symbol) != -1): null

2019-08-15 16:34:05 - [TEST_STEP][PASSED] - symbols = symbols: null

2019-08-15 16:34:05 - [TEST_STEP][PASSED] - for ([j = 0, j &lt; symbols.size(), (j++)]): null

2019-08-15 16:34:05 - [TEST_STEP][PASSED] - symbol = symbol: null

2019-08-15 16:34:05 - [TEST_STEP][PASSED] - println(symbol): null

2019-08-15 16:34:05 - [TEST_STEP][PASSED] - if (i == 2 &amp;&amp; wildList.indexOf(symbol) != -1): null

2019-08-15 16:34:05 - [TEST_STEP][PASSED] - if (i == 3 &amp;&amp; wildList.indexOf(symbol) != -1): null

2019-08-15 16:34:05 - [TEST_STEP][PASSED] - if (i == 4 &amp;&amp; wildList.indexOf(symbol) != -1): null

2019-08-15 16:34:05 - [TEST_STEP][PASSED] - symbol = symbol: null

2019-08-15 16:34:05 - [TEST_STEP][PASSED] - println(symbol): null

2019-08-15 16:34:05 - [TEST_STEP][PASSED] - if (i == 2 &amp;&amp; wildList.indexOf(symbol) != -1): null

2019-08-15 16:34:05 - [TEST_STEP][PASSED] - if (i == 3 &amp;&amp; wildList.indexOf(symbol) != -1): null

2019-08-15 16:34:05 - [TEST_STEP][PASSED] - if (i == 4 &amp;&amp; wildList.indexOf(symbol) != -1): null

2019-08-15 16:34:05 - [TEST_STEP][PASSED] - symbol = symbol: null

2019-08-15 16:34:05 - [TEST_STEP][PASSED] - println(symbol): null

2019-08-15 16:34:05 - [TEST_STEP][PASSED] - if (i == 2 &amp;&amp; wildList.indexOf(symbol) != -1): null

2019-08-15 16:34:05 - [TEST_STEP][PASSED] - if (i == 3 &amp;&amp; wildList.indexOf(symbol) != -1): null

2019-08-15 16:34:05 - [TEST_STEP][PASSED] - if (i == 4 &amp;&amp; wildList.indexOf(symbol) != -1): null

2019-08-15 16:34:05 - [TEST_STEP][PASSED] - symbols = symbols: null

2019-08-15 16:34:05 - [TEST_STEP][PASSED] - for ([j = 0, j &lt; symbols.size(), (j++)]): null

2019-08-15 16:34:05 - [TEST_STEP][PASSED] - symbol = symbol: null

2019-08-15 16:34:05 - [TEST_STEP][PASSED] - println(symbol): null

2019-08-15 16:34:05 - [TEST_STEP][PASSED] - if (i == 2 &amp;&amp; wildList.indexOf(symbol) != -1): null

2019-08-15 16:34:05 - [TEST_STEP][PASSED] - if (i == 3 &amp;&amp; wildList.indexOf(symbol) != -1): null

2019-08-15 16:34:05 - [TEST_STEP][PASSED] - if (i == 4 &amp;&amp; wildList.indexOf(symbol) != -1): null

2019-08-15 16:34:05 - [TEST_STEP][PASSED] - symbol = symbol: null

2019-08-15 16:34:05 - [TEST_STEP][PASSED] - println(symbol): null

2019-08-15 16:34:05 - [TEST_STEP][PASSED] - if (i == 2 &amp;&amp; wildList.indexOf(symbol) != -1): null

2019-08-15 16:34:05 - [TEST_STEP][PASSED] - if (i == 3 &amp;&amp; wildList.indexOf(symbol) != -1): null

2019-08-15 16:34:05 - [TEST_STEP][PASSED] - if (i == 4 &amp;&amp; wildList.indexOf(symbol) != -1): null

2019-08-15 16:34:05 - [TEST_STEP][PASSED] - symbol = symbol: null

2019-08-15 16:34:05 - [TEST_STEP][PASSED] - println(symbol): null

2019-08-15 16:34:05 - [TEST_STEP][PASSED] - if (i == 2 &amp;&amp; wildList.indexOf(symbol) != -1): null

2019-08-15 16:34:05 - [TEST_STEP][PASSED] - if (i == 3 &amp;&amp; wildList.indexOf(symbol) != -1): null

2019-08-15 16:34:05 - [TEST_STEP][PASSED] - if (i == 4 &amp;&amp; wildList.indexOf(symbol) != -1): null

2019-08-15 16:34:05 - [TEST_STEP][PASSED] - symbols = symbols: null

2019-08-15 16:34:05 - [TEST_STEP][PASSED] - for ([j = 0, j &lt; symbols.size(), (j++)]): null

2019-08-15 16:34:05 - [TEST_STEP][PASSED] - symbol = symbol: null

2019-08-15 16:34:05 - [TEST_STEP][PASSED] - println(symbol): null

2019-08-15 16:34:05 - [TEST_STEP][PASSED] - if (i == 2 &amp;&amp; wildList.indexOf(symbol) != -1): null

2019-08-15 16:34:05 - [TEST_STEP][PASSED] - if (i == 3 &amp;&amp; wildList.indexOf(symbol) != -1): null

2019-08-15 16:34:05 - [TEST_STEP][PASSED] - if (i == 4 &amp;&amp; wildList.indexOf(symbol) != -1): null

2019-08-15 16:34:05 - [TEST_STEP][PASSED] - symbol = symbol: null

2019-08-15 16:34:05 - [TEST_STEP][PASSED] - println(symbol): null

2019-08-15 16:34:05 - [TEST_STEP][PASSED] - if (i == 2 &amp;&amp; wildList.indexOf(symbol) != -1): null

2019-08-15 16:34:05 - [TEST_STEP][PASSED] - if (i == 3 &amp;&amp; wildList.indexOf(symbol) != -1): null

2019-08-15 16:34:05 - [TEST_STEP][PASSED] - if (i == 4 &amp;&amp; wildList.indexOf(symbol) != -1): null

2019-08-15 16:34:05 - [TEST_STEP][PASSED] - println("wild found on reel 5, adding counter by 1"): null

2019-08-15 16:34:05 - [TEST_STEP][PASSED] - free_spin_reel_counter[2] = free_spin_reel_counter[2] + 1: null

2019-08-15 16:34:05 - [TEST_STEP][PASSED] - symbol = symbol: null

2019-08-15 16:34:05 - [TEST_STEP][PASSED] - println(symbol): null

2019-08-15 16:34:05 - [TEST_STEP][PASSED] - if (i == 2 &amp;&amp; wildList.indexOf(symbol) != -1): null

2019-08-15 16:34:05 - [TEST_STEP][PASSED] - if (i == 3 &amp;&amp; wildList.indexOf(symbol) != -1): null

2019-08-15 16:34:05 - [TEST_STEP][PASSED] - if (i == 4 &amp;&amp; wildList.indexOf(symbol) != -1): null

2019-08-15 16:34:05 - [TEST_STEP][PASSED] - free_spin_reel_counter = free_spin_reel_counter: null

2019-08-15 16:34:05 - [TEST_STEP][PASSED] - println("reel 3 wild found: " + free_spin_reel_counter[0]): null

2019-08-15 16:34:05 - [TEST_STEP][PASSED] - println("reel 4 wild found: " + free_spin_reel_counter[1]): null

2019-08-15 16:34:05 - [TEST_STEP][PASSED] - println("reel 5 wild found: " + free_spin_reel_counter[2]): null

2019-08-15 16:34:05 - [TEST_STEP][PASSED] - M4_spin_reels = M4_spin_reels: null

2019-08-15 16:34:05 - [TEST_STEP][PASSED] - M4_spin_reels_symbols = symbol: null

2019-08-15 16:34:05 - [TEST_STEP][PASSED] - M4_spin_reels_symbols = M4_spin_reels_symbols: null

2019-08-15 16:34:05 - [TEST_STEP][PASSED] - M4_spin_reel_wins = reel_wins: null

2019-08-15 16:34:05 - [TEST_STEP][PASSED] - M4_spin_reel_wins = M4_spin_reel_wins: null

2019-08-15 16:34:05 - [TEST_STEP][PASSED] - println("GlobalVariable.M4_spin_reel_wins is: " + M4_spin_reel_wins): null

2019-08-15 16:34:05 - [TEST_STEP][PASSED] - M4_spin_total_bonus_win_this_round = total_bonus_win_this_round: null

2019-08-15 16:34:05 - [TEST_STEP][PASSED] - M4_spin_total_bonus_win_this_round = M4_spin_total_bonus_win_this_round: null

2019-08-15 16:34:05 - [TEST_STEP][PASSED] - println("GlobalVariable.M4_spin_total_bonus_win_this_round is: " + M4_spin_total_bonus_win_this_round): null

2019-08-15 16:34:05 - [MESSAGE][PASSED] - Verify response successfully

2019-08-15 16:34:05 - [MESSAGE][PASSED] - Send request and verify the response successfully

2019-08-15 16:34:05 - [TEST_STEP][PASSED] - if (M4_total_bonus_spins_int != 0 &amp;&amp; M4_spin_reels_symbols[2].contains("WILD_Normal") || M4_spin_reels_symbols[3].contains("WILD_Normal") || M4_spin_reels_symbols[4].contains("WILD_Normal")): null

2019-08-15 16:34:05 - [TEST_STEP][PASSED] - free_spin_reel_counter = free_spin_reel_counter: null

2019-08-15 16:34:05 - [TEST_STEP][PASSED] - M4_spin_reels_symbols = M4_spin_reels_symbols: null

2019-08-15 16:34:05 - [TEST_STEP][PASSED] - M4_total_bonus_spins = M4_total_bonus_spins: null

2019-08-15 16:34:05 - [TEST_STEP][PASSED] - spin_result = sendRequestAndVerify(findTestObject("STG/RGS(M4)/1_M4_spin", ["M4_login_user_id":M4_login_user_id, "rgs_session_token":rgs_session_token, "partner":Partner])): Send request and verify the response successfully

2019-08-15 16:34:05 - [TEST_CASE][PASSED] - Start Test Case : Verification: Verification accomplished successfully

2019-08-15 16:34:05 - [TEST_STEP][PASSED] - request = getInstance().getCurrentRequest(): null

2019-08-15 16:34:06 - [TEST_STEP][PASSED] - response = getInstance().getCurrentResponse(): null

2019-08-15 16:34:06 - [TEST_STEP][PASSED] - verifyResponseStatusCode(response, 200): Verify response status code successfully

2019-08-15 16:34:06 - [MESSAGE][PASSED] - Verify response status code successfully

2019-08-15 16:34:06 - [TEST_STEP][PASSED] - getStatusCode()).isEqualTo(200): null

2019-08-15 16:34:06 - [TEST_STEP][PASSED] - newline = System.getProperty("line.separator"): null

2019-08-15 16:34:06 - [TEST_STEP][PASSED] - M4_spin = new groovy.json.JsonSlurper(): null

2019-08-15 16:34:06 - [TEST_STEP][PASSED] - result_M4_spin = M4_spin.parseText(response.getResponseBodyContent()): null

2019-08-15 16:34:06 - [TEST_STEP][PASSED] - M4_spin_current_balance = current_balance: null

2019-08-15 16:34:06 - [TEST_STEP][PASSED] - M4_spin_current_balance = M4_spin_current_balance: null

2019-08-15 16:34:06 - [TEST_STEP][PASSED] - M4_spin_transaction_id = causality: null

2019-08-15 16:34:06 - [TEST_STEP][PASSED] - M4_spin_transaction_id = M4_spin_transaction_id: null

2019-08-15 16:34:06 - [TEST_STEP][PASSED] - M4_spin_round_id = round_id: null

2019-08-15 16:34:06 - [TEST_STEP][PASSED] - M4_spin_round_id = M4_spin_round_id: null

2019-08-15 16:34:06 - [TEST_STEP][PASSED] - M4_spin_line_wins = line_wins: null

2019-08-15 16:34:06 - [TEST_STEP][PASSED] - M4_spin_line_wins = M4_spin_line_wins: null

2019-08-15 16:34:06 - [TEST_STEP][PASSED] - M4_total_bonus_spins_int = total_bonus_spins: null

2019-08-15 16:34:06 - [TEST_STEP][PASSED] - println("******M4_total_bonus_spins type is:*******" + newline + getClass().getName()): null

2019-08-15 16:34:06 - [TEST_STEP][PASSED] - M4_total_bonus_spins_int = M4_total_bonus_spins_int: null

2019-08-15 16:34:06 - [TEST_STEP][PASSED] - M4_total_bonus_spins = Integer.toString(M4_total_bonus_spins_int): null

2019-08-15 16:34:06 - [TEST_STEP][PASSED] - M4_total_bonus_spins = M4_total_bonus_spins: null

2019-08-15 16:34:06 - [TEST_STEP][PASSED] - println("M4_total_bonus_spins is:" + M4_total_bonus_spins): null

2019-08-15 16:34:06 - [TEST_STEP][PASSED] - M4_spin_bonus_data = bonus_data: null

2019-08-15 16:34:06 - [TEST_STEP][PASSED] - M4_spin_features_triggered = result_M4_spin: null

2019-08-15 16:34:06 - [TEST_STEP][PASSED] - wild = []: null

2019-08-15 16:34:06 - [TEST_STEP][PASSED] - wild[0] = "WILD_Expanding": null

2019-08-15 16:34:06 - [TEST_STEP][PASSED] - wild[1] = "WILD_Normal": null

2019-08-15 16:34:06 - [TEST_STEP][PASSED] - wild[2] = "WILD_Double": null

2019-08-15 16:34:06 - [TEST_STEP][PASSED] - wild[3] = "WILD_ExtraFG": null

2019-08-15 16:34:06 - [TEST_STEP][PASSED] - wild[4] = "WILD_Triple": null

2019-08-15 16:34:06 - [TEST_STEP][PASSED] - wildList = Arrays.asList(wild): null

2019-08-15 16:34:06 - [TEST_STEP][PASSED] - wildList = wildList: null

2019-08-15 16:34:06 - [TEST_STEP][PASSED] - free_spin_reel_counter = []: null

2019-08-15 16:34:06 - [TEST_STEP][PASSED] - free_spin_reel_counter[0] = 0: null

2019-08-15 16:34:06 - [TEST_STEP][PASSED] - free_spin_reel_counter[1] = 0: null

2019-08-15 16:34:06 - [TEST_STEP][PASSED] - free_spin_reel_counter[2] = 0: null

2019-08-15 16:34:06 - [TEST_STEP][PASSED] - M4_spin_reels = reels: null

2019-08-15 16:34:06 - [TEST_STEP][PASSED] - for ([i = 0, i &lt; M4_spin_reels.size(), (i++)]): null

2019-08-15 16:34:06 - [TEST_STEP][PASSED] - symbols = symbols: null

2019-08-15 16:34:06 - [TEST_STEP][PASSED] - for ([j = 0, j &lt; symbols.size(), (j++)]): null

2019-08-15 16:34:06 - [TEST_STEP][PASSED] - symbol = symbol: null

2019-08-15 16:34:06 - [TEST_STEP][PASSED] - println(symbol): null

2019-08-15 16:34:06 - [TEST_STEP][PASSED] - if (i == 2 &amp;&amp; wildList.indexOf(symbol) != -1): null

2019-08-15 16:34:06 - [TEST_STEP][PASSED] - if (i == 3 &amp;&amp; wildList.indexOf(symbol) != -1): null

2019-08-15 16:34:06 - [TEST_STEP][PASSED] - if (i == 4 &amp;&amp; wildList.indexOf(symbol) != -1): null

2019-08-15 16:34:06 - [TEST_STEP][PASSED] - symbol = symbol: null

2019-08-15 16:34:06 - [TEST_STEP][PASSED] - println(symbol): null

2019-08-15 16:34:06 - [TEST_STEP][PASSED] - if (i == 2 &amp;&amp; wildList.indexOf(symbol) != -1): null

2019-08-15 16:34:06 - [TEST_STEP][PASSED] - if (i == 3 &amp;&amp; wildList.indexOf(symbol) != -1): null

2019-08-15 16:34:06 - [TEST_STEP][PASSED] - if (i == 4 &amp;&amp; wildList.indexOf(symbol) != -1): null

2019-08-15 16:34:06 - [TEST_STEP][PASSED] - symbol = symbol: null

2019-08-15 16:34:06 - [TEST_STEP][PASSED] - println(symbol): null

2019-08-15 16:34:06 - [TEST_STEP][PASSED] - if (i == 2 &amp;&amp; wildList.indexOf(symbol) != -1): null

2019-08-15 16:34:06 - [TEST_STEP][PASSED] - if (i == 3 &amp;&amp; wildList.indexOf(symbol) != -1): null

2019-08-15 16:34:06 - [TEST_STEP][PASSED] - if (i == 4 &amp;&amp; wildList.indexOf(symbol) != -1): null

2019-08-15 16:34:06 - [TEST_STEP][PASSED] - symbols = symbols: null

2019-08-15 16:34:06 - [TEST_STEP][PASSED] - for ([j = 0, j &lt; symbols.size(), (j++)]): null

2019-08-15 16:34:06 - [TEST_STEP][PASSED] - symbol = symbol: null

2019-08-15 16:34:06 - [TEST_STEP][PASSED] - println(symbol): null

2019-08-15 16:34:06 - [TEST_STEP][PASSED] - if (i == 2 &amp;&amp; wildList.indexOf(symbol) != -1): null

2019-08-15 16:34:06 - [TEST_STEP][PASSED] - if (i == 3 &amp;&amp; wildList.indexOf(symbol) != -1): null

2019-08-15 16:34:06 - [TEST_STEP][PASSED] - if (i == 4 &amp;&amp; wildList.indexOf(symbol) != -1): null

2019-08-15 16:34:06 - [TEST_STEP][PASSED] - symbol = symbol: null

2019-08-15 16:34:06 - [TEST_STEP][PASSED] - println(symbol): null

2019-08-15 16:34:06 - [TEST_STEP][PASSED] - if (i == 2 &amp;&amp; wildList.indexOf(symbol) != -1): null

2019-08-15 16:34:10 - [TEST_STEP][PASSED] - if (i == 3 &amp;&amp; wildList.indexOf(symbol) != -1): null

2019-08-15 16:34:10 - [TEST_STEP][PASSED] - if (i == 4 &amp;&amp; wildList.indexOf(symbol) != -1): null

2019-08-15 16:34:10 - [TEST_STEP][PASSED] - symbol = symbol: null

2019-08-15 16:34:10 - [TEST_STEP][PASSED] - println(symbol): null

2019-08-15 16:34:10 - [TEST_STEP][PASSED] - if (i == 2 &amp;&amp; wildList.indexOf(symbol) != -1): null

2019-08-15 16:34:10 - [TEST_STEP][PASSED] - if (i == 3 &amp;&amp; wildList.indexOf(symbol) != -1): null

2019-08-15 16:34:10 - [TEST_STEP][PASSED] - if (i == 4 &amp;&amp; wildList.indexOf(symbol) != -1): null

2019-08-15 16:34:10 - [TEST_STEP][PASSED] - symbols = symbols: null

2019-08-15 16:34:10 - [TEST_STEP][PASSED] - for ([j = 0, j &lt; symbols.size(), (j++)]): null

2019-08-15 16:34:10 - [TEST_STEP][PASSED] - symbol = symbol: null

2019-08-15 16:34:14 - [TEST_STEP][PASSED] - println(symbol): null

2019-08-15 16:34:14 - [TEST_STEP][PASSED] - if (i == 2 &amp;&amp; wildList.indexOf(symbol) != -1): null

2019-08-15 16:34:14 - [TEST_STEP][PASSED] - if (i == 3 &amp;&amp; wildList.indexOf(symbol) != -1): null

2019-08-15 16:34:14 - [TEST_STEP][PASSED] - if (i == 4 &amp;&amp; wildList.indexOf(symbol) != -1): null

2019-08-15 16:34:14 - [TEST_STEP][PASSED] - symbol = symbol: null

2019-08-15 16:34:14 - [TEST_STEP][PASSED] - println(symbol): null

2019-08-15 16:34:14 - [TEST_STEP][PASSED] - if (i == 2 &amp;&amp; wildList.indexOf(symbol) != -1): null

2019-08-15 16:34:14 - [TEST_STEP][PASSED] - if (i == 3 &amp;&amp; wildList.indexOf(symbol) != -1): null

2019-08-15 16:34:14 - [TEST_STEP][PASSED] - if (i == 4 &amp;&amp; wildList.indexOf(symbol) != -1): null

2019-08-15 16:34:14 - [TEST_STEP][PASSED] - symbol = symbol: null

2019-08-15 16:34:14 - [TEST_STEP][PASSED] - println(symbol): null

2019-08-15 16:34:14 - [TEST_STEP][PASSED] - if (i == 2 &amp;&amp; wildList.indexOf(symbol) != -1): null

2019-08-15 16:34:14 - [TEST_STEP][PASSED] - if (i == 3 &amp;&amp; wildList.indexOf(symbol) != -1): null

2019-08-15 16:34:14 - [TEST_STEP][PASSED] - if (i == 4 &amp;&amp; wildList.indexOf(symbol) != -1): null

2019-08-15 16:34:14 - [TEST_STEP][PASSED] - symbols = symbols: null

2019-08-15 16:34:14 - [TEST_STEP][PASSED] - for ([j = 0, j &lt; symbols.size(), (j++)]): null

2019-08-15 16:34:14 - [TEST_STEP][PASSED] - symbol = symbol: null

2019-08-15 16:34:14 - [TEST_STEP][PASSED] - println(symbol): null

2019-08-15 16:34:14 - [TEST_STEP][PASSED] - if (i == 2 &amp;&amp; wildList.indexOf(symbol) != -1): null

2019-08-15 16:34:14 - [TEST_STEP][PASSED] - if (i == 3 &amp;&amp; wildList.indexOf(symbol) != -1): null

2019-08-15 16:34:14 - [TEST_STEP][PASSED] - if (i == 4 &amp;&amp; wildList.indexOf(symbol) != -1): null

2019-08-15 16:34:14 - [TEST_STEP][PASSED] - symbol = symbol: null

2019-08-15 16:34:14 - [TEST_STEP][PASSED] - println(symbol): null

2019-08-15 16:34:14 - [TEST_STEP][PASSED] - if (i == 2 &amp;&amp; wildList.indexOf(symbol) != -1): null

2019-08-15 16:34:14 - [TEST_STEP][PASSED] - if (i == 3 &amp;&amp; wildList.indexOf(symbol) != -1): null

2019-08-15 16:34:14 - [TEST_STEP][PASSED] - if (i == 4 &amp;&amp; wildList.indexOf(symbol) != -1): null

2019-08-15 16:34:14 - [TEST_STEP][PASSED] - symbol = symbol: null

2019-08-15 16:34:14 - [TEST_STEP][PASSED] - println(symbol): null

2019-08-15 16:34:14 - [TEST_STEP][PASSED] - if (i == 2 &amp;&amp; wildList.indexOf(symbol) != -1): null

2019-08-15 16:34:14 - [TEST_STEP][PASSED] - if (i == 3 &amp;&amp; wildList.indexOf(symbol) != -1): null

2019-08-15 16:34:14 - [TEST_STEP][PASSED] - if (i == 4 &amp;&amp; wildList.indexOf(symbol) != -1): null

2019-08-15 16:34:14 - [TEST_STEP][PASSED] - symbols = symbols: null

2019-08-15 16:34:14 - [TEST_STEP][PASSED] - for ([j = 0, j &lt; symbols.size(), (j++)]): null

2019-08-15 16:34:14 - [TEST_STEP][PASSED] - symbol = symbol: null

2019-08-15 16:34:14 - [TEST_STEP][PASSED] - println(symbol): null

2019-08-15 16:34:14 - [TEST_STEP][PASSED] - if (i == 2 &amp;&amp; wildList.indexOf(symbol) != -1): null

2019-08-15 16:34:14 - [TEST_STEP][PASSED] - if (i == 3 &amp;&amp; wildList.indexOf(symbol) != -1): null

2019-08-15 16:34:14 - [TEST_STEP][PASSED] - if (i == 4 &amp;&amp; wildList.indexOf(symbol) != -1): null

2019-08-15 16:34:14 - [TEST_STEP][PASSED] - symbol = symbol: null

2019-08-15 16:34:14 - [TEST_STEP][PASSED] - println(symbol): null

2019-08-15 16:34:14 - [TEST_STEP][PASSED] - if (i == 2 &amp;&amp; wildList.indexOf(symbol) != -1): null

2019-08-15 16:34:14 - [TEST_STEP][PASSED] - if (i == 3 &amp;&amp; wildList.indexOf(symbol) != -1): null

2019-08-15 16:34:14 - [TEST_STEP][PASSED] - if (i == 4 &amp;&amp; wildList.indexOf(symbol) != -1): null

2019-08-15 16:34:14 - [TEST_STEP][PASSED] - symbol = symbol: null

2019-08-15 16:34:14 - [TEST_STEP][PASSED] - println(symbol): null

2019-08-15 16:34:14 - [TEST_STEP][PASSED] - if (i == 2 &amp;&amp; wildList.indexOf(symbol) != -1): null

2019-08-15 16:34:14 - [TEST_STEP][PASSED] - if (i == 3 &amp;&amp; wildList.indexOf(symbol) != -1): null

2019-08-15 16:34:14 - [TEST_STEP][PASSED] - if (i == 4 &amp;&amp; wildList.indexOf(symbol) != -1): null

2019-08-15 16:34:14 - [TEST_STEP][PASSED] - free_spin_reel_counter = free_spin_reel_counter: null

2019-08-15 16:34:14 - [TEST_STEP][PASSED] - println("reel 3 wild found: " + free_spin_reel_counter[0]): null

2019-08-15 16:34:14 - [TEST_STEP][PASSED] - println("reel 4 wild found: " + free_spin_reel_counter[1]): null

2019-08-15 16:34:14 - [TEST_STEP][PASSED] - println("reel 5 wild found: " + free_spin_reel_counter[2]): null

2019-08-15 16:34:14 - [TEST_STEP][PASSED] - M4_spin_reels = M4_spin_reels: null

2019-08-15 16:34:14 - [TEST_STEP][PASSED] - M4_spin_reels_symbols = symbol: null

2019-08-15 16:34:14 - [TEST_STEP][PASSED] - M4_spin_reels_symbols = M4_spin_reels_symbols: null

2019-08-15 16:34:14 - [TEST_STEP][PASSED] - M4_spin_reel_wins = reel_wins: null

2019-08-15 16:34:14 - [TEST_STEP][PASSED] - M4_spin_reel_wins = M4_spin_reel_wins: null

2019-08-15 16:34:14 - [TEST_STEP][PASSED] - println("GlobalVariable.M4_spin_reel_wins is: " + M4_spin_reel_wins): null

2019-08-15 16:34:14 - [TEST_STEP][PASSED] - M4_spin_total_bonus_win_this_round = total_bonus_win_this_round: null

2019-08-15 16:34:14 - [TEST_STEP][PASSED] - M4_spin_total_bonus_win_this_round = M4_spin_total_bonus_win_this_round: null

2019-08-15 16:34:14 - [TEST_STEP][PASSED] - println("GlobalVariable.M4_spin_total_bonus_win_this_round is: " + M4_spin_total_bonus_win_this_round): null

2019-08-15 16:34:14 - [MESSAGE][PASSED] - Verify response successfully

2019-08-15 16:34:14 - [MESSAGE][PASSED] - Send request and verify the response successfully

2019-08-15 16:34:14 - [TEST_STEP][PASSED] - if (M4_total_bonus_spins_int != 0 &amp;&amp; M4_spin_reels_symbols[2].contains("WILD_Normal") || M4_spin_reels_symbols[3].contains("WILD_Normal") || M4_spin_reels_symbols[4].contains("WILD_Normal")): null

2019-08-15 16:34:14 - [TEST_STEP][PASSED] - free_spin_reel_counter = free_spin_reel_counter: null

2019-08-15 16:34:14 - [TEST_STEP][PASSED] - M4_spin_reels_symbols = M4_spin_reels_symbols: null

2019-08-15 16:34:14 - [TEST_STEP][PASSED] - M4_total_bonus_spins = M4_total_bonus_spins: null

2019-08-15 16:34:14 - [TEST_STEP][PASSED] - spin_result = sendRequestAndVerify(findTestObject("STG/RGS(M4)/1_M4_spin", ["M4_login_user_id":M4_login_user_id, "rgs_session_token":rgs_session_token, "partner":Partner])): Send request and verify the response successfully

2019-08-15 16:34:14 - [TEST_CASE][PASSED] - Start Test Case : Verification: Verification accomplished successfully

2019-08-15 16:34:15 - [TEST_STEP][PASSED] - request = getInstance().getCurrentRequest(): null

2019-08-15 16:34:15 - [TEST_STEP][PASSED] - response = getInstance().getCurrentResponse(): null

2019-08-15 16:34:15 - [TEST_STEP][PASSED] - verifyResponseStatusCode(response, 200): Verify response status code successfully

2019-08-15 16:34:15 - [MESSAGE][PASSED] - Verify response status code successfully

2019-08-15 16:34:15 - [TEST_STEP][PASSED] - getStatusCode()).isEqualTo(200): null

2019-08-15 16:34:15 - [TEST_STEP][PASSED] - newline = System.getProperty("line.separator"): null

2019-08-15 16:34:15 - [TEST_STEP][PASSED] - M4_spin = new groovy.json.JsonSlurper(): null

2019-08-15 16:34:15 - [TEST_STEP][PASSED] - result_M4_spin = M4_spin.parseText(response.getResponseBodyContent()): null

2019-08-15 16:34:15 - [TEST_STEP][PASSED] - M4_spin_current_balance = current_balance: null

2019-08-15 16:34:15 - [TEST_STEP][PASSED] - M4_spin_current_balance = M4_spin_current_balance: null

2019-08-15 16:34:15 - [TEST_STEP][PASSED] - M4_spin_transaction_id = causality: null

2019-08-15 16:34:15 - [TEST_STEP][PASSED] - M4_spin_transaction_id = M4_spin_transaction_id: null

2019-08-15 16:34:15 - [TEST_STEP][PASSED] - M4_spin_round_id = round_id: null

2019-08-15 16:34:15 - [TEST_STEP][PASSED] - M4_spin_round_id = M4_spin_round_id: null

2019-08-15 16:34:15 - [TEST_STEP][PASSED] - M4_spin_line_wins = line_wins: null

2019-08-15 16:34:15 - [TEST_STEP][PASSED] - M4_spin_line_wins = M4_spin_line_wins: null

2019-08-15 16:34:15 - [TEST_STEP][PASSED] - M4_total_bonus_spins_int = total_bonus_spins: null

2019-08-15 16:34:15 - [TEST_STEP][PASSED] - println("******M4_total_bonus_spins type is:*******" + newline + getClass().getName()): null

2019-08-15 16:34:15 - [TEST_STEP][PASSED] - M4_total_bonus_spins_int = M4_total_bonus_spins_int: null

2019-08-15 16:34:15 - [TEST_STEP][PASSED] - M4_total_bonus_spins = Integer.toString(M4_total_bonus_spins_int): null

2019-08-15 16:34:15 - [TEST_STEP][PASSED] - M4_total_bonus_spins = M4_total_bonus_spins: null

2019-08-15 16:34:15 - [TEST_STEP][PASSED] - println("M4_total_bonus_spins is:" + M4_total_bonus_spins): null

2019-08-15 16:34:15 - [TEST_STEP][PASSED] - M4_spin_bonus_data = bonus_data: null

2019-08-15 16:34:15 - [TEST_STEP][PASSED] - M4_spin_features_triggered = result_M4_spin: null

2019-08-15 16:34:15 - [TEST_STEP][PASSED] - wild = []: null

2019-08-15 16:34:15 - [TEST_STEP][PASSED] - wild[0] = "WILD_Expanding": null

2019-08-15 16:34:15 - [TEST_STEP][PASSED] - wild[1] = "WILD_Normal": null

2019-08-15 16:34:15 - [TEST_STEP][PASSED] - wild[2] = "WILD_Double": null

2019-08-15 16:34:15 - [TEST_STEP][PASSED] - wild[3] = "WILD_ExtraFG": null

2019-08-15 16:34:15 - [TEST_STEP][PASSED] - wild[4] = "WILD_Triple": null

2019-08-15 16:34:15 - [TEST_STEP][PASSED] - wildList = Arrays.asList(wild): null

2019-08-15 16:34:15 - [TEST_STEP][PASSED] - wildList = wildList: null

2019-08-15 16:34:15 - [TEST_STEP][PASSED] - free_spin_reel_counter = []: null

2019-08-15 16:34:15 - [TEST_STEP][PASSED] - free_spin_reel_counter[0] = 0: null

2019-08-15 16:34:15 - [TEST_STEP][PASSED] - free_spin_reel_counter[1] = 0: null

2019-08-15 16:34:15 - [TEST_STEP][PASSED] - free_spin_reel_counter[2] = 0: null

2019-08-15 16:34:15 - [TEST_STEP][PASSED] - M4_spin_reels = reels: null

2019-08-15 16:34:15 - [TEST_STEP][PASSED] - for ([i = 0, i &lt; M4_spin_reels.size(), (i++)]): null

2019-08-15 16:34:15 - [TEST_STEP][PASSED] - symbols = symbols: null

2019-08-15 16:34:15 - [TEST_STEP][PASSED] - for ([j = 0, j &lt; symbols.size(), (j++)]): null

2019-08-15 16:34:15 - [TEST_STEP][PASSED] - symbol = symbol: null

2019-08-15 16:34:15 - [TEST_STEP][PASSED] - println(symbol): null

2019-08-15 16:34:15 - [TEST_STEP][PASSED] - if (i == 2 &amp;&amp; wildList.indexOf(symbol) != -1): null

2019-08-15 16:34:15 - [TEST_STEP][PASSED] - if (i == 3 &amp;&amp; wildList.indexOf(symbol) != -1): null

2019-08-15 16:34:15 - [TEST_STEP][PASSED] - if (i == 4 &amp;&amp; wildList.indexOf(symbol) != -1): null

2019-08-15 16:34:15 - [TEST_STEP][PASSED] - symbol = symbol: null

2019-08-15 16:34:15 - [TEST_STEP][PASSED] - println(symbol): null

2019-08-15 16:34:15 - [TEST_STEP][PASSED] - if (i == 2 &amp;&amp; wildList.indexOf(symbol) != -1): null

2019-08-15 16:34:15 - [TEST_STEP][PASSED] - if (i == 3 &amp;&amp; wildList.indexOf(symbol) != -1): null

2019-08-15 16:34:15 - [TEST_STEP][PASSED] - if (i == 4 &amp;&amp; wildList.indexOf(symbol) != -1): null

2019-08-15 16:34:15 - [TEST_STEP][PASSED] - symbol = symbol: null

2019-08-15 16:34:15 - [TEST_STEP][PASSED] - println(symbol): null

2019-08-15 16:34:15 - [TEST_STEP][PASSED] - if (i == 2 &amp;&amp; wildList.indexOf(symbol) != -1): null

2019-08-15 16:34:15 - [TEST_STEP][PASSED] - if (i == 3 &amp;&amp; wildList.indexOf(symbol) != -1): null

2019-08-15 16:34:15 - [TEST_STEP][PASSED] - if (i == 4 &amp;&amp; wildList.indexOf(symbol) != -1): null

2019-08-15 16:34:15 - [TEST_STEP][PASSED] - symbols = symbols: null

2019-08-15 16:34:15 - [TEST_STEP][PASSED] - for ([j = 0, j &lt; symbols.size(), (j++)]): null

2019-08-15 16:34:15 - [TEST_STEP][PASSED] - symbol = symbol: null

2019-08-15 16:34:15 - [TEST_STEP][PASSED] - println(symbol): null

2019-08-15 16:34:15 - [TEST_STEP][PASSED] - if (i == 2 &amp;&amp; wildList.indexOf(symbol) != -1): null

2019-08-15 16:34:15 - [TEST_STEP][PASSED] - if (i == 3 &amp;&amp; wildList.indexOf(symbol) != -1): null

2019-08-15 16:34:15 - [TEST_STEP][PASSED] - if (i == 4 &amp;&amp; wildList.indexOf(symbol) != -1): null

2019-08-15 16:34:15 - [TEST_STEP][PASSED] - symbol = symbol: null

2019-08-15 16:34:15 - [TEST_STEP][PASSED] - println(symbol): null

2019-08-15 16:34:15 - [TEST_STEP][PASSED] - if (i == 2 &amp;&amp; wildList.indexOf(symbol) != -1): null

2019-08-15 16:34:15 - [TEST_STEP][PASSED] - if (i == 3 &amp;&amp; wildList.indexOf(symbol) != -1): null

2019-08-15 16:34:15 - [TEST_STEP][PASSED] - if (i == 4 &amp;&amp; wildList.indexOf(symbol) != -1): null

2019-08-15 16:34:15 - [TEST_STEP][PASSED] - symbol = symbol: null

2019-08-15 16:34:15 - [TEST_STEP][PASSED] - println(symbol): null

2019-08-15 16:34:15 - [TEST_STEP][PASSED] - if (i == 2 &amp;&amp; wildList.indexOf(symbol) != -1): null

2019-08-15 16:34:15 - [TEST_STEP][PASSED] - if (i == 3 &amp;&amp; wildList.indexOf(symbol) != -1): null

2019-08-15 16:34:15 - [TEST_STEP][PASSED] - if (i == 4 &amp;&amp; wildList.indexOf(symbol) != -1): null

2019-08-15 16:34:15 - [TEST_STEP][PASSED] - symbols = symbols: null

2019-08-15 16:34:15 - [TEST_STEP][PASSED] - for ([j = 0, j &lt; symbols.size(), (j++)]): null

2019-08-15 16:34:15 - [TEST_STEP][PASSED] - symbol = symbol: null

2019-08-15 16:34:15 - [TEST_STEP][PASSED] - println(symbol): null

2019-08-15 16:34:15 - [TEST_STEP][PASSED] - if (i == 2 &amp;&amp; wildList.indexOf(symbol) != -1): null

2019-08-15 16:34:15 - [TEST_STEP][PASSED] - if (i == 3 &amp;&amp; wildList.indexOf(symbol) != -1): null

2019-08-15 16:34:15 - [TEST_STEP][PASSED] - if (i == 4 &amp;&amp; wildList.indexOf(symbol) != -1): null

2019-08-15 16:34:15 - [TEST_STEP][PASSED] - symbol = symbol: null

2019-08-15 16:34:15 - [TEST_STEP][PASSED] - println(symbol): null

2019-08-15 16:34:15 - [TEST_STEP][PASSED] - if (i == 2 &amp;&amp; wildList.indexOf(symbol) != -1): null

2019-08-15 16:34:15 - [TEST_STEP][PASSED] - println("wild found on reel 3, adding counter by 1"): null

2019-08-15 16:34:15 - [TEST_STEP][PASSED] - free_spin_reel_counter[0] = free_spin_reel_counter[0] + 1: null

2019-08-15 16:34:15 - [TEST_STEP][PASSED] - if (i == 3 &amp;&amp; wildList.indexOf(symbol) != -1): null

2019-08-15 16:34:15 - [TEST_STEP][PASSED] - if (i == 4 &amp;&amp; wildList.indexOf(symbol) != -1): null

2019-08-15 16:34:15 - [TEST_STEP][PASSED] - symbol = symbol: null

2019-08-15 16:34:15 - [TEST_STEP][PASSED] - println(symbol): null

2019-08-15 16:34:15 - [TEST_STEP][PASSED] - if (i == 2 &amp;&amp; wildList.indexOf(symbol) != -1): null

2019-08-15 16:34:15 - [TEST_STEP][PASSED] - if (i == 3 &amp;&amp; wildList.indexOf(symbol) != -1): null

2019-08-15 16:34:15 - [TEST_STEP][PASSED] - if (i == 4 &amp;&amp; wildList.indexOf(symbol) != -1): null

2019-08-15 16:34:15 - [TEST_STEP][PASSED] - symbols = symbols: null

2019-08-15 16:34:15 - [TEST_STEP][PASSED] - for ([j = 0, j &lt; symbols.size(), (j++)]): null

2019-08-15 16:34:15 - [TEST_STEP][PASSED] - symbol = symbol: null

2019-08-15 16:34:15 - [TEST_STEP][PASSED] - println(symbol): null

2019-08-15 16:34:15 - [TEST_STEP][PASSED] - if (i == 2 &amp;&amp; wildList.indexOf(symbol) != -1): null

2019-08-15 16:34:15 - [TEST_STEP][PASSED] - if (i == 3 &amp;&amp; wildList.indexOf(symbol) != -1): null

2019-08-15 16:34:15 - [TEST_STEP][PASSED] - if (i == 4 &amp;&amp; wildList.indexOf(symbol) != -1): null

2019-08-15 16:34:15 - [TEST_STEP][PASSED] - symbol = symbol: null

2019-08-15 16:34:15 - [TEST_STEP][PASSED] - println(symbol): null

2019-08-15 16:34:15 - [TEST_STEP][PASSED] - if (i == 2 &amp;&amp; wildList.indexOf(symbol) != -1): null

2019-08-15 16:34:15 - [TEST_STEP][PASSED] - if (i == 3 &amp;&amp; wildList.indexOf(symbol) != -1): null

2019-08-15 16:34:15 - [TEST_STEP][PASSED] - if (i == 4 &amp;&amp; wildList.indexOf(symbol) != -1): null

2019-08-15 16:34:15 - [TEST_STEP][PASSED] - symbol = symbol: null

2019-08-15 16:34:15 - [TEST_STEP][PASSED] - println(symbol): null

2019-08-15 16:34:15 - [TEST_STEP][PASSED] - if (i == 2 &amp;&amp; wildList.indexOf(symbol) != -1): null

2019-08-15 16:34:15 - [TEST_STEP][PASSED] - if (i == 3 &amp;&amp; wildList.indexOf(symbol) != -1): null

2019-08-15 16:34:15 - [TEST_STEP][PASSED] - if (i == 4 &amp;&amp; wildList.indexOf(symbol) != -1): null

2019-08-15 16:34:15 - [TEST_STEP][PASSED] - symbols = symbols: null

2019-08-15 16:34:15 - [TEST_STEP][PASSED] - for ([j = 0, j &lt; symbols.size(), (j++)]): null

2019-08-15 16:34:15 - [TEST_STEP][PASSED] - symbol = symbol: null

2019-08-15 16:34:15 - [TEST_STEP][PASSED] - println(symbol): null

2019-08-15 16:34:15 - [TEST_STEP][PASSED] - if (i == 2 &amp;&amp; wildList.indexOf(symbol) != -1): null

2019-08-15 16:34:15 - [TEST_STEP][PASSED] - if (i == 3 &amp;&amp; wildList.indexOf(symbol) != -1): null

2019-08-15 16:34:15 - [TEST_STEP][PASSED] - if (i == 4 &amp;&amp; wildList.indexOf(symbol) != -1): null

2019-08-15 16:34:15 - [TEST_STEP][PASSED] - symbol = symbol: null

2019-08-15 16:34:15 - [TEST_STEP][PASSED] - println(symbol): null

2019-08-15 16:34:15 - [TEST_STEP][PASSED] - if (i == 2 &amp;&amp; wildList.indexOf(symbol) != -1): null

2019-08-15 16:34:15 - [TEST_STEP][PASSED] - if (i == 3 &amp;&amp; wildList.indexOf(symbol) != -1): null

2019-08-15 16:34:15 - [TEST_STEP][PASSED] - if (i == 4 &amp;&amp; wildList.indexOf(symbol) != -1): null

2019-08-15 16:34:15 - [TEST_STEP][PASSED] - symbol = symbol: null

2019-08-15 16:34:15 - [TEST_STEP][PASSED] - println(symbol): null

2019-08-15 16:34:15 - [TEST_STEP][PASSED] - if (i == 2 &amp;&amp; wildList.indexOf(symbol) != -1): null

2019-08-15 16:34:15 - [TEST_STEP][PASSED] - if (i == 3 &amp;&amp; wildList.indexOf(symbol) != -1): null

2019-08-15 16:34:15 - [TEST_STEP][PASSED] - if (i == 4 &amp;&amp; wildList.indexOf(symbol) != -1): null

2019-08-15 16:34:15 - [TEST_STEP][PASSED] - free_spin_reel_counter = free_spin_reel_counter: null

2019-08-15 16:34:15 - [TEST_STEP][PASSED] - println("reel 3 wild found: " + free_spin_reel_counter[0]): null

2019-08-15 16:34:15 - [TEST_STEP][PASSED] - println("reel 4 wild found: " + free_spin_reel_counter[1]): null

2019-08-15 16:34:15 - [TEST_STEP][PASSED] - println("reel 5 wild found: " + free_spin_reel_counter[2]): null

2019-08-15 16:34:15 - [TEST_STEP][PASSED] - M4_spin_reels = M4_spin_reels: null

2019-08-15 16:34:15 - [TEST_STEP][PASSED] - M4_spin_reels_symbols = symbol: null

2019-08-15 16:34:15 - [TEST_STEP][PASSED] - M4_spin_reels_symbols = M4_spin_reels_symbols: null

2019-08-15 16:34:15 - [TEST_STEP][PASSED] - M4_spin_reel_wins = reel_wins: null

2019-08-15 16:34:15 - [TEST_STEP][PASSED] - M4_spin_reel_wins = M4_spin_reel_wins: null

2019-08-15 16:34:15 - [TEST_STEP][PASSED] - println("GlobalVariable.M4_spin_reel_wins is: " + M4_spin_reel_wins): null

2019-08-15 16:34:15 - [TEST_STEP][PASSED] - M4_spin_total_bonus_win_this_round = total_bonus_win_this_round: null

2019-08-15 16:34:15 - [TEST_STEP][PASSED] - M4_spin_total_bonus_win_this_round = M4_spin_total_bonus_win_this_round: null

2019-08-15 16:34:15 - [TEST_STEP][PASSED] - println("GlobalVariable.M4_spin_total_bonus_win_this_round is: " + M4_spin_total_bonus_win_this_round): null

2019-08-15 16:34:15 - [MESSAGE][PASSED] - Verify response successfully

2019-08-15 16:34:15 - [MESSAGE][PASSED] - Send request and verify the response successfully

2019-08-15 16:34:15 - [TEST_STEP][PASSED] - if (M4_total_bonus_spins_int != 0 &amp;&amp; M4_spin_reels_symbols[2].contains("WILD_Normal") || M4_spin_reels_symbols[3].contains("WILD_Normal") || M4_spin_reels_symbols[4].contains("WILD_Normal")): null

2019-08-15 16:34:15 - [TEST_STEP][PASSED] - free_spin_reel_counter = free_spin_reel_counter: null

2019-08-15 16:34:15 - [TEST_STEP][PASSED] - M4_spin_reels_symbols = M4_spin_reels_symbols: null

2019-08-15 16:34:15 - [TEST_STEP][PASSED] - M4_total_bonus_spins = M4_total_bonus_spins: null

2019-08-15 16:34:15 - [TEST_STEP][PASSED] - spin_result = sendRequestAndVerify(findTestObject("STG/RGS(M4)/1_M4_spin", ["M4_login_user_id":M4_login_user_id, "rgs_session_token":rgs_session_token, "partner":Partner])): Send request and verify the response successfully

2019-08-15 16:34:15 - [TEST_CASE][PASSED] - Start Test Case : Verification: Verification accomplished successfully

2019-08-15 16:34:15 - [TEST_STEP][PASSED] - request = getInstance().getCurrentRequest(): null

2019-08-15 16:34:15 - [TEST_STEP][PASSED] - response = getInstance().getCurrentResponse(): null

2019-08-15 16:34:15 - [TEST_STEP][PASSED] - verifyResponseStatusCode(response, 200): Verify response status code successfully

2019-08-15 16:34:15 - [MESSAGE][PASSED] - Verify response status code successfully

2019-08-15 16:34:15 - [TEST_STEP][PASSED] - getStatusCode()).isEqualTo(200): null

2019-08-15 16:34:15 - [TEST_STEP][PASSED] - newline = System.getProperty("line.separator"): null

2019-08-15 16:34:15 - [TEST_STEP][PASSED] - M4_spin = new groovy.json.JsonSlurper(): null

2019-08-15 16:34:15 - [TEST_STEP][PASSED] - result_M4_spin = M4_spin.parseText(response.getResponseBodyContent()): null

2019-08-15 16:34:15 - [TEST_STEP][PASSED] - M4_spin_current_balance = current_balance: null

2019-08-15 16:34:15 - [TEST_STEP][PASSED] - M4_spin_current_balance = M4_spin_current_balance: null

2019-08-15 16:34:15 - [TEST_STEP][PASSED] - M4_spin_transaction_id = causality: null

2019-08-15 16:34:15 - [TEST_STEP][PASSED] - M4_spin_transaction_id = M4_spin_transaction_id: null

2019-08-15 16:34:15 - [TEST_STEP][PASSED] - M4_spin_round_id = round_id: null

2019-08-15 16:34:15 - [TEST_STEP][PASSED] - M4_spin_round_id = M4_spin_round_id: null

2019-08-15 16:34:15 - [TEST_STEP][PASSED] - M4_spin_line_wins = line_wins: null

2019-08-15 16:34:15 - [TEST_STEP][PASSED] - M4_spin_line_wins = M4_spin_line_wins: null

2019-08-15 16:34:15 - [TEST_STEP][PASSED] - M4_total_bonus_spins_int = total_bonus_spins: null

2019-08-15 16:34:15 - [TEST_STEP][PASSED] - println("******M4_total_bonus_spins type is:*******" + newline + getClass().getName()): null

2019-08-15 16:34:15 - [TEST_STEP][PASSED] - M4_total_bonus_spins_int = M4_total_bonus_spins_int: null

2019-08-15 16:34:15 - [TEST_STEP][PASSED] - M4_total_bonus_spins = Integer.toString(M4_total_bonus_spins_int): null

2019-08-15 16:34:15 - [TEST_STEP][PASSED] - M4_total_bonus_spins = M4_total_bonus_spins: null

2019-08-15 16:34:15 - [TEST_STEP][PASSED] - println("M4_total_bonus_spins is:" + M4_total_bonus_spins): null

2019-08-15 16:34:15 - [TEST_STEP][PASSED] - M4_spin_bonus_data = bonus_data: null

2019-08-15 16:34:15 - [TEST_STEP][PASSED] - M4_spin_features_triggered = result_M4_spin: null

2019-08-15 16:34:15 - [TEST_STEP][PASSED] - wild = []: null

2019-08-15 16:34:15 - [TEST_STEP][PASSED] - wild[0] = "WILD_Expanding": null

2019-08-15 16:34:15 - [TEST_STEP][PASSED] - wild[1] = "WILD_Normal": null

2019-08-15 16:34:15 - [TEST_STEP][PASSED] - wild[2] = "WILD_Double": null

2019-08-15 16:34:15 - [TEST_STEP][PASSED] - wild[3] = "WILD_ExtraFG": null

2019-08-15 16:34:15 - [TEST_STEP][PASSED] - wild[4] = "WILD_Triple": null

2019-08-15 16:34:15 - [TEST_STEP][PASSED] - wildList = Arrays.asList(wild): null

2019-08-15 16:34:15 - [TEST_STEP][PASSED] - wildList = wildList: null

2019-08-15 16:34:15 - [TEST_STEP][PASSED] - free_spin_reel_counter = []: null

2019-08-15 16:34:15 - [TEST_STEP][PASSED] - free_spin_reel_counter[0] = 0: null

2019-08-15 16:34:15 - [TEST_STEP][PASSED] - free_spin_reel_counter[1] = 0: null

2019-08-15 16:34:15 - [TEST_STEP][PASSED] - free_spin_reel_counter[2] = 0: null

2019-08-15 16:34:15 - [TEST_STEP][PASSED] - M4_spin_reels = reels: null

2019-08-15 16:34:15 - [TEST_STEP][PASSED] - for ([i = 0, i &lt; M4_spin_reels.size(), (i++)]): null

2019-08-15 16:34:15 - [TEST_STEP][PASSED] - symbols = symbols: null

2019-08-15 16:34:15 - [TEST_STEP][PASSED] - for ([j = 0, j &lt; symbols.size(), (j++)]): null

2019-08-15 16:34:15 - [TEST_STEP][PASSED] - symbol = symbol: null

2019-08-15 16:34:15 - [TEST_STEP][PASSED] - println(symbol): null

2019-08-15 16:34:15 - [TEST_STEP][PASSED] - if (i == 2 &amp;&amp; wildList.indexOf(symbol) != -1): null

2019-08-15 16:34:15 - [TEST_STEP][PASSED] - if (i == 3 &amp;&amp; wildList.indexOf(symbol) != -1): null

2019-08-15 16:34:15 - [TEST_STEP][PASSED] - if (i == 4 &amp;&amp; wildList.indexOf(symbol) != -1): null

2019-08-15 16:34:15 - [TEST_STEP][PASSED] - symbol = symbol: null

2019-08-15 16:34:15 - [TEST_STEP][PASSED] - println(symbol): null

2019-08-15 16:34:15 - [TEST_STEP][PASSED] - if (i == 2 &amp;&amp; wildList.indexOf(symbol) != -1): null

2019-08-15 16:34:15 - [TEST_STEP][PASSED] - if (i == 3 &amp;&amp; wildList.indexOf(symbol) != -1): null

2019-08-15 16:34:15 - [TEST_STEP][PASSED] - if (i == 4 &amp;&amp; wildList.indexOf(symbol) != -1): null

2019-08-15 16:34:15 - [TEST_STEP][PASSED] - symbol = symbol: null

2019-08-15 16:34:15 - [TEST_STEP][PASSED] - println(symbol): null

2019-08-15 16:34:15 - [TEST_STEP][PASSED] - if (i == 2 &amp;&amp; wildList.indexOf(symbol) != -1): null

2019-08-15 16:34:15 - [TEST_STEP][PASSED] - if (i == 3 &amp;&amp; wildList.indexOf(symbol) != -1): null

2019-08-15 16:34:15 - [TEST_STEP][PASSED] - if (i == 4 &amp;&amp; wildList.indexOf(symbol) != -1): null

2019-08-15 16:34:15 - [TEST_STEP][PASSED] - symbols = symbols: null

2019-08-15 16:34:15 - [TEST_STEP][PASSED] - for ([j = 0, j &lt; symbols.size(), (j++)]): null

2019-08-15 16:34:15 - [TEST_STEP][PASSED] - symbol = symbol: null

2019-08-15 16:34:15 - [TEST_STEP][PASSED] - println(symbol): null

2019-08-15 16:34:15 - [TEST_STEP][PASSED] - if (i == 2 &amp;&amp; wildList.indexOf(symbol) != -1): null

2019-08-15 16:34:15 - [TEST_STEP][PASSED] - if (i == 3 &amp;&amp; wildList.indexOf(symbol) != -1): null

2019-08-15 16:34:15 - [TEST_STEP][PASSED] - if (i == 4 &amp;&amp; wildList.indexOf(symbol) != -1): null

2019-08-15 16:34:15 - [TEST_STEP][PASSED] - symbol = symbol: null

2019-08-15 16:34:15 - [TEST_STEP][PASSED] - println(symbol): null

2019-08-15 16:34:15 - [TEST_STEP][PASSED] - if (i == 2 &amp;&amp; wildList.indexOf(symbol) != -1): null

2019-08-15 16:34:15 - [TEST_STEP][PASSED] - if (i == 3 &amp;&amp; wildList.indexOf(symbol) != -1): null

2019-08-15 16:34:15 - [TEST_STEP][PASSED] - if (i == 4 &amp;&amp; wildList.indexOf(symbol) != -1): null

2019-08-15 16:34:15 - [TEST_STEP][PASSED] - symbol = symbol: null

2019-08-15 16:34:15 - [TEST_STEP][PASSED] - println(symbol): null

2019-08-15 16:34:15 - [TEST_STEP][PASSED] - if (i == 2 &amp;&amp; wildList.indexOf(symbol) != -1): null

2019-08-15 16:34:15 - [TEST_STEP][PASSED] - if (i == 3 &amp;&amp; wildList.indexOf(symbol) != -1): null

2019-08-15 16:34:15 - [TEST_STEP][PASSED] - if (i == 4 &amp;&amp; wildList.indexOf(symbol) != -1): null

2019-08-15 16:34:15 - [TEST_STEP][PASSED] - symbols = symbols: null

2019-08-15 16:34:15 - [TEST_STEP][PASSED] - for ([j = 0, j &lt; symbols.size(), (j++)]): null

2019-08-15 16:34:15 - [TEST_STEP][PASSED] - symbol = symbol: null

2019-08-15 16:34:15 - [TEST_STEP][PASSED] - println(symbol): null

2019-08-15 16:34:15 - [TEST_STEP][PASSED] - if (i == 2 &amp;&amp; wildList.indexOf(symbol) != -1): null

2019-08-15 16:34:15 - [TEST_STEP][PASSED] - println("wild found on reel 3, adding counter by 1"): null

2019-08-15 16:34:15 - [TEST_STEP][PASSED] - free_spin_reel_counter[0] = free_spin_reel_counter[0] + 1: null

2019-08-15 16:34:15 - [TEST_STEP][PASSED] - if (i == 3 &amp;&amp; wildList.indexOf(symbol) != -1): null

2019-08-15 16:34:15 - [TEST_STEP][PASSED] - if (i == 4 &amp;&amp; wildList.indexOf(symbol) != -1): null

2019-08-15 16:34:15 - [TEST_STEP][PASSED] - symbol = symbol: null

2019-08-15 16:34:15 - [TEST_STEP][PASSED] - println(symbol): null

2019-08-15 16:34:15 - [TEST_STEP][PASSED] - if (i == 2 &amp;&amp; wildList.indexOf(symbol) != -1): null

2019-08-15 16:34:15 - [TEST_STEP][PASSED] - if (i == 3 &amp;&amp; wildList.indexOf(symbol) != -1): null

2019-08-15 16:34:15 - [TEST_STEP][PASSED] - if (i == 4 &amp;&amp; wildList.indexOf(symbol) != -1): null

2019-08-15 16:34:15 - [TEST_STEP][PASSED] - symbol = symbol: null

2019-08-15 16:34:15 - [TEST_STEP][PASSED] - println(symbol): null

2019-08-15 16:34:15 - [TEST_STEP][PASSED] - if (i == 2 &amp;&amp; wildList.indexOf(symbol) != -1): null

2019-08-15 16:34:15 - [TEST_STEP][PASSED] - if (i == 3 &amp;&amp; wildList.indexOf(symbol) != -1): null

2019-08-15 16:34:15 - [TEST_STEP][PASSED] - if (i == 4 &amp;&amp; wildList.indexOf(symbol) != -1): null

2019-08-15 16:34:15 - [TEST_STEP][PASSED] - symbols = symbols: null

2019-08-15 16:34:15 - [TEST_STEP][PASSED] - for ([j = 0, j &lt; symbols.size(), (j++)]): null

2019-08-15 16:34:15 - [TEST_STEP][PASSED] - symbol = symbol: null

2019-08-15 16:34:15 - [TEST_STEP][PASSED] - println(symbol): null

2019-08-15 16:34:15 - [TEST_STEP][PASSED] - if (i == 2 &amp;&amp; wildList.indexOf(symbol) != -1): null

2019-08-15 16:34:15 - [TEST_STEP][PASSED] - if (i == 3 &amp;&amp; wildList.indexOf(symbol) != -1): null

2019-08-15 16:34:15 - [TEST_STEP][PASSED] - if (i == 4 &amp;&amp; wildList.indexOf(symbol) != -1): null

2019-08-15 16:34:15 - [TEST_STEP][PASSED] - symbol = symbol: null

2019-08-15 16:34:15 - [TEST_STEP][PASSED] - println(symbol): null

2019-08-15 16:34:15 - [TEST_STEP][PASSED] - if (i == 2 &amp;&amp; wildList.indexOf(symbol) != -1): null

2019-08-15 16:34:15 - [TEST_STEP][PASSED] - if (i == 3 &amp;&amp; wildList.indexOf(symbol) != -1): null

2019-08-15 16:34:15 - [TEST_STEP][PASSED] - if (i == 4 &amp;&amp; wildList.indexOf(symbol) != -1): null

2019-08-15 16:34:15 - [TEST_STEP][PASSED] - symbol = symbol: null

2019-08-15 16:34:15 - [TEST_STEP][PASSED] - println(symbol): null

2019-08-15 16:34:15 - [TEST_STEP][PASSED] - if (i == 2 &amp;&amp; wildList.indexOf(symbol) != -1): null

2019-08-15 16:34:15 - [TEST_STEP][PASSED] - if (i == 3 &amp;&amp; wildList.indexOf(symbol) != -1): null

2019-08-15 16:34:20 - [TEST_STEP][PASSED] - if (i == 4 &amp;&amp; wildList.indexOf(symbol) != -1): null

2019-08-15 16:34:20 - [TEST_STEP][PASSED] - symbols = symbols: null

2019-08-15 16:34:20 - [TEST_STEP][PASSED] - for ([j = 0, j &lt; symbols.size(), (j++)]): null

2019-08-15 16:34:20 - [TEST_STEP][PASSED] - symbol = symbol: null

2019-08-15 16:34:20 - [TEST_STEP][PASSED] - println(symbol): null

2019-08-15 16:34:20 - [TEST_STEP][PASSED] - if (i == 2 &amp;&amp; wildList.indexOf(symbol) != -1): null

2019-08-15 16:34:20 - [TEST_STEP][PASSED] - if (i == 3 &amp;&amp; wildList.indexOf(symbol) != -1): null

2019-08-15 16:34:20 - [TEST_STEP][PASSED] - if (i == 4 &amp;&amp; wildList.indexOf(symbol) != -1): null

2019-08-15 16:34:20 - [TEST_STEP][PASSED] - symbol = symbol: null

2019-08-15 16:34:20 - [TEST_STEP][PASSED] - println(symbol): null

2019-08-15 16:34:20 - [TEST_STEP][PASSED] - if (i == 2 &amp;&amp; wildList.indexOf(symbol) != -1): null

2019-08-15 16:34:23 - [TEST_STEP][PASSED] - if (i == 3 &amp;&amp; wildList.indexOf(symbol) != -1): null

2019-08-15 16:34:23 - [TEST_STEP][PASSED] - if (i == 4 &amp;&amp; wildList.indexOf(symbol) != -1): null

2019-08-15 16:34:23 - [TEST_STEP][PASSED] - symbol = symbol: null

2019-08-15 16:34:23 - [TEST_STEP][PASSED] - println(symbol): null

2019-08-15 16:34:23 - [TEST_STEP][PASSED] - if (i == 2 &amp;&amp; wildList.indexOf(symbol) != -1): null

2019-08-15 16:34:23 - [TEST_STEP][PASSED] - if (i == 3 &amp;&amp; wildList.indexOf(symbol) != -1): null

2019-08-15 16:34:23 - [TEST_STEP][PASSED] - if (i == 4 &amp;&amp; wildList.indexOf(symbol) != -1): null

2019-08-15 16:34:23 - [TEST_STEP][PASSED] - free_spin_reel_counter = free_spin_reel_counter: null

2019-08-15 16:34:23 - [TEST_STEP][PASSED] - println("reel 3 wild found: " + free_spin_reel_counter[0]): null

2019-08-15 16:34:23 - [TEST_STEP][PASSED] - println("reel 4 wild found: " + free_spin_reel_counter[1]): null

2019-08-15 16:34:23 - [TEST_STEP][PASSED] - println("reel 5 wild found: " + free_spin_reel_counter[2]): null

2019-08-15 16:34:23 - [TEST_STEP][PASSED] - M4_spin_reels = M4_spin_reels: null

2019-08-15 16:34:23 - [TEST_STEP][PASSED] - M4_spin_reels_symbols = symbol: null

2019-08-15 16:34:23 - [TEST_STEP][PASSED] - M4_spin_reels_symbols = M4_spin_reels_symbols: null

2019-08-15 16:34:23 - [TEST_STEP][PASSED] - M4_spin_reel_wins = reel_wins: null

2019-08-15 16:34:23 - [TEST_STEP][PASSED] - M4_spin_reel_wins = M4_spin_reel_wins: null

2019-08-15 16:34:23 - [TEST_STEP][PASSED] - println("GlobalVariable.M4_spin_reel_wins is: " + M4_spin_reel_wins): null

2019-08-15 16:34:23 - [TEST_STEP][PASSED] - M4_spin_total_bonus_win_this_round = total_bonus_win_this_round: null

2019-08-15 16:34:23 - [TEST_STEP][PASSED] - M4_spin_total_bonus_win_this_round = M4_spin_total_bonus_win_this_round: null

2019-08-15 16:34:23 - [TEST_STEP][PASSED] - println("GlobalVariable.M4_spin_total_bonus_win_this_round is: " + M4_spin_total_bonus_win_this_round): null

2019-08-15 16:34:23 - [MESSAGE][PASSED] - Verify response successfully

2019-08-15 16:34:23 - [MESSAGE][PASSED] - Send request and verify the response successfully

2019-08-15 16:34:23 - [TEST_STEP][PASSED] - if (M4_total_bonus_spins_int != 0 &amp;&amp; M4_spin_reels_symbols[2].contains("WILD_Normal") || M4_spin_reels_symbols[3].contains("WILD_Normal") || M4_spin_reels_symbols[4].contains("WILD_Normal")): null

2019-08-15 16:34:23 - [TEST_STEP][PASSED] - free_spin_reel_counter = free_spin_reel_counter: null

2019-08-15 16:34:23 - [TEST_STEP][PASSED] - M4_spin_reels_symbols = M4_spin_reels_symbols: null

2019-08-15 16:34:23 - [TEST_STEP][PASSED] - M4_total_bonus_spins = M4_total_bonus_spins: null

2019-08-15 16:34:23 - [TEST_STEP][PASSED] - spin_result = sendRequestAndVerify(findTestObject("STG/RGS(M4)/1_M4_spin", ["M4_login_user_id":M4_login_user_id, "rgs_session_token":rgs_session_token, "partner":Partner])): Send request and verify the response successfully

2019-08-15 16:34:24 - [TEST_CASE][PASSED] - Start Test Case : Verification: Verification accomplished successfully

2019-08-15 16:34:24 - [TEST_STEP][PASSED] - request = getInstance().getCurrentRequest(): null

2019-08-15 16:34:24 - [TEST_STEP][PASSED] - response = getInstance().getCurrentResponse(): null

2019-08-15 16:34:24 - [TEST_STEP][PASSED] - verifyResponseStatusCode(response, 200): Verify response status code successfully

2019-08-15 16:34:24 - [MESSAGE][PASSED] - Verify response status code successfully

2019-08-15 16:34:24 - [TEST_STEP][PASSED] - getStatusCode()).isEqualTo(200): null

2019-08-15 16:34:24 - [TEST_STEP][PASSED] - newline = System.getProperty("line.separator"): null

2019-08-15 16:34:24 - [TEST_STEP][PASSED] - M4_spin = new groovy.json.JsonSlurper(): null

2019-08-15 16:34:24 - [TEST_STEP][PASSED] - result_M4_spin = M4_spin.parseText(response.getResponseBodyContent()): null

2019-08-15 16:34:24 - [TEST_STEP][PASSED] - M4_spin_current_balance = current_balance: null

2019-08-15 16:34:24 - [TEST_STEP][PASSED] - M4_spin_current_balance = M4_spin_current_balance: null

2019-08-15 16:34:24 - [TEST_STEP][PASSED] - M4_spin_transaction_id = causality: null

2019-08-15 16:34:24 - [TEST_STEP][PASSED] - M4_spin_transaction_id = M4_spin_transaction_id: null

2019-08-15 16:34:24 - [TEST_STEP][PASSED] - M4_spin_round_id = round_id: null

2019-08-15 16:34:24 - [TEST_STEP][PASSED] - M4_spin_round_id = M4_spin_round_id: null

2019-08-15 16:34:24 - [TEST_STEP][PASSED] - M4_spin_line_wins = line_wins: null

2019-08-15 16:34:24 - [TEST_STEP][PASSED] - M4_spin_line_wins = M4_spin_line_wins: null

2019-08-15 16:34:24 - [TEST_STEP][PASSED] - M4_total_bonus_spins_int = total_bonus_spins: null

2019-08-15 16:34:24 - [TEST_STEP][PASSED] - println("******M4_total_bonus_spins type is:*******" + newline + getClass().getName()): null

2019-08-15 16:34:24 - [TEST_STEP][PASSED] - M4_total_bonus_spins_int = M4_total_bonus_spins_int: null

2019-08-15 16:34:24 - [TEST_STEP][PASSED] - M4_total_bonus_spins = Integer.toString(M4_total_bonus_spins_int): null

2019-08-15 16:34:24 - [TEST_STEP][PASSED] - M4_total_bonus_spins = M4_total_bonus_spins: null

2019-08-15 16:34:24 - [TEST_STEP][PASSED] - println("M4_total_bonus_spins is:" + M4_total_bonus_spins): null

2019-08-15 16:34:24 - [TEST_STEP][PASSED] - M4_spin_bonus_data = bonus_data: null

2019-08-15 16:34:24 - [TEST_STEP][PASSED] - M4_spin_features_triggered = result_M4_spin: null

2019-08-15 16:34:24 - [TEST_STEP][PASSED] - wild = []: null

2019-08-15 16:34:24 - [TEST_STEP][PASSED] - wild[0] = "WILD_Expanding": null

2019-08-15 16:34:24 - [TEST_STEP][PASSED] - wild[1] = "WILD_Normal": null

2019-08-15 16:34:24 - [TEST_STEP][PASSED] - wild[2] = "WILD_Double": null

2019-08-15 16:34:24 - [TEST_STEP][PASSED] - wild[3] = "WILD_ExtraFG": null

2019-08-15 16:34:24 - [TEST_STEP][PASSED] - wild[4] = "WILD_Triple": null

2019-08-15 16:34:24 - [TEST_STEP][PASSED] - wildList = Arrays.asList(wild): null

2019-08-15 16:34:24 - [TEST_STEP][PASSED] - wildList = wildList: null

2019-08-15 16:34:24 - [TEST_STEP][PASSED] - free_spin_reel_counter = []: null

2019-08-15 16:34:24 - [TEST_STEP][PASSED] - free_spin_reel_counter[0] = 0: null

2019-08-15 16:34:24 - [TEST_STEP][PASSED] - free_spin_reel_counter[1] = 0: null

2019-08-15 16:34:24 - [TEST_STEP][PASSED] - free_spin_reel_counter[2] = 0: null

2019-08-15 16:34:24 - [TEST_STEP][PASSED] - M4_spin_reels = reels: null

2019-08-15 16:34:24 - [TEST_STEP][PASSED] - for ([i = 0, i &lt; M4_spin_reels.size(), (i++)]): null

2019-08-15 16:34:24 - [TEST_STEP][PASSED] - symbols = symbols: null

2019-08-15 16:34:24 - [TEST_STEP][PASSED] - for ([j = 0, j &lt; symbols.size(), (j++)]): null

2019-08-15 16:34:24 - [TEST_STEP][PASSED] - symbol = symbol: null

2019-08-15 16:34:24 - [TEST_STEP][PASSED] - println(symbol): null

2019-08-15 16:34:24 - [TEST_STEP][PASSED] - if (i == 2 &amp;&amp; wildList.indexOf(symbol) != -1): null

2019-08-15 16:34:24 - [TEST_STEP][PASSED] - if (i == 3 &amp;&amp; wildList.indexOf(symbol) != -1): null

2019-08-15 16:34:24 - [TEST_STEP][PASSED] - if (i == 4 &amp;&amp; wildList.indexOf(symbol) != -1): null

2019-08-15 16:34:24 - [TEST_STEP][PASSED] - symbol = symbol: null

2019-08-15 16:34:24 - [TEST_STEP][PASSED] - println(symbol): null

2019-08-15 16:34:24 - [TEST_STEP][PASSED] - if (i == 2 &amp;&amp; wildList.indexOf(symbol) != -1): null

2019-08-15 16:34:24 - [TEST_STEP][PASSED] - if (i == 3 &amp;&amp; wildList.indexOf(symbol) != -1): null

2019-08-15 16:34:24 - [TEST_STEP][PASSED] - if (i == 4 &amp;&amp; wildList.indexOf(symbol) != -1): null

2019-08-15 16:34:24 - [TEST_STEP][PASSED] - symbol = symbol: null

2019-08-15 16:34:24 - [TEST_STEP][PASSED] - println(symbol): null

2019-08-15 16:34:24 - [TEST_STEP][PASSED] - if (i == 2 &amp;&amp; wildList.indexOf(symbol) != -1): null

2019-08-15 16:34:24 - [TEST_STEP][PASSED] - if (i == 3 &amp;&amp; wildList.indexOf(symbol) != -1): null

2019-08-15 16:34:24 - [TEST_STEP][PASSED] - if (i == 4 &amp;&amp; wildList.indexOf(symbol) != -1): null

2019-08-15 16:34:24 - [TEST_STEP][PASSED] - symbols = symbols: null

2019-08-15 16:34:24 - [TEST_STEP][PASSED] - for ([j = 0, j &lt; symbols.size(), (j++)]): null

2019-08-15 16:34:24 - [TEST_STEP][PASSED] - symbol = symbol: null

2019-08-15 16:34:24 - [TEST_STEP][PASSED] - println(symbol): null

2019-08-15 16:34:24 - [TEST_STEP][PASSED] - if (i == 2 &amp;&amp; wildList.indexOf(symbol) != -1): null

2019-08-15 16:34:24 - [TEST_STEP][PASSED] - if (i == 3 &amp;&amp; wildList.indexOf(symbol) != -1): null

2019-08-15 16:34:24 - [TEST_STEP][PASSED] - if (i == 4 &amp;&amp; wildList.indexOf(symbol) != -1): null

2019-08-15 16:34:24 - [TEST_STEP][PASSED] - symbol = symbol: null

2019-08-15 16:34:24 - [TEST_STEP][PASSED] - println(symbol): null

2019-08-15 16:34:24 - [TEST_STEP][PASSED] - if (i == 2 &amp;&amp; wildList.indexOf(symbol) != -1): null

2019-08-15 16:34:24 - [TEST_STEP][PASSED] - if (i == 3 &amp;&amp; wildList.indexOf(symbol) != -1): null

2019-08-15 16:34:24 - [TEST_STEP][PASSED] - if (i == 4 &amp;&amp; wildList.indexOf(symbol) != -1): null

2019-08-15 16:34:24 - [TEST_STEP][PASSED] - symbol = symbol: null

2019-08-15 16:34:24 - [TEST_STEP][PASSED] - println(symbol): null

2019-08-15 16:34:24 - [TEST_STEP][PASSED] - if (i == 2 &amp;&amp; wildList.indexOf(symbol) != -1): null

2019-08-15 16:34:24 - [TEST_STEP][PASSED] - if (i == 3 &amp;&amp; wildList.indexOf(symbol) != -1): null

2019-08-15 16:34:24 - [TEST_STEP][PASSED] - if (i == 4 &amp;&amp; wildList.indexOf(symbol) != -1): null

2019-08-15 16:34:24 - [TEST_STEP][PASSED] - symbols = symbols: null

2019-08-15 16:34:24 - [TEST_STEP][PASSED] - for ([j = 0, j &lt; symbols.size(), (j++)]): null

2019-08-15 16:34:24 - [TEST_STEP][PASSED] - symbol = symbol: null

2019-08-15 16:34:24 - [TEST_STEP][PASSED] - println(symbol): null

2019-08-15 16:34:24 - [TEST_STEP][PASSED] - if (i == 2 &amp;&amp; wildList.indexOf(symbol) != -1): null

2019-08-15 16:34:24 - [TEST_STEP][PASSED] - if (i == 3 &amp;&amp; wildList.indexOf(symbol) != -1): null

2019-08-15 16:34:24 - [TEST_STEP][PASSED] - if (i == 4 &amp;&amp; wildList.indexOf(symbol) != -1): null

2019-08-15 16:34:24 - [TEST_STEP][PASSED] - symbol = symbol: null

2019-08-15 16:34:24 - [TEST_STEP][PASSED] - println(symbol): null

2019-08-15 16:34:24 - [TEST_STEP][PASSED] - if (i == 2 &amp;&amp; wildList.indexOf(symbol) != -1): null

2019-08-15 16:34:24 - [TEST_STEP][PASSED] - if (i == 3 &amp;&amp; wildList.indexOf(symbol) != -1): null

2019-08-15 16:34:24 - [TEST_STEP][PASSED] - if (i == 4 &amp;&amp; wildList.indexOf(symbol) != -1): null

2019-08-15 16:34:24 - [TEST_STEP][PASSED] - symbol = symbol: null

2019-08-15 16:34:24 - [TEST_STEP][PASSED] - println(symbol): null

2019-08-15 16:34:24 - [TEST_STEP][PASSED] - if (i == 2 &amp;&amp; wildList.indexOf(symbol) != -1): null

2019-08-15 16:34:24 - [TEST_STEP][PASSED] - if (i == 3 &amp;&amp; wildList.indexOf(symbol) != -1): null

2019-08-15 16:34:24 - [TEST_STEP][PASSED] - if (i == 4 &amp;&amp; wildList.indexOf(symbol) != -1): null

2019-08-15 16:34:24 - [TEST_STEP][PASSED] - symbols = symbols: null

2019-08-15 16:34:24 - [TEST_STEP][PASSED] - for ([j = 0, j &lt; symbols.size(), (j++)]): null

2019-08-15 16:34:24 - [TEST_STEP][PASSED] - symbol = symbol: null

2019-08-15 16:34:24 - [TEST_STEP][PASSED] - println(symbol): null

2019-08-15 16:34:24 - [TEST_STEP][PASSED] - if (i == 2 &amp;&amp; wildList.indexOf(symbol) != -1): null

2019-08-15 16:34:24 - [TEST_STEP][PASSED] - if (i == 3 &amp;&amp; wildList.indexOf(symbol) != -1): null

2019-08-15 16:34:24 - [TEST_STEP][PASSED] - if (i == 4 &amp;&amp; wildList.indexOf(symbol) != -1): null

2019-08-15 16:34:24 - [TEST_STEP][PASSED] - symbol = symbol: null

2019-08-15 16:34:24 - [TEST_STEP][PASSED] - println(symbol): null

2019-08-15 16:34:24 - [TEST_STEP][PASSED] - if (i == 2 &amp;&amp; wildList.indexOf(symbol) != -1): null

2019-08-15 16:34:24 - [TEST_STEP][PASSED] - if (i == 3 &amp;&amp; wildList.indexOf(symbol) != -1): null

2019-08-15 16:34:24 - [TEST_STEP][PASSED] - if (i == 4 &amp;&amp; wildList.indexOf(symbol) != -1): null

2019-08-15 16:34:24 - [TEST_STEP][PASSED] - symbol = symbol: null

2019-08-15 16:34:24 - [TEST_STEP][PASSED] - println(symbol): null

2019-08-15 16:34:24 - [TEST_STEP][PASSED] - if (i == 2 &amp;&amp; wildList.indexOf(symbol) != -1): null

2019-08-15 16:34:24 - [TEST_STEP][PASSED] - if (i == 3 &amp;&amp; wildList.indexOf(symbol) != -1): null

2019-08-15 16:34:24 - [TEST_STEP][PASSED] - if (i == 4 &amp;&amp; wildList.indexOf(symbol) != -1): null

2019-08-15 16:34:24 - [TEST_STEP][PASSED] - symbols = symbols: null

2019-08-15 16:34:24 - [TEST_STEP][PASSED] - for ([j = 0, j &lt; symbols.size(), (j++)]): null

2019-08-15 16:34:24 - [TEST_STEP][PASSED] - symbol = symbol: null

2019-08-15 16:34:24 - [TEST_STEP][PASSED] - println(symbol): null

2019-08-15 16:34:24 - [TEST_STEP][PASSED] - if (i == 2 &amp;&amp; wildList.indexOf(symbol) != -1): null

2019-08-15 16:34:24 - [TEST_STEP][PASSED] - if (i == 3 &amp;&amp; wildList.indexOf(symbol) != -1): null

2019-08-15 16:34:24 - [TEST_STEP][PASSED] - if (i == 4 &amp;&amp; wildList.indexOf(symbol) != -1): null

2019-08-15 16:34:24 - [TEST_STEP][PASSED] - symbol = symbol: null

2019-08-15 16:34:24 - [TEST_STEP][PASSED] - println(symbol): null

2019-08-15 16:34:24 - [TEST_STEP][PASSED] - if (i == 2 &amp;&amp; wildList.indexOf(symbol) != -1): null

2019-08-15 16:34:24 - [TEST_STEP][PASSED] - if (i == 3 &amp;&amp; wildList.indexOf(symbol) != -1): null

2019-08-15 16:34:24 - [TEST_STEP][PASSED] - if (i == 4 &amp;&amp; wildList.indexOf(symbol) != -1): null

2019-08-15 16:34:24 - [TEST_STEP][PASSED] - symbol = symbol: null

2019-08-15 16:34:24 - [TEST_STEP][PASSED] - println(symbol): null

2019-08-15 16:34:24 - [TEST_STEP][PASSED] - if (i == 2 &amp;&amp; wildList.indexOf(symbol) != -1): null

2019-08-15 16:34:24 - [TEST_STEP][PASSED] - if (i == 3 &amp;&amp; wildList.indexOf(symbol) != -1): null

2019-08-15 16:34:24 - [TEST_STEP][PASSED] - if (i == 4 &amp;&amp; wildList.indexOf(symbol) != -1): null

2019-08-15 16:34:24 - [TEST_STEP][PASSED] - free_spin_reel_counter = free_spin_reel_counter: null

2019-08-15 16:34:24 - [TEST_STEP][PASSED] - println("reel 3 wild found: " + free_spin_reel_counter[0]): null

2019-08-15 16:34:24 - [TEST_STEP][PASSED] - println("reel 4 wild found: " + free_spin_reel_counter[1]): null

2019-08-15 16:34:24 - [TEST_STEP][PASSED] - println("reel 5 wild found: " + free_spin_reel_counter[2]): null

2019-08-15 16:34:24 - [TEST_STEP][PASSED] - M4_spin_reels = M4_spin_reels: null

2019-08-15 16:34:24 - [TEST_STEP][PASSED] - M4_spin_reels_symbols = symbol: null

2019-08-15 16:34:24 - [TEST_STEP][PASSED] - M4_spin_reels_symbols = M4_spin_reels_symbols: null

2019-08-15 16:34:24 - [TEST_STEP][PASSED] - M4_spin_reel_wins = reel_wins: null

2019-08-15 16:34:24 - [TEST_STEP][PASSED] - M4_spin_reel_wins = M4_spin_reel_wins: null

2019-08-15 16:34:24 - [TEST_STEP][PASSED] - println("GlobalVariable.M4_spin_reel_wins is: " + M4_spin_reel_wins): null

2019-08-15 16:34:24 - [TEST_STEP][PASSED] - M4_spin_total_bonus_win_this_round = total_bonus_win_this_round: null

2019-08-15 16:34:24 - [TEST_STEP][PASSED] - M4_spin_total_bonus_win_this_round = M4_spin_total_bonus_win_this_round: null

2019-08-15 16:34:24 - [TEST_STEP][PASSED] - println("GlobalVariable.M4_spin_total_bonus_win_this_round is: " + M4_spin_total_bonus_win_this_round): null

2019-08-15 16:34:24 - [MESSAGE][PASSED] - Verify response successfully

2019-08-15 16:34:24 - [MESSAGE][PASSED] - Send request and verify the response successfully

2019-08-15 16:34:24 - [TEST_STEP][PASSED] - if (M4_total_bonus_spins_int != 0 &amp;&amp; M4_spin_reels_symbols[2].contains("WILD_Normal") || M4_spin_reels_symbols[3].contains("WILD_Normal") || M4_spin_reels_symbols[4].contains("WILD_Normal")): null

2019-08-15 16:34:24 - [TEST_STEP][PASSED] - free_spin_reel_counter = free_spin_reel_counter: null

2019-08-15 16:34:24 - [TEST_STEP][PASSED] - M4_spin_reels_symbols = M4_spin_reels_symbols: null

2019-08-15 16:34:24 - [TEST_STEP][PASSED] - M4_total_bonus_spins = M4_total_bonus_spins: null

2019-08-15 16:34:24 - [TEST_STEP][PASSED] - spin_result = sendRequestAndVerify(findTestObject("STG/RGS(M4)/1_M4_spin", ["M4_login_user_id":M4_login_user_id, "rgs_session_token":rgs_session_token, "partner":Partner])): Send request and verify the response successfully

2019-08-15 16:34:24 - [TEST_CASE][PASSED] - Start Test Case : Verification: Verification accomplished successfully

2019-08-15 16:34:24 - [TEST_STEP][PASSED] - request = getInstance().getCurrentRequest(): null

2019-08-15 16:34:24 - [TEST_STEP][PASSED] - response = getInstance().getCurrentResponse(): null

2019-08-15 16:34:24 - [TEST_STEP][PASSED] - verifyResponseStatusCode(response, 200): Verify response status code successfully

2019-08-15 16:34:24 - [MESSAGE][PASSED] - Verify response status code successfully

2019-08-15 16:34:24 - [TEST_STEP][PASSED] - getStatusCode()).isEqualTo(200): null

2019-08-15 16:34:24 - [TEST_STEP][PASSED] - newline = System.getProperty("line.separator"): null

2019-08-15 16:34:24 - [TEST_STEP][PASSED] - M4_spin = new groovy.json.JsonSlurper(): null

2019-08-15 16:34:24 - [TEST_STEP][PASSED] - result_M4_spin = M4_spin.parseText(response.getResponseBodyContent()): null

2019-08-15 16:34:24 - [TEST_STEP][PASSED] - M4_spin_current_balance = current_balance: null

2019-08-15 16:34:24 - [TEST_STEP][PASSED] - M4_spin_current_balance = M4_spin_current_balance: null

2019-08-15 16:34:24 - [TEST_STEP][PASSED] - M4_spin_transaction_id = causality: null

2019-08-15 16:34:24 - [TEST_STEP][PASSED] - M4_spin_transaction_id = M4_spin_transaction_id: null

2019-08-15 16:34:24 - [TEST_STEP][PASSED] - M4_spin_round_id = round_id: null

2019-08-15 16:34:24 - [TEST_STEP][PASSED] - M4_spin_round_id = M4_spin_round_id: null

2019-08-15 16:34:24 - [TEST_STEP][PASSED] - M4_spin_line_wins = line_wins: null

2019-08-15 16:34:24 - [TEST_STEP][PASSED] - M4_spin_line_wins = M4_spin_line_wins: null

2019-08-15 16:34:24 - [TEST_STEP][PASSED] - M4_total_bonus_spins_int = total_bonus_spins: null

2019-08-15 16:34:24 - [TEST_STEP][PASSED] - println("******M4_total_bonus_spins type is:*******" + newline + getClass().getName()): null

2019-08-15 16:34:24 - [TEST_STEP][PASSED] - M4_total_bonus_spins_int = M4_total_bonus_spins_int: null

2019-08-15 16:34:24 - [TEST_STEP][PASSED] - M4_total_bonus_spins = Integer.toString(M4_total_bonus_spins_int): null

2019-08-15 16:34:24 - [TEST_STEP][PASSED] - M4_total_bonus_spins = M4_total_bonus_spins: null

2019-08-15 16:34:24 - [TEST_STEP][PASSED] - println("M4_total_bonus_spins is:" + M4_total_bonus_spins): null

2019-08-15 16:34:24 - [TEST_STEP][PASSED] - M4_spin_bonus_data = bonus_data: null

2019-08-15 16:34:24 - [TEST_STEP][PASSED] - M4_spin_features_triggered = result_M4_spin: null

2019-08-15 16:34:24 - [TEST_STEP][PASSED] - wild = []: null

2019-08-15 16:34:24 - [TEST_STEP][PASSED] - wild[0] = "WILD_Expanding": null

2019-08-15 16:34:24 - [TEST_STEP][PASSED] - wild[1] = "WILD_Normal": null

2019-08-15 16:34:24 - [TEST_STEP][PASSED] - wild[2] = "WILD_Double": null

2019-08-15 16:34:24 - [TEST_STEP][PASSED] - wild[3] = "WILD_ExtraFG": null

2019-08-15 16:34:24 - [TEST_STEP][PASSED] - wild[4] = "WILD_Triple": null

2019-08-15 16:34:24 - [TEST_STEP][PASSED] - wildList = Arrays.asList(wild): null

2019-08-15 16:34:24 - [TEST_STEP][PASSED] - wildList = wildList: null

2019-08-15 16:34:24 - [TEST_STEP][PASSED] - free_spin_reel_counter = []: null

2019-08-15 16:34:24 - [TEST_STEP][PASSED] - free_spin_reel_counter[0] = 0: null

2019-08-15 16:34:24 - [TEST_STEP][PASSED] - free_spin_reel_counter[1] = 0: null

2019-08-15 16:34:24 - [TEST_STEP][PASSED] - free_spin_reel_counter[2] = 0: null

2019-08-15 16:34:24 - [TEST_STEP][PASSED] - M4_spin_reels = reels: null

2019-08-15 16:34:24 - [TEST_STEP][PASSED] - for ([i = 0, i &lt; M4_spin_reels.size(), (i++)]): null

2019-08-15 16:34:24 - [TEST_STEP][PASSED] - symbols = symbols: null

2019-08-15 16:34:24 - [TEST_STEP][PASSED] - for ([j = 0, j &lt; symbols.size(), (j++)]): null

2019-08-15 16:34:24 - [TEST_STEP][PASSED] - symbol = symbol: null

2019-08-15 16:34:24 - [TEST_STEP][PASSED] - println(symbol): null

2019-08-15 16:34:24 - [TEST_STEP][PASSED] - if (i == 2 &amp;&amp; wildList.indexOf(symbol) != -1): null

2019-08-15 16:34:24 - [TEST_STEP][PASSED] - if (i == 3 &amp;&amp; wildList.indexOf(symbol) != -1): null

2019-08-15 16:34:24 - [TEST_STEP][PASSED] - if (i == 4 &amp;&amp; wildList.indexOf(symbol) != -1): null

2019-08-15 16:34:24 - [TEST_STEP][PASSED] - symbol = symbol: null

2019-08-15 16:34:24 - [TEST_STEP][PASSED] - println(symbol): null

2019-08-15 16:34:24 - [TEST_STEP][PASSED] - if (i == 2 &amp;&amp; wildList.indexOf(symbol) != -1): null

2019-08-15 16:34:24 - [TEST_STEP][PASSED] - if (i == 3 &amp;&amp; wildList.indexOf(symbol) != -1): null

2019-08-15 16:34:24 - [TEST_STEP][PASSED] - if (i == 4 &amp;&amp; wildList.indexOf(symbol) != -1): null

2019-08-15 16:34:24 - [TEST_STEP][PASSED] - symbol = symbol: null

2019-08-15 16:34:24 - [TEST_STEP][PASSED] - println(symbol): null

2019-08-15 16:34:24 - [TEST_STEP][PASSED] - if (i == 2 &amp;&amp; wildList.indexOf(symbol) != -1): null

2019-08-15 16:34:24 - [TEST_STEP][PASSED] - if (i == 3 &amp;&amp; wildList.indexOf(symbol) != -1): null

2019-08-15 16:34:24 - [TEST_STEP][PASSED] - if (i == 4 &amp;&amp; wildList.indexOf(symbol) != -1): null

2019-08-15 16:34:24 - [TEST_STEP][PASSED] - symbols = symbols: null

2019-08-15 16:34:24 - [TEST_STEP][PASSED] - for ([j = 0, j &lt; symbols.size(), (j++)]): null

2019-08-15 16:34:24 - [TEST_STEP][PASSED] - symbol = symbol: null

2019-08-15 16:34:24 - [TEST_STEP][PASSED] - println(symbol): null

2019-08-15 16:34:24 - [TEST_STEP][PASSED] - if (i == 2 &amp;&amp; wildList.indexOf(symbol) != -1): null

2019-08-15 16:34:24 - [TEST_STEP][PASSED] - if (i == 3 &amp;&amp; wildList.indexOf(symbol) != -1): null

2019-08-15 16:34:24 - [TEST_STEP][PASSED] - if (i == 4 &amp;&amp; wildList.indexOf(symbol) != -1): null

2019-08-15 16:34:24 - [TEST_STEP][PASSED] - symbol = symbol: null

2019-08-15 16:34:24 - [TEST_STEP][PASSED] - println(symbol): null

2019-08-15 16:34:24 - [TEST_STEP][PASSED] - if (i == 2 &amp;&amp; wildList.indexOf(symbol) != -1): null

2019-08-15 16:34:24 - [TEST_STEP][PASSED] - if (i == 3 &amp;&amp; wildList.indexOf(symbol) != -1): null

2019-08-15 16:34:24 - [TEST_STEP][PASSED] - if (i == 4 &amp;&amp; wildList.indexOf(symbol) != -1): null

2019-08-15 16:34:24 - [TEST_STEP][PASSED] - symbol = symbol: null

2019-08-15 16:34:24 - [TEST_STEP][PASSED] - println(symbol): null

2019-08-15 16:34:24 - [TEST_STEP][PASSED] - if (i == 2 &amp;&amp; wildList.indexOf(symbol) != -1): null

2019-08-15 16:34:24 - [TEST_STEP][PASSED] - if (i == 3 &amp;&amp; wildList.indexOf(symbol) != -1): null

2019-08-15 16:34:24 - [TEST_STEP][PASSED] - if (i == 4 &amp;&amp; wildList.indexOf(symbol) != -1): null

2019-08-15 16:34:24 - [TEST_STEP][PASSED] - symbols = symbols: null

2019-08-15 16:34:24 - [TEST_STEP][PASSED] - for ([j = 0, j &lt; symbols.size(), (j++)]): null

2019-08-15 16:34:24 - [TEST_STEP][PASSED] - symbol = symbol: null

2019-08-15 16:34:24 - [TEST_STEP][PASSED] - println(symbol): null

2019-08-15 16:34:24 - [TEST_STEP][PASSED] - if (i == 2 &amp;&amp; wildList.indexOf(symbol) != -1): null

2019-08-15 16:34:24 - [TEST_STEP][PASSED] - if (i == 3 &amp;&amp; wildList.indexOf(symbol) != -1): null

2019-08-15 16:34:24 - [TEST_STEP][PASSED] - if (i == 4 &amp;&amp; wildList.indexOf(symbol) != -1): null

2019-08-15 16:34:24 - [TEST_STEP][PASSED] - symbol = symbol: null

2019-08-15 16:34:24 - [TEST_STEP][PASSED] - println(symbol): null

2019-08-15 16:34:24 - [TEST_STEP][PASSED] - if (i == 2 &amp;&amp; wildList.indexOf(symbol) != -1): null

2019-08-15 16:34:24 - [TEST_STEP][PASSED] - println("wild found on reel 3, adding counter by 1"): null

2019-08-15 16:34:24 - [TEST_STEP][PASSED] - free_spin_reel_counter[0] = free_spin_reel_counter[0] + 1: null

2019-08-15 16:34:24 - [TEST_STEP][PASSED] - if (i == 3 &amp;&amp; wildList.indexOf(symbol) != -1): null

2019-08-15 16:34:24 - [TEST_STEP][PASSED] - if (i == 4 &amp;&amp; wildList.indexOf(symbol) != -1): null

2019-08-15 16:34:24 - [TEST_STEP][PASSED] - symbol = symbol: null

2019-08-15 16:34:24 - [TEST_STEP][PASSED] - println(symbol): null

2019-08-15 16:34:24 - [TEST_STEP][PASSED] - if (i == 2 &amp;&amp; wildList.indexOf(symbol) != -1): null

2019-08-15 16:34:24 - [TEST_STEP][PASSED] - if (i == 3 &amp;&amp; wildList.indexOf(symbol) != -1): null

2019-08-15 16:34:24 - [TEST_STEP][PASSED] - if (i == 4 &amp;&amp; wildList.indexOf(symbol) != -1): null

2019-08-15 16:34:24 - [TEST_STEP][PASSED] - symbols = symbols: null

2019-08-15 16:34:24 - [TEST_STEP][PASSED] - for ([j = 0, j &lt; symbols.size(), (j++)]): null

2019-08-15 16:34:24 - [TEST_STEP][PASSED] - symbol = symbol: null

2019-08-15 16:34:24 - [TEST_STEP][PASSED] - println(symbol): null

2019-08-15 16:34:24 - [TEST_STEP][PASSED] - if (i == 2 &amp;&amp; wildList.indexOf(symbol) != -1): null

2019-08-15 16:34:24 - [TEST_STEP][PASSED] - if (i == 3 &amp;&amp; wildList.indexOf(symbol) != -1): null

2019-08-15 16:34:24 - [TEST_STEP][PASSED] - if (i == 4 &amp;&amp; wildList.indexOf(symbol) != -1): null

2019-08-15 16:34:24 - [TEST_STEP][PASSED] - symbol = symbol: null

2019-08-15 16:34:24 - [TEST_STEP][PASSED] - println(symbol): null

2019-08-15 16:34:24 - [TEST_STEP][PASSED] - if (i == 2 &amp;&amp; wildList.indexOf(symbol) != -1): null

2019-08-15 16:34:24 - [TEST_STEP][PASSED] - if (i == 3 &amp;&amp; wildList.indexOf(symbol) != -1): null

2019-08-15 16:34:24 - [TEST_STEP][PASSED] - if (i == 4 &amp;&amp; wildList.indexOf(symbol) != -1): null

2019-08-15 16:34:24 - [TEST_STEP][PASSED] - symbol = symbol: null

2019-08-15 16:34:24 - [TEST_STEP][PASSED] - println(symbol): null

2019-08-15 16:34:24 - [TEST_STEP][PASSED] - if (i == 2 &amp;&amp; wildList.indexOf(symbol) != -1): null

2019-08-15 16:34:24 - [TEST_STEP][PASSED] - if (i == 3 &amp;&amp; wildList.indexOf(symbol) != -1): null

2019-08-15 16:34:24 - [TEST_STEP][PASSED] - if (i == 4 &amp;&amp; wildList.indexOf(symbol) != -1): null

2019-08-15 16:34:24 - [TEST_STEP][PASSED] - symbols = symbols: null

2019-08-15 16:34:24 - [TEST_STEP][PASSED] - for ([j = 0, j &lt; symbols.size(), (j++)]): null

2019-08-15 16:34:24 - [TEST_STEP][PASSED] - symbol = symbol: null

2019-08-15 16:34:24 - [TEST_STEP][PASSED] - println(symbol): null

2019-08-15 16:34:24 - [TEST_STEP][PASSED] - if (i == 2 &amp;&amp; wildList.indexOf(symbol) != -1): null

2019-08-15 16:34:24 - [TEST_STEP][PASSED] - if (i == 3 &amp;&amp; wildList.indexOf(symbol) != -1): null

2019-08-15 16:34:24 - [TEST_STEP][PASSED] - if (i == 4 &amp;&amp; wildList.indexOf(symbol) != -1): null

2019-08-15 16:34:24 - [TEST_STEP][PASSED] - symbol = symbol: null

2019-08-15 16:34:24 - [TEST_STEP][PASSED] - println(symbol): null

2019-08-15 16:34:24 - [TEST_STEP][PASSED] - if (i == 2 &amp;&amp; wildList.indexOf(symbol) != -1): null

2019-08-15 16:34:24 - [TEST_STEP][PASSED] - if (i == 3 &amp;&amp; wildList.indexOf(symbol) != -1): null

2019-08-15 16:34:24 - [TEST_STEP][PASSED] - if (i == 4 &amp;&amp; wildList.indexOf(symbol) != -1): null

2019-08-15 16:34:24 - [TEST_STEP][PASSED] - symbol = symbol: null

2019-08-15 16:34:24 - [TEST_STEP][PASSED] - println(symbol): null

2019-08-15 16:34:24 - [TEST_STEP][PASSED] - if (i == 2 &amp;&amp; wildList.indexOf(symbol) != -1): null

2019-08-15 16:34:24 - [TEST_STEP][PASSED] - if (i == 3 &amp;&amp; wildList.indexOf(symbol) != -1): null

2019-08-15 16:34:24 - [TEST_STEP][PASSED] - if (i == 4 &amp;&amp; wildList.indexOf(symbol) != -1): null

2019-08-15 16:34:24 - [TEST_STEP][PASSED] - free_spin_reel_counter = free_spin_reel_counter: null

2019-08-15 16:34:24 - [TEST_STEP][PASSED] - println("reel 3 wild found: " + free_spin_reel_counter[0]): null

2019-08-15 16:34:24 - [TEST_STEP][PASSED] - println("reel 4 wild found: " + free_spin_reel_counter[1]): null

2019-08-15 16:34:24 - [TEST_STEP][PASSED] - println("reel 5 wild found: " + free_spin_reel_counter[2]): null

2019-08-15 16:34:24 - [TEST_STEP][PASSED] - M4_spin_reels = M4_spin_reels: null

2019-08-15 16:34:24 - [TEST_STEP][PASSED] - M4_spin_reels_symbols = symbol: null

2019-08-15 16:34:24 - [TEST_STEP][PASSED] - M4_spin_reels_symbols = M4_spin_reels_symbols: null

2019-08-15 16:34:24 - [TEST_STEP][PASSED] - M4_spin_reel_wins = reel_wins: null

2019-08-15 16:34:24 - [TEST_STEP][PASSED] - M4_spin_reel_wins = M4_spin_reel_wins: null

2019-08-15 16:34:24 - [TEST_STEP][PASSED] - println("GlobalVariable.M4_spin_reel_wins is: " + M4_spin_reel_wins): null

2019-08-15 16:34:24 - [TEST_STEP][PASSED] - M4_spin_total_bonus_win_this_round = total_bonus_win_this_round: null

2019-08-15 16:34:24 - [TEST_STEP][PASSED] - M4_spin_total_bonus_win_this_round = M4_spin_total_bonus_win_this_round: null

2019-08-15 16:34:24 - [TEST_STEP][PASSED] - println("GlobalVariable.M4_spin_total_bonus_win_this_round is: " + M4_spin_total_bonus_win_this_round): null

2019-08-15 16:34:24 - [MESSAGE][PASSED] - Verify response successfully

2019-08-15 16:34:24 - [MESSAGE][PASSED] - Send request and verify the response successfully

2019-08-15 16:34:24 - [TEST_STEP][PASSED] - if (M4_total_bonus_spins_int != 0 &amp;&amp; M4_spin_reels_symbols[2].contains("WILD_Normal") || M4_spin_reels_symbols[3].contains("WILD_Normal") || M4_spin_reels_symbols[4].contains("WILD_Normal")): null

2019-08-15 16:34:24 - [TEST_STEP][PASSED] - free_spin_reel_counter = free_spin_reel_counter: null

2019-08-15 16:34:24 - [TEST_STEP][PASSED] - M4_spin_reels_symbols = M4_spin_reels_symbols: null

2019-08-15 16:34:24 - [TEST_STEP][PASSED] - M4_total_bonus_spins = M4_total_bonus_spins: null

2019-08-15 16:34:24 - [TEST_STEP][PASSED] - spin_result = sendRequestAndVerify(findTestObject("STG/RGS(M4)/1_M4_spin", ["M4_login_user_id":M4_login_user_id, "rgs_session_token":rgs_session_token, "partner":Partner])): Send request and verify the response successfully

2019-08-15 16:34:24 - [TEST_CASE][PASSED] - Start Test Case : Verification: Verification accomplished successfully

2019-08-15 16:34:24 - [TEST_STEP][PASSED] - request = getInstance().getCurrentRequest(): null

2019-08-15 16:34:24 - [TEST_STEP][PASSED] - response = getInstance().getCurrentResponse(): null

2019-08-15 16:34:29 - [TEST_STEP][PASSED] - verifyResponseStatusCode(response, 200): Verify response status code successfully

2019-08-15 16:34:29 - [MESSAGE][PASSED] - Verify response status code successfully

2019-08-15 16:34:29 - [TEST_STEP][PASSED] - getStatusCode()).isEqualTo(200): null

2019-08-15 16:34:29 - [TEST_STEP][PASSED] - newline = System.getProperty("line.separator"): null

2019-08-15 16:34:29 - [TEST_STEP][PASSED] - M4_spin = new groovy.json.JsonSlurper(): null

2019-08-15 16:34:29 - [TEST_STEP][PASSED] - result_M4_spin = M4_spin.parseText(response.getResponseBodyContent()): null

2019-08-15 16:34:29 - [TEST_STEP][PASSED] - M4_spin_current_balance = current_balance: null

2019-08-15 16:34:29 - [TEST_STEP][PASSED] - M4_spin_current_balance = M4_spin_current_balance: null

2019-08-15 16:34:29 - [TEST_STEP][PASSED] - M4_spin_transaction_id = causality: null

2019-08-15 16:34:29 - [TEST_STEP][PASSED] - M4_spin_transaction_id = M4_spin_transaction_id: null

2019-08-15 16:34:29 - [TEST_STEP][PASSED] - M4_spin_round_id = round_id: null

2019-08-15 16:34:33 - [TEST_STEP][PASSED] - M4_spin_round_id = M4_spin_round_id: null

2019-08-15 16:34:33 - [TEST_STEP][PASSED] - M4_spin_line_wins = line_wins: null

2019-08-15 16:34:33 - [TEST_STEP][PASSED] - M4_spin_line_wins = M4_spin_line_wins: null

2019-08-15 16:34:33 - [TEST_STEP][PASSED] - M4_total_bonus_spins_int = total_bonus_spins: null

2019-08-15 16:34:33 - [TEST_STEP][PASSED] - println("******M4_total_bonus_spins type is:*******" + newline + getClass().getName()): null

2019-08-15 16:34:33 - [TEST_STEP][PASSED] - M4_total_bonus_spins_int = M4_total_bonus_spins_int: null

2019-08-15 16:34:33 - [TEST_STEP][PASSED] - M4_total_bonus_spins = Integer.toString(M4_total_bonus_spins_int): null

2019-08-15 16:34:33 - [TEST_STEP][PASSED] - M4_total_bonus_spins = M4_total_bonus_spins: null

2019-08-15 16:34:33 - [TEST_STEP][PASSED] - println("M4_total_bonus_spins is:" + M4_total_bonus_spins): null

2019-08-15 16:34:33 - [TEST_STEP][PASSED] - M4_spin_bonus_data = bonus_data: null

2019-08-15 16:34:33 - [TEST_STEP][PASSED] - M4_spin_features_triggered = result_M4_spin: null

2019-08-15 16:34:33 - [TEST_STEP][PASSED] - wild = []: null

2019-08-15 16:34:33 - [TEST_STEP][PASSED] - wild[0] = "WILD_Expanding": null

2019-08-15 16:34:33 - [TEST_STEP][PASSED] - wild[1] = "WILD_Normal": null

2019-08-15 16:34:33 - [TEST_STEP][PASSED] - wild[2] = "WILD_Double": null

2019-08-15 16:34:33 - [TEST_STEP][PASSED] - wild[3] = "WILD_ExtraFG": null

2019-08-15 16:34:33 - [TEST_STEP][PASSED] - wild[4] = "WILD_Triple": null

2019-08-15 16:34:33 - [TEST_STEP][PASSED] - wildList = Arrays.asList(wild): null

2019-08-15 16:34:33 - [TEST_STEP][PASSED] - wildList = wildList: null

2019-08-15 16:34:33 - [TEST_STEP][PASSED] - free_spin_reel_counter = []: null

2019-08-15 16:34:33 - [TEST_STEP][PASSED] - free_spin_reel_counter[0] = 0: null

2019-08-15 16:34:33 - [TEST_STEP][PASSED] - free_spin_reel_counter[1] = 0: null

2019-08-15 16:34:33 - [TEST_STEP][PASSED] - free_spin_reel_counter[2] = 0: null

2019-08-15 16:34:33 - [TEST_STEP][PASSED] - M4_spin_reels = reels: null

2019-08-15 16:34:33 - [TEST_STEP][PASSED] - for ([i = 0, i &lt; M4_spin_reels.size(), (i++)]): null

2019-08-15 16:34:33 - [TEST_STEP][PASSED] - symbols = symbols: null

2019-08-15 16:34:33 - [TEST_STEP][PASSED] - for ([j = 0, j &lt; symbols.size(), (j++)]): null

2019-08-15 16:34:33 - [TEST_STEP][PASSED] - symbol = symbol: null

2019-08-15 16:34:33 - [TEST_STEP][PASSED] - println(symbol): null

2019-08-15 16:34:33 - [TEST_STEP][PASSED] - if (i == 2 &amp;&amp; wildList.indexOf(symbol) != -1): null

2019-08-15 16:34:33 - [TEST_STEP][PASSED] - if (i == 3 &amp;&amp; wildList.indexOf(symbol) != -1): null

2019-08-15 16:34:33 - [TEST_STEP][PASSED] - if (i == 4 &amp;&amp; wildList.indexOf(symbol) != -1): null

2019-08-15 16:34:33 - [TEST_STEP][PASSED] - symbol = symbol: null

2019-08-15 16:34:33 - [TEST_STEP][PASSED] - println(symbol): null

2019-08-15 16:34:33 - [TEST_STEP][PASSED] - if (i == 2 &amp;&amp; wildList.indexOf(symbol) != -1): null

2019-08-15 16:34:33 - [TEST_STEP][PASSED] - if (i == 3 &amp;&amp; wildList.indexOf(symbol) != -1): null

2019-08-15 16:34:33 - [TEST_STEP][PASSED] - if (i == 4 &amp;&amp; wildList.indexOf(symbol) != -1): null

2019-08-15 16:34:33 - [TEST_STEP][PASSED] - symbol = symbol: null

2019-08-15 16:34:33 - [TEST_STEP][PASSED] - println(symbol): null

2019-08-15 16:34:33 - [TEST_STEP][PASSED] - if (i == 2 &amp;&amp; wildList.indexOf(symbol) != -1): null

2019-08-15 16:34:33 - [TEST_STEP][PASSED] - if (i == 3 &amp;&amp; wildList.indexOf(symbol) != -1): null

2019-08-15 16:34:33 - [TEST_STEP][PASSED] - if (i == 4 &amp;&amp; wildList.indexOf(symbol) != -1): null

2019-08-15 16:34:33 - [TEST_STEP][PASSED] - symbols = symbols: null

2019-08-15 16:34:33 - [TEST_STEP][PASSED] - for ([j = 0, j &lt; symbols.size(), (j++)]): null

2019-08-15 16:34:33 - [TEST_STEP][PASSED] - symbol = symbol: null

2019-08-15 16:34:33 - [TEST_STEP][PASSED] - println(symbol): null

2019-08-15 16:34:33 - [TEST_STEP][PASSED] - if (i == 2 &amp;&amp; wildList.indexOf(symbol) != -1): null

2019-08-15 16:34:33 - [TEST_STEP][PASSED] - if (i == 3 &amp;&amp; wildList.indexOf(symbol) != -1): null

2019-08-15 16:34:33 - [TEST_STEP][PASSED] - if (i == 4 &amp;&amp; wildList.indexOf(symbol) != -1): null

2019-08-15 16:34:33 - [TEST_STEP][PASSED] - symbol = symbol: null

2019-08-15 16:34:33 - [TEST_STEP][PASSED] - println(symbol): null

2019-08-15 16:34:33 - [TEST_STEP][PASSED] - if (i == 2 &amp;&amp; wildList.indexOf(symbol) != -1): null

2019-08-15 16:34:33 - [TEST_STEP][PASSED] - if (i == 3 &amp;&amp; wildList.indexOf(symbol) != -1): null

2019-08-15 16:34:33 - [TEST_STEP][PASSED] - if (i == 4 &amp;&amp; wildList.indexOf(symbol) != -1): null

2019-08-15 16:34:33 - [TEST_STEP][PASSED] - symbol = symbol: null

2019-08-15 16:34:33 - [TEST_STEP][PASSED] - println(symbol): null

2019-08-15 16:34:33 - [TEST_STEP][PASSED] - if (i == 2 &amp;&amp; wildList.indexOf(symbol) != -1): null

2019-08-15 16:34:33 - [TEST_STEP][PASSED] - if (i == 3 &amp;&amp; wildList.indexOf(symbol) != -1): null

2019-08-15 16:34:33 - [TEST_STEP][PASSED] - if (i == 4 &amp;&amp; wildList.indexOf(symbol) != -1): null

2019-08-15 16:34:33 - [TEST_STEP][PASSED] - symbols = symbols: null

2019-08-15 16:34:33 - [TEST_STEP][PASSED] - for ([j = 0, j &lt; symbols.size(), (j++)]): null

2019-08-15 16:34:33 - [TEST_STEP][PASSED] - symbol = symbol: null

2019-08-15 16:34:33 - [TEST_STEP][PASSED] - println(symbol): null

2019-08-15 16:34:33 - [TEST_STEP][PASSED] - if (i == 2 &amp;&amp; wildList.indexOf(symbol) != -1): null

2019-08-15 16:34:33 - [TEST_STEP][PASSED] - if (i == 3 &amp;&amp; wildList.indexOf(symbol) != -1): null

2019-08-15 16:34:33 - [TEST_STEP][PASSED] - if (i == 4 &amp;&amp; wildList.indexOf(symbol) != -1): null

2019-08-15 16:34:33 - [TEST_STEP][PASSED] - symbol = symbol: null

2019-08-15 16:34:33 - [TEST_STEP][PASSED] - println(symbol): null

2019-08-15 16:34:33 - [TEST_STEP][PASSED] - if (i == 2 &amp;&amp; wildList.indexOf(symbol) != -1): null

2019-08-15 16:34:33 - [TEST_STEP][PASSED] - if (i == 3 &amp;&amp; wildList.indexOf(symbol) != -1): null

2019-08-15 16:34:33 - [TEST_STEP][PASSED] - if (i == 4 &amp;&amp; wildList.indexOf(symbol) != -1): null

2019-08-15 16:34:33 - [TEST_STEP][PASSED] - symbol = symbol: null

2019-08-15 16:34:33 - [TEST_STEP][PASSED] - println(symbol): null

2019-08-15 16:34:33 - [TEST_STEP][PASSED] - if (i == 2 &amp;&amp; wildList.indexOf(symbol) != -1): null

2019-08-15 16:34:33 - [TEST_STEP][PASSED] - if (i == 3 &amp;&amp; wildList.indexOf(symbol) != -1): null

2019-08-15 16:34:33 - [TEST_STEP][PASSED] - if (i == 4 &amp;&amp; wildList.indexOf(symbol) != -1): null

2019-08-15 16:34:33 - [TEST_STEP][PASSED] - symbols = symbols: null

2019-08-15 16:34:33 - [TEST_STEP][PASSED] - for ([j = 0, j &lt; symbols.size(), (j++)]): null

2019-08-15 16:34:33 - [TEST_STEP][PASSED] - symbol = symbol: null

2019-08-15 16:34:33 - [TEST_STEP][PASSED] - println(symbol): null

2019-08-15 16:34:33 - [TEST_STEP][PASSED] - if (i == 2 &amp;&amp; wildList.indexOf(symbol) != -1): null

2019-08-15 16:34:33 - [TEST_STEP][PASSED] - if (i == 3 &amp;&amp; wildList.indexOf(symbol) != -1): null

2019-08-15 16:34:33 - [TEST_STEP][PASSED] - if (i == 4 &amp;&amp; wildList.indexOf(symbol) != -1): null

2019-08-15 16:34:33 - [TEST_STEP][PASSED] - symbol = symbol: null

2019-08-15 16:34:33 - [TEST_STEP][PASSED] - println(symbol): null

2019-08-15 16:34:33 - [TEST_STEP][PASSED] - if (i == 2 &amp;&amp; wildList.indexOf(symbol) != -1): null

2019-08-15 16:34:33 - [TEST_STEP][PASSED] - if (i == 3 &amp;&amp; wildList.indexOf(symbol) != -1): null

2019-08-15 16:34:33 - [TEST_STEP][PASSED] - if (i == 4 &amp;&amp; wildList.indexOf(symbol) != -1): null

2019-08-15 16:34:33 - [TEST_STEP][PASSED] - symbol = symbol: null

2019-08-15 16:34:33 - [TEST_STEP][PASSED] - println(symbol): null

2019-08-15 16:34:33 - [TEST_STEP][PASSED] - if (i == 2 &amp;&amp; wildList.indexOf(symbol) != -1): null

2019-08-15 16:34:33 - [TEST_STEP][PASSED] - if (i == 3 &amp;&amp; wildList.indexOf(symbol) != -1): null

2019-08-15 16:34:33 - [TEST_STEP][PASSED] - if (i == 4 &amp;&amp; wildList.indexOf(symbol) != -1): null

2019-08-15 16:34:33 - [TEST_STEP][PASSED] - symbols = symbols: null

2019-08-15 16:34:33 - [TEST_STEP][PASSED] - for ([j = 0, j &lt; symbols.size(), (j++)]): null

2019-08-15 16:34:33 - [TEST_STEP][PASSED] - symbol = symbol: null

2019-08-15 16:34:33 - [TEST_STEP][PASSED] - println(symbol): null

2019-08-15 16:34:33 - [TEST_STEP][PASSED] - if (i == 2 &amp;&amp; wildList.indexOf(symbol) != -1): null

2019-08-15 16:34:33 - [TEST_STEP][PASSED] - if (i == 3 &amp;&amp; wildList.indexOf(symbol) != -1): null

2019-08-15 16:34:33 - [TEST_STEP][PASSED] - if (i == 4 &amp;&amp; wildList.indexOf(symbol) != -1): null

2019-08-15 16:34:33 - [TEST_STEP][PASSED] - symbol = symbol: null

2019-08-15 16:34:33 - [TEST_STEP][PASSED] - println(symbol): null

2019-08-15 16:34:33 - [TEST_STEP][PASSED] - if (i == 2 &amp;&amp; wildList.indexOf(symbol) != -1): null

2019-08-15 16:34:33 - [TEST_STEP][PASSED] - if (i == 3 &amp;&amp; wildList.indexOf(symbol) != -1): null

2019-08-15 16:34:33 - [TEST_STEP][PASSED] - if (i == 4 &amp;&amp; wildList.indexOf(symbol) != -1): null

2019-08-15 16:34:33 - [TEST_STEP][PASSED] - symbol = symbol: null

2019-08-15 16:34:33 - [TEST_STEP][PASSED] - println(symbol): null

2019-08-15 16:34:33 - [TEST_STEP][PASSED] - if (i == 2 &amp;&amp; wildList.indexOf(symbol) != -1): null

2019-08-15 16:34:33 - [TEST_STEP][PASSED] - if (i == 3 &amp;&amp; wildList.indexOf(symbol) != -1): null

2019-08-15 16:34:33 - [TEST_STEP][PASSED] - if (i == 4 &amp;&amp; wildList.indexOf(symbol) != -1): null

2019-08-15 16:34:33 - [TEST_STEP][PASSED] - free_spin_reel_counter = free_spin_reel_counter: null

2019-08-15 16:34:33 - [TEST_STEP][PASSED] - println("reel 3 wild found: " + free_spin_reel_counter[0]): null

2019-08-15 16:34:33 - [TEST_STEP][PASSED] - println("reel 4 wild found: " + free_spin_reel_counter[1]): null

2019-08-15 16:34:33 - [TEST_STEP][PASSED] - println("reel 5 wild found: " + free_spin_reel_counter[2]): null

2019-08-15 16:34:33 - [TEST_STEP][PASSED] - M4_spin_reels = M4_spin_reels: null

2019-08-15 16:34:33 - [TEST_STEP][PASSED] - M4_spin_reels_symbols = symbol: null

2019-08-15 16:34:33 - [TEST_STEP][PASSED] - M4_spin_reels_symbols = M4_spin_reels_symbols: null

2019-08-15 16:34:33 - [TEST_STEP][PASSED] - M4_spin_reel_wins = reel_wins: null

2019-08-15 16:34:33 - [TEST_STEP][PASSED] - M4_spin_reel_wins = M4_spin_reel_wins: null

2019-08-15 16:34:33 - [TEST_STEP][PASSED] - println("GlobalVariable.M4_spin_reel_wins is: " + M4_spin_reel_wins): null

2019-08-15 16:34:33 - [TEST_STEP][PASSED] - M4_spin_total_bonus_win_this_round = total_bonus_win_this_round: null

2019-08-15 16:34:33 - [TEST_STEP][PASSED] - M4_spin_total_bonus_win_this_round = M4_spin_total_bonus_win_this_round: null

2019-08-15 16:34:33 - [TEST_STEP][PASSED] - println("GlobalVariable.M4_spin_total_bonus_win_this_round is: " + M4_spin_total_bonus_win_this_round): null

2019-08-15 16:34:33 - [MESSAGE][PASSED] - Verify response successfully

2019-08-15 16:34:33 - [MESSAGE][PASSED] - Send request and verify the response successfully

2019-08-15 16:34:33 - [TEST_STEP][PASSED] - if (M4_total_bonus_spins_int != 0 &amp;&amp; M4_spin_reels_symbols[2].contains("WILD_Normal") || M4_spin_reels_symbols[3].contains("WILD_Normal") || M4_spin_reels_symbols[4].contains("WILD_Normal")): null

2019-08-15 16:34:33 - [TEST_STEP][PASSED] - free_spin_reel_counter = free_spin_reel_counter: null

2019-08-15 16:34:33 - [TEST_STEP][PASSED] - M4_spin_reels_symbols = M4_spin_reels_symbols: null

2019-08-15 16:34:33 - [TEST_STEP][PASSED] - M4_total_bonus_spins = M4_total_bonus_spins: null

2019-08-15 16:34:33 - [TEST_STEP][PASSED] - spin_result = sendRequestAndVerify(findTestObject("STG/RGS(M4)/1_M4_spin", ["M4_login_user_id":M4_login_user_id, "rgs_session_token":rgs_session_token, "partner":Partner])): Send request and verify the response successfully

2019-08-15 16:34:33 - [TEST_CASE][PASSED] - Start Test Case : Verification: Verification accomplished successfully

2019-08-15 16:34:33 - [TEST_STEP][PASSED] - request = getInstance().getCurrentRequest(): null

2019-08-15 16:34:33 - [TEST_STEP][PASSED] - response = getInstance().getCurrentResponse(): null

2019-08-15 16:34:33 - [TEST_STEP][PASSED] - verifyResponseStatusCode(response, 200): Verify response status code successfully

2019-08-15 16:34:33 - [MESSAGE][PASSED] - Verify response status code successfully

2019-08-15 16:34:33 - [TEST_STEP][PASSED] - getStatusCode()).isEqualTo(200): null

2019-08-15 16:34:33 - [TEST_STEP][PASSED] - newline = System.getProperty("line.separator"): null

2019-08-15 16:34:33 - [TEST_STEP][PASSED] - M4_spin = new groovy.json.JsonSlurper(): null

2019-08-15 16:34:33 - [TEST_STEP][PASSED] - result_M4_spin = M4_spin.parseText(response.getResponseBodyContent()): null

2019-08-15 16:34:33 - [TEST_STEP][PASSED] - M4_spin_current_balance = current_balance: null

2019-08-15 16:34:33 - [TEST_STEP][PASSED] - M4_spin_current_balance = M4_spin_current_balance: null

2019-08-15 16:34:33 - [TEST_STEP][PASSED] - M4_spin_transaction_id = causality: null

2019-08-15 16:34:33 - [TEST_STEP][PASSED] - M4_spin_transaction_id = M4_spin_transaction_id: null

2019-08-15 16:34:33 - [TEST_STEP][PASSED] - M4_spin_round_id = round_id: null

2019-08-15 16:34:33 - [TEST_STEP][PASSED] - M4_spin_round_id = M4_spin_round_id: null

2019-08-15 16:34:33 - [TEST_STEP][PASSED] - M4_spin_line_wins = line_wins: null

2019-08-15 16:34:33 - [TEST_STEP][PASSED] - M4_spin_line_wins = M4_spin_line_wins: null

2019-08-15 16:34:33 - [TEST_STEP][PASSED] - M4_total_bonus_spins_int = total_bonus_spins: null

2019-08-15 16:34:33 - [TEST_STEP][PASSED] - println("******M4_total_bonus_spins type is:*******" + newline + getClass().getName()): null

2019-08-15 16:34:33 - [TEST_STEP][PASSED] - M4_total_bonus_spins_int = M4_total_bonus_spins_int: null

2019-08-15 16:34:33 - [TEST_STEP][PASSED] - M4_total_bonus_spins = Integer.toString(M4_total_bonus_spins_int): null

2019-08-15 16:34:33 - [TEST_STEP][PASSED] - M4_total_bonus_spins = M4_total_bonus_spins: null

2019-08-15 16:34:33 - [TEST_STEP][PASSED] - println("M4_total_bonus_spins is:" + M4_total_bonus_spins): null

2019-08-15 16:34:33 - [TEST_STEP][PASSED] - M4_spin_bonus_data = bonus_data: null

2019-08-15 16:34:33 - [TEST_STEP][PASSED] - M4_spin_features_triggered = result_M4_spin: null

2019-08-15 16:34:33 - [TEST_STEP][PASSED] - wild = []: null

2019-08-15 16:34:33 - [TEST_STEP][PASSED] - wild[0] = "WILD_Expanding": null

2019-08-15 16:34:33 - [TEST_STEP][PASSED] - wild[1] = "WILD_Normal": null

2019-08-15 16:34:33 - [TEST_STEP][PASSED] - wild[2] = "WILD_Double": null

2019-08-15 16:34:33 - [TEST_STEP][PASSED] - wild[3] = "WILD_ExtraFG": null

2019-08-15 16:34:33 - [TEST_STEP][PASSED] - wild[4] = "WILD_Triple": null

2019-08-15 16:34:33 - [TEST_STEP][PASSED] - wildList = Arrays.asList(wild): null

2019-08-15 16:34:33 - [TEST_STEP][PASSED] - wildList = wildList: null

2019-08-15 16:34:33 - [TEST_STEP][PASSED] - free_spin_reel_counter = []: null

2019-08-15 16:34:33 - [TEST_STEP][PASSED] - free_spin_reel_counter[0] = 0: null

2019-08-15 16:34:33 - [TEST_STEP][PASSED] - free_spin_reel_counter[1] = 0: null

2019-08-15 16:34:33 - [TEST_STEP][PASSED] - free_spin_reel_counter[2] = 0: null

2019-08-15 16:34:33 - [TEST_STEP][PASSED] - M4_spin_reels = reels: null

2019-08-15 16:34:33 - [TEST_STEP][PASSED] - for ([i = 0, i &lt; M4_spin_reels.size(), (i++)]): null

2019-08-15 16:34:33 - [TEST_STEP][PASSED] - symbols = symbols: null

2019-08-15 16:34:33 - [TEST_STEP][PASSED] - for ([j = 0, j &lt; symbols.size(), (j++)]): null

2019-08-15 16:34:33 - [TEST_STEP][PASSED] - symbol = symbol: null

2019-08-15 16:34:33 - [TEST_STEP][PASSED] - println(symbol): null

2019-08-15 16:34:33 - [TEST_STEP][PASSED] - if (i == 2 &amp;&amp; wildList.indexOf(symbol) != -1): null

2019-08-15 16:34:33 - [TEST_STEP][PASSED] - if (i == 3 &amp;&amp; wildList.indexOf(symbol) != -1): null

2019-08-15 16:34:33 - [TEST_STEP][PASSED] - if (i == 4 &amp;&amp; wildList.indexOf(symbol) != -1): null

2019-08-15 16:34:33 - [TEST_STEP][PASSED] - symbol = symbol: null

2019-08-15 16:34:33 - [TEST_STEP][PASSED] - println(symbol): null

2019-08-15 16:34:33 - [TEST_STEP][PASSED] - if (i == 2 &amp;&amp; wildList.indexOf(symbol) != -1): null

2019-08-15 16:34:33 - [TEST_STEP][PASSED] - if (i == 3 &amp;&amp; wildList.indexOf(symbol) != -1): null

2019-08-15 16:34:33 - [TEST_STEP][PASSED] - if (i == 4 &amp;&amp; wildList.indexOf(symbol) != -1): null

2019-08-15 16:34:33 - [TEST_STEP][PASSED] - symbol = symbol: null

2019-08-15 16:34:33 - [TEST_STEP][PASSED] - println(symbol): null

2019-08-15 16:34:33 - [TEST_STEP][PASSED] - if (i == 2 &amp;&amp; wildList.indexOf(symbol) != -1): null

2019-08-15 16:34:33 - [TEST_STEP][PASSED] - if (i == 3 &amp;&amp; wildList.indexOf(symbol) != -1): null

2019-08-15 16:34:33 - [TEST_STEP][PASSED] - if (i == 4 &amp;&amp; wildList.indexOf(symbol) != -1): null

2019-08-15 16:34:33 - [TEST_STEP][PASSED] - symbols = symbols: null

2019-08-15 16:34:33 - [TEST_STEP][PASSED] - for ([j = 0, j &lt; symbols.size(), (j++)]): null

2019-08-15 16:34:33 - [TEST_STEP][PASSED] - symbol = symbol: null

2019-08-15 16:34:33 - [TEST_STEP][PASSED] - println(symbol): null

2019-08-15 16:34:33 - [TEST_STEP][PASSED] - if (i == 2 &amp;&amp; wildList.indexOf(symbol) != -1): null

2019-08-15 16:34:33 - [TEST_STEP][PASSED] - if (i == 3 &amp;&amp; wildList.indexOf(symbol) != -1): null

2019-08-15 16:34:33 - [TEST_STEP][PASSED] - if (i == 4 &amp;&amp; wildList.indexOf(symbol) != -1): null

2019-08-15 16:34:33 - [TEST_STEP][PASSED] - symbol = symbol: null

2019-08-15 16:34:33 - [TEST_STEP][PASSED] - println(symbol): null

2019-08-15 16:34:33 - [TEST_STEP][PASSED] - if (i == 2 &amp;&amp; wildList.indexOf(symbol) != -1): null

2019-08-15 16:34:33 - [TEST_STEP][PASSED] - if (i == 3 &amp;&amp; wildList.indexOf(symbol) != -1): null

2019-08-15 16:34:33 - [TEST_STEP][PASSED] - if (i == 4 &amp;&amp; wildList.indexOf(symbol) != -1): null

2019-08-15 16:34:33 - [TEST_STEP][PASSED] - symbol = symbol: null

2019-08-15 16:34:33 - [TEST_STEP][PASSED] - println(symbol): null

2019-08-15 16:34:33 - [TEST_STEP][PASSED] - if (i == 2 &amp;&amp; wildList.indexOf(symbol) != -1): null

2019-08-15 16:34:33 - [TEST_STEP][PASSED] - if (i == 3 &amp;&amp; wildList.indexOf(symbol) != -1): null

2019-08-15 16:34:33 - [TEST_STEP][PASSED] - if (i == 4 &amp;&amp; wildList.indexOf(symbol) != -1): null

2019-08-15 16:34:33 - [TEST_STEP][PASSED] - symbols = symbols: null

2019-08-15 16:34:33 - [TEST_STEP][PASSED] - for ([j = 0, j &lt; symbols.size(), (j++)]): null

2019-08-15 16:34:33 - [TEST_STEP][PASSED] - symbol = symbol: null

2019-08-15 16:34:33 - [TEST_STEP][PASSED] - println(symbol): null

2019-08-15 16:34:33 - [TEST_STEP][PASSED] - if (i == 2 &amp;&amp; wildList.indexOf(symbol) != -1): null

2019-08-15 16:34:33 - [TEST_STEP][PASSED] - if (i == 3 &amp;&amp; wildList.indexOf(symbol) != -1): null

2019-08-15 16:34:33 - [TEST_STEP][PASSED] - if (i == 4 &amp;&amp; wildList.indexOf(symbol) != -1): null

2019-08-15 16:34:33 - [TEST_STEP][PASSED] - symbol = symbol: null

2019-08-15 16:34:33 - [TEST_STEP][PASSED] - println(symbol): null

2019-08-15 16:34:33 - [TEST_STEP][PASSED] - if (i == 2 &amp;&amp; wildList.indexOf(symbol) != -1): null

2019-08-15 16:34:33 - [TEST_STEP][PASSED] - if (i == 3 &amp;&amp; wildList.indexOf(symbol) != -1): null

2019-08-15 16:34:33 - [TEST_STEP][PASSED] - if (i == 4 &amp;&amp; wildList.indexOf(symbol) != -1): null

2019-08-15 16:34:33 - [TEST_STEP][PASSED] - symbol = symbol: null

2019-08-15 16:34:33 - [TEST_STEP][PASSED] - println(symbol): null

2019-08-15 16:34:33 - [TEST_STEP][PASSED] - if (i == 2 &amp;&amp; wildList.indexOf(symbol) != -1): null

2019-08-15 16:34:33 - [TEST_STEP][PASSED] - if (i == 3 &amp;&amp; wildList.indexOf(symbol) != -1): null

2019-08-15 16:34:33 - [TEST_STEP][PASSED] - if (i == 4 &amp;&amp; wildList.indexOf(symbol) != -1): null

2019-08-15 16:34:33 - [TEST_STEP][PASSED] - symbols = symbols: null

2019-08-15 16:34:33 - [TEST_STEP][PASSED] - for ([j = 0, j &lt; symbols.size(), (j++)]): null

2019-08-15 16:34:33 - [TEST_STEP][PASSED] - symbol = symbol: null

2019-08-15 16:34:33 - [TEST_STEP][PASSED] - println(symbol): null

2019-08-15 16:34:33 - [TEST_STEP][PASSED] - if (i == 2 &amp;&amp; wildList.indexOf(symbol) != -1): null

2019-08-15 16:34:33 - [TEST_STEP][PASSED] - if (i == 3 &amp;&amp; wildList.indexOf(symbol) != -1): null

2019-08-15 16:34:33 - [TEST_STEP][PASSED] - if (i == 4 &amp;&amp; wildList.indexOf(symbol) != -1): null

2019-08-15 16:34:33 - [TEST_STEP][PASSED] - symbol = symbol: null

2019-08-15 16:34:33 - [TEST_STEP][PASSED] - println(symbol): null

2019-08-15 16:34:33 - [TEST_STEP][PASSED] - if (i == 2 &amp;&amp; wildList.indexOf(symbol) != -1): null

2019-08-15 16:34:33 - [TEST_STEP][PASSED] - if (i == 3 &amp;&amp; wildList.indexOf(symbol) != -1): null

2019-08-15 16:34:33 - [TEST_STEP][PASSED] - if (i == 4 &amp;&amp; wildList.indexOf(symbol) != -1): null

2019-08-15 16:34:33 - [TEST_STEP][PASSED] - symbol = symbol: null

2019-08-15 16:34:33 - [TEST_STEP][PASSED] - println(symbol): null

2019-08-15 16:34:33 - [TEST_STEP][PASSED] - if (i == 2 &amp;&amp; wildList.indexOf(symbol) != -1): null

2019-08-15 16:34:33 - [TEST_STEP][PASSED] - if (i == 3 &amp;&amp; wildList.indexOf(symbol) != -1): null

2019-08-15 16:34:33 - [TEST_STEP][PASSED] - println("wild found on reel 4, adding counter by 1"): null

2019-08-15 16:34:33 - [TEST_STEP][PASSED] - free_spin_reel_counter[1] = free_spin_reel_counter[1] + 1: null

2019-08-15 16:34:33 - [TEST_STEP][PASSED] - if (i == 4 &amp;&amp; wildList.indexOf(symbol) != -1): null

2019-08-15 16:34:33 - [TEST_STEP][PASSED] - symbols = symbols: null

2019-08-15 16:34:33 - [TEST_STEP][PASSED] - for ([j = 0, j &lt; symbols.size(), (j++)]): null

2019-08-15 16:34:33 - [TEST_STEP][PASSED] - symbol = symbol: null

2019-08-15 16:34:33 - [TEST_STEP][PASSED] - println(symbol): null

2019-08-15 16:34:33 - [TEST_STEP][PASSED] - if (i == 2 &amp;&amp; wildList.indexOf(symbol) != -1): null

2019-08-15 16:34:33 - [TEST_STEP][PASSED] - if (i == 3 &amp;&amp; wildList.indexOf(symbol) != -1): null

2019-08-15 16:34:33 - [TEST_STEP][PASSED] - if (i == 4 &amp;&amp; wildList.indexOf(symbol) != -1): null

2019-08-15 16:34:33 - [TEST_STEP][PASSED] - symbol = symbol: null

2019-08-15 16:34:33 - [TEST_STEP][PASSED] - println(symbol): null

2019-08-15 16:34:33 - [TEST_STEP][PASSED] - if (i == 2 &amp;&amp; wildList.indexOf(symbol) != -1): null

2019-08-15 16:34:33 - [TEST_STEP][PASSED] - if (i == 3 &amp;&amp; wildList.indexOf(symbol) != -1): null

2019-08-15 16:34:33 - [TEST_STEP][PASSED] - if (i == 4 &amp;&amp; wildList.indexOf(symbol) != -1): null

2019-08-15 16:34:33 - [TEST_STEP][PASSED] - symbol = symbol: null

2019-08-15 16:34:33 - [TEST_STEP][PASSED] - println(symbol): null

2019-08-15 16:34:33 - [TEST_STEP][PASSED] - if (i == 2 &amp;&amp; wildList.indexOf(symbol) != -1): null

2019-08-15 16:34:33 - [TEST_STEP][PASSED] - if (i == 3 &amp;&amp; wildList.indexOf(symbol) != -1): null

2019-08-15 16:34:33 - [TEST_STEP][PASSED] - if (i == 4 &amp;&amp; wildList.indexOf(symbol) != -1): null

2019-08-15 16:34:33 - [TEST_STEP][PASSED] - free_spin_reel_counter = free_spin_reel_counter: null

2019-08-15 16:34:33 - [TEST_STEP][PASSED] - println("reel 3 wild found: " + free_spin_reel_counter[0]): null

2019-08-15 16:34:33 - [TEST_STEP][PASSED] - println("reel 4 wild found: " + free_spin_reel_counter[1]): null

2019-08-15 16:34:33 - [TEST_STEP][PASSED] - println("reel 5 wild found: " + free_spin_reel_counter[2]): null

2019-08-15 16:34:33 - [TEST_STEP][PASSED] - M4_spin_reels = M4_spin_reels: null

2019-08-15 16:34:33 - [TEST_STEP][PASSED] - M4_spin_reels_symbols = symbol: null

2019-08-15 16:34:33 - [TEST_STEP][PASSED] - M4_spin_reels_symbols = M4_spin_reels_symbols: null

2019-08-15 16:34:33 - [TEST_STEP][PASSED] - M4_spin_reel_wins = reel_wins: null

2019-08-15 16:34:33 - [TEST_STEP][PASSED] - M4_spin_reel_wins = M4_spin_reel_wins: null

2019-08-15 16:34:33 - [TEST_STEP][PASSED] - println("GlobalVariable.M4_spin_reel_wins is: " + M4_spin_reel_wins): null

2019-08-15 16:34:33 - [TEST_STEP][PASSED] - M4_spin_total_bonus_win_this_round = total_bonus_win_this_round: null

2019-08-15 16:34:33 - [TEST_STEP][PASSED] - M4_spin_total_bonus_win_this_round = M4_spin_total_bonus_win_this_round: null

2019-08-15 16:34:33 - [TEST_STEP][PASSED] - println("GlobalVariable.M4_spin_total_bonus_win_this_round is: " + M4_spin_total_bonus_win_this_round): null

2019-08-15 16:34:33 - [MESSAGE][PASSED] - Verify response successfully

2019-08-15 16:34:33 - [MESSAGE][PASSED] - Send request and verify the response successfully

2019-08-15 16:34:33 - [TEST_STEP][PASSED] - if (M4_total_bonus_spins_int != 0 &amp;&amp; M4_spin_reels_symbols[2].contains("WILD_Normal") || M4_spin_reels_symbols[3].contains("WILD_Normal") || M4_spin_reels_symbols[4].contains("WILD_Normal")): null

2019-08-15 16:34:33 - [TEST_STEP][PASSED] - free_spin_reel_counter = free_spin_reel_counter: null

2019-08-15 16:34:33 - [TEST_STEP][PASSED] - M4_spin_reels_symbols = M4_spin_reels_symbols: null

2019-08-15 16:34:33 - [TEST_STEP][PASSED] - M4_total_bonus_spins = M4_total_bonus_spins: null

2019-08-15 16:34:33 - [TEST_STEP][PASSED] - spin_result = sendRequestAndVerify(findTestObject("STG/RGS(M4)/1_M4_spin", ["M4_login_user_id":M4_login_user_id, "rgs_session_token":rgs_session_token, "partner":Partner])): Send request and verify the response successfully

2019-08-15 16:34:33 - [TEST_CASE][PASSED] - Start Test Case : Verification: Verification accomplished successfully

2019-08-15 16:34:33 - [TEST_STEP][PASSED] - request = getInstance().getCurrentRequest(): null

2019-08-15 16:34:33 - [TEST_STEP][PASSED] - response = getInstance().getCurrentResponse(): null

2019-08-15 16:34:33 - [TEST_STEP][PASSED] - verifyResponseStatusCode(response, 200): Verify response status code successfully

2019-08-15 16:34:33 - [MESSAGE][PASSED] - Verify response status code successfully

2019-08-15 16:34:33 - [TEST_STEP][PASSED] - getStatusCode()).isEqualTo(200): null

2019-08-15 16:34:33 - [TEST_STEP][PASSED] - newline = System.getProperty("line.separator"): null

2019-08-15 16:34:33 - [TEST_STEP][PASSED] - M4_spin = new groovy.json.JsonSlurper(): null

2019-08-15 16:34:33 - [TEST_STEP][PASSED] - result_M4_spin = M4_spin.parseText(response.getResponseBodyContent()): null

2019-08-15 16:34:33 - [TEST_STEP][PASSED] - M4_spin_current_balance = current_balance: null

2019-08-15 16:34:33 - [TEST_STEP][PASSED] - M4_spin_current_balance = M4_spin_current_balance: null

2019-08-15 16:34:33 - [TEST_STEP][PASSED] - M4_spin_transaction_id = causality: null

2019-08-15 16:34:33 - [TEST_STEP][PASSED] - M4_spin_transaction_id = M4_spin_transaction_id: null

2019-08-15 16:34:33 - [TEST_STEP][PASSED] - M4_spin_round_id = round_id: null

2019-08-15 16:34:33 - [TEST_STEP][PASSED] - M4_spin_round_id = M4_spin_round_id: null

2019-08-15 16:34:33 - [TEST_STEP][PASSED] - M4_spin_line_wins = line_wins: null

2019-08-15 16:34:33 - [TEST_STEP][PASSED] - M4_spin_line_wins = M4_spin_line_wins: null

2019-08-15 16:34:33 - [TEST_STEP][PASSED] - M4_total_bonus_spins_int = total_bonus_spins: null

2019-08-15 16:34:33 - [TEST_STEP][PASSED] - println("******M4_total_bonus_spins type is:*******" + newline + getClass().getName()): null

2019-08-15 16:34:33 - [TEST_STEP][PASSED] - M4_total_bonus_spins_int = M4_total_bonus_spins_int: null

2019-08-15 16:34:33 - [TEST_STEP][PASSED] - M4_total_bonus_spins = Integer.toString(M4_total_bonus_spins_int): null

2019-08-15 16:34:33 - [TEST_STEP][PASSED] - M4_total_bonus_spins = M4_total_bonus_spins: null

2019-08-15 16:34:33 - [TEST_STEP][PASSED] - println("M4_total_bonus_spins is:" + M4_total_bonus_spins): null

2019-08-15 16:34:33 - [TEST_STEP][PASSED] - M4_spin_bonus_data = bonus_data: null

2019-08-15 16:34:33 - [TEST_STEP][PASSED] - M4_spin_features_triggered = result_M4_spin: null

2019-08-15 16:34:33 - [TEST_STEP][PASSED] - wild = []: null

2019-08-15 16:34:33 - [TEST_STEP][PASSED] - wild[0] = "WILD_Expanding": null

2019-08-15 16:34:33 - [TEST_STEP][PASSED] - wild[1] = "WILD_Normal": null

2019-08-15 16:34:33 - [TEST_STEP][PASSED] - wild[2] = "WILD_Double": null

2019-08-15 16:34:33 - [TEST_STEP][PASSED] - wild[3] = "WILD_ExtraFG": null

2019-08-15 16:34:33 - [TEST_STEP][PASSED] - wild[4] = "WILD_Triple": null

2019-08-15 16:34:33 - [TEST_STEP][PASSED] - wildList = Arrays.asList(wild): null

2019-08-15 16:34:33 - [TEST_STEP][PASSED] - wildList = wildList: null

2019-08-15 16:34:33 - [TEST_STEP][PASSED] - free_spin_reel_counter = []: null

2019-08-15 16:34:33 - [TEST_STEP][PASSED] - free_spin_reel_counter[0] = 0: null

2019-08-15 16:34:33 - [TEST_STEP][PASSED] - free_spin_reel_counter[1] = 0: null

2019-08-15 16:34:33 - [TEST_STEP][PASSED] - free_spin_reel_counter[2] = 0: null

2019-08-15 16:34:33 - [TEST_STEP][PASSED] - M4_spin_reels = reels: null

2019-08-15 16:34:33 - [TEST_STEP][PASSED] - for ([i = 0, i &lt; M4_spin_reels.size(), (i++)]): null

2019-08-15 16:34:33 - [TEST_STEP][PASSED] - symbols = symbols: null

2019-08-15 16:34:33 - [TEST_STEP][PASSED] - for ([j = 0, j &lt; symbols.size(), (j++)]): null

2019-08-15 16:34:33 - [TEST_STEP][PASSED] - symbol = symbol: null

2019-08-15 16:34:33 - [TEST_STEP][PASSED] - println(symbol): null

2019-08-15 16:34:33 - [TEST_STEP][PASSED] - if (i == 2 &amp;&amp; wildList.indexOf(symbol) != -1): null

2019-08-15 16:34:33 - [TEST_STEP][PASSED] - if (i == 3 &amp;&amp; wildList.indexOf(symbol) != -1): null

2019-08-15 16:34:33 - [TEST_STEP][PASSED] - if (i == 4 &amp;&amp; wildList.indexOf(symbol) != -1): null

2019-08-15 16:34:33 - [TEST_STEP][PASSED] - symbol = symbol: null

2019-08-15 16:34:33 - [TEST_STEP][PASSED] - println(symbol): null

2019-08-15 16:34:38 - [TEST_STEP][PASSED] - if (i == 2 &amp;&amp; wildList.indexOf(symbol) != -1): null

2019-08-15 16:34:38 - [TEST_STEP][PASSED] - if (i == 3 &amp;&amp; wildList.indexOf(symbol) != -1): null

2019-08-15 16:34:38 - [TEST_STEP][PASSED] - if (i == 4 &amp;&amp; wildList.indexOf(symbol) != -1): null

2019-08-15 16:34:38 - [TEST_STEP][PASSED] - symbol = symbol: null

2019-08-15 16:34:38 - [TEST_STEP][PASSED] - println(symbol): null

2019-08-15 16:34:38 - [TEST_STEP][PASSED] - if (i == 2 &amp;&amp; wildList.indexOf(symbol) != -1): null

2019-08-15 16:34:38 - [TEST_STEP][PASSED] - if (i == 3 &amp;&amp; wildList.indexOf(symbol) != -1): null

2019-08-15 16:34:38 - [TEST_STEP][PASSED] - if (i == 4 &amp;&amp; wildList.indexOf(symbol) != -1): null

2019-08-15 16:34:38 - [TEST_STEP][PASSED] - symbols = symbols: null

2019-08-15 16:34:42 - [TEST_STEP][PASSED] - for ([j = 0, j &lt; symbols.size(), (j++)]): null

2019-08-15 16:34:42 - [TEST_STEP][PASSED] - symbol = symbol: null

2019-08-15 16:34:42 - [TEST_STEP][PASSED] - println(symbol): null

2019-08-15 16:34:42 - [TEST_STEP][PASSED] - if (i == 2 &amp;&amp; wildList.indexOf(symbol) != -1): null

2019-08-15 16:34:42 - [TEST_STEP][PASSED] - if (i == 3 &amp;&amp; wildList.indexOf(symbol) != -1): null

2019-08-15 16:34:42 - [TEST_STEP][PASSED] - if (i == 4 &amp;&amp; wildList.indexOf(symbol) != -1): null

2019-08-15 16:34:42 - [TEST_STEP][PASSED] - symbol = symbol: null

2019-08-15 16:34:42 - [TEST_STEP][PASSED] - println(symbol): null

2019-08-15 16:34:42 - [TEST_STEP][PASSED] - if (i == 2 &amp;&amp; wildList.indexOf(symbol) != -1): null

2019-08-15 16:34:42 - [TEST_STEP][PASSED] - if (i == 3 &amp;&amp; wildList.indexOf(symbol) != -1): null

2019-08-15 16:34:42 - [TEST_STEP][PASSED] - if (i == 4 &amp;&amp; wildList.indexOf(symbol) != -1): null

2019-08-15 16:34:42 - [TEST_STEP][PASSED] - symbol = symbol: null

2019-08-15 16:34:42 - [TEST_STEP][PASSED] - println(symbol): null

2019-08-15 16:34:42 - [TEST_STEP][PASSED] - if (i == 2 &amp;&amp; wildList.indexOf(symbol) != -1): null

2019-08-15 16:34:42 - [TEST_STEP][PASSED] - if (i == 3 &amp;&amp; wildList.indexOf(symbol) != -1): null

2019-08-15 16:34:42 - [TEST_STEP][PASSED] - if (i == 4 &amp;&amp; wildList.indexOf(symbol) != -1): null

2019-08-15 16:34:42 - [TEST_STEP][PASSED] - symbols = symbols: null

2019-08-15 16:34:42 - [TEST_STEP][PASSED] - for ([j = 0, j &lt; symbols.size(), (j++)]): null

2019-08-15 16:34:42 - [TEST_STEP][PASSED] - symbol = symbol: null

2019-08-15 16:34:42 - [TEST_STEP][PASSED] - println(symbol): null

2019-08-15 16:34:42 - [TEST_STEP][PASSED] - if (i == 2 &amp;&amp; wildList.indexOf(symbol) != -1): null

2019-08-15 16:34:42 - [TEST_STEP][PASSED] - if (i == 3 &amp;&amp; wildList.indexOf(symbol) != -1): null

2019-08-15 16:34:42 - [TEST_STEP][PASSED] - if (i == 4 &amp;&amp; wildList.indexOf(symbol) != -1): null

2019-08-15 16:34:42 - [TEST_STEP][PASSED] - symbol = symbol: null

2019-08-15 16:34:42 - [TEST_STEP][PASSED] - println(symbol): null

2019-08-15 16:34:42 - [TEST_STEP][PASSED] - if (i == 2 &amp;&amp; wildList.indexOf(symbol) != -1): null

2019-08-15 16:34:42 - [TEST_STEP][PASSED] - if (i == 3 &amp;&amp; wildList.indexOf(symbol) != -1): null

2019-08-15 16:34:42 - [TEST_STEP][PASSED] - if (i == 4 &amp;&amp; wildList.indexOf(symbol) != -1): null

2019-08-15 16:34:42 - [TEST_STEP][PASSED] - symbol = symbol: null

2019-08-15 16:34:42 - [TEST_STEP][PASSED] - println(symbol): null

2019-08-15 16:34:42 - [TEST_STEP][PASSED] - if (i == 2 &amp;&amp; wildList.indexOf(symbol) != -1): null

2019-08-15 16:34:42 - [TEST_STEP][PASSED] - if (i == 3 &amp;&amp; wildList.indexOf(symbol) != -1): null

2019-08-15 16:34:42 - [TEST_STEP][PASSED] - if (i == 4 &amp;&amp; wildList.indexOf(symbol) != -1): null

2019-08-15 16:34:42 - [TEST_STEP][PASSED] - symbols = symbols: null

2019-08-15 16:34:42 - [TEST_STEP][PASSED] - for ([j = 0, j &lt; symbols.size(), (j++)]): null

2019-08-15 16:34:42 - [TEST_STEP][PASSED] - symbol = symbol: null

2019-08-15 16:34:42 - [TEST_STEP][PASSED] - println(symbol): null

2019-08-15 16:34:42 - [TEST_STEP][PASSED] - if (i == 2 &amp;&amp; wildList.indexOf(symbol) != -1): null

2019-08-15 16:34:42 - [TEST_STEP][PASSED] - if (i == 3 &amp;&amp; wildList.indexOf(symbol) != -1): null

2019-08-15 16:34:42 - [TEST_STEP][PASSED] - if (i == 4 &amp;&amp; wildList.indexOf(symbol) != -1): null

2019-08-15 16:34:42 - [TEST_STEP][PASSED] - symbol = symbol: null

2019-08-15 16:34:42 - [TEST_STEP][PASSED] - println(symbol): null

2019-08-15 16:34:42 - [TEST_STEP][PASSED] - if (i == 2 &amp;&amp; wildList.indexOf(symbol) != -1): null

2019-08-15 16:34:42 - [TEST_STEP][PASSED] - if (i == 3 &amp;&amp; wildList.indexOf(symbol) != -1): null

2019-08-15 16:34:42 - [TEST_STEP][PASSED] - println("wild found on reel 4, adding counter by 1"): null

2019-08-15 16:34:42 - [TEST_STEP][PASSED] - free_spin_reel_counter[1] = free_spin_reel_counter[1] + 1: null

2019-08-15 16:34:42 - [TEST_STEP][PASSED] - if (i == 4 &amp;&amp; wildList.indexOf(symbol) != -1): null

2019-08-15 16:34:42 - [TEST_STEP][PASSED] - symbol = symbol: null

2019-08-15 16:34:42 - [TEST_STEP][PASSED] - println(symbol): null

2019-08-15 16:34:42 - [TEST_STEP][PASSED] - if (i == 2 &amp;&amp; wildList.indexOf(symbol) != -1): null

2019-08-15 16:34:42 - [TEST_STEP][PASSED] - if (i == 3 &amp;&amp; wildList.indexOf(symbol) != -1): null

2019-08-15 16:34:42 - [TEST_STEP][PASSED] - if (i == 4 &amp;&amp; wildList.indexOf(symbol) != -1): null

2019-08-15 16:34:42 - [TEST_STEP][PASSED] - symbols = symbols: null

2019-08-15 16:34:42 - [TEST_STEP][PASSED] - for ([j = 0, j &lt; symbols.size(), (j++)]): null

2019-08-15 16:34:42 - [TEST_STEP][PASSED] - symbol = symbol: null

2019-08-15 16:34:42 - [TEST_STEP][PASSED] - println(symbol): null

2019-08-15 16:34:42 - [TEST_STEP][PASSED] - if (i == 2 &amp;&amp; wildList.indexOf(symbol) != -1): null

2019-08-15 16:34:42 - [TEST_STEP][PASSED] - if (i == 3 &amp;&amp; wildList.indexOf(symbol) != -1): null

2019-08-15 16:34:42 - [TEST_STEP][PASSED] - if (i == 4 &amp;&amp; wildList.indexOf(symbol) != -1): null

2019-08-15 16:34:42 - [TEST_STEP][PASSED] - println("wild found on reel 5, adding counter by 1"): null

2019-08-15 16:34:42 - [TEST_STEP][PASSED] - free_spin_reel_counter[2] = free_spin_reel_counter[2] + 1: null

2019-08-15 16:34:42 - [TEST_STEP][PASSED] - symbol = symbol: null

2019-08-15 16:34:42 - [TEST_STEP][PASSED] - println(symbol): null

2019-08-15 16:34:42 - [TEST_STEP][PASSED] - if (i == 2 &amp;&amp; wildList.indexOf(symbol) != -1): null

2019-08-15 16:34:42 - [TEST_STEP][PASSED] - if (i == 3 &amp;&amp; wildList.indexOf(symbol) != -1): null

2019-08-15 16:34:42 - [TEST_STEP][PASSED] - if (i == 4 &amp;&amp; wildList.indexOf(symbol) != -1): null

2019-08-15 16:34:42 - [TEST_STEP][PASSED] - symbol = symbol: null

2019-08-15 16:34:42 - [TEST_STEP][PASSED] - println(symbol): null

2019-08-15 16:34:42 - [TEST_STEP][PASSED] - if (i == 2 &amp;&amp; wildList.indexOf(symbol) != -1): null

2019-08-15 16:34:42 - [TEST_STEP][PASSED] - if (i == 3 &amp;&amp; wildList.indexOf(symbol) != -1): null

2019-08-15 16:34:42 - [TEST_STEP][PASSED] - if (i == 4 &amp;&amp; wildList.indexOf(symbol) != -1): null

2019-08-15 16:34:42 - [TEST_STEP][PASSED] - free_spin_reel_counter = free_spin_reel_counter: null

2019-08-15 16:34:42 - [TEST_STEP][PASSED] - println("reel 3 wild found: " + free_spin_reel_counter[0]): null

2019-08-15 16:34:42 - [TEST_STEP][PASSED] - println("reel 4 wild found: " + free_spin_reel_counter[1]): null

2019-08-15 16:34:42 - [TEST_STEP][PASSED] - println("reel 5 wild found: " + free_spin_reel_counter[2]): null

2019-08-15 16:34:42 - [TEST_STEP][PASSED] - M4_spin_reels = M4_spin_reels: null

2019-08-15 16:34:42 - [TEST_STEP][PASSED] - M4_spin_reels_symbols = symbol: null

2019-08-15 16:34:42 - [TEST_STEP][PASSED] - M4_spin_reels_symbols = M4_spin_reels_symbols: null

2019-08-15 16:34:42 - [TEST_STEP][PASSED] - M4_spin_reel_wins = reel_wins: null

2019-08-15 16:34:42 - [TEST_STEP][PASSED] - M4_spin_reel_wins = M4_spin_reel_wins: null

2019-08-15 16:34:42 - [TEST_STEP][PASSED] - println("GlobalVariable.M4_spin_reel_wins is: " + M4_spin_reel_wins): null

2019-08-15 16:34:42 - [TEST_STEP][PASSED] - M4_spin_total_bonus_win_this_round = total_bonus_win_this_round: null

2019-08-15 16:34:42 - [TEST_STEP][PASSED] - M4_spin_total_bonus_win_this_round = M4_spin_total_bonus_win_this_round: null

2019-08-15 16:34:42 - [TEST_STEP][PASSED] - println("GlobalVariable.M4_spin_total_bonus_win_this_round is: " + M4_spin_total_bonus_win_this_round): null

2019-08-15 16:34:42 - [MESSAGE][PASSED] - Verify response successfully

2019-08-15 16:34:42 - [MESSAGE][PASSED] - Send request and verify the response successfully

2019-08-15 16:34:42 - [TEST_STEP][PASSED] - if (M4_total_bonus_spins_int != 0 &amp;&amp; M4_spin_reels_symbols[2].contains("WILD_Normal") || M4_spin_reels_symbols[3].contains("WILD_Normal") || M4_spin_reels_symbols[4].contains("WILD_Normal")): null

2019-08-15 16:34:42 - [TEST_STEP][PASSED] - free_spin_reel_counter = free_spin_reel_counter: null

2019-08-15 16:34:42 - [TEST_STEP][PASSED] - M4_spin_reels_symbols = M4_spin_reels_symbols: null

2019-08-15 16:34:42 - [TEST_STEP][PASSED] - M4_total_bonus_spins = M4_total_bonus_spins: null

2019-08-15 16:34:42 - [TEST_STEP][PASSED] - spin_result = sendRequestAndVerify(findTestObject("STG/RGS(M4)/1_M4_spin", ["M4_login_user_id":M4_login_user_id, "rgs_session_token":rgs_session_token, "partner":Partner])): Send request and verify the response successfully

2019-08-15 16:34:42 - [TEST_CASE][PASSED] - Start Test Case : Verification: Verification accomplished successfully

2019-08-15 16:34:42 - [TEST_STEP][PASSED] - request = getInstance().getCurrentRequest(): null

2019-08-15 16:34:42 - [TEST_STEP][PASSED] - response = getInstance().getCurrentResponse(): null

2019-08-15 16:34:42 - [TEST_STEP][PASSED] - verifyResponseStatusCode(response, 200): Verify response status code successfully

2019-08-15 16:34:42 - [MESSAGE][PASSED] - Verify response status code successfully

2019-08-15 16:34:42 - [TEST_STEP][PASSED] - getStatusCode()).isEqualTo(200): null

2019-08-15 16:34:42 - [TEST_STEP][PASSED] - newline = System.getProperty("line.separator"): null

2019-08-15 16:34:42 - [TEST_STEP][PASSED] - M4_spin = new groovy.json.JsonSlurper(): null

2019-08-15 16:34:42 - [TEST_STEP][PASSED] - result_M4_spin = M4_spin.parseText(response.getResponseBodyContent()): null

2019-08-15 16:34:42 - [TEST_STEP][PASSED] - M4_spin_current_balance = current_balance: null

2019-08-15 16:34:42 - [TEST_STEP][PASSED] - M4_spin_current_balance = M4_spin_current_balance: null

2019-08-15 16:34:42 - [TEST_STEP][PASSED] - M4_spin_transaction_id = causality: null

2019-08-15 16:34:42 - [TEST_STEP][PASSED] - M4_spin_transaction_id = M4_spin_transaction_id: null

2019-08-15 16:34:42 - [TEST_STEP][PASSED] - M4_spin_round_id = round_id: null

2019-08-15 16:34:42 - [TEST_STEP][PASSED] - M4_spin_round_id = M4_spin_round_id: null

2019-08-15 16:34:42 - [TEST_STEP][PASSED] - M4_spin_line_wins = line_wins: null

2019-08-15 16:34:42 - [TEST_STEP][PASSED] - M4_spin_line_wins = M4_spin_line_wins: null

2019-08-15 16:34:42 - [TEST_STEP][PASSED] - M4_total_bonus_spins_int = total_bonus_spins: null

2019-08-15 16:34:42 - [TEST_STEP][PASSED] - println("******M4_total_bonus_spins type is:*******" + newline + getClass().getName()): null

2019-08-15 16:34:42 - [TEST_STEP][PASSED] - M4_total_bonus_spins_int = M4_total_bonus_spins_int: null

2019-08-15 16:34:42 - [TEST_STEP][PASSED] - M4_total_bonus_spins = Integer.toString(M4_total_bonus_spins_int): null

2019-08-15 16:34:42 - [TEST_STEP][PASSED] - M4_total_bonus_spins = M4_total_bonus_spins: null

2019-08-15 16:34:42 - [TEST_STEP][PASSED] - println("M4_total_bonus_spins is:" + M4_total_bonus_spins): null

2019-08-15 16:34:42 - [TEST_STEP][PASSED] - M4_spin_bonus_data = bonus_data: null

2019-08-15 16:34:42 - [TEST_STEP][PASSED] - M4_spin_features_triggered = result_M4_spin: null

2019-08-15 16:34:42 - [TEST_STEP][PASSED] - wild = []: null

2019-08-15 16:34:42 - [TEST_STEP][PASSED] - wild[0] = "WILD_Expanding": null

2019-08-15 16:34:42 - [TEST_STEP][PASSED] - wild[1] = "WILD_Normal": null

2019-08-15 16:34:42 - [TEST_STEP][PASSED] - wild[2] = "WILD_Double": null

2019-08-15 16:34:42 - [TEST_STEP][PASSED] - wild[3] = "WILD_ExtraFG": null

2019-08-15 16:34:42 - [TEST_STEP][PASSED] - wild[4] = "WILD_Triple": null

2019-08-15 16:34:42 - [TEST_STEP][PASSED] - wildList = Arrays.asList(wild): null

2019-08-15 16:34:42 - [TEST_STEP][PASSED] - wildList = wildList: null

2019-08-15 16:34:42 - [TEST_STEP][PASSED] - free_spin_reel_counter = []: null

2019-08-15 16:34:42 - [TEST_STEP][PASSED] - free_spin_reel_counter[0] = 0: null

2019-08-15 16:34:42 - [TEST_STEP][PASSED] - free_spin_reel_counter[1] = 0: null

2019-08-15 16:34:42 - [TEST_STEP][PASSED] - free_spin_reel_counter[2] = 0: null

2019-08-15 16:34:42 - [TEST_STEP][PASSED] - M4_spin_reels = reels: null

2019-08-15 16:34:42 - [TEST_STEP][PASSED] - for ([i = 0, i &lt; M4_spin_reels.size(), (i++)]): null

2019-08-15 16:34:42 - [TEST_STEP][PASSED] - symbols = symbols: null

2019-08-15 16:34:42 - [TEST_STEP][PASSED] - for ([j = 0, j &lt; symbols.size(), (j++)]): null

2019-08-15 16:34:42 - [TEST_STEP][PASSED] - symbol = symbol: null

2019-08-15 16:34:42 - [TEST_STEP][PASSED] - println(symbol): null

2019-08-15 16:34:42 - [TEST_STEP][PASSED] - if (i == 2 &amp;&amp; wildList.indexOf(symbol) != -1): null

2019-08-15 16:34:42 - [TEST_STEP][PASSED] - if (i == 3 &amp;&amp; wildList.indexOf(symbol) != -1): null

2019-08-15 16:34:42 - [TEST_STEP][PASSED] - if (i == 4 &amp;&amp; wildList.indexOf(symbol) != -1): null

2019-08-15 16:34:42 - [TEST_STEP][PASSED] - symbol = symbol: null

2019-08-15 16:34:42 - [TEST_STEP][PASSED] - println(symbol): null

2019-08-15 16:34:42 - [TEST_STEP][PASSED] - if (i == 2 &amp;&amp; wildList.indexOf(symbol) != -1): null

2019-08-15 16:34:42 - [TEST_STEP][PASSED] - if (i == 3 &amp;&amp; wildList.indexOf(symbol) != -1): null

2019-08-15 16:34:42 - [TEST_STEP][PASSED] - if (i == 4 &amp;&amp; wildList.indexOf(symbol) != -1): null

2019-08-15 16:34:42 - [TEST_STEP][PASSED] - symbol = symbol: null

2019-08-15 16:34:42 - [TEST_STEP][PASSED] - println(symbol): null

2019-08-15 16:34:42 - [TEST_STEP][PASSED] - if (i == 2 &amp;&amp; wildList.indexOf(symbol) != -1): null

2019-08-15 16:34:42 - [TEST_STEP][PASSED] - if (i == 3 &amp;&amp; wildList.indexOf(symbol) != -1): null

2019-08-15 16:34:42 - [TEST_STEP][PASSED] - if (i == 4 &amp;&amp; wildList.indexOf(symbol) != -1): null

2019-08-15 16:34:42 - [TEST_STEP][PASSED] - symbols = symbols: null

2019-08-15 16:34:42 - [TEST_STEP][PASSED] - for ([j = 0, j &lt; symbols.size(), (j++)]): null

2019-08-15 16:34:42 - [TEST_STEP][PASSED] - symbol = symbol: null

2019-08-15 16:34:42 - [TEST_STEP][PASSED] - println(symbol): null

2019-08-15 16:34:42 - [TEST_STEP][PASSED] - if (i == 2 &amp;&amp; wildList.indexOf(symbol) != -1): null

2019-08-15 16:34:42 - [TEST_STEP][PASSED] - if (i == 3 &amp;&amp; wildList.indexOf(symbol) != -1): null

2019-08-15 16:34:42 - [TEST_STEP][PASSED] - if (i == 4 &amp;&amp; wildList.indexOf(symbol) != -1): null

2019-08-15 16:34:42 - [TEST_STEP][PASSED] - symbol = symbol: null

2019-08-15 16:34:42 - [TEST_STEP][PASSED] - println(symbol): null

2019-08-15 16:34:42 - [TEST_STEP][PASSED] - if (i == 2 &amp;&amp; wildList.indexOf(symbol) != -1): null

2019-08-15 16:34:42 - [TEST_STEP][PASSED] - if (i == 3 &amp;&amp; wildList.indexOf(symbol) != -1): null

2019-08-15 16:34:42 - [TEST_STEP][PASSED] - if (i == 4 &amp;&amp; wildList.indexOf(symbol) != -1): null

2019-08-15 16:34:42 - [TEST_STEP][PASSED] - symbol = symbol: null

2019-08-15 16:34:42 - [TEST_STEP][PASSED] - println(symbol): null

2019-08-15 16:34:42 - [TEST_STEP][PASSED] - if (i == 2 &amp;&amp; wildList.indexOf(symbol) != -1): null

2019-08-15 16:34:42 - [TEST_STEP][PASSED] - if (i == 3 &amp;&amp; wildList.indexOf(symbol) != -1): null

2019-08-15 16:34:42 - [TEST_STEP][PASSED] - if (i == 4 &amp;&amp; wildList.indexOf(symbol) != -1): null

2019-08-15 16:34:42 - [TEST_STEP][PASSED] - symbols = symbols: null

2019-08-15 16:34:42 - [TEST_STEP][PASSED] - for ([j = 0, j &lt; symbols.size(), (j++)]): null

2019-08-15 16:34:42 - [TEST_STEP][PASSED] - symbol = symbol: null

2019-08-15 16:34:42 - [TEST_STEP][PASSED] - println(symbol): null

2019-08-15 16:34:42 - [TEST_STEP][PASSED] - if (i == 2 &amp;&amp; wildList.indexOf(symbol) != -1): null

2019-08-15 16:34:42 - [TEST_STEP][PASSED] - if (i == 3 &amp;&amp; wildList.indexOf(symbol) != -1): null

2019-08-15 16:34:42 - [TEST_STEP][PASSED] - if (i == 4 &amp;&amp; wildList.indexOf(symbol) != -1): null

2019-08-15 16:34:42 - [TEST_STEP][PASSED] - symbol = symbol: null

2019-08-15 16:34:42 - [TEST_STEP][PASSED] - println(symbol): null

2019-08-15 16:34:42 - [TEST_STEP][PASSED] - if (i == 2 &amp;&amp; wildList.indexOf(symbol) != -1): null

2019-08-15 16:34:42 - [TEST_STEP][PASSED] - if (i == 3 &amp;&amp; wildList.indexOf(symbol) != -1): null

2019-08-15 16:34:42 - [TEST_STEP][PASSED] - if (i == 4 &amp;&amp; wildList.indexOf(symbol) != -1): null

2019-08-15 16:34:42 - [TEST_STEP][PASSED] - symbol = symbol: null

2019-08-15 16:34:42 - [TEST_STEP][PASSED] - println(symbol): null

2019-08-15 16:34:42 - [TEST_STEP][PASSED] - if (i == 2 &amp;&amp; wildList.indexOf(symbol) != -1): null

2019-08-15 16:34:42 - [TEST_STEP][PASSED] - if (i == 3 &amp;&amp; wildList.indexOf(symbol) != -1): null

2019-08-15 16:34:42 - [TEST_STEP][PASSED] - if (i == 4 &amp;&amp; wildList.indexOf(symbol) != -1): null

2019-08-15 16:34:42 - [TEST_STEP][PASSED] - symbols = symbols: null

2019-08-15 16:34:42 - [TEST_STEP][PASSED] - for ([j = 0, j &lt; symbols.size(), (j++)]): null

2019-08-15 16:34:42 - [TEST_STEP][PASSED] - symbol = symbol: null

2019-08-15 16:34:42 - [TEST_STEP][PASSED] - println(symbol): null

2019-08-15 16:34:42 - [TEST_STEP][PASSED] - if (i == 2 &amp;&amp; wildList.indexOf(symbol) != -1): null

2019-08-15 16:34:42 - [TEST_STEP][PASSED] - if (i == 3 &amp;&amp; wildList.indexOf(symbol) != -1): null

2019-08-15 16:34:42 - [TEST_STEP][PASSED] - if (i == 4 &amp;&amp; wildList.indexOf(symbol) != -1): null

2019-08-15 16:34:42 - [TEST_STEP][PASSED] - symbol = symbol: null

2019-08-15 16:34:42 - [TEST_STEP][PASSED] - println(symbol): null

2019-08-15 16:34:42 - [TEST_STEP][PASSED] - if (i == 2 &amp;&amp; wildList.indexOf(symbol) != -1): null

2019-08-15 16:34:42 - [TEST_STEP][PASSED] - if (i == 3 &amp;&amp; wildList.indexOf(symbol) != -1): null

2019-08-15 16:34:42 - [TEST_STEP][PASSED] - if (i == 4 &amp;&amp; wildList.indexOf(symbol) != -1): null

2019-08-15 16:34:42 - [TEST_STEP][PASSED] - symbol = symbol: null

2019-08-15 16:34:42 - [TEST_STEP][PASSED] - println(symbol): null

2019-08-15 16:34:42 - [TEST_STEP][PASSED] - if (i == 2 &amp;&amp; wildList.indexOf(symbol) != -1): null

2019-08-15 16:34:42 - [TEST_STEP][PASSED] - if (i == 3 &amp;&amp; wildList.indexOf(symbol) != -1): null

2019-08-15 16:34:42 - [TEST_STEP][PASSED] - println("wild found on reel 4, adding counter by 1"): null

2019-08-15 16:34:42 - [TEST_STEP][PASSED] - free_spin_reel_counter[1] = free_spin_reel_counter[1] + 1: null

2019-08-15 16:34:42 - [TEST_STEP][PASSED] - if (i == 4 &amp;&amp; wildList.indexOf(symbol) != -1): null

2019-08-15 16:34:42 - [TEST_STEP][PASSED] - symbols = symbols: null

2019-08-15 16:34:42 - [TEST_STEP][PASSED] - for ([j = 0, j &lt; symbols.size(), (j++)]): null

2019-08-15 16:34:42 - [TEST_STEP][PASSED] - symbol = symbol: null

2019-08-15 16:34:42 - [TEST_STEP][PASSED] - println(symbol): null

2019-08-15 16:34:42 - [TEST_STEP][PASSED] - if (i == 2 &amp;&amp; wildList.indexOf(symbol) != -1): null

2019-08-15 16:34:42 - [TEST_STEP][PASSED] - if (i == 3 &amp;&amp; wildList.indexOf(symbol) != -1): null

2019-08-15 16:34:42 - [TEST_STEP][PASSED] - if (i == 4 &amp;&amp; wildList.indexOf(symbol) != -1): null

2019-08-15 16:34:42 - [TEST_STEP][PASSED] - symbol = symbol: null

2019-08-15 16:34:42 - [TEST_STEP][PASSED] - println(symbol): null

2019-08-15 16:34:42 - [TEST_STEP][PASSED] - if (i == 2 &amp;&amp; wildList.indexOf(symbol) != -1): null

2019-08-15 16:34:42 - [TEST_STEP][PASSED] - if (i == 3 &amp;&amp; wildList.indexOf(symbol) != -1): null

2019-08-15 16:34:42 - [TEST_STEP][PASSED] - if (i == 4 &amp;&amp; wildList.indexOf(symbol) != -1): null

2019-08-15 16:34:42 - [TEST_STEP][PASSED] - symbol = symbol: null

2019-08-15 16:34:42 - [TEST_STEP][PASSED] - println(symbol): null

2019-08-15 16:34:42 - [TEST_STEP][PASSED] - if (i == 2 &amp;&amp; wildList.indexOf(symbol) != -1): null

2019-08-15 16:34:42 - [TEST_STEP][PASSED] - if (i == 3 &amp;&amp; wildList.indexOf(symbol) != -1): null

2019-08-15 16:34:42 - [TEST_STEP][PASSED] - if (i == 4 &amp;&amp; wildList.indexOf(symbol) != -1): null

2019-08-15 16:34:42 - [TEST_STEP][PASSED] - free_spin_reel_counter = free_spin_reel_counter: null

2019-08-15 16:34:42 - [TEST_STEP][PASSED] - println("reel 3 wild found: " + free_spin_reel_counter[0]): null

2019-08-15 16:34:42 - [TEST_STEP][PASSED] - println("reel 4 wild found: " + free_spin_reel_counter[1]): null

2019-08-15 16:34:42 - [TEST_STEP][PASSED] - println("reel 5 wild found: " + free_spin_reel_counter[2]): null

2019-08-15 16:34:42 - [TEST_STEP][PASSED] - M4_spin_reels = M4_spin_reels: null

2019-08-15 16:34:42 - [TEST_STEP][PASSED] - M4_spin_reels_symbols = symbol: null

2019-08-15 16:34:42 - [TEST_STEP][PASSED] - M4_spin_reels_symbols = M4_spin_reels_symbols: null

2019-08-15 16:34:42 - [TEST_STEP][PASSED] - M4_spin_reel_wins = reel_wins: null

2019-08-15 16:34:42 - [TEST_STEP][PASSED] - M4_spin_reel_wins = M4_spin_reel_wins: null

2019-08-15 16:34:42 - [TEST_STEP][PASSED] - println("GlobalVariable.M4_spin_reel_wins is: " + M4_spin_reel_wins): null

2019-08-15 16:34:42 - [TEST_STEP][PASSED] - M4_spin_total_bonus_win_this_round = total_bonus_win_this_round: null

2019-08-15 16:34:42 - [TEST_STEP][PASSED] - M4_spin_total_bonus_win_this_round = M4_spin_total_bonus_win_this_round: null

2019-08-15 16:34:42 - [TEST_STEP][PASSED] - println("GlobalVariable.M4_spin_total_bonus_win_this_round is: " + M4_spin_total_bonus_win_this_round): null

2019-08-15 16:34:42 - [MESSAGE][PASSED] - Verify response successfully

2019-08-15 16:34:42 - [MESSAGE][PASSED] - Send request and verify the response successfully

2019-08-15 16:34:42 - [TEST_STEP][PASSED] - if (M4_total_bonus_spins_int != 0 &amp;&amp; M4_spin_reels_symbols[2].contains("WILD_Normal") || M4_spin_reels_symbols[3].contains("WILD_Normal") || M4_spin_reels_symbols[4].contains("WILD_Normal")): null

2019-08-15 16:34:42 - [TEST_STEP][PASSED] - free_spin_reel_counter = free_spin_reel_counter: null

2019-08-15 16:34:42 - [TEST_STEP][PASSED] - M4_spin_reels_symbols = M4_spin_reels_symbols: null

2019-08-15 16:34:42 - [TEST_STEP][PASSED] - M4_total_bonus_spins = M4_total_bonus_spins: null

2019-08-15 16:34:42 - [TEST_STEP][PASSED] - spin_result = sendRequestAndVerify(findTestObject("STG/RGS(M4)/1_M4_spin", ["M4_login_user_id":M4_login_user_id, "rgs_session_token":rgs_session_token, "partner":Partner])): Send request and verify the response successfully

2019-08-15 16:34:42 - [TEST_CASE][PASSED] - Start Test Case : Verification: Verification accomplished successfully

2019-08-15 16:34:42 - [TEST_STEP][PASSED] - request = getInstance().getCurrentRequest(): null

2019-08-15 16:34:42 - [TEST_STEP][PASSED] - response = getInstance().getCurrentResponse(): null

2019-08-15 16:34:42 - [TEST_STEP][PASSED] - verifyResponseStatusCode(response, 200): Verify response status code successfully

2019-08-15 16:34:42 - [MESSAGE][PASSED] - Verify response status code successfully

2019-08-15 16:34:42 - [TEST_STEP][PASSED] - getStatusCode()).isEqualTo(200): null

2019-08-15 16:34:42 - [TEST_STEP][PASSED] - newline = System.getProperty("line.separator"): null

2019-08-15 16:34:42 - [TEST_STEP][PASSED] - M4_spin = new groovy.json.JsonSlurper(): null

2019-08-15 16:34:42 - [TEST_STEP][PASSED] - result_M4_spin = M4_spin.parseText(response.getResponseBodyContent()): null

2019-08-15 16:34:42 - [TEST_STEP][PASSED] - M4_spin_current_balance = current_balance: null

2019-08-15 16:34:42 - [TEST_STEP][PASSED] - M4_spin_current_balance = M4_spin_current_balance: null

2019-08-15 16:34:42 - [TEST_STEP][PASSED] - M4_spin_transaction_id = causality: null

2019-08-15 16:34:42 - [TEST_STEP][PASSED] - M4_spin_transaction_id = M4_spin_transaction_id: null

2019-08-15 16:34:42 - [TEST_STEP][PASSED] - M4_spin_round_id = round_id: null

2019-08-15 16:34:42 - [TEST_STEP][PASSED] - M4_spin_round_id = M4_spin_round_id: null

2019-08-15 16:34:42 - [TEST_STEP][PASSED] - M4_spin_line_wins = line_wins: null

2019-08-15 16:34:42 - [TEST_STEP][PASSED] - M4_spin_line_wins = M4_spin_line_wins: null

2019-08-15 16:34:42 - [TEST_STEP][PASSED] - M4_total_bonus_spins_int = total_bonus_spins: null

2019-08-15 16:34:42 - [TEST_STEP][PASSED] - println("******M4_total_bonus_spins type is:*******" + newline + getClass().getName()): null

2019-08-15 16:34:42 - [TEST_STEP][PASSED] - M4_total_bonus_spins_int = M4_total_bonus_spins_int: null

2019-08-15 16:34:42 - [TEST_STEP][PASSED] - M4_total_bonus_spins = Integer.toString(M4_total_bonus_spins_int): null

2019-08-15 16:34:42 - [TEST_STEP][PASSED] - M4_total_bonus_spins = M4_total_bonus_spins: null

2019-08-15 16:34:42 - [TEST_STEP][PASSED] - println("M4_total_bonus_spins is:" + M4_total_bonus_spins): null

2019-08-15 16:34:42 - [TEST_STEP][PASSED] - M4_spin_bonus_data = bonus_data: null

2019-08-15 16:34:42 - [TEST_STEP][PASSED] - M4_spin_features_triggered = result_M4_spin: null

2019-08-15 16:34:42 - [TEST_STEP][PASSED] - wild = []: null

2019-08-15 16:34:42 - [TEST_STEP][PASSED] - wild[0] = "WILD_Expanding": null

2019-08-15 16:34:42 - [TEST_STEP][PASSED] - wild[1] = "WILD_Normal": null

2019-08-15 16:34:42 - [TEST_STEP][PASSED] - wild[2] = "WILD_Double": null

2019-08-15 16:34:42 - [TEST_STEP][PASSED] - wild[3] = "WILD_ExtraFG": null

2019-08-15 16:34:42 - [TEST_STEP][PASSED] - wild[4] = "WILD_Triple": null

2019-08-15 16:34:42 - [TEST_STEP][PASSED] - wildList = Arrays.asList(wild): null

2019-08-15 16:34:42 - [TEST_STEP][PASSED] - wildList = wildList: null

2019-08-15 16:34:42 - [TEST_STEP][PASSED] - free_spin_reel_counter = []: null

2019-08-15 16:34:42 - [TEST_STEP][PASSED] - free_spin_reel_counter[0] = 0: null

2019-08-15 16:34:42 - [TEST_STEP][PASSED] - free_spin_reel_counter[1] = 0: null

2019-08-15 16:34:42 - [TEST_STEP][PASSED] - free_spin_reel_counter[2] = 0: null

2019-08-15 16:34:42 - [TEST_STEP][PASSED] - M4_spin_reels = reels: null

2019-08-15 16:34:42 - [TEST_STEP][PASSED] - for ([i = 0, i &lt; M4_spin_reels.size(), (i++)]): null

2019-08-15 16:34:42 - [TEST_STEP][PASSED] - symbols = symbols: null

2019-08-15 16:34:42 - [TEST_STEP][PASSED] - for ([j = 0, j &lt; symbols.size(), (j++)]): null

2019-08-15 16:34:42 - [TEST_STEP][PASSED] - symbol = symbol: null

2019-08-15 16:34:42 - [TEST_STEP][PASSED] - println(symbol): null

2019-08-15 16:34:42 - [TEST_STEP][PASSED] - if (i == 2 &amp;&amp; wildList.indexOf(symbol) != -1): null

2019-08-15 16:34:42 - [TEST_STEP][PASSED] - if (i == 3 &amp;&amp; wildList.indexOf(symbol) != -1): null

2019-08-15 16:34:42 - [TEST_STEP][PASSED] - if (i == 4 &amp;&amp; wildList.indexOf(symbol) != -1): null

2019-08-15 16:34:42 - [TEST_STEP][PASSED] - symbol = symbol: null

2019-08-15 16:34:42 - [TEST_STEP][PASSED] - println(symbol): null

2019-08-15 16:34:42 - [TEST_STEP][PASSED] - if (i == 2 &amp;&amp; wildList.indexOf(symbol) != -1): null

2019-08-15 16:34:42 - [TEST_STEP][PASSED] - if (i == 3 &amp;&amp; wildList.indexOf(symbol) != -1): null

2019-08-15 16:34:42 - [TEST_STEP][PASSED] - if (i == 4 &amp;&amp; wildList.indexOf(symbol) != -1): null

2019-08-15 16:34:42 - [TEST_STEP][PASSED] - symbol = symbol: null

2019-08-15 16:34:42 - [TEST_STEP][PASSED] - println(symbol): null

2019-08-15 16:34:42 - [TEST_STEP][PASSED] - if (i == 2 &amp;&amp; wildList.indexOf(symbol) != -1): null

2019-08-15 16:34:42 - [TEST_STEP][PASSED] - if (i == 3 &amp;&amp; wildList.indexOf(symbol) != -1): null

2019-08-15 16:34:42 - [TEST_STEP][PASSED] - if (i == 4 &amp;&amp; wildList.indexOf(symbol) != -1): null

2019-08-15 16:34:42 - [TEST_STEP][PASSED] - symbols = symbols: null

2019-08-15 16:34:42 - [TEST_STEP][PASSED] - for ([j = 0, j &lt; symbols.size(), (j++)]): null

2019-08-15 16:34:42 - [TEST_STEP][PASSED] - symbol = symbol: null

2019-08-15 16:34:42 - [TEST_STEP][PASSED] - println(symbol): null

2019-08-15 16:34:42 - [TEST_STEP][PASSED] - if (i == 2 &amp;&amp; wildList.indexOf(symbol) != -1): null

2019-08-15 16:34:42 - [TEST_STEP][PASSED] - if (i == 3 &amp;&amp; wildList.indexOf(symbol) != -1): null

2019-08-15 16:34:42 - [TEST_STEP][PASSED] - if (i == 4 &amp;&amp; wildList.indexOf(symbol) != -1): null

2019-08-15 16:34:42 - [TEST_STEP][PASSED] - symbol = symbol: null

2019-08-15 16:34:42 - [TEST_STEP][PASSED] - println(symbol): null

2019-08-15 16:34:42 - [TEST_STEP][PASSED] - if (i == 2 &amp;&amp; wildList.indexOf(symbol) != -1): null

2019-08-15 16:34:42 - [TEST_STEP][PASSED] - if (i == 3 &amp;&amp; wildList.indexOf(symbol) != -1): null

2019-08-15 16:34:42 - [TEST_STEP][PASSED] - if (i == 4 &amp;&amp; wildList.indexOf(symbol) != -1): null

2019-08-15 16:34:42 - [TEST_STEP][PASSED] - symbol = symbol: null

2019-08-15 16:34:42 - [TEST_STEP][PASSED] - println(symbol): null

2019-08-15 16:34:43 - [TEST_STEP][PASSED] - if (i == 2 &amp;&amp; wildList.indexOf(symbol) != -1): null

2019-08-15 16:34:43 - [TEST_STEP][PASSED] - if (i == 3 &amp;&amp; wildList.indexOf(symbol) != -1): null

2019-08-15 16:34:43 - [TEST_STEP][PASSED] - if (i == 4 &amp;&amp; wildList.indexOf(symbol) != -1): null

2019-08-15 16:34:43 - [TEST_STEP][PASSED] - symbols = symbols: null

2019-08-15 16:34:43 - [TEST_STEP][PASSED] - for ([j = 0, j &lt; symbols.size(), (j++)]): null

2019-08-15 16:34:43 - [TEST_STEP][PASSED] - symbol = symbol: null

2019-08-15 16:34:43 - [TEST_STEP][PASSED] - println(symbol): null

2019-08-15 16:34:43 - [TEST_STEP][PASSED] - if (i == 2 &amp;&amp; wildList.indexOf(symbol) != -1): null

2019-08-15 16:34:43 - [TEST_STEP][PASSED] - if (i == 3 &amp;&amp; wildList.indexOf(symbol) != -1): null

2019-08-15 16:34:43 - [TEST_STEP][PASSED] - if (i == 4 &amp;&amp; wildList.indexOf(symbol) != -1): null

2019-08-15 16:34:43 - [TEST_STEP][PASSED] - symbol = symbol: null

2019-08-15 16:34:43 - [TEST_STEP][PASSED] - println(symbol): null

2019-08-15 16:34:43 - [TEST_STEP][PASSED] - if (i == 2 &amp;&amp; wildList.indexOf(symbol) != -1): null

2019-08-15 16:34:43 - [TEST_STEP][PASSED] - if (i == 3 &amp;&amp; wildList.indexOf(symbol) != -1): null

2019-08-15 16:34:43 - [TEST_STEP][PASSED] - if (i == 4 &amp;&amp; wildList.indexOf(symbol) != -1): null

2019-08-15 16:34:43 - [TEST_STEP][PASSED] - symbol = symbol: null

2019-08-15 16:34:47 - [TEST_STEP][PASSED] - println(symbol): null

2019-08-15 16:34:47 - [TEST_STEP][PASSED] - if (i == 2 &amp;&amp; wildList.indexOf(symbol) != -1): null

2019-08-15 16:34:47 - [TEST_STEP][PASSED] - if (i == 3 &amp;&amp; wildList.indexOf(symbol) != -1): null

2019-08-15 16:34:47 - [TEST_STEP][PASSED] - if (i == 4 &amp;&amp; wildList.indexOf(symbol) != -1): null

2019-08-15 16:34:47 - [TEST_STEP][PASSED] - symbols = symbols: null

2019-08-15 16:34:47 - [TEST_STEP][PASSED] - for ([j = 0, j &lt; symbols.size(), (j++)]): null

2019-08-15 16:34:47 - [TEST_STEP][PASSED] - symbol = symbol: null

2019-08-15 16:34:47 - [TEST_STEP][PASSED] - println(symbol): null

2019-08-15 16:34:47 - [TEST_STEP][PASSED] - if (i == 2 &amp;&amp; wildList.indexOf(symbol) != -1): null

2019-08-15 16:34:47 - [TEST_STEP][PASSED] - if (i == 3 &amp;&amp; wildList.indexOf(symbol) != -1): null

2019-08-15 16:34:51 - [TEST_STEP][PASSED] - if (i == 4 &amp;&amp; wildList.indexOf(symbol) != -1): null

2019-08-15 16:34:51 - [TEST_STEP][PASSED] - symbol = symbol: null

2019-08-15 16:34:51 - [TEST_STEP][PASSED] - println(symbol): null

2019-08-15 16:34:51 - [TEST_STEP][PASSED] - if (i == 2 &amp;&amp; wildList.indexOf(symbol) != -1): null

2019-08-15 16:34:51 - [TEST_STEP][PASSED] - if (i == 3 &amp;&amp; wildList.indexOf(symbol) != -1): null

2019-08-15 16:34:51 - [TEST_STEP][PASSED] - if (i == 4 &amp;&amp; wildList.indexOf(symbol) != -1): null

2019-08-15 16:34:51 - [TEST_STEP][PASSED] - symbol = symbol: null

2019-08-15 16:34:51 - [TEST_STEP][PASSED] - println(symbol): null

2019-08-15 16:34:51 - [TEST_STEP][PASSED] - if (i == 2 &amp;&amp; wildList.indexOf(symbol) != -1): null

2019-08-15 16:34:51 - [TEST_STEP][PASSED] - if (i == 3 &amp;&amp; wildList.indexOf(symbol) != -1): null

2019-08-15 16:34:51 - [TEST_STEP][PASSED] - if (i == 4 &amp;&amp; wildList.indexOf(symbol) != -1): null

2019-08-15 16:34:51 - [TEST_STEP][PASSED] - symbols = symbols: null

2019-08-15 16:34:51 - [TEST_STEP][PASSED] - for ([j = 0, j &lt; symbols.size(), (j++)]): null

2019-08-15 16:34:51 - [TEST_STEP][PASSED] - symbol = symbol: null

2019-08-15 16:34:51 - [TEST_STEP][PASSED] - println(symbol): null

2019-08-15 16:34:51 - [TEST_STEP][PASSED] - if (i == 2 &amp;&amp; wildList.indexOf(symbol) != -1): null

2019-08-15 16:34:51 - [TEST_STEP][PASSED] - if (i == 3 &amp;&amp; wildList.indexOf(symbol) != -1): null

2019-08-15 16:34:51 - [TEST_STEP][PASSED] - if (i == 4 &amp;&amp; wildList.indexOf(symbol) != -1): null

2019-08-15 16:34:51 - [TEST_STEP][PASSED] - symbol = symbol: null

2019-08-15 16:34:51 - [TEST_STEP][PASSED] - println(symbol): null

2019-08-15 16:34:51 - [TEST_STEP][PASSED] - if (i == 2 &amp;&amp; wildList.indexOf(symbol) != -1): null

2019-08-15 16:34:51 - [TEST_STEP][PASSED] - if (i == 3 &amp;&amp; wildList.indexOf(symbol) != -1): null

2019-08-15 16:34:51 - [TEST_STEP][PASSED] - if (i == 4 &amp;&amp; wildList.indexOf(symbol) != -1): null

2019-08-15 16:34:51 - [TEST_STEP][PASSED] - symbol = symbol: null

2019-08-15 16:34:51 - [TEST_STEP][PASSED] - println(symbol): null

2019-08-15 16:34:51 - [TEST_STEP][PASSED] - if (i == 2 &amp;&amp; wildList.indexOf(symbol) != -1): null

2019-08-15 16:34:51 - [TEST_STEP][PASSED] - if (i == 3 &amp;&amp; wildList.indexOf(symbol) != -1): null

2019-08-15 16:34:51 - [TEST_STEP][PASSED] - if (i == 4 &amp;&amp; wildList.indexOf(symbol) != -1): null

2019-08-15 16:34:51 - [TEST_STEP][PASSED] - free_spin_reel_counter = free_spin_reel_counter: null

2019-08-15 16:34:51 - [TEST_STEP][PASSED] - println("reel 3 wild found: " + free_spin_reel_counter[0]): null

2019-08-15 16:34:51 - [TEST_STEP][PASSED] - println("reel 4 wild found: " + free_spin_reel_counter[1]): null

2019-08-15 16:34:51 - [TEST_STEP][PASSED] - println("reel 5 wild found: " + free_spin_reel_counter[2]): null

2019-08-15 16:34:51 - [TEST_STEP][PASSED] - M4_spin_reels = M4_spin_reels: null

2019-08-15 16:34:51 - [TEST_STEP][PASSED] - M4_spin_reels_symbols = symbol: null

2019-08-15 16:34:51 - [TEST_STEP][PASSED] - M4_spin_reels_symbols = M4_spin_reels_symbols: null

2019-08-15 16:34:51 - [TEST_STEP][PASSED] - M4_spin_reel_wins = reel_wins: null

2019-08-15 16:34:51 - [TEST_STEP][PASSED] - M4_spin_reel_wins = M4_spin_reel_wins: null

2019-08-15 16:34:51 - [TEST_STEP][PASSED] - println("GlobalVariable.M4_spin_reel_wins is: " + M4_spin_reel_wins): null

2019-08-15 16:34:51 - [TEST_STEP][PASSED] - M4_spin_total_bonus_win_this_round = total_bonus_win_this_round: null

2019-08-15 16:34:51 - [TEST_STEP][PASSED] - M4_spin_total_bonus_win_this_round = M4_spin_total_bonus_win_this_round: null

2019-08-15 16:34:51 - [TEST_STEP][PASSED] - println("GlobalVariable.M4_spin_total_bonus_win_this_round is: " + M4_spin_total_bonus_win_this_round): null

2019-08-15 16:34:51 - [MESSAGE][PASSED] - Verify response successfully

2019-08-15 16:34:51 - [MESSAGE][PASSED] - Send request and verify the response successfully

2019-08-15 16:34:51 - [TEST_STEP][PASSED] - if (M4_total_bonus_spins_int != 0 &amp;&amp; M4_spin_reels_symbols[2].contains("WILD_Normal") || M4_spin_reels_symbols[3].contains("WILD_Normal") || M4_spin_reels_symbols[4].contains("WILD_Normal")): null

2019-08-15 16:34:51 - [TEST_STEP][PASSED] - free_spin_reel_counter = free_spin_reel_counter: null

2019-08-15 16:34:51 - [TEST_STEP][PASSED] - M4_spin_reels_symbols = M4_spin_reels_symbols: null

2019-08-15 16:34:51 - [TEST_STEP][PASSED] - M4_total_bonus_spins = M4_total_bonus_spins: null

2019-08-15 16:34:51 - [TEST_STEP][PASSED] - spin_result = sendRequestAndVerify(findTestObject("STG/RGS(M4)/1_M4_spin", ["M4_login_user_id":M4_login_user_id, "rgs_session_token":rgs_session_token, "partner":Partner])): Send request and verify the response successfully

2019-08-15 16:34:51 - [TEST_CASE][PASSED] - Start Test Case : Verification: Verification accomplished successfully

2019-08-15 16:34:51 - [TEST_STEP][PASSED] - request = getInstance().getCurrentRequest(): null

2019-08-15 16:34:51 - [TEST_STEP][PASSED] - response = getInstance().getCurrentResponse(): null

2019-08-15 16:34:51 - [TEST_STEP][PASSED] - verifyResponseStatusCode(response, 200): Verify response status code successfully

2019-08-15 16:34:51 - [MESSAGE][PASSED] - Verify response status code successfully

2019-08-15 16:34:51 - [TEST_STEP][PASSED] - getStatusCode()).isEqualTo(200): null

2019-08-15 16:34:51 - [TEST_STEP][PASSED] - newline = System.getProperty("line.separator"): null

2019-08-15 16:34:51 - [TEST_STEP][PASSED] - M4_spin = new groovy.json.JsonSlurper(): null

2019-08-15 16:34:51 - [TEST_STEP][PASSED] - result_M4_spin = M4_spin.parseText(response.getResponseBodyContent()): null

2019-08-15 16:34:51 - [TEST_STEP][PASSED] - M4_spin_current_balance = current_balance: null

2019-08-15 16:34:51 - [TEST_STEP][PASSED] - M4_spin_current_balance = M4_spin_current_balance: null

2019-08-15 16:34:51 - [TEST_STEP][PASSED] - M4_spin_transaction_id = causality: null

2019-08-15 16:34:51 - [TEST_STEP][PASSED] - M4_spin_transaction_id = M4_spin_transaction_id: null

2019-08-15 16:34:51 - [TEST_STEP][PASSED] - M4_spin_round_id = round_id: null

2019-08-15 16:34:51 - [TEST_STEP][PASSED] - M4_spin_round_id = M4_spin_round_id: null

2019-08-15 16:34:51 - [TEST_STEP][PASSED] - M4_spin_line_wins = line_wins: null

2019-08-15 16:34:51 - [TEST_STEP][PASSED] - M4_spin_line_wins = M4_spin_line_wins: null

2019-08-15 16:34:51 - [TEST_STEP][PASSED] - M4_total_bonus_spins_int = total_bonus_spins: null

2019-08-15 16:34:51 - [TEST_STEP][PASSED] - println("******M4_total_bonus_spins type is:*******" + newline + getClass().getName()): null

2019-08-15 16:34:51 - [TEST_STEP][PASSED] - M4_total_bonus_spins_int = M4_total_bonus_spins_int: null

2019-08-15 16:34:51 - [TEST_STEP][PASSED] - M4_total_bonus_spins = Integer.toString(M4_total_bonus_spins_int): null

2019-08-15 16:34:51 - [TEST_STEP][PASSED] - M4_total_bonus_spins = M4_total_bonus_spins: null

2019-08-15 16:34:51 - [TEST_STEP][PASSED] - println("M4_total_bonus_spins is:" + M4_total_bonus_spins): null

2019-08-15 16:34:51 - [TEST_STEP][PASSED] - M4_spin_bonus_data = bonus_data: null

2019-08-15 16:34:51 - [TEST_STEP][PASSED] - M4_spin_features_triggered = result_M4_spin: null

2019-08-15 16:34:51 - [TEST_STEP][PASSED] - wild = []: null

2019-08-15 16:34:51 - [TEST_STEP][PASSED] - wild[0] = "WILD_Expanding": null

2019-08-15 16:34:51 - [TEST_STEP][PASSED] - wild[1] = "WILD_Normal": null

2019-08-15 16:34:51 - [TEST_STEP][PASSED] - wild[2] = "WILD_Double": null

2019-08-15 16:34:51 - [TEST_STEP][PASSED] - wild[3] = "WILD_ExtraFG": null

2019-08-15 16:34:51 - [TEST_STEP][PASSED] - wild[4] = "WILD_Triple": null

2019-08-15 16:34:51 - [TEST_STEP][PASSED] - wildList = Arrays.asList(wild): null

2019-08-15 16:34:51 - [TEST_STEP][PASSED] - wildList = wildList: null

2019-08-15 16:34:51 - [TEST_STEP][PASSED] - free_spin_reel_counter = []: null

2019-08-15 16:34:51 - [TEST_STEP][PASSED] - free_spin_reel_counter[0] = 0: null

2019-08-15 16:34:51 - [TEST_STEP][PASSED] - free_spin_reel_counter[1] = 0: null

2019-08-15 16:34:51 - [TEST_STEP][PASSED] - free_spin_reel_counter[2] = 0: null

2019-08-15 16:34:51 - [TEST_STEP][PASSED] - M4_spin_reels = reels: null

2019-08-15 16:34:51 - [TEST_STEP][PASSED] - for ([i = 0, i &lt; M4_spin_reels.size(), (i++)]): null

2019-08-15 16:34:51 - [TEST_STEP][PASSED] - symbols = symbols: null

2019-08-15 16:34:51 - [TEST_STEP][PASSED] - for ([j = 0, j &lt; symbols.size(), (j++)]): null

2019-08-15 16:34:51 - [TEST_STEP][PASSED] - symbol = symbol: null

2019-08-15 16:34:51 - [TEST_STEP][PASSED] - println(symbol): null

2019-08-15 16:34:51 - [TEST_STEP][PASSED] - if (i == 2 &amp;&amp; wildList.indexOf(symbol) != -1): null

2019-08-15 16:34:51 - [TEST_STEP][PASSED] - if (i == 3 &amp;&amp; wildList.indexOf(symbol) != -1): null

2019-08-15 16:34:51 - [TEST_STEP][PASSED] - if (i == 4 &amp;&amp; wildList.indexOf(symbol) != -1): null

2019-08-15 16:34:51 - [TEST_STEP][PASSED] - symbol = symbol: null

2019-08-15 16:34:51 - [TEST_STEP][PASSED] - println(symbol): null

2019-08-15 16:34:51 - [TEST_STEP][PASSED] - if (i == 2 &amp;&amp; wildList.indexOf(symbol) != -1): null

2019-08-15 16:34:51 - [TEST_STEP][PASSED] - if (i == 3 &amp;&amp; wildList.indexOf(symbol) != -1): null

2019-08-15 16:34:51 - [TEST_STEP][PASSED] - if (i == 4 &amp;&amp; wildList.indexOf(symbol) != -1): null

2019-08-15 16:34:51 - [TEST_STEP][PASSED] - symbol = symbol: null

2019-08-15 16:34:51 - [TEST_STEP][PASSED] - println(symbol): null

2019-08-15 16:34:51 - [TEST_STEP][PASSED] - if (i == 2 &amp;&amp; wildList.indexOf(symbol) != -1): null

2019-08-15 16:34:51 - [TEST_STEP][PASSED] - if (i == 3 &amp;&amp; wildList.indexOf(symbol) != -1): null

2019-08-15 16:34:51 - [TEST_STEP][PASSED] - if (i == 4 &amp;&amp; wildList.indexOf(symbol) != -1): null

2019-08-15 16:34:51 - [TEST_STEP][PASSED] - symbols = symbols: null

2019-08-15 16:34:51 - [TEST_STEP][PASSED] - for ([j = 0, j &lt; symbols.size(), (j++)]): null

2019-08-15 16:34:51 - [TEST_STEP][PASSED] - symbol = symbol: null

2019-08-15 16:34:51 - [TEST_STEP][PASSED] - println(symbol): null

2019-08-15 16:34:51 - [TEST_STEP][PASSED] - if (i == 2 &amp;&amp; wildList.indexOf(symbol) != -1): null

2019-08-15 16:34:51 - [TEST_STEP][PASSED] - if (i == 3 &amp;&amp; wildList.indexOf(symbol) != -1): null

2019-08-15 16:34:51 - [TEST_STEP][PASSED] - if (i == 4 &amp;&amp; wildList.indexOf(symbol) != -1): null

2019-08-15 16:34:51 - [TEST_STEP][PASSED] - symbol = symbol: null

2019-08-15 16:34:51 - [TEST_STEP][PASSED] - println(symbol): null

2019-08-15 16:34:51 - [TEST_STEP][PASSED] - if (i == 2 &amp;&amp; wildList.indexOf(symbol) != -1): null

2019-08-15 16:34:51 - [TEST_STEP][PASSED] - if (i == 3 &amp;&amp; wildList.indexOf(symbol) != -1): null

2019-08-15 16:34:51 - [TEST_STEP][PASSED] - if (i == 4 &amp;&amp; wildList.indexOf(symbol) != -1): null

2019-08-15 16:34:51 - [TEST_STEP][PASSED] - symbol = symbol: null

2019-08-15 16:34:51 - [TEST_STEP][PASSED] - println(symbol): null

2019-08-15 16:34:51 - [TEST_STEP][PASSED] - if (i == 2 &amp;&amp; wildList.indexOf(symbol) != -1): null

2019-08-15 16:34:51 - [TEST_STEP][PASSED] - if (i == 3 &amp;&amp; wildList.indexOf(symbol) != -1): null

2019-08-15 16:34:51 - [TEST_STEP][PASSED] - if (i == 4 &amp;&amp; wildList.indexOf(symbol) != -1): null

2019-08-15 16:34:51 - [TEST_STEP][PASSED] - symbols = symbols: null

2019-08-15 16:34:51 - [TEST_STEP][PASSED] - for ([j = 0, j &lt; symbols.size(), (j++)]): null

2019-08-15 16:34:51 - [TEST_STEP][PASSED] - symbol = symbol: null

2019-08-15 16:34:51 - [TEST_STEP][PASSED] - println(symbol): null

2019-08-15 16:34:51 - [TEST_STEP][PASSED] - if (i == 2 &amp;&amp; wildList.indexOf(symbol) != -1): null

2019-08-15 16:34:51 - [TEST_STEP][PASSED] - if (i == 3 &amp;&amp; wildList.indexOf(symbol) != -1): null

2019-08-15 16:34:51 - [TEST_STEP][PASSED] - if (i == 4 &amp;&amp; wildList.indexOf(symbol) != -1): null

2019-08-15 16:34:51 - [TEST_STEP][PASSED] - symbol = symbol: null

2019-08-15 16:34:51 - [TEST_STEP][PASSED] - println(symbol): null

2019-08-15 16:34:51 - [TEST_STEP][PASSED] - if (i == 2 &amp;&amp; wildList.indexOf(symbol) != -1): null

2019-08-15 16:34:51 - [TEST_STEP][PASSED] - if (i == 3 &amp;&amp; wildList.indexOf(symbol) != -1): null

2019-08-15 16:34:51 - [TEST_STEP][PASSED] - if (i == 4 &amp;&amp; wildList.indexOf(symbol) != -1): null

2019-08-15 16:34:51 - [TEST_STEP][PASSED] - symbol = symbol: null

2019-08-15 16:34:51 - [TEST_STEP][PASSED] - println(symbol): null

2019-08-15 16:34:51 - [TEST_STEP][PASSED] - if (i == 2 &amp;&amp; wildList.indexOf(symbol) != -1): null

2019-08-15 16:34:51 - [TEST_STEP][PASSED] - println("wild found on reel 3, adding counter by 1"): null

2019-08-15 16:34:51 - [TEST_STEP][PASSED] - free_spin_reel_counter[0] = free_spin_reel_counter[0] + 1: null

2019-08-15 16:34:51 - [TEST_STEP][PASSED] - if (i == 3 &amp;&amp; wildList.indexOf(symbol) != -1): null

2019-08-15 16:34:51 - [TEST_STEP][PASSED] - if (i == 4 &amp;&amp; wildList.indexOf(symbol) != -1): null

2019-08-15 16:34:51 - [TEST_STEP][PASSED] - symbols = symbols: null

2019-08-15 16:34:51 - [TEST_STEP][PASSED] - for ([j = 0, j &lt; symbols.size(), (j++)]): null

2019-08-15 16:34:51 - [TEST_STEP][PASSED] - symbol = symbol: null

2019-08-15 16:34:51 - [TEST_STEP][PASSED] - println(symbol): null

2019-08-15 16:34:51 - [TEST_STEP][PASSED] - if (i == 2 &amp;&amp; wildList.indexOf(symbol) != -1): null

2019-08-15 16:34:51 - [TEST_STEP][PASSED] - if (i == 3 &amp;&amp; wildList.indexOf(symbol) != -1): null

2019-08-15 16:34:51 - [TEST_STEP][PASSED] - if (i == 4 &amp;&amp; wildList.indexOf(symbol) != -1): null

2019-08-15 16:34:51 - [TEST_STEP][PASSED] - symbol = symbol: null

2019-08-15 16:34:51 - [TEST_STEP][PASSED] - println(symbol): null

2019-08-15 16:34:51 - [TEST_STEP][PASSED] - if (i == 2 &amp;&amp; wildList.indexOf(symbol) != -1): null

2019-08-15 16:34:51 - [TEST_STEP][PASSED] - if (i == 3 &amp;&amp; wildList.indexOf(symbol) != -1): null

2019-08-15 16:34:51 - [TEST_STEP][PASSED] - if (i == 4 &amp;&amp; wildList.indexOf(symbol) != -1): null

2019-08-15 16:34:51 - [TEST_STEP][PASSED] - symbol = symbol: null

2019-08-15 16:34:51 - [TEST_STEP][PASSED] - println(symbol): null

2019-08-15 16:34:51 - [TEST_STEP][PASSED] - if (i == 2 &amp;&amp; wildList.indexOf(symbol) != -1): null

2019-08-15 16:34:51 - [TEST_STEP][PASSED] - if (i == 3 &amp;&amp; wildList.indexOf(symbol) != -1): null

2019-08-15 16:34:51 - [TEST_STEP][PASSED] - if (i == 4 &amp;&amp; wildList.indexOf(symbol) != -1): null

2019-08-15 16:34:51 - [TEST_STEP][PASSED] - symbols = symbols: null

2019-08-15 16:34:51 - [TEST_STEP][PASSED] - for ([j = 0, j &lt; symbols.size(), (j++)]): null

2019-08-15 16:34:51 - [TEST_STEP][PASSED] - symbol = symbol: null

2019-08-15 16:34:51 - [TEST_STEP][PASSED] - println(symbol): null

2019-08-15 16:34:51 - [TEST_STEP][PASSED] - if (i == 2 &amp;&amp; wildList.indexOf(symbol) != -1): null

2019-08-15 16:34:51 - [TEST_STEP][PASSED] - if (i == 3 &amp;&amp; wildList.indexOf(symbol) != -1): null

2019-08-15 16:34:51 - [TEST_STEP][PASSED] - if (i == 4 &amp;&amp; wildList.indexOf(symbol) != -1): null

2019-08-15 16:34:51 - [TEST_STEP][PASSED] - symbol = symbol: null

2019-08-15 16:34:51 - [TEST_STEP][PASSED] - println(symbol): null

2019-08-15 16:34:51 - [TEST_STEP][PASSED] - if (i == 2 &amp;&amp; wildList.indexOf(symbol) != -1): null

2019-08-15 16:34:51 - [TEST_STEP][PASSED] - if (i == 3 &amp;&amp; wildList.indexOf(symbol) != -1): null

2019-08-15 16:34:51 - [TEST_STEP][PASSED] - if (i == 4 &amp;&amp; wildList.indexOf(symbol) != -1): null

2019-08-15 16:34:51 - [TEST_STEP][PASSED] - symbol = symbol: null

2019-08-15 16:34:51 - [TEST_STEP][PASSED] - println(symbol): null

2019-08-15 16:34:51 - [TEST_STEP][PASSED] - if (i == 2 &amp;&amp; wildList.indexOf(symbol) != -1): null

2019-08-15 16:34:51 - [TEST_STEP][PASSED] - if (i == 3 &amp;&amp; wildList.indexOf(symbol) != -1): null

2019-08-15 16:34:51 - [TEST_STEP][PASSED] - if (i == 4 &amp;&amp; wildList.indexOf(symbol) != -1): null

2019-08-15 16:34:51 - [TEST_STEP][PASSED] - free_spin_reel_counter = free_spin_reel_counter: null

2019-08-15 16:34:51 - [TEST_STEP][PASSED] - println("reel 3 wild found: " + free_spin_reel_counter[0]): null

2019-08-15 16:34:51 - [TEST_STEP][PASSED] - println("reel 4 wild found: " + free_spin_reel_counter[1]): null

2019-08-15 16:34:51 - [TEST_STEP][PASSED] - println("reel 5 wild found: " + free_spin_reel_counter[2]): null

2019-08-15 16:34:51 - [TEST_STEP][PASSED] - M4_spin_reels = M4_spin_reels: null

2019-08-15 16:34:51 - [TEST_STEP][PASSED] - M4_spin_reels_symbols = symbol: null

2019-08-15 16:34:51 - [TEST_STEP][PASSED] - M4_spin_reels_symbols = M4_spin_reels_symbols: null

2019-08-15 16:34:51 - [TEST_STEP][PASSED] - M4_spin_reel_wins = reel_wins: null

2019-08-15 16:34:51 - [TEST_STEP][PASSED] - M4_spin_reel_wins = M4_spin_reel_wins: null

2019-08-15 16:34:51 - [TEST_STEP][PASSED] - println("GlobalVariable.M4_spin_reel_wins is: " + M4_spin_reel_wins): null

2019-08-15 16:34:51 - [TEST_STEP][PASSED] - M4_spin_total_bonus_win_this_round = total_bonus_win_this_round: null

2019-08-15 16:34:51 - [TEST_STEP][PASSED] - M4_spin_total_bonus_win_this_round = M4_spin_total_bonus_win_this_round: null

2019-08-15 16:34:51 - [TEST_STEP][PASSED] - println("GlobalVariable.M4_spin_total_bonus_win_this_round is: " + M4_spin_total_bonus_win_this_round): null

2019-08-15 16:34:51 - [MESSAGE][PASSED] - Verify response successfully

2019-08-15 16:34:51 - [MESSAGE][PASSED] - Send request and verify the response successfully

2019-08-15 16:34:51 - [TEST_STEP][PASSED] - if (M4_total_bonus_spins_int != 0 &amp;&amp; M4_spin_reels_symbols[2].contains("WILD_Normal") || M4_spin_reels_symbols[3].contains("WILD_Normal") || M4_spin_reels_symbols[4].contains("WILD_Normal")): null

2019-08-15 16:34:51 - [TEST_STEP][PASSED] - free_spin_reel_counter = free_spin_reel_counter: null

2019-08-15 16:34:51 - [TEST_STEP][PASSED] - M4_spin_reels_symbols = M4_spin_reels_symbols: null

2019-08-15 16:34:51 - [TEST_STEP][PASSED] - M4_total_bonus_spins = M4_total_bonus_spins: null

2019-08-15 16:34:51 - [TEST_STEP][PASSED] - spin_result = sendRequestAndVerify(findTestObject("STG/RGS(M4)/1_M4_spin", ["M4_login_user_id":M4_login_user_id, "rgs_session_token":rgs_session_token, "partner":Partner])): Send request and verify the response successfully

2019-08-15 16:34:51 - [TEST_CASE][PASSED] - Start Test Case : Verification: Verification accomplished successfully

2019-08-15 16:34:51 - [TEST_STEP][PASSED] - request = getInstance().getCurrentRequest(): null

2019-08-15 16:34:52 - [TEST_STEP][PASSED] - response = getInstance().getCurrentResponse(): null

2019-08-15 16:34:52 - [TEST_STEP][PASSED] - verifyResponseStatusCode(response, 200): Verify response status code successfully

2019-08-15 16:34:52 - [MESSAGE][PASSED] - Verify response status code successfully

2019-08-15 16:34:52 - [TEST_STEP][PASSED] - getStatusCode()).isEqualTo(200): null

2019-08-15 16:34:52 - [TEST_STEP][PASSED] - newline = System.getProperty("line.separator"): null

2019-08-15 16:34:52 - [TEST_STEP][PASSED] - M4_spin = new groovy.json.JsonSlurper(): null

2019-08-15 16:34:52 - [TEST_STEP][PASSED] - result_M4_spin = M4_spin.parseText(response.getResponseBodyContent()): null

2019-08-15 16:34:52 - [TEST_STEP][PASSED] - M4_spin_current_balance = current_balance: null

2019-08-15 16:34:52 - [TEST_STEP][PASSED] - M4_spin_current_balance = M4_spin_current_balance: null

2019-08-15 16:34:52 - [TEST_STEP][PASSED] - M4_spin_transaction_id = causality: null

2019-08-15 16:34:52 - [TEST_STEP][PASSED] - M4_spin_transaction_id = M4_spin_transaction_id: null

2019-08-15 16:34:52 - [TEST_STEP][PASSED] - M4_spin_round_id = round_id: null

2019-08-15 16:34:52 - [TEST_STEP][PASSED] - M4_spin_round_id = M4_spin_round_id: null

2019-08-15 16:34:52 - [TEST_STEP][PASSED] - M4_spin_line_wins = line_wins: null

2019-08-15 16:34:52 - [TEST_STEP][PASSED] - M4_spin_line_wins = M4_spin_line_wins: null

2019-08-15 16:34:52 - [TEST_STEP][PASSED] - M4_total_bonus_spins_int = total_bonus_spins: null

2019-08-15 16:34:52 - [TEST_STEP][PASSED] - println("******M4_total_bonus_spins type is:*******" + newline + getClass().getName()): null

2019-08-15 16:34:52 - [TEST_STEP][PASSED] - M4_total_bonus_spins_int = M4_total_bonus_spins_int: null

2019-08-15 16:34:52 - [TEST_STEP][PASSED] - M4_total_bonus_spins = Integer.toString(M4_total_bonus_spins_int): null

2019-08-15 16:34:52 - [TEST_STEP][PASSED] - M4_total_bonus_spins = M4_total_bonus_spins: null

2019-08-15 16:34:52 - [TEST_STEP][PASSED] - println("M4_total_bonus_spins is:" + M4_total_bonus_spins): null

2019-08-15 16:34:52 - [TEST_STEP][PASSED] - M4_spin_bonus_data = bonus_data: null

2019-08-15 16:34:52 - [TEST_STEP][PASSED] - M4_spin_features_triggered = result_M4_spin: null

2019-08-15 16:34:52 - [TEST_STEP][PASSED] - wild = []: null

2019-08-15 16:34:52 - [TEST_STEP][PASSED] - wild[0] = "WILD_Expanding": null

2019-08-15 16:34:52 - [TEST_STEP][PASSED] - wild[1] = "WILD_Normal": null

2019-08-15 16:34:52 - [TEST_STEP][PASSED] - wild[2] = "WILD_Double": null

2019-08-15 16:34:52 - [TEST_STEP][PASSED] - wild[3] = "WILD_ExtraFG": null

2019-08-15 16:34:52 - [TEST_STEP][PASSED] - wild[4] = "WILD_Triple": null

2019-08-15 16:34:52 - [TEST_STEP][PASSED] - wildList = Arrays.asList(wild): null

2019-08-15 16:34:52 - [TEST_STEP][PASSED] - wildList = wildList: null

2019-08-15 16:34:52 - [TEST_STEP][PASSED] - free_spin_reel_counter = []: null

2019-08-15 16:34:52 - [TEST_STEP][PASSED] - free_spin_reel_counter[0] = 0: null

2019-08-15 16:34:52 - [TEST_STEP][PASSED] - free_spin_reel_counter[1] = 0: null

2019-08-15 16:34:52 - [TEST_STEP][PASSED] - free_spin_reel_counter[2] = 0: null

2019-08-15 16:34:52 - [TEST_STEP][PASSED] - M4_spin_reels = reels: null

2019-08-15 16:34:52 - [TEST_STEP][PASSED] - for ([i = 0, i &lt; M4_spin_reels.size(), (i++)]): null

2019-08-15 16:34:52 - [TEST_STEP][PASSED] - symbols = symbols: null

2019-08-15 16:34:52 - [TEST_STEP][PASSED] - for ([j = 0, j &lt; symbols.size(), (j++)]): null

2019-08-15 16:34:52 - [TEST_STEP][PASSED] - symbol = symbol: null

2019-08-15 16:34:52 - [TEST_STEP][PASSED] - println(symbol): null

2019-08-15 16:34:52 - [TEST_STEP][PASSED] - if (i == 2 &amp;&amp; wildList.indexOf(symbol) != -1): null

2019-08-15 16:34:52 - [TEST_STEP][PASSED] - if (i == 3 &amp;&amp; wildList.indexOf(symbol) != -1): null

2019-08-15 16:34:52 - [TEST_STEP][PASSED] - if (i == 4 &amp;&amp; wildList.indexOf(symbol) != -1): null

2019-08-15 16:34:52 - [TEST_STEP][PASSED] - symbol = symbol: null

2019-08-15 16:34:52 - [TEST_STEP][PASSED] - println(symbol): null

2019-08-15 16:34:52 - [TEST_STEP][PASSED] - if (i == 2 &amp;&amp; wildList.indexOf(symbol) != -1): null

2019-08-15 16:34:52 - [TEST_STEP][PASSED] - if (i == 3 &amp;&amp; wildList.indexOf(symbol) != -1): null

2019-08-15 16:34:52 - [TEST_STEP][PASSED] - if (i == 4 &amp;&amp; wildList.indexOf(symbol) != -1): null

2019-08-15 16:34:52 - [TEST_STEP][PASSED] - symbol = symbol: null

2019-08-15 16:34:52 - [TEST_STEP][PASSED] - println(symbol): null

2019-08-15 16:34:52 - [TEST_STEP][PASSED] - if (i == 2 &amp;&amp; wildList.indexOf(symbol) != -1): null

2019-08-15 16:34:52 - [TEST_STEP][PASSED] - if (i == 3 &amp;&amp; wildList.indexOf(symbol) != -1): null

2019-08-15 16:34:52 - [TEST_STEP][PASSED] - if (i == 4 &amp;&amp; wildList.indexOf(symbol) != -1): null

2019-08-15 16:34:52 - [TEST_STEP][PASSED] - symbols = symbols: null

2019-08-15 16:34:52 - [TEST_STEP][PASSED] - for ([j = 0, j &lt; symbols.size(), (j++)]): null

2019-08-15 16:34:52 - [TEST_STEP][PASSED] - symbol = symbol: null

2019-08-15 16:34:52 - [TEST_STEP][PASSED] - println(symbol): null

2019-08-15 16:34:52 - [TEST_STEP][PASSED] - if (i == 2 &amp;&amp; wildList.indexOf(symbol) != -1): null

2019-08-15 16:34:52 - [TEST_STEP][PASSED] - if (i == 3 &amp;&amp; wildList.indexOf(symbol) != -1): null

2019-08-15 16:34:52 - [TEST_STEP][PASSED] - if (i == 4 &amp;&amp; wildList.indexOf(symbol) != -1): null

2019-08-15 16:34:52 - [TEST_STEP][PASSED] - symbol = symbol: null

2019-08-15 16:34:52 - [TEST_STEP][PASSED] - println(symbol): null

2019-08-15 16:34:52 - [TEST_STEP][PASSED] - if (i == 2 &amp;&amp; wildList.indexOf(symbol) != -1): null

2019-08-15 16:34:52 - [TEST_STEP][PASSED] - if (i == 3 &amp;&amp; wildList.indexOf(symbol) != -1): null

2019-08-15 16:34:52 - [TEST_STEP][PASSED] - if (i == 4 &amp;&amp; wildList.indexOf(symbol) != -1): null

2019-08-15 16:34:52 - [TEST_STEP][PASSED] - symbol = symbol: null

2019-08-15 16:34:52 - [TEST_STEP][PASSED] - println(symbol): null

2019-08-15 16:34:52 - [TEST_STEP][PASSED] - if (i == 2 &amp;&amp; wildList.indexOf(symbol) != -1): null

2019-08-15 16:34:52 - [TEST_STEP][PASSED] - if (i == 3 &amp;&amp; wildList.indexOf(symbol) != -1): null

2019-08-15 16:34:52 - [TEST_STEP][PASSED] - if (i == 4 &amp;&amp; wildList.indexOf(symbol) != -1): null

2019-08-15 16:34:52 - [TEST_STEP][PASSED] - symbols = symbols: null

2019-08-15 16:34:52 - [TEST_STEP][PASSED] - for ([j = 0, j &lt; symbols.size(), (j++)]): null

2019-08-15 16:34:52 - [TEST_STEP][PASSED] - symbol = symbol: null

2019-08-15 16:34:52 - [TEST_STEP][PASSED] - println(symbol): null

2019-08-15 16:34:52 - [TEST_STEP][PASSED] - if (i == 2 &amp;&amp; wildList.indexOf(symbol) != -1): null

2019-08-15 16:34:52 - [TEST_STEP][PASSED] - println("wild found on reel 3, adding counter by 1"): null

2019-08-15 16:34:52 - [TEST_STEP][PASSED] - free_spin_reel_counter[0] = free_spin_reel_counter[0] + 1: null

2019-08-15 16:34:52 - [TEST_STEP][PASSED] - if (i == 3 &amp;&amp; wildList.indexOf(symbol) != -1): null

2019-08-15 16:34:52 - [TEST_STEP][PASSED] - if (i == 4 &amp;&amp; wildList.indexOf(symbol) != -1): null

2019-08-15 16:34:52 - [TEST_STEP][PASSED] - symbol = symbol: null

2019-08-15 16:34:52 - [TEST_STEP][PASSED] - println(symbol): null

2019-08-15 16:34:52 - [TEST_STEP][PASSED] - if (i == 2 &amp;&amp; wildList.indexOf(symbol) != -1): null

2019-08-15 16:34:52 - [TEST_STEP][PASSED] - if (i == 3 &amp;&amp; wildList.indexOf(symbol) != -1): null

2019-08-15 16:34:52 - [TEST_STEP][PASSED] - if (i == 4 &amp;&amp; wildList.indexOf(symbol) != -1): null

2019-08-15 16:34:52 - [TEST_STEP][PASSED] - symbol = symbol: null

2019-08-15 16:34:52 - [TEST_STEP][PASSED] - println(symbol): null

2019-08-15 16:34:52 - [TEST_STEP][PASSED] - if (i == 2 &amp;&amp; wildList.indexOf(symbol) != -1): null

2019-08-15 16:34:52 - [TEST_STEP][PASSED] - if (i == 3 &amp;&amp; wildList.indexOf(symbol) != -1): null

2019-08-15 16:34:52 - [TEST_STEP][PASSED] - if (i == 4 &amp;&amp; wildList.indexOf(symbol) != -1): null

2019-08-15 16:34:52 - [TEST_STEP][PASSED] - symbols = symbols: null

2019-08-15 16:34:52 - [TEST_STEP][PASSED] - for ([j = 0, j &lt; symbols.size(), (j++)]): null

2019-08-15 16:34:52 - [TEST_STEP][PASSED] - symbol = symbol: null

2019-08-15 16:34:52 - [TEST_STEP][PASSED] - println(symbol): null

2019-08-15 16:34:52 - [TEST_STEP][PASSED] - if (i == 2 &amp;&amp; wildList.indexOf(symbol) != -1): null

2019-08-15 16:34:52 - [TEST_STEP][PASSED] - if (i == 3 &amp;&amp; wildList.indexOf(symbol) != -1): null

2019-08-15 16:34:52 - [TEST_STEP][PASSED] - if (i == 4 &amp;&amp; wildList.indexOf(symbol) != -1): null

2019-08-15 16:34:52 - [TEST_STEP][PASSED] - symbol = symbol: null

2019-08-15 16:34:52 - [TEST_STEP][PASSED] - println(symbol): null

2019-08-15 16:34:52 - [TEST_STEP][PASSED] - if (i == 2 &amp;&amp; wildList.indexOf(symbol) != -1): null

2019-08-15 16:34:52 - [TEST_STEP][PASSED] - if (i == 3 &amp;&amp; wildList.indexOf(symbol) != -1): null

2019-08-15 16:34:52 - [TEST_STEP][PASSED] - if (i == 4 &amp;&amp; wildList.indexOf(symbol) != -1): null

2019-08-15 16:34:52 - [TEST_STEP][PASSED] - symbol = symbol: null

2019-08-15 16:34:52 - [TEST_STEP][PASSED] - println(symbol): null

2019-08-15 16:34:52 - [TEST_STEP][PASSED] - if (i == 2 &amp;&amp; wildList.indexOf(symbol) != -1): null

2019-08-15 16:34:52 - [TEST_STEP][PASSED] - if (i == 3 &amp;&amp; wildList.indexOf(symbol) != -1): null

2019-08-15 16:34:52 - [TEST_STEP][PASSED] - if (i == 4 &amp;&amp; wildList.indexOf(symbol) != -1): null

2019-08-15 16:34:52 - [TEST_STEP][PASSED] - symbols = symbols: null

2019-08-15 16:34:52 - [TEST_STEP][PASSED] - for ([j = 0, j &lt; symbols.size(), (j++)]): null

2019-08-15 16:34:52 - [TEST_STEP][PASSED] - symbol = symbol: null

2019-08-15 16:34:52 - [TEST_STEP][PASSED] - println(symbol): null

2019-08-15 16:34:52 - [TEST_STEP][PASSED] - if (i == 2 &amp;&amp; wildList.indexOf(symbol) != -1): null

2019-08-15 16:34:52 - [TEST_STEP][PASSED] - if (i == 3 &amp;&amp; wildList.indexOf(symbol) != -1): null

2019-08-15 16:34:52 - [TEST_STEP][PASSED] - if (i == 4 &amp;&amp; wildList.indexOf(symbol) != -1): null

2019-08-15 16:34:52 - [TEST_STEP][PASSED] - symbol = symbol: null

2019-08-15 16:34:52 - [TEST_STEP][PASSED] - println(symbol): null

2019-08-15 16:34:52 - [TEST_STEP][PASSED] - if (i == 2 &amp;&amp; wildList.indexOf(symbol) != -1): null

2019-08-15 16:34:52 - [TEST_STEP][PASSED] - if (i == 3 &amp;&amp; wildList.indexOf(symbol) != -1): null

2019-08-15 16:34:52 - [TEST_STEP][PASSED] - if (i == 4 &amp;&amp; wildList.indexOf(symbol) != -1): null

2019-08-15 16:34:52 - [TEST_STEP][PASSED] - symbol = symbol: null

2019-08-15 16:34:52 - [TEST_STEP][PASSED] - println(symbol): null

2019-08-15 16:34:52 - [TEST_STEP][PASSED] - if (i == 2 &amp;&amp; wildList.indexOf(symbol) != -1): null

2019-08-15 16:34:52 - [TEST_STEP][PASSED] - if (i == 3 &amp;&amp; wildList.indexOf(symbol) != -1): null

2019-08-15 16:34:52 - [TEST_STEP][PASSED] - if (i == 4 &amp;&amp; wildList.indexOf(symbol) != -1): null

2019-08-15 16:34:52 - [TEST_STEP][PASSED] - free_spin_reel_counter = free_spin_reel_counter: null

2019-08-15 16:34:52 - [TEST_STEP][PASSED] - println("reel 3 wild found: " + free_spin_reel_counter[0]): null

2019-08-15 16:34:56 - [TEST_STEP][PASSED] - println("reel 4 wild found: " + free_spin_reel_counter[1]): null

2019-08-15 16:34:56 - [TEST_STEP][PASSED] - println("reel 5 wild found: " + free_spin_reel_counter[2]): null

2019-08-15 16:34:56 - [TEST_STEP][PASSED] - M4_spin_reels = M4_spin_reels: null

2019-08-15 16:34:56 - [TEST_STEP][PASSED] - M4_spin_reels_symbols = symbol: null

2019-08-15 16:34:56 - [TEST_STEP][PASSED] - M4_spin_reels_symbols = M4_spin_reels_symbols: null

2019-08-15 16:34:56 - [TEST_STEP][PASSED] - M4_spin_reel_wins = reel_wins: null

2019-08-15 16:34:56 - [TEST_STEP][PASSED] - M4_spin_reel_wins = M4_spin_reel_wins: null

2019-08-15 16:34:56 - [TEST_STEP][PASSED] - println("GlobalVariable.M4_spin_reel_wins is: " + M4_spin_reel_wins): null

2019-08-15 16:34:56 - [TEST_STEP][PASSED] - M4_spin_total_bonus_win_this_round = total_bonus_win_this_round: null

2019-08-15 16:35:01 - [TEST_STEP][PASSED] - M4_spin_total_bonus_win_this_round = M4_spin_total_bonus_win_this_round: null

2019-08-15 16:35:01 - [TEST_STEP][PASSED] - println("GlobalVariable.M4_spin_total_bonus_win_this_round is: " + M4_spin_total_bonus_win_this_round): null

2019-08-15 16:35:01 - [MESSAGE][PASSED] - Verify response successfully

2019-08-15 16:35:01 - [MESSAGE][PASSED] - Send request and verify the response successfully

2019-08-15 16:35:01 - [TEST_STEP][PASSED] - if (M4_total_bonus_spins_int != 0 &amp;&amp; M4_spin_reels_symbols[2].contains("WILD_Normal") || M4_spin_reels_symbols[3].contains("WILD_Normal") || M4_spin_reels_symbols[4].contains("WILD_Normal")): null

2019-08-15 16:35:01 - [TEST_STEP][PASSED] - free_spin_reel_counter = free_spin_reel_counter: null

2019-08-15 16:35:01 - [TEST_STEP][PASSED] - M4_spin_reels_symbols = M4_spin_reels_symbols: null

2019-08-15 16:35:01 - [TEST_STEP][PASSED] - M4_total_bonus_spins = M4_total_bonus_spins: null

2019-08-15 16:35:01 - [TEST_STEP][PASSED] - spin_result = sendRequestAndVerify(findTestObject("STG/RGS(M4)/1_M4_spin", ["M4_login_user_id":M4_login_user_id, "rgs_session_token":rgs_session_token, "partner":Partner])): Send request and verify the response successfully

2019-08-15 16:35:01 - [TEST_CASE][PASSED] - Start Test Case : Verification: Verification accomplished successfully

2019-08-15 16:35:01 - [TEST_STEP][PASSED] - request = getInstance().getCurrentRequest(): null

2019-08-15 16:35:01 - [TEST_STEP][PASSED] - response = getInstance().getCurrentResponse(): null

2019-08-15 16:35:01 - [TEST_STEP][PASSED] - verifyResponseStatusCode(response, 200): Verify response status code successfully

2019-08-15 16:35:01 - [MESSAGE][PASSED] - Verify response status code successfully

2019-08-15 16:35:01 - [TEST_STEP][PASSED] - getStatusCode()).isEqualTo(200): null

2019-08-15 16:35:01 - [TEST_STEP][PASSED] - newline = System.getProperty("line.separator"): null

2019-08-15 16:35:01 - [TEST_STEP][PASSED] - M4_spin = new groovy.json.JsonSlurper(): null

2019-08-15 16:35:01 - [TEST_STEP][PASSED] - result_M4_spin = M4_spin.parseText(response.getResponseBodyContent()): null

2019-08-15 16:35:01 - [TEST_STEP][PASSED] - M4_spin_current_balance = current_balance: null

2019-08-15 16:35:01 - [TEST_STEP][PASSED] - M4_spin_current_balance = M4_spin_current_balance: null

2019-08-15 16:35:01 - [TEST_STEP][PASSED] - M4_spin_transaction_id = causality: null

2019-08-15 16:35:01 - [TEST_STEP][PASSED] - M4_spin_transaction_id = M4_spin_transaction_id: null

2019-08-15 16:35:01 - [TEST_STEP][PASSED] - M4_spin_round_id = round_id: null

2019-08-15 16:35:01 - [TEST_STEP][PASSED] - M4_spin_round_id = M4_spin_round_id: null

2019-08-15 16:35:01 - [TEST_STEP][PASSED] - M4_spin_line_wins = line_wins: null

2019-08-15 16:35:01 - [TEST_STEP][PASSED] - M4_spin_line_wins = M4_spin_line_wins: null

2019-08-15 16:35:01 - [TEST_STEP][PASSED] - M4_total_bonus_spins_int = total_bonus_spins: null

2019-08-15 16:35:01 - [TEST_STEP][PASSED] - println("******M4_total_bonus_spins type is:*******" + newline + getClass().getName()): null

2019-08-15 16:35:01 - [TEST_STEP][PASSED] - M4_total_bonus_spins_int = M4_total_bonus_spins_int: null

2019-08-15 16:35:01 - [TEST_STEP][PASSED] - M4_total_bonus_spins = Integer.toString(M4_total_bonus_spins_int): null

2019-08-15 16:35:01 - [TEST_STEP][PASSED] - M4_total_bonus_spins = M4_total_bonus_spins: null

2019-08-15 16:35:01 - [TEST_STEP][PASSED] - println("M4_total_bonus_spins is:" + M4_total_bonus_spins): null

2019-08-15 16:35:01 - [TEST_STEP][PASSED] - M4_spin_bonus_data = bonus_data: null

2019-08-15 16:35:01 - [TEST_STEP][PASSED] - M4_spin_features_triggered = result_M4_spin: null

2019-08-15 16:35:01 - [TEST_STEP][PASSED] - wild = []: null

2019-08-15 16:35:01 - [TEST_STEP][PASSED] - wild[0] = "WILD_Expanding": null

2019-08-15 16:35:01 - [TEST_STEP][PASSED] - wild[1] = "WILD_Normal": null

2019-08-15 16:35:01 - [TEST_STEP][PASSED] - wild[2] = "WILD_Double": null

2019-08-15 16:35:01 - [TEST_STEP][PASSED] - wild[3] = "WILD_ExtraFG": null

2019-08-15 16:35:01 - [TEST_STEP][PASSED] - wild[4] = "WILD_Triple": null

2019-08-15 16:35:01 - [TEST_STEP][PASSED] - wildList = Arrays.asList(wild): null

2019-08-15 16:35:01 - [TEST_STEP][PASSED] - wildList = wildList: null

2019-08-15 16:35:01 - [TEST_STEP][PASSED] - free_spin_reel_counter = []: null

2019-08-15 16:35:01 - [TEST_STEP][PASSED] - free_spin_reel_counter[0] = 0: null

2019-08-15 16:35:01 - [TEST_STEP][PASSED] - free_spin_reel_counter[1] = 0: null

2019-08-15 16:35:01 - [TEST_STEP][PASSED] - free_spin_reel_counter[2] = 0: null

2019-08-15 16:35:01 - [TEST_STEP][PASSED] - M4_spin_reels = reels: null

2019-08-15 16:35:01 - [TEST_STEP][PASSED] - for ([i = 0, i &lt; M4_spin_reels.size(), (i++)]): null

2019-08-15 16:35:01 - [TEST_STEP][PASSED] - symbols = symbols: null

2019-08-15 16:35:01 - [TEST_STEP][PASSED] - for ([j = 0, j &lt; symbols.size(), (j++)]): null

2019-08-15 16:35:01 - [TEST_STEP][PASSED] - symbol = symbol: null

2019-08-15 16:35:01 - [TEST_STEP][PASSED] - println(symbol): null

2019-08-15 16:35:01 - [TEST_STEP][PASSED] - if (i == 2 &amp;&amp; wildList.indexOf(symbol) != -1): null

2019-08-15 16:35:01 - [TEST_STEP][PASSED] - if (i == 3 &amp;&amp; wildList.indexOf(symbol) != -1): null

2019-08-15 16:35:01 - [TEST_STEP][PASSED] - if (i == 4 &amp;&amp; wildList.indexOf(symbol) != -1): null

2019-08-15 16:35:01 - [TEST_STEP][PASSED] - symbol = symbol: null

2019-08-15 16:35:01 - [TEST_STEP][PASSED] - println(symbol): null

2019-08-15 16:35:01 - [TEST_STEP][PASSED] - if (i == 2 &amp;&amp; wildList.indexOf(symbol) != -1): null

2019-08-15 16:35:01 - [TEST_STEP][PASSED] - if (i == 3 &amp;&amp; wildList.indexOf(symbol) != -1): null

2019-08-15 16:35:01 - [TEST_STEP][PASSED] - if (i == 4 &amp;&amp; wildList.indexOf(symbol) != -1): null

2019-08-15 16:35:01 - [TEST_STEP][PASSED] - symbol = symbol: null

2019-08-15 16:35:01 - [TEST_STEP][PASSED] - println(symbol): null

2019-08-15 16:35:01 - [TEST_STEP][PASSED] - if (i == 2 &amp;&amp; wildList.indexOf(symbol) != -1): null

2019-08-15 16:35:01 - [TEST_STEP][PASSED] - if (i == 3 &amp;&amp; wildList.indexOf(symbol) != -1): null

2019-08-15 16:35:01 - [TEST_STEP][PASSED] - if (i == 4 &amp;&amp; wildList.indexOf(symbol) != -1): null

2019-08-15 16:35:01 - [TEST_STEP][PASSED] - symbols = symbols: null

2019-08-15 16:35:01 - [TEST_STEP][PASSED] - for ([j = 0, j &lt; symbols.size(), (j++)]): null

2019-08-15 16:35:01 - [TEST_STEP][PASSED] - symbol = symbol: null

2019-08-15 16:35:01 - [TEST_STEP][PASSED] - println(symbol): null

2019-08-15 16:35:01 - [TEST_STEP][PASSED] - if (i == 2 &amp;&amp; wildList.indexOf(symbol) != -1): null

2019-08-15 16:35:01 - [TEST_STEP][PASSED] - if (i == 3 &amp;&amp; wildList.indexOf(symbol) != -1): null

2019-08-15 16:35:01 - [TEST_STEP][PASSED] - if (i == 4 &amp;&amp; wildList.indexOf(symbol) != -1): null

2019-08-15 16:35:01 - [TEST_STEP][PASSED] - symbol = symbol: null

2019-08-15 16:35:01 - [TEST_STEP][PASSED] - println(symbol): null

2019-08-15 16:35:01 - [TEST_STEP][PASSED] - if (i == 2 &amp;&amp; wildList.indexOf(symbol) != -1): null

2019-08-15 16:35:01 - [TEST_STEP][PASSED] - if (i == 3 &amp;&amp; wildList.indexOf(symbol) != -1): null

2019-08-15 16:35:01 - [TEST_STEP][PASSED] - if (i == 4 &amp;&amp; wildList.indexOf(symbol) != -1): null

2019-08-15 16:35:01 - [TEST_STEP][PASSED] - symbol = symbol: null

2019-08-15 16:35:01 - [TEST_STEP][PASSED] - println(symbol): null

2019-08-15 16:35:01 - [TEST_STEP][PASSED] - if (i == 2 &amp;&amp; wildList.indexOf(symbol) != -1): null

2019-08-15 16:35:01 - [TEST_STEP][PASSED] - if (i == 3 &amp;&amp; wildList.indexOf(symbol) != -1): null

2019-08-15 16:35:01 - [TEST_STEP][PASSED] - if (i == 4 &amp;&amp; wildList.indexOf(symbol) != -1): null

2019-08-15 16:35:01 - [TEST_STEP][PASSED] - symbols = symbols: null

2019-08-15 16:35:01 - [TEST_STEP][PASSED] - for ([j = 0, j &lt; symbols.size(), (j++)]): null

2019-08-15 16:35:01 - [TEST_STEP][PASSED] - symbol = symbol: null

2019-08-15 16:35:01 - [TEST_STEP][PASSED] - println(symbol): null

2019-08-15 16:35:01 - [TEST_STEP][PASSED] - if (i == 2 &amp;&amp; wildList.indexOf(symbol) != -1): null

2019-08-15 16:35:01 - [TEST_STEP][PASSED] - if (i == 3 &amp;&amp; wildList.indexOf(symbol) != -1): null

2019-08-15 16:35:01 - [TEST_STEP][PASSED] - if (i == 4 &amp;&amp; wildList.indexOf(symbol) != -1): null

2019-08-15 16:35:01 - [TEST_STEP][PASSED] - symbol = symbol: null

2019-08-15 16:35:01 - [TEST_STEP][PASSED] - println(symbol): null

2019-08-15 16:35:01 - [TEST_STEP][PASSED] - if (i == 2 &amp;&amp; wildList.indexOf(symbol) != -1): null

2019-08-15 16:35:01 - [TEST_STEP][PASSED] - if (i == 3 &amp;&amp; wildList.indexOf(symbol) != -1): null

2019-08-15 16:35:01 - [TEST_STEP][PASSED] - if (i == 4 &amp;&amp; wildList.indexOf(symbol) != -1): null

2019-08-15 16:35:01 - [TEST_STEP][PASSED] - symbol = symbol: null

2019-08-15 16:35:01 - [TEST_STEP][PASSED] - println(symbol): null

2019-08-15 16:35:01 - [TEST_STEP][PASSED] - if (i == 2 &amp;&amp; wildList.indexOf(symbol) != -1): null

2019-08-15 16:35:01 - [TEST_STEP][PASSED] - if (i == 3 &amp;&amp; wildList.indexOf(symbol) != -1): null

2019-08-15 16:35:01 - [TEST_STEP][PASSED] - if (i == 4 &amp;&amp; wildList.indexOf(symbol) != -1): null

2019-08-15 16:35:01 - [TEST_STEP][PASSED] - symbols = symbols: null

2019-08-15 16:35:01 - [TEST_STEP][PASSED] - for ([j = 0, j &lt; symbols.size(), (j++)]): null

2019-08-15 16:35:01 - [TEST_STEP][PASSED] - symbol = symbol: null

2019-08-15 16:35:01 - [TEST_STEP][PASSED] - println(symbol): null

2019-08-15 16:35:01 - [TEST_STEP][PASSED] - if (i == 2 &amp;&amp; wildList.indexOf(symbol) != -1): null

2019-08-15 16:35:01 - [TEST_STEP][PASSED] - if (i == 3 &amp;&amp; wildList.indexOf(symbol) != -1): null

2019-08-15 16:35:01 - [TEST_STEP][PASSED] - if (i == 4 &amp;&amp; wildList.indexOf(symbol) != -1): null

2019-08-15 16:35:01 - [TEST_STEP][PASSED] - symbol = symbol: null

2019-08-15 16:35:01 - [TEST_STEP][PASSED] - println(symbol): null

2019-08-15 16:35:01 - [TEST_STEP][PASSED] - if (i == 2 &amp;&amp; wildList.indexOf(symbol) != -1): null

2019-08-15 16:35:01 - [TEST_STEP][PASSED] - if (i == 3 &amp;&amp; wildList.indexOf(symbol) != -1): null

2019-08-15 16:35:01 - [TEST_STEP][PASSED] - if (i == 4 &amp;&amp; wildList.indexOf(symbol) != -1): null

2019-08-15 16:35:01 - [TEST_STEP][PASSED] - symbol = symbol: null

2019-08-15 16:35:01 - [TEST_STEP][PASSED] - println(symbol): null

2019-08-15 16:35:01 - [TEST_STEP][PASSED] - if (i == 2 &amp;&amp; wildList.indexOf(symbol) != -1): null

2019-08-15 16:35:01 - [TEST_STEP][PASSED] - if (i == 3 &amp;&amp; wildList.indexOf(symbol) != -1): null

2019-08-15 16:35:01 - [TEST_STEP][PASSED] - if (i == 4 &amp;&amp; wildList.indexOf(symbol) != -1): null

2019-08-15 16:35:01 - [TEST_STEP][PASSED] - symbols = symbols: null

2019-08-15 16:35:01 - [TEST_STEP][PASSED] - for ([j = 0, j &lt; symbols.size(), (j++)]): null

2019-08-15 16:35:01 - [TEST_STEP][PASSED] - symbol = symbol: null

2019-08-15 16:35:01 - [TEST_STEP][PASSED] - println(symbol): null

2019-08-15 16:35:01 - [TEST_STEP][PASSED] - if (i == 2 &amp;&amp; wildList.indexOf(symbol) != -1): null

2019-08-15 16:35:01 - [TEST_STEP][PASSED] - if (i == 3 &amp;&amp; wildList.indexOf(symbol) != -1): null

2019-08-15 16:35:01 - [TEST_STEP][PASSED] - if (i == 4 &amp;&amp; wildList.indexOf(symbol) != -1): null

2019-08-15 16:35:01 - [TEST_STEP][PASSED] - println("wild found on reel 5, adding counter by 1"): null

2019-08-15 16:35:01 - [TEST_STEP][PASSED] - free_spin_reel_counter[2] = free_spin_reel_counter[2] + 1: null

2019-08-15 16:35:01 - [TEST_STEP][PASSED] - symbol = symbol: null

2019-08-15 16:35:01 - [TEST_STEP][PASSED] - println(symbol): null

2019-08-15 16:35:01 - [TEST_STEP][PASSED] - if (i == 2 &amp;&amp; wildList.indexOf(symbol) != -1): null

2019-08-15 16:35:01 - [TEST_STEP][PASSED] - if (i == 3 &amp;&amp; wildList.indexOf(symbol) != -1): null

2019-08-15 16:35:01 - [TEST_STEP][PASSED] - if (i == 4 &amp;&amp; wildList.indexOf(symbol) != -1): null

2019-08-15 16:35:01 - [TEST_STEP][PASSED] - symbol = symbol: null

2019-08-15 16:35:01 - [TEST_STEP][PASSED] - println(symbol): null

2019-08-15 16:35:01 - [TEST_STEP][PASSED] - if (i == 2 &amp;&amp; wildList.indexOf(symbol) != -1): null

2019-08-15 16:35:01 - [TEST_STEP][PASSED] - if (i == 3 &amp;&amp; wildList.indexOf(symbol) != -1): null

2019-08-15 16:35:01 - [TEST_STEP][PASSED] - if (i == 4 &amp;&amp; wildList.indexOf(symbol) != -1): null

2019-08-15 16:35:01 - [TEST_STEP][PASSED] - free_spin_reel_counter = free_spin_reel_counter: null

2019-08-15 16:35:01 - [TEST_STEP][PASSED] - println("reel 3 wild found: " + free_spin_reel_counter[0]): null

2019-08-15 16:35:01 - [TEST_STEP][PASSED] - println("reel 4 wild found: " + free_spin_reel_counter[1]): null

2019-08-15 16:35:01 - [TEST_STEP][PASSED] - println("reel 5 wild found: " + free_spin_reel_counter[2]): null

2019-08-15 16:35:01 - [TEST_STEP][PASSED] - M4_spin_reels = M4_spin_reels: null

2019-08-15 16:35:01 - [TEST_STEP][PASSED] - M4_spin_reels_symbols = symbol: null

2019-08-15 16:35:01 - [TEST_STEP][PASSED] - M4_spin_reels_symbols = M4_spin_reels_symbols: null

2019-08-15 16:35:01 - [TEST_STEP][PASSED] - M4_spin_reel_wins = reel_wins: null

2019-08-15 16:35:01 - [TEST_STEP][PASSED] - M4_spin_reel_wins = M4_spin_reel_wins: null

2019-08-15 16:35:01 - [TEST_STEP][PASSED] - println("GlobalVariable.M4_spin_reel_wins is: " + M4_spin_reel_wins): null

2019-08-15 16:35:01 - [TEST_STEP][PASSED] - M4_spin_total_bonus_win_this_round = total_bonus_win_this_round: null

2019-08-15 16:35:01 - [TEST_STEP][PASSED] - M4_spin_total_bonus_win_this_round = M4_spin_total_bonus_win_this_round: null

2019-08-15 16:35:01 - [TEST_STEP][PASSED] - println("GlobalVariable.M4_spin_total_bonus_win_this_round is: " + M4_spin_total_bonus_win_this_round): null

2019-08-15 16:35:01 - [MESSAGE][PASSED] - Verify response successfully

2019-08-15 16:35:01 - [MESSAGE][PASSED] - Send request and verify the response successfully

2019-08-15 16:35:01 - [TEST_STEP][PASSED] - if (M4_total_bonus_spins_int != 0 &amp;&amp; M4_spin_reels_symbols[2].contains("WILD_Normal") || M4_spin_reels_symbols[3].contains("WILD_Normal") || M4_spin_reels_symbols[4].contains("WILD_Normal")): null

2019-08-15 16:35:01 - [TEST_STEP][PASSED] - free_spin_reel_counter = free_spin_reel_counter: null

2019-08-15 16:35:01 - [TEST_STEP][PASSED] - M4_spin_reels_symbols = M4_spin_reels_symbols: null

2019-08-15 16:35:01 - [TEST_STEP][PASSED] - M4_total_bonus_spins = M4_total_bonus_spins: null

2019-08-15 16:35:01 - [TEST_STEP][PASSED] - spin_result = sendRequestAndVerify(findTestObject("STG/RGS(M4)/1_M4_spin", ["M4_login_user_id":M4_login_user_id, "rgs_session_token":rgs_session_token, "partner":Partner])): Send request and verify the response successfully

2019-08-15 16:35:01 - [TEST_CASE][PASSED] - Start Test Case : Verification: Verification accomplished successfully

2019-08-15 16:35:01 - [TEST_STEP][PASSED] - request = getInstance().getCurrentRequest(): null

2019-08-15 16:35:01 - [TEST_STEP][PASSED] - response = getInstance().getCurrentResponse(): null

2019-08-15 16:35:01 - [TEST_STEP][PASSED] - verifyResponseStatusCode(response, 200): Verify response status code successfully

2019-08-15 16:35:01 - [MESSAGE][PASSED] - Verify response status code successfully

2019-08-15 16:35:01 - [TEST_STEP][PASSED] - getStatusCode()).isEqualTo(200): null

2019-08-15 16:35:01 - [TEST_STEP][PASSED] - newline = System.getProperty("line.separator"): null

2019-08-15 16:35:01 - [TEST_STEP][PASSED] - M4_spin = new groovy.json.JsonSlurper(): null

2019-08-15 16:35:01 - [TEST_STEP][PASSED] - result_M4_spin = M4_spin.parseText(response.getResponseBodyContent()): null

2019-08-15 16:35:01 - [TEST_STEP][PASSED] - M4_spin_current_balance = current_balance: null

2019-08-15 16:35:01 - [TEST_STEP][PASSED] - M4_spin_current_balance = M4_spin_current_balance: null

2019-08-15 16:35:01 - [TEST_STEP][PASSED] - M4_spin_transaction_id = causality: null

2019-08-15 16:35:01 - [TEST_STEP][PASSED] - M4_spin_transaction_id = M4_spin_transaction_id: null

2019-08-15 16:35:01 - [TEST_STEP][PASSED] - M4_spin_round_id = round_id: null

2019-08-15 16:35:01 - [TEST_STEP][PASSED] - M4_spin_round_id = M4_spin_round_id: null

2019-08-15 16:35:01 - [TEST_STEP][PASSED] - M4_spin_line_wins = line_wins: null

2019-08-15 16:35:01 - [TEST_STEP][PASSED] - M4_spin_line_wins = M4_spin_line_wins: null

2019-08-15 16:35:01 - [TEST_STEP][PASSED] - M4_total_bonus_spins_int = total_bonus_spins: null

2019-08-15 16:35:01 - [TEST_STEP][PASSED] - println("******M4_total_bonus_spins type is:*******" + newline + getClass().getName()): null

2019-08-15 16:35:01 - [TEST_STEP][PASSED] - M4_total_bonus_spins_int = M4_total_bonus_spins_int: null

2019-08-15 16:35:01 - [TEST_STEP][PASSED] - M4_total_bonus_spins = Integer.toString(M4_total_bonus_spins_int): null

2019-08-15 16:35:01 - [TEST_STEP][PASSED] - M4_total_bonus_spins = M4_total_bonus_spins: null

2019-08-15 16:35:01 - [TEST_STEP][PASSED] - println("M4_total_bonus_spins is:" + M4_total_bonus_spins): null

2019-08-15 16:35:01 - [TEST_STEP][PASSED] - M4_spin_bonus_data = bonus_data: null

2019-08-15 16:35:01 - [TEST_STEP][PASSED] - M4_spin_features_triggered = result_M4_spin: null

2019-08-15 16:35:01 - [TEST_STEP][PASSED] - wild = []: null

2019-08-15 16:35:01 - [TEST_STEP][PASSED] - wild[0] = "WILD_Expanding": null

2019-08-15 16:35:01 - [TEST_STEP][PASSED] - wild[1] = "WILD_Normal": null

2019-08-15 16:35:01 - [TEST_STEP][PASSED] - wild[2] = "WILD_Double": null

2019-08-15 16:35:01 - [TEST_STEP][PASSED] - wild[3] = "WILD_ExtraFG": null

2019-08-15 16:35:01 - [TEST_STEP][PASSED] - wild[4] = "WILD_Triple": null

2019-08-15 16:35:01 - [TEST_STEP][PASSED] - wildList = Arrays.asList(wild): null

2019-08-15 16:35:01 - [TEST_STEP][PASSED] - wildList = wildList: null

2019-08-15 16:35:01 - [TEST_STEP][PASSED] - free_spin_reel_counter = []: null

2019-08-15 16:35:01 - [TEST_STEP][PASSED] - free_spin_reel_counter[0] = 0: null

2019-08-15 16:35:01 - [TEST_STEP][PASSED] - free_spin_reel_counter[1] = 0: null

2019-08-15 16:35:01 - [TEST_STEP][PASSED] - free_spin_reel_counter[2] = 0: null

2019-08-15 16:35:01 - [TEST_STEP][PASSED] - M4_spin_reels = reels: null

2019-08-15 16:35:01 - [TEST_STEP][PASSED] - for ([i = 0, i &lt; M4_spin_reels.size(), (i++)]): null

2019-08-15 16:35:01 - [TEST_STEP][PASSED] - symbols = symbols: null

2019-08-15 16:35:01 - [TEST_STEP][PASSED] - for ([j = 0, j &lt; symbols.size(), (j++)]): null

2019-08-15 16:35:01 - [TEST_STEP][PASSED] - symbol = symbol: null

2019-08-15 16:35:01 - [TEST_STEP][PASSED] - println(symbol): null

2019-08-15 16:35:01 - [TEST_STEP][PASSED] - if (i == 2 &amp;&amp; wildList.indexOf(symbol) != -1): null

2019-08-15 16:35:01 - [TEST_STEP][PASSED] - if (i == 3 &amp;&amp; wildList.indexOf(symbol) != -1): null

2019-08-15 16:35:01 - [TEST_STEP][PASSED] - if (i == 4 &amp;&amp; wildList.indexOf(symbol) != -1): null

2019-08-15 16:35:01 - [TEST_STEP][PASSED] - symbol = symbol: null

2019-08-15 16:35:01 - [TEST_STEP][PASSED] - println(symbol): null

2019-08-15 16:35:01 - [TEST_STEP][PASSED] - if (i == 2 &amp;&amp; wildList.indexOf(symbol) != -1): null

2019-08-15 16:35:01 - [TEST_STEP][PASSED] - if (i == 3 &amp;&amp; wildList.indexOf(symbol) != -1): null

2019-08-15 16:35:01 - [TEST_STEP][PASSED] - if (i == 4 &amp;&amp; wildList.indexOf(symbol) != -1): null

2019-08-15 16:35:01 - [TEST_STEP][PASSED] - symbol = symbol: null

2019-08-15 16:35:01 - [TEST_STEP][PASSED] - println(symbol): null

2019-08-15 16:35:01 - [TEST_STEP][PASSED] - if (i == 2 &amp;&amp; wildList.indexOf(symbol) != -1): null

2019-08-15 16:35:01 - [TEST_STEP][PASSED] - if (i == 3 &amp;&amp; wildList.indexOf(symbol) != -1): null

2019-08-15 16:35:01 - [TEST_STEP][PASSED] - if (i == 4 &amp;&amp; wildList.indexOf(symbol) != -1): null

2019-08-15 16:35:01 - [TEST_STEP][PASSED] - symbols = symbols: null

2019-08-15 16:35:01 - [TEST_STEP][PASSED] - for ([j = 0, j &lt; symbols.size(), (j++)]): null

2019-08-15 16:35:01 - [TEST_STEP][PASSED] - symbol = symbol: null

2019-08-15 16:35:01 - [TEST_STEP][PASSED] - println(symbol): null

2019-08-15 16:35:01 - [TEST_STEP][PASSED] - if (i == 2 &amp;&amp; wildList.indexOf(symbol) != -1): null

2019-08-15 16:35:01 - [TEST_STEP][PASSED] - if (i == 3 &amp;&amp; wildList.indexOf(symbol) != -1): null

2019-08-15 16:35:01 - [TEST_STEP][PASSED] - if (i == 4 &amp;&amp; wildList.indexOf(symbol) != -1): null

2019-08-15 16:35:01 - [TEST_STEP][PASSED] - symbol = symbol: null

2019-08-15 16:35:01 - [TEST_STEP][PASSED] - println(symbol): null

2019-08-15 16:35:01 - [TEST_STEP][PASSED] - if (i == 2 &amp;&amp; wildList.indexOf(symbol) != -1): null

2019-08-15 16:35:01 - [TEST_STEP][PASSED] - if (i == 3 &amp;&amp; wildList.indexOf(symbol) != -1): null

2019-08-15 16:35:01 - [TEST_STEP][PASSED] - if (i == 4 &amp;&amp; wildList.indexOf(symbol) != -1): null

2019-08-15 16:35:01 - [TEST_STEP][PASSED] - symbol = symbol: null

2019-08-15 16:35:01 - [TEST_STEP][PASSED] - println(symbol): null

2019-08-15 16:35:01 - [TEST_STEP][PASSED] - if (i == 2 &amp;&amp; wildList.indexOf(symbol) != -1): null

2019-08-15 16:35:01 - [TEST_STEP][PASSED] - if (i == 3 &amp;&amp; wildList.indexOf(symbol) != -1): null

2019-08-15 16:35:01 - [TEST_STEP][PASSED] - if (i == 4 &amp;&amp; wildList.indexOf(symbol) != -1): null

2019-08-15 16:35:01 - [TEST_STEP][PASSED] - symbols = symbols: null

2019-08-15 16:35:01 - [TEST_STEP][PASSED] - for ([j = 0, j &lt; symbols.size(), (j++)]): null

2019-08-15 16:35:01 - [TEST_STEP][PASSED] - symbol = symbol: null

2019-08-15 16:35:01 - [TEST_STEP][PASSED] - println(symbol): null

2019-08-15 16:35:01 - [TEST_STEP][PASSED] - if (i == 2 &amp;&amp; wildList.indexOf(symbol) != -1): null

2019-08-15 16:35:01 - [TEST_STEP][PASSED] - if (i == 3 &amp;&amp; wildList.indexOf(symbol) != -1): null

2019-08-15 16:35:01 - [TEST_STEP][PASSED] - if (i == 4 &amp;&amp; wildList.indexOf(symbol) != -1): null

2019-08-15 16:35:01 - [TEST_STEP][PASSED] - symbol = symbol: null

2019-08-15 16:35:01 - [TEST_STEP][PASSED] - println(symbol): null

2019-08-15 16:35:01 - [TEST_STEP][PASSED] - if (i == 2 &amp;&amp; wildList.indexOf(symbol) != -1): null

2019-08-15 16:35:01 - [TEST_STEP][PASSED] - if (i == 3 &amp;&amp; wildList.indexOf(symbol) != -1): null

2019-08-15 16:35:01 - [TEST_STEP][PASSED] - if (i == 4 &amp;&amp; wildList.indexOf(symbol) != -1): null

2019-08-15 16:35:01 - [TEST_STEP][PASSED] - symbol = symbol: null

2019-08-15 16:35:01 - [TEST_STEP][PASSED] - println(symbol): null

2019-08-15 16:35:01 - [TEST_STEP][PASSED] - if (i == 2 &amp;&amp; wildList.indexOf(symbol) != -1): null

2019-08-15 16:35:01 - [TEST_STEP][PASSED] - println("wild found on reel 3, adding counter by 1"): null

2019-08-15 16:35:01 - [TEST_STEP][PASSED] - free_spin_reel_counter[0] = free_spin_reel_counter[0] + 1: null

2019-08-15 16:35:01 - [TEST_STEP][PASSED] - if (i == 3 &amp;&amp; wildList.indexOf(symbol) != -1): null

2019-08-15 16:35:01 - [TEST_STEP][PASSED] - if (i == 4 &amp;&amp; wildList.indexOf(symbol) != -1): null

2019-08-15 16:35:01 - [TEST_STEP][PASSED] - symbols = symbols: null

2019-08-15 16:35:01 - [TEST_STEP][PASSED] - for ([j = 0, j &lt; symbols.size(), (j++)]): null

2019-08-15 16:35:01 - [TEST_STEP][PASSED] - symbol = symbol: null

2019-08-15 16:35:01 - [TEST_STEP][PASSED] - println(symbol): null

2019-08-15 16:35:01 - [TEST_STEP][PASSED] - if (i == 2 &amp;&amp; wildList.indexOf(symbol) != -1): null

2019-08-15 16:35:01 - [TEST_STEP][PASSED] - if (i == 3 &amp;&amp; wildList.indexOf(symbol) != -1): null

2019-08-15 16:35:01 - [TEST_STEP][PASSED] - if (i == 4 &amp;&amp; wildList.indexOf(symbol) != -1): null

2019-08-15 16:35:01 - [TEST_STEP][PASSED] - symbol = symbol: null

2019-08-15 16:35:01 - [TEST_STEP][PASSED] - println(symbol): null

2019-08-15 16:35:01 - [TEST_STEP][PASSED] - if (i == 2 &amp;&amp; wildList.indexOf(symbol) != -1): null

2019-08-15 16:35:01 - [TEST_STEP][PASSED] - if (i == 3 &amp;&amp; wildList.indexOf(symbol) != -1): null

2019-08-15 16:35:01 - [TEST_STEP][PASSED] - if (i == 4 &amp;&amp; wildList.indexOf(symbol) != -1): null

2019-08-15 16:35:01 - [TEST_STEP][PASSED] - symbol = symbol: null

2019-08-15 16:35:01 - [TEST_STEP][PASSED] - println(symbol): null

2019-08-15 16:35:01 - [TEST_STEP][PASSED] - if (i == 2 &amp;&amp; wildList.indexOf(symbol) != -1): null

2019-08-15 16:35:01 - [TEST_STEP][PASSED] - if (i == 3 &amp;&amp; wildList.indexOf(symbol) != -1): null

2019-08-15 16:35:01 - [TEST_STEP][PASSED] - if (i == 4 &amp;&amp; wildList.indexOf(symbol) != -1): null

2019-08-15 16:35:01 - [TEST_STEP][PASSED] - symbols = symbols: null

2019-08-15 16:35:01 - [TEST_STEP][PASSED] - for ([j = 0, j &lt; symbols.size(), (j++)]): null

2019-08-15 16:35:01 - [TEST_STEP][PASSED] - symbol = symbol: null

2019-08-15 16:35:01 - [TEST_STEP][PASSED] - println(symbol): null

2019-08-15 16:35:01 - [TEST_STEP][PASSED] - if (i == 2 &amp;&amp; wildList.indexOf(symbol) != -1): null

2019-08-15 16:35:01 - [TEST_STEP][PASSED] - if (i == 3 &amp;&amp; wildList.indexOf(symbol) != -1): null

2019-08-15 16:35:01 - [TEST_STEP][PASSED] - if (i == 4 &amp;&amp; wildList.indexOf(symbol) != -1): null

2019-08-15 16:35:01 - [TEST_STEP][PASSED] - symbol = symbol: null

2019-08-15 16:35:01 - [TEST_STEP][PASSED] - println(symbol): null

2019-08-15 16:35:01 - [TEST_STEP][PASSED] - if (i == 2 &amp;&amp; wildList.indexOf(symbol) != -1): null

2019-08-15 16:35:01 - [TEST_STEP][PASSED] - if (i == 3 &amp;&amp; wildList.indexOf(symbol) != -1): null

2019-08-15 16:35:01 - [TEST_STEP][PASSED] - if (i == 4 &amp;&amp; wildList.indexOf(symbol) != -1): null

2019-08-15 16:35:01 - [TEST_STEP][PASSED] - symbol = symbol: null

2019-08-15 16:35:01 - [TEST_STEP][PASSED] - println(symbol): null

2019-08-15 16:35:01 - [TEST_STEP][PASSED] - if (i == 2 &amp;&amp; wildList.indexOf(symbol) != -1): null

2019-08-15 16:35:01 - [TEST_STEP][PASSED] - if (i == 3 &amp;&amp; wildList.indexOf(symbol) != -1): null

2019-08-15 16:35:01 - [TEST_STEP][PASSED] - if (i == 4 &amp;&amp; wildList.indexOf(symbol) != -1): null

2019-08-15 16:35:01 - [TEST_STEP][PASSED] - free_spin_reel_counter = free_spin_reel_counter: null

2019-08-15 16:35:01 - [TEST_STEP][PASSED] - println("reel 3 wild found: " + free_spin_reel_counter[0]): null

2019-08-15 16:35:01 - [TEST_STEP][PASSED] - println("reel 4 wild found: " + free_spin_reel_counter[1]): null

2019-08-15 16:35:01 - [TEST_STEP][PASSED] - println("reel 5 wild found: " + free_spin_reel_counter[2]): null

2019-08-15 16:35:01 - [TEST_STEP][PASSED] - M4_spin_reels = M4_spin_reels: null

2019-08-15 16:35:01 - [TEST_STEP][PASSED] - M4_spin_reels_symbols = symbol: null

2019-08-15 16:35:01 - [TEST_STEP][PASSED] - M4_spin_reels_symbols = M4_spin_reels_symbols: null

2019-08-15 16:35:01 - [TEST_STEP][PASSED] - M4_spin_reel_wins = reel_wins: null

2019-08-15 16:35:01 - [TEST_STEP][PASSED] - M4_spin_reel_wins = M4_spin_reel_wins: null

2019-08-15 16:35:01 - [TEST_STEP][PASSED] - println("GlobalVariable.M4_spin_reel_wins is: " + M4_spin_reel_wins): null

2019-08-15 16:35:01 - [TEST_STEP][PASSED] - M4_spin_total_bonus_win_this_round = total_bonus_win_this_round: null

2019-08-15 16:35:01 - [TEST_STEP][PASSED] - M4_spin_total_bonus_win_this_round = M4_spin_total_bonus_win_this_round: null

2019-08-15 16:35:01 - [TEST_STEP][PASSED] - println("GlobalVariable.M4_spin_total_bonus_win_this_round is: " + M4_spin_total_bonus_win_this_round): null

2019-08-15 16:35:01 - [MESSAGE][PASSED] - Verify response successfully

2019-08-15 16:35:01 - [MESSAGE][PASSED] - Send request and verify the response successfully

2019-08-15 16:35:01 - [TEST_STEP][PASSED] - if (M4_total_bonus_spins_int != 0 &amp;&amp; M4_spin_reels_symbols[2].contains("WILD_Normal") || M4_spin_reels_symbols[3].contains("WILD_Normal") || M4_spin_reels_symbols[4].contains("WILD_Normal")): null

2019-08-15 16:35:01 - [TEST_STEP][PASSED] - free_spin_reel_counter = free_spin_reel_counter: null

2019-08-15 16:35:01 - [TEST_STEP][PASSED] - M4_spin_reels_symbols = M4_spin_reels_symbols: null

2019-08-15 16:35:01 - [TEST_STEP][PASSED] - M4_total_bonus_spins = M4_total_bonus_spins: null

2019-08-15 16:35:01 - [TEST_STEP][PASSED] - spin_result = sendRequestAndVerify(findTestObject("STG/RGS(M4)/1_M4_spin", ["M4_login_user_id":M4_login_user_id, "rgs_session_token":rgs_session_token, "partner":Partner])): Send request and verify the response successfully

2019-08-15 16:35:02 - [TEST_CASE][PASSED] - Start Test Case : Verification: Verification accomplished successfully

2019-08-15 16:35:02 - [TEST_STEP][PASSED] - request = getInstance().getCurrentRequest(): null

2019-08-15 16:35:02 - [TEST_STEP][PASSED] - response = getInstance().getCurrentResponse(): null

2019-08-15 16:35:02 - [TEST_STEP][PASSED] - verifyResponseStatusCode(response, 200): Verify response status code successfully

2019-08-15 16:35:02 - [MESSAGE][PASSED] - Verify response status code successfully

2019-08-15 16:35:02 - [TEST_STEP][PASSED] - getStatusCode()).isEqualTo(200): null

2019-08-15 16:35:02 - [TEST_STEP][PASSED] - newline = System.getProperty("line.separator"): null

2019-08-15 16:35:02 - [TEST_STEP][PASSED] - M4_spin = new groovy.json.JsonSlurper(): null

2019-08-15 16:35:02 - [TEST_STEP][PASSED] - result_M4_spin = M4_spin.parseText(response.getResponseBodyContent()): null

2019-08-15 16:35:02 - [TEST_STEP][PASSED] - M4_spin_current_balance = current_balance: null

2019-08-15 16:35:02 - [TEST_STEP][PASSED] - M4_spin_current_balance = M4_spin_current_balance: null

2019-08-15 16:35:02 - [TEST_STEP][PASSED] - M4_spin_transaction_id = causality: null

2019-08-15 16:35:02 - [TEST_STEP][PASSED] - M4_spin_transaction_id = M4_spin_transaction_id: null

2019-08-15 16:35:02 - [TEST_STEP][PASSED] - M4_spin_round_id = round_id: null

2019-08-15 16:35:02 - [TEST_STEP][PASSED] - M4_spin_round_id = M4_spin_round_id: null

2019-08-15 16:35:02 - [TEST_STEP][PASSED] - M4_spin_line_wins = line_wins: null

2019-08-15 16:35:02 - [TEST_STEP][PASSED] - M4_spin_line_wins = M4_spin_line_wins: null

2019-08-15 16:35:02 - [TEST_STEP][PASSED] - M4_total_bonus_spins_int = total_bonus_spins: null

2019-08-15 16:35:02 - [TEST_STEP][PASSED] - println("******M4_total_bonus_spins type is:*******" + newline + getClass().getName()): null

2019-08-15 16:35:02 - [TEST_STEP][PASSED] - M4_total_bonus_spins_int = M4_total_bonus_spins_int: null

2019-08-15 16:35:02 - [TEST_STEP][PASSED] - M4_total_bonus_spins = Integer.toString(M4_total_bonus_spins_int): null

2019-08-15 16:35:02 - [TEST_STEP][PASSED] - M4_total_bonus_spins = M4_total_bonus_spins: null

2019-08-15 16:35:06 - [TEST_STEP][PASSED] - println("M4_total_bonus_spins is:" + M4_total_bonus_spins): null

2019-08-15 16:35:06 - [TEST_STEP][PASSED] - M4_spin_bonus_data = bonus_data: null

2019-08-15 16:35:06 - [TEST_STEP][PASSED] - M4_spin_features_triggered = result_M4_spin: null

2019-08-15 16:35:06 - [TEST_STEP][PASSED] - wild = []: null

2019-08-15 16:35:06 - [TEST_STEP][PASSED] - wild[0] = "WILD_Expanding": null

2019-08-15 16:35:06 - [TEST_STEP][PASSED] - wild[1] = "WILD_Normal": null

2019-08-15 16:35:06 - [TEST_STEP][PASSED] - wild[2] = "WILD_Double": null

2019-08-15 16:35:06 - [TEST_STEP][PASSED] - wild[3] = "WILD_ExtraFG": null

2019-08-15 16:35:06 - [TEST_STEP][PASSED] - wild[4] = "WILD_Triple": null

2019-08-15 16:35:06 - [TEST_STEP][PASSED] - wildList = Arrays.asList(wild): null

2019-08-15 16:35:11 - [TEST_STEP][PASSED] - wildList = wildList: null

2019-08-15 16:35:11 - [TEST_STEP][PASSED] - free_spin_reel_counter = []: null

2019-08-15 16:35:11 - [TEST_STEP][PASSED] - free_spin_reel_counter[0] = 0: null

2019-08-15 16:35:11 - [TEST_STEP][PASSED] - free_spin_reel_counter[1] = 0: null

2019-08-15 16:35:11 - [TEST_STEP][PASSED] - free_spin_reel_counter[2] = 0: null

2019-08-15 16:35:11 - [TEST_STEP][PASSED] - M4_spin_reels = reels: null

2019-08-15 16:35:11 - [TEST_STEP][PASSED] - for ([i = 0, i &lt; M4_spin_reels.size(), (i++)]): null

2019-08-15 16:35:11 - [TEST_STEP][PASSED] - symbols = symbols: null

2019-08-15 16:35:11 - [TEST_STEP][PASSED] - for ([j = 0, j &lt; symbols.size(), (j++)]): null

2019-08-15 16:35:11 - [TEST_STEP][PASSED] - symbol = symbol: null

2019-08-15 16:35:11 - [TEST_STEP][PASSED] - println(symbol): null

2019-08-15 16:35:11 - [TEST_STEP][PASSED] - if (i == 2 &amp;&amp; wildList.indexOf(symbol) != -1): null

2019-08-15 16:35:11 - [TEST_STEP][PASSED] - if (i == 3 &amp;&amp; wildList.indexOf(symbol) != -1): null

2019-08-15 16:35:11 - [TEST_STEP][PASSED] - if (i == 4 &amp;&amp; wildList.indexOf(symbol) != -1): null

2019-08-15 16:35:11 - [TEST_STEP][PASSED] - symbol = symbol: null

2019-08-15 16:35:11 - [TEST_STEP][PASSED] - println(symbol): null

2019-08-15 16:35:11 - [TEST_STEP][PASSED] - if (i == 2 &amp;&amp; wildList.indexOf(symbol) != -1): null

2019-08-15 16:35:11 - [TEST_STEP][PASSED] - if (i == 3 &amp;&amp; wildList.indexOf(symbol) != -1): null

2019-08-15 16:35:11 - [TEST_STEP][PASSED] - if (i == 4 &amp;&amp; wildList.indexOf(symbol) != -1): null

2019-08-15 16:35:11 - [TEST_STEP][PASSED] - symbol = symbol: null

2019-08-15 16:35:11 - [TEST_STEP][PASSED] - println(symbol): null

2019-08-15 16:35:11 - [TEST_STEP][PASSED] - if (i == 2 &amp;&amp; wildList.indexOf(symbol) != -1): null

2019-08-15 16:35:11 - [TEST_STEP][PASSED] - if (i == 3 &amp;&amp; wildList.indexOf(symbol) != -1): null

2019-08-15 16:35:11 - [TEST_STEP][PASSED] - if (i == 4 &amp;&amp; wildList.indexOf(symbol) != -1): null

2019-08-15 16:35:11 - [TEST_STEP][PASSED] - symbols = symbols: null

2019-08-15 16:35:11 - [TEST_STEP][PASSED] - for ([j = 0, j &lt; symbols.size(), (j++)]): null

2019-08-15 16:35:11 - [TEST_STEP][PASSED] - symbol = symbol: null

2019-08-15 16:35:11 - [TEST_STEP][PASSED] - println(symbol): null

2019-08-15 16:35:11 - [TEST_STEP][PASSED] - if (i == 2 &amp;&amp; wildList.indexOf(symbol) != -1): null

2019-08-15 16:35:11 - [TEST_STEP][PASSED] - if (i == 3 &amp;&amp; wildList.indexOf(symbol) != -1): null

2019-08-15 16:35:11 - [TEST_STEP][PASSED] - if (i == 4 &amp;&amp; wildList.indexOf(symbol) != -1): null

2019-08-15 16:35:11 - [TEST_STEP][PASSED] - symbol = symbol: null

2019-08-15 16:35:11 - [TEST_STEP][PASSED] - println(symbol): null

2019-08-15 16:35:11 - [TEST_STEP][PASSED] - if (i == 2 &amp;&amp; wildList.indexOf(symbol) != -1): null

2019-08-15 16:35:11 - [TEST_STEP][PASSED] - if (i == 3 &amp;&amp; wildList.indexOf(symbol) != -1): null

2019-08-15 16:35:11 - [TEST_STEP][PASSED] - if (i == 4 &amp;&amp; wildList.indexOf(symbol) != -1): null

2019-08-15 16:35:11 - [TEST_STEP][PASSED] - symbol = symbol: null

2019-08-15 16:35:11 - [TEST_STEP][PASSED] - println(symbol): null

2019-08-15 16:35:11 - [TEST_STEP][PASSED] - if (i == 2 &amp;&amp; wildList.indexOf(symbol) != -1): null

2019-08-15 16:35:11 - [TEST_STEP][PASSED] - if (i == 3 &amp;&amp; wildList.indexOf(symbol) != -1): null

2019-08-15 16:35:11 - [TEST_STEP][PASSED] - if (i == 4 &amp;&amp; wildList.indexOf(symbol) != -1): null

2019-08-15 16:35:11 - [TEST_STEP][PASSED] - symbols = symbols: null

2019-08-15 16:35:11 - [TEST_STEP][PASSED] - for ([j = 0, j &lt; symbols.size(), (j++)]): null

2019-08-15 16:35:11 - [TEST_STEP][PASSED] - symbol = symbol: null

2019-08-15 16:35:11 - [TEST_STEP][PASSED] - println(symbol): null

2019-08-15 16:35:11 - [TEST_STEP][PASSED] - if (i == 2 &amp;&amp; wildList.indexOf(symbol) != -1): null

2019-08-15 16:35:11 - [TEST_STEP][PASSED] - if (i == 3 &amp;&amp; wildList.indexOf(symbol) != -1): null

2019-08-15 16:35:11 - [TEST_STEP][PASSED] - if (i == 4 &amp;&amp; wildList.indexOf(symbol) != -1): null

2019-08-15 16:35:11 - [TEST_STEP][PASSED] - symbol = symbol: null

2019-08-15 16:35:11 - [TEST_STEP][PASSED] - println(symbol): null

2019-08-15 16:35:11 - [TEST_STEP][PASSED] - if (i == 2 &amp;&amp; wildList.indexOf(symbol) != -1): null

2019-08-15 16:35:11 - [TEST_STEP][PASSED] - if (i == 3 &amp;&amp; wildList.indexOf(symbol) != -1): null

2019-08-15 16:35:11 - [TEST_STEP][PASSED] - if (i == 4 &amp;&amp; wildList.indexOf(symbol) != -1): null

2019-08-15 16:35:11 - [TEST_STEP][PASSED] - symbol = symbol: null

2019-08-15 16:35:11 - [TEST_STEP][PASSED] - println(symbol): null

2019-08-15 16:35:11 - [TEST_STEP][PASSED] - if (i == 2 &amp;&amp; wildList.indexOf(symbol) != -1): null

2019-08-15 16:35:11 - [TEST_STEP][PASSED] - if (i == 3 &amp;&amp; wildList.indexOf(symbol) != -1): null

2019-08-15 16:35:11 - [TEST_STEP][PASSED] - if (i == 4 &amp;&amp; wildList.indexOf(symbol) != -1): null

2019-08-15 16:35:11 - [TEST_STEP][PASSED] - symbols = symbols: null

2019-08-15 16:35:11 - [TEST_STEP][PASSED] - for ([j = 0, j &lt; symbols.size(), (j++)]): null

2019-08-15 16:35:11 - [TEST_STEP][PASSED] - symbol = symbol: null

2019-08-15 16:35:11 - [TEST_STEP][PASSED] - println(symbol): null

2019-08-15 16:35:11 - [TEST_STEP][PASSED] - if (i == 2 &amp;&amp; wildList.indexOf(symbol) != -1): null

2019-08-15 16:35:11 - [TEST_STEP][PASSED] - if (i == 3 &amp;&amp; wildList.indexOf(symbol) != -1): null

2019-08-15 16:35:11 - [TEST_STEP][PASSED] - if (i == 4 &amp;&amp; wildList.indexOf(symbol) != -1): null

2019-08-15 16:35:11 - [TEST_STEP][PASSED] - symbol = symbol: null

2019-08-15 16:35:11 - [TEST_STEP][PASSED] - println(symbol): null

2019-08-15 16:35:11 - [TEST_STEP][PASSED] - if (i == 2 &amp;&amp; wildList.indexOf(symbol) != -1): null

2019-08-15 16:35:11 - [TEST_STEP][PASSED] - if (i == 3 &amp;&amp; wildList.indexOf(symbol) != -1): null

2019-08-15 16:35:11 - [TEST_STEP][PASSED] - if (i == 4 &amp;&amp; wildList.indexOf(symbol) != -1): null

2019-08-15 16:35:11 - [TEST_STEP][PASSED] - symbol = symbol: null

2019-08-15 16:35:11 - [TEST_STEP][PASSED] - println(symbol): null

2019-08-15 16:35:11 - [TEST_STEP][PASSED] - if (i == 2 &amp;&amp; wildList.indexOf(symbol) != -1): null

2019-08-15 16:35:11 - [TEST_STEP][PASSED] - if (i == 3 &amp;&amp; wildList.indexOf(symbol) != -1): null

2019-08-15 16:35:11 - [TEST_STEP][PASSED] - if (i == 4 &amp;&amp; wildList.indexOf(symbol) != -1): null

2019-08-15 16:35:11 - [TEST_STEP][PASSED] - symbols = symbols: null

2019-08-15 16:35:11 - [TEST_STEP][PASSED] - for ([j = 0, j &lt; symbols.size(), (j++)]): null

2019-08-15 16:35:11 - [TEST_STEP][PASSED] - symbol = symbol: null

2019-08-15 16:35:11 - [TEST_STEP][PASSED] - println(symbol): null

2019-08-15 16:35:11 - [TEST_STEP][PASSED] - if (i == 2 &amp;&amp; wildList.indexOf(symbol) != -1): null

2019-08-15 16:35:11 - [TEST_STEP][PASSED] - if (i == 3 &amp;&amp; wildList.indexOf(symbol) != -1): null

2019-08-15 16:35:11 - [TEST_STEP][PASSED] - if (i == 4 &amp;&amp; wildList.indexOf(symbol) != -1): null

2019-08-15 16:35:11 - [TEST_STEP][PASSED] - symbol = symbol: null

2019-08-15 16:35:11 - [TEST_STEP][PASSED] - println(symbol): null

2019-08-15 16:35:11 - [TEST_STEP][PASSED] - if (i == 2 &amp;&amp; wildList.indexOf(symbol) != -1): null

2019-08-15 16:35:11 - [TEST_STEP][PASSED] - if (i == 3 &amp;&amp; wildList.indexOf(symbol) != -1): null

2019-08-15 16:35:11 - [TEST_STEP][PASSED] - if (i == 4 &amp;&amp; wildList.indexOf(symbol) != -1): null

2019-08-15 16:35:11 - [TEST_STEP][PASSED] - symbol = symbol: null

2019-08-15 16:35:11 - [TEST_STEP][PASSED] - println(symbol): null

2019-08-15 16:35:11 - [TEST_STEP][PASSED] - if (i == 2 &amp;&amp; wildList.indexOf(symbol) != -1): null

2019-08-15 16:35:11 - [TEST_STEP][PASSED] - if (i == 3 &amp;&amp; wildList.indexOf(symbol) != -1): null

2019-08-15 16:35:11 - [TEST_STEP][PASSED] - if (i == 4 &amp;&amp; wildList.indexOf(symbol) != -1): null

2019-08-15 16:35:11 - [TEST_STEP][PASSED] - free_spin_reel_counter = free_spin_reel_counter: null

2019-08-15 16:35:11 - [TEST_STEP][PASSED] - println("reel 3 wild found: " + free_spin_reel_counter[0]): null

2019-08-15 16:35:11 - [TEST_STEP][PASSED] - println("reel 4 wild found: " + free_spin_reel_counter[1]): null

2019-08-15 16:35:11 - [TEST_STEP][PASSED] - println("reel 5 wild found: " + free_spin_reel_counter[2]): null

2019-08-15 16:35:11 - [TEST_STEP][PASSED] - M4_spin_reels = M4_spin_reels: null

2019-08-15 16:35:11 - [TEST_STEP][PASSED] - M4_spin_reels_symbols = symbol: null

2019-08-15 16:35:11 - [TEST_STEP][PASSED] - M4_spin_reels_symbols = M4_spin_reels_symbols: null

2019-08-15 16:35:11 - [TEST_STEP][PASSED] - M4_spin_reel_wins = reel_wins: null

2019-08-15 16:35:11 - [TEST_STEP][PASSED] - M4_spin_reel_wins = M4_spin_reel_wins: null

2019-08-15 16:35:11 - [TEST_STEP][PASSED] - println("GlobalVariable.M4_spin_reel_wins is: " + M4_spin_reel_wins): null

2019-08-15 16:35:11 - [TEST_STEP][PASSED] - M4_spin_total_bonus_win_this_round = total_bonus_win_this_round: null

2019-08-15 16:35:11 - [TEST_STEP][PASSED] - M4_spin_total_bonus_win_this_round = M4_spin_total_bonus_win_this_round: null

2019-08-15 16:35:11 - [TEST_STEP][PASSED] - println("GlobalVariable.M4_spin_total_bonus_win_this_round is: " + M4_spin_total_bonus_win_this_round): null

2019-08-15 16:35:11 - [MESSAGE][PASSED] - Verify response successfully

2019-08-15 16:35:11 - [MESSAGE][PASSED] - Send request and verify the response successfully

2019-08-15 16:35:11 - [TEST_STEP][PASSED] - if (M4_total_bonus_spins_int != 0 &amp;&amp; M4_spin_reels_symbols[2].contains("WILD_Normal") || M4_spin_reels_symbols[3].contains("WILD_Normal") || M4_spin_reels_symbols[4].contains("WILD_Normal")): null

2019-08-15 16:35:11 - [TEST_STEP][PASSED] - free_spin_reel_counter = free_spin_reel_counter: null

2019-08-15 16:35:11 - [TEST_STEP][PASSED] - M4_spin_reels_symbols = M4_spin_reels_symbols: null

2019-08-15 16:35:11 - [TEST_STEP][PASSED] - M4_total_bonus_spins = M4_total_bonus_spins: null

2019-08-15 16:35:11 - [TEST_STEP][PASSED] - spin_result = sendRequestAndVerify(findTestObject("STG/RGS(M4)/1_M4_spin", ["M4_login_user_id":M4_login_user_id, "rgs_session_token":rgs_session_token, "partner":Partner])): Send request and verify the response successfully

2019-08-15 16:35:11 - [TEST_CASE][PASSED] - Start Test Case : Verification: Verification accomplished successfully

2019-08-15 16:35:12 - [TEST_STEP][PASSED] - request = getInstance().getCurrentRequest(): null

2019-08-15 16:35:12 - [TEST_STEP][PASSED] - response = getInstance().getCurrentResponse(): null

2019-08-15 16:35:12 - [TEST_STEP][PASSED] - verifyResponseStatusCode(response, 200): Verify response status code successfully

2019-08-15 16:35:12 - [MESSAGE][PASSED] - Verify response status code successfully

2019-08-15 16:35:12 - [TEST_STEP][PASSED] - getStatusCode()).isEqualTo(200): null

2019-08-15 16:35:12 - [TEST_STEP][PASSED] - newline = System.getProperty("line.separator"): null

2019-08-15 16:35:12 - [TEST_STEP][PASSED] - M4_spin = new groovy.json.JsonSlurper(): null

2019-08-15 16:35:12 - [TEST_STEP][PASSED] - result_M4_spin = M4_spin.parseText(response.getResponseBodyContent()): null

2019-08-15 16:35:12 - [TEST_STEP][PASSED] - M4_spin_current_balance = current_balance: null

2019-08-15 16:35:12 - [TEST_STEP][PASSED] - M4_spin_current_balance = M4_spin_current_balance: null

2019-08-15 16:35:12 - [TEST_STEP][PASSED] - M4_spin_transaction_id = causality: null

2019-08-15 16:35:12 - [TEST_STEP][PASSED] - M4_spin_transaction_id = M4_spin_transaction_id: null

2019-08-15 16:35:12 - [TEST_STEP][PASSED] - M4_spin_round_id = round_id: null

2019-08-15 16:35:12 - [TEST_STEP][PASSED] - M4_spin_round_id = M4_spin_round_id: null

2019-08-15 16:35:12 - [TEST_STEP][PASSED] - M4_spin_line_wins = line_wins: null

2019-08-15 16:35:12 - [TEST_STEP][PASSED] - M4_spin_line_wins = M4_spin_line_wins: null

2019-08-15 16:35:12 - [TEST_STEP][PASSED] - M4_total_bonus_spins_int = total_bonus_spins: null

2019-08-15 16:35:12 - [TEST_STEP][PASSED] - println("******M4_total_bonus_spins type is:*******" + newline + getClass().getName()): null

2019-08-15 16:35:12 - [TEST_STEP][PASSED] - M4_total_bonus_spins_int = M4_total_bonus_spins_int: null

2019-08-15 16:35:12 - [TEST_STEP][PASSED] - M4_total_bonus_spins = Integer.toString(M4_total_bonus_spins_int): null

2019-08-15 16:35:12 - [TEST_STEP][PASSED] - M4_total_bonus_spins = M4_total_bonus_spins: null

2019-08-15 16:35:12 - [TEST_STEP][PASSED] - println("M4_total_bonus_spins is:" + M4_total_bonus_spins): null

2019-08-15 16:35:12 - [TEST_STEP][PASSED] - M4_spin_bonus_data = bonus_data: null

2019-08-15 16:35:12 - [TEST_STEP][PASSED] - M4_spin_features_triggered = result_M4_spin: null

2019-08-15 16:35:12 - [TEST_STEP][PASSED] - wild = []: null

2019-08-15 16:35:12 - [TEST_STEP][PASSED] - wild[0] = "WILD_Expanding": null

2019-08-15 16:35:12 - [TEST_STEP][PASSED] - wild[1] = "WILD_Normal": null

2019-08-15 16:35:12 - [TEST_STEP][PASSED] - wild[2] = "WILD_Double": null

2019-08-15 16:35:12 - [TEST_STEP][PASSED] - wild[3] = "WILD_ExtraFG": null

2019-08-15 16:35:12 - [TEST_STEP][PASSED] - wild[4] = "WILD_Triple": null

2019-08-15 16:35:12 - [TEST_STEP][PASSED] - wildList = Arrays.asList(wild): null

2019-08-15 16:35:12 - [TEST_STEP][PASSED] - wildList = wildList: null

2019-08-15 16:35:12 - [TEST_STEP][PASSED] - free_spin_reel_counter = []: null

2019-08-15 16:35:12 - [TEST_STEP][PASSED] - free_spin_reel_counter[0] = 0: null

2019-08-15 16:35:12 - [TEST_STEP][PASSED] - free_spin_reel_counter[1] = 0: null

2019-08-15 16:35:12 - [TEST_STEP][PASSED] - free_spin_reel_counter[2] = 0: null

2019-08-15 16:35:12 - [TEST_STEP][PASSED] - M4_spin_reels = reels: null

2019-08-15 16:35:12 - [TEST_STEP][PASSED] - for ([i = 0, i &lt; M4_spin_reels.size(), (i++)]): null

2019-08-15 16:35:12 - [TEST_STEP][PASSED] - symbols = symbols: null

2019-08-15 16:35:12 - [TEST_STEP][PASSED] - for ([j = 0, j &lt; symbols.size(), (j++)]): null

2019-08-15 16:35:12 - [TEST_STEP][PASSED] - symbol = symbol: null

2019-08-15 16:35:12 - [TEST_STEP][PASSED] - println(symbol): null

2019-08-15 16:35:12 - [TEST_STEP][PASSED] - if (i == 2 &amp;&amp; wildList.indexOf(symbol) != -1): null

2019-08-15 16:35:12 - [TEST_STEP][PASSED] - if (i == 3 &amp;&amp; wildList.indexOf(symbol) != -1): null

2019-08-15 16:35:12 - [TEST_STEP][PASSED] - if (i == 4 &amp;&amp; wildList.indexOf(symbol) != -1): null

2019-08-15 16:35:12 - [TEST_STEP][PASSED] - symbol = symbol: null

2019-08-15 16:35:12 - [TEST_STEP][PASSED] - println(symbol): null

2019-08-15 16:35:12 - [TEST_STEP][PASSED] - if (i == 2 &amp;&amp; wildList.indexOf(symbol) != -1): null

2019-08-15 16:35:12 - [TEST_STEP][PASSED] - if (i == 3 &amp;&amp; wildList.indexOf(symbol) != -1): null

2019-08-15 16:35:12 - [TEST_STEP][PASSED] - if (i == 4 &amp;&amp; wildList.indexOf(symbol) != -1): null

2019-08-15 16:35:12 - [TEST_STEP][PASSED] - symbol = symbol: null

2019-08-15 16:35:12 - [TEST_STEP][PASSED] - println(symbol): null

2019-08-15 16:35:12 - [TEST_STEP][PASSED] - if (i == 2 &amp;&amp; wildList.indexOf(symbol) != -1): null

2019-08-15 16:35:12 - [TEST_STEP][PASSED] - if (i == 3 &amp;&amp; wildList.indexOf(symbol) != -1): null

2019-08-15 16:35:12 - [TEST_STEP][PASSED] - if (i == 4 &amp;&amp; wildList.indexOf(symbol) != -1): null

2019-08-15 16:35:12 - [TEST_STEP][PASSED] - symbols = symbols: null

2019-08-15 16:35:12 - [TEST_STEP][PASSED] - for ([j = 0, j &lt; symbols.size(), (j++)]): null

2019-08-15 16:35:12 - [TEST_STEP][PASSED] - symbol = symbol: null

2019-08-15 16:35:12 - [TEST_STEP][PASSED] - println(symbol): null

2019-08-15 16:35:12 - [TEST_STEP][PASSED] - if (i == 2 &amp;&amp; wildList.indexOf(symbol) != -1): null

2019-08-15 16:35:12 - [TEST_STEP][PASSED] - if (i == 3 &amp;&amp; wildList.indexOf(symbol) != -1): null

2019-08-15 16:35:12 - [TEST_STEP][PASSED] - if (i == 4 &amp;&amp; wildList.indexOf(symbol) != -1): null

2019-08-15 16:35:12 - [TEST_STEP][PASSED] - symbol = symbol: null

2019-08-15 16:35:12 - [TEST_STEP][PASSED] - println(symbol): null

2019-08-15 16:35:12 - [TEST_STEP][PASSED] - if (i == 2 &amp;&amp; wildList.indexOf(symbol) != -1): null

2019-08-15 16:35:12 - [TEST_STEP][PASSED] - if (i == 3 &amp;&amp; wildList.indexOf(symbol) != -1): null

2019-08-15 16:35:12 - [TEST_STEP][PASSED] - if (i == 4 &amp;&amp; wildList.indexOf(symbol) != -1): null

2019-08-15 16:35:12 - [TEST_STEP][PASSED] - symbol = symbol: null

2019-08-15 16:35:12 - [TEST_STEP][PASSED] - println(symbol): null

2019-08-15 16:35:12 - [TEST_STEP][PASSED] - if (i == 2 &amp;&amp; wildList.indexOf(symbol) != -1): null

2019-08-15 16:35:12 - [TEST_STEP][PASSED] - if (i == 3 &amp;&amp; wildList.indexOf(symbol) != -1): null

2019-08-15 16:35:12 - [TEST_STEP][PASSED] - if (i == 4 &amp;&amp; wildList.indexOf(symbol) != -1): null

2019-08-15 16:35:12 - [TEST_STEP][PASSED] - symbols = symbols: null

2019-08-15 16:35:12 - [TEST_STEP][PASSED] - for ([j = 0, j &lt; symbols.size(), (j++)]): null

2019-08-15 16:35:12 - [TEST_STEP][PASSED] - symbol = symbol: null

2019-08-15 16:35:12 - [TEST_STEP][PASSED] - println(symbol): null

2019-08-15 16:35:12 - [TEST_STEP][PASSED] - if (i == 2 &amp;&amp; wildList.indexOf(symbol) != -1): null

2019-08-15 16:35:12 - [TEST_STEP][PASSED] - if (i == 3 &amp;&amp; wildList.indexOf(symbol) != -1): null

2019-08-15 16:35:12 - [TEST_STEP][PASSED] - if (i == 4 &amp;&amp; wildList.indexOf(symbol) != -1): null

2019-08-15 16:35:12 - [TEST_STEP][PASSED] - symbol = symbol: null

2019-08-15 16:35:12 - [TEST_STEP][PASSED] - println(symbol): null

2019-08-15 16:35:12 - [TEST_STEP][PASSED] - if (i == 2 &amp;&amp; wildList.indexOf(symbol) != -1): null

2019-08-15 16:35:12 - [TEST_STEP][PASSED] - if (i == 3 &amp;&amp; wildList.indexOf(symbol) != -1): null

2019-08-15 16:35:12 - [TEST_STEP][PASSED] - if (i == 4 &amp;&amp; wildList.indexOf(symbol) != -1): null

2019-08-15 16:35:12 - [TEST_STEP][PASSED] - symbol = symbol: null

2019-08-15 16:35:12 - [TEST_STEP][PASSED] - println(symbol): null

2019-08-15 16:35:12 - [TEST_STEP][PASSED] - if (i == 2 &amp;&amp; wildList.indexOf(symbol) != -1): null

2019-08-15 16:35:12 - [TEST_STEP][PASSED] - if (i == 3 &amp;&amp; wildList.indexOf(symbol) != -1): null

2019-08-15 16:35:12 - [TEST_STEP][PASSED] - if (i == 4 &amp;&amp; wildList.indexOf(symbol) != -1): null

2019-08-15 16:35:12 - [TEST_STEP][PASSED] - symbols = symbols: null

2019-08-15 16:35:12 - [TEST_STEP][PASSED] - for ([j = 0, j &lt; symbols.size(), (j++)]): null

2019-08-15 16:35:12 - [TEST_STEP][PASSED] - symbol = symbol: null

2019-08-15 16:35:12 - [TEST_STEP][PASSED] - println(symbol): null

2019-08-15 16:35:12 - [TEST_STEP][PASSED] - if (i == 2 &amp;&amp; wildList.indexOf(symbol) != -1): null

2019-08-15 16:35:12 - [TEST_STEP][PASSED] - if (i == 3 &amp;&amp; wildList.indexOf(symbol) != -1): null

2019-08-15 16:35:12 - [TEST_STEP][PASSED] - if (i == 4 &amp;&amp; wildList.indexOf(symbol) != -1): null

2019-08-15 16:35:12 - [TEST_STEP][PASSED] - symbol = symbol: null

2019-08-15 16:35:12 - [TEST_STEP][PASSED] - println(symbol): null

2019-08-15 16:35:12 - [TEST_STEP][PASSED] - if (i == 2 &amp;&amp; wildList.indexOf(symbol) != -1): null

2019-08-15 16:35:12 - [TEST_STEP][PASSED] - if (i == 3 &amp;&amp; wildList.indexOf(symbol) != -1): null

2019-08-15 16:35:12 - [TEST_STEP][PASSED] - if (i == 4 &amp;&amp; wildList.indexOf(symbol) != -1): null

2019-08-15 16:35:12 - [TEST_STEP][PASSED] - symbol = symbol: null

2019-08-15 16:35:12 - [TEST_STEP][PASSED] - println(symbol): null

2019-08-15 16:35:12 - [TEST_STEP][PASSED] - if (i == 2 &amp;&amp; wildList.indexOf(symbol) != -1): null

2019-08-15 16:35:12 - [TEST_STEP][PASSED] - if (i == 3 &amp;&amp; wildList.indexOf(symbol) != -1): null

2019-08-15 16:35:12 - [TEST_STEP][PASSED] - if (i == 4 &amp;&amp; wildList.indexOf(symbol) != -1): null

2019-08-15 16:35:12 - [TEST_STEP][PASSED] - symbols = symbols: null

2019-08-15 16:35:12 - [TEST_STEP][PASSED] - for ([j = 0, j &lt; symbols.size(), (j++)]): null

2019-08-15 16:35:12 - [TEST_STEP][PASSED] - symbol = symbol: null

2019-08-15 16:35:12 - [TEST_STEP][PASSED] - println(symbol): null

2019-08-15 16:35:12 - [TEST_STEP][PASSED] - if (i == 2 &amp;&amp; wildList.indexOf(symbol) != -1): null

2019-08-15 16:35:12 - [TEST_STEP][PASSED] - if (i == 3 &amp;&amp; wildList.indexOf(symbol) != -1): null

2019-08-15 16:35:12 - [TEST_STEP][PASSED] - if (i == 4 &amp;&amp; wildList.indexOf(symbol) != -1): null

2019-08-15 16:35:12 - [TEST_STEP][PASSED] - symbol = symbol: null

2019-08-15 16:35:12 - [TEST_STEP][PASSED] - println(symbol): null

2019-08-15 16:35:12 - [TEST_STEP][PASSED] - if (i == 2 &amp;&amp; wildList.indexOf(symbol) != -1): null

2019-08-15 16:35:12 - [TEST_STEP][PASSED] - if (i == 3 &amp;&amp; wildList.indexOf(symbol) != -1): null

2019-08-15 16:35:12 - [TEST_STEP][PASSED] - if (i == 4 &amp;&amp; wildList.indexOf(symbol) != -1): null

2019-08-15 16:35:12 - [TEST_STEP][PASSED] - symbol = symbol: null

2019-08-15 16:35:12 - [TEST_STEP][PASSED] - println(symbol): null

2019-08-15 16:35:12 - [TEST_STEP][PASSED] - if (i == 2 &amp;&amp; wildList.indexOf(symbol) != -1): null

2019-08-15 16:35:12 - [TEST_STEP][PASSED] - if (i == 3 &amp;&amp; wildList.indexOf(symbol) != -1): null

2019-08-15 16:35:12 - [TEST_STEP][PASSED] - if (i == 4 &amp;&amp; wildList.indexOf(symbol) != -1): null

2019-08-15 16:35:12 - [TEST_STEP][PASSED] - free_spin_reel_counter = free_spin_reel_counter: null

2019-08-15 16:35:12 - [TEST_STEP][PASSED] - println("reel 3 wild found: " + free_spin_reel_counter[0]): null

2019-08-15 16:35:12 - [TEST_STEP][PASSED] - println("reel 4 wild found: " + free_spin_reel_counter[1]): null

2019-08-15 16:35:12 - [TEST_STEP][PASSED] - println("reel 5 wild found: " + free_spin_reel_counter[2]): null

2019-08-15 16:35:12 - [TEST_STEP][PASSED] - M4_spin_reels = M4_spin_reels: null

2019-08-15 16:35:12 - [TEST_STEP][PASSED] - M4_spin_reels_symbols = symbol: null

2019-08-15 16:35:12 - [TEST_STEP][PASSED] - M4_spin_reels_symbols = M4_spin_reels_symbols: null

2019-08-15 16:35:12 - [TEST_STEP][PASSED] - M4_spin_reel_wins = reel_wins: null

2019-08-15 16:35:12 - [TEST_STEP][PASSED] - M4_spin_reel_wins = M4_spin_reel_wins: null

2019-08-15 16:35:12 - [TEST_STEP][PASSED] - println("GlobalVariable.M4_spin_reel_wins is: " + M4_spin_reel_wins): null

2019-08-15 16:35:12 - [TEST_STEP][PASSED] - M4_spin_total_bonus_win_this_round = total_bonus_win_this_round: null

2019-08-15 16:35:12 - [TEST_STEP][PASSED] - M4_spin_total_bonus_win_this_round = M4_spin_total_bonus_win_this_round: null

2019-08-15 16:35:12 - [TEST_STEP][PASSED] - println("GlobalVariable.M4_spin_total_bonus_win_this_round is: " + M4_spin_total_bonus_win_this_round): null

2019-08-15 16:35:12 - [MESSAGE][PASSED] - Verify response successfully

2019-08-15 16:35:12 - [MESSAGE][PASSED] - Send request and verify the response successfully

2019-08-15 16:35:12 - [TEST_STEP][PASSED] - if (M4_total_bonus_spins_int != 0 &amp;&amp; M4_spin_reels_symbols[2].contains("WILD_Normal") || M4_spin_reels_symbols[3].contains("WILD_Normal") || M4_spin_reels_symbols[4].contains("WILD_Normal")): null

2019-08-15 16:35:12 - [TEST_STEP][PASSED] - free_spin_reel_counter = free_spin_reel_counter: null

2019-08-15 16:35:12 - [TEST_STEP][PASSED] - M4_spin_reels_symbols = M4_spin_reels_symbols: null

2019-08-15 16:35:12 - [TEST_STEP][PASSED] - M4_total_bonus_spins = M4_total_bonus_spins: null

2019-08-15 16:35:12 - [TEST_STEP][PASSED] - spin_result = sendRequestAndVerify(findTestObject("STG/RGS(M4)/1_M4_spin", ["M4_login_user_id":M4_login_user_id, "rgs_session_token":rgs_session_token, "partner":Partner])): Send request and verify the response successfully

2019-08-15 16:35:12 - [TEST_CASE][PASSED] - Start Test Case : Verification: Verification accomplished successfully

2019-08-15 16:35:12 - [TEST_STEP][PASSED] - request = getInstance().getCurrentRequest(): null

2019-08-15 16:35:12 - [TEST_STEP][PASSED] - response = getInstance().getCurrentResponse(): null

2019-08-15 16:35:12 - [TEST_STEP][PASSED] - verifyResponseStatusCode(response, 200): Verify response status code successfully

2019-08-15 16:35:12 - [MESSAGE][PASSED] - Verify response status code successfully

2019-08-15 16:35:12 - [TEST_STEP][PASSED] - getStatusCode()).isEqualTo(200): null

2019-08-15 16:35:12 - [TEST_STEP][PASSED] - newline = System.getProperty("line.separator"): null

2019-08-15 16:35:12 - [TEST_STEP][PASSED] - M4_spin = new groovy.json.JsonSlurper(): null

2019-08-15 16:35:12 - [TEST_STEP][PASSED] - result_M4_spin = M4_spin.parseText(response.getResponseBodyContent()): null

2019-08-15 16:35:12 - [TEST_STEP][PASSED] - M4_spin_current_balance = current_balance: null

2019-08-15 16:35:12 - [TEST_STEP][PASSED] - M4_spin_current_balance = M4_spin_current_balance: null

2019-08-15 16:35:12 - [TEST_STEP][PASSED] - M4_spin_transaction_id = causality: null

2019-08-15 16:35:12 - [TEST_STEP][PASSED] - M4_spin_transaction_id = M4_spin_transaction_id: null

2019-08-15 16:35:12 - [TEST_STEP][PASSED] - M4_spin_round_id = round_id: null

2019-08-15 16:35:12 - [TEST_STEP][PASSED] - M4_spin_round_id = M4_spin_round_id: null

2019-08-15 16:35:12 - [TEST_STEP][PASSED] - M4_spin_line_wins = line_wins: null

2019-08-15 16:35:12 - [TEST_STEP][PASSED] - M4_spin_line_wins = M4_spin_line_wins: null

2019-08-15 16:35:12 - [TEST_STEP][PASSED] - M4_total_bonus_spins_int = total_bonus_spins: null

2019-08-15 16:35:12 - [TEST_STEP][PASSED] - println("******M4_total_bonus_spins type is:*******" + newline + getClass().getName()): null

2019-08-15 16:35:12 - [TEST_STEP][PASSED] - M4_total_bonus_spins_int = M4_total_bonus_spins_int: null

2019-08-15 16:35:12 - [TEST_STEP][PASSED] - M4_total_bonus_spins = Integer.toString(M4_total_bonus_spins_int): null

2019-08-15 16:35:12 - [TEST_STEP][PASSED] - M4_total_bonus_spins = M4_total_bonus_spins: null

2019-08-15 16:35:12 - [TEST_STEP][PASSED] - println("M4_total_bonus_spins is:" + M4_total_bonus_spins): null

2019-08-15 16:35:12 - [TEST_STEP][PASSED] - M4_spin_bonus_data = bonus_data: null

2019-08-15 16:35:12 - [TEST_STEP][PASSED] - M4_spin_features_triggered = result_M4_spin: null

2019-08-15 16:35:12 - [TEST_STEP][PASSED] - wild = []: null

2019-08-15 16:35:12 - [TEST_STEP][PASSED] - wild[0] = "WILD_Expanding": null

2019-08-15 16:35:12 - [TEST_STEP][PASSED] - wild[1] = "WILD_Normal": null

2019-08-15 16:35:12 - [TEST_STEP][PASSED] - wild[2] = "WILD_Double": null

2019-08-15 16:35:12 - [TEST_STEP][PASSED] - wild[3] = "WILD_ExtraFG": null

2019-08-15 16:35:12 - [TEST_STEP][PASSED] - wild[4] = "WILD_Triple": null

2019-08-15 16:35:12 - [TEST_STEP][PASSED] - wildList = Arrays.asList(wild): null

2019-08-15 16:35:12 - [TEST_STEP][PASSED] - wildList = wildList: null

2019-08-15 16:35:12 - [TEST_STEP][PASSED] - free_spin_reel_counter = []: null

2019-08-15 16:35:12 - [TEST_STEP][PASSED] - free_spin_reel_counter[0] = 0: null

2019-08-15 16:35:12 - [TEST_STEP][PASSED] - free_spin_reel_counter[1] = 0: null

2019-08-15 16:35:12 - [TEST_STEP][PASSED] - free_spin_reel_counter[2] = 0: null

2019-08-15 16:35:12 - [TEST_STEP][PASSED] - M4_spin_reels = reels: null

2019-08-15 16:35:12 - [TEST_STEP][PASSED] - for ([i = 0, i &lt; M4_spin_reels.size(), (i++)]): null

2019-08-15 16:35:12 - [TEST_STEP][PASSED] - symbols = symbols: null

2019-08-15 16:35:12 - [TEST_STEP][PASSED] - for ([j = 0, j &lt; symbols.size(), (j++)]): null

2019-08-15 16:35:12 - [TEST_STEP][PASSED] - symbol = symbol: null

2019-08-15 16:35:12 - [TEST_STEP][PASSED] - println(symbol): null

2019-08-15 16:35:12 - [TEST_STEP][PASSED] - if (i == 2 &amp;&amp; wildList.indexOf(symbol) != -1): null

2019-08-15 16:35:12 - [TEST_STEP][PASSED] - if (i == 3 &amp;&amp; wildList.indexOf(symbol) != -1): null

2019-08-15 16:35:12 - [TEST_STEP][PASSED] - if (i == 4 &amp;&amp; wildList.indexOf(symbol) != -1): null

2019-08-15 16:35:12 - [TEST_STEP][PASSED] - symbol = symbol: null

2019-08-15 16:35:12 - [TEST_STEP][PASSED] - println(symbol): null

2019-08-15 16:35:12 - [TEST_STEP][PASSED] - if (i == 2 &amp;&amp; wildList.indexOf(symbol) != -1): null

2019-08-15 16:35:12 - [TEST_STEP][PASSED] - if (i == 3 &amp;&amp; wildList.indexOf(symbol) != -1): null

2019-08-15 16:35:12 - [TEST_STEP][PASSED] - if (i == 4 &amp;&amp; wildList.indexOf(symbol) != -1): null

2019-08-15 16:35:12 - [TEST_STEP][PASSED] - symbol = symbol: null

2019-08-15 16:35:12 - [TEST_STEP][PASSED] - println(symbol): null

2019-08-15 16:35:12 - [TEST_STEP][PASSED] - if (i == 2 &amp;&amp; wildList.indexOf(symbol) != -1): null

2019-08-15 16:35:12 - [TEST_STEP][PASSED] - if (i == 3 &amp;&amp; wildList.indexOf(symbol) != -1): null

2019-08-15 16:35:12 - [TEST_STEP][PASSED] - if (i == 4 &amp;&amp; wildList.indexOf(symbol) != -1): null

2019-08-15 16:35:12 - [TEST_STEP][PASSED] - symbols = symbols: null

2019-08-15 16:35:12 - [TEST_STEP][PASSED] - for ([j = 0, j &lt; symbols.size(), (j++)]): null

2019-08-15 16:35:12 - [TEST_STEP][PASSED] - symbol = symbol: null

2019-08-15 16:35:12 - [TEST_STEP][PASSED] - println(symbol): null

2019-08-15 16:35:12 - [TEST_STEP][PASSED] - if (i == 2 &amp;&amp; wildList.indexOf(symbol) != -1): null

2019-08-15 16:35:12 - [TEST_STEP][PASSED] - if (i == 3 &amp;&amp; wildList.indexOf(symbol) != -1): null

2019-08-15 16:35:12 - [TEST_STEP][PASSED] - if (i == 4 &amp;&amp; wildList.indexOf(symbol) != -1): null

2019-08-15 16:35:12 - [TEST_STEP][PASSED] - symbol = symbol: null

2019-08-15 16:35:12 - [TEST_STEP][PASSED] - println(symbol): null

2019-08-15 16:35:12 - [TEST_STEP][PASSED] - if (i == 2 &amp;&amp; wildList.indexOf(symbol) != -1): null

2019-08-15 16:35:12 - [TEST_STEP][PASSED] - if (i == 3 &amp;&amp; wildList.indexOf(symbol) != -1): null

2019-08-15 16:35:12 - [TEST_STEP][PASSED] - if (i == 4 &amp;&amp; wildList.indexOf(symbol) != -1): null

2019-08-15 16:35:16 - [TEST_STEP][PASSED] - symbol = symbol: null

2019-08-15 16:35:16 - [TEST_STEP][PASSED] - println(symbol): null

2019-08-15 16:35:16 - [TEST_STEP][PASSED] - if (i == 2 &amp;&amp; wildList.indexOf(symbol) != -1): null

2019-08-15 16:35:16 - [TEST_STEP][PASSED] - if (i == 3 &amp;&amp; wildList.indexOf(symbol) != -1): null

2019-08-15 16:35:16 - [TEST_STEP][PASSED] - if (i == 4 &amp;&amp; wildList.indexOf(symbol) != -1): null

2019-08-15 16:35:16 - [TEST_STEP][PASSED] - symbols = symbols: null

2019-08-15 16:35:16 - [TEST_STEP][PASSED] - for ([j = 0, j &lt; symbols.size(), (j++)]): null

2019-08-15 16:35:16 - [TEST_STEP][PASSED] - symbol = symbol: null

2019-08-15 16:35:16 - [TEST_STEP][PASSED] - println(symbol): null

2019-08-15 16:35:16 - [TEST_STEP][PASSED] - if (i == 2 &amp;&amp; wildList.indexOf(symbol) != -1): null

2019-08-15 16:35:21 - [TEST_STEP][PASSED] - if (i == 3 &amp;&amp; wildList.indexOf(symbol) != -1): null

2019-08-15 16:35:21 - [TEST_STEP][PASSED] - if (i == 4 &amp;&amp; wildList.indexOf(symbol) != -1): null

2019-08-15 16:35:21 - [TEST_STEP][PASSED] - symbol = symbol: null

2019-08-15 16:35:21 - [TEST_STEP][PASSED] - println(symbol): null

2019-08-15 16:35:21 - [TEST_STEP][PASSED] - if (i == 2 &amp;&amp; wildList.indexOf(symbol) != -1): null

2019-08-15 16:35:21 - [TEST_STEP][PASSED] - if (i == 3 &amp;&amp; wildList.indexOf(symbol) != -1): null

2019-08-15 16:35:21 - [TEST_STEP][PASSED] - if (i == 4 &amp;&amp; wildList.indexOf(symbol) != -1): null

2019-08-15 16:35:21 - [TEST_STEP][PASSED] - symbol = symbol: null

2019-08-15 16:35:21 - [TEST_STEP][PASSED] - println(symbol): null

2019-08-15 16:35:21 - [TEST_STEP][PASSED] - if (i == 2 &amp;&amp; wildList.indexOf(symbol) != -1): null

2019-08-15 16:35:21 - [TEST_STEP][PASSED] - if (i == 3 &amp;&amp; wildList.indexOf(symbol) != -1): null

2019-08-15 16:35:21 - [TEST_STEP][PASSED] - if (i == 4 &amp;&amp; wildList.indexOf(symbol) != -1): null

2019-08-15 16:35:21 - [TEST_STEP][PASSED] - symbols = symbols: null

2019-08-15 16:35:21 - [TEST_STEP][PASSED] - for ([j = 0, j &lt; symbols.size(), (j++)]): null

2019-08-15 16:35:21 - [TEST_STEP][PASSED] - symbol = symbol: null

2019-08-15 16:35:21 - [TEST_STEP][PASSED] - println(symbol): null

2019-08-15 16:35:21 - [TEST_STEP][PASSED] - if (i == 2 &amp;&amp; wildList.indexOf(symbol) != -1): null

2019-08-15 16:35:21 - [TEST_STEP][PASSED] - if (i == 3 &amp;&amp; wildList.indexOf(symbol) != -1): null

2019-08-15 16:35:21 - [TEST_STEP][PASSED] - if (i == 4 &amp;&amp; wildList.indexOf(symbol) != -1): null

2019-08-15 16:35:21 - [TEST_STEP][PASSED] - symbol = symbol: null

2019-08-15 16:35:21 - [TEST_STEP][PASSED] - println(symbol): null

2019-08-15 16:35:21 - [TEST_STEP][PASSED] - if (i == 2 &amp;&amp; wildList.indexOf(symbol) != -1): null

2019-08-15 16:35:21 - [TEST_STEP][PASSED] - if (i == 3 &amp;&amp; wildList.indexOf(symbol) != -1): null

2019-08-15 16:35:21 - [TEST_STEP][PASSED] - if (i == 4 &amp;&amp; wildList.indexOf(symbol) != -1): null

2019-08-15 16:35:21 - [TEST_STEP][PASSED] - symbol = symbol: null

2019-08-15 16:35:21 - [TEST_STEP][PASSED] - println(symbol): null

2019-08-15 16:35:21 - [TEST_STEP][PASSED] - if (i == 2 &amp;&amp; wildList.indexOf(symbol) != -1): null

2019-08-15 16:35:21 - [TEST_STEP][PASSED] - if (i == 3 &amp;&amp; wildList.indexOf(symbol) != -1): null

2019-08-15 16:35:21 - [TEST_STEP][PASSED] - if (i == 4 &amp;&amp; wildList.indexOf(symbol) != -1): null

2019-08-15 16:35:21 - [TEST_STEP][PASSED] - symbols = symbols: null

2019-08-15 16:35:21 - [TEST_STEP][PASSED] - for ([j = 0, j &lt; symbols.size(), (j++)]): null

2019-08-15 16:35:21 - [TEST_STEP][PASSED] - symbol = symbol: null

2019-08-15 16:35:21 - [TEST_STEP][PASSED] - println(symbol): null

2019-08-15 16:35:21 - [TEST_STEP][PASSED] - if (i == 2 &amp;&amp; wildList.indexOf(symbol) != -1): null

2019-08-15 16:35:21 - [TEST_STEP][PASSED] - if (i == 3 &amp;&amp; wildList.indexOf(symbol) != -1): null

2019-08-15 16:35:21 - [TEST_STEP][PASSED] - if (i == 4 &amp;&amp; wildList.indexOf(symbol) != -1): null

2019-08-15 16:35:21 - [TEST_STEP][PASSED] - symbol = symbol: null

2019-08-15 16:35:21 - [TEST_STEP][PASSED] - println(symbol): null

2019-08-15 16:35:21 - [TEST_STEP][PASSED] - if (i == 2 &amp;&amp; wildList.indexOf(symbol) != -1): null

2019-08-15 16:35:21 - [TEST_STEP][PASSED] - if (i == 3 &amp;&amp; wildList.indexOf(symbol) != -1): null

2019-08-15 16:35:21 - [TEST_STEP][PASSED] - if (i == 4 &amp;&amp; wildList.indexOf(symbol) != -1): null

2019-08-15 16:35:21 - [TEST_STEP][PASSED] - symbol = symbol: null

2019-08-15 16:35:21 - [TEST_STEP][PASSED] - println(symbol): null

2019-08-15 16:35:21 - [TEST_STEP][PASSED] - if (i == 2 &amp;&amp; wildList.indexOf(symbol) != -1): null

2019-08-15 16:35:21 - [TEST_STEP][PASSED] - if (i == 3 &amp;&amp; wildList.indexOf(symbol) != -1): null

2019-08-15 16:35:21 - [TEST_STEP][PASSED] - if (i == 4 &amp;&amp; wildList.indexOf(symbol) != -1): null

2019-08-15 16:35:21 - [TEST_STEP][PASSED] - free_spin_reel_counter = free_spin_reel_counter: null

2019-08-15 16:35:21 - [TEST_STEP][PASSED] - println("reel 3 wild found: " + free_spin_reel_counter[0]): null

2019-08-15 16:35:21 - [TEST_STEP][PASSED] - println("reel 4 wild found: " + free_spin_reel_counter[1]): null

2019-08-15 16:35:21 - [TEST_STEP][PASSED] - println("reel 5 wild found: " + free_spin_reel_counter[2]): null

2019-08-15 16:35:21 - [TEST_STEP][PASSED] - M4_spin_reels = M4_spin_reels: null

2019-08-15 16:35:21 - [TEST_STEP][PASSED] - M4_spin_reels_symbols = symbol: null

2019-08-15 16:35:21 - [TEST_STEP][PASSED] - M4_spin_reels_symbols = M4_spin_reels_symbols: null

2019-08-15 16:35:21 - [TEST_STEP][PASSED] - M4_spin_reel_wins = reel_wins: null

2019-08-15 16:35:21 - [TEST_STEP][PASSED] - M4_spin_reel_wins = M4_spin_reel_wins: null

2019-08-15 16:35:21 - [TEST_STEP][PASSED] - println("GlobalVariable.M4_spin_reel_wins is: " + M4_spin_reel_wins): null

2019-08-15 16:35:21 - [TEST_STEP][PASSED] - M4_spin_total_bonus_win_this_round = total_bonus_win_this_round: null

2019-08-15 16:35:21 - [TEST_STEP][PASSED] - M4_spin_total_bonus_win_this_round = M4_spin_total_bonus_win_this_round: null

2019-08-15 16:35:21 - [TEST_STEP][PASSED] - println("GlobalVariable.M4_spin_total_bonus_win_this_round is: " + M4_spin_total_bonus_win_this_round): null

2019-08-15 16:35:21 - [MESSAGE][PASSED] - Verify response successfully

2019-08-15 16:35:21 - [MESSAGE][PASSED] - Send request and verify the response successfully

2019-08-15 16:35:21 - [TEST_STEP][PASSED] - if (M4_total_bonus_spins_int != 0 &amp;&amp; M4_spin_reels_symbols[2].contains("WILD_Normal") || M4_spin_reels_symbols[3].contains("WILD_Normal") || M4_spin_reels_symbols[4].contains("WILD_Normal")): null

2019-08-15 16:35:21 - [TEST_STEP][PASSED] - free_spin_reel_counter = free_spin_reel_counter: null

2019-08-15 16:35:21 - [TEST_STEP][PASSED] - M4_spin_reels_symbols = M4_spin_reels_symbols: null

2019-08-15 16:35:21 - [TEST_STEP][PASSED] - M4_total_bonus_spins = M4_total_bonus_spins: null

2019-08-15 16:35:21 - [TEST_STEP][PASSED] - spin_result = sendRequestAndVerify(findTestObject("STG/RGS(M4)/1_M4_spin", ["M4_login_user_id":M4_login_user_id, "rgs_session_token":rgs_session_token, "partner":Partner])): Send request and verify the response successfully

2019-08-15 16:35:21 - [TEST_CASE][PASSED] - Start Test Case : Verification: Verification accomplished successfully

2019-08-15 16:35:21 - [TEST_STEP][PASSED] - request = getInstance().getCurrentRequest(): null

2019-08-15 16:35:21 - [TEST_STEP][PASSED] - response = getInstance().getCurrentResponse(): null

2019-08-15 16:35:21 - [TEST_STEP][PASSED] - verifyResponseStatusCode(response, 200): Verify response status code successfully

2019-08-15 16:35:21 - [MESSAGE][PASSED] - Verify response status code successfully

2019-08-15 16:35:21 - [TEST_STEP][PASSED] - getStatusCode()).isEqualTo(200): null

2019-08-15 16:35:21 - [TEST_STEP][PASSED] - newline = System.getProperty("line.separator"): null

2019-08-15 16:35:21 - [TEST_STEP][PASSED] - M4_spin = new groovy.json.JsonSlurper(): null

2019-08-15 16:35:21 - [TEST_STEP][PASSED] - result_M4_spin = M4_spin.parseText(response.getResponseBodyContent()): null

2019-08-15 16:35:21 - [TEST_STEP][PASSED] - M4_spin_current_balance = current_balance: null

2019-08-15 16:35:21 - [TEST_STEP][PASSED] - M4_spin_current_balance = M4_spin_current_balance: null

2019-08-15 16:35:21 - [TEST_STEP][PASSED] - M4_spin_transaction_id = causality: null

2019-08-15 16:35:21 - [TEST_STEP][PASSED] - M4_spin_transaction_id = M4_spin_transaction_id: null

2019-08-15 16:35:21 - [TEST_STEP][PASSED] - M4_spin_round_id = round_id: null

2019-08-15 16:35:21 - [TEST_STEP][PASSED] - M4_spin_round_id = M4_spin_round_id: null

2019-08-15 16:35:21 - [TEST_STEP][PASSED] - M4_spin_line_wins = line_wins: null

2019-08-15 16:35:21 - [TEST_STEP][PASSED] - M4_spin_line_wins = M4_spin_line_wins: null

2019-08-15 16:35:21 - [TEST_STEP][PASSED] - M4_total_bonus_spins_int = total_bonus_spins: null

2019-08-15 16:35:21 - [TEST_STEP][PASSED] - println("******M4_total_bonus_spins type is:*******" + newline + getClass().getName()): null

2019-08-15 16:35:21 - [TEST_STEP][PASSED] - M4_total_bonus_spins_int = M4_total_bonus_spins_int: null

2019-08-15 16:35:21 - [TEST_STEP][PASSED] - M4_total_bonus_spins = Integer.toString(M4_total_bonus_spins_int): null

2019-08-15 16:35:21 - [TEST_STEP][PASSED] - M4_total_bonus_spins = M4_total_bonus_spins: null

2019-08-15 16:35:21 - [TEST_STEP][PASSED] - println("M4_total_bonus_spins is:" + M4_total_bonus_spins): null

2019-08-15 16:35:21 - [TEST_STEP][PASSED] - M4_spin_bonus_data = bonus_data: null

2019-08-15 16:35:21 - [TEST_STEP][PASSED] - M4_spin_features_triggered = result_M4_spin: null

2019-08-15 16:35:21 - [TEST_STEP][PASSED] - wild = []: null

2019-08-15 16:35:21 - [TEST_STEP][PASSED] - wild[0] = "WILD_Expanding": null

2019-08-15 16:35:21 - [TEST_STEP][PASSED] - wild[1] = "WILD_Normal": null

2019-08-15 16:35:21 - [TEST_STEP][PASSED] - wild[2] = "WILD_Double": null

2019-08-15 16:35:21 - [TEST_STEP][PASSED] - wild[3] = "WILD_ExtraFG": null

2019-08-15 16:35:21 - [TEST_STEP][PASSED] - wild[4] = "WILD_Triple": null

2019-08-15 16:35:21 - [TEST_STEP][PASSED] - wildList = Arrays.asList(wild): null

2019-08-15 16:35:21 - [TEST_STEP][PASSED] - wildList = wildList: null

2019-08-15 16:35:21 - [TEST_STEP][PASSED] - free_spin_reel_counter = []: null

2019-08-15 16:35:21 - [TEST_STEP][PASSED] - free_spin_reel_counter[0] = 0: null

2019-08-15 16:35:21 - [TEST_STEP][PASSED] - free_spin_reel_counter[1] = 0: null

2019-08-15 16:35:21 - [TEST_STEP][PASSED] - free_spin_reel_counter[2] = 0: null

2019-08-15 16:35:21 - [TEST_STEP][PASSED] - M4_spin_reels = reels: null

2019-08-15 16:35:21 - [TEST_STEP][PASSED] - for ([i = 0, i &lt; M4_spin_reels.size(), (i++)]): null

2019-08-15 16:35:21 - [TEST_STEP][PASSED] - symbols = symbols: null

2019-08-15 16:35:21 - [TEST_STEP][PASSED] - for ([j = 0, j &lt; symbols.size(), (j++)]): null

2019-08-15 16:35:21 - [TEST_STEP][PASSED] - symbol = symbol: null

2019-08-15 16:35:21 - [TEST_STEP][PASSED] - println(symbol): null

2019-08-15 16:35:21 - [TEST_STEP][PASSED] - if (i == 2 &amp;&amp; wildList.indexOf(symbol) != -1): null

2019-08-15 16:35:21 - [TEST_STEP][PASSED] - if (i == 3 &amp;&amp; wildList.indexOf(symbol) != -1): null

2019-08-15 16:35:21 - [TEST_STEP][PASSED] - if (i == 4 &amp;&amp; wildList.indexOf(symbol) != -1): null

2019-08-15 16:35:21 - [TEST_STEP][PASSED] - symbol = symbol: null

2019-08-15 16:35:21 - [TEST_STEP][PASSED] - println(symbol): null

2019-08-15 16:35:21 - [TEST_STEP][PASSED] - if (i == 2 &amp;&amp; wildList.indexOf(symbol) != -1): null

2019-08-15 16:35:21 - [TEST_STEP][PASSED] - if (i == 3 &amp;&amp; wildList.indexOf(symbol) != -1): null

2019-08-15 16:35:21 - [TEST_STEP][PASSED] - if (i == 4 &amp;&amp; wildList.indexOf(symbol) != -1): null

2019-08-15 16:35:21 - [TEST_STEP][PASSED] - symbol = symbol: null

2019-08-15 16:35:21 - [TEST_STEP][PASSED] - println(symbol): null

2019-08-15 16:35:21 - [TEST_STEP][PASSED] - if (i == 2 &amp;&amp; wildList.indexOf(symbol) != -1): null

2019-08-15 16:35:21 - [TEST_STEP][PASSED] - if (i == 3 &amp;&amp; wildList.indexOf(symbol) != -1): null

2019-08-15 16:35:21 - [TEST_STEP][PASSED] - if (i == 4 &amp;&amp; wildList.indexOf(symbol) != -1): null

2019-08-15 16:35:21 - [TEST_STEP][PASSED] - symbols = symbols: null

2019-08-15 16:35:21 - [TEST_STEP][PASSED] - for ([j = 0, j &lt; symbols.size(), (j++)]): null

2019-08-15 16:35:21 - [TEST_STEP][PASSED] - symbol = symbol: null

2019-08-15 16:35:21 - [TEST_STEP][PASSED] - println(symbol): null

2019-08-15 16:35:21 - [TEST_STEP][PASSED] - if (i == 2 &amp;&amp; wildList.indexOf(symbol) != -1): null

2019-08-15 16:35:21 - [TEST_STEP][PASSED] - if (i == 3 &amp;&amp; wildList.indexOf(symbol) != -1): null

2019-08-15 16:35:21 - [TEST_STEP][PASSED] - if (i == 4 &amp;&amp; wildList.indexOf(symbol) != -1): null

2019-08-15 16:35:21 - [TEST_STEP][PASSED] - symbol = symbol: null

2019-08-15 16:35:21 - [TEST_STEP][PASSED] - println(symbol): null

2019-08-15 16:35:21 - [TEST_STEP][PASSED] - if (i == 2 &amp;&amp; wildList.indexOf(symbol) != -1): null

2019-08-15 16:35:21 - [TEST_STEP][PASSED] - if (i == 3 &amp;&amp; wildList.indexOf(symbol) != -1): null

2019-08-15 16:35:21 - [TEST_STEP][PASSED] - if (i == 4 &amp;&amp; wildList.indexOf(symbol) != -1): null

2019-08-15 16:35:21 - [TEST_STEP][PASSED] - symbol = symbol: null

2019-08-15 16:35:21 - [TEST_STEP][PASSED] - println(symbol): null

2019-08-15 16:35:21 - [TEST_STEP][PASSED] - if (i == 2 &amp;&amp; wildList.indexOf(symbol) != -1): null

2019-08-15 16:35:21 - [TEST_STEP][PASSED] - if (i == 3 &amp;&amp; wildList.indexOf(symbol) != -1): null

2019-08-15 16:35:21 - [TEST_STEP][PASSED] - if (i == 4 &amp;&amp; wildList.indexOf(symbol) != -1): null

2019-08-15 16:35:21 - [TEST_STEP][PASSED] - symbols = symbols: null

2019-08-15 16:35:21 - [TEST_STEP][PASSED] - for ([j = 0, j &lt; symbols.size(), (j++)]): null

2019-08-15 16:35:21 - [TEST_STEP][PASSED] - symbol = symbol: null

2019-08-15 16:35:21 - [TEST_STEP][PASSED] - println(symbol): null

2019-08-15 16:35:21 - [TEST_STEP][PASSED] - if (i == 2 &amp;&amp; wildList.indexOf(symbol) != -1): null

2019-08-15 16:35:21 - [TEST_STEP][PASSED] - if (i == 3 &amp;&amp; wildList.indexOf(symbol) != -1): null

2019-08-15 16:35:21 - [TEST_STEP][PASSED] - if (i == 4 &amp;&amp; wildList.indexOf(symbol) != -1): null

2019-08-15 16:35:21 - [TEST_STEP][PASSED] - symbol = symbol: null

2019-08-15 16:35:21 - [TEST_STEP][PASSED] - println(symbol): null

2019-08-15 16:35:21 - [TEST_STEP][PASSED] - if (i == 2 &amp;&amp; wildList.indexOf(symbol) != -1): null

2019-08-15 16:35:21 - [TEST_STEP][PASSED] - if (i == 3 &amp;&amp; wildList.indexOf(symbol) != -1): null

2019-08-15 16:35:21 - [TEST_STEP][PASSED] - if (i == 4 &amp;&amp; wildList.indexOf(symbol) != -1): null

2019-08-15 16:35:21 - [TEST_STEP][PASSED] - symbol = symbol: null

2019-08-15 16:35:21 - [TEST_STEP][PASSED] - println(symbol): null

2019-08-15 16:35:21 - [TEST_STEP][PASSED] - if (i == 2 &amp;&amp; wildList.indexOf(symbol) != -1): null

2019-08-15 16:35:21 - [TEST_STEP][PASSED] - if (i == 3 &amp;&amp; wildList.indexOf(symbol) != -1): null

2019-08-15 16:35:21 - [TEST_STEP][PASSED] - if (i == 4 &amp;&amp; wildList.indexOf(symbol) != -1): null

2019-08-15 16:35:21 - [TEST_STEP][PASSED] - symbols = symbols: null

2019-08-15 16:35:21 - [TEST_STEP][PASSED] - for ([j = 0, j &lt; symbols.size(), (j++)]): null

2019-08-15 16:35:21 - [TEST_STEP][PASSED] - symbol = symbol: null

2019-08-15 16:35:21 - [TEST_STEP][PASSED] - println(symbol): null

2019-08-15 16:35:21 - [TEST_STEP][PASSED] - if (i == 2 &amp;&amp; wildList.indexOf(symbol) != -1): null

2019-08-15 16:35:21 - [TEST_STEP][PASSED] - if (i == 3 &amp;&amp; wildList.indexOf(symbol) != -1): null

2019-08-15 16:35:21 - [TEST_STEP][PASSED] - if (i == 4 &amp;&amp; wildList.indexOf(symbol) != -1): null

2019-08-15 16:35:21 - [TEST_STEP][PASSED] - symbol = symbol: null

2019-08-15 16:35:21 - [TEST_STEP][PASSED] - println(symbol): null

2019-08-15 16:35:21 - [TEST_STEP][PASSED] - if (i == 2 &amp;&amp; wildList.indexOf(symbol) != -1): null

2019-08-15 16:35:21 - [TEST_STEP][PASSED] - if (i == 3 &amp;&amp; wildList.indexOf(symbol) != -1): null

2019-08-15 16:35:21 - [TEST_STEP][PASSED] - if (i == 4 &amp;&amp; wildList.indexOf(symbol) != -1): null

2019-08-15 16:35:21 - [TEST_STEP][PASSED] - symbol = symbol: null

2019-08-15 16:35:21 - [TEST_STEP][PASSED] - println(symbol): null

2019-08-15 16:35:21 - [TEST_STEP][PASSED] - if (i == 2 &amp;&amp; wildList.indexOf(symbol) != -1): null

2019-08-15 16:35:21 - [TEST_STEP][PASSED] - if (i == 3 &amp;&amp; wildList.indexOf(symbol) != -1): null

2019-08-15 16:35:21 - [TEST_STEP][PASSED] - if (i == 4 &amp;&amp; wildList.indexOf(symbol) != -1): null

2019-08-15 16:35:21 - [TEST_STEP][PASSED] - symbols = symbols: null

2019-08-15 16:35:21 - [TEST_STEP][PASSED] - for ([j = 0, j &lt; symbols.size(), (j++)]): null

2019-08-15 16:35:21 - [TEST_STEP][PASSED] - symbol = symbol: null

2019-08-15 16:35:21 - [TEST_STEP][PASSED] - println(symbol): null

2019-08-15 16:35:21 - [TEST_STEP][PASSED] - if (i == 2 &amp;&amp; wildList.indexOf(symbol) != -1): null

2019-08-15 16:35:21 - [TEST_STEP][PASSED] - if (i == 3 &amp;&amp; wildList.indexOf(symbol) != -1): null

2019-08-15 16:35:21 - [TEST_STEP][PASSED] - if (i == 4 &amp;&amp; wildList.indexOf(symbol) != -1): null

2019-08-15 16:35:21 - [TEST_STEP][PASSED] - symbol = symbol: null

2019-08-15 16:35:21 - [TEST_STEP][PASSED] - println(symbol): null

2019-08-15 16:35:21 - [TEST_STEP][PASSED] - if (i == 2 &amp;&amp; wildList.indexOf(symbol) != -1): null

2019-08-15 16:35:21 - [TEST_STEP][PASSED] - if (i == 3 &amp;&amp; wildList.indexOf(symbol) != -1): null

2019-08-15 16:35:21 - [TEST_STEP][PASSED] - if (i == 4 &amp;&amp; wildList.indexOf(symbol) != -1): null

2019-08-15 16:35:21 - [TEST_STEP][PASSED] - symbol = symbol: null

2019-08-15 16:35:21 - [TEST_STEP][PASSED] - println(symbol): null

2019-08-15 16:35:21 - [TEST_STEP][PASSED] - if (i == 2 &amp;&amp; wildList.indexOf(symbol) != -1): null

2019-08-15 16:35:21 - [TEST_STEP][PASSED] - if (i == 3 &amp;&amp; wildList.indexOf(symbol) != -1): null

2019-08-15 16:35:21 - [TEST_STEP][PASSED] - if (i == 4 &amp;&amp; wildList.indexOf(symbol) != -1): null

2019-08-15 16:35:21 - [TEST_STEP][PASSED] - free_spin_reel_counter = free_spin_reel_counter: null

2019-08-15 16:35:21 - [TEST_STEP][PASSED] - println("reel 3 wild found: " + free_spin_reel_counter[0]): null

2019-08-15 16:35:21 - [TEST_STEP][PASSED] - println("reel 4 wild found: " + free_spin_reel_counter[1]): null

2019-08-15 16:35:21 - [TEST_STEP][PASSED] - println("reel 5 wild found: " + free_spin_reel_counter[2]): null

2019-08-15 16:35:21 - [TEST_STEP][PASSED] - M4_spin_reels = M4_spin_reels: null

2019-08-15 16:35:21 - [TEST_STEP][PASSED] - M4_spin_reels_symbols = symbol: null

2019-08-15 16:35:21 - [TEST_STEP][PASSED] - M4_spin_reels_symbols = M4_spin_reels_symbols: null

2019-08-15 16:35:21 - [TEST_STEP][PASSED] - M4_spin_reel_wins = reel_wins: null

2019-08-15 16:35:21 - [TEST_STEP][PASSED] - M4_spin_reel_wins = M4_spin_reel_wins: null

2019-08-15 16:35:21 - [TEST_STEP][PASSED] - println("GlobalVariable.M4_spin_reel_wins is: " + M4_spin_reel_wins): null

2019-08-15 16:35:21 - [TEST_STEP][PASSED] - M4_spin_total_bonus_win_this_round = total_bonus_win_this_round: null

2019-08-15 16:35:21 - [TEST_STEP][PASSED] - M4_spin_total_bonus_win_this_round = M4_spin_total_bonus_win_this_round: null

2019-08-15 16:35:21 - [TEST_STEP][PASSED] - println("GlobalVariable.M4_spin_total_bonus_win_this_round is: " + M4_spin_total_bonus_win_this_round): null

2019-08-15 16:35:21 - [MESSAGE][PASSED] - Verify response successfully

2019-08-15 16:35:21 - [MESSAGE][PASSED] - Send request and verify the response successfully

2019-08-15 16:35:21 - [TEST_STEP][PASSED] - if (M4_total_bonus_spins_int != 0 &amp;&amp; M4_spin_reels_symbols[2].contains("WILD_Normal") || M4_spin_reels_symbols[3].contains("WILD_Normal") || M4_spin_reels_symbols[4].contains("WILD_Normal")): null

2019-08-15 16:35:21 - [TEST_STEP][PASSED] - free_spin_reel_counter = free_spin_reel_counter: null

2019-08-15 16:35:21 - [TEST_STEP][PASSED] - M4_spin_reels_symbols = M4_spin_reels_symbols: null

2019-08-15 16:35:21 - [TEST_STEP][PASSED] - M4_total_bonus_spins = M4_total_bonus_spins: null

2019-08-15 16:35:21 - [TEST_STEP][PASSED] - spin_result = sendRequestAndVerify(findTestObject("STG/RGS(M4)/1_M4_spin", ["M4_login_user_id":M4_login_user_id, "rgs_session_token":rgs_session_token, "partner":Partner])): Send request and verify the response successfully

2019-08-15 16:35:21 - [TEST_CASE][PASSED] - Start Test Case : Verification: Verification accomplished successfully

2019-08-15 16:35:21 - [TEST_STEP][PASSED] - request = getInstance().getCurrentRequest(): null

2019-08-15 16:35:21 - [TEST_STEP][PASSED] - response = getInstance().getCurrentResponse(): null

2019-08-15 16:35:21 - [TEST_STEP][PASSED] - verifyResponseStatusCode(response, 200): Verify response status code successfully

2019-08-15 16:35:21 - [MESSAGE][PASSED] - Verify response status code successfully

2019-08-15 16:35:21 - [TEST_STEP][PASSED] - getStatusCode()).isEqualTo(200): null

2019-08-15 16:35:21 - [TEST_STEP][PASSED] - newline = System.getProperty("line.separator"): null

2019-08-15 16:35:21 - [TEST_STEP][PASSED] - M4_spin = new groovy.json.JsonSlurper(): null

2019-08-15 16:35:21 - [TEST_STEP][PASSED] - result_M4_spin = M4_spin.parseText(response.getResponseBodyContent()): null

2019-08-15 16:35:21 - [TEST_STEP][PASSED] - M4_spin_current_balance = current_balance: null

2019-08-15 16:35:21 - [TEST_STEP][PASSED] - M4_spin_current_balance = M4_spin_current_balance: null

2019-08-15 16:35:21 - [TEST_STEP][PASSED] - M4_spin_transaction_id = causality: null

2019-08-15 16:35:21 - [TEST_STEP][PASSED] - M4_spin_transaction_id = M4_spin_transaction_id: null

2019-08-15 16:35:21 - [TEST_STEP][PASSED] - M4_spin_round_id = round_id: null

2019-08-15 16:35:21 - [TEST_STEP][PASSED] - M4_spin_round_id = M4_spin_round_id: null

2019-08-15 16:35:21 - [TEST_STEP][PASSED] - M4_spin_line_wins = line_wins: null

2019-08-15 16:35:21 - [TEST_STEP][PASSED] - M4_spin_line_wins = M4_spin_line_wins: null

2019-08-15 16:35:21 - [TEST_STEP][PASSED] - M4_total_bonus_spins_int = total_bonus_spins: null

2019-08-15 16:35:21 - [TEST_STEP][PASSED] - println("******M4_total_bonus_spins type is:*******" + newline + getClass().getName()): null

2019-08-15 16:35:21 - [TEST_STEP][PASSED] - M4_total_bonus_spins_int = M4_total_bonus_spins_int: null

2019-08-15 16:35:21 - [TEST_STEP][PASSED] - M4_total_bonus_spins = Integer.toString(M4_total_bonus_spins_int): null

2019-08-15 16:35:21 - [TEST_STEP][PASSED] - M4_total_bonus_spins = M4_total_bonus_spins: null

2019-08-15 16:35:21 - [TEST_STEP][PASSED] - println("M4_total_bonus_spins is:" + M4_total_bonus_spins): null

2019-08-15 16:35:21 - [TEST_STEP][PASSED] - M4_spin_bonus_data = bonus_data: null

2019-08-15 16:35:21 - [TEST_STEP][PASSED] - M4_spin_features_triggered = result_M4_spin: null

2019-08-15 16:35:21 - [TEST_STEP][PASSED] - wild = []: null

2019-08-15 16:35:21 - [TEST_STEP][PASSED] - wild[0] = "WILD_Expanding": null

2019-08-15 16:35:21 - [TEST_STEP][PASSED] - wild[1] = "WILD_Normal": null

2019-08-15 16:35:21 - [TEST_STEP][PASSED] - wild[2] = "WILD_Double": null

2019-08-15 16:35:21 - [TEST_STEP][PASSED] - wild[3] = "WILD_ExtraFG": null

2019-08-15 16:35:21 - [TEST_STEP][PASSED] - wild[4] = "WILD_Triple": null

2019-08-15 16:35:21 - [TEST_STEP][PASSED] - wildList = Arrays.asList(wild): null

2019-08-15 16:35:21 - [TEST_STEP][PASSED] - wildList = wildList: null

2019-08-15 16:35:21 - [TEST_STEP][PASSED] - free_spin_reel_counter = []: null

2019-08-15 16:35:21 - [TEST_STEP][PASSED] - free_spin_reel_counter[0] = 0: null

2019-08-15 16:35:21 - [TEST_STEP][PASSED] - free_spin_reel_counter[1] = 0: null

2019-08-15 16:35:21 - [TEST_STEP][PASSED] - free_spin_reel_counter[2] = 0: null

2019-08-15 16:35:21 - [TEST_STEP][PASSED] - M4_spin_reels = reels: null

2019-08-15 16:35:21 - [TEST_STEP][PASSED] - for ([i = 0, i &lt; M4_spin_reels.size(), (i++)]): null

2019-08-15 16:35:21 - [TEST_STEP][PASSED] - symbols = symbols: null

2019-08-15 16:35:21 - [TEST_STEP][PASSED] - for ([j = 0, j &lt; symbols.size(), (j++)]): null

2019-08-15 16:35:21 - [TEST_STEP][PASSED] - symbol = symbol: null

2019-08-15 16:35:21 - [TEST_STEP][PASSED] - println(symbol): null

2019-08-15 16:35:21 - [TEST_STEP][PASSED] - if (i == 2 &amp;&amp; wildList.indexOf(symbol) != -1): null

2019-08-15 16:35:21 - [TEST_STEP][PASSED] - if (i == 3 &amp;&amp; wildList.indexOf(symbol) != -1): null

2019-08-15 16:35:21 - [TEST_STEP][PASSED] - if (i == 4 &amp;&amp; wildList.indexOf(symbol) != -1): null

2019-08-15 16:35:21 - [TEST_STEP][PASSED] - symbol = symbol: null

2019-08-15 16:35:21 - [TEST_STEP][PASSED] - println(symbol): null

2019-08-15 16:35:21 - [TEST_STEP][PASSED] - if (i == 2 &amp;&amp; wildList.indexOf(symbol) != -1): null

2019-08-15 16:35:21 - [TEST_STEP][PASSED] - if (i == 3 &amp;&amp; wildList.indexOf(symbol) != -1): null

2019-08-15 16:35:21 - [TEST_STEP][PASSED] - if (i == 4 &amp;&amp; wildList.indexOf(symbol) != -1): null

2019-08-15 16:35:21 - [TEST_STEP][PASSED] - symbol = symbol: null

2019-08-15 16:35:21 - [TEST_STEP][PASSED] - println(symbol): null

2019-08-15 16:35:21 - [TEST_STEP][PASSED] - if (i == 2 &amp;&amp; wildList.indexOf(symbol) != -1): null

2019-08-15 16:35:21 - [TEST_STEP][PASSED] - if (i == 3 &amp;&amp; wildList.indexOf(symbol) != -1): null

2019-08-15 16:35:21 - [TEST_STEP][PASSED] - if (i == 4 &amp;&amp; wildList.indexOf(symbol) != -1): null

2019-08-15 16:35:21 - [TEST_STEP][PASSED] - symbols = symbols: null

2019-08-15 16:35:21 - [TEST_STEP][PASSED] - for ([j = 0, j &lt; symbols.size(), (j++)]): null

2019-08-15 16:35:21 - [TEST_STEP][PASSED] - symbol = symbol: null

2019-08-15 16:35:21 - [TEST_STEP][PASSED] - println(symbol): null

2019-08-15 16:35:21 - [TEST_STEP][PASSED] - if (i == 2 &amp;&amp; wildList.indexOf(symbol) != -1): null

2019-08-15 16:35:21 - [TEST_STEP][PASSED] - if (i == 3 &amp;&amp; wildList.indexOf(symbol) != -1): null

2019-08-15 16:35:21 - [TEST_STEP][PASSED] - if (i == 4 &amp;&amp; wildList.indexOf(symbol) != -1): null

2019-08-15 16:35:21 - [TEST_STEP][PASSED] - symbol = symbol: null

2019-08-15 16:35:21 - [TEST_STEP][PASSED] - println(symbol): null

2019-08-15 16:35:21 - [TEST_STEP][PASSED] - if (i == 2 &amp;&amp; wildList.indexOf(symbol) != -1): null

2019-08-15 16:35:21 - [TEST_STEP][PASSED] - if (i == 3 &amp;&amp; wildList.indexOf(symbol) != -1): null

2019-08-15 16:35:21 - [TEST_STEP][PASSED] - if (i == 4 &amp;&amp; wildList.indexOf(symbol) != -1): null

2019-08-15 16:35:21 - [TEST_STEP][PASSED] - symbol = symbol: null

2019-08-15 16:35:21 - [TEST_STEP][PASSED] - println(symbol): null

2019-08-15 16:35:21 - [TEST_STEP][PASSED] - if (i == 2 &amp;&amp; wildList.indexOf(symbol) != -1): null

2019-08-15 16:35:21 - [TEST_STEP][PASSED] - if (i == 3 &amp;&amp; wildList.indexOf(symbol) != -1): null

2019-08-15 16:35:21 - [TEST_STEP][PASSED] - if (i == 4 &amp;&amp; wildList.indexOf(symbol) != -1): null

2019-08-15 16:35:21 - [TEST_STEP][PASSED] - symbols = symbols: null

2019-08-15 16:35:21 - [TEST_STEP][PASSED] - for ([j = 0, j &lt; symbols.size(), (j++)]): null

2019-08-15 16:35:21 - [TEST_STEP][PASSED] - symbol = symbol: null

2019-08-15 16:35:21 - [TEST_STEP][PASSED] - println(symbol): null

2019-08-15 16:35:21 - [TEST_STEP][PASSED] - if (i == 2 &amp;&amp; wildList.indexOf(symbol) != -1): null

2019-08-15 16:35:21 - [TEST_STEP][PASSED] - if (i == 3 &amp;&amp; wildList.indexOf(symbol) != -1): null

2019-08-15 16:35:21 - [TEST_STEP][PASSED] - if (i == 4 &amp;&amp; wildList.indexOf(symbol) != -1): null

2019-08-15 16:35:21 - [TEST_STEP][PASSED] - symbol = symbol: null

2019-08-15 16:35:21 - [TEST_STEP][PASSED] - println(symbol): null

2019-08-15 16:35:21 - [TEST_STEP][PASSED] - if (i == 2 &amp;&amp; wildList.indexOf(symbol) != -1): null

2019-08-15 16:35:21 - [TEST_STEP][PASSED] - if (i == 3 &amp;&amp; wildList.indexOf(symbol) != -1): null

2019-08-15 16:35:21 - [TEST_STEP][PASSED] - if (i == 4 &amp;&amp; wildList.indexOf(symbol) != -1): null

2019-08-15 16:35:21 - [TEST_STEP][PASSED] - symbol = symbol: null

2019-08-15 16:35:21 - [TEST_STEP][PASSED] - println(symbol): null

2019-08-15 16:35:21 - [TEST_STEP][PASSED] - if (i == 2 &amp;&amp; wildList.indexOf(symbol) != -1): null

2019-08-15 16:35:21 - [TEST_STEP][PASSED] - if (i == 3 &amp;&amp; wildList.indexOf(symbol) != -1): null

2019-08-15 16:35:21 - [TEST_STEP][PASSED] - if (i == 4 &amp;&amp; wildList.indexOf(symbol) != -1): null

2019-08-15 16:35:21 - [TEST_STEP][PASSED] - symbols = symbols: null

2019-08-15 16:35:21 - [TEST_STEP][PASSED] - for ([j = 0, j &lt; symbols.size(), (j++)]): null

2019-08-15 16:35:21 - [TEST_STEP][PASSED] - symbol = symbol: null

2019-08-15 16:35:21 - [TEST_STEP][PASSED] - println(symbol): null

2019-08-15 16:35:21 - [TEST_STEP][PASSED] - if (i == 2 &amp;&amp; wildList.indexOf(symbol) != -1): null

2019-08-15 16:35:21 - [TEST_STEP][PASSED] - if (i == 3 &amp;&amp; wildList.indexOf(symbol) != -1): null

2019-08-15 16:35:21 - [TEST_STEP][PASSED] - if (i == 4 &amp;&amp; wildList.indexOf(symbol) != -1): null

2019-08-15 16:35:21 - [TEST_STEP][PASSED] - symbol = symbol: null

2019-08-15 16:35:21 - [TEST_STEP][PASSED] - println(symbol): null

2019-08-15 16:35:21 - [TEST_STEP][PASSED] - if (i == 2 &amp;&amp; wildList.indexOf(symbol) != -1): null

2019-08-15 16:35:21 - [TEST_STEP][PASSED] - if (i == 3 &amp;&amp; wildList.indexOf(symbol) != -1): null

2019-08-15 16:35:21 - [TEST_STEP][PASSED] - if (i == 4 &amp;&amp; wildList.indexOf(symbol) != -1): null

2019-08-15 16:35:21 - [TEST_STEP][PASSED] - symbol = symbol: null

2019-08-15 16:35:21 - [TEST_STEP][PASSED] - println(symbol): null

2019-08-15 16:35:21 - [TEST_STEP][PASSED] - if (i == 2 &amp;&amp; wildList.indexOf(symbol) != -1): null

2019-08-15 16:35:21 - [TEST_STEP][PASSED] - if (i == 3 &amp;&amp; wildList.indexOf(symbol) != -1): null

2019-08-15 16:35:21 - [TEST_STEP][PASSED] - if (i == 4 &amp;&amp; wildList.indexOf(symbol) != -1): null

2019-08-15 16:35:21 - [TEST_STEP][PASSED] - symbols = symbols: null

2019-08-15 16:35:21 - [TEST_STEP][PASSED] - for ([j = 0, j &lt; symbols.size(), (j++)]): null

2019-08-15 16:35:21 - [TEST_STEP][PASSED] - symbol = symbol: null

2019-08-15 16:35:21 - [TEST_STEP][PASSED] - println(symbol): null

2019-08-15 16:35:21 - [TEST_STEP][PASSED] - if (i == 2 &amp;&amp; wildList.indexOf(symbol) != -1): null

2019-08-15 16:35:21 - [TEST_STEP][PASSED] - if (i == 3 &amp;&amp; wildList.indexOf(symbol) != -1): null

2019-08-15 16:35:26 - [TEST_STEP][PASSED] - if (i == 4 &amp;&amp; wildList.indexOf(symbol) != -1): null

2019-08-15 16:35:26 - [TEST_STEP][PASSED] - symbol = symbol: null

2019-08-15 16:35:26 - [TEST_STEP][PASSED] - println(symbol): null

2019-08-15 16:35:26 - [TEST_STEP][PASSED] - if (i == 2 &amp;&amp; wildList.indexOf(symbol) != -1): null

2019-08-15 16:35:26 - [TEST_STEP][PASSED] - if (i == 3 &amp;&amp; wildList.indexOf(symbol) != -1): null

2019-08-15 16:35:26 - [TEST_STEP][PASSED] - if (i == 4 &amp;&amp; wildList.indexOf(symbol) != -1): null

2019-08-15 16:35:26 - [TEST_STEP][PASSED] - symbol = symbol: null

2019-08-15 16:35:26 - [TEST_STEP][PASSED] - println(symbol): null

2019-08-15 16:35:26 - [TEST_STEP][PASSED] - if (i == 2 &amp;&amp; wildList.indexOf(symbol) != -1): null

2019-08-15 16:35:26 - [TEST_STEP][PASSED] - if (i == 3 &amp;&amp; wildList.indexOf(symbol) != -1): null

2019-08-15 16:35:30 - [TEST_STEP][PASSED] - if (i == 4 &amp;&amp; wildList.indexOf(symbol) != -1): null

2019-08-15 16:35:30 - [TEST_STEP][PASSED] - free_spin_reel_counter = free_spin_reel_counter: null

2019-08-15 16:35:30 - [TEST_STEP][PASSED] - println("reel 3 wild found: " + free_spin_reel_counter[0]): null

2019-08-15 16:35:30 - [TEST_STEP][PASSED] - println("reel 4 wild found: " + free_spin_reel_counter[1]): null

2019-08-15 16:35:30 - [TEST_STEP][PASSED] - println("reel 5 wild found: " + free_spin_reel_counter[2]): null

2019-08-15 16:35:30 - [TEST_STEP][PASSED] - M4_spin_reels = M4_spin_reels: null

2019-08-15 16:35:30 - [TEST_STEP][PASSED] - M4_spin_reels_symbols = symbol: null

2019-08-15 16:35:30 - [TEST_STEP][PASSED] - M4_spin_reels_symbols = M4_spin_reels_symbols: null

2019-08-15 16:35:30 - [TEST_STEP][PASSED] - M4_spin_reel_wins = reel_wins: null

2019-08-15 16:35:30 - [TEST_STEP][PASSED] - M4_spin_reel_wins = M4_spin_reel_wins: null

2019-08-15 16:35:30 - [TEST_STEP][PASSED] - println("GlobalVariable.M4_spin_reel_wins is: " + M4_spin_reel_wins): null

2019-08-15 16:35:30 - [TEST_STEP][PASSED] - M4_spin_total_bonus_win_this_round = total_bonus_win_this_round: null

2019-08-15 16:35:30 - [TEST_STEP][PASSED] - M4_spin_total_bonus_win_this_round = M4_spin_total_bonus_win_this_round: null

2019-08-15 16:35:30 - [TEST_STEP][PASSED] - println("GlobalVariable.M4_spin_total_bonus_win_this_round is: " + M4_spin_total_bonus_win_this_round): null

2019-08-15 16:35:30 - [MESSAGE][PASSED] - Verify response successfully

2019-08-15 16:35:30 - [MESSAGE][PASSED] - Send request and verify the response successfully

2019-08-15 16:35:30 - [TEST_STEP][PASSED] - if (M4_total_bonus_spins_int != 0 &amp;&amp; M4_spin_reels_symbols[2].contains("WILD_Normal") || M4_spin_reels_symbols[3].contains("WILD_Normal") || M4_spin_reels_symbols[4].contains("WILD_Normal")): null

2019-08-15 16:35:30 - [TEST_STEP][PASSED] - free_spin_reel_counter = free_spin_reel_counter: null

2019-08-15 16:35:30 - [TEST_STEP][PASSED] - M4_spin_reels_symbols = M4_spin_reels_symbols: null

2019-08-15 16:35:30 - [TEST_STEP][PASSED] - M4_total_bonus_spins = M4_total_bonus_spins: null

2019-08-15 16:35:30 - [TEST_STEP][PASSED] - spin_result = sendRequestAndVerify(findTestObject("STG/RGS(M4)/1_M4_spin", ["M4_login_user_id":M4_login_user_id, "rgs_session_token":rgs_session_token, "partner":Partner])): Send request and verify the response successfully

2019-08-15 16:35:31 - [TEST_CASE][PASSED] - Start Test Case : Verification: Verification accomplished successfully

2019-08-15 16:35:31 - [TEST_STEP][PASSED] - request = getInstance().getCurrentRequest(): null

2019-08-15 16:35:31 - [TEST_STEP][PASSED] - response = getInstance().getCurrentResponse(): null

2019-08-15 16:35:31 - [TEST_STEP][PASSED] - verifyResponseStatusCode(response, 200): Verify response status code successfully

2019-08-15 16:35:31 - [MESSAGE][PASSED] - Verify response status code successfully

2019-08-15 16:35:31 - [TEST_STEP][PASSED] - getStatusCode()).isEqualTo(200): null

2019-08-15 16:35:31 - [TEST_STEP][PASSED] - newline = System.getProperty("line.separator"): null

2019-08-15 16:35:31 - [TEST_STEP][PASSED] - M4_spin = new groovy.json.JsonSlurper(): null

2019-08-15 16:35:31 - [TEST_STEP][PASSED] - result_M4_spin = M4_spin.parseText(response.getResponseBodyContent()): null

2019-08-15 16:35:31 - [TEST_STEP][PASSED] - M4_spin_current_balance = current_balance: null

2019-08-15 16:35:31 - [TEST_STEP][PASSED] - M4_spin_current_balance = M4_spin_current_balance: null

2019-08-15 16:35:31 - [TEST_STEP][PASSED] - M4_spin_transaction_id = causality: null

2019-08-15 16:35:31 - [TEST_STEP][PASSED] - M4_spin_transaction_id = M4_spin_transaction_id: null

2019-08-15 16:35:31 - [TEST_STEP][PASSED] - M4_spin_round_id = round_id: null

2019-08-15 16:35:31 - [TEST_STEP][PASSED] - M4_spin_round_id = M4_spin_round_id: null

2019-08-15 16:35:31 - [TEST_STEP][PASSED] - M4_spin_line_wins = line_wins: null

2019-08-15 16:35:31 - [TEST_STEP][PASSED] - M4_spin_line_wins = M4_spin_line_wins: null

2019-08-15 16:35:31 - [TEST_STEP][PASSED] - M4_total_bonus_spins_int = total_bonus_spins: null

2019-08-15 16:35:31 - [TEST_STEP][PASSED] - println("******M4_total_bonus_spins type is:*******" + newline + getClass().getName()): null

2019-08-15 16:35:31 - [TEST_STEP][PASSED] - M4_total_bonus_spins_int = M4_total_bonus_spins_int: null

2019-08-15 16:35:31 - [TEST_STEP][PASSED] - M4_total_bonus_spins = Integer.toString(M4_total_bonus_spins_int): null

2019-08-15 16:35:31 - [TEST_STEP][PASSED] - M4_total_bonus_spins = M4_total_bonus_spins: null

2019-08-15 16:35:31 - [TEST_STEP][PASSED] - println("M4_total_bonus_spins is:" + M4_total_bonus_spins): null

2019-08-15 16:35:31 - [TEST_STEP][PASSED] - M4_spin_bonus_data = bonus_data: null

2019-08-15 16:35:31 - [TEST_STEP][PASSED] - M4_spin_features_triggered = result_M4_spin: null

2019-08-15 16:35:31 - [TEST_STEP][PASSED] - wild = []: null

2019-08-15 16:35:31 - [TEST_STEP][PASSED] - wild[0] = "WILD_Expanding": null

2019-08-15 16:35:31 - [TEST_STEP][PASSED] - wild[1] = "WILD_Normal": null

2019-08-15 16:35:31 - [TEST_STEP][PASSED] - wild[2] = "WILD_Double": null

2019-08-15 16:35:31 - [TEST_STEP][PASSED] - wild[3] = "WILD_ExtraFG": null

2019-08-15 16:35:31 - [TEST_STEP][PASSED] - wild[4] = "WILD_Triple": null

2019-08-15 16:35:31 - [TEST_STEP][PASSED] - wildList = Arrays.asList(wild): null

2019-08-15 16:35:31 - [TEST_STEP][PASSED] - wildList = wildList: null

2019-08-15 16:35:31 - [TEST_STEP][PASSED] - free_spin_reel_counter = []: null

2019-08-15 16:35:31 - [TEST_STEP][PASSED] - free_spin_reel_counter[0] = 0: null

2019-08-15 16:35:31 - [TEST_STEP][PASSED] - free_spin_reel_counter[1] = 0: null

2019-08-15 16:35:31 - [TEST_STEP][PASSED] - free_spin_reel_counter[2] = 0: null

2019-08-15 16:35:31 - [TEST_STEP][PASSED] - M4_spin_reels = reels: null

2019-08-15 16:35:31 - [TEST_STEP][PASSED] - for ([i = 0, i &lt; M4_spin_reels.size(), (i++)]): null

2019-08-15 16:35:31 - [TEST_STEP][PASSED] - symbols = symbols: null

2019-08-15 16:35:31 - [TEST_STEP][PASSED] - for ([j = 0, j &lt; symbols.size(), (j++)]): null

2019-08-15 16:35:31 - [TEST_STEP][PASSED] - symbol = symbol: null

2019-08-15 16:35:31 - [TEST_STEP][PASSED] - println(symbol): null

2019-08-15 16:35:31 - [TEST_STEP][PASSED] - if (i == 2 &amp;&amp; wildList.indexOf(symbol) != -1): null

2019-08-15 16:35:31 - [TEST_STEP][PASSED] - if (i == 3 &amp;&amp; wildList.indexOf(symbol) != -1): null

2019-08-15 16:35:31 - [TEST_STEP][PASSED] - if (i == 4 &amp;&amp; wildList.indexOf(symbol) != -1): null

2019-08-15 16:35:31 - [TEST_STEP][PASSED] - symbol = symbol: null

2019-08-15 16:35:31 - [TEST_STEP][PASSED] - println(symbol): null

2019-08-15 16:35:31 - [TEST_STEP][PASSED] - if (i == 2 &amp;&amp; wildList.indexOf(symbol) != -1): null

2019-08-15 16:35:31 - [TEST_STEP][PASSED] - if (i == 3 &amp;&amp; wildList.indexOf(symbol) != -1): null

2019-08-15 16:35:31 - [TEST_STEP][PASSED] - if (i == 4 &amp;&amp; wildList.indexOf(symbol) != -1): null

2019-08-15 16:35:31 - [TEST_STEP][PASSED] - symbol = symbol: null

2019-08-15 16:35:31 - [TEST_STEP][PASSED] - println(symbol): null

2019-08-15 16:35:31 - [TEST_STEP][PASSED] - if (i == 2 &amp;&amp; wildList.indexOf(symbol) != -1): null

2019-08-15 16:35:31 - [TEST_STEP][PASSED] - if (i == 3 &amp;&amp; wildList.indexOf(symbol) != -1): null

2019-08-15 16:35:31 - [TEST_STEP][PASSED] - if (i == 4 &amp;&amp; wildList.indexOf(symbol) != -1): null

2019-08-15 16:35:31 - [TEST_STEP][PASSED] - symbols = symbols: null

2019-08-15 16:35:31 - [TEST_STEP][PASSED] - for ([j = 0, j &lt; symbols.size(), (j++)]): null

2019-08-15 16:35:31 - [TEST_STEP][PASSED] - symbol = symbol: null

2019-08-15 16:35:31 - [TEST_STEP][PASSED] - println(symbol): null

2019-08-15 16:35:31 - [TEST_STEP][PASSED] - if (i == 2 &amp;&amp; wildList.indexOf(symbol) != -1): null

2019-08-15 16:35:31 - [TEST_STEP][PASSED] - if (i == 3 &amp;&amp; wildList.indexOf(symbol) != -1): null

2019-08-15 16:35:31 - [TEST_STEP][PASSED] - if (i == 4 &amp;&amp; wildList.indexOf(symbol) != -1): null

2019-08-15 16:35:31 - [TEST_STEP][PASSED] - symbol = symbol: null

2019-08-15 16:35:31 - [TEST_STEP][PASSED] - println(symbol): null

2019-08-15 16:35:31 - [TEST_STEP][PASSED] - if (i == 2 &amp;&amp; wildList.indexOf(symbol) != -1): null

2019-08-15 16:35:31 - [TEST_STEP][PASSED] - if (i == 3 &amp;&amp; wildList.indexOf(symbol) != -1): null

2019-08-15 16:35:31 - [TEST_STEP][PASSED] - if (i == 4 &amp;&amp; wildList.indexOf(symbol) != -1): null

2019-08-15 16:35:31 - [TEST_STEP][PASSED] - symbol = symbol: null

2019-08-15 16:35:31 - [TEST_STEP][PASSED] - println(symbol): null

2019-08-15 16:35:31 - [TEST_STEP][PASSED] - if (i == 2 &amp;&amp; wildList.indexOf(symbol) != -1): null

2019-08-15 16:35:31 - [TEST_STEP][PASSED] - if (i == 3 &amp;&amp; wildList.indexOf(symbol) != -1): null

2019-08-15 16:35:31 - [TEST_STEP][PASSED] - if (i == 4 &amp;&amp; wildList.indexOf(symbol) != -1): null

2019-08-15 16:35:31 - [TEST_STEP][PASSED] - symbols = symbols: null

2019-08-15 16:35:31 - [TEST_STEP][PASSED] - for ([j = 0, j &lt; symbols.size(), (j++)]): null

2019-08-15 16:35:31 - [TEST_STEP][PASSED] - symbol = symbol: null

2019-08-15 16:35:31 - [TEST_STEP][PASSED] - println(symbol): null

2019-08-15 16:35:31 - [TEST_STEP][PASSED] - if (i == 2 &amp;&amp; wildList.indexOf(symbol) != -1): null

2019-08-15 16:35:31 - [TEST_STEP][PASSED] - println("wild found on reel 3, adding counter by 1"): null

2019-08-15 16:35:31 - [TEST_STEP][PASSED] - free_spin_reel_counter[0] = free_spin_reel_counter[0] + 1: null

2019-08-15 16:35:31 - [TEST_STEP][PASSED] - if (i == 3 &amp;&amp; wildList.indexOf(symbol) != -1): null

2019-08-15 16:35:31 - [TEST_STEP][PASSED] - if (i == 4 &amp;&amp; wildList.indexOf(symbol) != -1): null

2019-08-15 16:35:31 - [TEST_STEP][PASSED] - symbol = symbol: null

2019-08-15 16:35:31 - [TEST_STEP][PASSED] - println(symbol): null

2019-08-15 16:35:31 - [TEST_STEP][PASSED] - if (i == 2 &amp;&amp; wildList.indexOf(symbol) != -1): null

2019-08-15 16:35:31 - [TEST_STEP][PASSED] - if (i == 3 &amp;&amp; wildList.indexOf(symbol) != -1): null

2019-08-15 16:35:31 - [TEST_STEP][PASSED] - if (i == 4 &amp;&amp; wildList.indexOf(symbol) != -1): null

2019-08-15 16:35:31 - [TEST_STEP][PASSED] - symbol = symbol: null

2019-08-15 16:35:31 - [TEST_STEP][PASSED] - println(symbol): null

2019-08-15 16:35:31 - [TEST_STEP][PASSED] - if (i == 2 &amp;&amp; wildList.indexOf(symbol) != -1): null

2019-08-15 16:35:31 - [TEST_STEP][PASSED] - if (i == 3 &amp;&amp; wildList.indexOf(symbol) != -1): null

2019-08-15 16:35:31 - [TEST_STEP][PASSED] - if (i == 4 &amp;&amp; wildList.indexOf(symbol) != -1): null

2019-08-15 16:35:31 - [TEST_STEP][PASSED] - symbols = symbols: null

2019-08-15 16:35:31 - [TEST_STEP][PASSED] - for ([j = 0, j &lt; symbols.size(), (j++)]): null

2019-08-15 16:35:31 - [TEST_STEP][PASSED] - symbol = symbol: null

2019-08-15 16:35:31 - [TEST_STEP][PASSED] - println(symbol): null

2019-08-15 16:35:31 - [TEST_STEP][PASSED] - if (i == 2 &amp;&amp; wildList.indexOf(symbol) != -1): null

2019-08-15 16:35:31 - [TEST_STEP][PASSED] - if (i == 3 &amp;&amp; wildList.indexOf(symbol) != -1): null

2019-08-15 16:35:31 - [TEST_STEP][PASSED] - if (i == 4 &amp;&amp; wildList.indexOf(symbol) != -1): null

2019-08-15 16:35:31 - [TEST_STEP][PASSED] - symbol = symbol: null

2019-08-15 16:35:31 - [TEST_STEP][PASSED] - println(symbol): null

2019-08-15 16:35:31 - [TEST_STEP][PASSED] - if (i == 2 &amp;&amp; wildList.indexOf(symbol) != -1): null

2019-08-15 16:35:31 - [TEST_STEP][PASSED] - if (i == 3 &amp;&amp; wildList.indexOf(symbol) != -1): null

2019-08-15 16:35:31 - [TEST_STEP][PASSED] - if (i == 4 &amp;&amp; wildList.indexOf(symbol) != -1): null

2019-08-15 16:35:31 - [TEST_STEP][PASSED] - symbol = symbol: null

2019-08-15 16:35:31 - [TEST_STEP][PASSED] - println(symbol): null

2019-08-15 16:35:31 - [TEST_STEP][PASSED] - if (i == 2 &amp;&amp; wildList.indexOf(symbol) != -1): null

2019-08-15 16:35:31 - [TEST_STEP][PASSED] - if (i == 3 &amp;&amp; wildList.indexOf(symbol) != -1): null

2019-08-15 16:35:31 - [TEST_STEP][PASSED] - if (i == 4 &amp;&amp; wildList.indexOf(symbol) != -1): null

2019-08-15 16:35:31 - [TEST_STEP][PASSED] - symbols = symbols: null

2019-08-15 16:35:31 - [TEST_STEP][PASSED] - for ([j = 0, j &lt; symbols.size(), (j++)]): null

2019-08-15 16:35:31 - [TEST_STEP][PASSED] - symbol = symbol: null

2019-08-15 16:35:31 - [TEST_STEP][PASSED] - println(symbol): null

2019-08-15 16:35:31 - [TEST_STEP][PASSED] - if (i == 2 &amp;&amp; wildList.indexOf(symbol) != -1): null

2019-08-15 16:35:31 - [TEST_STEP][PASSED] - if (i == 3 &amp;&amp; wildList.indexOf(symbol) != -1): null

2019-08-15 16:35:31 - [TEST_STEP][PASSED] - if (i == 4 &amp;&amp; wildList.indexOf(symbol) != -1): null

2019-08-15 16:35:31 - [TEST_STEP][PASSED] - symbol = symbol: null

2019-08-15 16:35:31 - [TEST_STEP][PASSED] - println(symbol): null

2019-08-15 16:35:31 - [TEST_STEP][PASSED] - if (i == 2 &amp;&amp; wildList.indexOf(symbol) != -1): null

2019-08-15 16:35:31 - [TEST_STEP][PASSED] - if (i == 3 &amp;&amp; wildList.indexOf(symbol) != -1): null

2019-08-15 16:35:31 - [TEST_STEP][PASSED] - if (i == 4 &amp;&amp; wildList.indexOf(symbol) != -1): null

2019-08-15 16:35:31 - [TEST_STEP][PASSED] - symbol = symbol: null

2019-08-15 16:35:31 - [TEST_STEP][PASSED] - println(symbol): null

2019-08-15 16:35:31 - [TEST_STEP][PASSED] - if (i == 2 &amp;&amp; wildList.indexOf(symbol) != -1): null

2019-08-15 16:35:31 - [TEST_STEP][PASSED] - if (i == 3 &amp;&amp; wildList.indexOf(symbol) != -1): null

2019-08-15 16:35:31 - [TEST_STEP][PASSED] - if (i == 4 &amp;&amp; wildList.indexOf(symbol) != -1): null

2019-08-15 16:35:31 - [TEST_STEP][PASSED] - free_spin_reel_counter = free_spin_reel_counter: null

2019-08-15 16:35:31 - [TEST_STEP][PASSED] - println("reel 3 wild found: " + free_spin_reel_counter[0]): null

2019-08-15 16:35:31 - [TEST_STEP][PASSED] - println("reel 4 wild found: " + free_spin_reel_counter[1]): null

2019-08-15 16:35:31 - [TEST_STEP][PASSED] - println("reel 5 wild found: " + free_spin_reel_counter[2]): null

2019-08-15 16:35:31 - [TEST_STEP][PASSED] - M4_spin_reels = M4_spin_reels: null

2019-08-15 16:35:31 - [TEST_STEP][PASSED] - M4_spin_reels_symbols = symbol: null

2019-08-15 16:35:31 - [TEST_STEP][PASSED] - M4_spin_reels_symbols = M4_spin_reels_symbols: null

2019-08-15 16:35:31 - [TEST_STEP][PASSED] - M4_spin_reel_wins = reel_wins: null

2019-08-15 16:35:31 - [TEST_STEP][PASSED] - M4_spin_reel_wins = M4_spin_reel_wins: null

2019-08-15 16:35:31 - [TEST_STEP][PASSED] - println("GlobalVariable.M4_spin_reel_wins is: " + M4_spin_reel_wins): null

2019-08-15 16:35:31 - [TEST_STEP][PASSED] - M4_spin_total_bonus_win_this_round = total_bonus_win_this_round: null

2019-08-15 16:35:31 - [TEST_STEP][PASSED] - M4_spin_total_bonus_win_this_round = M4_spin_total_bonus_win_this_round: null

2019-08-15 16:35:31 - [TEST_STEP][PASSED] - println("GlobalVariable.M4_spin_total_bonus_win_this_round is: " + M4_spin_total_bonus_win_this_round): null

2019-08-15 16:35:31 - [MESSAGE][PASSED] - Verify response successfully

2019-08-15 16:35:31 - [MESSAGE][PASSED] - Send request and verify the response successfully

2019-08-15 16:35:31 - [TEST_STEP][PASSED] - if (M4_total_bonus_spins_int != 0 &amp;&amp; M4_spin_reels_symbols[2].contains("WILD_Normal") || M4_spin_reels_symbols[3].contains("WILD_Normal") || M4_spin_reels_symbols[4].contains("WILD_Normal")): null

2019-08-15 16:35:31 - [TEST_STEP][PASSED] - free_spin_reel_counter = free_spin_reel_counter: null

2019-08-15 16:35:31 - [TEST_STEP][PASSED] - M4_spin_reels_symbols = M4_spin_reels_symbols: null

2019-08-15 16:35:31 - [TEST_STEP][PASSED] - M4_total_bonus_spins = M4_total_bonus_spins: null

2019-08-15 16:35:31 - [TEST_STEP][PASSED] - spin_result = sendRequestAndVerify(findTestObject("STG/RGS(M4)/1_M4_spin", ["M4_login_user_id":M4_login_user_id, "rgs_session_token":rgs_session_token, "partner":Partner])): Send request and verify the response successfully

2019-08-15 16:35:31 - [TEST_CASE][PASSED] - Start Test Case : Verification: Verification accomplished successfully

2019-08-15 16:35:31 - [TEST_STEP][PASSED] - request = getInstance().getCurrentRequest(): null

2019-08-15 16:35:31 - [TEST_STEP][PASSED] - response = getInstance().getCurrentResponse(): null

2019-08-15 16:35:31 - [TEST_STEP][PASSED] - verifyResponseStatusCode(response, 200): Verify response status code successfully

2019-08-15 16:35:31 - [MESSAGE][PASSED] - Verify response status code successfully

2019-08-15 16:35:31 - [TEST_STEP][PASSED] - getStatusCode()).isEqualTo(200): null

2019-08-15 16:35:31 - [TEST_STEP][PASSED] - newline = System.getProperty("line.separator"): null

2019-08-15 16:35:31 - [TEST_STEP][PASSED] - M4_spin = new groovy.json.JsonSlurper(): null

2019-08-15 16:35:31 - [TEST_STEP][PASSED] - result_M4_spin = M4_spin.parseText(response.getResponseBodyContent()): null

2019-08-15 16:35:31 - [TEST_STEP][PASSED] - M4_spin_current_balance = current_balance: null

2019-08-15 16:35:31 - [TEST_STEP][PASSED] - M4_spin_current_balance = M4_spin_current_balance: null

2019-08-15 16:35:31 - [TEST_STEP][PASSED] - M4_spin_transaction_id = causality: null

2019-08-15 16:35:31 - [TEST_STEP][PASSED] - M4_spin_transaction_id = M4_spin_transaction_id: null

2019-08-15 16:35:31 - [TEST_STEP][PASSED] - M4_spin_round_id = round_id: null

2019-08-15 16:35:31 - [TEST_STEP][PASSED] - M4_spin_round_id = M4_spin_round_id: null

2019-08-15 16:35:31 - [TEST_STEP][PASSED] - M4_spin_line_wins = line_wins: null

2019-08-15 16:35:31 - [TEST_STEP][PASSED] - M4_spin_line_wins = M4_spin_line_wins: null

2019-08-15 16:35:31 - [TEST_STEP][PASSED] - M4_total_bonus_spins_int = total_bonus_spins: null

2019-08-15 16:35:31 - [TEST_STEP][PASSED] - println("******M4_total_bonus_spins type is:*******" + newline + getClass().getName()): null

2019-08-15 16:35:31 - [TEST_STEP][PASSED] - M4_total_bonus_spins_int = M4_total_bonus_spins_int: null

2019-08-15 16:35:31 - [TEST_STEP][PASSED] - M4_total_bonus_spins = Integer.toString(M4_total_bonus_spins_int): null

2019-08-15 16:35:31 - [TEST_STEP][PASSED] - M4_total_bonus_spins = M4_total_bonus_spins: null

2019-08-15 16:35:31 - [TEST_STEP][PASSED] - println("M4_total_bonus_spins is:" + M4_total_bonus_spins): null

2019-08-15 16:35:31 - [TEST_STEP][PASSED] - M4_spin_bonus_data = bonus_data: null

2019-08-15 16:35:31 - [TEST_STEP][PASSED] - M4_spin_features_triggered = result_M4_spin: null

2019-08-15 16:35:31 - [TEST_STEP][PASSED] - wild = []: null

2019-08-15 16:35:31 - [TEST_STEP][PASSED] - wild[0] = "WILD_Expanding": null

2019-08-15 16:35:31 - [TEST_STEP][PASSED] - wild[1] = "WILD_Normal": null

2019-08-15 16:35:31 - [TEST_STEP][PASSED] - wild[2] = "WILD_Double": null

2019-08-15 16:35:31 - [TEST_STEP][PASSED] - wild[3] = "WILD_ExtraFG": null

2019-08-15 16:35:31 - [TEST_STEP][PASSED] - wild[4] = "WILD_Triple": null

2019-08-15 16:35:31 - [TEST_STEP][PASSED] - wildList = Arrays.asList(wild): null

2019-08-15 16:35:31 - [TEST_STEP][PASSED] - wildList = wildList: null

2019-08-15 16:35:31 - [TEST_STEP][PASSED] - free_spin_reel_counter = []: null

2019-08-15 16:35:31 - [TEST_STEP][PASSED] - free_spin_reel_counter[0] = 0: null

2019-08-15 16:35:31 - [TEST_STEP][PASSED] - free_spin_reel_counter[1] = 0: null

2019-08-15 16:35:31 - [TEST_STEP][PASSED] - free_spin_reel_counter[2] = 0: null

2019-08-15 16:35:31 - [TEST_STEP][PASSED] - M4_spin_reels = reels: null

2019-08-15 16:35:31 - [TEST_STEP][PASSED] - for ([i = 0, i &lt; M4_spin_reels.size(), (i++)]): null

2019-08-15 16:35:31 - [TEST_STEP][PASSED] - symbols = symbols: null

2019-08-15 16:35:31 - [TEST_STEP][PASSED] - for ([j = 0, j &lt; symbols.size(), (j++)]): null

2019-08-15 16:35:31 - [TEST_STEP][PASSED] - symbol = symbol: null

2019-08-15 16:35:31 - [TEST_STEP][PASSED] - println(symbol): null

2019-08-15 16:35:31 - [TEST_STEP][PASSED] - if (i == 2 &amp;&amp; wildList.indexOf(symbol) != -1): null

2019-08-15 16:35:31 - [TEST_STEP][PASSED] - if (i == 3 &amp;&amp; wildList.indexOf(symbol) != -1): null

2019-08-15 16:35:31 - [TEST_STEP][PASSED] - if (i == 4 &amp;&amp; wildList.indexOf(symbol) != -1): null

2019-08-15 16:35:31 - [TEST_STEP][PASSED] - symbol = symbol: null

2019-08-15 16:35:31 - [TEST_STEP][PASSED] - println(symbol): null

2019-08-15 16:35:31 - [TEST_STEP][PASSED] - if (i == 2 &amp;&amp; wildList.indexOf(symbol) != -1): null

2019-08-15 16:35:31 - [TEST_STEP][PASSED] - if (i == 3 &amp;&amp; wildList.indexOf(symbol) != -1): null

2019-08-15 16:35:31 - [TEST_STEP][PASSED] - if (i == 4 &amp;&amp; wildList.indexOf(symbol) != -1): null

2019-08-15 16:35:31 - [TEST_STEP][PASSED] - symbol = symbol: null

2019-08-15 16:35:31 - [TEST_STEP][PASSED] - println(symbol): null

2019-08-15 16:35:31 - [TEST_STEP][PASSED] - if (i == 2 &amp;&amp; wildList.indexOf(symbol) != -1): null

2019-08-15 16:35:31 - [TEST_STEP][PASSED] - if (i == 3 &amp;&amp; wildList.indexOf(symbol) != -1): null

2019-08-15 16:35:31 - [TEST_STEP][PASSED] - if (i == 4 &amp;&amp; wildList.indexOf(symbol) != -1): null

2019-08-15 16:35:31 - [TEST_STEP][PASSED] - symbols = symbols: null

2019-08-15 16:35:31 - [TEST_STEP][PASSED] - for ([j = 0, j &lt; symbols.size(), (j++)]): null

2019-08-15 16:35:31 - [TEST_STEP][PASSED] - symbol = symbol: null

2019-08-15 16:35:31 - [TEST_STEP][PASSED] - println(symbol): null

2019-08-15 16:35:31 - [TEST_STEP][PASSED] - if (i == 2 &amp;&amp; wildList.indexOf(symbol) != -1): null

2019-08-15 16:35:31 - [TEST_STEP][PASSED] - if (i == 3 &amp;&amp; wildList.indexOf(symbol) != -1): null

2019-08-15 16:35:31 - [TEST_STEP][PASSED] - if (i == 4 &amp;&amp; wildList.indexOf(symbol) != -1): null

2019-08-15 16:35:31 - [TEST_STEP][PASSED] - symbol = symbol: null

2019-08-15 16:35:31 - [TEST_STEP][PASSED] - println(symbol): null

2019-08-15 16:35:31 - [TEST_STEP][PASSED] - if (i == 2 &amp;&amp; wildList.indexOf(symbol) != -1): null

2019-08-15 16:35:31 - [TEST_STEP][PASSED] - if (i == 3 &amp;&amp; wildList.indexOf(symbol) != -1): null

2019-08-15 16:35:31 - [TEST_STEP][PASSED] - if (i == 4 &amp;&amp; wildList.indexOf(symbol) != -1): null

2019-08-15 16:35:31 - [TEST_STEP][PASSED] - symbol = symbol: null

2019-08-15 16:35:31 - [TEST_STEP][PASSED] - println(symbol): null

2019-08-15 16:35:31 - [TEST_STEP][PASSED] - if (i == 2 &amp;&amp; wildList.indexOf(symbol) != -1): null

2019-08-15 16:35:31 - [TEST_STEP][PASSED] - if (i == 3 &amp;&amp; wildList.indexOf(symbol) != -1): null

2019-08-15 16:35:31 - [TEST_STEP][PASSED] - if (i == 4 &amp;&amp; wildList.indexOf(symbol) != -1): null

2019-08-15 16:35:31 - [TEST_STEP][PASSED] - symbols = symbols: null

2019-08-15 16:35:31 - [TEST_STEP][PASSED] - for ([j = 0, j &lt; symbols.size(), (j++)]): null

2019-08-15 16:35:31 - [TEST_STEP][PASSED] - symbol = symbol: null

2019-08-15 16:35:31 - [TEST_STEP][PASSED] - println(symbol): null

2019-08-15 16:35:31 - [TEST_STEP][PASSED] - if (i == 2 &amp;&amp; wildList.indexOf(symbol) != -1): null

2019-08-15 16:35:31 - [TEST_STEP][PASSED] - if (i == 3 &amp;&amp; wildList.indexOf(symbol) != -1): null

2019-08-15 16:35:31 - [TEST_STEP][PASSED] - if (i == 4 &amp;&amp; wildList.indexOf(symbol) != -1): null

2019-08-15 16:35:31 - [TEST_STEP][PASSED] - symbol = symbol: null

2019-08-15 16:35:31 - [TEST_STEP][PASSED] - println(symbol): null

2019-08-15 16:35:31 - [TEST_STEP][PASSED] - if (i == 2 &amp;&amp; wildList.indexOf(symbol) != -1): null

2019-08-15 16:35:31 - [TEST_STEP][PASSED] - if (i == 3 &amp;&amp; wildList.indexOf(symbol) != -1): null

2019-08-15 16:35:31 - [TEST_STEP][PASSED] - if (i == 4 &amp;&amp; wildList.indexOf(symbol) != -1): null

2019-08-15 16:35:31 - [TEST_STEP][PASSED] - symbol = symbol: null

2019-08-15 16:35:31 - [TEST_STEP][PASSED] - println(symbol): null

2019-08-15 16:35:31 - [TEST_STEP][PASSED] - if (i == 2 &amp;&amp; wildList.indexOf(symbol) != -1): null

2019-08-15 16:35:31 - [TEST_STEP][PASSED] - if (i == 3 &amp;&amp; wildList.indexOf(symbol) != -1): null

2019-08-15 16:35:31 - [TEST_STEP][PASSED] - if (i == 4 &amp;&amp; wildList.indexOf(symbol) != -1): null

2019-08-15 16:35:31 - [TEST_STEP][PASSED] - symbols = symbols: null

2019-08-15 16:35:31 - [TEST_STEP][PASSED] - for ([j = 0, j &lt; symbols.size(), (j++)]): null

2019-08-15 16:35:31 - [TEST_STEP][PASSED] - symbol = symbol: null

2019-08-15 16:35:31 - [TEST_STEP][PASSED] - println(symbol): null

2019-08-15 16:35:31 - [TEST_STEP][PASSED] - if (i == 2 &amp;&amp; wildList.indexOf(symbol) != -1): null

2019-08-15 16:35:31 - [TEST_STEP][PASSED] - if (i == 3 &amp;&amp; wildList.indexOf(symbol) != -1): null

2019-08-15 16:35:31 - [TEST_STEP][PASSED] - if (i == 4 &amp;&amp; wildList.indexOf(symbol) != -1): null

2019-08-15 16:35:31 - [TEST_STEP][PASSED] - symbol = symbol: null

2019-08-15 16:35:31 - [TEST_STEP][PASSED] - println(symbol): null

2019-08-15 16:35:31 - [TEST_STEP][PASSED] - if (i == 2 &amp;&amp; wildList.indexOf(symbol) != -1): null

2019-08-15 16:35:31 - [TEST_STEP][PASSED] - if (i == 3 &amp;&amp; wildList.indexOf(symbol) != -1): null

2019-08-15 16:35:31 - [TEST_STEP][PASSED] - if (i == 4 &amp;&amp; wildList.indexOf(symbol) != -1): null

2019-08-15 16:35:31 - [TEST_STEP][PASSED] - symbol = symbol: null

2019-08-15 16:35:31 - [TEST_STEP][PASSED] - println(symbol): null

2019-08-15 16:35:31 - [TEST_STEP][PASSED] - if (i == 2 &amp;&amp; wildList.indexOf(symbol) != -1): null

2019-08-15 16:35:31 - [TEST_STEP][PASSED] - if (i == 3 &amp;&amp; wildList.indexOf(symbol) != -1): null

2019-08-15 16:35:31 - [TEST_STEP][PASSED] - if (i == 4 &amp;&amp; wildList.indexOf(symbol) != -1): null

2019-08-15 16:35:31 - [TEST_STEP][PASSED] - symbols = symbols: null

2019-08-15 16:35:31 - [TEST_STEP][PASSED] - for ([j = 0, j &lt; symbols.size(), (j++)]): null

2019-08-15 16:35:31 - [TEST_STEP][PASSED] - symbol = symbol: null

2019-08-15 16:35:31 - [TEST_STEP][PASSED] - println(symbol): null

2019-08-15 16:35:31 - [TEST_STEP][PASSED] - if (i == 2 &amp;&amp; wildList.indexOf(symbol) != -1): null

2019-08-15 16:35:31 - [TEST_STEP][PASSED] - if (i == 3 &amp;&amp; wildList.indexOf(symbol) != -1): null

2019-08-15 16:35:31 - [TEST_STEP][PASSED] - if (i == 4 &amp;&amp; wildList.indexOf(symbol) != -1): null

2019-08-15 16:35:31 - [TEST_STEP][PASSED] - symbol = symbol: null

2019-08-15 16:35:31 - [TEST_STEP][PASSED] - println(symbol): null

2019-08-15 16:35:31 - [TEST_STEP][PASSED] - if (i == 2 &amp;&amp; wildList.indexOf(symbol) != -1): null

2019-08-15 16:35:31 - [TEST_STEP][PASSED] - if (i == 3 &amp;&amp; wildList.indexOf(symbol) != -1): null

2019-08-15 16:35:31 - [TEST_STEP][PASSED] - if (i == 4 &amp;&amp; wildList.indexOf(symbol) != -1): null

2019-08-15 16:35:31 - [TEST_STEP][PASSED] - symbol = symbol: null

2019-08-15 16:35:31 - [TEST_STEP][PASSED] - println(symbol): null

2019-08-15 16:35:31 - [TEST_STEP][PASSED] - if (i == 2 &amp;&amp; wildList.indexOf(symbol) != -1): null

2019-08-15 16:35:31 - [TEST_STEP][PASSED] - if (i == 3 &amp;&amp; wildList.indexOf(symbol) != -1): null

2019-08-15 16:35:31 - [TEST_STEP][PASSED] - if (i == 4 &amp;&amp; wildList.indexOf(symbol) != -1): null

2019-08-15 16:35:31 - [TEST_STEP][PASSED] - free_spin_reel_counter = free_spin_reel_counter: null

2019-08-15 16:35:31 - [TEST_STEP][PASSED] - println("reel 3 wild found: " + free_spin_reel_counter[0]): null

2019-08-15 16:35:31 - [TEST_STEP][PASSED] - println("reel 4 wild found: " + free_spin_reel_counter[1]): null

2019-08-15 16:35:31 - [TEST_STEP][PASSED] - println("reel 5 wild found: " + free_spin_reel_counter[2]): null

2019-08-15 16:35:31 - [TEST_STEP][PASSED] - M4_spin_reels = M4_spin_reels: null

2019-08-15 16:35:31 - [TEST_STEP][PASSED] - M4_spin_reels_symbols = symbol: null

2019-08-15 16:35:31 - [TEST_STEP][PASSED] - M4_spin_reels_symbols = M4_spin_reels_symbols: null

2019-08-15 16:35:31 - [TEST_STEP][PASSED] - M4_spin_reel_wins = reel_wins: null

2019-08-15 16:35:31 - [TEST_STEP][PASSED] - M4_spin_reel_wins = M4_spin_reel_wins: null

2019-08-15 16:35:31 - [TEST_STEP][PASSED] - println("GlobalVariable.M4_spin_reel_wins is: " + M4_spin_reel_wins): null

2019-08-15 16:35:31 - [TEST_STEP][PASSED] - M4_spin_total_bonus_win_this_round = total_bonus_win_this_round: null

2019-08-15 16:35:31 - [TEST_STEP][PASSED] - M4_spin_total_bonus_win_this_round = M4_spin_total_bonus_win_this_round: null

2019-08-15 16:35:31 - [TEST_STEP][PASSED] - println("GlobalVariable.M4_spin_total_bonus_win_this_round is: " + M4_spin_total_bonus_win_this_round): null

2019-08-15 16:35:31 - [MESSAGE][PASSED] - Verify response successfully

2019-08-15 16:35:31 - [MESSAGE][PASSED] - Send request and verify the response successfully

2019-08-15 16:35:31 - [TEST_STEP][PASSED] - if (M4_total_bonus_spins_int != 0 &amp;&amp; M4_spin_reels_symbols[2].contains("WILD_Normal") || M4_spin_reels_symbols[3].contains("WILD_Normal") || M4_spin_reels_symbols[4].contains("WILD_Normal")): null

2019-08-15 16:35:31 - [TEST_STEP][PASSED] - free_spin_reel_counter = free_spin_reel_counter: null

2019-08-15 16:35:31 - [TEST_STEP][PASSED] - M4_spin_reels_symbols = M4_spin_reels_symbols: null

2019-08-15 16:35:31 - [TEST_STEP][PASSED] - M4_total_bonus_spins = M4_total_bonus_spins: null

2019-08-15 16:35:31 - [TEST_STEP][PASSED] - spin_result = sendRequestAndVerify(findTestObject("STG/RGS(M4)/1_M4_spin", ["M4_login_user_id":M4_login_user_id, "rgs_session_token":rgs_session_token, "partner":Partner])): Send request and verify the response successfully

2019-08-15 16:35:31 - [TEST_CASE][PASSED] - Start Test Case : Verification: Verification accomplished successfully

2019-08-15 16:35:31 - [TEST_STEP][PASSED] - request = getInstance().getCurrentRequest(): null

2019-08-15 16:35:31 - [TEST_STEP][PASSED] - response = getInstance().getCurrentResponse(): null

2019-08-15 16:35:31 - [TEST_STEP][PASSED] - verifyResponseStatusCode(response, 200): Verify response status code successfully

2019-08-15 16:35:31 - [MESSAGE][PASSED] - Verify response status code successfully

2019-08-15 16:35:31 - [TEST_STEP][PASSED] - getStatusCode()).isEqualTo(200): null

2019-08-15 16:35:31 - [TEST_STEP][PASSED] - newline = System.getProperty("line.separator"): null

2019-08-15 16:35:31 - [TEST_STEP][PASSED] - M4_spin = new groovy.json.JsonSlurper(): null

2019-08-15 16:35:31 - [TEST_STEP][PASSED] - result_M4_spin = M4_spin.parseText(response.getResponseBodyContent()): null

2019-08-15 16:35:31 - [TEST_STEP][PASSED] - M4_spin_current_balance = current_balance: null

2019-08-15 16:35:36 - [TEST_STEP][PASSED] - M4_spin_current_balance = M4_spin_current_balance: null

2019-08-15 16:35:36 - [TEST_STEP][PASSED] - M4_spin_transaction_id = causality: null

2019-08-15 16:35:36 - [TEST_STEP][PASSED] - M4_spin_transaction_id = M4_spin_transaction_id: null

2019-08-15 16:35:36 - [TEST_STEP][PASSED] - M4_spin_round_id = round_id: null

2019-08-15 16:35:36 - [TEST_STEP][PASSED] - M4_spin_round_id = M4_spin_round_id: null

2019-08-15 16:35:36 - [TEST_STEP][PASSED] - M4_spin_line_wins = line_wins: null

2019-08-15 16:35:36 - [TEST_STEP][PASSED] - M4_spin_line_wins = M4_spin_line_wins: null

2019-08-15 16:35:36 - [TEST_STEP][PASSED] - M4_total_bonus_spins_int = total_bonus_spins: null

2019-08-15 16:35:36 - [TEST_STEP][PASSED] - println("******M4_total_bonus_spins type is:*******" + newline + getClass().getName()): null

2019-08-15 16:35:36 - [TEST_STEP][PASSED] - M4_total_bonus_spins_int = M4_total_bonus_spins_int: null

2019-08-15 16:35:40 - [TEST_STEP][PASSED] - M4_total_bonus_spins = Integer.toString(M4_total_bonus_spins_int): null

2019-08-15 16:35:40 - [TEST_STEP][PASSED] - M4_total_bonus_spins = M4_total_bonus_spins: null

2019-08-15 16:35:40 - [TEST_STEP][PASSED] - println("M4_total_bonus_spins is:" + M4_total_bonus_spins): null

2019-08-15 16:35:40 - [TEST_STEP][PASSED] - M4_spin_bonus_data = bonus_data: null

2019-08-15 16:35:40 - [TEST_STEP][PASSED] - M4_spin_features_triggered = result_M4_spin: null

2019-08-15 16:35:40 - [TEST_STEP][PASSED] - wild = []: null

2019-08-15 16:35:40 - [TEST_STEP][PASSED] - wild[0] = "WILD_Expanding": null

2019-08-15 16:35:40 - [TEST_STEP][PASSED] - wild[1] = "WILD_Normal": null

2019-08-15 16:35:40 - [TEST_STEP][PASSED] - wild[2] = "WILD_Double": null

2019-08-15 16:35:40 - [TEST_STEP][PASSED] - wild[3] = "WILD_ExtraFG": null

2019-08-15 16:35:40 - [TEST_STEP][PASSED] - wild[4] = "WILD_Triple": null

2019-08-15 16:35:40 - [TEST_STEP][PASSED] - wildList = Arrays.asList(wild): null

2019-08-15 16:35:40 - [TEST_STEP][PASSED] - wildList = wildList: null

2019-08-15 16:35:40 - [TEST_STEP][PASSED] - free_spin_reel_counter = []: null

2019-08-15 16:35:40 - [TEST_STEP][PASSED] - free_spin_reel_counter[0] = 0: null

2019-08-15 16:35:40 - [TEST_STEP][PASSED] - free_spin_reel_counter[1] = 0: null

2019-08-15 16:35:40 - [TEST_STEP][PASSED] - free_spin_reel_counter[2] = 0: null

2019-08-15 16:35:40 - [TEST_STEP][PASSED] - M4_spin_reels = reels: null

2019-08-15 16:35:40 - [TEST_STEP][PASSED] - for ([i = 0, i &lt; M4_spin_reels.size(), (i++)]): null

2019-08-15 16:35:40 - [TEST_STEP][PASSED] - symbols = symbols: null

2019-08-15 16:35:40 - [TEST_STEP][PASSED] - for ([j = 0, j &lt; symbols.size(), (j++)]): null

2019-08-15 16:35:40 - [TEST_STEP][PASSED] - symbol = symbol: null

2019-08-15 16:35:40 - [TEST_STEP][PASSED] - println(symbol): null

2019-08-15 16:35:40 - [TEST_STEP][PASSED] - if (i == 2 &amp;&amp; wildList.indexOf(symbol) != -1): null

2019-08-15 16:35:40 - [TEST_STEP][PASSED] - if (i == 3 &amp;&amp; wildList.indexOf(symbol) != -1): null

2019-08-15 16:35:40 - [TEST_STEP][PASSED] - if (i == 4 &amp;&amp; wildList.indexOf(symbol) != -1): null

2019-08-15 16:35:40 - [TEST_STEP][PASSED] - symbol = symbol: null

2019-08-15 16:35:40 - [TEST_STEP][PASSED] - println(symbol): null

2019-08-15 16:35:40 - [TEST_STEP][PASSED] - if (i == 2 &amp;&amp; wildList.indexOf(symbol) != -1): null

2019-08-15 16:35:40 - [TEST_STEP][PASSED] - if (i == 3 &amp;&amp; wildList.indexOf(symbol) != -1): null

2019-08-15 16:35:40 - [TEST_STEP][PASSED] - if (i == 4 &amp;&amp; wildList.indexOf(symbol) != -1): null

2019-08-15 16:35:40 - [TEST_STEP][PASSED] - symbol = symbol: null

2019-08-15 16:35:40 - [TEST_STEP][PASSED] - println(symbol): null

2019-08-15 16:35:40 - [TEST_STEP][PASSED] - if (i == 2 &amp;&amp; wildList.indexOf(symbol) != -1): null

2019-08-15 16:35:40 - [TEST_STEP][PASSED] - if (i == 3 &amp;&amp; wildList.indexOf(symbol) != -1): null

2019-08-15 16:35:40 - [TEST_STEP][PASSED] - if (i == 4 &amp;&amp; wildList.indexOf(symbol) != -1): null

2019-08-15 16:35:40 - [TEST_STEP][PASSED] - symbols = symbols: null

2019-08-15 16:35:40 - [TEST_STEP][PASSED] - for ([j = 0, j &lt; symbols.size(), (j++)]): null

2019-08-15 16:35:40 - [TEST_STEP][PASSED] - symbol = symbol: null

2019-08-15 16:35:40 - [TEST_STEP][PASSED] - println(symbol): null

2019-08-15 16:35:40 - [TEST_STEP][PASSED] - if (i == 2 &amp;&amp; wildList.indexOf(symbol) != -1): null

2019-08-15 16:35:40 - [TEST_STEP][PASSED] - if (i == 3 &amp;&amp; wildList.indexOf(symbol) != -1): null

2019-08-15 16:35:40 - [TEST_STEP][PASSED] - if (i == 4 &amp;&amp; wildList.indexOf(symbol) != -1): null

2019-08-15 16:35:40 - [TEST_STEP][PASSED] - symbol = symbol: null

2019-08-15 16:35:40 - [TEST_STEP][PASSED] - println(symbol): null

2019-08-15 16:35:40 - [TEST_STEP][PASSED] - if (i == 2 &amp;&amp; wildList.indexOf(symbol) != -1): null

2019-08-15 16:35:40 - [TEST_STEP][PASSED] - if (i == 3 &amp;&amp; wildList.indexOf(symbol) != -1): null

2019-08-15 16:35:40 - [TEST_STEP][PASSED] - if (i == 4 &amp;&amp; wildList.indexOf(symbol) != -1): null

2019-08-15 16:35:40 - [TEST_STEP][PASSED] - symbol = symbol: null

2019-08-15 16:35:40 - [TEST_STEP][PASSED] - println(symbol): null

2019-08-15 16:35:40 - [TEST_STEP][PASSED] - if (i == 2 &amp;&amp; wildList.indexOf(symbol) != -1): null

2019-08-15 16:35:40 - [TEST_STEP][PASSED] - if (i == 3 &amp;&amp; wildList.indexOf(symbol) != -1): null

2019-08-15 16:35:40 - [TEST_STEP][PASSED] - if (i == 4 &amp;&amp; wildList.indexOf(symbol) != -1): null

2019-08-15 16:35:40 - [TEST_STEP][PASSED] - symbols = symbols: null

2019-08-15 16:35:40 - [TEST_STEP][PASSED] - for ([j = 0, j &lt; symbols.size(), (j++)]): null

2019-08-15 16:35:40 - [TEST_STEP][PASSED] - symbol = symbol: null

2019-08-15 16:35:40 - [TEST_STEP][PASSED] - println(symbol): null

2019-08-15 16:35:40 - [TEST_STEP][PASSED] - if (i == 2 &amp;&amp; wildList.indexOf(symbol) != -1): null

2019-08-15 16:35:40 - [TEST_STEP][PASSED] - println("wild found on reel 3, adding counter by 1"): null

2019-08-15 16:35:40 - [TEST_STEP][PASSED] - free_spin_reel_counter[0] = free_spin_reel_counter[0] + 1: null

2019-08-15 16:35:40 - [TEST_STEP][PASSED] - if (i == 3 &amp;&amp; wildList.indexOf(symbol) != -1): null

2019-08-15 16:35:40 - [TEST_STEP][PASSED] - if (i == 4 &amp;&amp; wildList.indexOf(symbol) != -1): null

2019-08-15 16:35:40 - [TEST_STEP][PASSED] - symbol = symbol: null

2019-08-15 16:35:40 - [TEST_STEP][PASSED] - println(symbol): null

2019-08-15 16:35:40 - [TEST_STEP][PASSED] - if (i == 2 &amp;&amp; wildList.indexOf(symbol) != -1): null

2019-08-15 16:35:40 - [TEST_STEP][PASSED] - if (i == 3 &amp;&amp; wildList.indexOf(symbol) != -1): null

2019-08-15 16:35:40 - [TEST_STEP][PASSED] - if (i == 4 &amp;&amp; wildList.indexOf(symbol) != -1): null

2019-08-15 16:35:40 - [TEST_STEP][PASSED] - symbol = symbol: null

2019-08-15 16:35:40 - [TEST_STEP][PASSED] - println(symbol): null

2019-08-15 16:35:40 - [TEST_STEP][PASSED] - if (i == 2 &amp;&amp; wildList.indexOf(symbol) != -1): null

2019-08-15 16:35:40 - [TEST_STEP][PASSED] - if (i == 3 &amp;&amp; wildList.indexOf(symbol) != -1): null

2019-08-15 16:35:40 - [TEST_STEP][PASSED] - if (i == 4 &amp;&amp; wildList.indexOf(symbol) != -1): null

2019-08-15 16:35:40 - [TEST_STEP][PASSED] - symbols = symbols: null

2019-08-15 16:35:40 - [TEST_STEP][PASSED] - for ([j = 0, j &lt; symbols.size(), (j++)]): null

2019-08-15 16:35:40 - [TEST_STEP][PASSED] - symbol = symbol: null

2019-08-15 16:35:40 - [TEST_STEP][PASSED] - println(symbol): null

2019-08-15 16:35:40 - [TEST_STEP][PASSED] - if (i == 2 &amp;&amp; wildList.indexOf(symbol) != -1): null

2019-08-15 16:35:40 - [TEST_STEP][PASSED] - if (i == 3 &amp;&amp; wildList.indexOf(symbol) != -1): null

2019-08-15 16:35:40 - [TEST_STEP][PASSED] - if (i == 4 &amp;&amp; wildList.indexOf(symbol) != -1): null

2019-08-15 16:35:40 - [TEST_STEP][PASSED] - symbol = symbol: null

2019-08-15 16:35:40 - [TEST_STEP][PASSED] - println(symbol): null

2019-08-15 16:35:40 - [TEST_STEP][PASSED] - if (i == 2 &amp;&amp; wildList.indexOf(symbol) != -1): null

2019-08-15 16:35:40 - [TEST_STEP][PASSED] - if (i == 3 &amp;&amp; wildList.indexOf(symbol) != -1): null

2019-08-15 16:35:40 - [TEST_STEP][PASSED] - if (i == 4 &amp;&amp; wildList.indexOf(symbol) != -1): null

2019-08-15 16:35:40 - [TEST_STEP][PASSED] - symbol = symbol: null

2019-08-15 16:35:40 - [TEST_STEP][PASSED] - println(symbol): null

2019-08-15 16:35:40 - [TEST_STEP][PASSED] - if (i == 2 &amp;&amp; wildList.indexOf(symbol) != -1): null

2019-08-15 16:35:40 - [TEST_STEP][PASSED] - if (i == 3 &amp;&amp; wildList.indexOf(symbol) != -1): null

2019-08-15 16:35:40 - [TEST_STEP][PASSED] - if (i == 4 &amp;&amp; wildList.indexOf(symbol) != -1): null

2019-08-15 16:35:40 - [TEST_STEP][PASSED] - symbols = symbols: null

2019-08-15 16:35:40 - [TEST_STEP][PASSED] - for ([j = 0, j &lt; symbols.size(), (j++)]): null

2019-08-15 16:35:40 - [TEST_STEP][PASSED] - symbol = symbol: null

2019-08-15 16:35:40 - [TEST_STEP][PASSED] - println(symbol): null

2019-08-15 16:35:40 - [TEST_STEP][PASSED] - if (i == 2 &amp;&amp; wildList.indexOf(symbol) != -1): null

2019-08-15 16:35:40 - [TEST_STEP][PASSED] - if (i == 3 &amp;&amp; wildList.indexOf(symbol) != -1): null

2019-08-15 16:35:40 - [TEST_STEP][PASSED] - if (i == 4 &amp;&amp; wildList.indexOf(symbol) != -1): null

2019-08-15 16:35:40 - [TEST_STEP][PASSED] - symbol = symbol: null

2019-08-15 16:35:40 - [TEST_STEP][PASSED] - println(symbol): null

2019-08-15 16:35:40 - [TEST_STEP][PASSED] - if (i == 2 &amp;&amp; wildList.indexOf(symbol) != -1): null

2019-08-15 16:35:40 - [TEST_STEP][PASSED] - if (i == 3 &amp;&amp; wildList.indexOf(symbol) != -1): null

2019-08-15 16:35:40 - [TEST_STEP][PASSED] - if (i == 4 &amp;&amp; wildList.indexOf(symbol) != -1): null

2019-08-15 16:35:40 - [TEST_STEP][PASSED] - symbol = symbol: null

2019-08-15 16:35:40 - [TEST_STEP][PASSED] - println(symbol): null

2019-08-15 16:35:40 - [TEST_STEP][PASSED] - if (i == 2 &amp;&amp; wildList.indexOf(symbol) != -1): null

2019-08-15 16:35:40 - [TEST_STEP][PASSED] - if (i == 3 &amp;&amp; wildList.indexOf(symbol) != -1): null

2019-08-15 16:35:40 - [TEST_STEP][PASSED] - if (i == 4 &amp;&amp; wildList.indexOf(symbol) != -1): null

2019-08-15 16:35:40 - [TEST_STEP][PASSED] - free_spin_reel_counter = free_spin_reel_counter: null

2019-08-15 16:35:40 - [TEST_STEP][PASSED] - println("reel 3 wild found: " + free_spin_reel_counter[0]): null

2019-08-15 16:35:40 - [TEST_STEP][PASSED] - println("reel 4 wild found: " + free_spin_reel_counter[1]): null

2019-08-15 16:35:40 - [TEST_STEP][PASSED] - println("reel 5 wild found: " + free_spin_reel_counter[2]): null

2019-08-15 16:35:40 - [TEST_STEP][PASSED] - M4_spin_reels = M4_spin_reels: null

2019-08-15 16:35:40 - [TEST_STEP][PASSED] - M4_spin_reels_symbols = symbol: null

2019-08-15 16:35:40 - [TEST_STEP][PASSED] - M4_spin_reels_symbols = M4_spin_reels_symbols: null

2019-08-15 16:35:40 - [TEST_STEP][PASSED] - M4_spin_reel_wins = reel_wins: null

2019-08-15 16:35:40 - [TEST_STEP][PASSED] - M4_spin_reel_wins = M4_spin_reel_wins: null

2019-08-15 16:35:40 - [TEST_STEP][PASSED] - println("GlobalVariable.M4_spin_reel_wins is: " + M4_spin_reel_wins): null

2019-08-15 16:35:40 - [TEST_STEP][PASSED] - M4_spin_total_bonus_win_this_round = total_bonus_win_this_round: null

2019-08-15 16:35:40 - [TEST_STEP][PASSED] - M4_spin_total_bonus_win_this_round = M4_spin_total_bonus_win_this_round: null

2019-08-15 16:35:40 - [TEST_STEP][PASSED] - println("GlobalVariable.M4_spin_total_bonus_win_this_round is: " + M4_spin_total_bonus_win_this_round): null

2019-08-15 16:35:40 - [MESSAGE][PASSED] - Verify response successfully

2019-08-15 16:35:40 - [MESSAGE][PASSED] - Send request and verify the response successfully

2019-08-15 16:35:40 - [TEST_STEP][PASSED] - if (M4_total_bonus_spins_int != 0 &amp;&amp; M4_spin_reels_symbols[2].contains("WILD_Normal") || M4_spin_reels_symbols[3].contains("WILD_Normal") || M4_spin_reels_symbols[4].contains("WILD_Normal")): null

2019-08-15 16:35:40 - [TEST_STEP][PASSED] - free_spin_reel_counter = free_spin_reel_counter: null

2019-08-15 16:35:40 - [TEST_STEP][PASSED] - M4_spin_reels_symbols = M4_spin_reels_symbols: null

2019-08-15 16:35:40 - [TEST_STEP][PASSED] - M4_total_bonus_spins = M4_total_bonus_spins: null

2019-08-15 16:35:40 - [TEST_STEP][PASSED] - spin_result = sendRequestAndVerify(findTestObject("STG/RGS(M4)/1_M4_spin", ["M4_login_user_id":M4_login_user_id, "rgs_session_token":rgs_session_token, "partner":Partner])): Send request and verify the response successfully

2019-08-15 16:35:40 - [TEST_CASE][PASSED] - Start Test Case : Verification: Verification accomplished successfully

2019-08-15 16:35:41 - [TEST_STEP][PASSED] - request = getInstance().getCurrentRequest(): null

2019-08-15 16:35:41 - [TEST_STEP][PASSED] - response = getInstance().getCurrentResponse(): null

2019-08-15 16:35:41 - [TEST_STEP][PASSED] - verifyResponseStatusCode(response, 200): Verify response status code successfully

2019-08-15 16:35:41 - [MESSAGE][PASSED] - Verify response status code successfully

2019-08-15 16:35:41 - [TEST_STEP][PASSED] - getStatusCode()).isEqualTo(200): null

2019-08-15 16:35:41 - [TEST_STEP][PASSED] - newline = System.getProperty("line.separator"): null

2019-08-15 16:35:41 - [TEST_STEP][PASSED] - M4_spin = new groovy.json.JsonSlurper(): null

2019-08-15 16:35:41 - [TEST_STEP][PASSED] - result_M4_spin = M4_spin.parseText(response.getResponseBodyContent()): null

2019-08-15 16:35:41 - [TEST_STEP][PASSED] - M4_spin_current_balance = current_balance: null

2019-08-15 16:35:41 - [TEST_STEP][PASSED] - M4_spin_current_balance = M4_spin_current_balance: null

2019-08-15 16:35:41 - [TEST_STEP][PASSED] - M4_spin_transaction_id = causality: null

2019-08-15 16:35:41 - [TEST_STEP][PASSED] - M4_spin_transaction_id = M4_spin_transaction_id: null

2019-08-15 16:35:41 - [TEST_STEP][PASSED] - M4_spin_round_id = round_id: null

2019-08-15 16:35:41 - [TEST_STEP][PASSED] - M4_spin_round_id = M4_spin_round_id: null

2019-08-15 16:35:41 - [TEST_STEP][PASSED] - M4_spin_line_wins = line_wins: null

2019-08-15 16:35:41 - [TEST_STEP][PASSED] - M4_spin_line_wins = M4_spin_line_wins: null

2019-08-15 16:35:41 - [TEST_STEP][PASSED] - M4_total_bonus_spins_int = total_bonus_spins: null

2019-08-15 16:35:41 - [TEST_STEP][PASSED] - println("******M4_total_bonus_spins type is:*******" + newline + getClass().getName()): null

2019-08-15 16:35:41 - [TEST_STEP][PASSED] - M4_total_bonus_spins_int = M4_total_bonus_spins_int: null

2019-08-15 16:35:41 - [TEST_STEP][PASSED] - M4_total_bonus_spins = Integer.toString(M4_total_bonus_spins_int): null

2019-08-15 16:35:41 - [TEST_STEP][PASSED] - M4_total_bonus_spins = M4_total_bonus_spins: null

2019-08-15 16:35:41 - [TEST_STEP][PASSED] - println("M4_total_bonus_spins is:" + M4_total_bonus_spins): null

2019-08-15 16:35:41 - [TEST_STEP][PASSED] - M4_spin_bonus_data = bonus_data: null

2019-08-15 16:35:41 - [TEST_STEP][PASSED] - M4_spin_features_triggered = result_M4_spin: null

2019-08-15 16:35:41 - [TEST_STEP][PASSED] - wild = []: null

2019-08-15 16:35:41 - [TEST_STEP][PASSED] - wild[0] = "WILD_Expanding": null

2019-08-15 16:35:41 - [TEST_STEP][PASSED] - wild[1] = "WILD_Normal": null

2019-08-15 16:35:41 - [TEST_STEP][PASSED] - wild[2] = "WILD_Double": null

2019-08-15 16:35:41 - [TEST_STEP][PASSED] - wild[3] = "WILD_ExtraFG": null

2019-08-15 16:35:41 - [TEST_STEP][PASSED] - wild[4] = "WILD_Triple": null

2019-08-15 16:35:41 - [TEST_STEP][PASSED] - wildList = Arrays.asList(wild): null

2019-08-15 16:35:41 - [TEST_STEP][PASSED] - wildList = wildList: null

2019-08-15 16:35:41 - [TEST_STEP][PASSED] - free_spin_reel_counter = []: null

2019-08-15 16:35:41 - [TEST_STEP][PASSED] - free_spin_reel_counter[0] = 0: null

2019-08-15 16:35:41 - [TEST_STEP][PASSED] - free_spin_reel_counter[1] = 0: null

2019-08-15 16:35:41 - [TEST_STEP][PASSED] - free_spin_reel_counter[2] = 0: null

2019-08-15 16:35:41 - [TEST_STEP][PASSED] - M4_spin_reels = reels: null

2019-08-15 16:35:41 - [TEST_STEP][PASSED] - for ([i = 0, i &lt; M4_spin_reels.size(), (i++)]): null

2019-08-15 16:35:41 - [TEST_STEP][PASSED] - symbols = symbols: null

2019-08-15 16:35:41 - [TEST_STEP][PASSED] - for ([j = 0, j &lt; symbols.size(), (j++)]): null

2019-08-15 16:35:41 - [TEST_STEP][PASSED] - symbol = symbol: null

2019-08-15 16:35:41 - [TEST_STEP][PASSED] - println(symbol): null

2019-08-15 16:35:41 - [TEST_STEP][PASSED] - if (i == 2 &amp;&amp; wildList.indexOf(symbol) != -1): null

2019-08-15 16:35:41 - [TEST_STEP][PASSED] - if (i == 3 &amp;&amp; wildList.indexOf(symbol) != -1): null

2019-08-15 16:35:41 - [TEST_STEP][PASSED] - if (i == 4 &amp;&amp; wildList.indexOf(symbol) != -1): null

2019-08-15 16:35:41 - [TEST_STEP][PASSED] - symbol = symbol: null

2019-08-15 16:35:41 - [TEST_STEP][PASSED] - println(symbol): null

2019-08-15 16:35:41 - [TEST_STEP][PASSED] - if (i == 2 &amp;&amp; wildList.indexOf(symbol) != -1): null

2019-08-15 16:35:41 - [TEST_STEP][PASSED] - if (i == 3 &amp;&amp; wildList.indexOf(symbol) != -1): null

2019-08-15 16:35:41 - [TEST_STEP][PASSED] - if (i == 4 &amp;&amp; wildList.indexOf(symbol) != -1): null

2019-08-15 16:35:41 - [TEST_STEP][PASSED] - symbol = symbol: null

2019-08-15 16:35:41 - [TEST_STEP][PASSED] - println(symbol): null

2019-08-15 16:35:41 - [TEST_STEP][PASSED] - if (i == 2 &amp;&amp; wildList.indexOf(symbol) != -1): null

2019-08-15 16:35:41 - [TEST_STEP][PASSED] - if (i == 3 &amp;&amp; wildList.indexOf(symbol) != -1): null

2019-08-15 16:35:41 - [TEST_STEP][PASSED] - if (i == 4 &amp;&amp; wildList.indexOf(symbol) != -1): null

2019-08-15 16:35:41 - [TEST_STEP][PASSED] - symbols = symbols: null

2019-08-15 16:35:41 - [TEST_STEP][PASSED] - for ([j = 0, j &lt; symbols.size(), (j++)]): null

2019-08-15 16:35:41 - [TEST_STEP][PASSED] - symbol = symbol: null

2019-08-15 16:35:41 - [TEST_STEP][PASSED] - println(symbol): null

2019-08-15 16:35:41 - [TEST_STEP][PASSED] - if (i == 2 &amp;&amp; wildList.indexOf(symbol) != -1): null

2019-08-15 16:35:41 - [TEST_STEP][PASSED] - if (i == 3 &amp;&amp; wildList.indexOf(symbol) != -1): null

2019-08-15 16:35:41 - [TEST_STEP][PASSED] - if (i == 4 &amp;&amp; wildList.indexOf(symbol) != -1): null

2019-08-15 16:35:41 - [TEST_STEP][PASSED] - symbol = symbol: null

2019-08-15 16:35:41 - [TEST_STEP][PASSED] - println(symbol): null

2019-08-15 16:35:41 - [TEST_STEP][PASSED] - if (i == 2 &amp;&amp; wildList.indexOf(symbol) != -1): null

2019-08-15 16:35:41 - [TEST_STEP][PASSED] - if (i == 3 &amp;&amp; wildList.indexOf(symbol) != -1): null

2019-08-15 16:35:41 - [TEST_STEP][PASSED] - if (i == 4 &amp;&amp; wildList.indexOf(symbol) != -1): null

2019-08-15 16:35:41 - [TEST_STEP][PASSED] - symbol = symbol: null

2019-08-15 16:35:41 - [TEST_STEP][PASSED] - println(symbol): null

2019-08-15 16:35:41 - [TEST_STEP][PASSED] - if (i == 2 &amp;&amp; wildList.indexOf(symbol) != -1): null

2019-08-15 16:35:41 - [TEST_STEP][PASSED] - if (i == 3 &amp;&amp; wildList.indexOf(symbol) != -1): null

2019-08-15 16:35:41 - [TEST_STEP][PASSED] - if (i == 4 &amp;&amp; wildList.indexOf(symbol) != -1): null

2019-08-15 16:35:41 - [TEST_STEP][PASSED] - symbols = symbols: null

2019-08-15 16:35:41 - [TEST_STEP][PASSED] - for ([j = 0, j &lt; symbols.size(), (j++)]): null

2019-08-15 16:35:41 - [TEST_STEP][PASSED] - symbol = symbol: null

2019-08-15 16:35:41 - [TEST_STEP][PASSED] - println(symbol): null

2019-08-15 16:35:41 - [TEST_STEP][PASSED] - if (i == 2 &amp;&amp; wildList.indexOf(symbol) != -1): null

2019-08-15 16:35:41 - [TEST_STEP][PASSED] - if (i == 3 &amp;&amp; wildList.indexOf(symbol) != -1): null

2019-08-15 16:35:41 - [TEST_STEP][PASSED] - if (i == 4 &amp;&amp; wildList.indexOf(symbol) != -1): null

2019-08-15 16:35:41 - [TEST_STEP][PASSED] - symbol = symbol: null

2019-08-15 16:35:41 - [TEST_STEP][PASSED] - println(symbol): null

2019-08-15 16:35:41 - [TEST_STEP][PASSED] - if (i == 2 &amp;&amp; wildList.indexOf(symbol) != -1): null

2019-08-15 16:35:41 - [TEST_STEP][PASSED] - println("wild found on reel 3, adding counter by 1"): null

2019-08-15 16:35:41 - [TEST_STEP][PASSED] - free_spin_reel_counter[0] = free_spin_reel_counter[0] + 1: null

2019-08-15 16:35:41 - [TEST_STEP][PASSED] - if (i == 3 &amp;&amp; wildList.indexOf(symbol) != -1): null

2019-08-15 16:35:41 - [TEST_STEP][PASSED] - if (i == 4 &amp;&amp; wildList.indexOf(symbol) != -1): null

2019-08-15 16:35:41 - [TEST_STEP][PASSED] - symbol = symbol: null

2019-08-15 16:35:41 - [TEST_STEP][PASSED] - println(symbol): null

2019-08-15 16:35:41 - [TEST_STEP][PASSED] - if (i == 2 &amp;&amp; wildList.indexOf(symbol) != -1): null

2019-08-15 16:35:41 - [TEST_STEP][PASSED] - if (i == 3 &amp;&amp; wildList.indexOf(symbol) != -1): null

2019-08-15 16:35:41 - [TEST_STEP][PASSED] - if (i == 4 &amp;&amp; wildList.indexOf(symbol) != -1): null

2019-08-15 16:35:41 - [TEST_STEP][PASSED] - symbols = symbols: null

2019-08-15 16:35:41 - [TEST_STEP][PASSED] - for ([j = 0, j &lt; symbols.size(), (j++)]): null

2019-08-15 16:35:41 - [TEST_STEP][PASSED] - symbol = symbol: null

2019-08-15 16:35:41 - [TEST_STEP][PASSED] - println(symbol): null

2019-08-15 16:35:41 - [TEST_STEP][PASSED] - if (i == 2 &amp;&amp; wildList.indexOf(symbol) != -1): null

2019-08-15 16:35:41 - [TEST_STEP][PASSED] - if (i == 3 &amp;&amp; wildList.indexOf(symbol) != -1): null

2019-08-15 16:35:41 - [TEST_STEP][PASSED] - if (i == 4 &amp;&amp; wildList.indexOf(symbol) != -1): null

2019-08-15 16:35:41 - [TEST_STEP][PASSED] - symbol = symbol: null

2019-08-15 16:35:41 - [TEST_STEP][PASSED] - println(symbol): null

2019-08-15 16:35:41 - [TEST_STEP][PASSED] - if (i == 2 &amp;&amp; wildList.indexOf(symbol) != -1): null

2019-08-15 16:35:41 - [TEST_STEP][PASSED] - if (i == 3 &amp;&amp; wildList.indexOf(symbol) != -1): null

2019-08-15 16:35:41 - [TEST_STEP][PASSED] - if (i == 4 &amp;&amp; wildList.indexOf(symbol) != -1): null

2019-08-15 16:35:41 - [TEST_STEP][PASSED] - symbol = symbol: null

2019-08-15 16:35:41 - [TEST_STEP][PASSED] - println(symbol): null

2019-08-15 16:35:41 - [TEST_STEP][PASSED] - if (i == 2 &amp;&amp; wildList.indexOf(symbol) != -1): null

2019-08-15 16:35:41 - [TEST_STEP][PASSED] - if (i == 3 &amp;&amp; wildList.indexOf(symbol) != -1): null

2019-08-15 16:35:41 - [TEST_STEP][PASSED] - println("wild found on reel 4, adding counter by 1"): null

2019-08-15 16:35:41 - [TEST_STEP][PASSED] - free_spin_reel_counter[1] = free_spin_reel_counter[1] + 1: null

2019-08-15 16:35:41 - [TEST_STEP][PASSED] - if (i == 4 &amp;&amp; wildList.indexOf(symbol) != -1): null

2019-08-15 16:35:41 - [TEST_STEP][PASSED] - symbols = symbols: null

2019-08-15 16:35:41 - [TEST_STEP][PASSED] - for ([j = 0, j &lt; symbols.size(), (j++)]): null

2019-08-15 16:35:41 - [TEST_STEP][PASSED] - symbol = symbol: null

2019-08-15 16:35:41 - [TEST_STEP][PASSED] - println(symbol): null

2019-08-15 16:35:41 - [TEST_STEP][PASSED] - if (i == 2 &amp;&amp; wildList.indexOf(symbol) != -1): null

2019-08-15 16:35:41 - [TEST_STEP][PASSED] - if (i == 3 &amp;&amp; wildList.indexOf(symbol) != -1): null

2019-08-15 16:35:41 - [TEST_STEP][PASSED] - if (i == 4 &amp;&amp; wildList.indexOf(symbol) != -1): null

2019-08-15 16:35:41 - [TEST_STEP][PASSED] - symbol = symbol: null

2019-08-15 16:35:41 - [TEST_STEP][PASSED] - println(symbol): null

2019-08-15 16:35:41 - [TEST_STEP][PASSED] - if (i == 2 &amp;&amp; wildList.indexOf(symbol) != -1): null

2019-08-15 16:35:41 - [TEST_STEP][PASSED] - if (i == 3 &amp;&amp; wildList.indexOf(symbol) != -1): null

2019-08-15 16:35:41 - [TEST_STEP][PASSED] - if (i == 4 &amp;&amp; wildList.indexOf(symbol) != -1): null

2019-08-15 16:35:41 - [TEST_STEP][PASSED] - symbol = symbol: null

2019-08-15 16:35:41 - [TEST_STEP][PASSED] - println(symbol): null

2019-08-15 16:35:41 - [TEST_STEP][PASSED] - if (i == 2 &amp;&amp; wildList.indexOf(symbol) != -1): null

2019-08-15 16:35:41 - [TEST_STEP][PASSED] - if (i == 3 &amp;&amp; wildList.indexOf(symbol) != -1): null

2019-08-15 16:35:41 - [TEST_STEP][PASSED] - if (i == 4 &amp;&amp; wildList.indexOf(symbol) != -1): null

2019-08-15 16:35:41 - [TEST_STEP][PASSED] - free_spin_reel_counter = free_spin_reel_counter: null

2019-08-15 16:35:41 - [TEST_STEP][PASSED] - println("reel 3 wild found: " + free_spin_reel_counter[0]): null

2019-08-15 16:35:41 - [TEST_STEP][PASSED] - println("reel 4 wild found: " + free_spin_reel_counter[1]): null

2019-08-15 16:35:41 - [TEST_STEP][PASSED] - println("reel 5 wild found: " + free_spin_reel_counter[2]): null

2019-08-15 16:35:41 - [TEST_STEP][PASSED] - M4_spin_reels = M4_spin_reels: null

2019-08-15 16:35:41 - [TEST_STEP][PASSED] - M4_spin_reels_symbols = symbol: null

2019-08-15 16:35:41 - [TEST_STEP][PASSED] - M4_spin_reels_symbols = M4_spin_reels_symbols: null

2019-08-15 16:35:41 - [TEST_STEP][PASSED] - M4_spin_reel_wins = reel_wins: null

2019-08-15 16:35:41 - [TEST_STEP][PASSED] - M4_spin_reel_wins = M4_spin_reel_wins: null

2019-08-15 16:35:41 - [TEST_STEP][PASSED] - println("GlobalVariable.M4_spin_reel_wins is: " + M4_spin_reel_wins): null

2019-08-15 16:35:41 - [TEST_STEP][PASSED] - M4_spin_total_bonus_win_this_round = total_bonus_win_this_round: null

2019-08-15 16:35:41 - [TEST_STEP][PASSED] - M4_spin_total_bonus_win_this_round = M4_spin_total_bonus_win_this_round: null

2019-08-15 16:35:41 - [TEST_STEP][PASSED] - println("GlobalVariable.M4_spin_total_bonus_win_this_round is: " + M4_spin_total_bonus_win_this_round): null

2019-08-15 16:35:41 - [MESSAGE][PASSED] - Verify response successfully

2019-08-15 16:35:41 - [MESSAGE][PASSED] - Send request and verify the response successfully

2019-08-15 16:35:41 - [TEST_STEP][PASSED] - if (M4_total_bonus_spins_int != 0 &amp;&amp; M4_spin_reels_symbols[2].contains("WILD_Normal") || M4_spin_reels_symbols[3].contains("WILD_Normal") || M4_spin_reels_symbols[4].contains("WILD_Normal")): null

2019-08-15 16:35:41 - [TEST_STEP][PASSED] - free_spin_reel_counter = free_spin_reel_counter: null

2019-08-15 16:35:41 - [TEST_STEP][PASSED] - M4_spin_reels_symbols = M4_spin_reels_symbols: null

2019-08-15 16:35:41 - [TEST_STEP][PASSED] - M4_total_bonus_spins = M4_total_bonus_spins: null

2019-08-15 16:35:41 - [TEST_STEP][PASSED] - spin_result = sendRequestAndVerify(findTestObject("STG/RGS(M4)/1_M4_spin", ["M4_login_user_id":M4_login_user_id, "rgs_session_token":rgs_session_token, "partner":Partner])): Send request and verify the response successfully

2019-08-15 16:35:41 - [TEST_CASE][PASSED] - Start Test Case : Verification: Verification accomplished successfully

2019-08-15 16:35:41 - [TEST_STEP][PASSED] - request = getInstance().getCurrentRequest(): null

2019-08-15 16:35:41 - [TEST_STEP][PASSED] - response = getInstance().getCurrentResponse(): null

2019-08-15 16:35:41 - [TEST_STEP][PASSED] - verifyResponseStatusCode(response, 200): Verify response status code successfully

2019-08-15 16:35:41 - [MESSAGE][PASSED] - Verify response status code successfully

2019-08-15 16:35:41 - [TEST_STEP][PASSED] - getStatusCode()).isEqualTo(200): null

2019-08-15 16:35:41 - [TEST_STEP][PASSED] - newline = System.getProperty("line.separator"): null

2019-08-15 16:35:41 - [TEST_STEP][PASSED] - M4_spin = new groovy.json.JsonSlurper(): null

2019-08-15 16:35:41 - [TEST_STEP][PASSED] - result_M4_spin = M4_spin.parseText(response.getResponseBodyContent()): null

2019-08-15 16:35:41 - [TEST_STEP][PASSED] - M4_spin_current_balance = current_balance: null

2019-08-15 16:35:41 - [TEST_STEP][PASSED] - M4_spin_current_balance = M4_spin_current_balance: null

2019-08-15 16:35:41 - [TEST_STEP][PASSED] - M4_spin_transaction_id = causality: null

2019-08-15 16:35:41 - [TEST_STEP][PASSED] - M4_spin_transaction_id = M4_spin_transaction_id: null

2019-08-15 16:35:41 - [TEST_STEP][PASSED] - M4_spin_round_id = round_id: null

2019-08-15 16:35:41 - [TEST_STEP][PASSED] - M4_spin_round_id = M4_spin_round_id: null

2019-08-15 16:35:41 - [TEST_STEP][PASSED] - M4_spin_line_wins = line_wins: null

2019-08-15 16:35:41 - [TEST_STEP][PASSED] - M4_spin_line_wins = M4_spin_line_wins: null

2019-08-15 16:35:41 - [TEST_STEP][PASSED] - M4_total_bonus_spins_int = total_bonus_spins: null

2019-08-15 16:35:41 - [TEST_STEP][PASSED] - println("******M4_total_bonus_spins type is:*******" + newline + getClass().getName()): null

2019-08-15 16:35:41 - [TEST_STEP][PASSED] - M4_total_bonus_spins_int = M4_total_bonus_spins_int: null

2019-08-15 16:35:41 - [TEST_STEP][PASSED] - M4_total_bonus_spins = Integer.toString(M4_total_bonus_spins_int): null

2019-08-15 16:35:41 - [TEST_STEP][PASSED] - M4_total_bonus_spins = M4_total_bonus_spins: null

2019-08-15 16:35:41 - [TEST_STEP][PASSED] - println("M4_total_bonus_spins is:" + M4_total_bonus_spins): null

2019-08-15 16:35:41 - [TEST_STEP][PASSED] - M4_spin_bonus_data = bonus_data: null

2019-08-15 16:35:41 - [TEST_STEP][PASSED] - M4_spin_features_triggered = result_M4_spin: null

2019-08-15 16:35:41 - [TEST_STEP][PASSED] - wild = []: null

2019-08-15 16:35:41 - [TEST_STEP][PASSED] - wild[0] = "WILD_Expanding": null

2019-08-15 16:35:41 - [TEST_STEP][PASSED] - wild[1] = "WILD_Normal": null

2019-08-15 16:35:41 - [TEST_STEP][PASSED] - wild[2] = "WILD_Double": null

2019-08-15 16:35:41 - [TEST_STEP][PASSED] - wild[3] = "WILD_ExtraFG": null

2019-08-15 16:35:41 - [TEST_STEP][PASSED] - wild[4] = "WILD_Triple": null

2019-08-15 16:35:41 - [TEST_STEP][PASSED] - wildList = Arrays.asList(wild): null

2019-08-15 16:35:41 - [TEST_STEP][PASSED] - wildList = wildList: null

2019-08-15 16:35:41 - [TEST_STEP][PASSED] - free_spin_reel_counter = []: null

2019-08-15 16:35:41 - [TEST_STEP][PASSED] - free_spin_reel_counter[0] = 0: null

2019-08-15 16:35:41 - [TEST_STEP][PASSED] - free_spin_reel_counter[1] = 0: null

2019-08-15 16:35:41 - [TEST_STEP][PASSED] - free_spin_reel_counter[2] = 0: null

2019-08-15 16:35:41 - [TEST_STEP][PASSED] - M4_spin_reels = reels: null

2019-08-15 16:35:41 - [TEST_STEP][PASSED] - for ([i = 0, i &lt; M4_spin_reels.size(), (i++)]): null

2019-08-15 16:35:41 - [TEST_STEP][PASSED] - symbols = symbols: null

2019-08-15 16:35:41 - [TEST_STEP][PASSED] - for ([j = 0, j &lt; symbols.size(), (j++)]): null

2019-08-15 16:35:41 - [TEST_STEP][PASSED] - symbol = symbol: null

2019-08-15 16:35:41 - [TEST_STEP][PASSED] - println(symbol): null

2019-08-15 16:35:41 - [TEST_STEP][PASSED] - if (i == 2 &amp;&amp; wildList.indexOf(symbol) != -1): null

2019-08-15 16:35:41 - [TEST_STEP][PASSED] - if (i == 3 &amp;&amp; wildList.indexOf(symbol) != -1): null

2019-08-15 16:35:41 - [TEST_STEP][PASSED] - if (i == 4 &amp;&amp; wildList.indexOf(symbol) != -1): null

2019-08-15 16:35:41 - [TEST_STEP][PASSED] - symbol = symbol: null

2019-08-15 16:35:41 - [TEST_STEP][PASSED] - println(symbol): null

2019-08-15 16:35:41 - [TEST_STEP][PASSED] - if (i == 2 &amp;&amp; wildList.indexOf(symbol) != -1): null

2019-08-15 16:35:41 - [TEST_STEP][PASSED] - if (i == 3 &amp;&amp; wildList.indexOf(symbol) != -1): null

2019-08-15 16:35:45 - [TEST_STEP][PASSED] - if (i == 4 &amp;&amp; wildList.indexOf(symbol) != -1): null

2019-08-15 16:35:45 - [TEST_STEP][PASSED] - symbol = symbol: null

2019-08-15 16:35:45 - [TEST_STEP][PASSED] - println(symbol): null

2019-08-15 16:35:45 - [TEST_STEP][PASSED] - if (i == 2 &amp;&amp; wildList.indexOf(symbol) != -1): null

2019-08-15 16:35:45 - [TEST_STEP][PASSED] - if (i == 3 &amp;&amp; wildList.indexOf(symbol) != -1): null

2019-08-15 16:35:45 - [TEST_STEP][PASSED] - if (i == 4 &amp;&amp; wildList.indexOf(symbol) != -1): null

2019-08-15 16:35:45 - [TEST_STEP][PASSED] - symbols = symbols: null

2019-08-15 16:35:45 - [TEST_STEP][PASSED] - for ([j = 0, j &lt; symbols.size(), (j++)]): null

2019-08-15 16:35:45 - [TEST_STEP][PASSED] - symbol = symbol: null

2019-08-15 16:35:45 - [TEST_STEP][PASSED] - println(symbol): null

2019-08-15 16:35:50 - [TEST_STEP][PASSED] - if (i == 2 &amp;&amp; wildList.indexOf(symbol) != -1): null

2019-08-15 16:35:50 - [TEST_STEP][PASSED] - if (i == 3 &amp;&amp; wildList.indexOf(symbol) != -1): null

2019-08-15 16:35:50 - [TEST_STEP][PASSED] - if (i == 4 &amp;&amp; wildList.indexOf(symbol) != -1): null

2019-08-15 16:35:50 - [TEST_STEP][PASSED] - symbol = symbol: null

2019-08-15 16:35:50 - [TEST_STEP][PASSED] - println(symbol): null

2019-08-15 16:35:50 - [TEST_STEP][PASSED] - if (i == 2 &amp;&amp; wildList.indexOf(symbol) != -1): null

2019-08-15 16:35:50 - [TEST_STEP][PASSED] - if (i == 3 &amp;&amp; wildList.indexOf(symbol) != -1): null

2019-08-15 16:35:50 - [TEST_STEP][PASSED] - if (i == 4 &amp;&amp; wildList.indexOf(symbol) != -1): null

2019-08-15 16:35:50 - [TEST_STEP][PASSED] - symbol = symbol: null

2019-08-15 16:35:50 - [TEST_STEP][PASSED] - println(symbol): null

2019-08-15 16:35:50 - [TEST_STEP][PASSED] - if (i == 2 &amp;&amp; wildList.indexOf(symbol) != -1): null

2019-08-15 16:35:50 - [TEST_STEP][PASSED] - if (i == 3 &amp;&amp; wildList.indexOf(symbol) != -1): null

2019-08-15 16:35:50 - [TEST_STEP][PASSED] - if (i == 4 &amp;&amp; wildList.indexOf(symbol) != -1): null

2019-08-15 16:35:50 - [TEST_STEP][PASSED] - symbols = symbols: null

2019-08-15 16:35:50 - [TEST_STEP][PASSED] - for ([j = 0, j &lt; symbols.size(), (j++)]): null

2019-08-15 16:35:50 - [TEST_STEP][PASSED] - symbol = symbol: null

2019-08-15 16:35:50 - [TEST_STEP][PASSED] - println(symbol): null

2019-08-15 16:35:50 - [TEST_STEP][PASSED] - if (i == 2 &amp;&amp; wildList.indexOf(symbol) != -1): null

2019-08-15 16:35:50 - [TEST_STEP][PASSED] - if (i == 3 &amp;&amp; wildList.indexOf(symbol) != -1): null

2019-08-15 16:35:50 - [TEST_STEP][PASSED] - if (i == 4 &amp;&amp; wildList.indexOf(symbol) != -1): null

2019-08-15 16:35:50 - [TEST_STEP][PASSED] - symbol = symbol: null

2019-08-15 16:35:50 - [TEST_STEP][PASSED] - println(symbol): null

2019-08-15 16:35:50 - [TEST_STEP][PASSED] - if (i == 2 &amp;&amp; wildList.indexOf(symbol) != -1): null

2019-08-15 16:35:50 - [TEST_STEP][PASSED] - if (i == 3 &amp;&amp; wildList.indexOf(symbol) != -1): null

2019-08-15 16:35:50 - [TEST_STEP][PASSED] - if (i == 4 &amp;&amp; wildList.indexOf(symbol) != -1): null

2019-08-15 16:35:50 - [TEST_STEP][PASSED] - symbol = symbol: null

2019-08-15 16:35:50 - [TEST_STEP][PASSED] - println(symbol): null

2019-08-15 16:35:50 - [TEST_STEP][PASSED] - if (i == 2 &amp;&amp; wildList.indexOf(symbol) != -1): null

2019-08-15 16:35:50 - [TEST_STEP][PASSED] - if (i == 3 &amp;&amp; wildList.indexOf(symbol) != -1): null

2019-08-15 16:35:50 - [TEST_STEP][PASSED] - if (i == 4 &amp;&amp; wildList.indexOf(symbol) != -1): null

2019-08-15 16:35:50 - [TEST_STEP][PASSED] - symbols = symbols: null

2019-08-15 16:35:50 - [TEST_STEP][PASSED] - for ([j = 0, j &lt; symbols.size(), (j++)]): null

2019-08-15 16:35:50 - [TEST_STEP][PASSED] - symbol = symbol: null

2019-08-15 16:35:50 - [TEST_STEP][PASSED] - println(symbol): null

2019-08-15 16:35:50 - [TEST_STEP][PASSED] - if (i == 2 &amp;&amp; wildList.indexOf(symbol) != -1): null

2019-08-15 16:35:50 - [TEST_STEP][PASSED] - if (i == 3 &amp;&amp; wildList.indexOf(symbol) != -1): null

2019-08-15 16:35:50 - [TEST_STEP][PASSED] - if (i == 4 &amp;&amp; wildList.indexOf(symbol) != -1): null

2019-08-15 16:35:50 - [TEST_STEP][PASSED] - symbol = symbol: null

2019-08-15 16:35:50 - [TEST_STEP][PASSED] - println(symbol): null

2019-08-15 16:35:50 - [TEST_STEP][PASSED] - if (i == 2 &amp;&amp; wildList.indexOf(symbol) != -1): null

2019-08-15 16:35:50 - [TEST_STEP][PASSED] - if (i == 3 &amp;&amp; wildList.indexOf(symbol) != -1): null

2019-08-15 16:35:50 - [TEST_STEP][PASSED] - if (i == 4 &amp;&amp; wildList.indexOf(symbol) != -1): null

2019-08-15 16:35:50 - [TEST_STEP][PASSED] - symbol = symbol: null

2019-08-15 16:35:50 - [TEST_STEP][PASSED] - println(symbol): null

2019-08-15 16:35:50 - [TEST_STEP][PASSED] - if (i == 2 &amp;&amp; wildList.indexOf(symbol) != -1): null

2019-08-15 16:35:50 - [TEST_STEP][PASSED] - if (i == 3 &amp;&amp; wildList.indexOf(symbol) != -1): null

2019-08-15 16:35:50 - [TEST_STEP][PASSED] - if (i == 4 &amp;&amp; wildList.indexOf(symbol) != -1): null

2019-08-15 16:35:50 - [TEST_STEP][PASSED] - symbols = symbols: null

2019-08-15 16:35:50 - [TEST_STEP][PASSED] - for ([j = 0, j &lt; symbols.size(), (j++)]): null

2019-08-15 16:35:50 - [TEST_STEP][PASSED] - symbol = symbol: null

2019-08-15 16:35:50 - [TEST_STEP][PASSED] - println(symbol): null

2019-08-15 16:35:50 - [TEST_STEP][PASSED] - if (i == 2 &amp;&amp; wildList.indexOf(symbol) != -1): null

2019-08-15 16:35:50 - [TEST_STEP][PASSED] - if (i == 3 &amp;&amp; wildList.indexOf(symbol) != -1): null

2019-08-15 16:35:50 - [TEST_STEP][PASSED] - if (i == 4 &amp;&amp; wildList.indexOf(symbol) != -1): null

2019-08-15 16:35:50 - [TEST_STEP][PASSED] - symbol = symbol: null

2019-08-15 16:35:50 - [TEST_STEP][PASSED] - println(symbol): null

2019-08-15 16:35:50 - [TEST_STEP][PASSED] - if (i == 2 &amp;&amp; wildList.indexOf(symbol) != -1): null

2019-08-15 16:35:50 - [TEST_STEP][PASSED] - if (i == 3 &amp;&amp; wildList.indexOf(symbol) != -1): null

2019-08-15 16:35:50 - [TEST_STEP][PASSED] - if (i == 4 &amp;&amp; wildList.indexOf(symbol) != -1): null

2019-08-15 16:35:50 - [TEST_STEP][PASSED] - symbol = symbol: null

2019-08-15 16:35:50 - [TEST_STEP][PASSED] - println(symbol): null

2019-08-15 16:35:50 - [TEST_STEP][PASSED] - if (i == 2 &amp;&amp; wildList.indexOf(symbol) != -1): null

2019-08-15 16:35:50 - [TEST_STEP][PASSED] - if (i == 3 &amp;&amp; wildList.indexOf(symbol) != -1): null

2019-08-15 16:35:50 - [TEST_STEP][PASSED] - if (i == 4 &amp;&amp; wildList.indexOf(symbol) != -1): null

2019-08-15 16:35:50 - [TEST_STEP][PASSED] - free_spin_reel_counter = free_spin_reel_counter: null

2019-08-15 16:35:50 - [TEST_STEP][PASSED] - println("reel 3 wild found: " + free_spin_reel_counter[0]): null

2019-08-15 16:35:50 - [TEST_STEP][PASSED] - println("reel 4 wild found: " + free_spin_reel_counter[1]): null

2019-08-15 16:35:50 - [TEST_STEP][PASSED] - println("reel 5 wild found: " + free_spin_reel_counter[2]): null

2019-08-15 16:35:50 - [TEST_STEP][PASSED] - M4_spin_reels = M4_spin_reels: null

2019-08-15 16:35:50 - [TEST_STEP][PASSED] - M4_spin_reels_symbols = symbol: null

2019-08-15 16:35:50 - [TEST_STEP][PASSED] - M4_spin_reels_symbols = M4_spin_reels_symbols: null

2019-08-15 16:35:50 - [TEST_STEP][PASSED] - M4_spin_reel_wins = reel_wins: null

2019-08-15 16:35:50 - [TEST_STEP][PASSED] - M4_spin_reel_wins = M4_spin_reel_wins: null

2019-08-15 16:35:50 - [TEST_STEP][PASSED] - println("GlobalVariable.M4_spin_reel_wins is: " + M4_spin_reel_wins): null

2019-08-15 16:35:50 - [TEST_STEP][PASSED] - M4_spin_total_bonus_win_this_round = total_bonus_win_this_round: null

2019-08-15 16:35:50 - [TEST_STEP][PASSED] - M4_spin_total_bonus_win_this_round = M4_spin_total_bonus_win_this_round: null

2019-08-15 16:35:50 - [TEST_STEP][PASSED] - println("GlobalVariable.M4_spin_total_bonus_win_this_round is: " + M4_spin_total_bonus_win_this_round): null

2019-08-15 16:35:50 - [MESSAGE][PASSED] - Verify response successfully

2019-08-15 16:35:50 - [MESSAGE][PASSED] - Send request and verify the response successfully

2019-08-15 16:35:50 - [TEST_STEP][PASSED] - if (M4_total_bonus_spins_int != 0 &amp;&amp; M4_spin_reels_symbols[2].contains("WILD_Normal") || M4_spin_reels_symbols[3].contains("WILD_Normal") || M4_spin_reels_symbols[4].contains("WILD_Normal")): null

2019-08-15 16:35:50 - [TEST_STEP][PASSED] - free_spin_reel_counter = free_spin_reel_counter: null

2019-08-15 16:35:50 - [TEST_STEP][PASSED] - M4_spin_reels_symbols = M4_spin_reels_symbols: null

2019-08-15 16:35:50 - [TEST_STEP][PASSED] - M4_total_bonus_spins = M4_total_bonus_spins: null

2019-08-15 16:35:50 - [TEST_STEP][PASSED] - spin_result = sendRequestAndVerify(findTestObject("STG/RGS(M4)/1_M4_spin", ["M4_login_user_id":M4_login_user_id, "rgs_session_token":rgs_session_token, "partner":Partner])): Send request and verify the response successfully

2019-08-15 16:35:50 - [TEST_CASE][PASSED] - Start Test Case : Verification: Verification accomplished successfully

2019-08-15 16:35:50 - [TEST_STEP][PASSED] - request = getInstance().getCurrentRequest(): null

2019-08-15 16:35:50 - [TEST_STEP][PASSED] - response = getInstance().getCurrentResponse(): null

2019-08-15 16:35:50 - [TEST_STEP][PASSED] - verifyResponseStatusCode(response, 200): Verify response status code successfully

2019-08-15 16:35:50 - [MESSAGE][PASSED] - Verify response status code successfully

2019-08-15 16:35:50 - [TEST_STEP][PASSED] - getStatusCode()).isEqualTo(200): null

2019-08-15 16:35:50 - [TEST_STEP][PASSED] - newline = System.getProperty("line.separator"): null

2019-08-15 16:35:50 - [TEST_STEP][PASSED] - M4_spin = new groovy.json.JsonSlurper(): null

2019-08-15 16:35:50 - [TEST_STEP][PASSED] - result_M4_spin = M4_spin.parseText(response.getResponseBodyContent()): null

2019-08-15 16:35:50 - [TEST_STEP][PASSED] - M4_spin_current_balance = current_balance: null

2019-08-15 16:35:50 - [TEST_STEP][PASSED] - M4_spin_current_balance = M4_spin_current_balance: null

2019-08-15 16:35:50 - [TEST_STEP][PASSED] - M4_spin_transaction_id = causality: null

2019-08-15 16:35:50 - [TEST_STEP][PASSED] - M4_spin_transaction_id = M4_spin_transaction_id: null

2019-08-15 16:35:50 - [TEST_STEP][PASSED] - M4_spin_round_id = round_id: null

2019-08-15 16:35:50 - [TEST_STEP][PASSED] - M4_spin_round_id = M4_spin_round_id: null

2019-08-15 16:35:50 - [TEST_STEP][PASSED] - M4_spin_line_wins = line_wins: null

2019-08-15 16:35:50 - [TEST_STEP][PASSED] - M4_spin_line_wins = M4_spin_line_wins: null

2019-08-15 16:35:50 - [TEST_STEP][PASSED] - M4_total_bonus_spins_int = total_bonus_spins: null

2019-08-15 16:35:50 - [TEST_STEP][PASSED] - println("******M4_total_bonus_spins type is:*******" + newline + getClass().getName()): null

2019-08-15 16:35:50 - [TEST_STEP][PASSED] - M4_total_bonus_spins_int = M4_total_bonus_spins_int: null

2019-08-15 16:35:50 - [TEST_STEP][PASSED] - M4_total_bonus_spins = Integer.toString(M4_total_bonus_spins_int): null

2019-08-15 16:35:50 - [TEST_STEP][PASSED] - M4_total_bonus_spins = M4_total_bonus_spins: null

2019-08-15 16:35:50 - [TEST_STEP][PASSED] - println("M4_total_bonus_spins is:" + M4_total_bonus_spins): null

2019-08-15 16:35:50 - [TEST_STEP][PASSED] - M4_spin_bonus_data = bonus_data: null

2019-08-15 16:35:50 - [TEST_STEP][PASSED] - M4_spin_features_triggered = result_M4_spin: null

2019-08-15 16:35:50 - [TEST_STEP][PASSED] - wild = []: null

2019-08-15 16:35:50 - [TEST_STEP][PASSED] - wild[0] = "WILD_Expanding": null

2019-08-15 16:35:50 - [TEST_STEP][PASSED] - wild[1] = "WILD_Normal": null

2019-08-15 16:35:50 - [TEST_STEP][PASSED] - wild[2] = "WILD_Double": null

2019-08-15 16:35:50 - [TEST_STEP][PASSED] - wild[3] = "WILD_ExtraFG": null

2019-08-15 16:35:50 - [TEST_STEP][PASSED] - wild[4] = "WILD_Triple": null

2019-08-15 16:35:50 - [TEST_STEP][PASSED] - wildList = Arrays.asList(wild): null

2019-08-15 16:35:50 - [TEST_STEP][PASSED] - wildList = wildList: null

2019-08-15 16:35:50 - [TEST_STEP][PASSED] - free_spin_reel_counter = []: null

2019-08-15 16:35:50 - [TEST_STEP][PASSED] - free_spin_reel_counter[0] = 0: null

2019-08-15 16:35:50 - [TEST_STEP][PASSED] - free_spin_reel_counter[1] = 0: null

2019-08-15 16:35:50 - [TEST_STEP][PASSED] - free_spin_reel_counter[2] = 0: null

2019-08-15 16:35:50 - [TEST_STEP][PASSED] - M4_spin_reels = reels: null

2019-08-15 16:35:50 - [TEST_STEP][PASSED] - for ([i = 0, i &lt; M4_spin_reels.size(), (i++)]): null

2019-08-15 16:35:50 - [TEST_STEP][PASSED] - symbols = symbols: null

2019-08-15 16:35:50 - [TEST_STEP][PASSED] - for ([j = 0, j &lt; symbols.size(), (j++)]): null

2019-08-15 16:35:50 - [TEST_STEP][PASSED] - symbol = symbol: null

2019-08-15 16:35:50 - [TEST_STEP][PASSED] - println(symbol): null

2019-08-15 16:35:50 - [TEST_STEP][PASSED] - if (i == 2 &amp;&amp; wildList.indexOf(symbol) != -1): null

2019-08-15 16:35:50 - [TEST_STEP][PASSED] - if (i == 3 &amp;&amp; wildList.indexOf(symbol) != -1): null

2019-08-15 16:35:50 - [TEST_STEP][PASSED] - if (i == 4 &amp;&amp; wildList.indexOf(symbol) != -1): null

2019-08-15 16:35:50 - [TEST_STEP][PASSED] - symbol = symbol: null

2019-08-15 16:35:50 - [TEST_STEP][PASSED] - println(symbol): null

2019-08-15 16:35:50 - [TEST_STEP][PASSED] - if (i == 2 &amp;&amp; wildList.indexOf(symbol) != -1): null

2019-08-15 16:35:50 - [TEST_STEP][PASSED] - if (i == 3 &amp;&amp; wildList.indexOf(symbol) != -1): null

2019-08-15 16:35:50 - [TEST_STEP][PASSED] - if (i == 4 &amp;&amp; wildList.indexOf(symbol) != -1): null

2019-08-15 16:35:50 - [TEST_STEP][PASSED] - symbol = symbol: null

2019-08-15 16:35:50 - [TEST_STEP][PASSED] - println(symbol): null

2019-08-15 16:35:50 - [TEST_STEP][PASSED] - if (i == 2 &amp;&amp; wildList.indexOf(symbol) != -1): null

2019-08-15 16:35:50 - [TEST_STEP][PASSED] - if (i == 3 &amp;&amp; wildList.indexOf(symbol) != -1): null

2019-08-15 16:35:50 - [TEST_STEP][PASSED] - if (i == 4 &amp;&amp; wildList.indexOf(symbol) != -1): null

2019-08-15 16:35:50 - [TEST_STEP][PASSED] - symbols = symbols: null

2019-08-15 16:35:50 - [TEST_STEP][PASSED] - for ([j = 0, j &lt; symbols.size(), (j++)]): null

2019-08-15 16:35:50 - [TEST_STEP][PASSED] - symbol = symbol: null

2019-08-15 16:35:50 - [TEST_STEP][PASSED] - println(symbol): null

2019-08-15 16:35:50 - [TEST_STEP][PASSED] - if (i == 2 &amp;&amp; wildList.indexOf(symbol) != -1): null

2019-08-15 16:35:50 - [TEST_STEP][PASSED] - if (i == 3 &amp;&amp; wildList.indexOf(symbol) != -1): null

2019-08-15 16:35:50 - [TEST_STEP][PASSED] - if (i == 4 &amp;&amp; wildList.indexOf(symbol) != -1): null

2019-08-15 16:35:50 - [TEST_STEP][PASSED] - symbol = symbol: null

2019-08-15 16:35:50 - [TEST_STEP][PASSED] - println(symbol): null

2019-08-15 16:35:50 - [TEST_STEP][PASSED] - if (i == 2 &amp;&amp; wildList.indexOf(symbol) != -1): null

2019-08-15 16:35:50 - [TEST_STEP][PASSED] - if (i == 3 &amp;&amp; wildList.indexOf(symbol) != -1): null

2019-08-15 16:35:50 - [TEST_STEP][PASSED] - if (i == 4 &amp;&amp; wildList.indexOf(symbol) != -1): null

2019-08-15 16:35:50 - [TEST_STEP][PASSED] - symbol = symbol: null

2019-08-15 16:35:50 - [TEST_STEP][PASSED] - println(symbol): null

2019-08-15 16:35:50 - [TEST_STEP][PASSED] - if (i == 2 &amp;&amp; wildList.indexOf(symbol) != -1): null

2019-08-15 16:35:50 - [TEST_STEP][PASSED] - if (i == 3 &amp;&amp; wildList.indexOf(symbol) != -1): null

2019-08-15 16:35:50 - [TEST_STEP][PASSED] - if (i == 4 &amp;&amp; wildList.indexOf(symbol) != -1): null

2019-08-15 16:35:50 - [TEST_STEP][PASSED] - symbols = symbols: null

2019-08-15 16:35:50 - [TEST_STEP][PASSED] - for ([j = 0, j &lt; symbols.size(), (j++)]): null

2019-08-15 16:35:50 - [TEST_STEP][PASSED] - symbol = symbol: null

2019-08-15 16:35:50 - [TEST_STEP][PASSED] - println(symbol): null

2019-08-15 16:35:50 - [TEST_STEP][PASSED] - if (i == 2 &amp;&amp; wildList.indexOf(symbol) != -1): null

2019-08-15 16:35:50 - [TEST_STEP][PASSED] - if (i == 3 &amp;&amp; wildList.indexOf(symbol) != -1): null

2019-08-15 16:35:50 - [TEST_STEP][PASSED] - if (i == 4 &amp;&amp; wildList.indexOf(symbol) != -1): null

2019-08-15 16:35:50 - [TEST_STEP][PASSED] - symbol = symbol: null

2019-08-15 16:35:50 - [TEST_STEP][PASSED] - println(symbol): null

2019-08-15 16:35:50 - [TEST_STEP][PASSED] - if (i == 2 &amp;&amp; wildList.indexOf(symbol) != -1): null

2019-08-15 16:35:50 - [TEST_STEP][PASSED] - if (i == 3 &amp;&amp; wildList.indexOf(symbol) != -1): null

2019-08-15 16:35:50 - [TEST_STEP][PASSED] - if (i == 4 &amp;&amp; wildList.indexOf(symbol) != -1): null

2019-08-15 16:35:50 - [TEST_STEP][PASSED] - symbol = symbol: null

2019-08-15 16:35:50 - [TEST_STEP][PASSED] - println(symbol): null

2019-08-15 16:35:50 - [TEST_STEP][PASSED] - if (i == 2 &amp;&amp; wildList.indexOf(symbol) != -1): null

2019-08-15 16:35:50 - [TEST_STEP][PASSED] - if (i == 3 &amp;&amp; wildList.indexOf(symbol) != -1): null

2019-08-15 16:35:50 - [TEST_STEP][PASSED] - if (i == 4 &amp;&amp; wildList.indexOf(symbol) != -1): null

2019-08-15 16:35:50 - [TEST_STEP][PASSED] - symbols = symbols: null

2019-08-15 16:35:50 - [TEST_STEP][PASSED] - for ([j = 0, j &lt; symbols.size(), (j++)]): null

2019-08-15 16:35:50 - [TEST_STEP][PASSED] - symbol = symbol: null

2019-08-15 16:35:50 - [TEST_STEP][PASSED] - println(symbol): null

2019-08-15 16:35:50 - [TEST_STEP][PASSED] - if (i == 2 &amp;&amp; wildList.indexOf(symbol) != -1): null

2019-08-15 16:35:50 - [TEST_STEP][PASSED] - if (i == 3 &amp;&amp; wildList.indexOf(symbol) != -1): null

2019-08-15 16:35:50 - [TEST_STEP][PASSED] - if (i == 4 &amp;&amp; wildList.indexOf(symbol) != -1): null

2019-08-15 16:35:50 - [TEST_STEP][PASSED] - symbol = symbol: null

2019-08-15 16:35:50 - [TEST_STEP][PASSED] - println(symbol): null

2019-08-15 16:35:50 - [TEST_STEP][PASSED] - if (i == 2 &amp;&amp; wildList.indexOf(symbol) != -1): null

2019-08-15 16:35:50 - [TEST_STEP][PASSED] - if (i == 3 &amp;&amp; wildList.indexOf(symbol) != -1): null

2019-08-15 16:35:50 - [TEST_STEP][PASSED] - if (i == 4 &amp;&amp; wildList.indexOf(symbol) != -1): null

2019-08-15 16:35:50 - [TEST_STEP][PASSED] - symbol = symbol: null

2019-08-15 16:35:50 - [TEST_STEP][PASSED] - println(symbol): null

2019-08-15 16:35:50 - [TEST_STEP][PASSED] - if (i == 2 &amp;&amp; wildList.indexOf(symbol) != -1): null

2019-08-15 16:35:50 - [TEST_STEP][PASSED] - if (i == 3 &amp;&amp; wildList.indexOf(symbol) != -1): null

2019-08-15 16:35:50 - [TEST_STEP][PASSED] - if (i == 4 &amp;&amp; wildList.indexOf(symbol) != -1): null

2019-08-15 16:35:50 - [TEST_STEP][PASSED] - symbols = symbols: null

2019-08-15 16:35:50 - [TEST_STEP][PASSED] - for ([j = 0, j &lt; symbols.size(), (j++)]): null

2019-08-15 16:35:50 - [TEST_STEP][PASSED] - symbol = symbol: null

2019-08-15 16:35:50 - [TEST_STEP][PASSED] - println(symbol): null

2019-08-15 16:35:50 - [TEST_STEP][PASSED] - if (i == 2 &amp;&amp; wildList.indexOf(symbol) != -1): null

2019-08-15 16:35:50 - [TEST_STEP][PASSED] - if (i == 3 &amp;&amp; wildList.indexOf(symbol) != -1): null

2019-08-15 16:35:50 - [TEST_STEP][PASSED] - if (i == 4 &amp;&amp; wildList.indexOf(symbol) != -1): null

2019-08-15 16:35:50 - [TEST_STEP][PASSED] - symbol = symbol: null

2019-08-15 16:35:50 - [TEST_STEP][PASSED] - println(symbol): null

2019-08-15 16:35:50 - [TEST_STEP][PASSED] - if (i == 2 &amp;&amp; wildList.indexOf(symbol) != -1): null

2019-08-15 16:35:50 - [TEST_STEP][PASSED] - if (i == 3 &amp;&amp; wildList.indexOf(symbol) != -1): null

2019-08-15 16:35:50 - [TEST_STEP][PASSED] - if (i == 4 &amp;&amp; wildList.indexOf(symbol) != -1): null

2019-08-15 16:35:50 - [TEST_STEP][PASSED] - symbol = symbol: null

2019-08-15 16:35:50 - [TEST_STEP][PASSED] - println(symbol): null

2019-08-15 16:35:50 - [TEST_STEP][PASSED] - if (i == 2 &amp;&amp; wildList.indexOf(symbol) != -1): null

2019-08-15 16:35:50 - [TEST_STEP][PASSED] - if (i == 3 &amp;&amp; wildList.indexOf(symbol) != -1): null

2019-08-15 16:35:50 - [TEST_STEP][PASSED] - if (i == 4 &amp;&amp; wildList.indexOf(symbol) != -1): null

2019-08-15 16:35:50 - [TEST_STEP][PASSED] - free_spin_reel_counter = free_spin_reel_counter: null

2019-08-15 16:35:50 - [TEST_STEP][PASSED] - println("reel 3 wild found: " + free_spin_reel_counter[0]): null

2019-08-15 16:35:50 - [TEST_STEP][PASSED] - println("reel 4 wild found: " + free_spin_reel_counter[1]): null

2019-08-15 16:35:50 - [TEST_STEP][PASSED] - println("reel 5 wild found: " + free_spin_reel_counter[2]): null

2019-08-15 16:35:50 - [TEST_STEP][PASSED] - M4_spin_reels = M4_spin_reels: null

2019-08-15 16:35:50 - [TEST_STEP][PASSED] - M4_spin_reels_symbols = symbol: null

2019-08-15 16:35:50 - [TEST_STEP][PASSED] - M4_spin_reels_symbols = M4_spin_reels_symbols: null

2019-08-15 16:35:50 - [TEST_STEP][PASSED] - M4_spin_reel_wins = reel_wins: null

2019-08-15 16:35:50 - [TEST_STEP][PASSED] - M4_spin_reel_wins = M4_spin_reel_wins: null

2019-08-15 16:35:50 - [TEST_STEP][PASSED] - println("GlobalVariable.M4_spin_reel_wins is: " + M4_spin_reel_wins): null

2019-08-15 16:35:50 - [TEST_STEP][PASSED] - M4_spin_total_bonus_win_this_round = total_bonus_win_this_round: null

2019-08-15 16:35:50 - [TEST_STEP][PASSED] - M4_spin_total_bonus_win_this_round = M4_spin_total_bonus_win_this_round: null

2019-08-15 16:35:50 - [TEST_STEP][PASSED] - println("GlobalVariable.M4_spin_total_bonus_win_this_round is: " + M4_spin_total_bonus_win_this_round): null

2019-08-15 16:35:50 - [MESSAGE][PASSED] - Verify response successfully

2019-08-15 16:35:50 - [MESSAGE][PASSED] - Send request and verify the response successfully

2019-08-15 16:35:50 - [TEST_STEP][PASSED] - if (M4_total_bonus_spins_int != 0 &amp;&amp; M4_spin_reels_symbols[2].contains("WILD_Normal") || M4_spin_reels_symbols[3].contains("WILD_Normal") || M4_spin_reels_symbols[4].contains("WILD_Normal")): null

2019-08-15 16:35:50 - [TEST_STEP][PASSED] - free_spin_reel_counter = free_spin_reel_counter: null

2019-08-15 16:35:50 - [TEST_STEP][PASSED] - M4_spin_reels_symbols = M4_spin_reels_symbols: null

2019-08-15 16:35:50 - [TEST_STEP][PASSED] - M4_total_bonus_spins = M4_total_bonus_spins: null

2019-08-15 16:35:50 - [TEST_STEP][PASSED] - spin_result = sendRequestAndVerify(findTestObject("STG/RGS(M4)/1_M4_spin", ["M4_login_user_id":M4_login_user_id, "rgs_session_token":rgs_session_token, "partner":Partner])): Send request and verify the response successfully

2019-08-15 16:35:50 - [TEST_CASE][PASSED] - Start Test Case : Verification: Verification accomplished successfully

2019-08-15 16:35:50 - [TEST_STEP][PASSED] - request = getInstance().getCurrentRequest(): null

2019-08-15 16:35:51 - [TEST_STEP][PASSED] - response = getInstance().getCurrentResponse(): null

2019-08-15 16:35:51 - [TEST_STEP][PASSED] - verifyResponseStatusCode(response, 200): Verify response status code successfully

2019-08-15 16:35:51 - [MESSAGE][PASSED] - Verify response status code successfully

2019-08-15 16:35:51 - [TEST_STEP][PASSED] - getStatusCode()).isEqualTo(200): null

2019-08-15 16:35:51 - [TEST_STEP][PASSED] - newline = System.getProperty("line.separator"): null

2019-08-15 16:35:51 - [TEST_STEP][PASSED] - M4_spin = new groovy.json.JsonSlurper(): null

2019-08-15 16:35:51 - [TEST_STEP][PASSED] - result_M4_spin = M4_spin.parseText(response.getResponseBodyContent()): null

2019-08-15 16:35:51 - [TEST_STEP][PASSED] - M4_spin_current_balance = current_balance: null

2019-08-15 16:35:51 - [TEST_STEP][PASSED] - M4_spin_current_balance = M4_spin_current_balance: null

2019-08-15 16:35:51 - [TEST_STEP][PASSED] - M4_spin_transaction_id = causality: null

2019-08-15 16:35:51 - [TEST_STEP][PASSED] - M4_spin_transaction_id = M4_spin_transaction_id: null

2019-08-15 16:35:51 - [TEST_STEP][PASSED] - M4_spin_round_id = round_id: null

2019-08-15 16:35:51 - [TEST_STEP][PASSED] - M4_spin_round_id = M4_spin_round_id: null

2019-08-15 16:35:51 - [TEST_STEP][PASSED] - M4_spin_line_wins = line_wins: null

2019-08-15 16:35:51 - [TEST_STEP][PASSED] - M4_spin_line_wins = M4_spin_line_wins: null

2019-08-15 16:35:51 - [TEST_STEP][PASSED] - M4_total_bonus_spins_int = total_bonus_spins: null

2019-08-15 16:35:51 - [TEST_STEP][PASSED] - println("******M4_total_bonus_spins type is:*******" + newline + getClass().getName()): null

2019-08-15 16:35:51 - [TEST_STEP][PASSED] - M4_total_bonus_spins_int = M4_total_bonus_spins_int: null

2019-08-15 16:35:51 - [TEST_STEP][PASSED] - M4_total_bonus_spins = Integer.toString(M4_total_bonus_spins_int): null

2019-08-15 16:35:51 - [TEST_STEP][PASSED] - M4_total_bonus_spins = M4_total_bonus_spins: null

2019-08-15 16:35:51 - [TEST_STEP][PASSED] - println("M4_total_bonus_spins is:" + M4_total_bonus_spins): null

2019-08-15 16:35:51 - [TEST_STEP][PASSED] - M4_spin_bonus_data = bonus_data: null

2019-08-15 16:35:51 - [TEST_STEP][PASSED] - M4_spin_features_triggered = result_M4_spin: null

2019-08-15 16:35:51 - [TEST_STEP][PASSED] - wild = []: null

2019-08-15 16:35:51 - [TEST_STEP][PASSED] - wild[0] = "WILD_Expanding": null

2019-08-15 16:35:51 - [TEST_STEP][PASSED] - wild[1] = "WILD_Normal": null

2019-08-15 16:35:51 - [TEST_STEP][PASSED] - wild[2] = "WILD_Double": null

2019-08-15 16:35:51 - [TEST_STEP][PASSED] - wild[3] = "WILD_ExtraFG": null

2019-08-15 16:35:51 - [TEST_STEP][PASSED] - wild[4] = "WILD_Triple": null

2019-08-15 16:35:51 - [TEST_STEP][PASSED] - wildList = Arrays.asList(wild): null

2019-08-15 16:35:51 - [TEST_STEP][PASSED] - wildList = wildList: null

2019-08-15 16:35:51 - [TEST_STEP][PASSED] - free_spin_reel_counter = []: null

2019-08-15 16:35:51 - [TEST_STEP][PASSED] - free_spin_reel_counter[0] = 0: null

2019-08-15 16:35:51 - [TEST_STEP][PASSED] - free_spin_reel_counter[1] = 0: null

2019-08-15 16:35:51 - [TEST_STEP][PASSED] - free_spin_reel_counter[2] = 0: null

2019-08-15 16:35:51 - [TEST_STEP][PASSED] - M4_spin_reels = reels: null

2019-08-15 16:35:51 - [TEST_STEP][PASSED] - for ([i = 0, i &lt; M4_spin_reels.size(), (i++)]): null

2019-08-15 16:35:51 - [TEST_STEP][PASSED] - symbols = symbols: null

2019-08-15 16:35:51 - [TEST_STEP][PASSED] - for ([j = 0, j &lt; symbols.size(), (j++)]): null

2019-08-15 16:35:51 - [TEST_STEP][PASSED] - symbol = symbol: null

2019-08-15 16:35:51 - [TEST_STEP][PASSED] - println(symbol): null

2019-08-15 16:35:51 - [TEST_STEP][PASSED] - if (i == 2 &amp;&amp; wildList.indexOf(symbol) != -1): null

2019-08-15 16:35:51 - [TEST_STEP][PASSED] - if (i == 3 &amp;&amp; wildList.indexOf(symbol) != -1): null

2019-08-15 16:35:51 - [TEST_STEP][PASSED] - if (i == 4 &amp;&amp; wildList.indexOf(symbol) != -1): null

2019-08-15 16:35:51 - [TEST_STEP][PASSED] - symbol = symbol: null

2019-08-15 16:35:51 - [TEST_STEP][PASSED] - println(symbol): null

2019-08-15 16:35:51 - [TEST_STEP][PASSED] - if (i == 2 &amp;&amp; wildList.indexOf(symbol) != -1): null

2019-08-15 16:35:51 - [TEST_STEP][PASSED] - if (i == 3 &amp;&amp; wildList.indexOf(symbol) != -1): null

2019-08-15 16:35:51 - [TEST_STEP][PASSED] - if (i == 4 &amp;&amp; wildList.indexOf(symbol) != -1): null

2019-08-15 16:35:51 - [TEST_STEP][PASSED] - symbol = symbol: null

2019-08-15 16:35:51 - [TEST_STEP][PASSED] - println(symbol): null

2019-08-15 16:35:51 - [TEST_STEP][PASSED] - if (i == 2 &amp;&amp; wildList.indexOf(symbol) != -1): null

2019-08-15 16:35:51 - [TEST_STEP][PASSED] - if (i == 3 &amp;&amp; wildList.indexOf(symbol) != -1): null

2019-08-15 16:35:51 - [TEST_STEP][PASSED] - if (i == 4 &amp;&amp; wildList.indexOf(symbol) != -1): null

2019-08-15 16:35:51 - [TEST_STEP][PASSED] - symbols = symbols: null

2019-08-15 16:35:51 - [TEST_STEP][PASSED] - for ([j = 0, j &lt; symbols.size(), (j++)]): null

2019-08-15 16:35:51 - [TEST_STEP][PASSED] - symbol = symbol: null

2019-08-15 16:35:51 - [TEST_STEP][PASSED] - println(symbol): null

2019-08-15 16:35:51 - [TEST_STEP][PASSED] - if (i == 2 &amp;&amp; wildList.indexOf(symbol) != -1): null

2019-08-15 16:35:51 - [TEST_STEP][PASSED] - if (i == 3 &amp;&amp; wildList.indexOf(symbol) != -1): null

2019-08-15 16:35:51 - [TEST_STEP][PASSED] - if (i == 4 &amp;&amp; wildList.indexOf(symbol) != -1): null

2019-08-15 16:35:51 - [TEST_STEP][PASSED] - symbol = symbol: null

2019-08-15 16:35:51 - [TEST_STEP][PASSED] - println(symbol): null

2019-08-15 16:35:51 - [TEST_STEP][PASSED] - if (i == 2 &amp;&amp; wildList.indexOf(symbol) != -1): null

2019-08-15 16:35:51 - [TEST_STEP][PASSED] - if (i == 3 &amp;&amp; wildList.indexOf(symbol) != -1): null

2019-08-15 16:35:51 - [TEST_STEP][PASSED] - if (i == 4 &amp;&amp; wildList.indexOf(symbol) != -1): null

2019-08-15 16:35:51 - [TEST_STEP][PASSED] - symbol = symbol: null

2019-08-15 16:35:51 - [TEST_STEP][PASSED] - println(symbol): null

2019-08-15 16:35:51 - [TEST_STEP][PASSED] - if (i == 2 &amp;&amp; wildList.indexOf(symbol) != -1): null

2019-08-15 16:35:51 - [TEST_STEP][PASSED] - if (i == 3 &amp;&amp; wildList.indexOf(symbol) != -1): null

2019-08-15 16:35:51 - [TEST_STEP][PASSED] - if (i == 4 &amp;&amp; wildList.indexOf(symbol) != -1): null

2019-08-15 16:35:51 - [TEST_STEP][PASSED] - symbols = symbols: null

2019-08-15 16:35:51 - [TEST_STEP][PASSED] - for ([j = 0, j &lt; symbols.size(), (j++)]): null

2019-08-15 16:35:51 - [TEST_STEP][PASSED] - symbol = symbol: null

2019-08-15 16:35:51 - [TEST_STEP][PASSED] - println(symbol): null

2019-08-15 16:35:51 - [TEST_STEP][PASSED] - if (i == 2 &amp;&amp; wildList.indexOf(symbol) != -1): null

2019-08-15 16:35:51 - [TEST_STEP][PASSED] - if (i == 3 &amp;&amp; wildList.indexOf(symbol) != -1): null

2019-08-15 16:35:51 - [TEST_STEP][PASSED] - if (i == 4 &amp;&amp; wildList.indexOf(symbol) != -1): null

2019-08-15 16:35:51 - [TEST_STEP][PASSED] - symbol = symbol: null

2019-08-15 16:35:51 - [TEST_STEP][PASSED] - println(symbol): null

2019-08-15 16:35:51 - [TEST_STEP][PASSED] - if (i == 2 &amp;&amp; wildList.indexOf(symbol) != -1): null

2019-08-15 16:35:51 - [TEST_STEP][PASSED] - println("wild found on reel 3, adding counter by 1"): null

2019-08-15 16:35:51 - [TEST_STEP][PASSED] - free_spin_reel_counter[0] = free_spin_reel_counter[0] + 1: null

2019-08-15 16:35:51 - [TEST_STEP][PASSED] - if (i == 3 &amp;&amp; wildList.indexOf(symbol) != -1): null

2019-08-15 16:35:51 - [TEST_STEP][PASSED] - if (i == 4 &amp;&amp; wildList.indexOf(symbol) != -1): null

2019-08-15 16:35:51 - [TEST_STEP][PASSED] - symbol = symbol: null

2019-08-15 16:35:51 - [TEST_STEP][PASSED] - println(symbol): null

2019-08-15 16:35:51 - [TEST_STEP][PASSED] - if (i == 2 &amp;&amp; wildList.indexOf(symbol) != -1): null

2019-08-15 16:35:51 - [TEST_STEP][PASSED] - if (i == 3 &amp;&amp; wildList.indexOf(symbol) != -1): null

2019-08-15 16:35:51 - [TEST_STEP][PASSED] - if (i == 4 &amp;&amp; wildList.indexOf(symbol) != -1): null

2019-08-15 16:35:51 - [TEST_STEP][PASSED] - symbols = symbols: null

2019-08-15 16:35:51 - [TEST_STEP][PASSED] - for ([j = 0, j &lt; symbols.size(), (j++)]): null

2019-08-15 16:35:55 - [TEST_STEP][PASSED] - symbol = symbol: null

2019-08-15 16:35:55 - [TEST_STEP][PASSED] - println(symbol): null

2019-08-15 16:35:55 - [TEST_STEP][PASSED] - if (i == 2 &amp;&amp; wildList.indexOf(symbol) != -1): null

2019-08-15 16:35:55 - [TEST_STEP][PASSED] - if (i == 3 &amp;&amp; wildList.indexOf(symbol) != -1): null

2019-08-15 16:35:55 - [TEST_STEP][PASSED] - if (i == 4 &amp;&amp; wildList.indexOf(symbol) != -1): null

2019-08-15 16:35:55 - [TEST_STEP][PASSED] - symbol = symbol: null

2019-08-15 16:35:55 - [TEST_STEP][PASSED] - println(symbol): null

2019-08-15 16:35:55 - [TEST_STEP][PASSED] - if (i == 2 &amp;&amp; wildList.indexOf(symbol) != -1): null

2019-08-15 16:35:55 - [TEST_STEP][PASSED] - if (i == 3 &amp;&amp; wildList.indexOf(symbol) != -1): null

2019-08-15 16:35:55 - [TEST_STEP][PASSED] - if (i == 4 &amp;&amp; wildList.indexOf(symbol) != -1): null

2019-08-15 16:35:59 - [TEST_STEP][PASSED] - symbol = symbol: null

2019-08-15 16:35:59 - [TEST_STEP][PASSED] - println(symbol): null

2019-08-15 16:35:59 - [TEST_STEP][PASSED] - if (i == 2 &amp;&amp; wildList.indexOf(symbol) != -1): null

2019-08-15 16:35:59 - [TEST_STEP][PASSED] - if (i == 3 &amp;&amp; wildList.indexOf(symbol) != -1): null

2019-08-15 16:35:59 - [TEST_STEP][PASSED] - if (i == 4 &amp;&amp; wildList.indexOf(symbol) != -1): null

2019-08-15 16:35:59 - [TEST_STEP][PASSED] - symbols = symbols: null

2019-08-15 16:35:59 - [TEST_STEP][PASSED] - for ([j = 0, j &lt; symbols.size(), (j++)]): null

2019-08-15 16:35:59 - [TEST_STEP][PASSED] - symbol = symbol: null

2019-08-15 16:35:59 - [TEST_STEP][PASSED] - println(symbol): null

2019-08-15 16:35:59 - [TEST_STEP][PASSED] - if (i == 2 &amp;&amp; wildList.indexOf(symbol) != -1): null

2019-08-15 16:35:59 - [TEST_STEP][PASSED] - if (i == 3 &amp;&amp; wildList.indexOf(symbol) != -1): null

2019-08-15 16:35:59 - [TEST_STEP][PASSED] - if (i == 4 &amp;&amp; wildList.indexOf(symbol) != -1): null

2019-08-15 16:35:59 - [TEST_STEP][PASSED] - symbol = symbol: null

2019-08-15 16:35:59 - [TEST_STEP][PASSED] - println(symbol): null

2019-08-15 16:35:59 - [TEST_STEP][PASSED] - if (i == 2 &amp;&amp; wildList.indexOf(symbol) != -1): null

2019-08-15 16:35:59 - [TEST_STEP][PASSED] - if (i == 3 &amp;&amp; wildList.indexOf(symbol) != -1): null

2019-08-15 16:35:59 - [TEST_STEP][PASSED] - if (i == 4 &amp;&amp; wildList.indexOf(symbol) != -1): null

2019-08-15 16:35:59 - [TEST_STEP][PASSED] - symbol = symbol: null

2019-08-15 16:35:59 - [TEST_STEP][PASSED] - println(symbol): null

2019-08-15 16:35:59 - [TEST_STEP][PASSED] - if (i == 2 &amp;&amp; wildList.indexOf(symbol) != -1): null

2019-08-15 16:35:59 - [TEST_STEP][PASSED] - if (i == 3 &amp;&amp; wildList.indexOf(symbol) != -1): null

2019-08-15 16:35:59 - [TEST_STEP][PASSED] - if (i == 4 &amp;&amp; wildList.indexOf(symbol) != -1): null

2019-08-15 16:35:59 - [TEST_STEP][PASSED] - free_spin_reel_counter = free_spin_reel_counter: null

2019-08-15 16:35:59 - [TEST_STEP][PASSED] - println("reel 3 wild found: " + free_spin_reel_counter[0]): null

2019-08-15 16:35:59 - [TEST_STEP][PASSED] - println("reel 4 wild found: " + free_spin_reel_counter[1]): null

2019-08-15 16:35:59 - [TEST_STEP][PASSED] - println("reel 5 wild found: " + free_spin_reel_counter[2]): null

2019-08-15 16:35:59 - [TEST_STEP][PASSED] - M4_spin_reels = M4_spin_reels: null

2019-08-15 16:35:59 - [TEST_STEP][PASSED] - M4_spin_reels_symbols = symbol: null

2019-08-15 16:35:59 - [TEST_STEP][PASSED] - M4_spin_reels_symbols = M4_spin_reels_symbols: null

2019-08-15 16:35:59 - [TEST_STEP][PASSED] - M4_spin_reel_wins = reel_wins: null

2019-08-15 16:35:59 - [TEST_STEP][PASSED] - M4_spin_reel_wins = M4_spin_reel_wins: null

2019-08-15 16:35:59 - [TEST_STEP][PASSED] - println("GlobalVariable.M4_spin_reel_wins is: " + M4_spin_reel_wins): null

2019-08-15 16:35:59 - [TEST_STEP][PASSED] - M4_spin_total_bonus_win_this_round = total_bonus_win_this_round: null

2019-08-15 16:35:59 - [TEST_STEP][PASSED] - M4_spin_total_bonus_win_this_round = M4_spin_total_bonus_win_this_round: null

2019-08-15 16:35:59 - [TEST_STEP][PASSED] - println("GlobalVariable.M4_spin_total_bonus_win_this_round is: " + M4_spin_total_bonus_win_this_round): null

2019-08-15 16:35:59 - [MESSAGE][PASSED] - Verify response successfully

2019-08-15 16:35:59 - [MESSAGE][PASSED] - Send request and verify the response successfully

2019-08-15 16:35:59 - [TEST_STEP][PASSED] - if (M4_total_bonus_spins_int != 0 &amp;&amp; M4_spin_reels_symbols[2].contains("WILD_Normal") || M4_spin_reels_symbols[3].contains("WILD_Normal") || M4_spin_reels_symbols[4].contains("WILD_Normal")): null

2019-08-15 16:35:59 - [TEST_STEP][PASSED] - free_spin_reel_counter = free_spin_reel_counter: null

2019-08-15 16:35:59 - [TEST_STEP][PASSED] - M4_spin_reels_symbols = M4_spin_reels_symbols: null

2019-08-15 16:35:59 - [TEST_STEP][PASSED] - M4_total_bonus_spins = M4_total_bonus_spins: null

2019-08-15 16:35:59 - [TEST_STEP][PASSED] - spin_result = sendRequestAndVerify(findTestObject("STG/RGS(M4)/1_M4_spin", ["M4_login_user_id":M4_login_user_id, "rgs_session_token":rgs_session_token, "partner":Partner])): Send request and verify the response successfully

2019-08-15 16:36:00 - [TEST_CASE][PASSED] - Start Test Case : Verification: Verification accomplished successfully

2019-08-15 16:36:00 - [TEST_STEP][PASSED] - request = getInstance().getCurrentRequest(): null

2019-08-15 16:36:00 - [TEST_STEP][PASSED] - response = getInstance().getCurrentResponse(): null

2019-08-15 16:36:00 - [TEST_STEP][PASSED] - verifyResponseStatusCode(response, 200): Verify response status code successfully

2019-08-15 16:36:00 - [MESSAGE][PASSED] - Verify response status code successfully

2019-08-15 16:36:00 - [TEST_STEP][PASSED] - getStatusCode()).isEqualTo(200): null

2019-08-15 16:36:00 - [TEST_STEP][PASSED] - newline = System.getProperty("line.separator"): null

2019-08-15 16:36:00 - [TEST_STEP][PASSED] - M4_spin = new groovy.json.JsonSlurper(): null

2019-08-15 16:36:00 - [TEST_STEP][PASSED] - result_M4_spin = M4_spin.parseText(response.getResponseBodyContent()): null

2019-08-15 16:36:00 - [TEST_STEP][PASSED] - M4_spin_current_balance = current_balance: null

2019-08-15 16:36:00 - [TEST_STEP][PASSED] - M4_spin_current_balance = M4_spin_current_balance: null

2019-08-15 16:36:00 - [TEST_STEP][PASSED] - M4_spin_transaction_id = causality: null

2019-08-15 16:36:00 - [TEST_STEP][PASSED] - M4_spin_transaction_id = M4_spin_transaction_id: null

2019-08-15 16:36:00 - [TEST_STEP][PASSED] - M4_spin_round_id = round_id: null

2019-08-15 16:36:00 - [TEST_STEP][PASSED] - M4_spin_round_id = M4_spin_round_id: null

2019-08-15 16:36:00 - [TEST_STEP][PASSED] - M4_spin_line_wins = line_wins: null

2019-08-15 16:36:00 - [TEST_STEP][PASSED] - M4_spin_line_wins = M4_spin_line_wins: null

2019-08-15 16:36:00 - [TEST_STEP][PASSED] - M4_total_bonus_spins_int = total_bonus_spins: null

2019-08-15 16:36:00 - [TEST_STEP][PASSED] - println("******M4_total_bonus_spins type is:*******" + newline + getClass().getName()): null

2019-08-15 16:36:00 - [TEST_STEP][PASSED] - M4_total_bonus_spins_int = M4_total_bonus_spins_int: null

2019-08-15 16:36:00 - [TEST_STEP][PASSED] - M4_total_bonus_spins = Integer.toString(M4_total_bonus_spins_int): null

2019-08-15 16:36:00 - [TEST_STEP][PASSED] - M4_total_bonus_spins = M4_total_bonus_spins: null

2019-08-15 16:36:00 - [TEST_STEP][PASSED] - println("M4_total_bonus_spins is:" + M4_total_bonus_spins): null

2019-08-15 16:36:00 - [TEST_STEP][PASSED] - M4_spin_bonus_data = bonus_data: null

2019-08-15 16:36:00 - [TEST_STEP][PASSED] - M4_spin_features_triggered = result_M4_spin: null

2019-08-15 16:36:00 - [TEST_STEP][PASSED] - wild = []: null

2019-08-15 16:36:00 - [TEST_STEP][PASSED] - wild[0] = "WILD_Expanding": null

2019-08-15 16:36:00 - [TEST_STEP][PASSED] - wild[1] = "WILD_Normal": null

2019-08-15 16:36:00 - [TEST_STEP][PASSED] - wild[2] = "WILD_Double": null

2019-08-15 16:36:00 - [TEST_STEP][PASSED] - wild[3] = "WILD_ExtraFG": null

2019-08-15 16:36:00 - [TEST_STEP][PASSED] - wild[4] = "WILD_Triple": null

2019-08-15 16:36:00 - [TEST_STEP][PASSED] - wildList = Arrays.asList(wild): null

2019-08-15 16:36:00 - [TEST_STEP][PASSED] - wildList = wildList: null

2019-08-15 16:36:00 - [TEST_STEP][PASSED] - free_spin_reel_counter = []: null

2019-08-15 16:36:00 - [TEST_STEP][PASSED] - free_spin_reel_counter[0] = 0: null

2019-08-15 16:36:00 - [TEST_STEP][PASSED] - free_spin_reel_counter[1] = 0: null

2019-08-15 16:36:00 - [TEST_STEP][PASSED] - free_spin_reel_counter[2] = 0: null

2019-08-15 16:36:00 - [TEST_STEP][PASSED] - M4_spin_reels = reels: null

2019-08-15 16:36:00 - [TEST_STEP][PASSED] - for ([i = 0, i &lt; M4_spin_reels.size(), (i++)]): null

2019-08-15 16:36:00 - [TEST_STEP][PASSED] - symbols = symbols: null

2019-08-15 16:36:00 - [TEST_STEP][PASSED] - for ([j = 0, j &lt; symbols.size(), (j++)]): null

2019-08-15 16:36:00 - [TEST_STEP][PASSED] - symbol = symbol: null

2019-08-15 16:36:00 - [TEST_STEP][PASSED] - println(symbol): null

2019-08-15 16:36:00 - [TEST_STEP][PASSED] - if (i == 2 &amp;&amp; wildList.indexOf(symbol) != -1): null

2019-08-15 16:36:00 - [TEST_STEP][PASSED] - if (i == 3 &amp;&amp; wildList.indexOf(symbol) != -1): null

2019-08-15 16:36:00 - [TEST_STEP][PASSED] - if (i == 4 &amp;&amp; wildList.indexOf(symbol) != -1): null

2019-08-15 16:36:00 - [TEST_STEP][PASSED] - symbol = symbol: null

2019-08-15 16:36:00 - [TEST_STEP][PASSED] - println(symbol): null

2019-08-15 16:36:00 - [TEST_STEP][PASSED] - if (i == 2 &amp;&amp; wildList.indexOf(symbol) != -1): null

2019-08-15 16:36:00 - [TEST_STEP][PASSED] - if (i == 3 &amp;&amp; wildList.indexOf(symbol) != -1): null

2019-08-15 16:36:00 - [TEST_STEP][PASSED] - if (i == 4 &amp;&amp; wildList.indexOf(symbol) != -1): null

2019-08-15 16:36:00 - [TEST_STEP][PASSED] - symbol = symbol: null

2019-08-15 16:36:00 - [TEST_STEP][PASSED] - println(symbol): null

2019-08-15 16:36:00 - [TEST_STEP][PASSED] - if (i == 2 &amp;&amp; wildList.indexOf(symbol) != -1): null

2019-08-15 16:36:00 - [TEST_STEP][PASSED] - if (i == 3 &amp;&amp; wildList.indexOf(symbol) != -1): null

2019-08-15 16:36:00 - [TEST_STEP][PASSED] - if (i == 4 &amp;&amp; wildList.indexOf(symbol) != -1): null

2019-08-15 16:36:00 - [TEST_STEP][PASSED] - symbols = symbols: null

2019-08-15 16:36:00 - [TEST_STEP][PASSED] - for ([j = 0, j &lt; symbols.size(), (j++)]): null

2019-08-15 16:36:00 - [TEST_STEP][PASSED] - symbol = symbol: null

2019-08-15 16:36:00 - [TEST_STEP][PASSED] - println(symbol): null

2019-08-15 16:36:00 - [TEST_STEP][PASSED] - if (i == 2 &amp;&amp; wildList.indexOf(symbol) != -1): null

2019-08-15 16:36:00 - [TEST_STEP][PASSED] - if (i == 3 &amp;&amp; wildList.indexOf(symbol) != -1): null

2019-08-15 16:36:00 - [TEST_STEP][PASSED] - if (i == 4 &amp;&amp; wildList.indexOf(symbol) != -1): null

2019-08-15 16:36:00 - [TEST_STEP][PASSED] - symbol = symbol: null

2019-08-15 16:36:00 - [TEST_STEP][PASSED] - println(symbol): null

2019-08-15 16:36:00 - [TEST_STEP][PASSED] - if (i == 2 &amp;&amp; wildList.indexOf(symbol) != -1): null

2019-08-15 16:36:00 - [TEST_STEP][PASSED] - if (i == 3 &amp;&amp; wildList.indexOf(symbol) != -1): null

2019-08-15 16:36:00 - [TEST_STEP][PASSED] - if (i == 4 &amp;&amp; wildList.indexOf(symbol) != -1): null

2019-08-15 16:36:00 - [TEST_STEP][PASSED] - symbol = symbol: null

2019-08-15 16:36:00 - [TEST_STEP][PASSED] - println(symbol): null

2019-08-15 16:36:00 - [TEST_STEP][PASSED] - if (i == 2 &amp;&amp; wildList.indexOf(symbol) != -1): null

2019-08-15 16:36:00 - [TEST_STEP][PASSED] - if (i == 3 &amp;&amp; wildList.indexOf(symbol) != -1): null

2019-08-15 16:36:00 - [TEST_STEP][PASSED] - if (i == 4 &amp;&amp; wildList.indexOf(symbol) != -1): null

2019-08-15 16:36:00 - [TEST_STEP][PASSED] - symbols = symbols: null

2019-08-15 16:36:00 - [TEST_STEP][PASSED] - for ([j = 0, j &lt; symbols.size(), (j++)]): null

2019-08-15 16:36:00 - [TEST_STEP][PASSED] - symbol = symbol: null

2019-08-15 16:36:00 - [TEST_STEP][PASSED] - println(symbol): null

2019-08-15 16:36:00 - [TEST_STEP][PASSED] - if (i == 2 &amp;&amp; wildList.indexOf(symbol) != -1): null

2019-08-15 16:36:00 - [TEST_STEP][PASSED] - println("wild found on reel 3, adding counter by 1"): null

2019-08-15 16:36:00 - [TEST_STEP][PASSED] - free_spin_reel_counter[0] = free_spin_reel_counter[0] + 1: null

2019-08-15 16:36:00 - [TEST_STEP][PASSED] - if (i == 3 &amp;&amp; wildList.indexOf(symbol) != -1): null

2019-08-15 16:36:00 - [TEST_STEP][PASSED] - if (i == 4 &amp;&amp; wildList.indexOf(symbol) != -1): null

2019-08-15 16:36:00 - [TEST_STEP][PASSED] - symbol = symbol: null

2019-08-15 16:36:00 - [TEST_STEP][PASSED] - println(symbol): null

2019-08-15 16:36:00 - [TEST_STEP][PASSED] - if (i == 2 &amp;&amp; wildList.indexOf(symbol) != -1): null

2019-08-15 16:36:00 - [TEST_STEP][PASSED] - if (i == 3 &amp;&amp; wildList.indexOf(symbol) != -1): null

2019-08-15 16:36:00 - [TEST_STEP][PASSED] - if (i == 4 &amp;&amp; wildList.indexOf(symbol) != -1): null

2019-08-15 16:36:00 - [TEST_STEP][PASSED] - symbol = symbol: null

2019-08-15 16:36:00 - [TEST_STEP][PASSED] - println(symbol): null

2019-08-15 16:36:00 - [TEST_STEP][PASSED] - if (i == 2 &amp;&amp; wildList.indexOf(symbol) != -1): null

2019-08-15 16:36:00 - [TEST_STEP][PASSED] - if (i == 3 &amp;&amp; wildList.indexOf(symbol) != -1): null

2019-08-15 16:36:00 - [TEST_STEP][PASSED] - if (i == 4 &amp;&amp; wildList.indexOf(symbol) != -1): null

2019-08-15 16:36:00 - [TEST_STEP][PASSED] - symbols = symbols: null

2019-08-15 16:36:00 - [TEST_STEP][PASSED] - for ([j = 0, j &lt; symbols.size(), (j++)]): null

2019-08-15 16:36:00 - [TEST_STEP][PASSED] - symbol = symbol: null

2019-08-15 16:36:00 - [TEST_STEP][PASSED] - println(symbol): null

2019-08-15 16:36:00 - [TEST_STEP][PASSED] - if (i == 2 &amp;&amp; wildList.indexOf(symbol) != -1): null

2019-08-15 16:36:00 - [TEST_STEP][PASSED] - if (i == 3 &amp;&amp; wildList.indexOf(symbol) != -1): null

2019-08-15 16:36:00 - [TEST_STEP][PASSED] - if (i == 4 &amp;&amp; wildList.indexOf(symbol) != -1): null

2019-08-15 16:36:00 - [TEST_STEP][PASSED] - symbol = symbol: null

2019-08-15 16:36:00 - [TEST_STEP][PASSED] - println(symbol): null

2019-08-15 16:36:00 - [TEST_STEP][PASSED] - if (i == 2 &amp;&amp; wildList.indexOf(symbol) != -1): null

2019-08-15 16:36:00 - [TEST_STEP][PASSED] - if (i == 3 &amp;&amp; wildList.indexOf(symbol) != -1): null

2019-08-15 16:36:00 - [TEST_STEP][PASSED] - if (i == 4 &amp;&amp; wildList.indexOf(symbol) != -1): null

2019-08-15 16:36:00 - [TEST_STEP][PASSED] - symbol = symbol: null

2019-08-15 16:36:00 - [TEST_STEP][PASSED] - println(symbol): null

2019-08-15 16:36:00 - [TEST_STEP][PASSED] - if (i == 2 &amp;&amp; wildList.indexOf(symbol) != -1): null

2019-08-15 16:36:00 - [TEST_STEP][PASSED] - if (i == 3 &amp;&amp; wildList.indexOf(symbol) != -1): null

2019-08-15 16:36:00 - [TEST_STEP][PASSED] - println("wild found on reel 4, adding counter by 1"): null

2019-08-15 16:36:00 - [TEST_STEP][PASSED] - free_spin_reel_counter[1] = free_spin_reel_counter[1] + 1: null

2019-08-15 16:36:00 - [TEST_STEP][PASSED] - if (i == 4 &amp;&amp; wildList.indexOf(symbol) != -1): null

2019-08-15 16:36:00 - [TEST_STEP][PASSED] - symbols = symbols: null

2019-08-15 16:36:00 - [TEST_STEP][PASSED] - for ([j = 0, j &lt; symbols.size(), (j++)]): null

2019-08-15 16:36:00 - [TEST_STEP][PASSED] - symbol = symbol: null

2019-08-15 16:36:00 - [TEST_STEP][PASSED] - println(symbol): null

2019-08-15 16:36:00 - [TEST_STEP][PASSED] - if (i == 2 &amp;&amp; wildList.indexOf(symbol) != -1): null

2019-08-15 16:36:00 - [TEST_STEP][PASSED] - if (i == 3 &amp;&amp; wildList.indexOf(symbol) != -1): null

2019-08-15 16:36:00 - [TEST_STEP][PASSED] - if (i == 4 &amp;&amp; wildList.indexOf(symbol) != -1): null

2019-08-15 16:36:00 - [TEST_STEP][PASSED] - println("wild found on reel 5, adding counter by 1"): null

2019-08-15 16:36:00 - [TEST_STEP][PASSED] - free_spin_reel_counter[2] = free_spin_reel_counter[2] + 1: null

2019-08-15 16:36:00 - [TEST_STEP][PASSED] - symbol = symbol: null

2019-08-15 16:36:00 - [TEST_STEP][PASSED] - println(symbol): null

2019-08-15 16:36:00 - [TEST_STEP][PASSED] - if (i == 2 &amp;&amp; wildList.indexOf(symbol) != -1): null

2019-08-15 16:36:00 - [TEST_STEP][PASSED] - if (i == 3 &amp;&amp; wildList.indexOf(symbol) != -1): null

2019-08-15 16:36:00 - [TEST_STEP][PASSED] - if (i == 4 &amp;&amp; wildList.indexOf(symbol) != -1): null

2019-08-15 16:36:00 - [TEST_STEP][PASSED] - symbol = symbol: null

2019-08-15 16:36:00 - [TEST_STEP][PASSED] - println(symbol): null

2019-08-15 16:36:00 - [TEST_STEP][PASSED] - if (i == 2 &amp;&amp; wildList.indexOf(symbol) != -1): null

2019-08-15 16:36:00 - [TEST_STEP][PASSED] - if (i == 3 &amp;&amp; wildList.indexOf(symbol) != -1): null

2019-08-15 16:36:00 - [TEST_STEP][PASSED] - if (i == 4 &amp;&amp; wildList.indexOf(symbol) != -1): null

2019-08-15 16:36:00 - [TEST_STEP][PASSED] - free_spin_reel_counter = free_spin_reel_counter: null

2019-08-15 16:36:00 - [TEST_STEP][PASSED] - println("reel 3 wild found: " + free_spin_reel_counter[0]): null

2019-08-15 16:36:00 - [TEST_STEP][PASSED] - println("reel 4 wild found: " + free_spin_reel_counter[1]): null

2019-08-15 16:36:00 - [TEST_STEP][PASSED] - println("reel 5 wild found: " + free_spin_reel_counter[2]): null

2019-08-15 16:36:00 - [TEST_STEP][PASSED] - M4_spin_reels = M4_spin_reels: null

2019-08-15 16:36:00 - [TEST_STEP][PASSED] - M4_spin_reels_symbols = symbol: null

2019-08-15 16:36:00 - [TEST_STEP][PASSED] - M4_spin_reels_symbols = M4_spin_reels_symbols: null

2019-08-15 16:36:00 - [TEST_STEP][PASSED] - M4_spin_reel_wins = reel_wins: null

2019-08-15 16:36:00 - [TEST_STEP][PASSED] - M4_spin_reel_wins = M4_spin_reel_wins: null

2019-08-15 16:36:00 - [TEST_STEP][PASSED] - println("GlobalVariable.M4_spin_reel_wins is: " + M4_spin_reel_wins): null

2019-08-15 16:36:00 - [TEST_STEP][PASSED] - M4_spin_total_bonus_win_this_round = total_bonus_win_this_round: null

2019-08-15 16:36:00 - [TEST_STEP][PASSED] - M4_spin_total_bonus_win_this_round = M4_spin_total_bonus_win_this_round: null

2019-08-15 16:36:00 - [TEST_STEP][PASSED] - println("GlobalVariable.M4_spin_total_bonus_win_this_round is: " + M4_spin_total_bonus_win_this_round): null

2019-08-15 16:36:00 - [MESSAGE][PASSED] - Verify response successfully

2019-08-15 16:36:00 - [MESSAGE][PASSED] - Send request and verify the response successfully

2019-08-15 16:36:00 - [TEST_STEP][PASSED] - if (M4_total_bonus_spins_int != 0 &amp;&amp; M4_spin_reels_symbols[2].contains("WILD_Normal") || M4_spin_reels_symbols[3].contains("WILD_Normal") || M4_spin_reels_symbols[4].contains("WILD_Normal")): null

2019-08-15 16:36:00 - [TEST_STEP][PASSED] - break: null

2019-08-15 16:36:00 - [TEST_STEP][PASSED] - sendRequestAndVerify(findTestObject("STG/RGS(M4)/1_Round_detail", ["partner":Partner, "M4_spin_round_id":M4_spin_round_id])): Send request and verify the response successfully

2019-08-15 16:36:00 - [TEST_CASE][PASSED] - Start Test Case : Verification: Verification accomplished successfully

2019-08-15 16:36:00 - [TEST_STEP][PASSED] - request = getInstance().getCurrentRequest(): null

2019-08-15 16:36:00 - [TEST_STEP][PASSED] - response = getInstance().getCurrentResponse(): null

2019-08-15 16:36:00 - [TEST_STEP][PASSED] - verifyResponseStatusCode(response, 200): Verify response status code successfully

2019-08-15 16:36:00 - [MESSAGE][PASSED] - Verify response status code successfully

2019-08-15 16:36:00 - [TEST_STEP][PASSED] - getStatusCode()).isEqualTo(200): null

2019-08-15 16:36:00 - [TEST_STEP][PASSED] - newline = System.getProperty("line.separator"): null

2019-08-15 16:36:00 - [TEST_STEP][PASSED] - M4_round = new groovy.json.JsonSlurper(): null

2019-08-15 16:36:00 - [TEST_STEP][PASSED] - M4_round_detail = M4_round.parseText(response.getResponseBodyContent()): null

2019-08-15 16:36:00 - [TEST_STEP][PASSED] - M4_round_object = M4_round_detail: null

2019-08-15 16:36:00 - [TEST_STEP][PASSED] - M4_round_object = M4_round_object: null

2019-08-15 16:36:00 - [TEST_STEP][PASSED] - M4_round_transaction_type = transaction_type: null

2019-08-15 16:36:00 - [TEST_STEP][PASSED] - M4_round_transaction_type = M4_round_transaction_type: null

2019-08-15 16:36:00 - [TEST_STEP][PASSED] - M4_round_player_id = player_id: null

2019-08-15 16:36:00 - [TEST_STEP][PASSED] - M4_round_player_id = M4_round_player_id: null

2019-08-15 16:36:00 - [TEST_STEP][PASSED] - M4_round_booster_type = booster_type: null

2019-08-15 16:36:00 - [TEST_STEP][PASSED] - M4_round_booster_type = M4_round_booster_type: null

2019-08-15 16:36:00 - [TEST_STEP][PASSED] - M4_round_currency = currency: null

2019-08-15 16:36:00 - [TEST_STEP][PASSED] - M4_round_currency = M4_round_currency: null

2019-08-15 16:36:00 - [TEST_STEP][PASSED] - M4_round_id = round_id: null

2019-08-15 16:36:00 - [TEST_STEP][PASSED] - M4_round_id = M4_round_id: null

2019-08-15 16:36:00 - [TEST_STEP][PASSED] - M4_round_transaction_id = transaction_id: null

2019-08-15 16:36:00 - [TEST_STEP][PASSED] - M4_round_transaction_id = M4_round_transaction_id: null

2019-08-15 16:36:00 - [TEST_STEP][PASSED] - M4_round_transaction_time = transaction_time: null

2019-08-15 16:36:00 - [TEST_STEP][PASSED] - M4_round_transaction_time = M4_round_transaction_time: null

2019-08-15 16:36:00 - [TEST_STEP][PASSED] - M4_round_total_win = total_win: null

2019-08-15 16:36:00 - [TEST_STEP][PASSED] - M4_round_total_win = M4_round_total_win: null

2019-08-15 16:36:00 - [TEST_STEP][PASSED] - M4_round_balance_long = balance: null

2019-08-15 16:36:00 - [TEST_STEP][PASSED] - M4_round_balance = Long.toString(M4_round_balance_long): null

2019-08-15 16:36:00 - [TEST_STEP][PASSED] - M4_round_balance = M4_round_balance: null

2019-08-15 16:36:00 - [TEST_STEP][PASSED] - M4_round_total_bet = total_bet: null

2019-08-15 16:36:00 - [TEST_STEP][PASSED] - M4_round_total_bet = M4_round_total_bet: null

2019-08-15 16:36:00 - [TEST_STEP][PASSED] - M4_round_bet_value = bet_value: null

2019-08-15 16:36:00 - [TEST_STEP][PASSED] - M4_round_bet_value = M4_round_bet_value: null

2019-08-15 16:36:00 - [TEST_STEP][PASSED] - M4_round_line = line: null

2019-08-15 16:36:00 - [TEST_STEP][PASSED] - M4_round_line = M4_round_line: null

2019-08-15 16:36:00 - [TEST_STEP][PASSED] - M4_round_reels1 = reels[0]: null

2019-08-15 16:36:00 - [TEST_STEP][PASSED] - M4_round_reels1 = M4_round_reels1: null

2019-08-15 16:36:00 - [TEST_STEP][PASSED] - M4_round_reels2 = reels[1]: null

2019-08-15 16:36:00 - [TEST_STEP][PASSED] - M4_round_reels2 = M4_round_reels2: null

2019-08-15 16:36:00 - [TEST_STEP][PASSED] - M4_round_reels3 = reels[2]: null

2019-08-15 16:36:00 - [TEST_STEP][PASSED] - M4_round_reels3 = M4_round_reels3: null

2019-08-15 16:36:00 - [TEST_STEP][PASSED] - M4_round_reels4 = reels[3]: null

2019-08-15 16:36:00 - [TEST_STEP][PASSED] - M4_round_reels4 = M4_round_reels4: null

2019-08-15 16:36:00 - [TEST_STEP][PASSED] - M4_round_reels5 = reels[4]: null

2019-08-15 16:36:00 - [TEST_STEP][PASSED] - M4_round_reels5 = M4_round_reels5: null

2019-08-15 16:36:00 - [TEST_STEP][PASSED] - M4_round_F_reels1 = reels[0]: null

2019-08-15 16:36:00 - [TEST_STEP][PASSED] - M4_round_F_reels1 = M4_round_F_reels1: null

2019-08-15 16:36:00 - [TEST_STEP][PASSED] - M4_round_F_reels2 = reels[1]: null

2019-08-15 16:36:00 - [TEST_STEP][PASSED] - M4_round_F_reels2 = M4_round_F_reels2: null

2019-08-15 16:36:00 - [TEST_STEP][PASSED] - M4_round_F_reels3 = reels[2]: null

2019-08-15 16:36:00 - [TEST_STEP][PASSED] - M4_round_F_reels3 = M4_round_F_reels3: null

2019-08-15 16:36:00 - [TEST_STEP][PASSED] - M4_round_F_reels4 = reels[3]: null

2019-08-15 16:36:00 - [TEST_STEP][PASSED] - M4_round_F_reels4 = M4_round_F_reels4: null

2019-08-15 16:36:00 - [TEST_STEP][PASSED] - M4_round_F_reels5 = reels[4]: null

2019-08-15 16:36:00 - [TEST_STEP][PASSED] - M4_round_F_reels5 = M4_round_F_reels5: null

2019-08-15 16:36:00 - [TEST_STEP][PASSED] - M4_round_reels0_symbols1 = symbols[0]: null

2019-08-15 16:36:00 - [TEST_STEP][PASSED] - M4_round_reels0_symbols1 = M4_round_reels0_symbols1: null

2019-08-15 16:36:00 - [TEST_STEP][PASSED] - M4_round_reels0_symbols2 = symbols[1]: null

2019-08-15 16:36:00 - [TEST_STEP][PASSED] - M4_round_reels0_symbols2 = M4_round_reels0_symbols2: null

2019-08-15 16:36:00 - [TEST_STEP][PASSED] - M4_round_reels0_symbols3 = symbols[2]: null

2019-08-15 16:36:00 - [TEST_STEP][PASSED] - M4_round_reels0_symbols3 = M4_round_reels0_symbols3: null

2019-08-15 16:36:00 - [TEST_STEP][PASSED] - M4_round_reels1_symbols1 = symbols[0]: null

2019-08-15 16:36:00 - [TEST_STEP][PASSED] - M4_round_reels1_symbols1 = M4_round_reels1_symbols1: null

2019-08-15 16:36:00 - [TEST_STEP][PASSED] - M4_round_reels1_symbols2 = symbols[1]: null

2019-08-15 16:36:00 - [TEST_STEP][PASSED] - M4_round_reels1_symbols2 = M4_round_reels1_symbols2: null

2019-08-15 16:36:00 - [TEST_STEP][PASSED] - M4_round_reels1_symbols3 = symbols[2]: null

2019-08-15 16:36:00 - [TEST_STEP][PASSED] - M4_round_reels1_symbols3 = M4_round_reels1_symbols3: null

2019-08-15 16:36:00 - [TEST_STEP][PASSED] - M4_round_reels1_symbols4 = symbols[3]: null

2019-08-15 16:36:00 - [TEST_STEP][PASSED] - M4_round_reels_symbols_all = symbol: null

2019-08-15 16:36:00 - [TEST_STEP][PASSED] - M4_round_reels_symbols_all = M4_round_reels_symbols_all: null

2019-08-15 16:36:00 - [TEST_STEP][PASSED] - M4_round_features_triggered = features_triggered: null

2019-08-15 16:36:00 - [TEST_STEP][PASSED] - M4_round_features_triggered = M4_round_features_triggered: null

2019-08-15 16:36:00 - [TEST_STEP][PASSED] - M4_round_features_complete = complete: null

2019-08-15 16:36:00 - [TEST_STEP][PASSED] - M4_round_features_complete = M4_round_features_complete: null

2019-08-15 16:36:00 - [TEST_STEP][PASSED] - M4_round_free_spins_left = free_spins_left: null

2019-08-15 16:36:00 - [TEST_STEP][PASSED] - M4_round_free_spins_left = M4_round_free_spins_left: null

2019-08-15 16:36:00 - [TEST_STEP][PASSED] - M4_round_total_free_spin_count = total_free_spin_count: null

2019-08-15 16:36:00 - [TEST_STEP][PASSED] - M4_round_total_free_spin_count = M4_round_total_free_spin_count: null

2019-08-15 16:36:00 - [TEST_STEP][PASSED] - M4_round_total_free_spin_win_amount = total_free_spin_win_amount: null

2019-08-15 16:36:00 - [TEST_STEP][PASSED] - M4_round_total_free_spin_win_amount = M4_round_total_free_spin_win_amount: null

2019-08-15 16:36:00 - [TEST_STEP][PASSED] - M4_round_subfeatures = subfeatures: null

2019-08-15 16:36:00 - [TEST_STEP][PASSED] - M4_round_subfeatures = M4_round_subfeatures: null

2019-08-15 16:36:00 - [TEST_STEP][PASSED] - M4_round_wild_multiplier = wild_multiplier: null

2019-08-15 16:36:00 - [TEST_STEP][PASSED] - M4_round_wild_multiplier = M4_round_wild_multiplier: null

2019-08-15 16:36:00 - [TEST_STEP][PASSED] - M4_round_wild_config = wild_config: null

2019-08-15 16:36:00 - [TEST_STEP][PASSED] - M4_round_wild_config = M4_round_wild_config: null

2019-08-15 16:36:00 - [TEST_STEP][PASSED] - M4_round_wild_config_index = index: null

2019-08-15 16:36:00 - [TEST_STEP][PASSED] - M4_round_original_reels = original_reels: null

2019-08-15 16:36:00 - [TEST_STEP][PASSED] - M4_round_original_reels = M4_round_original_reels: null

2019-08-15 16:36:00 - [TEST_STEP][PASSED] - M4_round_swapped_reels = swapped_reels: null

2019-08-15 16:36:00 - [TEST_STEP][PASSED] - M4_round_swapped_reels = M4_round_swapped_reels: null

2019-08-15 16:36:00 - [TEST_STEP][PASSED] - M4_round_free_spins_added = free_spins_added: null

2019-08-15 16:36:00 - [TEST_STEP][PASSED] - M4_round_spin_result_list = spin_results[0]: null

2019-08-15 16:36:00 - [TEST_STEP][PASSED] - M4_round_spin_result_list = M4_round_spin_result_list: null

2019-08-15 16:36:00 - [TEST_STEP][PASSED] - M4_round_feature_state = feature_state: null

2019-08-15 16:36:00 - [TEST_STEP][PASSED] - M4_round_feature_state = M4_round_feature_state: null

2019-08-15 16:36:00 - [TEST_STEP][PASSED] - M4_round_feature_state_all = feature_state: null

2019-08-15 16:36:00 - [TEST_STEP][PASSED] - M4_round_feature_state_all = M4_round_feature_state_all: null

2019-08-15 16:36:00 - [TEST_STEP][PASSED] - M4_round_features_type = type: null

2019-08-15 16:36:00 - [TEST_STEP][PASSED] - M4_round_features_type = M4_round_features_type: null

2019-08-15 16:36:00 - [TEST_STEP][PASSED] - M4_round_scatter_win = scatter_win: null

2019-08-15 16:36:00 - [TEST_STEP][PASSED] - M4_round_scatter_win = M4_round_scatter_win: null

2019-08-15 16:36:00 - [TEST_STEP][PASSED] - M4_round_spin_result1 = spin_results[1]: null

2019-08-15 16:36:00 - [TEST_STEP][PASSED] - M4_round_spin_result1 = M4_round_spin_result1: null

2019-08-15 16:36:00 - [MESSAGE][PASSED] - Verify response successfully

2019-08-15 16:36:00 - [MESSAGE][PASSED] - Send request and verify the response successfully

2019-08-15 16:36:00 - [TEST_STEP][PASSED] - M4_round_features_triggered = M4_round_features_triggered: null

2019-08-15 16:36:00 - [TEST_STEP][PASSED] - wildNormalIndex = -1: null

2019-08-15 16:36:00 - [TEST_STEP][PASSED] - wildNormalFeatureStateKeys = null: null

2019-08-15 16:36:00 - [TEST_STEP][PASSED] - for ([i = 0, i &lt; M4_round_features_triggered.size(), (i++)]): null

2019-08-15 16:36:00 - [TEST_STEP][PASSED] - if (type.equals("NORMAL_FREE_SPIN")): null

2019-08-15 16:36:00 - [TEST_STEP][PASSED] - if (type.equals("NORMAL_FREE_SPIN")): null

2019-08-15 16:36:00 - [TEST_STEP][PASSED] - wildNormalIndex = i: null

2019-08-15 16:36:00 - [TEST_STEP][PASSED] - wildNormalFeatureStateKeys = M4_round_features_triggered[i].keySet(): null

2019-08-15 16:36:00 - [TEST_STEP][PASSED] - if (type.equals("NORMAL_FREE_SPIN")): null

2019-08-15 16:36:00 - [TEST_STEP][PASSED] - println(wildNormalIndex): null

2019-08-15 16:36:00 - [TEST_STEP][PASSED] - println(wildNormalFeatureStateKeys): null

2019-08-15 16:36:00 - [TEST_STEP][PASSED] - Normal_keys = new java.util.ArrayList(wildNormalFeatureStateKeys): null

2019-08-15 16:36:00 - [TEST_STEP][PASSED] - Collections.sort(Normal_keys): null

2019-08-15 16:36:00 - [TEST_STEP][PASSED] - Collections.sort(Normal): null

2019-08-15 16:36:00 - [TEST_STEP][PASSED] - println("Normal_keys is:" + Normal_keys): null

2019-08-15 16:36:00 - [TEST_STEP][PASSED] - println("Normal is:" + Normal): null

2019-08-15 16:36:00 - [TEST_STEP][PASSED] - assert Normal_keys.equals(Normal): null

2019-08-15 16:36:00 - [TEST_STEP][PASSED] - callTestCase(findTestCase("STG_env/compare_values/6_Normal_verify_value"), ["Partner":Partner, "Userid":Userid, "Game_code":Game_code, "url_krug_gw":url_krug_gw, "secret_key":secret_key, "M4_recorder":M4_recorder]): Call Test Case 'Test Cases/STG_env/compare_values/6_Normal_verify_value' successfully

2019-08-15 16:36:00 - [TEST_CASE][PASSED] - Test Cases/STG_env/compare_values/6_Normal_verify_value: Test Cases/STG_env/compare_values/6_Normal_verify_value

2019-08-15 16:36:00 - [TEST_STEP][PASSED] - sendRequestAndVerify(findTestObject("STG/Wallet/Get_Session_Token", ["url_krug_gw":url_krug_gw, "partner":Partner, "secret_key":secret_key, "userid":Userid])): Send request and verify the response successfully

2019-08-15 16:36:00 - [TEST_CASE][PASSED] - Start Test Case : Verification: Verification accomplished successfully

2019-08-15 16:36:00 - [TEST_STEP][PASSED] - request = getInstance().getCurrentRequest(): null

2019-08-15 16:36:05 - [TEST_STEP][PASSED] - response = getInstance().getCurrentResponse(): null

2019-08-15 16:36:05 - [TEST_STEP][PASSED] - verifyResponseStatusCode(response, 200): Verify response status code successfully

2019-08-15 16:36:05 - [MESSAGE][PASSED] - Verify response status code successfully

2019-08-15 16:36:05 - [TEST_STEP][PASSED] - getStatusCode()).isEqualTo(200): null

2019-08-15 16:36:05 - [TEST_STEP][PASSED] - getResponseText()).contains("session_token"): null

2019-08-15 16:36:05 - [TEST_STEP][PASSED] - getsession = new groovy.json.JsonSlurper(): null

2019-08-15 16:36:05 - [TEST_STEP][PASSED] - result_getsession = getsession.parseText(response.getResponseBodyContent()): null

2019-08-15 16:36:05 - [TEST_STEP][PASSED] - session_token = session_token: null

2019-08-15 16:36:05 - [TEST_STEP][PASSED] - println("...value extracted is :" + session_token): null

2019-08-15 16:36:05 - [TEST_STEP][PASSED] - session_token = session_token: null

2019-08-15 16:36:05 - [TEST_STEP][PASSED] - println("GlobalVariable is :" + session_token): null

2019-08-15 16:36:09 - [TEST_STEP][PASSED] - internal_balance = internal_balance: null

2019-08-15 16:36:09 - [TEST_STEP][PASSED] - internal_balance = internal_balance: null

2019-08-15 16:36:09 - [MESSAGE][PASSED] - Verify response successfully

2019-08-15 16:36:09 - [MESSAGE][PASSED] - Send request and verify the response successfully

2019-08-15 16:36:09 - [TEST_STEP][PASSED] - M4_login = sendRequestAndVerify(findTestObject("STG/RGS(M4)/M4_Login", ["partner":Partner, "game_code":Game_code, "session_token":session_token])): Send request and verify the response successfully

2019-08-15 16:36:09 - [TEST_CASE][PASSED] - Start Test Case : Verification: Verification accomplished successfully

2019-08-15 16:36:09 - [TEST_STEP][PASSED] - request = getInstance().getCurrentRequest(): null

2019-08-15 16:36:09 - [TEST_STEP][PASSED] - response = getInstance().getCurrentResponse(): null

2019-08-15 16:36:09 - [TEST_STEP][PASSED] - verifyResponseStatusCode(response, 200): Verify response status code successfully

2019-08-15 16:36:09 - [MESSAGE][PASSED] - Verify response status code successfully

2019-08-15 16:36:09 - [TEST_STEP][PASSED] - getStatusCode()).isEqualTo(200): null

2019-08-15 16:36:09 - [TEST_STEP][PASSED] - newline = System.getProperty("line.separator"): null

2019-08-15 16:36:09 - [TEST_STEP][PASSED] - M4_login = new groovy.json.JsonSlurper(): null

2019-08-15 16:36:09 - [TEST_STEP][PASSED] - result_M4_login = M4_login.parseText(response.getResponseBodyContent()): null

2019-08-15 16:36:09 - [TEST_STEP][PASSED] - M4_login_user_id = user_id: null

2019-08-15 16:36:09 - [TEST_STEP][PASSED] - println("playerid is: " + M4_login_user_id): null

2019-08-15 16:36:09 - [TEST_STEP][PASSED] - M4_login_user_id = M4_login_user_id: null

2019-08-15 16:36:09 - [MESSAGE][PASSED] - Verify response successfully

2019-08-15 16:36:09 - [MESSAGE][PASSED] - Send request and verify the response successfully

2019-08-15 16:36:09 - [TEST_STEP][PASSED] - M4_login_user_id = M4_login_user_id: null

2019-08-15 16:36:09 - [TEST_STEP][PASSED] - M4_init = sendRequestAndVerify(findTestObject("STG/RGS(M4)/M4_init", ["partner":Partner, "M4_recorder":M4_recorder, "M4_login_user_id":M4_login_user_id])): Send request and verify the response successfully

2019-08-15 16:36:09 - [TEST_CASE][PASSED] - Start Test Case : Verification: Verification accomplished successfully

2019-08-15 16:36:10 - [TEST_STEP][PASSED] - request = getInstance().getCurrentRequest(): null

2019-08-15 16:36:10 - [TEST_STEP][PASSED] - response = getInstance().getCurrentResponse(): null

2019-08-15 16:36:10 - [TEST_STEP][PASSED] - verifyResponseStatusCode(response, 200): Verify response status code successfully

2019-08-15 16:36:10 - [MESSAGE][PASSED] - Verify response status code successfully

2019-08-15 16:36:10 - [TEST_STEP][PASSED] - getStatusCode()).isEqualTo(200): null

2019-08-15 16:36:10 - [TEST_STEP][PASSED] - newline = System.getProperty("line.separator"): null

2019-08-15 16:36:10 - [TEST_STEP][PASSED] - M4_init = new groovy.json.JsonSlurper(): null

2019-08-15 16:36:10 - [TEST_STEP][PASSED] - result_M4_init = M4_init.parseText(response.getResponseBodyContent()): null

2019-08-15 16:36:10 - [TEST_STEP][PASSED] - rgs_session_token = session_token: null

2019-08-15 16:36:10 - [TEST_STEP][PASSED] - rgs_session_token = rgs_session_token: null

2019-08-15 16:36:10 - [TEST_STEP][PASSED] - M4_init_balance = balance: null

2019-08-15 16:36:10 - [TEST_STEP][PASSED] - M4_init_balance = M4_init_balance: null

2019-08-15 16:36:10 - [TEST_STEP][PASSED] - game_code = genesis_id: null

2019-08-15 16:36:10 - [TEST_STEP][PASSED] - game_code = game_code: null

2019-08-15 16:36:10 - [TEST_STEP][PASSED] - M4_free_round = free_round: null

2019-08-15 16:36:10 - [TEST_STEP][PASSED] - M4_free_round = M4_free_round: null

2019-08-15 16:36:10 - [MESSAGE][PASSED] - Verify response successfully

2019-08-15 16:36:10 - [MESSAGE][PASSED] - Send request and verify the response successfully

2019-08-15 16:36:10 - [TEST_STEP][PASSED] - rgs_session_token = rgs_session_token: null

2019-08-15 16:36:10 - [TEST_STEP][PASSED] - sendRequestAndVerify(findTestObject("STG/RGS(M4)/1_Round_detail", ["partner":Partner, "M4_spin_round_id":M4_spin_round_id])): Send request and verify the response successfully

2019-08-15 16:36:10 - [TEST_CASE][PASSED] - Start Test Case : Verification: Verification accomplished successfully

2019-08-15 16:36:10 - [TEST_STEP][PASSED] - request = getInstance().getCurrentRequest(): null

2019-08-15 16:36:10 - [TEST_STEP][PASSED] - response = getInstance().getCurrentResponse(): null

2019-08-15 16:36:10 - [TEST_STEP][PASSED] - verifyResponseStatusCode(response, 200): Verify response status code successfully

2019-08-15 16:36:10 - [MESSAGE][PASSED] - Verify response status code successfully

2019-08-15 16:36:10 - [TEST_STEP][PASSED] - getStatusCode()).isEqualTo(200): null

2019-08-15 16:36:10 - [TEST_STEP][PASSED] - newline = System.getProperty("line.separator"): null

2019-08-15 16:36:10 - [TEST_STEP][PASSED] - M4_round = new groovy.json.JsonSlurper(): null

2019-08-15 16:36:10 - [TEST_STEP][PASSED] - M4_round_detail = M4_round.parseText(response.getResponseBodyContent()): null

2019-08-15 16:36:10 - [TEST_STEP][PASSED] - M4_round_object = M4_round_detail: null

2019-08-15 16:36:10 - [TEST_STEP][PASSED] - M4_round_object = M4_round_object: null

2019-08-15 16:36:10 - [TEST_STEP][PASSED] - M4_round_transaction_type = transaction_type: null

2019-08-15 16:36:10 - [TEST_STEP][PASSED] - M4_round_transaction_type = M4_round_transaction_type: null

2019-08-15 16:36:10 - [TEST_STEP][PASSED] - M4_round_player_id = player_id: null

2019-08-15 16:36:10 - [TEST_STEP][PASSED] - M4_round_player_id = M4_round_player_id: null

2019-08-15 16:36:10 - [TEST_STEP][PASSED] - M4_round_booster_type = booster_type: null

2019-08-15 16:36:10 - [TEST_STEP][PASSED] - M4_round_booster_type = M4_round_booster_type: null

2019-08-15 16:36:10 - [TEST_STEP][PASSED] - M4_round_currency = currency: null

2019-08-15 16:36:10 - [TEST_STEP][PASSED] - M4_round_currency = M4_round_currency: null

2019-08-15 16:36:10 - [TEST_STEP][PASSED] - M4_round_id = round_id: null

2019-08-15 16:36:10 - [TEST_STEP][PASSED] - M4_round_id = M4_round_id: null

2019-08-15 16:36:10 - [TEST_STEP][PASSED] - M4_round_transaction_id = transaction_id: null

2019-08-15 16:36:10 - [TEST_STEP][PASSED] - M4_round_transaction_id = M4_round_transaction_id: null

2019-08-15 16:36:10 - [TEST_STEP][PASSED] - M4_round_transaction_time = transaction_time: null

2019-08-15 16:36:10 - [TEST_STEP][PASSED] - M4_round_transaction_time = M4_round_transaction_time: null

2019-08-15 16:36:10 - [TEST_STEP][PASSED] - M4_round_total_win = total_win: null

2019-08-15 16:36:10 - [TEST_STEP][PASSED] - M4_round_total_win = M4_round_total_win: null

2019-08-15 16:36:10 - [TEST_STEP][PASSED] - M4_round_balance_long = balance: null

2019-08-15 16:36:10 - [TEST_STEP][PASSED] - M4_round_balance = Long.toString(M4_round_balance_long): null

2019-08-15 16:36:10 - [TEST_STEP][PASSED] - M4_round_balance = M4_round_balance: null

2019-08-15 16:36:10 - [TEST_STEP][PASSED] - M4_round_total_bet = total_bet: null

2019-08-15 16:36:10 - [TEST_STEP][PASSED] - M4_round_total_bet = M4_round_total_bet: null

2019-08-15 16:36:10 - [TEST_STEP][PASSED] - M4_round_bet_value = bet_value: null

2019-08-15 16:36:10 - [TEST_STEP][PASSED] - M4_round_bet_value = M4_round_bet_value: null

2019-08-15 16:36:10 - [TEST_STEP][PASSED] - M4_round_line = line: null

2019-08-15 16:36:10 - [TEST_STEP][PASSED] - M4_round_line = M4_round_line: null

2019-08-15 16:36:10 - [TEST_STEP][PASSED] - M4_round_reels1 = reels[0]: null

2019-08-15 16:36:10 - [TEST_STEP][PASSED] - M4_round_reels1 = M4_round_reels1: null

2019-08-15 16:36:10 - [TEST_STEP][PASSED] - M4_round_reels2 = reels[1]: null

2019-08-15 16:36:10 - [TEST_STEP][PASSED] - M4_round_reels2 = M4_round_reels2: null

2019-08-15 16:36:10 - [TEST_STEP][PASSED] - M4_round_reels3 = reels[2]: null

2019-08-15 16:36:10 - [TEST_STEP][PASSED] - M4_round_reels3 = M4_round_reels3: null

2019-08-15 16:36:10 - [TEST_STEP][PASSED] - M4_round_reels4 = reels[3]: null

2019-08-15 16:36:10 - [TEST_STEP][PASSED] - M4_round_reels4 = M4_round_reels4: null

2019-08-15 16:36:10 - [TEST_STEP][PASSED] - M4_round_reels5 = reels[4]: null

2019-08-15 16:36:10 - [TEST_STEP][PASSED] - M4_round_reels5 = M4_round_reels5: null

2019-08-15 16:36:10 - [TEST_STEP][PASSED] - M4_round_F_reels1 = reels[0]: null

2019-08-15 16:36:10 - [TEST_STEP][PASSED] - M4_round_F_reels1 = M4_round_F_reels1: null

2019-08-15 16:36:10 - [TEST_STEP][PASSED] - M4_round_F_reels2 = reels[1]: null

2019-08-15 16:36:10 - [TEST_STEP][PASSED] - M4_round_F_reels2 = M4_round_F_reels2: null

2019-08-15 16:36:10 - [TEST_STEP][PASSED] - M4_round_F_reels3 = reels[2]: null

2019-08-15 16:36:10 - [TEST_STEP][PASSED] - M4_round_F_reels3 = M4_round_F_reels3: null

2019-08-15 16:36:10 - [TEST_STEP][PASSED] - M4_round_F_reels4 = reels[3]: null

2019-08-15 16:36:10 - [TEST_STEP][PASSED] - M4_round_F_reels4 = M4_round_F_reels4: null

2019-08-15 16:36:10 - [TEST_STEP][PASSED] - M4_round_F_reels5 = reels[4]: null

2019-08-15 16:36:10 - [TEST_STEP][PASSED] - M4_round_F_reels5 = M4_round_F_reels5: null

2019-08-15 16:36:10 - [TEST_STEP][PASSED] - M4_round_reels0_symbols1 = symbols[0]: null

2019-08-15 16:36:10 - [TEST_STEP][PASSED] - M4_round_reels0_symbols1 = M4_round_reels0_symbols1: null

2019-08-15 16:36:10 - [TEST_STEP][PASSED] - M4_round_reels0_symbols2 = symbols[1]: null

2019-08-15 16:36:10 - [TEST_STEP][PASSED] - M4_round_reels0_symbols2 = M4_round_reels0_symbols2: null

2019-08-15 16:36:10 - [TEST_STEP][PASSED] - M4_round_reels0_symbols3 = symbols[2]: null

2019-08-15 16:36:10 - [TEST_STEP][PASSED] - M4_round_reels0_symbols3 = M4_round_reels0_symbols3: null

2019-08-15 16:36:10 - [TEST_STEP][PASSED] - M4_round_reels1_symbols1 = symbols[0]: null

2019-08-15 16:36:10 - [TEST_STEP][PASSED] - M4_round_reels1_symbols1 = M4_round_reels1_symbols1: null

2019-08-15 16:36:10 - [TEST_STEP][PASSED] - M4_round_reels1_symbols2 = symbols[1]: null

2019-08-15 16:36:10 - [TEST_STEP][PASSED] - M4_round_reels1_symbols2 = M4_round_reels1_symbols2: null

2019-08-15 16:36:10 - [TEST_STEP][PASSED] - M4_round_reels1_symbols3 = symbols[2]: null

2019-08-15 16:36:10 - [TEST_STEP][PASSED] - M4_round_reels1_symbols3 = M4_round_reels1_symbols3: null

2019-08-15 16:36:10 - [TEST_STEP][PASSED] - M4_round_reels1_symbols4 = symbols[3]: null

2019-08-15 16:36:10 - [TEST_STEP][PASSED] - M4_round_reels_symbols_all = symbol: null

2019-08-15 16:36:10 - [TEST_STEP][PASSED] - M4_round_reels_symbols_all = M4_round_reels_symbols_all: null

2019-08-15 16:36:10 - [TEST_STEP][PASSED] - M4_round_features_triggered = features_triggered: null

2019-08-15 16:36:10 - [TEST_STEP][PASSED] - M4_round_features_triggered = M4_round_features_triggered: null

2019-08-15 16:36:10 - [TEST_STEP][PASSED] - M4_round_features_complete = complete: null

2019-08-15 16:36:10 - [TEST_STEP][PASSED] - M4_round_features_complete = M4_round_features_complete: null

2019-08-15 16:36:10 - [TEST_STEP][PASSED] - M4_round_free_spins_left = free_spins_left: null

2019-08-15 16:36:10 - [TEST_STEP][PASSED] - M4_round_free_spins_left = M4_round_free_spins_left: null

2019-08-15 16:36:10 - [TEST_STEP][PASSED] - M4_round_total_free_spin_count = total_free_spin_count: null

2019-08-15 16:36:10 - [TEST_STEP][PASSED] - M4_round_total_free_spin_count = M4_round_total_free_spin_count: null

2019-08-15 16:36:10 - [TEST_STEP][PASSED] - M4_round_total_free_spin_win_amount = total_free_spin_win_amount: null

2019-08-15 16:36:10 - [TEST_STEP][PASSED] - M4_round_total_free_spin_win_amount = M4_round_total_free_spin_win_amount: null

2019-08-15 16:36:10 - [TEST_STEP][PASSED] - M4_round_subfeatures = subfeatures: null

2019-08-15 16:36:10 - [TEST_STEP][PASSED] - M4_round_subfeatures = M4_round_subfeatures: null

2019-08-15 16:36:10 - [TEST_STEP][PASSED] - M4_round_wild_multiplier = wild_multiplier: null

2019-08-15 16:36:10 - [TEST_STEP][PASSED] - M4_round_wild_multiplier = M4_round_wild_multiplier: null

2019-08-15 16:36:10 - [TEST_STEP][PASSED] - M4_round_wild_config = wild_config: null

2019-08-15 16:36:10 - [TEST_STEP][PASSED] - M4_round_wild_config = M4_round_wild_config: null

2019-08-15 16:36:10 - [TEST_STEP][PASSED] - M4_round_wild_config_index = index: null

2019-08-15 16:36:10 - [TEST_STEP][PASSED] - M4_round_original_reels = original_reels: null

2019-08-15 16:36:10 - [TEST_STEP][PASSED] - M4_round_original_reels = M4_round_original_reels: null

2019-08-15 16:36:10 - [TEST_STEP][PASSED] - M4_round_swapped_reels = swapped_reels: null

2019-08-15 16:36:10 - [TEST_STEP][PASSED] - M4_round_swapped_reels = M4_round_swapped_reels: null

2019-08-15 16:36:10 - [TEST_STEP][PASSED] - M4_round_free_spins_added = free_spins_added: null

2019-08-15 16:36:10 - [TEST_STEP][PASSED] - M4_round_spin_result_list = spin_results[0]: null

2019-08-15 16:36:10 - [TEST_STEP][PASSED] - M4_round_spin_result_list = M4_round_spin_result_list: null

2019-08-15 16:36:10 - [TEST_STEP][PASSED] - M4_round_feature_state = feature_state: null

2019-08-15 16:36:10 - [TEST_STEP][PASSED] - M4_round_feature_state = M4_round_feature_state: null

2019-08-15 16:36:10 - [TEST_STEP][PASSED] - M4_round_feature_state_all = feature_state: null

2019-08-15 16:36:10 - [TEST_STEP][PASSED] - M4_round_feature_state_all = M4_round_feature_state_all: null

2019-08-15 16:36:10 - [TEST_STEP][PASSED] - M4_round_features_type = type: null

2019-08-15 16:36:10 - [TEST_STEP][PASSED] - M4_round_features_type = M4_round_features_type: null

2019-08-15 16:36:10 - [TEST_STEP][PASSED] - M4_round_scatter_win = scatter_win: null

2019-08-15 16:36:10 - [TEST_STEP][PASSED] - M4_round_scatter_win = M4_round_scatter_win: null

2019-08-15 16:36:10 - [TEST_STEP][PASSED] - M4_round_spin_result1 = spin_results[1]: null

2019-08-15 16:36:10 - [TEST_STEP][PASSED] - M4_round_spin_result1 = M4_round_spin_result1: null

2019-08-15 16:36:10 - [MESSAGE][PASSED] - Verify response successfully

2019-08-15 16:36:10 - [MESSAGE][PASSED] - Send request and verify the response successfully

2019-08-15 16:36:10 - [TEST_STEP][PASSED] - M4_round_features_triggered = M4_round_features_triggered: null

2019-08-15 16:36:10 - [TEST_STEP][PASSED] - wildNormalIndexl = -1: null

2019-08-15 16:36:10 - [TEST_STEP][PASSED] - extraFreeSpinTypeAndComplete = false: null

2019-08-15 16:36:10 - [TEST_STEP][PASSED] - feature_state = "": null

2019-08-15 16:36:10 - [TEST_STEP][PASSED] - for ([i = 0, i &lt; M4_round_features_triggered.size(), (i++)]): null

2019-08-15 16:36:10 - [TEST_STEP][PASSED] - trigger = M4_round_features_triggered[i]: null

2019-08-15 16:36:10 - [TEST_STEP][PASSED] - if (type.equals("NORMAL_FREE_SPIN") &amp;&amp; complete == true): null

2019-08-15 16:36:10 - [TEST_STEP][PASSED] - trigger = M4_round_features_triggered[i]: null

2019-08-15 16:36:10 - [TEST_STEP][PASSED] - if (type.equals("NORMAL_FREE_SPIN") &amp;&amp; complete == true): null

2019-08-15 16:36:10 - [TEST_STEP][PASSED] - extraFreeSpinTypeAndComplete = true: null

2019-08-15 16:36:10 - [TEST_STEP][PASSED] - wildNormalIndexl = i: null

2019-08-15 16:36:10 - [TEST_STEP][PASSED] - feature_state = feature_state: null

2019-08-15 16:36:10 - [TEST_STEP][PASSED] - trigger = M4_round_features_triggered[i]: null

2019-08-15 16:36:10 - [TEST_STEP][PASSED] - if (type.equals("NORMAL_FREE_SPIN") &amp;&amp; complete == true): null

2019-08-15 16:36:10 - [TEST_STEP][PASSED] - println(wildNormalIndexl): null

2019-08-15 16:36:10 - [TEST_STEP][PASSED] - println(getClass().getName()): null

2019-08-15 16:36:10 - [TEST_STEP][PASSED] - println("feature state is:" + feature_state): null

2019-08-15 16:36:10 - [TEST_STEP][PASSED] - feature_state_key = feature_state.keySet(): null

2019-08-15 16:36:10 - [TEST_STEP][PASSED] - feature_state_list = new java.util.ArrayList(feature_state_key): null

2019-08-15 16:36:10 - [TEST_STEP][PASSED] - println("feature_state_list is:" + feature_state_list): null

2019-08-15 16:36:10 - [TEST_STEP][PASSED] - assert feature_state_list.size() == 0: null

2019-08-15 16:36:10 - [MESSAGE][PASSED] - Call Test Case 'Test Cases/STG_env/compare_values/6_Normal_verify_value' successfully</system-out>
            <system-err></system-err>
        </testcase>
        <system-out>2019-08-15 16:23:18 - [TEST_SUITE][PASSED] - 6_Normal: Test Cases/STG_env/6_Normal_CALL</system-out>
        <system-err></system-err>
    </testsuite>
</testsuites>
