<?xml version="1.0" encoding="UTF-8" standalone="yes"?>
<testsuites name="superWild_3" time="625" tests="0" failures="1" errors="0">
    <testsuite name="superWild_3" tests="0" failures="1" errors="0" time="625" timestamp="2019-08-24 12:09:35" hostname="eiralee - 172.20.10.2" id="Test Suites/INT/superWild_3">
        <properties>
            <property name="deviceName" value=""/>
            <property name="devicePlatform" value=""/>
            <property name="logFolder" value="/Users/eiralee/Katalon_Script/SuperWild/Reports/20190824_120919/INT/superWild_3/20190824_120919"/>
            <property name="logFiles" value="/Users/eiralee/Katalon_Script/SuperWild/Reports/20190824_120919/INT/superWild_3/20190824_120919/execution0.log, /Users/eiralee/Katalon_Script/SuperWild/Reports/20190824_120919/INT/superWild_3/20190824_120919/execution1.log, /Users/eiralee/Katalon_Script/SuperWild/Reports/20190824_120919/INT/superWild_3/20190824_120919/execution2.log"/>
            <property name="attachments" value=""/>
            <property name="hostName" value="eiralee - 172.20.10.2"/>
            <property name="hostAddress" value="172.20.10.2"/>
            <property name="os" value="Mac OS X 64bit"/>
            <property name="katalonVersion" value="6.3.1.2"/>
        </properties>
        <testcase name="Test Cases/INT_env/3_ExtraFG_CALL" classname="Test Cases/INT_env/3_ExtraFG_CALL" status="FAILED">
            <failure type="FAILED" message="Test Cases/INT_env/3_ExtraFG_CALL FAILED.&#xA;Reason:&#xA;com.kms.katalon.core.exception.StepFailedException: Call Test Case 'Test Cases/INT_env/compare_values/3_ExtraFG_verify_value_and_summary' failed&#xA;&#x9;at com.kms.katalon.core.keyword.builtin.CallTestCaseKeyword$_callTestCase_closure1.doCall(CallTestCaseKeyword.groovy:63)&#xA;&#x9;at com.kms.katalon.core.keyword.builtin.CallTestCaseKeyword$_callTestCase_closure1.call(CallTestCaseKeyword.groovy)&#xA;&#x9;at com.kms.katalon.core.keyword.internal.KeywordMain.runKeyword(KeywordMain.groovy:68)&#xA;&#x9;at com.kms.katalon.core.keyword.builtin.CallTestCaseKeyword.callTestCase(CallTestCaseKeyword.groovy:81)&#xA;&#x9;at com.kms.katalon.core.keyword.builtin.CallTestCaseKeyword.execute(CallTestCaseKeyword.groovy:44)&#xA;&#x9;at com.kms.katalon.core.keyword.internal.KeywordExecutor.executeKeywordForPlatform(KeywordExecutor.groovy:56)&#xA;&#x9;at com.kms.katalon.core.keyword.BuiltinKeywords.callTestCase(BuiltinKeywords.groovy:350)&#xA;&#x9;at 3_ExtraFG_CALL.run(3_ExtraFG_CALL:86)&#xA;&#x9;at com.kms.katalon.core.main.ScriptEngine.run(ScriptEngine.java:194)&#xA;&#x9;at com.kms.katalon.core.main.ScriptEngine.runScriptAsRawText(ScriptEngine.java:119)&#xA;&#x9;at com.kms.katalon.core.main.TestCaseExecutor.runScript(TestCaseExecutor.java:337)&#xA;&#x9;at com.kms.katalon.core.main.TestCaseExecutor.doExecute(TestCaseExecutor.java:328)&#xA;&#x9;at com.kms.katalon.core.main.TestCaseExecutor.processExecutionPhase(TestCaseExecutor.java:307)&#xA;&#x9;at com.kms.katalon.core.main.TestCaseExecutor.accessMainPhase(TestCaseExecutor.java:299)&#xA;&#x9;at com.kms.katalon.core.main.TestCaseExecutor.execute(TestCaseExecutor.java:233)&#xA;&#x9;at com.kms.katalon.core.main.TestSuiteExecutor.accessTestCaseMainPhase(TestSuiteExecutor.java:150)&#xA;&#x9;at com.kms.katalon.core.main.TestSuiteExecutor.accessTestSuiteMainPhase(TestSuiteExecutor.java:123)&#xA;&#x9;at com.kms.katalon.core.main.TestSuiteExecutor.execute(TestSuiteExecutor.java:87)&#xA;&#x9;at com.kms.katalon.core.main.TestCaseMain.startTestSuite(TestCaseMain.java:157)&#xA;&#x9;at com.kms.katalon.core.main.TestCaseMain$startTestSuite$0.call(Unknown Source)&#xA;&#x9;at TempTestSuite1566619773386.run(TempTestSuite1566619773386.groovy:35)&#xA;Caused by: Assertion failed: &#xA;&#xA;assert extraFreeSpinAdded == extraFreeSpinLeft - 10&#xA;       |                  |  |                 |&#xA;       5                  |  20                10&#xA;                          false&#xA;&#xA;&#x9;at 3_ExtraFG_verify_value_and_summary.run(3_ExtraFG_verify_value_and_summary:114)&#xA;&#x9;at com.kms.katalon.core.main.ScriptEngine.run(ScriptEngine.java:194)&#xA;&#x9;at com.kms.katalon.core.main.ScriptEngine.runScriptAsRawText(ScriptEngine.java:119)&#xA;&#x9;at com.kms.katalon.core.main.TestCaseExecutor.runScript(TestCaseExecutor.java:337)&#xA;&#x9;at com.kms.katalon.core.main.TestCaseExecutor.doExecute(TestCaseExecutor.java:328)&#xA;&#x9;at com.kms.katalon.core.main.TestCaseExecutor.processExecutionPhase(TestCaseExecutor.java:307)&#xA;&#x9;at com.kms.katalon.core.main.TestCaseExecutor.accessMainPhase(TestCaseExecutor.java:299)&#xA;&#x9;at com.kms.katalon.core.main.TestCaseExecutor.execute(TestCaseExecutor.java:233)&#xA;&#x9;at com.kms.katalon.core.main.TestCaseMain.runTestCase(TestCaseMain.java:114)&#xA;&#x9;at com.kms.katalon.core.keyword.builtin.CallTestCaseKeyword$_callTestCase_closure1.doCall(CallTestCaseKeyword.groovy:59)&#xA;&#x9;... 20 more&#xA;"/>
            <system-out>2019-08-24 12:09:35 - [TEST_CASE][FAILED] - Test Cases/INT_env/3_ExtraFG_CALL: Test Cases/INT_env/3_ExtraFG_CALL FAILED.
Reason:
com.kms.katalon.core.exception.StepFailedException: Call Test Case 'Test Cases/INT_env/compare_values/3_ExtraFG_verify_value_and_summary' failed
	at com.kms.katalon.core.keyword.builtin.CallTestCaseKeyword$_callTestCase_closure1.doCall(CallTestCaseKeyword.groovy:63)
	at com.kms.katalon.core.keyword.builtin.CallTestCaseKeyword$_callTestCase_closure1.call(CallTestCaseKeyword.groovy)
	at com.kms.katalon.core.keyword.internal.KeywordMain.runKeyword(KeywordMain.groovy:68)
	at com.kms.katalon.core.keyword.builtin.CallTestCaseKeyword.callTestCase(CallTestCaseKeyword.groovy:81)
	at com.kms.katalon.core.keyword.builtin.CallTestCaseKeyword.execute(CallTestCaseKeyword.groovy:44)
	at com.kms.katalon.core.keyword.internal.KeywordExecutor.executeKeywordForPlatform(KeywordExecutor.groovy:56)
	at com.kms.katalon.core.keyword.BuiltinKeywords.callTestCase(BuiltinKeywords.groovy:350)
	at 3_ExtraFG_CALL.run(3_ExtraFG_CALL:86)
	at com.kms.katalon.core.main.ScriptEngine.run(ScriptEngine.java:194)
	at com.kms.katalon.core.main.ScriptEngine.runScriptAsRawText(ScriptEngine.java:119)
	at com.kms.katalon.core.main.TestCaseExecutor.runScript(TestCaseExecutor.java:337)
	at com.kms.katalon.core.main.TestCaseExecutor.doExecute(TestCaseExecutor.java:328)
	at com.kms.katalon.core.main.TestCaseExecutor.processExecutionPhase(TestCaseExecutor.java:307)
	at com.kms.katalon.core.main.TestCaseExecutor.accessMainPhase(TestCaseExecutor.java:299)
	at com.kms.katalon.core.main.TestCaseExecutor.execute(TestCaseExecutor.java:233)
	at com.kms.katalon.core.main.TestSuiteExecutor.accessTestCaseMainPhase(TestSuiteExecutor.java:150)
	at com.kms.katalon.core.main.TestSuiteExecutor.accessTestSuiteMainPhase(TestSuiteExecutor.java:123)
	at com.kms.katalon.core.main.TestSuiteExecutor.execute(TestSuiteExecutor.java:87)
	at com.kms.katalon.core.main.TestCaseMain.startTestSuite(TestCaseMain.java:157)
	at com.kms.katalon.core.main.TestCaseMain$startTestSuite$0.call(Unknown Source)
	at TempTestSuite1566619773386.run(TempTestSuite1566619773386.groovy:35)
Caused by: Assertion failed: 

assert extraFreeSpinAdded == extraFreeSpinLeft - 10
       |                  |  |                 |
       5                  |  20                10
                          false

	at 3_ExtraFG_verify_value_and_summary.run(3_ExtraFG_verify_value_and_summary:114)
	at com.kms.katalon.core.main.ScriptEngine.run(ScriptEngine.java:194)
	at com.kms.katalon.core.main.ScriptEngine.runScriptAsRawText(ScriptEngine.java:119)
	at com.kms.katalon.core.main.TestCaseExecutor.runScript(TestCaseExecutor.java:337)
	at com.kms.katalon.core.main.TestCaseExecutor.doExecute(TestCaseExecutor.java:328)
	at com.kms.katalon.core.main.TestCaseExecutor.processExecutionPhase(TestCaseExecutor.java:307)
	at com.kms.katalon.core.main.TestCaseExecutor.accessMainPhase(TestCaseExecutor.java:299)
	at com.kms.katalon.core.main.TestCaseExecutor.execute(TestCaseExecutor.java:233)
	at com.kms.katalon.core.main.TestCaseMain.runTestCase(TestCaseMain.java:114)
	at com.kms.katalon.core.keyword.builtin.CallTestCaseKeyword$_callTestCase_closure1.doCall(CallTestCaseKeyword.groovy:59)
	... 20 more


2019-08-24 12:09:37 - [TEST_STEP][PASSED] - ExtraFG = new java.util.ArrayList(): null

2019-08-24 12:09:37 - [TEST_STEP][PASSED] - ExtraFG.add("free_spins_left"): null

2019-08-24 12:09:37 - [TEST_STEP][PASSED] - ExtraFG.add("free_spins_added"): null

2019-08-24 12:09:37 - [TEST_STEP][PASSED] - sendRequestAndVerify(findTestObject("INT/Wallet/Get_Session_Token", ["url_krug_gw":url_krug_gw, "partner":Partner, "secret_key":secret_key, "userid":Userid])): Send request and verify the response successfully

2019-08-24 12:09:38 - [MESSAGE][INFO] - HAR: /Users/eiralee/Katalon_Script/SuperWild/Reports/20190824_120919/INT/superWild_3/20190824_120919/requests/main/0.har

2019-08-24 12:09:38 - [TEST_CASE][PASSED] - Start Test Case : Verification: Verification accomplished successfully

2019-08-24 12:09:38 - [TEST_STEP][PASSED] - request = getInstance().getCurrentRequest(): null

2019-08-24 12:09:38 - [TEST_STEP][PASSED] - response = getInstance().getCurrentResponse(): null

2019-08-24 12:09:38 - [TEST_STEP][PASSED] - verifyResponseStatusCode(response, 200): Verify response status code successfully

2019-08-24 12:09:38 - [MESSAGE][PASSED] - Verify response status code successfully

2019-08-24 12:09:38 - [TEST_STEP][PASSED] - getStatusCode()).isEqualTo(200): null

2019-08-24 12:09:38 - [TEST_STEP][PASSED] - getResponseText()).contains("session_token"): null

2019-08-24 12:09:38 - [TEST_STEP][PASSED] - getsession = new groovy.json.JsonSlurper(): null

2019-08-24 12:09:38 - [TEST_STEP][PASSED] - result_getsession = getsession.parseText(response.getResponseBodyContent()): null

2019-08-24 12:09:38 - [TEST_STEP][PASSED] - session_token = session_token: null

2019-08-24 12:09:38 - [TEST_STEP][PASSED] - println("...value extracted is :" + session_token): null

2019-08-24 12:09:38 - [TEST_STEP][PASSED] - session_token = session_token: null

2019-08-24 12:09:40 - [TEST_STEP][PASSED] - println("GlobalVariable is :" + session_token): null

2019-08-24 12:09:40 - [TEST_STEP][PASSED] - internal_balance = internal_balance: null

2019-08-24 12:09:40 - [TEST_STEP][PASSED] - internal_balance = internal_balance: null

2019-08-24 12:09:40 - [MESSAGE][PASSED] - Verify response successfully

2019-08-24 12:09:40 - [MESSAGE][PASSED] - Send request and verify the response successfully

2019-08-24 12:09:40 - [TEST_STEP][PASSED] - M4_login = sendRequestAndVerify(findTestObject("INT/RGS(M4)/M4_Login", ["partner":Partner, "game_code":Game_code, "session_token":session_token])): Send request and verify the response successfully

2019-08-24 12:09:44 - [MESSAGE][INFO] - HAR: /Users/eiralee/Katalon_Script/SuperWild/Reports/20190824_120919/INT/superWild_3/20190824_120919/requests/main/1.har

2019-08-24 12:09:44 - [TEST_CASE][PASSED] - Start Test Case : Verification: Verification accomplished successfully

2019-08-24 12:09:44 - [TEST_STEP][PASSED] - request = getInstance().getCurrentRequest(): null

2019-08-24 12:09:44 - [TEST_STEP][PASSED] - response = getInstance().getCurrentResponse(): null

2019-08-24 12:09:44 - [TEST_STEP][PASSED] - verifyResponseStatusCode(response, 200): Verify response status code successfully

2019-08-24 12:09:44 - [MESSAGE][PASSED] - Verify response status code successfully

2019-08-24 12:09:44 - [TEST_STEP][PASSED] - getStatusCode()).isEqualTo(200): null

2019-08-24 12:09:44 - [TEST_STEP][PASSED] - newline = System.getProperty("line.separator"): null

2019-08-24 12:09:44 - [TEST_STEP][PASSED] - M4_login = new groovy.json.JsonSlurper(): null

2019-08-24 12:09:44 - [TEST_STEP][PASSED] - result_M4_login = M4_login.parseText(response.getResponseBodyContent()): null

2019-08-24 12:09:44 - [TEST_STEP][PASSED] - M4_login_user_id = user_id: null

2019-08-24 12:09:44 - [TEST_STEP][PASSED] - println("playerid is: " + M4_login_user_id): null

2019-08-24 12:09:44 - [TEST_STEP][PASSED] - M4_login_user_id = M4_login_user_id: null

2019-08-24 12:09:44 - [MESSAGE][PASSED] - Verify response successfully

2019-08-24 12:09:44 - [MESSAGE][PASSED] - Send request and verify the response successfully

2019-08-24 12:09:44 - [TEST_STEP][PASSED] - M4_login_user_id = M4_login_user_id: null

2019-08-24 12:09:44 - [TEST_STEP][PASSED] - M4_init = sendRequestAndVerify(findTestObject("INT/RGS(M4)/M4_init", ["partner":Partner, "gameId":gameId, "M4_login_user_id":M4_login_user_id])): Send request and verify the response successfully

2019-08-24 12:09:44 - [MESSAGE][INFO] - HAR: /Users/eiralee/Katalon_Script/SuperWild/Reports/20190824_120919/INT/superWild_3/20190824_120919/requests/main/2.har

2019-08-24 12:09:44 - [TEST_CASE][PASSED] - Start Test Case : Verification: Verification accomplished successfully

2019-08-24 12:09:44 - [TEST_STEP][PASSED] - request = getInstance().getCurrentRequest(): null

2019-08-24 12:09:44 - [TEST_STEP][PASSED] - response = getInstance().getCurrentResponse(): null

2019-08-24 12:09:44 - [TEST_STEP][PASSED] - verifyResponseStatusCode(response, 200): Verify response status code successfully

2019-08-24 12:09:44 - [MESSAGE][PASSED] - Verify response status code successfully

2019-08-24 12:09:44 - [TEST_STEP][PASSED] - getStatusCode()).isEqualTo(200): null

2019-08-24 12:09:44 - [TEST_STEP][PASSED] - newline = System.getProperty("line.separator"): null

2019-08-24 12:09:44 - [TEST_STEP][PASSED] - M4_init = new groovy.json.JsonSlurper(): null

2019-08-24 12:09:44 - [TEST_STEP][PASSED] - result_M4_init = M4_init.parseText(response.getResponseBodyContent()): null

2019-08-24 12:09:44 - [TEST_STEP][PASSED] - rgs_session_token = session_token: null

2019-08-24 12:09:44 - [TEST_STEP][PASSED] - rgs_session_token = rgs_session_token: null

2019-08-24 12:09:44 - [TEST_STEP][PASSED] - M4_init_balance = balance: null

2019-08-24 12:09:44 - [TEST_STEP][PASSED] - M4_init_balance = M4_init_balance: null

2019-08-24 12:09:44 - [TEST_STEP][PASSED] - game_code = genesis_id: null

2019-08-24 12:09:44 - [TEST_STEP][PASSED] - game_code = game_code: null

2019-08-24 12:09:44 - [TEST_STEP][PASSED] - M4_free_round = free_round: null

2019-08-24 12:09:44 - [TEST_STEP][PASSED] - M4_free_round = M4_free_round: null

2019-08-24 12:09:44 - [MESSAGE][PASSED] - Verify response successfully

2019-08-24 12:09:44 - [MESSAGE][PASSED] - Send request and verify the response successfully

2019-08-24 12:09:44 - [TEST_STEP][PASSED] - rgs_session_token = rgs_session_token: null

2019-08-24 12:09:44 - [TEST_STEP][PASSED] - for ([i = 0, i &lt;= 500, (i++)]): null

2019-08-24 12:09:44 - [TEST_STEP][PASSED] - free_spin_reel_counter = free_spin_reel_counter: null

2019-08-24 12:09:44 - [TEST_STEP][PASSED] - M4_spin_reels_symbols = M4_spin_reels_symbols: null

2019-08-24 12:09:45 - [TEST_STEP][PASSED] - M4_total_bonus_spins = M4_total_bonus_spins: null

2019-08-24 12:09:45 - [TEST_STEP][PASSED] - spin_result = sendRequestAndVerify(findTestObject("INT/RGS(M4)/1_M4_spin", ["M4_login_user_id":M4_login_user_id, "rgs_session_token":rgs_session_token, "partner":Partner])): Send request and verify the response successfully

2019-08-24 12:09:45 - [MESSAGE][INFO] - HAR: /Users/eiralee/Katalon_Script/SuperWild/Reports/20190824_120919/INT/superWild_3/20190824_120919/requests/main/3.har

2019-08-24 12:09:45 - [TEST_CASE][PASSED] - Start Test Case : Verification: Verification accomplished successfully

2019-08-24 12:09:45 - [TEST_STEP][PASSED] - request = getInstance().getCurrentRequest(): null

2019-08-24 12:09:45 - [TEST_STEP][PASSED] - response = getInstance().getCurrentResponse(): null

2019-08-24 12:09:45 - [TEST_STEP][PASSED] - verifyResponseStatusCode(response, 200): Verify response status code successfully

2019-08-24 12:09:45 - [MESSAGE][PASSED] - Verify response status code successfully

2019-08-24 12:09:45 - [TEST_STEP][PASSED] - getStatusCode()).isEqualTo(200): null

2019-08-24 12:09:45 - [TEST_STEP][PASSED] - newline = System.getProperty("line.separator"): null

2019-08-24 12:09:45 - [TEST_STEP][PASSED] - M4_spin = new groovy.json.JsonSlurper(): null

2019-08-24 12:09:45 - [TEST_STEP][PASSED] - result_M4_spin = M4_spin.parseText(response.getResponseBodyContent()): null

2019-08-24 12:09:45 - [TEST_STEP][PASSED] - M4_spin_current_balance = current_balance: null

2019-08-24 12:09:45 - [TEST_STEP][PASSED] - M4_spin_current_balance = M4_spin_current_balance: null

2019-08-24 12:09:45 - [TEST_STEP][PASSED] - M4_spin_transaction_id = causality: null

2019-08-24 12:09:45 - [TEST_STEP][PASSED] - M4_spin_transaction_id = M4_spin_transaction_id: null

2019-08-24 12:09:45 - [TEST_STEP][PASSED] - M4_spin_round_id = round_id: null

2019-08-24 12:09:45 - [TEST_STEP][PASSED] - M4_spin_round_id = M4_spin_round_id: null

2019-08-24 12:09:45 - [TEST_STEP][PASSED] - M4_spin_line_wins = line_wins: null

2019-08-24 12:09:45 - [TEST_STEP][PASSED] - M4_spin_line_wins = M4_spin_line_wins: null

2019-08-24 12:09:45 - [TEST_STEP][PASSED] - M4_total_bonus_spins_int = total_bonus_spins: null

2019-08-24 12:09:45 - [TEST_STEP][PASSED] - println("******M4_total_bonus_spins type is:*******" + newline + getClass().getName()): null

2019-08-24 12:09:45 - [TEST_STEP][PASSED] - M4_total_bonus_spins_int = M4_total_bonus_spins_int: null

2019-08-24 12:09:45 - [TEST_STEP][PASSED] - M4_total_bonus_spins = Integer.toString(M4_total_bonus_spins_int): null

2019-08-24 12:09:45 - [TEST_STEP][PASSED] - M4_total_bonus_spins = M4_total_bonus_spins: null

2019-08-24 12:09:45 - [TEST_STEP][PASSED] - println("M4_total_bonus_spins is:" + M4_total_bonus_spins): null

2019-08-24 12:09:45 - [TEST_STEP][PASSED] - M4_spin_bonus_data = bonus_data: null

2019-08-24 12:09:45 - [TEST_STEP][PASSED] - M4_spin_features_triggered = result_M4_spin: null

2019-08-24 12:09:45 - [TEST_STEP][PASSED] - wild = []: null

2019-08-24 12:09:45 - [TEST_STEP][PASSED] - wild[0] = "WILD_Expanding": null

2019-08-24 12:09:45 - [TEST_STEP][PASSED] - wild[1] = "WILD_Normal": null

2019-08-24 12:09:45 - [TEST_STEP][PASSED] - wild[2] = "WILD_Double": null

2019-08-24 12:09:45 - [TEST_STEP][PASSED] - wild[3] = "WILD_ExtraFG": null

2019-08-24 12:09:45 - [TEST_STEP][PASSED] - wild[4] = "WILD_Triple": null

2019-08-24 12:09:45 - [TEST_STEP][PASSED] - wildList = Arrays.asList(wild): null

2019-08-24 12:09:45 - [TEST_STEP][PASSED] - wildList = wildList: null

2019-08-24 12:09:45 - [TEST_STEP][PASSED] - free_spin_reel_counter = []: null

2019-08-24 12:09:45 - [TEST_STEP][PASSED] - free_spin_reel_counter[0] = 0: null

2019-08-24 12:09:45 - [TEST_STEP][PASSED] - free_spin_reel_counter[1] = 0: null

2019-08-24 12:09:45 - [TEST_STEP][PASSED] - free_spin_reel_counter[2] = 0: null

2019-08-24 12:09:45 - [TEST_STEP][PASSED] - M4_spin_reels = reels: null

2019-08-24 12:09:45 - [TEST_STEP][PASSED] - for ([i = 0, i &lt; M4_spin_reels.size(), (i++)]): null

2019-08-24 12:09:45 - [TEST_STEP][PASSED] - symbols = symbols: null

2019-08-24 12:09:45 - [TEST_STEP][PASSED] - for ([j = 0, j &lt; symbols.size(), (j++)]): null

2019-08-24 12:09:45 - [TEST_STEP][PASSED] - symbol = symbol: null

2019-08-24 12:09:45 - [TEST_STEP][PASSED] - println(symbol): null

2019-08-24 12:09:45 - [TEST_STEP][PASSED] - if (i == 2 &amp;&amp; wildList.indexOf(symbol) != -1): null

2019-08-24 12:09:45 - [TEST_STEP][PASSED] - if (i == 3 &amp;&amp; wildList.indexOf(symbol) != -1): null

2019-08-24 12:09:45 - [TEST_STEP][PASSED] - if (i == 4 &amp;&amp; wildList.indexOf(symbol) != -1): null

2019-08-24 12:09:45 - [TEST_STEP][PASSED] - symbol = symbol: null

2019-08-24 12:09:45 - [TEST_STEP][PASSED] - println(symbol): null

2019-08-24 12:09:45 - [TEST_STEP][PASSED] - if (i == 2 &amp;&amp; wildList.indexOf(symbol) != -1): null

2019-08-24 12:09:45 - [TEST_STEP][PASSED] - if (i == 3 &amp;&amp; wildList.indexOf(symbol) != -1): null

2019-08-24 12:09:45 - [TEST_STEP][PASSED] - if (i == 4 &amp;&amp; wildList.indexOf(symbol) != -1): null

2019-08-24 12:09:45 - [TEST_STEP][PASSED] - symbol = symbol: null

2019-08-24 12:09:45 - [TEST_STEP][PASSED] - println(symbol): null

2019-08-24 12:09:45 - [TEST_STEP][PASSED] - if (i == 2 &amp;&amp; wildList.indexOf(symbol) != -1): null

2019-08-24 12:09:45 - [TEST_STEP][PASSED] - if (i == 3 &amp;&amp; wildList.indexOf(symbol) != -1): null

2019-08-24 12:09:45 - [TEST_STEP][PASSED] - if (i == 4 &amp;&amp; wildList.indexOf(symbol) != -1): null

2019-08-24 12:09:45 - [TEST_STEP][PASSED] - symbols = symbols: null

2019-08-24 12:09:45 - [TEST_STEP][PASSED] - for ([j = 0, j &lt; symbols.size(), (j++)]): null

2019-08-24 12:09:45 - [TEST_STEP][PASSED] - symbol = symbol: null

2019-08-24 12:09:45 - [TEST_STEP][PASSED] - println(symbol): null

2019-08-24 12:09:45 - [TEST_STEP][PASSED] - if (i == 2 &amp;&amp; wildList.indexOf(symbol) != -1): null

2019-08-24 12:09:45 - [TEST_STEP][PASSED] - if (i == 3 &amp;&amp; wildList.indexOf(symbol) != -1): null

2019-08-24 12:09:45 - [TEST_STEP][PASSED] - if (i == 4 &amp;&amp; wildList.indexOf(symbol) != -1): null

2019-08-24 12:09:45 - [TEST_STEP][PASSED] - symbol = symbol: null

2019-08-24 12:09:45 - [TEST_STEP][PASSED] - println(symbol): null

2019-08-24 12:09:45 - [TEST_STEP][PASSED] - if (i == 2 &amp;&amp; wildList.indexOf(symbol) != -1): null

2019-08-24 12:09:45 - [TEST_STEP][PASSED] - if (i == 3 &amp;&amp; wildList.indexOf(symbol) != -1): null

2019-08-24 12:09:45 - [TEST_STEP][PASSED] - if (i == 4 &amp;&amp; wildList.indexOf(symbol) != -1): null

2019-08-24 12:09:45 - [TEST_STEP][PASSED] - symbol = symbol: null

2019-08-24 12:09:45 - [TEST_STEP][PASSED] - println(symbol): null

2019-08-24 12:09:45 - [TEST_STEP][PASSED] - if (i == 2 &amp;&amp; wildList.indexOf(symbol) != -1): null

2019-08-24 12:09:45 - [TEST_STEP][PASSED] - if (i == 3 &amp;&amp; wildList.indexOf(symbol) != -1): null

2019-08-24 12:09:45 - [TEST_STEP][PASSED] - if (i == 4 &amp;&amp; wildList.indexOf(symbol) != -1): null

2019-08-24 12:09:45 - [TEST_STEP][PASSED] - symbols = symbols: null

2019-08-24 12:09:45 - [TEST_STEP][PASSED] - for ([j = 0, j &lt; symbols.size(), (j++)]): null

2019-08-24 12:09:45 - [TEST_STEP][PASSED] - symbol = symbol: null

2019-08-24 12:09:45 - [TEST_STEP][PASSED] - println(symbol): null

2019-08-24 12:09:45 - [TEST_STEP][PASSED] - if (i == 2 &amp;&amp; wildList.indexOf(symbol) != -1): null

2019-08-24 12:09:45 - [TEST_STEP][PASSED] - if (i == 3 &amp;&amp; wildList.indexOf(symbol) != -1): null

2019-08-24 12:09:45 - [TEST_STEP][PASSED] - if (i == 4 &amp;&amp; wildList.indexOf(symbol) != -1): null

2019-08-24 12:09:45 - [TEST_STEP][PASSED] - symbol = symbol: null

2019-08-24 12:09:45 - [TEST_STEP][PASSED] - println(symbol): null

2019-08-24 12:09:45 - [TEST_STEP][PASSED] - if (i == 2 &amp;&amp; wildList.indexOf(symbol) != -1): null

2019-08-24 12:09:45 - [TEST_STEP][PASSED] - if (i == 3 &amp;&amp; wildList.indexOf(symbol) != -1): null

2019-08-24 12:09:45 - [TEST_STEP][PASSED] - if (i == 4 &amp;&amp; wildList.indexOf(symbol) != -1): null

2019-08-24 12:09:45 - [TEST_STEP][PASSED] - symbol = symbol: null

2019-08-24 12:09:45 - [TEST_STEP][PASSED] - println(symbol): null

2019-08-24 12:09:45 - [TEST_STEP][PASSED] - if (i == 2 &amp;&amp; wildList.indexOf(symbol) != -1): null

2019-08-24 12:09:45 - [TEST_STEP][PASSED] - if (i == 3 &amp;&amp; wildList.indexOf(symbol) != -1): null

2019-08-24 12:09:45 - [TEST_STEP][PASSED] - if (i == 4 &amp;&amp; wildList.indexOf(symbol) != -1): null

2019-08-24 12:09:45 - [TEST_STEP][PASSED] - symbols = symbols: null

2019-08-24 12:09:45 - [TEST_STEP][PASSED] - for ([j = 0, j &lt; symbols.size(), (j++)]): null

2019-08-24 12:09:45 - [TEST_STEP][PASSED] - symbol = symbol: null

2019-08-24 12:09:45 - [TEST_STEP][PASSED] - println(symbol): null

2019-08-24 12:09:45 - [TEST_STEP][PASSED] - if (i == 2 &amp;&amp; wildList.indexOf(symbol) != -1): null

2019-08-24 12:09:45 - [TEST_STEP][PASSED] - if (i == 3 &amp;&amp; wildList.indexOf(symbol) != -1): null

2019-08-24 12:09:45 - [TEST_STEP][PASSED] - if (i == 4 &amp;&amp; wildList.indexOf(symbol) != -1): null

2019-08-24 12:09:45 - [TEST_STEP][PASSED] - symbol = symbol: null

2019-08-24 12:09:45 - [TEST_STEP][PASSED] - println(symbol): null

2019-08-24 12:09:45 - [TEST_STEP][PASSED] - if (i == 2 &amp;&amp; wildList.indexOf(symbol) != -1): null

2019-08-24 12:09:45 - [TEST_STEP][PASSED] - if (i == 3 &amp;&amp; wildList.indexOf(symbol) != -1): null

2019-08-24 12:09:45 - [TEST_STEP][PASSED] - if (i == 4 &amp;&amp; wildList.indexOf(symbol) != -1): null

2019-08-24 12:09:45 - [TEST_STEP][PASSED] - symbol = symbol: null

2019-08-24 12:09:45 - [TEST_STEP][PASSED] - println(symbol): null

2019-08-24 12:09:45 - [TEST_STEP][PASSED] - if (i == 2 &amp;&amp; wildList.indexOf(symbol) != -1): null

2019-08-24 12:09:45 - [TEST_STEP][PASSED] - if (i == 3 &amp;&amp; wildList.indexOf(symbol) != -1): null

2019-08-24 12:09:45 - [TEST_STEP][PASSED] - if (i == 4 &amp;&amp; wildList.indexOf(symbol) != -1): null

2019-08-24 12:09:45 - [TEST_STEP][PASSED] - symbols = symbols: null

2019-08-24 12:09:45 - [TEST_STEP][PASSED] - for ([j = 0, j &lt; symbols.size(), (j++)]): null

2019-08-24 12:09:45 - [TEST_STEP][PASSED] - symbol = symbol: null

2019-08-24 12:09:45 - [TEST_STEP][PASSED] - println(symbol): null

2019-08-24 12:09:45 - [TEST_STEP][PASSED] - if (i == 2 &amp;&amp; wildList.indexOf(symbol) != -1): null

2019-08-24 12:09:45 - [TEST_STEP][PASSED] - if (i == 3 &amp;&amp; wildList.indexOf(symbol) != -1): null

2019-08-24 12:09:45 - [TEST_STEP][PASSED] - if (i == 4 &amp;&amp; wildList.indexOf(symbol) != -1): null

2019-08-24 12:09:45 - [TEST_STEP][PASSED] - symbol = symbol: null

2019-08-24 12:09:45 - [TEST_STEP][PASSED] - println(symbol): null

2019-08-24 12:09:45 - [TEST_STEP][PASSED] - if (i == 2 &amp;&amp; wildList.indexOf(symbol) != -1): null

2019-08-24 12:09:45 - [TEST_STEP][PASSED] - if (i == 3 &amp;&amp; wildList.indexOf(symbol) != -1): null

2019-08-24 12:09:45 - [TEST_STEP][PASSED] - if (i == 4 &amp;&amp; wildList.indexOf(symbol) != -1): null

2019-08-24 12:09:45 - [TEST_STEP][PASSED] - symbol = symbol: null

2019-08-24 12:09:45 - [TEST_STEP][PASSED] - println(symbol): null

2019-08-24 12:09:45 - [TEST_STEP][PASSED] - if (i == 2 &amp;&amp; wildList.indexOf(symbol) != -1): null

2019-08-24 12:09:45 - [TEST_STEP][PASSED] - if (i == 3 &amp;&amp; wildList.indexOf(symbol) != -1): null

2019-08-24 12:09:45 - [TEST_STEP][PASSED] - if (i == 4 &amp;&amp; wildList.indexOf(symbol) != -1): null

2019-08-24 12:09:45 - [TEST_STEP][PASSED] - free_spin_reel_counter = free_spin_reel_counter: null

2019-08-24 12:09:45 - [TEST_STEP][PASSED] - println("reel 3 wild found: " + free_spin_reel_counter[0]): null

2019-08-24 12:09:45 - [TEST_STEP][PASSED] - println("reel 4 wild found: " + free_spin_reel_counter[1]): null

2019-08-24 12:09:45 - [TEST_STEP][PASSED] - println("reel 5 wild found: " + free_spin_reel_counter[2]): null

2019-08-24 12:09:45 - [TEST_STEP][PASSED] - M4_spin_reels = M4_spin_reels: null

2019-08-24 12:09:45 - [TEST_STEP][PASSED] - M4_spin_reels_symbols = symbol: null

2019-08-24 12:09:45 - [TEST_STEP][PASSED] - M4_spin_reels_symbols = M4_spin_reels_symbols: null

2019-08-24 12:09:45 - [TEST_STEP][PASSED] - M4_spin_reel_wins = reel_wins: null

2019-08-24 12:09:45 - [TEST_STEP][PASSED] - M4_spin_reel_wins = M4_spin_reel_wins: null

2019-08-24 12:09:45 - [TEST_STEP][PASSED] - println("GlobalVariable.M4_spin_reel_wins is: " + M4_spin_reel_wins): null

2019-08-24 12:09:45 - [TEST_STEP][PASSED] - M4_spin_total_bonus_win_this_round = total_bonus_win_this_round: null

2019-08-24 12:09:45 - [TEST_STEP][PASSED] - M4_spin_total_bonus_win_this_round = M4_spin_total_bonus_win_this_round: null

2019-08-24 12:09:45 - [TEST_STEP][PASSED] - println("GlobalVariable.M4_spin_total_bonus_win_this_round is: " + M4_spin_total_bonus_win_this_round): null

2019-08-24 12:09:45 - [TEST_STEP][PASSED] - M4_spin_bonus_spin_result = spin_result: null

2019-08-24 12:09:45 - [TEST_STEP][PASSED] - M4_spin_bonus_spin_result = M4_spin_bonus_spin_result: null

2019-08-24 12:09:45 - [MESSAGE][PASSED] - Verify response successfully

2019-08-24 12:09:45 - [MESSAGE][PASSED] - Send request and verify the response successfully

2019-08-24 12:09:45 - [TEST_STEP][PASSED] - if (M4_total_bonus_spins_int != 0 &amp;&amp; M4_spin_reels_symbols[2].contains("WILD_ExtraFG") || M4_spin_reels_symbols[3].contains("WILD_ExtraFG")): null

2019-08-24 12:09:45 - [TEST_STEP][PASSED] - free_spin_reel_counter = free_spin_reel_counter: null

2019-08-24 12:09:45 - [TEST_STEP][PASSED] - M4_spin_reels_symbols = M4_spin_reels_symbols: null

2019-08-24 12:09:45 - [TEST_STEP][PASSED] - M4_total_bonus_spins = M4_total_bonus_spins: null

2019-08-24 12:09:45 - [TEST_STEP][PASSED] - spin_result = sendRequestAndVerify(findTestObject("INT/RGS(M4)/1_M4_spin", ["M4_login_user_id":M4_login_user_id, "rgs_session_token":rgs_session_token, "partner":Partner])): Send request and verify the response successfully

2019-08-24 12:09:46 - [MESSAGE][INFO] - HAR: /Users/eiralee/Katalon_Script/SuperWild/Reports/20190824_120919/INT/superWild_3/20190824_120919/requests/main/4.har

2019-08-24 12:09:46 - [TEST_CASE][PASSED] - Start Test Case : Verification: Verification accomplished successfully

2019-08-24 12:09:46 - [TEST_STEP][PASSED] - request = getInstance().getCurrentRequest(): null

2019-08-24 12:09:46 - [TEST_STEP][PASSED] - response = getInstance().getCurrentResponse(): null

2019-08-24 12:09:46 - [TEST_STEP][PASSED] - verifyResponseStatusCode(response, 200): Verify response status code successfully

2019-08-24 12:09:46 - [MESSAGE][PASSED] - Verify response status code successfully

2019-08-24 12:09:46 - [TEST_STEP][PASSED] - getStatusCode()).isEqualTo(200): null

2019-08-24 12:09:46 - [TEST_STEP][PASSED] - newline = System.getProperty("line.separator"): null

2019-08-24 12:09:46 - [TEST_STEP][PASSED] - M4_spin = new groovy.json.JsonSlurper(): null

2019-08-24 12:09:46 - [TEST_STEP][PASSED] - result_M4_spin = M4_spin.parseText(response.getResponseBodyContent()): null

2019-08-24 12:09:46 - [TEST_STEP][PASSED] - M4_spin_current_balance = current_balance: null

2019-08-24 12:09:46 - [TEST_STEP][PASSED] - M4_spin_current_balance = M4_spin_current_balance: null

2019-08-24 12:09:46 - [TEST_STEP][PASSED] - M4_spin_transaction_id = causality: null

2019-08-24 12:09:46 - [TEST_STEP][PASSED] - M4_spin_transaction_id = M4_spin_transaction_id: null

2019-08-24 12:09:46 - [TEST_STEP][PASSED] - M4_spin_round_id = round_id: null

2019-08-24 12:09:46 - [TEST_STEP][PASSED] - M4_spin_round_id = M4_spin_round_id: null

2019-08-24 12:09:46 - [TEST_STEP][PASSED] - M4_spin_line_wins = line_wins: null

2019-08-24 12:09:46 - [TEST_STEP][PASSED] - M4_spin_line_wins = M4_spin_line_wins: null

2019-08-24 12:09:46 - [TEST_STEP][PASSED] - M4_total_bonus_spins_int = total_bonus_spins: null

2019-08-24 12:09:46 - [TEST_STEP][PASSED] - println("******M4_total_bonus_spins type is:*******" + newline + getClass().getName()): null

2019-08-24 12:09:46 - [TEST_STEP][PASSED] - M4_total_bonus_spins_int = M4_total_bonus_spins_int: null

2019-08-24 12:09:46 - [TEST_STEP][PASSED] - M4_total_bonus_spins = Integer.toString(M4_total_bonus_spins_int): null

2019-08-24 12:09:46 - [TEST_STEP][PASSED] - M4_total_bonus_spins = M4_total_bonus_spins: null

2019-08-24 12:09:46 - [TEST_STEP][PASSED] - println("M4_total_bonus_spins is:" + M4_total_bonus_spins): null

2019-08-24 12:09:46 - [TEST_STEP][PASSED] - M4_spin_bonus_data = bonus_data: null

2019-08-24 12:09:46 - [TEST_STEP][PASSED] - M4_spin_features_triggered = result_M4_spin: null

2019-08-24 12:09:46 - [TEST_STEP][PASSED] - wild = []: null

2019-08-24 12:09:46 - [TEST_STEP][PASSED] - wild[0] = "WILD_Expanding": null

2019-08-24 12:09:46 - [TEST_STEP][PASSED] - wild[1] = "WILD_Normal": null

2019-08-24 12:09:46 - [TEST_STEP][PASSED] - wild[2] = "WILD_Double": null

2019-08-24 12:09:46 - [TEST_STEP][PASSED] - wild[3] = "WILD_ExtraFG": null

2019-08-24 12:09:46 - [TEST_STEP][PASSED] - wild[4] = "WILD_Triple": null

2019-08-24 12:09:46 - [TEST_STEP][PASSED] - wildList = Arrays.asList(wild): null

2019-08-24 12:09:46 - [TEST_STEP][PASSED] - wildList = wildList: null

2019-08-24 12:09:46 - [TEST_STEP][PASSED] - free_spin_reel_counter = []: null

2019-08-24 12:09:46 - [TEST_STEP][PASSED] - free_spin_reel_counter[0] = 0: null

2019-08-24 12:09:46 - [TEST_STEP][PASSED] - free_spin_reel_counter[1] = 0: null

2019-08-24 12:09:46 - [TEST_STEP][PASSED] - free_spin_reel_counter[2] = 0: null

2019-08-24 12:09:46 - [TEST_STEP][PASSED] - M4_spin_reels = reels: null

2019-08-24 12:09:46 - [TEST_STEP][PASSED] - for ([i = 0, i &lt; M4_spin_reels.size(), (i++)]): null

2019-08-24 12:09:46 - [TEST_STEP][PASSED] - symbols = symbols: null

2019-08-24 12:09:46 - [TEST_STEP][PASSED] - for ([j = 0, j &lt; symbols.size(), (j++)]): null

2019-08-24 12:09:46 - [TEST_STEP][PASSED] - symbol = symbol: null

2019-08-24 12:09:46 - [TEST_STEP][PASSED] - println(symbol): null

2019-08-24 12:09:46 - [TEST_STEP][PASSED] - if (i == 2 &amp;&amp; wildList.indexOf(symbol) != -1): null

2019-08-24 12:09:46 - [TEST_STEP][PASSED] - if (i == 3 &amp;&amp; wildList.indexOf(symbol) != -1): null

2019-08-24 12:09:46 - [TEST_STEP][PASSED] - if (i == 4 &amp;&amp; wildList.indexOf(symbol) != -1): null

2019-08-24 12:09:46 - [TEST_STEP][PASSED] - symbol = symbol: null

2019-08-24 12:09:46 - [TEST_STEP][PASSED] - println(symbol): null

2019-08-24 12:09:46 - [TEST_STEP][PASSED] - if (i == 2 &amp;&amp; wildList.indexOf(symbol) != -1): null

2019-08-24 12:09:46 - [TEST_STEP][PASSED] - if (i == 3 &amp;&amp; wildList.indexOf(symbol) != -1): null

2019-08-24 12:09:46 - [TEST_STEP][PASSED] - if (i == 4 &amp;&amp; wildList.indexOf(symbol) != -1): null

2019-08-24 12:09:46 - [TEST_STEP][PASSED] - symbol = symbol: null

2019-08-24 12:09:46 - [TEST_STEP][PASSED] - println(symbol): null

2019-08-24 12:09:46 - [TEST_STEP][PASSED] - if (i == 2 &amp;&amp; wildList.indexOf(symbol) != -1): null

2019-08-24 12:09:46 - [TEST_STEP][PASSED] - if (i == 3 &amp;&amp; wildList.indexOf(symbol) != -1): null

2019-08-24 12:09:46 - [TEST_STEP][PASSED] - if (i == 4 &amp;&amp; wildList.indexOf(symbol) != -1): null

2019-08-24 12:09:46 - [TEST_STEP][PASSED] - symbols = symbols: null

2019-08-24 12:09:46 - [TEST_STEP][PASSED] - for ([j = 0, j &lt; symbols.size(), (j++)]): null

2019-08-24 12:09:46 - [TEST_STEP][PASSED] - symbol = symbol: null

2019-08-24 12:09:46 - [TEST_STEP][PASSED] - println(symbol): null

2019-08-24 12:09:46 - [TEST_STEP][PASSED] - if (i == 2 &amp;&amp; wildList.indexOf(symbol) != -1): null

2019-08-24 12:09:46 - [TEST_STEP][PASSED] - if (i == 3 &amp;&amp; wildList.indexOf(symbol) != -1): null

2019-08-24 12:09:46 - [TEST_STEP][PASSED] - if (i == 4 &amp;&amp; wildList.indexOf(symbol) != -1): null

2019-08-24 12:09:46 - [TEST_STEP][PASSED] - symbol = symbol: null

2019-08-24 12:09:46 - [TEST_STEP][PASSED] - println(symbol): null

2019-08-24 12:09:46 - [TEST_STEP][PASSED] - if (i == 2 &amp;&amp; wildList.indexOf(symbol) != -1): null

2019-08-24 12:09:46 - [TEST_STEP][PASSED] - if (i == 3 &amp;&amp; wildList.indexOf(symbol) != -1): null

2019-08-24 12:09:46 - [TEST_STEP][PASSED] - if (i == 4 &amp;&amp; wildList.indexOf(symbol) != -1): null

2019-08-24 12:09:46 - [TEST_STEP][PASSED] - symbol = symbol: null

2019-08-24 12:09:46 - [TEST_STEP][PASSED] - println(symbol): null

2019-08-24 12:09:46 - [TEST_STEP][PASSED] - if (i == 2 &amp;&amp; wildList.indexOf(symbol) != -1): null

2019-08-24 12:09:46 - [TEST_STEP][PASSED] - if (i == 3 &amp;&amp; wildList.indexOf(symbol) != -1): null

2019-08-24 12:09:46 - [TEST_STEP][PASSED] - if (i == 4 &amp;&amp; wildList.indexOf(symbol) != -1): null

2019-08-24 12:09:46 - [TEST_STEP][PASSED] - symbols = symbols: null

2019-08-24 12:09:46 - [TEST_STEP][PASSED] - for ([j = 0, j &lt; symbols.size(), (j++)]): null

2019-08-24 12:09:46 - [TEST_STEP][PASSED] - symbol = symbol: null

2019-08-24 12:09:46 - [TEST_STEP][PASSED] - println(symbol): null

2019-08-24 12:09:46 - [TEST_STEP][PASSED] - if (i == 2 &amp;&amp; wildList.indexOf(symbol) != -1): null

2019-08-24 12:09:46 - [TEST_STEP][PASSED] - if (i == 3 &amp;&amp; wildList.indexOf(symbol) != -1): null

2019-08-24 12:09:46 - [TEST_STEP][PASSED] - if (i == 4 &amp;&amp; wildList.indexOf(symbol) != -1): null

2019-08-24 12:09:46 - [TEST_STEP][PASSED] - symbol = symbol: null

2019-08-24 12:09:46 - [TEST_STEP][PASSED] - println(symbol): null

2019-08-24 12:09:46 - [TEST_STEP][PASSED] - if (i == 2 &amp;&amp; wildList.indexOf(symbol) != -1): null

2019-08-24 12:09:46 - [TEST_STEP][PASSED] - if (i == 3 &amp;&amp; wildList.indexOf(symbol) != -1): null

2019-08-24 12:09:46 - [TEST_STEP][PASSED] - if (i == 4 &amp;&amp; wildList.indexOf(symbol) != -1): null

2019-08-24 12:09:46 - [TEST_STEP][PASSED] - symbol = symbol: null

2019-08-24 12:09:46 - [TEST_STEP][PASSED] - println(symbol): null

2019-08-24 12:09:46 - [TEST_STEP][PASSED] - if (i == 2 &amp;&amp; wildList.indexOf(symbol) != -1): null

2019-08-24 12:09:46 - [TEST_STEP][PASSED] - if (i == 3 &amp;&amp; wildList.indexOf(symbol) != -1): null

2019-08-24 12:09:46 - [TEST_STEP][PASSED] - if (i == 4 &amp;&amp; wildList.indexOf(symbol) != -1): null

2019-08-24 12:09:46 - [TEST_STEP][PASSED] - symbols = symbols: null

2019-08-24 12:09:46 - [TEST_STEP][PASSED] - for ([j = 0, j &lt; symbols.size(), (j++)]): null

2019-08-24 12:09:46 - [TEST_STEP][PASSED] - symbol = symbol: null

2019-08-24 12:09:46 - [TEST_STEP][PASSED] - println(symbol): null

2019-08-24 12:09:46 - [TEST_STEP][PASSED] - if (i == 2 &amp;&amp; wildList.indexOf(symbol) != -1): null

2019-08-24 12:09:46 - [TEST_STEP][PASSED] - if (i == 3 &amp;&amp; wildList.indexOf(symbol) != -1): null

2019-08-24 12:09:46 - [TEST_STEP][PASSED] - if (i == 4 &amp;&amp; wildList.indexOf(symbol) != -1): null

2019-08-24 12:09:46 - [TEST_STEP][PASSED] - symbol = symbol: null

2019-08-24 12:09:46 - [TEST_STEP][PASSED] - println(symbol): null

2019-08-24 12:09:46 - [TEST_STEP][PASSED] - if (i == 2 &amp;&amp; wildList.indexOf(symbol) != -1): null

2019-08-24 12:09:46 - [TEST_STEP][PASSED] - if (i == 3 &amp;&amp; wildList.indexOf(symbol) != -1): null

2019-08-24 12:09:46 - [TEST_STEP][PASSED] - if (i == 4 &amp;&amp; wildList.indexOf(symbol) != -1): null

2019-08-24 12:09:46 - [TEST_STEP][PASSED] - symbol = symbol: null

2019-08-24 12:09:46 - [TEST_STEP][PASSED] - println(symbol): null

2019-08-24 12:09:46 - [TEST_STEP][PASSED] - if (i == 2 &amp;&amp; wildList.indexOf(symbol) != -1): null

2019-08-24 12:09:46 - [TEST_STEP][PASSED] - if (i == 3 &amp;&amp; wildList.indexOf(symbol) != -1): null

2019-08-24 12:09:46 - [TEST_STEP][PASSED] - println("wild found on reel 4, adding counter by 1"): null

2019-08-24 12:09:46 - [TEST_STEP][PASSED] - free_spin_reel_counter[1] = free_spin_reel_counter[1] + 1: null

2019-08-24 12:09:46 - [TEST_STEP][PASSED] - if (i == 4 &amp;&amp; wildList.indexOf(symbol) != -1): null

2019-08-24 12:09:46 - [TEST_STEP][PASSED] - symbols = symbols: null

2019-08-24 12:09:46 - [TEST_STEP][PASSED] - for ([j = 0, j &lt; symbols.size(), (j++)]): null

2019-08-24 12:09:46 - [TEST_STEP][PASSED] - symbol = symbol: null

2019-08-24 12:09:46 - [TEST_STEP][PASSED] - println(symbol): null

2019-08-24 12:09:46 - [TEST_STEP][PASSED] - if (i == 2 &amp;&amp; wildList.indexOf(symbol) != -1): null

2019-08-24 12:09:46 - [TEST_STEP][PASSED] - if (i == 3 &amp;&amp; wildList.indexOf(symbol) != -1): null

2019-08-24 12:09:46 - [TEST_STEP][PASSED] - if (i == 4 &amp;&amp; wildList.indexOf(symbol) != -1): null

2019-08-24 12:09:46 - [TEST_STEP][PASSED] - symbol = symbol: null

2019-08-24 12:09:46 - [TEST_STEP][PASSED] - println(symbol): null

2019-08-24 12:09:46 - [TEST_STEP][PASSED] - if (i == 2 &amp;&amp; wildList.indexOf(symbol) != -1): null

2019-08-24 12:09:46 - [TEST_STEP][PASSED] - if (i == 3 &amp;&amp; wildList.indexOf(symbol) != -1): null

2019-08-24 12:09:46 - [TEST_STEP][PASSED] - if (i == 4 &amp;&amp; wildList.indexOf(symbol) != -1): null

2019-08-24 12:09:46 - [TEST_STEP][PASSED] - symbol = symbol: null

2019-08-24 12:09:46 - [TEST_STEP][PASSED] - println(symbol): null

2019-08-24 12:09:46 - [TEST_STEP][PASSED] - if (i == 2 &amp;&amp; wildList.indexOf(symbol) != -1): null

2019-08-24 12:09:46 - [TEST_STEP][PASSED] - if (i == 3 &amp;&amp; wildList.indexOf(symbol) != -1): null

2019-08-24 12:09:46 - [TEST_STEP][PASSED] - if (i == 4 &amp;&amp; wildList.indexOf(symbol) != -1): null

2019-08-24 12:09:46 - [TEST_STEP][PASSED] - free_spin_reel_counter = free_spin_reel_counter: null

2019-08-24 12:09:46 - [TEST_STEP][PASSED] - println("reel 3 wild found: " + free_spin_reel_counter[0]): null

2019-08-24 12:09:46 - [TEST_STEP][PASSED] - println("reel 4 wild found: " + free_spin_reel_counter[1]): null

2019-08-24 12:09:46 - [TEST_STEP][PASSED] - println("reel 5 wild found: " + free_spin_reel_counter[2]): null

2019-08-24 12:09:46 - [TEST_STEP][PASSED] - M4_spin_reels = M4_spin_reels: null

2019-08-24 12:09:46 - [TEST_STEP][PASSED] - M4_spin_reels_symbols = symbol: null

2019-08-24 12:09:46 - [TEST_STEP][PASSED] - M4_spin_reels_symbols = M4_spin_reels_symbols: null

2019-08-24 12:09:46 - [TEST_STEP][PASSED] - M4_spin_reel_wins = reel_wins: null

2019-08-24 12:09:46 - [TEST_STEP][PASSED] - M4_spin_reel_wins = M4_spin_reel_wins: null

2019-08-24 12:09:46 - [TEST_STEP][PASSED] - println("GlobalVariable.M4_spin_reel_wins is: " + M4_spin_reel_wins): null

2019-08-24 12:09:46 - [TEST_STEP][PASSED] - M4_spin_total_bonus_win_this_round = total_bonus_win_this_round: null

2019-08-24 12:09:46 - [TEST_STEP][PASSED] - M4_spin_total_bonus_win_this_round = M4_spin_total_bonus_win_this_round: null

2019-08-24 12:09:46 - [TEST_STEP][PASSED] - println("GlobalVariable.M4_spin_total_bonus_win_this_round is: " + M4_spin_total_bonus_win_this_round): null

2019-08-24 12:09:46 - [TEST_STEP][PASSED] - M4_spin_bonus_spin_result = spin_result: null

2019-08-24 12:09:46 - [TEST_STEP][PASSED] - M4_spin_bonus_spin_result = M4_spin_bonus_spin_result: null

2019-08-24 12:09:46 - [MESSAGE][PASSED] - Verify response successfully

2019-08-24 12:09:46 - [MESSAGE][PASSED] - Send request and verify the response successfully

2019-08-24 12:09:46 - [TEST_STEP][PASSED] - if (M4_total_bonus_spins_int != 0 &amp;&amp; M4_spin_reels_symbols[2].contains("WILD_ExtraFG") || M4_spin_reels_symbols[3].contains("WILD_ExtraFG")): null

2019-08-24 12:09:46 - [TEST_STEP][PASSED] - free_spin_reel_counter = free_spin_reel_counter: null

2019-08-24 12:09:46 - [TEST_STEP][PASSED] - M4_spin_reels_symbols = M4_spin_reels_symbols: null

2019-08-24 12:09:46 - [TEST_STEP][PASSED] - M4_total_bonus_spins = M4_total_bonus_spins: null

2019-08-24 12:09:46 - [TEST_STEP][PASSED] - spin_result = sendRequestAndVerify(findTestObject("INT/RGS(M4)/1_M4_spin", ["M4_login_user_id":M4_login_user_id, "rgs_session_token":rgs_session_token, "partner":Partner])): Send request and verify the response successfully

2019-08-24 12:09:46 - [MESSAGE][INFO] - HAR: /Users/eiralee/Katalon_Script/SuperWild/Reports/20190824_120919/INT/superWild_3/20190824_120919/requests/main/5.har

2019-08-24 12:09:46 - [TEST_CASE][PASSED] - Start Test Case : Verification: Verification accomplished successfully

2019-08-24 12:09:47 - [TEST_STEP][PASSED] - request = getInstance().getCurrentRequest(): null

2019-08-24 12:09:47 - [TEST_STEP][PASSED] - response = getInstance().getCurrentResponse(): null

2019-08-24 12:09:47 - [TEST_STEP][PASSED] - verifyResponseStatusCode(response, 200): Verify response status code successfully

2019-08-24 12:09:47 - [MESSAGE][PASSED] - Verify response status code successfully

2019-08-24 12:09:47 - [TEST_STEP][PASSED] - getStatusCode()).isEqualTo(200): null

2019-08-24 12:09:47 - [TEST_STEP][PASSED] - newline = System.getProperty("line.separator"): null

2019-08-24 12:09:47 - [TEST_STEP][PASSED] - M4_spin = new groovy.json.JsonSlurper(): null

2019-08-24 12:09:47 - [TEST_STEP][PASSED] - result_M4_spin = M4_spin.parseText(response.getResponseBodyContent()): null

2019-08-24 12:09:47 - [TEST_STEP][PASSED] - M4_spin_current_balance = current_balance: null

2019-08-24 12:09:47 - [TEST_STEP][PASSED] - M4_spin_current_balance = M4_spin_current_balance: null

2019-08-24 12:09:47 - [TEST_STEP][PASSED] - M4_spin_transaction_id = causality: null

2019-08-24 12:09:47 - [TEST_STEP][PASSED] - M4_spin_transaction_id = M4_spin_transaction_id: null

2019-08-24 12:09:47 - [TEST_STEP][PASSED] - M4_spin_round_id = round_id: null

2019-08-24 12:09:47 - [TEST_STEP][PASSED] - M4_spin_round_id = M4_spin_round_id: null

2019-08-24 12:09:47 - [TEST_STEP][PASSED] - M4_spin_line_wins = line_wins: null

2019-08-24 12:09:47 - [TEST_STEP][PASSED] - M4_spin_line_wins = M4_spin_line_wins: null

2019-08-24 12:09:47 - [TEST_STEP][PASSED] - M4_total_bonus_spins_int = total_bonus_spins: null

2019-08-24 12:09:47 - [TEST_STEP][PASSED] - println("******M4_total_bonus_spins type is:*******" + newline + getClass().getName()): null

2019-08-24 12:09:47 - [TEST_STEP][PASSED] - M4_total_bonus_spins_int = M4_total_bonus_spins_int: null

2019-08-24 12:09:47 - [TEST_STEP][PASSED] - M4_total_bonus_spins = Integer.toString(M4_total_bonus_spins_int): null

2019-08-24 12:09:47 - [TEST_STEP][PASSED] - M4_total_bonus_spins = M4_total_bonus_spins: null

2019-08-24 12:09:47 - [TEST_STEP][PASSED] - println("M4_total_bonus_spins is:" + M4_total_bonus_spins): null

2019-08-24 12:09:47 - [TEST_STEP][PASSED] - M4_spin_bonus_data = bonus_data: null

2019-08-24 12:09:47 - [TEST_STEP][PASSED] - M4_spin_features_triggered = result_M4_spin: null

2019-08-24 12:09:47 - [TEST_STEP][PASSED] - wild = []: null

2019-08-24 12:09:47 - [TEST_STEP][PASSED] - wild[0] = "WILD_Expanding": null

2019-08-24 12:09:47 - [TEST_STEP][PASSED] - wild[1] = "WILD_Normal": null

2019-08-24 12:09:47 - [TEST_STEP][PASSED] - wild[2] = "WILD_Double": null

2019-08-24 12:09:47 - [TEST_STEP][PASSED] - wild[3] = "WILD_ExtraFG": null

2019-08-24 12:09:47 - [TEST_STEP][PASSED] - wild[4] = "WILD_Triple": null

2019-08-24 12:09:47 - [TEST_STEP][PASSED] - wildList = Arrays.asList(wild): null

2019-08-24 12:09:47 - [TEST_STEP][PASSED] - wildList = wildList: null

2019-08-24 12:09:47 - [TEST_STEP][PASSED] - free_spin_reel_counter = []: null

2019-08-24 12:09:47 - [TEST_STEP][PASSED] - free_spin_reel_counter[0] = 0: null

2019-08-24 12:09:47 - [TEST_STEP][PASSED] - free_spin_reel_counter[1] = 0: null

2019-08-24 12:09:47 - [TEST_STEP][PASSED] - free_spin_reel_counter[2] = 0: null

2019-08-24 12:09:47 - [TEST_STEP][PASSED] - M4_spin_reels = reels: null

2019-08-24 12:09:47 - [TEST_STEP][PASSED] - for ([i = 0, i &lt; M4_spin_reels.size(), (i++)]): null

2019-08-24 12:09:47 - [TEST_STEP][PASSED] - symbols = symbols: null

2019-08-24 12:09:47 - [TEST_STEP][PASSED] - for ([j = 0, j &lt; symbols.size(), (j++)]): null

2019-08-24 12:09:47 - [TEST_STEP][PASSED] - symbol = symbol: null

2019-08-24 12:09:47 - [TEST_STEP][PASSED] - println(symbol): null

2019-08-24 12:09:47 - [TEST_STEP][PASSED] - if (i == 2 &amp;&amp; wildList.indexOf(symbol) != -1): null

2019-08-24 12:09:47 - [TEST_STEP][PASSED] - if (i == 3 &amp;&amp; wildList.indexOf(symbol) != -1): null

2019-08-24 12:09:47 - [TEST_STEP][PASSED] - if (i == 4 &amp;&amp; wildList.indexOf(symbol) != -1): null

2019-08-24 12:09:47 - [TEST_STEP][PASSED] - symbol = symbol: null

2019-08-24 12:09:47 - [TEST_STEP][PASSED] - println(symbol): null

2019-08-24 12:09:47 - [TEST_STEP][PASSED] - if (i == 2 &amp;&amp; wildList.indexOf(symbol) != -1): null

2019-08-24 12:09:47 - [TEST_STEP][PASSED] - if (i == 3 &amp;&amp; wildList.indexOf(symbol) != -1): null

2019-08-24 12:09:47 - [TEST_STEP][PASSED] - if (i == 4 &amp;&amp; wildList.indexOf(symbol) != -1): null

2019-08-24 12:09:47 - [TEST_STEP][PASSED] - symbol = symbol: null

2019-08-24 12:09:47 - [TEST_STEP][PASSED] - println(symbol): null

2019-08-24 12:09:47 - [TEST_STEP][PASSED] - if (i == 2 &amp;&amp; wildList.indexOf(symbol) != -1): null

2019-08-24 12:09:47 - [TEST_STEP][PASSED] - if (i == 3 &amp;&amp; wildList.indexOf(symbol) != -1): null

2019-08-24 12:09:47 - [TEST_STEP][PASSED] - if (i == 4 &amp;&amp; wildList.indexOf(symbol) != -1): null

2019-08-24 12:09:47 - [TEST_STEP][PASSED] - symbols = symbols: null

2019-08-24 12:09:47 - [TEST_STEP][PASSED] - for ([j = 0, j &lt; symbols.size(), (j++)]): null

2019-08-24 12:09:47 - [TEST_STEP][PASSED] - symbol = symbol: null

2019-08-24 12:09:47 - [TEST_STEP][PASSED] - println(symbol): null

2019-08-24 12:09:47 - [TEST_STEP][PASSED] - if (i == 2 &amp;&amp; wildList.indexOf(symbol) != -1): null

2019-08-24 12:09:47 - [TEST_STEP][PASSED] - if (i == 3 &amp;&amp; wildList.indexOf(symbol) != -1): null

2019-08-24 12:09:47 - [TEST_STEP][PASSED] - if (i == 4 &amp;&amp; wildList.indexOf(symbol) != -1): null

2019-08-24 12:09:47 - [TEST_STEP][PASSED] - symbol = symbol: null

2019-08-24 12:09:47 - [TEST_STEP][PASSED] - println(symbol): null

2019-08-24 12:09:47 - [TEST_STEP][PASSED] - if (i == 2 &amp;&amp; wildList.indexOf(symbol) != -1): null

2019-08-24 12:09:47 - [TEST_STEP][PASSED] - if (i == 3 &amp;&amp; wildList.indexOf(symbol) != -1): null

2019-08-24 12:09:47 - [TEST_STEP][PASSED] - if (i == 4 &amp;&amp; wildList.indexOf(symbol) != -1): null

2019-08-24 12:09:47 - [TEST_STEP][PASSED] - symbol = symbol: null

2019-08-24 12:09:47 - [TEST_STEP][PASSED] - println(symbol): null

2019-08-24 12:09:47 - [TEST_STEP][PASSED] - if (i == 2 &amp;&amp; wildList.indexOf(symbol) != -1): null

2019-08-24 12:09:47 - [TEST_STEP][PASSED] - if (i == 3 &amp;&amp; wildList.indexOf(symbol) != -1): null

2019-08-24 12:09:47 - [TEST_STEP][PASSED] - if (i == 4 &amp;&amp; wildList.indexOf(symbol) != -1): null

2019-08-24 12:09:47 - [TEST_STEP][PASSED] - symbols = symbols: null

2019-08-24 12:09:47 - [TEST_STEP][PASSED] - for ([j = 0, j &lt; symbols.size(), (j++)]): null

2019-08-24 12:09:47 - [TEST_STEP][PASSED] - symbol = symbol: null

2019-08-24 12:09:47 - [TEST_STEP][PASSED] - println(symbol): null

2019-08-24 12:09:47 - [TEST_STEP][PASSED] - if (i == 2 &amp;&amp; wildList.indexOf(symbol) != -1): null

2019-08-24 12:09:47 - [TEST_STEP][PASSED] - if (i == 3 &amp;&amp; wildList.indexOf(symbol) != -1): null

2019-08-24 12:09:47 - [TEST_STEP][PASSED] - if (i == 4 &amp;&amp; wildList.indexOf(symbol) != -1): null

2019-08-24 12:09:47 - [TEST_STEP][PASSED] - symbol = symbol: null

2019-08-24 12:09:47 - [TEST_STEP][PASSED] - println(symbol): null

2019-08-24 12:09:47 - [TEST_STEP][PASSED] - if (i == 2 &amp;&amp; wildList.indexOf(symbol) != -1): null

2019-08-24 12:09:47 - [TEST_STEP][PASSED] - if (i == 3 &amp;&amp; wildList.indexOf(symbol) != -1): null

2019-08-24 12:09:47 - [TEST_STEP][PASSED] - if (i == 4 &amp;&amp; wildList.indexOf(symbol) != -1): null

2019-08-24 12:09:47 - [TEST_STEP][PASSED] - symbol = symbol: null

2019-08-24 12:09:47 - [TEST_STEP][PASSED] - println(symbol): null

2019-08-24 12:09:47 - [TEST_STEP][PASSED] - if (i == 2 &amp;&amp; wildList.indexOf(symbol) != -1): null

2019-08-24 12:09:47 - [TEST_STEP][PASSED] - println("wild found on reel 3, adding counter by 1"): null

2019-08-24 12:09:47 - [TEST_STEP][PASSED] - free_spin_reel_counter[0] = free_spin_reel_counter[0] + 1: null

2019-08-24 12:09:47 - [TEST_STEP][PASSED] - if (i == 3 &amp;&amp; wildList.indexOf(symbol) != -1): null

2019-08-24 12:09:47 - [TEST_STEP][PASSED] - if (i == 4 &amp;&amp; wildList.indexOf(symbol) != -1): null

2019-08-24 12:09:47 - [TEST_STEP][PASSED] - symbols = symbols: null

2019-08-24 12:09:47 - [TEST_STEP][PASSED] - for ([j = 0, j &lt; symbols.size(), (j++)]): null

2019-08-24 12:09:47 - [TEST_STEP][PASSED] - symbol = symbol: null

2019-08-24 12:09:47 - [TEST_STEP][PASSED] - println(symbol): null

2019-08-24 12:09:47 - [TEST_STEP][PASSED] - if (i == 2 &amp;&amp; wildList.indexOf(symbol) != -1): null

2019-08-24 12:09:47 - [TEST_STEP][PASSED] - if (i == 3 &amp;&amp; wildList.indexOf(symbol) != -1): null

2019-08-24 12:09:47 - [TEST_STEP][PASSED] - if (i == 4 &amp;&amp; wildList.indexOf(symbol) != -1): null

2019-08-24 12:09:47 - [TEST_STEP][PASSED] - symbol = symbol: null

2019-08-24 12:09:47 - [TEST_STEP][PASSED] - println(symbol): null

2019-08-24 12:09:47 - [TEST_STEP][PASSED] - if (i == 2 &amp;&amp; wildList.indexOf(symbol) != -1): null

2019-08-24 12:09:47 - [TEST_STEP][PASSED] - if (i == 3 &amp;&amp; wildList.indexOf(symbol) != -1): null

2019-08-24 12:09:47 - [TEST_STEP][PASSED] - if (i == 4 &amp;&amp; wildList.indexOf(symbol) != -1): null

2019-08-24 12:09:47 - [TEST_STEP][PASSED] - symbol = symbol: null

2019-08-24 12:09:47 - [TEST_STEP][PASSED] - println(symbol): null

2019-08-24 12:09:47 - [TEST_STEP][PASSED] - if (i == 2 &amp;&amp; wildList.indexOf(symbol) != -1): null

2019-08-24 12:09:47 - [TEST_STEP][PASSED] - if (i == 3 &amp;&amp; wildList.indexOf(symbol) != -1): null

2019-08-24 12:09:47 - [TEST_STEP][PASSED] - if (i == 4 &amp;&amp; wildList.indexOf(symbol) != -1): null

2019-08-24 12:09:47 - [TEST_STEP][PASSED] - symbols = symbols: null

2019-08-24 12:09:47 - [TEST_STEP][PASSED] - for ([j = 0, j &lt; symbols.size(), (j++)]): null

2019-08-24 12:09:47 - [TEST_STEP][PASSED] - symbol = symbol: null

2019-08-24 12:09:47 - [TEST_STEP][PASSED] - println(symbol): null

2019-08-24 12:09:47 - [TEST_STEP][PASSED] - if (i == 2 &amp;&amp; wildList.indexOf(symbol) != -1): null

2019-08-24 12:09:47 - [TEST_STEP][PASSED] - if (i == 3 &amp;&amp; wildList.indexOf(symbol) != -1): null

2019-08-24 12:09:47 - [TEST_STEP][PASSED] - if (i == 4 &amp;&amp; wildList.indexOf(symbol) != -1): null

2019-08-24 12:09:47 - [TEST_STEP][PASSED] - symbol = symbol: null

2019-08-24 12:09:47 - [TEST_STEP][PASSED] - println(symbol): null

2019-08-24 12:09:47 - [TEST_STEP][PASSED] - if (i == 2 &amp;&amp; wildList.indexOf(symbol) != -1): null

2019-08-24 12:09:47 - [TEST_STEP][PASSED] - if (i == 3 &amp;&amp; wildList.indexOf(symbol) != -1): null

2019-08-24 12:09:47 - [TEST_STEP][PASSED] - if (i == 4 &amp;&amp; wildList.indexOf(symbol) != -1): null

2019-08-24 12:09:47 - [TEST_STEP][PASSED] - symbol = symbol: null

2019-08-24 12:09:47 - [TEST_STEP][PASSED] - println(symbol): null

2019-08-24 12:09:47 - [TEST_STEP][PASSED] - if (i == 2 &amp;&amp; wildList.indexOf(symbol) != -1): null

2019-08-24 12:09:47 - [TEST_STEP][PASSED] - if (i == 3 &amp;&amp; wildList.indexOf(symbol) != -1): null

2019-08-24 12:09:47 - [TEST_STEP][PASSED] - if (i == 4 &amp;&amp; wildList.indexOf(symbol) != -1): null

2019-08-24 12:09:47 - [TEST_STEP][PASSED] - free_spin_reel_counter = free_spin_reel_counter: null

2019-08-24 12:09:47 - [TEST_STEP][PASSED] - println("reel 3 wild found: " + free_spin_reel_counter[0]): null

2019-08-24 12:09:47 - [TEST_STEP][PASSED] - println("reel 4 wild found: " + free_spin_reel_counter[1]): null

2019-08-24 12:09:47 - [TEST_STEP][PASSED] - println("reel 5 wild found: " + free_spin_reel_counter[2]): null

2019-08-24 12:09:47 - [TEST_STEP][PASSED] - M4_spin_reels = M4_spin_reels: null

2019-08-24 12:09:47 - [TEST_STEP][PASSED] - M4_spin_reels_symbols = symbol: null

2019-08-24 12:09:47 - [TEST_STEP][PASSED] - M4_spin_reels_symbols = M4_spin_reels_symbols: null

2019-08-24 12:09:47 - [TEST_STEP][PASSED] - M4_spin_reel_wins = reel_wins: null

2019-08-24 12:09:47 - [TEST_STEP][PASSED] - M4_spin_reel_wins = M4_spin_reel_wins: null

2019-08-24 12:09:47 - [TEST_STEP][PASSED] - println("GlobalVariable.M4_spin_reel_wins is: " + M4_spin_reel_wins): null

2019-08-24 12:09:47 - [TEST_STEP][PASSED] - M4_spin_total_bonus_win_this_round = total_bonus_win_this_round: null

2019-08-24 12:09:47 - [TEST_STEP][PASSED] - M4_spin_total_bonus_win_this_round = M4_spin_total_bonus_win_this_round: null

2019-08-24 12:09:47 - [TEST_STEP][PASSED] - println("GlobalVariable.M4_spin_total_bonus_win_this_round is: " + M4_spin_total_bonus_win_this_round): null

2019-08-24 12:09:47 - [TEST_STEP][PASSED] - M4_spin_bonus_spin_result = spin_result: null

2019-08-24 12:09:47 - [TEST_STEP][PASSED] - M4_spin_bonus_spin_result = M4_spin_bonus_spin_result: null

2019-08-24 12:09:47 - [MESSAGE][PASSED] - Verify response successfully

2019-08-24 12:09:47 - [MESSAGE][PASSED] - Send request and verify the response successfully

2019-08-24 12:09:47 - [TEST_STEP][PASSED] - if (M4_total_bonus_spins_int != 0 &amp;&amp; M4_spin_reels_symbols[2].contains("WILD_ExtraFG") || M4_spin_reels_symbols[3].contains("WILD_ExtraFG")): null

2019-08-24 12:09:47 - [TEST_STEP][PASSED] - free_spin_reel_counter = free_spin_reel_counter: null

2019-08-24 12:09:47 - [TEST_STEP][PASSED] - M4_spin_reels_symbols = M4_spin_reels_symbols: null

2019-08-24 12:09:47 - [TEST_STEP][PASSED] - M4_total_bonus_spins = M4_total_bonus_spins: null

2019-08-24 12:09:47 - [TEST_STEP][PASSED] - spin_result = sendRequestAndVerify(findTestObject("INT/RGS(M4)/1_M4_spin", ["M4_login_user_id":M4_login_user_id, "rgs_session_token":rgs_session_token, "partner":Partner])): Send request and verify the response successfully

2019-08-24 12:09:47 - [MESSAGE][INFO] - HAR: /Users/eiralee/Katalon_Script/SuperWild/Reports/20190824_120919/INT/superWild_3/20190824_120919/requests/main/6.har

2019-08-24 12:09:47 - [TEST_CASE][PASSED] - Start Test Case : Verification: Verification accomplished successfully

2019-08-24 12:09:47 - [TEST_STEP][PASSED] - request = getInstance().getCurrentRequest(): null

2019-08-24 12:09:47 - [TEST_STEP][PASSED] - response = getInstance().getCurrentResponse(): null

2019-08-24 12:09:47 - [TEST_STEP][PASSED] - verifyResponseStatusCode(response, 200): Verify response status code successfully

2019-08-24 12:09:47 - [MESSAGE][PASSED] - Verify response status code successfully

2019-08-24 12:09:47 - [TEST_STEP][PASSED] - getStatusCode()).isEqualTo(200): null

2019-08-24 12:09:47 - [TEST_STEP][PASSED] - newline = System.getProperty("line.separator"): null

2019-08-24 12:09:47 - [TEST_STEP][PASSED] - M4_spin = new groovy.json.JsonSlurper(): null

2019-08-24 12:09:47 - [TEST_STEP][PASSED] - result_M4_spin = M4_spin.parseText(response.getResponseBodyContent()): null

2019-08-24 12:09:47 - [TEST_STEP][PASSED] - M4_spin_current_balance = current_balance: null

2019-08-24 12:09:47 - [TEST_STEP][PASSED] - M4_spin_current_balance = M4_spin_current_balance: null

2019-08-24 12:09:47 - [TEST_STEP][PASSED] - M4_spin_transaction_id = causality: null

2019-08-24 12:09:47 - [TEST_STEP][PASSED] - M4_spin_transaction_id = M4_spin_transaction_id: null

2019-08-24 12:09:47 - [TEST_STEP][PASSED] - M4_spin_round_id = round_id: null

2019-08-24 12:09:47 - [TEST_STEP][PASSED] - M4_spin_round_id = M4_spin_round_id: null

2019-08-24 12:09:47 - [TEST_STEP][PASSED] - M4_spin_line_wins = line_wins: null

2019-08-24 12:09:47 - [TEST_STEP][PASSED] - M4_spin_line_wins = M4_spin_line_wins: null

2019-08-24 12:09:47 - [TEST_STEP][PASSED] - M4_total_bonus_spins_int = total_bonus_spins: null

2019-08-24 12:09:47 - [TEST_STEP][PASSED] - println("******M4_total_bonus_spins type is:*******" + newline + getClass().getName()): null

2019-08-24 12:09:47 - [TEST_STEP][PASSED] - M4_total_bonus_spins_int = M4_total_bonus_spins_int: null

2019-08-24 12:09:47 - [TEST_STEP][PASSED] - M4_total_bonus_spins = Integer.toString(M4_total_bonus_spins_int): null

2019-08-24 12:09:47 - [TEST_STEP][PASSED] - M4_total_bonus_spins = M4_total_bonus_spins: null

2019-08-24 12:09:47 - [TEST_STEP][PASSED] - println("M4_total_bonus_spins is:" + M4_total_bonus_spins): null

2019-08-24 12:09:47 - [TEST_STEP][PASSED] - M4_spin_bonus_data = bonus_data: null

2019-08-24 12:09:47 - [TEST_STEP][PASSED] - M4_spin_features_triggered = result_M4_spin: null

2019-08-24 12:09:47 - [TEST_STEP][PASSED] - wild = []: null

2019-08-24 12:09:47 - [TEST_STEP][PASSED] - wild[0] = "WILD_Expanding": null

2019-08-24 12:09:47 - [TEST_STEP][PASSED] - wild[1] = "WILD_Normal": null

2019-08-24 12:09:47 - [TEST_STEP][PASSED] - wild[2] = "WILD_Double": null

2019-08-24 12:09:47 - [TEST_STEP][PASSED] - wild[3] = "WILD_ExtraFG": null

2019-08-24 12:09:47 - [TEST_STEP][PASSED] - wild[4] = "WILD_Triple": null

2019-08-24 12:09:47 - [TEST_STEP][PASSED] - wildList = Arrays.asList(wild): null

2019-08-24 12:09:47 - [TEST_STEP][PASSED] - wildList = wildList: null

2019-08-24 12:09:47 - [TEST_STEP][PASSED] - free_spin_reel_counter = []: null

2019-08-24 12:09:47 - [TEST_STEP][PASSED] - free_spin_reel_counter[0] = 0: null

2019-08-24 12:09:47 - [TEST_STEP][PASSED] - free_spin_reel_counter[1] = 0: null

2019-08-24 12:09:47 - [TEST_STEP][PASSED] - free_spin_reel_counter[2] = 0: null

2019-08-24 12:09:47 - [TEST_STEP][PASSED] - M4_spin_reels = reels: null

2019-08-24 12:09:47 - [TEST_STEP][PASSED] - for ([i = 0, i &lt; M4_spin_reels.size(), (i++)]): null

2019-08-24 12:09:47 - [TEST_STEP][PASSED] - symbols = symbols: null

2019-08-24 12:09:47 - [TEST_STEP][PASSED] - for ([j = 0, j &lt; symbols.size(), (j++)]): null

2019-08-24 12:09:47 - [TEST_STEP][PASSED] - symbol = symbol: null

2019-08-24 12:09:47 - [TEST_STEP][PASSED] - println(symbol): null

2019-08-24 12:09:47 - [TEST_STEP][PASSED] - if (i == 2 &amp;&amp; wildList.indexOf(symbol) != -1): null

2019-08-24 12:09:47 - [TEST_STEP][PASSED] - if (i == 3 &amp;&amp; wildList.indexOf(symbol) != -1): null

2019-08-24 12:09:47 - [TEST_STEP][PASSED] - if (i == 4 &amp;&amp; wildList.indexOf(symbol) != -1): null

2019-08-24 12:09:47 - [TEST_STEP][PASSED] - symbol = symbol: null

2019-08-24 12:09:47 - [TEST_STEP][PASSED] - println(symbol): null

2019-08-24 12:09:47 - [TEST_STEP][PASSED] - if (i == 2 &amp;&amp; wildList.indexOf(symbol) != -1): null

2019-08-24 12:09:47 - [TEST_STEP][PASSED] - if (i == 3 &amp;&amp; wildList.indexOf(symbol) != -1): null

2019-08-24 12:09:47 - [TEST_STEP][PASSED] - if (i == 4 &amp;&amp; wildList.indexOf(symbol) != -1): null

2019-08-24 12:09:47 - [TEST_STEP][PASSED] - symbol = symbol: null

2019-08-24 12:09:47 - [TEST_STEP][PASSED] - println(symbol): null

2019-08-24 12:09:47 - [TEST_STEP][PASSED] - if (i == 2 &amp;&amp; wildList.indexOf(symbol) != -1): null

2019-08-24 12:09:47 - [TEST_STEP][PASSED] - if (i == 3 &amp;&amp; wildList.indexOf(symbol) != -1): null

2019-08-24 12:09:47 - [TEST_STEP][PASSED] - if (i == 4 &amp;&amp; wildList.indexOf(symbol) != -1): null

2019-08-24 12:09:47 - [TEST_STEP][PASSED] - symbols = symbols: null

2019-08-24 12:09:47 - [TEST_STEP][PASSED] - for ([j = 0, j &lt; symbols.size(), (j++)]): null

2019-08-24 12:09:47 - [TEST_STEP][PASSED] - symbol = symbol: null

2019-08-24 12:09:47 - [TEST_STEP][PASSED] - println(symbol): null

2019-08-24 12:09:47 - [TEST_STEP][PASSED] - if (i == 2 &amp;&amp; wildList.indexOf(symbol) != -1): null

2019-08-24 12:09:47 - [TEST_STEP][PASSED] - if (i == 3 &amp;&amp; wildList.indexOf(symbol) != -1): null

2019-08-24 12:09:47 - [TEST_STEP][PASSED] - if (i == 4 &amp;&amp; wildList.indexOf(symbol) != -1): null

2019-08-24 12:09:47 - [TEST_STEP][PASSED] - symbol = symbol: null

2019-08-24 12:09:47 - [TEST_STEP][PASSED] - println(symbol): null

2019-08-24 12:09:47 - [TEST_STEP][PASSED] - if (i == 2 &amp;&amp; wildList.indexOf(symbol) != -1): null

2019-08-24 12:09:47 - [TEST_STEP][PASSED] - if (i == 3 &amp;&amp; wildList.indexOf(symbol) != -1): null

2019-08-24 12:09:47 - [TEST_STEP][PASSED] - if (i == 4 &amp;&amp; wildList.indexOf(symbol) != -1): null

2019-08-24 12:09:47 - [TEST_STEP][PASSED] - symbol = symbol: null

2019-08-24 12:09:47 - [TEST_STEP][PASSED] - println(symbol): null

2019-08-24 12:09:47 - [TEST_STEP][PASSED] - if (i == 2 &amp;&amp; wildList.indexOf(symbol) != -1): null

2019-08-24 12:09:47 - [TEST_STEP][PASSED] - if (i == 3 &amp;&amp; wildList.indexOf(symbol) != -1): null

2019-08-24 12:09:47 - [TEST_STEP][PASSED] - if (i == 4 &amp;&amp; wildList.indexOf(symbol) != -1): null

2019-08-24 12:09:47 - [TEST_STEP][PASSED] - symbols = symbols: null

2019-08-24 12:09:47 - [TEST_STEP][PASSED] - for ([j = 0, j &lt; symbols.size(), (j++)]): null

2019-08-24 12:09:47 - [TEST_STEP][PASSED] - symbol = symbol: null

2019-08-24 12:09:47 - [TEST_STEP][PASSED] - println(symbol): null

2019-08-24 12:09:47 - [TEST_STEP][PASSED] - if (i == 2 &amp;&amp; wildList.indexOf(symbol) != -1): null

2019-08-24 12:09:47 - [TEST_STEP][PASSED] - if (i == 3 &amp;&amp; wildList.indexOf(symbol) != -1): null

2019-08-24 12:09:47 - [TEST_STEP][PASSED] - if (i == 4 &amp;&amp; wildList.indexOf(symbol) != -1): null

2019-08-24 12:09:47 - [TEST_STEP][PASSED] - symbol = symbol: null

2019-08-24 12:09:47 - [TEST_STEP][PASSED] - println(symbol): null

2019-08-24 12:09:47 - [TEST_STEP][PASSED] - if (i == 2 &amp;&amp; wildList.indexOf(symbol) != -1): null

2019-08-24 12:09:47 - [TEST_STEP][PASSED] - if (i == 3 &amp;&amp; wildList.indexOf(symbol) != -1): null

2019-08-24 12:09:47 - [TEST_STEP][PASSED] - if (i == 4 &amp;&amp; wildList.indexOf(symbol) != -1): null

2019-08-24 12:09:47 - [TEST_STEP][PASSED] - symbol = symbol: null

2019-08-24 12:09:47 - [TEST_STEP][PASSED] - println(symbol): null

2019-08-24 12:09:47 - [TEST_STEP][PASSED] - if (i == 2 &amp;&amp; wildList.indexOf(symbol) != -1): null

2019-08-24 12:09:47 - [TEST_STEP][PASSED] - if (i == 3 &amp;&amp; wildList.indexOf(symbol) != -1): null

2019-08-24 12:09:47 - [TEST_STEP][PASSED] - if (i == 4 &amp;&amp; wildList.indexOf(symbol) != -1): null

2019-08-24 12:09:47 - [TEST_STEP][PASSED] - symbols = symbols: null

2019-08-24 12:09:47 - [TEST_STEP][PASSED] - for ([j = 0, j &lt; symbols.size(), (j++)]): null

2019-08-24 12:09:47 - [TEST_STEP][PASSED] - symbol = symbol: null

2019-08-24 12:09:47 - [TEST_STEP][PASSED] - println(symbol): null

2019-08-24 12:09:47 - [TEST_STEP][PASSED] - if (i == 2 &amp;&amp; wildList.indexOf(symbol) != -1): null

2019-08-24 12:09:47 - [TEST_STEP][PASSED] - if (i == 3 &amp;&amp; wildList.indexOf(symbol) != -1): null

2019-08-24 12:09:47 - [TEST_STEP][PASSED] - if (i == 4 &amp;&amp; wildList.indexOf(symbol) != -1): null

2019-08-24 12:09:47 - [TEST_STEP][PASSED] - symbol = symbol: null

2019-08-24 12:09:47 - [TEST_STEP][PASSED] - println(symbol): null

2019-08-24 12:09:47 - [TEST_STEP][PASSED] - if (i == 2 &amp;&amp; wildList.indexOf(symbol) != -1): null

2019-08-24 12:09:47 - [TEST_STEP][PASSED] - if (i == 3 &amp;&amp; wildList.indexOf(symbol) != -1): null

2019-08-24 12:09:47 - [TEST_STEP][PASSED] - if (i == 4 &amp;&amp; wildList.indexOf(symbol) != -1): null

2019-08-24 12:09:47 - [TEST_STEP][PASSED] - symbol = symbol: null

2019-08-24 12:09:47 - [TEST_STEP][PASSED] - println(symbol): null

2019-08-24 12:09:47 - [TEST_STEP][PASSED] - if (i == 2 &amp;&amp; wildList.indexOf(symbol) != -1): null

2019-08-24 12:09:47 - [TEST_STEP][PASSED] - if (i == 3 &amp;&amp; wildList.indexOf(symbol) != -1): null

2019-08-24 12:09:47 - [TEST_STEP][PASSED] - println("wild found on reel 4, adding counter by 1"): null

2019-08-24 12:09:47 - [TEST_STEP][PASSED] - free_spin_reel_counter[1] = free_spin_reel_counter[1] + 1: null

2019-08-24 12:09:47 - [TEST_STEP][PASSED] - if (i == 4 &amp;&amp; wildList.indexOf(symbol) != -1): null

2019-08-24 12:09:47 - [TEST_STEP][PASSED] - symbols = symbols: null

2019-08-24 12:09:47 - [TEST_STEP][PASSED] - for ([j = 0, j &lt; symbols.size(), (j++)]): null

2019-08-24 12:09:47 - [TEST_STEP][PASSED] - symbol = symbol: null

2019-08-24 12:09:47 - [TEST_STEP][PASSED] - println(symbol): null

2019-08-24 12:09:47 - [TEST_STEP][PASSED] - if (i == 2 &amp;&amp; wildList.indexOf(symbol) != -1): null

2019-08-24 12:09:47 - [TEST_STEP][PASSED] - if (i == 3 &amp;&amp; wildList.indexOf(symbol) != -1): null

2019-08-24 12:09:47 - [TEST_STEP][PASSED] - if (i == 4 &amp;&amp; wildList.indexOf(symbol) != -1): null

2019-08-24 12:09:47 - [TEST_STEP][PASSED] - symbol = symbol: null

2019-08-24 12:09:47 - [TEST_STEP][PASSED] - println(symbol): null

2019-08-24 12:09:47 - [TEST_STEP][PASSED] - if (i == 2 &amp;&amp; wildList.indexOf(symbol) != -1): null

2019-08-24 12:09:47 - [TEST_STEP][PASSED] - if (i == 3 &amp;&amp; wildList.indexOf(symbol) != -1): null

2019-08-24 12:09:47 - [TEST_STEP][PASSED] - if (i == 4 &amp;&amp; wildList.indexOf(symbol) != -1): null

2019-08-24 12:09:47 - [TEST_STEP][PASSED] - symbol = symbol: null

2019-08-24 12:09:47 - [TEST_STEP][PASSED] - println(symbol): null

2019-08-24 12:09:47 - [TEST_STEP][PASSED] - if (i == 2 &amp;&amp; wildList.indexOf(symbol) != -1): null

2019-08-24 12:09:47 - [TEST_STEP][PASSED] - if (i == 3 &amp;&amp; wildList.indexOf(symbol) != -1): null

2019-08-24 12:09:47 - [TEST_STEP][PASSED] - if (i == 4 &amp;&amp; wildList.indexOf(symbol) != -1): null

2019-08-24 12:09:47 - [TEST_STEP][PASSED] - free_spin_reel_counter = free_spin_reel_counter: null

2019-08-24 12:09:47 - [TEST_STEP][PASSED] - println("reel 3 wild found: " + free_spin_reel_counter[0]): null

2019-08-24 12:09:47 - [TEST_STEP][PASSED] - println("reel 4 wild found: " + free_spin_reel_counter[1]): null

2019-08-24 12:09:47 - [TEST_STEP][PASSED] - println("reel 5 wild found: " + free_spin_reel_counter[2]): null

2019-08-24 12:09:47 - [TEST_STEP][PASSED] - M4_spin_reels = M4_spin_reels: null

2019-08-24 12:09:47 - [TEST_STEP][PASSED] - M4_spin_reels_symbols = symbol: null

2019-08-24 12:09:47 - [TEST_STEP][PASSED] - M4_spin_reels_symbols = M4_spin_reels_symbols: null

2019-08-24 12:09:47 - [TEST_STEP][PASSED] - M4_spin_reel_wins = reel_wins: null

2019-08-24 12:09:47 - [TEST_STEP][PASSED] - M4_spin_reel_wins = M4_spin_reel_wins: null

2019-08-24 12:09:47 - [TEST_STEP][PASSED] - println("GlobalVariable.M4_spin_reel_wins is: " + M4_spin_reel_wins): null

2019-08-24 12:09:47 - [TEST_STEP][PASSED] - M4_spin_total_bonus_win_this_round = total_bonus_win_this_round: null

2019-08-24 12:09:47 - [TEST_STEP][PASSED] - M4_spin_total_bonus_win_this_round = M4_spin_total_bonus_win_this_round: null

2019-08-24 12:09:47 - [TEST_STEP][PASSED] - println("GlobalVariable.M4_spin_total_bonus_win_this_round is: " + M4_spin_total_bonus_win_this_round): null

2019-08-24 12:09:47 - [TEST_STEP][PASSED] - M4_spin_bonus_spin_result = spin_result: null

2019-08-24 12:09:47 - [TEST_STEP][PASSED] - M4_spin_bonus_spin_result = M4_spin_bonus_spin_result: null

2019-08-24 12:09:47 - [MESSAGE][PASSED] - Verify response successfully

2019-08-24 12:09:47 - [MESSAGE][PASSED] - Send request and verify the response successfully

2019-08-24 12:09:47 - [TEST_STEP][PASSED] - if (M4_total_bonus_spins_int != 0 &amp;&amp; M4_spin_reels_symbols[2].contains("WILD_ExtraFG") || M4_spin_reels_symbols[3].contains("WILD_ExtraFG")): null

2019-08-24 12:09:47 - [TEST_STEP][PASSED] - free_spin_reel_counter = free_spin_reel_counter: null

2019-08-24 12:09:47 - [TEST_STEP][PASSED] - M4_spin_reels_symbols = M4_spin_reels_symbols: null

2019-08-24 12:09:47 - [TEST_STEP][PASSED] - M4_total_bonus_spins = M4_total_bonus_spins: null

2019-08-24 12:09:47 - [TEST_STEP][PASSED] - spin_result = sendRequestAndVerify(findTestObject("INT/RGS(M4)/1_M4_spin", ["M4_login_user_id":M4_login_user_id, "rgs_session_token":rgs_session_token, "partner":Partner])): Send request and verify the response successfully

2019-08-24 12:09:48 - [MESSAGE][INFO] - HAR: /Users/eiralee/Katalon_Script/SuperWild/Reports/20190824_120919/INT/superWild_3/20190824_120919/requests/main/7.har

2019-08-24 12:09:48 - [TEST_CASE][PASSED] - Start Test Case : Verification: Verification accomplished successfully

2019-08-24 12:09:48 - [TEST_STEP][PASSED] - request = getInstance().getCurrentRequest(): null

2019-08-24 12:09:48 - [TEST_STEP][PASSED] - response = getInstance().getCurrentResponse(): null

2019-08-24 12:09:48 - [TEST_STEP][PASSED] - verifyResponseStatusCode(response, 200): Verify response status code successfully

2019-08-24 12:09:48 - [MESSAGE][PASSED] - Verify response status code successfully

2019-08-24 12:09:48 - [TEST_STEP][PASSED] - getStatusCode()).isEqualTo(200): null

2019-08-24 12:09:48 - [TEST_STEP][PASSED] - newline = System.getProperty("line.separator"): null

2019-08-24 12:09:48 - [TEST_STEP][PASSED] - M4_spin = new groovy.json.JsonSlurper(): null

2019-08-24 12:09:48 - [TEST_STEP][PASSED] - result_M4_spin = M4_spin.parseText(response.getResponseBodyContent()): null

2019-08-24 12:09:48 - [TEST_STEP][PASSED] - M4_spin_current_balance = current_balance: null

2019-08-24 12:09:48 - [TEST_STEP][PASSED] - M4_spin_current_balance = M4_spin_current_balance: null

2019-08-24 12:09:48 - [TEST_STEP][PASSED] - M4_spin_transaction_id = causality: null

2019-08-24 12:09:48 - [TEST_STEP][PASSED] - M4_spin_transaction_id = M4_spin_transaction_id: null

2019-08-24 12:09:48 - [TEST_STEP][PASSED] - M4_spin_round_id = round_id: null

2019-08-24 12:09:48 - [TEST_STEP][PASSED] - M4_spin_round_id = M4_spin_round_id: null

2019-08-24 12:09:48 - [TEST_STEP][PASSED] - M4_spin_line_wins = line_wins: null

2019-08-24 12:09:48 - [TEST_STEP][PASSED] - M4_spin_line_wins = M4_spin_line_wins: null

2019-08-24 12:09:48 - [TEST_STEP][PASSED] - M4_total_bonus_spins_int = total_bonus_spins: null

2019-08-24 12:09:48 - [TEST_STEP][PASSED] - println("******M4_total_bonus_spins type is:*******" + newline + getClass().getName()): null

2019-08-24 12:09:48 - [TEST_STEP][PASSED] - M4_total_bonus_spins_int = M4_total_bonus_spins_int: null

2019-08-24 12:09:48 - [TEST_STEP][PASSED] - M4_total_bonus_spins = Integer.toString(M4_total_bonus_spins_int): null

2019-08-24 12:09:48 - [TEST_STEP][PASSED] - M4_total_bonus_spins = M4_total_bonus_spins: null

2019-08-24 12:09:48 - [TEST_STEP][PASSED] - println("M4_total_bonus_spins is:" + M4_total_bonus_spins): null

2019-08-24 12:09:48 - [TEST_STEP][PASSED] - M4_spin_bonus_data = bonus_data: null

2019-08-24 12:09:48 - [TEST_STEP][PASSED] - M4_spin_features_triggered = result_M4_spin: null

2019-08-24 12:09:48 - [TEST_STEP][PASSED] - wild = []: null

2019-08-24 12:09:48 - [TEST_STEP][PASSED] - wild[0] = "WILD_Expanding": null

2019-08-24 12:09:48 - [TEST_STEP][PASSED] - wild[1] = "WILD_Normal": null

2019-08-24 12:09:48 - [TEST_STEP][PASSED] - wild[2] = "WILD_Double": null

2019-08-24 12:09:48 - [TEST_STEP][PASSED] - wild[3] = "WILD_ExtraFG": null

2019-08-24 12:09:48 - [TEST_STEP][PASSED] - wild[4] = "WILD_Triple": null

2019-08-24 12:09:48 - [TEST_STEP][PASSED] - wildList = Arrays.asList(wild): null

2019-08-24 12:09:48 - [TEST_STEP][PASSED] - wildList = wildList: null

2019-08-24 12:09:48 - [TEST_STEP][PASSED] - free_spin_reel_counter = []: null

2019-08-24 12:09:48 - [TEST_STEP][PASSED] - free_spin_reel_counter[0] = 0: null

2019-08-24 12:09:48 - [TEST_STEP][PASSED] - free_spin_reel_counter[1] = 0: null

2019-08-24 12:09:48 - [TEST_STEP][PASSED] - free_spin_reel_counter[2] = 0: null

2019-08-24 12:09:48 - [TEST_STEP][PASSED] - M4_spin_reels = reels: null

2019-08-24 12:09:48 - [TEST_STEP][PASSED] - for ([i = 0, i &lt; M4_spin_reels.size(), (i++)]): null

2019-08-24 12:09:48 - [TEST_STEP][PASSED] - symbols = symbols: null

2019-08-24 12:09:48 - [TEST_STEP][PASSED] - for ([j = 0, j &lt; symbols.size(), (j++)]): null

2019-08-24 12:09:48 - [TEST_STEP][PASSED] - symbol = symbol: null

2019-08-24 12:09:48 - [TEST_STEP][PASSED] - println(symbol): null

2019-08-24 12:09:48 - [TEST_STEP][PASSED] - if (i == 2 &amp;&amp; wildList.indexOf(symbol) != -1): null

2019-08-24 12:09:48 - [TEST_STEP][PASSED] - if (i == 3 &amp;&amp; wildList.indexOf(symbol) != -1): null

2019-08-24 12:09:48 - [TEST_STEP][PASSED] - if (i == 4 &amp;&amp; wildList.indexOf(symbol) != -1): null

2019-08-24 12:09:48 - [TEST_STEP][PASSED] - symbol = symbol: null

2019-08-24 12:09:48 - [TEST_STEP][PASSED] - println(symbol): null

2019-08-24 12:09:48 - [TEST_STEP][PASSED] - if (i == 2 &amp;&amp; wildList.indexOf(symbol) != -1): null

2019-08-24 12:09:48 - [TEST_STEP][PASSED] - if (i == 3 &amp;&amp; wildList.indexOf(symbol) != -1): null

2019-08-24 12:09:48 - [TEST_STEP][PASSED] - if (i == 4 &amp;&amp; wildList.indexOf(symbol) != -1): null

2019-08-24 12:09:48 - [TEST_STEP][PASSED] - symbol = symbol: null

2019-08-24 12:09:48 - [TEST_STEP][PASSED] - println(symbol): null

2019-08-24 12:09:48 - [TEST_STEP][PASSED] - if (i == 2 &amp;&amp; wildList.indexOf(symbol) != -1): null

2019-08-24 12:09:48 - [TEST_STEP][PASSED] - if (i == 3 &amp;&amp; wildList.indexOf(symbol) != -1): null

2019-08-24 12:09:48 - [TEST_STEP][PASSED] - if (i == 4 &amp;&amp; wildList.indexOf(symbol) != -1): null

2019-08-24 12:09:48 - [TEST_STEP][PASSED] - symbols = symbols: null

2019-08-24 12:09:48 - [TEST_STEP][PASSED] - for ([j = 0, j &lt; symbols.size(), (j++)]): null

2019-08-24 12:09:48 - [TEST_STEP][PASSED] - symbol = symbol: null

2019-08-24 12:09:48 - [TEST_STEP][PASSED] - println(symbol): null

2019-08-24 12:09:48 - [TEST_STEP][PASSED] - if (i == 2 &amp;&amp; wildList.indexOf(symbol) != -1): null

2019-08-24 12:09:48 - [TEST_STEP][PASSED] - if (i == 3 &amp;&amp; wildList.indexOf(symbol) != -1): null

2019-08-24 12:09:48 - [TEST_STEP][PASSED] - if (i == 4 &amp;&amp; wildList.indexOf(symbol) != -1): null

2019-08-24 12:09:48 - [TEST_STEP][PASSED] - symbol = symbol: null

2019-08-24 12:09:48 - [TEST_STEP][PASSED] - println(symbol): null

2019-08-24 12:09:48 - [TEST_STEP][PASSED] - if (i == 2 &amp;&amp; wildList.indexOf(symbol) != -1): null

2019-08-24 12:09:48 - [TEST_STEP][PASSED] - if (i == 3 &amp;&amp; wildList.indexOf(symbol) != -1): null

2019-08-24 12:09:48 - [TEST_STEP][PASSED] - if (i == 4 &amp;&amp; wildList.indexOf(symbol) != -1): null

2019-08-24 12:09:48 - [TEST_STEP][PASSED] - symbol = symbol: null

2019-08-24 12:09:48 - [TEST_STEP][PASSED] - println(symbol): null

2019-08-24 12:09:48 - [TEST_STEP][PASSED] - if (i == 2 &amp;&amp; wildList.indexOf(symbol) != -1): null

2019-08-24 12:09:48 - [TEST_STEP][PASSED] - if (i == 3 &amp;&amp; wildList.indexOf(symbol) != -1): null

2019-08-24 12:09:48 - [TEST_STEP][PASSED] - if (i == 4 &amp;&amp; wildList.indexOf(symbol) != -1): null

2019-08-24 12:09:48 - [TEST_STEP][PASSED] - symbols = symbols: null

2019-08-24 12:09:48 - [TEST_STEP][PASSED] - for ([j = 0, j &lt; symbols.size(), (j++)]): null

2019-08-24 12:09:48 - [TEST_STEP][PASSED] - symbol = symbol: null

2019-08-24 12:09:48 - [TEST_STEP][PASSED] - println(symbol): null

2019-08-24 12:09:48 - [TEST_STEP][PASSED] - if (i == 2 &amp;&amp; wildList.indexOf(symbol) != -1): null

2019-08-24 12:09:48 - [TEST_STEP][PASSED] - if (i == 3 &amp;&amp; wildList.indexOf(symbol) != -1): null

2019-08-24 12:09:48 - [TEST_STEP][PASSED] - if (i == 4 &amp;&amp; wildList.indexOf(symbol) != -1): null

2019-08-24 12:09:48 - [TEST_STEP][PASSED] - symbol = symbol: null

2019-08-24 12:09:48 - [TEST_STEP][PASSED] - println(symbol): null

2019-08-24 12:09:48 - [TEST_STEP][PASSED] - if (i == 2 &amp;&amp; wildList.indexOf(symbol) != -1): null

2019-08-24 12:09:48 - [TEST_STEP][PASSED] - if (i == 3 &amp;&amp; wildList.indexOf(symbol) != -1): null

2019-08-24 12:09:48 - [TEST_STEP][PASSED] - if (i == 4 &amp;&amp; wildList.indexOf(symbol) != -1): null

2019-08-24 12:09:48 - [TEST_STEP][PASSED] - symbol = symbol: null

2019-08-24 12:09:48 - [TEST_STEP][PASSED] - println(symbol): null

2019-08-24 12:09:48 - [TEST_STEP][PASSED] - if (i == 2 &amp;&amp; wildList.indexOf(symbol) != -1): null

2019-08-24 12:09:48 - [TEST_STEP][PASSED] - println("wild found on reel 3, adding counter by 1"): null

2019-08-24 12:09:48 - [TEST_STEP][PASSED] - free_spin_reel_counter[0] = free_spin_reel_counter[0] + 1: null

2019-08-24 12:09:48 - [TEST_STEP][PASSED] - if (i == 3 &amp;&amp; wildList.indexOf(symbol) != -1): null

2019-08-24 12:09:48 - [TEST_STEP][PASSED] - if (i == 4 &amp;&amp; wildList.indexOf(symbol) != -1): null

2019-08-24 12:09:48 - [TEST_STEP][PASSED] - symbols = symbols: null

2019-08-24 12:09:48 - [TEST_STEP][PASSED] - for ([j = 0, j &lt; symbols.size(), (j++)]): null

2019-08-24 12:09:48 - [TEST_STEP][PASSED] - symbol = symbol: null

2019-08-24 12:09:48 - [TEST_STEP][PASSED] - println(symbol): null

2019-08-24 12:09:48 - [TEST_STEP][PASSED] - if (i == 2 &amp;&amp; wildList.indexOf(symbol) != -1): null

2019-08-24 12:09:48 - [TEST_STEP][PASSED] - if (i == 3 &amp;&amp; wildList.indexOf(symbol) != -1): null

2019-08-24 12:09:48 - [TEST_STEP][PASSED] - println("wild found on reel 4, adding counter by 1"): null

2019-08-24 12:09:48 - [TEST_STEP][PASSED] - free_spin_reel_counter[1] = free_spin_reel_counter[1] + 1: null

2019-08-24 12:09:48 - [TEST_STEP][PASSED] - if (i == 4 &amp;&amp; wildList.indexOf(symbol) != -1): null

2019-08-24 12:09:48 - [TEST_STEP][PASSED] - symbol = symbol: null

2019-08-24 12:09:48 - [TEST_STEP][PASSED] - println(symbol): null

2019-08-24 12:09:48 - [TEST_STEP][PASSED] - if (i == 2 &amp;&amp; wildList.indexOf(symbol) != -1): null

2019-08-24 12:09:48 - [TEST_STEP][PASSED] - if (i == 3 &amp;&amp; wildList.indexOf(symbol) != -1): null

2019-08-24 12:09:48 - [TEST_STEP][PASSED] - if (i == 4 &amp;&amp; wildList.indexOf(symbol) != -1): null

2019-08-24 12:09:48 - [TEST_STEP][PASSED] - symbol = symbol: null

2019-08-24 12:09:48 - [TEST_STEP][PASSED] - println(symbol): null

2019-08-24 12:09:48 - [TEST_STEP][PASSED] - if (i == 2 &amp;&amp; wildList.indexOf(symbol) != -1): null

2019-08-24 12:09:48 - [TEST_STEP][PASSED] - if (i == 3 &amp;&amp; wildList.indexOf(symbol) != -1): null

2019-08-24 12:09:48 - [TEST_STEP][PASSED] - if (i == 4 &amp;&amp; wildList.indexOf(symbol) != -1): null

2019-08-24 12:09:48 - [TEST_STEP][PASSED] - symbols = symbols: null

2019-08-24 12:09:48 - [TEST_STEP][PASSED] - for ([j = 0, j &lt; symbols.size(), (j++)]): null

2019-08-24 12:09:48 - [TEST_STEP][PASSED] - symbol = symbol: null

2019-08-24 12:09:48 - [TEST_STEP][PASSED] - println(symbol): null

2019-08-24 12:09:48 - [TEST_STEP][PASSED] - if (i == 2 &amp;&amp; wildList.indexOf(symbol) != -1): null

2019-08-24 12:09:48 - [TEST_STEP][PASSED] - if (i == 3 &amp;&amp; wildList.indexOf(symbol) != -1): null

2019-08-24 12:09:48 - [TEST_STEP][PASSED] - if (i == 4 &amp;&amp; wildList.indexOf(symbol) != -1): null

2019-08-24 12:09:48 - [TEST_STEP][PASSED] - symbol = symbol: null

2019-08-24 12:09:48 - [TEST_STEP][PASSED] - println(symbol): null

2019-08-24 12:09:48 - [TEST_STEP][PASSED] - if (i == 2 &amp;&amp; wildList.indexOf(symbol) != -1): null

2019-08-24 12:09:48 - [TEST_STEP][PASSED] - if (i == 3 &amp;&amp; wildList.indexOf(symbol) != -1): null

2019-08-24 12:09:48 - [TEST_STEP][PASSED] - if (i == 4 &amp;&amp; wildList.indexOf(symbol) != -1): null

2019-08-24 12:09:48 - [TEST_STEP][PASSED] - symbol = symbol: null

2019-08-24 12:09:48 - [TEST_STEP][PASSED] - println(symbol): null

2019-08-24 12:09:48 - [TEST_STEP][PASSED] - if (i == 2 &amp;&amp; wildList.indexOf(symbol) != -1): null

2019-08-24 12:09:48 - [TEST_STEP][PASSED] - if (i == 3 &amp;&amp; wildList.indexOf(symbol) != -1): null

2019-08-24 12:09:48 - [TEST_STEP][PASSED] - if (i == 4 &amp;&amp; wildList.indexOf(symbol) != -1): null

2019-08-24 12:09:48 - [TEST_STEP][PASSED] - free_spin_reel_counter = free_spin_reel_counter: null

2019-08-24 12:09:48 - [TEST_STEP][PASSED] - println("reel 3 wild found: " + free_spin_reel_counter[0]): null

2019-08-24 12:09:48 - [TEST_STEP][PASSED] - println("reel 4 wild found: " + free_spin_reel_counter[1]): null

2019-08-24 12:09:48 - [TEST_STEP][PASSED] - println("reel 5 wild found: " + free_spin_reel_counter[2]): null

2019-08-24 12:09:48 - [TEST_STEP][PASSED] - M4_spin_reels = M4_spin_reels: null

2019-08-24 12:09:48 - [TEST_STEP][PASSED] - M4_spin_reels_symbols = symbol: null

2019-08-24 12:09:48 - [TEST_STEP][PASSED] - M4_spin_reels_symbols = M4_spin_reels_symbols: null

2019-08-24 12:09:48 - [TEST_STEP][PASSED] - M4_spin_reel_wins = reel_wins: null

2019-08-24 12:09:48 - [TEST_STEP][PASSED] - M4_spin_reel_wins = M4_spin_reel_wins: null

2019-08-24 12:09:48 - [TEST_STEP][PASSED] - println("GlobalVariable.M4_spin_reel_wins is: " + M4_spin_reel_wins): null

2019-08-24 12:09:48 - [TEST_STEP][PASSED] - M4_spin_total_bonus_win_this_round = total_bonus_win_this_round: null

2019-08-24 12:09:48 - [TEST_STEP][PASSED] - M4_spin_total_bonus_win_this_round = M4_spin_total_bonus_win_this_round: null

2019-08-24 12:09:48 - [TEST_STEP][PASSED] - println("GlobalVariable.M4_spin_total_bonus_win_this_round is: " + M4_spin_total_bonus_win_this_round): null

2019-08-24 12:09:48 - [TEST_STEP][PASSED] - M4_spin_bonus_spin_result = spin_result: null

2019-08-24 12:09:48 - [TEST_STEP][PASSED] - M4_spin_bonus_spin_result = M4_spin_bonus_spin_result: null

2019-08-24 12:09:48 - [MESSAGE][PASSED] - Verify response successfully

2019-08-24 12:09:48 - [MESSAGE][PASSED] - Send request and verify the response successfully

2019-08-24 12:09:48 - [TEST_STEP][PASSED] - if (M4_total_bonus_spins_int != 0 &amp;&amp; M4_spin_reels_symbols[2].contains("WILD_ExtraFG") || M4_spin_reels_symbols[3].contains("WILD_ExtraFG")): null

2019-08-24 12:09:48 - [TEST_STEP][PASSED] - free_spin_reel_counter = free_spin_reel_counter: null

2019-08-24 12:09:48 - [TEST_STEP][PASSED] - M4_spin_reels_symbols = M4_spin_reels_symbols: null

2019-08-24 12:09:48 - [TEST_STEP][PASSED] - M4_total_bonus_spins = M4_total_bonus_spins: null

2019-08-24 12:09:48 - [TEST_STEP][PASSED] - spin_result = sendRequestAndVerify(findTestObject("INT/RGS(M4)/1_M4_spin", ["M4_login_user_id":M4_login_user_id, "rgs_session_token":rgs_session_token, "partner":Partner])): Send request and verify the response successfully

2019-08-24 12:09:48 - [MESSAGE][INFO] - HAR: /Users/eiralee/Katalon_Script/SuperWild/Reports/20190824_120919/INT/superWild_3/20190824_120919/requests/main/8.har

2019-08-24 12:09:49 - [TEST_CASE][PASSED] - Start Test Case : Verification: Verification accomplished successfully

2019-08-24 12:09:49 - [TEST_STEP][PASSED] - request = getInstance().getCurrentRequest(): null

2019-08-24 12:09:49 - [TEST_STEP][PASSED] - response = getInstance().getCurrentResponse(): null

2019-08-24 12:09:49 - [TEST_STEP][PASSED] - verifyResponseStatusCode(response, 200): Verify response status code successfully

2019-08-24 12:09:49 - [MESSAGE][PASSED] - Verify response status code successfully

2019-08-24 12:09:49 - [TEST_STEP][PASSED] - getStatusCode()).isEqualTo(200): null

2019-08-24 12:09:49 - [TEST_STEP][PASSED] - newline = System.getProperty("line.separator"): null

2019-08-24 12:09:49 - [TEST_STEP][PASSED] - M4_spin = new groovy.json.JsonSlurper(): null

2019-08-24 12:09:49 - [TEST_STEP][PASSED] - result_M4_spin = M4_spin.parseText(response.getResponseBodyContent()): null

2019-08-24 12:09:49 - [TEST_STEP][PASSED] - M4_spin_current_balance = current_balance: null

2019-08-24 12:09:49 - [TEST_STEP][PASSED] - M4_spin_current_balance = M4_spin_current_balance: null

2019-08-24 12:09:49 - [TEST_STEP][PASSED] - M4_spin_transaction_id = causality: null

2019-08-24 12:09:49 - [TEST_STEP][PASSED] - M4_spin_transaction_id = M4_spin_transaction_id: null

2019-08-24 12:09:49 - [TEST_STEP][PASSED] - M4_spin_round_id = round_id: null

2019-08-24 12:09:49 - [TEST_STEP][PASSED] - M4_spin_round_id = M4_spin_round_id: null

2019-08-24 12:09:49 - [TEST_STEP][PASSED] - M4_spin_line_wins = line_wins: null

2019-08-24 12:09:49 - [TEST_STEP][PASSED] - M4_spin_line_wins = M4_spin_line_wins: null

2019-08-24 12:09:49 - [TEST_STEP][PASSED] - M4_total_bonus_spins_int = total_bonus_spins: null

2019-08-24 12:09:49 - [TEST_STEP][PASSED] - println("******M4_total_bonus_spins type is:*******" + newline + getClass().getName()): null

2019-08-24 12:09:49 - [TEST_STEP][PASSED] - M4_total_bonus_spins_int = M4_total_bonus_spins_int: null

2019-08-24 12:09:49 - [TEST_STEP][PASSED] - M4_total_bonus_spins = Integer.toString(M4_total_bonus_spins_int): null

2019-08-24 12:09:49 - [TEST_STEP][PASSED] - M4_total_bonus_spins = M4_total_bonus_spins: null

2019-08-24 12:09:49 - [TEST_STEP][PASSED] - println("M4_total_bonus_spins is:" + M4_total_bonus_spins): null

2019-08-24 12:09:49 - [TEST_STEP][PASSED] - M4_spin_bonus_data = bonus_data: null

2019-08-24 12:09:49 - [TEST_STEP][PASSED] - M4_spin_features_triggered = result_M4_spin: null

2019-08-24 12:09:49 - [TEST_STEP][PASSED] - wild = []: null

2019-08-24 12:09:49 - [TEST_STEP][PASSED] - wild[0] = "WILD_Expanding": null

2019-08-24 12:09:49 - [TEST_STEP][PASSED] - wild[1] = "WILD_Normal": null

2019-08-24 12:09:49 - [TEST_STEP][PASSED] - wild[2] = "WILD_Double": null

2019-08-24 12:09:49 - [TEST_STEP][PASSED] - wild[3] = "WILD_ExtraFG": null

2019-08-24 12:09:49 - [TEST_STEP][PASSED] - wild[4] = "WILD_Triple": null

2019-08-24 12:09:49 - [TEST_STEP][PASSED] - wildList = Arrays.asList(wild): null

2019-08-24 12:09:49 - [TEST_STEP][PASSED] - wildList = wildList: null

2019-08-24 12:09:49 - [TEST_STEP][PASSED] - free_spin_reel_counter = []: null

2019-08-24 12:09:49 - [TEST_STEP][PASSED] - free_spin_reel_counter[0] = 0: null

2019-08-24 12:09:49 - [TEST_STEP][PASSED] - free_spin_reel_counter[1] = 0: null

2019-08-24 12:09:49 - [TEST_STEP][PASSED] - free_spin_reel_counter[2] = 0: null

2019-08-24 12:09:49 - [TEST_STEP][PASSED] - M4_spin_reels = reels: null

2019-08-24 12:09:49 - [TEST_STEP][PASSED] - for ([i = 0, i &lt; M4_spin_reels.size(), (i++)]): null

2019-08-24 12:09:49 - [TEST_STEP][PASSED] - symbols = symbols: null

2019-08-24 12:09:49 - [TEST_STEP][PASSED] - for ([j = 0, j &lt; symbols.size(), (j++)]): null

2019-08-24 12:09:49 - [TEST_STEP][PASSED] - symbol = symbol: null

2019-08-24 12:09:49 - [TEST_STEP][PASSED] - println(symbol): null

2019-08-24 12:09:49 - [TEST_STEP][PASSED] - if (i == 2 &amp;&amp; wildList.indexOf(symbol) != -1): null

2019-08-24 12:09:49 - [TEST_STEP][PASSED] - if (i == 3 &amp;&amp; wildList.indexOf(symbol) != -1): null

2019-08-24 12:09:49 - [TEST_STEP][PASSED] - if (i == 4 &amp;&amp; wildList.indexOf(symbol) != -1): null

2019-08-24 12:09:49 - [TEST_STEP][PASSED] - symbol = symbol: null

2019-08-24 12:09:49 - [TEST_STEP][PASSED] - println(symbol): null

2019-08-24 12:09:49 - [TEST_STEP][PASSED] - if (i == 2 &amp;&amp; wildList.indexOf(symbol) != -1): null

2019-08-24 12:09:49 - [TEST_STEP][PASSED] - if (i == 3 &amp;&amp; wildList.indexOf(symbol) != -1): null

2019-08-24 12:09:49 - [TEST_STEP][PASSED] - if (i == 4 &amp;&amp; wildList.indexOf(symbol) != -1): null

2019-08-24 12:09:49 - [TEST_STEP][PASSED] - symbol = symbol: null

2019-08-24 12:09:49 - [TEST_STEP][PASSED] - println(symbol): null

2019-08-24 12:09:49 - [TEST_STEP][PASSED] - if (i == 2 &amp;&amp; wildList.indexOf(symbol) != -1): null

2019-08-24 12:09:49 - [TEST_STEP][PASSED] - if (i == 3 &amp;&amp; wildList.indexOf(symbol) != -1): null

2019-08-24 12:09:49 - [TEST_STEP][PASSED] - if (i == 4 &amp;&amp; wildList.indexOf(symbol) != -1): null

2019-08-24 12:09:49 - [TEST_STEP][PASSED] - symbols = symbols: null

2019-08-24 12:09:49 - [TEST_STEP][PASSED] - for ([j = 0, j &lt; symbols.size(), (j++)]): null

2019-08-24 12:09:49 - [TEST_STEP][PASSED] - symbol = symbol: null

2019-08-24 12:09:49 - [TEST_STEP][PASSED] - println(symbol): null

2019-08-24 12:09:49 - [TEST_STEP][PASSED] - if (i == 2 &amp;&amp; wildList.indexOf(symbol) != -1): null

2019-08-24 12:09:49 - [TEST_STEP][PASSED] - if (i == 3 &amp;&amp; wildList.indexOf(symbol) != -1): null

2019-08-24 12:09:49 - [TEST_STEP][PASSED] - if (i == 4 &amp;&amp; wildList.indexOf(symbol) != -1): null

2019-08-24 12:09:49 - [TEST_STEP][PASSED] - symbol = symbol: null

2019-08-24 12:09:49 - [TEST_STEP][PASSED] - println(symbol): null

2019-08-24 12:09:49 - [TEST_STEP][PASSED] - if (i == 2 &amp;&amp; wildList.indexOf(symbol) != -1): null

2019-08-24 12:09:49 - [TEST_STEP][PASSED] - if (i == 3 &amp;&amp; wildList.indexOf(symbol) != -1): null

2019-08-24 12:09:49 - [TEST_STEP][PASSED] - if (i == 4 &amp;&amp; wildList.indexOf(symbol) != -1): null

2019-08-24 12:09:49 - [TEST_STEP][PASSED] - symbol = symbol: null

2019-08-24 12:09:49 - [TEST_STEP][PASSED] - println(symbol): null

2019-08-24 12:09:49 - [TEST_STEP][PASSED] - if (i == 2 &amp;&amp; wildList.indexOf(symbol) != -1): null

2019-08-24 12:09:49 - [TEST_STEP][PASSED] - if (i == 3 &amp;&amp; wildList.indexOf(symbol) != -1): null

2019-08-24 12:09:49 - [TEST_STEP][PASSED] - if (i == 4 &amp;&amp; wildList.indexOf(symbol) != -1): null

2019-08-24 12:09:49 - [TEST_STEP][PASSED] - symbols = symbols: null

2019-08-24 12:09:49 - [TEST_STEP][PASSED] - for ([j = 0, j &lt; symbols.size(), (j++)]): null

2019-08-24 12:09:49 - [TEST_STEP][PASSED] - symbol = symbol: null

2019-08-24 12:09:49 - [TEST_STEP][PASSED] - println(symbol): null

2019-08-24 12:09:49 - [TEST_STEP][PASSED] - if (i == 2 &amp;&amp; wildList.indexOf(symbol) != -1): null

2019-08-24 12:09:49 - [TEST_STEP][PASSED] - println("wild found on reel 3, adding counter by 1"): null

2019-08-24 12:09:49 - [TEST_STEP][PASSED] - free_spin_reel_counter[0] = free_spin_reel_counter[0] + 1: null

2019-08-24 12:09:49 - [TEST_STEP][PASSED] - if (i == 3 &amp;&amp; wildList.indexOf(symbol) != -1): null

2019-08-24 12:09:49 - [TEST_STEP][PASSED] - if (i == 4 &amp;&amp; wildList.indexOf(symbol) != -1): null

2019-08-24 12:09:49 - [TEST_STEP][PASSED] - symbol = symbol: null

2019-08-24 12:09:49 - [TEST_STEP][PASSED] - println(symbol): null

2019-08-24 12:09:49 - [TEST_STEP][PASSED] - if (i == 2 &amp;&amp; wildList.indexOf(symbol) != -1): null

2019-08-24 12:09:49 - [TEST_STEP][PASSED] - if (i == 3 &amp;&amp; wildList.indexOf(symbol) != -1): null

2019-08-24 12:09:49 - [TEST_STEP][PASSED] - if (i == 4 &amp;&amp; wildList.indexOf(symbol) != -1): null

2019-08-24 12:09:49 - [TEST_STEP][PASSED] - symbol = symbol: null

2019-08-24 12:09:49 - [TEST_STEP][PASSED] - println(symbol): null

2019-08-24 12:09:49 - [TEST_STEP][PASSED] - if (i == 2 &amp;&amp; wildList.indexOf(symbol) != -1): null

2019-08-24 12:09:49 - [TEST_STEP][PASSED] - if (i == 3 &amp;&amp; wildList.indexOf(symbol) != -1): null

2019-08-24 12:09:49 - [TEST_STEP][PASSED] - if (i == 4 &amp;&amp; wildList.indexOf(symbol) != -1): null

2019-08-24 12:09:49 - [TEST_STEP][PASSED] - symbols = symbols: null

2019-08-24 12:09:49 - [TEST_STEP][PASSED] - for ([j = 0, j &lt; symbols.size(), (j++)]): null

2019-08-24 12:09:49 - [TEST_STEP][PASSED] - symbol = symbol: null

2019-08-24 12:09:49 - [TEST_STEP][PASSED] - println(symbol): null

2019-08-24 12:09:49 - [TEST_STEP][PASSED] - if (i == 2 &amp;&amp; wildList.indexOf(symbol) != -1): null

2019-08-24 12:09:49 - [TEST_STEP][PASSED] - if (i == 3 &amp;&amp; wildList.indexOf(symbol) != -1): null

2019-08-24 12:09:49 - [TEST_STEP][PASSED] - if (i == 4 &amp;&amp; wildList.indexOf(symbol) != -1): null

2019-08-24 12:09:49 - [TEST_STEP][PASSED] - symbol = symbol: null

2019-08-24 12:09:49 - [TEST_STEP][PASSED] - println(symbol): null

2019-08-24 12:09:49 - [TEST_STEP][PASSED] - if (i == 2 &amp;&amp; wildList.indexOf(symbol) != -1): null

2019-08-24 12:09:49 - [TEST_STEP][PASSED] - if (i == 3 &amp;&amp; wildList.indexOf(symbol) != -1): null

2019-08-24 12:09:49 - [TEST_STEP][PASSED] - if (i == 4 &amp;&amp; wildList.indexOf(symbol) != -1): null

2019-08-24 12:09:49 - [TEST_STEP][PASSED] - symbol = symbol: null

2019-08-24 12:09:49 - [TEST_STEP][PASSED] - println(symbol): null

2019-08-24 12:09:49 - [TEST_STEP][PASSED] - if (i == 2 &amp;&amp; wildList.indexOf(symbol) != -1): null

2019-08-24 12:09:49 - [TEST_STEP][PASSED] - if (i == 3 &amp;&amp; wildList.indexOf(symbol) != -1): null

2019-08-24 12:09:49 - [TEST_STEP][PASSED] - if (i == 4 &amp;&amp; wildList.indexOf(symbol) != -1): null

2019-08-24 12:09:49 - [TEST_STEP][PASSED] - symbols = symbols: null

2019-08-24 12:09:49 - [TEST_STEP][PASSED] - for ([j = 0, j &lt; symbols.size(), (j++)]): null

2019-08-24 12:09:49 - [TEST_STEP][PASSED] - symbol = symbol: null

2019-08-24 12:09:49 - [TEST_STEP][PASSED] - println(symbol): null

2019-08-24 12:09:49 - [TEST_STEP][PASSED] - if (i == 2 &amp;&amp; wildList.indexOf(symbol) != -1): null

2019-08-24 12:09:49 - [TEST_STEP][PASSED] - if (i == 3 &amp;&amp; wildList.indexOf(symbol) != -1): null

2019-08-24 12:09:49 - [TEST_STEP][PASSED] - if (i == 4 &amp;&amp; wildList.indexOf(symbol) != -1): null

2019-08-24 12:09:49 - [TEST_STEP][PASSED] - symbol = symbol: null

2019-08-24 12:09:49 - [TEST_STEP][PASSED] - println(symbol): null

2019-08-24 12:09:49 - [TEST_STEP][PASSED] - if (i == 2 &amp;&amp; wildList.indexOf(symbol) != -1): null

2019-08-24 12:09:49 - [TEST_STEP][PASSED] - if (i == 3 &amp;&amp; wildList.indexOf(symbol) != -1): null

2019-08-24 12:09:49 - [TEST_STEP][PASSED] - if (i == 4 &amp;&amp; wildList.indexOf(symbol) != -1): null

2019-08-24 12:09:49 - [TEST_STEP][PASSED] - symbol = symbol: null

2019-08-24 12:09:49 - [TEST_STEP][PASSED] - println(symbol): null

2019-08-24 12:09:49 - [TEST_STEP][PASSED] - if (i == 2 &amp;&amp; wildList.indexOf(symbol) != -1): null

2019-08-24 12:09:49 - [TEST_STEP][PASSED] - if (i == 3 &amp;&amp; wildList.indexOf(symbol) != -1): null

2019-08-24 12:09:49 - [TEST_STEP][PASSED] - if (i == 4 &amp;&amp; wildList.indexOf(symbol) != -1): null

2019-08-24 12:09:49 - [TEST_STEP][PASSED] - free_spin_reel_counter = free_spin_reel_counter: null

2019-08-24 12:09:49 - [TEST_STEP][PASSED] - println("reel 3 wild found: " + free_spin_reel_counter[0]): null

2019-08-24 12:09:49 - [TEST_STEP][PASSED] - println("reel 4 wild found: " + free_spin_reel_counter[1]): null

2019-08-24 12:09:49 - [TEST_STEP][PASSED] - println("reel 5 wild found: " + free_spin_reel_counter[2]): null

2019-08-24 12:09:49 - [TEST_STEP][PASSED] - M4_spin_reels = M4_spin_reels: null

2019-08-24 12:09:49 - [TEST_STEP][PASSED] - M4_spin_reels_symbols = symbol: null

2019-08-24 12:09:49 - [TEST_STEP][PASSED] - M4_spin_reels_symbols = M4_spin_reels_symbols: null

2019-08-24 12:09:49 - [TEST_STEP][PASSED] - M4_spin_reel_wins = reel_wins: null

2019-08-24 12:09:49 - [TEST_STEP][PASSED] - M4_spin_reel_wins = M4_spin_reel_wins: null

2019-08-24 12:09:49 - [TEST_STEP][PASSED] - println("GlobalVariable.M4_spin_reel_wins is: " + M4_spin_reel_wins): null

2019-08-24 12:09:49 - [TEST_STEP][PASSED] - M4_spin_total_bonus_win_this_round = total_bonus_win_this_round: null

2019-08-24 12:09:49 - [TEST_STEP][PASSED] - M4_spin_total_bonus_win_this_round = M4_spin_total_bonus_win_this_round: null

2019-08-24 12:09:49 - [TEST_STEP][PASSED] - println("GlobalVariable.M4_spin_total_bonus_win_this_round is: " + M4_spin_total_bonus_win_this_round): null

2019-08-24 12:09:49 - [TEST_STEP][PASSED] - M4_spin_bonus_spin_result = spin_result: null

2019-08-24 12:09:49 - [TEST_STEP][PASSED] - M4_spin_bonus_spin_result = M4_spin_bonus_spin_result: null

2019-08-24 12:09:49 - [MESSAGE][PASSED] - Verify response successfully

2019-08-24 12:09:49 - [MESSAGE][PASSED] - Send request and verify the response successfully

2019-08-24 12:09:49 - [TEST_STEP][PASSED] - if (M4_total_bonus_spins_int != 0 &amp;&amp; M4_spin_reels_symbols[2].contains("WILD_ExtraFG") || M4_spin_reels_symbols[3].contains("WILD_ExtraFG")): null

2019-08-24 12:09:49 - [TEST_STEP][PASSED] - free_spin_reel_counter = free_spin_reel_counter: null

2019-08-24 12:09:49 - [TEST_STEP][PASSED] - M4_spin_reels_symbols = M4_spin_reels_symbols: null

2019-08-24 12:09:49 - [TEST_STEP][PASSED] - M4_total_bonus_spins = M4_total_bonus_spins: null

2019-08-24 12:09:49 - [TEST_STEP][PASSED] - spin_result = sendRequestAndVerify(findTestObject("INT/RGS(M4)/1_M4_spin", ["M4_login_user_id":M4_login_user_id, "rgs_session_token":rgs_session_token, "partner":Partner])): Send request and verify the response successfully

2019-08-24 12:09:49 - [MESSAGE][INFO] - HAR: /Users/eiralee/Katalon_Script/SuperWild/Reports/20190824_120919/INT/superWild_3/20190824_120919/requests/main/9.har

2019-08-24 12:09:49 - [TEST_CASE][PASSED] - Start Test Case : Verification: Verification accomplished successfully

2019-08-24 12:09:49 - [TEST_STEP][PASSED] - request = getInstance().getCurrentRequest(): null

2019-08-24 12:09:49 - [TEST_STEP][PASSED] - response = getInstance().getCurrentResponse(): null

2019-08-24 12:09:49 - [TEST_STEP][PASSED] - verifyResponseStatusCode(response, 200): Verify response status code successfully

2019-08-24 12:09:49 - [MESSAGE][PASSED] - Verify response status code successfully

2019-08-24 12:09:49 - [TEST_STEP][PASSED] - getStatusCode()).isEqualTo(200): null

2019-08-24 12:09:49 - [TEST_STEP][PASSED] - newline = System.getProperty("line.separator"): null

2019-08-24 12:09:49 - [TEST_STEP][PASSED] - M4_spin = new groovy.json.JsonSlurper(): null

2019-08-24 12:09:49 - [TEST_STEP][PASSED] - result_M4_spin = M4_spin.parseText(response.getResponseBodyContent()): null

2019-08-24 12:09:49 - [TEST_STEP][PASSED] - M4_spin_current_balance = current_balance: null

2019-08-24 12:09:49 - [TEST_STEP][PASSED] - M4_spin_current_balance = M4_spin_current_balance: null

2019-08-24 12:09:49 - [TEST_STEP][PASSED] - M4_spin_transaction_id = causality: null

2019-08-24 12:09:49 - [TEST_STEP][PASSED] - M4_spin_transaction_id = M4_spin_transaction_id: null

2019-08-24 12:09:49 - [TEST_STEP][PASSED] - M4_spin_round_id = round_id: null

2019-08-24 12:09:49 - [TEST_STEP][PASSED] - M4_spin_round_id = M4_spin_round_id: null

2019-08-24 12:09:49 - [TEST_STEP][PASSED] - M4_spin_line_wins = line_wins: null

2019-08-24 12:09:49 - [TEST_STEP][PASSED] - M4_spin_line_wins = M4_spin_line_wins: null

2019-08-24 12:09:49 - [TEST_STEP][PASSED] - M4_total_bonus_spins_int = total_bonus_spins: null

2019-08-24 12:09:49 - [TEST_STEP][PASSED] - println("******M4_total_bonus_spins type is:*******" + newline + getClass().getName()): null

2019-08-24 12:09:49 - [TEST_STEP][PASSED] - M4_total_bonus_spins_int = M4_total_bonus_spins_int: null

2019-08-24 12:09:49 - [TEST_STEP][PASSED] - M4_total_bonus_spins = Integer.toString(M4_total_bonus_spins_int): null

2019-08-24 12:09:49 - [TEST_STEP][PASSED] - M4_total_bonus_spins = M4_total_bonus_spins: null

2019-08-24 12:09:49 - [TEST_STEP][PASSED] - println("M4_total_bonus_spins is:" + M4_total_bonus_spins): null

2019-08-24 12:09:49 - [TEST_STEP][PASSED] - M4_spin_bonus_data = bonus_data: null

2019-08-24 12:09:49 - [TEST_STEP][PASSED] - M4_spin_features_triggered = result_M4_spin: null

2019-08-24 12:09:49 - [TEST_STEP][PASSED] - wild = []: null

2019-08-24 12:09:49 - [TEST_STEP][PASSED] - wild[0] = "WILD_Expanding": null

2019-08-24 12:09:49 - [TEST_STEP][PASSED] - wild[1] = "WILD_Normal": null

2019-08-24 12:09:49 - [TEST_STEP][PASSED] - wild[2] = "WILD_Double": null

2019-08-24 12:09:49 - [TEST_STEP][PASSED] - wild[3] = "WILD_ExtraFG": null

2019-08-24 12:09:49 - [TEST_STEP][PASSED] - wild[4] = "WILD_Triple": null

2019-08-24 12:09:49 - [TEST_STEP][PASSED] - wildList = Arrays.asList(wild): null

2019-08-24 12:09:49 - [TEST_STEP][PASSED] - wildList = wildList: null

2019-08-24 12:09:49 - [TEST_STEP][PASSED] - free_spin_reel_counter = []: null

2019-08-24 12:09:49 - [TEST_STEP][PASSED] - free_spin_reel_counter[0] = 0: null

2019-08-24 12:09:49 - [TEST_STEP][PASSED] - free_spin_reel_counter[1] = 0: null

2019-08-24 12:09:49 - [TEST_STEP][PASSED] - free_spin_reel_counter[2] = 0: null

2019-08-24 12:09:49 - [TEST_STEP][PASSED] - M4_spin_reels = reels: null

2019-08-24 12:09:49 - [TEST_STEP][PASSED] - for ([i = 0, i &lt; M4_spin_reels.size(), (i++)]): null

2019-08-24 12:09:49 - [TEST_STEP][PASSED] - symbols = symbols: null

2019-08-24 12:09:49 - [TEST_STEP][PASSED] - for ([j = 0, j &lt; symbols.size(), (j++)]): null

2019-08-24 12:09:49 - [TEST_STEP][PASSED] - symbol = symbol: null

2019-08-24 12:09:49 - [TEST_STEP][PASSED] - println(symbol): null

2019-08-24 12:09:49 - [TEST_STEP][PASSED] - if (i == 2 &amp;&amp; wildList.indexOf(symbol) != -1): null

2019-08-24 12:09:49 - [TEST_STEP][PASSED] - if (i == 3 &amp;&amp; wildList.indexOf(symbol) != -1): null

2019-08-24 12:09:49 - [TEST_STEP][PASSED] - if (i == 4 &amp;&amp; wildList.indexOf(symbol) != -1): null

2019-08-24 12:09:49 - [TEST_STEP][PASSED] - symbol = symbol: null

2019-08-24 12:09:49 - [TEST_STEP][PASSED] - println(symbol): null

2019-08-24 12:09:49 - [TEST_STEP][PASSED] - if (i == 2 &amp;&amp; wildList.indexOf(symbol) != -1): null

2019-08-24 12:09:49 - [TEST_STEP][PASSED] - if (i == 3 &amp;&amp; wildList.indexOf(symbol) != -1): null

2019-08-24 12:09:49 - [TEST_STEP][PASSED] - if (i == 4 &amp;&amp; wildList.indexOf(symbol) != -1): null

2019-08-24 12:09:49 - [TEST_STEP][PASSED] - symbol = symbol: null

2019-08-24 12:09:49 - [TEST_STEP][PASSED] - println(symbol): null

2019-08-24 12:09:49 - [TEST_STEP][PASSED] - if (i == 2 &amp;&amp; wildList.indexOf(symbol) != -1): null

2019-08-24 12:09:54 - [TEST_STEP][PASSED] - if (i == 3 &amp;&amp; wildList.indexOf(symbol) != -1): null

2019-08-24 12:10:01 - [TEST_STEP][PASSED] - if (i == 4 &amp;&amp; wildList.indexOf(symbol) != -1): null

2019-08-24 12:10:01 - [TEST_STEP][PASSED] - symbols = symbols: null

2019-08-24 12:10:01 - [TEST_STEP][PASSED] - for ([j = 0, j &lt; symbols.size(), (j++)]): null

2019-08-24 12:10:01 - [TEST_STEP][PASSED] - symbol = symbol: null

2019-08-24 12:10:01 - [TEST_STEP][PASSED] - println(symbol): null

2019-08-24 12:10:01 - [TEST_STEP][PASSED] - if (i == 2 &amp;&amp; wildList.indexOf(symbol) != -1): null

2019-08-24 12:10:01 - [TEST_STEP][PASSED] - if (i == 3 &amp;&amp; wildList.indexOf(symbol) != -1): null

2019-08-24 12:10:01 - [TEST_STEP][PASSED] - if (i == 4 &amp;&amp; wildList.indexOf(symbol) != -1): null

2019-08-24 12:10:01 - [TEST_STEP][PASSED] - symbol = symbol: null

2019-08-24 12:10:01 - [TEST_STEP][PASSED] - println(symbol): null

2019-08-24 12:10:01 - [TEST_STEP][PASSED] - if (i == 2 &amp;&amp; wildList.indexOf(symbol) != -1): null

2019-08-24 12:10:01 - [TEST_STEP][PASSED] - if (i == 3 &amp;&amp; wildList.indexOf(symbol) != -1): null

2019-08-24 12:10:01 - [TEST_STEP][PASSED] - if (i == 4 &amp;&amp; wildList.indexOf(symbol) != -1): null

2019-08-24 12:10:01 - [TEST_STEP][PASSED] - symbol = symbol: null

2019-08-24 12:10:01 - [TEST_STEP][PASSED] - println(symbol): null

2019-08-24 12:10:01 - [TEST_STEP][PASSED] - if (i == 2 &amp;&amp; wildList.indexOf(symbol) != -1): null

2019-08-24 12:10:01 - [TEST_STEP][PASSED] - if (i == 3 &amp;&amp; wildList.indexOf(symbol) != -1): null

2019-08-24 12:10:01 - [TEST_STEP][PASSED] - if (i == 4 &amp;&amp; wildList.indexOf(symbol) != -1): null

2019-08-24 12:10:01 - [TEST_STEP][PASSED] - symbols = symbols: null

2019-08-24 12:10:01 - [TEST_STEP][PASSED] - for ([j = 0, j &lt; symbols.size(), (j++)]): null

2019-08-24 12:10:01 - [TEST_STEP][PASSED] - symbol = symbol: null

2019-08-24 12:10:01 - [TEST_STEP][PASSED] - println(symbol): null

2019-08-24 12:10:01 - [TEST_STEP][PASSED] - if (i == 2 &amp;&amp; wildList.indexOf(symbol) != -1): null

2019-08-24 12:10:01 - [TEST_STEP][PASSED] - if (i == 3 &amp;&amp; wildList.indexOf(symbol) != -1): null

2019-08-24 12:10:01 - [TEST_STEP][PASSED] - if (i == 4 &amp;&amp; wildList.indexOf(symbol) != -1): null

2019-08-24 12:10:01 - [TEST_STEP][PASSED] - symbol = symbol: null

2019-08-24 12:10:01 - [TEST_STEP][PASSED] - println(symbol): null

2019-08-24 12:10:01 - [TEST_STEP][PASSED] - if (i == 2 &amp;&amp; wildList.indexOf(symbol) != -1): null

2019-08-24 12:10:01 - [TEST_STEP][PASSED] - if (i == 3 &amp;&amp; wildList.indexOf(symbol) != -1): null

2019-08-24 12:10:01 - [TEST_STEP][PASSED] - if (i == 4 &amp;&amp; wildList.indexOf(symbol) != -1): null

2019-08-24 12:10:01 - [TEST_STEP][PASSED] - symbol = symbol: null

2019-08-24 12:10:01 - [TEST_STEP][PASSED] - println(symbol): null

2019-08-24 12:10:01 - [TEST_STEP][PASSED] - if (i == 2 &amp;&amp; wildList.indexOf(symbol) != -1): null

2019-08-24 12:10:01 - [TEST_STEP][PASSED] - if (i == 3 &amp;&amp; wildList.indexOf(symbol) != -1): null

2019-08-24 12:10:01 - [TEST_STEP][PASSED] - if (i == 4 &amp;&amp; wildList.indexOf(symbol) != -1): null

2019-08-24 12:10:01 - [TEST_STEP][PASSED] - symbols = symbols: null

2019-08-24 12:10:01 - [TEST_STEP][PASSED] - for ([j = 0, j &lt; symbols.size(), (j++)]): null

2019-08-24 12:10:01 - [TEST_STEP][PASSED] - symbol = symbol: null

2019-08-24 12:10:01 - [TEST_STEP][PASSED] - println(symbol): null

2019-08-24 12:10:01 - [TEST_STEP][PASSED] - if (i == 2 &amp;&amp; wildList.indexOf(symbol) != -1): null

2019-08-24 12:10:01 - [TEST_STEP][PASSED] - if (i == 3 &amp;&amp; wildList.indexOf(symbol) != -1): null

2019-08-24 12:10:01 - [TEST_STEP][PASSED] - if (i == 4 &amp;&amp; wildList.indexOf(symbol) != -1): null

2019-08-24 12:10:01 - [TEST_STEP][PASSED] - symbol = symbol: null

2019-08-24 12:10:01 - [TEST_STEP][PASSED] - println(symbol): null

2019-08-24 12:10:01 - [TEST_STEP][PASSED] - if (i == 2 &amp;&amp; wildList.indexOf(symbol) != -1): null

2019-08-24 12:10:01 - [TEST_STEP][PASSED] - if (i == 3 &amp;&amp; wildList.indexOf(symbol) != -1): null

2019-08-24 12:10:01 - [TEST_STEP][PASSED] - if (i == 4 &amp;&amp; wildList.indexOf(symbol) != -1): null

2019-08-24 12:10:01 - [TEST_STEP][PASSED] - symbol = symbol: null

2019-08-24 12:10:01 - [TEST_STEP][PASSED] - println(symbol): null

2019-08-24 12:10:01 - [TEST_STEP][PASSED] - if (i == 2 &amp;&amp; wildList.indexOf(symbol) != -1): null

2019-08-24 12:10:01 - [TEST_STEP][PASSED] - if (i == 3 &amp;&amp; wildList.indexOf(symbol) != -1): null

2019-08-24 12:10:01 - [TEST_STEP][PASSED] - if (i == 4 &amp;&amp; wildList.indexOf(symbol) != -1): null

2019-08-24 12:10:01 - [TEST_STEP][PASSED] - symbols = symbols: null

2019-08-24 12:10:01 - [TEST_STEP][PASSED] - for ([j = 0, j &lt; symbols.size(), (j++)]): null

2019-08-24 12:10:01 - [TEST_STEP][PASSED] - symbol = symbol: null

2019-08-24 12:10:01 - [TEST_STEP][PASSED] - println(symbol): null

2019-08-24 12:10:01 - [TEST_STEP][PASSED] - if (i == 2 &amp;&amp; wildList.indexOf(symbol) != -1): null

2019-08-24 12:10:01 - [TEST_STEP][PASSED] - if (i == 3 &amp;&amp; wildList.indexOf(symbol) != -1): null

2019-08-24 12:10:01 - [TEST_STEP][PASSED] - if (i == 4 &amp;&amp; wildList.indexOf(symbol) != -1): null

2019-08-24 12:10:01 - [TEST_STEP][PASSED] - symbol = symbol: null

2019-08-24 12:10:01 - [TEST_STEP][PASSED] - println(symbol): null

2019-08-24 12:10:01 - [TEST_STEP][PASSED] - if (i == 2 &amp;&amp; wildList.indexOf(symbol) != -1): null

2019-08-24 12:10:01 - [TEST_STEP][PASSED] - if (i == 3 &amp;&amp; wildList.indexOf(symbol) != -1): null

2019-08-24 12:10:01 - [TEST_STEP][PASSED] - if (i == 4 &amp;&amp; wildList.indexOf(symbol) != -1): null

2019-08-24 12:10:01 - [TEST_STEP][PASSED] - symbol = symbol: null

2019-08-24 12:10:01 - [TEST_STEP][PASSED] - println(symbol): null

2019-08-24 12:10:01 - [TEST_STEP][PASSED] - if (i == 2 &amp;&amp; wildList.indexOf(symbol) != -1): null

2019-08-24 12:10:01 - [TEST_STEP][PASSED] - if (i == 3 &amp;&amp; wildList.indexOf(symbol) != -1): null

2019-08-24 12:10:01 - [TEST_STEP][PASSED] - if (i == 4 &amp;&amp; wildList.indexOf(symbol) != -1): null

2019-08-24 12:10:01 - [TEST_STEP][PASSED] - free_spin_reel_counter = free_spin_reel_counter: null

2019-08-24 12:10:01 - [TEST_STEP][PASSED] - println("reel 3 wild found: " + free_spin_reel_counter[0]): null

2019-08-24 12:10:01 - [TEST_STEP][PASSED] - println("reel 4 wild found: " + free_spin_reel_counter[1]): null

2019-08-24 12:10:01 - [TEST_STEP][PASSED] - println("reel 5 wild found: " + free_spin_reel_counter[2]): null

2019-08-24 12:10:01 - [TEST_STEP][PASSED] - M4_spin_reels = M4_spin_reels: null

2019-08-24 12:10:01 - [TEST_STEP][PASSED] - M4_spin_reels_symbols = symbol: null

2019-08-24 12:10:01 - [TEST_STEP][PASSED] - M4_spin_reels_symbols = M4_spin_reels_symbols: null

2019-08-24 12:10:01 - [TEST_STEP][PASSED] - M4_spin_reel_wins = reel_wins: null

2019-08-24 12:10:01 - [TEST_STEP][PASSED] - M4_spin_reel_wins = M4_spin_reel_wins: null

2019-08-24 12:10:01 - [TEST_STEP][PASSED] - println("GlobalVariable.M4_spin_reel_wins is: " + M4_spin_reel_wins): null

2019-08-24 12:10:01 - [TEST_STEP][PASSED] - M4_spin_total_bonus_win_this_round = total_bonus_win_this_round: null

2019-08-24 12:10:01 - [TEST_STEP][PASSED] - M4_spin_total_bonus_win_this_round = M4_spin_total_bonus_win_this_round: null

2019-08-24 12:10:01 - [TEST_STEP][PASSED] - println("GlobalVariable.M4_spin_total_bonus_win_this_round is: " + M4_spin_total_bonus_win_this_round): null

2019-08-24 12:10:01 - [TEST_STEP][PASSED] - M4_spin_bonus_spin_result = spin_result: null

2019-08-24 12:10:01 - [TEST_STEP][PASSED] - M4_spin_bonus_spin_result = M4_spin_bonus_spin_result: null

2019-08-24 12:10:01 - [MESSAGE][PASSED] - Verify response successfully

2019-08-24 12:10:01 - [MESSAGE][PASSED] - Send request and verify the response successfully

2019-08-24 12:10:01 - [TEST_STEP][PASSED] - if (M4_total_bonus_spins_int != 0 &amp;&amp; M4_spin_reels_symbols[2].contains("WILD_ExtraFG") || M4_spin_reels_symbols[3].contains("WILD_ExtraFG")): null

2019-08-24 12:10:01 - [TEST_STEP][PASSED] - free_spin_reel_counter = free_spin_reel_counter: null

2019-08-24 12:10:01 - [TEST_STEP][PASSED] - M4_spin_reels_symbols = M4_spin_reels_symbols: null

2019-08-24 12:10:01 - [TEST_STEP][PASSED] - M4_total_bonus_spins = M4_total_bonus_spins: null

2019-08-24 12:10:01 - [TEST_STEP][PASSED] - spin_result = sendRequestAndVerify(findTestObject("INT/RGS(M4)/1_M4_spin", ["M4_login_user_id":M4_login_user_id, "rgs_session_token":rgs_session_token, "partner":Partner])): Send request and verify the response successfully

2019-08-24 12:10:02 - [MESSAGE][INFO] - HAR: /Users/eiralee/Katalon_Script/SuperWild/Reports/20190824_120919/INT/superWild_3/20190824_120919/requests/main/10.har

2019-08-24 12:10:02 - [TEST_CASE][PASSED] - Start Test Case : Verification: Verification accomplished successfully

2019-08-24 12:10:02 - [TEST_STEP][PASSED] - request = getInstance().getCurrentRequest(): null

2019-08-24 12:10:02 - [TEST_STEP][PASSED] - response = getInstance().getCurrentResponse(): null

2019-08-24 12:10:02 - [TEST_STEP][PASSED] - verifyResponseStatusCode(response, 200): Verify response status code successfully

2019-08-24 12:10:02 - [MESSAGE][PASSED] - Verify response status code successfully

2019-08-24 12:10:02 - [TEST_STEP][PASSED] - getStatusCode()).isEqualTo(200): null

2019-08-24 12:10:02 - [TEST_STEP][PASSED] - newline = System.getProperty("line.separator"): null

2019-08-24 12:10:02 - [TEST_STEP][PASSED] - M4_spin = new groovy.json.JsonSlurper(): null

2019-08-24 12:10:02 - [TEST_STEP][PASSED] - result_M4_spin = M4_spin.parseText(response.getResponseBodyContent()): null

2019-08-24 12:10:02 - [TEST_STEP][PASSED] - M4_spin_current_balance = current_balance: null

2019-08-24 12:10:02 - [TEST_STEP][PASSED] - M4_spin_current_balance = M4_spin_current_balance: null

2019-08-24 12:10:02 - [TEST_STEP][PASSED] - M4_spin_transaction_id = causality: null

2019-08-24 12:10:02 - [TEST_STEP][PASSED] - M4_spin_transaction_id = M4_spin_transaction_id: null

2019-08-24 12:10:02 - [TEST_STEP][PASSED] - M4_spin_round_id = round_id: null

2019-08-24 12:10:02 - [TEST_STEP][PASSED] - M4_spin_round_id = M4_spin_round_id: null

2019-08-24 12:10:02 - [TEST_STEP][PASSED] - M4_spin_line_wins = line_wins: null

2019-08-24 12:10:02 - [TEST_STEP][PASSED] - M4_spin_line_wins = M4_spin_line_wins: null

2019-08-24 12:10:02 - [TEST_STEP][PASSED] - M4_total_bonus_spins_int = total_bonus_spins: null

2019-08-24 12:10:02 - [TEST_STEP][PASSED] - println("******M4_total_bonus_spins type is:*******" + newline + getClass().getName()): null

2019-08-24 12:10:02 - [TEST_STEP][PASSED] - M4_total_bonus_spins_int = M4_total_bonus_spins_int: null

2019-08-24 12:10:02 - [TEST_STEP][PASSED] - M4_total_bonus_spins = Integer.toString(M4_total_bonus_spins_int): null

2019-08-24 12:10:02 - [TEST_STEP][PASSED] - M4_total_bonus_spins = M4_total_bonus_spins: null

2019-08-24 12:10:02 - [TEST_STEP][PASSED] - println("M4_total_bonus_spins is:" + M4_total_bonus_spins): null

2019-08-24 12:10:02 - [TEST_STEP][PASSED] - M4_spin_bonus_data = bonus_data: null

2019-08-24 12:10:02 - [TEST_STEP][PASSED] - M4_spin_features_triggered = result_M4_spin: null

2019-08-24 12:10:02 - [TEST_STEP][PASSED] - wild = []: null

2019-08-24 12:10:02 - [TEST_STEP][PASSED] - wild[0] = "WILD_Expanding": null

2019-08-24 12:10:02 - [TEST_STEP][PASSED] - wild[1] = "WILD_Normal": null

2019-08-24 12:10:02 - [TEST_STEP][PASSED] - wild[2] = "WILD_Double": null

2019-08-24 12:10:02 - [TEST_STEP][PASSED] - wild[3] = "WILD_ExtraFG": null

2019-08-24 12:10:02 - [TEST_STEP][PASSED] - wild[4] = "WILD_Triple": null

2019-08-24 12:10:02 - [TEST_STEP][PASSED] - wildList = Arrays.asList(wild): null

2019-08-24 12:10:02 - [TEST_STEP][PASSED] - wildList = wildList: null

2019-08-24 12:10:02 - [TEST_STEP][PASSED] - free_spin_reel_counter = []: null

2019-08-24 12:10:02 - [TEST_STEP][PASSED] - free_spin_reel_counter[0] = 0: null

2019-08-24 12:10:02 - [TEST_STEP][PASSED] - free_spin_reel_counter[1] = 0: null

2019-08-24 12:10:02 - [TEST_STEP][PASSED] - free_spin_reel_counter[2] = 0: null

2019-08-24 12:10:02 - [TEST_STEP][PASSED] - M4_spin_reels = reels: null

2019-08-24 12:10:02 - [TEST_STEP][PASSED] - for ([i = 0, i &lt; M4_spin_reels.size(), (i++)]): null

2019-08-24 12:10:02 - [TEST_STEP][PASSED] - symbols = symbols: null

2019-08-24 12:10:02 - [TEST_STEP][PASSED] - for ([j = 0, j &lt; symbols.size(), (j++)]): null

2019-08-24 12:10:02 - [TEST_STEP][PASSED] - symbol = symbol: null

2019-08-24 12:10:02 - [TEST_STEP][PASSED] - println(symbol): null

2019-08-24 12:10:02 - [TEST_STEP][PASSED] - if (i == 2 &amp;&amp; wildList.indexOf(symbol) != -1): null

2019-08-24 12:10:02 - [TEST_STEP][PASSED] - if (i == 3 &amp;&amp; wildList.indexOf(symbol) != -1): null

2019-08-24 12:10:02 - [TEST_STEP][PASSED] - if (i == 4 &amp;&amp; wildList.indexOf(symbol) != -1): null

2019-08-24 12:10:02 - [TEST_STEP][PASSED] - symbol = symbol: null

2019-08-24 12:10:02 - [TEST_STEP][PASSED] - println(symbol): null

2019-08-24 12:10:02 - [TEST_STEP][PASSED] - if (i == 2 &amp;&amp; wildList.indexOf(symbol) != -1): null

2019-08-24 12:10:02 - [TEST_STEP][PASSED] - if (i == 3 &amp;&amp; wildList.indexOf(symbol) != -1): null

2019-08-24 12:10:02 - [TEST_STEP][PASSED] - if (i == 4 &amp;&amp; wildList.indexOf(symbol) != -1): null

2019-08-24 12:10:02 - [TEST_STEP][PASSED] - symbol = symbol: null

2019-08-24 12:10:02 - [TEST_STEP][PASSED] - println(symbol): null

2019-08-24 12:10:02 - [TEST_STEP][PASSED] - if (i == 2 &amp;&amp; wildList.indexOf(symbol) != -1): null

2019-08-24 12:10:02 - [TEST_STEP][PASSED] - if (i == 3 &amp;&amp; wildList.indexOf(symbol) != -1): null

2019-08-24 12:10:02 - [TEST_STEP][PASSED] - if (i == 4 &amp;&amp; wildList.indexOf(symbol) != -1): null

2019-08-24 12:10:02 - [TEST_STEP][PASSED] - symbols = symbols: null

2019-08-24 12:10:02 - [TEST_STEP][PASSED] - for ([j = 0, j &lt; symbols.size(), (j++)]): null

2019-08-24 12:10:02 - [TEST_STEP][PASSED] - symbol = symbol: null

2019-08-24 12:10:02 - [TEST_STEP][PASSED] - println(symbol): null

2019-08-24 12:10:02 - [TEST_STEP][PASSED] - if (i == 2 &amp;&amp; wildList.indexOf(symbol) != -1): null

2019-08-24 12:10:02 - [TEST_STEP][PASSED] - if (i == 3 &amp;&amp; wildList.indexOf(symbol) != -1): null

2019-08-24 12:10:02 - [TEST_STEP][PASSED] - if (i == 4 &amp;&amp; wildList.indexOf(symbol) != -1): null

2019-08-24 12:10:02 - [TEST_STEP][PASSED] - symbol = symbol: null

2019-08-24 12:10:02 - [TEST_STEP][PASSED] - println(symbol): null

2019-08-24 12:10:02 - [TEST_STEP][PASSED] - if (i == 2 &amp;&amp; wildList.indexOf(symbol) != -1): null

2019-08-24 12:10:02 - [TEST_STEP][PASSED] - if (i == 3 &amp;&amp; wildList.indexOf(symbol) != -1): null

2019-08-24 12:10:02 - [TEST_STEP][PASSED] - if (i == 4 &amp;&amp; wildList.indexOf(symbol) != -1): null

2019-08-24 12:10:02 - [TEST_STEP][PASSED] - symbol = symbol: null

2019-08-24 12:10:02 - [TEST_STEP][PASSED] - println(symbol): null

2019-08-24 12:10:02 - [TEST_STEP][PASSED] - if (i == 2 &amp;&amp; wildList.indexOf(symbol) != -1): null

2019-08-24 12:10:02 - [TEST_STEP][PASSED] - if (i == 3 &amp;&amp; wildList.indexOf(symbol) != -1): null

2019-08-24 12:10:02 - [TEST_STEP][PASSED] - if (i == 4 &amp;&amp; wildList.indexOf(symbol) != -1): null

2019-08-24 12:10:02 - [TEST_STEP][PASSED] - symbols = symbols: null

2019-08-24 12:10:02 - [TEST_STEP][PASSED] - for ([j = 0, j &lt; symbols.size(), (j++)]): null

2019-08-24 12:10:02 - [TEST_STEP][PASSED] - symbol = symbol: null

2019-08-24 12:10:02 - [TEST_STEP][PASSED] - println(symbol): null

2019-08-24 12:10:02 - [TEST_STEP][PASSED] - if (i == 2 &amp;&amp; wildList.indexOf(symbol) != -1): null

2019-08-24 12:10:02 - [TEST_STEP][PASSED] - if (i == 3 &amp;&amp; wildList.indexOf(symbol) != -1): null

2019-08-24 12:10:02 - [TEST_STEP][PASSED] - if (i == 4 &amp;&amp; wildList.indexOf(symbol) != -1): null

2019-08-24 12:10:02 - [TEST_STEP][PASSED] - symbol = symbol: null

2019-08-24 12:10:02 - [TEST_STEP][PASSED] - println(symbol): null

2019-08-24 12:10:02 - [TEST_STEP][PASSED] - if (i == 2 &amp;&amp; wildList.indexOf(symbol) != -1): null

2019-08-24 12:10:02 - [TEST_STEP][PASSED] - if (i == 3 &amp;&amp; wildList.indexOf(symbol) != -1): null

2019-08-24 12:10:02 - [TEST_STEP][PASSED] - if (i == 4 &amp;&amp; wildList.indexOf(symbol) != -1): null

2019-08-24 12:10:02 - [TEST_STEP][PASSED] - symbol = symbol: null

2019-08-24 12:10:02 - [TEST_STEP][PASSED] - println(symbol): null

2019-08-24 12:10:02 - [TEST_STEP][PASSED] - if (i == 2 &amp;&amp; wildList.indexOf(symbol) != -1): null

2019-08-24 12:10:02 - [TEST_STEP][PASSED] - if (i == 3 &amp;&amp; wildList.indexOf(symbol) != -1): null

2019-08-24 12:10:02 - [TEST_STEP][PASSED] - if (i == 4 &amp;&amp; wildList.indexOf(symbol) != -1): null

2019-08-24 12:10:02 - [TEST_STEP][PASSED] - symbols = symbols: null

2019-08-24 12:10:02 - [TEST_STEP][PASSED] - for ([j = 0, j &lt; symbols.size(), (j++)]): null

2019-08-24 12:10:02 - [TEST_STEP][PASSED] - symbol = symbol: null

2019-08-24 12:10:02 - [TEST_STEP][PASSED] - println(symbol): null

2019-08-24 12:10:02 - [TEST_STEP][PASSED] - if (i == 2 &amp;&amp; wildList.indexOf(symbol) != -1): null

2019-08-24 12:10:02 - [TEST_STEP][PASSED] - if (i == 3 &amp;&amp; wildList.indexOf(symbol) != -1): null

2019-08-24 12:10:02 - [TEST_STEP][PASSED] - if (i == 4 &amp;&amp; wildList.indexOf(symbol) != -1): null

2019-08-24 12:10:02 - [TEST_STEP][PASSED] - symbol = symbol: null

2019-08-24 12:10:02 - [TEST_STEP][PASSED] - println(symbol): null

2019-08-24 12:10:02 - [TEST_STEP][PASSED] - if (i == 2 &amp;&amp; wildList.indexOf(symbol) != -1): null

2019-08-24 12:10:02 - [TEST_STEP][PASSED] - if (i == 3 &amp;&amp; wildList.indexOf(symbol) != -1): null

2019-08-24 12:10:02 - [TEST_STEP][PASSED] - if (i == 4 &amp;&amp; wildList.indexOf(symbol) != -1): null

2019-08-24 12:10:02 - [TEST_STEP][PASSED] - symbol = symbol: null

2019-08-24 12:10:02 - [TEST_STEP][PASSED] - println(symbol): null

2019-08-24 12:10:02 - [TEST_STEP][PASSED] - if (i == 2 &amp;&amp; wildList.indexOf(symbol) != -1): null

2019-08-24 12:10:02 - [TEST_STEP][PASSED] - if (i == 3 &amp;&amp; wildList.indexOf(symbol) != -1): null

2019-08-24 12:10:02 - [TEST_STEP][PASSED] - if (i == 4 &amp;&amp; wildList.indexOf(symbol) != -1): null

2019-08-24 12:10:02 - [TEST_STEP][PASSED] - symbols = symbols: null

2019-08-24 12:10:02 - [TEST_STEP][PASSED] - for ([j = 0, j &lt; symbols.size(), (j++)]): null

2019-08-24 12:10:02 - [TEST_STEP][PASSED] - symbol = symbol: null

2019-08-24 12:10:02 - [TEST_STEP][PASSED] - println(symbol): null

2019-08-24 12:10:02 - [TEST_STEP][PASSED] - if (i == 2 &amp;&amp; wildList.indexOf(symbol) != -1): null

2019-08-24 12:10:02 - [TEST_STEP][PASSED] - if (i == 3 &amp;&amp; wildList.indexOf(symbol) != -1): null

2019-08-24 12:10:02 - [TEST_STEP][PASSED] - if (i == 4 &amp;&amp; wildList.indexOf(symbol) != -1): null

2019-08-24 12:10:02 - [TEST_STEP][PASSED] - symbol = symbol: null

2019-08-24 12:10:02 - [TEST_STEP][PASSED] - println(symbol): null

2019-08-24 12:10:02 - [TEST_STEP][PASSED] - if (i == 2 &amp;&amp; wildList.indexOf(symbol) != -1): null

2019-08-24 12:10:02 - [TEST_STEP][PASSED] - if (i == 3 &amp;&amp; wildList.indexOf(symbol) != -1): null

2019-08-24 12:10:02 - [TEST_STEP][PASSED] - if (i == 4 &amp;&amp; wildList.indexOf(symbol) != -1): null

2019-08-24 12:10:02 - [TEST_STEP][PASSED] - symbol = symbol: null

2019-08-24 12:10:02 - [TEST_STEP][PASSED] - println(symbol): null

2019-08-24 12:10:02 - [TEST_STEP][PASSED] - if (i == 2 &amp;&amp; wildList.indexOf(symbol) != -1): null

2019-08-24 12:10:02 - [TEST_STEP][PASSED] - if (i == 3 &amp;&amp; wildList.indexOf(symbol) != -1): null

2019-08-24 12:10:02 - [TEST_STEP][PASSED] - if (i == 4 &amp;&amp; wildList.indexOf(symbol) != -1): null

2019-08-24 12:10:02 - [TEST_STEP][PASSED] - free_spin_reel_counter = free_spin_reel_counter: null

2019-08-24 12:10:02 - [TEST_STEP][PASSED] - println("reel 3 wild found: " + free_spin_reel_counter[0]): null

2019-08-24 12:10:02 - [TEST_STEP][PASSED] - println("reel 4 wild found: " + free_spin_reel_counter[1]): null

2019-08-24 12:10:02 - [TEST_STEP][PASSED] - println("reel 5 wild found: " + free_spin_reel_counter[2]): null

2019-08-24 12:10:02 - [TEST_STEP][PASSED] - M4_spin_reels = M4_spin_reels: null

2019-08-24 12:10:02 - [TEST_STEP][PASSED] - M4_spin_reels_symbols = symbol: null

2019-08-24 12:10:02 - [TEST_STEP][PASSED] - M4_spin_reels_symbols = M4_spin_reels_symbols: null

2019-08-24 12:10:02 - [TEST_STEP][PASSED] - M4_spin_reel_wins = reel_wins: null

2019-08-24 12:10:02 - [TEST_STEP][PASSED] - M4_spin_reel_wins = M4_spin_reel_wins: null

2019-08-24 12:10:02 - [TEST_STEP][PASSED] - println("GlobalVariable.M4_spin_reel_wins is: " + M4_spin_reel_wins): null

2019-08-24 12:10:02 - [TEST_STEP][PASSED] - M4_spin_total_bonus_win_this_round = total_bonus_win_this_round: null

2019-08-24 12:10:02 - [TEST_STEP][PASSED] - M4_spin_total_bonus_win_this_round = M4_spin_total_bonus_win_this_round: null

2019-08-24 12:10:02 - [TEST_STEP][PASSED] - println("GlobalVariable.M4_spin_total_bonus_win_this_round is: " + M4_spin_total_bonus_win_this_round): null

2019-08-24 12:10:02 - [TEST_STEP][PASSED] - M4_spin_bonus_spin_result = spin_result: null

2019-08-24 12:10:02 - [TEST_STEP][PASSED] - M4_spin_bonus_spin_result = M4_spin_bonus_spin_result: null

2019-08-24 12:10:02 - [MESSAGE][PASSED] - Verify response successfully

2019-08-24 12:10:02 - [MESSAGE][PASSED] - Send request and verify the response successfully

2019-08-24 12:10:02 - [TEST_STEP][PASSED] - if (M4_total_bonus_spins_int != 0 &amp;&amp; M4_spin_reels_symbols[2].contains("WILD_ExtraFG") || M4_spin_reels_symbols[3].contains("WILD_ExtraFG")): null

2019-08-24 12:10:02 - [TEST_STEP][PASSED] - free_spin_reel_counter = free_spin_reel_counter: null

2019-08-24 12:10:02 - [TEST_STEP][PASSED] - M4_spin_reels_symbols = M4_spin_reels_symbols: null

2019-08-24 12:10:02 - [TEST_STEP][PASSED] - M4_total_bonus_spins = M4_total_bonus_spins: null

2019-08-24 12:10:02 - [TEST_STEP][PASSED] - spin_result = sendRequestAndVerify(findTestObject("INT/RGS(M4)/1_M4_spin", ["M4_login_user_id":M4_login_user_id, "rgs_session_token":rgs_session_token, "partner":Partner])): Send request and verify the response successfully

2019-08-24 12:10:03 - [MESSAGE][INFO] - HAR: /Users/eiralee/Katalon_Script/SuperWild/Reports/20190824_120919/INT/superWild_3/20190824_120919/requests/main/11.har

2019-08-24 12:10:03 - [TEST_CASE][PASSED] - Start Test Case : Verification: Verification accomplished successfully

2019-08-24 12:10:03 - [TEST_STEP][PASSED] - request = getInstance().getCurrentRequest(): null

2019-08-24 12:10:03 - [TEST_STEP][PASSED] - response = getInstance().getCurrentResponse(): null

2019-08-24 12:10:03 - [TEST_STEP][PASSED] - verifyResponseStatusCode(response, 200): Verify response status code successfully

2019-08-24 12:10:03 - [MESSAGE][PASSED] - Verify response status code successfully

2019-08-24 12:10:03 - [TEST_STEP][PASSED] - getStatusCode()).isEqualTo(200): null

2019-08-24 12:10:03 - [TEST_STEP][PASSED] - newline = System.getProperty("line.separator"): null

2019-08-24 12:10:03 - [TEST_STEP][PASSED] - M4_spin = new groovy.json.JsonSlurper(): null

2019-08-24 12:10:03 - [TEST_STEP][PASSED] - result_M4_spin = M4_spin.parseText(response.getResponseBodyContent()): null

2019-08-24 12:10:03 - [TEST_STEP][PASSED] - M4_spin_current_balance = current_balance: null

2019-08-24 12:10:03 - [TEST_STEP][PASSED] - M4_spin_current_balance = M4_spin_current_balance: null

2019-08-24 12:10:03 - [TEST_STEP][PASSED] - M4_spin_transaction_id = causality: null

2019-08-24 12:10:03 - [TEST_STEP][PASSED] - M4_spin_transaction_id = M4_spin_transaction_id: null

2019-08-24 12:10:03 - [TEST_STEP][PASSED] - M4_spin_round_id = round_id: null

2019-08-24 12:10:03 - [TEST_STEP][PASSED] - M4_spin_round_id = M4_spin_round_id: null

2019-08-24 12:10:03 - [TEST_STEP][PASSED] - M4_spin_line_wins = line_wins: null

2019-08-24 12:10:03 - [TEST_STEP][PASSED] - M4_spin_line_wins = M4_spin_line_wins: null

2019-08-24 12:10:03 - [TEST_STEP][PASSED] - M4_total_bonus_spins_int = total_bonus_spins: null

2019-08-24 12:10:03 - [TEST_STEP][PASSED] - println("******M4_total_bonus_spins type is:*******" + newline + getClass().getName()): null

2019-08-24 12:10:03 - [TEST_STEP][PASSED] - M4_total_bonus_spins_int = M4_total_bonus_spins_int: null

2019-08-24 12:10:03 - [TEST_STEP][PASSED] - M4_total_bonus_spins = Integer.toString(M4_total_bonus_spins_int): null

2019-08-24 12:10:03 - [TEST_STEP][PASSED] - M4_total_bonus_spins = M4_total_bonus_spins: null

2019-08-24 12:10:03 - [TEST_STEP][PASSED] - println("M4_total_bonus_spins is:" + M4_total_bonus_spins): null

2019-08-24 12:10:03 - [TEST_STEP][PASSED] - M4_spin_bonus_data = bonus_data: null

2019-08-24 12:10:03 - [TEST_STEP][PASSED] - M4_spin_features_triggered = result_M4_spin: null

2019-08-24 12:10:03 - [TEST_STEP][PASSED] - wild = []: null

2019-08-24 12:10:03 - [TEST_STEP][PASSED] - wild[0] = "WILD_Expanding": null

2019-08-24 12:10:03 - [TEST_STEP][PASSED] - wild[1] = "WILD_Normal": null

2019-08-24 12:10:03 - [TEST_STEP][PASSED] - wild[2] = "WILD_Double": null

2019-08-24 12:10:03 - [TEST_STEP][PASSED] - wild[3] = "WILD_ExtraFG": null

2019-08-24 12:10:03 - [TEST_STEP][PASSED] - wild[4] = "WILD_Triple": null

2019-08-24 12:10:03 - [TEST_STEP][PASSED] - wildList = Arrays.asList(wild): null

2019-08-24 12:10:03 - [TEST_STEP][PASSED] - wildList = wildList: null

2019-08-24 12:10:03 - [TEST_STEP][PASSED] - free_spin_reel_counter = []: null

2019-08-24 12:10:03 - [TEST_STEP][PASSED] - free_spin_reel_counter[0] = 0: null

2019-08-24 12:10:03 - [TEST_STEP][PASSED] - free_spin_reel_counter[1] = 0: null

2019-08-24 12:10:03 - [TEST_STEP][PASSED] - free_spin_reel_counter[2] = 0: null

2019-08-24 12:10:03 - [TEST_STEP][PASSED] - M4_spin_reels = reels: null

2019-08-24 12:10:03 - [TEST_STEP][PASSED] - for ([i = 0, i &lt; M4_spin_reels.size(), (i++)]): null

2019-08-24 12:10:03 - [TEST_STEP][PASSED] - symbols = symbols: null

2019-08-24 12:10:03 - [TEST_STEP][PASSED] - for ([j = 0, j &lt; symbols.size(), (j++)]): null

2019-08-24 12:10:03 - [TEST_STEP][PASSED] - symbol = symbol: null

2019-08-24 12:10:03 - [TEST_STEP][PASSED] - println(symbol): null

2019-08-24 12:10:03 - [TEST_STEP][PASSED] - if (i == 2 &amp;&amp; wildList.indexOf(symbol) != -1): null

2019-08-24 12:10:03 - [TEST_STEP][PASSED] - if (i == 3 &amp;&amp; wildList.indexOf(symbol) != -1): null

2019-08-24 12:10:03 - [TEST_STEP][PASSED] - if (i == 4 &amp;&amp; wildList.indexOf(symbol) != -1): null

2019-08-24 12:10:03 - [TEST_STEP][PASSED] - symbol = symbol: null

2019-08-24 12:10:03 - [TEST_STEP][PASSED] - println(symbol): null

2019-08-24 12:10:03 - [TEST_STEP][PASSED] - if (i == 2 &amp;&amp; wildList.indexOf(symbol) != -1): null

2019-08-24 12:10:03 - [TEST_STEP][PASSED] - if (i == 3 &amp;&amp; wildList.indexOf(symbol) != -1): null

2019-08-24 12:10:03 - [TEST_STEP][PASSED] - if (i == 4 &amp;&amp; wildList.indexOf(symbol) != -1): null

2019-08-24 12:10:03 - [TEST_STEP][PASSED] - symbol = symbol: null

2019-08-24 12:10:03 - [TEST_STEP][PASSED] - println(symbol): null

2019-08-24 12:10:03 - [TEST_STEP][PASSED] - if (i == 2 &amp;&amp; wildList.indexOf(symbol) != -1): null

2019-08-24 12:10:03 - [TEST_STEP][PASSED] - if (i == 3 &amp;&amp; wildList.indexOf(symbol) != -1): null

2019-08-24 12:10:03 - [TEST_STEP][PASSED] - if (i == 4 &amp;&amp; wildList.indexOf(symbol) != -1): null

2019-08-24 12:10:03 - [TEST_STEP][PASSED] - symbols = symbols: null

2019-08-24 12:10:03 - [TEST_STEP][PASSED] - for ([j = 0, j &lt; symbols.size(), (j++)]): null

2019-08-24 12:10:03 - [TEST_STEP][PASSED] - symbol = symbol: null

2019-08-24 12:10:03 - [TEST_STEP][PASSED] - println(symbol): null

2019-08-24 12:10:03 - [TEST_STEP][PASSED] - if (i == 2 &amp;&amp; wildList.indexOf(symbol) != -1): null

2019-08-24 12:10:03 - [TEST_STEP][PASSED] - if (i == 3 &amp;&amp; wildList.indexOf(symbol) != -1): null

2019-08-24 12:10:03 - [TEST_STEP][PASSED] - if (i == 4 &amp;&amp; wildList.indexOf(symbol) != -1): null

2019-08-24 12:10:03 - [TEST_STEP][PASSED] - symbol = symbol: null

2019-08-24 12:10:03 - [TEST_STEP][PASSED] - println(symbol): null

2019-08-24 12:10:03 - [TEST_STEP][PASSED] - if (i == 2 &amp;&amp; wildList.indexOf(symbol) != -1): null

2019-08-24 12:10:03 - [TEST_STEP][PASSED] - if (i == 3 &amp;&amp; wildList.indexOf(symbol) != -1): null

2019-08-24 12:10:03 - [TEST_STEP][PASSED] - if (i == 4 &amp;&amp; wildList.indexOf(symbol) != -1): null

2019-08-24 12:10:03 - [TEST_STEP][PASSED] - symbol = symbol: null

2019-08-24 12:10:03 - [TEST_STEP][PASSED] - println(symbol): null

2019-08-24 12:10:03 - [TEST_STEP][PASSED] - if (i == 2 &amp;&amp; wildList.indexOf(symbol) != -1): null

2019-08-24 12:10:03 - [TEST_STEP][PASSED] - if (i == 3 &amp;&amp; wildList.indexOf(symbol) != -1): null

2019-08-24 12:10:03 - [TEST_STEP][PASSED] - if (i == 4 &amp;&amp; wildList.indexOf(symbol) != -1): null

2019-08-24 12:10:03 - [TEST_STEP][PASSED] - symbols = symbols: null

2019-08-24 12:10:03 - [TEST_STEP][PASSED] - for ([j = 0, j &lt; symbols.size(), (j++)]): null

2019-08-24 12:10:03 - [TEST_STEP][PASSED] - symbol = symbol: null

2019-08-24 12:10:03 - [TEST_STEP][PASSED] - println(symbol): null

2019-08-24 12:10:03 - [TEST_STEP][PASSED] - if (i == 2 &amp;&amp; wildList.indexOf(symbol) != -1): null

2019-08-24 12:10:03 - [TEST_STEP][PASSED] - if (i == 3 &amp;&amp; wildList.indexOf(symbol) != -1): null

2019-08-24 12:10:03 - [TEST_STEP][PASSED] - if (i == 4 &amp;&amp; wildList.indexOf(symbol) != -1): null

2019-08-24 12:10:03 - [TEST_STEP][PASSED] - symbol = symbol: null

2019-08-24 12:10:03 - [TEST_STEP][PASSED] - println(symbol): null

2019-08-24 12:10:03 - [TEST_STEP][PASSED] - if (i == 2 &amp;&amp; wildList.indexOf(symbol) != -1): null

2019-08-24 12:10:03 - [TEST_STEP][PASSED] - if (i == 3 &amp;&amp; wildList.indexOf(symbol) != -1): null

2019-08-24 12:10:03 - [TEST_STEP][PASSED] - if (i == 4 &amp;&amp; wildList.indexOf(symbol) != -1): null

2019-08-24 12:10:03 - [TEST_STEP][PASSED] - symbol = symbol: null

2019-08-24 12:10:03 - [TEST_STEP][PASSED] - println(symbol): null

2019-08-24 12:10:03 - [TEST_STEP][PASSED] - if (i == 2 &amp;&amp; wildList.indexOf(symbol) != -1): null

2019-08-24 12:10:03 - [TEST_STEP][PASSED] - println("wild found on reel 3, adding counter by 1"): null

2019-08-24 12:10:03 - [TEST_STEP][PASSED] - free_spin_reel_counter[0] = free_spin_reel_counter[0] + 1: null

2019-08-24 12:10:03 - [TEST_STEP][PASSED] - if (i == 3 &amp;&amp; wildList.indexOf(symbol) != -1): null

2019-08-24 12:10:03 - [TEST_STEP][PASSED] - if (i == 4 &amp;&amp; wildList.indexOf(symbol) != -1): null

2019-08-24 12:10:03 - [TEST_STEP][PASSED] - symbols = symbols: null

2019-08-24 12:10:03 - [TEST_STEP][PASSED] - for ([j = 0, j &lt; symbols.size(), (j++)]): null

2019-08-24 12:10:03 - [TEST_STEP][PASSED] - symbol = symbol: null

2019-08-24 12:10:03 - [TEST_STEP][PASSED] - println(symbol): null

2019-08-24 12:10:03 - [TEST_STEP][PASSED] - if (i == 2 &amp;&amp; wildList.indexOf(symbol) != -1): null

2019-08-24 12:10:03 - [TEST_STEP][PASSED] - if (i == 3 &amp;&amp; wildList.indexOf(symbol) != -1): null

2019-08-24 12:10:03 - [TEST_STEP][PASSED] - if (i == 4 &amp;&amp; wildList.indexOf(symbol) != -1): null

2019-08-24 12:10:03 - [TEST_STEP][PASSED] - symbol = symbol: null

2019-08-24 12:10:03 - [TEST_STEP][PASSED] - println(symbol): null

2019-08-24 12:10:03 - [TEST_STEP][PASSED] - if (i == 2 &amp;&amp; wildList.indexOf(symbol) != -1): null

2019-08-24 12:10:03 - [TEST_STEP][PASSED] - if (i == 3 &amp;&amp; wildList.indexOf(symbol) != -1): null

2019-08-24 12:10:03 - [TEST_STEP][PASSED] - if (i == 4 &amp;&amp; wildList.indexOf(symbol) != -1): null

2019-08-24 12:10:03 - [TEST_STEP][PASSED] - symbol = symbol: null

2019-08-24 12:10:03 - [TEST_STEP][PASSED] - println(symbol): null

2019-08-24 12:10:03 - [TEST_STEP][PASSED] - if (i == 2 &amp;&amp; wildList.indexOf(symbol) != -1): null

2019-08-24 12:10:03 - [TEST_STEP][PASSED] - if (i == 3 &amp;&amp; wildList.indexOf(symbol) != -1): null

2019-08-24 12:10:03 - [TEST_STEP][PASSED] - if (i == 4 &amp;&amp; wildList.indexOf(symbol) != -1): null

2019-08-24 12:10:03 - [TEST_STEP][PASSED] - symbols = symbols: null

2019-08-24 12:10:03 - [TEST_STEP][PASSED] - for ([j = 0, j &lt; symbols.size(), (j++)]): null

2019-08-24 12:10:03 - [TEST_STEP][PASSED] - symbol = symbol: null

2019-08-24 12:10:03 - [TEST_STEP][PASSED] - println(symbol): null

2019-08-24 12:10:03 - [TEST_STEP][PASSED] - if (i == 2 &amp;&amp; wildList.indexOf(symbol) != -1): null

2019-08-24 12:10:03 - [TEST_STEP][PASSED] - if (i == 3 &amp;&amp; wildList.indexOf(symbol) != -1): null

2019-08-24 12:10:03 - [TEST_STEP][PASSED] - if (i == 4 &amp;&amp; wildList.indexOf(symbol) != -1): null

2019-08-24 12:10:03 - [TEST_STEP][PASSED] - symbol = symbol: null

2019-08-24 12:10:03 - [TEST_STEP][PASSED] - println(symbol): null

2019-08-24 12:10:03 - [TEST_STEP][PASSED] - if (i == 2 &amp;&amp; wildList.indexOf(symbol) != -1): null

2019-08-24 12:10:03 - [TEST_STEP][PASSED] - if (i == 3 &amp;&amp; wildList.indexOf(symbol) != -1): null

2019-08-24 12:10:03 - [TEST_STEP][PASSED] - if (i == 4 &amp;&amp; wildList.indexOf(symbol) != -1): null

2019-08-24 12:10:03 - [TEST_STEP][PASSED] - symbol = symbol: null

2019-08-24 12:10:03 - [TEST_STEP][PASSED] - println(symbol): null

2019-08-24 12:10:03 - [TEST_STEP][PASSED] - if (i == 2 &amp;&amp; wildList.indexOf(symbol) != -1): null

2019-08-24 12:10:03 - [TEST_STEP][PASSED] - if (i == 3 &amp;&amp; wildList.indexOf(symbol) != -1): null

2019-08-24 12:10:07 - [TEST_STEP][PASSED] - if (i == 4 &amp;&amp; wildList.indexOf(symbol) != -1): null

2019-08-24 12:10:09 - [TEST_STEP][PASSED] - free_spin_reel_counter = free_spin_reel_counter: null

2019-08-24 12:10:09 - [TEST_STEP][PASSED] - println("reel 3 wild found: " + free_spin_reel_counter[0]): null

2019-08-24 12:10:09 - [TEST_STEP][PASSED] - println("reel 4 wild found: " + free_spin_reel_counter[1]): null

2019-08-24 12:10:09 - [TEST_STEP][PASSED] - println("reel 5 wild found: " + free_spin_reel_counter[2]): null

2019-08-24 12:10:09 - [TEST_STEP][PASSED] - M4_spin_reels = M4_spin_reels: null

2019-08-24 12:10:09 - [TEST_STEP][PASSED] - M4_spin_reels_symbols = symbol: null

2019-08-24 12:10:09 - [TEST_STEP][PASSED] - M4_spin_reels_symbols = M4_spin_reels_symbols: null

2019-08-24 12:10:09 - [TEST_STEP][PASSED] - M4_spin_reel_wins = reel_wins: null

2019-08-24 12:10:09 - [TEST_STEP][PASSED] - M4_spin_reel_wins = M4_spin_reel_wins: null

2019-08-24 12:10:09 - [TEST_STEP][PASSED] - println("GlobalVariable.M4_spin_reel_wins is: " + M4_spin_reel_wins): null

2019-08-24 12:10:09 - [TEST_STEP][PASSED] - M4_spin_total_bonus_win_this_round = total_bonus_win_this_round: null

2019-08-24 12:10:09 - [TEST_STEP][PASSED] - M4_spin_total_bonus_win_this_round = M4_spin_total_bonus_win_this_round: null

2019-08-24 12:10:09 - [TEST_STEP][PASSED] - println("GlobalVariable.M4_spin_total_bonus_win_this_round is: " + M4_spin_total_bonus_win_this_round): null

2019-08-24 12:10:09 - [TEST_STEP][PASSED] - M4_spin_bonus_spin_result = spin_result: null

2019-08-24 12:10:09 - [TEST_STEP][PASSED] - M4_spin_bonus_spin_result = M4_spin_bonus_spin_result: null

2019-08-24 12:10:09 - [MESSAGE][PASSED] - Verify response successfully

2019-08-24 12:10:09 - [MESSAGE][PASSED] - Send request and verify the response successfully

2019-08-24 12:10:09 - [TEST_STEP][PASSED] - if (M4_total_bonus_spins_int != 0 &amp;&amp; M4_spin_reels_symbols[2].contains("WILD_ExtraFG") || M4_spin_reels_symbols[3].contains("WILD_ExtraFG")): null

2019-08-24 12:10:09 - [TEST_STEP][PASSED] - free_spin_reel_counter = free_spin_reel_counter: null

2019-08-24 12:10:09 - [TEST_STEP][PASSED] - M4_spin_reels_symbols = M4_spin_reels_symbols: null

2019-08-24 12:10:09 - [TEST_STEP][PASSED] - M4_total_bonus_spins = M4_total_bonus_spins: null

2019-08-24 12:10:09 - [TEST_STEP][PASSED] - spin_result = sendRequestAndVerify(findTestObject("INT/RGS(M4)/1_M4_spin", ["M4_login_user_id":M4_login_user_id, "rgs_session_token":rgs_session_token, "partner":Partner])): Send request and verify the response successfully

2019-08-24 12:10:09 - [MESSAGE][INFO] - HAR: /Users/eiralee/Katalon_Script/SuperWild/Reports/20190824_120919/INT/superWild_3/20190824_120919/requests/main/12.har

2019-08-24 12:10:09 - [TEST_CASE][PASSED] - Start Test Case : Verification: Verification accomplished successfully

2019-08-24 12:10:10 - [TEST_STEP][PASSED] - request = getInstance().getCurrentRequest(): null

2019-08-24 12:10:10 - [TEST_STEP][PASSED] - response = getInstance().getCurrentResponse(): null

2019-08-24 12:10:10 - [TEST_STEP][PASSED] - verifyResponseStatusCode(response, 200): Verify response status code successfully

2019-08-24 12:10:10 - [MESSAGE][PASSED] - Verify response status code successfully

2019-08-24 12:10:10 - [TEST_STEP][PASSED] - getStatusCode()).isEqualTo(200): null

2019-08-24 12:10:10 - [TEST_STEP][PASSED] - newline = System.getProperty("line.separator"): null

2019-08-24 12:10:10 - [TEST_STEP][PASSED] - M4_spin = new groovy.json.JsonSlurper(): null

2019-08-24 12:10:10 - [TEST_STEP][PASSED] - result_M4_spin = M4_spin.parseText(response.getResponseBodyContent()): null

2019-08-24 12:10:10 - [TEST_STEP][PASSED] - M4_spin_current_balance = current_balance: null

2019-08-24 12:10:10 - [TEST_STEP][PASSED] - M4_spin_current_balance = M4_spin_current_balance: null

2019-08-24 12:10:10 - [TEST_STEP][PASSED] - M4_spin_transaction_id = causality: null

2019-08-24 12:10:10 - [TEST_STEP][PASSED] - M4_spin_transaction_id = M4_spin_transaction_id: null

2019-08-24 12:10:10 - [TEST_STEP][PASSED] - M4_spin_round_id = round_id: null

2019-08-24 12:10:10 - [TEST_STEP][PASSED] - M4_spin_round_id = M4_spin_round_id: null

2019-08-24 12:10:10 - [TEST_STEP][PASSED] - M4_spin_line_wins = line_wins: null

2019-08-24 12:10:10 - [TEST_STEP][PASSED] - M4_spin_line_wins = M4_spin_line_wins: null

2019-08-24 12:10:10 - [TEST_STEP][PASSED] - M4_total_bonus_spins_int = total_bonus_spins: null

2019-08-24 12:10:10 - [TEST_STEP][PASSED] - println("******M4_total_bonus_spins type is:*******" + newline + getClass().getName()): null

2019-08-24 12:10:10 - [TEST_STEP][PASSED] - M4_total_bonus_spins_int = M4_total_bonus_spins_int: null

2019-08-24 12:10:10 - [TEST_STEP][PASSED] - M4_total_bonus_spins = Integer.toString(M4_total_bonus_spins_int): null

2019-08-24 12:10:10 - [TEST_STEP][PASSED] - M4_total_bonus_spins = M4_total_bonus_spins: null

2019-08-24 12:10:10 - [TEST_STEP][PASSED] - println("M4_total_bonus_spins is:" + M4_total_bonus_spins): null

2019-08-24 12:10:10 - [TEST_STEP][PASSED] - M4_spin_bonus_data = bonus_data: null

2019-08-24 12:10:10 - [TEST_STEP][PASSED] - M4_spin_features_triggered = result_M4_spin: null

2019-08-24 12:10:10 - [TEST_STEP][PASSED] - wild = []: null

2019-08-24 12:10:10 - [TEST_STEP][PASSED] - wild[0] = "WILD_Expanding": null

2019-08-24 12:10:10 - [TEST_STEP][PASSED] - wild[1] = "WILD_Normal": null

2019-08-24 12:10:10 - [TEST_STEP][PASSED] - wild[2] = "WILD_Double": null

2019-08-24 12:10:10 - [TEST_STEP][PASSED] - wild[3] = "WILD_ExtraFG": null

2019-08-24 12:10:10 - [TEST_STEP][PASSED] - wild[4] = "WILD_Triple": null

2019-08-24 12:10:10 - [TEST_STEP][PASSED] - wildList = Arrays.asList(wild): null

2019-08-24 12:10:10 - [TEST_STEP][PASSED] - wildList = wildList: null

2019-08-24 12:10:10 - [TEST_STEP][PASSED] - free_spin_reel_counter = []: null

2019-08-24 12:10:10 - [TEST_STEP][PASSED] - free_spin_reel_counter[0] = 0: null

2019-08-24 12:10:10 - [TEST_STEP][PASSED] - free_spin_reel_counter[1] = 0: null

2019-08-24 12:10:10 - [TEST_STEP][PASSED] - free_spin_reel_counter[2] = 0: null

2019-08-24 12:10:10 - [TEST_STEP][PASSED] - M4_spin_reels = reels: null

2019-08-24 12:10:10 - [TEST_STEP][PASSED] - for ([i = 0, i &lt; M4_spin_reels.size(), (i++)]): null

2019-08-24 12:10:10 - [TEST_STEP][PASSED] - symbols = symbols: null

2019-08-24 12:10:10 - [TEST_STEP][PASSED] - for ([j = 0, j &lt; symbols.size(), (j++)]): null

2019-08-24 12:10:10 - [TEST_STEP][PASSED] - symbol = symbol: null

2019-08-24 12:10:10 - [TEST_STEP][PASSED] - println(symbol): null

2019-08-24 12:10:10 - [TEST_STEP][PASSED] - if (i == 2 &amp;&amp; wildList.indexOf(symbol) != -1): null

2019-08-24 12:10:10 - [TEST_STEP][PASSED] - if (i == 3 &amp;&amp; wildList.indexOf(symbol) != -1): null

2019-08-24 12:10:10 - [TEST_STEP][PASSED] - if (i == 4 &amp;&amp; wildList.indexOf(symbol) != -1): null

2019-08-24 12:10:10 - [TEST_STEP][PASSED] - symbol = symbol: null

2019-08-24 12:10:10 - [TEST_STEP][PASSED] - println(symbol): null

2019-08-24 12:10:10 - [TEST_STEP][PASSED] - if (i == 2 &amp;&amp; wildList.indexOf(symbol) != -1): null

2019-08-24 12:10:10 - [TEST_STEP][PASSED] - if (i == 3 &amp;&amp; wildList.indexOf(symbol) != -1): null

2019-08-24 12:10:10 - [TEST_STEP][PASSED] - if (i == 4 &amp;&amp; wildList.indexOf(symbol) != -1): null

2019-08-24 12:10:10 - [TEST_STEP][PASSED] - symbol = symbol: null

2019-08-24 12:10:10 - [TEST_STEP][PASSED] - println(symbol): null

2019-08-24 12:10:10 - [TEST_STEP][PASSED] - if (i == 2 &amp;&amp; wildList.indexOf(symbol) != -1): null

2019-08-24 12:10:10 - [TEST_STEP][PASSED] - if (i == 3 &amp;&amp; wildList.indexOf(symbol) != -1): null

2019-08-24 12:10:10 - [TEST_STEP][PASSED] - if (i == 4 &amp;&amp; wildList.indexOf(symbol) != -1): null

2019-08-24 12:10:10 - [TEST_STEP][PASSED] - symbols = symbols: null

2019-08-24 12:10:10 - [TEST_STEP][PASSED] - for ([j = 0, j &lt; symbols.size(), (j++)]): null

2019-08-24 12:10:10 - [TEST_STEP][PASSED] - symbol = symbol: null

2019-08-24 12:10:10 - [TEST_STEP][PASSED] - println(symbol): null

2019-08-24 12:10:10 - [TEST_STEP][PASSED] - if (i == 2 &amp;&amp; wildList.indexOf(symbol) != -1): null

2019-08-24 12:10:10 - [TEST_STEP][PASSED] - if (i == 3 &amp;&amp; wildList.indexOf(symbol) != -1): null

2019-08-24 12:10:10 - [TEST_STEP][PASSED] - if (i == 4 &amp;&amp; wildList.indexOf(symbol) != -1): null

2019-08-24 12:10:10 - [TEST_STEP][PASSED] - symbol = symbol: null

2019-08-24 12:10:10 - [TEST_STEP][PASSED] - println(symbol): null

2019-08-24 12:10:10 - [TEST_STEP][PASSED] - if (i == 2 &amp;&amp; wildList.indexOf(symbol) != -1): null

2019-08-24 12:10:10 - [TEST_STEP][PASSED] - if (i == 3 &amp;&amp; wildList.indexOf(symbol) != -1): null

2019-08-24 12:10:10 - [TEST_STEP][PASSED] - if (i == 4 &amp;&amp; wildList.indexOf(symbol) != -1): null

2019-08-24 12:10:10 - [TEST_STEP][PASSED] - symbol = symbol: null

2019-08-24 12:10:10 - [TEST_STEP][PASSED] - println(symbol): null

2019-08-24 12:10:10 - [TEST_STEP][PASSED] - if (i == 2 &amp;&amp; wildList.indexOf(symbol) != -1): null

2019-08-24 12:10:10 - [TEST_STEP][PASSED] - if (i == 3 &amp;&amp; wildList.indexOf(symbol) != -1): null

2019-08-24 12:10:10 - [TEST_STEP][PASSED] - if (i == 4 &amp;&amp; wildList.indexOf(symbol) != -1): null

2019-08-24 12:10:10 - [TEST_STEP][PASSED] - symbols = symbols: null

2019-08-24 12:10:10 - [TEST_STEP][PASSED] - for ([j = 0, j &lt; symbols.size(), (j++)]): null

2019-08-24 12:10:10 - [TEST_STEP][PASSED] - symbol = symbol: null

2019-08-24 12:10:10 - [TEST_STEP][PASSED] - println(symbol): null

2019-08-24 12:10:10 - [TEST_STEP][PASSED] - if (i == 2 &amp;&amp; wildList.indexOf(symbol) != -1): null

2019-08-24 12:10:10 - [TEST_STEP][PASSED] - if (i == 3 &amp;&amp; wildList.indexOf(symbol) != -1): null

2019-08-24 12:10:10 - [TEST_STEP][PASSED] - if (i == 4 &amp;&amp; wildList.indexOf(symbol) != -1): null

2019-08-24 12:10:10 - [TEST_STEP][PASSED] - symbol = symbol: null

2019-08-24 12:10:10 - [TEST_STEP][PASSED] - println(symbol): null

2019-08-24 12:10:10 - [TEST_STEP][PASSED] - if (i == 2 &amp;&amp; wildList.indexOf(symbol) != -1): null

2019-08-24 12:10:10 - [TEST_STEP][PASSED] - if (i == 3 &amp;&amp; wildList.indexOf(symbol) != -1): null

2019-08-24 12:10:10 - [TEST_STEP][PASSED] - if (i == 4 &amp;&amp; wildList.indexOf(symbol) != -1): null

2019-08-24 12:10:10 - [TEST_STEP][PASSED] - symbol = symbol: null

2019-08-24 12:10:10 - [TEST_STEP][PASSED] - println(symbol): null

2019-08-24 12:10:10 - [TEST_STEP][PASSED] - if (i == 2 &amp;&amp; wildList.indexOf(symbol) != -1): null

2019-08-24 12:10:10 - [TEST_STEP][PASSED] - if (i == 3 &amp;&amp; wildList.indexOf(symbol) != -1): null

2019-08-24 12:10:10 - [TEST_STEP][PASSED] - if (i == 4 &amp;&amp; wildList.indexOf(symbol) != -1): null

2019-08-24 12:10:10 - [TEST_STEP][PASSED] - symbols = symbols: null

2019-08-24 12:10:10 - [TEST_STEP][PASSED] - for ([j = 0, j &lt; symbols.size(), (j++)]): null

2019-08-24 12:10:10 - [TEST_STEP][PASSED] - symbol = symbol: null

2019-08-24 12:10:10 - [TEST_STEP][PASSED] - println(symbol): null

2019-08-24 12:10:10 - [TEST_STEP][PASSED] - if (i == 2 &amp;&amp; wildList.indexOf(symbol) != -1): null

2019-08-24 12:10:10 - [TEST_STEP][PASSED] - if (i == 3 &amp;&amp; wildList.indexOf(symbol) != -1): null

2019-08-24 12:10:10 - [TEST_STEP][PASSED] - if (i == 4 &amp;&amp; wildList.indexOf(symbol) != -1): null

2019-08-24 12:10:10 - [TEST_STEP][PASSED] - symbol = symbol: null

2019-08-24 12:10:10 - [TEST_STEP][PASSED] - println(symbol): null

2019-08-24 12:10:10 - [TEST_STEP][PASSED] - if (i == 2 &amp;&amp; wildList.indexOf(symbol) != -1): null

2019-08-24 12:10:10 - [TEST_STEP][PASSED] - if (i == 3 &amp;&amp; wildList.indexOf(symbol) != -1): null

2019-08-24 12:10:10 - [TEST_STEP][PASSED] - if (i == 4 &amp;&amp; wildList.indexOf(symbol) != -1): null

2019-08-24 12:10:10 - [TEST_STEP][PASSED] - symbol = symbol: null

2019-08-24 12:10:10 - [TEST_STEP][PASSED] - println(symbol): null

2019-08-24 12:10:10 - [TEST_STEP][PASSED] - if (i == 2 &amp;&amp; wildList.indexOf(symbol) != -1): null

2019-08-24 12:10:10 - [TEST_STEP][PASSED] - if (i == 3 &amp;&amp; wildList.indexOf(symbol) != -1): null

2019-08-24 12:10:10 - [TEST_STEP][PASSED] - if (i == 4 &amp;&amp; wildList.indexOf(symbol) != -1): null

2019-08-24 12:10:10 - [TEST_STEP][PASSED] - symbols = symbols: null

2019-08-24 12:10:10 - [TEST_STEP][PASSED] - for ([j = 0, j &lt; symbols.size(), (j++)]): null

2019-08-24 12:10:10 - [TEST_STEP][PASSED] - symbol = symbol: null

2019-08-24 12:10:10 - [TEST_STEP][PASSED] - println(symbol): null

2019-08-24 12:10:10 - [TEST_STEP][PASSED] - if (i == 2 &amp;&amp; wildList.indexOf(symbol) != -1): null

2019-08-24 12:10:10 - [TEST_STEP][PASSED] - if (i == 3 &amp;&amp; wildList.indexOf(symbol) != -1): null

2019-08-24 12:10:10 - [TEST_STEP][PASSED] - if (i == 4 &amp;&amp; wildList.indexOf(symbol) != -1): null

2019-08-24 12:10:10 - [TEST_STEP][PASSED] - symbol = symbol: null

2019-08-24 12:10:10 - [TEST_STEP][PASSED] - println(symbol): null

2019-08-24 12:10:10 - [TEST_STEP][PASSED] - if (i == 2 &amp;&amp; wildList.indexOf(symbol) != -1): null

2019-08-24 12:10:10 - [TEST_STEP][PASSED] - if (i == 3 &amp;&amp; wildList.indexOf(symbol) != -1): null

2019-08-24 12:10:10 - [TEST_STEP][PASSED] - if (i == 4 &amp;&amp; wildList.indexOf(symbol) != -1): null

2019-08-24 12:10:10 - [TEST_STEP][PASSED] - symbol = symbol: null

2019-08-24 12:10:10 - [TEST_STEP][PASSED] - println(symbol): null

2019-08-24 12:10:10 - [TEST_STEP][PASSED] - if (i == 2 &amp;&amp; wildList.indexOf(symbol) != -1): null

2019-08-24 12:10:10 - [TEST_STEP][PASSED] - if (i == 3 &amp;&amp; wildList.indexOf(symbol) != -1): null

2019-08-24 12:10:10 - [TEST_STEP][PASSED] - if (i == 4 &amp;&amp; wildList.indexOf(symbol) != -1): null

2019-08-24 12:10:10 - [TEST_STEP][PASSED] - free_spin_reel_counter = free_spin_reel_counter: null

2019-08-24 12:10:10 - [TEST_STEP][PASSED] - println("reel 3 wild found: " + free_spin_reel_counter[0]): null

2019-08-24 12:10:10 - [TEST_STEP][PASSED] - println("reel 4 wild found: " + free_spin_reel_counter[1]): null

2019-08-24 12:10:10 - [TEST_STEP][PASSED] - println("reel 5 wild found: " + free_spin_reel_counter[2]): null

2019-08-24 12:10:10 - [TEST_STEP][PASSED] - M4_spin_reels = M4_spin_reels: null

2019-08-24 12:10:10 - [TEST_STEP][PASSED] - M4_spin_reels_symbols = symbol: null

2019-08-24 12:10:10 - [TEST_STEP][PASSED] - M4_spin_reels_symbols = M4_spin_reels_symbols: null

2019-08-24 12:10:10 - [TEST_STEP][PASSED] - M4_spin_reel_wins = reel_wins: null

2019-08-24 12:10:10 - [TEST_STEP][PASSED] - M4_spin_reel_wins = M4_spin_reel_wins: null

2019-08-24 12:10:10 - [TEST_STEP][PASSED] - println("GlobalVariable.M4_spin_reel_wins is: " + M4_spin_reel_wins): null

2019-08-24 12:10:10 - [TEST_STEP][PASSED] - M4_spin_total_bonus_win_this_round = total_bonus_win_this_round: null

2019-08-24 12:10:10 - [TEST_STEP][PASSED] - M4_spin_total_bonus_win_this_round = M4_spin_total_bonus_win_this_round: null

2019-08-24 12:10:10 - [TEST_STEP][PASSED] - println("GlobalVariable.M4_spin_total_bonus_win_this_round is: " + M4_spin_total_bonus_win_this_round): null

2019-08-24 12:10:10 - [TEST_STEP][PASSED] - M4_spin_bonus_spin_result = spin_result: null

2019-08-24 12:10:10 - [TEST_STEP][PASSED] - M4_spin_bonus_spin_result = M4_spin_bonus_spin_result: null

2019-08-24 12:10:10 - [MESSAGE][PASSED] - Verify response successfully

2019-08-24 12:10:10 - [MESSAGE][PASSED] - Send request and verify the response successfully

2019-08-24 12:10:10 - [TEST_STEP][PASSED] - if (M4_total_bonus_spins_int != 0 &amp;&amp; M4_spin_reels_symbols[2].contains("WILD_ExtraFG") || M4_spin_reels_symbols[3].contains("WILD_ExtraFG")): null

2019-08-24 12:10:10 - [TEST_STEP][PASSED] - free_spin_reel_counter = free_spin_reel_counter: null

2019-08-24 12:10:10 - [TEST_STEP][PASSED] - M4_spin_reels_symbols = M4_spin_reels_symbols: null

2019-08-24 12:10:10 - [TEST_STEP][PASSED] - M4_total_bonus_spins = M4_total_bonus_spins: null

2019-08-24 12:10:10 - [TEST_STEP][PASSED] - spin_result = sendRequestAndVerify(findTestObject("INT/RGS(M4)/1_M4_spin", ["M4_login_user_id":M4_login_user_id, "rgs_session_token":rgs_session_token, "partner":Partner])): Send request and verify the response successfully

2019-08-24 12:10:11 - [MESSAGE][INFO] - HAR: /Users/eiralee/Katalon_Script/SuperWild/Reports/20190824_120919/INT/superWild_3/20190824_120919/requests/main/13.har

2019-08-24 12:10:11 - [TEST_CASE][PASSED] - Start Test Case : Verification: Verification accomplished successfully

2019-08-24 12:10:11 - [TEST_STEP][PASSED] - request = getInstance().getCurrentRequest(): null

2019-08-24 12:10:11 - [TEST_STEP][PASSED] - response = getInstance().getCurrentResponse(): null

2019-08-24 12:10:11 - [TEST_STEP][PASSED] - verifyResponseStatusCode(response, 200): Verify response status code successfully

2019-08-24 12:10:11 - [MESSAGE][PASSED] - Verify response status code successfully

2019-08-24 12:10:11 - [TEST_STEP][PASSED] - getStatusCode()).isEqualTo(200): null

2019-08-24 12:10:11 - [TEST_STEP][PASSED] - newline = System.getProperty("line.separator"): null

2019-08-24 12:10:11 - [TEST_STEP][PASSED] - M4_spin = new groovy.json.JsonSlurper(): null

2019-08-24 12:10:11 - [TEST_STEP][PASSED] - result_M4_spin = M4_spin.parseText(response.getResponseBodyContent()): null

2019-08-24 12:10:11 - [TEST_STEP][PASSED] - M4_spin_current_balance = current_balance: null

2019-08-24 12:10:11 - [TEST_STEP][PASSED] - M4_spin_current_balance = M4_spin_current_balance: null

2019-08-24 12:10:11 - [TEST_STEP][PASSED] - M4_spin_transaction_id = causality: null

2019-08-24 12:10:11 - [TEST_STEP][PASSED] - M4_spin_transaction_id = M4_spin_transaction_id: null

2019-08-24 12:10:11 - [TEST_STEP][PASSED] - M4_spin_round_id = round_id: null

2019-08-24 12:10:11 - [TEST_STEP][PASSED] - M4_spin_round_id = M4_spin_round_id: null

2019-08-24 12:10:11 - [TEST_STEP][PASSED] - M4_spin_line_wins = line_wins: null

2019-08-24 12:10:11 - [TEST_STEP][PASSED] - M4_spin_line_wins = M4_spin_line_wins: null

2019-08-24 12:10:11 - [TEST_STEP][PASSED] - M4_total_bonus_spins_int = total_bonus_spins: null

2019-08-24 12:10:11 - [TEST_STEP][PASSED] - println("******M4_total_bonus_spins type is:*******" + newline + getClass().getName()): null

2019-08-24 12:10:11 - [TEST_STEP][PASSED] - M4_total_bonus_spins_int = M4_total_bonus_spins_int: null

2019-08-24 12:10:11 - [TEST_STEP][PASSED] - M4_total_bonus_spins = Integer.toString(M4_total_bonus_spins_int): null

2019-08-24 12:10:11 - [TEST_STEP][PASSED] - M4_total_bonus_spins = M4_total_bonus_spins: null

2019-08-24 12:10:11 - [TEST_STEP][PASSED] - println("M4_total_bonus_spins is:" + M4_total_bonus_spins): null

2019-08-24 12:10:11 - [TEST_STEP][PASSED] - M4_spin_bonus_data = bonus_data: null

2019-08-24 12:10:11 - [TEST_STEP][PASSED] - M4_spin_features_triggered = result_M4_spin: null

2019-08-24 12:10:11 - [TEST_STEP][PASSED] - wild = []: null

2019-08-24 12:10:11 - [TEST_STEP][PASSED] - wild[0] = "WILD_Expanding": null

2019-08-24 12:10:11 - [TEST_STEP][PASSED] - wild[1] = "WILD_Normal": null

2019-08-24 12:10:11 - [TEST_STEP][PASSED] - wild[2] = "WILD_Double": null

2019-08-24 12:10:11 - [TEST_STEP][PASSED] - wild[3] = "WILD_ExtraFG": null

2019-08-24 12:10:11 - [TEST_STEP][PASSED] - wild[4] = "WILD_Triple": null

2019-08-24 12:10:11 - [TEST_STEP][PASSED] - wildList = Arrays.asList(wild): null

2019-08-24 12:10:11 - [TEST_STEP][PASSED] - wildList = wildList: null

2019-08-24 12:10:11 - [TEST_STEP][PASSED] - free_spin_reel_counter = []: null

2019-08-24 12:10:11 - [TEST_STEP][PASSED] - free_spin_reel_counter[0] = 0: null

2019-08-24 12:10:11 - [TEST_STEP][PASSED] - free_spin_reel_counter[1] = 0: null

2019-08-24 12:10:11 - [TEST_STEP][PASSED] - free_spin_reel_counter[2] = 0: null

2019-08-24 12:10:11 - [TEST_STEP][PASSED] - M4_spin_reels = reels: null

2019-08-24 12:10:11 - [TEST_STEP][PASSED] - for ([i = 0, i &lt; M4_spin_reels.size(), (i++)]): null

2019-08-24 12:10:11 - [TEST_STEP][PASSED] - symbols = symbols: null

2019-08-24 12:10:11 - [TEST_STEP][PASSED] - for ([j = 0, j &lt; symbols.size(), (j++)]): null

2019-08-24 12:10:11 - [TEST_STEP][PASSED] - symbol = symbol: null

2019-08-24 12:10:11 - [TEST_STEP][PASSED] - println(symbol): null

2019-08-24 12:10:11 - [TEST_STEP][PASSED] - if (i == 2 &amp;&amp; wildList.indexOf(symbol) != -1): null

2019-08-24 12:10:11 - [TEST_STEP][PASSED] - if (i == 3 &amp;&amp; wildList.indexOf(symbol) != -1): null

2019-08-24 12:10:11 - [TEST_STEP][PASSED] - if (i == 4 &amp;&amp; wildList.indexOf(symbol) != -1): null

2019-08-24 12:10:11 - [TEST_STEP][PASSED] - symbol = symbol: null

2019-08-24 12:10:11 - [TEST_STEP][PASSED] - println(symbol): null

2019-08-24 12:10:11 - [TEST_STEP][PASSED] - if (i == 2 &amp;&amp; wildList.indexOf(symbol) != -1): null

2019-08-24 12:10:11 - [TEST_STEP][PASSED] - if (i == 3 &amp;&amp; wildList.indexOf(symbol) != -1): null

2019-08-24 12:10:11 - [TEST_STEP][PASSED] - if (i == 4 &amp;&amp; wildList.indexOf(symbol) != -1): null

2019-08-24 12:10:11 - [TEST_STEP][PASSED] - symbol = symbol: null

2019-08-24 12:10:11 - [TEST_STEP][PASSED] - println(symbol): null

2019-08-24 12:10:11 - [TEST_STEP][PASSED] - if (i == 2 &amp;&amp; wildList.indexOf(symbol) != -1): null

2019-08-24 12:10:11 - [TEST_STEP][PASSED] - if (i == 3 &amp;&amp; wildList.indexOf(symbol) != -1): null

2019-08-24 12:10:11 - [TEST_STEP][PASSED] - if (i == 4 &amp;&amp; wildList.indexOf(symbol) != -1): null

2019-08-24 12:10:11 - [TEST_STEP][PASSED] - symbols = symbols: null

2019-08-24 12:10:11 - [TEST_STEP][PASSED] - for ([j = 0, j &lt; symbols.size(), (j++)]): null

2019-08-24 12:10:11 - [TEST_STEP][PASSED] - symbol = symbol: null

2019-08-24 12:10:11 - [TEST_STEP][PASSED] - println(symbol): null

2019-08-24 12:10:11 - [TEST_STEP][PASSED] - if (i == 2 &amp;&amp; wildList.indexOf(symbol) != -1): null

2019-08-24 12:10:11 - [TEST_STEP][PASSED] - if (i == 3 &amp;&amp; wildList.indexOf(symbol) != -1): null

2019-08-24 12:10:11 - [TEST_STEP][PASSED] - if (i == 4 &amp;&amp; wildList.indexOf(symbol) != -1): null

2019-08-24 12:10:11 - [TEST_STEP][PASSED] - symbol = symbol: null

2019-08-24 12:10:11 - [TEST_STEP][PASSED] - println(symbol): null

2019-08-24 12:10:11 - [TEST_STEP][PASSED] - if (i == 2 &amp;&amp; wildList.indexOf(symbol) != -1): null

2019-08-24 12:10:11 - [TEST_STEP][PASSED] - if (i == 3 &amp;&amp; wildList.indexOf(symbol) != -1): null

2019-08-24 12:10:11 - [TEST_STEP][PASSED] - if (i == 4 &amp;&amp; wildList.indexOf(symbol) != -1): null

2019-08-24 12:10:11 - [TEST_STEP][PASSED] - symbol = symbol: null

2019-08-24 12:10:11 - [TEST_STEP][PASSED] - println(symbol): null

2019-08-24 12:10:11 - [TEST_STEP][PASSED] - if (i == 2 &amp;&amp; wildList.indexOf(symbol) != -1): null

2019-08-24 12:10:11 - [TEST_STEP][PASSED] - if (i == 3 &amp;&amp; wildList.indexOf(symbol) != -1): null

2019-08-24 12:10:11 - [TEST_STEP][PASSED] - if (i == 4 &amp;&amp; wildList.indexOf(symbol) != -1): null

2019-08-24 12:10:11 - [TEST_STEP][PASSED] - symbols = symbols: null

2019-08-24 12:10:11 - [TEST_STEP][PASSED] - for ([j = 0, j &lt; symbols.size(), (j++)]): null

2019-08-24 12:10:11 - [TEST_STEP][PASSED] - symbol = symbol: null

2019-08-24 12:10:11 - [TEST_STEP][PASSED] - println(symbol): null

2019-08-24 12:10:11 - [TEST_STEP][PASSED] - if (i == 2 &amp;&amp; wildList.indexOf(symbol) != -1): null

2019-08-24 12:10:11 - [TEST_STEP][PASSED] - if (i == 3 &amp;&amp; wildList.indexOf(symbol) != -1): null

2019-08-24 12:10:11 - [TEST_STEP][PASSED] - if (i == 4 &amp;&amp; wildList.indexOf(symbol) != -1): null

2019-08-24 12:10:11 - [TEST_STEP][PASSED] - symbol = symbol: null

2019-08-24 12:10:11 - [TEST_STEP][PASSED] - println(symbol): null

2019-08-24 12:10:11 - [TEST_STEP][PASSED] - if (i == 2 &amp;&amp; wildList.indexOf(symbol) != -1): null

2019-08-24 12:10:11 - [TEST_STEP][PASSED] - if (i == 3 &amp;&amp; wildList.indexOf(symbol) != -1): null

2019-08-24 12:10:11 - [TEST_STEP][PASSED] - if (i == 4 &amp;&amp; wildList.indexOf(symbol) != -1): null

2019-08-24 12:10:11 - [TEST_STEP][PASSED] - symbol = symbol: null

2019-08-24 12:10:11 - [TEST_STEP][PASSED] - println(symbol): null

2019-08-24 12:10:11 - [TEST_STEP][PASSED] - if (i == 2 &amp;&amp; wildList.indexOf(symbol) != -1): null

2019-08-24 12:10:11 - [TEST_STEP][PASSED] - if (i == 3 &amp;&amp; wildList.indexOf(symbol) != -1): null

2019-08-24 12:10:11 - [TEST_STEP][PASSED] - if (i == 4 &amp;&amp; wildList.indexOf(symbol) != -1): null

2019-08-24 12:10:11 - [TEST_STEP][PASSED] - symbols = symbols: null

2019-08-24 12:10:11 - [TEST_STEP][PASSED] - for ([j = 0, j &lt; symbols.size(), (j++)]): null

2019-08-24 12:10:11 - [TEST_STEP][PASSED] - symbol = symbol: null

2019-08-24 12:10:11 - [TEST_STEP][PASSED] - println(symbol): null

2019-08-24 12:10:11 - [TEST_STEP][PASSED] - if (i == 2 &amp;&amp; wildList.indexOf(symbol) != -1): null

2019-08-24 12:10:11 - [TEST_STEP][PASSED] - if (i == 3 &amp;&amp; wildList.indexOf(symbol) != -1): null

2019-08-24 12:10:11 - [TEST_STEP][PASSED] - if (i == 4 &amp;&amp; wildList.indexOf(symbol) != -1): null

2019-08-24 12:10:11 - [TEST_STEP][PASSED] - symbol = symbol: null

2019-08-24 12:10:11 - [TEST_STEP][PASSED] - println(symbol): null

2019-08-24 12:10:11 - [TEST_STEP][PASSED] - if (i == 2 &amp;&amp; wildList.indexOf(symbol) != -1): null

2019-08-24 12:10:11 - [TEST_STEP][PASSED] - if (i == 3 &amp;&amp; wildList.indexOf(symbol) != -1): null

2019-08-24 12:10:11 - [TEST_STEP][PASSED] - println("wild found on reel 4, adding counter by 1"): null

2019-08-24 12:10:11 - [TEST_STEP][PASSED] - free_spin_reel_counter[1] = free_spin_reel_counter[1] + 1: null

2019-08-24 12:10:11 - [TEST_STEP][PASSED] - if (i == 4 &amp;&amp; wildList.indexOf(symbol) != -1): null

2019-08-24 12:10:11 - [TEST_STEP][PASSED] - symbol = symbol: null

2019-08-24 12:10:11 - [TEST_STEP][PASSED] - println(symbol): null

2019-08-24 12:10:11 - [TEST_STEP][PASSED] - if (i == 2 &amp;&amp; wildList.indexOf(symbol) != -1): null

2019-08-24 12:10:11 - [TEST_STEP][PASSED] - if (i == 3 &amp;&amp; wildList.indexOf(symbol) != -1): null

2019-08-24 12:10:11 - [TEST_STEP][PASSED] - if (i == 4 &amp;&amp; wildList.indexOf(symbol) != -1): null

2019-08-24 12:10:11 - [TEST_STEP][PASSED] - symbols = symbols: null

2019-08-24 12:10:11 - [TEST_STEP][PASSED] - for ([j = 0, j &lt; symbols.size(), (j++)]): null

2019-08-24 12:10:11 - [TEST_STEP][PASSED] - symbol = symbol: null

2019-08-24 12:10:11 - [TEST_STEP][PASSED] - println(symbol): null

2019-08-24 12:10:11 - [TEST_STEP][PASSED] - if (i == 2 &amp;&amp; wildList.indexOf(symbol) != -1): null

2019-08-24 12:10:11 - [TEST_STEP][PASSED] - if (i == 3 &amp;&amp; wildList.indexOf(symbol) != -1): null

2019-08-24 12:10:11 - [TEST_STEP][PASSED] - if (i == 4 &amp;&amp; wildList.indexOf(symbol) != -1): null

2019-08-24 12:10:11 - [TEST_STEP][PASSED] - symbol = symbol: null

2019-08-24 12:10:11 - [TEST_STEP][PASSED] - println(symbol): null

2019-08-24 12:10:11 - [TEST_STEP][PASSED] - if (i == 2 &amp;&amp; wildList.indexOf(symbol) != -1): null

2019-08-24 12:10:11 - [TEST_STEP][PASSED] - if (i == 3 &amp;&amp; wildList.indexOf(symbol) != -1): null

2019-08-24 12:10:11 - [TEST_STEP][PASSED] - if (i == 4 &amp;&amp; wildList.indexOf(symbol) != -1): null

2019-08-24 12:10:11 - [TEST_STEP][PASSED] - symbol = symbol: null

2019-08-24 12:10:11 - [TEST_STEP][PASSED] - println(symbol): null

2019-08-24 12:10:11 - [TEST_STEP][PASSED] - if (i == 2 &amp;&amp; wildList.indexOf(symbol) != -1): null

2019-08-24 12:10:11 - [TEST_STEP][PASSED] - if (i == 3 &amp;&amp; wildList.indexOf(symbol) != -1): null

2019-08-24 12:10:11 - [TEST_STEP][PASSED] - if (i == 4 &amp;&amp; wildList.indexOf(symbol) != -1): null

2019-08-24 12:10:11 - [TEST_STEP][PASSED] - free_spin_reel_counter = free_spin_reel_counter: null

2019-08-24 12:10:11 - [TEST_STEP][PASSED] - println("reel 3 wild found: " + free_spin_reel_counter[0]): null

2019-08-24 12:10:11 - [TEST_STEP][PASSED] - println("reel 4 wild found: " + free_spin_reel_counter[1]): null

2019-08-24 12:10:11 - [TEST_STEP][PASSED] - println("reel 5 wild found: " + free_spin_reel_counter[2]): null

2019-08-24 12:10:11 - [TEST_STEP][PASSED] - M4_spin_reels = M4_spin_reels: null

2019-08-24 12:10:11 - [TEST_STEP][PASSED] - M4_spin_reels_symbols = symbol: null

2019-08-24 12:10:11 - [TEST_STEP][PASSED] - M4_spin_reels_symbols = M4_spin_reels_symbols: null

2019-08-24 12:10:11 - [TEST_STEP][PASSED] - M4_spin_reel_wins = reel_wins: null

2019-08-24 12:10:11 - [TEST_STEP][PASSED] - M4_spin_reel_wins = M4_spin_reel_wins: null

2019-08-24 12:10:11 - [TEST_STEP][PASSED] - println("GlobalVariable.M4_spin_reel_wins is: " + M4_spin_reel_wins): null

2019-08-24 12:10:11 - [TEST_STEP][PASSED] - M4_spin_total_bonus_win_this_round = total_bonus_win_this_round: null

2019-08-24 12:10:11 - [TEST_STEP][PASSED] - M4_spin_total_bonus_win_this_round = M4_spin_total_bonus_win_this_round: null

2019-08-24 12:10:11 - [TEST_STEP][PASSED] - println("GlobalVariable.M4_spin_total_bonus_win_this_round is: " + M4_spin_total_bonus_win_this_round): null

2019-08-24 12:10:11 - [TEST_STEP][PASSED] - M4_spin_bonus_spin_result = spin_result: null

2019-08-24 12:10:11 - [TEST_STEP][PASSED] - M4_spin_bonus_spin_result = M4_spin_bonus_spin_result: null

2019-08-24 12:10:11 - [MESSAGE][PASSED] - Verify response successfully

2019-08-24 12:10:11 - [MESSAGE][PASSED] - Send request and verify the response successfully

2019-08-24 12:10:11 - [TEST_STEP][PASSED] - if (M4_total_bonus_spins_int != 0 &amp;&amp; M4_spin_reels_symbols[2].contains("WILD_ExtraFG") || M4_spin_reels_symbols[3].contains("WILD_ExtraFG")): null

2019-08-24 12:10:11 - [TEST_STEP][PASSED] - free_spin_reel_counter = free_spin_reel_counter: null

2019-08-24 12:10:11 - [TEST_STEP][PASSED] - M4_spin_reels_symbols = M4_spin_reels_symbols: null

2019-08-24 12:10:11 - [TEST_STEP][PASSED] - M4_total_bonus_spins = M4_total_bonus_spins: null

2019-08-24 12:10:11 - [TEST_STEP][PASSED] - spin_result = sendRequestAndVerify(findTestObject("INT/RGS(M4)/1_M4_spin", ["M4_login_user_id":M4_login_user_id, "rgs_session_token":rgs_session_token, "partner":Partner])): Send request and verify the response successfully

2019-08-24 12:10:12 - [MESSAGE][INFO] - HAR: /Users/eiralee/Katalon_Script/SuperWild/Reports/20190824_120919/INT/superWild_3/20190824_120919/requests/main/14.har

2019-08-24 12:10:12 - [TEST_CASE][PASSED] - Start Test Case : Verification: Verification accomplished successfully

2019-08-24 12:10:12 - [TEST_STEP][PASSED] - request = getInstance().getCurrentRequest(): null

2019-08-24 12:10:12 - [TEST_STEP][PASSED] - response = getInstance().getCurrentResponse(): null

2019-08-24 12:10:12 - [TEST_STEP][PASSED] - verifyResponseStatusCode(response, 200): Verify response status code successfully

2019-08-24 12:10:12 - [MESSAGE][PASSED] - Verify response status code successfully

2019-08-24 12:10:12 - [TEST_STEP][PASSED] - getStatusCode()).isEqualTo(200): null

2019-08-24 12:10:12 - [TEST_STEP][PASSED] - newline = System.getProperty("line.separator"): null

2019-08-24 12:10:12 - [TEST_STEP][PASSED] - M4_spin = new groovy.json.JsonSlurper(): null

2019-08-24 12:10:12 - [TEST_STEP][PASSED] - result_M4_spin = M4_spin.parseText(response.getResponseBodyContent()): null

2019-08-24 12:10:12 - [TEST_STEP][PASSED] - M4_spin_current_balance = current_balance: null

2019-08-24 12:10:12 - [TEST_STEP][PASSED] - M4_spin_current_balance = M4_spin_current_balance: null

2019-08-24 12:10:12 - [TEST_STEP][PASSED] - M4_spin_transaction_id = causality: null

2019-08-24 12:10:12 - [TEST_STEP][PASSED] - M4_spin_transaction_id = M4_spin_transaction_id: null

2019-08-24 12:10:12 - [TEST_STEP][PASSED] - M4_spin_round_id = round_id: null

2019-08-24 12:10:12 - [TEST_STEP][PASSED] - M4_spin_round_id = M4_spin_round_id: null

2019-08-24 12:10:12 - [TEST_STEP][PASSED] - M4_spin_line_wins = line_wins: null

2019-08-24 12:10:12 - [TEST_STEP][PASSED] - M4_spin_line_wins = M4_spin_line_wins: null

2019-08-24 12:10:12 - [TEST_STEP][PASSED] - M4_total_bonus_spins_int = total_bonus_spins: null

2019-08-24 12:10:12 - [TEST_STEP][PASSED] - println("******M4_total_bonus_spins type is:*******" + newline + getClass().getName()): null

2019-08-24 12:10:12 - [TEST_STEP][PASSED] - M4_total_bonus_spins_int = M4_total_bonus_spins_int: null

2019-08-24 12:10:12 - [TEST_STEP][PASSED] - M4_total_bonus_spins = Integer.toString(M4_total_bonus_spins_int): null

2019-08-24 12:10:12 - [TEST_STEP][PASSED] - M4_total_bonus_spins = M4_total_bonus_spins: null

2019-08-24 12:10:12 - [TEST_STEP][PASSED] - println("M4_total_bonus_spins is:" + M4_total_bonus_spins): null

2019-08-24 12:10:12 - [TEST_STEP][PASSED] - M4_spin_bonus_data = bonus_data: null

2019-08-24 12:10:12 - [TEST_STEP][PASSED] - M4_spin_features_triggered = result_M4_spin: null

2019-08-24 12:10:12 - [TEST_STEP][PASSED] - wild = []: null

2019-08-24 12:10:12 - [TEST_STEP][PASSED] - wild[0] = "WILD_Expanding": null

2019-08-24 12:10:12 - [TEST_STEP][PASSED] - wild[1] = "WILD_Normal": null

2019-08-24 12:10:12 - [TEST_STEP][PASSED] - wild[2] = "WILD_Double": null

2019-08-24 12:10:12 - [TEST_STEP][PASSED] - wild[3] = "WILD_ExtraFG": null

2019-08-24 12:10:12 - [TEST_STEP][PASSED] - wild[4] = "WILD_Triple": null

2019-08-24 12:10:12 - [TEST_STEP][PASSED] - wildList = Arrays.asList(wild): null

2019-08-24 12:10:12 - [TEST_STEP][PASSED] - wildList = wildList: null

2019-08-24 12:10:12 - [TEST_STEP][PASSED] - free_spin_reel_counter = []: null

2019-08-24 12:10:12 - [TEST_STEP][PASSED] - free_spin_reel_counter[0] = 0: null

2019-08-24 12:10:12 - [TEST_STEP][PASSED] - free_spin_reel_counter[1] = 0: null

2019-08-24 12:10:12 - [TEST_STEP][PASSED] - free_spin_reel_counter[2] = 0: null

2019-08-24 12:10:12 - [TEST_STEP][PASSED] - M4_spin_reels = reels: null

2019-08-24 12:10:12 - [TEST_STEP][PASSED] - for ([i = 0, i &lt; M4_spin_reels.size(), (i++)]): null

2019-08-24 12:10:12 - [TEST_STEP][PASSED] - symbols = symbols: null

2019-08-24 12:10:12 - [TEST_STEP][PASSED] - for ([j = 0, j &lt; symbols.size(), (j++)]): null

2019-08-24 12:10:12 - [TEST_STEP][PASSED] - symbol = symbol: null

2019-08-24 12:10:12 - [TEST_STEP][PASSED] - println(symbol): null

2019-08-24 12:10:12 - [TEST_STEP][PASSED] - if (i == 2 &amp;&amp; wildList.indexOf(symbol) != -1): null

2019-08-24 12:10:12 - [TEST_STEP][PASSED] - if (i == 3 &amp;&amp; wildList.indexOf(symbol) != -1): null

2019-08-24 12:10:12 - [TEST_STEP][PASSED] - if (i == 4 &amp;&amp; wildList.indexOf(symbol) != -1): null

2019-08-24 12:10:17 - [TEST_STEP][PASSED] - symbol = symbol: null

2019-08-24 12:10:17 - [TEST_STEP][PASSED] - println(symbol): null

2019-08-24 12:10:17 - [TEST_STEP][PASSED] - if (i == 2 &amp;&amp; wildList.indexOf(symbol) != -1): null

2019-08-24 12:10:17 - [TEST_STEP][PASSED] - if (i == 3 &amp;&amp; wildList.indexOf(symbol) != -1): null

2019-08-24 12:10:17 - [TEST_STEP][PASSED] - if (i == 4 &amp;&amp; wildList.indexOf(symbol) != -1): null

2019-08-24 12:10:17 - [TEST_STEP][PASSED] - symbol = symbol: null

2019-08-24 12:10:17 - [TEST_STEP][PASSED] - println(symbol): null

2019-08-24 12:10:17 - [TEST_STEP][PASSED] - if (i == 2 &amp;&amp; wildList.indexOf(symbol) != -1): null

2019-08-24 12:10:17 - [TEST_STEP][PASSED] - if (i == 3 &amp;&amp; wildList.indexOf(symbol) != -1): null

2019-08-24 12:10:17 - [TEST_STEP][PASSED] - if (i == 4 &amp;&amp; wildList.indexOf(symbol) != -1): null

2019-08-24 12:10:17 - [TEST_STEP][PASSED] - symbols = symbols: null

2019-08-24 12:10:17 - [TEST_STEP][PASSED] - for ([j = 0, j &lt; symbols.size(), (j++)]): null

2019-08-24 12:10:17 - [TEST_STEP][PASSED] - symbol = symbol: null

2019-08-24 12:10:17 - [TEST_STEP][PASSED] - println(symbol): null

2019-08-24 12:10:17 - [TEST_STEP][PASSED] - if (i == 2 &amp;&amp; wildList.indexOf(symbol) != -1): null

2019-08-24 12:10:17 - [TEST_STEP][PASSED] - if (i == 3 &amp;&amp; wildList.indexOf(symbol) != -1): null

2019-08-24 12:10:17 - [TEST_STEP][PASSED] - if (i == 4 &amp;&amp; wildList.indexOf(symbol) != -1): null

2019-08-24 12:10:17 - [TEST_STEP][PASSED] - symbol = symbol: null

2019-08-24 12:10:17 - [TEST_STEP][PASSED] - println(symbol): null

2019-08-24 12:10:17 - [TEST_STEP][PASSED] - if (i == 2 &amp;&amp; wildList.indexOf(symbol) != -1): null

2019-08-24 12:10:17 - [TEST_STEP][PASSED] - if (i == 3 &amp;&amp; wildList.indexOf(symbol) != -1): null

2019-08-24 12:10:17 - [TEST_STEP][PASSED] - if (i == 4 &amp;&amp; wildList.indexOf(symbol) != -1): null

2019-08-24 12:10:17 - [TEST_STEP][PASSED] - symbol = symbol: null

2019-08-24 12:10:17 - [TEST_STEP][PASSED] - println(symbol): null

2019-08-24 12:10:17 - [TEST_STEP][PASSED] - if (i == 2 &amp;&amp; wildList.indexOf(symbol) != -1): null

2019-08-24 12:10:17 - [TEST_STEP][PASSED] - if (i == 3 &amp;&amp; wildList.indexOf(symbol) != -1): null

2019-08-24 12:10:17 - [TEST_STEP][PASSED] - if (i == 4 &amp;&amp; wildList.indexOf(symbol) != -1): null

2019-08-24 12:10:17 - [TEST_STEP][PASSED] - symbols = symbols: null

2019-08-24 12:10:17 - [TEST_STEP][PASSED] - for ([j = 0, j &lt; symbols.size(), (j++)]): null

2019-08-24 12:10:17 - [TEST_STEP][PASSED] - symbol = symbol: null

2019-08-24 12:10:17 - [TEST_STEP][PASSED] - println(symbol): null

2019-08-24 12:10:17 - [TEST_STEP][PASSED] - if (i == 2 &amp;&amp; wildList.indexOf(symbol) != -1): null

2019-08-24 12:10:17 - [TEST_STEP][PASSED] - if (i == 3 &amp;&amp; wildList.indexOf(symbol) != -1): null

2019-08-24 12:10:17 - [TEST_STEP][PASSED] - if (i == 4 &amp;&amp; wildList.indexOf(symbol) != -1): null

2019-08-24 12:10:17 - [TEST_STEP][PASSED] - symbol = symbol: null

2019-08-24 12:10:17 - [TEST_STEP][PASSED] - println(symbol): null

2019-08-24 12:10:17 - [TEST_STEP][PASSED] - if (i == 2 &amp;&amp; wildList.indexOf(symbol) != -1): null

2019-08-24 12:10:17 - [TEST_STEP][PASSED] - if (i == 3 &amp;&amp; wildList.indexOf(symbol) != -1): null

2019-08-24 12:10:17 - [TEST_STEP][PASSED] - if (i == 4 &amp;&amp; wildList.indexOf(symbol) != -1): null

2019-08-24 12:10:17 - [TEST_STEP][PASSED] - symbol = symbol: null

2019-08-24 12:10:17 - [TEST_STEP][PASSED] - println(symbol): null

2019-08-24 12:10:17 - [TEST_STEP][PASSED] - if (i == 2 &amp;&amp; wildList.indexOf(symbol) != -1): null

2019-08-24 12:10:17 - [TEST_STEP][PASSED] - if (i == 3 &amp;&amp; wildList.indexOf(symbol) != -1): null

2019-08-24 12:10:17 - [TEST_STEP][PASSED] - if (i == 4 &amp;&amp; wildList.indexOf(symbol) != -1): null

2019-08-24 12:10:17 - [TEST_STEP][PASSED] - symbols = symbols: null

2019-08-24 12:10:17 - [TEST_STEP][PASSED] - for ([j = 0, j &lt; symbols.size(), (j++)]): null

2019-08-24 12:10:17 - [TEST_STEP][PASSED] - symbol = symbol: null

2019-08-24 12:10:17 - [TEST_STEP][PASSED] - println(symbol): null

2019-08-24 12:10:17 - [TEST_STEP][PASSED] - if (i == 2 &amp;&amp; wildList.indexOf(symbol) != -1): null

2019-08-24 12:10:17 - [TEST_STEP][PASSED] - if (i == 3 &amp;&amp; wildList.indexOf(symbol) != -1): null

2019-08-24 12:10:17 - [TEST_STEP][PASSED] - if (i == 4 &amp;&amp; wildList.indexOf(symbol) != -1): null

2019-08-24 12:10:17 - [TEST_STEP][PASSED] - symbol = symbol: null

2019-08-24 12:10:17 - [TEST_STEP][PASSED] - println(symbol): null

2019-08-24 12:10:17 - [TEST_STEP][PASSED] - if (i == 2 &amp;&amp; wildList.indexOf(symbol) != -1): null

2019-08-24 12:10:17 - [TEST_STEP][PASSED] - if (i == 3 &amp;&amp; wildList.indexOf(symbol) != -1): null

2019-08-24 12:10:17 - [TEST_STEP][PASSED] - if (i == 4 &amp;&amp; wildList.indexOf(symbol) != -1): null

2019-08-24 12:10:17 - [TEST_STEP][PASSED] - symbol = symbol: null

2019-08-24 12:10:17 - [TEST_STEP][PASSED] - println(symbol): null

2019-08-24 12:10:17 - [TEST_STEP][PASSED] - if (i == 2 &amp;&amp; wildList.indexOf(symbol) != -1): null

2019-08-24 12:10:17 - [TEST_STEP][PASSED] - if (i == 3 &amp;&amp; wildList.indexOf(symbol) != -1): null

2019-08-24 12:10:17 - [TEST_STEP][PASSED] - if (i == 4 &amp;&amp; wildList.indexOf(symbol) != -1): null

2019-08-24 12:10:17 - [TEST_STEP][PASSED] - symbols = symbols: null

2019-08-24 12:10:17 - [TEST_STEP][PASSED] - for ([j = 0, j &lt; symbols.size(), (j++)]): null

2019-08-24 12:10:17 - [TEST_STEP][PASSED] - symbol = symbol: null

2019-08-24 12:10:17 - [TEST_STEP][PASSED] - println(symbol): null

2019-08-24 12:10:17 - [TEST_STEP][PASSED] - if (i == 2 &amp;&amp; wildList.indexOf(symbol) != -1): null

2019-08-24 12:10:17 - [TEST_STEP][PASSED] - if (i == 3 &amp;&amp; wildList.indexOf(symbol) != -1): null

2019-08-24 12:10:17 - [TEST_STEP][PASSED] - if (i == 4 &amp;&amp; wildList.indexOf(symbol) != -1): null

2019-08-24 12:10:17 - [TEST_STEP][PASSED] - symbol = symbol: null

2019-08-24 12:10:17 - [TEST_STEP][PASSED] - println(symbol): null

2019-08-24 12:10:17 - [TEST_STEP][PASSED] - if (i == 2 &amp;&amp; wildList.indexOf(symbol) != -1): null

2019-08-24 12:10:17 - [TEST_STEP][PASSED] - if (i == 3 &amp;&amp; wildList.indexOf(symbol) != -1): null

2019-08-24 12:10:17 - [TEST_STEP][PASSED] - if (i == 4 &amp;&amp; wildList.indexOf(symbol) != -1): null

2019-08-24 12:10:17 - [TEST_STEP][PASSED] - symbol = symbol: null

2019-08-24 12:10:17 - [TEST_STEP][PASSED] - println(symbol): null

2019-08-24 12:10:17 - [TEST_STEP][PASSED] - if (i == 2 &amp;&amp; wildList.indexOf(symbol) != -1): null

2019-08-24 12:10:17 - [TEST_STEP][PASSED] - if (i == 3 &amp;&amp; wildList.indexOf(symbol) != -1): null

2019-08-24 12:10:17 - [TEST_STEP][PASSED] - if (i == 4 &amp;&amp; wildList.indexOf(symbol) != -1): null

2019-08-24 12:10:17 - [TEST_STEP][PASSED] - free_spin_reel_counter = free_spin_reel_counter: null

2019-08-24 12:10:17 - [TEST_STEP][PASSED] - println("reel 3 wild found: " + free_spin_reel_counter[0]): null

2019-08-24 12:10:17 - [TEST_STEP][PASSED] - println("reel 4 wild found: " + free_spin_reel_counter[1]): null

2019-08-24 12:10:17 - [TEST_STEP][PASSED] - println("reel 5 wild found: " + free_spin_reel_counter[2]): null

2019-08-24 12:10:17 - [TEST_STEP][PASSED] - M4_spin_reels = M4_spin_reels: null

2019-08-24 12:10:17 - [TEST_STEP][PASSED] - M4_spin_reels_symbols = symbol: null

2019-08-24 12:10:17 - [TEST_STEP][PASSED] - M4_spin_reels_symbols = M4_spin_reels_symbols: null

2019-08-24 12:10:17 - [TEST_STEP][PASSED] - M4_spin_reel_wins = reel_wins: null

2019-08-24 12:10:17 - [TEST_STEP][PASSED] - M4_spin_reel_wins = M4_spin_reel_wins: null

2019-08-24 12:10:17 - [TEST_STEP][PASSED] - println("GlobalVariable.M4_spin_reel_wins is: " + M4_spin_reel_wins): null

2019-08-24 12:10:17 - [TEST_STEP][PASSED] - M4_spin_total_bonus_win_this_round = total_bonus_win_this_round: null

2019-08-24 12:10:17 - [TEST_STEP][PASSED] - M4_spin_total_bonus_win_this_round = M4_spin_total_bonus_win_this_round: null

2019-08-24 12:10:17 - [TEST_STEP][PASSED] - println("GlobalVariable.M4_spin_total_bonus_win_this_round is: " + M4_spin_total_bonus_win_this_round): null

2019-08-24 12:10:17 - [TEST_STEP][PASSED] - M4_spin_bonus_spin_result = spin_result: null

2019-08-24 12:10:17 - [TEST_STEP][PASSED] - M4_spin_bonus_spin_result = M4_spin_bonus_spin_result: null

2019-08-24 12:10:17 - [MESSAGE][PASSED] - Verify response successfully

2019-08-24 12:10:17 - [MESSAGE][PASSED] - Send request and verify the response successfully

2019-08-24 12:10:17 - [TEST_STEP][PASSED] - if (M4_total_bonus_spins_int != 0 &amp;&amp; M4_spin_reels_symbols[2].contains("WILD_ExtraFG") || M4_spin_reels_symbols[3].contains("WILD_ExtraFG")): null

2019-08-24 12:10:17 - [TEST_STEP][PASSED] - free_spin_reel_counter = free_spin_reel_counter: null

2019-08-24 12:10:17 - [TEST_STEP][PASSED] - M4_spin_reels_symbols = M4_spin_reels_symbols: null

2019-08-24 12:10:17 - [TEST_STEP][PASSED] - M4_total_bonus_spins = M4_total_bonus_spins: null

2019-08-24 12:10:17 - [TEST_STEP][PASSED] - spin_result = sendRequestAndVerify(findTestObject("INT/RGS(M4)/1_M4_spin", ["M4_login_user_id":M4_login_user_id, "rgs_session_token":rgs_session_token, "partner":Partner])): Send request and verify the response successfully

2019-08-24 12:10:17 - [MESSAGE][INFO] - HAR: /Users/eiralee/Katalon_Script/SuperWild/Reports/20190824_120919/INT/superWild_3/20190824_120919/requests/main/15.har

2019-08-24 12:10:17 - [TEST_CASE][PASSED] - Start Test Case : Verification: Verification accomplished successfully

2019-08-24 12:10:17 - [TEST_STEP][PASSED] - request = getInstance().getCurrentRequest(): null

2019-08-24 12:10:18 - [TEST_STEP][PASSED] - response = getInstance().getCurrentResponse(): null

2019-08-24 12:10:18 - [TEST_STEP][PASSED] - verifyResponseStatusCode(response, 200): Verify response status code successfully

2019-08-24 12:10:18 - [MESSAGE][PASSED] - Verify response status code successfully

2019-08-24 12:10:18 - [TEST_STEP][PASSED] - getStatusCode()).isEqualTo(200): null

2019-08-24 12:10:18 - [TEST_STEP][PASSED] - newline = System.getProperty("line.separator"): null

2019-08-24 12:10:18 - [TEST_STEP][PASSED] - M4_spin = new groovy.json.JsonSlurper(): null

2019-08-24 12:10:18 - [TEST_STEP][PASSED] - result_M4_spin = M4_spin.parseText(response.getResponseBodyContent()): null

2019-08-24 12:10:18 - [TEST_STEP][PASSED] - M4_spin_current_balance = current_balance: null

2019-08-24 12:10:18 - [TEST_STEP][PASSED] - M4_spin_current_balance = M4_spin_current_balance: null

2019-08-24 12:10:18 - [TEST_STEP][PASSED] - M4_spin_transaction_id = causality: null

2019-08-24 12:10:18 - [TEST_STEP][PASSED] - M4_spin_transaction_id = M4_spin_transaction_id: null

2019-08-24 12:10:18 - [TEST_STEP][PASSED] - M4_spin_round_id = round_id: null

2019-08-24 12:10:18 - [TEST_STEP][PASSED] - M4_spin_round_id = M4_spin_round_id: null

2019-08-24 12:10:18 - [TEST_STEP][PASSED] - M4_spin_line_wins = line_wins: null

2019-08-24 12:10:18 - [TEST_STEP][PASSED] - M4_spin_line_wins = M4_spin_line_wins: null

2019-08-24 12:10:18 - [TEST_STEP][PASSED] - M4_total_bonus_spins_int = total_bonus_spins: null

2019-08-24 12:10:18 - [TEST_STEP][PASSED] - println("******M4_total_bonus_spins type is:*******" + newline + getClass().getName()): null

2019-08-24 12:10:18 - [TEST_STEP][PASSED] - M4_total_bonus_spins_int = M4_total_bonus_spins_int: null

2019-08-24 12:10:18 - [TEST_STEP][PASSED] - M4_total_bonus_spins = Integer.toString(M4_total_bonus_spins_int): null

2019-08-24 12:10:18 - [TEST_STEP][PASSED] - M4_total_bonus_spins = M4_total_bonus_spins: null

2019-08-24 12:10:18 - [TEST_STEP][PASSED] - println("M4_total_bonus_spins is:" + M4_total_bonus_spins): null

2019-08-24 12:10:18 - [TEST_STEP][PASSED] - M4_spin_bonus_data = bonus_data: null

2019-08-24 12:10:18 - [TEST_STEP][PASSED] - M4_spin_features_triggered = result_M4_spin: null

2019-08-24 12:10:18 - [TEST_STEP][PASSED] - wild = []: null

2019-08-24 12:10:18 - [TEST_STEP][PASSED] - wild[0] = "WILD_Expanding": null

2019-08-24 12:10:18 - [TEST_STEP][PASSED] - wild[1] = "WILD_Normal": null

2019-08-24 12:10:18 - [TEST_STEP][PASSED] - wild[2] = "WILD_Double": null

2019-08-24 12:10:18 - [TEST_STEP][PASSED] - wild[3] = "WILD_ExtraFG": null

2019-08-24 12:10:18 - [TEST_STEP][PASSED] - wild[4] = "WILD_Triple": null

2019-08-24 12:10:18 - [TEST_STEP][PASSED] - wildList = Arrays.asList(wild): null

2019-08-24 12:10:18 - [TEST_STEP][PASSED] - wildList = wildList: null

2019-08-24 12:10:18 - [TEST_STEP][PASSED] - free_spin_reel_counter = []: null

2019-08-24 12:10:18 - [TEST_STEP][PASSED] - free_spin_reel_counter[0] = 0: null

2019-08-24 12:10:18 - [TEST_STEP][PASSED] - free_spin_reel_counter[1] = 0: null

2019-08-24 12:10:18 - [TEST_STEP][PASSED] - free_spin_reel_counter[2] = 0: null

2019-08-24 12:10:18 - [TEST_STEP][PASSED] - M4_spin_reels = reels: null

2019-08-24 12:10:18 - [TEST_STEP][PASSED] - for ([i = 0, i &lt; M4_spin_reels.size(), (i++)]): null

2019-08-24 12:10:18 - [TEST_STEP][PASSED] - symbols = symbols: null

2019-08-24 12:10:18 - [TEST_STEP][PASSED] - for ([j = 0, j &lt; symbols.size(), (j++)]): null

2019-08-24 12:10:18 - [TEST_STEP][PASSED] - symbol = symbol: null

2019-08-24 12:10:18 - [TEST_STEP][PASSED] - println(symbol): null

2019-08-24 12:10:18 - [TEST_STEP][PASSED] - if (i == 2 &amp;&amp; wildList.indexOf(symbol) != -1): null

2019-08-24 12:10:18 - [TEST_STEP][PASSED] - if (i == 3 &amp;&amp; wildList.indexOf(symbol) != -1): null

2019-08-24 12:10:18 - [TEST_STEP][PASSED] - if (i == 4 &amp;&amp; wildList.indexOf(symbol) != -1): null

2019-08-24 12:10:18 - [TEST_STEP][PASSED] - symbol = symbol: null

2019-08-24 12:10:18 - [TEST_STEP][PASSED] - println(symbol): null

2019-08-24 12:10:18 - [TEST_STEP][PASSED] - if (i == 2 &amp;&amp; wildList.indexOf(symbol) != -1): null

2019-08-24 12:10:18 - [TEST_STEP][PASSED] - if (i == 3 &amp;&amp; wildList.indexOf(symbol) != -1): null

2019-08-24 12:10:18 - [TEST_STEP][PASSED] - if (i == 4 &amp;&amp; wildList.indexOf(symbol) != -1): null

2019-08-24 12:10:18 - [TEST_STEP][PASSED] - symbol = symbol: null

2019-08-24 12:10:18 - [TEST_STEP][PASSED] - println(symbol): null

2019-08-24 12:10:18 - [TEST_STEP][PASSED] - if (i == 2 &amp;&amp; wildList.indexOf(symbol) != -1): null

2019-08-24 12:10:18 - [TEST_STEP][PASSED] - if (i == 3 &amp;&amp; wildList.indexOf(symbol) != -1): null

2019-08-24 12:10:18 - [TEST_STEP][PASSED] - if (i == 4 &amp;&amp; wildList.indexOf(symbol) != -1): null

2019-08-24 12:10:18 - [TEST_STEP][PASSED] - symbols = symbols: null

2019-08-24 12:10:18 - [TEST_STEP][PASSED] - for ([j = 0, j &lt; symbols.size(), (j++)]): null

2019-08-24 12:10:18 - [TEST_STEP][PASSED] - symbol = symbol: null

2019-08-24 12:10:18 - [TEST_STEP][PASSED] - println(symbol): null

2019-08-24 12:10:18 - [TEST_STEP][PASSED] - if (i == 2 &amp;&amp; wildList.indexOf(symbol) != -1): null

2019-08-24 12:10:18 - [TEST_STEP][PASSED] - if (i == 3 &amp;&amp; wildList.indexOf(symbol) != -1): null

2019-08-24 12:10:18 - [TEST_STEP][PASSED] - if (i == 4 &amp;&amp; wildList.indexOf(symbol) != -1): null

2019-08-24 12:10:18 - [TEST_STEP][PASSED] - symbol = symbol: null

2019-08-24 12:10:18 - [TEST_STEP][PASSED] - println(symbol): null

2019-08-24 12:10:18 - [TEST_STEP][PASSED] - if (i == 2 &amp;&amp; wildList.indexOf(symbol) != -1): null

2019-08-24 12:10:18 - [TEST_STEP][PASSED] - if (i == 3 &amp;&amp; wildList.indexOf(symbol) != -1): null

2019-08-24 12:10:18 - [TEST_STEP][PASSED] - if (i == 4 &amp;&amp; wildList.indexOf(symbol) != -1): null

2019-08-24 12:10:18 - [TEST_STEP][PASSED] - symbol = symbol: null

2019-08-24 12:10:18 - [TEST_STEP][PASSED] - println(symbol): null

2019-08-24 12:10:18 - [TEST_STEP][PASSED] - if (i == 2 &amp;&amp; wildList.indexOf(symbol) != -1): null

2019-08-24 12:10:18 - [TEST_STEP][PASSED] - if (i == 3 &amp;&amp; wildList.indexOf(symbol) != -1): null

2019-08-24 12:10:18 - [TEST_STEP][PASSED] - if (i == 4 &amp;&amp; wildList.indexOf(symbol) != -1): null

2019-08-24 12:10:18 - [TEST_STEP][PASSED] - symbols = symbols: null

2019-08-24 12:10:18 - [TEST_STEP][PASSED] - for ([j = 0, j &lt; symbols.size(), (j++)]): null

2019-08-24 12:10:18 - [TEST_STEP][PASSED] - symbol = symbol: null

2019-08-24 12:10:18 - [TEST_STEP][PASSED] - println(symbol): null

2019-08-24 12:10:18 - [TEST_STEP][PASSED] - if (i == 2 &amp;&amp; wildList.indexOf(symbol) != -1): null

2019-08-24 12:10:18 - [TEST_STEP][PASSED] - if (i == 3 &amp;&amp; wildList.indexOf(symbol) != -1): null

2019-08-24 12:10:18 - [TEST_STEP][PASSED] - if (i == 4 &amp;&amp; wildList.indexOf(symbol) != -1): null

2019-08-24 12:10:18 - [TEST_STEP][PASSED] - symbol = symbol: null

2019-08-24 12:10:18 - [TEST_STEP][PASSED] - println(symbol): null

2019-08-24 12:10:18 - [TEST_STEP][PASSED] - if (i == 2 &amp;&amp; wildList.indexOf(symbol) != -1): null

2019-08-24 12:10:18 - [TEST_STEP][PASSED] - if (i == 3 &amp;&amp; wildList.indexOf(symbol) != -1): null

2019-08-24 12:10:18 - [TEST_STEP][PASSED] - if (i == 4 &amp;&amp; wildList.indexOf(symbol) != -1): null

2019-08-24 12:10:18 - [TEST_STEP][PASSED] - symbol = symbol: null

2019-08-24 12:10:18 - [TEST_STEP][PASSED] - println(symbol): null

2019-08-24 12:10:18 - [TEST_STEP][PASSED] - if (i == 2 &amp;&amp; wildList.indexOf(symbol) != -1): null

2019-08-24 12:10:18 - [TEST_STEP][PASSED] - if (i == 3 &amp;&amp; wildList.indexOf(symbol) != -1): null

2019-08-24 12:10:18 - [TEST_STEP][PASSED] - if (i == 4 &amp;&amp; wildList.indexOf(symbol) != -1): null

2019-08-24 12:10:18 - [TEST_STEP][PASSED] - symbols = symbols: null

2019-08-24 12:10:18 - [TEST_STEP][PASSED] - for ([j = 0, j &lt; symbols.size(), (j++)]): null

2019-08-24 12:10:18 - [TEST_STEP][PASSED] - symbol = symbol: null

2019-08-24 12:10:18 - [TEST_STEP][PASSED] - println(symbol): null

2019-08-24 12:10:18 - [TEST_STEP][PASSED] - if (i == 2 &amp;&amp; wildList.indexOf(symbol) != -1): null

2019-08-24 12:10:18 - [TEST_STEP][PASSED] - if (i == 3 &amp;&amp; wildList.indexOf(symbol) != -1): null

2019-08-24 12:10:18 - [TEST_STEP][PASSED] - if (i == 4 &amp;&amp; wildList.indexOf(symbol) != -1): null

2019-08-24 12:10:18 - [TEST_STEP][PASSED] - symbol = symbol: null

2019-08-24 12:10:18 - [TEST_STEP][PASSED] - println(symbol): null

2019-08-24 12:10:18 - [TEST_STEP][PASSED] - if (i == 2 &amp;&amp; wildList.indexOf(symbol) != -1): null

2019-08-24 12:10:18 - [TEST_STEP][PASSED] - if (i == 3 &amp;&amp; wildList.indexOf(symbol) != -1): null

2019-08-24 12:10:18 - [TEST_STEP][PASSED] - if (i == 4 &amp;&amp; wildList.indexOf(symbol) != -1): null

2019-08-24 12:10:18 - [TEST_STEP][PASSED] - symbol = symbol: null

2019-08-24 12:10:18 - [TEST_STEP][PASSED] - println(symbol): null

2019-08-24 12:10:18 - [TEST_STEP][PASSED] - if (i == 2 &amp;&amp; wildList.indexOf(symbol) != -1): null

2019-08-24 12:10:18 - [TEST_STEP][PASSED] - if (i == 3 &amp;&amp; wildList.indexOf(symbol) != -1): null

2019-08-24 12:10:18 - [TEST_STEP][PASSED] - if (i == 4 &amp;&amp; wildList.indexOf(symbol) != -1): null

2019-08-24 12:10:18 - [TEST_STEP][PASSED] - symbols = symbols: null

2019-08-24 12:10:18 - [TEST_STEP][PASSED] - for ([j = 0, j &lt; symbols.size(), (j++)]): null

2019-08-24 12:10:18 - [TEST_STEP][PASSED] - symbol = symbol: null

2019-08-24 12:10:18 - [TEST_STEP][PASSED] - println(symbol): null

2019-08-24 12:10:18 - [TEST_STEP][PASSED] - if (i == 2 &amp;&amp; wildList.indexOf(symbol) != -1): null

2019-08-24 12:10:18 - [TEST_STEP][PASSED] - if (i == 3 &amp;&amp; wildList.indexOf(symbol) != -1): null

2019-08-24 12:10:18 - [TEST_STEP][PASSED] - if (i == 4 &amp;&amp; wildList.indexOf(symbol) != -1): null

2019-08-24 12:10:18 - [TEST_STEP][PASSED] - symbol = symbol: null

2019-08-24 12:10:18 - [TEST_STEP][PASSED] - println(symbol): null

2019-08-24 12:10:18 - [TEST_STEP][PASSED] - if (i == 2 &amp;&amp; wildList.indexOf(symbol) != -1): null

2019-08-24 12:10:18 - [TEST_STEP][PASSED] - if (i == 3 &amp;&amp; wildList.indexOf(symbol) != -1): null

2019-08-24 12:10:18 - [TEST_STEP][PASSED] - if (i == 4 &amp;&amp; wildList.indexOf(symbol) != -1): null

2019-08-24 12:10:18 - [TEST_STEP][PASSED] - symbol = symbol: null

2019-08-24 12:10:18 - [TEST_STEP][PASSED] - println(symbol): null

2019-08-24 12:10:18 - [TEST_STEP][PASSED] - if (i == 2 &amp;&amp; wildList.indexOf(symbol) != -1): null

2019-08-24 12:10:18 - [TEST_STEP][PASSED] - if (i == 3 &amp;&amp; wildList.indexOf(symbol) != -1): null

2019-08-24 12:10:18 - [TEST_STEP][PASSED] - if (i == 4 &amp;&amp; wildList.indexOf(symbol) != -1): null

2019-08-24 12:10:18 - [TEST_STEP][PASSED] - free_spin_reel_counter = free_spin_reel_counter: null

2019-08-24 12:10:18 - [TEST_STEP][PASSED] - println("reel 3 wild found: " + free_spin_reel_counter[0]): null

2019-08-24 12:10:18 - [TEST_STEP][PASSED] - println("reel 4 wild found: " + free_spin_reel_counter[1]): null

2019-08-24 12:10:18 - [TEST_STEP][PASSED] - println("reel 5 wild found: " + free_spin_reel_counter[2]): null

2019-08-24 12:10:18 - [TEST_STEP][PASSED] - M4_spin_reels = M4_spin_reels: null

2019-08-24 12:10:18 - [TEST_STEP][PASSED] - M4_spin_reels_symbols = symbol: null

2019-08-24 12:10:18 - [TEST_STEP][PASSED] - M4_spin_reels_symbols = M4_spin_reels_symbols: null

2019-08-24 12:10:18 - [TEST_STEP][PASSED] - M4_spin_reel_wins = reel_wins: null

2019-08-24 12:10:18 - [TEST_STEP][PASSED] - M4_spin_reel_wins = M4_spin_reel_wins: null

2019-08-24 12:10:18 - [TEST_STEP][PASSED] - println("GlobalVariable.M4_spin_reel_wins is: " + M4_spin_reel_wins): null

2019-08-24 12:10:18 - [TEST_STEP][PASSED] - M4_spin_total_bonus_win_this_round = total_bonus_win_this_round: null

2019-08-24 12:10:18 - [TEST_STEP][PASSED] - M4_spin_total_bonus_win_this_round = M4_spin_total_bonus_win_this_round: null

2019-08-24 12:10:18 - [TEST_STEP][PASSED] - println("GlobalVariable.M4_spin_total_bonus_win_this_round is: " + M4_spin_total_bonus_win_this_round): null

2019-08-24 12:10:18 - [TEST_STEP][PASSED] - M4_spin_bonus_spin_result = spin_result: null

2019-08-24 12:10:18 - [TEST_STEP][PASSED] - M4_spin_bonus_spin_result = M4_spin_bonus_spin_result: null

2019-08-24 12:10:18 - [MESSAGE][PASSED] - Verify response successfully

2019-08-24 12:10:18 - [MESSAGE][PASSED] - Send request and verify the response successfully

2019-08-24 12:10:18 - [TEST_STEP][PASSED] - if (M4_total_bonus_spins_int != 0 &amp;&amp; M4_spin_reels_symbols[2].contains("WILD_ExtraFG") || M4_spin_reels_symbols[3].contains("WILD_ExtraFG")): null

2019-08-24 12:10:18 - [TEST_STEP][PASSED] - free_spin_reel_counter = free_spin_reel_counter: null

2019-08-24 12:10:18 - [TEST_STEP][PASSED] - M4_spin_reels_symbols = M4_spin_reels_symbols: null

2019-08-24 12:10:18 - [TEST_STEP][PASSED] - M4_total_bonus_spins = M4_total_bonus_spins: null

2019-08-24 12:10:18 - [TEST_STEP][PASSED] - spin_result = sendRequestAndVerify(findTestObject("INT/RGS(M4)/1_M4_spin", ["M4_login_user_id":M4_login_user_id, "rgs_session_token":rgs_session_token, "partner":Partner])): Send request and verify the response successfully

2019-08-24 12:10:18 - [MESSAGE][INFO] - HAR: /Users/eiralee/Katalon_Script/SuperWild/Reports/20190824_120919/INT/superWild_3/20190824_120919/requests/main/16.har

2019-08-24 12:10:18 - [TEST_CASE][PASSED] - Start Test Case : Verification: Verification accomplished successfully

2019-08-24 12:10:18 - [TEST_STEP][PASSED] - request = getInstance().getCurrentRequest(): null

2019-08-24 12:10:18 - [TEST_STEP][PASSED] - response = getInstance().getCurrentResponse(): null

2019-08-24 12:10:18 - [TEST_STEP][PASSED] - verifyResponseStatusCode(response, 200): Verify response status code successfully

2019-08-24 12:10:18 - [MESSAGE][PASSED] - Verify response status code successfully

2019-08-24 12:10:18 - [TEST_STEP][PASSED] - getStatusCode()).isEqualTo(200): null

2019-08-24 12:10:18 - [TEST_STEP][PASSED] - newline = System.getProperty("line.separator"): null

2019-08-24 12:10:18 - [TEST_STEP][PASSED] - M4_spin = new groovy.json.JsonSlurper(): null

2019-08-24 12:10:18 - [TEST_STEP][PASSED] - result_M4_spin = M4_spin.parseText(response.getResponseBodyContent()): null

2019-08-24 12:10:18 - [TEST_STEP][PASSED] - M4_spin_current_balance = current_balance: null

2019-08-24 12:10:18 - [TEST_STEP][PASSED] - M4_spin_current_balance = M4_spin_current_balance: null

2019-08-24 12:10:18 - [TEST_STEP][PASSED] - M4_spin_transaction_id = causality: null

2019-08-24 12:10:18 - [TEST_STEP][PASSED] - M4_spin_transaction_id = M4_spin_transaction_id: null

2019-08-24 12:10:18 - [TEST_STEP][PASSED] - M4_spin_round_id = round_id: null

2019-08-24 12:10:18 - [TEST_STEP][PASSED] - M4_spin_round_id = M4_spin_round_id: null

2019-08-24 12:10:18 - [TEST_STEP][PASSED] - M4_spin_line_wins = line_wins: null

2019-08-24 12:10:18 - [TEST_STEP][PASSED] - M4_spin_line_wins = M4_spin_line_wins: null

2019-08-24 12:10:18 - [TEST_STEP][PASSED] - M4_total_bonus_spins_int = total_bonus_spins: null

2019-08-24 12:10:18 - [TEST_STEP][PASSED] - println("******M4_total_bonus_spins type is:*******" + newline + getClass().getName()): null

2019-08-24 12:10:18 - [TEST_STEP][PASSED] - M4_total_bonus_spins_int = M4_total_bonus_spins_int: null

2019-08-24 12:10:18 - [TEST_STEP][PASSED] - M4_total_bonus_spins = Integer.toString(M4_total_bonus_spins_int): null

2019-08-24 12:10:18 - [TEST_STEP][PASSED] - M4_total_bonus_spins = M4_total_bonus_spins: null

2019-08-24 12:10:18 - [TEST_STEP][PASSED] - println("M4_total_bonus_spins is:" + M4_total_bonus_spins): null

2019-08-24 12:10:18 - [TEST_STEP][PASSED] - M4_spin_bonus_data = bonus_data: null

2019-08-24 12:10:18 - [TEST_STEP][PASSED] - M4_spin_features_triggered = result_M4_spin: null

2019-08-24 12:10:18 - [TEST_STEP][PASSED] - wild = []: null

2019-08-24 12:10:18 - [TEST_STEP][PASSED] - wild[0] = "WILD_Expanding": null

2019-08-24 12:10:18 - [TEST_STEP][PASSED] - wild[1] = "WILD_Normal": null

2019-08-24 12:10:18 - [TEST_STEP][PASSED] - wild[2] = "WILD_Double": null

2019-08-24 12:10:18 - [TEST_STEP][PASSED] - wild[3] = "WILD_ExtraFG": null

2019-08-24 12:10:18 - [TEST_STEP][PASSED] - wild[4] = "WILD_Triple": null

2019-08-24 12:10:18 - [TEST_STEP][PASSED] - wildList = Arrays.asList(wild): null

2019-08-24 12:10:18 - [TEST_STEP][PASSED] - wildList = wildList: null

2019-08-24 12:10:18 - [TEST_STEP][PASSED] - free_spin_reel_counter = []: null

2019-08-24 12:10:18 - [TEST_STEP][PASSED] - free_spin_reel_counter[0] = 0: null

2019-08-24 12:10:18 - [TEST_STEP][PASSED] - free_spin_reel_counter[1] = 0: null

2019-08-24 12:10:18 - [TEST_STEP][PASSED] - free_spin_reel_counter[2] = 0: null

2019-08-24 12:10:18 - [TEST_STEP][PASSED] - M4_spin_reels = reels: null

2019-08-24 12:10:18 - [TEST_STEP][PASSED] - for ([i = 0, i &lt; M4_spin_reels.size(), (i++)]): null

2019-08-24 12:10:18 - [TEST_STEP][PASSED] - symbols = symbols: null

2019-08-24 12:10:18 - [TEST_STEP][PASSED] - for ([j = 0, j &lt; symbols.size(), (j++)]): null

2019-08-24 12:10:18 - [TEST_STEP][PASSED] - symbol = symbol: null

2019-08-24 12:10:18 - [TEST_STEP][PASSED] - println(symbol): null

2019-08-24 12:10:18 - [TEST_STEP][PASSED] - if (i == 2 &amp;&amp; wildList.indexOf(symbol) != -1): null

2019-08-24 12:10:18 - [TEST_STEP][PASSED] - if (i == 3 &amp;&amp; wildList.indexOf(symbol) != -1): null

2019-08-24 12:10:18 - [TEST_STEP][PASSED] - if (i == 4 &amp;&amp; wildList.indexOf(symbol) != -1): null

2019-08-24 12:10:18 - [TEST_STEP][PASSED] - symbol = symbol: null

2019-08-24 12:10:18 - [TEST_STEP][PASSED] - println(symbol): null

2019-08-24 12:10:18 - [TEST_STEP][PASSED] - if (i == 2 &amp;&amp; wildList.indexOf(symbol) != -1): null

2019-08-24 12:10:18 - [TEST_STEP][PASSED] - if (i == 3 &amp;&amp; wildList.indexOf(symbol) != -1): null

2019-08-24 12:10:18 - [TEST_STEP][PASSED] - if (i == 4 &amp;&amp; wildList.indexOf(symbol) != -1): null

2019-08-24 12:10:18 - [TEST_STEP][PASSED] - symbol = symbol: null

2019-08-24 12:10:18 - [TEST_STEP][PASSED] - println(symbol): null

2019-08-24 12:10:18 - [TEST_STEP][PASSED] - if (i == 2 &amp;&amp; wildList.indexOf(symbol) != -1): null

2019-08-24 12:10:18 - [TEST_STEP][PASSED] - if (i == 3 &amp;&amp; wildList.indexOf(symbol) != -1): null

2019-08-24 12:10:18 - [TEST_STEP][PASSED] - if (i == 4 &amp;&amp; wildList.indexOf(symbol) != -1): null

2019-08-24 12:10:18 - [TEST_STEP][PASSED] - symbols = symbols: null

2019-08-24 12:10:18 - [TEST_STEP][PASSED] - for ([j = 0, j &lt; symbols.size(), (j++)]): null

2019-08-24 12:10:18 - [TEST_STEP][PASSED] - symbol = symbol: null

2019-08-24 12:10:18 - [TEST_STEP][PASSED] - println(symbol): null

2019-08-24 12:10:18 - [TEST_STEP][PASSED] - if (i == 2 &amp;&amp; wildList.indexOf(symbol) != -1): null

2019-08-24 12:10:18 - [TEST_STEP][PASSED] - if (i == 3 &amp;&amp; wildList.indexOf(symbol) != -1): null

2019-08-24 12:10:18 - [TEST_STEP][PASSED] - if (i == 4 &amp;&amp; wildList.indexOf(symbol) != -1): null

2019-08-24 12:10:18 - [TEST_STEP][PASSED] - symbol = symbol: null

2019-08-24 12:10:18 - [TEST_STEP][PASSED] - println(symbol): null

2019-08-24 12:10:18 - [TEST_STEP][PASSED] - if (i == 2 &amp;&amp; wildList.indexOf(symbol) != -1): null

2019-08-24 12:10:18 - [TEST_STEP][PASSED] - if (i == 3 &amp;&amp; wildList.indexOf(symbol) != -1): null

2019-08-24 12:10:18 - [TEST_STEP][PASSED] - if (i == 4 &amp;&amp; wildList.indexOf(symbol) != -1): null

2019-08-24 12:10:18 - [TEST_STEP][PASSED] - symbol = symbol: null

2019-08-24 12:10:18 - [TEST_STEP][PASSED] - println(symbol): null

2019-08-24 12:10:18 - [TEST_STEP][PASSED] - if (i == 2 &amp;&amp; wildList.indexOf(symbol) != -1): null

2019-08-24 12:10:18 - [TEST_STEP][PASSED] - if (i == 3 &amp;&amp; wildList.indexOf(symbol) != -1): null

2019-08-24 12:10:18 - [TEST_STEP][PASSED] - if (i == 4 &amp;&amp; wildList.indexOf(symbol) != -1): null

2019-08-24 12:10:18 - [TEST_STEP][PASSED] - symbols = symbols: null

2019-08-24 12:10:18 - [TEST_STEP][PASSED] - for ([j = 0, j &lt; symbols.size(), (j++)]): null

2019-08-24 12:10:18 - [TEST_STEP][PASSED] - symbol = symbol: null

2019-08-24 12:10:18 - [TEST_STEP][PASSED] - println(symbol): null

2019-08-24 12:10:18 - [TEST_STEP][PASSED] - if (i == 2 &amp;&amp; wildList.indexOf(symbol) != -1): null

2019-08-24 12:10:18 - [TEST_STEP][PASSED] - if (i == 3 &amp;&amp; wildList.indexOf(symbol) != -1): null

2019-08-24 12:10:18 - [TEST_STEP][PASSED] - if (i == 4 &amp;&amp; wildList.indexOf(symbol) != -1): null

2019-08-24 12:10:18 - [TEST_STEP][PASSED] - symbol = symbol: null

2019-08-24 12:10:18 - [TEST_STEP][PASSED] - println(symbol): null

2019-08-24 12:10:18 - [TEST_STEP][PASSED] - if (i == 2 &amp;&amp; wildList.indexOf(symbol) != -1): null

2019-08-24 12:10:18 - [TEST_STEP][PASSED] - if (i == 3 &amp;&amp; wildList.indexOf(symbol) != -1): null

2019-08-24 12:10:18 - [TEST_STEP][PASSED] - if (i == 4 &amp;&amp; wildList.indexOf(symbol) != -1): null

2019-08-24 12:10:18 - [TEST_STEP][PASSED] - symbol = symbol: null

2019-08-24 12:10:18 - [TEST_STEP][PASSED] - println(symbol): null

2019-08-24 12:10:18 - [TEST_STEP][PASSED] - if (i == 2 &amp;&amp; wildList.indexOf(symbol) != -1): null

2019-08-24 12:10:18 - [TEST_STEP][PASSED] - if (i == 3 &amp;&amp; wildList.indexOf(symbol) != -1): null

2019-08-24 12:10:18 - [TEST_STEP][PASSED] - if (i == 4 &amp;&amp; wildList.indexOf(symbol) != -1): null

2019-08-24 12:10:18 - [TEST_STEP][PASSED] - symbols = symbols: null

2019-08-24 12:10:18 - [TEST_STEP][PASSED] - for ([j = 0, j &lt; symbols.size(), (j++)]): null

2019-08-24 12:10:18 - [TEST_STEP][PASSED] - symbol = symbol: null

2019-08-24 12:10:18 - [TEST_STEP][PASSED] - println(symbol): null

2019-08-24 12:10:18 - [TEST_STEP][PASSED] - if (i == 2 &amp;&amp; wildList.indexOf(symbol) != -1): null

2019-08-24 12:10:18 - [TEST_STEP][PASSED] - if (i == 3 &amp;&amp; wildList.indexOf(symbol) != -1): null

2019-08-24 12:10:18 - [TEST_STEP][PASSED] - if (i == 4 &amp;&amp; wildList.indexOf(symbol) != -1): null

2019-08-24 12:10:18 - [TEST_STEP][PASSED] - symbol = symbol: null

2019-08-24 12:10:18 - [TEST_STEP][PASSED] - println(symbol): null

2019-08-24 12:10:18 - [TEST_STEP][PASSED] - if (i == 2 &amp;&amp; wildList.indexOf(symbol) != -1): null

2019-08-24 12:10:18 - [TEST_STEP][PASSED] - if (i == 3 &amp;&amp; wildList.indexOf(symbol) != -1): null

2019-08-24 12:10:18 - [TEST_STEP][PASSED] - if (i == 4 &amp;&amp; wildList.indexOf(symbol) != -1): null

2019-08-24 12:10:18 - [TEST_STEP][PASSED] - symbol = symbol: null

2019-08-24 12:10:18 - [TEST_STEP][PASSED] - println(symbol): null

2019-08-24 12:10:18 - [TEST_STEP][PASSED] - if (i == 2 &amp;&amp; wildList.indexOf(symbol) != -1): null

2019-08-24 12:10:18 - [TEST_STEP][PASSED] - if (i == 3 &amp;&amp; wildList.indexOf(symbol) != -1): null

2019-08-24 12:10:18 - [TEST_STEP][PASSED] - if (i == 4 &amp;&amp; wildList.indexOf(symbol) != -1): null

2019-08-24 12:10:18 - [TEST_STEP][PASSED] - symbols = symbols: null

2019-08-24 12:10:18 - [TEST_STEP][PASSED] - for ([j = 0, j &lt; symbols.size(), (j++)]): null

2019-08-24 12:10:18 - [TEST_STEP][PASSED] - symbol = symbol: null

2019-08-24 12:10:18 - [TEST_STEP][PASSED] - println(symbol): null

2019-08-24 12:10:18 - [TEST_STEP][PASSED] - if (i == 2 &amp;&amp; wildList.indexOf(symbol) != -1): null

2019-08-24 12:10:18 - [TEST_STEP][PASSED] - if (i == 3 &amp;&amp; wildList.indexOf(symbol) != -1): null

2019-08-24 12:10:18 - [TEST_STEP][PASSED] - if (i == 4 &amp;&amp; wildList.indexOf(symbol) != -1): null

2019-08-24 12:10:18 - [TEST_STEP][PASSED] - symbol = symbol: null

2019-08-24 12:10:18 - [TEST_STEP][PASSED] - println(symbol): null

2019-08-24 12:10:18 - [TEST_STEP][PASSED] - if (i == 2 &amp;&amp; wildList.indexOf(symbol) != -1): null

2019-08-24 12:10:18 - [TEST_STEP][PASSED] - if (i == 3 &amp;&amp; wildList.indexOf(symbol) != -1): null

2019-08-24 12:10:18 - [TEST_STEP][PASSED] - if (i == 4 &amp;&amp; wildList.indexOf(symbol) != -1): null

2019-08-24 12:10:18 - [TEST_STEP][PASSED] - symbol = symbol: null

2019-08-24 12:10:18 - [TEST_STEP][PASSED] - println(symbol): null

2019-08-24 12:10:18 - [TEST_STEP][PASSED] - if (i == 2 &amp;&amp; wildList.indexOf(symbol) != -1): null

2019-08-24 12:10:18 - [TEST_STEP][PASSED] - if (i == 3 &amp;&amp; wildList.indexOf(symbol) != -1): null

2019-08-24 12:10:18 - [TEST_STEP][PASSED] - if (i == 4 &amp;&amp; wildList.indexOf(symbol) != -1): null

2019-08-24 12:10:18 - [TEST_STEP][PASSED] - free_spin_reel_counter = free_spin_reel_counter: null

2019-08-24 12:10:18 - [TEST_STEP][PASSED] - println("reel 3 wild found: " + free_spin_reel_counter[0]): null

2019-08-24 12:10:25 - [TEST_STEP][PASSED] - println("reel 4 wild found: " + free_spin_reel_counter[1]): null

2019-08-24 12:10:25 - [TEST_STEP][PASSED] - println("reel 5 wild found: " + free_spin_reel_counter[2]): null

2019-08-24 12:10:25 - [TEST_STEP][PASSED] - M4_spin_reels = M4_spin_reels: null

2019-08-24 12:10:25 - [TEST_STEP][PASSED] - M4_spin_reels_symbols = symbol: null

2019-08-24 12:10:25 - [TEST_STEP][PASSED] - M4_spin_reels_symbols = M4_spin_reels_symbols: null

2019-08-24 12:10:25 - [TEST_STEP][PASSED] - M4_spin_reel_wins = reel_wins: null

2019-08-24 12:10:25 - [TEST_STEP][PASSED] - M4_spin_reel_wins = M4_spin_reel_wins: null

2019-08-24 12:10:25 - [TEST_STEP][PASSED] - println("GlobalVariable.M4_spin_reel_wins is: " + M4_spin_reel_wins): null

2019-08-24 12:10:25 - [TEST_STEP][PASSED] - M4_spin_total_bonus_win_this_round = total_bonus_win_this_round: null

2019-08-24 12:10:25 - [TEST_STEP][PASSED] - M4_spin_total_bonus_win_this_round = M4_spin_total_bonus_win_this_round: null

2019-08-24 12:10:25 - [TEST_STEP][PASSED] - println("GlobalVariable.M4_spin_total_bonus_win_this_round is: " + M4_spin_total_bonus_win_this_round): null

2019-08-24 12:10:25 - [TEST_STEP][PASSED] - M4_spin_bonus_spin_result = spin_result: null

2019-08-24 12:10:25 - [TEST_STEP][PASSED] - M4_spin_bonus_spin_result = M4_spin_bonus_spin_result: null

2019-08-24 12:10:25 - [MESSAGE][PASSED] - Verify response successfully

2019-08-24 12:10:25 - [MESSAGE][PASSED] - Send request and verify the response successfully

2019-08-24 12:10:25 - [TEST_STEP][PASSED] - if (M4_total_bonus_spins_int != 0 &amp;&amp; M4_spin_reels_symbols[2].contains("WILD_ExtraFG") || M4_spin_reels_symbols[3].contains("WILD_ExtraFG")): null

2019-08-24 12:10:25 - [TEST_STEP][PASSED] - free_spin_reel_counter = free_spin_reel_counter: null

2019-08-24 12:10:25 - [TEST_STEP][PASSED] - M4_spin_reels_symbols = M4_spin_reels_symbols: null

2019-08-24 12:10:25 - [TEST_STEP][PASSED] - M4_total_bonus_spins = M4_total_bonus_spins: null

2019-08-24 12:10:25 - [TEST_STEP][PASSED] - spin_result = sendRequestAndVerify(findTestObject("INT/RGS(M4)/1_M4_spin", ["M4_login_user_id":M4_login_user_id, "rgs_session_token":rgs_session_token, "partner":Partner])): Send request and verify the response successfully

2019-08-24 12:10:25 - [MESSAGE][INFO] - HAR: /Users/eiralee/Katalon_Script/SuperWild/Reports/20190824_120919/INT/superWild_3/20190824_120919/requests/main/17.har

2019-08-24 12:10:25 - [TEST_CASE][PASSED] - Start Test Case : Verification: Verification accomplished successfully

2019-08-24 12:10:26 - [TEST_STEP][PASSED] - request = getInstance().getCurrentRequest(): null

2019-08-24 12:10:26 - [TEST_STEP][PASSED] - response = getInstance().getCurrentResponse(): null

2019-08-24 12:10:26 - [TEST_STEP][PASSED] - verifyResponseStatusCode(response, 200): Verify response status code successfully

2019-08-24 12:10:26 - [MESSAGE][PASSED] - Verify response status code successfully

2019-08-24 12:10:26 - [TEST_STEP][PASSED] - getStatusCode()).isEqualTo(200): null

2019-08-24 12:10:26 - [TEST_STEP][PASSED] - newline = System.getProperty("line.separator"): null

2019-08-24 12:10:26 - [TEST_STEP][PASSED] - M4_spin = new groovy.json.JsonSlurper(): null

2019-08-24 12:10:26 - [TEST_STEP][PASSED] - result_M4_spin = M4_spin.parseText(response.getResponseBodyContent()): null

2019-08-24 12:10:26 - [TEST_STEP][PASSED] - M4_spin_current_balance = current_balance: null

2019-08-24 12:10:26 - [TEST_STEP][PASSED] - M4_spin_current_balance = M4_spin_current_balance: null

2019-08-24 12:10:26 - [TEST_STEP][PASSED] - M4_spin_transaction_id = causality: null

2019-08-24 12:10:26 - [TEST_STEP][PASSED] - M4_spin_transaction_id = M4_spin_transaction_id: null

2019-08-24 12:10:26 - [TEST_STEP][PASSED] - M4_spin_round_id = round_id: null

2019-08-24 12:10:26 - [TEST_STEP][PASSED] - M4_spin_round_id = M4_spin_round_id: null

2019-08-24 12:10:26 - [TEST_STEP][PASSED] - M4_spin_line_wins = line_wins: null

2019-08-24 12:10:26 - [TEST_STEP][PASSED] - M4_spin_line_wins = M4_spin_line_wins: null

2019-08-24 12:10:26 - [TEST_STEP][PASSED] - M4_total_bonus_spins_int = total_bonus_spins: null

2019-08-24 12:10:26 - [TEST_STEP][PASSED] - println("******M4_total_bonus_spins type is:*******" + newline + getClass().getName()): null

2019-08-24 12:10:26 - [TEST_STEP][PASSED] - M4_total_bonus_spins_int = M4_total_bonus_spins_int: null

2019-08-24 12:10:26 - [TEST_STEP][PASSED] - M4_total_bonus_spins = Integer.toString(M4_total_bonus_spins_int): null

2019-08-24 12:10:26 - [TEST_STEP][PASSED] - M4_total_bonus_spins = M4_total_bonus_spins: null

2019-08-24 12:10:26 - [TEST_STEP][PASSED] - println("M4_total_bonus_spins is:" + M4_total_bonus_spins): null

2019-08-24 12:10:26 - [TEST_STEP][PASSED] - M4_spin_bonus_data = bonus_data: null

2019-08-24 12:10:26 - [TEST_STEP][PASSED] - M4_spin_features_triggered = result_M4_spin: null

2019-08-24 12:10:26 - [TEST_STEP][PASSED] - wild = []: null

2019-08-24 12:10:26 - [TEST_STEP][PASSED] - wild[0] = "WILD_Expanding": null

2019-08-24 12:10:26 - [TEST_STEP][PASSED] - wild[1] = "WILD_Normal": null

2019-08-24 12:10:26 - [TEST_STEP][PASSED] - wild[2] = "WILD_Double": null

2019-08-24 12:10:26 - [TEST_STEP][PASSED] - wild[3] = "WILD_ExtraFG": null

2019-08-24 12:10:26 - [TEST_STEP][PASSED] - wild[4] = "WILD_Triple": null

2019-08-24 12:10:26 - [TEST_STEP][PASSED] - wildList = Arrays.asList(wild): null

2019-08-24 12:10:26 - [TEST_STEP][PASSED] - wildList = wildList: null

2019-08-24 12:10:26 - [TEST_STEP][PASSED] - free_spin_reel_counter = []: null

2019-08-24 12:10:26 - [TEST_STEP][PASSED] - free_spin_reel_counter[0] = 0: null

2019-08-24 12:10:26 - [TEST_STEP][PASSED] - free_spin_reel_counter[1] = 0: null

2019-08-24 12:10:26 - [TEST_STEP][PASSED] - free_spin_reel_counter[2] = 0: null

2019-08-24 12:10:26 - [TEST_STEP][PASSED] - M4_spin_reels = reels: null

2019-08-24 12:10:26 - [TEST_STEP][PASSED] - for ([i = 0, i &lt; M4_spin_reels.size(), (i++)]): null

2019-08-24 12:10:26 - [TEST_STEP][PASSED] - symbols = symbols: null

2019-08-24 12:10:26 - [TEST_STEP][PASSED] - for ([j = 0, j &lt; symbols.size(), (j++)]): null

2019-08-24 12:10:26 - [TEST_STEP][PASSED] - symbol = symbol: null

2019-08-24 12:10:26 - [TEST_STEP][PASSED] - println(symbol): null

2019-08-24 12:10:26 - [TEST_STEP][PASSED] - if (i == 2 &amp;&amp; wildList.indexOf(symbol) != -1): null

2019-08-24 12:10:26 - [TEST_STEP][PASSED] - if (i == 3 &amp;&amp; wildList.indexOf(symbol) != -1): null

2019-08-24 12:10:26 - [TEST_STEP][PASSED] - if (i == 4 &amp;&amp; wildList.indexOf(symbol) != -1): null

2019-08-24 12:10:26 - [TEST_STEP][PASSED] - symbol = symbol: null

2019-08-24 12:10:26 - [TEST_STEP][PASSED] - println(symbol): null

2019-08-24 12:10:26 - [TEST_STEP][PASSED] - if (i == 2 &amp;&amp; wildList.indexOf(symbol) != -1): null

2019-08-24 12:10:26 - [TEST_STEP][PASSED] - if (i == 3 &amp;&amp; wildList.indexOf(symbol) != -1): null

2019-08-24 12:10:26 - [TEST_STEP][PASSED] - if (i == 4 &amp;&amp; wildList.indexOf(symbol) != -1): null

2019-08-24 12:10:26 - [TEST_STEP][PASSED] - symbol = symbol: null

2019-08-24 12:10:26 - [TEST_STEP][PASSED] - println(symbol): null

2019-08-24 12:10:26 - [TEST_STEP][PASSED] - if (i == 2 &amp;&amp; wildList.indexOf(symbol) != -1): null

2019-08-24 12:10:26 - [TEST_STEP][PASSED] - if (i == 3 &amp;&amp; wildList.indexOf(symbol) != -1): null

2019-08-24 12:10:26 - [TEST_STEP][PASSED] - if (i == 4 &amp;&amp; wildList.indexOf(symbol) != -1): null

2019-08-24 12:10:26 - [TEST_STEP][PASSED] - symbols = symbols: null

2019-08-24 12:10:26 - [TEST_STEP][PASSED] - for ([j = 0, j &lt; symbols.size(), (j++)]): null

2019-08-24 12:10:26 - [TEST_STEP][PASSED] - symbol = symbol: null

2019-08-24 12:10:26 - [TEST_STEP][PASSED] - println(symbol): null

2019-08-24 12:10:26 - [TEST_STEP][PASSED] - if (i == 2 &amp;&amp; wildList.indexOf(symbol) != -1): null

2019-08-24 12:10:26 - [TEST_STEP][PASSED] - if (i == 3 &amp;&amp; wildList.indexOf(symbol) != -1): null

2019-08-24 12:10:26 - [TEST_STEP][PASSED] - if (i == 4 &amp;&amp; wildList.indexOf(symbol) != -1): null

2019-08-24 12:10:26 - [TEST_STEP][PASSED] - symbol = symbol: null

2019-08-24 12:10:26 - [TEST_STEP][PASSED] - println(symbol): null

2019-08-24 12:10:26 - [TEST_STEP][PASSED] - if (i == 2 &amp;&amp; wildList.indexOf(symbol) != -1): null

2019-08-24 12:10:26 - [TEST_STEP][PASSED] - if (i == 3 &amp;&amp; wildList.indexOf(symbol) != -1): null

2019-08-24 12:10:26 - [TEST_STEP][PASSED] - if (i == 4 &amp;&amp; wildList.indexOf(symbol) != -1): null

2019-08-24 12:10:26 - [TEST_STEP][PASSED] - symbol = symbol: null

2019-08-24 12:10:26 - [TEST_STEP][PASSED] - println(symbol): null

2019-08-24 12:10:26 - [TEST_STEP][PASSED] - if (i == 2 &amp;&amp; wildList.indexOf(symbol) != -1): null

2019-08-24 12:10:26 - [TEST_STEP][PASSED] - if (i == 3 &amp;&amp; wildList.indexOf(symbol) != -1): null

2019-08-24 12:10:26 - [TEST_STEP][PASSED] - if (i == 4 &amp;&amp; wildList.indexOf(symbol) != -1): null

2019-08-24 12:10:26 - [TEST_STEP][PASSED] - symbols = symbols: null

2019-08-24 12:10:26 - [TEST_STEP][PASSED] - for ([j = 0, j &lt; symbols.size(), (j++)]): null

2019-08-24 12:10:26 - [TEST_STEP][PASSED] - symbol = symbol: null

2019-08-24 12:10:26 - [TEST_STEP][PASSED] - println(symbol): null

2019-08-24 12:10:26 - [TEST_STEP][PASSED] - if (i == 2 &amp;&amp; wildList.indexOf(symbol) != -1): null

2019-08-24 12:10:26 - [TEST_STEP][PASSED] - if (i == 3 &amp;&amp; wildList.indexOf(symbol) != -1): null

2019-08-24 12:10:26 - [TEST_STEP][PASSED] - if (i == 4 &amp;&amp; wildList.indexOf(symbol) != -1): null

2019-08-24 12:10:26 - [TEST_STEP][PASSED] - symbol = symbol: null

2019-08-24 12:10:26 - [TEST_STEP][PASSED] - println(symbol): null

2019-08-24 12:10:26 - [TEST_STEP][PASSED] - if (i == 2 &amp;&amp; wildList.indexOf(symbol) != -1): null

2019-08-24 12:10:26 - [TEST_STEP][PASSED] - if (i == 3 &amp;&amp; wildList.indexOf(symbol) != -1): null

2019-08-24 12:10:26 - [TEST_STEP][PASSED] - if (i == 4 &amp;&amp; wildList.indexOf(symbol) != -1): null

2019-08-24 12:10:26 - [TEST_STEP][PASSED] - symbol = symbol: null

2019-08-24 12:10:26 - [TEST_STEP][PASSED] - println(symbol): null

2019-08-24 12:10:26 - [TEST_STEP][PASSED] - if (i == 2 &amp;&amp; wildList.indexOf(symbol) != -1): null

2019-08-24 12:10:26 - [TEST_STEP][PASSED] - println("wild found on reel 3, adding counter by 1"): null

2019-08-24 12:10:26 - [TEST_STEP][PASSED] - free_spin_reel_counter[0] = free_spin_reel_counter[0] + 1: null

2019-08-24 12:10:26 - [TEST_STEP][PASSED] - if (i == 3 &amp;&amp; wildList.indexOf(symbol) != -1): null

2019-08-24 12:10:26 - [TEST_STEP][PASSED] - if (i == 4 &amp;&amp; wildList.indexOf(symbol) != -1): null

2019-08-24 12:10:26 - [TEST_STEP][PASSED] - symbols = symbols: null

2019-08-24 12:10:26 - [TEST_STEP][PASSED] - for ([j = 0, j &lt; symbols.size(), (j++)]): null

2019-08-24 12:10:26 - [TEST_STEP][PASSED] - symbol = symbol: null

2019-08-24 12:10:26 - [TEST_STEP][PASSED] - println(symbol): null

2019-08-24 12:10:26 - [TEST_STEP][PASSED] - if (i == 2 &amp;&amp; wildList.indexOf(symbol) != -1): null

2019-08-24 12:10:26 - [TEST_STEP][PASSED] - if (i == 3 &amp;&amp; wildList.indexOf(symbol) != -1): null

2019-08-24 12:10:26 - [TEST_STEP][PASSED] - if (i == 4 &amp;&amp; wildList.indexOf(symbol) != -1): null

2019-08-24 12:10:26 - [TEST_STEP][PASSED] - symbol = symbol: null

2019-08-24 12:10:26 - [TEST_STEP][PASSED] - println(symbol): null

2019-08-24 12:10:26 - [TEST_STEP][PASSED] - if (i == 2 &amp;&amp; wildList.indexOf(symbol) != -1): null

2019-08-24 12:10:26 - [TEST_STEP][PASSED] - if (i == 3 &amp;&amp; wildList.indexOf(symbol) != -1): null

2019-08-24 12:10:26 - [TEST_STEP][PASSED] - if (i == 4 &amp;&amp; wildList.indexOf(symbol) != -1): null

2019-08-24 12:10:26 - [TEST_STEP][PASSED] - symbol = symbol: null

2019-08-24 12:10:26 - [TEST_STEP][PASSED] - println(symbol): null

2019-08-24 12:10:26 - [TEST_STEP][PASSED] - if (i == 2 &amp;&amp; wildList.indexOf(symbol) != -1): null

2019-08-24 12:10:26 - [TEST_STEP][PASSED] - if (i == 3 &amp;&amp; wildList.indexOf(symbol) != -1): null

2019-08-24 12:10:26 - [TEST_STEP][PASSED] - println("wild found on reel 4, adding counter by 1"): null

2019-08-24 12:10:26 - [TEST_STEP][PASSED] - free_spin_reel_counter[1] = free_spin_reel_counter[1] + 1: null

2019-08-24 12:10:26 - [TEST_STEP][PASSED] - if (i == 4 &amp;&amp; wildList.indexOf(symbol) != -1): null

2019-08-24 12:10:26 - [TEST_STEP][PASSED] - symbols = symbols: null

2019-08-24 12:10:26 - [TEST_STEP][PASSED] - for ([j = 0, j &lt; symbols.size(), (j++)]): null

2019-08-24 12:10:26 - [TEST_STEP][PASSED] - symbol = symbol: null

2019-08-24 12:10:26 - [TEST_STEP][PASSED] - println(symbol): null

2019-08-24 12:10:26 - [TEST_STEP][PASSED] - if (i == 2 &amp;&amp; wildList.indexOf(symbol) != -1): null

2019-08-24 12:10:26 - [TEST_STEP][PASSED] - if (i == 3 &amp;&amp; wildList.indexOf(symbol) != -1): null

2019-08-24 12:10:26 - [TEST_STEP][PASSED] - if (i == 4 &amp;&amp; wildList.indexOf(symbol) != -1): null

2019-08-24 12:10:26 - [TEST_STEP][PASSED] - symbol = symbol: null

2019-08-24 12:10:26 - [TEST_STEP][PASSED] - println(symbol): null

2019-08-24 12:10:26 - [TEST_STEP][PASSED] - if (i == 2 &amp;&amp; wildList.indexOf(symbol) != -1): null

2019-08-24 12:10:26 - [TEST_STEP][PASSED] - if (i == 3 &amp;&amp; wildList.indexOf(symbol) != -1): null

2019-08-24 12:10:26 - [TEST_STEP][PASSED] - if (i == 4 &amp;&amp; wildList.indexOf(symbol) != -1): null

2019-08-24 12:10:26 - [TEST_STEP][PASSED] - symbol = symbol: null

2019-08-24 12:10:26 - [TEST_STEP][PASSED] - println(symbol): null

2019-08-24 12:10:26 - [TEST_STEP][PASSED] - if (i == 2 &amp;&amp; wildList.indexOf(symbol) != -1): null

2019-08-24 12:10:26 - [TEST_STEP][PASSED] - if (i == 3 &amp;&amp; wildList.indexOf(symbol) != -1): null

2019-08-24 12:10:26 - [TEST_STEP][PASSED] - if (i == 4 &amp;&amp; wildList.indexOf(symbol) != -1): null

2019-08-24 12:10:26 - [TEST_STEP][PASSED] - free_spin_reel_counter = free_spin_reel_counter: null

2019-08-24 12:10:26 - [TEST_STEP][PASSED] - println("reel 3 wild found: " + free_spin_reel_counter[0]): null

2019-08-24 12:10:26 - [TEST_STEP][PASSED] - println("reel 4 wild found: " + free_spin_reel_counter[1]): null

2019-08-24 12:10:26 - [TEST_STEP][PASSED] - println("reel 5 wild found: " + free_spin_reel_counter[2]): null

2019-08-24 12:10:26 - [TEST_STEP][PASSED] - M4_spin_reels = M4_spin_reels: null

2019-08-24 12:10:26 - [TEST_STEP][PASSED] - M4_spin_reels_symbols = symbol: null

2019-08-24 12:10:26 - [TEST_STEP][PASSED] - M4_spin_reels_symbols = M4_spin_reels_symbols: null

2019-08-24 12:10:26 - [TEST_STEP][PASSED] - M4_spin_reel_wins = reel_wins: null

2019-08-24 12:10:26 - [TEST_STEP][PASSED] - M4_spin_reel_wins = M4_spin_reel_wins: null

2019-08-24 12:10:26 - [TEST_STEP][PASSED] - println("GlobalVariable.M4_spin_reel_wins is: " + M4_spin_reel_wins): null

2019-08-24 12:10:26 - [TEST_STEP][PASSED] - M4_spin_total_bonus_win_this_round = total_bonus_win_this_round: null

2019-08-24 12:10:26 - [TEST_STEP][PASSED] - M4_spin_total_bonus_win_this_round = M4_spin_total_bonus_win_this_round: null

2019-08-24 12:10:26 - [TEST_STEP][PASSED] - println("GlobalVariable.M4_spin_total_bonus_win_this_round is: " + M4_spin_total_bonus_win_this_round): null

2019-08-24 12:10:26 - [TEST_STEP][PASSED] - M4_spin_bonus_spin_result = spin_result: null

2019-08-24 12:10:26 - [TEST_STEP][PASSED] - M4_spin_bonus_spin_result = M4_spin_bonus_spin_result: null

2019-08-24 12:10:26 - [MESSAGE][PASSED] - Verify response successfully

2019-08-24 12:10:26 - [MESSAGE][PASSED] - Send request and verify the response successfully

2019-08-24 12:10:26 - [TEST_STEP][PASSED] - if (M4_total_bonus_spins_int != 0 &amp;&amp; M4_spin_reels_symbols[2].contains("WILD_ExtraFG") || M4_spin_reels_symbols[3].contains("WILD_ExtraFG")): null

2019-08-24 12:10:26 - [TEST_STEP][PASSED] - free_spin_reel_counter = free_spin_reel_counter: null

2019-08-24 12:10:26 - [TEST_STEP][PASSED] - M4_spin_reels_symbols = M4_spin_reels_symbols: null

2019-08-24 12:10:26 - [TEST_STEP][PASSED] - M4_total_bonus_spins = M4_total_bonus_spins: null

2019-08-24 12:10:26 - [TEST_STEP][PASSED] - spin_result = sendRequestAndVerify(findTestObject("INT/RGS(M4)/1_M4_spin", ["M4_login_user_id":M4_login_user_id, "rgs_session_token":rgs_session_token, "partner":Partner])): Send request and verify the response successfully

2019-08-24 12:10:26 - [MESSAGE][INFO] - HAR: /Users/eiralee/Katalon_Script/SuperWild/Reports/20190824_120919/INT/superWild_3/20190824_120919/requests/main/18.har

2019-08-24 12:10:26 - [TEST_CASE][PASSED] - Start Test Case : Verification: Verification accomplished successfully

2019-08-24 12:10:26 - [TEST_STEP][PASSED] - request = getInstance().getCurrentRequest(): null

2019-08-24 12:10:26 - [TEST_STEP][PASSED] - response = getInstance().getCurrentResponse(): null

2019-08-24 12:10:26 - [TEST_STEP][PASSED] - verifyResponseStatusCode(response, 200): Verify response status code successfully

2019-08-24 12:10:26 - [MESSAGE][PASSED] - Verify response status code successfully

2019-08-24 12:10:26 - [TEST_STEP][PASSED] - getStatusCode()).isEqualTo(200): null

2019-08-24 12:10:26 - [TEST_STEP][PASSED] - newline = System.getProperty("line.separator"): null

2019-08-24 12:10:26 - [TEST_STEP][PASSED] - M4_spin = new groovy.json.JsonSlurper(): null

2019-08-24 12:10:26 - [TEST_STEP][PASSED] - result_M4_spin = M4_spin.parseText(response.getResponseBodyContent()): null

2019-08-24 12:10:26 - [TEST_STEP][PASSED] - M4_spin_current_balance = current_balance: null

2019-08-24 12:10:26 - [TEST_STEP][PASSED] - M4_spin_current_balance = M4_spin_current_balance: null

2019-08-24 12:10:26 - [TEST_STEP][PASSED] - M4_spin_transaction_id = causality: null

2019-08-24 12:10:26 - [TEST_STEP][PASSED] - M4_spin_transaction_id = M4_spin_transaction_id: null

2019-08-24 12:10:26 - [TEST_STEP][PASSED] - M4_spin_round_id = round_id: null

2019-08-24 12:10:26 - [TEST_STEP][PASSED] - M4_spin_round_id = M4_spin_round_id: null

2019-08-24 12:10:26 - [TEST_STEP][PASSED] - M4_spin_line_wins = line_wins: null

2019-08-24 12:10:26 - [TEST_STEP][PASSED] - M4_spin_line_wins = M4_spin_line_wins: null

2019-08-24 12:10:26 - [TEST_STEP][PASSED] - M4_total_bonus_spins_int = total_bonus_spins: null

2019-08-24 12:10:26 - [TEST_STEP][PASSED] - println("******M4_total_bonus_spins type is:*******" + newline + getClass().getName()): null

2019-08-24 12:10:26 - [TEST_STEP][PASSED] - M4_total_bonus_spins_int = M4_total_bonus_spins_int: null

2019-08-24 12:10:26 - [TEST_STEP][PASSED] - M4_total_bonus_spins = Integer.toString(M4_total_bonus_spins_int): null

2019-08-24 12:10:26 - [TEST_STEP][PASSED] - M4_total_bonus_spins = M4_total_bonus_spins: null

2019-08-24 12:10:26 - [TEST_STEP][PASSED] - println("M4_total_bonus_spins is:" + M4_total_bonus_spins): null

2019-08-24 12:10:26 - [TEST_STEP][PASSED] - M4_spin_bonus_data = bonus_data: null

2019-08-24 12:10:26 - [TEST_STEP][PASSED] - M4_spin_features_triggered = result_M4_spin: null

2019-08-24 12:10:26 - [TEST_STEP][PASSED] - wild = []: null

2019-08-24 12:10:26 - [TEST_STEP][PASSED] - wild[0] = "WILD_Expanding": null

2019-08-24 12:10:26 - [TEST_STEP][PASSED] - wild[1] = "WILD_Normal": null

2019-08-24 12:10:26 - [TEST_STEP][PASSED] - wild[2] = "WILD_Double": null

2019-08-24 12:10:26 - [TEST_STEP][PASSED] - wild[3] = "WILD_ExtraFG": null

2019-08-24 12:10:26 - [TEST_STEP][PASSED] - wild[4] = "WILD_Triple": null

2019-08-24 12:10:26 - [TEST_STEP][PASSED] - wildList = Arrays.asList(wild): null

2019-08-24 12:10:26 - [TEST_STEP][PASSED] - wildList = wildList: null

2019-08-24 12:10:26 - [TEST_STEP][PASSED] - free_spin_reel_counter = []: null

2019-08-24 12:10:26 - [TEST_STEP][PASSED] - free_spin_reel_counter[0] = 0: null

2019-08-24 12:10:26 - [TEST_STEP][PASSED] - free_spin_reel_counter[1] = 0: null

2019-08-24 12:10:26 - [TEST_STEP][PASSED] - free_spin_reel_counter[2] = 0: null

2019-08-24 12:10:26 - [TEST_STEP][PASSED] - M4_spin_reels = reels: null

2019-08-24 12:10:26 - [TEST_STEP][PASSED] - for ([i = 0, i &lt; M4_spin_reels.size(), (i++)]): null

2019-08-24 12:10:26 - [TEST_STEP][PASSED] - symbols = symbols: null

2019-08-24 12:10:26 - [TEST_STEP][PASSED] - for ([j = 0, j &lt; symbols.size(), (j++)]): null

2019-08-24 12:10:26 - [TEST_STEP][PASSED] - symbol = symbol: null

2019-08-24 12:10:26 - [TEST_STEP][PASSED] - println(symbol): null

2019-08-24 12:10:26 - [TEST_STEP][PASSED] - if (i == 2 &amp;&amp; wildList.indexOf(symbol) != -1): null

2019-08-24 12:10:26 - [TEST_STEP][PASSED] - if (i == 3 &amp;&amp; wildList.indexOf(symbol) != -1): null

2019-08-24 12:10:26 - [TEST_STEP][PASSED] - if (i == 4 &amp;&amp; wildList.indexOf(symbol) != -1): null

2019-08-24 12:10:26 - [TEST_STEP][PASSED] - symbol = symbol: null

2019-08-24 12:10:26 - [TEST_STEP][PASSED] - println(symbol): null

2019-08-24 12:10:26 - [TEST_STEP][PASSED] - if (i == 2 &amp;&amp; wildList.indexOf(symbol) != -1): null

2019-08-24 12:10:26 - [TEST_STEP][PASSED] - if (i == 3 &amp;&amp; wildList.indexOf(symbol) != -1): null

2019-08-24 12:10:26 - [TEST_STEP][PASSED] - if (i == 4 &amp;&amp; wildList.indexOf(symbol) != -1): null

2019-08-24 12:10:26 - [TEST_STEP][PASSED] - symbol = symbol: null

2019-08-24 12:10:26 - [TEST_STEP][PASSED] - println(symbol): null

2019-08-24 12:10:26 - [TEST_STEP][PASSED] - if (i == 2 &amp;&amp; wildList.indexOf(symbol) != -1): null

2019-08-24 12:10:26 - [TEST_STEP][PASSED] - if (i == 3 &amp;&amp; wildList.indexOf(symbol) != -1): null

2019-08-24 12:10:26 - [TEST_STEP][PASSED] - if (i == 4 &amp;&amp; wildList.indexOf(symbol) != -1): null

2019-08-24 12:10:26 - [TEST_STEP][PASSED] - symbols = symbols: null

2019-08-24 12:10:26 - [TEST_STEP][PASSED] - for ([j = 0, j &lt; symbols.size(), (j++)]): null

2019-08-24 12:10:26 - [TEST_STEP][PASSED] - symbol = symbol: null

2019-08-24 12:10:26 - [TEST_STEP][PASSED] - println(symbol): null

2019-08-24 12:10:26 - [TEST_STEP][PASSED] - if (i == 2 &amp;&amp; wildList.indexOf(symbol) != -1): null

2019-08-24 12:10:26 - [TEST_STEP][PASSED] - if (i == 3 &amp;&amp; wildList.indexOf(symbol) != -1): null

2019-08-24 12:10:26 - [TEST_STEP][PASSED] - if (i == 4 &amp;&amp; wildList.indexOf(symbol) != -1): null

2019-08-24 12:10:26 - [TEST_STEP][PASSED] - symbol = symbol: null

2019-08-24 12:10:26 - [TEST_STEP][PASSED] - println(symbol): null

2019-08-24 12:10:26 - [TEST_STEP][PASSED] - if (i == 2 &amp;&amp; wildList.indexOf(symbol) != -1): null

2019-08-24 12:10:26 - [TEST_STEP][PASSED] - if (i == 3 &amp;&amp; wildList.indexOf(symbol) != -1): null

2019-08-24 12:10:26 - [TEST_STEP][PASSED] - if (i == 4 &amp;&amp; wildList.indexOf(symbol) != -1): null

2019-08-24 12:10:26 - [TEST_STEP][PASSED] - symbol = symbol: null

2019-08-24 12:10:26 - [TEST_STEP][PASSED] - println(symbol): null

2019-08-24 12:10:26 - [TEST_STEP][PASSED] - if (i == 2 &amp;&amp; wildList.indexOf(symbol) != -1): null

2019-08-24 12:10:26 - [TEST_STEP][PASSED] - if (i == 3 &amp;&amp; wildList.indexOf(symbol) != -1): null

2019-08-24 12:10:26 - [TEST_STEP][PASSED] - if (i == 4 &amp;&amp; wildList.indexOf(symbol) != -1): null

2019-08-24 12:10:26 - [TEST_STEP][PASSED] - symbols = symbols: null

2019-08-24 12:10:26 - [TEST_STEP][PASSED] - for ([j = 0, j &lt; symbols.size(), (j++)]): null

2019-08-24 12:10:26 - [TEST_STEP][PASSED] - symbol = symbol: null

2019-08-24 12:10:26 - [TEST_STEP][PASSED] - println(symbol): null

2019-08-24 12:10:26 - [TEST_STEP][PASSED] - if (i == 2 &amp;&amp; wildList.indexOf(symbol) != -1): null

2019-08-24 12:10:26 - [TEST_STEP][PASSED] - if (i == 3 &amp;&amp; wildList.indexOf(symbol) != -1): null

2019-08-24 12:10:26 - [TEST_STEP][PASSED] - if (i == 4 &amp;&amp; wildList.indexOf(symbol) != -1): null

2019-08-24 12:10:26 - [TEST_STEP][PASSED] - symbol = symbol: null

2019-08-24 12:10:26 - [TEST_STEP][PASSED] - println(symbol): null

2019-08-24 12:10:26 - [TEST_STEP][PASSED] - if (i == 2 &amp;&amp; wildList.indexOf(symbol) != -1): null

2019-08-24 12:10:26 - [TEST_STEP][PASSED] - if (i == 3 &amp;&amp; wildList.indexOf(symbol) != -1): null

2019-08-24 12:10:26 - [TEST_STEP][PASSED] - if (i == 4 &amp;&amp; wildList.indexOf(symbol) != -1): null

2019-08-24 12:10:26 - [TEST_STEP][PASSED] - symbol = symbol: null

2019-08-24 12:10:26 - [TEST_STEP][PASSED] - println(symbol): null

2019-08-24 12:10:26 - [TEST_STEP][PASSED] - if (i == 2 &amp;&amp; wildList.indexOf(symbol) != -1): null

2019-08-24 12:10:26 - [TEST_STEP][PASSED] - if (i == 3 &amp;&amp; wildList.indexOf(symbol) != -1): null

2019-08-24 12:10:26 - [TEST_STEP][PASSED] - if (i == 4 &amp;&amp; wildList.indexOf(symbol) != -1): null

2019-08-24 12:10:26 - [TEST_STEP][PASSED] - symbols = symbols: null

2019-08-24 12:10:26 - [TEST_STEP][PASSED] - for ([j = 0, j &lt; symbols.size(), (j++)]): null

2019-08-24 12:10:26 - [TEST_STEP][PASSED] - symbol = symbol: null

2019-08-24 12:10:26 - [TEST_STEP][PASSED] - println(symbol): null

2019-08-24 12:10:26 - [TEST_STEP][PASSED] - if (i == 2 &amp;&amp; wildList.indexOf(symbol) != -1): null

2019-08-24 12:10:26 - [TEST_STEP][PASSED] - if (i == 3 &amp;&amp; wildList.indexOf(symbol) != -1): null

2019-08-24 12:10:26 - [TEST_STEP][PASSED] - if (i == 4 &amp;&amp; wildList.indexOf(symbol) != -1): null

2019-08-24 12:10:26 - [TEST_STEP][PASSED] - symbol = symbol: null

2019-08-24 12:10:26 - [TEST_STEP][PASSED] - println(symbol): null

2019-08-24 12:10:26 - [TEST_STEP][PASSED] - if (i == 2 &amp;&amp; wildList.indexOf(symbol) != -1): null

2019-08-24 12:10:26 - [TEST_STEP][PASSED] - if (i == 3 &amp;&amp; wildList.indexOf(symbol) != -1): null

2019-08-24 12:10:26 - [TEST_STEP][PASSED] - if (i == 4 &amp;&amp; wildList.indexOf(symbol) != -1): null

2019-08-24 12:10:26 - [TEST_STEP][PASSED] - symbol = symbol: null

2019-08-24 12:10:26 - [TEST_STEP][PASSED] - println(symbol): null

2019-08-24 12:10:26 - [TEST_STEP][PASSED] - if (i == 2 &amp;&amp; wildList.indexOf(symbol) != -1): null

2019-08-24 12:10:26 - [TEST_STEP][PASSED] - if (i == 3 &amp;&amp; wildList.indexOf(symbol) != -1): null

2019-08-24 12:10:26 - [TEST_STEP][PASSED] - println("wild found on reel 4, adding counter by 1"): null

2019-08-24 12:10:26 - [TEST_STEP][PASSED] - free_spin_reel_counter[1] = free_spin_reel_counter[1] + 1: null

2019-08-24 12:10:26 - [TEST_STEP][PASSED] - if (i == 4 &amp;&amp; wildList.indexOf(symbol) != -1): null

2019-08-24 12:10:26 - [TEST_STEP][PASSED] - symbols = symbols: null

2019-08-24 12:10:26 - [TEST_STEP][PASSED] - for ([j = 0, j &lt; symbols.size(), (j++)]): null

2019-08-24 12:10:26 - [TEST_STEP][PASSED] - symbol = symbol: null

2019-08-24 12:10:26 - [TEST_STEP][PASSED] - println(symbol): null

2019-08-24 12:10:26 - [TEST_STEP][PASSED] - if (i == 2 &amp;&amp; wildList.indexOf(symbol) != -1): null

2019-08-24 12:10:26 - [TEST_STEP][PASSED] - if (i == 3 &amp;&amp; wildList.indexOf(symbol) != -1): null

2019-08-24 12:10:26 - [TEST_STEP][PASSED] - if (i == 4 &amp;&amp; wildList.indexOf(symbol) != -1): null

2019-08-24 12:10:26 - [TEST_STEP][PASSED] - symbol = symbol: null

2019-08-24 12:10:26 - [TEST_STEP][PASSED] - println(symbol): null

2019-08-24 12:10:26 - [TEST_STEP][PASSED] - if (i == 2 &amp;&amp; wildList.indexOf(symbol) != -1): null

2019-08-24 12:10:26 - [TEST_STEP][PASSED] - if (i == 3 &amp;&amp; wildList.indexOf(symbol) != -1): null

2019-08-24 12:10:26 - [TEST_STEP][PASSED] - if (i == 4 &amp;&amp; wildList.indexOf(symbol) != -1): null

2019-08-24 12:10:26 - [TEST_STEP][PASSED] - symbol = symbol: null

2019-08-24 12:10:26 - [TEST_STEP][PASSED] - println(symbol): null

2019-08-24 12:10:26 - [TEST_STEP][PASSED] - if (i == 2 &amp;&amp; wildList.indexOf(symbol) != -1): null

2019-08-24 12:10:26 - [TEST_STEP][PASSED] - if (i == 3 &amp;&amp; wildList.indexOf(symbol) != -1): null

2019-08-24 12:10:26 - [TEST_STEP][PASSED] - if (i == 4 &amp;&amp; wildList.indexOf(symbol) != -1): null

2019-08-24 12:10:26 - [TEST_STEP][PASSED] - free_spin_reel_counter = free_spin_reel_counter: null

2019-08-24 12:10:26 - [TEST_STEP][PASSED] - println("reel 3 wild found: " + free_spin_reel_counter[0]): null

2019-08-24 12:10:26 - [TEST_STEP][PASSED] - println("reel 4 wild found: " + free_spin_reel_counter[1]): null

2019-08-24 12:10:26 - [TEST_STEP][PASSED] - println("reel 5 wild found: " + free_spin_reel_counter[2]): null

2019-08-24 12:10:26 - [TEST_STEP][PASSED] - M4_spin_reels = M4_spin_reels: null

2019-08-24 12:10:26 - [TEST_STEP][PASSED] - M4_spin_reels_symbols = symbol: null

2019-08-24 12:10:26 - [TEST_STEP][PASSED] - M4_spin_reels_symbols = M4_spin_reels_symbols: null

2019-08-24 12:10:26 - [TEST_STEP][PASSED] - M4_spin_reel_wins = reel_wins: null

2019-08-24 12:10:26 - [TEST_STEP][PASSED] - M4_spin_reel_wins = M4_spin_reel_wins: null

2019-08-24 12:10:26 - [TEST_STEP][PASSED] - println("GlobalVariable.M4_spin_reel_wins is: " + M4_spin_reel_wins): null

2019-08-24 12:10:26 - [TEST_STEP][PASSED] - M4_spin_total_bonus_win_this_round = total_bonus_win_this_round: null

2019-08-24 12:10:26 - [TEST_STEP][PASSED] - M4_spin_total_bonus_win_this_round = M4_spin_total_bonus_win_this_round: null

2019-08-24 12:10:26 - [TEST_STEP][PASSED] - println("GlobalVariable.M4_spin_total_bonus_win_this_round is: " + M4_spin_total_bonus_win_this_round): null

2019-08-24 12:10:26 - [TEST_STEP][PASSED] - M4_spin_bonus_spin_result = spin_result: null

2019-08-24 12:10:26 - [TEST_STEP][PASSED] - M4_spin_bonus_spin_result = M4_spin_bonus_spin_result: null

2019-08-24 12:10:26 - [MESSAGE][PASSED] - Verify response successfully

2019-08-24 12:10:26 - [MESSAGE][PASSED] - Send request and verify the response successfully

2019-08-24 12:10:26 - [TEST_STEP][PASSED] - if (M4_total_bonus_spins_int != 0 &amp;&amp; M4_spin_reels_symbols[2].contains("WILD_ExtraFG") || M4_spin_reels_symbols[3].contains("WILD_ExtraFG")): null

2019-08-24 12:10:26 - [TEST_STEP][PASSED] - free_spin_reel_counter = free_spin_reel_counter: null

2019-08-24 12:10:26 - [TEST_STEP][PASSED] - M4_spin_reels_symbols = M4_spin_reels_symbols: null

2019-08-24 12:10:26 - [TEST_STEP][PASSED] - M4_total_bonus_spins = M4_total_bonus_spins: null

2019-08-24 12:10:26 - [TEST_STEP][PASSED] - spin_result = sendRequestAndVerify(findTestObject("INT/RGS(M4)/1_M4_spin", ["M4_login_user_id":M4_login_user_id, "rgs_session_token":rgs_session_token, "partner":Partner])): Send request and verify the response successfully

2019-08-24 12:10:27 - [MESSAGE][INFO] - HAR: /Users/eiralee/Katalon_Script/SuperWild/Reports/20190824_120919/INT/superWild_3/20190824_120919/requests/main/19.har

2019-08-24 12:10:27 - [TEST_CASE][PASSED] - Start Test Case : Verification: Verification accomplished successfully

2019-08-24 12:10:27 - [TEST_STEP][PASSED] - request = getInstance().getCurrentRequest(): null

2019-08-24 12:10:27 - [TEST_STEP][PASSED] - response = getInstance().getCurrentResponse(): null

2019-08-24 12:10:27 - [TEST_STEP][PASSED] - verifyResponseStatusCode(response, 200): Verify response status code successfully

2019-08-24 12:10:27 - [MESSAGE][PASSED] - Verify response status code successfully

2019-08-24 12:10:27 - [TEST_STEP][PASSED] - getStatusCode()).isEqualTo(200): null

2019-08-24 12:10:27 - [TEST_STEP][PASSED] - newline = System.getProperty("line.separator"): null

2019-08-24 12:10:27 - [TEST_STEP][PASSED] - M4_spin = new groovy.json.JsonSlurper(): null

2019-08-24 12:10:27 - [TEST_STEP][PASSED] - result_M4_spin = M4_spin.parseText(response.getResponseBodyContent()): null

2019-08-24 12:10:27 - [TEST_STEP][PASSED] - M4_spin_current_balance = current_balance: null

2019-08-24 12:10:27 - [TEST_STEP][PASSED] - M4_spin_current_balance = M4_spin_current_balance: null

2019-08-24 12:10:27 - [TEST_STEP][PASSED] - M4_spin_transaction_id = causality: null

2019-08-24 12:10:27 - [TEST_STEP][PASSED] - M4_spin_transaction_id = M4_spin_transaction_id: null

2019-08-24 12:10:27 - [TEST_STEP][PASSED] - M4_spin_round_id = round_id: null

2019-08-24 12:10:27 - [TEST_STEP][PASSED] - M4_spin_round_id = M4_spin_round_id: null

2019-08-24 12:10:27 - [TEST_STEP][PASSED] - M4_spin_line_wins = line_wins: null

2019-08-24 12:10:27 - [TEST_STEP][PASSED] - M4_spin_line_wins = M4_spin_line_wins: null

2019-08-24 12:10:27 - [TEST_STEP][PASSED] - M4_total_bonus_spins_int = total_bonus_spins: null

2019-08-24 12:10:27 - [TEST_STEP][PASSED] - println("******M4_total_bonus_spins type is:*******" + newline + getClass().getName()): null

2019-08-24 12:10:27 - [TEST_STEP][PASSED] - M4_total_bonus_spins_int = M4_total_bonus_spins_int: null

2019-08-24 12:10:27 - [TEST_STEP][PASSED] - M4_total_bonus_spins = Integer.toString(M4_total_bonus_spins_int): null

2019-08-24 12:10:27 - [TEST_STEP][PASSED] - M4_total_bonus_spins = M4_total_bonus_spins: null

2019-08-24 12:10:27 - [TEST_STEP][PASSED] - println("M4_total_bonus_spins is:" + M4_total_bonus_spins): null

2019-08-24 12:10:27 - [TEST_STEP][PASSED] - M4_spin_bonus_data = bonus_data: null

2019-08-24 12:10:27 - [TEST_STEP][PASSED] - M4_spin_features_triggered = result_M4_spin: null

2019-08-24 12:10:27 - [TEST_STEP][PASSED] - wild = []: null

2019-08-24 12:10:27 - [TEST_STEP][PASSED] - wild[0] = "WILD_Expanding": null

2019-08-24 12:10:27 - [TEST_STEP][PASSED] - wild[1] = "WILD_Normal": null

2019-08-24 12:10:27 - [TEST_STEP][PASSED] - wild[2] = "WILD_Double": null

2019-08-24 12:10:27 - [TEST_STEP][PASSED] - wild[3] = "WILD_ExtraFG": null

2019-08-24 12:10:27 - [TEST_STEP][PASSED] - wild[4] = "WILD_Triple": null

2019-08-24 12:10:27 - [TEST_STEP][PASSED] - wildList = Arrays.asList(wild): null

2019-08-24 12:10:27 - [TEST_STEP][PASSED] - wildList = wildList: null

2019-08-24 12:10:27 - [TEST_STEP][PASSED] - free_spin_reel_counter = []: null

2019-08-24 12:10:27 - [TEST_STEP][PASSED] - free_spin_reel_counter[0] = 0: null

2019-08-24 12:10:27 - [TEST_STEP][PASSED] - free_spin_reel_counter[1] = 0: null

2019-08-24 12:10:27 - [TEST_STEP][PASSED] - free_spin_reel_counter[2] = 0: null

2019-08-24 12:10:27 - [TEST_STEP][PASSED] - M4_spin_reels = reels: null

2019-08-24 12:10:27 - [TEST_STEP][PASSED] - for ([i = 0, i &lt; M4_spin_reels.size(), (i++)]): null

2019-08-24 12:10:27 - [TEST_STEP][PASSED] - symbols = symbols: null

2019-08-24 12:10:27 - [TEST_STEP][PASSED] - for ([j = 0, j &lt; symbols.size(), (j++)]): null

2019-08-24 12:10:27 - [TEST_STEP][PASSED] - symbol = symbol: null

2019-08-24 12:10:27 - [TEST_STEP][PASSED] - println(symbol): null

2019-08-24 12:10:27 - [TEST_STEP][PASSED] - if (i == 2 &amp;&amp; wildList.indexOf(symbol) != -1): null

2019-08-24 12:10:27 - [TEST_STEP][PASSED] - if (i == 3 &amp;&amp; wildList.indexOf(symbol) != -1): null

2019-08-24 12:10:27 - [TEST_STEP][PASSED] - if (i == 4 &amp;&amp; wildList.indexOf(symbol) != -1): null

2019-08-24 12:10:27 - [TEST_STEP][PASSED] - symbol = symbol: null

2019-08-24 12:10:27 - [TEST_STEP][PASSED] - println(symbol): null

2019-08-24 12:10:27 - [TEST_STEP][PASSED] - if (i == 2 &amp;&amp; wildList.indexOf(symbol) != -1): null

2019-08-24 12:10:27 - [TEST_STEP][PASSED] - if (i == 3 &amp;&amp; wildList.indexOf(symbol) != -1): null

2019-08-24 12:10:27 - [TEST_STEP][PASSED] - if (i == 4 &amp;&amp; wildList.indexOf(symbol) != -1): null

2019-08-24 12:10:27 - [TEST_STEP][PASSED] - symbol = symbol: null

2019-08-24 12:10:27 - [TEST_STEP][PASSED] - println(symbol): null

2019-08-24 12:10:27 - [TEST_STEP][PASSED] - if (i == 2 &amp;&amp; wildList.indexOf(symbol) != -1): null

2019-08-24 12:10:27 - [TEST_STEP][PASSED] - if (i == 3 &amp;&amp; wildList.indexOf(symbol) != -1): null

2019-08-24 12:10:33 - [TEST_STEP][PASSED] - if (i == 4 &amp;&amp; wildList.indexOf(symbol) != -1): null

2019-08-24 12:10:33 - [TEST_STEP][PASSED] - symbols = symbols: null

2019-08-24 12:10:33 - [TEST_STEP][PASSED] - for ([j = 0, j &lt; symbols.size(), (j++)]): null

2019-08-24 12:10:33 - [TEST_STEP][PASSED] - symbol = symbol: null

2019-08-24 12:10:33 - [TEST_STEP][PASSED] - println(symbol): null

2019-08-24 12:10:33 - [TEST_STEP][PASSED] - if (i == 2 &amp;&amp; wildList.indexOf(symbol) != -1): null

2019-08-24 12:10:33 - [TEST_STEP][PASSED] - if (i == 3 &amp;&amp; wildList.indexOf(symbol) != -1): null

2019-08-24 12:10:33 - [TEST_STEP][PASSED] - if (i == 4 &amp;&amp; wildList.indexOf(symbol) != -1): null

2019-08-24 12:10:33 - [TEST_STEP][PASSED] - symbol = symbol: null

2019-08-24 12:10:33 - [TEST_STEP][PASSED] - println(symbol): null

2019-08-24 12:10:33 - [TEST_STEP][PASSED] - if (i == 2 &amp;&amp; wildList.indexOf(symbol) != -1): null

2019-08-24 12:10:33 - [TEST_STEP][PASSED] - if (i == 3 &amp;&amp; wildList.indexOf(symbol) != -1): null

2019-08-24 12:10:33 - [TEST_STEP][PASSED] - if (i == 4 &amp;&amp; wildList.indexOf(symbol) != -1): null

2019-08-24 12:10:33 - [TEST_STEP][PASSED] - symbol = symbol: null

2019-08-24 12:10:33 - [TEST_STEP][PASSED] - println(symbol): null

2019-08-24 12:10:33 - [TEST_STEP][PASSED] - if (i == 2 &amp;&amp; wildList.indexOf(symbol) != -1): null

2019-08-24 12:10:33 - [TEST_STEP][PASSED] - if (i == 3 &amp;&amp; wildList.indexOf(symbol) != -1): null

2019-08-24 12:10:33 - [TEST_STEP][PASSED] - if (i == 4 &amp;&amp; wildList.indexOf(symbol) != -1): null

2019-08-24 12:10:33 - [TEST_STEP][PASSED] - symbols = symbols: null

2019-08-24 12:10:33 - [TEST_STEP][PASSED] - for ([j = 0, j &lt; symbols.size(), (j++)]): null

2019-08-24 12:10:33 - [TEST_STEP][PASSED] - symbol = symbol: null

2019-08-24 12:10:33 - [TEST_STEP][PASSED] - println(symbol): null

2019-08-24 12:10:33 - [TEST_STEP][PASSED] - if (i == 2 &amp;&amp; wildList.indexOf(symbol) != -1): null

2019-08-24 12:10:33 - [TEST_STEP][PASSED] - if (i == 3 &amp;&amp; wildList.indexOf(symbol) != -1): null

2019-08-24 12:10:33 - [TEST_STEP][PASSED] - if (i == 4 &amp;&amp; wildList.indexOf(symbol) != -1): null

2019-08-24 12:10:33 - [TEST_STEP][PASSED] - symbol = symbol: null

2019-08-24 12:10:33 - [TEST_STEP][PASSED] - println(symbol): null

2019-08-24 12:10:33 - [TEST_STEP][PASSED] - if (i == 2 &amp;&amp; wildList.indexOf(symbol) != -1): null

2019-08-24 12:10:33 - [TEST_STEP][PASSED] - if (i == 3 &amp;&amp; wildList.indexOf(symbol) != -1): null

2019-08-24 12:10:33 - [TEST_STEP][PASSED] - if (i == 4 &amp;&amp; wildList.indexOf(symbol) != -1): null

2019-08-24 12:10:33 - [TEST_STEP][PASSED] - symbol = symbol: null

2019-08-24 12:10:33 - [TEST_STEP][PASSED] - println(symbol): null

2019-08-24 12:10:33 - [TEST_STEP][PASSED] - if (i == 2 &amp;&amp; wildList.indexOf(symbol) != -1): null

2019-08-24 12:10:33 - [TEST_STEP][PASSED] - println("wild found on reel 3, adding counter by 1"): null

2019-08-24 12:10:33 - [TEST_STEP][PASSED] - free_spin_reel_counter[0] = free_spin_reel_counter[0] + 1: null

2019-08-24 12:10:33 - [TEST_STEP][PASSED] - if (i == 3 &amp;&amp; wildList.indexOf(symbol) != -1): null

2019-08-24 12:10:33 - [TEST_STEP][PASSED] - if (i == 4 &amp;&amp; wildList.indexOf(symbol) != -1): null

2019-08-24 12:10:33 - [TEST_STEP][PASSED] - symbols = symbols: null

2019-08-24 12:10:33 - [TEST_STEP][PASSED] - for ([j = 0, j &lt; symbols.size(), (j++)]): null

2019-08-24 12:10:33 - [TEST_STEP][PASSED] - symbol = symbol: null

2019-08-24 12:10:33 - [TEST_STEP][PASSED] - println(symbol): null

2019-08-24 12:10:33 - [TEST_STEP][PASSED] - if (i == 2 &amp;&amp; wildList.indexOf(symbol) != -1): null

2019-08-24 12:10:33 - [TEST_STEP][PASSED] - if (i == 3 &amp;&amp; wildList.indexOf(symbol) != -1): null

2019-08-24 12:10:33 - [TEST_STEP][PASSED] - if (i == 4 &amp;&amp; wildList.indexOf(symbol) != -1): null

2019-08-24 12:10:33 - [TEST_STEP][PASSED] - symbol = symbol: null

2019-08-24 12:10:33 - [TEST_STEP][PASSED] - println(symbol): null

2019-08-24 12:10:33 - [TEST_STEP][PASSED] - if (i == 2 &amp;&amp; wildList.indexOf(symbol) != -1): null

2019-08-24 12:10:33 - [TEST_STEP][PASSED] - if (i == 3 &amp;&amp; wildList.indexOf(symbol) != -1): null

2019-08-24 12:10:33 - [TEST_STEP][PASSED] - println("wild found on reel 4, adding counter by 1"): null

2019-08-24 12:10:33 - [TEST_STEP][PASSED] - free_spin_reel_counter[1] = free_spin_reel_counter[1] + 1: null

2019-08-24 12:10:33 - [TEST_STEP][PASSED] - if (i == 4 &amp;&amp; wildList.indexOf(symbol) != -1): null

2019-08-24 12:10:33 - [TEST_STEP][PASSED] - symbol = symbol: null

2019-08-24 12:10:33 - [TEST_STEP][PASSED] - println(symbol): null

2019-08-24 12:10:33 - [TEST_STEP][PASSED] - if (i == 2 &amp;&amp; wildList.indexOf(symbol) != -1): null

2019-08-24 12:10:33 - [TEST_STEP][PASSED] - if (i == 3 &amp;&amp; wildList.indexOf(symbol) != -1): null

2019-08-24 12:10:33 - [TEST_STEP][PASSED] - if (i == 4 &amp;&amp; wildList.indexOf(symbol) != -1): null

2019-08-24 12:10:33 - [TEST_STEP][PASSED] - symbols = symbols: null

2019-08-24 12:10:33 - [TEST_STEP][PASSED] - for ([j = 0, j &lt; symbols.size(), (j++)]): null

2019-08-24 12:10:33 - [TEST_STEP][PASSED] - symbol = symbol: null

2019-08-24 12:10:33 - [TEST_STEP][PASSED] - println(symbol): null

2019-08-24 12:10:33 - [TEST_STEP][PASSED] - if (i == 2 &amp;&amp; wildList.indexOf(symbol) != -1): null

2019-08-24 12:10:33 - [TEST_STEP][PASSED] - if (i == 3 &amp;&amp; wildList.indexOf(symbol) != -1): null

2019-08-24 12:10:33 - [TEST_STEP][PASSED] - if (i == 4 &amp;&amp; wildList.indexOf(symbol) != -1): null

2019-08-24 12:10:33 - [TEST_STEP][PASSED] - symbol = symbol: null

2019-08-24 12:10:33 - [TEST_STEP][PASSED] - println(symbol): null

2019-08-24 12:10:33 - [TEST_STEP][PASSED] - if (i == 2 &amp;&amp; wildList.indexOf(symbol) != -1): null

2019-08-24 12:10:33 - [TEST_STEP][PASSED] - if (i == 3 &amp;&amp; wildList.indexOf(symbol) != -1): null

2019-08-24 12:10:33 - [TEST_STEP][PASSED] - if (i == 4 &amp;&amp; wildList.indexOf(symbol) != -1): null

2019-08-24 12:10:33 - [TEST_STEP][PASSED] - symbol = symbol: null

2019-08-24 12:10:33 - [TEST_STEP][PASSED] - println(symbol): null

2019-08-24 12:10:33 - [TEST_STEP][PASSED] - if (i == 2 &amp;&amp; wildList.indexOf(symbol) != -1): null

2019-08-24 12:10:33 - [TEST_STEP][PASSED] - if (i == 3 &amp;&amp; wildList.indexOf(symbol) != -1): null

2019-08-24 12:10:33 - [TEST_STEP][PASSED] - if (i == 4 &amp;&amp; wildList.indexOf(symbol) != -1): null

2019-08-24 12:10:33 - [TEST_STEP][PASSED] - free_spin_reel_counter = free_spin_reel_counter: null

2019-08-24 12:10:33 - [TEST_STEP][PASSED] - println("reel 3 wild found: " + free_spin_reel_counter[0]): null

2019-08-24 12:10:33 - [TEST_STEP][PASSED] - println("reel 4 wild found: " + free_spin_reel_counter[1]): null

2019-08-24 12:10:33 - [TEST_STEP][PASSED] - println("reel 5 wild found: " + free_spin_reel_counter[2]): null

2019-08-24 12:10:33 - [TEST_STEP][PASSED] - M4_spin_reels = M4_spin_reels: null

2019-08-24 12:10:33 - [TEST_STEP][PASSED] - M4_spin_reels_symbols = symbol: null

2019-08-24 12:10:33 - [TEST_STEP][PASSED] - M4_spin_reels_symbols = M4_spin_reels_symbols: null

2019-08-24 12:10:33 - [TEST_STEP][PASSED] - M4_spin_reel_wins = reel_wins: null

2019-08-24 12:10:33 - [TEST_STEP][PASSED] - M4_spin_reel_wins = M4_spin_reel_wins: null

2019-08-24 12:10:33 - [TEST_STEP][PASSED] - println("GlobalVariable.M4_spin_reel_wins is: " + M4_spin_reel_wins): null

2019-08-24 12:10:33 - [TEST_STEP][PASSED] - M4_spin_total_bonus_win_this_round = total_bonus_win_this_round: null

2019-08-24 12:10:33 - [TEST_STEP][PASSED] - M4_spin_total_bonus_win_this_round = M4_spin_total_bonus_win_this_round: null

2019-08-24 12:10:33 - [TEST_STEP][PASSED] - println("GlobalVariable.M4_spin_total_bonus_win_this_round is: " + M4_spin_total_bonus_win_this_round): null

2019-08-24 12:10:33 - [TEST_STEP][PASSED] - M4_spin_bonus_spin_result = spin_result: null

2019-08-24 12:10:33 - [TEST_STEP][PASSED] - M4_spin_bonus_spin_result = M4_spin_bonus_spin_result: null

2019-08-24 12:10:33 - [MESSAGE][PASSED] - Verify response successfully

2019-08-24 12:10:33 - [MESSAGE][PASSED] - Send request and verify the response successfully

2019-08-24 12:10:33 - [TEST_STEP][PASSED] - if (M4_total_bonus_spins_int != 0 &amp;&amp; M4_spin_reels_symbols[2].contains("WILD_ExtraFG") || M4_spin_reels_symbols[3].contains("WILD_ExtraFG")): null

2019-08-24 12:10:33 - [TEST_STEP][PASSED] - free_spin_reel_counter = free_spin_reel_counter: null

2019-08-24 12:10:33 - [TEST_STEP][PASSED] - M4_spin_reels_symbols = M4_spin_reels_symbols: null

2019-08-24 12:10:33 - [TEST_STEP][PASSED] - M4_total_bonus_spins = M4_total_bonus_spins: null

2019-08-24 12:10:33 - [TEST_STEP][PASSED] - spin_result = sendRequestAndVerify(findTestObject("INT/RGS(M4)/1_M4_spin", ["M4_login_user_id":M4_login_user_id, "rgs_session_token":rgs_session_token, "partner":Partner])): Send request and verify the response successfully

2019-08-24 12:10:33 - [MESSAGE][INFO] - HAR: /Users/eiralee/Katalon_Script/SuperWild/Reports/20190824_120919/INT/superWild_3/20190824_120919/requests/main/20.har

2019-08-24 12:10:33 - [TEST_CASE][PASSED] - Start Test Case : Verification: Verification accomplished successfully

2019-08-24 12:10:33 - [TEST_STEP][PASSED] - request = getInstance().getCurrentRequest(): null

2019-08-24 12:10:34 - [TEST_STEP][PASSED] - response = getInstance().getCurrentResponse(): null

2019-08-24 12:10:34 - [TEST_STEP][PASSED] - verifyResponseStatusCode(response, 200): Verify response status code successfully

2019-08-24 12:10:34 - [MESSAGE][PASSED] - Verify response status code successfully

2019-08-24 12:10:34 - [TEST_STEP][PASSED] - getStatusCode()).isEqualTo(200): null

2019-08-24 12:10:34 - [TEST_STEP][PASSED] - newline = System.getProperty("line.separator"): null

2019-08-24 12:10:34 - [TEST_STEP][PASSED] - M4_spin = new groovy.json.JsonSlurper(): null

2019-08-24 12:10:34 - [TEST_STEP][PASSED] - result_M4_spin = M4_spin.parseText(response.getResponseBodyContent()): null

2019-08-24 12:10:34 - [TEST_STEP][PASSED] - M4_spin_current_balance = current_balance: null

2019-08-24 12:10:34 - [TEST_STEP][PASSED] - M4_spin_current_balance = M4_spin_current_balance: null

2019-08-24 12:10:34 - [TEST_STEP][PASSED] - M4_spin_transaction_id = causality: null

2019-08-24 12:10:34 - [TEST_STEP][PASSED] - M4_spin_transaction_id = M4_spin_transaction_id: null

2019-08-24 12:10:34 - [TEST_STEP][PASSED] - M4_spin_round_id = round_id: null

2019-08-24 12:10:34 - [TEST_STEP][PASSED] - M4_spin_round_id = M4_spin_round_id: null

2019-08-24 12:10:34 - [TEST_STEP][PASSED] - M4_spin_line_wins = line_wins: null

2019-08-24 12:10:34 - [TEST_STEP][PASSED] - M4_spin_line_wins = M4_spin_line_wins: null

2019-08-24 12:10:34 - [TEST_STEP][PASSED] - M4_total_bonus_spins_int = total_bonus_spins: null

2019-08-24 12:10:34 - [TEST_STEP][PASSED] - println("******M4_total_bonus_spins type is:*******" + newline + getClass().getName()): null

2019-08-24 12:10:34 - [TEST_STEP][PASSED] - M4_total_bonus_spins_int = M4_total_bonus_spins_int: null

2019-08-24 12:10:34 - [TEST_STEP][PASSED] - M4_total_bonus_spins = Integer.toString(M4_total_bonus_spins_int): null

2019-08-24 12:10:34 - [TEST_STEP][PASSED] - M4_total_bonus_spins = M4_total_bonus_spins: null

2019-08-24 12:10:34 - [TEST_STEP][PASSED] - println("M4_total_bonus_spins is:" + M4_total_bonus_spins): null

2019-08-24 12:10:34 - [TEST_STEP][PASSED] - M4_spin_bonus_data = bonus_data: null

2019-08-24 12:10:34 - [TEST_STEP][PASSED] - M4_spin_features_triggered = result_M4_spin: null

2019-08-24 12:10:34 - [TEST_STEP][PASSED] - wild = []: null

2019-08-24 12:10:34 - [TEST_STEP][PASSED] - wild[0] = "WILD_Expanding": null

2019-08-24 12:10:34 - [TEST_STEP][PASSED] - wild[1] = "WILD_Normal": null

2019-08-24 12:10:34 - [TEST_STEP][PASSED] - wild[2] = "WILD_Double": null

2019-08-24 12:10:34 - [TEST_STEP][PASSED] - wild[3] = "WILD_ExtraFG": null

2019-08-24 12:10:34 - [TEST_STEP][PASSED] - wild[4] = "WILD_Triple": null

2019-08-24 12:10:34 - [TEST_STEP][PASSED] - wildList = Arrays.asList(wild): null

2019-08-24 12:10:34 - [TEST_STEP][PASSED] - wildList = wildList: null

2019-08-24 12:10:34 - [TEST_STEP][PASSED] - free_spin_reel_counter = []: null

2019-08-24 12:10:34 - [TEST_STEP][PASSED] - free_spin_reel_counter[0] = 0: null

2019-08-24 12:10:34 - [TEST_STEP][PASSED] - free_spin_reel_counter[1] = 0: null

2019-08-24 12:10:34 - [TEST_STEP][PASSED] - free_spin_reel_counter[2] = 0: null

2019-08-24 12:10:34 - [TEST_STEP][PASSED] - M4_spin_reels = reels: null

2019-08-24 12:10:34 - [TEST_STEP][PASSED] - for ([i = 0, i &lt; M4_spin_reels.size(), (i++)]): null

2019-08-24 12:10:34 - [TEST_STEP][PASSED] - symbols = symbols: null

2019-08-24 12:10:34 - [TEST_STEP][PASSED] - for ([j = 0, j &lt; symbols.size(), (j++)]): null

2019-08-24 12:10:34 - [TEST_STEP][PASSED] - symbol = symbol: null

2019-08-24 12:10:34 - [TEST_STEP][PASSED] - println(symbol): null

2019-08-24 12:10:34 - [TEST_STEP][PASSED] - if (i == 2 &amp;&amp; wildList.indexOf(symbol) != -1): null

2019-08-24 12:10:34 - [TEST_STEP][PASSED] - if (i == 3 &amp;&amp; wildList.indexOf(symbol) != -1): null

2019-08-24 12:10:34 - [TEST_STEP][PASSED] - if (i == 4 &amp;&amp; wildList.indexOf(symbol) != -1): null

2019-08-24 12:10:34 - [TEST_STEP][PASSED] - symbol = symbol: null

2019-08-24 12:10:34 - [TEST_STEP][PASSED] - println(symbol): null

2019-08-24 12:10:34 - [TEST_STEP][PASSED] - if (i == 2 &amp;&amp; wildList.indexOf(symbol) != -1): null

2019-08-24 12:10:34 - [TEST_STEP][PASSED] - if (i == 3 &amp;&amp; wildList.indexOf(symbol) != -1): null

2019-08-24 12:10:34 - [TEST_STEP][PASSED] - if (i == 4 &amp;&amp; wildList.indexOf(symbol) != -1): null

2019-08-24 12:10:34 - [TEST_STEP][PASSED] - symbol = symbol: null

2019-08-24 12:10:34 - [TEST_STEP][PASSED] - println(symbol): null

2019-08-24 12:10:34 - [TEST_STEP][PASSED] - if (i == 2 &amp;&amp; wildList.indexOf(symbol) != -1): null

2019-08-24 12:10:34 - [TEST_STEP][PASSED] - if (i == 3 &amp;&amp; wildList.indexOf(symbol) != -1): null

2019-08-24 12:10:34 - [TEST_STEP][PASSED] - if (i == 4 &amp;&amp; wildList.indexOf(symbol) != -1): null

2019-08-24 12:10:34 - [TEST_STEP][PASSED] - symbols = symbols: null

2019-08-24 12:10:34 - [TEST_STEP][PASSED] - for ([j = 0, j &lt; symbols.size(), (j++)]): null

2019-08-24 12:10:34 - [TEST_STEP][PASSED] - symbol = symbol: null

2019-08-24 12:10:34 - [TEST_STEP][PASSED] - println(symbol): null

2019-08-24 12:10:34 - [TEST_STEP][PASSED] - if (i == 2 &amp;&amp; wildList.indexOf(symbol) != -1): null

2019-08-24 12:10:34 - [TEST_STEP][PASSED] - if (i == 3 &amp;&amp; wildList.indexOf(symbol) != -1): null

2019-08-24 12:10:34 - [TEST_STEP][PASSED] - if (i == 4 &amp;&amp; wildList.indexOf(symbol) != -1): null

2019-08-24 12:10:34 - [TEST_STEP][PASSED] - symbol = symbol: null

2019-08-24 12:10:34 - [TEST_STEP][PASSED] - println(symbol): null

2019-08-24 12:10:34 - [TEST_STEP][PASSED] - if (i == 2 &amp;&amp; wildList.indexOf(symbol) != -1): null

2019-08-24 12:10:34 - [TEST_STEP][PASSED] - if (i == 3 &amp;&amp; wildList.indexOf(symbol) != -1): null

2019-08-24 12:10:34 - [TEST_STEP][PASSED] - if (i == 4 &amp;&amp; wildList.indexOf(symbol) != -1): null

2019-08-24 12:10:34 - [TEST_STEP][PASSED] - symbol = symbol: null

2019-08-24 12:10:34 - [TEST_STEP][PASSED] - println(symbol): null

2019-08-24 12:10:34 - [TEST_STEP][PASSED] - if (i == 2 &amp;&amp; wildList.indexOf(symbol) != -1): null

2019-08-24 12:10:34 - [TEST_STEP][PASSED] - if (i == 3 &amp;&amp; wildList.indexOf(symbol) != -1): null

2019-08-24 12:10:34 - [TEST_STEP][PASSED] - if (i == 4 &amp;&amp; wildList.indexOf(symbol) != -1): null

2019-08-24 12:10:34 - [TEST_STEP][PASSED] - symbols = symbols: null

2019-08-24 12:10:34 - [TEST_STEP][PASSED] - for ([j = 0, j &lt; symbols.size(), (j++)]): null

2019-08-24 12:10:34 - [TEST_STEP][PASSED] - symbol = symbol: null

2019-08-24 12:10:34 - [TEST_STEP][PASSED] - println(symbol): null

2019-08-24 12:10:34 - [TEST_STEP][PASSED] - if (i == 2 &amp;&amp; wildList.indexOf(symbol) != -1): null

2019-08-24 12:10:34 - [TEST_STEP][PASSED] - if (i == 3 &amp;&amp; wildList.indexOf(symbol) != -1): null

2019-08-24 12:10:34 - [TEST_STEP][PASSED] - if (i == 4 &amp;&amp; wildList.indexOf(symbol) != -1): null

2019-08-24 12:10:34 - [TEST_STEP][PASSED] - symbol = symbol: null

2019-08-24 12:10:34 - [TEST_STEP][PASSED] - println(symbol): null

2019-08-24 12:10:34 - [TEST_STEP][PASSED] - if (i == 2 &amp;&amp; wildList.indexOf(symbol) != -1): null

2019-08-24 12:10:34 - [TEST_STEP][PASSED] - if (i == 3 &amp;&amp; wildList.indexOf(symbol) != -1): null

2019-08-24 12:10:34 - [TEST_STEP][PASSED] - if (i == 4 &amp;&amp; wildList.indexOf(symbol) != -1): null

2019-08-24 12:10:34 - [TEST_STEP][PASSED] - symbol = symbol: null

2019-08-24 12:10:34 - [TEST_STEP][PASSED] - println(symbol): null

2019-08-24 12:10:34 - [TEST_STEP][PASSED] - if (i == 2 &amp;&amp; wildList.indexOf(symbol) != -1): null

2019-08-24 12:10:34 - [TEST_STEP][PASSED] - if (i == 3 &amp;&amp; wildList.indexOf(symbol) != -1): null

2019-08-24 12:10:34 - [TEST_STEP][PASSED] - if (i == 4 &amp;&amp; wildList.indexOf(symbol) != -1): null

2019-08-24 12:10:34 - [TEST_STEP][PASSED] - symbols = symbols: null

2019-08-24 12:10:34 - [TEST_STEP][PASSED] - for ([j = 0, j &lt; symbols.size(), (j++)]): null

2019-08-24 12:10:34 - [TEST_STEP][PASSED] - symbol = symbol: null

2019-08-24 12:10:34 - [TEST_STEP][PASSED] - println(symbol): null

2019-08-24 12:10:34 - [TEST_STEP][PASSED] - if (i == 2 &amp;&amp; wildList.indexOf(symbol) != -1): null

2019-08-24 12:10:34 - [TEST_STEP][PASSED] - if (i == 3 &amp;&amp; wildList.indexOf(symbol) != -1): null

2019-08-24 12:10:34 - [TEST_STEP][PASSED] - println("wild found on reel 4, adding counter by 1"): null

2019-08-24 12:10:34 - [TEST_STEP][PASSED] - free_spin_reel_counter[1] = free_spin_reel_counter[1] + 1: null

2019-08-24 12:10:34 - [TEST_STEP][PASSED] - if (i == 4 &amp;&amp; wildList.indexOf(symbol) != -1): null

2019-08-24 12:10:34 - [TEST_STEP][PASSED] - symbol = symbol: null

2019-08-24 12:10:34 - [TEST_STEP][PASSED] - println(symbol): null

2019-08-24 12:10:34 - [TEST_STEP][PASSED] - if (i == 2 &amp;&amp; wildList.indexOf(symbol) != -1): null

2019-08-24 12:10:34 - [TEST_STEP][PASSED] - if (i == 3 &amp;&amp; wildList.indexOf(symbol) != -1): null

2019-08-24 12:10:34 - [TEST_STEP][PASSED] - if (i == 4 &amp;&amp; wildList.indexOf(symbol) != -1): null

2019-08-24 12:10:34 - [TEST_STEP][PASSED] - symbol = symbol: null

2019-08-24 12:10:34 - [TEST_STEP][PASSED] - println(symbol): null

2019-08-24 12:10:34 - [TEST_STEP][PASSED] - if (i == 2 &amp;&amp; wildList.indexOf(symbol) != -1): null

2019-08-24 12:10:34 - [TEST_STEP][PASSED] - if (i == 3 &amp;&amp; wildList.indexOf(symbol) != -1): null

2019-08-24 12:10:34 - [TEST_STEP][PASSED] - if (i == 4 &amp;&amp; wildList.indexOf(symbol) != -1): null

2019-08-24 12:10:34 - [TEST_STEP][PASSED] - symbols = symbols: null

2019-08-24 12:10:34 - [TEST_STEP][PASSED] - for ([j = 0, j &lt; symbols.size(), (j++)]): null

2019-08-24 12:10:34 - [TEST_STEP][PASSED] - symbol = symbol: null

2019-08-24 12:10:34 - [TEST_STEP][PASSED] - println(symbol): null

2019-08-24 12:10:34 - [TEST_STEP][PASSED] - if (i == 2 &amp;&amp; wildList.indexOf(symbol) != -1): null

2019-08-24 12:10:34 - [TEST_STEP][PASSED] - if (i == 3 &amp;&amp; wildList.indexOf(symbol) != -1): null

2019-08-24 12:10:34 - [TEST_STEP][PASSED] - if (i == 4 &amp;&amp; wildList.indexOf(symbol) != -1): null

2019-08-24 12:10:34 - [TEST_STEP][PASSED] - symbol = symbol: null

2019-08-24 12:10:34 - [TEST_STEP][PASSED] - println(symbol): null

2019-08-24 12:10:34 - [TEST_STEP][PASSED] - if (i == 2 &amp;&amp; wildList.indexOf(symbol) != -1): null

2019-08-24 12:10:34 - [TEST_STEP][PASSED] - if (i == 3 &amp;&amp; wildList.indexOf(symbol) != -1): null

2019-08-24 12:10:34 - [TEST_STEP][PASSED] - if (i == 4 &amp;&amp; wildList.indexOf(symbol) != -1): null

2019-08-24 12:10:34 - [TEST_STEP][PASSED] - symbol = symbol: null

2019-08-24 12:10:34 - [TEST_STEP][PASSED] - println(symbol): null

2019-08-24 12:10:34 - [TEST_STEP][PASSED] - if (i == 2 &amp;&amp; wildList.indexOf(symbol) != -1): null

2019-08-24 12:10:34 - [TEST_STEP][PASSED] - if (i == 3 &amp;&amp; wildList.indexOf(symbol) != -1): null

2019-08-24 12:10:34 - [TEST_STEP][PASSED] - if (i == 4 &amp;&amp; wildList.indexOf(symbol) != -1): null

2019-08-24 12:10:34 - [TEST_STEP][PASSED] - free_spin_reel_counter = free_spin_reel_counter: null

2019-08-24 12:10:34 - [TEST_STEP][PASSED] - println("reel 3 wild found: " + free_spin_reel_counter[0]): null

2019-08-24 12:10:34 - [TEST_STEP][PASSED] - println("reel 4 wild found: " + free_spin_reel_counter[1]): null

2019-08-24 12:10:34 - [TEST_STEP][PASSED] - println("reel 5 wild found: " + free_spin_reel_counter[2]): null

2019-08-24 12:10:34 - [TEST_STEP][PASSED] - M4_spin_reels = M4_spin_reels: null

2019-08-24 12:10:34 - [TEST_STEP][PASSED] - M4_spin_reels_symbols = symbol: null

2019-08-24 12:10:34 - [TEST_STEP][PASSED] - M4_spin_reels_symbols = M4_spin_reels_symbols: null

2019-08-24 12:10:34 - [TEST_STEP][PASSED] - M4_spin_reel_wins = reel_wins: null

2019-08-24 12:10:34 - [TEST_STEP][PASSED] - M4_spin_reel_wins = M4_spin_reel_wins: null

2019-08-24 12:10:34 - [TEST_STEP][PASSED] - println("GlobalVariable.M4_spin_reel_wins is: " + M4_spin_reel_wins): null

2019-08-24 12:10:34 - [TEST_STEP][PASSED] - M4_spin_total_bonus_win_this_round = total_bonus_win_this_round: null

2019-08-24 12:10:34 - [TEST_STEP][PASSED] - M4_spin_total_bonus_win_this_round = M4_spin_total_bonus_win_this_round: null

2019-08-24 12:10:34 - [TEST_STEP][PASSED] - println("GlobalVariable.M4_spin_total_bonus_win_this_round is: " + M4_spin_total_bonus_win_this_round): null

2019-08-24 12:10:34 - [TEST_STEP][PASSED] - M4_spin_bonus_spin_result = spin_result: null

2019-08-24 12:10:34 - [TEST_STEP][PASSED] - M4_spin_bonus_spin_result = M4_spin_bonus_spin_result: null

2019-08-24 12:10:34 - [MESSAGE][PASSED] - Verify response successfully

2019-08-24 12:10:34 - [MESSAGE][PASSED] - Send request and verify the response successfully

2019-08-24 12:10:34 - [TEST_STEP][PASSED] - if (M4_total_bonus_spins_int != 0 &amp;&amp; M4_spin_reels_symbols[2].contains("WILD_ExtraFG") || M4_spin_reels_symbols[3].contains("WILD_ExtraFG")): null

2019-08-24 12:10:34 - [TEST_STEP][PASSED] - free_spin_reel_counter = free_spin_reel_counter: null

2019-08-24 12:10:34 - [TEST_STEP][PASSED] - M4_spin_reels_symbols = M4_spin_reels_symbols: null

2019-08-24 12:10:34 - [TEST_STEP][PASSED] - M4_total_bonus_spins = M4_total_bonus_spins: null

2019-08-24 12:10:34 - [TEST_STEP][PASSED] - spin_result = sendRequestAndVerify(findTestObject("INT/RGS(M4)/1_M4_spin", ["M4_login_user_id":M4_login_user_id, "rgs_session_token":rgs_session_token, "partner":Partner])): Send request and verify the response successfully

2019-08-24 12:10:34 - [MESSAGE][INFO] - HAR: /Users/eiralee/Katalon_Script/SuperWild/Reports/20190824_120919/INT/superWild_3/20190824_120919/requests/main/21.har

2019-08-24 12:10:34 - [TEST_CASE][PASSED] - Start Test Case : Verification: Verification accomplished successfully

2019-08-24 12:10:34 - [TEST_STEP][PASSED] - request = getInstance().getCurrentRequest(): null

2019-08-24 12:10:34 - [TEST_STEP][PASSED] - response = getInstance().getCurrentResponse(): null

2019-08-24 12:10:34 - [TEST_STEP][PASSED] - verifyResponseStatusCode(response, 200): Verify response status code successfully

2019-08-24 12:10:34 - [MESSAGE][PASSED] - Verify response status code successfully

2019-08-24 12:10:34 - [TEST_STEP][PASSED] - getStatusCode()).isEqualTo(200): null

2019-08-24 12:10:34 - [TEST_STEP][PASSED] - newline = System.getProperty("line.separator"): null

2019-08-24 12:10:34 - [TEST_STEP][PASSED] - M4_spin = new groovy.json.JsonSlurper(): null

2019-08-24 12:10:34 - [TEST_STEP][PASSED] - result_M4_spin = M4_spin.parseText(response.getResponseBodyContent()): null

2019-08-24 12:10:34 - [TEST_STEP][PASSED] - M4_spin_current_balance = current_balance: null

2019-08-24 12:10:34 - [TEST_STEP][PASSED] - M4_spin_current_balance = M4_spin_current_balance: null

2019-08-24 12:10:34 - [TEST_STEP][PASSED] - M4_spin_transaction_id = causality: null

2019-08-24 12:10:34 - [TEST_STEP][PASSED] - M4_spin_transaction_id = M4_spin_transaction_id: null

2019-08-24 12:10:34 - [TEST_STEP][PASSED] - M4_spin_round_id = round_id: null

2019-08-24 12:10:34 - [TEST_STEP][PASSED] - M4_spin_round_id = M4_spin_round_id: null

2019-08-24 12:10:34 - [TEST_STEP][PASSED] - M4_spin_line_wins = line_wins: null

2019-08-24 12:10:34 - [TEST_STEP][PASSED] - M4_spin_line_wins = M4_spin_line_wins: null

2019-08-24 12:10:34 - [TEST_STEP][PASSED] - M4_total_bonus_spins_int = total_bonus_spins: null

2019-08-24 12:10:34 - [TEST_STEP][PASSED] - println("******M4_total_bonus_spins type is:*******" + newline + getClass().getName()): null

2019-08-24 12:10:34 - [TEST_STEP][PASSED] - M4_total_bonus_spins_int = M4_total_bonus_spins_int: null

2019-08-24 12:10:34 - [TEST_STEP][PASSED] - M4_total_bonus_spins = Integer.toString(M4_total_bonus_spins_int): null

2019-08-24 12:10:34 - [TEST_STEP][PASSED] - M4_total_bonus_spins = M4_total_bonus_spins: null

2019-08-24 12:10:34 - [TEST_STEP][PASSED] - println("M4_total_bonus_spins is:" + M4_total_bonus_spins): null

2019-08-24 12:10:34 - [TEST_STEP][PASSED] - M4_spin_bonus_data = bonus_data: null

2019-08-24 12:10:34 - [TEST_STEP][PASSED] - M4_spin_features_triggered = result_M4_spin: null

2019-08-24 12:10:34 - [TEST_STEP][PASSED] - wild = []: null

2019-08-24 12:10:34 - [TEST_STEP][PASSED] - wild[0] = "WILD_Expanding": null

2019-08-24 12:10:34 - [TEST_STEP][PASSED] - wild[1] = "WILD_Normal": null

2019-08-24 12:10:34 - [TEST_STEP][PASSED] - wild[2] = "WILD_Double": null

2019-08-24 12:10:34 - [TEST_STEP][PASSED] - wild[3] = "WILD_ExtraFG": null

2019-08-24 12:10:34 - [TEST_STEP][PASSED] - wild[4] = "WILD_Triple": null

2019-08-24 12:10:34 - [TEST_STEP][PASSED] - wildList = Arrays.asList(wild): null

2019-08-24 12:10:34 - [TEST_STEP][PASSED] - wildList = wildList: null

2019-08-24 12:10:34 - [TEST_STEP][PASSED] - free_spin_reel_counter = []: null

2019-08-24 12:10:34 - [TEST_STEP][PASSED] - free_spin_reel_counter[0] = 0: null

2019-08-24 12:10:34 - [TEST_STEP][PASSED] - free_spin_reel_counter[1] = 0: null

2019-08-24 12:10:34 - [TEST_STEP][PASSED] - free_spin_reel_counter[2] = 0: null

2019-08-24 12:10:34 - [TEST_STEP][PASSED] - M4_spin_reels = reels: null

2019-08-24 12:10:34 - [TEST_STEP][PASSED] - for ([i = 0, i &lt; M4_spin_reels.size(), (i++)]): null

2019-08-24 12:10:34 - [TEST_STEP][PASSED] - symbols = symbols: null

2019-08-24 12:10:34 - [TEST_STEP][PASSED] - for ([j = 0, j &lt; symbols.size(), (j++)]): null

2019-08-24 12:10:34 - [TEST_STEP][PASSED] - symbol = symbol: null

2019-08-24 12:10:34 - [TEST_STEP][PASSED] - println(symbol): null

2019-08-24 12:10:34 - [TEST_STEP][PASSED] - if (i == 2 &amp;&amp; wildList.indexOf(symbol) != -1): null

2019-08-24 12:10:34 - [TEST_STEP][PASSED] - if (i == 3 &amp;&amp; wildList.indexOf(symbol) != -1): null

2019-08-24 12:10:34 - [TEST_STEP][PASSED] - if (i == 4 &amp;&amp; wildList.indexOf(symbol) != -1): null

2019-08-24 12:10:34 - [TEST_STEP][PASSED] - symbol = symbol: null

2019-08-24 12:10:34 - [TEST_STEP][PASSED] - println(symbol): null

2019-08-24 12:10:34 - [TEST_STEP][PASSED] - if (i == 2 &amp;&amp; wildList.indexOf(symbol) != -1): null

2019-08-24 12:10:34 - [TEST_STEP][PASSED] - if (i == 3 &amp;&amp; wildList.indexOf(symbol) != -1): null

2019-08-24 12:10:34 - [TEST_STEP][PASSED] - if (i == 4 &amp;&amp; wildList.indexOf(symbol) != -1): null

2019-08-24 12:10:34 - [TEST_STEP][PASSED] - symbol = symbol: null

2019-08-24 12:10:34 - [TEST_STEP][PASSED] - println(symbol): null

2019-08-24 12:10:34 - [TEST_STEP][PASSED] - if (i == 2 &amp;&amp; wildList.indexOf(symbol) != -1): null

2019-08-24 12:10:34 - [TEST_STEP][PASSED] - if (i == 3 &amp;&amp; wildList.indexOf(symbol) != -1): null

2019-08-24 12:10:34 - [TEST_STEP][PASSED] - if (i == 4 &amp;&amp; wildList.indexOf(symbol) != -1): null

2019-08-24 12:10:34 - [TEST_STEP][PASSED] - symbols = symbols: null

2019-08-24 12:10:34 - [TEST_STEP][PASSED] - for ([j = 0, j &lt; symbols.size(), (j++)]): null

2019-08-24 12:10:34 - [TEST_STEP][PASSED] - symbol = symbol: null

2019-08-24 12:10:34 - [TEST_STEP][PASSED] - println(symbol): null

2019-08-24 12:10:34 - [TEST_STEP][PASSED] - if (i == 2 &amp;&amp; wildList.indexOf(symbol) != -1): null

2019-08-24 12:10:34 - [TEST_STEP][PASSED] - if (i == 3 &amp;&amp; wildList.indexOf(symbol) != -1): null

2019-08-24 12:10:34 - [TEST_STEP][PASSED] - if (i == 4 &amp;&amp; wildList.indexOf(symbol) != -1): null

2019-08-24 12:10:34 - [TEST_STEP][PASSED] - symbol = symbol: null

2019-08-24 12:10:34 - [TEST_STEP][PASSED] - println(symbol): null

2019-08-24 12:10:34 - [TEST_STEP][PASSED] - if (i == 2 &amp;&amp; wildList.indexOf(symbol) != -1): null

2019-08-24 12:10:34 - [TEST_STEP][PASSED] - if (i == 3 &amp;&amp; wildList.indexOf(symbol) != -1): null

2019-08-24 12:10:34 - [TEST_STEP][PASSED] - if (i == 4 &amp;&amp; wildList.indexOf(symbol) != -1): null

2019-08-24 12:10:34 - [TEST_STEP][PASSED] - symbol = symbol: null

2019-08-24 12:10:34 - [TEST_STEP][PASSED] - println(symbol): null

2019-08-24 12:10:34 - [TEST_STEP][PASSED] - if (i == 2 &amp;&amp; wildList.indexOf(symbol) != -1): null

2019-08-24 12:10:34 - [TEST_STEP][PASSED] - if (i == 3 &amp;&amp; wildList.indexOf(symbol) != -1): null

2019-08-24 12:10:34 - [TEST_STEP][PASSED] - if (i == 4 &amp;&amp; wildList.indexOf(symbol) != -1): null

2019-08-24 12:10:34 - [TEST_STEP][PASSED] - symbols = symbols: null

2019-08-24 12:10:34 - [TEST_STEP][PASSED] - for ([j = 0, j &lt; symbols.size(), (j++)]): null

2019-08-24 12:10:34 - [TEST_STEP][PASSED] - symbol = symbol: null

2019-08-24 12:10:34 - [TEST_STEP][PASSED] - println(symbol): null

2019-08-24 12:10:34 - [TEST_STEP][PASSED] - if (i == 2 &amp;&amp; wildList.indexOf(symbol) != -1): null

2019-08-24 12:10:34 - [TEST_STEP][PASSED] - if (i == 3 &amp;&amp; wildList.indexOf(symbol) != -1): null

2019-08-24 12:10:34 - [TEST_STEP][PASSED] - if (i == 4 &amp;&amp; wildList.indexOf(symbol) != -1): null

2019-08-24 12:10:34 - [TEST_STEP][PASSED] - symbol = symbol: null

2019-08-24 12:10:34 - [TEST_STEP][PASSED] - println(symbol): null

2019-08-24 12:10:34 - [TEST_STEP][PASSED] - if (i == 2 &amp;&amp; wildList.indexOf(symbol) != -1): null

2019-08-24 12:10:34 - [TEST_STEP][PASSED] - println("wild found on reel 3, adding counter by 1"): null

2019-08-24 12:10:34 - [TEST_STEP][PASSED] - free_spin_reel_counter[0] = free_spin_reel_counter[0] + 1: null

2019-08-24 12:10:34 - [TEST_STEP][PASSED] - if (i == 3 &amp;&amp; wildList.indexOf(symbol) != -1): null

2019-08-24 12:10:34 - [TEST_STEP][PASSED] - if (i == 4 &amp;&amp; wildList.indexOf(symbol) != -1): null

2019-08-24 12:10:34 - [TEST_STEP][PASSED] - symbol = symbol: null

2019-08-24 12:10:34 - [TEST_STEP][PASSED] - println(symbol): null

2019-08-24 12:10:34 - [TEST_STEP][PASSED] - if (i == 2 &amp;&amp; wildList.indexOf(symbol) != -1): null

2019-08-24 12:10:34 - [TEST_STEP][PASSED] - if (i == 3 &amp;&amp; wildList.indexOf(symbol) != -1): null

2019-08-24 12:10:34 - [TEST_STEP][PASSED] - if (i == 4 &amp;&amp; wildList.indexOf(symbol) != -1): null

2019-08-24 12:10:34 - [TEST_STEP][PASSED] - symbols = symbols: null

2019-08-24 12:10:34 - [TEST_STEP][PASSED] - for ([j = 0, j &lt; symbols.size(), (j++)]): null

2019-08-24 12:10:34 - [TEST_STEP][PASSED] - symbol = symbol: null

2019-08-24 12:10:34 - [TEST_STEP][PASSED] - println(symbol): null

2019-08-24 12:10:34 - [TEST_STEP][PASSED] - if (i == 2 &amp;&amp; wildList.indexOf(symbol) != -1): null

2019-08-24 12:10:34 - [TEST_STEP][PASSED] - if (i == 3 &amp;&amp; wildList.indexOf(symbol) != -1): null

2019-08-24 12:10:34 - [TEST_STEP][PASSED] - if (i == 4 &amp;&amp; wildList.indexOf(symbol) != -1): null

2019-08-24 12:10:34 - [TEST_STEP][PASSED] - symbol = symbol: null

2019-08-24 12:10:34 - [TEST_STEP][PASSED] - println(symbol): null

2019-08-24 12:10:34 - [TEST_STEP][PASSED] - if (i == 2 &amp;&amp; wildList.indexOf(symbol) != -1): null

2019-08-24 12:10:34 - [TEST_STEP][PASSED] - if (i == 3 &amp;&amp; wildList.indexOf(symbol) != -1): null

2019-08-24 12:10:34 - [TEST_STEP][PASSED] - if (i == 4 &amp;&amp; wildList.indexOf(symbol) != -1): null

2019-08-24 12:10:34 - [TEST_STEP][PASSED] - symbol = symbol: null

2019-08-24 12:10:34 - [TEST_STEP][PASSED] - println(symbol): null

2019-08-24 12:10:34 - [TEST_STEP][PASSED] - if (i == 2 &amp;&amp; wildList.indexOf(symbol) != -1): null

2019-08-24 12:10:34 - [TEST_STEP][PASSED] - if (i == 3 &amp;&amp; wildList.indexOf(symbol) != -1): null

2019-08-24 12:10:34 - [TEST_STEP][PASSED] - println("wild found on reel 4, adding counter by 1"): null

2019-08-24 12:10:34 - [TEST_STEP][PASSED] - free_spin_reel_counter[1] = free_spin_reel_counter[1] + 1: null

2019-08-24 12:10:34 - [TEST_STEP][PASSED] - if (i == 4 &amp;&amp; wildList.indexOf(symbol) != -1): null

2019-08-24 12:10:34 - [TEST_STEP][PASSED] - symbols = symbols: null

2019-08-24 12:10:34 - [TEST_STEP][PASSED] - for ([j = 0, j &lt; symbols.size(), (j++)]): null

2019-08-24 12:10:34 - [TEST_STEP][PASSED] - symbol = symbol: null

2019-08-24 12:10:34 - [TEST_STEP][PASSED] - println(symbol): null

2019-08-24 12:10:34 - [TEST_STEP][PASSED] - if (i == 2 &amp;&amp; wildList.indexOf(symbol) != -1): null

2019-08-24 12:10:34 - [TEST_STEP][PASSED] - if (i == 3 &amp;&amp; wildList.indexOf(symbol) != -1): null

2019-08-24 12:10:34 - [TEST_STEP][PASSED] - if (i == 4 &amp;&amp; wildList.indexOf(symbol) != -1): null

2019-08-24 12:10:34 - [TEST_STEP][PASSED] - symbol = symbol: null

2019-08-24 12:10:34 - [TEST_STEP][PASSED] - println(symbol): null

2019-08-24 12:10:34 - [TEST_STEP][PASSED] - if (i == 2 &amp;&amp; wildList.indexOf(symbol) != -1): null

2019-08-24 12:10:34 - [TEST_STEP][PASSED] - if (i == 3 &amp;&amp; wildList.indexOf(symbol) != -1): null

2019-08-24 12:10:34 - [TEST_STEP][PASSED] - if (i == 4 &amp;&amp; wildList.indexOf(symbol) != -1): null

2019-08-24 12:10:34 - [TEST_STEP][PASSED] - symbol = symbol: null

2019-08-24 12:10:34 - [TEST_STEP][PASSED] - println(symbol): null

2019-08-24 12:10:34 - [TEST_STEP][PASSED] - if (i == 2 &amp;&amp; wildList.indexOf(symbol) != -1): null

2019-08-24 12:10:34 - [TEST_STEP][PASSED] - if (i == 3 &amp;&amp; wildList.indexOf(symbol) != -1): null

2019-08-24 12:10:34 - [TEST_STEP][PASSED] - if (i == 4 &amp;&amp; wildList.indexOf(symbol) != -1): null

2019-08-24 12:10:34 - [TEST_STEP][PASSED] - free_spin_reel_counter = free_spin_reel_counter: null

2019-08-24 12:10:34 - [TEST_STEP][PASSED] - println("reel 3 wild found: " + free_spin_reel_counter[0]): null

2019-08-24 12:10:34 - [TEST_STEP][PASSED] - println("reel 4 wild found: " + free_spin_reel_counter[1]): null

2019-08-24 12:10:34 - [TEST_STEP][PASSED] - println("reel 5 wild found: " + free_spin_reel_counter[2]): null

2019-08-24 12:10:34 - [TEST_STEP][PASSED] - M4_spin_reels = M4_spin_reels: null

2019-08-24 12:10:34 - [TEST_STEP][PASSED] - M4_spin_reels_symbols = symbol: null

2019-08-24 12:10:34 - [TEST_STEP][PASSED] - M4_spin_reels_symbols = M4_spin_reels_symbols: null

2019-08-24 12:10:34 - [TEST_STEP][PASSED] - M4_spin_reel_wins = reel_wins: null

2019-08-24 12:10:34 - [TEST_STEP][PASSED] - M4_spin_reel_wins = M4_spin_reel_wins: null

2019-08-24 12:10:34 - [TEST_STEP][PASSED] - println("GlobalVariable.M4_spin_reel_wins is: " + M4_spin_reel_wins): null

2019-08-24 12:10:34 - [TEST_STEP][PASSED] - M4_spin_total_bonus_win_this_round = total_bonus_win_this_round: null

2019-08-24 12:10:43 - [TEST_STEP][PASSED] - M4_spin_total_bonus_win_this_round = M4_spin_total_bonus_win_this_round: null

2019-08-24 12:10:43 - [TEST_STEP][PASSED] - println("GlobalVariable.M4_spin_total_bonus_win_this_round is: " + M4_spin_total_bonus_win_this_round): null

2019-08-24 12:10:43 - [TEST_STEP][PASSED] - M4_spin_bonus_spin_result = spin_result: null

2019-08-24 12:10:43 - [TEST_STEP][PASSED] - M4_spin_bonus_spin_result = M4_spin_bonus_spin_result: null

2019-08-24 12:10:49 - [MESSAGE][PASSED] - Verify response successfully

2019-08-24 12:10:49 - [MESSAGE][PASSED] - Send request and verify the response successfully

2019-08-24 12:10:49 - [TEST_STEP][PASSED] - if (M4_total_bonus_spins_int != 0 &amp;&amp; M4_spin_reels_symbols[2].contains("WILD_ExtraFG") || M4_spin_reels_symbols[3].contains("WILD_ExtraFG")): null

2019-08-24 12:10:49 - [TEST_STEP][PASSED] - free_spin_reel_counter = free_spin_reel_counter: null

2019-08-24 12:10:49 - [TEST_STEP][PASSED] - M4_spin_reels_symbols = M4_spin_reels_symbols: null

2019-08-24 12:10:49 - [TEST_STEP][PASSED] - M4_total_bonus_spins = M4_total_bonus_spins: null

2019-08-24 12:10:49 - [TEST_STEP][PASSED] - spin_result = sendRequestAndVerify(findTestObject("INT/RGS(M4)/1_M4_spin", ["M4_login_user_id":M4_login_user_id, "rgs_session_token":rgs_session_token, "partner":Partner])): Send request and verify the response successfully

2019-08-24 12:10:50 - [MESSAGE][INFO] - HAR: /Users/eiralee/Katalon_Script/SuperWild/Reports/20190824_120919/INT/superWild_3/20190824_120919/requests/main/22.har

2019-08-24 12:10:50 - [TEST_CASE][PASSED] - Start Test Case : Verification: Verification accomplished successfully

2019-08-24 12:10:50 - [TEST_STEP][PASSED] - request = getInstance().getCurrentRequest(): null

2019-08-24 12:10:50 - [TEST_STEP][PASSED] - response = getInstance().getCurrentResponse(): null

2019-08-24 12:10:50 - [TEST_STEP][PASSED] - verifyResponseStatusCode(response, 200): Verify response status code successfully

2019-08-24 12:10:50 - [MESSAGE][PASSED] - Verify response status code successfully

2019-08-24 12:10:50 - [TEST_STEP][PASSED] - getStatusCode()).isEqualTo(200): null

2019-08-24 12:10:50 - [TEST_STEP][PASSED] - newline = System.getProperty("line.separator"): null

2019-08-24 12:10:50 - [TEST_STEP][PASSED] - M4_spin = new groovy.json.JsonSlurper(): null

2019-08-24 12:10:50 - [TEST_STEP][PASSED] - result_M4_spin = M4_spin.parseText(response.getResponseBodyContent()): null

2019-08-24 12:10:50 - [TEST_STEP][PASSED] - M4_spin_current_balance = current_balance: null

2019-08-24 12:10:50 - [TEST_STEP][PASSED] - M4_spin_current_balance = M4_spin_current_balance: null

2019-08-24 12:10:50 - [TEST_STEP][PASSED] - M4_spin_transaction_id = causality: null

2019-08-24 12:10:50 - [TEST_STEP][PASSED] - M4_spin_transaction_id = M4_spin_transaction_id: null

2019-08-24 12:10:50 - [TEST_STEP][PASSED] - M4_spin_round_id = round_id: null

2019-08-24 12:10:50 - [TEST_STEP][PASSED] - M4_spin_round_id = M4_spin_round_id: null

2019-08-24 12:10:50 - [TEST_STEP][PASSED] - M4_spin_line_wins = line_wins: null

2019-08-24 12:10:50 - [TEST_STEP][PASSED] - M4_spin_line_wins = M4_spin_line_wins: null

2019-08-24 12:10:50 - [TEST_STEP][PASSED] - M4_total_bonus_spins_int = total_bonus_spins: null

2019-08-24 12:10:50 - [TEST_STEP][PASSED] - println("******M4_total_bonus_spins type is:*******" + newline + getClass().getName()): null

2019-08-24 12:10:50 - [TEST_STEP][PASSED] - M4_total_bonus_spins_int = M4_total_bonus_spins_int: null

2019-08-24 12:10:50 - [TEST_STEP][PASSED] - M4_total_bonus_spins = Integer.toString(M4_total_bonus_spins_int): null

2019-08-24 12:10:50 - [TEST_STEP][PASSED] - M4_total_bonus_spins = M4_total_bonus_spins: null

2019-08-24 12:10:50 - [TEST_STEP][PASSED] - println("M4_total_bonus_spins is:" + M4_total_bonus_spins): null

2019-08-24 12:10:50 - [TEST_STEP][PASSED] - M4_spin_bonus_data = bonus_data: null

2019-08-24 12:10:50 - [TEST_STEP][PASSED] - M4_spin_features_triggered = result_M4_spin: null

2019-08-24 12:10:50 - [TEST_STEP][PASSED] - wild = []: null

2019-08-24 12:10:50 - [TEST_STEP][PASSED] - wild[0] = "WILD_Expanding": null

2019-08-24 12:10:50 - [TEST_STEP][PASSED] - wild[1] = "WILD_Normal": null

2019-08-24 12:10:50 - [TEST_STEP][PASSED] - wild[2] = "WILD_Double": null

2019-08-24 12:10:50 - [TEST_STEP][PASSED] - wild[3] = "WILD_ExtraFG": null

2019-08-24 12:10:50 - [TEST_STEP][PASSED] - wild[4] = "WILD_Triple": null

2019-08-24 12:10:50 - [TEST_STEP][PASSED] - wildList = Arrays.asList(wild): null

2019-08-24 12:10:50 - [TEST_STEP][PASSED] - wildList = wildList: null

2019-08-24 12:10:50 - [TEST_STEP][PASSED] - free_spin_reel_counter = []: null

2019-08-24 12:10:50 - [TEST_STEP][PASSED] - free_spin_reel_counter[0] = 0: null

2019-08-24 12:10:50 - [TEST_STEP][PASSED] - free_spin_reel_counter[1] = 0: null

2019-08-24 12:10:50 - [TEST_STEP][PASSED] - free_spin_reel_counter[2] = 0: null

2019-08-24 12:10:50 - [TEST_STEP][PASSED] - M4_spin_reels = reels: null

2019-08-24 12:10:50 - [TEST_STEP][PASSED] - for ([i = 0, i &lt; M4_spin_reels.size(), (i++)]): null

2019-08-24 12:10:50 - [TEST_STEP][PASSED] - symbols = symbols: null

2019-08-24 12:10:50 - [TEST_STEP][PASSED] - for ([j = 0, j &lt; symbols.size(), (j++)]): null

2019-08-24 12:10:50 - [TEST_STEP][PASSED] - symbol = symbol: null

2019-08-24 12:10:50 - [TEST_STEP][PASSED] - println(symbol): null

2019-08-24 12:10:50 - [TEST_STEP][PASSED] - if (i == 2 &amp;&amp; wildList.indexOf(symbol) != -1): null

2019-08-24 12:10:50 - [TEST_STEP][PASSED] - if (i == 3 &amp;&amp; wildList.indexOf(symbol) != -1): null

2019-08-24 12:10:50 - [TEST_STEP][PASSED] - if (i == 4 &amp;&amp; wildList.indexOf(symbol) != -1): null

2019-08-24 12:10:50 - [TEST_STEP][PASSED] - symbol = symbol: null

2019-08-24 12:10:50 - [TEST_STEP][PASSED] - println(symbol): null

2019-08-24 12:10:50 - [TEST_STEP][PASSED] - if (i == 2 &amp;&amp; wildList.indexOf(symbol) != -1): null

2019-08-24 12:10:50 - [TEST_STEP][PASSED] - if (i == 3 &amp;&amp; wildList.indexOf(symbol) != -1): null

2019-08-24 12:10:50 - [TEST_STEP][PASSED] - if (i == 4 &amp;&amp; wildList.indexOf(symbol) != -1): null

2019-08-24 12:10:50 - [TEST_STEP][PASSED] - symbol = symbol: null

2019-08-24 12:10:50 - [TEST_STEP][PASSED] - println(symbol): null

2019-08-24 12:10:50 - [TEST_STEP][PASSED] - if (i == 2 &amp;&amp; wildList.indexOf(symbol) != -1): null

2019-08-24 12:10:50 - [TEST_STEP][PASSED] - if (i == 3 &amp;&amp; wildList.indexOf(symbol) != -1): null

2019-08-24 12:10:50 - [TEST_STEP][PASSED] - if (i == 4 &amp;&amp; wildList.indexOf(symbol) != -1): null

2019-08-24 12:10:50 - [TEST_STEP][PASSED] - symbols = symbols: null

2019-08-24 12:10:50 - [TEST_STEP][PASSED] - for ([j = 0, j &lt; symbols.size(), (j++)]): null

2019-08-24 12:10:50 - [TEST_STEP][PASSED] - symbol = symbol: null

2019-08-24 12:10:50 - [TEST_STEP][PASSED] - println(symbol): null

2019-08-24 12:10:50 - [TEST_STEP][PASSED] - if (i == 2 &amp;&amp; wildList.indexOf(symbol) != -1): null

2019-08-24 12:10:50 - [TEST_STEP][PASSED] - if (i == 3 &amp;&amp; wildList.indexOf(symbol) != -1): null

2019-08-24 12:10:50 - [TEST_STEP][PASSED] - if (i == 4 &amp;&amp; wildList.indexOf(symbol) != -1): null

2019-08-24 12:10:50 - [TEST_STEP][PASSED] - symbol = symbol: null

2019-08-24 12:10:50 - [TEST_STEP][PASSED] - println(symbol): null

2019-08-24 12:10:50 - [TEST_STEP][PASSED] - if (i == 2 &amp;&amp; wildList.indexOf(symbol) != -1): null

2019-08-24 12:10:50 - [TEST_STEP][PASSED] - if (i == 3 &amp;&amp; wildList.indexOf(symbol) != -1): null

2019-08-24 12:10:50 - [TEST_STEP][PASSED] - if (i == 4 &amp;&amp; wildList.indexOf(symbol) != -1): null

2019-08-24 12:10:50 - [TEST_STEP][PASSED] - symbol = symbol: null

2019-08-24 12:10:50 - [TEST_STEP][PASSED] - println(symbol): null

2019-08-24 12:10:50 - [TEST_STEP][PASSED] - if (i == 2 &amp;&amp; wildList.indexOf(symbol) != -1): null

2019-08-24 12:10:50 - [TEST_STEP][PASSED] - if (i == 3 &amp;&amp; wildList.indexOf(symbol) != -1): null

2019-08-24 12:10:50 - [TEST_STEP][PASSED] - if (i == 4 &amp;&amp; wildList.indexOf(symbol) != -1): null

2019-08-24 12:10:50 - [TEST_STEP][PASSED] - symbols = symbols: null

2019-08-24 12:10:50 - [TEST_STEP][PASSED] - for ([j = 0, j &lt; symbols.size(), (j++)]): null

2019-08-24 12:10:50 - [TEST_STEP][PASSED] - symbol = symbol: null

2019-08-24 12:10:50 - [TEST_STEP][PASSED] - println(symbol): null

2019-08-24 12:10:50 - [TEST_STEP][PASSED] - if (i == 2 &amp;&amp; wildList.indexOf(symbol) != -1): null

2019-08-24 12:10:50 - [TEST_STEP][PASSED] - if (i == 3 &amp;&amp; wildList.indexOf(symbol) != -1): null

2019-08-24 12:10:50 - [TEST_STEP][PASSED] - if (i == 4 &amp;&amp; wildList.indexOf(symbol) != -1): null

2019-08-24 12:10:50 - [TEST_STEP][PASSED] - symbol = symbol: null

2019-08-24 12:10:50 - [TEST_STEP][PASSED] - println(symbol): null

2019-08-24 12:10:50 - [TEST_STEP][PASSED] - if (i == 2 &amp;&amp; wildList.indexOf(symbol) != -1): null

2019-08-24 12:10:50 - [TEST_STEP][PASSED] - if (i == 3 &amp;&amp; wildList.indexOf(symbol) != -1): null

2019-08-24 12:10:50 - [TEST_STEP][PASSED] - if (i == 4 &amp;&amp; wildList.indexOf(symbol) != -1): null

2019-08-24 12:10:50 - [TEST_STEP][PASSED] - symbol = symbol: null

2019-08-24 12:10:50 - [TEST_STEP][PASSED] - println(symbol): null

2019-08-24 12:10:50 - [TEST_STEP][PASSED] - if (i == 2 &amp;&amp; wildList.indexOf(symbol) != -1): null

2019-08-24 12:10:50 - [TEST_STEP][PASSED] - println("wild found on reel 3, adding counter by 1"): null

2019-08-24 12:10:50 - [TEST_STEP][PASSED] - free_spin_reel_counter[0] = free_spin_reel_counter[0] + 1: null

2019-08-24 12:10:50 - [TEST_STEP][PASSED] - if (i == 3 &amp;&amp; wildList.indexOf(symbol) != -1): null

2019-08-24 12:10:50 - [TEST_STEP][PASSED] - if (i == 4 &amp;&amp; wildList.indexOf(symbol) != -1): null

2019-08-24 12:10:50 - [TEST_STEP][PASSED] - symbols = symbols: null

2019-08-24 12:10:50 - [TEST_STEP][PASSED] - for ([j = 0, j &lt; symbols.size(), (j++)]): null

2019-08-24 12:10:50 - [TEST_STEP][PASSED] - symbol = symbol: null

2019-08-24 12:10:50 - [TEST_STEP][PASSED] - println(symbol): null

2019-08-24 12:10:50 - [TEST_STEP][PASSED] - if (i == 2 &amp;&amp; wildList.indexOf(symbol) != -1): null

2019-08-24 12:10:50 - [TEST_STEP][PASSED] - if (i == 3 &amp;&amp; wildList.indexOf(symbol) != -1): null

2019-08-24 12:10:50 - [TEST_STEP][PASSED] - if (i == 4 &amp;&amp; wildList.indexOf(symbol) != -1): null

2019-08-24 12:10:50 - [TEST_STEP][PASSED] - symbol = symbol: null

2019-08-24 12:10:50 - [TEST_STEP][PASSED] - println(symbol): null

2019-08-24 12:10:50 - [TEST_STEP][PASSED] - if (i == 2 &amp;&amp; wildList.indexOf(symbol) != -1): null

2019-08-24 12:10:50 - [TEST_STEP][PASSED] - if (i == 3 &amp;&amp; wildList.indexOf(symbol) != -1): null

2019-08-24 12:10:50 - [TEST_STEP][PASSED] - if (i == 4 &amp;&amp; wildList.indexOf(symbol) != -1): null

2019-08-24 12:10:50 - [TEST_STEP][PASSED] - symbol = symbol: null

2019-08-24 12:10:50 - [TEST_STEP][PASSED] - println(symbol): null

2019-08-24 12:10:50 - [TEST_STEP][PASSED] - if (i == 2 &amp;&amp; wildList.indexOf(symbol) != -1): null

2019-08-24 12:10:50 - [TEST_STEP][PASSED] - if (i == 3 &amp;&amp; wildList.indexOf(symbol) != -1): null

2019-08-24 12:10:50 - [TEST_STEP][PASSED] - if (i == 4 &amp;&amp; wildList.indexOf(symbol) != -1): null

2019-08-24 12:10:50 - [TEST_STEP][PASSED] - symbols = symbols: null

2019-08-24 12:10:50 - [TEST_STEP][PASSED] - for ([j = 0, j &lt; symbols.size(), (j++)]): null

2019-08-24 12:10:50 - [TEST_STEP][PASSED] - symbol = symbol: null

2019-08-24 12:10:50 - [TEST_STEP][PASSED] - println(symbol): null

2019-08-24 12:10:50 - [TEST_STEP][PASSED] - if (i == 2 &amp;&amp; wildList.indexOf(symbol) != -1): null

2019-08-24 12:10:50 - [TEST_STEP][PASSED] - if (i == 3 &amp;&amp; wildList.indexOf(symbol) != -1): null

2019-08-24 12:10:50 - [TEST_STEP][PASSED] - if (i == 4 &amp;&amp; wildList.indexOf(symbol) != -1): null

2019-08-24 12:10:50 - [TEST_STEP][PASSED] - symbol = symbol: null

2019-08-24 12:10:50 - [TEST_STEP][PASSED] - println(symbol): null

2019-08-24 12:10:50 - [TEST_STEP][PASSED] - if (i == 2 &amp;&amp; wildList.indexOf(symbol) != -1): null

2019-08-24 12:10:50 - [TEST_STEP][PASSED] - if (i == 3 &amp;&amp; wildList.indexOf(symbol) != -1): null

2019-08-24 12:10:50 - [TEST_STEP][PASSED] - if (i == 4 &amp;&amp; wildList.indexOf(symbol) != -1): null

2019-08-24 12:10:50 - [TEST_STEP][PASSED] - symbol = symbol: null

2019-08-24 12:10:50 - [TEST_STEP][PASSED] - println(symbol): null

2019-08-24 12:10:50 - [TEST_STEP][PASSED] - if (i == 2 &amp;&amp; wildList.indexOf(symbol) != -1): null

2019-08-24 12:10:50 - [TEST_STEP][PASSED] - if (i == 3 &amp;&amp; wildList.indexOf(symbol) != -1): null

2019-08-24 12:10:50 - [TEST_STEP][PASSED] - if (i == 4 &amp;&amp; wildList.indexOf(symbol) != -1): null

2019-08-24 12:10:50 - [TEST_STEP][PASSED] - free_spin_reel_counter = free_spin_reel_counter: null

2019-08-24 12:10:50 - [TEST_STEP][PASSED] - println("reel 3 wild found: " + free_spin_reel_counter[0]): null

2019-08-24 12:10:50 - [TEST_STEP][PASSED] - println("reel 4 wild found: " + free_spin_reel_counter[1]): null

2019-08-24 12:10:50 - [TEST_STEP][PASSED] - println("reel 5 wild found: " + free_spin_reel_counter[2]): null

2019-08-24 12:10:50 - [TEST_STEP][PASSED] - M4_spin_reels = M4_spin_reels: null

2019-08-24 12:10:50 - [TEST_STEP][PASSED] - M4_spin_reels_symbols = symbol: null

2019-08-24 12:10:50 - [TEST_STEP][PASSED] - M4_spin_reels_symbols = M4_spin_reels_symbols: null

2019-08-24 12:10:50 - [TEST_STEP][PASSED] - M4_spin_reel_wins = reel_wins: null

2019-08-24 12:10:50 - [TEST_STEP][PASSED] - M4_spin_reel_wins = M4_spin_reel_wins: null

2019-08-24 12:10:50 - [TEST_STEP][PASSED] - println("GlobalVariable.M4_spin_reel_wins is: " + M4_spin_reel_wins): null

2019-08-24 12:10:50 - [TEST_STEP][PASSED] - M4_spin_total_bonus_win_this_round = total_bonus_win_this_round: null

2019-08-24 12:10:50 - [TEST_STEP][PASSED] - M4_spin_total_bonus_win_this_round = M4_spin_total_bonus_win_this_round: null

2019-08-24 12:10:50 - [TEST_STEP][PASSED] - println("GlobalVariable.M4_spin_total_bonus_win_this_round is: " + M4_spin_total_bonus_win_this_round): null

2019-08-24 12:10:50 - [TEST_STEP][PASSED] - M4_spin_bonus_spin_result = spin_result: null

2019-08-24 12:10:50 - [TEST_STEP][PASSED] - M4_spin_bonus_spin_result = M4_spin_bonus_spin_result: null

2019-08-24 12:10:50 - [MESSAGE][PASSED] - Verify response successfully

2019-08-24 12:10:50 - [MESSAGE][PASSED] - Send request and verify the response successfully

2019-08-24 12:10:50 - [TEST_STEP][PASSED] - if (M4_total_bonus_spins_int != 0 &amp;&amp; M4_spin_reels_symbols[2].contains("WILD_ExtraFG") || M4_spin_reels_symbols[3].contains("WILD_ExtraFG")): null

2019-08-24 12:10:50 - [TEST_STEP][PASSED] - free_spin_reel_counter = free_spin_reel_counter: null

2019-08-24 12:10:50 - [TEST_STEP][PASSED] - M4_spin_reels_symbols = M4_spin_reels_symbols: null

2019-08-24 12:10:50 - [TEST_STEP][PASSED] - M4_total_bonus_spins = M4_total_bonus_spins: null

2019-08-24 12:10:50 - [TEST_STEP][PASSED] - spin_result = sendRequestAndVerify(findTestObject("INT/RGS(M4)/1_M4_spin", ["M4_login_user_id":M4_login_user_id, "rgs_session_token":rgs_session_token, "partner":Partner])): Send request and verify the response successfully

2019-08-24 12:10:51 - [MESSAGE][INFO] - HAR: /Users/eiralee/Katalon_Script/SuperWild/Reports/20190824_120919/INT/superWild_3/20190824_120919/requests/main/23.har

2019-08-24 12:10:51 - [TEST_CASE][PASSED] - Start Test Case : Verification: Verification accomplished successfully

2019-08-24 12:10:51 - [TEST_STEP][PASSED] - request = getInstance().getCurrentRequest(): null

2019-08-24 12:10:51 - [TEST_STEP][PASSED] - response = getInstance().getCurrentResponse(): null

2019-08-24 12:10:51 - [TEST_STEP][PASSED] - verifyResponseStatusCode(response, 200): Verify response status code successfully

2019-08-24 12:10:51 - [MESSAGE][PASSED] - Verify response status code successfully

2019-08-24 12:10:51 - [TEST_STEP][PASSED] - getStatusCode()).isEqualTo(200): null

2019-08-24 12:10:51 - [TEST_STEP][PASSED] - newline = System.getProperty("line.separator"): null

2019-08-24 12:10:51 - [TEST_STEP][PASSED] - M4_spin = new groovy.json.JsonSlurper(): null

2019-08-24 12:10:51 - [TEST_STEP][PASSED] - result_M4_spin = M4_spin.parseText(response.getResponseBodyContent()): null

2019-08-24 12:10:51 - [TEST_STEP][PASSED] - M4_spin_current_balance = current_balance: null

2019-08-24 12:10:51 - [TEST_STEP][PASSED] - M4_spin_current_balance = M4_spin_current_balance: null

2019-08-24 12:10:51 - [TEST_STEP][PASSED] - M4_spin_transaction_id = causality: null

2019-08-24 12:10:51 - [TEST_STEP][PASSED] - M4_spin_transaction_id = M4_spin_transaction_id: null

2019-08-24 12:10:51 - [TEST_STEP][PASSED] - M4_spin_round_id = round_id: null

2019-08-24 12:10:51 - [TEST_STEP][PASSED] - M4_spin_round_id = M4_spin_round_id: null

2019-08-24 12:10:51 - [TEST_STEP][PASSED] - M4_spin_line_wins = line_wins: null

2019-08-24 12:10:51 - [TEST_STEP][PASSED] - M4_spin_line_wins = M4_spin_line_wins: null

2019-08-24 12:10:51 - [TEST_STEP][PASSED] - M4_total_bonus_spins_int = total_bonus_spins: null

2019-08-24 12:10:51 - [TEST_STEP][PASSED] - println("******M4_total_bonus_spins type is:*******" + newline + getClass().getName()): null

2019-08-24 12:10:51 - [TEST_STEP][PASSED] - M4_total_bonus_spins_int = M4_total_bonus_spins_int: null

2019-08-24 12:10:51 - [TEST_STEP][PASSED] - M4_total_bonus_spins = Integer.toString(M4_total_bonus_spins_int): null

2019-08-24 12:10:51 - [TEST_STEP][PASSED] - M4_total_bonus_spins = M4_total_bonus_spins: null

2019-08-24 12:10:51 - [TEST_STEP][PASSED] - println("M4_total_bonus_spins is:" + M4_total_bonus_spins): null

2019-08-24 12:10:51 - [TEST_STEP][PASSED] - M4_spin_bonus_data = bonus_data: null

2019-08-24 12:10:51 - [TEST_STEP][PASSED] - M4_spin_features_triggered = result_M4_spin: null

2019-08-24 12:10:51 - [TEST_STEP][PASSED] - wild = []: null

2019-08-24 12:10:51 - [TEST_STEP][PASSED] - wild[0] = "WILD_Expanding": null

2019-08-24 12:10:51 - [TEST_STEP][PASSED] - wild[1] = "WILD_Normal": null

2019-08-24 12:10:51 - [TEST_STEP][PASSED] - wild[2] = "WILD_Double": null

2019-08-24 12:10:51 - [TEST_STEP][PASSED] - wild[3] = "WILD_ExtraFG": null

2019-08-24 12:10:51 - [TEST_STEP][PASSED] - wild[4] = "WILD_Triple": null

2019-08-24 12:10:51 - [TEST_STEP][PASSED] - wildList = Arrays.asList(wild): null

2019-08-24 12:10:51 - [TEST_STEP][PASSED] - wildList = wildList: null

2019-08-24 12:10:51 - [TEST_STEP][PASSED] - free_spin_reel_counter = []: null

2019-08-24 12:10:51 - [TEST_STEP][PASSED] - free_spin_reel_counter[0] = 0: null

2019-08-24 12:10:51 - [TEST_STEP][PASSED] - free_spin_reel_counter[1] = 0: null

2019-08-24 12:10:51 - [TEST_STEP][PASSED] - free_spin_reel_counter[2] = 0: null

2019-08-24 12:10:51 - [TEST_STEP][PASSED] - M4_spin_reels = reels: null

2019-08-24 12:10:51 - [TEST_STEP][PASSED] - for ([i = 0, i &lt; M4_spin_reels.size(), (i++)]): null

2019-08-24 12:10:51 - [TEST_STEP][PASSED] - symbols = symbols: null

2019-08-24 12:10:51 - [TEST_STEP][PASSED] - for ([j = 0, j &lt; symbols.size(), (j++)]): null

2019-08-24 12:10:51 - [TEST_STEP][PASSED] - symbol = symbol: null

2019-08-24 12:10:51 - [TEST_STEP][PASSED] - println(symbol): null

2019-08-24 12:10:51 - [TEST_STEP][PASSED] - if (i == 2 &amp;&amp; wildList.indexOf(symbol) != -1): null

2019-08-24 12:10:51 - [TEST_STEP][PASSED] - if (i == 3 &amp;&amp; wildList.indexOf(symbol) != -1): null

2019-08-24 12:10:51 - [TEST_STEP][PASSED] - if (i == 4 &amp;&amp; wildList.indexOf(symbol) != -1): null

2019-08-24 12:10:51 - [TEST_STEP][PASSED] - symbol = symbol: null

2019-08-24 12:10:51 - [TEST_STEP][PASSED] - println(symbol): null

2019-08-24 12:10:51 - [TEST_STEP][PASSED] - if (i == 2 &amp;&amp; wildList.indexOf(symbol) != -1): null

2019-08-24 12:10:51 - [TEST_STEP][PASSED] - if (i == 3 &amp;&amp; wildList.indexOf(symbol) != -1): null

2019-08-24 12:10:51 - [TEST_STEP][PASSED] - if (i == 4 &amp;&amp; wildList.indexOf(symbol) != -1): null

2019-08-24 12:10:51 - [TEST_STEP][PASSED] - symbol = symbol: null

2019-08-24 12:10:51 - [TEST_STEP][PASSED] - println(symbol): null

2019-08-24 12:10:51 - [TEST_STEP][PASSED] - if (i == 2 &amp;&amp; wildList.indexOf(symbol) != -1): null

2019-08-24 12:10:51 - [TEST_STEP][PASSED] - if (i == 3 &amp;&amp; wildList.indexOf(symbol) != -1): null

2019-08-24 12:10:51 - [TEST_STEP][PASSED] - if (i == 4 &amp;&amp; wildList.indexOf(symbol) != -1): null

2019-08-24 12:10:51 - [TEST_STEP][PASSED] - symbols = symbols: null

2019-08-24 12:10:51 - [TEST_STEP][PASSED] - for ([j = 0, j &lt; symbols.size(), (j++)]): null

2019-08-24 12:10:51 - [TEST_STEP][PASSED] - symbol = symbol: null

2019-08-24 12:10:51 - [TEST_STEP][PASSED] - println(symbol): null

2019-08-24 12:10:51 - [TEST_STEP][PASSED] - if (i == 2 &amp;&amp; wildList.indexOf(symbol) != -1): null

2019-08-24 12:10:51 - [TEST_STEP][PASSED] - if (i == 3 &amp;&amp; wildList.indexOf(symbol) != -1): null

2019-08-24 12:10:51 - [TEST_STEP][PASSED] - if (i == 4 &amp;&amp; wildList.indexOf(symbol) != -1): null

2019-08-24 12:10:51 - [TEST_STEP][PASSED] - symbol = symbol: null

2019-08-24 12:10:51 - [TEST_STEP][PASSED] - println(symbol): null

2019-08-24 12:10:51 - [TEST_STEP][PASSED] - if (i == 2 &amp;&amp; wildList.indexOf(symbol) != -1): null

2019-08-24 12:10:51 - [TEST_STEP][PASSED] - if (i == 3 &amp;&amp; wildList.indexOf(symbol) != -1): null

2019-08-24 12:10:51 - [TEST_STEP][PASSED] - if (i == 4 &amp;&amp; wildList.indexOf(symbol) != -1): null

2019-08-24 12:10:51 - [TEST_STEP][PASSED] - symbol = symbol: null

2019-08-24 12:10:51 - [TEST_STEP][PASSED] - println(symbol): null

2019-08-24 12:10:51 - [TEST_STEP][PASSED] - if (i == 2 &amp;&amp; wildList.indexOf(symbol) != -1): null

2019-08-24 12:10:51 - [TEST_STEP][PASSED] - if (i == 3 &amp;&amp; wildList.indexOf(symbol) != -1): null

2019-08-24 12:10:51 - [TEST_STEP][PASSED] - if (i == 4 &amp;&amp; wildList.indexOf(symbol) != -1): null

2019-08-24 12:10:51 - [TEST_STEP][PASSED] - symbols = symbols: null

2019-08-24 12:10:51 - [TEST_STEP][PASSED] - for ([j = 0, j &lt; symbols.size(), (j++)]): null

2019-08-24 12:10:51 - [TEST_STEP][PASSED] - symbol = symbol: null

2019-08-24 12:10:51 - [TEST_STEP][PASSED] - println(symbol): null

2019-08-24 12:10:51 - [TEST_STEP][PASSED] - if (i == 2 &amp;&amp; wildList.indexOf(symbol) != -1): null

2019-08-24 12:10:51 - [TEST_STEP][PASSED] - if (i == 3 &amp;&amp; wildList.indexOf(symbol) != -1): null

2019-08-24 12:10:51 - [TEST_STEP][PASSED] - if (i == 4 &amp;&amp; wildList.indexOf(symbol) != -1): null

2019-08-24 12:10:51 - [TEST_STEP][PASSED] - symbol = symbol: null

2019-08-24 12:10:51 - [TEST_STEP][PASSED] - println(symbol): null

2019-08-24 12:10:51 - [TEST_STEP][PASSED] - if (i == 2 &amp;&amp; wildList.indexOf(symbol) != -1): null

2019-08-24 12:10:51 - [TEST_STEP][PASSED] - if (i == 3 &amp;&amp; wildList.indexOf(symbol) != -1): null

2019-08-24 12:10:51 - [TEST_STEP][PASSED] - if (i == 4 &amp;&amp; wildList.indexOf(symbol) != -1): null

2019-08-24 12:10:51 - [TEST_STEP][PASSED] - symbol = symbol: null

2019-08-24 12:10:51 - [TEST_STEP][PASSED] - println(symbol): null

2019-08-24 12:10:51 - [TEST_STEP][PASSED] - if (i == 2 &amp;&amp; wildList.indexOf(symbol) != -1): null

2019-08-24 12:10:51 - [TEST_STEP][PASSED] - if (i == 3 &amp;&amp; wildList.indexOf(symbol) != -1): null

2019-08-24 12:10:51 - [TEST_STEP][PASSED] - if (i == 4 &amp;&amp; wildList.indexOf(symbol) != -1): null

2019-08-24 12:10:51 - [TEST_STEP][PASSED] - symbols = symbols: null

2019-08-24 12:10:51 - [TEST_STEP][PASSED] - for ([j = 0, j &lt; symbols.size(), (j++)]): null

2019-08-24 12:10:51 - [TEST_STEP][PASSED] - symbol = symbol: null

2019-08-24 12:10:51 - [TEST_STEP][PASSED] - println(symbol): null

2019-08-24 12:10:51 - [TEST_STEP][PASSED] - if (i == 2 &amp;&amp; wildList.indexOf(symbol) != -1): null

2019-08-24 12:10:51 - [TEST_STEP][PASSED] - if (i == 3 &amp;&amp; wildList.indexOf(symbol) != -1): null

2019-08-24 12:10:51 - [TEST_STEP][PASSED] - if (i == 4 &amp;&amp; wildList.indexOf(symbol) != -1): null

2019-08-24 12:10:51 - [TEST_STEP][PASSED] - symbol = symbol: null

2019-08-24 12:10:51 - [TEST_STEP][PASSED] - println(symbol): null

2019-08-24 12:10:51 - [TEST_STEP][PASSED] - if (i == 2 &amp;&amp; wildList.indexOf(symbol) != -1): null

2019-08-24 12:10:51 - [TEST_STEP][PASSED] - if (i == 3 &amp;&amp; wildList.indexOf(symbol) != -1): null

2019-08-24 12:10:51 - [TEST_STEP][PASSED] - if (i == 4 &amp;&amp; wildList.indexOf(symbol) != -1): null

2019-08-24 12:10:51 - [TEST_STEP][PASSED] - symbol = symbol: null

2019-08-24 12:10:51 - [TEST_STEP][PASSED] - println(symbol): null

2019-08-24 12:10:51 - [TEST_STEP][PASSED] - if (i == 2 &amp;&amp; wildList.indexOf(symbol) != -1): null

2019-08-24 12:10:51 - [TEST_STEP][PASSED] - if (i == 3 &amp;&amp; wildList.indexOf(symbol) != -1): null

2019-08-24 12:10:51 - [TEST_STEP][PASSED] - if (i == 4 &amp;&amp; wildList.indexOf(symbol) != -1): null

2019-08-24 12:10:51 - [TEST_STEP][PASSED] - symbols = symbols: null

2019-08-24 12:10:51 - [TEST_STEP][PASSED] - for ([j = 0, j &lt; symbols.size(), (j++)]): null

2019-08-24 12:10:51 - [TEST_STEP][PASSED] - symbol = symbol: null

2019-08-24 12:10:51 - [TEST_STEP][PASSED] - println(symbol): null

2019-08-24 12:10:51 - [TEST_STEP][PASSED] - if (i == 2 &amp;&amp; wildList.indexOf(symbol) != -1): null

2019-08-24 12:10:51 - [TEST_STEP][PASSED] - if (i == 3 &amp;&amp; wildList.indexOf(symbol) != -1): null

2019-08-24 12:10:51 - [TEST_STEP][PASSED] - if (i == 4 &amp;&amp; wildList.indexOf(symbol) != -1): null

2019-08-24 12:10:51 - [TEST_STEP][PASSED] - symbol = symbol: null

2019-08-24 12:10:51 - [TEST_STEP][PASSED] - println(symbol): null

2019-08-24 12:10:51 - [TEST_STEP][PASSED] - if (i == 2 &amp;&amp; wildList.indexOf(symbol) != -1): null

2019-08-24 12:10:51 - [TEST_STEP][PASSED] - if (i == 3 &amp;&amp; wildList.indexOf(symbol) != -1): null

2019-08-24 12:10:51 - [TEST_STEP][PASSED] - if (i == 4 &amp;&amp; wildList.indexOf(symbol) != -1): null

2019-08-24 12:10:51 - [TEST_STEP][PASSED] - symbol = symbol: null

2019-08-24 12:10:51 - [TEST_STEP][PASSED] - println(symbol): null

2019-08-24 12:10:51 - [TEST_STEP][PASSED] - if (i == 2 &amp;&amp; wildList.indexOf(symbol) != -1): null

2019-08-24 12:10:51 - [TEST_STEP][PASSED] - if (i == 3 &amp;&amp; wildList.indexOf(symbol) != -1): null

2019-08-24 12:10:51 - [TEST_STEP][PASSED] - if (i == 4 &amp;&amp; wildList.indexOf(symbol) != -1): null

2019-08-24 12:10:51 - [TEST_STEP][PASSED] - free_spin_reel_counter = free_spin_reel_counter: null

2019-08-24 12:10:51 - [TEST_STEP][PASSED] - println("reel 3 wild found: " + free_spin_reel_counter[0]): null

2019-08-24 12:10:51 - [TEST_STEP][PASSED] - println("reel 4 wild found: " + free_spin_reel_counter[1]): null

2019-08-24 12:10:51 - [TEST_STEP][PASSED] - println("reel 5 wild found: " + free_spin_reel_counter[2]): null

2019-08-24 12:10:51 - [TEST_STEP][PASSED] - M4_spin_reels = M4_spin_reels: null

2019-08-24 12:10:51 - [TEST_STEP][PASSED] - M4_spin_reels_symbols = symbol: null

2019-08-24 12:10:51 - [TEST_STEP][PASSED] - M4_spin_reels_symbols = M4_spin_reels_symbols: null

2019-08-24 12:10:51 - [TEST_STEP][PASSED] - M4_spin_reel_wins = reel_wins: null

2019-08-24 12:10:51 - [TEST_STEP][PASSED] - M4_spin_reel_wins = M4_spin_reel_wins: null

2019-08-24 12:10:51 - [TEST_STEP][PASSED] - println("GlobalVariable.M4_spin_reel_wins is: " + M4_spin_reel_wins): null

2019-08-24 12:10:51 - [TEST_STEP][PASSED] - M4_spin_total_bonus_win_this_round = total_bonus_win_this_round: null

2019-08-24 12:10:51 - [TEST_STEP][PASSED] - M4_spin_total_bonus_win_this_round = M4_spin_total_bonus_win_this_round: null

2019-08-24 12:10:51 - [TEST_STEP][PASSED] - println("GlobalVariable.M4_spin_total_bonus_win_this_round is: " + M4_spin_total_bonus_win_this_round): null

2019-08-24 12:10:51 - [TEST_STEP][PASSED] - M4_spin_bonus_spin_result = spin_result: null

2019-08-24 12:10:51 - [TEST_STEP][PASSED] - M4_spin_bonus_spin_result = M4_spin_bonus_spin_result: null

2019-08-24 12:10:51 - [MESSAGE][PASSED] - Verify response successfully

2019-08-24 12:10:51 - [MESSAGE][PASSED] - Send request and verify the response successfully

2019-08-24 12:10:51 - [TEST_STEP][PASSED] - if (M4_total_bonus_spins_int != 0 &amp;&amp; M4_spin_reels_symbols[2].contains("WILD_ExtraFG") || M4_spin_reels_symbols[3].contains("WILD_ExtraFG")): null

2019-08-24 12:10:51 - [TEST_STEP][PASSED] - free_spin_reel_counter = free_spin_reel_counter: null

2019-08-24 12:10:51 - [TEST_STEP][PASSED] - M4_spin_reels_symbols = M4_spin_reels_symbols: null

2019-08-24 12:10:51 - [TEST_STEP][PASSED] - M4_total_bonus_spins = M4_total_bonus_spins: null

2019-08-24 12:10:51 - [TEST_STEP][PASSED] - spin_result = sendRequestAndVerify(findTestObject("INT/RGS(M4)/1_M4_spin", ["M4_login_user_id":M4_login_user_id, "rgs_session_token":rgs_session_token, "partner":Partner])): Send request and verify the response successfully

2019-08-24 12:10:51 - [MESSAGE][INFO] - HAR: /Users/eiralee/Katalon_Script/SuperWild/Reports/20190824_120919/INT/superWild_3/20190824_120919/requests/main/24.har

2019-08-24 12:10:51 - [TEST_CASE][PASSED] - Start Test Case : Verification: Verification accomplished successfully

2019-08-24 12:10:51 - [TEST_STEP][PASSED] - request = getInstance().getCurrentRequest(): null

2019-08-24 12:10:51 - [TEST_STEP][PASSED] - response = getInstance().getCurrentResponse(): null

2019-08-24 12:10:51 - [TEST_STEP][PASSED] - verifyResponseStatusCode(response, 200): Verify response status code successfully

2019-08-24 12:10:51 - [MESSAGE][PASSED] - Verify response status code successfully

2019-08-24 12:10:51 - [TEST_STEP][PASSED] - getStatusCode()).isEqualTo(200): null

2019-08-24 12:10:51 - [TEST_STEP][PASSED] - newline = System.getProperty("line.separator"): null

2019-08-24 12:10:51 - [TEST_STEP][PASSED] - M4_spin = new groovy.json.JsonSlurper(): null

2019-08-24 12:10:51 - [TEST_STEP][PASSED] - result_M4_spin = M4_spin.parseText(response.getResponseBodyContent()): null

2019-08-24 12:10:51 - [TEST_STEP][PASSED] - M4_spin_current_balance = current_balance: null

2019-08-24 12:10:51 - [TEST_STEP][PASSED] - M4_spin_current_balance = M4_spin_current_balance: null

2019-08-24 12:10:51 - [TEST_STEP][PASSED] - M4_spin_transaction_id = causality: null

2019-08-24 12:10:51 - [TEST_STEP][PASSED] - M4_spin_transaction_id = M4_spin_transaction_id: null

2019-08-24 12:10:51 - [TEST_STEP][PASSED] - M4_spin_round_id = round_id: null

2019-08-24 12:10:51 - [TEST_STEP][PASSED] - M4_spin_round_id = M4_spin_round_id: null

2019-08-24 12:10:51 - [TEST_STEP][PASSED] - M4_spin_line_wins = line_wins: null

2019-08-24 12:10:51 - [TEST_STEP][PASSED] - M4_spin_line_wins = M4_spin_line_wins: null

2019-08-24 12:10:51 - [TEST_STEP][PASSED] - M4_total_bonus_spins_int = total_bonus_spins: null

2019-08-24 12:10:51 - [TEST_STEP][PASSED] - println("******M4_total_bonus_spins type is:*******" + newline + getClass().getName()): null

2019-08-24 12:10:51 - [TEST_STEP][PASSED] - M4_total_bonus_spins_int = M4_total_bonus_spins_int: null

2019-08-24 12:10:51 - [TEST_STEP][PASSED] - M4_total_bonus_spins = Integer.toString(M4_total_bonus_spins_int): null

2019-08-24 12:10:51 - [TEST_STEP][PASSED] - M4_total_bonus_spins = M4_total_bonus_spins: null

2019-08-24 12:10:51 - [TEST_STEP][PASSED] - println("M4_total_bonus_spins is:" + M4_total_bonus_spins): null

2019-08-24 12:10:51 - [TEST_STEP][PASSED] - M4_spin_bonus_data = bonus_data: null

2019-08-24 12:10:51 - [TEST_STEP][PASSED] - M4_spin_features_triggered = result_M4_spin: null

2019-08-24 12:10:51 - [TEST_STEP][PASSED] - wild = []: null

2019-08-24 12:10:51 - [TEST_STEP][PASSED] - wild[0] = "WILD_Expanding": null

2019-08-24 12:10:51 - [TEST_STEP][PASSED] - wild[1] = "WILD_Normal": null

2019-08-24 12:10:51 - [TEST_STEP][PASSED] - wild[2] = "WILD_Double": null

2019-08-24 12:10:51 - [TEST_STEP][PASSED] - wild[3] = "WILD_ExtraFG": null

2019-08-24 12:10:51 - [TEST_STEP][PASSED] - wild[4] = "WILD_Triple": null

2019-08-24 12:10:51 - [TEST_STEP][PASSED] - wildList = Arrays.asList(wild): null

2019-08-24 12:10:51 - [TEST_STEP][PASSED] - wildList = wildList: null

2019-08-24 12:10:51 - [TEST_STEP][PASSED] - free_spin_reel_counter = []: null

2019-08-24 12:10:51 - [TEST_STEP][PASSED] - free_spin_reel_counter[0] = 0: null

2019-08-24 12:10:51 - [TEST_STEP][PASSED] - free_spin_reel_counter[1] = 0: null

2019-08-24 12:10:51 - [TEST_STEP][PASSED] - free_spin_reel_counter[2] = 0: null

2019-08-24 12:10:51 - [TEST_STEP][PASSED] - M4_spin_reels = reels: null

2019-08-24 12:10:51 - [TEST_STEP][PASSED] - for ([i = 0, i &lt; M4_spin_reels.size(), (i++)]): null

2019-08-24 12:10:51 - [TEST_STEP][PASSED] - symbols = symbols: null

2019-08-24 12:10:51 - [TEST_STEP][PASSED] - for ([j = 0, j &lt; symbols.size(), (j++)]): null

2019-08-24 12:10:51 - [TEST_STEP][PASSED] - symbol = symbol: null

2019-08-24 12:10:51 - [TEST_STEP][PASSED] - println(symbol): null

2019-08-24 12:10:51 - [TEST_STEP][PASSED] - if (i == 2 &amp;&amp; wildList.indexOf(symbol) != -1): null

2019-08-24 12:10:51 - [TEST_STEP][PASSED] - if (i == 3 &amp;&amp; wildList.indexOf(symbol) != -1): null

2019-08-24 12:10:51 - [TEST_STEP][PASSED] - if (i == 4 &amp;&amp; wildList.indexOf(symbol) != -1): null

2019-08-24 12:10:51 - [TEST_STEP][PASSED] - symbol = symbol: null

2019-08-24 12:10:51 - [TEST_STEP][PASSED] - println(symbol): null

2019-08-24 12:10:51 - [TEST_STEP][PASSED] - if (i == 2 &amp;&amp; wildList.indexOf(symbol) != -1): null

2019-08-24 12:10:51 - [TEST_STEP][PASSED] - if (i == 3 &amp;&amp; wildList.indexOf(symbol) != -1): null

2019-08-24 12:10:51 - [TEST_STEP][PASSED] - if (i == 4 &amp;&amp; wildList.indexOf(symbol) != -1): null

2019-08-24 12:10:51 - [TEST_STEP][PASSED] - symbol = symbol: null

2019-08-24 12:10:51 - [TEST_STEP][PASSED] - println(symbol): null

2019-08-24 12:10:51 - [TEST_STEP][PASSED] - if (i == 2 &amp;&amp; wildList.indexOf(symbol) != -1): null

2019-08-24 12:10:51 - [TEST_STEP][PASSED] - if (i == 3 &amp;&amp; wildList.indexOf(symbol) != -1): null

2019-08-24 12:10:51 - [TEST_STEP][PASSED] - if (i == 4 &amp;&amp; wildList.indexOf(symbol) != -1): null

2019-08-24 12:10:51 - [TEST_STEP][PASSED] - symbols = symbols: null

2019-08-24 12:10:51 - [TEST_STEP][PASSED] - for ([j = 0, j &lt; symbols.size(), (j++)]): null

2019-08-24 12:10:51 - [TEST_STEP][PASSED] - symbol = symbol: null

2019-08-24 12:10:51 - [TEST_STEP][PASSED] - println(symbol): null

2019-08-24 12:10:51 - [TEST_STEP][PASSED] - if (i == 2 &amp;&amp; wildList.indexOf(symbol) != -1): null

2019-08-24 12:10:51 - [TEST_STEP][PASSED] - if (i == 3 &amp;&amp; wildList.indexOf(symbol) != -1): null

2019-08-24 12:10:51 - [TEST_STEP][PASSED] - if (i == 4 &amp;&amp; wildList.indexOf(symbol) != -1): null

2019-08-24 12:10:51 - [TEST_STEP][PASSED] - symbol = symbol: null

2019-08-24 12:10:51 - [TEST_STEP][PASSED] - println(symbol): null

2019-08-24 12:10:51 - [TEST_STEP][PASSED] - if (i == 2 &amp;&amp; wildList.indexOf(symbol) != -1): null

2019-08-24 12:10:51 - [TEST_STEP][PASSED] - if (i == 3 &amp;&amp; wildList.indexOf(symbol) != -1): null

2019-08-24 12:10:51 - [TEST_STEP][PASSED] - if (i == 4 &amp;&amp; wildList.indexOf(symbol) != -1): null

2019-08-24 12:10:51 - [TEST_STEP][PASSED] - symbol = symbol: null

2019-08-24 12:10:51 - [TEST_STEP][PASSED] - println(symbol): null

2019-08-24 12:10:51 - [TEST_STEP][PASSED] - if (i == 2 &amp;&amp; wildList.indexOf(symbol) != -1): null

2019-08-24 12:10:51 - [TEST_STEP][PASSED] - if (i == 3 &amp;&amp; wildList.indexOf(symbol) != -1): null

2019-08-24 12:10:51 - [TEST_STEP][PASSED] - if (i == 4 &amp;&amp; wildList.indexOf(symbol) != -1): null

2019-08-24 12:10:51 - [TEST_STEP][PASSED] - symbols = symbols: null

2019-08-24 12:10:51 - [TEST_STEP][PASSED] - for ([j = 0, j &lt; symbols.size(), (j++)]): null

2019-08-24 12:10:51 - [TEST_STEP][PASSED] - symbol = symbol: null

2019-08-24 12:10:51 - [TEST_STEP][PASSED] - println(symbol): null

2019-08-24 12:10:51 - [TEST_STEP][PASSED] - if (i == 2 &amp;&amp; wildList.indexOf(symbol) != -1): null

2019-08-24 12:10:51 - [TEST_STEP][PASSED] - println("wild found on reel 3, adding counter by 1"): null

2019-08-24 12:10:51 - [TEST_STEP][PASSED] - free_spin_reel_counter[0] = free_spin_reel_counter[0] + 1: null

2019-08-24 12:10:51 - [TEST_STEP][PASSED] - if (i == 3 &amp;&amp; wildList.indexOf(symbol) != -1): null

2019-08-24 12:10:51 - [TEST_STEP][PASSED] - if (i == 4 &amp;&amp; wildList.indexOf(symbol) != -1): null

2019-08-24 12:10:51 - [TEST_STEP][PASSED] - symbol = symbol: null

2019-08-24 12:10:51 - [TEST_STEP][PASSED] - println(symbol): null

2019-08-24 12:10:51 - [TEST_STEP][PASSED] - if (i == 2 &amp;&amp; wildList.indexOf(symbol) != -1): null

2019-08-24 12:10:51 - [TEST_STEP][PASSED] - if (i == 3 &amp;&amp; wildList.indexOf(symbol) != -1): null

2019-08-24 12:10:51 - [TEST_STEP][PASSED] - if (i == 4 &amp;&amp; wildList.indexOf(symbol) != -1): null

2019-08-24 12:10:51 - [TEST_STEP][PASSED] - symbol = symbol: null

2019-08-24 12:10:51 - [TEST_STEP][PASSED] - println(symbol): null

2019-08-24 12:10:51 - [TEST_STEP][PASSED] - if (i == 2 &amp;&amp; wildList.indexOf(symbol) != -1): null

2019-08-24 12:10:51 - [TEST_STEP][PASSED] - if (i == 3 &amp;&amp; wildList.indexOf(symbol) != -1): null

2019-08-24 12:10:51 - [TEST_STEP][PASSED] - if (i == 4 &amp;&amp; wildList.indexOf(symbol) != -1): null

2019-08-24 12:10:51 - [TEST_STEP][PASSED] - symbols = symbols: null

2019-08-24 12:10:51 - [TEST_STEP][PASSED] - for ([j = 0, j &lt; symbols.size(), (j++)]): null

2019-08-24 12:10:51 - [TEST_STEP][PASSED] - symbol = symbol: null

2019-08-24 12:10:51 - [TEST_STEP][PASSED] - println(symbol): null

2019-08-24 12:10:51 - [TEST_STEP][PASSED] - if (i == 2 &amp;&amp; wildList.indexOf(symbol) != -1): null

2019-08-24 12:10:51 - [TEST_STEP][PASSED] - if (i == 3 &amp;&amp; wildList.indexOf(symbol) != -1): null

2019-08-24 12:10:51 - [TEST_STEP][PASSED] - if (i == 4 &amp;&amp; wildList.indexOf(symbol) != -1): null

2019-08-24 12:10:51 - [TEST_STEP][PASSED] - symbol = symbol: null

2019-08-24 12:10:51 - [TEST_STEP][PASSED] - println(symbol): null

2019-08-24 12:10:51 - [TEST_STEP][PASSED] - if (i == 2 &amp;&amp; wildList.indexOf(symbol) != -1): null

2019-08-24 12:10:51 - [TEST_STEP][PASSED] - if (i == 3 &amp;&amp; wildList.indexOf(symbol) != -1): null

2019-08-24 12:10:51 - [TEST_STEP][PASSED] - if (i == 4 &amp;&amp; wildList.indexOf(symbol) != -1): null

2019-08-24 12:10:51 - [TEST_STEP][PASSED] - symbol = symbol: null

2019-08-24 12:10:51 - [TEST_STEP][PASSED] - println(symbol): null

2019-08-24 12:10:51 - [TEST_STEP][PASSED] - if (i == 2 &amp;&amp; wildList.indexOf(symbol) != -1): null

2019-08-24 12:10:51 - [TEST_STEP][PASSED] - if (i == 3 &amp;&amp; wildList.indexOf(symbol) != -1): null

2019-08-24 12:10:51 - [TEST_STEP][PASSED] - if (i == 4 &amp;&amp; wildList.indexOf(symbol) != -1): null

2019-08-24 12:10:51 - [TEST_STEP][PASSED] - symbols = symbols: null

2019-08-24 12:10:51 - [TEST_STEP][PASSED] - for ([j = 0, j &lt; symbols.size(), (j++)]): null

2019-08-24 12:10:51 - [TEST_STEP][PASSED] - symbol = symbol: null

2019-08-24 12:10:51 - [TEST_STEP][PASSED] - println(symbol): null

2019-08-24 12:10:51 - [TEST_STEP][PASSED] - if (i == 2 &amp;&amp; wildList.indexOf(symbol) != -1): null

2019-08-24 12:10:51 - [TEST_STEP][PASSED] - if (i == 3 &amp;&amp; wildList.indexOf(symbol) != -1): null

2019-08-24 12:10:51 - [TEST_STEP][PASSED] - if (i == 4 &amp;&amp; wildList.indexOf(symbol) != -1): null

2019-08-24 12:10:51 - [TEST_STEP][PASSED] - println("wild found on reel 5, adding counter by 1"): null

2019-08-24 12:10:51 - [TEST_STEP][PASSED] - free_spin_reel_counter[2] = free_spin_reel_counter[2] + 1: null

2019-08-24 12:10:51 - [TEST_STEP][PASSED] - symbol = symbol: null

2019-08-24 12:10:51 - [TEST_STEP][PASSED] - println(symbol): null

2019-08-24 12:10:51 - [TEST_STEP][PASSED] - if (i == 2 &amp;&amp; wildList.indexOf(symbol) != -1): null

2019-08-24 12:10:51 - [TEST_STEP][PASSED] - if (i == 3 &amp;&amp; wildList.indexOf(symbol) != -1): null

2019-08-24 12:10:51 - [TEST_STEP][PASSED] - if (i == 4 &amp;&amp; wildList.indexOf(symbol) != -1): null

2019-08-24 12:10:51 - [TEST_STEP][PASSED] - symbol = symbol: null

2019-08-24 12:10:51 - [TEST_STEP][PASSED] - println(symbol): null

2019-08-24 12:10:51 - [TEST_STEP][PASSED] - if (i == 2 &amp;&amp; wildList.indexOf(symbol) != -1): null

2019-08-24 12:10:51 - [TEST_STEP][PASSED] - if (i == 3 &amp;&amp; wildList.indexOf(symbol) != -1): null

2019-08-24 12:10:51 - [TEST_STEP][PASSED] - if (i == 4 &amp;&amp; wildList.indexOf(symbol) != -1): null

2019-08-24 12:10:51 - [TEST_STEP][PASSED] - free_spin_reel_counter = free_spin_reel_counter: null

2019-08-24 12:10:51 - [TEST_STEP][PASSED] - println("reel 3 wild found: " + free_spin_reel_counter[0]): null

2019-08-24 12:10:51 - [TEST_STEP][PASSED] - println("reel 4 wild found: " + free_spin_reel_counter[1]): null

2019-08-24 12:10:51 - [TEST_STEP][PASSED] - println("reel 5 wild found: " + free_spin_reel_counter[2]): null

2019-08-24 12:10:51 - [TEST_STEP][PASSED] - M4_spin_reels = M4_spin_reels: null

2019-08-24 12:10:51 - [TEST_STEP][PASSED] - M4_spin_reels_symbols = symbol: null

2019-08-24 12:10:51 - [TEST_STEP][PASSED] - M4_spin_reels_symbols = M4_spin_reels_symbols: null

2019-08-24 12:10:51 - [TEST_STEP][PASSED] - M4_spin_reel_wins = reel_wins: null

2019-08-24 12:10:51 - [TEST_STEP][PASSED] - M4_spin_reel_wins = M4_spin_reel_wins: null

2019-08-24 12:10:51 - [TEST_STEP][PASSED] - println("GlobalVariable.M4_spin_reel_wins is: " + M4_spin_reel_wins): null

2019-08-24 12:10:51 - [TEST_STEP][PASSED] - M4_spin_total_bonus_win_this_round = total_bonus_win_this_round: null

2019-08-24 12:10:51 - [TEST_STEP][PASSED] - M4_spin_total_bonus_win_this_round = M4_spin_total_bonus_win_this_round: null

2019-08-24 12:10:51 - [TEST_STEP][PASSED] - println("GlobalVariable.M4_spin_total_bonus_win_this_round is: " + M4_spin_total_bonus_win_this_round): null

2019-08-24 12:10:51 - [TEST_STEP][PASSED] - M4_spin_bonus_spin_result = spin_result: null

2019-08-24 12:10:51 - [TEST_STEP][PASSED] - M4_spin_bonus_spin_result = M4_spin_bonus_spin_result: null

2019-08-24 12:10:51 - [MESSAGE][PASSED] - Verify response successfully

2019-08-24 12:10:51 - [MESSAGE][PASSED] - Send request and verify the response successfully

2019-08-24 12:10:51 - [TEST_STEP][PASSED] - if (M4_total_bonus_spins_int != 0 &amp;&amp; M4_spin_reels_symbols[2].contains("WILD_ExtraFG") || M4_spin_reels_symbols[3].contains("WILD_ExtraFG")): null

2019-08-24 12:10:51 - [TEST_STEP][PASSED] - free_spin_reel_counter = free_spin_reel_counter: null

2019-08-24 12:10:51 - [TEST_STEP][PASSED] - M4_spin_reels_symbols = M4_spin_reels_symbols: null

2019-08-24 12:10:51 - [TEST_STEP][PASSED] - M4_total_bonus_spins = M4_total_bonus_spins: null

2019-08-24 12:10:51 - [TEST_STEP][PASSED] - spin_result = sendRequestAndVerify(findTestObject("INT/RGS(M4)/1_M4_spin", ["M4_login_user_id":M4_login_user_id, "rgs_session_token":rgs_session_token, "partner":Partner])): Send request and verify the response successfully

2019-08-24 12:10:52 - [MESSAGE][INFO] - HAR: /Users/eiralee/Katalon_Script/SuperWild/Reports/20190824_120919/INT/superWild_3/20190824_120919/requests/main/25.har

2019-08-24 12:10:52 - [TEST_CASE][PASSED] - Start Test Case : Verification: Verification accomplished successfully

2019-08-24 12:10:52 - [TEST_STEP][PASSED] - request = getInstance().getCurrentRequest(): null

2019-08-24 12:10:52 - [TEST_STEP][PASSED] - response = getInstance().getCurrentResponse(): null

2019-08-24 12:10:52 - [TEST_STEP][PASSED] - verifyResponseStatusCode(response, 200): Verify response status code successfully

2019-08-24 12:10:52 - [MESSAGE][PASSED] - Verify response status code successfully

2019-08-24 12:10:52 - [TEST_STEP][PASSED] - getStatusCode()).isEqualTo(200): null

2019-08-24 12:10:52 - [TEST_STEP][PASSED] - newline = System.getProperty("line.separator"): null

2019-08-24 12:10:52 - [TEST_STEP][PASSED] - M4_spin = new groovy.json.JsonSlurper(): null

2019-08-24 12:10:52 - [TEST_STEP][PASSED] - result_M4_spin = M4_spin.parseText(response.getResponseBodyContent()): null

2019-08-24 12:10:52 - [TEST_STEP][PASSED] - M4_spin_current_balance = current_balance: null

2019-08-24 12:10:52 - [TEST_STEP][PASSED] - M4_spin_current_balance = M4_spin_current_balance: null

2019-08-24 12:10:52 - [TEST_STEP][PASSED] - M4_spin_transaction_id = causality: null

2019-08-24 12:10:52 - [TEST_STEP][PASSED] - M4_spin_transaction_id = M4_spin_transaction_id: null

2019-08-24 12:10:52 - [TEST_STEP][PASSED] - M4_spin_round_id = round_id: null

2019-08-24 12:10:52 - [TEST_STEP][PASSED] - M4_spin_round_id = M4_spin_round_id: null

2019-08-24 12:10:52 - [TEST_STEP][PASSED] - M4_spin_line_wins = line_wins: null

2019-08-24 12:10:52 - [TEST_STEP][PASSED] - M4_spin_line_wins = M4_spin_line_wins: null

2019-08-24 12:10:52 - [TEST_STEP][PASSED] - M4_total_bonus_spins_int = total_bonus_spins: null

2019-08-24 12:10:52 - [TEST_STEP][PASSED] - println("******M4_total_bonus_spins type is:*******" + newline + getClass().getName()): null

2019-08-24 12:10:52 - [TEST_STEP][PASSED] - M4_total_bonus_spins_int = M4_total_bonus_spins_int: null

2019-08-24 12:10:52 - [TEST_STEP][PASSED] - M4_total_bonus_spins = Integer.toString(M4_total_bonus_spins_int): null

2019-08-24 12:10:52 - [TEST_STEP][PASSED] - M4_total_bonus_spins = M4_total_bonus_spins: null

2019-08-24 12:10:52 - [TEST_STEP][PASSED] - println("M4_total_bonus_spins is:" + M4_total_bonus_spins): null

2019-08-24 12:10:52 - [TEST_STEP][PASSED] - M4_spin_bonus_data = bonus_data: null

2019-08-24 12:10:52 - [TEST_STEP][PASSED] - M4_spin_features_triggered = result_M4_spin: null

2019-08-24 12:10:52 - [TEST_STEP][PASSED] - wild = []: null

2019-08-24 12:10:52 - [TEST_STEP][PASSED] - wild[0] = "WILD_Expanding": null

2019-08-24 12:10:52 - [TEST_STEP][PASSED] - wild[1] = "WILD_Normal": null

2019-08-24 12:10:52 - [TEST_STEP][PASSED] - wild[2] = "WILD_Double": null

2019-08-24 12:10:52 - [TEST_STEP][PASSED] - wild[3] = "WILD_ExtraFG": null

2019-08-24 12:10:52 - [TEST_STEP][PASSED] - wild[4] = "WILD_Triple": null

2019-08-24 12:10:52 - [TEST_STEP][PASSED] - wildList = Arrays.asList(wild): null

2019-08-24 12:10:52 - [TEST_STEP][PASSED] - wildList = wildList: null

2019-08-24 12:10:52 - [TEST_STEP][PASSED] - free_spin_reel_counter = []: null

2019-08-24 12:10:52 - [TEST_STEP][PASSED] - free_spin_reel_counter[0] = 0: null

2019-08-24 12:10:52 - [TEST_STEP][PASSED] - free_spin_reel_counter[1] = 0: null

2019-08-24 12:10:52 - [TEST_STEP][PASSED] - free_spin_reel_counter[2] = 0: null

2019-08-24 12:10:52 - [TEST_STEP][PASSED] - M4_spin_reels = reels: null

2019-08-24 12:10:52 - [TEST_STEP][PASSED] - for ([i = 0, i &lt; M4_spin_reels.size(), (i++)]): null

2019-08-24 12:10:52 - [TEST_STEP][PASSED] - symbols = symbols: null

2019-08-24 12:10:52 - [TEST_STEP][PASSED] - for ([j = 0, j &lt; symbols.size(), (j++)]): null

2019-08-24 12:10:52 - [TEST_STEP][PASSED] - symbol = symbol: null

2019-08-24 12:10:52 - [TEST_STEP][PASSED] - println(symbol): null

2019-08-24 12:10:52 - [TEST_STEP][PASSED] - if (i == 2 &amp;&amp; wildList.indexOf(symbol) != -1): null

2019-08-24 12:10:52 - [TEST_STEP][PASSED] - if (i == 3 &amp;&amp; wildList.indexOf(symbol) != -1): null

2019-08-24 12:10:52 - [TEST_STEP][PASSED] - if (i == 4 &amp;&amp; wildList.indexOf(symbol) != -1): null

2019-08-24 12:10:52 - [TEST_STEP][PASSED] - symbol = symbol: null

2019-08-24 12:10:52 - [TEST_STEP][PASSED] - println(symbol): null

2019-08-24 12:10:52 - [TEST_STEP][PASSED] - if (i == 2 &amp;&amp; wildList.indexOf(symbol) != -1): null

2019-08-24 12:10:52 - [TEST_STEP][PASSED] - if (i == 3 &amp;&amp; wildList.indexOf(symbol) != -1): null

2019-08-24 12:10:52 - [TEST_STEP][PASSED] - if (i == 4 &amp;&amp; wildList.indexOf(symbol) != -1): null

2019-08-24 12:10:52 - [TEST_STEP][PASSED] - symbol = symbol: null

2019-08-24 12:10:52 - [TEST_STEP][PASSED] - println(symbol): null

2019-08-24 12:10:52 - [TEST_STEP][PASSED] - if (i == 2 &amp;&amp; wildList.indexOf(symbol) != -1): null

2019-08-24 12:10:52 - [TEST_STEP][PASSED] - if (i == 3 &amp;&amp; wildList.indexOf(symbol) != -1): null

2019-08-24 12:10:52 - [TEST_STEP][PASSED] - if (i == 4 &amp;&amp; wildList.indexOf(symbol) != -1): null

2019-08-24 12:10:52 - [TEST_STEP][PASSED] - symbols = symbols: null

2019-08-24 12:10:52 - [TEST_STEP][PASSED] - for ([j = 0, j &lt; symbols.size(), (j++)]): null

2019-08-24 12:10:52 - [TEST_STEP][PASSED] - symbol = symbol: null

2019-08-24 12:10:52 - [TEST_STEP][PASSED] - println(symbol): null

2019-08-24 12:10:52 - [TEST_STEP][PASSED] - if (i == 2 &amp;&amp; wildList.indexOf(symbol) != -1): null

2019-08-24 12:10:52 - [TEST_STEP][PASSED] - if (i == 3 &amp;&amp; wildList.indexOf(symbol) != -1): null

2019-08-24 12:10:52 - [TEST_STEP][PASSED] - if (i == 4 &amp;&amp; wildList.indexOf(symbol) != -1): null

2019-08-24 12:10:52 - [TEST_STEP][PASSED] - symbol = symbol: null

2019-08-24 12:10:52 - [TEST_STEP][PASSED] - println(symbol): null

2019-08-24 12:10:52 - [TEST_STEP][PASSED] - if (i == 2 &amp;&amp; wildList.indexOf(symbol) != -1): null

2019-08-24 12:10:52 - [TEST_STEP][PASSED] - if (i == 3 &amp;&amp; wildList.indexOf(symbol) != -1): null

2019-08-24 12:10:52 - [TEST_STEP][PASSED] - if (i == 4 &amp;&amp; wildList.indexOf(symbol) != -1): null

2019-08-24 12:10:52 - [TEST_STEP][PASSED] - symbol = symbol: null

2019-08-24 12:10:52 - [TEST_STEP][PASSED] - println(symbol): null

2019-08-24 12:10:52 - [TEST_STEP][PASSED] - if (i == 2 &amp;&amp; wildList.indexOf(symbol) != -1): null

2019-08-24 12:10:52 - [TEST_STEP][PASSED] - if (i == 3 &amp;&amp; wildList.indexOf(symbol) != -1): null

2019-08-24 12:10:52 - [TEST_STEP][PASSED] - if (i == 4 &amp;&amp; wildList.indexOf(symbol) != -1): null

2019-08-24 12:10:52 - [TEST_STEP][PASSED] - symbols = symbols: null

2019-08-24 12:10:52 - [TEST_STEP][PASSED] - for ([j = 0, j &lt; symbols.size(), (j++)]): null

2019-08-24 12:10:52 - [TEST_STEP][PASSED] - symbol = symbol: null

2019-08-24 12:10:52 - [TEST_STEP][PASSED] - println(symbol): null

2019-08-24 12:10:52 - [TEST_STEP][PASSED] - if (i == 2 &amp;&amp; wildList.indexOf(symbol) != -1): null

2019-08-24 12:10:52 - [TEST_STEP][PASSED] - println("wild found on reel 3, adding counter by 1"): null

2019-08-24 12:10:52 - [TEST_STEP][PASSED] - free_spin_reel_counter[0] = free_spin_reel_counter[0] + 1: null

2019-08-24 12:10:52 - [TEST_STEP][PASSED] - if (i == 3 &amp;&amp; wildList.indexOf(symbol) != -1): null

2019-08-24 12:10:52 - [TEST_STEP][PASSED] - if (i == 4 &amp;&amp; wildList.indexOf(symbol) != -1): null

2019-08-24 12:10:52 - [TEST_STEP][PASSED] - symbol = symbol: null

2019-08-24 12:10:52 - [TEST_STEP][PASSED] - println(symbol): null

2019-08-24 12:10:52 - [TEST_STEP][PASSED] - if (i == 2 &amp;&amp; wildList.indexOf(symbol) != -1): null

2019-08-24 12:10:52 - [TEST_STEP][PASSED] - if (i == 3 &amp;&amp; wildList.indexOf(symbol) != -1): null

2019-08-24 12:10:52 - [TEST_STEP][PASSED] - if (i == 4 &amp;&amp; wildList.indexOf(symbol) != -1): null

2019-08-24 12:10:52 - [TEST_STEP][PASSED] - symbol = symbol: null

2019-08-24 12:10:52 - [TEST_STEP][PASSED] - println(symbol): null

2019-08-24 12:10:52 - [TEST_STEP][PASSED] - if (i == 2 &amp;&amp; wildList.indexOf(symbol) != -1): null

2019-08-24 12:10:52 - [TEST_STEP][PASSED] - if (i == 3 &amp;&amp; wildList.indexOf(symbol) != -1): null

2019-08-24 12:10:52 - [TEST_STEP][PASSED] - if (i == 4 &amp;&amp; wildList.indexOf(symbol) != -1): null

2019-08-24 12:10:52 - [TEST_STEP][PASSED] - symbols = symbols: null

2019-08-24 12:10:52 - [TEST_STEP][PASSED] - for ([j = 0, j &lt; symbols.size(), (j++)]): null

2019-08-24 12:10:52 - [TEST_STEP][PASSED] - symbol = symbol: null

2019-08-24 12:10:52 - [TEST_STEP][PASSED] - println(symbol): null

2019-08-24 12:10:52 - [TEST_STEP][PASSED] - if (i == 2 &amp;&amp; wildList.indexOf(symbol) != -1): null

2019-08-24 12:10:52 - [TEST_STEP][PASSED] - if (i == 3 &amp;&amp; wildList.indexOf(symbol) != -1): null

2019-08-24 12:10:52 - [TEST_STEP][PASSED] - if (i == 4 &amp;&amp; wildList.indexOf(symbol) != -1): null

2019-08-24 12:10:52 - [TEST_STEP][PASSED] - symbol = symbol: null

2019-08-24 12:10:52 - [TEST_STEP][PASSED] - println(symbol): null

2019-08-24 12:10:52 - [TEST_STEP][PASSED] - if (i == 2 &amp;&amp; wildList.indexOf(symbol) != -1): null

2019-08-24 12:10:52 - [TEST_STEP][PASSED] - if (i == 3 &amp;&amp; wildList.indexOf(symbol) != -1): null

2019-08-24 12:10:52 - [TEST_STEP][PASSED] - if (i == 4 &amp;&amp; wildList.indexOf(symbol) != -1): null

2019-08-24 12:10:52 - [TEST_STEP][PASSED] - symbol = symbol: null

2019-08-24 12:10:52 - [TEST_STEP][PASSED] - println(symbol): null

2019-08-24 12:10:52 - [TEST_STEP][PASSED] - if (i == 2 &amp;&amp; wildList.indexOf(symbol) != -1): null

2019-08-24 12:10:52 - [TEST_STEP][PASSED] - if (i == 3 &amp;&amp; wildList.indexOf(symbol) != -1): null

2019-08-24 12:10:52 - [TEST_STEP][PASSED] - if (i == 4 &amp;&amp; wildList.indexOf(symbol) != -1): null

2019-08-24 12:10:52 - [TEST_STEP][PASSED] - symbols = symbols: null

2019-08-24 12:10:52 - [TEST_STEP][PASSED] - for ([j = 0, j &lt; symbols.size(), (j++)]): null

2019-08-24 12:10:52 - [TEST_STEP][PASSED] - symbol = symbol: null

2019-08-24 12:10:52 - [TEST_STEP][PASSED] - println(symbol): null

2019-08-24 12:10:52 - [TEST_STEP][PASSED] - if (i == 2 &amp;&amp; wildList.indexOf(symbol) != -1): null

2019-08-24 12:10:52 - [TEST_STEP][PASSED] - if (i == 3 &amp;&amp; wildList.indexOf(symbol) != -1): null

2019-08-24 12:10:52 - [TEST_STEP][PASSED] - if (i == 4 &amp;&amp; wildList.indexOf(symbol) != -1): null

2019-08-24 12:10:52 - [TEST_STEP][PASSED] - symbol = symbol: null

2019-08-24 12:10:52 - [TEST_STEP][PASSED] - println(symbol): null

2019-08-24 12:10:52 - [TEST_STEP][PASSED] - if (i == 2 &amp;&amp; wildList.indexOf(symbol) != -1): null

2019-08-24 12:10:52 - [TEST_STEP][PASSED] - if (i == 3 &amp;&amp; wildList.indexOf(symbol) != -1): null

2019-08-24 12:10:52 - [TEST_STEP][PASSED] - if (i == 4 &amp;&amp; wildList.indexOf(symbol) != -1): null

2019-08-24 12:10:52 - [TEST_STEP][PASSED] - symbol = symbol: null

2019-08-24 12:10:52 - [TEST_STEP][PASSED] - println(symbol): null

2019-08-24 12:10:52 - [TEST_STEP][PASSED] - if (i == 2 &amp;&amp; wildList.indexOf(symbol) != -1): null

2019-08-24 12:10:52 - [TEST_STEP][PASSED] - if (i == 3 &amp;&amp; wildList.indexOf(symbol) != -1): null

2019-08-24 12:10:52 - [TEST_STEP][PASSED] - if (i == 4 &amp;&amp; wildList.indexOf(symbol) != -1): null

2019-08-24 12:10:52 - [TEST_STEP][PASSED] - free_spin_reel_counter = free_spin_reel_counter: null

2019-08-24 12:10:52 - [TEST_STEP][PASSED] - println("reel 3 wild found: " + free_spin_reel_counter[0]): null

2019-08-24 12:10:52 - [TEST_STEP][PASSED] - println("reel 4 wild found: " + free_spin_reel_counter[1]): null

2019-08-24 12:10:52 - [TEST_STEP][PASSED] - println("reel 5 wild found: " + free_spin_reel_counter[2]): null

2019-08-24 12:10:52 - [TEST_STEP][PASSED] - M4_spin_reels = M4_spin_reels: null

2019-08-24 12:10:52 - [TEST_STEP][PASSED] - M4_spin_reels_symbols = symbol: null

2019-08-24 12:10:52 - [TEST_STEP][PASSED] - M4_spin_reels_symbols = M4_spin_reels_symbols: null

2019-08-24 12:10:52 - [TEST_STEP][PASSED] - M4_spin_reel_wins = reel_wins: null

2019-08-24 12:10:52 - [TEST_STEP][PASSED] - M4_spin_reel_wins = M4_spin_reel_wins: null

2019-08-24 12:10:52 - [TEST_STEP][PASSED] - println("GlobalVariable.M4_spin_reel_wins is: " + M4_spin_reel_wins): null

2019-08-24 12:10:52 - [TEST_STEP][PASSED] - M4_spin_total_bonus_win_this_round = total_bonus_win_this_round: null

2019-08-24 12:10:52 - [TEST_STEP][PASSED] - M4_spin_total_bonus_win_this_round = M4_spin_total_bonus_win_this_round: null

2019-08-24 12:10:52 - [TEST_STEP][PASSED] - println("GlobalVariable.M4_spin_total_bonus_win_this_round is: " + M4_spin_total_bonus_win_this_round): null

2019-08-24 12:10:52 - [TEST_STEP][PASSED] - M4_spin_bonus_spin_result = spin_result: null

2019-08-24 12:10:52 - [TEST_STEP][PASSED] - M4_spin_bonus_spin_result = M4_spin_bonus_spin_result: null

2019-08-24 12:10:52 - [MESSAGE][PASSED] - Verify response successfully

2019-08-24 12:10:52 - [MESSAGE][PASSED] - Send request and verify the response successfully

2019-08-24 12:10:52 - [TEST_STEP][PASSED] - if (M4_total_bonus_spins_int != 0 &amp;&amp; M4_spin_reels_symbols[2].contains("WILD_ExtraFG") || M4_spin_reels_symbols[3].contains("WILD_ExtraFG")): null

2019-08-24 12:10:52 - [TEST_STEP][PASSED] - free_spin_reel_counter = free_spin_reel_counter: null

2019-08-24 12:10:52 - [TEST_STEP][PASSED] - M4_spin_reels_symbols = M4_spin_reels_symbols: null

2019-08-24 12:10:52 - [TEST_STEP][PASSED] - M4_total_bonus_spins = M4_total_bonus_spins: null

2019-08-24 12:10:52 - [TEST_STEP][PASSED] - spin_result = sendRequestAndVerify(findTestObject("INT/RGS(M4)/1_M4_spin", ["M4_login_user_id":M4_login_user_id, "rgs_session_token":rgs_session_token, "partner":Partner])): Send request and verify the response successfully

2019-08-24 12:10:52 - [MESSAGE][INFO] - HAR: /Users/eiralee/Katalon_Script/SuperWild/Reports/20190824_120919/INT/superWild_3/20190824_120919/requests/main/26.har

2019-08-24 12:10:52 - [TEST_CASE][PASSED] - Start Test Case : Verification: Verification accomplished successfully

2019-08-24 12:10:52 - [TEST_STEP][PASSED] - request = getInstance().getCurrentRequest(): null

2019-08-24 12:10:53 - [TEST_STEP][PASSED] - response = getInstance().getCurrentResponse(): null

2019-08-24 12:10:53 - [TEST_STEP][PASSED] - verifyResponseStatusCode(response, 200): Verify response status code successfully

2019-08-24 12:10:53 - [MESSAGE][PASSED] - Verify response status code successfully

2019-08-24 12:10:53 - [TEST_STEP][PASSED] - getStatusCode()).isEqualTo(200): null

2019-08-24 12:10:53 - [TEST_STEP][PASSED] - newline = System.getProperty("line.separator"): null

2019-08-24 12:10:53 - [TEST_STEP][PASSED] - M4_spin = new groovy.json.JsonSlurper(): null

2019-08-24 12:10:53 - [TEST_STEP][PASSED] - result_M4_spin = M4_spin.parseText(response.getResponseBodyContent()): null

2019-08-24 12:10:53 - [TEST_STEP][PASSED] - M4_spin_current_balance = current_balance: null

2019-08-24 12:10:53 - [TEST_STEP][PASSED] - M4_spin_current_balance = M4_spin_current_balance: null

2019-08-24 12:10:53 - [TEST_STEP][PASSED] - M4_spin_transaction_id = causality: null

2019-08-24 12:10:53 - [TEST_STEP][PASSED] - M4_spin_transaction_id = M4_spin_transaction_id: null

2019-08-24 12:10:53 - [TEST_STEP][PASSED] - M4_spin_round_id = round_id: null

2019-08-24 12:10:53 - [TEST_STEP][PASSED] - M4_spin_round_id = M4_spin_round_id: null

2019-08-24 12:10:53 - [TEST_STEP][PASSED] - M4_spin_line_wins = line_wins: null

2019-08-24 12:10:53 - [TEST_STEP][PASSED] - M4_spin_line_wins = M4_spin_line_wins: null

2019-08-24 12:10:53 - [TEST_STEP][PASSED] - M4_total_bonus_spins_int = total_bonus_spins: null

2019-08-24 12:10:53 - [TEST_STEP][PASSED] - println("******M4_total_bonus_spins type is:*******" + newline + getClass().getName()): null

2019-08-24 12:10:53 - [TEST_STEP][PASSED] - M4_total_bonus_spins_int = M4_total_bonus_spins_int: null

2019-08-24 12:10:53 - [TEST_STEP][PASSED] - M4_total_bonus_spins = Integer.toString(M4_total_bonus_spins_int): null

2019-08-24 12:10:53 - [TEST_STEP][PASSED] - M4_total_bonus_spins = M4_total_bonus_spins: null

2019-08-24 12:10:53 - [TEST_STEP][PASSED] - println("M4_total_bonus_spins is:" + M4_total_bonus_spins): null

2019-08-24 12:10:53 - [TEST_STEP][PASSED] - M4_spin_bonus_data = bonus_data: null

2019-08-24 12:10:53 - [TEST_STEP][PASSED] - M4_spin_features_triggered = result_M4_spin: null

2019-08-24 12:10:53 - [TEST_STEP][PASSED] - wild = []: null

2019-08-24 12:10:53 - [TEST_STEP][PASSED] - wild[0] = "WILD_Expanding": null

2019-08-24 12:10:53 - [TEST_STEP][PASSED] - wild[1] = "WILD_Normal": null

2019-08-24 12:10:53 - [TEST_STEP][PASSED] - wild[2] = "WILD_Double": null

2019-08-24 12:10:53 - [TEST_STEP][PASSED] - wild[3] = "WILD_ExtraFG": null

2019-08-24 12:10:53 - [TEST_STEP][PASSED] - wild[4] = "WILD_Triple": null

2019-08-24 12:10:53 - [TEST_STEP][PASSED] - wildList = Arrays.asList(wild): null

2019-08-24 12:10:53 - [TEST_STEP][PASSED] - wildList = wildList: null

2019-08-24 12:10:53 - [TEST_STEP][PASSED] - free_spin_reel_counter = []: null

2019-08-24 12:10:53 - [TEST_STEP][PASSED] - free_spin_reel_counter[0] = 0: null

2019-08-24 12:10:53 - [TEST_STEP][PASSED] - free_spin_reel_counter[1] = 0: null

2019-08-24 12:10:53 - [TEST_STEP][PASSED] - free_spin_reel_counter[2] = 0: null

2019-08-24 12:10:53 - [TEST_STEP][PASSED] - M4_spin_reels = reels: null

2019-08-24 12:10:53 - [TEST_STEP][PASSED] - for ([i = 0, i &lt; M4_spin_reels.size(), (i++)]): null

2019-08-24 12:10:53 - [TEST_STEP][PASSED] - symbols = symbols: null

2019-08-24 12:10:53 - [TEST_STEP][PASSED] - for ([j = 0, j &lt; symbols.size(), (j++)]): null

2019-08-24 12:10:53 - [TEST_STEP][PASSED] - symbol = symbol: null

2019-08-24 12:10:53 - [TEST_STEP][PASSED] - println(symbol): null

2019-08-24 12:10:53 - [TEST_STEP][PASSED] - if (i == 2 &amp;&amp; wildList.indexOf(symbol) != -1): null

2019-08-24 12:10:53 - [TEST_STEP][PASSED] - if (i == 3 &amp;&amp; wildList.indexOf(symbol) != -1): null

2019-08-24 12:10:53 - [TEST_STEP][PASSED] - if (i == 4 &amp;&amp; wildList.indexOf(symbol) != -1): null

2019-08-24 12:10:53 - [TEST_STEP][PASSED] - symbol = symbol: null

2019-08-24 12:10:53 - [TEST_STEP][PASSED] - println(symbol): null

2019-08-24 12:10:53 - [TEST_STEP][PASSED] - if (i == 2 &amp;&amp; wildList.indexOf(symbol) != -1): null

2019-08-24 12:10:53 - [TEST_STEP][PASSED] - if (i == 3 &amp;&amp; wildList.indexOf(symbol) != -1): null

2019-08-24 12:10:53 - [TEST_STEP][PASSED] - if (i == 4 &amp;&amp; wildList.indexOf(symbol) != -1): null

2019-08-24 12:10:53 - [TEST_STEP][PASSED] - symbol = symbol: null

2019-08-24 12:10:56 - [TEST_STEP][PASSED] - println(symbol): null

2019-08-24 12:10:56 - [TEST_STEP][PASSED] - if (i == 2 &amp;&amp; wildList.indexOf(symbol) != -1): null

2019-08-24 12:10:56 - [TEST_STEP][PASSED] - if (i == 3 &amp;&amp; wildList.indexOf(symbol) != -1): null

2019-08-24 12:10:56 - [TEST_STEP][PASSED] - if (i == 4 &amp;&amp; wildList.indexOf(symbol) != -1): null

2019-08-24 12:10:56 - [TEST_STEP][PASSED] - symbols = symbols: null

2019-08-24 12:10:56 - [TEST_STEP][PASSED] - for ([j = 0, j &lt; symbols.size(), (j++)]): null

2019-08-24 12:10:56 - [TEST_STEP][PASSED] - symbol = symbol: null

2019-08-24 12:10:56 - [TEST_STEP][PASSED] - println(symbol): null

2019-08-24 12:10:56 - [TEST_STEP][PASSED] - if (i == 2 &amp;&amp; wildList.indexOf(symbol) != -1): null

2019-08-24 12:10:56 - [TEST_STEP][PASSED] - if (i == 3 &amp;&amp; wildList.indexOf(symbol) != -1): null

2019-08-24 12:10:56 - [TEST_STEP][PASSED] - if (i == 4 &amp;&amp; wildList.indexOf(symbol) != -1): null

2019-08-24 12:10:56 - [TEST_STEP][PASSED] - symbol = symbol: null

2019-08-24 12:10:56 - [TEST_STEP][PASSED] - println(symbol): null

2019-08-24 12:10:56 - [TEST_STEP][PASSED] - if (i == 2 &amp;&amp; wildList.indexOf(symbol) != -1): null

2019-08-24 12:10:56 - [TEST_STEP][PASSED] - if (i == 3 &amp;&amp; wildList.indexOf(symbol) != -1): null

2019-08-24 12:10:56 - [TEST_STEP][PASSED] - if (i == 4 &amp;&amp; wildList.indexOf(symbol) != -1): null

2019-08-24 12:10:56 - [TEST_STEP][PASSED] - symbol = symbol: null

2019-08-24 12:10:56 - [TEST_STEP][PASSED] - println(symbol): null

2019-08-24 12:10:56 - [TEST_STEP][PASSED] - if (i == 2 &amp;&amp; wildList.indexOf(symbol) != -1): null

2019-08-24 12:10:56 - [TEST_STEP][PASSED] - if (i == 3 &amp;&amp; wildList.indexOf(symbol) != -1): null

2019-08-24 12:10:56 - [TEST_STEP][PASSED] - if (i == 4 &amp;&amp; wildList.indexOf(symbol) != -1): null

2019-08-24 12:10:56 - [TEST_STEP][PASSED] - symbols = symbols: null

2019-08-24 12:10:56 - [TEST_STEP][PASSED] - for ([j = 0, j &lt; symbols.size(), (j++)]): null

2019-08-24 12:10:56 - [TEST_STEP][PASSED] - symbol = symbol: null

2019-08-24 12:10:56 - [TEST_STEP][PASSED] - println(symbol): null

2019-08-24 12:10:56 - [TEST_STEP][PASSED] - if (i == 2 &amp;&amp; wildList.indexOf(symbol) != -1): null

2019-08-24 12:10:56 - [TEST_STEP][PASSED] - if (i == 3 &amp;&amp; wildList.indexOf(symbol) != -1): null

2019-08-24 12:10:56 - [TEST_STEP][PASSED] - if (i == 4 &amp;&amp; wildList.indexOf(symbol) != -1): null

2019-08-24 12:10:56 - [TEST_STEP][PASSED] - symbol = symbol: null

2019-08-24 12:10:56 - [TEST_STEP][PASSED] - println(symbol): null

2019-08-24 12:10:56 - [TEST_STEP][PASSED] - if (i == 2 &amp;&amp; wildList.indexOf(symbol) != -1): null

2019-08-24 12:10:56 - [TEST_STEP][PASSED] - if (i == 3 &amp;&amp; wildList.indexOf(symbol) != -1): null

2019-08-24 12:10:56 - [TEST_STEP][PASSED] - if (i == 4 &amp;&amp; wildList.indexOf(symbol) != -1): null

2019-08-24 12:10:56 - [TEST_STEP][PASSED] - symbol = symbol: null

2019-08-24 12:10:56 - [TEST_STEP][PASSED] - println(symbol): null

2019-08-24 12:10:56 - [TEST_STEP][PASSED] - if (i == 2 &amp;&amp; wildList.indexOf(symbol) != -1): null

2019-08-24 12:10:56 - [TEST_STEP][PASSED] - if (i == 3 &amp;&amp; wildList.indexOf(symbol) != -1): null

2019-08-24 12:10:56 - [TEST_STEP][PASSED] - if (i == 4 &amp;&amp; wildList.indexOf(symbol) != -1): null

2019-08-24 12:10:56 - [TEST_STEP][PASSED] - symbols = symbols: null

2019-08-24 12:10:56 - [TEST_STEP][PASSED] - for ([j = 0, j &lt; symbols.size(), (j++)]): null

2019-08-24 12:10:56 - [TEST_STEP][PASSED] - symbol = symbol: null

2019-08-24 12:10:56 - [TEST_STEP][PASSED] - println(symbol): null

2019-08-24 12:10:56 - [TEST_STEP][PASSED] - if (i == 2 &amp;&amp; wildList.indexOf(symbol) != -1): null

2019-08-24 12:10:56 - [TEST_STEP][PASSED] - if (i == 3 &amp;&amp; wildList.indexOf(symbol) != -1): null

2019-08-24 12:10:56 - [TEST_STEP][PASSED] - println("wild found on reel 4, adding counter by 1"): null

2019-08-24 12:10:56 - [TEST_STEP][PASSED] - free_spin_reel_counter[1] = free_spin_reel_counter[1] + 1: null

2019-08-24 12:10:56 - [TEST_STEP][PASSED] - if (i == 4 &amp;&amp; wildList.indexOf(symbol) != -1): null

2019-08-24 12:10:56 - [TEST_STEP][PASSED] - symbol = symbol: null

2019-08-24 12:10:56 - [TEST_STEP][PASSED] - println(symbol): null

2019-08-24 12:10:56 - [TEST_STEP][PASSED] - if (i == 2 &amp;&amp; wildList.indexOf(symbol) != -1): null

2019-08-24 12:10:56 - [TEST_STEP][PASSED] - if (i == 3 &amp;&amp; wildList.indexOf(symbol) != -1): null

2019-08-24 12:10:56 - [TEST_STEP][PASSED] - if (i == 4 &amp;&amp; wildList.indexOf(symbol) != -1): null

2019-08-24 12:10:56 - [TEST_STEP][PASSED] - symbol = symbol: null

2019-08-24 12:10:56 - [TEST_STEP][PASSED] - println(symbol): null

2019-08-24 12:10:56 - [TEST_STEP][PASSED] - if (i == 2 &amp;&amp; wildList.indexOf(symbol) != -1): null

2019-08-24 12:10:56 - [TEST_STEP][PASSED] - if (i == 3 &amp;&amp; wildList.indexOf(symbol) != -1): null

2019-08-24 12:10:56 - [TEST_STEP][PASSED] - if (i == 4 &amp;&amp; wildList.indexOf(symbol) != -1): null

2019-08-24 12:10:56 - [TEST_STEP][PASSED] - symbols = symbols: null

2019-08-24 12:10:56 - [TEST_STEP][PASSED] - for ([j = 0, j &lt; symbols.size(), (j++)]): null

2019-08-24 12:10:56 - [TEST_STEP][PASSED] - symbol = symbol: null

2019-08-24 12:10:56 - [TEST_STEP][PASSED] - println(symbol): null

2019-08-24 12:10:56 - [TEST_STEP][PASSED] - if (i == 2 &amp;&amp; wildList.indexOf(symbol) != -1): null

2019-08-24 12:10:56 - [TEST_STEP][PASSED] - if (i == 3 &amp;&amp; wildList.indexOf(symbol) != -1): null

2019-08-24 12:10:56 - [TEST_STEP][PASSED] - if (i == 4 &amp;&amp; wildList.indexOf(symbol) != -1): null

2019-08-24 12:10:56 - [TEST_STEP][PASSED] - println("wild found on reel 5, adding counter by 1"): null

2019-08-24 12:10:56 - [TEST_STEP][PASSED] - free_spin_reel_counter[2] = free_spin_reel_counter[2] + 1: null

2019-08-24 12:10:56 - [TEST_STEP][PASSED] - symbol = symbol: null

2019-08-24 12:10:56 - [TEST_STEP][PASSED] - println(symbol): null

2019-08-24 12:10:56 - [TEST_STEP][PASSED] - if (i == 2 &amp;&amp; wildList.indexOf(symbol) != -1): null

2019-08-24 12:10:56 - [TEST_STEP][PASSED] - if (i == 3 &amp;&amp; wildList.indexOf(symbol) != -1): null

2019-08-24 12:10:56 - [TEST_STEP][PASSED] - if (i == 4 &amp;&amp; wildList.indexOf(symbol) != -1): null

2019-08-24 12:10:56 - [TEST_STEP][PASSED] - symbol = symbol: null

2019-08-24 12:10:56 - [TEST_STEP][PASSED] - println(symbol): null

2019-08-24 12:10:56 - [TEST_STEP][PASSED] - if (i == 2 &amp;&amp; wildList.indexOf(symbol) != -1): null

2019-08-24 12:10:56 - [TEST_STEP][PASSED] - if (i == 3 &amp;&amp; wildList.indexOf(symbol) != -1): null

2019-08-24 12:10:56 - [TEST_STEP][PASSED] - if (i == 4 &amp;&amp; wildList.indexOf(symbol) != -1): null

2019-08-24 12:10:56 - [TEST_STEP][PASSED] - free_spin_reel_counter = free_spin_reel_counter: null

2019-08-24 12:10:56 - [TEST_STEP][PASSED] - println("reel 3 wild found: " + free_spin_reel_counter[0]): null

2019-08-24 12:10:56 - [TEST_STEP][PASSED] - println("reel 4 wild found: " + free_spin_reel_counter[1]): null

2019-08-24 12:10:56 - [TEST_STEP][PASSED] - println("reel 5 wild found: " + free_spin_reel_counter[2]): null

2019-08-24 12:10:56 - [TEST_STEP][PASSED] - M4_spin_reels = M4_spin_reels: null

2019-08-24 12:10:56 - [TEST_STEP][PASSED] - M4_spin_reels_symbols = symbol: null

2019-08-24 12:10:56 - [TEST_STEP][PASSED] - M4_spin_reels_symbols = M4_spin_reels_symbols: null

2019-08-24 12:10:56 - [TEST_STEP][PASSED] - M4_spin_reel_wins = reel_wins: null

2019-08-24 12:10:56 - [TEST_STEP][PASSED] - M4_spin_reel_wins = M4_spin_reel_wins: null

2019-08-24 12:10:56 - [TEST_STEP][PASSED] - println("GlobalVariable.M4_spin_reel_wins is: " + M4_spin_reel_wins): null

2019-08-24 12:10:56 - [TEST_STEP][PASSED] - M4_spin_total_bonus_win_this_round = total_bonus_win_this_round: null

2019-08-24 12:10:56 - [TEST_STEP][PASSED] - M4_spin_total_bonus_win_this_round = M4_spin_total_bonus_win_this_round: null

2019-08-24 12:10:56 - [TEST_STEP][PASSED] - println("GlobalVariable.M4_spin_total_bonus_win_this_round is: " + M4_spin_total_bonus_win_this_round): null

2019-08-24 12:10:56 - [TEST_STEP][PASSED] - M4_spin_bonus_spin_result = spin_result: null

2019-08-24 12:10:56 - [TEST_STEP][PASSED] - M4_spin_bonus_spin_result = M4_spin_bonus_spin_result: null

2019-08-24 12:10:56 - [MESSAGE][PASSED] - Verify response successfully

2019-08-24 12:10:56 - [MESSAGE][PASSED] - Send request and verify the response successfully

2019-08-24 12:10:56 - [TEST_STEP][PASSED] - if (M4_total_bonus_spins_int != 0 &amp;&amp; M4_spin_reels_symbols[2].contains("WILD_ExtraFG") || M4_spin_reels_symbols[3].contains("WILD_ExtraFG")): null

2019-08-24 12:10:56 - [TEST_STEP][PASSED] - free_spin_reel_counter = free_spin_reel_counter: null

2019-08-24 12:10:56 - [TEST_STEP][PASSED] - M4_spin_reels_symbols = M4_spin_reels_symbols: null

2019-08-24 12:10:56 - [TEST_STEP][PASSED] - M4_total_bonus_spins = M4_total_bonus_spins: null

2019-08-24 12:10:56 - [TEST_STEP][PASSED] - spin_result = sendRequestAndVerify(findTestObject("INT/RGS(M4)/1_M4_spin", ["M4_login_user_id":M4_login_user_id, "rgs_session_token":rgs_session_token, "partner":Partner])): Send request and verify the response successfully

2019-08-24 12:10:57 - [MESSAGE][INFO] - HAR: /Users/eiralee/Katalon_Script/SuperWild/Reports/20190824_120919/INT/superWild_3/20190824_120919/requests/main/27.har

2019-08-24 12:10:57 - [TEST_CASE][PASSED] - Start Test Case : Verification: Verification accomplished successfully

2019-08-24 12:10:57 - [TEST_STEP][PASSED] - request = getInstance().getCurrentRequest(): null

2019-08-24 12:10:57 - [TEST_STEP][PASSED] - response = getInstance().getCurrentResponse(): null

2019-08-24 12:10:57 - [TEST_STEP][PASSED] - verifyResponseStatusCode(response, 200): Verify response status code successfully

2019-08-24 12:10:57 - [MESSAGE][PASSED] - Verify response status code successfully

2019-08-24 12:10:57 - [TEST_STEP][PASSED] - getStatusCode()).isEqualTo(200): null

2019-08-24 12:10:57 - [TEST_STEP][PASSED] - newline = System.getProperty("line.separator"): null

2019-08-24 12:10:57 - [TEST_STEP][PASSED] - M4_spin = new groovy.json.JsonSlurper(): null

2019-08-24 12:10:57 - [TEST_STEP][PASSED] - result_M4_spin = M4_spin.parseText(response.getResponseBodyContent()): null

2019-08-24 12:10:57 - [TEST_STEP][PASSED] - M4_spin_current_balance = current_balance: null

2019-08-24 12:10:57 - [TEST_STEP][PASSED] - M4_spin_current_balance = M4_spin_current_balance: null

2019-08-24 12:10:57 - [TEST_STEP][PASSED] - M4_spin_transaction_id = causality: null

2019-08-24 12:10:57 - [TEST_STEP][PASSED] - M4_spin_transaction_id = M4_spin_transaction_id: null

2019-08-24 12:10:57 - [TEST_STEP][PASSED] - M4_spin_round_id = round_id: null

2019-08-24 12:10:57 - [TEST_STEP][PASSED] - M4_spin_round_id = M4_spin_round_id: null

2019-08-24 12:10:57 - [TEST_STEP][PASSED] - M4_spin_line_wins = line_wins: null

2019-08-24 12:10:57 - [TEST_STEP][PASSED] - M4_spin_line_wins = M4_spin_line_wins: null

2019-08-24 12:10:57 - [TEST_STEP][PASSED] - M4_total_bonus_spins_int = total_bonus_spins: null

2019-08-24 12:10:57 - [TEST_STEP][PASSED] - println("******M4_total_bonus_spins type is:*******" + newline + getClass().getName()): null

2019-08-24 12:10:57 - [TEST_STEP][PASSED] - M4_total_bonus_spins_int = M4_total_bonus_spins_int: null

2019-08-24 12:10:57 - [TEST_STEP][PASSED] - M4_total_bonus_spins = Integer.toString(M4_total_bonus_spins_int): null

2019-08-24 12:10:57 - [TEST_STEP][PASSED] - M4_total_bonus_spins = M4_total_bonus_spins: null

2019-08-24 12:10:57 - [TEST_STEP][PASSED] - println("M4_total_bonus_spins is:" + M4_total_bonus_spins): null

2019-08-24 12:10:57 - [TEST_STEP][PASSED] - M4_spin_bonus_data = bonus_data: null

2019-08-24 12:10:57 - [TEST_STEP][PASSED] - M4_spin_features_triggered = result_M4_spin: null

2019-08-24 12:10:57 - [TEST_STEP][PASSED] - wild = []: null

2019-08-24 12:10:57 - [TEST_STEP][PASSED] - wild[0] = "WILD_Expanding": null

2019-08-24 12:10:57 - [TEST_STEP][PASSED] - wild[1] = "WILD_Normal": null

2019-08-24 12:10:57 - [TEST_STEP][PASSED] - wild[2] = "WILD_Double": null

2019-08-24 12:10:57 - [TEST_STEP][PASSED] - wild[3] = "WILD_ExtraFG": null

2019-08-24 12:10:57 - [TEST_STEP][PASSED] - wild[4] = "WILD_Triple": null

2019-08-24 12:10:57 - [TEST_STEP][PASSED] - wildList = Arrays.asList(wild): null

2019-08-24 12:10:57 - [TEST_STEP][PASSED] - wildList = wildList: null

2019-08-24 12:10:57 - [TEST_STEP][PASSED] - free_spin_reel_counter = []: null

2019-08-24 12:10:57 - [TEST_STEP][PASSED] - free_spin_reel_counter[0] = 0: null

2019-08-24 12:10:57 - [TEST_STEP][PASSED] - free_spin_reel_counter[1] = 0: null

2019-08-24 12:10:57 - [TEST_STEP][PASSED] - free_spin_reel_counter[2] = 0: null

2019-08-24 12:10:57 - [TEST_STEP][PASSED] - M4_spin_reels = reels: null

2019-08-24 12:10:57 - [TEST_STEP][PASSED] - for ([i = 0, i &lt; M4_spin_reels.size(), (i++)]): null

2019-08-24 12:10:57 - [TEST_STEP][PASSED] - symbols = symbols: null

2019-08-24 12:10:57 - [TEST_STEP][PASSED] - for ([j = 0, j &lt; symbols.size(), (j++)]): null

2019-08-24 12:10:57 - [TEST_STEP][PASSED] - symbol = symbol: null

2019-08-24 12:10:57 - [TEST_STEP][PASSED] - println(symbol): null

2019-08-24 12:10:57 - [TEST_STEP][PASSED] - if (i == 2 &amp;&amp; wildList.indexOf(symbol) != -1): null

2019-08-24 12:10:57 - [TEST_STEP][PASSED] - if (i == 3 &amp;&amp; wildList.indexOf(symbol) != -1): null

2019-08-24 12:10:57 - [TEST_STEP][PASSED] - if (i == 4 &amp;&amp; wildList.indexOf(symbol) != -1): null

2019-08-24 12:10:57 - [TEST_STEP][PASSED] - symbol = symbol: null

2019-08-24 12:10:57 - [TEST_STEP][PASSED] - println(symbol): null

2019-08-24 12:10:57 - [TEST_STEP][PASSED] - if (i == 2 &amp;&amp; wildList.indexOf(symbol) != -1): null

2019-08-24 12:10:57 - [TEST_STEP][PASSED] - if (i == 3 &amp;&amp; wildList.indexOf(symbol) != -1): null

2019-08-24 12:10:57 - [TEST_STEP][PASSED] - if (i == 4 &amp;&amp; wildList.indexOf(symbol) != -1): null

2019-08-24 12:10:57 - [TEST_STEP][PASSED] - symbol = symbol: null

2019-08-24 12:10:57 - [TEST_STEP][PASSED] - println(symbol): null

2019-08-24 12:10:57 - [TEST_STEP][PASSED] - if (i == 2 &amp;&amp; wildList.indexOf(symbol) != -1): null

2019-08-24 12:10:57 - [TEST_STEP][PASSED] - if (i == 3 &amp;&amp; wildList.indexOf(symbol) != -1): null

2019-08-24 12:10:57 - [TEST_STEP][PASSED] - if (i == 4 &amp;&amp; wildList.indexOf(symbol) != -1): null

2019-08-24 12:10:57 - [TEST_STEP][PASSED] - symbols = symbols: null

2019-08-24 12:10:57 - [TEST_STEP][PASSED] - for ([j = 0, j &lt; symbols.size(), (j++)]): null

2019-08-24 12:10:57 - [TEST_STEP][PASSED] - symbol = symbol: null

2019-08-24 12:10:57 - [TEST_STEP][PASSED] - println(symbol): null

2019-08-24 12:10:57 - [TEST_STEP][PASSED] - if (i == 2 &amp;&amp; wildList.indexOf(symbol) != -1): null

2019-08-24 12:10:57 - [TEST_STEP][PASSED] - if (i == 3 &amp;&amp; wildList.indexOf(symbol) != -1): null

2019-08-24 12:10:57 - [TEST_STEP][PASSED] - if (i == 4 &amp;&amp; wildList.indexOf(symbol) != -1): null

2019-08-24 12:10:57 - [TEST_STEP][PASSED] - symbol = symbol: null

2019-08-24 12:10:57 - [TEST_STEP][PASSED] - println(symbol): null

2019-08-24 12:10:57 - [TEST_STEP][PASSED] - if (i == 2 &amp;&amp; wildList.indexOf(symbol) != -1): null

2019-08-24 12:10:57 - [TEST_STEP][PASSED] - if (i == 3 &amp;&amp; wildList.indexOf(symbol) != -1): null

2019-08-24 12:10:57 - [TEST_STEP][PASSED] - if (i == 4 &amp;&amp; wildList.indexOf(symbol) != -1): null

2019-08-24 12:10:57 - [TEST_STEP][PASSED] - symbol = symbol: null

2019-08-24 12:10:57 - [TEST_STEP][PASSED] - println(symbol): null

2019-08-24 12:10:57 - [TEST_STEP][PASSED] - if (i == 2 &amp;&amp; wildList.indexOf(symbol) != -1): null

2019-08-24 12:10:57 - [TEST_STEP][PASSED] - if (i == 3 &amp;&amp; wildList.indexOf(symbol) != -1): null

2019-08-24 12:10:57 - [TEST_STEP][PASSED] - if (i == 4 &amp;&amp; wildList.indexOf(symbol) != -1): null

2019-08-24 12:10:57 - [TEST_STEP][PASSED] - symbols = symbols: null

2019-08-24 12:10:57 - [TEST_STEP][PASSED] - for ([j = 0, j &lt; symbols.size(), (j++)]): null

2019-08-24 12:10:57 - [TEST_STEP][PASSED] - symbol = symbol: null

2019-08-24 12:10:57 - [TEST_STEP][PASSED] - println(symbol): null

2019-08-24 12:10:57 - [TEST_STEP][PASSED] - if (i == 2 &amp;&amp; wildList.indexOf(symbol) != -1): null

2019-08-24 12:10:57 - [TEST_STEP][PASSED] - if (i == 3 &amp;&amp; wildList.indexOf(symbol) != -1): null

2019-08-24 12:10:57 - [TEST_STEP][PASSED] - if (i == 4 &amp;&amp; wildList.indexOf(symbol) != -1): null

2019-08-24 12:10:57 - [TEST_STEP][PASSED] - symbol = symbol: null

2019-08-24 12:10:57 - [TEST_STEP][PASSED] - println(symbol): null

2019-08-24 12:10:57 - [TEST_STEP][PASSED] - if (i == 2 &amp;&amp; wildList.indexOf(symbol) != -1): null

2019-08-24 12:10:57 - [TEST_STEP][PASSED] - if (i == 3 &amp;&amp; wildList.indexOf(symbol) != -1): null

2019-08-24 12:10:57 - [TEST_STEP][PASSED] - if (i == 4 &amp;&amp; wildList.indexOf(symbol) != -1): null

2019-08-24 12:10:57 - [TEST_STEP][PASSED] - symbol = symbol: null

2019-08-24 12:10:57 - [TEST_STEP][PASSED] - println(symbol): null

2019-08-24 12:10:57 - [TEST_STEP][PASSED] - if (i == 2 &amp;&amp; wildList.indexOf(symbol) != -1): null

2019-08-24 12:10:57 - [TEST_STEP][PASSED] - if (i == 3 &amp;&amp; wildList.indexOf(symbol) != -1): null

2019-08-24 12:10:57 - [TEST_STEP][PASSED] - if (i == 4 &amp;&amp; wildList.indexOf(symbol) != -1): null

2019-08-24 12:10:57 - [TEST_STEP][PASSED] - symbols = symbols: null

2019-08-24 12:10:57 - [TEST_STEP][PASSED] - for ([j = 0, j &lt; symbols.size(), (j++)]): null

2019-08-24 12:10:57 - [TEST_STEP][PASSED] - symbol = symbol: null

2019-08-24 12:10:57 - [TEST_STEP][PASSED] - println(symbol): null

2019-08-24 12:10:57 - [TEST_STEP][PASSED] - if (i == 2 &amp;&amp; wildList.indexOf(symbol) != -1): null

2019-08-24 12:10:57 - [TEST_STEP][PASSED] - if (i == 3 &amp;&amp; wildList.indexOf(symbol) != -1): null

2019-08-24 12:10:57 - [TEST_STEP][PASSED] - if (i == 4 &amp;&amp; wildList.indexOf(symbol) != -1): null

2019-08-24 12:10:57 - [TEST_STEP][PASSED] - symbol = symbol: null

2019-08-24 12:10:57 - [TEST_STEP][PASSED] - println(symbol): null

2019-08-24 12:10:57 - [TEST_STEP][PASSED] - if (i == 2 &amp;&amp; wildList.indexOf(symbol) != -1): null

2019-08-24 12:10:57 - [TEST_STEP][PASSED] - if (i == 3 &amp;&amp; wildList.indexOf(symbol) != -1): null

2019-08-24 12:10:57 - [TEST_STEP][PASSED] - if (i == 4 &amp;&amp; wildList.indexOf(symbol) != -1): null

2019-08-24 12:10:57 - [TEST_STEP][PASSED] - symbol = symbol: null

2019-08-24 12:10:57 - [TEST_STEP][PASSED] - println(symbol): null

2019-08-24 12:10:57 - [TEST_STEP][PASSED] - if (i == 2 &amp;&amp; wildList.indexOf(symbol) != -1): null

2019-08-24 12:10:57 - [TEST_STEP][PASSED] - if (i == 3 &amp;&amp; wildList.indexOf(symbol) != -1): null

2019-08-24 12:10:57 - [TEST_STEP][PASSED] - println("wild found on reel 4, adding counter by 1"): null

2019-08-24 12:10:57 - [TEST_STEP][PASSED] - free_spin_reel_counter[1] = free_spin_reel_counter[1] + 1: null

2019-08-24 12:10:57 - [TEST_STEP][PASSED] - if (i == 4 &amp;&amp; wildList.indexOf(symbol) != -1): null

2019-08-24 12:10:57 - [TEST_STEP][PASSED] - symbols = symbols: null

2019-08-24 12:10:57 - [TEST_STEP][PASSED] - for ([j = 0, j &lt; symbols.size(), (j++)]): null

2019-08-24 12:10:57 - [TEST_STEP][PASSED] - symbol = symbol: null

2019-08-24 12:10:57 - [TEST_STEP][PASSED] - println(symbol): null

2019-08-24 12:10:57 - [TEST_STEP][PASSED] - if (i == 2 &amp;&amp; wildList.indexOf(symbol) != -1): null

2019-08-24 12:10:57 - [TEST_STEP][PASSED] - if (i == 3 &amp;&amp; wildList.indexOf(symbol) != -1): null

2019-08-24 12:10:57 - [TEST_STEP][PASSED] - if (i == 4 &amp;&amp; wildList.indexOf(symbol) != -1): null

2019-08-24 12:10:57 - [TEST_STEP][PASSED] - symbol = symbol: null

2019-08-24 12:10:57 - [TEST_STEP][PASSED] - println(symbol): null

2019-08-24 12:10:57 - [TEST_STEP][PASSED] - if (i == 2 &amp;&amp; wildList.indexOf(symbol) != -1): null

2019-08-24 12:10:57 - [TEST_STEP][PASSED] - if (i == 3 &amp;&amp; wildList.indexOf(symbol) != -1): null

2019-08-24 12:10:57 - [TEST_STEP][PASSED] - if (i == 4 &amp;&amp; wildList.indexOf(symbol) != -1): null

2019-08-24 12:10:57 - [TEST_STEP][PASSED] - symbol = symbol: null

2019-08-24 12:10:57 - [TEST_STEP][PASSED] - println(symbol): null

2019-08-24 12:10:57 - [TEST_STEP][PASSED] - if (i == 2 &amp;&amp; wildList.indexOf(symbol) != -1): null

2019-08-24 12:10:57 - [TEST_STEP][PASSED] - if (i == 3 &amp;&amp; wildList.indexOf(symbol) != -1): null

2019-08-24 12:10:57 - [TEST_STEP][PASSED] - if (i == 4 &amp;&amp; wildList.indexOf(symbol) != -1): null

2019-08-24 12:10:57 - [TEST_STEP][PASSED] - free_spin_reel_counter = free_spin_reel_counter: null

2019-08-24 12:10:57 - [TEST_STEP][PASSED] - println("reel 3 wild found: " + free_spin_reel_counter[0]): null

2019-08-24 12:10:57 - [TEST_STEP][PASSED] - println("reel 4 wild found: " + free_spin_reel_counter[1]): null

2019-08-24 12:10:57 - [TEST_STEP][PASSED] - println("reel 5 wild found: " + free_spin_reel_counter[2]): null

2019-08-24 12:10:57 - [TEST_STEP][PASSED] - M4_spin_reels = M4_spin_reels: null

2019-08-24 12:10:57 - [TEST_STEP][PASSED] - M4_spin_reels_symbols = symbol: null

2019-08-24 12:10:57 - [TEST_STEP][PASSED] - M4_spin_reels_symbols = M4_spin_reels_symbols: null

2019-08-24 12:10:57 - [TEST_STEP][PASSED] - M4_spin_reel_wins = reel_wins: null

2019-08-24 12:10:57 - [TEST_STEP][PASSED] - M4_spin_reel_wins = M4_spin_reel_wins: null

2019-08-24 12:10:57 - [TEST_STEP][PASSED] - println("GlobalVariable.M4_spin_reel_wins is: " + M4_spin_reel_wins): null

2019-08-24 12:10:57 - [TEST_STEP][PASSED] - M4_spin_total_bonus_win_this_round = total_bonus_win_this_round: null

2019-08-24 12:10:57 - [TEST_STEP][PASSED] - M4_spin_total_bonus_win_this_round = M4_spin_total_bonus_win_this_round: null

2019-08-24 12:10:57 - [TEST_STEP][PASSED] - println("GlobalVariable.M4_spin_total_bonus_win_this_round is: " + M4_spin_total_bonus_win_this_round): null

2019-08-24 12:10:57 - [TEST_STEP][PASSED] - M4_spin_bonus_spin_result = spin_result: null

2019-08-24 12:10:57 - [TEST_STEP][PASSED] - M4_spin_bonus_spin_result = M4_spin_bonus_spin_result: null

2019-08-24 12:10:57 - [MESSAGE][PASSED] - Verify response successfully

2019-08-24 12:10:57 - [MESSAGE][PASSED] - Send request and verify the response successfully

2019-08-24 12:10:57 - [TEST_STEP][PASSED] - if (M4_total_bonus_spins_int != 0 &amp;&amp; M4_spin_reels_symbols[2].contains("WILD_ExtraFG") || M4_spin_reels_symbols[3].contains("WILD_ExtraFG")): null

2019-08-24 12:10:57 - [TEST_STEP][PASSED] - free_spin_reel_counter = free_spin_reel_counter: null

2019-08-24 12:10:57 - [TEST_STEP][PASSED] - M4_spin_reels_symbols = M4_spin_reels_symbols: null

2019-08-24 12:10:57 - [TEST_STEP][PASSED] - M4_total_bonus_spins = M4_total_bonus_spins: null

2019-08-24 12:10:57 - [TEST_STEP][PASSED] - spin_result = sendRequestAndVerify(findTestObject("INT/RGS(M4)/1_M4_spin", ["M4_login_user_id":M4_login_user_id, "rgs_session_token":rgs_session_token, "partner":Partner])): Send request and verify the response successfully

2019-08-24 12:10:57 - [MESSAGE][INFO] - HAR: /Users/eiralee/Katalon_Script/SuperWild/Reports/20190824_120919/INT/superWild_3/20190824_120919/requests/main/28.har

2019-08-24 12:10:57 - [TEST_CASE][PASSED] - Start Test Case : Verification: Verification accomplished successfully

2019-08-24 12:10:58 - [TEST_STEP][PASSED] - request = getInstance().getCurrentRequest(): null

2019-08-24 12:10:58 - [TEST_STEP][PASSED] - response = getInstance().getCurrentResponse(): null

2019-08-24 12:10:58 - [TEST_STEP][PASSED] - verifyResponseStatusCode(response, 200): Verify response status code successfully

2019-08-24 12:10:58 - [MESSAGE][PASSED] - Verify response status code successfully

2019-08-24 12:10:58 - [TEST_STEP][PASSED] - getStatusCode()).isEqualTo(200): null

2019-08-24 12:10:58 - [TEST_STEP][PASSED] - newline = System.getProperty("line.separator"): null

2019-08-24 12:10:58 - [TEST_STEP][PASSED] - M4_spin = new groovy.json.JsonSlurper(): null

2019-08-24 12:10:58 - [TEST_STEP][PASSED] - result_M4_spin = M4_spin.parseText(response.getResponseBodyContent()): null

2019-08-24 12:10:58 - [TEST_STEP][PASSED] - M4_spin_current_balance = current_balance: null

2019-08-24 12:10:58 - [TEST_STEP][PASSED] - M4_spin_current_balance = M4_spin_current_balance: null

2019-08-24 12:10:58 - [TEST_STEP][PASSED] - M4_spin_transaction_id = causality: null

2019-08-24 12:10:58 - [TEST_STEP][PASSED] - M4_spin_transaction_id = M4_spin_transaction_id: null

2019-08-24 12:10:58 - [TEST_STEP][PASSED] - M4_spin_round_id = round_id: null

2019-08-24 12:10:58 - [TEST_STEP][PASSED] - M4_spin_round_id = M4_spin_round_id: null

2019-08-24 12:10:58 - [TEST_STEP][PASSED] - M4_spin_line_wins = line_wins: null

2019-08-24 12:10:58 - [TEST_STEP][PASSED] - M4_spin_line_wins = M4_spin_line_wins: null

2019-08-24 12:10:58 - [TEST_STEP][PASSED] - M4_total_bonus_spins_int = total_bonus_spins: null

2019-08-24 12:10:58 - [TEST_STEP][PASSED] - println("******M4_total_bonus_spins type is:*******" + newline + getClass().getName()): null

2019-08-24 12:10:58 - [TEST_STEP][PASSED] - M4_total_bonus_spins_int = M4_total_bonus_spins_int: null

2019-08-24 12:10:58 - [TEST_STEP][PASSED] - M4_total_bonus_spins = Integer.toString(M4_total_bonus_spins_int): null

2019-08-24 12:10:58 - [TEST_STEP][PASSED] - M4_total_bonus_spins = M4_total_bonus_spins: null

2019-08-24 12:10:58 - [TEST_STEP][PASSED] - println("M4_total_bonus_spins is:" + M4_total_bonus_spins): null

2019-08-24 12:10:58 - [TEST_STEP][PASSED] - M4_spin_bonus_data = bonus_data: null

2019-08-24 12:10:58 - [TEST_STEP][PASSED] - M4_spin_features_triggered = result_M4_spin: null

2019-08-24 12:10:58 - [TEST_STEP][PASSED] - wild = []: null

2019-08-24 12:10:58 - [TEST_STEP][PASSED] - wild[0] = "WILD_Expanding": null

2019-08-24 12:10:58 - [TEST_STEP][PASSED] - wild[1] = "WILD_Normal": null

2019-08-24 12:10:58 - [TEST_STEP][PASSED] - wild[2] = "WILD_Double": null

2019-08-24 12:10:58 - [TEST_STEP][PASSED] - wild[3] = "WILD_ExtraFG": null

2019-08-24 12:10:58 - [TEST_STEP][PASSED] - wild[4] = "WILD_Triple": null

2019-08-24 12:10:58 - [TEST_STEP][PASSED] - wildList = Arrays.asList(wild): null

2019-08-24 12:10:58 - [TEST_STEP][PASSED] - wildList = wildList: null

2019-08-24 12:10:58 - [TEST_STEP][PASSED] - free_spin_reel_counter = []: null

2019-08-24 12:10:58 - [TEST_STEP][PASSED] - free_spin_reel_counter[0] = 0: null

2019-08-24 12:10:58 - [TEST_STEP][PASSED] - free_spin_reel_counter[1] = 0: null

2019-08-24 12:10:58 - [TEST_STEP][PASSED] - free_spin_reel_counter[2] = 0: null

2019-08-24 12:10:58 - [TEST_STEP][PASSED] - M4_spin_reels = reels: null

2019-08-24 12:10:58 - [TEST_STEP][PASSED] - for ([i = 0, i &lt; M4_spin_reels.size(), (i++)]): null

2019-08-24 12:10:58 - [TEST_STEP][PASSED] - symbols = symbols: null

2019-08-24 12:10:58 - [TEST_STEP][PASSED] - for ([j = 0, j &lt; symbols.size(), (j++)]): null

2019-08-24 12:10:58 - [TEST_STEP][PASSED] - symbol = symbol: null

2019-08-24 12:10:58 - [TEST_STEP][PASSED] - println(symbol): null

2019-08-24 12:10:58 - [TEST_STEP][PASSED] - if (i == 2 &amp;&amp; wildList.indexOf(symbol) != -1): null

2019-08-24 12:10:58 - [TEST_STEP][PASSED] - if (i == 3 &amp;&amp; wildList.indexOf(symbol) != -1): null

2019-08-24 12:10:58 - [TEST_STEP][PASSED] - if (i == 4 &amp;&amp; wildList.indexOf(symbol) != -1): null

2019-08-24 12:10:58 - [TEST_STEP][PASSED] - symbol = symbol: null

2019-08-24 12:10:58 - [TEST_STEP][PASSED] - println(symbol): null

2019-08-24 12:10:58 - [TEST_STEP][PASSED] - if (i == 2 &amp;&amp; wildList.indexOf(symbol) != -1): null

2019-08-24 12:10:58 - [TEST_STEP][PASSED] - if (i == 3 &amp;&amp; wildList.indexOf(symbol) != -1): null

2019-08-24 12:10:58 - [TEST_STEP][PASSED] - if (i == 4 &amp;&amp; wildList.indexOf(symbol) != -1): null

2019-08-24 12:10:58 - [TEST_STEP][PASSED] - symbol = symbol: null

2019-08-24 12:10:58 - [TEST_STEP][PASSED] - println(symbol): null

2019-08-24 12:10:58 - [TEST_STEP][PASSED] - if (i == 2 &amp;&amp; wildList.indexOf(symbol) != -1): null

2019-08-24 12:10:58 - [TEST_STEP][PASSED] - if (i == 3 &amp;&amp; wildList.indexOf(symbol) != -1): null

2019-08-24 12:10:58 - [TEST_STEP][PASSED] - if (i == 4 &amp;&amp; wildList.indexOf(symbol) != -1): null

2019-08-24 12:10:58 - [TEST_STEP][PASSED] - symbols = symbols: null

2019-08-24 12:10:58 - [TEST_STEP][PASSED] - for ([j = 0, j &lt; symbols.size(), (j++)]): null

2019-08-24 12:10:58 - [TEST_STEP][PASSED] - symbol = symbol: null

2019-08-24 12:10:58 - [TEST_STEP][PASSED] - println(symbol): null

2019-08-24 12:10:58 - [TEST_STEP][PASSED] - if (i == 2 &amp;&amp; wildList.indexOf(symbol) != -1): null

2019-08-24 12:10:58 - [TEST_STEP][PASSED] - if (i == 3 &amp;&amp; wildList.indexOf(symbol) != -1): null

2019-08-24 12:10:58 - [TEST_STEP][PASSED] - if (i == 4 &amp;&amp; wildList.indexOf(symbol) != -1): null

2019-08-24 12:10:58 - [TEST_STEP][PASSED] - symbol = symbol: null

2019-08-24 12:10:58 - [TEST_STEP][PASSED] - println(symbol): null

2019-08-24 12:10:58 - [TEST_STEP][PASSED] - if (i == 2 &amp;&amp; wildList.indexOf(symbol) != -1): null

2019-08-24 12:10:58 - [TEST_STEP][PASSED] - if (i == 3 &amp;&amp; wildList.indexOf(symbol) != -1): null

2019-08-24 12:10:58 - [TEST_STEP][PASSED] - if (i == 4 &amp;&amp; wildList.indexOf(symbol) != -1): null

2019-08-24 12:10:58 - [TEST_STEP][PASSED] - symbol = symbol: null

2019-08-24 12:10:58 - [TEST_STEP][PASSED] - println(symbol): null

2019-08-24 12:10:58 - [TEST_STEP][PASSED] - if (i == 2 &amp;&amp; wildList.indexOf(symbol) != -1): null

2019-08-24 12:10:58 - [TEST_STEP][PASSED] - if (i == 3 &amp;&amp; wildList.indexOf(symbol) != -1): null

2019-08-24 12:10:58 - [TEST_STEP][PASSED] - if (i == 4 &amp;&amp; wildList.indexOf(symbol) != -1): null

2019-08-24 12:10:58 - [TEST_STEP][PASSED] - symbols = symbols: null

2019-08-24 12:10:58 - [TEST_STEP][PASSED] - for ([j = 0, j &lt; symbols.size(), (j++)]): null

2019-08-24 12:10:58 - [TEST_STEP][PASSED] - symbol = symbol: null

2019-08-24 12:10:58 - [TEST_STEP][PASSED] - println(symbol): null

2019-08-24 12:10:58 - [TEST_STEP][PASSED] - if (i == 2 &amp;&amp; wildList.indexOf(symbol) != -1): null

2019-08-24 12:10:58 - [TEST_STEP][PASSED] - if (i == 3 &amp;&amp; wildList.indexOf(symbol) != -1): null

2019-08-24 12:10:58 - [TEST_STEP][PASSED] - if (i == 4 &amp;&amp; wildList.indexOf(symbol) != -1): null

2019-08-24 12:10:58 - [TEST_STEP][PASSED] - symbol = symbol: null

2019-08-24 12:10:58 - [TEST_STEP][PASSED] - println(symbol): null

2019-08-24 12:10:58 - [TEST_STEP][PASSED] - if (i == 2 &amp;&amp; wildList.indexOf(symbol) != -1): null

2019-08-24 12:10:58 - [TEST_STEP][PASSED] - if (i == 3 &amp;&amp; wildList.indexOf(symbol) != -1): null

2019-08-24 12:10:58 - [TEST_STEP][PASSED] - if (i == 4 &amp;&amp; wildList.indexOf(symbol) != -1): null

2019-08-24 12:10:58 - [TEST_STEP][PASSED] - symbol = symbol: null

2019-08-24 12:10:58 - [TEST_STEP][PASSED] - println(symbol): null

2019-08-24 12:10:58 - [TEST_STEP][PASSED] - if (i == 2 &amp;&amp; wildList.indexOf(symbol) != -1): null

2019-08-24 12:10:58 - [TEST_STEP][PASSED] - if (i == 3 &amp;&amp; wildList.indexOf(symbol) != -1): null

2019-08-24 12:10:58 - [TEST_STEP][PASSED] - if (i == 4 &amp;&amp; wildList.indexOf(symbol) != -1): null

2019-08-24 12:10:58 - [TEST_STEP][PASSED] - symbols = symbols: null

2019-08-24 12:10:58 - [TEST_STEP][PASSED] - for ([j = 0, j &lt; symbols.size(), (j++)]): null

2019-08-24 12:10:58 - [TEST_STEP][PASSED] - symbol = symbol: null

2019-08-24 12:10:58 - [TEST_STEP][PASSED] - println(symbol): null

2019-08-24 12:10:58 - [TEST_STEP][PASSED] - if (i == 2 &amp;&amp; wildList.indexOf(symbol) != -1): null

2019-08-24 12:10:58 - [TEST_STEP][PASSED] - if (i == 3 &amp;&amp; wildList.indexOf(symbol) != -1): null

2019-08-24 12:10:58 - [TEST_STEP][PASSED] - if (i == 4 &amp;&amp; wildList.indexOf(symbol) != -1): null

2019-08-24 12:10:58 - [TEST_STEP][PASSED] - symbol = symbol: null

2019-08-24 12:10:58 - [TEST_STEP][PASSED] - println(symbol): null

2019-08-24 12:10:58 - [TEST_STEP][PASSED] - if (i == 2 &amp;&amp; wildList.indexOf(symbol) != -1): null

2019-08-24 12:10:58 - [TEST_STEP][PASSED] - if (i == 3 &amp;&amp; wildList.indexOf(symbol) != -1): null

2019-08-24 12:10:58 - [TEST_STEP][PASSED] - if (i == 4 &amp;&amp; wildList.indexOf(symbol) != -1): null

2019-08-24 12:10:58 - [TEST_STEP][PASSED] - symbol = symbol: null

2019-08-24 12:10:58 - [TEST_STEP][PASSED] - println(symbol): null

2019-08-24 12:10:58 - [TEST_STEP][PASSED] - if (i == 2 &amp;&amp; wildList.indexOf(symbol) != -1): null

2019-08-24 12:10:58 - [TEST_STEP][PASSED] - if (i == 3 &amp;&amp; wildList.indexOf(symbol) != -1): null

2019-08-24 12:10:58 - [TEST_STEP][PASSED] - if (i == 4 &amp;&amp; wildList.indexOf(symbol) != -1): null

2019-08-24 12:10:58 - [TEST_STEP][PASSED] - symbols = symbols: null

2019-08-24 12:10:58 - [TEST_STEP][PASSED] - for ([j = 0, j &lt; symbols.size(), (j++)]): null

2019-08-24 12:10:58 - [TEST_STEP][PASSED] - symbol = symbol: null

2019-08-24 12:10:58 - [TEST_STEP][PASSED] - println(symbol): null

2019-08-24 12:10:58 - [TEST_STEP][PASSED] - if (i == 2 &amp;&amp; wildList.indexOf(symbol) != -1): null

2019-08-24 12:10:58 - [TEST_STEP][PASSED] - if (i == 3 &amp;&amp; wildList.indexOf(symbol) != -1): null

2019-08-24 12:10:58 - [TEST_STEP][PASSED] - if (i == 4 &amp;&amp; wildList.indexOf(symbol) != -1): null

2019-08-24 12:10:58 - [TEST_STEP][PASSED] - symbol = symbol: null

2019-08-24 12:10:58 - [TEST_STEP][PASSED] - println(symbol): null

2019-08-24 12:10:58 - [TEST_STEP][PASSED] - if (i == 2 &amp;&amp; wildList.indexOf(symbol) != -1): null

2019-08-24 12:10:58 - [TEST_STEP][PASSED] - if (i == 3 &amp;&amp; wildList.indexOf(symbol) != -1): null

2019-08-24 12:10:58 - [TEST_STEP][PASSED] - if (i == 4 &amp;&amp; wildList.indexOf(symbol) != -1): null

2019-08-24 12:10:58 - [TEST_STEP][PASSED] - symbol = symbol: null

2019-08-24 12:10:58 - [TEST_STEP][PASSED] - println(symbol): null

2019-08-24 12:10:58 - [TEST_STEP][PASSED] - if (i == 2 &amp;&amp; wildList.indexOf(symbol) != -1): null

2019-08-24 12:10:58 - [TEST_STEP][PASSED] - if (i == 3 &amp;&amp; wildList.indexOf(symbol) != -1): null

2019-08-24 12:10:58 - [TEST_STEP][PASSED] - if (i == 4 &amp;&amp; wildList.indexOf(symbol) != -1): null

2019-08-24 12:10:58 - [TEST_STEP][PASSED] - free_spin_reel_counter = free_spin_reel_counter: null

2019-08-24 12:10:58 - [TEST_STEP][PASSED] - println("reel 3 wild found: " + free_spin_reel_counter[0]): null

2019-08-24 12:11:02 - [TEST_STEP][PASSED] - println("reel 4 wild found: " + free_spin_reel_counter[1]): null

2019-08-24 12:11:02 - [TEST_STEP][PASSED] - println("reel 5 wild found: " + free_spin_reel_counter[2]): null

2019-08-24 12:11:02 - [TEST_STEP][PASSED] - M4_spin_reels = M4_spin_reels: null

2019-08-24 12:11:02 - [TEST_STEP][PASSED] - M4_spin_reels_symbols = symbol: null

2019-08-24 12:11:02 - [TEST_STEP][PASSED] - M4_spin_reels_symbols = M4_spin_reels_symbols: null

2019-08-24 12:11:02 - [TEST_STEP][PASSED] - M4_spin_reel_wins = reel_wins: null

2019-08-24 12:11:02 - [TEST_STEP][PASSED] - M4_spin_reel_wins = M4_spin_reel_wins: null

2019-08-24 12:11:02 - [TEST_STEP][PASSED] - println("GlobalVariable.M4_spin_reel_wins is: " + M4_spin_reel_wins): null

2019-08-24 12:11:02 - [TEST_STEP][PASSED] - M4_spin_total_bonus_win_this_round = total_bonus_win_this_round: null

2019-08-24 12:11:02 - [TEST_STEP][PASSED] - M4_spin_total_bonus_win_this_round = M4_spin_total_bonus_win_this_round: null

2019-08-24 12:11:04 - [TEST_STEP][PASSED] - println("GlobalVariable.M4_spin_total_bonus_win_this_round is: " + M4_spin_total_bonus_win_this_round): null

2019-08-24 12:11:04 - [TEST_STEP][PASSED] - M4_spin_bonus_spin_result = spin_result: null

2019-08-24 12:11:04 - [TEST_STEP][PASSED] - M4_spin_bonus_spin_result = M4_spin_bonus_spin_result: null

2019-08-24 12:11:04 - [MESSAGE][PASSED] - Verify response successfully

2019-08-24 12:11:04 - [MESSAGE][PASSED] - Send request and verify the response successfully

2019-08-24 12:11:04 - [TEST_STEP][PASSED] - if (M4_total_bonus_spins_int != 0 &amp;&amp; M4_spin_reels_symbols[2].contains("WILD_ExtraFG") || M4_spin_reels_symbols[3].contains("WILD_ExtraFG")): null

2019-08-24 12:11:04 - [TEST_STEP][PASSED] - free_spin_reel_counter = free_spin_reel_counter: null

2019-08-24 12:11:04 - [TEST_STEP][PASSED] - M4_spin_reels_symbols = M4_spin_reels_symbols: null

2019-08-24 12:11:04 - [TEST_STEP][PASSED] - M4_total_bonus_spins = M4_total_bonus_spins: null

2019-08-24 12:11:04 - [TEST_STEP][PASSED] - spin_result = sendRequestAndVerify(findTestObject("INT/RGS(M4)/1_M4_spin", ["M4_login_user_id":M4_login_user_id, "rgs_session_token":rgs_session_token, "partner":Partner])): Send request and verify the response successfully

2019-08-24 12:11:04 - [MESSAGE][INFO] - HAR: /Users/eiralee/Katalon_Script/SuperWild/Reports/20190824_120919/INT/superWild_3/20190824_120919/requests/main/29.har

2019-08-24 12:11:04 - [TEST_CASE][PASSED] - Start Test Case : Verification: Verification accomplished successfully

2019-08-24 12:11:04 - [TEST_STEP][PASSED] - request = getInstance().getCurrentRequest(): null

2019-08-24 12:11:05 - [TEST_STEP][PASSED] - response = getInstance().getCurrentResponse(): null

2019-08-24 12:11:05 - [TEST_STEP][PASSED] - verifyResponseStatusCode(response, 200): Verify response status code successfully

2019-08-24 12:11:05 - [MESSAGE][PASSED] - Verify response status code successfully

2019-08-24 12:11:05 - [TEST_STEP][PASSED] - getStatusCode()).isEqualTo(200): null

2019-08-24 12:11:05 - [TEST_STEP][PASSED] - newline = System.getProperty("line.separator"): null

2019-08-24 12:11:05 - [TEST_STEP][PASSED] - M4_spin = new groovy.json.JsonSlurper(): null

2019-08-24 12:11:05 - [TEST_STEP][PASSED] - result_M4_spin = M4_spin.parseText(response.getResponseBodyContent()): null

2019-08-24 12:11:05 - [TEST_STEP][PASSED] - M4_spin_current_balance = current_balance: null

2019-08-24 12:11:05 - [TEST_STEP][PASSED] - M4_spin_current_balance = M4_spin_current_balance: null

2019-08-24 12:11:05 - [TEST_STEP][PASSED] - M4_spin_transaction_id = causality: null

2019-08-24 12:11:05 - [TEST_STEP][PASSED] - M4_spin_transaction_id = M4_spin_transaction_id: null

2019-08-24 12:11:05 - [TEST_STEP][PASSED] - M4_spin_round_id = round_id: null

2019-08-24 12:11:05 - [TEST_STEP][PASSED] - M4_spin_round_id = M4_spin_round_id: null

2019-08-24 12:11:05 - [TEST_STEP][PASSED] - M4_spin_line_wins = line_wins: null

2019-08-24 12:11:05 - [TEST_STEP][PASSED] - M4_spin_line_wins = M4_spin_line_wins: null

2019-08-24 12:11:05 - [TEST_STEP][PASSED] - M4_total_bonus_spins_int = total_bonus_spins: null

2019-08-24 12:11:05 - [TEST_STEP][PASSED] - println("******M4_total_bonus_spins type is:*******" + newline + getClass().getName()): null

2019-08-24 12:11:05 - [TEST_STEP][PASSED] - M4_total_bonus_spins_int = M4_total_bonus_spins_int: null

2019-08-24 12:11:05 - [TEST_STEP][PASSED] - M4_total_bonus_spins = Integer.toString(M4_total_bonus_spins_int): null

2019-08-24 12:11:05 - [TEST_STEP][PASSED] - M4_total_bonus_spins = M4_total_bonus_spins: null

2019-08-24 12:11:05 - [TEST_STEP][PASSED] - println("M4_total_bonus_spins is:" + M4_total_bonus_spins): null

2019-08-24 12:11:05 - [TEST_STEP][PASSED] - M4_spin_bonus_data = bonus_data: null

2019-08-24 12:11:05 - [TEST_STEP][PASSED] - M4_spin_features_triggered = result_M4_spin: null

2019-08-24 12:11:05 - [TEST_STEP][PASSED] - wild = []: null

2019-08-24 12:11:05 - [TEST_STEP][PASSED] - wild[0] = "WILD_Expanding": null

2019-08-24 12:11:05 - [TEST_STEP][PASSED] - wild[1] = "WILD_Normal": null

2019-08-24 12:11:05 - [TEST_STEP][PASSED] - wild[2] = "WILD_Double": null

2019-08-24 12:11:05 - [TEST_STEP][PASSED] - wild[3] = "WILD_ExtraFG": null

2019-08-24 12:11:05 - [TEST_STEP][PASSED] - wild[4] = "WILD_Triple": null

2019-08-24 12:11:05 - [TEST_STEP][PASSED] - wildList = Arrays.asList(wild): null

2019-08-24 12:11:05 - [TEST_STEP][PASSED] - wildList = wildList: null

2019-08-24 12:11:05 - [TEST_STEP][PASSED] - free_spin_reel_counter = []: null

2019-08-24 12:11:05 - [TEST_STEP][PASSED] - free_spin_reel_counter[0] = 0: null

2019-08-24 12:11:05 - [TEST_STEP][PASSED] - free_spin_reel_counter[1] = 0: null

2019-08-24 12:11:05 - [TEST_STEP][PASSED] - free_spin_reel_counter[2] = 0: null

2019-08-24 12:11:05 - [TEST_STEP][PASSED] - M4_spin_reels = reels: null

2019-08-24 12:11:05 - [TEST_STEP][PASSED] - for ([i = 0, i &lt; M4_spin_reels.size(), (i++)]): null

2019-08-24 12:11:05 - [TEST_STEP][PASSED] - symbols = symbols: null

2019-08-24 12:11:05 - [TEST_STEP][PASSED] - for ([j = 0, j &lt; symbols.size(), (j++)]): null

2019-08-24 12:11:05 - [TEST_STEP][PASSED] - symbol = symbol: null

2019-08-24 12:11:05 - [TEST_STEP][PASSED] - println(symbol): null

2019-08-24 12:11:05 - [TEST_STEP][PASSED] - if (i == 2 &amp;&amp; wildList.indexOf(symbol) != -1): null

2019-08-24 12:11:05 - [TEST_STEP][PASSED] - if (i == 3 &amp;&amp; wildList.indexOf(symbol) != -1): null

2019-08-24 12:11:05 - [TEST_STEP][PASSED] - if (i == 4 &amp;&amp; wildList.indexOf(symbol) != -1): null

2019-08-24 12:11:05 - [TEST_STEP][PASSED] - symbol = symbol: null

2019-08-24 12:11:05 - [TEST_STEP][PASSED] - println(symbol): null

2019-08-24 12:11:05 - [TEST_STEP][PASSED] - if (i == 2 &amp;&amp; wildList.indexOf(symbol) != -1): null

2019-08-24 12:11:05 - [TEST_STEP][PASSED] - if (i == 3 &amp;&amp; wildList.indexOf(symbol) != -1): null

2019-08-24 12:11:05 - [TEST_STEP][PASSED] - if (i == 4 &amp;&amp; wildList.indexOf(symbol) != -1): null

2019-08-24 12:11:05 - [TEST_STEP][PASSED] - symbol = symbol: null

2019-08-24 12:11:05 - [TEST_STEP][PASSED] - println(symbol): null

2019-08-24 12:11:05 - [TEST_STEP][PASSED] - if (i == 2 &amp;&amp; wildList.indexOf(symbol) != -1): null

2019-08-24 12:11:05 - [TEST_STEP][PASSED] - if (i == 3 &amp;&amp; wildList.indexOf(symbol) != -1): null

2019-08-24 12:11:05 - [TEST_STEP][PASSED] - if (i == 4 &amp;&amp; wildList.indexOf(symbol) != -1): null

2019-08-24 12:11:05 - [TEST_STEP][PASSED] - symbols = symbols: null

2019-08-24 12:11:05 - [TEST_STEP][PASSED] - for ([j = 0, j &lt; symbols.size(), (j++)]): null

2019-08-24 12:11:05 - [TEST_STEP][PASSED] - symbol = symbol: null

2019-08-24 12:11:05 - [TEST_STEP][PASSED] - println(symbol): null

2019-08-24 12:11:05 - [TEST_STEP][PASSED] - if (i == 2 &amp;&amp; wildList.indexOf(symbol) != -1): null

2019-08-24 12:11:05 - [TEST_STEP][PASSED] - if (i == 3 &amp;&amp; wildList.indexOf(symbol) != -1): null

2019-08-24 12:11:05 - [TEST_STEP][PASSED] - if (i == 4 &amp;&amp; wildList.indexOf(symbol) != -1): null

2019-08-24 12:11:05 - [TEST_STEP][PASSED] - symbol = symbol: null

2019-08-24 12:11:05 - [TEST_STEP][PASSED] - println(symbol): null

2019-08-24 12:11:05 - [TEST_STEP][PASSED] - if (i == 2 &amp;&amp; wildList.indexOf(symbol) != -1): null

2019-08-24 12:11:05 - [TEST_STEP][PASSED] - if (i == 3 &amp;&amp; wildList.indexOf(symbol) != -1): null

2019-08-24 12:11:05 - [TEST_STEP][PASSED] - if (i == 4 &amp;&amp; wildList.indexOf(symbol) != -1): null

2019-08-24 12:11:05 - [TEST_STEP][PASSED] - symbol = symbol: null

2019-08-24 12:11:05 - [TEST_STEP][PASSED] - println(symbol): null

2019-08-24 12:11:05 - [TEST_STEP][PASSED] - if (i == 2 &amp;&amp; wildList.indexOf(symbol) != -1): null

2019-08-24 12:11:05 - [TEST_STEP][PASSED] - if (i == 3 &amp;&amp; wildList.indexOf(symbol) != -1): null

2019-08-24 12:11:05 - [TEST_STEP][PASSED] - if (i == 4 &amp;&amp; wildList.indexOf(symbol) != -1): null

2019-08-24 12:11:05 - [TEST_STEP][PASSED] - symbols = symbols: null

2019-08-24 12:11:05 - [TEST_STEP][PASSED] - for ([j = 0, j &lt; symbols.size(), (j++)]): null

2019-08-24 12:11:05 - [TEST_STEP][PASSED] - symbol = symbol: null

2019-08-24 12:11:05 - [TEST_STEP][PASSED] - println(symbol): null

2019-08-24 12:11:05 - [TEST_STEP][PASSED] - if (i == 2 &amp;&amp; wildList.indexOf(symbol) != -1): null

2019-08-24 12:11:05 - [TEST_STEP][PASSED] - if (i == 3 &amp;&amp; wildList.indexOf(symbol) != -1): null

2019-08-24 12:11:05 - [TEST_STEP][PASSED] - if (i == 4 &amp;&amp; wildList.indexOf(symbol) != -1): null

2019-08-24 12:11:05 - [TEST_STEP][PASSED] - symbol = symbol: null

2019-08-24 12:11:05 - [TEST_STEP][PASSED] - println(symbol): null

2019-08-24 12:11:05 - [TEST_STEP][PASSED] - if (i == 2 &amp;&amp; wildList.indexOf(symbol) != -1): null

2019-08-24 12:11:05 - [TEST_STEP][PASSED] - println("wild found on reel 3, adding counter by 1"): null

2019-08-24 12:11:05 - [TEST_STEP][PASSED] - free_spin_reel_counter[0] = free_spin_reel_counter[0] + 1: null

2019-08-24 12:11:05 - [TEST_STEP][PASSED] - if (i == 3 &amp;&amp; wildList.indexOf(symbol) != -1): null

2019-08-24 12:11:05 - [TEST_STEP][PASSED] - if (i == 4 &amp;&amp; wildList.indexOf(symbol) != -1): null

2019-08-24 12:11:05 - [TEST_STEP][PASSED] - symbol = symbol: null

2019-08-24 12:11:05 - [TEST_STEP][PASSED] - println(symbol): null

2019-08-24 12:11:05 - [TEST_STEP][PASSED] - if (i == 2 &amp;&amp; wildList.indexOf(symbol) != -1): null

2019-08-24 12:11:05 - [TEST_STEP][PASSED] - if (i == 3 &amp;&amp; wildList.indexOf(symbol) != -1): null

2019-08-24 12:11:05 - [TEST_STEP][PASSED] - if (i == 4 &amp;&amp; wildList.indexOf(symbol) != -1): null

2019-08-24 12:11:05 - [TEST_STEP][PASSED] - symbols = symbols: null

2019-08-24 12:11:05 - [TEST_STEP][PASSED] - for ([j = 0, j &lt; symbols.size(), (j++)]): null

2019-08-24 12:11:05 - [TEST_STEP][PASSED] - symbol = symbol: null

2019-08-24 12:11:05 - [TEST_STEP][PASSED] - println(symbol): null

2019-08-24 12:11:05 - [TEST_STEP][PASSED] - if (i == 2 &amp;&amp; wildList.indexOf(symbol) != -1): null

2019-08-24 12:11:05 - [TEST_STEP][PASSED] - if (i == 3 &amp;&amp; wildList.indexOf(symbol) != -1): null

2019-08-24 12:11:05 - [TEST_STEP][PASSED] - if (i == 4 &amp;&amp; wildList.indexOf(symbol) != -1): null

2019-08-24 12:11:05 - [TEST_STEP][PASSED] - symbol = symbol: null

2019-08-24 12:11:05 - [TEST_STEP][PASSED] - println(symbol): null

2019-08-24 12:11:05 - [TEST_STEP][PASSED] - if (i == 2 &amp;&amp; wildList.indexOf(symbol) != -1): null

2019-08-24 12:11:05 - [TEST_STEP][PASSED] - if (i == 3 &amp;&amp; wildList.indexOf(symbol) != -1): null

2019-08-24 12:11:05 - [TEST_STEP][PASSED] - if (i == 4 &amp;&amp; wildList.indexOf(symbol) != -1): null

2019-08-24 12:11:05 - [TEST_STEP][PASSED] - symbol = symbol: null

2019-08-24 12:11:05 - [TEST_STEP][PASSED] - println(symbol): null

2019-08-24 12:11:05 - [TEST_STEP][PASSED] - if (i == 2 &amp;&amp; wildList.indexOf(symbol) != -1): null

2019-08-24 12:11:05 - [TEST_STEP][PASSED] - if (i == 3 &amp;&amp; wildList.indexOf(symbol) != -1): null

2019-08-24 12:11:05 - [TEST_STEP][PASSED] - if (i == 4 &amp;&amp; wildList.indexOf(symbol) != -1): null

2019-08-24 12:11:05 - [TEST_STEP][PASSED] - symbols = symbols: null

2019-08-24 12:11:05 - [TEST_STEP][PASSED] - for ([j = 0, j &lt; symbols.size(), (j++)]): null

2019-08-24 12:11:05 - [TEST_STEP][PASSED] - symbol = symbol: null

2019-08-24 12:11:05 - [TEST_STEP][PASSED] - println(symbol): null

2019-08-24 12:11:05 - [TEST_STEP][PASSED] - if (i == 2 &amp;&amp; wildList.indexOf(symbol) != -1): null

2019-08-24 12:11:05 - [TEST_STEP][PASSED] - if (i == 3 &amp;&amp; wildList.indexOf(symbol) != -1): null

2019-08-24 12:11:05 - [TEST_STEP][PASSED] - if (i == 4 &amp;&amp; wildList.indexOf(symbol) != -1): null

2019-08-24 12:11:05 - [TEST_STEP][PASSED] - symbol = symbol: null

2019-08-24 12:11:05 - [TEST_STEP][PASSED] - println(symbol): null

2019-08-24 12:11:05 - [TEST_STEP][PASSED] - if (i == 2 &amp;&amp; wildList.indexOf(symbol) != -1): null

2019-08-24 12:11:05 - [TEST_STEP][PASSED] - if (i == 3 &amp;&amp; wildList.indexOf(symbol) != -1): null

2019-08-24 12:11:05 - [TEST_STEP][PASSED] - if (i == 4 &amp;&amp; wildList.indexOf(symbol) != -1): null

2019-08-24 12:11:05 - [TEST_STEP][PASSED] - symbol = symbol: null

2019-08-24 12:11:05 - [TEST_STEP][PASSED] - println(symbol): null

2019-08-24 12:11:05 - [TEST_STEP][PASSED] - if (i == 2 &amp;&amp; wildList.indexOf(symbol) != -1): null

2019-08-24 12:11:05 - [TEST_STEP][PASSED] - if (i == 3 &amp;&amp; wildList.indexOf(symbol) != -1): null

2019-08-24 12:11:05 - [TEST_STEP][PASSED] - if (i == 4 &amp;&amp; wildList.indexOf(symbol) != -1): null

2019-08-24 12:11:05 - [TEST_STEP][PASSED] - free_spin_reel_counter = free_spin_reel_counter: null

2019-08-24 12:11:05 - [TEST_STEP][PASSED] - println("reel 3 wild found: " + free_spin_reel_counter[0]): null

2019-08-24 12:11:05 - [TEST_STEP][PASSED] - println("reel 4 wild found: " + free_spin_reel_counter[1]): null

2019-08-24 12:11:05 - [TEST_STEP][PASSED] - println("reel 5 wild found: " + free_spin_reel_counter[2]): null

2019-08-24 12:11:05 - [TEST_STEP][PASSED] - M4_spin_reels = M4_spin_reels: null

2019-08-24 12:11:05 - [TEST_STEP][PASSED] - M4_spin_reels_symbols = symbol: null

2019-08-24 12:11:05 - [TEST_STEP][PASSED] - M4_spin_reels_symbols = M4_spin_reels_symbols: null

2019-08-24 12:11:05 - [TEST_STEP][PASSED] - M4_spin_reel_wins = reel_wins: null

2019-08-24 12:11:05 - [TEST_STEP][PASSED] - M4_spin_reel_wins = M4_spin_reel_wins: null

2019-08-24 12:11:05 - [TEST_STEP][PASSED] - println("GlobalVariable.M4_spin_reel_wins is: " + M4_spin_reel_wins): null

2019-08-24 12:11:05 - [TEST_STEP][PASSED] - M4_spin_total_bonus_win_this_round = total_bonus_win_this_round: null

2019-08-24 12:11:05 - [TEST_STEP][PASSED] - M4_spin_total_bonus_win_this_round = M4_spin_total_bonus_win_this_round: null

2019-08-24 12:11:05 - [TEST_STEP][PASSED] - println("GlobalVariable.M4_spin_total_bonus_win_this_round is: " + M4_spin_total_bonus_win_this_round): null

2019-08-24 12:11:05 - [TEST_STEP][PASSED] - M4_spin_bonus_spin_result = spin_result: null

2019-08-24 12:11:05 - [TEST_STEP][PASSED] - M4_spin_bonus_spin_result = M4_spin_bonus_spin_result: null

2019-08-24 12:11:05 - [MESSAGE][PASSED] - Verify response successfully

2019-08-24 12:11:05 - [MESSAGE][PASSED] - Send request and verify the response successfully

2019-08-24 12:11:05 - [TEST_STEP][PASSED] - if (M4_total_bonus_spins_int != 0 &amp;&amp; M4_spin_reels_symbols[2].contains("WILD_ExtraFG") || M4_spin_reels_symbols[3].contains("WILD_ExtraFG")): null

2019-08-24 12:11:05 - [TEST_STEP][PASSED] - free_spin_reel_counter = free_spin_reel_counter: null

2019-08-24 12:11:05 - [TEST_STEP][PASSED] - M4_spin_reels_symbols = M4_spin_reels_symbols: null

2019-08-24 12:11:05 - [TEST_STEP][PASSED] - M4_total_bonus_spins = M4_total_bonus_spins: null

2019-08-24 12:11:05 - [TEST_STEP][PASSED] - spin_result = sendRequestAndVerify(findTestObject("INT/RGS(M4)/1_M4_spin", ["M4_login_user_id":M4_login_user_id, "rgs_session_token":rgs_session_token, "partner":Partner])): Send request and verify the response successfully

2019-08-24 12:11:05 - [MESSAGE][INFO] - HAR: /Users/eiralee/Katalon_Script/SuperWild/Reports/20190824_120919/INT/superWild_3/20190824_120919/requests/main/30.har

2019-08-24 12:11:05 - [TEST_CASE][PASSED] - Start Test Case : Verification: Verification accomplished successfully

2019-08-24 12:11:05 - [TEST_STEP][PASSED] - request = getInstance().getCurrentRequest(): null

2019-08-24 12:11:05 - [TEST_STEP][PASSED] - response = getInstance().getCurrentResponse(): null

2019-08-24 12:11:05 - [TEST_STEP][PASSED] - verifyResponseStatusCode(response, 200): Verify response status code successfully

2019-08-24 12:11:05 - [MESSAGE][PASSED] - Verify response status code successfully

2019-08-24 12:11:05 - [TEST_STEP][PASSED] - getStatusCode()).isEqualTo(200): null

2019-08-24 12:11:05 - [TEST_STEP][PASSED] - newline = System.getProperty("line.separator"): null

2019-08-24 12:11:05 - [TEST_STEP][PASSED] - M4_spin = new groovy.json.JsonSlurper(): null

2019-08-24 12:11:05 - [TEST_STEP][PASSED] - result_M4_spin = M4_spin.parseText(response.getResponseBodyContent()): null

2019-08-24 12:11:05 - [TEST_STEP][PASSED] - M4_spin_current_balance = current_balance: null

2019-08-24 12:11:05 - [TEST_STEP][PASSED] - M4_spin_current_balance = M4_spin_current_balance: null

2019-08-24 12:11:05 - [TEST_STEP][PASSED] - M4_spin_transaction_id = causality: null

2019-08-24 12:11:05 - [TEST_STEP][PASSED] - M4_spin_transaction_id = M4_spin_transaction_id: null

2019-08-24 12:11:05 - [TEST_STEP][PASSED] - M4_spin_round_id = round_id: null

2019-08-24 12:11:05 - [TEST_STEP][PASSED] - M4_spin_round_id = M4_spin_round_id: null

2019-08-24 12:11:05 - [TEST_STEP][PASSED] - M4_spin_line_wins = line_wins: null

2019-08-24 12:11:05 - [TEST_STEP][PASSED] - M4_spin_line_wins = M4_spin_line_wins: null

2019-08-24 12:11:05 - [TEST_STEP][PASSED] - M4_total_bonus_spins_int = total_bonus_spins: null

2019-08-24 12:11:05 - [TEST_STEP][PASSED] - println("******M4_total_bonus_spins type is:*******" + newline + getClass().getName()): null

2019-08-24 12:11:05 - [TEST_STEP][PASSED] - M4_total_bonus_spins_int = M4_total_bonus_spins_int: null

2019-08-24 12:11:05 - [TEST_STEP][PASSED] - M4_total_bonus_spins = Integer.toString(M4_total_bonus_spins_int): null

2019-08-24 12:11:05 - [TEST_STEP][PASSED] - M4_total_bonus_spins = M4_total_bonus_spins: null

2019-08-24 12:11:05 - [TEST_STEP][PASSED] - println("M4_total_bonus_spins is:" + M4_total_bonus_spins): null

2019-08-24 12:11:05 - [TEST_STEP][PASSED] - M4_spin_bonus_data = bonus_data: null

2019-08-24 12:11:05 - [TEST_STEP][PASSED] - M4_spin_features_triggered = result_M4_spin: null

2019-08-24 12:11:05 - [TEST_STEP][PASSED] - wild = []: null

2019-08-24 12:11:05 - [TEST_STEP][PASSED] - wild[0] = "WILD_Expanding": null

2019-08-24 12:11:05 - [TEST_STEP][PASSED] - wild[1] = "WILD_Normal": null

2019-08-24 12:11:05 - [TEST_STEP][PASSED] - wild[2] = "WILD_Double": null

2019-08-24 12:11:05 - [TEST_STEP][PASSED] - wild[3] = "WILD_ExtraFG": null

2019-08-24 12:11:05 - [TEST_STEP][PASSED] - wild[4] = "WILD_Triple": null

2019-08-24 12:11:05 - [TEST_STEP][PASSED] - wildList = Arrays.asList(wild): null

2019-08-24 12:11:05 - [TEST_STEP][PASSED] - wildList = wildList: null

2019-08-24 12:11:05 - [TEST_STEP][PASSED] - free_spin_reel_counter = []: null

2019-08-24 12:11:05 - [TEST_STEP][PASSED] - free_spin_reel_counter[0] = 0: null

2019-08-24 12:11:05 - [TEST_STEP][PASSED] - free_spin_reel_counter[1] = 0: null

2019-08-24 12:11:05 - [TEST_STEP][PASSED] - free_spin_reel_counter[2] = 0: null

2019-08-24 12:11:05 - [TEST_STEP][PASSED] - M4_spin_reels = reels: null

2019-08-24 12:11:05 - [TEST_STEP][PASSED] - for ([i = 0, i &lt; M4_spin_reels.size(), (i++)]): null

2019-08-24 12:11:05 - [TEST_STEP][PASSED] - symbols = symbols: null

2019-08-24 12:11:05 - [TEST_STEP][PASSED] - for ([j = 0, j &lt; symbols.size(), (j++)]): null

2019-08-24 12:11:05 - [TEST_STEP][PASSED] - symbol = symbol: null

2019-08-24 12:11:05 - [TEST_STEP][PASSED] - println(symbol): null

2019-08-24 12:11:05 - [TEST_STEP][PASSED] - if (i == 2 &amp;&amp; wildList.indexOf(symbol) != -1): null

2019-08-24 12:11:05 - [TEST_STEP][PASSED] - if (i == 3 &amp;&amp; wildList.indexOf(symbol) != -1): null

2019-08-24 12:11:05 - [TEST_STEP][PASSED] - if (i == 4 &amp;&amp; wildList.indexOf(symbol) != -1): null

2019-08-24 12:11:05 - [TEST_STEP][PASSED] - symbol = symbol: null

2019-08-24 12:11:05 - [TEST_STEP][PASSED] - println(symbol): null

2019-08-24 12:11:05 - [TEST_STEP][PASSED] - if (i == 2 &amp;&amp; wildList.indexOf(symbol) != -1): null

2019-08-24 12:11:05 - [TEST_STEP][PASSED] - if (i == 3 &amp;&amp; wildList.indexOf(symbol) != -1): null

2019-08-24 12:11:05 - [TEST_STEP][PASSED] - if (i == 4 &amp;&amp; wildList.indexOf(symbol) != -1): null

2019-08-24 12:11:05 - [TEST_STEP][PASSED] - symbol = symbol: null

2019-08-24 12:11:05 - [TEST_STEP][PASSED] - println(symbol): null

2019-08-24 12:11:05 - [TEST_STEP][PASSED] - if (i == 2 &amp;&amp; wildList.indexOf(symbol) != -1): null

2019-08-24 12:11:05 - [TEST_STEP][PASSED] - if (i == 3 &amp;&amp; wildList.indexOf(symbol) != -1): null

2019-08-24 12:11:05 - [TEST_STEP][PASSED] - if (i == 4 &amp;&amp; wildList.indexOf(symbol) != -1): null

2019-08-24 12:11:05 - [TEST_STEP][PASSED] - symbols = symbols: null

2019-08-24 12:11:05 - [TEST_STEP][PASSED] - for ([j = 0, j &lt; symbols.size(), (j++)]): null

2019-08-24 12:11:05 - [TEST_STEP][PASSED] - symbol = symbol: null

2019-08-24 12:11:05 - [TEST_STEP][PASSED] - println(symbol): null

2019-08-24 12:11:05 - [TEST_STEP][PASSED] - if (i == 2 &amp;&amp; wildList.indexOf(symbol) != -1): null

2019-08-24 12:11:05 - [TEST_STEP][PASSED] - if (i == 3 &amp;&amp; wildList.indexOf(symbol) != -1): null

2019-08-24 12:11:05 - [TEST_STEP][PASSED] - if (i == 4 &amp;&amp; wildList.indexOf(symbol) != -1): null

2019-08-24 12:11:05 - [TEST_STEP][PASSED] - symbol = symbol: null

2019-08-24 12:11:05 - [TEST_STEP][PASSED] - println(symbol): null

2019-08-24 12:11:05 - [TEST_STEP][PASSED] - if (i == 2 &amp;&amp; wildList.indexOf(symbol) != -1): null

2019-08-24 12:11:05 - [TEST_STEP][PASSED] - if (i == 3 &amp;&amp; wildList.indexOf(symbol) != -1): null

2019-08-24 12:11:05 - [TEST_STEP][PASSED] - if (i == 4 &amp;&amp; wildList.indexOf(symbol) != -1): null

2019-08-24 12:11:05 - [TEST_STEP][PASSED] - symbol = symbol: null

2019-08-24 12:11:05 - [TEST_STEP][PASSED] - println(symbol): null

2019-08-24 12:11:05 - [TEST_STEP][PASSED] - if (i == 2 &amp;&amp; wildList.indexOf(symbol) != -1): null

2019-08-24 12:11:05 - [TEST_STEP][PASSED] - if (i == 3 &amp;&amp; wildList.indexOf(symbol) != -1): null

2019-08-24 12:11:05 - [TEST_STEP][PASSED] - if (i == 4 &amp;&amp; wildList.indexOf(symbol) != -1): null

2019-08-24 12:11:05 - [TEST_STEP][PASSED] - symbols = symbols: null

2019-08-24 12:11:05 - [TEST_STEP][PASSED] - for ([j = 0, j &lt; symbols.size(), (j++)]): null

2019-08-24 12:11:05 - [TEST_STEP][PASSED] - symbol = symbol: null

2019-08-24 12:11:05 - [TEST_STEP][PASSED] - println(symbol): null

2019-08-24 12:11:05 - [TEST_STEP][PASSED] - if (i == 2 &amp;&amp; wildList.indexOf(symbol) != -1): null

2019-08-24 12:11:05 - [TEST_STEP][PASSED] - if (i == 3 &amp;&amp; wildList.indexOf(symbol) != -1): null

2019-08-24 12:11:05 - [TEST_STEP][PASSED] - if (i == 4 &amp;&amp; wildList.indexOf(symbol) != -1): null

2019-08-24 12:11:05 - [TEST_STEP][PASSED] - symbol = symbol: null

2019-08-24 12:11:05 - [TEST_STEP][PASSED] - println(symbol): null

2019-08-24 12:11:05 - [TEST_STEP][PASSED] - if (i == 2 &amp;&amp; wildList.indexOf(symbol) != -1): null

2019-08-24 12:11:05 - [TEST_STEP][PASSED] - if (i == 3 &amp;&amp; wildList.indexOf(symbol) != -1): null

2019-08-24 12:11:05 - [TEST_STEP][PASSED] - if (i == 4 &amp;&amp; wildList.indexOf(symbol) != -1): null

2019-08-24 12:11:05 - [TEST_STEP][PASSED] - symbol = symbol: null

2019-08-24 12:11:05 - [TEST_STEP][PASSED] - println(symbol): null

2019-08-24 12:11:05 - [TEST_STEP][PASSED] - if (i == 2 &amp;&amp; wildList.indexOf(symbol) != -1): null

2019-08-24 12:11:05 - [TEST_STEP][PASSED] - if (i == 3 &amp;&amp; wildList.indexOf(symbol) != -1): null

2019-08-24 12:11:05 - [TEST_STEP][PASSED] - if (i == 4 &amp;&amp; wildList.indexOf(symbol) != -1): null

2019-08-24 12:11:05 - [TEST_STEP][PASSED] - symbols = symbols: null

2019-08-24 12:11:05 - [TEST_STEP][PASSED] - for ([j = 0, j &lt; symbols.size(), (j++)]): null

2019-08-24 12:11:05 - [TEST_STEP][PASSED] - symbol = symbol: null

2019-08-24 12:11:05 - [TEST_STEP][PASSED] - println(symbol): null

2019-08-24 12:11:05 - [TEST_STEP][PASSED] - if (i == 2 &amp;&amp; wildList.indexOf(symbol) != -1): null

2019-08-24 12:11:05 - [TEST_STEP][PASSED] - if (i == 3 &amp;&amp; wildList.indexOf(symbol) != -1): null

2019-08-24 12:11:05 - [TEST_STEP][PASSED] - if (i == 4 &amp;&amp; wildList.indexOf(symbol) != -1): null

2019-08-24 12:11:05 - [TEST_STEP][PASSED] - symbol = symbol: null

2019-08-24 12:11:05 - [TEST_STEP][PASSED] - println(symbol): null

2019-08-24 12:11:05 - [TEST_STEP][PASSED] - if (i == 2 &amp;&amp; wildList.indexOf(symbol) != -1): null

2019-08-24 12:11:05 - [TEST_STEP][PASSED] - if (i == 3 &amp;&amp; wildList.indexOf(symbol) != -1): null

2019-08-24 12:11:05 - [TEST_STEP][PASSED] - if (i == 4 &amp;&amp; wildList.indexOf(symbol) != -1): null

2019-08-24 12:11:05 - [TEST_STEP][PASSED] - symbol = symbol: null

2019-08-24 12:11:05 - [TEST_STEP][PASSED] - println(symbol): null

2019-08-24 12:11:05 - [TEST_STEP][PASSED] - if (i == 2 &amp;&amp; wildList.indexOf(symbol) != -1): null

2019-08-24 12:11:05 - [TEST_STEP][PASSED] - if (i == 3 &amp;&amp; wildList.indexOf(symbol) != -1): null

2019-08-24 12:11:05 - [TEST_STEP][PASSED] - if (i == 4 &amp;&amp; wildList.indexOf(symbol) != -1): null

2019-08-24 12:11:05 - [TEST_STEP][PASSED] - symbols = symbols: null

2019-08-24 12:11:05 - [TEST_STEP][PASSED] - for ([j = 0, j &lt; symbols.size(), (j++)]): null

2019-08-24 12:11:05 - [TEST_STEP][PASSED] - symbol = symbol: null

2019-08-24 12:11:05 - [TEST_STEP][PASSED] - println(symbol): null

2019-08-24 12:11:05 - [TEST_STEP][PASSED] - if (i == 2 &amp;&amp; wildList.indexOf(symbol) != -1): null

2019-08-24 12:11:05 - [TEST_STEP][PASSED] - if (i == 3 &amp;&amp; wildList.indexOf(symbol) != -1): null

2019-08-24 12:11:05 - [TEST_STEP][PASSED] - if (i == 4 &amp;&amp; wildList.indexOf(symbol) != -1): null

2019-08-24 12:11:05 - [TEST_STEP][PASSED] - symbol = symbol: null

2019-08-24 12:11:05 - [TEST_STEP][PASSED] - println(symbol): null

2019-08-24 12:11:05 - [TEST_STEP][PASSED] - if (i == 2 &amp;&amp; wildList.indexOf(symbol) != -1): null

2019-08-24 12:11:05 - [TEST_STEP][PASSED] - if (i == 3 &amp;&amp; wildList.indexOf(symbol) != -1): null

2019-08-24 12:11:05 - [TEST_STEP][PASSED] - if (i == 4 &amp;&amp; wildList.indexOf(symbol) != -1): null

2019-08-24 12:11:05 - [TEST_STEP][PASSED] - symbol = symbol: null

2019-08-24 12:11:05 - [TEST_STEP][PASSED] - println(symbol): null

2019-08-24 12:11:05 - [TEST_STEP][PASSED] - if (i == 2 &amp;&amp; wildList.indexOf(symbol) != -1): null

2019-08-24 12:11:05 - [TEST_STEP][PASSED] - if (i == 3 &amp;&amp; wildList.indexOf(symbol) != -1): null

2019-08-24 12:11:05 - [TEST_STEP][PASSED] - if (i == 4 &amp;&amp; wildList.indexOf(symbol) != -1): null

2019-08-24 12:11:05 - [TEST_STEP][PASSED] - free_spin_reel_counter = free_spin_reel_counter: null

2019-08-24 12:11:05 - [TEST_STEP][PASSED] - println("reel 3 wild found: " + free_spin_reel_counter[0]): null

2019-08-24 12:11:05 - [TEST_STEP][PASSED] - println("reel 4 wild found: " + free_spin_reel_counter[1]): null

2019-08-24 12:11:05 - [TEST_STEP][PASSED] - println("reel 5 wild found: " + free_spin_reel_counter[2]): null

2019-08-24 12:11:05 - [TEST_STEP][PASSED] - M4_spin_reels = M4_spin_reels: null

2019-08-24 12:11:05 - [TEST_STEP][PASSED] - M4_spin_reels_symbols = symbol: null

2019-08-24 12:11:05 - [TEST_STEP][PASSED] - M4_spin_reels_symbols = M4_spin_reels_symbols: null

2019-08-24 12:11:05 - [TEST_STEP][PASSED] - M4_spin_reel_wins = reel_wins: null

2019-08-24 12:11:05 - [TEST_STEP][PASSED] - M4_spin_reel_wins = M4_spin_reel_wins: null

2019-08-24 12:11:05 - [TEST_STEP][PASSED] - println("GlobalVariable.M4_spin_reel_wins is: " + M4_spin_reel_wins): null

2019-08-24 12:11:05 - [TEST_STEP][PASSED] - M4_spin_total_bonus_win_this_round = total_bonus_win_this_round: null

2019-08-24 12:11:05 - [TEST_STEP][PASSED] - M4_spin_total_bonus_win_this_round = M4_spin_total_bonus_win_this_round: null

2019-08-24 12:11:05 - [TEST_STEP][PASSED] - println("GlobalVariable.M4_spin_total_bonus_win_this_round is: " + M4_spin_total_bonus_win_this_round): null

2019-08-24 12:11:05 - [TEST_STEP][PASSED] - M4_spin_bonus_spin_result = spin_result: null

2019-08-24 12:11:05 - [TEST_STEP][PASSED] - M4_spin_bonus_spin_result = M4_spin_bonus_spin_result: null

2019-08-24 12:11:05 - [MESSAGE][PASSED] - Verify response successfully

2019-08-24 12:11:05 - [MESSAGE][PASSED] - Send request and verify the response successfully

2019-08-24 12:11:05 - [TEST_STEP][PASSED] - if (M4_total_bonus_spins_int != 0 &amp;&amp; M4_spin_reels_symbols[2].contains("WILD_ExtraFG") || M4_spin_reels_symbols[3].contains("WILD_ExtraFG")): null

2019-08-24 12:11:05 - [TEST_STEP][PASSED] - free_spin_reel_counter = free_spin_reel_counter: null

2019-08-24 12:11:05 - [TEST_STEP][PASSED] - M4_spin_reels_symbols = M4_spin_reels_symbols: null

2019-08-24 12:11:05 - [TEST_STEP][PASSED] - M4_total_bonus_spins = M4_total_bonus_spins: null

2019-08-24 12:11:05 - [TEST_STEP][PASSED] - spin_result = sendRequestAndVerify(findTestObject("INT/RGS(M4)/1_M4_spin", ["M4_login_user_id":M4_login_user_id, "rgs_session_token":rgs_session_token, "partner":Partner])): Send request and verify the response successfully

2019-08-24 12:11:06 - [MESSAGE][INFO] - HAR: /Users/eiralee/Katalon_Script/SuperWild/Reports/20190824_120919/INT/superWild_3/20190824_120919/requests/main/31.har

2019-08-24 12:11:06 - [TEST_CASE][PASSED] - Start Test Case : Verification: Verification accomplished successfully

2019-08-24 12:11:06 - [TEST_STEP][PASSED] - request = getInstance().getCurrentRequest(): null

2019-08-24 12:11:06 - [TEST_STEP][PASSED] - response = getInstance().getCurrentResponse(): null

2019-08-24 12:11:06 - [TEST_STEP][PASSED] - verifyResponseStatusCode(response, 200): Verify response status code successfully

2019-08-24 12:11:06 - [MESSAGE][PASSED] - Verify response status code successfully

2019-08-24 12:11:06 - [TEST_STEP][PASSED] - getStatusCode()).isEqualTo(200): null

2019-08-24 12:11:06 - [TEST_STEP][PASSED] - newline = System.getProperty("line.separator"): null

2019-08-24 12:11:06 - [TEST_STEP][PASSED] - M4_spin = new groovy.json.JsonSlurper(): null

2019-08-24 12:11:06 - [TEST_STEP][PASSED] - result_M4_spin = M4_spin.parseText(response.getResponseBodyContent()): null

2019-08-24 12:11:06 - [TEST_STEP][PASSED] - M4_spin_current_balance = current_balance: null

2019-08-24 12:11:06 - [TEST_STEP][PASSED] - M4_spin_current_balance = M4_spin_current_balance: null

2019-08-24 12:11:06 - [TEST_STEP][PASSED] - M4_spin_transaction_id = causality: null

2019-08-24 12:11:06 - [TEST_STEP][PASSED] - M4_spin_transaction_id = M4_spin_transaction_id: null

2019-08-24 12:11:06 - [TEST_STEP][PASSED] - M4_spin_round_id = round_id: null

2019-08-24 12:11:06 - [TEST_STEP][PASSED] - M4_spin_round_id = M4_spin_round_id: null

2019-08-24 12:11:06 - [TEST_STEP][PASSED] - M4_spin_line_wins = line_wins: null

2019-08-24 12:11:06 - [TEST_STEP][PASSED] - M4_spin_line_wins = M4_spin_line_wins: null

2019-08-24 12:11:06 - [TEST_STEP][PASSED] - M4_total_bonus_spins_int = total_bonus_spins: null

2019-08-24 12:11:09 - [TEST_STEP][PASSED] - println("******M4_total_bonus_spins type is:*******" + newline + getClass().getName()): null

2019-08-24 12:11:09 - [TEST_STEP][PASSED] - M4_total_bonus_spins_int = M4_total_bonus_spins_int: null

2019-08-24 12:11:09 - [TEST_STEP][PASSED] - M4_total_bonus_spins = Integer.toString(M4_total_bonus_spins_int): null

2019-08-24 12:11:09 - [TEST_STEP][PASSED] - M4_total_bonus_spins = M4_total_bonus_spins: null

2019-08-24 12:11:09 - [TEST_STEP][PASSED] - println("M4_total_bonus_spins is:" + M4_total_bonus_spins): null

2019-08-24 12:11:09 - [TEST_STEP][PASSED] - M4_spin_bonus_data = bonus_data: null

2019-08-24 12:11:09 - [TEST_STEP][PASSED] - M4_spin_features_triggered = result_M4_spin: null

2019-08-24 12:11:09 - [TEST_STEP][PASSED] - wild = []: null

2019-08-24 12:11:09 - [TEST_STEP][PASSED] - wild[0] = "WILD_Expanding": null

2019-08-24 12:11:09 - [TEST_STEP][PASSED] - wild[1] = "WILD_Normal": null

2019-08-24 12:11:12 - [TEST_STEP][PASSED] - wild[2] = "WILD_Double": null

2019-08-24 12:11:12 - [TEST_STEP][PASSED] - wild[3] = "WILD_ExtraFG": null

2019-08-24 12:11:12 - [TEST_STEP][PASSED] - wild[4] = "WILD_Triple": null

2019-08-24 12:11:12 - [TEST_STEP][PASSED] - wildList = Arrays.asList(wild): null

2019-08-24 12:11:12 - [TEST_STEP][PASSED] - wildList = wildList: null

2019-08-24 12:11:12 - [TEST_STEP][PASSED] - free_spin_reel_counter = []: null

2019-08-24 12:11:12 - [TEST_STEP][PASSED] - free_spin_reel_counter[0] = 0: null

2019-08-24 12:11:12 - [TEST_STEP][PASSED] - free_spin_reel_counter[1] = 0: null

2019-08-24 12:11:12 - [TEST_STEP][PASSED] - free_spin_reel_counter[2] = 0: null

2019-08-24 12:11:12 - [TEST_STEP][PASSED] - M4_spin_reels = reels: null

2019-08-24 12:11:12 - [TEST_STEP][PASSED] - for ([i = 0, i &lt; M4_spin_reels.size(), (i++)]): null

2019-08-24 12:11:12 - [TEST_STEP][PASSED] - symbols = symbols: null

2019-08-24 12:11:12 - [TEST_STEP][PASSED] - for ([j = 0, j &lt; symbols.size(), (j++)]): null

2019-08-24 12:11:12 - [TEST_STEP][PASSED] - symbol = symbol: null

2019-08-24 12:11:12 - [TEST_STEP][PASSED] - println(symbol): null

2019-08-24 12:11:12 - [TEST_STEP][PASSED] - if (i == 2 &amp;&amp; wildList.indexOf(symbol) != -1): null

2019-08-24 12:11:12 - [TEST_STEP][PASSED] - if (i == 3 &amp;&amp; wildList.indexOf(symbol) != -1): null

2019-08-24 12:11:12 - [TEST_STEP][PASSED] - if (i == 4 &amp;&amp; wildList.indexOf(symbol) != -1): null

2019-08-24 12:11:12 - [TEST_STEP][PASSED] - symbol = symbol: null

2019-08-24 12:11:12 - [TEST_STEP][PASSED] - println(symbol): null

2019-08-24 12:11:12 - [TEST_STEP][PASSED] - if (i == 2 &amp;&amp; wildList.indexOf(symbol) != -1): null

2019-08-24 12:11:12 - [TEST_STEP][PASSED] - if (i == 3 &amp;&amp; wildList.indexOf(symbol) != -1): null

2019-08-24 12:11:12 - [TEST_STEP][PASSED] - if (i == 4 &amp;&amp; wildList.indexOf(symbol) != -1): null

2019-08-24 12:11:12 - [TEST_STEP][PASSED] - symbol = symbol: null

2019-08-24 12:11:12 - [TEST_STEP][PASSED] - println(symbol): null

2019-08-24 12:11:12 - [TEST_STEP][PASSED] - if (i == 2 &amp;&amp; wildList.indexOf(symbol) != -1): null

2019-08-24 12:11:12 - [TEST_STEP][PASSED] - if (i == 3 &amp;&amp; wildList.indexOf(symbol) != -1): null

2019-08-24 12:11:12 - [TEST_STEP][PASSED] - if (i == 4 &amp;&amp; wildList.indexOf(symbol) != -1): null

2019-08-24 12:11:12 - [TEST_STEP][PASSED] - symbols = symbols: null

2019-08-24 12:11:12 - [TEST_STEP][PASSED] - for ([j = 0, j &lt; symbols.size(), (j++)]): null

2019-08-24 12:11:12 - [TEST_STEP][PASSED] - symbol = symbol: null

2019-08-24 12:11:12 - [TEST_STEP][PASSED] - println(symbol): null

2019-08-24 12:11:12 - [TEST_STEP][PASSED] - if (i == 2 &amp;&amp; wildList.indexOf(symbol) != -1): null

2019-08-24 12:11:12 - [TEST_STEP][PASSED] - if (i == 3 &amp;&amp; wildList.indexOf(symbol) != -1): null

2019-08-24 12:11:12 - [TEST_STEP][PASSED] - if (i == 4 &amp;&amp; wildList.indexOf(symbol) != -1): null

2019-08-24 12:11:12 - [TEST_STEP][PASSED] - symbol = symbol: null

2019-08-24 12:11:12 - [TEST_STEP][PASSED] - println(symbol): null

2019-08-24 12:11:12 - [TEST_STEP][PASSED] - if (i == 2 &amp;&amp; wildList.indexOf(symbol) != -1): null

2019-08-24 12:11:12 - [TEST_STEP][PASSED] - if (i == 3 &amp;&amp; wildList.indexOf(symbol) != -1): null

2019-08-24 12:11:12 - [TEST_STEP][PASSED] - if (i == 4 &amp;&amp; wildList.indexOf(symbol) != -1): null

2019-08-24 12:11:12 - [TEST_STEP][PASSED] - symbol = symbol: null

2019-08-24 12:11:12 - [TEST_STEP][PASSED] - println(symbol): null

2019-08-24 12:11:12 - [TEST_STEP][PASSED] - if (i == 2 &amp;&amp; wildList.indexOf(symbol) != -1): null

2019-08-24 12:11:12 - [TEST_STEP][PASSED] - if (i == 3 &amp;&amp; wildList.indexOf(symbol) != -1): null

2019-08-24 12:11:12 - [TEST_STEP][PASSED] - if (i == 4 &amp;&amp; wildList.indexOf(symbol) != -1): null

2019-08-24 12:11:12 - [TEST_STEP][PASSED] - symbols = symbols: null

2019-08-24 12:11:12 - [TEST_STEP][PASSED] - for ([j = 0, j &lt; symbols.size(), (j++)]): null

2019-08-24 12:11:12 - [TEST_STEP][PASSED] - symbol = symbol: null

2019-08-24 12:11:12 - [TEST_STEP][PASSED] - println(symbol): null

2019-08-24 12:11:12 - [TEST_STEP][PASSED] - if (i == 2 &amp;&amp; wildList.indexOf(symbol) != -1): null

2019-08-24 12:11:12 - [TEST_STEP][PASSED] - if (i == 3 &amp;&amp; wildList.indexOf(symbol) != -1): null

2019-08-24 12:11:12 - [TEST_STEP][PASSED] - if (i == 4 &amp;&amp; wildList.indexOf(symbol) != -1): null

2019-08-24 12:11:12 - [TEST_STEP][PASSED] - symbol = symbol: null

2019-08-24 12:11:12 - [TEST_STEP][PASSED] - println(symbol): null

2019-08-24 12:11:12 - [TEST_STEP][PASSED] - if (i == 2 &amp;&amp; wildList.indexOf(symbol) != -1): null

2019-08-24 12:11:12 - [TEST_STEP][PASSED] - if (i == 3 &amp;&amp; wildList.indexOf(symbol) != -1): null

2019-08-24 12:11:12 - [TEST_STEP][PASSED] - if (i == 4 &amp;&amp; wildList.indexOf(symbol) != -1): null

2019-08-24 12:11:12 - [TEST_STEP][PASSED] - symbol = symbol: null

2019-08-24 12:11:12 - [TEST_STEP][PASSED] - println(symbol): null

2019-08-24 12:11:12 - [TEST_STEP][PASSED] - if (i == 2 &amp;&amp; wildList.indexOf(symbol) != -1): null

2019-08-24 12:11:12 - [TEST_STEP][PASSED] - if (i == 3 &amp;&amp; wildList.indexOf(symbol) != -1): null

2019-08-24 12:11:12 - [TEST_STEP][PASSED] - if (i == 4 &amp;&amp; wildList.indexOf(symbol) != -1): null

2019-08-24 12:11:12 - [TEST_STEP][PASSED] - symbols = symbols: null

2019-08-24 12:11:12 - [TEST_STEP][PASSED] - for ([j = 0, j &lt; symbols.size(), (j++)]): null

2019-08-24 12:11:12 - [TEST_STEP][PASSED] - symbol = symbol: null

2019-08-24 12:11:12 - [TEST_STEP][PASSED] - println(symbol): null

2019-08-24 12:11:12 - [TEST_STEP][PASSED] - if (i == 2 &amp;&amp; wildList.indexOf(symbol) != -1): null

2019-08-24 12:11:12 - [TEST_STEP][PASSED] - if (i == 3 &amp;&amp; wildList.indexOf(symbol) != -1): null

2019-08-24 12:11:12 - [TEST_STEP][PASSED] - if (i == 4 &amp;&amp; wildList.indexOf(symbol) != -1): null

2019-08-24 12:11:12 - [TEST_STEP][PASSED] - symbol = symbol: null

2019-08-24 12:11:12 - [TEST_STEP][PASSED] - println(symbol): null

2019-08-24 12:11:12 - [TEST_STEP][PASSED] - if (i == 2 &amp;&amp; wildList.indexOf(symbol) != -1): null

2019-08-24 12:11:12 - [TEST_STEP][PASSED] - if (i == 3 &amp;&amp; wildList.indexOf(symbol) != -1): null

2019-08-24 12:11:12 - [TEST_STEP][PASSED] - if (i == 4 &amp;&amp; wildList.indexOf(symbol) != -1): null

2019-08-24 12:11:12 - [TEST_STEP][PASSED] - symbol = symbol: null

2019-08-24 12:11:12 - [TEST_STEP][PASSED] - println(symbol): null

2019-08-24 12:11:12 - [TEST_STEP][PASSED] - if (i == 2 &amp;&amp; wildList.indexOf(symbol) != -1): null

2019-08-24 12:11:12 - [TEST_STEP][PASSED] - if (i == 3 &amp;&amp; wildList.indexOf(symbol) != -1): null

2019-08-24 12:11:12 - [TEST_STEP][PASSED] - if (i == 4 &amp;&amp; wildList.indexOf(symbol) != -1): null

2019-08-24 12:11:12 - [TEST_STEP][PASSED] - symbols = symbols: null

2019-08-24 12:11:12 - [TEST_STEP][PASSED] - for ([j = 0, j &lt; symbols.size(), (j++)]): null

2019-08-24 12:11:12 - [TEST_STEP][PASSED] - symbol = symbol: null

2019-08-24 12:11:12 - [TEST_STEP][PASSED] - println(symbol): null

2019-08-24 12:11:12 - [TEST_STEP][PASSED] - if (i == 2 &amp;&amp; wildList.indexOf(symbol) != -1): null

2019-08-24 12:11:12 - [TEST_STEP][PASSED] - if (i == 3 &amp;&amp; wildList.indexOf(symbol) != -1): null

2019-08-24 12:11:12 - [TEST_STEP][PASSED] - if (i == 4 &amp;&amp; wildList.indexOf(symbol) != -1): null

2019-08-24 12:11:12 - [TEST_STEP][PASSED] - symbol = symbol: null

2019-08-24 12:11:12 - [TEST_STEP][PASSED] - println(symbol): null

2019-08-24 12:11:12 - [TEST_STEP][PASSED] - if (i == 2 &amp;&amp; wildList.indexOf(symbol) != -1): null

2019-08-24 12:11:12 - [TEST_STEP][PASSED] - if (i == 3 &amp;&amp; wildList.indexOf(symbol) != -1): null

2019-08-24 12:11:12 - [TEST_STEP][PASSED] - if (i == 4 &amp;&amp; wildList.indexOf(symbol) != -1): null

2019-08-24 12:11:12 - [TEST_STEP][PASSED] - symbol = symbol: null

2019-08-24 12:11:12 - [TEST_STEP][PASSED] - println(symbol): null

2019-08-24 12:11:12 - [TEST_STEP][PASSED] - if (i == 2 &amp;&amp; wildList.indexOf(symbol) != -1): null

2019-08-24 12:11:12 - [TEST_STEP][PASSED] - if (i == 3 &amp;&amp; wildList.indexOf(symbol) != -1): null

2019-08-24 12:11:12 - [TEST_STEP][PASSED] - if (i == 4 &amp;&amp; wildList.indexOf(symbol) != -1): null

2019-08-24 12:11:12 - [TEST_STEP][PASSED] - free_spin_reel_counter = free_spin_reel_counter: null

2019-08-24 12:11:12 - [TEST_STEP][PASSED] - println("reel 3 wild found: " + free_spin_reel_counter[0]): null

2019-08-24 12:11:12 - [TEST_STEP][PASSED] - println("reel 4 wild found: " + free_spin_reel_counter[1]): null

2019-08-24 12:11:12 - [TEST_STEP][PASSED] - println("reel 5 wild found: " + free_spin_reel_counter[2]): null

2019-08-24 12:11:12 - [TEST_STEP][PASSED] - M4_spin_reels = M4_spin_reels: null

2019-08-24 12:11:12 - [TEST_STEP][PASSED] - M4_spin_reels_symbols = symbol: null

2019-08-24 12:11:12 - [TEST_STEP][PASSED] - M4_spin_reels_symbols = M4_spin_reels_symbols: null

2019-08-24 12:11:12 - [TEST_STEP][PASSED] - M4_spin_reel_wins = reel_wins: null

2019-08-24 12:11:12 - [TEST_STEP][PASSED] - M4_spin_reel_wins = M4_spin_reel_wins: null

2019-08-24 12:11:12 - [TEST_STEP][PASSED] - println("GlobalVariable.M4_spin_reel_wins is: " + M4_spin_reel_wins): null

2019-08-24 12:11:12 - [TEST_STEP][PASSED] - M4_spin_total_bonus_win_this_round = total_bonus_win_this_round: null

2019-08-24 12:11:12 - [TEST_STEP][PASSED] - M4_spin_total_bonus_win_this_round = M4_spin_total_bonus_win_this_round: null

2019-08-24 12:11:12 - [TEST_STEP][PASSED] - println("GlobalVariable.M4_spin_total_bonus_win_this_round is: " + M4_spin_total_bonus_win_this_round): null

2019-08-24 12:11:12 - [TEST_STEP][PASSED] - M4_spin_bonus_spin_result = spin_result: null

2019-08-24 12:11:12 - [TEST_STEP][PASSED] - M4_spin_bonus_spin_result = M4_spin_bonus_spin_result: null

2019-08-24 12:11:12 - [MESSAGE][PASSED] - Verify response successfully

2019-08-24 12:11:12 - [MESSAGE][PASSED] - Send request and verify the response successfully

2019-08-24 12:11:12 - [TEST_STEP][PASSED] - if (M4_total_bonus_spins_int != 0 &amp;&amp; M4_spin_reels_symbols[2].contains("WILD_ExtraFG") || M4_spin_reels_symbols[3].contains("WILD_ExtraFG")): null

2019-08-24 12:11:12 - [TEST_STEP][PASSED] - free_spin_reel_counter = free_spin_reel_counter: null

2019-08-24 12:11:12 - [TEST_STEP][PASSED] - M4_spin_reels_symbols = M4_spin_reels_symbols: null

2019-08-24 12:11:12 - [TEST_STEP][PASSED] - M4_total_bonus_spins = M4_total_bonus_spins: null

2019-08-24 12:11:12 - [TEST_STEP][PASSED] - spin_result = sendRequestAndVerify(findTestObject("INT/RGS(M4)/1_M4_spin", ["M4_login_user_id":M4_login_user_id, "rgs_session_token":rgs_session_token, "partner":Partner])): Send request and verify the response successfully

2019-08-24 12:11:13 - [MESSAGE][INFO] - HAR: /Users/eiralee/Katalon_Script/SuperWild/Reports/20190824_120919/INT/superWild_3/20190824_120919/requests/main/32.har

2019-08-24 12:11:13 - [TEST_CASE][PASSED] - Start Test Case : Verification: Verification accomplished successfully

2019-08-24 12:11:13 - [TEST_STEP][PASSED] - request = getInstance().getCurrentRequest(): null

2019-08-24 12:11:13 - [TEST_STEP][PASSED] - response = getInstance().getCurrentResponse(): null

2019-08-24 12:11:13 - [TEST_STEP][PASSED] - verifyResponseStatusCode(response, 200): Verify response status code successfully

2019-08-24 12:11:13 - [MESSAGE][PASSED] - Verify response status code successfully

2019-08-24 12:11:13 - [TEST_STEP][PASSED] - getStatusCode()).isEqualTo(200): null

2019-08-24 12:11:13 - [TEST_STEP][PASSED] - newline = System.getProperty("line.separator"): null

2019-08-24 12:11:13 - [TEST_STEP][PASSED] - M4_spin = new groovy.json.JsonSlurper(): null

2019-08-24 12:11:13 - [TEST_STEP][PASSED] - result_M4_spin = M4_spin.parseText(response.getResponseBodyContent()): null

2019-08-24 12:11:13 - [TEST_STEP][PASSED] - M4_spin_current_balance = current_balance: null

2019-08-24 12:11:13 - [TEST_STEP][PASSED] - M4_spin_current_balance = M4_spin_current_balance: null

2019-08-24 12:11:13 - [TEST_STEP][PASSED] - M4_spin_transaction_id = causality: null

2019-08-24 12:11:13 - [TEST_STEP][PASSED] - M4_spin_transaction_id = M4_spin_transaction_id: null

2019-08-24 12:11:13 - [TEST_STEP][PASSED] - M4_spin_round_id = round_id: null

2019-08-24 12:11:13 - [TEST_STEP][PASSED] - M4_spin_round_id = M4_spin_round_id: null

2019-08-24 12:11:13 - [TEST_STEP][PASSED] - M4_spin_line_wins = line_wins: null

2019-08-24 12:11:13 - [TEST_STEP][PASSED] - M4_spin_line_wins = M4_spin_line_wins: null

2019-08-24 12:11:13 - [TEST_STEP][PASSED] - M4_total_bonus_spins_int = total_bonus_spins: null

2019-08-24 12:11:13 - [TEST_STEP][PASSED] - println("******M4_total_bonus_spins type is:*******" + newline + getClass().getName()): null

2019-08-24 12:11:13 - [TEST_STEP][PASSED] - M4_total_bonus_spins_int = M4_total_bonus_spins_int: null

2019-08-24 12:11:13 - [TEST_STEP][PASSED] - M4_total_bonus_spins = Integer.toString(M4_total_bonus_spins_int): null

2019-08-24 12:11:13 - [TEST_STEP][PASSED] - M4_total_bonus_spins = M4_total_bonus_spins: null

2019-08-24 12:11:13 - [TEST_STEP][PASSED] - println("M4_total_bonus_spins is:" + M4_total_bonus_spins): null

2019-08-24 12:11:13 - [TEST_STEP][PASSED] - M4_spin_bonus_data = bonus_data: null

2019-08-24 12:11:13 - [TEST_STEP][PASSED] - M4_spin_features_triggered = result_M4_spin: null

2019-08-24 12:11:13 - [TEST_STEP][PASSED] - wild = []: null

2019-08-24 12:11:13 - [TEST_STEP][PASSED] - wild[0] = "WILD_Expanding": null

2019-08-24 12:11:13 - [TEST_STEP][PASSED] - wild[1] = "WILD_Normal": null

2019-08-24 12:11:13 - [TEST_STEP][PASSED] - wild[2] = "WILD_Double": null

2019-08-24 12:11:13 - [TEST_STEP][PASSED] - wild[3] = "WILD_ExtraFG": null

2019-08-24 12:11:13 - [TEST_STEP][PASSED] - wild[4] = "WILD_Triple": null

2019-08-24 12:11:13 - [TEST_STEP][PASSED] - wildList = Arrays.asList(wild): null

2019-08-24 12:11:13 - [TEST_STEP][PASSED] - wildList = wildList: null

2019-08-24 12:11:13 - [TEST_STEP][PASSED] - free_spin_reel_counter = []: null

2019-08-24 12:11:13 - [TEST_STEP][PASSED] - free_spin_reel_counter[0] = 0: null

2019-08-24 12:11:13 - [TEST_STEP][PASSED] - free_spin_reel_counter[1] = 0: null

2019-08-24 12:11:13 - [TEST_STEP][PASSED] - free_spin_reel_counter[2] = 0: null

2019-08-24 12:11:13 - [TEST_STEP][PASSED] - M4_spin_reels = reels: null

2019-08-24 12:11:13 - [TEST_STEP][PASSED] - for ([i = 0, i &lt; M4_spin_reels.size(), (i++)]): null

2019-08-24 12:11:13 - [TEST_STEP][PASSED] - symbols = symbols: null

2019-08-24 12:11:13 - [TEST_STEP][PASSED] - for ([j = 0, j &lt; symbols.size(), (j++)]): null

2019-08-24 12:11:13 - [TEST_STEP][PASSED] - symbol = symbol: null

2019-08-24 12:11:13 - [TEST_STEP][PASSED] - println(symbol): null

2019-08-24 12:11:13 - [TEST_STEP][PASSED] - if (i == 2 &amp;&amp; wildList.indexOf(symbol) != -1): null

2019-08-24 12:11:13 - [TEST_STEP][PASSED] - if (i == 3 &amp;&amp; wildList.indexOf(symbol) != -1): null

2019-08-24 12:11:13 - [TEST_STEP][PASSED] - if (i == 4 &amp;&amp; wildList.indexOf(symbol) != -1): null

2019-08-24 12:11:13 - [TEST_STEP][PASSED] - symbol = symbol: null

2019-08-24 12:11:13 - [TEST_STEP][PASSED] - println(symbol): null

2019-08-24 12:11:13 - [TEST_STEP][PASSED] - if (i == 2 &amp;&amp; wildList.indexOf(symbol) != -1): null

2019-08-24 12:11:13 - [TEST_STEP][PASSED] - if (i == 3 &amp;&amp; wildList.indexOf(symbol) != -1): null

2019-08-24 12:11:13 - [TEST_STEP][PASSED] - if (i == 4 &amp;&amp; wildList.indexOf(symbol) != -1): null

2019-08-24 12:11:13 - [TEST_STEP][PASSED] - symbol = symbol: null

2019-08-24 12:11:13 - [TEST_STEP][PASSED] - println(symbol): null

2019-08-24 12:11:13 - [TEST_STEP][PASSED] - if (i == 2 &amp;&amp; wildList.indexOf(symbol) != -1): null

2019-08-24 12:11:13 - [TEST_STEP][PASSED] - if (i == 3 &amp;&amp; wildList.indexOf(symbol) != -1): null

2019-08-24 12:11:13 - [TEST_STEP][PASSED] - if (i == 4 &amp;&amp; wildList.indexOf(symbol) != -1): null

2019-08-24 12:11:13 - [TEST_STEP][PASSED] - symbols = symbols: null

2019-08-24 12:11:13 - [TEST_STEP][PASSED] - for ([j = 0, j &lt; symbols.size(), (j++)]): null

2019-08-24 12:11:13 - [TEST_STEP][PASSED] - symbol = symbol: null

2019-08-24 12:11:13 - [TEST_STEP][PASSED] - println(symbol): null

2019-08-24 12:11:13 - [TEST_STEP][PASSED] - if (i == 2 &amp;&amp; wildList.indexOf(symbol) != -1): null

2019-08-24 12:11:13 - [TEST_STEP][PASSED] - if (i == 3 &amp;&amp; wildList.indexOf(symbol) != -1): null

2019-08-24 12:11:13 - [TEST_STEP][PASSED] - if (i == 4 &amp;&amp; wildList.indexOf(symbol) != -1): null

2019-08-24 12:11:13 - [TEST_STEP][PASSED] - symbol = symbol: null

2019-08-24 12:11:13 - [TEST_STEP][PASSED] - println(symbol): null

2019-08-24 12:11:13 - [TEST_STEP][PASSED] - if (i == 2 &amp;&amp; wildList.indexOf(symbol) != -1): null

2019-08-24 12:11:13 - [TEST_STEP][PASSED] - if (i == 3 &amp;&amp; wildList.indexOf(symbol) != -1): null

2019-08-24 12:11:13 - [TEST_STEP][PASSED] - if (i == 4 &amp;&amp; wildList.indexOf(symbol) != -1): null

2019-08-24 12:11:13 - [TEST_STEP][PASSED] - symbol = symbol: null

2019-08-24 12:11:13 - [TEST_STEP][PASSED] - println(symbol): null

2019-08-24 12:11:13 - [TEST_STEP][PASSED] - if (i == 2 &amp;&amp; wildList.indexOf(symbol) != -1): null

2019-08-24 12:11:13 - [TEST_STEP][PASSED] - if (i == 3 &amp;&amp; wildList.indexOf(symbol) != -1): null

2019-08-24 12:11:13 - [TEST_STEP][PASSED] - if (i == 4 &amp;&amp; wildList.indexOf(symbol) != -1): null

2019-08-24 12:11:13 - [TEST_STEP][PASSED] - symbols = symbols: null

2019-08-24 12:11:13 - [TEST_STEP][PASSED] - for ([j = 0, j &lt; symbols.size(), (j++)]): null

2019-08-24 12:11:13 - [TEST_STEP][PASSED] - symbol = symbol: null

2019-08-24 12:11:13 - [TEST_STEP][PASSED] - println(symbol): null

2019-08-24 12:11:13 - [TEST_STEP][PASSED] - if (i == 2 &amp;&amp; wildList.indexOf(symbol) != -1): null

2019-08-24 12:11:13 - [TEST_STEP][PASSED] - if (i == 3 &amp;&amp; wildList.indexOf(symbol) != -1): null

2019-08-24 12:11:13 - [TEST_STEP][PASSED] - if (i == 4 &amp;&amp; wildList.indexOf(symbol) != -1): null

2019-08-24 12:11:13 - [TEST_STEP][PASSED] - symbol = symbol: null

2019-08-24 12:11:13 - [TEST_STEP][PASSED] - println(symbol): null

2019-08-24 12:11:13 - [TEST_STEP][PASSED] - if (i == 2 &amp;&amp; wildList.indexOf(symbol) != -1): null

2019-08-24 12:11:13 - [TEST_STEP][PASSED] - if (i == 3 &amp;&amp; wildList.indexOf(symbol) != -1): null

2019-08-24 12:11:13 - [TEST_STEP][PASSED] - if (i == 4 &amp;&amp; wildList.indexOf(symbol) != -1): null

2019-08-24 12:11:13 - [TEST_STEP][PASSED] - symbol = symbol: null

2019-08-24 12:11:13 - [TEST_STEP][PASSED] - println(symbol): null

2019-08-24 12:11:13 - [TEST_STEP][PASSED] - if (i == 2 &amp;&amp; wildList.indexOf(symbol) != -1): null

2019-08-24 12:11:13 - [TEST_STEP][PASSED] - println("wild found on reel 3, adding counter by 1"): null

2019-08-24 12:11:13 - [TEST_STEP][PASSED] - free_spin_reel_counter[0] = free_spin_reel_counter[0] + 1: null

2019-08-24 12:11:13 - [TEST_STEP][PASSED] - if (i == 3 &amp;&amp; wildList.indexOf(symbol) != -1): null

2019-08-24 12:11:13 - [TEST_STEP][PASSED] - if (i == 4 &amp;&amp; wildList.indexOf(symbol) != -1): null

2019-08-24 12:11:13 - [TEST_STEP][PASSED] - symbols = symbols: null

2019-08-24 12:11:13 - [TEST_STEP][PASSED] - for ([j = 0, j &lt; symbols.size(), (j++)]): null

2019-08-24 12:11:13 - [TEST_STEP][PASSED] - symbol = symbol: null

2019-08-24 12:11:13 - [TEST_STEP][PASSED] - println(symbol): null

2019-08-24 12:11:13 - [TEST_STEP][PASSED] - if (i == 2 &amp;&amp; wildList.indexOf(symbol) != -1): null

2019-08-24 12:11:13 - [TEST_STEP][PASSED] - if (i == 3 &amp;&amp; wildList.indexOf(symbol) != -1): null

2019-08-24 12:11:13 - [TEST_STEP][PASSED] - println("wild found on reel 4, adding counter by 1"): null

2019-08-24 12:11:13 - [TEST_STEP][PASSED] - free_spin_reel_counter[1] = free_spin_reel_counter[1] + 1: null

2019-08-24 12:11:13 - [TEST_STEP][PASSED] - if (i == 4 &amp;&amp; wildList.indexOf(symbol) != -1): null

2019-08-24 12:11:13 - [TEST_STEP][PASSED] - symbol = symbol: null

2019-08-24 12:11:13 - [TEST_STEP][PASSED] - println(symbol): null

2019-08-24 12:11:13 - [TEST_STEP][PASSED] - if (i == 2 &amp;&amp; wildList.indexOf(symbol) != -1): null

2019-08-24 12:11:13 - [TEST_STEP][PASSED] - if (i == 3 &amp;&amp; wildList.indexOf(symbol) != -1): null

2019-08-24 12:11:13 - [TEST_STEP][PASSED] - if (i == 4 &amp;&amp; wildList.indexOf(symbol) != -1): null

2019-08-24 12:11:13 - [TEST_STEP][PASSED] - symbol = symbol: null

2019-08-24 12:11:13 - [TEST_STEP][PASSED] - println(symbol): null

2019-08-24 12:11:13 - [TEST_STEP][PASSED] - if (i == 2 &amp;&amp; wildList.indexOf(symbol) != -1): null

2019-08-24 12:11:13 - [TEST_STEP][PASSED] - if (i == 3 &amp;&amp; wildList.indexOf(symbol) != -1): null

2019-08-24 12:11:13 - [TEST_STEP][PASSED] - if (i == 4 &amp;&amp; wildList.indexOf(symbol) != -1): null

2019-08-24 12:11:13 - [TEST_STEP][PASSED] - symbols = symbols: null

2019-08-24 12:11:13 - [TEST_STEP][PASSED] - for ([j = 0, j &lt; symbols.size(), (j++)]): null

2019-08-24 12:11:13 - [TEST_STEP][PASSED] - symbol = symbol: null

2019-08-24 12:11:13 - [TEST_STEP][PASSED] - println(symbol): null

2019-08-24 12:11:13 - [TEST_STEP][PASSED] - if (i == 2 &amp;&amp; wildList.indexOf(symbol) != -1): null

2019-08-24 12:11:13 - [TEST_STEP][PASSED] - if (i == 3 &amp;&amp; wildList.indexOf(symbol) != -1): null

2019-08-24 12:11:13 - [TEST_STEP][PASSED] - if (i == 4 &amp;&amp; wildList.indexOf(symbol) != -1): null

2019-08-24 12:11:13 - [TEST_STEP][PASSED] - symbol = symbol: null

2019-08-24 12:11:13 - [TEST_STEP][PASSED] - println(symbol): null

2019-08-24 12:11:13 - [TEST_STEP][PASSED] - if (i == 2 &amp;&amp; wildList.indexOf(symbol) != -1): null

2019-08-24 12:11:13 - [TEST_STEP][PASSED] - if (i == 3 &amp;&amp; wildList.indexOf(symbol) != -1): null

2019-08-24 12:11:13 - [TEST_STEP][PASSED] - if (i == 4 &amp;&amp; wildList.indexOf(symbol) != -1): null

2019-08-24 12:11:13 - [TEST_STEP][PASSED] - symbol = symbol: null

2019-08-24 12:11:13 - [TEST_STEP][PASSED] - println(symbol): null

2019-08-24 12:11:13 - [TEST_STEP][PASSED] - if (i == 2 &amp;&amp; wildList.indexOf(symbol) != -1): null

2019-08-24 12:11:13 - [TEST_STEP][PASSED] - if (i == 3 &amp;&amp; wildList.indexOf(symbol) != -1): null

2019-08-24 12:11:13 - [TEST_STEP][PASSED] - if (i == 4 &amp;&amp; wildList.indexOf(symbol) != -1): null

2019-08-24 12:11:13 - [TEST_STEP][PASSED] - free_spin_reel_counter = free_spin_reel_counter: null

2019-08-24 12:11:13 - [TEST_STEP][PASSED] - println("reel 3 wild found: " + free_spin_reel_counter[0]): null

2019-08-24 12:11:13 - [TEST_STEP][PASSED] - println("reel 4 wild found: " + free_spin_reel_counter[1]): null

2019-08-24 12:11:13 - [TEST_STEP][PASSED] - println("reel 5 wild found: " + free_spin_reel_counter[2]): null

2019-08-24 12:11:13 - [TEST_STEP][PASSED] - M4_spin_reels = M4_spin_reels: null

2019-08-24 12:11:13 - [TEST_STEP][PASSED] - M4_spin_reels_symbols = symbol: null

2019-08-24 12:11:13 - [TEST_STEP][PASSED] - M4_spin_reels_symbols = M4_spin_reels_symbols: null

2019-08-24 12:11:13 - [TEST_STEP][PASSED] - M4_spin_reel_wins = reel_wins: null

2019-08-24 12:11:13 - [TEST_STEP][PASSED] - M4_spin_reel_wins = M4_spin_reel_wins: null

2019-08-24 12:11:13 - [TEST_STEP][PASSED] - println("GlobalVariable.M4_spin_reel_wins is: " + M4_spin_reel_wins): null

2019-08-24 12:11:13 - [TEST_STEP][PASSED] - M4_spin_total_bonus_win_this_round = total_bonus_win_this_round: null

2019-08-24 12:11:13 - [TEST_STEP][PASSED] - M4_spin_total_bonus_win_this_round = M4_spin_total_bonus_win_this_round: null

2019-08-24 12:11:13 - [TEST_STEP][PASSED] - println("GlobalVariable.M4_spin_total_bonus_win_this_round is: " + M4_spin_total_bonus_win_this_round): null

2019-08-24 12:11:13 - [TEST_STEP][PASSED] - M4_spin_bonus_spin_result = spin_result: null

2019-08-24 12:11:13 - [TEST_STEP][PASSED] - M4_spin_bonus_spin_result = M4_spin_bonus_spin_result: null

2019-08-24 12:11:13 - [MESSAGE][PASSED] - Verify response successfully

2019-08-24 12:11:13 - [MESSAGE][PASSED] - Send request and verify the response successfully

2019-08-24 12:11:13 - [TEST_STEP][PASSED] - if (M4_total_bonus_spins_int != 0 &amp;&amp; M4_spin_reels_symbols[2].contains("WILD_ExtraFG") || M4_spin_reels_symbols[3].contains("WILD_ExtraFG")): null

2019-08-24 12:11:13 - [TEST_STEP][PASSED] - free_spin_reel_counter = free_spin_reel_counter: null

2019-08-24 12:11:13 - [TEST_STEP][PASSED] - M4_spin_reels_symbols = M4_spin_reels_symbols: null

2019-08-24 12:11:13 - [TEST_STEP][PASSED] - M4_total_bonus_spins = M4_total_bonus_spins: null

2019-08-24 12:11:13 - [TEST_STEP][PASSED] - spin_result = sendRequestAndVerify(findTestObject("INT/RGS(M4)/1_M4_spin", ["M4_login_user_id":M4_login_user_id, "rgs_session_token":rgs_session_token, "partner":Partner])): Send request and verify the response successfully

2019-08-24 12:11:13 - [MESSAGE][INFO] - HAR: /Users/eiralee/Katalon_Script/SuperWild/Reports/20190824_120919/INT/superWild_3/20190824_120919/requests/main/33.har

2019-08-24 12:11:13 - [TEST_CASE][PASSED] - Start Test Case : Verification: Verification accomplished successfully

2019-08-24 12:11:13 - [TEST_STEP][PASSED] - request = getInstance().getCurrentRequest(): null

2019-08-24 12:11:13 - [TEST_STEP][PASSED] - response = getInstance().getCurrentResponse(): null

2019-08-24 12:11:13 - [TEST_STEP][PASSED] - verifyResponseStatusCode(response, 200): Verify response status code successfully

2019-08-24 12:11:13 - [MESSAGE][PASSED] - Verify response status code successfully

2019-08-24 12:11:13 - [TEST_STEP][PASSED] - getStatusCode()).isEqualTo(200): null

2019-08-24 12:11:13 - [TEST_STEP][PASSED] - newline = System.getProperty("line.separator"): null

2019-08-24 12:11:13 - [TEST_STEP][PASSED] - M4_spin = new groovy.json.JsonSlurper(): null

2019-08-24 12:11:13 - [TEST_STEP][PASSED] - result_M4_spin = M4_spin.parseText(response.getResponseBodyContent()): null

2019-08-24 12:11:13 - [TEST_STEP][PASSED] - M4_spin_current_balance = current_balance: null

2019-08-24 12:11:13 - [TEST_STEP][PASSED] - M4_spin_current_balance = M4_spin_current_balance: null

2019-08-24 12:11:13 - [TEST_STEP][PASSED] - M4_spin_transaction_id = causality: null

2019-08-24 12:11:13 - [TEST_STEP][PASSED] - M4_spin_transaction_id = M4_spin_transaction_id: null

2019-08-24 12:11:13 - [TEST_STEP][PASSED] - M4_spin_round_id = round_id: null

2019-08-24 12:11:13 - [TEST_STEP][PASSED] - M4_spin_round_id = M4_spin_round_id: null

2019-08-24 12:11:13 - [TEST_STEP][PASSED] - M4_spin_line_wins = line_wins: null

2019-08-24 12:11:13 - [TEST_STEP][PASSED] - M4_spin_line_wins = M4_spin_line_wins: null

2019-08-24 12:11:13 - [TEST_STEP][PASSED] - M4_total_bonus_spins_int = total_bonus_spins: null

2019-08-24 12:11:13 - [TEST_STEP][PASSED] - println("******M4_total_bonus_spins type is:*******" + newline + getClass().getName()): null

2019-08-24 12:11:13 - [TEST_STEP][PASSED] - M4_total_bonus_spins_int = M4_total_bonus_spins_int: null

2019-08-24 12:11:13 - [TEST_STEP][PASSED] - M4_total_bonus_spins = Integer.toString(M4_total_bonus_spins_int): null

2019-08-24 12:11:13 - [TEST_STEP][PASSED] - M4_total_bonus_spins = M4_total_bonus_spins: null

2019-08-24 12:11:13 - [TEST_STEP][PASSED] - println("M4_total_bonus_spins is:" + M4_total_bonus_spins): null

2019-08-24 12:11:13 - [TEST_STEP][PASSED] - M4_spin_bonus_data = bonus_data: null

2019-08-24 12:11:13 - [TEST_STEP][PASSED] - M4_spin_features_triggered = result_M4_spin: null

2019-08-24 12:11:13 - [TEST_STEP][PASSED] - wild = []: null

2019-08-24 12:11:13 - [TEST_STEP][PASSED] - wild[0] = "WILD_Expanding": null

2019-08-24 12:11:13 - [TEST_STEP][PASSED] - wild[1] = "WILD_Normal": null

2019-08-24 12:11:13 - [TEST_STEP][PASSED] - wild[2] = "WILD_Double": null

2019-08-24 12:11:13 - [TEST_STEP][PASSED] - wild[3] = "WILD_ExtraFG": null

2019-08-24 12:11:13 - [TEST_STEP][PASSED] - wild[4] = "WILD_Triple": null

2019-08-24 12:11:13 - [TEST_STEP][PASSED] - wildList = Arrays.asList(wild): null

2019-08-24 12:11:13 - [TEST_STEP][PASSED] - wildList = wildList: null

2019-08-24 12:11:13 - [TEST_STEP][PASSED] - free_spin_reel_counter = []: null

2019-08-24 12:11:13 - [TEST_STEP][PASSED] - free_spin_reel_counter[0] = 0: null

2019-08-24 12:11:13 - [TEST_STEP][PASSED] - free_spin_reel_counter[1] = 0: null

2019-08-24 12:11:13 - [TEST_STEP][PASSED] - free_spin_reel_counter[2] = 0: null

2019-08-24 12:11:13 - [TEST_STEP][PASSED] - M4_spin_reels = reels: null

2019-08-24 12:11:13 - [TEST_STEP][PASSED] - for ([i = 0, i &lt; M4_spin_reels.size(), (i++)]): null

2019-08-24 12:11:13 - [TEST_STEP][PASSED] - symbols = symbols: null

2019-08-24 12:11:13 - [TEST_STEP][PASSED] - for ([j = 0, j &lt; symbols.size(), (j++)]): null

2019-08-24 12:11:13 - [TEST_STEP][PASSED] - symbol = symbol: null

2019-08-24 12:11:13 - [TEST_STEP][PASSED] - println(symbol): null

2019-08-24 12:11:13 - [TEST_STEP][PASSED] - if (i == 2 &amp;&amp; wildList.indexOf(symbol) != -1): null

2019-08-24 12:11:13 - [TEST_STEP][PASSED] - if (i == 3 &amp;&amp; wildList.indexOf(symbol) != -1): null

2019-08-24 12:11:13 - [TEST_STEP][PASSED] - if (i == 4 &amp;&amp; wildList.indexOf(symbol) != -1): null

2019-08-24 12:11:13 - [TEST_STEP][PASSED] - symbol = symbol: null

2019-08-24 12:11:13 - [TEST_STEP][PASSED] - println(symbol): null

2019-08-24 12:11:13 - [TEST_STEP][PASSED] - if (i == 2 &amp;&amp; wildList.indexOf(symbol) != -1): null

2019-08-24 12:11:13 - [TEST_STEP][PASSED] - if (i == 3 &amp;&amp; wildList.indexOf(symbol) != -1): null

2019-08-24 12:11:13 - [TEST_STEP][PASSED] - if (i == 4 &amp;&amp; wildList.indexOf(symbol) != -1): null

2019-08-24 12:11:13 - [TEST_STEP][PASSED] - symbol = symbol: null

2019-08-24 12:11:13 - [TEST_STEP][PASSED] - println(symbol): null

2019-08-24 12:11:13 - [TEST_STEP][PASSED] - if (i == 2 &amp;&amp; wildList.indexOf(symbol) != -1): null

2019-08-24 12:11:13 - [TEST_STEP][PASSED] - if (i == 3 &amp;&amp; wildList.indexOf(symbol) != -1): null

2019-08-24 12:11:13 - [TEST_STEP][PASSED] - if (i == 4 &amp;&amp; wildList.indexOf(symbol) != -1): null

2019-08-24 12:11:17 - [TEST_STEP][PASSED] - symbols = symbols: null

2019-08-24 12:11:17 - [TEST_STEP][PASSED] - for ([j = 0, j &lt; symbols.size(), (j++)]): null

2019-08-24 12:11:17 - [TEST_STEP][PASSED] - symbol = symbol: null

2019-08-24 12:11:17 - [TEST_STEP][PASSED] - println(symbol): null

2019-08-24 12:11:17 - [TEST_STEP][PASSED] - if (i == 2 &amp;&amp; wildList.indexOf(symbol) != -1): null

2019-08-24 12:11:17 - [TEST_STEP][PASSED] - if (i == 3 &amp;&amp; wildList.indexOf(symbol) != -1): null

2019-08-24 12:11:17 - [TEST_STEP][PASSED] - if (i == 4 &amp;&amp; wildList.indexOf(symbol) != -1): null

2019-08-24 12:11:17 - [TEST_STEP][PASSED] - symbol = symbol: null

2019-08-24 12:11:17 - [TEST_STEP][PASSED] - println(symbol): null

2019-08-24 12:11:17 - [TEST_STEP][PASSED] - if (i == 2 &amp;&amp; wildList.indexOf(symbol) != -1): null

2019-08-24 12:11:20 - [TEST_STEP][PASSED] - if (i == 3 &amp;&amp; wildList.indexOf(symbol) != -1): null

2019-08-24 12:11:20 - [TEST_STEP][PASSED] - if (i == 4 &amp;&amp; wildList.indexOf(symbol) != -1): null

2019-08-24 12:11:20 - [TEST_STEP][PASSED] - symbol = symbol: null

2019-08-24 12:11:20 - [TEST_STEP][PASSED] - println(symbol): null

2019-08-24 12:11:20 - [TEST_STEP][PASSED] - if (i == 2 &amp;&amp; wildList.indexOf(symbol) != -1): null

2019-08-24 12:11:20 - [TEST_STEP][PASSED] - if (i == 3 &amp;&amp; wildList.indexOf(symbol) != -1): null

2019-08-24 12:11:20 - [TEST_STEP][PASSED] - if (i == 4 &amp;&amp; wildList.indexOf(symbol) != -1): null

2019-08-24 12:11:20 - [TEST_STEP][PASSED] - symbols = symbols: null

2019-08-24 12:11:20 - [TEST_STEP][PASSED] - for ([j = 0, j &lt; symbols.size(), (j++)]): null

2019-08-24 12:11:20 - [TEST_STEP][PASSED] - symbol = symbol: null

2019-08-24 12:11:20 - [TEST_STEP][PASSED] - println(symbol): null

2019-08-24 12:11:20 - [TEST_STEP][PASSED] - if (i == 2 &amp;&amp; wildList.indexOf(symbol) != -1): null

2019-08-24 12:11:20 - [TEST_STEP][PASSED] - if (i == 3 &amp;&amp; wildList.indexOf(symbol) != -1): null

2019-08-24 12:11:20 - [TEST_STEP][PASSED] - if (i == 4 &amp;&amp; wildList.indexOf(symbol) != -1): null

2019-08-24 12:11:20 - [TEST_STEP][PASSED] - symbol = symbol: null

2019-08-24 12:11:20 - [TEST_STEP][PASSED] - println(symbol): null

2019-08-24 12:11:20 - [TEST_STEP][PASSED] - if (i == 2 &amp;&amp; wildList.indexOf(symbol) != -1): null

2019-08-24 12:11:20 - [TEST_STEP][PASSED] - if (i == 3 &amp;&amp; wildList.indexOf(symbol) != -1): null

2019-08-24 12:11:20 - [TEST_STEP][PASSED] - if (i == 4 &amp;&amp; wildList.indexOf(symbol) != -1): null

2019-08-24 12:11:20 - [TEST_STEP][PASSED] - symbol = symbol: null

2019-08-24 12:11:20 - [TEST_STEP][PASSED] - println(symbol): null

2019-08-24 12:11:20 - [TEST_STEP][PASSED] - if (i == 2 &amp;&amp; wildList.indexOf(symbol) != -1): null

2019-08-24 12:11:20 - [TEST_STEP][PASSED] - if (i == 3 &amp;&amp; wildList.indexOf(symbol) != -1): null

2019-08-24 12:11:20 - [TEST_STEP][PASSED] - if (i == 4 &amp;&amp; wildList.indexOf(symbol) != -1): null

2019-08-24 12:11:20 - [TEST_STEP][PASSED] - symbols = symbols: null

2019-08-24 12:11:20 - [TEST_STEP][PASSED] - for ([j = 0, j &lt; symbols.size(), (j++)]): null

2019-08-24 12:11:20 - [TEST_STEP][PASSED] - symbol = symbol: null

2019-08-24 12:11:20 - [TEST_STEP][PASSED] - println(symbol): null

2019-08-24 12:11:20 - [TEST_STEP][PASSED] - if (i == 2 &amp;&amp; wildList.indexOf(symbol) != -1): null

2019-08-24 12:11:20 - [TEST_STEP][PASSED] - if (i == 3 &amp;&amp; wildList.indexOf(symbol) != -1): null

2019-08-24 12:11:20 - [TEST_STEP][PASSED] - if (i == 4 &amp;&amp; wildList.indexOf(symbol) != -1): null

2019-08-24 12:11:20 - [TEST_STEP][PASSED] - symbol = symbol: null

2019-08-24 12:11:20 - [TEST_STEP][PASSED] - println(symbol): null

2019-08-24 12:11:20 - [TEST_STEP][PASSED] - if (i == 2 &amp;&amp; wildList.indexOf(symbol) != -1): null

2019-08-24 12:11:20 - [TEST_STEP][PASSED] - if (i == 3 &amp;&amp; wildList.indexOf(symbol) != -1): null

2019-08-24 12:11:20 - [TEST_STEP][PASSED] - if (i == 4 &amp;&amp; wildList.indexOf(symbol) != -1): null

2019-08-24 12:11:20 - [TEST_STEP][PASSED] - symbol = symbol: null

2019-08-24 12:11:20 - [TEST_STEP][PASSED] - println(symbol): null

2019-08-24 12:11:20 - [TEST_STEP][PASSED] - if (i == 2 &amp;&amp; wildList.indexOf(symbol) != -1): null

2019-08-24 12:11:20 - [TEST_STEP][PASSED] - if (i == 3 &amp;&amp; wildList.indexOf(symbol) != -1): null

2019-08-24 12:11:20 - [TEST_STEP][PASSED] - if (i == 4 &amp;&amp; wildList.indexOf(symbol) != -1): null

2019-08-24 12:11:20 - [TEST_STEP][PASSED] - symbols = symbols: null

2019-08-24 12:11:20 - [TEST_STEP][PASSED] - for ([j = 0, j &lt; symbols.size(), (j++)]): null

2019-08-24 12:11:20 - [TEST_STEP][PASSED] - symbol = symbol: null

2019-08-24 12:11:20 - [TEST_STEP][PASSED] - println(symbol): null

2019-08-24 12:11:20 - [TEST_STEP][PASSED] - if (i == 2 &amp;&amp; wildList.indexOf(symbol) != -1): null

2019-08-24 12:11:20 - [TEST_STEP][PASSED] - if (i == 3 &amp;&amp; wildList.indexOf(symbol) != -1): null

2019-08-24 12:11:20 - [TEST_STEP][PASSED] - if (i == 4 &amp;&amp; wildList.indexOf(symbol) != -1): null

2019-08-24 12:11:20 - [TEST_STEP][PASSED] - symbol = symbol: null

2019-08-24 12:11:20 - [TEST_STEP][PASSED] - println(symbol): null

2019-08-24 12:11:20 - [TEST_STEP][PASSED] - if (i == 2 &amp;&amp; wildList.indexOf(symbol) != -1): null

2019-08-24 12:11:20 - [TEST_STEP][PASSED] - if (i == 3 &amp;&amp; wildList.indexOf(symbol) != -1): null

2019-08-24 12:11:20 - [TEST_STEP][PASSED] - if (i == 4 &amp;&amp; wildList.indexOf(symbol) != -1): null

2019-08-24 12:11:20 - [TEST_STEP][PASSED] - symbol = symbol: null

2019-08-24 12:11:20 - [TEST_STEP][PASSED] - println(symbol): null

2019-08-24 12:11:20 - [TEST_STEP][PASSED] - if (i == 2 &amp;&amp; wildList.indexOf(symbol) != -1): null

2019-08-24 12:11:20 - [TEST_STEP][PASSED] - if (i == 3 &amp;&amp; wildList.indexOf(symbol) != -1): null

2019-08-24 12:11:20 - [TEST_STEP][PASSED] - if (i == 4 &amp;&amp; wildList.indexOf(symbol) != -1): null

2019-08-24 12:11:20 - [TEST_STEP][PASSED] - free_spin_reel_counter = free_spin_reel_counter: null

2019-08-24 12:11:20 - [TEST_STEP][PASSED] - println("reel 3 wild found: " + free_spin_reel_counter[0]): null

2019-08-24 12:11:20 - [TEST_STEP][PASSED] - println("reel 4 wild found: " + free_spin_reel_counter[1]): null

2019-08-24 12:11:20 - [TEST_STEP][PASSED] - println("reel 5 wild found: " + free_spin_reel_counter[2]): null

2019-08-24 12:11:20 - [TEST_STEP][PASSED] - M4_spin_reels = M4_spin_reels: null

2019-08-24 12:11:20 - [TEST_STEP][PASSED] - M4_spin_reels_symbols = symbol: null

2019-08-24 12:11:20 - [TEST_STEP][PASSED] - M4_spin_reels_symbols = M4_spin_reels_symbols: null

2019-08-24 12:11:20 - [TEST_STEP][PASSED] - M4_spin_reel_wins = reel_wins: null

2019-08-24 12:11:20 - [TEST_STEP][PASSED] - M4_spin_reel_wins = M4_spin_reel_wins: null

2019-08-24 12:11:20 - [TEST_STEP][PASSED] - println("GlobalVariable.M4_spin_reel_wins is: " + M4_spin_reel_wins): null

2019-08-24 12:11:20 - [TEST_STEP][PASSED] - M4_spin_total_bonus_win_this_round = total_bonus_win_this_round: null

2019-08-24 12:11:20 - [TEST_STEP][PASSED] - M4_spin_total_bonus_win_this_round = M4_spin_total_bonus_win_this_round: null

2019-08-24 12:11:20 - [TEST_STEP][PASSED] - println("GlobalVariable.M4_spin_total_bonus_win_this_round is: " + M4_spin_total_bonus_win_this_round): null

2019-08-24 12:11:20 - [TEST_STEP][PASSED] - M4_spin_bonus_spin_result = spin_result: null

2019-08-24 12:11:20 - [TEST_STEP][PASSED] - M4_spin_bonus_spin_result = M4_spin_bonus_spin_result: null

2019-08-24 12:11:20 - [MESSAGE][PASSED] - Verify response successfully

2019-08-24 12:11:20 - [MESSAGE][PASSED] - Send request and verify the response successfully

2019-08-24 12:11:20 - [TEST_STEP][PASSED] - if (M4_total_bonus_spins_int != 0 &amp;&amp; M4_spin_reels_symbols[2].contains("WILD_ExtraFG") || M4_spin_reels_symbols[3].contains("WILD_ExtraFG")): null

2019-08-24 12:11:20 - [TEST_STEP][PASSED] - free_spin_reel_counter = free_spin_reel_counter: null

2019-08-24 12:11:20 - [TEST_STEP][PASSED] - M4_spin_reels_symbols = M4_spin_reels_symbols: null

2019-08-24 12:11:20 - [TEST_STEP][PASSED] - M4_total_bonus_spins = M4_total_bonus_spins: null

2019-08-24 12:11:20 - [TEST_STEP][PASSED] - spin_result = sendRequestAndVerify(findTestObject("INT/RGS(M4)/1_M4_spin", ["M4_login_user_id":M4_login_user_id, "rgs_session_token":rgs_session_token, "partner":Partner])): Send request and verify the response successfully

2019-08-24 12:11:20 - [MESSAGE][INFO] - HAR: /Users/eiralee/Katalon_Script/SuperWild/Reports/20190824_120919/INT/superWild_3/20190824_120919/requests/main/34.har

2019-08-24 12:11:20 - [TEST_CASE][PASSED] - Start Test Case : Verification: Verification accomplished successfully

2019-08-24 12:11:20 - [TEST_STEP][PASSED] - request = getInstance().getCurrentRequest(): null

2019-08-24 12:11:20 - [TEST_STEP][PASSED] - response = getInstance().getCurrentResponse(): null

2019-08-24 12:11:20 - [TEST_STEP][PASSED] - verifyResponseStatusCode(response, 200): Verify response status code successfully

2019-08-24 12:11:20 - [MESSAGE][PASSED] - Verify response status code successfully

2019-08-24 12:11:20 - [TEST_STEP][PASSED] - getStatusCode()).isEqualTo(200): null

2019-08-24 12:11:20 - [TEST_STEP][PASSED] - newline = System.getProperty("line.separator"): null

2019-08-24 12:11:20 - [TEST_STEP][PASSED] - M4_spin = new groovy.json.JsonSlurper(): null

2019-08-24 12:11:20 - [TEST_STEP][PASSED] - result_M4_spin = M4_spin.parseText(response.getResponseBodyContent()): null

2019-08-24 12:11:20 - [TEST_STEP][PASSED] - M4_spin_current_balance = current_balance: null

2019-08-24 12:11:20 - [TEST_STEP][PASSED] - M4_spin_current_balance = M4_spin_current_balance: null

2019-08-24 12:11:20 - [TEST_STEP][PASSED] - M4_spin_transaction_id = causality: null

2019-08-24 12:11:20 - [TEST_STEP][PASSED] - M4_spin_transaction_id = M4_spin_transaction_id: null

2019-08-24 12:11:20 - [TEST_STEP][PASSED] - M4_spin_round_id = round_id: null

2019-08-24 12:11:20 - [TEST_STEP][PASSED] - M4_spin_round_id = M4_spin_round_id: null

2019-08-24 12:11:20 - [TEST_STEP][PASSED] - M4_spin_line_wins = line_wins: null

2019-08-24 12:11:20 - [TEST_STEP][PASSED] - M4_spin_line_wins = M4_spin_line_wins: null

2019-08-24 12:11:20 - [TEST_STEP][PASSED] - M4_total_bonus_spins_int = total_bonus_spins: null

2019-08-24 12:11:20 - [TEST_STEP][PASSED] - println("******M4_total_bonus_spins type is:*******" + newline + getClass().getName()): null

2019-08-24 12:11:20 - [TEST_STEP][PASSED] - M4_total_bonus_spins_int = M4_total_bonus_spins_int: null

2019-08-24 12:11:20 - [TEST_STEP][PASSED] - M4_total_bonus_spins = Integer.toString(M4_total_bonus_spins_int): null

2019-08-24 12:11:20 - [TEST_STEP][PASSED] - M4_total_bonus_spins = M4_total_bonus_spins: null

2019-08-24 12:11:20 - [TEST_STEP][PASSED] - println("M4_total_bonus_spins is:" + M4_total_bonus_spins): null

2019-08-24 12:11:20 - [TEST_STEP][PASSED] - M4_spin_bonus_data = bonus_data: null

2019-08-24 12:11:20 - [TEST_STEP][PASSED] - M4_spin_features_triggered = result_M4_spin: null

2019-08-24 12:11:20 - [TEST_STEP][PASSED] - wild = []: null

2019-08-24 12:11:20 - [TEST_STEP][PASSED] - wild[0] = "WILD_Expanding": null

2019-08-24 12:11:20 - [TEST_STEP][PASSED] - wild[1] = "WILD_Normal": null

2019-08-24 12:11:20 - [TEST_STEP][PASSED] - wild[2] = "WILD_Double": null

2019-08-24 12:11:20 - [TEST_STEP][PASSED] - wild[3] = "WILD_ExtraFG": null

2019-08-24 12:11:20 - [TEST_STEP][PASSED] - wild[4] = "WILD_Triple": null

2019-08-24 12:11:20 - [TEST_STEP][PASSED] - wildList = Arrays.asList(wild): null

2019-08-24 12:11:20 - [TEST_STEP][PASSED] - wildList = wildList: null

2019-08-24 12:11:20 - [TEST_STEP][PASSED] - free_spin_reel_counter = []: null

2019-08-24 12:11:20 - [TEST_STEP][PASSED] - free_spin_reel_counter[0] = 0: null

2019-08-24 12:11:20 - [TEST_STEP][PASSED] - free_spin_reel_counter[1] = 0: null

2019-08-24 12:11:20 - [TEST_STEP][PASSED] - free_spin_reel_counter[2] = 0: null

2019-08-24 12:11:20 - [TEST_STEP][PASSED] - M4_spin_reels = reels: null

2019-08-24 12:11:20 - [TEST_STEP][PASSED] - for ([i = 0, i &lt; M4_spin_reels.size(), (i++)]): null

2019-08-24 12:11:20 - [TEST_STEP][PASSED] - symbols = symbols: null

2019-08-24 12:11:20 - [TEST_STEP][PASSED] - for ([j = 0, j &lt; symbols.size(), (j++)]): null

2019-08-24 12:11:20 - [TEST_STEP][PASSED] - symbol = symbol: null

2019-08-24 12:11:20 - [TEST_STEP][PASSED] - println(symbol): null

2019-08-24 12:11:20 - [TEST_STEP][PASSED] - if (i == 2 &amp;&amp; wildList.indexOf(symbol) != -1): null

2019-08-24 12:11:20 - [TEST_STEP][PASSED] - if (i == 3 &amp;&amp; wildList.indexOf(symbol) != -1): null

2019-08-24 12:11:20 - [TEST_STEP][PASSED] - if (i == 4 &amp;&amp; wildList.indexOf(symbol) != -1): null

2019-08-24 12:11:20 - [TEST_STEP][PASSED] - symbol = symbol: null

2019-08-24 12:11:20 - [TEST_STEP][PASSED] - println(symbol): null

2019-08-24 12:11:20 - [TEST_STEP][PASSED] - if (i == 2 &amp;&amp; wildList.indexOf(symbol) != -1): null

2019-08-24 12:11:20 - [TEST_STEP][PASSED] - if (i == 3 &amp;&amp; wildList.indexOf(symbol) != -1): null

2019-08-24 12:11:20 - [TEST_STEP][PASSED] - if (i == 4 &amp;&amp; wildList.indexOf(symbol) != -1): null

2019-08-24 12:11:20 - [TEST_STEP][PASSED] - symbol = symbol: null

2019-08-24 12:11:20 - [TEST_STEP][PASSED] - println(symbol): null

2019-08-24 12:11:20 - [TEST_STEP][PASSED] - if (i == 2 &amp;&amp; wildList.indexOf(symbol) != -1): null

2019-08-24 12:11:20 - [TEST_STEP][PASSED] - if (i == 3 &amp;&amp; wildList.indexOf(symbol) != -1): null

2019-08-24 12:11:20 - [TEST_STEP][PASSED] - if (i == 4 &amp;&amp; wildList.indexOf(symbol) != -1): null

2019-08-24 12:11:20 - [TEST_STEP][PASSED] - symbols = symbols: null

2019-08-24 12:11:20 - [TEST_STEP][PASSED] - for ([j = 0, j &lt; symbols.size(), (j++)]): null

2019-08-24 12:11:20 - [TEST_STEP][PASSED] - symbol = symbol: null

2019-08-24 12:11:20 - [TEST_STEP][PASSED] - println(symbol): null

2019-08-24 12:11:20 - [TEST_STEP][PASSED] - if (i == 2 &amp;&amp; wildList.indexOf(symbol) != -1): null

2019-08-24 12:11:20 - [TEST_STEP][PASSED] - if (i == 3 &amp;&amp; wildList.indexOf(symbol) != -1): null

2019-08-24 12:11:20 - [TEST_STEP][PASSED] - if (i == 4 &amp;&amp; wildList.indexOf(symbol) != -1): null

2019-08-24 12:11:20 - [TEST_STEP][PASSED] - symbol = symbol: null

2019-08-24 12:11:20 - [TEST_STEP][PASSED] - println(symbol): null

2019-08-24 12:11:20 - [TEST_STEP][PASSED] - if (i == 2 &amp;&amp; wildList.indexOf(symbol) != -1): null

2019-08-24 12:11:20 - [TEST_STEP][PASSED] - if (i == 3 &amp;&amp; wildList.indexOf(symbol) != -1): null

2019-08-24 12:11:20 - [TEST_STEP][PASSED] - if (i == 4 &amp;&amp; wildList.indexOf(symbol) != -1): null

2019-08-24 12:11:20 - [TEST_STEP][PASSED] - symbol = symbol: null

2019-08-24 12:11:20 - [TEST_STEP][PASSED] - println(symbol): null

2019-08-24 12:11:20 - [TEST_STEP][PASSED] - if (i == 2 &amp;&amp; wildList.indexOf(symbol) != -1): null

2019-08-24 12:11:20 - [TEST_STEP][PASSED] - if (i == 3 &amp;&amp; wildList.indexOf(symbol) != -1): null

2019-08-24 12:11:20 - [TEST_STEP][PASSED] - if (i == 4 &amp;&amp; wildList.indexOf(symbol) != -1): null

2019-08-24 12:11:20 - [TEST_STEP][PASSED] - symbols = symbols: null

2019-08-24 12:11:20 - [TEST_STEP][PASSED] - for ([j = 0, j &lt; symbols.size(), (j++)]): null

2019-08-24 12:11:20 - [TEST_STEP][PASSED] - symbol = symbol: null

2019-08-24 12:11:20 - [TEST_STEP][PASSED] - println(symbol): null

2019-08-24 12:11:20 - [TEST_STEP][PASSED] - if (i == 2 &amp;&amp; wildList.indexOf(symbol) != -1): null

2019-08-24 12:11:20 - [TEST_STEP][PASSED] - if (i == 3 &amp;&amp; wildList.indexOf(symbol) != -1): null

2019-08-24 12:11:20 - [TEST_STEP][PASSED] - if (i == 4 &amp;&amp; wildList.indexOf(symbol) != -1): null

2019-08-24 12:11:20 - [TEST_STEP][PASSED] - symbol = symbol: null

2019-08-24 12:11:20 - [TEST_STEP][PASSED] - println(symbol): null

2019-08-24 12:11:20 - [TEST_STEP][PASSED] - if (i == 2 &amp;&amp; wildList.indexOf(symbol) != -1): null

2019-08-24 12:11:20 - [TEST_STEP][PASSED] - if (i == 3 &amp;&amp; wildList.indexOf(symbol) != -1): null

2019-08-24 12:11:20 - [TEST_STEP][PASSED] - if (i == 4 &amp;&amp; wildList.indexOf(symbol) != -1): null

2019-08-24 12:11:20 - [TEST_STEP][PASSED] - symbol = symbol: null

2019-08-24 12:11:20 - [TEST_STEP][PASSED] - println(symbol): null

2019-08-24 12:11:20 - [TEST_STEP][PASSED] - if (i == 2 &amp;&amp; wildList.indexOf(symbol) != -1): null

2019-08-24 12:11:20 - [TEST_STEP][PASSED] - if (i == 3 &amp;&amp; wildList.indexOf(symbol) != -1): null

2019-08-24 12:11:20 - [TEST_STEP][PASSED] - if (i == 4 &amp;&amp; wildList.indexOf(symbol) != -1): null

2019-08-24 12:11:20 - [TEST_STEP][PASSED] - symbols = symbols: null

2019-08-24 12:11:20 - [TEST_STEP][PASSED] - for ([j = 0, j &lt; symbols.size(), (j++)]): null

2019-08-24 12:11:20 - [TEST_STEP][PASSED] - symbol = symbol: null

2019-08-24 12:11:20 - [TEST_STEP][PASSED] - println(symbol): null

2019-08-24 12:11:20 - [TEST_STEP][PASSED] - if (i == 2 &amp;&amp; wildList.indexOf(symbol) != -1): null

2019-08-24 12:11:20 - [TEST_STEP][PASSED] - if (i == 3 &amp;&amp; wildList.indexOf(symbol) != -1): null

2019-08-24 12:11:20 - [TEST_STEP][PASSED] - if (i == 4 &amp;&amp; wildList.indexOf(symbol) != -1): null

2019-08-24 12:11:20 - [TEST_STEP][PASSED] - symbol = symbol: null

2019-08-24 12:11:20 - [TEST_STEP][PASSED] - println(symbol): null

2019-08-24 12:11:20 - [TEST_STEP][PASSED] - if (i == 2 &amp;&amp; wildList.indexOf(symbol) != -1): null

2019-08-24 12:11:20 - [TEST_STEP][PASSED] - if (i == 3 &amp;&amp; wildList.indexOf(symbol) != -1): null

2019-08-24 12:11:20 - [TEST_STEP][PASSED] - if (i == 4 &amp;&amp; wildList.indexOf(symbol) != -1): null

2019-08-24 12:11:20 - [TEST_STEP][PASSED] - symbol = symbol: null

2019-08-24 12:11:20 - [TEST_STEP][PASSED] - println(symbol): null

2019-08-24 12:11:20 - [TEST_STEP][PASSED] - if (i == 2 &amp;&amp; wildList.indexOf(symbol) != -1): null

2019-08-24 12:11:20 - [TEST_STEP][PASSED] - if (i == 3 &amp;&amp; wildList.indexOf(symbol) != -1): null

2019-08-24 12:11:20 - [TEST_STEP][PASSED] - if (i == 4 &amp;&amp; wildList.indexOf(symbol) != -1): null

2019-08-24 12:11:20 - [TEST_STEP][PASSED] - symbols = symbols: null

2019-08-24 12:11:20 - [TEST_STEP][PASSED] - for ([j = 0, j &lt; symbols.size(), (j++)]): null

2019-08-24 12:11:20 - [TEST_STEP][PASSED] - symbol = symbol: null

2019-08-24 12:11:20 - [TEST_STEP][PASSED] - println(symbol): null

2019-08-24 12:11:20 - [TEST_STEP][PASSED] - if (i == 2 &amp;&amp; wildList.indexOf(symbol) != -1): null

2019-08-24 12:11:20 - [TEST_STEP][PASSED] - if (i == 3 &amp;&amp; wildList.indexOf(symbol) != -1): null

2019-08-24 12:11:20 - [TEST_STEP][PASSED] - if (i == 4 &amp;&amp; wildList.indexOf(symbol) != -1): null

2019-08-24 12:11:20 - [TEST_STEP][PASSED] - symbol = symbol: null

2019-08-24 12:11:20 - [TEST_STEP][PASSED] - println(symbol): null

2019-08-24 12:11:20 - [TEST_STEP][PASSED] - if (i == 2 &amp;&amp; wildList.indexOf(symbol) != -1): null

2019-08-24 12:11:20 - [TEST_STEP][PASSED] - if (i == 3 &amp;&amp; wildList.indexOf(symbol) != -1): null

2019-08-24 12:11:20 - [TEST_STEP][PASSED] - if (i == 4 &amp;&amp; wildList.indexOf(symbol) != -1): null

2019-08-24 12:11:20 - [TEST_STEP][PASSED] - symbol = symbol: null

2019-08-24 12:11:20 - [TEST_STEP][PASSED] - println(symbol): null

2019-08-24 12:11:20 - [TEST_STEP][PASSED] - if (i == 2 &amp;&amp; wildList.indexOf(symbol) != -1): null

2019-08-24 12:11:20 - [TEST_STEP][PASSED] - if (i == 3 &amp;&amp; wildList.indexOf(symbol) != -1): null

2019-08-24 12:11:20 - [TEST_STEP][PASSED] - if (i == 4 &amp;&amp; wildList.indexOf(symbol) != -1): null

2019-08-24 12:11:20 - [TEST_STEP][PASSED] - free_spin_reel_counter = free_spin_reel_counter: null

2019-08-24 12:11:20 - [TEST_STEP][PASSED] - println("reel 3 wild found: " + free_spin_reel_counter[0]): null

2019-08-24 12:11:20 - [TEST_STEP][PASSED] - println("reel 4 wild found: " + free_spin_reel_counter[1]): null

2019-08-24 12:11:20 - [TEST_STEP][PASSED] - println("reel 5 wild found: " + free_spin_reel_counter[2]): null

2019-08-24 12:11:20 - [TEST_STEP][PASSED] - M4_spin_reels = M4_spin_reels: null

2019-08-24 12:11:20 - [TEST_STEP][PASSED] - M4_spin_reels_symbols = symbol: null

2019-08-24 12:11:20 - [TEST_STEP][PASSED] - M4_spin_reels_symbols = M4_spin_reels_symbols: null

2019-08-24 12:11:20 - [TEST_STEP][PASSED] - M4_spin_reel_wins = reel_wins: null

2019-08-24 12:11:20 - [TEST_STEP][PASSED] - M4_spin_reel_wins = M4_spin_reel_wins: null

2019-08-24 12:11:20 - [TEST_STEP][PASSED] - println("GlobalVariable.M4_spin_reel_wins is: " + M4_spin_reel_wins): null

2019-08-24 12:11:20 - [TEST_STEP][PASSED] - M4_spin_total_bonus_win_this_round = total_bonus_win_this_round: null

2019-08-24 12:11:20 - [TEST_STEP][PASSED] - M4_spin_total_bonus_win_this_round = M4_spin_total_bonus_win_this_round: null

2019-08-24 12:11:20 - [TEST_STEP][PASSED] - println("GlobalVariable.M4_spin_total_bonus_win_this_round is: " + M4_spin_total_bonus_win_this_round): null

2019-08-24 12:11:20 - [TEST_STEP][PASSED] - M4_spin_bonus_spin_result = spin_result: null

2019-08-24 12:11:20 - [TEST_STEP][PASSED] - M4_spin_bonus_spin_result = M4_spin_bonus_spin_result: null

2019-08-24 12:11:20 - [MESSAGE][PASSED] - Verify response successfully

2019-08-24 12:11:20 - [MESSAGE][PASSED] - Send request and verify the response successfully

2019-08-24 12:11:20 - [TEST_STEP][PASSED] - if (M4_total_bonus_spins_int != 0 &amp;&amp; M4_spin_reels_symbols[2].contains("WILD_ExtraFG") || M4_spin_reels_symbols[3].contains("WILD_ExtraFG")): null

2019-08-24 12:11:20 - [TEST_STEP][PASSED] - free_spin_reel_counter = free_spin_reel_counter: null

2019-08-24 12:11:20 - [TEST_STEP][PASSED] - M4_spin_reels_symbols = M4_spin_reels_symbols: null

2019-08-24 12:11:20 - [TEST_STEP][PASSED] - M4_total_bonus_spins = M4_total_bonus_spins: null

2019-08-24 12:11:20 - [TEST_STEP][PASSED] - spin_result = sendRequestAndVerify(findTestObject("INT/RGS(M4)/1_M4_spin", ["M4_login_user_id":M4_login_user_id, "rgs_session_token":rgs_session_token, "partner":Partner])): Send request and verify the response successfully

2019-08-24 12:11:21 - [MESSAGE][INFO] - HAR: /Users/eiralee/Katalon_Script/SuperWild/Reports/20190824_120919/INT/superWild_3/20190824_120919/requests/main/35.har

2019-08-24 12:11:21 - [TEST_CASE][PASSED] - Start Test Case : Verification: Verification accomplished successfully

2019-08-24 12:11:21 - [TEST_STEP][PASSED] - request = getInstance().getCurrentRequest(): null

2019-08-24 12:11:21 - [TEST_STEP][PASSED] - response = getInstance().getCurrentResponse(): null

2019-08-24 12:11:21 - [TEST_STEP][PASSED] - verifyResponseStatusCode(response, 200): Verify response status code successfully

2019-08-24 12:11:21 - [MESSAGE][PASSED] - Verify response status code successfully

2019-08-24 12:11:21 - [TEST_STEP][PASSED] - getStatusCode()).isEqualTo(200): null

2019-08-24 12:11:21 - [TEST_STEP][PASSED] - newline = System.getProperty("line.separator"): null

2019-08-24 12:11:21 - [TEST_STEP][PASSED] - M4_spin = new groovy.json.JsonSlurper(): null

2019-08-24 12:11:21 - [TEST_STEP][PASSED] - result_M4_spin = M4_spin.parseText(response.getResponseBodyContent()): null

2019-08-24 12:11:21 - [TEST_STEP][PASSED] - M4_spin_current_balance = current_balance: null

2019-08-24 12:11:21 - [TEST_STEP][PASSED] - M4_spin_current_balance = M4_spin_current_balance: null

2019-08-24 12:11:21 - [TEST_STEP][PASSED] - M4_spin_transaction_id = causality: null

2019-08-24 12:11:21 - [TEST_STEP][PASSED] - M4_spin_transaction_id = M4_spin_transaction_id: null

2019-08-24 12:11:21 - [TEST_STEP][PASSED] - M4_spin_round_id = round_id: null

2019-08-24 12:11:21 - [TEST_STEP][PASSED] - M4_spin_round_id = M4_spin_round_id: null

2019-08-24 12:11:21 - [TEST_STEP][PASSED] - M4_spin_line_wins = line_wins: null

2019-08-24 12:11:21 - [TEST_STEP][PASSED] - M4_spin_line_wins = M4_spin_line_wins: null

2019-08-24 12:11:21 - [TEST_STEP][PASSED] - M4_total_bonus_spins_int = total_bonus_spins: null

2019-08-24 12:11:21 - [TEST_STEP][PASSED] - println("******M4_total_bonus_spins type is:*******" + newline + getClass().getName()): null

2019-08-24 12:11:21 - [TEST_STEP][PASSED] - M4_total_bonus_spins_int = M4_total_bonus_spins_int: null

2019-08-24 12:11:21 - [TEST_STEP][PASSED] - M4_total_bonus_spins = Integer.toString(M4_total_bonus_spins_int): null

2019-08-24 12:11:21 - [TEST_STEP][PASSED] - M4_total_bonus_spins = M4_total_bonus_spins: null

2019-08-24 12:11:21 - [TEST_STEP][PASSED] - println("M4_total_bonus_spins is:" + M4_total_bonus_spins): null

2019-08-24 12:11:21 - [TEST_STEP][PASSED] - M4_spin_bonus_data = bonus_data: null

2019-08-24 12:11:21 - [TEST_STEP][PASSED] - M4_spin_features_triggered = result_M4_spin: null

2019-08-24 12:11:21 - [TEST_STEP][PASSED] - wild = []: null

2019-08-24 12:11:21 - [TEST_STEP][PASSED] - wild[0] = "WILD_Expanding": null

2019-08-24 12:11:21 - [TEST_STEP][PASSED] - wild[1] = "WILD_Normal": null

2019-08-24 12:11:21 - [TEST_STEP][PASSED] - wild[2] = "WILD_Double": null

2019-08-24 12:11:21 - [TEST_STEP][PASSED] - wild[3] = "WILD_ExtraFG": null

2019-08-24 12:11:21 - [TEST_STEP][PASSED] - wild[4] = "WILD_Triple": null

2019-08-24 12:11:21 - [TEST_STEP][PASSED] - wildList = Arrays.asList(wild): null

2019-08-24 12:11:21 - [TEST_STEP][PASSED] - wildList = wildList: null

2019-08-24 12:11:21 - [TEST_STEP][PASSED] - free_spin_reel_counter = []: null

2019-08-24 12:11:21 - [TEST_STEP][PASSED] - free_spin_reel_counter[0] = 0: null

2019-08-24 12:11:21 - [TEST_STEP][PASSED] - free_spin_reel_counter[1] = 0: null

2019-08-24 12:11:21 - [TEST_STEP][PASSED] - free_spin_reel_counter[2] = 0: null

2019-08-24 12:11:21 - [TEST_STEP][PASSED] - M4_spin_reels = reels: null

2019-08-24 12:11:21 - [TEST_STEP][PASSED] - for ([i = 0, i &lt; M4_spin_reels.size(), (i++)]): null

2019-08-24 12:11:21 - [TEST_STEP][PASSED] - symbols = symbols: null

2019-08-24 12:11:21 - [TEST_STEP][PASSED] - for ([j = 0, j &lt; symbols.size(), (j++)]): null

2019-08-24 12:11:21 - [TEST_STEP][PASSED] - symbol = symbol: null

2019-08-24 12:11:21 - [TEST_STEP][PASSED] - println(symbol): null

2019-08-24 12:11:21 - [TEST_STEP][PASSED] - if (i == 2 &amp;&amp; wildList.indexOf(symbol) != -1): null

2019-08-24 12:11:21 - [TEST_STEP][PASSED] - if (i == 3 &amp;&amp; wildList.indexOf(symbol) != -1): null

2019-08-24 12:11:21 - [TEST_STEP][PASSED] - if (i == 4 &amp;&amp; wildList.indexOf(symbol) != -1): null

2019-08-24 12:11:21 - [TEST_STEP][PASSED] - symbol = symbol: null

2019-08-24 12:11:21 - [TEST_STEP][PASSED] - println(symbol): null

2019-08-24 12:11:21 - [TEST_STEP][PASSED] - if (i == 2 &amp;&amp; wildList.indexOf(symbol) != -1): null

2019-08-24 12:11:21 - [TEST_STEP][PASSED] - if (i == 3 &amp;&amp; wildList.indexOf(symbol) != -1): null

2019-08-24 12:11:21 - [TEST_STEP][PASSED] - if (i == 4 &amp;&amp; wildList.indexOf(symbol) != -1): null

2019-08-24 12:11:21 - [TEST_STEP][PASSED] - symbol = symbol: null

2019-08-24 12:11:21 - [TEST_STEP][PASSED] - println(symbol): null

2019-08-24 12:11:21 - [TEST_STEP][PASSED] - if (i == 2 &amp;&amp; wildList.indexOf(symbol) != -1): null

2019-08-24 12:11:21 - [TEST_STEP][PASSED] - if (i == 3 &amp;&amp; wildList.indexOf(symbol) != -1): null

2019-08-24 12:11:21 - [TEST_STEP][PASSED] - if (i == 4 &amp;&amp; wildList.indexOf(symbol) != -1): null

2019-08-24 12:11:21 - [TEST_STEP][PASSED] - symbols = symbols: null

2019-08-24 12:11:21 - [TEST_STEP][PASSED] - for ([j = 0, j &lt; symbols.size(), (j++)]): null

2019-08-24 12:11:21 - [TEST_STEP][PASSED] - symbol = symbol: null

2019-08-24 12:11:21 - [TEST_STEP][PASSED] - println(symbol): null

2019-08-24 12:11:21 - [TEST_STEP][PASSED] - if (i == 2 &amp;&amp; wildList.indexOf(symbol) != -1): null

2019-08-24 12:11:21 - [TEST_STEP][PASSED] - if (i == 3 &amp;&amp; wildList.indexOf(symbol) != -1): null

2019-08-24 12:11:21 - [TEST_STEP][PASSED] - if (i == 4 &amp;&amp; wildList.indexOf(symbol) != -1): null

2019-08-24 12:11:21 - [TEST_STEP][PASSED] - symbol = symbol: null

2019-08-24 12:11:21 - [TEST_STEP][PASSED] - println(symbol): null

2019-08-24 12:11:21 - [TEST_STEP][PASSED] - if (i == 2 &amp;&amp; wildList.indexOf(symbol) != -1): null

2019-08-24 12:11:21 - [TEST_STEP][PASSED] - if (i == 3 &amp;&amp; wildList.indexOf(symbol) != -1): null

2019-08-24 12:11:21 - [TEST_STEP][PASSED] - if (i == 4 &amp;&amp; wildList.indexOf(symbol) != -1): null

2019-08-24 12:11:21 - [TEST_STEP][PASSED] - symbol = symbol: null

2019-08-24 12:11:21 - [TEST_STEP][PASSED] - println(symbol): null

2019-08-24 12:11:21 - [TEST_STEP][PASSED] - if (i == 2 &amp;&amp; wildList.indexOf(symbol) != -1): null

2019-08-24 12:11:21 - [TEST_STEP][PASSED] - if (i == 3 &amp;&amp; wildList.indexOf(symbol) != -1): null

2019-08-24 12:11:21 - [TEST_STEP][PASSED] - if (i == 4 &amp;&amp; wildList.indexOf(symbol) != -1): null

2019-08-24 12:11:21 - [TEST_STEP][PASSED] - symbols = symbols: null

2019-08-24 12:11:21 - [TEST_STEP][PASSED] - for ([j = 0, j &lt; symbols.size(), (j++)]): null

2019-08-24 12:11:21 - [TEST_STEP][PASSED] - symbol = symbol: null

2019-08-24 12:11:21 - [TEST_STEP][PASSED] - println(symbol): null

2019-08-24 12:11:21 - [TEST_STEP][PASSED] - if (i == 2 &amp;&amp; wildList.indexOf(symbol) != -1): null

2019-08-24 12:11:21 - [TEST_STEP][PASSED] - if (i == 3 &amp;&amp; wildList.indexOf(symbol) != -1): null

2019-08-24 12:11:21 - [TEST_STEP][PASSED] - if (i == 4 &amp;&amp; wildList.indexOf(symbol) != -1): null

2019-08-24 12:11:21 - [TEST_STEP][PASSED] - symbol = symbol: null

2019-08-24 12:11:21 - [TEST_STEP][PASSED] - println(symbol): null

2019-08-24 12:11:21 - [TEST_STEP][PASSED] - if (i == 2 &amp;&amp; wildList.indexOf(symbol) != -1): null

2019-08-24 12:11:21 - [TEST_STEP][PASSED] - println("wild found on reel 3, adding counter by 1"): null

2019-08-24 12:11:21 - [TEST_STEP][PASSED] - free_spin_reel_counter[0] = free_spin_reel_counter[0] + 1: null

2019-08-24 12:11:21 - [TEST_STEP][PASSED] - if (i == 3 &amp;&amp; wildList.indexOf(symbol) != -1): null

2019-08-24 12:11:21 - [TEST_STEP][PASSED] - if (i == 4 &amp;&amp; wildList.indexOf(symbol) != -1): null

2019-08-24 12:11:21 - [TEST_STEP][PASSED] - symbol = symbol: null

2019-08-24 12:11:21 - [TEST_STEP][PASSED] - println(symbol): null

2019-08-24 12:11:21 - [TEST_STEP][PASSED] - if (i == 2 &amp;&amp; wildList.indexOf(symbol) != -1): null

2019-08-24 12:11:21 - [TEST_STEP][PASSED] - if (i == 3 &amp;&amp; wildList.indexOf(symbol) != -1): null

2019-08-24 12:11:21 - [TEST_STEP][PASSED] - if (i == 4 &amp;&amp; wildList.indexOf(symbol) != -1): null

2019-08-24 12:11:21 - [TEST_STEP][PASSED] - symbols = symbols: null

2019-08-24 12:11:21 - [TEST_STEP][PASSED] - for ([j = 0, j &lt; symbols.size(), (j++)]): null

2019-08-24 12:11:21 - [TEST_STEP][PASSED] - symbol = symbol: null

2019-08-24 12:11:21 - [TEST_STEP][PASSED] - println(symbol): null

2019-08-24 12:11:25 - [TEST_STEP][PASSED] - if (i == 2 &amp;&amp; wildList.indexOf(symbol) != -1): null

2019-08-24 12:11:25 - [TEST_STEP][PASSED] - if (i == 3 &amp;&amp; wildList.indexOf(symbol) != -1): null

2019-08-24 12:11:25 - [TEST_STEP][PASSED] - if (i == 4 &amp;&amp; wildList.indexOf(symbol) != -1): null

2019-08-24 12:11:25 - [TEST_STEP][PASSED] - symbol = symbol: null

2019-08-24 12:11:25 - [TEST_STEP][PASSED] - println(symbol): null

2019-08-24 12:11:25 - [TEST_STEP][PASSED] - if (i == 2 &amp;&amp; wildList.indexOf(symbol) != -1): null

2019-08-24 12:11:25 - [TEST_STEP][PASSED] - if (i == 3 &amp;&amp; wildList.indexOf(symbol) != -1): null

2019-08-24 12:11:25 - [TEST_STEP][PASSED] - if (i == 4 &amp;&amp; wildList.indexOf(symbol) != -1): null

2019-08-24 12:11:25 - [TEST_STEP][PASSED] - symbol = symbol: null

2019-08-24 12:11:25 - [TEST_STEP][PASSED] - println(symbol): null

2019-08-24 12:11:25 - [TEST_STEP][PASSED] - if (i == 2 &amp;&amp; wildList.indexOf(symbol) != -1): null

2019-08-24 12:11:28 - [TEST_STEP][PASSED] - if (i == 3 &amp;&amp; wildList.indexOf(symbol) != -1): null

2019-08-24 12:11:28 - [TEST_STEP][PASSED] - if (i == 4 &amp;&amp; wildList.indexOf(symbol) != -1): null

2019-08-24 12:11:28 - [TEST_STEP][PASSED] - symbols = symbols: null

2019-08-24 12:11:28 - [TEST_STEP][PASSED] - for ([j = 0, j &lt; symbols.size(), (j++)]): null

2019-08-24 12:11:28 - [TEST_STEP][PASSED] - symbol = symbol: null

2019-08-24 12:11:28 - [TEST_STEP][PASSED] - println(symbol): null

2019-08-24 12:11:28 - [TEST_STEP][PASSED] - if (i == 2 &amp;&amp; wildList.indexOf(symbol) != -1): null

2019-08-24 12:11:28 - [TEST_STEP][PASSED] - if (i == 3 &amp;&amp; wildList.indexOf(symbol) != -1): null

2019-08-24 12:11:28 - [TEST_STEP][PASSED] - if (i == 4 &amp;&amp; wildList.indexOf(symbol) != -1): null

2019-08-24 12:11:28 - [TEST_STEP][PASSED] - symbol = symbol: null

2019-08-24 12:11:28 - [TEST_STEP][PASSED] - println(symbol): null

2019-08-24 12:11:28 - [TEST_STEP][PASSED] - if (i == 2 &amp;&amp; wildList.indexOf(symbol) != -1): null

2019-08-24 12:11:28 - [TEST_STEP][PASSED] - if (i == 3 &amp;&amp; wildList.indexOf(symbol) != -1): null

2019-08-24 12:11:28 - [TEST_STEP][PASSED] - if (i == 4 &amp;&amp; wildList.indexOf(symbol) != -1): null

2019-08-24 12:11:28 - [TEST_STEP][PASSED] - symbol = symbol: null

2019-08-24 12:11:28 - [TEST_STEP][PASSED] - println(symbol): null

2019-08-24 12:11:28 - [TEST_STEP][PASSED] - if (i == 2 &amp;&amp; wildList.indexOf(symbol) != -1): null

2019-08-24 12:11:28 - [TEST_STEP][PASSED] - if (i == 3 &amp;&amp; wildList.indexOf(symbol) != -1): null

2019-08-24 12:11:28 - [TEST_STEP][PASSED] - if (i == 4 &amp;&amp; wildList.indexOf(symbol) != -1): null

2019-08-24 12:11:28 - [TEST_STEP][PASSED] - println("wild found on reel 5, adding counter by 1"): null

2019-08-24 12:11:28 - [TEST_STEP][PASSED] - free_spin_reel_counter[2] = free_spin_reel_counter[2] + 1: null

2019-08-24 12:11:28 - [TEST_STEP][PASSED] - free_spin_reel_counter = free_spin_reel_counter: null

2019-08-24 12:11:28 - [TEST_STEP][PASSED] - println("reel 3 wild found: " + free_spin_reel_counter[0]): null

2019-08-24 12:11:28 - [TEST_STEP][PASSED] - println("reel 4 wild found: " + free_spin_reel_counter[1]): null

2019-08-24 12:11:28 - [TEST_STEP][PASSED] - println("reel 5 wild found: " + free_spin_reel_counter[2]): null

2019-08-24 12:11:28 - [TEST_STEP][PASSED] - M4_spin_reels = M4_spin_reels: null

2019-08-24 12:11:28 - [TEST_STEP][PASSED] - M4_spin_reels_symbols = symbol: null

2019-08-24 12:11:28 - [TEST_STEP][PASSED] - M4_spin_reels_symbols = M4_spin_reels_symbols: null

2019-08-24 12:11:28 - [TEST_STEP][PASSED] - M4_spin_reel_wins = reel_wins: null

2019-08-24 12:11:28 - [TEST_STEP][PASSED] - M4_spin_reel_wins = M4_spin_reel_wins: null

2019-08-24 12:11:28 - [TEST_STEP][PASSED] - println("GlobalVariable.M4_spin_reel_wins is: " + M4_spin_reel_wins): null

2019-08-24 12:11:28 - [TEST_STEP][PASSED] - M4_spin_total_bonus_win_this_round = total_bonus_win_this_round: null

2019-08-24 12:11:28 - [TEST_STEP][PASSED] - M4_spin_total_bonus_win_this_round = M4_spin_total_bonus_win_this_round: null

2019-08-24 12:11:28 - [TEST_STEP][PASSED] - println("GlobalVariable.M4_spin_total_bonus_win_this_round is: " + M4_spin_total_bonus_win_this_round): null

2019-08-24 12:11:28 - [TEST_STEP][PASSED] - M4_spin_bonus_spin_result = spin_result: null

2019-08-24 12:11:28 - [TEST_STEP][PASSED] - M4_spin_bonus_spin_result = M4_spin_bonus_spin_result: null

2019-08-24 12:11:28 - [MESSAGE][PASSED] - Verify response successfully

2019-08-24 12:11:28 - [MESSAGE][PASSED] - Send request and verify the response successfully

2019-08-24 12:11:28 - [TEST_STEP][PASSED] - if (M4_total_bonus_spins_int != 0 &amp;&amp; M4_spin_reels_symbols[2].contains("WILD_ExtraFG") || M4_spin_reels_symbols[3].contains("WILD_ExtraFG")): null

2019-08-24 12:11:28 - [TEST_STEP][PASSED] - free_spin_reel_counter = free_spin_reel_counter: null

2019-08-24 12:11:28 - [TEST_STEP][PASSED] - M4_spin_reels_symbols = M4_spin_reels_symbols: null

2019-08-24 12:11:28 - [TEST_STEP][PASSED] - M4_total_bonus_spins = M4_total_bonus_spins: null

2019-08-24 12:11:28 - [TEST_STEP][PASSED] - spin_result = sendRequestAndVerify(findTestObject("INT/RGS(M4)/1_M4_spin", ["M4_login_user_id":M4_login_user_id, "rgs_session_token":rgs_session_token, "partner":Partner])): Send request and verify the response successfully

2019-08-24 12:11:28 - [MESSAGE][INFO] - HAR: /Users/eiralee/Katalon_Script/SuperWild/Reports/20190824_120919/INT/superWild_3/20190824_120919/requests/main/36.har

2019-08-24 12:11:28 - [TEST_CASE][PASSED] - Start Test Case : Verification: Verification accomplished successfully

2019-08-24 12:11:28 - [TEST_STEP][PASSED] - request = getInstance().getCurrentRequest(): null

2019-08-24 12:11:28 - [TEST_STEP][PASSED] - response = getInstance().getCurrentResponse(): null

2019-08-24 12:11:28 - [TEST_STEP][PASSED] - verifyResponseStatusCode(response, 200): Verify response status code successfully

2019-08-24 12:11:28 - [MESSAGE][PASSED] - Verify response status code successfully

2019-08-24 12:11:28 - [TEST_STEP][PASSED] - getStatusCode()).isEqualTo(200): null

2019-08-24 12:11:28 - [TEST_STEP][PASSED] - newline = System.getProperty("line.separator"): null

2019-08-24 12:11:28 - [TEST_STEP][PASSED] - M4_spin = new groovy.json.JsonSlurper(): null

2019-08-24 12:11:28 - [TEST_STEP][PASSED] - result_M4_spin = M4_spin.parseText(response.getResponseBodyContent()): null

2019-08-24 12:11:28 - [TEST_STEP][PASSED] - M4_spin_current_balance = current_balance: null

2019-08-24 12:11:28 - [TEST_STEP][PASSED] - M4_spin_current_balance = M4_spin_current_balance: null

2019-08-24 12:11:28 - [TEST_STEP][PASSED] - M4_spin_transaction_id = causality: null

2019-08-24 12:11:28 - [TEST_STEP][PASSED] - M4_spin_transaction_id = M4_spin_transaction_id: null

2019-08-24 12:11:28 - [TEST_STEP][PASSED] - M4_spin_round_id = round_id: null

2019-08-24 12:11:28 - [TEST_STEP][PASSED] - M4_spin_round_id = M4_spin_round_id: null

2019-08-24 12:11:28 - [TEST_STEP][PASSED] - M4_spin_line_wins = line_wins: null

2019-08-24 12:11:28 - [TEST_STEP][PASSED] - M4_spin_line_wins = M4_spin_line_wins: null

2019-08-24 12:11:28 - [TEST_STEP][PASSED] - M4_total_bonus_spins_int = total_bonus_spins: null

2019-08-24 12:11:28 - [TEST_STEP][PASSED] - println("******M4_total_bonus_spins type is:*******" + newline + getClass().getName()): null

2019-08-24 12:11:28 - [TEST_STEP][PASSED] - M4_total_bonus_spins_int = M4_total_bonus_spins_int: null

2019-08-24 12:11:28 - [TEST_STEP][PASSED] - M4_total_bonus_spins = Integer.toString(M4_total_bonus_spins_int): null

2019-08-24 12:11:28 - [TEST_STEP][PASSED] - M4_total_bonus_spins = M4_total_bonus_spins: null

2019-08-24 12:11:28 - [TEST_STEP][PASSED] - println("M4_total_bonus_spins is:" + M4_total_bonus_spins): null

2019-08-24 12:11:28 - [TEST_STEP][PASSED] - M4_spin_bonus_data = bonus_data: null

2019-08-24 12:11:28 - [TEST_STEP][PASSED] - M4_spin_features_triggered = result_M4_spin: null

2019-08-24 12:11:28 - [TEST_STEP][PASSED] - wild = []: null

2019-08-24 12:11:28 - [TEST_STEP][PASSED] - wild[0] = "WILD_Expanding": null

2019-08-24 12:11:28 - [TEST_STEP][PASSED] - wild[1] = "WILD_Normal": null

2019-08-24 12:11:28 - [TEST_STEP][PASSED] - wild[2] = "WILD_Double": null

2019-08-24 12:11:28 - [TEST_STEP][PASSED] - wild[3] = "WILD_ExtraFG": null

2019-08-24 12:11:28 - [TEST_STEP][PASSED] - wild[4] = "WILD_Triple": null

2019-08-24 12:11:28 - [TEST_STEP][PASSED] - wildList = Arrays.asList(wild): null

2019-08-24 12:11:28 - [TEST_STEP][PASSED] - wildList = wildList: null

2019-08-24 12:11:28 - [TEST_STEP][PASSED] - free_spin_reel_counter = []: null

2019-08-24 12:11:28 - [TEST_STEP][PASSED] - free_spin_reel_counter[0] = 0: null

2019-08-24 12:11:28 - [TEST_STEP][PASSED] - free_spin_reel_counter[1] = 0: null

2019-08-24 12:11:28 - [TEST_STEP][PASSED] - free_spin_reel_counter[2] = 0: null

2019-08-24 12:11:28 - [TEST_STEP][PASSED] - M4_spin_reels = reels: null

2019-08-24 12:11:28 - [TEST_STEP][PASSED] - for ([i = 0, i &lt; M4_spin_reels.size(), (i++)]): null

2019-08-24 12:11:28 - [TEST_STEP][PASSED] - symbols = symbols: null

2019-08-24 12:11:28 - [TEST_STEP][PASSED] - for ([j = 0, j &lt; symbols.size(), (j++)]): null

2019-08-24 12:11:28 - [TEST_STEP][PASSED] - symbol = symbol: null

2019-08-24 12:11:28 - [TEST_STEP][PASSED] - println(symbol): null

2019-08-24 12:11:28 - [TEST_STEP][PASSED] - if (i == 2 &amp;&amp; wildList.indexOf(symbol) != -1): null

2019-08-24 12:11:28 - [TEST_STEP][PASSED] - if (i == 3 &amp;&amp; wildList.indexOf(symbol) != -1): null

2019-08-24 12:11:28 - [TEST_STEP][PASSED] - if (i == 4 &amp;&amp; wildList.indexOf(symbol) != -1): null

2019-08-24 12:11:28 - [TEST_STEP][PASSED] - symbol = symbol: null

2019-08-24 12:11:28 - [TEST_STEP][PASSED] - println(symbol): null

2019-08-24 12:11:28 - [TEST_STEP][PASSED] - if (i == 2 &amp;&amp; wildList.indexOf(symbol) != -1): null

2019-08-24 12:11:28 - [TEST_STEP][PASSED] - if (i == 3 &amp;&amp; wildList.indexOf(symbol) != -1): null

2019-08-24 12:11:28 - [TEST_STEP][PASSED] - if (i == 4 &amp;&amp; wildList.indexOf(symbol) != -1): null

2019-08-24 12:11:28 - [TEST_STEP][PASSED] - symbol = symbol: null

2019-08-24 12:11:28 - [TEST_STEP][PASSED] - println(symbol): null

2019-08-24 12:11:28 - [TEST_STEP][PASSED] - if (i == 2 &amp;&amp; wildList.indexOf(symbol) != -1): null

2019-08-24 12:11:28 - [TEST_STEP][PASSED] - if (i == 3 &amp;&amp; wildList.indexOf(symbol) != -1): null

2019-08-24 12:11:28 - [TEST_STEP][PASSED] - if (i == 4 &amp;&amp; wildList.indexOf(symbol) != -1): null

2019-08-24 12:11:28 - [TEST_STEP][PASSED] - symbols = symbols: null

2019-08-24 12:11:28 - [TEST_STEP][PASSED] - for ([j = 0, j &lt; symbols.size(), (j++)]): null

2019-08-24 12:11:28 - [TEST_STEP][PASSED] - symbol = symbol: null

2019-08-24 12:11:28 - [TEST_STEP][PASSED] - println(symbol): null

2019-08-24 12:11:28 - [TEST_STEP][PASSED] - if (i == 2 &amp;&amp; wildList.indexOf(symbol) != -1): null

2019-08-24 12:11:28 - [TEST_STEP][PASSED] - if (i == 3 &amp;&amp; wildList.indexOf(symbol) != -1): null

2019-08-24 12:11:28 - [TEST_STEP][PASSED] - if (i == 4 &amp;&amp; wildList.indexOf(symbol) != -1): null

2019-08-24 12:11:28 - [TEST_STEP][PASSED] - symbol = symbol: null

2019-08-24 12:11:28 - [TEST_STEP][PASSED] - println(symbol): null

2019-08-24 12:11:28 - [TEST_STEP][PASSED] - if (i == 2 &amp;&amp; wildList.indexOf(symbol) != -1): null

2019-08-24 12:11:28 - [TEST_STEP][PASSED] - if (i == 3 &amp;&amp; wildList.indexOf(symbol) != -1): null

2019-08-24 12:11:28 - [TEST_STEP][PASSED] - if (i == 4 &amp;&amp; wildList.indexOf(symbol) != -1): null

2019-08-24 12:11:28 - [TEST_STEP][PASSED] - symbol = symbol: null

2019-08-24 12:11:28 - [TEST_STEP][PASSED] - println(symbol): null

2019-08-24 12:11:28 - [TEST_STEP][PASSED] - if (i == 2 &amp;&amp; wildList.indexOf(symbol) != -1): null

2019-08-24 12:11:28 - [TEST_STEP][PASSED] - if (i == 3 &amp;&amp; wildList.indexOf(symbol) != -1): null

2019-08-24 12:11:28 - [TEST_STEP][PASSED] - if (i == 4 &amp;&amp; wildList.indexOf(symbol) != -1): null

2019-08-24 12:11:28 - [TEST_STEP][PASSED] - symbols = symbols: null

2019-08-24 12:11:28 - [TEST_STEP][PASSED] - for ([j = 0, j &lt; symbols.size(), (j++)]): null

2019-08-24 12:11:28 - [TEST_STEP][PASSED] - symbol = symbol: null

2019-08-24 12:11:28 - [TEST_STEP][PASSED] - println(symbol): null

2019-08-24 12:11:28 - [TEST_STEP][PASSED] - if (i == 2 &amp;&amp; wildList.indexOf(symbol) != -1): null

2019-08-24 12:11:28 - [TEST_STEP][PASSED] - if (i == 3 &amp;&amp; wildList.indexOf(symbol) != -1): null

2019-08-24 12:11:28 - [TEST_STEP][PASSED] - if (i == 4 &amp;&amp; wildList.indexOf(symbol) != -1): null

2019-08-24 12:11:28 - [TEST_STEP][PASSED] - symbol = symbol: null

2019-08-24 12:11:28 - [TEST_STEP][PASSED] - println(symbol): null

2019-08-24 12:11:28 - [TEST_STEP][PASSED] - if (i == 2 &amp;&amp; wildList.indexOf(symbol) != -1): null

2019-08-24 12:11:28 - [TEST_STEP][PASSED] - if (i == 3 &amp;&amp; wildList.indexOf(symbol) != -1): null

2019-08-24 12:11:28 - [TEST_STEP][PASSED] - if (i == 4 &amp;&amp; wildList.indexOf(symbol) != -1): null

2019-08-24 12:11:28 - [TEST_STEP][PASSED] - symbol = symbol: null

2019-08-24 12:11:28 - [TEST_STEP][PASSED] - println(symbol): null

2019-08-24 12:11:28 - [TEST_STEP][PASSED] - if (i == 2 &amp;&amp; wildList.indexOf(symbol) != -1): null

2019-08-24 12:11:28 - [TEST_STEP][PASSED] - if (i == 3 &amp;&amp; wildList.indexOf(symbol) != -1): null

2019-08-24 12:11:28 - [TEST_STEP][PASSED] - if (i == 4 &amp;&amp; wildList.indexOf(symbol) != -1): null

2019-08-24 12:11:28 - [TEST_STEP][PASSED] - symbols = symbols: null

2019-08-24 12:11:28 - [TEST_STEP][PASSED] - for ([j = 0, j &lt; symbols.size(), (j++)]): null

2019-08-24 12:11:28 - [TEST_STEP][PASSED] - symbol = symbol: null

2019-08-24 12:11:28 - [TEST_STEP][PASSED] - println(symbol): null

2019-08-24 12:11:28 - [TEST_STEP][PASSED] - if (i == 2 &amp;&amp; wildList.indexOf(symbol) != -1): null

2019-08-24 12:11:28 - [TEST_STEP][PASSED] - if (i == 3 &amp;&amp; wildList.indexOf(symbol) != -1): null

2019-08-24 12:11:28 - [TEST_STEP][PASSED] - if (i == 4 &amp;&amp; wildList.indexOf(symbol) != -1): null

2019-08-24 12:11:28 - [TEST_STEP][PASSED] - symbol = symbol: null

2019-08-24 12:11:28 - [TEST_STEP][PASSED] - println(symbol): null

2019-08-24 12:11:28 - [TEST_STEP][PASSED] - if (i == 2 &amp;&amp; wildList.indexOf(symbol) != -1): null

2019-08-24 12:11:28 - [TEST_STEP][PASSED] - if (i == 3 &amp;&amp; wildList.indexOf(symbol) != -1): null

2019-08-24 12:11:28 - [TEST_STEP][PASSED] - if (i == 4 &amp;&amp; wildList.indexOf(symbol) != -1): null

2019-08-24 12:11:28 - [TEST_STEP][PASSED] - symbol = symbol: null

2019-08-24 12:11:28 - [TEST_STEP][PASSED] - println(symbol): null

2019-08-24 12:11:28 - [TEST_STEP][PASSED] - if (i == 2 &amp;&amp; wildList.indexOf(symbol) != -1): null

2019-08-24 12:11:28 - [TEST_STEP][PASSED] - if (i == 3 &amp;&amp; wildList.indexOf(symbol) != -1): null

2019-08-24 12:11:28 - [TEST_STEP][PASSED] - println("wild found on reel 4, adding counter by 1"): null

2019-08-24 12:11:28 - [TEST_STEP][PASSED] - free_spin_reel_counter[1] = free_spin_reel_counter[1] + 1: null

2019-08-24 12:11:28 - [TEST_STEP][PASSED] - if (i == 4 &amp;&amp; wildList.indexOf(symbol) != -1): null

2019-08-24 12:11:28 - [TEST_STEP][PASSED] - symbols = symbols: null

2019-08-24 12:11:28 - [TEST_STEP][PASSED] - for ([j = 0, j &lt; symbols.size(), (j++)]): null

2019-08-24 12:11:28 - [TEST_STEP][PASSED] - symbol = symbol: null

2019-08-24 12:11:28 - [TEST_STEP][PASSED] - println(symbol): null

2019-08-24 12:11:28 - [TEST_STEP][PASSED] - if (i == 2 &amp;&amp; wildList.indexOf(symbol) != -1): null

2019-08-24 12:11:28 - [TEST_STEP][PASSED] - if (i == 3 &amp;&amp; wildList.indexOf(symbol) != -1): null

2019-08-24 12:11:28 - [TEST_STEP][PASSED] - if (i == 4 &amp;&amp; wildList.indexOf(symbol) != -1): null

2019-08-24 12:11:28 - [TEST_STEP][PASSED] - symbol = symbol: null

2019-08-24 12:11:28 - [TEST_STEP][PASSED] - println(symbol): null

2019-08-24 12:11:28 - [TEST_STEP][PASSED] - if (i == 2 &amp;&amp; wildList.indexOf(symbol) != -1): null

2019-08-24 12:11:28 - [TEST_STEP][PASSED] - if (i == 3 &amp;&amp; wildList.indexOf(symbol) != -1): null

2019-08-24 12:11:28 - [TEST_STEP][PASSED] - if (i == 4 &amp;&amp; wildList.indexOf(symbol) != -1): null

2019-08-24 12:11:28 - [TEST_STEP][PASSED] - symbol = symbol: null

2019-08-24 12:11:28 - [TEST_STEP][PASSED] - println(symbol): null

2019-08-24 12:11:28 - [TEST_STEP][PASSED] - if (i == 2 &amp;&amp; wildList.indexOf(symbol) != -1): null

2019-08-24 12:11:28 - [TEST_STEP][PASSED] - if (i == 3 &amp;&amp; wildList.indexOf(symbol) != -1): null

2019-08-24 12:11:28 - [TEST_STEP][PASSED] - if (i == 4 &amp;&amp; wildList.indexOf(symbol) != -1): null

2019-08-24 12:11:28 - [TEST_STEP][PASSED] - free_spin_reel_counter = free_spin_reel_counter: null

2019-08-24 12:11:28 - [TEST_STEP][PASSED] - println("reel 3 wild found: " + free_spin_reel_counter[0]): null

2019-08-24 12:11:28 - [TEST_STEP][PASSED] - println("reel 4 wild found: " + free_spin_reel_counter[1]): null

2019-08-24 12:11:28 - [TEST_STEP][PASSED] - println("reel 5 wild found: " + free_spin_reel_counter[2]): null

2019-08-24 12:11:28 - [TEST_STEP][PASSED] - M4_spin_reels = M4_spin_reels: null

2019-08-24 12:11:28 - [TEST_STEP][PASSED] - M4_spin_reels_symbols = symbol: null

2019-08-24 12:11:28 - [TEST_STEP][PASSED] - M4_spin_reels_symbols = M4_spin_reels_symbols: null

2019-08-24 12:11:28 - [TEST_STEP][PASSED] - M4_spin_reel_wins = reel_wins: null

2019-08-24 12:11:28 - [TEST_STEP][PASSED] - M4_spin_reel_wins = M4_spin_reel_wins: null

2019-08-24 12:11:28 - [TEST_STEP][PASSED] - println("GlobalVariable.M4_spin_reel_wins is: " + M4_spin_reel_wins): null

2019-08-24 12:11:28 - [TEST_STEP][PASSED] - M4_spin_total_bonus_win_this_round = total_bonus_win_this_round: null

2019-08-24 12:11:28 - [TEST_STEP][PASSED] - M4_spin_total_bonus_win_this_round = M4_spin_total_bonus_win_this_round: null

2019-08-24 12:11:28 - [TEST_STEP][PASSED] - println("GlobalVariable.M4_spin_total_bonus_win_this_round is: " + M4_spin_total_bonus_win_this_round): null

2019-08-24 12:11:28 - [TEST_STEP][PASSED] - M4_spin_bonus_spin_result = spin_result: null

2019-08-24 12:11:28 - [TEST_STEP][PASSED] - M4_spin_bonus_spin_result = M4_spin_bonus_spin_result: null

2019-08-24 12:11:28 - [MESSAGE][PASSED] - Verify response successfully

2019-08-24 12:11:28 - [MESSAGE][PASSED] - Send request and verify the response successfully

2019-08-24 12:11:28 - [TEST_STEP][PASSED] - if (M4_total_bonus_spins_int != 0 &amp;&amp; M4_spin_reels_symbols[2].contains("WILD_ExtraFG") || M4_spin_reels_symbols[3].contains("WILD_ExtraFG")): null

2019-08-24 12:11:28 - [TEST_STEP][PASSED] - free_spin_reel_counter = free_spin_reel_counter: null

2019-08-24 12:11:28 - [TEST_STEP][PASSED] - M4_spin_reels_symbols = M4_spin_reels_symbols: null

2019-08-24 12:11:28 - [TEST_STEP][PASSED] - M4_total_bonus_spins = M4_total_bonus_spins: null

2019-08-24 12:11:28 - [TEST_STEP][PASSED] - spin_result = sendRequestAndVerify(findTestObject("INT/RGS(M4)/1_M4_spin", ["M4_login_user_id":M4_login_user_id, "rgs_session_token":rgs_session_token, "partner":Partner])): Send request and verify the response successfully

2019-08-24 12:11:29 - [MESSAGE][INFO] - HAR: /Users/eiralee/Katalon_Script/SuperWild/Reports/20190824_120919/INT/superWild_3/20190824_120919/requests/main/37.har

2019-08-24 12:11:29 - [TEST_CASE][PASSED] - Start Test Case : Verification: Verification accomplished successfully

2019-08-24 12:11:29 - [TEST_STEP][PASSED] - request = getInstance().getCurrentRequest(): null

2019-08-24 12:11:29 - [TEST_STEP][PASSED] - response = getInstance().getCurrentResponse(): null

2019-08-24 12:11:29 - [TEST_STEP][PASSED] - verifyResponseStatusCode(response, 200): Verify response status code successfully

2019-08-24 12:11:29 - [MESSAGE][PASSED] - Verify response status code successfully

2019-08-24 12:11:29 - [TEST_STEP][PASSED] - getStatusCode()).isEqualTo(200): null

2019-08-24 12:11:29 - [TEST_STEP][PASSED] - newline = System.getProperty("line.separator"): null

2019-08-24 12:11:29 - [TEST_STEP][PASSED] - M4_spin = new groovy.json.JsonSlurper(): null

2019-08-24 12:11:29 - [TEST_STEP][PASSED] - result_M4_spin = M4_spin.parseText(response.getResponseBodyContent()): null

2019-08-24 12:11:29 - [TEST_STEP][PASSED] - M4_spin_current_balance = current_balance: null

2019-08-24 12:11:29 - [TEST_STEP][PASSED] - M4_spin_current_balance = M4_spin_current_balance: null

2019-08-24 12:11:29 - [TEST_STEP][PASSED] - M4_spin_transaction_id = causality: null

2019-08-24 12:11:29 - [TEST_STEP][PASSED] - M4_spin_transaction_id = M4_spin_transaction_id: null

2019-08-24 12:11:29 - [TEST_STEP][PASSED] - M4_spin_round_id = round_id: null

2019-08-24 12:11:29 - [TEST_STEP][PASSED] - M4_spin_round_id = M4_spin_round_id: null

2019-08-24 12:11:29 - [TEST_STEP][PASSED] - M4_spin_line_wins = line_wins: null

2019-08-24 12:11:29 - [TEST_STEP][PASSED] - M4_spin_line_wins = M4_spin_line_wins: null

2019-08-24 12:11:29 - [TEST_STEP][PASSED] - M4_total_bonus_spins_int = total_bonus_spins: null

2019-08-24 12:11:29 - [TEST_STEP][PASSED] - println("******M4_total_bonus_spins type is:*******" + newline + getClass().getName()): null

2019-08-24 12:11:29 - [TEST_STEP][PASSED] - M4_total_bonus_spins_int = M4_total_bonus_spins_int: null

2019-08-24 12:11:29 - [TEST_STEP][PASSED] - M4_total_bonus_spins = Integer.toString(M4_total_bonus_spins_int): null

2019-08-24 12:11:29 - [TEST_STEP][PASSED] - M4_total_bonus_spins = M4_total_bonus_spins: null

2019-08-24 12:11:29 - [TEST_STEP][PASSED] - println("M4_total_bonus_spins is:" + M4_total_bonus_spins): null

2019-08-24 12:11:29 - [TEST_STEP][PASSED] - M4_spin_bonus_data = bonus_data: null

2019-08-24 12:11:29 - [TEST_STEP][PASSED] - M4_spin_features_triggered = result_M4_spin: null

2019-08-24 12:11:29 - [TEST_STEP][PASSED] - wild = []: null

2019-08-24 12:11:29 - [TEST_STEP][PASSED] - wild[0] = "WILD_Expanding": null

2019-08-24 12:11:29 - [TEST_STEP][PASSED] - wild[1] = "WILD_Normal": null

2019-08-24 12:11:29 - [TEST_STEP][PASSED] - wild[2] = "WILD_Double": null

2019-08-24 12:11:29 - [TEST_STEP][PASSED] - wild[3] = "WILD_ExtraFG": null

2019-08-24 12:11:29 - [TEST_STEP][PASSED] - wild[4] = "WILD_Triple": null

2019-08-24 12:11:29 - [TEST_STEP][PASSED] - wildList = Arrays.asList(wild): null

2019-08-24 12:11:29 - [TEST_STEP][PASSED] - wildList = wildList: null

2019-08-24 12:11:29 - [TEST_STEP][PASSED] - free_spin_reel_counter = []: null

2019-08-24 12:11:29 - [TEST_STEP][PASSED] - free_spin_reel_counter[0] = 0: null

2019-08-24 12:11:29 - [TEST_STEP][PASSED] - free_spin_reel_counter[1] = 0: null

2019-08-24 12:11:29 - [TEST_STEP][PASSED] - free_spin_reel_counter[2] = 0: null

2019-08-24 12:11:29 - [TEST_STEP][PASSED] - M4_spin_reels = reels: null

2019-08-24 12:11:29 - [TEST_STEP][PASSED] - for ([i = 0, i &lt; M4_spin_reels.size(), (i++)]): null

2019-08-24 12:11:29 - [TEST_STEP][PASSED] - symbols = symbols: null

2019-08-24 12:11:29 - [TEST_STEP][PASSED] - for ([j = 0, j &lt; symbols.size(), (j++)]): null

2019-08-24 12:11:29 - [TEST_STEP][PASSED] - symbol = symbol: null

2019-08-24 12:11:29 - [TEST_STEP][PASSED] - println(symbol): null

2019-08-24 12:11:29 - [TEST_STEP][PASSED] - if (i == 2 &amp;&amp; wildList.indexOf(symbol) != -1): null

2019-08-24 12:11:29 - [TEST_STEP][PASSED] - if (i == 3 &amp;&amp; wildList.indexOf(symbol) != -1): null

2019-08-24 12:11:29 - [TEST_STEP][PASSED] - if (i == 4 &amp;&amp; wildList.indexOf(symbol) != -1): null

2019-08-24 12:11:29 - [TEST_STEP][PASSED] - symbol = symbol: null

2019-08-24 12:11:29 - [TEST_STEP][PASSED] - println(symbol): null

2019-08-24 12:11:29 - [TEST_STEP][PASSED] - if (i == 2 &amp;&amp; wildList.indexOf(symbol) != -1): null

2019-08-24 12:11:29 - [TEST_STEP][PASSED] - if (i == 3 &amp;&amp; wildList.indexOf(symbol) != -1): null

2019-08-24 12:11:29 - [TEST_STEP][PASSED] - if (i == 4 &amp;&amp; wildList.indexOf(symbol) != -1): null

2019-08-24 12:11:29 - [TEST_STEP][PASSED] - symbol = symbol: null

2019-08-24 12:11:29 - [TEST_STEP][PASSED] - println(symbol): null

2019-08-24 12:11:29 - [TEST_STEP][PASSED] - if (i == 2 &amp;&amp; wildList.indexOf(symbol) != -1): null

2019-08-24 12:11:29 - [TEST_STEP][PASSED] - if (i == 3 &amp;&amp; wildList.indexOf(symbol) != -1): null

2019-08-24 12:11:29 - [TEST_STEP][PASSED] - if (i == 4 &amp;&amp; wildList.indexOf(symbol) != -1): null

2019-08-24 12:11:29 - [TEST_STEP][PASSED] - symbols = symbols: null

2019-08-24 12:11:29 - [TEST_STEP][PASSED] - for ([j = 0, j &lt; symbols.size(), (j++)]): null

2019-08-24 12:11:29 - [TEST_STEP][PASSED] - symbol = symbol: null

2019-08-24 12:11:29 - [TEST_STEP][PASSED] - println(symbol): null

2019-08-24 12:11:29 - [TEST_STEP][PASSED] - if (i == 2 &amp;&amp; wildList.indexOf(symbol) != -1): null

2019-08-24 12:11:29 - [TEST_STEP][PASSED] - if (i == 3 &amp;&amp; wildList.indexOf(symbol) != -1): null

2019-08-24 12:11:29 - [TEST_STEP][PASSED] - if (i == 4 &amp;&amp; wildList.indexOf(symbol) != -1): null

2019-08-24 12:11:29 - [TEST_STEP][PASSED] - symbol = symbol: null

2019-08-24 12:11:29 - [TEST_STEP][PASSED] - println(symbol): null

2019-08-24 12:11:29 - [TEST_STEP][PASSED] - if (i == 2 &amp;&amp; wildList.indexOf(symbol) != -1): null

2019-08-24 12:11:29 - [TEST_STEP][PASSED] - if (i == 3 &amp;&amp; wildList.indexOf(symbol) != -1): null

2019-08-24 12:11:29 - [TEST_STEP][PASSED] - if (i == 4 &amp;&amp; wildList.indexOf(symbol) != -1): null

2019-08-24 12:11:29 - [TEST_STEP][PASSED] - symbol = symbol: null

2019-08-24 12:11:29 - [TEST_STEP][PASSED] - println(symbol): null

2019-08-24 12:11:29 - [TEST_STEP][PASSED] - if (i == 2 &amp;&amp; wildList.indexOf(symbol) != -1): null

2019-08-24 12:11:29 - [TEST_STEP][PASSED] - if (i == 3 &amp;&amp; wildList.indexOf(symbol) != -1): null

2019-08-24 12:11:29 - [TEST_STEP][PASSED] - if (i == 4 &amp;&amp; wildList.indexOf(symbol) != -1): null

2019-08-24 12:11:29 - [TEST_STEP][PASSED] - symbols = symbols: null

2019-08-24 12:11:29 - [TEST_STEP][PASSED] - for ([j = 0, j &lt; symbols.size(), (j++)]): null

2019-08-24 12:11:29 - [TEST_STEP][PASSED] - symbol = symbol: null

2019-08-24 12:11:29 - [TEST_STEP][PASSED] - println(symbol): null

2019-08-24 12:11:29 - [TEST_STEP][PASSED] - if (i == 2 &amp;&amp; wildList.indexOf(symbol) != -1): null

2019-08-24 12:11:29 - [TEST_STEP][PASSED] - if (i == 3 &amp;&amp; wildList.indexOf(symbol) != -1): null

2019-08-24 12:11:29 - [TEST_STEP][PASSED] - if (i == 4 &amp;&amp; wildList.indexOf(symbol) != -1): null

2019-08-24 12:11:29 - [TEST_STEP][PASSED] - symbol = symbol: null

2019-08-24 12:11:29 - [TEST_STEP][PASSED] - println(symbol): null

2019-08-24 12:11:29 - [TEST_STEP][PASSED] - if (i == 2 &amp;&amp; wildList.indexOf(symbol) != -1): null

2019-08-24 12:11:29 - [TEST_STEP][PASSED] - if (i == 3 &amp;&amp; wildList.indexOf(symbol) != -1): null

2019-08-24 12:11:29 - [TEST_STEP][PASSED] - if (i == 4 &amp;&amp; wildList.indexOf(symbol) != -1): null

2019-08-24 12:11:29 - [TEST_STEP][PASSED] - symbol = symbol: null

2019-08-24 12:11:29 - [TEST_STEP][PASSED] - println(symbol): null

2019-08-24 12:11:29 - [TEST_STEP][PASSED] - if (i == 2 &amp;&amp; wildList.indexOf(symbol) != -1): null

2019-08-24 12:11:29 - [TEST_STEP][PASSED] - if (i == 3 &amp;&amp; wildList.indexOf(symbol) != -1): null

2019-08-24 12:11:29 - [TEST_STEP][PASSED] - if (i == 4 &amp;&amp; wildList.indexOf(symbol) != -1): null

2019-08-24 12:11:29 - [TEST_STEP][PASSED] - symbols = symbols: null

2019-08-24 12:11:29 - [TEST_STEP][PASSED] - for ([j = 0, j &lt; symbols.size(), (j++)]): null

2019-08-24 12:11:29 - [TEST_STEP][PASSED] - symbol = symbol: null

2019-08-24 12:11:29 - [TEST_STEP][PASSED] - println(symbol): null

2019-08-24 12:11:29 - [TEST_STEP][PASSED] - if (i == 2 &amp;&amp; wildList.indexOf(symbol) != -1): null

2019-08-24 12:11:29 - [TEST_STEP][PASSED] - if (i == 3 &amp;&amp; wildList.indexOf(symbol) != -1): null

2019-08-24 12:11:29 - [TEST_STEP][PASSED] - if (i == 4 &amp;&amp; wildList.indexOf(symbol) != -1): null

2019-08-24 12:11:29 - [TEST_STEP][PASSED] - symbol = symbol: null

2019-08-24 12:11:29 - [TEST_STEP][PASSED] - println(symbol): null

2019-08-24 12:11:29 - [TEST_STEP][PASSED] - if (i == 2 &amp;&amp; wildList.indexOf(symbol) != -1): null

2019-08-24 12:11:29 - [TEST_STEP][PASSED] - if (i == 3 &amp;&amp; wildList.indexOf(symbol) != -1): null

2019-08-24 12:11:29 - [TEST_STEP][PASSED] - println("wild found on reel 4, adding counter by 1"): null

2019-08-24 12:11:29 - [TEST_STEP][PASSED] - free_spin_reel_counter[1] = free_spin_reel_counter[1] + 1: null

2019-08-24 12:11:29 - [TEST_STEP][PASSED] - if (i == 4 &amp;&amp; wildList.indexOf(symbol) != -1): null

2019-08-24 12:11:29 - [TEST_STEP][PASSED] - symbol = symbol: null

2019-08-24 12:11:29 - [TEST_STEP][PASSED] - println(symbol): null

2019-08-24 12:11:29 - [TEST_STEP][PASSED] - if (i == 2 &amp;&amp; wildList.indexOf(symbol) != -1): null

2019-08-24 12:11:29 - [TEST_STEP][PASSED] - if (i == 3 &amp;&amp; wildList.indexOf(symbol) != -1): null

2019-08-24 12:11:29 - [TEST_STEP][PASSED] - if (i == 4 &amp;&amp; wildList.indexOf(symbol) != -1): null

2019-08-24 12:11:29 - [TEST_STEP][PASSED] - symbols = symbols: null

2019-08-24 12:11:29 - [TEST_STEP][PASSED] - for ([j = 0, j &lt; symbols.size(), (j++)]): null

2019-08-24 12:11:29 - [TEST_STEP][PASSED] - symbol = symbol: null

2019-08-24 12:11:29 - [TEST_STEP][PASSED] - println(symbol): null

2019-08-24 12:11:29 - [TEST_STEP][PASSED] - if (i == 2 &amp;&amp; wildList.indexOf(symbol) != -1): null

2019-08-24 12:11:29 - [TEST_STEP][PASSED] - if (i == 3 &amp;&amp; wildList.indexOf(symbol) != -1): null

2019-08-24 12:11:29 - [TEST_STEP][PASSED] - if (i == 4 &amp;&amp; wildList.indexOf(symbol) != -1): null

2019-08-24 12:11:29 - [TEST_STEP][PASSED] - symbol = symbol: null

2019-08-24 12:11:29 - [TEST_STEP][PASSED] - println(symbol): null

2019-08-24 12:11:29 - [TEST_STEP][PASSED] - if (i == 2 &amp;&amp; wildList.indexOf(symbol) != -1): null

2019-08-24 12:11:29 - [TEST_STEP][PASSED] - if (i == 3 &amp;&amp; wildList.indexOf(symbol) != -1): null

2019-08-24 12:11:29 - [TEST_STEP][PASSED] - if (i == 4 &amp;&amp; wildList.indexOf(symbol) != -1): null

2019-08-24 12:11:29 - [TEST_STEP][PASSED] - symbol = symbol: null

2019-08-24 12:11:29 - [TEST_STEP][PASSED] - println(symbol): null

2019-08-24 12:11:29 - [TEST_STEP][PASSED] - if (i == 2 &amp;&amp; wildList.indexOf(symbol) != -1): null

2019-08-24 12:11:29 - [TEST_STEP][PASSED] - if (i == 3 &amp;&amp; wildList.indexOf(symbol) != -1): null

2019-08-24 12:11:29 - [TEST_STEP][PASSED] - if (i == 4 &amp;&amp; wildList.indexOf(symbol) != -1): null

2019-08-24 12:11:29 - [TEST_STEP][PASSED] - free_spin_reel_counter = free_spin_reel_counter: null

2019-08-24 12:11:29 - [TEST_STEP][PASSED] - println("reel 3 wild found: " + free_spin_reel_counter[0]): null

2019-08-24 12:11:29 - [TEST_STEP][PASSED] - println("reel 4 wild found: " + free_spin_reel_counter[1]): null

2019-08-24 12:11:33 - [TEST_STEP][PASSED] - println("reel 5 wild found: " + free_spin_reel_counter[2]): null

2019-08-24 12:11:33 - [TEST_STEP][PASSED] - M4_spin_reels = M4_spin_reels: null

2019-08-24 12:11:33 - [TEST_STEP][PASSED] - M4_spin_reels_symbols = symbol: null

2019-08-24 12:11:33 - [TEST_STEP][PASSED] - M4_spin_reels_symbols = M4_spin_reels_symbols: null

2019-08-24 12:11:33 - [TEST_STEP][PASSED] - M4_spin_reel_wins = reel_wins: null

2019-08-24 12:11:33 - [TEST_STEP][PASSED] - M4_spin_reel_wins = M4_spin_reel_wins: null

2019-08-24 12:11:33 - [TEST_STEP][PASSED] - println("GlobalVariable.M4_spin_reel_wins is: " + M4_spin_reel_wins): null

2019-08-24 12:11:33 - [TEST_STEP][PASSED] - M4_spin_total_bonus_win_this_round = total_bonus_win_this_round: null

2019-08-24 12:11:33 - [TEST_STEP][PASSED] - M4_spin_total_bonus_win_this_round = M4_spin_total_bonus_win_this_round: null

2019-08-24 12:11:33 - [TEST_STEP][PASSED] - println("GlobalVariable.M4_spin_total_bonus_win_this_round is: " + M4_spin_total_bonus_win_this_round): null

2019-08-24 12:11:35 - [TEST_STEP][PASSED] - M4_spin_bonus_spin_result = spin_result: null

2019-08-24 12:11:35 - [TEST_STEP][PASSED] - M4_spin_bonus_spin_result = M4_spin_bonus_spin_result: null

2019-08-24 12:11:35 - [MESSAGE][PASSED] - Verify response successfully

2019-08-24 12:11:35 - [MESSAGE][PASSED] - Send request and verify the response successfully

2019-08-24 12:11:35 - [TEST_STEP][PASSED] - if (M4_total_bonus_spins_int != 0 &amp;&amp; M4_spin_reels_symbols[2].contains("WILD_ExtraFG") || M4_spin_reels_symbols[3].contains("WILD_ExtraFG")): null

2019-08-24 12:11:35 - [TEST_STEP][PASSED] - free_spin_reel_counter = free_spin_reel_counter: null

2019-08-24 12:11:35 - [TEST_STEP][PASSED] - M4_spin_reels_symbols = M4_spin_reels_symbols: null

2019-08-24 12:11:35 - [TEST_STEP][PASSED] - M4_total_bonus_spins = M4_total_bonus_spins: null

2019-08-24 12:11:35 - [TEST_STEP][PASSED] - spin_result = sendRequestAndVerify(findTestObject("INT/RGS(M4)/1_M4_spin", ["M4_login_user_id":M4_login_user_id, "rgs_session_token":rgs_session_token, "partner":Partner])): Send request and verify the response successfully

2019-08-24 12:11:36 - [MESSAGE][INFO] - HAR: /Users/eiralee/Katalon_Script/SuperWild/Reports/20190824_120919/INT/superWild_3/20190824_120919/requests/main/38.har

2019-08-24 12:11:36 - [TEST_CASE][PASSED] - Start Test Case : Verification: Verification accomplished successfully

2019-08-24 12:11:36 - [TEST_STEP][PASSED] - request = getInstance().getCurrentRequest(): null

2019-08-24 12:11:36 - [TEST_STEP][PASSED] - response = getInstance().getCurrentResponse(): null

2019-08-24 12:11:36 - [TEST_STEP][PASSED] - verifyResponseStatusCode(response, 200): Verify response status code successfully

2019-08-24 12:11:36 - [MESSAGE][PASSED] - Verify response status code successfully

2019-08-24 12:11:36 - [TEST_STEP][PASSED] - getStatusCode()).isEqualTo(200): null

2019-08-24 12:11:36 - [TEST_STEP][PASSED] - newline = System.getProperty("line.separator"): null

2019-08-24 12:11:36 - [TEST_STEP][PASSED] - M4_spin = new groovy.json.JsonSlurper(): null

2019-08-24 12:11:36 - [TEST_STEP][PASSED] - result_M4_spin = M4_spin.parseText(response.getResponseBodyContent()): null

2019-08-24 12:11:36 - [TEST_STEP][PASSED] - M4_spin_current_balance = current_balance: null

2019-08-24 12:11:36 - [TEST_STEP][PASSED] - M4_spin_current_balance = M4_spin_current_balance: null

2019-08-24 12:11:36 - [TEST_STEP][PASSED] - M4_spin_transaction_id = causality: null

2019-08-24 12:11:36 - [TEST_STEP][PASSED] - M4_spin_transaction_id = M4_spin_transaction_id: null

2019-08-24 12:11:36 - [TEST_STEP][PASSED] - M4_spin_round_id = round_id: null

2019-08-24 12:11:36 - [TEST_STEP][PASSED] - M4_spin_round_id = M4_spin_round_id: null

2019-08-24 12:11:36 - [TEST_STEP][PASSED] - M4_spin_line_wins = line_wins: null

2019-08-24 12:11:36 - [TEST_STEP][PASSED] - M4_spin_line_wins = M4_spin_line_wins: null

2019-08-24 12:11:36 - [TEST_STEP][PASSED] - M4_total_bonus_spins_int = total_bonus_spins: null

2019-08-24 12:11:36 - [TEST_STEP][PASSED] - println("******M4_total_bonus_spins type is:*******" + newline + getClass().getName()): null

2019-08-24 12:11:36 - [TEST_STEP][PASSED] - M4_total_bonus_spins_int = M4_total_bonus_spins_int: null

2019-08-24 12:11:36 - [TEST_STEP][PASSED] - M4_total_bonus_spins = Integer.toString(M4_total_bonus_spins_int): null

2019-08-24 12:11:36 - [TEST_STEP][PASSED] - M4_total_bonus_spins = M4_total_bonus_spins: null

2019-08-24 12:11:36 - [TEST_STEP][PASSED] - println("M4_total_bonus_spins is:" + M4_total_bonus_spins): null

2019-08-24 12:11:36 - [TEST_STEP][PASSED] - M4_spin_bonus_data = bonus_data: null

2019-08-24 12:11:36 - [TEST_STEP][PASSED] - M4_spin_features_triggered = result_M4_spin: null

2019-08-24 12:11:36 - [TEST_STEP][PASSED] - wild = []: null

2019-08-24 12:11:36 - [TEST_STEP][PASSED] - wild[0] = "WILD_Expanding": null

2019-08-24 12:11:36 - [TEST_STEP][PASSED] - wild[1] = "WILD_Normal": null

2019-08-24 12:11:36 - [TEST_STEP][PASSED] - wild[2] = "WILD_Double": null

2019-08-24 12:11:36 - [TEST_STEP][PASSED] - wild[3] = "WILD_ExtraFG": null

2019-08-24 12:11:36 - [TEST_STEP][PASSED] - wild[4] = "WILD_Triple": null

2019-08-24 12:11:36 - [TEST_STEP][PASSED] - wildList = Arrays.asList(wild): null

2019-08-24 12:11:36 - [TEST_STEP][PASSED] - wildList = wildList: null

2019-08-24 12:11:36 - [TEST_STEP][PASSED] - free_spin_reel_counter = []: null

2019-08-24 12:11:36 - [TEST_STEP][PASSED] - free_spin_reel_counter[0] = 0: null

2019-08-24 12:11:36 - [TEST_STEP][PASSED] - free_spin_reel_counter[1] = 0: null

2019-08-24 12:11:36 - [TEST_STEP][PASSED] - free_spin_reel_counter[2] = 0: null

2019-08-24 12:11:36 - [TEST_STEP][PASSED] - M4_spin_reels = reels: null

2019-08-24 12:11:36 - [TEST_STEP][PASSED] - for ([i = 0, i &lt; M4_spin_reels.size(), (i++)]): null

2019-08-24 12:11:36 - [TEST_STEP][PASSED] - symbols = symbols: null

2019-08-24 12:11:36 - [TEST_STEP][PASSED] - for ([j = 0, j &lt; symbols.size(), (j++)]): null

2019-08-24 12:11:36 - [TEST_STEP][PASSED] - symbol = symbol: null

2019-08-24 12:11:36 - [TEST_STEP][PASSED] - println(symbol): null

2019-08-24 12:11:36 - [TEST_STEP][PASSED] - if (i == 2 &amp;&amp; wildList.indexOf(symbol) != -1): null

2019-08-24 12:11:36 - [TEST_STEP][PASSED] - if (i == 3 &amp;&amp; wildList.indexOf(symbol) != -1): null

2019-08-24 12:11:36 - [TEST_STEP][PASSED] - if (i == 4 &amp;&amp; wildList.indexOf(symbol) != -1): null

2019-08-24 12:11:36 - [TEST_STEP][PASSED] - symbol = symbol: null

2019-08-24 12:11:36 - [TEST_STEP][PASSED] - println(symbol): null

2019-08-24 12:11:36 - [TEST_STEP][PASSED] - if (i == 2 &amp;&amp; wildList.indexOf(symbol) != -1): null

2019-08-24 12:11:36 - [TEST_STEP][PASSED] - if (i == 3 &amp;&amp; wildList.indexOf(symbol) != -1): null

2019-08-24 12:11:36 - [TEST_STEP][PASSED] - if (i == 4 &amp;&amp; wildList.indexOf(symbol) != -1): null

2019-08-24 12:11:36 - [TEST_STEP][PASSED] - symbol = symbol: null

2019-08-24 12:11:36 - [TEST_STEP][PASSED] - println(symbol): null

2019-08-24 12:11:36 - [TEST_STEP][PASSED] - if (i == 2 &amp;&amp; wildList.indexOf(symbol) != -1): null

2019-08-24 12:11:36 - [TEST_STEP][PASSED] - if (i == 3 &amp;&amp; wildList.indexOf(symbol) != -1): null

2019-08-24 12:11:36 - [TEST_STEP][PASSED] - if (i == 4 &amp;&amp; wildList.indexOf(symbol) != -1): null

2019-08-24 12:11:36 - [TEST_STEP][PASSED] - symbols = symbols: null

2019-08-24 12:11:36 - [TEST_STEP][PASSED] - for ([j = 0, j &lt; symbols.size(), (j++)]): null

2019-08-24 12:11:36 - [TEST_STEP][PASSED] - symbol = symbol: null

2019-08-24 12:11:36 - [TEST_STEP][PASSED] - println(symbol): null

2019-08-24 12:11:36 - [TEST_STEP][PASSED] - if (i == 2 &amp;&amp; wildList.indexOf(symbol) != -1): null

2019-08-24 12:11:36 - [TEST_STEP][PASSED] - if (i == 3 &amp;&amp; wildList.indexOf(symbol) != -1): null

2019-08-24 12:11:36 - [TEST_STEP][PASSED] - if (i == 4 &amp;&amp; wildList.indexOf(symbol) != -1): null

2019-08-24 12:11:36 - [TEST_STEP][PASSED] - symbol = symbol: null

2019-08-24 12:11:36 - [TEST_STEP][PASSED] - println(symbol): null

2019-08-24 12:11:36 - [TEST_STEP][PASSED] - if (i == 2 &amp;&amp; wildList.indexOf(symbol) != -1): null

2019-08-24 12:11:36 - [TEST_STEP][PASSED] - if (i == 3 &amp;&amp; wildList.indexOf(symbol) != -1): null

2019-08-24 12:11:36 - [TEST_STEP][PASSED] - if (i == 4 &amp;&amp; wildList.indexOf(symbol) != -1): null

2019-08-24 12:11:36 - [TEST_STEP][PASSED] - symbol = symbol: null

2019-08-24 12:11:36 - [TEST_STEP][PASSED] - println(symbol): null

2019-08-24 12:11:36 - [TEST_STEP][PASSED] - if (i == 2 &amp;&amp; wildList.indexOf(symbol) != -1): null

2019-08-24 12:11:36 - [TEST_STEP][PASSED] - if (i == 3 &amp;&amp; wildList.indexOf(symbol) != -1): null

2019-08-24 12:11:36 - [TEST_STEP][PASSED] - if (i == 4 &amp;&amp; wildList.indexOf(symbol) != -1): null

2019-08-24 12:11:36 - [TEST_STEP][PASSED] - symbols = symbols: null

2019-08-24 12:11:36 - [TEST_STEP][PASSED] - for ([j = 0, j &lt; symbols.size(), (j++)]): null

2019-08-24 12:11:36 - [TEST_STEP][PASSED] - symbol = symbol: null

2019-08-24 12:11:36 - [TEST_STEP][PASSED] - println(symbol): null

2019-08-24 12:11:36 - [TEST_STEP][PASSED] - if (i == 2 &amp;&amp; wildList.indexOf(symbol) != -1): null

2019-08-24 12:11:36 - [TEST_STEP][PASSED] - if (i == 3 &amp;&amp; wildList.indexOf(symbol) != -1): null

2019-08-24 12:11:36 - [TEST_STEP][PASSED] - if (i == 4 &amp;&amp; wildList.indexOf(symbol) != -1): null

2019-08-24 12:11:36 - [TEST_STEP][PASSED] - symbol = symbol: null

2019-08-24 12:11:36 - [TEST_STEP][PASSED] - println(symbol): null

2019-08-24 12:11:36 - [TEST_STEP][PASSED] - if (i == 2 &amp;&amp; wildList.indexOf(symbol) != -1): null

2019-08-24 12:11:36 - [TEST_STEP][PASSED] - if (i == 3 &amp;&amp; wildList.indexOf(symbol) != -1): null

2019-08-24 12:11:36 - [TEST_STEP][PASSED] - if (i == 4 &amp;&amp; wildList.indexOf(symbol) != -1): null

2019-08-24 12:11:36 - [TEST_STEP][PASSED] - symbol = symbol: null

2019-08-24 12:11:36 - [TEST_STEP][PASSED] - println(symbol): null

2019-08-24 12:11:36 - [TEST_STEP][PASSED] - if (i == 2 &amp;&amp; wildList.indexOf(symbol) != -1): null

2019-08-24 12:11:36 - [TEST_STEP][PASSED] - if (i == 3 &amp;&amp; wildList.indexOf(symbol) != -1): null

2019-08-24 12:11:36 - [TEST_STEP][PASSED] - if (i == 4 &amp;&amp; wildList.indexOf(symbol) != -1): null

2019-08-24 12:11:36 - [TEST_STEP][PASSED] - symbols = symbols: null

2019-08-24 12:11:36 - [TEST_STEP][PASSED] - for ([j = 0, j &lt; symbols.size(), (j++)]): null

2019-08-24 12:11:36 - [TEST_STEP][PASSED] - symbol = symbol: null

2019-08-24 12:11:36 - [TEST_STEP][PASSED] - println(symbol): null

2019-08-24 12:11:36 - [TEST_STEP][PASSED] - if (i == 2 &amp;&amp; wildList.indexOf(symbol) != -1): null

2019-08-24 12:11:36 - [TEST_STEP][PASSED] - if (i == 3 &amp;&amp; wildList.indexOf(symbol) != -1): null

2019-08-24 12:11:36 - [TEST_STEP][PASSED] - if (i == 4 &amp;&amp; wildList.indexOf(symbol) != -1): null

2019-08-24 12:11:36 - [TEST_STEP][PASSED] - symbol = symbol: null

2019-08-24 12:11:36 - [TEST_STEP][PASSED] - println(symbol): null

2019-08-24 12:11:36 - [TEST_STEP][PASSED] - if (i == 2 &amp;&amp; wildList.indexOf(symbol) != -1): null

2019-08-24 12:11:36 - [TEST_STEP][PASSED] - if (i == 3 &amp;&amp; wildList.indexOf(symbol) != -1): null

2019-08-24 12:11:36 - [TEST_STEP][PASSED] - if (i == 4 &amp;&amp; wildList.indexOf(symbol) != -1): null

2019-08-24 12:11:36 - [TEST_STEP][PASSED] - symbol = symbol: null

2019-08-24 12:11:36 - [TEST_STEP][PASSED] - println(symbol): null

2019-08-24 12:11:36 - [TEST_STEP][PASSED] - if (i == 2 &amp;&amp; wildList.indexOf(symbol) != -1): null

2019-08-24 12:11:36 - [TEST_STEP][PASSED] - if (i == 3 &amp;&amp; wildList.indexOf(symbol) != -1): null

2019-08-24 12:11:36 - [TEST_STEP][PASSED] - if (i == 4 &amp;&amp; wildList.indexOf(symbol) != -1): null

2019-08-24 12:11:36 - [TEST_STEP][PASSED] - symbols = symbols: null

2019-08-24 12:11:36 - [TEST_STEP][PASSED] - for ([j = 0, j &lt; symbols.size(), (j++)]): null

2019-08-24 12:11:36 - [TEST_STEP][PASSED] - symbol = symbol: null

2019-08-24 12:11:36 - [TEST_STEP][PASSED] - println(symbol): null

2019-08-24 12:11:36 - [TEST_STEP][PASSED] - if (i == 2 &amp;&amp; wildList.indexOf(symbol) != -1): null

2019-08-24 12:11:36 - [TEST_STEP][PASSED] - if (i == 3 &amp;&amp; wildList.indexOf(symbol) != -1): null

2019-08-24 12:11:36 - [TEST_STEP][PASSED] - if (i == 4 &amp;&amp; wildList.indexOf(symbol) != -1): null

2019-08-24 12:11:36 - [TEST_STEP][PASSED] - symbol = symbol: null

2019-08-24 12:11:36 - [TEST_STEP][PASSED] - println(symbol): null

2019-08-24 12:11:36 - [TEST_STEP][PASSED] - if (i == 2 &amp;&amp; wildList.indexOf(symbol) != -1): null

2019-08-24 12:11:36 - [TEST_STEP][PASSED] - if (i == 3 &amp;&amp; wildList.indexOf(symbol) != -1): null

2019-08-24 12:11:36 - [TEST_STEP][PASSED] - if (i == 4 &amp;&amp; wildList.indexOf(symbol) != -1): null

2019-08-24 12:11:36 - [TEST_STEP][PASSED] - symbol = symbol: null

2019-08-24 12:11:36 - [TEST_STEP][PASSED] - println(symbol): null

2019-08-24 12:11:36 - [TEST_STEP][PASSED] - if (i == 2 &amp;&amp; wildList.indexOf(symbol) != -1): null

2019-08-24 12:11:36 - [TEST_STEP][PASSED] - if (i == 3 &amp;&amp; wildList.indexOf(symbol) != -1): null

2019-08-24 12:11:36 - [TEST_STEP][PASSED] - if (i == 4 &amp;&amp; wildList.indexOf(symbol) != -1): null

2019-08-24 12:11:36 - [TEST_STEP][PASSED] - free_spin_reel_counter = free_spin_reel_counter: null

2019-08-24 12:11:36 - [TEST_STEP][PASSED] - println("reel 3 wild found: " + free_spin_reel_counter[0]): null

2019-08-24 12:11:36 - [TEST_STEP][PASSED] - println("reel 4 wild found: " + free_spin_reel_counter[1]): null

2019-08-24 12:11:36 - [TEST_STEP][PASSED] - println("reel 5 wild found: " + free_spin_reel_counter[2]): null

2019-08-24 12:11:36 - [TEST_STEP][PASSED] - M4_spin_reels = M4_spin_reels: null

2019-08-24 12:11:36 - [TEST_STEP][PASSED] - M4_spin_reels_symbols = symbol: null

2019-08-24 12:11:36 - [TEST_STEP][PASSED] - M4_spin_reels_symbols = M4_spin_reels_symbols: null

2019-08-24 12:11:36 - [TEST_STEP][PASSED] - M4_spin_reel_wins = reel_wins: null

2019-08-24 12:11:36 - [TEST_STEP][PASSED] - M4_spin_reel_wins = M4_spin_reel_wins: null

2019-08-24 12:11:36 - [TEST_STEP][PASSED] - println("GlobalVariable.M4_spin_reel_wins is: " + M4_spin_reel_wins): null

2019-08-24 12:11:36 - [TEST_STEP][PASSED] - M4_spin_total_bonus_win_this_round = total_bonus_win_this_round: null

2019-08-24 12:11:36 - [TEST_STEP][PASSED] - M4_spin_total_bonus_win_this_round = M4_spin_total_bonus_win_this_round: null

2019-08-24 12:11:36 - [TEST_STEP][PASSED] - println("GlobalVariable.M4_spin_total_bonus_win_this_round is: " + M4_spin_total_bonus_win_this_round): null

2019-08-24 12:11:36 - [TEST_STEP][PASSED] - M4_spin_bonus_spin_result = spin_result: null

2019-08-24 12:11:36 - [TEST_STEP][PASSED] - M4_spin_bonus_spin_result = M4_spin_bonus_spin_result: null

2019-08-24 12:11:36 - [MESSAGE][PASSED] - Verify response successfully

2019-08-24 12:11:36 - [MESSAGE][PASSED] - Send request and verify the response successfully

2019-08-24 12:11:36 - [TEST_STEP][PASSED] - if (M4_total_bonus_spins_int != 0 &amp;&amp; M4_spin_reels_symbols[2].contains("WILD_ExtraFG") || M4_spin_reels_symbols[3].contains("WILD_ExtraFG")): null

2019-08-24 12:11:36 - [TEST_STEP][PASSED] - free_spin_reel_counter = free_spin_reel_counter: null

2019-08-24 12:11:36 - [TEST_STEP][PASSED] - M4_spin_reels_symbols = M4_spin_reels_symbols: null

2019-08-24 12:11:36 - [TEST_STEP][PASSED] - M4_total_bonus_spins = M4_total_bonus_spins: null

2019-08-24 12:11:36 - [TEST_STEP][PASSED] - spin_result = sendRequestAndVerify(findTestObject("INT/RGS(M4)/1_M4_spin", ["M4_login_user_id":M4_login_user_id, "rgs_session_token":rgs_session_token, "partner":Partner])): Send request and verify the response successfully

2019-08-24 12:11:36 - [MESSAGE][INFO] - HAR: /Users/eiralee/Katalon_Script/SuperWild/Reports/20190824_120919/INT/superWild_3/20190824_120919/requests/main/39.har

2019-08-24 12:11:36 - [TEST_CASE][PASSED] - Start Test Case : Verification: Verification accomplished successfully

2019-08-24 12:11:36 - [TEST_STEP][PASSED] - request = getInstance().getCurrentRequest(): null

2019-08-24 12:11:37 - [TEST_STEP][PASSED] - response = getInstance().getCurrentResponse(): null

2019-08-24 12:11:37 - [TEST_STEP][PASSED] - verifyResponseStatusCode(response, 200): Verify response status code successfully

2019-08-24 12:11:37 - [MESSAGE][PASSED] - Verify response status code successfully

2019-08-24 12:11:37 - [TEST_STEP][PASSED] - getStatusCode()).isEqualTo(200): null

2019-08-24 12:11:37 - [TEST_STEP][PASSED] - newline = System.getProperty("line.separator"): null

2019-08-24 12:11:37 - [TEST_STEP][PASSED] - M4_spin = new groovy.json.JsonSlurper(): null

2019-08-24 12:11:37 - [TEST_STEP][PASSED] - result_M4_spin = M4_spin.parseText(response.getResponseBodyContent()): null

2019-08-24 12:11:37 - [TEST_STEP][PASSED] - M4_spin_current_balance = current_balance: null

2019-08-24 12:11:37 - [TEST_STEP][PASSED] - M4_spin_current_balance = M4_spin_current_balance: null

2019-08-24 12:11:37 - [TEST_STEP][PASSED] - M4_spin_transaction_id = causality: null

2019-08-24 12:11:37 - [TEST_STEP][PASSED] - M4_spin_transaction_id = M4_spin_transaction_id: null

2019-08-24 12:11:37 - [TEST_STEP][PASSED] - M4_spin_round_id = round_id: null

2019-08-24 12:11:37 - [TEST_STEP][PASSED] - M4_spin_round_id = M4_spin_round_id: null

2019-08-24 12:11:37 - [TEST_STEP][PASSED] - M4_spin_line_wins = line_wins: null

2019-08-24 12:11:37 - [TEST_STEP][PASSED] - M4_spin_line_wins = M4_spin_line_wins: null

2019-08-24 12:11:37 - [TEST_STEP][PASSED] - M4_total_bonus_spins_int = total_bonus_spins: null

2019-08-24 12:11:37 - [TEST_STEP][PASSED] - println("******M4_total_bonus_spins type is:*******" + newline + getClass().getName()): null

2019-08-24 12:11:37 - [TEST_STEP][PASSED] - M4_total_bonus_spins_int = M4_total_bonus_spins_int: null

2019-08-24 12:11:37 - [TEST_STEP][PASSED] - M4_total_bonus_spins = Integer.toString(M4_total_bonus_spins_int): null

2019-08-24 12:11:37 - [TEST_STEP][PASSED] - M4_total_bonus_spins = M4_total_bonus_spins: null

2019-08-24 12:11:37 - [TEST_STEP][PASSED] - println("M4_total_bonus_spins is:" + M4_total_bonus_spins): null

2019-08-24 12:11:37 - [TEST_STEP][PASSED] - M4_spin_bonus_data = bonus_data: null

2019-08-24 12:11:37 - [TEST_STEP][PASSED] - M4_spin_features_triggered = result_M4_spin: null

2019-08-24 12:11:37 - [TEST_STEP][PASSED] - wild = []: null

2019-08-24 12:11:37 - [TEST_STEP][PASSED] - wild[0] = "WILD_Expanding": null

2019-08-24 12:11:37 - [TEST_STEP][PASSED] - wild[1] = "WILD_Normal": null

2019-08-24 12:11:37 - [TEST_STEP][PASSED] - wild[2] = "WILD_Double": null

2019-08-24 12:11:37 - [TEST_STEP][PASSED] - wild[3] = "WILD_ExtraFG": null

2019-08-24 12:11:37 - [TEST_STEP][PASSED] - wild[4] = "WILD_Triple": null

2019-08-24 12:11:37 - [TEST_STEP][PASSED] - wildList = Arrays.asList(wild): null

2019-08-24 12:11:37 - [TEST_STEP][PASSED] - wildList = wildList: null

2019-08-24 12:11:37 - [TEST_STEP][PASSED] - free_spin_reel_counter = []: null

2019-08-24 12:11:37 - [TEST_STEP][PASSED] - free_spin_reel_counter[0] = 0: null

2019-08-24 12:11:37 - [TEST_STEP][PASSED] - free_spin_reel_counter[1] = 0: null

2019-08-24 12:11:37 - [TEST_STEP][PASSED] - free_spin_reel_counter[2] = 0: null

2019-08-24 12:11:37 - [TEST_STEP][PASSED] - M4_spin_reels = reels: null

2019-08-24 12:11:37 - [TEST_STEP][PASSED] - for ([i = 0, i &lt; M4_spin_reels.size(), (i++)]): null

2019-08-24 12:11:37 - [TEST_STEP][PASSED] - symbols = symbols: null

2019-08-24 12:11:37 - [TEST_STEP][PASSED] - for ([j = 0, j &lt; symbols.size(), (j++)]): null

2019-08-24 12:11:37 - [TEST_STEP][PASSED] - symbol = symbol: null

2019-08-24 12:11:37 - [TEST_STEP][PASSED] - println(symbol): null

2019-08-24 12:11:37 - [TEST_STEP][PASSED] - if (i == 2 &amp;&amp; wildList.indexOf(symbol) != -1): null

2019-08-24 12:11:37 - [TEST_STEP][PASSED] - if (i == 3 &amp;&amp; wildList.indexOf(symbol) != -1): null

2019-08-24 12:11:37 - [TEST_STEP][PASSED] - if (i == 4 &amp;&amp; wildList.indexOf(symbol) != -1): null

2019-08-24 12:11:37 - [TEST_STEP][PASSED] - symbol = symbol: null

2019-08-24 12:11:37 - [TEST_STEP][PASSED] - println(symbol): null

2019-08-24 12:11:37 - [TEST_STEP][PASSED] - if (i == 2 &amp;&amp; wildList.indexOf(symbol) != -1): null

2019-08-24 12:11:37 - [TEST_STEP][PASSED] - if (i == 3 &amp;&amp; wildList.indexOf(symbol) != -1): null

2019-08-24 12:11:37 - [TEST_STEP][PASSED] - if (i == 4 &amp;&amp; wildList.indexOf(symbol) != -1): null

2019-08-24 12:11:37 - [TEST_STEP][PASSED] - symbol = symbol: null

2019-08-24 12:11:37 - [TEST_STEP][PASSED] - println(symbol): null

2019-08-24 12:11:37 - [TEST_STEP][PASSED] - if (i == 2 &amp;&amp; wildList.indexOf(symbol) != -1): null

2019-08-24 12:11:37 - [TEST_STEP][PASSED] - if (i == 3 &amp;&amp; wildList.indexOf(symbol) != -1): null

2019-08-24 12:11:37 - [TEST_STEP][PASSED] - if (i == 4 &amp;&amp; wildList.indexOf(symbol) != -1): null

2019-08-24 12:11:37 - [TEST_STEP][PASSED] - symbols = symbols: null

2019-08-24 12:11:37 - [TEST_STEP][PASSED] - for ([j = 0, j &lt; symbols.size(), (j++)]): null

2019-08-24 12:11:37 - [TEST_STEP][PASSED] - symbol = symbol: null

2019-08-24 12:11:37 - [TEST_STEP][PASSED] - println(symbol): null

2019-08-24 12:11:37 - [TEST_STEP][PASSED] - if (i == 2 &amp;&amp; wildList.indexOf(symbol) != -1): null

2019-08-24 12:11:37 - [TEST_STEP][PASSED] - if (i == 3 &amp;&amp; wildList.indexOf(symbol) != -1): null

2019-08-24 12:11:37 - [TEST_STEP][PASSED] - if (i == 4 &amp;&amp; wildList.indexOf(symbol) != -1): null

2019-08-24 12:11:37 - [TEST_STEP][PASSED] - symbol = symbol: null

2019-08-24 12:11:37 - [TEST_STEP][PASSED] - println(symbol): null

2019-08-24 12:11:37 - [TEST_STEP][PASSED] - if (i == 2 &amp;&amp; wildList.indexOf(symbol) != -1): null

2019-08-24 12:11:37 - [TEST_STEP][PASSED] - if (i == 3 &amp;&amp; wildList.indexOf(symbol) != -1): null

2019-08-24 12:11:37 - [TEST_STEP][PASSED] - if (i == 4 &amp;&amp; wildList.indexOf(symbol) != -1): null

2019-08-24 12:11:37 - [TEST_STEP][PASSED] - symbol = symbol: null

2019-08-24 12:11:37 - [TEST_STEP][PASSED] - println(symbol): null

2019-08-24 12:11:37 - [TEST_STEP][PASSED] - if (i == 2 &amp;&amp; wildList.indexOf(symbol) != -1): null

2019-08-24 12:11:37 - [TEST_STEP][PASSED] - if (i == 3 &amp;&amp; wildList.indexOf(symbol) != -1): null

2019-08-24 12:11:37 - [TEST_STEP][PASSED] - if (i == 4 &amp;&amp; wildList.indexOf(symbol) != -1): null

2019-08-24 12:11:37 - [TEST_STEP][PASSED] - symbols = symbols: null

2019-08-24 12:11:37 - [TEST_STEP][PASSED] - for ([j = 0, j &lt; symbols.size(), (j++)]): null

2019-08-24 12:11:37 - [TEST_STEP][PASSED] - symbol = symbol: null

2019-08-24 12:11:37 - [TEST_STEP][PASSED] - println(symbol): null

2019-08-24 12:11:37 - [TEST_STEP][PASSED] - if (i == 2 &amp;&amp; wildList.indexOf(symbol) != -1): null

2019-08-24 12:11:37 - [TEST_STEP][PASSED] - if (i == 3 &amp;&amp; wildList.indexOf(symbol) != -1): null

2019-08-24 12:11:37 - [TEST_STEP][PASSED] - if (i == 4 &amp;&amp; wildList.indexOf(symbol) != -1): null

2019-08-24 12:11:37 - [TEST_STEP][PASSED] - symbol = symbol: null

2019-08-24 12:11:37 - [TEST_STEP][PASSED] - println(symbol): null

2019-08-24 12:11:37 - [TEST_STEP][PASSED] - if (i == 2 &amp;&amp; wildList.indexOf(symbol) != -1): null

2019-08-24 12:11:37 - [TEST_STEP][PASSED] - if (i == 3 &amp;&amp; wildList.indexOf(symbol) != -1): null

2019-08-24 12:11:37 - [TEST_STEP][PASSED] - if (i == 4 &amp;&amp; wildList.indexOf(symbol) != -1): null

2019-08-24 12:11:37 - [TEST_STEP][PASSED] - symbol = symbol: null

2019-08-24 12:11:37 - [TEST_STEP][PASSED] - println(symbol): null

2019-08-24 12:11:37 - [TEST_STEP][PASSED] - if (i == 2 &amp;&amp; wildList.indexOf(symbol) != -1): null

2019-08-24 12:11:37 - [TEST_STEP][PASSED] - if (i == 3 &amp;&amp; wildList.indexOf(symbol) != -1): null

2019-08-24 12:11:37 - [TEST_STEP][PASSED] - if (i == 4 &amp;&amp; wildList.indexOf(symbol) != -1): null

2019-08-24 12:11:37 - [TEST_STEP][PASSED] - symbols = symbols: null

2019-08-24 12:11:37 - [TEST_STEP][PASSED] - for ([j = 0, j &lt; symbols.size(), (j++)]): null

2019-08-24 12:11:37 - [TEST_STEP][PASSED] - symbol = symbol: null

2019-08-24 12:11:37 - [TEST_STEP][PASSED] - println(symbol): null

2019-08-24 12:11:37 - [TEST_STEP][PASSED] - if (i == 2 &amp;&amp; wildList.indexOf(symbol) != -1): null

2019-08-24 12:11:37 - [TEST_STEP][PASSED] - if (i == 3 &amp;&amp; wildList.indexOf(symbol) != -1): null

2019-08-24 12:11:37 - [TEST_STEP][PASSED] - if (i == 4 &amp;&amp; wildList.indexOf(symbol) != -1): null

2019-08-24 12:11:37 - [TEST_STEP][PASSED] - symbol = symbol: null

2019-08-24 12:11:37 - [TEST_STEP][PASSED] - println(symbol): null

2019-08-24 12:11:37 - [TEST_STEP][PASSED] - if (i == 2 &amp;&amp; wildList.indexOf(symbol) != -1): null

2019-08-24 12:11:37 - [TEST_STEP][PASSED] - if (i == 3 &amp;&amp; wildList.indexOf(symbol) != -1): null

2019-08-24 12:11:37 - [TEST_STEP][PASSED] - if (i == 4 &amp;&amp; wildList.indexOf(symbol) != -1): null

2019-08-24 12:11:37 - [TEST_STEP][PASSED] - symbol = symbol: null

2019-08-24 12:11:37 - [TEST_STEP][PASSED] - println(symbol): null

2019-08-24 12:11:37 - [TEST_STEP][PASSED] - if (i == 2 &amp;&amp; wildList.indexOf(symbol) != -1): null

2019-08-24 12:11:37 - [TEST_STEP][PASSED] - if (i == 3 &amp;&amp; wildList.indexOf(symbol) != -1): null

2019-08-24 12:11:37 - [TEST_STEP][PASSED] - if (i == 4 &amp;&amp; wildList.indexOf(symbol) != -1): null

2019-08-24 12:11:37 - [TEST_STEP][PASSED] - symbols = symbols: null

2019-08-24 12:11:37 - [TEST_STEP][PASSED] - for ([j = 0, j &lt; symbols.size(), (j++)]): null

2019-08-24 12:11:37 - [TEST_STEP][PASSED] - symbol = symbol: null

2019-08-24 12:11:37 - [TEST_STEP][PASSED] - println(symbol): null

2019-08-24 12:11:37 - [TEST_STEP][PASSED] - if (i == 2 &amp;&amp; wildList.indexOf(symbol) != -1): null

2019-08-24 12:11:37 - [TEST_STEP][PASSED] - if (i == 3 &amp;&amp; wildList.indexOf(symbol) != -1): null

2019-08-24 12:11:37 - [TEST_STEP][PASSED] - if (i == 4 &amp;&amp; wildList.indexOf(symbol) != -1): null

2019-08-24 12:11:37 - [TEST_STEP][PASSED] - symbol = symbol: null

2019-08-24 12:11:37 - [TEST_STEP][PASSED] - println(symbol): null

2019-08-24 12:11:37 - [TEST_STEP][PASSED] - if (i == 2 &amp;&amp; wildList.indexOf(symbol) != -1): null

2019-08-24 12:11:37 - [TEST_STEP][PASSED] - if (i == 3 &amp;&amp; wildList.indexOf(symbol) != -1): null

2019-08-24 12:11:37 - [TEST_STEP][PASSED] - if (i == 4 &amp;&amp; wildList.indexOf(symbol) != -1): null

2019-08-24 12:11:37 - [TEST_STEP][PASSED] - println("wild found on reel 5, adding counter by 1"): null

2019-08-24 12:11:37 - [TEST_STEP][PASSED] - free_spin_reel_counter[2] = free_spin_reel_counter[2] + 1: null

2019-08-24 12:11:37 - [TEST_STEP][PASSED] - symbol = symbol: null

2019-08-24 12:11:37 - [TEST_STEP][PASSED] - println(symbol): null

2019-08-24 12:11:37 - [TEST_STEP][PASSED] - if (i == 2 &amp;&amp; wildList.indexOf(symbol) != -1): null

2019-08-24 12:11:37 - [TEST_STEP][PASSED] - if (i == 3 &amp;&amp; wildList.indexOf(symbol) != -1): null

2019-08-24 12:11:37 - [TEST_STEP][PASSED] - if (i == 4 &amp;&amp; wildList.indexOf(symbol) != -1): null

2019-08-24 12:11:37 - [TEST_STEP][PASSED] - free_spin_reel_counter = free_spin_reel_counter: null

2019-08-24 12:11:37 - [TEST_STEP][PASSED] - println("reel 3 wild found: " + free_spin_reel_counter[0]): null

2019-08-24 12:11:37 - [TEST_STEP][PASSED] - println("reel 4 wild found: " + free_spin_reel_counter[1]): null

2019-08-24 12:11:37 - [TEST_STEP][PASSED] - println("reel 5 wild found: " + free_spin_reel_counter[2]): null

2019-08-24 12:11:37 - [TEST_STEP][PASSED] - M4_spin_reels = M4_spin_reels: null

2019-08-24 12:11:37 - [TEST_STEP][PASSED] - M4_spin_reels_symbols = symbol: null

2019-08-24 12:11:37 - [TEST_STEP][PASSED] - M4_spin_reels_symbols = M4_spin_reels_symbols: null

2019-08-24 12:11:37 - [TEST_STEP][PASSED] - M4_spin_reel_wins = reel_wins: null

2019-08-24 12:11:37 - [TEST_STEP][PASSED] - M4_spin_reel_wins = M4_spin_reel_wins: null

2019-08-24 12:11:37 - [TEST_STEP][PASSED] - println("GlobalVariable.M4_spin_reel_wins is: " + M4_spin_reel_wins): null

2019-08-24 12:11:37 - [TEST_STEP][PASSED] - M4_spin_total_bonus_win_this_round = total_bonus_win_this_round: null

2019-08-24 12:11:37 - [TEST_STEP][PASSED] - M4_spin_total_bonus_win_this_round = M4_spin_total_bonus_win_this_round: null

2019-08-24 12:11:37 - [TEST_STEP][PASSED] - println("GlobalVariable.M4_spin_total_bonus_win_this_round is: " + M4_spin_total_bonus_win_this_round): null

2019-08-24 12:11:37 - [TEST_STEP][PASSED] - M4_spin_bonus_spin_result = spin_result: null

2019-08-24 12:11:37 - [TEST_STEP][PASSED] - M4_spin_bonus_spin_result = M4_spin_bonus_spin_result: null

2019-08-24 12:11:37 - [MESSAGE][PASSED] - Verify response successfully

2019-08-24 12:11:37 - [MESSAGE][PASSED] - Send request and verify the response successfully

2019-08-24 12:11:37 - [TEST_STEP][PASSED] - if (M4_total_bonus_spins_int != 0 &amp;&amp; M4_spin_reels_symbols[2].contains("WILD_ExtraFG") || M4_spin_reels_symbols[3].contains("WILD_ExtraFG")): null

2019-08-24 12:11:37 - [TEST_STEP][PASSED] - free_spin_reel_counter = free_spin_reel_counter: null

2019-08-24 12:11:37 - [TEST_STEP][PASSED] - M4_spin_reels_symbols = M4_spin_reels_symbols: null

2019-08-24 12:11:37 - [TEST_STEP][PASSED] - M4_total_bonus_spins = M4_total_bonus_spins: null

2019-08-24 12:11:37 - [TEST_STEP][PASSED] - spin_result = sendRequestAndVerify(findTestObject("INT/RGS(M4)/1_M4_spin", ["M4_login_user_id":M4_login_user_id, "rgs_session_token":rgs_session_token, "partner":Partner])): Send request and verify the response successfully

2019-08-24 12:11:37 - [MESSAGE][INFO] - HAR: /Users/eiralee/Katalon_Script/SuperWild/Reports/20190824_120919/INT/superWild_3/20190824_120919/requests/main/40.har

2019-08-24 12:11:37 - [TEST_CASE][PASSED] - Start Test Case : Verification: Verification accomplished successfully

2019-08-24 12:11:37 - [TEST_STEP][PASSED] - request = getInstance().getCurrentRequest(): null

2019-08-24 12:11:37 - [TEST_STEP][PASSED] - response = getInstance().getCurrentResponse(): null

2019-08-24 12:11:37 - [TEST_STEP][PASSED] - verifyResponseStatusCode(response, 200): Verify response status code successfully

2019-08-24 12:11:37 - [MESSAGE][PASSED] - Verify response status code successfully

2019-08-24 12:11:37 - [TEST_STEP][PASSED] - getStatusCode()).isEqualTo(200): null

2019-08-24 12:11:37 - [TEST_STEP][PASSED] - newline = System.getProperty("line.separator"): null

2019-08-24 12:11:37 - [TEST_STEP][PASSED] - M4_spin = new groovy.json.JsonSlurper(): null

2019-08-24 12:11:37 - [TEST_STEP][PASSED] - result_M4_spin = M4_spin.parseText(response.getResponseBodyContent()): null

2019-08-24 12:11:37 - [TEST_STEP][PASSED] - M4_spin_current_balance = current_balance: null

2019-08-24 12:11:37 - [TEST_STEP][PASSED] - M4_spin_current_balance = M4_spin_current_balance: null

2019-08-24 12:11:37 - [TEST_STEP][PASSED] - M4_spin_transaction_id = causality: null

2019-08-24 12:11:37 - [TEST_STEP][PASSED] - M4_spin_transaction_id = M4_spin_transaction_id: null

2019-08-24 12:11:37 - [TEST_STEP][PASSED] - M4_spin_round_id = round_id: null

2019-08-24 12:11:37 - [TEST_STEP][PASSED] - M4_spin_round_id = M4_spin_round_id: null

2019-08-24 12:11:37 - [TEST_STEP][PASSED] - M4_spin_line_wins = line_wins: null

2019-08-24 12:11:37 - [TEST_STEP][PASSED] - M4_spin_line_wins = M4_spin_line_wins: null

2019-08-24 12:11:37 - [TEST_STEP][PASSED] - M4_total_bonus_spins_int = total_bonus_spins: null

2019-08-24 12:11:41 - [TEST_STEP][PASSED] - println("******M4_total_bonus_spins type is:*******" + newline + getClass().getName()): null

2019-08-24 12:11:41 - [TEST_STEP][PASSED] - M4_total_bonus_spins_int = M4_total_bonus_spins_int: null

2019-08-24 12:11:41 - [TEST_STEP][PASSED] - M4_total_bonus_spins = Integer.toString(M4_total_bonus_spins_int): null

2019-08-24 12:11:41 - [TEST_STEP][PASSED] - M4_total_bonus_spins = M4_total_bonus_spins: null

2019-08-24 12:11:41 - [TEST_STEP][PASSED] - println("M4_total_bonus_spins is:" + M4_total_bonus_spins): null

2019-08-24 12:11:41 - [TEST_STEP][PASSED] - M4_spin_bonus_data = bonus_data: null

2019-08-24 12:11:41 - [TEST_STEP][PASSED] - M4_spin_features_triggered = result_M4_spin: null

2019-08-24 12:11:41 - [TEST_STEP][PASSED] - wild = []: null

2019-08-24 12:11:41 - [TEST_STEP][PASSED] - wild[0] = "WILD_Expanding": null

2019-08-24 12:11:41 - [TEST_STEP][PASSED] - wild[1] = "WILD_Normal": null

2019-08-24 12:11:43 - [TEST_STEP][PASSED] - wild[2] = "WILD_Double": null

2019-08-24 12:11:43 - [TEST_STEP][PASSED] - wild[3] = "WILD_ExtraFG": null

2019-08-24 12:11:43 - [TEST_STEP][PASSED] - wild[4] = "WILD_Triple": null

2019-08-24 12:11:43 - [TEST_STEP][PASSED] - wildList = Arrays.asList(wild): null

2019-08-24 12:11:43 - [TEST_STEP][PASSED] - wildList = wildList: null

2019-08-24 12:11:43 - [TEST_STEP][PASSED] - free_spin_reel_counter = []: null

2019-08-24 12:11:43 - [TEST_STEP][PASSED] - free_spin_reel_counter[0] = 0: null

2019-08-24 12:11:43 - [TEST_STEP][PASSED] - free_spin_reel_counter[1] = 0: null

2019-08-24 12:11:43 - [TEST_STEP][PASSED] - free_spin_reel_counter[2] = 0: null

2019-08-24 12:11:43 - [TEST_STEP][PASSED] - M4_spin_reels = reels: null

2019-08-24 12:11:43 - [TEST_STEP][PASSED] - for ([i = 0, i &lt; M4_spin_reels.size(), (i++)]): null

2019-08-24 12:11:43 - [TEST_STEP][PASSED] - symbols = symbols: null

2019-08-24 12:11:43 - [TEST_STEP][PASSED] - for ([j = 0, j &lt; symbols.size(), (j++)]): null

2019-08-24 12:11:43 - [TEST_STEP][PASSED] - symbol = symbol: null

2019-08-24 12:11:43 - [TEST_STEP][PASSED] - println(symbol): null

2019-08-24 12:11:43 - [TEST_STEP][PASSED] - if (i == 2 &amp;&amp; wildList.indexOf(symbol) != -1): null

2019-08-24 12:11:43 - [TEST_STEP][PASSED] - if (i == 3 &amp;&amp; wildList.indexOf(symbol) != -1): null

2019-08-24 12:11:43 - [TEST_STEP][PASSED] - if (i == 4 &amp;&amp; wildList.indexOf(symbol) != -1): null

2019-08-24 12:11:43 - [TEST_STEP][PASSED] - symbol = symbol: null

2019-08-24 12:11:43 - [TEST_STEP][PASSED] - println(symbol): null

2019-08-24 12:11:43 - [TEST_STEP][PASSED] - if (i == 2 &amp;&amp; wildList.indexOf(symbol) != -1): null

2019-08-24 12:11:43 - [TEST_STEP][PASSED] - if (i == 3 &amp;&amp; wildList.indexOf(symbol) != -1): null

2019-08-24 12:11:43 - [TEST_STEP][PASSED] - if (i == 4 &amp;&amp; wildList.indexOf(symbol) != -1): null

2019-08-24 12:11:43 - [TEST_STEP][PASSED] - symbol = symbol: null

2019-08-24 12:11:43 - [TEST_STEP][PASSED] - println(symbol): null

2019-08-24 12:11:43 - [TEST_STEP][PASSED] - if (i == 2 &amp;&amp; wildList.indexOf(symbol) != -1): null

2019-08-24 12:11:43 - [TEST_STEP][PASSED] - if (i == 3 &amp;&amp; wildList.indexOf(symbol) != -1): null

2019-08-24 12:11:43 - [TEST_STEP][PASSED] - if (i == 4 &amp;&amp; wildList.indexOf(symbol) != -1): null

2019-08-24 12:11:43 - [TEST_STEP][PASSED] - symbols = symbols: null

2019-08-24 12:11:43 - [TEST_STEP][PASSED] - for ([j = 0, j &lt; symbols.size(), (j++)]): null

2019-08-24 12:11:43 - [TEST_STEP][PASSED] - symbol = symbol: null

2019-08-24 12:11:43 - [TEST_STEP][PASSED] - println(symbol): null

2019-08-24 12:11:43 - [TEST_STEP][PASSED] - if (i == 2 &amp;&amp; wildList.indexOf(symbol) != -1): null

2019-08-24 12:11:43 - [TEST_STEP][PASSED] - if (i == 3 &amp;&amp; wildList.indexOf(symbol) != -1): null

2019-08-24 12:11:43 - [TEST_STEP][PASSED] - if (i == 4 &amp;&amp; wildList.indexOf(symbol) != -1): null

2019-08-24 12:11:43 - [TEST_STEP][PASSED] - symbol = symbol: null

2019-08-24 12:11:43 - [TEST_STEP][PASSED] - println(symbol): null

2019-08-24 12:11:43 - [TEST_STEP][PASSED] - if (i == 2 &amp;&amp; wildList.indexOf(symbol) != -1): null

2019-08-24 12:11:43 - [TEST_STEP][PASSED] - if (i == 3 &amp;&amp; wildList.indexOf(symbol) != -1): null

2019-08-24 12:11:43 - [TEST_STEP][PASSED] - if (i == 4 &amp;&amp; wildList.indexOf(symbol) != -1): null

2019-08-24 12:11:43 - [TEST_STEP][PASSED] - symbol = symbol: null

2019-08-24 12:11:43 - [TEST_STEP][PASSED] - println(symbol): null

2019-08-24 12:11:43 - [TEST_STEP][PASSED] - if (i == 2 &amp;&amp; wildList.indexOf(symbol) != -1): null

2019-08-24 12:11:43 - [TEST_STEP][PASSED] - if (i == 3 &amp;&amp; wildList.indexOf(symbol) != -1): null

2019-08-24 12:11:43 - [TEST_STEP][PASSED] - if (i == 4 &amp;&amp; wildList.indexOf(symbol) != -1): null

2019-08-24 12:11:43 - [TEST_STEP][PASSED] - symbols = symbols: null

2019-08-24 12:11:43 - [TEST_STEP][PASSED] - for ([j = 0, j &lt; symbols.size(), (j++)]): null

2019-08-24 12:11:43 - [TEST_STEP][PASSED] - symbol = symbol: null

2019-08-24 12:11:43 - [TEST_STEP][PASSED] - println(symbol): null

2019-08-24 12:11:43 - [TEST_STEP][PASSED] - if (i == 2 &amp;&amp; wildList.indexOf(symbol) != -1): null

2019-08-24 12:11:43 - [TEST_STEP][PASSED] - if (i == 3 &amp;&amp; wildList.indexOf(symbol) != -1): null

2019-08-24 12:11:43 - [TEST_STEP][PASSED] - if (i == 4 &amp;&amp; wildList.indexOf(symbol) != -1): null

2019-08-24 12:11:43 - [TEST_STEP][PASSED] - symbol = symbol: null

2019-08-24 12:11:43 - [TEST_STEP][PASSED] - println(symbol): null

2019-08-24 12:11:43 - [TEST_STEP][PASSED] - if (i == 2 &amp;&amp; wildList.indexOf(symbol) != -1): null

2019-08-24 12:11:43 - [TEST_STEP][PASSED] - if (i == 3 &amp;&amp; wildList.indexOf(symbol) != -1): null

2019-08-24 12:11:43 - [TEST_STEP][PASSED] - if (i == 4 &amp;&amp; wildList.indexOf(symbol) != -1): null

2019-08-24 12:11:43 - [TEST_STEP][PASSED] - symbol = symbol: null

2019-08-24 12:11:43 - [TEST_STEP][PASSED] - println(symbol): null

2019-08-24 12:11:43 - [TEST_STEP][PASSED] - if (i == 2 &amp;&amp; wildList.indexOf(symbol) != -1): null

2019-08-24 12:11:43 - [TEST_STEP][PASSED] - if (i == 3 &amp;&amp; wildList.indexOf(symbol) != -1): null

2019-08-24 12:11:43 - [TEST_STEP][PASSED] - if (i == 4 &amp;&amp; wildList.indexOf(symbol) != -1): null

2019-08-24 12:11:43 - [TEST_STEP][PASSED] - symbols = symbols: null

2019-08-24 12:11:43 - [TEST_STEP][PASSED] - for ([j = 0, j &lt; symbols.size(), (j++)]): null

2019-08-24 12:11:43 - [TEST_STEP][PASSED] - symbol = symbol: null

2019-08-24 12:11:43 - [TEST_STEP][PASSED] - println(symbol): null

2019-08-24 12:11:43 - [TEST_STEP][PASSED] - if (i == 2 &amp;&amp; wildList.indexOf(symbol) != -1): null

2019-08-24 12:11:43 - [TEST_STEP][PASSED] - if (i == 3 &amp;&amp; wildList.indexOf(symbol) != -1): null

2019-08-24 12:11:43 - [TEST_STEP][PASSED] - if (i == 4 &amp;&amp; wildList.indexOf(symbol) != -1): null

2019-08-24 12:11:43 - [TEST_STEP][PASSED] - symbol = symbol: null

2019-08-24 12:11:43 - [TEST_STEP][PASSED] - println(symbol): null

2019-08-24 12:11:43 - [TEST_STEP][PASSED] - if (i == 2 &amp;&amp; wildList.indexOf(symbol) != -1): null

2019-08-24 12:11:43 - [TEST_STEP][PASSED] - if (i == 3 &amp;&amp; wildList.indexOf(symbol) != -1): null

2019-08-24 12:11:43 - [TEST_STEP][PASSED] - if (i == 4 &amp;&amp; wildList.indexOf(symbol) != -1): null

2019-08-24 12:11:43 - [TEST_STEP][PASSED] - symbol = symbol: null

2019-08-24 12:11:43 - [TEST_STEP][PASSED] - println(symbol): null

2019-08-24 12:11:43 - [TEST_STEP][PASSED] - if (i == 2 &amp;&amp; wildList.indexOf(symbol) != -1): null

2019-08-24 12:11:43 - [TEST_STEP][PASSED] - if (i == 3 &amp;&amp; wildList.indexOf(symbol) != -1): null

2019-08-24 12:11:43 - [TEST_STEP][PASSED] - if (i == 4 &amp;&amp; wildList.indexOf(symbol) != -1): null

2019-08-24 12:11:43 - [TEST_STEP][PASSED] - symbols = symbols: null

2019-08-24 12:11:43 - [TEST_STEP][PASSED] - for ([j = 0, j &lt; symbols.size(), (j++)]): null

2019-08-24 12:11:43 - [TEST_STEP][PASSED] - symbol = symbol: null

2019-08-24 12:11:43 - [TEST_STEP][PASSED] - println(symbol): null

2019-08-24 12:11:43 - [TEST_STEP][PASSED] - if (i == 2 &amp;&amp; wildList.indexOf(symbol) != -1): null

2019-08-24 12:11:43 - [TEST_STEP][PASSED] - if (i == 3 &amp;&amp; wildList.indexOf(symbol) != -1): null

2019-08-24 12:11:43 - [TEST_STEP][PASSED] - if (i == 4 &amp;&amp; wildList.indexOf(symbol) != -1): null

2019-08-24 12:11:43 - [TEST_STEP][PASSED] - symbol = symbol: null

2019-08-24 12:11:43 - [TEST_STEP][PASSED] - println(symbol): null

2019-08-24 12:11:43 - [TEST_STEP][PASSED] - if (i == 2 &amp;&amp; wildList.indexOf(symbol) != -1): null

2019-08-24 12:11:43 - [TEST_STEP][PASSED] - if (i == 3 &amp;&amp; wildList.indexOf(symbol) != -1): null

2019-08-24 12:11:43 - [TEST_STEP][PASSED] - if (i == 4 &amp;&amp; wildList.indexOf(symbol) != -1): null

2019-08-24 12:11:43 - [TEST_STEP][PASSED] - symbol = symbol: null

2019-08-24 12:11:43 - [TEST_STEP][PASSED] - println(symbol): null

2019-08-24 12:11:43 - [TEST_STEP][PASSED] - if (i == 2 &amp;&amp; wildList.indexOf(symbol) != -1): null

2019-08-24 12:11:43 - [TEST_STEP][PASSED] - if (i == 3 &amp;&amp; wildList.indexOf(symbol) != -1): null

2019-08-24 12:11:43 - [TEST_STEP][PASSED] - if (i == 4 &amp;&amp; wildList.indexOf(symbol) != -1): null

2019-08-24 12:11:43 - [TEST_STEP][PASSED] - free_spin_reel_counter = free_spin_reel_counter: null

2019-08-24 12:11:43 - [TEST_STEP][PASSED] - println("reel 3 wild found: " + free_spin_reel_counter[0]): null

2019-08-24 12:11:43 - [TEST_STEP][PASSED] - println("reel 4 wild found: " + free_spin_reel_counter[1]): null

2019-08-24 12:11:43 - [TEST_STEP][PASSED] - println("reel 5 wild found: " + free_spin_reel_counter[2]): null

2019-08-24 12:11:43 - [TEST_STEP][PASSED] - M4_spin_reels = M4_spin_reels: null

2019-08-24 12:11:43 - [TEST_STEP][PASSED] - M4_spin_reels_symbols = symbol: null

2019-08-24 12:11:43 - [TEST_STEP][PASSED] - M4_spin_reels_symbols = M4_spin_reels_symbols: null

2019-08-24 12:11:43 - [TEST_STEP][PASSED] - M4_spin_reel_wins = reel_wins: null

2019-08-24 12:11:43 - [TEST_STEP][PASSED] - M4_spin_reel_wins = M4_spin_reel_wins: null

2019-08-24 12:11:43 - [TEST_STEP][PASSED] - println("GlobalVariable.M4_spin_reel_wins is: " + M4_spin_reel_wins): null

2019-08-24 12:11:43 - [TEST_STEP][PASSED] - M4_spin_total_bonus_win_this_round = total_bonus_win_this_round: null

2019-08-24 12:11:43 - [TEST_STEP][PASSED] - M4_spin_total_bonus_win_this_round = M4_spin_total_bonus_win_this_round: null

2019-08-24 12:11:43 - [TEST_STEP][PASSED] - println("GlobalVariable.M4_spin_total_bonus_win_this_round is: " + M4_spin_total_bonus_win_this_round): null

2019-08-24 12:11:43 - [TEST_STEP][PASSED] - M4_spin_bonus_spin_result = spin_result: null

2019-08-24 12:11:43 - [TEST_STEP][PASSED] - M4_spin_bonus_spin_result = M4_spin_bonus_spin_result: null

2019-08-24 12:11:43 - [MESSAGE][PASSED] - Verify response successfully

2019-08-24 12:11:43 - [MESSAGE][PASSED] - Send request and verify the response successfully

2019-08-24 12:11:43 - [TEST_STEP][PASSED] - if (M4_total_bonus_spins_int != 0 &amp;&amp; M4_spin_reels_symbols[2].contains("WILD_ExtraFG") || M4_spin_reels_symbols[3].contains("WILD_ExtraFG")): null

2019-08-24 12:11:43 - [TEST_STEP][PASSED] - free_spin_reel_counter = free_spin_reel_counter: null

2019-08-24 12:11:43 - [TEST_STEP][PASSED] - M4_spin_reels_symbols = M4_spin_reels_symbols: null

2019-08-24 12:11:43 - [TEST_STEP][PASSED] - M4_total_bonus_spins = M4_total_bonus_spins: null

2019-08-24 12:11:43 - [TEST_STEP][PASSED] - spin_result = sendRequestAndVerify(findTestObject("INT/RGS(M4)/1_M4_spin", ["M4_login_user_id":M4_login_user_id, "rgs_session_token":rgs_session_token, "partner":Partner])): Send request and verify the response successfully

2019-08-24 12:11:44 - [MESSAGE][INFO] - HAR: /Users/eiralee/Katalon_Script/SuperWild/Reports/20190824_120919/INT/superWild_3/20190824_120919/requests/main/41.har

2019-08-24 12:11:44 - [TEST_CASE][PASSED] - Start Test Case : Verification: Verification accomplished successfully

2019-08-24 12:11:44 - [TEST_STEP][PASSED] - request = getInstance().getCurrentRequest(): null

2019-08-24 12:11:44 - [TEST_STEP][PASSED] - response = getInstance().getCurrentResponse(): null

2019-08-24 12:11:44 - [TEST_STEP][PASSED] - verifyResponseStatusCode(response, 200): Verify response status code successfully

2019-08-24 12:11:44 - [MESSAGE][PASSED] - Verify response status code successfully

2019-08-24 12:11:44 - [TEST_STEP][PASSED] - getStatusCode()).isEqualTo(200): null

2019-08-24 12:11:44 - [TEST_STEP][PASSED] - newline = System.getProperty("line.separator"): null

2019-08-24 12:11:44 - [TEST_STEP][PASSED] - M4_spin = new groovy.json.JsonSlurper(): null

2019-08-24 12:11:44 - [TEST_STEP][PASSED] - result_M4_spin = M4_spin.parseText(response.getResponseBodyContent()): null

2019-08-24 12:11:44 - [TEST_STEP][PASSED] - M4_spin_current_balance = current_balance: null

2019-08-24 12:11:44 - [TEST_STEP][PASSED] - M4_spin_current_balance = M4_spin_current_balance: null

2019-08-24 12:11:44 - [TEST_STEP][PASSED] - M4_spin_transaction_id = causality: null

2019-08-24 12:11:44 - [TEST_STEP][PASSED] - M4_spin_transaction_id = M4_spin_transaction_id: null

2019-08-24 12:11:44 - [TEST_STEP][PASSED] - M4_spin_round_id = round_id: null

2019-08-24 12:11:44 - [TEST_STEP][PASSED] - M4_spin_round_id = M4_spin_round_id: null

2019-08-24 12:11:44 - [TEST_STEP][PASSED] - M4_spin_line_wins = line_wins: null

2019-08-24 12:11:44 - [TEST_STEP][PASSED] - M4_spin_line_wins = M4_spin_line_wins: null

2019-08-24 12:11:44 - [TEST_STEP][PASSED] - M4_total_bonus_spins_int = total_bonus_spins: null

2019-08-24 12:11:44 - [TEST_STEP][PASSED] - println("******M4_total_bonus_spins type is:*******" + newline + getClass().getName()): null

2019-08-24 12:11:44 - [TEST_STEP][PASSED] - M4_total_bonus_spins_int = M4_total_bonus_spins_int: null

2019-08-24 12:11:44 - [TEST_STEP][PASSED] - M4_total_bonus_spins = Integer.toString(M4_total_bonus_spins_int): null

2019-08-24 12:11:44 - [TEST_STEP][PASSED] - M4_total_bonus_spins = M4_total_bonus_spins: null

2019-08-24 12:11:44 - [TEST_STEP][PASSED] - println("M4_total_bonus_spins is:" + M4_total_bonus_spins): null

2019-08-24 12:11:44 - [TEST_STEP][PASSED] - M4_spin_bonus_data = bonus_data: null

2019-08-24 12:11:44 - [TEST_STEP][PASSED] - M4_spin_features_triggered = result_M4_spin: null

2019-08-24 12:11:44 - [TEST_STEP][PASSED] - wild = []: null

2019-08-24 12:11:44 - [TEST_STEP][PASSED] - wild[0] = "WILD_Expanding": null

2019-08-24 12:11:44 - [TEST_STEP][PASSED] - wild[1] = "WILD_Normal": null

2019-08-24 12:11:44 - [TEST_STEP][PASSED] - wild[2] = "WILD_Double": null

2019-08-24 12:11:44 - [TEST_STEP][PASSED] - wild[3] = "WILD_ExtraFG": null

2019-08-24 12:11:44 - [TEST_STEP][PASSED] - wild[4] = "WILD_Triple": null

2019-08-24 12:11:44 - [TEST_STEP][PASSED] - wildList = Arrays.asList(wild): null

2019-08-24 12:11:44 - [TEST_STEP][PASSED] - wildList = wildList: null

2019-08-24 12:11:44 - [TEST_STEP][PASSED] - free_spin_reel_counter = []: null

2019-08-24 12:11:44 - [TEST_STEP][PASSED] - free_spin_reel_counter[0] = 0: null

2019-08-24 12:11:44 - [TEST_STEP][PASSED] - free_spin_reel_counter[1] = 0: null

2019-08-24 12:11:44 - [TEST_STEP][PASSED] - free_spin_reel_counter[2] = 0: null

2019-08-24 12:11:44 - [TEST_STEP][PASSED] - M4_spin_reels = reels: null

2019-08-24 12:11:44 - [TEST_STEP][PASSED] - for ([i = 0, i &lt; M4_spin_reels.size(), (i++)]): null

2019-08-24 12:11:44 - [TEST_STEP][PASSED] - symbols = symbols: null

2019-08-24 12:11:44 - [TEST_STEP][PASSED] - for ([j = 0, j &lt; symbols.size(), (j++)]): null

2019-08-24 12:11:44 - [TEST_STEP][PASSED] - symbol = symbol: null

2019-08-24 12:11:44 - [TEST_STEP][PASSED] - println(symbol): null

2019-08-24 12:11:44 - [TEST_STEP][PASSED] - if (i == 2 &amp;&amp; wildList.indexOf(symbol) != -1): null

2019-08-24 12:11:44 - [TEST_STEP][PASSED] - if (i == 3 &amp;&amp; wildList.indexOf(symbol) != -1): null

2019-08-24 12:11:44 - [TEST_STEP][PASSED] - if (i == 4 &amp;&amp; wildList.indexOf(symbol) != -1): null

2019-08-24 12:11:44 - [TEST_STEP][PASSED] - symbol = symbol: null

2019-08-24 12:11:44 - [TEST_STEP][PASSED] - println(symbol): null

2019-08-24 12:11:44 - [TEST_STEP][PASSED] - if (i == 2 &amp;&amp; wildList.indexOf(symbol) != -1): null

2019-08-24 12:11:44 - [TEST_STEP][PASSED] - if (i == 3 &amp;&amp; wildList.indexOf(symbol) != -1): null

2019-08-24 12:11:44 - [TEST_STEP][PASSED] - if (i == 4 &amp;&amp; wildList.indexOf(symbol) != -1): null

2019-08-24 12:11:44 - [TEST_STEP][PASSED] - symbol = symbol: null

2019-08-24 12:11:44 - [TEST_STEP][PASSED] - println(symbol): null

2019-08-24 12:11:44 - [TEST_STEP][PASSED] - if (i == 2 &amp;&amp; wildList.indexOf(symbol) != -1): null

2019-08-24 12:11:44 - [TEST_STEP][PASSED] - if (i == 3 &amp;&amp; wildList.indexOf(symbol) != -1): null

2019-08-24 12:11:44 - [TEST_STEP][PASSED] - if (i == 4 &amp;&amp; wildList.indexOf(symbol) != -1): null

2019-08-24 12:11:44 - [TEST_STEP][PASSED] - symbols = symbols: null

2019-08-24 12:11:44 - [TEST_STEP][PASSED] - for ([j = 0, j &lt; symbols.size(), (j++)]): null

2019-08-24 12:11:44 - [TEST_STEP][PASSED] - symbol = symbol: null

2019-08-24 12:11:44 - [TEST_STEP][PASSED] - println(symbol): null

2019-08-24 12:11:44 - [TEST_STEP][PASSED] - if (i == 2 &amp;&amp; wildList.indexOf(symbol) != -1): null

2019-08-24 12:11:44 - [TEST_STEP][PASSED] - if (i == 3 &amp;&amp; wildList.indexOf(symbol) != -1): null

2019-08-24 12:11:44 - [TEST_STEP][PASSED] - if (i == 4 &amp;&amp; wildList.indexOf(symbol) != -1): null

2019-08-24 12:11:44 - [TEST_STEP][PASSED] - symbol = symbol: null

2019-08-24 12:11:44 - [TEST_STEP][PASSED] - println(symbol): null

2019-08-24 12:11:44 - [TEST_STEP][PASSED] - if (i == 2 &amp;&amp; wildList.indexOf(symbol) != -1): null

2019-08-24 12:11:44 - [TEST_STEP][PASSED] - if (i == 3 &amp;&amp; wildList.indexOf(symbol) != -1): null

2019-08-24 12:11:44 - [TEST_STEP][PASSED] - if (i == 4 &amp;&amp; wildList.indexOf(symbol) != -1): null

2019-08-24 12:11:44 - [TEST_STEP][PASSED] - symbol = symbol: null

2019-08-24 12:11:44 - [TEST_STEP][PASSED] - println(symbol): null

2019-08-24 12:11:44 - [TEST_STEP][PASSED] - if (i == 2 &amp;&amp; wildList.indexOf(symbol) != -1): null

2019-08-24 12:11:44 - [TEST_STEP][PASSED] - if (i == 3 &amp;&amp; wildList.indexOf(symbol) != -1): null

2019-08-24 12:11:44 - [TEST_STEP][PASSED] - if (i == 4 &amp;&amp; wildList.indexOf(symbol) != -1): null

2019-08-24 12:11:44 - [TEST_STEP][PASSED] - symbols = symbols: null

2019-08-24 12:11:44 - [TEST_STEP][PASSED] - for ([j = 0, j &lt; symbols.size(), (j++)]): null

2019-08-24 12:11:44 - [TEST_STEP][PASSED] - symbol = symbol: null

2019-08-24 12:11:44 - [TEST_STEP][PASSED] - println(symbol): null

2019-08-24 12:11:44 - [TEST_STEP][PASSED] - if (i == 2 &amp;&amp; wildList.indexOf(symbol) != -1): null

2019-08-24 12:11:44 - [TEST_STEP][PASSED] - if (i == 3 &amp;&amp; wildList.indexOf(symbol) != -1): null

2019-08-24 12:11:44 - [TEST_STEP][PASSED] - if (i == 4 &amp;&amp; wildList.indexOf(symbol) != -1): null

2019-08-24 12:11:44 - [TEST_STEP][PASSED] - symbol = symbol: null

2019-08-24 12:11:44 - [TEST_STEP][PASSED] - println(symbol): null

2019-08-24 12:11:44 - [TEST_STEP][PASSED] - if (i == 2 &amp;&amp; wildList.indexOf(symbol) != -1): null

2019-08-24 12:11:44 - [TEST_STEP][PASSED] - println("wild found on reel 3, adding counter by 1"): null

2019-08-24 12:11:44 - [TEST_STEP][PASSED] - free_spin_reel_counter[0] = free_spin_reel_counter[0] + 1: null

2019-08-24 12:11:44 - [TEST_STEP][PASSED] - if (i == 3 &amp;&amp; wildList.indexOf(symbol) != -1): null

2019-08-24 12:11:44 - [TEST_STEP][PASSED] - if (i == 4 &amp;&amp; wildList.indexOf(symbol) != -1): null

2019-08-24 12:11:44 - [TEST_STEP][PASSED] - symbol = symbol: null

2019-08-24 12:11:44 - [TEST_STEP][PASSED] - println(symbol): null

2019-08-24 12:11:44 - [TEST_STEP][PASSED] - if (i == 2 &amp;&amp; wildList.indexOf(symbol) != -1): null

2019-08-24 12:11:44 - [TEST_STEP][PASSED] - if (i == 3 &amp;&amp; wildList.indexOf(symbol) != -1): null

2019-08-24 12:11:44 - [TEST_STEP][PASSED] - if (i == 4 &amp;&amp; wildList.indexOf(symbol) != -1): null

2019-08-24 12:11:44 - [TEST_STEP][PASSED] - symbols = symbols: null

2019-08-24 12:11:44 - [TEST_STEP][PASSED] - for ([j = 0, j &lt; symbols.size(), (j++)]): null

2019-08-24 12:11:44 - [TEST_STEP][PASSED] - symbol = symbol: null

2019-08-24 12:11:44 - [TEST_STEP][PASSED] - println(symbol): null

2019-08-24 12:11:44 - [TEST_STEP][PASSED] - if (i == 2 &amp;&amp; wildList.indexOf(symbol) != -1): null

2019-08-24 12:11:44 - [TEST_STEP][PASSED] - if (i == 3 &amp;&amp; wildList.indexOf(symbol) != -1): null

2019-08-24 12:11:44 - [TEST_STEP][PASSED] - if (i == 4 &amp;&amp; wildList.indexOf(symbol) != -1): null

2019-08-24 12:11:44 - [TEST_STEP][PASSED] - symbol = symbol: null

2019-08-24 12:11:44 - [TEST_STEP][PASSED] - println(symbol): null

2019-08-24 12:11:44 - [TEST_STEP][PASSED] - if (i == 2 &amp;&amp; wildList.indexOf(symbol) != -1): null

2019-08-24 12:11:44 - [TEST_STEP][PASSED] - if (i == 3 &amp;&amp; wildList.indexOf(symbol) != -1): null

2019-08-24 12:11:44 - [TEST_STEP][PASSED] - println("wild found on reel 4, adding counter by 1"): null

2019-08-24 12:11:44 - [TEST_STEP][PASSED] - free_spin_reel_counter[1] = free_spin_reel_counter[1] + 1: null

2019-08-24 12:11:44 - [TEST_STEP][PASSED] - if (i == 4 &amp;&amp; wildList.indexOf(symbol) != -1): null

2019-08-24 12:11:44 - [TEST_STEP][PASSED] - symbol = symbol: null

2019-08-24 12:11:44 - [TEST_STEP][PASSED] - println(symbol): null

2019-08-24 12:11:44 - [TEST_STEP][PASSED] - if (i == 2 &amp;&amp; wildList.indexOf(symbol) != -1): null

2019-08-24 12:11:44 - [TEST_STEP][PASSED] - if (i == 3 &amp;&amp; wildList.indexOf(symbol) != -1): null

2019-08-24 12:11:44 - [TEST_STEP][PASSED] - if (i == 4 &amp;&amp; wildList.indexOf(symbol) != -1): null

2019-08-24 12:11:44 - [TEST_STEP][PASSED] - symbols = symbols: null

2019-08-24 12:11:44 - [TEST_STEP][PASSED] - for ([j = 0, j &lt; symbols.size(), (j++)]): null

2019-08-24 12:11:44 - [TEST_STEP][PASSED] - symbol = symbol: null

2019-08-24 12:11:44 - [TEST_STEP][PASSED] - println(symbol): null

2019-08-24 12:11:44 - [TEST_STEP][PASSED] - if (i == 2 &amp;&amp; wildList.indexOf(symbol) != -1): null

2019-08-24 12:11:44 - [TEST_STEP][PASSED] - if (i == 3 &amp;&amp; wildList.indexOf(symbol) != -1): null

2019-08-24 12:11:44 - [TEST_STEP][PASSED] - if (i == 4 &amp;&amp; wildList.indexOf(symbol) != -1): null

2019-08-24 12:11:44 - [TEST_STEP][PASSED] - symbol = symbol: null

2019-08-24 12:11:44 - [TEST_STEP][PASSED] - println(symbol): null

2019-08-24 12:11:44 - [TEST_STEP][PASSED] - if (i == 2 &amp;&amp; wildList.indexOf(symbol) != -1): null

2019-08-24 12:11:44 - [TEST_STEP][PASSED] - if (i == 3 &amp;&amp; wildList.indexOf(symbol) != -1): null

2019-08-24 12:11:44 - [TEST_STEP][PASSED] - if (i == 4 &amp;&amp; wildList.indexOf(symbol) != -1): null

2019-08-24 12:11:44 - [TEST_STEP][PASSED] - symbol = symbol: null

2019-08-24 12:11:44 - [TEST_STEP][PASSED] - println(symbol): null

2019-08-24 12:11:44 - [TEST_STEP][PASSED] - if (i == 2 &amp;&amp; wildList.indexOf(symbol) != -1): null

2019-08-24 12:11:44 - [TEST_STEP][PASSED] - if (i == 3 &amp;&amp; wildList.indexOf(symbol) != -1): null

2019-08-24 12:11:44 - [TEST_STEP][PASSED] - if (i == 4 &amp;&amp; wildList.indexOf(symbol) != -1): null

2019-08-24 12:11:44 - [TEST_STEP][PASSED] - free_spin_reel_counter = free_spin_reel_counter: null

2019-08-24 12:11:44 - [TEST_STEP][PASSED] - println("reel 3 wild found: " + free_spin_reel_counter[0]): null

2019-08-24 12:11:44 - [TEST_STEP][PASSED] - println("reel 4 wild found: " + free_spin_reel_counter[1]): null

2019-08-24 12:11:44 - [TEST_STEP][PASSED] - println("reel 5 wild found: " + free_spin_reel_counter[2]): null

2019-08-24 12:11:44 - [TEST_STEP][PASSED] - M4_spin_reels = M4_spin_reels: null

2019-08-24 12:11:44 - [TEST_STEP][PASSED] - M4_spin_reels_symbols = symbol: null

2019-08-24 12:11:44 - [TEST_STEP][PASSED] - M4_spin_reels_symbols = M4_spin_reels_symbols: null

2019-08-24 12:11:44 - [TEST_STEP][PASSED] - M4_spin_reel_wins = reel_wins: null

2019-08-24 12:11:44 - [TEST_STEP][PASSED] - M4_spin_reel_wins = M4_spin_reel_wins: null

2019-08-24 12:11:44 - [TEST_STEP][PASSED] - println("GlobalVariable.M4_spin_reel_wins is: " + M4_spin_reel_wins): null

2019-08-24 12:11:44 - [TEST_STEP][PASSED] - M4_spin_total_bonus_win_this_round = total_bonus_win_this_round: null

2019-08-24 12:11:44 - [TEST_STEP][PASSED] - M4_spin_total_bonus_win_this_round = M4_spin_total_bonus_win_this_round: null

2019-08-24 12:11:44 - [TEST_STEP][PASSED] - println("GlobalVariable.M4_spin_total_bonus_win_this_round is: " + M4_spin_total_bonus_win_this_round): null

2019-08-24 12:11:44 - [TEST_STEP][PASSED] - M4_spin_bonus_spin_result = spin_result: null

2019-08-24 12:11:44 - [TEST_STEP][PASSED] - M4_spin_bonus_spin_result = M4_spin_bonus_spin_result: null

2019-08-24 12:11:44 - [MESSAGE][PASSED] - Verify response successfully

2019-08-24 12:11:44 - [MESSAGE][PASSED] - Send request and verify the response successfully

2019-08-24 12:11:44 - [TEST_STEP][PASSED] - if (M4_total_bonus_spins_int != 0 &amp;&amp; M4_spin_reels_symbols[2].contains("WILD_ExtraFG") || M4_spin_reels_symbols[3].contains("WILD_ExtraFG")): null

2019-08-24 12:11:44 - [TEST_STEP][PASSED] - free_spin_reel_counter = free_spin_reel_counter: null

2019-08-24 12:11:44 - [TEST_STEP][PASSED] - M4_spin_reels_symbols = M4_spin_reels_symbols: null

2019-08-24 12:11:44 - [TEST_STEP][PASSED] - M4_total_bonus_spins = M4_total_bonus_spins: null

2019-08-24 12:11:44 - [TEST_STEP][PASSED] - spin_result = sendRequestAndVerify(findTestObject("INT/RGS(M4)/1_M4_spin", ["M4_login_user_id":M4_login_user_id, "rgs_session_token":rgs_session_token, "partner":Partner])): Send request and verify the response successfully

2019-08-24 12:11:45 - [MESSAGE][INFO] - HAR: /Users/eiralee/Katalon_Script/SuperWild/Reports/20190824_120919/INT/superWild_3/20190824_120919/requests/main/42.har

2019-08-24 12:11:45 - [TEST_CASE][PASSED] - Start Test Case : Verification: Verification accomplished successfully

2019-08-24 12:11:45 - [TEST_STEP][PASSED] - request = getInstance().getCurrentRequest(): null

2019-08-24 12:11:45 - [TEST_STEP][PASSED] - response = getInstance().getCurrentResponse(): null

2019-08-24 12:11:45 - [TEST_STEP][PASSED] - verifyResponseStatusCode(response, 200): Verify response status code successfully

2019-08-24 12:11:45 - [MESSAGE][PASSED] - Verify response status code successfully

2019-08-24 12:11:45 - [TEST_STEP][PASSED] - getStatusCode()).isEqualTo(200): null

2019-08-24 12:11:45 - [TEST_STEP][PASSED] - newline = System.getProperty("line.separator"): null

2019-08-24 12:11:45 - [TEST_STEP][PASSED] - M4_spin = new groovy.json.JsonSlurper(): null

2019-08-24 12:11:45 - [TEST_STEP][PASSED] - result_M4_spin = M4_spin.parseText(response.getResponseBodyContent()): null

2019-08-24 12:11:45 - [TEST_STEP][PASSED] - M4_spin_current_balance = current_balance: null

2019-08-24 12:11:45 - [TEST_STEP][PASSED] - M4_spin_current_balance = M4_spin_current_balance: null

2019-08-24 12:11:45 - [TEST_STEP][PASSED] - M4_spin_transaction_id = causality: null

2019-08-24 12:11:45 - [TEST_STEP][PASSED] - M4_spin_transaction_id = M4_spin_transaction_id: null

2019-08-24 12:11:45 - [TEST_STEP][PASSED] - M4_spin_round_id = round_id: null

2019-08-24 12:11:45 - [TEST_STEP][PASSED] - M4_spin_round_id = M4_spin_round_id: null

2019-08-24 12:11:45 - [TEST_STEP][PASSED] - M4_spin_line_wins = line_wins: null

2019-08-24 12:11:45 - [TEST_STEP][PASSED] - M4_spin_line_wins = M4_spin_line_wins: null

2019-08-24 12:11:45 - [TEST_STEP][PASSED] - M4_total_bonus_spins_int = total_bonus_spins: null

2019-08-24 12:11:45 - [TEST_STEP][PASSED] - println("******M4_total_bonus_spins type is:*******" + newline + getClass().getName()): null

2019-08-24 12:11:45 - [TEST_STEP][PASSED] - M4_total_bonus_spins_int = M4_total_bonus_spins_int: null

2019-08-24 12:11:45 - [TEST_STEP][PASSED] - M4_total_bonus_spins = Integer.toString(M4_total_bonus_spins_int): null

2019-08-24 12:11:45 - [TEST_STEP][PASSED] - M4_total_bonus_spins = M4_total_bonus_spins: null

2019-08-24 12:11:45 - [TEST_STEP][PASSED] - println("M4_total_bonus_spins is:" + M4_total_bonus_spins): null

2019-08-24 12:11:45 - [TEST_STEP][PASSED] - M4_spin_bonus_data = bonus_data: null

2019-08-24 12:11:45 - [TEST_STEP][PASSED] - M4_spin_features_triggered = result_M4_spin: null

2019-08-24 12:11:45 - [TEST_STEP][PASSED] - wild = []: null

2019-08-24 12:11:45 - [TEST_STEP][PASSED] - wild[0] = "WILD_Expanding": null

2019-08-24 12:11:45 - [TEST_STEP][PASSED] - wild[1] = "WILD_Normal": null

2019-08-24 12:11:45 - [TEST_STEP][PASSED] - wild[2] = "WILD_Double": null

2019-08-24 12:11:45 - [TEST_STEP][PASSED] - wild[3] = "WILD_ExtraFG": null

2019-08-24 12:11:45 - [TEST_STEP][PASSED] - wild[4] = "WILD_Triple": null

2019-08-24 12:11:45 - [TEST_STEP][PASSED] - wildList = Arrays.asList(wild): null

2019-08-24 12:11:45 - [TEST_STEP][PASSED] - wildList = wildList: null

2019-08-24 12:11:45 - [TEST_STEP][PASSED] - free_spin_reel_counter = []: null

2019-08-24 12:11:45 - [TEST_STEP][PASSED] - free_spin_reel_counter[0] = 0: null

2019-08-24 12:11:45 - [TEST_STEP][PASSED] - free_spin_reel_counter[1] = 0: null

2019-08-24 12:11:45 - [TEST_STEP][PASSED] - free_spin_reel_counter[2] = 0: null

2019-08-24 12:11:45 - [TEST_STEP][PASSED] - M4_spin_reels = reels: null

2019-08-24 12:11:45 - [TEST_STEP][PASSED] - for ([i = 0, i &lt; M4_spin_reels.size(), (i++)]): null

2019-08-24 12:11:45 - [TEST_STEP][PASSED] - symbols = symbols: null

2019-08-24 12:11:45 - [TEST_STEP][PASSED] - for ([j = 0, j &lt; symbols.size(), (j++)]): null

2019-08-24 12:11:45 - [TEST_STEP][PASSED] - symbol = symbol: null

2019-08-24 12:11:45 - [TEST_STEP][PASSED] - println(symbol): null

2019-08-24 12:11:45 - [TEST_STEP][PASSED] - if (i == 2 &amp;&amp; wildList.indexOf(symbol) != -1): null

2019-08-24 12:11:45 - [TEST_STEP][PASSED] - if (i == 3 &amp;&amp; wildList.indexOf(symbol) != -1): null

2019-08-24 12:11:45 - [TEST_STEP][PASSED] - if (i == 4 &amp;&amp; wildList.indexOf(symbol) != -1): null

2019-08-24 12:11:45 - [TEST_STEP][PASSED] - symbol = symbol: null

2019-08-24 12:11:45 - [TEST_STEP][PASSED] - println(symbol): null

2019-08-24 12:11:45 - [TEST_STEP][PASSED] - if (i == 2 &amp;&amp; wildList.indexOf(symbol) != -1): null

2019-08-24 12:11:45 - [TEST_STEP][PASSED] - if (i == 3 &amp;&amp; wildList.indexOf(symbol) != -1): null

2019-08-24 12:11:45 - [TEST_STEP][PASSED] - if (i == 4 &amp;&amp; wildList.indexOf(symbol) != -1): null

2019-08-24 12:11:45 - [TEST_STEP][PASSED] - symbol = symbol: null

2019-08-24 12:11:45 - [TEST_STEP][PASSED] - println(symbol): null

2019-08-24 12:11:45 - [TEST_STEP][PASSED] - if (i == 2 &amp;&amp; wildList.indexOf(symbol) != -1): null

2019-08-24 12:11:45 - [TEST_STEP][PASSED] - if (i == 3 &amp;&amp; wildList.indexOf(symbol) != -1): null

2019-08-24 12:11:49 - [TEST_STEP][PASSED] - if (i == 4 &amp;&amp; wildList.indexOf(symbol) != -1): null

2019-08-24 12:11:49 - [TEST_STEP][PASSED] - symbols = symbols: null

2019-08-24 12:11:49 - [TEST_STEP][PASSED] - for ([j = 0, j &lt; symbols.size(), (j++)]): null

2019-08-24 12:11:49 - [TEST_STEP][PASSED] - symbol = symbol: null

2019-08-24 12:11:49 - [TEST_STEP][PASSED] - println(symbol): null

2019-08-24 12:11:49 - [TEST_STEP][PASSED] - if (i == 2 &amp;&amp; wildList.indexOf(symbol) != -1): null

2019-08-24 12:11:49 - [TEST_STEP][PASSED] - if (i == 3 &amp;&amp; wildList.indexOf(symbol) != -1): null

2019-08-24 12:11:49 - [TEST_STEP][PASSED] - if (i == 4 &amp;&amp; wildList.indexOf(symbol) != -1): null

2019-08-24 12:11:49 - [TEST_STEP][PASSED] - symbol = symbol: null

2019-08-24 12:11:49 - [TEST_STEP][PASSED] - println(symbol): null

2019-08-24 12:11:51 - [TEST_STEP][PASSED] - if (i == 2 &amp;&amp; wildList.indexOf(symbol) != -1): null

2019-08-24 12:11:51 - [TEST_STEP][PASSED] - if (i == 3 &amp;&amp; wildList.indexOf(symbol) != -1): null

2019-08-24 12:11:51 - [TEST_STEP][PASSED] - if (i == 4 &amp;&amp; wildList.indexOf(symbol) != -1): null

2019-08-24 12:11:51 - [TEST_STEP][PASSED] - symbol = symbol: null

2019-08-24 12:11:51 - [TEST_STEP][PASSED] - println(symbol): null

2019-08-24 12:11:51 - [TEST_STEP][PASSED] - if (i == 2 &amp;&amp; wildList.indexOf(symbol) != -1): null

2019-08-24 12:11:51 - [TEST_STEP][PASSED] - if (i == 3 &amp;&amp; wildList.indexOf(symbol) != -1): null

2019-08-24 12:11:51 - [TEST_STEP][PASSED] - if (i == 4 &amp;&amp; wildList.indexOf(symbol) != -1): null

2019-08-24 12:11:51 - [TEST_STEP][PASSED] - symbols = symbols: null

2019-08-24 12:11:51 - [TEST_STEP][PASSED] - for ([j = 0, j &lt; symbols.size(), (j++)]): null

2019-08-24 12:11:51 - [TEST_STEP][PASSED] - symbol = symbol: null

2019-08-24 12:11:51 - [TEST_STEP][PASSED] - println(symbol): null

2019-08-24 12:11:51 - [TEST_STEP][PASSED] - if (i == 2 &amp;&amp; wildList.indexOf(symbol) != -1): null

2019-08-24 12:11:51 - [TEST_STEP][PASSED] - if (i == 3 &amp;&amp; wildList.indexOf(symbol) != -1): null

2019-08-24 12:11:51 - [TEST_STEP][PASSED] - if (i == 4 &amp;&amp; wildList.indexOf(symbol) != -1): null

2019-08-24 12:11:51 - [TEST_STEP][PASSED] - symbol = symbol: null

2019-08-24 12:11:51 - [TEST_STEP][PASSED] - println(symbol): null

2019-08-24 12:11:51 - [TEST_STEP][PASSED] - if (i == 2 &amp;&amp; wildList.indexOf(symbol) != -1): null

2019-08-24 12:11:51 - [TEST_STEP][PASSED] - if (i == 3 &amp;&amp; wildList.indexOf(symbol) != -1): null

2019-08-24 12:11:51 - [TEST_STEP][PASSED] - if (i == 4 &amp;&amp; wildList.indexOf(symbol) != -1): null

2019-08-24 12:11:51 - [TEST_STEP][PASSED] - symbol = symbol: null

2019-08-24 12:11:51 - [TEST_STEP][PASSED] - println(symbol): null

2019-08-24 12:11:51 - [TEST_STEP][PASSED] - if (i == 2 &amp;&amp; wildList.indexOf(symbol) != -1): null

2019-08-24 12:11:51 - [TEST_STEP][PASSED] - println("wild found on reel 3, adding counter by 1"): null

2019-08-24 12:11:51 - [TEST_STEP][PASSED] - free_spin_reel_counter[0] = free_spin_reel_counter[0] + 1: null

2019-08-24 12:11:51 - [TEST_STEP][PASSED] - if (i == 3 &amp;&amp; wildList.indexOf(symbol) != -1): null

2019-08-24 12:11:51 - [TEST_STEP][PASSED] - if (i == 4 &amp;&amp; wildList.indexOf(symbol) != -1): null

2019-08-24 12:11:51 - [TEST_STEP][PASSED] - symbols = symbols: null

2019-08-24 12:11:51 - [TEST_STEP][PASSED] - for ([j = 0, j &lt; symbols.size(), (j++)]): null

2019-08-24 12:11:51 - [TEST_STEP][PASSED] - symbol = symbol: null

2019-08-24 12:11:51 - [TEST_STEP][PASSED] - println(symbol): null

2019-08-24 12:11:51 - [TEST_STEP][PASSED] - if (i == 2 &amp;&amp; wildList.indexOf(symbol) != -1): null

2019-08-24 12:11:51 - [TEST_STEP][PASSED] - if (i == 3 &amp;&amp; wildList.indexOf(symbol) != -1): null

2019-08-24 12:11:51 - [TEST_STEP][PASSED] - if (i == 4 &amp;&amp; wildList.indexOf(symbol) != -1): null

2019-08-24 12:11:51 - [TEST_STEP][PASSED] - symbol = symbol: null

2019-08-24 12:11:51 - [TEST_STEP][PASSED] - println(symbol): null

2019-08-24 12:11:51 - [TEST_STEP][PASSED] - if (i == 2 &amp;&amp; wildList.indexOf(symbol) != -1): null

2019-08-24 12:11:51 - [TEST_STEP][PASSED] - if (i == 3 &amp;&amp; wildList.indexOf(symbol) != -1): null

2019-08-24 12:11:51 - [TEST_STEP][PASSED] - if (i == 4 &amp;&amp; wildList.indexOf(symbol) != -1): null

2019-08-24 12:11:51 - [TEST_STEP][PASSED] - symbol = symbol: null

2019-08-24 12:11:51 - [TEST_STEP][PASSED] - println(symbol): null

2019-08-24 12:11:51 - [TEST_STEP][PASSED] - if (i == 2 &amp;&amp; wildList.indexOf(symbol) != -1): null

2019-08-24 12:11:51 - [TEST_STEP][PASSED] - if (i == 3 &amp;&amp; wildList.indexOf(symbol) != -1): null

2019-08-24 12:11:51 - [TEST_STEP][PASSED] - if (i == 4 &amp;&amp; wildList.indexOf(symbol) != -1): null

2019-08-24 12:11:51 - [TEST_STEP][PASSED] - symbols = symbols: null

2019-08-24 12:11:51 - [TEST_STEP][PASSED] - for ([j = 0, j &lt; symbols.size(), (j++)]): null

2019-08-24 12:11:51 - [TEST_STEP][PASSED] - symbol = symbol: null

2019-08-24 12:11:51 - [TEST_STEP][PASSED] - println(symbol): null

2019-08-24 12:11:51 - [TEST_STEP][PASSED] - if (i == 2 &amp;&amp; wildList.indexOf(symbol) != -1): null

2019-08-24 12:11:51 - [TEST_STEP][PASSED] - if (i == 3 &amp;&amp; wildList.indexOf(symbol) != -1): null

2019-08-24 12:11:51 - [TEST_STEP][PASSED] - if (i == 4 &amp;&amp; wildList.indexOf(symbol) != -1): null

2019-08-24 12:11:51 - [TEST_STEP][PASSED] - symbol = symbol: null

2019-08-24 12:11:51 - [TEST_STEP][PASSED] - println(symbol): null

2019-08-24 12:11:51 - [TEST_STEP][PASSED] - if (i == 2 &amp;&amp; wildList.indexOf(symbol) != -1): null

2019-08-24 12:11:51 - [TEST_STEP][PASSED] - if (i == 3 &amp;&amp; wildList.indexOf(symbol) != -1): null

2019-08-24 12:11:51 - [TEST_STEP][PASSED] - if (i == 4 &amp;&amp; wildList.indexOf(symbol) != -1): null

2019-08-24 12:11:51 - [TEST_STEP][PASSED] - symbol = symbol: null

2019-08-24 12:11:51 - [TEST_STEP][PASSED] - println(symbol): null

2019-08-24 12:11:51 - [TEST_STEP][PASSED] - if (i == 2 &amp;&amp; wildList.indexOf(symbol) != -1): null

2019-08-24 12:11:51 - [TEST_STEP][PASSED] - if (i == 3 &amp;&amp; wildList.indexOf(symbol) != -1): null

2019-08-24 12:11:51 - [TEST_STEP][PASSED] - if (i == 4 &amp;&amp; wildList.indexOf(symbol) != -1): null

2019-08-24 12:11:51 - [TEST_STEP][PASSED] - free_spin_reel_counter = free_spin_reel_counter: null

2019-08-24 12:11:51 - [TEST_STEP][PASSED] - println("reel 3 wild found: " + free_spin_reel_counter[0]): null

2019-08-24 12:11:51 - [TEST_STEP][PASSED] - println("reel 4 wild found: " + free_spin_reel_counter[1]): null

2019-08-24 12:11:51 - [TEST_STEP][PASSED] - println("reel 5 wild found: " + free_spin_reel_counter[2]): null

2019-08-24 12:11:51 - [TEST_STEP][PASSED] - M4_spin_reels = M4_spin_reels: null

2019-08-24 12:11:51 - [TEST_STEP][PASSED] - M4_spin_reels_symbols = symbol: null

2019-08-24 12:11:51 - [TEST_STEP][PASSED] - M4_spin_reels_symbols = M4_spin_reels_symbols: null

2019-08-24 12:11:51 - [TEST_STEP][PASSED] - M4_spin_reel_wins = reel_wins: null

2019-08-24 12:11:51 - [TEST_STEP][PASSED] - M4_spin_reel_wins = M4_spin_reel_wins: null

2019-08-24 12:11:51 - [TEST_STEP][PASSED] - println("GlobalVariable.M4_spin_reel_wins is: " + M4_spin_reel_wins): null

2019-08-24 12:11:51 - [TEST_STEP][PASSED] - M4_spin_total_bonus_win_this_round = total_bonus_win_this_round: null

2019-08-24 12:11:51 - [TEST_STEP][PASSED] - M4_spin_total_bonus_win_this_round = M4_spin_total_bonus_win_this_round: null

2019-08-24 12:11:51 - [TEST_STEP][PASSED] - println("GlobalVariable.M4_spin_total_bonus_win_this_round is: " + M4_spin_total_bonus_win_this_round): null

2019-08-24 12:11:51 - [TEST_STEP][PASSED] - M4_spin_bonus_spin_result = spin_result: null

2019-08-24 12:11:51 - [TEST_STEP][PASSED] - M4_spin_bonus_spin_result = M4_spin_bonus_spin_result: null

2019-08-24 12:11:51 - [MESSAGE][PASSED] - Verify response successfully

2019-08-24 12:11:51 - [MESSAGE][PASSED] - Send request and verify the response successfully

2019-08-24 12:11:51 - [TEST_STEP][PASSED] - if (M4_total_bonus_spins_int != 0 &amp;&amp; M4_spin_reels_symbols[2].contains("WILD_ExtraFG") || M4_spin_reels_symbols[3].contains("WILD_ExtraFG")): null

2019-08-24 12:11:51 - [TEST_STEP][PASSED] - free_spin_reel_counter = free_spin_reel_counter: null

2019-08-24 12:11:51 - [TEST_STEP][PASSED] - M4_spin_reels_symbols = M4_spin_reels_symbols: null

2019-08-24 12:11:51 - [TEST_STEP][PASSED] - M4_total_bonus_spins = M4_total_bonus_spins: null

2019-08-24 12:11:51 - [TEST_STEP][PASSED] - spin_result = sendRequestAndVerify(findTestObject("INT/RGS(M4)/1_M4_spin", ["M4_login_user_id":M4_login_user_id, "rgs_session_token":rgs_session_token, "partner":Partner])): Send request and verify the response successfully

2019-08-24 12:11:52 - [MESSAGE][INFO] - HAR: /Users/eiralee/Katalon_Script/SuperWild/Reports/20190824_120919/INT/superWild_3/20190824_120919/requests/main/43.har

2019-08-24 12:11:52 - [TEST_CASE][PASSED] - Start Test Case : Verification: Verification accomplished successfully

2019-08-24 12:11:52 - [TEST_STEP][PASSED] - request = getInstance().getCurrentRequest(): null

2019-08-24 12:11:52 - [TEST_STEP][PASSED] - response = getInstance().getCurrentResponse(): null

2019-08-24 12:11:52 - [TEST_STEP][PASSED] - verifyResponseStatusCode(response, 200): Verify response status code successfully

2019-08-24 12:11:52 - [MESSAGE][PASSED] - Verify response status code successfully

2019-08-24 12:11:52 - [TEST_STEP][PASSED] - getStatusCode()).isEqualTo(200): null

2019-08-24 12:11:52 - [TEST_STEP][PASSED] - newline = System.getProperty("line.separator"): null

2019-08-24 12:11:52 - [TEST_STEP][PASSED] - M4_spin = new groovy.json.JsonSlurper(): null

2019-08-24 12:11:52 - [TEST_STEP][PASSED] - result_M4_spin = M4_spin.parseText(response.getResponseBodyContent()): null

2019-08-24 12:11:52 - [TEST_STEP][PASSED] - M4_spin_current_balance = current_balance: null

2019-08-24 12:11:52 - [TEST_STEP][PASSED] - M4_spin_current_balance = M4_spin_current_balance: null

2019-08-24 12:11:52 - [TEST_STEP][PASSED] - M4_spin_transaction_id = causality: null

2019-08-24 12:11:52 - [TEST_STEP][PASSED] - M4_spin_transaction_id = M4_spin_transaction_id: null

2019-08-24 12:11:52 - [TEST_STEP][PASSED] - M4_spin_round_id = round_id: null

2019-08-24 12:11:52 - [TEST_STEP][PASSED] - M4_spin_round_id = M4_spin_round_id: null

2019-08-24 12:11:52 - [TEST_STEP][PASSED] - M4_spin_line_wins = line_wins: null

2019-08-24 12:11:52 - [TEST_STEP][PASSED] - M4_spin_line_wins = M4_spin_line_wins: null

2019-08-24 12:11:52 - [TEST_STEP][PASSED] - M4_total_bonus_spins_int = total_bonus_spins: null

2019-08-24 12:11:52 - [TEST_STEP][PASSED] - println("******M4_total_bonus_spins type is:*******" + newline + getClass().getName()): null

2019-08-24 12:11:52 - [TEST_STEP][PASSED] - M4_total_bonus_spins_int = M4_total_bonus_spins_int: null

2019-08-24 12:11:52 - [TEST_STEP][PASSED] - M4_total_bonus_spins = Integer.toString(M4_total_bonus_spins_int): null

2019-08-24 12:11:52 - [TEST_STEP][PASSED] - M4_total_bonus_spins = M4_total_bonus_spins: null

2019-08-24 12:11:52 - [TEST_STEP][PASSED] - println("M4_total_bonus_spins is:" + M4_total_bonus_spins): null

2019-08-24 12:11:52 - [TEST_STEP][PASSED] - M4_spin_bonus_data = bonus_data: null

2019-08-24 12:11:52 - [TEST_STEP][PASSED] - M4_spin_features_triggered = result_M4_spin: null

2019-08-24 12:11:52 - [TEST_STEP][PASSED] - wild = []: null

2019-08-24 12:11:52 - [TEST_STEP][PASSED] - wild[0] = "WILD_Expanding": null

2019-08-24 12:11:52 - [TEST_STEP][PASSED] - wild[1] = "WILD_Normal": null

2019-08-24 12:11:52 - [TEST_STEP][PASSED] - wild[2] = "WILD_Double": null

2019-08-24 12:11:52 - [TEST_STEP][PASSED] - wild[3] = "WILD_ExtraFG": null

2019-08-24 12:11:52 - [TEST_STEP][PASSED] - wild[4] = "WILD_Triple": null

2019-08-24 12:11:52 - [TEST_STEP][PASSED] - wildList = Arrays.asList(wild): null

2019-08-24 12:11:52 - [TEST_STEP][PASSED] - wildList = wildList: null

2019-08-24 12:11:52 - [TEST_STEP][PASSED] - free_spin_reel_counter = []: null

2019-08-24 12:11:52 - [TEST_STEP][PASSED] - free_spin_reel_counter[0] = 0: null

2019-08-24 12:11:52 - [TEST_STEP][PASSED] - free_spin_reel_counter[1] = 0: null

2019-08-24 12:11:52 - [TEST_STEP][PASSED] - free_spin_reel_counter[2] = 0: null

2019-08-24 12:11:52 - [TEST_STEP][PASSED] - M4_spin_reels = reels: null

2019-08-24 12:11:52 - [TEST_STEP][PASSED] - for ([i = 0, i &lt; M4_spin_reels.size(), (i++)]): null

2019-08-24 12:11:52 - [TEST_STEP][PASSED] - symbols = symbols: null

2019-08-24 12:11:52 - [TEST_STEP][PASSED] - for ([j = 0, j &lt; symbols.size(), (j++)]): null

2019-08-24 12:11:52 - [TEST_STEP][PASSED] - symbol = symbol: null

2019-08-24 12:11:52 - [TEST_STEP][PASSED] - println(symbol): null

2019-08-24 12:11:52 - [TEST_STEP][PASSED] - if (i == 2 &amp;&amp; wildList.indexOf(symbol) != -1): null

2019-08-24 12:11:52 - [TEST_STEP][PASSED] - if (i == 3 &amp;&amp; wildList.indexOf(symbol) != -1): null

2019-08-24 12:11:52 - [TEST_STEP][PASSED] - if (i == 4 &amp;&amp; wildList.indexOf(symbol) != -1): null

2019-08-24 12:11:52 - [TEST_STEP][PASSED] - symbol = symbol: null

2019-08-24 12:11:52 - [TEST_STEP][PASSED] - println(symbol): null

2019-08-24 12:11:52 - [TEST_STEP][PASSED] - if (i == 2 &amp;&amp; wildList.indexOf(symbol) != -1): null

2019-08-24 12:11:52 - [TEST_STEP][PASSED] - if (i == 3 &amp;&amp; wildList.indexOf(symbol) != -1): null

2019-08-24 12:11:52 - [TEST_STEP][PASSED] - if (i == 4 &amp;&amp; wildList.indexOf(symbol) != -1): null

2019-08-24 12:11:52 - [TEST_STEP][PASSED] - symbol = symbol: null

2019-08-24 12:11:52 - [TEST_STEP][PASSED] - println(symbol): null

2019-08-24 12:11:52 - [TEST_STEP][PASSED] - if (i == 2 &amp;&amp; wildList.indexOf(symbol) != -1): null

2019-08-24 12:11:52 - [TEST_STEP][PASSED] - if (i == 3 &amp;&amp; wildList.indexOf(symbol) != -1): null

2019-08-24 12:11:52 - [TEST_STEP][PASSED] - if (i == 4 &amp;&amp; wildList.indexOf(symbol) != -1): null

2019-08-24 12:11:52 - [TEST_STEP][PASSED] - symbols = symbols: null

2019-08-24 12:11:52 - [TEST_STEP][PASSED] - for ([j = 0, j &lt; symbols.size(), (j++)]): null

2019-08-24 12:11:52 - [TEST_STEP][PASSED] - symbol = symbol: null

2019-08-24 12:11:52 - [TEST_STEP][PASSED] - println(symbol): null

2019-08-24 12:11:52 - [TEST_STEP][PASSED] - if (i == 2 &amp;&amp; wildList.indexOf(symbol) != -1): null

2019-08-24 12:11:52 - [TEST_STEP][PASSED] - if (i == 3 &amp;&amp; wildList.indexOf(symbol) != -1): null

2019-08-24 12:11:52 - [TEST_STEP][PASSED] - if (i == 4 &amp;&amp; wildList.indexOf(symbol) != -1): null

2019-08-24 12:11:52 - [TEST_STEP][PASSED] - symbol = symbol: null

2019-08-24 12:11:52 - [TEST_STEP][PASSED] - println(symbol): null

2019-08-24 12:11:52 - [TEST_STEP][PASSED] - if (i == 2 &amp;&amp; wildList.indexOf(symbol) != -1): null

2019-08-24 12:11:52 - [TEST_STEP][PASSED] - if (i == 3 &amp;&amp; wildList.indexOf(symbol) != -1): null

2019-08-24 12:11:52 - [TEST_STEP][PASSED] - if (i == 4 &amp;&amp; wildList.indexOf(symbol) != -1): null

2019-08-24 12:11:52 - [TEST_STEP][PASSED] - symbol = symbol: null

2019-08-24 12:11:52 - [TEST_STEP][PASSED] - println(symbol): null

2019-08-24 12:11:52 - [TEST_STEP][PASSED] - if (i == 2 &amp;&amp; wildList.indexOf(symbol) != -1): null

2019-08-24 12:11:52 - [TEST_STEP][PASSED] - if (i == 3 &amp;&amp; wildList.indexOf(symbol) != -1): null

2019-08-24 12:11:52 - [TEST_STEP][PASSED] - if (i == 4 &amp;&amp; wildList.indexOf(symbol) != -1): null

2019-08-24 12:11:52 - [TEST_STEP][PASSED] - symbols = symbols: null

2019-08-24 12:11:52 - [TEST_STEP][PASSED] - for ([j = 0, j &lt; symbols.size(), (j++)]): null

2019-08-24 12:11:52 - [TEST_STEP][PASSED] - symbol = symbol: null

2019-08-24 12:11:52 - [TEST_STEP][PASSED] - println(symbol): null

2019-08-24 12:11:52 - [TEST_STEP][PASSED] - if (i == 2 &amp;&amp; wildList.indexOf(symbol) != -1): null

2019-08-24 12:11:52 - [TEST_STEP][PASSED] - if (i == 3 &amp;&amp; wildList.indexOf(symbol) != -1): null

2019-08-24 12:11:52 - [TEST_STEP][PASSED] - if (i == 4 &amp;&amp; wildList.indexOf(symbol) != -1): null

2019-08-24 12:11:52 - [TEST_STEP][PASSED] - symbol = symbol: null

2019-08-24 12:11:52 - [TEST_STEP][PASSED] - println(symbol): null

2019-08-24 12:11:52 - [TEST_STEP][PASSED] - if (i == 2 &amp;&amp; wildList.indexOf(symbol) != -1): null

2019-08-24 12:11:52 - [TEST_STEP][PASSED] - if (i == 3 &amp;&amp; wildList.indexOf(symbol) != -1): null

2019-08-24 12:11:52 - [TEST_STEP][PASSED] - if (i == 4 &amp;&amp; wildList.indexOf(symbol) != -1): null

2019-08-24 12:11:52 - [TEST_STEP][PASSED] - symbol = symbol: null

2019-08-24 12:11:52 - [TEST_STEP][PASSED] - println(symbol): null

2019-08-24 12:11:52 - [TEST_STEP][PASSED] - if (i == 2 &amp;&amp; wildList.indexOf(symbol) != -1): null

2019-08-24 12:11:52 - [TEST_STEP][PASSED] - if (i == 3 &amp;&amp; wildList.indexOf(symbol) != -1): null

2019-08-24 12:11:52 - [TEST_STEP][PASSED] - if (i == 4 &amp;&amp; wildList.indexOf(symbol) != -1): null

2019-08-24 12:11:52 - [TEST_STEP][PASSED] - symbols = symbols: null

2019-08-24 12:11:52 - [TEST_STEP][PASSED] - for ([j = 0, j &lt; symbols.size(), (j++)]): null

2019-08-24 12:11:52 - [TEST_STEP][PASSED] - symbol = symbol: null

2019-08-24 12:11:52 - [TEST_STEP][PASSED] - println(symbol): null

2019-08-24 12:11:52 - [TEST_STEP][PASSED] - if (i == 2 &amp;&amp; wildList.indexOf(symbol) != -1): null

2019-08-24 12:11:52 - [TEST_STEP][PASSED] - if (i == 3 &amp;&amp; wildList.indexOf(symbol) != -1): null

2019-08-24 12:11:52 - [TEST_STEP][PASSED] - if (i == 4 &amp;&amp; wildList.indexOf(symbol) != -1): null

2019-08-24 12:11:52 - [TEST_STEP][PASSED] - symbol = symbol: null

2019-08-24 12:11:52 - [TEST_STEP][PASSED] - println(symbol): null

2019-08-24 12:11:52 - [TEST_STEP][PASSED] - if (i == 2 &amp;&amp; wildList.indexOf(symbol) != -1): null

2019-08-24 12:11:52 - [TEST_STEP][PASSED] - if (i == 3 &amp;&amp; wildList.indexOf(symbol) != -1): null

2019-08-24 12:11:52 - [TEST_STEP][PASSED] - if (i == 4 &amp;&amp; wildList.indexOf(symbol) != -1): null

2019-08-24 12:11:52 - [TEST_STEP][PASSED] - symbol = symbol: null

2019-08-24 12:11:52 - [TEST_STEP][PASSED] - println(symbol): null

2019-08-24 12:11:52 - [TEST_STEP][PASSED] - if (i == 2 &amp;&amp; wildList.indexOf(symbol) != -1): null

2019-08-24 12:11:52 - [TEST_STEP][PASSED] - if (i == 3 &amp;&amp; wildList.indexOf(symbol) != -1): null

2019-08-24 12:11:52 - [TEST_STEP][PASSED] - if (i == 4 &amp;&amp; wildList.indexOf(symbol) != -1): null

2019-08-24 12:11:52 - [TEST_STEP][PASSED] - symbols = symbols: null

2019-08-24 12:11:52 - [TEST_STEP][PASSED] - for ([j = 0, j &lt; symbols.size(), (j++)]): null

2019-08-24 12:11:52 - [TEST_STEP][PASSED] - symbol = symbol: null

2019-08-24 12:11:52 - [TEST_STEP][PASSED] - println(symbol): null

2019-08-24 12:11:52 - [TEST_STEP][PASSED] - if (i == 2 &amp;&amp; wildList.indexOf(symbol) != -1): null

2019-08-24 12:11:52 - [TEST_STEP][PASSED] - if (i == 3 &amp;&amp; wildList.indexOf(symbol) != -1): null

2019-08-24 12:11:52 - [TEST_STEP][PASSED] - if (i == 4 &amp;&amp; wildList.indexOf(symbol) != -1): null

2019-08-24 12:11:52 - [TEST_STEP][PASSED] - symbol = symbol: null

2019-08-24 12:11:52 - [TEST_STEP][PASSED] - println(symbol): null

2019-08-24 12:11:52 - [TEST_STEP][PASSED] - if (i == 2 &amp;&amp; wildList.indexOf(symbol) != -1): null

2019-08-24 12:11:52 - [TEST_STEP][PASSED] - if (i == 3 &amp;&amp; wildList.indexOf(symbol) != -1): null

2019-08-24 12:11:52 - [TEST_STEP][PASSED] - if (i == 4 &amp;&amp; wildList.indexOf(symbol) != -1): null

2019-08-24 12:11:52 - [TEST_STEP][PASSED] - symbol = symbol: null

2019-08-24 12:11:52 - [TEST_STEP][PASSED] - println(symbol): null

2019-08-24 12:11:52 - [TEST_STEP][PASSED] - if (i == 2 &amp;&amp; wildList.indexOf(symbol) != -1): null

2019-08-24 12:11:52 - [TEST_STEP][PASSED] - if (i == 3 &amp;&amp; wildList.indexOf(symbol) != -1): null

2019-08-24 12:11:52 - [TEST_STEP][PASSED] - if (i == 4 &amp;&amp; wildList.indexOf(symbol) != -1): null

2019-08-24 12:11:52 - [TEST_STEP][PASSED] - free_spin_reel_counter = free_spin_reel_counter: null

2019-08-24 12:11:52 - [TEST_STEP][PASSED] - println("reel 3 wild found: " + free_spin_reel_counter[0]): null

2019-08-24 12:11:52 - [TEST_STEP][PASSED] - println("reel 4 wild found: " + free_spin_reel_counter[1]): null

2019-08-24 12:11:52 - [TEST_STEP][PASSED] - println("reel 5 wild found: " + free_spin_reel_counter[2]): null

2019-08-24 12:11:52 - [TEST_STEP][PASSED] - M4_spin_reels = M4_spin_reels: null

2019-08-24 12:11:52 - [TEST_STEP][PASSED] - M4_spin_reels_symbols = symbol: null

2019-08-24 12:11:52 - [TEST_STEP][PASSED] - M4_spin_reels_symbols = M4_spin_reels_symbols: null

2019-08-24 12:11:52 - [TEST_STEP][PASSED] - M4_spin_reel_wins = reel_wins: null

2019-08-24 12:11:52 - [TEST_STEP][PASSED] - M4_spin_reel_wins = M4_spin_reel_wins: null

2019-08-24 12:11:52 - [TEST_STEP][PASSED] - println("GlobalVariable.M4_spin_reel_wins is: " + M4_spin_reel_wins): null

2019-08-24 12:11:52 - [TEST_STEP][PASSED] - M4_spin_total_bonus_win_this_round = total_bonus_win_this_round: null

2019-08-24 12:11:52 - [TEST_STEP][PASSED] - M4_spin_total_bonus_win_this_round = M4_spin_total_bonus_win_this_round: null

2019-08-24 12:11:52 - [TEST_STEP][PASSED] - println("GlobalVariable.M4_spin_total_bonus_win_this_round is: " + M4_spin_total_bonus_win_this_round): null

2019-08-24 12:11:52 - [TEST_STEP][PASSED] - M4_spin_bonus_spin_result = spin_result: null

2019-08-24 12:11:52 - [TEST_STEP][PASSED] - M4_spin_bonus_spin_result = M4_spin_bonus_spin_result: null

2019-08-24 12:11:52 - [MESSAGE][PASSED] - Verify response successfully

2019-08-24 12:11:52 - [MESSAGE][PASSED] - Send request and verify the response successfully

2019-08-24 12:11:52 - [TEST_STEP][PASSED] - if (M4_total_bonus_spins_int != 0 &amp;&amp; M4_spin_reels_symbols[2].contains("WILD_ExtraFG") || M4_spin_reels_symbols[3].contains("WILD_ExtraFG")): null

2019-08-24 12:11:52 - [TEST_STEP][PASSED] - free_spin_reel_counter = free_spin_reel_counter: null

2019-08-24 12:11:52 - [TEST_STEP][PASSED] - M4_spin_reels_symbols = M4_spin_reels_symbols: null

2019-08-24 12:11:52 - [TEST_STEP][PASSED] - M4_total_bonus_spins = M4_total_bonus_spins: null

2019-08-24 12:11:52 - [TEST_STEP][PASSED] - spin_result = sendRequestAndVerify(findTestObject("INT/RGS(M4)/1_M4_spin", ["M4_login_user_id":M4_login_user_id, "rgs_session_token":rgs_session_token, "partner":Partner])): Send request and verify the response successfully

2019-08-24 12:11:52 - [MESSAGE][INFO] - HAR: /Users/eiralee/Katalon_Script/SuperWild/Reports/20190824_120919/INT/superWild_3/20190824_120919/requests/main/44.har

2019-08-24 12:11:52 - [TEST_CASE][PASSED] - Start Test Case : Verification: Verification accomplished successfully

2019-08-24 12:11:52 - [TEST_STEP][PASSED] - request = getInstance().getCurrentRequest(): null

2019-08-24 12:11:53 - [TEST_STEP][PASSED] - response = getInstance().getCurrentResponse(): null

2019-08-24 12:11:53 - [TEST_STEP][PASSED] - verifyResponseStatusCode(response, 200): Verify response status code successfully

2019-08-24 12:11:53 - [MESSAGE][PASSED] - Verify response status code successfully

2019-08-24 12:11:53 - [TEST_STEP][PASSED] - getStatusCode()).isEqualTo(200): null

2019-08-24 12:11:53 - [TEST_STEP][PASSED] - newline = System.getProperty("line.separator"): null

2019-08-24 12:11:53 - [TEST_STEP][PASSED] - M4_spin = new groovy.json.JsonSlurper(): null

2019-08-24 12:11:53 - [TEST_STEP][PASSED] - result_M4_spin = M4_spin.parseText(response.getResponseBodyContent()): null

2019-08-24 12:11:53 - [TEST_STEP][PASSED] - M4_spin_current_balance = current_balance: null

2019-08-24 12:11:53 - [TEST_STEP][PASSED] - M4_spin_current_balance = M4_spin_current_balance: null

2019-08-24 12:11:53 - [TEST_STEP][PASSED] - M4_spin_transaction_id = causality: null

2019-08-24 12:11:53 - [TEST_STEP][PASSED] - M4_spin_transaction_id = M4_spin_transaction_id: null

2019-08-24 12:11:53 - [TEST_STEP][PASSED] - M4_spin_round_id = round_id: null

2019-08-24 12:11:53 - [TEST_STEP][PASSED] - M4_spin_round_id = M4_spin_round_id: null

2019-08-24 12:11:53 - [TEST_STEP][PASSED] - M4_spin_line_wins = line_wins: null

2019-08-24 12:11:53 - [TEST_STEP][PASSED] - M4_spin_line_wins = M4_spin_line_wins: null

2019-08-24 12:11:53 - [TEST_STEP][PASSED] - M4_total_bonus_spins_int = total_bonus_spins: null

2019-08-24 12:11:53 - [TEST_STEP][PASSED] - println("******M4_total_bonus_spins type is:*******" + newline + getClass().getName()): null

2019-08-24 12:11:53 - [TEST_STEP][PASSED] - M4_total_bonus_spins_int = M4_total_bonus_spins_int: null

2019-08-24 12:11:53 - [TEST_STEP][PASSED] - M4_total_bonus_spins = Integer.toString(M4_total_bonus_spins_int): null

2019-08-24 12:11:53 - [TEST_STEP][PASSED] - M4_total_bonus_spins = M4_total_bonus_spins: null

2019-08-24 12:11:53 - [TEST_STEP][PASSED] - println("M4_total_bonus_spins is:" + M4_total_bonus_spins): null

2019-08-24 12:11:53 - [TEST_STEP][PASSED] - M4_spin_bonus_data = bonus_data: null

2019-08-24 12:11:53 - [TEST_STEP][PASSED] - M4_spin_features_triggered = result_M4_spin: null

2019-08-24 12:11:53 - [TEST_STEP][PASSED] - wild = []: null

2019-08-24 12:11:53 - [TEST_STEP][PASSED] - wild[0] = "WILD_Expanding": null

2019-08-24 12:11:53 - [TEST_STEP][PASSED] - wild[1] = "WILD_Normal": null

2019-08-24 12:11:53 - [TEST_STEP][PASSED] - wild[2] = "WILD_Double": null

2019-08-24 12:11:53 - [TEST_STEP][PASSED] - wild[3] = "WILD_ExtraFG": null

2019-08-24 12:11:53 - [TEST_STEP][PASSED] - wild[4] = "WILD_Triple": null

2019-08-24 12:11:53 - [TEST_STEP][PASSED] - wildList = Arrays.asList(wild): null

2019-08-24 12:11:53 - [TEST_STEP][PASSED] - wildList = wildList: null

2019-08-24 12:11:53 - [TEST_STEP][PASSED] - free_spin_reel_counter = []: null

2019-08-24 12:11:53 - [TEST_STEP][PASSED] - free_spin_reel_counter[0] = 0: null

2019-08-24 12:11:53 - [TEST_STEP][PASSED] - free_spin_reel_counter[1] = 0: null

2019-08-24 12:11:53 - [TEST_STEP][PASSED] - free_spin_reel_counter[2] = 0: null

2019-08-24 12:11:53 - [TEST_STEP][PASSED] - M4_spin_reels = reels: null

2019-08-24 12:11:53 - [TEST_STEP][PASSED] - for ([i = 0, i &lt; M4_spin_reels.size(), (i++)]): null

2019-08-24 12:11:53 - [TEST_STEP][PASSED] - symbols = symbols: null

2019-08-24 12:11:53 - [TEST_STEP][PASSED] - for ([j = 0, j &lt; symbols.size(), (j++)]): null

2019-08-24 12:11:53 - [TEST_STEP][PASSED] - symbol = symbol: null

2019-08-24 12:11:53 - [TEST_STEP][PASSED] - println(symbol): null

2019-08-24 12:11:53 - [TEST_STEP][PASSED] - if (i == 2 &amp;&amp; wildList.indexOf(symbol) != -1): null

2019-08-24 12:11:53 - [TEST_STEP][PASSED] - if (i == 3 &amp;&amp; wildList.indexOf(symbol) != -1): null

2019-08-24 12:11:53 - [TEST_STEP][PASSED] - if (i == 4 &amp;&amp; wildList.indexOf(symbol) != -1): null

2019-08-24 12:11:53 - [TEST_STEP][PASSED] - symbol = symbol: null

2019-08-24 12:11:53 - [TEST_STEP][PASSED] - println(symbol): null

2019-08-24 12:11:53 - [TEST_STEP][PASSED] - if (i == 2 &amp;&amp; wildList.indexOf(symbol) != -1): null

2019-08-24 12:11:53 - [TEST_STEP][PASSED] - if (i == 3 &amp;&amp; wildList.indexOf(symbol) != -1): null

2019-08-24 12:11:53 - [TEST_STEP][PASSED] - if (i == 4 &amp;&amp; wildList.indexOf(symbol) != -1): null

2019-08-24 12:11:53 - [TEST_STEP][PASSED] - symbol = symbol: null

2019-08-24 12:11:53 - [TEST_STEP][PASSED] - println(symbol): null

2019-08-24 12:11:53 - [TEST_STEP][PASSED] - if (i == 2 &amp;&amp; wildList.indexOf(symbol) != -1): null

2019-08-24 12:11:53 - [TEST_STEP][PASSED] - if (i == 3 &amp;&amp; wildList.indexOf(symbol) != -1): null

2019-08-24 12:11:53 - [TEST_STEP][PASSED] - if (i == 4 &amp;&amp; wildList.indexOf(symbol) != -1): null

2019-08-24 12:11:53 - [TEST_STEP][PASSED] - symbols = symbols: null

2019-08-24 12:11:53 - [TEST_STEP][PASSED] - for ([j = 0, j &lt; symbols.size(), (j++)]): null

2019-08-24 12:11:53 - [TEST_STEP][PASSED] - symbol = symbol: null

2019-08-24 12:11:53 - [TEST_STEP][PASSED] - println(symbol): null

2019-08-24 12:11:53 - [TEST_STEP][PASSED] - if (i == 2 &amp;&amp; wildList.indexOf(symbol) != -1): null

2019-08-24 12:11:53 - [TEST_STEP][PASSED] - if (i == 3 &amp;&amp; wildList.indexOf(symbol) != -1): null

2019-08-24 12:11:53 - [TEST_STEP][PASSED] - if (i == 4 &amp;&amp; wildList.indexOf(symbol) != -1): null

2019-08-24 12:11:53 - [TEST_STEP][PASSED] - symbol = symbol: null

2019-08-24 12:11:53 - [TEST_STEP][PASSED] - println(symbol): null

2019-08-24 12:11:53 - [TEST_STEP][PASSED] - if (i == 2 &amp;&amp; wildList.indexOf(symbol) != -1): null

2019-08-24 12:11:53 - [TEST_STEP][PASSED] - if (i == 3 &amp;&amp; wildList.indexOf(symbol) != -1): null

2019-08-24 12:11:53 - [TEST_STEP][PASSED] - if (i == 4 &amp;&amp; wildList.indexOf(symbol) != -1): null

2019-08-24 12:11:53 - [TEST_STEP][PASSED] - symbol = symbol: null

2019-08-24 12:11:53 - [TEST_STEP][PASSED] - println(symbol): null

2019-08-24 12:11:53 - [TEST_STEP][PASSED] - if (i == 2 &amp;&amp; wildList.indexOf(symbol) != -1): null

2019-08-24 12:11:53 - [TEST_STEP][PASSED] - if (i == 3 &amp;&amp; wildList.indexOf(symbol) != -1): null

2019-08-24 12:11:53 - [TEST_STEP][PASSED] - if (i == 4 &amp;&amp; wildList.indexOf(symbol) != -1): null

2019-08-24 12:11:53 - [TEST_STEP][PASSED] - symbols = symbols: null

2019-08-24 12:11:53 - [TEST_STEP][PASSED] - for ([j = 0, j &lt; symbols.size(), (j++)]): null

2019-08-24 12:11:53 - [TEST_STEP][PASSED] - symbol = symbol: null

2019-08-24 12:11:53 - [TEST_STEP][PASSED] - println(symbol): null

2019-08-24 12:11:53 - [TEST_STEP][PASSED] - if (i == 2 &amp;&amp; wildList.indexOf(symbol) != -1): null

2019-08-24 12:11:53 - [TEST_STEP][PASSED] - if (i == 3 &amp;&amp; wildList.indexOf(symbol) != -1): null

2019-08-24 12:11:53 - [TEST_STEP][PASSED] - if (i == 4 &amp;&amp; wildList.indexOf(symbol) != -1): null

2019-08-24 12:11:53 - [TEST_STEP][PASSED] - symbol = symbol: null

2019-08-24 12:11:53 - [TEST_STEP][PASSED] - println(symbol): null

2019-08-24 12:11:53 - [TEST_STEP][PASSED] - if (i == 2 &amp;&amp; wildList.indexOf(symbol) != -1): null

2019-08-24 12:11:53 - [TEST_STEP][PASSED] - if (i == 3 &amp;&amp; wildList.indexOf(symbol) != -1): null

2019-08-24 12:11:53 - [TEST_STEP][PASSED] - if (i == 4 &amp;&amp; wildList.indexOf(symbol) != -1): null

2019-08-24 12:11:53 - [TEST_STEP][PASSED] - symbol = symbol: null

2019-08-24 12:11:53 - [TEST_STEP][PASSED] - println(symbol): null

2019-08-24 12:11:53 - [TEST_STEP][PASSED] - if (i == 2 &amp;&amp; wildList.indexOf(symbol) != -1): null

2019-08-24 12:11:53 - [TEST_STEP][PASSED] - if (i == 3 &amp;&amp; wildList.indexOf(symbol) != -1): null

2019-08-24 12:11:53 - [TEST_STEP][PASSED] - if (i == 4 &amp;&amp; wildList.indexOf(symbol) != -1): null

2019-08-24 12:11:53 - [TEST_STEP][PASSED] - symbols = symbols: null

2019-08-24 12:11:53 - [TEST_STEP][PASSED] - for ([j = 0, j &lt; symbols.size(), (j++)]): null

2019-08-24 12:11:57 - [TEST_STEP][PASSED] - symbol = symbol: null

2019-08-24 12:11:57 - [TEST_STEP][PASSED] - println(symbol): null

2019-08-24 12:11:57 - [TEST_STEP][PASSED] - if (i == 2 &amp;&amp; wildList.indexOf(symbol) != -1): null

2019-08-24 12:11:57 - [TEST_STEP][PASSED] - if (i == 3 &amp;&amp; wildList.indexOf(symbol) != -1): null

2019-08-24 12:11:57 - [TEST_STEP][PASSED] - if (i == 4 &amp;&amp; wildList.indexOf(symbol) != -1): null

2019-08-24 12:11:57 - [TEST_STEP][PASSED] - symbol = symbol: null

2019-08-24 12:11:57 - [TEST_STEP][PASSED] - println(symbol): null

2019-08-24 12:11:57 - [TEST_STEP][PASSED] - if (i == 2 &amp;&amp; wildList.indexOf(symbol) != -1): null

2019-08-24 12:11:57 - [TEST_STEP][PASSED] - if (i == 3 &amp;&amp; wildList.indexOf(symbol) != -1): null

2019-08-24 12:11:57 - [TEST_STEP][PASSED] - if (i == 4 &amp;&amp; wildList.indexOf(symbol) != -1): null

2019-08-24 12:11:59 - [TEST_STEP][PASSED] - symbol = symbol: null

2019-08-24 12:11:59 - [TEST_STEP][PASSED] - println(symbol): null

2019-08-24 12:11:59 - [TEST_STEP][PASSED] - if (i == 2 &amp;&amp; wildList.indexOf(symbol) != -1): null

2019-08-24 12:11:59 - [TEST_STEP][PASSED] - if (i == 3 &amp;&amp; wildList.indexOf(symbol) != -1): null

2019-08-24 12:11:59 - [TEST_STEP][PASSED] - if (i == 4 &amp;&amp; wildList.indexOf(symbol) != -1): null

2019-08-24 12:11:59 - [TEST_STEP][PASSED] - symbols = symbols: null

2019-08-24 12:11:59 - [TEST_STEP][PASSED] - for ([j = 0, j &lt; symbols.size(), (j++)]): null

2019-08-24 12:11:59 - [TEST_STEP][PASSED] - symbol = symbol: null

2019-08-24 12:11:59 - [TEST_STEP][PASSED] - println(symbol): null

2019-08-24 12:11:59 - [TEST_STEP][PASSED] - if (i == 2 &amp;&amp; wildList.indexOf(symbol) != -1): null

2019-08-24 12:11:59 - [TEST_STEP][PASSED] - if (i == 3 &amp;&amp; wildList.indexOf(symbol) != -1): null

2019-08-24 12:11:59 - [TEST_STEP][PASSED] - if (i == 4 &amp;&amp; wildList.indexOf(symbol) != -1): null

2019-08-24 12:11:59 - [TEST_STEP][PASSED] - symbol = symbol: null

2019-08-24 12:11:59 - [TEST_STEP][PASSED] - println(symbol): null

2019-08-24 12:11:59 - [TEST_STEP][PASSED] - if (i == 2 &amp;&amp; wildList.indexOf(symbol) != -1): null

2019-08-24 12:11:59 - [TEST_STEP][PASSED] - if (i == 3 &amp;&amp; wildList.indexOf(symbol) != -1): null

2019-08-24 12:11:59 - [TEST_STEP][PASSED] - if (i == 4 &amp;&amp; wildList.indexOf(symbol) != -1): null

2019-08-24 12:11:59 - [TEST_STEP][PASSED] - symbol = symbol: null

2019-08-24 12:11:59 - [TEST_STEP][PASSED] - println(symbol): null

2019-08-24 12:11:59 - [TEST_STEP][PASSED] - if (i == 2 &amp;&amp; wildList.indexOf(symbol) != -1): null

2019-08-24 12:11:59 - [TEST_STEP][PASSED] - if (i == 3 &amp;&amp; wildList.indexOf(symbol) != -1): null

2019-08-24 12:11:59 - [TEST_STEP][PASSED] - if (i == 4 &amp;&amp; wildList.indexOf(symbol) != -1): null

2019-08-24 12:11:59 - [TEST_STEP][PASSED] - free_spin_reel_counter = free_spin_reel_counter: null

2019-08-24 12:11:59 - [TEST_STEP][PASSED] - println("reel 3 wild found: " + free_spin_reel_counter[0]): null

2019-08-24 12:11:59 - [TEST_STEP][PASSED] - println("reel 4 wild found: " + free_spin_reel_counter[1]): null

2019-08-24 12:11:59 - [TEST_STEP][PASSED] - println("reel 5 wild found: " + free_spin_reel_counter[2]): null

2019-08-24 12:11:59 - [TEST_STEP][PASSED] - M4_spin_reels = M4_spin_reels: null

2019-08-24 12:11:59 - [TEST_STEP][PASSED] - M4_spin_reels_symbols = symbol: null

2019-08-24 12:11:59 - [TEST_STEP][PASSED] - M4_spin_reels_symbols = M4_spin_reels_symbols: null

2019-08-24 12:11:59 - [TEST_STEP][PASSED] - M4_spin_reel_wins = reel_wins: null

2019-08-24 12:11:59 - [TEST_STEP][PASSED] - M4_spin_reel_wins = M4_spin_reel_wins: null

2019-08-24 12:11:59 - [TEST_STEP][PASSED] - println("GlobalVariable.M4_spin_reel_wins is: " + M4_spin_reel_wins): null

2019-08-24 12:11:59 - [TEST_STEP][PASSED] - M4_spin_total_bonus_win_this_round = total_bonus_win_this_round: null

2019-08-24 12:11:59 - [TEST_STEP][PASSED] - M4_spin_total_bonus_win_this_round = M4_spin_total_bonus_win_this_round: null

2019-08-24 12:11:59 - [TEST_STEP][PASSED] - println("GlobalVariable.M4_spin_total_bonus_win_this_round is: " + M4_spin_total_bonus_win_this_round): null

2019-08-24 12:11:59 - [TEST_STEP][PASSED] - M4_spin_bonus_spin_result = spin_result: null

2019-08-24 12:11:59 - [TEST_STEP][PASSED] - M4_spin_bonus_spin_result = M4_spin_bonus_spin_result: null

2019-08-24 12:11:59 - [MESSAGE][PASSED] - Verify response successfully

2019-08-24 12:11:59 - [MESSAGE][PASSED] - Send request and verify the response successfully

2019-08-24 12:11:59 - [TEST_STEP][PASSED] - if (M4_total_bonus_spins_int != 0 &amp;&amp; M4_spin_reels_symbols[2].contains("WILD_ExtraFG") || M4_spin_reels_symbols[3].contains("WILD_ExtraFG")): null

2019-08-24 12:11:59 - [TEST_STEP][PASSED] - free_spin_reel_counter = free_spin_reel_counter: null

2019-08-24 12:11:59 - [TEST_STEP][PASSED] - M4_spin_reels_symbols = M4_spin_reels_symbols: null

2019-08-24 12:11:59 - [TEST_STEP][PASSED] - M4_total_bonus_spins = M4_total_bonus_spins: null

2019-08-24 12:11:59 - [TEST_STEP][PASSED] - spin_result = sendRequestAndVerify(findTestObject("INT/RGS(M4)/1_M4_spin", ["M4_login_user_id":M4_login_user_id, "rgs_session_token":rgs_session_token, "partner":Partner])): Send request and verify the response successfully

2019-08-24 12:12:00 - [MESSAGE][INFO] - HAR: /Users/eiralee/Katalon_Script/SuperWild/Reports/20190824_120919/INT/superWild_3/20190824_120919/requests/main/45.har

2019-08-24 12:12:00 - [TEST_CASE][PASSED] - Start Test Case : Verification: Verification accomplished successfully

2019-08-24 12:12:00 - [TEST_STEP][PASSED] - request = getInstance().getCurrentRequest(): null

2019-08-24 12:12:00 - [TEST_STEP][PASSED] - response = getInstance().getCurrentResponse(): null

2019-08-24 12:12:00 - [TEST_STEP][PASSED] - verifyResponseStatusCode(response, 200): Verify response status code successfully

2019-08-24 12:12:00 - [MESSAGE][PASSED] - Verify response status code successfully

2019-08-24 12:12:00 - [TEST_STEP][PASSED] - getStatusCode()).isEqualTo(200): null

2019-08-24 12:12:00 - [TEST_STEP][PASSED] - newline = System.getProperty("line.separator"): null

2019-08-24 12:12:00 - [TEST_STEP][PASSED] - M4_spin = new groovy.json.JsonSlurper(): null

2019-08-24 12:12:00 - [TEST_STEP][PASSED] - result_M4_spin = M4_spin.parseText(response.getResponseBodyContent()): null

2019-08-24 12:12:00 - [TEST_STEP][PASSED] - M4_spin_current_balance = current_balance: null

2019-08-24 12:12:00 - [TEST_STEP][PASSED] - M4_spin_current_balance = M4_spin_current_balance: null

2019-08-24 12:12:00 - [TEST_STEP][PASSED] - M4_spin_transaction_id = causality: null

2019-08-24 12:12:00 - [TEST_STEP][PASSED] - M4_spin_transaction_id = M4_spin_transaction_id: null

2019-08-24 12:12:00 - [TEST_STEP][PASSED] - M4_spin_round_id = round_id: null

2019-08-24 12:12:00 - [TEST_STEP][PASSED] - M4_spin_round_id = M4_spin_round_id: null

2019-08-24 12:12:00 - [TEST_STEP][PASSED] - M4_spin_line_wins = line_wins: null

2019-08-24 12:12:00 - [TEST_STEP][PASSED] - M4_spin_line_wins = M4_spin_line_wins: null

2019-08-24 12:12:00 - [TEST_STEP][PASSED] - M4_total_bonus_spins_int = total_bonus_spins: null

2019-08-24 12:12:00 - [TEST_STEP][PASSED] - println("******M4_total_bonus_spins type is:*******" + newline + getClass().getName()): null

2019-08-24 12:12:00 - [TEST_STEP][PASSED] - M4_total_bonus_spins_int = M4_total_bonus_spins_int: null

2019-08-24 12:12:00 - [TEST_STEP][PASSED] - M4_total_bonus_spins = Integer.toString(M4_total_bonus_spins_int): null

2019-08-24 12:12:00 - [TEST_STEP][PASSED] - M4_total_bonus_spins = M4_total_bonus_spins: null

2019-08-24 12:12:00 - [TEST_STEP][PASSED] - println("M4_total_bonus_spins is:" + M4_total_bonus_spins): null

2019-08-24 12:12:00 - [TEST_STEP][PASSED] - M4_spin_bonus_data = bonus_data: null

2019-08-24 12:12:00 - [TEST_STEP][PASSED] - M4_spin_features_triggered = result_M4_spin: null

2019-08-24 12:12:00 - [TEST_STEP][PASSED] - wild = []: null

2019-08-24 12:12:00 - [TEST_STEP][PASSED] - wild[0] = "WILD_Expanding": null

2019-08-24 12:12:00 - [TEST_STEP][PASSED] - wild[1] = "WILD_Normal": null

2019-08-24 12:12:00 - [TEST_STEP][PASSED] - wild[2] = "WILD_Double": null

2019-08-24 12:12:00 - [TEST_STEP][PASSED] - wild[3] = "WILD_ExtraFG": null

2019-08-24 12:12:00 - [TEST_STEP][PASSED] - wild[4] = "WILD_Triple": null

2019-08-24 12:12:00 - [TEST_STEP][PASSED] - wildList = Arrays.asList(wild): null

2019-08-24 12:12:00 - [TEST_STEP][PASSED] - wildList = wildList: null

2019-08-24 12:12:00 - [TEST_STEP][PASSED] - free_spin_reel_counter = []: null

2019-08-24 12:12:00 - [TEST_STEP][PASSED] - free_spin_reel_counter[0] = 0: null

2019-08-24 12:12:00 - [TEST_STEP][PASSED] - free_spin_reel_counter[1] = 0: null

2019-08-24 12:12:00 - [TEST_STEP][PASSED] - free_spin_reel_counter[2] = 0: null

2019-08-24 12:12:00 - [TEST_STEP][PASSED] - M4_spin_reels = reels: null

2019-08-24 12:12:00 - [TEST_STEP][PASSED] - for ([i = 0, i &lt; M4_spin_reels.size(), (i++)]): null

2019-08-24 12:12:00 - [TEST_STEP][PASSED] - symbols = symbols: null

2019-08-24 12:12:00 - [TEST_STEP][PASSED] - for ([j = 0, j &lt; symbols.size(), (j++)]): null

2019-08-24 12:12:00 - [TEST_STEP][PASSED] - symbol = symbol: null

2019-08-24 12:12:00 - [TEST_STEP][PASSED] - println(symbol): null

2019-08-24 12:12:00 - [TEST_STEP][PASSED] - if (i == 2 &amp;&amp; wildList.indexOf(symbol) != -1): null

2019-08-24 12:12:00 - [TEST_STEP][PASSED] - if (i == 3 &amp;&amp; wildList.indexOf(symbol) != -1): null

2019-08-24 12:12:00 - [TEST_STEP][PASSED] - if (i == 4 &amp;&amp; wildList.indexOf(symbol) != -1): null

2019-08-24 12:12:00 - [TEST_STEP][PASSED] - symbol = symbol: null

2019-08-24 12:12:00 - [TEST_STEP][PASSED] - println(symbol): null

2019-08-24 12:12:00 - [TEST_STEP][PASSED] - if (i == 2 &amp;&amp; wildList.indexOf(symbol) != -1): null

2019-08-24 12:12:00 - [TEST_STEP][PASSED] - if (i == 3 &amp;&amp; wildList.indexOf(symbol) != -1): null

2019-08-24 12:12:00 - [TEST_STEP][PASSED] - if (i == 4 &amp;&amp; wildList.indexOf(symbol) != -1): null

2019-08-24 12:12:00 - [TEST_STEP][PASSED] - symbol = symbol: null

2019-08-24 12:12:00 - [TEST_STEP][PASSED] - println(symbol): null

2019-08-24 12:12:00 - [TEST_STEP][PASSED] - if (i == 2 &amp;&amp; wildList.indexOf(symbol) != -1): null

2019-08-24 12:12:00 - [TEST_STEP][PASSED] - if (i == 3 &amp;&amp; wildList.indexOf(symbol) != -1): null

2019-08-24 12:12:00 - [TEST_STEP][PASSED] - if (i == 4 &amp;&amp; wildList.indexOf(symbol) != -1): null

2019-08-24 12:12:00 - [TEST_STEP][PASSED] - symbols = symbols: null

2019-08-24 12:12:00 - [TEST_STEP][PASSED] - for ([j = 0, j &lt; symbols.size(), (j++)]): null

2019-08-24 12:12:00 - [TEST_STEP][PASSED] - symbol = symbol: null

2019-08-24 12:12:00 - [TEST_STEP][PASSED] - println(symbol): null

2019-08-24 12:12:00 - [TEST_STEP][PASSED] - if (i == 2 &amp;&amp; wildList.indexOf(symbol) != -1): null

2019-08-24 12:12:00 - [TEST_STEP][PASSED] - if (i == 3 &amp;&amp; wildList.indexOf(symbol) != -1): null

2019-08-24 12:12:00 - [TEST_STEP][PASSED] - if (i == 4 &amp;&amp; wildList.indexOf(symbol) != -1): null

2019-08-24 12:12:00 - [TEST_STEP][PASSED] - symbol = symbol: null

2019-08-24 12:12:00 - [TEST_STEP][PASSED] - println(symbol): null

2019-08-24 12:12:00 - [TEST_STEP][PASSED] - if (i == 2 &amp;&amp; wildList.indexOf(symbol) != -1): null

2019-08-24 12:12:00 - [TEST_STEP][PASSED] - if (i == 3 &amp;&amp; wildList.indexOf(symbol) != -1): null

2019-08-24 12:12:00 - [TEST_STEP][PASSED] - if (i == 4 &amp;&amp; wildList.indexOf(symbol) != -1): null

2019-08-24 12:12:00 - [TEST_STEP][PASSED] - symbol = symbol: null

2019-08-24 12:12:00 - [TEST_STEP][PASSED] - println(symbol): null

2019-08-24 12:12:00 - [TEST_STEP][PASSED] - if (i == 2 &amp;&amp; wildList.indexOf(symbol) != -1): null

2019-08-24 12:12:00 - [TEST_STEP][PASSED] - if (i == 3 &amp;&amp; wildList.indexOf(symbol) != -1): null

2019-08-24 12:12:00 - [TEST_STEP][PASSED] - if (i == 4 &amp;&amp; wildList.indexOf(symbol) != -1): null

2019-08-24 12:12:00 - [TEST_STEP][PASSED] - symbols = symbols: null

2019-08-24 12:12:00 - [TEST_STEP][PASSED] - for ([j = 0, j &lt; symbols.size(), (j++)]): null

2019-08-24 12:12:00 - [TEST_STEP][PASSED] - symbol = symbol: null

2019-08-24 12:12:00 - [TEST_STEP][PASSED] - println(symbol): null

2019-08-24 12:12:00 - [TEST_STEP][PASSED] - if (i == 2 &amp;&amp; wildList.indexOf(symbol) != -1): null

2019-08-24 12:12:00 - [TEST_STEP][PASSED] - if (i == 3 &amp;&amp; wildList.indexOf(symbol) != -1): null

2019-08-24 12:12:00 - [TEST_STEP][PASSED] - if (i == 4 &amp;&amp; wildList.indexOf(symbol) != -1): null

2019-08-24 12:12:00 - [TEST_STEP][PASSED] - symbol = symbol: null

2019-08-24 12:12:00 - [TEST_STEP][PASSED] - println(symbol): null

2019-08-24 12:12:00 - [TEST_STEP][PASSED] - if (i == 2 &amp;&amp; wildList.indexOf(symbol) != -1): null

2019-08-24 12:12:00 - [TEST_STEP][PASSED] - if (i == 3 &amp;&amp; wildList.indexOf(symbol) != -1): null

2019-08-24 12:12:00 - [TEST_STEP][PASSED] - if (i == 4 &amp;&amp; wildList.indexOf(symbol) != -1): null

2019-08-24 12:12:00 - [TEST_STEP][PASSED] - symbol = symbol: null

2019-08-24 12:12:00 - [TEST_STEP][PASSED] - println(symbol): null

2019-08-24 12:12:00 - [TEST_STEP][PASSED] - if (i == 2 &amp;&amp; wildList.indexOf(symbol) != -1): null

2019-08-24 12:12:00 - [TEST_STEP][PASSED] - println("wild found on reel 3, adding counter by 1"): null

2019-08-24 12:12:00 - [TEST_STEP][PASSED] - free_spin_reel_counter[0] = free_spin_reel_counter[0] + 1: null

2019-08-24 12:12:00 - [TEST_STEP][PASSED] - if (i == 3 &amp;&amp; wildList.indexOf(symbol) != -1): null

2019-08-24 12:12:00 - [TEST_STEP][PASSED] - if (i == 4 &amp;&amp; wildList.indexOf(symbol) != -1): null

2019-08-24 12:12:00 - [TEST_STEP][PASSED] - symbols = symbols: null

2019-08-24 12:12:00 - [TEST_STEP][PASSED] - for ([j = 0, j &lt; symbols.size(), (j++)]): null

2019-08-24 12:12:00 - [TEST_STEP][PASSED] - symbol = symbol: null

2019-08-24 12:12:00 - [TEST_STEP][PASSED] - println(symbol): null

2019-08-24 12:12:00 - [TEST_STEP][PASSED] - if (i == 2 &amp;&amp; wildList.indexOf(symbol) != -1): null

2019-08-24 12:12:00 - [TEST_STEP][PASSED] - if (i == 3 &amp;&amp; wildList.indexOf(symbol) != -1): null

2019-08-24 12:12:00 - [TEST_STEP][PASSED] - if (i == 4 &amp;&amp; wildList.indexOf(symbol) != -1): null

2019-08-24 12:12:00 - [TEST_STEP][PASSED] - symbol = symbol: null

2019-08-24 12:12:00 - [TEST_STEP][PASSED] - println(symbol): null

2019-08-24 12:12:00 - [TEST_STEP][PASSED] - if (i == 2 &amp;&amp; wildList.indexOf(symbol) != -1): null

2019-08-24 12:12:00 - [TEST_STEP][PASSED] - if (i == 3 &amp;&amp; wildList.indexOf(symbol) != -1): null

2019-08-24 12:12:00 - [TEST_STEP][PASSED] - if (i == 4 &amp;&amp; wildList.indexOf(symbol) != -1): null

2019-08-24 12:12:00 - [TEST_STEP][PASSED] - symbol = symbol: null

2019-08-24 12:12:00 - [TEST_STEP][PASSED] - println(symbol): null

2019-08-24 12:12:00 - [TEST_STEP][PASSED] - if (i == 2 &amp;&amp; wildList.indexOf(symbol) != -1): null

2019-08-24 12:12:00 - [TEST_STEP][PASSED] - if (i == 3 &amp;&amp; wildList.indexOf(symbol) != -1): null

2019-08-24 12:12:00 - [TEST_STEP][PASSED] - if (i == 4 &amp;&amp; wildList.indexOf(symbol) != -1): null

2019-08-24 12:12:00 - [TEST_STEP][PASSED] - symbols = symbols: null

2019-08-24 12:12:00 - [TEST_STEP][PASSED] - for ([j = 0, j &lt; symbols.size(), (j++)]): null

2019-08-24 12:12:00 - [TEST_STEP][PASSED] - symbol = symbol: null

2019-08-24 12:12:00 - [TEST_STEP][PASSED] - println(symbol): null

2019-08-24 12:12:00 - [TEST_STEP][PASSED] - if (i == 2 &amp;&amp; wildList.indexOf(symbol) != -1): null

2019-08-24 12:12:00 - [TEST_STEP][PASSED] - if (i == 3 &amp;&amp; wildList.indexOf(symbol) != -1): null

2019-08-24 12:12:00 - [TEST_STEP][PASSED] - if (i == 4 &amp;&amp; wildList.indexOf(symbol) != -1): null

2019-08-24 12:12:00 - [TEST_STEP][PASSED] - symbol = symbol: null

2019-08-24 12:12:00 - [TEST_STEP][PASSED] - println(symbol): null

2019-08-24 12:12:00 - [TEST_STEP][PASSED] - if (i == 2 &amp;&amp; wildList.indexOf(symbol) != -1): null

2019-08-24 12:12:00 - [TEST_STEP][PASSED] - if (i == 3 &amp;&amp; wildList.indexOf(symbol) != -1): null

2019-08-24 12:12:00 - [TEST_STEP][PASSED] - if (i == 4 &amp;&amp; wildList.indexOf(symbol) != -1): null

2019-08-24 12:12:00 - [TEST_STEP][PASSED] - symbol = symbol: null

2019-08-24 12:12:00 - [TEST_STEP][PASSED] - println(symbol): null

2019-08-24 12:12:00 - [TEST_STEP][PASSED] - if (i == 2 &amp;&amp; wildList.indexOf(symbol) != -1): null

2019-08-24 12:12:00 - [TEST_STEP][PASSED] - if (i == 3 &amp;&amp; wildList.indexOf(symbol) != -1): null

2019-08-24 12:12:00 - [TEST_STEP][PASSED] - if (i == 4 &amp;&amp; wildList.indexOf(symbol) != -1): null

2019-08-24 12:12:00 - [TEST_STEP][PASSED] - free_spin_reel_counter = free_spin_reel_counter: null

2019-08-24 12:12:00 - [TEST_STEP][PASSED] - println("reel 3 wild found: " + free_spin_reel_counter[0]): null

2019-08-24 12:12:00 - [TEST_STEP][PASSED] - println("reel 4 wild found: " + free_spin_reel_counter[1]): null

2019-08-24 12:12:00 - [TEST_STEP][PASSED] - println("reel 5 wild found: " + free_spin_reel_counter[2]): null

2019-08-24 12:12:00 - [TEST_STEP][PASSED] - M4_spin_reels = M4_spin_reels: null

2019-08-24 12:12:00 - [TEST_STEP][PASSED] - M4_spin_reels_symbols = symbol: null

2019-08-24 12:12:00 - [TEST_STEP][PASSED] - M4_spin_reels_symbols = M4_spin_reels_symbols: null

2019-08-24 12:12:00 - [TEST_STEP][PASSED] - M4_spin_reel_wins = reel_wins: null

2019-08-24 12:12:00 - [TEST_STEP][PASSED] - M4_spin_reel_wins = M4_spin_reel_wins: null

2019-08-24 12:12:00 - [TEST_STEP][PASSED] - println("GlobalVariable.M4_spin_reel_wins is: " + M4_spin_reel_wins): null

2019-08-24 12:12:00 - [TEST_STEP][PASSED] - M4_spin_total_bonus_win_this_round = total_bonus_win_this_round: null

2019-08-24 12:12:00 - [TEST_STEP][PASSED] - M4_spin_total_bonus_win_this_round = M4_spin_total_bonus_win_this_round: null

2019-08-24 12:12:00 - [TEST_STEP][PASSED] - println("GlobalVariable.M4_spin_total_bonus_win_this_round is: " + M4_spin_total_bonus_win_this_round): null

2019-08-24 12:12:00 - [TEST_STEP][PASSED] - M4_spin_bonus_spin_result = spin_result: null

2019-08-24 12:12:00 - [TEST_STEP][PASSED] - M4_spin_bonus_spin_result = M4_spin_bonus_spin_result: null

2019-08-24 12:12:00 - [MESSAGE][PASSED] - Verify response successfully

2019-08-24 12:12:00 - [MESSAGE][PASSED] - Send request and verify the response successfully

2019-08-24 12:12:00 - [TEST_STEP][PASSED] - if (M4_total_bonus_spins_int != 0 &amp;&amp; M4_spin_reels_symbols[2].contains("WILD_ExtraFG") || M4_spin_reels_symbols[3].contains("WILD_ExtraFG")): null

2019-08-24 12:12:00 - [TEST_STEP][PASSED] - free_spin_reel_counter = free_spin_reel_counter: null

2019-08-24 12:12:00 - [TEST_STEP][PASSED] - M4_spin_reels_symbols = M4_spin_reels_symbols: null

2019-08-24 12:12:00 - [TEST_STEP][PASSED] - M4_total_bonus_spins = M4_total_bonus_spins: null

2019-08-24 12:12:00 - [TEST_STEP][PASSED] - spin_result = sendRequestAndVerify(findTestObject("INT/RGS(M4)/1_M4_spin", ["M4_login_user_id":M4_login_user_id, "rgs_session_token":rgs_session_token, "partner":Partner])): Send request and verify the response successfully

2019-08-24 12:12:01 - [MESSAGE][INFO] - HAR: /Users/eiralee/Katalon_Script/SuperWild/Reports/20190824_120919/INT/superWild_3/20190824_120919/requests/main/46.har

2019-08-24 12:12:01 - [TEST_CASE][PASSED] - Start Test Case : Verification: Verification accomplished successfully

2019-08-24 12:12:01 - [TEST_STEP][PASSED] - request = getInstance().getCurrentRequest(): null

2019-08-24 12:12:01 - [TEST_STEP][PASSED] - response = getInstance().getCurrentResponse(): null

2019-08-24 12:12:01 - [TEST_STEP][PASSED] - verifyResponseStatusCode(response, 200): Verify response status code successfully

2019-08-24 12:12:01 - [MESSAGE][PASSED] - Verify response status code successfully

2019-08-24 12:12:01 - [TEST_STEP][PASSED] - getStatusCode()).isEqualTo(200): null

2019-08-24 12:12:01 - [TEST_STEP][PASSED] - newline = System.getProperty("line.separator"): null

2019-08-24 12:12:01 - [TEST_STEP][PASSED] - M4_spin = new groovy.json.JsonSlurper(): null

2019-08-24 12:12:01 - [TEST_STEP][PASSED] - result_M4_spin = M4_spin.parseText(response.getResponseBodyContent()): null

2019-08-24 12:12:01 - [TEST_STEP][PASSED] - M4_spin_current_balance = current_balance: null

2019-08-24 12:12:01 - [TEST_STEP][PASSED] - M4_spin_current_balance = M4_spin_current_balance: null

2019-08-24 12:12:01 - [TEST_STEP][PASSED] - M4_spin_transaction_id = causality: null

2019-08-24 12:12:01 - [TEST_STEP][PASSED] - M4_spin_transaction_id = M4_spin_transaction_id: null

2019-08-24 12:12:01 - [TEST_STEP][PASSED] - M4_spin_round_id = round_id: null

2019-08-24 12:12:01 - [TEST_STEP][PASSED] - M4_spin_round_id = M4_spin_round_id: null

2019-08-24 12:12:01 - [TEST_STEP][PASSED] - M4_spin_line_wins = line_wins: null

2019-08-24 12:12:01 - [TEST_STEP][PASSED] - M4_spin_line_wins = M4_spin_line_wins: null

2019-08-24 12:12:01 - [TEST_STEP][PASSED] - M4_total_bonus_spins_int = total_bonus_spins: null

2019-08-24 12:12:01 - [TEST_STEP][PASSED] - println("******M4_total_bonus_spins type is:*******" + newline + getClass().getName()): null

2019-08-24 12:12:01 - [TEST_STEP][PASSED] - M4_total_bonus_spins_int = M4_total_bonus_spins_int: null

2019-08-24 12:12:01 - [TEST_STEP][PASSED] - M4_total_bonus_spins = Integer.toString(M4_total_bonus_spins_int): null

2019-08-24 12:12:01 - [TEST_STEP][PASSED] - M4_total_bonus_spins = M4_total_bonus_spins: null

2019-08-24 12:12:01 - [TEST_STEP][PASSED] - println("M4_total_bonus_spins is:" + M4_total_bonus_spins): null

2019-08-24 12:12:01 - [TEST_STEP][PASSED] - M4_spin_bonus_data = bonus_data: null

2019-08-24 12:12:01 - [TEST_STEP][PASSED] - M4_spin_features_triggered = result_M4_spin: null

2019-08-24 12:12:01 - [TEST_STEP][PASSED] - wild = []: null

2019-08-24 12:12:01 - [TEST_STEP][PASSED] - wild[0] = "WILD_Expanding": null

2019-08-24 12:12:01 - [TEST_STEP][PASSED] - wild[1] = "WILD_Normal": null

2019-08-24 12:12:01 - [TEST_STEP][PASSED] - wild[2] = "WILD_Double": null

2019-08-24 12:12:01 - [TEST_STEP][PASSED] - wild[3] = "WILD_ExtraFG": null

2019-08-24 12:12:01 - [TEST_STEP][PASSED] - wild[4] = "WILD_Triple": null

2019-08-24 12:12:01 - [TEST_STEP][PASSED] - wildList = Arrays.asList(wild): null

2019-08-24 12:12:01 - [TEST_STEP][PASSED] - wildList = wildList: null

2019-08-24 12:12:01 - [TEST_STEP][PASSED] - free_spin_reel_counter = []: null

2019-08-24 12:12:01 - [TEST_STEP][PASSED] - free_spin_reel_counter[0] = 0: null

2019-08-24 12:12:01 - [TEST_STEP][PASSED] - free_spin_reel_counter[1] = 0: null

2019-08-24 12:12:01 - [TEST_STEP][PASSED] - free_spin_reel_counter[2] = 0: null

2019-08-24 12:12:01 - [TEST_STEP][PASSED] - M4_spin_reels = reels: null

2019-08-24 12:12:01 - [TEST_STEP][PASSED] - for ([i = 0, i &lt; M4_spin_reels.size(), (i++)]): null

2019-08-24 12:12:01 - [TEST_STEP][PASSED] - symbols = symbols: null

2019-08-24 12:12:01 - [TEST_STEP][PASSED] - for ([j = 0, j &lt; symbols.size(), (j++)]): null

2019-08-24 12:12:01 - [TEST_STEP][PASSED] - symbol = symbol: null

2019-08-24 12:12:01 - [TEST_STEP][PASSED] - println(symbol): null

2019-08-24 12:12:01 - [TEST_STEP][PASSED] - if (i == 2 &amp;&amp; wildList.indexOf(symbol) != -1): null

2019-08-24 12:12:01 - [TEST_STEP][PASSED] - if (i == 3 &amp;&amp; wildList.indexOf(symbol) != -1): null

2019-08-24 12:12:01 - [TEST_STEP][PASSED] - if (i == 4 &amp;&amp; wildList.indexOf(symbol) != -1): null

2019-08-24 12:12:01 - [TEST_STEP][PASSED] - symbol = symbol: null

2019-08-24 12:12:01 - [TEST_STEP][PASSED] - println(symbol): null

2019-08-24 12:12:01 - [TEST_STEP][PASSED] - if (i == 2 &amp;&amp; wildList.indexOf(symbol) != -1): null

2019-08-24 12:12:01 - [TEST_STEP][PASSED] - if (i == 3 &amp;&amp; wildList.indexOf(symbol) != -1): null

2019-08-24 12:12:01 - [TEST_STEP][PASSED] - if (i == 4 &amp;&amp; wildList.indexOf(symbol) != -1): null

2019-08-24 12:12:01 - [TEST_STEP][PASSED] - symbol = symbol: null

2019-08-24 12:12:01 - [TEST_STEP][PASSED] - println(symbol): null

2019-08-24 12:12:01 - [TEST_STEP][PASSED] - if (i == 2 &amp;&amp; wildList.indexOf(symbol) != -1): null

2019-08-24 12:12:01 - [TEST_STEP][PASSED] - if (i == 3 &amp;&amp; wildList.indexOf(symbol) != -1): null

2019-08-24 12:12:01 - [TEST_STEP][PASSED] - if (i == 4 &amp;&amp; wildList.indexOf(symbol) != -1): null

2019-08-24 12:12:01 - [TEST_STEP][PASSED] - symbols = symbols: null

2019-08-24 12:12:01 - [TEST_STEP][PASSED] - for ([j = 0, j &lt; symbols.size(), (j++)]): null

2019-08-24 12:12:01 - [TEST_STEP][PASSED] - symbol = symbol: null

2019-08-24 12:12:01 - [TEST_STEP][PASSED] - println(symbol): null

2019-08-24 12:12:01 - [TEST_STEP][PASSED] - if (i == 2 &amp;&amp; wildList.indexOf(symbol) != -1): null

2019-08-24 12:12:01 - [TEST_STEP][PASSED] - if (i == 3 &amp;&amp; wildList.indexOf(symbol) != -1): null

2019-08-24 12:12:01 - [TEST_STEP][PASSED] - if (i == 4 &amp;&amp; wildList.indexOf(symbol) != -1): null

2019-08-24 12:12:01 - [TEST_STEP][PASSED] - symbol = symbol: null

2019-08-24 12:12:01 - [TEST_STEP][PASSED] - println(symbol): null

2019-08-24 12:12:01 - [TEST_STEP][PASSED] - if (i == 2 &amp;&amp; wildList.indexOf(symbol) != -1): null

2019-08-24 12:12:01 - [TEST_STEP][PASSED] - if (i == 3 &amp;&amp; wildList.indexOf(symbol) != -1): null

2019-08-24 12:12:01 - [TEST_STEP][PASSED] - if (i == 4 &amp;&amp; wildList.indexOf(symbol) != -1): null

2019-08-24 12:12:01 - [TEST_STEP][PASSED] - symbol = symbol: null

2019-08-24 12:12:01 - [TEST_STEP][PASSED] - println(symbol): null

2019-08-24 12:12:01 - [TEST_STEP][PASSED] - if (i == 2 &amp;&amp; wildList.indexOf(symbol) != -1): null

2019-08-24 12:12:01 - [TEST_STEP][PASSED] - if (i == 3 &amp;&amp; wildList.indexOf(symbol) != -1): null

2019-08-24 12:12:01 - [TEST_STEP][PASSED] - if (i == 4 &amp;&amp; wildList.indexOf(symbol) != -1): null

2019-08-24 12:12:01 - [TEST_STEP][PASSED] - symbols = symbols: null

2019-08-24 12:12:01 - [TEST_STEP][PASSED] - for ([j = 0, j &lt; symbols.size(), (j++)]): null

2019-08-24 12:12:01 - [TEST_STEP][PASSED] - symbol = symbol: null

2019-08-24 12:12:01 - [TEST_STEP][PASSED] - println(symbol): null

2019-08-24 12:12:01 - [TEST_STEP][PASSED] - if (i == 2 &amp;&amp; wildList.indexOf(symbol) != -1): null

2019-08-24 12:12:01 - [TEST_STEP][PASSED] - if (i == 3 &amp;&amp; wildList.indexOf(symbol) != -1): null

2019-08-24 12:12:01 - [TEST_STEP][PASSED] - if (i == 4 &amp;&amp; wildList.indexOf(symbol) != -1): null

2019-08-24 12:12:01 - [TEST_STEP][PASSED] - symbol = symbol: null

2019-08-24 12:12:01 - [TEST_STEP][PASSED] - println(symbol): null

2019-08-24 12:12:01 - [TEST_STEP][PASSED] - if (i == 2 &amp;&amp; wildList.indexOf(symbol) != -1): null

2019-08-24 12:12:01 - [TEST_STEP][PASSED] - if (i == 3 &amp;&amp; wildList.indexOf(symbol) != -1): null

2019-08-24 12:12:01 - [TEST_STEP][PASSED] - if (i == 4 &amp;&amp; wildList.indexOf(symbol) != -1): null

2019-08-24 12:12:01 - [TEST_STEP][PASSED] - symbol = symbol: null

2019-08-24 12:12:01 - [TEST_STEP][PASSED] - println(symbol): null

2019-08-24 12:12:01 - [TEST_STEP][PASSED] - if (i == 2 &amp;&amp; wildList.indexOf(symbol) != -1): null

2019-08-24 12:12:01 - [TEST_STEP][PASSED] - if (i == 3 &amp;&amp; wildList.indexOf(symbol) != -1): null

2019-08-24 12:12:01 - [TEST_STEP][PASSED] - if (i == 4 &amp;&amp; wildList.indexOf(symbol) != -1): null

2019-08-24 12:12:01 - [TEST_STEP][PASSED] - symbols = symbols: null

2019-08-24 12:12:01 - [TEST_STEP][PASSED] - for ([j = 0, j &lt; symbols.size(), (j++)]): null

2019-08-24 12:12:01 - [TEST_STEP][PASSED] - symbol = symbol: null

2019-08-24 12:12:01 - [TEST_STEP][PASSED] - println(symbol): null

2019-08-24 12:12:01 - [TEST_STEP][PASSED] - if (i == 2 &amp;&amp; wildList.indexOf(symbol) != -1): null

2019-08-24 12:12:01 - [TEST_STEP][PASSED] - if (i == 3 &amp;&amp; wildList.indexOf(symbol) != -1): null

2019-08-24 12:12:01 - [TEST_STEP][PASSED] - if (i == 4 &amp;&amp; wildList.indexOf(symbol) != -1): null

2019-08-24 12:12:01 - [TEST_STEP][PASSED] - symbol = symbol: null

2019-08-24 12:12:01 - [TEST_STEP][PASSED] - println(symbol): null

2019-08-24 12:12:01 - [TEST_STEP][PASSED] - if (i == 2 &amp;&amp; wildList.indexOf(symbol) != -1): null

2019-08-24 12:12:01 - [TEST_STEP][PASSED] - if (i == 3 &amp;&amp; wildList.indexOf(symbol) != -1): null

2019-08-24 12:12:01 - [TEST_STEP][PASSED] - if (i == 4 &amp;&amp; wildList.indexOf(symbol) != -1): null

2019-08-24 12:12:01 - [TEST_STEP][PASSED] - symbol = symbol: null

2019-08-24 12:12:01 - [TEST_STEP][PASSED] - println(symbol): null

2019-08-24 12:12:01 - [TEST_STEP][PASSED] - if (i == 2 &amp;&amp; wildList.indexOf(symbol) != -1): null

2019-08-24 12:12:01 - [TEST_STEP][PASSED] - if (i == 3 &amp;&amp; wildList.indexOf(symbol) != -1): null

2019-08-24 12:12:01 - [TEST_STEP][PASSED] - if (i == 4 &amp;&amp; wildList.indexOf(symbol) != -1): null

2019-08-24 12:12:01 - [TEST_STEP][PASSED] - symbols = symbols: null

2019-08-24 12:12:01 - [TEST_STEP][PASSED] - for ([j = 0, j &lt; symbols.size(), (j++)]): null

2019-08-24 12:12:01 - [TEST_STEP][PASSED] - symbol = symbol: null

2019-08-24 12:12:01 - [TEST_STEP][PASSED] - println(symbol): null

2019-08-24 12:12:01 - [TEST_STEP][PASSED] - if (i == 2 &amp;&amp; wildList.indexOf(symbol) != -1): null

2019-08-24 12:12:01 - [TEST_STEP][PASSED] - if (i == 3 &amp;&amp; wildList.indexOf(symbol) != -1): null

2019-08-24 12:12:01 - [TEST_STEP][PASSED] - if (i == 4 &amp;&amp; wildList.indexOf(symbol) != -1): null

2019-08-24 12:12:01 - [TEST_STEP][PASSED] - symbol = symbol: null

2019-08-24 12:12:01 - [TEST_STEP][PASSED] - println(symbol): null

2019-08-24 12:12:01 - [TEST_STEP][PASSED] - if (i == 2 &amp;&amp; wildList.indexOf(symbol) != -1): null

2019-08-24 12:12:01 - [TEST_STEP][PASSED] - if (i == 3 &amp;&amp; wildList.indexOf(symbol) != -1): null

2019-08-24 12:12:01 - [TEST_STEP][PASSED] - if (i == 4 &amp;&amp; wildList.indexOf(symbol) != -1): null

2019-08-24 12:12:01 - [TEST_STEP][PASSED] - symbol = symbol: null

2019-08-24 12:12:01 - [TEST_STEP][PASSED] - println(symbol): null

2019-08-24 12:12:01 - [TEST_STEP][PASSED] - if (i == 2 &amp;&amp; wildList.indexOf(symbol) != -1): null

2019-08-24 12:12:01 - [TEST_STEP][PASSED] - if (i == 3 &amp;&amp; wildList.indexOf(symbol) != -1): null

2019-08-24 12:12:01 - [TEST_STEP][PASSED] - if (i == 4 &amp;&amp; wildList.indexOf(symbol) != -1): null

2019-08-24 12:12:01 - [TEST_STEP][PASSED] - free_spin_reel_counter = free_spin_reel_counter: null

2019-08-24 12:12:01 - [TEST_STEP][PASSED] - println("reel 3 wild found: " + free_spin_reel_counter[0]): null

2019-08-24 12:12:01 - [TEST_STEP][PASSED] - println("reel 4 wild found: " + free_spin_reel_counter[1]): null

2019-08-24 12:12:01 - [TEST_STEP][PASSED] - println("reel 5 wild found: " + free_spin_reel_counter[2]): null

2019-08-24 12:12:01 - [TEST_STEP][PASSED] - M4_spin_reels = M4_spin_reels: null

2019-08-24 12:12:04 - [TEST_STEP][PASSED] - M4_spin_reels_symbols = symbol: null

2019-08-24 12:12:04 - [TEST_STEP][PASSED] - M4_spin_reels_symbols = M4_spin_reels_symbols: null

2019-08-24 12:12:04 - [TEST_STEP][PASSED] - M4_spin_reel_wins = reel_wins: null

2019-08-24 12:12:04 - [TEST_STEP][PASSED] - M4_spin_reel_wins = M4_spin_reel_wins: null

2019-08-24 12:12:04 - [TEST_STEP][PASSED] - println("GlobalVariable.M4_spin_reel_wins is: " + M4_spin_reel_wins): null

2019-08-24 12:12:04 - [TEST_STEP][PASSED] - M4_spin_total_bonus_win_this_round = total_bonus_win_this_round: null

2019-08-24 12:12:04 - [TEST_STEP][PASSED] - M4_spin_total_bonus_win_this_round = M4_spin_total_bonus_win_this_round: null

2019-08-24 12:12:04 - [TEST_STEP][PASSED] - println("GlobalVariable.M4_spin_total_bonus_win_this_round is: " + M4_spin_total_bonus_win_this_round): null

2019-08-24 12:12:04 - [TEST_STEP][PASSED] - M4_spin_bonus_spin_result = spin_result: null

2019-08-24 12:12:04 - [TEST_STEP][PASSED] - M4_spin_bonus_spin_result = M4_spin_bonus_spin_result: null

2019-08-24 12:12:07 - [MESSAGE][PASSED] - Verify response successfully

2019-08-24 12:12:07 - [MESSAGE][PASSED] - Send request and verify the response successfully

2019-08-24 12:12:07 - [TEST_STEP][PASSED] - if (M4_total_bonus_spins_int != 0 &amp;&amp; M4_spin_reels_symbols[2].contains("WILD_ExtraFG") || M4_spin_reels_symbols[3].contains("WILD_ExtraFG")): null

2019-08-24 12:12:07 - [TEST_STEP][PASSED] - free_spin_reel_counter = free_spin_reel_counter: null

2019-08-24 12:12:07 - [TEST_STEP][PASSED] - M4_spin_reels_symbols = M4_spin_reels_symbols: null

2019-08-24 12:12:07 - [TEST_STEP][PASSED] - M4_total_bonus_spins = M4_total_bonus_spins: null

2019-08-24 12:12:07 - [TEST_STEP][PASSED] - spin_result = sendRequestAndVerify(findTestObject("INT/RGS(M4)/1_M4_spin", ["M4_login_user_id":M4_login_user_id, "rgs_session_token":rgs_session_token, "partner":Partner])): Send request and verify the response successfully

2019-08-24 12:12:08 - [MESSAGE][INFO] - HAR: /Users/eiralee/Katalon_Script/SuperWild/Reports/20190824_120919/INT/superWild_3/20190824_120919/requests/main/47.har

2019-08-24 12:12:08 - [TEST_CASE][PASSED] - Start Test Case : Verification: Verification accomplished successfully

2019-08-24 12:12:08 - [TEST_STEP][PASSED] - request = getInstance().getCurrentRequest(): null

2019-08-24 12:12:08 - [TEST_STEP][PASSED] - response = getInstance().getCurrentResponse(): null

2019-08-24 12:12:08 - [TEST_STEP][PASSED] - verifyResponseStatusCode(response, 200): Verify response status code successfully

2019-08-24 12:12:08 - [MESSAGE][PASSED] - Verify response status code successfully

2019-08-24 12:12:08 - [TEST_STEP][PASSED] - getStatusCode()).isEqualTo(200): null

2019-08-24 12:12:08 - [TEST_STEP][PASSED] - newline = System.getProperty("line.separator"): null

2019-08-24 12:12:08 - [TEST_STEP][PASSED] - M4_spin = new groovy.json.JsonSlurper(): null

2019-08-24 12:12:08 - [TEST_STEP][PASSED] - result_M4_spin = M4_spin.parseText(response.getResponseBodyContent()): null

2019-08-24 12:12:08 - [TEST_STEP][PASSED] - M4_spin_current_balance = current_balance: null

2019-08-24 12:12:08 - [TEST_STEP][PASSED] - M4_spin_current_balance = M4_spin_current_balance: null

2019-08-24 12:12:08 - [TEST_STEP][PASSED] - M4_spin_transaction_id = causality: null

2019-08-24 12:12:08 - [TEST_STEP][PASSED] - M4_spin_transaction_id = M4_spin_transaction_id: null

2019-08-24 12:12:08 - [TEST_STEP][PASSED] - M4_spin_round_id = round_id: null

2019-08-24 12:12:08 - [TEST_STEP][PASSED] - M4_spin_round_id = M4_spin_round_id: null

2019-08-24 12:12:08 - [TEST_STEP][PASSED] - M4_spin_line_wins = line_wins: null

2019-08-24 12:12:08 - [TEST_STEP][PASSED] - M4_spin_line_wins = M4_spin_line_wins: null

2019-08-24 12:12:08 - [TEST_STEP][PASSED] - M4_total_bonus_spins_int = total_bonus_spins: null

2019-08-24 12:12:08 - [TEST_STEP][PASSED] - println("******M4_total_bonus_spins type is:*******" + newline + getClass().getName()): null

2019-08-24 12:12:08 - [TEST_STEP][PASSED] - M4_total_bonus_spins_int = M4_total_bonus_spins_int: null

2019-08-24 12:12:08 - [TEST_STEP][PASSED] - M4_total_bonus_spins = Integer.toString(M4_total_bonus_spins_int): null

2019-08-24 12:12:08 - [TEST_STEP][PASSED] - M4_total_bonus_spins = M4_total_bonus_spins: null

2019-08-24 12:12:08 - [TEST_STEP][PASSED] - println("M4_total_bonus_spins is:" + M4_total_bonus_spins): null

2019-08-24 12:12:08 - [TEST_STEP][PASSED] - M4_spin_bonus_data = bonus_data: null

2019-08-24 12:12:08 - [TEST_STEP][PASSED] - M4_spin_features_triggered = result_M4_spin: null

2019-08-24 12:12:08 - [TEST_STEP][PASSED] - wild = []: null

2019-08-24 12:12:08 - [TEST_STEP][PASSED] - wild[0] = "WILD_Expanding": null

2019-08-24 12:12:08 - [TEST_STEP][PASSED] - wild[1] = "WILD_Normal": null

2019-08-24 12:12:08 - [TEST_STEP][PASSED] - wild[2] = "WILD_Double": null

2019-08-24 12:12:08 - [TEST_STEP][PASSED] - wild[3] = "WILD_ExtraFG": null

2019-08-24 12:12:08 - [TEST_STEP][PASSED] - wild[4] = "WILD_Triple": null

2019-08-24 12:12:08 - [TEST_STEP][PASSED] - wildList = Arrays.asList(wild): null

2019-08-24 12:12:08 - [TEST_STEP][PASSED] - wildList = wildList: null

2019-08-24 12:12:08 - [TEST_STEP][PASSED] - free_spin_reel_counter = []: null

2019-08-24 12:12:08 - [TEST_STEP][PASSED] - free_spin_reel_counter[0] = 0: null

2019-08-24 12:12:08 - [TEST_STEP][PASSED] - free_spin_reel_counter[1] = 0: null

2019-08-24 12:12:08 - [TEST_STEP][PASSED] - free_spin_reel_counter[2] = 0: null

2019-08-24 12:12:08 - [TEST_STEP][PASSED] - M4_spin_reels = reels: null

2019-08-24 12:12:08 - [TEST_STEP][PASSED] - for ([i = 0, i &lt; M4_spin_reels.size(), (i++)]): null

2019-08-24 12:12:08 - [TEST_STEP][PASSED] - symbols = symbols: null

2019-08-24 12:12:08 - [TEST_STEP][PASSED] - for ([j = 0, j &lt; symbols.size(), (j++)]): null

2019-08-24 12:12:08 - [TEST_STEP][PASSED] - symbol = symbol: null

2019-08-24 12:12:08 - [TEST_STEP][PASSED] - println(symbol): null

2019-08-24 12:12:08 - [TEST_STEP][PASSED] - if (i == 2 &amp;&amp; wildList.indexOf(symbol) != -1): null

2019-08-24 12:12:08 - [TEST_STEP][PASSED] - if (i == 3 &amp;&amp; wildList.indexOf(symbol) != -1): null

2019-08-24 12:12:08 - [TEST_STEP][PASSED] - if (i == 4 &amp;&amp; wildList.indexOf(symbol) != -1): null

2019-08-24 12:12:08 - [TEST_STEP][PASSED] - symbol = symbol: null

2019-08-24 12:12:08 - [TEST_STEP][PASSED] - println(symbol): null

2019-08-24 12:12:08 - [TEST_STEP][PASSED] - if (i == 2 &amp;&amp; wildList.indexOf(symbol) != -1): null

2019-08-24 12:12:08 - [TEST_STEP][PASSED] - if (i == 3 &amp;&amp; wildList.indexOf(symbol) != -1): null

2019-08-24 12:12:08 - [TEST_STEP][PASSED] - if (i == 4 &amp;&amp; wildList.indexOf(symbol) != -1): null

2019-08-24 12:12:08 - [TEST_STEP][PASSED] - symbol = symbol: null

2019-08-24 12:12:08 - [TEST_STEP][PASSED] - println(symbol): null

2019-08-24 12:12:08 - [TEST_STEP][PASSED] - if (i == 2 &amp;&amp; wildList.indexOf(symbol) != -1): null

2019-08-24 12:12:08 - [TEST_STEP][PASSED] - if (i == 3 &amp;&amp; wildList.indexOf(symbol) != -1): null

2019-08-24 12:12:08 - [TEST_STEP][PASSED] - if (i == 4 &amp;&amp; wildList.indexOf(symbol) != -1): null

2019-08-24 12:12:08 - [TEST_STEP][PASSED] - symbols = symbols: null

2019-08-24 12:12:08 - [TEST_STEP][PASSED] - for ([j = 0, j &lt; symbols.size(), (j++)]): null

2019-08-24 12:12:08 - [TEST_STEP][PASSED] - symbol = symbol: null

2019-08-24 12:12:08 - [TEST_STEP][PASSED] - println(symbol): null

2019-08-24 12:12:08 - [TEST_STEP][PASSED] - if (i == 2 &amp;&amp; wildList.indexOf(symbol) != -1): null

2019-08-24 12:12:08 - [TEST_STEP][PASSED] - if (i == 3 &amp;&amp; wildList.indexOf(symbol) != -1): null

2019-08-24 12:12:08 - [TEST_STEP][PASSED] - if (i == 4 &amp;&amp; wildList.indexOf(symbol) != -1): null

2019-08-24 12:12:08 - [TEST_STEP][PASSED] - symbol = symbol: null

2019-08-24 12:12:08 - [TEST_STEP][PASSED] - println(symbol): null

2019-08-24 12:12:08 - [TEST_STEP][PASSED] - if (i == 2 &amp;&amp; wildList.indexOf(symbol) != -1): null

2019-08-24 12:12:08 - [TEST_STEP][PASSED] - if (i == 3 &amp;&amp; wildList.indexOf(symbol) != -1): null

2019-08-24 12:12:08 - [TEST_STEP][PASSED] - if (i == 4 &amp;&amp; wildList.indexOf(symbol) != -1): null

2019-08-24 12:12:08 - [TEST_STEP][PASSED] - symbol = symbol: null

2019-08-24 12:12:08 - [TEST_STEP][PASSED] - println(symbol): null

2019-08-24 12:12:08 - [TEST_STEP][PASSED] - if (i == 2 &amp;&amp; wildList.indexOf(symbol) != -1): null

2019-08-24 12:12:08 - [TEST_STEP][PASSED] - if (i == 3 &amp;&amp; wildList.indexOf(symbol) != -1): null

2019-08-24 12:12:08 - [TEST_STEP][PASSED] - if (i == 4 &amp;&amp; wildList.indexOf(symbol) != -1): null

2019-08-24 12:12:08 - [TEST_STEP][PASSED] - symbols = symbols: null

2019-08-24 12:12:08 - [TEST_STEP][PASSED] - for ([j = 0, j &lt; symbols.size(), (j++)]): null

2019-08-24 12:12:08 - [TEST_STEP][PASSED] - symbol = symbol: null

2019-08-24 12:12:08 - [TEST_STEP][PASSED] - println(symbol): null

2019-08-24 12:12:08 - [TEST_STEP][PASSED] - if (i == 2 &amp;&amp; wildList.indexOf(symbol) != -1): null

2019-08-24 12:12:08 - [TEST_STEP][PASSED] - if (i == 3 &amp;&amp; wildList.indexOf(symbol) != -1): null

2019-08-24 12:12:08 - [TEST_STEP][PASSED] - if (i == 4 &amp;&amp; wildList.indexOf(symbol) != -1): null

2019-08-24 12:12:08 - [TEST_STEP][PASSED] - symbol = symbol: null

2019-08-24 12:12:08 - [TEST_STEP][PASSED] - println(symbol): null

2019-08-24 12:12:08 - [TEST_STEP][PASSED] - if (i == 2 &amp;&amp; wildList.indexOf(symbol) != -1): null

2019-08-24 12:12:08 - [TEST_STEP][PASSED] - if (i == 3 &amp;&amp; wildList.indexOf(symbol) != -1): null

2019-08-24 12:12:08 - [TEST_STEP][PASSED] - if (i == 4 &amp;&amp; wildList.indexOf(symbol) != -1): null

2019-08-24 12:12:08 - [TEST_STEP][PASSED] - symbol = symbol: null

2019-08-24 12:12:08 - [TEST_STEP][PASSED] - println(symbol): null

2019-08-24 12:12:08 - [TEST_STEP][PASSED] - if (i == 2 &amp;&amp; wildList.indexOf(symbol) != -1): null

2019-08-24 12:12:08 - [TEST_STEP][PASSED] - if (i == 3 &amp;&amp; wildList.indexOf(symbol) != -1): null

2019-08-24 12:12:08 - [TEST_STEP][PASSED] - if (i == 4 &amp;&amp; wildList.indexOf(symbol) != -1): null

2019-08-24 12:12:08 - [TEST_STEP][PASSED] - symbols = symbols: null

2019-08-24 12:12:08 - [TEST_STEP][PASSED] - for ([j = 0, j &lt; symbols.size(), (j++)]): null

2019-08-24 12:12:08 - [TEST_STEP][PASSED] - symbol = symbol: null

2019-08-24 12:12:08 - [TEST_STEP][PASSED] - println(symbol): null

2019-08-24 12:12:08 - [TEST_STEP][PASSED] - if (i == 2 &amp;&amp; wildList.indexOf(symbol) != -1): null

2019-08-24 12:12:08 - [TEST_STEP][PASSED] - if (i == 3 &amp;&amp; wildList.indexOf(symbol) != -1): null

2019-08-24 12:12:08 - [TEST_STEP][PASSED] - if (i == 4 &amp;&amp; wildList.indexOf(symbol) != -1): null

2019-08-24 12:12:08 - [TEST_STEP][PASSED] - symbol = symbol: null

2019-08-24 12:12:08 - [TEST_STEP][PASSED] - println(symbol): null

2019-08-24 12:12:08 - [TEST_STEP][PASSED] - if (i == 2 &amp;&amp; wildList.indexOf(symbol) != -1): null

2019-08-24 12:12:08 - [TEST_STEP][PASSED] - if (i == 3 &amp;&amp; wildList.indexOf(symbol) != -1): null

2019-08-24 12:12:08 - [TEST_STEP][PASSED] - if (i == 4 &amp;&amp; wildList.indexOf(symbol) != -1): null

2019-08-24 12:12:08 - [TEST_STEP][PASSED] - symbol = symbol: null

2019-08-24 12:12:08 - [TEST_STEP][PASSED] - println(symbol): null

2019-08-24 12:12:08 - [TEST_STEP][PASSED] - if (i == 2 &amp;&amp; wildList.indexOf(symbol) != -1): null

2019-08-24 12:12:08 - [TEST_STEP][PASSED] - if (i == 3 &amp;&amp; wildList.indexOf(symbol) != -1): null

2019-08-24 12:12:08 - [TEST_STEP][PASSED] - println("wild found on reel 4, adding counter by 1"): null

2019-08-24 12:12:08 - [TEST_STEP][PASSED] - free_spin_reel_counter[1] = free_spin_reel_counter[1] + 1: null

2019-08-24 12:12:08 - [TEST_STEP][PASSED] - if (i == 4 &amp;&amp; wildList.indexOf(symbol) != -1): null

2019-08-24 12:12:08 - [TEST_STEP][PASSED] - symbols = symbols: null

2019-08-24 12:12:08 - [TEST_STEP][PASSED] - for ([j = 0, j &lt; symbols.size(), (j++)]): null

2019-08-24 12:12:08 - [TEST_STEP][PASSED] - symbol = symbol: null

2019-08-24 12:12:08 - [TEST_STEP][PASSED] - println(symbol): null

2019-08-24 12:12:08 - [TEST_STEP][PASSED] - if (i == 2 &amp;&amp; wildList.indexOf(symbol) != -1): null

2019-08-24 12:12:08 - [TEST_STEP][PASSED] - if (i == 3 &amp;&amp; wildList.indexOf(symbol) != -1): null

2019-08-24 12:12:08 - [TEST_STEP][PASSED] - if (i == 4 &amp;&amp; wildList.indexOf(symbol) != -1): null

2019-08-24 12:12:08 - [TEST_STEP][PASSED] - symbol = symbol: null

2019-08-24 12:12:08 - [TEST_STEP][PASSED] - println(symbol): null

2019-08-24 12:12:08 - [TEST_STEP][PASSED] - if (i == 2 &amp;&amp; wildList.indexOf(symbol) != -1): null

2019-08-24 12:12:08 - [TEST_STEP][PASSED] - if (i == 3 &amp;&amp; wildList.indexOf(symbol) != -1): null

2019-08-24 12:12:08 - [TEST_STEP][PASSED] - if (i == 4 &amp;&amp; wildList.indexOf(symbol) != -1): null

2019-08-24 12:12:08 - [TEST_STEP][PASSED] - symbol = symbol: null

2019-08-24 12:12:08 - [TEST_STEP][PASSED] - println(symbol): null

2019-08-24 12:12:08 - [TEST_STEP][PASSED] - if (i == 2 &amp;&amp; wildList.indexOf(symbol) != -1): null

2019-08-24 12:12:08 - [TEST_STEP][PASSED] - if (i == 3 &amp;&amp; wildList.indexOf(symbol) != -1): null

2019-08-24 12:12:08 - [TEST_STEP][PASSED] - if (i == 4 &amp;&amp; wildList.indexOf(symbol) != -1): null

2019-08-24 12:12:08 - [TEST_STEP][PASSED] - free_spin_reel_counter = free_spin_reel_counter: null

2019-08-24 12:12:08 - [TEST_STEP][PASSED] - println("reel 3 wild found: " + free_spin_reel_counter[0]): null

2019-08-24 12:12:08 - [TEST_STEP][PASSED] - println("reel 4 wild found: " + free_spin_reel_counter[1]): null

2019-08-24 12:12:08 - [TEST_STEP][PASSED] - println("reel 5 wild found: " + free_spin_reel_counter[2]): null

2019-08-24 12:12:08 - [TEST_STEP][PASSED] - M4_spin_reels = M4_spin_reels: null

2019-08-24 12:12:08 - [TEST_STEP][PASSED] - M4_spin_reels_symbols = symbol: null

2019-08-24 12:12:08 - [TEST_STEP][PASSED] - M4_spin_reels_symbols = M4_spin_reels_symbols: null

2019-08-24 12:12:08 - [TEST_STEP][PASSED] - M4_spin_reel_wins = reel_wins: null

2019-08-24 12:12:08 - [TEST_STEP][PASSED] - M4_spin_reel_wins = M4_spin_reel_wins: null

2019-08-24 12:12:08 - [TEST_STEP][PASSED] - println("GlobalVariable.M4_spin_reel_wins is: " + M4_spin_reel_wins): null

2019-08-24 12:12:08 - [TEST_STEP][PASSED] - M4_spin_total_bonus_win_this_round = total_bonus_win_this_round: null

2019-08-24 12:12:08 - [TEST_STEP][PASSED] - M4_spin_total_bonus_win_this_round = M4_spin_total_bonus_win_this_round: null

2019-08-24 12:12:08 - [TEST_STEP][PASSED] - println("GlobalVariable.M4_spin_total_bonus_win_this_round is: " + M4_spin_total_bonus_win_this_round): null

2019-08-24 12:12:08 - [TEST_STEP][PASSED] - M4_spin_bonus_spin_result = spin_result: null

2019-08-24 12:12:08 - [TEST_STEP][PASSED] - M4_spin_bonus_spin_result = M4_spin_bonus_spin_result: null

2019-08-24 12:12:08 - [MESSAGE][PASSED] - Verify response successfully

2019-08-24 12:12:08 - [MESSAGE][PASSED] - Send request and verify the response successfully

2019-08-24 12:12:08 - [TEST_STEP][PASSED] - if (M4_total_bonus_spins_int != 0 &amp;&amp; M4_spin_reels_symbols[2].contains("WILD_ExtraFG") || M4_spin_reels_symbols[3].contains("WILD_ExtraFG")): null

2019-08-24 12:12:08 - [TEST_STEP][PASSED] - free_spin_reel_counter = free_spin_reel_counter: null

2019-08-24 12:12:08 - [TEST_STEP][PASSED] - M4_spin_reels_symbols = M4_spin_reels_symbols: null

2019-08-24 12:12:08 - [TEST_STEP][PASSED] - M4_total_bonus_spins = M4_total_bonus_spins: null

2019-08-24 12:12:08 - [TEST_STEP][PASSED] - spin_result = sendRequestAndVerify(findTestObject("INT/RGS(M4)/1_M4_spin", ["M4_login_user_id":M4_login_user_id, "rgs_session_token":rgs_session_token, "partner":Partner])): Send request and verify the response successfully

2019-08-24 12:12:09 - [MESSAGE][INFO] - HAR: /Users/eiralee/Katalon_Script/SuperWild/Reports/20190824_120919/INT/superWild_3/20190824_120919/requests/main/48.har

2019-08-24 12:12:09 - [TEST_CASE][PASSED] - Start Test Case : Verification: Verification accomplished successfully

2019-08-24 12:12:09 - [TEST_STEP][PASSED] - request = getInstance().getCurrentRequest(): null

2019-08-24 12:12:09 - [TEST_STEP][PASSED] - response = getInstance().getCurrentResponse(): null

2019-08-24 12:12:09 - [TEST_STEP][PASSED] - verifyResponseStatusCode(response, 200): Verify response status code successfully

2019-08-24 12:12:09 - [MESSAGE][PASSED] - Verify response status code successfully

2019-08-24 12:12:09 - [TEST_STEP][PASSED] - getStatusCode()).isEqualTo(200): null

2019-08-24 12:12:09 - [TEST_STEP][PASSED] - newline = System.getProperty("line.separator"): null

2019-08-24 12:12:09 - [TEST_STEP][PASSED] - M4_spin = new groovy.json.JsonSlurper(): null

2019-08-24 12:12:09 - [TEST_STEP][PASSED] - result_M4_spin = M4_spin.parseText(response.getResponseBodyContent()): null

2019-08-24 12:12:09 - [TEST_STEP][PASSED] - M4_spin_current_balance = current_balance: null

2019-08-24 12:12:09 - [TEST_STEP][PASSED] - M4_spin_current_balance = M4_spin_current_balance: null

2019-08-24 12:12:09 - [TEST_STEP][PASSED] - M4_spin_transaction_id = causality: null

2019-08-24 12:12:09 - [TEST_STEP][PASSED] - M4_spin_transaction_id = M4_spin_transaction_id: null

2019-08-24 12:12:09 - [TEST_STEP][PASSED] - M4_spin_round_id = round_id: null

2019-08-24 12:12:09 - [TEST_STEP][PASSED] - M4_spin_round_id = M4_spin_round_id: null

2019-08-24 12:12:09 - [TEST_STEP][PASSED] - M4_spin_line_wins = line_wins: null

2019-08-24 12:12:09 - [TEST_STEP][PASSED] - M4_spin_line_wins = M4_spin_line_wins: null

2019-08-24 12:12:09 - [TEST_STEP][PASSED] - M4_total_bonus_spins_int = total_bonus_spins: null

2019-08-24 12:12:09 - [TEST_STEP][PASSED] - println("******M4_total_bonus_spins type is:*******" + newline + getClass().getName()): null

2019-08-24 12:12:09 - [TEST_STEP][PASSED] - M4_total_bonus_spins_int = M4_total_bonus_spins_int: null

2019-08-24 12:12:09 - [TEST_STEP][PASSED] - M4_total_bonus_spins = Integer.toString(M4_total_bonus_spins_int): null

2019-08-24 12:12:09 - [TEST_STEP][PASSED] - M4_total_bonus_spins = M4_total_bonus_spins: null

2019-08-24 12:12:09 - [TEST_STEP][PASSED] - println("M4_total_bonus_spins is:" + M4_total_bonus_spins): null

2019-08-24 12:12:09 - [TEST_STEP][PASSED] - M4_spin_bonus_data = bonus_data: null

2019-08-24 12:12:09 - [TEST_STEP][PASSED] - M4_spin_features_triggered = result_M4_spin: null

2019-08-24 12:12:09 - [TEST_STEP][PASSED] - wild = []: null

2019-08-24 12:12:09 - [TEST_STEP][PASSED] - wild[0] = "WILD_Expanding": null

2019-08-24 12:12:09 - [TEST_STEP][PASSED] - wild[1] = "WILD_Normal": null

2019-08-24 12:12:09 - [TEST_STEP][PASSED] - wild[2] = "WILD_Double": null

2019-08-24 12:12:09 - [TEST_STEP][PASSED] - wild[3] = "WILD_ExtraFG": null

2019-08-24 12:12:09 - [TEST_STEP][PASSED] - wild[4] = "WILD_Triple": null

2019-08-24 12:12:09 - [TEST_STEP][PASSED] - wildList = Arrays.asList(wild): null

2019-08-24 12:12:09 - [TEST_STEP][PASSED] - wildList = wildList: null

2019-08-24 12:12:09 - [TEST_STEP][PASSED] - free_spin_reel_counter = []: null

2019-08-24 12:12:09 - [TEST_STEP][PASSED] - free_spin_reel_counter[0] = 0: null

2019-08-24 12:12:09 - [TEST_STEP][PASSED] - free_spin_reel_counter[1] = 0: null

2019-08-24 12:12:09 - [TEST_STEP][PASSED] - free_spin_reel_counter[2] = 0: null

2019-08-24 12:12:09 - [TEST_STEP][PASSED] - M4_spin_reels = reels: null

2019-08-24 12:12:09 - [TEST_STEP][PASSED] - for ([i = 0, i &lt; M4_spin_reels.size(), (i++)]): null

2019-08-24 12:12:09 - [TEST_STEP][PASSED] - symbols = symbols: null

2019-08-24 12:12:09 - [TEST_STEP][PASSED] - for ([j = 0, j &lt; symbols.size(), (j++)]): null

2019-08-24 12:12:09 - [TEST_STEP][PASSED] - symbol = symbol: null

2019-08-24 12:12:09 - [TEST_STEP][PASSED] - println(symbol): null

2019-08-24 12:12:09 - [TEST_STEP][PASSED] - if (i == 2 &amp;&amp; wildList.indexOf(symbol) != -1): null

2019-08-24 12:12:09 - [TEST_STEP][PASSED] - if (i == 3 &amp;&amp; wildList.indexOf(symbol) != -1): null

2019-08-24 12:12:09 - [TEST_STEP][PASSED] - if (i == 4 &amp;&amp; wildList.indexOf(symbol) != -1): null

2019-08-24 12:12:09 - [TEST_STEP][PASSED] - symbol = symbol: null

2019-08-24 12:12:09 - [TEST_STEP][PASSED] - println(symbol): null

2019-08-24 12:12:09 - [TEST_STEP][PASSED] - if (i == 2 &amp;&amp; wildList.indexOf(symbol) != -1): null

2019-08-24 12:12:09 - [TEST_STEP][PASSED] - if (i == 3 &amp;&amp; wildList.indexOf(symbol) != -1): null

2019-08-24 12:12:09 - [TEST_STEP][PASSED] - if (i == 4 &amp;&amp; wildList.indexOf(symbol) != -1): null

2019-08-24 12:12:09 - [TEST_STEP][PASSED] - symbol = symbol: null

2019-08-24 12:12:09 - [TEST_STEP][PASSED] - println(symbol): null

2019-08-24 12:12:09 - [TEST_STEP][PASSED] - if (i == 2 &amp;&amp; wildList.indexOf(symbol) != -1): null

2019-08-24 12:12:09 - [TEST_STEP][PASSED] - if (i == 3 &amp;&amp; wildList.indexOf(symbol) != -1): null

2019-08-24 12:12:09 - [TEST_STEP][PASSED] - if (i == 4 &amp;&amp; wildList.indexOf(symbol) != -1): null

2019-08-24 12:12:09 - [TEST_STEP][PASSED] - symbols = symbols: null

2019-08-24 12:12:09 - [TEST_STEP][PASSED] - for ([j = 0, j &lt; symbols.size(), (j++)]): null

2019-08-24 12:12:09 - [TEST_STEP][PASSED] - symbol = symbol: null

2019-08-24 12:12:09 - [TEST_STEP][PASSED] - println(symbol): null

2019-08-24 12:12:09 - [TEST_STEP][PASSED] - if (i == 2 &amp;&amp; wildList.indexOf(symbol) != -1): null

2019-08-24 12:12:09 - [TEST_STEP][PASSED] - if (i == 3 &amp;&amp; wildList.indexOf(symbol) != -1): null

2019-08-24 12:12:09 - [TEST_STEP][PASSED] - if (i == 4 &amp;&amp; wildList.indexOf(symbol) != -1): null

2019-08-24 12:12:09 - [TEST_STEP][PASSED] - symbol = symbol: null

2019-08-24 12:12:09 - [TEST_STEP][PASSED] - println(symbol): null

2019-08-24 12:12:09 - [TEST_STEP][PASSED] - if (i == 2 &amp;&amp; wildList.indexOf(symbol) != -1): null

2019-08-24 12:12:09 - [TEST_STEP][PASSED] - if (i == 3 &amp;&amp; wildList.indexOf(symbol) != -1): null

2019-08-24 12:12:09 - [TEST_STEP][PASSED] - if (i == 4 &amp;&amp; wildList.indexOf(symbol) != -1): null

2019-08-24 12:12:09 - [TEST_STEP][PASSED] - symbol = symbol: null

2019-08-24 12:12:09 - [TEST_STEP][PASSED] - println(symbol): null

2019-08-24 12:12:09 - [TEST_STEP][PASSED] - if (i == 2 &amp;&amp; wildList.indexOf(symbol) != -1): null

2019-08-24 12:12:09 - [TEST_STEP][PASSED] - if (i == 3 &amp;&amp; wildList.indexOf(symbol) != -1): null

2019-08-24 12:12:09 - [TEST_STEP][PASSED] - if (i == 4 &amp;&amp; wildList.indexOf(symbol) != -1): null

2019-08-24 12:12:09 - [TEST_STEP][PASSED] - symbols = symbols: null

2019-08-24 12:12:09 - [TEST_STEP][PASSED] - for ([j = 0, j &lt; symbols.size(), (j++)]): null

2019-08-24 12:12:09 - [TEST_STEP][PASSED] - symbol = symbol: null

2019-08-24 12:12:09 - [TEST_STEP][PASSED] - println(symbol): null

2019-08-24 12:12:09 - [TEST_STEP][PASSED] - if (i == 2 &amp;&amp; wildList.indexOf(symbol) != -1): null

2019-08-24 12:12:09 - [TEST_STEP][PASSED] - if (i == 3 &amp;&amp; wildList.indexOf(symbol) != -1): null

2019-08-24 12:12:09 - [TEST_STEP][PASSED] - if (i == 4 &amp;&amp; wildList.indexOf(symbol) != -1): null

2019-08-24 12:12:09 - [TEST_STEP][PASSED] - symbol = symbol: null

2019-08-24 12:12:09 - [TEST_STEP][PASSED] - println(symbol): null

2019-08-24 12:12:09 - [TEST_STEP][PASSED] - if (i == 2 &amp;&amp; wildList.indexOf(symbol) != -1): null

2019-08-24 12:12:09 - [TEST_STEP][PASSED] - println("wild found on reel 3, adding counter by 1"): null

2019-08-24 12:12:09 - [TEST_STEP][PASSED] - free_spin_reel_counter[0] = free_spin_reel_counter[0] + 1: null

2019-08-24 12:12:09 - [TEST_STEP][PASSED] - if (i == 3 &amp;&amp; wildList.indexOf(symbol) != -1): null

2019-08-24 12:12:09 - [TEST_STEP][PASSED] - if (i == 4 &amp;&amp; wildList.indexOf(symbol) != -1): null

2019-08-24 12:12:09 - [TEST_STEP][PASSED] - symbol = symbol: null

2019-08-24 12:12:09 - [TEST_STEP][PASSED] - println(symbol): null

2019-08-24 12:12:09 - [TEST_STEP][PASSED] - if (i == 2 &amp;&amp; wildList.indexOf(symbol) != -1): null

2019-08-24 12:12:09 - [TEST_STEP][PASSED] - if (i == 3 &amp;&amp; wildList.indexOf(symbol) != -1): null

2019-08-24 12:12:09 - [TEST_STEP][PASSED] - if (i == 4 &amp;&amp; wildList.indexOf(symbol) != -1): null

2019-08-24 12:12:09 - [TEST_STEP][PASSED] - symbols = symbols: null

2019-08-24 12:12:09 - [TEST_STEP][PASSED] - for ([j = 0, j &lt; symbols.size(), (j++)]): null

2019-08-24 12:12:09 - [TEST_STEP][PASSED] - symbol = symbol: null

2019-08-24 12:12:09 - [TEST_STEP][PASSED] - println(symbol): null

2019-08-24 12:12:09 - [TEST_STEP][PASSED] - if (i == 2 &amp;&amp; wildList.indexOf(symbol) != -1): null

2019-08-24 12:12:09 - [TEST_STEP][PASSED] - if (i == 3 &amp;&amp; wildList.indexOf(symbol) != -1): null

2019-08-24 12:12:09 - [TEST_STEP][PASSED] - if (i == 4 &amp;&amp; wildList.indexOf(symbol) != -1): null

2019-08-24 12:12:09 - [TEST_STEP][PASSED] - symbol = symbol: null

2019-08-24 12:12:09 - [TEST_STEP][PASSED] - println(symbol): null

2019-08-24 12:12:09 - [TEST_STEP][PASSED] - if (i == 2 &amp;&amp; wildList.indexOf(symbol) != -1): null

2019-08-24 12:12:09 - [TEST_STEP][PASSED] - if (i == 3 &amp;&amp; wildList.indexOf(symbol) != -1): null

2019-08-24 12:12:09 - [TEST_STEP][PASSED] - if (i == 4 &amp;&amp; wildList.indexOf(symbol) != -1): null

2019-08-24 12:12:09 - [TEST_STEP][PASSED] - symbol = symbol: null

2019-08-24 12:12:09 - [TEST_STEP][PASSED] - println(symbol): null

2019-08-24 12:12:09 - [TEST_STEP][PASSED] - if (i == 2 &amp;&amp; wildList.indexOf(symbol) != -1): null

2019-08-24 12:12:09 - [TEST_STEP][PASSED] - if (i == 3 &amp;&amp; wildList.indexOf(symbol) != -1): null

2019-08-24 12:12:09 - [TEST_STEP][PASSED] - if (i == 4 &amp;&amp; wildList.indexOf(symbol) != -1): null

2019-08-24 12:12:09 - [TEST_STEP][PASSED] - symbols = symbols: null

2019-08-24 12:12:09 - [TEST_STEP][PASSED] - for ([j = 0, j &lt; symbols.size(), (j++)]): null

2019-08-24 12:12:09 - [TEST_STEP][PASSED] - symbol = symbol: null

2019-08-24 12:12:09 - [TEST_STEP][PASSED] - println(symbol): null

2019-08-24 12:12:09 - [TEST_STEP][PASSED] - if (i == 2 &amp;&amp; wildList.indexOf(symbol) != -1): null

2019-08-24 12:12:09 - [TEST_STEP][PASSED] - if (i == 3 &amp;&amp; wildList.indexOf(symbol) != -1): null

2019-08-24 12:12:09 - [TEST_STEP][PASSED] - if (i == 4 &amp;&amp; wildList.indexOf(symbol) != -1): null

2019-08-24 12:12:09 - [TEST_STEP][PASSED] - symbol = symbol: null

2019-08-24 12:12:09 - [TEST_STEP][PASSED] - println(symbol): null

2019-08-24 12:12:09 - [TEST_STEP][PASSED] - if (i == 2 &amp;&amp; wildList.indexOf(symbol) != -1): null

2019-08-24 12:12:09 - [TEST_STEP][PASSED] - if (i == 3 &amp;&amp; wildList.indexOf(symbol) != -1): null

2019-08-24 12:12:09 - [TEST_STEP][PASSED] - if (i == 4 &amp;&amp; wildList.indexOf(symbol) != -1): null

2019-08-24 12:12:09 - [TEST_STEP][PASSED] - symbol = symbol: null

2019-08-24 12:12:09 - [TEST_STEP][PASSED] - println(symbol): null

2019-08-24 12:12:09 - [TEST_STEP][PASSED] - if (i == 2 &amp;&amp; wildList.indexOf(symbol) != -1): null

2019-08-24 12:12:09 - [TEST_STEP][PASSED] - if (i == 3 &amp;&amp; wildList.indexOf(symbol) != -1): null

2019-08-24 12:12:09 - [TEST_STEP][PASSED] - if (i == 4 &amp;&amp; wildList.indexOf(symbol) != -1): null

2019-08-24 12:12:09 - [TEST_STEP][PASSED] - free_spin_reel_counter = free_spin_reel_counter: null

2019-08-24 12:12:09 - [TEST_STEP][PASSED] - println("reel 3 wild found: " + free_spin_reel_counter[0]): null

2019-08-24 12:12:09 - [TEST_STEP][PASSED] - println("reel 4 wild found: " + free_spin_reel_counter[1]): null

2019-08-24 12:12:09 - [TEST_STEP][PASSED] - println("reel 5 wild found: " + free_spin_reel_counter[2]): null

2019-08-24 12:12:09 - [TEST_STEP][PASSED] - M4_spin_reels = M4_spin_reels: null

2019-08-24 12:12:09 - [TEST_STEP][PASSED] - M4_spin_reels_symbols = symbol: null

2019-08-24 12:12:09 - [TEST_STEP][PASSED] - M4_spin_reels_symbols = M4_spin_reels_symbols: null

2019-08-24 12:12:09 - [TEST_STEP][PASSED] - M4_spin_reel_wins = reel_wins: null

2019-08-24 12:12:09 - [TEST_STEP][PASSED] - M4_spin_reel_wins = M4_spin_reel_wins: null

2019-08-24 12:12:09 - [TEST_STEP][PASSED] - println("GlobalVariable.M4_spin_reel_wins is: " + M4_spin_reel_wins): null

2019-08-24 12:12:09 - [TEST_STEP][PASSED] - M4_spin_total_bonus_win_this_round = total_bonus_win_this_round: null

2019-08-24 12:12:09 - [TEST_STEP][PASSED] - M4_spin_total_bonus_win_this_round = M4_spin_total_bonus_win_this_round: null

2019-08-24 12:12:09 - [TEST_STEP][PASSED] - println("GlobalVariable.M4_spin_total_bonus_win_this_round is: " + M4_spin_total_bonus_win_this_round): null

2019-08-24 12:12:09 - [TEST_STEP][PASSED] - M4_spin_bonus_spin_result = spin_result: null

2019-08-24 12:12:09 - [TEST_STEP][PASSED] - M4_spin_bonus_spin_result = M4_spin_bonus_spin_result: null

2019-08-24 12:12:09 - [MESSAGE][PASSED] - Verify response successfully

2019-08-24 12:12:09 - [MESSAGE][PASSED] - Send request and verify the response successfully

2019-08-24 12:12:09 - [TEST_STEP][PASSED] - if (M4_total_bonus_spins_int != 0 &amp;&amp; M4_spin_reels_symbols[2].contains("WILD_ExtraFG") || M4_spin_reels_symbols[3].contains("WILD_ExtraFG")): null

2019-08-24 12:12:09 - [TEST_STEP][PASSED] - free_spin_reel_counter = free_spin_reel_counter: null

2019-08-24 12:12:09 - [TEST_STEP][PASSED] - M4_spin_reels_symbols = M4_spin_reels_symbols: null

2019-08-24 12:12:09 - [TEST_STEP][PASSED] - M4_total_bonus_spins = M4_total_bonus_spins: null

2019-08-24 12:12:09 - [TEST_STEP][PASSED] - spin_result = sendRequestAndVerify(findTestObject("INT/RGS(M4)/1_M4_spin", ["M4_login_user_id":M4_login_user_id, "rgs_session_token":rgs_session_token, "partner":Partner])): Send request and verify the response successfully

2019-08-24 12:12:10 - [MESSAGE][INFO] - HAR: /Users/eiralee/Katalon_Script/SuperWild/Reports/20190824_120919/INT/superWild_3/20190824_120919/requests/main/49.har

2019-08-24 12:12:10 - [TEST_CASE][PASSED] - Start Test Case : Verification: Verification accomplished successfully

2019-08-24 12:12:10 - [TEST_STEP][PASSED] - request = getInstance().getCurrentRequest(): null

2019-08-24 12:12:10 - [TEST_STEP][PASSED] - response = getInstance().getCurrentResponse(): null

2019-08-24 12:12:10 - [TEST_STEP][PASSED] - verifyResponseStatusCode(response, 200): Verify response status code successfully

2019-08-24 12:12:10 - [MESSAGE][PASSED] - Verify response status code successfully

2019-08-24 12:12:10 - [TEST_STEP][PASSED] - getStatusCode()).isEqualTo(200): null

2019-08-24 12:12:10 - [TEST_STEP][PASSED] - newline = System.getProperty("line.separator"): null

2019-08-24 12:12:10 - [TEST_STEP][PASSED] - M4_spin = new groovy.json.JsonSlurper(): null

2019-08-24 12:12:10 - [TEST_STEP][PASSED] - result_M4_spin = M4_spin.parseText(response.getResponseBodyContent()): null

2019-08-24 12:12:10 - [TEST_STEP][PASSED] - M4_spin_current_balance = current_balance: null

2019-08-24 12:12:10 - [TEST_STEP][PASSED] - M4_spin_current_balance = M4_spin_current_balance: null

2019-08-24 12:12:10 - [TEST_STEP][PASSED] - M4_spin_transaction_id = causality: null

2019-08-24 12:12:10 - [TEST_STEP][PASSED] - M4_spin_transaction_id = M4_spin_transaction_id: null

2019-08-24 12:12:10 - [TEST_STEP][PASSED] - M4_spin_round_id = round_id: null

2019-08-24 12:12:10 - [TEST_STEP][PASSED] - M4_spin_round_id = M4_spin_round_id: null

2019-08-24 12:12:10 - [TEST_STEP][PASSED] - M4_spin_line_wins = line_wins: null

2019-08-24 12:12:10 - [TEST_STEP][PASSED] - M4_spin_line_wins = M4_spin_line_wins: null

2019-08-24 12:12:10 - [TEST_STEP][PASSED] - M4_total_bonus_spins_int = total_bonus_spins: null

2019-08-24 12:12:13 - [TEST_STEP][PASSED] - println("******M4_total_bonus_spins type is:*******" + newline + getClass().getName()): null

2019-08-24 12:12:13 - [TEST_STEP][PASSED] - M4_total_bonus_spins_int = M4_total_bonus_spins_int: null

2019-08-24 12:12:13 - [TEST_STEP][PASSED] - M4_total_bonus_spins = Integer.toString(M4_total_bonus_spins_int): null

2019-08-24 12:12:13 - [TEST_STEP][PASSED] - M4_total_bonus_spins = M4_total_bonus_spins: null

2019-08-24 12:12:13 - [TEST_STEP][PASSED] - println("M4_total_bonus_spins is:" + M4_total_bonus_spins): null

2019-08-24 12:12:13 - [TEST_STEP][PASSED] - M4_spin_bonus_data = bonus_data: null

2019-08-24 12:12:13 - [TEST_STEP][PASSED] - M4_spin_features_triggered = result_M4_spin: null

2019-08-24 12:12:13 - [TEST_STEP][PASSED] - wild = []: null

2019-08-24 12:12:13 - [TEST_STEP][PASSED] - wild[0] = "WILD_Expanding": null

2019-08-24 12:12:13 - [TEST_STEP][PASSED] - wild[1] = "WILD_Normal": null

2019-08-24 12:12:15 - [TEST_STEP][PASSED] - wild[2] = "WILD_Double": null

2019-08-24 12:12:15 - [TEST_STEP][PASSED] - wild[3] = "WILD_ExtraFG": null

2019-08-24 12:12:15 - [TEST_STEP][PASSED] - wild[4] = "WILD_Triple": null

2019-08-24 12:12:15 - [TEST_STEP][PASSED] - wildList = Arrays.asList(wild): null

2019-08-24 12:12:15 - [TEST_STEP][PASSED] - wildList = wildList: null

2019-08-24 12:12:15 - [TEST_STEP][PASSED] - free_spin_reel_counter = []: null

2019-08-24 12:12:15 - [TEST_STEP][PASSED] - free_spin_reel_counter[0] = 0: null

2019-08-24 12:12:15 - [TEST_STEP][PASSED] - free_spin_reel_counter[1] = 0: null

2019-08-24 12:12:15 - [TEST_STEP][PASSED] - free_spin_reel_counter[2] = 0: null

2019-08-24 12:12:15 - [TEST_STEP][PASSED] - M4_spin_reels = reels: null

2019-08-24 12:12:15 - [TEST_STEP][PASSED] - for ([i = 0, i &lt; M4_spin_reels.size(), (i++)]): null

2019-08-24 12:12:15 - [TEST_STEP][PASSED] - symbols = symbols: null

2019-08-24 12:12:15 - [TEST_STEP][PASSED] - for ([j = 0, j &lt; symbols.size(), (j++)]): null

2019-08-24 12:12:15 - [TEST_STEP][PASSED] - symbol = symbol: null

2019-08-24 12:12:15 - [TEST_STEP][PASSED] - println(symbol): null

2019-08-24 12:12:15 - [TEST_STEP][PASSED] - if (i == 2 &amp;&amp; wildList.indexOf(symbol) != -1): null

2019-08-24 12:12:15 - [TEST_STEP][PASSED] - if (i == 3 &amp;&amp; wildList.indexOf(symbol) != -1): null

2019-08-24 12:12:15 - [TEST_STEP][PASSED] - if (i == 4 &amp;&amp; wildList.indexOf(symbol) != -1): null

2019-08-24 12:12:15 - [TEST_STEP][PASSED] - symbol = symbol: null

2019-08-24 12:12:15 - [TEST_STEP][PASSED] - println(symbol): null

2019-08-24 12:12:15 - [TEST_STEP][PASSED] - if (i == 2 &amp;&amp; wildList.indexOf(symbol) != -1): null

2019-08-24 12:12:15 - [TEST_STEP][PASSED] - if (i == 3 &amp;&amp; wildList.indexOf(symbol) != -1): null

2019-08-24 12:12:15 - [TEST_STEP][PASSED] - if (i == 4 &amp;&amp; wildList.indexOf(symbol) != -1): null

2019-08-24 12:12:15 - [TEST_STEP][PASSED] - symbol = symbol: null

2019-08-24 12:12:15 - [TEST_STEP][PASSED] - println(symbol): null

2019-08-24 12:12:15 - [TEST_STEP][PASSED] - if (i == 2 &amp;&amp; wildList.indexOf(symbol) != -1): null

2019-08-24 12:12:15 - [TEST_STEP][PASSED] - if (i == 3 &amp;&amp; wildList.indexOf(symbol) != -1): null

2019-08-24 12:12:15 - [TEST_STEP][PASSED] - if (i == 4 &amp;&amp; wildList.indexOf(symbol) != -1): null

2019-08-24 12:12:15 - [TEST_STEP][PASSED] - symbols = symbols: null

2019-08-24 12:12:15 - [TEST_STEP][PASSED] - for ([j = 0, j &lt; symbols.size(), (j++)]): null

2019-08-24 12:12:15 - [TEST_STEP][PASSED] - symbol = symbol: null

2019-08-24 12:12:15 - [TEST_STEP][PASSED] - println(symbol): null

2019-08-24 12:12:15 - [TEST_STEP][PASSED] - if (i == 2 &amp;&amp; wildList.indexOf(symbol) != -1): null

2019-08-24 12:12:15 - [TEST_STEP][PASSED] - if (i == 3 &amp;&amp; wildList.indexOf(symbol) != -1): null

2019-08-24 12:12:15 - [TEST_STEP][PASSED] - if (i == 4 &amp;&amp; wildList.indexOf(symbol) != -1): null

2019-08-24 12:12:15 - [TEST_STEP][PASSED] - symbol = symbol: null

2019-08-24 12:12:15 - [TEST_STEP][PASSED] - println(symbol): null

2019-08-24 12:12:15 - [TEST_STEP][PASSED] - if (i == 2 &amp;&amp; wildList.indexOf(symbol) != -1): null

2019-08-24 12:12:15 - [TEST_STEP][PASSED] - if (i == 3 &amp;&amp; wildList.indexOf(symbol) != -1): null

2019-08-24 12:12:15 - [TEST_STEP][PASSED] - if (i == 4 &amp;&amp; wildList.indexOf(symbol) != -1): null

2019-08-24 12:12:15 - [TEST_STEP][PASSED] - symbol = symbol: null

2019-08-24 12:12:15 - [TEST_STEP][PASSED] - println(symbol): null

2019-08-24 12:12:15 - [TEST_STEP][PASSED] - if (i == 2 &amp;&amp; wildList.indexOf(symbol) != -1): null

2019-08-24 12:12:15 - [TEST_STEP][PASSED] - if (i == 3 &amp;&amp; wildList.indexOf(symbol) != -1): null

2019-08-24 12:12:15 - [TEST_STEP][PASSED] - if (i == 4 &amp;&amp; wildList.indexOf(symbol) != -1): null

2019-08-24 12:12:15 - [TEST_STEP][PASSED] - symbols = symbols: null

2019-08-24 12:12:15 - [TEST_STEP][PASSED] - for ([j = 0, j &lt; symbols.size(), (j++)]): null

2019-08-24 12:12:15 - [TEST_STEP][PASSED] - symbol = symbol: null

2019-08-24 12:12:15 - [TEST_STEP][PASSED] - println(symbol): null

2019-08-24 12:12:15 - [TEST_STEP][PASSED] - if (i == 2 &amp;&amp; wildList.indexOf(symbol) != -1): null

2019-08-24 12:12:15 - [TEST_STEP][PASSED] - if (i == 3 &amp;&amp; wildList.indexOf(symbol) != -1): null

2019-08-24 12:12:15 - [TEST_STEP][PASSED] - if (i == 4 &amp;&amp; wildList.indexOf(symbol) != -1): null

2019-08-24 12:12:15 - [TEST_STEP][PASSED] - symbol = symbol: null

2019-08-24 12:12:15 - [TEST_STEP][PASSED] - println(symbol): null

2019-08-24 12:12:15 - [TEST_STEP][PASSED] - if (i == 2 &amp;&amp; wildList.indexOf(symbol) != -1): null

2019-08-24 12:12:15 - [TEST_STEP][PASSED] - if (i == 3 &amp;&amp; wildList.indexOf(symbol) != -1): null

2019-08-24 12:12:15 - [TEST_STEP][PASSED] - if (i == 4 &amp;&amp; wildList.indexOf(symbol) != -1): null

2019-08-24 12:12:15 - [TEST_STEP][PASSED] - symbol = symbol: null

2019-08-24 12:12:15 - [TEST_STEP][PASSED] - println(symbol): null

2019-08-24 12:12:15 - [TEST_STEP][PASSED] - if (i == 2 &amp;&amp; wildList.indexOf(symbol) != -1): null

2019-08-24 12:12:15 - [TEST_STEP][PASSED] - if (i == 3 &amp;&amp; wildList.indexOf(symbol) != -1): null

2019-08-24 12:12:15 - [TEST_STEP][PASSED] - if (i == 4 &amp;&amp; wildList.indexOf(symbol) != -1): null

2019-08-24 12:12:15 - [TEST_STEP][PASSED] - symbols = symbols: null

2019-08-24 12:12:15 - [TEST_STEP][PASSED] - for ([j = 0, j &lt; symbols.size(), (j++)]): null

2019-08-24 12:12:15 - [TEST_STEP][PASSED] - symbol = symbol: null

2019-08-24 12:12:15 - [TEST_STEP][PASSED] - println(symbol): null

2019-08-24 12:12:15 - [TEST_STEP][PASSED] - if (i == 2 &amp;&amp; wildList.indexOf(symbol) != -1): null

2019-08-24 12:12:15 - [TEST_STEP][PASSED] - if (i == 3 &amp;&amp; wildList.indexOf(symbol) != -1): null

2019-08-24 12:12:15 - [TEST_STEP][PASSED] - if (i == 4 &amp;&amp; wildList.indexOf(symbol) != -1): null

2019-08-24 12:12:15 - [TEST_STEP][PASSED] - symbol = symbol: null

2019-08-24 12:12:15 - [TEST_STEP][PASSED] - println(symbol): null

2019-08-24 12:12:15 - [TEST_STEP][PASSED] - if (i == 2 &amp;&amp; wildList.indexOf(symbol) != -1): null

2019-08-24 12:12:15 - [TEST_STEP][PASSED] - if (i == 3 &amp;&amp; wildList.indexOf(symbol) != -1): null

2019-08-24 12:12:15 - [TEST_STEP][PASSED] - if (i == 4 &amp;&amp; wildList.indexOf(symbol) != -1): null

2019-08-24 12:12:15 - [TEST_STEP][PASSED] - symbol = symbol: null

2019-08-24 12:12:15 - [TEST_STEP][PASSED] - println(symbol): null

2019-08-24 12:12:15 - [TEST_STEP][PASSED] - if (i == 2 &amp;&amp; wildList.indexOf(symbol) != -1): null

2019-08-24 12:12:15 - [TEST_STEP][PASSED] - if (i == 3 &amp;&amp; wildList.indexOf(symbol) != -1): null

2019-08-24 12:12:15 - [TEST_STEP][PASSED] - if (i == 4 &amp;&amp; wildList.indexOf(symbol) != -1): null

2019-08-24 12:12:15 - [TEST_STEP][PASSED] - symbols = symbols: null

2019-08-24 12:12:15 - [TEST_STEP][PASSED] - for ([j = 0, j &lt; symbols.size(), (j++)]): null

2019-08-24 12:12:15 - [TEST_STEP][PASSED] - symbol = symbol: null

2019-08-24 12:12:15 - [TEST_STEP][PASSED] - println(symbol): null

2019-08-24 12:12:15 - [TEST_STEP][PASSED] - if (i == 2 &amp;&amp; wildList.indexOf(symbol) != -1): null

2019-08-24 12:12:15 - [TEST_STEP][PASSED] - if (i == 3 &amp;&amp; wildList.indexOf(symbol) != -1): null

2019-08-24 12:12:15 - [TEST_STEP][PASSED] - if (i == 4 &amp;&amp; wildList.indexOf(symbol) != -1): null

2019-08-24 12:12:15 - [TEST_STEP][PASSED] - symbol = symbol: null

2019-08-24 12:12:15 - [TEST_STEP][PASSED] - println(symbol): null

2019-08-24 12:12:15 - [TEST_STEP][PASSED] - if (i == 2 &amp;&amp; wildList.indexOf(symbol) != -1): null

2019-08-24 12:12:15 - [TEST_STEP][PASSED] - if (i == 3 &amp;&amp; wildList.indexOf(symbol) != -1): null

2019-08-24 12:12:15 - [TEST_STEP][PASSED] - if (i == 4 &amp;&amp; wildList.indexOf(symbol) != -1): null

2019-08-24 12:12:15 - [TEST_STEP][PASSED] - symbol = symbol: null

2019-08-24 12:12:15 - [TEST_STEP][PASSED] - println(symbol): null

2019-08-24 12:12:15 - [TEST_STEP][PASSED] - if (i == 2 &amp;&amp; wildList.indexOf(symbol) != -1): null

2019-08-24 12:12:15 - [TEST_STEP][PASSED] - if (i == 3 &amp;&amp; wildList.indexOf(symbol) != -1): null

2019-08-24 12:12:15 - [TEST_STEP][PASSED] - if (i == 4 &amp;&amp; wildList.indexOf(symbol) != -1): null

2019-08-24 12:12:15 - [TEST_STEP][PASSED] - free_spin_reel_counter = free_spin_reel_counter: null

2019-08-24 12:12:15 - [TEST_STEP][PASSED] - println("reel 3 wild found: " + free_spin_reel_counter[0]): null

2019-08-24 12:12:15 - [TEST_STEP][PASSED] - println("reel 4 wild found: " + free_spin_reel_counter[1]): null

2019-08-24 12:12:15 - [TEST_STEP][PASSED] - println("reel 5 wild found: " + free_spin_reel_counter[2]): null

2019-08-24 12:12:15 - [TEST_STEP][PASSED] - M4_spin_reels = M4_spin_reels: null

2019-08-24 12:12:15 - [TEST_STEP][PASSED] - M4_spin_reels_symbols = symbol: null

2019-08-24 12:12:15 - [TEST_STEP][PASSED] - M4_spin_reels_symbols = M4_spin_reels_symbols: null

2019-08-24 12:12:15 - [TEST_STEP][PASSED] - M4_spin_reel_wins = reel_wins: null

2019-08-24 12:12:15 - [TEST_STEP][PASSED] - M4_spin_reel_wins = M4_spin_reel_wins: null

2019-08-24 12:12:15 - [TEST_STEP][PASSED] - println("GlobalVariable.M4_spin_reel_wins is: " + M4_spin_reel_wins): null

2019-08-24 12:12:15 - [TEST_STEP][PASSED] - M4_spin_total_bonus_win_this_round = total_bonus_win_this_round: null

2019-08-24 12:12:15 - [TEST_STEP][PASSED] - M4_spin_total_bonus_win_this_round = M4_spin_total_bonus_win_this_round: null

2019-08-24 12:12:15 - [TEST_STEP][PASSED] - println("GlobalVariable.M4_spin_total_bonus_win_this_round is: " + M4_spin_total_bonus_win_this_round): null

2019-08-24 12:12:15 - [TEST_STEP][PASSED] - M4_spin_bonus_spin_result = spin_result: null

2019-08-24 12:12:15 - [TEST_STEP][PASSED] - M4_spin_bonus_spin_result = M4_spin_bonus_spin_result: null

2019-08-24 12:12:15 - [MESSAGE][PASSED] - Verify response successfully

2019-08-24 12:12:15 - [MESSAGE][PASSED] - Send request and verify the response successfully

2019-08-24 12:12:15 - [TEST_STEP][PASSED] - if (M4_total_bonus_spins_int != 0 &amp;&amp; M4_spin_reels_symbols[2].contains("WILD_ExtraFG") || M4_spin_reels_symbols[3].contains("WILD_ExtraFG")): null

2019-08-24 12:12:15 - [TEST_STEP][PASSED] - free_spin_reel_counter = free_spin_reel_counter: null

2019-08-24 12:12:15 - [TEST_STEP][PASSED] - M4_spin_reels_symbols = M4_spin_reels_symbols: null

2019-08-24 12:12:15 - [TEST_STEP][PASSED] - M4_total_bonus_spins = M4_total_bonus_spins: null

2019-08-24 12:12:15 - [TEST_STEP][PASSED] - spin_result = sendRequestAndVerify(findTestObject("INT/RGS(M4)/1_M4_spin", ["M4_login_user_id":M4_login_user_id, "rgs_session_token":rgs_session_token, "partner":Partner])): Send request and verify the response successfully

2019-08-24 12:12:15 - [MESSAGE][INFO] - HAR: /Users/eiralee/Katalon_Script/SuperWild/Reports/20190824_120919/INT/superWild_3/20190824_120919/requests/main/50.har

2019-08-24 12:12:16 - [TEST_CASE][PASSED] - Start Test Case : Verification: Verification accomplished successfully

2019-08-24 12:12:16 - [TEST_STEP][PASSED] - request = getInstance().getCurrentRequest(): null

2019-08-24 12:12:16 - [TEST_STEP][PASSED] - response = getInstance().getCurrentResponse(): null

2019-08-24 12:12:16 - [TEST_STEP][PASSED] - verifyResponseStatusCode(response, 200): Verify response status code successfully

2019-08-24 12:12:16 - [MESSAGE][PASSED] - Verify response status code successfully

2019-08-24 12:12:16 - [TEST_STEP][PASSED] - getStatusCode()).isEqualTo(200): null

2019-08-24 12:12:16 - [TEST_STEP][PASSED] - newline = System.getProperty("line.separator"): null

2019-08-24 12:12:16 - [TEST_STEP][PASSED] - M4_spin = new groovy.json.JsonSlurper(): null

2019-08-24 12:12:16 - [TEST_STEP][PASSED] - result_M4_spin = M4_spin.parseText(response.getResponseBodyContent()): null

2019-08-24 12:12:16 - [TEST_STEP][PASSED] - M4_spin_current_balance = current_balance: null

2019-08-24 12:12:16 - [TEST_STEP][PASSED] - M4_spin_current_balance = M4_spin_current_balance: null

2019-08-24 12:12:16 - [TEST_STEP][PASSED] - M4_spin_transaction_id = causality: null

2019-08-24 12:12:16 - [TEST_STEP][PASSED] - M4_spin_transaction_id = M4_spin_transaction_id: null

2019-08-24 12:12:16 - [TEST_STEP][PASSED] - M4_spin_round_id = round_id: null

2019-08-24 12:12:16 - [TEST_STEP][PASSED] - M4_spin_round_id = M4_spin_round_id: null

2019-08-24 12:12:16 - [TEST_STEP][PASSED] - M4_spin_line_wins = line_wins: null

2019-08-24 12:12:16 - [TEST_STEP][PASSED] - M4_spin_line_wins = M4_spin_line_wins: null

2019-08-24 12:12:16 - [TEST_STEP][PASSED] - M4_total_bonus_spins_int = total_bonus_spins: null

2019-08-24 12:12:16 - [TEST_STEP][PASSED] - println("******M4_total_bonus_spins type is:*******" + newline + getClass().getName()): null

2019-08-24 12:12:16 - [TEST_STEP][PASSED] - M4_total_bonus_spins_int = M4_total_bonus_spins_int: null

2019-08-24 12:12:16 - [TEST_STEP][PASSED] - M4_total_bonus_spins = Integer.toString(M4_total_bonus_spins_int): null

2019-08-24 12:12:16 - [TEST_STEP][PASSED] - M4_total_bonus_spins = M4_total_bonus_spins: null

2019-08-24 12:12:16 - [TEST_STEP][PASSED] - println("M4_total_bonus_spins is:" + M4_total_bonus_spins): null

2019-08-24 12:12:16 - [TEST_STEP][PASSED] - M4_spin_bonus_data = bonus_data: null

2019-08-24 12:12:16 - [TEST_STEP][PASSED] - M4_spin_features_triggered = result_M4_spin: null

2019-08-24 12:12:16 - [TEST_STEP][PASSED] - wild = []: null

2019-08-24 12:12:16 - [TEST_STEP][PASSED] - wild[0] = "WILD_Expanding": null

2019-08-24 12:12:16 - [TEST_STEP][PASSED] - wild[1] = "WILD_Normal": null

2019-08-24 12:12:16 - [TEST_STEP][PASSED] - wild[2] = "WILD_Double": null

2019-08-24 12:12:16 - [TEST_STEP][PASSED] - wild[3] = "WILD_ExtraFG": null

2019-08-24 12:12:16 - [TEST_STEP][PASSED] - wild[4] = "WILD_Triple": null

2019-08-24 12:12:16 - [TEST_STEP][PASSED] - wildList = Arrays.asList(wild): null

2019-08-24 12:12:16 - [TEST_STEP][PASSED] - wildList = wildList: null

2019-08-24 12:12:16 - [TEST_STEP][PASSED] - free_spin_reel_counter = []: null

2019-08-24 12:12:16 - [TEST_STEP][PASSED] - free_spin_reel_counter[0] = 0: null

2019-08-24 12:12:16 - [TEST_STEP][PASSED] - free_spin_reel_counter[1] = 0: null

2019-08-24 12:12:16 - [TEST_STEP][PASSED] - free_spin_reel_counter[2] = 0: null

2019-08-24 12:12:16 - [TEST_STEP][PASSED] - M4_spin_reels = reels: null

2019-08-24 12:12:16 - [TEST_STEP][PASSED] - for ([i = 0, i &lt; M4_spin_reels.size(), (i++)]): null

2019-08-24 12:12:16 - [TEST_STEP][PASSED] - symbols = symbols: null

2019-08-24 12:12:16 - [TEST_STEP][PASSED] - for ([j = 0, j &lt; symbols.size(), (j++)]): null

2019-08-24 12:12:16 - [TEST_STEP][PASSED] - symbol = symbol: null

2019-08-24 12:12:16 - [TEST_STEP][PASSED] - println(symbol): null

2019-08-24 12:12:16 - [TEST_STEP][PASSED] - if (i == 2 &amp;&amp; wildList.indexOf(symbol) != -1): null

2019-08-24 12:12:16 - [TEST_STEP][PASSED] - if (i == 3 &amp;&amp; wildList.indexOf(symbol) != -1): null

2019-08-24 12:12:16 - [TEST_STEP][PASSED] - if (i == 4 &amp;&amp; wildList.indexOf(symbol) != -1): null

2019-08-24 12:12:16 - [TEST_STEP][PASSED] - symbol = symbol: null

2019-08-24 12:12:16 - [TEST_STEP][PASSED] - println(symbol): null

2019-08-24 12:12:16 - [TEST_STEP][PASSED] - if (i == 2 &amp;&amp; wildList.indexOf(symbol) != -1): null

2019-08-24 12:12:16 - [TEST_STEP][PASSED] - if (i == 3 &amp;&amp; wildList.indexOf(symbol) != -1): null

2019-08-24 12:12:16 - [TEST_STEP][PASSED] - if (i == 4 &amp;&amp; wildList.indexOf(symbol) != -1): null

2019-08-24 12:12:16 - [TEST_STEP][PASSED] - symbol = symbol: null

2019-08-24 12:12:16 - [TEST_STEP][PASSED] - println(symbol): null

2019-08-24 12:12:16 - [TEST_STEP][PASSED] - if (i == 2 &amp;&amp; wildList.indexOf(symbol) != -1): null

2019-08-24 12:12:16 - [TEST_STEP][PASSED] - if (i == 3 &amp;&amp; wildList.indexOf(symbol) != -1): null

2019-08-24 12:12:16 - [TEST_STEP][PASSED] - if (i == 4 &amp;&amp; wildList.indexOf(symbol) != -1): null

2019-08-24 12:12:16 - [TEST_STEP][PASSED] - symbols = symbols: null

2019-08-24 12:12:16 - [TEST_STEP][PASSED] - for ([j = 0, j &lt; symbols.size(), (j++)]): null

2019-08-24 12:12:16 - [TEST_STEP][PASSED] - symbol = symbol: null

2019-08-24 12:12:16 - [TEST_STEP][PASSED] - println(symbol): null

2019-08-24 12:12:16 - [TEST_STEP][PASSED] - if (i == 2 &amp;&amp; wildList.indexOf(symbol) != -1): null

2019-08-24 12:12:16 - [TEST_STEP][PASSED] - if (i == 3 &amp;&amp; wildList.indexOf(symbol) != -1): null

2019-08-24 12:12:16 - [TEST_STEP][PASSED] - if (i == 4 &amp;&amp; wildList.indexOf(symbol) != -1): null

2019-08-24 12:12:16 - [TEST_STEP][PASSED] - symbol = symbol: null

2019-08-24 12:12:16 - [TEST_STEP][PASSED] - println(symbol): null

2019-08-24 12:12:16 - [TEST_STEP][PASSED] - if (i == 2 &amp;&amp; wildList.indexOf(symbol) != -1): null

2019-08-24 12:12:16 - [TEST_STEP][PASSED] - if (i == 3 &amp;&amp; wildList.indexOf(symbol) != -1): null

2019-08-24 12:12:16 - [TEST_STEP][PASSED] - if (i == 4 &amp;&amp; wildList.indexOf(symbol) != -1): null

2019-08-24 12:12:16 - [TEST_STEP][PASSED] - symbol = symbol: null

2019-08-24 12:12:16 - [TEST_STEP][PASSED] - println(symbol): null

2019-08-24 12:12:16 - [TEST_STEP][PASSED] - if (i == 2 &amp;&amp; wildList.indexOf(symbol) != -1): null

2019-08-24 12:12:16 - [TEST_STEP][PASSED] - if (i == 3 &amp;&amp; wildList.indexOf(symbol) != -1): null

2019-08-24 12:12:16 - [TEST_STEP][PASSED] - if (i == 4 &amp;&amp; wildList.indexOf(symbol) != -1): null

2019-08-24 12:12:16 - [TEST_STEP][PASSED] - symbols = symbols: null

2019-08-24 12:12:16 - [TEST_STEP][PASSED] - for ([j = 0, j &lt; symbols.size(), (j++)]): null

2019-08-24 12:12:16 - [TEST_STEP][PASSED] - symbol = symbol: null

2019-08-24 12:12:16 - [TEST_STEP][PASSED] - println(symbol): null

2019-08-24 12:12:16 - [TEST_STEP][PASSED] - if (i == 2 &amp;&amp; wildList.indexOf(symbol) != -1): null

2019-08-24 12:12:16 - [TEST_STEP][PASSED] - if (i == 3 &amp;&amp; wildList.indexOf(symbol) != -1): null

2019-08-24 12:12:16 - [TEST_STEP][PASSED] - if (i == 4 &amp;&amp; wildList.indexOf(symbol) != -1): null

2019-08-24 12:12:16 - [TEST_STEP][PASSED] - symbol = symbol: null

2019-08-24 12:12:16 - [TEST_STEP][PASSED] - println(symbol): null

2019-08-24 12:12:16 - [TEST_STEP][PASSED] - if (i == 2 &amp;&amp; wildList.indexOf(symbol) != -1): null

2019-08-24 12:12:16 - [TEST_STEP][PASSED] - if (i == 3 &amp;&amp; wildList.indexOf(symbol) != -1): null

2019-08-24 12:12:16 - [TEST_STEP][PASSED] - if (i == 4 &amp;&amp; wildList.indexOf(symbol) != -1): null

2019-08-24 12:12:16 - [TEST_STEP][PASSED] - symbol = symbol: null

2019-08-24 12:12:16 - [TEST_STEP][PASSED] - println(symbol): null

2019-08-24 12:12:16 - [TEST_STEP][PASSED] - if (i == 2 &amp;&amp; wildList.indexOf(symbol) != -1): null

2019-08-24 12:12:16 - [TEST_STEP][PASSED] - println("wild found on reel 3, adding counter by 1"): null

2019-08-24 12:12:16 - [TEST_STEP][PASSED] - free_spin_reel_counter[0] = free_spin_reel_counter[0] + 1: null

2019-08-24 12:12:16 - [TEST_STEP][PASSED] - if (i == 3 &amp;&amp; wildList.indexOf(symbol) != -1): null

2019-08-24 12:12:16 - [TEST_STEP][PASSED] - if (i == 4 &amp;&amp; wildList.indexOf(symbol) != -1): null

2019-08-24 12:12:16 - [TEST_STEP][PASSED] - symbols = symbols: null

2019-08-24 12:12:16 - [TEST_STEP][PASSED] - for ([j = 0, j &lt; symbols.size(), (j++)]): null

2019-08-24 12:12:16 - [TEST_STEP][PASSED] - symbol = symbol: null

2019-08-24 12:12:16 - [TEST_STEP][PASSED] - println(symbol): null

2019-08-24 12:12:16 - [TEST_STEP][PASSED] - if (i == 2 &amp;&amp; wildList.indexOf(symbol) != -1): null

2019-08-24 12:12:16 - [TEST_STEP][PASSED] - if (i == 3 &amp;&amp; wildList.indexOf(symbol) != -1): null

2019-08-24 12:12:16 - [TEST_STEP][PASSED] - if (i == 4 &amp;&amp; wildList.indexOf(symbol) != -1): null

2019-08-24 12:12:16 - [TEST_STEP][PASSED] - symbol = symbol: null

2019-08-24 12:12:16 - [TEST_STEP][PASSED] - println(symbol): null

2019-08-24 12:12:16 - [TEST_STEP][PASSED] - if (i == 2 &amp;&amp; wildList.indexOf(symbol) != -1): null

2019-08-24 12:12:16 - [TEST_STEP][PASSED] - if (i == 3 &amp;&amp; wildList.indexOf(symbol) != -1): null

2019-08-24 12:12:16 - [TEST_STEP][PASSED] - if (i == 4 &amp;&amp; wildList.indexOf(symbol) != -1): null

2019-08-24 12:12:16 - [TEST_STEP][PASSED] - symbol = symbol: null

2019-08-24 12:12:16 - [TEST_STEP][PASSED] - println(symbol): null

2019-08-24 12:12:16 - [TEST_STEP][PASSED] - if (i == 2 &amp;&amp; wildList.indexOf(symbol) != -1): null

2019-08-24 12:12:16 - [TEST_STEP][PASSED] - if (i == 3 &amp;&amp; wildList.indexOf(symbol) != -1): null

2019-08-24 12:12:16 - [TEST_STEP][PASSED] - if (i == 4 &amp;&amp; wildList.indexOf(symbol) != -1): null

2019-08-24 12:12:16 - [TEST_STEP][PASSED] - symbols = symbols: null

2019-08-24 12:12:16 - [TEST_STEP][PASSED] - for ([j = 0, j &lt; symbols.size(), (j++)]): null

2019-08-24 12:12:16 - [TEST_STEP][PASSED] - symbol = symbol: null

2019-08-24 12:12:16 - [TEST_STEP][PASSED] - println(symbol): null

2019-08-24 12:12:16 - [TEST_STEP][PASSED] - if (i == 2 &amp;&amp; wildList.indexOf(symbol) != -1): null

2019-08-24 12:12:16 - [TEST_STEP][PASSED] - if (i == 3 &amp;&amp; wildList.indexOf(symbol) != -1): null

2019-08-24 12:12:16 - [TEST_STEP][PASSED] - if (i == 4 &amp;&amp; wildList.indexOf(symbol) != -1): null

2019-08-24 12:12:16 - [TEST_STEP][PASSED] - symbol = symbol: null

2019-08-24 12:12:16 - [TEST_STEP][PASSED] - println(symbol): null

2019-08-24 12:12:16 - [TEST_STEP][PASSED] - if (i == 2 &amp;&amp; wildList.indexOf(symbol) != -1): null

2019-08-24 12:12:16 - [TEST_STEP][PASSED] - if (i == 3 &amp;&amp; wildList.indexOf(symbol) != -1): null

2019-08-24 12:12:16 - [TEST_STEP][PASSED] - if (i == 4 &amp;&amp; wildList.indexOf(symbol) != -1): null

2019-08-24 12:12:16 - [TEST_STEP][PASSED] - symbol = symbol: null

2019-08-24 12:12:16 - [TEST_STEP][PASSED] - println(symbol): null

2019-08-24 12:12:16 - [TEST_STEP][PASSED] - if (i == 2 &amp;&amp; wildList.indexOf(symbol) != -1): null

2019-08-24 12:12:16 - [TEST_STEP][PASSED] - if (i == 3 &amp;&amp; wildList.indexOf(symbol) != -1): null

2019-08-24 12:12:16 - [TEST_STEP][PASSED] - if (i == 4 &amp;&amp; wildList.indexOf(symbol) != -1): null

2019-08-24 12:12:16 - [TEST_STEP][PASSED] - free_spin_reel_counter = free_spin_reel_counter: null

2019-08-24 12:12:16 - [TEST_STEP][PASSED] - println("reel 3 wild found: " + free_spin_reel_counter[0]): null

2019-08-24 12:12:16 - [TEST_STEP][PASSED] - println("reel 4 wild found: " + free_spin_reel_counter[1]): null

2019-08-24 12:12:16 - [TEST_STEP][PASSED] - println("reel 5 wild found: " + free_spin_reel_counter[2]): null

2019-08-24 12:12:16 - [TEST_STEP][PASSED] - M4_spin_reels = M4_spin_reels: null

2019-08-24 12:12:16 - [TEST_STEP][PASSED] - M4_spin_reels_symbols = symbol: null

2019-08-24 12:12:16 - [TEST_STEP][PASSED] - M4_spin_reels_symbols = M4_spin_reels_symbols: null

2019-08-24 12:12:16 - [TEST_STEP][PASSED] - M4_spin_reel_wins = reel_wins: null

2019-08-24 12:12:16 - [TEST_STEP][PASSED] - M4_spin_reel_wins = M4_spin_reel_wins: null

2019-08-24 12:12:16 - [TEST_STEP][PASSED] - println("GlobalVariable.M4_spin_reel_wins is: " + M4_spin_reel_wins): null

2019-08-24 12:12:16 - [TEST_STEP][PASSED] - M4_spin_total_bonus_win_this_round = total_bonus_win_this_round: null

2019-08-24 12:12:16 - [TEST_STEP][PASSED] - M4_spin_total_bonus_win_this_round = M4_spin_total_bonus_win_this_round: null

2019-08-24 12:12:16 - [TEST_STEP][PASSED] - println("GlobalVariable.M4_spin_total_bonus_win_this_round is: " + M4_spin_total_bonus_win_this_round): null

2019-08-24 12:12:16 - [TEST_STEP][PASSED] - M4_spin_bonus_spin_result = spin_result: null

2019-08-24 12:12:16 - [TEST_STEP][PASSED] - M4_spin_bonus_spin_result = M4_spin_bonus_spin_result: null

2019-08-24 12:12:16 - [MESSAGE][PASSED] - Verify response successfully

2019-08-24 12:12:16 - [MESSAGE][PASSED] - Send request and verify the response successfully

2019-08-24 12:12:16 - [TEST_STEP][PASSED] - if (M4_total_bonus_spins_int != 0 &amp;&amp; M4_spin_reels_symbols[2].contains("WILD_ExtraFG") || M4_spin_reels_symbols[3].contains("WILD_ExtraFG")): null

2019-08-24 12:12:16 - [TEST_STEP][PASSED] - free_spin_reel_counter = free_spin_reel_counter: null

2019-08-24 12:12:16 - [TEST_STEP][PASSED] - M4_spin_reels_symbols = M4_spin_reels_symbols: null

2019-08-24 12:12:16 - [TEST_STEP][PASSED] - M4_total_bonus_spins = M4_total_bonus_spins: null

2019-08-24 12:12:16 - [TEST_STEP][PASSED] - spin_result = sendRequestAndVerify(findTestObject("INT/RGS(M4)/1_M4_spin", ["M4_login_user_id":M4_login_user_id, "rgs_session_token":rgs_session_token, "partner":Partner])): Send request and verify the response successfully

2019-08-24 12:12:16 - [MESSAGE][INFO] - HAR: /Users/eiralee/Katalon_Script/SuperWild/Reports/20190824_120919/INT/superWild_3/20190824_120919/requests/main/51.har

2019-08-24 12:12:16 - [TEST_CASE][PASSED] - Start Test Case : Verification: Verification accomplished successfully

2019-08-24 12:12:16 - [TEST_STEP][PASSED] - request = getInstance().getCurrentRequest(): null

2019-08-24 12:12:16 - [TEST_STEP][PASSED] - response = getInstance().getCurrentResponse(): null

2019-08-24 12:12:16 - [TEST_STEP][PASSED] - verifyResponseStatusCode(response, 200): Verify response status code successfully

2019-08-24 12:12:16 - [MESSAGE][PASSED] - Verify response status code successfully

2019-08-24 12:12:16 - [TEST_STEP][PASSED] - getStatusCode()).isEqualTo(200): null

2019-08-24 12:12:16 - [TEST_STEP][PASSED] - newline = System.getProperty("line.separator"): null

2019-08-24 12:12:16 - [TEST_STEP][PASSED] - M4_spin = new groovy.json.JsonSlurper(): null

2019-08-24 12:12:16 - [TEST_STEP][PASSED] - result_M4_spin = M4_spin.parseText(response.getResponseBodyContent()): null

2019-08-24 12:12:16 - [TEST_STEP][PASSED] - M4_spin_current_balance = current_balance: null

2019-08-24 12:12:16 - [TEST_STEP][PASSED] - M4_spin_current_balance = M4_spin_current_balance: null

2019-08-24 12:12:16 - [TEST_STEP][PASSED] - M4_spin_transaction_id = causality: null

2019-08-24 12:12:16 - [TEST_STEP][PASSED] - M4_spin_transaction_id = M4_spin_transaction_id: null

2019-08-24 12:12:16 - [TEST_STEP][PASSED] - M4_spin_round_id = round_id: null

2019-08-24 12:12:16 - [TEST_STEP][PASSED] - M4_spin_round_id = M4_spin_round_id: null

2019-08-24 12:12:16 - [TEST_STEP][PASSED] - M4_spin_line_wins = line_wins: null

2019-08-24 12:12:16 - [TEST_STEP][PASSED] - M4_spin_line_wins = M4_spin_line_wins: null

2019-08-24 12:12:16 - [TEST_STEP][PASSED] - M4_total_bonus_spins_int = total_bonus_spins: null

2019-08-24 12:12:16 - [TEST_STEP][PASSED] - println("******M4_total_bonus_spins type is:*******" + newline + getClass().getName()): null

2019-08-24 12:12:16 - [TEST_STEP][PASSED] - M4_total_bonus_spins_int = M4_total_bonus_spins_int: null

2019-08-24 12:12:16 - [TEST_STEP][PASSED] - M4_total_bonus_spins = Integer.toString(M4_total_bonus_spins_int): null

2019-08-24 12:12:16 - [TEST_STEP][PASSED] - M4_total_bonus_spins = M4_total_bonus_spins: null

2019-08-24 12:12:16 - [TEST_STEP][PASSED] - println("M4_total_bonus_spins is:" + M4_total_bonus_spins): null

2019-08-24 12:12:16 - [TEST_STEP][PASSED] - M4_spin_bonus_data = bonus_data: null

2019-08-24 12:12:16 - [TEST_STEP][PASSED] - M4_spin_features_triggered = result_M4_spin: null

2019-08-24 12:12:16 - [TEST_STEP][PASSED] - wild = []: null

2019-08-24 12:12:16 - [TEST_STEP][PASSED] - wild[0] = "WILD_Expanding": null

2019-08-24 12:12:16 - [TEST_STEP][PASSED] - wild[1] = "WILD_Normal": null

2019-08-24 12:12:16 - [TEST_STEP][PASSED] - wild[2] = "WILD_Double": null

2019-08-24 12:12:16 - [TEST_STEP][PASSED] - wild[3] = "WILD_ExtraFG": null

2019-08-24 12:12:16 - [TEST_STEP][PASSED] - wild[4] = "WILD_Triple": null

2019-08-24 12:12:16 - [TEST_STEP][PASSED] - wildList = Arrays.asList(wild): null

2019-08-24 12:12:16 - [TEST_STEP][PASSED] - wildList = wildList: null

2019-08-24 12:12:16 - [TEST_STEP][PASSED] - free_spin_reel_counter = []: null

2019-08-24 12:12:16 - [TEST_STEP][PASSED] - free_spin_reel_counter[0] = 0: null

2019-08-24 12:12:16 - [TEST_STEP][PASSED] - free_spin_reel_counter[1] = 0: null

2019-08-24 12:12:16 - [TEST_STEP][PASSED] - free_spin_reel_counter[2] = 0: null

2019-08-24 12:12:16 - [TEST_STEP][PASSED] - M4_spin_reels = reels: null

2019-08-24 12:12:16 - [TEST_STEP][PASSED] - for ([i = 0, i &lt; M4_spin_reels.size(), (i++)]): null

2019-08-24 12:12:16 - [TEST_STEP][PASSED] - symbols = symbols: null

2019-08-24 12:12:16 - [TEST_STEP][PASSED] - for ([j = 0, j &lt; symbols.size(), (j++)]): null

2019-08-24 12:12:16 - [TEST_STEP][PASSED] - symbol = symbol: null

2019-08-24 12:12:16 - [TEST_STEP][PASSED] - println(symbol): null

2019-08-24 12:12:16 - [TEST_STEP][PASSED] - if (i == 2 &amp;&amp; wildList.indexOf(symbol) != -1): null

2019-08-24 12:12:16 - [TEST_STEP][PASSED] - if (i == 3 &amp;&amp; wildList.indexOf(symbol) != -1): null

2019-08-24 12:12:16 - [TEST_STEP][PASSED] - if (i == 4 &amp;&amp; wildList.indexOf(symbol) != -1): null

2019-08-24 12:12:16 - [TEST_STEP][PASSED] - symbol = symbol: null

2019-08-24 12:12:16 - [TEST_STEP][PASSED] - println(symbol): null

2019-08-24 12:12:16 - [TEST_STEP][PASSED] - if (i == 2 &amp;&amp; wildList.indexOf(symbol) != -1): null

2019-08-24 12:12:16 - [TEST_STEP][PASSED] - if (i == 3 &amp;&amp; wildList.indexOf(symbol) != -1): null

2019-08-24 12:12:16 - [TEST_STEP][PASSED] - if (i == 4 &amp;&amp; wildList.indexOf(symbol) != -1): null

2019-08-24 12:12:16 - [TEST_STEP][PASSED] - symbol = symbol: null

2019-08-24 12:12:16 - [TEST_STEP][PASSED] - println(symbol): null

2019-08-24 12:12:16 - [TEST_STEP][PASSED] - if (i == 2 &amp;&amp; wildList.indexOf(symbol) != -1): null

2019-08-24 12:12:16 - [TEST_STEP][PASSED] - if (i == 3 &amp;&amp; wildList.indexOf(symbol) != -1): null

2019-08-24 12:12:16 - [TEST_STEP][PASSED] - if (i == 4 &amp;&amp; wildList.indexOf(symbol) != -1): null

2019-08-24 12:12:20 - [TEST_STEP][PASSED] - symbols = symbols: null

2019-08-24 12:12:20 - [TEST_STEP][PASSED] - for ([j = 0, j &lt; symbols.size(), (j++)]): null

2019-08-24 12:12:20 - [TEST_STEP][PASSED] - symbol = symbol: null

2019-08-24 12:12:20 - [TEST_STEP][PASSED] - println(symbol): null

2019-08-24 12:12:20 - [TEST_STEP][PASSED] - if (i == 2 &amp;&amp; wildList.indexOf(symbol) != -1): null

2019-08-24 12:12:20 - [TEST_STEP][PASSED] - if (i == 3 &amp;&amp; wildList.indexOf(symbol) != -1): null

2019-08-24 12:12:20 - [TEST_STEP][PASSED] - if (i == 4 &amp;&amp; wildList.indexOf(symbol) != -1): null

2019-08-24 12:12:20 - [TEST_STEP][PASSED] - symbol = symbol: null

2019-08-24 12:12:20 - [TEST_STEP][PASSED] - println(symbol): null

2019-08-24 12:12:20 - [TEST_STEP][PASSED] - if (i == 2 &amp;&amp; wildList.indexOf(symbol) != -1): null

2019-08-24 12:12:20 - [TEST_STEP][PASSED] - if (i == 3 &amp;&amp; wildList.indexOf(symbol) != -1): null

2019-08-24 12:12:23 - [TEST_STEP][PASSED] - if (i == 4 &amp;&amp; wildList.indexOf(symbol) != -1): null

2019-08-24 12:12:23 - [TEST_STEP][PASSED] - symbol = symbol: null

2019-08-24 12:12:23 - [TEST_STEP][PASSED] - println(symbol): null

2019-08-24 12:12:23 - [TEST_STEP][PASSED] - if (i == 2 &amp;&amp; wildList.indexOf(symbol) != -1): null

2019-08-24 12:12:23 - [TEST_STEP][PASSED] - if (i == 3 &amp;&amp; wildList.indexOf(symbol) != -1): null

2019-08-24 12:12:23 - [TEST_STEP][PASSED] - if (i == 4 &amp;&amp; wildList.indexOf(symbol) != -1): null

2019-08-24 12:12:23 - [TEST_STEP][PASSED] - symbols = symbols: null

2019-08-24 12:12:23 - [TEST_STEP][PASSED] - for ([j = 0, j &lt; symbols.size(), (j++)]): null

2019-08-24 12:12:23 - [TEST_STEP][PASSED] - symbol = symbol: null

2019-08-24 12:12:23 - [TEST_STEP][PASSED] - println(symbol): null

2019-08-24 12:12:23 - [TEST_STEP][PASSED] - if (i == 2 &amp;&amp; wildList.indexOf(symbol) != -1): null

2019-08-24 12:12:23 - [TEST_STEP][PASSED] - if (i == 3 &amp;&amp; wildList.indexOf(symbol) != -1): null

2019-08-24 12:12:23 - [TEST_STEP][PASSED] - if (i == 4 &amp;&amp; wildList.indexOf(symbol) != -1): null

2019-08-24 12:12:23 - [TEST_STEP][PASSED] - symbol = symbol: null

2019-08-24 12:12:23 - [TEST_STEP][PASSED] - println(symbol): null

2019-08-24 12:12:23 - [TEST_STEP][PASSED] - if (i == 2 &amp;&amp; wildList.indexOf(symbol) != -1): null

2019-08-24 12:12:23 - [TEST_STEP][PASSED] - if (i == 3 &amp;&amp; wildList.indexOf(symbol) != -1): null

2019-08-24 12:12:23 - [TEST_STEP][PASSED] - if (i == 4 &amp;&amp; wildList.indexOf(symbol) != -1): null

2019-08-24 12:12:23 - [TEST_STEP][PASSED] - symbol = symbol: null

2019-08-24 12:12:23 - [TEST_STEP][PASSED] - println(symbol): null

2019-08-24 12:12:23 - [TEST_STEP][PASSED] - if (i == 2 &amp;&amp; wildList.indexOf(symbol) != -1): null

2019-08-24 12:12:23 - [TEST_STEP][PASSED] - if (i == 3 &amp;&amp; wildList.indexOf(symbol) != -1): null

2019-08-24 12:12:23 - [TEST_STEP][PASSED] - if (i == 4 &amp;&amp; wildList.indexOf(symbol) != -1): null

2019-08-24 12:12:23 - [TEST_STEP][PASSED] - symbols = symbols: null

2019-08-24 12:12:23 - [TEST_STEP][PASSED] - for ([j = 0, j &lt; symbols.size(), (j++)]): null

2019-08-24 12:12:23 - [TEST_STEP][PASSED] - symbol = symbol: null

2019-08-24 12:12:23 - [TEST_STEP][PASSED] - println(symbol): null

2019-08-24 12:12:23 - [TEST_STEP][PASSED] - if (i == 2 &amp;&amp; wildList.indexOf(symbol) != -1): null

2019-08-24 12:12:23 - [TEST_STEP][PASSED] - if (i == 3 &amp;&amp; wildList.indexOf(symbol) != -1): null

2019-08-24 12:12:23 - [TEST_STEP][PASSED] - if (i == 4 &amp;&amp; wildList.indexOf(symbol) != -1): null

2019-08-24 12:12:23 - [TEST_STEP][PASSED] - symbol = symbol: null

2019-08-24 12:12:23 - [TEST_STEP][PASSED] - println(symbol): null

2019-08-24 12:12:23 - [TEST_STEP][PASSED] - if (i == 2 &amp;&amp; wildList.indexOf(symbol) != -1): null

2019-08-24 12:12:23 - [TEST_STEP][PASSED] - if (i == 3 &amp;&amp; wildList.indexOf(symbol) != -1): null

2019-08-24 12:12:23 - [TEST_STEP][PASSED] - println("wild found on reel 4, adding counter by 1"): null

2019-08-24 12:12:23 - [TEST_STEP][PASSED] - free_spin_reel_counter[1] = free_spin_reel_counter[1] + 1: null

2019-08-24 12:12:23 - [TEST_STEP][PASSED] - if (i == 4 &amp;&amp; wildList.indexOf(symbol) != -1): null

2019-08-24 12:12:23 - [TEST_STEP][PASSED] - symbol = symbol: null

2019-08-24 12:12:23 - [TEST_STEP][PASSED] - println(symbol): null

2019-08-24 12:12:23 - [TEST_STEP][PASSED] - if (i == 2 &amp;&amp; wildList.indexOf(symbol) != -1): null

2019-08-24 12:12:23 - [TEST_STEP][PASSED] - if (i == 3 &amp;&amp; wildList.indexOf(symbol) != -1): null

2019-08-24 12:12:23 - [TEST_STEP][PASSED] - if (i == 4 &amp;&amp; wildList.indexOf(symbol) != -1): null

2019-08-24 12:12:23 - [TEST_STEP][PASSED] - symbols = symbols: null

2019-08-24 12:12:23 - [TEST_STEP][PASSED] - for ([j = 0, j &lt; symbols.size(), (j++)]): null

2019-08-24 12:12:23 - [TEST_STEP][PASSED] - symbol = symbol: null

2019-08-24 12:12:23 - [TEST_STEP][PASSED] - println(symbol): null

2019-08-24 12:12:23 - [TEST_STEP][PASSED] - if (i == 2 &amp;&amp; wildList.indexOf(symbol) != -1): null

2019-08-24 12:12:23 - [TEST_STEP][PASSED] - if (i == 3 &amp;&amp; wildList.indexOf(symbol) != -1): null

2019-08-24 12:12:23 - [TEST_STEP][PASSED] - if (i == 4 &amp;&amp; wildList.indexOf(symbol) != -1): null

2019-08-24 12:12:23 - [TEST_STEP][PASSED] - symbol = symbol: null

2019-08-24 12:12:23 - [TEST_STEP][PASSED] - println(symbol): null

2019-08-24 12:12:23 - [TEST_STEP][PASSED] - if (i == 2 &amp;&amp; wildList.indexOf(symbol) != -1): null

2019-08-24 12:12:23 - [TEST_STEP][PASSED] - if (i == 3 &amp;&amp; wildList.indexOf(symbol) != -1): null

2019-08-24 12:12:23 - [TEST_STEP][PASSED] - if (i == 4 &amp;&amp; wildList.indexOf(symbol) != -1): null

2019-08-24 12:12:23 - [TEST_STEP][PASSED] - symbol = symbol: null

2019-08-24 12:12:23 - [TEST_STEP][PASSED] - println(symbol): null

2019-08-24 12:12:23 - [TEST_STEP][PASSED] - if (i == 2 &amp;&amp; wildList.indexOf(symbol) != -1): null

2019-08-24 12:12:23 - [TEST_STEP][PASSED] - if (i == 3 &amp;&amp; wildList.indexOf(symbol) != -1): null

2019-08-24 12:12:23 - [TEST_STEP][PASSED] - if (i == 4 &amp;&amp; wildList.indexOf(symbol) != -1): null

2019-08-24 12:12:23 - [TEST_STEP][PASSED] - free_spin_reel_counter = free_spin_reel_counter: null

2019-08-24 12:12:23 - [TEST_STEP][PASSED] - println("reel 3 wild found: " + free_spin_reel_counter[0]): null

2019-08-24 12:12:23 - [TEST_STEP][PASSED] - println("reel 4 wild found: " + free_spin_reel_counter[1]): null

2019-08-24 12:12:23 - [TEST_STEP][PASSED] - println("reel 5 wild found: " + free_spin_reel_counter[2]): null

2019-08-24 12:12:23 - [TEST_STEP][PASSED] - M4_spin_reels = M4_spin_reels: null

2019-08-24 12:12:23 - [TEST_STEP][PASSED] - M4_spin_reels_symbols = symbol: null

2019-08-24 12:12:23 - [TEST_STEP][PASSED] - M4_spin_reels_symbols = M4_spin_reels_symbols: null

2019-08-24 12:12:23 - [TEST_STEP][PASSED] - M4_spin_reel_wins = reel_wins: null

2019-08-24 12:12:23 - [TEST_STEP][PASSED] - M4_spin_reel_wins = M4_spin_reel_wins: null

2019-08-24 12:12:23 - [TEST_STEP][PASSED] - println("GlobalVariable.M4_spin_reel_wins is: " + M4_spin_reel_wins): null

2019-08-24 12:12:23 - [TEST_STEP][PASSED] - M4_spin_total_bonus_win_this_round = total_bonus_win_this_round: null

2019-08-24 12:12:23 - [TEST_STEP][PASSED] - M4_spin_total_bonus_win_this_round = M4_spin_total_bonus_win_this_round: null

2019-08-24 12:12:23 - [TEST_STEP][PASSED] - println("GlobalVariable.M4_spin_total_bonus_win_this_round is: " + M4_spin_total_bonus_win_this_round): null

2019-08-24 12:12:23 - [TEST_STEP][PASSED] - M4_spin_bonus_spin_result = spin_result: null

2019-08-24 12:12:23 - [TEST_STEP][PASSED] - M4_spin_bonus_spin_result = M4_spin_bonus_spin_result: null

2019-08-24 12:12:23 - [MESSAGE][PASSED] - Verify response successfully

2019-08-24 12:12:23 - [MESSAGE][PASSED] - Send request and verify the response successfully

2019-08-24 12:12:23 - [TEST_STEP][PASSED] - if (M4_total_bonus_spins_int != 0 &amp;&amp; M4_spin_reels_symbols[2].contains("WILD_ExtraFG") || M4_spin_reels_symbols[3].contains("WILD_ExtraFG")): null

2019-08-24 12:12:23 - [TEST_STEP][PASSED] - free_spin_reel_counter = free_spin_reel_counter: null

2019-08-24 12:12:23 - [TEST_STEP][PASSED] - M4_spin_reels_symbols = M4_spin_reels_symbols: null

2019-08-24 12:12:23 - [TEST_STEP][PASSED] - M4_total_bonus_spins = M4_total_bonus_spins: null

2019-08-24 12:12:23 - [TEST_STEP][PASSED] - spin_result = sendRequestAndVerify(findTestObject("INT/RGS(M4)/1_M4_spin", ["M4_login_user_id":M4_login_user_id, "rgs_session_token":rgs_session_token, "partner":Partner])): Send request and verify the response successfully

2019-08-24 12:12:23 - [MESSAGE][INFO] - HAR: /Users/eiralee/Katalon_Script/SuperWild/Reports/20190824_120919/INT/superWild_3/20190824_120919/requests/main/52.har

2019-08-24 12:12:23 - [TEST_CASE][PASSED] - Start Test Case : Verification: Verification accomplished successfully

2019-08-24 12:12:23 - [TEST_STEP][PASSED] - request = getInstance().getCurrentRequest(): null

2019-08-24 12:12:23 - [TEST_STEP][PASSED] - response = getInstance().getCurrentResponse(): null

2019-08-24 12:12:23 - [TEST_STEP][PASSED] - verifyResponseStatusCode(response, 200): Verify response status code successfully

2019-08-24 12:12:23 - [MESSAGE][PASSED] - Verify response status code successfully

2019-08-24 12:12:23 - [TEST_STEP][PASSED] - getStatusCode()).isEqualTo(200): null

2019-08-24 12:12:23 - [TEST_STEP][PASSED] - newline = System.getProperty("line.separator"): null

2019-08-24 12:12:23 - [TEST_STEP][PASSED] - M4_spin = new groovy.json.JsonSlurper(): null

2019-08-24 12:12:23 - [TEST_STEP][PASSED] - result_M4_spin = M4_spin.parseText(response.getResponseBodyContent()): null

2019-08-24 12:12:23 - [TEST_STEP][PASSED] - M4_spin_current_balance = current_balance: null

2019-08-24 12:12:23 - [TEST_STEP][PASSED] - M4_spin_current_balance = M4_spin_current_balance: null

2019-08-24 12:12:23 - [TEST_STEP][PASSED] - M4_spin_transaction_id = causality: null

2019-08-24 12:12:23 - [TEST_STEP][PASSED] - M4_spin_transaction_id = M4_spin_transaction_id: null

2019-08-24 12:12:23 - [TEST_STEP][PASSED] - M4_spin_round_id = round_id: null

2019-08-24 12:12:23 - [TEST_STEP][PASSED] - M4_spin_round_id = M4_spin_round_id: null

2019-08-24 12:12:23 - [TEST_STEP][PASSED] - M4_spin_line_wins = line_wins: null

2019-08-24 12:12:23 - [TEST_STEP][PASSED] - M4_spin_line_wins = M4_spin_line_wins: null

2019-08-24 12:12:23 - [TEST_STEP][PASSED] - M4_total_bonus_spins_int = total_bonus_spins: null

2019-08-24 12:12:23 - [TEST_STEP][PASSED] - println("******M4_total_bonus_spins type is:*******" + newline + getClass().getName()): null

2019-08-24 12:12:23 - [TEST_STEP][PASSED] - M4_total_bonus_spins_int = M4_total_bonus_spins_int: null

2019-08-24 12:12:23 - [TEST_STEP][PASSED] - M4_total_bonus_spins = Integer.toString(M4_total_bonus_spins_int): null

2019-08-24 12:12:23 - [TEST_STEP][PASSED] - M4_total_bonus_spins = M4_total_bonus_spins: null

2019-08-24 12:12:23 - [TEST_STEP][PASSED] - println("M4_total_bonus_spins is:" + M4_total_bonus_spins): null

2019-08-24 12:12:23 - [TEST_STEP][PASSED] - M4_spin_bonus_data = bonus_data: null

2019-08-24 12:12:23 - [TEST_STEP][PASSED] - M4_spin_features_triggered = result_M4_spin: null

2019-08-24 12:12:23 - [TEST_STEP][PASSED] - wild = []: null

2019-08-24 12:12:23 - [TEST_STEP][PASSED] - wild[0] = "WILD_Expanding": null

2019-08-24 12:12:23 - [TEST_STEP][PASSED] - wild[1] = "WILD_Normal": null

2019-08-24 12:12:23 - [TEST_STEP][PASSED] - wild[2] = "WILD_Double": null

2019-08-24 12:12:23 - [TEST_STEP][PASSED] - wild[3] = "WILD_ExtraFG": null

2019-08-24 12:12:23 - [TEST_STEP][PASSED] - wild[4] = "WILD_Triple": null

2019-08-24 12:12:23 - [TEST_STEP][PASSED] - wildList = Arrays.asList(wild): null

2019-08-24 12:12:23 - [TEST_STEP][PASSED] - wildList = wildList: null

2019-08-24 12:12:23 - [TEST_STEP][PASSED] - free_spin_reel_counter = []: null

2019-08-24 12:12:23 - [TEST_STEP][PASSED] - free_spin_reel_counter[0] = 0: null

2019-08-24 12:12:23 - [TEST_STEP][PASSED] - free_spin_reel_counter[1] = 0: null

2019-08-24 12:12:23 - [TEST_STEP][PASSED] - free_spin_reel_counter[2] = 0: null

2019-08-24 12:12:23 - [TEST_STEP][PASSED] - M4_spin_reels = reels: null

2019-08-24 12:12:23 - [TEST_STEP][PASSED] - for ([i = 0, i &lt; M4_spin_reels.size(), (i++)]): null

2019-08-24 12:12:23 - [TEST_STEP][PASSED] - symbols = symbols: null

2019-08-24 12:12:23 - [TEST_STEP][PASSED] - for ([j = 0, j &lt; symbols.size(), (j++)]): null

2019-08-24 12:12:23 - [TEST_STEP][PASSED] - symbol = symbol: null

2019-08-24 12:12:23 - [TEST_STEP][PASSED] - println(symbol): null

2019-08-24 12:12:23 - [TEST_STEP][PASSED] - if (i == 2 &amp;&amp; wildList.indexOf(symbol) != -1): null

2019-08-24 12:12:23 - [TEST_STEP][PASSED] - if (i == 3 &amp;&amp; wildList.indexOf(symbol) != -1): null

2019-08-24 12:12:23 - [TEST_STEP][PASSED] - if (i == 4 &amp;&amp; wildList.indexOf(symbol) != -1): null

2019-08-24 12:12:23 - [TEST_STEP][PASSED] - symbol = symbol: null

2019-08-24 12:12:23 - [TEST_STEP][PASSED] - println(symbol): null

2019-08-24 12:12:23 - [TEST_STEP][PASSED] - if (i == 2 &amp;&amp; wildList.indexOf(symbol) != -1): null

2019-08-24 12:12:23 - [TEST_STEP][PASSED] - if (i == 3 &amp;&amp; wildList.indexOf(symbol) != -1): null

2019-08-24 12:12:23 - [TEST_STEP][PASSED] - if (i == 4 &amp;&amp; wildList.indexOf(symbol) != -1): null

2019-08-24 12:12:23 - [TEST_STEP][PASSED] - symbol = symbol: null

2019-08-24 12:12:23 - [TEST_STEP][PASSED] - println(symbol): null

2019-08-24 12:12:23 - [TEST_STEP][PASSED] - if (i == 2 &amp;&amp; wildList.indexOf(symbol) != -1): null

2019-08-24 12:12:23 - [TEST_STEP][PASSED] - if (i == 3 &amp;&amp; wildList.indexOf(symbol) != -1): null

2019-08-24 12:12:23 - [TEST_STEP][PASSED] - if (i == 4 &amp;&amp; wildList.indexOf(symbol) != -1): null

2019-08-24 12:12:23 - [TEST_STEP][PASSED] - symbols = symbols: null

2019-08-24 12:12:23 - [TEST_STEP][PASSED] - for ([j = 0, j &lt; symbols.size(), (j++)]): null

2019-08-24 12:12:23 - [TEST_STEP][PASSED] - symbol = symbol: null

2019-08-24 12:12:23 - [TEST_STEP][PASSED] - println(symbol): null

2019-08-24 12:12:23 - [TEST_STEP][PASSED] - if (i == 2 &amp;&amp; wildList.indexOf(symbol) != -1): null

2019-08-24 12:12:23 - [TEST_STEP][PASSED] - if (i == 3 &amp;&amp; wildList.indexOf(symbol) != -1): null

2019-08-24 12:12:23 - [TEST_STEP][PASSED] - if (i == 4 &amp;&amp; wildList.indexOf(symbol) != -1): null

2019-08-24 12:12:23 - [TEST_STEP][PASSED] - symbol = symbol: null

2019-08-24 12:12:23 - [TEST_STEP][PASSED] - println(symbol): null

2019-08-24 12:12:23 - [TEST_STEP][PASSED] - if (i == 2 &amp;&amp; wildList.indexOf(symbol) != -1): null

2019-08-24 12:12:23 - [TEST_STEP][PASSED] - if (i == 3 &amp;&amp; wildList.indexOf(symbol) != -1): null

2019-08-24 12:12:23 - [TEST_STEP][PASSED] - if (i == 4 &amp;&amp; wildList.indexOf(symbol) != -1): null

2019-08-24 12:12:23 - [TEST_STEP][PASSED] - symbol = symbol: null

2019-08-24 12:12:23 - [TEST_STEP][PASSED] - println(symbol): null

2019-08-24 12:12:23 - [TEST_STEP][PASSED] - if (i == 2 &amp;&amp; wildList.indexOf(symbol) != -1): null

2019-08-24 12:12:23 - [TEST_STEP][PASSED] - if (i == 3 &amp;&amp; wildList.indexOf(symbol) != -1): null

2019-08-24 12:12:23 - [TEST_STEP][PASSED] - if (i == 4 &amp;&amp; wildList.indexOf(symbol) != -1): null

2019-08-24 12:12:23 - [TEST_STEP][PASSED] - symbols = symbols: null

2019-08-24 12:12:23 - [TEST_STEP][PASSED] - for ([j = 0, j &lt; symbols.size(), (j++)]): null

2019-08-24 12:12:23 - [TEST_STEP][PASSED] - symbol = symbol: null

2019-08-24 12:12:23 - [TEST_STEP][PASSED] - println(symbol): null

2019-08-24 12:12:23 - [TEST_STEP][PASSED] - if (i == 2 &amp;&amp; wildList.indexOf(symbol) != -1): null

2019-08-24 12:12:23 - [TEST_STEP][PASSED] - if (i == 3 &amp;&amp; wildList.indexOf(symbol) != -1): null

2019-08-24 12:12:23 - [TEST_STEP][PASSED] - if (i == 4 &amp;&amp; wildList.indexOf(symbol) != -1): null

2019-08-24 12:12:23 - [TEST_STEP][PASSED] - symbol = symbol: null

2019-08-24 12:12:23 - [TEST_STEP][PASSED] - println(symbol): null

2019-08-24 12:12:23 - [TEST_STEP][PASSED] - if (i == 2 &amp;&amp; wildList.indexOf(symbol) != -1): null

2019-08-24 12:12:23 - [TEST_STEP][PASSED] - println("wild found on reel 3, adding counter by 1"): null

2019-08-24 12:12:23 - [TEST_STEP][PASSED] - free_spin_reel_counter[0] = free_spin_reel_counter[0] + 1: null

2019-08-24 12:12:23 - [TEST_STEP][PASSED] - if (i == 3 &amp;&amp; wildList.indexOf(symbol) != -1): null

2019-08-24 12:12:23 - [TEST_STEP][PASSED] - if (i == 4 &amp;&amp; wildList.indexOf(symbol) != -1): null

2019-08-24 12:12:23 - [TEST_STEP][PASSED] - symbol = symbol: null

2019-08-24 12:12:23 - [TEST_STEP][PASSED] - println(symbol): null

2019-08-24 12:12:23 - [TEST_STEP][PASSED] - if (i == 2 &amp;&amp; wildList.indexOf(symbol) != -1): null

2019-08-24 12:12:23 - [TEST_STEP][PASSED] - if (i == 3 &amp;&amp; wildList.indexOf(symbol) != -1): null

2019-08-24 12:12:23 - [TEST_STEP][PASSED] - if (i == 4 &amp;&amp; wildList.indexOf(symbol) != -1): null

2019-08-24 12:12:23 - [TEST_STEP][PASSED] - symbols = symbols: null

2019-08-24 12:12:23 - [TEST_STEP][PASSED] - for ([j = 0, j &lt; symbols.size(), (j++)]): null

2019-08-24 12:12:23 - [TEST_STEP][PASSED] - symbol = symbol: null

2019-08-24 12:12:23 - [TEST_STEP][PASSED] - println(symbol): null

2019-08-24 12:12:23 - [TEST_STEP][PASSED] - if (i == 2 &amp;&amp; wildList.indexOf(symbol) != -1): null

2019-08-24 12:12:23 - [TEST_STEP][PASSED] - if (i == 3 &amp;&amp; wildList.indexOf(symbol) != -1): null

2019-08-24 12:12:23 - [TEST_STEP][PASSED] - if (i == 4 &amp;&amp; wildList.indexOf(symbol) != -1): null

2019-08-24 12:12:23 - [TEST_STEP][PASSED] - symbol = symbol: null

2019-08-24 12:12:23 - [TEST_STEP][PASSED] - println(symbol): null

2019-08-24 12:12:23 - [TEST_STEP][PASSED] - if (i == 2 &amp;&amp; wildList.indexOf(symbol) != -1): null

2019-08-24 12:12:23 - [TEST_STEP][PASSED] - if (i == 3 &amp;&amp; wildList.indexOf(symbol) != -1): null

2019-08-24 12:12:23 - [TEST_STEP][PASSED] - if (i == 4 &amp;&amp; wildList.indexOf(symbol) != -1): null

2019-08-24 12:12:23 - [TEST_STEP][PASSED] - symbol = symbol: null

2019-08-24 12:12:23 - [TEST_STEP][PASSED] - println(symbol): null

2019-08-24 12:12:23 - [TEST_STEP][PASSED] - if (i == 2 &amp;&amp; wildList.indexOf(symbol) != -1): null

2019-08-24 12:12:23 - [TEST_STEP][PASSED] - if (i == 3 &amp;&amp; wildList.indexOf(symbol) != -1): null

2019-08-24 12:12:23 - [TEST_STEP][PASSED] - if (i == 4 &amp;&amp; wildList.indexOf(symbol) != -1): null

2019-08-24 12:12:23 - [TEST_STEP][PASSED] - symbols = symbols: null

2019-08-24 12:12:23 - [TEST_STEP][PASSED] - for ([j = 0, j &lt; symbols.size(), (j++)]): null

2019-08-24 12:12:23 - [TEST_STEP][PASSED] - symbol = symbol: null

2019-08-24 12:12:23 - [TEST_STEP][PASSED] - println(symbol): null

2019-08-24 12:12:23 - [TEST_STEP][PASSED] - if (i == 2 &amp;&amp; wildList.indexOf(symbol) != -1): null

2019-08-24 12:12:23 - [TEST_STEP][PASSED] - if (i == 3 &amp;&amp; wildList.indexOf(symbol) != -1): null

2019-08-24 12:12:23 - [TEST_STEP][PASSED] - if (i == 4 &amp;&amp; wildList.indexOf(symbol) != -1): null

2019-08-24 12:12:23 - [TEST_STEP][PASSED] - println("wild found on reel 5, adding counter by 1"): null

2019-08-24 12:12:23 - [TEST_STEP][PASSED] - free_spin_reel_counter[2] = free_spin_reel_counter[2] + 1: null

2019-08-24 12:12:23 - [TEST_STEP][PASSED] - symbol = symbol: null

2019-08-24 12:12:23 - [TEST_STEP][PASSED] - println(symbol): null

2019-08-24 12:12:23 - [TEST_STEP][PASSED] - if (i == 2 &amp;&amp; wildList.indexOf(symbol) != -1): null

2019-08-24 12:12:23 - [TEST_STEP][PASSED] - if (i == 3 &amp;&amp; wildList.indexOf(symbol) != -1): null

2019-08-24 12:12:23 - [TEST_STEP][PASSED] - if (i == 4 &amp;&amp; wildList.indexOf(symbol) != -1): null

2019-08-24 12:12:23 - [TEST_STEP][PASSED] - symbol = symbol: null

2019-08-24 12:12:23 - [TEST_STEP][PASSED] - println(symbol): null

2019-08-24 12:12:23 - [TEST_STEP][PASSED] - if (i == 2 &amp;&amp; wildList.indexOf(symbol) != -1): null

2019-08-24 12:12:23 - [TEST_STEP][PASSED] - if (i == 3 &amp;&amp; wildList.indexOf(symbol) != -1): null

2019-08-24 12:12:23 - [TEST_STEP][PASSED] - if (i == 4 &amp;&amp; wildList.indexOf(symbol) != -1): null

2019-08-24 12:12:23 - [TEST_STEP][PASSED] - free_spin_reel_counter = free_spin_reel_counter: null

2019-08-24 12:12:23 - [TEST_STEP][PASSED] - println("reel 3 wild found: " + free_spin_reel_counter[0]): null

2019-08-24 12:12:23 - [TEST_STEP][PASSED] - println("reel 4 wild found: " + free_spin_reel_counter[1]): null

2019-08-24 12:12:23 - [TEST_STEP][PASSED] - println("reel 5 wild found: " + free_spin_reel_counter[2]): null

2019-08-24 12:12:23 - [TEST_STEP][PASSED] - M4_spin_reels = M4_spin_reels: null

2019-08-24 12:12:23 - [TEST_STEP][PASSED] - M4_spin_reels_symbols = symbol: null

2019-08-24 12:12:23 - [TEST_STEP][PASSED] - M4_spin_reels_symbols = M4_spin_reels_symbols: null

2019-08-24 12:12:23 - [TEST_STEP][PASSED] - M4_spin_reel_wins = reel_wins: null

2019-08-24 12:12:23 - [TEST_STEP][PASSED] - M4_spin_reel_wins = M4_spin_reel_wins: null

2019-08-24 12:12:23 - [TEST_STEP][PASSED] - println("GlobalVariable.M4_spin_reel_wins is: " + M4_spin_reel_wins): null

2019-08-24 12:12:23 - [TEST_STEP][PASSED] - M4_spin_total_bonus_win_this_round = total_bonus_win_this_round: null

2019-08-24 12:12:23 - [TEST_STEP][PASSED] - M4_spin_total_bonus_win_this_round = M4_spin_total_bonus_win_this_round: null

2019-08-24 12:12:23 - [TEST_STEP][PASSED] - println("GlobalVariable.M4_spin_total_bonus_win_this_round is: " + M4_spin_total_bonus_win_this_round): null

2019-08-24 12:12:23 - [TEST_STEP][PASSED] - M4_spin_bonus_spin_result = spin_result: null

2019-08-24 12:12:23 - [TEST_STEP][PASSED] - M4_spin_bonus_spin_result = M4_spin_bonus_spin_result: null

2019-08-24 12:12:23 - [MESSAGE][PASSED] - Verify response successfully

2019-08-24 12:12:23 - [MESSAGE][PASSED] - Send request and verify the response successfully

2019-08-24 12:12:23 - [TEST_STEP][PASSED] - if (M4_total_bonus_spins_int != 0 &amp;&amp; M4_spin_reels_symbols[2].contains("WILD_ExtraFG") || M4_spin_reels_symbols[3].contains("WILD_ExtraFG")): null

2019-08-24 12:12:23 - [TEST_STEP][PASSED] - free_spin_reel_counter = free_spin_reel_counter: null

2019-08-24 12:12:23 - [TEST_STEP][PASSED] - M4_spin_reels_symbols = M4_spin_reels_symbols: null

2019-08-24 12:12:23 - [TEST_STEP][PASSED] - M4_total_bonus_spins = M4_total_bonus_spins: null

2019-08-24 12:12:23 - [TEST_STEP][PASSED] - spin_result = sendRequestAndVerify(findTestObject("INT/RGS(M4)/1_M4_spin", ["M4_login_user_id":M4_login_user_id, "rgs_session_token":rgs_session_token, "partner":Partner])): Send request and verify the response successfully

2019-08-24 12:12:24 - [MESSAGE][INFO] - HAR: /Users/eiralee/Katalon_Script/SuperWild/Reports/20190824_120919/INT/superWild_3/20190824_120919/requests/main/53.har

2019-08-24 12:12:24 - [TEST_CASE][PASSED] - Start Test Case : Verification: Verification accomplished successfully

2019-08-24 12:12:24 - [TEST_STEP][PASSED] - request = getInstance().getCurrentRequest(): null

2019-08-24 12:12:24 - [TEST_STEP][PASSED] - response = getInstance().getCurrentResponse(): null

2019-08-24 12:12:24 - [TEST_STEP][PASSED] - verifyResponseStatusCode(response, 200): Verify response status code successfully

2019-08-24 12:12:24 - [MESSAGE][PASSED] - Verify response status code successfully

2019-08-24 12:12:24 - [TEST_STEP][PASSED] - getStatusCode()).isEqualTo(200): null

2019-08-24 12:12:24 - [TEST_STEP][PASSED] - newline = System.getProperty("line.separator"): null

2019-08-24 12:12:24 - [TEST_STEP][PASSED] - M4_spin = new groovy.json.JsonSlurper(): null

2019-08-24 12:12:24 - [TEST_STEP][PASSED] - result_M4_spin = M4_spin.parseText(response.getResponseBodyContent()): null

2019-08-24 12:12:24 - [TEST_STEP][PASSED] - M4_spin_current_balance = current_balance: null

2019-08-24 12:12:24 - [TEST_STEP][PASSED] - M4_spin_current_balance = M4_spin_current_balance: null

2019-08-24 12:12:24 - [TEST_STEP][PASSED] - M4_spin_transaction_id = causality: null

2019-08-24 12:12:24 - [TEST_STEP][PASSED] - M4_spin_transaction_id = M4_spin_transaction_id: null

2019-08-24 12:12:24 - [TEST_STEP][PASSED] - M4_spin_round_id = round_id: null

2019-08-24 12:12:24 - [TEST_STEP][PASSED] - M4_spin_round_id = M4_spin_round_id: null

2019-08-24 12:12:24 - [TEST_STEP][PASSED] - M4_spin_line_wins = line_wins: null

2019-08-24 12:12:24 - [TEST_STEP][PASSED] - M4_spin_line_wins = M4_spin_line_wins: null

2019-08-24 12:12:24 - [TEST_STEP][PASSED] - M4_total_bonus_spins_int = total_bonus_spins: null

2019-08-24 12:12:24 - [TEST_STEP][PASSED] - println("******M4_total_bonus_spins type is:*******" + newline + getClass().getName()): null

2019-08-24 12:12:24 - [TEST_STEP][PASSED] - M4_total_bonus_spins_int = M4_total_bonus_spins_int: null

2019-08-24 12:12:24 - [TEST_STEP][PASSED] - M4_total_bonus_spins = Integer.toString(M4_total_bonus_spins_int): null

2019-08-24 12:12:24 - [TEST_STEP][PASSED] - M4_total_bonus_spins = M4_total_bonus_spins: null

2019-08-24 12:12:24 - [TEST_STEP][PASSED] - println("M4_total_bonus_spins is:" + M4_total_bonus_spins): null

2019-08-24 12:12:24 - [TEST_STEP][PASSED] - M4_spin_bonus_data = bonus_data: null

2019-08-24 12:12:24 - [TEST_STEP][PASSED] - M4_spin_features_triggered = result_M4_spin: null

2019-08-24 12:12:24 - [TEST_STEP][PASSED] - wild = []: null

2019-08-24 12:12:24 - [TEST_STEP][PASSED] - wild[0] = "WILD_Expanding": null

2019-08-24 12:12:24 - [TEST_STEP][PASSED] - wild[1] = "WILD_Normal": null

2019-08-24 12:12:24 - [TEST_STEP][PASSED] - wild[2] = "WILD_Double": null

2019-08-24 12:12:24 - [TEST_STEP][PASSED] - wild[3] = "WILD_ExtraFG": null

2019-08-24 12:12:24 - [TEST_STEP][PASSED] - wild[4] = "WILD_Triple": null

2019-08-24 12:12:24 - [TEST_STEP][PASSED] - wildList = Arrays.asList(wild): null

2019-08-24 12:12:24 - [TEST_STEP][PASSED] - wildList = wildList: null

2019-08-24 12:12:24 - [TEST_STEP][PASSED] - free_spin_reel_counter = []: null

2019-08-24 12:12:24 - [TEST_STEP][PASSED] - free_spin_reel_counter[0] = 0: null

2019-08-24 12:12:24 - [TEST_STEP][PASSED] - free_spin_reel_counter[1] = 0: null

2019-08-24 12:12:24 - [TEST_STEP][PASSED] - free_spin_reel_counter[2] = 0: null

2019-08-24 12:12:24 - [TEST_STEP][PASSED] - M4_spin_reels = reels: null

2019-08-24 12:12:24 - [TEST_STEP][PASSED] - for ([i = 0, i &lt; M4_spin_reels.size(), (i++)]): null

2019-08-24 12:12:24 - [TEST_STEP][PASSED] - symbols = symbols: null

2019-08-24 12:12:24 - [TEST_STEP][PASSED] - for ([j = 0, j &lt; symbols.size(), (j++)]): null

2019-08-24 12:12:24 - [TEST_STEP][PASSED] - symbol = symbol: null

2019-08-24 12:12:24 - [TEST_STEP][PASSED] - println(symbol): null

2019-08-24 12:12:24 - [TEST_STEP][PASSED] - if (i == 2 &amp;&amp; wildList.indexOf(symbol) != -1): null

2019-08-24 12:12:24 - [TEST_STEP][PASSED] - if (i == 3 &amp;&amp; wildList.indexOf(symbol) != -1): null

2019-08-24 12:12:24 - [TEST_STEP][PASSED] - if (i == 4 &amp;&amp; wildList.indexOf(symbol) != -1): null

2019-08-24 12:12:24 - [TEST_STEP][PASSED] - symbol = symbol: null

2019-08-24 12:12:24 - [TEST_STEP][PASSED] - println(symbol): null

2019-08-24 12:12:24 - [TEST_STEP][PASSED] - if (i == 2 &amp;&amp; wildList.indexOf(symbol) != -1): null

2019-08-24 12:12:24 - [TEST_STEP][PASSED] - if (i == 3 &amp;&amp; wildList.indexOf(symbol) != -1): null

2019-08-24 12:12:24 - [TEST_STEP][PASSED] - if (i == 4 &amp;&amp; wildList.indexOf(symbol) != -1): null

2019-08-24 12:12:24 - [TEST_STEP][PASSED] - symbol = symbol: null

2019-08-24 12:12:24 - [TEST_STEP][PASSED] - println(symbol): null

2019-08-24 12:12:24 - [TEST_STEP][PASSED] - if (i == 2 &amp;&amp; wildList.indexOf(symbol) != -1): null

2019-08-24 12:12:24 - [TEST_STEP][PASSED] - if (i == 3 &amp;&amp; wildList.indexOf(symbol) != -1): null

2019-08-24 12:12:24 - [TEST_STEP][PASSED] - if (i == 4 &amp;&amp; wildList.indexOf(symbol) != -1): null

2019-08-24 12:12:24 - [TEST_STEP][PASSED] - symbols = symbols: null

2019-08-24 12:12:24 - [TEST_STEP][PASSED] - for ([j = 0, j &lt; symbols.size(), (j++)]): null

2019-08-24 12:12:24 - [TEST_STEP][PASSED] - symbol = symbol: null

2019-08-24 12:12:24 - [TEST_STEP][PASSED] - println(symbol): null

2019-08-24 12:12:24 - [TEST_STEP][PASSED] - if (i == 2 &amp;&amp; wildList.indexOf(symbol) != -1): null

2019-08-24 12:12:24 - [TEST_STEP][PASSED] - if (i == 3 &amp;&amp; wildList.indexOf(symbol) != -1): null

2019-08-24 12:12:24 - [TEST_STEP][PASSED] - if (i == 4 &amp;&amp; wildList.indexOf(symbol) != -1): null

2019-08-24 12:12:24 - [TEST_STEP][PASSED] - symbol = symbol: null

2019-08-24 12:12:24 - [TEST_STEP][PASSED] - println(symbol): null

2019-08-24 12:12:24 - [TEST_STEP][PASSED] - if (i == 2 &amp;&amp; wildList.indexOf(symbol) != -1): null

2019-08-24 12:12:24 - [TEST_STEP][PASSED] - if (i == 3 &amp;&amp; wildList.indexOf(symbol) != -1): null

2019-08-24 12:12:24 - [TEST_STEP][PASSED] - if (i == 4 &amp;&amp; wildList.indexOf(symbol) != -1): null

2019-08-24 12:12:24 - [TEST_STEP][PASSED] - symbol = symbol: null

2019-08-24 12:12:24 - [TEST_STEP][PASSED] - println(symbol): null

2019-08-24 12:12:24 - [TEST_STEP][PASSED] - if (i == 2 &amp;&amp; wildList.indexOf(symbol) != -1): null

2019-08-24 12:12:24 - [TEST_STEP][PASSED] - if (i == 3 &amp;&amp; wildList.indexOf(symbol) != -1): null

2019-08-24 12:12:24 - [TEST_STEP][PASSED] - if (i == 4 &amp;&amp; wildList.indexOf(symbol) != -1): null

2019-08-24 12:12:24 - [TEST_STEP][PASSED] - symbols = symbols: null

2019-08-24 12:12:24 - [TEST_STEP][PASSED] - for ([j = 0, j &lt; symbols.size(), (j++)]): null

2019-08-24 12:12:24 - [TEST_STEP][PASSED] - symbol = symbol: null

2019-08-24 12:12:24 - [TEST_STEP][PASSED] - println(symbol): null

2019-08-24 12:12:24 - [TEST_STEP][PASSED] - if (i == 2 &amp;&amp; wildList.indexOf(symbol) != -1): null

2019-08-24 12:12:24 - [TEST_STEP][PASSED] - if (i == 3 &amp;&amp; wildList.indexOf(symbol) != -1): null

2019-08-24 12:12:24 - [TEST_STEP][PASSED] - if (i == 4 &amp;&amp; wildList.indexOf(symbol) != -1): null

2019-08-24 12:12:24 - [TEST_STEP][PASSED] - symbol = symbol: null

2019-08-24 12:12:24 - [TEST_STEP][PASSED] - println(symbol): null

2019-08-24 12:12:24 - [TEST_STEP][PASSED] - if (i == 2 &amp;&amp; wildList.indexOf(symbol) != -1): null

2019-08-24 12:12:24 - [TEST_STEP][PASSED] - if (i == 3 &amp;&amp; wildList.indexOf(symbol) != -1): null

2019-08-24 12:12:24 - [TEST_STEP][PASSED] - if (i == 4 &amp;&amp; wildList.indexOf(symbol) != -1): null

2019-08-24 12:12:24 - [TEST_STEP][PASSED] - symbol = symbol: null

2019-08-24 12:12:24 - [TEST_STEP][PASSED] - println(symbol): null

2019-08-24 12:12:24 - [TEST_STEP][PASSED] - if (i == 2 &amp;&amp; wildList.indexOf(symbol) != -1): null

2019-08-24 12:12:24 - [TEST_STEP][PASSED] - if (i == 3 &amp;&amp; wildList.indexOf(symbol) != -1): null

2019-08-24 12:12:24 - [TEST_STEP][PASSED] - if (i == 4 &amp;&amp; wildList.indexOf(symbol) != -1): null

2019-08-24 12:12:28 - [TEST_STEP][PASSED] - symbols = symbols: null

2019-08-24 12:12:28 - [TEST_STEP][PASSED] - for ([j = 0, j &lt; symbols.size(), (j++)]): null

2019-08-24 12:12:28 - [TEST_STEP][PASSED] - symbol = symbol: null

2019-08-24 12:12:28 - [TEST_STEP][PASSED] - println(symbol): null

2019-08-24 12:12:28 - [TEST_STEP][PASSED] - if (i == 2 &amp;&amp; wildList.indexOf(symbol) != -1): null

2019-08-24 12:12:28 - [TEST_STEP][PASSED] - if (i == 3 &amp;&amp; wildList.indexOf(symbol) != -1): null

2019-08-24 12:12:28 - [TEST_STEP][PASSED] - println("wild found on reel 4, adding counter by 1"): null

2019-08-24 12:12:28 - [TEST_STEP][PASSED] - free_spin_reel_counter[1] = free_spin_reel_counter[1] + 1: null

2019-08-24 12:12:28 - [TEST_STEP][PASSED] - if (i == 4 &amp;&amp; wildList.indexOf(symbol) != -1): null

2019-08-24 12:12:28 - [TEST_STEP][PASSED] - symbol = symbol: null

2019-08-24 12:12:31 - [TEST_STEP][PASSED] - println(symbol): null

2019-08-24 12:12:31 - [TEST_STEP][PASSED] - if (i == 2 &amp;&amp; wildList.indexOf(symbol) != -1): null

2019-08-24 12:12:31 - [TEST_STEP][PASSED] - if (i == 3 &amp;&amp; wildList.indexOf(symbol) != -1): null

2019-08-24 12:12:31 - [TEST_STEP][PASSED] - if (i == 4 &amp;&amp; wildList.indexOf(symbol) != -1): null

2019-08-24 12:12:31 - [TEST_STEP][PASSED] - symbol = symbol: null

2019-08-24 12:12:31 - [TEST_STEP][PASSED] - println(symbol): null

2019-08-24 12:12:31 - [TEST_STEP][PASSED] - if (i == 2 &amp;&amp; wildList.indexOf(symbol) != -1): null

2019-08-24 12:12:31 - [TEST_STEP][PASSED] - if (i == 3 &amp;&amp; wildList.indexOf(symbol) != -1): null

2019-08-24 12:12:31 - [TEST_STEP][PASSED] - if (i == 4 &amp;&amp; wildList.indexOf(symbol) != -1): null

2019-08-24 12:12:31 - [TEST_STEP][PASSED] - symbols = symbols: null

2019-08-24 12:12:31 - [TEST_STEP][PASSED] - for ([j = 0, j &lt; symbols.size(), (j++)]): null

2019-08-24 12:12:31 - [TEST_STEP][PASSED] - symbol = symbol: null

2019-08-24 12:12:31 - [TEST_STEP][PASSED] - println(symbol): null

2019-08-24 12:12:31 - [TEST_STEP][PASSED] - if (i == 2 &amp;&amp; wildList.indexOf(symbol) != -1): null

2019-08-24 12:12:31 - [TEST_STEP][PASSED] - if (i == 3 &amp;&amp; wildList.indexOf(symbol) != -1): null

2019-08-24 12:12:31 - [TEST_STEP][PASSED] - if (i == 4 &amp;&amp; wildList.indexOf(symbol) != -1): null

2019-08-24 12:12:31 - [TEST_STEP][PASSED] - symbol = symbol: null

2019-08-24 12:12:31 - [TEST_STEP][PASSED] - println(symbol): null

2019-08-24 12:12:31 - [TEST_STEP][PASSED] - if (i == 2 &amp;&amp; wildList.indexOf(symbol) != -1): null

2019-08-24 12:12:31 - [TEST_STEP][PASSED] - if (i == 3 &amp;&amp; wildList.indexOf(symbol) != -1): null

2019-08-24 12:12:31 - [TEST_STEP][PASSED] - if (i == 4 &amp;&amp; wildList.indexOf(symbol) != -1): null

2019-08-24 12:12:31 - [TEST_STEP][PASSED] - symbol = symbol: null

2019-08-24 12:12:31 - [TEST_STEP][PASSED] - println(symbol): null

2019-08-24 12:12:31 - [TEST_STEP][PASSED] - if (i == 2 &amp;&amp; wildList.indexOf(symbol) != -1): null

2019-08-24 12:12:31 - [TEST_STEP][PASSED] - if (i == 3 &amp;&amp; wildList.indexOf(symbol) != -1): null

2019-08-24 12:12:31 - [TEST_STEP][PASSED] - if (i == 4 &amp;&amp; wildList.indexOf(symbol) != -1): null

2019-08-24 12:12:31 - [TEST_STEP][PASSED] - free_spin_reel_counter = free_spin_reel_counter: null

2019-08-24 12:12:31 - [TEST_STEP][PASSED] - println("reel 3 wild found: " + free_spin_reel_counter[0]): null

2019-08-24 12:12:31 - [TEST_STEP][PASSED] - println("reel 4 wild found: " + free_spin_reel_counter[1]): null

2019-08-24 12:12:31 - [TEST_STEP][PASSED] - println("reel 5 wild found: " + free_spin_reel_counter[2]): null

2019-08-24 12:12:31 - [TEST_STEP][PASSED] - M4_spin_reels = M4_spin_reels: null

2019-08-24 12:12:31 - [TEST_STEP][PASSED] - M4_spin_reels_symbols = symbol: null

2019-08-24 12:12:31 - [TEST_STEP][PASSED] - M4_spin_reels_symbols = M4_spin_reels_symbols: null

2019-08-24 12:12:31 - [TEST_STEP][PASSED] - M4_spin_reel_wins = reel_wins: null

2019-08-24 12:12:31 - [TEST_STEP][PASSED] - M4_spin_reel_wins = M4_spin_reel_wins: null

2019-08-24 12:12:31 - [TEST_STEP][PASSED] - println("GlobalVariable.M4_spin_reel_wins is: " + M4_spin_reel_wins): null

2019-08-24 12:12:31 - [TEST_STEP][PASSED] - M4_spin_total_bonus_win_this_round = total_bonus_win_this_round: null

2019-08-24 12:12:31 - [TEST_STEP][PASSED] - M4_spin_total_bonus_win_this_round = M4_spin_total_bonus_win_this_round: null

2019-08-24 12:12:31 - [TEST_STEP][PASSED] - println("GlobalVariable.M4_spin_total_bonus_win_this_round is: " + M4_spin_total_bonus_win_this_round): null

2019-08-24 12:12:31 - [TEST_STEP][PASSED] - M4_spin_bonus_spin_result = spin_result: null

2019-08-24 12:12:31 - [TEST_STEP][PASSED] - M4_spin_bonus_spin_result = M4_spin_bonus_spin_result: null

2019-08-24 12:12:31 - [MESSAGE][PASSED] - Verify response successfully

2019-08-24 12:12:31 - [MESSAGE][PASSED] - Send request and verify the response successfully

2019-08-24 12:12:31 - [TEST_STEP][PASSED] - if (M4_total_bonus_spins_int != 0 &amp;&amp; M4_spin_reels_symbols[2].contains("WILD_ExtraFG") || M4_spin_reels_symbols[3].contains("WILD_ExtraFG")): null

2019-08-24 12:12:31 - [TEST_STEP][PASSED] - free_spin_reel_counter = free_spin_reel_counter: null

2019-08-24 12:12:31 - [TEST_STEP][PASSED] - M4_spin_reels_symbols = M4_spin_reels_symbols: null

2019-08-24 12:12:31 - [TEST_STEP][PASSED] - M4_total_bonus_spins = M4_total_bonus_spins: null

2019-08-24 12:12:31 - [TEST_STEP][PASSED] - spin_result = sendRequestAndVerify(findTestObject("INT/RGS(M4)/1_M4_spin", ["M4_login_user_id":M4_login_user_id, "rgs_session_token":rgs_session_token, "partner":Partner])): Send request and verify the response successfully

2019-08-24 12:12:31 - [MESSAGE][INFO] - HAR: /Users/eiralee/Katalon_Script/SuperWild/Reports/20190824_120919/INT/superWild_3/20190824_120919/requests/main/54.har

2019-08-24 12:12:31 - [TEST_CASE][PASSED] - Start Test Case : Verification: Verification accomplished successfully

2019-08-24 12:12:31 - [TEST_STEP][PASSED] - request = getInstance().getCurrentRequest(): null

2019-08-24 12:12:31 - [TEST_STEP][PASSED] - response = getInstance().getCurrentResponse(): null

2019-08-24 12:12:31 - [TEST_STEP][PASSED] - verifyResponseStatusCode(response, 200): Verify response status code successfully

2019-08-24 12:12:31 - [MESSAGE][PASSED] - Verify response status code successfully

2019-08-24 12:12:31 - [TEST_STEP][PASSED] - getStatusCode()).isEqualTo(200): null

2019-08-24 12:12:31 - [TEST_STEP][PASSED] - newline = System.getProperty("line.separator"): null

2019-08-24 12:12:31 - [TEST_STEP][PASSED] - M4_spin = new groovy.json.JsonSlurper(): null

2019-08-24 12:12:31 - [TEST_STEP][PASSED] - result_M4_spin = M4_spin.parseText(response.getResponseBodyContent()): null

2019-08-24 12:12:31 - [TEST_STEP][PASSED] - M4_spin_current_balance = current_balance: null

2019-08-24 12:12:31 - [TEST_STEP][PASSED] - M4_spin_current_balance = M4_spin_current_balance: null

2019-08-24 12:12:31 - [TEST_STEP][PASSED] - M4_spin_transaction_id = causality: null

2019-08-24 12:12:31 - [TEST_STEP][PASSED] - M4_spin_transaction_id = M4_spin_transaction_id: null

2019-08-24 12:12:31 - [TEST_STEP][PASSED] - M4_spin_round_id = round_id: null

2019-08-24 12:12:31 - [TEST_STEP][PASSED] - M4_spin_round_id = M4_spin_round_id: null

2019-08-24 12:12:31 - [TEST_STEP][PASSED] - M4_spin_line_wins = line_wins: null

2019-08-24 12:12:31 - [TEST_STEP][PASSED] - M4_spin_line_wins = M4_spin_line_wins: null

2019-08-24 12:12:31 - [TEST_STEP][PASSED] - M4_total_bonus_spins_int = total_bonus_spins: null

2019-08-24 12:12:31 - [TEST_STEP][PASSED] - println("******M4_total_bonus_spins type is:*******" + newline + getClass().getName()): null

2019-08-24 12:12:31 - [TEST_STEP][PASSED] - M4_total_bonus_spins_int = M4_total_bonus_spins_int: null

2019-08-24 12:12:31 - [TEST_STEP][PASSED] - M4_total_bonus_spins = Integer.toString(M4_total_bonus_spins_int): null

2019-08-24 12:12:31 - [TEST_STEP][PASSED] - M4_total_bonus_spins = M4_total_bonus_spins: null

2019-08-24 12:12:31 - [TEST_STEP][PASSED] - println("M4_total_bonus_spins is:" + M4_total_bonus_spins): null

2019-08-24 12:12:31 - [TEST_STEP][PASSED] - M4_spin_bonus_data = bonus_data: null

2019-08-24 12:12:31 - [TEST_STEP][PASSED] - M4_spin_features_triggered = result_M4_spin: null

2019-08-24 12:12:31 - [TEST_STEP][PASSED] - wild = []: null

2019-08-24 12:12:31 - [TEST_STEP][PASSED] - wild[0] = "WILD_Expanding": null

2019-08-24 12:12:31 - [TEST_STEP][PASSED] - wild[1] = "WILD_Normal": null

2019-08-24 12:12:31 - [TEST_STEP][PASSED] - wild[2] = "WILD_Double": null

2019-08-24 12:12:31 - [TEST_STEP][PASSED] - wild[3] = "WILD_ExtraFG": null

2019-08-24 12:12:31 - [TEST_STEP][PASSED] - wild[4] = "WILD_Triple": null

2019-08-24 12:12:31 - [TEST_STEP][PASSED] - wildList = Arrays.asList(wild): null

2019-08-24 12:12:31 - [TEST_STEP][PASSED] - wildList = wildList: null

2019-08-24 12:12:31 - [TEST_STEP][PASSED] - free_spin_reel_counter = []: null

2019-08-24 12:12:31 - [TEST_STEP][PASSED] - free_spin_reel_counter[0] = 0: null

2019-08-24 12:12:31 - [TEST_STEP][PASSED] - free_spin_reel_counter[1] = 0: null

2019-08-24 12:12:31 - [TEST_STEP][PASSED] - free_spin_reel_counter[2] = 0: null

2019-08-24 12:12:31 - [TEST_STEP][PASSED] - M4_spin_reels = reels: null

2019-08-24 12:12:31 - [TEST_STEP][PASSED] - for ([i = 0, i &lt; M4_spin_reels.size(), (i++)]): null

2019-08-24 12:12:31 - [TEST_STEP][PASSED] - symbols = symbols: null

2019-08-24 12:12:31 - [TEST_STEP][PASSED] - for ([j = 0, j &lt; symbols.size(), (j++)]): null

2019-08-24 12:12:31 - [TEST_STEP][PASSED] - symbol = symbol: null

2019-08-24 12:12:31 - [TEST_STEP][PASSED] - println(symbol): null

2019-08-24 12:12:31 - [TEST_STEP][PASSED] - if (i == 2 &amp;&amp; wildList.indexOf(symbol) != -1): null

2019-08-24 12:12:31 - [TEST_STEP][PASSED] - if (i == 3 &amp;&amp; wildList.indexOf(symbol) != -1): null

2019-08-24 12:12:31 - [TEST_STEP][PASSED] - if (i == 4 &amp;&amp; wildList.indexOf(symbol) != -1): null

2019-08-24 12:12:31 - [TEST_STEP][PASSED] - symbol = symbol: null

2019-08-24 12:12:31 - [TEST_STEP][PASSED] - println(symbol): null

2019-08-24 12:12:31 - [TEST_STEP][PASSED] - if (i == 2 &amp;&amp; wildList.indexOf(symbol) != -1): null

2019-08-24 12:12:31 - [TEST_STEP][PASSED] - if (i == 3 &amp;&amp; wildList.indexOf(symbol) != -1): null

2019-08-24 12:12:31 - [TEST_STEP][PASSED] - if (i == 4 &amp;&amp; wildList.indexOf(symbol) != -1): null

2019-08-24 12:12:31 - [TEST_STEP][PASSED] - symbol = symbol: null

2019-08-24 12:12:31 - [TEST_STEP][PASSED] - println(symbol): null

2019-08-24 12:12:31 - [TEST_STEP][PASSED] - if (i == 2 &amp;&amp; wildList.indexOf(symbol) != -1): null

2019-08-24 12:12:31 - [TEST_STEP][PASSED] - if (i == 3 &amp;&amp; wildList.indexOf(symbol) != -1): null

2019-08-24 12:12:31 - [TEST_STEP][PASSED] - if (i == 4 &amp;&amp; wildList.indexOf(symbol) != -1): null

2019-08-24 12:12:31 - [TEST_STEP][PASSED] - symbols = symbols: null

2019-08-24 12:12:31 - [TEST_STEP][PASSED] - for ([j = 0, j &lt; symbols.size(), (j++)]): null

2019-08-24 12:12:31 - [TEST_STEP][PASSED] - symbol = symbol: null

2019-08-24 12:12:31 - [TEST_STEP][PASSED] - println(symbol): null

2019-08-24 12:12:31 - [TEST_STEP][PASSED] - if (i == 2 &amp;&amp; wildList.indexOf(symbol) != -1): null

2019-08-24 12:12:31 - [TEST_STEP][PASSED] - if (i == 3 &amp;&amp; wildList.indexOf(symbol) != -1): null

2019-08-24 12:12:31 - [TEST_STEP][PASSED] - if (i == 4 &amp;&amp; wildList.indexOf(symbol) != -1): null

2019-08-24 12:12:31 - [TEST_STEP][PASSED] - symbol = symbol: null

2019-08-24 12:12:31 - [TEST_STEP][PASSED] - println(symbol): null

2019-08-24 12:12:31 - [TEST_STEP][PASSED] - if (i == 2 &amp;&amp; wildList.indexOf(symbol) != -1): null

2019-08-24 12:12:31 - [TEST_STEP][PASSED] - if (i == 3 &amp;&amp; wildList.indexOf(symbol) != -1): null

2019-08-24 12:12:31 - [TEST_STEP][PASSED] - if (i == 4 &amp;&amp; wildList.indexOf(symbol) != -1): null

2019-08-24 12:12:31 - [TEST_STEP][PASSED] - symbol = symbol: null

2019-08-24 12:12:31 - [TEST_STEP][PASSED] - println(symbol): null

2019-08-24 12:12:31 - [TEST_STEP][PASSED] - if (i == 2 &amp;&amp; wildList.indexOf(symbol) != -1): null

2019-08-24 12:12:31 - [TEST_STEP][PASSED] - if (i == 3 &amp;&amp; wildList.indexOf(symbol) != -1): null

2019-08-24 12:12:31 - [TEST_STEP][PASSED] - if (i == 4 &amp;&amp; wildList.indexOf(symbol) != -1): null

2019-08-24 12:12:31 - [TEST_STEP][PASSED] - symbols = symbols: null

2019-08-24 12:12:31 - [TEST_STEP][PASSED] - for ([j = 0, j &lt; symbols.size(), (j++)]): null

2019-08-24 12:12:31 - [TEST_STEP][PASSED] - symbol = symbol: null

2019-08-24 12:12:31 - [TEST_STEP][PASSED] - println(symbol): null

2019-08-24 12:12:31 - [TEST_STEP][PASSED] - if (i == 2 &amp;&amp; wildList.indexOf(symbol) != -1): null

2019-08-24 12:12:31 - [TEST_STEP][PASSED] - if (i == 3 &amp;&amp; wildList.indexOf(symbol) != -1): null

2019-08-24 12:12:31 - [TEST_STEP][PASSED] - if (i == 4 &amp;&amp; wildList.indexOf(symbol) != -1): null

2019-08-24 12:12:31 - [TEST_STEP][PASSED] - symbol = symbol: null

2019-08-24 12:12:31 - [TEST_STEP][PASSED] - println(symbol): null

2019-08-24 12:12:31 - [TEST_STEP][PASSED] - if (i == 2 &amp;&amp; wildList.indexOf(symbol) != -1): null

2019-08-24 12:12:31 - [TEST_STEP][PASSED] - if (i == 3 &amp;&amp; wildList.indexOf(symbol) != -1): null

2019-08-24 12:12:31 - [TEST_STEP][PASSED] - if (i == 4 &amp;&amp; wildList.indexOf(symbol) != -1): null

2019-08-24 12:12:31 - [TEST_STEP][PASSED] - symbol = symbol: null

2019-08-24 12:12:31 - [TEST_STEP][PASSED] - println(symbol): null

2019-08-24 12:12:31 - [TEST_STEP][PASSED] - if (i == 2 &amp;&amp; wildList.indexOf(symbol) != -1): null

2019-08-24 12:12:31 - [TEST_STEP][PASSED] - if (i == 3 &amp;&amp; wildList.indexOf(symbol) != -1): null

2019-08-24 12:12:31 - [TEST_STEP][PASSED] - if (i == 4 &amp;&amp; wildList.indexOf(symbol) != -1): null

2019-08-24 12:12:31 - [TEST_STEP][PASSED] - symbols = symbols: null

2019-08-24 12:12:31 - [TEST_STEP][PASSED] - for ([j = 0, j &lt; symbols.size(), (j++)]): null

2019-08-24 12:12:31 - [TEST_STEP][PASSED] - symbol = symbol: null

2019-08-24 12:12:31 - [TEST_STEP][PASSED] - println(symbol): null

2019-08-24 12:12:31 - [TEST_STEP][PASSED] - if (i == 2 &amp;&amp; wildList.indexOf(symbol) != -1): null

2019-08-24 12:12:31 - [TEST_STEP][PASSED] - if (i == 3 &amp;&amp; wildList.indexOf(symbol) != -1): null

2019-08-24 12:12:31 - [TEST_STEP][PASSED] - if (i == 4 &amp;&amp; wildList.indexOf(symbol) != -1): null

2019-08-24 12:12:31 - [TEST_STEP][PASSED] - symbol = symbol: null

2019-08-24 12:12:31 - [TEST_STEP][PASSED] - println(symbol): null

2019-08-24 12:12:31 - [TEST_STEP][PASSED] - if (i == 2 &amp;&amp; wildList.indexOf(symbol) != -1): null

2019-08-24 12:12:31 - [TEST_STEP][PASSED] - if (i == 3 &amp;&amp; wildList.indexOf(symbol) != -1): null

2019-08-24 12:12:31 - [TEST_STEP][PASSED] - if (i == 4 &amp;&amp; wildList.indexOf(symbol) != -1): null

2019-08-24 12:12:31 - [TEST_STEP][PASSED] - symbol = symbol: null

2019-08-24 12:12:31 - [TEST_STEP][PASSED] - println(symbol): null

2019-08-24 12:12:31 - [TEST_STEP][PASSED] - if (i == 2 &amp;&amp; wildList.indexOf(symbol) != -1): null

2019-08-24 12:12:31 - [TEST_STEP][PASSED] - if (i == 3 &amp;&amp; wildList.indexOf(symbol) != -1): null

2019-08-24 12:12:31 - [TEST_STEP][PASSED] - println("wild found on reel 4, adding counter by 1"): null

2019-08-24 12:12:31 - [TEST_STEP][PASSED] - free_spin_reel_counter[1] = free_spin_reel_counter[1] + 1: null

2019-08-24 12:12:31 - [TEST_STEP][PASSED] - if (i == 4 &amp;&amp; wildList.indexOf(symbol) != -1): null

2019-08-24 12:12:31 - [TEST_STEP][PASSED] - symbols = symbols: null

2019-08-24 12:12:31 - [TEST_STEP][PASSED] - for ([j = 0, j &lt; symbols.size(), (j++)]): null

2019-08-24 12:12:31 - [TEST_STEP][PASSED] - symbol = symbol: null

2019-08-24 12:12:31 - [TEST_STEP][PASSED] - println(symbol): null

2019-08-24 12:12:31 - [TEST_STEP][PASSED] - if (i == 2 &amp;&amp; wildList.indexOf(symbol) != -1): null

2019-08-24 12:12:31 - [TEST_STEP][PASSED] - if (i == 3 &amp;&amp; wildList.indexOf(symbol) != -1): null

2019-08-24 12:12:31 - [TEST_STEP][PASSED] - if (i == 4 &amp;&amp; wildList.indexOf(symbol) != -1): null

2019-08-24 12:12:31 - [TEST_STEP][PASSED] - symbol = symbol: null

2019-08-24 12:12:31 - [TEST_STEP][PASSED] - println(symbol): null

2019-08-24 12:12:31 - [TEST_STEP][PASSED] - if (i == 2 &amp;&amp; wildList.indexOf(symbol) != -1): null

2019-08-24 12:12:31 - [TEST_STEP][PASSED] - if (i == 3 &amp;&amp; wildList.indexOf(symbol) != -1): null

2019-08-24 12:12:31 - [TEST_STEP][PASSED] - if (i == 4 &amp;&amp; wildList.indexOf(symbol) != -1): null

2019-08-24 12:12:31 - [TEST_STEP][PASSED] - symbol = symbol: null

2019-08-24 12:12:31 - [TEST_STEP][PASSED] - println(symbol): null

2019-08-24 12:12:31 - [TEST_STEP][PASSED] - if (i == 2 &amp;&amp; wildList.indexOf(symbol) != -1): null

2019-08-24 12:12:31 - [TEST_STEP][PASSED] - if (i == 3 &amp;&amp; wildList.indexOf(symbol) != -1): null

2019-08-24 12:12:31 - [TEST_STEP][PASSED] - if (i == 4 &amp;&amp; wildList.indexOf(symbol) != -1): null

2019-08-24 12:12:31 - [TEST_STEP][PASSED] - println("wild found on reel 5, adding counter by 1"): null

2019-08-24 12:12:31 - [TEST_STEP][PASSED] - free_spin_reel_counter[2] = free_spin_reel_counter[2] + 1: null

2019-08-24 12:12:31 - [TEST_STEP][PASSED] - free_spin_reel_counter = free_spin_reel_counter: null

2019-08-24 12:12:31 - [TEST_STEP][PASSED] - println("reel 3 wild found: " + free_spin_reel_counter[0]): null

2019-08-24 12:12:31 - [TEST_STEP][PASSED] - println("reel 4 wild found: " + free_spin_reel_counter[1]): null

2019-08-24 12:12:31 - [TEST_STEP][PASSED] - println("reel 5 wild found: " + free_spin_reel_counter[2]): null

2019-08-24 12:12:31 - [TEST_STEP][PASSED] - M4_spin_reels = M4_spin_reels: null

2019-08-24 12:12:31 - [TEST_STEP][PASSED] - M4_spin_reels_symbols = symbol: null

2019-08-24 12:12:31 - [TEST_STEP][PASSED] - M4_spin_reels_symbols = M4_spin_reels_symbols: null

2019-08-24 12:12:31 - [TEST_STEP][PASSED] - M4_spin_reel_wins = reel_wins: null

2019-08-24 12:12:31 - [TEST_STEP][PASSED] - M4_spin_reel_wins = M4_spin_reel_wins: null

2019-08-24 12:12:31 - [TEST_STEP][PASSED] - println("GlobalVariable.M4_spin_reel_wins is: " + M4_spin_reel_wins): null

2019-08-24 12:12:31 - [TEST_STEP][PASSED] - M4_spin_total_bonus_win_this_round = total_bonus_win_this_round: null

2019-08-24 12:12:31 - [TEST_STEP][PASSED] - M4_spin_total_bonus_win_this_round = M4_spin_total_bonus_win_this_round: null

2019-08-24 12:12:31 - [TEST_STEP][PASSED] - println("GlobalVariable.M4_spin_total_bonus_win_this_round is: " + M4_spin_total_bonus_win_this_round): null

2019-08-24 12:12:31 - [TEST_STEP][PASSED] - M4_spin_bonus_spin_result = spin_result: null

2019-08-24 12:12:31 - [TEST_STEP][PASSED] - M4_spin_bonus_spin_result = M4_spin_bonus_spin_result: null

2019-08-24 12:12:31 - [MESSAGE][PASSED] - Verify response successfully

2019-08-24 12:12:31 - [MESSAGE][PASSED] - Send request and verify the response successfully

2019-08-24 12:12:31 - [TEST_STEP][PASSED] - if (M4_total_bonus_spins_int != 0 &amp;&amp; M4_spin_reels_symbols[2].contains("WILD_ExtraFG") || M4_spin_reels_symbols[3].contains("WILD_ExtraFG")): null

2019-08-24 12:12:31 - [TEST_STEP][PASSED] - free_spin_reel_counter = free_spin_reel_counter: null

2019-08-24 12:12:31 - [TEST_STEP][PASSED] - M4_spin_reels_symbols = M4_spin_reels_symbols: null

2019-08-24 12:12:31 - [TEST_STEP][PASSED] - M4_total_bonus_spins = M4_total_bonus_spins: null

2019-08-24 12:12:31 - [TEST_STEP][PASSED] - spin_result = sendRequestAndVerify(findTestObject("INT/RGS(M4)/1_M4_spin", ["M4_login_user_id":M4_login_user_id, "rgs_session_token":rgs_session_token, "partner":Partner])): Send request and verify the response successfully

2019-08-24 12:12:32 - [MESSAGE][INFO] - HAR: /Users/eiralee/Katalon_Script/SuperWild/Reports/20190824_120919/INT/superWild_3/20190824_120919/requests/main/55.har

2019-08-24 12:12:32 - [TEST_CASE][PASSED] - Start Test Case : Verification: Verification accomplished successfully

2019-08-24 12:12:32 - [TEST_STEP][PASSED] - request = getInstance().getCurrentRequest(): null

2019-08-24 12:12:32 - [TEST_STEP][PASSED] - response = getInstance().getCurrentResponse(): null

2019-08-24 12:12:32 - [TEST_STEP][PASSED] - verifyResponseStatusCode(response, 200): Verify response status code successfully

2019-08-24 12:12:32 - [MESSAGE][PASSED] - Verify response status code successfully

2019-08-24 12:12:32 - [TEST_STEP][PASSED] - getStatusCode()).isEqualTo(200): null

2019-08-24 12:12:32 - [TEST_STEP][PASSED] - newline = System.getProperty("line.separator"): null

2019-08-24 12:12:32 - [TEST_STEP][PASSED] - M4_spin = new groovy.json.JsonSlurper(): null

2019-08-24 12:12:32 - [TEST_STEP][PASSED] - result_M4_spin = M4_spin.parseText(response.getResponseBodyContent()): null

2019-08-24 12:12:32 - [TEST_STEP][PASSED] - M4_spin_current_balance = current_balance: null

2019-08-24 12:12:32 - [TEST_STEP][PASSED] - M4_spin_current_balance = M4_spin_current_balance: null

2019-08-24 12:12:32 - [TEST_STEP][PASSED] - M4_spin_transaction_id = causality: null

2019-08-24 12:12:32 - [TEST_STEP][PASSED] - M4_spin_transaction_id = M4_spin_transaction_id: null

2019-08-24 12:12:32 - [TEST_STEP][PASSED] - M4_spin_round_id = round_id: null

2019-08-24 12:12:32 - [TEST_STEP][PASSED] - M4_spin_round_id = M4_spin_round_id: null

2019-08-24 12:12:32 - [TEST_STEP][PASSED] - M4_spin_line_wins = line_wins: null

2019-08-24 12:12:32 - [TEST_STEP][PASSED] - M4_spin_line_wins = M4_spin_line_wins: null

2019-08-24 12:12:32 - [TEST_STEP][PASSED] - M4_total_bonus_spins_int = total_bonus_spins: null

2019-08-24 12:12:32 - [TEST_STEP][PASSED] - println("******M4_total_bonus_spins type is:*******" + newline + getClass().getName()): null

2019-08-24 12:12:32 - [TEST_STEP][PASSED] - M4_total_bonus_spins_int = M4_total_bonus_spins_int: null

2019-08-24 12:12:32 - [TEST_STEP][PASSED] - M4_total_bonus_spins = Integer.toString(M4_total_bonus_spins_int): null

2019-08-24 12:12:32 - [TEST_STEP][PASSED] - M4_total_bonus_spins = M4_total_bonus_spins: null

2019-08-24 12:12:32 - [TEST_STEP][PASSED] - println("M4_total_bonus_spins is:" + M4_total_bonus_spins): null

2019-08-24 12:12:32 - [TEST_STEP][PASSED] - M4_spin_bonus_data = bonus_data: null

2019-08-24 12:12:32 - [TEST_STEP][PASSED] - M4_spin_features_triggered = result_M4_spin: null

2019-08-24 12:12:32 - [TEST_STEP][PASSED] - wild = []: null

2019-08-24 12:12:32 - [TEST_STEP][PASSED] - wild[0] = "WILD_Expanding": null

2019-08-24 12:12:32 - [TEST_STEP][PASSED] - wild[1] = "WILD_Normal": null

2019-08-24 12:12:32 - [TEST_STEP][PASSED] - wild[2] = "WILD_Double": null

2019-08-24 12:12:32 - [TEST_STEP][PASSED] - wild[3] = "WILD_ExtraFG": null

2019-08-24 12:12:32 - [TEST_STEP][PASSED] - wild[4] = "WILD_Triple": null

2019-08-24 12:12:32 - [TEST_STEP][PASSED] - wildList = Arrays.asList(wild): null

2019-08-24 12:12:32 - [TEST_STEP][PASSED] - wildList = wildList: null

2019-08-24 12:12:32 - [TEST_STEP][PASSED] - free_spin_reel_counter = []: null

2019-08-24 12:12:32 - [TEST_STEP][PASSED] - free_spin_reel_counter[0] = 0: null

2019-08-24 12:12:32 - [TEST_STEP][PASSED] - free_spin_reel_counter[1] = 0: null

2019-08-24 12:12:32 - [TEST_STEP][PASSED] - free_spin_reel_counter[2] = 0: null

2019-08-24 12:12:32 - [TEST_STEP][PASSED] - M4_spin_reels = reels: null

2019-08-24 12:12:32 - [TEST_STEP][PASSED] - for ([i = 0, i &lt; M4_spin_reels.size(), (i++)]): null

2019-08-24 12:12:32 - [TEST_STEP][PASSED] - symbols = symbols: null

2019-08-24 12:12:32 - [TEST_STEP][PASSED] - for ([j = 0, j &lt; symbols.size(), (j++)]): null

2019-08-24 12:12:32 - [TEST_STEP][PASSED] - symbol = symbol: null

2019-08-24 12:12:32 - [TEST_STEP][PASSED] - println(symbol): null

2019-08-24 12:12:32 - [TEST_STEP][PASSED] - if (i == 2 &amp;&amp; wildList.indexOf(symbol) != -1): null

2019-08-24 12:12:32 - [TEST_STEP][PASSED] - if (i == 3 &amp;&amp; wildList.indexOf(symbol) != -1): null

2019-08-24 12:12:32 - [TEST_STEP][PASSED] - if (i == 4 &amp;&amp; wildList.indexOf(symbol) != -1): null

2019-08-24 12:12:32 - [TEST_STEP][PASSED] - symbol = symbol: null

2019-08-24 12:12:32 - [TEST_STEP][PASSED] - println(symbol): null

2019-08-24 12:12:32 - [TEST_STEP][PASSED] - if (i == 2 &amp;&amp; wildList.indexOf(symbol) != -1): null

2019-08-24 12:12:32 - [TEST_STEP][PASSED] - if (i == 3 &amp;&amp; wildList.indexOf(symbol) != -1): null

2019-08-24 12:12:32 - [TEST_STEP][PASSED] - if (i == 4 &amp;&amp; wildList.indexOf(symbol) != -1): null

2019-08-24 12:12:32 - [TEST_STEP][PASSED] - symbol = symbol: null

2019-08-24 12:12:32 - [TEST_STEP][PASSED] - println(symbol): null

2019-08-24 12:12:32 - [TEST_STEP][PASSED] - if (i == 2 &amp;&amp; wildList.indexOf(symbol) != -1): null

2019-08-24 12:12:32 - [TEST_STEP][PASSED] - if (i == 3 &amp;&amp; wildList.indexOf(symbol) != -1): null

2019-08-24 12:12:32 - [TEST_STEP][PASSED] - if (i == 4 &amp;&amp; wildList.indexOf(symbol) != -1): null

2019-08-24 12:12:32 - [TEST_STEP][PASSED] - symbols = symbols: null

2019-08-24 12:12:32 - [TEST_STEP][PASSED] - for ([j = 0, j &lt; symbols.size(), (j++)]): null

2019-08-24 12:12:32 - [TEST_STEP][PASSED] - symbol = symbol: null

2019-08-24 12:12:32 - [TEST_STEP][PASSED] - println(symbol): null

2019-08-24 12:12:32 - [TEST_STEP][PASSED] - if (i == 2 &amp;&amp; wildList.indexOf(symbol) != -1): null

2019-08-24 12:12:32 - [TEST_STEP][PASSED] - if (i == 3 &amp;&amp; wildList.indexOf(symbol) != -1): null

2019-08-24 12:12:32 - [TEST_STEP][PASSED] - if (i == 4 &amp;&amp; wildList.indexOf(symbol) != -1): null

2019-08-24 12:12:32 - [TEST_STEP][PASSED] - symbol = symbol: null

2019-08-24 12:12:32 - [TEST_STEP][PASSED] - println(symbol): null

2019-08-24 12:12:32 - [TEST_STEP][PASSED] - if (i == 2 &amp;&amp; wildList.indexOf(symbol) != -1): null

2019-08-24 12:12:32 - [TEST_STEP][PASSED] - if (i == 3 &amp;&amp; wildList.indexOf(symbol) != -1): null

2019-08-24 12:12:32 - [TEST_STEP][PASSED] - if (i == 4 &amp;&amp; wildList.indexOf(symbol) != -1): null

2019-08-24 12:12:32 - [TEST_STEP][PASSED] - symbol = symbol: null

2019-08-24 12:12:32 - [TEST_STEP][PASSED] - println(symbol): null

2019-08-24 12:12:32 - [TEST_STEP][PASSED] - if (i == 2 &amp;&amp; wildList.indexOf(symbol) != -1): null

2019-08-24 12:12:32 - [TEST_STEP][PASSED] - if (i == 3 &amp;&amp; wildList.indexOf(symbol) != -1): null

2019-08-24 12:12:32 - [TEST_STEP][PASSED] - if (i == 4 &amp;&amp; wildList.indexOf(symbol) != -1): null

2019-08-24 12:12:32 - [TEST_STEP][PASSED] - symbols = symbols: null

2019-08-24 12:12:32 - [TEST_STEP][PASSED] - for ([j = 0, j &lt; symbols.size(), (j++)]): null

2019-08-24 12:12:32 - [TEST_STEP][PASSED] - symbol = symbol: null

2019-08-24 12:12:32 - [TEST_STEP][PASSED] - println(symbol): null

2019-08-24 12:12:32 - [TEST_STEP][PASSED] - if (i == 2 &amp;&amp; wildList.indexOf(symbol) != -1): null

2019-08-24 12:12:32 - [TEST_STEP][PASSED] - if (i == 3 &amp;&amp; wildList.indexOf(symbol) != -1): null

2019-08-24 12:12:32 - [TEST_STEP][PASSED] - if (i == 4 &amp;&amp; wildList.indexOf(symbol) != -1): null

2019-08-24 12:12:32 - [TEST_STEP][PASSED] - symbol = symbol: null

2019-08-24 12:12:32 - [TEST_STEP][PASSED] - println(symbol): null

2019-08-24 12:12:32 - [TEST_STEP][PASSED] - if (i == 2 &amp;&amp; wildList.indexOf(symbol) != -1): null

2019-08-24 12:12:32 - [TEST_STEP][PASSED] - if (i == 3 &amp;&amp; wildList.indexOf(symbol) != -1): null

2019-08-24 12:12:32 - [TEST_STEP][PASSED] - if (i == 4 &amp;&amp; wildList.indexOf(symbol) != -1): null

2019-08-24 12:12:32 - [TEST_STEP][PASSED] - symbol = symbol: null

2019-08-24 12:12:32 - [TEST_STEP][PASSED] - println(symbol): null

2019-08-24 12:12:32 - [TEST_STEP][PASSED] - if (i == 2 &amp;&amp; wildList.indexOf(symbol) != -1): null

2019-08-24 12:12:32 - [TEST_STEP][PASSED] - if (i == 3 &amp;&amp; wildList.indexOf(symbol) != -1): null

2019-08-24 12:12:32 - [TEST_STEP][PASSED] - if (i == 4 &amp;&amp; wildList.indexOf(symbol) != -1): null

2019-08-24 12:12:32 - [TEST_STEP][PASSED] - symbols = symbols: null

2019-08-24 12:12:32 - [TEST_STEP][PASSED] - for ([j = 0, j &lt; symbols.size(), (j++)]): null

2019-08-24 12:12:32 - [TEST_STEP][PASSED] - symbol = symbol: null

2019-08-24 12:12:32 - [TEST_STEP][PASSED] - println(symbol): null

2019-08-24 12:12:32 - [TEST_STEP][PASSED] - if (i == 2 &amp;&amp; wildList.indexOf(symbol) != -1): null

2019-08-24 12:12:32 - [TEST_STEP][PASSED] - if (i == 3 &amp;&amp; wildList.indexOf(symbol) != -1): null

2019-08-24 12:12:32 - [TEST_STEP][PASSED] - if (i == 4 &amp;&amp; wildList.indexOf(symbol) != -1): null

2019-08-24 12:12:32 - [TEST_STEP][PASSED] - symbol = symbol: null

2019-08-24 12:12:32 - [TEST_STEP][PASSED] - println(symbol): null

2019-08-24 12:12:32 - [TEST_STEP][PASSED] - if (i == 2 &amp;&amp; wildList.indexOf(symbol) != -1): null

2019-08-24 12:12:32 - [TEST_STEP][PASSED] - if (i == 3 &amp;&amp; wildList.indexOf(symbol) != -1): null

2019-08-24 12:12:32 - [TEST_STEP][PASSED] - if (i == 4 &amp;&amp; wildList.indexOf(symbol) != -1): null

2019-08-24 12:12:32 - [TEST_STEP][PASSED] - symbol = symbol: null

2019-08-24 12:12:32 - [TEST_STEP][PASSED] - println(symbol): null

2019-08-24 12:12:32 - [TEST_STEP][PASSED] - if (i == 2 &amp;&amp; wildList.indexOf(symbol) != -1): null

2019-08-24 12:12:32 - [TEST_STEP][PASSED] - if (i == 3 &amp;&amp; wildList.indexOf(symbol) != -1): null

2019-08-24 12:12:32 - [TEST_STEP][PASSED] - if (i == 4 &amp;&amp; wildList.indexOf(symbol) != -1): null

2019-08-24 12:12:32 - [TEST_STEP][PASSED] - symbols = symbols: null

2019-08-24 12:12:32 - [TEST_STEP][PASSED] - for ([j = 0, j &lt; symbols.size(), (j++)]): null

2019-08-24 12:12:32 - [TEST_STEP][PASSED] - symbol = symbol: null

2019-08-24 12:12:32 - [TEST_STEP][PASSED] - println(symbol): null

2019-08-24 12:12:32 - [TEST_STEP][PASSED] - if (i == 2 &amp;&amp; wildList.indexOf(symbol) != -1): null

2019-08-24 12:12:32 - [TEST_STEP][PASSED] - if (i == 3 &amp;&amp; wildList.indexOf(symbol) != -1): null

2019-08-24 12:12:32 - [TEST_STEP][PASSED] - if (i == 4 &amp;&amp; wildList.indexOf(symbol) != -1): null

2019-08-24 12:12:32 - [TEST_STEP][PASSED] - symbol = symbol: null

2019-08-24 12:12:32 - [TEST_STEP][PASSED] - println(symbol): null

2019-08-24 12:12:32 - [TEST_STEP][PASSED] - if (i == 2 &amp;&amp; wildList.indexOf(symbol) != -1): null

2019-08-24 12:12:32 - [TEST_STEP][PASSED] - if (i == 3 &amp;&amp; wildList.indexOf(symbol) != -1): null

2019-08-24 12:12:32 - [TEST_STEP][PASSED] - if (i == 4 &amp;&amp; wildList.indexOf(symbol) != -1): null

2019-08-24 12:12:32 - [TEST_STEP][PASSED] - symbol = symbol: null

2019-08-24 12:12:32 - [TEST_STEP][PASSED] - println(symbol): null

2019-08-24 12:12:32 - [TEST_STEP][PASSED] - if (i == 2 &amp;&amp; wildList.indexOf(symbol) != -1): null

2019-08-24 12:12:32 - [TEST_STEP][PASSED] - if (i == 3 &amp;&amp; wildList.indexOf(symbol) != -1): null

2019-08-24 12:12:32 - [TEST_STEP][PASSED] - if (i == 4 &amp;&amp; wildList.indexOf(symbol) != -1): null

2019-08-24 12:12:36 - [TEST_STEP][PASSED] - free_spin_reel_counter = free_spin_reel_counter: null

2019-08-24 12:12:36 - [TEST_STEP][PASSED] - println("reel 3 wild found: " + free_spin_reel_counter[0]): null

2019-08-24 12:12:36 - [TEST_STEP][PASSED] - println("reel 4 wild found: " + free_spin_reel_counter[1]): null

2019-08-24 12:12:36 - [TEST_STEP][PASSED] - println("reel 5 wild found: " + free_spin_reel_counter[2]): null

2019-08-24 12:12:36 - [TEST_STEP][PASSED] - M4_spin_reels = M4_spin_reels: null

2019-08-24 12:12:36 - [TEST_STEP][PASSED] - M4_spin_reels_symbols = symbol: null

2019-08-24 12:12:36 - [TEST_STEP][PASSED] - M4_spin_reels_symbols = M4_spin_reels_symbols: null

2019-08-24 12:12:36 - [TEST_STEP][PASSED] - M4_spin_reel_wins = reel_wins: null

2019-08-24 12:12:36 - [TEST_STEP][PASSED] - M4_spin_reel_wins = M4_spin_reel_wins: null

2019-08-24 12:12:39 - [TEST_STEP][PASSED] - println("GlobalVariable.M4_spin_reel_wins is: " + M4_spin_reel_wins): null

2019-08-24 12:12:39 - [TEST_STEP][PASSED] - M4_spin_total_bonus_win_this_round = total_bonus_win_this_round: null

2019-08-24 12:12:39 - [TEST_STEP][PASSED] - M4_spin_total_bonus_win_this_round = M4_spin_total_bonus_win_this_round: null

2019-08-24 12:12:39 - [TEST_STEP][PASSED] - println("GlobalVariable.M4_spin_total_bonus_win_this_round is: " + M4_spin_total_bonus_win_this_round): null

2019-08-24 12:12:39 - [TEST_STEP][PASSED] - M4_spin_bonus_spin_result = spin_result: null

2019-08-24 12:12:39 - [TEST_STEP][PASSED] - M4_spin_bonus_spin_result = M4_spin_bonus_spin_result: null

2019-08-24 12:12:39 - [MESSAGE][PASSED] - Verify response successfully

2019-08-24 12:12:39 - [MESSAGE][PASSED] - Send request and verify the response successfully

2019-08-24 12:12:39 - [TEST_STEP][PASSED] - if (M4_total_bonus_spins_int != 0 &amp;&amp; M4_spin_reels_symbols[2].contains("WILD_ExtraFG") || M4_spin_reels_symbols[3].contains("WILD_ExtraFG")): null

2019-08-24 12:12:39 - [TEST_STEP][PASSED] - free_spin_reel_counter = free_spin_reel_counter: null

2019-08-24 12:12:39 - [TEST_STEP][PASSED] - M4_spin_reels_symbols = M4_spin_reels_symbols: null

2019-08-24 12:12:39 - [TEST_STEP][PASSED] - M4_total_bonus_spins = M4_total_bonus_spins: null

2019-08-24 12:12:39 - [TEST_STEP][PASSED] - spin_result = sendRequestAndVerify(findTestObject("INT/RGS(M4)/1_M4_spin", ["M4_login_user_id":M4_login_user_id, "rgs_session_token":rgs_session_token, "partner":Partner])): Send request and verify the response successfully

2019-08-24 12:12:39 - [MESSAGE][INFO] - HAR: /Users/eiralee/Katalon_Script/SuperWild/Reports/20190824_120919/INT/superWild_3/20190824_120919/requests/main/56.har

2019-08-24 12:12:39 - [TEST_CASE][PASSED] - Start Test Case : Verification: Verification accomplished successfully

2019-08-24 12:12:39 - [TEST_STEP][PASSED] - request = getInstance().getCurrentRequest(): null

2019-08-24 12:12:39 - [TEST_STEP][PASSED] - response = getInstance().getCurrentResponse(): null

2019-08-24 12:12:39 - [TEST_STEP][PASSED] - verifyResponseStatusCode(response, 200): Verify response status code successfully

2019-08-24 12:12:39 - [MESSAGE][PASSED] - Verify response status code successfully

2019-08-24 12:12:39 - [TEST_STEP][PASSED] - getStatusCode()).isEqualTo(200): null

2019-08-24 12:12:39 - [TEST_STEP][PASSED] - newline = System.getProperty("line.separator"): null

2019-08-24 12:12:39 - [TEST_STEP][PASSED] - M4_spin = new groovy.json.JsonSlurper(): null

2019-08-24 12:12:39 - [TEST_STEP][PASSED] - result_M4_spin = M4_spin.parseText(response.getResponseBodyContent()): null

2019-08-24 12:12:39 - [TEST_STEP][PASSED] - M4_spin_current_balance = current_balance: null

2019-08-24 12:12:39 - [TEST_STEP][PASSED] - M4_spin_current_balance = M4_spin_current_balance: null

2019-08-24 12:12:39 - [TEST_STEP][PASSED] - M4_spin_transaction_id = causality: null

2019-08-24 12:12:39 - [TEST_STEP][PASSED] - M4_spin_transaction_id = M4_spin_transaction_id: null

2019-08-24 12:12:39 - [TEST_STEP][PASSED] - M4_spin_round_id = round_id: null

2019-08-24 12:12:39 - [TEST_STEP][PASSED] - M4_spin_round_id = M4_spin_round_id: null

2019-08-24 12:12:39 - [TEST_STEP][PASSED] - M4_spin_line_wins = line_wins: null

2019-08-24 12:12:39 - [TEST_STEP][PASSED] - M4_spin_line_wins = M4_spin_line_wins: null

2019-08-24 12:12:39 - [TEST_STEP][PASSED] - M4_total_bonus_spins_int = total_bonus_spins: null

2019-08-24 12:12:39 - [TEST_STEP][PASSED] - println("******M4_total_bonus_spins type is:*******" + newline + getClass().getName()): null

2019-08-24 12:12:39 - [TEST_STEP][PASSED] - M4_total_bonus_spins_int = M4_total_bonus_spins_int: null

2019-08-24 12:12:39 - [TEST_STEP][PASSED] - M4_total_bonus_spins = Integer.toString(M4_total_bonus_spins_int): null

2019-08-24 12:12:39 - [TEST_STEP][PASSED] - M4_total_bonus_spins = M4_total_bonus_spins: null

2019-08-24 12:12:39 - [TEST_STEP][PASSED] - println("M4_total_bonus_spins is:" + M4_total_bonus_spins): null

2019-08-24 12:12:39 - [TEST_STEP][PASSED] - M4_spin_bonus_data = bonus_data: null

2019-08-24 12:12:39 - [TEST_STEP][PASSED] - M4_spin_features_triggered = result_M4_spin: null

2019-08-24 12:12:39 - [TEST_STEP][PASSED] - wild = []: null

2019-08-24 12:12:39 - [TEST_STEP][PASSED] - wild[0] = "WILD_Expanding": null

2019-08-24 12:12:39 - [TEST_STEP][PASSED] - wild[1] = "WILD_Normal": null

2019-08-24 12:12:39 - [TEST_STEP][PASSED] - wild[2] = "WILD_Double": null

2019-08-24 12:12:39 - [TEST_STEP][PASSED] - wild[3] = "WILD_ExtraFG": null

2019-08-24 12:12:39 - [TEST_STEP][PASSED] - wild[4] = "WILD_Triple": null

2019-08-24 12:12:39 - [TEST_STEP][PASSED] - wildList = Arrays.asList(wild): null

2019-08-24 12:12:39 - [TEST_STEP][PASSED] - wildList = wildList: null

2019-08-24 12:12:39 - [TEST_STEP][PASSED] - free_spin_reel_counter = []: null

2019-08-24 12:12:39 - [TEST_STEP][PASSED] - free_spin_reel_counter[0] = 0: null

2019-08-24 12:12:39 - [TEST_STEP][PASSED] - free_spin_reel_counter[1] = 0: null

2019-08-24 12:12:39 - [TEST_STEP][PASSED] - free_spin_reel_counter[2] = 0: null

2019-08-24 12:12:39 - [TEST_STEP][PASSED] - M4_spin_reels = reels: null

2019-08-24 12:12:39 - [TEST_STEP][PASSED] - for ([i = 0, i &lt; M4_spin_reels.size(), (i++)]): null

2019-08-24 12:12:39 - [TEST_STEP][PASSED] - symbols = symbols: null

2019-08-24 12:12:39 - [TEST_STEP][PASSED] - for ([j = 0, j &lt; symbols.size(), (j++)]): null

2019-08-24 12:12:39 - [TEST_STEP][PASSED] - symbol = symbol: null

2019-08-24 12:12:39 - [TEST_STEP][PASSED] - println(symbol): null

2019-08-24 12:12:39 - [TEST_STEP][PASSED] - if (i == 2 &amp;&amp; wildList.indexOf(symbol) != -1): null

2019-08-24 12:12:39 - [TEST_STEP][PASSED] - if (i == 3 &amp;&amp; wildList.indexOf(symbol) != -1): null

2019-08-24 12:12:39 - [TEST_STEP][PASSED] - if (i == 4 &amp;&amp; wildList.indexOf(symbol) != -1): null

2019-08-24 12:12:39 - [TEST_STEP][PASSED] - symbol = symbol: null

2019-08-24 12:12:39 - [TEST_STEP][PASSED] - println(symbol): null

2019-08-24 12:12:39 - [TEST_STEP][PASSED] - if (i == 2 &amp;&amp; wildList.indexOf(symbol) != -1): null

2019-08-24 12:12:39 - [TEST_STEP][PASSED] - if (i == 3 &amp;&amp; wildList.indexOf(symbol) != -1): null

2019-08-24 12:12:39 - [TEST_STEP][PASSED] - if (i == 4 &amp;&amp; wildList.indexOf(symbol) != -1): null

2019-08-24 12:12:39 - [TEST_STEP][PASSED] - symbol = symbol: null

2019-08-24 12:12:39 - [TEST_STEP][PASSED] - println(symbol): null

2019-08-24 12:12:39 - [TEST_STEP][PASSED] - if (i == 2 &amp;&amp; wildList.indexOf(symbol) != -1): null

2019-08-24 12:12:39 - [TEST_STEP][PASSED] - if (i == 3 &amp;&amp; wildList.indexOf(symbol) != -1): null

2019-08-24 12:12:39 - [TEST_STEP][PASSED] - if (i == 4 &amp;&amp; wildList.indexOf(symbol) != -1): null

2019-08-24 12:12:39 - [TEST_STEP][PASSED] - symbols = symbols: null

2019-08-24 12:12:39 - [TEST_STEP][PASSED] - for ([j = 0, j &lt; symbols.size(), (j++)]): null

2019-08-24 12:12:39 - [TEST_STEP][PASSED] - symbol = symbol: null

2019-08-24 12:12:39 - [TEST_STEP][PASSED] - println(symbol): null

2019-08-24 12:12:39 - [TEST_STEP][PASSED] - if (i == 2 &amp;&amp; wildList.indexOf(symbol) != -1): null

2019-08-24 12:12:39 - [TEST_STEP][PASSED] - if (i == 3 &amp;&amp; wildList.indexOf(symbol) != -1): null

2019-08-24 12:12:39 - [TEST_STEP][PASSED] - if (i == 4 &amp;&amp; wildList.indexOf(symbol) != -1): null

2019-08-24 12:12:39 - [TEST_STEP][PASSED] - symbol = symbol: null

2019-08-24 12:12:39 - [TEST_STEP][PASSED] - println(symbol): null

2019-08-24 12:12:39 - [TEST_STEP][PASSED] - if (i == 2 &amp;&amp; wildList.indexOf(symbol) != -1): null

2019-08-24 12:12:39 - [TEST_STEP][PASSED] - if (i == 3 &amp;&amp; wildList.indexOf(symbol) != -1): null

2019-08-24 12:12:39 - [TEST_STEP][PASSED] - if (i == 4 &amp;&amp; wildList.indexOf(symbol) != -1): null

2019-08-24 12:12:39 - [TEST_STEP][PASSED] - symbol = symbol: null

2019-08-24 12:12:39 - [TEST_STEP][PASSED] - println(symbol): null

2019-08-24 12:12:39 - [TEST_STEP][PASSED] - if (i == 2 &amp;&amp; wildList.indexOf(symbol) != -1): null

2019-08-24 12:12:39 - [TEST_STEP][PASSED] - if (i == 3 &amp;&amp; wildList.indexOf(symbol) != -1): null

2019-08-24 12:12:39 - [TEST_STEP][PASSED] - if (i == 4 &amp;&amp; wildList.indexOf(symbol) != -1): null

2019-08-24 12:12:39 - [TEST_STEP][PASSED] - symbols = symbols: null

2019-08-24 12:12:39 - [TEST_STEP][PASSED] - for ([j = 0, j &lt; symbols.size(), (j++)]): null

2019-08-24 12:12:39 - [TEST_STEP][PASSED] - symbol = symbol: null

2019-08-24 12:12:39 - [TEST_STEP][PASSED] - println(symbol): null

2019-08-24 12:12:39 - [TEST_STEP][PASSED] - if (i == 2 &amp;&amp; wildList.indexOf(symbol) != -1): null

2019-08-24 12:12:39 - [TEST_STEP][PASSED] - if (i == 3 &amp;&amp; wildList.indexOf(symbol) != -1): null

2019-08-24 12:12:39 - [TEST_STEP][PASSED] - if (i == 4 &amp;&amp; wildList.indexOf(symbol) != -1): null

2019-08-24 12:12:39 - [TEST_STEP][PASSED] - symbol = symbol: null

2019-08-24 12:12:39 - [TEST_STEP][PASSED] - println(symbol): null

2019-08-24 12:12:39 - [TEST_STEP][PASSED] - if (i == 2 &amp;&amp; wildList.indexOf(symbol) != -1): null

2019-08-24 12:12:39 - [TEST_STEP][PASSED] - if (i == 3 &amp;&amp; wildList.indexOf(symbol) != -1): null

2019-08-24 12:12:39 - [TEST_STEP][PASSED] - if (i == 4 &amp;&amp; wildList.indexOf(symbol) != -1): null

2019-08-24 12:12:39 - [TEST_STEP][PASSED] - symbol = symbol: null

2019-08-24 12:12:39 - [TEST_STEP][PASSED] - println(symbol): null

2019-08-24 12:12:39 - [TEST_STEP][PASSED] - if (i == 2 &amp;&amp; wildList.indexOf(symbol) != -1): null

2019-08-24 12:12:39 - [TEST_STEP][PASSED] - if (i == 3 &amp;&amp; wildList.indexOf(symbol) != -1): null

2019-08-24 12:12:39 - [TEST_STEP][PASSED] - if (i == 4 &amp;&amp; wildList.indexOf(symbol) != -1): null

2019-08-24 12:12:39 - [TEST_STEP][PASSED] - symbols = symbols: null

2019-08-24 12:12:39 - [TEST_STEP][PASSED] - for ([j = 0, j &lt; symbols.size(), (j++)]): null

2019-08-24 12:12:39 - [TEST_STEP][PASSED] - symbol = symbol: null

2019-08-24 12:12:39 - [TEST_STEP][PASSED] - println(symbol): null

2019-08-24 12:12:39 - [TEST_STEP][PASSED] - if (i == 2 &amp;&amp; wildList.indexOf(symbol) != -1): null

2019-08-24 12:12:39 - [TEST_STEP][PASSED] - if (i == 3 &amp;&amp; wildList.indexOf(symbol) != -1): null

2019-08-24 12:12:39 - [TEST_STEP][PASSED] - if (i == 4 &amp;&amp; wildList.indexOf(symbol) != -1): null

2019-08-24 12:12:39 - [TEST_STEP][PASSED] - symbol = symbol: null

2019-08-24 12:12:39 - [TEST_STEP][PASSED] - println(symbol): null

2019-08-24 12:12:39 - [TEST_STEP][PASSED] - if (i == 2 &amp;&amp; wildList.indexOf(symbol) != -1): null

2019-08-24 12:12:39 - [TEST_STEP][PASSED] - if (i == 3 &amp;&amp; wildList.indexOf(symbol) != -1): null

2019-08-24 12:12:39 - [TEST_STEP][PASSED] - if (i == 4 &amp;&amp; wildList.indexOf(symbol) != -1): null

2019-08-24 12:12:39 - [TEST_STEP][PASSED] - symbol = symbol: null

2019-08-24 12:12:39 - [TEST_STEP][PASSED] - println(symbol): null

2019-08-24 12:12:39 - [TEST_STEP][PASSED] - if (i == 2 &amp;&amp; wildList.indexOf(symbol) != -1): null

2019-08-24 12:12:39 - [TEST_STEP][PASSED] - if (i == 3 &amp;&amp; wildList.indexOf(symbol) != -1): null

2019-08-24 12:12:39 - [TEST_STEP][PASSED] - if (i == 4 &amp;&amp; wildList.indexOf(symbol) != -1): null

2019-08-24 12:12:39 - [TEST_STEP][PASSED] - symbols = symbols: null

2019-08-24 12:12:39 - [TEST_STEP][PASSED] - for ([j = 0, j &lt; symbols.size(), (j++)]): null

2019-08-24 12:12:39 - [TEST_STEP][PASSED] - symbol = symbol: null

2019-08-24 12:12:39 - [TEST_STEP][PASSED] - println(symbol): null

2019-08-24 12:12:39 - [TEST_STEP][PASSED] - if (i == 2 &amp;&amp; wildList.indexOf(symbol) != -1): null

2019-08-24 12:12:39 - [TEST_STEP][PASSED] - if (i == 3 &amp;&amp; wildList.indexOf(symbol) != -1): null

2019-08-24 12:12:39 - [TEST_STEP][PASSED] - if (i == 4 &amp;&amp; wildList.indexOf(symbol) != -1): null

2019-08-24 12:12:39 - [TEST_STEP][PASSED] - symbol = symbol: null

2019-08-24 12:12:39 - [TEST_STEP][PASSED] - println(symbol): null

2019-08-24 12:12:39 - [TEST_STEP][PASSED] - if (i == 2 &amp;&amp; wildList.indexOf(symbol) != -1): null

2019-08-24 12:12:39 - [TEST_STEP][PASSED] - if (i == 3 &amp;&amp; wildList.indexOf(symbol) != -1): null

2019-08-24 12:12:39 - [TEST_STEP][PASSED] - if (i == 4 &amp;&amp; wildList.indexOf(symbol) != -1): null

2019-08-24 12:12:39 - [TEST_STEP][PASSED] - symbol = symbol: null

2019-08-24 12:12:39 - [TEST_STEP][PASSED] - println(symbol): null

2019-08-24 12:12:39 - [TEST_STEP][PASSED] - if (i == 2 &amp;&amp; wildList.indexOf(symbol) != -1): null

2019-08-24 12:12:39 - [TEST_STEP][PASSED] - if (i == 3 &amp;&amp; wildList.indexOf(symbol) != -1): null

2019-08-24 12:12:39 - [TEST_STEP][PASSED] - if (i == 4 &amp;&amp; wildList.indexOf(symbol) != -1): null

2019-08-24 12:12:39 - [TEST_STEP][PASSED] - free_spin_reel_counter = free_spin_reel_counter: null

2019-08-24 12:12:39 - [TEST_STEP][PASSED] - println("reel 3 wild found: " + free_spin_reel_counter[0]): null

2019-08-24 12:12:39 - [TEST_STEP][PASSED] - println("reel 4 wild found: " + free_spin_reel_counter[1]): null

2019-08-24 12:12:39 - [TEST_STEP][PASSED] - println("reel 5 wild found: " + free_spin_reel_counter[2]): null

2019-08-24 12:12:39 - [TEST_STEP][PASSED] - M4_spin_reels = M4_spin_reels: null

2019-08-24 12:12:39 - [TEST_STEP][PASSED] - M4_spin_reels_symbols = symbol: null

2019-08-24 12:12:39 - [TEST_STEP][PASSED] - M4_spin_reels_symbols = M4_spin_reels_symbols: null

2019-08-24 12:12:39 - [TEST_STEP][PASSED] - M4_spin_reel_wins = reel_wins: null

2019-08-24 12:12:39 - [TEST_STEP][PASSED] - M4_spin_reel_wins = M4_spin_reel_wins: null

2019-08-24 12:12:39 - [TEST_STEP][PASSED] - println("GlobalVariable.M4_spin_reel_wins is: " + M4_spin_reel_wins): null

2019-08-24 12:12:39 - [TEST_STEP][PASSED] - M4_spin_total_bonus_win_this_round = total_bonus_win_this_round: null

2019-08-24 12:12:39 - [TEST_STEP][PASSED] - M4_spin_total_bonus_win_this_round = M4_spin_total_bonus_win_this_round: null

2019-08-24 12:12:39 - [TEST_STEP][PASSED] - println("GlobalVariable.M4_spin_total_bonus_win_this_round is: " + M4_spin_total_bonus_win_this_round): null

2019-08-24 12:12:39 - [TEST_STEP][PASSED] - M4_spin_bonus_spin_result = spin_result: null

2019-08-24 12:12:39 - [TEST_STEP][PASSED] - M4_spin_bonus_spin_result = M4_spin_bonus_spin_result: null

2019-08-24 12:12:39 - [MESSAGE][PASSED] - Verify response successfully

2019-08-24 12:12:39 - [MESSAGE][PASSED] - Send request and verify the response successfully

2019-08-24 12:12:39 - [TEST_STEP][PASSED] - if (M4_total_bonus_spins_int != 0 &amp;&amp; M4_spin_reels_symbols[2].contains("WILD_ExtraFG") || M4_spin_reels_symbols[3].contains("WILD_ExtraFG")): null

2019-08-24 12:12:39 - [TEST_STEP][PASSED] - free_spin_reel_counter = free_spin_reel_counter: null

2019-08-24 12:12:39 - [TEST_STEP][PASSED] - M4_spin_reels_symbols = M4_spin_reels_symbols: null

2019-08-24 12:12:39 - [TEST_STEP][PASSED] - M4_total_bonus_spins = M4_total_bonus_spins: null

2019-08-24 12:12:39 - [TEST_STEP][PASSED] - spin_result = sendRequestAndVerify(findTestObject("INT/RGS(M4)/1_M4_spin", ["M4_login_user_id":M4_login_user_id, "rgs_session_token":rgs_session_token, "partner":Partner])): Send request and verify the response successfully

2019-08-24 12:12:39 - [MESSAGE][INFO] - HAR: /Users/eiralee/Katalon_Script/SuperWild/Reports/20190824_120919/INT/superWild_3/20190824_120919/requests/main/57.har

2019-08-24 12:12:40 - [TEST_CASE][PASSED] - Start Test Case : Verification: Verification accomplished successfully

2019-08-24 12:12:40 - [TEST_STEP][PASSED] - request = getInstance().getCurrentRequest(): null

2019-08-24 12:12:40 - [TEST_STEP][PASSED] - response = getInstance().getCurrentResponse(): null

2019-08-24 12:12:40 - [TEST_STEP][PASSED] - verifyResponseStatusCode(response, 200): Verify response status code successfully

2019-08-24 12:12:40 - [MESSAGE][PASSED] - Verify response status code successfully

2019-08-24 12:12:40 - [TEST_STEP][PASSED] - getStatusCode()).isEqualTo(200): null

2019-08-24 12:12:40 - [TEST_STEP][PASSED] - newline = System.getProperty("line.separator"): null

2019-08-24 12:12:40 - [TEST_STEP][PASSED] - M4_spin = new groovy.json.JsonSlurper(): null

2019-08-24 12:12:40 - [TEST_STEP][PASSED] - result_M4_spin = M4_spin.parseText(response.getResponseBodyContent()): null

2019-08-24 12:12:40 - [TEST_STEP][PASSED] - M4_spin_current_balance = current_balance: null

2019-08-24 12:12:40 - [TEST_STEP][PASSED] - M4_spin_current_balance = M4_spin_current_balance: null

2019-08-24 12:12:40 - [TEST_STEP][PASSED] - M4_spin_transaction_id = causality: null

2019-08-24 12:12:40 - [TEST_STEP][PASSED] - M4_spin_transaction_id = M4_spin_transaction_id: null

2019-08-24 12:12:40 - [TEST_STEP][PASSED] - M4_spin_round_id = round_id: null

2019-08-24 12:12:40 - [TEST_STEP][PASSED] - M4_spin_round_id = M4_spin_round_id: null

2019-08-24 12:12:40 - [TEST_STEP][PASSED] - M4_spin_line_wins = line_wins: null

2019-08-24 12:12:40 - [TEST_STEP][PASSED] - M4_spin_line_wins = M4_spin_line_wins: null

2019-08-24 12:12:40 - [TEST_STEP][PASSED] - M4_total_bonus_spins_int = total_bonus_spins: null

2019-08-24 12:12:40 - [TEST_STEP][PASSED] - println("******M4_total_bonus_spins type is:*******" + newline + getClass().getName()): null

2019-08-24 12:12:40 - [TEST_STEP][PASSED] - M4_total_bonus_spins_int = M4_total_bonus_spins_int: null

2019-08-24 12:12:40 - [TEST_STEP][PASSED] - M4_total_bonus_spins = Integer.toString(M4_total_bonus_spins_int): null

2019-08-24 12:12:40 - [TEST_STEP][PASSED] - M4_total_bonus_spins = M4_total_bonus_spins: null

2019-08-24 12:12:40 - [TEST_STEP][PASSED] - println("M4_total_bonus_spins is:" + M4_total_bonus_spins): null

2019-08-24 12:12:40 - [TEST_STEP][PASSED] - M4_spin_bonus_data = bonus_data: null

2019-08-24 12:12:40 - [TEST_STEP][PASSED] - M4_spin_features_triggered = result_M4_spin: null

2019-08-24 12:12:40 - [TEST_STEP][PASSED] - wild = []: null

2019-08-24 12:12:40 - [TEST_STEP][PASSED] - wild[0] = "WILD_Expanding": null

2019-08-24 12:12:40 - [TEST_STEP][PASSED] - wild[1] = "WILD_Normal": null

2019-08-24 12:12:40 - [TEST_STEP][PASSED] - wild[2] = "WILD_Double": null

2019-08-24 12:12:40 - [TEST_STEP][PASSED] - wild[3] = "WILD_ExtraFG": null

2019-08-24 12:12:40 - [TEST_STEP][PASSED] - wild[4] = "WILD_Triple": null

2019-08-24 12:12:40 - [TEST_STEP][PASSED] - wildList = Arrays.asList(wild): null

2019-08-24 12:12:40 - [TEST_STEP][PASSED] - wildList = wildList: null

2019-08-24 12:12:40 - [TEST_STEP][PASSED] - free_spin_reel_counter = []: null

2019-08-24 12:12:40 - [TEST_STEP][PASSED] - free_spin_reel_counter[0] = 0: null

2019-08-24 12:12:40 - [TEST_STEP][PASSED] - free_spin_reel_counter[1] = 0: null

2019-08-24 12:12:40 - [TEST_STEP][PASSED] - free_spin_reel_counter[2] = 0: null

2019-08-24 12:12:40 - [TEST_STEP][PASSED] - M4_spin_reels = reels: null

2019-08-24 12:12:40 - [TEST_STEP][PASSED] - for ([i = 0, i &lt; M4_spin_reels.size(), (i++)]): null

2019-08-24 12:12:40 - [TEST_STEP][PASSED] - symbols = symbols: null

2019-08-24 12:12:40 - [TEST_STEP][PASSED] - for ([j = 0, j &lt; symbols.size(), (j++)]): null

2019-08-24 12:12:40 - [TEST_STEP][PASSED] - symbol = symbol: null

2019-08-24 12:12:40 - [TEST_STEP][PASSED] - println(symbol): null

2019-08-24 12:12:40 - [TEST_STEP][PASSED] - if (i == 2 &amp;&amp; wildList.indexOf(symbol) != -1): null

2019-08-24 12:12:40 - [TEST_STEP][PASSED] - if (i == 3 &amp;&amp; wildList.indexOf(symbol) != -1): null

2019-08-24 12:12:40 - [TEST_STEP][PASSED] - if (i == 4 &amp;&amp; wildList.indexOf(symbol) != -1): null

2019-08-24 12:12:40 - [TEST_STEP][PASSED] - symbol = symbol: null

2019-08-24 12:12:40 - [TEST_STEP][PASSED] - println(symbol): null

2019-08-24 12:12:40 - [TEST_STEP][PASSED] - if (i == 2 &amp;&amp; wildList.indexOf(symbol) != -1): null

2019-08-24 12:12:40 - [TEST_STEP][PASSED] - if (i == 3 &amp;&amp; wildList.indexOf(symbol) != -1): null

2019-08-24 12:12:40 - [TEST_STEP][PASSED] - if (i == 4 &amp;&amp; wildList.indexOf(symbol) != -1): null

2019-08-24 12:12:40 - [TEST_STEP][PASSED] - symbol = symbol: null

2019-08-24 12:12:40 - [TEST_STEP][PASSED] - println(symbol): null

2019-08-24 12:12:40 - [TEST_STEP][PASSED] - if (i == 2 &amp;&amp; wildList.indexOf(symbol) != -1): null

2019-08-24 12:12:40 - [TEST_STEP][PASSED] - if (i == 3 &amp;&amp; wildList.indexOf(symbol) != -1): null

2019-08-24 12:12:40 - [TEST_STEP][PASSED] - if (i == 4 &amp;&amp; wildList.indexOf(symbol) != -1): null

2019-08-24 12:12:40 - [TEST_STEP][PASSED] - symbols = symbols: null

2019-08-24 12:12:40 - [TEST_STEP][PASSED] - for ([j = 0, j &lt; symbols.size(), (j++)]): null

2019-08-24 12:12:40 - [TEST_STEP][PASSED] - symbol = symbol: null

2019-08-24 12:12:40 - [TEST_STEP][PASSED] - println(symbol): null

2019-08-24 12:12:40 - [TEST_STEP][PASSED] - if (i == 2 &amp;&amp; wildList.indexOf(symbol) != -1): null

2019-08-24 12:12:40 - [TEST_STEP][PASSED] - if (i == 3 &amp;&amp; wildList.indexOf(symbol) != -1): null

2019-08-24 12:12:40 - [TEST_STEP][PASSED] - if (i == 4 &amp;&amp; wildList.indexOf(symbol) != -1): null

2019-08-24 12:12:40 - [TEST_STEP][PASSED] - symbol = symbol: null

2019-08-24 12:12:40 - [TEST_STEP][PASSED] - println(symbol): null

2019-08-24 12:12:40 - [TEST_STEP][PASSED] - if (i == 2 &amp;&amp; wildList.indexOf(symbol) != -1): null

2019-08-24 12:12:40 - [TEST_STEP][PASSED] - if (i == 3 &amp;&amp; wildList.indexOf(symbol) != -1): null

2019-08-24 12:12:40 - [TEST_STEP][PASSED] - if (i == 4 &amp;&amp; wildList.indexOf(symbol) != -1): null

2019-08-24 12:12:40 - [TEST_STEP][PASSED] - symbol = symbol: null

2019-08-24 12:12:40 - [TEST_STEP][PASSED] - println(symbol): null

2019-08-24 12:12:40 - [TEST_STEP][PASSED] - if (i == 2 &amp;&amp; wildList.indexOf(symbol) != -1): null

2019-08-24 12:12:40 - [TEST_STEP][PASSED] - if (i == 3 &amp;&amp; wildList.indexOf(symbol) != -1): null

2019-08-24 12:12:40 - [TEST_STEP][PASSED] - if (i == 4 &amp;&amp; wildList.indexOf(symbol) != -1): null

2019-08-24 12:12:40 - [TEST_STEP][PASSED] - symbols = symbols: null

2019-08-24 12:12:40 - [TEST_STEP][PASSED] - for ([j = 0, j &lt; symbols.size(), (j++)]): null

2019-08-24 12:12:40 - [TEST_STEP][PASSED] - symbol = symbol: null

2019-08-24 12:12:40 - [TEST_STEP][PASSED] - println(symbol): null

2019-08-24 12:12:40 - [TEST_STEP][PASSED] - if (i == 2 &amp;&amp; wildList.indexOf(symbol) != -1): null

2019-08-24 12:12:40 - [TEST_STEP][PASSED] - if (i == 3 &amp;&amp; wildList.indexOf(symbol) != -1): null

2019-08-24 12:12:40 - [TEST_STEP][PASSED] - if (i == 4 &amp;&amp; wildList.indexOf(symbol) != -1): null

2019-08-24 12:12:40 - [TEST_STEP][PASSED] - symbol = symbol: null

2019-08-24 12:12:40 - [TEST_STEP][PASSED] - println(symbol): null

2019-08-24 12:12:40 - [TEST_STEP][PASSED] - if (i == 2 &amp;&amp; wildList.indexOf(symbol) != -1): null

2019-08-24 12:12:40 - [TEST_STEP][PASSED] - if (i == 3 &amp;&amp; wildList.indexOf(symbol) != -1): null

2019-08-24 12:12:40 - [TEST_STEP][PASSED] - if (i == 4 &amp;&amp; wildList.indexOf(symbol) != -1): null

2019-08-24 12:12:40 - [TEST_STEP][PASSED] - symbol = symbol: null

2019-08-24 12:12:40 - [TEST_STEP][PASSED] - println(symbol): null

2019-08-24 12:12:40 - [TEST_STEP][PASSED] - if (i == 2 &amp;&amp; wildList.indexOf(symbol) != -1): null

2019-08-24 12:12:40 - [TEST_STEP][PASSED] - if (i == 3 &amp;&amp; wildList.indexOf(symbol) != -1): null

2019-08-24 12:12:40 - [TEST_STEP][PASSED] - if (i == 4 &amp;&amp; wildList.indexOf(symbol) != -1): null

2019-08-24 12:12:40 - [TEST_STEP][PASSED] - symbols = symbols: null

2019-08-24 12:12:40 - [TEST_STEP][PASSED] - for ([j = 0, j &lt; symbols.size(), (j++)]): null

2019-08-24 12:12:40 - [TEST_STEP][PASSED] - symbol = symbol: null

2019-08-24 12:12:40 - [TEST_STEP][PASSED] - println(symbol): null

2019-08-24 12:12:40 - [TEST_STEP][PASSED] - if (i == 2 &amp;&amp; wildList.indexOf(symbol) != -1): null

2019-08-24 12:12:40 - [TEST_STEP][PASSED] - if (i == 3 &amp;&amp; wildList.indexOf(symbol) != -1): null

2019-08-24 12:12:40 - [TEST_STEP][PASSED] - if (i == 4 &amp;&amp; wildList.indexOf(symbol) != -1): null

2019-08-24 12:12:40 - [TEST_STEP][PASSED] - symbol = symbol: null

2019-08-24 12:12:40 - [TEST_STEP][PASSED] - println(symbol): null

2019-08-24 12:12:40 - [TEST_STEP][PASSED] - if (i == 2 &amp;&amp; wildList.indexOf(symbol) != -1): null

2019-08-24 12:12:40 - [TEST_STEP][PASSED] - if (i == 3 &amp;&amp; wildList.indexOf(symbol) != -1): null

2019-08-24 12:12:40 - [TEST_STEP][PASSED] - if (i == 4 &amp;&amp; wildList.indexOf(symbol) != -1): null

2019-08-24 12:12:40 - [TEST_STEP][PASSED] - symbol = symbol: null

2019-08-24 12:12:40 - [TEST_STEP][PASSED] - println(symbol): null

2019-08-24 12:12:40 - [TEST_STEP][PASSED] - if (i == 2 &amp;&amp; wildList.indexOf(symbol) != -1): null

2019-08-24 12:12:40 - [TEST_STEP][PASSED] - if (i == 3 &amp;&amp; wildList.indexOf(symbol) != -1): null

2019-08-24 12:12:40 - [TEST_STEP][PASSED] - if (i == 4 &amp;&amp; wildList.indexOf(symbol) != -1): null

2019-08-24 12:12:40 - [TEST_STEP][PASSED] - symbols = symbols: null

2019-08-24 12:12:40 - [TEST_STEP][PASSED] - for ([j = 0, j &lt; symbols.size(), (j++)]): null

2019-08-24 12:12:40 - [TEST_STEP][PASSED] - symbol = symbol: null

2019-08-24 12:12:40 - [TEST_STEP][PASSED] - println(symbol): null

2019-08-24 12:12:40 - [TEST_STEP][PASSED] - if (i == 2 &amp;&amp; wildList.indexOf(symbol) != -1): null

2019-08-24 12:12:40 - [TEST_STEP][PASSED] - if (i == 3 &amp;&amp; wildList.indexOf(symbol) != -1): null

2019-08-24 12:12:40 - [TEST_STEP][PASSED] - if (i == 4 &amp;&amp; wildList.indexOf(symbol) != -1): null

2019-08-24 12:12:40 - [TEST_STEP][PASSED] - symbol = symbol: null

2019-08-24 12:12:40 - [TEST_STEP][PASSED] - println(symbol): null

2019-08-24 12:12:40 - [TEST_STEP][PASSED] - if (i == 2 &amp;&amp; wildList.indexOf(symbol) != -1): null

2019-08-24 12:12:40 - [TEST_STEP][PASSED] - if (i == 3 &amp;&amp; wildList.indexOf(symbol) != -1): null

2019-08-24 12:12:40 - [TEST_STEP][PASSED] - if (i == 4 &amp;&amp; wildList.indexOf(symbol) != -1): null

2019-08-24 12:12:40 - [TEST_STEP][PASSED] - symbol = symbol: null

2019-08-24 12:12:40 - [TEST_STEP][PASSED] - println(symbol): null

2019-08-24 12:12:40 - [TEST_STEP][PASSED] - if (i == 2 &amp;&amp; wildList.indexOf(symbol) != -1): null

2019-08-24 12:12:40 - [TEST_STEP][PASSED] - if (i == 3 &amp;&amp; wildList.indexOf(symbol) != -1): null

2019-08-24 12:12:40 - [TEST_STEP][PASSED] - if (i == 4 &amp;&amp; wildList.indexOf(symbol) != -1): null

2019-08-24 12:12:40 - [TEST_STEP][PASSED] - free_spin_reel_counter = free_spin_reel_counter: null

2019-08-24 12:12:40 - [TEST_STEP][PASSED] - println("reel 3 wild found: " + free_spin_reel_counter[0]): null

2019-08-24 12:12:40 - [TEST_STEP][PASSED] - println("reel 4 wild found: " + free_spin_reel_counter[1]): null

2019-08-24 12:12:40 - [TEST_STEP][PASSED] - println("reel 5 wild found: " + free_spin_reel_counter[2]): null

2019-08-24 12:12:40 - [TEST_STEP][PASSED] - M4_spin_reels = M4_spin_reels: null

2019-08-24 12:12:40 - [TEST_STEP][PASSED] - M4_spin_reels_symbols = symbol: null

2019-08-24 12:12:40 - [TEST_STEP][PASSED] - M4_spin_reels_symbols = M4_spin_reels_symbols: null

2019-08-24 12:12:40 - [TEST_STEP][PASSED] - M4_spin_reel_wins = reel_wins: null

2019-08-24 12:12:40 - [TEST_STEP][PASSED] - M4_spin_reel_wins = M4_spin_reel_wins: null

2019-08-24 12:12:40 - [TEST_STEP][PASSED] - println("GlobalVariable.M4_spin_reel_wins is: " + M4_spin_reel_wins): null

2019-08-24 12:12:40 - [TEST_STEP][PASSED] - M4_spin_total_bonus_win_this_round = total_bonus_win_this_round: null

2019-08-24 12:12:40 - [TEST_STEP][PASSED] - M4_spin_total_bonus_win_this_round = M4_spin_total_bonus_win_this_round: null

2019-08-24 12:12:40 - [TEST_STEP][PASSED] - println("GlobalVariable.M4_spin_total_bonus_win_this_round is: " + M4_spin_total_bonus_win_this_round): null

2019-08-24 12:12:40 - [TEST_STEP][PASSED] - M4_spin_bonus_spin_result = spin_result: null

2019-08-24 12:12:40 - [TEST_STEP][PASSED] - M4_spin_bonus_spin_result = M4_spin_bonus_spin_result: null

2019-08-24 12:12:40 - [MESSAGE][PASSED] - Verify response successfully

2019-08-24 12:12:40 - [MESSAGE][PASSED] - Send request and verify the response successfully

2019-08-24 12:12:40 - [TEST_STEP][PASSED] - if (M4_total_bonus_spins_int != 0 &amp;&amp; M4_spin_reels_symbols[2].contains("WILD_ExtraFG") || M4_spin_reels_symbols[3].contains("WILD_ExtraFG")): null

2019-08-24 12:12:40 - [TEST_STEP][PASSED] - free_spin_reel_counter = free_spin_reel_counter: null

2019-08-24 12:12:40 - [TEST_STEP][PASSED] - M4_spin_reels_symbols = M4_spin_reels_symbols: null

2019-08-24 12:12:40 - [TEST_STEP][PASSED] - M4_total_bonus_spins = M4_total_bonus_spins: null

2019-08-24 12:12:40 - [TEST_STEP][PASSED] - spin_result = sendRequestAndVerify(findTestObject("INT/RGS(M4)/1_M4_spin", ["M4_login_user_id":M4_login_user_id, "rgs_session_token":rgs_session_token, "partner":Partner])): Send request and verify the response successfully

2019-08-24 12:12:40 - [MESSAGE][INFO] - HAR: /Users/eiralee/Katalon_Script/SuperWild/Reports/20190824_120919/INT/superWild_3/20190824_120919/requests/main/58.har

2019-08-24 12:12:40 - [TEST_CASE][PASSED] - Start Test Case : Verification: Verification accomplished successfully

2019-08-24 12:12:40 - [TEST_STEP][PASSED] - request = getInstance().getCurrentRequest(): null

2019-08-24 12:12:40 - [TEST_STEP][PASSED] - response = getInstance().getCurrentResponse(): null

2019-08-24 12:12:40 - [TEST_STEP][PASSED] - verifyResponseStatusCode(response, 200): Verify response status code successfully

2019-08-24 12:12:40 - [MESSAGE][PASSED] - Verify response status code successfully

2019-08-24 12:12:40 - [TEST_STEP][PASSED] - getStatusCode()).isEqualTo(200): null

2019-08-24 12:12:40 - [TEST_STEP][PASSED] - newline = System.getProperty("line.separator"): null

2019-08-24 12:12:40 - [TEST_STEP][PASSED] - M4_spin = new groovy.json.JsonSlurper(): null

2019-08-24 12:12:40 - [TEST_STEP][PASSED] - result_M4_spin = M4_spin.parseText(response.getResponseBodyContent()): null

2019-08-24 12:12:40 - [TEST_STEP][PASSED] - M4_spin_current_balance = current_balance: null

2019-08-24 12:12:40 - [TEST_STEP][PASSED] - M4_spin_current_balance = M4_spin_current_balance: null

2019-08-24 12:12:40 - [TEST_STEP][PASSED] - M4_spin_transaction_id = causality: null

2019-08-24 12:12:40 - [TEST_STEP][PASSED] - M4_spin_transaction_id = M4_spin_transaction_id: null

2019-08-24 12:12:40 - [TEST_STEP][PASSED] - M4_spin_round_id = round_id: null

2019-08-24 12:12:40 - [TEST_STEP][PASSED] - M4_spin_round_id = M4_spin_round_id: null

2019-08-24 12:12:40 - [TEST_STEP][PASSED] - M4_spin_line_wins = line_wins: null

2019-08-24 12:12:44 - [TEST_STEP][PASSED] - M4_spin_line_wins = M4_spin_line_wins: null

2019-08-24 12:12:44 - [TEST_STEP][PASSED] - M4_total_bonus_spins_int = total_bonus_spins: null

2019-08-24 12:12:44 - [TEST_STEP][PASSED] - println("******M4_total_bonus_spins type is:*******" + newline + getClass().getName()): null

2019-08-24 12:12:44 - [TEST_STEP][PASSED] - M4_total_bonus_spins_int = M4_total_bonus_spins_int: null

2019-08-24 12:12:44 - [TEST_STEP][PASSED] - M4_total_bonus_spins = Integer.toString(M4_total_bonus_spins_int): null

2019-08-24 12:12:44 - [TEST_STEP][PASSED] - M4_total_bonus_spins = M4_total_bonus_spins: null

2019-08-24 12:12:44 - [TEST_STEP][PASSED] - println("M4_total_bonus_spins is:" + M4_total_bonus_spins): null

2019-08-24 12:12:44 - [TEST_STEP][PASSED] - M4_spin_bonus_data = bonus_data: null

2019-08-24 12:12:44 - [TEST_STEP][PASSED] - M4_spin_features_triggered = result_M4_spin: null

2019-08-24 12:12:44 - [TEST_STEP][PASSED] - wild = []: null

2019-08-24 12:12:47 - [TEST_STEP][PASSED] - wild[0] = "WILD_Expanding": null

2019-08-24 12:12:47 - [TEST_STEP][PASSED] - wild[1] = "WILD_Normal": null

2019-08-24 12:12:47 - [TEST_STEP][PASSED] - wild[2] = "WILD_Double": null

2019-08-24 12:12:47 - [TEST_STEP][PASSED] - wild[3] = "WILD_ExtraFG": null

2019-08-24 12:12:47 - [TEST_STEP][PASSED] - wild[4] = "WILD_Triple": null

2019-08-24 12:12:47 - [TEST_STEP][PASSED] - wildList = Arrays.asList(wild): null

2019-08-24 12:12:47 - [TEST_STEP][PASSED] - wildList = wildList: null

2019-08-24 12:12:47 - [TEST_STEP][PASSED] - free_spin_reel_counter = []: null

2019-08-24 12:12:47 - [TEST_STEP][PASSED] - free_spin_reel_counter[0] = 0: null

2019-08-24 12:12:47 - [TEST_STEP][PASSED] - free_spin_reel_counter[1] = 0: null

2019-08-24 12:12:47 - [TEST_STEP][PASSED] - free_spin_reel_counter[2] = 0: null

2019-08-24 12:12:47 - [TEST_STEP][PASSED] - M4_spin_reels = reels: null

2019-08-24 12:12:47 - [TEST_STEP][PASSED] - for ([i = 0, i &lt; M4_spin_reels.size(), (i++)]): null

2019-08-24 12:12:47 - [TEST_STEP][PASSED] - symbols = symbols: null

2019-08-24 12:12:47 - [TEST_STEP][PASSED] - for ([j = 0, j &lt; symbols.size(), (j++)]): null

2019-08-24 12:12:47 - [TEST_STEP][PASSED] - symbol = symbol: null

2019-08-24 12:12:47 - [TEST_STEP][PASSED] - println(symbol): null

2019-08-24 12:12:47 - [TEST_STEP][PASSED] - if (i == 2 &amp;&amp; wildList.indexOf(symbol) != -1): null

2019-08-24 12:12:47 - [TEST_STEP][PASSED] - if (i == 3 &amp;&amp; wildList.indexOf(symbol) != -1): null

2019-08-24 12:12:47 - [TEST_STEP][PASSED] - if (i == 4 &amp;&amp; wildList.indexOf(symbol) != -1): null

2019-08-24 12:12:47 - [TEST_STEP][PASSED] - symbol = symbol: null

2019-08-24 12:12:47 - [TEST_STEP][PASSED] - println(symbol): null

2019-08-24 12:12:47 - [TEST_STEP][PASSED] - if (i == 2 &amp;&amp; wildList.indexOf(symbol) != -1): null

2019-08-24 12:12:47 - [TEST_STEP][PASSED] - if (i == 3 &amp;&amp; wildList.indexOf(symbol) != -1): null

2019-08-24 12:12:47 - [TEST_STEP][PASSED] - if (i == 4 &amp;&amp; wildList.indexOf(symbol) != -1): null

2019-08-24 12:12:47 - [TEST_STEP][PASSED] - symbol = symbol: null

2019-08-24 12:12:47 - [TEST_STEP][PASSED] - println(symbol): null

2019-08-24 12:12:47 - [TEST_STEP][PASSED] - if (i == 2 &amp;&amp; wildList.indexOf(symbol) != -1): null

2019-08-24 12:12:47 - [TEST_STEP][PASSED] - if (i == 3 &amp;&amp; wildList.indexOf(symbol) != -1): null

2019-08-24 12:12:47 - [TEST_STEP][PASSED] - if (i == 4 &amp;&amp; wildList.indexOf(symbol) != -1): null

2019-08-24 12:12:47 - [TEST_STEP][PASSED] - symbols = symbols: null

2019-08-24 12:12:47 - [TEST_STEP][PASSED] - for ([j = 0, j &lt; symbols.size(), (j++)]): null

2019-08-24 12:12:47 - [TEST_STEP][PASSED] - symbol = symbol: null

2019-08-24 12:12:47 - [TEST_STEP][PASSED] - println(symbol): null

2019-08-24 12:12:47 - [TEST_STEP][PASSED] - if (i == 2 &amp;&amp; wildList.indexOf(symbol) != -1): null

2019-08-24 12:12:47 - [TEST_STEP][PASSED] - if (i == 3 &amp;&amp; wildList.indexOf(symbol) != -1): null

2019-08-24 12:12:47 - [TEST_STEP][PASSED] - if (i == 4 &amp;&amp; wildList.indexOf(symbol) != -1): null

2019-08-24 12:12:47 - [TEST_STEP][PASSED] - symbol = symbol: null

2019-08-24 12:12:47 - [TEST_STEP][PASSED] - println(symbol): null

2019-08-24 12:12:47 - [TEST_STEP][PASSED] - if (i == 2 &amp;&amp; wildList.indexOf(symbol) != -1): null

2019-08-24 12:12:47 - [TEST_STEP][PASSED] - if (i == 3 &amp;&amp; wildList.indexOf(symbol) != -1): null

2019-08-24 12:12:47 - [TEST_STEP][PASSED] - if (i == 4 &amp;&amp; wildList.indexOf(symbol) != -1): null

2019-08-24 12:12:47 - [TEST_STEP][PASSED] - symbol = symbol: null

2019-08-24 12:12:47 - [TEST_STEP][PASSED] - println(symbol): null

2019-08-24 12:12:47 - [TEST_STEP][PASSED] - if (i == 2 &amp;&amp; wildList.indexOf(symbol) != -1): null

2019-08-24 12:12:47 - [TEST_STEP][PASSED] - if (i == 3 &amp;&amp; wildList.indexOf(symbol) != -1): null

2019-08-24 12:12:47 - [TEST_STEP][PASSED] - if (i == 4 &amp;&amp; wildList.indexOf(symbol) != -1): null

2019-08-24 12:12:47 - [TEST_STEP][PASSED] - symbols = symbols: null

2019-08-24 12:12:47 - [TEST_STEP][PASSED] - for ([j = 0, j &lt; symbols.size(), (j++)]): null

2019-08-24 12:12:47 - [TEST_STEP][PASSED] - symbol = symbol: null

2019-08-24 12:12:47 - [TEST_STEP][PASSED] - println(symbol): null

2019-08-24 12:12:47 - [TEST_STEP][PASSED] - if (i == 2 &amp;&amp; wildList.indexOf(symbol) != -1): null

2019-08-24 12:12:47 - [TEST_STEP][PASSED] - if (i == 3 &amp;&amp; wildList.indexOf(symbol) != -1): null

2019-08-24 12:12:47 - [TEST_STEP][PASSED] - if (i == 4 &amp;&amp; wildList.indexOf(symbol) != -1): null

2019-08-24 12:12:47 - [TEST_STEP][PASSED] - symbol = symbol: null

2019-08-24 12:12:47 - [TEST_STEP][PASSED] - println(symbol): null

2019-08-24 12:12:47 - [TEST_STEP][PASSED] - if (i == 2 &amp;&amp; wildList.indexOf(symbol) != -1): null

2019-08-24 12:12:47 - [TEST_STEP][PASSED] - if (i == 3 &amp;&amp; wildList.indexOf(symbol) != -1): null

2019-08-24 12:12:47 - [TEST_STEP][PASSED] - if (i == 4 &amp;&amp; wildList.indexOf(symbol) != -1): null

2019-08-24 12:12:47 - [TEST_STEP][PASSED] - symbol = symbol: null

2019-08-24 12:12:47 - [TEST_STEP][PASSED] - println(symbol): null

2019-08-24 12:12:47 - [TEST_STEP][PASSED] - if (i == 2 &amp;&amp; wildList.indexOf(symbol) != -1): null

2019-08-24 12:12:47 - [TEST_STEP][PASSED] - if (i == 3 &amp;&amp; wildList.indexOf(symbol) != -1): null

2019-08-24 12:12:47 - [TEST_STEP][PASSED] - if (i == 4 &amp;&amp; wildList.indexOf(symbol) != -1): null

2019-08-24 12:12:47 - [TEST_STEP][PASSED] - symbols = symbols: null

2019-08-24 12:12:47 - [TEST_STEP][PASSED] - for ([j = 0, j &lt; symbols.size(), (j++)]): null

2019-08-24 12:12:47 - [TEST_STEP][PASSED] - symbol = symbol: null

2019-08-24 12:12:47 - [TEST_STEP][PASSED] - println(symbol): null

2019-08-24 12:12:47 - [TEST_STEP][PASSED] - if (i == 2 &amp;&amp; wildList.indexOf(symbol) != -1): null

2019-08-24 12:12:47 - [TEST_STEP][PASSED] - if (i == 3 &amp;&amp; wildList.indexOf(symbol) != -1): null

2019-08-24 12:12:47 - [TEST_STEP][PASSED] - println("wild found on reel 4, adding counter by 1"): null

2019-08-24 12:12:47 - [TEST_STEP][PASSED] - free_spin_reel_counter[1] = free_spin_reel_counter[1] + 1: null

2019-08-24 12:12:47 - [TEST_STEP][PASSED] - if (i == 4 &amp;&amp; wildList.indexOf(symbol) != -1): null

2019-08-24 12:12:47 - [TEST_STEP][PASSED] - symbol = symbol: null

2019-08-24 12:12:47 - [TEST_STEP][PASSED] - println(symbol): null

2019-08-24 12:12:47 - [TEST_STEP][PASSED] - if (i == 2 &amp;&amp; wildList.indexOf(symbol) != -1): null

2019-08-24 12:12:47 - [TEST_STEP][PASSED] - if (i == 3 &amp;&amp; wildList.indexOf(symbol) != -1): null

2019-08-24 12:12:47 - [TEST_STEP][PASSED] - if (i == 4 &amp;&amp; wildList.indexOf(symbol) != -1): null

2019-08-24 12:12:47 - [TEST_STEP][PASSED] - symbol = symbol: null

2019-08-24 12:12:47 - [TEST_STEP][PASSED] - println(symbol): null

2019-08-24 12:12:47 - [TEST_STEP][PASSED] - if (i == 2 &amp;&amp; wildList.indexOf(symbol) != -1): null

2019-08-24 12:12:47 - [TEST_STEP][PASSED] - if (i == 3 &amp;&amp; wildList.indexOf(symbol) != -1): null

2019-08-24 12:12:47 - [TEST_STEP][PASSED] - if (i == 4 &amp;&amp; wildList.indexOf(symbol) != -1): null

2019-08-24 12:12:47 - [TEST_STEP][PASSED] - symbols = symbols: null

2019-08-24 12:12:47 - [TEST_STEP][PASSED] - for ([j = 0, j &lt; symbols.size(), (j++)]): null

2019-08-24 12:12:47 - [TEST_STEP][PASSED] - symbol = symbol: null

2019-08-24 12:12:47 - [TEST_STEP][PASSED] - println(symbol): null

2019-08-24 12:12:47 - [TEST_STEP][PASSED] - if (i == 2 &amp;&amp; wildList.indexOf(symbol) != -1): null

2019-08-24 12:12:47 - [TEST_STEP][PASSED] - if (i == 3 &amp;&amp; wildList.indexOf(symbol) != -1): null

2019-08-24 12:12:47 - [TEST_STEP][PASSED] - if (i == 4 &amp;&amp; wildList.indexOf(symbol) != -1): null

2019-08-24 12:12:47 - [TEST_STEP][PASSED] - symbol = symbol: null

2019-08-24 12:12:47 - [TEST_STEP][PASSED] - println(symbol): null

2019-08-24 12:12:47 - [TEST_STEP][PASSED] - if (i == 2 &amp;&amp; wildList.indexOf(symbol) != -1): null

2019-08-24 12:12:47 - [TEST_STEP][PASSED] - if (i == 3 &amp;&amp; wildList.indexOf(symbol) != -1): null

2019-08-24 12:12:47 - [TEST_STEP][PASSED] - if (i == 4 &amp;&amp; wildList.indexOf(symbol) != -1): null

2019-08-24 12:12:47 - [TEST_STEP][PASSED] - symbol = symbol: null

2019-08-24 12:12:47 - [TEST_STEP][PASSED] - println(symbol): null

2019-08-24 12:12:47 - [TEST_STEP][PASSED] - if (i == 2 &amp;&amp; wildList.indexOf(symbol) != -1): null

2019-08-24 12:12:47 - [TEST_STEP][PASSED] - if (i == 3 &amp;&amp; wildList.indexOf(symbol) != -1): null

2019-08-24 12:12:47 - [TEST_STEP][PASSED] - if (i == 4 &amp;&amp; wildList.indexOf(symbol) != -1): null

2019-08-24 12:12:47 - [TEST_STEP][PASSED] - free_spin_reel_counter = free_spin_reel_counter: null

2019-08-24 12:12:47 - [TEST_STEP][PASSED] - println("reel 3 wild found: " + free_spin_reel_counter[0]): null

2019-08-24 12:12:47 - [TEST_STEP][PASSED] - println("reel 4 wild found: " + free_spin_reel_counter[1]): null

2019-08-24 12:12:47 - [TEST_STEP][PASSED] - println("reel 5 wild found: " + free_spin_reel_counter[2]): null

2019-08-24 12:12:47 - [TEST_STEP][PASSED] - M4_spin_reels = M4_spin_reels: null

2019-08-24 12:12:47 - [TEST_STEP][PASSED] - M4_spin_reels_symbols = symbol: null

2019-08-24 12:12:47 - [TEST_STEP][PASSED] - M4_spin_reels_symbols = M4_spin_reels_symbols: null

2019-08-24 12:12:47 - [TEST_STEP][PASSED] - M4_spin_reel_wins = reel_wins: null

2019-08-24 12:12:47 - [TEST_STEP][PASSED] - M4_spin_reel_wins = M4_spin_reel_wins: null

2019-08-24 12:12:47 - [TEST_STEP][PASSED] - println("GlobalVariable.M4_spin_reel_wins is: " + M4_spin_reel_wins): null

2019-08-24 12:12:47 - [TEST_STEP][PASSED] - M4_spin_total_bonus_win_this_round = total_bonus_win_this_round: null

2019-08-24 12:12:47 - [TEST_STEP][PASSED] - M4_spin_total_bonus_win_this_round = M4_spin_total_bonus_win_this_round: null

2019-08-24 12:12:47 - [TEST_STEP][PASSED] - println("GlobalVariable.M4_spin_total_bonus_win_this_round is: " + M4_spin_total_bonus_win_this_round): null

2019-08-24 12:12:47 - [TEST_STEP][PASSED] - M4_spin_bonus_spin_result = spin_result: null

2019-08-24 12:12:47 - [TEST_STEP][PASSED] - M4_spin_bonus_spin_result = M4_spin_bonus_spin_result: null

2019-08-24 12:12:47 - [MESSAGE][PASSED] - Verify response successfully

2019-08-24 12:12:47 - [MESSAGE][PASSED] - Send request and verify the response successfully

2019-08-24 12:12:47 - [TEST_STEP][PASSED] - if (M4_total_bonus_spins_int != 0 &amp;&amp; M4_spin_reels_symbols[2].contains("WILD_ExtraFG") || M4_spin_reels_symbols[3].contains("WILD_ExtraFG")): null

2019-08-24 12:12:47 - [TEST_STEP][PASSED] - free_spin_reel_counter = free_spin_reel_counter: null

2019-08-24 12:12:47 - [TEST_STEP][PASSED] - M4_spin_reels_symbols = M4_spin_reels_symbols: null

2019-08-24 12:12:47 - [TEST_STEP][PASSED] - M4_total_bonus_spins = M4_total_bonus_spins: null

2019-08-24 12:12:47 - [TEST_STEP][PASSED] - spin_result = sendRequestAndVerify(findTestObject("INT/RGS(M4)/1_M4_spin", ["M4_login_user_id":M4_login_user_id, "rgs_session_token":rgs_session_token, "partner":Partner])): Send request and verify the response successfully

2019-08-24 12:12:47 - [MESSAGE][INFO] - HAR: /Users/eiralee/Katalon_Script/SuperWild/Reports/20190824_120919/INT/superWild_3/20190824_120919/requests/main/59.har

2019-08-24 12:12:47 - [TEST_CASE][PASSED] - Start Test Case : Verification: Verification accomplished successfully

2019-08-24 12:12:47 - [TEST_STEP][PASSED] - request = getInstance().getCurrentRequest(): null

2019-08-24 12:12:47 - [TEST_STEP][PASSED] - response = getInstance().getCurrentResponse(): null

2019-08-24 12:12:47 - [TEST_STEP][PASSED] - verifyResponseStatusCode(response, 200): Verify response status code successfully

2019-08-24 12:12:47 - [MESSAGE][PASSED] - Verify response status code successfully

2019-08-24 12:12:47 - [TEST_STEP][PASSED] - getStatusCode()).isEqualTo(200): null

2019-08-24 12:12:47 - [TEST_STEP][PASSED] - newline = System.getProperty("line.separator"): null

2019-08-24 12:12:47 - [TEST_STEP][PASSED] - M4_spin = new groovy.json.JsonSlurper(): null

2019-08-24 12:12:47 - [TEST_STEP][PASSED] - result_M4_spin = M4_spin.parseText(response.getResponseBodyContent()): null

2019-08-24 12:12:47 - [TEST_STEP][PASSED] - M4_spin_current_balance = current_balance: null

2019-08-24 12:12:47 - [TEST_STEP][PASSED] - M4_spin_current_balance = M4_spin_current_balance: null

2019-08-24 12:12:47 - [TEST_STEP][PASSED] - M4_spin_transaction_id = causality: null

2019-08-24 12:12:47 - [TEST_STEP][PASSED] - M4_spin_transaction_id = M4_spin_transaction_id: null

2019-08-24 12:12:47 - [TEST_STEP][PASSED] - M4_spin_round_id = round_id: null

2019-08-24 12:12:47 - [TEST_STEP][PASSED] - M4_spin_round_id = M4_spin_round_id: null

2019-08-24 12:12:47 - [TEST_STEP][PASSED] - M4_spin_line_wins = line_wins: null

2019-08-24 12:12:47 - [TEST_STEP][PASSED] - M4_spin_line_wins = M4_spin_line_wins: null

2019-08-24 12:12:47 - [TEST_STEP][PASSED] - M4_total_bonus_spins_int = total_bonus_spins: null

2019-08-24 12:12:47 - [TEST_STEP][PASSED] - println("******M4_total_bonus_spins type is:*******" + newline + getClass().getName()): null

2019-08-24 12:12:47 - [TEST_STEP][PASSED] - M4_total_bonus_spins_int = M4_total_bonus_spins_int: null

2019-08-24 12:12:47 - [TEST_STEP][PASSED] - M4_total_bonus_spins = Integer.toString(M4_total_bonus_spins_int): null

2019-08-24 12:12:47 - [TEST_STEP][PASSED] - M4_total_bonus_spins = M4_total_bonus_spins: null

2019-08-24 12:12:47 - [TEST_STEP][PASSED] - println("M4_total_bonus_spins is:" + M4_total_bonus_spins): null

2019-08-24 12:12:47 - [TEST_STEP][PASSED] - M4_spin_bonus_data = bonus_data: null

2019-08-24 12:12:47 - [TEST_STEP][PASSED] - M4_spin_features_triggered = result_M4_spin: null

2019-08-24 12:12:47 - [TEST_STEP][PASSED] - wild = []: null

2019-08-24 12:12:47 - [TEST_STEP][PASSED] - wild[0] = "WILD_Expanding": null

2019-08-24 12:12:47 - [TEST_STEP][PASSED] - wild[1] = "WILD_Normal": null

2019-08-24 12:12:47 - [TEST_STEP][PASSED] - wild[2] = "WILD_Double": null

2019-08-24 12:12:47 - [TEST_STEP][PASSED] - wild[3] = "WILD_ExtraFG": null

2019-08-24 12:12:47 - [TEST_STEP][PASSED] - wild[4] = "WILD_Triple": null

2019-08-24 12:12:47 - [TEST_STEP][PASSED] - wildList = Arrays.asList(wild): null

2019-08-24 12:12:47 - [TEST_STEP][PASSED] - wildList = wildList: null

2019-08-24 12:12:47 - [TEST_STEP][PASSED] - free_spin_reel_counter = []: null

2019-08-24 12:12:47 - [TEST_STEP][PASSED] - free_spin_reel_counter[0] = 0: null

2019-08-24 12:12:47 - [TEST_STEP][PASSED] - free_spin_reel_counter[1] = 0: null

2019-08-24 12:12:47 - [TEST_STEP][PASSED] - free_spin_reel_counter[2] = 0: null

2019-08-24 12:12:47 - [TEST_STEP][PASSED] - M4_spin_reels = reels: null

2019-08-24 12:12:47 - [TEST_STEP][PASSED] - for ([i = 0, i &lt; M4_spin_reels.size(), (i++)]): null

2019-08-24 12:12:47 - [TEST_STEP][PASSED] - symbols = symbols: null

2019-08-24 12:12:47 - [TEST_STEP][PASSED] - for ([j = 0, j &lt; symbols.size(), (j++)]): null

2019-08-24 12:12:47 - [TEST_STEP][PASSED] - symbol = symbol: null

2019-08-24 12:12:47 - [TEST_STEP][PASSED] - println(symbol): null

2019-08-24 12:12:47 - [TEST_STEP][PASSED] - if (i == 2 &amp;&amp; wildList.indexOf(symbol) != -1): null

2019-08-24 12:12:47 - [TEST_STEP][PASSED] - if (i == 3 &amp;&amp; wildList.indexOf(symbol) != -1): null

2019-08-24 12:12:47 - [TEST_STEP][PASSED] - if (i == 4 &amp;&amp; wildList.indexOf(symbol) != -1): null

2019-08-24 12:12:47 - [TEST_STEP][PASSED] - symbol = symbol: null

2019-08-24 12:12:47 - [TEST_STEP][PASSED] - println(symbol): null

2019-08-24 12:12:47 - [TEST_STEP][PASSED] - if (i == 2 &amp;&amp; wildList.indexOf(symbol) != -1): null

2019-08-24 12:12:47 - [TEST_STEP][PASSED] - if (i == 3 &amp;&amp; wildList.indexOf(symbol) != -1): null

2019-08-24 12:12:47 - [TEST_STEP][PASSED] - if (i == 4 &amp;&amp; wildList.indexOf(symbol) != -1): null

2019-08-24 12:12:47 - [TEST_STEP][PASSED] - symbol = symbol: null

2019-08-24 12:12:47 - [TEST_STEP][PASSED] - println(symbol): null

2019-08-24 12:12:47 - [TEST_STEP][PASSED] - if (i == 2 &amp;&amp; wildList.indexOf(symbol) != -1): null

2019-08-24 12:12:47 - [TEST_STEP][PASSED] - if (i == 3 &amp;&amp; wildList.indexOf(symbol) != -1): null

2019-08-24 12:12:47 - [TEST_STEP][PASSED] - if (i == 4 &amp;&amp; wildList.indexOf(symbol) != -1): null

2019-08-24 12:12:47 - [TEST_STEP][PASSED] - symbols = symbols: null

2019-08-24 12:12:47 - [TEST_STEP][PASSED] - for ([j = 0, j &lt; symbols.size(), (j++)]): null

2019-08-24 12:12:47 - [TEST_STEP][PASSED] - symbol = symbol: null

2019-08-24 12:12:47 - [TEST_STEP][PASSED] - println(symbol): null

2019-08-24 12:12:47 - [TEST_STEP][PASSED] - if (i == 2 &amp;&amp; wildList.indexOf(symbol) != -1): null

2019-08-24 12:12:47 - [TEST_STEP][PASSED] - if (i == 3 &amp;&amp; wildList.indexOf(symbol) != -1): null

2019-08-24 12:12:47 - [TEST_STEP][PASSED] - if (i == 4 &amp;&amp; wildList.indexOf(symbol) != -1): null

2019-08-24 12:12:47 - [TEST_STEP][PASSED] - symbol = symbol: null

2019-08-24 12:12:47 - [TEST_STEP][PASSED] - println(symbol): null

2019-08-24 12:12:47 - [TEST_STEP][PASSED] - if (i == 2 &amp;&amp; wildList.indexOf(symbol) != -1): null

2019-08-24 12:12:47 - [TEST_STEP][PASSED] - if (i == 3 &amp;&amp; wildList.indexOf(symbol) != -1): null

2019-08-24 12:12:47 - [TEST_STEP][PASSED] - if (i == 4 &amp;&amp; wildList.indexOf(symbol) != -1): null

2019-08-24 12:12:47 - [TEST_STEP][PASSED] - symbol = symbol: null

2019-08-24 12:12:47 - [TEST_STEP][PASSED] - println(symbol): null

2019-08-24 12:12:47 - [TEST_STEP][PASSED] - if (i == 2 &amp;&amp; wildList.indexOf(symbol) != -1): null

2019-08-24 12:12:47 - [TEST_STEP][PASSED] - if (i == 3 &amp;&amp; wildList.indexOf(symbol) != -1): null

2019-08-24 12:12:47 - [TEST_STEP][PASSED] - if (i == 4 &amp;&amp; wildList.indexOf(symbol) != -1): null

2019-08-24 12:12:47 - [TEST_STEP][PASSED] - symbols = symbols: null

2019-08-24 12:12:47 - [TEST_STEP][PASSED] - for ([j = 0, j &lt; symbols.size(), (j++)]): null

2019-08-24 12:12:47 - [TEST_STEP][PASSED] - symbol = symbol: null

2019-08-24 12:12:47 - [TEST_STEP][PASSED] - println(symbol): null

2019-08-24 12:12:47 - [TEST_STEP][PASSED] - if (i == 2 &amp;&amp; wildList.indexOf(symbol) != -1): null

2019-08-24 12:12:47 - [TEST_STEP][PASSED] - if (i == 3 &amp;&amp; wildList.indexOf(symbol) != -1): null

2019-08-24 12:12:47 - [TEST_STEP][PASSED] - if (i == 4 &amp;&amp; wildList.indexOf(symbol) != -1): null

2019-08-24 12:12:47 - [TEST_STEP][PASSED] - symbol = symbol: null

2019-08-24 12:12:47 - [TEST_STEP][PASSED] - println(symbol): null

2019-08-24 12:12:47 - [TEST_STEP][PASSED] - if (i == 2 &amp;&amp; wildList.indexOf(symbol) != -1): null

2019-08-24 12:12:47 - [TEST_STEP][PASSED] - if (i == 3 &amp;&amp; wildList.indexOf(symbol) != -1): null

2019-08-24 12:12:47 - [TEST_STEP][PASSED] - if (i == 4 &amp;&amp; wildList.indexOf(symbol) != -1): null

2019-08-24 12:12:47 - [TEST_STEP][PASSED] - symbol = symbol: null

2019-08-24 12:12:47 - [TEST_STEP][PASSED] - println(symbol): null

2019-08-24 12:12:47 - [TEST_STEP][PASSED] - if (i == 2 &amp;&amp; wildList.indexOf(symbol) != -1): null

2019-08-24 12:12:47 - [TEST_STEP][PASSED] - if (i == 3 &amp;&amp; wildList.indexOf(symbol) != -1): null

2019-08-24 12:12:47 - [TEST_STEP][PASSED] - if (i == 4 &amp;&amp; wildList.indexOf(symbol) != -1): null

2019-08-24 12:12:47 - [TEST_STEP][PASSED] - symbols = symbols: null

2019-08-24 12:12:47 - [TEST_STEP][PASSED] - for ([j = 0, j &lt; symbols.size(), (j++)]): null

2019-08-24 12:12:47 - [TEST_STEP][PASSED] - symbol = symbol: null

2019-08-24 12:12:47 - [TEST_STEP][PASSED] - println(symbol): null

2019-08-24 12:12:47 - [TEST_STEP][PASSED] - if (i == 2 &amp;&amp; wildList.indexOf(symbol) != -1): null

2019-08-24 12:12:47 - [TEST_STEP][PASSED] - if (i == 3 &amp;&amp; wildList.indexOf(symbol) != -1): null

2019-08-24 12:12:47 - [TEST_STEP][PASSED] - if (i == 4 &amp;&amp; wildList.indexOf(symbol) != -1): null

2019-08-24 12:12:47 - [TEST_STEP][PASSED] - symbol = symbol: null

2019-08-24 12:12:47 - [TEST_STEP][PASSED] - println(symbol): null

2019-08-24 12:12:47 - [TEST_STEP][PASSED] - if (i == 2 &amp;&amp; wildList.indexOf(symbol) != -1): null

2019-08-24 12:12:47 - [TEST_STEP][PASSED] - if (i == 3 &amp;&amp; wildList.indexOf(symbol) != -1): null

2019-08-24 12:12:47 - [TEST_STEP][PASSED] - if (i == 4 &amp;&amp; wildList.indexOf(symbol) != -1): null

2019-08-24 12:12:47 - [TEST_STEP][PASSED] - symbol = symbol: null

2019-08-24 12:12:47 - [TEST_STEP][PASSED] - println(symbol): null

2019-08-24 12:12:47 - [TEST_STEP][PASSED] - if (i == 2 &amp;&amp; wildList.indexOf(symbol) != -1): null

2019-08-24 12:12:47 - [TEST_STEP][PASSED] - if (i == 3 &amp;&amp; wildList.indexOf(symbol) != -1): null

2019-08-24 12:12:47 - [TEST_STEP][PASSED] - if (i == 4 &amp;&amp; wildList.indexOf(symbol) != -1): null

2019-08-24 12:12:47 - [TEST_STEP][PASSED] - symbols = symbols: null

2019-08-24 12:12:47 - [TEST_STEP][PASSED] - for ([j = 0, j &lt; symbols.size(), (j++)]): null

2019-08-24 12:12:47 - [TEST_STEP][PASSED] - symbol = symbol: null

2019-08-24 12:12:47 - [TEST_STEP][PASSED] - println(symbol): null

2019-08-24 12:12:47 - [TEST_STEP][PASSED] - if (i == 2 &amp;&amp; wildList.indexOf(symbol) != -1): null

2019-08-24 12:12:47 - [TEST_STEP][PASSED] - if (i == 3 &amp;&amp; wildList.indexOf(symbol) != -1): null

2019-08-24 12:12:47 - [TEST_STEP][PASSED] - if (i == 4 &amp;&amp; wildList.indexOf(symbol) != -1): null

2019-08-24 12:12:47 - [TEST_STEP][PASSED] - symbol = symbol: null

2019-08-24 12:12:47 - [TEST_STEP][PASSED] - println(symbol): null

2019-08-24 12:12:47 - [TEST_STEP][PASSED] - if (i == 2 &amp;&amp; wildList.indexOf(symbol) != -1): null

2019-08-24 12:12:47 - [TEST_STEP][PASSED] - if (i == 3 &amp;&amp; wildList.indexOf(symbol) != -1): null

2019-08-24 12:12:47 - [TEST_STEP][PASSED] - if (i == 4 &amp;&amp; wildList.indexOf(symbol) != -1): null

2019-08-24 12:12:47 - [TEST_STEP][PASSED] - println("wild found on reel 5, adding counter by 1"): null

2019-08-24 12:12:47 - [TEST_STEP][PASSED] - free_spin_reel_counter[2] = free_spin_reel_counter[2] + 1: null

2019-08-24 12:12:47 - [TEST_STEP][PASSED] - symbol = symbol: null

2019-08-24 12:12:47 - [TEST_STEP][PASSED] - println(symbol): null

2019-08-24 12:12:47 - [TEST_STEP][PASSED] - if (i == 2 &amp;&amp; wildList.indexOf(symbol) != -1): null

2019-08-24 12:12:47 - [TEST_STEP][PASSED] - if (i == 3 &amp;&amp; wildList.indexOf(symbol) != -1): null

2019-08-24 12:12:47 - [TEST_STEP][PASSED] - if (i == 4 &amp;&amp; wildList.indexOf(symbol) != -1): null

2019-08-24 12:12:47 - [TEST_STEP][PASSED] - free_spin_reel_counter = free_spin_reel_counter: null

2019-08-24 12:12:47 - [TEST_STEP][PASSED] - println("reel 3 wild found: " + free_spin_reel_counter[0]): null

2019-08-24 12:12:47 - [TEST_STEP][PASSED] - println("reel 4 wild found: " + free_spin_reel_counter[1]): null

2019-08-24 12:12:47 - [TEST_STEP][PASSED] - println("reel 5 wild found: " + free_spin_reel_counter[2]): null

2019-08-24 12:12:47 - [TEST_STEP][PASSED] - M4_spin_reels = M4_spin_reels: null

2019-08-24 12:12:47 - [TEST_STEP][PASSED] - M4_spin_reels_symbols = symbol: null

2019-08-24 12:12:47 - [TEST_STEP][PASSED] - M4_spin_reels_symbols = M4_spin_reels_symbols: null

2019-08-24 12:12:47 - [TEST_STEP][PASSED] - M4_spin_reel_wins = reel_wins: null

2019-08-24 12:12:47 - [TEST_STEP][PASSED] - M4_spin_reel_wins = M4_spin_reel_wins: null

2019-08-24 12:12:47 - [TEST_STEP][PASSED] - println("GlobalVariable.M4_spin_reel_wins is: " + M4_spin_reel_wins): null

2019-08-24 12:12:47 - [TEST_STEP][PASSED] - M4_spin_total_bonus_win_this_round = total_bonus_win_this_round: null

2019-08-24 12:12:47 - [TEST_STEP][PASSED] - M4_spin_total_bonus_win_this_round = M4_spin_total_bonus_win_this_round: null

2019-08-24 12:12:47 - [TEST_STEP][PASSED] - println("GlobalVariable.M4_spin_total_bonus_win_this_round is: " + M4_spin_total_bonus_win_this_round): null

2019-08-24 12:12:47 - [TEST_STEP][PASSED] - M4_spin_bonus_spin_result = spin_result: null

2019-08-24 12:12:47 - [TEST_STEP][PASSED] - M4_spin_bonus_spin_result = M4_spin_bonus_spin_result: null

2019-08-24 12:12:47 - [MESSAGE][PASSED] - Verify response successfully

2019-08-24 12:12:47 - [MESSAGE][PASSED] - Send request and verify the response successfully

2019-08-24 12:12:47 - [TEST_STEP][PASSED] - if (M4_total_bonus_spins_int != 0 &amp;&amp; M4_spin_reels_symbols[2].contains("WILD_ExtraFG") || M4_spin_reels_symbols[3].contains("WILD_ExtraFG")): null

2019-08-24 12:12:47 - [TEST_STEP][PASSED] - free_spin_reel_counter = free_spin_reel_counter: null

2019-08-24 12:12:47 - [TEST_STEP][PASSED] - M4_spin_reels_symbols = M4_spin_reels_symbols: null

2019-08-24 12:12:47 - [TEST_STEP][PASSED] - M4_total_bonus_spins = M4_total_bonus_spins: null

2019-08-24 12:12:47 - [TEST_STEP][PASSED] - spin_result = sendRequestAndVerify(findTestObject("INT/RGS(M4)/1_M4_spin", ["M4_login_user_id":M4_login_user_id, "rgs_session_token":rgs_session_token, "partner":Partner])): Send request and verify the response successfully

2019-08-24 12:12:48 - [MESSAGE][INFO] - HAR: /Users/eiralee/Katalon_Script/SuperWild/Reports/20190824_120919/INT/superWild_3/20190824_120919/requests/main/60.har

2019-08-24 12:12:48 - [TEST_CASE][PASSED] - Start Test Case : Verification: Verification accomplished successfully

2019-08-24 12:12:48 - [TEST_STEP][PASSED] - request = getInstance().getCurrentRequest(): null

2019-08-24 12:12:48 - [TEST_STEP][PASSED] - response = getInstance().getCurrentResponse(): null

2019-08-24 12:12:48 - [TEST_STEP][PASSED] - verifyResponseStatusCode(response, 200): Verify response status code successfully

2019-08-24 12:12:48 - [MESSAGE][PASSED] - Verify response status code successfully

2019-08-24 12:12:48 - [TEST_STEP][PASSED] - getStatusCode()).isEqualTo(200): null

2019-08-24 12:12:48 - [TEST_STEP][PASSED] - newline = System.getProperty("line.separator"): null

2019-08-24 12:12:48 - [TEST_STEP][PASSED] - M4_spin = new groovy.json.JsonSlurper(): null

2019-08-24 12:12:48 - [TEST_STEP][PASSED] - result_M4_spin = M4_spin.parseText(response.getResponseBodyContent()): null

2019-08-24 12:12:48 - [TEST_STEP][PASSED] - M4_spin_current_balance = current_balance: null

2019-08-24 12:12:48 - [TEST_STEP][PASSED] - M4_spin_current_balance = M4_spin_current_balance: null

2019-08-24 12:12:48 - [TEST_STEP][PASSED] - M4_spin_transaction_id = causality: null

2019-08-24 12:12:48 - [TEST_STEP][PASSED] - M4_spin_transaction_id = M4_spin_transaction_id: null

2019-08-24 12:12:48 - [TEST_STEP][PASSED] - M4_spin_round_id = round_id: null

2019-08-24 12:12:48 - [TEST_STEP][PASSED] - M4_spin_round_id = M4_spin_round_id: null

2019-08-24 12:12:48 - [TEST_STEP][PASSED] - M4_spin_line_wins = line_wins: null

2019-08-24 12:12:48 - [TEST_STEP][PASSED] - M4_spin_line_wins = M4_spin_line_wins: null

2019-08-24 12:12:48 - [TEST_STEP][PASSED] - M4_total_bonus_spins_int = total_bonus_spins: null

2019-08-24 12:12:48 - [TEST_STEP][PASSED] - println("******M4_total_bonus_spins type is:*******" + newline + getClass().getName()): null

2019-08-24 12:12:48 - [TEST_STEP][PASSED] - M4_total_bonus_spins_int = M4_total_bonus_spins_int: null

2019-08-24 12:12:48 - [TEST_STEP][PASSED] - M4_total_bonus_spins = Integer.toString(M4_total_bonus_spins_int): null

2019-08-24 12:12:48 - [TEST_STEP][PASSED] - M4_total_bonus_spins = M4_total_bonus_spins: null

2019-08-24 12:12:48 - [TEST_STEP][PASSED] - println("M4_total_bonus_spins is:" + M4_total_bonus_spins): null

2019-08-24 12:12:48 - [TEST_STEP][PASSED] - M4_spin_bonus_data = bonus_data: null

2019-08-24 12:12:48 - [TEST_STEP][PASSED] - M4_spin_features_triggered = result_M4_spin: null

2019-08-24 12:12:48 - [TEST_STEP][PASSED] - wild = []: null

2019-08-24 12:12:48 - [TEST_STEP][PASSED] - wild[0] = "WILD_Expanding": null

2019-08-24 12:12:48 - [TEST_STEP][PASSED] - wild[1] = "WILD_Normal": null

2019-08-24 12:12:48 - [TEST_STEP][PASSED] - wild[2] = "WILD_Double": null

2019-08-24 12:12:48 - [TEST_STEP][PASSED] - wild[3] = "WILD_ExtraFG": null

2019-08-24 12:12:48 - [TEST_STEP][PASSED] - wild[4] = "WILD_Triple": null

2019-08-24 12:12:48 - [TEST_STEP][PASSED] - wildList = Arrays.asList(wild): null

2019-08-24 12:12:48 - [TEST_STEP][PASSED] - wildList = wildList: null

2019-08-24 12:12:48 - [TEST_STEP][PASSED] - free_spin_reel_counter = []: null

2019-08-24 12:12:48 - [TEST_STEP][PASSED] - free_spin_reel_counter[0] = 0: null

2019-08-24 12:12:48 - [TEST_STEP][PASSED] - free_spin_reel_counter[1] = 0: null

2019-08-24 12:12:48 - [TEST_STEP][PASSED] - free_spin_reel_counter[2] = 0: null

2019-08-24 12:12:48 - [TEST_STEP][PASSED] - M4_spin_reels = reels: null

2019-08-24 12:12:48 - [TEST_STEP][PASSED] - for ([i = 0, i &lt; M4_spin_reels.size(), (i++)]): null

2019-08-24 12:12:48 - [TEST_STEP][PASSED] - symbols = symbols: null

2019-08-24 12:12:48 - [TEST_STEP][PASSED] - for ([j = 0, j &lt; symbols.size(), (j++)]): null

2019-08-24 12:12:48 - [TEST_STEP][PASSED] - symbol = symbol: null

2019-08-24 12:12:48 - [TEST_STEP][PASSED] - println(symbol): null

2019-08-24 12:12:48 - [TEST_STEP][PASSED] - if (i == 2 &amp;&amp; wildList.indexOf(symbol) != -1): null

2019-08-24 12:12:48 - [TEST_STEP][PASSED] - if (i == 3 &amp;&amp; wildList.indexOf(symbol) != -1): null

2019-08-24 12:12:48 - [TEST_STEP][PASSED] - if (i == 4 &amp;&amp; wildList.indexOf(symbol) != -1): null

2019-08-24 12:12:48 - [TEST_STEP][PASSED] - symbol = symbol: null

2019-08-24 12:12:48 - [TEST_STEP][PASSED] - println(symbol): null

2019-08-24 12:12:48 - [TEST_STEP][PASSED] - if (i == 2 &amp;&amp; wildList.indexOf(symbol) != -1): null

2019-08-24 12:12:48 - [TEST_STEP][PASSED] - if (i == 3 &amp;&amp; wildList.indexOf(symbol) != -1): null

2019-08-24 12:12:48 - [TEST_STEP][PASSED] - if (i == 4 &amp;&amp; wildList.indexOf(symbol) != -1): null

2019-08-24 12:12:48 - [TEST_STEP][PASSED] - symbol = symbol: null

2019-08-24 12:12:48 - [TEST_STEP][PASSED] - println(symbol): null

2019-08-24 12:12:52 - [TEST_STEP][PASSED] - if (i == 2 &amp;&amp; wildList.indexOf(symbol) != -1): null

2019-08-24 12:12:52 - [TEST_STEP][PASSED] - if (i == 3 &amp;&amp; wildList.indexOf(symbol) != -1): null

2019-08-24 12:12:52 - [TEST_STEP][PASSED] - if (i == 4 &amp;&amp; wildList.indexOf(symbol) != -1): null

2019-08-24 12:12:52 - [TEST_STEP][PASSED] - symbols = symbols: null

2019-08-24 12:12:52 - [TEST_STEP][PASSED] - for ([j = 0, j &lt; symbols.size(), (j++)]): null

2019-08-24 12:12:52 - [TEST_STEP][PASSED] - symbol = symbol: null

2019-08-24 12:12:52 - [TEST_STEP][PASSED] - println(symbol): null

2019-08-24 12:12:52 - [TEST_STEP][PASSED] - if (i == 2 &amp;&amp; wildList.indexOf(symbol) != -1): null

2019-08-24 12:12:52 - [TEST_STEP][PASSED] - if (i == 3 &amp;&amp; wildList.indexOf(symbol) != -1): null

2019-08-24 12:12:52 - [TEST_STEP][PASSED] - if (i == 4 &amp;&amp; wildList.indexOf(symbol) != -1): null

2019-08-24 12:12:54 - [TEST_STEP][PASSED] - symbol = symbol: null

2019-08-24 12:12:54 - [TEST_STEP][PASSED] - println(symbol): null

2019-08-24 12:12:54 - [TEST_STEP][PASSED] - if (i == 2 &amp;&amp; wildList.indexOf(symbol) != -1): null

2019-08-24 12:12:54 - [TEST_STEP][PASSED] - if (i == 3 &amp;&amp; wildList.indexOf(symbol) != -1): null

2019-08-24 12:12:54 - [TEST_STEP][PASSED] - if (i == 4 &amp;&amp; wildList.indexOf(symbol) != -1): null

2019-08-24 12:12:54 - [TEST_STEP][PASSED] - symbol = symbol: null

2019-08-24 12:12:54 - [TEST_STEP][PASSED] - println(symbol): null

2019-08-24 12:12:54 - [TEST_STEP][PASSED] - if (i == 2 &amp;&amp; wildList.indexOf(symbol) != -1): null

2019-08-24 12:12:54 - [TEST_STEP][PASSED] - if (i == 3 &amp;&amp; wildList.indexOf(symbol) != -1): null

2019-08-24 12:12:54 - [TEST_STEP][PASSED] - if (i == 4 &amp;&amp; wildList.indexOf(symbol) != -1): null

2019-08-24 12:12:54 - [TEST_STEP][PASSED] - symbols = symbols: null

2019-08-24 12:12:54 - [TEST_STEP][PASSED] - for ([j = 0, j &lt; symbols.size(), (j++)]): null

2019-08-24 12:12:54 - [TEST_STEP][PASSED] - symbol = symbol: null

2019-08-24 12:12:54 - [TEST_STEP][PASSED] - println(symbol): null

2019-08-24 12:12:54 - [TEST_STEP][PASSED] - if (i == 2 &amp;&amp; wildList.indexOf(symbol) != -1): null

2019-08-24 12:12:54 - [TEST_STEP][PASSED] - if (i == 3 &amp;&amp; wildList.indexOf(symbol) != -1): null

2019-08-24 12:12:54 - [TEST_STEP][PASSED] - if (i == 4 &amp;&amp; wildList.indexOf(symbol) != -1): null

2019-08-24 12:12:54 - [TEST_STEP][PASSED] - symbol = symbol: null

2019-08-24 12:12:54 - [TEST_STEP][PASSED] - println(symbol): null

2019-08-24 12:12:54 - [TEST_STEP][PASSED] - if (i == 2 &amp;&amp; wildList.indexOf(symbol) != -1): null

2019-08-24 12:12:54 - [TEST_STEP][PASSED] - if (i == 3 &amp;&amp; wildList.indexOf(symbol) != -1): null

2019-08-24 12:12:54 - [TEST_STEP][PASSED] - if (i == 4 &amp;&amp; wildList.indexOf(symbol) != -1): null

2019-08-24 12:12:54 - [TEST_STEP][PASSED] - symbol = symbol: null

2019-08-24 12:12:54 - [TEST_STEP][PASSED] - println(symbol): null

2019-08-24 12:12:54 - [TEST_STEP][PASSED] - if (i == 2 &amp;&amp; wildList.indexOf(symbol) != -1): null

2019-08-24 12:12:54 - [TEST_STEP][PASSED] - if (i == 3 &amp;&amp; wildList.indexOf(symbol) != -1): null

2019-08-24 12:12:54 - [TEST_STEP][PASSED] - if (i == 4 &amp;&amp; wildList.indexOf(symbol) != -1): null

2019-08-24 12:12:54 - [TEST_STEP][PASSED] - symbols = symbols: null

2019-08-24 12:12:54 - [TEST_STEP][PASSED] - for ([j = 0, j &lt; symbols.size(), (j++)]): null

2019-08-24 12:12:54 - [TEST_STEP][PASSED] - symbol = symbol: null

2019-08-24 12:12:54 - [TEST_STEP][PASSED] - println(symbol): null

2019-08-24 12:12:54 - [TEST_STEP][PASSED] - if (i == 2 &amp;&amp; wildList.indexOf(symbol) != -1): null

2019-08-24 12:12:54 - [TEST_STEP][PASSED] - if (i == 3 &amp;&amp; wildList.indexOf(symbol) != -1): null

2019-08-24 12:12:54 - [TEST_STEP][PASSED] - if (i == 4 &amp;&amp; wildList.indexOf(symbol) != -1): null

2019-08-24 12:12:54 - [TEST_STEP][PASSED] - symbol = symbol: null

2019-08-24 12:12:55 - [TEST_STEP][PASSED] - println(symbol): null

2019-08-24 12:12:55 - [TEST_STEP][PASSED] - if (i == 2 &amp;&amp; wildList.indexOf(symbol) != -1): null

2019-08-24 12:12:55 - [TEST_STEP][PASSED] - if (i == 3 &amp;&amp; wildList.indexOf(symbol) != -1): null

2019-08-24 12:12:55 - [TEST_STEP][PASSED] - if (i == 4 &amp;&amp; wildList.indexOf(symbol) != -1): null

2019-08-24 12:12:55 - [TEST_STEP][PASSED] - symbol = symbol: null

2019-08-24 12:12:55 - [TEST_STEP][PASSED] - println(symbol): null

2019-08-24 12:12:55 - [TEST_STEP][PASSED] - if (i == 2 &amp;&amp; wildList.indexOf(symbol) != -1): null

2019-08-24 12:12:55 - [TEST_STEP][PASSED] - if (i == 3 &amp;&amp; wildList.indexOf(symbol) != -1): null

2019-08-24 12:12:55 - [TEST_STEP][PASSED] - if (i == 4 &amp;&amp; wildList.indexOf(symbol) != -1): null

2019-08-24 12:12:55 - [TEST_STEP][PASSED] - symbols = symbols: null

2019-08-24 12:12:55 - [TEST_STEP][PASSED] - for ([j = 0, j &lt; symbols.size(), (j++)]): null

2019-08-24 12:12:55 - [TEST_STEP][PASSED] - symbol = symbol: null

2019-08-24 12:12:55 - [TEST_STEP][PASSED] - println(symbol): null

2019-08-24 12:12:55 - [TEST_STEP][PASSED] - if (i == 2 &amp;&amp; wildList.indexOf(symbol) != -1): null

2019-08-24 12:12:55 - [TEST_STEP][PASSED] - if (i == 3 &amp;&amp; wildList.indexOf(symbol) != -1): null

2019-08-24 12:12:55 - [TEST_STEP][PASSED] - if (i == 4 &amp;&amp; wildList.indexOf(symbol) != -1): null

2019-08-24 12:12:55 - [TEST_STEP][PASSED] - symbol = symbol: null

2019-08-24 12:12:55 - [TEST_STEP][PASSED] - println(symbol): null

2019-08-24 12:12:55 - [TEST_STEP][PASSED] - if (i == 2 &amp;&amp; wildList.indexOf(symbol) != -1): null

2019-08-24 12:12:55 - [TEST_STEP][PASSED] - if (i == 3 &amp;&amp; wildList.indexOf(symbol) != -1): null

2019-08-24 12:12:55 - [TEST_STEP][PASSED] - if (i == 4 &amp;&amp; wildList.indexOf(symbol) != -1): null

2019-08-24 12:12:55 - [TEST_STEP][PASSED] - symbol = symbol: null

2019-08-24 12:12:55 - [TEST_STEP][PASSED] - println(symbol): null

2019-08-24 12:12:55 - [TEST_STEP][PASSED] - if (i == 2 &amp;&amp; wildList.indexOf(symbol) != -1): null

2019-08-24 12:12:55 - [TEST_STEP][PASSED] - if (i == 3 &amp;&amp; wildList.indexOf(symbol) != -1): null

2019-08-24 12:12:55 - [TEST_STEP][PASSED] - if (i == 4 &amp;&amp; wildList.indexOf(symbol) != -1): null

2019-08-24 12:12:55 - [TEST_STEP][PASSED] - free_spin_reel_counter = free_spin_reel_counter: null

2019-08-24 12:12:55 - [TEST_STEP][PASSED] - println("reel 3 wild found: " + free_spin_reel_counter[0]): null

2019-08-24 12:12:55 - [TEST_STEP][PASSED] - println("reel 4 wild found: " + free_spin_reel_counter[1]): null

2019-08-24 12:12:55 - [TEST_STEP][PASSED] - println("reel 5 wild found: " + free_spin_reel_counter[2]): null

2019-08-24 12:12:55 - [TEST_STEP][PASSED] - M4_spin_reels = M4_spin_reels: null

2019-08-24 12:12:55 - [TEST_STEP][PASSED] - M4_spin_reels_symbols = symbol: null

2019-08-24 12:12:55 - [TEST_STEP][PASSED] - M4_spin_reels_symbols = M4_spin_reels_symbols: null

2019-08-24 12:12:55 - [TEST_STEP][PASSED] - M4_spin_reel_wins = reel_wins: null

2019-08-24 12:12:55 - [TEST_STEP][PASSED] - M4_spin_reel_wins = M4_spin_reel_wins: null

2019-08-24 12:12:55 - [TEST_STEP][PASSED] - println("GlobalVariable.M4_spin_reel_wins is: " + M4_spin_reel_wins): null

2019-08-24 12:12:55 - [TEST_STEP][PASSED] - M4_spin_total_bonus_win_this_round = total_bonus_win_this_round: null

2019-08-24 12:12:55 - [TEST_STEP][PASSED] - M4_spin_total_bonus_win_this_round = M4_spin_total_bonus_win_this_round: null

2019-08-24 12:12:55 - [TEST_STEP][PASSED] - println("GlobalVariable.M4_spin_total_bonus_win_this_round is: " + M4_spin_total_bonus_win_this_round): null

2019-08-24 12:12:55 - [TEST_STEP][PASSED] - M4_spin_bonus_spin_result = spin_result: null

2019-08-24 12:12:55 - [TEST_STEP][PASSED] - M4_spin_bonus_spin_result = M4_spin_bonus_spin_result: null

2019-08-24 12:12:55 - [MESSAGE][PASSED] - Verify response successfully

2019-08-24 12:12:55 - [MESSAGE][PASSED] - Send request and verify the response successfully

2019-08-24 12:12:55 - [TEST_STEP][PASSED] - if (M4_total_bonus_spins_int != 0 &amp;&amp; M4_spin_reels_symbols[2].contains("WILD_ExtraFG") || M4_spin_reels_symbols[3].contains("WILD_ExtraFG")): null

2019-08-24 12:12:55 - [TEST_STEP][PASSED] - free_spin_reel_counter = free_spin_reel_counter: null

2019-08-24 12:12:55 - [TEST_STEP][PASSED] - M4_spin_reels_symbols = M4_spin_reels_symbols: null

2019-08-24 12:12:55 - [TEST_STEP][PASSED] - M4_total_bonus_spins = M4_total_bonus_spins: null

2019-08-24 12:12:55 - [TEST_STEP][PASSED] - spin_result = sendRequestAndVerify(findTestObject("INT/RGS(M4)/1_M4_spin", ["M4_login_user_id":M4_login_user_id, "rgs_session_token":rgs_session_token, "partner":Partner])): Send request and verify the response successfully

2019-08-24 12:12:56 - [MESSAGE][INFO] - HAR: /Users/eiralee/Katalon_Script/SuperWild/Reports/20190824_120919/INT/superWild_3/20190824_120919/requests/main/61.har

2019-08-24 12:12:56 - [TEST_CASE][PASSED] - Start Test Case : Verification: Verification accomplished successfully

2019-08-24 12:12:56 - [TEST_STEP][PASSED] - request = getInstance().getCurrentRequest(): null

2019-08-24 12:12:56 - [TEST_STEP][PASSED] - response = getInstance().getCurrentResponse(): null

2019-08-24 12:12:56 - [TEST_STEP][PASSED] - verifyResponseStatusCode(response, 200): Verify response status code successfully

2019-08-24 12:12:56 - [MESSAGE][PASSED] - Verify response status code successfully

2019-08-24 12:12:56 - [TEST_STEP][PASSED] - getStatusCode()).isEqualTo(200): null

2019-08-24 12:12:56 - [TEST_STEP][PASSED] - newline = System.getProperty("line.separator"): null

2019-08-24 12:12:56 - [TEST_STEP][PASSED] - M4_spin = new groovy.json.JsonSlurper(): null

2019-08-24 12:12:56 - [TEST_STEP][PASSED] - result_M4_spin = M4_spin.parseText(response.getResponseBodyContent()): null

2019-08-24 12:12:56 - [TEST_STEP][PASSED] - M4_spin_current_balance = current_balance: null

2019-08-24 12:12:56 - [TEST_STEP][PASSED] - M4_spin_current_balance = M4_spin_current_balance: null

2019-08-24 12:12:56 - [TEST_STEP][PASSED] - M4_spin_transaction_id = causality: null

2019-08-24 12:12:56 - [TEST_STEP][PASSED] - M4_spin_transaction_id = M4_spin_transaction_id: null

2019-08-24 12:12:56 - [TEST_STEP][PASSED] - M4_spin_round_id = round_id: null

2019-08-24 12:12:56 - [TEST_STEP][PASSED] - M4_spin_round_id = M4_spin_round_id: null

2019-08-24 12:12:56 - [TEST_STEP][PASSED] - M4_spin_line_wins = line_wins: null

2019-08-24 12:12:56 - [TEST_STEP][PASSED] - M4_spin_line_wins = M4_spin_line_wins: null

2019-08-24 12:12:56 - [TEST_STEP][PASSED] - M4_total_bonus_spins_int = total_bonus_spins: null

2019-08-24 12:12:56 - [TEST_STEP][PASSED] - println("******M4_total_bonus_spins type is:*******" + newline + getClass().getName()): null

2019-08-24 12:12:56 - [TEST_STEP][PASSED] - M4_total_bonus_spins_int = M4_total_bonus_spins_int: null

2019-08-24 12:12:56 - [TEST_STEP][PASSED] - M4_total_bonus_spins = Integer.toString(M4_total_bonus_spins_int): null

2019-08-24 12:12:56 - [TEST_STEP][PASSED] - M4_total_bonus_spins = M4_total_bonus_spins: null

2019-08-24 12:12:56 - [TEST_STEP][PASSED] - println("M4_total_bonus_spins is:" + M4_total_bonus_spins): null

2019-08-24 12:12:56 - [TEST_STEP][PASSED] - M4_spin_bonus_data = bonus_data: null

2019-08-24 12:12:56 - [TEST_STEP][PASSED] - M4_spin_features_triggered = result_M4_spin: null

2019-08-24 12:12:56 - [TEST_STEP][PASSED] - wild = []: null

2019-08-24 12:12:56 - [TEST_STEP][PASSED] - wild[0] = "WILD_Expanding": null

2019-08-24 12:12:56 - [TEST_STEP][PASSED] - wild[1] = "WILD_Normal": null

2019-08-24 12:12:56 - [TEST_STEP][PASSED] - wild[2] = "WILD_Double": null

2019-08-24 12:12:56 - [TEST_STEP][PASSED] - wild[3] = "WILD_ExtraFG": null

2019-08-24 12:12:56 - [TEST_STEP][PASSED] - wild[4] = "WILD_Triple": null

2019-08-24 12:12:56 - [TEST_STEP][PASSED] - wildList = Arrays.asList(wild): null

2019-08-24 12:12:56 - [TEST_STEP][PASSED] - wildList = wildList: null

2019-08-24 12:12:56 - [TEST_STEP][PASSED] - free_spin_reel_counter = []: null

2019-08-24 12:12:56 - [TEST_STEP][PASSED] - free_spin_reel_counter[0] = 0: null

2019-08-24 12:12:56 - [TEST_STEP][PASSED] - free_spin_reel_counter[1] = 0: null

2019-08-24 12:12:56 - [TEST_STEP][PASSED] - free_spin_reel_counter[2] = 0: null

2019-08-24 12:12:56 - [TEST_STEP][PASSED] - M4_spin_reels = reels: null

2019-08-24 12:12:56 - [TEST_STEP][PASSED] - for ([i = 0, i &lt; M4_spin_reels.size(), (i++)]): null

2019-08-24 12:12:56 - [TEST_STEP][PASSED] - symbols = symbols: null

2019-08-24 12:12:56 - [TEST_STEP][PASSED] - for ([j = 0, j &lt; symbols.size(), (j++)]): null

2019-08-24 12:12:56 - [TEST_STEP][PASSED] - symbol = symbol: null

2019-08-24 12:12:56 - [TEST_STEP][PASSED] - println(symbol): null

2019-08-24 12:12:56 - [TEST_STEP][PASSED] - if (i == 2 &amp;&amp; wildList.indexOf(symbol) != -1): null

2019-08-24 12:12:56 - [TEST_STEP][PASSED] - if (i == 3 &amp;&amp; wildList.indexOf(symbol) != -1): null

2019-08-24 12:12:56 - [TEST_STEP][PASSED] - if (i == 4 &amp;&amp; wildList.indexOf(symbol) != -1): null

2019-08-24 12:12:56 - [TEST_STEP][PASSED] - symbol = symbol: null

2019-08-24 12:12:56 - [TEST_STEP][PASSED] - println(symbol): null

2019-08-24 12:12:56 - [TEST_STEP][PASSED] - if (i == 2 &amp;&amp; wildList.indexOf(symbol) != -1): null

2019-08-24 12:12:56 - [TEST_STEP][PASSED] - if (i == 3 &amp;&amp; wildList.indexOf(symbol) != -1): null

2019-08-24 12:12:56 - [TEST_STEP][PASSED] - if (i == 4 &amp;&amp; wildList.indexOf(symbol) != -1): null

2019-08-24 12:12:56 - [TEST_STEP][PASSED] - symbol = symbol: null

2019-08-24 12:12:56 - [TEST_STEP][PASSED] - println(symbol): null

2019-08-24 12:12:56 - [TEST_STEP][PASSED] - if (i == 2 &amp;&amp; wildList.indexOf(symbol) != -1): null

2019-08-24 12:12:56 - [TEST_STEP][PASSED] - if (i == 3 &amp;&amp; wildList.indexOf(symbol) != -1): null

2019-08-24 12:12:56 - [TEST_STEP][PASSED] - if (i == 4 &amp;&amp; wildList.indexOf(symbol) != -1): null

2019-08-24 12:12:56 - [TEST_STEP][PASSED] - symbols = symbols: null

2019-08-24 12:12:56 - [TEST_STEP][PASSED] - for ([j = 0, j &lt; symbols.size(), (j++)]): null

2019-08-24 12:12:56 - [TEST_STEP][PASSED] - symbol = symbol: null

2019-08-24 12:12:56 - [TEST_STEP][PASSED] - println(symbol): null

2019-08-24 12:12:56 - [TEST_STEP][PASSED] - if (i == 2 &amp;&amp; wildList.indexOf(symbol) != -1): null

2019-08-24 12:12:56 - [TEST_STEP][PASSED] - if (i == 3 &amp;&amp; wildList.indexOf(symbol) != -1): null

2019-08-24 12:12:56 - [TEST_STEP][PASSED] - if (i == 4 &amp;&amp; wildList.indexOf(symbol) != -1): null

2019-08-24 12:12:56 - [TEST_STEP][PASSED] - symbol = symbol: null

2019-08-24 12:12:56 - [TEST_STEP][PASSED] - println(symbol): null

2019-08-24 12:12:56 - [TEST_STEP][PASSED] - if (i == 2 &amp;&amp; wildList.indexOf(symbol) != -1): null

2019-08-24 12:12:56 - [TEST_STEP][PASSED] - if (i == 3 &amp;&amp; wildList.indexOf(symbol) != -1): null

2019-08-24 12:12:56 - [TEST_STEP][PASSED] - if (i == 4 &amp;&amp; wildList.indexOf(symbol) != -1): null

2019-08-24 12:12:56 - [TEST_STEP][PASSED] - symbol = symbol: null

2019-08-24 12:12:56 - [TEST_STEP][PASSED] - println(symbol): null

2019-08-24 12:12:56 - [TEST_STEP][PASSED] - if (i == 2 &amp;&amp; wildList.indexOf(symbol) != -1): null

2019-08-24 12:12:56 - [TEST_STEP][PASSED] - if (i == 3 &amp;&amp; wildList.indexOf(symbol) != -1): null

2019-08-24 12:12:56 - [TEST_STEP][PASSED] - if (i == 4 &amp;&amp; wildList.indexOf(symbol) != -1): null

2019-08-24 12:12:56 - [TEST_STEP][PASSED] - symbols = symbols: null

2019-08-24 12:12:56 - [TEST_STEP][PASSED] - for ([j = 0, j &lt; symbols.size(), (j++)]): null

2019-08-24 12:12:56 - [TEST_STEP][PASSED] - symbol = symbol: null

2019-08-24 12:12:56 - [TEST_STEP][PASSED] - println(symbol): null

2019-08-24 12:12:56 - [TEST_STEP][PASSED] - if (i == 2 &amp;&amp; wildList.indexOf(symbol) != -1): null

2019-08-24 12:12:56 - [TEST_STEP][PASSED] - if (i == 3 &amp;&amp; wildList.indexOf(symbol) != -1): null

2019-08-24 12:12:56 - [TEST_STEP][PASSED] - if (i == 4 &amp;&amp; wildList.indexOf(symbol) != -1): null

2019-08-24 12:12:56 - [TEST_STEP][PASSED] - symbol = symbol: null

2019-08-24 12:12:56 - [TEST_STEP][PASSED] - println(symbol): null

2019-08-24 12:12:56 - [TEST_STEP][PASSED] - if (i == 2 &amp;&amp; wildList.indexOf(symbol) != -1): null

2019-08-24 12:12:56 - [TEST_STEP][PASSED] - if (i == 3 &amp;&amp; wildList.indexOf(symbol) != -1): null

2019-08-24 12:12:56 - [TEST_STEP][PASSED] - if (i == 4 &amp;&amp; wildList.indexOf(symbol) != -1): null

2019-08-24 12:12:56 - [TEST_STEP][PASSED] - symbol = symbol: null

2019-08-24 12:12:56 - [TEST_STEP][PASSED] - println(symbol): null

2019-08-24 12:12:56 - [TEST_STEP][PASSED] - if (i == 2 &amp;&amp; wildList.indexOf(symbol) != -1): null

2019-08-24 12:12:56 - [TEST_STEP][PASSED] - if (i == 3 &amp;&amp; wildList.indexOf(symbol) != -1): null

2019-08-24 12:12:56 - [TEST_STEP][PASSED] - if (i == 4 &amp;&amp; wildList.indexOf(symbol) != -1): null

2019-08-24 12:12:56 - [TEST_STEP][PASSED] - symbols = symbols: null

2019-08-24 12:12:56 - [TEST_STEP][PASSED] - for ([j = 0, j &lt; symbols.size(), (j++)]): null

2019-08-24 12:12:56 - [TEST_STEP][PASSED] - symbol = symbol: null

2019-08-24 12:12:56 - [TEST_STEP][PASSED] - println(symbol): null

2019-08-24 12:12:56 - [TEST_STEP][PASSED] - if (i == 2 &amp;&amp; wildList.indexOf(symbol) != -1): null

2019-08-24 12:12:56 - [TEST_STEP][PASSED] - if (i == 3 &amp;&amp; wildList.indexOf(symbol) != -1): null

2019-08-24 12:12:56 - [TEST_STEP][PASSED] - if (i == 4 &amp;&amp; wildList.indexOf(symbol) != -1): null

2019-08-24 12:12:56 - [TEST_STEP][PASSED] - symbol = symbol: null

2019-08-24 12:12:56 - [TEST_STEP][PASSED] - println(symbol): null

2019-08-24 12:12:56 - [TEST_STEP][PASSED] - if (i == 2 &amp;&amp; wildList.indexOf(symbol) != -1): null

2019-08-24 12:12:56 - [TEST_STEP][PASSED] - if (i == 3 &amp;&amp; wildList.indexOf(symbol) != -1): null

2019-08-24 12:12:56 - [TEST_STEP][PASSED] - if (i == 4 &amp;&amp; wildList.indexOf(symbol) != -1): null

2019-08-24 12:12:56 - [TEST_STEP][PASSED] - symbol = symbol: null

2019-08-24 12:12:56 - [TEST_STEP][PASSED] - println(symbol): null

2019-08-24 12:12:56 - [TEST_STEP][PASSED] - if (i == 2 &amp;&amp; wildList.indexOf(symbol) != -1): null

2019-08-24 12:12:56 - [TEST_STEP][PASSED] - if (i == 3 &amp;&amp; wildList.indexOf(symbol) != -1): null

2019-08-24 12:12:56 - [TEST_STEP][PASSED] - if (i == 4 &amp;&amp; wildList.indexOf(symbol) != -1): null

2019-08-24 12:12:56 - [TEST_STEP][PASSED] - symbols = symbols: null

2019-08-24 12:12:56 - [TEST_STEP][PASSED] - for ([j = 0, j &lt; symbols.size(), (j++)]): null

2019-08-24 12:12:56 - [TEST_STEP][PASSED] - symbol = symbol: null

2019-08-24 12:12:56 - [TEST_STEP][PASSED] - println(symbol): null

2019-08-24 12:12:56 - [TEST_STEP][PASSED] - if (i == 2 &amp;&amp; wildList.indexOf(symbol) != -1): null

2019-08-24 12:12:56 - [TEST_STEP][PASSED] - if (i == 3 &amp;&amp; wildList.indexOf(symbol) != -1): null

2019-08-24 12:12:56 - [TEST_STEP][PASSED] - if (i == 4 &amp;&amp; wildList.indexOf(symbol) != -1): null

2019-08-24 12:12:56 - [TEST_STEP][PASSED] - symbol = symbol: null

2019-08-24 12:12:56 - [TEST_STEP][PASSED] - println(symbol): null

2019-08-24 12:12:56 - [TEST_STEP][PASSED] - if (i == 2 &amp;&amp; wildList.indexOf(symbol) != -1): null

2019-08-24 12:12:56 - [TEST_STEP][PASSED] - if (i == 3 &amp;&amp; wildList.indexOf(symbol) != -1): null

2019-08-24 12:12:56 - [TEST_STEP][PASSED] - if (i == 4 &amp;&amp; wildList.indexOf(symbol) != -1): null

2019-08-24 12:12:56 - [TEST_STEP][PASSED] - symbol = symbol: null

2019-08-24 12:12:56 - [TEST_STEP][PASSED] - println(symbol): null

2019-08-24 12:12:56 - [TEST_STEP][PASSED] - if (i == 2 &amp;&amp; wildList.indexOf(symbol) != -1): null

2019-08-24 12:12:56 - [TEST_STEP][PASSED] - if (i == 3 &amp;&amp; wildList.indexOf(symbol) != -1): null

2019-08-24 12:12:56 - [TEST_STEP][PASSED] - if (i == 4 &amp;&amp; wildList.indexOf(symbol) != -1): null

2019-08-24 12:12:56 - [TEST_STEP][PASSED] - free_spin_reel_counter = free_spin_reel_counter: null

2019-08-24 12:12:56 - [TEST_STEP][PASSED] - println("reel 3 wild found: " + free_spin_reel_counter[0]): null

2019-08-24 12:12:56 - [TEST_STEP][PASSED] - println("reel 4 wild found: " + free_spin_reel_counter[1]): null

2019-08-24 12:12:56 - [TEST_STEP][PASSED] - println("reel 5 wild found: " + free_spin_reel_counter[2]): null

2019-08-24 12:12:56 - [TEST_STEP][PASSED] - M4_spin_reels = M4_spin_reels: null

2019-08-24 12:12:56 - [TEST_STEP][PASSED] - M4_spin_reels_symbols = symbol: null

2019-08-24 12:12:56 - [TEST_STEP][PASSED] - M4_spin_reels_symbols = M4_spin_reels_symbols: null

2019-08-24 12:12:56 - [TEST_STEP][PASSED] - M4_spin_reel_wins = reel_wins: null

2019-08-24 12:12:56 - [TEST_STEP][PASSED] - M4_spin_reel_wins = M4_spin_reel_wins: null

2019-08-24 12:12:56 - [TEST_STEP][PASSED] - println("GlobalVariable.M4_spin_reel_wins is: " + M4_spin_reel_wins): null

2019-08-24 12:12:56 - [TEST_STEP][PASSED] - M4_spin_total_bonus_win_this_round = total_bonus_win_this_round: null

2019-08-24 12:12:56 - [TEST_STEP][PASSED] - M4_spin_total_bonus_win_this_round = M4_spin_total_bonus_win_this_round: null

2019-08-24 12:12:56 - [TEST_STEP][PASSED] - println("GlobalVariable.M4_spin_total_bonus_win_this_round is: " + M4_spin_total_bonus_win_this_round): null

2019-08-24 12:12:56 - [TEST_STEP][PASSED] - M4_spin_bonus_spin_result = spin_result: null

2019-08-24 12:12:56 - [TEST_STEP][PASSED] - M4_spin_bonus_spin_result = M4_spin_bonus_spin_result: null

2019-08-24 12:12:56 - [MESSAGE][PASSED] - Verify response successfully

2019-08-24 12:12:56 - [MESSAGE][PASSED] - Send request and verify the response successfully

2019-08-24 12:12:56 - [TEST_STEP][PASSED] - if (M4_total_bonus_spins_int != 0 &amp;&amp; M4_spin_reels_symbols[2].contains("WILD_ExtraFG") || M4_spin_reels_symbols[3].contains("WILD_ExtraFG")): null

2019-08-24 12:12:56 - [TEST_STEP][PASSED] - free_spin_reel_counter = free_spin_reel_counter: null

2019-08-24 12:12:56 - [TEST_STEP][PASSED] - M4_spin_reels_symbols = M4_spin_reels_symbols: null

2019-08-24 12:12:56 - [TEST_STEP][PASSED] - M4_total_bonus_spins = M4_total_bonus_spins: null

2019-08-24 12:12:56 - [TEST_STEP][PASSED] - spin_result = sendRequestAndVerify(findTestObject("INT/RGS(M4)/1_M4_spin", ["M4_login_user_id":M4_login_user_id, "rgs_session_token":rgs_session_token, "partner":Partner])): Send request and verify the response successfully

2019-08-24 12:12:56 - [MESSAGE][INFO] - HAR: /Users/eiralee/Katalon_Script/SuperWild/Reports/20190824_120919/INT/superWild_3/20190824_120919/requests/main/62.har

2019-08-24 12:12:56 - [TEST_CASE][PASSED] - Start Test Case : Verification: Verification accomplished successfully

2019-08-24 12:12:56 - [TEST_STEP][PASSED] - request = getInstance().getCurrentRequest(): null

2019-08-24 12:12:57 - [TEST_STEP][PASSED] - response = getInstance().getCurrentResponse(): null

2019-08-24 12:12:57 - [TEST_STEP][PASSED] - verifyResponseStatusCode(response, 200): Verify response status code successfully

2019-08-24 12:12:57 - [MESSAGE][PASSED] - Verify response status code successfully

2019-08-24 12:12:57 - [TEST_STEP][PASSED] - getStatusCode()).isEqualTo(200): null

2019-08-24 12:12:57 - [TEST_STEP][PASSED] - newline = System.getProperty("line.separator"): null

2019-08-24 12:12:57 - [TEST_STEP][PASSED] - M4_spin = new groovy.json.JsonSlurper(): null

2019-08-24 12:12:57 - [TEST_STEP][PASSED] - result_M4_spin = M4_spin.parseText(response.getResponseBodyContent()): null

2019-08-24 12:12:57 - [TEST_STEP][PASSED] - M4_spin_current_balance = current_balance: null

2019-08-24 12:12:57 - [TEST_STEP][PASSED] - M4_spin_current_balance = M4_spin_current_balance: null

2019-08-24 12:12:57 - [TEST_STEP][PASSED] - M4_spin_transaction_id = causality: null

2019-08-24 12:12:57 - [TEST_STEP][PASSED] - M4_spin_transaction_id = M4_spin_transaction_id: null

2019-08-24 12:12:57 - [TEST_STEP][PASSED] - M4_spin_round_id = round_id: null

2019-08-24 12:12:57 - [TEST_STEP][PASSED] - M4_spin_round_id = M4_spin_round_id: null

2019-08-24 12:12:57 - [TEST_STEP][PASSED] - M4_spin_line_wins = line_wins: null

2019-08-24 12:12:57 - [TEST_STEP][PASSED] - M4_spin_line_wins = M4_spin_line_wins: null

2019-08-24 12:12:57 - [TEST_STEP][PASSED] - M4_total_bonus_spins_int = total_bonus_spins: null

2019-08-24 12:12:57 - [TEST_STEP][PASSED] - println("******M4_total_bonus_spins type is:*******" + newline + getClass().getName()): null

2019-08-24 12:12:57 - [TEST_STEP][PASSED] - M4_total_bonus_spins_int = M4_total_bonus_spins_int: null

2019-08-24 12:12:57 - [TEST_STEP][PASSED] - M4_total_bonus_spins = Integer.toString(M4_total_bonus_spins_int): null

2019-08-24 12:12:57 - [TEST_STEP][PASSED] - M4_total_bonus_spins = M4_total_bonus_spins: null

2019-08-24 12:12:57 - [TEST_STEP][PASSED] - println("M4_total_bonus_spins is:" + M4_total_bonus_spins): null

2019-08-24 12:12:57 - [TEST_STEP][PASSED] - M4_spin_bonus_data = bonus_data: null

2019-08-24 12:12:57 - [TEST_STEP][PASSED] - M4_spin_features_triggered = result_M4_spin: null

2019-08-24 12:12:57 - [TEST_STEP][PASSED] - wild = []: null

2019-08-24 12:12:57 - [TEST_STEP][PASSED] - wild[0] = "WILD_Expanding": null

2019-08-24 12:12:57 - [TEST_STEP][PASSED] - wild[1] = "WILD_Normal": null

2019-08-24 12:12:57 - [TEST_STEP][PASSED] - wild[2] = "WILD_Double": null

2019-08-24 12:12:57 - [TEST_STEP][PASSED] - wild[3] = "WILD_ExtraFG": null

2019-08-24 12:12:57 - [TEST_STEP][PASSED] - wild[4] = "WILD_Triple": null

2019-08-24 12:12:57 - [TEST_STEP][PASSED] - wildList = Arrays.asList(wild): null

2019-08-24 12:12:57 - [TEST_STEP][PASSED] - wildList = wildList: null

2019-08-24 12:12:57 - [TEST_STEP][PASSED] - free_spin_reel_counter = []: null

2019-08-24 12:12:57 - [TEST_STEP][PASSED] - free_spin_reel_counter[0] = 0: null

2019-08-24 12:12:57 - [TEST_STEP][PASSED] - free_spin_reel_counter[1] = 0: null

2019-08-24 12:12:57 - [TEST_STEP][PASSED] - free_spin_reel_counter[2] = 0: null

2019-08-24 12:12:57 - [TEST_STEP][PASSED] - M4_spin_reels = reels: null

2019-08-24 12:12:57 - [TEST_STEP][PASSED] - for ([i = 0, i &lt; M4_spin_reels.size(), (i++)]): null

2019-08-24 12:12:57 - [TEST_STEP][PASSED] - symbols = symbols: null

2019-08-24 12:12:57 - [TEST_STEP][PASSED] - for ([j = 0, j &lt; symbols.size(), (j++)]): null

2019-08-24 12:12:57 - [TEST_STEP][PASSED] - symbol = symbol: null

2019-08-24 12:12:57 - [TEST_STEP][PASSED] - println(symbol): null

2019-08-24 12:12:57 - [TEST_STEP][PASSED] - if (i == 2 &amp;&amp; wildList.indexOf(symbol) != -1): null

2019-08-24 12:12:57 - [TEST_STEP][PASSED] - if (i == 3 &amp;&amp; wildList.indexOf(symbol) != -1): null

2019-08-24 12:12:57 - [TEST_STEP][PASSED] - if (i == 4 &amp;&amp; wildList.indexOf(symbol) != -1): null

2019-08-24 12:12:57 - [TEST_STEP][PASSED] - symbol = symbol: null

2019-08-24 12:12:57 - [TEST_STEP][PASSED] - println(symbol): null

2019-08-24 12:12:57 - [TEST_STEP][PASSED] - if (i == 2 &amp;&amp; wildList.indexOf(symbol) != -1): null

2019-08-24 12:12:57 - [TEST_STEP][PASSED] - if (i == 3 &amp;&amp; wildList.indexOf(symbol) != -1): null

2019-08-24 12:12:57 - [TEST_STEP][PASSED] - if (i == 4 &amp;&amp; wildList.indexOf(symbol) != -1): null

2019-08-24 12:12:57 - [TEST_STEP][PASSED] - symbol = symbol: null

2019-08-24 12:12:57 - [TEST_STEP][PASSED] - println(symbol): null

2019-08-24 12:12:57 - [TEST_STEP][PASSED] - if (i == 2 &amp;&amp; wildList.indexOf(symbol) != -1): null

2019-08-24 12:12:57 - [TEST_STEP][PASSED] - if (i == 3 &amp;&amp; wildList.indexOf(symbol) != -1): null

2019-08-24 12:12:57 - [TEST_STEP][PASSED] - if (i == 4 &amp;&amp; wildList.indexOf(symbol) != -1): null

2019-08-24 12:12:57 - [TEST_STEP][PASSED] - symbols = symbols: null

2019-08-24 12:12:57 - [TEST_STEP][PASSED] - for ([j = 0, j &lt; symbols.size(), (j++)]): null

2019-08-24 12:12:57 - [TEST_STEP][PASSED] - symbol = symbol: null

2019-08-24 12:12:57 - [TEST_STEP][PASSED] - println(symbol): null

2019-08-24 12:12:57 - [TEST_STEP][PASSED] - if (i == 2 &amp;&amp; wildList.indexOf(symbol) != -1): null

2019-08-24 12:12:57 - [TEST_STEP][PASSED] - if (i == 3 &amp;&amp; wildList.indexOf(symbol) != -1): null

2019-08-24 12:12:57 - [TEST_STEP][PASSED] - if (i == 4 &amp;&amp; wildList.indexOf(symbol) != -1): null

2019-08-24 12:12:57 - [TEST_STEP][PASSED] - symbol = symbol: null

2019-08-24 12:12:57 - [TEST_STEP][PASSED] - println(symbol): null

2019-08-24 12:12:57 - [TEST_STEP][PASSED] - if (i == 2 &amp;&amp; wildList.indexOf(symbol) != -1): null

2019-08-24 12:12:57 - [TEST_STEP][PASSED] - if (i == 3 &amp;&amp; wildList.indexOf(symbol) != -1): null

2019-08-24 12:12:57 - [TEST_STEP][PASSED] - if (i == 4 &amp;&amp; wildList.indexOf(symbol) != -1): null

2019-08-24 12:12:57 - [TEST_STEP][PASSED] - symbol = symbol: null

2019-08-24 12:12:57 - [TEST_STEP][PASSED] - println(symbol): null

2019-08-24 12:12:57 - [TEST_STEP][PASSED] - if (i == 2 &amp;&amp; wildList.indexOf(symbol) != -1): null

2019-08-24 12:12:57 - [TEST_STEP][PASSED] - if (i == 3 &amp;&amp; wildList.indexOf(symbol) != -1): null

2019-08-24 12:12:57 - [TEST_STEP][PASSED] - if (i == 4 &amp;&amp; wildList.indexOf(symbol) != -1): null

2019-08-24 12:12:57 - [TEST_STEP][PASSED] - symbols = symbols: null

2019-08-24 12:12:57 - [TEST_STEP][PASSED] - for ([j = 0, j &lt; symbols.size(), (j++)]): null

2019-08-24 12:12:57 - [TEST_STEP][PASSED] - symbol = symbol: null

2019-08-24 12:12:57 - [TEST_STEP][PASSED] - println(symbol): null

2019-08-24 12:12:57 - [TEST_STEP][PASSED] - if (i == 2 &amp;&amp; wildList.indexOf(symbol) != -1): null

2019-08-24 12:12:57 - [TEST_STEP][PASSED] - if (i == 3 &amp;&amp; wildList.indexOf(symbol) != -1): null

2019-08-24 12:12:57 - [TEST_STEP][PASSED] - if (i == 4 &amp;&amp; wildList.indexOf(symbol) != -1): null

2019-08-24 12:12:57 - [TEST_STEP][PASSED] - symbol = symbol: null

2019-08-24 12:12:57 - [TEST_STEP][PASSED] - println(symbol): null

2019-08-24 12:12:57 - [TEST_STEP][PASSED] - if (i == 2 &amp;&amp; wildList.indexOf(symbol) != -1): null

2019-08-24 12:12:57 - [TEST_STEP][PASSED] - if (i == 3 &amp;&amp; wildList.indexOf(symbol) != -1): null

2019-08-24 12:12:57 - [TEST_STEP][PASSED] - if (i == 4 &amp;&amp; wildList.indexOf(symbol) != -1): null

2019-08-24 12:12:57 - [TEST_STEP][PASSED] - symbol = symbol: null

2019-08-24 12:12:57 - [TEST_STEP][PASSED] - println(symbol): null

2019-08-24 12:12:57 - [TEST_STEP][PASSED] - if (i == 2 &amp;&amp; wildList.indexOf(symbol) != -1): null

2019-08-24 12:12:57 - [TEST_STEP][PASSED] - if (i == 3 &amp;&amp; wildList.indexOf(symbol) != -1): null

2019-08-24 12:12:57 - [TEST_STEP][PASSED] - if (i == 4 &amp;&amp; wildList.indexOf(symbol) != -1): null

2019-08-24 12:12:57 - [TEST_STEP][PASSED] - symbols = symbols: null

2019-08-24 12:12:57 - [TEST_STEP][PASSED] - for ([j = 0, j &lt; symbols.size(), (j++)]): null

2019-08-24 12:12:57 - [TEST_STEP][PASSED] - symbol = symbol: null

2019-08-24 12:13:00 - [TEST_STEP][PASSED] - println(symbol): null

2019-08-24 12:13:00 - [TEST_STEP][PASSED] - if (i == 2 &amp;&amp; wildList.indexOf(symbol) != -1): null

2019-08-24 12:13:00 - [TEST_STEP][PASSED] - if (i == 3 &amp;&amp; wildList.indexOf(symbol) != -1): null

2019-08-24 12:13:00 - [TEST_STEP][PASSED] - if (i == 4 &amp;&amp; wildList.indexOf(symbol) != -1): null

2019-08-24 12:13:00 - [TEST_STEP][PASSED] - symbol = symbol: null

2019-08-24 12:13:00 - [TEST_STEP][PASSED] - println(symbol): null

2019-08-24 12:13:00 - [TEST_STEP][PASSED] - if (i == 2 &amp;&amp; wildList.indexOf(symbol) != -1): null

2019-08-24 12:13:00 - [TEST_STEP][PASSED] - if (i == 3 &amp;&amp; wildList.indexOf(symbol) != -1): null

2019-08-24 12:13:00 - [TEST_STEP][PASSED] - if (i == 4 &amp;&amp; wildList.indexOf(symbol) != -1): null

2019-08-24 12:13:00 - [TEST_STEP][PASSED] - symbol = symbol: null

2019-08-24 12:13:02 - [TEST_STEP][PASSED] - println(symbol): null

2019-08-24 12:13:02 - [TEST_STEP][PASSED] - if (i == 2 &amp;&amp; wildList.indexOf(symbol) != -1): null

2019-08-24 12:13:02 - [TEST_STEP][PASSED] - if (i == 3 &amp;&amp; wildList.indexOf(symbol) != -1): null

2019-08-24 12:13:02 - [TEST_STEP][PASSED] - if (i == 4 &amp;&amp; wildList.indexOf(symbol) != -1): null

2019-08-24 12:13:02 - [TEST_STEP][PASSED] - symbols = symbols: null

2019-08-24 12:13:02 - [TEST_STEP][PASSED] - for ([j = 0, j &lt; symbols.size(), (j++)]): null

2019-08-24 12:13:02 - [TEST_STEP][PASSED] - symbol = symbol: null

2019-08-24 12:13:02 - [TEST_STEP][PASSED] - println(symbol): null

2019-08-24 12:13:02 - [TEST_STEP][PASSED] - if (i == 2 &amp;&amp; wildList.indexOf(symbol) != -1): null

2019-08-24 12:13:02 - [TEST_STEP][PASSED] - if (i == 3 &amp;&amp; wildList.indexOf(symbol) != -1): null

2019-08-24 12:13:02 - [TEST_STEP][PASSED] - if (i == 4 &amp;&amp; wildList.indexOf(symbol) != -1): null

2019-08-24 12:13:02 - [TEST_STEP][PASSED] - symbol = symbol: null

2019-08-24 12:13:02 - [TEST_STEP][PASSED] - println(symbol): null

2019-08-24 12:13:02 - [TEST_STEP][PASSED] - if (i == 2 &amp;&amp; wildList.indexOf(symbol) != -1): null

2019-08-24 12:13:02 - [TEST_STEP][PASSED] - if (i == 3 &amp;&amp; wildList.indexOf(symbol) != -1): null

2019-08-24 12:13:02 - [TEST_STEP][PASSED] - if (i == 4 &amp;&amp; wildList.indexOf(symbol) != -1): null

2019-08-24 12:13:02 - [TEST_STEP][PASSED] - symbol = symbol: null

2019-08-24 12:13:02 - [TEST_STEP][PASSED] - println(symbol): null

2019-08-24 12:13:02 - [TEST_STEP][PASSED] - if (i == 2 &amp;&amp; wildList.indexOf(symbol) != -1): null

2019-08-24 12:13:02 - [TEST_STEP][PASSED] - if (i == 3 &amp;&amp; wildList.indexOf(symbol) != -1): null

2019-08-24 12:13:02 - [TEST_STEP][PASSED] - if (i == 4 &amp;&amp; wildList.indexOf(symbol) != -1): null

2019-08-24 12:13:02 - [TEST_STEP][PASSED] - free_spin_reel_counter = free_spin_reel_counter: null

2019-08-24 12:13:02 - [TEST_STEP][PASSED] - println("reel 3 wild found: " + free_spin_reel_counter[0]): null

2019-08-24 12:13:02 - [TEST_STEP][PASSED] - println("reel 4 wild found: " + free_spin_reel_counter[1]): null

2019-08-24 12:13:02 - [TEST_STEP][PASSED] - println("reel 5 wild found: " + free_spin_reel_counter[2]): null

2019-08-24 12:13:02 - [TEST_STEP][PASSED] - M4_spin_reels = M4_spin_reels: null

2019-08-24 12:13:02 - [TEST_STEP][PASSED] - M4_spin_reels_symbols = symbol: null

2019-08-24 12:13:02 - [TEST_STEP][PASSED] - M4_spin_reels_symbols = M4_spin_reels_symbols: null

2019-08-24 12:13:02 - [TEST_STEP][PASSED] - M4_spin_reel_wins = reel_wins: null

2019-08-24 12:13:02 - [TEST_STEP][PASSED] - M4_spin_reel_wins = M4_spin_reel_wins: null

2019-08-24 12:13:02 - [TEST_STEP][PASSED] - println("GlobalVariable.M4_spin_reel_wins is: " + M4_spin_reel_wins): null

2019-08-24 12:13:02 - [TEST_STEP][PASSED] - M4_spin_total_bonus_win_this_round = total_bonus_win_this_round: null

2019-08-24 12:13:02 - [TEST_STEP][PASSED] - M4_spin_total_bonus_win_this_round = M4_spin_total_bonus_win_this_round: null

2019-08-24 12:13:02 - [TEST_STEP][PASSED] - println("GlobalVariable.M4_spin_total_bonus_win_this_round is: " + M4_spin_total_bonus_win_this_round): null

2019-08-24 12:13:02 - [TEST_STEP][PASSED] - M4_spin_bonus_spin_result = spin_result: null

2019-08-24 12:13:02 - [TEST_STEP][PASSED] - M4_spin_bonus_spin_result = M4_spin_bonus_spin_result: null

2019-08-24 12:13:02 - [MESSAGE][PASSED] - Verify response successfully

2019-08-24 12:13:02 - [MESSAGE][PASSED] - Send request and verify the response successfully

2019-08-24 12:13:02 - [TEST_STEP][PASSED] - if (M4_total_bonus_spins_int != 0 &amp;&amp; M4_spin_reels_symbols[2].contains("WILD_ExtraFG") || M4_spin_reels_symbols[3].contains("WILD_ExtraFG")): null

2019-08-24 12:13:02 - [TEST_STEP][PASSED] - free_spin_reel_counter = free_spin_reel_counter: null

2019-08-24 12:13:02 - [TEST_STEP][PASSED] - M4_spin_reels_symbols = M4_spin_reels_symbols: null

2019-08-24 12:13:02 - [TEST_STEP][PASSED] - M4_total_bonus_spins = M4_total_bonus_spins: null

2019-08-24 12:13:02 - [TEST_STEP][PASSED] - spin_result = sendRequestAndVerify(findTestObject("INT/RGS(M4)/1_M4_spin", ["M4_login_user_id":M4_login_user_id, "rgs_session_token":rgs_session_token, "partner":Partner])): Send request and verify the response successfully

2019-08-24 12:13:03 - [MESSAGE][INFO] - HAR: /Users/eiralee/Katalon_Script/SuperWild/Reports/20190824_120919/INT/superWild_3/20190824_120919/requests/main/63.har

2019-08-24 12:13:03 - [TEST_CASE][PASSED] - Start Test Case : Verification: Verification accomplished successfully

2019-08-24 12:13:03 - [TEST_STEP][PASSED] - request = getInstance().getCurrentRequest(): null

2019-08-24 12:13:03 - [TEST_STEP][PASSED] - response = getInstance().getCurrentResponse(): null

2019-08-24 12:13:03 - [TEST_STEP][PASSED] - verifyResponseStatusCode(response, 200): Verify response status code successfully

2019-08-24 12:13:03 - [MESSAGE][PASSED] - Verify response status code successfully

2019-08-24 12:13:03 - [TEST_STEP][PASSED] - getStatusCode()).isEqualTo(200): null

2019-08-24 12:13:03 - [TEST_STEP][PASSED] - newline = System.getProperty("line.separator"): null

2019-08-24 12:13:03 - [TEST_STEP][PASSED] - M4_spin = new groovy.json.JsonSlurper(): null

2019-08-24 12:13:03 - [TEST_STEP][PASSED] - result_M4_spin = M4_spin.parseText(response.getResponseBodyContent()): null

2019-08-24 12:13:03 - [TEST_STEP][PASSED] - M4_spin_current_balance = current_balance: null

2019-08-24 12:13:03 - [TEST_STEP][PASSED] - M4_spin_current_balance = M4_spin_current_balance: null

2019-08-24 12:13:03 - [TEST_STEP][PASSED] - M4_spin_transaction_id = causality: null

2019-08-24 12:13:03 - [TEST_STEP][PASSED] - M4_spin_transaction_id = M4_spin_transaction_id: null

2019-08-24 12:13:03 - [TEST_STEP][PASSED] - M4_spin_round_id = round_id: null

2019-08-24 12:13:03 - [TEST_STEP][PASSED] - M4_spin_round_id = M4_spin_round_id: null

2019-08-24 12:13:03 - [TEST_STEP][PASSED] - M4_spin_line_wins = line_wins: null

2019-08-24 12:13:03 - [TEST_STEP][PASSED] - M4_spin_line_wins = M4_spin_line_wins: null

2019-08-24 12:13:03 - [TEST_STEP][PASSED] - M4_total_bonus_spins_int = total_bonus_spins: null

2019-08-24 12:13:03 - [TEST_STEP][PASSED] - println("******M4_total_bonus_spins type is:*******" + newline + getClass().getName()): null

2019-08-24 12:13:03 - [TEST_STEP][PASSED] - M4_total_bonus_spins_int = M4_total_bonus_spins_int: null

2019-08-24 12:13:03 - [TEST_STEP][PASSED] - M4_total_bonus_spins = Integer.toString(M4_total_bonus_spins_int): null

2019-08-24 12:13:03 - [TEST_STEP][PASSED] - M4_total_bonus_spins = M4_total_bonus_spins: null

2019-08-24 12:13:03 - [TEST_STEP][PASSED] - println("M4_total_bonus_spins is:" + M4_total_bonus_spins): null

2019-08-24 12:13:03 - [TEST_STEP][PASSED] - M4_spin_bonus_data = bonus_data: null

2019-08-24 12:13:03 - [TEST_STEP][PASSED] - M4_spin_features_triggered = result_M4_spin: null

2019-08-24 12:13:03 - [TEST_STEP][PASSED] - wild = []: null

2019-08-24 12:13:03 - [TEST_STEP][PASSED] - wild[0] = "WILD_Expanding": null

2019-08-24 12:13:03 - [TEST_STEP][PASSED] - wild[1] = "WILD_Normal": null

2019-08-24 12:13:03 - [TEST_STEP][PASSED] - wild[2] = "WILD_Double": null

2019-08-24 12:13:03 - [TEST_STEP][PASSED] - wild[3] = "WILD_ExtraFG": null

2019-08-24 12:13:03 - [TEST_STEP][PASSED] - wild[4] = "WILD_Triple": null

2019-08-24 12:13:03 - [TEST_STEP][PASSED] - wildList = Arrays.asList(wild): null

2019-08-24 12:13:03 - [TEST_STEP][PASSED] - wildList = wildList: null

2019-08-24 12:13:03 - [TEST_STEP][PASSED] - free_spin_reel_counter = []: null

2019-08-24 12:13:03 - [TEST_STEP][PASSED] - free_spin_reel_counter[0] = 0: null

2019-08-24 12:13:03 - [TEST_STEP][PASSED] - free_spin_reel_counter[1] = 0: null

2019-08-24 12:13:03 - [TEST_STEP][PASSED] - free_spin_reel_counter[2] = 0: null

2019-08-24 12:13:03 - [TEST_STEP][PASSED] - M4_spin_reels = reels: null

2019-08-24 12:13:03 - [TEST_STEP][PASSED] - for ([i = 0, i &lt; M4_spin_reels.size(), (i++)]): null

2019-08-24 12:13:03 - [TEST_STEP][PASSED] - symbols = symbols: null

2019-08-24 12:13:03 - [TEST_STEP][PASSED] - for ([j = 0, j &lt; symbols.size(), (j++)]): null

2019-08-24 12:13:03 - [TEST_STEP][PASSED] - symbol = symbol: null

2019-08-24 12:13:03 - [TEST_STEP][PASSED] - println(symbol): null

2019-08-24 12:13:03 - [TEST_STEP][PASSED] - if (i == 2 &amp;&amp; wildList.indexOf(symbol) != -1): null

2019-08-24 12:13:03 - [TEST_STEP][PASSED] - if (i == 3 &amp;&amp; wildList.indexOf(symbol) != -1): null

2019-08-24 12:13:03 - [TEST_STEP][PASSED] - if (i == 4 &amp;&amp; wildList.indexOf(symbol) != -1): null

2019-08-24 12:13:03 - [TEST_STEP][PASSED] - symbol = symbol: null

2019-08-24 12:13:03 - [TEST_STEP][PASSED] - println(symbol): null

2019-08-24 12:13:03 - [TEST_STEP][PASSED] - if (i == 2 &amp;&amp; wildList.indexOf(symbol) != -1): null

2019-08-24 12:13:03 - [TEST_STEP][PASSED] - if (i == 3 &amp;&amp; wildList.indexOf(symbol) != -1): null

2019-08-24 12:13:03 - [TEST_STEP][PASSED] - if (i == 4 &amp;&amp; wildList.indexOf(symbol) != -1): null

2019-08-24 12:13:03 - [TEST_STEP][PASSED] - symbol = symbol: null

2019-08-24 12:13:03 - [TEST_STEP][PASSED] - println(symbol): null

2019-08-24 12:13:03 - [TEST_STEP][PASSED] - if (i == 2 &amp;&amp; wildList.indexOf(symbol) != -1): null

2019-08-24 12:13:03 - [TEST_STEP][PASSED] - if (i == 3 &amp;&amp; wildList.indexOf(symbol) != -1): null

2019-08-24 12:13:03 - [TEST_STEP][PASSED] - if (i == 4 &amp;&amp; wildList.indexOf(symbol) != -1): null

2019-08-24 12:13:03 - [TEST_STEP][PASSED] - symbols = symbols: null

2019-08-24 12:13:03 - [TEST_STEP][PASSED] - for ([j = 0, j &lt; symbols.size(), (j++)]): null

2019-08-24 12:13:03 - [TEST_STEP][PASSED] - symbol = symbol: null

2019-08-24 12:13:03 - [TEST_STEP][PASSED] - println(symbol): null

2019-08-24 12:13:03 - [TEST_STEP][PASSED] - if (i == 2 &amp;&amp; wildList.indexOf(symbol) != -1): null

2019-08-24 12:13:03 - [TEST_STEP][PASSED] - if (i == 3 &amp;&amp; wildList.indexOf(symbol) != -1): null

2019-08-24 12:13:03 - [TEST_STEP][PASSED] - if (i == 4 &amp;&amp; wildList.indexOf(symbol) != -1): null

2019-08-24 12:13:03 - [TEST_STEP][PASSED] - symbol = symbol: null

2019-08-24 12:13:03 - [TEST_STEP][PASSED] - println(symbol): null

2019-08-24 12:13:03 - [TEST_STEP][PASSED] - if (i == 2 &amp;&amp; wildList.indexOf(symbol) != -1): null

2019-08-24 12:13:03 - [TEST_STEP][PASSED] - if (i == 3 &amp;&amp; wildList.indexOf(symbol) != -1): null

2019-08-24 12:13:03 - [TEST_STEP][PASSED] - if (i == 4 &amp;&amp; wildList.indexOf(symbol) != -1): null

2019-08-24 12:13:03 - [TEST_STEP][PASSED] - symbol = symbol: null

2019-08-24 12:13:03 - [TEST_STEP][PASSED] - println(symbol): null

2019-08-24 12:13:03 - [TEST_STEP][PASSED] - if (i == 2 &amp;&amp; wildList.indexOf(symbol) != -1): null

2019-08-24 12:13:03 - [TEST_STEP][PASSED] - if (i == 3 &amp;&amp; wildList.indexOf(symbol) != -1): null

2019-08-24 12:13:03 - [TEST_STEP][PASSED] - if (i == 4 &amp;&amp; wildList.indexOf(symbol) != -1): null

2019-08-24 12:13:03 - [TEST_STEP][PASSED] - symbols = symbols: null

2019-08-24 12:13:03 - [TEST_STEP][PASSED] - for ([j = 0, j &lt; symbols.size(), (j++)]): null

2019-08-24 12:13:03 - [TEST_STEP][PASSED] - symbol = symbol: null

2019-08-24 12:13:03 - [TEST_STEP][PASSED] - println(symbol): null

2019-08-24 12:13:03 - [TEST_STEP][PASSED] - if (i == 2 &amp;&amp; wildList.indexOf(symbol) != -1): null

2019-08-24 12:13:03 - [TEST_STEP][PASSED] - if (i == 3 &amp;&amp; wildList.indexOf(symbol) != -1): null

2019-08-24 12:13:03 - [TEST_STEP][PASSED] - if (i == 4 &amp;&amp; wildList.indexOf(symbol) != -1): null

2019-08-24 12:13:03 - [TEST_STEP][PASSED] - symbol = symbol: null

2019-08-24 12:13:03 - [TEST_STEP][PASSED] - println(symbol): null

2019-08-24 12:13:03 - [TEST_STEP][PASSED] - if (i == 2 &amp;&amp; wildList.indexOf(symbol) != -1): null

2019-08-24 12:13:03 - [TEST_STEP][PASSED] - if (i == 3 &amp;&amp; wildList.indexOf(symbol) != -1): null

2019-08-24 12:13:03 - [TEST_STEP][PASSED] - if (i == 4 &amp;&amp; wildList.indexOf(symbol) != -1): null

2019-08-24 12:13:03 - [TEST_STEP][PASSED] - symbol = symbol: null

2019-08-24 12:13:03 - [TEST_STEP][PASSED] - println(symbol): null

2019-08-24 12:13:03 - [TEST_STEP][PASSED] - if (i == 2 &amp;&amp; wildList.indexOf(symbol) != -1): null

2019-08-24 12:13:03 - [TEST_STEP][PASSED] - if (i == 3 &amp;&amp; wildList.indexOf(symbol) != -1): null

2019-08-24 12:13:03 - [TEST_STEP][PASSED] - if (i == 4 &amp;&amp; wildList.indexOf(symbol) != -1): null

2019-08-24 12:13:03 - [TEST_STEP][PASSED] - symbols = symbols: null

2019-08-24 12:13:03 - [TEST_STEP][PASSED] - for ([j = 0, j &lt; symbols.size(), (j++)]): null

2019-08-24 12:13:03 - [TEST_STEP][PASSED] - symbol = symbol: null

2019-08-24 12:13:03 - [TEST_STEP][PASSED] - println(symbol): null

2019-08-24 12:13:03 - [TEST_STEP][PASSED] - if (i == 2 &amp;&amp; wildList.indexOf(symbol) != -1): null

2019-08-24 12:13:03 - [TEST_STEP][PASSED] - if (i == 3 &amp;&amp; wildList.indexOf(symbol) != -1): null

2019-08-24 12:13:03 - [TEST_STEP][PASSED] - println("wild found on reel 4, adding counter by 1"): null

2019-08-24 12:13:03 - [TEST_STEP][PASSED] - free_spin_reel_counter[1] = free_spin_reel_counter[1] + 1: null

2019-08-24 12:13:03 - [TEST_STEP][PASSED] - if (i == 4 &amp;&amp; wildList.indexOf(symbol) != -1): null

2019-08-24 12:13:03 - [TEST_STEP][PASSED] - symbol = symbol: null

2019-08-24 12:13:03 - [TEST_STEP][PASSED] - println(symbol): null

2019-08-24 12:13:03 - [TEST_STEP][PASSED] - if (i == 2 &amp;&amp; wildList.indexOf(symbol) != -1): null

2019-08-24 12:13:03 - [TEST_STEP][PASSED] - if (i == 3 &amp;&amp; wildList.indexOf(symbol) != -1): null

2019-08-24 12:13:03 - [TEST_STEP][PASSED] - if (i == 4 &amp;&amp; wildList.indexOf(symbol) != -1): null

2019-08-24 12:13:03 - [TEST_STEP][PASSED] - symbol = symbol: null

2019-08-24 12:13:03 - [TEST_STEP][PASSED] - println(symbol): null

2019-08-24 12:13:03 - [TEST_STEP][PASSED] - if (i == 2 &amp;&amp; wildList.indexOf(symbol) != -1): null

2019-08-24 12:13:03 - [TEST_STEP][PASSED] - if (i == 3 &amp;&amp; wildList.indexOf(symbol) != -1): null

2019-08-24 12:13:03 - [TEST_STEP][PASSED] - if (i == 4 &amp;&amp; wildList.indexOf(symbol) != -1): null

2019-08-24 12:13:03 - [TEST_STEP][PASSED] - symbols = symbols: null

2019-08-24 12:13:03 - [TEST_STEP][PASSED] - for ([j = 0, j &lt; symbols.size(), (j++)]): null

2019-08-24 12:13:03 - [TEST_STEP][PASSED] - symbol = symbol: null

2019-08-24 12:13:03 - [TEST_STEP][PASSED] - println(symbol): null

2019-08-24 12:13:03 - [TEST_STEP][PASSED] - if (i == 2 &amp;&amp; wildList.indexOf(symbol) != -1): null

2019-08-24 12:13:03 - [TEST_STEP][PASSED] - if (i == 3 &amp;&amp; wildList.indexOf(symbol) != -1): null

2019-08-24 12:13:03 - [TEST_STEP][PASSED] - if (i == 4 &amp;&amp; wildList.indexOf(symbol) != -1): null

2019-08-24 12:13:03 - [TEST_STEP][PASSED] - symbol = symbol: null

2019-08-24 12:13:03 - [TEST_STEP][PASSED] - println(symbol): null

2019-08-24 12:13:03 - [TEST_STEP][PASSED] - if (i == 2 &amp;&amp; wildList.indexOf(symbol) != -1): null

2019-08-24 12:13:03 - [TEST_STEP][PASSED] - if (i == 3 &amp;&amp; wildList.indexOf(symbol) != -1): null

2019-08-24 12:13:03 - [TEST_STEP][PASSED] - if (i == 4 &amp;&amp; wildList.indexOf(symbol) != -1): null

2019-08-24 12:13:03 - [TEST_STEP][PASSED] - symbol = symbol: null

2019-08-24 12:13:03 - [TEST_STEP][PASSED] - println(symbol): null

2019-08-24 12:13:03 - [TEST_STEP][PASSED] - if (i == 2 &amp;&amp; wildList.indexOf(symbol) != -1): null

2019-08-24 12:13:03 - [TEST_STEP][PASSED] - if (i == 3 &amp;&amp; wildList.indexOf(symbol) != -1): null

2019-08-24 12:13:03 - [TEST_STEP][PASSED] - if (i == 4 &amp;&amp; wildList.indexOf(symbol) != -1): null

2019-08-24 12:13:03 - [TEST_STEP][PASSED] - free_spin_reel_counter = free_spin_reel_counter: null

2019-08-24 12:13:03 - [TEST_STEP][PASSED] - println("reel 3 wild found: " + free_spin_reel_counter[0]): null

2019-08-24 12:13:03 - [TEST_STEP][PASSED] - println("reel 4 wild found: " + free_spin_reel_counter[1]): null

2019-08-24 12:13:03 - [TEST_STEP][PASSED] - println("reel 5 wild found: " + free_spin_reel_counter[2]): null

2019-08-24 12:13:03 - [TEST_STEP][PASSED] - M4_spin_reels = M4_spin_reels: null

2019-08-24 12:13:03 - [TEST_STEP][PASSED] - M4_spin_reels_symbols = symbol: null

2019-08-24 12:13:03 - [TEST_STEP][PASSED] - M4_spin_reels_symbols = M4_spin_reels_symbols: null

2019-08-24 12:13:03 - [TEST_STEP][PASSED] - M4_spin_reel_wins = reel_wins: null

2019-08-24 12:13:03 - [TEST_STEP][PASSED] - M4_spin_reel_wins = M4_spin_reel_wins: null

2019-08-24 12:13:03 - [TEST_STEP][PASSED] - println("GlobalVariable.M4_spin_reel_wins is: " + M4_spin_reel_wins): null

2019-08-24 12:13:03 - [TEST_STEP][PASSED] - M4_spin_total_bonus_win_this_round = total_bonus_win_this_round: null

2019-08-24 12:13:03 - [TEST_STEP][PASSED] - M4_spin_total_bonus_win_this_round = M4_spin_total_bonus_win_this_round: null

2019-08-24 12:13:03 - [TEST_STEP][PASSED] - println("GlobalVariable.M4_spin_total_bonus_win_this_round is: " + M4_spin_total_bonus_win_this_round): null

2019-08-24 12:13:03 - [TEST_STEP][PASSED] - M4_spin_bonus_spin_result = spin_result: null

2019-08-24 12:13:03 - [TEST_STEP][PASSED] - M4_spin_bonus_spin_result = M4_spin_bonus_spin_result: null

2019-08-24 12:13:03 - [MESSAGE][PASSED] - Verify response successfully

2019-08-24 12:13:03 - [MESSAGE][PASSED] - Send request and verify the response successfully

2019-08-24 12:13:03 - [TEST_STEP][PASSED] - if (M4_total_bonus_spins_int != 0 &amp;&amp; M4_spin_reels_symbols[2].contains("WILD_ExtraFG") || M4_spin_reels_symbols[3].contains("WILD_ExtraFG")): null

2019-08-24 12:13:03 - [TEST_STEP][PASSED] - free_spin_reel_counter = free_spin_reel_counter: null

2019-08-24 12:13:03 - [TEST_STEP][PASSED] - M4_spin_reels_symbols = M4_spin_reels_symbols: null

2019-08-24 12:13:03 - [TEST_STEP][PASSED] - M4_total_bonus_spins = M4_total_bonus_spins: null

2019-08-24 12:13:03 - [TEST_STEP][PASSED] - spin_result = sendRequestAndVerify(findTestObject("INT/RGS(M4)/1_M4_spin", ["M4_login_user_id":M4_login_user_id, "rgs_session_token":rgs_session_token, "partner":Partner])): Send request and verify the response successfully

2019-08-24 12:13:03 - [MESSAGE][INFO] - HAR: /Users/eiralee/Katalon_Script/SuperWild/Reports/20190824_120919/INT/superWild_3/20190824_120919/requests/main/64.har

2019-08-24 12:13:03 - [TEST_CASE][PASSED] - Start Test Case : Verification: Verification accomplished successfully

2019-08-24 12:13:04 - [TEST_STEP][PASSED] - request = getInstance().getCurrentRequest(): null

2019-08-24 12:13:04 - [TEST_STEP][PASSED] - response = getInstance().getCurrentResponse(): null

2019-08-24 12:13:04 - [TEST_STEP][PASSED] - verifyResponseStatusCode(response, 200): Verify response status code successfully

2019-08-24 12:13:04 - [MESSAGE][PASSED] - Verify response status code successfully

2019-08-24 12:13:04 - [TEST_STEP][PASSED] - getStatusCode()).isEqualTo(200): null

2019-08-24 12:13:04 - [TEST_STEP][PASSED] - newline = System.getProperty("line.separator"): null

2019-08-24 12:13:04 - [TEST_STEP][PASSED] - M4_spin = new groovy.json.JsonSlurper(): null

2019-08-24 12:13:04 - [TEST_STEP][PASSED] - result_M4_spin = M4_spin.parseText(response.getResponseBodyContent()): null

2019-08-24 12:13:04 - [TEST_STEP][PASSED] - M4_spin_current_balance = current_balance: null

2019-08-24 12:13:04 - [TEST_STEP][PASSED] - M4_spin_current_balance = M4_spin_current_balance: null

2019-08-24 12:13:04 - [TEST_STEP][PASSED] - M4_spin_transaction_id = causality: null

2019-08-24 12:13:04 - [TEST_STEP][PASSED] - M4_spin_transaction_id = M4_spin_transaction_id: null

2019-08-24 12:13:04 - [TEST_STEP][PASSED] - M4_spin_round_id = round_id: null

2019-08-24 12:13:04 - [TEST_STEP][PASSED] - M4_spin_round_id = M4_spin_round_id: null

2019-08-24 12:13:04 - [TEST_STEP][PASSED] - M4_spin_line_wins = line_wins: null

2019-08-24 12:13:04 - [TEST_STEP][PASSED] - M4_spin_line_wins = M4_spin_line_wins: null

2019-08-24 12:13:04 - [TEST_STEP][PASSED] - M4_total_bonus_spins_int = total_bonus_spins: null

2019-08-24 12:13:04 - [TEST_STEP][PASSED] - println("******M4_total_bonus_spins type is:*******" + newline + getClass().getName()): null

2019-08-24 12:13:04 - [TEST_STEP][PASSED] - M4_total_bonus_spins_int = M4_total_bonus_spins_int: null

2019-08-24 12:13:04 - [TEST_STEP][PASSED] - M4_total_bonus_spins = Integer.toString(M4_total_bonus_spins_int): null

2019-08-24 12:13:04 - [TEST_STEP][PASSED] - M4_total_bonus_spins = M4_total_bonus_spins: null

2019-08-24 12:13:04 - [TEST_STEP][PASSED] - println("M4_total_bonus_spins is:" + M4_total_bonus_spins): null

2019-08-24 12:13:04 - [TEST_STEP][PASSED] - M4_spin_bonus_data = bonus_data: null

2019-08-24 12:13:04 - [TEST_STEP][PASSED] - M4_spin_features_triggered = result_M4_spin: null

2019-08-24 12:13:04 - [TEST_STEP][PASSED] - wild = []: null

2019-08-24 12:13:04 - [TEST_STEP][PASSED] - wild[0] = "WILD_Expanding": null

2019-08-24 12:13:04 - [TEST_STEP][PASSED] - wild[1] = "WILD_Normal": null

2019-08-24 12:13:04 - [TEST_STEP][PASSED] - wild[2] = "WILD_Double": null

2019-08-24 12:13:04 - [TEST_STEP][PASSED] - wild[3] = "WILD_ExtraFG": null

2019-08-24 12:13:04 - [TEST_STEP][PASSED] - wild[4] = "WILD_Triple": null

2019-08-24 12:13:04 - [TEST_STEP][PASSED] - wildList = Arrays.asList(wild): null

2019-08-24 12:13:04 - [TEST_STEP][PASSED] - wildList = wildList: null

2019-08-24 12:13:04 - [TEST_STEP][PASSED] - free_spin_reel_counter = []: null

2019-08-24 12:13:04 - [TEST_STEP][PASSED] - free_spin_reel_counter[0] = 0: null

2019-08-24 12:13:04 - [TEST_STEP][PASSED] - free_spin_reel_counter[1] = 0: null

2019-08-24 12:13:04 - [TEST_STEP][PASSED] - free_spin_reel_counter[2] = 0: null

2019-08-24 12:13:04 - [TEST_STEP][PASSED] - M4_spin_reels = reels: null

2019-08-24 12:13:04 - [TEST_STEP][PASSED] - for ([i = 0, i &lt; M4_spin_reels.size(), (i++)]): null

2019-08-24 12:13:04 - [TEST_STEP][PASSED] - symbols = symbols: null

2019-08-24 12:13:04 - [TEST_STEP][PASSED] - for ([j = 0, j &lt; symbols.size(), (j++)]): null

2019-08-24 12:13:04 - [TEST_STEP][PASSED] - symbol = symbol: null

2019-08-24 12:13:04 - [TEST_STEP][PASSED] - println(symbol): null

2019-08-24 12:13:04 - [TEST_STEP][PASSED] - if (i == 2 &amp;&amp; wildList.indexOf(symbol) != -1): null

2019-08-24 12:13:04 - [TEST_STEP][PASSED] - if (i == 3 &amp;&amp; wildList.indexOf(symbol) != -1): null

2019-08-24 12:13:04 - [TEST_STEP][PASSED] - if (i == 4 &amp;&amp; wildList.indexOf(symbol) != -1): null

2019-08-24 12:13:04 - [TEST_STEP][PASSED] - symbol = symbol: null

2019-08-24 12:13:04 - [TEST_STEP][PASSED] - println(symbol): null

2019-08-24 12:13:04 - [TEST_STEP][PASSED] - if (i == 2 &amp;&amp; wildList.indexOf(symbol) != -1): null

2019-08-24 12:13:04 - [TEST_STEP][PASSED] - if (i == 3 &amp;&amp; wildList.indexOf(symbol) != -1): null

2019-08-24 12:13:04 - [TEST_STEP][PASSED] - if (i == 4 &amp;&amp; wildList.indexOf(symbol) != -1): null

2019-08-24 12:13:04 - [TEST_STEP][PASSED] - symbol = symbol: null

2019-08-24 12:13:04 - [TEST_STEP][PASSED] - println(symbol): null

2019-08-24 12:13:04 - [TEST_STEP][PASSED] - if (i == 2 &amp;&amp; wildList.indexOf(symbol) != -1): null

2019-08-24 12:13:04 - [TEST_STEP][PASSED] - if (i == 3 &amp;&amp; wildList.indexOf(symbol) != -1): null

2019-08-24 12:13:04 - [TEST_STEP][PASSED] - if (i == 4 &amp;&amp; wildList.indexOf(symbol) != -1): null

2019-08-24 12:13:04 - [TEST_STEP][PASSED] - symbols = symbols: null

2019-08-24 12:13:04 - [TEST_STEP][PASSED] - for ([j = 0, j &lt; symbols.size(), (j++)]): null

2019-08-24 12:13:04 - [TEST_STEP][PASSED] - symbol = symbol: null

2019-08-24 12:13:04 - [TEST_STEP][PASSED] - println(symbol): null

2019-08-24 12:13:04 - [TEST_STEP][PASSED] - if (i == 2 &amp;&amp; wildList.indexOf(symbol) != -1): null

2019-08-24 12:13:04 - [TEST_STEP][PASSED] - if (i == 3 &amp;&amp; wildList.indexOf(symbol) != -1): null

2019-08-24 12:13:04 - [TEST_STEP][PASSED] - if (i == 4 &amp;&amp; wildList.indexOf(symbol) != -1): null

2019-08-24 12:13:04 - [TEST_STEP][PASSED] - symbol = symbol: null

2019-08-24 12:13:04 - [TEST_STEP][PASSED] - println(symbol): null

2019-08-24 12:13:04 - [TEST_STEP][PASSED] - if (i == 2 &amp;&amp; wildList.indexOf(symbol) != -1): null

2019-08-24 12:13:04 - [TEST_STEP][PASSED] - if (i == 3 &amp;&amp; wildList.indexOf(symbol) != -1): null

2019-08-24 12:13:04 - [TEST_STEP][PASSED] - if (i == 4 &amp;&amp; wildList.indexOf(symbol) != -1): null

2019-08-24 12:13:04 - [TEST_STEP][PASSED] - symbol = symbol: null

2019-08-24 12:13:04 - [TEST_STEP][PASSED] - println(symbol): null

2019-08-24 12:13:04 - [TEST_STEP][PASSED] - if (i == 2 &amp;&amp; wildList.indexOf(symbol) != -1): null

2019-08-24 12:13:04 - [TEST_STEP][PASSED] - if (i == 3 &amp;&amp; wildList.indexOf(symbol) != -1): null

2019-08-24 12:13:04 - [TEST_STEP][PASSED] - if (i == 4 &amp;&amp; wildList.indexOf(symbol) != -1): null

2019-08-24 12:13:04 - [TEST_STEP][PASSED] - symbols = symbols: null

2019-08-24 12:13:04 - [TEST_STEP][PASSED] - for ([j = 0, j &lt; symbols.size(), (j++)]): null

2019-08-24 12:13:04 - [TEST_STEP][PASSED] - symbol = symbol: null

2019-08-24 12:13:04 - [TEST_STEP][PASSED] - println(symbol): null

2019-08-24 12:13:04 - [TEST_STEP][PASSED] - if (i == 2 &amp;&amp; wildList.indexOf(symbol) != -1): null

2019-08-24 12:13:04 - [TEST_STEP][PASSED] - if (i == 3 &amp;&amp; wildList.indexOf(symbol) != -1): null

2019-08-24 12:13:04 - [TEST_STEP][PASSED] - if (i == 4 &amp;&amp; wildList.indexOf(symbol) != -1): null

2019-08-24 12:13:04 - [TEST_STEP][PASSED] - symbol = symbol: null

2019-08-24 12:13:04 - [TEST_STEP][PASSED] - println(symbol): null

2019-08-24 12:13:04 - [TEST_STEP][PASSED] - if (i == 2 &amp;&amp; wildList.indexOf(symbol) != -1): null

2019-08-24 12:13:04 - [TEST_STEP][PASSED] - if (i == 3 &amp;&amp; wildList.indexOf(symbol) != -1): null

2019-08-24 12:13:04 - [TEST_STEP][PASSED] - if (i == 4 &amp;&amp; wildList.indexOf(symbol) != -1): null

2019-08-24 12:13:04 - [TEST_STEP][PASSED] - symbol = symbol: null

2019-08-24 12:13:04 - [TEST_STEP][PASSED] - println(symbol): null

2019-08-24 12:13:04 - [TEST_STEP][PASSED] - if (i == 2 &amp;&amp; wildList.indexOf(symbol) != -1): null

2019-08-24 12:13:04 - [TEST_STEP][PASSED] - if (i == 3 &amp;&amp; wildList.indexOf(symbol) != -1): null

2019-08-24 12:13:04 - [TEST_STEP][PASSED] - if (i == 4 &amp;&amp; wildList.indexOf(symbol) != -1): null

2019-08-24 12:13:04 - [TEST_STEP][PASSED] - symbols = symbols: null

2019-08-24 12:13:04 - [TEST_STEP][PASSED] - for ([j = 0, j &lt; symbols.size(), (j++)]): null

2019-08-24 12:13:04 - [TEST_STEP][PASSED] - symbol = symbol: null

2019-08-24 12:13:04 - [TEST_STEP][PASSED] - println(symbol): null

2019-08-24 12:13:04 - [TEST_STEP][PASSED] - if (i == 2 &amp;&amp; wildList.indexOf(symbol) != -1): null

2019-08-24 12:13:04 - [TEST_STEP][PASSED] - if (i == 3 &amp;&amp; wildList.indexOf(symbol) != -1): null

2019-08-24 12:13:04 - [TEST_STEP][PASSED] - if (i == 4 &amp;&amp; wildList.indexOf(symbol) != -1): null

2019-08-24 12:13:04 - [TEST_STEP][PASSED] - symbol = symbol: null

2019-08-24 12:13:04 - [TEST_STEP][PASSED] - println(symbol): null

2019-08-24 12:13:04 - [TEST_STEP][PASSED] - if (i == 2 &amp;&amp; wildList.indexOf(symbol) != -1): null

2019-08-24 12:13:04 - [TEST_STEP][PASSED] - if (i == 3 &amp;&amp; wildList.indexOf(symbol) != -1): null

2019-08-24 12:13:04 - [TEST_STEP][PASSED] - if (i == 4 &amp;&amp; wildList.indexOf(symbol) != -1): null

2019-08-24 12:13:04 - [TEST_STEP][PASSED] - symbol = symbol: null

2019-08-24 12:13:04 - [TEST_STEP][PASSED] - println(symbol): null

2019-08-24 12:13:04 - [TEST_STEP][PASSED] - if (i == 2 &amp;&amp; wildList.indexOf(symbol) != -1): null

2019-08-24 12:13:04 - [TEST_STEP][PASSED] - if (i == 3 &amp;&amp; wildList.indexOf(symbol) != -1): null

2019-08-24 12:13:04 - [TEST_STEP][PASSED] - if (i == 4 &amp;&amp; wildList.indexOf(symbol) != -1): null

2019-08-24 12:13:04 - [TEST_STEP][PASSED] - symbols = symbols: null

2019-08-24 12:13:04 - [TEST_STEP][PASSED] - for ([j = 0, j &lt; symbols.size(), (j++)]): null

2019-08-24 12:13:04 - [TEST_STEP][PASSED] - symbol = symbol: null

2019-08-24 12:13:04 - [TEST_STEP][PASSED] - println(symbol): null

2019-08-24 12:13:04 - [TEST_STEP][PASSED] - if (i == 2 &amp;&amp; wildList.indexOf(symbol) != -1): null

2019-08-24 12:13:04 - [TEST_STEP][PASSED] - if (i == 3 &amp;&amp; wildList.indexOf(symbol) != -1): null

2019-08-24 12:13:04 - [TEST_STEP][PASSED] - if (i == 4 &amp;&amp; wildList.indexOf(symbol) != -1): null

2019-08-24 12:13:04 - [TEST_STEP][PASSED] - symbol = symbol: null

2019-08-24 12:13:04 - [TEST_STEP][PASSED] - println(symbol): null

2019-08-24 12:13:04 - [TEST_STEP][PASSED] - if (i == 2 &amp;&amp; wildList.indexOf(symbol) != -1): null

2019-08-24 12:13:04 - [TEST_STEP][PASSED] - if (i == 3 &amp;&amp; wildList.indexOf(symbol) != -1): null

2019-08-24 12:13:04 - [TEST_STEP][PASSED] - if (i == 4 &amp;&amp; wildList.indexOf(symbol) != -1): null

2019-08-24 12:13:04 - [TEST_STEP][PASSED] - symbol = symbol: null

2019-08-24 12:13:04 - [TEST_STEP][PASSED] - println(symbol): null

2019-08-24 12:13:04 - [TEST_STEP][PASSED] - if (i == 2 &amp;&amp; wildList.indexOf(symbol) != -1): null

2019-08-24 12:13:04 - [TEST_STEP][PASSED] - if (i == 3 &amp;&amp; wildList.indexOf(symbol) != -1): null

2019-08-24 12:13:04 - [TEST_STEP][PASSED] - if (i == 4 &amp;&amp; wildList.indexOf(symbol) != -1): null

2019-08-24 12:13:04 - [TEST_STEP][PASSED] - free_spin_reel_counter = free_spin_reel_counter: null

2019-08-24 12:13:04 - [TEST_STEP][PASSED] - println("reel 3 wild found: " + free_spin_reel_counter[0]): null

2019-08-24 12:13:04 - [TEST_STEP][PASSED] - println("reel 4 wild found: " + free_spin_reel_counter[1]): null

2019-08-24 12:13:04 - [TEST_STEP][PASSED] - println("reel 5 wild found: " + free_spin_reel_counter[2]): null

2019-08-24 12:13:04 - [TEST_STEP][PASSED] - M4_spin_reels = M4_spin_reels: null

2019-08-24 12:13:08 - [TEST_STEP][PASSED] - M4_spin_reels_symbols = symbol: null

2019-08-24 12:13:08 - [TEST_STEP][PASSED] - M4_spin_reels_symbols = M4_spin_reels_symbols: null

2019-08-24 12:13:08 - [TEST_STEP][PASSED] - M4_spin_reel_wins = reel_wins: null

2019-08-24 12:13:08 - [TEST_STEP][PASSED] - M4_spin_reel_wins = M4_spin_reel_wins: null

2019-08-24 12:13:08 - [TEST_STEP][PASSED] - println("GlobalVariable.M4_spin_reel_wins is: " + M4_spin_reel_wins): null

2019-08-24 12:13:08 - [TEST_STEP][PASSED] - M4_spin_total_bonus_win_this_round = total_bonus_win_this_round: null

2019-08-24 12:13:08 - [TEST_STEP][PASSED] - M4_spin_total_bonus_win_this_round = M4_spin_total_bonus_win_this_round: null

2019-08-24 12:13:08 - [TEST_STEP][PASSED] - println("GlobalVariable.M4_spin_total_bonus_win_this_round is: " + M4_spin_total_bonus_win_this_round): null

2019-08-24 12:13:08 - [TEST_STEP][PASSED] - M4_spin_bonus_spin_result = spin_result: null

2019-08-24 12:13:08 - [TEST_STEP][PASSED] - M4_spin_bonus_spin_result = M4_spin_bonus_spin_result: null

2019-08-24 12:13:10 - [MESSAGE][PASSED] - Verify response successfully

2019-08-24 12:13:10 - [MESSAGE][PASSED] - Send request and verify the response successfully

2019-08-24 12:13:10 - [TEST_STEP][PASSED] - if (M4_total_bonus_spins_int != 0 &amp;&amp; M4_spin_reels_symbols[2].contains("WILD_ExtraFG") || M4_spin_reels_symbols[3].contains("WILD_ExtraFG")): null

2019-08-24 12:13:10 - [TEST_STEP][PASSED] - free_spin_reel_counter = free_spin_reel_counter: null

2019-08-24 12:13:10 - [TEST_STEP][PASSED] - M4_spin_reels_symbols = M4_spin_reels_symbols: null

2019-08-24 12:13:10 - [TEST_STEP][PASSED] - M4_total_bonus_spins = M4_total_bonus_spins: null

2019-08-24 12:13:10 - [TEST_STEP][PASSED] - spin_result = sendRequestAndVerify(findTestObject("INT/RGS(M4)/1_M4_spin", ["M4_login_user_id":M4_login_user_id, "rgs_session_token":rgs_session_token, "partner":Partner])): Send request and verify the response successfully

2019-08-24 12:13:11 - [MESSAGE][INFO] - HAR: /Users/eiralee/Katalon_Script/SuperWild/Reports/20190824_120919/INT/superWild_3/20190824_120919/requests/main/65.har

2019-08-24 12:13:11 - [TEST_CASE][PASSED] - Start Test Case : Verification: Verification accomplished successfully

2019-08-24 12:13:11 - [TEST_STEP][PASSED] - request = getInstance().getCurrentRequest(): null

2019-08-24 12:13:11 - [TEST_STEP][PASSED] - response = getInstance().getCurrentResponse(): null

2019-08-24 12:13:11 - [TEST_STEP][PASSED] - verifyResponseStatusCode(response, 200): Verify response status code successfully

2019-08-24 12:13:11 - [MESSAGE][PASSED] - Verify response status code successfully

2019-08-24 12:13:11 - [TEST_STEP][PASSED] - getStatusCode()).isEqualTo(200): null

2019-08-24 12:13:11 - [TEST_STEP][PASSED] - newline = System.getProperty("line.separator"): null

2019-08-24 12:13:11 - [TEST_STEP][PASSED] - M4_spin = new groovy.json.JsonSlurper(): null

2019-08-24 12:13:11 - [TEST_STEP][PASSED] - result_M4_spin = M4_spin.parseText(response.getResponseBodyContent()): null

2019-08-24 12:13:11 - [TEST_STEP][PASSED] - M4_spin_current_balance = current_balance: null

2019-08-24 12:13:11 - [TEST_STEP][PASSED] - M4_spin_current_balance = M4_spin_current_balance: null

2019-08-24 12:13:11 - [TEST_STEP][PASSED] - M4_spin_transaction_id = causality: null

2019-08-24 12:13:11 - [TEST_STEP][PASSED] - M4_spin_transaction_id = M4_spin_transaction_id: null

2019-08-24 12:13:11 - [TEST_STEP][PASSED] - M4_spin_round_id = round_id: null

2019-08-24 12:13:11 - [TEST_STEP][PASSED] - M4_spin_round_id = M4_spin_round_id: null

2019-08-24 12:13:11 - [TEST_STEP][PASSED] - M4_spin_line_wins = line_wins: null

2019-08-24 12:13:11 - [TEST_STEP][PASSED] - M4_spin_line_wins = M4_spin_line_wins: null

2019-08-24 12:13:11 - [TEST_STEP][PASSED] - M4_total_bonus_spins_int = total_bonus_spins: null

2019-08-24 12:13:11 - [TEST_STEP][PASSED] - println("******M4_total_bonus_spins type is:*******" + newline + getClass().getName()): null

2019-08-24 12:13:11 - [TEST_STEP][PASSED] - M4_total_bonus_spins_int = M4_total_bonus_spins_int: null

2019-08-24 12:13:11 - [TEST_STEP][PASSED] - M4_total_bonus_spins = Integer.toString(M4_total_bonus_spins_int): null

2019-08-24 12:13:11 - [TEST_STEP][PASSED] - M4_total_bonus_spins = M4_total_bonus_spins: null

2019-08-24 12:13:11 - [TEST_STEP][PASSED] - println("M4_total_bonus_spins is:" + M4_total_bonus_spins): null

2019-08-24 12:13:11 - [TEST_STEP][PASSED] - M4_spin_bonus_data = bonus_data: null

2019-08-24 12:13:11 - [TEST_STEP][PASSED] - M4_spin_features_triggered = result_M4_spin: null

2019-08-24 12:13:11 - [TEST_STEP][PASSED] - wild = []: null

2019-08-24 12:13:11 - [TEST_STEP][PASSED] - wild[0] = "WILD_Expanding": null

2019-08-24 12:13:11 - [TEST_STEP][PASSED] - wild[1] = "WILD_Normal": null

2019-08-24 12:13:11 - [TEST_STEP][PASSED] - wild[2] = "WILD_Double": null

2019-08-24 12:13:11 - [TEST_STEP][PASSED] - wild[3] = "WILD_ExtraFG": null

2019-08-24 12:13:11 - [TEST_STEP][PASSED] - wild[4] = "WILD_Triple": null

2019-08-24 12:13:11 - [TEST_STEP][PASSED] - wildList = Arrays.asList(wild): null

2019-08-24 12:13:11 - [TEST_STEP][PASSED] - wildList = wildList: null

2019-08-24 12:13:11 - [TEST_STEP][PASSED] - free_spin_reel_counter = []: null

2019-08-24 12:13:11 - [TEST_STEP][PASSED] - free_spin_reel_counter[0] = 0: null

2019-08-24 12:13:11 - [TEST_STEP][PASSED] - free_spin_reel_counter[1] = 0: null

2019-08-24 12:13:11 - [TEST_STEP][PASSED] - free_spin_reel_counter[2] = 0: null

2019-08-24 12:13:11 - [TEST_STEP][PASSED] - M4_spin_reels = reels: null

2019-08-24 12:13:11 - [TEST_STEP][PASSED] - for ([i = 0, i &lt; M4_spin_reels.size(), (i++)]): null

2019-08-24 12:13:11 - [TEST_STEP][PASSED] - symbols = symbols: null

2019-08-24 12:13:11 - [TEST_STEP][PASSED] - for ([j = 0, j &lt; symbols.size(), (j++)]): null

2019-08-24 12:13:11 - [TEST_STEP][PASSED] - symbol = symbol: null

2019-08-24 12:13:11 - [TEST_STEP][PASSED] - println(symbol): null

2019-08-24 12:13:11 - [TEST_STEP][PASSED] - if (i == 2 &amp;&amp; wildList.indexOf(symbol) != -1): null

2019-08-24 12:13:11 - [TEST_STEP][PASSED] - if (i == 3 &amp;&amp; wildList.indexOf(symbol) != -1): null

2019-08-24 12:13:11 - [TEST_STEP][PASSED] - if (i == 4 &amp;&amp; wildList.indexOf(symbol) != -1): null

2019-08-24 12:13:11 - [TEST_STEP][PASSED] - symbol = symbol: null

2019-08-24 12:13:11 - [TEST_STEP][PASSED] - println(symbol): null

2019-08-24 12:13:11 - [TEST_STEP][PASSED] - if (i == 2 &amp;&amp; wildList.indexOf(symbol) != -1): null

2019-08-24 12:13:11 - [TEST_STEP][PASSED] - if (i == 3 &amp;&amp; wildList.indexOf(symbol) != -1): null

2019-08-24 12:13:11 - [TEST_STEP][PASSED] - if (i == 4 &amp;&amp; wildList.indexOf(symbol) != -1): null

2019-08-24 12:13:11 - [TEST_STEP][PASSED] - symbol = symbol: null

2019-08-24 12:13:11 - [TEST_STEP][PASSED] - println(symbol): null

2019-08-24 12:13:11 - [TEST_STEP][PASSED] - if (i == 2 &amp;&amp; wildList.indexOf(symbol) != -1): null

2019-08-24 12:13:11 - [TEST_STEP][PASSED] - if (i == 3 &amp;&amp; wildList.indexOf(symbol) != -1): null

2019-08-24 12:13:11 - [TEST_STEP][PASSED] - if (i == 4 &amp;&amp; wildList.indexOf(symbol) != -1): null

2019-08-24 12:13:11 - [TEST_STEP][PASSED] - symbols = symbols: null

2019-08-24 12:13:11 - [TEST_STEP][PASSED] - for ([j = 0, j &lt; symbols.size(), (j++)]): null

2019-08-24 12:13:11 - [TEST_STEP][PASSED] - symbol = symbol: null

2019-08-24 12:13:11 - [TEST_STEP][PASSED] - println(symbol): null

2019-08-24 12:13:11 - [TEST_STEP][PASSED] - if (i == 2 &amp;&amp; wildList.indexOf(symbol) != -1): null

2019-08-24 12:13:11 - [TEST_STEP][PASSED] - if (i == 3 &amp;&amp; wildList.indexOf(symbol) != -1): null

2019-08-24 12:13:11 - [TEST_STEP][PASSED] - if (i == 4 &amp;&amp; wildList.indexOf(symbol) != -1): null

2019-08-24 12:13:11 - [TEST_STEP][PASSED] - symbol = symbol: null

2019-08-24 12:13:11 - [TEST_STEP][PASSED] - println(symbol): null

2019-08-24 12:13:11 - [TEST_STEP][PASSED] - if (i == 2 &amp;&amp; wildList.indexOf(symbol) != -1): null

2019-08-24 12:13:11 - [TEST_STEP][PASSED] - if (i == 3 &amp;&amp; wildList.indexOf(symbol) != -1): null

2019-08-24 12:13:11 - [TEST_STEP][PASSED] - if (i == 4 &amp;&amp; wildList.indexOf(symbol) != -1): null

2019-08-24 12:13:11 - [TEST_STEP][PASSED] - symbol = symbol: null

2019-08-24 12:13:11 - [TEST_STEP][PASSED] - println(symbol): null

2019-08-24 12:13:11 - [TEST_STEP][PASSED] - if (i == 2 &amp;&amp; wildList.indexOf(symbol) != -1): null

2019-08-24 12:13:11 - [TEST_STEP][PASSED] - if (i == 3 &amp;&amp; wildList.indexOf(symbol) != -1): null

2019-08-24 12:13:11 - [TEST_STEP][PASSED] - if (i == 4 &amp;&amp; wildList.indexOf(symbol) != -1): null

2019-08-24 12:13:11 - [TEST_STEP][PASSED] - symbols = symbols: null

2019-08-24 12:13:11 - [TEST_STEP][PASSED] - for ([j = 0, j &lt; symbols.size(), (j++)]): null

2019-08-24 12:13:11 - [TEST_STEP][PASSED] - symbol = symbol: null

2019-08-24 12:13:11 - [TEST_STEP][PASSED] - println(symbol): null

2019-08-24 12:13:11 - [TEST_STEP][PASSED] - if (i == 2 &amp;&amp; wildList.indexOf(symbol) != -1): null

2019-08-24 12:13:11 - [TEST_STEP][PASSED] - if (i == 3 &amp;&amp; wildList.indexOf(symbol) != -1): null

2019-08-24 12:13:11 - [TEST_STEP][PASSED] - if (i == 4 &amp;&amp; wildList.indexOf(symbol) != -1): null

2019-08-24 12:13:11 - [TEST_STEP][PASSED] - symbol = symbol: null

2019-08-24 12:13:11 - [TEST_STEP][PASSED] - println(symbol): null

2019-08-24 12:13:11 - [TEST_STEP][PASSED] - if (i == 2 &amp;&amp; wildList.indexOf(symbol) != -1): null

2019-08-24 12:13:11 - [TEST_STEP][PASSED] - if (i == 3 &amp;&amp; wildList.indexOf(symbol) != -1): null

2019-08-24 12:13:11 - [TEST_STEP][PASSED] - if (i == 4 &amp;&amp; wildList.indexOf(symbol) != -1): null

2019-08-24 12:13:11 - [TEST_STEP][PASSED] - symbol = symbol: null

2019-08-24 12:13:11 - [TEST_STEP][PASSED] - println(symbol): null

2019-08-24 12:13:11 - [TEST_STEP][PASSED] - if (i == 2 &amp;&amp; wildList.indexOf(symbol) != -1): null

2019-08-24 12:13:11 - [TEST_STEP][PASSED] - if (i == 3 &amp;&amp; wildList.indexOf(symbol) != -1): null

2019-08-24 12:13:11 - [TEST_STEP][PASSED] - if (i == 4 &amp;&amp; wildList.indexOf(symbol) != -1): null

2019-08-24 12:13:11 - [TEST_STEP][PASSED] - symbols = symbols: null

2019-08-24 12:13:11 - [TEST_STEP][PASSED] - for ([j = 0, j &lt; symbols.size(), (j++)]): null

2019-08-24 12:13:11 - [TEST_STEP][PASSED] - symbol = symbol: null

2019-08-24 12:13:11 - [TEST_STEP][PASSED] - println(symbol): null

2019-08-24 12:13:11 - [TEST_STEP][PASSED] - if (i == 2 &amp;&amp; wildList.indexOf(symbol) != -1): null

2019-08-24 12:13:11 - [TEST_STEP][PASSED] - if (i == 3 &amp;&amp; wildList.indexOf(symbol) != -1): null

2019-08-24 12:13:11 - [TEST_STEP][PASSED] - if (i == 4 &amp;&amp; wildList.indexOf(symbol) != -1): null

2019-08-24 12:13:11 - [TEST_STEP][PASSED] - symbol = symbol: null

2019-08-24 12:13:11 - [TEST_STEP][PASSED] - println(symbol): null

2019-08-24 12:13:11 - [TEST_STEP][PASSED] - if (i == 2 &amp;&amp; wildList.indexOf(symbol) != -1): null

2019-08-24 12:13:11 - [TEST_STEP][PASSED] - if (i == 3 &amp;&amp; wildList.indexOf(symbol) != -1): null

2019-08-24 12:13:11 - [TEST_STEP][PASSED] - if (i == 4 &amp;&amp; wildList.indexOf(symbol) != -1): null

2019-08-24 12:13:11 - [TEST_STEP][PASSED] - symbol = symbol: null

2019-08-24 12:13:11 - [TEST_STEP][PASSED] - println(symbol): null

2019-08-24 12:13:11 - [TEST_STEP][PASSED] - if (i == 2 &amp;&amp; wildList.indexOf(symbol) != -1): null

2019-08-24 12:13:11 - [TEST_STEP][PASSED] - if (i == 3 &amp;&amp; wildList.indexOf(symbol) != -1): null

2019-08-24 12:13:11 - [TEST_STEP][PASSED] - if (i == 4 &amp;&amp; wildList.indexOf(symbol) != -1): null

2019-08-24 12:13:11 - [TEST_STEP][PASSED] - symbols = symbols: null

2019-08-24 12:13:11 - [TEST_STEP][PASSED] - for ([j = 0, j &lt; symbols.size(), (j++)]): null

2019-08-24 12:13:11 - [TEST_STEP][PASSED] - symbol = symbol: null

2019-08-24 12:13:11 - [TEST_STEP][PASSED] - println(symbol): null

2019-08-24 12:13:11 - [TEST_STEP][PASSED] - if (i == 2 &amp;&amp; wildList.indexOf(symbol) != -1): null

2019-08-24 12:13:11 - [TEST_STEP][PASSED] - if (i == 3 &amp;&amp; wildList.indexOf(symbol) != -1): null

2019-08-24 12:13:11 - [TEST_STEP][PASSED] - if (i == 4 &amp;&amp; wildList.indexOf(symbol) != -1): null

2019-08-24 12:13:11 - [TEST_STEP][PASSED] - symbol = symbol: null

2019-08-24 12:13:11 - [TEST_STEP][PASSED] - println(symbol): null

2019-08-24 12:13:11 - [TEST_STEP][PASSED] - if (i == 2 &amp;&amp; wildList.indexOf(symbol) != -1): null

2019-08-24 12:13:11 - [TEST_STEP][PASSED] - if (i == 3 &amp;&amp; wildList.indexOf(symbol) != -1): null

2019-08-24 12:13:11 - [TEST_STEP][PASSED] - if (i == 4 &amp;&amp; wildList.indexOf(symbol) != -1): null

2019-08-24 12:13:11 - [TEST_STEP][PASSED] - symbol = symbol: null

2019-08-24 12:13:11 - [TEST_STEP][PASSED] - println(symbol): null

2019-08-24 12:13:11 - [TEST_STEP][PASSED] - if (i == 2 &amp;&amp; wildList.indexOf(symbol) != -1): null

2019-08-24 12:13:11 - [TEST_STEP][PASSED] - if (i == 3 &amp;&amp; wildList.indexOf(symbol) != -1): null

2019-08-24 12:13:11 - [TEST_STEP][PASSED] - if (i == 4 &amp;&amp; wildList.indexOf(symbol) != -1): null

2019-08-24 12:13:11 - [TEST_STEP][PASSED] - free_spin_reel_counter = free_spin_reel_counter: null

2019-08-24 12:13:11 - [TEST_STEP][PASSED] - println("reel 3 wild found: " + free_spin_reel_counter[0]): null

2019-08-24 12:13:11 - [TEST_STEP][PASSED] - println("reel 4 wild found: " + free_spin_reel_counter[1]): null

2019-08-24 12:13:11 - [TEST_STEP][PASSED] - println("reel 5 wild found: " + free_spin_reel_counter[2]): null

2019-08-24 12:13:11 - [TEST_STEP][PASSED] - M4_spin_reels = M4_spin_reels: null

2019-08-24 12:13:11 - [TEST_STEP][PASSED] - M4_spin_reels_symbols = symbol: null

2019-08-24 12:13:11 - [TEST_STEP][PASSED] - M4_spin_reels_symbols = M4_spin_reels_symbols: null

2019-08-24 12:13:11 - [TEST_STEP][PASSED] - M4_spin_reel_wins = reel_wins: null

2019-08-24 12:13:11 - [TEST_STEP][PASSED] - M4_spin_reel_wins = M4_spin_reel_wins: null

2019-08-24 12:13:11 - [TEST_STEP][PASSED] - println("GlobalVariable.M4_spin_reel_wins is: " + M4_spin_reel_wins): null

2019-08-24 12:13:11 - [TEST_STEP][PASSED] - M4_spin_total_bonus_win_this_round = total_bonus_win_this_round: null

2019-08-24 12:13:11 - [TEST_STEP][PASSED] - M4_spin_total_bonus_win_this_round = M4_spin_total_bonus_win_this_round: null

2019-08-24 12:13:11 - [TEST_STEP][PASSED] - println("GlobalVariable.M4_spin_total_bonus_win_this_round is: " + M4_spin_total_bonus_win_this_round): null

2019-08-24 12:13:11 - [TEST_STEP][PASSED] - M4_spin_bonus_spin_result = spin_result: null

2019-08-24 12:13:11 - [TEST_STEP][PASSED] - M4_spin_bonus_spin_result = M4_spin_bonus_spin_result: null

2019-08-24 12:13:11 - [MESSAGE][PASSED] - Verify response successfully

2019-08-24 12:13:11 - [MESSAGE][PASSED] - Send request and verify the response successfully

2019-08-24 12:13:11 - [TEST_STEP][PASSED] - if (M4_total_bonus_spins_int != 0 &amp;&amp; M4_spin_reels_symbols[2].contains("WILD_ExtraFG") || M4_spin_reels_symbols[3].contains("WILD_ExtraFG")): null

2019-08-24 12:13:11 - [TEST_STEP][PASSED] - free_spin_reel_counter = free_spin_reel_counter: null

2019-08-24 12:13:11 - [TEST_STEP][PASSED] - M4_spin_reels_symbols = M4_spin_reels_symbols: null

2019-08-24 12:13:11 - [TEST_STEP][PASSED] - M4_total_bonus_spins = M4_total_bonus_spins: null

2019-08-24 12:13:11 - [TEST_STEP][PASSED] - spin_result = sendRequestAndVerify(findTestObject("INT/RGS(M4)/1_M4_spin", ["M4_login_user_id":M4_login_user_id, "rgs_session_token":rgs_session_token, "partner":Partner])): Send request and verify the response successfully

2019-08-24 12:13:12 - [MESSAGE][INFO] - HAR: /Users/eiralee/Katalon_Script/SuperWild/Reports/20190824_120919/INT/superWild_3/20190824_120919/requests/main/66.har

2019-08-24 12:13:12 - [TEST_CASE][PASSED] - Start Test Case : Verification: Verification accomplished successfully

2019-08-24 12:13:12 - [TEST_STEP][PASSED] - request = getInstance().getCurrentRequest(): null

2019-08-24 12:13:12 - [TEST_STEP][PASSED] - response = getInstance().getCurrentResponse(): null

2019-08-24 12:13:12 - [TEST_STEP][PASSED] - verifyResponseStatusCode(response, 200): Verify response status code successfully

2019-08-24 12:13:12 - [MESSAGE][PASSED] - Verify response status code successfully

2019-08-24 12:13:12 - [TEST_STEP][PASSED] - getStatusCode()).isEqualTo(200): null

2019-08-24 12:13:12 - [TEST_STEP][PASSED] - newline = System.getProperty("line.separator"): null

2019-08-24 12:13:12 - [TEST_STEP][PASSED] - M4_spin = new groovy.json.JsonSlurper(): null

2019-08-24 12:13:12 - [TEST_STEP][PASSED] - result_M4_spin = M4_spin.parseText(response.getResponseBodyContent()): null

2019-08-24 12:13:12 - [TEST_STEP][PASSED] - M4_spin_current_balance = current_balance: null

2019-08-24 12:13:12 - [TEST_STEP][PASSED] - M4_spin_current_balance = M4_spin_current_balance: null

2019-08-24 12:13:12 - [TEST_STEP][PASSED] - M4_spin_transaction_id = causality: null

2019-08-24 12:13:12 - [TEST_STEP][PASSED] - M4_spin_transaction_id = M4_spin_transaction_id: null

2019-08-24 12:13:12 - [TEST_STEP][PASSED] - M4_spin_round_id = round_id: null

2019-08-24 12:13:12 - [TEST_STEP][PASSED] - M4_spin_round_id = M4_spin_round_id: null

2019-08-24 12:13:12 - [TEST_STEP][PASSED] - M4_spin_line_wins = line_wins: null

2019-08-24 12:13:12 - [TEST_STEP][PASSED] - M4_spin_line_wins = M4_spin_line_wins: null

2019-08-24 12:13:12 - [TEST_STEP][PASSED] - M4_total_bonus_spins_int = total_bonus_spins: null

2019-08-24 12:13:12 - [TEST_STEP][PASSED] - println("******M4_total_bonus_spins type is:*******" + newline + getClass().getName()): null

2019-08-24 12:13:12 - [TEST_STEP][PASSED] - M4_total_bonus_spins_int = M4_total_bonus_spins_int: null

2019-08-24 12:13:12 - [TEST_STEP][PASSED] - M4_total_bonus_spins = Integer.toString(M4_total_bonus_spins_int): null

2019-08-24 12:13:12 - [TEST_STEP][PASSED] - M4_total_bonus_spins = M4_total_bonus_spins: null

2019-08-24 12:13:12 - [TEST_STEP][PASSED] - println("M4_total_bonus_spins is:" + M4_total_bonus_spins): null

2019-08-24 12:13:12 - [TEST_STEP][PASSED] - M4_spin_bonus_data = bonus_data: null

2019-08-24 12:13:12 - [TEST_STEP][PASSED] - M4_spin_features_triggered = result_M4_spin: null

2019-08-24 12:13:12 - [TEST_STEP][PASSED] - wild = []: null

2019-08-24 12:13:12 - [TEST_STEP][PASSED] - wild[0] = "WILD_Expanding": null

2019-08-24 12:13:12 - [TEST_STEP][PASSED] - wild[1] = "WILD_Normal": null

2019-08-24 12:13:12 - [TEST_STEP][PASSED] - wild[2] = "WILD_Double": null

2019-08-24 12:13:12 - [TEST_STEP][PASSED] - wild[3] = "WILD_ExtraFG": null

2019-08-24 12:13:12 - [TEST_STEP][PASSED] - wild[4] = "WILD_Triple": null

2019-08-24 12:13:12 - [TEST_STEP][PASSED] - wildList = Arrays.asList(wild): null

2019-08-24 12:13:12 - [TEST_STEP][PASSED] - wildList = wildList: null

2019-08-24 12:13:12 - [TEST_STEP][PASSED] - free_spin_reel_counter = []: null

2019-08-24 12:13:12 - [TEST_STEP][PASSED] - free_spin_reel_counter[0] = 0: null

2019-08-24 12:13:12 - [TEST_STEP][PASSED] - free_spin_reel_counter[1] = 0: null

2019-08-24 12:13:12 - [TEST_STEP][PASSED] - free_spin_reel_counter[2] = 0: null

2019-08-24 12:13:12 - [TEST_STEP][PASSED] - M4_spin_reels = reels: null

2019-08-24 12:13:12 - [TEST_STEP][PASSED] - for ([i = 0, i &lt; M4_spin_reels.size(), (i++)]): null

2019-08-24 12:13:12 - [TEST_STEP][PASSED] - symbols = symbols: null

2019-08-24 12:13:12 - [TEST_STEP][PASSED] - for ([j = 0, j &lt; symbols.size(), (j++)]): null

2019-08-24 12:13:12 - [TEST_STEP][PASSED] - symbol = symbol: null

2019-08-24 12:13:12 - [TEST_STEP][PASSED] - println(symbol): null

2019-08-24 12:13:12 - [TEST_STEP][PASSED] - if (i == 2 &amp;&amp; wildList.indexOf(symbol) != -1): null

2019-08-24 12:13:12 - [TEST_STEP][PASSED] - if (i == 3 &amp;&amp; wildList.indexOf(symbol) != -1): null

2019-08-24 12:13:12 - [TEST_STEP][PASSED] - if (i == 4 &amp;&amp; wildList.indexOf(symbol) != -1): null

2019-08-24 12:13:12 - [TEST_STEP][PASSED] - symbol = symbol: null

2019-08-24 12:13:12 - [TEST_STEP][PASSED] - println(symbol): null

2019-08-24 12:13:12 - [TEST_STEP][PASSED] - if (i == 2 &amp;&amp; wildList.indexOf(symbol) != -1): null

2019-08-24 12:13:12 - [TEST_STEP][PASSED] - if (i == 3 &amp;&amp; wildList.indexOf(symbol) != -1): null

2019-08-24 12:13:12 - [TEST_STEP][PASSED] - if (i == 4 &amp;&amp; wildList.indexOf(symbol) != -1): null

2019-08-24 12:13:12 - [TEST_STEP][PASSED] - symbol = symbol: null

2019-08-24 12:13:12 - [TEST_STEP][PASSED] - println(symbol): null

2019-08-24 12:13:12 - [TEST_STEP][PASSED] - if (i == 2 &amp;&amp; wildList.indexOf(symbol) != -1): null

2019-08-24 12:13:12 - [TEST_STEP][PASSED] - if (i == 3 &amp;&amp; wildList.indexOf(symbol) != -1): null

2019-08-24 12:13:12 - [TEST_STEP][PASSED] - if (i == 4 &amp;&amp; wildList.indexOf(symbol) != -1): null

2019-08-24 12:13:12 - [TEST_STEP][PASSED] - symbols = symbols: null

2019-08-24 12:13:12 - [TEST_STEP][PASSED] - for ([j = 0, j &lt; symbols.size(), (j++)]): null

2019-08-24 12:13:12 - [TEST_STEP][PASSED] - symbol = symbol: null

2019-08-24 12:13:12 - [TEST_STEP][PASSED] - println(symbol): null

2019-08-24 12:13:12 - [TEST_STEP][PASSED] - if (i == 2 &amp;&amp; wildList.indexOf(symbol) != -1): null

2019-08-24 12:13:12 - [TEST_STEP][PASSED] - if (i == 3 &amp;&amp; wildList.indexOf(symbol) != -1): null

2019-08-24 12:13:12 - [TEST_STEP][PASSED] - if (i == 4 &amp;&amp; wildList.indexOf(symbol) != -1): null

2019-08-24 12:13:12 - [TEST_STEP][PASSED] - symbol = symbol: null

2019-08-24 12:13:12 - [TEST_STEP][PASSED] - println(symbol): null

2019-08-24 12:13:12 - [TEST_STEP][PASSED] - if (i == 2 &amp;&amp; wildList.indexOf(symbol) != -1): null

2019-08-24 12:13:12 - [TEST_STEP][PASSED] - if (i == 3 &amp;&amp; wildList.indexOf(symbol) != -1): null

2019-08-24 12:13:12 - [TEST_STEP][PASSED] - if (i == 4 &amp;&amp; wildList.indexOf(symbol) != -1): null

2019-08-24 12:13:12 - [TEST_STEP][PASSED] - symbol = symbol: null

2019-08-24 12:13:12 - [TEST_STEP][PASSED] - println(symbol): null

2019-08-24 12:13:12 - [TEST_STEP][PASSED] - if (i == 2 &amp;&amp; wildList.indexOf(symbol) != -1): null

2019-08-24 12:13:12 - [TEST_STEP][PASSED] - if (i == 3 &amp;&amp; wildList.indexOf(symbol) != -1): null

2019-08-24 12:13:12 - [TEST_STEP][PASSED] - if (i == 4 &amp;&amp; wildList.indexOf(symbol) != -1): null

2019-08-24 12:13:12 - [TEST_STEP][PASSED] - symbols = symbols: null

2019-08-24 12:13:12 - [TEST_STEP][PASSED] - for ([j = 0, j &lt; symbols.size(), (j++)]): null

2019-08-24 12:13:12 - [TEST_STEP][PASSED] - symbol = symbol: null

2019-08-24 12:13:12 - [TEST_STEP][PASSED] - println(symbol): null

2019-08-24 12:13:12 - [TEST_STEP][PASSED] - if (i == 2 &amp;&amp; wildList.indexOf(symbol) != -1): null

2019-08-24 12:13:12 - [TEST_STEP][PASSED] - if (i == 3 &amp;&amp; wildList.indexOf(symbol) != -1): null

2019-08-24 12:13:12 - [TEST_STEP][PASSED] - if (i == 4 &amp;&amp; wildList.indexOf(symbol) != -1): null

2019-08-24 12:13:12 - [TEST_STEP][PASSED] - symbol = symbol: null

2019-08-24 12:13:12 - [TEST_STEP][PASSED] - println(symbol): null

2019-08-24 12:13:12 - [TEST_STEP][PASSED] - if (i == 2 &amp;&amp; wildList.indexOf(symbol) != -1): null

2019-08-24 12:13:12 - [TEST_STEP][PASSED] - if (i == 3 &amp;&amp; wildList.indexOf(symbol) != -1): null

2019-08-24 12:13:12 - [TEST_STEP][PASSED] - if (i == 4 &amp;&amp; wildList.indexOf(symbol) != -1): null

2019-08-24 12:13:12 - [TEST_STEP][PASSED] - symbol = symbol: null

2019-08-24 12:13:12 - [TEST_STEP][PASSED] - println(symbol): null

2019-08-24 12:13:12 - [TEST_STEP][PASSED] - if (i == 2 &amp;&amp; wildList.indexOf(symbol) != -1): null

2019-08-24 12:13:12 - [TEST_STEP][PASSED] - println("wild found on reel 3, adding counter by 1"): null

2019-08-24 12:13:12 - [TEST_STEP][PASSED] - free_spin_reel_counter[0] = free_spin_reel_counter[0] + 1: null

2019-08-24 12:13:12 - [TEST_STEP][PASSED] - if (i == 3 &amp;&amp; wildList.indexOf(symbol) != -1): null

2019-08-24 12:13:12 - [TEST_STEP][PASSED] - if (i == 4 &amp;&amp; wildList.indexOf(symbol) != -1): null

2019-08-24 12:13:12 - [TEST_STEP][PASSED] - symbols = symbols: null

2019-08-24 12:13:12 - [TEST_STEP][PASSED] - for ([j = 0, j &lt; symbols.size(), (j++)]): null

2019-08-24 12:13:12 - [TEST_STEP][PASSED] - symbol = symbol: null

2019-08-24 12:13:12 - [TEST_STEP][PASSED] - println(symbol): null

2019-08-24 12:13:12 - [TEST_STEP][PASSED] - if (i == 2 &amp;&amp; wildList.indexOf(symbol) != -1): null

2019-08-24 12:13:12 - [TEST_STEP][PASSED] - if (i == 3 &amp;&amp; wildList.indexOf(symbol) != -1): null

2019-08-24 12:13:12 - [TEST_STEP][PASSED] - if (i == 4 &amp;&amp; wildList.indexOf(symbol) != -1): null

2019-08-24 12:13:12 - [TEST_STEP][PASSED] - symbol = symbol: null

2019-08-24 12:13:12 - [TEST_STEP][PASSED] - println(symbol): null

2019-08-24 12:13:12 - [TEST_STEP][PASSED] - if (i == 2 &amp;&amp; wildList.indexOf(symbol) != -1): null

2019-08-24 12:13:12 - [TEST_STEP][PASSED] - if (i == 3 &amp;&amp; wildList.indexOf(symbol) != -1): null

2019-08-24 12:13:12 - [TEST_STEP][PASSED] - if (i == 4 &amp;&amp; wildList.indexOf(symbol) != -1): null

2019-08-24 12:13:12 - [TEST_STEP][PASSED] - symbol = symbol: null

2019-08-24 12:13:12 - [TEST_STEP][PASSED] - println(symbol): null

2019-08-24 12:13:12 - [TEST_STEP][PASSED] - if (i == 2 &amp;&amp; wildList.indexOf(symbol) != -1): null

2019-08-24 12:13:12 - [TEST_STEP][PASSED] - if (i == 3 &amp;&amp; wildList.indexOf(symbol) != -1): null

2019-08-24 12:13:12 - [TEST_STEP][PASSED] - if (i == 4 &amp;&amp; wildList.indexOf(symbol) != -1): null

2019-08-24 12:13:12 - [TEST_STEP][PASSED] - symbols = symbols: null

2019-08-24 12:13:12 - [TEST_STEP][PASSED] - for ([j = 0, j &lt; symbols.size(), (j++)]): null

2019-08-24 12:13:12 - [TEST_STEP][PASSED] - symbol = symbol: null

2019-08-24 12:13:12 - [TEST_STEP][PASSED] - println(symbol): null

2019-08-24 12:13:12 - [TEST_STEP][PASSED] - if (i == 2 &amp;&amp; wildList.indexOf(symbol) != -1): null

2019-08-24 12:13:12 - [TEST_STEP][PASSED] - if (i == 3 &amp;&amp; wildList.indexOf(symbol) != -1): null

2019-08-24 12:13:12 - [TEST_STEP][PASSED] - if (i == 4 &amp;&amp; wildList.indexOf(symbol) != -1): null

2019-08-24 12:13:12 - [TEST_STEP][PASSED] - symbol = symbol: null

2019-08-24 12:13:12 - [TEST_STEP][PASSED] - println(symbol): null

2019-08-24 12:13:12 - [TEST_STEP][PASSED] - if (i == 2 &amp;&amp; wildList.indexOf(symbol) != -1): null

2019-08-24 12:13:12 - [TEST_STEP][PASSED] - if (i == 3 &amp;&amp; wildList.indexOf(symbol) != -1): null

2019-08-24 12:13:12 - [TEST_STEP][PASSED] - if (i == 4 &amp;&amp; wildList.indexOf(symbol) != -1): null

2019-08-24 12:13:12 - [TEST_STEP][PASSED] - println("wild found on reel 5, adding counter by 1"): null

2019-08-24 12:13:12 - [TEST_STEP][PASSED] - free_spin_reel_counter[2] = free_spin_reel_counter[2] + 1: null

2019-08-24 12:13:12 - [TEST_STEP][PASSED] - symbol = symbol: null

2019-08-24 12:13:12 - [TEST_STEP][PASSED] - println(symbol): null

2019-08-24 12:13:12 - [TEST_STEP][PASSED] - if (i == 2 &amp;&amp; wildList.indexOf(symbol) != -1): null

2019-08-24 12:13:12 - [TEST_STEP][PASSED] - if (i == 3 &amp;&amp; wildList.indexOf(symbol) != -1): null

2019-08-24 12:13:12 - [TEST_STEP][PASSED] - if (i == 4 &amp;&amp; wildList.indexOf(symbol) != -1): null

2019-08-24 12:13:12 - [TEST_STEP][PASSED] - free_spin_reel_counter = free_spin_reel_counter: null

2019-08-24 12:13:12 - [TEST_STEP][PASSED] - println("reel 3 wild found: " + free_spin_reel_counter[0]): null

2019-08-24 12:13:12 - [TEST_STEP][PASSED] - println("reel 4 wild found: " + free_spin_reel_counter[1]): null

2019-08-24 12:13:12 - [TEST_STEP][PASSED] - println("reel 5 wild found: " + free_spin_reel_counter[2]): null

2019-08-24 12:13:12 - [TEST_STEP][PASSED] - M4_spin_reels = M4_spin_reels: null

2019-08-24 12:13:12 - [TEST_STEP][PASSED] - M4_spin_reels_symbols = symbol: null

2019-08-24 12:13:12 - [TEST_STEP][PASSED] - M4_spin_reels_symbols = M4_spin_reels_symbols: null

2019-08-24 12:13:12 - [TEST_STEP][PASSED] - M4_spin_reel_wins = reel_wins: null

2019-08-24 12:13:12 - [TEST_STEP][PASSED] - M4_spin_reel_wins = M4_spin_reel_wins: null

2019-08-24 12:13:12 - [TEST_STEP][PASSED] - println("GlobalVariable.M4_spin_reel_wins is: " + M4_spin_reel_wins): null

2019-08-24 12:13:12 - [TEST_STEP][PASSED] - M4_spin_total_bonus_win_this_round = total_bonus_win_this_round: null

2019-08-24 12:13:12 - [TEST_STEP][PASSED] - M4_spin_total_bonus_win_this_round = M4_spin_total_bonus_win_this_round: null

2019-08-24 12:13:12 - [TEST_STEP][PASSED] - println("GlobalVariable.M4_spin_total_bonus_win_this_round is: " + M4_spin_total_bonus_win_this_round): null

2019-08-24 12:13:12 - [TEST_STEP][PASSED] - M4_spin_bonus_spin_result = spin_result: null

2019-08-24 12:13:12 - [TEST_STEP][PASSED] - M4_spin_bonus_spin_result = M4_spin_bonus_spin_result: null

2019-08-24 12:13:12 - [MESSAGE][PASSED] - Verify response successfully

2019-08-24 12:13:12 - [MESSAGE][PASSED] - Send request and verify the response successfully

2019-08-24 12:13:12 - [TEST_STEP][PASSED] - if (M4_total_bonus_spins_int != 0 &amp;&amp; M4_spin_reels_symbols[2].contains("WILD_ExtraFG") || M4_spin_reels_symbols[3].contains("WILD_ExtraFG")): null

2019-08-24 12:13:12 - [TEST_STEP][PASSED] - free_spin_reel_counter = free_spin_reel_counter: null

2019-08-24 12:13:12 - [TEST_STEP][PASSED] - M4_spin_reels_symbols = M4_spin_reels_symbols: null

2019-08-24 12:13:12 - [TEST_STEP][PASSED] - M4_total_bonus_spins = M4_total_bonus_spins: null

2019-08-24 12:13:12 - [TEST_STEP][PASSED] - spin_result = sendRequestAndVerify(findTestObject("INT/RGS(M4)/1_M4_spin", ["M4_login_user_id":M4_login_user_id, "rgs_session_token":rgs_session_token, "partner":Partner])): Send request and verify the response successfully

2019-08-24 12:13:12 - [MESSAGE][INFO] - HAR: /Users/eiralee/Katalon_Script/SuperWild/Reports/20190824_120919/INT/superWild_3/20190824_120919/requests/main/67.har

2019-08-24 12:13:12 - [TEST_CASE][PASSED] - Start Test Case : Verification: Verification accomplished successfully

2019-08-24 12:13:12 - [TEST_STEP][PASSED] - request = getInstance().getCurrentRequest(): null

2019-08-24 12:13:12 - [TEST_STEP][PASSED] - response = getInstance().getCurrentResponse(): null

2019-08-24 12:13:12 - [TEST_STEP][PASSED] - verifyResponseStatusCode(response, 200): Verify response status code successfully

2019-08-24 12:13:12 - [MESSAGE][PASSED] - Verify response status code successfully

2019-08-24 12:13:12 - [TEST_STEP][PASSED] - getStatusCode()).isEqualTo(200): null

2019-08-24 12:13:12 - [TEST_STEP][PASSED] - newline = System.getProperty("line.separator"): null

2019-08-24 12:13:12 - [TEST_STEP][PASSED] - M4_spin = new groovy.json.JsonSlurper(): null

2019-08-24 12:13:12 - [TEST_STEP][PASSED] - result_M4_spin = M4_spin.parseText(response.getResponseBodyContent()): null

2019-08-24 12:13:12 - [TEST_STEP][PASSED] - M4_spin_current_balance = current_balance: null

2019-08-24 12:13:12 - [TEST_STEP][PASSED] - M4_spin_current_balance = M4_spin_current_balance: null

2019-08-24 12:13:12 - [TEST_STEP][PASSED] - M4_spin_transaction_id = causality: null

2019-08-24 12:13:12 - [TEST_STEP][PASSED] - M4_spin_transaction_id = M4_spin_transaction_id: null

2019-08-24 12:13:12 - [TEST_STEP][PASSED] - M4_spin_round_id = round_id: null

2019-08-24 12:13:12 - [TEST_STEP][PASSED] - M4_spin_round_id = M4_spin_round_id: null

2019-08-24 12:13:12 - [TEST_STEP][PASSED] - M4_spin_line_wins = line_wins: null

2019-08-24 12:13:12 - [TEST_STEP][PASSED] - M4_spin_line_wins = M4_spin_line_wins: null

2019-08-24 12:13:12 - [TEST_STEP][PASSED] - M4_total_bonus_spins_int = total_bonus_spins: null

2019-08-24 12:13:16 - [TEST_STEP][PASSED] - println("******M4_total_bonus_spins type is:*******" + newline + getClass().getName()): null

2019-08-24 12:13:16 - [TEST_STEP][PASSED] - M4_total_bonus_spins_int = M4_total_bonus_spins_int: null

2019-08-24 12:13:16 - [TEST_STEP][PASSED] - M4_total_bonus_spins = Integer.toString(M4_total_bonus_spins_int): null

2019-08-24 12:13:16 - [TEST_STEP][PASSED] - M4_total_bonus_spins = M4_total_bonus_spins: null

2019-08-24 12:13:16 - [TEST_STEP][PASSED] - println("M4_total_bonus_spins is:" + M4_total_bonus_spins): null

2019-08-24 12:13:16 - [TEST_STEP][PASSED] - M4_spin_bonus_data = bonus_data: null

2019-08-24 12:13:16 - [TEST_STEP][PASSED] - M4_spin_features_triggered = result_M4_spin: null

2019-08-24 12:13:16 - [TEST_STEP][PASSED] - wild = []: null

2019-08-24 12:13:16 - [TEST_STEP][PASSED] - wild[0] = "WILD_Expanding": null

2019-08-24 12:13:16 - [TEST_STEP][PASSED] - wild[1] = "WILD_Normal": null

2019-08-24 12:13:19 - [TEST_STEP][PASSED] - wild[2] = "WILD_Double": null

2019-08-24 12:13:19 - [TEST_STEP][PASSED] - wild[3] = "WILD_ExtraFG": null

2019-08-24 12:13:19 - [TEST_STEP][PASSED] - wild[4] = "WILD_Triple": null

2019-08-24 12:13:19 - [TEST_STEP][PASSED] - wildList = Arrays.asList(wild): null

2019-08-24 12:13:19 - [TEST_STEP][PASSED] - wildList = wildList: null

2019-08-24 12:13:19 - [TEST_STEP][PASSED] - free_spin_reel_counter = []: null

2019-08-24 12:13:19 - [TEST_STEP][PASSED] - free_spin_reel_counter[0] = 0: null

2019-08-24 12:13:19 - [TEST_STEP][PASSED] - free_spin_reel_counter[1] = 0: null

2019-08-24 12:13:19 - [TEST_STEP][PASSED] - free_spin_reel_counter[2] = 0: null

2019-08-24 12:13:19 - [TEST_STEP][PASSED] - M4_spin_reels = reels: null

2019-08-24 12:13:19 - [TEST_STEP][PASSED] - for ([i = 0, i &lt; M4_spin_reels.size(), (i++)]): null

2019-08-24 12:13:19 - [TEST_STEP][PASSED] - symbols = symbols: null

2019-08-24 12:13:19 - [TEST_STEP][PASSED] - for ([j = 0, j &lt; symbols.size(), (j++)]): null

2019-08-24 12:13:19 - [TEST_STEP][PASSED] - symbol = symbol: null

2019-08-24 12:13:19 - [TEST_STEP][PASSED] - println(symbol): null

2019-08-24 12:13:19 - [TEST_STEP][PASSED] - if (i == 2 &amp;&amp; wildList.indexOf(symbol) != -1): null

2019-08-24 12:13:19 - [TEST_STEP][PASSED] - if (i == 3 &amp;&amp; wildList.indexOf(symbol) != -1): null

2019-08-24 12:13:19 - [TEST_STEP][PASSED] - if (i == 4 &amp;&amp; wildList.indexOf(symbol) != -1): null

2019-08-24 12:13:19 - [TEST_STEP][PASSED] - symbol = symbol: null

2019-08-24 12:13:19 - [TEST_STEP][PASSED] - println(symbol): null

2019-08-24 12:13:19 - [TEST_STEP][PASSED] - if (i == 2 &amp;&amp; wildList.indexOf(symbol) != -1): null

2019-08-24 12:13:19 - [TEST_STEP][PASSED] - if (i == 3 &amp;&amp; wildList.indexOf(symbol) != -1): null

2019-08-24 12:13:19 - [TEST_STEP][PASSED] - if (i == 4 &amp;&amp; wildList.indexOf(symbol) != -1): null

2019-08-24 12:13:19 - [TEST_STEP][PASSED] - symbol = symbol: null

2019-08-24 12:13:19 - [TEST_STEP][PASSED] - println(symbol): null

2019-08-24 12:13:19 - [TEST_STEP][PASSED] - if (i == 2 &amp;&amp; wildList.indexOf(symbol) != -1): null

2019-08-24 12:13:19 - [TEST_STEP][PASSED] - if (i == 3 &amp;&amp; wildList.indexOf(symbol) != -1): null

2019-08-24 12:13:19 - [TEST_STEP][PASSED] - if (i == 4 &amp;&amp; wildList.indexOf(symbol) != -1): null

2019-08-24 12:13:19 - [TEST_STEP][PASSED] - symbols = symbols: null

2019-08-24 12:13:19 - [TEST_STEP][PASSED] - for ([j = 0, j &lt; symbols.size(), (j++)]): null

2019-08-24 12:13:19 - [TEST_STEP][PASSED] - symbol = symbol: null

2019-08-24 12:13:19 - [TEST_STEP][PASSED] - println(symbol): null

2019-08-24 12:13:19 - [TEST_STEP][PASSED] - if (i == 2 &amp;&amp; wildList.indexOf(symbol) != -1): null

2019-08-24 12:13:19 - [TEST_STEP][PASSED] - if (i == 3 &amp;&amp; wildList.indexOf(symbol) != -1): null

2019-08-24 12:13:19 - [TEST_STEP][PASSED] - if (i == 4 &amp;&amp; wildList.indexOf(symbol) != -1): null

2019-08-24 12:13:19 - [TEST_STEP][PASSED] - symbol = symbol: null

2019-08-24 12:13:19 - [TEST_STEP][PASSED] - println(symbol): null

2019-08-24 12:13:19 - [TEST_STEP][PASSED] - if (i == 2 &amp;&amp; wildList.indexOf(symbol) != -1): null

2019-08-24 12:13:19 - [TEST_STEP][PASSED] - if (i == 3 &amp;&amp; wildList.indexOf(symbol) != -1): null

2019-08-24 12:13:19 - [TEST_STEP][PASSED] - if (i == 4 &amp;&amp; wildList.indexOf(symbol) != -1): null

2019-08-24 12:13:19 - [TEST_STEP][PASSED] - symbol = symbol: null

2019-08-24 12:13:19 - [TEST_STEP][PASSED] - println(symbol): null

2019-08-24 12:13:19 - [TEST_STEP][PASSED] - if (i == 2 &amp;&amp; wildList.indexOf(symbol) != -1): null

2019-08-24 12:13:19 - [TEST_STEP][PASSED] - if (i == 3 &amp;&amp; wildList.indexOf(symbol) != -1): null

2019-08-24 12:13:19 - [TEST_STEP][PASSED] - if (i == 4 &amp;&amp; wildList.indexOf(symbol) != -1): null

2019-08-24 12:13:19 - [TEST_STEP][PASSED] - symbols = symbols: null

2019-08-24 12:13:19 - [TEST_STEP][PASSED] - for ([j = 0, j &lt; symbols.size(), (j++)]): null

2019-08-24 12:13:19 - [TEST_STEP][PASSED] - symbol = symbol: null

2019-08-24 12:13:19 - [TEST_STEP][PASSED] - println(symbol): null

2019-08-24 12:13:19 - [TEST_STEP][PASSED] - if (i == 2 &amp;&amp; wildList.indexOf(symbol) != -1): null

2019-08-24 12:13:19 - [TEST_STEP][PASSED] - if (i == 3 &amp;&amp; wildList.indexOf(symbol) != -1): null

2019-08-24 12:13:19 - [TEST_STEP][PASSED] - if (i == 4 &amp;&amp; wildList.indexOf(symbol) != -1): null

2019-08-24 12:13:19 - [TEST_STEP][PASSED] - symbol = symbol: null

2019-08-24 12:13:19 - [TEST_STEP][PASSED] - println(symbol): null

2019-08-24 12:13:19 - [TEST_STEP][PASSED] - if (i == 2 &amp;&amp; wildList.indexOf(symbol) != -1): null

2019-08-24 12:13:19 - [TEST_STEP][PASSED] - if (i == 3 &amp;&amp; wildList.indexOf(symbol) != -1): null

2019-08-24 12:13:19 - [TEST_STEP][PASSED] - if (i == 4 &amp;&amp; wildList.indexOf(symbol) != -1): null

2019-08-24 12:13:19 - [TEST_STEP][PASSED] - symbol = symbol: null

2019-08-24 12:13:19 - [TEST_STEP][PASSED] - println(symbol): null

2019-08-24 12:13:19 - [TEST_STEP][PASSED] - if (i == 2 &amp;&amp; wildList.indexOf(symbol) != -1): null

2019-08-24 12:13:19 - [TEST_STEP][PASSED] - if (i == 3 &amp;&amp; wildList.indexOf(symbol) != -1): null

2019-08-24 12:13:19 - [TEST_STEP][PASSED] - if (i == 4 &amp;&amp; wildList.indexOf(symbol) != -1): null

2019-08-24 12:13:19 - [TEST_STEP][PASSED] - symbols = symbols: null

2019-08-24 12:13:19 - [TEST_STEP][PASSED] - for ([j = 0, j &lt; symbols.size(), (j++)]): null

2019-08-24 12:13:19 - [TEST_STEP][PASSED] - symbol = symbol: null

2019-08-24 12:13:19 - [TEST_STEP][PASSED] - println(symbol): null

2019-08-24 12:13:19 - [TEST_STEP][PASSED] - if (i == 2 &amp;&amp; wildList.indexOf(symbol) != -1): null

2019-08-24 12:13:19 - [TEST_STEP][PASSED] - if (i == 3 &amp;&amp; wildList.indexOf(symbol) != -1): null

2019-08-24 12:13:19 - [TEST_STEP][PASSED] - if (i == 4 &amp;&amp; wildList.indexOf(symbol) != -1): null

2019-08-24 12:13:19 - [TEST_STEP][PASSED] - symbol = symbol: null

2019-08-24 12:13:19 - [TEST_STEP][PASSED] - println(symbol): null

2019-08-24 12:13:19 - [TEST_STEP][PASSED] - if (i == 2 &amp;&amp; wildList.indexOf(symbol) != -1): null

2019-08-24 12:13:19 - [TEST_STEP][PASSED] - if (i == 3 &amp;&amp; wildList.indexOf(symbol) != -1): null

2019-08-24 12:13:19 - [TEST_STEP][PASSED] - if (i == 4 &amp;&amp; wildList.indexOf(symbol) != -1): null

2019-08-24 12:13:19 - [TEST_STEP][PASSED] - symbol = symbol: null

2019-08-24 12:13:19 - [TEST_STEP][PASSED] - println(symbol): null

2019-08-24 12:13:19 - [TEST_STEP][PASSED] - if (i == 2 &amp;&amp; wildList.indexOf(symbol) != -1): null

2019-08-24 12:13:19 - [TEST_STEP][PASSED] - if (i == 3 &amp;&amp; wildList.indexOf(symbol) != -1): null

2019-08-24 12:13:19 - [TEST_STEP][PASSED] - if (i == 4 &amp;&amp; wildList.indexOf(symbol) != -1): null

2019-08-24 12:13:19 - [TEST_STEP][PASSED] - symbols = symbols: null

2019-08-24 12:13:19 - [TEST_STEP][PASSED] - for ([j = 0, j &lt; symbols.size(), (j++)]): null

2019-08-24 12:13:19 - [TEST_STEP][PASSED] - symbol = symbol: null

2019-08-24 12:13:19 - [TEST_STEP][PASSED] - println(symbol): null

2019-08-24 12:13:19 - [TEST_STEP][PASSED] - if (i == 2 &amp;&amp; wildList.indexOf(symbol) != -1): null

2019-08-24 12:13:19 - [TEST_STEP][PASSED] - if (i == 3 &amp;&amp; wildList.indexOf(symbol) != -1): null

2019-08-24 12:13:19 - [TEST_STEP][PASSED] - if (i == 4 &amp;&amp; wildList.indexOf(symbol) != -1): null

2019-08-24 12:13:19 - [TEST_STEP][PASSED] - println("wild found on reel 5, adding counter by 1"): null

2019-08-24 12:13:19 - [TEST_STEP][PASSED] - free_spin_reel_counter[2] = free_spin_reel_counter[2] + 1: null

2019-08-24 12:13:19 - [TEST_STEP][PASSED] - symbol = symbol: null

2019-08-24 12:13:19 - [TEST_STEP][PASSED] - println(symbol): null

2019-08-24 12:13:19 - [TEST_STEP][PASSED] - if (i == 2 &amp;&amp; wildList.indexOf(symbol) != -1): null

2019-08-24 12:13:19 - [TEST_STEP][PASSED] - if (i == 3 &amp;&amp; wildList.indexOf(symbol) != -1): null

2019-08-24 12:13:19 - [TEST_STEP][PASSED] - if (i == 4 &amp;&amp; wildList.indexOf(symbol) != -1): null

2019-08-24 12:13:19 - [TEST_STEP][PASSED] - symbol = symbol: null

2019-08-24 12:13:19 - [TEST_STEP][PASSED] - println(symbol): null

2019-08-24 12:13:19 - [TEST_STEP][PASSED] - if (i == 2 &amp;&amp; wildList.indexOf(symbol) != -1): null

2019-08-24 12:13:19 - [TEST_STEP][PASSED] - if (i == 3 &amp;&amp; wildList.indexOf(symbol) != -1): null

2019-08-24 12:13:19 - [TEST_STEP][PASSED] - if (i == 4 &amp;&amp; wildList.indexOf(symbol) != -1): null

2019-08-24 12:13:19 - [TEST_STEP][PASSED] - free_spin_reel_counter = free_spin_reel_counter: null

2019-08-24 12:13:19 - [TEST_STEP][PASSED] - println("reel 3 wild found: " + free_spin_reel_counter[0]): null

2019-08-24 12:13:19 - [TEST_STEP][PASSED] - println("reel 4 wild found: " + free_spin_reel_counter[1]): null

2019-08-24 12:13:19 - [TEST_STEP][PASSED] - println("reel 5 wild found: " + free_spin_reel_counter[2]): null

2019-08-24 12:13:19 - [TEST_STEP][PASSED] - M4_spin_reels = M4_spin_reels: null

2019-08-24 12:13:19 - [TEST_STEP][PASSED] - M4_spin_reels_symbols = symbol: null

2019-08-24 12:13:19 - [TEST_STEP][PASSED] - M4_spin_reels_symbols = M4_spin_reels_symbols: null

2019-08-24 12:13:19 - [TEST_STEP][PASSED] - M4_spin_reel_wins = reel_wins: null

2019-08-24 12:13:19 - [TEST_STEP][PASSED] - M4_spin_reel_wins = M4_spin_reel_wins: null

2019-08-24 12:13:19 - [TEST_STEP][PASSED] - println("GlobalVariable.M4_spin_reel_wins is: " + M4_spin_reel_wins): null

2019-08-24 12:13:19 - [TEST_STEP][PASSED] - M4_spin_total_bonus_win_this_round = total_bonus_win_this_round: null

2019-08-24 12:13:19 - [TEST_STEP][PASSED] - M4_spin_total_bonus_win_this_round = M4_spin_total_bonus_win_this_round: null

2019-08-24 12:13:19 - [TEST_STEP][PASSED] - println("GlobalVariable.M4_spin_total_bonus_win_this_round is: " + M4_spin_total_bonus_win_this_round): null

2019-08-24 12:13:19 - [TEST_STEP][PASSED] - M4_spin_bonus_spin_result = spin_result: null

2019-08-24 12:13:19 - [TEST_STEP][PASSED] - M4_spin_bonus_spin_result = M4_spin_bonus_spin_result: null

2019-08-24 12:13:19 - [MESSAGE][PASSED] - Verify response successfully

2019-08-24 12:13:19 - [MESSAGE][PASSED] - Send request and verify the response successfully

2019-08-24 12:13:19 - [TEST_STEP][PASSED] - if (M4_total_bonus_spins_int != 0 &amp;&amp; M4_spin_reels_symbols[2].contains("WILD_ExtraFG") || M4_spin_reels_symbols[3].contains("WILD_ExtraFG")): null

2019-08-24 12:13:19 - [TEST_STEP][PASSED] - free_spin_reel_counter = free_spin_reel_counter: null

2019-08-24 12:13:19 - [TEST_STEP][PASSED] - M4_spin_reels_symbols = M4_spin_reels_symbols: null

2019-08-24 12:13:19 - [TEST_STEP][PASSED] - M4_total_bonus_spins = M4_total_bonus_spins: null

2019-08-24 12:13:19 - [TEST_STEP][PASSED] - spin_result = sendRequestAndVerify(findTestObject("INT/RGS(M4)/1_M4_spin", ["M4_login_user_id":M4_login_user_id, "rgs_session_token":rgs_session_token, "partner":Partner])): Send request and verify the response successfully

2019-08-24 12:13:19 - [MESSAGE][INFO] - HAR: /Users/eiralee/Katalon_Script/SuperWild/Reports/20190824_120919/INT/superWild_3/20190824_120919/requests/main/68.har

2019-08-24 12:13:19 - [TEST_CASE][PASSED] - Start Test Case : Verification: Verification accomplished successfully

2019-08-24 12:13:19 - [TEST_STEP][PASSED] - request = getInstance().getCurrentRequest(): null

2019-08-24 12:13:19 - [TEST_STEP][PASSED] - response = getInstance().getCurrentResponse(): null

2019-08-24 12:13:19 - [TEST_STEP][PASSED] - verifyResponseStatusCode(response, 200): Verify response status code successfully

2019-08-24 12:13:19 - [MESSAGE][PASSED] - Verify response status code successfully

2019-08-24 12:13:19 - [TEST_STEP][PASSED] - getStatusCode()).isEqualTo(200): null

2019-08-24 12:13:19 - [TEST_STEP][PASSED] - newline = System.getProperty("line.separator"): null

2019-08-24 12:13:19 - [TEST_STEP][PASSED] - M4_spin = new groovy.json.JsonSlurper(): null

2019-08-24 12:13:19 - [TEST_STEP][PASSED] - result_M4_spin = M4_spin.parseText(response.getResponseBodyContent()): null

2019-08-24 12:13:19 - [TEST_STEP][PASSED] - M4_spin_current_balance = current_balance: null

2019-08-24 12:13:19 - [TEST_STEP][PASSED] - M4_spin_current_balance = M4_spin_current_balance: null

2019-08-24 12:13:19 - [TEST_STEP][PASSED] - M4_spin_transaction_id = causality: null

2019-08-24 12:13:19 - [TEST_STEP][PASSED] - M4_spin_transaction_id = M4_spin_transaction_id: null

2019-08-24 12:13:19 - [TEST_STEP][PASSED] - M4_spin_round_id = round_id: null

2019-08-24 12:13:19 - [TEST_STEP][PASSED] - M4_spin_round_id = M4_spin_round_id: null

2019-08-24 12:13:19 - [TEST_STEP][PASSED] - M4_spin_line_wins = line_wins: null

2019-08-24 12:13:19 - [TEST_STEP][PASSED] - M4_spin_line_wins = M4_spin_line_wins: null

2019-08-24 12:13:19 - [TEST_STEP][PASSED] - M4_total_bonus_spins_int = total_bonus_spins: null

2019-08-24 12:13:19 - [TEST_STEP][PASSED] - println("******M4_total_bonus_spins type is:*******" + newline + getClass().getName()): null

2019-08-24 12:13:19 - [TEST_STEP][PASSED] - M4_total_bonus_spins_int = M4_total_bonus_spins_int: null

2019-08-24 12:13:19 - [TEST_STEP][PASSED] - M4_total_bonus_spins = Integer.toString(M4_total_bonus_spins_int): null

2019-08-24 12:13:19 - [TEST_STEP][PASSED] - M4_total_bonus_spins = M4_total_bonus_spins: null

2019-08-24 12:13:19 - [TEST_STEP][PASSED] - println("M4_total_bonus_spins is:" + M4_total_bonus_spins): null

2019-08-24 12:13:19 - [TEST_STEP][PASSED] - M4_spin_bonus_data = bonus_data: null

2019-08-24 12:13:19 - [TEST_STEP][PASSED] - M4_spin_features_triggered = result_M4_spin: null

2019-08-24 12:13:19 - [TEST_STEP][PASSED] - wild = []: null

2019-08-24 12:13:19 - [TEST_STEP][PASSED] - wild[0] = "WILD_Expanding": null

2019-08-24 12:13:19 - [TEST_STEP][PASSED] - wild[1] = "WILD_Normal": null

2019-08-24 12:13:19 - [TEST_STEP][PASSED] - wild[2] = "WILD_Double": null

2019-08-24 12:13:19 - [TEST_STEP][PASSED] - wild[3] = "WILD_ExtraFG": null

2019-08-24 12:13:19 - [TEST_STEP][PASSED] - wild[4] = "WILD_Triple": null

2019-08-24 12:13:19 - [TEST_STEP][PASSED] - wildList = Arrays.asList(wild): null

2019-08-24 12:13:19 - [TEST_STEP][PASSED] - wildList = wildList: null

2019-08-24 12:13:19 - [TEST_STEP][PASSED] - free_spin_reel_counter = []: null

2019-08-24 12:13:19 - [TEST_STEP][PASSED] - free_spin_reel_counter[0] = 0: null

2019-08-24 12:13:19 - [TEST_STEP][PASSED] - free_spin_reel_counter[1] = 0: null

2019-08-24 12:13:19 - [TEST_STEP][PASSED] - free_spin_reel_counter[2] = 0: null

2019-08-24 12:13:19 - [TEST_STEP][PASSED] - M4_spin_reels = reels: null

2019-08-24 12:13:19 - [TEST_STEP][PASSED] - for ([i = 0, i &lt; M4_spin_reels.size(), (i++)]): null

2019-08-24 12:13:19 - [TEST_STEP][PASSED] - symbols = symbols: null

2019-08-24 12:13:19 - [TEST_STEP][PASSED] - for ([j = 0, j &lt; symbols.size(), (j++)]): null

2019-08-24 12:13:19 - [TEST_STEP][PASSED] - symbol = symbol: null

2019-08-24 12:13:19 - [TEST_STEP][PASSED] - println(symbol): null

2019-08-24 12:13:19 - [TEST_STEP][PASSED] - if (i == 2 &amp;&amp; wildList.indexOf(symbol) != -1): null

2019-08-24 12:13:19 - [TEST_STEP][PASSED] - if (i == 3 &amp;&amp; wildList.indexOf(symbol) != -1): null

2019-08-24 12:13:19 - [TEST_STEP][PASSED] - if (i == 4 &amp;&amp; wildList.indexOf(symbol) != -1): null

2019-08-24 12:13:19 - [TEST_STEP][PASSED] - symbol = symbol: null

2019-08-24 12:13:19 - [TEST_STEP][PASSED] - println(symbol): null

2019-08-24 12:13:19 - [TEST_STEP][PASSED] - if (i == 2 &amp;&amp; wildList.indexOf(symbol) != -1): null

2019-08-24 12:13:19 - [TEST_STEP][PASSED] - if (i == 3 &amp;&amp; wildList.indexOf(symbol) != -1): null

2019-08-24 12:13:19 - [TEST_STEP][PASSED] - if (i == 4 &amp;&amp; wildList.indexOf(symbol) != -1): null

2019-08-24 12:13:19 - [TEST_STEP][PASSED] - symbol = symbol: null

2019-08-24 12:13:19 - [TEST_STEP][PASSED] - println(symbol): null

2019-08-24 12:13:19 - [TEST_STEP][PASSED] - if (i == 2 &amp;&amp; wildList.indexOf(symbol) != -1): null

2019-08-24 12:13:19 - [TEST_STEP][PASSED] - if (i == 3 &amp;&amp; wildList.indexOf(symbol) != -1): null

2019-08-24 12:13:19 - [TEST_STEP][PASSED] - if (i == 4 &amp;&amp; wildList.indexOf(symbol) != -1): null

2019-08-24 12:13:19 - [TEST_STEP][PASSED] - symbols = symbols: null

2019-08-24 12:13:19 - [TEST_STEP][PASSED] - for ([j = 0, j &lt; symbols.size(), (j++)]): null

2019-08-24 12:13:19 - [TEST_STEP][PASSED] - symbol = symbol: null

2019-08-24 12:13:19 - [TEST_STEP][PASSED] - println(symbol): null

2019-08-24 12:13:19 - [TEST_STEP][PASSED] - if (i == 2 &amp;&amp; wildList.indexOf(symbol) != -1): null

2019-08-24 12:13:19 - [TEST_STEP][PASSED] - if (i == 3 &amp;&amp; wildList.indexOf(symbol) != -1): null

2019-08-24 12:13:19 - [TEST_STEP][PASSED] - if (i == 4 &amp;&amp; wildList.indexOf(symbol) != -1): null

2019-08-24 12:13:19 - [TEST_STEP][PASSED] - symbol = symbol: null

2019-08-24 12:13:19 - [TEST_STEP][PASSED] - println(symbol): null

2019-08-24 12:13:19 - [TEST_STEP][PASSED] - if (i == 2 &amp;&amp; wildList.indexOf(symbol) != -1): null

2019-08-24 12:13:19 - [TEST_STEP][PASSED] - if (i == 3 &amp;&amp; wildList.indexOf(symbol) != -1): null

2019-08-24 12:13:19 - [TEST_STEP][PASSED] - if (i == 4 &amp;&amp; wildList.indexOf(symbol) != -1): null

2019-08-24 12:13:19 - [TEST_STEP][PASSED] - symbol = symbol: null

2019-08-24 12:13:19 - [TEST_STEP][PASSED] - println(symbol): null

2019-08-24 12:13:19 - [TEST_STEP][PASSED] - if (i == 2 &amp;&amp; wildList.indexOf(symbol) != -1): null

2019-08-24 12:13:19 - [TEST_STEP][PASSED] - if (i == 3 &amp;&amp; wildList.indexOf(symbol) != -1): null

2019-08-24 12:13:19 - [TEST_STEP][PASSED] - if (i == 4 &amp;&amp; wildList.indexOf(symbol) != -1): null

2019-08-24 12:13:19 - [TEST_STEP][PASSED] - symbols = symbols: null

2019-08-24 12:13:19 - [TEST_STEP][PASSED] - for ([j = 0, j &lt; symbols.size(), (j++)]): null

2019-08-24 12:13:19 - [TEST_STEP][PASSED] - symbol = symbol: null

2019-08-24 12:13:19 - [TEST_STEP][PASSED] - println(symbol): null

2019-08-24 12:13:19 - [TEST_STEP][PASSED] - if (i == 2 &amp;&amp; wildList.indexOf(symbol) != -1): null

2019-08-24 12:13:19 - [TEST_STEP][PASSED] - if (i == 3 &amp;&amp; wildList.indexOf(symbol) != -1): null

2019-08-24 12:13:19 - [TEST_STEP][PASSED] - if (i == 4 &amp;&amp; wildList.indexOf(symbol) != -1): null

2019-08-24 12:13:19 - [TEST_STEP][PASSED] - symbol = symbol: null

2019-08-24 12:13:19 - [TEST_STEP][PASSED] - println(symbol): null

2019-08-24 12:13:19 - [TEST_STEP][PASSED] - if (i == 2 &amp;&amp; wildList.indexOf(symbol) != -1): null

2019-08-24 12:13:19 - [TEST_STEP][PASSED] - if (i == 3 &amp;&amp; wildList.indexOf(symbol) != -1): null

2019-08-24 12:13:19 - [TEST_STEP][PASSED] - if (i == 4 &amp;&amp; wildList.indexOf(symbol) != -1): null

2019-08-24 12:13:19 - [TEST_STEP][PASSED] - symbol = symbol: null

2019-08-24 12:13:19 - [TEST_STEP][PASSED] - println(symbol): null

2019-08-24 12:13:19 - [TEST_STEP][PASSED] - if (i == 2 &amp;&amp; wildList.indexOf(symbol) != -1): null

2019-08-24 12:13:19 - [TEST_STEP][PASSED] - println("wild found on reel 3, adding counter by 1"): null

2019-08-24 12:13:19 - [TEST_STEP][PASSED] - free_spin_reel_counter[0] = free_spin_reel_counter[0] + 1: null

2019-08-24 12:13:19 - [TEST_STEP][PASSED] - if (i == 3 &amp;&amp; wildList.indexOf(symbol) != -1): null

2019-08-24 12:13:19 - [TEST_STEP][PASSED] - if (i == 4 &amp;&amp; wildList.indexOf(symbol) != -1): null

2019-08-24 12:13:19 - [TEST_STEP][PASSED] - symbols = symbols: null

2019-08-24 12:13:19 - [TEST_STEP][PASSED] - for ([j = 0, j &lt; symbols.size(), (j++)]): null

2019-08-24 12:13:19 - [TEST_STEP][PASSED] - symbol = symbol: null

2019-08-24 12:13:19 - [TEST_STEP][PASSED] - println(symbol): null

2019-08-24 12:13:19 - [TEST_STEP][PASSED] - if (i == 2 &amp;&amp; wildList.indexOf(symbol) != -1): null

2019-08-24 12:13:19 - [TEST_STEP][PASSED] - if (i == 3 &amp;&amp; wildList.indexOf(symbol) != -1): null

2019-08-24 12:13:19 - [TEST_STEP][PASSED] - if (i == 4 &amp;&amp; wildList.indexOf(symbol) != -1): null

2019-08-24 12:13:19 - [TEST_STEP][PASSED] - symbol = symbol: null

2019-08-24 12:13:19 - [TEST_STEP][PASSED] - println(symbol): null

2019-08-24 12:13:19 - [TEST_STEP][PASSED] - if (i == 2 &amp;&amp; wildList.indexOf(symbol) != -1): null

2019-08-24 12:13:19 - [TEST_STEP][PASSED] - if (i == 3 &amp;&amp; wildList.indexOf(symbol) != -1): null

2019-08-24 12:13:19 - [TEST_STEP][PASSED] - if (i == 4 &amp;&amp; wildList.indexOf(symbol) != -1): null

2019-08-24 12:13:19 - [TEST_STEP][PASSED] - symbol = symbol: null

2019-08-24 12:13:19 - [TEST_STEP][PASSED] - println(symbol): null

2019-08-24 12:13:19 - [TEST_STEP][PASSED] - if (i == 2 &amp;&amp; wildList.indexOf(symbol) != -1): null

2019-08-24 12:13:19 - [TEST_STEP][PASSED] - if (i == 3 &amp;&amp; wildList.indexOf(symbol) != -1): null

2019-08-24 12:13:19 - [TEST_STEP][PASSED] - if (i == 4 &amp;&amp; wildList.indexOf(symbol) != -1): null

2019-08-24 12:13:19 - [TEST_STEP][PASSED] - symbols = symbols: null

2019-08-24 12:13:19 - [TEST_STEP][PASSED] - for ([j = 0, j &lt; symbols.size(), (j++)]): null

2019-08-24 12:13:19 - [TEST_STEP][PASSED] - symbol = symbol: null

2019-08-24 12:13:19 - [TEST_STEP][PASSED] - println(symbol): null

2019-08-24 12:13:19 - [TEST_STEP][PASSED] - if (i == 2 &amp;&amp; wildList.indexOf(symbol) != -1): null

2019-08-24 12:13:19 - [TEST_STEP][PASSED] - if (i == 3 &amp;&amp; wildList.indexOf(symbol) != -1): null

2019-08-24 12:13:19 - [TEST_STEP][PASSED] - if (i == 4 &amp;&amp; wildList.indexOf(symbol) != -1): null

2019-08-24 12:13:19 - [TEST_STEP][PASSED] - symbol = symbol: null

2019-08-24 12:13:19 - [TEST_STEP][PASSED] - println(symbol): null

2019-08-24 12:13:19 - [TEST_STEP][PASSED] - if (i == 2 &amp;&amp; wildList.indexOf(symbol) != -1): null

2019-08-24 12:13:19 - [TEST_STEP][PASSED] - if (i == 3 &amp;&amp; wildList.indexOf(symbol) != -1): null

2019-08-24 12:13:19 - [TEST_STEP][PASSED] - if (i == 4 &amp;&amp; wildList.indexOf(symbol) != -1): null

2019-08-24 12:13:19 - [TEST_STEP][PASSED] - symbol = symbol: null

2019-08-24 12:13:19 - [TEST_STEP][PASSED] - println(symbol): null

2019-08-24 12:13:19 - [TEST_STEP][PASSED] - if (i == 2 &amp;&amp; wildList.indexOf(symbol) != -1): null

2019-08-24 12:13:19 - [TEST_STEP][PASSED] - if (i == 3 &amp;&amp; wildList.indexOf(symbol) != -1): null

2019-08-24 12:13:19 - [TEST_STEP][PASSED] - if (i == 4 &amp;&amp; wildList.indexOf(symbol) != -1): null

2019-08-24 12:13:19 - [TEST_STEP][PASSED] - free_spin_reel_counter = free_spin_reel_counter: null

2019-08-24 12:13:19 - [TEST_STEP][PASSED] - println("reel 3 wild found: " + free_spin_reel_counter[0]): null

2019-08-24 12:13:19 - [TEST_STEP][PASSED] - println("reel 4 wild found: " + free_spin_reel_counter[1]): null

2019-08-24 12:13:19 - [TEST_STEP][PASSED] - println("reel 5 wild found: " + free_spin_reel_counter[2]): null

2019-08-24 12:13:19 - [TEST_STEP][PASSED] - M4_spin_reels = M4_spin_reels: null

2019-08-24 12:13:19 - [TEST_STEP][PASSED] - M4_spin_reels_symbols = symbol: null

2019-08-24 12:13:19 - [TEST_STEP][PASSED] - M4_spin_reels_symbols = M4_spin_reels_symbols: null

2019-08-24 12:13:19 - [TEST_STEP][PASSED] - M4_spin_reel_wins = reel_wins: null

2019-08-24 12:13:19 - [TEST_STEP][PASSED] - M4_spin_reel_wins = M4_spin_reel_wins: null

2019-08-24 12:13:19 - [TEST_STEP][PASSED] - println("GlobalVariable.M4_spin_reel_wins is: " + M4_spin_reel_wins): null

2019-08-24 12:13:19 - [TEST_STEP][PASSED] - M4_spin_total_bonus_win_this_round = total_bonus_win_this_round: null

2019-08-24 12:13:19 - [TEST_STEP][PASSED] - M4_spin_total_bonus_win_this_round = M4_spin_total_bonus_win_this_round: null

2019-08-24 12:13:19 - [TEST_STEP][PASSED] - println("GlobalVariable.M4_spin_total_bonus_win_this_round is: " + M4_spin_total_bonus_win_this_round): null

2019-08-24 12:13:19 - [TEST_STEP][PASSED] - M4_spin_bonus_spin_result = spin_result: null

2019-08-24 12:13:19 - [TEST_STEP][PASSED] - M4_spin_bonus_spin_result = M4_spin_bonus_spin_result: null

2019-08-24 12:13:19 - [MESSAGE][PASSED] - Verify response successfully

2019-08-24 12:13:19 - [MESSAGE][PASSED] - Send request and verify the response successfully

2019-08-24 12:13:19 - [TEST_STEP][PASSED] - if (M4_total_bonus_spins_int != 0 &amp;&amp; M4_spin_reels_symbols[2].contains("WILD_ExtraFG") || M4_spin_reels_symbols[3].contains("WILD_ExtraFG")): null

2019-08-24 12:13:19 - [TEST_STEP][PASSED] - free_spin_reel_counter = free_spin_reel_counter: null

2019-08-24 12:13:19 - [TEST_STEP][PASSED] - M4_spin_reels_symbols = M4_spin_reels_symbols: null

2019-08-24 12:13:19 - [TEST_STEP][PASSED] - M4_total_bonus_spins = M4_total_bonus_spins: null

2019-08-24 12:13:19 - [TEST_STEP][PASSED] - spin_result = sendRequestAndVerify(findTestObject("INT/RGS(M4)/1_M4_spin", ["M4_login_user_id":M4_login_user_id, "rgs_session_token":rgs_session_token, "partner":Partner])): Send request and verify the response successfully

2019-08-24 12:13:19 - [MESSAGE][INFO] - HAR: /Users/eiralee/Katalon_Script/SuperWild/Reports/20190824_120919/INT/superWild_3/20190824_120919/requests/main/69.har

2019-08-24 12:13:19 - [TEST_CASE][PASSED] - Start Test Case : Verification: Verification accomplished successfully

2019-08-24 12:13:20 - [TEST_STEP][PASSED] - request = getInstance().getCurrentRequest(): null

2019-08-24 12:13:20 - [TEST_STEP][PASSED] - response = getInstance().getCurrentResponse(): null

2019-08-24 12:13:20 - [TEST_STEP][PASSED] - verifyResponseStatusCode(response, 200): Verify response status code successfully

2019-08-24 12:13:20 - [MESSAGE][PASSED] - Verify response status code successfully

2019-08-24 12:13:20 - [TEST_STEP][PASSED] - getStatusCode()).isEqualTo(200): null

2019-08-24 12:13:20 - [TEST_STEP][PASSED] - newline = System.getProperty("line.separator"): null

2019-08-24 12:13:20 - [TEST_STEP][PASSED] - M4_spin = new groovy.json.JsonSlurper(): null

2019-08-24 12:13:20 - [TEST_STEP][PASSED] - result_M4_spin = M4_spin.parseText(response.getResponseBodyContent()): null

2019-08-24 12:13:20 - [TEST_STEP][PASSED] - M4_spin_current_balance = current_balance: null

2019-08-24 12:13:20 - [TEST_STEP][PASSED] - M4_spin_current_balance = M4_spin_current_balance: null

2019-08-24 12:13:20 - [TEST_STEP][PASSED] - M4_spin_transaction_id = causality: null

2019-08-24 12:13:20 - [TEST_STEP][PASSED] - M4_spin_transaction_id = M4_spin_transaction_id: null

2019-08-24 12:13:20 - [TEST_STEP][PASSED] - M4_spin_round_id = round_id: null

2019-08-24 12:13:20 - [TEST_STEP][PASSED] - M4_spin_round_id = M4_spin_round_id: null

2019-08-24 12:13:20 - [TEST_STEP][PASSED] - M4_spin_line_wins = line_wins: null

2019-08-24 12:13:20 - [TEST_STEP][PASSED] - M4_spin_line_wins = M4_spin_line_wins: null

2019-08-24 12:13:20 - [TEST_STEP][PASSED] - M4_total_bonus_spins_int = total_bonus_spins: null

2019-08-24 12:13:20 - [TEST_STEP][PASSED] - println("******M4_total_bonus_spins type is:*******" + newline + getClass().getName()): null

2019-08-24 12:13:20 - [TEST_STEP][PASSED] - M4_total_bonus_spins_int = M4_total_bonus_spins_int: null

2019-08-24 12:13:20 - [TEST_STEP][PASSED] - M4_total_bonus_spins = Integer.toString(M4_total_bonus_spins_int): null

2019-08-24 12:13:20 - [TEST_STEP][PASSED] - M4_total_bonus_spins = M4_total_bonus_spins: null

2019-08-24 12:13:20 - [TEST_STEP][PASSED] - println("M4_total_bonus_spins is:" + M4_total_bonus_spins): null

2019-08-24 12:13:20 - [TEST_STEP][PASSED] - M4_spin_bonus_data = bonus_data: null

2019-08-24 12:13:20 - [TEST_STEP][PASSED] - M4_spin_features_triggered = result_M4_spin: null

2019-08-24 12:13:20 - [TEST_STEP][PASSED] - wild = []: null

2019-08-24 12:13:20 - [TEST_STEP][PASSED] - wild[0] = "WILD_Expanding": null

2019-08-24 12:13:20 - [TEST_STEP][PASSED] - wild[1] = "WILD_Normal": null

2019-08-24 12:13:20 - [TEST_STEP][PASSED] - wild[2] = "WILD_Double": null

2019-08-24 12:13:20 - [TEST_STEP][PASSED] - wild[3] = "WILD_ExtraFG": null

2019-08-24 12:13:20 - [TEST_STEP][PASSED] - wild[4] = "WILD_Triple": null

2019-08-24 12:13:20 - [TEST_STEP][PASSED] - wildList = Arrays.asList(wild): null

2019-08-24 12:13:20 - [TEST_STEP][PASSED] - wildList = wildList: null

2019-08-24 12:13:20 - [TEST_STEP][PASSED] - free_spin_reel_counter = []: null

2019-08-24 12:13:20 - [TEST_STEP][PASSED] - free_spin_reel_counter[0] = 0: null

2019-08-24 12:13:20 - [TEST_STEP][PASSED] - free_spin_reel_counter[1] = 0: null

2019-08-24 12:13:20 - [TEST_STEP][PASSED] - free_spin_reel_counter[2] = 0: null

2019-08-24 12:13:20 - [TEST_STEP][PASSED] - M4_spin_reels = reels: null

2019-08-24 12:13:20 - [TEST_STEP][PASSED] - for ([i = 0, i &lt; M4_spin_reels.size(), (i++)]): null

2019-08-24 12:13:20 - [TEST_STEP][PASSED] - symbols = symbols: null

2019-08-24 12:13:20 - [TEST_STEP][PASSED] - for ([j = 0, j &lt; symbols.size(), (j++)]): null

2019-08-24 12:13:20 - [TEST_STEP][PASSED] - symbol = symbol: null

2019-08-24 12:13:20 - [TEST_STEP][PASSED] - println(symbol): null

2019-08-24 12:13:20 - [TEST_STEP][PASSED] - if (i == 2 &amp;&amp; wildList.indexOf(symbol) != -1): null

2019-08-24 12:13:20 - [TEST_STEP][PASSED] - if (i == 3 &amp;&amp; wildList.indexOf(symbol) != -1): null

2019-08-24 12:13:20 - [TEST_STEP][PASSED] - if (i == 4 &amp;&amp; wildList.indexOf(symbol) != -1): null

2019-08-24 12:13:20 - [TEST_STEP][PASSED] - symbol = symbol: null

2019-08-24 12:13:20 - [TEST_STEP][PASSED] - println(symbol): null

2019-08-24 12:13:20 - [TEST_STEP][PASSED] - if (i == 2 &amp;&amp; wildList.indexOf(symbol) != -1): null

2019-08-24 12:13:20 - [TEST_STEP][PASSED] - if (i == 3 &amp;&amp; wildList.indexOf(symbol) != -1): null

2019-08-24 12:13:20 - [TEST_STEP][PASSED] - if (i == 4 &amp;&amp; wildList.indexOf(symbol) != -1): null

2019-08-24 12:13:20 - [TEST_STEP][PASSED] - symbol = symbol: null

2019-08-24 12:13:20 - [TEST_STEP][PASSED] - println(symbol): null

2019-08-24 12:13:20 - [TEST_STEP][PASSED] - if (i == 2 &amp;&amp; wildList.indexOf(symbol) != -1): null

2019-08-24 12:13:20 - [TEST_STEP][PASSED] - if (i == 3 &amp;&amp; wildList.indexOf(symbol) != -1): null

2019-08-24 12:13:24 - [TEST_STEP][PASSED] - if (i == 4 &amp;&amp; wildList.indexOf(symbol) != -1): null

2019-08-24 12:13:24 - [TEST_STEP][PASSED] - symbols = symbols: null

2019-08-24 12:13:24 - [TEST_STEP][PASSED] - for ([j = 0, j &lt; symbols.size(), (j++)]): null

2019-08-24 12:13:24 - [TEST_STEP][PASSED] - symbol = symbol: null

2019-08-24 12:13:24 - [TEST_STEP][PASSED] - println(symbol): null

2019-08-24 12:13:24 - [TEST_STEP][PASSED] - if (i == 2 &amp;&amp; wildList.indexOf(symbol) != -1): null

2019-08-24 12:13:24 - [TEST_STEP][PASSED] - if (i == 3 &amp;&amp; wildList.indexOf(symbol) != -1): null

2019-08-24 12:13:24 - [TEST_STEP][PASSED] - if (i == 4 &amp;&amp; wildList.indexOf(symbol) != -1): null

2019-08-24 12:13:24 - [TEST_STEP][PASSED] - symbol = symbol: null

2019-08-24 12:13:24 - [TEST_STEP][PASSED] - println(symbol): null

2019-08-24 12:13:27 - [TEST_STEP][PASSED] - if (i == 2 &amp;&amp; wildList.indexOf(symbol) != -1): null

2019-08-24 12:13:27 - [TEST_STEP][PASSED] - if (i == 3 &amp;&amp; wildList.indexOf(symbol) != -1): null

2019-08-24 12:13:27 - [TEST_STEP][PASSED] - if (i == 4 &amp;&amp; wildList.indexOf(symbol) != -1): null

2019-08-24 12:13:27 - [TEST_STEP][PASSED] - symbol = symbol: null

2019-08-24 12:13:27 - [TEST_STEP][PASSED] - println(symbol): null

2019-08-24 12:13:27 - [TEST_STEP][PASSED] - if (i == 2 &amp;&amp; wildList.indexOf(symbol) != -1): null

2019-08-24 12:13:27 - [TEST_STEP][PASSED] - if (i == 3 &amp;&amp; wildList.indexOf(symbol) != -1): null

2019-08-24 12:13:27 - [TEST_STEP][PASSED] - if (i == 4 &amp;&amp; wildList.indexOf(symbol) != -1): null

2019-08-24 12:13:27 - [TEST_STEP][PASSED] - symbols = symbols: null

2019-08-24 12:13:27 - [TEST_STEP][PASSED] - for ([j = 0, j &lt; symbols.size(), (j++)]): null

2019-08-24 12:13:27 - [TEST_STEP][PASSED] - symbol = symbol: null

2019-08-24 12:13:27 - [TEST_STEP][PASSED] - println(symbol): null

2019-08-24 12:13:27 - [TEST_STEP][PASSED] - if (i == 2 &amp;&amp; wildList.indexOf(symbol) != -1): null

2019-08-24 12:13:27 - [TEST_STEP][PASSED] - if (i == 3 &amp;&amp; wildList.indexOf(symbol) != -1): null

2019-08-24 12:13:27 - [TEST_STEP][PASSED] - if (i == 4 &amp;&amp; wildList.indexOf(symbol) != -1): null

2019-08-24 12:13:27 - [TEST_STEP][PASSED] - symbol = symbol: null

2019-08-24 12:13:27 - [TEST_STEP][PASSED] - println(symbol): null

2019-08-24 12:13:27 - [TEST_STEP][PASSED] - if (i == 2 &amp;&amp; wildList.indexOf(symbol) != -1): null

2019-08-24 12:13:27 - [TEST_STEP][PASSED] - if (i == 3 &amp;&amp; wildList.indexOf(symbol) != -1): null

2019-08-24 12:13:27 - [TEST_STEP][PASSED] - if (i == 4 &amp;&amp; wildList.indexOf(symbol) != -1): null

2019-08-24 12:13:27 - [TEST_STEP][PASSED] - symbol = symbol: null

2019-08-24 12:13:27 - [TEST_STEP][PASSED] - println(symbol): null

2019-08-24 12:13:27 - [TEST_STEP][PASSED] - if (i == 2 &amp;&amp; wildList.indexOf(symbol) != -1): null

2019-08-24 12:13:27 - [TEST_STEP][PASSED] - println("wild found on reel 3, adding counter by 1"): null

2019-08-24 12:13:27 - [TEST_STEP][PASSED] - free_spin_reel_counter[0] = free_spin_reel_counter[0] + 1: null

2019-08-24 12:13:27 - [TEST_STEP][PASSED] - if (i == 3 &amp;&amp; wildList.indexOf(symbol) != -1): null

2019-08-24 12:13:27 - [TEST_STEP][PASSED] - if (i == 4 &amp;&amp; wildList.indexOf(symbol) != -1): null

2019-08-24 12:13:27 - [TEST_STEP][PASSED] - symbols = symbols: null

2019-08-24 12:13:27 - [TEST_STEP][PASSED] - for ([j = 0, j &lt; symbols.size(), (j++)]): null

2019-08-24 12:13:27 - [TEST_STEP][PASSED] - symbol = symbol: null

2019-08-24 12:13:27 - [TEST_STEP][PASSED] - println(symbol): null

2019-08-24 12:13:27 - [TEST_STEP][PASSED] - if (i == 2 &amp;&amp; wildList.indexOf(symbol) != -1): null

2019-08-24 12:13:27 - [TEST_STEP][PASSED] - if (i == 3 &amp;&amp; wildList.indexOf(symbol) != -1): null

2019-08-24 12:13:27 - [TEST_STEP][PASSED] - if (i == 4 &amp;&amp; wildList.indexOf(symbol) != -1): null

2019-08-24 12:13:27 - [TEST_STEP][PASSED] - symbol = symbol: null

2019-08-24 12:13:27 - [TEST_STEP][PASSED] - println(symbol): null

2019-08-24 12:13:27 - [TEST_STEP][PASSED] - if (i == 2 &amp;&amp; wildList.indexOf(symbol) != -1): null

2019-08-24 12:13:27 - [TEST_STEP][PASSED] - if (i == 3 &amp;&amp; wildList.indexOf(symbol) != -1): null

2019-08-24 12:13:27 - [TEST_STEP][PASSED] - if (i == 4 &amp;&amp; wildList.indexOf(symbol) != -1): null

2019-08-24 12:13:27 - [TEST_STEP][PASSED] - symbol = symbol: null

2019-08-24 12:13:27 - [TEST_STEP][PASSED] - println(symbol): null

2019-08-24 12:13:27 - [TEST_STEP][PASSED] - if (i == 2 &amp;&amp; wildList.indexOf(symbol) != -1): null

2019-08-24 12:13:27 - [TEST_STEP][PASSED] - if (i == 3 &amp;&amp; wildList.indexOf(symbol) != -1): null

2019-08-24 12:13:27 - [TEST_STEP][PASSED] - if (i == 4 &amp;&amp; wildList.indexOf(symbol) != -1): null

2019-08-24 12:13:27 - [TEST_STEP][PASSED] - symbols = symbols: null

2019-08-24 12:13:27 - [TEST_STEP][PASSED] - for ([j = 0, j &lt; symbols.size(), (j++)]): null

2019-08-24 12:13:27 - [TEST_STEP][PASSED] - symbol = symbol: null

2019-08-24 12:13:27 - [TEST_STEP][PASSED] - println(symbol): null

2019-08-24 12:13:27 - [TEST_STEP][PASSED] - if (i == 2 &amp;&amp; wildList.indexOf(symbol) != -1): null

2019-08-24 12:13:27 - [TEST_STEP][PASSED] - if (i == 3 &amp;&amp; wildList.indexOf(symbol) != -1): null

2019-08-24 12:13:27 - [TEST_STEP][PASSED] - if (i == 4 &amp;&amp; wildList.indexOf(symbol) != -1): null

2019-08-24 12:13:27 - [TEST_STEP][PASSED] - symbol = symbol: null

2019-08-24 12:13:27 - [TEST_STEP][PASSED] - println(symbol): null

2019-08-24 12:13:27 - [TEST_STEP][PASSED] - if (i == 2 &amp;&amp; wildList.indexOf(symbol) != -1): null

2019-08-24 12:13:27 - [TEST_STEP][PASSED] - if (i == 3 &amp;&amp; wildList.indexOf(symbol) != -1): null

2019-08-24 12:13:27 - [TEST_STEP][PASSED] - if (i == 4 &amp;&amp; wildList.indexOf(symbol) != -1): null

2019-08-24 12:13:27 - [TEST_STEP][PASSED] - symbol = symbol: null

2019-08-24 12:13:27 - [TEST_STEP][PASSED] - println(symbol): null

2019-08-24 12:13:27 - [TEST_STEP][PASSED] - if (i == 2 &amp;&amp; wildList.indexOf(symbol) != -1): null

2019-08-24 12:13:27 - [TEST_STEP][PASSED] - if (i == 3 &amp;&amp; wildList.indexOf(symbol) != -1): null

2019-08-24 12:13:27 - [TEST_STEP][PASSED] - if (i == 4 &amp;&amp; wildList.indexOf(symbol) != -1): null

2019-08-24 12:13:27 - [TEST_STEP][PASSED] - free_spin_reel_counter = free_spin_reel_counter: null

2019-08-24 12:13:27 - [TEST_STEP][PASSED] - println("reel 3 wild found: " + free_spin_reel_counter[0]): null

2019-08-24 12:13:27 - [TEST_STEP][PASSED] - println("reel 4 wild found: " + free_spin_reel_counter[1]): null

2019-08-24 12:13:27 - [TEST_STEP][PASSED] - println("reel 5 wild found: " + free_spin_reel_counter[2]): null

2019-08-24 12:13:27 - [TEST_STEP][PASSED] - M4_spin_reels = M4_spin_reels: null

2019-08-24 12:13:27 - [TEST_STEP][PASSED] - M4_spin_reels_symbols = symbol: null

2019-08-24 12:13:27 - [TEST_STEP][PASSED] - M4_spin_reels_symbols = M4_spin_reels_symbols: null

2019-08-24 12:13:27 - [TEST_STEP][PASSED] - M4_spin_reel_wins = reel_wins: null

2019-08-24 12:13:27 - [TEST_STEP][PASSED] - M4_spin_reel_wins = M4_spin_reel_wins: null

2019-08-24 12:13:27 - [TEST_STEP][PASSED] - println("GlobalVariable.M4_spin_reel_wins is: " + M4_spin_reel_wins): null

2019-08-24 12:13:27 - [TEST_STEP][PASSED] - M4_spin_total_bonus_win_this_round = total_bonus_win_this_round: null

2019-08-24 12:13:27 - [TEST_STEP][PASSED] - M4_spin_total_bonus_win_this_round = M4_spin_total_bonus_win_this_round: null

2019-08-24 12:13:27 - [TEST_STEP][PASSED] - println("GlobalVariable.M4_spin_total_bonus_win_this_round is: " + M4_spin_total_bonus_win_this_round): null

2019-08-24 12:13:27 - [TEST_STEP][PASSED] - M4_spin_bonus_spin_result = spin_result: null

2019-08-24 12:13:27 - [TEST_STEP][PASSED] - M4_spin_bonus_spin_result = M4_spin_bonus_spin_result: null

2019-08-24 12:13:27 - [MESSAGE][PASSED] - Verify response successfully

2019-08-24 12:13:27 - [MESSAGE][PASSED] - Send request and verify the response successfully

2019-08-24 12:13:27 - [TEST_STEP][PASSED] - if (M4_total_bonus_spins_int != 0 &amp;&amp; M4_spin_reels_symbols[2].contains("WILD_ExtraFG") || M4_spin_reels_symbols[3].contains("WILD_ExtraFG")): null

2019-08-24 12:13:27 - [TEST_STEP][PASSED] - free_spin_reel_counter = free_spin_reel_counter: null

2019-08-24 12:13:27 - [TEST_STEP][PASSED] - M4_spin_reels_symbols = M4_spin_reels_symbols: null

2019-08-24 12:13:27 - [TEST_STEP][PASSED] - M4_total_bonus_spins = M4_total_bonus_spins: null

2019-08-24 12:13:27 - [TEST_STEP][PASSED] - spin_result = sendRequestAndVerify(findTestObject("INT/RGS(M4)/1_M4_spin", ["M4_login_user_id":M4_login_user_id, "rgs_session_token":rgs_session_token, "partner":Partner])): Send request and verify the response successfully

2019-08-24 12:13:27 - [MESSAGE][INFO] - HAR: /Users/eiralee/Katalon_Script/SuperWild/Reports/20190824_120919/INT/superWild_3/20190824_120919/requests/main/70.har

2019-08-24 12:13:27 - [TEST_CASE][PASSED] - Start Test Case : Verification: Verification accomplished successfully

2019-08-24 12:13:27 - [TEST_STEP][PASSED] - request = getInstance().getCurrentRequest(): null

2019-08-24 12:13:27 - [TEST_STEP][PASSED] - response = getInstance().getCurrentResponse(): null

2019-08-24 12:13:27 - [TEST_STEP][PASSED] - verifyResponseStatusCode(response, 200): Verify response status code successfully

2019-08-24 12:13:27 - [MESSAGE][PASSED] - Verify response status code successfully

2019-08-24 12:13:27 - [TEST_STEP][PASSED] - getStatusCode()).isEqualTo(200): null

2019-08-24 12:13:27 - [TEST_STEP][PASSED] - newline = System.getProperty("line.separator"): null

2019-08-24 12:13:27 - [TEST_STEP][PASSED] - M4_spin = new groovy.json.JsonSlurper(): null

2019-08-24 12:13:27 - [TEST_STEP][PASSED] - result_M4_spin = M4_spin.parseText(response.getResponseBodyContent()): null

2019-08-24 12:13:27 - [TEST_STEP][PASSED] - M4_spin_current_balance = current_balance: null

2019-08-24 12:13:27 - [TEST_STEP][PASSED] - M4_spin_current_balance = M4_spin_current_balance: null

2019-08-24 12:13:27 - [TEST_STEP][PASSED] - M4_spin_transaction_id = causality: null

2019-08-24 12:13:27 - [TEST_STEP][PASSED] - M4_spin_transaction_id = M4_spin_transaction_id: null

2019-08-24 12:13:27 - [TEST_STEP][PASSED] - M4_spin_round_id = round_id: null

2019-08-24 12:13:27 - [TEST_STEP][PASSED] - M4_spin_round_id = M4_spin_round_id: null

2019-08-24 12:13:27 - [TEST_STEP][PASSED] - M4_spin_line_wins = line_wins: null

2019-08-24 12:13:27 - [TEST_STEP][PASSED] - M4_spin_line_wins = M4_spin_line_wins: null

2019-08-24 12:13:27 - [TEST_STEP][PASSED] - M4_total_bonus_spins_int = total_bonus_spins: null

2019-08-24 12:13:27 - [TEST_STEP][PASSED] - println("******M4_total_bonus_spins type is:*******" + newline + getClass().getName()): null

2019-08-24 12:13:27 - [TEST_STEP][PASSED] - M4_total_bonus_spins_int = M4_total_bonus_spins_int: null

2019-08-24 12:13:27 - [TEST_STEP][PASSED] - M4_total_bonus_spins = Integer.toString(M4_total_bonus_spins_int): null

2019-08-24 12:13:27 - [TEST_STEP][PASSED] - M4_total_bonus_spins = M4_total_bonus_spins: null

2019-08-24 12:13:27 - [TEST_STEP][PASSED] - println("M4_total_bonus_spins is:" + M4_total_bonus_spins): null

2019-08-24 12:13:27 - [TEST_STEP][PASSED] - M4_spin_bonus_data = bonus_data: null

2019-08-24 12:13:27 - [TEST_STEP][PASSED] - M4_spin_features_triggered = result_M4_spin: null

2019-08-24 12:13:27 - [TEST_STEP][PASSED] - wild = []: null

2019-08-24 12:13:27 - [TEST_STEP][PASSED] - wild[0] = "WILD_Expanding": null

2019-08-24 12:13:27 - [TEST_STEP][PASSED] - wild[1] = "WILD_Normal": null

2019-08-24 12:13:27 - [TEST_STEP][PASSED] - wild[2] = "WILD_Double": null

2019-08-24 12:13:27 - [TEST_STEP][PASSED] - wild[3] = "WILD_ExtraFG": null

2019-08-24 12:13:27 - [TEST_STEP][PASSED] - wild[4] = "WILD_Triple": null

2019-08-24 12:13:27 - [TEST_STEP][PASSED] - wildList = Arrays.asList(wild): null

2019-08-24 12:13:27 - [TEST_STEP][PASSED] - wildList = wildList: null

2019-08-24 12:13:27 - [TEST_STEP][PASSED] - free_spin_reel_counter = []: null

2019-08-24 12:13:27 - [TEST_STEP][PASSED] - free_spin_reel_counter[0] = 0: null

2019-08-24 12:13:27 - [TEST_STEP][PASSED] - free_spin_reel_counter[1] = 0: null

2019-08-24 12:13:27 - [TEST_STEP][PASSED] - free_spin_reel_counter[2] = 0: null

2019-08-24 12:13:27 - [TEST_STEP][PASSED] - M4_spin_reels = reels: null

2019-08-24 12:13:27 - [TEST_STEP][PASSED] - for ([i = 0, i &lt; M4_spin_reels.size(), (i++)]): null

2019-08-24 12:13:27 - [TEST_STEP][PASSED] - symbols = symbols: null

2019-08-24 12:13:27 - [TEST_STEP][PASSED] - for ([j = 0, j &lt; symbols.size(), (j++)]): null

2019-08-24 12:13:27 - [TEST_STEP][PASSED] - symbol = symbol: null

2019-08-24 12:13:27 - [TEST_STEP][PASSED] - println(symbol): null

2019-08-24 12:13:27 - [TEST_STEP][PASSED] - if (i == 2 &amp;&amp; wildList.indexOf(symbol) != -1): null

2019-08-24 12:13:27 - [TEST_STEP][PASSED] - if (i == 3 &amp;&amp; wildList.indexOf(symbol) != -1): null

2019-08-24 12:13:27 - [TEST_STEP][PASSED] - if (i == 4 &amp;&amp; wildList.indexOf(symbol) != -1): null

2019-08-24 12:13:27 - [TEST_STEP][PASSED] - symbol = symbol: null

2019-08-24 12:13:27 - [TEST_STEP][PASSED] - println(symbol): null

2019-08-24 12:13:27 - [TEST_STEP][PASSED] - if (i == 2 &amp;&amp; wildList.indexOf(symbol) != -1): null

2019-08-24 12:13:27 - [TEST_STEP][PASSED] - if (i == 3 &amp;&amp; wildList.indexOf(symbol) != -1): null

2019-08-24 12:13:27 - [TEST_STEP][PASSED] - if (i == 4 &amp;&amp; wildList.indexOf(symbol) != -1): null

2019-08-24 12:13:27 - [TEST_STEP][PASSED] - symbol = symbol: null

2019-08-24 12:13:27 - [TEST_STEP][PASSED] - println(symbol): null

2019-08-24 12:13:27 - [TEST_STEP][PASSED] - if (i == 2 &amp;&amp; wildList.indexOf(symbol) != -1): null

2019-08-24 12:13:27 - [TEST_STEP][PASSED] - if (i == 3 &amp;&amp; wildList.indexOf(symbol) != -1): null

2019-08-24 12:13:27 - [TEST_STEP][PASSED] - if (i == 4 &amp;&amp; wildList.indexOf(symbol) != -1): null

2019-08-24 12:13:27 - [TEST_STEP][PASSED] - symbols = symbols: null

2019-08-24 12:13:27 - [TEST_STEP][PASSED] - for ([j = 0, j &lt; symbols.size(), (j++)]): null

2019-08-24 12:13:27 - [TEST_STEP][PASSED] - symbol = symbol: null

2019-08-24 12:13:27 - [TEST_STEP][PASSED] - println(symbol): null

2019-08-24 12:13:27 - [TEST_STEP][PASSED] - if (i == 2 &amp;&amp; wildList.indexOf(symbol) != -1): null

2019-08-24 12:13:27 - [TEST_STEP][PASSED] - if (i == 3 &amp;&amp; wildList.indexOf(symbol) != -1): null

2019-08-24 12:13:27 - [TEST_STEP][PASSED] - if (i == 4 &amp;&amp; wildList.indexOf(symbol) != -1): null

2019-08-24 12:13:27 - [TEST_STEP][PASSED] - symbol = symbol: null

2019-08-24 12:13:27 - [TEST_STEP][PASSED] - println(symbol): null

2019-08-24 12:13:27 - [TEST_STEP][PASSED] - if (i == 2 &amp;&amp; wildList.indexOf(symbol) != -1): null

2019-08-24 12:13:27 - [TEST_STEP][PASSED] - if (i == 3 &amp;&amp; wildList.indexOf(symbol) != -1): null

2019-08-24 12:13:27 - [TEST_STEP][PASSED] - if (i == 4 &amp;&amp; wildList.indexOf(symbol) != -1): null

2019-08-24 12:13:27 - [TEST_STEP][PASSED] - symbol = symbol: null

2019-08-24 12:13:27 - [TEST_STEP][PASSED] - println(symbol): null

2019-08-24 12:13:27 - [TEST_STEP][PASSED] - if (i == 2 &amp;&amp; wildList.indexOf(symbol) != -1): null

2019-08-24 12:13:27 - [TEST_STEP][PASSED] - if (i == 3 &amp;&amp; wildList.indexOf(symbol) != -1): null

2019-08-24 12:13:27 - [TEST_STEP][PASSED] - if (i == 4 &amp;&amp; wildList.indexOf(symbol) != -1): null

2019-08-24 12:13:27 - [TEST_STEP][PASSED] - symbols = symbols: null

2019-08-24 12:13:27 - [TEST_STEP][PASSED] - for ([j = 0, j &lt; symbols.size(), (j++)]): null

2019-08-24 12:13:27 - [TEST_STEP][PASSED] - symbol = symbol: null

2019-08-24 12:13:27 - [TEST_STEP][PASSED] - println(symbol): null

2019-08-24 12:13:27 - [TEST_STEP][PASSED] - if (i == 2 &amp;&amp; wildList.indexOf(symbol) != -1): null

2019-08-24 12:13:27 - [TEST_STEP][PASSED] - if (i == 3 &amp;&amp; wildList.indexOf(symbol) != -1): null

2019-08-24 12:13:27 - [TEST_STEP][PASSED] - if (i == 4 &amp;&amp; wildList.indexOf(symbol) != -1): null

2019-08-24 12:13:27 - [TEST_STEP][PASSED] - symbol = symbol: null

2019-08-24 12:13:27 - [TEST_STEP][PASSED] - println(symbol): null

2019-08-24 12:13:27 - [TEST_STEP][PASSED] - if (i == 2 &amp;&amp; wildList.indexOf(symbol) != -1): null

2019-08-24 12:13:27 - [TEST_STEP][PASSED] - if (i == 3 &amp;&amp; wildList.indexOf(symbol) != -1): null

2019-08-24 12:13:27 - [TEST_STEP][PASSED] - if (i == 4 &amp;&amp; wildList.indexOf(symbol) != -1): null

2019-08-24 12:13:27 - [TEST_STEP][PASSED] - symbol = symbol: null

2019-08-24 12:13:27 - [TEST_STEP][PASSED] - println(symbol): null

2019-08-24 12:13:27 - [TEST_STEP][PASSED] - if (i == 2 &amp;&amp; wildList.indexOf(symbol) != -1): null

2019-08-24 12:13:27 - [TEST_STEP][PASSED] - if (i == 3 &amp;&amp; wildList.indexOf(symbol) != -1): null

2019-08-24 12:13:27 - [TEST_STEP][PASSED] - if (i == 4 &amp;&amp; wildList.indexOf(symbol) != -1): null

2019-08-24 12:13:27 - [TEST_STEP][PASSED] - symbols = symbols: null

2019-08-24 12:13:27 - [TEST_STEP][PASSED] - for ([j = 0, j &lt; symbols.size(), (j++)]): null

2019-08-24 12:13:27 - [TEST_STEP][PASSED] - symbol = symbol: null

2019-08-24 12:13:27 - [TEST_STEP][PASSED] - println(symbol): null

2019-08-24 12:13:27 - [TEST_STEP][PASSED] - if (i == 2 &amp;&amp; wildList.indexOf(symbol) != -1): null

2019-08-24 12:13:27 - [TEST_STEP][PASSED] - if (i == 3 &amp;&amp; wildList.indexOf(symbol) != -1): null

2019-08-24 12:13:27 - [TEST_STEP][PASSED] - if (i == 4 &amp;&amp; wildList.indexOf(symbol) != -1): null

2019-08-24 12:13:27 - [TEST_STEP][PASSED] - symbol = symbol: null

2019-08-24 12:13:27 - [TEST_STEP][PASSED] - println(symbol): null

2019-08-24 12:13:27 - [TEST_STEP][PASSED] - if (i == 2 &amp;&amp; wildList.indexOf(symbol) != -1): null

2019-08-24 12:13:27 - [TEST_STEP][PASSED] - if (i == 3 &amp;&amp; wildList.indexOf(symbol) != -1): null

2019-08-24 12:13:27 - [TEST_STEP][PASSED] - if (i == 4 &amp;&amp; wildList.indexOf(symbol) != -1): null

2019-08-24 12:13:27 - [TEST_STEP][PASSED] - symbol = symbol: null

2019-08-24 12:13:27 - [TEST_STEP][PASSED] - println(symbol): null

2019-08-24 12:13:27 - [TEST_STEP][PASSED] - if (i == 2 &amp;&amp; wildList.indexOf(symbol) != -1): null

2019-08-24 12:13:27 - [TEST_STEP][PASSED] - if (i == 3 &amp;&amp; wildList.indexOf(symbol) != -1): null

2019-08-24 12:13:27 - [TEST_STEP][PASSED] - if (i == 4 &amp;&amp; wildList.indexOf(symbol) != -1): null

2019-08-24 12:13:27 - [TEST_STEP][PASSED] - symbols = symbols: null

2019-08-24 12:13:27 - [TEST_STEP][PASSED] - for ([j = 0, j &lt; symbols.size(), (j++)]): null

2019-08-24 12:13:27 - [TEST_STEP][PASSED] - symbol = symbol: null

2019-08-24 12:13:27 - [TEST_STEP][PASSED] - println(symbol): null

2019-08-24 12:13:27 - [TEST_STEP][PASSED] - if (i == 2 &amp;&amp; wildList.indexOf(symbol) != -1): null

2019-08-24 12:13:27 - [TEST_STEP][PASSED] - if (i == 3 &amp;&amp; wildList.indexOf(symbol) != -1): null

2019-08-24 12:13:27 - [TEST_STEP][PASSED] - if (i == 4 &amp;&amp; wildList.indexOf(symbol) != -1): null

2019-08-24 12:13:27 - [TEST_STEP][PASSED] - symbol = symbol: null

2019-08-24 12:13:27 - [TEST_STEP][PASSED] - println(symbol): null

2019-08-24 12:13:27 - [TEST_STEP][PASSED] - if (i == 2 &amp;&amp; wildList.indexOf(symbol) != -1): null

2019-08-24 12:13:27 - [TEST_STEP][PASSED] - if (i == 3 &amp;&amp; wildList.indexOf(symbol) != -1): null

2019-08-24 12:13:27 - [TEST_STEP][PASSED] - if (i == 4 &amp;&amp; wildList.indexOf(symbol) != -1): null

2019-08-24 12:13:27 - [TEST_STEP][PASSED] - symbol = symbol: null

2019-08-24 12:13:27 - [TEST_STEP][PASSED] - println(symbol): null

2019-08-24 12:13:27 - [TEST_STEP][PASSED] - if (i == 2 &amp;&amp; wildList.indexOf(symbol) != -1): null

2019-08-24 12:13:27 - [TEST_STEP][PASSED] - if (i == 3 &amp;&amp; wildList.indexOf(symbol) != -1): null

2019-08-24 12:13:27 - [TEST_STEP][PASSED] - if (i == 4 &amp;&amp; wildList.indexOf(symbol) != -1): null

2019-08-24 12:13:27 - [TEST_STEP][PASSED] - free_spin_reel_counter = free_spin_reel_counter: null

2019-08-24 12:13:27 - [TEST_STEP][PASSED] - println("reel 3 wild found: " + free_spin_reel_counter[0]): null

2019-08-24 12:13:27 - [TEST_STEP][PASSED] - println("reel 4 wild found: " + free_spin_reel_counter[1]): null

2019-08-24 12:13:27 - [TEST_STEP][PASSED] - println("reel 5 wild found: " + free_spin_reel_counter[2]): null

2019-08-24 12:13:27 - [TEST_STEP][PASSED] - M4_spin_reels = M4_spin_reels: null

2019-08-24 12:13:27 - [TEST_STEP][PASSED] - M4_spin_reels_symbols = symbol: null

2019-08-24 12:13:27 - [TEST_STEP][PASSED] - M4_spin_reels_symbols = M4_spin_reels_symbols: null

2019-08-24 12:13:27 - [TEST_STEP][PASSED] - M4_spin_reel_wins = reel_wins: null

2019-08-24 12:13:27 - [TEST_STEP][PASSED] - M4_spin_reel_wins = M4_spin_reel_wins: null

2019-08-24 12:13:27 - [TEST_STEP][PASSED] - println("GlobalVariable.M4_spin_reel_wins is: " + M4_spin_reel_wins): null

2019-08-24 12:13:27 - [TEST_STEP][PASSED] - M4_spin_total_bonus_win_this_round = total_bonus_win_this_round: null

2019-08-24 12:13:27 - [TEST_STEP][PASSED] - M4_spin_total_bonus_win_this_round = M4_spin_total_bonus_win_this_round: null

2019-08-24 12:13:27 - [TEST_STEP][PASSED] - println("GlobalVariable.M4_spin_total_bonus_win_this_round is: " + M4_spin_total_bonus_win_this_round): null

2019-08-24 12:13:27 - [TEST_STEP][PASSED] - M4_spin_bonus_spin_result = spin_result: null

2019-08-24 12:13:27 - [TEST_STEP][PASSED] - M4_spin_bonus_spin_result = M4_spin_bonus_spin_result: null

2019-08-24 12:13:27 - [MESSAGE][PASSED] - Verify response successfully

2019-08-24 12:13:27 - [MESSAGE][PASSED] - Send request and verify the response successfully

2019-08-24 12:13:27 - [TEST_STEP][PASSED] - if (M4_total_bonus_spins_int != 0 &amp;&amp; M4_spin_reels_symbols[2].contains("WILD_ExtraFG") || M4_spin_reels_symbols[3].contains("WILD_ExtraFG")): null

2019-08-24 12:13:27 - [TEST_STEP][PASSED] - free_spin_reel_counter = free_spin_reel_counter: null

2019-08-24 12:13:27 - [TEST_STEP][PASSED] - M4_spin_reels_symbols = M4_spin_reels_symbols: null

2019-08-24 12:13:27 - [TEST_STEP][PASSED] - M4_total_bonus_spins = M4_total_bonus_spins: null

2019-08-24 12:13:27 - [TEST_STEP][PASSED] - spin_result = sendRequestAndVerify(findTestObject("INT/RGS(M4)/1_M4_spin", ["M4_login_user_id":M4_login_user_id, "rgs_session_token":rgs_session_token, "partner":Partner])): Send request and verify the response successfully

2019-08-24 12:13:28 - [MESSAGE][INFO] - HAR: /Users/eiralee/Katalon_Script/SuperWild/Reports/20190824_120919/INT/superWild_3/20190824_120919/requests/main/71.har

2019-08-24 12:13:28 - [TEST_CASE][PASSED] - Start Test Case : Verification: Verification accomplished successfully

2019-08-24 12:13:28 - [TEST_STEP][PASSED] - request = getInstance().getCurrentRequest(): null

2019-08-24 12:13:28 - [TEST_STEP][PASSED] - response = getInstance().getCurrentResponse(): null

2019-08-24 12:13:28 - [TEST_STEP][PASSED] - verifyResponseStatusCode(response, 200): Verify response status code successfully

2019-08-24 12:13:28 - [MESSAGE][PASSED] - Verify response status code successfully

2019-08-24 12:13:28 - [TEST_STEP][PASSED] - getStatusCode()).isEqualTo(200): null

2019-08-24 12:13:28 - [TEST_STEP][PASSED] - newline = System.getProperty("line.separator"): null

2019-08-24 12:13:28 - [TEST_STEP][PASSED] - M4_spin = new groovy.json.JsonSlurper(): null

2019-08-24 12:13:28 - [TEST_STEP][PASSED] - result_M4_spin = M4_spin.parseText(response.getResponseBodyContent()): null

2019-08-24 12:13:28 - [TEST_STEP][PASSED] - M4_spin_current_balance = current_balance: null

2019-08-24 12:13:28 - [TEST_STEP][PASSED] - M4_spin_current_balance = M4_spin_current_balance: null

2019-08-24 12:13:28 - [TEST_STEP][PASSED] - M4_spin_transaction_id = causality: null

2019-08-24 12:13:28 - [TEST_STEP][PASSED] - M4_spin_transaction_id = M4_spin_transaction_id: null

2019-08-24 12:13:28 - [TEST_STEP][PASSED] - M4_spin_round_id = round_id: null

2019-08-24 12:13:28 - [TEST_STEP][PASSED] - M4_spin_round_id = M4_spin_round_id: null

2019-08-24 12:13:28 - [TEST_STEP][PASSED] - M4_spin_line_wins = line_wins: null

2019-08-24 12:13:28 - [TEST_STEP][PASSED] - M4_spin_line_wins = M4_spin_line_wins: null

2019-08-24 12:13:28 - [TEST_STEP][PASSED] - M4_total_bonus_spins_int = total_bonus_spins: null

2019-08-24 12:13:28 - [TEST_STEP][PASSED] - println("******M4_total_bonus_spins type is:*******" + newline + getClass().getName()): null

2019-08-24 12:13:28 - [TEST_STEP][PASSED] - M4_total_bonus_spins_int = M4_total_bonus_spins_int: null

2019-08-24 12:13:28 - [TEST_STEP][PASSED] - M4_total_bonus_spins = Integer.toString(M4_total_bonus_spins_int): null

2019-08-24 12:13:28 - [TEST_STEP][PASSED] - M4_total_bonus_spins = M4_total_bonus_spins: null

2019-08-24 12:13:28 - [TEST_STEP][PASSED] - println("M4_total_bonus_spins is:" + M4_total_bonus_spins): null

2019-08-24 12:13:28 - [TEST_STEP][PASSED] - M4_spin_bonus_data = bonus_data: null

2019-08-24 12:13:28 - [TEST_STEP][PASSED] - M4_spin_features_triggered = result_M4_spin: null

2019-08-24 12:13:28 - [TEST_STEP][PASSED] - wild = []: null

2019-08-24 12:13:28 - [TEST_STEP][PASSED] - wild[0] = "WILD_Expanding": null

2019-08-24 12:13:28 - [TEST_STEP][PASSED] - wild[1] = "WILD_Normal": null

2019-08-24 12:13:28 - [TEST_STEP][PASSED] - wild[2] = "WILD_Double": null

2019-08-24 12:13:28 - [TEST_STEP][PASSED] - wild[3] = "WILD_ExtraFG": null

2019-08-24 12:13:28 - [TEST_STEP][PASSED] - wild[4] = "WILD_Triple": null

2019-08-24 12:13:28 - [TEST_STEP][PASSED] - wildList = Arrays.asList(wild): null

2019-08-24 12:13:28 - [TEST_STEP][PASSED] - wildList = wildList: null

2019-08-24 12:13:28 - [TEST_STEP][PASSED] - free_spin_reel_counter = []: null

2019-08-24 12:13:28 - [TEST_STEP][PASSED] - free_spin_reel_counter[0] = 0: null

2019-08-24 12:13:28 - [TEST_STEP][PASSED] - free_spin_reel_counter[1] = 0: null

2019-08-24 12:13:28 - [TEST_STEP][PASSED] - free_spin_reel_counter[2] = 0: null

2019-08-24 12:13:28 - [TEST_STEP][PASSED] - M4_spin_reels = reels: null

2019-08-24 12:13:28 - [TEST_STEP][PASSED] - for ([i = 0, i &lt; M4_spin_reels.size(), (i++)]): null

2019-08-24 12:13:28 - [TEST_STEP][PASSED] - symbols = symbols: null

2019-08-24 12:13:28 - [TEST_STEP][PASSED] - for ([j = 0, j &lt; symbols.size(), (j++)]): null

2019-08-24 12:13:28 - [TEST_STEP][PASSED] - symbol = symbol: null

2019-08-24 12:13:28 - [TEST_STEP][PASSED] - println(symbol): null

2019-08-24 12:13:28 - [TEST_STEP][PASSED] - if (i == 2 &amp;&amp; wildList.indexOf(symbol) != -1): null

2019-08-24 12:13:28 - [TEST_STEP][PASSED] - if (i == 3 &amp;&amp; wildList.indexOf(symbol) != -1): null

2019-08-24 12:13:28 - [TEST_STEP][PASSED] - if (i == 4 &amp;&amp; wildList.indexOf(symbol) != -1): null

2019-08-24 12:13:28 - [TEST_STEP][PASSED] - symbol = symbol: null

2019-08-24 12:13:28 - [TEST_STEP][PASSED] - println(symbol): null

2019-08-24 12:13:28 - [TEST_STEP][PASSED] - if (i == 2 &amp;&amp; wildList.indexOf(symbol) != -1): null

2019-08-24 12:13:28 - [TEST_STEP][PASSED] - if (i == 3 &amp;&amp; wildList.indexOf(symbol) != -1): null

2019-08-24 12:13:28 - [TEST_STEP][PASSED] - if (i == 4 &amp;&amp; wildList.indexOf(symbol) != -1): null

2019-08-24 12:13:28 - [TEST_STEP][PASSED] - symbol = symbol: null

2019-08-24 12:13:28 - [TEST_STEP][PASSED] - println(symbol): null

2019-08-24 12:13:28 - [TEST_STEP][PASSED] - if (i == 2 &amp;&amp; wildList.indexOf(symbol) != -1): null

2019-08-24 12:13:28 - [TEST_STEP][PASSED] - if (i == 3 &amp;&amp; wildList.indexOf(symbol) != -1): null

2019-08-24 12:13:28 - [TEST_STEP][PASSED] - if (i == 4 &amp;&amp; wildList.indexOf(symbol) != -1): null

2019-08-24 12:13:28 - [TEST_STEP][PASSED] - symbols = symbols: null

2019-08-24 12:13:28 - [TEST_STEP][PASSED] - for ([j = 0, j &lt; symbols.size(), (j++)]): null

2019-08-24 12:13:28 - [TEST_STEP][PASSED] - symbol = symbol: null

2019-08-24 12:13:28 - [TEST_STEP][PASSED] - println(symbol): null

2019-08-24 12:13:28 - [TEST_STEP][PASSED] - if (i == 2 &amp;&amp; wildList.indexOf(symbol) != -1): null

2019-08-24 12:13:28 - [TEST_STEP][PASSED] - if (i == 3 &amp;&amp; wildList.indexOf(symbol) != -1): null

2019-08-24 12:13:28 - [TEST_STEP][PASSED] - if (i == 4 &amp;&amp; wildList.indexOf(symbol) != -1): null

2019-08-24 12:13:28 - [TEST_STEP][PASSED] - symbol = symbol: null

2019-08-24 12:13:28 - [TEST_STEP][PASSED] - println(symbol): null

2019-08-24 12:13:28 - [TEST_STEP][PASSED] - if (i == 2 &amp;&amp; wildList.indexOf(symbol) != -1): null

2019-08-24 12:13:28 - [TEST_STEP][PASSED] - if (i == 3 &amp;&amp; wildList.indexOf(symbol) != -1): null

2019-08-24 12:13:28 - [TEST_STEP][PASSED] - if (i == 4 &amp;&amp; wildList.indexOf(symbol) != -1): null

2019-08-24 12:13:28 - [TEST_STEP][PASSED] - symbol = symbol: null

2019-08-24 12:13:28 - [TEST_STEP][PASSED] - println(symbol): null

2019-08-24 12:13:28 - [TEST_STEP][PASSED] - if (i == 2 &amp;&amp; wildList.indexOf(symbol) != -1): null

2019-08-24 12:13:28 - [TEST_STEP][PASSED] - if (i == 3 &amp;&amp; wildList.indexOf(symbol) != -1): null

2019-08-24 12:13:28 - [TEST_STEP][PASSED] - if (i == 4 &amp;&amp; wildList.indexOf(symbol) != -1): null

2019-08-24 12:13:28 - [TEST_STEP][PASSED] - symbols = symbols: null

2019-08-24 12:13:28 - [TEST_STEP][PASSED] - for ([j = 0, j &lt; symbols.size(), (j++)]): null

2019-08-24 12:13:28 - [TEST_STEP][PASSED] - symbol = symbol: null

2019-08-24 12:13:28 - [TEST_STEP][PASSED] - println(symbol): null

2019-08-24 12:13:28 - [TEST_STEP][PASSED] - if (i == 2 &amp;&amp; wildList.indexOf(symbol) != -1): null

2019-08-24 12:13:28 - [TEST_STEP][PASSED] - if (i == 3 &amp;&amp; wildList.indexOf(symbol) != -1): null

2019-08-24 12:13:28 - [TEST_STEP][PASSED] - if (i == 4 &amp;&amp; wildList.indexOf(symbol) != -1): null

2019-08-24 12:13:28 - [TEST_STEP][PASSED] - symbol = symbol: null

2019-08-24 12:13:28 - [TEST_STEP][PASSED] - println(symbol): null

2019-08-24 12:13:28 - [TEST_STEP][PASSED] - if (i == 2 &amp;&amp; wildList.indexOf(symbol) != -1): null

2019-08-24 12:13:28 - [TEST_STEP][PASSED] - if (i == 3 &amp;&amp; wildList.indexOf(symbol) != -1): null

2019-08-24 12:13:28 - [TEST_STEP][PASSED] - if (i == 4 &amp;&amp; wildList.indexOf(symbol) != -1): null

2019-08-24 12:13:28 - [TEST_STEP][PASSED] - symbol = symbol: null

2019-08-24 12:13:28 - [TEST_STEP][PASSED] - println(symbol): null

2019-08-24 12:13:28 - [TEST_STEP][PASSED] - if (i == 2 &amp;&amp; wildList.indexOf(symbol) != -1): null

2019-08-24 12:13:28 - [TEST_STEP][PASSED] - if (i == 3 &amp;&amp; wildList.indexOf(symbol) != -1): null

2019-08-24 12:13:28 - [TEST_STEP][PASSED] - if (i == 4 &amp;&amp; wildList.indexOf(symbol) != -1): null

2019-08-24 12:13:28 - [TEST_STEP][PASSED] - symbols = symbols: null

2019-08-24 12:13:28 - [TEST_STEP][PASSED] - for ([j = 0, j &lt; symbols.size(), (j++)]): null

2019-08-24 12:13:28 - [TEST_STEP][PASSED] - symbol = symbol: null

2019-08-24 12:13:32 - [TEST_STEP][PASSED] - println(symbol): null

2019-08-24 12:13:32 - [TEST_STEP][PASSED] - if (i == 2 &amp;&amp; wildList.indexOf(symbol) != -1): null

2019-08-24 12:13:32 - [TEST_STEP][PASSED] - if (i == 3 &amp;&amp; wildList.indexOf(symbol) != -1): null

2019-08-24 12:13:32 - [TEST_STEP][PASSED] - if (i == 4 &amp;&amp; wildList.indexOf(symbol) != -1): null

2019-08-24 12:13:32 - [TEST_STEP][PASSED] - symbol = symbol: null

2019-08-24 12:13:32 - [TEST_STEP][PASSED] - println(symbol): null

2019-08-24 12:13:32 - [TEST_STEP][PASSED] - if (i == 2 &amp;&amp; wildList.indexOf(symbol) != -1): null

2019-08-24 12:13:32 - [TEST_STEP][PASSED] - if (i == 3 &amp;&amp; wildList.indexOf(symbol) != -1): null

2019-08-24 12:13:32 - [TEST_STEP][PASSED] - if (i == 4 &amp;&amp; wildList.indexOf(symbol) != -1): null

2019-08-24 12:13:32 - [TEST_STEP][PASSED] - symbol = symbol: null

2019-08-24 12:13:34 - [TEST_STEP][PASSED] - println(symbol): null

2019-08-24 12:13:34 - [TEST_STEP][PASSED] - if (i == 2 &amp;&amp; wildList.indexOf(symbol) != -1): null

2019-08-24 12:13:34 - [TEST_STEP][PASSED] - if (i == 3 &amp;&amp; wildList.indexOf(symbol) != -1): null

2019-08-24 12:13:34 - [TEST_STEP][PASSED] - println("wild found on reel 4, adding counter by 1"): null

2019-08-24 12:13:34 - [TEST_STEP][PASSED] - free_spin_reel_counter[1] = free_spin_reel_counter[1] + 1: null

2019-08-24 12:13:34 - [TEST_STEP][PASSED] - if (i == 4 &amp;&amp; wildList.indexOf(symbol) != -1): null

2019-08-24 12:13:34 - [TEST_STEP][PASSED] - symbols = symbols: null

2019-08-24 12:13:34 - [TEST_STEP][PASSED] - for ([j = 0, j &lt; symbols.size(), (j++)]): null

2019-08-24 12:13:34 - [TEST_STEP][PASSED] - symbol = symbol: null

2019-08-24 12:13:34 - [TEST_STEP][PASSED] - println(symbol): null

2019-08-24 12:13:34 - [TEST_STEP][PASSED] - if (i == 2 &amp;&amp; wildList.indexOf(symbol) != -1): null

2019-08-24 12:13:34 - [TEST_STEP][PASSED] - if (i == 3 &amp;&amp; wildList.indexOf(symbol) != -1): null

2019-08-24 12:13:34 - [TEST_STEP][PASSED] - if (i == 4 &amp;&amp; wildList.indexOf(symbol) != -1): null

2019-08-24 12:13:34 - [TEST_STEP][PASSED] - symbol = symbol: null

2019-08-24 12:13:34 - [TEST_STEP][PASSED] - println(symbol): null

2019-08-24 12:13:34 - [TEST_STEP][PASSED] - if (i == 2 &amp;&amp; wildList.indexOf(symbol) != -1): null

2019-08-24 12:13:34 - [TEST_STEP][PASSED] - if (i == 3 &amp;&amp; wildList.indexOf(symbol) != -1): null

2019-08-24 12:13:34 - [TEST_STEP][PASSED] - if (i == 4 &amp;&amp; wildList.indexOf(symbol) != -1): null

2019-08-24 12:13:34 - [TEST_STEP][PASSED] - symbol = symbol: null

2019-08-24 12:13:34 - [TEST_STEP][PASSED] - println(symbol): null

2019-08-24 12:13:34 - [TEST_STEP][PASSED] - if (i == 2 &amp;&amp; wildList.indexOf(symbol) != -1): null

2019-08-24 12:13:34 - [TEST_STEP][PASSED] - if (i == 3 &amp;&amp; wildList.indexOf(symbol) != -1): null

2019-08-24 12:13:34 - [TEST_STEP][PASSED] - if (i == 4 &amp;&amp; wildList.indexOf(symbol) != -1): null

2019-08-24 12:13:34 - [TEST_STEP][PASSED] - free_spin_reel_counter = free_spin_reel_counter: null

2019-08-24 12:13:34 - [TEST_STEP][PASSED] - println("reel 3 wild found: " + free_spin_reel_counter[0]): null

2019-08-24 12:13:34 - [TEST_STEP][PASSED] - println("reel 4 wild found: " + free_spin_reel_counter[1]): null

2019-08-24 12:13:34 - [TEST_STEP][PASSED] - println("reel 5 wild found: " + free_spin_reel_counter[2]): null

2019-08-24 12:13:34 - [TEST_STEP][PASSED] - M4_spin_reels = M4_spin_reels: null

2019-08-24 12:13:34 - [TEST_STEP][PASSED] - M4_spin_reels_symbols = symbol: null

2019-08-24 12:13:34 - [TEST_STEP][PASSED] - M4_spin_reels_symbols = M4_spin_reels_symbols: null

2019-08-24 12:13:34 - [TEST_STEP][PASSED] - M4_spin_reel_wins = reel_wins: null

2019-08-24 12:13:34 - [TEST_STEP][PASSED] - M4_spin_reel_wins = M4_spin_reel_wins: null

2019-08-24 12:13:34 - [TEST_STEP][PASSED] - println("GlobalVariable.M4_spin_reel_wins is: " + M4_spin_reel_wins): null

2019-08-24 12:13:34 - [TEST_STEP][PASSED] - M4_spin_total_bonus_win_this_round = total_bonus_win_this_round: null

2019-08-24 12:13:34 - [TEST_STEP][PASSED] - M4_spin_total_bonus_win_this_round = M4_spin_total_bonus_win_this_round: null

2019-08-24 12:13:34 - [TEST_STEP][PASSED] - println("GlobalVariable.M4_spin_total_bonus_win_this_round is: " + M4_spin_total_bonus_win_this_round): null

2019-08-24 12:13:34 - [TEST_STEP][PASSED] - M4_spin_bonus_spin_result = spin_result: null

2019-08-24 12:13:34 - [TEST_STEP][PASSED] - M4_spin_bonus_spin_result = M4_spin_bonus_spin_result: null

2019-08-24 12:13:34 - [MESSAGE][PASSED] - Verify response successfully

2019-08-24 12:13:34 - [MESSAGE][PASSED] - Send request and verify the response successfully

2019-08-24 12:13:34 - [TEST_STEP][PASSED] - if (M4_total_bonus_spins_int != 0 &amp;&amp; M4_spin_reels_symbols[2].contains("WILD_ExtraFG") || M4_spin_reels_symbols[3].contains("WILD_ExtraFG")): null

2019-08-24 12:13:34 - [TEST_STEP][PASSED] - free_spin_reel_counter = free_spin_reel_counter: null

2019-08-24 12:13:34 - [TEST_STEP][PASSED] - M4_spin_reels_symbols = M4_spin_reels_symbols: null

2019-08-24 12:13:34 - [TEST_STEP][PASSED] - M4_total_bonus_spins = M4_total_bonus_spins: null

2019-08-24 12:13:34 - [TEST_STEP][PASSED] - spin_result = sendRequestAndVerify(findTestObject("INT/RGS(M4)/1_M4_spin", ["M4_login_user_id":M4_login_user_id, "rgs_session_token":rgs_session_token, "partner":Partner])): Send request and verify the response successfully

2019-08-24 12:13:35 - [MESSAGE][INFO] - HAR: /Users/eiralee/Katalon_Script/SuperWild/Reports/20190824_120919/INT/superWild_3/20190824_120919/requests/main/72.har

2019-08-24 12:13:35 - [TEST_CASE][PASSED] - Start Test Case : Verification: Verification accomplished successfully

2019-08-24 12:13:35 - [TEST_STEP][PASSED] - request = getInstance().getCurrentRequest(): null

2019-08-24 12:13:35 - [TEST_STEP][PASSED] - response = getInstance().getCurrentResponse(): null

2019-08-24 12:13:35 - [TEST_STEP][PASSED] - verifyResponseStatusCode(response, 200): Verify response status code successfully

2019-08-24 12:13:35 - [MESSAGE][PASSED] - Verify response status code successfully

2019-08-24 12:13:35 - [TEST_STEP][PASSED] - getStatusCode()).isEqualTo(200): null

2019-08-24 12:13:35 - [TEST_STEP][PASSED] - newline = System.getProperty("line.separator"): null

2019-08-24 12:13:35 - [TEST_STEP][PASSED] - M4_spin = new groovy.json.JsonSlurper(): null

2019-08-24 12:13:35 - [TEST_STEP][PASSED] - result_M4_spin = M4_spin.parseText(response.getResponseBodyContent()): null

2019-08-24 12:13:35 - [TEST_STEP][PASSED] - M4_spin_current_balance = current_balance: null

2019-08-24 12:13:35 - [TEST_STEP][PASSED] - M4_spin_current_balance = M4_spin_current_balance: null

2019-08-24 12:13:35 - [TEST_STEP][PASSED] - M4_spin_transaction_id = causality: null

2019-08-24 12:13:35 - [TEST_STEP][PASSED] - M4_spin_transaction_id = M4_spin_transaction_id: null

2019-08-24 12:13:35 - [TEST_STEP][PASSED] - M4_spin_round_id = round_id: null

2019-08-24 12:13:35 - [TEST_STEP][PASSED] - M4_spin_round_id = M4_spin_round_id: null

2019-08-24 12:13:35 - [TEST_STEP][PASSED] - M4_spin_line_wins = line_wins: null

2019-08-24 12:13:35 - [TEST_STEP][PASSED] - M4_spin_line_wins = M4_spin_line_wins: null

2019-08-24 12:13:35 - [TEST_STEP][PASSED] - M4_total_bonus_spins_int = total_bonus_spins: null

2019-08-24 12:13:35 - [TEST_STEP][PASSED] - println("******M4_total_bonus_spins type is:*******" + newline + getClass().getName()): null

2019-08-24 12:13:35 - [TEST_STEP][PASSED] - M4_total_bonus_spins_int = M4_total_bonus_spins_int: null

2019-08-24 12:13:35 - [TEST_STEP][PASSED] - M4_total_bonus_spins = Integer.toString(M4_total_bonus_spins_int): null

2019-08-24 12:13:35 - [TEST_STEP][PASSED] - M4_total_bonus_spins = M4_total_bonus_spins: null

2019-08-24 12:13:35 - [TEST_STEP][PASSED] - println("M4_total_bonus_spins is:" + M4_total_bonus_spins): null

2019-08-24 12:13:35 - [TEST_STEP][PASSED] - M4_spin_bonus_data = bonus_data: null

2019-08-24 12:13:35 - [TEST_STEP][PASSED] - M4_spin_features_triggered = result_M4_spin: null

2019-08-24 12:13:35 - [TEST_STEP][PASSED] - wild = []: null

2019-08-24 12:13:35 - [TEST_STEP][PASSED] - wild[0] = "WILD_Expanding": null

2019-08-24 12:13:35 - [TEST_STEP][PASSED] - wild[1] = "WILD_Normal": null

2019-08-24 12:13:35 - [TEST_STEP][PASSED] - wild[2] = "WILD_Double": null

2019-08-24 12:13:35 - [TEST_STEP][PASSED] - wild[3] = "WILD_ExtraFG": null

2019-08-24 12:13:35 - [TEST_STEP][PASSED] - wild[4] = "WILD_Triple": null

2019-08-24 12:13:35 - [TEST_STEP][PASSED] - wildList = Arrays.asList(wild): null

2019-08-24 12:13:35 - [TEST_STEP][PASSED] - wildList = wildList: null

2019-08-24 12:13:35 - [TEST_STEP][PASSED] - free_spin_reel_counter = []: null

2019-08-24 12:13:35 - [TEST_STEP][PASSED] - free_spin_reel_counter[0] = 0: null

2019-08-24 12:13:35 - [TEST_STEP][PASSED] - free_spin_reel_counter[1] = 0: null

2019-08-24 12:13:35 - [TEST_STEP][PASSED] - free_spin_reel_counter[2] = 0: null

2019-08-24 12:13:35 - [TEST_STEP][PASSED] - M4_spin_reels = reels: null

2019-08-24 12:13:35 - [TEST_STEP][PASSED] - for ([i = 0, i &lt; M4_spin_reels.size(), (i++)]): null

2019-08-24 12:13:35 - [TEST_STEP][PASSED] - symbols = symbols: null

2019-08-24 12:13:35 - [TEST_STEP][PASSED] - for ([j = 0, j &lt; symbols.size(), (j++)]): null

2019-08-24 12:13:35 - [TEST_STEP][PASSED] - symbol = symbol: null

2019-08-24 12:13:35 - [TEST_STEP][PASSED] - println(symbol): null

2019-08-24 12:13:35 - [TEST_STEP][PASSED] - if (i == 2 &amp;&amp; wildList.indexOf(symbol) != -1): null

2019-08-24 12:13:35 - [TEST_STEP][PASSED] - if (i == 3 &amp;&amp; wildList.indexOf(symbol) != -1): null

2019-08-24 12:13:35 - [TEST_STEP][PASSED] - if (i == 4 &amp;&amp; wildList.indexOf(symbol) != -1): null

2019-08-24 12:13:35 - [TEST_STEP][PASSED] - symbol = symbol: null

2019-08-24 12:13:35 - [TEST_STEP][PASSED] - println(symbol): null

2019-08-24 12:13:35 - [TEST_STEP][PASSED] - if (i == 2 &amp;&amp; wildList.indexOf(symbol) != -1): null

2019-08-24 12:13:35 - [TEST_STEP][PASSED] - if (i == 3 &amp;&amp; wildList.indexOf(symbol) != -1): null

2019-08-24 12:13:35 - [TEST_STEP][PASSED] - if (i == 4 &amp;&amp; wildList.indexOf(symbol) != -1): null

2019-08-24 12:13:35 - [TEST_STEP][PASSED] - symbol = symbol: null

2019-08-24 12:13:35 - [TEST_STEP][PASSED] - println(symbol): null

2019-08-24 12:13:35 - [TEST_STEP][PASSED] - if (i == 2 &amp;&amp; wildList.indexOf(symbol) != -1): null

2019-08-24 12:13:35 - [TEST_STEP][PASSED] - if (i == 3 &amp;&amp; wildList.indexOf(symbol) != -1): null

2019-08-24 12:13:35 - [TEST_STEP][PASSED] - if (i == 4 &amp;&amp; wildList.indexOf(symbol) != -1): null

2019-08-24 12:13:35 - [TEST_STEP][PASSED] - symbols = symbols: null

2019-08-24 12:13:35 - [TEST_STEP][PASSED] - for ([j = 0, j &lt; symbols.size(), (j++)]): null

2019-08-24 12:13:35 - [TEST_STEP][PASSED] - symbol = symbol: null

2019-08-24 12:13:35 - [TEST_STEP][PASSED] - println(symbol): null

2019-08-24 12:13:35 - [TEST_STEP][PASSED] - if (i == 2 &amp;&amp; wildList.indexOf(symbol) != -1): null

2019-08-24 12:13:35 - [TEST_STEP][PASSED] - if (i == 3 &amp;&amp; wildList.indexOf(symbol) != -1): null

2019-08-24 12:13:35 - [TEST_STEP][PASSED] - if (i == 4 &amp;&amp; wildList.indexOf(symbol) != -1): null

2019-08-24 12:13:35 - [TEST_STEP][PASSED] - symbol = symbol: null

2019-08-24 12:13:35 - [TEST_STEP][PASSED] - println(symbol): null

2019-08-24 12:13:35 - [TEST_STEP][PASSED] - if (i == 2 &amp;&amp; wildList.indexOf(symbol) != -1): null

2019-08-24 12:13:35 - [TEST_STEP][PASSED] - if (i == 3 &amp;&amp; wildList.indexOf(symbol) != -1): null

2019-08-24 12:13:35 - [TEST_STEP][PASSED] - if (i == 4 &amp;&amp; wildList.indexOf(symbol) != -1): null

2019-08-24 12:13:35 - [TEST_STEP][PASSED] - symbol = symbol: null

2019-08-24 12:13:35 - [TEST_STEP][PASSED] - println(symbol): null

2019-08-24 12:13:35 - [TEST_STEP][PASSED] - if (i == 2 &amp;&amp; wildList.indexOf(symbol) != -1): null

2019-08-24 12:13:35 - [TEST_STEP][PASSED] - if (i == 3 &amp;&amp; wildList.indexOf(symbol) != -1): null

2019-08-24 12:13:35 - [TEST_STEP][PASSED] - if (i == 4 &amp;&amp; wildList.indexOf(symbol) != -1): null

2019-08-24 12:13:35 - [TEST_STEP][PASSED] - symbols = symbols: null

2019-08-24 12:13:35 - [TEST_STEP][PASSED] - for ([j = 0, j &lt; symbols.size(), (j++)]): null

2019-08-24 12:13:35 - [TEST_STEP][PASSED] - symbol = symbol: null

2019-08-24 12:13:35 - [TEST_STEP][PASSED] - println(symbol): null

2019-08-24 12:13:35 - [TEST_STEP][PASSED] - if (i == 2 &amp;&amp; wildList.indexOf(symbol) != -1): null

2019-08-24 12:13:35 - [TEST_STEP][PASSED] - if (i == 3 &amp;&amp; wildList.indexOf(symbol) != -1): null

2019-08-24 12:13:35 - [TEST_STEP][PASSED] - if (i == 4 &amp;&amp; wildList.indexOf(symbol) != -1): null

2019-08-24 12:13:35 - [TEST_STEP][PASSED] - symbol = symbol: null

2019-08-24 12:13:35 - [TEST_STEP][PASSED] - println(symbol): null

2019-08-24 12:13:35 - [TEST_STEP][PASSED] - if (i == 2 &amp;&amp; wildList.indexOf(symbol) != -1): null

2019-08-24 12:13:35 - [TEST_STEP][PASSED] - if (i == 3 &amp;&amp; wildList.indexOf(symbol) != -1): null

2019-08-24 12:13:35 - [TEST_STEP][PASSED] - if (i == 4 &amp;&amp; wildList.indexOf(symbol) != -1): null

2019-08-24 12:13:35 - [TEST_STEP][PASSED] - symbol = symbol: null

2019-08-24 12:13:35 - [TEST_STEP][PASSED] - println(symbol): null

2019-08-24 12:13:35 - [TEST_STEP][PASSED] - if (i == 2 &amp;&amp; wildList.indexOf(symbol) != -1): null

2019-08-24 12:13:35 - [TEST_STEP][PASSED] - println("wild found on reel 3, adding counter by 1"): null

2019-08-24 12:13:35 - [TEST_STEP][PASSED] - free_spin_reel_counter[0] = free_spin_reel_counter[0] + 1: null

2019-08-24 12:13:35 - [TEST_STEP][PASSED] - if (i == 3 &amp;&amp; wildList.indexOf(symbol) != -1): null

2019-08-24 12:13:35 - [TEST_STEP][PASSED] - if (i == 4 &amp;&amp; wildList.indexOf(symbol) != -1): null

2019-08-24 12:13:35 - [TEST_STEP][PASSED] - symbols = symbols: null

2019-08-24 12:13:35 - [TEST_STEP][PASSED] - for ([j = 0, j &lt; symbols.size(), (j++)]): null

2019-08-24 12:13:35 - [TEST_STEP][PASSED] - symbol = symbol: null

2019-08-24 12:13:35 - [TEST_STEP][PASSED] - println(symbol): null

2019-08-24 12:13:35 - [TEST_STEP][PASSED] - if (i == 2 &amp;&amp; wildList.indexOf(symbol) != -1): null

2019-08-24 12:13:35 - [TEST_STEP][PASSED] - if (i == 3 &amp;&amp; wildList.indexOf(symbol) != -1): null

2019-08-24 12:13:35 - [TEST_STEP][PASSED] - if (i == 4 &amp;&amp; wildList.indexOf(symbol) != -1): null

2019-08-24 12:13:35 - [TEST_STEP][PASSED] - symbol = symbol: null

2019-08-24 12:13:35 - [TEST_STEP][PASSED] - println(symbol): null

2019-08-24 12:13:35 - [TEST_STEP][PASSED] - if (i == 2 &amp;&amp; wildList.indexOf(symbol) != -1): null

2019-08-24 12:13:35 - [TEST_STEP][PASSED] - if (i == 3 &amp;&amp; wildList.indexOf(symbol) != -1): null

2019-08-24 12:13:35 - [TEST_STEP][PASSED] - if (i == 4 &amp;&amp; wildList.indexOf(symbol) != -1): null

2019-08-24 12:13:35 - [TEST_STEP][PASSED] - symbol = symbol: null

2019-08-24 12:13:35 - [TEST_STEP][PASSED] - println(symbol): null

2019-08-24 12:13:35 - [TEST_STEP][PASSED] - if (i == 2 &amp;&amp; wildList.indexOf(symbol) != -1): null

2019-08-24 12:13:35 - [TEST_STEP][PASSED] - if (i == 3 &amp;&amp; wildList.indexOf(symbol) != -1): null

2019-08-24 12:13:35 - [TEST_STEP][PASSED] - if (i == 4 &amp;&amp; wildList.indexOf(symbol) != -1): null

2019-08-24 12:13:35 - [TEST_STEP][PASSED] - symbols = symbols: null

2019-08-24 12:13:35 - [TEST_STEP][PASSED] - for ([j = 0, j &lt; symbols.size(), (j++)]): null

2019-08-24 12:13:35 - [TEST_STEP][PASSED] - symbol = symbol: null

2019-08-24 12:13:35 - [TEST_STEP][PASSED] - println(symbol): null

2019-08-24 12:13:35 - [TEST_STEP][PASSED] - if (i == 2 &amp;&amp; wildList.indexOf(symbol) != -1): null

2019-08-24 12:13:35 - [TEST_STEP][PASSED] - if (i == 3 &amp;&amp; wildList.indexOf(symbol) != -1): null

2019-08-24 12:13:35 - [TEST_STEP][PASSED] - if (i == 4 &amp;&amp; wildList.indexOf(symbol) != -1): null

2019-08-24 12:13:35 - [TEST_STEP][PASSED] - symbol = symbol: null

2019-08-24 12:13:35 - [TEST_STEP][PASSED] - println(symbol): null

2019-08-24 12:13:35 - [TEST_STEP][PASSED] - if (i == 2 &amp;&amp; wildList.indexOf(symbol) != -1): null

2019-08-24 12:13:35 - [TEST_STEP][PASSED] - if (i == 3 &amp;&amp; wildList.indexOf(symbol) != -1): null

2019-08-24 12:13:35 - [TEST_STEP][PASSED] - if (i == 4 &amp;&amp; wildList.indexOf(symbol) != -1): null

2019-08-24 12:13:35 - [TEST_STEP][PASSED] - symbol = symbol: null

2019-08-24 12:13:35 - [TEST_STEP][PASSED] - println(symbol): null

2019-08-24 12:13:35 - [TEST_STEP][PASSED] - if (i == 2 &amp;&amp; wildList.indexOf(symbol) != -1): null

2019-08-24 12:13:35 - [TEST_STEP][PASSED] - if (i == 3 &amp;&amp; wildList.indexOf(symbol) != -1): null

2019-08-24 12:13:35 - [TEST_STEP][PASSED] - if (i == 4 &amp;&amp; wildList.indexOf(symbol) != -1): null

2019-08-24 12:13:35 - [TEST_STEP][PASSED] - free_spin_reel_counter = free_spin_reel_counter: null

2019-08-24 12:13:35 - [TEST_STEP][PASSED] - println("reel 3 wild found: " + free_spin_reel_counter[0]): null

2019-08-24 12:13:35 - [TEST_STEP][PASSED] - println("reel 4 wild found: " + free_spin_reel_counter[1]): null

2019-08-24 12:13:35 - [TEST_STEP][PASSED] - println("reel 5 wild found: " + free_spin_reel_counter[2]): null

2019-08-24 12:13:35 - [TEST_STEP][PASSED] - M4_spin_reels = M4_spin_reels: null

2019-08-24 12:13:35 - [TEST_STEP][PASSED] - M4_spin_reels_symbols = symbol: null

2019-08-24 12:13:35 - [TEST_STEP][PASSED] - M4_spin_reels_symbols = M4_spin_reels_symbols: null

2019-08-24 12:13:35 - [TEST_STEP][PASSED] - M4_spin_reel_wins = reel_wins: null

2019-08-24 12:13:35 - [TEST_STEP][PASSED] - M4_spin_reel_wins = M4_spin_reel_wins: null

2019-08-24 12:13:35 - [TEST_STEP][PASSED] - println("GlobalVariable.M4_spin_reel_wins is: " + M4_spin_reel_wins): null

2019-08-24 12:13:35 - [TEST_STEP][PASSED] - M4_spin_total_bonus_win_this_round = total_bonus_win_this_round: null

2019-08-24 12:13:35 - [TEST_STEP][PASSED] - M4_spin_total_bonus_win_this_round = M4_spin_total_bonus_win_this_round: null

2019-08-24 12:13:35 - [TEST_STEP][PASSED] - println("GlobalVariable.M4_spin_total_bonus_win_this_round is: " + M4_spin_total_bonus_win_this_round): null

2019-08-24 12:13:35 - [TEST_STEP][PASSED] - M4_spin_bonus_spin_result = spin_result: null

2019-08-24 12:13:35 - [TEST_STEP][PASSED] - M4_spin_bonus_spin_result = M4_spin_bonus_spin_result: null

2019-08-24 12:13:35 - [MESSAGE][PASSED] - Verify response successfully

2019-08-24 12:13:35 - [MESSAGE][PASSED] - Send request and verify the response successfully

2019-08-24 12:13:35 - [TEST_STEP][PASSED] - if (M4_total_bonus_spins_int != 0 &amp;&amp; M4_spin_reels_symbols[2].contains("WILD_ExtraFG") || M4_spin_reels_symbols[3].contains("WILD_ExtraFG")): null

2019-08-24 12:13:35 - [TEST_STEP][PASSED] - free_spin_reel_counter = free_spin_reel_counter: null

2019-08-24 12:13:35 - [TEST_STEP][PASSED] - M4_spin_reels_symbols = M4_spin_reels_symbols: null

2019-08-24 12:13:35 - [TEST_STEP][PASSED] - M4_total_bonus_spins = M4_total_bonus_spins: null

2019-08-24 12:13:35 - [TEST_STEP][PASSED] - spin_result = sendRequestAndVerify(findTestObject("INT/RGS(M4)/1_M4_spin", ["M4_login_user_id":M4_login_user_id, "rgs_session_token":rgs_session_token, "partner":Partner])): Send request and verify the response successfully

2019-08-24 12:13:35 - [MESSAGE][INFO] - HAR: /Users/eiralee/Katalon_Script/SuperWild/Reports/20190824_120919/INT/superWild_3/20190824_120919/requests/main/73.har

2019-08-24 12:13:35 - [TEST_CASE][PASSED] - Start Test Case : Verification: Verification accomplished successfully

2019-08-24 12:13:35 - [TEST_STEP][PASSED] - request = getInstance().getCurrentRequest(): null

2019-08-24 12:13:36 - [TEST_STEP][PASSED] - response = getInstance().getCurrentResponse(): null

2019-08-24 12:13:36 - [TEST_STEP][PASSED] - verifyResponseStatusCode(response, 200): Verify response status code successfully

2019-08-24 12:13:36 - [MESSAGE][PASSED] - Verify response status code successfully

2019-08-24 12:13:36 - [TEST_STEP][PASSED] - getStatusCode()).isEqualTo(200): null

2019-08-24 12:13:36 - [TEST_STEP][PASSED] - newline = System.getProperty("line.separator"): null

2019-08-24 12:13:36 - [TEST_STEP][PASSED] - M4_spin = new groovy.json.JsonSlurper(): null

2019-08-24 12:13:36 - [TEST_STEP][PASSED] - result_M4_spin = M4_spin.parseText(response.getResponseBodyContent()): null

2019-08-24 12:13:36 - [TEST_STEP][PASSED] - M4_spin_current_balance = current_balance: null

2019-08-24 12:13:36 - [TEST_STEP][PASSED] - M4_spin_current_balance = M4_spin_current_balance: null

2019-08-24 12:13:36 - [TEST_STEP][PASSED] - M4_spin_transaction_id = causality: null

2019-08-24 12:13:36 - [TEST_STEP][PASSED] - M4_spin_transaction_id = M4_spin_transaction_id: null

2019-08-24 12:13:36 - [TEST_STEP][PASSED] - M4_spin_round_id = round_id: null

2019-08-24 12:13:36 - [TEST_STEP][PASSED] - M4_spin_round_id = M4_spin_round_id: null

2019-08-24 12:13:36 - [TEST_STEP][PASSED] - M4_spin_line_wins = line_wins: null

2019-08-24 12:13:36 - [TEST_STEP][PASSED] - M4_spin_line_wins = M4_spin_line_wins: null

2019-08-24 12:13:36 - [TEST_STEP][PASSED] - M4_total_bonus_spins_int = total_bonus_spins: null

2019-08-24 12:13:36 - [TEST_STEP][PASSED] - println("******M4_total_bonus_spins type is:*******" + newline + getClass().getName()): null

2019-08-24 12:13:36 - [TEST_STEP][PASSED] - M4_total_bonus_spins_int = M4_total_bonus_spins_int: null

2019-08-24 12:13:36 - [TEST_STEP][PASSED] - M4_total_bonus_spins = Integer.toString(M4_total_bonus_spins_int): null

2019-08-24 12:13:36 - [TEST_STEP][PASSED] - M4_total_bonus_spins = M4_total_bonus_spins: null

2019-08-24 12:13:36 - [TEST_STEP][PASSED] - println("M4_total_bonus_spins is:" + M4_total_bonus_spins): null

2019-08-24 12:13:36 - [TEST_STEP][PASSED] - M4_spin_bonus_data = bonus_data: null

2019-08-24 12:13:36 - [TEST_STEP][PASSED] - M4_spin_features_triggered = result_M4_spin: null

2019-08-24 12:13:36 - [TEST_STEP][PASSED] - wild = []: null

2019-08-24 12:13:36 - [TEST_STEP][PASSED] - wild[0] = "WILD_Expanding": null

2019-08-24 12:13:36 - [TEST_STEP][PASSED] - wild[1] = "WILD_Normal": null

2019-08-24 12:13:36 - [TEST_STEP][PASSED] - wild[2] = "WILD_Double": null

2019-08-24 12:13:36 - [TEST_STEP][PASSED] - wild[3] = "WILD_ExtraFG": null

2019-08-24 12:13:36 - [TEST_STEP][PASSED] - wild[4] = "WILD_Triple": null

2019-08-24 12:13:36 - [TEST_STEP][PASSED] - wildList = Arrays.asList(wild): null

2019-08-24 12:13:36 - [TEST_STEP][PASSED] - wildList = wildList: null

2019-08-24 12:13:36 - [TEST_STEP][PASSED] - free_spin_reel_counter = []: null

2019-08-24 12:13:36 - [TEST_STEP][PASSED] - free_spin_reel_counter[0] = 0: null

2019-08-24 12:13:36 - [TEST_STEP][PASSED] - free_spin_reel_counter[1] = 0: null

2019-08-24 12:13:36 - [TEST_STEP][PASSED] - free_spin_reel_counter[2] = 0: null

2019-08-24 12:13:36 - [TEST_STEP][PASSED] - M4_spin_reels = reels: null

2019-08-24 12:13:36 - [TEST_STEP][PASSED] - for ([i = 0, i &lt; M4_spin_reels.size(), (i++)]): null

2019-08-24 12:13:36 - [TEST_STEP][PASSED] - symbols = symbols: null

2019-08-24 12:13:36 - [TEST_STEP][PASSED] - for ([j = 0, j &lt; symbols.size(), (j++)]): null

2019-08-24 12:13:36 - [TEST_STEP][PASSED] - symbol = symbol: null

2019-08-24 12:13:36 - [TEST_STEP][PASSED] - println(symbol): null

2019-08-24 12:13:36 - [TEST_STEP][PASSED] - if (i == 2 &amp;&amp; wildList.indexOf(symbol) != -1): null

2019-08-24 12:13:36 - [TEST_STEP][PASSED] - if (i == 3 &amp;&amp; wildList.indexOf(symbol) != -1): null

2019-08-24 12:13:36 - [TEST_STEP][PASSED] - if (i == 4 &amp;&amp; wildList.indexOf(symbol) != -1): null

2019-08-24 12:13:36 - [TEST_STEP][PASSED] - symbol = symbol: null

2019-08-24 12:13:36 - [TEST_STEP][PASSED] - println(symbol): null

2019-08-24 12:13:36 - [TEST_STEP][PASSED] - if (i == 2 &amp;&amp; wildList.indexOf(symbol) != -1): null

2019-08-24 12:13:36 - [TEST_STEP][PASSED] - if (i == 3 &amp;&amp; wildList.indexOf(symbol) != -1): null

2019-08-24 12:13:36 - [TEST_STEP][PASSED] - if (i == 4 &amp;&amp; wildList.indexOf(symbol) != -1): null

2019-08-24 12:13:36 - [TEST_STEP][PASSED] - symbol = symbol: null

2019-08-24 12:13:36 - [TEST_STEP][PASSED] - println(symbol): null

2019-08-24 12:13:36 - [TEST_STEP][PASSED] - if (i == 2 &amp;&amp; wildList.indexOf(symbol) != -1): null

2019-08-24 12:13:36 - [TEST_STEP][PASSED] - if (i == 3 &amp;&amp; wildList.indexOf(symbol) != -1): null

2019-08-24 12:13:36 - [TEST_STEP][PASSED] - if (i == 4 &amp;&amp; wildList.indexOf(symbol) != -1): null

2019-08-24 12:13:36 - [TEST_STEP][PASSED] - symbols = symbols: null

2019-08-24 12:13:36 - [TEST_STEP][PASSED] - for ([j = 0, j &lt; symbols.size(), (j++)]): null

2019-08-24 12:13:36 - [TEST_STEP][PASSED] - symbol = symbol: null

2019-08-24 12:13:36 - [TEST_STEP][PASSED] - println(symbol): null

2019-08-24 12:13:36 - [TEST_STEP][PASSED] - if (i == 2 &amp;&amp; wildList.indexOf(symbol) != -1): null

2019-08-24 12:13:36 - [TEST_STEP][PASSED] - if (i == 3 &amp;&amp; wildList.indexOf(symbol) != -1): null

2019-08-24 12:13:36 - [TEST_STEP][PASSED] - if (i == 4 &amp;&amp; wildList.indexOf(symbol) != -1): null

2019-08-24 12:13:36 - [TEST_STEP][PASSED] - symbol = symbol: null

2019-08-24 12:13:36 - [TEST_STEP][PASSED] - println(symbol): null

2019-08-24 12:13:36 - [TEST_STEP][PASSED] - if (i == 2 &amp;&amp; wildList.indexOf(symbol) != -1): null

2019-08-24 12:13:36 - [TEST_STEP][PASSED] - if (i == 3 &amp;&amp; wildList.indexOf(symbol) != -1): null

2019-08-24 12:13:36 - [TEST_STEP][PASSED] - if (i == 4 &amp;&amp; wildList.indexOf(symbol) != -1): null

2019-08-24 12:13:36 - [TEST_STEP][PASSED] - symbol = symbol: null

2019-08-24 12:13:36 - [TEST_STEP][PASSED] - println(symbol): null

2019-08-24 12:13:36 - [TEST_STEP][PASSED] - if (i == 2 &amp;&amp; wildList.indexOf(symbol) != -1): null

2019-08-24 12:13:36 - [TEST_STEP][PASSED] - if (i == 3 &amp;&amp; wildList.indexOf(symbol) != -1): null

2019-08-24 12:13:36 - [TEST_STEP][PASSED] - if (i == 4 &amp;&amp; wildList.indexOf(symbol) != -1): null

2019-08-24 12:13:36 - [TEST_STEP][PASSED] - symbols = symbols: null

2019-08-24 12:13:36 - [TEST_STEP][PASSED] - for ([j = 0, j &lt; symbols.size(), (j++)]): null

2019-08-24 12:13:36 - [TEST_STEP][PASSED] - symbol = symbol: null

2019-08-24 12:13:36 - [TEST_STEP][PASSED] - println(symbol): null

2019-08-24 12:13:36 - [TEST_STEP][PASSED] - if (i == 2 &amp;&amp; wildList.indexOf(symbol) != -1): null

2019-08-24 12:13:36 - [TEST_STEP][PASSED] - if (i == 3 &amp;&amp; wildList.indexOf(symbol) != -1): null

2019-08-24 12:13:36 - [TEST_STEP][PASSED] - if (i == 4 &amp;&amp; wildList.indexOf(symbol) != -1): null

2019-08-24 12:13:36 - [TEST_STEP][PASSED] - symbol = symbol: null

2019-08-24 12:13:36 - [TEST_STEP][PASSED] - println(symbol): null

2019-08-24 12:13:36 - [TEST_STEP][PASSED] - if (i == 2 &amp;&amp; wildList.indexOf(symbol) != -1): null

2019-08-24 12:13:36 - [TEST_STEP][PASSED] - if (i == 3 &amp;&amp; wildList.indexOf(symbol) != -1): null

2019-08-24 12:13:36 - [TEST_STEP][PASSED] - if (i == 4 &amp;&amp; wildList.indexOf(symbol) != -1): null

2019-08-24 12:13:36 - [TEST_STEP][PASSED] - symbol = symbol: null

2019-08-24 12:13:36 - [TEST_STEP][PASSED] - println(symbol): null

2019-08-24 12:13:36 - [TEST_STEP][PASSED] - if (i == 2 &amp;&amp; wildList.indexOf(symbol) != -1): null

2019-08-24 12:13:36 - [TEST_STEP][PASSED] - if (i == 3 &amp;&amp; wildList.indexOf(symbol) != -1): null

2019-08-24 12:13:36 - [TEST_STEP][PASSED] - if (i == 4 &amp;&amp; wildList.indexOf(symbol) != -1): null

2019-08-24 12:13:36 - [TEST_STEP][PASSED] - symbols = symbols: null

2019-08-24 12:13:36 - [TEST_STEP][PASSED] - for ([j = 0, j &lt; symbols.size(), (j++)]): null

2019-08-24 12:13:36 - [TEST_STEP][PASSED] - symbol = symbol: null

2019-08-24 12:13:36 - [TEST_STEP][PASSED] - println(symbol): null

2019-08-24 12:13:36 - [TEST_STEP][PASSED] - if (i == 2 &amp;&amp; wildList.indexOf(symbol) != -1): null

2019-08-24 12:13:36 - [TEST_STEP][PASSED] - if (i == 3 &amp;&amp; wildList.indexOf(symbol) != -1): null

2019-08-24 12:13:36 - [TEST_STEP][PASSED] - if (i == 4 &amp;&amp; wildList.indexOf(symbol) != -1): null

2019-08-24 12:13:36 - [TEST_STEP][PASSED] - symbol = symbol: null

2019-08-24 12:13:36 - [TEST_STEP][PASSED] - println(symbol): null

2019-08-24 12:13:36 - [TEST_STEP][PASSED] - if (i == 2 &amp;&amp; wildList.indexOf(symbol) != -1): null

2019-08-24 12:13:36 - [TEST_STEP][PASSED] - if (i == 3 &amp;&amp; wildList.indexOf(symbol) != -1): null

2019-08-24 12:13:36 - [TEST_STEP][PASSED] - if (i == 4 &amp;&amp; wildList.indexOf(symbol) != -1): null

2019-08-24 12:13:36 - [TEST_STEP][PASSED] - symbol = symbol: null

2019-08-24 12:13:36 - [TEST_STEP][PASSED] - println(symbol): null

2019-08-24 12:13:36 - [TEST_STEP][PASSED] - if (i == 2 &amp;&amp; wildList.indexOf(symbol) != -1): null

2019-08-24 12:13:36 - [TEST_STEP][PASSED] - if (i == 3 &amp;&amp; wildList.indexOf(symbol) != -1): null

2019-08-24 12:13:36 - [TEST_STEP][PASSED] - if (i == 4 &amp;&amp; wildList.indexOf(symbol) != -1): null

2019-08-24 12:13:36 - [TEST_STEP][PASSED] - symbols = symbols: null

2019-08-24 12:13:36 - [TEST_STEP][PASSED] - for ([j = 0, j &lt; symbols.size(), (j++)]): null

2019-08-24 12:13:36 - [TEST_STEP][PASSED] - symbol = symbol: null

2019-08-24 12:13:36 - [TEST_STEP][PASSED] - println(symbol): null

2019-08-24 12:13:36 - [TEST_STEP][PASSED] - if (i == 2 &amp;&amp; wildList.indexOf(symbol) != -1): null

2019-08-24 12:13:36 - [TEST_STEP][PASSED] - if (i == 3 &amp;&amp; wildList.indexOf(symbol) != -1): null

2019-08-24 12:13:36 - [TEST_STEP][PASSED] - if (i == 4 &amp;&amp; wildList.indexOf(symbol) != -1): null

2019-08-24 12:13:36 - [TEST_STEP][PASSED] - symbol = symbol: null

2019-08-24 12:13:36 - [TEST_STEP][PASSED] - println(symbol): null

2019-08-24 12:13:36 - [TEST_STEP][PASSED] - if (i == 2 &amp;&amp; wildList.indexOf(symbol) != -1): null

2019-08-24 12:13:36 - [TEST_STEP][PASSED] - if (i == 3 &amp;&amp; wildList.indexOf(symbol) != -1): null

2019-08-24 12:13:36 - [TEST_STEP][PASSED] - if (i == 4 &amp;&amp; wildList.indexOf(symbol) != -1): null

2019-08-24 12:13:36 - [TEST_STEP][PASSED] - symbol = symbol: null

2019-08-24 12:13:36 - [TEST_STEP][PASSED] - println(symbol): null

2019-08-24 12:13:36 - [TEST_STEP][PASSED] - if (i == 2 &amp;&amp; wildList.indexOf(symbol) != -1): null

2019-08-24 12:13:36 - [TEST_STEP][PASSED] - if (i == 3 &amp;&amp; wildList.indexOf(symbol) != -1): null

2019-08-24 12:13:36 - [TEST_STEP][PASSED] - if (i == 4 &amp;&amp; wildList.indexOf(symbol) != -1): null

2019-08-24 12:13:36 - [TEST_STEP][PASSED] - free_spin_reel_counter = free_spin_reel_counter: null

2019-08-24 12:13:36 - [TEST_STEP][PASSED] - println("reel 3 wild found: " + free_spin_reel_counter[0]): null

2019-08-24 12:13:36 - [TEST_STEP][PASSED] - println("reel 4 wild found: " + free_spin_reel_counter[1]): null

2019-08-24 12:13:40 - [TEST_STEP][PASSED] - println("reel 5 wild found: " + free_spin_reel_counter[2]): null

2019-08-24 12:13:40 - [TEST_STEP][PASSED] - M4_spin_reels = M4_spin_reels: null

2019-08-24 12:13:40 - [TEST_STEP][PASSED] - M4_spin_reels_symbols = symbol: null

2019-08-24 12:13:40 - [TEST_STEP][PASSED] - M4_spin_reels_symbols = M4_spin_reels_symbols: null

2019-08-24 12:13:40 - [TEST_STEP][PASSED] - M4_spin_reel_wins = reel_wins: null

2019-08-24 12:13:40 - [TEST_STEP][PASSED] - M4_spin_reel_wins = M4_spin_reel_wins: null

2019-08-24 12:13:40 - [TEST_STEP][PASSED] - println("GlobalVariable.M4_spin_reel_wins is: " + M4_spin_reel_wins): null

2019-08-24 12:13:40 - [TEST_STEP][PASSED] - M4_spin_total_bonus_win_this_round = total_bonus_win_this_round: null

2019-08-24 12:13:40 - [TEST_STEP][PASSED] - M4_spin_total_bonus_win_this_round = M4_spin_total_bonus_win_this_round: null

2019-08-24 12:13:40 - [TEST_STEP][PASSED] - println("GlobalVariable.M4_spin_total_bonus_win_this_round is: " + M4_spin_total_bonus_win_this_round): null

2019-08-24 12:13:42 - [TEST_STEP][PASSED] - M4_spin_bonus_spin_result = spin_result: null

2019-08-24 12:13:42 - [TEST_STEP][PASSED] - M4_spin_bonus_spin_result = M4_spin_bonus_spin_result: null

2019-08-24 12:13:42 - [MESSAGE][PASSED] - Verify response successfully

2019-08-24 12:13:42 - [MESSAGE][PASSED] - Send request and verify the response successfully

2019-08-24 12:13:42 - [TEST_STEP][PASSED] - if (M4_total_bonus_spins_int != 0 &amp;&amp; M4_spin_reels_symbols[2].contains("WILD_ExtraFG") || M4_spin_reels_symbols[3].contains("WILD_ExtraFG")): null

2019-08-24 12:13:42 - [TEST_STEP][PASSED] - free_spin_reel_counter = free_spin_reel_counter: null

2019-08-24 12:13:42 - [TEST_STEP][PASSED] - M4_spin_reels_symbols = M4_spin_reels_symbols: null

2019-08-24 12:13:42 - [TEST_STEP][PASSED] - M4_total_bonus_spins = M4_total_bonus_spins: null

2019-08-24 12:13:42 - [TEST_STEP][PASSED] - spin_result = sendRequestAndVerify(findTestObject("INT/RGS(M4)/1_M4_spin", ["M4_login_user_id":M4_login_user_id, "rgs_session_token":rgs_session_token, "partner":Partner])): Send request and verify the response successfully

2019-08-24 12:13:42 - [MESSAGE][INFO] - HAR: /Users/eiralee/Katalon_Script/SuperWild/Reports/20190824_120919/INT/superWild_3/20190824_120919/requests/main/74.har

2019-08-24 12:13:43 - [TEST_CASE][PASSED] - Start Test Case : Verification: Verification accomplished successfully

2019-08-24 12:13:43 - [TEST_STEP][PASSED] - request = getInstance().getCurrentRequest(): null

2019-08-24 12:13:43 - [TEST_STEP][PASSED] - response = getInstance().getCurrentResponse(): null

2019-08-24 12:13:43 - [TEST_STEP][PASSED] - verifyResponseStatusCode(response, 200): Verify response status code successfully

2019-08-24 12:13:43 - [MESSAGE][PASSED] - Verify response status code successfully

2019-08-24 12:13:43 - [TEST_STEP][PASSED] - getStatusCode()).isEqualTo(200): null

2019-08-24 12:13:43 - [TEST_STEP][PASSED] - newline = System.getProperty("line.separator"): null

2019-08-24 12:13:43 - [TEST_STEP][PASSED] - M4_spin = new groovy.json.JsonSlurper(): null

2019-08-24 12:13:43 - [TEST_STEP][PASSED] - result_M4_spin = M4_spin.parseText(response.getResponseBodyContent()): null

2019-08-24 12:13:43 - [TEST_STEP][PASSED] - M4_spin_current_balance = current_balance: null

2019-08-24 12:13:43 - [TEST_STEP][PASSED] - M4_spin_current_balance = M4_spin_current_balance: null

2019-08-24 12:13:43 - [TEST_STEP][PASSED] - M4_spin_transaction_id = causality: null

2019-08-24 12:13:43 - [TEST_STEP][PASSED] - M4_spin_transaction_id = M4_spin_transaction_id: null

2019-08-24 12:13:43 - [TEST_STEP][PASSED] - M4_spin_round_id = round_id: null

2019-08-24 12:13:43 - [TEST_STEP][PASSED] - M4_spin_round_id = M4_spin_round_id: null

2019-08-24 12:13:43 - [TEST_STEP][PASSED] - M4_spin_line_wins = line_wins: null

2019-08-24 12:13:43 - [TEST_STEP][PASSED] - M4_spin_line_wins = M4_spin_line_wins: null

2019-08-24 12:13:43 - [TEST_STEP][PASSED] - M4_total_bonus_spins_int = total_bonus_spins: null

2019-08-24 12:13:43 - [TEST_STEP][PASSED] - println("******M4_total_bonus_spins type is:*******" + newline + getClass().getName()): null

2019-08-24 12:13:43 - [TEST_STEP][PASSED] - M4_total_bonus_spins_int = M4_total_bonus_spins_int: null

2019-08-24 12:13:43 - [TEST_STEP][PASSED] - M4_total_bonus_spins = Integer.toString(M4_total_bonus_spins_int): null

2019-08-24 12:13:43 - [TEST_STEP][PASSED] - M4_total_bonus_spins = M4_total_bonus_spins: null

2019-08-24 12:13:43 - [TEST_STEP][PASSED] - println("M4_total_bonus_spins is:" + M4_total_bonus_spins): null

2019-08-24 12:13:43 - [TEST_STEP][PASSED] - M4_spin_bonus_data = bonus_data: null

2019-08-24 12:13:43 - [TEST_STEP][PASSED] - M4_spin_features_triggered = result_M4_spin: null

2019-08-24 12:13:43 - [TEST_STEP][PASSED] - wild = []: null

2019-08-24 12:13:43 - [TEST_STEP][PASSED] - wild[0] = "WILD_Expanding": null

2019-08-24 12:13:43 - [TEST_STEP][PASSED] - wild[1] = "WILD_Normal": null

2019-08-24 12:13:43 - [TEST_STEP][PASSED] - wild[2] = "WILD_Double": null

2019-08-24 12:13:43 - [TEST_STEP][PASSED] - wild[3] = "WILD_ExtraFG": null

2019-08-24 12:13:43 - [TEST_STEP][PASSED] - wild[4] = "WILD_Triple": null

2019-08-24 12:13:43 - [TEST_STEP][PASSED] - wildList = Arrays.asList(wild): null

2019-08-24 12:13:43 - [TEST_STEP][PASSED] - wildList = wildList: null

2019-08-24 12:13:43 - [TEST_STEP][PASSED] - free_spin_reel_counter = []: null

2019-08-24 12:13:43 - [TEST_STEP][PASSED] - free_spin_reel_counter[0] = 0: null

2019-08-24 12:13:43 - [TEST_STEP][PASSED] - free_spin_reel_counter[1] = 0: null

2019-08-24 12:13:43 - [TEST_STEP][PASSED] - free_spin_reel_counter[2] = 0: null

2019-08-24 12:13:43 - [TEST_STEP][PASSED] - M4_spin_reels = reels: null

2019-08-24 12:13:43 - [TEST_STEP][PASSED] - for ([i = 0, i &lt; M4_spin_reels.size(), (i++)]): null

2019-08-24 12:13:43 - [TEST_STEP][PASSED] - symbols = symbols: null

2019-08-24 12:13:43 - [TEST_STEP][PASSED] - for ([j = 0, j &lt; symbols.size(), (j++)]): null

2019-08-24 12:13:43 - [TEST_STEP][PASSED] - symbol = symbol: null

2019-08-24 12:13:43 - [TEST_STEP][PASSED] - println(symbol): null

2019-08-24 12:13:43 - [TEST_STEP][PASSED] - if (i == 2 &amp;&amp; wildList.indexOf(symbol) != -1): null

2019-08-24 12:13:43 - [TEST_STEP][PASSED] - if (i == 3 &amp;&amp; wildList.indexOf(symbol) != -1): null

2019-08-24 12:13:43 - [TEST_STEP][PASSED] - if (i == 4 &amp;&amp; wildList.indexOf(symbol) != -1): null

2019-08-24 12:13:43 - [TEST_STEP][PASSED] - symbol = symbol: null

2019-08-24 12:13:43 - [TEST_STEP][PASSED] - println(symbol): null

2019-08-24 12:13:43 - [TEST_STEP][PASSED] - if (i == 2 &amp;&amp; wildList.indexOf(symbol) != -1): null

2019-08-24 12:13:43 - [TEST_STEP][PASSED] - if (i == 3 &amp;&amp; wildList.indexOf(symbol) != -1): null

2019-08-24 12:13:43 - [TEST_STEP][PASSED] - if (i == 4 &amp;&amp; wildList.indexOf(symbol) != -1): null

2019-08-24 12:13:43 - [TEST_STEP][PASSED] - symbol = symbol: null

2019-08-24 12:13:43 - [TEST_STEP][PASSED] - println(symbol): null

2019-08-24 12:13:43 - [TEST_STEP][PASSED] - if (i == 2 &amp;&amp; wildList.indexOf(symbol) != -1): null

2019-08-24 12:13:43 - [TEST_STEP][PASSED] - if (i == 3 &amp;&amp; wildList.indexOf(symbol) != -1): null

2019-08-24 12:13:43 - [TEST_STEP][PASSED] - if (i == 4 &amp;&amp; wildList.indexOf(symbol) != -1): null

2019-08-24 12:13:43 - [TEST_STEP][PASSED] - symbols = symbols: null

2019-08-24 12:13:43 - [TEST_STEP][PASSED] - for ([j = 0, j &lt; symbols.size(), (j++)]): null

2019-08-24 12:13:43 - [TEST_STEP][PASSED] - symbol = symbol: null

2019-08-24 12:13:43 - [TEST_STEP][PASSED] - println(symbol): null

2019-08-24 12:13:43 - [TEST_STEP][PASSED] - if (i == 2 &amp;&amp; wildList.indexOf(symbol) != -1): null

2019-08-24 12:13:43 - [TEST_STEP][PASSED] - if (i == 3 &amp;&amp; wildList.indexOf(symbol) != -1): null

2019-08-24 12:13:43 - [TEST_STEP][PASSED] - if (i == 4 &amp;&amp; wildList.indexOf(symbol) != -1): null

2019-08-24 12:13:43 - [TEST_STEP][PASSED] - symbol = symbol: null

2019-08-24 12:13:43 - [TEST_STEP][PASSED] - println(symbol): null

2019-08-24 12:13:43 - [TEST_STEP][PASSED] - if (i == 2 &amp;&amp; wildList.indexOf(symbol) != -1): null

2019-08-24 12:13:43 - [TEST_STEP][PASSED] - if (i == 3 &amp;&amp; wildList.indexOf(symbol) != -1): null

2019-08-24 12:13:43 - [TEST_STEP][PASSED] - if (i == 4 &amp;&amp; wildList.indexOf(symbol) != -1): null

2019-08-24 12:13:43 - [TEST_STEP][PASSED] - symbol = symbol: null

2019-08-24 12:13:43 - [TEST_STEP][PASSED] - println(symbol): null

2019-08-24 12:13:43 - [TEST_STEP][PASSED] - if (i == 2 &amp;&amp; wildList.indexOf(symbol) != -1): null

2019-08-24 12:13:43 - [TEST_STEP][PASSED] - if (i == 3 &amp;&amp; wildList.indexOf(symbol) != -1): null

2019-08-24 12:13:43 - [TEST_STEP][PASSED] - if (i == 4 &amp;&amp; wildList.indexOf(symbol) != -1): null

2019-08-24 12:13:43 - [TEST_STEP][PASSED] - symbols = symbols: null

2019-08-24 12:13:43 - [TEST_STEP][PASSED] - for ([j = 0, j &lt; symbols.size(), (j++)]): null

2019-08-24 12:13:43 - [TEST_STEP][PASSED] - symbol = symbol: null

2019-08-24 12:13:43 - [TEST_STEP][PASSED] - println(symbol): null

2019-08-24 12:13:43 - [TEST_STEP][PASSED] - if (i == 2 &amp;&amp; wildList.indexOf(symbol) != -1): null

2019-08-24 12:13:43 - [TEST_STEP][PASSED] - if (i == 3 &amp;&amp; wildList.indexOf(symbol) != -1): null

2019-08-24 12:13:43 - [TEST_STEP][PASSED] - if (i == 4 &amp;&amp; wildList.indexOf(symbol) != -1): null

2019-08-24 12:13:43 - [TEST_STEP][PASSED] - symbol = symbol: null

2019-08-24 12:13:43 - [TEST_STEP][PASSED] - println(symbol): null

2019-08-24 12:13:43 - [TEST_STEP][PASSED] - if (i == 2 &amp;&amp; wildList.indexOf(symbol) != -1): null

2019-08-24 12:13:43 - [TEST_STEP][PASSED] - if (i == 3 &amp;&amp; wildList.indexOf(symbol) != -1): null

2019-08-24 12:13:43 - [TEST_STEP][PASSED] - if (i == 4 &amp;&amp; wildList.indexOf(symbol) != -1): null

2019-08-24 12:13:43 - [TEST_STEP][PASSED] - symbol = symbol: null

2019-08-24 12:13:43 - [TEST_STEP][PASSED] - println(symbol): null

2019-08-24 12:13:43 - [TEST_STEP][PASSED] - if (i == 2 &amp;&amp; wildList.indexOf(symbol) != -1): null

2019-08-24 12:13:43 - [TEST_STEP][PASSED] - if (i == 3 &amp;&amp; wildList.indexOf(symbol) != -1): null

2019-08-24 12:13:43 - [TEST_STEP][PASSED] - if (i == 4 &amp;&amp; wildList.indexOf(symbol) != -1): null

2019-08-24 12:13:43 - [TEST_STEP][PASSED] - symbols = symbols: null

2019-08-24 12:13:43 - [TEST_STEP][PASSED] - for ([j = 0, j &lt; symbols.size(), (j++)]): null

2019-08-24 12:13:43 - [TEST_STEP][PASSED] - symbol = symbol: null

2019-08-24 12:13:43 - [TEST_STEP][PASSED] - println(symbol): null

2019-08-24 12:13:43 - [TEST_STEP][PASSED] - if (i == 2 &amp;&amp; wildList.indexOf(symbol) != -1): null

2019-08-24 12:13:43 - [TEST_STEP][PASSED] - if (i == 3 &amp;&amp; wildList.indexOf(symbol) != -1): null

2019-08-24 12:13:43 - [TEST_STEP][PASSED] - if (i == 4 &amp;&amp; wildList.indexOf(symbol) != -1): null

2019-08-24 12:13:43 - [TEST_STEP][PASSED] - symbol = symbol: null

2019-08-24 12:13:43 - [TEST_STEP][PASSED] - println(symbol): null

2019-08-24 12:13:43 - [TEST_STEP][PASSED] - if (i == 2 &amp;&amp; wildList.indexOf(symbol) != -1): null

2019-08-24 12:13:43 - [TEST_STEP][PASSED] - if (i == 3 &amp;&amp; wildList.indexOf(symbol) != -1): null

2019-08-24 12:13:43 - [TEST_STEP][PASSED] - if (i == 4 &amp;&amp; wildList.indexOf(symbol) != -1): null

2019-08-24 12:13:43 - [TEST_STEP][PASSED] - symbol = symbol: null

2019-08-24 12:13:43 - [TEST_STEP][PASSED] - println(symbol): null

2019-08-24 12:13:43 - [TEST_STEP][PASSED] - if (i == 2 &amp;&amp; wildList.indexOf(symbol) != -1): null

2019-08-24 12:13:43 - [TEST_STEP][PASSED] - if (i == 3 &amp;&amp; wildList.indexOf(symbol) != -1): null

2019-08-24 12:13:43 - [TEST_STEP][PASSED] - if (i == 4 &amp;&amp; wildList.indexOf(symbol) != -1): null

2019-08-24 12:13:43 - [TEST_STEP][PASSED] - symbols = symbols: null

2019-08-24 12:13:43 - [TEST_STEP][PASSED] - for ([j = 0, j &lt; symbols.size(), (j++)]): null

2019-08-24 12:13:43 - [TEST_STEP][PASSED] - symbol = symbol: null

2019-08-24 12:13:43 - [TEST_STEP][PASSED] - println(symbol): null

2019-08-24 12:13:43 - [TEST_STEP][PASSED] - if (i == 2 &amp;&amp; wildList.indexOf(symbol) != -1): null

2019-08-24 12:13:43 - [TEST_STEP][PASSED] - if (i == 3 &amp;&amp; wildList.indexOf(symbol) != -1): null

2019-08-24 12:13:43 - [TEST_STEP][PASSED] - if (i == 4 &amp;&amp; wildList.indexOf(symbol) != -1): null

2019-08-24 12:13:43 - [TEST_STEP][PASSED] - symbol = symbol: null

2019-08-24 12:13:43 - [TEST_STEP][PASSED] - println(symbol): null

2019-08-24 12:13:43 - [TEST_STEP][PASSED] - if (i == 2 &amp;&amp; wildList.indexOf(symbol) != -1): null

2019-08-24 12:13:43 - [TEST_STEP][PASSED] - if (i == 3 &amp;&amp; wildList.indexOf(symbol) != -1): null

2019-08-24 12:13:43 - [TEST_STEP][PASSED] - if (i == 4 &amp;&amp; wildList.indexOf(symbol) != -1): null

2019-08-24 12:13:43 - [TEST_STEP][PASSED] - symbol = symbol: null

2019-08-24 12:13:43 - [TEST_STEP][PASSED] - println(symbol): null

2019-08-24 12:13:43 - [TEST_STEP][PASSED] - if (i == 2 &amp;&amp; wildList.indexOf(symbol) != -1): null

2019-08-24 12:13:43 - [TEST_STEP][PASSED] - if (i == 3 &amp;&amp; wildList.indexOf(symbol) != -1): null

2019-08-24 12:13:43 - [TEST_STEP][PASSED] - if (i == 4 &amp;&amp; wildList.indexOf(symbol) != -1): null

2019-08-24 12:13:43 - [TEST_STEP][PASSED] - free_spin_reel_counter = free_spin_reel_counter: null

2019-08-24 12:13:43 - [TEST_STEP][PASSED] - println("reel 3 wild found: " + free_spin_reel_counter[0]): null

2019-08-24 12:13:43 - [TEST_STEP][PASSED] - println("reel 4 wild found: " + free_spin_reel_counter[1]): null

2019-08-24 12:13:43 - [TEST_STEP][PASSED] - println("reel 5 wild found: " + free_spin_reel_counter[2]): null

2019-08-24 12:13:43 - [TEST_STEP][PASSED] - M4_spin_reels = M4_spin_reels: null

2019-08-24 12:13:43 - [TEST_STEP][PASSED] - M4_spin_reels_symbols = symbol: null

2019-08-24 12:13:43 - [TEST_STEP][PASSED] - M4_spin_reels_symbols = M4_spin_reels_symbols: null

2019-08-24 12:13:43 - [TEST_STEP][PASSED] - M4_spin_reel_wins = reel_wins: null

2019-08-24 12:13:43 - [TEST_STEP][PASSED] - M4_spin_reel_wins = M4_spin_reel_wins: null

2019-08-24 12:13:43 - [TEST_STEP][PASSED] - println("GlobalVariable.M4_spin_reel_wins is: " + M4_spin_reel_wins): null

2019-08-24 12:13:43 - [TEST_STEP][PASSED] - M4_spin_total_bonus_win_this_round = total_bonus_win_this_round: null

2019-08-24 12:13:43 - [TEST_STEP][PASSED] - M4_spin_total_bonus_win_this_round = M4_spin_total_bonus_win_this_round: null

2019-08-24 12:13:43 - [TEST_STEP][PASSED] - println("GlobalVariable.M4_spin_total_bonus_win_this_round is: " + M4_spin_total_bonus_win_this_round): null

2019-08-24 12:13:43 - [TEST_STEP][PASSED] - M4_spin_bonus_spin_result = spin_result: null

2019-08-24 12:13:43 - [TEST_STEP][PASSED] - M4_spin_bonus_spin_result = M4_spin_bonus_spin_result: null

2019-08-24 12:13:43 - [MESSAGE][PASSED] - Verify response successfully

2019-08-24 12:13:43 - [MESSAGE][PASSED] - Send request and verify the response successfully

2019-08-24 12:13:43 - [TEST_STEP][PASSED] - if (M4_total_bonus_spins_int != 0 &amp;&amp; M4_spin_reels_symbols[2].contains("WILD_ExtraFG") || M4_spin_reels_symbols[3].contains("WILD_ExtraFG")): null

2019-08-24 12:13:43 - [TEST_STEP][PASSED] - free_spin_reel_counter = free_spin_reel_counter: null

2019-08-24 12:13:43 - [TEST_STEP][PASSED] - M4_spin_reels_symbols = M4_spin_reels_symbols: null

2019-08-24 12:13:43 - [TEST_STEP][PASSED] - M4_total_bonus_spins = M4_total_bonus_spins: null

2019-08-24 12:13:43 - [TEST_STEP][PASSED] - spin_result = sendRequestAndVerify(findTestObject("INT/RGS(M4)/1_M4_spin", ["M4_login_user_id":M4_login_user_id, "rgs_session_token":rgs_session_token, "partner":Partner])): Send request and verify the response successfully

2019-08-24 12:13:43 - [MESSAGE][INFO] - HAR: /Users/eiralee/Katalon_Script/SuperWild/Reports/20190824_120919/INT/superWild_3/20190824_120919/requests/main/75.har

2019-08-24 12:13:43 - [TEST_CASE][PASSED] - Start Test Case : Verification: Verification accomplished successfully

2019-08-24 12:13:43 - [TEST_STEP][PASSED] - request = getInstance().getCurrentRequest(): null

2019-08-24 12:13:43 - [TEST_STEP][PASSED] - response = getInstance().getCurrentResponse(): null

2019-08-24 12:13:43 - [TEST_STEP][PASSED] - verifyResponseStatusCode(response, 200): Verify response status code successfully

2019-08-24 12:13:43 - [MESSAGE][PASSED] - Verify response status code successfully

2019-08-24 12:13:43 - [TEST_STEP][PASSED] - getStatusCode()).isEqualTo(200): null

2019-08-24 12:13:43 - [TEST_STEP][PASSED] - newline = System.getProperty("line.separator"): null

2019-08-24 12:13:43 - [TEST_STEP][PASSED] - M4_spin = new groovy.json.JsonSlurper(): null

2019-08-24 12:13:43 - [TEST_STEP][PASSED] - result_M4_spin = M4_spin.parseText(response.getResponseBodyContent()): null

2019-08-24 12:13:43 - [TEST_STEP][PASSED] - M4_spin_current_balance = current_balance: null

2019-08-24 12:13:43 - [TEST_STEP][PASSED] - M4_spin_current_balance = M4_spin_current_balance: null

2019-08-24 12:13:43 - [TEST_STEP][PASSED] - M4_spin_transaction_id = causality: null

2019-08-24 12:13:43 - [TEST_STEP][PASSED] - M4_spin_transaction_id = M4_spin_transaction_id: null

2019-08-24 12:13:43 - [TEST_STEP][PASSED] - M4_spin_round_id = round_id: null

2019-08-24 12:13:43 - [TEST_STEP][PASSED] - M4_spin_round_id = M4_spin_round_id: null

2019-08-24 12:13:43 - [TEST_STEP][PASSED] - M4_spin_line_wins = line_wins: null

2019-08-24 12:13:43 - [TEST_STEP][PASSED] - M4_spin_line_wins = M4_spin_line_wins: null

2019-08-24 12:13:43 - [TEST_STEP][PASSED] - M4_total_bonus_spins_int = total_bonus_spins: null

2019-08-24 12:13:43 - [TEST_STEP][PASSED] - println("******M4_total_bonus_spins type is:*******" + newline + getClass().getName()): null

2019-08-24 12:13:43 - [TEST_STEP][PASSED] - M4_total_bonus_spins_int = M4_total_bonus_spins_int: null

2019-08-24 12:13:43 - [TEST_STEP][PASSED] - M4_total_bonus_spins = Integer.toString(M4_total_bonus_spins_int): null

2019-08-24 12:13:43 - [TEST_STEP][PASSED] - M4_total_bonus_spins = M4_total_bonus_spins: null

2019-08-24 12:13:43 - [TEST_STEP][PASSED] - println("M4_total_bonus_spins is:" + M4_total_bonus_spins): null

2019-08-24 12:13:43 - [TEST_STEP][PASSED] - M4_spin_bonus_data = bonus_data: null

2019-08-24 12:13:43 - [TEST_STEP][PASSED] - M4_spin_features_triggered = result_M4_spin: null

2019-08-24 12:13:43 - [TEST_STEP][PASSED] - wild = []: null

2019-08-24 12:13:43 - [TEST_STEP][PASSED] - wild[0] = "WILD_Expanding": null

2019-08-24 12:13:43 - [TEST_STEP][PASSED] - wild[1] = "WILD_Normal": null

2019-08-24 12:13:43 - [TEST_STEP][PASSED] - wild[2] = "WILD_Double": null

2019-08-24 12:13:43 - [TEST_STEP][PASSED] - wild[3] = "WILD_ExtraFG": null

2019-08-24 12:13:43 - [TEST_STEP][PASSED] - wild[4] = "WILD_Triple": null

2019-08-24 12:13:43 - [TEST_STEP][PASSED] - wildList = Arrays.asList(wild): null

2019-08-24 12:13:43 - [TEST_STEP][PASSED] - wildList = wildList: null

2019-08-24 12:13:43 - [TEST_STEP][PASSED] - free_spin_reel_counter = []: null

2019-08-24 12:13:43 - [TEST_STEP][PASSED] - free_spin_reel_counter[0] = 0: null

2019-08-24 12:13:43 - [TEST_STEP][PASSED] - free_spin_reel_counter[1] = 0: null

2019-08-24 12:13:43 - [TEST_STEP][PASSED] - free_spin_reel_counter[2] = 0: null

2019-08-24 12:13:43 - [TEST_STEP][PASSED] - M4_spin_reels = reels: null

2019-08-24 12:13:43 - [TEST_STEP][PASSED] - for ([i = 0, i &lt; M4_spin_reels.size(), (i++)]): null

2019-08-24 12:13:43 - [TEST_STEP][PASSED] - symbols = symbols: null

2019-08-24 12:13:43 - [TEST_STEP][PASSED] - for ([j = 0, j &lt; symbols.size(), (j++)]): null

2019-08-24 12:13:43 - [TEST_STEP][PASSED] - symbol = symbol: null

2019-08-24 12:13:43 - [TEST_STEP][PASSED] - println(symbol): null

2019-08-24 12:13:43 - [TEST_STEP][PASSED] - if (i == 2 &amp;&amp; wildList.indexOf(symbol) != -1): null

2019-08-24 12:13:43 - [TEST_STEP][PASSED] - if (i == 3 &amp;&amp; wildList.indexOf(symbol) != -1): null

2019-08-24 12:13:43 - [TEST_STEP][PASSED] - if (i == 4 &amp;&amp; wildList.indexOf(symbol) != -1): null

2019-08-24 12:13:43 - [TEST_STEP][PASSED] - symbol = symbol: null

2019-08-24 12:13:43 - [TEST_STEP][PASSED] - println(symbol): null

2019-08-24 12:13:43 - [TEST_STEP][PASSED] - if (i == 2 &amp;&amp; wildList.indexOf(symbol) != -1): null

2019-08-24 12:13:43 - [TEST_STEP][PASSED] - if (i == 3 &amp;&amp; wildList.indexOf(symbol) != -1): null

2019-08-24 12:13:43 - [TEST_STEP][PASSED] - if (i == 4 &amp;&amp; wildList.indexOf(symbol) != -1): null

2019-08-24 12:13:43 - [TEST_STEP][PASSED] - symbol = symbol: null

2019-08-24 12:13:43 - [TEST_STEP][PASSED] - println(symbol): null

2019-08-24 12:13:43 - [TEST_STEP][PASSED] - if (i == 2 &amp;&amp; wildList.indexOf(symbol) != -1): null

2019-08-24 12:13:43 - [TEST_STEP][PASSED] - if (i == 3 &amp;&amp; wildList.indexOf(symbol) != -1): null

2019-08-24 12:13:43 - [TEST_STEP][PASSED] - if (i == 4 &amp;&amp; wildList.indexOf(symbol) != -1): null

2019-08-24 12:13:43 - [TEST_STEP][PASSED] - symbols = symbols: null

2019-08-24 12:13:43 - [TEST_STEP][PASSED] - for ([j = 0, j &lt; symbols.size(), (j++)]): null

2019-08-24 12:13:43 - [TEST_STEP][PASSED] - symbol = symbol: null

2019-08-24 12:13:43 - [TEST_STEP][PASSED] - println(symbol): null

2019-08-24 12:13:43 - [TEST_STEP][PASSED] - if (i == 2 &amp;&amp; wildList.indexOf(symbol) != -1): null

2019-08-24 12:13:43 - [TEST_STEP][PASSED] - if (i == 3 &amp;&amp; wildList.indexOf(symbol) != -1): null

2019-08-24 12:13:43 - [TEST_STEP][PASSED] - if (i == 4 &amp;&amp; wildList.indexOf(symbol) != -1): null

2019-08-24 12:13:43 - [TEST_STEP][PASSED] - symbol = symbol: null

2019-08-24 12:13:43 - [TEST_STEP][PASSED] - println(symbol): null

2019-08-24 12:13:43 - [TEST_STEP][PASSED] - if (i == 2 &amp;&amp; wildList.indexOf(symbol) != -1): null

2019-08-24 12:13:43 - [TEST_STEP][PASSED] - if (i == 3 &amp;&amp; wildList.indexOf(symbol) != -1): null

2019-08-24 12:13:43 - [TEST_STEP][PASSED] - if (i == 4 &amp;&amp; wildList.indexOf(symbol) != -1): null

2019-08-24 12:13:43 - [TEST_STEP][PASSED] - symbol = symbol: null

2019-08-24 12:13:43 - [TEST_STEP][PASSED] - println(symbol): null

2019-08-24 12:13:43 - [TEST_STEP][PASSED] - if (i == 2 &amp;&amp; wildList.indexOf(symbol) != -1): null

2019-08-24 12:13:43 - [TEST_STEP][PASSED] - if (i == 3 &amp;&amp; wildList.indexOf(symbol) != -1): null

2019-08-24 12:13:43 - [TEST_STEP][PASSED] - if (i == 4 &amp;&amp; wildList.indexOf(symbol) != -1): null

2019-08-24 12:13:43 - [TEST_STEP][PASSED] - symbols = symbols: null

2019-08-24 12:13:43 - [TEST_STEP][PASSED] - for ([j = 0, j &lt; symbols.size(), (j++)]): null

2019-08-24 12:13:43 - [TEST_STEP][PASSED] - symbol = symbol: null

2019-08-24 12:13:43 - [TEST_STEP][PASSED] - println(symbol): null

2019-08-24 12:13:43 - [TEST_STEP][PASSED] - if (i == 2 &amp;&amp; wildList.indexOf(symbol) != -1): null

2019-08-24 12:13:43 - [TEST_STEP][PASSED] - if (i == 3 &amp;&amp; wildList.indexOf(symbol) != -1): null

2019-08-24 12:13:43 - [TEST_STEP][PASSED] - if (i == 4 &amp;&amp; wildList.indexOf(symbol) != -1): null

2019-08-24 12:13:43 - [TEST_STEP][PASSED] - symbol = symbol: null

2019-08-24 12:13:43 - [TEST_STEP][PASSED] - println(symbol): null

2019-08-24 12:13:43 - [TEST_STEP][PASSED] - if (i == 2 &amp;&amp; wildList.indexOf(symbol) != -1): null

2019-08-24 12:13:43 - [TEST_STEP][PASSED] - if (i == 3 &amp;&amp; wildList.indexOf(symbol) != -1): null

2019-08-24 12:13:43 - [TEST_STEP][PASSED] - if (i == 4 &amp;&amp; wildList.indexOf(symbol) != -1): null

2019-08-24 12:13:43 - [TEST_STEP][PASSED] - symbol = symbol: null

2019-08-24 12:13:43 - [TEST_STEP][PASSED] - println(symbol): null

2019-08-24 12:13:43 - [TEST_STEP][PASSED] - if (i == 2 &amp;&amp; wildList.indexOf(symbol) != -1): null

2019-08-24 12:13:43 - [TEST_STEP][PASSED] - if (i == 3 &amp;&amp; wildList.indexOf(symbol) != -1): null

2019-08-24 12:13:43 - [TEST_STEP][PASSED] - if (i == 4 &amp;&amp; wildList.indexOf(symbol) != -1): null

2019-08-24 12:13:43 - [TEST_STEP][PASSED] - symbols = symbols: null

2019-08-24 12:13:43 - [TEST_STEP][PASSED] - for ([j = 0, j &lt; symbols.size(), (j++)]): null

2019-08-24 12:13:43 - [TEST_STEP][PASSED] - symbol = symbol: null

2019-08-24 12:13:43 - [TEST_STEP][PASSED] - println(symbol): null

2019-08-24 12:13:43 - [TEST_STEP][PASSED] - if (i == 2 &amp;&amp; wildList.indexOf(symbol) != -1): null

2019-08-24 12:13:43 - [TEST_STEP][PASSED] - if (i == 3 &amp;&amp; wildList.indexOf(symbol) != -1): null

2019-08-24 12:13:43 - [TEST_STEP][PASSED] - if (i == 4 &amp;&amp; wildList.indexOf(symbol) != -1): null

2019-08-24 12:13:43 - [TEST_STEP][PASSED] - symbol = symbol: null

2019-08-24 12:13:43 - [TEST_STEP][PASSED] - println(symbol): null

2019-08-24 12:13:43 - [TEST_STEP][PASSED] - if (i == 2 &amp;&amp; wildList.indexOf(symbol) != -1): null

2019-08-24 12:13:43 - [TEST_STEP][PASSED] - if (i == 3 &amp;&amp; wildList.indexOf(symbol) != -1): null

2019-08-24 12:13:43 - [TEST_STEP][PASSED] - if (i == 4 &amp;&amp; wildList.indexOf(symbol) != -1): null

2019-08-24 12:13:43 - [TEST_STEP][PASSED] - symbol = symbol: null

2019-08-24 12:13:43 - [TEST_STEP][PASSED] - println(symbol): null

2019-08-24 12:13:43 - [TEST_STEP][PASSED] - if (i == 2 &amp;&amp; wildList.indexOf(symbol) != -1): null

2019-08-24 12:13:43 - [TEST_STEP][PASSED] - if (i == 3 &amp;&amp; wildList.indexOf(symbol) != -1): null

2019-08-24 12:13:43 - [TEST_STEP][PASSED] - if (i == 4 &amp;&amp; wildList.indexOf(symbol) != -1): null

2019-08-24 12:13:43 - [TEST_STEP][PASSED] - symbols = symbols: null

2019-08-24 12:13:43 - [TEST_STEP][PASSED] - for ([j = 0, j &lt; symbols.size(), (j++)]): null

2019-08-24 12:13:43 - [TEST_STEP][PASSED] - symbol = symbol: null

2019-08-24 12:13:43 - [TEST_STEP][PASSED] - println(symbol): null

2019-08-24 12:13:43 - [TEST_STEP][PASSED] - if (i == 2 &amp;&amp; wildList.indexOf(symbol) != -1): null

2019-08-24 12:13:43 - [TEST_STEP][PASSED] - if (i == 3 &amp;&amp; wildList.indexOf(symbol) != -1): null

2019-08-24 12:13:43 - [TEST_STEP][PASSED] - if (i == 4 &amp;&amp; wildList.indexOf(symbol) != -1): null

2019-08-24 12:13:43 - [TEST_STEP][PASSED] - symbol = symbol: null

2019-08-24 12:13:43 - [TEST_STEP][PASSED] - println(symbol): null

2019-08-24 12:13:43 - [TEST_STEP][PASSED] - if (i == 2 &amp;&amp; wildList.indexOf(symbol) != -1): null

2019-08-24 12:13:43 - [TEST_STEP][PASSED] - if (i == 3 &amp;&amp; wildList.indexOf(symbol) != -1): null

2019-08-24 12:13:43 - [TEST_STEP][PASSED] - if (i == 4 &amp;&amp; wildList.indexOf(symbol) != -1): null

2019-08-24 12:13:43 - [TEST_STEP][PASSED] - symbol = symbol: null

2019-08-24 12:13:43 - [TEST_STEP][PASSED] - println(symbol): null

2019-08-24 12:13:43 - [TEST_STEP][PASSED] - if (i == 2 &amp;&amp; wildList.indexOf(symbol) != -1): null

2019-08-24 12:13:43 - [TEST_STEP][PASSED] - if (i == 3 &amp;&amp; wildList.indexOf(symbol) != -1): null

2019-08-24 12:13:43 - [TEST_STEP][PASSED] - if (i == 4 &amp;&amp; wildList.indexOf(symbol) != -1): null

2019-08-24 12:13:43 - [TEST_STEP][PASSED] - free_spin_reel_counter = free_spin_reel_counter: null

2019-08-24 12:13:43 - [TEST_STEP][PASSED] - println("reel 3 wild found: " + free_spin_reel_counter[0]): null

2019-08-24 12:13:43 - [TEST_STEP][PASSED] - println("reel 4 wild found: " + free_spin_reel_counter[1]): null

2019-08-24 12:13:43 - [TEST_STEP][PASSED] - println("reel 5 wild found: " + free_spin_reel_counter[2]): null

2019-08-24 12:13:43 - [TEST_STEP][PASSED] - M4_spin_reels = M4_spin_reels: null

2019-08-24 12:13:43 - [TEST_STEP][PASSED] - M4_spin_reels_symbols = symbol: null

2019-08-24 12:13:43 - [TEST_STEP][PASSED] - M4_spin_reels_symbols = M4_spin_reels_symbols: null

2019-08-24 12:13:43 - [TEST_STEP][PASSED] - M4_spin_reel_wins = reel_wins: null

2019-08-24 12:13:43 - [TEST_STEP][PASSED] - M4_spin_reel_wins = M4_spin_reel_wins: null

2019-08-24 12:13:43 - [TEST_STEP][PASSED] - println("GlobalVariable.M4_spin_reel_wins is: " + M4_spin_reel_wins): null

2019-08-24 12:13:43 - [TEST_STEP][PASSED] - M4_spin_total_bonus_win_this_round = total_bonus_win_this_round: null

2019-08-24 12:13:43 - [TEST_STEP][PASSED] - M4_spin_total_bonus_win_this_round = M4_spin_total_bonus_win_this_round: null

2019-08-24 12:13:43 - [TEST_STEP][PASSED] - println("GlobalVariable.M4_spin_total_bonus_win_this_round is: " + M4_spin_total_bonus_win_this_round): null

2019-08-24 12:13:43 - [TEST_STEP][PASSED] - M4_spin_bonus_spin_result = spin_result: null

2019-08-24 12:13:43 - [TEST_STEP][PASSED] - M4_spin_bonus_spin_result = M4_spin_bonus_spin_result: null

2019-08-24 12:13:43 - [MESSAGE][PASSED] - Verify response successfully

2019-08-24 12:13:43 - [MESSAGE][PASSED] - Send request and verify the response successfully

2019-08-24 12:13:43 - [TEST_STEP][PASSED] - if (M4_total_bonus_spins_int != 0 &amp;&amp; M4_spin_reels_symbols[2].contains("WILD_ExtraFG") || M4_spin_reels_symbols[3].contains("WILD_ExtraFG")): null

2019-08-24 12:13:43 - [TEST_STEP][PASSED] - free_spin_reel_counter = free_spin_reel_counter: null

2019-08-24 12:13:43 - [TEST_STEP][PASSED] - M4_spin_reels_symbols = M4_spin_reels_symbols: null

2019-08-24 12:13:43 - [TEST_STEP][PASSED] - M4_total_bonus_spins = M4_total_bonus_spins: null

2019-08-24 12:13:43 - [TEST_STEP][PASSED] - spin_result = sendRequestAndVerify(findTestObject("INT/RGS(M4)/1_M4_spin", ["M4_login_user_id":M4_login_user_id, "rgs_session_token":rgs_session_token, "partner":Partner])): Send request and verify the response successfully

2019-08-24 12:13:44 - [MESSAGE][INFO] - HAR: /Users/eiralee/Katalon_Script/SuperWild/Reports/20190824_120919/INT/superWild_3/20190824_120919/requests/main/76.har

2019-08-24 12:13:44 - [TEST_CASE][PASSED] - Start Test Case : Verification: Verification accomplished successfully

2019-08-24 12:13:44 - [TEST_STEP][PASSED] - request = getInstance().getCurrentRequest(): null

2019-08-24 12:13:44 - [TEST_STEP][PASSED] - response = getInstance().getCurrentResponse(): null

2019-08-24 12:13:44 - [TEST_STEP][PASSED] - verifyResponseStatusCode(response, 200): Verify response status code successfully

2019-08-24 12:13:44 - [MESSAGE][PASSED] - Verify response status code successfully

2019-08-24 12:13:44 - [TEST_STEP][PASSED] - getStatusCode()).isEqualTo(200): null

2019-08-24 12:13:44 - [TEST_STEP][PASSED] - newline = System.getProperty("line.separator"): null

2019-08-24 12:13:44 - [TEST_STEP][PASSED] - M4_spin = new groovy.json.JsonSlurper(): null

2019-08-24 12:13:44 - [TEST_STEP][PASSED] - result_M4_spin = M4_spin.parseText(response.getResponseBodyContent()): null

2019-08-24 12:13:44 - [TEST_STEP][PASSED] - M4_spin_current_balance = current_balance: null

2019-08-24 12:13:44 - [TEST_STEP][PASSED] - M4_spin_current_balance = M4_spin_current_balance: null

2019-08-24 12:13:44 - [TEST_STEP][PASSED] - M4_spin_transaction_id = causality: null

2019-08-24 12:13:44 - [TEST_STEP][PASSED] - M4_spin_transaction_id = M4_spin_transaction_id: null

2019-08-24 12:13:44 - [TEST_STEP][PASSED] - M4_spin_round_id = round_id: null

2019-08-24 12:13:44 - [TEST_STEP][PASSED] - M4_spin_round_id = M4_spin_round_id: null

2019-08-24 12:13:44 - [TEST_STEP][PASSED] - M4_spin_line_wins = line_wins: null

2019-08-24 12:13:44 - [TEST_STEP][PASSED] - M4_spin_line_wins = M4_spin_line_wins: null

2019-08-24 12:13:44 - [TEST_STEP][PASSED] - M4_total_bonus_spins_int = total_bonus_spins: null

2019-08-24 12:13:44 - [TEST_STEP][PASSED] - println("******M4_total_bonus_spins type is:*******" + newline + getClass().getName()): null

2019-08-24 12:13:44 - [TEST_STEP][PASSED] - M4_total_bonus_spins_int = M4_total_bonus_spins_int: null

2019-08-24 12:13:44 - [TEST_STEP][PASSED] - M4_total_bonus_spins = Integer.toString(M4_total_bonus_spins_int): null

2019-08-24 12:13:47 - [TEST_STEP][PASSED] - M4_total_bonus_spins = M4_total_bonus_spins: null

2019-08-24 12:13:47 - [TEST_STEP][PASSED] - println("M4_total_bonus_spins is:" + M4_total_bonus_spins): null

2019-08-24 12:13:47 - [TEST_STEP][PASSED] - M4_spin_bonus_data = bonus_data: null

2019-08-24 12:13:47 - [TEST_STEP][PASSED] - M4_spin_features_triggered = result_M4_spin: null

2019-08-24 12:13:47 - [TEST_STEP][PASSED] - wild = []: null

2019-08-24 12:13:47 - [TEST_STEP][PASSED] - wild[0] = "WILD_Expanding": null

2019-08-24 12:13:47 - [TEST_STEP][PASSED] - wild[1] = "WILD_Normal": null

2019-08-24 12:13:47 - [TEST_STEP][PASSED] - wild[2] = "WILD_Double": null

2019-08-24 12:13:47 - [TEST_STEP][PASSED] - wild[3] = "WILD_ExtraFG": null

2019-08-24 12:13:47 - [TEST_STEP][PASSED] - wild[4] = "WILD_Triple": null

2019-08-24 12:13:50 - [TEST_STEP][PASSED] - wildList = Arrays.asList(wild): null

2019-08-24 12:13:50 - [TEST_STEP][PASSED] - wildList = wildList: null

2019-08-24 12:13:50 - [TEST_STEP][PASSED] - free_spin_reel_counter = []: null

2019-08-24 12:13:50 - [TEST_STEP][PASSED] - free_spin_reel_counter[0] = 0: null

2019-08-24 12:13:50 - [TEST_STEP][PASSED] - free_spin_reel_counter[1] = 0: null

2019-08-24 12:13:50 - [TEST_STEP][PASSED] - free_spin_reel_counter[2] = 0: null

2019-08-24 12:13:50 - [TEST_STEP][PASSED] - M4_spin_reels = reels: null

2019-08-24 12:13:50 - [TEST_STEP][PASSED] - for ([i = 0, i &lt; M4_spin_reels.size(), (i++)]): null

2019-08-24 12:13:50 - [TEST_STEP][PASSED] - symbols = symbols: null

2019-08-24 12:13:50 - [TEST_STEP][PASSED] - for ([j = 0, j &lt; symbols.size(), (j++)]): null

2019-08-24 12:13:50 - [TEST_STEP][PASSED] - symbol = symbol: null

2019-08-24 12:13:50 - [TEST_STEP][PASSED] - println(symbol): null

2019-08-24 12:13:50 - [TEST_STEP][PASSED] - if (i == 2 &amp;&amp; wildList.indexOf(symbol) != -1): null

2019-08-24 12:13:50 - [TEST_STEP][PASSED] - if (i == 3 &amp;&amp; wildList.indexOf(symbol) != -1): null

2019-08-24 12:13:50 - [TEST_STEP][PASSED] - if (i == 4 &amp;&amp; wildList.indexOf(symbol) != -1): null

2019-08-24 12:13:50 - [TEST_STEP][PASSED] - symbol = symbol: null

2019-08-24 12:13:50 - [TEST_STEP][PASSED] - println(symbol): null

2019-08-24 12:13:50 - [TEST_STEP][PASSED] - if (i == 2 &amp;&amp; wildList.indexOf(symbol) != -1): null

2019-08-24 12:13:50 - [TEST_STEP][PASSED] - if (i == 3 &amp;&amp; wildList.indexOf(symbol) != -1): null

2019-08-24 12:13:50 - [TEST_STEP][PASSED] - if (i == 4 &amp;&amp; wildList.indexOf(symbol) != -1): null

2019-08-24 12:13:50 - [TEST_STEP][PASSED] - symbol = symbol: null

2019-08-24 12:13:50 - [TEST_STEP][PASSED] - println(symbol): null

2019-08-24 12:13:50 - [TEST_STEP][PASSED] - if (i == 2 &amp;&amp; wildList.indexOf(symbol) != -1): null

2019-08-24 12:13:50 - [TEST_STEP][PASSED] - if (i == 3 &amp;&amp; wildList.indexOf(symbol) != -1): null

2019-08-24 12:13:50 - [TEST_STEP][PASSED] - if (i == 4 &amp;&amp; wildList.indexOf(symbol) != -1): null

2019-08-24 12:13:50 - [TEST_STEP][PASSED] - symbols = symbols: null

2019-08-24 12:13:50 - [TEST_STEP][PASSED] - for ([j = 0, j &lt; symbols.size(), (j++)]): null

2019-08-24 12:13:50 - [TEST_STEP][PASSED] - symbol = symbol: null

2019-08-24 12:13:50 - [TEST_STEP][PASSED] - println(symbol): null

2019-08-24 12:13:50 - [TEST_STEP][PASSED] - if (i == 2 &amp;&amp; wildList.indexOf(symbol) != -1): null

2019-08-24 12:13:50 - [TEST_STEP][PASSED] - if (i == 3 &amp;&amp; wildList.indexOf(symbol) != -1): null

2019-08-24 12:13:50 - [TEST_STEP][PASSED] - if (i == 4 &amp;&amp; wildList.indexOf(symbol) != -1): null

2019-08-24 12:13:50 - [TEST_STEP][PASSED] - symbol = symbol: null

2019-08-24 12:13:50 - [TEST_STEP][PASSED] - println(symbol): null

2019-08-24 12:13:50 - [TEST_STEP][PASSED] - if (i == 2 &amp;&amp; wildList.indexOf(symbol) != -1): null

2019-08-24 12:13:50 - [TEST_STEP][PASSED] - if (i == 3 &amp;&amp; wildList.indexOf(symbol) != -1): null

2019-08-24 12:13:50 - [TEST_STEP][PASSED] - if (i == 4 &amp;&amp; wildList.indexOf(symbol) != -1): null

2019-08-24 12:13:50 - [TEST_STEP][PASSED] - symbol = symbol: null

2019-08-24 12:13:50 - [TEST_STEP][PASSED] - println(symbol): null

2019-08-24 12:13:50 - [TEST_STEP][PASSED] - if (i == 2 &amp;&amp; wildList.indexOf(symbol) != -1): null

2019-08-24 12:13:50 - [TEST_STEP][PASSED] - if (i == 3 &amp;&amp; wildList.indexOf(symbol) != -1): null

2019-08-24 12:13:50 - [TEST_STEP][PASSED] - if (i == 4 &amp;&amp; wildList.indexOf(symbol) != -1): null

2019-08-24 12:13:50 - [TEST_STEP][PASSED] - symbols = symbols: null

2019-08-24 12:13:50 - [TEST_STEP][PASSED] - for ([j = 0, j &lt; symbols.size(), (j++)]): null

2019-08-24 12:13:50 - [TEST_STEP][PASSED] - symbol = symbol: null

2019-08-24 12:13:50 - [TEST_STEP][PASSED] - println(symbol): null

2019-08-24 12:13:50 - [TEST_STEP][PASSED] - if (i == 2 &amp;&amp; wildList.indexOf(symbol) != -1): null

2019-08-24 12:13:50 - [TEST_STEP][PASSED] - if (i == 3 &amp;&amp; wildList.indexOf(symbol) != -1): null

2019-08-24 12:13:50 - [TEST_STEP][PASSED] - if (i == 4 &amp;&amp; wildList.indexOf(symbol) != -1): null

2019-08-24 12:13:50 - [TEST_STEP][PASSED] - symbol = symbol: null

2019-08-24 12:13:50 - [TEST_STEP][PASSED] - println(symbol): null

2019-08-24 12:13:50 - [TEST_STEP][PASSED] - if (i == 2 &amp;&amp; wildList.indexOf(symbol) != -1): null

2019-08-24 12:13:50 - [TEST_STEP][PASSED] - if (i == 3 &amp;&amp; wildList.indexOf(symbol) != -1): null

2019-08-24 12:13:50 - [TEST_STEP][PASSED] - if (i == 4 &amp;&amp; wildList.indexOf(symbol) != -1): null

2019-08-24 12:13:50 - [TEST_STEP][PASSED] - symbol = symbol: null

2019-08-24 12:13:50 - [TEST_STEP][PASSED] - println(symbol): null

2019-08-24 12:13:50 - [TEST_STEP][PASSED] - if (i == 2 &amp;&amp; wildList.indexOf(symbol) != -1): null

2019-08-24 12:13:50 - [TEST_STEP][PASSED] - if (i == 3 &amp;&amp; wildList.indexOf(symbol) != -1): null

2019-08-24 12:13:50 - [TEST_STEP][PASSED] - if (i == 4 &amp;&amp; wildList.indexOf(symbol) != -1): null

2019-08-24 12:13:50 - [TEST_STEP][PASSED] - symbols = symbols: null

2019-08-24 12:13:50 - [TEST_STEP][PASSED] - for ([j = 0, j &lt; symbols.size(), (j++)]): null

2019-08-24 12:13:50 - [TEST_STEP][PASSED] - symbol = symbol: null

2019-08-24 12:13:50 - [TEST_STEP][PASSED] - println(symbol): null

2019-08-24 12:13:50 - [TEST_STEP][PASSED] - if (i == 2 &amp;&amp; wildList.indexOf(symbol) != -1): null

2019-08-24 12:13:50 - [TEST_STEP][PASSED] - if (i == 3 &amp;&amp; wildList.indexOf(symbol) != -1): null

2019-08-24 12:13:50 - [TEST_STEP][PASSED] - if (i == 4 &amp;&amp; wildList.indexOf(symbol) != -1): null

2019-08-24 12:13:50 - [TEST_STEP][PASSED] - symbol = symbol: null

2019-08-24 12:13:50 - [TEST_STEP][PASSED] - println(symbol): null

2019-08-24 12:13:50 - [TEST_STEP][PASSED] - if (i == 2 &amp;&amp; wildList.indexOf(symbol) != -1): null

2019-08-24 12:13:50 - [TEST_STEP][PASSED] - if (i == 3 &amp;&amp; wildList.indexOf(symbol) != -1): null

2019-08-24 12:13:50 - [TEST_STEP][PASSED] - if (i == 4 &amp;&amp; wildList.indexOf(symbol) != -1): null

2019-08-24 12:13:50 - [TEST_STEP][PASSED] - symbol = symbol: null

2019-08-24 12:13:50 - [TEST_STEP][PASSED] - println(symbol): null

2019-08-24 12:13:50 - [TEST_STEP][PASSED] - if (i == 2 &amp;&amp; wildList.indexOf(symbol) != -1): null

2019-08-24 12:13:50 - [TEST_STEP][PASSED] - if (i == 3 &amp;&amp; wildList.indexOf(symbol) != -1): null

2019-08-24 12:13:50 - [TEST_STEP][PASSED] - if (i == 4 &amp;&amp; wildList.indexOf(symbol) != -1): null

2019-08-24 12:13:50 - [TEST_STEP][PASSED] - symbols = symbols: null

2019-08-24 12:13:50 - [TEST_STEP][PASSED] - for ([j = 0, j &lt; symbols.size(), (j++)]): null

2019-08-24 12:13:50 - [TEST_STEP][PASSED] - symbol = symbol: null

2019-08-24 12:13:50 - [TEST_STEP][PASSED] - println(symbol): null

2019-08-24 12:13:50 - [TEST_STEP][PASSED] - if (i == 2 &amp;&amp; wildList.indexOf(symbol) != -1): null

2019-08-24 12:13:50 - [TEST_STEP][PASSED] - if (i == 3 &amp;&amp; wildList.indexOf(symbol) != -1): null

2019-08-24 12:13:50 - [TEST_STEP][PASSED] - if (i == 4 &amp;&amp; wildList.indexOf(symbol) != -1): null

2019-08-24 12:13:50 - [TEST_STEP][PASSED] - symbol = symbol: null

2019-08-24 12:13:50 - [TEST_STEP][PASSED] - println(symbol): null

2019-08-24 12:13:50 - [TEST_STEP][PASSED] - if (i == 2 &amp;&amp; wildList.indexOf(symbol) != -1): null

2019-08-24 12:13:50 - [TEST_STEP][PASSED] - if (i == 3 &amp;&amp; wildList.indexOf(symbol) != -1): null

2019-08-24 12:13:50 - [TEST_STEP][PASSED] - if (i == 4 &amp;&amp; wildList.indexOf(symbol) != -1): null

2019-08-24 12:13:50 - [TEST_STEP][PASSED] - symbol = symbol: null

2019-08-24 12:13:50 - [TEST_STEP][PASSED] - println(symbol): null

2019-08-24 12:13:50 - [TEST_STEP][PASSED] - if (i == 2 &amp;&amp; wildList.indexOf(symbol) != -1): null

2019-08-24 12:13:50 - [TEST_STEP][PASSED] - if (i == 3 &amp;&amp; wildList.indexOf(symbol) != -1): null

2019-08-24 12:13:50 - [TEST_STEP][PASSED] - if (i == 4 &amp;&amp; wildList.indexOf(symbol) != -1): null

2019-08-24 12:13:50 - [TEST_STEP][PASSED] - free_spin_reel_counter = free_spin_reel_counter: null

2019-08-24 12:13:50 - [TEST_STEP][PASSED] - println("reel 3 wild found: " + free_spin_reel_counter[0]): null

2019-08-24 12:13:50 - [TEST_STEP][PASSED] - println("reel 4 wild found: " + free_spin_reel_counter[1]): null

2019-08-24 12:13:50 - [TEST_STEP][PASSED] - println("reel 5 wild found: " + free_spin_reel_counter[2]): null

2019-08-24 12:13:50 - [TEST_STEP][PASSED] - M4_spin_reels = M4_spin_reels: null

2019-08-24 12:13:50 - [TEST_STEP][PASSED] - M4_spin_reels_symbols = symbol: null

2019-08-24 12:13:50 - [TEST_STEP][PASSED] - M4_spin_reels_symbols = M4_spin_reels_symbols: null

2019-08-24 12:13:50 - [TEST_STEP][PASSED] - M4_spin_reel_wins = reel_wins: null

2019-08-24 12:13:50 - [TEST_STEP][PASSED] - M4_spin_reel_wins = M4_spin_reel_wins: null

2019-08-24 12:13:50 - [TEST_STEP][PASSED] - println("GlobalVariable.M4_spin_reel_wins is: " + M4_spin_reel_wins): null

2019-08-24 12:13:50 - [TEST_STEP][PASSED] - M4_spin_total_bonus_win_this_round = total_bonus_win_this_round: null

2019-08-24 12:13:50 - [TEST_STEP][PASSED] - M4_spin_total_bonus_win_this_round = M4_spin_total_bonus_win_this_round: null

2019-08-24 12:13:50 - [TEST_STEP][PASSED] - println("GlobalVariable.M4_spin_total_bonus_win_this_round is: " + M4_spin_total_bonus_win_this_round): null

2019-08-24 12:13:50 - [TEST_STEP][PASSED] - M4_spin_bonus_spin_result = spin_result: null

2019-08-24 12:13:50 - [TEST_STEP][PASSED] - M4_spin_bonus_spin_result = M4_spin_bonus_spin_result: null

2019-08-24 12:13:50 - [MESSAGE][PASSED] - Verify response successfully

2019-08-24 12:13:50 - [MESSAGE][PASSED] - Send request and verify the response successfully

2019-08-24 12:13:50 - [TEST_STEP][PASSED] - if (M4_total_bonus_spins_int != 0 &amp;&amp; M4_spin_reels_symbols[2].contains("WILD_ExtraFG") || M4_spin_reels_symbols[3].contains("WILD_ExtraFG")): null

2019-08-24 12:13:50 - [TEST_STEP][PASSED] - free_spin_reel_counter = free_spin_reel_counter: null

2019-08-24 12:13:50 - [TEST_STEP][PASSED] - M4_spin_reels_symbols = M4_spin_reels_symbols: null

2019-08-24 12:13:50 - [TEST_STEP][PASSED] - M4_total_bonus_spins = M4_total_bonus_spins: null

2019-08-24 12:13:50 - [TEST_STEP][PASSED] - spin_result = sendRequestAndVerify(findTestObject("INT/RGS(M4)/1_M4_spin", ["M4_login_user_id":M4_login_user_id, "rgs_session_token":rgs_session_token, "partner":Partner])): Send request and verify the response successfully

2019-08-24 12:13:51 - [MESSAGE][INFO] - HAR: /Users/eiralee/Katalon_Script/SuperWild/Reports/20190824_120919/INT/superWild_3/20190824_120919/requests/main/77.har

2019-08-24 12:13:51 - [TEST_CASE][PASSED] - Start Test Case : Verification: Verification accomplished successfully

2019-08-24 12:13:51 - [TEST_STEP][PASSED] - request = getInstance().getCurrentRequest(): null

2019-08-24 12:13:51 - [TEST_STEP][PASSED] - response = getInstance().getCurrentResponse(): null

2019-08-24 12:13:51 - [TEST_STEP][PASSED] - verifyResponseStatusCode(response, 200): Verify response status code successfully

2019-08-24 12:13:51 - [MESSAGE][PASSED] - Verify response status code successfully

2019-08-24 12:13:51 - [TEST_STEP][PASSED] - getStatusCode()).isEqualTo(200): null

2019-08-24 12:13:51 - [TEST_STEP][PASSED] - newline = System.getProperty("line.separator"): null

2019-08-24 12:13:51 - [TEST_STEP][PASSED] - M4_spin = new groovy.json.JsonSlurper(): null

2019-08-24 12:13:51 - [TEST_STEP][PASSED] - result_M4_spin = M4_spin.parseText(response.getResponseBodyContent()): null

2019-08-24 12:13:51 - [TEST_STEP][PASSED] - M4_spin_current_balance = current_balance: null

2019-08-24 12:13:51 - [TEST_STEP][PASSED] - M4_spin_current_balance = M4_spin_current_balance: null

2019-08-24 12:13:51 - [TEST_STEP][PASSED] - M4_spin_transaction_id = causality: null

2019-08-24 12:13:51 - [TEST_STEP][PASSED] - M4_spin_transaction_id = M4_spin_transaction_id: null

2019-08-24 12:13:51 - [TEST_STEP][PASSED] - M4_spin_round_id = round_id: null

2019-08-24 12:13:51 - [TEST_STEP][PASSED] - M4_spin_round_id = M4_spin_round_id: null

2019-08-24 12:13:51 - [TEST_STEP][PASSED] - M4_spin_line_wins = line_wins: null

2019-08-24 12:13:51 - [TEST_STEP][PASSED] - M4_spin_line_wins = M4_spin_line_wins: null

2019-08-24 12:13:51 - [TEST_STEP][PASSED] - M4_total_bonus_spins_int = total_bonus_spins: null

2019-08-24 12:13:51 - [TEST_STEP][PASSED] - println("******M4_total_bonus_spins type is:*******" + newline + getClass().getName()): null

2019-08-24 12:13:51 - [TEST_STEP][PASSED] - M4_total_bonus_spins_int = M4_total_bonus_spins_int: null

2019-08-24 12:13:51 - [TEST_STEP][PASSED] - M4_total_bonus_spins = Integer.toString(M4_total_bonus_spins_int): null

2019-08-24 12:13:51 - [TEST_STEP][PASSED] - M4_total_bonus_spins = M4_total_bonus_spins: null

2019-08-24 12:13:51 - [TEST_STEP][PASSED] - println("M4_total_bonus_spins is:" + M4_total_bonus_spins): null

2019-08-24 12:13:51 - [TEST_STEP][PASSED] - M4_spin_bonus_data = bonus_data: null

2019-08-24 12:13:51 - [TEST_STEP][PASSED] - M4_spin_features_triggered = result_M4_spin: null

2019-08-24 12:13:51 - [TEST_STEP][PASSED] - wild = []: null

2019-08-24 12:13:51 - [TEST_STEP][PASSED] - wild[0] = "WILD_Expanding": null

2019-08-24 12:13:51 - [TEST_STEP][PASSED] - wild[1] = "WILD_Normal": null

2019-08-24 12:13:51 - [TEST_STEP][PASSED] - wild[2] = "WILD_Double": null

2019-08-24 12:13:51 - [TEST_STEP][PASSED] - wild[3] = "WILD_ExtraFG": null

2019-08-24 12:13:51 - [TEST_STEP][PASSED] - wild[4] = "WILD_Triple": null

2019-08-24 12:13:51 - [TEST_STEP][PASSED] - wildList = Arrays.asList(wild): null

2019-08-24 12:13:51 - [TEST_STEP][PASSED] - wildList = wildList: null

2019-08-24 12:13:51 - [TEST_STEP][PASSED] - free_spin_reel_counter = []: null

2019-08-24 12:13:51 - [TEST_STEP][PASSED] - free_spin_reel_counter[0] = 0: null

2019-08-24 12:13:51 - [TEST_STEP][PASSED] - free_spin_reel_counter[1] = 0: null

2019-08-24 12:13:51 - [TEST_STEP][PASSED] - free_spin_reel_counter[2] = 0: null

2019-08-24 12:13:51 - [TEST_STEP][PASSED] - M4_spin_reels = reels: null

2019-08-24 12:13:51 - [TEST_STEP][PASSED] - for ([i = 0, i &lt; M4_spin_reels.size(), (i++)]): null

2019-08-24 12:13:51 - [TEST_STEP][PASSED] - symbols = symbols: null

2019-08-24 12:13:51 - [TEST_STEP][PASSED] - for ([j = 0, j &lt; symbols.size(), (j++)]): null

2019-08-24 12:13:51 - [TEST_STEP][PASSED] - symbol = symbol: null

2019-08-24 12:13:51 - [TEST_STEP][PASSED] - println(symbol): null

2019-08-24 12:13:51 - [TEST_STEP][PASSED] - if (i == 2 &amp;&amp; wildList.indexOf(symbol) != -1): null

2019-08-24 12:13:51 - [TEST_STEP][PASSED] - if (i == 3 &amp;&amp; wildList.indexOf(symbol) != -1): null

2019-08-24 12:13:51 - [TEST_STEP][PASSED] - if (i == 4 &amp;&amp; wildList.indexOf(symbol) != -1): null

2019-08-24 12:13:51 - [TEST_STEP][PASSED] - symbol = symbol: null

2019-08-24 12:13:51 - [TEST_STEP][PASSED] - println(symbol): null

2019-08-24 12:13:51 - [TEST_STEP][PASSED] - if (i == 2 &amp;&amp; wildList.indexOf(symbol) != -1): null

2019-08-24 12:13:51 - [TEST_STEP][PASSED] - if (i == 3 &amp;&amp; wildList.indexOf(symbol) != -1): null

2019-08-24 12:13:51 - [TEST_STEP][PASSED] - if (i == 4 &amp;&amp; wildList.indexOf(symbol) != -1): null

2019-08-24 12:13:51 - [TEST_STEP][PASSED] - symbol = symbol: null

2019-08-24 12:13:51 - [TEST_STEP][PASSED] - println(symbol): null

2019-08-24 12:13:51 - [TEST_STEP][PASSED] - if (i == 2 &amp;&amp; wildList.indexOf(symbol) != -1): null

2019-08-24 12:13:51 - [TEST_STEP][PASSED] - if (i == 3 &amp;&amp; wildList.indexOf(symbol) != -1): null

2019-08-24 12:13:51 - [TEST_STEP][PASSED] - if (i == 4 &amp;&amp; wildList.indexOf(symbol) != -1): null

2019-08-24 12:13:51 - [TEST_STEP][PASSED] - symbols = symbols: null

2019-08-24 12:13:51 - [TEST_STEP][PASSED] - for ([j = 0, j &lt; symbols.size(), (j++)]): null

2019-08-24 12:13:51 - [TEST_STEP][PASSED] - symbol = symbol: null

2019-08-24 12:13:51 - [TEST_STEP][PASSED] - println(symbol): null

2019-08-24 12:13:51 - [TEST_STEP][PASSED] - if (i == 2 &amp;&amp; wildList.indexOf(symbol) != -1): null

2019-08-24 12:13:51 - [TEST_STEP][PASSED] - if (i == 3 &amp;&amp; wildList.indexOf(symbol) != -1): null

2019-08-24 12:13:51 - [TEST_STEP][PASSED] - if (i == 4 &amp;&amp; wildList.indexOf(symbol) != -1): null

2019-08-24 12:13:51 - [TEST_STEP][PASSED] - symbol = symbol: null

2019-08-24 12:13:51 - [TEST_STEP][PASSED] - println(symbol): null

2019-08-24 12:13:51 - [TEST_STEP][PASSED] - if (i == 2 &amp;&amp; wildList.indexOf(symbol) != -1): null

2019-08-24 12:13:51 - [TEST_STEP][PASSED] - if (i == 3 &amp;&amp; wildList.indexOf(symbol) != -1): null

2019-08-24 12:13:51 - [TEST_STEP][PASSED] - if (i == 4 &amp;&amp; wildList.indexOf(symbol) != -1): null

2019-08-24 12:13:51 - [TEST_STEP][PASSED] - symbol = symbol: null

2019-08-24 12:13:51 - [TEST_STEP][PASSED] - println(symbol): null

2019-08-24 12:13:51 - [TEST_STEP][PASSED] - if (i == 2 &amp;&amp; wildList.indexOf(symbol) != -1): null

2019-08-24 12:13:51 - [TEST_STEP][PASSED] - if (i == 3 &amp;&amp; wildList.indexOf(symbol) != -1): null

2019-08-24 12:13:51 - [TEST_STEP][PASSED] - if (i == 4 &amp;&amp; wildList.indexOf(symbol) != -1): null

2019-08-24 12:13:51 - [TEST_STEP][PASSED] - symbols = symbols: null

2019-08-24 12:13:51 - [TEST_STEP][PASSED] - for ([j = 0, j &lt; symbols.size(), (j++)]): null

2019-08-24 12:13:51 - [TEST_STEP][PASSED] - symbol = symbol: null

2019-08-24 12:13:51 - [TEST_STEP][PASSED] - println(symbol): null

2019-08-24 12:13:51 - [TEST_STEP][PASSED] - if (i == 2 &amp;&amp; wildList.indexOf(symbol) != -1): null

2019-08-24 12:13:51 - [TEST_STEP][PASSED] - if (i == 3 &amp;&amp; wildList.indexOf(symbol) != -1): null

2019-08-24 12:13:51 - [TEST_STEP][PASSED] - if (i == 4 &amp;&amp; wildList.indexOf(symbol) != -1): null

2019-08-24 12:13:51 - [TEST_STEP][PASSED] - symbol = symbol: null

2019-08-24 12:13:51 - [TEST_STEP][PASSED] - println(symbol): null

2019-08-24 12:13:51 - [TEST_STEP][PASSED] - if (i == 2 &amp;&amp; wildList.indexOf(symbol) != -1): null

2019-08-24 12:13:51 - [TEST_STEP][PASSED] - if (i == 3 &amp;&amp; wildList.indexOf(symbol) != -1): null

2019-08-24 12:13:51 - [TEST_STEP][PASSED] - if (i == 4 &amp;&amp; wildList.indexOf(symbol) != -1): null

2019-08-24 12:13:51 - [TEST_STEP][PASSED] - symbol = symbol: null

2019-08-24 12:13:51 - [TEST_STEP][PASSED] - println(symbol): null

2019-08-24 12:13:51 - [TEST_STEP][PASSED] - if (i == 2 &amp;&amp; wildList.indexOf(symbol) != -1): null

2019-08-24 12:13:51 - [TEST_STEP][PASSED] - if (i == 3 &amp;&amp; wildList.indexOf(symbol) != -1): null

2019-08-24 12:13:51 - [TEST_STEP][PASSED] - if (i == 4 &amp;&amp; wildList.indexOf(symbol) != -1): null

2019-08-24 12:13:51 - [TEST_STEP][PASSED] - symbols = symbols: null

2019-08-24 12:13:51 - [TEST_STEP][PASSED] - for ([j = 0, j &lt; symbols.size(), (j++)]): null

2019-08-24 12:13:51 - [TEST_STEP][PASSED] - symbol = symbol: null

2019-08-24 12:13:51 - [TEST_STEP][PASSED] - println(symbol): null

2019-08-24 12:13:51 - [TEST_STEP][PASSED] - if (i == 2 &amp;&amp; wildList.indexOf(symbol) != -1): null

2019-08-24 12:13:51 - [TEST_STEP][PASSED] - if (i == 3 &amp;&amp; wildList.indexOf(symbol) != -1): null

2019-08-24 12:13:51 - [TEST_STEP][PASSED] - if (i == 4 &amp;&amp; wildList.indexOf(symbol) != -1): null

2019-08-24 12:13:51 - [TEST_STEP][PASSED] - symbol = symbol: null

2019-08-24 12:13:51 - [TEST_STEP][PASSED] - println(symbol): null

2019-08-24 12:13:51 - [TEST_STEP][PASSED] - if (i == 2 &amp;&amp; wildList.indexOf(symbol) != -1): null

2019-08-24 12:13:51 - [TEST_STEP][PASSED] - if (i == 3 &amp;&amp; wildList.indexOf(symbol) != -1): null

2019-08-24 12:13:51 - [TEST_STEP][PASSED] - if (i == 4 &amp;&amp; wildList.indexOf(symbol) != -1): null

2019-08-24 12:13:51 - [TEST_STEP][PASSED] - symbol = symbol: null

2019-08-24 12:13:51 - [TEST_STEP][PASSED] - println(symbol): null

2019-08-24 12:13:51 - [TEST_STEP][PASSED] - if (i == 2 &amp;&amp; wildList.indexOf(symbol) != -1): null

2019-08-24 12:13:51 - [TEST_STEP][PASSED] - if (i == 3 &amp;&amp; wildList.indexOf(symbol) != -1): null

2019-08-24 12:13:51 - [TEST_STEP][PASSED] - if (i == 4 &amp;&amp; wildList.indexOf(symbol) != -1): null

2019-08-24 12:13:51 - [TEST_STEP][PASSED] - symbols = symbols: null

2019-08-24 12:13:51 - [TEST_STEP][PASSED] - for ([j = 0, j &lt; symbols.size(), (j++)]): null

2019-08-24 12:13:51 - [TEST_STEP][PASSED] - symbol = symbol: null

2019-08-24 12:13:51 - [TEST_STEP][PASSED] - println(symbol): null

2019-08-24 12:13:51 - [TEST_STEP][PASSED] - if (i == 2 &amp;&amp; wildList.indexOf(symbol) != -1): null

2019-08-24 12:13:51 - [TEST_STEP][PASSED] - if (i == 3 &amp;&amp; wildList.indexOf(symbol) != -1): null

2019-08-24 12:13:51 - [TEST_STEP][PASSED] - if (i == 4 &amp;&amp; wildList.indexOf(symbol) != -1): null

2019-08-24 12:13:51 - [TEST_STEP][PASSED] - symbol = symbol: null

2019-08-24 12:13:51 - [TEST_STEP][PASSED] - println(symbol): null

2019-08-24 12:13:51 - [TEST_STEP][PASSED] - if (i == 2 &amp;&amp; wildList.indexOf(symbol) != -1): null

2019-08-24 12:13:51 - [TEST_STEP][PASSED] - if (i == 3 &amp;&amp; wildList.indexOf(symbol) != -1): null

2019-08-24 12:13:51 - [TEST_STEP][PASSED] - if (i == 4 &amp;&amp; wildList.indexOf(symbol) != -1): null

2019-08-24 12:13:51 - [TEST_STEP][PASSED] - symbol = symbol: null

2019-08-24 12:13:51 - [TEST_STEP][PASSED] - println(symbol): null

2019-08-24 12:13:51 - [TEST_STEP][PASSED] - if (i == 2 &amp;&amp; wildList.indexOf(symbol) != -1): null

2019-08-24 12:13:51 - [TEST_STEP][PASSED] - if (i == 3 &amp;&amp; wildList.indexOf(symbol) != -1): null

2019-08-24 12:13:51 - [TEST_STEP][PASSED] - if (i == 4 &amp;&amp; wildList.indexOf(symbol) != -1): null

2019-08-24 12:13:51 - [TEST_STEP][PASSED] - free_spin_reel_counter = free_spin_reel_counter: null

2019-08-24 12:13:51 - [TEST_STEP][PASSED] - println("reel 3 wild found: " + free_spin_reel_counter[0]): null

2019-08-24 12:13:51 - [TEST_STEP][PASSED] - println("reel 4 wild found: " + free_spin_reel_counter[1]): null

2019-08-24 12:13:51 - [TEST_STEP][PASSED] - println("reel 5 wild found: " + free_spin_reel_counter[2]): null

2019-08-24 12:13:51 - [TEST_STEP][PASSED] - M4_spin_reels = M4_spin_reels: null

2019-08-24 12:13:51 - [TEST_STEP][PASSED] - M4_spin_reels_symbols = symbol: null

2019-08-24 12:13:51 - [TEST_STEP][PASSED] - M4_spin_reels_symbols = M4_spin_reels_symbols: null

2019-08-24 12:13:51 - [TEST_STEP][PASSED] - M4_spin_reel_wins = reel_wins: null

2019-08-24 12:13:51 - [TEST_STEP][PASSED] - M4_spin_reel_wins = M4_spin_reel_wins: null

2019-08-24 12:13:51 - [TEST_STEP][PASSED] - println("GlobalVariable.M4_spin_reel_wins is: " + M4_spin_reel_wins): null

2019-08-24 12:13:51 - [TEST_STEP][PASSED] - M4_spin_total_bonus_win_this_round = total_bonus_win_this_round: null

2019-08-24 12:13:51 - [TEST_STEP][PASSED] - M4_spin_total_bonus_win_this_round = M4_spin_total_bonus_win_this_round: null

2019-08-24 12:13:51 - [TEST_STEP][PASSED] - println("GlobalVariable.M4_spin_total_bonus_win_this_round is: " + M4_spin_total_bonus_win_this_round): null

2019-08-24 12:13:51 - [TEST_STEP][PASSED] - M4_spin_bonus_spin_result = spin_result: null

2019-08-24 12:13:51 - [TEST_STEP][PASSED] - M4_spin_bonus_spin_result = M4_spin_bonus_spin_result: null

2019-08-24 12:13:51 - [MESSAGE][PASSED] - Verify response successfully

2019-08-24 12:13:51 - [MESSAGE][PASSED] - Send request and verify the response successfully

2019-08-24 12:13:51 - [TEST_STEP][PASSED] - if (M4_total_bonus_spins_int != 0 &amp;&amp; M4_spin_reels_symbols[2].contains("WILD_ExtraFG") || M4_spin_reels_symbols[3].contains("WILD_ExtraFG")): null

2019-08-24 12:13:51 - [TEST_STEP][PASSED] - free_spin_reel_counter = free_spin_reel_counter: null

2019-08-24 12:13:51 - [TEST_STEP][PASSED] - M4_spin_reels_symbols = M4_spin_reels_symbols: null

2019-08-24 12:13:51 - [TEST_STEP][PASSED] - M4_total_bonus_spins = M4_total_bonus_spins: null

2019-08-24 12:13:51 - [TEST_STEP][PASSED] - spin_result = sendRequestAndVerify(findTestObject("INT/RGS(M4)/1_M4_spin", ["M4_login_user_id":M4_login_user_id, "rgs_session_token":rgs_session_token, "partner":Partner])): Send request and verify the response successfully

2019-08-24 12:13:51 - [MESSAGE][INFO] - HAR: /Users/eiralee/Katalon_Script/SuperWild/Reports/20190824_120919/INT/superWild_3/20190824_120919/requests/main/78.har

2019-08-24 12:13:51 - [TEST_CASE][PASSED] - Start Test Case : Verification: Verification accomplished successfully

2019-08-24 12:13:51 - [TEST_STEP][PASSED] - request = getInstance().getCurrentRequest(): null

2019-08-24 12:13:51 - [TEST_STEP][PASSED] - response = getInstance().getCurrentResponse(): null

2019-08-24 12:13:51 - [TEST_STEP][PASSED] - verifyResponseStatusCode(response, 200): Verify response status code successfully

2019-08-24 12:13:51 - [MESSAGE][PASSED] - Verify response status code successfully

2019-08-24 12:13:51 - [TEST_STEP][PASSED] - getStatusCode()).isEqualTo(200): null

2019-08-24 12:13:51 - [TEST_STEP][PASSED] - newline = System.getProperty("line.separator"): null

2019-08-24 12:13:51 - [TEST_STEP][PASSED] - M4_spin = new groovy.json.JsonSlurper(): null

2019-08-24 12:13:51 - [TEST_STEP][PASSED] - result_M4_spin = M4_spin.parseText(response.getResponseBodyContent()): null

2019-08-24 12:13:51 - [TEST_STEP][PASSED] - M4_spin_current_balance = current_balance: null

2019-08-24 12:13:51 - [TEST_STEP][PASSED] - M4_spin_current_balance = M4_spin_current_balance: null

2019-08-24 12:13:51 - [TEST_STEP][PASSED] - M4_spin_transaction_id = causality: null

2019-08-24 12:13:51 - [TEST_STEP][PASSED] - M4_spin_transaction_id = M4_spin_transaction_id: null

2019-08-24 12:13:51 - [TEST_STEP][PASSED] - M4_spin_round_id = round_id: null

2019-08-24 12:13:51 - [TEST_STEP][PASSED] - M4_spin_round_id = M4_spin_round_id: null

2019-08-24 12:13:51 - [TEST_STEP][PASSED] - M4_spin_line_wins = line_wins: null

2019-08-24 12:13:51 - [TEST_STEP][PASSED] - M4_spin_line_wins = M4_spin_line_wins: null

2019-08-24 12:13:51 - [TEST_STEP][PASSED] - M4_total_bonus_spins_int = total_bonus_spins: null

2019-08-24 12:13:51 - [TEST_STEP][PASSED] - println("******M4_total_bonus_spins type is:*******" + newline + getClass().getName()): null

2019-08-24 12:13:51 - [TEST_STEP][PASSED] - M4_total_bonus_spins_int = M4_total_bonus_spins_int: null

2019-08-24 12:13:51 - [TEST_STEP][PASSED] - M4_total_bonus_spins = Integer.toString(M4_total_bonus_spins_int): null

2019-08-24 12:13:51 - [TEST_STEP][PASSED] - M4_total_bonus_spins = M4_total_bonus_spins: null

2019-08-24 12:13:51 - [TEST_STEP][PASSED] - println("M4_total_bonus_spins is:" + M4_total_bonus_spins): null

2019-08-24 12:13:51 - [TEST_STEP][PASSED] - M4_spin_bonus_data = bonus_data: null

2019-08-24 12:13:51 - [TEST_STEP][PASSED] - M4_spin_features_triggered = result_M4_spin: null

2019-08-24 12:13:51 - [TEST_STEP][PASSED] - wild = []: null

2019-08-24 12:13:51 - [TEST_STEP][PASSED] - wild[0] = "WILD_Expanding": null

2019-08-24 12:13:51 - [TEST_STEP][PASSED] - wild[1] = "WILD_Normal": null

2019-08-24 12:13:51 - [TEST_STEP][PASSED] - wild[2] = "WILD_Double": null

2019-08-24 12:13:51 - [TEST_STEP][PASSED] - wild[3] = "WILD_ExtraFG": null

2019-08-24 12:13:51 - [TEST_STEP][PASSED] - wild[4] = "WILD_Triple": null

2019-08-24 12:13:51 - [TEST_STEP][PASSED] - wildList = Arrays.asList(wild): null

2019-08-24 12:13:51 - [TEST_STEP][PASSED] - wildList = wildList: null

2019-08-24 12:13:51 - [TEST_STEP][PASSED] - free_spin_reel_counter = []: null

2019-08-24 12:13:51 - [TEST_STEP][PASSED] - free_spin_reel_counter[0] = 0: null

2019-08-24 12:13:51 - [TEST_STEP][PASSED] - free_spin_reel_counter[1] = 0: null

2019-08-24 12:13:51 - [TEST_STEP][PASSED] - free_spin_reel_counter[2] = 0: null

2019-08-24 12:13:51 - [TEST_STEP][PASSED] - M4_spin_reels = reels: null

2019-08-24 12:13:51 - [TEST_STEP][PASSED] - for ([i = 0, i &lt; M4_spin_reels.size(), (i++)]): null

2019-08-24 12:13:51 - [TEST_STEP][PASSED] - symbols = symbols: null

2019-08-24 12:13:51 - [TEST_STEP][PASSED] - for ([j = 0, j &lt; symbols.size(), (j++)]): null

2019-08-24 12:13:51 - [TEST_STEP][PASSED] - symbol = symbol: null

2019-08-24 12:13:51 - [TEST_STEP][PASSED] - println(symbol): null

2019-08-24 12:13:51 - [TEST_STEP][PASSED] - if (i == 2 &amp;&amp; wildList.indexOf(symbol) != -1): null

2019-08-24 12:13:51 - [TEST_STEP][PASSED] - if (i == 3 &amp;&amp; wildList.indexOf(symbol) != -1): null

2019-08-24 12:13:51 - [TEST_STEP][PASSED] - if (i == 4 &amp;&amp; wildList.indexOf(symbol) != -1): null

2019-08-24 12:13:51 - [TEST_STEP][PASSED] - symbol = symbol: null

2019-08-24 12:13:51 - [TEST_STEP][PASSED] - println(symbol): null

2019-08-24 12:13:51 - [TEST_STEP][PASSED] - if (i == 2 &amp;&amp; wildList.indexOf(symbol) != -1): null

2019-08-24 12:13:51 - [TEST_STEP][PASSED] - if (i == 3 &amp;&amp; wildList.indexOf(symbol) != -1): null

2019-08-24 12:13:51 - [TEST_STEP][PASSED] - if (i == 4 &amp;&amp; wildList.indexOf(symbol) != -1): null

2019-08-24 12:13:51 - [TEST_STEP][PASSED] - symbol = symbol: null

2019-08-24 12:13:51 - [TEST_STEP][PASSED] - println(symbol): null

2019-08-24 12:13:51 - [TEST_STEP][PASSED] - if (i == 2 &amp;&amp; wildList.indexOf(symbol) != -1): null

2019-08-24 12:13:51 - [TEST_STEP][PASSED] - if (i == 3 &amp;&amp; wildList.indexOf(symbol) != -1): null

2019-08-24 12:13:51 - [TEST_STEP][PASSED] - if (i == 4 &amp;&amp; wildList.indexOf(symbol) != -1): null

2019-08-24 12:13:51 - [TEST_STEP][PASSED] - symbols = symbols: null

2019-08-24 12:13:51 - [TEST_STEP][PASSED] - for ([j = 0, j &lt; symbols.size(), (j++)]): null

2019-08-24 12:13:51 - [TEST_STEP][PASSED] - symbol = symbol: null

2019-08-24 12:13:51 - [TEST_STEP][PASSED] - println(symbol): null

2019-08-24 12:13:51 - [TEST_STEP][PASSED] - if (i == 2 &amp;&amp; wildList.indexOf(symbol) != -1): null

2019-08-24 12:13:51 - [TEST_STEP][PASSED] - if (i == 3 &amp;&amp; wildList.indexOf(symbol) != -1): null

2019-08-24 12:13:55 - [TEST_STEP][PASSED] - if (i == 4 &amp;&amp; wildList.indexOf(symbol) != -1): null

2019-08-24 12:13:55 - [TEST_STEP][PASSED] - symbol = symbol: null

2019-08-24 12:13:55 - [TEST_STEP][PASSED] - println(symbol): null

2019-08-24 12:13:55 - [TEST_STEP][PASSED] - if (i == 2 &amp;&amp; wildList.indexOf(symbol) != -1): null

2019-08-24 12:13:55 - [TEST_STEP][PASSED] - if (i == 3 &amp;&amp; wildList.indexOf(symbol) != -1): null

2019-08-24 12:13:55 - [TEST_STEP][PASSED] - if (i == 4 &amp;&amp; wildList.indexOf(symbol) != -1): null

2019-08-24 12:13:55 - [TEST_STEP][PASSED] - symbol = symbol: null

2019-08-24 12:13:55 - [TEST_STEP][PASSED] - println(symbol): null

2019-08-24 12:13:55 - [TEST_STEP][PASSED] - if (i == 2 &amp;&amp; wildList.indexOf(symbol) != -1): null

2019-08-24 12:13:55 - [TEST_STEP][PASSED] - if (i == 3 &amp;&amp; wildList.indexOf(symbol) != -1): null

2019-08-24 12:13:58 - [TEST_STEP][PASSED] - if (i == 4 &amp;&amp; wildList.indexOf(symbol) != -1): null

2019-08-24 12:13:58 - [TEST_STEP][PASSED] - symbols = symbols: null

2019-08-24 12:13:58 - [TEST_STEP][PASSED] - for ([j = 0, j &lt; symbols.size(), (j++)]): null

2019-08-24 12:13:58 - [TEST_STEP][PASSED] - symbol = symbol: null

2019-08-24 12:13:58 - [TEST_STEP][PASSED] - println(symbol): null

2019-08-24 12:13:58 - [TEST_STEP][PASSED] - if (i == 2 &amp;&amp; wildList.indexOf(symbol) != -1): null

2019-08-24 12:13:58 - [TEST_STEP][PASSED] - if (i == 3 &amp;&amp; wildList.indexOf(symbol) != -1): null

2019-08-24 12:13:58 - [TEST_STEP][PASSED] - if (i == 4 &amp;&amp; wildList.indexOf(symbol) != -1): null

2019-08-24 12:13:58 - [TEST_STEP][PASSED] - symbol = symbol: null

2019-08-24 12:13:58 - [TEST_STEP][PASSED] - println(symbol): null

2019-08-24 12:13:58 - [TEST_STEP][PASSED] - if (i == 2 &amp;&amp; wildList.indexOf(symbol) != -1): null

2019-08-24 12:13:58 - [TEST_STEP][PASSED] - if (i == 3 &amp;&amp; wildList.indexOf(symbol) != -1): null

2019-08-24 12:13:58 - [TEST_STEP][PASSED] - if (i == 4 &amp;&amp; wildList.indexOf(symbol) != -1): null

2019-08-24 12:13:58 - [TEST_STEP][PASSED] - symbol = symbol: null

2019-08-24 12:13:58 - [TEST_STEP][PASSED] - println(symbol): null

2019-08-24 12:13:58 - [TEST_STEP][PASSED] - if (i == 2 &amp;&amp; wildList.indexOf(symbol) != -1): null

2019-08-24 12:13:58 - [TEST_STEP][PASSED] - if (i == 3 &amp;&amp; wildList.indexOf(symbol) != -1): null

2019-08-24 12:13:58 - [TEST_STEP][PASSED] - if (i == 4 &amp;&amp; wildList.indexOf(symbol) != -1): null

2019-08-24 12:13:58 - [TEST_STEP][PASSED] - symbols = symbols: null

2019-08-24 12:13:58 - [TEST_STEP][PASSED] - for ([j = 0, j &lt; symbols.size(), (j++)]): null

2019-08-24 12:13:58 - [TEST_STEP][PASSED] - symbol = symbol: null

2019-08-24 12:13:58 - [TEST_STEP][PASSED] - println(symbol): null

2019-08-24 12:13:58 - [TEST_STEP][PASSED] - if (i == 2 &amp;&amp; wildList.indexOf(symbol) != -1): null

2019-08-24 12:13:58 - [TEST_STEP][PASSED] - if (i == 3 &amp;&amp; wildList.indexOf(symbol) != -1): null

2019-08-24 12:13:58 - [TEST_STEP][PASSED] - if (i == 4 &amp;&amp; wildList.indexOf(symbol) != -1): null

2019-08-24 12:13:58 - [TEST_STEP][PASSED] - symbol = symbol: null

2019-08-24 12:13:58 - [TEST_STEP][PASSED] - println(symbol): null

2019-08-24 12:13:58 - [TEST_STEP][PASSED] - if (i == 2 &amp;&amp; wildList.indexOf(symbol) != -1): null

2019-08-24 12:13:58 - [TEST_STEP][PASSED] - if (i == 3 &amp;&amp; wildList.indexOf(symbol) != -1): null

2019-08-24 12:13:58 - [TEST_STEP][PASSED] - if (i == 4 &amp;&amp; wildList.indexOf(symbol) != -1): null

2019-08-24 12:13:58 - [TEST_STEP][PASSED] - symbol = symbol: null

2019-08-24 12:13:58 - [TEST_STEP][PASSED] - println(symbol): null

2019-08-24 12:13:58 - [TEST_STEP][PASSED] - if (i == 2 &amp;&amp; wildList.indexOf(symbol) != -1): null

2019-08-24 12:13:58 - [TEST_STEP][PASSED] - if (i == 3 &amp;&amp; wildList.indexOf(symbol) != -1): null

2019-08-24 12:13:58 - [TEST_STEP][PASSED] - if (i == 4 &amp;&amp; wildList.indexOf(symbol) != -1): null

2019-08-24 12:13:58 - [TEST_STEP][PASSED] - symbols = symbols: null

2019-08-24 12:13:58 - [TEST_STEP][PASSED] - for ([j = 0, j &lt; symbols.size(), (j++)]): null

2019-08-24 12:13:58 - [TEST_STEP][PASSED] - symbol = symbol: null

2019-08-24 12:13:58 - [TEST_STEP][PASSED] - println(symbol): null

2019-08-24 12:13:58 - [TEST_STEP][PASSED] - if (i == 2 &amp;&amp; wildList.indexOf(symbol) != -1): null

2019-08-24 12:13:58 - [TEST_STEP][PASSED] - if (i == 3 &amp;&amp; wildList.indexOf(symbol) != -1): null

2019-08-24 12:13:58 - [TEST_STEP][PASSED] - if (i == 4 &amp;&amp; wildList.indexOf(symbol) != -1): null

2019-08-24 12:13:58 - [TEST_STEP][PASSED] - symbol = symbol: null

2019-08-24 12:13:58 - [TEST_STEP][PASSED] - println(symbol): null

2019-08-24 12:13:58 - [TEST_STEP][PASSED] - if (i == 2 &amp;&amp; wildList.indexOf(symbol) != -1): null

2019-08-24 12:13:58 - [TEST_STEP][PASSED] - if (i == 3 &amp;&amp; wildList.indexOf(symbol) != -1): null

2019-08-24 12:13:58 - [TEST_STEP][PASSED] - if (i == 4 &amp;&amp; wildList.indexOf(symbol) != -1): null

2019-08-24 12:13:58 - [TEST_STEP][PASSED] - symbol = symbol: null

2019-08-24 12:13:58 - [TEST_STEP][PASSED] - println(symbol): null

2019-08-24 12:13:58 - [TEST_STEP][PASSED] - if (i == 2 &amp;&amp; wildList.indexOf(symbol) != -1): null

2019-08-24 12:13:58 - [TEST_STEP][PASSED] - if (i == 3 &amp;&amp; wildList.indexOf(symbol) != -1): null

2019-08-24 12:13:58 - [TEST_STEP][PASSED] - if (i == 4 &amp;&amp; wildList.indexOf(symbol) != -1): null

2019-08-24 12:13:58 - [TEST_STEP][PASSED] - free_spin_reel_counter = free_spin_reel_counter: null

2019-08-24 12:13:58 - [TEST_STEP][PASSED] - println("reel 3 wild found: " + free_spin_reel_counter[0]): null

2019-08-24 12:13:58 - [TEST_STEP][PASSED] - println("reel 4 wild found: " + free_spin_reel_counter[1]): null

2019-08-24 12:13:58 - [TEST_STEP][PASSED] - println("reel 5 wild found: " + free_spin_reel_counter[2]): null

2019-08-24 12:13:58 - [TEST_STEP][PASSED] - M4_spin_reels = M4_spin_reels: null

2019-08-24 12:13:58 - [TEST_STEP][PASSED] - M4_spin_reels_symbols = symbol: null

2019-08-24 12:13:58 - [TEST_STEP][PASSED] - M4_spin_reels_symbols = M4_spin_reels_symbols: null

2019-08-24 12:13:58 - [TEST_STEP][PASSED] - M4_spin_reel_wins = reel_wins: null

2019-08-24 12:13:58 - [TEST_STEP][PASSED] - M4_spin_reel_wins = M4_spin_reel_wins: null

2019-08-24 12:13:58 - [TEST_STEP][PASSED] - println("GlobalVariable.M4_spin_reel_wins is: " + M4_spin_reel_wins): null

2019-08-24 12:13:58 - [TEST_STEP][PASSED] - M4_spin_total_bonus_win_this_round = total_bonus_win_this_round: null

2019-08-24 12:13:58 - [TEST_STEP][PASSED] - M4_spin_total_bonus_win_this_round = M4_spin_total_bonus_win_this_round: null

2019-08-24 12:13:58 - [TEST_STEP][PASSED] - println("GlobalVariable.M4_spin_total_bonus_win_this_round is: " + M4_spin_total_bonus_win_this_round): null

2019-08-24 12:13:58 - [TEST_STEP][PASSED] - M4_spin_bonus_spin_result = spin_result: null

2019-08-24 12:13:58 - [TEST_STEP][PASSED] - M4_spin_bonus_spin_result = M4_spin_bonus_spin_result: null

2019-08-24 12:13:58 - [MESSAGE][PASSED] - Verify response successfully

2019-08-24 12:13:58 - [MESSAGE][PASSED] - Send request and verify the response successfully

2019-08-24 12:13:58 - [TEST_STEP][PASSED] - if (M4_total_bonus_spins_int != 0 &amp;&amp; M4_spin_reels_symbols[2].contains("WILD_ExtraFG") || M4_spin_reels_symbols[3].contains("WILD_ExtraFG")): null

2019-08-24 12:13:58 - [TEST_STEP][PASSED] - free_spin_reel_counter = free_spin_reel_counter: null

2019-08-24 12:13:58 - [TEST_STEP][PASSED] - M4_spin_reels_symbols = M4_spin_reels_symbols: null

2019-08-24 12:13:58 - [TEST_STEP][PASSED] - M4_total_bonus_spins = M4_total_bonus_spins: null

2019-08-24 12:13:58 - [TEST_STEP][PASSED] - spin_result = sendRequestAndVerify(findTestObject("INT/RGS(M4)/1_M4_spin", ["M4_login_user_id":M4_login_user_id, "rgs_session_token":rgs_session_token, "partner":Partner])): Send request and verify the response successfully

2019-08-24 12:13:58 - [MESSAGE][INFO] - HAR: /Users/eiralee/Katalon_Script/SuperWild/Reports/20190824_120919/INT/superWild_3/20190824_120919/requests/main/79.har

2019-08-24 12:13:59 - [TEST_CASE][PASSED] - Start Test Case : Verification: Verification accomplished successfully

2019-08-24 12:13:59 - [TEST_STEP][PASSED] - request = getInstance().getCurrentRequest(): null

2019-08-24 12:13:59 - [TEST_STEP][PASSED] - response = getInstance().getCurrentResponse(): null

2019-08-24 12:13:59 - [TEST_STEP][PASSED] - verifyResponseStatusCode(response, 200): Verify response status code successfully

2019-08-24 12:13:59 - [MESSAGE][PASSED] - Verify response status code successfully

2019-08-24 12:13:59 - [TEST_STEP][PASSED] - getStatusCode()).isEqualTo(200): null

2019-08-24 12:13:59 - [TEST_STEP][PASSED] - newline = System.getProperty("line.separator"): null

2019-08-24 12:13:59 - [TEST_STEP][PASSED] - M4_spin = new groovy.json.JsonSlurper(): null

2019-08-24 12:13:59 - [TEST_STEP][PASSED] - result_M4_spin = M4_spin.parseText(response.getResponseBodyContent()): null

2019-08-24 12:13:59 - [TEST_STEP][PASSED] - M4_spin_current_balance = current_balance: null

2019-08-24 12:13:59 - [TEST_STEP][PASSED] - M4_spin_current_balance = M4_spin_current_balance: null

2019-08-24 12:13:59 - [TEST_STEP][PASSED] - M4_spin_transaction_id = causality: null

2019-08-24 12:13:59 - [TEST_STEP][PASSED] - M4_spin_transaction_id = M4_spin_transaction_id: null

2019-08-24 12:13:59 - [TEST_STEP][PASSED] - M4_spin_round_id = round_id: null

2019-08-24 12:13:59 - [TEST_STEP][PASSED] - M4_spin_round_id = M4_spin_round_id: null

2019-08-24 12:13:59 - [TEST_STEP][PASSED] - M4_spin_line_wins = line_wins: null

2019-08-24 12:13:59 - [TEST_STEP][PASSED] - M4_spin_line_wins = M4_spin_line_wins: null

2019-08-24 12:13:59 - [TEST_STEP][PASSED] - M4_total_bonus_spins_int = total_bonus_spins: null

2019-08-24 12:13:59 - [TEST_STEP][PASSED] - println("******M4_total_bonus_spins type is:*******" + newline + getClass().getName()): null

2019-08-24 12:13:59 - [TEST_STEP][PASSED] - M4_total_bonus_spins_int = M4_total_bonus_spins_int: null

2019-08-24 12:13:59 - [TEST_STEP][PASSED] - M4_total_bonus_spins = Integer.toString(M4_total_bonus_spins_int): null

2019-08-24 12:13:59 - [TEST_STEP][PASSED] - M4_total_bonus_spins = M4_total_bonus_spins: null

2019-08-24 12:13:59 - [TEST_STEP][PASSED] - println("M4_total_bonus_spins is:" + M4_total_bonus_spins): null

2019-08-24 12:13:59 - [TEST_STEP][PASSED] - M4_spin_bonus_data = bonus_data: null

2019-08-24 12:13:59 - [TEST_STEP][PASSED] - M4_spin_features_triggered = result_M4_spin: null

2019-08-24 12:13:59 - [TEST_STEP][PASSED] - wild = []: null

2019-08-24 12:13:59 - [TEST_STEP][PASSED] - wild[0] = "WILD_Expanding": null

2019-08-24 12:13:59 - [TEST_STEP][PASSED] - wild[1] = "WILD_Normal": null

2019-08-24 12:13:59 - [TEST_STEP][PASSED] - wild[2] = "WILD_Double": null

2019-08-24 12:13:59 - [TEST_STEP][PASSED] - wild[3] = "WILD_ExtraFG": null

2019-08-24 12:13:59 - [TEST_STEP][PASSED] - wild[4] = "WILD_Triple": null

2019-08-24 12:13:59 - [TEST_STEP][PASSED] - wildList = Arrays.asList(wild): null

2019-08-24 12:13:59 - [TEST_STEP][PASSED] - wildList = wildList: null

2019-08-24 12:13:59 - [TEST_STEP][PASSED] - free_spin_reel_counter = []: null

2019-08-24 12:13:59 - [TEST_STEP][PASSED] - free_spin_reel_counter[0] = 0: null

2019-08-24 12:13:59 - [TEST_STEP][PASSED] - free_spin_reel_counter[1] = 0: null

2019-08-24 12:13:59 - [TEST_STEP][PASSED] - free_spin_reel_counter[2] = 0: null

2019-08-24 12:13:59 - [TEST_STEP][PASSED] - M4_spin_reels = reels: null

2019-08-24 12:13:59 - [TEST_STEP][PASSED] - for ([i = 0, i &lt; M4_spin_reels.size(), (i++)]): null

2019-08-24 12:13:59 - [TEST_STEP][PASSED] - symbols = symbols: null

2019-08-24 12:13:59 - [TEST_STEP][PASSED] - for ([j = 0, j &lt; symbols.size(), (j++)]): null

2019-08-24 12:13:59 - [TEST_STEP][PASSED] - symbol = symbol: null

2019-08-24 12:13:59 - [TEST_STEP][PASSED] - println(symbol): null

2019-08-24 12:13:59 - [TEST_STEP][PASSED] - if (i == 2 &amp;&amp; wildList.indexOf(symbol) != -1): null

2019-08-24 12:13:59 - [TEST_STEP][PASSED] - if (i == 3 &amp;&amp; wildList.indexOf(symbol) != -1): null

2019-08-24 12:13:59 - [TEST_STEP][PASSED] - if (i == 4 &amp;&amp; wildList.indexOf(symbol) != -1): null

2019-08-24 12:13:59 - [TEST_STEP][PASSED] - symbol = symbol: null

2019-08-24 12:13:59 - [TEST_STEP][PASSED] - println(symbol): null

2019-08-24 12:13:59 - [TEST_STEP][PASSED] - if (i == 2 &amp;&amp; wildList.indexOf(symbol) != -1): null

2019-08-24 12:13:59 - [TEST_STEP][PASSED] - if (i == 3 &amp;&amp; wildList.indexOf(symbol) != -1): null

2019-08-24 12:13:59 - [TEST_STEP][PASSED] - if (i == 4 &amp;&amp; wildList.indexOf(symbol) != -1): null

2019-08-24 12:13:59 - [TEST_STEP][PASSED] - symbol = symbol: null

2019-08-24 12:13:59 - [TEST_STEP][PASSED] - println(symbol): null

2019-08-24 12:13:59 - [TEST_STEP][PASSED] - if (i == 2 &amp;&amp; wildList.indexOf(symbol) != -1): null

2019-08-24 12:13:59 - [TEST_STEP][PASSED] - if (i == 3 &amp;&amp; wildList.indexOf(symbol) != -1): null

2019-08-24 12:13:59 - [TEST_STEP][PASSED] - if (i == 4 &amp;&amp; wildList.indexOf(symbol) != -1): null

2019-08-24 12:13:59 - [TEST_STEP][PASSED] - symbols = symbols: null

2019-08-24 12:13:59 - [TEST_STEP][PASSED] - for ([j = 0, j &lt; symbols.size(), (j++)]): null

2019-08-24 12:13:59 - [TEST_STEP][PASSED] - symbol = symbol: null

2019-08-24 12:13:59 - [TEST_STEP][PASSED] - println(symbol): null

2019-08-24 12:13:59 - [TEST_STEP][PASSED] - if (i == 2 &amp;&amp; wildList.indexOf(symbol) != -1): null

2019-08-24 12:13:59 - [TEST_STEP][PASSED] - if (i == 3 &amp;&amp; wildList.indexOf(symbol) != -1): null

2019-08-24 12:13:59 - [TEST_STEP][PASSED] - if (i == 4 &amp;&amp; wildList.indexOf(symbol) != -1): null

2019-08-24 12:13:59 - [TEST_STEP][PASSED] - symbol = symbol: null

2019-08-24 12:13:59 - [TEST_STEP][PASSED] - println(symbol): null

2019-08-24 12:13:59 - [TEST_STEP][PASSED] - if (i == 2 &amp;&amp; wildList.indexOf(symbol) != -1): null

2019-08-24 12:13:59 - [TEST_STEP][PASSED] - if (i == 3 &amp;&amp; wildList.indexOf(symbol) != -1): null

2019-08-24 12:13:59 - [TEST_STEP][PASSED] - if (i == 4 &amp;&amp; wildList.indexOf(symbol) != -1): null

2019-08-24 12:13:59 - [TEST_STEP][PASSED] - symbol = symbol: null

2019-08-24 12:13:59 - [TEST_STEP][PASSED] - println(symbol): null

2019-08-24 12:13:59 - [TEST_STEP][PASSED] - if (i == 2 &amp;&amp; wildList.indexOf(symbol) != -1): null

2019-08-24 12:13:59 - [TEST_STEP][PASSED] - if (i == 3 &amp;&amp; wildList.indexOf(symbol) != -1): null

2019-08-24 12:13:59 - [TEST_STEP][PASSED] - if (i == 4 &amp;&amp; wildList.indexOf(symbol) != -1): null

2019-08-24 12:13:59 - [TEST_STEP][PASSED] - symbols = symbols: null

2019-08-24 12:13:59 - [TEST_STEP][PASSED] - for ([j = 0, j &lt; symbols.size(), (j++)]): null

2019-08-24 12:13:59 - [TEST_STEP][PASSED] - symbol = symbol: null

2019-08-24 12:13:59 - [TEST_STEP][PASSED] - println(symbol): null

2019-08-24 12:13:59 - [TEST_STEP][PASSED] - if (i == 2 &amp;&amp; wildList.indexOf(symbol) != -1): null

2019-08-24 12:13:59 - [TEST_STEP][PASSED] - if (i == 3 &amp;&amp; wildList.indexOf(symbol) != -1): null

2019-08-24 12:13:59 - [TEST_STEP][PASSED] - if (i == 4 &amp;&amp; wildList.indexOf(symbol) != -1): null

2019-08-24 12:13:59 - [TEST_STEP][PASSED] - symbol = symbol: null

2019-08-24 12:13:59 - [TEST_STEP][PASSED] - println(symbol): null

2019-08-24 12:13:59 - [TEST_STEP][PASSED] - if (i == 2 &amp;&amp; wildList.indexOf(symbol) != -1): null

2019-08-24 12:13:59 - [TEST_STEP][PASSED] - if (i == 3 &amp;&amp; wildList.indexOf(symbol) != -1): null

2019-08-24 12:13:59 - [TEST_STEP][PASSED] - if (i == 4 &amp;&amp; wildList.indexOf(symbol) != -1): null

2019-08-24 12:13:59 - [TEST_STEP][PASSED] - symbol = symbol: null

2019-08-24 12:13:59 - [TEST_STEP][PASSED] - println(symbol): null

2019-08-24 12:13:59 - [TEST_STEP][PASSED] - if (i == 2 &amp;&amp; wildList.indexOf(symbol) != -1): null

2019-08-24 12:13:59 - [TEST_STEP][PASSED] - if (i == 3 &amp;&amp; wildList.indexOf(symbol) != -1): null

2019-08-24 12:13:59 - [TEST_STEP][PASSED] - if (i == 4 &amp;&amp; wildList.indexOf(symbol) != -1): null

2019-08-24 12:13:59 - [TEST_STEP][PASSED] - symbols = symbols: null

2019-08-24 12:13:59 - [TEST_STEP][PASSED] - for ([j = 0, j &lt; symbols.size(), (j++)]): null

2019-08-24 12:13:59 - [TEST_STEP][PASSED] - symbol = symbol: null

2019-08-24 12:13:59 - [TEST_STEP][PASSED] - println(symbol): null

2019-08-24 12:13:59 - [TEST_STEP][PASSED] - if (i == 2 &amp;&amp; wildList.indexOf(symbol) != -1): null

2019-08-24 12:13:59 - [TEST_STEP][PASSED] - if (i == 3 &amp;&amp; wildList.indexOf(symbol) != -1): null

2019-08-24 12:13:59 - [TEST_STEP][PASSED] - if (i == 4 &amp;&amp; wildList.indexOf(symbol) != -1): null

2019-08-24 12:13:59 - [TEST_STEP][PASSED] - symbol = symbol: null

2019-08-24 12:13:59 - [TEST_STEP][PASSED] - println(symbol): null

2019-08-24 12:13:59 - [TEST_STEP][PASSED] - if (i == 2 &amp;&amp; wildList.indexOf(symbol) != -1): null

2019-08-24 12:13:59 - [TEST_STEP][PASSED] - if (i == 3 &amp;&amp; wildList.indexOf(symbol) != -1): null

2019-08-24 12:13:59 - [TEST_STEP][PASSED] - if (i == 4 &amp;&amp; wildList.indexOf(symbol) != -1): null

2019-08-24 12:13:59 - [TEST_STEP][PASSED] - symbol = symbol: null

2019-08-24 12:13:59 - [TEST_STEP][PASSED] - println(symbol): null

2019-08-24 12:13:59 - [TEST_STEP][PASSED] - if (i == 2 &amp;&amp; wildList.indexOf(symbol) != -1): null

2019-08-24 12:13:59 - [TEST_STEP][PASSED] - if (i == 3 &amp;&amp; wildList.indexOf(symbol) != -1): null

2019-08-24 12:13:59 - [TEST_STEP][PASSED] - if (i == 4 &amp;&amp; wildList.indexOf(symbol) != -1): null

2019-08-24 12:13:59 - [TEST_STEP][PASSED] - symbols = symbols: null

2019-08-24 12:13:59 - [TEST_STEP][PASSED] - for ([j = 0, j &lt; symbols.size(), (j++)]): null

2019-08-24 12:13:59 - [TEST_STEP][PASSED] - symbol = symbol: null

2019-08-24 12:13:59 - [TEST_STEP][PASSED] - println(symbol): null

2019-08-24 12:13:59 - [TEST_STEP][PASSED] - if (i == 2 &amp;&amp; wildList.indexOf(symbol) != -1): null

2019-08-24 12:13:59 - [TEST_STEP][PASSED] - if (i == 3 &amp;&amp; wildList.indexOf(symbol) != -1): null

2019-08-24 12:13:59 - [TEST_STEP][PASSED] - if (i == 4 &amp;&amp; wildList.indexOf(symbol) != -1): null

2019-08-24 12:13:59 - [TEST_STEP][PASSED] - symbol = symbol: null

2019-08-24 12:13:59 - [TEST_STEP][PASSED] - println(symbol): null

2019-08-24 12:13:59 - [TEST_STEP][PASSED] - if (i == 2 &amp;&amp; wildList.indexOf(symbol) != -1): null

2019-08-24 12:13:59 - [TEST_STEP][PASSED] - if (i == 3 &amp;&amp; wildList.indexOf(symbol) != -1): null

2019-08-24 12:13:59 - [TEST_STEP][PASSED] - if (i == 4 &amp;&amp; wildList.indexOf(symbol) != -1): null

2019-08-24 12:13:59 - [TEST_STEP][PASSED] - symbol = symbol: null

2019-08-24 12:13:59 - [TEST_STEP][PASSED] - println(symbol): null

2019-08-24 12:13:59 - [TEST_STEP][PASSED] - if (i == 2 &amp;&amp; wildList.indexOf(symbol) != -1): null

2019-08-24 12:13:59 - [TEST_STEP][PASSED] - if (i == 3 &amp;&amp; wildList.indexOf(symbol) != -1): null

2019-08-24 12:13:59 - [TEST_STEP][PASSED] - if (i == 4 &amp;&amp; wildList.indexOf(symbol) != -1): null

2019-08-24 12:13:59 - [TEST_STEP][PASSED] - free_spin_reel_counter = free_spin_reel_counter: null

2019-08-24 12:13:59 - [TEST_STEP][PASSED] - println("reel 3 wild found: " + free_spin_reel_counter[0]): null

2019-08-24 12:13:59 - [TEST_STEP][PASSED] - println("reel 4 wild found: " + free_spin_reel_counter[1]): null

2019-08-24 12:13:59 - [TEST_STEP][PASSED] - println("reel 5 wild found: " + free_spin_reel_counter[2]): null

2019-08-24 12:13:59 - [TEST_STEP][PASSED] - M4_spin_reels = M4_spin_reels: null

2019-08-24 12:13:59 - [TEST_STEP][PASSED] - M4_spin_reels_symbols = symbol: null

2019-08-24 12:13:59 - [TEST_STEP][PASSED] - M4_spin_reels_symbols = M4_spin_reels_symbols: null

2019-08-24 12:13:59 - [TEST_STEP][PASSED] - M4_spin_reel_wins = reel_wins: null

2019-08-24 12:13:59 - [TEST_STEP][PASSED] - M4_spin_reel_wins = M4_spin_reel_wins: null

2019-08-24 12:13:59 - [TEST_STEP][PASSED] - println("GlobalVariable.M4_spin_reel_wins is: " + M4_spin_reel_wins): null

2019-08-24 12:13:59 - [TEST_STEP][PASSED] - M4_spin_total_bonus_win_this_round = total_bonus_win_this_round: null

2019-08-24 12:13:59 - [TEST_STEP][PASSED] - M4_spin_total_bonus_win_this_round = M4_spin_total_bonus_win_this_round: null

2019-08-24 12:13:59 - [TEST_STEP][PASSED] - println("GlobalVariable.M4_spin_total_bonus_win_this_round is: " + M4_spin_total_bonus_win_this_round): null

2019-08-24 12:13:59 - [TEST_STEP][PASSED] - M4_spin_bonus_spin_result = spin_result: null

2019-08-24 12:13:59 - [TEST_STEP][PASSED] - M4_spin_bonus_spin_result = M4_spin_bonus_spin_result: null

2019-08-24 12:13:59 - [MESSAGE][PASSED] - Verify response successfully

2019-08-24 12:13:59 - [MESSAGE][PASSED] - Send request and verify the response successfully

2019-08-24 12:13:59 - [TEST_STEP][PASSED] - if (M4_total_bonus_spins_int != 0 &amp;&amp; M4_spin_reels_symbols[2].contains("WILD_ExtraFG") || M4_spin_reels_symbols[3].contains("WILD_ExtraFG")): null

2019-08-24 12:13:59 - [TEST_STEP][PASSED] - free_spin_reel_counter = free_spin_reel_counter: null

2019-08-24 12:13:59 - [TEST_STEP][PASSED] - M4_spin_reels_symbols = M4_spin_reels_symbols: null

2019-08-24 12:13:59 - [TEST_STEP][PASSED] - M4_total_bonus_spins = M4_total_bonus_spins: null

2019-08-24 12:13:59 - [TEST_STEP][PASSED] - spin_result = sendRequestAndVerify(findTestObject("INT/RGS(M4)/1_M4_spin", ["M4_login_user_id":M4_login_user_id, "rgs_session_token":rgs_session_token, "partner":Partner])): Send request and verify the response successfully

2019-08-24 12:13:59 - [MESSAGE][INFO] - HAR: /Users/eiralee/Katalon_Script/SuperWild/Reports/20190824_120919/INT/superWild_3/20190824_120919/requests/main/80.har

2019-08-24 12:13:59 - [TEST_CASE][PASSED] - Start Test Case : Verification: Verification accomplished successfully

2019-08-24 12:13:59 - [TEST_STEP][PASSED] - request = getInstance().getCurrentRequest(): null

2019-08-24 12:13:59 - [TEST_STEP][PASSED] - response = getInstance().getCurrentResponse(): null

2019-08-24 12:13:59 - [TEST_STEP][PASSED] - verifyResponseStatusCode(response, 200): Verify response status code successfully

2019-08-24 12:13:59 - [MESSAGE][PASSED] - Verify response status code successfully

2019-08-24 12:13:59 - [TEST_STEP][PASSED] - getStatusCode()).isEqualTo(200): null

2019-08-24 12:13:59 - [TEST_STEP][PASSED] - newline = System.getProperty("line.separator"): null

2019-08-24 12:13:59 - [TEST_STEP][PASSED] - M4_spin = new groovy.json.JsonSlurper(): null

2019-08-24 12:13:59 - [TEST_STEP][PASSED] - result_M4_spin = M4_spin.parseText(response.getResponseBodyContent()): null

2019-08-24 12:13:59 - [TEST_STEP][PASSED] - M4_spin_current_balance = current_balance: null

2019-08-24 12:13:59 - [TEST_STEP][PASSED] - M4_spin_current_balance = M4_spin_current_balance: null

2019-08-24 12:13:59 - [TEST_STEP][PASSED] - M4_spin_transaction_id = causality: null

2019-08-24 12:13:59 - [TEST_STEP][PASSED] - M4_spin_transaction_id = M4_spin_transaction_id: null

2019-08-24 12:13:59 - [TEST_STEP][PASSED] - M4_spin_round_id = round_id: null

2019-08-24 12:13:59 - [TEST_STEP][PASSED] - M4_spin_round_id = M4_spin_round_id: null

2019-08-24 12:13:59 - [TEST_STEP][PASSED] - M4_spin_line_wins = line_wins: null

2019-08-24 12:13:59 - [TEST_STEP][PASSED] - M4_spin_line_wins = M4_spin_line_wins: null

2019-08-24 12:13:59 - [TEST_STEP][PASSED] - M4_total_bonus_spins_int = total_bonus_spins: null

2019-08-24 12:13:59 - [TEST_STEP][PASSED] - println("******M4_total_bonus_spins type is:*******" + newline + getClass().getName()): null

2019-08-24 12:13:59 - [TEST_STEP][PASSED] - M4_total_bonus_spins_int = M4_total_bonus_spins_int: null

2019-08-24 12:13:59 - [TEST_STEP][PASSED] - M4_total_bonus_spins = Integer.toString(M4_total_bonus_spins_int): null

2019-08-24 12:13:59 - [TEST_STEP][PASSED] - M4_total_bonus_spins = M4_total_bonus_spins: null

2019-08-24 12:13:59 - [TEST_STEP][PASSED] - println("M4_total_bonus_spins is:" + M4_total_bonus_spins): null

2019-08-24 12:13:59 - [TEST_STEP][PASSED] - M4_spin_bonus_data = bonus_data: null

2019-08-24 12:13:59 - [TEST_STEP][PASSED] - M4_spin_features_triggered = result_M4_spin: null

2019-08-24 12:13:59 - [TEST_STEP][PASSED] - wild = []: null

2019-08-24 12:13:59 - [TEST_STEP][PASSED] - wild[0] = "WILD_Expanding": null

2019-08-24 12:13:59 - [TEST_STEP][PASSED] - wild[1] = "WILD_Normal": null

2019-08-24 12:13:59 - [TEST_STEP][PASSED] - wild[2] = "WILD_Double": null

2019-08-24 12:13:59 - [TEST_STEP][PASSED] - wild[3] = "WILD_ExtraFG": null

2019-08-24 12:13:59 - [TEST_STEP][PASSED] - wild[4] = "WILD_Triple": null

2019-08-24 12:13:59 - [TEST_STEP][PASSED] - wildList = Arrays.asList(wild): null

2019-08-24 12:13:59 - [TEST_STEP][PASSED] - wildList = wildList: null

2019-08-24 12:13:59 - [TEST_STEP][PASSED] - free_spin_reel_counter = []: null

2019-08-24 12:13:59 - [TEST_STEP][PASSED] - free_spin_reel_counter[0] = 0: null

2019-08-24 12:13:59 - [TEST_STEP][PASSED] - free_spin_reel_counter[1] = 0: null

2019-08-24 12:13:59 - [TEST_STEP][PASSED] - free_spin_reel_counter[2] = 0: null

2019-08-24 12:13:59 - [TEST_STEP][PASSED] - M4_spin_reels = reels: null

2019-08-24 12:13:59 - [TEST_STEP][PASSED] - for ([i = 0, i &lt; M4_spin_reels.size(), (i++)]): null

2019-08-24 12:13:59 - [TEST_STEP][PASSED] - symbols = symbols: null

2019-08-24 12:13:59 - [TEST_STEP][PASSED] - for ([j = 0, j &lt; symbols.size(), (j++)]): null

2019-08-24 12:13:59 - [TEST_STEP][PASSED] - symbol = symbol: null

2019-08-24 12:13:59 - [TEST_STEP][PASSED] - println(symbol): null

2019-08-24 12:13:59 - [TEST_STEP][PASSED] - if (i == 2 &amp;&amp; wildList.indexOf(symbol) != -1): null

2019-08-24 12:13:59 - [TEST_STEP][PASSED] - if (i == 3 &amp;&amp; wildList.indexOf(symbol) != -1): null

2019-08-24 12:13:59 - [TEST_STEP][PASSED] - if (i == 4 &amp;&amp; wildList.indexOf(symbol) != -1): null

2019-08-24 12:13:59 - [TEST_STEP][PASSED] - symbol = symbol: null

2019-08-24 12:13:59 - [TEST_STEP][PASSED] - println(symbol): null

2019-08-24 12:13:59 - [TEST_STEP][PASSED] - if (i == 2 &amp;&amp; wildList.indexOf(symbol) != -1): null

2019-08-24 12:13:59 - [TEST_STEP][PASSED] - if (i == 3 &amp;&amp; wildList.indexOf(symbol) != -1): null

2019-08-24 12:13:59 - [TEST_STEP][PASSED] - if (i == 4 &amp;&amp; wildList.indexOf(symbol) != -1): null

2019-08-24 12:13:59 - [TEST_STEP][PASSED] - symbol = symbol: null

2019-08-24 12:13:59 - [TEST_STEP][PASSED] - println(symbol): null

2019-08-24 12:13:59 - [TEST_STEP][PASSED] - if (i == 2 &amp;&amp; wildList.indexOf(symbol) != -1): null

2019-08-24 12:13:59 - [TEST_STEP][PASSED] - if (i == 3 &amp;&amp; wildList.indexOf(symbol) != -1): null

2019-08-24 12:13:59 - [TEST_STEP][PASSED] - if (i == 4 &amp;&amp; wildList.indexOf(symbol) != -1): null

2019-08-24 12:13:59 - [TEST_STEP][PASSED] - symbols = symbols: null

2019-08-24 12:13:59 - [TEST_STEP][PASSED] - for ([j = 0, j &lt; symbols.size(), (j++)]): null

2019-08-24 12:13:59 - [TEST_STEP][PASSED] - symbol = symbol: null

2019-08-24 12:13:59 - [TEST_STEP][PASSED] - println(symbol): null

2019-08-24 12:13:59 - [TEST_STEP][PASSED] - if (i == 2 &amp;&amp; wildList.indexOf(symbol) != -1): null

2019-08-24 12:13:59 - [TEST_STEP][PASSED] - if (i == 3 &amp;&amp; wildList.indexOf(symbol) != -1): null

2019-08-24 12:13:59 - [TEST_STEP][PASSED] - if (i == 4 &amp;&amp; wildList.indexOf(symbol) != -1): null

2019-08-24 12:13:59 - [TEST_STEP][PASSED] - symbol = symbol: null

2019-08-24 12:13:59 - [TEST_STEP][PASSED] - println(symbol): null

2019-08-24 12:13:59 - [TEST_STEP][PASSED] - if (i == 2 &amp;&amp; wildList.indexOf(symbol) != -1): null

2019-08-24 12:13:59 - [TEST_STEP][PASSED] - if (i == 3 &amp;&amp; wildList.indexOf(symbol) != -1): null

2019-08-24 12:13:59 - [TEST_STEP][PASSED] - if (i == 4 &amp;&amp; wildList.indexOf(symbol) != -1): null

2019-08-24 12:13:59 - [TEST_STEP][PASSED] - symbol = symbol: null

2019-08-24 12:13:59 - [TEST_STEP][PASSED] - println(symbol): null

2019-08-24 12:13:59 - [TEST_STEP][PASSED] - if (i == 2 &amp;&amp; wildList.indexOf(symbol) != -1): null

2019-08-24 12:13:59 - [TEST_STEP][PASSED] - if (i == 3 &amp;&amp; wildList.indexOf(symbol) != -1): null

2019-08-24 12:13:59 - [TEST_STEP][PASSED] - if (i == 4 &amp;&amp; wildList.indexOf(symbol) != -1): null

2019-08-24 12:13:59 - [TEST_STEP][PASSED] - symbols = symbols: null

2019-08-24 12:13:59 - [TEST_STEP][PASSED] - for ([j = 0, j &lt; symbols.size(), (j++)]): null

2019-08-24 12:13:59 - [TEST_STEP][PASSED] - symbol = symbol: null

2019-08-24 12:13:59 - [TEST_STEP][PASSED] - println(symbol): null

2019-08-24 12:13:59 - [TEST_STEP][PASSED] - if (i == 2 &amp;&amp; wildList.indexOf(symbol) != -1): null

2019-08-24 12:13:59 - [TEST_STEP][PASSED] - if (i == 3 &amp;&amp; wildList.indexOf(symbol) != -1): null

2019-08-24 12:13:59 - [TEST_STEP][PASSED] - if (i == 4 &amp;&amp; wildList.indexOf(symbol) != -1): null

2019-08-24 12:13:59 - [TEST_STEP][PASSED] - symbol = symbol: null

2019-08-24 12:13:59 - [TEST_STEP][PASSED] - println(symbol): null

2019-08-24 12:13:59 - [TEST_STEP][PASSED] - if (i == 2 &amp;&amp; wildList.indexOf(symbol) != -1): null

2019-08-24 12:13:59 - [TEST_STEP][PASSED] - if (i == 3 &amp;&amp; wildList.indexOf(symbol) != -1): null

2019-08-24 12:13:59 - [TEST_STEP][PASSED] - if (i == 4 &amp;&amp; wildList.indexOf(symbol) != -1): null

2019-08-24 12:13:59 - [TEST_STEP][PASSED] - symbol = symbol: null

2019-08-24 12:13:59 - [TEST_STEP][PASSED] - println(symbol): null

2019-08-24 12:13:59 - [TEST_STEP][PASSED] - if (i == 2 &amp;&amp; wildList.indexOf(symbol) != -1): null

2019-08-24 12:13:59 - [TEST_STEP][PASSED] - if (i == 3 &amp;&amp; wildList.indexOf(symbol) != -1): null

2019-08-24 12:13:59 - [TEST_STEP][PASSED] - if (i == 4 &amp;&amp; wildList.indexOf(symbol) != -1): null

2019-08-24 12:13:59 - [TEST_STEP][PASSED] - symbols = symbols: null

2019-08-24 12:13:59 - [TEST_STEP][PASSED] - for ([j = 0, j &lt; symbols.size(), (j++)]): null

2019-08-24 12:13:59 - [TEST_STEP][PASSED] - symbol = symbol: null

2019-08-24 12:13:59 - [TEST_STEP][PASSED] - println(symbol): null

2019-08-24 12:13:59 - [TEST_STEP][PASSED] - if (i == 2 &amp;&amp; wildList.indexOf(symbol) != -1): null

2019-08-24 12:13:59 - [TEST_STEP][PASSED] - if (i == 3 &amp;&amp; wildList.indexOf(symbol) != -1): null

2019-08-24 12:13:59 - [TEST_STEP][PASSED] - if (i == 4 &amp;&amp; wildList.indexOf(symbol) != -1): null

2019-08-24 12:13:59 - [TEST_STEP][PASSED] - symbol = symbol: null

2019-08-24 12:13:59 - [TEST_STEP][PASSED] - println(symbol): null

2019-08-24 12:13:59 - [TEST_STEP][PASSED] - if (i == 2 &amp;&amp; wildList.indexOf(symbol) != -1): null

2019-08-24 12:13:59 - [TEST_STEP][PASSED] - if (i == 3 &amp;&amp; wildList.indexOf(symbol) != -1): null

2019-08-24 12:14:03 - [TEST_STEP][PASSED] - if (i == 4 &amp;&amp; wildList.indexOf(symbol) != -1): null

2019-08-24 12:14:03 - [TEST_STEP][PASSED] - symbol = symbol: null

2019-08-24 12:14:03 - [TEST_STEP][PASSED] - println(symbol): null

2019-08-24 12:14:03 - [TEST_STEP][PASSED] - if (i == 2 &amp;&amp; wildList.indexOf(symbol) != -1): null

2019-08-24 12:14:03 - [TEST_STEP][PASSED] - if (i == 3 &amp;&amp; wildList.indexOf(symbol) != -1): null

2019-08-24 12:14:03 - [TEST_STEP][PASSED] - if (i == 4 &amp;&amp; wildList.indexOf(symbol) != -1): null

2019-08-24 12:14:03 - [TEST_STEP][PASSED] - symbols = symbols: null

2019-08-24 12:14:03 - [TEST_STEP][PASSED] - for ([j = 0, j &lt; symbols.size(), (j++)]): null

2019-08-24 12:14:03 - [TEST_STEP][PASSED] - symbol = symbol: null

2019-08-24 12:14:03 - [TEST_STEP][PASSED] - println(symbol): null

2019-08-24 12:14:03 - [TEST_STEP][PASSED] - if (i == 2 &amp;&amp; wildList.indexOf(symbol) != -1): null

2019-08-24 12:14:06 - [TEST_STEP][PASSED] - if (i == 3 &amp;&amp; wildList.indexOf(symbol) != -1): null

2019-08-24 12:14:06 - [TEST_STEP][PASSED] - if (i == 4 &amp;&amp; wildList.indexOf(symbol) != -1): null

2019-08-24 12:14:06 - [TEST_STEP][PASSED] - symbol = symbol: null

2019-08-24 12:14:06 - [TEST_STEP][PASSED] - println(symbol): null

2019-08-24 12:14:06 - [TEST_STEP][PASSED] - if (i == 2 &amp;&amp; wildList.indexOf(symbol) != -1): null

2019-08-24 12:14:06 - [TEST_STEP][PASSED] - if (i == 3 &amp;&amp; wildList.indexOf(symbol) != -1): null

2019-08-24 12:14:06 - [TEST_STEP][PASSED] - if (i == 4 &amp;&amp; wildList.indexOf(symbol) != -1): null

2019-08-24 12:14:06 - [TEST_STEP][PASSED] - symbol = symbol: null

2019-08-24 12:14:06 - [TEST_STEP][PASSED] - println(symbol): null

2019-08-24 12:14:06 - [TEST_STEP][PASSED] - if (i == 2 &amp;&amp; wildList.indexOf(symbol) != -1): null

2019-08-24 12:14:06 - [TEST_STEP][PASSED] - if (i == 3 &amp;&amp; wildList.indexOf(symbol) != -1): null

2019-08-24 12:14:06 - [TEST_STEP][PASSED] - if (i == 4 &amp;&amp; wildList.indexOf(symbol) != -1): null

2019-08-24 12:14:06 - [TEST_STEP][PASSED] - free_spin_reel_counter = free_spin_reel_counter: null

2019-08-24 12:14:06 - [TEST_STEP][PASSED] - println("reel 3 wild found: " + free_spin_reel_counter[0]): null

2019-08-24 12:14:06 - [TEST_STEP][PASSED] - println("reel 4 wild found: " + free_spin_reel_counter[1]): null

2019-08-24 12:14:06 - [TEST_STEP][PASSED] - println("reel 5 wild found: " + free_spin_reel_counter[2]): null

2019-08-24 12:14:06 - [TEST_STEP][PASSED] - M4_spin_reels = M4_spin_reels: null

2019-08-24 12:14:06 - [TEST_STEP][PASSED] - M4_spin_reels_symbols = symbol: null

2019-08-24 12:14:06 - [TEST_STEP][PASSED] - M4_spin_reels_symbols = M4_spin_reels_symbols: null

2019-08-24 12:14:06 - [TEST_STEP][PASSED] - M4_spin_reel_wins = reel_wins: null

2019-08-24 12:14:06 - [TEST_STEP][PASSED] - M4_spin_reel_wins = M4_spin_reel_wins: null

2019-08-24 12:14:06 - [TEST_STEP][PASSED] - println("GlobalVariable.M4_spin_reel_wins is: " + M4_spin_reel_wins): null

2019-08-24 12:14:06 - [TEST_STEP][PASSED] - M4_spin_total_bonus_win_this_round = total_bonus_win_this_round: null

2019-08-24 12:14:06 - [TEST_STEP][PASSED] - M4_spin_total_bonus_win_this_round = M4_spin_total_bonus_win_this_round: null

2019-08-24 12:14:06 - [TEST_STEP][PASSED] - println("GlobalVariable.M4_spin_total_bonus_win_this_round is: " + M4_spin_total_bonus_win_this_round): null

2019-08-24 12:14:06 - [TEST_STEP][PASSED] - M4_spin_bonus_spin_result = spin_result: null

2019-08-24 12:14:06 - [TEST_STEP][PASSED] - M4_spin_bonus_spin_result = M4_spin_bonus_spin_result: null

2019-08-24 12:14:06 - [MESSAGE][PASSED] - Verify response successfully

2019-08-24 12:14:06 - [MESSAGE][PASSED] - Send request and verify the response successfully

2019-08-24 12:14:06 - [TEST_STEP][PASSED] - if (M4_total_bonus_spins_int != 0 &amp;&amp; M4_spin_reels_symbols[2].contains("WILD_ExtraFG") || M4_spin_reels_symbols[3].contains("WILD_ExtraFG")): null

2019-08-24 12:14:06 - [TEST_STEP][PASSED] - free_spin_reel_counter = free_spin_reel_counter: null

2019-08-24 12:14:06 - [TEST_STEP][PASSED] - M4_spin_reels_symbols = M4_spin_reels_symbols: null

2019-08-24 12:14:06 - [TEST_STEP][PASSED] - M4_total_bonus_spins = M4_total_bonus_spins: null

2019-08-24 12:14:06 - [TEST_STEP][PASSED] - spin_result = sendRequestAndVerify(findTestObject("INT/RGS(M4)/1_M4_spin", ["M4_login_user_id":M4_login_user_id, "rgs_session_token":rgs_session_token, "partner":Partner])): Send request and verify the response successfully

2019-08-24 12:14:06 - [MESSAGE][INFO] - HAR: /Users/eiralee/Katalon_Script/SuperWild/Reports/20190824_120919/INT/superWild_3/20190824_120919/requests/main/81.har

2019-08-24 12:14:06 - [TEST_CASE][PASSED] - Start Test Case : Verification: Verification accomplished successfully

2019-08-24 12:14:07 - [TEST_STEP][PASSED] - request = getInstance().getCurrentRequest(): null

2019-08-24 12:14:07 - [TEST_STEP][PASSED] - response = getInstance().getCurrentResponse(): null

2019-08-24 12:14:07 - [TEST_STEP][PASSED] - verifyResponseStatusCode(response, 200): Verify response status code successfully

2019-08-24 12:14:07 - [MESSAGE][PASSED] - Verify response status code successfully

2019-08-24 12:14:07 - [TEST_STEP][PASSED] - getStatusCode()).isEqualTo(200): null

2019-08-24 12:14:07 - [TEST_STEP][PASSED] - newline = System.getProperty("line.separator"): null

2019-08-24 12:14:07 - [TEST_STEP][PASSED] - M4_spin = new groovy.json.JsonSlurper(): null

2019-08-24 12:14:07 - [TEST_STEP][PASSED] - result_M4_spin = M4_spin.parseText(response.getResponseBodyContent()): null

2019-08-24 12:14:07 - [TEST_STEP][PASSED] - M4_spin_current_balance = current_balance: null

2019-08-24 12:14:07 - [TEST_STEP][PASSED] - M4_spin_current_balance = M4_spin_current_balance: null

2019-08-24 12:14:07 - [TEST_STEP][PASSED] - M4_spin_transaction_id = causality: null

2019-08-24 12:14:07 - [TEST_STEP][PASSED] - M4_spin_transaction_id = M4_spin_transaction_id: null

2019-08-24 12:14:07 - [TEST_STEP][PASSED] - M4_spin_round_id = round_id: null

2019-08-24 12:14:07 - [TEST_STEP][PASSED] - M4_spin_round_id = M4_spin_round_id: null

2019-08-24 12:14:07 - [TEST_STEP][PASSED] - M4_spin_line_wins = line_wins: null

2019-08-24 12:14:07 - [TEST_STEP][PASSED] - M4_spin_line_wins = M4_spin_line_wins: null

2019-08-24 12:14:07 - [TEST_STEP][PASSED] - M4_total_bonus_spins_int = total_bonus_spins: null

2019-08-24 12:14:07 - [TEST_STEP][PASSED] - println("******M4_total_bonus_spins type is:*******" + newline + getClass().getName()): null

2019-08-24 12:14:07 - [TEST_STEP][PASSED] - M4_total_bonus_spins_int = M4_total_bonus_spins_int: null

2019-08-24 12:14:07 - [TEST_STEP][PASSED] - M4_total_bonus_spins = Integer.toString(M4_total_bonus_spins_int): null

2019-08-24 12:14:07 - [TEST_STEP][PASSED] - M4_total_bonus_spins = M4_total_bonus_spins: null

2019-08-24 12:14:07 - [TEST_STEP][PASSED] - println("M4_total_bonus_spins is:" + M4_total_bonus_spins): null

2019-08-24 12:14:07 - [TEST_STEP][PASSED] - M4_spin_bonus_data = bonus_data: null

2019-08-24 12:14:07 - [TEST_STEP][PASSED] - M4_spin_features_triggered = result_M4_spin: null

2019-08-24 12:14:07 - [TEST_STEP][PASSED] - wild = []: null

2019-08-24 12:14:07 - [TEST_STEP][PASSED] - wild[0] = "WILD_Expanding": null

2019-08-24 12:14:07 - [TEST_STEP][PASSED] - wild[1] = "WILD_Normal": null

2019-08-24 12:14:07 - [TEST_STEP][PASSED] - wild[2] = "WILD_Double": null

2019-08-24 12:14:07 - [TEST_STEP][PASSED] - wild[3] = "WILD_ExtraFG": null

2019-08-24 12:14:07 - [TEST_STEP][PASSED] - wild[4] = "WILD_Triple": null

2019-08-24 12:14:07 - [TEST_STEP][PASSED] - wildList = Arrays.asList(wild): null

2019-08-24 12:14:07 - [TEST_STEP][PASSED] - wildList = wildList: null

2019-08-24 12:14:07 - [TEST_STEP][PASSED] - free_spin_reel_counter = []: null

2019-08-24 12:14:07 - [TEST_STEP][PASSED] - free_spin_reel_counter[0] = 0: null

2019-08-24 12:14:07 - [TEST_STEP][PASSED] - free_spin_reel_counter[1] = 0: null

2019-08-24 12:14:07 - [TEST_STEP][PASSED] - free_spin_reel_counter[2] = 0: null

2019-08-24 12:14:07 - [TEST_STEP][PASSED] - M4_spin_reels = reels: null

2019-08-24 12:14:07 - [TEST_STEP][PASSED] - for ([i = 0, i &lt; M4_spin_reels.size(), (i++)]): null

2019-08-24 12:14:07 - [TEST_STEP][PASSED] - symbols = symbols: null

2019-08-24 12:14:07 - [TEST_STEP][PASSED] - for ([j = 0, j &lt; symbols.size(), (j++)]): null

2019-08-24 12:14:07 - [TEST_STEP][PASSED] - symbol = symbol: null

2019-08-24 12:14:07 - [TEST_STEP][PASSED] - println(symbol): null

2019-08-24 12:14:07 - [TEST_STEP][PASSED] - if (i == 2 &amp;&amp; wildList.indexOf(symbol) != -1): null

2019-08-24 12:14:07 - [TEST_STEP][PASSED] - if (i == 3 &amp;&amp; wildList.indexOf(symbol) != -1): null

2019-08-24 12:14:07 - [TEST_STEP][PASSED] - if (i == 4 &amp;&amp; wildList.indexOf(symbol) != -1): null

2019-08-24 12:14:07 - [TEST_STEP][PASSED] - symbol = symbol: null

2019-08-24 12:14:07 - [TEST_STEP][PASSED] - println(symbol): null

2019-08-24 12:14:07 - [TEST_STEP][PASSED] - if (i == 2 &amp;&amp; wildList.indexOf(symbol) != -1): null

2019-08-24 12:14:07 - [TEST_STEP][PASSED] - if (i == 3 &amp;&amp; wildList.indexOf(symbol) != -1): null

2019-08-24 12:14:07 - [TEST_STEP][PASSED] - if (i == 4 &amp;&amp; wildList.indexOf(symbol) != -1): null

2019-08-24 12:14:07 - [TEST_STEP][PASSED] - symbol = symbol: null

2019-08-24 12:14:07 - [TEST_STEP][PASSED] - println(symbol): null

2019-08-24 12:14:07 - [TEST_STEP][PASSED] - if (i == 2 &amp;&amp; wildList.indexOf(symbol) != -1): null

2019-08-24 12:14:07 - [TEST_STEP][PASSED] - if (i == 3 &amp;&amp; wildList.indexOf(symbol) != -1): null

2019-08-24 12:14:07 - [TEST_STEP][PASSED] - if (i == 4 &amp;&amp; wildList.indexOf(symbol) != -1): null

2019-08-24 12:14:07 - [TEST_STEP][PASSED] - symbols = symbols: null

2019-08-24 12:14:07 - [TEST_STEP][PASSED] - for ([j = 0, j &lt; symbols.size(), (j++)]): null

2019-08-24 12:14:07 - [TEST_STEP][PASSED] - symbol = symbol: null

2019-08-24 12:14:07 - [TEST_STEP][PASSED] - println(symbol): null

2019-08-24 12:14:07 - [TEST_STEP][PASSED] - if (i == 2 &amp;&amp; wildList.indexOf(symbol) != -1): null

2019-08-24 12:14:07 - [TEST_STEP][PASSED] - if (i == 3 &amp;&amp; wildList.indexOf(symbol) != -1): null

2019-08-24 12:14:07 - [TEST_STEP][PASSED] - if (i == 4 &amp;&amp; wildList.indexOf(symbol) != -1): null

2019-08-24 12:14:07 - [TEST_STEP][PASSED] - symbol = symbol: null

2019-08-24 12:14:07 - [TEST_STEP][PASSED] - println(symbol): null

2019-08-24 12:14:07 - [TEST_STEP][PASSED] - if (i == 2 &amp;&amp; wildList.indexOf(symbol) != -1): null

2019-08-24 12:14:07 - [TEST_STEP][PASSED] - if (i == 3 &amp;&amp; wildList.indexOf(symbol) != -1): null

2019-08-24 12:14:07 - [TEST_STEP][PASSED] - if (i == 4 &amp;&amp; wildList.indexOf(symbol) != -1): null

2019-08-24 12:14:07 - [TEST_STEP][PASSED] - symbol = symbol: null

2019-08-24 12:14:07 - [TEST_STEP][PASSED] - println(symbol): null

2019-08-24 12:14:07 - [TEST_STEP][PASSED] - if (i == 2 &amp;&amp; wildList.indexOf(symbol) != -1): null

2019-08-24 12:14:07 - [TEST_STEP][PASSED] - if (i == 3 &amp;&amp; wildList.indexOf(symbol) != -1): null

2019-08-24 12:14:07 - [TEST_STEP][PASSED] - if (i == 4 &amp;&amp; wildList.indexOf(symbol) != -1): null

2019-08-24 12:14:07 - [TEST_STEP][PASSED] - symbols = symbols: null

2019-08-24 12:14:07 - [TEST_STEP][PASSED] - for ([j = 0, j &lt; symbols.size(), (j++)]): null

2019-08-24 12:14:07 - [TEST_STEP][PASSED] - symbol = symbol: null

2019-08-24 12:14:07 - [TEST_STEP][PASSED] - println(symbol): null

2019-08-24 12:14:07 - [TEST_STEP][PASSED] - if (i == 2 &amp;&amp; wildList.indexOf(symbol) != -1): null

2019-08-24 12:14:07 - [TEST_STEP][PASSED] - if (i == 3 &amp;&amp; wildList.indexOf(symbol) != -1): null

2019-08-24 12:14:07 - [TEST_STEP][PASSED] - if (i == 4 &amp;&amp; wildList.indexOf(symbol) != -1): null

2019-08-24 12:14:07 - [TEST_STEP][PASSED] - symbol = symbol: null

2019-08-24 12:14:07 - [TEST_STEP][PASSED] - println(symbol): null

2019-08-24 12:14:07 - [TEST_STEP][PASSED] - if (i == 2 &amp;&amp; wildList.indexOf(symbol) != -1): null

2019-08-24 12:14:07 - [TEST_STEP][PASSED] - if (i == 3 &amp;&amp; wildList.indexOf(symbol) != -1): null

2019-08-24 12:14:07 - [TEST_STEP][PASSED] - if (i == 4 &amp;&amp; wildList.indexOf(symbol) != -1): null

2019-08-24 12:14:07 - [TEST_STEP][PASSED] - symbol = symbol: null

2019-08-24 12:14:07 - [TEST_STEP][PASSED] - println(symbol): null

2019-08-24 12:14:07 - [TEST_STEP][PASSED] - if (i == 2 &amp;&amp; wildList.indexOf(symbol) != -1): null

2019-08-24 12:14:07 - [TEST_STEP][PASSED] - if (i == 3 &amp;&amp; wildList.indexOf(symbol) != -1): null

2019-08-24 12:14:07 - [TEST_STEP][PASSED] - if (i == 4 &amp;&amp; wildList.indexOf(symbol) != -1): null

2019-08-24 12:14:07 - [TEST_STEP][PASSED] - symbols = symbols: null

2019-08-24 12:14:07 - [TEST_STEP][PASSED] - for ([j = 0, j &lt; symbols.size(), (j++)]): null

2019-08-24 12:14:07 - [TEST_STEP][PASSED] - symbol = symbol: null

2019-08-24 12:14:07 - [TEST_STEP][PASSED] - println(symbol): null

2019-08-24 12:14:07 - [TEST_STEP][PASSED] - if (i == 2 &amp;&amp; wildList.indexOf(symbol) != -1): null

2019-08-24 12:14:07 - [TEST_STEP][PASSED] - if (i == 3 &amp;&amp; wildList.indexOf(symbol) != -1): null

2019-08-24 12:14:07 - [TEST_STEP][PASSED] - if (i == 4 &amp;&amp; wildList.indexOf(symbol) != -1): null

2019-08-24 12:14:07 - [TEST_STEP][PASSED] - symbol = symbol: null

2019-08-24 12:14:07 - [TEST_STEP][PASSED] - println(symbol): null

2019-08-24 12:14:07 - [TEST_STEP][PASSED] - if (i == 2 &amp;&amp; wildList.indexOf(symbol) != -1): null

2019-08-24 12:14:07 - [TEST_STEP][PASSED] - if (i == 3 &amp;&amp; wildList.indexOf(symbol) != -1): null

2019-08-24 12:14:07 - [TEST_STEP][PASSED] - if (i == 4 &amp;&amp; wildList.indexOf(symbol) != -1): null

2019-08-24 12:14:07 - [TEST_STEP][PASSED] - symbol = symbol: null

2019-08-24 12:14:07 - [TEST_STEP][PASSED] - println(symbol): null

2019-08-24 12:14:07 - [TEST_STEP][PASSED] - if (i == 2 &amp;&amp; wildList.indexOf(symbol) != -1): null

2019-08-24 12:14:07 - [TEST_STEP][PASSED] - if (i == 3 &amp;&amp; wildList.indexOf(symbol) != -1): null

2019-08-24 12:14:07 - [TEST_STEP][PASSED] - if (i == 4 &amp;&amp; wildList.indexOf(symbol) != -1): null

2019-08-24 12:14:07 - [TEST_STEP][PASSED] - symbols = symbols: null

2019-08-24 12:14:07 - [TEST_STEP][PASSED] - for ([j = 0, j &lt; symbols.size(), (j++)]): null

2019-08-24 12:14:07 - [TEST_STEP][PASSED] - symbol = symbol: null

2019-08-24 12:14:07 - [TEST_STEP][PASSED] - println(symbol): null

2019-08-24 12:14:07 - [TEST_STEP][PASSED] - if (i == 2 &amp;&amp; wildList.indexOf(symbol) != -1): null

2019-08-24 12:14:07 - [TEST_STEP][PASSED] - if (i == 3 &amp;&amp; wildList.indexOf(symbol) != -1): null

2019-08-24 12:14:07 - [TEST_STEP][PASSED] - if (i == 4 &amp;&amp; wildList.indexOf(symbol) != -1): null

2019-08-24 12:14:07 - [TEST_STEP][PASSED] - println("wild found on reel 5, adding counter by 1"): null

2019-08-24 12:14:07 - [TEST_STEP][PASSED] - free_spin_reel_counter[2] = free_spin_reel_counter[2] + 1: null

2019-08-24 12:14:07 - [TEST_STEP][PASSED] - symbol = symbol: null

2019-08-24 12:14:07 - [TEST_STEP][PASSED] - println(symbol): null

2019-08-24 12:14:07 - [TEST_STEP][PASSED] - if (i == 2 &amp;&amp; wildList.indexOf(symbol) != -1): null

2019-08-24 12:14:07 - [TEST_STEP][PASSED] - if (i == 3 &amp;&amp; wildList.indexOf(symbol) != -1): null

2019-08-24 12:14:07 - [TEST_STEP][PASSED] - if (i == 4 &amp;&amp; wildList.indexOf(symbol) != -1): null

2019-08-24 12:14:07 - [TEST_STEP][PASSED] - symbol = symbol: null

2019-08-24 12:14:07 - [TEST_STEP][PASSED] - println(symbol): null

2019-08-24 12:14:07 - [TEST_STEP][PASSED] - if (i == 2 &amp;&amp; wildList.indexOf(symbol) != -1): null

2019-08-24 12:14:07 - [TEST_STEP][PASSED] - if (i == 3 &amp;&amp; wildList.indexOf(symbol) != -1): null

2019-08-24 12:14:07 - [TEST_STEP][PASSED] - if (i == 4 &amp;&amp; wildList.indexOf(symbol) != -1): null

2019-08-24 12:14:07 - [TEST_STEP][PASSED] - free_spin_reel_counter = free_spin_reel_counter: null

2019-08-24 12:14:07 - [TEST_STEP][PASSED] - println("reel 3 wild found: " + free_spin_reel_counter[0]): null

2019-08-24 12:14:07 - [TEST_STEP][PASSED] - println("reel 4 wild found: " + free_spin_reel_counter[1]): null

2019-08-24 12:14:07 - [TEST_STEP][PASSED] - println("reel 5 wild found: " + free_spin_reel_counter[2]): null

2019-08-24 12:14:07 - [TEST_STEP][PASSED] - M4_spin_reels = M4_spin_reels: null

2019-08-24 12:14:07 - [TEST_STEP][PASSED] - M4_spin_reels_symbols = symbol: null

2019-08-24 12:14:07 - [TEST_STEP][PASSED] - M4_spin_reels_symbols = M4_spin_reels_symbols: null

2019-08-24 12:14:07 - [TEST_STEP][PASSED] - M4_spin_reel_wins = reel_wins: null

2019-08-24 12:14:07 - [TEST_STEP][PASSED] - M4_spin_reel_wins = M4_spin_reel_wins: null

2019-08-24 12:14:07 - [TEST_STEP][PASSED] - println("GlobalVariable.M4_spin_reel_wins is: " + M4_spin_reel_wins): null

2019-08-24 12:14:07 - [TEST_STEP][PASSED] - M4_spin_total_bonus_win_this_round = total_bonus_win_this_round: null

2019-08-24 12:14:07 - [TEST_STEP][PASSED] - M4_spin_total_bonus_win_this_round = M4_spin_total_bonus_win_this_round: null

2019-08-24 12:14:07 - [TEST_STEP][PASSED] - println("GlobalVariable.M4_spin_total_bonus_win_this_round is: " + M4_spin_total_bonus_win_this_round): null

2019-08-24 12:14:07 - [TEST_STEP][PASSED] - M4_spin_bonus_spin_result = spin_result: null

2019-08-24 12:14:07 - [TEST_STEP][PASSED] - M4_spin_bonus_spin_result = M4_spin_bonus_spin_result: null

2019-08-24 12:14:07 - [MESSAGE][PASSED] - Verify response successfully

2019-08-24 12:14:07 - [MESSAGE][PASSED] - Send request and verify the response successfully

2019-08-24 12:14:07 - [TEST_STEP][PASSED] - if (M4_total_bonus_spins_int != 0 &amp;&amp; M4_spin_reels_symbols[2].contains("WILD_ExtraFG") || M4_spin_reels_symbols[3].contains("WILD_ExtraFG")): null

2019-08-24 12:14:07 - [TEST_STEP][PASSED] - free_spin_reel_counter = free_spin_reel_counter: null

2019-08-24 12:14:07 - [TEST_STEP][PASSED] - M4_spin_reels_symbols = M4_spin_reels_symbols: null

2019-08-24 12:14:07 - [TEST_STEP][PASSED] - M4_total_bonus_spins = M4_total_bonus_spins: null

2019-08-24 12:14:07 - [TEST_STEP][PASSED] - spin_result = sendRequestAndVerify(findTestObject("INT/RGS(M4)/1_M4_spin", ["M4_login_user_id":M4_login_user_id, "rgs_session_token":rgs_session_token, "partner":Partner])): Send request and verify the response successfully

2019-08-24 12:14:07 - [MESSAGE][INFO] - HAR: /Users/eiralee/Katalon_Script/SuperWild/Reports/20190824_120919/INT/superWild_3/20190824_120919/requests/main/82.har

2019-08-24 12:14:07 - [TEST_CASE][PASSED] - Start Test Case : Verification: Verification accomplished successfully

2019-08-24 12:14:07 - [TEST_STEP][PASSED] - request = getInstance().getCurrentRequest(): null

2019-08-24 12:14:08 - [TEST_STEP][PASSED] - response = getInstance().getCurrentResponse(): null

2019-08-24 12:14:08 - [TEST_STEP][PASSED] - verifyResponseStatusCode(response, 200): Verify response status code successfully

2019-08-24 12:14:08 - [MESSAGE][PASSED] - Verify response status code successfully

2019-08-24 12:14:08 - [TEST_STEP][PASSED] - getStatusCode()).isEqualTo(200): null

2019-08-24 12:14:08 - [TEST_STEP][PASSED] - newline = System.getProperty("line.separator"): null

2019-08-24 12:14:08 - [TEST_STEP][PASSED] - M4_spin = new groovy.json.JsonSlurper(): null

2019-08-24 12:14:08 - [TEST_STEP][PASSED] - result_M4_spin = M4_spin.parseText(response.getResponseBodyContent()): null

2019-08-24 12:14:08 - [TEST_STEP][PASSED] - M4_spin_current_balance = current_balance: null

2019-08-24 12:14:08 - [TEST_STEP][PASSED] - M4_spin_current_balance = M4_spin_current_balance: null

2019-08-24 12:14:08 - [TEST_STEP][PASSED] - M4_spin_transaction_id = causality: null

2019-08-24 12:14:08 - [TEST_STEP][PASSED] - M4_spin_transaction_id = M4_spin_transaction_id: null

2019-08-24 12:14:08 - [TEST_STEP][PASSED] - M4_spin_round_id = round_id: null

2019-08-24 12:14:08 - [TEST_STEP][PASSED] - M4_spin_round_id = M4_spin_round_id: null

2019-08-24 12:14:08 - [TEST_STEP][PASSED] - M4_spin_line_wins = line_wins: null

2019-08-24 12:14:08 - [TEST_STEP][PASSED] - M4_spin_line_wins = M4_spin_line_wins: null

2019-08-24 12:14:08 - [TEST_STEP][PASSED] - M4_total_bonus_spins_int = total_bonus_spins: null

2019-08-24 12:14:08 - [TEST_STEP][PASSED] - println("******M4_total_bonus_spins type is:*******" + newline + getClass().getName()): null

2019-08-24 12:14:08 - [TEST_STEP][PASSED] - M4_total_bonus_spins_int = M4_total_bonus_spins_int: null

2019-08-24 12:14:08 - [TEST_STEP][PASSED] - M4_total_bonus_spins = Integer.toString(M4_total_bonus_spins_int): null

2019-08-24 12:14:08 - [TEST_STEP][PASSED] - M4_total_bonus_spins = M4_total_bonus_spins: null

2019-08-24 12:14:08 - [TEST_STEP][PASSED] - println("M4_total_bonus_spins is:" + M4_total_bonus_spins): null

2019-08-24 12:14:08 - [TEST_STEP][PASSED] - M4_spin_bonus_data = bonus_data: null

2019-08-24 12:14:08 - [TEST_STEP][PASSED] - M4_spin_features_triggered = result_M4_spin: null

2019-08-24 12:14:08 - [TEST_STEP][PASSED] - wild = []: null

2019-08-24 12:14:08 - [TEST_STEP][PASSED] - wild[0] = "WILD_Expanding": null

2019-08-24 12:14:08 - [TEST_STEP][PASSED] - wild[1] = "WILD_Normal": null

2019-08-24 12:14:08 - [TEST_STEP][PASSED] - wild[2] = "WILD_Double": null

2019-08-24 12:14:08 - [TEST_STEP][PASSED] - wild[3] = "WILD_ExtraFG": null

2019-08-24 12:14:08 - [TEST_STEP][PASSED] - wild[4] = "WILD_Triple": null

2019-08-24 12:14:08 - [TEST_STEP][PASSED] - wildList = Arrays.asList(wild): null

2019-08-24 12:14:08 - [TEST_STEP][PASSED] - wildList = wildList: null

2019-08-24 12:14:08 - [TEST_STEP][PASSED] - free_spin_reel_counter = []: null

2019-08-24 12:14:08 - [TEST_STEP][PASSED] - free_spin_reel_counter[0] = 0: null

2019-08-24 12:14:08 - [TEST_STEP][PASSED] - free_spin_reel_counter[1] = 0: null

2019-08-24 12:14:08 - [TEST_STEP][PASSED] - free_spin_reel_counter[2] = 0: null

2019-08-24 12:14:08 - [TEST_STEP][PASSED] - M4_spin_reels = reels: null

2019-08-24 12:14:08 - [TEST_STEP][PASSED] - for ([i = 0, i &lt; M4_spin_reels.size(), (i++)]): null

2019-08-24 12:14:08 - [TEST_STEP][PASSED] - symbols = symbols: null

2019-08-24 12:14:08 - [TEST_STEP][PASSED] - for ([j = 0, j &lt; symbols.size(), (j++)]): null

2019-08-24 12:14:08 - [TEST_STEP][PASSED] - symbol = symbol: null

2019-08-24 12:14:08 - [TEST_STEP][PASSED] - println(symbol): null

2019-08-24 12:14:08 - [TEST_STEP][PASSED] - if (i == 2 &amp;&amp; wildList.indexOf(symbol) != -1): null

2019-08-24 12:14:08 - [TEST_STEP][PASSED] - if (i == 3 &amp;&amp; wildList.indexOf(symbol) != -1): null

2019-08-24 12:14:08 - [TEST_STEP][PASSED] - if (i == 4 &amp;&amp; wildList.indexOf(symbol) != -1): null

2019-08-24 12:14:08 - [TEST_STEP][PASSED] - symbol = symbol: null

2019-08-24 12:14:08 - [TEST_STEP][PASSED] - println(symbol): null

2019-08-24 12:14:08 - [TEST_STEP][PASSED] - if (i == 2 &amp;&amp; wildList.indexOf(symbol) != -1): null

2019-08-24 12:14:08 - [TEST_STEP][PASSED] - if (i == 3 &amp;&amp; wildList.indexOf(symbol) != -1): null

2019-08-24 12:14:08 - [TEST_STEP][PASSED] - if (i == 4 &amp;&amp; wildList.indexOf(symbol) != -1): null

2019-08-24 12:14:08 - [TEST_STEP][PASSED] - symbol = symbol: null

2019-08-24 12:14:08 - [TEST_STEP][PASSED] - println(symbol): null

2019-08-24 12:14:08 - [TEST_STEP][PASSED] - if (i == 2 &amp;&amp; wildList.indexOf(symbol) != -1): null

2019-08-24 12:14:08 - [TEST_STEP][PASSED] - if (i == 3 &amp;&amp; wildList.indexOf(symbol) != -1): null

2019-08-24 12:14:08 - [TEST_STEP][PASSED] - if (i == 4 &amp;&amp; wildList.indexOf(symbol) != -1): null

2019-08-24 12:14:08 - [TEST_STEP][PASSED] - symbols = symbols: null

2019-08-24 12:14:08 - [TEST_STEP][PASSED] - for ([j = 0, j &lt; symbols.size(), (j++)]): null

2019-08-24 12:14:08 - [TEST_STEP][PASSED] - symbol = symbol: null

2019-08-24 12:14:08 - [TEST_STEP][PASSED] - println(symbol): null

2019-08-24 12:14:08 - [TEST_STEP][PASSED] - if (i == 2 &amp;&amp; wildList.indexOf(symbol) != -1): null

2019-08-24 12:14:08 - [TEST_STEP][PASSED] - if (i == 3 &amp;&amp; wildList.indexOf(symbol) != -1): null

2019-08-24 12:14:08 - [TEST_STEP][PASSED] - if (i == 4 &amp;&amp; wildList.indexOf(symbol) != -1): null

2019-08-24 12:14:08 - [TEST_STEP][PASSED] - symbol = symbol: null

2019-08-24 12:14:08 - [TEST_STEP][PASSED] - println(symbol): null

2019-08-24 12:14:08 - [TEST_STEP][PASSED] - if (i == 2 &amp;&amp; wildList.indexOf(symbol) != -1): null

2019-08-24 12:14:08 - [TEST_STEP][PASSED] - if (i == 3 &amp;&amp; wildList.indexOf(symbol) != -1): null

2019-08-24 12:14:08 - [TEST_STEP][PASSED] - if (i == 4 &amp;&amp; wildList.indexOf(symbol) != -1): null

2019-08-24 12:14:08 - [TEST_STEP][PASSED] - symbol = symbol: null

2019-08-24 12:14:08 - [TEST_STEP][PASSED] - println(symbol): null

2019-08-24 12:14:08 - [TEST_STEP][PASSED] - if (i == 2 &amp;&amp; wildList.indexOf(symbol) != -1): null

2019-08-24 12:14:08 - [TEST_STEP][PASSED] - if (i == 3 &amp;&amp; wildList.indexOf(symbol) != -1): null

2019-08-24 12:14:08 - [TEST_STEP][PASSED] - if (i == 4 &amp;&amp; wildList.indexOf(symbol) != -1): null

2019-08-24 12:14:08 - [TEST_STEP][PASSED] - symbols = symbols: null

2019-08-24 12:14:08 - [TEST_STEP][PASSED] - for ([j = 0, j &lt; symbols.size(), (j++)]): null

2019-08-24 12:14:08 - [TEST_STEP][PASSED] - symbol = symbol: null

2019-08-24 12:14:08 - [TEST_STEP][PASSED] - println(symbol): null

2019-08-24 12:14:08 - [TEST_STEP][PASSED] - if (i == 2 &amp;&amp; wildList.indexOf(symbol) != -1): null

2019-08-24 12:14:08 - [TEST_STEP][PASSED] - if (i == 3 &amp;&amp; wildList.indexOf(symbol) != -1): null

2019-08-24 12:14:08 - [TEST_STEP][PASSED] - if (i == 4 &amp;&amp; wildList.indexOf(symbol) != -1): null

2019-08-24 12:14:08 - [TEST_STEP][PASSED] - symbol = symbol: null

2019-08-24 12:14:08 - [TEST_STEP][PASSED] - println(symbol): null

2019-08-24 12:14:08 - [TEST_STEP][PASSED] - if (i == 2 &amp;&amp; wildList.indexOf(symbol) != -1): null

2019-08-24 12:14:08 - [TEST_STEP][PASSED] - if (i == 3 &amp;&amp; wildList.indexOf(symbol) != -1): null

2019-08-24 12:14:08 - [TEST_STEP][PASSED] - if (i == 4 &amp;&amp; wildList.indexOf(symbol) != -1): null

2019-08-24 12:14:08 - [TEST_STEP][PASSED] - symbol = symbol: null

2019-08-24 12:14:08 - [TEST_STEP][PASSED] - println(symbol): null

2019-08-24 12:14:08 - [TEST_STEP][PASSED] - if (i == 2 &amp;&amp; wildList.indexOf(symbol) != -1): null

2019-08-24 12:14:08 - [TEST_STEP][PASSED] - println("wild found on reel 3, adding counter by 1"): null

2019-08-24 12:14:08 - [TEST_STEP][PASSED] - free_spin_reel_counter[0] = free_spin_reel_counter[0] + 1: null

2019-08-24 12:14:08 - [TEST_STEP][PASSED] - if (i == 3 &amp;&amp; wildList.indexOf(symbol) != -1): null

2019-08-24 12:14:08 - [TEST_STEP][PASSED] - if (i == 4 &amp;&amp; wildList.indexOf(symbol) != -1): null

2019-08-24 12:14:08 - [TEST_STEP][PASSED] - symbols = symbols: null

2019-08-24 12:14:08 - [TEST_STEP][PASSED] - for ([j = 0, j &lt; symbols.size(), (j++)]): null

2019-08-24 12:14:08 - [TEST_STEP][PASSED] - symbol = symbol: null

2019-08-24 12:14:08 - [TEST_STEP][PASSED] - println(symbol): null

2019-08-24 12:14:08 - [TEST_STEP][PASSED] - if (i == 2 &amp;&amp; wildList.indexOf(symbol) != -1): null

2019-08-24 12:14:08 - [TEST_STEP][PASSED] - if (i == 3 &amp;&amp; wildList.indexOf(symbol) != -1): null

2019-08-24 12:14:08 - [TEST_STEP][PASSED] - if (i == 4 &amp;&amp; wildList.indexOf(symbol) != -1): null

2019-08-24 12:14:08 - [TEST_STEP][PASSED] - symbol = symbol: null

2019-08-24 12:14:08 - [TEST_STEP][PASSED] - println(symbol): null

2019-08-24 12:14:08 - [TEST_STEP][PASSED] - if (i == 2 &amp;&amp; wildList.indexOf(symbol) != -1): null

2019-08-24 12:14:08 - [TEST_STEP][PASSED] - if (i == 3 &amp;&amp; wildList.indexOf(symbol) != -1): null

2019-08-24 12:14:08 - [TEST_STEP][PASSED] - println("wild found on reel 4, adding counter by 1"): null

2019-08-24 12:14:08 - [TEST_STEP][PASSED] - free_spin_reel_counter[1] = free_spin_reel_counter[1] + 1: null

2019-08-24 12:14:08 - [TEST_STEP][PASSED] - if (i == 4 &amp;&amp; wildList.indexOf(symbol) != -1): null

2019-08-24 12:14:08 - [TEST_STEP][PASSED] - symbol = symbol: null

2019-08-24 12:14:08 - [TEST_STEP][PASSED] - println(symbol): null

2019-08-24 12:14:08 - [TEST_STEP][PASSED] - if (i == 2 &amp;&amp; wildList.indexOf(symbol) != -1): null

2019-08-24 12:14:08 - [TEST_STEP][PASSED] - if (i == 3 &amp;&amp; wildList.indexOf(symbol) != -1): null

2019-08-24 12:14:08 - [TEST_STEP][PASSED] - if (i == 4 &amp;&amp; wildList.indexOf(symbol) != -1): null

2019-08-24 12:14:08 - [TEST_STEP][PASSED] - symbols = symbols: null

2019-08-24 12:14:08 - [TEST_STEP][PASSED] - for ([j = 0, j &lt; symbols.size(), (j++)]): null

2019-08-24 12:14:08 - [TEST_STEP][PASSED] - symbol = symbol: null

2019-08-24 12:14:08 - [TEST_STEP][PASSED] - println(symbol): null

2019-08-24 12:14:08 - [TEST_STEP][PASSED] - if (i == 2 &amp;&amp; wildList.indexOf(symbol) != -1): null

2019-08-24 12:14:08 - [TEST_STEP][PASSED] - if (i == 3 &amp;&amp; wildList.indexOf(symbol) != -1): null

2019-08-24 12:14:08 - [TEST_STEP][PASSED] - if (i == 4 &amp;&amp; wildList.indexOf(symbol) != -1): null

2019-08-24 12:14:08 - [TEST_STEP][PASSED] - symbol = symbol: null

2019-08-24 12:14:08 - [TEST_STEP][PASSED] - println(symbol): null

2019-08-24 12:14:08 - [TEST_STEP][PASSED] - if (i == 2 &amp;&amp; wildList.indexOf(symbol) != -1): null

2019-08-24 12:14:08 - [TEST_STEP][PASSED] - if (i == 3 &amp;&amp; wildList.indexOf(symbol) != -1): null

2019-08-24 12:14:08 - [TEST_STEP][PASSED] - if (i == 4 &amp;&amp; wildList.indexOf(symbol) != -1): null

2019-08-24 12:14:08 - [TEST_STEP][PASSED] - symbol = symbol: null

2019-08-24 12:14:08 - [TEST_STEP][PASSED] - println(symbol): null

2019-08-24 12:14:08 - [TEST_STEP][PASSED] - if (i == 2 &amp;&amp; wildList.indexOf(symbol) != -1): null

2019-08-24 12:14:08 - [TEST_STEP][PASSED] - if (i == 3 &amp;&amp; wildList.indexOf(symbol) != -1): null

2019-08-24 12:14:08 - [TEST_STEP][PASSED] - if (i == 4 &amp;&amp; wildList.indexOf(symbol) != -1): null

2019-08-24 12:14:08 - [TEST_STEP][PASSED] - free_spin_reel_counter = free_spin_reel_counter: null

2019-08-24 12:14:08 - [TEST_STEP][PASSED] - println("reel 3 wild found: " + free_spin_reel_counter[0]): null

2019-08-24 12:14:08 - [TEST_STEP][PASSED] - println("reel 4 wild found: " + free_spin_reel_counter[1]): null

2019-08-24 12:14:08 - [TEST_STEP][PASSED] - println("reel 5 wild found: " + free_spin_reel_counter[2]): null

2019-08-24 12:14:08 - [TEST_STEP][PASSED] - M4_spin_reels = M4_spin_reels: null

2019-08-24 12:14:08 - [TEST_STEP][PASSED] - M4_spin_reels_symbols = symbol: null

2019-08-24 12:14:08 - [TEST_STEP][PASSED] - M4_spin_reels_symbols = M4_spin_reels_symbols: null

2019-08-24 12:14:08 - [TEST_STEP][PASSED] - M4_spin_reel_wins = reel_wins: null

2019-08-24 12:14:08 - [TEST_STEP][PASSED] - M4_spin_reel_wins = M4_spin_reel_wins: null

2019-08-24 12:14:08 - [TEST_STEP][PASSED] - println("GlobalVariable.M4_spin_reel_wins is: " + M4_spin_reel_wins): null

2019-08-24 12:14:11 - [TEST_STEP][PASSED] - M4_spin_total_bonus_win_this_round = total_bonus_win_this_round: null

2019-08-24 12:14:11 - [TEST_STEP][PASSED] - M4_spin_total_bonus_win_this_round = M4_spin_total_bonus_win_this_round: null

2019-08-24 12:14:11 - [TEST_STEP][PASSED] - println("GlobalVariable.M4_spin_total_bonus_win_this_round is: " + M4_spin_total_bonus_win_this_round): null

2019-08-24 12:14:11 - [TEST_STEP][PASSED] - M4_spin_bonus_spin_result = spin_result: null

2019-08-24 12:14:11 - [TEST_STEP][PASSED] - M4_spin_bonus_spin_result = M4_spin_bonus_spin_result: null

2019-08-24 12:14:11 - [MESSAGE][PASSED] - Verify response successfully

2019-08-24 12:14:11 - [MESSAGE][PASSED] - Send request and verify the response successfully

2019-08-24 12:14:11 - [TEST_STEP][PASSED] - if (M4_total_bonus_spins_int != 0 &amp;&amp; M4_spin_reels_symbols[2].contains("WILD_ExtraFG") || M4_spin_reels_symbols[3].contains("WILD_ExtraFG")): null

2019-08-24 12:14:11 - [TEST_STEP][PASSED] - free_spin_reel_counter = free_spin_reel_counter: null

2019-08-24 12:14:14 - [TEST_STEP][PASSED] - M4_spin_reels_symbols = M4_spin_reels_symbols: null

2019-08-24 12:14:14 - [TEST_STEP][PASSED] - M4_total_bonus_spins = M4_total_bonus_spins: null

2019-08-24 12:14:14 - [TEST_STEP][PASSED] - spin_result = sendRequestAndVerify(findTestObject("INT/RGS(M4)/1_M4_spin", ["M4_login_user_id":M4_login_user_id, "rgs_session_token":rgs_session_token, "partner":Partner])): Send request and verify the response successfully

2019-08-24 12:14:14 - [MESSAGE][INFO] - HAR: /Users/eiralee/Katalon_Script/SuperWild/Reports/20190824_120919/INT/superWild_3/20190824_120919/requests/main/83.har

2019-08-24 12:14:15 - [TEST_CASE][PASSED] - Start Test Case : Verification: Verification accomplished successfully

2019-08-24 12:14:15 - [TEST_STEP][PASSED] - request = getInstance().getCurrentRequest(): null

2019-08-24 12:14:15 - [TEST_STEP][PASSED] - response = getInstance().getCurrentResponse(): null

2019-08-24 12:14:15 - [TEST_STEP][PASSED] - verifyResponseStatusCode(response, 200): Verify response status code successfully

2019-08-24 12:14:15 - [MESSAGE][PASSED] - Verify response status code successfully

2019-08-24 12:14:15 - [TEST_STEP][PASSED] - getStatusCode()).isEqualTo(200): null

2019-08-24 12:14:15 - [TEST_STEP][PASSED] - newline = System.getProperty("line.separator"): null

2019-08-24 12:14:15 - [TEST_STEP][PASSED] - M4_spin = new groovy.json.JsonSlurper(): null

2019-08-24 12:14:15 - [TEST_STEP][PASSED] - result_M4_spin = M4_spin.parseText(response.getResponseBodyContent()): null

2019-08-24 12:14:15 - [TEST_STEP][PASSED] - M4_spin_current_balance = current_balance: null

2019-08-24 12:14:15 - [TEST_STEP][PASSED] - M4_spin_current_balance = M4_spin_current_balance: null

2019-08-24 12:14:15 - [TEST_STEP][PASSED] - M4_spin_transaction_id = causality: null

2019-08-24 12:14:15 - [TEST_STEP][PASSED] - M4_spin_transaction_id = M4_spin_transaction_id: null

2019-08-24 12:14:15 - [TEST_STEP][PASSED] - M4_spin_round_id = round_id: null

2019-08-24 12:14:15 - [TEST_STEP][PASSED] - M4_spin_round_id = M4_spin_round_id: null

2019-08-24 12:14:15 - [TEST_STEP][PASSED] - M4_spin_line_wins = line_wins: null

2019-08-24 12:14:15 - [TEST_STEP][PASSED] - M4_spin_line_wins = M4_spin_line_wins: null

2019-08-24 12:14:15 - [TEST_STEP][PASSED] - M4_total_bonus_spins_int = total_bonus_spins: null

2019-08-24 12:14:15 - [TEST_STEP][PASSED] - println("******M4_total_bonus_spins type is:*******" + newline + getClass().getName()): null

2019-08-24 12:14:15 - [TEST_STEP][PASSED] - M4_total_bonus_spins_int = M4_total_bonus_spins_int: null

2019-08-24 12:14:15 - [TEST_STEP][PASSED] - M4_total_bonus_spins = Integer.toString(M4_total_bonus_spins_int): null

2019-08-24 12:14:15 - [TEST_STEP][PASSED] - M4_total_bonus_spins = M4_total_bonus_spins: null

2019-08-24 12:14:15 - [TEST_STEP][PASSED] - println("M4_total_bonus_spins is:" + M4_total_bonus_spins): null

2019-08-24 12:14:15 - [TEST_STEP][PASSED] - M4_spin_bonus_data = bonus_data: null

2019-08-24 12:14:15 - [TEST_STEP][PASSED] - M4_spin_features_triggered = result_M4_spin: null

2019-08-24 12:14:15 - [TEST_STEP][PASSED] - wild = []: null

2019-08-24 12:14:15 - [TEST_STEP][PASSED] - wild[0] = "WILD_Expanding": null

2019-08-24 12:14:15 - [TEST_STEP][PASSED] - wild[1] = "WILD_Normal": null

2019-08-24 12:14:15 - [TEST_STEP][PASSED] - wild[2] = "WILD_Double": null

2019-08-24 12:14:15 - [TEST_STEP][PASSED] - wild[3] = "WILD_ExtraFG": null

2019-08-24 12:14:15 - [TEST_STEP][PASSED] - wild[4] = "WILD_Triple": null

2019-08-24 12:14:15 - [TEST_STEP][PASSED] - wildList = Arrays.asList(wild): null

2019-08-24 12:14:15 - [TEST_STEP][PASSED] - wildList = wildList: null

2019-08-24 12:14:15 - [TEST_STEP][PASSED] - free_spin_reel_counter = []: null

2019-08-24 12:14:15 - [TEST_STEP][PASSED] - free_spin_reel_counter[0] = 0: null

2019-08-24 12:14:15 - [TEST_STEP][PASSED] - free_spin_reel_counter[1] = 0: null

2019-08-24 12:14:15 - [TEST_STEP][PASSED] - free_spin_reel_counter[2] = 0: null

2019-08-24 12:14:15 - [TEST_STEP][PASSED] - M4_spin_reels = reels: null

2019-08-24 12:14:15 - [TEST_STEP][PASSED] - for ([i = 0, i &lt; M4_spin_reels.size(), (i++)]): null

2019-08-24 12:14:15 - [TEST_STEP][PASSED] - symbols = symbols: null

2019-08-24 12:14:15 - [TEST_STEP][PASSED] - for ([j = 0, j &lt; symbols.size(), (j++)]): null

2019-08-24 12:14:15 - [TEST_STEP][PASSED] - symbol = symbol: null

2019-08-24 12:14:15 - [TEST_STEP][PASSED] - println(symbol): null

2019-08-24 12:14:15 - [TEST_STEP][PASSED] - if (i == 2 &amp;&amp; wildList.indexOf(symbol) != -1): null

2019-08-24 12:14:15 - [TEST_STEP][PASSED] - if (i == 3 &amp;&amp; wildList.indexOf(symbol) != -1): null

2019-08-24 12:14:15 - [TEST_STEP][PASSED] - if (i == 4 &amp;&amp; wildList.indexOf(symbol) != -1): null

2019-08-24 12:14:15 - [TEST_STEP][PASSED] - symbol = symbol: null

2019-08-24 12:14:15 - [TEST_STEP][PASSED] - println(symbol): null

2019-08-24 12:14:15 - [TEST_STEP][PASSED] - if (i == 2 &amp;&amp; wildList.indexOf(symbol) != -1): null

2019-08-24 12:14:15 - [TEST_STEP][PASSED] - if (i == 3 &amp;&amp; wildList.indexOf(symbol) != -1): null

2019-08-24 12:14:15 - [TEST_STEP][PASSED] - if (i == 4 &amp;&amp; wildList.indexOf(symbol) != -1): null

2019-08-24 12:14:15 - [TEST_STEP][PASSED] - symbol = symbol: null

2019-08-24 12:14:15 - [TEST_STEP][PASSED] - println(symbol): null

2019-08-24 12:14:15 - [TEST_STEP][PASSED] - if (i == 2 &amp;&amp; wildList.indexOf(symbol) != -1): null

2019-08-24 12:14:15 - [TEST_STEP][PASSED] - if (i == 3 &amp;&amp; wildList.indexOf(symbol) != -1): null

2019-08-24 12:14:15 - [TEST_STEP][PASSED] - if (i == 4 &amp;&amp; wildList.indexOf(symbol) != -1): null

2019-08-24 12:14:15 - [TEST_STEP][PASSED] - symbols = symbols: null

2019-08-24 12:14:15 - [TEST_STEP][PASSED] - for ([j = 0, j &lt; symbols.size(), (j++)]): null

2019-08-24 12:14:15 - [TEST_STEP][PASSED] - symbol = symbol: null

2019-08-24 12:14:15 - [TEST_STEP][PASSED] - println(symbol): null

2019-08-24 12:14:15 - [TEST_STEP][PASSED] - if (i == 2 &amp;&amp; wildList.indexOf(symbol) != -1): null

2019-08-24 12:14:15 - [TEST_STEP][PASSED] - if (i == 3 &amp;&amp; wildList.indexOf(symbol) != -1): null

2019-08-24 12:14:15 - [TEST_STEP][PASSED] - if (i == 4 &amp;&amp; wildList.indexOf(symbol) != -1): null

2019-08-24 12:14:15 - [TEST_STEP][PASSED] - symbol = symbol: null

2019-08-24 12:14:15 - [TEST_STEP][PASSED] - println(symbol): null

2019-08-24 12:14:15 - [TEST_STEP][PASSED] - if (i == 2 &amp;&amp; wildList.indexOf(symbol) != -1): null

2019-08-24 12:14:15 - [TEST_STEP][PASSED] - if (i == 3 &amp;&amp; wildList.indexOf(symbol) != -1): null

2019-08-24 12:14:15 - [TEST_STEP][PASSED] - if (i == 4 &amp;&amp; wildList.indexOf(symbol) != -1): null

2019-08-24 12:14:15 - [TEST_STEP][PASSED] - symbol = symbol: null

2019-08-24 12:14:15 - [TEST_STEP][PASSED] - println(symbol): null

2019-08-24 12:14:15 - [TEST_STEP][PASSED] - if (i == 2 &amp;&amp; wildList.indexOf(symbol) != -1): null

2019-08-24 12:14:15 - [TEST_STEP][PASSED] - if (i == 3 &amp;&amp; wildList.indexOf(symbol) != -1): null

2019-08-24 12:14:15 - [TEST_STEP][PASSED] - if (i == 4 &amp;&amp; wildList.indexOf(symbol) != -1): null

2019-08-24 12:14:15 - [TEST_STEP][PASSED] - symbols = symbols: null

2019-08-24 12:14:15 - [TEST_STEP][PASSED] - for ([j = 0, j &lt; symbols.size(), (j++)]): null

2019-08-24 12:14:15 - [TEST_STEP][PASSED] - symbol = symbol: null

2019-08-24 12:14:15 - [TEST_STEP][PASSED] - println(symbol): null

2019-08-24 12:14:15 - [TEST_STEP][PASSED] - if (i == 2 &amp;&amp; wildList.indexOf(symbol) != -1): null

2019-08-24 12:14:15 - [TEST_STEP][PASSED] - if (i == 3 &amp;&amp; wildList.indexOf(symbol) != -1): null

2019-08-24 12:14:15 - [TEST_STEP][PASSED] - if (i == 4 &amp;&amp; wildList.indexOf(symbol) != -1): null

2019-08-24 12:14:15 - [TEST_STEP][PASSED] - symbol = symbol: null

2019-08-24 12:14:15 - [TEST_STEP][PASSED] - println(symbol): null

2019-08-24 12:14:15 - [TEST_STEP][PASSED] - if (i == 2 &amp;&amp; wildList.indexOf(symbol) != -1): null

2019-08-24 12:14:15 - [TEST_STEP][PASSED] - println("wild found on reel 3, adding counter by 1"): null

2019-08-24 12:14:15 - [TEST_STEP][PASSED] - free_spin_reel_counter[0] = free_spin_reel_counter[0] + 1: null

2019-08-24 12:14:15 - [TEST_STEP][PASSED] - if (i == 3 &amp;&amp; wildList.indexOf(symbol) != -1): null

2019-08-24 12:14:15 - [TEST_STEP][PASSED] - if (i == 4 &amp;&amp; wildList.indexOf(symbol) != -1): null

2019-08-24 12:14:15 - [TEST_STEP][PASSED] - symbol = symbol: null

2019-08-24 12:14:15 - [TEST_STEP][PASSED] - println(symbol): null

2019-08-24 12:14:15 - [TEST_STEP][PASSED] - if (i == 2 &amp;&amp; wildList.indexOf(symbol) != -1): null

2019-08-24 12:14:15 - [TEST_STEP][PASSED] - if (i == 3 &amp;&amp; wildList.indexOf(symbol) != -1): null

2019-08-24 12:14:15 - [TEST_STEP][PASSED] - if (i == 4 &amp;&amp; wildList.indexOf(symbol) != -1): null

2019-08-24 12:14:15 - [TEST_STEP][PASSED] - symbols = symbols: null

2019-08-24 12:14:15 - [TEST_STEP][PASSED] - for ([j = 0, j &lt; symbols.size(), (j++)]): null

2019-08-24 12:14:15 - [TEST_STEP][PASSED] - symbol = symbol: null

2019-08-24 12:14:15 - [TEST_STEP][PASSED] - println(symbol): null

2019-08-24 12:14:15 - [TEST_STEP][PASSED] - if (i == 2 &amp;&amp; wildList.indexOf(symbol) != -1): null

2019-08-24 12:14:15 - [TEST_STEP][PASSED] - if (i == 3 &amp;&amp; wildList.indexOf(symbol) != -1): null

2019-08-24 12:14:15 - [TEST_STEP][PASSED] - if (i == 4 &amp;&amp; wildList.indexOf(symbol) != -1): null

2019-08-24 12:14:15 - [TEST_STEP][PASSED] - symbol = symbol: null

2019-08-24 12:14:15 - [TEST_STEP][PASSED] - println(symbol): null

2019-08-24 12:14:15 - [TEST_STEP][PASSED] - if (i == 2 &amp;&amp; wildList.indexOf(symbol) != -1): null

2019-08-24 12:14:15 - [TEST_STEP][PASSED] - if (i == 3 &amp;&amp; wildList.indexOf(symbol) != -1): null

2019-08-24 12:14:15 - [TEST_STEP][PASSED] - if (i == 4 &amp;&amp; wildList.indexOf(symbol) != -1): null

2019-08-24 12:14:15 - [TEST_STEP][PASSED] - symbol = symbol: null

2019-08-24 12:14:15 - [TEST_STEP][PASSED] - println(symbol): null

2019-08-24 12:14:15 - [TEST_STEP][PASSED] - if (i == 2 &amp;&amp; wildList.indexOf(symbol) != -1): null

2019-08-24 12:14:15 - [TEST_STEP][PASSED] - if (i == 3 &amp;&amp; wildList.indexOf(symbol) != -1): null

2019-08-24 12:14:15 - [TEST_STEP][PASSED] - if (i == 4 &amp;&amp; wildList.indexOf(symbol) != -1): null

2019-08-24 12:14:15 - [TEST_STEP][PASSED] - symbols = symbols: null

2019-08-24 12:14:15 - [TEST_STEP][PASSED] - for ([j = 0, j &lt; symbols.size(), (j++)]): null

2019-08-24 12:14:15 - [TEST_STEP][PASSED] - symbol = symbol: null

2019-08-24 12:14:15 - [TEST_STEP][PASSED] - println(symbol): null

2019-08-24 12:14:15 - [TEST_STEP][PASSED] - if (i == 2 &amp;&amp; wildList.indexOf(symbol) != -1): null

2019-08-24 12:14:15 - [TEST_STEP][PASSED] - if (i == 3 &amp;&amp; wildList.indexOf(symbol) != -1): null

2019-08-24 12:14:15 - [TEST_STEP][PASSED] - if (i == 4 &amp;&amp; wildList.indexOf(symbol) != -1): null

2019-08-24 12:14:15 - [TEST_STEP][PASSED] - symbol = symbol: null

2019-08-24 12:14:15 - [TEST_STEP][PASSED] - println(symbol): null

2019-08-24 12:14:15 - [TEST_STEP][PASSED] - if (i == 2 &amp;&amp; wildList.indexOf(symbol) != -1): null

2019-08-24 12:14:15 - [TEST_STEP][PASSED] - if (i == 3 &amp;&amp; wildList.indexOf(symbol) != -1): null

2019-08-24 12:14:15 - [TEST_STEP][PASSED] - if (i == 4 &amp;&amp; wildList.indexOf(symbol) != -1): null

2019-08-24 12:14:15 - [TEST_STEP][PASSED] - symbol = symbol: null

2019-08-24 12:14:15 - [TEST_STEP][PASSED] - println(symbol): null

2019-08-24 12:14:15 - [TEST_STEP][PASSED] - if (i == 2 &amp;&amp; wildList.indexOf(symbol) != -1): null

2019-08-24 12:14:15 - [TEST_STEP][PASSED] - if (i == 3 &amp;&amp; wildList.indexOf(symbol) != -1): null

2019-08-24 12:14:15 - [TEST_STEP][PASSED] - if (i == 4 &amp;&amp; wildList.indexOf(symbol) != -1): null

2019-08-24 12:14:15 - [TEST_STEP][PASSED] - free_spin_reel_counter = free_spin_reel_counter: null

2019-08-24 12:14:15 - [TEST_STEP][PASSED] - println("reel 3 wild found: " + free_spin_reel_counter[0]): null

2019-08-24 12:14:15 - [TEST_STEP][PASSED] - println("reel 4 wild found: " + free_spin_reel_counter[1]): null

2019-08-24 12:14:15 - [TEST_STEP][PASSED] - println("reel 5 wild found: " + free_spin_reel_counter[2]): null

2019-08-24 12:14:15 - [TEST_STEP][PASSED] - M4_spin_reels = M4_spin_reels: null

2019-08-24 12:14:15 - [TEST_STEP][PASSED] - M4_spin_reels_symbols = symbol: null

2019-08-24 12:14:15 - [TEST_STEP][PASSED] - M4_spin_reels_symbols = M4_spin_reels_symbols: null

2019-08-24 12:14:15 - [TEST_STEP][PASSED] - M4_spin_reel_wins = reel_wins: null

2019-08-24 12:14:15 - [TEST_STEP][PASSED] - M4_spin_reel_wins = M4_spin_reel_wins: null

2019-08-24 12:14:15 - [TEST_STEP][PASSED] - println("GlobalVariable.M4_spin_reel_wins is: " + M4_spin_reel_wins): null

2019-08-24 12:14:15 - [TEST_STEP][PASSED] - M4_spin_total_bonus_win_this_round = total_bonus_win_this_round: null

2019-08-24 12:14:15 - [TEST_STEP][PASSED] - M4_spin_total_bonus_win_this_round = M4_spin_total_bonus_win_this_round: null

2019-08-24 12:14:15 - [TEST_STEP][PASSED] - println("GlobalVariable.M4_spin_total_bonus_win_this_round is: " + M4_spin_total_bonus_win_this_round): null

2019-08-24 12:14:15 - [TEST_STEP][PASSED] - M4_spin_bonus_spin_result = spin_result: null

2019-08-24 12:14:15 - [TEST_STEP][PASSED] - M4_spin_bonus_spin_result = M4_spin_bonus_spin_result: null

2019-08-24 12:14:15 - [MESSAGE][PASSED] - Verify response successfully

2019-08-24 12:14:15 - [MESSAGE][PASSED] - Send request and verify the response successfully

2019-08-24 12:14:15 - [TEST_STEP][PASSED] - if (M4_total_bonus_spins_int != 0 &amp;&amp; M4_spin_reels_symbols[2].contains("WILD_ExtraFG") || M4_spin_reels_symbols[3].contains("WILD_ExtraFG")): null

2019-08-24 12:14:15 - [TEST_STEP][PASSED] - free_spin_reel_counter = free_spin_reel_counter: null

2019-08-24 12:14:15 - [TEST_STEP][PASSED] - M4_spin_reels_symbols = M4_spin_reels_symbols: null

2019-08-24 12:14:15 - [TEST_STEP][PASSED] - M4_total_bonus_spins = M4_total_bonus_spins: null

2019-08-24 12:14:15 - [TEST_STEP][PASSED] - spin_result = sendRequestAndVerify(findTestObject("INT/RGS(M4)/1_M4_spin", ["M4_login_user_id":M4_login_user_id, "rgs_session_token":rgs_session_token, "partner":Partner])): Send request and verify the response successfully

2019-08-24 12:14:15 - [MESSAGE][INFO] - HAR: /Users/eiralee/Katalon_Script/SuperWild/Reports/20190824_120919/INT/superWild_3/20190824_120919/requests/main/84.har

2019-08-24 12:14:15 - [TEST_CASE][PASSED] - Start Test Case : Verification: Verification accomplished successfully

2019-08-24 12:14:16 - [TEST_STEP][PASSED] - request = getInstance().getCurrentRequest(): null

2019-08-24 12:14:16 - [TEST_STEP][PASSED] - response = getInstance().getCurrentResponse(): null

2019-08-24 12:14:16 - [TEST_STEP][PASSED] - verifyResponseStatusCode(response, 200): Verify response status code successfully

2019-08-24 12:14:16 - [MESSAGE][PASSED] - Verify response status code successfully

2019-08-24 12:14:16 - [TEST_STEP][PASSED] - getStatusCode()).isEqualTo(200): null

2019-08-24 12:14:16 - [TEST_STEP][PASSED] - newline = System.getProperty("line.separator"): null

2019-08-24 12:14:16 - [TEST_STEP][PASSED] - M4_spin = new groovy.json.JsonSlurper(): null

2019-08-24 12:14:16 - [TEST_STEP][PASSED] - result_M4_spin = M4_spin.parseText(response.getResponseBodyContent()): null

2019-08-24 12:14:16 - [TEST_STEP][PASSED] - M4_spin_current_balance = current_balance: null

2019-08-24 12:14:16 - [TEST_STEP][PASSED] - M4_spin_current_balance = M4_spin_current_balance: null

2019-08-24 12:14:16 - [TEST_STEP][PASSED] - M4_spin_transaction_id = causality: null

2019-08-24 12:14:16 - [TEST_STEP][PASSED] - M4_spin_transaction_id = M4_spin_transaction_id: null

2019-08-24 12:14:16 - [TEST_STEP][PASSED] - M4_spin_round_id = round_id: null

2019-08-24 12:14:16 - [TEST_STEP][PASSED] - M4_spin_round_id = M4_spin_round_id: null

2019-08-24 12:14:16 - [TEST_STEP][PASSED] - M4_spin_line_wins = line_wins: null

2019-08-24 12:14:16 - [TEST_STEP][PASSED] - M4_spin_line_wins = M4_spin_line_wins: null

2019-08-24 12:14:16 - [TEST_STEP][PASSED] - M4_total_bonus_spins_int = total_bonus_spins: null

2019-08-24 12:14:16 - [TEST_STEP][PASSED] - println("******M4_total_bonus_spins type is:*******" + newline + getClass().getName()): null

2019-08-24 12:14:16 - [TEST_STEP][PASSED] - M4_total_bonus_spins_int = M4_total_bonus_spins_int: null

2019-08-24 12:14:16 - [TEST_STEP][PASSED] - M4_total_bonus_spins = Integer.toString(M4_total_bonus_spins_int): null

2019-08-24 12:14:16 - [TEST_STEP][PASSED] - M4_total_bonus_spins = M4_total_bonus_spins: null

2019-08-24 12:14:16 - [TEST_STEP][PASSED] - println("M4_total_bonus_spins is:" + M4_total_bonus_spins): null

2019-08-24 12:14:16 - [TEST_STEP][PASSED] - M4_spin_bonus_data = bonus_data: null

2019-08-24 12:14:16 - [TEST_STEP][PASSED] - M4_spin_features_triggered = result_M4_spin: null

2019-08-24 12:14:16 - [TEST_STEP][PASSED] - wild = []: null

2019-08-24 12:14:16 - [TEST_STEP][PASSED] - wild[0] = "WILD_Expanding": null

2019-08-24 12:14:16 - [TEST_STEP][PASSED] - wild[1] = "WILD_Normal": null

2019-08-24 12:14:16 - [TEST_STEP][PASSED] - wild[2] = "WILD_Double": null

2019-08-24 12:14:16 - [TEST_STEP][PASSED] - wild[3] = "WILD_ExtraFG": null

2019-08-24 12:14:16 - [TEST_STEP][PASSED] - wild[4] = "WILD_Triple": null

2019-08-24 12:14:16 - [TEST_STEP][PASSED] - wildList = Arrays.asList(wild): null

2019-08-24 12:14:16 - [TEST_STEP][PASSED] - wildList = wildList: null

2019-08-24 12:14:16 - [TEST_STEP][PASSED] - free_spin_reel_counter = []: null

2019-08-24 12:14:16 - [TEST_STEP][PASSED] - free_spin_reel_counter[0] = 0: null

2019-08-24 12:14:16 - [TEST_STEP][PASSED] - free_spin_reel_counter[1] = 0: null

2019-08-24 12:14:16 - [TEST_STEP][PASSED] - free_spin_reel_counter[2] = 0: null

2019-08-24 12:14:16 - [TEST_STEP][PASSED] - M4_spin_reels = reels: null

2019-08-24 12:14:16 - [TEST_STEP][PASSED] - for ([i = 0, i &lt; M4_spin_reels.size(), (i++)]): null

2019-08-24 12:14:16 - [TEST_STEP][PASSED] - symbols = symbols: null

2019-08-24 12:14:16 - [TEST_STEP][PASSED] - for ([j = 0, j &lt; symbols.size(), (j++)]): null

2019-08-24 12:14:16 - [TEST_STEP][PASSED] - symbol = symbol: null

2019-08-24 12:14:16 - [TEST_STEP][PASSED] - println(symbol): null

2019-08-24 12:14:16 - [TEST_STEP][PASSED] - if (i == 2 &amp;&amp; wildList.indexOf(symbol) != -1): null

2019-08-24 12:14:16 - [TEST_STEP][PASSED] - if (i == 3 &amp;&amp; wildList.indexOf(symbol) != -1): null

2019-08-24 12:14:16 - [TEST_STEP][PASSED] - if (i == 4 &amp;&amp; wildList.indexOf(symbol) != -1): null

2019-08-24 12:14:16 - [TEST_STEP][PASSED] - symbol = symbol: null

2019-08-24 12:14:16 - [TEST_STEP][PASSED] - println(symbol): null

2019-08-24 12:14:16 - [TEST_STEP][PASSED] - if (i == 2 &amp;&amp; wildList.indexOf(symbol) != -1): null

2019-08-24 12:14:16 - [TEST_STEP][PASSED] - if (i == 3 &amp;&amp; wildList.indexOf(symbol) != -1): null

2019-08-24 12:14:16 - [TEST_STEP][PASSED] - if (i == 4 &amp;&amp; wildList.indexOf(symbol) != -1): null

2019-08-24 12:14:16 - [TEST_STEP][PASSED] - symbol = symbol: null

2019-08-24 12:14:16 - [TEST_STEP][PASSED] - println(symbol): null

2019-08-24 12:14:16 - [TEST_STEP][PASSED] - if (i == 2 &amp;&amp; wildList.indexOf(symbol) != -1): null

2019-08-24 12:14:16 - [TEST_STEP][PASSED] - if (i == 3 &amp;&amp; wildList.indexOf(symbol) != -1): null

2019-08-24 12:14:16 - [TEST_STEP][PASSED] - if (i == 4 &amp;&amp; wildList.indexOf(symbol) != -1): null

2019-08-24 12:14:16 - [TEST_STEP][PASSED] - symbols = symbols: null

2019-08-24 12:14:16 - [TEST_STEP][PASSED] - for ([j = 0, j &lt; symbols.size(), (j++)]): null

2019-08-24 12:14:16 - [TEST_STEP][PASSED] - symbol = symbol: null

2019-08-24 12:14:16 - [TEST_STEP][PASSED] - println(symbol): null

2019-08-24 12:14:16 - [TEST_STEP][PASSED] - if (i == 2 &amp;&amp; wildList.indexOf(symbol) != -1): null

2019-08-24 12:14:16 - [TEST_STEP][PASSED] - if (i == 3 &amp;&amp; wildList.indexOf(symbol) != -1): null

2019-08-24 12:14:16 - [TEST_STEP][PASSED] - if (i == 4 &amp;&amp; wildList.indexOf(symbol) != -1): null

2019-08-24 12:14:16 - [TEST_STEP][PASSED] - symbol = symbol: null

2019-08-24 12:14:16 - [TEST_STEP][PASSED] - println(symbol): null

2019-08-24 12:14:16 - [TEST_STEP][PASSED] - if (i == 2 &amp;&amp; wildList.indexOf(symbol) != -1): null

2019-08-24 12:14:16 - [TEST_STEP][PASSED] - if (i == 3 &amp;&amp; wildList.indexOf(symbol) != -1): null

2019-08-24 12:14:16 - [TEST_STEP][PASSED] - if (i == 4 &amp;&amp; wildList.indexOf(symbol) != -1): null

2019-08-24 12:14:16 - [TEST_STEP][PASSED] - symbol = symbol: null

2019-08-24 12:14:16 - [TEST_STEP][PASSED] - println(symbol): null

2019-08-24 12:14:16 - [TEST_STEP][PASSED] - if (i == 2 &amp;&amp; wildList.indexOf(symbol) != -1): null

2019-08-24 12:14:16 - [TEST_STEP][PASSED] - if (i == 3 &amp;&amp; wildList.indexOf(symbol) != -1): null

2019-08-24 12:14:16 - [TEST_STEP][PASSED] - if (i == 4 &amp;&amp; wildList.indexOf(symbol) != -1): null

2019-08-24 12:14:16 - [TEST_STEP][PASSED] - symbols = symbols: null

2019-08-24 12:14:16 - [TEST_STEP][PASSED] - for ([j = 0, j &lt; symbols.size(), (j++)]): null

2019-08-24 12:14:16 - [TEST_STEP][PASSED] - symbol = symbol: null

2019-08-24 12:14:16 - [TEST_STEP][PASSED] - println(symbol): null

2019-08-24 12:14:16 - [TEST_STEP][PASSED] - if (i == 2 &amp;&amp; wildList.indexOf(symbol) != -1): null

2019-08-24 12:14:16 - [TEST_STEP][PASSED] - if (i == 3 &amp;&amp; wildList.indexOf(symbol) != -1): null

2019-08-24 12:14:16 - [TEST_STEP][PASSED] - if (i == 4 &amp;&amp; wildList.indexOf(symbol) != -1): null

2019-08-24 12:14:16 - [TEST_STEP][PASSED] - symbol = symbol: null

2019-08-24 12:14:16 - [TEST_STEP][PASSED] - println(symbol): null

2019-08-24 12:14:16 - [TEST_STEP][PASSED] - if (i == 2 &amp;&amp; wildList.indexOf(symbol) != -1): null

2019-08-24 12:14:16 - [TEST_STEP][PASSED] - if (i == 3 &amp;&amp; wildList.indexOf(symbol) != -1): null

2019-08-24 12:14:16 - [TEST_STEP][PASSED] - if (i == 4 &amp;&amp; wildList.indexOf(symbol) != -1): null

2019-08-24 12:14:16 - [TEST_STEP][PASSED] - symbol = symbol: null

2019-08-24 12:14:16 - [TEST_STEP][PASSED] - println(symbol): null

2019-08-24 12:14:16 - [TEST_STEP][PASSED] - if (i == 2 &amp;&amp; wildList.indexOf(symbol) != -1): null

2019-08-24 12:14:16 - [TEST_STEP][PASSED] - if (i == 3 &amp;&amp; wildList.indexOf(symbol) != -1): null

2019-08-24 12:14:16 - [TEST_STEP][PASSED] - if (i == 4 &amp;&amp; wildList.indexOf(symbol) != -1): null

2019-08-24 12:14:16 - [TEST_STEP][PASSED] - symbols = symbols: null

2019-08-24 12:14:16 - [TEST_STEP][PASSED] - for ([j = 0, j &lt; symbols.size(), (j++)]): null

2019-08-24 12:14:16 - [TEST_STEP][PASSED] - symbol = symbol: null

2019-08-24 12:14:16 - [TEST_STEP][PASSED] - println(symbol): null

2019-08-24 12:14:16 - [TEST_STEP][PASSED] - if (i == 2 &amp;&amp; wildList.indexOf(symbol) != -1): null

2019-08-24 12:14:16 - [TEST_STEP][PASSED] - if (i == 3 &amp;&amp; wildList.indexOf(symbol) != -1): null

2019-08-24 12:14:16 - [TEST_STEP][PASSED] - if (i == 4 &amp;&amp; wildList.indexOf(symbol) != -1): null

2019-08-24 12:14:16 - [TEST_STEP][PASSED] - symbol = symbol: null

2019-08-24 12:14:16 - [TEST_STEP][PASSED] - println(symbol): null

2019-08-24 12:14:16 - [TEST_STEP][PASSED] - if (i == 2 &amp;&amp; wildList.indexOf(symbol) != -1): null

2019-08-24 12:14:16 - [TEST_STEP][PASSED] - if (i == 3 &amp;&amp; wildList.indexOf(symbol) != -1): null

2019-08-24 12:14:16 - [TEST_STEP][PASSED] - if (i == 4 &amp;&amp; wildList.indexOf(symbol) != -1): null

2019-08-24 12:14:16 - [TEST_STEP][PASSED] - symbol = symbol: null

2019-08-24 12:14:16 - [TEST_STEP][PASSED] - println(symbol): null

2019-08-24 12:14:16 - [TEST_STEP][PASSED] - if (i == 2 &amp;&amp; wildList.indexOf(symbol) != -1): null

2019-08-24 12:14:16 - [TEST_STEP][PASSED] - if (i == 3 &amp;&amp; wildList.indexOf(symbol) != -1): null

2019-08-24 12:14:16 - [TEST_STEP][PASSED] - println("wild found on reel 4, adding counter by 1"): null

2019-08-24 12:14:16 - [TEST_STEP][PASSED] - free_spin_reel_counter[1] = free_spin_reel_counter[1] + 1: null

2019-08-24 12:14:16 - [TEST_STEP][PASSED] - if (i == 4 &amp;&amp; wildList.indexOf(symbol) != -1): null

2019-08-24 12:14:16 - [TEST_STEP][PASSED] - symbols = symbols: null

2019-08-24 12:14:16 - [TEST_STEP][PASSED] - for ([j = 0, j &lt; symbols.size(), (j++)]): null

2019-08-24 12:14:16 - [TEST_STEP][PASSED] - symbol = symbol: null

2019-08-24 12:14:16 - [TEST_STEP][PASSED] - println(symbol): null

2019-08-24 12:14:16 - [TEST_STEP][PASSED] - if (i == 2 &amp;&amp; wildList.indexOf(symbol) != -1): null

2019-08-24 12:14:16 - [TEST_STEP][PASSED] - if (i == 3 &amp;&amp; wildList.indexOf(symbol) != -1): null

2019-08-24 12:14:16 - [TEST_STEP][PASSED] - if (i == 4 &amp;&amp; wildList.indexOf(symbol) != -1): null

2019-08-24 12:14:16 - [TEST_STEP][PASSED] - symbol = symbol: null

2019-08-24 12:14:16 - [TEST_STEP][PASSED] - println(symbol): null

2019-08-24 12:14:16 - [TEST_STEP][PASSED] - if (i == 2 &amp;&amp; wildList.indexOf(symbol) != -1): null

2019-08-24 12:14:16 - [TEST_STEP][PASSED] - if (i == 3 &amp;&amp; wildList.indexOf(symbol) != -1): null

2019-08-24 12:14:16 - [TEST_STEP][PASSED] - if (i == 4 &amp;&amp; wildList.indexOf(symbol) != -1): null

2019-08-24 12:14:16 - [TEST_STEP][PASSED] - symbol = symbol: null

2019-08-24 12:14:16 - [TEST_STEP][PASSED] - println(symbol): null

2019-08-24 12:14:16 - [TEST_STEP][PASSED] - if (i == 2 &amp;&amp; wildList.indexOf(symbol) != -1): null

2019-08-24 12:14:16 - [TEST_STEP][PASSED] - if (i == 3 &amp;&amp; wildList.indexOf(symbol) != -1): null

2019-08-24 12:14:16 - [TEST_STEP][PASSED] - if (i == 4 &amp;&amp; wildList.indexOf(symbol) != -1): null

2019-08-24 12:14:16 - [TEST_STEP][PASSED] - free_spin_reel_counter = free_spin_reel_counter: null

2019-08-24 12:14:16 - [TEST_STEP][PASSED] - println("reel 3 wild found: " + free_spin_reel_counter[0]): null

2019-08-24 12:14:16 - [TEST_STEP][PASSED] - println("reel 4 wild found: " + free_spin_reel_counter[1]): null

2019-08-24 12:14:16 - [TEST_STEP][PASSED] - println("reel 5 wild found: " + free_spin_reel_counter[2]): null

2019-08-24 12:14:16 - [TEST_STEP][PASSED] - M4_spin_reels = M4_spin_reels: null

2019-08-24 12:14:16 - [TEST_STEP][PASSED] - M4_spin_reels_symbols = symbol: null

2019-08-24 12:14:16 - [TEST_STEP][PASSED] - M4_spin_reels_symbols = M4_spin_reels_symbols: null

2019-08-24 12:14:16 - [TEST_STEP][PASSED] - M4_spin_reel_wins = reel_wins: null

2019-08-24 12:14:16 - [TEST_STEP][PASSED] - M4_spin_reel_wins = M4_spin_reel_wins: null

2019-08-24 12:14:16 - [TEST_STEP][PASSED] - println("GlobalVariable.M4_spin_reel_wins is: " + M4_spin_reel_wins): null

2019-08-24 12:14:16 - [TEST_STEP][PASSED] - M4_spin_total_bonus_win_this_round = total_bonus_win_this_round: null

2019-08-24 12:14:16 - [TEST_STEP][PASSED] - M4_spin_total_bonus_win_this_round = M4_spin_total_bonus_win_this_round: null

2019-08-24 12:14:16 - [TEST_STEP][PASSED] - println("GlobalVariable.M4_spin_total_bonus_win_this_round is: " + M4_spin_total_bonus_win_this_round): null

2019-08-24 12:14:16 - [TEST_STEP][PASSED] - M4_spin_bonus_spin_result = spin_result: null

2019-08-24 12:14:16 - [TEST_STEP][PASSED] - M4_spin_bonus_spin_result = M4_spin_bonus_spin_result: null

2019-08-24 12:14:16 - [MESSAGE][PASSED] - Verify response successfully

2019-08-24 12:14:16 - [MESSAGE][PASSED] - Send request and verify the response successfully

2019-08-24 12:14:16 - [TEST_STEP][PASSED] - if (M4_total_bonus_spins_int != 0 &amp;&amp; M4_spin_reels_symbols[2].contains("WILD_ExtraFG") || M4_spin_reels_symbols[3].contains("WILD_ExtraFG")): null

2019-08-24 12:14:16 - [TEST_STEP][PASSED] - free_spin_reel_counter = free_spin_reel_counter: null

2019-08-24 12:14:16 - [TEST_STEP][PASSED] - M4_spin_reels_symbols = M4_spin_reels_symbols: null

2019-08-24 12:14:16 - [TEST_STEP][PASSED] - M4_total_bonus_spins = M4_total_bonus_spins: null

2019-08-24 12:14:16 - [TEST_STEP][PASSED] - spin_result = sendRequestAndVerify(findTestObject("INT/RGS(M4)/1_M4_spin", ["M4_login_user_id":M4_login_user_id, "rgs_session_token":rgs_session_token, "partner":Partner])): Send request and verify the response successfully

2019-08-24 12:14:16 - [MESSAGE][INFO] - HAR: /Users/eiralee/Katalon_Script/SuperWild/Reports/20190824_120919/INT/superWild_3/20190824_120919/requests/main/85.har

2019-08-24 12:14:16 - [TEST_CASE][PASSED] - Start Test Case : Verification: Verification accomplished successfully

2019-08-24 12:14:16 - [TEST_STEP][PASSED] - request = getInstance().getCurrentRequest(): null

2019-08-24 12:14:16 - [TEST_STEP][PASSED] - response = getInstance().getCurrentResponse(): null

2019-08-24 12:14:16 - [TEST_STEP][PASSED] - verifyResponseStatusCode(response, 200): Verify response status code successfully

2019-08-24 12:14:16 - [MESSAGE][PASSED] - Verify response status code successfully

2019-08-24 12:14:16 - [TEST_STEP][PASSED] - getStatusCode()).isEqualTo(200): null

2019-08-24 12:14:16 - [TEST_STEP][PASSED] - newline = System.getProperty("line.separator"): null

2019-08-24 12:14:16 - [TEST_STEP][PASSED] - M4_spin = new groovy.json.JsonSlurper(): null

2019-08-24 12:14:16 - [TEST_STEP][PASSED] - result_M4_spin = M4_spin.parseText(response.getResponseBodyContent()): null

2019-08-24 12:14:16 - [TEST_STEP][PASSED] - M4_spin_current_balance = current_balance: null

2019-08-24 12:14:16 - [TEST_STEP][PASSED] - M4_spin_current_balance = M4_spin_current_balance: null

2019-08-24 12:14:16 - [TEST_STEP][PASSED] - M4_spin_transaction_id = causality: null

2019-08-24 12:14:16 - [TEST_STEP][PASSED] - M4_spin_transaction_id = M4_spin_transaction_id: null

2019-08-24 12:14:16 - [TEST_STEP][PASSED] - M4_spin_round_id = round_id: null

2019-08-24 12:14:16 - [TEST_STEP][PASSED] - M4_spin_round_id = M4_spin_round_id: null

2019-08-24 12:14:16 - [TEST_STEP][PASSED] - M4_spin_line_wins = line_wins: null

2019-08-24 12:14:16 - [TEST_STEP][PASSED] - M4_spin_line_wins = M4_spin_line_wins: null

2019-08-24 12:14:16 - [TEST_STEP][PASSED] - M4_total_bonus_spins_int = total_bonus_spins: null

2019-08-24 12:14:16 - [TEST_STEP][PASSED] - println("******M4_total_bonus_spins type is:*******" + newline + getClass().getName()): null

2019-08-24 12:14:16 - [TEST_STEP][PASSED] - M4_total_bonus_spins_int = M4_total_bonus_spins_int: null

2019-08-24 12:14:16 - [TEST_STEP][PASSED] - M4_total_bonus_spins = Integer.toString(M4_total_bonus_spins_int): null

2019-08-24 12:14:16 - [TEST_STEP][PASSED] - M4_total_bonus_spins = M4_total_bonus_spins: null

2019-08-24 12:14:16 - [TEST_STEP][PASSED] - println("M4_total_bonus_spins is:" + M4_total_bonus_spins): null

2019-08-24 12:14:19 - [TEST_STEP][PASSED] - M4_spin_bonus_data = bonus_data: null

2019-08-24 12:14:19 - [TEST_STEP][PASSED] - M4_spin_features_triggered = result_M4_spin: null

2019-08-24 12:14:19 - [TEST_STEP][PASSED] - wild = []: null

2019-08-24 12:14:19 - [TEST_STEP][PASSED] - wild[0] = "WILD_Expanding": null

2019-08-24 12:14:19 - [TEST_STEP][PASSED] - wild[1] = "WILD_Normal": null

2019-08-24 12:14:19 - [TEST_STEP][PASSED] - wild[2] = "WILD_Double": null

2019-08-24 12:14:19 - [TEST_STEP][PASSED] - wild[3] = "WILD_ExtraFG": null

2019-08-24 12:14:19 - [TEST_STEP][PASSED] - wild[4] = "WILD_Triple": null

2019-08-24 12:14:19 - [TEST_STEP][PASSED] - wildList = Arrays.asList(wild): null

2019-08-24 12:14:19 - [TEST_STEP][PASSED] - wildList = wildList: null

2019-08-24 12:14:22 - [TEST_STEP][PASSED] - free_spin_reel_counter = []: null

2019-08-24 12:14:22 - [TEST_STEP][PASSED] - free_spin_reel_counter[0] = 0: null

2019-08-24 12:14:22 - [TEST_STEP][PASSED] - free_spin_reel_counter[1] = 0: null

2019-08-24 12:14:22 - [TEST_STEP][PASSED] - free_spin_reel_counter[2] = 0: null

2019-08-24 12:14:22 - [TEST_STEP][PASSED] - M4_spin_reels = reels: null

2019-08-24 12:14:22 - [TEST_STEP][PASSED] - for ([i = 0, i &lt; M4_spin_reels.size(), (i++)]): null

2019-08-24 12:14:22 - [TEST_STEP][PASSED] - symbols = symbols: null

2019-08-24 12:14:22 - [TEST_STEP][PASSED] - for ([j = 0, j &lt; symbols.size(), (j++)]): null

2019-08-24 12:14:22 - [TEST_STEP][PASSED] - symbol = symbol: null

2019-08-24 12:14:22 - [TEST_STEP][PASSED] - println(symbol): null

2019-08-24 12:14:22 - [TEST_STEP][PASSED] - if (i == 2 &amp;&amp; wildList.indexOf(symbol) != -1): null

2019-08-24 12:14:22 - [TEST_STEP][PASSED] - if (i == 3 &amp;&amp; wildList.indexOf(symbol) != -1): null

2019-08-24 12:14:22 - [TEST_STEP][PASSED] - if (i == 4 &amp;&amp; wildList.indexOf(symbol) != -1): null

2019-08-24 12:14:22 - [TEST_STEP][PASSED] - symbol = symbol: null

2019-08-24 12:14:22 - [TEST_STEP][PASSED] - println(symbol): null

2019-08-24 12:14:22 - [TEST_STEP][PASSED] - if (i == 2 &amp;&amp; wildList.indexOf(symbol) != -1): null

2019-08-24 12:14:22 - [TEST_STEP][PASSED] - if (i == 3 &amp;&amp; wildList.indexOf(symbol) != -1): null

2019-08-24 12:14:22 - [TEST_STEP][PASSED] - if (i == 4 &amp;&amp; wildList.indexOf(symbol) != -1): null

2019-08-24 12:14:22 - [TEST_STEP][PASSED] - symbol = symbol: null

2019-08-24 12:14:22 - [TEST_STEP][PASSED] - println(symbol): null

2019-08-24 12:14:22 - [TEST_STEP][PASSED] - if (i == 2 &amp;&amp; wildList.indexOf(symbol) != -1): null

2019-08-24 12:14:22 - [TEST_STEP][PASSED] - if (i == 3 &amp;&amp; wildList.indexOf(symbol) != -1): null

2019-08-24 12:14:22 - [TEST_STEP][PASSED] - if (i == 4 &amp;&amp; wildList.indexOf(symbol) != -1): null

2019-08-24 12:14:22 - [TEST_STEP][PASSED] - symbols = symbols: null

2019-08-24 12:14:22 - [TEST_STEP][PASSED] - for ([j = 0, j &lt; symbols.size(), (j++)]): null

2019-08-24 12:14:22 - [TEST_STEP][PASSED] - symbol = symbol: null

2019-08-24 12:14:22 - [TEST_STEP][PASSED] - println(symbol): null

2019-08-24 12:14:22 - [TEST_STEP][PASSED] - if (i == 2 &amp;&amp; wildList.indexOf(symbol) != -1): null

2019-08-24 12:14:22 - [TEST_STEP][PASSED] - if (i == 3 &amp;&amp; wildList.indexOf(symbol) != -1): null

2019-08-24 12:14:22 - [TEST_STEP][PASSED] - if (i == 4 &amp;&amp; wildList.indexOf(symbol) != -1): null

2019-08-24 12:14:22 - [TEST_STEP][PASSED] - symbol = symbol: null

2019-08-24 12:14:22 - [TEST_STEP][PASSED] - println(symbol): null

2019-08-24 12:14:22 - [TEST_STEP][PASSED] - if (i == 2 &amp;&amp; wildList.indexOf(symbol) != -1): null

2019-08-24 12:14:22 - [TEST_STEP][PASSED] - if (i == 3 &amp;&amp; wildList.indexOf(symbol) != -1): null

2019-08-24 12:14:22 - [TEST_STEP][PASSED] - if (i == 4 &amp;&amp; wildList.indexOf(symbol) != -1): null

2019-08-24 12:14:22 - [TEST_STEP][PASSED] - symbol = symbol: null

2019-08-24 12:14:22 - [TEST_STEP][PASSED] - println(symbol): null

2019-08-24 12:14:22 - [TEST_STEP][PASSED] - if (i == 2 &amp;&amp; wildList.indexOf(symbol) != -1): null

2019-08-24 12:14:22 - [TEST_STEP][PASSED] - if (i == 3 &amp;&amp; wildList.indexOf(symbol) != -1): null

2019-08-24 12:14:22 - [TEST_STEP][PASSED] - if (i == 4 &amp;&amp; wildList.indexOf(symbol) != -1): null

2019-08-24 12:14:22 - [TEST_STEP][PASSED] - symbols = symbols: null

2019-08-24 12:14:22 - [TEST_STEP][PASSED] - for ([j = 0, j &lt; symbols.size(), (j++)]): null

2019-08-24 12:14:22 - [TEST_STEP][PASSED] - symbol = symbol: null

2019-08-24 12:14:22 - [TEST_STEP][PASSED] - println(symbol): null

2019-08-24 12:14:22 - [TEST_STEP][PASSED] - if (i == 2 &amp;&amp; wildList.indexOf(symbol) != -1): null

2019-08-24 12:14:22 - [TEST_STEP][PASSED] - if (i == 3 &amp;&amp; wildList.indexOf(symbol) != -1): null

2019-08-24 12:14:22 - [TEST_STEP][PASSED] - if (i == 4 &amp;&amp; wildList.indexOf(symbol) != -1): null

2019-08-24 12:14:22 - [TEST_STEP][PASSED] - symbol = symbol: null

2019-08-24 12:14:22 - [TEST_STEP][PASSED] - println(symbol): null

2019-08-24 12:14:22 - [TEST_STEP][PASSED] - if (i == 2 &amp;&amp; wildList.indexOf(symbol) != -1): null

2019-08-24 12:14:22 - [TEST_STEP][PASSED] - if (i == 3 &amp;&amp; wildList.indexOf(symbol) != -1): null

2019-08-24 12:14:22 - [TEST_STEP][PASSED] - if (i == 4 &amp;&amp; wildList.indexOf(symbol) != -1): null

2019-08-24 12:14:22 - [TEST_STEP][PASSED] - symbol = symbol: null

2019-08-24 12:14:22 - [TEST_STEP][PASSED] - println(symbol): null

2019-08-24 12:14:22 - [TEST_STEP][PASSED] - if (i == 2 &amp;&amp; wildList.indexOf(symbol) != -1): null

2019-08-24 12:14:22 - [TEST_STEP][PASSED] - println("wild found on reel 3, adding counter by 1"): null

2019-08-24 12:14:22 - [TEST_STEP][PASSED] - free_spin_reel_counter[0] = free_spin_reel_counter[0] + 1: null

2019-08-24 12:14:22 - [TEST_STEP][PASSED] - if (i == 3 &amp;&amp; wildList.indexOf(symbol) != -1): null

2019-08-24 12:14:22 - [TEST_STEP][PASSED] - if (i == 4 &amp;&amp; wildList.indexOf(symbol) != -1): null

2019-08-24 12:14:22 - [TEST_STEP][PASSED] - symbols = symbols: null

2019-08-24 12:14:22 - [TEST_STEP][PASSED] - for ([j = 0, j &lt; symbols.size(), (j++)]): null

2019-08-24 12:14:22 - [TEST_STEP][PASSED] - symbol = symbol: null

2019-08-24 12:14:22 - [TEST_STEP][PASSED] - println(symbol): null

2019-08-24 12:14:22 - [TEST_STEP][PASSED] - if (i == 2 &amp;&amp; wildList.indexOf(symbol) != -1): null

2019-08-24 12:14:22 - [TEST_STEP][PASSED] - if (i == 3 &amp;&amp; wildList.indexOf(symbol) != -1): null

2019-08-24 12:14:22 - [TEST_STEP][PASSED] - if (i == 4 &amp;&amp; wildList.indexOf(symbol) != -1): null

2019-08-24 12:14:22 - [TEST_STEP][PASSED] - symbol = symbol: null

2019-08-24 12:14:22 - [TEST_STEP][PASSED] - println(symbol): null

2019-08-24 12:14:22 - [TEST_STEP][PASSED] - if (i == 2 &amp;&amp; wildList.indexOf(symbol) != -1): null

2019-08-24 12:14:22 - [TEST_STEP][PASSED] - if (i == 3 &amp;&amp; wildList.indexOf(symbol) != -1): null

2019-08-24 12:14:22 - [TEST_STEP][PASSED] - if (i == 4 &amp;&amp; wildList.indexOf(symbol) != -1): null

2019-08-24 12:14:22 - [TEST_STEP][PASSED] - symbol = symbol: null

2019-08-24 12:14:22 - [TEST_STEP][PASSED] - println(symbol): null

2019-08-24 12:14:22 - [TEST_STEP][PASSED] - if (i == 2 &amp;&amp; wildList.indexOf(symbol) != -1): null

2019-08-24 12:14:22 - [TEST_STEP][PASSED] - if (i == 3 &amp;&amp; wildList.indexOf(symbol) != -1): null

2019-08-24 12:14:22 - [TEST_STEP][PASSED] - if (i == 4 &amp;&amp; wildList.indexOf(symbol) != -1): null

2019-08-24 12:14:22 - [TEST_STEP][PASSED] - symbols = symbols: null

2019-08-24 12:14:22 - [TEST_STEP][PASSED] - for ([j = 0, j &lt; symbols.size(), (j++)]): null

2019-08-24 12:14:22 - [TEST_STEP][PASSED] - symbol = symbol: null

2019-08-24 12:14:22 - [TEST_STEP][PASSED] - println(symbol): null

2019-08-24 12:14:22 - [TEST_STEP][PASSED] - if (i == 2 &amp;&amp; wildList.indexOf(symbol) != -1): null

2019-08-24 12:14:22 - [TEST_STEP][PASSED] - if (i == 3 &amp;&amp; wildList.indexOf(symbol) != -1): null

2019-08-24 12:14:22 - [TEST_STEP][PASSED] - if (i == 4 &amp;&amp; wildList.indexOf(symbol) != -1): null

2019-08-24 12:14:22 - [TEST_STEP][PASSED] - symbol = symbol: null

2019-08-24 12:14:22 - [TEST_STEP][PASSED] - println(symbol): null

2019-08-24 12:14:22 - [TEST_STEP][PASSED] - if (i == 2 &amp;&amp; wildList.indexOf(symbol) != -1): null

2019-08-24 12:14:22 - [TEST_STEP][PASSED] - if (i == 3 &amp;&amp; wildList.indexOf(symbol) != -1): null

2019-08-24 12:14:22 - [TEST_STEP][PASSED] - if (i == 4 &amp;&amp; wildList.indexOf(symbol) != -1): null

2019-08-24 12:14:22 - [TEST_STEP][PASSED] - symbol = symbol: null

2019-08-24 12:14:22 - [TEST_STEP][PASSED] - println(symbol): null

2019-08-24 12:14:22 - [TEST_STEP][PASSED] - if (i == 2 &amp;&amp; wildList.indexOf(symbol) != -1): null

2019-08-24 12:14:22 - [TEST_STEP][PASSED] - if (i == 3 &amp;&amp; wildList.indexOf(symbol) != -1): null

2019-08-24 12:14:22 - [TEST_STEP][PASSED] - if (i == 4 &amp;&amp; wildList.indexOf(symbol) != -1): null

2019-08-24 12:14:22 - [TEST_STEP][PASSED] - free_spin_reel_counter = free_spin_reel_counter: null

2019-08-24 12:14:22 - [TEST_STEP][PASSED] - println("reel 3 wild found: " + free_spin_reel_counter[0]): null

2019-08-24 12:14:22 - [TEST_STEP][PASSED] - println("reel 4 wild found: " + free_spin_reel_counter[1]): null

2019-08-24 12:14:22 - [TEST_STEP][PASSED] - println("reel 5 wild found: " + free_spin_reel_counter[2]): null

2019-08-24 12:14:22 - [TEST_STEP][PASSED] - M4_spin_reels = M4_spin_reels: null

2019-08-24 12:14:22 - [TEST_STEP][PASSED] - M4_spin_reels_symbols = symbol: null

2019-08-24 12:14:22 - [TEST_STEP][PASSED] - M4_spin_reels_symbols = M4_spin_reels_symbols: null

2019-08-24 12:14:22 - [TEST_STEP][PASSED] - M4_spin_reel_wins = reel_wins: null

2019-08-24 12:14:22 - [TEST_STEP][PASSED] - M4_spin_reel_wins = M4_spin_reel_wins: null

2019-08-24 12:14:22 - [TEST_STEP][PASSED] - println("GlobalVariable.M4_spin_reel_wins is: " + M4_spin_reel_wins): null

2019-08-24 12:14:22 - [TEST_STEP][PASSED] - M4_spin_total_bonus_win_this_round = total_bonus_win_this_round: null

2019-08-24 12:14:22 - [TEST_STEP][PASSED] - M4_spin_total_bonus_win_this_round = M4_spin_total_bonus_win_this_round: null

2019-08-24 12:14:22 - [TEST_STEP][PASSED] - println("GlobalVariable.M4_spin_total_bonus_win_this_round is: " + M4_spin_total_bonus_win_this_round): null

2019-08-24 12:14:22 - [TEST_STEP][PASSED] - M4_spin_bonus_spin_result = spin_result: null

2019-08-24 12:14:22 - [TEST_STEP][PASSED] - M4_spin_bonus_spin_result = M4_spin_bonus_spin_result: null

2019-08-24 12:14:22 - [MESSAGE][PASSED] - Verify response successfully

2019-08-24 12:14:22 - [MESSAGE][PASSED] - Send request and verify the response successfully

2019-08-24 12:14:22 - [TEST_STEP][PASSED] - if (M4_total_bonus_spins_int != 0 &amp;&amp; M4_spin_reels_symbols[2].contains("WILD_ExtraFG") || M4_spin_reels_symbols[3].contains("WILD_ExtraFG")): null

2019-08-24 12:14:22 - [TEST_STEP][PASSED] - free_spin_reel_counter = free_spin_reel_counter: null

2019-08-24 12:14:22 - [TEST_STEP][PASSED] - M4_spin_reels_symbols = M4_spin_reels_symbols: null

2019-08-24 12:14:22 - [TEST_STEP][PASSED] - M4_total_bonus_spins = M4_total_bonus_spins: null

2019-08-24 12:14:22 - [TEST_STEP][PASSED] - spin_result = sendRequestAndVerify(findTestObject("INT/RGS(M4)/1_M4_spin", ["M4_login_user_id":M4_login_user_id, "rgs_session_token":rgs_session_token, "partner":Partner])): Send request and verify the response successfully

2019-08-24 12:14:22 - [MESSAGE][INFO] - HAR: /Users/eiralee/Katalon_Script/SuperWild/Reports/20190824_120919/INT/superWild_3/20190824_120919/requests/main/86.har

2019-08-24 12:14:22 - [TEST_CASE][PASSED] - Start Test Case : Verification: Verification accomplished successfully

2019-08-24 12:14:23 - [TEST_STEP][PASSED] - request = getInstance().getCurrentRequest(): null

2019-08-24 12:14:23 - [TEST_STEP][PASSED] - response = getInstance().getCurrentResponse(): null

2019-08-24 12:14:23 - [TEST_STEP][PASSED] - verifyResponseStatusCode(response, 200): Verify response status code successfully

2019-08-24 12:14:23 - [MESSAGE][PASSED] - Verify response status code successfully

2019-08-24 12:14:23 - [TEST_STEP][PASSED] - getStatusCode()).isEqualTo(200): null

2019-08-24 12:14:23 - [TEST_STEP][PASSED] - newline = System.getProperty("line.separator"): null

2019-08-24 12:14:23 - [TEST_STEP][PASSED] - M4_spin = new groovy.json.JsonSlurper(): null

2019-08-24 12:14:23 - [TEST_STEP][PASSED] - result_M4_spin = M4_spin.parseText(response.getResponseBodyContent()): null

2019-08-24 12:14:23 - [TEST_STEP][PASSED] - M4_spin_current_balance = current_balance: null

2019-08-24 12:14:23 - [TEST_STEP][PASSED] - M4_spin_current_balance = M4_spin_current_balance: null

2019-08-24 12:14:23 - [TEST_STEP][PASSED] - M4_spin_transaction_id = causality: null

2019-08-24 12:14:23 - [TEST_STEP][PASSED] - M4_spin_transaction_id = M4_spin_transaction_id: null

2019-08-24 12:14:23 - [TEST_STEP][PASSED] - M4_spin_round_id = round_id: null

2019-08-24 12:14:23 - [TEST_STEP][PASSED] - M4_spin_round_id = M4_spin_round_id: null

2019-08-24 12:14:23 - [TEST_STEP][PASSED] - M4_spin_line_wins = line_wins: null

2019-08-24 12:14:23 - [TEST_STEP][PASSED] - M4_spin_line_wins = M4_spin_line_wins: null

2019-08-24 12:14:23 - [TEST_STEP][PASSED] - M4_total_bonus_spins_int = total_bonus_spins: null

2019-08-24 12:14:23 - [TEST_STEP][PASSED] - println("******M4_total_bonus_spins type is:*******" + newline + getClass().getName()): null

2019-08-24 12:14:23 - [TEST_STEP][PASSED] - M4_total_bonus_spins_int = M4_total_bonus_spins_int: null

2019-08-24 12:14:23 - [TEST_STEP][PASSED] - M4_total_bonus_spins = Integer.toString(M4_total_bonus_spins_int): null

2019-08-24 12:14:23 - [TEST_STEP][PASSED] - M4_total_bonus_spins = M4_total_bonus_spins: null

2019-08-24 12:14:23 - [TEST_STEP][PASSED] - println("M4_total_bonus_spins is:" + M4_total_bonus_spins): null

2019-08-24 12:14:23 - [TEST_STEP][PASSED] - M4_spin_bonus_data = bonus_data: null

2019-08-24 12:14:23 - [TEST_STEP][PASSED] - M4_spin_features_triggered = result_M4_spin: null

2019-08-24 12:14:23 - [TEST_STEP][PASSED] - wild = []: null

2019-08-24 12:14:23 - [TEST_STEP][PASSED] - wild[0] = "WILD_Expanding": null

2019-08-24 12:14:23 - [TEST_STEP][PASSED] - wild[1] = "WILD_Normal": null

2019-08-24 12:14:23 - [TEST_STEP][PASSED] - wild[2] = "WILD_Double": null

2019-08-24 12:14:23 - [TEST_STEP][PASSED] - wild[3] = "WILD_ExtraFG": null

2019-08-24 12:14:23 - [TEST_STEP][PASSED] - wild[4] = "WILD_Triple": null

2019-08-24 12:14:23 - [TEST_STEP][PASSED] - wildList = Arrays.asList(wild): null

2019-08-24 12:14:23 - [TEST_STEP][PASSED] - wildList = wildList: null

2019-08-24 12:14:23 - [TEST_STEP][PASSED] - free_spin_reel_counter = []: null

2019-08-24 12:14:23 - [TEST_STEP][PASSED] - free_spin_reel_counter[0] = 0: null

2019-08-24 12:14:23 - [TEST_STEP][PASSED] - free_spin_reel_counter[1] = 0: null

2019-08-24 12:14:23 - [TEST_STEP][PASSED] - free_spin_reel_counter[2] = 0: null

2019-08-24 12:14:23 - [TEST_STEP][PASSED] - M4_spin_reels = reels: null

2019-08-24 12:14:23 - [TEST_STEP][PASSED] - for ([i = 0, i &lt; M4_spin_reels.size(), (i++)]): null

2019-08-24 12:14:23 - [TEST_STEP][PASSED] - symbols = symbols: null

2019-08-24 12:14:23 - [TEST_STEP][PASSED] - for ([j = 0, j &lt; symbols.size(), (j++)]): null

2019-08-24 12:14:23 - [TEST_STEP][PASSED] - symbol = symbol: null

2019-08-24 12:14:23 - [TEST_STEP][PASSED] - println(symbol): null

2019-08-24 12:14:23 - [TEST_STEP][PASSED] - if (i == 2 &amp;&amp; wildList.indexOf(symbol) != -1): null

2019-08-24 12:14:23 - [TEST_STEP][PASSED] - if (i == 3 &amp;&amp; wildList.indexOf(symbol) != -1): null

2019-08-24 12:14:23 - [TEST_STEP][PASSED] - if (i == 4 &amp;&amp; wildList.indexOf(symbol) != -1): null

2019-08-24 12:14:23 - [TEST_STEP][PASSED] - symbol = symbol: null

2019-08-24 12:14:23 - [TEST_STEP][PASSED] - println(symbol): null

2019-08-24 12:14:23 - [TEST_STEP][PASSED] - if (i == 2 &amp;&amp; wildList.indexOf(symbol) != -1): null

2019-08-24 12:14:23 - [TEST_STEP][PASSED] - if (i == 3 &amp;&amp; wildList.indexOf(symbol) != -1): null

2019-08-24 12:14:23 - [TEST_STEP][PASSED] - if (i == 4 &amp;&amp; wildList.indexOf(symbol) != -1): null

2019-08-24 12:14:23 - [TEST_STEP][PASSED] - symbol = symbol: null

2019-08-24 12:14:23 - [TEST_STEP][PASSED] - println(symbol): null

2019-08-24 12:14:23 - [TEST_STEP][PASSED] - if (i == 2 &amp;&amp; wildList.indexOf(symbol) != -1): null

2019-08-24 12:14:23 - [TEST_STEP][PASSED] - if (i == 3 &amp;&amp; wildList.indexOf(symbol) != -1): null

2019-08-24 12:14:23 - [TEST_STEP][PASSED] - if (i == 4 &amp;&amp; wildList.indexOf(symbol) != -1): null

2019-08-24 12:14:23 - [TEST_STEP][PASSED] - symbols = symbols: null

2019-08-24 12:14:23 - [TEST_STEP][PASSED] - for ([j = 0, j &lt; symbols.size(), (j++)]): null

2019-08-24 12:14:23 - [TEST_STEP][PASSED] - symbol = symbol: null

2019-08-24 12:14:23 - [TEST_STEP][PASSED] - println(symbol): null

2019-08-24 12:14:23 - [TEST_STEP][PASSED] - if (i == 2 &amp;&amp; wildList.indexOf(symbol) != -1): null

2019-08-24 12:14:23 - [TEST_STEP][PASSED] - if (i == 3 &amp;&amp; wildList.indexOf(symbol) != -1): null

2019-08-24 12:14:23 - [TEST_STEP][PASSED] - if (i == 4 &amp;&amp; wildList.indexOf(symbol) != -1): null

2019-08-24 12:14:23 - [TEST_STEP][PASSED] - symbol = symbol: null

2019-08-24 12:14:23 - [TEST_STEP][PASSED] - println(symbol): null

2019-08-24 12:14:23 - [TEST_STEP][PASSED] - if (i == 2 &amp;&amp; wildList.indexOf(symbol) != -1): null

2019-08-24 12:14:23 - [TEST_STEP][PASSED] - if (i == 3 &amp;&amp; wildList.indexOf(symbol) != -1): null

2019-08-24 12:14:23 - [TEST_STEP][PASSED] - if (i == 4 &amp;&amp; wildList.indexOf(symbol) != -1): null

2019-08-24 12:14:23 - [TEST_STEP][PASSED] - symbol = symbol: null

2019-08-24 12:14:23 - [TEST_STEP][PASSED] - println(symbol): null

2019-08-24 12:14:23 - [TEST_STEP][PASSED] - if (i == 2 &amp;&amp; wildList.indexOf(symbol) != -1): null

2019-08-24 12:14:23 - [TEST_STEP][PASSED] - if (i == 3 &amp;&amp; wildList.indexOf(symbol) != -1): null

2019-08-24 12:14:23 - [TEST_STEP][PASSED] - if (i == 4 &amp;&amp; wildList.indexOf(symbol) != -1): null

2019-08-24 12:14:23 - [TEST_STEP][PASSED] - symbols = symbols: null

2019-08-24 12:14:23 - [TEST_STEP][PASSED] - for ([j = 0, j &lt; symbols.size(), (j++)]): null

2019-08-24 12:14:23 - [TEST_STEP][PASSED] - symbol = symbol: null

2019-08-24 12:14:23 - [TEST_STEP][PASSED] - println(symbol): null

2019-08-24 12:14:23 - [TEST_STEP][PASSED] - if (i == 2 &amp;&amp; wildList.indexOf(symbol) != -1): null

2019-08-24 12:14:23 - [TEST_STEP][PASSED] - if (i == 3 &amp;&amp; wildList.indexOf(symbol) != -1): null

2019-08-24 12:14:23 - [TEST_STEP][PASSED] - if (i == 4 &amp;&amp; wildList.indexOf(symbol) != -1): null

2019-08-24 12:14:23 - [TEST_STEP][PASSED] - symbol = symbol: null

2019-08-24 12:14:23 - [TEST_STEP][PASSED] - println(symbol): null

2019-08-24 12:14:23 - [TEST_STEP][PASSED] - if (i == 2 &amp;&amp; wildList.indexOf(symbol) != -1): null

2019-08-24 12:14:23 - [TEST_STEP][PASSED] - if (i == 3 &amp;&amp; wildList.indexOf(symbol) != -1): null

2019-08-24 12:14:23 - [TEST_STEP][PASSED] - if (i == 4 &amp;&amp; wildList.indexOf(symbol) != -1): null

2019-08-24 12:14:23 - [TEST_STEP][PASSED] - symbol = symbol: null

2019-08-24 12:14:23 - [TEST_STEP][PASSED] - println(symbol): null

2019-08-24 12:14:23 - [TEST_STEP][PASSED] - if (i == 2 &amp;&amp; wildList.indexOf(symbol) != -1): null

2019-08-24 12:14:23 - [TEST_STEP][PASSED] - if (i == 3 &amp;&amp; wildList.indexOf(symbol) != -1): null

2019-08-24 12:14:23 - [TEST_STEP][PASSED] - if (i == 4 &amp;&amp; wildList.indexOf(symbol) != -1): null

2019-08-24 12:14:23 - [TEST_STEP][PASSED] - symbols = symbols: null

2019-08-24 12:14:23 - [TEST_STEP][PASSED] - for ([j = 0, j &lt; symbols.size(), (j++)]): null

2019-08-24 12:14:23 - [TEST_STEP][PASSED] - symbol = symbol: null

2019-08-24 12:14:23 - [TEST_STEP][PASSED] - println(symbol): null

2019-08-24 12:14:23 - [TEST_STEP][PASSED] - if (i == 2 &amp;&amp; wildList.indexOf(symbol) != -1): null

2019-08-24 12:14:23 - [TEST_STEP][PASSED] - if (i == 3 &amp;&amp; wildList.indexOf(symbol) != -1): null

2019-08-24 12:14:23 - [TEST_STEP][PASSED] - if (i == 4 &amp;&amp; wildList.indexOf(symbol) != -1): null

2019-08-24 12:14:23 - [TEST_STEP][PASSED] - symbol = symbol: null

2019-08-24 12:14:23 - [TEST_STEP][PASSED] - println(symbol): null

2019-08-24 12:14:23 - [TEST_STEP][PASSED] - if (i == 2 &amp;&amp; wildList.indexOf(symbol) != -1): null

2019-08-24 12:14:23 - [TEST_STEP][PASSED] - if (i == 3 &amp;&amp; wildList.indexOf(symbol) != -1): null

2019-08-24 12:14:23 - [TEST_STEP][PASSED] - if (i == 4 &amp;&amp; wildList.indexOf(symbol) != -1): null

2019-08-24 12:14:23 - [TEST_STEP][PASSED] - symbol = symbol: null

2019-08-24 12:14:23 - [TEST_STEP][PASSED] - println(symbol): null

2019-08-24 12:14:23 - [TEST_STEP][PASSED] - if (i == 2 &amp;&amp; wildList.indexOf(symbol) != -1): null

2019-08-24 12:14:23 - [TEST_STEP][PASSED] - if (i == 3 &amp;&amp; wildList.indexOf(symbol) != -1): null

2019-08-24 12:14:23 - [TEST_STEP][PASSED] - if (i == 4 &amp;&amp; wildList.indexOf(symbol) != -1): null

2019-08-24 12:14:23 - [TEST_STEP][PASSED] - symbols = symbols: null

2019-08-24 12:14:23 - [TEST_STEP][PASSED] - for ([j = 0, j &lt; symbols.size(), (j++)]): null

2019-08-24 12:14:23 - [TEST_STEP][PASSED] - symbol = symbol: null

2019-08-24 12:14:23 - [TEST_STEP][PASSED] - println(symbol): null

2019-08-24 12:14:23 - [TEST_STEP][PASSED] - if (i == 2 &amp;&amp; wildList.indexOf(symbol) != -1): null

2019-08-24 12:14:23 - [TEST_STEP][PASSED] - if (i == 3 &amp;&amp; wildList.indexOf(symbol) != -1): null

2019-08-24 12:14:23 - [TEST_STEP][PASSED] - if (i == 4 &amp;&amp; wildList.indexOf(symbol) != -1): null

2019-08-24 12:14:23 - [TEST_STEP][PASSED] - symbol = symbol: null

2019-08-24 12:14:23 - [TEST_STEP][PASSED] - println(symbol): null

2019-08-24 12:14:23 - [TEST_STEP][PASSED] - if (i == 2 &amp;&amp; wildList.indexOf(symbol) != -1): null

2019-08-24 12:14:23 - [TEST_STEP][PASSED] - if (i == 3 &amp;&amp; wildList.indexOf(symbol) != -1): null

2019-08-24 12:14:23 - [TEST_STEP][PASSED] - if (i == 4 &amp;&amp; wildList.indexOf(symbol) != -1): null

2019-08-24 12:14:23 - [TEST_STEP][PASSED] - symbol = symbol: null

2019-08-24 12:14:23 - [TEST_STEP][PASSED] - println(symbol): null

2019-08-24 12:14:23 - [TEST_STEP][PASSED] - if (i == 2 &amp;&amp; wildList.indexOf(symbol) != -1): null

2019-08-24 12:14:23 - [TEST_STEP][PASSED] - if (i == 3 &amp;&amp; wildList.indexOf(symbol) != -1): null

2019-08-24 12:14:23 - [TEST_STEP][PASSED] - if (i == 4 &amp;&amp; wildList.indexOf(symbol) != -1): null

2019-08-24 12:14:23 - [TEST_STEP][PASSED] - free_spin_reel_counter = free_spin_reel_counter: null

2019-08-24 12:14:23 - [TEST_STEP][PASSED] - println("reel 3 wild found: " + free_spin_reel_counter[0]): null

2019-08-24 12:14:23 - [TEST_STEP][PASSED] - println("reel 4 wild found: " + free_spin_reel_counter[1]): null

2019-08-24 12:14:23 - [TEST_STEP][PASSED] - println("reel 5 wild found: " + free_spin_reel_counter[2]): null

2019-08-24 12:14:23 - [TEST_STEP][PASSED] - M4_spin_reels = M4_spin_reels: null

2019-08-24 12:14:23 - [TEST_STEP][PASSED] - M4_spin_reels_symbols = symbol: null

2019-08-24 12:14:23 - [TEST_STEP][PASSED] - M4_spin_reels_symbols = M4_spin_reels_symbols: null

2019-08-24 12:14:23 - [TEST_STEP][PASSED] - M4_spin_reel_wins = reel_wins: null

2019-08-24 12:14:23 - [TEST_STEP][PASSED] - M4_spin_reel_wins = M4_spin_reel_wins: null

2019-08-24 12:14:23 - [TEST_STEP][PASSED] - println("GlobalVariable.M4_spin_reel_wins is: " + M4_spin_reel_wins): null

2019-08-24 12:14:23 - [TEST_STEP][PASSED] - M4_spin_total_bonus_win_this_round = total_bonus_win_this_round: null

2019-08-24 12:14:23 - [TEST_STEP][PASSED] - M4_spin_total_bonus_win_this_round = M4_spin_total_bonus_win_this_round: null

2019-08-24 12:14:23 - [TEST_STEP][PASSED] - println("GlobalVariable.M4_spin_total_bonus_win_this_round is: " + M4_spin_total_bonus_win_this_round): null

2019-08-24 12:14:23 - [TEST_STEP][PASSED] - M4_spin_bonus_spin_result = spin_result: null

2019-08-24 12:14:23 - [TEST_STEP][PASSED] - M4_spin_bonus_spin_result = M4_spin_bonus_spin_result: null

2019-08-24 12:14:23 - [MESSAGE][PASSED] - Verify response successfully

2019-08-24 12:14:23 - [MESSAGE][PASSED] - Send request and verify the response successfully

2019-08-24 12:14:23 - [TEST_STEP][PASSED] - if (M4_total_bonus_spins_int != 0 &amp;&amp; M4_spin_reels_symbols[2].contains("WILD_ExtraFG") || M4_spin_reels_symbols[3].contains("WILD_ExtraFG")): null

2019-08-24 12:14:23 - [TEST_STEP][PASSED] - free_spin_reel_counter = free_spin_reel_counter: null

2019-08-24 12:14:23 - [TEST_STEP][PASSED] - M4_spin_reels_symbols = M4_spin_reels_symbols: null

2019-08-24 12:14:23 - [TEST_STEP][PASSED] - M4_total_bonus_spins = M4_total_bonus_spins: null

2019-08-24 12:14:23 - [TEST_STEP][PASSED] - spin_result = sendRequestAndVerify(findTestObject("INT/RGS(M4)/1_M4_spin", ["M4_login_user_id":M4_login_user_id, "rgs_session_token":rgs_session_token, "partner":Partner])): Send request and verify the response successfully

2019-08-24 12:14:23 - [MESSAGE][INFO] - HAR: /Users/eiralee/Katalon_Script/SuperWild/Reports/20190824_120919/INT/superWild_3/20190824_120919/requests/main/87.har

2019-08-24 12:14:23 - [TEST_CASE][PASSED] - Start Test Case : Verification: Verification accomplished successfully

2019-08-24 12:14:23 - [TEST_STEP][PASSED] - request = getInstance().getCurrentRequest(): null

2019-08-24 12:14:23 - [TEST_STEP][PASSED] - response = getInstance().getCurrentResponse(): null

2019-08-24 12:14:23 - [TEST_STEP][PASSED] - verifyResponseStatusCode(response, 200): Verify response status code successfully

2019-08-24 12:14:23 - [MESSAGE][PASSED] - Verify response status code successfully

2019-08-24 12:14:23 - [TEST_STEP][PASSED] - getStatusCode()).isEqualTo(200): null

2019-08-24 12:14:23 - [TEST_STEP][PASSED] - newline = System.getProperty("line.separator"): null

2019-08-24 12:14:23 - [TEST_STEP][PASSED] - M4_spin = new groovy.json.JsonSlurper(): null

2019-08-24 12:14:23 - [TEST_STEP][PASSED] - result_M4_spin = M4_spin.parseText(response.getResponseBodyContent()): null

2019-08-24 12:14:23 - [TEST_STEP][PASSED] - M4_spin_current_balance = current_balance: null

2019-08-24 12:14:23 - [TEST_STEP][PASSED] - M4_spin_current_balance = M4_spin_current_balance: null

2019-08-24 12:14:23 - [TEST_STEP][PASSED] - M4_spin_transaction_id = causality: null

2019-08-24 12:14:23 - [TEST_STEP][PASSED] - M4_spin_transaction_id = M4_spin_transaction_id: null

2019-08-24 12:14:23 - [TEST_STEP][PASSED] - M4_spin_round_id = round_id: null

2019-08-24 12:14:23 - [TEST_STEP][PASSED] - M4_spin_round_id = M4_spin_round_id: null

2019-08-24 12:14:23 - [TEST_STEP][PASSED] - M4_spin_line_wins = line_wins: null

2019-08-24 12:14:23 - [TEST_STEP][PASSED] - M4_spin_line_wins = M4_spin_line_wins: null

2019-08-24 12:14:23 - [TEST_STEP][PASSED] - M4_total_bonus_spins_int = total_bonus_spins: null

2019-08-24 12:14:23 - [TEST_STEP][PASSED] - println("******M4_total_bonus_spins type is:*******" + newline + getClass().getName()): null

2019-08-24 12:14:23 - [TEST_STEP][PASSED] - M4_total_bonus_spins_int = M4_total_bonus_spins_int: null

2019-08-24 12:14:23 - [TEST_STEP][PASSED] - M4_total_bonus_spins = Integer.toString(M4_total_bonus_spins_int): null

2019-08-24 12:14:23 - [TEST_STEP][PASSED] - M4_total_bonus_spins = M4_total_bonus_spins: null

2019-08-24 12:14:23 - [TEST_STEP][PASSED] - println("M4_total_bonus_spins is:" + M4_total_bonus_spins): null

2019-08-24 12:14:23 - [TEST_STEP][PASSED] - M4_spin_bonus_data = bonus_data: null

2019-08-24 12:14:23 - [TEST_STEP][PASSED] - M4_spin_features_triggered = result_M4_spin: null

2019-08-24 12:14:23 - [TEST_STEP][PASSED] - wild = []: null

2019-08-24 12:14:23 - [TEST_STEP][PASSED] - wild[0] = "WILD_Expanding": null

2019-08-24 12:14:23 - [TEST_STEP][PASSED] - wild[1] = "WILD_Normal": null

2019-08-24 12:14:23 - [TEST_STEP][PASSED] - wild[2] = "WILD_Double": null

2019-08-24 12:14:23 - [TEST_STEP][PASSED] - wild[3] = "WILD_ExtraFG": null

2019-08-24 12:14:23 - [TEST_STEP][PASSED] - wild[4] = "WILD_Triple": null

2019-08-24 12:14:23 - [TEST_STEP][PASSED] - wildList = Arrays.asList(wild): null

2019-08-24 12:14:23 - [TEST_STEP][PASSED] - wildList = wildList: null

2019-08-24 12:14:23 - [TEST_STEP][PASSED] - free_spin_reel_counter = []: null

2019-08-24 12:14:23 - [TEST_STEP][PASSED] - free_spin_reel_counter[0] = 0: null

2019-08-24 12:14:23 - [TEST_STEP][PASSED] - free_spin_reel_counter[1] = 0: null

2019-08-24 12:14:23 - [TEST_STEP][PASSED] - free_spin_reel_counter[2] = 0: null

2019-08-24 12:14:23 - [TEST_STEP][PASSED] - M4_spin_reels = reels: null

2019-08-24 12:14:23 - [TEST_STEP][PASSED] - for ([i = 0, i &lt; M4_spin_reels.size(), (i++)]): null

2019-08-24 12:14:23 - [TEST_STEP][PASSED] - symbols = symbols: null

2019-08-24 12:14:23 - [TEST_STEP][PASSED] - for ([j = 0, j &lt; symbols.size(), (j++)]): null

2019-08-24 12:14:23 - [TEST_STEP][PASSED] - symbol = symbol: null

2019-08-24 12:14:23 - [TEST_STEP][PASSED] - println(symbol): null

2019-08-24 12:14:23 - [TEST_STEP][PASSED] - if (i == 2 &amp;&amp; wildList.indexOf(symbol) != -1): null

2019-08-24 12:14:23 - [TEST_STEP][PASSED] - if (i == 3 &amp;&amp; wildList.indexOf(symbol) != -1): null

2019-08-24 12:14:23 - [TEST_STEP][PASSED] - if (i == 4 &amp;&amp; wildList.indexOf(symbol) != -1): null

2019-08-24 12:14:23 - [TEST_STEP][PASSED] - symbol = symbol: null

2019-08-24 12:14:23 - [TEST_STEP][PASSED] - println(symbol): null

2019-08-24 12:14:23 - [TEST_STEP][PASSED] - if (i == 2 &amp;&amp; wildList.indexOf(symbol) != -1): null

2019-08-24 12:14:23 - [TEST_STEP][PASSED] - if (i == 3 &amp;&amp; wildList.indexOf(symbol) != -1): null

2019-08-24 12:14:23 - [TEST_STEP][PASSED] - if (i == 4 &amp;&amp; wildList.indexOf(symbol) != -1): null

2019-08-24 12:14:23 - [TEST_STEP][PASSED] - symbol = symbol: null

2019-08-24 12:14:23 - [TEST_STEP][PASSED] - println(symbol): null

2019-08-24 12:14:23 - [TEST_STEP][PASSED] - if (i == 2 &amp;&amp; wildList.indexOf(symbol) != -1): null

2019-08-24 12:14:23 - [TEST_STEP][PASSED] - if (i == 3 &amp;&amp; wildList.indexOf(symbol) != -1): null

2019-08-24 12:14:23 - [TEST_STEP][PASSED] - if (i == 4 &amp;&amp; wildList.indexOf(symbol) != -1): null

2019-08-24 12:14:23 - [TEST_STEP][PASSED] - symbols = symbols: null

2019-08-24 12:14:23 - [TEST_STEP][PASSED] - for ([j = 0, j &lt; symbols.size(), (j++)]): null

2019-08-24 12:14:23 - [TEST_STEP][PASSED] - symbol = symbol: null

2019-08-24 12:14:23 - [TEST_STEP][PASSED] - println(symbol): null

2019-08-24 12:14:23 - [TEST_STEP][PASSED] - if (i == 2 &amp;&amp; wildList.indexOf(symbol) != -1): null

2019-08-24 12:14:23 - [TEST_STEP][PASSED] - if (i == 3 &amp;&amp; wildList.indexOf(symbol) != -1): null

2019-08-24 12:14:27 - [TEST_STEP][PASSED] - if (i == 4 &amp;&amp; wildList.indexOf(symbol) != -1): null

2019-08-24 12:14:27 - [TEST_STEP][PASSED] - symbol = symbol: null

2019-08-24 12:14:27 - [TEST_STEP][PASSED] - println(symbol): null

2019-08-24 12:14:27 - [TEST_STEP][PASSED] - if (i == 2 &amp;&amp; wildList.indexOf(symbol) != -1): null

2019-08-24 12:14:27 - [TEST_STEP][PASSED] - if (i == 3 &amp;&amp; wildList.indexOf(symbol) != -1): null

2019-08-24 12:14:27 - [TEST_STEP][PASSED] - if (i == 4 &amp;&amp; wildList.indexOf(symbol) != -1): null

2019-08-24 12:14:27 - [TEST_STEP][PASSED] - symbol = symbol: null

2019-08-24 12:14:27 - [TEST_STEP][PASSED] - println(symbol): null

2019-08-24 12:14:27 - [TEST_STEP][PASSED] - if (i == 2 &amp;&amp; wildList.indexOf(symbol) != -1): null

2019-08-24 12:14:27 - [TEST_STEP][PASSED] - if (i == 3 &amp;&amp; wildList.indexOf(symbol) != -1): null

2019-08-24 12:14:30 - [TEST_STEP][PASSED] - if (i == 4 &amp;&amp; wildList.indexOf(symbol) != -1): null

2019-08-24 12:14:30 - [TEST_STEP][PASSED] - symbols = symbols: null

2019-08-24 12:14:30 - [TEST_STEP][PASSED] - for ([j = 0, j &lt; symbols.size(), (j++)]): null

2019-08-24 12:14:30 - [TEST_STEP][PASSED] - symbol = symbol: null

2019-08-24 12:14:30 - [TEST_STEP][PASSED] - println(symbol): null

2019-08-24 12:14:30 - [TEST_STEP][PASSED] - if (i == 2 &amp;&amp; wildList.indexOf(symbol) != -1): null

2019-08-24 12:14:30 - [TEST_STEP][PASSED] - if (i == 3 &amp;&amp; wildList.indexOf(symbol) != -1): null

2019-08-24 12:14:30 - [TEST_STEP][PASSED] - if (i == 4 &amp;&amp; wildList.indexOf(symbol) != -1): null

2019-08-24 12:14:30 - [TEST_STEP][PASSED] - symbol = symbol: null

2019-08-24 12:14:30 - [TEST_STEP][PASSED] - println(symbol): null

2019-08-24 12:14:30 - [TEST_STEP][PASSED] - if (i == 2 &amp;&amp; wildList.indexOf(symbol) != -1): null

2019-08-24 12:14:30 - [TEST_STEP][PASSED] - if (i == 3 &amp;&amp; wildList.indexOf(symbol) != -1): null

2019-08-24 12:14:30 - [TEST_STEP][PASSED] - if (i == 4 &amp;&amp; wildList.indexOf(symbol) != -1): null

2019-08-24 12:14:30 - [TEST_STEP][PASSED] - symbol = symbol: null

2019-08-24 12:14:30 - [TEST_STEP][PASSED] - println(symbol): null

2019-08-24 12:14:30 - [TEST_STEP][PASSED] - if (i == 2 &amp;&amp; wildList.indexOf(symbol) != -1): null

2019-08-24 12:14:30 - [TEST_STEP][PASSED] - if (i == 3 &amp;&amp; wildList.indexOf(symbol) != -1): null

2019-08-24 12:14:30 - [TEST_STEP][PASSED] - if (i == 4 &amp;&amp; wildList.indexOf(symbol) != -1): null

2019-08-24 12:14:30 - [TEST_STEP][PASSED] - symbols = symbols: null

2019-08-24 12:14:30 - [TEST_STEP][PASSED] - for ([j = 0, j &lt; symbols.size(), (j++)]): null

2019-08-24 12:14:30 - [TEST_STEP][PASSED] - symbol = symbol: null

2019-08-24 12:14:30 - [TEST_STEP][PASSED] - println(symbol): null

2019-08-24 12:14:30 - [TEST_STEP][PASSED] - if (i == 2 &amp;&amp; wildList.indexOf(symbol) != -1): null

2019-08-24 12:14:30 - [TEST_STEP][PASSED] - if (i == 3 &amp;&amp; wildList.indexOf(symbol) != -1): null

2019-08-24 12:14:30 - [TEST_STEP][PASSED] - if (i == 4 &amp;&amp; wildList.indexOf(symbol) != -1): null

2019-08-24 12:14:30 - [TEST_STEP][PASSED] - symbol = symbol: null

2019-08-24 12:14:30 - [TEST_STEP][PASSED] - println(symbol): null

2019-08-24 12:14:30 - [TEST_STEP][PASSED] - if (i == 2 &amp;&amp; wildList.indexOf(symbol) != -1): null

2019-08-24 12:14:30 - [TEST_STEP][PASSED] - if (i == 3 &amp;&amp; wildList.indexOf(symbol) != -1): null

2019-08-24 12:14:30 - [TEST_STEP][PASSED] - if (i == 4 &amp;&amp; wildList.indexOf(symbol) != -1): null

2019-08-24 12:14:30 - [TEST_STEP][PASSED] - symbol = symbol: null

2019-08-24 12:14:30 - [TEST_STEP][PASSED] - println(symbol): null

2019-08-24 12:14:30 - [TEST_STEP][PASSED] - if (i == 2 &amp;&amp; wildList.indexOf(symbol) != -1): null

2019-08-24 12:14:30 - [TEST_STEP][PASSED] - if (i == 3 &amp;&amp; wildList.indexOf(symbol) != -1): null

2019-08-24 12:14:30 - [TEST_STEP][PASSED] - if (i == 4 &amp;&amp; wildList.indexOf(symbol) != -1): null

2019-08-24 12:14:30 - [TEST_STEP][PASSED] - symbols = symbols: null

2019-08-24 12:14:30 - [TEST_STEP][PASSED] - for ([j = 0, j &lt; symbols.size(), (j++)]): null

2019-08-24 12:14:30 - [TEST_STEP][PASSED] - symbol = symbol: null

2019-08-24 12:14:30 - [TEST_STEP][PASSED] - println(symbol): null

2019-08-24 12:14:30 - [TEST_STEP][PASSED] - if (i == 2 &amp;&amp; wildList.indexOf(symbol) != -1): null

2019-08-24 12:14:30 - [TEST_STEP][PASSED] - if (i == 3 &amp;&amp; wildList.indexOf(symbol) != -1): null

2019-08-24 12:14:30 - [TEST_STEP][PASSED] - if (i == 4 &amp;&amp; wildList.indexOf(symbol) != -1): null

2019-08-24 12:14:30 - [TEST_STEP][PASSED] - symbol = symbol: null

2019-08-24 12:14:30 - [TEST_STEP][PASSED] - println(symbol): null

2019-08-24 12:14:30 - [TEST_STEP][PASSED] - if (i == 2 &amp;&amp; wildList.indexOf(symbol) != -1): null

2019-08-24 12:14:30 - [TEST_STEP][PASSED] - if (i == 3 &amp;&amp; wildList.indexOf(symbol) != -1): null

2019-08-24 12:14:30 - [TEST_STEP][PASSED] - if (i == 4 &amp;&amp; wildList.indexOf(symbol) != -1): null

2019-08-24 12:14:30 - [TEST_STEP][PASSED] - symbol = symbol: null

2019-08-24 12:14:30 - [TEST_STEP][PASSED] - println(symbol): null

2019-08-24 12:14:30 - [TEST_STEP][PASSED] - if (i == 2 &amp;&amp; wildList.indexOf(symbol) != -1): null

2019-08-24 12:14:30 - [TEST_STEP][PASSED] - if (i == 3 &amp;&amp; wildList.indexOf(symbol) != -1): null

2019-08-24 12:14:30 - [TEST_STEP][PASSED] - if (i == 4 &amp;&amp; wildList.indexOf(symbol) != -1): null

2019-08-24 12:14:30 - [TEST_STEP][PASSED] - free_spin_reel_counter = free_spin_reel_counter: null

2019-08-24 12:14:30 - [TEST_STEP][PASSED] - println("reel 3 wild found: " + free_spin_reel_counter[0]): null

2019-08-24 12:14:30 - [TEST_STEP][PASSED] - println("reel 4 wild found: " + free_spin_reel_counter[1]): null

2019-08-24 12:14:30 - [TEST_STEP][PASSED] - println("reel 5 wild found: " + free_spin_reel_counter[2]): null

2019-08-24 12:14:30 - [TEST_STEP][PASSED] - M4_spin_reels = M4_spin_reels: null

2019-08-24 12:14:30 - [TEST_STEP][PASSED] - M4_spin_reels_symbols = symbol: null

2019-08-24 12:14:30 - [TEST_STEP][PASSED] - M4_spin_reels_symbols = M4_spin_reels_symbols: null

2019-08-24 12:14:30 - [TEST_STEP][PASSED] - M4_spin_reel_wins = reel_wins: null

2019-08-24 12:14:30 - [TEST_STEP][PASSED] - M4_spin_reel_wins = M4_spin_reel_wins: null

2019-08-24 12:14:30 - [TEST_STEP][PASSED] - println("GlobalVariable.M4_spin_reel_wins is: " + M4_spin_reel_wins): null

2019-08-24 12:14:30 - [TEST_STEP][PASSED] - M4_spin_total_bonus_win_this_round = total_bonus_win_this_round: null

2019-08-24 12:14:30 - [TEST_STEP][PASSED] - M4_spin_total_bonus_win_this_round = M4_spin_total_bonus_win_this_round: null

2019-08-24 12:14:30 - [TEST_STEP][PASSED] - println("GlobalVariable.M4_spin_total_bonus_win_this_round is: " + M4_spin_total_bonus_win_this_round): null

2019-08-24 12:14:30 - [TEST_STEP][PASSED] - M4_spin_bonus_spin_result = spin_result: null

2019-08-24 12:14:30 - [TEST_STEP][PASSED] - M4_spin_bonus_spin_result = M4_spin_bonus_spin_result: null

2019-08-24 12:14:30 - [MESSAGE][PASSED] - Verify response successfully

2019-08-24 12:14:30 - [MESSAGE][PASSED] - Send request and verify the response successfully

2019-08-24 12:14:30 - [TEST_STEP][PASSED] - if (M4_total_bonus_spins_int != 0 &amp;&amp; M4_spin_reels_symbols[2].contains("WILD_ExtraFG") || M4_spin_reels_symbols[3].contains("WILD_ExtraFG")): null

2019-08-24 12:14:30 - [TEST_STEP][PASSED] - free_spin_reel_counter = free_spin_reel_counter: null

2019-08-24 12:14:30 - [TEST_STEP][PASSED] - M4_spin_reels_symbols = M4_spin_reels_symbols: null

2019-08-24 12:14:30 - [TEST_STEP][PASSED] - M4_total_bonus_spins = M4_total_bonus_spins: null

2019-08-24 12:14:30 - [TEST_STEP][PASSED] - spin_result = sendRequestAndVerify(findTestObject("INT/RGS(M4)/1_M4_spin", ["M4_login_user_id":M4_login_user_id, "rgs_session_token":rgs_session_token, "partner":Partner])): Send request and verify the response successfully

2019-08-24 12:14:31 - [MESSAGE][INFO] - HAR: /Users/eiralee/Katalon_Script/SuperWild/Reports/20190824_120919/INT/superWild_3/20190824_120919/requests/main/88.har

2019-08-24 12:14:31 - [TEST_CASE][PASSED] - Start Test Case : Verification: Verification accomplished successfully

2019-08-24 12:14:31 - [TEST_STEP][PASSED] - request = getInstance().getCurrentRequest(): null

2019-08-24 12:14:31 - [TEST_STEP][PASSED] - response = getInstance().getCurrentResponse(): null

2019-08-24 12:14:31 - [TEST_STEP][PASSED] - verifyResponseStatusCode(response, 200): Verify response status code successfully

2019-08-24 12:14:31 - [MESSAGE][PASSED] - Verify response status code successfully

2019-08-24 12:14:31 - [TEST_STEP][PASSED] - getStatusCode()).isEqualTo(200): null

2019-08-24 12:14:31 - [TEST_STEP][PASSED] - newline = System.getProperty("line.separator"): null

2019-08-24 12:14:31 - [TEST_STEP][PASSED] - M4_spin = new groovy.json.JsonSlurper(): null

2019-08-24 12:14:31 - [TEST_STEP][PASSED] - result_M4_spin = M4_spin.parseText(response.getResponseBodyContent()): null

2019-08-24 12:14:31 - [TEST_STEP][PASSED] - M4_spin_current_balance = current_balance: null

2019-08-24 12:14:31 - [TEST_STEP][PASSED] - M4_spin_current_balance = M4_spin_current_balance: null

2019-08-24 12:14:31 - [TEST_STEP][PASSED] - M4_spin_transaction_id = causality: null

2019-08-24 12:14:31 - [TEST_STEP][PASSED] - M4_spin_transaction_id = M4_spin_transaction_id: null

2019-08-24 12:14:31 - [TEST_STEP][PASSED] - M4_spin_round_id = round_id: null

2019-08-24 12:14:31 - [TEST_STEP][PASSED] - M4_spin_round_id = M4_spin_round_id: null

2019-08-24 12:14:31 - [TEST_STEP][PASSED] - M4_spin_line_wins = line_wins: null

2019-08-24 12:14:31 - [TEST_STEP][PASSED] - M4_spin_line_wins = M4_spin_line_wins: null

2019-08-24 12:14:31 - [TEST_STEP][PASSED] - M4_total_bonus_spins_int = total_bonus_spins: null

2019-08-24 12:14:31 - [TEST_STEP][PASSED] - println("******M4_total_bonus_spins type is:*******" + newline + getClass().getName()): null

2019-08-24 12:14:31 - [TEST_STEP][PASSED] - M4_total_bonus_spins_int = M4_total_bonus_spins_int: null

2019-08-24 12:14:31 - [TEST_STEP][PASSED] - M4_total_bonus_spins = Integer.toString(M4_total_bonus_spins_int): null

2019-08-24 12:14:31 - [TEST_STEP][PASSED] - M4_total_bonus_spins = M4_total_bonus_spins: null

2019-08-24 12:14:31 - [TEST_STEP][PASSED] - println("M4_total_bonus_spins is:" + M4_total_bonus_spins): null

2019-08-24 12:14:31 - [TEST_STEP][PASSED] - M4_spin_bonus_data = bonus_data: null

2019-08-24 12:14:31 - [TEST_STEP][PASSED] - M4_spin_features_triggered = result_M4_spin: null

2019-08-24 12:14:31 - [TEST_STEP][PASSED] - wild = []: null

2019-08-24 12:14:31 - [TEST_STEP][PASSED] - wild[0] = "WILD_Expanding": null

2019-08-24 12:14:31 - [TEST_STEP][PASSED] - wild[1] = "WILD_Normal": null

2019-08-24 12:14:31 - [TEST_STEP][PASSED] - wild[2] = "WILD_Double": null

2019-08-24 12:14:31 - [TEST_STEP][PASSED] - wild[3] = "WILD_ExtraFG": null

2019-08-24 12:14:31 - [TEST_STEP][PASSED] - wild[4] = "WILD_Triple": null

2019-08-24 12:14:31 - [TEST_STEP][PASSED] - wildList = Arrays.asList(wild): null

2019-08-24 12:14:31 - [TEST_STEP][PASSED] - wildList = wildList: null

2019-08-24 12:14:31 - [TEST_STEP][PASSED] - free_spin_reel_counter = []: null

2019-08-24 12:14:31 - [TEST_STEP][PASSED] - free_spin_reel_counter[0] = 0: null

2019-08-24 12:14:31 - [TEST_STEP][PASSED] - free_spin_reel_counter[1] = 0: null

2019-08-24 12:14:31 - [TEST_STEP][PASSED] - free_spin_reel_counter[2] = 0: null

2019-08-24 12:14:31 - [TEST_STEP][PASSED] - M4_spin_reels = reels: null

2019-08-24 12:14:31 - [TEST_STEP][PASSED] - for ([i = 0, i &lt; M4_spin_reels.size(), (i++)]): null

2019-08-24 12:14:31 - [TEST_STEP][PASSED] - symbols = symbols: null

2019-08-24 12:14:31 - [TEST_STEP][PASSED] - for ([j = 0, j &lt; symbols.size(), (j++)]): null

2019-08-24 12:14:31 - [TEST_STEP][PASSED] - symbol = symbol: null

2019-08-24 12:14:31 - [TEST_STEP][PASSED] - println(symbol): null

2019-08-24 12:14:31 - [TEST_STEP][PASSED] - if (i == 2 &amp;&amp; wildList.indexOf(symbol) != -1): null

2019-08-24 12:14:31 - [TEST_STEP][PASSED] - if (i == 3 &amp;&amp; wildList.indexOf(symbol) != -1): null

2019-08-24 12:14:31 - [TEST_STEP][PASSED] - if (i == 4 &amp;&amp; wildList.indexOf(symbol) != -1): null

2019-08-24 12:14:31 - [TEST_STEP][PASSED] - symbol = symbol: null

2019-08-24 12:14:31 - [TEST_STEP][PASSED] - println(symbol): null

2019-08-24 12:14:31 - [TEST_STEP][PASSED] - if (i == 2 &amp;&amp; wildList.indexOf(symbol) != -1): null

2019-08-24 12:14:31 - [TEST_STEP][PASSED] - if (i == 3 &amp;&amp; wildList.indexOf(symbol) != -1): null

2019-08-24 12:14:31 - [TEST_STEP][PASSED] - if (i == 4 &amp;&amp; wildList.indexOf(symbol) != -1): null

2019-08-24 12:14:31 - [TEST_STEP][PASSED] - symbol = symbol: null

2019-08-24 12:14:31 - [TEST_STEP][PASSED] - println(symbol): null

2019-08-24 12:14:31 - [TEST_STEP][PASSED] - if (i == 2 &amp;&amp; wildList.indexOf(symbol) != -1): null

2019-08-24 12:14:31 - [TEST_STEP][PASSED] - if (i == 3 &amp;&amp; wildList.indexOf(symbol) != -1): null

2019-08-24 12:14:31 - [TEST_STEP][PASSED] - if (i == 4 &amp;&amp; wildList.indexOf(symbol) != -1): null

2019-08-24 12:14:31 - [TEST_STEP][PASSED] - symbols = symbols: null

2019-08-24 12:14:31 - [TEST_STEP][PASSED] - for ([j = 0, j &lt; symbols.size(), (j++)]): null

2019-08-24 12:14:31 - [TEST_STEP][PASSED] - symbol = symbol: null

2019-08-24 12:14:31 - [TEST_STEP][PASSED] - println(symbol): null

2019-08-24 12:14:31 - [TEST_STEP][PASSED] - if (i == 2 &amp;&amp; wildList.indexOf(symbol) != -1): null

2019-08-24 12:14:31 - [TEST_STEP][PASSED] - if (i == 3 &amp;&amp; wildList.indexOf(symbol) != -1): null

2019-08-24 12:14:31 - [TEST_STEP][PASSED] - if (i == 4 &amp;&amp; wildList.indexOf(symbol) != -1): null

2019-08-24 12:14:31 - [TEST_STEP][PASSED] - symbol = symbol: null

2019-08-24 12:14:31 - [TEST_STEP][PASSED] - println(symbol): null

2019-08-24 12:14:31 - [TEST_STEP][PASSED] - if (i == 2 &amp;&amp; wildList.indexOf(symbol) != -1): null

2019-08-24 12:14:31 - [TEST_STEP][PASSED] - if (i == 3 &amp;&amp; wildList.indexOf(symbol) != -1): null

2019-08-24 12:14:31 - [TEST_STEP][PASSED] - if (i == 4 &amp;&amp; wildList.indexOf(symbol) != -1): null

2019-08-24 12:14:31 - [TEST_STEP][PASSED] - symbol = symbol: null

2019-08-24 12:14:31 - [TEST_STEP][PASSED] - println(symbol): null

2019-08-24 12:14:31 - [TEST_STEP][PASSED] - if (i == 2 &amp;&amp; wildList.indexOf(symbol) != -1): null

2019-08-24 12:14:31 - [TEST_STEP][PASSED] - if (i == 3 &amp;&amp; wildList.indexOf(symbol) != -1): null

2019-08-24 12:14:31 - [TEST_STEP][PASSED] - if (i == 4 &amp;&amp; wildList.indexOf(symbol) != -1): null

2019-08-24 12:14:31 - [TEST_STEP][PASSED] - symbols = symbols: null

2019-08-24 12:14:31 - [TEST_STEP][PASSED] - for ([j = 0, j &lt; symbols.size(), (j++)]): null

2019-08-24 12:14:31 - [TEST_STEP][PASSED] - symbol = symbol: null

2019-08-24 12:14:31 - [TEST_STEP][PASSED] - println(symbol): null

2019-08-24 12:14:31 - [TEST_STEP][PASSED] - if (i == 2 &amp;&amp; wildList.indexOf(symbol) != -1): null

2019-08-24 12:14:31 - [TEST_STEP][PASSED] - if (i == 3 &amp;&amp; wildList.indexOf(symbol) != -1): null

2019-08-24 12:14:31 - [TEST_STEP][PASSED] - if (i == 4 &amp;&amp; wildList.indexOf(symbol) != -1): null

2019-08-24 12:14:31 - [TEST_STEP][PASSED] - symbol = symbol: null

2019-08-24 12:14:31 - [TEST_STEP][PASSED] - println(symbol): null

2019-08-24 12:14:31 - [TEST_STEP][PASSED] - if (i == 2 &amp;&amp; wildList.indexOf(symbol) != -1): null

2019-08-24 12:14:31 - [TEST_STEP][PASSED] - if (i == 3 &amp;&amp; wildList.indexOf(symbol) != -1): null

2019-08-24 12:14:31 - [TEST_STEP][PASSED] - if (i == 4 &amp;&amp; wildList.indexOf(symbol) != -1): null

2019-08-24 12:14:31 - [TEST_STEP][PASSED] - symbol = symbol: null

2019-08-24 12:14:31 - [TEST_STEP][PASSED] - println(symbol): null

2019-08-24 12:14:31 - [TEST_STEP][PASSED] - if (i == 2 &amp;&amp; wildList.indexOf(symbol) != -1): null

2019-08-24 12:14:31 - [TEST_STEP][PASSED] - if (i == 3 &amp;&amp; wildList.indexOf(symbol) != -1): null

2019-08-24 12:14:31 - [TEST_STEP][PASSED] - if (i == 4 &amp;&amp; wildList.indexOf(symbol) != -1): null

2019-08-24 12:14:31 - [TEST_STEP][PASSED] - symbols = symbols: null

2019-08-24 12:14:31 - [TEST_STEP][PASSED] - for ([j = 0, j &lt; symbols.size(), (j++)]): null

2019-08-24 12:14:31 - [TEST_STEP][PASSED] - symbol = symbol: null

2019-08-24 12:14:31 - [TEST_STEP][PASSED] - println(symbol): null

2019-08-24 12:14:31 - [TEST_STEP][PASSED] - if (i == 2 &amp;&amp; wildList.indexOf(symbol) != -1): null

2019-08-24 12:14:31 - [TEST_STEP][PASSED] - if (i == 3 &amp;&amp; wildList.indexOf(symbol) != -1): null

2019-08-24 12:14:31 - [TEST_STEP][PASSED] - if (i == 4 &amp;&amp; wildList.indexOf(symbol) != -1): null

2019-08-24 12:14:31 - [TEST_STEP][PASSED] - symbol = symbol: null

2019-08-24 12:14:31 - [TEST_STEP][PASSED] - println(symbol): null

2019-08-24 12:14:31 - [TEST_STEP][PASSED] - if (i == 2 &amp;&amp; wildList.indexOf(symbol) != -1): null

2019-08-24 12:14:31 - [TEST_STEP][PASSED] - if (i == 3 &amp;&amp; wildList.indexOf(symbol) != -1): null

2019-08-24 12:14:31 - [TEST_STEP][PASSED] - if (i == 4 &amp;&amp; wildList.indexOf(symbol) != -1): null

2019-08-24 12:14:31 - [TEST_STEP][PASSED] - symbol = symbol: null

2019-08-24 12:14:31 - [TEST_STEP][PASSED] - println(symbol): null

2019-08-24 12:14:31 - [TEST_STEP][PASSED] - if (i == 2 &amp;&amp; wildList.indexOf(symbol) != -1): null

2019-08-24 12:14:31 - [TEST_STEP][PASSED] - if (i == 3 &amp;&amp; wildList.indexOf(symbol) != -1): null

2019-08-24 12:14:31 - [TEST_STEP][PASSED] - if (i == 4 &amp;&amp; wildList.indexOf(symbol) != -1): null

2019-08-24 12:14:31 - [TEST_STEP][PASSED] - symbols = symbols: null

2019-08-24 12:14:31 - [TEST_STEP][PASSED] - for ([j = 0, j &lt; symbols.size(), (j++)]): null

2019-08-24 12:14:31 - [TEST_STEP][PASSED] - symbol = symbol: null

2019-08-24 12:14:31 - [TEST_STEP][PASSED] - println(symbol): null

2019-08-24 12:14:31 - [TEST_STEP][PASSED] - if (i == 2 &amp;&amp; wildList.indexOf(symbol) != -1): null

2019-08-24 12:14:31 - [TEST_STEP][PASSED] - if (i == 3 &amp;&amp; wildList.indexOf(symbol) != -1): null

2019-08-24 12:14:31 - [TEST_STEP][PASSED] - if (i == 4 &amp;&amp; wildList.indexOf(symbol) != -1): null

2019-08-24 12:14:31 - [TEST_STEP][PASSED] - symbol = symbol: null

2019-08-24 12:14:31 - [TEST_STEP][PASSED] - println(symbol): null

2019-08-24 12:14:31 - [TEST_STEP][PASSED] - if (i == 2 &amp;&amp; wildList.indexOf(symbol) != -1): null

2019-08-24 12:14:31 - [TEST_STEP][PASSED] - if (i == 3 &amp;&amp; wildList.indexOf(symbol) != -1): null

2019-08-24 12:14:31 - [TEST_STEP][PASSED] - if (i == 4 &amp;&amp; wildList.indexOf(symbol) != -1): null

2019-08-24 12:14:31 - [TEST_STEP][PASSED] - symbol = symbol: null

2019-08-24 12:14:31 - [TEST_STEP][PASSED] - println(symbol): null

2019-08-24 12:14:31 - [TEST_STEP][PASSED] - if (i == 2 &amp;&amp; wildList.indexOf(symbol) != -1): null

2019-08-24 12:14:31 - [TEST_STEP][PASSED] - if (i == 3 &amp;&amp; wildList.indexOf(symbol) != -1): null

2019-08-24 12:14:31 - [TEST_STEP][PASSED] - if (i == 4 &amp;&amp; wildList.indexOf(symbol) != -1): null

2019-08-24 12:14:31 - [TEST_STEP][PASSED] - free_spin_reel_counter = free_spin_reel_counter: null

2019-08-24 12:14:31 - [TEST_STEP][PASSED] - println("reel 3 wild found: " + free_spin_reel_counter[0]): null

2019-08-24 12:14:31 - [TEST_STEP][PASSED] - println("reel 4 wild found: " + free_spin_reel_counter[1]): null

2019-08-24 12:14:31 - [TEST_STEP][PASSED] - println("reel 5 wild found: " + free_spin_reel_counter[2]): null

2019-08-24 12:14:31 - [TEST_STEP][PASSED] - M4_spin_reels = M4_spin_reels: null

2019-08-24 12:14:31 - [TEST_STEP][PASSED] - M4_spin_reels_symbols = symbol: null

2019-08-24 12:14:31 - [TEST_STEP][PASSED] - M4_spin_reels_symbols = M4_spin_reels_symbols: null

2019-08-24 12:14:31 - [TEST_STEP][PASSED] - M4_spin_reel_wins = reel_wins: null

2019-08-24 12:14:31 - [TEST_STEP][PASSED] - M4_spin_reel_wins = M4_spin_reel_wins: null

2019-08-24 12:14:31 - [TEST_STEP][PASSED] - println("GlobalVariable.M4_spin_reel_wins is: " + M4_spin_reel_wins): null

2019-08-24 12:14:31 - [TEST_STEP][PASSED] - M4_spin_total_bonus_win_this_round = total_bonus_win_this_round: null

2019-08-24 12:14:31 - [TEST_STEP][PASSED] - M4_spin_total_bonus_win_this_round = M4_spin_total_bonus_win_this_round: null

2019-08-24 12:14:31 - [TEST_STEP][PASSED] - println("GlobalVariable.M4_spin_total_bonus_win_this_round is: " + M4_spin_total_bonus_win_this_round): null

2019-08-24 12:14:31 - [TEST_STEP][PASSED] - M4_spin_bonus_spin_result = spin_result: null

2019-08-24 12:14:31 - [TEST_STEP][PASSED] - M4_spin_bonus_spin_result = M4_spin_bonus_spin_result: null

2019-08-24 12:14:31 - [MESSAGE][PASSED] - Verify response successfully

2019-08-24 12:14:31 - [MESSAGE][PASSED] - Send request and verify the response successfully

2019-08-24 12:14:31 - [TEST_STEP][PASSED] - if (M4_total_bonus_spins_int != 0 &amp;&amp; M4_spin_reels_symbols[2].contains("WILD_ExtraFG") || M4_spin_reels_symbols[3].contains("WILD_ExtraFG")): null

2019-08-24 12:14:31 - [TEST_STEP][PASSED] - free_spin_reel_counter = free_spin_reel_counter: null

2019-08-24 12:14:31 - [TEST_STEP][PASSED] - M4_spin_reels_symbols = M4_spin_reels_symbols: null

2019-08-24 12:14:31 - [TEST_STEP][PASSED] - M4_total_bonus_spins = M4_total_bonus_spins: null

2019-08-24 12:14:31 - [TEST_STEP][PASSED] - spin_result = sendRequestAndVerify(findTestObject("INT/RGS(M4)/1_M4_spin", ["M4_login_user_id":M4_login_user_id, "rgs_session_token":rgs_session_token, "partner":Partner])): Send request and verify the response successfully

2019-08-24 12:14:31 - [MESSAGE][INFO] - HAR: /Users/eiralee/Katalon_Script/SuperWild/Reports/20190824_120919/INT/superWild_3/20190824_120919/requests/main/89.har

2019-08-24 12:14:32 - [TEST_CASE][PASSED] - Start Test Case : Verification: Verification accomplished successfully

2019-08-24 12:14:32 - [TEST_STEP][PASSED] - request = getInstance().getCurrentRequest(): null

2019-08-24 12:14:32 - [TEST_STEP][PASSED] - response = getInstance().getCurrentResponse(): null

2019-08-24 12:14:32 - [TEST_STEP][PASSED] - verifyResponseStatusCode(response, 200): Verify response status code successfully

2019-08-24 12:14:32 - [MESSAGE][PASSED] - Verify response status code successfully

2019-08-24 12:14:32 - [TEST_STEP][PASSED] - getStatusCode()).isEqualTo(200): null

2019-08-24 12:14:32 - [TEST_STEP][PASSED] - newline = System.getProperty("line.separator"): null

2019-08-24 12:14:32 - [TEST_STEP][PASSED] - M4_spin = new groovy.json.JsonSlurper(): null

2019-08-24 12:14:32 - [TEST_STEP][PASSED] - result_M4_spin = M4_spin.parseText(response.getResponseBodyContent()): null

2019-08-24 12:14:32 - [TEST_STEP][PASSED] - M4_spin_current_balance = current_balance: null

2019-08-24 12:14:32 - [TEST_STEP][PASSED] - M4_spin_current_balance = M4_spin_current_balance: null

2019-08-24 12:14:32 - [TEST_STEP][PASSED] - M4_spin_transaction_id = causality: null

2019-08-24 12:14:32 - [TEST_STEP][PASSED] - M4_spin_transaction_id = M4_spin_transaction_id: null

2019-08-24 12:14:32 - [TEST_STEP][PASSED] - M4_spin_round_id = round_id: null

2019-08-24 12:14:32 - [TEST_STEP][PASSED] - M4_spin_round_id = M4_spin_round_id: null

2019-08-24 12:14:32 - [TEST_STEP][PASSED] - M4_spin_line_wins = line_wins: null

2019-08-24 12:14:32 - [TEST_STEP][PASSED] - M4_spin_line_wins = M4_spin_line_wins: null

2019-08-24 12:14:32 - [TEST_STEP][PASSED] - M4_total_bonus_spins_int = total_bonus_spins: null

2019-08-24 12:14:32 - [TEST_STEP][PASSED] - println("******M4_total_bonus_spins type is:*******" + newline + getClass().getName()): null

2019-08-24 12:14:32 - [TEST_STEP][PASSED] - M4_total_bonus_spins_int = M4_total_bonus_spins_int: null

2019-08-24 12:14:32 - [TEST_STEP][PASSED] - M4_total_bonus_spins = Integer.toString(M4_total_bonus_spins_int): null

2019-08-24 12:14:32 - [TEST_STEP][PASSED] - M4_total_bonus_spins = M4_total_bonus_spins: null

2019-08-24 12:14:32 - [TEST_STEP][PASSED] - println("M4_total_bonus_spins is:" + M4_total_bonus_spins): null

2019-08-24 12:14:32 - [TEST_STEP][PASSED] - M4_spin_bonus_data = bonus_data: null

2019-08-24 12:14:32 - [TEST_STEP][PASSED] - M4_spin_features_triggered = result_M4_spin: null

2019-08-24 12:14:32 - [TEST_STEP][PASSED] - wild = []: null

2019-08-24 12:14:32 - [TEST_STEP][PASSED] - wild[0] = "WILD_Expanding": null

2019-08-24 12:14:32 - [TEST_STEP][PASSED] - wild[1] = "WILD_Normal": null

2019-08-24 12:14:32 - [TEST_STEP][PASSED] - wild[2] = "WILD_Double": null

2019-08-24 12:14:32 - [TEST_STEP][PASSED] - wild[3] = "WILD_ExtraFG": null

2019-08-24 12:14:32 - [TEST_STEP][PASSED] - wild[4] = "WILD_Triple": null

2019-08-24 12:14:32 - [TEST_STEP][PASSED] - wildList = Arrays.asList(wild): null

2019-08-24 12:14:32 - [TEST_STEP][PASSED] - wildList = wildList: null

2019-08-24 12:14:32 - [TEST_STEP][PASSED] - free_spin_reel_counter = []: null

2019-08-24 12:14:32 - [TEST_STEP][PASSED] - free_spin_reel_counter[0] = 0: null

2019-08-24 12:14:32 - [TEST_STEP][PASSED] - free_spin_reel_counter[1] = 0: null

2019-08-24 12:14:32 - [TEST_STEP][PASSED] - free_spin_reel_counter[2] = 0: null

2019-08-24 12:14:32 - [TEST_STEP][PASSED] - M4_spin_reels = reels: null

2019-08-24 12:14:32 - [TEST_STEP][PASSED] - for ([i = 0, i &lt; M4_spin_reels.size(), (i++)]): null

2019-08-24 12:14:32 - [TEST_STEP][PASSED] - symbols = symbols: null

2019-08-24 12:14:32 - [TEST_STEP][PASSED] - for ([j = 0, j &lt; symbols.size(), (j++)]): null

2019-08-24 12:14:32 - [TEST_STEP][PASSED] - symbol = symbol: null

2019-08-24 12:14:32 - [TEST_STEP][PASSED] - println(symbol): null

2019-08-24 12:14:32 - [TEST_STEP][PASSED] - if (i == 2 &amp;&amp; wildList.indexOf(symbol) != -1): null

2019-08-24 12:14:32 - [TEST_STEP][PASSED] - if (i == 3 &amp;&amp; wildList.indexOf(symbol) != -1): null

2019-08-24 12:14:32 - [TEST_STEP][PASSED] - if (i == 4 &amp;&amp; wildList.indexOf(symbol) != -1): null

2019-08-24 12:14:32 - [TEST_STEP][PASSED] - symbol = symbol: null

2019-08-24 12:14:32 - [TEST_STEP][PASSED] - println(symbol): null

2019-08-24 12:14:32 - [TEST_STEP][PASSED] - if (i == 2 &amp;&amp; wildList.indexOf(symbol) != -1): null

2019-08-24 12:14:32 - [TEST_STEP][PASSED] - if (i == 3 &amp;&amp; wildList.indexOf(symbol) != -1): null

2019-08-24 12:14:32 - [TEST_STEP][PASSED] - if (i == 4 &amp;&amp; wildList.indexOf(symbol) != -1): null

2019-08-24 12:14:32 - [TEST_STEP][PASSED] - symbol = symbol: null

2019-08-24 12:14:32 - [TEST_STEP][PASSED] - println(symbol): null

2019-08-24 12:14:32 - [TEST_STEP][PASSED] - if (i == 2 &amp;&amp; wildList.indexOf(symbol) != -1): null

2019-08-24 12:14:32 - [TEST_STEP][PASSED] - if (i == 3 &amp;&amp; wildList.indexOf(symbol) != -1): null

2019-08-24 12:14:32 - [TEST_STEP][PASSED] - if (i == 4 &amp;&amp; wildList.indexOf(symbol) != -1): null

2019-08-24 12:14:32 - [TEST_STEP][PASSED] - symbols = symbols: null

2019-08-24 12:14:32 - [TEST_STEP][PASSED] - for ([j = 0, j &lt; symbols.size(), (j++)]): null

2019-08-24 12:14:32 - [TEST_STEP][PASSED] - symbol = symbol: null

2019-08-24 12:14:32 - [TEST_STEP][PASSED] - println(symbol): null

2019-08-24 12:14:32 - [TEST_STEP][PASSED] - if (i == 2 &amp;&amp; wildList.indexOf(symbol) != -1): null

2019-08-24 12:14:32 - [TEST_STEP][PASSED] - if (i == 3 &amp;&amp; wildList.indexOf(symbol) != -1): null

2019-08-24 12:14:32 - [TEST_STEP][PASSED] - if (i == 4 &amp;&amp; wildList.indexOf(symbol) != -1): null

2019-08-24 12:14:32 - [TEST_STEP][PASSED] - symbol = symbol: null

2019-08-24 12:14:32 - [TEST_STEP][PASSED] - println(symbol): null

2019-08-24 12:14:32 - [TEST_STEP][PASSED] - if (i == 2 &amp;&amp; wildList.indexOf(symbol) != -1): null

2019-08-24 12:14:32 - [TEST_STEP][PASSED] - if (i == 3 &amp;&amp; wildList.indexOf(symbol) != -1): null

2019-08-24 12:14:32 - [TEST_STEP][PASSED] - if (i == 4 &amp;&amp; wildList.indexOf(symbol) != -1): null

2019-08-24 12:14:32 - [TEST_STEP][PASSED] - symbol = symbol: null

2019-08-24 12:14:32 - [TEST_STEP][PASSED] - println(symbol): null

2019-08-24 12:14:32 - [TEST_STEP][PASSED] - if (i == 2 &amp;&amp; wildList.indexOf(symbol) != -1): null

2019-08-24 12:14:32 - [TEST_STEP][PASSED] - if (i == 3 &amp;&amp; wildList.indexOf(symbol) != -1): null

2019-08-24 12:14:32 - [TEST_STEP][PASSED] - if (i == 4 &amp;&amp; wildList.indexOf(symbol) != -1): null

2019-08-24 12:14:32 - [TEST_STEP][PASSED] - symbols = symbols: null

2019-08-24 12:14:32 - [TEST_STEP][PASSED] - for ([j = 0, j &lt; symbols.size(), (j++)]): null

2019-08-24 12:14:32 - [TEST_STEP][PASSED] - symbol = symbol: null

2019-08-24 12:14:32 - [TEST_STEP][PASSED] - println(symbol): null

2019-08-24 12:14:32 - [TEST_STEP][PASSED] - if (i == 2 &amp;&amp; wildList.indexOf(symbol) != -1): null

2019-08-24 12:14:32 - [TEST_STEP][PASSED] - if (i == 3 &amp;&amp; wildList.indexOf(symbol) != -1): null

2019-08-24 12:14:32 - [TEST_STEP][PASSED] - if (i == 4 &amp;&amp; wildList.indexOf(symbol) != -1): null

2019-08-24 12:14:32 - [TEST_STEP][PASSED] - symbol = symbol: null

2019-08-24 12:14:32 - [TEST_STEP][PASSED] - println(symbol): null

2019-08-24 12:14:32 - [TEST_STEP][PASSED] - if (i == 2 &amp;&amp; wildList.indexOf(symbol) != -1): null

2019-08-24 12:14:32 - [TEST_STEP][PASSED] - if (i == 3 &amp;&amp; wildList.indexOf(symbol) != -1): null

2019-08-24 12:14:32 - [TEST_STEP][PASSED] - if (i == 4 &amp;&amp; wildList.indexOf(symbol) != -1): null

2019-08-24 12:14:32 - [TEST_STEP][PASSED] - symbol = symbol: null

2019-08-24 12:14:32 - [TEST_STEP][PASSED] - println(symbol): null

2019-08-24 12:14:32 - [TEST_STEP][PASSED] - if (i == 2 &amp;&amp; wildList.indexOf(symbol) != -1): null

2019-08-24 12:14:32 - [TEST_STEP][PASSED] - if (i == 3 &amp;&amp; wildList.indexOf(symbol) != -1): null

2019-08-24 12:14:32 - [TEST_STEP][PASSED] - if (i == 4 &amp;&amp; wildList.indexOf(symbol) != -1): null

2019-08-24 12:14:32 - [TEST_STEP][PASSED] - symbols = symbols: null

2019-08-24 12:14:32 - [TEST_STEP][PASSED] - for ([j = 0, j &lt; symbols.size(), (j++)]): null

2019-08-24 12:14:32 - [TEST_STEP][PASSED] - symbol = symbol: null

2019-08-24 12:14:32 - [TEST_STEP][PASSED] - println(symbol): null

2019-08-24 12:14:32 - [TEST_STEP][PASSED] - if (i == 2 &amp;&amp; wildList.indexOf(symbol) != -1): null

2019-08-24 12:14:32 - [TEST_STEP][PASSED] - if (i == 3 &amp;&amp; wildList.indexOf(symbol) != -1): null

2019-08-24 12:14:32 - [TEST_STEP][PASSED] - if (i == 4 &amp;&amp; wildList.indexOf(symbol) != -1): null

2019-08-24 12:14:32 - [TEST_STEP][PASSED] - symbol = symbol: null

2019-08-24 12:14:32 - [TEST_STEP][PASSED] - println(symbol): null

2019-08-24 12:14:32 - [TEST_STEP][PASSED] - if (i == 2 &amp;&amp; wildList.indexOf(symbol) != -1): null

2019-08-24 12:14:32 - [TEST_STEP][PASSED] - if (i == 3 &amp;&amp; wildList.indexOf(symbol) != -1): null

2019-08-24 12:14:32 - [TEST_STEP][PASSED] - println("wild found on reel 4, adding counter by 1"): null

2019-08-24 12:14:35 - [TEST_STEP][PASSED] - free_spin_reel_counter[1] = free_spin_reel_counter[1] + 1: null

2019-08-24 12:14:35 - [TEST_STEP][PASSED] - if (i == 4 &amp;&amp; wildList.indexOf(symbol) != -1): null

2019-08-24 12:14:35 - [TEST_STEP][PASSED] - symbol = symbol: null

2019-08-24 12:14:35 - [TEST_STEP][PASSED] - println(symbol): null

2019-08-24 12:14:35 - [TEST_STEP][PASSED] - if (i == 2 &amp;&amp; wildList.indexOf(symbol) != -1): null

2019-08-24 12:14:35 - [TEST_STEP][PASSED] - if (i == 3 &amp;&amp; wildList.indexOf(symbol) != -1): null

2019-08-24 12:14:35 - [TEST_STEP][PASSED] - if (i == 4 &amp;&amp; wildList.indexOf(symbol) != -1): null

2019-08-24 12:14:35 - [TEST_STEP][PASSED] - symbols = symbols: null

2019-08-24 12:14:35 - [TEST_STEP][PASSED] - for ([j = 0, j &lt; symbols.size(), (j++)]): null

2019-08-24 12:14:35 - [TEST_STEP][PASSED] - symbol = symbol: null

2019-08-24 12:14:38 - [TEST_STEP][PASSED] - println(symbol): null

2019-08-24 12:14:38 - [TEST_STEP][PASSED] - if (i == 2 &amp;&amp; wildList.indexOf(symbol) != -1): null

2019-08-24 12:14:38 - [TEST_STEP][PASSED] - if (i == 3 &amp;&amp; wildList.indexOf(symbol) != -1): null

2019-08-24 12:14:38 - [TEST_STEP][PASSED] - if (i == 4 &amp;&amp; wildList.indexOf(symbol) != -1): null

2019-08-24 12:14:38 - [TEST_STEP][PASSED] - symbol = symbol: null

2019-08-24 12:14:38 - [TEST_STEP][PASSED] - println(symbol): null

2019-08-24 12:14:38 - [TEST_STEP][PASSED] - if (i == 2 &amp;&amp; wildList.indexOf(symbol) != -1): null

2019-08-24 12:14:38 - [TEST_STEP][PASSED] - if (i == 3 &amp;&amp; wildList.indexOf(symbol) != -1): null

2019-08-24 12:14:38 - [TEST_STEP][PASSED] - if (i == 4 &amp;&amp; wildList.indexOf(symbol) != -1): null

2019-08-24 12:14:38 - [TEST_STEP][PASSED] - symbol = symbol: null

2019-08-24 12:14:38 - [TEST_STEP][PASSED] - println(symbol): null

2019-08-24 12:14:38 - [TEST_STEP][PASSED] - if (i == 2 &amp;&amp; wildList.indexOf(symbol) != -1): null

2019-08-24 12:14:38 - [TEST_STEP][PASSED] - if (i == 3 &amp;&amp; wildList.indexOf(symbol) != -1): null

2019-08-24 12:14:38 - [TEST_STEP][PASSED] - if (i == 4 &amp;&amp; wildList.indexOf(symbol) != -1): null

2019-08-24 12:14:38 - [TEST_STEP][PASSED] - free_spin_reel_counter = free_spin_reel_counter: null

2019-08-24 12:14:38 - [TEST_STEP][PASSED] - println("reel 3 wild found: " + free_spin_reel_counter[0]): null

2019-08-24 12:14:38 - [TEST_STEP][PASSED] - println("reel 4 wild found: " + free_spin_reel_counter[1]): null

2019-08-24 12:14:38 - [TEST_STEP][PASSED] - println("reel 5 wild found: " + free_spin_reel_counter[2]): null

2019-08-24 12:14:38 - [TEST_STEP][PASSED] - M4_spin_reels = M4_spin_reels: null

2019-08-24 12:14:38 - [TEST_STEP][PASSED] - M4_spin_reels_symbols = symbol: null

2019-08-24 12:14:38 - [TEST_STEP][PASSED] - M4_spin_reels_symbols = M4_spin_reels_symbols: null

2019-08-24 12:14:38 - [TEST_STEP][PASSED] - M4_spin_reel_wins = reel_wins: null

2019-08-24 12:14:38 - [TEST_STEP][PASSED] - M4_spin_reel_wins = M4_spin_reel_wins: null

2019-08-24 12:14:38 - [TEST_STEP][PASSED] - println("GlobalVariable.M4_spin_reel_wins is: " + M4_spin_reel_wins): null

2019-08-24 12:14:38 - [TEST_STEP][PASSED] - M4_spin_total_bonus_win_this_round = total_bonus_win_this_round: null

2019-08-24 12:14:38 - [TEST_STEP][PASSED] - M4_spin_total_bonus_win_this_round = M4_spin_total_bonus_win_this_round: null

2019-08-24 12:14:38 - [TEST_STEP][PASSED] - println("GlobalVariable.M4_spin_total_bonus_win_this_round is: " + M4_spin_total_bonus_win_this_round): null

2019-08-24 12:14:38 - [TEST_STEP][PASSED] - M4_spin_bonus_spin_result = spin_result: null

2019-08-24 12:14:38 - [TEST_STEP][PASSED] - M4_spin_bonus_spin_result = M4_spin_bonus_spin_result: null

2019-08-24 12:14:38 - [MESSAGE][PASSED] - Verify response successfully

2019-08-24 12:14:38 - [MESSAGE][PASSED] - Send request and verify the response successfully

2019-08-24 12:14:38 - [TEST_STEP][PASSED] - if (M4_total_bonus_spins_int != 0 &amp;&amp; M4_spin_reels_symbols[2].contains("WILD_ExtraFG") || M4_spin_reels_symbols[3].contains("WILD_ExtraFG")): null

2019-08-24 12:14:38 - [TEST_STEP][PASSED] - free_spin_reel_counter = free_spin_reel_counter: null

2019-08-24 12:14:38 - [TEST_STEP][PASSED] - M4_spin_reels_symbols = M4_spin_reels_symbols: null

2019-08-24 12:14:38 - [TEST_STEP][PASSED] - M4_total_bonus_spins = M4_total_bonus_spins: null

2019-08-24 12:14:38 - [TEST_STEP][PASSED] - spin_result = sendRequestAndVerify(findTestObject("INT/RGS(M4)/1_M4_spin", ["M4_login_user_id":M4_login_user_id, "rgs_session_token":rgs_session_token, "partner":Partner])): Send request and verify the response successfully

2019-08-24 12:14:39 - [MESSAGE][INFO] - HAR: /Users/eiralee/Katalon_Script/SuperWild/Reports/20190824_120919/INT/superWild_3/20190824_120919/requests/main/90.har

2019-08-24 12:14:39 - [TEST_CASE][PASSED] - Start Test Case : Verification: Verification accomplished successfully

2019-08-24 12:14:39 - [TEST_STEP][PASSED] - request = getInstance().getCurrentRequest(): null

2019-08-24 12:14:39 - [TEST_STEP][PASSED] - response = getInstance().getCurrentResponse(): null

2019-08-24 12:14:39 - [TEST_STEP][PASSED] - verifyResponseStatusCode(response, 200): Verify response status code successfully

2019-08-24 12:14:39 - [MESSAGE][PASSED] - Verify response status code successfully

2019-08-24 12:14:39 - [TEST_STEP][PASSED] - getStatusCode()).isEqualTo(200): null

2019-08-24 12:14:39 - [TEST_STEP][PASSED] - newline = System.getProperty("line.separator"): null

2019-08-24 12:14:39 - [TEST_STEP][PASSED] - M4_spin = new groovy.json.JsonSlurper(): null

2019-08-24 12:14:39 - [TEST_STEP][PASSED] - result_M4_spin = M4_spin.parseText(response.getResponseBodyContent()): null

2019-08-24 12:14:39 - [TEST_STEP][PASSED] - M4_spin_current_balance = current_balance: null

2019-08-24 12:14:39 - [TEST_STEP][PASSED] - M4_spin_current_balance = M4_spin_current_balance: null

2019-08-24 12:14:39 - [TEST_STEP][PASSED] - M4_spin_transaction_id = causality: null

2019-08-24 12:14:39 - [TEST_STEP][PASSED] - M4_spin_transaction_id = M4_spin_transaction_id: null

2019-08-24 12:14:39 - [TEST_STEP][PASSED] - M4_spin_round_id = round_id: null

2019-08-24 12:14:39 - [TEST_STEP][PASSED] - M4_spin_round_id = M4_spin_round_id: null

2019-08-24 12:14:39 - [TEST_STEP][PASSED] - M4_spin_line_wins = line_wins: null

2019-08-24 12:14:39 - [TEST_STEP][PASSED] - M4_spin_line_wins = M4_spin_line_wins: null

2019-08-24 12:14:39 - [TEST_STEP][PASSED] - M4_total_bonus_spins_int = total_bonus_spins: null

2019-08-24 12:14:39 - [TEST_STEP][PASSED] - println("******M4_total_bonus_spins type is:*******" + newline + getClass().getName()): null

2019-08-24 12:14:39 - [TEST_STEP][PASSED] - M4_total_bonus_spins_int = M4_total_bonus_spins_int: null

2019-08-24 12:14:39 - [TEST_STEP][PASSED] - M4_total_bonus_spins = Integer.toString(M4_total_bonus_spins_int): null

2019-08-24 12:14:39 - [TEST_STEP][PASSED] - M4_total_bonus_spins = M4_total_bonus_spins: null

2019-08-24 12:14:39 - [TEST_STEP][PASSED] - println("M4_total_bonus_spins is:" + M4_total_bonus_spins): null

2019-08-24 12:14:39 - [TEST_STEP][PASSED] - M4_spin_bonus_data = bonus_data: null

2019-08-24 12:14:39 - [TEST_STEP][PASSED] - M4_spin_features_triggered = result_M4_spin: null

2019-08-24 12:14:39 - [TEST_STEP][PASSED] - wild = []: null

2019-08-24 12:14:39 - [TEST_STEP][PASSED] - wild[0] = "WILD_Expanding": null

2019-08-24 12:14:39 - [TEST_STEP][PASSED] - wild[1] = "WILD_Normal": null

2019-08-24 12:14:39 - [TEST_STEP][PASSED] - wild[2] = "WILD_Double": null

2019-08-24 12:14:39 - [TEST_STEP][PASSED] - wild[3] = "WILD_ExtraFG": null

2019-08-24 12:14:39 - [TEST_STEP][PASSED] - wild[4] = "WILD_Triple": null

2019-08-24 12:14:39 - [TEST_STEP][PASSED] - wildList = Arrays.asList(wild): null

2019-08-24 12:14:39 - [TEST_STEP][PASSED] - wildList = wildList: null

2019-08-24 12:14:39 - [TEST_STEP][PASSED] - free_spin_reel_counter = []: null

2019-08-24 12:14:39 - [TEST_STEP][PASSED] - free_spin_reel_counter[0] = 0: null

2019-08-24 12:14:39 - [TEST_STEP][PASSED] - free_spin_reel_counter[1] = 0: null

2019-08-24 12:14:39 - [TEST_STEP][PASSED] - free_spin_reel_counter[2] = 0: null

2019-08-24 12:14:39 - [TEST_STEP][PASSED] - M4_spin_reels = reels: null

2019-08-24 12:14:39 - [TEST_STEP][PASSED] - for ([i = 0, i &lt; M4_spin_reels.size(), (i++)]): null

2019-08-24 12:14:39 - [TEST_STEP][PASSED] - symbols = symbols: null

2019-08-24 12:14:39 - [TEST_STEP][PASSED] - for ([j = 0, j &lt; symbols.size(), (j++)]): null

2019-08-24 12:14:39 - [TEST_STEP][PASSED] - symbol = symbol: null

2019-08-24 12:14:39 - [TEST_STEP][PASSED] - println(symbol): null

2019-08-24 12:14:39 - [TEST_STEP][PASSED] - if (i == 2 &amp;&amp; wildList.indexOf(symbol) != -1): null

2019-08-24 12:14:39 - [TEST_STEP][PASSED] - if (i == 3 &amp;&amp; wildList.indexOf(symbol) != -1): null

2019-08-24 12:14:39 - [TEST_STEP][PASSED] - if (i == 4 &amp;&amp; wildList.indexOf(symbol) != -1): null

2019-08-24 12:14:39 - [TEST_STEP][PASSED] - symbol = symbol: null

2019-08-24 12:14:39 - [TEST_STEP][PASSED] - println(symbol): null

2019-08-24 12:14:39 - [TEST_STEP][PASSED] - if (i == 2 &amp;&amp; wildList.indexOf(symbol) != -1): null

2019-08-24 12:14:39 - [TEST_STEP][PASSED] - if (i == 3 &amp;&amp; wildList.indexOf(symbol) != -1): null

2019-08-24 12:14:39 - [TEST_STEP][PASSED] - if (i == 4 &amp;&amp; wildList.indexOf(symbol) != -1): null

2019-08-24 12:14:39 - [TEST_STEP][PASSED] - symbol = symbol: null

2019-08-24 12:14:39 - [TEST_STEP][PASSED] - println(symbol): null

2019-08-24 12:14:39 - [TEST_STEP][PASSED] - if (i == 2 &amp;&amp; wildList.indexOf(symbol) != -1): null

2019-08-24 12:14:39 - [TEST_STEP][PASSED] - if (i == 3 &amp;&amp; wildList.indexOf(symbol) != -1): null

2019-08-24 12:14:39 - [TEST_STEP][PASSED] - if (i == 4 &amp;&amp; wildList.indexOf(symbol) != -1): null

2019-08-24 12:14:39 - [TEST_STEP][PASSED] - symbols = symbols: null

2019-08-24 12:14:39 - [TEST_STEP][PASSED] - for ([j = 0, j &lt; symbols.size(), (j++)]): null

2019-08-24 12:14:39 - [TEST_STEP][PASSED] - symbol = symbol: null

2019-08-24 12:14:39 - [TEST_STEP][PASSED] - println(symbol): null

2019-08-24 12:14:39 - [TEST_STEP][PASSED] - if (i == 2 &amp;&amp; wildList.indexOf(symbol) != -1): null

2019-08-24 12:14:39 - [TEST_STEP][PASSED] - if (i == 3 &amp;&amp; wildList.indexOf(symbol) != -1): null

2019-08-24 12:14:39 - [TEST_STEP][PASSED] - if (i == 4 &amp;&amp; wildList.indexOf(symbol) != -1): null

2019-08-24 12:14:39 - [TEST_STEP][PASSED] - symbol = symbol: null

2019-08-24 12:14:39 - [TEST_STEP][PASSED] - println(symbol): null

2019-08-24 12:14:39 - [TEST_STEP][PASSED] - if (i == 2 &amp;&amp; wildList.indexOf(symbol) != -1): null

2019-08-24 12:14:39 - [TEST_STEP][PASSED] - if (i == 3 &amp;&amp; wildList.indexOf(symbol) != -1): null

2019-08-24 12:14:39 - [TEST_STEP][PASSED] - if (i == 4 &amp;&amp; wildList.indexOf(symbol) != -1): null

2019-08-24 12:14:39 - [TEST_STEP][PASSED] - symbol = symbol: null

2019-08-24 12:14:39 - [TEST_STEP][PASSED] - println(symbol): null

2019-08-24 12:14:39 - [TEST_STEP][PASSED] - if (i == 2 &amp;&amp; wildList.indexOf(symbol) != -1): null

2019-08-24 12:14:39 - [TEST_STEP][PASSED] - if (i == 3 &amp;&amp; wildList.indexOf(symbol) != -1): null

2019-08-24 12:14:39 - [TEST_STEP][PASSED] - if (i == 4 &amp;&amp; wildList.indexOf(symbol) != -1): null

2019-08-24 12:14:39 - [TEST_STEP][PASSED] - symbols = symbols: null

2019-08-24 12:14:39 - [TEST_STEP][PASSED] - for ([j = 0, j &lt; symbols.size(), (j++)]): null

2019-08-24 12:14:39 - [TEST_STEP][PASSED] - symbol = symbol: null

2019-08-24 12:14:39 - [TEST_STEP][PASSED] - println(symbol): null

2019-08-24 12:14:39 - [TEST_STEP][PASSED] - if (i == 2 &amp;&amp; wildList.indexOf(symbol) != -1): null

2019-08-24 12:14:39 - [TEST_STEP][PASSED] - if (i == 3 &amp;&amp; wildList.indexOf(symbol) != -1): null

2019-08-24 12:14:39 - [TEST_STEP][PASSED] - if (i == 4 &amp;&amp; wildList.indexOf(symbol) != -1): null

2019-08-24 12:14:39 - [TEST_STEP][PASSED] - symbol = symbol: null

2019-08-24 12:14:39 - [TEST_STEP][PASSED] - println(symbol): null

2019-08-24 12:14:39 - [TEST_STEP][PASSED] - if (i == 2 &amp;&amp; wildList.indexOf(symbol) != -1): null

2019-08-24 12:14:39 - [TEST_STEP][PASSED] - if (i == 3 &amp;&amp; wildList.indexOf(symbol) != -1): null

2019-08-24 12:14:39 - [TEST_STEP][PASSED] - if (i == 4 &amp;&amp; wildList.indexOf(symbol) != -1): null

2019-08-24 12:14:39 - [TEST_STEP][PASSED] - symbol = symbol: null

2019-08-24 12:14:39 - [TEST_STEP][PASSED] - println(symbol): null

2019-08-24 12:14:39 - [TEST_STEP][PASSED] - if (i == 2 &amp;&amp; wildList.indexOf(symbol) != -1): null

2019-08-24 12:14:39 - [TEST_STEP][PASSED] - if (i == 3 &amp;&amp; wildList.indexOf(symbol) != -1): null

2019-08-24 12:14:39 - [TEST_STEP][PASSED] - if (i == 4 &amp;&amp; wildList.indexOf(symbol) != -1): null

2019-08-24 12:14:39 - [TEST_STEP][PASSED] - symbols = symbols: null

2019-08-24 12:14:39 - [TEST_STEP][PASSED] - for ([j = 0, j &lt; symbols.size(), (j++)]): null

2019-08-24 12:14:39 - [TEST_STEP][PASSED] - symbol = symbol: null

2019-08-24 12:14:39 - [TEST_STEP][PASSED] - println(symbol): null

2019-08-24 12:14:39 - [TEST_STEP][PASSED] - if (i == 2 &amp;&amp; wildList.indexOf(symbol) != -1): null

2019-08-24 12:14:39 - [TEST_STEP][PASSED] - if (i == 3 &amp;&amp; wildList.indexOf(symbol) != -1): null

2019-08-24 12:14:39 - [TEST_STEP][PASSED] - if (i == 4 &amp;&amp; wildList.indexOf(symbol) != -1): null

2019-08-24 12:14:39 - [TEST_STEP][PASSED] - symbol = symbol: null

2019-08-24 12:14:39 - [TEST_STEP][PASSED] - println(symbol): null

2019-08-24 12:14:39 - [TEST_STEP][PASSED] - if (i == 2 &amp;&amp; wildList.indexOf(symbol) != -1): null

2019-08-24 12:14:39 - [TEST_STEP][PASSED] - if (i == 3 &amp;&amp; wildList.indexOf(symbol) != -1): null

2019-08-24 12:14:39 - [TEST_STEP][PASSED] - if (i == 4 &amp;&amp; wildList.indexOf(symbol) != -1): null

2019-08-24 12:14:39 - [TEST_STEP][PASSED] - symbol = symbol: null

2019-08-24 12:14:39 - [TEST_STEP][PASSED] - println(symbol): null

2019-08-24 12:14:39 - [TEST_STEP][PASSED] - if (i == 2 &amp;&amp; wildList.indexOf(symbol) != -1): null

2019-08-24 12:14:39 - [TEST_STEP][PASSED] - if (i == 3 &amp;&amp; wildList.indexOf(symbol) != -1): null

2019-08-24 12:14:39 - [TEST_STEP][PASSED] - if (i == 4 &amp;&amp; wildList.indexOf(symbol) != -1): null

2019-08-24 12:14:39 - [TEST_STEP][PASSED] - symbols = symbols: null

2019-08-24 12:14:39 - [TEST_STEP][PASSED] - for ([j = 0, j &lt; symbols.size(), (j++)]): null

2019-08-24 12:14:39 - [TEST_STEP][PASSED] - symbol = symbol: null

2019-08-24 12:14:39 - [TEST_STEP][PASSED] - println(symbol): null

2019-08-24 12:14:39 - [TEST_STEP][PASSED] - if (i == 2 &amp;&amp; wildList.indexOf(symbol) != -1): null

2019-08-24 12:14:39 - [TEST_STEP][PASSED] - if (i == 3 &amp;&amp; wildList.indexOf(symbol) != -1): null

2019-08-24 12:14:39 - [TEST_STEP][PASSED] - if (i == 4 &amp;&amp; wildList.indexOf(symbol) != -1): null

2019-08-24 12:14:39 - [TEST_STEP][PASSED] - symbol = symbol: null

2019-08-24 12:14:39 - [TEST_STEP][PASSED] - println(symbol): null

2019-08-24 12:14:39 - [TEST_STEP][PASSED] - if (i == 2 &amp;&amp; wildList.indexOf(symbol) != -1): null

2019-08-24 12:14:39 - [TEST_STEP][PASSED] - if (i == 3 &amp;&amp; wildList.indexOf(symbol) != -1): null

2019-08-24 12:14:39 - [TEST_STEP][PASSED] - if (i == 4 &amp;&amp; wildList.indexOf(symbol) != -1): null

2019-08-24 12:14:39 - [TEST_STEP][PASSED] - symbol = symbol: null

2019-08-24 12:14:39 - [TEST_STEP][PASSED] - println(symbol): null

2019-08-24 12:14:39 - [TEST_STEP][PASSED] - if (i == 2 &amp;&amp; wildList.indexOf(symbol) != -1): null

2019-08-24 12:14:39 - [TEST_STEP][PASSED] - if (i == 3 &amp;&amp; wildList.indexOf(symbol) != -1): null

2019-08-24 12:14:39 - [TEST_STEP][PASSED] - if (i == 4 &amp;&amp; wildList.indexOf(symbol) != -1): null

2019-08-24 12:14:39 - [TEST_STEP][PASSED] - println("wild found on reel 5, adding counter by 1"): null

2019-08-24 12:14:39 - [TEST_STEP][PASSED] - free_spin_reel_counter[2] = free_spin_reel_counter[2] + 1: null

2019-08-24 12:14:39 - [TEST_STEP][PASSED] - free_spin_reel_counter = free_spin_reel_counter: null

2019-08-24 12:14:39 - [TEST_STEP][PASSED] - println("reel 3 wild found: " + free_spin_reel_counter[0]): null

2019-08-24 12:14:39 - [TEST_STEP][PASSED] - println("reel 4 wild found: " + free_spin_reel_counter[1]): null

2019-08-24 12:14:39 - [TEST_STEP][PASSED] - println("reel 5 wild found: " + free_spin_reel_counter[2]): null

2019-08-24 12:14:39 - [TEST_STEP][PASSED] - M4_spin_reels = M4_spin_reels: null

2019-08-24 12:14:39 - [TEST_STEP][PASSED] - M4_spin_reels_symbols = symbol: null

2019-08-24 12:14:39 - [TEST_STEP][PASSED] - M4_spin_reels_symbols = M4_spin_reels_symbols: null

2019-08-24 12:14:39 - [TEST_STEP][PASSED] - M4_spin_reel_wins = reel_wins: null

2019-08-24 12:14:39 - [TEST_STEP][PASSED] - M4_spin_reel_wins = M4_spin_reel_wins: null

2019-08-24 12:14:39 - [TEST_STEP][PASSED] - println("GlobalVariable.M4_spin_reel_wins is: " + M4_spin_reel_wins): null

2019-08-24 12:14:39 - [TEST_STEP][PASSED] - M4_spin_total_bonus_win_this_round = total_bonus_win_this_round: null

2019-08-24 12:14:39 - [TEST_STEP][PASSED] - M4_spin_total_bonus_win_this_round = M4_spin_total_bonus_win_this_round: null

2019-08-24 12:14:39 - [TEST_STEP][PASSED] - println("GlobalVariable.M4_spin_total_bonus_win_this_round is: " + M4_spin_total_bonus_win_this_round): null

2019-08-24 12:14:39 - [TEST_STEP][PASSED] - M4_spin_bonus_spin_result = spin_result: null

2019-08-24 12:14:39 - [TEST_STEP][PASSED] - M4_spin_bonus_spin_result = M4_spin_bonus_spin_result: null

2019-08-24 12:14:39 - [MESSAGE][PASSED] - Verify response successfully

2019-08-24 12:14:39 - [MESSAGE][PASSED] - Send request and verify the response successfully

2019-08-24 12:14:39 - [TEST_STEP][PASSED] - if (M4_total_bonus_spins_int != 0 &amp;&amp; M4_spin_reels_symbols[2].contains("WILD_ExtraFG") || M4_spin_reels_symbols[3].contains("WILD_ExtraFG")): null

2019-08-24 12:14:39 - [TEST_STEP][PASSED] - free_spin_reel_counter = free_spin_reel_counter: null

2019-08-24 12:14:39 - [TEST_STEP][PASSED] - M4_spin_reels_symbols = M4_spin_reels_symbols: null

2019-08-24 12:14:39 - [TEST_STEP][PASSED] - M4_total_bonus_spins = M4_total_bonus_spins: null

2019-08-24 12:14:39 - [TEST_STEP][PASSED] - spin_result = sendRequestAndVerify(findTestObject("INT/RGS(M4)/1_M4_spin", ["M4_login_user_id":M4_login_user_id, "rgs_session_token":rgs_session_token, "partner":Partner])): Send request and verify the response successfully

2019-08-24 12:14:40 - [MESSAGE][INFO] - HAR: /Users/eiralee/Katalon_Script/SuperWild/Reports/20190824_120919/INT/superWild_3/20190824_120919/requests/main/91.har

2019-08-24 12:14:40 - [TEST_CASE][PASSED] - Start Test Case : Verification: Verification accomplished successfully

2019-08-24 12:14:40 - [TEST_STEP][PASSED] - request = getInstance().getCurrentRequest(): null

2019-08-24 12:14:40 - [TEST_STEP][PASSED] - response = getInstance().getCurrentResponse(): null

2019-08-24 12:14:40 - [TEST_STEP][PASSED] - verifyResponseStatusCode(response, 200): Verify response status code successfully

2019-08-24 12:14:40 - [MESSAGE][PASSED] - Verify response status code successfully

2019-08-24 12:14:40 - [TEST_STEP][PASSED] - getStatusCode()).isEqualTo(200): null

2019-08-24 12:14:40 - [TEST_STEP][PASSED] - newline = System.getProperty("line.separator"): null

2019-08-24 12:14:40 - [TEST_STEP][PASSED] - M4_spin = new groovy.json.JsonSlurper(): null

2019-08-24 12:14:40 - [TEST_STEP][PASSED] - result_M4_spin = M4_spin.parseText(response.getResponseBodyContent()): null

2019-08-24 12:14:40 - [TEST_STEP][PASSED] - M4_spin_current_balance = current_balance: null

2019-08-24 12:14:40 - [TEST_STEP][PASSED] - M4_spin_current_balance = M4_spin_current_balance: null

2019-08-24 12:14:40 - [TEST_STEP][PASSED] - M4_spin_transaction_id = causality: null

2019-08-24 12:14:40 - [TEST_STEP][PASSED] - M4_spin_transaction_id = M4_spin_transaction_id: null

2019-08-24 12:14:40 - [TEST_STEP][PASSED] - M4_spin_round_id = round_id: null

2019-08-24 12:14:40 - [TEST_STEP][PASSED] - M4_spin_round_id = M4_spin_round_id: null

2019-08-24 12:14:40 - [TEST_STEP][PASSED] - M4_spin_line_wins = line_wins: null

2019-08-24 12:14:40 - [TEST_STEP][PASSED] - M4_spin_line_wins = M4_spin_line_wins: null

2019-08-24 12:14:40 - [TEST_STEP][PASSED] - M4_total_bonus_spins_int = total_bonus_spins: null

2019-08-24 12:14:40 - [TEST_STEP][PASSED] - println("******M4_total_bonus_spins type is:*******" + newline + getClass().getName()): null

2019-08-24 12:14:40 - [TEST_STEP][PASSED] - M4_total_bonus_spins_int = M4_total_bonus_spins_int: null

2019-08-24 12:14:40 - [TEST_STEP][PASSED] - M4_total_bonus_spins = Integer.toString(M4_total_bonus_spins_int): null

2019-08-24 12:14:40 - [TEST_STEP][PASSED] - M4_total_bonus_spins = M4_total_bonus_spins: null

2019-08-24 12:14:40 - [TEST_STEP][PASSED] - println("M4_total_bonus_spins is:" + M4_total_bonus_spins): null

2019-08-24 12:14:40 - [TEST_STEP][PASSED] - M4_spin_bonus_data = bonus_data: null

2019-08-24 12:14:40 - [TEST_STEP][PASSED] - M4_spin_features_triggered = result_M4_spin: null

2019-08-24 12:14:40 - [TEST_STEP][PASSED] - wild = []: null

2019-08-24 12:14:40 - [TEST_STEP][PASSED] - wild[0] = "WILD_Expanding": null

2019-08-24 12:14:40 - [TEST_STEP][PASSED] - wild[1] = "WILD_Normal": null

2019-08-24 12:14:40 - [TEST_STEP][PASSED] - wild[2] = "WILD_Double": null

2019-08-24 12:14:40 - [TEST_STEP][PASSED] - wild[3] = "WILD_ExtraFG": null

2019-08-24 12:14:40 - [TEST_STEP][PASSED] - wild[4] = "WILD_Triple": null

2019-08-24 12:14:40 - [TEST_STEP][PASSED] - wildList = Arrays.asList(wild): null

2019-08-24 12:14:40 - [TEST_STEP][PASSED] - wildList = wildList: null

2019-08-24 12:14:40 - [TEST_STEP][PASSED] - free_spin_reel_counter = []: null

2019-08-24 12:14:40 - [TEST_STEP][PASSED] - free_spin_reel_counter[0] = 0: null

2019-08-24 12:14:40 - [TEST_STEP][PASSED] - free_spin_reel_counter[1] = 0: null

2019-08-24 12:14:40 - [TEST_STEP][PASSED] - free_spin_reel_counter[2] = 0: null

2019-08-24 12:14:40 - [TEST_STEP][PASSED] - M4_spin_reels = reels: null

2019-08-24 12:14:40 - [TEST_STEP][PASSED] - for ([i = 0, i &lt; M4_spin_reels.size(), (i++)]): null

2019-08-24 12:14:40 - [TEST_STEP][PASSED] - symbols = symbols: null

2019-08-24 12:14:40 - [TEST_STEP][PASSED] - for ([j = 0, j &lt; symbols.size(), (j++)]): null

2019-08-24 12:14:40 - [TEST_STEP][PASSED] - symbol = symbol: null

2019-08-24 12:14:40 - [TEST_STEP][PASSED] - println(symbol): null

2019-08-24 12:14:40 - [TEST_STEP][PASSED] - if (i == 2 &amp;&amp; wildList.indexOf(symbol) != -1): null

2019-08-24 12:14:40 - [TEST_STEP][PASSED] - if (i == 3 &amp;&amp; wildList.indexOf(symbol) != -1): null

2019-08-24 12:14:40 - [TEST_STEP][PASSED] - if (i == 4 &amp;&amp; wildList.indexOf(symbol) != -1): null

2019-08-24 12:14:40 - [TEST_STEP][PASSED] - symbol = symbol: null

2019-08-24 12:14:40 - [TEST_STEP][PASSED] - println(symbol): null

2019-08-24 12:14:40 - [TEST_STEP][PASSED] - if (i == 2 &amp;&amp; wildList.indexOf(symbol) != -1): null

2019-08-24 12:14:40 - [TEST_STEP][PASSED] - if (i == 3 &amp;&amp; wildList.indexOf(symbol) != -1): null

2019-08-24 12:14:40 - [TEST_STEP][PASSED] - if (i == 4 &amp;&amp; wildList.indexOf(symbol) != -1): null

2019-08-24 12:14:40 - [TEST_STEP][PASSED] - symbol = symbol: null

2019-08-24 12:14:40 - [TEST_STEP][PASSED] - println(symbol): null

2019-08-24 12:14:40 - [TEST_STEP][PASSED] - if (i == 2 &amp;&amp; wildList.indexOf(symbol) != -1): null

2019-08-24 12:14:40 - [TEST_STEP][PASSED] - if (i == 3 &amp;&amp; wildList.indexOf(symbol) != -1): null

2019-08-24 12:14:40 - [TEST_STEP][PASSED] - if (i == 4 &amp;&amp; wildList.indexOf(symbol) != -1): null

2019-08-24 12:14:40 - [TEST_STEP][PASSED] - symbols = symbols: null

2019-08-24 12:14:40 - [TEST_STEP][PASSED] - for ([j = 0, j &lt; symbols.size(), (j++)]): null

2019-08-24 12:14:40 - [TEST_STEP][PASSED] - symbol = symbol: null

2019-08-24 12:14:40 - [TEST_STEP][PASSED] - println(symbol): null

2019-08-24 12:14:40 - [TEST_STEP][PASSED] - if (i == 2 &amp;&amp; wildList.indexOf(symbol) != -1): null

2019-08-24 12:14:40 - [TEST_STEP][PASSED] - if (i == 3 &amp;&amp; wildList.indexOf(symbol) != -1): null

2019-08-24 12:14:40 - [TEST_STEP][PASSED] - if (i == 4 &amp;&amp; wildList.indexOf(symbol) != -1): null

2019-08-24 12:14:40 - [TEST_STEP][PASSED] - symbol = symbol: null

2019-08-24 12:14:40 - [TEST_STEP][PASSED] - println(symbol): null

2019-08-24 12:14:40 - [TEST_STEP][PASSED] - if (i == 2 &amp;&amp; wildList.indexOf(symbol) != -1): null

2019-08-24 12:14:40 - [TEST_STEP][PASSED] - if (i == 3 &amp;&amp; wildList.indexOf(symbol) != -1): null

2019-08-24 12:14:40 - [TEST_STEP][PASSED] - if (i == 4 &amp;&amp; wildList.indexOf(symbol) != -1): null

2019-08-24 12:14:40 - [TEST_STEP][PASSED] - symbol = symbol: null

2019-08-24 12:14:40 - [TEST_STEP][PASSED] - println(symbol): null

2019-08-24 12:14:40 - [TEST_STEP][PASSED] - if (i == 2 &amp;&amp; wildList.indexOf(symbol) != -1): null

2019-08-24 12:14:40 - [TEST_STEP][PASSED] - if (i == 3 &amp;&amp; wildList.indexOf(symbol) != -1): null

2019-08-24 12:14:40 - [TEST_STEP][PASSED] - if (i == 4 &amp;&amp; wildList.indexOf(symbol) != -1): null

2019-08-24 12:14:40 - [TEST_STEP][PASSED] - symbols = symbols: null

2019-08-24 12:14:40 - [TEST_STEP][PASSED] - for ([j = 0, j &lt; symbols.size(), (j++)]): null

2019-08-24 12:14:40 - [TEST_STEP][PASSED] - symbol = symbol: null

2019-08-24 12:14:40 - [TEST_STEP][PASSED] - println(symbol): null

2019-08-24 12:14:40 - [TEST_STEP][PASSED] - if (i == 2 &amp;&amp; wildList.indexOf(symbol) != -1): null

2019-08-24 12:14:40 - [TEST_STEP][PASSED] - if (i == 3 &amp;&amp; wildList.indexOf(symbol) != -1): null

2019-08-24 12:14:40 - [TEST_STEP][PASSED] - if (i == 4 &amp;&amp; wildList.indexOf(symbol) != -1): null

2019-08-24 12:14:40 - [TEST_STEP][PASSED] - symbol = symbol: null

2019-08-24 12:14:40 - [TEST_STEP][PASSED] - println(symbol): null

2019-08-24 12:14:40 - [TEST_STEP][PASSED] - if (i == 2 &amp;&amp; wildList.indexOf(symbol) != -1): null

2019-08-24 12:14:40 - [TEST_STEP][PASSED] - if (i == 3 &amp;&amp; wildList.indexOf(symbol) != -1): null

2019-08-24 12:14:40 - [TEST_STEP][PASSED] - if (i == 4 &amp;&amp; wildList.indexOf(symbol) != -1): null

2019-08-24 12:14:40 - [TEST_STEP][PASSED] - symbol = symbol: null

2019-08-24 12:14:40 - [TEST_STEP][PASSED] - println(symbol): null

2019-08-24 12:14:40 - [TEST_STEP][PASSED] - if (i == 2 &amp;&amp; wildList.indexOf(symbol) != -1): null

2019-08-24 12:14:40 - [TEST_STEP][PASSED] - if (i == 3 &amp;&amp; wildList.indexOf(symbol) != -1): null

2019-08-24 12:14:40 - [TEST_STEP][PASSED] - if (i == 4 &amp;&amp; wildList.indexOf(symbol) != -1): null

2019-08-24 12:14:40 - [TEST_STEP][PASSED] - symbols = symbols: null

2019-08-24 12:14:40 - [TEST_STEP][PASSED] - for ([j = 0, j &lt; symbols.size(), (j++)]): null

2019-08-24 12:14:40 - [TEST_STEP][PASSED] - symbol = symbol: null

2019-08-24 12:14:40 - [TEST_STEP][PASSED] - println(symbol): null

2019-08-24 12:14:40 - [TEST_STEP][PASSED] - if (i == 2 &amp;&amp; wildList.indexOf(symbol) != -1): null

2019-08-24 12:14:40 - [TEST_STEP][PASSED] - if (i == 3 &amp;&amp; wildList.indexOf(symbol) != -1): null

2019-08-24 12:14:40 - [TEST_STEP][PASSED] - if (i == 4 &amp;&amp; wildList.indexOf(symbol) != -1): null

2019-08-24 12:14:40 - [TEST_STEP][PASSED] - symbol = symbol: null

2019-08-24 12:14:40 - [TEST_STEP][PASSED] - println(symbol): null

2019-08-24 12:14:40 - [TEST_STEP][PASSED] - if (i == 2 &amp;&amp; wildList.indexOf(symbol) != -1): null

2019-08-24 12:14:40 - [TEST_STEP][PASSED] - if (i == 3 &amp;&amp; wildList.indexOf(symbol) != -1): null

2019-08-24 12:14:40 - [TEST_STEP][PASSED] - if (i == 4 &amp;&amp; wildList.indexOf(symbol) != -1): null

2019-08-24 12:14:40 - [TEST_STEP][PASSED] - symbol = symbol: null

2019-08-24 12:14:40 - [TEST_STEP][PASSED] - println(symbol): null

2019-08-24 12:14:40 - [TEST_STEP][PASSED] - if (i == 2 &amp;&amp; wildList.indexOf(symbol) != -1): null

2019-08-24 12:14:40 - [TEST_STEP][PASSED] - if (i == 3 &amp;&amp; wildList.indexOf(symbol) != -1): null

2019-08-24 12:14:40 - [TEST_STEP][PASSED] - if (i == 4 &amp;&amp; wildList.indexOf(symbol) != -1): null

2019-08-24 12:14:40 - [TEST_STEP][PASSED] - symbols = symbols: null

2019-08-24 12:14:40 - [TEST_STEP][PASSED] - for ([j = 0, j &lt; symbols.size(), (j++)]): null

2019-08-24 12:14:40 - [TEST_STEP][PASSED] - symbol = symbol: null

2019-08-24 12:14:40 - [TEST_STEP][PASSED] - println(symbol): null

2019-08-24 12:14:40 - [TEST_STEP][PASSED] - if (i == 2 &amp;&amp; wildList.indexOf(symbol) != -1): null

2019-08-24 12:14:40 - [TEST_STEP][PASSED] - if (i == 3 &amp;&amp; wildList.indexOf(symbol) != -1): null

2019-08-24 12:14:40 - [TEST_STEP][PASSED] - if (i == 4 &amp;&amp; wildList.indexOf(symbol) != -1): null

2019-08-24 12:14:40 - [TEST_STEP][PASSED] - symbol = symbol: null

2019-08-24 12:14:40 - [TEST_STEP][PASSED] - println(symbol): null

2019-08-24 12:14:40 - [TEST_STEP][PASSED] - if (i == 2 &amp;&amp; wildList.indexOf(symbol) != -1): null

2019-08-24 12:14:40 - [TEST_STEP][PASSED] - if (i == 3 &amp;&amp; wildList.indexOf(symbol) != -1): null

2019-08-24 12:14:40 - [TEST_STEP][PASSED] - if (i == 4 &amp;&amp; wildList.indexOf(symbol) != -1): null

2019-08-24 12:14:40 - [TEST_STEP][PASSED] - symbol = symbol: null

2019-08-24 12:14:40 - [TEST_STEP][PASSED] - println(symbol): null

2019-08-24 12:14:40 - [TEST_STEP][PASSED] - if (i == 2 &amp;&amp; wildList.indexOf(symbol) != -1): null

2019-08-24 12:14:40 - [TEST_STEP][PASSED] - if (i == 3 &amp;&amp; wildList.indexOf(symbol) != -1): null

2019-08-24 12:14:40 - [TEST_STEP][PASSED] - if (i == 4 &amp;&amp; wildList.indexOf(symbol) != -1): null

2019-08-24 12:14:40 - [TEST_STEP][PASSED] - free_spin_reel_counter = free_spin_reel_counter: null

2019-08-24 12:14:40 - [TEST_STEP][PASSED] - println("reel 3 wild found: " + free_spin_reel_counter[0]): null

2019-08-24 12:14:40 - [TEST_STEP][PASSED] - println("reel 4 wild found: " + free_spin_reel_counter[1]): null

2019-08-24 12:14:40 - [TEST_STEP][PASSED] - println("reel 5 wild found: " + free_spin_reel_counter[2]): null

2019-08-24 12:14:40 - [TEST_STEP][PASSED] - M4_spin_reels = M4_spin_reels: null

2019-08-24 12:14:40 - [TEST_STEP][PASSED] - M4_spin_reels_symbols = symbol: null

2019-08-24 12:14:40 - [TEST_STEP][PASSED] - M4_spin_reels_symbols = M4_spin_reels_symbols: null

2019-08-24 12:14:40 - [TEST_STEP][PASSED] - M4_spin_reel_wins = reel_wins: null

2019-08-24 12:14:40 - [TEST_STEP][PASSED] - M4_spin_reel_wins = M4_spin_reel_wins: null

2019-08-24 12:14:40 - [TEST_STEP][PASSED] - println("GlobalVariable.M4_spin_reel_wins is: " + M4_spin_reel_wins): null

2019-08-24 12:14:40 - [TEST_STEP][PASSED] - M4_spin_total_bonus_win_this_round = total_bonus_win_this_round: null

2019-08-24 12:14:40 - [TEST_STEP][PASSED] - M4_spin_total_bonus_win_this_round = M4_spin_total_bonus_win_this_round: null

2019-08-24 12:14:43 - [TEST_STEP][PASSED] - println("GlobalVariable.M4_spin_total_bonus_win_this_round is: " + M4_spin_total_bonus_win_this_round): null

2019-08-24 12:14:43 - [TEST_STEP][PASSED] - M4_spin_bonus_spin_result = spin_result: null

2019-08-24 12:14:43 - [TEST_STEP][PASSED] - M4_spin_bonus_spin_result = M4_spin_bonus_spin_result: null

2019-08-24 12:14:43 - [MESSAGE][PASSED] - Verify response successfully

2019-08-24 12:14:43 - [MESSAGE][PASSED] - Send request and verify the response successfully

2019-08-24 12:14:43 - [TEST_STEP][PASSED] - if (M4_total_bonus_spins_int != 0 &amp;&amp; M4_spin_reels_symbols[2].contains("WILD_ExtraFG") || M4_spin_reels_symbols[3].contains("WILD_ExtraFG")): null

2019-08-24 12:14:43 - [TEST_STEP][PASSED] - free_spin_reel_counter = free_spin_reel_counter: null

2019-08-24 12:14:43 - [TEST_STEP][PASSED] - M4_spin_reels_symbols = M4_spin_reels_symbols: null

2019-08-24 12:14:43 - [TEST_STEP][PASSED] - M4_total_bonus_spins = M4_total_bonus_spins: null

2019-08-24 12:14:46 - [TEST_STEP][PASSED] - spin_result = sendRequestAndVerify(findTestObject("INT/RGS(M4)/1_M4_spin", ["M4_login_user_id":M4_login_user_id, "rgs_session_token":rgs_session_token, "partner":Partner])): Send request and verify the response successfully

2019-08-24 12:14:47 - [MESSAGE][INFO] - HAR: /Users/eiralee/Katalon_Script/SuperWild/Reports/20190824_120919/INT/superWild_3/20190824_120919/requests/main/92.har

2019-08-24 12:14:47 - [TEST_CASE][PASSED] - Start Test Case : Verification: Verification accomplished successfully

2019-08-24 12:14:47 - [TEST_STEP][PASSED] - request = getInstance().getCurrentRequest(): null

2019-08-24 12:14:47 - [TEST_STEP][PASSED] - response = getInstance().getCurrentResponse(): null

2019-08-24 12:14:47 - [TEST_STEP][PASSED] - verifyResponseStatusCode(response, 200): Verify response status code successfully

2019-08-24 12:14:47 - [MESSAGE][PASSED] - Verify response status code successfully

2019-08-24 12:14:47 - [TEST_STEP][PASSED] - getStatusCode()).isEqualTo(200): null

2019-08-24 12:14:47 - [TEST_STEP][PASSED] - newline = System.getProperty("line.separator"): null

2019-08-24 12:14:47 - [TEST_STEP][PASSED] - M4_spin = new groovy.json.JsonSlurper(): null

2019-08-24 12:14:47 - [TEST_STEP][PASSED] - result_M4_spin = M4_spin.parseText(response.getResponseBodyContent()): null

2019-08-24 12:14:47 - [TEST_STEP][PASSED] - M4_spin_current_balance = current_balance: null

2019-08-24 12:14:47 - [TEST_STEP][PASSED] - M4_spin_current_balance = M4_spin_current_balance: null

2019-08-24 12:14:47 - [TEST_STEP][PASSED] - M4_spin_transaction_id = causality: null

2019-08-24 12:14:47 - [TEST_STEP][PASSED] - M4_spin_transaction_id = M4_spin_transaction_id: null

2019-08-24 12:14:47 - [TEST_STEP][PASSED] - M4_spin_round_id = round_id: null

2019-08-24 12:14:47 - [TEST_STEP][PASSED] - M4_spin_round_id = M4_spin_round_id: null

2019-08-24 12:14:47 - [TEST_STEP][PASSED] - M4_spin_line_wins = line_wins: null

2019-08-24 12:14:47 - [TEST_STEP][PASSED] - M4_spin_line_wins = M4_spin_line_wins: null

2019-08-24 12:14:47 - [TEST_STEP][PASSED] - M4_total_bonus_spins_int = total_bonus_spins: null

2019-08-24 12:14:47 - [TEST_STEP][PASSED] - println("******M4_total_bonus_spins type is:*******" + newline + getClass().getName()): null

2019-08-24 12:14:47 - [TEST_STEP][PASSED] - M4_total_bonus_spins_int = M4_total_bonus_spins_int: null

2019-08-24 12:14:47 - [TEST_STEP][PASSED] - M4_total_bonus_spins = Integer.toString(M4_total_bonus_spins_int): null

2019-08-24 12:14:47 - [TEST_STEP][PASSED] - M4_total_bonus_spins = M4_total_bonus_spins: null

2019-08-24 12:14:47 - [TEST_STEP][PASSED] - println("M4_total_bonus_spins is:" + M4_total_bonus_spins): null

2019-08-24 12:14:47 - [TEST_STEP][PASSED] - M4_spin_bonus_data = bonus_data: null

2019-08-24 12:14:47 - [TEST_STEP][PASSED] - M4_spin_features_triggered = result_M4_spin: null

2019-08-24 12:14:47 - [TEST_STEP][PASSED] - wild = []: null

2019-08-24 12:14:47 - [TEST_STEP][PASSED] - wild[0] = "WILD_Expanding": null

2019-08-24 12:14:47 - [TEST_STEP][PASSED] - wild[1] = "WILD_Normal": null

2019-08-24 12:14:47 - [TEST_STEP][PASSED] - wild[2] = "WILD_Double": null

2019-08-24 12:14:47 - [TEST_STEP][PASSED] - wild[3] = "WILD_ExtraFG": null

2019-08-24 12:14:47 - [TEST_STEP][PASSED] - wild[4] = "WILD_Triple": null

2019-08-24 12:14:47 - [TEST_STEP][PASSED] - wildList = Arrays.asList(wild): null

2019-08-24 12:14:47 - [TEST_STEP][PASSED] - wildList = wildList: null

2019-08-24 12:14:47 - [TEST_STEP][PASSED] - free_spin_reel_counter = []: null

2019-08-24 12:14:47 - [TEST_STEP][PASSED] - free_spin_reel_counter[0] = 0: null

2019-08-24 12:14:47 - [TEST_STEP][PASSED] - free_spin_reel_counter[1] = 0: null

2019-08-24 12:14:47 - [TEST_STEP][PASSED] - free_spin_reel_counter[2] = 0: null

2019-08-24 12:14:47 - [TEST_STEP][PASSED] - M4_spin_reels = reels: null

2019-08-24 12:14:47 - [TEST_STEP][PASSED] - for ([i = 0, i &lt; M4_spin_reels.size(), (i++)]): null

2019-08-24 12:14:47 - [TEST_STEP][PASSED] - symbols = symbols: null

2019-08-24 12:14:47 - [TEST_STEP][PASSED] - for ([j = 0, j &lt; symbols.size(), (j++)]): null

2019-08-24 12:14:47 - [TEST_STEP][PASSED] - symbol = symbol: null

2019-08-24 12:14:47 - [TEST_STEP][PASSED] - println(symbol): null

2019-08-24 12:14:47 - [TEST_STEP][PASSED] - if (i == 2 &amp;&amp; wildList.indexOf(symbol) != -1): null

2019-08-24 12:14:47 - [TEST_STEP][PASSED] - if (i == 3 &amp;&amp; wildList.indexOf(symbol) != -1): null

2019-08-24 12:14:47 - [TEST_STEP][PASSED] - if (i == 4 &amp;&amp; wildList.indexOf(symbol) != -1): null

2019-08-24 12:14:47 - [TEST_STEP][PASSED] - symbol = symbol: null

2019-08-24 12:14:47 - [TEST_STEP][PASSED] - println(symbol): null

2019-08-24 12:14:47 - [TEST_STEP][PASSED] - if (i == 2 &amp;&amp; wildList.indexOf(symbol) != -1): null

2019-08-24 12:14:47 - [TEST_STEP][PASSED] - if (i == 3 &amp;&amp; wildList.indexOf(symbol) != -1): null

2019-08-24 12:14:47 - [TEST_STEP][PASSED] - if (i == 4 &amp;&amp; wildList.indexOf(symbol) != -1): null

2019-08-24 12:14:47 - [TEST_STEP][PASSED] - symbol = symbol: null

2019-08-24 12:14:47 - [TEST_STEP][PASSED] - println(symbol): null

2019-08-24 12:14:47 - [TEST_STEP][PASSED] - if (i == 2 &amp;&amp; wildList.indexOf(symbol) != -1): null

2019-08-24 12:14:47 - [TEST_STEP][PASSED] - if (i == 3 &amp;&amp; wildList.indexOf(symbol) != -1): null

2019-08-24 12:14:47 - [TEST_STEP][PASSED] - if (i == 4 &amp;&amp; wildList.indexOf(symbol) != -1): null

2019-08-24 12:14:47 - [TEST_STEP][PASSED] - symbols = symbols: null

2019-08-24 12:14:47 - [TEST_STEP][PASSED] - for ([j = 0, j &lt; symbols.size(), (j++)]): null

2019-08-24 12:14:47 - [TEST_STEP][PASSED] - symbol = symbol: null

2019-08-24 12:14:47 - [TEST_STEP][PASSED] - println(symbol): null

2019-08-24 12:14:47 - [TEST_STEP][PASSED] - if (i == 2 &amp;&amp; wildList.indexOf(symbol) != -1): null

2019-08-24 12:14:47 - [TEST_STEP][PASSED] - if (i == 3 &amp;&amp; wildList.indexOf(symbol) != -1): null

2019-08-24 12:14:47 - [TEST_STEP][PASSED] - if (i == 4 &amp;&amp; wildList.indexOf(symbol) != -1): null

2019-08-24 12:14:47 - [TEST_STEP][PASSED] - symbol = symbol: null

2019-08-24 12:14:47 - [TEST_STEP][PASSED] - println(symbol): null

2019-08-24 12:14:47 - [TEST_STEP][PASSED] - if (i == 2 &amp;&amp; wildList.indexOf(symbol) != -1): null

2019-08-24 12:14:47 - [TEST_STEP][PASSED] - if (i == 3 &amp;&amp; wildList.indexOf(symbol) != -1): null

2019-08-24 12:14:47 - [TEST_STEP][PASSED] - if (i == 4 &amp;&amp; wildList.indexOf(symbol) != -1): null

2019-08-24 12:14:47 - [TEST_STEP][PASSED] - symbol = symbol: null

2019-08-24 12:14:47 - [TEST_STEP][PASSED] - println(symbol): null

2019-08-24 12:14:47 - [TEST_STEP][PASSED] - if (i == 2 &amp;&amp; wildList.indexOf(symbol) != -1): null

2019-08-24 12:14:47 - [TEST_STEP][PASSED] - if (i == 3 &amp;&amp; wildList.indexOf(symbol) != -1): null

2019-08-24 12:14:47 - [TEST_STEP][PASSED] - if (i == 4 &amp;&amp; wildList.indexOf(symbol) != -1): null

2019-08-24 12:14:47 - [TEST_STEP][PASSED] - symbols = symbols: null

2019-08-24 12:14:47 - [TEST_STEP][PASSED] - for ([j = 0, j &lt; symbols.size(), (j++)]): null

2019-08-24 12:14:47 - [TEST_STEP][PASSED] - symbol = symbol: null

2019-08-24 12:14:47 - [TEST_STEP][PASSED] - println(symbol): null

2019-08-24 12:14:47 - [TEST_STEP][PASSED] - if (i == 2 &amp;&amp; wildList.indexOf(symbol) != -1): null

2019-08-24 12:14:47 - [TEST_STEP][PASSED] - if (i == 3 &amp;&amp; wildList.indexOf(symbol) != -1): null

2019-08-24 12:14:47 - [TEST_STEP][PASSED] - if (i == 4 &amp;&amp; wildList.indexOf(symbol) != -1): null

2019-08-24 12:14:47 - [TEST_STEP][PASSED] - symbol = symbol: null

2019-08-24 12:14:47 - [TEST_STEP][PASSED] - println(symbol): null

2019-08-24 12:14:47 - [TEST_STEP][PASSED] - if (i == 2 &amp;&amp; wildList.indexOf(symbol) != -1): null

2019-08-24 12:14:47 - [TEST_STEP][PASSED] - if (i == 3 &amp;&amp; wildList.indexOf(symbol) != -1): null

2019-08-24 12:14:47 - [TEST_STEP][PASSED] - if (i == 4 &amp;&amp; wildList.indexOf(symbol) != -1): null

2019-08-24 12:14:47 - [TEST_STEP][PASSED] - symbol = symbol: null

2019-08-24 12:14:47 - [TEST_STEP][PASSED] - println(symbol): null

2019-08-24 12:14:47 - [TEST_STEP][PASSED] - if (i == 2 &amp;&amp; wildList.indexOf(symbol) != -1): null

2019-08-24 12:14:47 - [TEST_STEP][PASSED] - if (i == 3 &amp;&amp; wildList.indexOf(symbol) != -1): null

2019-08-24 12:14:47 - [TEST_STEP][PASSED] - if (i == 4 &amp;&amp; wildList.indexOf(symbol) != -1): null

2019-08-24 12:14:47 - [TEST_STEP][PASSED] - symbols = symbols: null

2019-08-24 12:14:47 - [TEST_STEP][PASSED] - for ([j = 0, j &lt; symbols.size(), (j++)]): null

2019-08-24 12:14:47 - [TEST_STEP][PASSED] - symbol = symbol: null

2019-08-24 12:14:47 - [TEST_STEP][PASSED] - println(symbol): null

2019-08-24 12:14:47 - [TEST_STEP][PASSED] - if (i == 2 &amp;&amp; wildList.indexOf(symbol) != -1): null

2019-08-24 12:14:47 - [TEST_STEP][PASSED] - if (i == 3 &amp;&amp; wildList.indexOf(symbol) != -1): null

2019-08-24 12:14:47 - [TEST_STEP][PASSED] - if (i == 4 &amp;&amp; wildList.indexOf(symbol) != -1): null

2019-08-24 12:14:47 - [TEST_STEP][PASSED] - symbol = symbol: null

2019-08-24 12:14:47 - [TEST_STEP][PASSED] - println(symbol): null

2019-08-24 12:14:47 - [TEST_STEP][PASSED] - if (i == 2 &amp;&amp; wildList.indexOf(symbol) != -1): null

2019-08-24 12:14:47 - [TEST_STEP][PASSED] - if (i == 3 &amp;&amp; wildList.indexOf(symbol) != -1): null

2019-08-24 12:14:47 - [TEST_STEP][PASSED] - if (i == 4 &amp;&amp; wildList.indexOf(symbol) != -1): null

2019-08-24 12:14:47 - [TEST_STEP][PASSED] - symbol = symbol: null

2019-08-24 12:14:47 - [TEST_STEP][PASSED] - println(symbol): null

2019-08-24 12:14:47 - [TEST_STEP][PASSED] - if (i == 2 &amp;&amp; wildList.indexOf(symbol) != -1): null

2019-08-24 12:14:47 - [TEST_STEP][PASSED] - if (i == 3 &amp;&amp; wildList.indexOf(symbol) != -1): null

2019-08-24 12:14:47 - [TEST_STEP][PASSED] - if (i == 4 &amp;&amp; wildList.indexOf(symbol) != -1): null

2019-08-24 12:14:47 - [TEST_STEP][PASSED] - symbols = symbols: null

2019-08-24 12:14:47 - [TEST_STEP][PASSED] - for ([j = 0, j &lt; symbols.size(), (j++)]): null

2019-08-24 12:14:47 - [TEST_STEP][PASSED] - symbol = symbol: null

2019-08-24 12:14:47 - [TEST_STEP][PASSED] - println(symbol): null

2019-08-24 12:14:47 - [TEST_STEP][PASSED] - if (i == 2 &amp;&amp; wildList.indexOf(symbol) != -1): null

2019-08-24 12:14:47 - [TEST_STEP][PASSED] - if (i == 3 &amp;&amp; wildList.indexOf(symbol) != -1): null

2019-08-24 12:14:47 - [TEST_STEP][PASSED] - if (i == 4 &amp;&amp; wildList.indexOf(symbol) != -1): null

2019-08-24 12:14:47 - [TEST_STEP][PASSED] - symbol = symbol: null

2019-08-24 12:14:47 - [TEST_STEP][PASSED] - println(symbol): null

2019-08-24 12:14:47 - [TEST_STEP][PASSED] - if (i == 2 &amp;&amp; wildList.indexOf(symbol) != -1): null

2019-08-24 12:14:47 - [TEST_STEP][PASSED] - if (i == 3 &amp;&amp; wildList.indexOf(symbol) != -1): null

2019-08-24 12:14:47 - [TEST_STEP][PASSED] - if (i == 4 &amp;&amp; wildList.indexOf(symbol) != -1): null

2019-08-24 12:14:47 - [TEST_STEP][PASSED] - symbol = symbol: null

2019-08-24 12:14:47 - [TEST_STEP][PASSED] - println(symbol): null

2019-08-24 12:14:47 - [TEST_STEP][PASSED] - if (i == 2 &amp;&amp; wildList.indexOf(symbol) != -1): null

2019-08-24 12:14:47 - [TEST_STEP][PASSED] - if (i == 3 &amp;&amp; wildList.indexOf(symbol) != -1): null

2019-08-24 12:14:47 - [TEST_STEP][PASSED] - if (i == 4 &amp;&amp; wildList.indexOf(symbol) != -1): null

2019-08-24 12:14:47 - [TEST_STEP][PASSED] - free_spin_reel_counter = free_spin_reel_counter: null

2019-08-24 12:14:47 - [TEST_STEP][PASSED] - println("reel 3 wild found: " + free_spin_reel_counter[0]): null

2019-08-24 12:14:47 - [TEST_STEP][PASSED] - println("reel 4 wild found: " + free_spin_reel_counter[1]): null

2019-08-24 12:14:47 - [TEST_STEP][PASSED] - println("reel 5 wild found: " + free_spin_reel_counter[2]): null

2019-08-24 12:14:47 - [TEST_STEP][PASSED] - M4_spin_reels = M4_spin_reels: null

2019-08-24 12:14:47 - [TEST_STEP][PASSED] - M4_spin_reels_symbols = symbol: null

2019-08-24 12:14:47 - [TEST_STEP][PASSED] - M4_spin_reels_symbols = M4_spin_reels_symbols: null

2019-08-24 12:14:47 - [TEST_STEP][PASSED] - M4_spin_reel_wins = reel_wins: null

2019-08-24 12:14:47 - [TEST_STEP][PASSED] - M4_spin_reel_wins = M4_spin_reel_wins: null

2019-08-24 12:14:47 - [TEST_STEP][PASSED] - println("GlobalVariable.M4_spin_reel_wins is: " + M4_spin_reel_wins): null

2019-08-24 12:14:47 - [TEST_STEP][PASSED] - M4_spin_total_bonus_win_this_round = total_bonus_win_this_round: null

2019-08-24 12:14:47 - [TEST_STEP][PASSED] - M4_spin_total_bonus_win_this_round = M4_spin_total_bonus_win_this_round: null

2019-08-24 12:14:47 - [TEST_STEP][PASSED] - println("GlobalVariable.M4_spin_total_bonus_win_this_round is: " + M4_spin_total_bonus_win_this_round): null

2019-08-24 12:14:47 - [TEST_STEP][PASSED] - M4_spin_bonus_spin_result = spin_result: null

2019-08-24 12:14:47 - [TEST_STEP][PASSED] - M4_spin_bonus_spin_result = M4_spin_bonus_spin_result: null

2019-08-24 12:14:47 - [MESSAGE][PASSED] - Verify response successfully

2019-08-24 12:14:47 - [MESSAGE][PASSED] - Send request and verify the response successfully

2019-08-24 12:14:47 - [TEST_STEP][PASSED] - if (M4_total_bonus_spins_int != 0 &amp;&amp; M4_spin_reels_symbols[2].contains("WILD_ExtraFG") || M4_spin_reels_symbols[3].contains("WILD_ExtraFG")): null

2019-08-24 12:14:47 - [TEST_STEP][PASSED] - free_spin_reel_counter = free_spin_reel_counter: null

2019-08-24 12:14:47 - [TEST_STEP][PASSED] - M4_spin_reels_symbols = M4_spin_reels_symbols: null

2019-08-24 12:14:47 - [TEST_STEP][PASSED] - M4_total_bonus_spins = M4_total_bonus_spins: null

2019-08-24 12:14:47 - [TEST_STEP][PASSED] - spin_result = sendRequestAndVerify(findTestObject("INT/RGS(M4)/1_M4_spin", ["M4_login_user_id":M4_login_user_id, "rgs_session_token":rgs_session_token, "partner":Partner])): Send request and verify the response successfully

2019-08-24 12:14:47 - [MESSAGE][INFO] - HAR: /Users/eiralee/Katalon_Script/SuperWild/Reports/20190824_120919/INT/superWild_3/20190824_120919/requests/main/93.har

2019-08-24 12:14:47 - [TEST_CASE][PASSED] - Start Test Case : Verification: Verification accomplished successfully

2019-08-24 12:14:47 - [TEST_STEP][PASSED] - request = getInstance().getCurrentRequest(): null

2019-08-24 12:14:47 - [TEST_STEP][PASSED] - response = getInstance().getCurrentResponse(): null

2019-08-24 12:14:47 - [TEST_STEP][PASSED] - verifyResponseStatusCode(response, 200): Verify response status code successfully

2019-08-24 12:14:47 - [MESSAGE][PASSED] - Verify response status code successfully

2019-08-24 12:14:47 - [TEST_STEP][PASSED] - getStatusCode()).isEqualTo(200): null

2019-08-24 12:14:47 - [TEST_STEP][PASSED] - newline = System.getProperty("line.separator"): null

2019-08-24 12:14:47 - [TEST_STEP][PASSED] - M4_spin = new groovy.json.JsonSlurper(): null

2019-08-24 12:14:47 - [TEST_STEP][PASSED] - result_M4_spin = M4_spin.parseText(response.getResponseBodyContent()): null

2019-08-24 12:14:47 - [TEST_STEP][PASSED] - M4_spin_current_balance = current_balance: null

2019-08-24 12:14:47 - [TEST_STEP][PASSED] - M4_spin_current_balance = M4_spin_current_balance: null

2019-08-24 12:14:47 - [TEST_STEP][PASSED] - M4_spin_transaction_id = causality: null

2019-08-24 12:14:47 - [TEST_STEP][PASSED] - M4_spin_transaction_id = M4_spin_transaction_id: null

2019-08-24 12:14:47 - [TEST_STEP][PASSED] - M4_spin_round_id = round_id: null

2019-08-24 12:14:47 - [TEST_STEP][PASSED] - M4_spin_round_id = M4_spin_round_id: null

2019-08-24 12:14:47 - [TEST_STEP][PASSED] - M4_spin_line_wins = line_wins: null

2019-08-24 12:14:47 - [TEST_STEP][PASSED] - M4_spin_line_wins = M4_spin_line_wins: null

2019-08-24 12:14:47 - [TEST_STEP][PASSED] - M4_total_bonus_spins_int = total_bonus_spins: null

2019-08-24 12:14:47 - [TEST_STEP][PASSED] - println("******M4_total_bonus_spins type is:*******" + newline + getClass().getName()): null

2019-08-24 12:14:47 - [TEST_STEP][PASSED] - M4_total_bonus_spins_int = M4_total_bonus_spins_int: null

2019-08-24 12:14:47 - [TEST_STEP][PASSED] - M4_total_bonus_spins = Integer.toString(M4_total_bonus_spins_int): null

2019-08-24 12:14:47 - [TEST_STEP][PASSED] - M4_total_bonus_spins = M4_total_bonus_spins: null

2019-08-24 12:14:47 - [TEST_STEP][PASSED] - println("M4_total_bonus_spins is:" + M4_total_bonus_spins): null

2019-08-24 12:14:47 - [TEST_STEP][PASSED] - M4_spin_bonus_data = bonus_data: null

2019-08-24 12:14:47 - [TEST_STEP][PASSED] - M4_spin_features_triggered = result_M4_spin: null

2019-08-24 12:14:47 - [TEST_STEP][PASSED] - wild = []: null

2019-08-24 12:14:47 - [TEST_STEP][PASSED] - wild[0] = "WILD_Expanding": null

2019-08-24 12:14:47 - [TEST_STEP][PASSED] - wild[1] = "WILD_Normal": null

2019-08-24 12:14:47 - [TEST_STEP][PASSED] - wild[2] = "WILD_Double": null

2019-08-24 12:14:47 - [TEST_STEP][PASSED] - wild[3] = "WILD_ExtraFG": null

2019-08-24 12:14:47 - [TEST_STEP][PASSED] - wild[4] = "WILD_Triple": null

2019-08-24 12:14:47 - [TEST_STEP][PASSED] - wildList = Arrays.asList(wild): null

2019-08-24 12:14:47 - [TEST_STEP][PASSED] - wildList = wildList: null

2019-08-24 12:14:47 - [TEST_STEP][PASSED] - free_spin_reel_counter = []: null

2019-08-24 12:14:47 - [TEST_STEP][PASSED] - free_spin_reel_counter[0] = 0: null

2019-08-24 12:14:47 - [TEST_STEP][PASSED] - free_spin_reel_counter[1] = 0: null

2019-08-24 12:14:47 - [TEST_STEP][PASSED] - free_spin_reel_counter[2] = 0: null

2019-08-24 12:14:47 - [TEST_STEP][PASSED] - M4_spin_reels = reels: null

2019-08-24 12:14:47 - [TEST_STEP][PASSED] - for ([i = 0, i &lt; M4_spin_reels.size(), (i++)]): null

2019-08-24 12:14:47 - [TEST_STEP][PASSED] - symbols = symbols: null

2019-08-24 12:14:47 - [TEST_STEP][PASSED] - for ([j = 0, j &lt; symbols.size(), (j++)]): null

2019-08-24 12:14:47 - [TEST_STEP][PASSED] - symbol = symbol: null

2019-08-24 12:14:47 - [TEST_STEP][PASSED] - println(symbol): null

2019-08-24 12:14:47 - [TEST_STEP][PASSED] - if (i == 2 &amp;&amp; wildList.indexOf(symbol) != -1): null

2019-08-24 12:14:47 - [TEST_STEP][PASSED] - if (i == 3 &amp;&amp; wildList.indexOf(symbol) != -1): null

2019-08-24 12:14:47 - [TEST_STEP][PASSED] - if (i == 4 &amp;&amp; wildList.indexOf(symbol) != -1): null

2019-08-24 12:14:47 - [TEST_STEP][PASSED] - symbol = symbol: null

2019-08-24 12:14:47 - [TEST_STEP][PASSED] - println(symbol): null

2019-08-24 12:14:47 - [TEST_STEP][PASSED] - if (i == 2 &amp;&amp; wildList.indexOf(symbol) != -1): null

2019-08-24 12:14:47 - [TEST_STEP][PASSED] - if (i == 3 &amp;&amp; wildList.indexOf(symbol) != -1): null

2019-08-24 12:14:47 - [TEST_STEP][PASSED] - if (i == 4 &amp;&amp; wildList.indexOf(symbol) != -1): null

2019-08-24 12:14:47 - [TEST_STEP][PASSED] - symbol = symbol: null

2019-08-24 12:14:47 - [TEST_STEP][PASSED] - println(symbol): null

2019-08-24 12:14:47 - [TEST_STEP][PASSED] - if (i == 2 &amp;&amp; wildList.indexOf(symbol) != -1): null

2019-08-24 12:14:47 - [TEST_STEP][PASSED] - if (i == 3 &amp;&amp; wildList.indexOf(symbol) != -1): null

2019-08-24 12:14:47 - [TEST_STEP][PASSED] - if (i == 4 &amp;&amp; wildList.indexOf(symbol) != -1): null

2019-08-24 12:14:47 - [TEST_STEP][PASSED] - symbols = symbols: null

2019-08-24 12:14:47 - [TEST_STEP][PASSED] - for ([j = 0, j &lt; symbols.size(), (j++)]): null

2019-08-24 12:14:47 - [TEST_STEP][PASSED] - symbol = symbol: null

2019-08-24 12:14:47 - [TEST_STEP][PASSED] - println(symbol): null

2019-08-24 12:14:47 - [TEST_STEP][PASSED] - if (i == 2 &amp;&amp; wildList.indexOf(symbol) != -1): null

2019-08-24 12:14:47 - [TEST_STEP][PASSED] - if (i == 3 &amp;&amp; wildList.indexOf(symbol) != -1): null

2019-08-24 12:14:47 - [TEST_STEP][PASSED] - if (i == 4 &amp;&amp; wildList.indexOf(symbol) != -1): null

2019-08-24 12:14:47 - [TEST_STEP][PASSED] - symbol = symbol: null

2019-08-24 12:14:47 - [TEST_STEP][PASSED] - println(symbol): null

2019-08-24 12:14:47 - [TEST_STEP][PASSED] - if (i == 2 &amp;&amp; wildList.indexOf(symbol) != -1): null

2019-08-24 12:14:47 - [TEST_STEP][PASSED] - if (i == 3 &amp;&amp; wildList.indexOf(symbol) != -1): null

2019-08-24 12:14:47 - [TEST_STEP][PASSED] - if (i == 4 &amp;&amp; wildList.indexOf(symbol) != -1): null

2019-08-24 12:14:47 - [TEST_STEP][PASSED] - symbol = symbol: null

2019-08-24 12:14:47 - [TEST_STEP][PASSED] - println(symbol): null

2019-08-24 12:14:47 - [TEST_STEP][PASSED] - if (i == 2 &amp;&amp; wildList.indexOf(symbol) != -1): null

2019-08-24 12:14:47 - [TEST_STEP][PASSED] - if (i == 3 &amp;&amp; wildList.indexOf(symbol) != -1): null

2019-08-24 12:14:47 - [TEST_STEP][PASSED] - if (i == 4 &amp;&amp; wildList.indexOf(symbol) != -1): null

2019-08-24 12:14:47 - [TEST_STEP][PASSED] - symbols = symbols: null

2019-08-24 12:14:47 - [TEST_STEP][PASSED] - for ([j = 0, j &lt; symbols.size(), (j++)]): null

2019-08-24 12:14:47 - [TEST_STEP][PASSED] - symbol = symbol: null

2019-08-24 12:14:47 - [TEST_STEP][PASSED] - println(symbol): null

2019-08-24 12:14:47 - [TEST_STEP][PASSED] - if (i == 2 &amp;&amp; wildList.indexOf(symbol) != -1): null

2019-08-24 12:14:47 - [TEST_STEP][PASSED] - if (i == 3 &amp;&amp; wildList.indexOf(symbol) != -1): null

2019-08-24 12:14:47 - [TEST_STEP][PASSED] - if (i == 4 &amp;&amp; wildList.indexOf(symbol) != -1): null

2019-08-24 12:14:47 - [TEST_STEP][PASSED] - symbol = symbol: null

2019-08-24 12:14:47 - [TEST_STEP][PASSED] - println(symbol): null

2019-08-24 12:14:47 - [TEST_STEP][PASSED] - if (i == 2 &amp;&amp; wildList.indexOf(symbol) != -1): null

2019-08-24 12:14:47 - [TEST_STEP][PASSED] - if (i == 3 &amp;&amp; wildList.indexOf(symbol) != -1): null

2019-08-24 12:14:47 - [TEST_STEP][PASSED] - if (i == 4 &amp;&amp; wildList.indexOf(symbol) != -1): null

2019-08-24 12:14:47 - [TEST_STEP][PASSED] - symbol = symbol: null

2019-08-24 12:14:47 - [TEST_STEP][PASSED] - println(symbol): null

2019-08-24 12:14:47 - [TEST_STEP][PASSED] - if (i == 2 &amp;&amp; wildList.indexOf(symbol) != -1): null

2019-08-24 12:14:47 - [TEST_STEP][PASSED] - if (i == 3 &amp;&amp; wildList.indexOf(symbol) != -1): null

2019-08-24 12:14:47 - [TEST_STEP][PASSED] - if (i == 4 &amp;&amp; wildList.indexOf(symbol) != -1): null

2019-08-24 12:14:47 - [TEST_STEP][PASSED] - symbols = symbols: null

2019-08-24 12:14:47 - [TEST_STEP][PASSED] - for ([j = 0, j &lt; symbols.size(), (j++)]): null

2019-08-24 12:14:47 - [TEST_STEP][PASSED] - symbol = symbol: null

2019-08-24 12:14:47 - [TEST_STEP][PASSED] - println(symbol): null

2019-08-24 12:14:47 - [TEST_STEP][PASSED] - if (i == 2 &amp;&amp; wildList.indexOf(symbol) != -1): null

2019-08-24 12:14:47 - [TEST_STEP][PASSED] - if (i == 3 &amp;&amp; wildList.indexOf(symbol) != -1): null

2019-08-24 12:14:47 - [TEST_STEP][PASSED] - if (i == 4 &amp;&amp; wildList.indexOf(symbol) != -1): null

2019-08-24 12:14:47 - [TEST_STEP][PASSED] - symbol = symbol: null

2019-08-24 12:14:47 - [TEST_STEP][PASSED] - println(symbol): null

2019-08-24 12:14:47 - [TEST_STEP][PASSED] - if (i == 2 &amp;&amp; wildList.indexOf(symbol) != -1): null

2019-08-24 12:14:47 - [TEST_STEP][PASSED] - if (i == 3 &amp;&amp; wildList.indexOf(symbol) != -1): null

2019-08-24 12:14:47 - [TEST_STEP][PASSED] - if (i == 4 &amp;&amp; wildList.indexOf(symbol) != -1): null

2019-08-24 12:14:47 - [TEST_STEP][PASSED] - symbol = symbol: null

2019-08-24 12:14:47 - [TEST_STEP][PASSED] - println(symbol): null

2019-08-24 12:14:47 - [TEST_STEP][PASSED] - if (i == 2 &amp;&amp; wildList.indexOf(symbol) != -1): null

2019-08-24 12:14:47 - [TEST_STEP][PASSED] - if (i == 3 &amp;&amp; wildList.indexOf(symbol) != -1): null

2019-08-24 12:14:47 - [TEST_STEP][PASSED] - if (i == 4 &amp;&amp; wildList.indexOf(symbol) != -1): null

2019-08-24 12:14:47 - [TEST_STEP][PASSED] - symbols = symbols: null

2019-08-24 12:14:47 - [TEST_STEP][PASSED] - for ([j = 0, j &lt; symbols.size(), (j++)]): null

2019-08-24 12:14:47 - [TEST_STEP][PASSED] - symbol = symbol: null

2019-08-24 12:14:47 - [TEST_STEP][PASSED] - println(symbol): null

2019-08-24 12:14:47 - [TEST_STEP][PASSED] - if (i == 2 &amp;&amp; wildList.indexOf(symbol) != -1): null

2019-08-24 12:14:47 - [TEST_STEP][PASSED] - if (i == 3 &amp;&amp; wildList.indexOf(symbol) != -1): null

2019-08-24 12:14:47 - [TEST_STEP][PASSED] - if (i == 4 &amp;&amp; wildList.indexOf(symbol) != -1): null

2019-08-24 12:14:47 - [TEST_STEP][PASSED] - symbol = symbol: null

2019-08-24 12:14:47 - [TEST_STEP][PASSED] - println(symbol): null

2019-08-24 12:14:47 - [TEST_STEP][PASSED] - if (i == 2 &amp;&amp; wildList.indexOf(symbol) != -1): null

2019-08-24 12:14:47 - [TEST_STEP][PASSED] - if (i == 3 &amp;&amp; wildList.indexOf(symbol) != -1): null

2019-08-24 12:14:47 - [TEST_STEP][PASSED] - if (i == 4 &amp;&amp; wildList.indexOf(symbol) != -1): null

2019-08-24 12:14:47 - [TEST_STEP][PASSED] - symbol = symbol: null

2019-08-24 12:14:47 - [TEST_STEP][PASSED] - println(symbol): null

2019-08-24 12:14:47 - [TEST_STEP][PASSED] - if (i == 2 &amp;&amp; wildList.indexOf(symbol) != -1): null

2019-08-24 12:14:47 - [TEST_STEP][PASSED] - if (i == 3 &amp;&amp; wildList.indexOf(symbol) != -1): null

2019-08-24 12:14:47 - [TEST_STEP][PASSED] - if (i == 4 &amp;&amp; wildList.indexOf(symbol) != -1): null

2019-08-24 12:14:47 - [TEST_STEP][PASSED] - free_spin_reel_counter = free_spin_reel_counter: null

2019-08-24 12:14:47 - [TEST_STEP][PASSED] - println("reel 3 wild found: " + free_spin_reel_counter[0]): null

2019-08-24 12:14:47 - [TEST_STEP][PASSED] - println("reel 4 wild found: " + free_spin_reel_counter[1]): null

2019-08-24 12:14:47 - [TEST_STEP][PASSED] - println("reel 5 wild found: " + free_spin_reel_counter[2]): null

2019-08-24 12:14:47 - [TEST_STEP][PASSED] - M4_spin_reels = M4_spin_reels: null

2019-08-24 12:14:47 - [TEST_STEP][PASSED] - M4_spin_reels_symbols = symbol: null

2019-08-24 12:14:47 - [TEST_STEP][PASSED] - M4_spin_reels_symbols = M4_spin_reels_symbols: null

2019-08-24 12:14:47 - [TEST_STEP][PASSED] - M4_spin_reel_wins = reel_wins: null

2019-08-24 12:14:47 - [TEST_STEP][PASSED] - M4_spin_reel_wins = M4_spin_reel_wins: null

2019-08-24 12:14:47 - [TEST_STEP][PASSED] - println("GlobalVariable.M4_spin_reel_wins is: " + M4_spin_reel_wins): null

2019-08-24 12:14:47 - [TEST_STEP][PASSED] - M4_spin_total_bonus_win_this_round = total_bonus_win_this_round: null

2019-08-24 12:14:47 - [TEST_STEP][PASSED] - M4_spin_total_bonus_win_this_round = M4_spin_total_bonus_win_this_round: null

2019-08-24 12:14:47 - [TEST_STEP][PASSED] - println("GlobalVariable.M4_spin_total_bonus_win_this_round is: " + M4_spin_total_bonus_win_this_round): null

2019-08-24 12:14:47 - [TEST_STEP][PASSED] - M4_spin_bonus_spin_result = spin_result: null

2019-08-24 12:14:47 - [TEST_STEP][PASSED] - M4_spin_bonus_spin_result = M4_spin_bonus_spin_result: null

2019-08-24 12:14:47 - [MESSAGE][PASSED] - Verify response successfully

2019-08-24 12:14:47 - [MESSAGE][PASSED] - Send request and verify the response successfully

2019-08-24 12:14:47 - [TEST_STEP][PASSED] - if (M4_total_bonus_spins_int != 0 &amp;&amp; M4_spin_reels_symbols[2].contains("WILD_ExtraFG") || M4_spin_reels_symbols[3].contains("WILD_ExtraFG")): null

2019-08-24 12:14:47 - [TEST_STEP][PASSED] - free_spin_reel_counter = free_spin_reel_counter: null

2019-08-24 12:14:47 - [TEST_STEP][PASSED] - M4_spin_reels_symbols = M4_spin_reels_symbols: null

2019-08-24 12:14:47 - [TEST_STEP][PASSED] - M4_total_bonus_spins = M4_total_bonus_spins: null

2019-08-24 12:14:47 - [TEST_STEP][PASSED] - spin_result = sendRequestAndVerify(findTestObject("INT/RGS(M4)/1_M4_spin", ["M4_login_user_id":M4_login_user_id, "rgs_session_token":rgs_session_token, "partner":Partner])): Send request and verify the response successfully

2019-08-24 12:14:48 - [MESSAGE][INFO] - HAR: /Users/eiralee/Katalon_Script/SuperWild/Reports/20190824_120919/INT/superWild_3/20190824_120919/requests/main/94.har

2019-08-24 12:14:48 - [TEST_CASE][PASSED] - Start Test Case : Verification: Verification accomplished successfully

2019-08-24 12:14:48 - [TEST_STEP][PASSED] - request = getInstance().getCurrentRequest(): null

2019-08-24 12:14:48 - [TEST_STEP][PASSED] - response = getInstance().getCurrentResponse(): null

2019-08-24 12:14:48 - [TEST_STEP][PASSED] - verifyResponseStatusCode(response, 200): Verify response status code successfully

2019-08-24 12:14:48 - [MESSAGE][PASSED] - Verify response status code successfully

2019-08-24 12:14:48 - [TEST_STEP][PASSED] - getStatusCode()).isEqualTo(200): null

2019-08-24 12:14:48 - [TEST_STEP][PASSED] - newline = System.getProperty("line.separator"): null

2019-08-24 12:14:48 - [TEST_STEP][PASSED] - M4_spin = new groovy.json.JsonSlurper(): null

2019-08-24 12:14:48 - [TEST_STEP][PASSED] - result_M4_spin = M4_spin.parseText(response.getResponseBodyContent()): null

2019-08-24 12:14:48 - [TEST_STEP][PASSED] - M4_spin_current_balance = current_balance: null

2019-08-24 12:14:48 - [TEST_STEP][PASSED] - M4_spin_current_balance = M4_spin_current_balance: null

2019-08-24 12:14:48 - [TEST_STEP][PASSED] - M4_spin_transaction_id = causality: null

2019-08-24 12:14:48 - [TEST_STEP][PASSED] - M4_spin_transaction_id = M4_spin_transaction_id: null

2019-08-24 12:14:48 - [TEST_STEP][PASSED] - M4_spin_round_id = round_id: null

2019-08-24 12:14:48 - [TEST_STEP][PASSED] - M4_spin_round_id = M4_spin_round_id: null

2019-08-24 12:14:48 - [TEST_STEP][PASSED] - M4_spin_line_wins = line_wins: null

2019-08-24 12:14:48 - [TEST_STEP][PASSED] - M4_spin_line_wins = M4_spin_line_wins: null

2019-08-24 12:14:48 - [TEST_STEP][PASSED] - M4_total_bonus_spins_int = total_bonus_spins: null

2019-08-24 12:14:48 - [TEST_STEP][PASSED] - println("******M4_total_bonus_spins type is:*******" + newline + getClass().getName()): null

2019-08-24 12:14:48 - [TEST_STEP][PASSED] - M4_total_bonus_spins_int = M4_total_bonus_spins_int: null

2019-08-24 12:14:48 - [TEST_STEP][PASSED] - M4_total_bonus_spins = Integer.toString(M4_total_bonus_spins_int): null

2019-08-24 12:14:48 - [TEST_STEP][PASSED] - M4_total_bonus_spins = M4_total_bonus_spins: null

2019-08-24 12:14:48 - [TEST_STEP][PASSED] - println("M4_total_bonus_spins is:" + M4_total_bonus_spins): null

2019-08-24 12:14:48 - [TEST_STEP][PASSED] - M4_spin_bonus_data = bonus_data: null

2019-08-24 12:14:48 - [TEST_STEP][PASSED] - M4_spin_features_triggered = result_M4_spin: null

2019-08-24 12:14:48 - [TEST_STEP][PASSED] - wild = []: null

2019-08-24 12:14:48 - [TEST_STEP][PASSED] - wild[0] = "WILD_Expanding": null

2019-08-24 12:14:48 - [TEST_STEP][PASSED] - wild[1] = "WILD_Normal": null

2019-08-24 12:14:48 - [TEST_STEP][PASSED] - wild[2] = "WILD_Double": null

2019-08-24 12:14:52 - [TEST_STEP][PASSED] - wild[3] = "WILD_ExtraFG": null

2019-08-24 12:14:52 - [TEST_STEP][PASSED] - wild[4] = "WILD_Triple": null

2019-08-24 12:14:52 - [TEST_STEP][PASSED] - wildList = Arrays.asList(wild): null

2019-08-24 12:14:52 - [TEST_STEP][PASSED] - wildList = wildList: null

2019-08-24 12:14:52 - [TEST_STEP][PASSED] - free_spin_reel_counter = []: null

2019-08-24 12:14:52 - [TEST_STEP][PASSED] - free_spin_reel_counter[0] = 0: null

2019-08-24 12:14:52 - [TEST_STEP][PASSED] - free_spin_reel_counter[1] = 0: null

2019-08-24 12:14:52 - [TEST_STEP][PASSED] - free_spin_reel_counter[2] = 0: null

2019-08-24 12:14:52 - [TEST_STEP][PASSED] - M4_spin_reels = reels: null

2019-08-24 12:14:52 - [TEST_STEP][PASSED] - for ([i = 0, i &lt; M4_spin_reels.size(), (i++)]): null

2019-08-24 12:14:52 - [TEST_STEP][PASSED] - symbols = symbols: null

2019-08-24 12:14:54 - [TEST_STEP][PASSED] - for ([j = 0, j &lt; symbols.size(), (j++)]): null

2019-08-24 12:14:54 - [TEST_STEP][PASSED] - symbol = symbol: null

2019-08-24 12:14:54 - [TEST_STEP][PASSED] - println(symbol): null

2019-08-24 12:14:54 - [TEST_STEP][PASSED] - if (i == 2 &amp;&amp; wildList.indexOf(symbol) != -1): null

2019-08-24 12:14:54 - [TEST_STEP][PASSED] - if (i == 3 &amp;&amp; wildList.indexOf(symbol) != -1): null

2019-08-24 12:14:54 - [TEST_STEP][PASSED] - if (i == 4 &amp;&amp; wildList.indexOf(symbol) != -1): null

2019-08-24 12:14:54 - [TEST_STEP][PASSED] - symbol = symbol: null

2019-08-24 12:14:54 - [TEST_STEP][PASSED] - println(symbol): null

2019-08-24 12:14:54 - [TEST_STEP][PASSED] - if (i == 2 &amp;&amp; wildList.indexOf(symbol) != -1): null

2019-08-24 12:14:54 - [TEST_STEP][PASSED] - if (i == 3 &amp;&amp; wildList.indexOf(symbol) != -1): null

2019-08-24 12:14:54 - [TEST_STEP][PASSED] - if (i == 4 &amp;&amp; wildList.indexOf(symbol) != -1): null

2019-08-24 12:14:54 - [TEST_STEP][PASSED] - symbol = symbol: null

2019-08-24 12:14:54 - [TEST_STEP][PASSED] - println(symbol): null

2019-08-24 12:14:54 - [TEST_STEP][PASSED] - if (i == 2 &amp;&amp; wildList.indexOf(symbol) != -1): null

2019-08-24 12:14:54 - [TEST_STEP][PASSED] - if (i == 3 &amp;&amp; wildList.indexOf(symbol) != -1): null

2019-08-24 12:14:54 - [TEST_STEP][PASSED] - if (i == 4 &amp;&amp; wildList.indexOf(symbol) != -1): null

2019-08-24 12:14:54 - [TEST_STEP][PASSED] - symbols = symbols: null

2019-08-24 12:14:54 - [TEST_STEP][PASSED] - for ([j = 0, j &lt; symbols.size(), (j++)]): null

2019-08-24 12:14:54 - [TEST_STEP][PASSED] - symbol = symbol: null

2019-08-24 12:14:54 - [TEST_STEP][PASSED] - println(symbol): null

2019-08-24 12:14:54 - [TEST_STEP][PASSED] - if (i == 2 &amp;&amp; wildList.indexOf(symbol) != -1): null

2019-08-24 12:14:54 - [TEST_STEP][PASSED] - if (i == 3 &amp;&amp; wildList.indexOf(symbol) != -1): null

2019-08-24 12:14:54 - [TEST_STEP][PASSED] - if (i == 4 &amp;&amp; wildList.indexOf(symbol) != -1): null

2019-08-24 12:14:54 - [TEST_STEP][PASSED] - symbol = symbol: null

2019-08-24 12:14:54 - [TEST_STEP][PASSED] - println(symbol): null

2019-08-24 12:14:54 - [TEST_STEP][PASSED] - if (i == 2 &amp;&amp; wildList.indexOf(symbol) != -1): null

2019-08-24 12:14:54 - [TEST_STEP][PASSED] - if (i == 3 &amp;&amp; wildList.indexOf(symbol) != -1): null

2019-08-24 12:14:54 - [TEST_STEP][PASSED] - if (i == 4 &amp;&amp; wildList.indexOf(symbol) != -1): null

2019-08-24 12:14:54 - [TEST_STEP][PASSED] - symbol = symbol: null

2019-08-24 12:14:54 - [TEST_STEP][PASSED] - println(symbol): null

2019-08-24 12:14:54 - [TEST_STEP][PASSED] - if (i == 2 &amp;&amp; wildList.indexOf(symbol) != -1): null

2019-08-24 12:14:54 - [TEST_STEP][PASSED] - if (i == 3 &amp;&amp; wildList.indexOf(symbol) != -1): null

2019-08-24 12:14:54 - [TEST_STEP][PASSED] - if (i == 4 &amp;&amp; wildList.indexOf(symbol) != -1): null

2019-08-24 12:14:54 - [TEST_STEP][PASSED] - symbols = symbols: null

2019-08-24 12:14:54 - [TEST_STEP][PASSED] - for ([j = 0, j &lt; symbols.size(), (j++)]): null

2019-08-24 12:14:54 - [TEST_STEP][PASSED] - symbol = symbol: null

2019-08-24 12:14:54 - [TEST_STEP][PASSED] - println(symbol): null

2019-08-24 12:14:54 - [TEST_STEP][PASSED] - if (i == 2 &amp;&amp; wildList.indexOf(symbol) != -1): null

2019-08-24 12:14:54 - [TEST_STEP][PASSED] - println("wild found on reel 3, adding counter by 1"): null

2019-08-24 12:14:54 - [TEST_STEP][PASSED] - free_spin_reel_counter[0] = free_spin_reel_counter[0] + 1: null

2019-08-24 12:14:54 - [TEST_STEP][PASSED] - if (i == 3 &amp;&amp; wildList.indexOf(symbol) != -1): null

2019-08-24 12:14:54 - [TEST_STEP][PASSED] - if (i == 4 &amp;&amp; wildList.indexOf(symbol) != -1): null

2019-08-24 12:14:54 - [TEST_STEP][PASSED] - symbol = symbol: null

2019-08-24 12:14:54 - [TEST_STEP][PASSED] - println(symbol): null

2019-08-24 12:14:54 - [TEST_STEP][PASSED] - if (i == 2 &amp;&amp; wildList.indexOf(symbol) != -1): null

2019-08-24 12:14:54 - [TEST_STEP][PASSED] - if (i == 3 &amp;&amp; wildList.indexOf(symbol) != -1): null

2019-08-24 12:14:54 - [TEST_STEP][PASSED] - if (i == 4 &amp;&amp; wildList.indexOf(symbol) != -1): null

2019-08-24 12:14:54 - [TEST_STEP][PASSED] - symbol = symbol: null

2019-08-24 12:14:54 - [TEST_STEP][PASSED] - println(symbol): null

2019-08-24 12:14:54 - [TEST_STEP][PASSED] - if (i == 2 &amp;&amp; wildList.indexOf(symbol) != -1): null

2019-08-24 12:14:54 - [TEST_STEP][PASSED] - if (i == 3 &amp;&amp; wildList.indexOf(symbol) != -1): null

2019-08-24 12:14:54 - [TEST_STEP][PASSED] - if (i == 4 &amp;&amp; wildList.indexOf(symbol) != -1): null

2019-08-24 12:14:54 - [TEST_STEP][PASSED] - symbols = symbols: null

2019-08-24 12:14:54 - [TEST_STEP][PASSED] - for ([j = 0, j &lt; symbols.size(), (j++)]): null

2019-08-24 12:14:54 - [TEST_STEP][PASSED] - symbol = symbol: null

2019-08-24 12:14:54 - [TEST_STEP][PASSED] - println(symbol): null

2019-08-24 12:14:54 - [TEST_STEP][PASSED] - if (i == 2 &amp;&amp; wildList.indexOf(symbol) != -1): null

2019-08-24 12:14:54 - [TEST_STEP][PASSED] - if (i == 3 &amp;&amp; wildList.indexOf(symbol) != -1): null

2019-08-24 12:14:54 - [TEST_STEP][PASSED] - if (i == 4 &amp;&amp; wildList.indexOf(symbol) != -1): null

2019-08-24 12:14:54 - [TEST_STEP][PASSED] - symbol = symbol: null

2019-08-24 12:14:54 - [TEST_STEP][PASSED] - println(symbol): null

2019-08-24 12:14:54 - [TEST_STEP][PASSED] - if (i == 2 &amp;&amp; wildList.indexOf(symbol) != -1): null

2019-08-24 12:14:54 - [TEST_STEP][PASSED] - if (i == 3 &amp;&amp; wildList.indexOf(symbol) != -1): null

2019-08-24 12:14:54 - [TEST_STEP][PASSED] - if (i == 4 &amp;&amp; wildList.indexOf(symbol) != -1): null

2019-08-24 12:14:54 - [TEST_STEP][PASSED] - symbol = symbol: null

2019-08-24 12:14:54 - [TEST_STEP][PASSED] - println(symbol): null

2019-08-24 12:14:54 - [TEST_STEP][PASSED] - if (i == 2 &amp;&amp; wildList.indexOf(symbol) != -1): null

2019-08-24 12:14:54 - [TEST_STEP][PASSED] - if (i == 3 &amp;&amp; wildList.indexOf(symbol) != -1): null

2019-08-24 12:14:54 - [TEST_STEP][PASSED] - println("wild found on reel 4, adding counter by 1"): null

2019-08-24 12:14:54 - [TEST_STEP][PASSED] - free_spin_reel_counter[1] = free_spin_reel_counter[1] + 1: null

2019-08-24 12:14:54 - [TEST_STEP][PASSED] - if (i == 4 &amp;&amp; wildList.indexOf(symbol) != -1): null

2019-08-24 12:14:54 - [TEST_STEP][PASSED] - symbols = symbols: null

2019-08-24 12:14:54 - [TEST_STEP][PASSED] - for ([j = 0, j &lt; symbols.size(), (j++)]): null

2019-08-24 12:14:54 - [TEST_STEP][PASSED] - symbol = symbol: null

2019-08-24 12:14:54 - [TEST_STEP][PASSED] - println(symbol): null

2019-08-24 12:14:54 - [TEST_STEP][PASSED] - if (i == 2 &amp;&amp; wildList.indexOf(symbol) != -1): null

2019-08-24 12:14:54 - [TEST_STEP][PASSED] - if (i == 3 &amp;&amp; wildList.indexOf(symbol) != -1): null

2019-08-24 12:14:54 - [TEST_STEP][PASSED] - if (i == 4 &amp;&amp; wildList.indexOf(symbol) != -1): null

2019-08-24 12:14:54 - [TEST_STEP][PASSED] - symbol = symbol: null

2019-08-24 12:14:54 - [TEST_STEP][PASSED] - println(symbol): null

2019-08-24 12:14:54 - [TEST_STEP][PASSED] - if (i == 2 &amp;&amp; wildList.indexOf(symbol) != -1): null

2019-08-24 12:14:54 - [TEST_STEP][PASSED] - if (i == 3 &amp;&amp; wildList.indexOf(symbol) != -1): null

2019-08-24 12:14:54 - [TEST_STEP][PASSED] - if (i == 4 &amp;&amp; wildList.indexOf(symbol) != -1): null

2019-08-24 12:14:54 - [TEST_STEP][PASSED] - symbol = symbol: null

2019-08-24 12:14:54 - [TEST_STEP][PASSED] - println(symbol): null

2019-08-24 12:14:54 - [TEST_STEP][PASSED] - if (i == 2 &amp;&amp; wildList.indexOf(symbol) != -1): null

2019-08-24 12:14:54 - [TEST_STEP][PASSED] - if (i == 3 &amp;&amp; wildList.indexOf(symbol) != -1): null

2019-08-24 12:14:54 - [TEST_STEP][PASSED] - if (i == 4 &amp;&amp; wildList.indexOf(symbol) != -1): null

2019-08-24 12:14:54 - [TEST_STEP][PASSED] - free_spin_reel_counter = free_spin_reel_counter: null

2019-08-24 12:14:54 - [TEST_STEP][PASSED] - println("reel 3 wild found: " + free_spin_reel_counter[0]): null

2019-08-24 12:14:54 - [TEST_STEP][PASSED] - println("reel 4 wild found: " + free_spin_reel_counter[1]): null

2019-08-24 12:14:54 - [TEST_STEP][PASSED] - println("reel 5 wild found: " + free_spin_reel_counter[2]): null

2019-08-24 12:14:54 - [TEST_STEP][PASSED] - M4_spin_reels = M4_spin_reels: null

2019-08-24 12:14:54 - [TEST_STEP][PASSED] - M4_spin_reels_symbols = symbol: null

2019-08-24 12:14:54 - [TEST_STEP][PASSED] - M4_spin_reels_symbols = M4_spin_reels_symbols: null

2019-08-24 12:14:54 - [TEST_STEP][PASSED] - M4_spin_reel_wins = reel_wins: null

2019-08-24 12:14:54 - [TEST_STEP][PASSED] - M4_spin_reel_wins = M4_spin_reel_wins: null

2019-08-24 12:14:54 - [TEST_STEP][PASSED] - println("GlobalVariable.M4_spin_reel_wins is: " + M4_spin_reel_wins): null

2019-08-24 12:14:54 - [TEST_STEP][PASSED] - M4_spin_total_bonus_win_this_round = total_bonus_win_this_round: null

2019-08-24 12:14:54 - [TEST_STEP][PASSED] - M4_spin_total_bonus_win_this_round = M4_spin_total_bonus_win_this_round: null

2019-08-24 12:14:54 - [TEST_STEP][PASSED] - println("GlobalVariable.M4_spin_total_bonus_win_this_round is: " + M4_spin_total_bonus_win_this_round): null

2019-08-24 12:14:54 - [TEST_STEP][PASSED] - M4_spin_bonus_spin_result = spin_result: null

2019-08-24 12:14:54 - [TEST_STEP][PASSED] - M4_spin_bonus_spin_result = M4_spin_bonus_spin_result: null

2019-08-24 12:14:54 - [MESSAGE][PASSED] - Verify response successfully

2019-08-24 12:14:54 - [MESSAGE][PASSED] - Send request and verify the response successfully

2019-08-24 12:14:54 - [TEST_STEP][PASSED] - if (M4_total_bonus_spins_int != 0 &amp;&amp; M4_spin_reels_symbols[2].contains("WILD_ExtraFG") || M4_spin_reels_symbols[3].contains("WILD_ExtraFG")): null

2019-08-24 12:14:54 - [TEST_STEP][PASSED] - free_spin_reel_counter = free_spin_reel_counter: null

2019-08-24 12:14:54 - [TEST_STEP][PASSED] - M4_spin_reels_symbols = M4_spin_reels_symbols: null

2019-08-24 12:14:54 - [TEST_STEP][PASSED] - M4_total_bonus_spins = M4_total_bonus_spins: null

2019-08-24 12:14:54 - [TEST_STEP][PASSED] - spin_result = sendRequestAndVerify(findTestObject("INT/RGS(M4)/1_M4_spin", ["M4_login_user_id":M4_login_user_id, "rgs_session_token":rgs_session_token, "partner":Partner])): Send request and verify the response successfully

2019-08-24 12:14:55 - [MESSAGE][INFO] - HAR: /Users/eiralee/Katalon_Script/SuperWild/Reports/20190824_120919/INT/superWild_3/20190824_120919/requests/main/95.har

2019-08-24 12:14:55 - [TEST_CASE][PASSED] - Start Test Case : Verification: Verification accomplished successfully

2019-08-24 12:14:55 - [TEST_STEP][PASSED] - request = getInstance().getCurrentRequest(): null

2019-08-24 12:14:55 - [TEST_STEP][PASSED] - response = getInstance().getCurrentResponse(): null

2019-08-24 12:14:55 - [TEST_STEP][PASSED] - verifyResponseStatusCode(response, 200): Verify response status code successfully

2019-08-24 12:14:55 - [MESSAGE][PASSED] - Verify response status code successfully

2019-08-24 12:14:55 - [TEST_STEP][PASSED] - getStatusCode()).isEqualTo(200): null

2019-08-24 12:14:55 - [TEST_STEP][PASSED] - newline = System.getProperty("line.separator"): null

2019-08-24 12:14:55 - [TEST_STEP][PASSED] - M4_spin = new groovy.json.JsonSlurper(): null

2019-08-24 12:14:55 - [TEST_STEP][PASSED] - result_M4_spin = M4_spin.parseText(response.getResponseBodyContent()): null

2019-08-24 12:14:55 - [TEST_STEP][PASSED] - M4_spin_current_balance = current_balance: null

2019-08-24 12:14:55 - [TEST_STEP][PASSED] - M4_spin_current_balance = M4_spin_current_balance: null

2019-08-24 12:14:55 - [TEST_STEP][PASSED] - M4_spin_transaction_id = causality: null

2019-08-24 12:14:55 - [TEST_STEP][PASSED] - M4_spin_transaction_id = M4_spin_transaction_id: null

2019-08-24 12:14:55 - [TEST_STEP][PASSED] - M4_spin_round_id = round_id: null

2019-08-24 12:14:55 - [TEST_STEP][PASSED] - M4_spin_round_id = M4_spin_round_id: null

2019-08-24 12:14:55 - [TEST_STEP][PASSED] - M4_spin_line_wins = line_wins: null

2019-08-24 12:14:55 - [TEST_STEP][PASSED] - M4_spin_line_wins = M4_spin_line_wins: null

2019-08-24 12:14:55 - [TEST_STEP][PASSED] - M4_total_bonus_spins_int = total_bonus_spins: null

2019-08-24 12:14:55 - [TEST_STEP][PASSED] - println("******M4_total_bonus_spins type is:*******" + newline + getClass().getName()): null

2019-08-24 12:14:55 - [TEST_STEP][PASSED] - M4_total_bonus_spins_int = M4_total_bonus_spins_int: null

2019-08-24 12:14:55 - [TEST_STEP][PASSED] - M4_total_bonus_spins = Integer.toString(M4_total_bonus_spins_int): null

2019-08-24 12:14:55 - [TEST_STEP][PASSED] - M4_total_bonus_spins = M4_total_bonus_spins: null

2019-08-24 12:14:55 - [TEST_STEP][PASSED] - println("M4_total_bonus_spins is:" + M4_total_bonus_spins): null

2019-08-24 12:14:55 - [TEST_STEP][PASSED] - M4_spin_bonus_data = bonus_data: null

2019-08-24 12:14:55 - [TEST_STEP][PASSED] - M4_spin_features_triggered = result_M4_spin: null

2019-08-24 12:14:55 - [TEST_STEP][PASSED] - wild = []: null

2019-08-24 12:14:55 - [TEST_STEP][PASSED] - wild[0] = "WILD_Expanding": null

2019-08-24 12:14:55 - [TEST_STEP][PASSED] - wild[1] = "WILD_Normal": null

2019-08-24 12:14:55 - [TEST_STEP][PASSED] - wild[2] = "WILD_Double": null

2019-08-24 12:14:55 - [TEST_STEP][PASSED] - wild[3] = "WILD_ExtraFG": null

2019-08-24 12:14:55 - [TEST_STEP][PASSED] - wild[4] = "WILD_Triple": null

2019-08-24 12:14:55 - [TEST_STEP][PASSED] - wildList = Arrays.asList(wild): null

2019-08-24 12:14:55 - [TEST_STEP][PASSED] - wildList = wildList: null

2019-08-24 12:14:55 - [TEST_STEP][PASSED] - free_spin_reel_counter = []: null

2019-08-24 12:14:55 - [TEST_STEP][PASSED] - free_spin_reel_counter[0] = 0: null

2019-08-24 12:14:55 - [TEST_STEP][PASSED] - free_spin_reel_counter[1] = 0: null

2019-08-24 12:14:55 - [TEST_STEP][PASSED] - free_spin_reel_counter[2] = 0: null

2019-08-24 12:14:55 - [TEST_STEP][PASSED] - M4_spin_reels = reels: null

2019-08-24 12:14:55 - [TEST_STEP][PASSED] - for ([i = 0, i &lt; M4_spin_reels.size(), (i++)]): null

2019-08-24 12:14:55 - [TEST_STEP][PASSED] - symbols = symbols: null

2019-08-24 12:14:55 - [TEST_STEP][PASSED] - for ([j = 0, j &lt; symbols.size(), (j++)]): null

2019-08-24 12:14:55 - [TEST_STEP][PASSED] - symbol = symbol: null

2019-08-24 12:14:55 - [TEST_STEP][PASSED] - println(symbol): null

2019-08-24 12:14:55 - [TEST_STEP][PASSED] - if (i == 2 &amp;&amp; wildList.indexOf(symbol) != -1): null

2019-08-24 12:14:55 - [TEST_STEP][PASSED] - if (i == 3 &amp;&amp; wildList.indexOf(symbol) != -1): null

2019-08-24 12:14:55 - [TEST_STEP][PASSED] - if (i == 4 &amp;&amp; wildList.indexOf(symbol) != -1): null

2019-08-24 12:14:55 - [TEST_STEP][PASSED] - symbol = symbol: null

2019-08-24 12:14:55 - [TEST_STEP][PASSED] - println(symbol): null

2019-08-24 12:14:55 - [TEST_STEP][PASSED] - if (i == 2 &amp;&amp; wildList.indexOf(symbol) != -1): null

2019-08-24 12:14:55 - [TEST_STEP][PASSED] - if (i == 3 &amp;&amp; wildList.indexOf(symbol) != -1): null

2019-08-24 12:14:55 - [TEST_STEP][PASSED] - if (i == 4 &amp;&amp; wildList.indexOf(symbol) != -1): null

2019-08-24 12:14:55 - [TEST_STEP][PASSED] - symbol = symbol: null

2019-08-24 12:14:55 - [TEST_STEP][PASSED] - println(symbol): null

2019-08-24 12:14:55 - [TEST_STEP][PASSED] - if (i == 2 &amp;&amp; wildList.indexOf(symbol) != -1): null

2019-08-24 12:14:55 - [TEST_STEP][PASSED] - if (i == 3 &amp;&amp; wildList.indexOf(symbol) != -1): null

2019-08-24 12:14:55 - [TEST_STEP][PASSED] - if (i == 4 &amp;&amp; wildList.indexOf(symbol) != -1): null

2019-08-24 12:14:55 - [TEST_STEP][PASSED] - symbols = symbols: null

2019-08-24 12:14:55 - [TEST_STEP][PASSED] - for ([j = 0, j &lt; symbols.size(), (j++)]): null

2019-08-24 12:14:55 - [TEST_STEP][PASSED] - symbol = symbol: null

2019-08-24 12:14:55 - [TEST_STEP][PASSED] - println(symbol): null

2019-08-24 12:14:55 - [TEST_STEP][PASSED] - if (i == 2 &amp;&amp; wildList.indexOf(symbol) != -1): null

2019-08-24 12:14:55 - [TEST_STEP][PASSED] - if (i == 3 &amp;&amp; wildList.indexOf(symbol) != -1): null

2019-08-24 12:14:55 - [TEST_STEP][PASSED] - if (i == 4 &amp;&amp; wildList.indexOf(symbol) != -1): null

2019-08-24 12:14:55 - [TEST_STEP][PASSED] - symbol = symbol: null

2019-08-24 12:14:55 - [TEST_STEP][PASSED] - println(symbol): null

2019-08-24 12:14:55 - [TEST_STEP][PASSED] - if (i == 2 &amp;&amp; wildList.indexOf(symbol) != -1): null

2019-08-24 12:14:55 - [TEST_STEP][PASSED] - if (i == 3 &amp;&amp; wildList.indexOf(symbol) != -1): null

2019-08-24 12:14:55 - [TEST_STEP][PASSED] - if (i == 4 &amp;&amp; wildList.indexOf(symbol) != -1): null

2019-08-24 12:14:55 - [TEST_STEP][PASSED] - symbol = symbol: null

2019-08-24 12:14:55 - [TEST_STEP][PASSED] - println(symbol): null

2019-08-24 12:14:55 - [TEST_STEP][PASSED] - if (i == 2 &amp;&amp; wildList.indexOf(symbol) != -1): null

2019-08-24 12:14:55 - [TEST_STEP][PASSED] - if (i == 3 &amp;&amp; wildList.indexOf(symbol) != -1): null

2019-08-24 12:14:55 - [TEST_STEP][PASSED] - if (i == 4 &amp;&amp; wildList.indexOf(symbol) != -1): null

2019-08-24 12:14:55 - [TEST_STEP][PASSED] - symbols = symbols: null

2019-08-24 12:14:55 - [TEST_STEP][PASSED] - for ([j = 0, j &lt; symbols.size(), (j++)]): null

2019-08-24 12:14:55 - [TEST_STEP][PASSED] - symbol = symbol: null

2019-08-24 12:14:55 - [TEST_STEP][PASSED] - println(symbol): null

2019-08-24 12:14:55 - [TEST_STEP][PASSED] - if (i == 2 &amp;&amp; wildList.indexOf(symbol) != -1): null

2019-08-24 12:14:55 - [TEST_STEP][PASSED] - if (i == 3 &amp;&amp; wildList.indexOf(symbol) != -1): null

2019-08-24 12:14:55 - [TEST_STEP][PASSED] - if (i == 4 &amp;&amp; wildList.indexOf(symbol) != -1): null

2019-08-24 12:14:55 - [TEST_STEP][PASSED] - symbol = symbol: null

2019-08-24 12:14:55 - [TEST_STEP][PASSED] - println(symbol): null

2019-08-24 12:14:55 - [TEST_STEP][PASSED] - if (i == 2 &amp;&amp; wildList.indexOf(symbol) != -1): null

2019-08-24 12:14:55 - [TEST_STEP][PASSED] - println("wild found on reel 3, adding counter by 1"): null

2019-08-24 12:14:55 - [TEST_STEP][PASSED] - free_spin_reel_counter[0] = free_spin_reel_counter[0] + 1: null

2019-08-24 12:14:55 - [TEST_STEP][PASSED] - if (i == 3 &amp;&amp; wildList.indexOf(symbol) != -1): null

2019-08-24 12:14:55 - [TEST_STEP][PASSED] - if (i == 4 &amp;&amp; wildList.indexOf(symbol) != -1): null

2019-08-24 12:14:55 - [TEST_STEP][PASSED] - symbol = symbol: null

2019-08-24 12:14:55 - [TEST_STEP][PASSED] - println(symbol): null

2019-08-24 12:14:55 - [TEST_STEP][PASSED] - if (i == 2 &amp;&amp; wildList.indexOf(symbol) != -1): null

2019-08-24 12:14:55 - [TEST_STEP][PASSED] - if (i == 3 &amp;&amp; wildList.indexOf(symbol) != -1): null

2019-08-24 12:14:55 - [TEST_STEP][PASSED] - if (i == 4 &amp;&amp; wildList.indexOf(symbol) != -1): null

2019-08-24 12:14:55 - [TEST_STEP][PASSED] - symbols = symbols: null

2019-08-24 12:14:55 - [TEST_STEP][PASSED] - for ([j = 0, j &lt; symbols.size(), (j++)]): null

2019-08-24 12:14:55 - [TEST_STEP][PASSED] - symbol = symbol: null

2019-08-24 12:14:55 - [TEST_STEP][PASSED] - println(symbol): null

2019-08-24 12:14:55 - [TEST_STEP][PASSED] - if (i == 2 &amp;&amp; wildList.indexOf(symbol) != -1): null

2019-08-24 12:14:55 - [TEST_STEP][PASSED] - if (i == 3 &amp;&amp; wildList.indexOf(symbol) != -1): null

2019-08-24 12:14:55 - [TEST_STEP][PASSED] - if (i == 4 &amp;&amp; wildList.indexOf(symbol) != -1): null

2019-08-24 12:14:55 - [TEST_STEP][PASSED] - symbol = symbol: null

2019-08-24 12:14:55 - [TEST_STEP][PASSED] - println(symbol): null

2019-08-24 12:14:55 - [TEST_STEP][PASSED] - if (i == 2 &amp;&amp; wildList.indexOf(symbol) != -1): null

2019-08-24 12:14:55 - [TEST_STEP][PASSED] - if (i == 3 &amp;&amp; wildList.indexOf(symbol) != -1): null

2019-08-24 12:14:55 - [TEST_STEP][PASSED] - if (i == 4 &amp;&amp; wildList.indexOf(symbol) != -1): null

2019-08-24 12:14:55 - [TEST_STEP][PASSED] - symbol = symbol: null

2019-08-24 12:14:55 - [TEST_STEP][PASSED] - println(symbol): null

2019-08-24 12:14:55 - [TEST_STEP][PASSED] - if (i == 2 &amp;&amp; wildList.indexOf(symbol) != -1): null

2019-08-24 12:14:55 - [TEST_STEP][PASSED] - if (i == 3 &amp;&amp; wildList.indexOf(symbol) != -1): null

2019-08-24 12:14:55 - [TEST_STEP][PASSED] - if (i == 4 &amp;&amp; wildList.indexOf(symbol) != -1): null

2019-08-24 12:14:55 - [TEST_STEP][PASSED] - symbols = symbols: null

2019-08-24 12:14:55 - [TEST_STEP][PASSED] - for ([j = 0, j &lt; symbols.size(), (j++)]): null

2019-08-24 12:14:55 - [TEST_STEP][PASSED] - symbol = symbol: null

2019-08-24 12:14:55 - [TEST_STEP][PASSED] - println(symbol): null

2019-08-24 12:14:55 - [TEST_STEP][PASSED] - if (i == 2 &amp;&amp; wildList.indexOf(symbol) != -1): null

2019-08-24 12:14:55 - [TEST_STEP][PASSED] - if (i == 3 &amp;&amp; wildList.indexOf(symbol) != -1): null

2019-08-24 12:14:55 - [TEST_STEP][PASSED] - if (i == 4 &amp;&amp; wildList.indexOf(symbol) != -1): null

2019-08-24 12:14:55 - [TEST_STEP][PASSED] - symbol = symbol: null

2019-08-24 12:14:55 - [TEST_STEP][PASSED] - println(symbol): null

2019-08-24 12:14:55 - [TEST_STEP][PASSED] - if (i == 2 &amp;&amp; wildList.indexOf(symbol) != -1): null

2019-08-24 12:14:55 - [TEST_STEP][PASSED] - if (i == 3 &amp;&amp; wildList.indexOf(symbol) != -1): null

2019-08-24 12:14:55 - [TEST_STEP][PASSED] - if (i == 4 &amp;&amp; wildList.indexOf(symbol) != -1): null

2019-08-24 12:14:55 - [TEST_STEP][PASSED] - symbol = symbol: null

2019-08-24 12:14:55 - [TEST_STEP][PASSED] - println(symbol): null

2019-08-24 12:14:55 - [TEST_STEP][PASSED] - if (i == 2 &amp;&amp; wildList.indexOf(symbol) != -1): null

2019-08-24 12:14:55 - [TEST_STEP][PASSED] - if (i == 3 &amp;&amp; wildList.indexOf(symbol) != -1): null

2019-08-24 12:14:55 - [TEST_STEP][PASSED] - if (i == 4 &amp;&amp; wildList.indexOf(symbol) != -1): null

2019-08-24 12:14:55 - [TEST_STEP][PASSED] - free_spin_reel_counter = free_spin_reel_counter: null

2019-08-24 12:14:55 - [TEST_STEP][PASSED] - println("reel 3 wild found: " + free_spin_reel_counter[0]): null

2019-08-24 12:14:55 - [TEST_STEP][PASSED] - println("reel 4 wild found: " + free_spin_reel_counter[1]): null

2019-08-24 12:14:55 - [TEST_STEP][PASSED] - println("reel 5 wild found: " + free_spin_reel_counter[2]): null

2019-08-24 12:14:55 - [TEST_STEP][PASSED] - M4_spin_reels = M4_spin_reels: null

2019-08-24 12:14:55 - [TEST_STEP][PASSED] - M4_spin_reels_symbols = symbol: null

2019-08-24 12:14:55 - [TEST_STEP][PASSED] - M4_spin_reels_symbols = M4_spin_reels_symbols: null

2019-08-24 12:14:55 - [TEST_STEP][PASSED] - M4_spin_reel_wins = reel_wins: null

2019-08-24 12:14:55 - [TEST_STEP][PASSED] - M4_spin_reel_wins = M4_spin_reel_wins: null

2019-08-24 12:14:55 - [TEST_STEP][PASSED] - println("GlobalVariable.M4_spin_reel_wins is: " + M4_spin_reel_wins): null

2019-08-24 12:14:55 - [TEST_STEP][PASSED] - M4_spin_total_bonus_win_this_round = total_bonus_win_this_round: null

2019-08-24 12:14:55 - [TEST_STEP][PASSED] - M4_spin_total_bonus_win_this_round = M4_spin_total_bonus_win_this_round: null

2019-08-24 12:14:55 - [TEST_STEP][PASSED] - println("GlobalVariable.M4_spin_total_bonus_win_this_round is: " + M4_spin_total_bonus_win_this_round): null

2019-08-24 12:14:55 - [TEST_STEP][PASSED] - M4_spin_bonus_spin_result = spin_result: null

2019-08-24 12:14:55 - [TEST_STEP][PASSED] - M4_spin_bonus_spin_result = M4_spin_bonus_spin_result: null

2019-08-24 12:14:55 - [MESSAGE][PASSED] - Verify response successfully

2019-08-24 12:14:55 - [MESSAGE][PASSED] - Send request and verify the response successfully

2019-08-24 12:14:55 - [TEST_STEP][PASSED] - if (M4_total_bonus_spins_int != 0 &amp;&amp; M4_spin_reels_symbols[2].contains("WILD_ExtraFG") || M4_spin_reels_symbols[3].contains("WILD_ExtraFG")): null

2019-08-24 12:14:55 - [TEST_STEP][PASSED] - free_spin_reel_counter = free_spin_reel_counter: null

2019-08-24 12:14:55 - [TEST_STEP][PASSED] - M4_spin_reels_symbols = M4_spin_reels_symbols: null

2019-08-24 12:14:55 - [TEST_STEP][PASSED] - M4_total_bonus_spins = M4_total_bonus_spins: null

2019-08-24 12:14:55 - [TEST_STEP][PASSED] - spin_result = sendRequestAndVerify(findTestObject("INT/RGS(M4)/1_M4_spin", ["M4_login_user_id":M4_login_user_id, "rgs_session_token":rgs_session_token, "partner":Partner])): Send request and verify the response successfully

2019-08-24 12:14:55 - [MESSAGE][INFO] - HAR: /Users/eiralee/Katalon_Script/SuperWild/Reports/20190824_120919/INT/superWild_3/20190824_120919/requests/main/96.har

2019-08-24 12:14:55 - [TEST_CASE][PASSED] - Start Test Case : Verification: Verification accomplished successfully

2019-08-24 12:14:55 - [TEST_STEP][PASSED] - request = getInstance().getCurrentRequest(): null

2019-08-24 12:14:56 - [TEST_STEP][PASSED] - response = getInstance().getCurrentResponse(): null

2019-08-24 12:14:56 - [TEST_STEP][PASSED] - verifyResponseStatusCode(response, 200): Verify response status code successfully

2019-08-24 12:14:56 - [MESSAGE][PASSED] - Verify response status code successfully

2019-08-24 12:14:56 - [TEST_STEP][PASSED] - getStatusCode()).isEqualTo(200): null

2019-08-24 12:14:56 - [TEST_STEP][PASSED] - newline = System.getProperty("line.separator"): null

2019-08-24 12:14:56 - [TEST_STEP][PASSED] - M4_spin = new groovy.json.JsonSlurper(): null

2019-08-24 12:14:56 - [TEST_STEP][PASSED] - result_M4_spin = M4_spin.parseText(response.getResponseBodyContent()): null

2019-08-24 12:14:56 - [TEST_STEP][PASSED] - M4_spin_current_balance = current_balance: null

2019-08-24 12:14:56 - [TEST_STEP][PASSED] - M4_spin_current_balance = M4_spin_current_balance: null

2019-08-24 12:14:56 - [TEST_STEP][PASSED] - M4_spin_transaction_id = causality: null

2019-08-24 12:14:56 - [TEST_STEP][PASSED] - M4_spin_transaction_id = M4_spin_transaction_id: null

2019-08-24 12:14:56 - [TEST_STEP][PASSED] - M4_spin_round_id = round_id: null

2019-08-24 12:14:56 - [TEST_STEP][PASSED] - M4_spin_round_id = M4_spin_round_id: null

2019-08-24 12:14:56 - [TEST_STEP][PASSED] - M4_spin_line_wins = line_wins: null

2019-08-24 12:14:56 - [TEST_STEP][PASSED] - M4_spin_line_wins = M4_spin_line_wins: null

2019-08-24 12:14:56 - [TEST_STEP][PASSED] - M4_total_bonus_spins_int = total_bonus_spins: null

2019-08-24 12:14:56 - [TEST_STEP][PASSED] - println("******M4_total_bonus_spins type is:*******" + newline + getClass().getName()): null

2019-08-24 12:14:56 - [TEST_STEP][PASSED] - M4_total_bonus_spins_int = M4_total_bonus_spins_int: null

2019-08-24 12:14:56 - [TEST_STEP][PASSED] - M4_total_bonus_spins = Integer.toString(M4_total_bonus_spins_int): null

2019-08-24 12:14:56 - [TEST_STEP][PASSED] - M4_total_bonus_spins = M4_total_bonus_spins: null

2019-08-24 12:14:56 - [TEST_STEP][PASSED] - println("M4_total_bonus_spins is:" + M4_total_bonus_spins): null

2019-08-24 12:14:56 - [TEST_STEP][PASSED] - M4_spin_bonus_data = bonus_data: null

2019-08-24 12:14:56 - [TEST_STEP][PASSED] - M4_spin_features_triggered = result_M4_spin: null

2019-08-24 12:14:56 - [TEST_STEP][PASSED] - wild = []: null

2019-08-24 12:14:56 - [TEST_STEP][PASSED] - wild[0] = "WILD_Expanding": null

2019-08-24 12:14:56 - [TEST_STEP][PASSED] - wild[1] = "WILD_Normal": null

2019-08-24 12:14:56 - [TEST_STEP][PASSED] - wild[2] = "WILD_Double": null

2019-08-24 12:14:56 - [TEST_STEP][PASSED] - wild[3] = "WILD_ExtraFG": null

2019-08-24 12:14:56 - [TEST_STEP][PASSED] - wild[4] = "WILD_Triple": null

2019-08-24 12:14:56 - [TEST_STEP][PASSED] - wildList = Arrays.asList(wild): null

2019-08-24 12:14:56 - [TEST_STEP][PASSED] - wildList = wildList: null

2019-08-24 12:14:56 - [TEST_STEP][PASSED] - free_spin_reel_counter = []: null

2019-08-24 12:14:56 - [TEST_STEP][PASSED] - free_spin_reel_counter[0] = 0: null

2019-08-24 12:14:56 - [TEST_STEP][PASSED] - free_spin_reel_counter[1] = 0: null

2019-08-24 12:14:56 - [TEST_STEP][PASSED] - free_spin_reel_counter[2] = 0: null

2019-08-24 12:14:56 - [TEST_STEP][PASSED] - M4_spin_reels = reels: null

2019-08-24 12:14:56 - [TEST_STEP][PASSED] - for ([i = 0, i &lt; M4_spin_reels.size(), (i++)]): null

2019-08-24 12:14:56 - [TEST_STEP][PASSED] - symbols = symbols: null

2019-08-24 12:14:56 - [TEST_STEP][PASSED] - for ([j = 0, j &lt; symbols.size(), (j++)]): null

2019-08-24 12:14:56 - [TEST_STEP][PASSED] - symbol = symbol: null

2019-08-24 12:14:56 - [TEST_STEP][PASSED] - println(symbol): null

2019-08-24 12:14:56 - [TEST_STEP][PASSED] - if (i == 2 &amp;&amp; wildList.indexOf(symbol) != -1): null

2019-08-24 12:14:56 - [TEST_STEP][PASSED] - if (i == 3 &amp;&amp; wildList.indexOf(symbol) != -1): null

2019-08-24 12:14:56 - [TEST_STEP][PASSED] - if (i == 4 &amp;&amp; wildList.indexOf(symbol) != -1): null

2019-08-24 12:14:56 - [TEST_STEP][PASSED] - symbol = symbol: null

2019-08-24 12:14:56 - [TEST_STEP][PASSED] - println(symbol): null

2019-08-24 12:14:56 - [TEST_STEP][PASSED] - if (i == 2 &amp;&amp; wildList.indexOf(symbol) != -1): null

2019-08-24 12:14:56 - [TEST_STEP][PASSED] - if (i == 3 &amp;&amp; wildList.indexOf(symbol) != -1): null

2019-08-24 12:14:56 - [TEST_STEP][PASSED] - if (i == 4 &amp;&amp; wildList.indexOf(symbol) != -1): null

2019-08-24 12:14:56 - [TEST_STEP][PASSED] - symbol = symbol: null

2019-08-24 12:14:56 - [TEST_STEP][PASSED] - println(symbol): null

2019-08-24 12:14:56 - [TEST_STEP][PASSED] - if (i == 2 &amp;&amp; wildList.indexOf(symbol) != -1): null

2019-08-24 12:14:56 - [TEST_STEP][PASSED] - if (i == 3 &amp;&amp; wildList.indexOf(symbol) != -1): null

2019-08-24 12:14:56 - [TEST_STEP][PASSED] - if (i == 4 &amp;&amp; wildList.indexOf(symbol) != -1): null

2019-08-24 12:14:56 - [TEST_STEP][PASSED] - symbols = symbols: null

2019-08-24 12:14:56 - [TEST_STEP][PASSED] - for ([j = 0, j &lt; symbols.size(), (j++)]): null

2019-08-24 12:14:56 - [TEST_STEP][PASSED] - symbol = symbol: null

2019-08-24 12:14:56 - [TEST_STEP][PASSED] - println(symbol): null

2019-08-24 12:14:56 - [TEST_STEP][PASSED] - if (i == 2 &amp;&amp; wildList.indexOf(symbol) != -1): null

2019-08-24 12:14:56 - [TEST_STEP][PASSED] - if (i == 3 &amp;&amp; wildList.indexOf(symbol) != -1): null

2019-08-24 12:14:56 - [TEST_STEP][PASSED] - if (i == 4 &amp;&amp; wildList.indexOf(symbol) != -1): null

2019-08-24 12:14:56 - [TEST_STEP][PASSED] - symbol = symbol: null

2019-08-24 12:15:00 - [TEST_STEP][PASSED] - println(symbol): null

2019-08-24 12:15:00 - [TEST_STEP][PASSED] - if (i == 2 &amp;&amp; wildList.indexOf(symbol) != -1): null

2019-08-24 12:15:00 - [TEST_STEP][PASSED] - if (i == 3 &amp;&amp; wildList.indexOf(symbol) != -1): null

2019-08-24 12:15:00 - [TEST_STEP][PASSED] - if (i == 4 &amp;&amp; wildList.indexOf(symbol) != -1): null

2019-08-24 12:15:00 - [TEST_STEP][PASSED] - symbol = symbol: null

2019-08-24 12:15:00 - [TEST_STEP][PASSED] - println(symbol): null

2019-08-24 12:15:00 - [TEST_STEP][PASSED] - if (i == 2 &amp;&amp; wildList.indexOf(symbol) != -1): null

2019-08-24 12:15:00 - [TEST_STEP][PASSED] - if (i == 3 &amp;&amp; wildList.indexOf(symbol) != -1): null

2019-08-24 12:15:00 - [TEST_STEP][PASSED] - if (i == 4 &amp;&amp; wildList.indexOf(symbol) != -1): null

2019-08-24 12:15:00 - [TEST_STEP][PASSED] - symbols = symbols: null

2019-08-24 12:15:02 - [TEST_STEP][PASSED] - for ([j = 0, j &lt; symbols.size(), (j++)]): null

2019-08-24 12:15:02 - [TEST_STEP][PASSED] - symbol = symbol: null

2019-08-24 12:15:02 - [TEST_STEP][PASSED] - println(symbol): null

2019-08-24 12:15:02 - [TEST_STEP][PASSED] - if (i == 2 &amp;&amp; wildList.indexOf(symbol) != -1): null

2019-08-24 12:15:02 - [TEST_STEP][PASSED] - if (i == 3 &amp;&amp; wildList.indexOf(symbol) != -1): null

2019-08-24 12:15:02 - [TEST_STEP][PASSED] - if (i == 4 &amp;&amp; wildList.indexOf(symbol) != -1): null

2019-08-24 12:15:02 - [TEST_STEP][PASSED] - symbol = symbol: null

2019-08-24 12:15:02 - [TEST_STEP][PASSED] - println(symbol): null

2019-08-24 12:15:02 - [TEST_STEP][PASSED] - if (i == 2 &amp;&amp; wildList.indexOf(symbol) != -1): null

2019-08-24 12:15:02 - [TEST_STEP][PASSED] - println("wild found on reel 3, adding counter by 1"): null

2019-08-24 12:15:02 - [TEST_STEP][PASSED] - free_spin_reel_counter[0] = free_spin_reel_counter[0] + 1: null

2019-08-24 12:15:02 - [TEST_STEP][PASSED] - if (i == 3 &amp;&amp; wildList.indexOf(symbol) != -1): null

2019-08-24 12:15:02 - [TEST_STEP][PASSED] - if (i == 4 &amp;&amp; wildList.indexOf(symbol) != -1): null

2019-08-24 12:15:02 - [TEST_STEP][PASSED] - symbol = symbol: null

2019-08-24 12:15:02 - [TEST_STEP][PASSED] - println(symbol): null

2019-08-24 12:15:02 - [TEST_STEP][PASSED] - if (i == 2 &amp;&amp; wildList.indexOf(symbol) != -1): null

2019-08-24 12:15:02 - [TEST_STEP][PASSED] - if (i == 3 &amp;&amp; wildList.indexOf(symbol) != -1): null

2019-08-24 12:15:02 - [TEST_STEP][PASSED] - if (i == 4 &amp;&amp; wildList.indexOf(symbol) != -1): null

2019-08-24 12:15:02 - [TEST_STEP][PASSED] - symbols = symbols: null

2019-08-24 12:15:02 - [TEST_STEP][PASSED] - for ([j = 0, j &lt; symbols.size(), (j++)]): null

2019-08-24 12:15:02 - [TEST_STEP][PASSED] - symbol = symbol: null

2019-08-24 12:15:02 - [TEST_STEP][PASSED] - println(symbol): null

2019-08-24 12:15:02 - [TEST_STEP][PASSED] - if (i == 2 &amp;&amp; wildList.indexOf(symbol) != -1): null

2019-08-24 12:15:02 - [TEST_STEP][PASSED] - if (i == 3 &amp;&amp; wildList.indexOf(symbol) != -1): null

2019-08-24 12:15:02 - [TEST_STEP][PASSED] - if (i == 4 &amp;&amp; wildList.indexOf(symbol) != -1): null

2019-08-24 12:15:02 - [TEST_STEP][PASSED] - symbol = symbol: null

2019-08-24 12:15:02 - [TEST_STEP][PASSED] - println(symbol): null

2019-08-24 12:15:02 - [TEST_STEP][PASSED] - if (i == 2 &amp;&amp; wildList.indexOf(symbol) != -1): null

2019-08-24 12:15:02 - [TEST_STEP][PASSED] - if (i == 3 &amp;&amp; wildList.indexOf(symbol) != -1): null

2019-08-24 12:15:02 - [TEST_STEP][PASSED] - if (i == 4 &amp;&amp; wildList.indexOf(symbol) != -1): null

2019-08-24 12:15:02 - [TEST_STEP][PASSED] - symbol = symbol: null

2019-08-24 12:15:02 - [TEST_STEP][PASSED] - println(symbol): null

2019-08-24 12:15:02 - [TEST_STEP][PASSED] - if (i == 2 &amp;&amp; wildList.indexOf(symbol) != -1): null

2019-08-24 12:15:02 - [TEST_STEP][PASSED] - if (i == 3 &amp;&amp; wildList.indexOf(symbol) != -1): null

2019-08-24 12:15:02 - [TEST_STEP][PASSED] - if (i == 4 &amp;&amp; wildList.indexOf(symbol) != -1): null

2019-08-24 12:15:02 - [TEST_STEP][PASSED] - symbols = symbols: null

2019-08-24 12:15:02 - [TEST_STEP][PASSED] - for ([j = 0, j &lt; symbols.size(), (j++)]): null

2019-08-24 12:15:02 - [TEST_STEP][PASSED] - symbol = symbol: null

2019-08-24 12:15:02 - [TEST_STEP][PASSED] - println(symbol): null

2019-08-24 12:15:02 - [TEST_STEP][PASSED] - if (i == 2 &amp;&amp; wildList.indexOf(symbol) != -1): null

2019-08-24 12:15:02 - [TEST_STEP][PASSED] - if (i == 3 &amp;&amp; wildList.indexOf(symbol) != -1): null

2019-08-24 12:15:02 - [TEST_STEP][PASSED] - if (i == 4 &amp;&amp; wildList.indexOf(symbol) != -1): null

2019-08-24 12:15:02 - [TEST_STEP][PASSED] - symbol = symbol: null

2019-08-24 12:15:02 - [TEST_STEP][PASSED] - println(symbol): null

2019-08-24 12:15:02 - [TEST_STEP][PASSED] - if (i == 2 &amp;&amp; wildList.indexOf(symbol) != -1): null

2019-08-24 12:15:02 - [TEST_STEP][PASSED] - if (i == 3 &amp;&amp; wildList.indexOf(symbol) != -1): null

2019-08-24 12:15:02 - [TEST_STEP][PASSED] - if (i == 4 &amp;&amp; wildList.indexOf(symbol) != -1): null

2019-08-24 12:15:02 - [TEST_STEP][PASSED] - symbol = symbol: null

2019-08-24 12:15:02 - [TEST_STEP][PASSED] - println(symbol): null

2019-08-24 12:15:02 - [TEST_STEP][PASSED] - if (i == 2 &amp;&amp; wildList.indexOf(symbol) != -1): null

2019-08-24 12:15:02 - [TEST_STEP][PASSED] - if (i == 3 &amp;&amp; wildList.indexOf(symbol) != -1): null

2019-08-24 12:15:02 - [TEST_STEP][PASSED] - if (i == 4 &amp;&amp; wildList.indexOf(symbol) != -1): null

2019-08-24 12:15:02 - [TEST_STEP][PASSED] - free_spin_reel_counter = free_spin_reel_counter: null

2019-08-24 12:15:02 - [TEST_STEP][PASSED] - println("reel 3 wild found: " + free_spin_reel_counter[0]): null

2019-08-24 12:15:02 - [TEST_STEP][PASSED] - println("reel 4 wild found: " + free_spin_reel_counter[1]): null

2019-08-24 12:15:02 - [TEST_STEP][PASSED] - println("reel 5 wild found: " + free_spin_reel_counter[2]): null

2019-08-24 12:15:02 - [TEST_STEP][PASSED] - M4_spin_reels = M4_spin_reels: null

2019-08-24 12:15:02 - [TEST_STEP][PASSED] - M4_spin_reels_symbols = symbol: null

2019-08-24 12:15:02 - [TEST_STEP][PASSED] - M4_spin_reels_symbols = M4_spin_reels_symbols: null

2019-08-24 12:15:02 - [TEST_STEP][PASSED] - M4_spin_reel_wins = reel_wins: null

2019-08-24 12:15:02 - [TEST_STEP][PASSED] - M4_spin_reel_wins = M4_spin_reel_wins: null

2019-08-24 12:15:02 - [TEST_STEP][PASSED] - println("GlobalVariable.M4_spin_reel_wins is: " + M4_spin_reel_wins): null

2019-08-24 12:15:02 - [TEST_STEP][PASSED] - M4_spin_total_bonus_win_this_round = total_bonus_win_this_round: null

2019-08-24 12:15:02 - [TEST_STEP][PASSED] - M4_spin_total_bonus_win_this_round = M4_spin_total_bonus_win_this_round: null

2019-08-24 12:15:02 - [TEST_STEP][PASSED] - println("GlobalVariable.M4_spin_total_bonus_win_this_round is: " + M4_spin_total_bonus_win_this_round): null

2019-08-24 12:15:02 - [TEST_STEP][PASSED] - M4_spin_bonus_spin_result = spin_result: null

2019-08-24 12:15:02 - [TEST_STEP][PASSED] - M4_spin_bonus_spin_result = M4_spin_bonus_spin_result: null

2019-08-24 12:15:02 - [MESSAGE][PASSED] - Verify response successfully

2019-08-24 12:15:02 - [MESSAGE][PASSED] - Send request and verify the response successfully

2019-08-24 12:15:02 - [TEST_STEP][PASSED] - if (M4_total_bonus_spins_int != 0 &amp;&amp; M4_spin_reels_symbols[2].contains("WILD_ExtraFG") || M4_spin_reels_symbols[3].contains("WILD_ExtraFG")): null

2019-08-24 12:15:02 - [TEST_STEP][PASSED] - free_spin_reel_counter = free_spin_reel_counter: null

2019-08-24 12:15:02 - [TEST_STEP][PASSED] - M4_spin_reels_symbols = M4_spin_reels_symbols: null

2019-08-24 12:15:02 - [TEST_STEP][PASSED] - M4_total_bonus_spins = M4_total_bonus_spins: null

2019-08-24 12:15:02 - [TEST_STEP][PASSED] - spin_result = sendRequestAndVerify(findTestObject("INT/RGS(M4)/1_M4_spin", ["M4_login_user_id":M4_login_user_id, "rgs_session_token":rgs_session_token, "partner":Partner])): Send request and verify the response successfully

2019-08-24 12:15:02 - [MESSAGE][INFO] - HAR: /Users/eiralee/Katalon_Script/SuperWild/Reports/20190824_120919/INT/superWild_3/20190824_120919/requests/main/97.har

2019-08-24 12:15:03 - [TEST_CASE][PASSED] - Start Test Case : Verification: Verification accomplished successfully

2019-08-24 12:15:03 - [TEST_STEP][PASSED] - request = getInstance().getCurrentRequest(): null

2019-08-24 12:15:03 - [TEST_STEP][PASSED] - response = getInstance().getCurrentResponse(): null

2019-08-24 12:15:03 - [TEST_STEP][PASSED] - verifyResponseStatusCode(response, 200): Verify response status code successfully

2019-08-24 12:15:03 - [MESSAGE][PASSED] - Verify response status code successfully

2019-08-24 12:15:03 - [TEST_STEP][PASSED] - getStatusCode()).isEqualTo(200): null

2019-08-24 12:15:03 - [TEST_STEP][PASSED] - newline = System.getProperty("line.separator"): null

2019-08-24 12:15:03 - [TEST_STEP][PASSED] - M4_spin = new groovy.json.JsonSlurper(): null

2019-08-24 12:15:03 - [TEST_STEP][PASSED] - result_M4_spin = M4_spin.parseText(response.getResponseBodyContent()): null

2019-08-24 12:15:03 - [TEST_STEP][PASSED] - M4_spin_current_balance = current_balance: null

2019-08-24 12:15:03 - [TEST_STEP][PASSED] - M4_spin_current_balance = M4_spin_current_balance: null

2019-08-24 12:15:03 - [TEST_STEP][PASSED] - M4_spin_transaction_id = causality: null

2019-08-24 12:15:03 - [TEST_STEP][PASSED] - M4_spin_transaction_id = M4_spin_transaction_id: null

2019-08-24 12:15:03 - [TEST_STEP][PASSED] - M4_spin_round_id = round_id: null

2019-08-24 12:15:03 - [TEST_STEP][PASSED] - M4_spin_round_id = M4_spin_round_id: null

2019-08-24 12:15:03 - [TEST_STEP][PASSED] - M4_spin_line_wins = line_wins: null

2019-08-24 12:15:03 - [TEST_STEP][PASSED] - M4_spin_line_wins = M4_spin_line_wins: null

2019-08-24 12:15:03 - [TEST_STEP][PASSED] - M4_total_bonus_spins_int = total_bonus_spins: null

2019-08-24 12:15:03 - [TEST_STEP][PASSED] - println("******M4_total_bonus_spins type is:*******" + newline + getClass().getName()): null

2019-08-24 12:15:03 - [TEST_STEP][PASSED] - M4_total_bonus_spins_int = M4_total_bonus_spins_int: null

2019-08-24 12:15:03 - [TEST_STEP][PASSED] - M4_total_bonus_spins = Integer.toString(M4_total_bonus_spins_int): null

2019-08-24 12:15:03 - [TEST_STEP][PASSED] - M4_total_bonus_spins = M4_total_bonus_spins: null

2019-08-24 12:15:03 - [TEST_STEP][PASSED] - println("M4_total_bonus_spins is:" + M4_total_bonus_spins): null

2019-08-24 12:15:03 - [TEST_STEP][PASSED] - M4_spin_bonus_data = bonus_data: null

2019-08-24 12:15:03 - [TEST_STEP][PASSED] - M4_spin_features_triggered = result_M4_spin: null

2019-08-24 12:15:03 - [TEST_STEP][PASSED] - wild = []: null

2019-08-24 12:15:03 - [TEST_STEP][PASSED] - wild[0] = "WILD_Expanding": null

2019-08-24 12:15:03 - [TEST_STEP][PASSED] - wild[1] = "WILD_Normal": null

2019-08-24 12:15:03 - [TEST_STEP][PASSED] - wild[2] = "WILD_Double": null

2019-08-24 12:15:03 - [TEST_STEP][PASSED] - wild[3] = "WILD_ExtraFG": null

2019-08-24 12:15:03 - [TEST_STEP][PASSED] - wild[4] = "WILD_Triple": null

2019-08-24 12:15:03 - [TEST_STEP][PASSED] - wildList = Arrays.asList(wild): null

2019-08-24 12:15:03 - [TEST_STEP][PASSED] - wildList = wildList: null

2019-08-24 12:15:03 - [TEST_STEP][PASSED] - free_spin_reel_counter = []: null

2019-08-24 12:15:03 - [TEST_STEP][PASSED] - free_spin_reel_counter[0] = 0: null

2019-08-24 12:15:03 - [TEST_STEP][PASSED] - free_spin_reel_counter[1] = 0: null

2019-08-24 12:15:03 - [TEST_STEP][PASSED] - free_spin_reel_counter[2] = 0: null

2019-08-24 12:15:03 - [TEST_STEP][PASSED] - M4_spin_reels = reels: null

2019-08-24 12:15:03 - [TEST_STEP][PASSED] - for ([i = 0, i &lt; M4_spin_reels.size(), (i++)]): null

2019-08-24 12:15:03 - [TEST_STEP][PASSED] - symbols = symbols: null

2019-08-24 12:15:03 - [TEST_STEP][PASSED] - for ([j = 0, j &lt; symbols.size(), (j++)]): null

2019-08-24 12:15:03 - [TEST_STEP][PASSED] - symbol = symbol: null

2019-08-24 12:15:03 - [TEST_STEP][PASSED] - println(symbol): null

2019-08-24 12:15:03 - [TEST_STEP][PASSED] - if (i == 2 &amp;&amp; wildList.indexOf(symbol) != -1): null

2019-08-24 12:15:03 - [TEST_STEP][PASSED] - if (i == 3 &amp;&amp; wildList.indexOf(symbol) != -1): null

2019-08-24 12:15:03 - [TEST_STEP][PASSED] - if (i == 4 &amp;&amp; wildList.indexOf(symbol) != -1): null

2019-08-24 12:15:03 - [TEST_STEP][PASSED] - symbol = symbol: null

2019-08-24 12:15:03 - [TEST_STEP][PASSED] - println(symbol): null

2019-08-24 12:15:03 - [TEST_STEP][PASSED] - if (i == 2 &amp;&amp; wildList.indexOf(symbol) != -1): null

2019-08-24 12:15:03 - [TEST_STEP][PASSED] - if (i == 3 &amp;&amp; wildList.indexOf(symbol) != -1): null

2019-08-24 12:15:03 - [TEST_STEP][PASSED] - if (i == 4 &amp;&amp; wildList.indexOf(symbol) != -1): null

2019-08-24 12:15:03 - [TEST_STEP][PASSED] - symbol = symbol: null

2019-08-24 12:15:03 - [TEST_STEP][PASSED] - println(symbol): null

2019-08-24 12:15:03 - [TEST_STEP][PASSED] - if (i == 2 &amp;&amp; wildList.indexOf(symbol) != -1): null

2019-08-24 12:15:03 - [TEST_STEP][PASSED] - if (i == 3 &amp;&amp; wildList.indexOf(symbol) != -1): null

2019-08-24 12:15:03 - [TEST_STEP][PASSED] - if (i == 4 &amp;&amp; wildList.indexOf(symbol) != -1): null

2019-08-24 12:15:03 - [TEST_STEP][PASSED] - symbols = symbols: null

2019-08-24 12:15:03 - [TEST_STEP][PASSED] - for ([j = 0, j &lt; symbols.size(), (j++)]): null

2019-08-24 12:15:03 - [TEST_STEP][PASSED] - symbol = symbol: null

2019-08-24 12:15:03 - [TEST_STEP][PASSED] - println(symbol): null

2019-08-24 12:15:03 - [TEST_STEP][PASSED] - if (i == 2 &amp;&amp; wildList.indexOf(symbol) != -1): null

2019-08-24 12:15:03 - [TEST_STEP][PASSED] - if (i == 3 &amp;&amp; wildList.indexOf(symbol) != -1): null

2019-08-24 12:15:03 - [TEST_STEP][PASSED] - if (i == 4 &amp;&amp; wildList.indexOf(symbol) != -1): null

2019-08-24 12:15:03 - [TEST_STEP][PASSED] - symbol = symbol: null

2019-08-24 12:15:03 - [TEST_STEP][PASSED] - println(symbol): null

2019-08-24 12:15:03 - [TEST_STEP][PASSED] - if (i == 2 &amp;&amp; wildList.indexOf(symbol) != -1): null

2019-08-24 12:15:03 - [TEST_STEP][PASSED] - if (i == 3 &amp;&amp; wildList.indexOf(symbol) != -1): null

2019-08-24 12:15:03 - [TEST_STEP][PASSED] - if (i == 4 &amp;&amp; wildList.indexOf(symbol) != -1): null

2019-08-24 12:15:03 - [TEST_STEP][PASSED] - symbol = symbol: null

2019-08-24 12:15:03 - [TEST_STEP][PASSED] - println(symbol): null

2019-08-24 12:15:03 - [TEST_STEP][PASSED] - if (i == 2 &amp;&amp; wildList.indexOf(symbol) != -1): null

2019-08-24 12:15:03 - [TEST_STEP][PASSED] - if (i == 3 &amp;&amp; wildList.indexOf(symbol) != -1): null

2019-08-24 12:15:03 - [TEST_STEP][PASSED] - if (i == 4 &amp;&amp; wildList.indexOf(symbol) != -1): null

2019-08-24 12:15:03 - [TEST_STEP][PASSED] - symbols = symbols: null

2019-08-24 12:15:03 - [TEST_STEP][PASSED] - for ([j = 0, j &lt; symbols.size(), (j++)]): null

2019-08-24 12:15:03 - [TEST_STEP][PASSED] - symbol = symbol: null

2019-08-24 12:15:03 - [TEST_STEP][PASSED] - println(symbol): null

2019-08-24 12:15:03 - [TEST_STEP][PASSED] - if (i == 2 &amp;&amp; wildList.indexOf(symbol) != -1): null

2019-08-24 12:15:03 - [TEST_STEP][PASSED] - if (i == 3 &amp;&amp; wildList.indexOf(symbol) != -1): null

2019-08-24 12:15:03 - [TEST_STEP][PASSED] - if (i == 4 &amp;&amp; wildList.indexOf(symbol) != -1): null

2019-08-24 12:15:03 - [TEST_STEP][PASSED] - symbol = symbol: null

2019-08-24 12:15:03 - [TEST_STEP][PASSED] - println(symbol): null

2019-08-24 12:15:03 - [TEST_STEP][PASSED] - if (i == 2 &amp;&amp; wildList.indexOf(symbol) != -1): null

2019-08-24 12:15:03 - [TEST_STEP][PASSED] - if (i == 3 &amp;&amp; wildList.indexOf(symbol) != -1): null

2019-08-24 12:15:03 - [TEST_STEP][PASSED] - if (i == 4 &amp;&amp; wildList.indexOf(symbol) != -1): null

2019-08-24 12:15:03 - [TEST_STEP][PASSED] - symbol = symbol: null

2019-08-24 12:15:03 - [TEST_STEP][PASSED] - println(symbol): null

2019-08-24 12:15:03 - [TEST_STEP][PASSED] - if (i == 2 &amp;&amp; wildList.indexOf(symbol) != -1): null

2019-08-24 12:15:03 - [TEST_STEP][PASSED] - if (i == 3 &amp;&amp; wildList.indexOf(symbol) != -1): null

2019-08-24 12:15:03 - [TEST_STEP][PASSED] - if (i == 4 &amp;&amp; wildList.indexOf(symbol) != -1): null

2019-08-24 12:15:03 - [TEST_STEP][PASSED] - symbols = symbols: null

2019-08-24 12:15:03 - [TEST_STEP][PASSED] - for ([j = 0, j &lt; symbols.size(), (j++)]): null

2019-08-24 12:15:03 - [TEST_STEP][PASSED] - symbol = symbol: null

2019-08-24 12:15:03 - [TEST_STEP][PASSED] - println(symbol): null

2019-08-24 12:15:03 - [TEST_STEP][PASSED] - if (i == 2 &amp;&amp; wildList.indexOf(symbol) != -1): null

2019-08-24 12:15:03 - [TEST_STEP][PASSED] - if (i == 3 &amp;&amp; wildList.indexOf(symbol) != -1): null

2019-08-24 12:15:03 - [TEST_STEP][PASSED] - if (i == 4 &amp;&amp; wildList.indexOf(symbol) != -1): null

2019-08-24 12:15:03 - [TEST_STEP][PASSED] - symbol = symbol: null

2019-08-24 12:15:03 - [TEST_STEP][PASSED] - println(symbol): null

2019-08-24 12:15:03 - [TEST_STEP][PASSED] - if (i == 2 &amp;&amp; wildList.indexOf(symbol) != -1): null

2019-08-24 12:15:03 - [TEST_STEP][PASSED] - if (i == 3 &amp;&amp; wildList.indexOf(symbol) != -1): null

2019-08-24 12:15:03 - [TEST_STEP][PASSED] - if (i == 4 &amp;&amp; wildList.indexOf(symbol) != -1): null

2019-08-24 12:15:03 - [TEST_STEP][PASSED] - symbol = symbol: null

2019-08-24 12:15:03 - [TEST_STEP][PASSED] - println(symbol): null

2019-08-24 12:15:03 - [TEST_STEP][PASSED] - if (i == 2 &amp;&amp; wildList.indexOf(symbol) != -1): null

2019-08-24 12:15:03 - [TEST_STEP][PASSED] - if (i == 3 &amp;&amp; wildList.indexOf(symbol) != -1): null

2019-08-24 12:15:03 - [TEST_STEP][PASSED] - if (i == 4 &amp;&amp; wildList.indexOf(symbol) != -1): null

2019-08-24 12:15:03 - [TEST_STEP][PASSED] - symbols = symbols: null

2019-08-24 12:15:03 - [TEST_STEP][PASSED] - for ([j = 0, j &lt; symbols.size(), (j++)]): null

2019-08-24 12:15:03 - [TEST_STEP][PASSED] - symbol = symbol: null

2019-08-24 12:15:03 - [TEST_STEP][PASSED] - println(symbol): null

2019-08-24 12:15:03 - [TEST_STEP][PASSED] - if (i == 2 &amp;&amp; wildList.indexOf(symbol) != -1): null

2019-08-24 12:15:03 - [TEST_STEP][PASSED] - if (i == 3 &amp;&amp; wildList.indexOf(symbol) != -1): null

2019-08-24 12:15:03 - [TEST_STEP][PASSED] - if (i == 4 &amp;&amp; wildList.indexOf(symbol) != -1): null

2019-08-24 12:15:03 - [TEST_STEP][PASSED] - symbol = symbol: null

2019-08-24 12:15:03 - [TEST_STEP][PASSED] - println(symbol): null

2019-08-24 12:15:03 - [TEST_STEP][PASSED] - if (i == 2 &amp;&amp; wildList.indexOf(symbol) != -1): null

2019-08-24 12:15:03 - [TEST_STEP][PASSED] - if (i == 3 &amp;&amp; wildList.indexOf(symbol) != -1): null

2019-08-24 12:15:03 - [TEST_STEP][PASSED] - if (i == 4 &amp;&amp; wildList.indexOf(symbol) != -1): null

2019-08-24 12:15:03 - [TEST_STEP][PASSED] - symbol = symbol: null

2019-08-24 12:15:03 - [TEST_STEP][PASSED] - println(symbol): null

2019-08-24 12:15:03 - [TEST_STEP][PASSED] - if (i == 2 &amp;&amp; wildList.indexOf(symbol) != -1): null

2019-08-24 12:15:03 - [TEST_STEP][PASSED] - if (i == 3 &amp;&amp; wildList.indexOf(symbol) != -1): null

2019-08-24 12:15:03 - [TEST_STEP][PASSED] - if (i == 4 &amp;&amp; wildList.indexOf(symbol) != -1): null

2019-08-24 12:15:03 - [TEST_STEP][PASSED] - free_spin_reel_counter = free_spin_reel_counter: null

2019-08-24 12:15:03 - [TEST_STEP][PASSED] - println("reel 3 wild found: " + free_spin_reel_counter[0]): null

2019-08-24 12:15:03 - [TEST_STEP][PASSED] - println("reel 4 wild found: " + free_spin_reel_counter[1]): null

2019-08-24 12:15:03 - [TEST_STEP][PASSED] - println("reel 5 wild found: " + free_spin_reel_counter[2]): null

2019-08-24 12:15:03 - [TEST_STEP][PASSED] - M4_spin_reels = M4_spin_reels: null

2019-08-24 12:15:03 - [TEST_STEP][PASSED] - M4_spin_reels_symbols = symbol: null

2019-08-24 12:15:03 - [TEST_STEP][PASSED] - M4_spin_reels_symbols = M4_spin_reels_symbols: null

2019-08-24 12:15:03 - [TEST_STEP][PASSED] - M4_spin_reel_wins = reel_wins: null

2019-08-24 12:15:03 - [TEST_STEP][PASSED] - M4_spin_reel_wins = M4_spin_reel_wins: null

2019-08-24 12:15:03 - [TEST_STEP][PASSED] - println("GlobalVariable.M4_spin_reel_wins is: " + M4_spin_reel_wins): null

2019-08-24 12:15:03 - [TEST_STEP][PASSED] - M4_spin_total_bonus_win_this_round = total_bonus_win_this_round: null

2019-08-24 12:15:03 - [TEST_STEP][PASSED] - M4_spin_total_bonus_win_this_round = M4_spin_total_bonus_win_this_round: null

2019-08-24 12:15:03 - [TEST_STEP][PASSED] - println("GlobalVariable.M4_spin_total_bonus_win_this_round is: " + M4_spin_total_bonus_win_this_round): null

2019-08-24 12:15:03 - [TEST_STEP][PASSED] - M4_spin_bonus_spin_result = spin_result: null

2019-08-24 12:15:03 - [TEST_STEP][PASSED] - M4_spin_bonus_spin_result = M4_spin_bonus_spin_result: null

2019-08-24 12:15:03 - [MESSAGE][PASSED] - Verify response successfully

2019-08-24 12:15:03 - [MESSAGE][PASSED] - Send request and verify the response successfully

2019-08-24 12:15:03 - [TEST_STEP][PASSED] - if (M4_total_bonus_spins_int != 0 &amp;&amp; M4_spin_reels_symbols[2].contains("WILD_ExtraFG") || M4_spin_reels_symbols[3].contains("WILD_ExtraFG")): null

2019-08-24 12:15:03 - [TEST_STEP][PASSED] - free_spin_reel_counter = free_spin_reel_counter: null

2019-08-24 12:15:03 - [TEST_STEP][PASSED] - M4_spin_reels_symbols = M4_spin_reels_symbols: null

2019-08-24 12:15:03 - [TEST_STEP][PASSED] - M4_total_bonus_spins = M4_total_bonus_spins: null

2019-08-24 12:15:03 - [TEST_STEP][PASSED] - spin_result = sendRequestAndVerify(findTestObject("INT/RGS(M4)/1_M4_spin", ["M4_login_user_id":M4_login_user_id, "rgs_session_token":rgs_session_token, "partner":Partner])): Send request and verify the response successfully

2019-08-24 12:15:03 - [MESSAGE][INFO] - HAR: /Users/eiralee/Katalon_Script/SuperWild/Reports/20190824_120919/INT/superWild_3/20190824_120919/requests/main/98.har

2019-08-24 12:15:03 - [TEST_CASE][PASSED] - Start Test Case : Verification: Verification accomplished successfully

2019-08-24 12:15:03 - [TEST_STEP][PASSED] - request = getInstance().getCurrentRequest(): null

2019-08-24 12:15:03 - [TEST_STEP][PASSED] - response = getInstance().getCurrentResponse(): null

2019-08-24 12:15:03 - [TEST_STEP][PASSED] - verifyResponseStatusCode(response, 200): Verify response status code successfully

2019-08-24 12:15:03 - [MESSAGE][PASSED] - Verify response status code successfully

2019-08-24 12:15:03 - [TEST_STEP][PASSED] - getStatusCode()).isEqualTo(200): null

2019-08-24 12:15:03 - [TEST_STEP][PASSED] - newline = System.getProperty("line.separator"): null

2019-08-24 12:15:03 - [TEST_STEP][PASSED] - M4_spin = new groovy.json.JsonSlurper(): null

2019-08-24 12:15:03 - [TEST_STEP][PASSED] - result_M4_spin = M4_spin.parseText(response.getResponseBodyContent()): null

2019-08-24 12:15:03 - [TEST_STEP][PASSED] - M4_spin_current_balance = current_balance: null

2019-08-24 12:15:03 - [TEST_STEP][PASSED] - M4_spin_current_balance = M4_spin_current_balance: null

2019-08-24 12:15:03 - [TEST_STEP][PASSED] - M4_spin_transaction_id = causality: null

2019-08-24 12:15:03 - [TEST_STEP][PASSED] - M4_spin_transaction_id = M4_spin_transaction_id: null

2019-08-24 12:15:03 - [TEST_STEP][PASSED] - M4_spin_round_id = round_id: null

2019-08-24 12:15:03 - [TEST_STEP][PASSED] - M4_spin_round_id = M4_spin_round_id: null

2019-08-24 12:15:03 - [TEST_STEP][PASSED] - M4_spin_line_wins = line_wins: null

2019-08-24 12:15:03 - [TEST_STEP][PASSED] - M4_spin_line_wins = M4_spin_line_wins: null

2019-08-24 12:15:03 - [TEST_STEP][PASSED] - M4_total_bonus_spins_int = total_bonus_spins: null

2019-08-24 12:15:03 - [TEST_STEP][PASSED] - println("******M4_total_bonus_spins type is:*******" + newline + getClass().getName()): null

2019-08-24 12:15:03 - [TEST_STEP][PASSED] - M4_total_bonus_spins_int = M4_total_bonus_spins_int: null

2019-08-24 12:15:03 - [TEST_STEP][PASSED] - M4_total_bonus_spins = Integer.toString(M4_total_bonus_spins_int): null

2019-08-24 12:15:03 - [TEST_STEP][PASSED] - M4_total_bonus_spins = M4_total_bonus_spins: null

2019-08-24 12:15:03 - [TEST_STEP][PASSED] - println("M4_total_bonus_spins is:" + M4_total_bonus_spins): null

2019-08-24 12:15:03 - [TEST_STEP][PASSED] - M4_spin_bonus_data = bonus_data: null

2019-08-24 12:15:03 - [TEST_STEP][PASSED] - M4_spin_features_triggered = result_M4_spin: null

2019-08-24 12:15:03 - [TEST_STEP][PASSED] - wild = []: null

2019-08-24 12:15:03 - [TEST_STEP][PASSED] - wild[0] = "WILD_Expanding": null

2019-08-24 12:15:03 - [TEST_STEP][PASSED] - wild[1] = "WILD_Normal": null

2019-08-24 12:15:03 - [TEST_STEP][PASSED] - wild[2] = "WILD_Double": null

2019-08-24 12:15:03 - [TEST_STEP][PASSED] - wild[3] = "WILD_ExtraFG": null

2019-08-24 12:15:03 - [TEST_STEP][PASSED] - wild[4] = "WILD_Triple": null

2019-08-24 12:15:03 - [TEST_STEP][PASSED] - wildList = Arrays.asList(wild): null

2019-08-24 12:15:03 - [TEST_STEP][PASSED] - wildList = wildList: null

2019-08-24 12:15:03 - [TEST_STEP][PASSED] - free_spin_reel_counter = []: null

2019-08-24 12:15:03 - [TEST_STEP][PASSED] - free_spin_reel_counter[0] = 0: null

2019-08-24 12:15:03 - [TEST_STEP][PASSED] - free_spin_reel_counter[1] = 0: null

2019-08-24 12:15:03 - [TEST_STEP][PASSED] - free_spin_reel_counter[2] = 0: null

2019-08-24 12:15:03 - [TEST_STEP][PASSED] - M4_spin_reels = reels: null

2019-08-24 12:15:03 - [TEST_STEP][PASSED] - for ([i = 0, i &lt; M4_spin_reels.size(), (i++)]): null

2019-08-24 12:15:03 - [TEST_STEP][PASSED] - symbols = symbols: null

2019-08-24 12:15:03 - [TEST_STEP][PASSED] - for ([j = 0, j &lt; symbols.size(), (j++)]): null

2019-08-24 12:15:03 - [TEST_STEP][PASSED] - symbol = symbol: null

2019-08-24 12:15:03 - [TEST_STEP][PASSED] - println(symbol): null

2019-08-24 12:15:03 - [TEST_STEP][PASSED] - if (i == 2 &amp;&amp; wildList.indexOf(symbol) != -1): null

2019-08-24 12:15:03 - [TEST_STEP][PASSED] - if (i == 3 &amp;&amp; wildList.indexOf(symbol) != -1): null

2019-08-24 12:15:03 - [TEST_STEP][PASSED] - if (i == 4 &amp;&amp; wildList.indexOf(symbol) != -1): null

2019-08-24 12:15:03 - [TEST_STEP][PASSED] - symbol = symbol: null

2019-08-24 12:15:03 - [TEST_STEP][PASSED] - println(symbol): null

2019-08-24 12:15:03 - [TEST_STEP][PASSED] - if (i == 2 &amp;&amp; wildList.indexOf(symbol) != -1): null

2019-08-24 12:15:03 - [TEST_STEP][PASSED] - if (i == 3 &amp;&amp; wildList.indexOf(symbol) != -1): null

2019-08-24 12:15:03 - [TEST_STEP][PASSED] - if (i == 4 &amp;&amp; wildList.indexOf(symbol) != -1): null

2019-08-24 12:15:03 - [TEST_STEP][PASSED] - symbol = symbol: null

2019-08-24 12:15:03 - [TEST_STEP][PASSED] - println(symbol): null

2019-08-24 12:15:03 - [TEST_STEP][PASSED] - if (i == 2 &amp;&amp; wildList.indexOf(symbol) != -1): null

2019-08-24 12:15:03 - [TEST_STEP][PASSED] - if (i == 3 &amp;&amp; wildList.indexOf(symbol) != -1): null

2019-08-24 12:15:03 - [TEST_STEP][PASSED] - if (i == 4 &amp;&amp; wildList.indexOf(symbol) != -1): null

2019-08-24 12:15:03 - [TEST_STEP][PASSED] - symbols = symbols: null

2019-08-24 12:15:03 - [TEST_STEP][PASSED] - for ([j = 0, j &lt; symbols.size(), (j++)]): null

2019-08-24 12:15:03 - [TEST_STEP][PASSED] - symbol = symbol: null

2019-08-24 12:15:03 - [TEST_STEP][PASSED] - println(symbol): null

2019-08-24 12:15:03 - [TEST_STEP][PASSED] - if (i == 2 &amp;&amp; wildList.indexOf(symbol) != -1): null

2019-08-24 12:15:03 - [TEST_STEP][PASSED] - if (i == 3 &amp;&amp; wildList.indexOf(symbol) != -1): null

2019-08-24 12:15:03 - [TEST_STEP][PASSED] - if (i == 4 &amp;&amp; wildList.indexOf(symbol) != -1): null

2019-08-24 12:15:03 - [TEST_STEP][PASSED] - symbol = symbol: null

2019-08-24 12:15:03 - [TEST_STEP][PASSED] - println(symbol): null

2019-08-24 12:15:03 - [TEST_STEP][PASSED] - if (i == 2 &amp;&amp; wildList.indexOf(symbol) != -1): null

2019-08-24 12:15:03 - [TEST_STEP][PASSED] - if (i == 3 &amp;&amp; wildList.indexOf(symbol) != -1): null

2019-08-24 12:15:03 - [TEST_STEP][PASSED] - if (i == 4 &amp;&amp; wildList.indexOf(symbol) != -1): null

2019-08-24 12:15:03 - [TEST_STEP][PASSED] - symbol = symbol: null

2019-08-24 12:15:03 - [TEST_STEP][PASSED] - println(symbol): null

2019-08-24 12:15:03 - [TEST_STEP][PASSED] - if (i == 2 &amp;&amp; wildList.indexOf(symbol) != -1): null

2019-08-24 12:15:03 - [TEST_STEP][PASSED] - if (i == 3 &amp;&amp; wildList.indexOf(symbol) != -1): null

2019-08-24 12:15:03 - [TEST_STEP][PASSED] - if (i == 4 &amp;&amp; wildList.indexOf(symbol) != -1): null

2019-08-24 12:15:03 - [TEST_STEP][PASSED] - symbols = symbols: null

2019-08-24 12:15:03 - [TEST_STEP][PASSED] - for ([j = 0, j &lt; symbols.size(), (j++)]): null

2019-08-24 12:15:03 - [TEST_STEP][PASSED] - symbol = symbol: null

2019-08-24 12:15:03 - [TEST_STEP][PASSED] - println(symbol): null

2019-08-24 12:15:03 - [TEST_STEP][PASSED] - if (i == 2 &amp;&amp; wildList.indexOf(symbol) != -1): null

2019-08-24 12:15:03 - [TEST_STEP][PASSED] - if (i == 3 &amp;&amp; wildList.indexOf(symbol) != -1): null

2019-08-24 12:15:03 - [TEST_STEP][PASSED] - if (i == 4 &amp;&amp; wildList.indexOf(symbol) != -1): null

2019-08-24 12:15:03 - [TEST_STEP][PASSED] - symbol = symbol: null

2019-08-24 12:15:03 - [TEST_STEP][PASSED] - println(symbol): null

2019-08-24 12:15:03 - [TEST_STEP][PASSED] - if (i == 2 &amp;&amp; wildList.indexOf(symbol) != -1): null

2019-08-24 12:15:03 - [TEST_STEP][PASSED] - if (i == 3 &amp;&amp; wildList.indexOf(symbol) != -1): null

2019-08-24 12:15:03 - [TEST_STEP][PASSED] - if (i == 4 &amp;&amp; wildList.indexOf(symbol) != -1): null

2019-08-24 12:15:03 - [TEST_STEP][PASSED] - symbol = symbol: null

2019-08-24 12:15:03 - [TEST_STEP][PASSED] - println(symbol): null

2019-08-24 12:15:03 - [TEST_STEP][PASSED] - if (i == 2 &amp;&amp; wildList.indexOf(symbol) != -1): null

2019-08-24 12:15:03 - [TEST_STEP][PASSED] - if (i == 3 &amp;&amp; wildList.indexOf(symbol) != -1): null

2019-08-24 12:15:03 - [TEST_STEP][PASSED] - if (i == 4 &amp;&amp; wildList.indexOf(symbol) != -1): null

2019-08-24 12:15:03 - [TEST_STEP][PASSED] - symbols = symbols: null

2019-08-24 12:15:03 - [TEST_STEP][PASSED] - for ([j = 0, j &lt; symbols.size(), (j++)]): null

2019-08-24 12:15:03 - [TEST_STEP][PASSED] - symbol = symbol: null

2019-08-24 12:15:03 - [TEST_STEP][PASSED] - println(symbol): null

2019-08-24 12:15:03 - [TEST_STEP][PASSED] - if (i == 2 &amp;&amp; wildList.indexOf(symbol) != -1): null

2019-08-24 12:15:03 - [TEST_STEP][PASSED] - if (i == 3 &amp;&amp; wildList.indexOf(symbol) != -1): null

2019-08-24 12:15:03 - [TEST_STEP][PASSED] - if (i == 4 &amp;&amp; wildList.indexOf(symbol) != -1): null

2019-08-24 12:15:03 - [TEST_STEP][PASSED] - symbol = symbol: null

2019-08-24 12:15:03 - [TEST_STEP][PASSED] - println(symbol): null

2019-08-24 12:15:03 - [TEST_STEP][PASSED] - if (i == 2 &amp;&amp; wildList.indexOf(symbol) != -1): null

2019-08-24 12:15:03 - [TEST_STEP][PASSED] - if (i == 3 &amp;&amp; wildList.indexOf(symbol) != -1): null

2019-08-24 12:15:03 - [TEST_STEP][PASSED] - if (i == 4 &amp;&amp; wildList.indexOf(symbol) != -1): null

2019-08-24 12:15:07 - [TEST_STEP][PASSED] - symbol = symbol: null

2019-08-24 12:15:07 - [TEST_STEP][PASSED] - println(symbol): null

2019-08-24 12:15:07 - [TEST_STEP][PASSED] - if (i == 2 &amp;&amp; wildList.indexOf(symbol) != -1): null

2019-08-24 12:15:07 - [TEST_STEP][PASSED] - if (i == 3 &amp;&amp; wildList.indexOf(symbol) != -1): null

2019-08-24 12:15:07 - [TEST_STEP][PASSED] - println("wild found on reel 4, adding counter by 1"): null

2019-08-24 12:15:07 - [TEST_STEP][PASSED] - free_spin_reel_counter[1] = free_spin_reel_counter[1] + 1: null

2019-08-24 12:15:07 - [TEST_STEP][PASSED] - if (i == 4 &amp;&amp; wildList.indexOf(symbol) != -1): null

2019-08-24 12:15:07 - [TEST_STEP][PASSED] - symbols = symbols: null

2019-08-24 12:15:07 - [TEST_STEP][PASSED] - for ([j = 0, j &lt; symbols.size(), (j++)]): null

2019-08-24 12:15:07 - [TEST_STEP][PASSED] - symbol = symbol: null

2019-08-24 12:15:10 - [TEST_STEP][PASSED] - println(symbol): null

2019-08-24 12:15:10 - [TEST_STEP][PASSED] - if (i == 2 &amp;&amp; wildList.indexOf(symbol) != -1): null

2019-08-24 12:15:10 - [TEST_STEP][PASSED] - if (i == 3 &amp;&amp; wildList.indexOf(symbol) != -1): null

2019-08-24 12:15:10 - [TEST_STEP][PASSED] - if (i == 4 &amp;&amp; wildList.indexOf(symbol) != -1): null

2019-08-24 12:15:10 - [TEST_STEP][PASSED] - symbol = symbol: null

2019-08-24 12:15:10 - [TEST_STEP][PASSED] - println(symbol): null

2019-08-24 12:15:10 - [TEST_STEP][PASSED] - if (i == 2 &amp;&amp; wildList.indexOf(symbol) != -1): null

2019-08-24 12:15:10 - [TEST_STEP][PASSED] - if (i == 3 &amp;&amp; wildList.indexOf(symbol) != -1): null

2019-08-24 12:15:10 - [TEST_STEP][PASSED] - if (i == 4 &amp;&amp; wildList.indexOf(symbol) != -1): null

2019-08-24 12:15:10 - [TEST_STEP][PASSED] - println("wild found on reel 5, adding counter by 1"): null

2019-08-24 12:15:10 - [TEST_STEP][PASSED] - free_spin_reel_counter[2] = free_spin_reel_counter[2] + 1: null

2019-08-24 12:15:10 - [TEST_STEP][PASSED] - symbol = symbol: null

2019-08-24 12:15:10 - [TEST_STEP][PASSED] - println(symbol): null

2019-08-24 12:15:10 - [TEST_STEP][PASSED] - if (i == 2 &amp;&amp; wildList.indexOf(symbol) != -1): null

2019-08-24 12:15:10 - [TEST_STEP][PASSED] - if (i == 3 &amp;&amp; wildList.indexOf(symbol) != -1): null

2019-08-24 12:15:10 - [TEST_STEP][PASSED] - if (i == 4 &amp;&amp; wildList.indexOf(symbol) != -1): null

2019-08-24 12:15:10 - [TEST_STEP][PASSED] - free_spin_reel_counter = free_spin_reel_counter: null

2019-08-24 12:15:10 - [TEST_STEP][PASSED] - println("reel 3 wild found: " + free_spin_reel_counter[0]): null

2019-08-24 12:15:10 - [TEST_STEP][PASSED] - println("reel 4 wild found: " + free_spin_reel_counter[1]): null

2019-08-24 12:15:10 - [TEST_STEP][PASSED] - println("reel 5 wild found: " + free_spin_reel_counter[2]): null

2019-08-24 12:15:10 - [TEST_STEP][PASSED] - M4_spin_reels = M4_spin_reels: null

2019-08-24 12:15:10 - [TEST_STEP][PASSED] - M4_spin_reels_symbols = symbol: null

2019-08-24 12:15:10 - [TEST_STEP][PASSED] - M4_spin_reels_symbols = M4_spin_reels_symbols: null

2019-08-24 12:15:10 - [TEST_STEP][PASSED] - M4_spin_reel_wins = reel_wins: null

2019-08-24 12:15:10 - [TEST_STEP][PASSED] - M4_spin_reel_wins = M4_spin_reel_wins: null

2019-08-24 12:15:10 - [TEST_STEP][PASSED] - println("GlobalVariable.M4_spin_reel_wins is: " + M4_spin_reel_wins): null

2019-08-24 12:15:10 - [TEST_STEP][PASSED] - M4_spin_total_bonus_win_this_round = total_bonus_win_this_round: null

2019-08-24 12:15:10 - [TEST_STEP][PASSED] - M4_spin_total_bonus_win_this_round = M4_spin_total_bonus_win_this_round: null

2019-08-24 12:15:10 - [TEST_STEP][PASSED] - println("GlobalVariable.M4_spin_total_bonus_win_this_round is: " + M4_spin_total_bonus_win_this_round): null

2019-08-24 12:15:10 - [TEST_STEP][PASSED] - M4_spin_bonus_spin_result = spin_result: null

2019-08-24 12:15:10 - [TEST_STEP][PASSED] - M4_spin_bonus_spin_result = M4_spin_bonus_spin_result: null

2019-08-24 12:15:10 - [MESSAGE][PASSED] - Verify response successfully

2019-08-24 12:15:10 - [MESSAGE][PASSED] - Send request and verify the response successfully

2019-08-24 12:15:10 - [TEST_STEP][PASSED] - if (M4_total_bonus_spins_int != 0 &amp;&amp; M4_spin_reels_symbols[2].contains("WILD_ExtraFG") || M4_spin_reels_symbols[3].contains("WILD_ExtraFG")): null

2019-08-24 12:15:10 - [TEST_STEP][PASSED] - free_spin_reel_counter = free_spin_reel_counter: null

2019-08-24 12:15:10 - [TEST_STEP][PASSED] - M4_spin_reels_symbols = M4_spin_reels_symbols: null

2019-08-24 12:15:10 - [TEST_STEP][PASSED] - M4_total_bonus_spins = M4_total_bonus_spins: null

2019-08-24 12:15:10 - [TEST_STEP][PASSED] - spin_result = sendRequestAndVerify(findTestObject("INT/RGS(M4)/1_M4_spin", ["M4_login_user_id":M4_login_user_id, "rgs_session_token":rgs_session_token, "partner":Partner])): Send request and verify the response successfully

2019-08-24 12:15:11 - [MESSAGE][INFO] - HAR: /Users/eiralee/Katalon_Script/SuperWild/Reports/20190824_120919/INT/superWild_3/20190824_120919/requests/main/99.har

2019-08-24 12:15:11 - [TEST_CASE][PASSED] - Start Test Case : Verification: Verification accomplished successfully

2019-08-24 12:15:11 - [TEST_STEP][PASSED] - request = getInstance().getCurrentRequest(): null

2019-08-24 12:15:11 - [TEST_STEP][PASSED] - response = getInstance().getCurrentResponse(): null

2019-08-24 12:15:11 - [TEST_STEP][PASSED] - verifyResponseStatusCode(response, 200): Verify response status code successfully

2019-08-24 12:15:11 - [MESSAGE][PASSED] - Verify response status code successfully

2019-08-24 12:15:11 - [TEST_STEP][PASSED] - getStatusCode()).isEqualTo(200): null

2019-08-24 12:15:11 - [TEST_STEP][PASSED] - newline = System.getProperty("line.separator"): null

2019-08-24 12:15:11 - [TEST_STEP][PASSED] - M4_spin = new groovy.json.JsonSlurper(): null

2019-08-24 12:15:11 - [TEST_STEP][PASSED] - result_M4_spin = M4_spin.parseText(response.getResponseBodyContent()): null

2019-08-24 12:15:11 - [TEST_STEP][PASSED] - M4_spin_current_balance = current_balance: null

2019-08-24 12:15:11 - [TEST_STEP][PASSED] - M4_spin_current_balance = M4_spin_current_balance: null

2019-08-24 12:15:11 - [TEST_STEP][PASSED] - M4_spin_transaction_id = causality: null

2019-08-24 12:15:11 - [TEST_STEP][PASSED] - M4_spin_transaction_id = M4_spin_transaction_id: null

2019-08-24 12:15:11 - [TEST_STEP][PASSED] - M4_spin_round_id = round_id: null

2019-08-24 12:15:11 - [TEST_STEP][PASSED] - M4_spin_round_id = M4_spin_round_id: null

2019-08-24 12:15:11 - [TEST_STEP][PASSED] - M4_spin_line_wins = line_wins: null

2019-08-24 12:15:11 - [TEST_STEP][PASSED] - M4_spin_line_wins = M4_spin_line_wins: null

2019-08-24 12:15:11 - [TEST_STEP][PASSED] - M4_total_bonus_spins_int = total_bonus_spins: null

2019-08-24 12:15:11 - [TEST_STEP][PASSED] - println("******M4_total_bonus_spins type is:*******" + newline + getClass().getName()): null

2019-08-24 12:15:11 - [TEST_STEP][PASSED] - M4_total_bonus_spins_int = M4_total_bonus_spins_int: null

2019-08-24 12:15:11 - [TEST_STEP][PASSED] - M4_total_bonus_spins = Integer.toString(M4_total_bonus_spins_int): null

2019-08-24 12:15:11 - [TEST_STEP][PASSED] - M4_total_bonus_spins = M4_total_bonus_spins: null

2019-08-24 12:15:11 - [TEST_STEP][PASSED] - println("M4_total_bonus_spins is:" + M4_total_bonus_spins): null

2019-08-24 12:15:11 - [TEST_STEP][PASSED] - M4_spin_bonus_data = bonus_data: null

2019-08-24 12:15:11 - [TEST_STEP][PASSED] - M4_spin_features_triggered = result_M4_spin: null

2019-08-24 12:15:11 - [TEST_STEP][PASSED] - wild = []: null

2019-08-24 12:15:11 - [TEST_STEP][PASSED] - wild[0] = "WILD_Expanding": null

2019-08-24 12:15:11 - [TEST_STEP][PASSED] - wild[1] = "WILD_Normal": null

2019-08-24 12:15:11 - [TEST_STEP][PASSED] - wild[2] = "WILD_Double": null

2019-08-24 12:15:11 - [TEST_STEP][PASSED] - wild[3] = "WILD_ExtraFG": null

2019-08-24 12:15:11 - [TEST_STEP][PASSED] - wild[4] = "WILD_Triple": null

2019-08-24 12:15:11 - [TEST_STEP][PASSED] - wildList = Arrays.asList(wild): null

2019-08-24 12:15:11 - [TEST_STEP][PASSED] - wildList = wildList: null

2019-08-24 12:15:11 - [TEST_STEP][PASSED] - free_spin_reel_counter = []: null

2019-08-24 12:15:11 - [TEST_STEP][PASSED] - free_spin_reel_counter[0] = 0: null

2019-08-24 12:15:11 - [TEST_STEP][PASSED] - free_spin_reel_counter[1] = 0: null

2019-08-24 12:15:11 - [TEST_STEP][PASSED] - free_spin_reel_counter[2] = 0: null

2019-08-24 12:15:11 - [TEST_STEP][PASSED] - M4_spin_reels = reels: null

2019-08-24 12:15:11 - [TEST_STEP][PASSED] - for ([i = 0, i &lt; M4_spin_reels.size(), (i++)]): null

2019-08-24 12:15:11 - [TEST_STEP][PASSED] - symbols = symbols: null

2019-08-24 12:15:11 - [TEST_STEP][PASSED] - for ([j = 0, j &lt; symbols.size(), (j++)]): null

2019-08-24 12:15:11 - [TEST_STEP][PASSED] - symbol = symbol: null

2019-08-24 12:15:11 - [TEST_STEP][PASSED] - println(symbol): null

2019-08-24 12:15:11 - [TEST_STEP][PASSED] - if (i == 2 &amp;&amp; wildList.indexOf(symbol) != -1): null

2019-08-24 12:15:11 - [TEST_STEP][PASSED] - if (i == 3 &amp;&amp; wildList.indexOf(symbol) != -1): null

2019-08-24 12:15:11 - [TEST_STEP][PASSED] - if (i == 4 &amp;&amp; wildList.indexOf(symbol) != -1): null

2019-08-24 12:15:11 - [TEST_STEP][PASSED] - symbol = symbol: null

2019-08-24 12:15:11 - [TEST_STEP][PASSED] - println(symbol): null

2019-08-24 12:15:11 - [TEST_STEP][PASSED] - if (i == 2 &amp;&amp; wildList.indexOf(symbol) != -1): null

2019-08-24 12:15:11 - [TEST_STEP][PASSED] - if (i == 3 &amp;&amp; wildList.indexOf(symbol) != -1): null

2019-08-24 12:15:11 - [TEST_STEP][PASSED] - if (i == 4 &amp;&amp; wildList.indexOf(symbol) != -1): null

2019-08-24 12:15:11 - [TEST_STEP][PASSED] - symbol = symbol: null

2019-08-24 12:15:11 - [TEST_STEP][PASSED] - println(symbol): null

2019-08-24 12:15:11 - [TEST_STEP][PASSED] - if (i == 2 &amp;&amp; wildList.indexOf(symbol) != -1): null

2019-08-24 12:15:11 - [TEST_STEP][PASSED] - if (i == 3 &amp;&amp; wildList.indexOf(symbol) != -1): null

2019-08-24 12:15:11 - [TEST_STEP][PASSED] - if (i == 4 &amp;&amp; wildList.indexOf(symbol) != -1): null

2019-08-24 12:15:11 - [TEST_STEP][PASSED] - symbols = symbols: null

2019-08-24 12:15:11 - [TEST_STEP][PASSED] - for ([j = 0, j &lt; symbols.size(), (j++)]): null

2019-08-24 12:15:11 - [TEST_STEP][PASSED] - symbol = symbol: null

2019-08-24 12:15:11 - [TEST_STEP][PASSED] - println(symbol): null

2019-08-24 12:15:11 - [TEST_STEP][PASSED] - if (i == 2 &amp;&amp; wildList.indexOf(symbol) != -1): null

2019-08-24 12:15:11 - [TEST_STEP][PASSED] - if (i == 3 &amp;&amp; wildList.indexOf(symbol) != -1): null

2019-08-24 12:15:11 - [TEST_STEP][PASSED] - if (i == 4 &amp;&amp; wildList.indexOf(symbol) != -1): null

2019-08-24 12:15:11 - [TEST_STEP][PASSED] - symbol = symbol: null

2019-08-24 12:15:11 - [TEST_STEP][PASSED] - println(symbol): null

2019-08-24 12:15:11 - [TEST_STEP][PASSED] - if (i == 2 &amp;&amp; wildList.indexOf(symbol) != -1): null

2019-08-24 12:15:11 - [TEST_STEP][PASSED] - if (i == 3 &amp;&amp; wildList.indexOf(symbol) != -1): null

2019-08-24 12:15:11 - [TEST_STEP][PASSED] - if (i == 4 &amp;&amp; wildList.indexOf(symbol) != -1): null

2019-08-24 12:15:11 - [TEST_STEP][PASSED] - symbol = symbol: null

2019-08-24 12:15:11 - [TEST_STEP][PASSED] - println(symbol): null

2019-08-24 12:15:11 - [TEST_STEP][PASSED] - if (i == 2 &amp;&amp; wildList.indexOf(symbol) != -1): null

2019-08-24 12:15:11 - [TEST_STEP][PASSED] - if (i == 3 &amp;&amp; wildList.indexOf(symbol) != -1): null

2019-08-24 12:15:11 - [TEST_STEP][PASSED] - if (i == 4 &amp;&amp; wildList.indexOf(symbol) != -1): null

2019-08-24 12:15:11 - [TEST_STEP][PASSED] - symbols = symbols: null

2019-08-24 12:15:11 - [TEST_STEP][PASSED] - for ([j = 0, j &lt; symbols.size(), (j++)]): null

2019-08-24 12:15:11 - [TEST_STEP][PASSED] - symbol = symbol: null

2019-08-24 12:15:11 - [TEST_STEP][PASSED] - println(symbol): null

2019-08-24 12:15:11 - [TEST_STEP][PASSED] - if (i == 2 &amp;&amp; wildList.indexOf(symbol) != -1): null

2019-08-24 12:15:11 - [TEST_STEP][PASSED] - if (i == 3 &amp;&amp; wildList.indexOf(symbol) != -1): null

2019-08-24 12:15:11 - [TEST_STEP][PASSED] - if (i == 4 &amp;&amp; wildList.indexOf(symbol) != -1): null

2019-08-24 12:15:11 - [TEST_STEP][PASSED] - symbol = symbol: null

2019-08-24 12:15:11 - [TEST_STEP][PASSED] - println(symbol): null

2019-08-24 12:15:11 - [TEST_STEP][PASSED] - if (i == 2 &amp;&amp; wildList.indexOf(symbol) != -1): null

2019-08-24 12:15:11 - [TEST_STEP][PASSED] - if (i == 3 &amp;&amp; wildList.indexOf(symbol) != -1): null

2019-08-24 12:15:11 - [TEST_STEP][PASSED] - if (i == 4 &amp;&amp; wildList.indexOf(symbol) != -1): null

2019-08-24 12:15:11 - [TEST_STEP][PASSED] - symbol = symbol: null

2019-08-24 12:15:11 - [TEST_STEP][PASSED] - println(symbol): null

2019-08-24 12:15:11 - [TEST_STEP][PASSED] - if (i == 2 &amp;&amp; wildList.indexOf(symbol) != -1): null

2019-08-24 12:15:11 - [TEST_STEP][PASSED] - if (i == 3 &amp;&amp; wildList.indexOf(symbol) != -1): null

2019-08-24 12:15:11 - [TEST_STEP][PASSED] - if (i == 4 &amp;&amp; wildList.indexOf(symbol) != -1): null

2019-08-24 12:15:11 - [TEST_STEP][PASSED] - symbols = symbols: null

2019-08-24 12:15:11 - [TEST_STEP][PASSED] - for ([j = 0, j &lt; symbols.size(), (j++)]): null

2019-08-24 12:15:11 - [TEST_STEP][PASSED] - symbol = symbol: null

2019-08-24 12:15:11 - [TEST_STEP][PASSED] - println(symbol): null

2019-08-24 12:15:11 - [TEST_STEP][PASSED] - if (i == 2 &amp;&amp; wildList.indexOf(symbol) != -1): null

2019-08-24 12:15:11 - [TEST_STEP][PASSED] - if (i == 3 &amp;&amp; wildList.indexOf(symbol) != -1): null

2019-08-24 12:15:11 - [TEST_STEP][PASSED] - if (i == 4 &amp;&amp; wildList.indexOf(symbol) != -1): null

2019-08-24 12:15:11 - [TEST_STEP][PASSED] - symbol = symbol: null

2019-08-24 12:15:11 - [TEST_STEP][PASSED] - println(symbol): null

2019-08-24 12:15:11 - [TEST_STEP][PASSED] - if (i == 2 &amp;&amp; wildList.indexOf(symbol) != -1): null

2019-08-24 12:15:11 - [TEST_STEP][PASSED] - if (i == 3 &amp;&amp; wildList.indexOf(symbol) != -1): null

2019-08-24 12:15:11 - [TEST_STEP][PASSED] - if (i == 4 &amp;&amp; wildList.indexOf(symbol) != -1): null

2019-08-24 12:15:11 - [TEST_STEP][PASSED] - symbol = symbol: null

2019-08-24 12:15:11 - [TEST_STEP][PASSED] - println(symbol): null

2019-08-24 12:15:11 - [TEST_STEP][PASSED] - if (i == 2 &amp;&amp; wildList.indexOf(symbol) != -1): null

2019-08-24 12:15:11 - [TEST_STEP][PASSED] - if (i == 3 &amp;&amp; wildList.indexOf(symbol) != -1): null

2019-08-24 12:15:11 - [TEST_STEP][PASSED] - if (i == 4 &amp;&amp; wildList.indexOf(symbol) != -1): null

2019-08-24 12:15:11 - [TEST_STEP][PASSED] - symbols = symbols: null

2019-08-24 12:15:11 - [TEST_STEP][PASSED] - for ([j = 0, j &lt; symbols.size(), (j++)]): null

2019-08-24 12:15:11 - [TEST_STEP][PASSED] - symbol = symbol: null

2019-08-24 12:15:11 - [TEST_STEP][PASSED] - println(symbol): null

2019-08-24 12:15:11 - [TEST_STEP][PASSED] - if (i == 2 &amp;&amp; wildList.indexOf(symbol) != -1): null

2019-08-24 12:15:11 - [TEST_STEP][PASSED] - if (i == 3 &amp;&amp; wildList.indexOf(symbol) != -1): null

2019-08-24 12:15:11 - [TEST_STEP][PASSED] - if (i == 4 &amp;&amp; wildList.indexOf(symbol) != -1): null

2019-08-24 12:15:11 - [TEST_STEP][PASSED] - symbol = symbol: null

2019-08-24 12:15:11 - [TEST_STEP][PASSED] - println(symbol): null

2019-08-24 12:15:11 - [TEST_STEP][PASSED] - if (i == 2 &amp;&amp; wildList.indexOf(symbol) != -1): null

2019-08-24 12:15:11 - [TEST_STEP][PASSED] - if (i == 3 &amp;&amp; wildList.indexOf(symbol) != -1): null

2019-08-24 12:15:11 - [TEST_STEP][PASSED] - if (i == 4 &amp;&amp; wildList.indexOf(symbol) != -1): null

2019-08-24 12:15:11 - [TEST_STEP][PASSED] - symbol = symbol: null

2019-08-24 12:15:11 - [TEST_STEP][PASSED] - println(symbol): null

2019-08-24 12:15:11 - [TEST_STEP][PASSED] - if (i == 2 &amp;&amp; wildList.indexOf(symbol) != -1): null

2019-08-24 12:15:11 - [TEST_STEP][PASSED] - if (i == 3 &amp;&amp; wildList.indexOf(symbol) != -1): null

2019-08-24 12:15:11 - [TEST_STEP][PASSED] - if (i == 4 &amp;&amp; wildList.indexOf(symbol) != -1): null

2019-08-24 12:15:11 - [TEST_STEP][PASSED] - free_spin_reel_counter = free_spin_reel_counter: null

2019-08-24 12:15:11 - [TEST_STEP][PASSED] - println("reel 3 wild found: " + free_spin_reel_counter[0]): null

2019-08-24 12:15:11 - [TEST_STEP][PASSED] - println("reel 4 wild found: " + free_spin_reel_counter[1]): null

2019-08-24 12:15:11 - [TEST_STEP][PASSED] - println("reel 5 wild found: " + free_spin_reel_counter[2]): null

2019-08-24 12:15:11 - [TEST_STEP][PASSED] - M4_spin_reels = M4_spin_reels: null

2019-08-24 12:15:11 - [TEST_STEP][PASSED] - M4_spin_reels_symbols = symbol: null

2019-08-24 12:15:11 - [TEST_STEP][PASSED] - M4_spin_reels_symbols = M4_spin_reels_symbols: null

2019-08-24 12:15:11 - [TEST_STEP][PASSED] - M4_spin_reel_wins = reel_wins: null

2019-08-24 12:15:11 - [TEST_STEP][PASSED] - M4_spin_reel_wins = M4_spin_reel_wins: null

2019-08-24 12:15:11 - [TEST_STEP][PASSED] - println("GlobalVariable.M4_spin_reel_wins is: " + M4_spin_reel_wins): null

2019-08-24 12:15:11 - [TEST_STEP][PASSED] - M4_spin_total_bonus_win_this_round = total_bonus_win_this_round: null

2019-08-24 12:15:11 - [TEST_STEP][PASSED] - M4_spin_total_bonus_win_this_round = M4_spin_total_bonus_win_this_round: null

2019-08-24 12:15:11 - [TEST_STEP][PASSED] - println("GlobalVariable.M4_spin_total_bonus_win_this_round is: " + M4_spin_total_bonus_win_this_round): null

2019-08-24 12:15:11 - [TEST_STEP][PASSED] - M4_spin_bonus_spin_result = spin_result: null

2019-08-24 12:15:11 - [TEST_STEP][PASSED] - M4_spin_bonus_spin_result = M4_spin_bonus_spin_result: null

2019-08-24 12:15:11 - [MESSAGE][PASSED] - Verify response successfully

2019-08-24 12:15:11 - [MESSAGE][PASSED] - Send request and verify the response successfully

2019-08-24 12:15:11 - [TEST_STEP][PASSED] - if (M4_total_bonus_spins_int != 0 &amp;&amp; M4_spin_reels_symbols[2].contains("WILD_ExtraFG") || M4_spin_reels_symbols[3].contains("WILD_ExtraFG")): null

2019-08-24 12:15:11 - [TEST_STEP][PASSED] - free_spin_reel_counter = free_spin_reel_counter: null

2019-08-24 12:15:11 - [TEST_STEP][PASSED] - M4_spin_reels_symbols = M4_spin_reels_symbols: null

2019-08-24 12:15:11 - [TEST_STEP][PASSED] - M4_total_bonus_spins = M4_total_bonus_spins: null

2019-08-24 12:15:11 - [TEST_STEP][PASSED] - spin_result = sendRequestAndVerify(findTestObject("INT/RGS(M4)/1_M4_spin", ["M4_login_user_id":M4_login_user_id, "rgs_session_token":rgs_session_token, "partner":Partner])): Send request and verify the response successfully

2019-08-24 12:15:12 - [MESSAGE][INFO] - HAR: /Users/eiralee/Katalon_Script/SuperWild/Reports/20190824_120919/INT/superWild_3/20190824_120919/requests/main/100.har

2019-08-24 12:15:12 - [TEST_CASE][PASSED] - Start Test Case : Verification: Verification accomplished successfully

2019-08-24 12:15:12 - [TEST_STEP][PASSED] - request = getInstance().getCurrentRequest(): null

2019-08-24 12:15:12 - [TEST_STEP][PASSED] - response = getInstance().getCurrentResponse(): null

2019-08-24 12:15:12 - [TEST_STEP][PASSED] - verifyResponseStatusCode(response, 200): Verify response status code successfully

2019-08-24 12:15:12 - [MESSAGE][PASSED] - Verify response status code successfully

2019-08-24 12:15:12 - [TEST_STEP][PASSED] - getStatusCode()).isEqualTo(200): null

2019-08-24 12:15:12 - [TEST_STEP][PASSED] - newline = System.getProperty("line.separator"): null

2019-08-24 12:15:12 - [TEST_STEP][PASSED] - M4_spin = new groovy.json.JsonSlurper(): null

2019-08-24 12:15:12 - [TEST_STEP][PASSED] - result_M4_spin = M4_spin.parseText(response.getResponseBodyContent()): null

2019-08-24 12:15:12 - [TEST_STEP][PASSED] - M4_spin_current_balance = current_balance: null

2019-08-24 12:15:12 - [TEST_STEP][PASSED] - M4_spin_current_balance = M4_spin_current_balance: null

2019-08-24 12:15:12 - [TEST_STEP][PASSED] - M4_spin_transaction_id = causality: null

2019-08-24 12:15:12 - [TEST_STEP][PASSED] - M4_spin_transaction_id = M4_spin_transaction_id: null

2019-08-24 12:15:12 - [TEST_STEP][PASSED] - M4_spin_round_id = round_id: null

2019-08-24 12:15:12 - [TEST_STEP][PASSED] - M4_spin_round_id = M4_spin_round_id: null

2019-08-24 12:15:12 - [TEST_STEP][PASSED] - M4_spin_line_wins = line_wins: null

2019-08-24 12:15:12 - [TEST_STEP][PASSED] - M4_spin_line_wins = M4_spin_line_wins: null

2019-08-24 12:15:12 - [TEST_STEP][PASSED] - M4_total_bonus_spins_int = total_bonus_spins: null

2019-08-24 12:15:12 - [TEST_STEP][PASSED] - println("******M4_total_bonus_spins type is:*******" + newline + getClass().getName()): null

2019-08-24 12:15:12 - [TEST_STEP][PASSED] - M4_total_bonus_spins_int = M4_total_bonus_spins_int: null

2019-08-24 12:15:12 - [TEST_STEP][PASSED] - M4_total_bonus_spins = Integer.toString(M4_total_bonus_spins_int): null

2019-08-24 12:15:12 - [TEST_STEP][PASSED] - M4_total_bonus_spins = M4_total_bonus_spins: null

2019-08-24 12:15:12 - [TEST_STEP][PASSED] - println("M4_total_bonus_spins is:" + M4_total_bonus_spins): null

2019-08-24 12:15:12 - [TEST_STEP][PASSED] - M4_spin_bonus_data = bonus_data: null

2019-08-24 12:15:12 - [TEST_STEP][PASSED] - M4_spin_features_triggered = result_M4_spin: null

2019-08-24 12:15:12 - [TEST_STEP][PASSED] - wild = []: null

2019-08-24 12:15:12 - [TEST_STEP][PASSED] - wild[0] = "WILD_Expanding": null

2019-08-24 12:15:12 - [TEST_STEP][PASSED] - wild[1] = "WILD_Normal": null

2019-08-24 12:15:12 - [TEST_STEP][PASSED] - wild[2] = "WILD_Double": null

2019-08-24 12:15:12 - [TEST_STEP][PASSED] - wild[3] = "WILD_ExtraFG": null

2019-08-24 12:15:12 - [TEST_STEP][PASSED] - wild[4] = "WILD_Triple": null

2019-08-24 12:15:12 - [TEST_STEP][PASSED] - wildList = Arrays.asList(wild): null

2019-08-24 12:15:12 - [TEST_STEP][PASSED] - wildList = wildList: null

2019-08-24 12:15:12 - [TEST_STEP][PASSED] - free_spin_reel_counter = []: null

2019-08-24 12:15:12 - [TEST_STEP][PASSED] - free_spin_reel_counter[0] = 0: null

2019-08-24 12:15:12 - [TEST_STEP][PASSED] - free_spin_reel_counter[1] = 0: null

2019-08-24 12:15:12 - [TEST_STEP][PASSED] - free_spin_reel_counter[2] = 0: null

2019-08-24 12:15:12 - [TEST_STEP][PASSED] - M4_spin_reels = reels: null

2019-08-24 12:15:12 - [TEST_STEP][PASSED] - for ([i = 0, i &lt; M4_spin_reels.size(), (i++)]): null

2019-08-24 12:15:12 - [TEST_STEP][PASSED] - symbols = symbols: null

2019-08-24 12:15:12 - [TEST_STEP][PASSED] - for ([j = 0, j &lt; symbols.size(), (j++)]): null

2019-08-24 12:15:12 - [TEST_STEP][PASSED] - symbol = symbol: null

2019-08-24 12:15:12 - [TEST_STEP][PASSED] - println(symbol): null

2019-08-24 12:15:12 - [TEST_STEP][PASSED] - if (i == 2 &amp;&amp; wildList.indexOf(symbol) != -1): null

2019-08-24 12:15:12 - [TEST_STEP][PASSED] - if (i == 3 &amp;&amp; wildList.indexOf(symbol) != -1): null

2019-08-24 12:15:12 - [TEST_STEP][PASSED] - if (i == 4 &amp;&amp; wildList.indexOf(symbol) != -1): null

2019-08-24 12:15:12 - [TEST_STEP][PASSED] - symbol = symbol: null

2019-08-24 12:15:12 - [TEST_STEP][PASSED] - println(symbol): null

2019-08-24 12:15:12 - [TEST_STEP][PASSED] - if (i == 2 &amp;&amp; wildList.indexOf(symbol) != -1): null

2019-08-24 12:15:12 - [TEST_STEP][PASSED] - if (i == 3 &amp;&amp; wildList.indexOf(symbol) != -1): null

2019-08-24 12:15:12 - [TEST_STEP][PASSED] - if (i == 4 &amp;&amp; wildList.indexOf(symbol) != -1): null

2019-08-24 12:15:12 - [TEST_STEP][PASSED] - symbol = symbol: null

2019-08-24 12:15:12 - [TEST_STEP][PASSED] - println(symbol): null

2019-08-24 12:15:12 - [TEST_STEP][PASSED] - if (i == 2 &amp;&amp; wildList.indexOf(symbol) != -1): null

2019-08-24 12:15:12 - [TEST_STEP][PASSED] - if (i == 3 &amp;&amp; wildList.indexOf(symbol) != -1): null

2019-08-24 12:15:12 - [TEST_STEP][PASSED] - if (i == 4 &amp;&amp; wildList.indexOf(symbol) != -1): null

2019-08-24 12:15:12 - [TEST_STEP][PASSED] - symbols = symbols: null

2019-08-24 12:15:12 - [TEST_STEP][PASSED] - for ([j = 0, j &lt; symbols.size(), (j++)]): null

2019-08-24 12:15:12 - [TEST_STEP][PASSED] - symbol = symbol: null

2019-08-24 12:15:12 - [TEST_STEP][PASSED] - println(symbol): null

2019-08-24 12:15:12 - [TEST_STEP][PASSED] - if (i == 2 &amp;&amp; wildList.indexOf(symbol) != -1): null

2019-08-24 12:15:12 - [TEST_STEP][PASSED] - if (i == 3 &amp;&amp; wildList.indexOf(symbol) != -1): null

2019-08-24 12:15:12 - [TEST_STEP][PASSED] - if (i == 4 &amp;&amp; wildList.indexOf(symbol) != -1): null

2019-08-24 12:15:12 - [TEST_STEP][PASSED] - symbol = symbol: null

2019-08-24 12:15:12 - [TEST_STEP][PASSED] - println(symbol): null

2019-08-24 12:15:12 - [TEST_STEP][PASSED] - if (i == 2 &amp;&amp; wildList.indexOf(symbol) != -1): null

2019-08-24 12:15:12 - [TEST_STEP][PASSED] - if (i == 3 &amp;&amp; wildList.indexOf(symbol) != -1): null

2019-08-24 12:15:12 - [TEST_STEP][PASSED] - if (i == 4 &amp;&amp; wildList.indexOf(symbol) != -1): null

2019-08-24 12:15:12 - [TEST_STEP][PASSED] - symbol = symbol: null

2019-08-24 12:15:12 - [TEST_STEP][PASSED] - println(symbol): null

2019-08-24 12:15:12 - [TEST_STEP][PASSED] - if (i == 2 &amp;&amp; wildList.indexOf(symbol) != -1): null

2019-08-24 12:15:12 - [TEST_STEP][PASSED] - if (i == 3 &amp;&amp; wildList.indexOf(symbol) != -1): null

2019-08-24 12:15:12 - [TEST_STEP][PASSED] - if (i == 4 &amp;&amp; wildList.indexOf(symbol) != -1): null

2019-08-24 12:15:12 - [TEST_STEP][PASSED] - symbols = symbols: null

2019-08-24 12:15:12 - [TEST_STEP][PASSED] - for ([j = 0, j &lt; symbols.size(), (j++)]): null

2019-08-24 12:15:12 - [TEST_STEP][PASSED] - symbol = symbol: null

2019-08-24 12:15:12 - [TEST_STEP][PASSED] - println(symbol): null

2019-08-24 12:15:12 - [TEST_STEP][PASSED] - if (i == 2 &amp;&amp; wildList.indexOf(symbol) != -1): null

2019-08-24 12:15:12 - [TEST_STEP][PASSED] - if (i == 3 &amp;&amp; wildList.indexOf(symbol) != -1): null

2019-08-24 12:15:12 - [TEST_STEP][PASSED] - if (i == 4 &amp;&amp; wildList.indexOf(symbol) != -1): null

2019-08-24 12:15:12 - [TEST_STEP][PASSED] - symbol = symbol: null

2019-08-24 12:15:12 - [TEST_STEP][PASSED] - println(symbol): null

2019-08-24 12:15:12 - [TEST_STEP][PASSED] - if (i == 2 &amp;&amp; wildList.indexOf(symbol) != -1): null

2019-08-24 12:15:12 - [TEST_STEP][PASSED] - if (i == 3 &amp;&amp; wildList.indexOf(symbol) != -1): null

2019-08-24 12:15:12 - [TEST_STEP][PASSED] - if (i == 4 &amp;&amp; wildList.indexOf(symbol) != -1): null

2019-08-24 12:15:12 - [TEST_STEP][PASSED] - symbol = symbol: null

2019-08-24 12:15:12 - [TEST_STEP][PASSED] - println(symbol): null

2019-08-24 12:15:12 - [TEST_STEP][PASSED] - if (i == 2 &amp;&amp; wildList.indexOf(symbol) != -1): null

2019-08-24 12:15:12 - [TEST_STEP][PASSED] - if (i == 3 &amp;&amp; wildList.indexOf(symbol) != -1): null

2019-08-24 12:15:12 - [TEST_STEP][PASSED] - if (i == 4 &amp;&amp; wildList.indexOf(symbol) != -1): null

2019-08-24 12:15:12 - [TEST_STEP][PASSED] - symbols = symbols: null

2019-08-24 12:15:12 - [TEST_STEP][PASSED] - for ([j = 0, j &lt; symbols.size(), (j++)]): null

2019-08-24 12:15:12 - [TEST_STEP][PASSED] - symbol = symbol: null

2019-08-24 12:15:12 - [TEST_STEP][PASSED] - println(symbol): null

2019-08-24 12:15:12 - [TEST_STEP][PASSED] - if (i == 2 &amp;&amp; wildList.indexOf(symbol) != -1): null

2019-08-24 12:15:12 - [TEST_STEP][PASSED] - if (i == 3 &amp;&amp; wildList.indexOf(symbol) != -1): null

2019-08-24 12:15:12 - [TEST_STEP][PASSED] - if (i == 4 &amp;&amp; wildList.indexOf(symbol) != -1): null

2019-08-24 12:15:12 - [TEST_STEP][PASSED] - symbol = symbol: null

2019-08-24 12:15:12 - [TEST_STEP][PASSED] - println(symbol): null

2019-08-24 12:15:12 - [TEST_STEP][PASSED] - if (i == 2 &amp;&amp; wildList.indexOf(symbol) != -1): null

2019-08-24 12:15:12 - [TEST_STEP][PASSED] - if (i == 3 &amp;&amp; wildList.indexOf(symbol) != -1): null

2019-08-24 12:15:12 - [TEST_STEP][PASSED] - if (i == 4 &amp;&amp; wildList.indexOf(symbol) != -1): null

2019-08-24 12:15:12 - [TEST_STEP][PASSED] - symbol = symbol: null

2019-08-24 12:15:12 - [TEST_STEP][PASSED] - println(symbol): null

2019-08-24 12:15:12 - [TEST_STEP][PASSED] - if (i == 2 &amp;&amp; wildList.indexOf(symbol) != -1): null

2019-08-24 12:15:12 - [TEST_STEP][PASSED] - if (i == 3 &amp;&amp; wildList.indexOf(symbol) != -1): null

2019-08-24 12:15:12 - [TEST_STEP][PASSED] - if (i == 4 &amp;&amp; wildList.indexOf(symbol) != -1): null

2019-08-24 12:15:12 - [TEST_STEP][PASSED] - symbols = symbols: null

2019-08-24 12:15:12 - [TEST_STEP][PASSED] - for ([j = 0, j &lt; symbols.size(), (j++)]): null

2019-08-24 12:15:12 - [TEST_STEP][PASSED] - symbol = symbol: null

2019-08-24 12:15:12 - [TEST_STEP][PASSED] - println(symbol): null

2019-08-24 12:15:12 - [TEST_STEP][PASSED] - if (i == 2 &amp;&amp; wildList.indexOf(symbol) != -1): null

2019-08-24 12:15:12 - [TEST_STEP][PASSED] - if (i == 3 &amp;&amp; wildList.indexOf(symbol) != -1): null

2019-08-24 12:15:12 - [TEST_STEP][PASSED] - if (i == 4 &amp;&amp; wildList.indexOf(symbol) != -1): null

2019-08-24 12:15:12 - [TEST_STEP][PASSED] - println("wild found on reel 5, adding counter by 1"): null

2019-08-24 12:15:12 - [TEST_STEP][PASSED] - free_spin_reel_counter[2] = free_spin_reel_counter[2] + 1: null

2019-08-24 12:15:12 - [TEST_STEP][PASSED] - symbol = symbol: null

2019-08-24 12:15:12 - [TEST_STEP][PASSED] - println(symbol): null

2019-08-24 12:15:12 - [TEST_STEP][PASSED] - if (i == 2 &amp;&amp; wildList.indexOf(symbol) != -1): null

2019-08-24 12:15:12 - [TEST_STEP][PASSED] - if (i == 3 &amp;&amp; wildList.indexOf(symbol) != -1): null

2019-08-24 12:15:12 - [TEST_STEP][PASSED] - if (i == 4 &amp;&amp; wildList.indexOf(symbol) != -1): null

2019-08-24 12:15:12 - [TEST_STEP][PASSED] - symbol = symbol: null

2019-08-24 12:15:12 - [TEST_STEP][PASSED] - println(symbol): null

2019-08-24 12:15:12 - [TEST_STEP][PASSED] - if (i == 2 &amp;&amp; wildList.indexOf(symbol) != -1): null

2019-08-24 12:15:12 - [TEST_STEP][PASSED] - if (i == 3 &amp;&amp; wildList.indexOf(symbol) != -1): null

2019-08-24 12:15:12 - [TEST_STEP][PASSED] - if (i == 4 &amp;&amp; wildList.indexOf(symbol) != -1): null

2019-08-24 12:15:12 - [TEST_STEP][PASSED] - free_spin_reel_counter = free_spin_reel_counter: null

2019-08-24 12:15:12 - [TEST_STEP][PASSED] - println("reel 3 wild found: " + free_spin_reel_counter[0]): null

2019-08-24 12:15:12 - [TEST_STEP][PASSED] - println("reel 4 wild found: " + free_spin_reel_counter[1]): null

2019-08-24 12:15:12 - [TEST_STEP][PASSED] - println("reel 5 wild found: " + free_spin_reel_counter[2]): null

2019-08-24 12:15:12 - [TEST_STEP][PASSED] - M4_spin_reels = M4_spin_reels: null

2019-08-24 12:15:12 - [TEST_STEP][PASSED] - M4_spin_reels_symbols = symbol: null

2019-08-24 12:15:12 - [TEST_STEP][PASSED] - M4_spin_reels_symbols = M4_spin_reels_symbols: null

2019-08-24 12:15:12 - [TEST_STEP][PASSED] - M4_spin_reel_wins = reel_wins: null

2019-08-24 12:15:12 - [TEST_STEP][PASSED] - M4_spin_reel_wins = M4_spin_reel_wins: null

2019-08-24 12:15:12 - [TEST_STEP][PASSED] - println("GlobalVariable.M4_spin_reel_wins is: " + M4_spin_reel_wins): null

2019-08-24 12:15:16 - [TEST_STEP][PASSED] - M4_spin_total_bonus_win_this_round = total_bonus_win_this_round: null

2019-08-24 12:15:16 - [TEST_STEP][PASSED] - M4_spin_total_bonus_win_this_round = M4_spin_total_bonus_win_this_round: null

2019-08-24 12:15:16 - [TEST_STEP][PASSED] - println("GlobalVariable.M4_spin_total_bonus_win_this_round is: " + M4_spin_total_bonus_win_this_round): null

2019-08-24 12:15:16 - [TEST_STEP][PASSED] - M4_spin_bonus_spin_result = spin_result: null

2019-08-24 12:15:16 - [TEST_STEP][PASSED] - M4_spin_bonus_spin_result = M4_spin_bonus_spin_result: null

2019-08-24 12:15:16 - [MESSAGE][PASSED] - Verify response successfully

2019-08-24 12:15:16 - [MESSAGE][PASSED] - Send request and verify the response successfully

2019-08-24 12:15:16 - [TEST_STEP][PASSED] - if (M4_total_bonus_spins_int != 0 &amp;&amp; M4_spin_reels_symbols[2].contains("WILD_ExtraFG") || M4_spin_reels_symbols[3].contains("WILD_ExtraFG")): null

2019-08-24 12:15:16 - [TEST_STEP][PASSED] - free_spin_reel_counter = free_spin_reel_counter: null

2019-08-24 12:15:18 - [TEST_STEP][PASSED] - M4_spin_reels_symbols = M4_spin_reels_symbols: null

2019-08-24 12:15:18 - [TEST_STEP][PASSED] - M4_total_bonus_spins = M4_total_bonus_spins: null

2019-08-24 12:15:18 - [TEST_STEP][PASSED] - spin_result = sendRequestAndVerify(findTestObject("INT/RGS(M4)/1_M4_spin", ["M4_login_user_id":M4_login_user_id, "rgs_session_token":rgs_session_token, "partner":Partner])): Send request and verify the response successfully

2019-08-24 12:15:20 - [MESSAGE][INFO] - HAR: /Users/eiralee/Katalon_Script/SuperWild/Reports/20190824_120919/INT/superWild_3/20190824_120919/requests/main/101.har

2019-08-24 12:15:20 - [TEST_CASE][PASSED] - Start Test Case : Verification: Verification accomplished successfully

2019-08-24 12:15:20 - [TEST_STEP][PASSED] - request = getInstance().getCurrentRequest(): null

2019-08-24 12:15:20 - [TEST_STEP][PASSED] - response = getInstance().getCurrentResponse(): null

2019-08-24 12:15:20 - [TEST_STEP][PASSED] - verifyResponseStatusCode(response, 200): Verify response status code successfully

2019-08-24 12:15:20 - [MESSAGE][PASSED] - Verify response status code successfully

2019-08-24 12:15:20 - [TEST_STEP][PASSED] - getStatusCode()).isEqualTo(200): null

2019-08-24 12:15:20 - [TEST_STEP][PASSED] - newline = System.getProperty("line.separator"): null

2019-08-24 12:15:20 - [TEST_STEP][PASSED] - M4_spin = new groovy.json.JsonSlurper(): null

2019-08-24 12:15:20 - [TEST_STEP][PASSED] - result_M4_spin = M4_spin.parseText(response.getResponseBodyContent()): null

2019-08-24 12:15:20 - [TEST_STEP][PASSED] - M4_spin_current_balance = current_balance: null

2019-08-24 12:15:20 - [TEST_STEP][PASSED] - M4_spin_current_balance = M4_spin_current_balance: null

2019-08-24 12:15:20 - [TEST_STEP][PASSED] - M4_spin_transaction_id = causality: null

2019-08-24 12:15:20 - [TEST_STEP][PASSED] - M4_spin_transaction_id = M4_spin_transaction_id: null

2019-08-24 12:15:20 - [TEST_STEP][PASSED] - M4_spin_round_id = round_id: null

2019-08-24 12:15:20 - [TEST_STEP][PASSED] - M4_spin_round_id = M4_spin_round_id: null

2019-08-24 12:15:20 - [TEST_STEP][PASSED] - M4_spin_line_wins = line_wins: null

2019-08-24 12:15:20 - [TEST_STEP][PASSED] - M4_spin_line_wins = M4_spin_line_wins: null

2019-08-24 12:15:20 - [TEST_STEP][PASSED] - M4_total_bonus_spins_int = total_bonus_spins: null

2019-08-24 12:15:20 - [TEST_STEP][PASSED] - println("******M4_total_bonus_spins type is:*******" + newline + getClass().getName()): null

2019-08-24 12:15:20 - [TEST_STEP][PASSED] - M4_total_bonus_spins_int = M4_total_bonus_spins_int: null

2019-08-24 12:15:20 - [TEST_STEP][PASSED] - M4_total_bonus_spins = Integer.toString(M4_total_bonus_spins_int): null

2019-08-24 12:15:20 - [TEST_STEP][PASSED] - M4_total_bonus_spins = M4_total_bonus_spins: null

2019-08-24 12:15:20 - [TEST_STEP][PASSED] - println("M4_total_bonus_spins is:" + M4_total_bonus_spins): null

2019-08-24 12:15:20 - [TEST_STEP][PASSED] - M4_spin_bonus_data = bonus_data: null

2019-08-24 12:15:20 - [TEST_STEP][PASSED] - M4_spin_features_triggered = result_M4_spin: null

2019-08-24 12:15:20 - [TEST_STEP][PASSED] - wild = []: null

2019-08-24 12:15:20 - [TEST_STEP][PASSED] - wild[0] = "WILD_Expanding": null

2019-08-24 12:15:20 - [TEST_STEP][PASSED] - wild[1] = "WILD_Normal": null

2019-08-24 12:15:20 - [TEST_STEP][PASSED] - wild[2] = "WILD_Double": null

2019-08-24 12:15:20 - [TEST_STEP][PASSED] - wild[3] = "WILD_ExtraFG": null

2019-08-24 12:15:20 - [TEST_STEP][PASSED] - wild[4] = "WILD_Triple": null

2019-08-24 12:15:20 - [TEST_STEP][PASSED] - wildList = Arrays.asList(wild): null

2019-08-24 12:15:20 - [TEST_STEP][PASSED] - wildList = wildList: null

2019-08-24 12:15:20 - [TEST_STEP][PASSED] - free_spin_reel_counter = []: null

2019-08-24 12:15:20 - [TEST_STEP][PASSED] - free_spin_reel_counter[0] = 0: null

2019-08-24 12:15:20 - [TEST_STEP][PASSED] - free_spin_reel_counter[1] = 0: null

2019-08-24 12:15:20 - [TEST_STEP][PASSED] - free_spin_reel_counter[2] = 0: null

2019-08-24 12:15:20 - [TEST_STEP][PASSED] - M4_spin_reels = reels: null

2019-08-24 12:15:20 - [TEST_STEP][PASSED] - for ([i = 0, i &lt; M4_spin_reels.size(), (i++)]): null

2019-08-24 12:15:20 - [TEST_STEP][PASSED] - symbols = symbols: null

2019-08-24 12:15:20 - [TEST_STEP][PASSED] - for ([j = 0, j &lt; symbols.size(), (j++)]): null

2019-08-24 12:15:20 - [TEST_STEP][PASSED] - symbol = symbol: null

2019-08-24 12:15:20 - [TEST_STEP][PASSED] - println(symbol): null

2019-08-24 12:15:20 - [TEST_STEP][PASSED] - if (i == 2 &amp;&amp; wildList.indexOf(symbol) != -1): null

2019-08-24 12:15:20 - [TEST_STEP][PASSED] - if (i == 3 &amp;&amp; wildList.indexOf(symbol) != -1): null

2019-08-24 12:15:20 - [TEST_STEP][PASSED] - if (i == 4 &amp;&amp; wildList.indexOf(symbol) != -1): null

2019-08-24 12:15:20 - [TEST_STEP][PASSED] - symbol = symbol: null

2019-08-24 12:15:20 - [TEST_STEP][PASSED] - println(symbol): null

2019-08-24 12:15:20 - [TEST_STEP][PASSED] - if (i == 2 &amp;&amp; wildList.indexOf(symbol) != -1): null

2019-08-24 12:15:20 - [TEST_STEP][PASSED] - if (i == 3 &amp;&amp; wildList.indexOf(symbol) != -1): null

2019-08-24 12:15:20 - [TEST_STEP][PASSED] - if (i == 4 &amp;&amp; wildList.indexOf(symbol) != -1): null

2019-08-24 12:15:20 - [TEST_STEP][PASSED] - symbol = symbol: null

2019-08-24 12:15:20 - [TEST_STEP][PASSED] - println(symbol): null

2019-08-24 12:15:20 - [TEST_STEP][PASSED] - if (i == 2 &amp;&amp; wildList.indexOf(symbol) != -1): null

2019-08-24 12:15:20 - [TEST_STEP][PASSED] - if (i == 3 &amp;&amp; wildList.indexOf(symbol) != -1): null

2019-08-24 12:15:20 - [TEST_STEP][PASSED] - if (i == 4 &amp;&amp; wildList.indexOf(symbol) != -1): null

2019-08-24 12:15:20 - [TEST_STEP][PASSED] - symbols = symbols: null

2019-08-24 12:15:20 - [TEST_STEP][PASSED] - for ([j = 0, j &lt; symbols.size(), (j++)]): null

2019-08-24 12:15:20 - [TEST_STEP][PASSED] - symbol = symbol: null

2019-08-24 12:15:20 - [TEST_STEP][PASSED] - println(symbol): null

2019-08-24 12:15:20 - [TEST_STEP][PASSED] - if (i == 2 &amp;&amp; wildList.indexOf(symbol) != -1): null

2019-08-24 12:15:20 - [TEST_STEP][PASSED] - if (i == 3 &amp;&amp; wildList.indexOf(symbol) != -1): null

2019-08-24 12:15:20 - [TEST_STEP][PASSED] - if (i == 4 &amp;&amp; wildList.indexOf(symbol) != -1): null

2019-08-24 12:15:20 - [TEST_STEP][PASSED] - symbol = symbol: null

2019-08-24 12:15:20 - [TEST_STEP][PASSED] - println(symbol): null

2019-08-24 12:15:20 - [TEST_STEP][PASSED] - if (i == 2 &amp;&amp; wildList.indexOf(symbol) != -1): null

2019-08-24 12:15:20 - [TEST_STEP][PASSED] - if (i == 3 &amp;&amp; wildList.indexOf(symbol) != -1): null

2019-08-24 12:15:20 - [TEST_STEP][PASSED] - if (i == 4 &amp;&amp; wildList.indexOf(symbol) != -1): null

2019-08-24 12:15:20 - [TEST_STEP][PASSED] - symbol = symbol: null

2019-08-24 12:15:20 - [TEST_STEP][PASSED] - println(symbol): null

2019-08-24 12:15:20 - [TEST_STEP][PASSED] - if (i == 2 &amp;&amp; wildList.indexOf(symbol) != -1): null

2019-08-24 12:15:20 - [TEST_STEP][PASSED] - if (i == 3 &amp;&amp; wildList.indexOf(symbol) != -1): null

2019-08-24 12:15:20 - [TEST_STEP][PASSED] - if (i == 4 &amp;&amp; wildList.indexOf(symbol) != -1): null

2019-08-24 12:15:20 - [TEST_STEP][PASSED] - symbols = symbols: null

2019-08-24 12:15:20 - [TEST_STEP][PASSED] - for ([j = 0, j &lt; symbols.size(), (j++)]): null

2019-08-24 12:15:20 - [TEST_STEP][PASSED] - symbol = symbol: null

2019-08-24 12:15:20 - [TEST_STEP][PASSED] - println(symbol): null

2019-08-24 12:15:20 - [TEST_STEP][PASSED] - if (i == 2 &amp;&amp; wildList.indexOf(symbol) != -1): null

2019-08-24 12:15:20 - [TEST_STEP][PASSED] - println("wild found on reel 3, adding counter by 1"): null

2019-08-24 12:15:20 - [TEST_STEP][PASSED] - free_spin_reel_counter[0] = free_spin_reel_counter[0] + 1: null

2019-08-24 12:15:20 - [TEST_STEP][PASSED] - if (i == 3 &amp;&amp; wildList.indexOf(symbol) != -1): null

2019-08-24 12:15:20 - [TEST_STEP][PASSED] - if (i == 4 &amp;&amp; wildList.indexOf(symbol) != -1): null

2019-08-24 12:15:20 - [TEST_STEP][PASSED] - symbol = symbol: null

2019-08-24 12:15:20 - [TEST_STEP][PASSED] - println(symbol): null

2019-08-24 12:15:20 - [TEST_STEP][PASSED] - if (i == 2 &amp;&amp; wildList.indexOf(symbol) != -1): null

2019-08-24 12:15:20 - [TEST_STEP][PASSED] - if (i == 3 &amp;&amp; wildList.indexOf(symbol) != -1): null

2019-08-24 12:15:20 - [TEST_STEP][PASSED] - if (i == 4 &amp;&amp; wildList.indexOf(symbol) != -1): null

2019-08-24 12:15:20 - [TEST_STEP][PASSED] - symbol = symbol: null

2019-08-24 12:15:20 - [TEST_STEP][PASSED] - println(symbol): null

2019-08-24 12:15:20 - [TEST_STEP][PASSED] - if (i == 2 &amp;&amp; wildList.indexOf(symbol) != -1): null

2019-08-24 12:15:20 - [TEST_STEP][PASSED] - if (i == 3 &amp;&amp; wildList.indexOf(symbol) != -1): null

2019-08-24 12:15:20 - [TEST_STEP][PASSED] - if (i == 4 &amp;&amp; wildList.indexOf(symbol) != -1): null

2019-08-24 12:15:20 - [TEST_STEP][PASSED] - symbols = symbols: null

2019-08-24 12:15:20 - [TEST_STEP][PASSED] - for ([j = 0, j &lt; symbols.size(), (j++)]): null

2019-08-24 12:15:20 - [TEST_STEP][PASSED] - symbol = symbol: null

2019-08-24 12:15:20 - [TEST_STEP][PASSED] - println(symbol): null

2019-08-24 12:15:20 - [TEST_STEP][PASSED] - if (i == 2 &amp;&amp; wildList.indexOf(symbol) != -1): null

2019-08-24 12:15:20 - [TEST_STEP][PASSED] - if (i == 3 &amp;&amp; wildList.indexOf(symbol) != -1): null

2019-08-24 12:15:20 - [TEST_STEP][PASSED] - if (i == 4 &amp;&amp; wildList.indexOf(symbol) != -1): null

2019-08-24 12:15:20 - [TEST_STEP][PASSED] - symbol = symbol: null

2019-08-24 12:15:20 - [TEST_STEP][PASSED] - println(symbol): null

2019-08-24 12:15:20 - [TEST_STEP][PASSED] - if (i == 2 &amp;&amp; wildList.indexOf(symbol) != -1): null

2019-08-24 12:15:20 - [TEST_STEP][PASSED] - if (i == 3 &amp;&amp; wildList.indexOf(symbol) != -1): null

2019-08-24 12:15:20 - [TEST_STEP][PASSED] - if (i == 4 &amp;&amp; wildList.indexOf(symbol) != -1): null

2019-08-24 12:15:20 - [TEST_STEP][PASSED] - symbol = symbol: null

2019-08-24 12:15:20 - [TEST_STEP][PASSED] - println(symbol): null

2019-08-24 12:15:20 - [TEST_STEP][PASSED] - if (i == 2 &amp;&amp; wildList.indexOf(symbol) != -1): null

2019-08-24 12:15:20 - [TEST_STEP][PASSED] - if (i == 3 &amp;&amp; wildList.indexOf(symbol) != -1): null

2019-08-24 12:15:20 - [TEST_STEP][PASSED] - println("wild found on reel 4, adding counter by 1"): null

2019-08-24 12:15:20 - [TEST_STEP][PASSED] - free_spin_reel_counter[1] = free_spin_reel_counter[1] + 1: null

2019-08-24 12:15:20 - [TEST_STEP][PASSED] - if (i == 4 &amp;&amp; wildList.indexOf(symbol) != -1): null

2019-08-24 12:15:20 - [TEST_STEP][PASSED] - symbols = symbols: null

2019-08-24 12:15:20 - [TEST_STEP][PASSED] - for ([j = 0, j &lt; symbols.size(), (j++)]): null

2019-08-24 12:15:20 - [TEST_STEP][PASSED] - symbol = symbol: null

2019-08-24 12:15:20 - [TEST_STEP][PASSED] - println(symbol): null

2019-08-24 12:15:20 - [TEST_STEP][PASSED] - if (i == 2 &amp;&amp; wildList.indexOf(symbol) != -1): null

2019-08-24 12:15:20 - [TEST_STEP][PASSED] - if (i == 3 &amp;&amp; wildList.indexOf(symbol) != -1): null

2019-08-24 12:15:20 - [TEST_STEP][PASSED] - if (i == 4 &amp;&amp; wildList.indexOf(symbol) != -1): null

2019-08-24 12:15:20 - [TEST_STEP][PASSED] - symbol = symbol: null

2019-08-24 12:15:20 - [TEST_STEP][PASSED] - println(symbol): null

2019-08-24 12:15:20 - [TEST_STEP][PASSED] - if (i == 2 &amp;&amp; wildList.indexOf(symbol) != -1): null

2019-08-24 12:15:20 - [TEST_STEP][PASSED] - if (i == 3 &amp;&amp; wildList.indexOf(symbol) != -1): null

2019-08-24 12:15:20 - [TEST_STEP][PASSED] - if (i == 4 &amp;&amp; wildList.indexOf(symbol) != -1): null

2019-08-24 12:15:20 - [TEST_STEP][PASSED] - symbol = symbol: null

2019-08-24 12:15:20 - [TEST_STEP][PASSED] - println(symbol): null

2019-08-24 12:15:20 - [TEST_STEP][PASSED] - if (i == 2 &amp;&amp; wildList.indexOf(symbol) != -1): null

2019-08-24 12:15:20 - [TEST_STEP][PASSED] - if (i == 3 &amp;&amp; wildList.indexOf(symbol) != -1): null

2019-08-24 12:15:20 - [TEST_STEP][PASSED] - if (i == 4 &amp;&amp; wildList.indexOf(symbol) != -1): null

2019-08-24 12:15:20 - [TEST_STEP][PASSED] - free_spin_reel_counter = free_spin_reel_counter: null

2019-08-24 12:15:20 - [TEST_STEP][PASSED] - println("reel 3 wild found: " + free_spin_reel_counter[0]): null

2019-08-24 12:15:20 - [TEST_STEP][PASSED] - println("reel 4 wild found: " + free_spin_reel_counter[1]): null

2019-08-24 12:15:20 - [TEST_STEP][PASSED] - println("reel 5 wild found: " + free_spin_reel_counter[2]): null

2019-08-24 12:15:20 - [TEST_STEP][PASSED] - M4_spin_reels = M4_spin_reels: null

2019-08-24 12:15:20 - [TEST_STEP][PASSED] - M4_spin_reels_symbols = symbol: null

2019-08-24 12:15:20 - [TEST_STEP][PASSED] - M4_spin_reels_symbols = M4_spin_reels_symbols: null

2019-08-24 12:15:20 - [TEST_STEP][PASSED] - M4_spin_reel_wins = reel_wins: null

2019-08-24 12:15:20 - [TEST_STEP][PASSED] - M4_spin_reel_wins = M4_spin_reel_wins: null

2019-08-24 12:15:20 - [TEST_STEP][PASSED] - println("GlobalVariable.M4_spin_reel_wins is: " + M4_spin_reel_wins): null

2019-08-24 12:15:20 - [TEST_STEP][PASSED] - M4_spin_total_bonus_win_this_round = total_bonus_win_this_round: null

2019-08-24 12:15:20 - [TEST_STEP][PASSED] - M4_spin_total_bonus_win_this_round = M4_spin_total_bonus_win_this_round: null

2019-08-24 12:15:20 - [TEST_STEP][PASSED] - println("GlobalVariable.M4_spin_total_bonus_win_this_round is: " + M4_spin_total_bonus_win_this_round): null

2019-08-24 12:15:20 - [TEST_STEP][PASSED] - M4_spin_bonus_spin_result = spin_result: null

2019-08-24 12:15:20 - [TEST_STEP][PASSED] - M4_spin_bonus_spin_result = M4_spin_bonus_spin_result: null

2019-08-24 12:15:20 - [MESSAGE][PASSED] - Verify response successfully

2019-08-24 12:15:20 - [MESSAGE][PASSED] - Send request and verify the response successfully

2019-08-24 12:15:20 - [TEST_STEP][PASSED] - if (M4_total_bonus_spins_int != 0 &amp;&amp; M4_spin_reels_symbols[2].contains("WILD_ExtraFG") || M4_spin_reels_symbols[3].contains("WILD_ExtraFG")): null

2019-08-24 12:15:20 - [TEST_STEP][PASSED] - free_spin_reel_counter = free_spin_reel_counter: null

2019-08-24 12:15:20 - [TEST_STEP][PASSED] - M4_spin_reels_symbols = M4_spin_reels_symbols: null

2019-08-24 12:15:20 - [TEST_STEP][PASSED] - M4_total_bonus_spins = M4_total_bonus_spins: null

2019-08-24 12:15:20 - [TEST_STEP][PASSED] - spin_result = sendRequestAndVerify(findTestObject("INT/RGS(M4)/1_M4_spin", ["M4_login_user_id":M4_login_user_id, "rgs_session_token":rgs_session_token, "partner":Partner])): Send request and verify the response successfully

2019-08-24 12:15:24 - [MESSAGE][INFO] - HAR: /Users/eiralee/Katalon_Script/SuperWild/Reports/20190824_120919/INT/superWild_3/20190824_120919/requests/main/102.har

2019-08-24 12:15:24 - [TEST_CASE][PASSED] - Start Test Case : Verification: Verification accomplished successfully

2019-08-24 12:15:24 - [TEST_STEP][PASSED] - request = getInstance().getCurrentRequest(): null

2019-08-24 12:15:24 - [TEST_STEP][PASSED] - response = getInstance().getCurrentResponse(): null

2019-08-24 12:15:24 - [TEST_STEP][PASSED] - verifyResponseStatusCode(response, 200): Verify response status code successfully

2019-08-24 12:15:24 - [MESSAGE][PASSED] - Verify response status code successfully

2019-08-24 12:15:24 - [TEST_STEP][PASSED] - getStatusCode()).isEqualTo(200): null

2019-08-24 12:15:24 - [TEST_STEP][PASSED] - newline = System.getProperty("line.separator"): null

2019-08-24 12:15:24 - [TEST_STEP][PASSED] - M4_spin = new groovy.json.JsonSlurper(): null

2019-08-24 12:15:24 - [TEST_STEP][PASSED] - result_M4_spin = M4_spin.parseText(response.getResponseBodyContent()): null

2019-08-24 12:15:24 - [TEST_STEP][PASSED] - M4_spin_current_balance = current_balance: null

2019-08-24 12:15:24 - [TEST_STEP][PASSED] - M4_spin_current_balance = M4_spin_current_balance: null

2019-08-24 12:15:24 - [TEST_STEP][PASSED] - M4_spin_transaction_id = causality: null

2019-08-24 12:15:24 - [TEST_STEP][PASSED] - M4_spin_transaction_id = M4_spin_transaction_id: null

2019-08-24 12:15:24 - [TEST_STEP][PASSED] - M4_spin_round_id = round_id: null

2019-08-24 12:15:24 - [TEST_STEP][PASSED] - M4_spin_round_id = M4_spin_round_id: null

2019-08-24 12:15:24 - [TEST_STEP][PASSED] - M4_spin_line_wins = line_wins: null

2019-08-24 12:15:24 - [TEST_STEP][PASSED] - M4_spin_line_wins = M4_spin_line_wins: null

2019-08-24 12:15:24 - [TEST_STEP][PASSED] - M4_total_bonus_spins_int = total_bonus_spins: null

2019-08-24 12:15:24 - [TEST_STEP][PASSED] - println("******M4_total_bonus_spins type is:*******" + newline + getClass().getName()): null

2019-08-24 12:15:24 - [TEST_STEP][PASSED] - M4_total_bonus_spins_int = M4_total_bonus_spins_int: null

2019-08-24 12:15:24 - [TEST_STEP][PASSED] - M4_total_bonus_spins = Integer.toString(M4_total_bonus_spins_int): null

2019-08-24 12:15:24 - [TEST_STEP][PASSED] - M4_total_bonus_spins = M4_total_bonus_spins: null

2019-08-24 12:15:24 - [TEST_STEP][PASSED] - println("M4_total_bonus_spins is:" + M4_total_bonus_spins): null

2019-08-24 12:15:24 - [TEST_STEP][PASSED] - M4_spin_bonus_data = bonus_data: null

2019-08-24 12:15:24 - [TEST_STEP][PASSED] - M4_spin_features_triggered = result_M4_spin: null

2019-08-24 12:15:24 - [TEST_STEP][PASSED] - wild = []: null

2019-08-24 12:15:24 - [TEST_STEP][PASSED] - wild[0] = "WILD_Expanding": null

2019-08-24 12:15:24 - [TEST_STEP][PASSED] - wild[1] = "WILD_Normal": null

2019-08-24 12:15:24 - [TEST_STEP][PASSED] - wild[2] = "WILD_Double": null

2019-08-24 12:15:24 - [TEST_STEP][PASSED] - wild[3] = "WILD_ExtraFG": null

2019-08-24 12:15:24 - [TEST_STEP][PASSED] - wild[4] = "WILD_Triple": null

2019-08-24 12:15:24 - [TEST_STEP][PASSED] - wildList = Arrays.asList(wild): null

2019-08-24 12:15:24 - [TEST_STEP][PASSED] - wildList = wildList: null

2019-08-24 12:15:24 - [TEST_STEP][PASSED] - free_spin_reel_counter = []: null

2019-08-24 12:15:24 - [TEST_STEP][PASSED] - free_spin_reel_counter[0] = 0: null

2019-08-24 12:15:24 - [TEST_STEP][PASSED] - free_spin_reel_counter[1] = 0: null

2019-08-24 12:15:24 - [TEST_STEP][PASSED] - free_spin_reel_counter[2] = 0: null

2019-08-24 12:15:24 - [TEST_STEP][PASSED] - M4_spin_reels = reels: null

2019-08-24 12:15:24 - [TEST_STEP][PASSED] - for ([i = 0, i &lt; M4_spin_reels.size(), (i++)]): null

2019-08-24 12:15:24 - [TEST_STEP][PASSED] - symbols = symbols: null

2019-08-24 12:15:24 - [TEST_STEP][PASSED] - for ([j = 0, j &lt; symbols.size(), (j++)]): null

2019-08-24 12:15:24 - [TEST_STEP][PASSED] - symbol = symbol: null

2019-08-24 12:15:24 - [TEST_STEP][PASSED] - println(symbol): null

2019-08-24 12:15:24 - [TEST_STEP][PASSED] - if (i == 2 &amp;&amp; wildList.indexOf(symbol) != -1): null

2019-08-24 12:15:24 - [TEST_STEP][PASSED] - if (i == 3 &amp;&amp; wildList.indexOf(symbol) != -1): null

2019-08-24 12:15:24 - [TEST_STEP][PASSED] - if (i == 4 &amp;&amp; wildList.indexOf(symbol) != -1): null

2019-08-24 12:15:24 - [TEST_STEP][PASSED] - symbol = symbol: null

2019-08-24 12:15:24 - [TEST_STEP][PASSED] - println(symbol): null

2019-08-24 12:15:24 - [TEST_STEP][PASSED] - if (i == 2 &amp;&amp; wildList.indexOf(symbol) != -1): null

2019-08-24 12:15:24 - [TEST_STEP][PASSED] - if (i == 3 &amp;&amp; wildList.indexOf(symbol) != -1): null

2019-08-24 12:15:24 - [TEST_STEP][PASSED] - if (i == 4 &amp;&amp; wildList.indexOf(symbol) != -1): null

2019-08-24 12:15:24 - [TEST_STEP][PASSED] - symbol = symbol: null

2019-08-24 12:15:24 - [TEST_STEP][PASSED] - println(symbol): null

2019-08-24 12:15:24 - [TEST_STEP][PASSED] - if (i == 2 &amp;&amp; wildList.indexOf(symbol) != -1): null

2019-08-24 12:15:24 - [TEST_STEP][PASSED] - if (i == 3 &amp;&amp; wildList.indexOf(symbol) != -1): null

2019-08-24 12:15:24 - [TEST_STEP][PASSED] - if (i == 4 &amp;&amp; wildList.indexOf(symbol) != -1): null

2019-08-24 12:15:24 - [TEST_STEP][PASSED] - symbols = symbols: null

2019-08-24 12:15:24 - [TEST_STEP][PASSED] - for ([j = 0, j &lt; symbols.size(), (j++)]): null

2019-08-24 12:15:24 - [TEST_STEP][PASSED] - symbol = symbol: null

2019-08-24 12:15:24 - [TEST_STEP][PASSED] - println(symbol): null

2019-08-24 12:15:24 - [TEST_STEP][PASSED] - if (i == 2 &amp;&amp; wildList.indexOf(symbol) != -1): null

2019-08-24 12:15:24 - [TEST_STEP][PASSED] - if (i == 3 &amp;&amp; wildList.indexOf(symbol) != -1): null

2019-08-24 12:15:24 - [TEST_STEP][PASSED] - if (i == 4 &amp;&amp; wildList.indexOf(symbol) != -1): null

2019-08-24 12:15:24 - [TEST_STEP][PASSED] - symbol = symbol: null

2019-08-24 12:15:24 - [TEST_STEP][PASSED] - println(symbol): null

2019-08-24 12:15:24 - [TEST_STEP][PASSED] - if (i == 2 &amp;&amp; wildList.indexOf(symbol) != -1): null

2019-08-24 12:15:24 - [TEST_STEP][PASSED] - if (i == 3 &amp;&amp; wildList.indexOf(symbol) != -1): null

2019-08-24 12:15:24 - [TEST_STEP][PASSED] - if (i == 4 &amp;&amp; wildList.indexOf(symbol) != -1): null

2019-08-24 12:15:24 - [TEST_STEP][PASSED] - symbol = symbol: null

2019-08-24 12:15:24 - [TEST_STEP][PASSED] - println(symbol): null

2019-08-24 12:15:24 - [TEST_STEP][PASSED] - if (i == 2 &amp;&amp; wildList.indexOf(symbol) != -1): null

2019-08-24 12:15:24 - [TEST_STEP][PASSED] - if (i == 3 &amp;&amp; wildList.indexOf(symbol) != -1): null

2019-08-24 12:15:24 - [TEST_STEP][PASSED] - if (i == 4 &amp;&amp; wildList.indexOf(symbol) != -1): null

2019-08-24 12:15:24 - [TEST_STEP][PASSED] - symbols = symbols: null

2019-08-24 12:15:24 - [TEST_STEP][PASSED] - for ([j = 0, j &lt; symbols.size(), (j++)]): null

2019-08-24 12:15:24 - [TEST_STEP][PASSED] - symbol = symbol: null

2019-08-24 12:15:24 - [TEST_STEP][PASSED] - println(symbol): null

2019-08-24 12:15:24 - [TEST_STEP][PASSED] - if (i == 2 &amp;&amp; wildList.indexOf(symbol) != -1): null

2019-08-24 12:15:24 - [TEST_STEP][PASSED] - if (i == 3 &amp;&amp; wildList.indexOf(symbol) != -1): null

2019-08-24 12:15:24 - [TEST_STEP][PASSED] - if (i == 4 &amp;&amp; wildList.indexOf(symbol) != -1): null

2019-08-24 12:15:24 - [TEST_STEP][PASSED] - symbol = symbol: null

2019-08-24 12:15:24 - [TEST_STEP][PASSED] - println(symbol): null

2019-08-24 12:15:24 - [TEST_STEP][PASSED] - if (i == 2 &amp;&amp; wildList.indexOf(symbol) != -1): null

2019-08-24 12:15:24 - [TEST_STEP][PASSED] - if (i == 3 &amp;&amp; wildList.indexOf(symbol) != -1): null

2019-08-24 12:15:24 - [TEST_STEP][PASSED] - if (i == 4 &amp;&amp; wildList.indexOf(symbol) != -1): null

2019-08-24 12:15:24 - [TEST_STEP][PASSED] - symbol = symbol: null

2019-08-24 12:15:24 - [TEST_STEP][PASSED] - println(symbol): null

2019-08-24 12:15:24 - [TEST_STEP][PASSED] - if (i == 2 &amp;&amp; wildList.indexOf(symbol) != -1): null

2019-08-24 12:15:24 - [TEST_STEP][PASSED] - if (i == 3 &amp;&amp; wildList.indexOf(symbol) != -1): null

2019-08-24 12:15:24 - [TEST_STEP][PASSED] - if (i == 4 &amp;&amp; wildList.indexOf(symbol) != -1): null

2019-08-24 12:15:24 - [TEST_STEP][PASSED] - symbols = symbols: null

2019-08-24 12:15:24 - [TEST_STEP][PASSED] - for ([j = 0, j &lt; symbols.size(), (j++)]): null

2019-08-24 12:15:24 - [TEST_STEP][PASSED] - symbol = symbol: null

2019-08-24 12:15:24 - [TEST_STEP][PASSED] - println(symbol): null

2019-08-24 12:15:24 - [TEST_STEP][PASSED] - if (i == 2 &amp;&amp; wildList.indexOf(symbol) != -1): null

2019-08-24 12:15:24 - [TEST_STEP][PASSED] - if (i == 3 &amp;&amp; wildList.indexOf(symbol) != -1): null

2019-08-24 12:15:24 - [TEST_STEP][PASSED] - if (i == 4 &amp;&amp; wildList.indexOf(symbol) != -1): null

2019-08-24 12:15:24 - [TEST_STEP][PASSED] - symbol = symbol: null

2019-08-24 12:15:24 - [TEST_STEP][PASSED] - println(symbol): null

2019-08-24 12:15:24 - [TEST_STEP][PASSED] - if (i == 2 &amp;&amp; wildList.indexOf(symbol) != -1): null

2019-08-24 12:15:24 - [TEST_STEP][PASSED] - if (i == 3 &amp;&amp; wildList.indexOf(symbol) != -1): null

2019-08-24 12:15:24 - [TEST_STEP][PASSED] - if (i == 4 &amp;&amp; wildList.indexOf(symbol) != -1): null

2019-08-24 12:15:24 - [TEST_STEP][PASSED] - symbol = symbol: null

2019-08-24 12:15:24 - [TEST_STEP][PASSED] - println(symbol): null

2019-08-24 12:15:24 - [TEST_STEP][PASSED] - if (i == 2 &amp;&amp; wildList.indexOf(symbol) != -1): null

2019-08-24 12:15:24 - [TEST_STEP][PASSED] - if (i == 3 &amp;&amp; wildList.indexOf(symbol) != -1): null

2019-08-24 12:15:24 - [TEST_STEP][PASSED] - if (i == 4 &amp;&amp; wildList.indexOf(symbol) != -1): null

2019-08-24 12:15:24 - [TEST_STEP][PASSED] - symbols = symbols: null

2019-08-24 12:15:24 - [TEST_STEP][PASSED] - for ([j = 0, j &lt; symbols.size(), (j++)]): null

2019-08-24 12:15:24 - [TEST_STEP][PASSED] - symbol = symbol: null

2019-08-24 12:15:24 - [TEST_STEP][PASSED] - println(symbol): null

2019-08-24 12:15:24 - [TEST_STEP][PASSED] - if (i == 2 &amp;&amp; wildList.indexOf(symbol) != -1): null

2019-08-24 12:15:24 - [TEST_STEP][PASSED] - if (i == 3 &amp;&amp; wildList.indexOf(symbol) != -1): null

2019-08-24 12:15:24 - [TEST_STEP][PASSED] - if (i == 4 &amp;&amp; wildList.indexOf(symbol) != -1): null

2019-08-24 12:15:24 - [TEST_STEP][PASSED] - symbol = symbol: null

2019-08-24 12:15:24 - [TEST_STEP][PASSED] - println(symbol): null

2019-08-24 12:15:24 - [TEST_STEP][PASSED] - if (i == 2 &amp;&amp; wildList.indexOf(symbol) != -1): null

2019-08-24 12:15:24 - [TEST_STEP][PASSED] - if (i == 3 &amp;&amp; wildList.indexOf(symbol) != -1): null

2019-08-24 12:15:24 - [TEST_STEP][PASSED] - if (i == 4 &amp;&amp; wildList.indexOf(symbol) != -1): null

2019-08-24 12:15:24 - [TEST_STEP][PASSED] - symbol = symbol: null

2019-08-24 12:15:24 - [TEST_STEP][PASSED] - println(symbol): null

2019-08-24 12:15:24 - [TEST_STEP][PASSED] - if (i == 2 &amp;&amp; wildList.indexOf(symbol) != -1): null

2019-08-24 12:15:24 - [TEST_STEP][PASSED] - if (i == 3 &amp;&amp; wildList.indexOf(symbol) != -1): null

2019-08-24 12:15:24 - [TEST_STEP][PASSED] - if (i == 4 &amp;&amp; wildList.indexOf(symbol) != -1): null

2019-08-24 12:15:24 - [TEST_STEP][PASSED] - free_spin_reel_counter = free_spin_reel_counter: null

2019-08-24 12:15:24 - [TEST_STEP][PASSED] - println("reel 3 wild found: " + free_spin_reel_counter[0]): null

2019-08-24 12:15:24 - [TEST_STEP][PASSED] - println("reel 4 wild found: " + free_spin_reel_counter[1]): null

2019-08-24 12:15:24 - [TEST_STEP][PASSED] - println("reel 5 wild found: " + free_spin_reel_counter[2]): null

2019-08-24 12:15:24 - [TEST_STEP][PASSED] - M4_spin_reels = M4_spin_reels: null

2019-08-24 12:15:24 - [TEST_STEP][PASSED] - M4_spin_reels_symbols = symbol: null

2019-08-24 12:15:24 - [TEST_STEP][PASSED] - M4_spin_reels_symbols = M4_spin_reels_symbols: null

2019-08-24 12:15:24 - [TEST_STEP][PASSED] - M4_spin_reel_wins = reel_wins: null

2019-08-24 12:15:24 - [TEST_STEP][PASSED] - M4_spin_reel_wins = M4_spin_reel_wins: null

2019-08-24 12:15:24 - [TEST_STEP][PASSED] - println("GlobalVariable.M4_spin_reel_wins is: " + M4_spin_reel_wins): null

2019-08-24 12:15:24 - [TEST_STEP][PASSED] - M4_spin_total_bonus_win_this_round = total_bonus_win_this_round: null

2019-08-24 12:15:24 - [TEST_STEP][PASSED] - M4_spin_total_bonus_win_this_round = M4_spin_total_bonus_win_this_round: null

2019-08-24 12:15:24 - [TEST_STEP][PASSED] - println("GlobalVariable.M4_spin_total_bonus_win_this_round is: " + M4_spin_total_bonus_win_this_round): null

2019-08-24 12:15:24 - [TEST_STEP][PASSED] - M4_spin_bonus_spin_result = spin_result: null

2019-08-24 12:15:24 - [TEST_STEP][PASSED] - M4_spin_bonus_spin_result = M4_spin_bonus_spin_result: null

2019-08-24 12:15:24 - [MESSAGE][PASSED] - Verify response successfully

2019-08-24 12:15:24 - [MESSAGE][PASSED] - Send request and verify the response successfully

2019-08-24 12:15:24 - [TEST_STEP][PASSED] - if (M4_total_bonus_spins_int != 0 &amp;&amp; M4_spin_reels_symbols[2].contains("WILD_ExtraFG") || M4_spin_reels_symbols[3].contains("WILD_ExtraFG")): null

2019-08-24 12:15:24 - [TEST_STEP][PASSED] - free_spin_reel_counter = free_spin_reel_counter: null

2019-08-24 12:15:24 - [TEST_STEP][PASSED] - M4_spin_reels_symbols = M4_spin_reels_symbols: null

2019-08-24 12:15:24 - [TEST_STEP][PASSED] - M4_total_bonus_spins = M4_total_bonus_spins: null

2019-08-24 12:15:24 - [TEST_STEP][PASSED] - spin_result = sendRequestAndVerify(findTestObject("INT/RGS(M4)/1_M4_spin", ["M4_login_user_id":M4_login_user_id, "rgs_session_token":rgs_session_token, "partner":Partner])): Send request and verify the response successfully

2019-08-24 12:15:24 - [MESSAGE][INFO] - HAR: /Users/eiralee/Katalon_Script/SuperWild/Reports/20190824_120919/INT/superWild_3/20190824_120919/requests/main/103.har

2019-08-24 12:15:24 - [TEST_CASE][PASSED] - Start Test Case : Verification: Verification accomplished successfully

2019-08-24 12:15:24 - [TEST_STEP][PASSED] - request = getInstance().getCurrentRequest(): null

2019-08-24 12:15:24 - [TEST_STEP][PASSED] - response = getInstance().getCurrentResponse(): null

2019-08-24 12:15:24 - [TEST_STEP][PASSED] - verifyResponseStatusCode(response, 200): Verify response status code successfully

2019-08-24 12:15:24 - [MESSAGE][PASSED] - Verify response status code successfully

2019-08-24 12:15:24 - [TEST_STEP][PASSED] - getStatusCode()).isEqualTo(200): null

2019-08-24 12:15:24 - [TEST_STEP][PASSED] - newline = System.getProperty("line.separator"): null

2019-08-24 12:15:24 - [TEST_STEP][PASSED] - M4_spin = new groovy.json.JsonSlurper(): null

2019-08-24 12:15:24 - [TEST_STEP][PASSED] - result_M4_spin = M4_spin.parseText(response.getResponseBodyContent()): null

2019-08-24 12:15:24 - [TEST_STEP][PASSED] - M4_spin_current_balance = current_balance: null

2019-08-24 12:15:24 - [TEST_STEP][PASSED] - M4_spin_current_balance = M4_spin_current_balance: null

2019-08-24 12:15:24 - [TEST_STEP][PASSED] - M4_spin_transaction_id = causality: null

2019-08-24 12:15:24 - [TEST_STEP][PASSED] - M4_spin_transaction_id = M4_spin_transaction_id: null

2019-08-24 12:15:24 - [TEST_STEP][PASSED] - M4_spin_round_id = round_id: null

2019-08-24 12:15:24 - [TEST_STEP][PASSED] - M4_spin_round_id = M4_spin_round_id: null

2019-08-24 12:15:24 - [TEST_STEP][PASSED] - M4_spin_line_wins = line_wins: null

2019-08-24 12:15:24 - [TEST_STEP][PASSED] - M4_spin_line_wins = M4_spin_line_wins: null

2019-08-24 12:15:24 - [TEST_STEP][PASSED] - M4_total_bonus_spins_int = total_bonus_spins: null

2019-08-24 12:15:24 - [TEST_STEP][PASSED] - println("******M4_total_bonus_spins type is:*******" + newline + getClass().getName()): null

2019-08-24 12:15:24 - [TEST_STEP][PASSED] - M4_total_bonus_spins_int = M4_total_bonus_spins_int: null

2019-08-24 12:15:24 - [TEST_STEP][PASSED] - M4_total_bonus_spins = Integer.toString(M4_total_bonus_spins_int): null

2019-08-24 12:15:24 - [TEST_STEP][PASSED] - M4_total_bonus_spins = M4_total_bonus_spins: null

2019-08-24 12:15:24 - [TEST_STEP][PASSED] - println("M4_total_bonus_spins is:" + M4_total_bonus_spins): null

2019-08-24 12:15:24 - [TEST_STEP][PASSED] - M4_spin_bonus_data = bonus_data: null

2019-08-24 12:15:24 - [TEST_STEP][PASSED] - M4_spin_features_triggered = result_M4_spin: null

2019-08-24 12:15:24 - [TEST_STEP][PASSED] - wild = []: null

2019-08-24 12:15:24 - [TEST_STEP][PASSED] - wild[0] = "WILD_Expanding": null

2019-08-24 12:15:24 - [TEST_STEP][PASSED] - wild[1] = "WILD_Normal": null

2019-08-24 12:15:24 - [TEST_STEP][PASSED] - wild[2] = "WILD_Double": null

2019-08-24 12:15:24 - [TEST_STEP][PASSED] - wild[3] = "WILD_ExtraFG": null

2019-08-24 12:15:24 - [TEST_STEP][PASSED] - wild[4] = "WILD_Triple": null

2019-08-24 12:15:24 - [TEST_STEP][PASSED] - wildList = Arrays.asList(wild): null

2019-08-24 12:15:24 - [TEST_STEP][PASSED] - wildList = wildList: null

2019-08-24 12:15:27 - [TEST_STEP][PASSED] - free_spin_reel_counter = []: null

2019-08-24 12:15:27 - [TEST_STEP][PASSED] - free_spin_reel_counter[0] = 0: null

2019-08-24 12:15:27 - [TEST_STEP][PASSED] - free_spin_reel_counter[1] = 0: null

2019-08-24 12:15:27 - [TEST_STEP][PASSED] - free_spin_reel_counter[2] = 0: null

2019-08-24 12:15:27 - [TEST_STEP][PASSED] - M4_spin_reels = reels: null

2019-08-24 12:15:27 - [TEST_STEP][PASSED] - for ([i = 0, i &lt; M4_spin_reels.size(), (i++)]): null

2019-08-24 12:15:27 - [TEST_STEP][PASSED] - symbols = symbols: null

2019-08-24 12:15:27 - [TEST_STEP][PASSED] - for ([j = 0, j &lt; symbols.size(), (j++)]): null

2019-08-24 12:15:27 - [TEST_STEP][PASSED] - symbol = symbol: null

2019-08-24 12:15:27 - [TEST_STEP][PASSED] - println(symbol): null

2019-08-24 12:15:27 - [TEST_STEP][PASSED] - if (i == 2 &amp;&amp; wildList.indexOf(symbol) != -1): null

2019-08-24 12:15:27 - [TEST_STEP][PASSED] - if (i == 3 &amp;&amp; wildList.indexOf(symbol) != -1): null

2019-08-24 12:15:27 - [TEST_STEP][PASSED] - if (i == 4 &amp;&amp; wildList.indexOf(symbol) != -1): null

2019-08-24 12:15:27 - [TEST_STEP][PASSED] - symbol = symbol: null

2019-08-24 12:15:27 - [TEST_STEP][PASSED] - println(symbol): null

2019-08-24 12:15:27 - [TEST_STEP][PASSED] - if (i == 2 &amp;&amp; wildList.indexOf(symbol) != -1): null

2019-08-24 12:15:27 - [TEST_STEP][PASSED] - if (i == 3 &amp;&amp; wildList.indexOf(symbol) != -1): null

2019-08-24 12:15:27 - [TEST_STEP][PASSED] - if (i == 4 &amp;&amp; wildList.indexOf(symbol) != -1): null

2019-08-24 12:15:27 - [TEST_STEP][PASSED] - symbol = symbol: null

2019-08-24 12:15:27 - [TEST_STEP][PASSED] - println(symbol): null

2019-08-24 12:15:27 - [TEST_STEP][PASSED] - if (i == 2 &amp;&amp; wildList.indexOf(symbol) != -1): null

2019-08-24 12:15:27 - [TEST_STEP][PASSED] - if (i == 3 &amp;&amp; wildList.indexOf(symbol) != -1): null

2019-08-24 12:15:27 - [TEST_STEP][PASSED] - if (i == 4 &amp;&amp; wildList.indexOf(symbol) != -1): null

2019-08-24 12:15:27 - [TEST_STEP][PASSED] - symbols = symbols: null

2019-08-24 12:15:27 - [TEST_STEP][PASSED] - for ([j = 0, j &lt; symbols.size(), (j++)]): null

2019-08-24 12:15:27 - [TEST_STEP][PASSED] - symbol = symbol: null

2019-08-24 12:15:27 - [TEST_STEP][PASSED] - println(symbol): null

2019-08-24 12:15:27 - [TEST_STEP][PASSED] - if (i == 2 &amp;&amp; wildList.indexOf(symbol) != -1): null

2019-08-24 12:15:27 - [TEST_STEP][PASSED] - if (i == 3 &amp;&amp; wildList.indexOf(symbol) != -1): null

2019-08-24 12:15:27 - [TEST_STEP][PASSED] - if (i == 4 &amp;&amp; wildList.indexOf(symbol) != -1): null

2019-08-24 12:15:27 - [TEST_STEP][PASSED] - symbol = symbol: null

2019-08-24 12:15:27 - [TEST_STEP][PASSED] - println(symbol): null

2019-08-24 12:15:27 - [TEST_STEP][PASSED] - if (i == 2 &amp;&amp; wildList.indexOf(symbol) != -1): null

2019-08-24 12:15:27 - [TEST_STEP][PASSED] - if (i == 3 &amp;&amp; wildList.indexOf(symbol) != -1): null

2019-08-24 12:15:27 - [TEST_STEP][PASSED] - if (i == 4 &amp;&amp; wildList.indexOf(symbol) != -1): null

2019-08-24 12:15:27 - [TEST_STEP][PASSED] - symbol = symbol: null

2019-08-24 12:15:27 - [TEST_STEP][PASSED] - println(symbol): null

2019-08-24 12:15:27 - [TEST_STEP][PASSED] - if (i == 2 &amp;&amp; wildList.indexOf(symbol) != -1): null

2019-08-24 12:15:27 - [TEST_STEP][PASSED] - if (i == 3 &amp;&amp; wildList.indexOf(symbol) != -1): null

2019-08-24 12:15:27 - [TEST_STEP][PASSED] - if (i == 4 &amp;&amp; wildList.indexOf(symbol) != -1): null

2019-08-24 12:15:27 - [TEST_STEP][PASSED] - symbols = symbols: null

2019-08-24 12:15:27 - [TEST_STEP][PASSED] - for ([j = 0, j &lt; symbols.size(), (j++)]): null

2019-08-24 12:15:27 - [TEST_STEP][PASSED] - symbol = symbol: null

2019-08-24 12:15:27 - [TEST_STEP][PASSED] - println(symbol): null

2019-08-24 12:15:27 - [TEST_STEP][PASSED] - if (i == 2 &amp;&amp; wildList.indexOf(symbol) != -1): null

2019-08-24 12:15:27 - [TEST_STEP][PASSED] - if (i == 3 &amp;&amp; wildList.indexOf(symbol) != -1): null

2019-08-24 12:15:27 - [TEST_STEP][PASSED] - if (i == 4 &amp;&amp; wildList.indexOf(symbol) != -1): null

2019-08-24 12:15:27 - [TEST_STEP][PASSED] - symbol = symbol: null

2019-08-24 12:15:27 - [TEST_STEP][PASSED] - println(symbol): null

2019-08-24 12:15:27 - [TEST_STEP][PASSED] - if (i == 2 &amp;&amp; wildList.indexOf(symbol) != -1): null

2019-08-24 12:15:27 - [TEST_STEP][PASSED] - if (i == 3 &amp;&amp; wildList.indexOf(symbol) != -1): null

2019-08-24 12:15:27 - [TEST_STEP][PASSED] - if (i == 4 &amp;&amp; wildList.indexOf(symbol) != -1): null

2019-08-24 12:15:27 - [TEST_STEP][PASSED] - symbol = symbol: null

2019-08-24 12:15:27 - [TEST_STEP][PASSED] - println(symbol): null

2019-08-24 12:15:27 - [TEST_STEP][PASSED] - if (i == 2 &amp;&amp; wildList.indexOf(symbol) != -1): null

2019-08-24 12:15:27 - [TEST_STEP][PASSED] - if (i == 3 &amp;&amp; wildList.indexOf(symbol) != -1): null

2019-08-24 12:15:27 - [TEST_STEP][PASSED] - if (i == 4 &amp;&amp; wildList.indexOf(symbol) != -1): null

2019-08-24 12:15:27 - [TEST_STEP][PASSED] - symbols = symbols: null

2019-08-24 12:15:27 - [TEST_STEP][PASSED] - for ([j = 0, j &lt; symbols.size(), (j++)]): null

2019-08-24 12:15:27 - [TEST_STEP][PASSED] - symbol = symbol: null

2019-08-24 12:15:27 - [TEST_STEP][PASSED] - println(symbol): null

2019-08-24 12:15:27 - [TEST_STEP][PASSED] - if (i == 2 &amp;&amp; wildList.indexOf(symbol) != -1): null

2019-08-24 12:15:27 - [TEST_STEP][PASSED] - if (i == 3 &amp;&amp; wildList.indexOf(symbol) != -1): null

2019-08-24 12:15:27 - [TEST_STEP][PASSED] - if (i == 4 &amp;&amp; wildList.indexOf(symbol) != -1): null

2019-08-24 12:15:27 - [TEST_STEP][PASSED] - symbol = symbol: null

2019-08-24 12:15:27 - [TEST_STEP][PASSED] - println(symbol): null

2019-08-24 12:15:27 - [TEST_STEP][PASSED] - if (i == 2 &amp;&amp; wildList.indexOf(symbol) != -1): null

2019-08-24 12:15:27 - [TEST_STEP][PASSED] - if (i == 3 &amp;&amp; wildList.indexOf(symbol) != -1): null

2019-08-24 12:15:27 - [TEST_STEP][PASSED] - if (i == 4 &amp;&amp; wildList.indexOf(symbol) != -1): null

2019-08-24 12:15:27 - [TEST_STEP][PASSED] - symbol = symbol: null

2019-08-24 12:15:27 - [TEST_STEP][PASSED] - println(symbol): null

2019-08-24 12:15:27 - [TEST_STEP][PASSED] - if (i == 2 &amp;&amp; wildList.indexOf(symbol) != -1): null

2019-08-24 12:15:27 - [TEST_STEP][PASSED] - if (i == 3 &amp;&amp; wildList.indexOf(symbol) != -1): null

2019-08-24 12:15:27 - [TEST_STEP][PASSED] - if (i == 4 &amp;&amp; wildList.indexOf(symbol) != -1): null

2019-08-24 12:15:27 - [TEST_STEP][PASSED] - symbols = symbols: null

2019-08-24 12:15:27 - [TEST_STEP][PASSED] - for ([j = 0, j &lt; symbols.size(), (j++)]): null

2019-08-24 12:15:27 - [TEST_STEP][PASSED] - symbol = symbol: null

2019-08-24 12:15:27 - [TEST_STEP][PASSED] - println(symbol): null

2019-08-24 12:15:27 - [TEST_STEP][PASSED] - if (i == 2 &amp;&amp; wildList.indexOf(symbol) != -1): null

2019-08-24 12:15:27 - [TEST_STEP][PASSED] - if (i == 3 &amp;&amp; wildList.indexOf(symbol) != -1): null

2019-08-24 12:15:27 - [TEST_STEP][PASSED] - if (i == 4 &amp;&amp; wildList.indexOf(symbol) != -1): null

2019-08-24 12:15:27 - [TEST_STEP][PASSED] - symbol = symbol: null

2019-08-24 12:15:27 - [TEST_STEP][PASSED] - println(symbol): null

2019-08-24 12:15:27 - [TEST_STEP][PASSED] - if (i == 2 &amp;&amp; wildList.indexOf(symbol) != -1): null

2019-08-24 12:15:27 - [TEST_STEP][PASSED] - if (i == 3 &amp;&amp; wildList.indexOf(symbol) != -1): null

2019-08-24 12:15:27 - [TEST_STEP][PASSED] - if (i == 4 &amp;&amp; wildList.indexOf(symbol) != -1): null

2019-08-24 12:15:27 - [TEST_STEP][PASSED] - symbol = symbol: null

2019-08-24 12:15:27 - [TEST_STEP][PASSED] - println(symbol): null

2019-08-24 12:15:27 - [TEST_STEP][PASSED] - if (i == 2 &amp;&amp; wildList.indexOf(symbol) != -1): null

2019-08-24 12:15:27 - [TEST_STEP][PASSED] - if (i == 3 &amp;&amp; wildList.indexOf(symbol) != -1): null

2019-08-24 12:15:27 - [TEST_STEP][PASSED] - if (i == 4 &amp;&amp; wildList.indexOf(symbol) != -1): null

2019-08-24 12:15:27 - [TEST_STEP][PASSED] - free_spin_reel_counter = free_spin_reel_counter: null

2019-08-24 12:15:27 - [TEST_STEP][PASSED] - println("reel 3 wild found: " + free_spin_reel_counter[0]): null

2019-08-24 12:15:27 - [TEST_STEP][PASSED] - println("reel 4 wild found: " + free_spin_reel_counter[1]): null

2019-08-24 12:15:27 - [TEST_STEP][PASSED] - println("reel 5 wild found: " + free_spin_reel_counter[2]): null

2019-08-24 12:15:27 - [TEST_STEP][PASSED] - M4_spin_reels = M4_spin_reels: null

2019-08-24 12:15:27 - [TEST_STEP][PASSED] - M4_spin_reels_symbols = symbol: null

2019-08-24 12:15:27 - [TEST_STEP][PASSED] - M4_spin_reels_symbols = M4_spin_reels_symbols: null

2019-08-24 12:15:27 - [TEST_STEP][PASSED] - M4_spin_reel_wins = reel_wins: null

2019-08-24 12:15:27 - [TEST_STEP][PASSED] - M4_spin_reel_wins = M4_spin_reel_wins: null

2019-08-24 12:15:27 - [TEST_STEP][PASSED] - println("GlobalVariable.M4_spin_reel_wins is: " + M4_spin_reel_wins): null

2019-08-24 12:15:27 - [TEST_STEP][PASSED] - M4_spin_total_bonus_win_this_round = total_bonus_win_this_round: null

2019-08-24 12:15:27 - [TEST_STEP][PASSED] - M4_spin_total_bonus_win_this_round = M4_spin_total_bonus_win_this_round: null

2019-08-24 12:15:27 - [TEST_STEP][PASSED] - println("GlobalVariable.M4_spin_total_bonus_win_this_round is: " + M4_spin_total_bonus_win_this_round): null

2019-08-24 12:15:27 - [TEST_STEP][PASSED] - M4_spin_bonus_spin_result = spin_result: null

2019-08-24 12:15:27 - [TEST_STEP][PASSED] - M4_spin_bonus_spin_result = M4_spin_bonus_spin_result: null

2019-08-24 12:15:27 - [MESSAGE][PASSED] - Verify response successfully

2019-08-24 12:15:27 - [MESSAGE][PASSED] - Send request and verify the response successfully

2019-08-24 12:15:27 - [TEST_STEP][PASSED] - if (M4_total_bonus_spins_int != 0 &amp;&amp; M4_spin_reels_symbols[2].contains("WILD_ExtraFG") || M4_spin_reels_symbols[3].contains("WILD_ExtraFG")): null

2019-08-24 12:15:27 - [TEST_STEP][PASSED] - free_spin_reel_counter = free_spin_reel_counter: null

2019-08-24 12:15:27 - [TEST_STEP][PASSED] - M4_spin_reels_symbols = M4_spin_reels_symbols: null

2019-08-24 12:15:27 - [TEST_STEP][PASSED] - M4_total_bonus_spins = M4_total_bonus_spins: null

2019-08-24 12:15:27 - [TEST_STEP][PASSED] - spin_result = sendRequestAndVerify(findTestObject("INT/RGS(M4)/1_M4_spin", ["M4_login_user_id":M4_login_user_id, "rgs_session_token":rgs_session_token, "partner":Partner])): Send request and verify the response successfully

2019-08-24 12:15:27 - [MESSAGE][INFO] - HAR: /Users/eiralee/Katalon_Script/SuperWild/Reports/20190824_120919/INT/superWild_3/20190824_120919/requests/main/104.har

2019-08-24 12:15:27 - [TEST_CASE][PASSED] - Start Test Case : Verification: Verification accomplished successfully

2019-08-24 12:15:27 - [TEST_STEP][PASSED] - request = getInstance().getCurrentRequest(): null

2019-08-24 12:15:27 - [TEST_STEP][PASSED] - response = getInstance().getCurrentResponse(): null

2019-08-24 12:15:27 - [TEST_STEP][PASSED] - verifyResponseStatusCode(response, 200): Verify response status code successfully

2019-08-24 12:15:27 - [MESSAGE][PASSED] - Verify response status code successfully

2019-08-24 12:15:27 - [TEST_STEP][PASSED] - getStatusCode()).isEqualTo(200): null

2019-08-24 12:15:27 - [TEST_STEP][PASSED] - newline = System.getProperty("line.separator"): null

2019-08-24 12:15:27 - [TEST_STEP][PASSED] - M4_spin = new groovy.json.JsonSlurper(): null

2019-08-24 12:15:27 - [TEST_STEP][PASSED] - result_M4_spin = M4_spin.parseText(response.getResponseBodyContent()): null

2019-08-24 12:15:27 - [TEST_STEP][PASSED] - M4_spin_current_balance = current_balance: null

2019-08-24 12:15:27 - [TEST_STEP][PASSED] - M4_spin_current_balance = M4_spin_current_balance: null

2019-08-24 12:15:27 - [TEST_STEP][PASSED] - M4_spin_transaction_id = causality: null

2019-08-24 12:15:27 - [TEST_STEP][PASSED] - M4_spin_transaction_id = M4_spin_transaction_id: null

2019-08-24 12:15:27 - [TEST_STEP][PASSED] - M4_spin_round_id = round_id: null

2019-08-24 12:15:27 - [TEST_STEP][PASSED] - M4_spin_round_id = M4_spin_round_id: null

2019-08-24 12:15:27 - [TEST_STEP][PASSED] - M4_spin_line_wins = line_wins: null

2019-08-24 12:15:27 - [TEST_STEP][PASSED] - M4_spin_line_wins = M4_spin_line_wins: null

2019-08-24 12:15:27 - [TEST_STEP][PASSED] - M4_total_bonus_spins_int = total_bonus_spins: null

2019-08-24 12:15:27 - [TEST_STEP][PASSED] - println("******M4_total_bonus_spins type is:*******" + newline + getClass().getName()): null

2019-08-24 12:15:27 - [TEST_STEP][PASSED] - M4_total_bonus_spins_int = M4_total_bonus_spins_int: null

2019-08-24 12:15:27 - [TEST_STEP][PASSED] - M4_total_bonus_spins = Integer.toString(M4_total_bonus_spins_int): null

2019-08-24 12:15:27 - [TEST_STEP][PASSED] - M4_total_bonus_spins = M4_total_bonus_spins: null

2019-08-24 12:15:27 - [TEST_STEP][PASSED] - println("M4_total_bonus_spins is:" + M4_total_bonus_spins): null

2019-08-24 12:15:27 - [TEST_STEP][PASSED] - M4_spin_bonus_data = bonus_data: null

2019-08-24 12:15:27 - [TEST_STEP][PASSED] - M4_spin_features_triggered = result_M4_spin: null

2019-08-24 12:15:27 - [TEST_STEP][PASSED] - wild = []: null

2019-08-24 12:15:27 - [TEST_STEP][PASSED] - wild[0] = "WILD_Expanding": null

2019-08-24 12:15:27 - [TEST_STEP][PASSED] - wild[1] = "WILD_Normal": null

2019-08-24 12:15:27 - [TEST_STEP][PASSED] - wild[2] = "WILD_Double": null

2019-08-24 12:15:27 - [TEST_STEP][PASSED] - wild[3] = "WILD_ExtraFG": null

2019-08-24 12:15:27 - [TEST_STEP][PASSED] - wild[4] = "WILD_Triple": null

2019-08-24 12:15:27 - [TEST_STEP][PASSED] - wildList = Arrays.asList(wild): null

2019-08-24 12:15:27 - [TEST_STEP][PASSED] - wildList = wildList: null

2019-08-24 12:15:27 - [TEST_STEP][PASSED] - free_spin_reel_counter = []: null

2019-08-24 12:15:27 - [TEST_STEP][PASSED] - free_spin_reel_counter[0] = 0: null

2019-08-24 12:15:27 - [TEST_STEP][PASSED] - free_spin_reel_counter[1] = 0: null

2019-08-24 12:15:27 - [TEST_STEP][PASSED] - free_spin_reel_counter[2] = 0: null

2019-08-24 12:15:27 - [TEST_STEP][PASSED] - M4_spin_reels = reels: null

2019-08-24 12:15:27 - [TEST_STEP][PASSED] - for ([i = 0, i &lt; M4_spin_reels.size(), (i++)]): null

2019-08-24 12:15:27 - [TEST_STEP][PASSED] - symbols = symbols: null

2019-08-24 12:15:27 - [TEST_STEP][PASSED] - for ([j = 0, j &lt; symbols.size(), (j++)]): null

2019-08-24 12:15:27 - [TEST_STEP][PASSED] - symbol = symbol: null

2019-08-24 12:15:27 - [TEST_STEP][PASSED] - println(symbol): null

2019-08-24 12:15:27 - [TEST_STEP][PASSED] - if (i == 2 &amp;&amp; wildList.indexOf(symbol) != -1): null

2019-08-24 12:15:27 - [TEST_STEP][PASSED] - if (i == 3 &amp;&amp; wildList.indexOf(symbol) != -1): null

2019-08-24 12:15:27 - [TEST_STEP][PASSED] - if (i == 4 &amp;&amp; wildList.indexOf(symbol) != -1): null

2019-08-24 12:15:27 - [TEST_STEP][PASSED] - symbol = symbol: null

2019-08-24 12:15:27 - [TEST_STEP][PASSED] - println(symbol): null

2019-08-24 12:15:27 - [TEST_STEP][PASSED] - if (i == 2 &amp;&amp; wildList.indexOf(symbol) != -1): null

2019-08-24 12:15:27 - [TEST_STEP][PASSED] - if (i == 3 &amp;&amp; wildList.indexOf(symbol) != -1): null

2019-08-24 12:15:27 - [TEST_STEP][PASSED] - if (i == 4 &amp;&amp; wildList.indexOf(symbol) != -1): null

2019-08-24 12:15:27 - [TEST_STEP][PASSED] - symbol = symbol: null

2019-08-24 12:15:27 - [TEST_STEP][PASSED] - println(symbol): null

2019-08-24 12:15:27 - [TEST_STEP][PASSED] - if (i == 2 &amp;&amp; wildList.indexOf(symbol) != -1): null

2019-08-24 12:15:27 - [TEST_STEP][PASSED] - if (i == 3 &amp;&amp; wildList.indexOf(symbol) != -1): null

2019-08-24 12:15:27 - [TEST_STEP][PASSED] - if (i == 4 &amp;&amp; wildList.indexOf(symbol) != -1): null

2019-08-24 12:15:27 - [TEST_STEP][PASSED] - symbols = symbols: null

2019-08-24 12:15:27 - [TEST_STEP][PASSED] - for ([j = 0, j &lt; symbols.size(), (j++)]): null

2019-08-24 12:15:27 - [TEST_STEP][PASSED] - symbol = symbol: null

2019-08-24 12:15:27 - [TEST_STEP][PASSED] - println(symbol): null

2019-08-24 12:15:27 - [TEST_STEP][PASSED] - if (i == 2 &amp;&amp; wildList.indexOf(symbol) != -1): null

2019-08-24 12:15:27 - [TEST_STEP][PASSED] - if (i == 3 &amp;&amp; wildList.indexOf(symbol) != -1): null

2019-08-24 12:15:27 - [TEST_STEP][PASSED] - if (i == 4 &amp;&amp; wildList.indexOf(symbol) != -1): null

2019-08-24 12:15:27 - [TEST_STEP][PASSED] - symbol = symbol: null

2019-08-24 12:15:27 - [TEST_STEP][PASSED] - println(symbol): null

2019-08-24 12:15:27 - [TEST_STEP][PASSED] - if (i == 2 &amp;&amp; wildList.indexOf(symbol) != -1): null

2019-08-24 12:15:27 - [TEST_STEP][PASSED] - if (i == 3 &amp;&amp; wildList.indexOf(symbol) != -1): null

2019-08-24 12:15:27 - [TEST_STEP][PASSED] - if (i == 4 &amp;&amp; wildList.indexOf(symbol) != -1): null

2019-08-24 12:15:27 - [TEST_STEP][PASSED] - symbol = symbol: null

2019-08-24 12:15:27 - [TEST_STEP][PASSED] - println(symbol): null

2019-08-24 12:15:27 - [TEST_STEP][PASSED] - if (i == 2 &amp;&amp; wildList.indexOf(symbol) != -1): null

2019-08-24 12:15:27 - [TEST_STEP][PASSED] - if (i == 3 &amp;&amp; wildList.indexOf(symbol) != -1): null

2019-08-24 12:15:27 - [TEST_STEP][PASSED] - if (i == 4 &amp;&amp; wildList.indexOf(symbol) != -1): null

2019-08-24 12:15:27 - [TEST_STEP][PASSED] - symbols = symbols: null

2019-08-24 12:15:27 - [TEST_STEP][PASSED] - for ([j = 0, j &lt; symbols.size(), (j++)]): null

2019-08-24 12:15:27 - [TEST_STEP][PASSED] - symbol = symbol: null

2019-08-24 12:15:27 - [TEST_STEP][PASSED] - println(symbol): null

2019-08-24 12:15:27 - [TEST_STEP][PASSED] - if (i == 2 &amp;&amp; wildList.indexOf(symbol) != -1): null

2019-08-24 12:15:27 - [TEST_STEP][PASSED] - if (i == 3 &amp;&amp; wildList.indexOf(symbol) != -1): null

2019-08-24 12:15:27 - [TEST_STEP][PASSED] - if (i == 4 &amp;&amp; wildList.indexOf(symbol) != -1): null

2019-08-24 12:15:27 - [TEST_STEP][PASSED] - symbol = symbol: null

2019-08-24 12:15:27 - [TEST_STEP][PASSED] - println(symbol): null

2019-08-24 12:15:27 - [TEST_STEP][PASSED] - if (i == 2 &amp;&amp; wildList.indexOf(symbol) != -1): null

2019-08-24 12:15:27 - [TEST_STEP][PASSED] - if (i == 3 &amp;&amp; wildList.indexOf(symbol) != -1): null

2019-08-24 12:15:27 - [TEST_STEP][PASSED] - if (i == 4 &amp;&amp; wildList.indexOf(symbol) != -1): null

2019-08-24 12:15:27 - [TEST_STEP][PASSED] - symbol = symbol: null

2019-08-24 12:15:27 - [TEST_STEP][PASSED] - println(symbol): null

2019-08-24 12:15:27 - [TEST_STEP][PASSED] - if (i == 2 &amp;&amp; wildList.indexOf(symbol) != -1): null

2019-08-24 12:15:27 - [TEST_STEP][PASSED] - if (i == 3 &amp;&amp; wildList.indexOf(symbol) != -1): null

2019-08-24 12:15:27 - [TEST_STEP][PASSED] - if (i == 4 &amp;&amp; wildList.indexOf(symbol) != -1): null

2019-08-24 12:15:27 - [TEST_STEP][PASSED] - symbols = symbols: null

2019-08-24 12:15:27 - [TEST_STEP][PASSED] - for ([j = 0, j &lt; symbols.size(), (j++)]): null

2019-08-24 12:15:27 - [TEST_STEP][PASSED] - symbol = symbol: null

2019-08-24 12:15:27 - [TEST_STEP][PASSED] - println(symbol): null

2019-08-24 12:15:27 - [TEST_STEP][PASSED] - if (i == 2 &amp;&amp; wildList.indexOf(symbol) != -1): null

2019-08-24 12:15:27 - [TEST_STEP][PASSED] - if (i == 3 &amp;&amp; wildList.indexOf(symbol) != -1): null

2019-08-24 12:15:27 - [TEST_STEP][PASSED] - if (i == 4 &amp;&amp; wildList.indexOf(symbol) != -1): null

2019-08-24 12:15:27 - [TEST_STEP][PASSED] - symbol = symbol: null

2019-08-24 12:15:27 - [TEST_STEP][PASSED] - println(symbol): null

2019-08-24 12:15:27 - [TEST_STEP][PASSED] - if (i == 2 &amp;&amp; wildList.indexOf(symbol) != -1): null

2019-08-24 12:15:27 - [TEST_STEP][PASSED] - if (i == 3 &amp;&amp; wildList.indexOf(symbol) != -1): null

2019-08-24 12:15:27 - [TEST_STEP][PASSED] - if (i == 4 &amp;&amp; wildList.indexOf(symbol) != -1): null

2019-08-24 12:15:27 - [TEST_STEP][PASSED] - symbol = symbol: null

2019-08-24 12:15:27 - [TEST_STEP][PASSED] - println(symbol): null

2019-08-24 12:15:27 - [TEST_STEP][PASSED] - if (i == 2 &amp;&amp; wildList.indexOf(symbol) != -1): null

2019-08-24 12:15:27 - [TEST_STEP][PASSED] - if (i == 3 &amp;&amp; wildList.indexOf(symbol) != -1): null

2019-08-24 12:15:27 - [TEST_STEP][PASSED] - if (i == 4 &amp;&amp; wildList.indexOf(symbol) != -1): null

2019-08-24 12:15:27 - [TEST_STEP][PASSED] - symbols = symbols: null

2019-08-24 12:15:27 - [TEST_STEP][PASSED] - for ([j = 0, j &lt; symbols.size(), (j++)]): null

2019-08-24 12:15:27 - [TEST_STEP][PASSED] - symbol = symbol: null

2019-08-24 12:15:27 - [TEST_STEP][PASSED] - println(symbol): null

2019-08-24 12:15:27 - [TEST_STEP][PASSED] - if (i == 2 &amp;&amp; wildList.indexOf(symbol) != -1): null

2019-08-24 12:15:27 - [TEST_STEP][PASSED] - if (i == 3 &amp;&amp; wildList.indexOf(symbol) != -1): null

2019-08-24 12:15:27 - [TEST_STEP][PASSED] - if (i == 4 &amp;&amp; wildList.indexOf(symbol) != -1): null

2019-08-24 12:15:27 - [TEST_STEP][PASSED] - symbol = symbol: null

2019-08-24 12:15:27 - [TEST_STEP][PASSED] - println(symbol): null

2019-08-24 12:15:27 - [TEST_STEP][PASSED] - if (i == 2 &amp;&amp; wildList.indexOf(symbol) != -1): null

2019-08-24 12:15:27 - [TEST_STEP][PASSED] - if (i == 3 &amp;&amp; wildList.indexOf(symbol) != -1): null

2019-08-24 12:15:27 - [TEST_STEP][PASSED] - if (i == 4 &amp;&amp; wildList.indexOf(symbol) != -1): null

2019-08-24 12:15:27 - [TEST_STEP][PASSED] - symbol = symbol: null

2019-08-24 12:15:27 - [TEST_STEP][PASSED] - println(symbol): null

2019-08-24 12:15:27 - [TEST_STEP][PASSED] - if (i == 2 &amp;&amp; wildList.indexOf(symbol) != -1): null

2019-08-24 12:15:27 - [TEST_STEP][PASSED] - if (i == 3 &amp;&amp; wildList.indexOf(symbol) != -1): null

2019-08-24 12:15:27 - [TEST_STEP][PASSED] - if (i == 4 &amp;&amp; wildList.indexOf(symbol) != -1): null

2019-08-24 12:15:27 - [TEST_STEP][PASSED] - free_spin_reel_counter = free_spin_reel_counter: null

2019-08-24 12:15:27 - [TEST_STEP][PASSED] - println("reel 3 wild found: " + free_spin_reel_counter[0]): null

2019-08-24 12:15:27 - [TEST_STEP][PASSED] - println("reel 4 wild found: " + free_spin_reel_counter[1]): null

2019-08-24 12:15:27 - [TEST_STEP][PASSED] - println("reel 5 wild found: " + free_spin_reel_counter[2]): null

2019-08-24 12:15:27 - [TEST_STEP][PASSED] - M4_spin_reels = M4_spin_reels: null

2019-08-24 12:15:27 - [TEST_STEP][PASSED] - M4_spin_reels_symbols = symbol: null

2019-08-24 12:15:27 - [TEST_STEP][PASSED] - M4_spin_reels_symbols = M4_spin_reels_symbols: null

2019-08-24 12:15:27 - [TEST_STEP][PASSED] - M4_spin_reel_wins = reel_wins: null

2019-08-24 12:15:27 - [TEST_STEP][PASSED] - M4_spin_reel_wins = M4_spin_reel_wins: null

2019-08-24 12:15:27 - [TEST_STEP][PASSED] - println("GlobalVariable.M4_spin_reel_wins is: " + M4_spin_reel_wins): null

2019-08-24 12:15:27 - [TEST_STEP][PASSED] - M4_spin_total_bonus_win_this_round = total_bonus_win_this_round: null

2019-08-24 12:15:27 - [TEST_STEP][PASSED] - M4_spin_total_bonus_win_this_round = M4_spin_total_bonus_win_this_round: null

2019-08-24 12:15:27 - [TEST_STEP][PASSED] - println("GlobalVariable.M4_spin_total_bonus_win_this_round is: " + M4_spin_total_bonus_win_this_round): null

2019-08-24 12:15:27 - [TEST_STEP][PASSED] - M4_spin_bonus_spin_result = spin_result: null

2019-08-24 12:15:27 - [TEST_STEP][PASSED] - M4_spin_bonus_spin_result = M4_spin_bonus_spin_result: null

2019-08-24 12:15:27 - [MESSAGE][PASSED] - Verify response successfully

2019-08-24 12:15:27 - [MESSAGE][PASSED] - Send request and verify the response successfully

2019-08-24 12:15:27 - [TEST_STEP][PASSED] - if (M4_total_bonus_spins_int != 0 &amp;&amp; M4_spin_reels_symbols[2].contains("WILD_ExtraFG") || M4_spin_reels_symbols[3].contains("WILD_ExtraFG")): null

2019-08-24 12:15:27 - [TEST_STEP][PASSED] - free_spin_reel_counter = free_spin_reel_counter: null

2019-08-24 12:15:27 - [TEST_STEP][PASSED] - M4_spin_reels_symbols = M4_spin_reels_symbols: null

2019-08-24 12:15:27 - [TEST_STEP][PASSED] - M4_total_bonus_spins = M4_total_bonus_spins: null

2019-08-24 12:15:27 - [TEST_STEP][PASSED] - spin_result = sendRequestAndVerify(findTestObject("INT/RGS(M4)/1_M4_spin", ["M4_login_user_id":M4_login_user_id, "rgs_session_token":rgs_session_token, "partner":Partner])): Send request and verify the response successfully

2019-08-24 12:15:28 - [MESSAGE][INFO] - HAR: /Users/eiralee/Katalon_Script/SuperWild/Reports/20190824_120919/INT/superWild_3/20190824_120919/requests/main/105.har

2019-08-24 12:15:28 - [TEST_CASE][PASSED] - Start Test Case : Verification: Verification accomplished successfully

2019-08-24 12:15:28 - [TEST_STEP][PASSED] - request = getInstance().getCurrentRequest(): null

2019-08-24 12:15:28 - [TEST_STEP][PASSED] - response = getInstance().getCurrentResponse(): null

2019-08-24 12:15:28 - [TEST_STEP][PASSED] - verifyResponseStatusCode(response, 200): Verify response status code successfully

2019-08-24 12:15:28 - [MESSAGE][PASSED] - Verify response status code successfully

2019-08-24 12:15:28 - [TEST_STEP][PASSED] - getStatusCode()).isEqualTo(200): null

2019-08-24 12:15:28 - [TEST_STEP][PASSED] - newline = System.getProperty("line.separator"): null

2019-08-24 12:15:28 - [TEST_STEP][PASSED] - M4_spin = new groovy.json.JsonSlurper(): null

2019-08-24 12:15:28 - [TEST_STEP][PASSED] - result_M4_spin = M4_spin.parseText(response.getResponseBodyContent()): null

2019-08-24 12:15:28 - [TEST_STEP][PASSED] - M4_spin_current_balance = current_balance: null

2019-08-24 12:15:28 - [TEST_STEP][PASSED] - M4_spin_current_balance = M4_spin_current_balance: null

2019-08-24 12:15:28 - [TEST_STEP][PASSED] - M4_spin_transaction_id = causality: null

2019-08-24 12:15:28 - [TEST_STEP][PASSED] - M4_spin_transaction_id = M4_spin_transaction_id: null

2019-08-24 12:15:28 - [TEST_STEP][PASSED] - M4_spin_round_id = round_id: null

2019-08-24 12:15:28 - [TEST_STEP][PASSED] - M4_spin_round_id = M4_spin_round_id: null

2019-08-24 12:15:28 - [TEST_STEP][PASSED] - M4_spin_line_wins = line_wins: null

2019-08-24 12:15:28 - [TEST_STEP][PASSED] - M4_spin_line_wins = M4_spin_line_wins: null

2019-08-24 12:15:28 - [TEST_STEP][PASSED] - M4_total_bonus_spins_int = total_bonus_spins: null

2019-08-24 12:15:28 - [TEST_STEP][PASSED] - println("******M4_total_bonus_spins type is:*******" + newline + getClass().getName()): null

2019-08-24 12:15:28 - [TEST_STEP][PASSED] - M4_total_bonus_spins_int = M4_total_bonus_spins_int: null

2019-08-24 12:15:28 - [TEST_STEP][PASSED] - M4_total_bonus_spins = Integer.toString(M4_total_bonus_spins_int): null

2019-08-24 12:15:28 - [TEST_STEP][PASSED] - M4_total_bonus_spins = M4_total_bonus_spins: null

2019-08-24 12:15:28 - [TEST_STEP][PASSED] - println("M4_total_bonus_spins is:" + M4_total_bonus_spins): null

2019-08-24 12:15:28 - [TEST_STEP][PASSED] - M4_spin_bonus_data = bonus_data: null

2019-08-24 12:15:28 - [TEST_STEP][PASSED] - M4_spin_features_triggered = result_M4_spin: null

2019-08-24 12:15:28 - [TEST_STEP][PASSED] - wild = []: null

2019-08-24 12:15:28 - [TEST_STEP][PASSED] - wild[0] = "WILD_Expanding": null

2019-08-24 12:15:28 - [TEST_STEP][PASSED] - wild[1] = "WILD_Normal": null

2019-08-24 12:15:28 - [TEST_STEP][PASSED] - wild[2] = "WILD_Double": null

2019-08-24 12:15:28 - [TEST_STEP][PASSED] - wild[3] = "WILD_ExtraFG": null

2019-08-24 12:15:28 - [TEST_STEP][PASSED] - wild[4] = "WILD_Triple": null

2019-08-24 12:15:28 - [TEST_STEP][PASSED] - wildList = Arrays.asList(wild): null

2019-08-24 12:15:28 - [TEST_STEP][PASSED] - wildList = wildList: null

2019-08-24 12:15:28 - [TEST_STEP][PASSED] - free_spin_reel_counter = []: null

2019-08-24 12:15:28 - [TEST_STEP][PASSED] - free_spin_reel_counter[0] = 0: null

2019-08-24 12:15:28 - [TEST_STEP][PASSED] - free_spin_reel_counter[1] = 0: null

2019-08-24 12:15:28 - [TEST_STEP][PASSED] - free_spin_reel_counter[2] = 0: null

2019-08-24 12:15:28 - [TEST_STEP][PASSED] - M4_spin_reels = reels: null

2019-08-24 12:15:28 - [TEST_STEP][PASSED] - for ([i = 0, i &lt; M4_spin_reels.size(), (i++)]): null

2019-08-24 12:15:28 - [TEST_STEP][PASSED] - symbols = symbols: null

2019-08-24 12:15:28 - [TEST_STEP][PASSED] - for ([j = 0, j &lt; symbols.size(), (j++)]): null

2019-08-24 12:15:28 - [TEST_STEP][PASSED] - symbol = symbol: null

2019-08-24 12:15:28 - [TEST_STEP][PASSED] - println(symbol): null

2019-08-24 12:15:28 - [TEST_STEP][PASSED] - if (i == 2 &amp;&amp; wildList.indexOf(symbol) != -1): null

2019-08-24 12:15:28 - [TEST_STEP][PASSED] - if (i == 3 &amp;&amp; wildList.indexOf(symbol) != -1): null

2019-08-24 12:15:28 - [TEST_STEP][PASSED] - if (i == 4 &amp;&amp; wildList.indexOf(symbol) != -1): null

2019-08-24 12:15:28 - [TEST_STEP][PASSED] - symbol = symbol: null

2019-08-24 12:15:28 - [TEST_STEP][PASSED] - println(symbol): null

2019-08-24 12:15:28 - [TEST_STEP][PASSED] - if (i == 2 &amp;&amp; wildList.indexOf(symbol) != -1): null

2019-08-24 12:15:28 - [TEST_STEP][PASSED] - if (i == 3 &amp;&amp; wildList.indexOf(symbol) != -1): null

2019-08-24 12:15:28 - [TEST_STEP][PASSED] - if (i == 4 &amp;&amp; wildList.indexOf(symbol) != -1): null

2019-08-24 12:15:28 - [TEST_STEP][PASSED] - symbol = symbol: null

2019-08-24 12:15:28 - [TEST_STEP][PASSED] - println(symbol): null

2019-08-24 12:15:28 - [TEST_STEP][PASSED] - if (i == 2 &amp;&amp; wildList.indexOf(symbol) != -1): null

2019-08-24 12:15:28 - [TEST_STEP][PASSED] - if (i == 3 &amp;&amp; wildList.indexOf(symbol) != -1): null

2019-08-24 12:15:28 - [TEST_STEP][PASSED] - if (i == 4 &amp;&amp; wildList.indexOf(symbol) != -1): null

2019-08-24 12:15:28 - [TEST_STEP][PASSED] - symbols = symbols: null

2019-08-24 12:15:28 - [TEST_STEP][PASSED] - for ([j = 0, j &lt; symbols.size(), (j++)]): null

2019-08-24 12:15:28 - [TEST_STEP][PASSED] - symbol = symbol: null

2019-08-24 12:15:28 - [TEST_STEP][PASSED] - println(symbol): null

2019-08-24 12:15:28 - [TEST_STEP][PASSED] - if (i == 2 &amp;&amp; wildList.indexOf(symbol) != -1): null

2019-08-24 12:15:28 - [TEST_STEP][PASSED] - if (i == 3 &amp;&amp; wildList.indexOf(symbol) != -1): null

2019-08-24 12:15:28 - [TEST_STEP][PASSED] - if (i == 4 &amp;&amp; wildList.indexOf(symbol) != -1): null

2019-08-24 12:15:28 - [TEST_STEP][PASSED] - symbol = symbol: null

2019-08-24 12:15:32 - [TEST_STEP][PASSED] - println(symbol): null

2019-08-24 12:15:32 - [TEST_STEP][PASSED] - if (i == 2 &amp;&amp; wildList.indexOf(symbol) != -1): null

2019-08-24 12:15:32 - [TEST_STEP][PASSED] - if (i == 3 &amp;&amp; wildList.indexOf(symbol) != -1): null

2019-08-24 12:15:32 - [TEST_STEP][PASSED] - if (i == 4 &amp;&amp; wildList.indexOf(symbol) != -1): null

2019-08-24 12:15:32 - [TEST_STEP][PASSED] - symbol = symbol: null

2019-08-24 12:15:32 - [TEST_STEP][PASSED] - println(symbol): null

2019-08-24 12:15:32 - [TEST_STEP][PASSED] - if (i == 2 &amp;&amp; wildList.indexOf(symbol) != -1): null

2019-08-24 12:15:32 - [TEST_STEP][PASSED] - if (i == 3 &amp;&amp; wildList.indexOf(symbol) != -1): null

2019-08-24 12:15:32 - [TEST_STEP][PASSED] - if (i == 4 &amp;&amp; wildList.indexOf(symbol) != -1): null

2019-08-24 12:15:32 - [TEST_STEP][PASSED] - symbols = symbols: null

2019-08-24 12:15:35 - [TEST_STEP][PASSED] - for ([j = 0, j &lt; symbols.size(), (j++)]): null

2019-08-24 12:15:35 - [TEST_STEP][PASSED] - symbol = symbol: null

2019-08-24 12:15:35 - [TEST_STEP][PASSED] - println(symbol): null

2019-08-24 12:15:35 - [TEST_STEP][PASSED] - if (i == 2 &amp;&amp; wildList.indexOf(symbol) != -1): null

2019-08-24 12:15:35 - [TEST_STEP][PASSED] - println("wild found on reel 3, adding counter by 1"): null

2019-08-24 12:15:35 - [TEST_STEP][PASSED] - free_spin_reel_counter[0] = free_spin_reel_counter[0] + 1: null

2019-08-24 12:15:35 - [TEST_STEP][PASSED] - if (i == 3 &amp;&amp; wildList.indexOf(symbol) != -1): null

2019-08-24 12:15:35 - [TEST_STEP][PASSED] - if (i == 4 &amp;&amp; wildList.indexOf(symbol) != -1): null

2019-08-24 12:15:35 - [TEST_STEP][PASSED] - symbol = symbol: null

2019-08-24 12:15:35 - [TEST_STEP][PASSED] - println(symbol): null

2019-08-24 12:15:35 - [TEST_STEP][PASSED] - if (i == 2 &amp;&amp; wildList.indexOf(symbol) != -1): null

2019-08-24 12:15:35 - [TEST_STEP][PASSED] - if (i == 3 &amp;&amp; wildList.indexOf(symbol) != -1): null

2019-08-24 12:15:35 - [TEST_STEP][PASSED] - if (i == 4 &amp;&amp; wildList.indexOf(symbol) != -1): null

2019-08-24 12:15:35 - [TEST_STEP][PASSED] - symbol = symbol: null

2019-08-24 12:15:35 - [TEST_STEP][PASSED] - println(symbol): null

2019-08-24 12:15:35 - [TEST_STEP][PASSED] - if (i == 2 &amp;&amp; wildList.indexOf(symbol) != -1): null

2019-08-24 12:15:35 - [TEST_STEP][PASSED] - if (i == 3 &amp;&amp; wildList.indexOf(symbol) != -1): null

2019-08-24 12:15:35 - [TEST_STEP][PASSED] - if (i == 4 &amp;&amp; wildList.indexOf(symbol) != -1): null

2019-08-24 12:15:35 - [TEST_STEP][PASSED] - symbols = symbols: null

2019-08-24 12:15:35 - [TEST_STEP][PASSED] - for ([j = 0, j &lt; symbols.size(), (j++)]): null

2019-08-24 12:15:35 - [TEST_STEP][PASSED] - symbol = symbol: null

2019-08-24 12:15:35 - [TEST_STEP][PASSED] - println(symbol): null

2019-08-24 12:15:35 - [TEST_STEP][PASSED] - if (i == 2 &amp;&amp; wildList.indexOf(symbol) != -1): null

2019-08-24 12:15:35 - [TEST_STEP][PASSED] - if (i == 3 &amp;&amp; wildList.indexOf(symbol) != -1): null

2019-08-24 12:15:35 - [TEST_STEP][PASSED] - if (i == 4 &amp;&amp; wildList.indexOf(symbol) != -1): null

2019-08-24 12:15:35 - [TEST_STEP][PASSED] - symbol = symbol: null

2019-08-24 12:15:35 - [TEST_STEP][PASSED] - println(symbol): null

2019-08-24 12:15:35 - [TEST_STEP][PASSED] - if (i == 2 &amp;&amp; wildList.indexOf(symbol) != -1): null

2019-08-24 12:15:35 - [TEST_STEP][PASSED] - if (i == 3 &amp;&amp; wildList.indexOf(symbol) != -1): null

2019-08-24 12:15:35 - [TEST_STEP][PASSED] - if (i == 4 &amp;&amp; wildList.indexOf(symbol) != -1): null

2019-08-24 12:15:35 - [TEST_STEP][PASSED] - symbol = symbol: null

2019-08-24 12:15:35 - [TEST_STEP][PASSED] - println(symbol): null

2019-08-24 12:15:35 - [TEST_STEP][PASSED] - if (i == 2 &amp;&amp; wildList.indexOf(symbol) != -1): null

2019-08-24 12:15:35 - [TEST_STEP][PASSED] - if (i == 3 &amp;&amp; wildList.indexOf(symbol) != -1): null

2019-08-24 12:15:35 - [TEST_STEP][PASSED] - if (i == 4 &amp;&amp; wildList.indexOf(symbol) != -1): null

2019-08-24 12:15:35 - [TEST_STEP][PASSED] - symbols = symbols: null

2019-08-24 12:15:35 - [TEST_STEP][PASSED] - for ([j = 0, j &lt; symbols.size(), (j++)]): null

2019-08-24 12:15:35 - [TEST_STEP][PASSED] - symbol = symbol: null

2019-08-24 12:15:35 - [TEST_STEP][PASSED] - println(symbol): null

2019-08-24 12:15:35 - [TEST_STEP][PASSED] - if (i == 2 &amp;&amp; wildList.indexOf(symbol) != -1): null

2019-08-24 12:15:35 - [TEST_STEP][PASSED] - if (i == 3 &amp;&amp; wildList.indexOf(symbol) != -1): null

2019-08-24 12:15:35 - [TEST_STEP][PASSED] - if (i == 4 &amp;&amp; wildList.indexOf(symbol) != -1): null

2019-08-24 12:15:35 - [TEST_STEP][PASSED] - symbol = symbol: null

2019-08-24 12:15:35 - [TEST_STEP][PASSED] - println(symbol): null

2019-08-24 12:15:35 - [TEST_STEP][PASSED] - if (i == 2 &amp;&amp; wildList.indexOf(symbol) != -1): null

2019-08-24 12:15:35 - [TEST_STEP][PASSED] - if (i == 3 &amp;&amp; wildList.indexOf(symbol) != -1): null

2019-08-24 12:15:35 - [TEST_STEP][PASSED] - if (i == 4 &amp;&amp; wildList.indexOf(symbol) != -1): null

2019-08-24 12:15:35 - [TEST_STEP][PASSED] - symbol = symbol: null

2019-08-24 12:15:35 - [TEST_STEP][PASSED] - println(symbol): null

2019-08-24 12:15:35 - [TEST_STEP][PASSED] - if (i == 2 &amp;&amp; wildList.indexOf(symbol) != -1): null

2019-08-24 12:15:35 - [TEST_STEP][PASSED] - if (i == 3 &amp;&amp; wildList.indexOf(symbol) != -1): null

2019-08-24 12:15:35 - [TEST_STEP][PASSED] - if (i == 4 &amp;&amp; wildList.indexOf(symbol) != -1): null

2019-08-24 12:15:35 - [TEST_STEP][PASSED] - free_spin_reel_counter = free_spin_reel_counter: null

2019-08-24 12:15:35 - [TEST_STEP][PASSED] - println("reel 3 wild found: " + free_spin_reel_counter[0]): null

2019-08-24 12:15:35 - [TEST_STEP][PASSED] - println("reel 4 wild found: " + free_spin_reel_counter[1]): null

2019-08-24 12:15:35 - [TEST_STEP][PASSED] - println("reel 5 wild found: " + free_spin_reel_counter[2]): null

2019-08-24 12:15:35 - [TEST_STEP][PASSED] - M4_spin_reels = M4_spin_reels: null

2019-08-24 12:15:35 - [TEST_STEP][PASSED] - M4_spin_reels_symbols = symbol: null

2019-08-24 12:15:35 - [TEST_STEP][PASSED] - M4_spin_reels_symbols = M4_spin_reels_symbols: null

2019-08-24 12:15:35 - [TEST_STEP][PASSED] - M4_spin_reel_wins = reel_wins: null

2019-08-24 12:15:35 - [TEST_STEP][PASSED] - M4_spin_reel_wins = M4_spin_reel_wins: null

2019-08-24 12:15:35 - [TEST_STEP][PASSED] - println("GlobalVariable.M4_spin_reel_wins is: " + M4_spin_reel_wins): null

2019-08-24 12:15:35 - [TEST_STEP][PASSED] - M4_spin_total_bonus_win_this_round = total_bonus_win_this_round: null

2019-08-24 12:15:35 - [TEST_STEP][PASSED] - M4_spin_total_bonus_win_this_round = M4_spin_total_bonus_win_this_round: null

2019-08-24 12:15:35 - [TEST_STEP][PASSED] - println("GlobalVariable.M4_spin_total_bonus_win_this_round is: " + M4_spin_total_bonus_win_this_round): null

2019-08-24 12:15:35 - [TEST_STEP][PASSED] - M4_spin_bonus_spin_result = spin_result: null

2019-08-24 12:15:35 - [TEST_STEP][PASSED] - M4_spin_bonus_spin_result = M4_spin_bonus_spin_result: null

2019-08-24 12:15:35 - [MESSAGE][PASSED] - Verify response successfully

2019-08-24 12:15:35 - [MESSAGE][PASSED] - Send request and verify the response successfully

2019-08-24 12:15:35 - [TEST_STEP][PASSED] - if (M4_total_bonus_spins_int != 0 &amp;&amp; M4_spin_reels_symbols[2].contains("WILD_ExtraFG") || M4_spin_reels_symbols[3].contains("WILD_ExtraFG")): null

2019-08-24 12:15:35 - [TEST_STEP][PASSED] - free_spin_reel_counter = free_spin_reel_counter: null

2019-08-24 12:15:35 - [TEST_STEP][PASSED] - M4_spin_reels_symbols = M4_spin_reels_symbols: null

2019-08-24 12:15:35 - [TEST_STEP][PASSED] - M4_total_bonus_spins = M4_total_bonus_spins: null

2019-08-24 12:15:35 - [TEST_STEP][PASSED] - spin_result = sendRequestAndVerify(findTestObject("INT/RGS(M4)/1_M4_spin", ["M4_login_user_id":M4_login_user_id, "rgs_session_token":rgs_session_token, "partner":Partner])): Send request and verify the response successfully

2019-08-24 12:15:35 - [MESSAGE][INFO] - HAR: /Users/eiralee/Katalon_Script/SuperWild/Reports/20190824_120919/INT/superWild_3/20190824_120919/requests/main/106.har

2019-08-24 12:15:35 - [TEST_CASE][PASSED] - Start Test Case : Verification: Verification accomplished successfully

2019-08-24 12:15:35 - [TEST_STEP][PASSED] - request = getInstance().getCurrentRequest(): null

2019-08-24 12:15:36 - [TEST_STEP][PASSED] - response = getInstance().getCurrentResponse(): null

2019-08-24 12:15:36 - [TEST_STEP][PASSED] - verifyResponseStatusCode(response, 200): Verify response status code successfully

2019-08-24 12:15:36 - [MESSAGE][PASSED] - Verify response status code successfully

2019-08-24 12:15:36 - [TEST_STEP][PASSED] - getStatusCode()).isEqualTo(200): null

2019-08-24 12:15:36 - [TEST_STEP][PASSED] - newline = System.getProperty("line.separator"): null

2019-08-24 12:15:36 - [TEST_STEP][PASSED] - M4_spin = new groovy.json.JsonSlurper(): null

2019-08-24 12:15:36 - [TEST_STEP][PASSED] - result_M4_spin = M4_spin.parseText(response.getResponseBodyContent()): null

2019-08-24 12:15:36 - [TEST_STEP][PASSED] - M4_spin_current_balance = current_balance: null

2019-08-24 12:15:36 - [TEST_STEP][PASSED] - M4_spin_current_balance = M4_spin_current_balance: null

2019-08-24 12:15:36 - [TEST_STEP][PASSED] - M4_spin_transaction_id = causality: null

2019-08-24 12:15:36 - [TEST_STEP][PASSED] - M4_spin_transaction_id = M4_spin_transaction_id: null

2019-08-24 12:15:36 - [TEST_STEP][PASSED] - M4_spin_round_id = round_id: null

2019-08-24 12:15:36 - [TEST_STEP][PASSED] - M4_spin_round_id = M4_spin_round_id: null

2019-08-24 12:15:36 - [TEST_STEP][PASSED] - M4_spin_line_wins = line_wins: null

2019-08-24 12:15:36 - [TEST_STEP][PASSED] - M4_spin_line_wins = M4_spin_line_wins: null

2019-08-24 12:15:36 - [TEST_STEP][PASSED] - M4_total_bonus_spins_int = total_bonus_spins: null

2019-08-24 12:15:36 - [TEST_STEP][PASSED] - println("******M4_total_bonus_spins type is:*******" + newline + getClass().getName()): null

2019-08-24 12:15:36 - [TEST_STEP][PASSED] - M4_total_bonus_spins_int = M4_total_bonus_spins_int: null

2019-08-24 12:15:36 - [TEST_STEP][PASSED] - M4_total_bonus_spins = Integer.toString(M4_total_bonus_spins_int): null

2019-08-24 12:15:36 - [TEST_STEP][PASSED] - M4_total_bonus_spins = M4_total_bonus_spins: null

2019-08-24 12:15:36 - [TEST_STEP][PASSED] - println("M4_total_bonus_spins is:" + M4_total_bonus_spins): null

2019-08-24 12:15:36 - [TEST_STEP][PASSED] - M4_spin_bonus_data = bonus_data: null

2019-08-24 12:15:36 - [TEST_STEP][PASSED] - M4_spin_features_triggered = result_M4_spin: null

2019-08-24 12:15:36 - [TEST_STEP][PASSED] - wild = []: null

2019-08-24 12:15:36 - [TEST_STEP][PASSED] - wild[0] = "WILD_Expanding": null

2019-08-24 12:15:36 - [TEST_STEP][PASSED] - wild[1] = "WILD_Normal": null

2019-08-24 12:15:36 - [TEST_STEP][PASSED] - wild[2] = "WILD_Double": null

2019-08-24 12:15:36 - [TEST_STEP][PASSED] - wild[3] = "WILD_ExtraFG": null

2019-08-24 12:15:36 - [TEST_STEP][PASSED] - wild[4] = "WILD_Triple": null

2019-08-24 12:15:36 - [TEST_STEP][PASSED] - wildList = Arrays.asList(wild): null

2019-08-24 12:15:36 - [TEST_STEP][PASSED] - wildList = wildList: null

2019-08-24 12:15:36 - [TEST_STEP][PASSED] - free_spin_reel_counter = []: null

2019-08-24 12:15:36 - [TEST_STEP][PASSED] - free_spin_reel_counter[0] = 0: null

2019-08-24 12:15:36 - [TEST_STEP][PASSED] - free_spin_reel_counter[1] = 0: null

2019-08-24 12:15:36 - [TEST_STEP][PASSED] - free_spin_reel_counter[2] = 0: null

2019-08-24 12:15:36 - [TEST_STEP][PASSED] - M4_spin_reels = reels: null

2019-08-24 12:15:36 - [TEST_STEP][PASSED] - for ([i = 0, i &lt; M4_spin_reels.size(), (i++)]): null

2019-08-24 12:15:36 - [TEST_STEP][PASSED] - symbols = symbols: null

2019-08-24 12:15:36 - [TEST_STEP][PASSED] - for ([j = 0, j &lt; symbols.size(), (j++)]): null

2019-08-24 12:15:36 - [TEST_STEP][PASSED] - symbol = symbol: null

2019-08-24 12:15:36 - [TEST_STEP][PASSED] - println(symbol): null

2019-08-24 12:15:36 - [TEST_STEP][PASSED] - if (i == 2 &amp;&amp; wildList.indexOf(symbol) != -1): null

2019-08-24 12:15:36 - [TEST_STEP][PASSED] - if (i == 3 &amp;&amp; wildList.indexOf(symbol) != -1): null

2019-08-24 12:15:36 - [TEST_STEP][PASSED] - if (i == 4 &amp;&amp; wildList.indexOf(symbol) != -1): null

2019-08-24 12:15:36 - [TEST_STEP][PASSED] - symbol = symbol: null

2019-08-24 12:15:36 - [TEST_STEP][PASSED] - println(symbol): null

2019-08-24 12:15:36 - [TEST_STEP][PASSED] - if (i == 2 &amp;&amp; wildList.indexOf(symbol) != -1): null

2019-08-24 12:15:36 - [TEST_STEP][PASSED] - if (i == 3 &amp;&amp; wildList.indexOf(symbol) != -1): null

2019-08-24 12:15:36 - [TEST_STEP][PASSED] - if (i == 4 &amp;&amp; wildList.indexOf(symbol) != -1): null

2019-08-24 12:15:36 - [TEST_STEP][PASSED] - symbol = symbol: null

2019-08-24 12:15:36 - [TEST_STEP][PASSED] - println(symbol): null

2019-08-24 12:15:36 - [TEST_STEP][PASSED] - if (i == 2 &amp;&amp; wildList.indexOf(symbol) != -1): null

2019-08-24 12:15:36 - [TEST_STEP][PASSED] - if (i == 3 &amp;&amp; wildList.indexOf(symbol) != -1): null

2019-08-24 12:15:36 - [TEST_STEP][PASSED] - if (i == 4 &amp;&amp; wildList.indexOf(symbol) != -1): null

2019-08-24 12:15:36 - [TEST_STEP][PASSED] - symbols = symbols: null

2019-08-24 12:15:36 - [TEST_STEP][PASSED] - for ([j = 0, j &lt; symbols.size(), (j++)]): null

2019-08-24 12:15:36 - [TEST_STEP][PASSED] - symbol = symbol: null

2019-08-24 12:15:36 - [TEST_STEP][PASSED] - println(symbol): null

2019-08-24 12:15:36 - [TEST_STEP][PASSED] - if (i == 2 &amp;&amp; wildList.indexOf(symbol) != -1): null

2019-08-24 12:15:36 - [TEST_STEP][PASSED] - if (i == 3 &amp;&amp; wildList.indexOf(symbol) != -1): null

2019-08-24 12:15:36 - [TEST_STEP][PASSED] - if (i == 4 &amp;&amp; wildList.indexOf(symbol) != -1): null

2019-08-24 12:15:36 - [TEST_STEP][PASSED] - symbol = symbol: null

2019-08-24 12:15:36 - [TEST_STEP][PASSED] - println(symbol): null

2019-08-24 12:15:36 - [TEST_STEP][PASSED] - if (i == 2 &amp;&amp; wildList.indexOf(symbol) != -1): null

2019-08-24 12:15:36 - [TEST_STEP][PASSED] - if (i == 3 &amp;&amp; wildList.indexOf(symbol) != -1): null

2019-08-24 12:15:36 - [TEST_STEP][PASSED] - if (i == 4 &amp;&amp; wildList.indexOf(symbol) != -1): null

2019-08-24 12:15:36 - [TEST_STEP][PASSED] - symbol = symbol: null

2019-08-24 12:15:36 - [TEST_STEP][PASSED] - println(symbol): null

2019-08-24 12:15:36 - [TEST_STEP][PASSED] - if (i == 2 &amp;&amp; wildList.indexOf(symbol) != -1): null

2019-08-24 12:15:36 - [TEST_STEP][PASSED] - if (i == 3 &amp;&amp; wildList.indexOf(symbol) != -1): null

2019-08-24 12:15:36 - [TEST_STEP][PASSED] - if (i == 4 &amp;&amp; wildList.indexOf(symbol) != -1): null

2019-08-24 12:15:36 - [TEST_STEP][PASSED] - symbols = symbols: null

2019-08-24 12:15:36 - [TEST_STEP][PASSED] - for ([j = 0, j &lt; symbols.size(), (j++)]): null

2019-08-24 12:15:36 - [TEST_STEP][PASSED] - symbol = symbol: null

2019-08-24 12:15:36 - [TEST_STEP][PASSED] - println(symbol): null

2019-08-24 12:15:36 - [TEST_STEP][PASSED] - if (i == 2 &amp;&amp; wildList.indexOf(symbol) != -1): null

2019-08-24 12:15:36 - [TEST_STEP][PASSED] - if (i == 3 &amp;&amp; wildList.indexOf(symbol) != -1): null

2019-08-24 12:15:36 - [TEST_STEP][PASSED] - if (i == 4 &amp;&amp; wildList.indexOf(symbol) != -1): null

2019-08-24 12:15:36 - [TEST_STEP][PASSED] - symbol = symbol: null

2019-08-24 12:15:36 - [TEST_STEP][PASSED] - println(symbol): null

2019-08-24 12:15:36 - [TEST_STEP][PASSED] - if (i == 2 &amp;&amp; wildList.indexOf(symbol) != -1): null

2019-08-24 12:15:36 - [TEST_STEP][PASSED] - println("wild found on reel 3, adding counter by 1"): null

2019-08-24 12:15:36 - [TEST_STEP][PASSED] - free_spin_reel_counter[0] = free_spin_reel_counter[0] + 1: null

2019-08-24 12:15:36 - [TEST_STEP][PASSED] - if (i == 3 &amp;&amp; wildList.indexOf(symbol) != -1): null

2019-08-24 12:15:36 - [TEST_STEP][PASSED] - if (i == 4 &amp;&amp; wildList.indexOf(symbol) != -1): null

2019-08-24 12:15:36 - [TEST_STEP][PASSED] - symbol = symbol: null

2019-08-24 12:15:36 - [TEST_STEP][PASSED] - println(symbol): null

2019-08-24 12:15:36 - [TEST_STEP][PASSED] - if (i == 2 &amp;&amp; wildList.indexOf(symbol) != -1): null

2019-08-24 12:15:36 - [TEST_STEP][PASSED] - if (i == 3 &amp;&amp; wildList.indexOf(symbol) != -1): null

2019-08-24 12:15:36 - [TEST_STEP][PASSED] - if (i == 4 &amp;&amp; wildList.indexOf(symbol) != -1): null

2019-08-24 12:15:36 - [TEST_STEP][PASSED] - symbols = symbols: null

2019-08-24 12:15:36 - [TEST_STEP][PASSED] - for ([j = 0, j &lt; symbols.size(), (j++)]): null

2019-08-24 12:15:36 - [TEST_STEP][PASSED] - symbol = symbol: null

2019-08-24 12:15:36 - [TEST_STEP][PASSED] - println(symbol): null

2019-08-24 12:15:36 - [TEST_STEP][PASSED] - if (i == 2 &amp;&amp; wildList.indexOf(symbol) != -1): null

2019-08-24 12:15:36 - [TEST_STEP][PASSED] - if (i == 3 &amp;&amp; wildList.indexOf(symbol) != -1): null

2019-08-24 12:15:36 - [TEST_STEP][PASSED] - if (i == 4 &amp;&amp; wildList.indexOf(symbol) != -1): null

2019-08-24 12:15:36 - [TEST_STEP][PASSED] - symbol = symbol: null

2019-08-24 12:15:36 - [TEST_STEP][PASSED] - println(symbol): null

2019-08-24 12:15:36 - [TEST_STEP][PASSED] - if (i == 2 &amp;&amp; wildList.indexOf(symbol) != -1): null

2019-08-24 12:15:36 - [TEST_STEP][PASSED] - if (i == 3 &amp;&amp; wildList.indexOf(symbol) != -1): null

2019-08-24 12:15:36 - [TEST_STEP][PASSED] - println("wild found on reel 4, adding counter by 1"): null

2019-08-24 12:15:36 - [TEST_STEP][PASSED] - free_spin_reel_counter[1] = free_spin_reel_counter[1] + 1: null

2019-08-24 12:15:36 - [TEST_STEP][PASSED] - if (i == 4 &amp;&amp; wildList.indexOf(symbol) != -1): null

2019-08-24 12:15:36 - [TEST_STEP][PASSED] - symbol = symbol: null

2019-08-24 12:15:36 - [TEST_STEP][PASSED] - println(symbol): null

2019-08-24 12:15:36 - [TEST_STEP][PASSED] - if (i == 2 &amp;&amp; wildList.indexOf(symbol) != -1): null

2019-08-24 12:15:36 - [TEST_STEP][PASSED] - if (i == 3 &amp;&amp; wildList.indexOf(symbol) != -1): null

2019-08-24 12:15:36 - [TEST_STEP][PASSED] - if (i == 4 &amp;&amp; wildList.indexOf(symbol) != -1): null

2019-08-24 12:15:36 - [TEST_STEP][PASSED] - symbols = symbols: null

2019-08-24 12:15:36 - [TEST_STEP][PASSED] - for ([j = 0, j &lt; symbols.size(), (j++)]): null

2019-08-24 12:15:36 - [TEST_STEP][PASSED] - symbol = symbol: null

2019-08-24 12:15:36 - [TEST_STEP][PASSED] - println(symbol): null

2019-08-24 12:15:36 - [TEST_STEP][PASSED] - if (i == 2 &amp;&amp; wildList.indexOf(symbol) != -1): null

2019-08-24 12:15:36 - [TEST_STEP][PASSED] - if (i == 3 &amp;&amp; wildList.indexOf(symbol) != -1): null

2019-08-24 12:15:36 - [TEST_STEP][PASSED] - if (i == 4 &amp;&amp; wildList.indexOf(symbol) != -1): null

2019-08-24 12:15:36 - [TEST_STEP][PASSED] - symbol = symbol: null

2019-08-24 12:15:36 - [TEST_STEP][PASSED] - println(symbol): null

2019-08-24 12:15:36 - [TEST_STEP][PASSED] - if (i == 2 &amp;&amp; wildList.indexOf(symbol) != -1): null

2019-08-24 12:15:36 - [TEST_STEP][PASSED] - if (i == 3 &amp;&amp; wildList.indexOf(symbol) != -1): null

2019-08-24 12:15:36 - [TEST_STEP][PASSED] - if (i == 4 &amp;&amp; wildList.indexOf(symbol) != -1): null

2019-08-24 12:15:36 - [TEST_STEP][PASSED] - symbol = symbol: null

2019-08-24 12:15:36 - [TEST_STEP][PASSED] - println(symbol): null

2019-08-24 12:15:36 - [TEST_STEP][PASSED] - if (i == 2 &amp;&amp; wildList.indexOf(symbol) != -1): null

2019-08-24 12:15:36 - [TEST_STEP][PASSED] - if (i == 3 &amp;&amp; wildList.indexOf(symbol) != -1): null

2019-08-24 12:15:36 - [TEST_STEP][PASSED] - if (i == 4 &amp;&amp; wildList.indexOf(symbol) != -1): null

2019-08-24 12:15:36 - [TEST_STEP][PASSED] - free_spin_reel_counter = free_spin_reel_counter: null

2019-08-24 12:15:36 - [TEST_STEP][PASSED] - println("reel 3 wild found: " + free_spin_reel_counter[0]): null

2019-08-24 12:15:36 - [TEST_STEP][PASSED] - println("reel 4 wild found: " + free_spin_reel_counter[1]): null

2019-08-24 12:15:36 - [TEST_STEP][PASSED] - println("reel 5 wild found: " + free_spin_reel_counter[2]): null

2019-08-24 12:15:36 - [TEST_STEP][PASSED] - M4_spin_reels = M4_spin_reels: null

2019-08-24 12:15:36 - [TEST_STEP][PASSED] - M4_spin_reels_symbols = symbol: null

2019-08-24 12:15:36 - [TEST_STEP][PASSED] - M4_spin_reels_symbols = M4_spin_reels_symbols: null

2019-08-24 12:15:36 - [TEST_STEP][PASSED] - M4_spin_reel_wins = reel_wins: null

2019-08-24 12:15:36 - [TEST_STEP][PASSED] - M4_spin_reel_wins = M4_spin_reel_wins: null

2019-08-24 12:15:36 - [TEST_STEP][PASSED] - println("GlobalVariable.M4_spin_reel_wins is: " + M4_spin_reel_wins): null

2019-08-24 12:15:36 - [TEST_STEP][PASSED] - M4_spin_total_bonus_win_this_round = total_bonus_win_this_round: null

2019-08-24 12:15:36 - [TEST_STEP][PASSED] - M4_spin_total_bonus_win_this_round = M4_spin_total_bonus_win_this_round: null

2019-08-24 12:15:36 - [TEST_STEP][PASSED] - println("GlobalVariable.M4_spin_total_bonus_win_this_round is: " + M4_spin_total_bonus_win_this_round): null

2019-08-24 12:15:36 - [TEST_STEP][PASSED] - M4_spin_bonus_spin_result = spin_result: null

2019-08-24 12:15:36 - [TEST_STEP][PASSED] - M4_spin_bonus_spin_result = M4_spin_bonus_spin_result: null

2019-08-24 12:15:36 - [MESSAGE][PASSED] - Verify response successfully

2019-08-24 12:15:36 - [MESSAGE][PASSED] - Send request and verify the response successfully

2019-08-24 12:15:36 - [TEST_STEP][PASSED] - if (M4_total_bonus_spins_int != 0 &amp;&amp; M4_spin_reels_symbols[2].contains("WILD_ExtraFG") || M4_spin_reels_symbols[3].contains("WILD_ExtraFG")): null

2019-08-24 12:15:36 - [TEST_STEP][PASSED] - free_spin_reel_counter = free_spin_reel_counter: null

2019-08-24 12:15:36 - [TEST_STEP][PASSED] - M4_spin_reels_symbols = M4_spin_reels_symbols: null

2019-08-24 12:15:36 - [TEST_STEP][PASSED] - M4_total_bonus_spins = M4_total_bonus_spins: null

2019-08-24 12:15:36 - [TEST_STEP][PASSED] - spin_result = sendRequestAndVerify(findTestObject("INT/RGS(M4)/1_M4_spin", ["M4_login_user_id":M4_login_user_id, "rgs_session_token":rgs_session_token, "partner":Partner])): Send request and verify the response successfully

2019-08-24 12:15:36 - [MESSAGE][INFO] - HAR: /Users/eiralee/Katalon_Script/SuperWild/Reports/20190824_120919/INT/superWild_3/20190824_120919/requests/main/107.har

2019-08-24 12:15:36 - [TEST_CASE][PASSED] - Start Test Case : Verification: Verification accomplished successfully

2019-08-24 12:15:36 - [TEST_STEP][PASSED] - request = getInstance().getCurrentRequest(): null

2019-08-24 12:15:36 - [TEST_STEP][PASSED] - response = getInstance().getCurrentResponse(): null

2019-08-24 12:15:36 - [TEST_STEP][PASSED] - verifyResponseStatusCode(response, 200): Verify response status code successfully

2019-08-24 12:15:36 - [MESSAGE][PASSED] - Verify response status code successfully

2019-08-24 12:15:36 - [TEST_STEP][PASSED] - getStatusCode()).isEqualTo(200): null

2019-08-24 12:15:36 - [TEST_STEP][PASSED] - newline = System.getProperty("line.separator"): null

2019-08-24 12:15:36 - [TEST_STEP][PASSED] - M4_spin = new groovy.json.JsonSlurper(): null

2019-08-24 12:15:36 - [TEST_STEP][PASSED] - result_M4_spin = M4_spin.parseText(response.getResponseBodyContent()): null

2019-08-24 12:15:36 - [TEST_STEP][PASSED] - M4_spin_current_balance = current_balance: null

2019-08-24 12:15:36 - [TEST_STEP][PASSED] - M4_spin_current_balance = M4_spin_current_balance: null

2019-08-24 12:15:36 - [TEST_STEP][PASSED] - M4_spin_transaction_id = causality: null

2019-08-24 12:15:36 - [TEST_STEP][PASSED] - M4_spin_transaction_id = M4_spin_transaction_id: null

2019-08-24 12:15:36 - [TEST_STEP][PASSED] - M4_spin_round_id = round_id: null

2019-08-24 12:15:36 - [TEST_STEP][PASSED] - M4_spin_round_id = M4_spin_round_id: null

2019-08-24 12:15:36 - [TEST_STEP][PASSED] - M4_spin_line_wins = line_wins: null

2019-08-24 12:15:36 - [TEST_STEP][PASSED] - M4_spin_line_wins = M4_spin_line_wins: null

2019-08-24 12:15:36 - [TEST_STEP][PASSED] - M4_total_bonus_spins_int = total_bonus_spins: null

2019-08-24 12:15:36 - [TEST_STEP][PASSED] - println("******M4_total_bonus_spins type is:*******" + newline + getClass().getName()): null

2019-08-24 12:15:36 - [TEST_STEP][PASSED] - M4_total_bonus_spins_int = M4_total_bonus_spins_int: null

2019-08-24 12:15:36 - [TEST_STEP][PASSED] - M4_total_bonus_spins = Integer.toString(M4_total_bonus_spins_int): null

2019-08-24 12:15:36 - [TEST_STEP][PASSED] - M4_total_bonus_spins = M4_total_bonus_spins: null

2019-08-24 12:15:36 - [TEST_STEP][PASSED] - println("M4_total_bonus_spins is:" + M4_total_bonus_spins): null

2019-08-24 12:15:36 - [TEST_STEP][PASSED] - M4_spin_bonus_data = bonus_data: null

2019-08-24 12:15:36 - [TEST_STEP][PASSED] - M4_spin_features_triggered = result_M4_spin: null

2019-08-24 12:15:36 - [TEST_STEP][PASSED] - wild = []: null

2019-08-24 12:15:36 - [TEST_STEP][PASSED] - wild[0] = "WILD_Expanding": null

2019-08-24 12:15:36 - [TEST_STEP][PASSED] - wild[1] = "WILD_Normal": null

2019-08-24 12:15:36 - [TEST_STEP][PASSED] - wild[2] = "WILD_Double": null

2019-08-24 12:15:36 - [TEST_STEP][PASSED] - wild[3] = "WILD_ExtraFG": null

2019-08-24 12:15:36 - [TEST_STEP][PASSED] - wild[4] = "WILD_Triple": null

2019-08-24 12:15:36 - [TEST_STEP][PASSED] - wildList = Arrays.asList(wild): null

2019-08-24 12:15:36 - [TEST_STEP][PASSED] - wildList = wildList: null

2019-08-24 12:15:36 - [TEST_STEP][PASSED] - free_spin_reel_counter = []: null

2019-08-24 12:15:36 - [TEST_STEP][PASSED] - free_spin_reel_counter[0] = 0: null

2019-08-24 12:15:36 - [TEST_STEP][PASSED] - free_spin_reel_counter[1] = 0: null

2019-08-24 12:15:36 - [TEST_STEP][PASSED] - free_spin_reel_counter[2] = 0: null

2019-08-24 12:15:36 - [TEST_STEP][PASSED] - M4_spin_reels = reels: null

2019-08-24 12:15:36 - [TEST_STEP][PASSED] - for ([i = 0, i &lt; M4_spin_reels.size(), (i++)]): null

2019-08-24 12:15:36 - [TEST_STEP][PASSED] - symbols = symbols: null

2019-08-24 12:15:36 - [TEST_STEP][PASSED] - for ([j = 0, j &lt; symbols.size(), (j++)]): null

2019-08-24 12:15:36 - [TEST_STEP][PASSED] - symbol = symbol: null

2019-08-24 12:15:36 - [TEST_STEP][PASSED] - println(symbol): null

2019-08-24 12:15:36 - [TEST_STEP][PASSED] - if (i == 2 &amp;&amp; wildList.indexOf(symbol) != -1): null

2019-08-24 12:15:36 - [TEST_STEP][PASSED] - if (i == 3 &amp;&amp; wildList.indexOf(symbol) != -1): null

2019-08-24 12:15:36 - [TEST_STEP][PASSED] - if (i == 4 &amp;&amp; wildList.indexOf(symbol) != -1): null

2019-08-24 12:15:36 - [TEST_STEP][PASSED] - symbol = symbol: null

2019-08-24 12:15:36 - [TEST_STEP][PASSED] - println(symbol): null

2019-08-24 12:15:36 - [TEST_STEP][PASSED] - if (i == 2 &amp;&amp; wildList.indexOf(symbol) != -1): null

2019-08-24 12:15:36 - [TEST_STEP][PASSED] - if (i == 3 &amp;&amp; wildList.indexOf(symbol) != -1): null

2019-08-24 12:15:36 - [TEST_STEP][PASSED] - if (i == 4 &amp;&amp; wildList.indexOf(symbol) != -1): null

2019-08-24 12:15:36 - [TEST_STEP][PASSED] - symbol = symbol: null

2019-08-24 12:15:36 - [TEST_STEP][PASSED] - println(symbol): null

2019-08-24 12:15:36 - [TEST_STEP][PASSED] - if (i == 2 &amp;&amp; wildList.indexOf(symbol) != -1): null

2019-08-24 12:15:36 - [TEST_STEP][PASSED] - if (i == 3 &amp;&amp; wildList.indexOf(symbol) != -1): null

2019-08-24 12:15:36 - [TEST_STEP][PASSED] - if (i == 4 &amp;&amp; wildList.indexOf(symbol) != -1): null

2019-08-24 12:15:36 - [TEST_STEP][PASSED] - symbols = symbols: null

2019-08-24 12:15:36 - [TEST_STEP][PASSED] - for ([j = 0, j &lt; symbols.size(), (j++)]): null

2019-08-24 12:15:36 - [TEST_STEP][PASSED] - symbol = symbol: null

2019-08-24 12:15:36 - [TEST_STEP][PASSED] - println(symbol): null

2019-08-24 12:15:36 - [TEST_STEP][PASSED] - if (i == 2 &amp;&amp; wildList.indexOf(symbol) != -1): null

2019-08-24 12:15:36 - [TEST_STEP][PASSED] - if (i == 3 &amp;&amp; wildList.indexOf(symbol) != -1): null

2019-08-24 12:15:36 - [TEST_STEP][PASSED] - if (i == 4 &amp;&amp; wildList.indexOf(symbol) != -1): null

2019-08-24 12:15:36 - [TEST_STEP][PASSED] - symbol = symbol: null

2019-08-24 12:15:36 - [TEST_STEP][PASSED] - println(symbol): null

2019-08-24 12:15:36 - [TEST_STEP][PASSED] - if (i == 2 &amp;&amp; wildList.indexOf(symbol) != -1): null

2019-08-24 12:15:36 - [TEST_STEP][PASSED] - if (i == 3 &amp;&amp; wildList.indexOf(symbol) != -1): null

2019-08-24 12:15:36 - [TEST_STEP][PASSED] - if (i == 4 &amp;&amp; wildList.indexOf(symbol) != -1): null

2019-08-24 12:15:36 - [TEST_STEP][PASSED] - symbol = symbol: null

2019-08-24 12:15:36 - [TEST_STEP][PASSED] - println(symbol): null

2019-08-24 12:15:36 - [TEST_STEP][PASSED] - if (i == 2 &amp;&amp; wildList.indexOf(symbol) != -1): null

2019-08-24 12:15:36 - [TEST_STEP][PASSED] - if (i == 3 &amp;&amp; wildList.indexOf(symbol) != -1): null

2019-08-24 12:15:36 - [TEST_STEP][PASSED] - if (i == 4 &amp;&amp; wildList.indexOf(symbol) != -1): null

2019-08-24 12:15:36 - [TEST_STEP][PASSED] - symbols = symbols: null

2019-08-24 12:15:36 - [TEST_STEP][PASSED] - for ([j = 0, j &lt; symbols.size(), (j++)]): null

2019-08-24 12:15:36 - [TEST_STEP][PASSED] - symbol = symbol: null

2019-08-24 12:15:36 - [TEST_STEP][PASSED] - println(symbol): null

2019-08-24 12:15:36 - [TEST_STEP][PASSED] - if (i == 2 &amp;&amp; wildList.indexOf(symbol) != -1): null

2019-08-24 12:15:36 - [TEST_STEP][PASSED] - if (i == 3 &amp;&amp; wildList.indexOf(symbol) != -1): null

2019-08-24 12:15:36 - [TEST_STEP][PASSED] - if (i == 4 &amp;&amp; wildList.indexOf(symbol) != -1): null

2019-08-24 12:15:36 - [TEST_STEP][PASSED] - symbol = symbol: null

2019-08-24 12:15:36 - [TEST_STEP][PASSED] - println(symbol): null

2019-08-24 12:15:36 - [TEST_STEP][PASSED] - if (i == 2 &amp;&amp; wildList.indexOf(symbol) != -1): null

2019-08-24 12:15:36 - [TEST_STEP][PASSED] - if (i == 3 &amp;&amp; wildList.indexOf(symbol) != -1): null

2019-08-24 12:15:36 - [TEST_STEP][PASSED] - if (i == 4 &amp;&amp; wildList.indexOf(symbol) != -1): null

2019-08-24 12:15:36 - [TEST_STEP][PASSED] - symbol = symbol: null

2019-08-24 12:15:36 - [TEST_STEP][PASSED] - println(symbol): null

2019-08-24 12:15:36 - [TEST_STEP][PASSED] - if (i == 2 &amp;&amp; wildList.indexOf(symbol) != -1): null

2019-08-24 12:15:36 - [TEST_STEP][PASSED] - if (i == 3 &amp;&amp; wildList.indexOf(symbol) != -1): null

2019-08-24 12:15:36 - [TEST_STEP][PASSED] - if (i == 4 &amp;&amp; wildList.indexOf(symbol) != -1): null

2019-08-24 12:15:36 - [TEST_STEP][PASSED] - symbols = symbols: null

2019-08-24 12:15:36 - [TEST_STEP][PASSED] - for ([j = 0, j &lt; symbols.size(), (j++)]): null

2019-08-24 12:15:36 - [TEST_STEP][PASSED] - symbol = symbol: null

2019-08-24 12:15:36 - [TEST_STEP][PASSED] - println(symbol): null

2019-08-24 12:15:36 - [TEST_STEP][PASSED] - if (i == 2 &amp;&amp; wildList.indexOf(symbol) != -1): null

2019-08-24 12:15:36 - [TEST_STEP][PASSED] - if (i == 3 &amp;&amp; wildList.indexOf(symbol) != -1): null

2019-08-24 12:15:36 - [TEST_STEP][PASSED] - if (i == 4 &amp;&amp; wildList.indexOf(symbol) != -1): null

2019-08-24 12:15:36 - [TEST_STEP][PASSED] - symbol = symbol: null

2019-08-24 12:15:41 - [TEST_STEP][PASSED] - println(symbol): null

2019-08-24 12:15:41 - [TEST_STEP][PASSED] - if (i == 2 &amp;&amp; wildList.indexOf(symbol) != -1): null

2019-08-24 12:15:41 - [TEST_STEP][PASSED] - if (i == 3 &amp;&amp; wildList.indexOf(symbol) != -1): null

2019-08-24 12:15:41 - [TEST_STEP][PASSED] - if (i == 4 &amp;&amp; wildList.indexOf(symbol) != -1): null

2019-08-24 12:15:41 - [TEST_STEP][PASSED] - symbol = symbol: null

2019-08-24 12:15:41 - [TEST_STEP][PASSED] - println(symbol): null

2019-08-24 12:15:41 - [TEST_STEP][PASSED] - if (i == 2 &amp;&amp; wildList.indexOf(symbol) != -1): null

2019-08-24 12:15:41 - [TEST_STEP][PASSED] - if (i == 3 &amp;&amp; wildList.indexOf(symbol) != -1): null

2019-08-24 12:15:41 - [TEST_STEP][PASSED] - if (i == 4 &amp;&amp; wildList.indexOf(symbol) != -1): null

2019-08-24 12:15:43 - [TEST_STEP][PASSED] - symbols = symbols: null

2019-08-24 12:15:43 - [TEST_STEP][PASSED] - for ([j = 0, j &lt; symbols.size(), (j++)]): null

2019-08-24 12:15:43 - [TEST_STEP][PASSED] - symbol = symbol: null

2019-08-24 12:15:43 - [TEST_STEP][PASSED] - println(symbol): null

2019-08-24 12:15:43 - [TEST_STEP][PASSED] - if (i == 2 &amp;&amp; wildList.indexOf(symbol) != -1): null

2019-08-24 12:15:43 - [TEST_STEP][PASSED] - if (i == 3 &amp;&amp; wildList.indexOf(symbol) != -1): null

2019-08-24 12:15:43 - [TEST_STEP][PASSED] - if (i == 4 &amp;&amp; wildList.indexOf(symbol) != -1): null

2019-08-24 12:15:43 - [TEST_STEP][PASSED] - symbol = symbol: null

2019-08-24 12:15:43 - [TEST_STEP][PASSED] - println(symbol): null

2019-08-24 12:15:43 - [TEST_STEP][PASSED] - if (i == 2 &amp;&amp; wildList.indexOf(symbol) != -1): null

2019-08-24 12:15:43 - [TEST_STEP][PASSED] - if (i == 3 &amp;&amp; wildList.indexOf(symbol) != -1): null

2019-08-24 12:15:43 - [TEST_STEP][PASSED] - if (i == 4 &amp;&amp; wildList.indexOf(symbol) != -1): null

2019-08-24 12:15:43 - [TEST_STEP][PASSED] - symbol = symbol: null

2019-08-24 12:15:43 - [TEST_STEP][PASSED] - println(symbol): null

2019-08-24 12:15:43 - [TEST_STEP][PASSED] - if (i == 2 &amp;&amp; wildList.indexOf(symbol) != -1): null

2019-08-24 12:15:43 - [TEST_STEP][PASSED] - if (i == 3 &amp;&amp; wildList.indexOf(symbol) != -1): null

2019-08-24 12:15:43 - [TEST_STEP][PASSED] - if (i == 4 &amp;&amp; wildList.indexOf(symbol) != -1): null

2019-08-24 12:15:43 - [TEST_STEP][PASSED] - free_spin_reel_counter = free_spin_reel_counter: null

2019-08-24 12:15:43 - [TEST_STEP][PASSED] - println("reel 3 wild found: " + free_spin_reel_counter[0]): null

2019-08-24 12:15:43 - [TEST_STEP][PASSED] - println("reel 4 wild found: " + free_spin_reel_counter[1]): null

2019-08-24 12:15:43 - [TEST_STEP][PASSED] - println("reel 5 wild found: " + free_spin_reel_counter[2]): null

2019-08-24 12:15:43 - [TEST_STEP][PASSED] - M4_spin_reels = M4_spin_reels: null

2019-08-24 12:15:43 - [TEST_STEP][PASSED] - M4_spin_reels_symbols = symbol: null

2019-08-24 12:15:43 - [TEST_STEP][PASSED] - M4_spin_reels_symbols = M4_spin_reels_symbols: null

2019-08-24 12:15:43 - [TEST_STEP][PASSED] - M4_spin_reel_wins = reel_wins: null

2019-08-24 12:15:43 - [TEST_STEP][PASSED] - M4_spin_reel_wins = M4_spin_reel_wins: null

2019-08-24 12:15:43 - [TEST_STEP][PASSED] - println("GlobalVariable.M4_spin_reel_wins is: " + M4_spin_reel_wins): null

2019-08-24 12:15:43 - [TEST_STEP][PASSED] - M4_spin_total_bonus_win_this_round = total_bonus_win_this_round: null

2019-08-24 12:15:43 - [TEST_STEP][PASSED] - M4_spin_total_bonus_win_this_round = M4_spin_total_bonus_win_this_round: null

2019-08-24 12:15:43 - [TEST_STEP][PASSED] - println("GlobalVariable.M4_spin_total_bonus_win_this_round is: " + M4_spin_total_bonus_win_this_round): null

2019-08-24 12:15:43 - [TEST_STEP][PASSED] - M4_spin_bonus_spin_result = spin_result: null

2019-08-24 12:15:43 - [TEST_STEP][PASSED] - M4_spin_bonus_spin_result = M4_spin_bonus_spin_result: null

2019-08-24 12:15:43 - [MESSAGE][PASSED] - Verify response successfully

2019-08-24 12:15:43 - [MESSAGE][PASSED] - Send request and verify the response successfully

2019-08-24 12:15:43 - [TEST_STEP][PASSED] - if (M4_total_bonus_spins_int != 0 &amp;&amp; M4_spin_reels_symbols[2].contains("WILD_ExtraFG") || M4_spin_reels_symbols[3].contains("WILD_ExtraFG")): null

2019-08-24 12:15:43 - [TEST_STEP][PASSED] - free_spin_reel_counter = free_spin_reel_counter: null

2019-08-24 12:15:43 - [TEST_STEP][PASSED] - M4_spin_reels_symbols = M4_spin_reels_symbols: null

2019-08-24 12:15:43 - [TEST_STEP][PASSED] - M4_total_bonus_spins = M4_total_bonus_spins: null

2019-08-24 12:15:43 - [TEST_STEP][PASSED] - spin_result = sendRequestAndVerify(findTestObject("INT/RGS(M4)/1_M4_spin", ["M4_login_user_id":M4_login_user_id, "rgs_session_token":rgs_session_token, "partner":Partner])): Send request and verify the response successfully

2019-08-24 12:15:43 - [MESSAGE][INFO] - HAR: /Users/eiralee/Katalon_Script/SuperWild/Reports/20190824_120919/INT/superWild_3/20190824_120919/requests/main/108.har

2019-08-24 12:15:43 - [TEST_CASE][PASSED] - Start Test Case : Verification: Verification accomplished successfully

2019-08-24 12:15:44 - [TEST_STEP][PASSED] - request = getInstance().getCurrentRequest(): null

2019-08-24 12:15:44 - [TEST_STEP][PASSED] - response = getInstance().getCurrentResponse(): null

2019-08-24 12:15:44 - [TEST_STEP][PASSED] - verifyResponseStatusCode(response, 200): Verify response status code successfully

2019-08-24 12:15:44 - [MESSAGE][PASSED] - Verify response status code successfully

2019-08-24 12:15:44 - [TEST_STEP][PASSED] - getStatusCode()).isEqualTo(200): null

2019-08-24 12:15:44 - [TEST_STEP][PASSED] - newline = System.getProperty("line.separator"): null

2019-08-24 12:15:44 - [TEST_STEP][PASSED] - M4_spin = new groovy.json.JsonSlurper(): null

2019-08-24 12:15:44 - [TEST_STEP][PASSED] - result_M4_spin = M4_spin.parseText(response.getResponseBodyContent()): null

2019-08-24 12:15:44 - [TEST_STEP][PASSED] - M4_spin_current_balance = current_balance: null

2019-08-24 12:15:44 - [TEST_STEP][PASSED] - M4_spin_current_balance = M4_spin_current_balance: null

2019-08-24 12:15:44 - [TEST_STEP][PASSED] - M4_spin_transaction_id = causality: null

2019-08-24 12:15:44 - [TEST_STEP][PASSED] - M4_spin_transaction_id = M4_spin_transaction_id: null

2019-08-24 12:15:44 - [TEST_STEP][PASSED] - M4_spin_round_id = round_id: null

2019-08-24 12:15:44 - [TEST_STEP][PASSED] - M4_spin_round_id = M4_spin_round_id: null

2019-08-24 12:15:44 - [TEST_STEP][PASSED] - M4_spin_line_wins = line_wins: null

2019-08-24 12:15:44 - [TEST_STEP][PASSED] - M4_spin_line_wins = M4_spin_line_wins: null

2019-08-24 12:15:44 - [TEST_STEP][PASSED] - M4_total_bonus_spins_int = total_bonus_spins: null

2019-08-24 12:15:44 - [TEST_STEP][PASSED] - println("******M4_total_bonus_spins type is:*******" + newline + getClass().getName()): null

2019-08-24 12:15:44 - [TEST_STEP][PASSED] - M4_total_bonus_spins_int = M4_total_bonus_spins_int: null

2019-08-24 12:15:44 - [TEST_STEP][PASSED] - M4_total_bonus_spins = Integer.toString(M4_total_bonus_spins_int): null

2019-08-24 12:15:44 - [TEST_STEP][PASSED] - M4_total_bonus_spins = M4_total_bonus_spins: null

2019-08-24 12:15:44 - [TEST_STEP][PASSED] - println("M4_total_bonus_spins is:" + M4_total_bonus_spins): null

2019-08-24 12:15:44 - [TEST_STEP][PASSED] - M4_spin_bonus_data = bonus_data: null

2019-08-24 12:15:44 - [TEST_STEP][PASSED] - M4_spin_features_triggered = result_M4_spin: null

2019-08-24 12:15:44 - [TEST_STEP][PASSED] - wild = []: null

2019-08-24 12:15:44 - [TEST_STEP][PASSED] - wild[0] = "WILD_Expanding": null

2019-08-24 12:15:44 - [TEST_STEP][PASSED] - wild[1] = "WILD_Normal": null

2019-08-24 12:15:44 - [TEST_STEP][PASSED] - wild[2] = "WILD_Double": null

2019-08-24 12:15:44 - [TEST_STEP][PASSED] - wild[3] = "WILD_ExtraFG": null

2019-08-24 12:15:44 - [TEST_STEP][PASSED] - wild[4] = "WILD_Triple": null

2019-08-24 12:15:44 - [TEST_STEP][PASSED] - wildList = Arrays.asList(wild): null

2019-08-24 12:15:44 - [TEST_STEP][PASSED] - wildList = wildList: null

2019-08-24 12:15:44 - [TEST_STEP][PASSED] - free_spin_reel_counter = []: null

2019-08-24 12:15:44 - [TEST_STEP][PASSED] - free_spin_reel_counter[0] = 0: null

2019-08-24 12:15:44 - [TEST_STEP][PASSED] - free_spin_reel_counter[1] = 0: null

2019-08-24 12:15:44 - [TEST_STEP][PASSED] - free_spin_reel_counter[2] = 0: null

2019-08-24 12:15:44 - [TEST_STEP][PASSED] - M4_spin_reels = reels: null

2019-08-24 12:15:44 - [TEST_STEP][PASSED] - for ([i = 0, i &lt; M4_spin_reels.size(), (i++)]): null

2019-08-24 12:15:44 - [TEST_STEP][PASSED] - symbols = symbols: null

2019-08-24 12:15:44 - [TEST_STEP][PASSED] - for ([j = 0, j &lt; symbols.size(), (j++)]): null

2019-08-24 12:15:44 - [TEST_STEP][PASSED] - symbol = symbol: null

2019-08-24 12:15:44 - [TEST_STEP][PASSED] - println(symbol): null

2019-08-24 12:15:44 - [TEST_STEP][PASSED] - if (i == 2 &amp;&amp; wildList.indexOf(symbol) != -1): null

2019-08-24 12:15:44 - [TEST_STEP][PASSED] - if (i == 3 &amp;&amp; wildList.indexOf(symbol) != -1): null

2019-08-24 12:15:44 - [TEST_STEP][PASSED] - if (i == 4 &amp;&amp; wildList.indexOf(symbol) != -1): null

2019-08-24 12:15:44 - [TEST_STEP][PASSED] - symbol = symbol: null

2019-08-24 12:15:44 - [TEST_STEP][PASSED] - println(symbol): null

2019-08-24 12:15:44 - [TEST_STEP][PASSED] - if (i == 2 &amp;&amp; wildList.indexOf(symbol) != -1): null

2019-08-24 12:15:44 - [TEST_STEP][PASSED] - if (i == 3 &amp;&amp; wildList.indexOf(symbol) != -1): null

2019-08-24 12:15:44 - [TEST_STEP][PASSED] - if (i == 4 &amp;&amp; wildList.indexOf(symbol) != -1): null

2019-08-24 12:15:44 - [TEST_STEP][PASSED] - symbol = symbol: null

2019-08-24 12:15:44 - [TEST_STEP][PASSED] - println(symbol): null

2019-08-24 12:15:44 - [TEST_STEP][PASSED] - if (i == 2 &amp;&amp; wildList.indexOf(symbol) != -1): null

2019-08-24 12:15:44 - [TEST_STEP][PASSED] - if (i == 3 &amp;&amp; wildList.indexOf(symbol) != -1): null

2019-08-24 12:15:44 - [TEST_STEP][PASSED] - if (i == 4 &amp;&amp; wildList.indexOf(symbol) != -1): null

2019-08-24 12:15:44 - [TEST_STEP][PASSED] - symbols = symbols: null

2019-08-24 12:15:44 - [TEST_STEP][PASSED] - for ([j = 0, j &lt; symbols.size(), (j++)]): null

2019-08-24 12:15:44 - [TEST_STEP][PASSED] - symbol = symbol: null

2019-08-24 12:15:44 - [TEST_STEP][PASSED] - println(symbol): null

2019-08-24 12:15:44 - [TEST_STEP][PASSED] - if (i == 2 &amp;&amp; wildList.indexOf(symbol) != -1): null

2019-08-24 12:15:44 - [TEST_STEP][PASSED] - if (i == 3 &amp;&amp; wildList.indexOf(symbol) != -1): null

2019-08-24 12:15:44 - [TEST_STEP][PASSED] - if (i == 4 &amp;&amp; wildList.indexOf(symbol) != -1): null

2019-08-24 12:15:44 - [TEST_STEP][PASSED] - symbol = symbol: null

2019-08-24 12:15:44 - [TEST_STEP][PASSED] - println(symbol): null

2019-08-24 12:15:44 - [TEST_STEP][PASSED] - if (i == 2 &amp;&amp; wildList.indexOf(symbol) != -1): null

2019-08-24 12:15:44 - [TEST_STEP][PASSED] - if (i == 3 &amp;&amp; wildList.indexOf(symbol) != -1): null

2019-08-24 12:15:44 - [TEST_STEP][PASSED] - if (i == 4 &amp;&amp; wildList.indexOf(symbol) != -1): null

2019-08-24 12:15:44 - [TEST_STEP][PASSED] - symbol = symbol: null

2019-08-24 12:15:44 - [TEST_STEP][PASSED] - println(symbol): null

2019-08-24 12:15:44 - [TEST_STEP][PASSED] - if (i == 2 &amp;&amp; wildList.indexOf(symbol) != -1): null

2019-08-24 12:15:44 - [TEST_STEP][PASSED] - if (i == 3 &amp;&amp; wildList.indexOf(symbol) != -1): null

2019-08-24 12:15:44 - [TEST_STEP][PASSED] - if (i == 4 &amp;&amp; wildList.indexOf(symbol) != -1): null

2019-08-24 12:15:44 - [TEST_STEP][PASSED] - symbols = symbols: null

2019-08-24 12:15:44 - [TEST_STEP][PASSED] - for ([j = 0, j &lt; symbols.size(), (j++)]): null

2019-08-24 12:15:44 - [TEST_STEP][PASSED] - symbol = symbol: null

2019-08-24 12:15:44 - [TEST_STEP][PASSED] - println(symbol): null

2019-08-24 12:15:44 - [TEST_STEP][PASSED] - if (i == 2 &amp;&amp; wildList.indexOf(symbol) != -1): null

2019-08-24 12:15:44 - [TEST_STEP][PASSED] - if (i == 3 &amp;&amp; wildList.indexOf(symbol) != -1): null

2019-08-24 12:15:44 - [TEST_STEP][PASSED] - if (i == 4 &amp;&amp; wildList.indexOf(symbol) != -1): null

2019-08-24 12:15:44 - [TEST_STEP][PASSED] - symbol = symbol: null

2019-08-24 12:15:44 - [TEST_STEP][PASSED] - println(symbol): null

2019-08-24 12:15:44 - [TEST_STEP][PASSED] - if (i == 2 &amp;&amp; wildList.indexOf(symbol) != -1): null

2019-08-24 12:15:44 - [TEST_STEP][PASSED] - if (i == 3 &amp;&amp; wildList.indexOf(symbol) != -1): null

2019-08-24 12:15:44 - [TEST_STEP][PASSED] - if (i == 4 &amp;&amp; wildList.indexOf(symbol) != -1): null

2019-08-24 12:15:44 - [TEST_STEP][PASSED] - symbol = symbol: null

2019-08-24 12:15:44 - [TEST_STEP][PASSED] - println(symbol): null

2019-08-24 12:15:44 - [TEST_STEP][PASSED] - if (i == 2 &amp;&amp; wildList.indexOf(symbol) != -1): null

2019-08-24 12:15:44 - [TEST_STEP][PASSED] - if (i == 3 &amp;&amp; wildList.indexOf(symbol) != -1): null

2019-08-24 12:15:44 - [TEST_STEP][PASSED] - if (i == 4 &amp;&amp; wildList.indexOf(symbol) != -1): null

2019-08-24 12:15:44 - [TEST_STEP][PASSED] - symbols = symbols: null

2019-08-24 12:15:44 - [TEST_STEP][PASSED] - for ([j = 0, j &lt; symbols.size(), (j++)]): null

2019-08-24 12:15:44 - [TEST_STEP][PASSED] - symbol = symbol: null

2019-08-24 12:15:44 - [TEST_STEP][PASSED] - println(symbol): null

2019-08-24 12:15:44 - [TEST_STEP][PASSED] - if (i == 2 &amp;&amp; wildList.indexOf(symbol) != -1): null

2019-08-24 12:15:44 - [TEST_STEP][PASSED] - if (i == 3 &amp;&amp; wildList.indexOf(symbol) != -1): null

2019-08-24 12:15:44 - [TEST_STEP][PASSED] - if (i == 4 &amp;&amp; wildList.indexOf(symbol) != -1): null

2019-08-24 12:15:44 - [TEST_STEP][PASSED] - symbol = symbol: null

2019-08-24 12:15:44 - [TEST_STEP][PASSED] - println(symbol): null

2019-08-24 12:15:44 - [TEST_STEP][PASSED] - if (i == 2 &amp;&amp; wildList.indexOf(symbol) != -1): null

2019-08-24 12:15:44 - [TEST_STEP][PASSED] - if (i == 3 &amp;&amp; wildList.indexOf(symbol) != -1): null

2019-08-24 12:15:44 - [TEST_STEP][PASSED] - if (i == 4 &amp;&amp; wildList.indexOf(symbol) != -1): null

2019-08-24 12:15:44 - [TEST_STEP][PASSED] - symbol = symbol: null

2019-08-24 12:15:44 - [TEST_STEP][PASSED] - println(symbol): null

2019-08-24 12:15:44 - [TEST_STEP][PASSED] - if (i == 2 &amp;&amp; wildList.indexOf(symbol) != -1): null

2019-08-24 12:15:44 - [TEST_STEP][PASSED] - if (i == 3 &amp;&amp; wildList.indexOf(symbol) != -1): null

2019-08-24 12:15:44 - [TEST_STEP][PASSED] - if (i == 4 &amp;&amp; wildList.indexOf(symbol) != -1): null

2019-08-24 12:15:44 - [TEST_STEP][PASSED] - symbols = symbols: null

2019-08-24 12:15:44 - [TEST_STEP][PASSED] - for ([j = 0, j &lt; symbols.size(), (j++)]): null

2019-08-24 12:15:44 - [TEST_STEP][PASSED] - symbol = symbol: null

2019-08-24 12:15:44 - [TEST_STEP][PASSED] - println(symbol): null

2019-08-24 12:15:44 - [TEST_STEP][PASSED] - if (i == 2 &amp;&amp; wildList.indexOf(symbol) != -1): null

2019-08-24 12:15:44 - [TEST_STEP][PASSED] - if (i == 3 &amp;&amp; wildList.indexOf(symbol) != -1): null

2019-08-24 12:15:44 - [TEST_STEP][PASSED] - if (i == 4 &amp;&amp; wildList.indexOf(symbol) != -1): null

2019-08-24 12:15:44 - [TEST_STEP][PASSED] - symbol = symbol: null

2019-08-24 12:15:44 - [TEST_STEP][PASSED] - println(symbol): null

2019-08-24 12:15:44 - [TEST_STEP][PASSED] - if (i == 2 &amp;&amp; wildList.indexOf(symbol) != -1): null

2019-08-24 12:15:44 - [TEST_STEP][PASSED] - if (i == 3 &amp;&amp; wildList.indexOf(symbol) != -1): null

2019-08-24 12:15:44 - [TEST_STEP][PASSED] - if (i == 4 &amp;&amp; wildList.indexOf(symbol) != -1): null

2019-08-24 12:15:44 - [TEST_STEP][PASSED] - symbol = symbol: null

2019-08-24 12:15:44 - [TEST_STEP][PASSED] - println(symbol): null

2019-08-24 12:15:44 - [TEST_STEP][PASSED] - if (i == 2 &amp;&amp; wildList.indexOf(symbol) != -1): null

2019-08-24 12:15:44 - [TEST_STEP][PASSED] - if (i == 3 &amp;&amp; wildList.indexOf(symbol) != -1): null

2019-08-24 12:15:44 - [TEST_STEP][PASSED] - if (i == 4 &amp;&amp; wildList.indexOf(symbol) != -1): null

2019-08-24 12:15:44 - [TEST_STEP][PASSED] - free_spin_reel_counter = free_spin_reel_counter: null

2019-08-24 12:15:44 - [TEST_STEP][PASSED] - println("reel 3 wild found: " + free_spin_reel_counter[0]): null

2019-08-24 12:15:44 - [TEST_STEP][PASSED] - println("reel 4 wild found: " + free_spin_reel_counter[1]): null

2019-08-24 12:15:44 - [TEST_STEP][PASSED] - println("reel 5 wild found: " + free_spin_reel_counter[2]): null

2019-08-24 12:15:44 - [TEST_STEP][PASSED] - M4_spin_reels = M4_spin_reels: null

2019-08-24 12:15:44 - [TEST_STEP][PASSED] - M4_spin_reels_symbols = symbol: null

2019-08-24 12:15:44 - [TEST_STEP][PASSED] - M4_spin_reels_symbols = M4_spin_reels_symbols: null

2019-08-24 12:15:44 - [TEST_STEP][PASSED] - M4_spin_reel_wins = reel_wins: null

2019-08-24 12:15:44 - [TEST_STEP][PASSED] - M4_spin_reel_wins = M4_spin_reel_wins: null

2019-08-24 12:15:44 - [TEST_STEP][PASSED] - println("GlobalVariable.M4_spin_reel_wins is: " + M4_spin_reel_wins): null

2019-08-24 12:15:44 - [TEST_STEP][PASSED] - M4_spin_total_bonus_win_this_round = total_bonus_win_this_round: null

2019-08-24 12:15:44 - [TEST_STEP][PASSED] - M4_spin_total_bonus_win_this_round = M4_spin_total_bonus_win_this_round: null

2019-08-24 12:15:44 - [TEST_STEP][PASSED] - println("GlobalVariable.M4_spin_total_bonus_win_this_round is: " + M4_spin_total_bonus_win_this_round): null

2019-08-24 12:15:44 - [TEST_STEP][PASSED] - M4_spin_bonus_spin_result = spin_result: null

2019-08-24 12:15:44 - [TEST_STEP][PASSED] - M4_spin_bonus_spin_result = M4_spin_bonus_spin_result: null

2019-08-24 12:15:44 - [MESSAGE][PASSED] - Verify response successfully

2019-08-24 12:15:44 - [MESSAGE][PASSED] - Send request and verify the response successfully

2019-08-24 12:15:44 - [TEST_STEP][PASSED] - if (M4_total_bonus_spins_int != 0 &amp;&amp; M4_spin_reels_symbols[2].contains("WILD_ExtraFG") || M4_spin_reels_symbols[3].contains("WILD_ExtraFG")): null

2019-08-24 12:15:44 - [TEST_STEP][PASSED] - free_spin_reel_counter = free_spin_reel_counter: null

2019-08-24 12:15:44 - [TEST_STEP][PASSED] - M4_spin_reels_symbols = M4_spin_reels_symbols: null

2019-08-24 12:15:44 - [TEST_STEP][PASSED] - M4_total_bonus_spins = M4_total_bonus_spins: null

2019-08-24 12:15:44 - [TEST_STEP][PASSED] - spin_result = sendRequestAndVerify(findTestObject("INT/RGS(M4)/1_M4_spin", ["M4_login_user_id":M4_login_user_id, "rgs_session_token":rgs_session_token, "partner":Partner])): Send request and verify the response successfully

2019-08-24 12:15:44 - [MESSAGE][INFO] - HAR: /Users/eiralee/Katalon_Script/SuperWild/Reports/20190824_120919/INT/superWild_3/20190824_120919/requests/main/109.har

2019-08-24 12:15:44 - [TEST_CASE][PASSED] - Start Test Case : Verification: Verification accomplished successfully

2019-08-24 12:15:44 - [TEST_STEP][PASSED] - request = getInstance().getCurrentRequest(): null

2019-08-24 12:15:44 - [TEST_STEP][PASSED] - response = getInstance().getCurrentResponse(): null

2019-08-24 12:15:44 - [TEST_STEP][PASSED] - verifyResponseStatusCode(response, 200): Verify response status code successfully

2019-08-24 12:15:44 - [MESSAGE][PASSED] - Verify response status code successfully

2019-08-24 12:15:44 - [TEST_STEP][PASSED] - getStatusCode()).isEqualTo(200): null

2019-08-24 12:15:44 - [TEST_STEP][PASSED] - newline = System.getProperty("line.separator"): null

2019-08-24 12:15:44 - [TEST_STEP][PASSED] - M4_spin = new groovy.json.JsonSlurper(): null

2019-08-24 12:15:44 - [TEST_STEP][PASSED] - result_M4_spin = M4_spin.parseText(response.getResponseBodyContent()): null

2019-08-24 12:15:44 - [TEST_STEP][PASSED] - M4_spin_current_balance = current_balance: null

2019-08-24 12:15:44 - [TEST_STEP][PASSED] - M4_spin_current_balance = M4_spin_current_balance: null

2019-08-24 12:15:44 - [TEST_STEP][PASSED] - M4_spin_transaction_id = causality: null

2019-08-24 12:15:44 - [TEST_STEP][PASSED] - M4_spin_transaction_id = M4_spin_transaction_id: null

2019-08-24 12:15:44 - [TEST_STEP][PASSED] - M4_spin_round_id = round_id: null

2019-08-24 12:15:44 - [TEST_STEP][PASSED] - M4_spin_round_id = M4_spin_round_id: null

2019-08-24 12:15:44 - [TEST_STEP][PASSED] - M4_spin_line_wins = line_wins: null

2019-08-24 12:15:44 - [TEST_STEP][PASSED] - M4_spin_line_wins = M4_spin_line_wins: null

2019-08-24 12:15:44 - [TEST_STEP][PASSED] - M4_total_bonus_spins_int = total_bonus_spins: null

2019-08-24 12:15:44 - [TEST_STEP][PASSED] - println("******M4_total_bonus_spins type is:*******" + newline + getClass().getName()): null

2019-08-24 12:15:44 - [TEST_STEP][PASSED] - M4_total_bonus_spins_int = M4_total_bonus_spins_int: null

2019-08-24 12:15:44 - [TEST_STEP][PASSED] - M4_total_bonus_spins = Integer.toString(M4_total_bonus_spins_int): null

2019-08-24 12:15:44 - [TEST_STEP][PASSED] - M4_total_bonus_spins = M4_total_bonus_spins: null

2019-08-24 12:15:44 - [TEST_STEP][PASSED] - println("M4_total_bonus_spins is:" + M4_total_bonus_spins): null

2019-08-24 12:15:44 - [TEST_STEP][PASSED] - M4_spin_bonus_data = bonus_data: null

2019-08-24 12:15:44 - [TEST_STEP][PASSED] - M4_spin_features_triggered = result_M4_spin: null

2019-08-24 12:15:44 - [TEST_STEP][PASSED] - wild = []: null

2019-08-24 12:15:44 - [TEST_STEP][PASSED] - wild[0] = "WILD_Expanding": null

2019-08-24 12:15:44 - [TEST_STEP][PASSED] - wild[1] = "WILD_Normal": null

2019-08-24 12:15:44 - [TEST_STEP][PASSED] - wild[2] = "WILD_Double": null

2019-08-24 12:15:44 - [TEST_STEP][PASSED] - wild[3] = "WILD_ExtraFG": null

2019-08-24 12:15:44 - [TEST_STEP][PASSED] - wild[4] = "WILD_Triple": null

2019-08-24 12:15:44 - [TEST_STEP][PASSED] - wildList = Arrays.asList(wild): null

2019-08-24 12:15:44 - [TEST_STEP][PASSED] - wildList = wildList: null

2019-08-24 12:15:44 - [TEST_STEP][PASSED] - free_spin_reel_counter = []: null

2019-08-24 12:15:44 - [TEST_STEP][PASSED] - free_spin_reel_counter[0] = 0: null

2019-08-24 12:15:44 - [TEST_STEP][PASSED] - free_spin_reel_counter[1] = 0: null

2019-08-24 12:15:44 - [TEST_STEP][PASSED] - free_spin_reel_counter[2] = 0: null

2019-08-24 12:15:44 - [TEST_STEP][PASSED] - M4_spin_reels = reels: null

2019-08-24 12:15:44 - [TEST_STEP][PASSED] - for ([i = 0, i &lt; M4_spin_reels.size(), (i++)]): null

2019-08-24 12:15:44 - [TEST_STEP][PASSED] - symbols = symbols: null

2019-08-24 12:15:44 - [TEST_STEP][PASSED] - for ([j = 0, j &lt; symbols.size(), (j++)]): null

2019-08-24 12:15:44 - [TEST_STEP][PASSED] - symbol = symbol: null

2019-08-24 12:15:44 - [TEST_STEP][PASSED] - println(symbol): null

2019-08-24 12:15:44 - [TEST_STEP][PASSED] - if (i == 2 &amp;&amp; wildList.indexOf(symbol) != -1): null

2019-08-24 12:15:44 - [TEST_STEP][PASSED] - if (i == 3 &amp;&amp; wildList.indexOf(symbol) != -1): null

2019-08-24 12:15:44 - [TEST_STEP][PASSED] - if (i == 4 &amp;&amp; wildList.indexOf(symbol) != -1): null

2019-08-24 12:15:44 - [TEST_STEP][PASSED] - symbol = symbol: null

2019-08-24 12:15:44 - [TEST_STEP][PASSED] - println(symbol): null

2019-08-24 12:15:44 - [TEST_STEP][PASSED] - if (i == 2 &amp;&amp; wildList.indexOf(symbol) != -1): null

2019-08-24 12:15:44 - [TEST_STEP][PASSED] - if (i == 3 &amp;&amp; wildList.indexOf(symbol) != -1): null

2019-08-24 12:15:44 - [TEST_STEP][PASSED] - if (i == 4 &amp;&amp; wildList.indexOf(symbol) != -1): null

2019-08-24 12:15:44 - [TEST_STEP][PASSED] - symbol = symbol: null

2019-08-24 12:15:44 - [TEST_STEP][PASSED] - println(symbol): null

2019-08-24 12:15:44 - [TEST_STEP][PASSED] - if (i == 2 &amp;&amp; wildList.indexOf(symbol) != -1): null

2019-08-24 12:15:44 - [TEST_STEP][PASSED] - if (i == 3 &amp;&amp; wildList.indexOf(symbol) != -1): null

2019-08-24 12:15:44 - [TEST_STEP][PASSED] - if (i == 4 &amp;&amp; wildList.indexOf(symbol) != -1): null

2019-08-24 12:15:44 - [TEST_STEP][PASSED] - symbols = symbols: null

2019-08-24 12:15:44 - [TEST_STEP][PASSED] - for ([j = 0, j &lt; symbols.size(), (j++)]): null

2019-08-24 12:15:44 - [TEST_STEP][PASSED] - symbol = symbol: null

2019-08-24 12:15:44 - [TEST_STEP][PASSED] - println(symbol): null

2019-08-24 12:15:44 - [TEST_STEP][PASSED] - if (i == 2 &amp;&amp; wildList.indexOf(symbol) != -1): null

2019-08-24 12:15:44 - [TEST_STEP][PASSED] - if (i == 3 &amp;&amp; wildList.indexOf(symbol) != -1): null

2019-08-24 12:15:44 - [TEST_STEP][PASSED] - if (i == 4 &amp;&amp; wildList.indexOf(symbol) != -1): null

2019-08-24 12:15:44 - [TEST_STEP][PASSED] - symbol = symbol: null

2019-08-24 12:15:44 - [TEST_STEP][PASSED] - println(symbol): null

2019-08-24 12:15:44 - [TEST_STEP][PASSED] - if (i == 2 &amp;&amp; wildList.indexOf(symbol) != -1): null

2019-08-24 12:15:44 - [TEST_STEP][PASSED] - if (i == 3 &amp;&amp; wildList.indexOf(symbol) != -1): null

2019-08-24 12:15:44 - [TEST_STEP][PASSED] - if (i == 4 &amp;&amp; wildList.indexOf(symbol) != -1): null

2019-08-24 12:15:44 - [TEST_STEP][PASSED] - symbol = symbol: null

2019-08-24 12:15:44 - [TEST_STEP][PASSED] - println(symbol): null

2019-08-24 12:15:44 - [TEST_STEP][PASSED] - if (i == 2 &amp;&amp; wildList.indexOf(symbol) != -1): null

2019-08-24 12:15:44 - [TEST_STEP][PASSED] - if (i == 3 &amp;&amp; wildList.indexOf(symbol) != -1): null

2019-08-24 12:15:44 - [TEST_STEP][PASSED] - if (i == 4 &amp;&amp; wildList.indexOf(symbol) != -1): null

2019-08-24 12:15:44 - [TEST_STEP][PASSED] - symbols = symbols: null

2019-08-24 12:15:44 - [TEST_STEP][PASSED] - for ([j = 0, j &lt; symbols.size(), (j++)]): null

2019-08-24 12:15:44 - [TEST_STEP][PASSED] - symbol = symbol: null

2019-08-24 12:15:44 - [TEST_STEP][PASSED] - println(symbol): null

2019-08-24 12:15:44 - [TEST_STEP][PASSED] - if (i == 2 &amp;&amp; wildList.indexOf(symbol) != -1): null

2019-08-24 12:15:44 - [TEST_STEP][PASSED] - if (i == 3 &amp;&amp; wildList.indexOf(symbol) != -1): null

2019-08-24 12:15:44 - [TEST_STEP][PASSED] - if (i == 4 &amp;&amp; wildList.indexOf(symbol) != -1): null

2019-08-24 12:15:44 - [TEST_STEP][PASSED] - symbol = symbol: null

2019-08-24 12:15:44 - [TEST_STEP][PASSED] - println(symbol): null

2019-08-24 12:15:44 - [TEST_STEP][PASSED] - if (i == 2 &amp;&amp; wildList.indexOf(symbol) != -1): null

2019-08-24 12:15:44 - [TEST_STEP][PASSED] - if (i == 3 &amp;&amp; wildList.indexOf(symbol) != -1): null

2019-08-24 12:15:44 - [TEST_STEP][PASSED] - if (i == 4 &amp;&amp; wildList.indexOf(symbol) != -1): null

2019-08-24 12:15:44 - [TEST_STEP][PASSED] - symbol = symbol: null

2019-08-24 12:15:44 - [TEST_STEP][PASSED] - println(symbol): null

2019-08-24 12:15:44 - [TEST_STEP][PASSED] - if (i == 2 &amp;&amp; wildList.indexOf(symbol) != -1): null

2019-08-24 12:15:44 - [TEST_STEP][PASSED] - if (i == 3 &amp;&amp; wildList.indexOf(symbol) != -1): null

2019-08-24 12:15:44 - [TEST_STEP][PASSED] - if (i == 4 &amp;&amp; wildList.indexOf(symbol) != -1): null

2019-08-24 12:15:44 - [TEST_STEP][PASSED] - symbols = symbols: null

2019-08-24 12:15:44 - [TEST_STEP][PASSED] - for ([j = 0, j &lt; symbols.size(), (j++)]): null

2019-08-24 12:15:44 - [TEST_STEP][PASSED] - symbol = symbol: null

2019-08-24 12:15:44 - [TEST_STEP][PASSED] - println(symbol): null

2019-08-24 12:15:44 - [TEST_STEP][PASSED] - if (i == 2 &amp;&amp; wildList.indexOf(symbol) != -1): null

2019-08-24 12:15:44 - [TEST_STEP][PASSED] - if (i == 3 &amp;&amp; wildList.indexOf(symbol) != -1): null

2019-08-24 12:15:44 - [TEST_STEP][PASSED] - if (i == 4 &amp;&amp; wildList.indexOf(symbol) != -1): null

2019-08-24 12:15:44 - [TEST_STEP][PASSED] - symbol = symbol: null

2019-08-24 12:15:44 - [TEST_STEP][PASSED] - println(symbol): null

2019-08-24 12:15:44 - [TEST_STEP][PASSED] - if (i == 2 &amp;&amp; wildList.indexOf(symbol) != -1): null

2019-08-24 12:15:44 - [TEST_STEP][PASSED] - if (i == 3 &amp;&amp; wildList.indexOf(symbol) != -1): null

2019-08-24 12:15:44 - [TEST_STEP][PASSED] - if (i == 4 &amp;&amp; wildList.indexOf(symbol) != -1): null

2019-08-24 12:15:44 - [TEST_STEP][PASSED] - symbol = symbol: null

2019-08-24 12:15:44 - [TEST_STEP][PASSED] - println(symbol): null

2019-08-24 12:15:44 - [TEST_STEP][PASSED] - if (i == 2 &amp;&amp; wildList.indexOf(symbol) != -1): null

2019-08-24 12:15:44 - [TEST_STEP][PASSED] - if (i == 3 &amp;&amp; wildList.indexOf(symbol) != -1): null

2019-08-24 12:15:44 - [TEST_STEP][PASSED] - if (i == 4 &amp;&amp; wildList.indexOf(symbol) != -1): null

2019-08-24 12:15:44 - [TEST_STEP][PASSED] - symbols = symbols: null

2019-08-24 12:15:44 - [TEST_STEP][PASSED] - for ([j = 0, j &lt; symbols.size(), (j++)]): null

2019-08-24 12:15:44 - [TEST_STEP][PASSED] - symbol = symbol: null

2019-08-24 12:15:44 - [TEST_STEP][PASSED] - println(symbol): null

2019-08-24 12:15:44 - [TEST_STEP][PASSED] - if (i == 2 &amp;&amp; wildList.indexOf(symbol) != -1): null

2019-08-24 12:15:44 - [TEST_STEP][PASSED] - if (i == 3 &amp;&amp; wildList.indexOf(symbol) != -1): null

2019-08-24 12:15:44 - [TEST_STEP][PASSED] - if (i == 4 &amp;&amp; wildList.indexOf(symbol) != -1): null

2019-08-24 12:15:44 - [TEST_STEP][PASSED] - symbol = symbol: null

2019-08-24 12:15:44 - [TEST_STEP][PASSED] - println(symbol): null

2019-08-24 12:15:44 - [TEST_STEP][PASSED] - if (i == 2 &amp;&amp; wildList.indexOf(symbol) != -1): null

2019-08-24 12:15:44 - [TEST_STEP][PASSED] - if (i == 3 &amp;&amp; wildList.indexOf(symbol) != -1): null

2019-08-24 12:15:44 - [TEST_STEP][PASSED] - if (i == 4 &amp;&amp; wildList.indexOf(symbol) != -1): null

2019-08-24 12:15:44 - [TEST_STEP][PASSED] - symbol = symbol: null

2019-08-24 12:15:44 - [TEST_STEP][PASSED] - println(symbol): null

2019-08-24 12:15:44 - [TEST_STEP][PASSED] - if (i == 2 &amp;&amp; wildList.indexOf(symbol) != -1): null

2019-08-24 12:15:44 - [TEST_STEP][PASSED] - if (i == 3 &amp;&amp; wildList.indexOf(symbol) != -1): null

2019-08-24 12:15:44 - [TEST_STEP][PASSED] - if (i == 4 &amp;&amp; wildList.indexOf(symbol) != -1): null

2019-08-24 12:15:44 - [TEST_STEP][PASSED] - free_spin_reel_counter = free_spin_reel_counter: null

2019-08-24 12:15:44 - [TEST_STEP][PASSED] - println("reel 3 wild found: " + free_spin_reel_counter[0]): null

2019-08-24 12:15:44 - [TEST_STEP][PASSED] - println("reel 4 wild found: " + free_spin_reel_counter[1]): null

2019-08-24 12:15:44 - [TEST_STEP][PASSED] - println("reel 5 wild found: " + free_spin_reel_counter[2]): null

2019-08-24 12:15:44 - [TEST_STEP][PASSED] - M4_spin_reels = M4_spin_reels: null

2019-08-24 12:15:44 - [TEST_STEP][PASSED] - M4_spin_reels_symbols = symbol: null

2019-08-24 12:15:44 - [TEST_STEP][PASSED] - M4_spin_reels_symbols = M4_spin_reels_symbols: null

2019-08-24 12:15:44 - [TEST_STEP][PASSED] - M4_spin_reel_wins = reel_wins: null

2019-08-24 12:15:44 - [TEST_STEP][PASSED] - M4_spin_reel_wins = M4_spin_reel_wins: null

2019-08-24 12:15:44 - [TEST_STEP][PASSED] - println("GlobalVariable.M4_spin_reel_wins is: " + M4_spin_reel_wins): null

2019-08-24 12:15:44 - [TEST_STEP][PASSED] - M4_spin_total_bonus_win_this_round = total_bonus_win_this_round: null

2019-08-24 12:15:44 - [TEST_STEP][PASSED] - M4_spin_total_bonus_win_this_round = M4_spin_total_bonus_win_this_round: null

2019-08-24 12:15:48 - [TEST_STEP][PASSED] - println("GlobalVariable.M4_spin_total_bonus_win_this_round is: " + M4_spin_total_bonus_win_this_round): null

2019-08-24 12:15:48 - [TEST_STEP][PASSED] - M4_spin_bonus_spin_result = spin_result: null

2019-08-24 12:15:48 - [TEST_STEP][PASSED] - M4_spin_bonus_spin_result = M4_spin_bonus_spin_result: null

2019-08-24 12:15:48 - [MESSAGE][PASSED] - Verify response successfully

2019-08-24 12:15:48 - [MESSAGE][PASSED] - Send request and verify the response successfully

2019-08-24 12:15:48 - [TEST_STEP][PASSED] - if (M4_total_bonus_spins_int != 0 &amp;&amp; M4_spin_reels_symbols[2].contains("WILD_ExtraFG") || M4_spin_reels_symbols[3].contains("WILD_ExtraFG")): null

2019-08-24 12:15:48 - [TEST_STEP][PASSED] - free_spin_reel_counter = free_spin_reel_counter: null

2019-08-24 12:15:48 - [TEST_STEP][PASSED] - M4_spin_reels_symbols = M4_spin_reels_symbols: null

2019-08-24 12:15:48 - [TEST_STEP][PASSED] - M4_total_bonus_spins = M4_total_bonus_spins: null

2019-08-24 12:15:51 - [TEST_STEP][PASSED] - spin_result = sendRequestAndVerify(findTestObject("INT/RGS(M4)/1_M4_spin", ["M4_login_user_id":M4_login_user_id, "rgs_session_token":rgs_session_token, "partner":Partner])): Send request and verify the response successfully

2019-08-24 12:15:52 - [MESSAGE][INFO] - HAR: /Users/eiralee/Katalon_Script/SuperWild/Reports/20190824_120919/INT/superWild_3/20190824_120919/requests/main/110.har

2019-08-24 12:15:52 - [TEST_CASE][PASSED] - Start Test Case : Verification: Verification accomplished successfully

2019-08-24 12:15:52 - [TEST_STEP][PASSED] - request = getInstance().getCurrentRequest(): null

2019-08-24 12:15:52 - [TEST_STEP][PASSED] - response = getInstance().getCurrentResponse(): null

2019-08-24 12:15:52 - [TEST_STEP][PASSED] - verifyResponseStatusCode(response, 200): Verify response status code successfully

2019-08-24 12:15:52 - [MESSAGE][PASSED] - Verify response status code successfully

2019-08-24 12:15:52 - [TEST_STEP][PASSED] - getStatusCode()).isEqualTo(200): null

2019-08-24 12:15:52 - [TEST_STEP][PASSED] - newline = System.getProperty("line.separator"): null

2019-08-24 12:15:52 - [TEST_STEP][PASSED] - M4_spin = new groovy.json.JsonSlurper(): null

2019-08-24 12:15:52 - [TEST_STEP][PASSED] - result_M4_spin = M4_spin.parseText(response.getResponseBodyContent()): null

2019-08-24 12:15:52 - [TEST_STEP][PASSED] - M4_spin_current_balance = current_balance: null

2019-08-24 12:15:52 - [TEST_STEP][PASSED] - M4_spin_current_balance = M4_spin_current_balance: null

2019-08-24 12:15:52 - [TEST_STEP][PASSED] - M4_spin_transaction_id = causality: null

2019-08-24 12:15:52 - [TEST_STEP][PASSED] - M4_spin_transaction_id = M4_spin_transaction_id: null

2019-08-24 12:15:52 - [TEST_STEP][PASSED] - M4_spin_round_id = round_id: null

2019-08-24 12:15:52 - [TEST_STEP][PASSED] - M4_spin_round_id = M4_spin_round_id: null

2019-08-24 12:15:52 - [TEST_STEP][PASSED] - M4_spin_line_wins = line_wins: null

2019-08-24 12:15:52 - [TEST_STEP][PASSED] - M4_spin_line_wins = M4_spin_line_wins: null

2019-08-24 12:15:52 - [TEST_STEP][PASSED] - M4_total_bonus_spins_int = total_bonus_spins: null

2019-08-24 12:15:52 - [TEST_STEP][PASSED] - println("******M4_total_bonus_spins type is:*******" + newline + getClass().getName()): null

2019-08-24 12:15:52 - [TEST_STEP][PASSED] - M4_total_bonus_spins_int = M4_total_bonus_spins_int: null

2019-08-24 12:15:52 - [TEST_STEP][PASSED] - M4_total_bonus_spins = Integer.toString(M4_total_bonus_spins_int): null

2019-08-24 12:15:52 - [TEST_STEP][PASSED] - M4_total_bonus_spins = M4_total_bonus_spins: null

2019-08-24 12:15:52 - [TEST_STEP][PASSED] - println("M4_total_bonus_spins is:" + M4_total_bonus_spins): null

2019-08-24 12:15:52 - [TEST_STEP][PASSED] - M4_spin_bonus_data = bonus_data: null

2019-08-24 12:15:52 - [TEST_STEP][PASSED] - M4_spin_features_triggered = result_M4_spin: null

2019-08-24 12:15:52 - [TEST_STEP][PASSED] - wild = []: null

2019-08-24 12:15:52 - [TEST_STEP][PASSED] - wild[0] = "WILD_Expanding": null

2019-08-24 12:15:52 - [TEST_STEP][PASSED] - wild[1] = "WILD_Normal": null

2019-08-24 12:15:52 - [TEST_STEP][PASSED] - wild[2] = "WILD_Double": null

2019-08-24 12:15:52 - [TEST_STEP][PASSED] - wild[3] = "WILD_ExtraFG": null

2019-08-24 12:15:52 - [TEST_STEP][PASSED] - wild[4] = "WILD_Triple": null

2019-08-24 12:15:52 - [TEST_STEP][PASSED] - wildList = Arrays.asList(wild): null

2019-08-24 12:15:52 - [TEST_STEP][PASSED] - wildList = wildList: null

2019-08-24 12:15:52 - [TEST_STEP][PASSED] - free_spin_reel_counter = []: null

2019-08-24 12:15:52 - [TEST_STEP][PASSED] - free_spin_reel_counter[0] = 0: null

2019-08-24 12:15:52 - [TEST_STEP][PASSED] - free_spin_reel_counter[1] = 0: null

2019-08-24 12:15:52 - [TEST_STEP][PASSED] - free_spin_reel_counter[2] = 0: null

2019-08-24 12:15:52 - [TEST_STEP][PASSED] - M4_spin_reels = reels: null

2019-08-24 12:15:52 - [TEST_STEP][PASSED] - for ([i = 0, i &lt; M4_spin_reels.size(), (i++)]): null

2019-08-24 12:15:52 - [TEST_STEP][PASSED] - symbols = symbols: null

2019-08-24 12:15:52 - [TEST_STEP][PASSED] - for ([j = 0, j &lt; symbols.size(), (j++)]): null

2019-08-24 12:15:52 - [TEST_STEP][PASSED] - symbol = symbol: null

2019-08-24 12:15:52 - [TEST_STEP][PASSED] - println(symbol): null

2019-08-24 12:15:52 - [TEST_STEP][PASSED] - if (i == 2 &amp;&amp; wildList.indexOf(symbol) != -1): null

2019-08-24 12:15:52 - [TEST_STEP][PASSED] - if (i == 3 &amp;&amp; wildList.indexOf(symbol) != -1): null

2019-08-24 12:15:52 - [TEST_STEP][PASSED] - if (i == 4 &amp;&amp; wildList.indexOf(symbol) != -1): null

2019-08-24 12:15:52 - [TEST_STEP][PASSED] - symbol = symbol: null

2019-08-24 12:15:52 - [TEST_STEP][PASSED] - println(symbol): null

2019-08-24 12:15:52 - [TEST_STEP][PASSED] - if (i == 2 &amp;&amp; wildList.indexOf(symbol) != -1): null

2019-08-24 12:15:52 - [TEST_STEP][PASSED] - if (i == 3 &amp;&amp; wildList.indexOf(symbol) != -1): null

2019-08-24 12:15:52 - [TEST_STEP][PASSED] - if (i == 4 &amp;&amp; wildList.indexOf(symbol) != -1): null

2019-08-24 12:15:52 - [TEST_STEP][PASSED] - symbol = symbol: null

2019-08-24 12:15:52 - [TEST_STEP][PASSED] - println(symbol): null

2019-08-24 12:15:52 - [TEST_STEP][PASSED] - if (i == 2 &amp;&amp; wildList.indexOf(symbol) != -1): null

2019-08-24 12:15:52 - [TEST_STEP][PASSED] - if (i == 3 &amp;&amp; wildList.indexOf(symbol) != -1): null

2019-08-24 12:15:52 - [TEST_STEP][PASSED] - if (i == 4 &amp;&amp; wildList.indexOf(symbol) != -1): null

2019-08-24 12:15:52 - [TEST_STEP][PASSED] - symbols = symbols: null

2019-08-24 12:15:52 - [TEST_STEP][PASSED] - for ([j = 0, j &lt; symbols.size(), (j++)]): null

2019-08-24 12:15:52 - [TEST_STEP][PASSED] - symbol = symbol: null

2019-08-24 12:15:52 - [TEST_STEP][PASSED] - println(symbol): null

2019-08-24 12:15:52 - [TEST_STEP][PASSED] - if (i == 2 &amp;&amp; wildList.indexOf(symbol) != -1): null

2019-08-24 12:15:52 - [TEST_STEP][PASSED] - if (i == 3 &amp;&amp; wildList.indexOf(symbol) != -1): null

2019-08-24 12:15:52 - [TEST_STEP][PASSED] - if (i == 4 &amp;&amp; wildList.indexOf(symbol) != -1): null

2019-08-24 12:15:52 - [TEST_STEP][PASSED] - symbol = symbol: null

2019-08-24 12:15:52 - [TEST_STEP][PASSED] - println(symbol): null

2019-08-24 12:15:52 - [TEST_STEP][PASSED] - if (i == 2 &amp;&amp; wildList.indexOf(symbol) != -1): null

2019-08-24 12:15:52 - [TEST_STEP][PASSED] - if (i == 3 &amp;&amp; wildList.indexOf(symbol) != -1): null

2019-08-24 12:15:52 - [TEST_STEP][PASSED] - if (i == 4 &amp;&amp; wildList.indexOf(symbol) != -1): null

2019-08-24 12:15:52 - [TEST_STEP][PASSED] - symbol = symbol: null

2019-08-24 12:15:52 - [TEST_STEP][PASSED] - println(symbol): null

2019-08-24 12:15:52 - [TEST_STEP][PASSED] - if (i == 2 &amp;&amp; wildList.indexOf(symbol) != -1): null

2019-08-24 12:15:52 - [TEST_STEP][PASSED] - if (i == 3 &amp;&amp; wildList.indexOf(symbol) != -1): null

2019-08-24 12:15:52 - [TEST_STEP][PASSED] - if (i == 4 &amp;&amp; wildList.indexOf(symbol) != -1): null

2019-08-24 12:15:52 - [TEST_STEP][PASSED] - symbols = symbols: null

2019-08-24 12:15:52 - [TEST_STEP][PASSED] - for ([j = 0, j &lt; symbols.size(), (j++)]): null

2019-08-24 12:15:52 - [TEST_STEP][PASSED] - symbol = symbol: null

2019-08-24 12:15:52 - [TEST_STEP][PASSED] - println(symbol): null

2019-08-24 12:15:52 - [TEST_STEP][PASSED] - if (i == 2 &amp;&amp; wildList.indexOf(symbol) != -1): null

2019-08-24 12:15:52 - [TEST_STEP][PASSED] - if (i == 3 &amp;&amp; wildList.indexOf(symbol) != -1): null

2019-08-24 12:15:52 - [TEST_STEP][PASSED] - if (i == 4 &amp;&amp; wildList.indexOf(symbol) != -1): null

2019-08-24 12:15:52 - [TEST_STEP][PASSED] - symbol = symbol: null

2019-08-24 12:15:52 - [TEST_STEP][PASSED] - println(symbol): null

2019-08-24 12:15:52 - [TEST_STEP][PASSED] - if (i == 2 &amp;&amp; wildList.indexOf(symbol) != -1): null

2019-08-24 12:15:52 - [TEST_STEP][PASSED] - if (i == 3 &amp;&amp; wildList.indexOf(symbol) != -1): null

2019-08-24 12:15:52 - [TEST_STEP][PASSED] - if (i == 4 &amp;&amp; wildList.indexOf(symbol) != -1): null

2019-08-24 12:15:52 - [TEST_STEP][PASSED] - symbol = symbol: null

2019-08-24 12:15:52 - [TEST_STEP][PASSED] - println(symbol): null

2019-08-24 12:15:52 - [TEST_STEP][PASSED] - if (i == 2 &amp;&amp; wildList.indexOf(symbol) != -1): null

2019-08-24 12:15:52 - [TEST_STEP][PASSED] - if (i == 3 &amp;&amp; wildList.indexOf(symbol) != -1): null

2019-08-24 12:15:52 - [TEST_STEP][PASSED] - if (i == 4 &amp;&amp; wildList.indexOf(symbol) != -1): null

2019-08-24 12:15:52 - [TEST_STEP][PASSED] - symbols = symbols: null

2019-08-24 12:15:52 - [TEST_STEP][PASSED] - for ([j = 0, j &lt; symbols.size(), (j++)]): null

2019-08-24 12:15:52 - [TEST_STEP][PASSED] - symbol = symbol: null

2019-08-24 12:15:52 - [TEST_STEP][PASSED] - println(symbol): null

2019-08-24 12:15:52 - [TEST_STEP][PASSED] - if (i == 2 &amp;&amp; wildList.indexOf(symbol) != -1): null

2019-08-24 12:15:52 - [TEST_STEP][PASSED] - if (i == 3 &amp;&amp; wildList.indexOf(symbol) != -1): null

2019-08-24 12:15:52 - [TEST_STEP][PASSED] - if (i == 4 &amp;&amp; wildList.indexOf(symbol) != -1): null

2019-08-24 12:15:52 - [TEST_STEP][PASSED] - symbol = symbol: null

2019-08-24 12:15:52 - [TEST_STEP][PASSED] - println(symbol): null

2019-08-24 12:15:52 - [TEST_STEP][PASSED] - if (i == 2 &amp;&amp; wildList.indexOf(symbol) != -1): null

2019-08-24 12:15:52 - [TEST_STEP][PASSED] - if (i == 3 &amp;&amp; wildList.indexOf(symbol) != -1): null

2019-08-24 12:15:52 - [TEST_STEP][PASSED] - if (i == 4 &amp;&amp; wildList.indexOf(symbol) != -1): null

2019-08-24 12:15:52 - [TEST_STEP][PASSED] - symbol = symbol: null

2019-08-24 12:15:52 - [TEST_STEP][PASSED] - println(symbol): null

2019-08-24 12:15:52 - [TEST_STEP][PASSED] - if (i == 2 &amp;&amp; wildList.indexOf(symbol) != -1): null

2019-08-24 12:15:52 - [TEST_STEP][PASSED] - if (i == 3 &amp;&amp; wildList.indexOf(symbol) != -1): null

2019-08-24 12:15:52 - [TEST_STEP][PASSED] - if (i == 4 &amp;&amp; wildList.indexOf(symbol) != -1): null

2019-08-24 12:15:52 - [TEST_STEP][PASSED] - symbols = symbols: null

2019-08-24 12:15:52 - [TEST_STEP][PASSED] - for ([j = 0, j &lt; symbols.size(), (j++)]): null

2019-08-24 12:15:52 - [TEST_STEP][PASSED] - symbol = symbol: null

2019-08-24 12:15:52 - [TEST_STEP][PASSED] - println(symbol): null

2019-08-24 12:15:52 - [TEST_STEP][PASSED] - if (i == 2 &amp;&amp; wildList.indexOf(symbol) != -1): null

2019-08-24 12:15:52 - [TEST_STEP][PASSED] - if (i == 3 &amp;&amp; wildList.indexOf(symbol) != -1): null

2019-08-24 12:15:52 - [TEST_STEP][PASSED] - if (i == 4 &amp;&amp; wildList.indexOf(symbol) != -1): null

2019-08-24 12:15:52 - [TEST_STEP][PASSED] - symbol = symbol: null

2019-08-24 12:15:52 - [TEST_STEP][PASSED] - println(symbol): null

2019-08-24 12:15:52 - [TEST_STEP][PASSED] - if (i == 2 &amp;&amp; wildList.indexOf(symbol) != -1): null

2019-08-24 12:15:52 - [TEST_STEP][PASSED] - if (i == 3 &amp;&amp; wildList.indexOf(symbol) != -1): null

2019-08-24 12:15:52 - [TEST_STEP][PASSED] - if (i == 4 &amp;&amp; wildList.indexOf(symbol) != -1): null

2019-08-24 12:15:52 - [TEST_STEP][PASSED] - symbol = symbol: null

2019-08-24 12:15:52 - [TEST_STEP][PASSED] - println(symbol): null

2019-08-24 12:15:52 - [TEST_STEP][PASSED] - if (i == 2 &amp;&amp; wildList.indexOf(symbol) != -1): null

2019-08-24 12:15:52 - [TEST_STEP][PASSED] - if (i == 3 &amp;&amp; wildList.indexOf(symbol) != -1): null

2019-08-24 12:15:52 - [TEST_STEP][PASSED] - if (i == 4 &amp;&amp; wildList.indexOf(symbol) != -1): null

2019-08-24 12:15:52 - [TEST_STEP][PASSED] - free_spin_reel_counter = free_spin_reel_counter: null

2019-08-24 12:15:52 - [TEST_STEP][PASSED] - println("reel 3 wild found: " + free_spin_reel_counter[0]): null

2019-08-24 12:15:52 - [TEST_STEP][PASSED] - println("reel 4 wild found: " + free_spin_reel_counter[1]): null

2019-08-24 12:15:52 - [TEST_STEP][PASSED] - println("reel 5 wild found: " + free_spin_reel_counter[2]): null

2019-08-24 12:15:52 - [TEST_STEP][PASSED] - M4_spin_reels = M4_spin_reels: null

2019-08-24 12:15:52 - [TEST_STEP][PASSED] - M4_spin_reels_symbols = symbol: null

2019-08-24 12:15:52 - [TEST_STEP][PASSED] - M4_spin_reels_symbols = M4_spin_reels_symbols: null

2019-08-24 12:15:52 - [TEST_STEP][PASSED] - M4_spin_reel_wins = reel_wins: null

2019-08-24 12:15:52 - [TEST_STEP][PASSED] - M4_spin_reel_wins = M4_spin_reel_wins: null

2019-08-24 12:15:52 - [TEST_STEP][PASSED] - println("GlobalVariable.M4_spin_reel_wins is: " + M4_spin_reel_wins): null

2019-08-24 12:15:52 - [TEST_STEP][PASSED] - M4_spin_total_bonus_win_this_round = total_bonus_win_this_round: null

2019-08-24 12:15:52 - [TEST_STEP][PASSED] - M4_spin_total_bonus_win_this_round = M4_spin_total_bonus_win_this_round: null

2019-08-24 12:15:52 - [TEST_STEP][PASSED] - println("GlobalVariable.M4_spin_total_bonus_win_this_round is: " + M4_spin_total_bonus_win_this_round): null

2019-08-24 12:15:52 - [TEST_STEP][PASSED] - M4_spin_bonus_spin_result = spin_result: null

2019-08-24 12:15:52 - [TEST_STEP][PASSED] - M4_spin_bonus_spin_result = M4_spin_bonus_spin_result: null

2019-08-24 12:15:52 - [MESSAGE][PASSED] - Verify response successfully

2019-08-24 12:15:52 - [MESSAGE][PASSED] - Send request and verify the response successfully

2019-08-24 12:15:52 - [TEST_STEP][PASSED] - if (M4_total_bonus_spins_int != 0 &amp;&amp; M4_spin_reels_symbols[2].contains("WILD_ExtraFG") || M4_spin_reels_symbols[3].contains("WILD_ExtraFG")): null

2019-08-24 12:15:52 - [TEST_STEP][PASSED] - free_spin_reel_counter = free_spin_reel_counter: null

2019-08-24 12:15:52 - [TEST_STEP][PASSED] - M4_spin_reels_symbols = M4_spin_reels_symbols: null

2019-08-24 12:15:52 - [TEST_STEP][PASSED] - M4_total_bonus_spins = M4_total_bonus_spins: null

2019-08-24 12:15:52 - [TEST_STEP][PASSED] - spin_result = sendRequestAndVerify(findTestObject("INT/RGS(M4)/1_M4_spin", ["M4_login_user_id":M4_login_user_id, "rgs_session_token":rgs_session_token, "partner":Partner])): Send request and verify the response successfully

2019-08-24 12:15:52 - [MESSAGE][INFO] - HAR: /Users/eiralee/Katalon_Script/SuperWild/Reports/20190824_120919/INT/superWild_3/20190824_120919/requests/main/111.har

2019-08-24 12:15:52 - [TEST_CASE][PASSED] - Start Test Case : Verification: Verification accomplished successfully

2019-08-24 12:15:52 - [TEST_STEP][PASSED] - request = getInstance().getCurrentRequest(): null

2019-08-24 12:15:52 - [TEST_STEP][PASSED] - response = getInstance().getCurrentResponse(): null

2019-08-24 12:15:52 - [TEST_STEP][PASSED] - verifyResponseStatusCode(response, 200): Verify response status code successfully

2019-08-24 12:15:52 - [MESSAGE][PASSED] - Verify response status code successfully

2019-08-24 12:15:52 - [TEST_STEP][PASSED] - getStatusCode()).isEqualTo(200): null

2019-08-24 12:15:52 - [TEST_STEP][PASSED] - newline = System.getProperty("line.separator"): null

2019-08-24 12:15:52 - [TEST_STEP][PASSED] - M4_spin = new groovy.json.JsonSlurper(): null

2019-08-24 12:15:52 - [TEST_STEP][PASSED] - result_M4_spin = M4_spin.parseText(response.getResponseBodyContent()): null

2019-08-24 12:15:52 - [TEST_STEP][PASSED] - M4_spin_current_balance = current_balance: null

2019-08-24 12:15:52 - [TEST_STEP][PASSED] - M4_spin_current_balance = M4_spin_current_balance: null

2019-08-24 12:15:52 - [TEST_STEP][PASSED] - M4_spin_transaction_id = causality: null

2019-08-24 12:15:52 - [TEST_STEP][PASSED] - M4_spin_transaction_id = M4_spin_transaction_id: null

2019-08-24 12:15:52 - [TEST_STEP][PASSED] - M4_spin_round_id = round_id: null

2019-08-24 12:15:52 - [TEST_STEP][PASSED] - M4_spin_round_id = M4_spin_round_id: null

2019-08-24 12:15:52 - [TEST_STEP][PASSED] - M4_spin_line_wins = line_wins: null

2019-08-24 12:15:52 - [TEST_STEP][PASSED] - M4_spin_line_wins = M4_spin_line_wins: null

2019-08-24 12:15:52 - [TEST_STEP][PASSED] - M4_total_bonus_spins_int = total_bonus_spins: null

2019-08-24 12:15:52 - [TEST_STEP][PASSED] - println("******M4_total_bonus_spins type is:*******" + newline + getClass().getName()): null

2019-08-24 12:15:52 - [TEST_STEP][PASSED] - M4_total_bonus_spins_int = M4_total_bonus_spins_int: null

2019-08-24 12:15:52 - [TEST_STEP][PASSED] - M4_total_bonus_spins = Integer.toString(M4_total_bonus_spins_int): null

2019-08-24 12:15:52 - [TEST_STEP][PASSED] - M4_total_bonus_spins = M4_total_bonus_spins: null

2019-08-24 12:15:52 - [TEST_STEP][PASSED] - println("M4_total_bonus_spins is:" + M4_total_bonus_spins): null

2019-08-24 12:15:52 - [TEST_STEP][PASSED] - M4_spin_bonus_data = bonus_data: null

2019-08-24 12:15:52 - [TEST_STEP][PASSED] - M4_spin_features_triggered = result_M4_spin: null

2019-08-24 12:15:52 - [TEST_STEP][PASSED] - wild = []: null

2019-08-24 12:15:52 - [TEST_STEP][PASSED] - wild[0] = "WILD_Expanding": null

2019-08-24 12:15:52 - [TEST_STEP][PASSED] - wild[1] = "WILD_Normal": null

2019-08-24 12:15:52 - [TEST_STEP][PASSED] - wild[2] = "WILD_Double": null

2019-08-24 12:15:52 - [TEST_STEP][PASSED] - wild[3] = "WILD_ExtraFG": null

2019-08-24 12:15:52 - [TEST_STEP][PASSED] - wild[4] = "WILD_Triple": null

2019-08-24 12:15:52 - [TEST_STEP][PASSED] - wildList = Arrays.asList(wild): null

2019-08-24 12:15:52 - [TEST_STEP][PASSED] - wildList = wildList: null

2019-08-24 12:15:52 - [TEST_STEP][PASSED] - free_spin_reel_counter = []: null

2019-08-24 12:15:52 - [TEST_STEP][PASSED] - free_spin_reel_counter[0] = 0: null

2019-08-24 12:15:52 - [TEST_STEP][PASSED] - free_spin_reel_counter[1] = 0: null

2019-08-24 12:15:52 - [TEST_STEP][PASSED] - free_spin_reel_counter[2] = 0: null

2019-08-24 12:15:52 - [TEST_STEP][PASSED] - M4_spin_reels = reels: null

2019-08-24 12:15:52 - [TEST_STEP][PASSED] - for ([i = 0, i &lt; M4_spin_reels.size(), (i++)]): null

2019-08-24 12:15:52 - [TEST_STEP][PASSED] - symbols = symbols: null

2019-08-24 12:15:52 - [TEST_STEP][PASSED] - for ([j = 0, j &lt; symbols.size(), (j++)]): null

2019-08-24 12:15:52 - [TEST_STEP][PASSED] - symbol = symbol: null

2019-08-24 12:15:52 - [TEST_STEP][PASSED] - println(symbol): null

2019-08-24 12:15:52 - [TEST_STEP][PASSED] - if (i == 2 &amp;&amp; wildList.indexOf(symbol) != -1): null

2019-08-24 12:15:52 - [TEST_STEP][PASSED] - if (i == 3 &amp;&amp; wildList.indexOf(symbol) != -1): null

2019-08-24 12:15:52 - [TEST_STEP][PASSED] - if (i == 4 &amp;&amp; wildList.indexOf(symbol) != -1): null

2019-08-24 12:15:52 - [TEST_STEP][PASSED] - symbol = symbol: null

2019-08-24 12:15:52 - [TEST_STEP][PASSED] - println(symbol): null

2019-08-24 12:15:52 - [TEST_STEP][PASSED] - if (i == 2 &amp;&amp; wildList.indexOf(symbol) != -1): null

2019-08-24 12:15:52 - [TEST_STEP][PASSED] - if (i == 3 &amp;&amp; wildList.indexOf(symbol) != -1): null

2019-08-24 12:15:52 - [TEST_STEP][PASSED] - if (i == 4 &amp;&amp; wildList.indexOf(symbol) != -1): null

2019-08-24 12:15:52 - [TEST_STEP][PASSED] - symbol = symbol: null

2019-08-24 12:15:52 - [TEST_STEP][PASSED] - println(symbol): null

2019-08-24 12:15:52 - [TEST_STEP][PASSED] - if (i == 2 &amp;&amp; wildList.indexOf(symbol) != -1): null

2019-08-24 12:15:52 - [TEST_STEP][PASSED] - if (i == 3 &amp;&amp; wildList.indexOf(symbol) != -1): null

2019-08-24 12:15:52 - [TEST_STEP][PASSED] - if (i == 4 &amp;&amp; wildList.indexOf(symbol) != -1): null

2019-08-24 12:15:52 - [TEST_STEP][PASSED] - symbols = symbols: null

2019-08-24 12:15:52 - [TEST_STEP][PASSED] - for ([j = 0, j &lt; symbols.size(), (j++)]): null

2019-08-24 12:15:52 - [TEST_STEP][PASSED] - symbol = symbol: null

2019-08-24 12:15:52 - [TEST_STEP][PASSED] - println(symbol): null

2019-08-24 12:15:52 - [TEST_STEP][PASSED] - if (i == 2 &amp;&amp; wildList.indexOf(symbol) != -1): null

2019-08-24 12:15:52 - [TEST_STEP][PASSED] - if (i == 3 &amp;&amp; wildList.indexOf(symbol) != -1): null

2019-08-24 12:15:52 - [TEST_STEP][PASSED] - if (i == 4 &amp;&amp; wildList.indexOf(symbol) != -1): null

2019-08-24 12:15:52 - [TEST_STEP][PASSED] - symbol = symbol: null

2019-08-24 12:15:52 - [TEST_STEP][PASSED] - println(symbol): null

2019-08-24 12:15:52 - [TEST_STEP][PASSED] - if (i == 2 &amp;&amp; wildList.indexOf(symbol) != -1): null

2019-08-24 12:15:52 - [TEST_STEP][PASSED] - if (i == 3 &amp;&amp; wildList.indexOf(symbol) != -1): null

2019-08-24 12:15:52 - [TEST_STEP][PASSED] - if (i == 4 &amp;&amp; wildList.indexOf(symbol) != -1): null

2019-08-24 12:15:52 - [TEST_STEP][PASSED] - symbol = symbol: null

2019-08-24 12:15:52 - [TEST_STEP][PASSED] - println(symbol): null

2019-08-24 12:15:52 - [TEST_STEP][PASSED] - if (i == 2 &amp;&amp; wildList.indexOf(symbol) != -1): null

2019-08-24 12:15:52 - [TEST_STEP][PASSED] - if (i == 3 &amp;&amp; wildList.indexOf(symbol) != -1): null

2019-08-24 12:15:52 - [TEST_STEP][PASSED] - if (i == 4 &amp;&amp; wildList.indexOf(symbol) != -1): null

2019-08-24 12:15:52 - [TEST_STEP][PASSED] - symbols = symbols: null

2019-08-24 12:15:52 - [TEST_STEP][PASSED] - for ([j = 0, j &lt; symbols.size(), (j++)]): null

2019-08-24 12:15:52 - [TEST_STEP][PASSED] - symbol = symbol: null

2019-08-24 12:15:52 - [TEST_STEP][PASSED] - println(symbol): null

2019-08-24 12:15:52 - [TEST_STEP][PASSED] - if (i == 2 &amp;&amp; wildList.indexOf(symbol) != -1): null

2019-08-24 12:15:52 - [TEST_STEP][PASSED] - if (i == 3 &amp;&amp; wildList.indexOf(symbol) != -1): null

2019-08-24 12:15:52 - [TEST_STEP][PASSED] - if (i == 4 &amp;&amp; wildList.indexOf(symbol) != -1): null

2019-08-24 12:15:52 - [TEST_STEP][PASSED] - symbol = symbol: null

2019-08-24 12:15:52 - [TEST_STEP][PASSED] - println(symbol): null

2019-08-24 12:15:52 - [TEST_STEP][PASSED] - if (i == 2 &amp;&amp; wildList.indexOf(symbol) != -1): null

2019-08-24 12:15:52 - [TEST_STEP][PASSED] - if (i == 3 &amp;&amp; wildList.indexOf(symbol) != -1): null

2019-08-24 12:15:52 - [TEST_STEP][PASSED] - if (i == 4 &amp;&amp; wildList.indexOf(symbol) != -1): null

2019-08-24 12:15:52 - [TEST_STEP][PASSED] - symbol = symbol: null

2019-08-24 12:15:52 - [TEST_STEP][PASSED] - println(symbol): null

2019-08-24 12:15:52 - [TEST_STEP][PASSED] - if (i == 2 &amp;&amp; wildList.indexOf(symbol) != -1): null

2019-08-24 12:15:52 - [TEST_STEP][PASSED] - if (i == 3 &amp;&amp; wildList.indexOf(symbol) != -1): null

2019-08-24 12:15:52 - [TEST_STEP][PASSED] - if (i == 4 &amp;&amp; wildList.indexOf(symbol) != -1): null

2019-08-24 12:15:52 - [TEST_STEP][PASSED] - symbols = symbols: null

2019-08-24 12:15:52 - [TEST_STEP][PASSED] - for ([j = 0, j &lt; symbols.size(), (j++)]): null

2019-08-24 12:15:52 - [TEST_STEP][PASSED] - symbol = symbol: null

2019-08-24 12:15:52 - [TEST_STEP][PASSED] - println(symbol): null

2019-08-24 12:15:52 - [TEST_STEP][PASSED] - if (i == 2 &amp;&amp; wildList.indexOf(symbol) != -1): null

2019-08-24 12:15:52 - [TEST_STEP][PASSED] - if (i == 3 &amp;&amp; wildList.indexOf(symbol) != -1): null

2019-08-24 12:15:52 - [TEST_STEP][PASSED] - if (i == 4 &amp;&amp; wildList.indexOf(symbol) != -1): null

2019-08-24 12:15:52 - [TEST_STEP][PASSED] - symbol = symbol: null

2019-08-24 12:15:52 - [TEST_STEP][PASSED] - println(symbol): null

2019-08-24 12:15:52 - [TEST_STEP][PASSED] - if (i == 2 &amp;&amp; wildList.indexOf(symbol) != -1): null

2019-08-24 12:15:52 - [TEST_STEP][PASSED] - if (i == 3 &amp;&amp; wildList.indexOf(symbol) != -1): null

2019-08-24 12:15:52 - [TEST_STEP][PASSED] - if (i == 4 &amp;&amp; wildList.indexOf(symbol) != -1): null

2019-08-24 12:15:52 - [TEST_STEP][PASSED] - symbol = symbol: null

2019-08-24 12:15:52 - [TEST_STEP][PASSED] - println(symbol): null

2019-08-24 12:15:52 - [TEST_STEP][PASSED] - if (i == 2 &amp;&amp; wildList.indexOf(symbol) != -1): null

2019-08-24 12:15:52 - [TEST_STEP][PASSED] - if (i == 3 &amp;&amp; wildList.indexOf(symbol) != -1): null

2019-08-24 12:15:52 - [TEST_STEP][PASSED] - if (i == 4 &amp;&amp; wildList.indexOf(symbol) != -1): null

2019-08-24 12:15:52 - [TEST_STEP][PASSED] - symbols = symbols: null

2019-08-24 12:15:52 - [TEST_STEP][PASSED] - for ([j = 0, j &lt; symbols.size(), (j++)]): null

2019-08-24 12:15:52 - [TEST_STEP][PASSED] - symbol = symbol: null

2019-08-24 12:15:52 - [TEST_STEP][PASSED] - println(symbol): null

2019-08-24 12:15:52 - [TEST_STEP][PASSED] - if (i == 2 &amp;&amp; wildList.indexOf(symbol) != -1): null

2019-08-24 12:15:52 - [TEST_STEP][PASSED] - if (i == 3 &amp;&amp; wildList.indexOf(symbol) != -1): null

2019-08-24 12:15:52 - [TEST_STEP][PASSED] - if (i == 4 &amp;&amp; wildList.indexOf(symbol) != -1): null

2019-08-24 12:15:52 - [TEST_STEP][PASSED] - symbol = symbol: null

2019-08-24 12:15:52 - [TEST_STEP][PASSED] - println(symbol): null

2019-08-24 12:15:52 - [TEST_STEP][PASSED] - if (i == 2 &amp;&amp; wildList.indexOf(symbol) != -1): null

2019-08-24 12:15:52 - [TEST_STEP][PASSED] - if (i == 3 &amp;&amp; wildList.indexOf(symbol) != -1): null

2019-08-24 12:15:52 - [TEST_STEP][PASSED] - if (i == 4 &amp;&amp; wildList.indexOf(symbol) != -1): null

2019-08-24 12:15:52 - [TEST_STEP][PASSED] - symbol = symbol: null

2019-08-24 12:15:52 - [TEST_STEP][PASSED] - println(symbol): null

2019-08-24 12:15:52 - [TEST_STEP][PASSED] - if (i == 2 &amp;&amp; wildList.indexOf(symbol) != -1): null

2019-08-24 12:15:52 - [TEST_STEP][PASSED] - if (i == 3 &amp;&amp; wildList.indexOf(symbol) != -1): null

2019-08-24 12:15:52 - [TEST_STEP][PASSED] - if (i == 4 &amp;&amp; wildList.indexOf(symbol) != -1): null

2019-08-24 12:15:52 - [TEST_STEP][PASSED] - free_spin_reel_counter = free_spin_reel_counter: null

2019-08-24 12:15:52 - [TEST_STEP][PASSED] - println("reel 3 wild found: " + free_spin_reel_counter[0]): null

2019-08-24 12:15:52 - [TEST_STEP][PASSED] - println("reel 4 wild found: " + free_spin_reel_counter[1]): null

2019-08-24 12:15:52 - [TEST_STEP][PASSED] - println("reel 5 wild found: " + free_spin_reel_counter[2]): null

2019-08-24 12:15:52 - [TEST_STEP][PASSED] - M4_spin_reels = M4_spin_reels: null

2019-08-24 12:15:52 - [TEST_STEP][PASSED] - M4_spin_reels_symbols = symbol: null

2019-08-24 12:15:52 - [TEST_STEP][PASSED] - M4_spin_reels_symbols = M4_spin_reels_symbols: null

2019-08-24 12:15:52 - [TEST_STEP][PASSED] - M4_spin_reel_wins = reel_wins: null

2019-08-24 12:15:52 - [TEST_STEP][PASSED] - M4_spin_reel_wins = M4_spin_reel_wins: null

2019-08-24 12:15:52 - [TEST_STEP][PASSED] - println("GlobalVariable.M4_spin_reel_wins is: " + M4_spin_reel_wins): null

2019-08-24 12:15:52 - [TEST_STEP][PASSED] - M4_spin_total_bonus_win_this_round = total_bonus_win_this_round: null

2019-08-24 12:15:52 - [TEST_STEP][PASSED] - M4_spin_total_bonus_win_this_round = M4_spin_total_bonus_win_this_round: null

2019-08-24 12:15:52 - [TEST_STEP][PASSED] - println("GlobalVariable.M4_spin_total_bonus_win_this_round is: " + M4_spin_total_bonus_win_this_round): null

2019-08-24 12:15:52 - [TEST_STEP][PASSED] - M4_spin_bonus_spin_result = spin_result: null

2019-08-24 12:15:52 - [TEST_STEP][PASSED] - M4_spin_bonus_spin_result = M4_spin_bonus_spin_result: null

2019-08-24 12:15:52 - [MESSAGE][PASSED] - Verify response successfully

2019-08-24 12:15:52 - [MESSAGE][PASSED] - Send request and verify the response successfully

2019-08-24 12:15:52 - [TEST_STEP][PASSED] - if (M4_total_bonus_spins_int != 0 &amp;&amp; M4_spin_reels_symbols[2].contains("WILD_ExtraFG") || M4_spin_reels_symbols[3].contains("WILD_ExtraFG")): null

2019-08-24 12:15:52 - [TEST_STEP][PASSED] - free_spin_reel_counter = free_spin_reel_counter: null

2019-08-24 12:15:52 - [TEST_STEP][PASSED] - M4_spin_reels_symbols = M4_spin_reels_symbols: null

2019-08-24 12:15:52 - [TEST_STEP][PASSED] - M4_total_bonus_spins = M4_total_bonus_spins: null

2019-08-24 12:15:52 - [TEST_STEP][PASSED] - spin_result = sendRequestAndVerify(findTestObject("INT/RGS(M4)/1_M4_spin", ["M4_login_user_id":M4_login_user_id, "rgs_session_token":rgs_session_token, "partner":Partner])): Send request and verify the response successfully

2019-08-24 12:15:53 - [MESSAGE][INFO] - HAR: /Users/eiralee/Katalon_Script/SuperWild/Reports/20190824_120919/INT/superWild_3/20190824_120919/requests/main/112.har

2019-08-24 12:15:53 - [TEST_CASE][PASSED] - Start Test Case : Verification: Verification accomplished successfully

2019-08-24 12:15:53 - [TEST_STEP][PASSED] - request = getInstance().getCurrentRequest(): null

2019-08-24 12:15:53 - [TEST_STEP][PASSED] - response = getInstance().getCurrentResponse(): null

2019-08-24 12:15:53 - [TEST_STEP][PASSED] - verifyResponseStatusCode(response, 200): Verify response status code successfully

2019-08-24 12:15:53 - [MESSAGE][PASSED] - Verify response status code successfully

2019-08-24 12:15:53 - [TEST_STEP][PASSED] - getStatusCode()).isEqualTo(200): null

2019-08-24 12:15:53 - [TEST_STEP][PASSED] - newline = System.getProperty("line.separator"): null

2019-08-24 12:15:53 - [TEST_STEP][PASSED] - M4_spin = new groovy.json.JsonSlurper(): null

2019-08-24 12:15:53 - [TEST_STEP][PASSED] - result_M4_spin = M4_spin.parseText(response.getResponseBodyContent()): null

2019-08-24 12:15:53 - [TEST_STEP][PASSED] - M4_spin_current_balance = current_balance: null

2019-08-24 12:15:53 - [TEST_STEP][PASSED] - M4_spin_current_balance = M4_spin_current_balance: null

2019-08-24 12:15:53 - [TEST_STEP][PASSED] - M4_spin_transaction_id = causality: null

2019-08-24 12:15:53 - [TEST_STEP][PASSED] - M4_spin_transaction_id = M4_spin_transaction_id: null

2019-08-24 12:15:53 - [TEST_STEP][PASSED] - M4_spin_round_id = round_id: null

2019-08-24 12:15:53 - [TEST_STEP][PASSED] - M4_spin_round_id = M4_spin_round_id: null

2019-08-24 12:15:53 - [TEST_STEP][PASSED] - M4_spin_line_wins = line_wins: null

2019-08-24 12:15:53 - [TEST_STEP][PASSED] - M4_spin_line_wins = M4_spin_line_wins: null

2019-08-24 12:15:53 - [TEST_STEP][PASSED] - M4_total_bonus_spins_int = total_bonus_spins: null

2019-08-24 12:15:53 - [TEST_STEP][PASSED] - println("******M4_total_bonus_spins type is:*******" + newline + getClass().getName()): null

2019-08-24 12:15:53 - [TEST_STEP][PASSED] - M4_total_bonus_spins_int = M4_total_bonus_spins_int: null

2019-08-24 12:15:53 - [TEST_STEP][PASSED] - M4_total_bonus_spins = Integer.toString(M4_total_bonus_spins_int): null

2019-08-24 12:15:53 - [TEST_STEP][PASSED] - M4_total_bonus_spins = M4_total_bonus_spins: null

2019-08-24 12:15:53 - [TEST_STEP][PASSED] - println("M4_total_bonus_spins is:" + M4_total_bonus_spins): null

2019-08-24 12:15:53 - [TEST_STEP][PASSED] - M4_spin_bonus_data = bonus_data: null

2019-08-24 12:15:53 - [TEST_STEP][PASSED] - M4_spin_features_triggered = result_M4_spin: null

2019-08-24 12:15:53 - [TEST_STEP][PASSED] - wild = []: null

2019-08-24 12:15:53 - [TEST_STEP][PASSED] - wild[0] = "WILD_Expanding": null

2019-08-24 12:15:53 - [TEST_STEP][PASSED] - wild[1] = "WILD_Normal": null

2019-08-24 12:15:53 - [TEST_STEP][PASSED] - wild[2] = "WILD_Double": null

2019-08-24 12:15:53 - [TEST_STEP][PASSED] - wild[3] = "WILD_ExtraFG": null

2019-08-24 12:15:57 - [TEST_STEP][PASSED] - wild[4] = "WILD_Triple": null

2019-08-24 12:15:57 - [TEST_STEP][PASSED] - wildList = Arrays.asList(wild): null

2019-08-24 12:15:57 - [TEST_STEP][PASSED] - wildList = wildList: null

2019-08-24 12:15:57 - [TEST_STEP][PASSED] - free_spin_reel_counter = []: null

2019-08-24 12:15:57 - [TEST_STEP][PASSED] - free_spin_reel_counter[0] = 0: null

2019-08-24 12:15:57 - [TEST_STEP][PASSED] - free_spin_reel_counter[1] = 0: null

2019-08-24 12:15:57 - [TEST_STEP][PASSED] - free_spin_reel_counter[2] = 0: null

2019-08-24 12:15:57 - [TEST_STEP][PASSED] - M4_spin_reels = reels: null

2019-08-24 12:15:57 - [TEST_STEP][PASSED] - for ([i = 0, i &lt; M4_spin_reels.size(), (i++)]): null

2019-08-24 12:15:57 - [TEST_STEP][PASSED] - symbols = symbols: null

2019-08-24 12:15:59 - [TEST_STEP][PASSED] - for ([j = 0, j &lt; symbols.size(), (j++)]): null

2019-08-24 12:15:59 - [TEST_STEP][PASSED] - symbol = symbol: null

2019-08-24 12:15:59 - [TEST_STEP][PASSED] - println(symbol): null

2019-08-24 12:15:59 - [TEST_STEP][PASSED] - if (i == 2 &amp;&amp; wildList.indexOf(symbol) != -1): null

2019-08-24 12:15:59 - [TEST_STEP][PASSED] - if (i == 3 &amp;&amp; wildList.indexOf(symbol) != -1): null

2019-08-24 12:15:59 - [TEST_STEP][PASSED] - if (i == 4 &amp;&amp; wildList.indexOf(symbol) != -1): null

2019-08-24 12:15:59 - [TEST_STEP][PASSED] - symbol = symbol: null

2019-08-24 12:15:59 - [TEST_STEP][PASSED] - println(symbol): null

2019-08-24 12:15:59 - [TEST_STEP][PASSED] - if (i == 2 &amp;&amp; wildList.indexOf(symbol) != -1): null

2019-08-24 12:15:59 - [TEST_STEP][PASSED] - if (i == 3 &amp;&amp; wildList.indexOf(symbol) != -1): null

2019-08-24 12:15:59 - [TEST_STEP][PASSED] - if (i == 4 &amp;&amp; wildList.indexOf(symbol) != -1): null

2019-08-24 12:15:59 - [TEST_STEP][PASSED] - symbol = symbol: null

2019-08-24 12:15:59 - [TEST_STEP][PASSED] - println(symbol): null

2019-08-24 12:15:59 - [TEST_STEP][PASSED] - if (i == 2 &amp;&amp; wildList.indexOf(symbol) != -1): null

2019-08-24 12:15:59 - [TEST_STEP][PASSED] - if (i == 3 &amp;&amp; wildList.indexOf(symbol) != -1): null

2019-08-24 12:15:59 - [TEST_STEP][PASSED] - if (i == 4 &amp;&amp; wildList.indexOf(symbol) != -1): null

2019-08-24 12:15:59 - [TEST_STEP][PASSED] - symbols = symbols: null

2019-08-24 12:15:59 - [TEST_STEP][PASSED] - for ([j = 0, j &lt; symbols.size(), (j++)]): null

2019-08-24 12:15:59 - [TEST_STEP][PASSED] - symbol = symbol: null

2019-08-24 12:15:59 - [TEST_STEP][PASSED] - println(symbol): null

2019-08-24 12:15:59 - [TEST_STEP][PASSED] - if (i == 2 &amp;&amp; wildList.indexOf(symbol) != -1): null

2019-08-24 12:15:59 - [TEST_STEP][PASSED] - if (i == 3 &amp;&amp; wildList.indexOf(symbol) != -1): null

2019-08-24 12:15:59 - [TEST_STEP][PASSED] - if (i == 4 &amp;&amp; wildList.indexOf(symbol) != -1): null

2019-08-24 12:15:59 - [TEST_STEP][PASSED] - symbol = symbol: null

2019-08-24 12:15:59 - [TEST_STEP][PASSED] - println(symbol): null

2019-08-24 12:15:59 - [TEST_STEP][PASSED] - if (i == 2 &amp;&amp; wildList.indexOf(symbol) != -1): null

2019-08-24 12:15:59 - [TEST_STEP][PASSED] - if (i == 3 &amp;&amp; wildList.indexOf(symbol) != -1): null

2019-08-24 12:15:59 - [TEST_STEP][PASSED] - if (i == 4 &amp;&amp; wildList.indexOf(symbol) != -1): null

2019-08-24 12:15:59 - [TEST_STEP][PASSED] - symbol = symbol: null

2019-08-24 12:15:59 - [TEST_STEP][PASSED] - println(symbol): null

2019-08-24 12:15:59 - [TEST_STEP][PASSED] - if (i == 2 &amp;&amp; wildList.indexOf(symbol) != -1): null

2019-08-24 12:15:59 - [TEST_STEP][PASSED] - if (i == 3 &amp;&amp; wildList.indexOf(symbol) != -1): null

2019-08-24 12:15:59 - [TEST_STEP][PASSED] - if (i == 4 &amp;&amp; wildList.indexOf(symbol) != -1): null

2019-08-24 12:15:59 - [TEST_STEP][PASSED] - symbols = symbols: null

2019-08-24 12:15:59 - [TEST_STEP][PASSED] - for ([j = 0, j &lt; symbols.size(), (j++)]): null

2019-08-24 12:15:59 - [TEST_STEP][PASSED] - symbol = symbol: null

2019-08-24 12:15:59 - [TEST_STEP][PASSED] - println(symbol): null

2019-08-24 12:15:59 - [TEST_STEP][PASSED] - if (i == 2 &amp;&amp; wildList.indexOf(symbol) != -1): null

2019-08-24 12:15:59 - [TEST_STEP][PASSED] - if (i == 3 &amp;&amp; wildList.indexOf(symbol) != -1): null

2019-08-24 12:15:59 - [TEST_STEP][PASSED] - if (i == 4 &amp;&amp; wildList.indexOf(symbol) != -1): null

2019-08-24 12:15:59 - [TEST_STEP][PASSED] - symbol = symbol: null

2019-08-24 12:15:59 - [TEST_STEP][PASSED] - println(symbol): null

2019-08-24 12:15:59 - [TEST_STEP][PASSED] - if (i == 2 &amp;&amp; wildList.indexOf(symbol) != -1): null

2019-08-24 12:15:59 - [TEST_STEP][PASSED] - if (i == 3 &amp;&amp; wildList.indexOf(symbol) != -1): null

2019-08-24 12:15:59 - [TEST_STEP][PASSED] - if (i == 4 &amp;&amp; wildList.indexOf(symbol) != -1): null

2019-08-24 12:15:59 - [TEST_STEP][PASSED] - symbol = symbol: null

2019-08-24 12:15:59 - [TEST_STEP][PASSED] - println(symbol): null

2019-08-24 12:15:59 - [TEST_STEP][PASSED] - if (i == 2 &amp;&amp; wildList.indexOf(symbol) != -1): null

2019-08-24 12:15:59 - [TEST_STEP][PASSED] - if (i == 3 &amp;&amp; wildList.indexOf(symbol) != -1): null

2019-08-24 12:15:59 - [TEST_STEP][PASSED] - if (i == 4 &amp;&amp; wildList.indexOf(symbol) != -1): null

2019-08-24 12:15:59 - [TEST_STEP][PASSED] - symbols = symbols: null

2019-08-24 12:15:59 - [TEST_STEP][PASSED] - for ([j = 0, j &lt; symbols.size(), (j++)]): null

2019-08-24 12:15:59 - [TEST_STEP][PASSED] - symbol = symbol: null

2019-08-24 12:15:59 - [TEST_STEP][PASSED] - println(symbol): null

2019-08-24 12:15:59 - [TEST_STEP][PASSED] - if (i == 2 &amp;&amp; wildList.indexOf(symbol) != -1): null

2019-08-24 12:15:59 - [TEST_STEP][PASSED] - if (i == 3 &amp;&amp; wildList.indexOf(symbol) != -1): null

2019-08-24 12:15:59 - [TEST_STEP][PASSED] - if (i == 4 &amp;&amp; wildList.indexOf(symbol) != -1): null

2019-08-24 12:15:59 - [TEST_STEP][PASSED] - symbol = symbol: null

2019-08-24 12:15:59 - [TEST_STEP][PASSED] - println(symbol): null

2019-08-24 12:15:59 - [TEST_STEP][PASSED] - if (i == 2 &amp;&amp; wildList.indexOf(symbol) != -1): null

2019-08-24 12:15:59 - [TEST_STEP][PASSED] - if (i == 3 &amp;&amp; wildList.indexOf(symbol) != -1): null

2019-08-24 12:15:59 - [TEST_STEP][PASSED] - if (i == 4 &amp;&amp; wildList.indexOf(symbol) != -1): null

2019-08-24 12:15:59 - [TEST_STEP][PASSED] - symbol = symbol: null

2019-08-24 12:15:59 - [TEST_STEP][PASSED] - println(symbol): null

2019-08-24 12:15:59 - [TEST_STEP][PASSED] - if (i == 2 &amp;&amp; wildList.indexOf(symbol) != -1): null

2019-08-24 12:15:59 - [TEST_STEP][PASSED] - if (i == 3 &amp;&amp; wildList.indexOf(symbol) != -1): null

2019-08-24 12:15:59 - [TEST_STEP][PASSED] - if (i == 4 &amp;&amp; wildList.indexOf(symbol) != -1): null

2019-08-24 12:15:59 - [TEST_STEP][PASSED] - symbols = symbols: null

2019-08-24 12:15:59 - [TEST_STEP][PASSED] - for ([j = 0, j &lt; symbols.size(), (j++)]): null

2019-08-24 12:15:59 - [TEST_STEP][PASSED] - symbol = symbol: null

2019-08-24 12:15:59 - [TEST_STEP][PASSED] - println(symbol): null

2019-08-24 12:15:59 - [TEST_STEP][PASSED] - if (i == 2 &amp;&amp; wildList.indexOf(symbol) != -1): null

2019-08-24 12:15:59 - [TEST_STEP][PASSED] - if (i == 3 &amp;&amp; wildList.indexOf(symbol) != -1): null

2019-08-24 12:15:59 - [TEST_STEP][PASSED] - if (i == 4 &amp;&amp; wildList.indexOf(symbol) != -1): null

2019-08-24 12:15:59 - [TEST_STEP][PASSED] - symbol = symbol: null

2019-08-24 12:15:59 - [TEST_STEP][PASSED] - println(symbol): null

2019-08-24 12:15:59 - [TEST_STEP][PASSED] - if (i == 2 &amp;&amp; wildList.indexOf(symbol) != -1): null

2019-08-24 12:15:59 - [TEST_STEP][PASSED] - if (i == 3 &amp;&amp; wildList.indexOf(symbol) != -1): null

2019-08-24 12:15:59 - [TEST_STEP][PASSED] - if (i == 4 &amp;&amp; wildList.indexOf(symbol) != -1): null

2019-08-24 12:15:59 - [TEST_STEP][PASSED] - symbol = symbol: null

2019-08-24 12:15:59 - [TEST_STEP][PASSED] - println(symbol): null

2019-08-24 12:15:59 - [TEST_STEP][PASSED] - if (i == 2 &amp;&amp; wildList.indexOf(symbol) != -1): null

2019-08-24 12:15:59 - [TEST_STEP][PASSED] - if (i == 3 &amp;&amp; wildList.indexOf(symbol) != -1): null

2019-08-24 12:15:59 - [TEST_STEP][PASSED] - if (i == 4 &amp;&amp; wildList.indexOf(symbol) != -1): null

2019-08-24 12:15:59 - [TEST_STEP][PASSED] - free_spin_reel_counter = free_spin_reel_counter: null

2019-08-24 12:15:59 - [TEST_STEP][PASSED] - println("reel 3 wild found: " + free_spin_reel_counter[0]): null

2019-08-24 12:15:59 - [TEST_STEP][PASSED] - println("reel 4 wild found: " + free_spin_reel_counter[1]): null

2019-08-24 12:15:59 - [TEST_STEP][PASSED] - println("reel 5 wild found: " + free_spin_reel_counter[2]): null

2019-08-24 12:15:59 - [TEST_STEP][PASSED] - M4_spin_reels = M4_spin_reels: null

2019-08-24 12:15:59 - [TEST_STEP][PASSED] - M4_spin_reels_symbols = symbol: null

2019-08-24 12:15:59 - [TEST_STEP][PASSED] - M4_spin_reels_symbols = M4_spin_reels_symbols: null

2019-08-24 12:15:59 - [TEST_STEP][PASSED] - M4_spin_reel_wins = reel_wins: null

2019-08-24 12:15:59 - [TEST_STEP][PASSED] - M4_spin_reel_wins = M4_spin_reel_wins: null

2019-08-24 12:15:59 - [TEST_STEP][PASSED] - println("GlobalVariable.M4_spin_reel_wins is: " + M4_spin_reel_wins): null

2019-08-24 12:15:59 - [TEST_STEP][PASSED] - M4_spin_total_bonus_win_this_round = total_bonus_win_this_round: null

2019-08-24 12:15:59 - [TEST_STEP][PASSED] - M4_spin_total_bonus_win_this_round = M4_spin_total_bonus_win_this_round: null

2019-08-24 12:15:59 - [TEST_STEP][PASSED] - println("GlobalVariable.M4_spin_total_bonus_win_this_round is: " + M4_spin_total_bonus_win_this_round): null

2019-08-24 12:15:59 - [TEST_STEP][PASSED] - M4_spin_bonus_spin_result = spin_result: null

2019-08-24 12:15:59 - [TEST_STEP][PASSED] - M4_spin_bonus_spin_result = M4_spin_bonus_spin_result: null

2019-08-24 12:15:59 - [MESSAGE][PASSED] - Verify response successfully

2019-08-24 12:15:59 - [MESSAGE][PASSED] - Send request and verify the response successfully

2019-08-24 12:15:59 - [TEST_STEP][PASSED] - if (M4_total_bonus_spins_int != 0 &amp;&amp; M4_spin_reels_symbols[2].contains("WILD_ExtraFG") || M4_spin_reels_symbols[3].contains("WILD_ExtraFG")): null

2019-08-24 12:15:59 - [TEST_STEP][PASSED] - free_spin_reel_counter = free_spin_reel_counter: null

2019-08-24 12:15:59 - [TEST_STEP][PASSED] - M4_spin_reels_symbols = M4_spin_reels_symbols: null

2019-08-24 12:15:59 - [TEST_STEP][PASSED] - M4_total_bonus_spins = M4_total_bonus_spins: null

2019-08-24 12:15:59 - [TEST_STEP][PASSED] - spin_result = sendRequestAndVerify(findTestObject("INT/RGS(M4)/1_M4_spin", ["M4_login_user_id":M4_login_user_id, "rgs_session_token":rgs_session_token, "partner":Partner])): Send request and verify the response successfully

2019-08-24 12:16:00 - [MESSAGE][INFO] - HAR: /Users/eiralee/Katalon_Script/SuperWild/Reports/20190824_120919/INT/superWild_3/20190824_120919/requests/main/113.har

2019-08-24 12:16:00 - [TEST_CASE][PASSED] - Start Test Case : Verification: Verification accomplished successfully

2019-08-24 12:16:00 - [TEST_STEP][PASSED] - request = getInstance().getCurrentRequest(): null

2019-08-24 12:16:00 - [TEST_STEP][PASSED] - response = getInstance().getCurrentResponse(): null

2019-08-24 12:16:00 - [TEST_STEP][PASSED] - verifyResponseStatusCode(response, 200): Verify response status code successfully

2019-08-24 12:16:00 - [MESSAGE][PASSED] - Verify response status code successfully

2019-08-24 12:16:00 - [TEST_STEP][PASSED] - getStatusCode()).isEqualTo(200): null

2019-08-24 12:16:00 - [TEST_STEP][PASSED] - newline = System.getProperty("line.separator"): null

2019-08-24 12:16:00 - [TEST_STEP][PASSED] - M4_spin = new groovy.json.JsonSlurper(): null

2019-08-24 12:16:00 - [TEST_STEP][PASSED] - result_M4_spin = M4_spin.parseText(response.getResponseBodyContent()): null

2019-08-24 12:16:00 - [TEST_STEP][PASSED] - M4_spin_current_balance = current_balance: null

2019-08-24 12:16:00 - [TEST_STEP][PASSED] - M4_spin_current_balance = M4_spin_current_balance: null

2019-08-24 12:16:00 - [TEST_STEP][PASSED] - M4_spin_transaction_id = causality: null

2019-08-24 12:16:00 - [TEST_STEP][PASSED] - M4_spin_transaction_id = M4_spin_transaction_id: null

2019-08-24 12:16:00 - [TEST_STEP][PASSED] - M4_spin_round_id = round_id: null

2019-08-24 12:16:00 - [TEST_STEP][PASSED] - M4_spin_round_id = M4_spin_round_id: null

2019-08-24 12:16:00 - [TEST_STEP][PASSED] - M4_spin_line_wins = line_wins: null

2019-08-24 12:16:00 - [TEST_STEP][PASSED] - M4_spin_line_wins = M4_spin_line_wins: null

2019-08-24 12:16:00 - [TEST_STEP][PASSED] - M4_total_bonus_spins_int = total_bonus_spins: null

2019-08-24 12:16:00 - [TEST_STEP][PASSED] - println("******M4_total_bonus_spins type is:*******" + newline + getClass().getName()): null

2019-08-24 12:16:00 - [TEST_STEP][PASSED] - M4_total_bonus_spins_int = M4_total_bonus_spins_int: null

2019-08-24 12:16:00 - [TEST_STEP][PASSED] - M4_total_bonus_spins = Integer.toString(M4_total_bonus_spins_int): null

2019-08-24 12:16:00 - [TEST_STEP][PASSED] - M4_total_bonus_spins = M4_total_bonus_spins: null

2019-08-24 12:16:00 - [TEST_STEP][PASSED] - println("M4_total_bonus_spins is:" + M4_total_bonus_spins): null

2019-08-24 12:16:00 - [TEST_STEP][PASSED] - M4_spin_bonus_data = bonus_data: null

2019-08-24 12:16:00 - [TEST_STEP][PASSED] - M4_spin_features_triggered = result_M4_spin: null

2019-08-24 12:16:00 - [TEST_STEP][PASSED] - wild = []: null

2019-08-24 12:16:00 - [TEST_STEP][PASSED] - wild[0] = "WILD_Expanding": null

2019-08-24 12:16:00 - [TEST_STEP][PASSED] - wild[1] = "WILD_Normal": null

2019-08-24 12:16:00 - [TEST_STEP][PASSED] - wild[2] = "WILD_Double": null

2019-08-24 12:16:00 - [TEST_STEP][PASSED] - wild[3] = "WILD_ExtraFG": null

2019-08-24 12:16:00 - [TEST_STEP][PASSED] - wild[4] = "WILD_Triple": null

2019-08-24 12:16:00 - [TEST_STEP][PASSED] - wildList = Arrays.asList(wild): null

2019-08-24 12:16:00 - [TEST_STEP][PASSED] - wildList = wildList: null

2019-08-24 12:16:00 - [TEST_STEP][PASSED] - free_spin_reel_counter = []: null

2019-08-24 12:16:00 - [TEST_STEP][PASSED] - free_spin_reel_counter[0] = 0: null

2019-08-24 12:16:00 - [TEST_STEP][PASSED] - free_spin_reel_counter[1] = 0: null

2019-08-24 12:16:00 - [TEST_STEP][PASSED] - free_spin_reel_counter[2] = 0: null

2019-08-24 12:16:00 - [TEST_STEP][PASSED] - M4_spin_reels = reels: null

2019-08-24 12:16:00 - [TEST_STEP][PASSED] - for ([i = 0, i &lt; M4_spin_reels.size(), (i++)]): null

2019-08-24 12:16:00 - [TEST_STEP][PASSED] - symbols = symbols: null

2019-08-24 12:16:00 - [TEST_STEP][PASSED] - for ([j = 0, j &lt; symbols.size(), (j++)]): null

2019-08-24 12:16:00 - [TEST_STEP][PASSED] - symbol = symbol: null

2019-08-24 12:16:00 - [TEST_STEP][PASSED] - println(symbol): null

2019-08-24 12:16:00 - [TEST_STEP][PASSED] - if (i == 2 &amp;&amp; wildList.indexOf(symbol) != -1): null

2019-08-24 12:16:00 - [TEST_STEP][PASSED] - if (i == 3 &amp;&amp; wildList.indexOf(symbol) != -1): null

2019-08-24 12:16:00 - [TEST_STEP][PASSED] - if (i == 4 &amp;&amp; wildList.indexOf(symbol) != -1): null

2019-08-24 12:16:00 - [TEST_STEP][PASSED] - symbol = symbol: null

2019-08-24 12:16:00 - [TEST_STEP][PASSED] - println(symbol): null

2019-08-24 12:16:00 - [TEST_STEP][PASSED] - if (i == 2 &amp;&amp; wildList.indexOf(symbol) != -1): null

2019-08-24 12:16:00 - [TEST_STEP][PASSED] - if (i == 3 &amp;&amp; wildList.indexOf(symbol) != -1): null

2019-08-24 12:16:00 - [TEST_STEP][PASSED] - if (i == 4 &amp;&amp; wildList.indexOf(symbol) != -1): null

2019-08-24 12:16:00 - [TEST_STEP][PASSED] - symbol = symbol: null

2019-08-24 12:16:00 - [TEST_STEP][PASSED] - println(symbol): null

2019-08-24 12:16:00 - [TEST_STEP][PASSED] - if (i == 2 &amp;&amp; wildList.indexOf(symbol) != -1): null

2019-08-24 12:16:00 - [TEST_STEP][PASSED] - if (i == 3 &amp;&amp; wildList.indexOf(symbol) != -1): null

2019-08-24 12:16:00 - [TEST_STEP][PASSED] - if (i == 4 &amp;&amp; wildList.indexOf(symbol) != -1): null

2019-08-24 12:16:00 - [TEST_STEP][PASSED] - symbols = symbols: null

2019-08-24 12:16:00 - [TEST_STEP][PASSED] - for ([j = 0, j &lt; symbols.size(), (j++)]): null

2019-08-24 12:16:00 - [TEST_STEP][PASSED] - symbol = symbol: null

2019-08-24 12:16:00 - [TEST_STEP][PASSED] - println(symbol): null

2019-08-24 12:16:00 - [TEST_STEP][PASSED] - if (i == 2 &amp;&amp; wildList.indexOf(symbol) != -1): null

2019-08-24 12:16:00 - [TEST_STEP][PASSED] - if (i == 3 &amp;&amp; wildList.indexOf(symbol) != -1): null

2019-08-24 12:16:00 - [TEST_STEP][PASSED] - if (i == 4 &amp;&amp; wildList.indexOf(symbol) != -1): null

2019-08-24 12:16:00 - [TEST_STEP][PASSED] - symbol = symbol: null

2019-08-24 12:16:00 - [TEST_STEP][PASSED] - println(symbol): null

2019-08-24 12:16:00 - [TEST_STEP][PASSED] - if (i == 2 &amp;&amp; wildList.indexOf(symbol) != -1): null

2019-08-24 12:16:00 - [TEST_STEP][PASSED] - if (i == 3 &amp;&amp; wildList.indexOf(symbol) != -1): null

2019-08-24 12:16:00 - [TEST_STEP][PASSED] - if (i == 4 &amp;&amp; wildList.indexOf(symbol) != -1): null

2019-08-24 12:16:00 - [TEST_STEP][PASSED] - symbol = symbol: null

2019-08-24 12:16:00 - [TEST_STEP][PASSED] - println(symbol): null

2019-08-24 12:16:00 - [TEST_STEP][PASSED] - if (i == 2 &amp;&amp; wildList.indexOf(symbol) != -1): null

2019-08-24 12:16:00 - [TEST_STEP][PASSED] - if (i == 3 &amp;&amp; wildList.indexOf(symbol) != -1): null

2019-08-24 12:16:00 - [TEST_STEP][PASSED] - if (i == 4 &amp;&amp; wildList.indexOf(symbol) != -1): null

2019-08-24 12:16:00 - [TEST_STEP][PASSED] - symbols = symbols: null

2019-08-24 12:16:00 - [TEST_STEP][PASSED] - for ([j = 0, j &lt; symbols.size(), (j++)]): null

2019-08-24 12:16:00 - [TEST_STEP][PASSED] - symbol = symbol: null

2019-08-24 12:16:00 - [TEST_STEP][PASSED] - println(symbol): null

2019-08-24 12:16:00 - [TEST_STEP][PASSED] - if (i == 2 &amp;&amp; wildList.indexOf(symbol) != -1): null

2019-08-24 12:16:00 - [TEST_STEP][PASSED] - if (i == 3 &amp;&amp; wildList.indexOf(symbol) != -1): null

2019-08-24 12:16:00 - [TEST_STEP][PASSED] - if (i == 4 &amp;&amp; wildList.indexOf(symbol) != -1): null

2019-08-24 12:16:00 - [TEST_STEP][PASSED] - symbol = symbol: null

2019-08-24 12:16:00 - [TEST_STEP][PASSED] - println(symbol): null

2019-08-24 12:16:00 - [TEST_STEP][PASSED] - if (i == 2 &amp;&amp; wildList.indexOf(symbol) != -1): null

2019-08-24 12:16:00 - [TEST_STEP][PASSED] - if (i == 3 &amp;&amp; wildList.indexOf(symbol) != -1): null

2019-08-24 12:16:00 - [TEST_STEP][PASSED] - if (i == 4 &amp;&amp; wildList.indexOf(symbol) != -1): null

2019-08-24 12:16:00 - [TEST_STEP][PASSED] - symbol = symbol: null

2019-08-24 12:16:00 - [TEST_STEP][PASSED] - println(symbol): null

2019-08-24 12:16:00 - [TEST_STEP][PASSED] - if (i == 2 &amp;&amp; wildList.indexOf(symbol) != -1): null

2019-08-24 12:16:00 - [TEST_STEP][PASSED] - if (i == 3 &amp;&amp; wildList.indexOf(symbol) != -1): null

2019-08-24 12:16:00 - [TEST_STEP][PASSED] - if (i == 4 &amp;&amp; wildList.indexOf(symbol) != -1): null

2019-08-24 12:16:00 - [TEST_STEP][PASSED] - symbols = symbols: null

2019-08-24 12:16:00 - [TEST_STEP][PASSED] - for ([j = 0, j &lt; symbols.size(), (j++)]): null

2019-08-24 12:16:00 - [TEST_STEP][PASSED] - symbol = symbol: null

2019-08-24 12:16:00 - [TEST_STEP][PASSED] - println(symbol): null

2019-08-24 12:16:00 - [TEST_STEP][PASSED] - if (i == 2 &amp;&amp; wildList.indexOf(symbol) != -1): null

2019-08-24 12:16:00 - [TEST_STEP][PASSED] - if (i == 3 &amp;&amp; wildList.indexOf(symbol) != -1): null

2019-08-24 12:16:00 - [TEST_STEP][PASSED] - println("wild found on reel 4, adding counter by 1"): null

2019-08-24 12:16:00 - [TEST_STEP][PASSED] - free_spin_reel_counter[1] = free_spin_reel_counter[1] + 1: null

2019-08-24 12:16:00 - [TEST_STEP][PASSED] - if (i == 4 &amp;&amp; wildList.indexOf(symbol) != -1): null

2019-08-24 12:16:00 - [TEST_STEP][PASSED] - symbol = symbol: null

2019-08-24 12:16:00 - [TEST_STEP][PASSED] - println(symbol): null

2019-08-24 12:16:00 - [TEST_STEP][PASSED] - if (i == 2 &amp;&amp; wildList.indexOf(symbol) != -1): null

2019-08-24 12:16:00 - [TEST_STEP][PASSED] - if (i == 3 &amp;&amp; wildList.indexOf(symbol) != -1): null

2019-08-24 12:16:00 - [TEST_STEP][PASSED] - if (i == 4 &amp;&amp; wildList.indexOf(symbol) != -1): null

2019-08-24 12:16:00 - [TEST_STEP][PASSED] - symbol = symbol: null

2019-08-24 12:16:00 - [TEST_STEP][PASSED] - println(symbol): null

2019-08-24 12:16:00 - [TEST_STEP][PASSED] - if (i == 2 &amp;&amp; wildList.indexOf(symbol) != -1): null

2019-08-24 12:16:00 - [TEST_STEP][PASSED] - if (i == 3 &amp;&amp; wildList.indexOf(symbol) != -1): null

2019-08-24 12:16:00 - [TEST_STEP][PASSED] - if (i == 4 &amp;&amp; wildList.indexOf(symbol) != -1): null

2019-08-24 12:16:00 - [TEST_STEP][PASSED] - symbols = symbols: null

2019-08-24 12:16:00 - [TEST_STEP][PASSED] - for ([j = 0, j &lt; symbols.size(), (j++)]): null

2019-08-24 12:16:00 - [TEST_STEP][PASSED] - symbol = symbol: null

2019-08-24 12:16:00 - [TEST_STEP][PASSED] - println(symbol): null

2019-08-24 12:16:00 - [TEST_STEP][PASSED] - if (i == 2 &amp;&amp; wildList.indexOf(symbol) != -1): null

2019-08-24 12:16:00 - [TEST_STEP][PASSED] - if (i == 3 &amp;&amp; wildList.indexOf(symbol) != -1): null

2019-08-24 12:16:00 - [TEST_STEP][PASSED] - if (i == 4 &amp;&amp; wildList.indexOf(symbol) != -1): null

2019-08-24 12:16:00 - [TEST_STEP][PASSED] - symbol = symbol: null

2019-08-24 12:16:00 - [TEST_STEP][PASSED] - println(symbol): null

2019-08-24 12:16:00 - [TEST_STEP][PASSED] - if (i == 2 &amp;&amp; wildList.indexOf(symbol) != -1): null

2019-08-24 12:16:00 - [TEST_STEP][PASSED] - if (i == 3 &amp;&amp; wildList.indexOf(symbol) != -1): null

2019-08-24 12:16:00 - [TEST_STEP][PASSED] - if (i == 4 &amp;&amp; wildList.indexOf(symbol) != -1): null

2019-08-24 12:16:00 - [TEST_STEP][PASSED] - symbol = symbol: null

2019-08-24 12:16:00 - [TEST_STEP][PASSED] - println(symbol): null

2019-08-24 12:16:00 - [TEST_STEP][PASSED] - if (i == 2 &amp;&amp; wildList.indexOf(symbol) != -1): null

2019-08-24 12:16:00 - [TEST_STEP][PASSED] - if (i == 3 &amp;&amp; wildList.indexOf(symbol) != -1): null

2019-08-24 12:16:00 - [TEST_STEP][PASSED] - if (i == 4 &amp;&amp; wildList.indexOf(symbol) != -1): null

2019-08-24 12:16:00 - [TEST_STEP][PASSED] - free_spin_reel_counter = free_spin_reel_counter: null

2019-08-24 12:16:00 - [TEST_STEP][PASSED] - println("reel 3 wild found: " + free_spin_reel_counter[0]): null

2019-08-24 12:16:00 - [TEST_STEP][PASSED] - println("reel 4 wild found: " + free_spin_reel_counter[1]): null

2019-08-24 12:16:00 - [TEST_STEP][PASSED] - println("reel 5 wild found: " + free_spin_reel_counter[2]): null

2019-08-24 12:16:00 - [TEST_STEP][PASSED] - M4_spin_reels = M4_spin_reels: null

2019-08-24 12:16:00 - [TEST_STEP][PASSED] - M4_spin_reels_symbols = symbol: null

2019-08-24 12:16:00 - [TEST_STEP][PASSED] - M4_spin_reels_symbols = M4_spin_reels_symbols: null

2019-08-24 12:16:00 - [TEST_STEP][PASSED] - M4_spin_reel_wins = reel_wins: null

2019-08-24 12:16:00 - [TEST_STEP][PASSED] - M4_spin_reel_wins = M4_spin_reel_wins: null

2019-08-24 12:16:00 - [TEST_STEP][PASSED] - println("GlobalVariable.M4_spin_reel_wins is: " + M4_spin_reel_wins): null

2019-08-24 12:16:00 - [TEST_STEP][PASSED] - M4_spin_total_bonus_win_this_round = total_bonus_win_this_round: null

2019-08-24 12:16:00 - [TEST_STEP][PASSED] - M4_spin_total_bonus_win_this_round = M4_spin_total_bonus_win_this_round: null

2019-08-24 12:16:00 - [TEST_STEP][PASSED] - println("GlobalVariable.M4_spin_total_bonus_win_this_round is: " + M4_spin_total_bonus_win_this_round): null

2019-08-24 12:16:00 - [TEST_STEP][PASSED] - M4_spin_bonus_spin_result = spin_result: null

2019-08-24 12:16:00 - [TEST_STEP][PASSED] - M4_spin_bonus_spin_result = M4_spin_bonus_spin_result: null

2019-08-24 12:16:00 - [MESSAGE][PASSED] - Verify response successfully

2019-08-24 12:16:00 - [MESSAGE][PASSED] - Send request and verify the response successfully

2019-08-24 12:16:00 - [TEST_STEP][PASSED] - if (M4_total_bonus_spins_int != 0 &amp;&amp; M4_spin_reels_symbols[2].contains("WILD_ExtraFG") || M4_spin_reels_symbols[3].contains("WILD_ExtraFG")): null

2019-08-24 12:16:00 - [TEST_STEP][PASSED] - free_spin_reel_counter = free_spin_reel_counter: null

2019-08-24 12:16:00 - [TEST_STEP][PASSED] - M4_spin_reels_symbols = M4_spin_reels_symbols: null

2019-08-24 12:16:00 - [TEST_STEP][PASSED] - M4_total_bonus_spins = M4_total_bonus_spins: null

2019-08-24 12:16:00 - [TEST_STEP][PASSED] - spin_result = sendRequestAndVerify(findTestObject("INT/RGS(M4)/1_M4_spin", ["M4_login_user_id":M4_login_user_id, "rgs_session_token":rgs_session_token, "partner":Partner])): Send request and verify the response successfully

2019-08-24 12:16:01 - [MESSAGE][INFO] - HAR: /Users/eiralee/Katalon_Script/SuperWild/Reports/20190824_120919/INT/superWild_3/20190824_120919/requests/main/114.har

2019-08-24 12:16:01 - [TEST_CASE][PASSED] - Start Test Case : Verification: Verification accomplished successfully

2019-08-24 12:16:01 - [TEST_STEP][PASSED] - request = getInstance().getCurrentRequest(): null

2019-08-24 12:16:01 - [TEST_STEP][PASSED] - response = getInstance().getCurrentResponse(): null

2019-08-24 12:16:01 - [TEST_STEP][PASSED] - verifyResponseStatusCode(response, 200): Verify response status code successfully

2019-08-24 12:16:01 - [MESSAGE][PASSED] - Verify response status code successfully

2019-08-24 12:16:01 - [TEST_STEP][PASSED] - getStatusCode()).isEqualTo(200): null

2019-08-24 12:16:01 - [TEST_STEP][PASSED] - newline = System.getProperty("line.separator"): null

2019-08-24 12:16:01 - [TEST_STEP][PASSED] - M4_spin = new groovy.json.JsonSlurper(): null

2019-08-24 12:16:01 - [TEST_STEP][PASSED] - result_M4_spin = M4_spin.parseText(response.getResponseBodyContent()): null

2019-08-24 12:16:01 - [TEST_STEP][PASSED] - M4_spin_current_balance = current_balance: null

2019-08-24 12:16:01 - [TEST_STEP][PASSED] - M4_spin_current_balance = M4_spin_current_balance: null

2019-08-24 12:16:01 - [TEST_STEP][PASSED] - M4_spin_transaction_id = causality: null

2019-08-24 12:16:01 - [TEST_STEP][PASSED] - M4_spin_transaction_id = M4_spin_transaction_id: null

2019-08-24 12:16:01 - [TEST_STEP][PASSED] - M4_spin_round_id = round_id: null

2019-08-24 12:16:01 - [TEST_STEP][PASSED] - M4_spin_round_id = M4_spin_round_id: null

2019-08-24 12:16:01 - [TEST_STEP][PASSED] - M4_spin_line_wins = line_wins: null

2019-08-24 12:16:01 - [TEST_STEP][PASSED] - M4_spin_line_wins = M4_spin_line_wins: null

2019-08-24 12:16:01 - [TEST_STEP][PASSED] - M4_total_bonus_spins_int = total_bonus_spins: null

2019-08-24 12:16:01 - [TEST_STEP][PASSED] - println("******M4_total_bonus_spins type is:*******" + newline + getClass().getName()): null

2019-08-24 12:16:01 - [TEST_STEP][PASSED] - M4_total_bonus_spins_int = M4_total_bonus_spins_int: null

2019-08-24 12:16:01 - [TEST_STEP][PASSED] - M4_total_bonus_spins = Integer.toString(M4_total_bonus_spins_int): null

2019-08-24 12:16:01 - [TEST_STEP][PASSED] - M4_total_bonus_spins = M4_total_bonus_spins: null

2019-08-24 12:16:01 - [TEST_STEP][PASSED] - println("M4_total_bonus_spins is:" + M4_total_bonus_spins): null

2019-08-24 12:16:01 - [TEST_STEP][PASSED] - M4_spin_bonus_data = bonus_data: null

2019-08-24 12:16:01 - [TEST_STEP][PASSED] - M4_spin_features_triggered = result_M4_spin: null

2019-08-24 12:16:01 - [TEST_STEP][PASSED] - wild = []: null

2019-08-24 12:16:01 - [TEST_STEP][PASSED] - wild[0] = "WILD_Expanding": null

2019-08-24 12:16:01 - [TEST_STEP][PASSED] - wild[1] = "WILD_Normal": null

2019-08-24 12:16:01 - [TEST_STEP][PASSED] - wild[2] = "WILD_Double": null

2019-08-24 12:16:01 - [TEST_STEP][PASSED] - wild[3] = "WILD_ExtraFG": null

2019-08-24 12:16:01 - [TEST_STEP][PASSED] - wild[4] = "WILD_Triple": null

2019-08-24 12:16:01 - [TEST_STEP][PASSED] - wildList = Arrays.asList(wild): null

2019-08-24 12:16:01 - [TEST_STEP][PASSED] - wildList = wildList: null

2019-08-24 12:16:01 - [TEST_STEP][PASSED] - free_spin_reel_counter = []: null

2019-08-24 12:16:01 - [TEST_STEP][PASSED] - free_spin_reel_counter[0] = 0: null

2019-08-24 12:16:01 - [TEST_STEP][PASSED] - free_spin_reel_counter[1] = 0: null

2019-08-24 12:16:01 - [TEST_STEP][PASSED] - free_spin_reel_counter[2] = 0: null

2019-08-24 12:16:01 - [TEST_STEP][PASSED] - M4_spin_reels = reels: null

2019-08-24 12:16:01 - [TEST_STEP][PASSED] - for ([i = 0, i &lt; M4_spin_reels.size(), (i++)]): null

2019-08-24 12:16:01 - [TEST_STEP][PASSED] - symbols = symbols: null

2019-08-24 12:16:01 - [TEST_STEP][PASSED] - for ([j = 0, j &lt; symbols.size(), (j++)]): null

2019-08-24 12:16:01 - [TEST_STEP][PASSED] - symbol = symbol: null

2019-08-24 12:16:01 - [TEST_STEP][PASSED] - println(symbol): null

2019-08-24 12:16:01 - [TEST_STEP][PASSED] - if (i == 2 &amp;&amp; wildList.indexOf(symbol) != -1): null

2019-08-24 12:16:01 - [TEST_STEP][PASSED] - if (i == 3 &amp;&amp; wildList.indexOf(symbol) != -1): null

2019-08-24 12:16:01 - [TEST_STEP][PASSED] - if (i == 4 &amp;&amp; wildList.indexOf(symbol) != -1): null

2019-08-24 12:16:01 - [TEST_STEP][PASSED] - symbol = symbol: null

2019-08-24 12:16:01 - [TEST_STEP][PASSED] - println(symbol): null

2019-08-24 12:16:01 - [TEST_STEP][PASSED] - if (i == 2 &amp;&amp; wildList.indexOf(symbol) != -1): null

2019-08-24 12:16:01 - [TEST_STEP][PASSED] - if (i == 3 &amp;&amp; wildList.indexOf(symbol) != -1): null

2019-08-24 12:16:01 - [TEST_STEP][PASSED] - if (i == 4 &amp;&amp; wildList.indexOf(symbol) != -1): null

2019-08-24 12:16:01 - [TEST_STEP][PASSED] - symbol = symbol: null

2019-08-24 12:16:01 - [TEST_STEP][PASSED] - println(symbol): null

2019-08-24 12:16:01 - [TEST_STEP][PASSED] - if (i == 2 &amp;&amp; wildList.indexOf(symbol) != -1): null

2019-08-24 12:16:01 - [TEST_STEP][PASSED] - if (i == 3 &amp;&amp; wildList.indexOf(symbol) != -1): null

2019-08-24 12:16:01 - [TEST_STEP][PASSED] - if (i == 4 &amp;&amp; wildList.indexOf(symbol) != -1): null

2019-08-24 12:16:01 - [TEST_STEP][PASSED] - symbols = symbols: null

2019-08-24 12:16:01 - [TEST_STEP][PASSED] - for ([j = 0, j &lt; symbols.size(), (j++)]): null

2019-08-24 12:16:01 - [TEST_STEP][PASSED] - symbol = symbol: null

2019-08-24 12:16:01 - [TEST_STEP][PASSED] - println(symbol): null

2019-08-24 12:16:01 - [TEST_STEP][PASSED] - if (i == 2 &amp;&amp; wildList.indexOf(symbol) != -1): null

2019-08-24 12:16:01 - [TEST_STEP][PASSED] - if (i == 3 &amp;&amp; wildList.indexOf(symbol) != -1): null

2019-08-24 12:16:01 - [TEST_STEP][PASSED] - if (i == 4 &amp;&amp; wildList.indexOf(symbol) != -1): null

2019-08-24 12:16:01 - [TEST_STEP][PASSED] - symbol = symbol: null

2019-08-24 12:16:01 - [TEST_STEP][PASSED] - println(symbol): null

2019-08-24 12:16:01 - [TEST_STEP][PASSED] - if (i == 2 &amp;&amp; wildList.indexOf(symbol) != -1): null

2019-08-24 12:16:01 - [TEST_STEP][PASSED] - if (i == 3 &amp;&amp; wildList.indexOf(symbol) != -1): null

2019-08-24 12:16:01 - [TEST_STEP][PASSED] - if (i == 4 &amp;&amp; wildList.indexOf(symbol) != -1): null

2019-08-24 12:16:05 - [TEST_STEP][PASSED] - symbol = symbol: null

2019-08-24 12:16:05 - [TEST_STEP][PASSED] - println(symbol): null

2019-08-24 12:16:05 - [TEST_STEP][PASSED] - if (i == 2 &amp;&amp; wildList.indexOf(symbol) != -1): null

2019-08-24 12:16:05 - [TEST_STEP][PASSED] - if (i == 3 &amp;&amp; wildList.indexOf(symbol) != -1): null

2019-08-24 12:16:05 - [TEST_STEP][PASSED] - if (i == 4 &amp;&amp; wildList.indexOf(symbol) != -1): null

2019-08-24 12:16:05 - [TEST_STEP][PASSED] - symbols = symbols: null

2019-08-24 12:16:05 - [TEST_STEP][PASSED] - for ([j = 0, j &lt; symbols.size(), (j++)]): null

2019-08-24 12:16:05 - [TEST_STEP][PASSED] - symbol = symbol: null

2019-08-24 12:16:05 - [TEST_STEP][PASSED] - println(symbol): null

2019-08-24 12:16:05 - [TEST_STEP][PASSED] - if (i == 2 &amp;&amp; wildList.indexOf(symbol) != -1): null

2019-08-24 12:16:05 - [TEST_STEP][PASSED] - if (i == 3 &amp;&amp; wildList.indexOf(symbol) != -1): null

2019-08-24 12:16:08 - [TEST_STEP][PASSED] - if (i == 4 &amp;&amp; wildList.indexOf(symbol) != -1): null

2019-08-24 12:16:08 - [TEST_STEP][PASSED] - symbol = symbol: null

2019-08-24 12:16:08 - [TEST_STEP][PASSED] - println(symbol): null

2019-08-24 12:16:08 - [TEST_STEP][PASSED] - if (i == 2 &amp;&amp; wildList.indexOf(symbol) != -1): null

2019-08-24 12:16:08 - [TEST_STEP][PASSED] - if (i == 3 &amp;&amp; wildList.indexOf(symbol) != -1): null

2019-08-24 12:16:08 - [TEST_STEP][PASSED] - if (i == 4 &amp;&amp; wildList.indexOf(symbol) != -1): null

2019-08-24 12:16:08 - [TEST_STEP][PASSED] - symbol = symbol: null

2019-08-24 12:16:08 - [TEST_STEP][PASSED] - println(symbol): null

2019-08-24 12:16:08 - [TEST_STEP][PASSED] - if (i == 2 &amp;&amp; wildList.indexOf(symbol) != -1): null

2019-08-24 12:16:08 - [TEST_STEP][PASSED] - println("wild found on reel 3, adding counter by 1"): null

2019-08-24 12:16:08 - [TEST_STEP][PASSED] - free_spin_reel_counter[0] = free_spin_reel_counter[0] + 1: null

2019-08-24 12:16:08 - [TEST_STEP][PASSED] - if (i == 3 &amp;&amp; wildList.indexOf(symbol) != -1): null

2019-08-24 12:16:08 - [TEST_STEP][PASSED] - if (i == 4 &amp;&amp; wildList.indexOf(symbol) != -1): null

2019-08-24 12:16:08 - [TEST_STEP][PASSED] - symbols = symbols: null

2019-08-24 12:16:08 - [TEST_STEP][PASSED] - for ([j = 0, j &lt; symbols.size(), (j++)]): null

2019-08-24 12:16:08 - [TEST_STEP][PASSED] - symbol = symbol: null

2019-08-24 12:16:08 - [TEST_STEP][PASSED] - println(symbol): null

2019-08-24 12:16:08 - [TEST_STEP][PASSED] - if (i == 2 &amp;&amp; wildList.indexOf(symbol) != -1): null

2019-08-24 12:16:08 - [TEST_STEP][PASSED] - if (i == 3 &amp;&amp; wildList.indexOf(symbol) != -1): null

2019-08-24 12:16:08 - [TEST_STEP][PASSED] - if (i == 4 &amp;&amp; wildList.indexOf(symbol) != -1): null

2019-08-24 12:16:08 - [TEST_STEP][PASSED] - symbol = symbol: null

2019-08-24 12:16:08 - [TEST_STEP][PASSED] - println(symbol): null

2019-08-24 12:16:08 - [TEST_STEP][PASSED] - if (i == 2 &amp;&amp; wildList.indexOf(symbol) != -1): null

2019-08-24 12:16:08 - [TEST_STEP][PASSED] - if (i == 3 &amp;&amp; wildList.indexOf(symbol) != -1): null

2019-08-24 12:16:08 - [TEST_STEP][PASSED] - if (i == 4 &amp;&amp; wildList.indexOf(symbol) != -1): null

2019-08-24 12:16:08 - [TEST_STEP][PASSED] - symbol = symbol: null

2019-08-24 12:16:08 - [TEST_STEP][PASSED] - println(symbol): null

2019-08-24 12:16:08 - [TEST_STEP][PASSED] - if (i == 2 &amp;&amp; wildList.indexOf(symbol) != -1): null

2019-08-24 12:16:08 - [TEST_STEP][PASSED] - if (i == 3 &amp;&amp; wildList.indexOf(symbol) != -1): null

2019-08-24 12:16:08 - [TEST_STEP][PASSED] - if (i == 4 &amp;&amp; wildList.indexOf(symbol) != -1): null

2019-08-24 12:16:08 - [TEST_STEP][PASSED] - symbols = symbols: null

2019-08-24 12:16:08 - [TEST_STEP][PASSED] - for ([j = 0, j &lt; symbols.size(), (j++)]): null

2019-08-24 12:16:08 - [TEST_STEP][PASSED] - symbol = symbol: null

2019-08-24 12:16:08 - [TEST_STEP][PASSED] - println(symbol): null

2019-08-24 12:16:08 - [TEST_STEP][PASSED] - if (i == 2 &amp;&amp; wildList.indexOf(symbol) != -1): null

2019-08-24 12:16:08 - [TEST_STEP][PASSED] - if (i == 3 &amp;&amp; wildList.indexOf(symbol) != -1): null

2019-08-24 12:16:08 - [TEST_STEP][PASSED] - if (i == 4 &amp;&amp; wildList.indexOf(symbol) != -1): null

2019-08-24 12:16:08 - [TEST_STEP][PASSED] - symbol = symbol: null

2019-08-24 12:16:08 - [TEST_STEP][PASSED] - println(symbol): null

2019-08-24 12:16:08 - [TEST_STEP][PASSED] - if (i == 2 &amp;&amp; wildList.indexOf(symbol) != -1): null

2019-08-24 12:16:08 - [TEST_STEP][PASSED] - if (i == 3 &amp;&amp; wildList.indexOf(symbol) != -1): null

2019-08-24 12:16:08 - [TEST_STEP][PASSED] - if (i == 4 &amp;&amp; wildList.indexOf(symbol) != -1): null

2019-08-24 12:16:08 - [TEST_STEP][PASSED] - symbol = symbol: null

2019-08-24 12:16:08 - [TEST_STEP][PASSED] - println(symbol): null

2019-08-24 12:16:08 - [TEST_STEP][PASSED] - if (i == 2 &amp;&amp; wildList.indexOf(symbol) != -1): null

2019-08-24 12:16:08 - [TEST_STEP][PASSED] - if (i == 3 &amp;&amp; wildList.indexOf(symbol) != -1): null

2019-08-24 12:16:08 - [TEST_STEP][PASSED] - if (i == 4 &amp;&amp; wildList.indexOf(symbol) != -1): null

2019-08-24 12:16:08 - [TEST_STEP][PASSED] - println("wild found on reel 5, adding counter by 1"): null

2019-08-24 12:16:08 - [TEST_STEP][PASSED] - free_spin_reel_counter[2] = free_spin_reel_counter[2] + 1: null

2019-08-24 12:16:08 - [TEST_STEP][PASSED] - free_spin_reel_counter = free_spin_reel_counter: null

2019-08-24 12:16:08 - [TEST_STEP][PASSED] - println("reel 3 wild found: " + free_spin_reel_counter[0]): null

2019-08-24 12:16:08 - [TEST_STEP][PASSED] - println("reel 4 wild found: " + free_spin_reel_counter[1]): null

2019-08-24 12:16:08 - [TEST_STEP][PASSED] - println("reel 5 wild found: " + free_spin_reel_counter[2]): null

2019-08-24 12:16:08 - [TEST_STEP][PASSED] - M4_spin_reels = M4_spin_reels: null

2019-08-24 12:16:08 - [TEST_STEP][PASSED] - M4_spin_reels_symbols = symbol: null

2019-08-24 12:16:08 - [TEST_STEP][PASSED] - M4_spin_reels_symbols = M4_spin_reels_symbols: null

2019-08-24 12:16:08 - [TEST_STEP][PASSED] - M4_spin_reel_wins = reel_wins: null

2019-08-24 12:16:08 - [TEST_STEP][PASSED] - M4_spin_reel_wins = M4_spin_reel_wins: null

2019-08-24 12:16:08 - [TEST_STEP][PASSED] - println("GlobalVariable.M4_spin_reel_wins is: " + M4_spin_reel_wins): null

2019-08-24 12:16:08 - [TEST_STEP][PASSED] - M4_spin_total_bonus_win_this_round = total_bonus_win_this_round: null

2019-08-24 12:16:08 - [TEST_STEP][PASSED] - M4_spin_total_bonus_win_this_round = M4_spin_total_bonus_win_this_round: null

2019-08-24 12:16:08 - [TEST_STEP][PASSED] - println("GlobalVariable.M4_spin_total_bonus_win_this_round is: " + M4_spin_total_bonus_win_this_round): null

2019-08-24 12:16:08 - [TEST_STEP][PASSED] - M4_spin_bonus_spin_result = spin_result: null

2019-08-24 12:16:08 - [TEST_STEP][PASSED] - M4_spin_bonus_spin_result = M4_spin_bonus_spin_result: null

2019-08-24 12:16:08 - [MESSAGE][PASSED] - Verify response successfully

2019-08-24 12:16:08 - [MESSAGE][PASSED] - Send request and verify the response successfully

2019-08-24 12:16:08 - [TEST_STEP][PASSED] - if (M4_total_bonus_spins_int != 0 &amp;&amp; M4_spin_reels_symbols[2].contains("WILD_ExtraFG") || M4_spin_reels_symbols[3].contains("WILD_ExtraFG")): null

2019-08-24 12:16:08 - [TEST_STEP][PASSED] - free_spin_reel_counter = free_spin_reel_counter: null

2019-08-24 12:16:08 - [TEST_STEP][PASSED] - M4_spin_reels_symbols = M4_spin_reels_symbols: null

2019-08-24 12:16:08 - [TEST_STEP][PASSED] - M4_total_bonus_spins = M4_total_bonus_spins: null

2019-08-24 12:16:08 - [TEST_STEP][PASSED] - spin_result = sendRequestAndVerify(findTestObject("INT/RGS(M4)/1_M4_spin", ["M4_login_user_id":M4_login_user_id, "rgs_session_token":rgs_session_token, "partner":Partner])): Send request and verify the response successfully

2019-08-24 12:16:09 - [MESSAGE][INFO] - HAR: /Users/eiralee/Katalon_Script/SuperWild/Reports/20190824_120919/INT/superWild_3/20190824_120919/requests/main/115.har

2019-08-24 12:16:09 - [TEST_CASE][PASSED] - Start Test Case : Verification: Verification accomplished successfully

2019-08-24 12:16:09 - [TEST_STEP][PASSED] - request = getInstance().getCurrentRequest(): null

2019-08-24 12:16:09 - [TEST_STEP][PASSED] - response = getInstance().getCurrentResponse(): null

2019-08-24 12:16:09 - [TEST_STEP][PASSED] - verifyResponseStatusCode(response, 200): Verify response status code successfully

2019-08-24 12:16:09 - [MESSAGE][PASSED] - Verify response status code successfully

2019-08-24 12:16:09 - [TEST_STEP][PASSED] - getStatusCode()).isEqualTo(200): null

2019-08-24 12:16:09 - [TEST_STEP][PASSED] - newline = System.getProperty("line.separator"): null

2019-08-24 12:16:09 - [TEST_STEP][PASSED] - M4_spin = new groovy.json.JsonSlurper(): null

2019-08-24 12:16:09 - [TEST_STEP][PASSED] - result_M4_spin = M4_spin.parseText(response.getResponseBodyContent()): null

2019-08-24 12:16:09 - [TEST_STEP][PASSED] - M4_spin_current_balance = current_balance: null

2019-08-24 12:16:09 - [TEST_STEP][PASSED] - M4_spin_current_balance = M4_spin_current_balance: null

2019-08-24 12:16:09 - [TEST_STEP][PASSED] - M4_spin_transaction_id = causality: null

2019-08-24 12:16:09 - [TEST_STEP][PASSED] - M4_spin_transaction_id = M4_spin_transaction_id: null

2019-08-24 12:16:09 - [TEST_STEP][PASSED] - M4_spin_round_id = round_id: null

2019-08-24 12:16:09 - [TEST_STEP][PASSED] - M4_spin_round_id = M4_spin_round_id: null

2019-08-24 12:16:09 - [TEST_STEP][PASSED] - M4_spin_line_wins = line_wins: null

2019-08-24 12:16:09 - [TEST_STEP][PASSED] - M4_spin_line_wins = M4_spin_line_wins: null

2019-08-24 12:16:09 - [TEST_STEP][PASSED] - M4_total_bonus_spins_int = total_bonus_spins: null

2019-08-24 12:16:09 - [TEST_STEP][PASSED] - println("******M4_total_bonus_spins type is:*******" + newline + getClass().getName()): null

2019-08-24 12:16:09 - [TEST_STEP][PASSED] - M4_total_bonus_spins_int = M4_total_bonus_spins_int: null

2019-08-24 12:16:09 - [TEST_STEP][PASSED] - M4_total_bonus_spins = Integer.toString(M4_total_bonus_spins_int): null

2019-08-24 12:16:09 - [TEST_STEP][PASSED] - M4_total_bonus_spins = M4_total_bonus_spins: null

2019-08-24 12:16:09 - [TEST_STEP][PASSED] - println("M4_total_bonus_spins is:" + M4_total_bonus_spins): null

2019-08-24 12:16:09 - [TEST_STEP][PASSED] - M4_spin_bonus_data = bonus_data: null

2019-08-24 12:16:09 - [TEST_STEP][PASSED] - M4_spin_features_triggered = result_M4_spin: null

2019-08-24 12:16:09 - [TEST_STEP][PASSED] - wild = []: null

2019-08-24 12:16:09 - [TEST_STEP][PASSED] - wild[0] = "WILD_Expanding": null

2019-08-24 12:16:09 - [TEST_STEP][PASSED] - wild[1] = "WILD_Normal": null

2019-08-24 12:16:09 - [TEST_STEP][PASSED] - wild[2] = "WILD_Double": null

2019-08-24 12:16:09 - [TEST_STEP][PASSED] - wild[3] = "WILD_ExtraFG": null

2019-08-24 12:16:09 - [TEST_STEP][PASSED] - wild[4] = "WILD_Triple": null

2019-08-24 12:16:09 - [TEST_STEP][PASSED] - wildList = Arrays.asList(wild): null

2019-08-24 12:16:09 - [TEST_STEP][PASSED] - wildList = wildList: null

2019-08-24 12:16:09 - [TEST_STEP][PASSED] - free_spin_reel_counter = []: null

2019-08-24 12:16:09 - [TEST_STEP][PASSED] - free_spin_reel_counter[0] = 0: null

2019-08-24 12:16:09 - [TEST_STEP][PASSED] - free_spin_reel_counter[1] = 0: null

2019-08-24 12:16:09 - [TEST_STEP][PASSED] - free_spin_reel_counter[2] = 0: null

2019-08-24 12:16:09 - [TEST_STEP][PASSED] - M4_spin_reels = reels: null

2019-08-24 12:16:09 - [TEST_STEP][PASSED] - for ([i = 0, i &lt; M4_spin_reels.size(), (i++)]): null

2019-08-24 12:16:09 - [TEST_STEP][PASSED] - symbols = symbols: null

2019-08-24 12:16:09 - [TEST_STEP][PASSED] - for ([j = 0, j &lt; symbols.size(), (j++)]): null

2019-08-24 12:16:09 - [TEST_STEP][PASSED] - symbol = symbol: null

2019-08-24 12:16:09 - [TEST_STEP][PASSED] - println(symbol): null

2019-08-24 12:16:09 - [TEST_STEP][PASSED] - if (i == 2 &amp;&amp; wildList.indexOf(symbol) != -1): null

2019-08-24 12:16:09 - [TEST_STEP][PASSED] - if (i == 3 &amp;&amp; wildList.indexOf(symbol) != -1): null

2019-08-24 12:16:09 - [TEST_STEP][PASSED] - if (i == 4 &amp;&amp; wildList.indexOf(symbol) != -1): null

2019-08-24 12:16:09 - [TEST_STEP][PASSED] - symbol = symbol: null

2019-08-24 12:16:09 - [TEST_STEP][PASSED] - println(symbol): null

2019-08-24 12:16:09 - [TEST_STEP][PASSED] - if (i == 2 &amp;&amp; wildList.indexOf(symbol) != -1): null

2019-08-24 12:16:09 - [TEST_STEP][PASSED] - if (i == 3 &amp;&amp; wildList.indexOf(symbol) != -1): null

2019-08-24 12:16:09 - [TEST_STEP][PASSED] - if (i == 4 &amp;&amp; wildList.indexOf(symbol) != -1): null

2019-08-24 12:16:09 - [TEST_STEP][PASSED] - symbol = symbol: null

2019-08-24 12:16:09 - [TEST_STEP][PASSED] - println(symbol): null

2019-08-24 12:16:09 - [TEST_STEP][PASSED] - if (i == 2 &amp;&amp; wildList.indexOf(symbol) != -1): null

2019-08-24 12:16:09 - [TEST_STEP][PASSED] - if (i == 3 &amp;&amp; wildList.indexOf(symbol) != -1): null

2019-08-24 12:16:09 - [TEST_STEP][PASSED] - if (i == 4 &amp;&amp; wildList.indexOf(symbol) != -1): null

2019-08-24 12:16:09 - [TEST_STEP][PASSED] - symbols = symbols: null

2019-08-24 12:16:09 - [TEST_STEP][PASSED] - for ([j = 0, j &lt; symbols.size(), (j++)]): null

2019-08-24 12:16:09 - [TEST_STEP][PASSED] - symbol = symbol: null

2019-08-24 12:16:09 - [TEST_STEP][PASSED] - println(symbol): null

2019-08-24 12:16:09 - [TEST_STEP][PASSED] - if (i == 2 &amp;&amp; wildList.indexOf(symbol) != -1): null

2019-08-24 12:16:09 - [TEST_STEP][PASSED] - if (i == 3 &amp;&amp; wildList.indexOf(symbol) != -1): null

2019-08-24 12:16:09 - [TEST_STEP][PASSED] - if (i == 4 &amp;&amp; wildList.indexOf(symbol) != -1): null

2019-08-24 12:16:09 - [TEST_STEP][PASSED] - symbol = symbol: null

2019-08-24 12:16:09 - [TEST_STEP][PASSED] - println(symbol): null

2019-08-24 12:16:09 - [TEST_STEP][PASSED] - if (i == 2 &amp;&amp; wildList.indexOf(symbol) != -1): null

2019-08-24 12:16:09 - [TEST_STEP][PASSED] - if (i == 3 &amp;&amp; wildList.indexOf(symbol) != -1): null

2019-08-24 12:16:09 - [TEST_STEP][PASSED] - if (i == 4 &amp;&amp; wildList.indexOf(symbol) != -1): null

2019-08-24 12:16:09 - [TEST_STEP][PASSED] - symbol = symbol: null

2019-08-24 12:16:09 - [TEST_STEP][PASSED] - println(symbol): null

2019-08-24 12:16:09 - [TEST_STEP][PASSED] - if (i == 2 &amp;&amp; wildList.indexOf(symbol) != -1): null

2019-08-24 12:16:09 - [TEST_STEP][PASSED] - if (i == 3 &amp;&amp; wildList.indexOf(symbol) != -1): null

2019-08-24 12:16:09 - [TEST_STEP][PASSED] - if (i == 4 &amp;&amp; wildList.indexOf(symbol) != -1): null

2019-08-24 12:16:09 - [TEST_STEP][PASSED] - symbols = symbols: null

2019-08-24 12:16:09 - [TEST_STEP][PASSED] - for ([j = 0, j &lt; symbols.size(), (j++)]): null

2019-08-24 12:16:09 - [TEST_STEP][PASSED] - symbol = symbol: null

2019-08-24 12:16:09 - [TEST_STEP][PASSED] - println(symbol): null

2019-08-24 12:16:09 - [TEST_STEP][PASSED] - if (i == 2 &amp;&amp; wildList.indexOf(symbol) != -1): null

2019-08-24 12:16:09 - [TEST_STEP][PASSED] - if (i == 3 &amp;&amp; wildList.indexOf(symbol) != -1): null

2019-08-24 12:16:09 - [TEST_STEP][PASSED] - if (i == 4 &amp;&amp; wildList.indexOf(symbol) != -1): null

2019-08-24 12:16:09 - [TEST_STEP][PASSED] - symbol = symbol: null

2019-08-24 12:16:09 - [TEST_STEP][PASSED] - println(symbol): null

2019-08-24 12:16:09 - [TEST_STEP][PASSED] - if (i == 2 &amp;&amp; wildList.indexOf(symbol) != -1): null

2019-08-24 12:16:09 - [TEST_STEP][PASSED] - if (i == 3 &amp;&amp; wildList.indexOf(symbol) != -1): null

2019-08-24 12:16:09 - [TEST_STEP][PASSED] - if (i == 4 &amp;&amp; wildList.indexOf(symbol) != -1): null

2019-08-24 12:16:09 - [TEST_STEP][PASSED] - symbol = symbol: null

2019-08-24 12:16:09 - [TEST_STEP][PASSED] - println(symbol): null

2019-08-24 12:16:09 - [TEST_STEP][PASSED] - if (i == 2 &amp;&amp; wildList.indexOf(symbol) != -1): null

2019-08-24 12:16:09 - [TEST_STEP][PASSED] - if (i == 3 &amp;&amp; wildList.indexOf(symbol) != -1): null

2019-08-24 12:16:09 - [TEST_STEP][PASSED] - if (i == 4 &amp;&amp; wildList.indexOf(symbol) != -1): null

2019-08-24 12:16:09 - [TEST_STEP][PASSED] - symbols = symbols: null

2019-08-24 12:16:09 - [TEST_STEP][PASSED] - for ([j = 0, j &lt; symbols.size(), (j++)]): null

2019-08-24 12:16:09 - [TEST_STEP][PASSED] - symbol = symbol: null

2019-08-24 12:16:09 - [TEST_STEP][PASSED] - println(symbol): null

2019-08-24 12:16:09 - [TEST_STEP][PASSED] - if (i == 2 &amp;&amp; wildList.indexOf(symbol) != -1): null

2019-08-24 12:16:09 - [TEST_STEP][PASSED] - if (i == 3 &amp;&amp; wildList.indexOf(symbol) != -1): null

2019-08-24 12:16:09 - [TEST_STEP][PASSED] - if (i == 4 &amp;&amp; wildList.indexOf(symbol) != -1): null

2019-08-24 12:16:09 - [TEST_STEP][PASSED] - symbol = symbol: null

2019-08-24 12:16:09 - [TEST_STEP][PASSED] - println(symbol): null

2019-08-24 12:16:09 - [TEST_STEP][PASSED] - if (i == 2 &amp;&amp; wildList.indexOf(symbol) != -1): null

2019-08-24 12:16:09 - [TEST_STEP][PASSED] - if (i == 3 &amp;&amp; wildList.indexOf(symbol) != -1): null

2019-08-24 12:16:09 - [TEST_STEP][PASSED] - if (i == 4 &amp;&amp; wildList.indexOf(symbol) != -1): null

2019-08-24 12:16:09 - [TEST_STEP][PASSED] - symbol = symbol: null

2019-08-24 12:16:09 - [TEST_STEP][PASSED] - println(symbol): null

2019-08-24 12:16:09 - [TEST_STEP][PASSED] - if (i == 2 &amp;&amp; wildList.indexOf(symbol) != -1): null

2019-08-24 12:16:09 - [TEST_STEP][PASSED] - if (i == 3 &amp;&amp; wildList.indexOf(symbol) != -1): null

2019-08-24 12:16:09 - [TEST_STEP][PASSED] - if (i == 4 &amp;&amp; wildList.indexOf(symbol) != -1): null

2019-08-24 12:16:09 - [TEST_STEP][PASSED] - symbols = symbols: null

2019-08-24 12:16:09 - [TEST_STEP][PASSED] - for ([j = 0, j &lt; symbols.size(), (j++)]): null

2019-08-24 12:16:09 - [TEST_STEP][PASSED] - symbol = symbol: null

2019-08-24 12:16:09 - [TEST_STEP][PASSED] - println(symbol): null

2019-08-24 12:16:09 - [TEST_STEP][PASSED] - if (i == 2 &amp;&amp; wildList.indexOf(symbol) != -1): null

2019-08-24 12:16:09 - [TEST_STEP][PASSED] - if (i == 3 &amp;&amp; wildList.indexOf(symbol) != -1): null

2019-08-24 12:16:09 - [TEST_STEP][PASSED] - if (i == 4 &amp;&amp; wildList.indexOf(symbol) != -1): null

2019-08-24 12:16:09 - [TEST_STEP][PASSED] - symbol = symbol: null

2019-08-24 12:16:09 - [TEST_STEP][PASSED] - println(symbol): null

2019-08-24 12:16:09 - [TEST_STEP][PASSED] - if (i == 2 &amp;&amp; wildList.indexOf(symbol) != -1): null

2019-08-24 12:16:09 - [TEST_STEP][PASSED] - if (i == 3 &amp;&amp; wildList.indexOf(symbol) != -1): null

2019-08-24 12:16:09 - [TEST_STEP][PASSED] - if (i == 4 &amp;&amp; wildList.indexOf(symbol) != -1): null

2019-08-24 12:16:09 - [TEST_STEP][PASSED] - symbol = symbol: null

2019-08-24 12:16:09 - [TEST_STEP][PASSED] - println(symbol): null

2019-08-24 12:16:09 - [TEST_STEP][PASSED] - if (i == 2 &amp;&amp; wildList.indexOf(symbol) != -1): null

2019-08-24 12:16:09 - [TEST_STEP][PASSED] - if (i == 3 &amp;&amp; wildList.indexOf(symbol) != -1): null

2019-08-24 12:16:09 - [TEST_STEP][PASSED] - if (i == 4 &amp;&amp; wildList.indexOf(symbol) != -1): null

2019-08-24 12:16:09 - [TEST_STEP][PASSED] - free_spin_reel_counter = free_spin_reel_counter: null

2019-08-24 12:16:09 - [TEST_STEP][PASSED] - println("reel 3 wild found: " + free_spin_reel_counter[0]): null

2019-08-24 12:16:09 - [TEST_STEP][PASSED] - println("reel 4 wild found: " + free_spin_reel_counter[1]): null

2019-08-24 12:16:09 - [TEST_STEP][PASSED] - println("reel 5 wild found: " + free_spin_reel_counter[2]): null

2019-08-24 12:16:09 - [TEST_STEP][PASSED] - M4_spin_reels = M4_spin_reels: null

2019-08-24 12:16:09 - [TEST_STEP][PASSED] - M4_spin_reels_symbols = symbol: null

2019-08-24 12:16:09 - [TEST_STEP][PASSED] - M4_spin_reels_symbols = M4_spin_reels_symbols: null

2019-08-24 12:16:09 - [TEST_STEP][PASSED] - M4_spin_reel_wins = reel_wins: null

2019-08-24 12:16:09 - [TEST_STEP][PASSED] - M4_spin_reel_wins = M4_spin_reel_wins: null

2019-08-24 12:16:09 - [TEST_STEP][PASSED] - println("GlobalVariable.M4_spin_reel_wins is: " + M4_spin_reel_wins): null

2019-08-24 12:16:09 - [TEST_STEP][PASSED] - M4_spin_total_bonus_win_this_round = total_bonus_win_this_round: null

2019-08-24 12:16:09 - [TEST_STEP][PASSED] - M4_spin_total_bonus_win_this_round = M4_spin_total_bonus_win_this_round: null

2019-08-24 12:16:09 - [TEST_STEP][PASSED] - println("GlobalVariable.M4_spin_total_bonus_win_this_round is: " + M4_spin_total_bonus_win_this_round): null

2019-08-24 12:16:09 - [TEST_STEP][PASSED] - M4_spin_bonus_spin_result = spin_result: null

2019-08-24 12:16:09 - [TEST_STEP][PASSED] - M4_spin_bonus_spin_result = M4_spin_bonus_spin_result: null

2019-08-24 12:16:09 - [MESSAGE][PASSED] - Verify response successfully

2019-08-24 12:16:09 - [MESSAGE][PASSED] - Send request and verify the response successfully

2019-08-24 12:16:09 - [TEST_STEP][PASSED] - if (M4_total_bonus_spins_int != 0 &amp;&amp; M4_spin_reels_symbols[2].contains("WILD_ExtraFG") || M4_spin_reels_symbols[3].contains("WILD_ExtraFG")): null

2019-08-24 12:16:09 - [TEST_STEP][PASSED] - free_spin_reel_counter = free_spin_reel_counter: null

2019-08-24 12:16:09 - [TEST_STEP][PASSED] - M4_spin_reels_symbols = M4_spin_reels_symbols: null

2019-08-24 12:16:09 - [TEST_STEP][PASSED] - M4_total_bonus_spins = M4_total_bonus_spins: null

2019-08-24 12:16:09 - [TEST_STEP][PASSED] - spin_result = sendRequestAndVerify(findTestObject("INT/RGS(M4)/1_M4_spin", ["M4_login_user_id":M4_login_user_id, "rgs_session_token":rgs_session_token, "partner":Partner])): Send request and verify the response successfully

2019-08-24 12:16:10 - [MESSAGE][INFO] - HAR: /Users/eiralee/Katalon_Script/SuperWild/Reports/20190824_120919/INT/superWild_3/20190824_120919/requests/main/116.har

2019-08-24 12:16:10 - [TEST_CASE][PASSED] - Start Test Case : Verification: Verification accomplished successfully

2019-08-24 12:16:10 - [TEST_STEP][PASSED] - request = getInstance().getCurrentRequest(): null

2019-08-24 12:16:10 - [TEST_STEP][PASSED] - response = getInstance().getCurrentResponse(): null

2019-08-24 12:16:10 - [TEST_STEP][PASSED] - verifyResponseStatusCode(response, 200): Verify response status code successfully

2019-08-24 12:16:10 - [MESSAGE][PASSED] - Verify response status code successfully

2019-08-24 12:16:10 - [TEST_STEP][PASSED] - getStatusCode()).isEqualTo(200): null

2019-08-24 12:16:10 - [TEST_STEP][PASSED] - newline = System.getProperty("line.separator"): null

2019-08-24 12:16:10 - [TEST_STEP][PASSED] - M4_spin = new groovy.json.JsonSlurper(): null

2019-08-24 12:16:10 - [TEST_STEP][PASSED] - result_M4_spin = M4_spin.parseText(response.getResponseBodyContent()): null

2019-08-24 12:16:10 - [TEST_STEP][PASSED] - M4_spin_current_balance = current_balance: null

2019-08-24 12:16:10 - [TEST_STEP][PASSED] - M4_spin_current_balance = M4_spin_current_balance: null

2019-08-24 12:16:10 - [TEST_STEP][PASSED] - M4_spin_transaction_id = causality: null

2019-08-24 12:16:10 - [TEST_STEP][PASSED] - M4_spin_transaction_id = M4_spin_transaction_id: null

2019-08-24 12:16:10 - [TEST_STEP][PASSED] - M4_spin_round_id = round_id: null

2019-08-24 12:16:10 - [TEST_STEP][PASSED] - M4_spin_round_id = M4_spin_round_id: null

2019-08-24 12:16:10 - [TEST_STEP][PASSED] - M4_spin_line_wins = line_wins: null

2019-08-24 12:16:10 - [TEST_STEP][PASSED] - M4_spin_line_wins = M4_spin_line_wins: null

2019-08-24 12:16:10 - [TEST_STEP][PASSED] - M4_total_bonus_spins_int = total_bonus_spins: null

2019-08-24 12:16:10 - [TEST_STEP][PASSED] - println("******M4_total_bonus_spins type is:*******" + newline + getClass().getName()): null

2019-08-24 12:16:10 - [TEST_STEP][PASSED] - M4_total_bonus_spins_int = M4_total_bonus_spins_int: null

2019-08-24 12:16:10 - [TEST_STEP][PASSED] - M4_total_bonus_spins = Integer.toString(M4_total_bonus_spins_int): null

2019-08-24 12:16:10 - [TEST_STEP][PASSED] - M4_total_bonus_spins = M4_total_bonus_spins: null

2019-08-24 12:16:10 - [TEST_STEP][PASSED] - println("M4_total_bonus_spins is:" + M4_total_bonus_spins): null

2019-08-24 12:16:10 - [TEST_STEP][PASSED] - M4_spin_bonus_data = bonus_data: null

2019-08-24 12:16:10 - [TEST_STEP][PASSED] - M4_spin_features_triggered = result_M4_spin: null

2019-08-24 12:16:10 - [TEST_STEP][PASSED] - wild = []: null

2019-08-24 12:16:10 - [TEST_STEP][PASSED] - wild[0] = "WILD_Expanding": null

2019-08-24 12:16:10 - [TEST_STEP][PASSED] - wild[1] = "WILD_Normal": null

2019-08-24 12:16:10 - [TEST_STEP][PASSED] - wild[2] = "WILD_Double": null

2019-08-24 12:16:10 - [TEST_STEP][PASSED] - wild[3] = "WILD_ExtraFG": null

2019-08-24 12:16:10 - [TEST_STEP][PASSED] - wild[4] = "WILD_Triple": null

2019-08-24 12:16:10 - [TEST_STEP][PASSED] - wildList = Arrays.asList(wild): null

2019-08-24 12:16:10 - [TEST_STEP][PASSED] - wildList = wildList: null

2019-08-24 12:16:10 - [TEST_STEP][PASSED] - free_spin_reel_counter = []: null

2019-08-24 12:16:10 - [TEST_STEP][PASSED] - free_spin_reel_counter[0] = 0: null

2019-08-24 12:16:10 - [TEST_STEP][PASSED] - free_spin_reel_counter[1] = 0: null

2019-08-24 12:16:10 - [TEST_STEP][PASSED] - free_spin_reel_counter[2] = 0: null

2019-08-24 12:16:10 - [TEST_STEP][PASSED] - M4_spin_reels = reels: null

2019-08-24 12:16:10 - [TEST_STEP][PASSED] - for ([i = 0, i &lt; M4_spin_reels.size(), (i++)]): null

2019-08-24 12:16:10 - [TEST_STEP][PASSED] - symbols = symbols: null

2019-08-24 12:16:10 - [TEST_STEP][PASSED] - for ([j = 0, j &lt; symbols.size(), (j++)]): null

2019-08-24 12:16:10 - [TEST_STEP][PASSED] - symbol = symbol: null

2019-08-24 12:16:10 - [TEST_STEP][PASSED] - println(symbol): null

2019-08-24 12:16:10 - [TEST_STEP][PASSED] - if (i == 2 &amp;&amp; wildList.indexOf(symbol) != -1): null

2019-08-24 12:16:10 - [TEST_STEP][PASSED] - if (i == 3 &amp;&amp; wildList.indexOf(symbol) != -1): null

2019-08-24 12:16:10 - [TEST_STEP][PASSED] - if (i == 4 &amp;&amp; wildList.indexOf(symbol) != -1): null

2019-08-24 12:16:10 - [TEST_STEP][PASSED] - symbol = symbol: null

2019-08-24 12:16:10 - [TEST_STEP][PASSED] - println(symbol): null

2019-08-24 12:16:10 - [TEST_STEP][PASSED] - if (i == 2 &amp;&amp; wildList.indexOf(symbol) != -1): null

2019-08-24 12:16:10 - [TEST_STEP][PASSED] - if (i == 3 &amp;&amp; wildList.indexOf(symbol) != -1): null

2019-08-24 12:16:10 - [TEST_STEP][PASSED] - if (i == 4 &amp;&amp; wildList.indexOf(symbol) != -1): null

2019-08-24 12:16:10 - [TEST_STEP][PASSED] - symbol = symbol: null

2019-08-24 12:16:10 - [TEST_STEP][PASSED] - println(symbol): null

2019-08-24 12:16:10 - [TEST_STEP][PASSED] - if (i == 2 &amp;&amp; wildList.indexOf(symbol) != -1): null

2019-08-24 12:16:10 - [TEST_STEP][PASSED] - if (i == 3 &amp;&amp; wildList.indexOf(symbol) != -1): null

2019-08-24 12:16:10 - [TEST_STEP][PASSED] - if (i == 4 &amp;&amp; wildList.indexOf(symbol) != -1): null

2019-08-24 12:16:10 - [TEST_STEP][PASSED] - symbols = symbols: null

2019-08-24 12:16:10 - [TEST_STEP][PASSED] - for ([j = 0, j &lt; symbols.size(), (j++)]): null

2019-08-24 12:16:10 - [TEST_STEP][PASSED] - symbol = symbol: null

2019-08-24 12:16:10 - [TEST_STEP][PASSED] - println(symbol): null

2019-08-24 12:16:10 - [TEST_STEP][PASSED] - if (i == 2 &amp;&amp; wildList.indexOf(symbol) != -1): null

2019-08-24 12:16:10 - [TEST_STEP][PASSED] - if (i == 3 &amp;&amp; wildList.indexOf(symbol) != -1): null

2019-08-24 12:16:10 - [TEST_STEP][PASSED] - if (i == 4 &amp;&amp; wildList.indexOf(symbol) != -1): null

2019-08-24 12:16:10 - [TEST_STEP][PASSED] - symbol = symbol: null

2019-08-24 12:16:10 - [TEST_STEP][PASSED] - println(symbol): null

2019-08-24 12:16:10 - [TEST_STEP][PASSED] - if (i == 2 &amp;&amp; wildList.indexOf(symbol) != -1): null

2019-08-24 12:16:10 - [TEST_STEP][PASSED] - if (i == 3 &amp;&amp; wildList.indexOf(symbol) != -1): null

2019-08-24 12:16:10 - [TEST_STEP][PASSED] - if (i == 4 &amp;&amp; wildList.indexOf(symbol) != -1): null

2019-08-24 12:16:10 - [TEST_STEP][PASSED] - symbol = symbol: null

2019-08-24 12:16:10 - [TEST_STEP][PASSED] - println(symbol): null

2019-08-24 12:16:10 - [TEST_STEP][PASSED] - if (i == 2 &amp;&amp; wildList.indexOf(symbol) != -1): null

2019-08-24 12:16:10 - [TEST_STEP][PASSED] - if (i == 3 &amp;&amp; wildList.indexOf(symbol) != -1): null

2019-08-24 12:16:10 - [TEST_STEP][PASSED] - if (i == 4 &amp;&amp; wildList.indexOf(symbol) != -1): null

2019-08-24 12:16:10 - [TEST_STEP][PASSED] - symbols = symbols: null

2019-08-24 12:16:10 - [TEST_STEP][PASSED] - for ([j = 0, j &lt; symbols.size(), (j++)]): null

2019-08-24 12:16:10 - [TEST_STEP][PASSED] - symbol = symbol: null

2019-08-24 12:16:10 - [TEST_STEP][PASSED] - println(symbol): null

2019-08-24 12:16:10 - [TEST_STEP][PASSED] - if (i == 2 &amp;&amp; wildList.indexOf(symbol) != -1): null

2019-08-24 12:16:10 - [TEST_STEP][PASSED] - if (i == 3 &amp;&amp; wildList.indexOf(symbol) != -1): null

2019-08-24 12:16:10 - [TEST_STEP][PASSED] - if (i == 4 &amp;&amp; wildList.indexOf(symbol) != -1): null

2019-08-24 12:16:10 - [TEST_STEP][PASSED] - symbol = symbol: null

2019-08-24 12:16:10 - [TEST_STEP][PASSED] - println(symbol): null

2019-08-24 12:16:10 - [TEST_STEP][PASSED] - if (i == 2 &amp;&amp; wildList.indexOf(symbol) != -1): null

2019-08-24 12:16:10 - [TEST_STEP][PASSED] - if (i == 3 &amp;&amp; wildList.indexOf(symbol) != -1): null

2019-08-24 12:16:10 - [TEST_STEP][PASSED] - if (i == 4 &amp;&amp; wildList.indexOf(symbol) != -1): null

2019-08-24 12:16:10 - [TEST_STEP][PASSED] - symbol = symbol: null

2019-08-24 12:16:10 - [TEST_STEP][PASSED] - println(symbol): null

2019-08-24 12:16:10 - [TEST_STEP][PASSED] - if (i == 2 &amp;&amp; wildList.indexOf(symbol) != -1): null

2019-08-24 12:16:10 - [TEST_STEP][PASSED] - if (i == 3 &amp;&amp; wildList.indexOf(symbol) != -1): null

2019-08-24 12:16:10 - [TEST_STEP][PASSED] - if (i == 4 &amp;&amp; wildList.indexOf(symbol) != -1): null

2019-08-24 12:16:10 - [TEST_STEP][PASSED] - symbols = symbols: null

2019-08-24 12:16:10 - [TEST_STEP][PASSED] - for ([j = 0, j &lt; symbols.size(), (j++)]): null

2019-08-24 12:16:10 - [TEST_STEP][PASSED] - symbol = symbol: null

2019-08-24 12:16:10 - [TEST_STEP][PASSED] - println(symbol): null

2019-08-24 12:16:10 - [TEST_STEP][PASSED] - if (i == 2 &amp;&amp; wildList.indexOf(symbol) != -1): null

2019-08-24 12:16:10 - [TEST_STEP][PASSED] - if (i == 3 &amp;&amp; wildList.indexOf(symbol) != -1): null

2019-08-24 12:16:10 - [TEST_STEP][PASSED] - if (i == 4 &amp;&amp; wildList.indexOf(symbol) != -1): null

2019-08-24 12:16:10 - [TEST_STEP][PASSED] - symbol = symbol: null

2019-08-24 12:16:10 - [TEST_STEP][PASSED] - println(symbol): null

2019-08-24 12:16:10 - [TEST_STEP][PASSED] - if (i == 2 &amp;&amp; wildList.indexOf(symbol) != -1): null

2019-08-24 12:16:10 - [TEST_STEP][PASSED] - if (i == 3 &amp;&amp; wildList.indexOf(symbol) != -1): null

2019-08-24 12:16:10 - [TEST_STEP][PASSED] - if (i == 4 &amp;&amp; wildList.indexOf(symbol) != -1): null

2019-08-24 12:16:10 - [TEST_STEP][PASSED] - symbol = symbol: null

2019-08-24 12:16:10 - [TEST_STEP][PASSED] - println(symbol): null

2019-08-24 12:16:13 - [TEST_STEP][PASSED] - if (i == 2 &amp;&amp; wildList.indexOf(symbol) != -1): null

2019-08-24 12:16:13 - [TEST_STEP][PASSED] - if (i == 3 &amp;&amp; wildList.indexOf(symbol) != -1): null

2019-08-24 12:16:13 - [TEST_STEP][PASSED] - if (i == 4 &amp;&amp; wildList.indexOf(symbol) != -1): null

2019-08-24 12:16:13 - [TEST_STEP][PASSED] - symbols = symbols: null

2019-08-24 12:16:13 - [TEST_STEP][PASSED] - for ([j = 0, j &lt; symbols.size(), (j++)]): null

2019-08-24 12:16:13 - [TEST_STEP][PASSED] - symbol = symbol: null

2019-08-24 12:16:13 - [TEST_STEP][PASSED] - println(symbol): null

2019-08-24 12:16:13 - [TEST_STEP][PASSED] - if (i == 2 &amp;&amp; wildList.indexOf(symbol) != -1): null

2019-08-24 12:16:13 - [TEST_STEP][PASSED] - if (i == 3 &amp;&amp; wildList.indexOf(symbol) != -1): null

2019-08-24 12:16:13 - [TEST_STEP][PASSED] - if (i == 4 &amp;&amp; wildList.indexOf(symbol) != -1): null

2019-08-24 12:16:16 - [TEST_STEP][PASSED] - symbol = symbol: null

2019-08-24 12:16:16 - [TEST_STEP][PASSED] - println(symbol): null

2019-08-24 12:16:16 - [TEST_STEP][PASSED] - if (i == 2 &amp;&amp; wildList.indexOf(symbol) != -1): null

2019-08-24 12:16:16 - [TEST_STEP][PASSED] - if (i == 3 &amp;&amp; wildList.indexOf(symbol) != -1): null

2019-08-24 12:16:16 - [TEST_STEP][PASSED] - if (i == 4 &amp;&amp; wildList.indexOf(symbol) != -1): null

2019-08-24 12:16:16 - [TEST_STEP][PASSED] - symbol = symbol: null

2019-08-24 12:16:16 - [TEST_STEP][PASSED] - println(symbol): null

2019-08-24 12:16:16 - [TEST_STEP][PASSED] - if (i == 2 &amp;&amp; wildList.indexOf(symbol) != -1): null

2019-08-24 12:16:16 - [TEST_STEP][PASSED] - if (i == 3 &amp;&amp; wildList.indexOf(symbol) != -1): null

2019-08-24 12:16:16 - [TEST_STEP][PASSED] - if (i == 4 &amp;&amp; wildList.indexOf(symbol) != -1): null

2019-08-24 12:16:16 - [TEST_STEP][PASSED] - free_spin_reel_counter = free_spin_reel_counter: null

2019-08-24 12:16:16 - [TEST_STEP][PASSED] - println("reel 3 wild found: " + free_spin_reel_counter[0]): null

2019-08-24 12:16:16 - [TEST_STEP][PASSED] - println("reel 4 wild found: " + free_spin_reel_counter[1]): null

2019-08-24 12:16:16 - [TEST_STEP][PASSED] - println("reel 5 wild found: " + free_spin_reel_counter[2]): null

2019-08-24 12:16:16 - [TEST_STEP][PASSED] - M4_spin_reels = M4_spin_reels: null

2019-08-24 12:16:16 - [TEST_STEP][PASSED] - M4_spin_reels_symbols = symbol: null

2019-08-24 12:16:16 - [TEST_STEP][PASSED] - M4_spin_reels_symbols = M4_spin_reels_symbols: null

2019-08-24 12:16:16 - [TEST_STEP][PASSED] - M4_spin_reel_wins = reel_wins: null

2019-08-24 12:16:16 - [TEST_STEP][PASSED] - M4_spin_reel_wins = M4_spin_reel_wins: null

2019-08-24 12:16:16 - [TEST_STEP][PASSED] - println("GlobalVariable.M4_spin_reel_wins is: " + M4_spin_reel_wins): null

2019-08-24 12:16:16 - [TEST_STEP][PASSED] - M4_spin_total_bonus_win_this_round = total_bonus_win_this_round: null

2019-08-24 12:16:16 - [TEST_STEP][PASSED] - M4_spin_total_bonus_win_this_round = M4_spin_total_bonus_win_this_round: null

2019-08-24 12:16:16 - [TEST_STEP][PASSED] - println("GlobalVariable.M4_spin_total_bonus_win_this_round is: " + M4_spin_total_bonus_win_this_round): null

2019-08-24 12:16:16 - [TEST_STEP][PASSED] - M4_spin_bonus_spin_result = spin_result: null

2019-08-24 12:16:16 - [TEST_STEP][PASSED] - M4_spin_bonus_spin_result = M4_spin_bonus_spin_result: null

2019-08-24 12:16:16 - [MESSAGE][PASSED] - Verify response successfully

2019-08-24 12:16:16 - [MESSAGE][PASSED] - Send request and verify the response successfully

2019-08-24 12:16:16 - [TEST_STEP][PASSED] - if (M4_total_bonus_spins_int != 0 &amp;&amp; M4_spin_reels_symbols[2].contains("WILD_ExtraFG") || M4_spin_reels_symbols[3].contains("WILD_ExtraFG")): null

2019-08-24 12:16:16 - [TEST_STEP][PASSED] - free_spin_reel_counter = free_spin_reel_counter: null

2019-08-24 12:16:16 - [TEST_STEP][PASSED] - M4_spin_reels_symbols = M4_spin_reels_symbols: null

2019-08-24 12:16:16 - [TEST_STEP][PASSED] - M4_total_bonus_spins = M4_total_bonus_spins: null

2019-08-24 12:16:16 - [TEST_STEP][PASSED] - spin_result = sendRequestAndVerify(findTestObject("INT/RGS(M4)/1_M4_spin", ["M4_login_user_id":M4_login_user_id, "rgs_session_token":rgs_session_token, "partner":Partner])): Send request and verify the response successfully

2019-08-24 12:16:16 - [MESSAGE][INFO] - HAR: /Users/eiralee/Katalon_Script/SuperWild/Reports/20190824_120919/INT/superWild_3/20190824_120919/requests/main/117.har

2019-08-24 12:16:16 - [TEST_CASE][PASSED] - Start Test Case : Verification: Verification accomplished successfully

2019-08-24 12:16:17 - [TEST_STEP][PASSED] - request = getInstance().getCurrentRequest(): null

2019-08-24 12:16:17 - [TEST_STEP][PASSED] - response = getInstance().getCurrentResponse(): null

2019-08-24 12:16:17 - [TEST_STEP][PASSED] - verifyResponseStatusCode(response, 200): Verify response status code successfully

2019-08-24 12:16:17 - [MESSAGE][PASSED] - Verify response status code successfully

2019-08-24 12:16:17 - [TEST_STEP][PASSED] - getStatusCode()).isEqualTo(200): null

2019-08-24 12:16:17 - [TEST_STEP][PASSED] - newline = System.getProperty("line.separator"): null

2019-08-24 12:16:17 - [TEST_STEP][PASSED] - M4_spin = new groovy.json.JsonSlurper(): null

2019-08-24 12:16:17 - [TEST_STEP][PASSED] - result_M4_spin = M4_spin.parseText(response.getResponseBodyContent()): null

2019-08-24 12:16:17 - [TEST_STEP][PASSED] - M4_spin_current_balance = current_balance: null

2019-08-24 12:16:17 - [TEST_STEP][PASSED] - M4_spin_current_balance = M4_spin_current_balance: null

2019-08-24 12:16:17 - [TEST_STEP][PASSED] - M4_spin_transaction_id = causality: null

2019-08-24 12:16:17 - [TEST_STEP][PASSED] - M4_spin_transaction_id = M4_spin_transaction_id: null

2019-08-24 12:16:17 - [TEST_STEP][PASSED] - M4_spin_round_id = round_id: null

2019-08-24 12:16:17 - [TEST_STEP][PASSED] - M4_spin_round_id = M4_spin_round_id: null

2019-08-24 12:16:17 - [TEST_STEP][PASSED] - M4_spin_line_wins = line_wins: null

2019-08-24 12:16:17 - [TEST_STEP][PASSED] - M4_spin_line_wins = M4_spin_line_wins: null

2019-08-24 12:16:17 - [TEST_STEP][PASSED] - M4_total_bonus_spins_int = total_bonus_spins: null

2019-08-24 12:16:17 - [TEST_STEP][PASSED] - println("******M4_total_bonus_spins type is:*******" + newline + getClass().getName()): null

2019-08-24 12:16:17 - [TEST_STEP][PASSED] - M4_total_bonus_spins_int = M4_total_bonus_spins_int: null

2019-08-24 12:16:17 - [TEST_STEP][PASSED] - M4_total_bonus_spins = Integer.toString(M4_total_bonus_spins_int): null

2019-08-24 12:16:17 - [TEST_STEP][PASSED] - M4_total_bonus_spins = M4_total_bonus_spins: null

2019-08-24 12:16:17 - [TEST_STEP][PASSED] - println("M4_total_bonus_spins is:" + M4_total_bonus_spins): null

2019-08-24 12:16:17 - [TEST_STEP][PASSED] - M4_spin_bonus_data = bonus_data: null

2019-08-24 12:16:17 - [TEST_STEP][PASSED] - M4_spin_features_triggered = result_M4_spin: null

2019-08-24 12:16:17 - [TEST_STEP][PASSED] - wild = []: null

2019-08-24 12:16:17 - [TEST_STEP][PASSED] - wild[0] = "WILD_Expanding": null

2019-08-24 12:16:17 - [TEST_STEP][PASSED] - wild[1] = "WILD_Normal": null

2019-08-24 12:16:17 - [TEST_STEP][PASSED] - wild[2] = "WILD_Double": null

2019-08-24 12:16:17 - [TEST_STEP][PASSED] - wild[3] = "WILD_ExtraFG": null

2019-08-24 12:16:17 - [TEST_STEP][PASSED] - wild[4] = "WILD_Triple": null

2019-08-24 12:16:17 - [TEST_STEP][PASSED] - wildList = Arrays.asList(wild): null

2019-08-24 12:16:17 - [TEST_STEP][PASSED] - wildList = wildList: null

2019-08-24 12:16:17 - [TEST_STEP][PASSED] - free_spin_reel_counter = []: null

2019-08-24 12:16:17 - [TEST_STEP][PASSED] - free_spin_reel_counter[0] = 0: null

2019-08-24 12:16:17 - [TEST_STEP][PASSED] - free_spin_reel_counter[1] = 0: null

2019-08-24 12:16:17 - [TEST_STEP][PASSED] - free_spin_reel_counter[2] = 0: null

2019-08-24 12:16:17 - [TEST_STEP][PASSED] - M4_spin_reels = reels: null

2019-08-24 12:16:17 - [TEST_STEP][PASSED] - for ([i = 0, i &lt; M4_spin_reels.size(), (i++)]): null

2019-08-24 12:16:17 - [TEST_STEP][PASSED] - symbols = symbols: null

2019-08-24 12:16:17 - [TEST_STEP][PASSED] - for ([j = 0, j &lt; symbols.size(), (j++)]): null

2019-08-24 12:16:17 - [TEST_STEP][PASSED] - symbol = symbol: null

2019-08-24 12:16:17 - [TEST_STEP][PASSED] - println(symbol): null

2019-08-24 12:16:17 - [TEST_STEP][PASSED] - if (i == 2 &amp;&amp; wildList.indexOf(symbol) != -1): null

2019-08-24 12:16:17 - [TEST_STEP][PASSED] - if (i == 3 &amp;&amp; wildList.indexOf(symbol) != -1): null

2019-08-24 12:16:17 - [TEST_STEP][PASSED] - if (i == 4 &amp;&amp; wildList.indexOf(symbol) != -1): null

2019-08-24 12:16:17 - [TEST_STEP][PASSED] - symbol = symbol: null

2019-08-24 12:16:17 - [TEST_STEP][PASSED] - println(symbol): null

2019-08-24 12:16:17 - [TEST_STEP][PASSED] - if (i == 2 &amp;&amp; wildList.indexOf(symbol) != -1): null

2019-08-24 12:16:17 - [TEST_STEP][PASSED] - if (i == 3 &amp;&amp; wildList.indexOf(symbol) != -1): null

2019-08-24 12:16:17 - [TEST_STEP][PASSED] - if (i == 4 &amp;&amp; wildList.indexOf(symbol) != -1): null

2019-08-24 12:16:17 - [TEST_STEP][PASSED] - symbol = symbol: null

2019-08-24 12:16:17 - [TEST_STEP][PASSED] - println(symbol): null

2019-08-24 12:16:17 - [TEST_STEP][PASSED] - if (i == 2 &amp;&amp; wildList.indexOf(symbol) != -1): null

2019-08-24 12:16:17 - [TEST_STEP][PASSED] - if (i == 3 &amp;&amp; wildList.indexOf(symbol) != -1): null

2019-08-24 12:16:17 - [TEST_STEP][PASSED] - if (i == 4 &amp;&amp; wildList.indexOf(symbol) != -1): null

2019-08-24 12:16:17 - [TEST_STEP][PASSED] - symbols = symbols: null

2019-08-24 12:16:17 - [TEST_STEP][PASSED] - for ([j = 0, j &lt; symbols.size(), (j++)]): null

2019-08-24 12:16:17 - [TEST_STEP][PASSED] - symbol = symbol: null

2019-08-24 12:16:17 - [TEST_STEP][PASSED] - println(symbol): null

2019-08-24 12:16:17 - [TEST_STEP][PASSED] - if (i == 2 &amp;&amp; wildList.indexOf(symbol) != -1): null

2019-08-24 12:16:17 - [TEST_STEP][PASSED] - if (i == 3 &amp;&amp; wildList.indexOf(symbol) != -1): null

2019-08-24 12:16:17 - [TEST_STEP][PASSED] - if (i == 4 &amp;&amp; wildList.indexOf(symbol) != -1): null

2019-08-24 12:16:17 - [TEST_STEP][PASSED] - symbol = symbol: null

2019-08-24 12:16:17 - [TEST_STEP][PASSED] - println(symbol): null

2019-08-24 12:16:17 - [TEST_STEP][PASSED] - if (i == 2 &amp;&amp; wildList.indexOf(symbol) != -1): null

2019-08-24 12:16:17 - [TEST_STEP][PASSED] - if (i == 3 &amp;&amp; wildList.indexOf(symbol) != -1): null

2019-08-24 12:16:17 - [TEST_STEP][PASSED] - if (i == 4 &amp;&amp; wildList.indexOf(symbol) != -1): null

2019-08-24 12:16:17 - [TEST_STEP][PASSED] - symbol = symbol: null

2019-08-24 12:16:17 - [TEST_STEP][PASSED] - println(symbol): null

2019-08-24 12:16:17 - [TEST_STEP][PASSED] - if (i == 2 &amp;&amp; wildList.indexOf(symbol) != -1): null

2019-08-24 12:16:17 - [TEST_STEP][PASSED] - if (i == 3 &amp;&amp; wildList.indexOf(symbol) != -1): null

2019-08-24 12:16:17 - [TEST_STEP][PASSED] - if (i == 4 &amp;&amp; wildList.indexOf(symbol) != -1): null

2019-08-24 12:16:17 - [TEST_STEP][PASSED] - symbols = symbols: null

2019-08-24 12:16:17 - [TEST_STEP][PASSED] - for ([j = 0, j &lt; symbols.size(), (j++)]): null

2019-08-24 12:16:17 - [TEST_STEP][PASSED] - symbol = symbol: null

2019-08-24 12:16:17 - [TEST_STEP][PASSED] - println(symbol): null

2019-08-24 12:16:17 - [TEST_STEP][PASSED] - if (i == 2 &amp;&amp; wildList.indexOf(symbol) != -1): null

2019-08-24 12:16:17 - [TEST_STEP][PASSED] - if (i == 3 &amp;&amp; wildList.indexOf(symbol) != -1): null

2019-08-24 12:16:17 - [TEST_STEP][PASSED] - if (i == 4 &amp;&amp; wildList.indexOf(symbol) != -1): null

2019-08-24 12:16:17 - [TEST_STEP][PASSED] - symbol = symbol: null

2019-08-24 12:16:17 - [TEST_STEP][PASSED] - println(symbol): null

2019-08-24 12:16:17 - [TEST_STEP][PASSED] - if (i == 2 &amp;&amp; wildList.indexOf(symbol) != -1): null

2019-08-24 12:16:17 - [TEST_STEP][PASSED] - println("wild found on reel 3, adding counter by 1"): null

2019-08-24 12:16:17 - [TEST_STEP][PASSED] - free_spin_reel_counter[0] = free_spin_reel_counter[0] + 1: null

2019-08-24 12:16:17 - [TEST_STEP][PASSED] - if (i == 3 &amp;&amp; wildList.indexOf(symbol) != -1): null

2019-08-24 12:16:17 - [TEST_STEP][PASSED] - if (i == 4 &amp;&amp; wildList.indexOf(symbol) != -1): null

2019-08-24 12:16:17 - [TEST_STEP][PASSED] - symbol = symbol: null

2019-08-24 12:16:17 - [TEST_STEP][PASSED] - println(symbol): null

2019-08-24 12:16:17 - [TEST_STEP][PASSED] - if (i == 2 &amp;&amp; wildList.indexOf(symbol) != -1): null

2019-08-24 12:16:17 - [TEST_STEP][PASSED] - if (i == 3 &amp;&amp; wildList.indexOf(symbol) != -1): null

2019-08-24 12:16:17 - [TEST_STEP][PASSED] - if (i == 4 &amp;&amp; wildList.indexOf(symbol) != -1): null

2019-08-24 12:16:17 - [TEST_STEP][PASSED] - symbols = symbols: null

2019-08-24 12:16:17 - [TEST_STEP][PASSED] - for ([j = 0, j &lt; symbols.size(), (j++)]): null

2019-08-24 12:16:17 - [TEST_STEP][PASSED] - symbol = symbol: null

2019-08-24 12:16:17 - [TEST_STEP][PASSED] - println(symbol): null

2019-08-24 12:16:17 - [TEST_STEP][PASSED] - if (i == 2 &amp;&amp; wildList.indexOf(symbol) != -1): null

2019-08-24 12:16:17 - [TEST_STEP][PASSED] - if (i == 3 &amp;&amp; wildList.indexOf(symbol) != -1): null

2019-08-24 12:16:17 - [TEST_STEP][PASSED] - if (i == 4 &amp;&amp; wildList.indexOf(symbol) != -1): null

2019-08-24 12:16:17 - [TEST_STEP][PASSED] - symbol = symbol: null

2019-08-24 12:16:17 - [TEST_STEP][PASSED] - println(symbol): null

2019-08-24 12:16:17 - [TEST_STEP][PASSED] - if (i == 2 &amp;&amp; wildList.indexOf(symbol) != -1): null

2019-08-24 12:16:17 - [TEST_STEP][PASSED] - if (i == 3 &amp;&amp; wildList.indexOf(symbol) != -1): null

2019-08-24 12:16:17 - [TEST_STEP][PASSED] - if (i == 4 &amp;&amp; wildList.indexOf(symbol) != -1): null

2019-08-24 12:16:17 - [TEST_STEP][PASSED] - symbol = symbol: null

2019-08-24 12:16:17 - [TEST_STEP][PASSED] - println(symbol): null

2019-08-24 12:16:17 - [TEST_STEP][PASSED] - if (i == 2 &amp;&amp; wildList.indexOf(symbol) != -1): null

2019-08-24 12:16:17 - [TEST_STEP][PASSED] - if (i == 3 &amp;&amp; wildList.indexOf(symbol) != -1): null

2019-08-24 12:16:17 - [TEST_STEP][PASSED] - if (i == 4 &amp;&amp; wildList.indexOf(symbol) != -1): null

2019-08-24 12:16:17 - [TEST_STEP][PASSED] - symbols = symbols: null

2019-08-24 12:16:17 - [TEST_STEP][PASSED] - for ([j = 0, j &lt; symbols.size(), (j++)]): null

2019-08-24 12:16:17 - [TEST_STEP][PASSED] - symbol = symbol: null

2019-08-24 12:16:17 - [TEST_STEP][PASSED] - println(symbol): null

2019-08-24 12:16:17 - [TEST_STEP][PASSED] - if (i == 2 &amp;&amp; wildList.indexOf(symbol) != -1): null

2019-08-24 12:16:17 - [TEST_STEP][PASSED] - if (i == 3 &amp;&amp; wildList.indexOf(symbol) != -1): null

2019-08-24 12:16:17 - [TEST_STEP][PASSED] - if (i == 4 &amp;&amp; wildList.indexOf(symbol) != -1): null

2019-08-24 12:16:17 - [TEST_STEP][PASSED] - symbol = symbol: null

2019-08-24 12:16:17 - [TEST_STEP][PASSED] - println(symbol): null

2019-08-24 12:16:17 - [TEST_STEP][PASSED] - if (i == 2 &amp;&amp; wildList.indexOf(symbol) != -1): null

2019-08-24 12:16:17 - [TEST_STEP][PASSED] - if (i == 3 &amp;&amp; wildList.indexOf(symbol) != -1): null

2019-08-24 12:16:17 - [TEST_STEP][PASSED] - if (i == 4 &amp;&amp; wildList.indexOf(symbol) != -1): null

2019-08-24 12:16:17 - [TEST_STEP][PASSED] - symbol = symbol: null

2019-08-24 12:16:17 - [TEST_STEP][PASSED] - println(symbol): null

2019-08-24 12:16:17 - [TEST_STEP][PASSED] - if (i == 2 &amp;&amp; wildList.indexOf(symbol) != -1): null

2019-08-24 12:16:17 - [TEST_STEP][PASSED] - if (i == 3 &amp;&amp; wildList.indexOf(symbol) != -1): null

2019-08-24 12:16:17 - [TEST_STEP][PASSED] - if (i == 4 &amp;&amp; wildList.indexOf(symbol) != -1): null

2019-08-24 12:16:17 - [TEST_STEP][PASSED] - free_spin_reel_counter = free_spin_reel_counter: null

2019-08-24 12:16:17 - [TEST_STEP][PASSED] - println("reel 3 wild found: " + free_spin_reel_counter[0]): null

2019-08-24 12:16:17 - [TEST_STEP][PASSED] - println("reel 4 wild found: " + free_spin_reel_counter[1]): null

2019-08-24 12:16:17 - [TEST_STEP][PASSED] - println("reel 5 wild found: " + free_spin_reel_counter[2]): null

2019-08-24 12:16:17 - [TEST_STEP][PASSED] - M4_spin_reels = M4_spin_reels: null

2019-08-24 12:16:17 - [TEST_STEP][PASSED] - M4_spin_reels_symbols = symbol: null

2019-08-24 12:16:17 - [TEST_STEP][PASSED] - M4_spin_reels_symbols = M4_spin_reels_symbols: null

2019-08-24 12:16:17 - [TEST_STEP][PASSED] - M4_spin_reel_wins = reel_wins: null

2019-08-24 12:16:17 - [TEST_STEP][PASSED] - M4_spin_reel_wins = M4_spin_reel_wins: null

2019-08-24 12:16:17 - [TEST_STEP][PASSED] - println("GlobalVariable.M4_spin_reel_wins is: " + M4_spin_reel_wins): null

2019-08-24 12:16:17 - [TEST_STEP][PASSED] - M4_spin_total_bonus_win_this_round = total_bonus_win_this_round: null

2019-08-24 12:16:17 - [TEST_STEP][PASSED] - M4_spin_total_bonus_win_this_round = M4_spin_total_bonus_win_this_round: null

2019-08-24 12:16:17 - [TEST_STEP][PASSED] - println("GlobalVariable.M4_spin_total_bonus_win_this_round is: " + M4_spin_total_bonus_win_this_round): null

2019-08-24 12:16:17 - [TEST_STEP][PASSED] - M4_spin_bonus_spin_result = spin_result: null

2019-08-24 12:16:17 - [TEST_STEP][PASSED] - M4_spin_bonus_spin_result = M4_spin_bonus_spin_result: null

2019-08-24 12:16:17 - [MESSAGE][PASSED] - Verify response successfully

2019-08-24 12:16:17 - [MESSAGE][PASSED] - Send request and verify the response successfully

2019-08-24 12:16:17 - [TEST_STEP][PASSED] - if (M4_total_bonus_spins_int != 0 &amp;&amp; M4_spin_reels_symbols[2].contains("WILD_ExtraFG") || M4_spin_reels_symbols[3].contains("WILD_ExtraFG")): null

2019-08-24 12:16:17 - [TEST_STEP][PASSED] - free_spin_reel_counter = free_spin_reel_counter: null

2019-08-24 12:16:17 - [TEST_STEP][PASSED] - M4_spin_reels_symbols = M4_spin_reels_symbols: null

2019-08-24 12:16:17 - [TEST_STEP][PASSED] - M4_total_bonus_spins = M4_total_bonus_spins: null

2019-08-24 12:16:17 - [TEST_STEP][PASSED] - spin_result = sendRequestAndVerify(findTestObject("INT/RGS(M4)/1_M4_spin", ["M4_login_user_id":M4_login_user_id, "rgs_session_token":rgs_session_token, "partner":Partner])): Send request and verify the response successfully

2019-08-24 12:16:17 - [MESSAGE][INFO] - HAR: /Users/eiralee/Katalon_Script/SuperWild/Reports/20190824_120919/INT/superWild_3/20190824_120919/requests/main/118.har

2019-08-24 12:16:17 - [TEST_CASE][PASSED] - Start Test Case : Verification: Verification accomplished successfully

2019-08-24 12:16:17 - [TEST_STEP][PASSED] - request = getInstance().getCurrentRequest(): null

2019-08-24 12:16:17 - [TEST_STEP][PASSED] - response = getInstance().getCurrentResponse(): null

2019-08-24 12:16:17 - [TEST_STEP][PASSED] - verifyResponseStatusCode(response, 200): Verify response status code successfully

2019-08-24 12:16:17 - [MESSAGE][PASSED] - Verify response status code successfully

2019-08-24 12:16:17 - [TEST_STEP][PASSED] - getStatusCode()).isEqualTo(200): null

2019-08-24 12:16:17 - [TEST_STEP][PASSED] - newline = System.getProperty("line.separator"): null

2019-08-24 12:16:17 - [TEST_STEP][PASSED] - M4_spin = new groovy.json.JsonSlurper(): null

2019-08-24 12:16:17 - [TEST_STEP][PASSED] - result_M4_spin = M4_spin.parseText(response.getResponseBodyContent()): null

2019-08-24 12:16:17 - [TEST_STEP][PASSED] - M4_spin_current_balance = current_balance: null

2019-08-24 12:16:17 - [TEST_STEP][PASSED] - M4_spin_current_balance = M4_spin_current_balance: null

2019-08-24 12:16:17 - [TEST_STEP][PASSED] - M4_spin_transaction_id = causality: null

2019-08-24 12:16:17 - [TEST_STEP][PASSED] - M4_spin_transaction_id = M4_spin_transaction_id: null

2019-08-24 12:16:17 - [TEST_STEP][PASSED] - M4_spin_round_id = round_id: null

2019-08-24 12:16:17 - [TEST_STEP][PASSED] - M4_spin_round_id = M4_spin_round_id: null

2019-08-24 12:16:17 - [TEST_STEP][PASSED] - M4_spin_line_wins = line_wins: null

2019-08-24 12:16:17 - [TEST_STEP][PASSED] - M4_spin_line_wins = M4_spin_line_wins: null

2019-08-24 12:16:17 - [TEST_STEP][PASSED] - M4_total_bonus_spins_int = total_bonus_spins: null

2019-08-24 12:16:17 - [TEST_STEP][PASSED] - println("******M4_total_bonus_spins type is:*******" + newline + getClass().getName()): null

2019-08-24 12:16:17 - [TEST_STEP][PASSED] - M4_total_bonus_spins_int = M4_total_bonus_spins_int: null

2019-08-24 12:16:17 - [TEST_STEP][PASSED] - M4_total_bonus_spins = Integer.toString(M4_total_bonus_spins_int): null

2019-08-24 12:16:17 - [TEST_STEP][PASSED] - M4_total_bonus_spins = M4_total_bonus_spins: null

2019-08-24 12:16:17 - [TEST_STEP][PASSED] - println("M4_total_bonus_spins is:" + M4_total_bonus_spins): null

2019-08-24 12:16:17 - [TEST_STEP][PASSED] - M4_spin_bonus_data = bonus_data: null

2019-08-24 12:16:17 - [TEST_STEP][PASSED] - M4_spin_features_triggered = result_M4_spin: null

2019-08-24 12:16:17 - [TEST_STEP][PASSED] - wild = []: null

2019-08-24 12:16:17 - [TEST_STEP][PASSED] - wild[0] = "WILD_Expanding": null

2019-08-24 12:16:17 - [TEST_STEP][PASSED] - wild[1] = "WILD_Normal": null

2019-08-24 12:16:17 - [TEST_STEP][PASSED] - wild[2] = "WILD_Double": null

2019-08-24 12:16:17 - [TEST_STEP][PASSED] - wild[3] = "WILD_ExtraFG": null

2019-08-24 12:16:17 - [TEST_STEP][PASSED] - wild[4] = "WILD_Triple": null

2019-08-24 12:16:17 - [TEST_STEP][PASSED] - wildList = Arrays.asList(wild): null

2019-08-24 12:16:17 - [TEST_STEP][PASSED] - wildList = wildList: null

2019-08-24 12:16:17 - [TEST_STEP][PASSED] - free_spin_reel_counter = []: null

2019-08-24 12:16:17 - [TEST_STEP][PASSED] - free_spin_reel_counter[0] = 0: null

2019-08-24 12:16:17 - [TEST_STEP][PASSED] - free_spin_reel_counter[1] = 0: null

2019-08-24 12:16:17 - [TEST_STEP][PASSED] - free_spin_reel_counter[2] = 0: null

2019-08-24 12:16:17 - [TEST_STEP][PASSED] - M4_spin_reels = reels: null

2019-08-24 12:16:17 - [TEST_STEP][PASSED] - for ([i = 0, i &lt; M4_spin_reels.size(), (i++)]): null

2019-08-24 12:16:17 - [TEST_STEP][PASSED] - symbols = symbols: null

2019-08-24 12:16:17 - [TEST_STEP][PASSED] - for ([j = 0, j &lt; symbols.size(), (j++)]): null

2019-08-24 12:16:17 - [TEST_STEP][PASSED] - symbol = symbol: null

2019-08-24 12:16:17 - [TEST_STEP][PASSED] - println(symbol): null

2019-08-24 12:16:17 - [TEST_STEP][PASSED] - if (i == 2 &amp;&amp; wildList.indexOf(symbol) != -1): null

2019-08-24 12:16:17 - [TEST_STEP][PASSED] - if (i == 3 &amp;&amp; wildList.indexOf(symbol) != -1): null

2019-08-24 12:16:17 - [TEST_STEP][PASSED] - if (i == 4 &amp;&amp; wildList.indexOf(symbol) != -1): null

2019-08-24 12:16:17 - [TEST_STEP][PASSED] - symbol = symbol: null

2019-08-24 12:16:17 - [TEST_STEP][PASSED] - println(symbol): null

2019-08-24 12:16:17 - [TEST_STEP][PASSED] - if (i == 2 &amp;&amp; wildList.indexOf(symbol) != -1): null

2019-08-24 12:16:17 - [TEST_STEP][PASSED] - if (i == 3 &amp;&amp; wildList.indexOf(symbol) != -1): null

2019-08-24 12:16:17 - [TEST_STEP][PASSED] - if (i == 4 &amp;&amp; wildList.indexOf(symbol) != -1): null

2019-08-24 12:16:17 - [TEST_STEP][PASSED] - symbol = symbol: null

2019-08-24 12:16:17 - [TEST_STEP][PASSED] - println(symbol): null

2019-08-24 12:16:17 - [TEST_STEP][PASSED] - if (i == 2 &amp;&amp; wildList.indexOf(symbol) != -1): null

2019-08-24 12:16:17 - [TEST_STEP][PASSED] - if (i == 3 &amp;&amp; wildList.indexOf(symbol) != -1): null

2019-08-24 12:16:17 - [TEST_STEP][PASSED] - if (i == 4 &amp;&amp; wildList.indexOf(symbol) != -1): null

2019-08-24 12:16:17 - [TEST_STEP][PASSED] - symbols = symbols: null

2019-08-24 12:16:17 - [TEST_STEP][PASSED] - for ([j = 0, j &lt; symbols.size(), (j++)]): null

2019-08-24 12:16:17 - [TEST_STEP][PASSED] - symbol = symbol: null

2019-08-24 12:16:17 - [TEST_STEP][PASSED] - println(symbol): null

2019-08-24 12:16:17 - [TEST_STEP][PASSED] - if (i == 2 &amp;&amp; wildList.indexOf(symbol) != -1): null

2019-08-24 12:16:17 - [TEST_STEP][PASSED] - if (i == 3 &amp;&amp; wildList.indexOf(symbol) != -1): null

2019-08-24 12:16:17 - [TEST_STEP][PASSED] - if (i == 4 &amp;&amp; wildList.indexOf(symbol) != -1): null

2019-08-24 12:16:17 - [TEST_STEP][PASSED] - symbol = symbol: null

2019-08-24 12:16:17 - [TEST_STEP][PASSED] - println(symbol): null

2019-08-24 12:16:17 - [TEST_STEP][PASSED] - if (i == 2 &amp;&amp; wildList.indexOf(symbol) != -1): null

2019-08-24 12:16:17 - [TEST_STEP][PASSED] - if (i == 3 &amp;&amp; wildList.indexOf(symbol) != -1): null

2019-08-24 12:16:17 - [TEST_STEP][PASSED] - if (i == 4 &amp;&amp; wildList.indexOf(symbol) != -1): null

2019-08-24 12:16:17 - [TEST_STEP][PASSED] - symbol = symbol: null

2019-08-24 12:16:17 - [TEST_STEP][PASSED] - println(symbol): null

2019-08-24 12:16:17 - [TEST_STEP][PASSED] - if (i == 2 &amp;&amp; wildList.indexOf(symbol) != -1): null

2019-08-24 12:16:17 - [TEST_STEP][PASSED] - if (i == 3 &amp;&amp; wildList.indexOf(symbol) != -1): null

2019-08-24 12:16:17 - [TEST_STEP][PASSED] - if (i == 4 &amp;&amp; wildList.indexOf(symbol) != -1): null

2019-08-24 12:16:17 - [TEST_STEP][PASSED] - symbols = symbols: null

2019-08-24 12:16:17 - [TEST_STEP][PASSED] - for ([j = 0, j &lt; symbols.size(), (j++)]): null

2019-08-24 12:16:17 - [TEST_STEP][PASSED] - symbol = symbol: null

2019-08-24 12:16:17 - [TEST_STEP][PASSED] - println(symbol): null

2019-08-24 12:16:17 - [TEST_STEP][PASSED] - if (i == 2 &amp;&amp; wildList.indexOf(symbol) != -1): null

2019-08-24 12:16:17 - [TEST_STEP][PASSED] - if (i == 3 &amp;&amp; wildList.indexOf(symbol) != -1): null

2019-08-24 12:16:17 - [TEST_STEP][PASSED] - if (i == 4 &amp;&amp; wildList.indexOf(symbol) != -1): null

2019-08-24 12:16:17 - [TEST_STEP][PASSED] - symbol = symbol: null

2019-08-24 12:16:17 - [TEST_STEP][PASSED] - println(symbol): null

2019-08-24 12:16:17 - [TEST_STEP][PASSED] - if (i == 2 &amp;&amp; wildList.indexOf(symbol) != -1): null

2019-08-24 12:16:17 - [TEST_STEP][PASSED] - if (i == 3 &amp;&amp; wildList.indexOf(symbol) != -1): null

2019-08-24 12:16:17 - [TEST_STEP][PASSED] - if (i == 4 &amp;&amp; wildList.indexOf(symbol) != -1): null

2019-08-24 12:16:17 - [TEST_STEP][PASSED] - symbol = symbol: null

2019-08-24 12:16:17 - [TEST_STEP][PASSED] - println(symbol): null

2019-08-24 12:16:17 - [TEST_STEP][PASSED] - if (i == 2 &amp;&amp; wildList.indexOf(symbol) != -1): null

2019-08-24 12:16:17 - [TEST_STEP][PASSED] - if (i == 3 &amp;&amp; wildList.indexOf(symbol) != -1): null

2019-08-24 12:16:17 - [TEST_STEP][PASSED] - if (i == 4 &amp;&amp; wildList.indexOf(symbol) != -1): null

2019-08-24 12:16:17 - [TEST_STEP][PASSED] - symbols = symbols: null

2019-08-24 12:16:17 - [TEST_STEP][PASSED] - for ([j = 0, j &lt; symbols.size(), (j++)]): null

2019-08-24 12:16:17 - [TEST_STEP][PASSED] - symbol = symbol: null

2019-08-24 12:16:17 - [TEST_STEP][PASSED] - println(symbol): null

2019-08-24 12:16:17 - [TEST_STEP][PASSED] - if (i == 2 &amp;&amp; wildList.indexOf(symbol) != -1): null

2019-08-24 12:16:17 - [TEST_STEP][PASSED] - if (i == 3 &amp;&amp; wildList.indexOf(symbol) != -1): null

2019-08-24 12:16:17 - [TEST_STEP][PASSED] - if (i == 4 &amp;&amp; wildList.indexOf(symbol) != -1): null

2019-08-24 12:16:17 - [TEST_STEP][PASSED] - symbol = symbol: null

2019-08-24 12:16:17 - [TEST_STEP][PASSED] - println(symbol): null

2019-08-24 12:16:17 - [TEST_STEP][PASSED] - if (i == 2 &amp;&amp; wildList.indexOf(symbol) != -1): null

2019-08-24 12:16:17 - [TEST_STEP][PASSED] - if (i == 3 &amp;&amp; wildList.indexOf(symbol) != -1): null

2019-08-24 12:16:17 - [TEST_STEP][PASSED] - if (i == 4 &amp;&amp; wildList.indexOf(symbol) != -1): null

2019-08-24 12:16:17 - [TEST_STEP][PASSED] - symbol = symbol: null

2019-08-24 12:16:17 - [TEST_STEP][PASSED] - println(symbol): null

2019-08-24 12:16:17 - [TEST_STEP][PASSED] - if (i == 2 &amp;&amp; wildList.indexOf(symbol) != -1): null

2019-08-24 12:16:17 - [TEST_STEP][PASSED] - if (i == 3 &amp;&amp; wildList.indexOf(symbol) != -1): null

2019-08-24 12:16:17 - [TEST_STEP][PASSED] - if (i == 4 &amp;&amp; wildList.indexOf(symbol) != -1): null

2019-08-24 12:16:17 - [TEST_STEP][PASSED] - symbols = symbols: null

2019-08-24 12:16:17 - [TEST_STEP][PASSED] - for ([j = 0, j &lt; symbols.size(), (j++)]): null

2019-08-24 12:16:17 - [TEST_STEP][PASSED] - symbol = symbol: null

2019-08-24 12:16:17 - [TEST_STEP][PASSED] - println(symbol): null

2019-08-24 12:16:17 - [TEST_STEP][PASSED] - if (i == 2 &amp;&amp; wildList.indexOf(symbol) != -1): null

2019-08-24 12:16:17 - [TEST_STEP][PASSED] - if (i == 3 &amp;&amp; wildList.indexOf(symbol) != -1): null

2019-08-24 12:16:17 - [TEST_STEP][PASSED] - if (i == 4 &amp;&amp; wildList.indexOf(symbol) != -1): null

2019-08-24 12:16:17 - [TEST_STEP][PASSED] - symbol = symbol: null

2019-08-24 12:16:17 - [TEST_STEP][PASSED] - println(symbol): null

2019-08-24 12:16:17 - [TEST_STEP][PASSED] - if (i == 2 &amp;&amp; wildList.indexOf(symbol) != -1): null

2019-08-24 12:16:17 - [TEST_STEP][PASSED] - if (i == 3 &amp;&amp; wildList.indexOf(symbol) != -1): null

2019-08-24 12:16:17 - [TEST_STEP][PASSED] - if (i == 4 &amp;&amp; wildList.indexOf(symbol) != -1): null

2019-08-24 12:16:17 - [TEST_STEP][PASSED] - symbol = symbol: null

2019-08-24 12:16:17 - [TEST_STEP][PASSED] - println(symbol): null

2019-08-24 12:16:17 - [TEST_STEP][PASSED] - if (i == 2 &amp;&amp; wildList.indexOf(symbol) != -1): null

2019-08-24 12:16:17 - [TEST_STEP][PASSED] - if (i == 3 &amp;&amp; wildList.indexOf(symbol) != -1): null

2019-08-24 12:16:17 - [TEST_STEP][PASSED] - if (i == 4 &amp;&amp; wildList.indexOf(symbol) != -1): null

2019-08-24 12:16:17 - [TEST_STEP][PASSED] - free_spin_reel_counter = free_spin_reel_counter: null

2019-08-24 12:16:17 - [TEST_STEP][PASSED] - println("reel 3 wild found: " + free_spin_reel_counter[0]): null

2019-08-24 12:16:17 - [TEST_STEP][PASSED] - println("reel 4 wild found: " + free_spin_reel_counter[1]): null

2019-08-24 12:16:17 - [TEST_STEP][PASSED] - println("reel 5 wild found: " + free_spin_reel_counter[2]): null

2019-08-24 12:16:17 - [TEST_STEP][PASSED] - M4_spin_reels = M4_spin_reels: null

2019-08-24 12:16:17 - [TEST_STEP][PASSED] - M4_spin_reels_symbols = symbol: null

2019-08-24 12:16:17 - [TEST_STEP][PASSED] - M4_spin_reels_symbols = M4_spin_reels_symbols: null

2019-08-24 12:16:17 - [TEST_STEP][PASSED] - M4_spin_reel_wins = reel_wins: null

2019-08-24 12:16:17 - [TEST_STEP][PASSED] - M4_spin_reel_wins = M4_spin_reel_wins: null

2019-08-24 12:16:17 - [TEST_STEP][PASSED] - println("GlobalVariable.M4_spin_reel_wins is: " + M4_spin_reel_wins): null

2019-08-24 12:16:17 - [TEST_STEP][PASSED] - M4_spin_total_bonus_win_this_round = total_bonus_win_this_round: null

2019-08-24 12:16:17 - [TEST_STEP][PASSED] - M4_spin_total_bonus_win_this_round = M4_spin_total_bonus_win_this_round: null

2019-08-24 12:16:17 - [TEST_STEP][PASSED] - println("GlobalVariable.M4_spin_total_bonus_win_this_round is: " + M4_spin_total_bonus_win_this_round): null

2019-08-24 12:16:17 - [TEST_STEP][PASSED] - M4_spin_bonus_spin_result = spin_result: null

2019-08-24 12:16:17 - [TEST_STEP][PASSED] - M4_spin_bonus_spin_result = M4_spin_bonus_spin_result: null

2019-08-24 12:16:17 - [MESSAGE][PASSED] - Verify response successfully

2019-08-24 12:16:21 - [MESSAGE][PASSED] - Send request and verify the response successfully

2019-08-24 12:16:21 - [TEST_STEP][PASSED] - if (M4_total_bonus_spins_int != 0 &amp;&amp; M4_spin_reels_symbols[2].contains("WILD_ExtraFG") || M4_spin_reels_symbols[3].contains("WILD_ExtraFG")): null

2019-08-24 12:16:21 - [TEST_STEP][PASSED] - free_spin_reel_counter = free_spin_reel_counter: null

2019-08-24 12:16:21 - [TEST_STEP][PASSED] - M4_spin_reels_symbols = M4_spin_reels_symbols: null

2019-08-24 12:16:21 - [TEST_STEP][PASSED] - M4_total_bonus_spins = M4_total_bonus_spins: null

2019-08-24 12:16:21 - [TEST_STEP][PASSED] - spin_result = sendRequestAndVerify(findTestObject("INT/RGS(M4)/1_M4_spin", ["M4_login_user_id":M4_login_user_id, "rgs_session_token":rgs_session_token, "partner":Partner])): Send request and verify the response successfully

2019-08-24 12:16:22 - [MESSAGE][INFO] - HAR: /Users/eiralee/Katalon_Script/SuperWild/Reports/20190824_120919/INT/superWild_3/20190824_120919/requests/main/119.har

2019-08-24 12:16:22 - [TEST_CASE][PASSED] - Start Test Case : Verification: Verification accomplished successfully

2019-08-24 12:16:22 - [TEST_STEP][PASSED] - request = getInstance().getCurrentRequest(): null

2019-08-24 12:16:22 - [TEST_STEP][PASSED] - response = getInstance().getCurrentResponse(): null

2019-08-24 12:16:22 - [TEST_STEP][PASSED] - verifyResponseStatusCode(response, 200): Verify response status code successfully

2019-08-24 12:16:24 - [MESSAGE][PASSED] - Verify response status code successfully

2019-08-24 12:16:24 - [TEST_STEP][PASSED] - getStatusCode()).isEqualTo(200): null

2019-08-24 12:16:24 - [TEST_STEP][PASSED] - newline = System.getProperty("line.separator"): null

2019-08-24 12:16:24 - [TEST_STEP][PASSED] - M4_spin = new groovy.json.JsonSlurper(): null

2019-08-24 12:16:24 - [TEST_STEP][PASSED] - result_M4_spin = M4_spin.parseText(response.getResponseBodyContent()): null

2019-08-24 12:16:24 - [TEST_STEP][PASSED] - M4_spin_current_balance = current_balance: null

2019-08-24 12:16:24 - [TEST_STEP][PASSED] - M4_spin_current_balance = M4_spin_current_balance: null

2019-08-24 12:16:24 - [TEST_STEP][PASSED] - M4_spin_transaction_id = causality: null

2019-08-24 12:16:24 - [TEST_STEP][PASSED] - M4_spin_transaction_id = M4_spin_transaction_id: null

2019-08-24 12:16:24 - [TEST_STEP][PASSED] - M4_spin_round_id = round_id: null

2019-08-24 12:16:24 - [TEST_STEP][PASSED] - M4_spin_round_id = M4_spin_round_id: null

2019-08-24 12:16:24 - [TEST_STEP][PASSED] - M4_spin_line_wins = line_wins: null

2019-08-24 12:16:24 - [TEST_STEP][PASSED] - M4_spin_line_wins = M4_spin_line_wins: null

2019-08-24 12:16:24 - [TEST_STEP][PASSED] - M4_total_bonus_spins_int = total_bonus_spins: null

2019-08-24 12:16:24 - [TEST_STEP][PASSED] - println("******M4_total_bonus_spins type is:*******" + newline + getClass().getName()): null

2019-08-24 12:16:24 - [TEST_STEP][PASSED] - M4_total_bonus_spins_int = M4_total_bonus_spins_int: null

2019-08-24 12:16:24 - [TEST_STEP][PASSED] - M4_total_bonus_spins = Integer.toString(M4_total_bonus_spins_int): null

2019-08-24 12:16:24 - [TEST_STEP][PASSED] - M4_total_bonus_spins = M4_total_bonus_spins: null

2019-08-24 12:16:24 - [TEST_STEP][PASSED] - println("M4_total_bonus_spins is:" + M4_total_bonus_spins): null

2019-08-24 12:16:24 - [TEST_STEP][PASSED] - M4_spin_bonus_data = bonus_data: null

2019-08-24 12:16:24 - [TEST_STEP][PASSED] - M4_spin_features_triggered = result_M4_spin: null

2019-08-24 12:16:24 - [TEST_STEP][PASSED] - wild = []: null

2019-08-24 12:16:24 - [TEST_STEP][PASSED] - wild[0] = "WILD_Expanding": null

2019-08-24 12:16:24 - [TEST_STEP][PASSED] - wild[1] = "WILD_Normal": null

2019-08-24 12:16:24 - [TEST_STEP][PASSED] - wild[2] = "WILD_Double": null

2019-08-24 12:16:24 - [TEST_STEP][PASSED] - wild[3] = "WILD_ExtraFG": null

2019-08-24 12:16:24 - [TEST_STEP][PASSED] - wild[4] = "WILD_Triple": null

2019-08-24 12:16:24 - [TEST_STEP][PASSED] - wildList = Arrays.asList(wild): null

2019-08-24 12:16:24 - [TEST_STEP][PASSED] - wildList = wildList: null

2019-08-24 12:16:24 - [TEST_STEP][PASSED] - free_spin_reel_counter = []: null

2019-08-24 12:16:24 - [TEST_STEP][PASSED] - free_spin_reel_counter[0] = 0: null

2019-08-24 12:16:24 - [TEST_STEP][PASSED] - free_spin_reel_counter[1] = 0: null

2019-08-24 12:16:24 - [TEST_STEP][PASSED] - free_spin_reel_counter[2] = 0: null

2019-08-24 12:16:24 - [TEST_STEP][PASSED] - M4_spin_reels = reels: null

2019-08-24 12:16:24 - [TEST_STEP][PASSED] - for ([i = 0, i &lt; M4_spin_reels.size(), (i++)]): null

2019-08-24 12:16:24 - [TEST_STEP][PASSED] - symbols = symbols: null

2019-08-24 12:16:24 - [TEST_STEP][PASSED] - for ([j = 0, j &lt; symbols.size(), (j++)]): null

2019-08-24 12:16:24 - [TEST_STEP][PASSED] - symbol = symbol: null

2019-08-24 12:16:24 - [TEST_STEP][PASSED] - println(symbol): null

2019-08-24 12:16:24 - [TEST_STEP][PASSED] - if (i == 2 &amp;&amp; wildList.indexOf(symbol) != -1): null

2019-08-24 12:16:24 - [TEST_STEP][PASSED] - if (i == 3 &amp;&amp; wildList.indexOf(symbol) != -1): null

2019-08-24 12:16:24 - [TEST_STEP][PASSED] - if (i == 4 &amp;&amp; wildList.indexOf(symbol) != -1): null

2019-08-24 12:16:24 - [TEST_STEP][PASSED] - symbol = symbol: null

2019-08-24 12:16:24 - [TEST_STEP][PASSED] - println(symbol): null

2019-08-24 12:16:24 - [TEST_STEP][PASSED] - if (i == 2 &amp;&amp; wildList.indexOf(symbol) != -1): null

2019-08-24 12:16:24 - [TEST_STEP][PASSED] - if (i == 3 &amp;&amp; wildList.indexOf(symbol) != -1): null

2019-08-24 12:16:24 - [TEST_STEP][PASSED] - if (i == 4 &amp;&amp; wildList.indexOf(symbol) != -1): null

2019-08-24 12:16:24 - [TEST_STEP][PASSED] - symbol = symbol: null

2019-08-24 12:16:24 - [TEST_STEP][PASSED] - println(symbol): null

2019-08-24 12:16:24 - [TEST_STEP][PASSED] - if (i == 2 &amp;&amp; wildList.indexOf(symbol) != -1): null

2019-08-24 12:16:24 - [TEST_STEP][PASSED] - if (i == 3 &amp;&amp; wildList.indexOf(symbol) != -1): null

2019-08-24 12:16:24 - [TEST_STEP][PASSED] - if (i == 4 &amp;&amp; wildList.indexOf(symbol) != -1): null

2019-08-24 12:16:24 - [TEST_STEP][PASSED] - symbols = symbols: null

2019-08-24 12:16:24 - [TEST_STEP][PASSED] - for ([j = 0, j &lt; symbols.size(), (j++)]): null

2019-08-24 12:16:24 - [TEST_STEP][PASSED] - symbol = symbol: null

2019-08-24 12:16:24 - [TEST_STEP][PASSED] - println(symbol): null

2019-08-24 12:16:24 - [TEST_STEP][PASSED] - if (i == 2 &amp;&amp; wildList.indexOf(symbol) != -1): null

2019-08-24 12:16:24 - [TEST_STEP][PASSED] - if (i == 3 &amp;&amp; wildList.indexOf(symbol) != -1): null

2019-08-24 12:16:24 - [TEST_STEP][PASSED] - if (i == 4 &amp;&amp; wildList.indexOf(symbol) != -1): null

2019-08-24 12:16:24 - [TEST_STEP][PASSED] - symbol = symbol: null

2019-08-24 12:16:24 - [TEST_STEP][PASSED] - println(symbol): null

2019-08-24 12:16:24 - [TEST_STEP][PASSED] - if (i == 2 &amp;&amp; wildList.indexOf(symbol) != -1): null

2019-08-24 12:16:24 - [TEST_STEP][PASSED] - if (i == 3 &amp;&amp; wildList.indexOf(symbol) != -1): null

2019-08-24 12:16:24 - [TEST_STEP][PASSED] - if (i == 4 &amp;&amp; wildList.indexOf(symbol) != -1): null

2019-08-24 12:16:24 - [TEST_STEP][PASSED] - symbol = symbol: null

2019-08-24 12:16:24 - [TEST_STEP][PASSED] - println(symbol): null

2019-08-24 12:16:24 - [TEST_STEP][PASSED] - if (i == 2 &amp;&amp; wildList.indexOf(symbol) != -1): null

2019-08-24 12:16:24 - [TEST_STEP][PASSED] - if (i == 3 &amp;&amp; wildList.indexOf(symbol) != -1): null

2019-08-24 12:16:24 - [TEST_STEP][PASSED] - if (i == 4 &amp;&amp; wildList.indexOf(symbol) != -1): null

2019-08-24 12:16:24 - [TEST_STEP][PASSED] - symbols = symbols: null

2019-08-24 12:16:24 - [TEST_STEP][PASSED] - for ([j = 0, j &lt; symbols.size(), (j++)]): null

2019-08-24 12:16:24 - [TEST_STEP][PASSED] - symbol = symbol: null

2019-08-24 12:16:24 - [TEST_STEP][PASSED] - println(symbol): null

2019-08-24 12:16:24 - [TEST_STEP][PASSED] - if (i == 2 &amp;&amp; wildList.indexOf(symbol) != -1): null

2019-08-24 12:16:24 - [TEST_STEP][PASSED] - if (i == 3 &amp;&amp; wildList.indexOf(symbol) != -1): null

2019-08-24 12:16:24 - [TEST_STEP][PASSED] - if (i == 4 &amp;&amp; wildList.indexOf(symbol) != -1): null

2019-08-24 12:16:24 - [TEST_STEP][PASSED] - symbol = symbol: null

2019-08-24 12:16:24 - [TEST_STEP][PASSED] - println(symbol): null

2019-08-24 12:16:24 - [TEST_STEP][PASSED] - if (i == 2 &amp;&amp; wildList.indexOf(symbol) != -1): null

2019-08-24 12:16:24 - [TEST_STEP][PASSED] - if (i == 3 &amp;&amp; wildList.indexOf(symbol) != -1): null

2019-08-24 12:16:24 - [TEST_STEP][PASSED] - if (i == 4 &amp;&amp; wildList.indexOf(symbol) != -1): null

2019-08-24 12:16:24 - [TEST_STEP][PASSED] - symbol = symbol: null

2019-08-24 12:16:24 - [TEST_STEP][PASSED] - println(symbol): null

2019-08-24 12:16:24 - [TEST_STEP][PASSED] - if (i == 2 &amp;&amp; wildList.indexOf(symbol) != -1): null

2019-08-24 12:16:24 - [TEST_STEP][PASSED] - if (i == 3 &amp;&amp; wildList.indexOf(symbol) != -1): null

2019-08-24 12:16:24 - [TEST_STEP][PASSED] - if (i == 4 &amp;&amp; wildList.indexOf(symbol) != -1): null

2019-08-24 12:16:24 - [TEST_STEP][PASSED] - symbols = symbols: null

2019-08-24 12:16:24 - [TEST_STEP][PASSED] - for ([j = 0, j &lt; symbols.size(), (j++)]): null

2019-08-24 12:16:24 - [TEST_STEP][PASSED] - symbol = symbol: null

2019-08-24 12:16:24 - [TEST_STEP][PASSED] - println(symbol): null

2019-08-24 12:16:24 - [TEST_STEP][PASSED] - if (i == 2 &amp;&amp; wildList.indexOf(symbol) != -1): null

2019-08-24 12:16:24 - [TEST_STEP][PASSED] - if (i == 3 &amp;&amp; wildList.indexOf(symbol) != -1): null

2019-08-24 12:16:24 - [TEST_STEP][PASSED] - if (i == 4 &amp;&amp; wildList.indexOf(symbol) != -1): null

2019-08-24 12:16:24 - [TEST_STEP][PASSED] - symbol = symbol: null

2019-08-24 12:16:24 - [TEST_STEP][PASSED] - println(symbol): null

2019-08-24 12:16:24 - [TEST_STEP][PASSED] - if (i == 2 &amp;&amp; wildList.indexOf(symbol) != -1): null

2019-08-24 12:16:24 - [TEST_STEP][PASSED] - if (i == 3 &amp;&amp; wildList.indexOf(symbol) != -1): null

2019-08-24 12:16:24 - [TEST_STEP][PASSED] - if (i == 4 &amp;&amp; wildList.indexOf(symbol) != -1): null

2019-08-24 12:16:24 - [TEST_STEP][PASSED] - symbol = symbol: null

2019-08-24 12:16:24 - [TEST_STEP][PASSED] - println(symbol): null

2019-08-24 12:16:24 - [TEST_STEP][PASSED] - if (i == 2 &amp;&amp; wildList.indexOf(symbol) != -1): null

2019-08-24 12:16:24 - [TEST_STEP][PASSED] - if (i == 3 &amp;&amp; wildList.indexOf(symbol) != -1): null

2019-08-24 12:16:24 - [TEST_STEP][PASSED] - if (i == 4 &amp;&amp; wildList.indexOf(symbol) != -1): null

2019-08-24 12:16:24 - [TEST_STEP][PASSED] - symbols = symbols: null

2019-08-24 12:16:24 - [TEST_STEP][PASSED] - for ([j = 0, j &lt; symbols.size(), (j++)]): null

2019-08-24 12:16:24 - [TEST_STEP][PASSED] - symbol = symbol: null

2019-08-24 12:16:24 - [TEST_STEP][PASSED] - println(symbol): null

2019-08-24 12:16:24 - [TEST_STEP][PASSED] - if (i == 2 &amp;&amp; wildList.indexOf(symbol) != -1): null

2019-08-24 12:16:24 - [TEST_STEP][PASSED] - if (i == 3 &amp;&amp; wildList.indexOf(symbol) != -1): null

2019-08-24 12:16:24 - [TEST_STEP][PASSED] - if (i == 4 &amp;&amp; wildList.indexOf(symbol) != -1): null

2019-08-24 12:16:24 - [TEST_STEP][PASSED] - symbol = symbol: null

2019-08-24 12:16:24 - [TEST_STEP][PASSED] - println(symbol): null

2019-08-24 12:16:24 - [TEST_STEP][PASSED] - if (i == 2 &amp;&amp; wildList.indexOf(symbol) != -1): null

2019-08-24 12:16:24 - [TEST_STEP][PASSED] - if (i == 3 &amp;&amp; wildList.indexOf(symbol) != -1): null

2019-08-24 12:16:24 - [TEST_STEP][PASSED] - if (i == 4 &amp;&amp; wildList.indexOf(symbol) != -1): null

2019-08-24 12:16:24 - [TEST_STEP][PASSED] - symbol = symbol: null

2019-08-24 12:16:24 - [TEST_STEP][PASSED] - println(symbol): null

2019-08-24 12:16:24 - [TEST_STEP][PASSED] - if (i == 2 &amp;&amp; wildList.indexOf(symbol) != -1): null

2019-08-24 12:16:24 - [TEST_STEP][PASSED] - if (i == 3 &amp;&amp; wildList.indexOf(symbol) != -1): null

2019-08-24 12:16:24 - [TEST_STEP][PASSED] - if (i == 4 &amp;&amp; wildList.indexOf(symbol) != -1): null

2019-08-24 12:16:24 - [TEST_STEP][PASSED] - free_spin_reel_counter = free_spin_reel_counter: null

2019-08-24 12:16:24 - [TEST_STEP][PASSED] - println("reel 3 wild found: " + free_spin_reel_counter[0]): null

2019-08-24 12:16:24 - [TEST_STEP][PASSED] - println("reel 4 wild found: " + free_spin_reel_counter[1]): null

2019-08-24 12:16:24 - [TEST_STEP][PASSED] - println("reel 5 wild found: " + free_spin_reel_counter[2]): null

2019-08-24 12:16:24 - [TEST_STEP][PASSED] - M4_spin_reels = M4_spin_reels: null

2019-08-24 12:16:24 - [TEST_STEP][PASSED] - M4_spin_reels_symbols = symbol: null

2019-08-24 12:16:24 - [TEST_STEP][PASSED] - M4_spin_reels_symbols = M4_spin_reels_symbols: null

2019-08-24 12:16:24 - [TEST_STEP][PASSED] - M4_spin_reel_wins = reel_wins: null

2019-08-24 12:16:24 - [TEST_STEP][PASSED] - M4_spin_reel_wins = M4_spin_reel_wins: null

2019-08-24 12:16:24 - [TEST_STEP][PASSED] - println("GlobalVariable.M4_spin_reel_wins is: " + M4_spin_reel_wins): null

2019-08-24 12:16:24 - [TEST_STEP][PASSED] - M4_spin_total_bonus_win_this_round = total_bonus_win_this_round: null

2019-08-24 12:16:24 - [TEST_STEP][PASSED] - M4_spin_total_bonus_win_this_round = M4_spin_total_bonus_win_this_round: null

2019-08-24 12:16:24 - [TEST_STEP][PASSED] - println("GlobalVariable.M4_spin_total_bonus_win_this_round is: " + M4_spin_total_bonus_win_this_round): null

2019-08-24 12:16:24 - [TEST_STEP][PASSED] - M4_spin_bonus_spin_result = spin_result: null

2019-08-24 12:16:24 - [TEST_STEP][PASSED] - M4_spin_bonus_spin_result = M4_spin_bonus_spin_result: null

2019-08-24 12:16:24 - [MESSAGE][PASSED] - Verify response successfully

2019-08-24 12:16:24 - [MESSAGE][PASSED] - Send request and verify the response successfully

2019-08-24 12:16:24 - [TEST_STEP][PASSED] - if (M4_total_bonus_spins_int != 0 &amp;&amp; M4_spin_reels_symbols[2].contains("WILD_ExtraFG") || M4_spin_reels_symbols[3].contains("WILD_ExtraFG")): null

2019-08-24 12:16:24 - [TEST_STEP][PASSED] - free_spin_reel_counter = free_spin_reel_counter: null

2019-08-24 12:16:24 - [TEST_STEP][PASSED] - M4_spin_reels_symbols = M4_spin_reels_symbols: null

2019-08-24 12:16:24 - [TEST_STEP][PASSED] - M4_total_bonus_spins = M4_total_bonus_spins: null

2019-08-24 12:16:24 - [TEST_STEP][PASSED] - spin_result = sendRequestAndVerify(findTestObject("INT/RGS(M4)/1_M4_spin", ["M4_login_user_id":M4_login_user_id, "rgs_session_token":rgs_session_token, "partner":Partner])): Send request and verify the response successfully

2019-08-24 12:16:25 - [MESSAGE][INFO] - HAR: /Users/eiralee/Katalon_Script/SuperWild/Reports/20190824_120919/INT/superWild_3/20190824_120919/requests/main/120.har

2019-08-24 12:16:25 - [TEST_CASE][PASSED] - Start Test Case : Verification: Verification accomplished successfully

2019-08-24 12:16:25 - [TEST_STEP][PASSED] - request = getInstance().getCurrentRequest(): null

2019-08-24 12:16:25 - [TEST_STEP][PASSED] - response = getInstance().getCurrentResponse(): null

2019-08-24 12:16:25 - [TEST_STEP][PASSED] - verifyResponseStatusCode(response, 200): Verify response status code successfully

2019-08-24 12:16:25 - [MESSAGE][PASSED] - Verify response status code successfully

2019-08-24 12:16:25 - [TEST_STEP][PASSED] - getStatusCode()).isEqualTo(200): null

2019-08-24 12:16:25 - [TEST_STEP][PASSED] - newline = System.getProperty("line.separator"): null

2019-08-24 12:16:25 - [TEST_STEP][PASSED] - M4_spin = new groovy.json.JsonSlurper(): null

2019-08-24 12:16:25 - [TEST_STEP][PASSED] - result_M4_spin = M4_spin.parseText(response.getResponseBodyContent()): null

2019-08-24 12:16:25 - [TEST_STEP][PASSED] - M4_spin_current_balance = current_balance: null

2019-08-24 12:16:25 - [TEST_STEP][PASSED] - M4_spin_current_balance = M4_spin_current_balance: null

2019-08-24 12:16:25 - [TEST_STEP][PASSED] - M4_spin_transaction_id = causality: null

2019-08-24 12:16:25 - [TEST_STEP][PASSED] - M4_spin_transaction_id = M4_spin_transaction_id: null

2019-08-24 12:16:25 - [TEST_STEP][PASSED] - M4_spin_round_id = round_id: null

2019-08-24 12:16:25 - [TEST_STEP][PASSED] - M4_spin_round_id = M4_spin_round_id: null

2019-08-24 12:16:25 - [TEST_STEP][PASSED] - M4_spin_line_wins = line_wins: null

2019-08-24 12:16:25 - [TEST_STEP][PASSED] - M4_spin_line_wins = M4_spin_line_wins: null

2019-08-24 12:16:25 - [TEST_STEP][PASSED] - M4_total_bonus_spins_int = total_bonus_spins: null

2019-08-24 12:16:25 - [TEST_STEP][PASSED] - println("******M4_total_bonus_spins type is:*******" + newline + getClass().getName()): null

2019-08-24 12:16:25 - [TEST_STEP][PASSED] - M4_total_bonus_spins_int = M4_total_bonus_spins_int: null

2019-08-24 12:16:25 - [TEST_STEP][PASSED] - M4_total_bonus_spins = Integer.toString(M4_total_bonus_spins_int): null

2019-08-24 12:16:25 - [TEST_STEP][PASSED] - M4_total_bonus_spins = M4_total_bonus_spins: null

2019-08-24 12:16:25 - [TEST_STEP][PASSED] - println("M4_total_bonus_spins is:" + M4_total_bonus_spins): null

2019-08-24 12:16:25 - [TEST_STEP][PASSED] - M4_spin_bonus_data = bonus_data: null

2019-08-24 12:16:25 - [TEST_STEP][PASSED] - M4_spin_features_triggered = result_M4_spin: null

2019-08-24 12:16:25 - [TEST_STEP][PASSED] - wild = []: null

2019-08-24 12:16:25 - [TEST_STEP][PASSED] - wild[0] = "WILD_Expanding": null

2019-08-24 12:16:25 - [TEST_STEP][PASSED] - wild[1] = "WILD_Normal": null

2019-08-24 12:16:25 - [TEST_STEP][PASSED] - wild[2] = "WILD_Double": null

2019-08-24 12:16:25 - [TEST_STEP][PASSED] - wild[3] = "WILD_ExtraFG": null

2019-08-24 12:16:25 - [TEST_STEP][PASSED] - wild[4] = "WILD_Triple": null

2019-08-24 12:16:25 - [TEST_STEP][PASSED] - wildList = Arrays.asList(wild): null

2019-08-24 12:16:25 - [TEST_STEP][PASSED] - wildList = wildList: null

2019-08-24 12:16:25 - [TEST_STEP][PASSED] - free_spin_reel_counter = []: null

2019-08-24 12:16:25 - [TEST_STEP][PASSED] - free_spin_reel_counter[0] = 0: null

2019-08-24 12:16:25 - [TEST_STEP][PASSED] - free_spin_reel_counter[1] = 0: null

2019-08-24 12:16:25 - [TEST_STEP][PASSED] - free_spin_reel_counter[2] = 0: null

2019-08-24 12:16:25 - [TEST_STEP][PASSED] - M4_spin_reels = reels: null

2019-08-24 12:16:25 - [TEST_STEP][PASSED] - for ([i = 0, i &lt; M4_spin_reels.size(), (i++)]): null

2019-08-24 12:16:25 - [TEST_STEP][PASSED] - symbols = symbols: null

2019-08-24 12:16:25 - [TEST_STEP][PASSED] - for ([j = 0, j &lt; symbols.size(), (j++)]): null

2019-08-24 12:16:25 - [TEST_STEP][PASSED] - symbol = symbol: null

2019-08-24 12:16:25 - [TEST_STEP][PASSED] - println(symbol): null

2019-08-24 12:16:25 - [TEST_STEP][PASSED] - if (i == 2 &amp;&amp; wildList.indexOf(symbol) != -1): null

2019-08-24 12:16:25 - [TEST_STEP][PASSED] - if (i == 3 &amp;&amp; wildList.indexOf(symbol) != -1): null

2019-08-24 12:16:25 - [TEST_STEP][PASSED] - if (i == 4 &amp;&amp; wildList.indexOf(symbol) != -1): null

2019-08-24 12:16:25 - [TEST_STEP][PASSED] - symbol = symbol: null

2019-08-24 12:16:25 - [TEST_STEP][PASSED] - println(symbol): null

2019-08-24 12:16:25 - [TEST_STEP][PASSED] - if (i == 2 &amp;&amp; wildList.indexOf(symbol) != -1): null

2019-08-24 12:16:25 - [TEST_STEP][PASSED] - if (i == 3 &amp;&amp; wildList.indexOf(symbol) != -1): null

2019-08-24 12:16:25 - [TEST_STEP][PASSED] - if (i == 4 &amp;&amp; wildList.indexOf(symbol) != -1): null

2019-08-24 12:16:25 - [TEST_STEP][PASSED] - symbol = symbol: null

2019-08-24 12:16:25 - [TEST_STEP][PASSED] - println(symbol): null

2019-08-24 12:16:25 - [TEST_STEP][PASSED] - if (i == 2 &amp;&amp; wildList.indexOf(symbol) != -1): null

2019-08-24 12:16:25 - [TEST_STEP][PASSED] - if (i == 3 &amp;&amp; wildList.indexOf(symbol) != -1): null

2019-08-24 12:16:25 - [TEST_STEP][PASSED] - if (i == 4 &amp;&amp; wildList.indexOf(symbol) != -1): null

2019-08-24 12:16:25 - [TEST_STEP][PASSED] - symbols = symbols: null

2019-08-24 12:16:25 - [TEST_STEP][PASSED] - for ([j = 0, j &lt; symbols.size(), (j++)]): null

2019-08-24 12:16:25 - [TEST_STEP][PASSED] - symbol = symbol: null

2019-08-24 12:16:25 - [TEST_STEP][PASSED] - println(symbol): null

2019-08-24 12:16:25 - [TEST_STEP][PASSED] - if (i == 2 &amp;&amp; wildList.indexOf(symbol) != -1): null

2019-08-24 12:16:25 - [TEST_STEP][PASSED] - if (i == 3 &amp;&amp; wildList.indexOf(symbol) != -1): null

2019-08-24 12:16:25 - [TEST_STEP][PASSED] - if (i == 4 &amp;&amp; wildList.indexOf(symbol) != -1): null

2019-08-24 12:16:25 - [TEST_STEP][PASSED] - symbol = symbol: null

2019-08-24 12:16:25 - [TEST_STEP][PASSED] - println(symbol): null

2019-08-24 12:16:25 - [TEST_STEP][PASSED] - if (i == 2 &amp;&amp; wildList.indexOf(symbol) != -1): null

2019-08-24 12:16:25 - [TEST_STEP][PASSED] - if (i == 3 &amp;&amp; wildList.indexOf(symbol) != -1): null

2019-08-24 12:16:25 - [TEST_STEP][PASSED] - if (i == 4 &amp;&amp; wildList.indexOf(symbol) != -1): null

2019-08-24 12:16:25 - [TEST_STEP][PASSED] - symbol = symbol: null

2019-08-24 12:16:25 - [TEST_STEP][PASSED] - println(symbol): null

2019-08-24 12:16:25 - [TEST_STEP][PASSED] - if (i == 2 &amp;&amp; wildList.indexOf(symbol) != -1): null

2019-08-24 12:16:25 - [TEST_STEP][PASSED] - if (i == 3 &amp;&amp; wildList.indexOf(symbol) != -1): null

2019-08-24 12:16:25 - [TEST_STEP][PASSED] - if (i == 4 &amp;&amp; wildList.indexOf(symbol) != -1): null

2019-08-24 12:16:25 - [TEST_STEP][PASSED] - symbols = symbols: null

2019-08-24 12:16:25 - [TEST_STEP][PASSED] - for ([j = 0, j &lt; symbols.size(), (j++)]): null

2019-08-24 12:16:25 - [TEST_STEP][PASSED] - symbol = symbol: null

2019-08-24 12:16:25 - [TEST_STEP][PASSED] - println(symbol): null

2019-08-24 12:16:25 - [TEST_STEP][PASSED] - if (i == 2 &amp;&amp; wildList.indexOf(symbol) != -1): null

2019-08-24 12:16:25 - [TEST_STEP][PASSED] - if (i == 3 &amp;&amp; wildList.indexOf(symbol) != -1): null

2019-08-24 12:16:25 - [TEST_STEP][PASSED] - if (i == 4 &amp;&amp; wildList.indexOf(symbol) != -1): null

2019-08-24 12:16:25 - [TEST_STEP][PASSED] - symbol = symbol: null

2019-08-24 12:16:25 - [TEST_STEP][PASSED] - println(symbol): null

2019-08-24 12:16:25 - [TEST_STEP][PASSED] - if (i == 2 &amp;&amp; wildList.indexOf(symbol) != -1): null

2019-08-24 12:16:25 - [TEST_STEP][PASSED] - if (i == 3 &amp;&amp; wildList.indexOf(symbol) != -1): null

2019-08-24 12:16:25 - [TEST_STEP][PASSED] - if (i == 4 &amp;&amp; wildList.indexOf(symbol) != -1): null

2019-08-24 12:16:25 - [TEST_STEP][PASSED] - symbol = symbol: null

2019-08-24 12:16:25 - [TEST_STEP][PASSED] - println(symbol): null

2019-08-24 12:16:25 - [TEST_STEP][PASSED] - if (i == 2 &amp;&amp; wildList.indexOf(symbol) != -1): null

2019-08-24 12:16:25 - [TEST_STEP][PASSED] - if (i == 3 &amp;&amp; wildList.indexOf(symbol) != -1): null

2019-08-24 12:16:25 - [TEST_STEP][PASSED] - if (i == 4 &amp;&amp; wildList.indexOf(symbol) != -1): null

2019-08-24 12:16:25 - [TEST_STEP][PASSED] - symbols = symbols: null

2019-08-24 12:16:25 - [TEST_STEP][PASSED] - for ([j = 0, j &lt; symbols.size(), (j++)]): null

2019-08-24 12:16:25 - [TEST_STEP][PASSED] - symbol = symbol: null

2019-08-24 12:16:25 - [TEST_STEP][PASSED] - println(symbol): null

2019-08-24 12:16:25 - [TEST_STEP][PASSED] - if (i == 2 &amp;&amp; wildList.indexOf(symbol) != -1): null

2019-08-24 12:16:25 - [TEST_STEP][PASSED] - if (i == 3 &amp;&amp; wildList.indexOf(symbol) != -1): null

2019-08-24 12:16:25 - [TEST_STEP][PASSED] - if (i == 4 &amp;&amp; wildList.indexOf(symbol) != -1): null

2019-08-24 12:16:25 - [TEST_STEP][PASSED] - symbol = symbol: null

2019-08-24 12:16:25 - [TEST_STEP][PASSED] - println(symbol): null

2019-08-24 12:16:25 - [TEST_STEP][PASSED] - if (i == 2 &amp;&amp; wildList.indexOf(symbol) != -1): null

2019-08-24 12:16:25 - [TEST_STEP][PASSED] - if (i == 3 &amp;&amp; wildList.indexOf(symbol) != -1): null

2019-08-24 12:16:25 - [TEST_STEP][PASSED] - if (i == 4 &amp;&amp; wildList.indexOf(symbol) != -1): null

2019-08-24 12:16:25 - [TEST_STEP][PASSED] - symbol = symbol: null

2019-08-24 12:16:25 - [TEST_STEP][PASSED] - println(symbol): null

2019-08-24 12:16:25 - [TEST_STEP][PASSED] - if (i == 2 &amp;&amp; wildList.indexOf(symbol) != -1): null

2019-08-24 12:16:25 - [TEST_STEP][PASSED] - if (i == 3 &amp;&amp; wildList.indexOf(symbol) != -1): null

2019-08-24 12:16:25 - [TEST_STEP][PASSED] - if (i == 4 &amp;&amp; wildList.indexOf(symbol) != -1): null

2019-08-24 12:16:25 - [TEST_STEP][PASSED] - symbols = symbols: null

2019-08-24 12:16:25 - [TEST_STEP][PASSED] - for ([j = 0, j &lt; symbols.size(), (j++)]): null

2019-08-24 12:16:25 - [TEST_STEP][PASSED] - symbol = symbol: null

2019-08-24 12:16:25 - [TEST_STEP][PASSED] - println(symbol): null

2019-08-24 12:16:25 - [TEST_STEP][PASSED] - if (i == 2 &amp;&amp; wildList.indexOf(symbol) != -1): null

2019-08-24 12:16:25 - [TEST_STEP][PASSED] - if (i == 3 &amp;&amp; wildList.indexOf(symbol) != -1): null

2019-08-24 12:16:25 - [TEST_STEP][PASSED] - if (i == 4 &amp;&amp; wildList.indexOf(symbol) != -1): null

2019-08-24 12:16:25 - [TEST_STEP][PASSED] - symbol = symbol: null

2019-08-24 12:16:25 - [TEST_STEP][PASSED] - println(symbol): null

2019-08-24 12:16:25 - [TEST_STEP][PASSED] - if (i == 2 &amp;&amp; wildList.indexOf(symbol) != -1): null

2019-08-24 12:16:25 - [TEST_STEP][PASSED] - if (i == 3 &amp;&amp; wildList.indexOf(symbol) != -1): null

2019-08-24 12:16:25 - [TEST_STEP][PASSED] - if (i == 4 &amp;&amp; wildList.indexOf(symbol) != -1): null

2019-08-24 12:16:25 - [TEST_STEP][PASSED] - symbol = symbol: null

2019-08-24 12:16:25 - [TEST_STEP][PASSED] - println(symbol): null

2019-08-24 12:16:25 - [TEST_STEP][PASSED] - if (i == 2 &amp;&amp; wildList.indexOf(symbol) != -1): null

2019-08-24 12:16:25 - [TEST_STEP][PASSED] - if (i == 3 &amp;&amp; wildList.indexOf(symbol) != -1): null

2019-08-24 12:16:25 - [TEST_STEP][PASSED] - if (i == 4 &amp;&amp; wildList.indexOf(symbol) != -1): null

2019-08-24 12:16:25 - [TEST_STEP][PASSED] - free_spin_reel_counter = free_spin_reel_counter: null

2019-08-24 12:16:25 - [TEST_STEP][PASSED] - println("reel 3 wild found: " + free_spin_reel_counter[0]): null

2019-08-24 12:16:25 - [TEST_STEP][PASSED] - println("reel 4 wild found: " + free_spin_reel_counter[1]): null

2019-08-24 12:16:25 - [TEST_STEP][PASSED] - println("reel 5 wild found: " + free_spin_reel_counter[2]): null

2019-08-24 12:16:25 - [TEST_STEP][PASSED] - M4_spin_reels = M4_spin_reels: null

2019-08-24 12:16:25 - [TEST_STEP][PASSED] - M4_spin_reels_symbols = symbol: null

2019-08-24 12:16:25 - [TEST_STEP][PASSED] - M4_spin_reels_symbols = M4_spin_reels_symbols: null

2019-08-24 12:16:25 - [TEST_STEP][PASSED] - M4_spin_reel_wins = reel_wins: null

2019-08-24 12:16:25 - [TEST_STEP][PASSED] - M4_spin_reel_wins = M4_spin_reel_wins: null

2019-08-24 12:16:25 - [TEST_STEP][PASSED] - println("GlobalVariable.M4_spin_reel_wins is: " + M4_spin_reel_wins): null

2019-08-24 12:16:25 - [TEST_STEP][PASSED] - M4_spin_total_bonus_win_this_round = total_bonus_win_this_round: null

2019-08-24 12:16:25 - [TEST_STEP][PASSED] - M4_spin_total_bonus_win_this_round = M4_spin_total_bonus_win_this_round: null

2019-08-24 12:16:25 - [TEST_STEP][PASSED] - println("GlobalVariable.M4_spin_total_bonus_win_this_round is: " + M4_spin_total_bonus_win_this_round): null

2019-08-24 12:16:25 - [TEST_STEP][PASSED] - M4_spin_bonus_spin_result = spin_result: null

2019-08-24 12:16:25 - [TEST_STEP][PASSED] - M4_spin_bonus_spin_result = M4_spin_bonus_spin_result: null

2019-08-24 12:16:25 - [MESSAGE][PASSED] - Verify response successfully

2019-08-24 12:16:25 - [MESSAGE][PASSED] - Send request and verify the response successfully

2019-08-24 12:16:25 - [TEST_STEP][PASSED] - if (M4_total_bonus_spins_int != 0 &amp;&amp; M4_spin_reels_symbols[2].contains("WILD_ExtraFG") || M4_spin_reels_symbols[3].contains("WILD_ExtraFG")): null

2019-08-24 12:16:25 - [TEST_STEP][PASSED] - free_spin_reel_counter = free_spin_reel_counter: null

2019-08-24 12:16:25 - [TEST_STEP][PASSED] - M4_spin_reels_symbols = M4_spin_reels_symbols: null

2019-08-24 12:16:25 - [TEST_STEP][PASSED] - M4_total_bonus_spins = M4_total_bonus_spins: null

2019-08-24 12:16:25 - [TEST_STEP][PASSED] - spin_result = sendRequestAndVerify(findTestObject("INT/RGS(M4)/1_M4_spin", ["M4_login_user_id":M4_login_user_id, "rgs_session_token":rgs_session_token, "partner":Partner])): Send request and verify the response successfully

2019-08-24 12:16:26 - [MESSAGE][INFO] - HAR: /Users/eiralee/Katalon_Script/SuperWild/Reports/20190824_120919/INT/superWild_3/20190824_120919/requests/main/121.har

2019-08-24 12:16:26 - [TEST_CASE][PASSED] - Start Test Case : Verification: Verification accomplished successfully

2019-08-24 12:16:26 - [TEST_STEP][PASSED] - request = getInstance().getCurrentRequest(): null

2019-08-24 12:16:26 - [TEST_STEP][PASSED] - response = getInstance().getCurrentResponse(): null

2019-08-24 12:16:26 - [TEST_STEP][PASSED] - verifyResponseStatusCode(response, 200): Verify response status code successfully

2019-08-24 12:16:26 - [MESSAGE][PASSED] - Verify response status code successfully

2019-08-24 12:16:26 - [TEST_STEP][PASSED] - getStatusCode()).isEqualTo(200): null

2019-08-24 12:16:26 - [TEST_STEP][PASSED] - newline = System.getProperty("line.separator"): null

2019-08-24 12:16:26 - [TEST_STEP][PASSED] - M4_spin = new groovy.json.JsonSlurper(): null

2019-08-24 12:16:26 - [TEST_STEP][PASSED] - result_M4_spin = M4_spin.parseText(response.getResponseBodyContent()): null

2019-08-24 12:16:26 - [TEST_STEP][PASSED] - M4_spin_current_balance = current_balance: null

2019-08-24 12:16:26 - [TEST_STEP][PASSED] - M4_spin_current_balance = M4_spin_current_balance: null

2019-08-24 12:16:26 - [TEST_STEP][PASSED] - M4_spin_transaction_id = causality: null

2019-08-24 12:16:26 - [TEST_STEP][PASSED] - M4_spin_transaction_id = M4_spin_transaction_id: null

2019-08-24 12:16:26 - [TEST_STEP][PASSED] - M4_spin_round_id = round_id: null

2019-08-24 12:16:26 - [TEST_STEP][PASSED] - M4_spin_round_id = M4_spin_round_id: null

2019-08-24 12:16:26 - [TEST_STEP][PASSED] - M4_spin_line_wins = line_wins: null

2019-08-24 12:16:26 - [TEST_STEP][PASSED] - M4_spin_line_wins = M4_spin_line_wins: null

2019-08-24 12:16:26 - [TEST_STEP][PASSED] - M4_total_bonus_spins_int = total_bonus_spins: null

2019-08-24 12:16:26 - [TEST_STEP][PASSED] - println("******M4_total_bonus_spins type is:*******" + newline + getClass().getName()): null

2019-08-24 12:16:26 - [TEST_STEP][PASSED] - M4_total_bonus_spins_int = M4_total_bonus_spins_int: null

2019-08-24 12:16:26 - [TEST_STEP][PASSED] - M4_total_bonus_spins = Integer.toString(M4_total_bonus_spins_int): null

2019-08-24 12:16:26 - [TEST_STEP][PASSED] - M4_total_bonus_spins = M4_total_bonus_spins: null

2019-08-24 12:16:26 - [TEST_STEP][PASSED] - println("M4_total_bonus_spins is:" + M4_total_bonus_spins): null

2019-08-24 12:16:26 - [TEST_STEP][PASSED] - M4_spin_bonus_data = bonus_data: null

2019-08-24 12:16:26 - [TEST_STEP][PASSED] - M4_spin_features_triggered = result_M4_spin: null

2019-08-24 12:16:26 - [TEST_STEP][PASSED] - wild = []: null

2019-08-24 12:16:26 - [TEST_STEP][PASSED] - wild[0] = "WILD_Expanding": null

2019-08-24 12:16:26 - [TEST_STEP][PASSED] - wild[1] = "WILD_Normal": null

2019-08-24 12:16:26 - [TEST_STEP][PASSED] - wild[2] = "WILD_Double": null

2019-08-24 12:16:26 - [TEST_STEP][PASSED] - wild[3] = "WILD_ExtraFG": null

2019-08-24 12:16:26 - [TEST_STEP][PASSED] - wild[4] = "WILD_Triple": null

2019-08-24 12:16:26 - [TEST_STEP][PASSED] - wildList = Arrays.asList(wild): null

2019-08-24 12:16:26 - [TEST_STEP][PASSED] - wildList = wildList: null

2019-08-24 12:16:26 - [TEST_STEP][PASSED] - free_spin_reel_counter = []: null

2019-08-24 12:16:29 - [TEST_STEP][PASSED] - free_spin_reel_counter[0] = 0: null

2019-08-24 12:16:29 - [TEST_STEP][PASSED] - free_spin_reel_counter[1] = 0: null

2019-08-24 12:16:29 - [TEST_STEP][PASSED] - free_spin_reel_counter[2] = 0: null

2019-08-24 12:16:29 - [TEST_STEP][PASSED] - M4_spin_reels = reels: null

2019-08-24 12:16:29 - [TEST_STEP][PASSED] - for ([i = 0, i &lt; M4_spin_reels.size(), (i++)]): null

2019-08-24 12:16:29 - [TEST_STEP][PASSED] - symbols = symbols: null

2019-08-24 12:16:29 - [TEST_STEP][PASSED] - for ([j = 0, j &lt; symbols.size(), (j++)]): null

2019-08-24 12:16:29 - [TEST_STEP][PASSED] - symbol = symbol: null

2019-08-24 12:16:29 - [TEST_STEP][PASSED] - println(symbol): null

2019-08-24 12:16:29 - [TEST_STEP][PASSED] - if (i == 2 &amp;&amp; wildList.indexOf(symbol) != -1): null

2019-08-24 12:16:29 - [TEST_STEP][PASSED] - if (i == 3 &amp;&amp; wildList.indexOf(symbol) != -1): null

2019-08-24 12:16:32 - [TEST_STEP][PASSED] - if (i == 4 &amp;&amp; wildList.indexOf(symbol) != -1): null

2019-08-24 12:16:32 - [TEST_STEP][PASSED] - symbol = symbol: null

2019-08-24 12:16:32 - [TEST_STEP][PASSED] - println(symbol): null

2019-08-24 12:16:32 - [TEST_STEP][PASSED] - if (i == 2 &amp;&amp; wildList.indexOf(symbol) != -1): null

2019-08-24 12:16:32 - [TEST_STEP][PASSED] - if (i == 3 &amp;&amp; wildList.indexOf(symbol) != -1): null

2019-08-24 12:16:32 - [TEST_STEP][PASSED] - if (i == 4 &amp;&amp; wildList.indexOf(symbol) != -1): null

2019-08-24 12:16:32 - [TEST_STEP][PASSED] - symbol = symbol: null

2019-08-24 12:16:32 - [TEST_STEP][PASSED] - println(symbol): null

2019-08-24 12:16:32 - [TEST_STEP][PASSED] - if (i == 2 &amp;&amp; wildList.indexOf(symbol) != -1): null

2019-08-24 12:16:32 - [TEST_STEP][PASSED] - if (i == 3 &amp;&amp; wildList.indexOf(symbol) != -1): null

2019-08-24 12:16:32 - [TEST_STEP][PASSED] - if (i == 4 &amp;&amp; wildList.indexOf(symbol) != -1): null

2019-08-24 12:16:32 - [TEST_STEP][PASSED] - symbols = symbols: null

2019-08-24 12:16:32 - [TEST_STEP][PASSED] - for ([j = 0, j &lt; symbols.size(), (j++)]): null

2019-08-24 12:16:32 - [TEST_STEP][PASSED] - symbol = symbol: null

2019-08-24 12:16:32 - [TEST_STEP][PASSED] - println(symbol): null

2019-08-24 12:16:32 - [TEST_STEP][PASSED] - if (i == 2 &amp;&amp; wildList.indexOf(symbol) != -1): null

2019-08-24 12:16:32 - [TEST_STEP][PASSED] - if (i == 3 &amp;&amp; wildList.indexOf(symbol) != -1): null

2019-08-24 12:16:32 - [TEST_STEP][PASSED] - if (i == 4 &amp;&amp; wildList.indexOf(symbol) != -1): null

2019-08-24 12:16:32 - [TEST_STEP][PASSED] - symbol = symbol: null

2019-08-24 12:16:32 - [TEST_STEP][PASSED] - println(symbol): null

2019-08-24 12:16:32 - [TEST_STEP][PASSED] - if (i == 2 &amp;&amp; wildList.indexOf(symbol) != -1): null

2019-08-24 12:16:32 - [TEST_STEP][PASSED] - if (i == 3 &amp;&amp; wildList.indexOf(symbol) != -1): null

2019-08-24 12:16:32 - [TEST_STEP][PASSED] - if (i == 4 &amp;&amp; wildList.indexOf(symbol) != -1): null

2019-08-24 12:16:32 - [TEST_STEP][PASSED] - symbol = symbol: null

2019-08-24 12:16:32 - [TEST_STEP][PASSED] - println(symbol): null

2019-08-24 12:16:32 - [TEST_STEP][PASSED] - if (i == 2 &amp;&amp; wildList.indexOf(symbol) != -1): null

2019-08-24 12:16:32 - [TEST_STEP][PASSED] - if (i == 3 &amp;&amp; wildList.indexOf(symbol) != -1): null

2019-08-24 12:16:32 - [TEST_STEP][PASSED] - if (i == 4 &amp;&amp; wildList.indexOf(symbol) != -1): null

2019-08-24 12:16:32 - [TEST_STEP][PASSED] - symbols = symbols: null

2019-08-24 12:16:32 - [TEST_STEP][PASSED] - for ([j = 0, j &lt; symbols.size(), (j++)]): null

2019-08-24 12:16:32 - [TEST_STEP][PASSED] - symbol = symbol: null

2019-08-24 12:16:32 - [TEST_STEP][PASSED] - println(symbol): null

2019-08-24 12:16:32 - [TEST_STEP][PASSED] - if (i == 2 &amp;&amp; wildList.indexOf(symbol) != -1): null

2019-08-24 12:16:32 - [TEST_STEP][PASSED] - if (i == 3 &amp;&amp; wildList.indexOf(symbol) != -1): null

2019-08-24 12:16:32 - [TEST_STEP][PASSED] - if (i == 4 &amp;&amp; wildList.indexOf(symbol) != -1): null

2019-08-24 12:16:32 - [TEST_STEP][PASSED] - symbol = symbol: null

2019-08-24 12:16:32 - [TEST_STEP][PASSED] - println(symbol): null

2019-08-24 12:16:32 - [TEST_STEP][PASSED] - if (i == 2 &amp;&amp; wildList.indexOf(symbol) != -1): null

2019-08-24 12:16:32 - [TEST_STEP][PASSED] - if (i == 3 &amp;&amp; wildList.indexOf(symbol) != -1): null

2019-08-24 12:16:32 - [TEST_STEP][PASSED] - if (i == 4 &amp;&amp; wildList.indexOf(symbol) != -1): null

2019-08-24 12:16:32 - [TEST_STEP][PASSED] - symbol = symbol: null

2019-08-24 12:16:32 - [TEST_STEP][PASSED] - println(symbol): null

2019-08-24 12:16:32 - [TEST_STEP][PASSED] - if (i == 2 &amp;&amp; wildList.indexOf(symbol) != -1): null

2019-08-24 12:16:32 - [TEST_STEP][PASSED] - if (i == 3 &amp;&amp; wildList.indexOf(symbol) != -1): null

2019-08-24 12:16:32 - [TEST_STEP][PASSED] - if (i == 4 &amp;&amp; wildList.indexOf(symbol) != -1): null

2019-08-24 12:16:32 - [TEST_STEP][PASSED] - symbols = symbols: null

2019-08-24 12:16:32 - [TEST_STEP][PASSED] - for ([j = 0, j &lt; symbols.size(), (j++)]): null

2019-08-24 12:16:32 - [TEST_STEP][PASSED] - symbol = symbol: null

2019-08-24 12:16:32 - [TEST_STEP][PASSED] - println(symbol): null

2019-08-24 12:16:32 - [TEST_STEP][PASSED] - if (i == 2 &amp;&amp; wildList.indexOf(symbol) != -1): null

2019-08-24 12:16:32 - [TEST_STEP][PASSED] - if (i == 3 &amp;&amp; wildList.indexOf(symbol) != -1): null

2019-08-24 12:16:32 - [TEST_STEP][PASSED] - println("wild found on reel 4, adding counter by 1"): null

2019-08-24 12:16:32 - [TEST_STEP][PASSED] - free_spin_reel_counter[1] = free_spin_reel_counter[1] + 1: null

2019-08-24 12:16:32 - [TEST_STEP][PASSED] - if (i == 4 &amp;&amp; wildList.indexOf(symbol) != -1): null

2019-08-24 12:16:32 - [TEST_STEP][PASSED] - symbol = symbol: null

2019-08-24 12:16:32 - [TEST_STEP][PASSED] - println(symbol): null

2019-08-24 12:16:32 - [TEST_STEP][PASSED] - if (i == 2 &amp;&amp; wildList.indexOf(symbol) != -1): null

2019-08-24 12:16:32 - [TEST_STEP][PASSED] - if (i == 3 &amp;&amp; wildList.indexOf(symbol) != -1): null

2019-08-24 12:16:32 - [TEST_STEP][PASSED] - if (i == 4 &amp;&amp; wildList.indexOf(symbol) != -1): null

2019-08-24 12:16:32 - [TEST_STEP][PASSED] - symbol = symbol: null

2019-08-24 12:16:32 - [TEST_STEP][PASSED] - println(symbol): null

2019-08-24 12:16:32 - [TEST_STEP][PASSED] - if (i == 2 &amp;&amp; wildList.indexOf(symbol) != -1): null

2019-08-24 12:16:32 - [TEST_STEP][PASSED] - if (i == 3 &amp;&amp; wildList.indexOf(symbol) != -1): null

2019-08-24 12:16:32 - [TEST_STEP][PASSED] - if (i == 4 &amp;&amp; wildList.indexOf(symbol) != -1): null

2019-08-24 12:16:32 - [TEST_STEP][PASSED] - symbols = symbols: null

2019-08-24 12:16:32 - [TEST_STEP][PASSED] - for ([j = 0, j &lt; symbols.size(), (j++)]): null

2019-08-24 12:16:32 - [TEST_STEP][PASSED] - symbol = symbol: null

2019-08-24 12:16:32 - [TEST_STEP][PASSED] - println(symbol): null

2019-08-24 12:16:32 - [TEST_STEP][PASSED] - if (i == 2 &amp;&amp; wildList.indexOf(symbol) != -1): null

2019-08-24 12:16:32 - [TEST_STEP][PASSED] - if (i == 3 &amp;&amp; wildList.indexOf(symbol) != -1): null

2019-08-24 12:16:32 - [TEST_STEP][PASSED] - if (i == 4 &amp;&amp; wildList.indexOf(symbol) != -1): null

2019-08-24 12:16:32 - [TEST_STEP][PASSED] - symbol = symbol: null

2019-08-24 12:16:32 - [TEST_STEP][PASSED] - println(symbol): null

2019-08-24 12:16:32 - [TEST_STEP][PASSED] - if (i == 2 &amp;&amp; wildList.indexOf(symbol) != -1): null

2019-08-24 12:16:32 - [TEST_STEP][PASSED] - if (i == 3 &amp;&amp; wildList.indexOf(symbol) != -1): null

2019-08-24 12:16:32 - [TEST_STEP][PASSED] - if (i == 4 &amp;&amp; wildList.indexOf(symbol) != -1): null

2019-08-24 12:16:32 - [TEST_STEP][PASSED] - symbol = symbol: null

2019-08-24 12:16:32 - [TEST_STEP][PASSED] - println(symbol): null

2019-08-24 12:16:32 - [TEST_STEP][PASSED] - if (i == 2 &amp;&amp; wildList.indexOf(symbol) != -1): null

2019-08-24 12:16:32 - [TEST_STEP][PASSED] - if (i == 3 &amp;&amp; wildList.indexOf(symbol) != -1): null

2019-08-24 12:16:32 - [TEST_STEP][PASSED] - if (i == 4 &amp;&amp; wildList.indexOf(symbol) != -1): null

2019-08-24 12:16:32 - [TEST_STEP][PASSED] - free_spin_reel_counter = free_spin_reel_counter: null

2019-08-24 12:16:32 - [TEST_STEP][PASSED] - println("reel 3 wild found: " + free_spin_reel_counter[0]): null

2019-08-24 12:16:32 - [TEST_STEP][PASSED] - println("reel 4 wild found: " + free_spin_reel_counter[1]): null

2019-08-24 12:16:32 - [TEST_STEP][PASSED] - println("reel 5 wild found: " + free_spin_reel_counter[2]): null

2019-08-24 12:16:32 - [TEST_STEP][PASSED] - M4_spin_reels = M4_spin_reels: null

2019-08-24 12:16:32 - [TEST_STEP][PASSED] - M4_spin_reels_symbols = symbol: null

2019-08-24 12:16:32 - [TEST_STEP][PASSED] - M4_spin_reels_symbols = M4_spin_reels_symbols: null

2019-08-24 12:16:32 - [TEST_STEP][PASSED] - M4_spin_reel_wins = reel_wins: null

2019-08-24 12:16:32 - [TEST_STEP][PASSED] - M4_spin_reel_wins = M4_spin_reel_wins: null

2019-08-24 12:16:32 - [TEST_STEP][PASSED] - println("GlobalVariable.M4_spin_reel_wins is: " + M4_spin_reel_wins): null

2019-08-24 12:16:32 - [TEST_STEP][PASSED] - M4_spin_total_bonus_win_this_round = total_bonus_win_this_round: null

2019-08-24 12:16:32 - [TEST_STEP][PASSED] - M4_spin_total_bonus_win_this_round = M4_spin_total_bonus_win_this_round: null

2019-08-24 12:16:32 - [TEST_STEP][PASSED] - println("GlobalVariable.M4_spin_total_bonus_win_this_round is: " + M4_spin_total_bonus_win_this_round): null

2019-08-24 12:16:32 - [TEST_STEP][PASSED] - M4_spin_bonus_spin_result = spin_result: null

2019-08-24 12:16:32 - [TEST_STEP][PASSED] - M4_spin_bonus_spin_result = M4_spin_bonus_spin_result: null

2019-08-24 12:16:32 - [MESSAGE][PASSED] - Verify response successfully

2019-08-24 12:16:32 - [MESSAGE][PASSED] - Send request and verify the response successfully

2019-08-24 12:16:32 - [TEST_STEP][PASSED] - if (M4_total_bonus_spins_int != 0 &amp;&amp; M4_spin_reels_symbols[2].contains("WILD_ExtraFG") || M4_spin_reels_symbols[3].contains("WILD_ExtraFG")): null

2019-08-24 12:16:32 - [TEST_STEP][PASSED] - free_spin_reel_counter = free_spin_reel_counter: null

2019-08-24 12:16:32 - [TEST_STEP][PASSED] - M4_spin_reels_symbols = M4_spin_reels_symbols: null

2019-08-24 12:16:32 - [TEST_STEP][PASSED] - M4_total_bonus_spins = M4_total_bonus_spins: null

2019-08-24 12:16:32 - [TEST_STEP][PASSED] - spin_result = sendRequestAndVerify(findTestObject("INT/RGS(M4)/1_M4_spin", ["M4_login_user_id":M4_login_user_id, "rgs_session_token":rgs_session_token, "partner":Partner])): Send request and verify the response successfully

2019-08-24 12:16:33 - [MESSAGE][INFO] - HAR: /Users/eiralee/Katalon_Script/SuperWild/Reports/20190824_120919/INT/superWild_3/20190824_120919/requests/main/122.har

2019-08-24 12:16:33 - [TEST_CASE][PASSED] - Start Test Case : Verification: Verification accomplished successfully

2019-08-24 12:16:33 - [TEST_STEP][PASSED] - request = getInstance().getCurrentRequest(): null

2019-08-24 12:16:33 - [TEST_STEP][PASSED] - response = getInstance().getCurrentResponse(): null

2019-08-24 12:16:33 - [TEST_STEP][PASSED] - verifyResponseStatusCode(response, 200): Verify response status code successfully

2019-08-24 12:16:33 - [MESSAGE][PASSED] - Verify response status code successfully

2019-08-24 12:16:33 - [TEST_STEP][PASSED] - getStatusCode()).isEqualTo(200): null

2019-08-24 12:16:33 - [TEST_STEP][PASSED] - newline = System.getProperty("line.separator"): null

2019-08-24 12:16:33 - [TEST_STEP][PASSED] - M4_spin = new groovy.json.JsonSlurper(): null

2019-08-24 12:16:33 - [TEST_STEP][PASSED] - result_M4_spin = M4_spin.parseText(response.getResponseBodyContent()): null

2019-08-24 12:16:33 - [TEST_STEP][PASSED] - M4_spin_current_balance = current_balance: null

2019-08-24 12:16:33 - [TEST_STEP][PASSED] - M4_spin_current_balance = M4_spin_current_balance: null

2019-08-24 12:16:33 - [TEST_STEP][PASSED] - M4_spin_transaction_id = causality: null

2019-08-24 12:16:33 - [TEST_STEP][PASSED] - M4_spin_transaction_id = M4_spin_transaction_id: null

2019-08-24 12:16:33 - [TEST_STEP][PASSED] - M4_spin_round_id = round_id: null

2019-08-24 12:16:33 - [TEST_STEP][PASSED] - M4_spin_round_id = M4_spin_round_id: null

2019-08-24 12:16:33 - [TEST_STEP][PASSED] - M4_spin_line_wins = line_wins: null

2019-08-24 12:16:33 - [TEST_STEP][PASSED] - M4_spin_line_wins = M4_spin_line_wins: null

2019-08-24 12:16:33 - [TEST_STEP][PASSED] - M4_total_bonus_spins_int = total_bonus_spins: null

2019-08-24 12:16:33 - [TEST_STEP][PASSED] - println("******M4_total_bonus_spins type is:*******" + newline + getClass().getName()): null

2019-08-24 12:16:33 - [TEST_STEP][PASSED] - M4_total_bonus_spins_int = M4_total_bonus_spins_int: null

2019-08-24 12:16:33 - [TEST_STEP][PASSED] - M4_total_bonus_spins = Integer.toString(M4_total_bonus_spins_int): null

2019-08-24 12:16:33 - [TEST_STEP][PASSED] - M4_total_bonus_spins = M4_total_bonus_spins: null

2019-08-24 12:16:33 - [TEST_STEP][PASSED] - println("M4_total_bonus_spins is:" + M4_total_bonus_spins): null

2019-08-24 12:16:33 - [TEST_STEP][PASSED] - M4_spin_bonus_data = bonus_data: null

2019-08-24 12:16:33 - [TEST_STEP][PASSED] - M4_spin_features_triggered = result_M4_spin: null

2019-08-24 12:16:33 - [TEST_STEP][PASSED] - wild = []: null

2019-08-24 12:16:33 - [TEST_STEP][PASSED] - wild[0] = "WILD_Expanding": null

2019-08-24 12:16:33 - [TEST_STEP][PASSED] - wild[1] = "WILD_Normal": null

2019-08-24 12:16:33 - [TEST_STEP][PASSED] - wild[2] = "WILD_Double": null

2019-08-24 12:16:33 - [TEST_STEP][PASSED] - wild[3] = "WILD_ExtraFG": null

2019-08-24 12:16:33 - [TEST_STEP][PASSED] - wild[4] = "WILD_Triple": null

2019-08-24 12:16:33 - [TEST_STEP][PASSED] - wildList = Arrays.asList(wild): null

2019-08-24 12:16:33 - [TEST_STEP][PASSED] - wildList = wildList: null

2019-08-24 12:16:33 - [TEST_STEP][PASSED] - free_spin_reel_counter = []: null

2019-08-24 12:16:33 - [TEST_STEP][PASSED] - free_spin_reel_counter[0] = 0: null

2019-08-24 12:16:33 - [TEST_STEP][PASSED] - free_spin_reel_counter[1] = 0: null

2019-08-24 12:16:33 - [TEST_STEP][PASSED] - free_spin_reel_counter[2] = 0: null

2019-08-24 12:16:33 - [TEST_STEP][PASSED] - M4_spin_reels = reels: null

2019-08-24 12:16:33 - [TEST_STEP][PASSED] - for ([i = 0, i &lt; M4_spin_reels.size(), (i++)]): null

2019-08-24 12:16:33 - [TEST_STEP][PASSED] - symbols = symbols: null

2019-08-24 12:16:33 - [TEST_STEP][PASSED] - for ([j = 0, j &lt; symbols.size(), (j++)]): null

2019-08-24 12:16:33 - [TEST_STEP][PASSED] - symbol = symbol: null

2019-08-24 12:16:33 - [TEST_STEP][PASSED] - println(symbol): null

2019-08-24 12:16:33 - [TEST_STEP][PASSED] - if (i == 2 &amp;&amp; wildList.indexOf(symbol) != -1): null

2019-08-24 12:16:33 - [TEST_STEP][PASSED] - if (i == 3 &amp;&amp; wildList.indexOf(symbol) != -1): null

2019-08-24 12:16:33 - [TEST_STEP][PASSED] - if (i == 4 &amp;&amp; wildList.indexOf(symbol) != -1): null

2019-08-24 12:16:33 - [TEST_STEP][PASSED] - symbol = symbol: null

2019-08-24 12:16:33 - [TEST_STEP][PASSED] - println(symbol): null

2019-08-24 12:16:33 - [TEST_STEP][PASSED] - if (i == 2 &amp;&amp; wildList.indexOf(symbol) != -1): null

2019-08-24 12:16:33 - [TEST_STEP][PASSED] - if (i == 3 &amp;&amp; wildList.indexOf(symbol) != -1): null

2019-08-24 12:16:33 - [TEST_STEP][PASSED] - if (i == 4 &amp;&amp; wildList.indexOf(symbol) != -1): null

2019-08-24 12:16:33 - [TEST_STEP][PASSED] - symbol = symbol: null

2019-08-24 12:16:33 - [TEST_STEP][PASSED] - println(symbol): null

2019-08-24 12:16:33 - [TEST_STEP][PASSED] - if (i == 2 &amp;&amp; wildList.indexOf(symbol) != -1): null

2019-08-24 12:16:33 - [TEST_STEP][PASSED] - if (i == 3 &amp;&amp; wildList.indexOf(symbol) != -1): null

2019-08-24 12:16:33 - [TEST_STEP][PASSED] - if (i == 4 &amp;&amp; wildList.indexOf(symbol) != -1): null

2019-08-24 12:16:33 - [TEST_STEP][PASSED] - symbols = symbols: null

2019-08-24 12:16:33 - [TEST_STEP][PASSED] - for ([j = 0, j &lt; symbols.size(), (j++)]): null

2019-08-24 12:16:33 - [TEST_STEP][PASSED] - symbol = symbol: null

2019-08-24 12:16:33 - [TEST_STEP][PASSED] - println(symbol): null

2019-08-24 12:16:33 - [TEST_STEP][PASSED] - if (i == 2 &amp;&amp; wildList.indexOf(symbol) != -1): null

2019-08-24 12:16:33 - [TEST_STEP][PASSED] - if (i == 3 &amp;&amp; wildList.indexOf(symbol) != -1): null

2019-08-24 12:16:33 - [TEST_STEP][PASSED] - if (i == 4 &amp;&amp; wildList.indexOf(symbol) != -1): null

2019-08-24 12:16:33 - [TEST_STEP][PASSED] - symbol = symbol: null

2019-08-24 12:16:33 - [TEST_STEP][PASSED] - println(symbol): null

2019-08-24 12:16:33 - [TEST_STEP][PASSED] - if (i == 2 &amp;&amp; wildList.indexOf(symbol) != -1): null

2019-08-24 12:16:33 - [TEST_STEP][PASSED] - if (i == 3 &amp;&amp; wildList.indexOf(symbol) != -1): null

2019-08-24 12:16:33 - [TEST_STEP][PASSED] - if (i == 4 &amp;&amp; wildList.indexOf(symbol) != -1): null

2019-08-24 12:16:33 - [TEST_STEP][PASSED] - symbol = symbol: null

2019-08-24 12:16:33 - [TEST_STEP][PASSED] - println(symbol): null

2019-08-24 12:16:33 - [TEST_STEP][PASSED] - if (i == 2 &amp;&amp; wildList.indexOf(symbol) != -1): null

2019-08-24 12:16:33 - [TEST_STEP][PASSED] - if (i == 3 &amp;&amp; wildList.indexOf(symbol) != -1): null

2019-08-24 12:16:33 - [TEST_STEP][PASSED] - if (i == 4 &amp;&amp; wildList.indexOf(symbol) != -1): null

2019-08-24 12:16:33 - [TEST_STEP][PASSED] - symbols = symbols: null

2019-08-24 12:16:33 - [TEST_STEP][PASSED] - for ([j = 0, j &lt; symbols.size(), (j++)]): null

2019-08-24 12:16:33 - [TEST_STEP][PASSED] - symbol = symbol: null

2019-08-24 12:16:33 - [TEST_STEP][PASSED] - println(symbol): null

2019-08-24 12:16:33 - [TEST_STEP][PASSED] - if (i == 2 &amp;&amp; wildList.indexOf(symbol) != -1): null

2019-08-24 12:16:33 - [TEST_STEP][PASSED] - if (i == 3 &amp;&amp; wildList.indexOf(symbol) != -1): null

2019-08-24 12:16:33 - [TEST_STEP][PASSED] - if (i == 4 &amp;&amp; wildList.indexOf(symbol) != -1): null

2019-08-24 12:16:33 - [TEST_STEP][PASSED] - symbol = symbol: null

2019-08-24 12:16:33 - [TEST_STEP][PASSED] - println(symbol): null

2019-08-24 12:16:33 - [TEST_STEP][PASSED] - if (i == 2 &amp;&amp; wildList.indexOf(symbol) != -1): null

2019-08-24 12:16:33 - [TEST_STEP][PASSED] - if (i == 3 &amp;&amp; wildList.indexOf(symbol) != -1): null

2019-08-24 12:16:33 - [TEST_STEP][PASSED] - if (i == 4 &amp;&amp; wildList.indexOf(symbol) != -1): null

2019-08-24 12:16:33 - [TEST_STEP][PASSED] - symbol = symbol: null

2019-08-24 12:16:33 - [TEST_STEP][PASSED] - println(symbol): null

2019-08-24 12:16:33 - [TEST_STEP][PASSED] - if (i == 2 &amp;&amp; wildList.indexOf(symbol) != -1): null

2019-08-24 12:16:33 - [TEST_STEP][PASSED] - println("wild found on reel 3, adding counter by 1"): null

2019-08-24 12:16:33 - [TEST_STEP][PASSED] - free_spin_reel_counter[0] = free_spin_reel_counter[0] + 1: null

2019-08-24 12:16:33 - [TEST_STEP][PASSED] - if (i == 3 &amp;&amp; wildList.indexOf(symbol) != -1): null

2019-08-24 12:16:33 - [TEST_STEP][PASSED] - if (i == 4 &amp;&amp; wildList.indexOf(symbol) != -1): null

2019-08-24 12:16:33 - [TEST_STEP][PASSED] - symbols = symbols: null

2019-08-24 12:16:33 - [TEST_STEP][PASSED] - for ([j = 0, j &lt; symbols.size(), (j++)]): null

2019-08-24 12:16:33 - [TEST_STEP][PASSED] - symbol = symbol: null

2019-08-24 12:16:33 - [TEST_STEP][PASSED] - println(symbol): null

2019-08-24 12:16:33 - [TEST_STEP][PASSED] - if (i == 2 &amp;&amp; wildList.indexOf(symbol) != -1): null

2019-08-24 12:16:33 - [TEST_STEP][PASSED] - if (i == 3 &amp;&amp; wildList.indexOf(symbol) != -1): null

2019-08-24 12:16:33 - [TEST_STEP][PASSED] - if (i == 4 &amp;&amp; wildList.indexOf(symbol) != -1): null

2019-08-24 12:16:33 - [TEST_STEP][PASSED] - symbol = symbol: null

2019-08-24 12:16:33 - [TEST_STEP][PASSED] - println(symbol): null

2019-08-24 12:16:33 - [TEST_STEP][PASSED] - if (i == 2 &amp;&amp; wildList.indexOf(symbol) != -1): null

2019-08-24 12:16:33 - [TEST_STEP][PASSED] - if (i == 3 &amp;&amp; wildList.indexOf(symbol) != -1): null

2019-08-24 12:16:33 - [TEST_STEP][PASSED] - if (i == 4 &amp;&amp; wildList.indexOf(symbol) != -1): null

2019-08-24 12:16:33 - [TEST_STEP][PASSED] - symbol = symbol: null

2019-08-24 12:16:33 - [TEST_STEP][PASSED] - println(symbol): null

2019-08-24 12:16:33 - [TEST_STEP][PASSED] - if (i == 2 &amp;&amp; wildList.indexOf(symbol) != -1): null

2019-08-24 12:16:33 - [TEST_STEP][PASSED] - if (i == 3 &amp;&amp; wildList.indexOf(symbol) != -1): null

2019-08-24 12:16:33 - [TEST_STEP][PASSED] - if (i == 4 &amp;&amp; wildList.indexOf(symbol) != -1): null

2019-08-24 12:16:33 - [TEST_STEP][PASSED] - symbols = symbols: null

2019-08-24 12:16:33 - [TEST_STEP][PASSED] - for ([j = 0, j &lt; symbols.size(), (j++)]): null

2019-08-24 12:16:33 - [TEST_STEP][PASSED] - symbol = symbol: null

2019-08-24 12:16:33 - [TEST_STEP][PASSED] - println(symbol): null

2019-08-24 12:16:33 - [TEST_STEP][PASSED] - if (i == 2 &amp;&amp; wildList.indexOf(symbol) != -1): null

2019-08-24 12:16:33 - [TEST_STEP][PASSED] - if (i == 3 &amp;&amp; wildList.indexOf(symbol) != -1): null

2019-08-24 12:16:33 - [TEST_STEP][PASSED] - if (i == 4 &amp;&amp; wildList.indexOf(symbol) != -1): null

2019-08-24 12:16:33 - [TEST_STEP][PASSED] - symbol = symbol: null

2019-08-24 12:16:33 - [TEST_STEP][PASSED] - println(symbol): null

2019-08-24 12:16:33 - [TEST_STEP][PASSED] - if (i == 2 &amp;&amp; wildList.indexOf(symbol) != -1): null

2019-08-24 12:16:33 - [TEST_STEP][PASSED] - if (i == 3 &amp;&amp; wildList.indexOf(symbol) != -1): null

2019-08-24 12:16:33 - [TEST_STEP][PASSED] - if (i == 4 &amp;&amp; wildList.indexOf(symbol) != -1): null

2019-08-24 12:16:33 - [TEST_STEP][PASSED] - symbol = symbol: null

2019-08-24 12:16:33 - [TEST_STEP][PASSED] - println(symbol): null

2019-08-24 12:16:33 - [TEST_STEP][PASSED] - if (i == 2 &amp;&amp; wildList.indexOf(symbol) != -1): null

2019-08-24 12:16:33 - [TEST_STEP][PASSED] - if (i == 3 &amp;&amp; wildList.indexOf(symbol) != -1): null

2019-08-24 12:16:33 - [TEST_STEP][PASSED] - if (i == 4 &amp;&amp; wildList.indexOf(symbol) != -1): null

2019-08-24 12:16:33 - [TEST_STEP][PASSED] - free_spin_reel_counter = free_spin_reel_counter: null

2019-08-24 12:16:33 - [TEST_STEP][PASSED] - println("reel 3 wild found: " + free_spin_reel_counter[0]): null

2019-08-24 12:16:33 - [TEST_STEP][PASSED] - println("reel 4 wild found: " + free_spin_reel_counter[1]): null

2019-08-24 12:16:33 - [TEST_STEP][PASSED] - println("reel 5 wild found: " + free_spin_reel_counter[2]): null

2019-08-24 12:16:33 - [TEST_STEP][PASSED] - M4_spin_reels = M4_spin_reels: null

2019-08-24 12:16:33 - [TEST_STEP][PASSED] - M4_spin_reels_symbols = symbol: null

2019-08-24 12:16:33 - [TEST_STEP][PASSED] - M4_spin_reels_symbols = M4_spin_reels_symbols: null

2019-08-24 12:16:33 - [TEST_STEP][PASSED] - M4_spin_reel_wins = reel_wins: null

2019-08-24 12:16:33 - [TEST_STEP][PASSED] - M4_spin_reel_wins = M4_spin_reel_wins: null

2019-08-24 12:16:33 - [TEST_STEP][PASSED] - println("GlobalVariable.M4_spin_reel_wins is: " + M4_spin_reel_wins): null

2019-08-24 12:16:33 - [TEST_STEP][PASSED] - M4_spin_total_bonus_win_this_round = total_bonus_win_this_round: null

2019-08-24 12:16:33 - [TEST_STEP][PASSED] - M4_spin_total_bonus_win_this_round = M4_spin_total_bonus_win_this_round: null

2019-08-24 12:16:33 - [TEST_STEP][PASSED] - println("GlobalVariable.M4_spin_total_bonus_win_this_round is: " + M4_spin_total_bonus_win_this_round): null

2019-08-24 12:16:33 - [TEST_STEP][PASSED] - M4_spin_bonus_spin_result = spin_result: null

2019-08-24 12:16:33 - [TEST_STEP][PASSED] - M4_spin_bonus_spin_result = M4_spin_bonus_spin_result: null

2019-08-24 12:16:33 - [MESSAGE][PASSED] - Verify response successfully

2019-08-24 12:16:33 - [MESSAGE][PASSED] - Send request and verify the response successfully

2019-08-24 12:16:33 - [TEST_STEP][PASSED] - if (M4_total_bonus_spins_int != 0 &amp;&amp; M4_spin_reels_symbols[2].contains("WILD_ExtraFG") || M4_spin_reels_symbols[3].contains("WILD_ExtraFG")): null

2019-08-24 12:16:33 - [TEST_STEP][PASSED] - free_spin_reel_counter = free_spin_reel_counter: null

2019-08-24 12:16:33 - [TEST_STEP][PASSED] - M4_spin_reels_symbols = M4_spin_reels_symbols: null

2019-08-24 12:16:33 - [TEST_STEP][PASSED] - M4_total_bonus_spins = M4_total_bonus_spins: null

2019-08-24 12:16:33 - [TEST_STEP][PASSED] - spin_result = sendRequestAndVerify(findTestObject("INT/RGS(M4)/1_M4_spin", ["M4_login_user_id":M4_login_user_id, "rgs_session_token":rgs_session_token, "partner":Partner])): Send request and verify the response successfully

2019-08-24 12:16:33 - [MESSAGE][INFO] - HAR: /Users/eiralee/Katalon_Script/SuperWild/Reports/20190824_120919/INT/superWild_3/20190824_120919/requests/main/123.har

2019-08-24 12:16:33 - [TEST_CASE][PASSED] - Start Test Case : Verification: Verification accomplished successfully

2019-08-24 12:16:33 - [TEST_STEP][PASSED] - request = getInstance().getCurrentRequest(): null

2019-08-24 12:16:33 - [TEST_STEP][PASSED] - response = getInstance().getCurrentResponse(): null

2019-08-24 12:16:33 - [TEST_STEP][PASSED] - verifyResponseStatusCode(response, 200): Verify response status code successfully

2019-08-24 12:16:33 - [MESSAGE][PASSED] - Verify response status code successfully

2019-08-24 12:16:33 - [TEST_STEP][PASSED] - getStatusCode()).isEqualTo(200): null

2019-08-24 12:16:33 - [TEST_STEP][PASSED] - newline = System.getProperty("line.separator"): null

2019-08-24 12:16:33 - [TEST_STEP][PASSED] - M4_spin = new groovy.json.JsonSlurper(): null

2019-08-24 12:16:33 - [TEST_STEP][PASSED] - result_M4_spin = M4_spin.parseText(response.getResponseBodyContent()): null

2019-08-24 12:16:33 - [TEST_STEP][PASSED] - M4_spin_current_balance = current_balance: null

2019-08-24 12:16:33 - [TEST_STEP][PASSED] - M4_spin_current_balance = M4_spin_current_balance: null

2019-08-24 12:16:33 - [TEST_STEP][PASSED] - M4_spin_transaction_id = causality: null

2019-08-24 12:16:33 - [TEST_STEP][PASSED] - M4_spin_transaction_id = M4_spin_transaction_id: null

2019-08-24 12:16:33 - [TEST_STEP][PASSED] - M4_spin_round_id = round_id: null

2019-08-24 12:16:33 - [TEST_STEP][PASSED] - M4_spin_round_id = M4_spin_round_id: null

2019-08-24 12:16:33 - [TEST_STEP][PASSED] - M4_spin_line_wins = line_wins: null

2019-08-24 12:16:33 - [TEST_STEP][PASSED] - M4_spin_line_wins = M4_spin_line_wins: null

2019-08-24 12:16:33 - [TEST_STEP][PASSED] - M4_total_bonus_spins_int = total_bonus_spins: null

2019-08-24 12:16:33 - [TEST_STEP][PASSED] - println("******M4_total_bonus_spins type is:*******" + newline + getClass().getName()): null

2019-08-24 12:16:33 - [TEST_STEP][PASSED] - M4_total_bonus_spins_int = M4_total_bonus_spins_int: null

2019-08-24 12:16:33 - [TEST_STEP][PASSED] - M4_total_bonus_spins = Integer.toString(M4_total_bonus_spins_int): null

2019-08-24 12:16:33 - [TEST_STEP][PASSED] - M4_total_bonus_spins = M4_total_bonus_spins: null

2019-08-24 12:16:33 - [TEST_STEP][PASSED] - println("M4_total_bonus_spins is:" + M4_total_bonus_spins): null

2019-08-24 12:16:33 - [TEST_STEP][PASSED] - M4_spin_bonus_data = bonus_data: null

2019-08-24 12:16:33 - [TEST_STEP][PASSED] - M4_spin_features_triggered = result_M4_spin: null

2019-08-24 12:16:33 - [TEST_STEP][PASSED] - wild = []: null

2019-08-24 12:16:33 - [TEST_STEP][PASSED] - wild[0] = "WILD_Expanding": null

2019-08-24 12:16:33 - [TEST_STEP][PASSED] - wild[1] = "WILD_Normal": null

2019-08-24 12:16:33 - [TEST_STEP][PASSED] - wild[2] = "WILD_Double": null

2019-08-24 12:16:33 - [TEST_STEP][PASSED] - wild[3] = "WILD_ExtraFG": null

2019-08-24 12:16:33 - [TEST_STEP][PASSED] - wild[4] = "WILD_Triple": null

2019-08-24 12:16:33 - [TEST_STEP][PASSED] - wildList = Arrays.asList(wild): null

2019-08-24 12:16:33 - [TEST_STEP][PASSED] - wildList = wildList: null

2019-08-24 12:16:33 - [TEST_STEP][PASSED] - free_spin_reel_counter = []: null

2019-08-24 12:16:33 - [TEST_STEP][PASSED] - free_spin_reel_counter[0] = 0: null

2019-08-24 12:16:33 - [TEST_STEP][PASSED] - free_spin_reel_counter[1] = 0: null

2019-08-24 12:16:33 - [TEST_STEP][PASSED] - free_spin_reel_counter[2] = 0: null

2019-08-24 12:16:33 - [TEST_STEP][PASSED] - M4_spin_reels = reels: null

2019-08-24 12:16:33 - [TEST_STEP][PASSED] - for ([i = 0, i &lt; M4_spin_reels.size(), (i++)]): null

2019-08-24 12:16:33 - [TEST_STEP][PASSED] - symbols = symbols: null

2019-08-24 12:16:33 - [TEST_STEP][PASSED] - for ([j = 0, j &lt; symbols.size(), (j++)]): null

2019-08-24 12:16:33 - [TEST_STEP][PASSED] - symbol = symbol: null

2019-08-24 12:16:33 - [TEST_STEP][PASSED] - println(symbol): null

2019-08-24 12:16:33 - [TEST_STEP][PASSED] - if (i == 2 &amp;&amp; wildList.indexOf(symbol) != -1): null

2019-08-24 12:16:33 - [TEST_STEP][PASSED] - if (i == 3 &amp;&amp; wildList.indexOf(symbol) != -1): null

2019-08-24 12:16:33 - [TEST_STEP][PASSED] - if (i == 4 &amp;&amp; wildList.indexOf(symbol) != -1): null

2019-08-24 12:16:33 - [TEST_STEP][PASSED] - symbol = symbol: null

2019-08-24 12:16:33 - [TEST_STEP][PASSED] - println(symbol): null

2019-08-24 12:16:33 - [TEST_STEP][PASSED] - if (i == 2 &amp;&amp; wildList.indexOf(symbol) != -1): null

2019-08-24 12:16:33 - [TEST_STEP][PASSED] - if (i == 3 &amp;&amp; wildList.indexOf(symbol) != -1): null

2019-08-24 12:16:33 - [TEST_STEP][PASSED] - if (i == 4 &amp;&amp; wildList.indexOf(symbol) != -1): null

2019-08-24 12:16:33 - [TEST_STEP][PASSED] - symbol = symbol: null

2019-08-24 12:16:33 - [TEST_STEP][PASSED] - println(symbol): null

2019-08-24 12:16:33 - [TEST_STEP][PASSED] - if (i == 2 &amp;&amp; wildList.indexOf(symbol) != -1): null

2019-08-24 12:16:33 - [TEST_STEP][PASSED] - if (i == 3 &amp;&amp; wildList.indexOf(symbol) != -1): null

2019-08-24 12:16:33 - [TEST_STEP][PASSED] - if (i == 4 &amp;&amp; wildList.indexOf(symbol) != -1): null

2019-08-24 12:16:33 - [TEST_STEP][PASSED] - symbols = symbols: null

2019-08-24 12:16:33 - [TEST_STEP][PASSED] - for ([j = 0, j &lt; symbols.size(), (j++)]): null

2019-08-24 12:16:33 - [TEST_STEP][PASSED] - symbol = symbol: null

2019-08-24 12:16:33 - [TEST_STEP][PASSED] - println(symbol): null

2019-08-24 12:16:33 - [TEST_STEP][PASSED] - if (i == 2 &amp;&amp; wildList.indexOf(symbol) != -1): null

2019-08-24 12:16:33 - [TEST_STEP][PASSED] - if (i == 3 &amp;&amp; wildList.indexOf(symbol) != -1): null

2019-08-24 12:16:33 - [TEST_STEP][PASSED] - if (i == 4 &amp;&amp; wildList.indexOf(symbol) != -1): null

2019-08-24 12:16:33 - [TEST_STEP][PASSED] - symbol = symbol: null

2019-08-24 12:16:33 - [TEST_STEP][PASSED] - println(symbol): null

2019-08-24 12:16:33 - [TEST_STEP][PASSED] - if (i == 2 &amp;&amp; wildList.indexOf(symbol) != -1): null

2019-08-24 12:16:33 - [TEST_STEP][PASSED] - if (i == 3 &amp;&amp; wildList.indexOf(symbol) != -1): null

2019-08-24 12:16:33 - [TEST_STEP][PASSED] - if (i == 4 &amp;&amp; wildList.indexOf(symbol) != -1): null

2019-08-24 12:16:33 - [TEST_STEP][PASSED] - symbol = symbol: null

2019-08-24 12:16:33 - [TEST_STEP][PASSED] - println(symbol): null

2019-08-24 12:16:33 - [TEST_STEP][PASSED] - if (i == 2 &amp;&amp; wildList.indexOf(symbol) != -1): null

2019-08-24 12:16:37 - [TEST_STEP][PASSED] - if (i == 3 &amp;&amp; wildList.indexOf(symbol) != -1): null

2019-08-24 12:16:37 - [TEST_STEP][PASSED] - if (i == 4 &amp;&amp; wildList.indexOf(symbol) != -1): null

2019-08-24 12:16:37 - [TEST_STEP][PASSED] - symbols = symbols: null

2019-08-24 12:16:37 - [TEST_STEP][PASSED] - for ([j = 0, j &lt; symbols.size(), (j++)]): null

2019-08-24 12:16:37 - [TEST_STEP][PASSED] - symbol = symbol: null

2019-08-24 12:16:37 - [TEST_STEP][PASSED] - println(symbol): null

2019-08-24 12:16:37 - [TEST_STEP][PASSED] - if (i == 2 &amp;&amp; wildList.indexOf(symbol) != -1): null

2019-08-24 12:16:37 - [TEST_STEP][PASSED] - if (i == 3 &amp;&amp; wildList.indexOf(symbol) != -1): null

2019-08-24 12:16:37 - [TEST_STEP][PASSED] - if (i == 4 &amp;&amp; wildList.indexOf(symbol) != -1): null

2019-08-24 12:16:37 - [TEST_STEP][PASSED] - symbol = symbol: null

2019-08-24 12:16:40 - [TEST_STEP][PASSED] - println(symbol): null

2019-08-24 12:16:40 - [TEST_STEP][PASSED] - if (i == 2 &amp;&amp; wildList.indexOf(symbol) != -1): null

2019-08-24 12:16:40 - [TEST_STEP][PASSED] - if (i == 3 &amp;&amp; wildList.indexOf(symbol) != -1): null

2019-08-24 12:16:40 - [TEST_STEP][PASSED] - if (i == 4 &amp;&amp; wildList.indexOf(symbol) != -1): null

2019-08-24 12:16:40 - [TEST_STEP][PASSED] - symbol = symbol: null

2019-08-24 12:16:40 - [TEST_STEP][PASSED] - println(symbol): null

2019-08-24 12:16:40 - [TEST_STEP][PASSED] - if (i == 2 &amp;&amp; wildList.indexOf(symbol) != -1): null

2019-08-24 12:16:40 - [TEST_STEP][PASSED] - if (i == 3 &amp;&amp; wildList.indexOf(symbol) != -1): null

2019-08-24 12:16:40 - [TEST_STEP][PASSED] - if (i == 4 &amp;&amp; wildList.indexOf(symbol) != -1): null

2019-08-24 12:16:40 - [TEST_STEP][PASSED] - symbols = symbols: null

2019-08-24 12:16:40 - [TEST_STEP][PASSED] - for ([j = 0, j &lt; symbols.size(), (j++)]): null

2019-08-24 12:16:40 - [TEST_STEP][PASSED] - symbol = symbol: null

2019-08-24 12:16:40 - [TEST_STEP][PASSED] - println(symbol): null

2019-08-24 12:16:40 - [TEST_STEP][PASSED] - if (i == 2 &amp;&amp; wildList.indexOf(symbol) != -1): null

2019-08-24 12:16:40 - [TEST_STEP][PASSED] - if (i == 3 &amp;&amp; wildList.indexOf(symbol) != -1): null

2019-08-24 12:16:40 - [TEST_STEP][PASSED] - if (i == 4 &amp;&amp; wildList.indexOf(symbol) != -1): null

2019-08-24 12:16:40 - [TEST_STEP][PASSED] - symbol = symbol: null

2019-08-24 12:16:40 - [TEST_STEP][PASSED] - println(symbol): null

2019-08-24 12:16:40 - [TEST_STEP][PASSED] - if (i == 2 &amp;&amp; wildList.indexOf(symbol) != -1): null

2019-08-24 12:16:40 - [TEST_STEP][PASSED] - if (i == 3 &amp;&amp; wildList.indexOf(symbol) != -1): null

2019-08-24 12:16:40 - [TEST_STEP][PASSED] - if (i == 4 &amp;&amp; wildList.indexOf(symbol) != -1): null

2019-08-24 12:16:40 - [TEST_STEP][PASSED] - symbol = symbol: null

2019-08-24 12:16:40 - [TEST_STEP][PASSED] - println(symbol): null

2019-08-24 12:16:40 - [TEST_STEP][PASSED] - if (i == 2 &amp;&amp; wildList.indexOf(symbol) != -1): null

2019-08-24 12:16:40 - [TEST_STEP][PASSED] - if (i == 3 &amp;&amp; wildList.indexOf(symbol) != -1): null

2019-08-24 12:16:40 - [TEST_STEP][PASSED] - if (i == 4 &amp;&amp; wildList.indexOf(symbol) != -1): null

2019-08-24 12:16:40 - [TEST_STEP][PASSED] - symbols = symbols: null

2019-08-24 12:16:40 - [TEST_STEP][PASSED] - for ([j = 0, j &lt; symbols.size(), (j++)]): null

2019-08-24 12:16:40 - [TEST_STEP][PASSED] - symbol = symbol: null

2019-08-24 12:16:40 - [TEST_STEP][PASSED] - println(symbol): null

2019-08-24 12:16:40 - [TEST_STEP][PASSED] - if (i == 2 &amp;&amp; wildList.indexOf(symbol) != -1): null

2019-08-24 12:16:40 - [TEST_STEP][PASSED] - if (i == 3 &amp;&amp; wildList.indexOf(symbol) != -1): null

2019-08-24 12:16:40 - [TEST_STEP][PASSED] - if (i == 4 &amp;&amp; wildList.indexOf(symbol) != -1): null

2019-08-24 12:16:40 - [TEST_STEP][PASSED] - symbol = symbol: null

2019-08-24 12:16:40 - [TEST_STEP][PASSED] - println(symbol): null

2019-08-24 12:16:40 - [TEST_STEP][PASSED] - if (i == 2 &amp;&amp; wildList.indexOf(symbol) != -1): null

2019-08-24 12:16:40 - [TEST_STEP][PASSED] - if (i == 3 &amp;&amp; wildList.indexOf(symbol) != -1): null

2019-08-24 12:16:40 - [TEST_STEP][PASSED] - if (i == 4 &amp;&amp; wildList.indexOf(symbol) != -1): null

2019-08-24 12:16:40 - [TEST_STEP][PASSED] - println("wild found on reel 5, adding counter by 1"): null

2019-08-24 12:16:40 - [TEST_STEP][PASSED] - free_spin_reel_counter[2] = free_spin_reel_counter[2] + 1: null

2019-08-24 12:16:40 - [TEST_STEP][PASSED] - symbol = symbol: null

2019-08-24 12:16:40 - [TEST_STEP][PASSED] - println(symbol): null

2019-08-24 12:16:40 - [TEST_STEP][PASSED] - if (i == 2 &amp;&amp; wildList.indexOf(symbol) != -1): null

2019-08-24 12:16:40 - [TEST_STEP][PASSED] - if (i == 3 &amp;&amp; wildList.indexOf(symbol) != -1): null

2019-08-24 12:16:40 - [TEST_STEP][PASSED] - if (i == 4 &amp;&amp; wildList.indexOf(symbol) != -1): null

2019-08-24 12:16:40 - [TEST_STEP][PASSED] - free_spin_reel_counter = free_spin_reel_counter: null

2019-08-24 12:16:40 - [TEST_STEP][PASSED] - println("reel 3 wild found: " + free_spin_reel_counter[0]): null

2019-08-24 12:16:40 - [TEST_STEP][PASSED] - println("reel 4 wild found: " + free_spin_reel_counter[1]): null

2019-08-24 12:16:40 - [TEST_STEP][PASSED] - println("reel 5 wild found: " + free_spin_reel_counter[2]): null

2019-08-24 12:16:40 - [TEST_STEP][PASSED] - M4_spin_reels = M4_spin_reels: null

2019-08-24 12:16:40 - [TEST_STEP][PASSED] - M4_spin_reels_symbols = symbol: null

2019-08-24 12:16:40 - [TEST_STEP][PASSED] - M4_spin_reels_symbols = M4_spin_reels_symbols: null

2019-08-24 12:16:40 - [TEST_STEP][PASSED] - M4_spin_reel_wins = reel_wins: null

2019-08-24 12:16:40 - [TEST_STEP][PASSED] - M4_spin_reel_wins = M4_spin_reel_wins: null

2019-08-24 12:16:40 - [TEST_STEP][PASSED] - println("GlobalVariable.M4_spin_reel_wins is: " + M4_spin_reel_wins): null

2019-08-24 12:16:40 - [TEST_STEP][PASSED] - M4_spin_total_bonus_win_this_round = total_bonus_win_this_round: null

2019-08-24 12:16:40 - [TEST_STEP][PASSED] - M4_spin_total_bonus_win_this_round = M4_spin_total_bonus_win_this_round: null

2019-08-24 12:16:40 - [TEST_STEP][PASSED] - println("GlobalVariable.M4_spin_total_bonus_win_this_round is: " + M4_spin_total_bonus_win_this_round): null

2019-08-24 12:16:40 - [TEST_STEP][PASSED] - M4_spin_bonus_spin_result = spin_result: null

2019-08-24 12:16:40 - [TEST_STEP][PASSED] - M4_spin_bonus_spin_result = M4_spin_bonus_spin_result: null

2019-08-24 12:16:40 - [MESSAGE][PASSED] - Verify response successfully

2019-08-24 12:16:40 - [MESSAGE][PASSED] - Send request and verify the response successfully

2019-08-24 12:16:40 - [TEST_STEP][PASSED] - if (M4_total_bonus_spins_int != 0 &amp;&amp; M4_spin_reels_symbols[2].contains("WILD_ExtraFG") || M4_spin_reels_symbols[3].contains("WILD_ExtraFG")): null

2019-08-24 12:16:40 - [TEST_STEP][PASSED] - free_spin_reel_counter = free_spin_reel_counter: null

2019-08-24 12:16:40 - [TEST_STEP][PASSED] - M4_spin_reels_symbols = M4_spin_reels_symbols: null

2019-08-24 12:16:40 - [TEST_STEP][PASSED] - M4_total_bonus_spins = M4_total_bonus_spins: null

2019-08-24 12:16:40 - [TEST_STEP][PASSED] - spin_result = sendRequestAndVerify(findTestObject("INT/RGS(M4)/1_M4_spin", ["M4_login_user_id":M4_login_user_id, "rgs_session_token":rgs_session_token, "partner":Partner])): Send request and verify the response successfully

2019-08-24 12:16:41 - [MESSAGE][INFO] - HAR: /Users/eiralee/Katalon_Script/SuperWild/Reports/20190824_120919/INT/superWild_3/20190824_120919/requests/main/124.har

2019-08-24 12:16:41 - [TEST_CASE][PASSED] - Start Test Case : Verification: Verification accomplished successfully

2019-08-24 12:16:41 - [TEST_STEP][PASSED] - request = getInstance().getCurrentRequest(): null

2019-08-24 12:16:41 - [TEST_STEP][PASSED] - response = getInstance().getCurrentResponse(): null

2019-08-24 12:16:41 - [TEST_STEP][PASSED] - verifyResponseStatusCode(response, 200): Verify response status code successfully

2019-08-24 12:16:41 - [MESSAGE][PASSED] - Verify response status code successfully

2019-08-24 12:16:41 - [TEST_STEP][PASSED] - getStatusCode()).isEqualTo(200): null

2019-08-24 12:16:41 - [TEST_STEP][PASSED] - newline = System.getProperty("line.separator"): null

2019-08-24 12:16:41 - [TEST_STEP][PASSED] - M4_spin = new groovy.json.JsonSlurper(): null

2019-08-24 12:16:41 - [TEST_STEP][PASSED] - result_M4_spin = M4_spin.parseText(response.getResponseBodyContent()): null

2019-08-24 12:16:41 - [TEST_STEP][PASSED] - M4_spin_current_balance = current_balance: null

2019-08-24 12:16:41 - [TEST_STEP][PASSED] - M4_spin_current_balance = M4_spin_current_balance: null

2019-08-24 12:16:41 - [TEST_STEP][PASSED] - M4_spin_transaction_id = causality: null

2019-08-24 12:16:41 - [TEST_STEP][PASSED] - M4_spin_transaction_id = M4_spin_transaction_id: null

2019-08-24 12:16:41 - [TEST_STEP][PASSED] - M4_spin_round_id = round_id: null

2019-08-24 12:16:41 - [TEST_STEP][PASSED] - M4_spin_round_id = M4_spin_round_id: null

2019-08-24 12:16:41 - [TEST_STEP][PASSED] - M4_spin_line_wins = line_wins: null

2019-08-24 12:16:41 - [TEST_STEP][PASSED] - M4_spin_line_wins = M4_spin_line_wins: null

2019-08-24 12:16:41 - [TEST_STEP][PASSED] - M4_total_bonus_spins_int = total_bonus_spins: null

2019-08-24 12:16:41 - [TEST_STEP][PASSED] - println("******M4_total_bonus_spins type is:*******" + newline + getClass().getName()): null

2019-08-24 12:16:41 - [TEST_STEP][PASSED] - M4_total_bonus_spins_int = M4_total_bonus_spins_int: null

2019-08-24 12:16:41 - [TEST_STEP][PASSED] - M4_total_bonus_spins = Integer.toString(M4_total_bonus_spins_int): null

2019-08-24 12:16:41 - [TEST_STEP][PASSED] - M4_total_bonus_spins = M4_total_bonus_spins: null

2019-08-24 12:16:41 - [TEST_STEP][PASSED] - println("M4_total_bonus_spins is:" + M4_total_bonus_spins): null

2019-08-24 12:16:41 - [TEST_STEP][PASSED] - M4_spin_bonus_data = bonus_data: null

2019-08-24 12:16:41 - [TEST_STEP][PASSED] - M4_spin_features_triggered = result_M4_spin: null

2019-08-24 12:16:41 - [TEST_STEP][PASSED] - wild = []: null

2019-08-24 12:16:41 - [TEST_STEP][PASSED] - wild[0] = "WILD_Expanding": null

2019-08-24 12:16:41 - [TEST_STEP][PASSED] - wild[1] = "WILD_Normal": null

2019-08-24 12:16:41 - [TEST_STEP][PASSED] - wild[2] = "WILD_Double": null

2019-08-24 12:16:41 - [TEST_STEP][PASSED] - wild[3] = "WILD_ExtraFG": null

2019-08-24 12:16:41 - [TEST_STEP][PASSED] - wild[4] = "WILD_Triple": null

2019-08-24 12:16:41 - [TEST_STEP][PASSED] - wildList = Arrays.asList(wild): null

2019-08-24 12:16:41 - [TEST_STEP][PASSED] - wildList = wildList: null

2019-08-24 12:16:41 - [TEST_STEP][PASSED] - free_spin_reel_counter = []: null

2019-08-24 12:16:41 - [TEST_STEP][PASSED] - free_spin_reel_counter[0] = 0: null

2019-08-24 12:16:41 - [TEST_STEP][PASSED] - free_spin_reel_counter[1] = 0: null

2019-08-24 12:16:41 - [TEST_STEP][PASSED] - free_spin_reel_counter[2] = 0: null

2019-08-24 12:16:41 - [TEST_STEP][PASSED] - M4_spin_reels = reels: null

2019-08-24 12:16:41 - [TEST_STEP][PASSED] - for ([i = 0, i &lt; M4_spin_reels.size(), (i++)]): null

2019-08-24 12:16:41 - [TEST_STEP][PASSED] - symbols = symbols: null

2019-08-24 12:16:41 - [TEST_STEP][PASSED] - for ([j = 0, j &lt; symbols.size(), (j++)]): null

2019-08-24 12:16:41 - [TEST_STEP][PASSED] - symbol = symbol: null

2019-08-24 12:16:41 - [TEST_STEP][PASSED] - println(symbol): null

2019-08-24 12:16:41 - [TEST_STEP][PASSED] - if (i == 2 &amp;&amp; wildList.indexOf(symbol) != -1): null

2019-08-24 12:16:41 - [TEST_STEP][PASSED] - if (i == 3 &amp;&amp; wildList.indexOf(symbol) != -1): null

2019-08-24 12:16:41 - [TEST_STEP][PASSED] - if (i == 4 &amp;&amp; wildList.indexOf(symbol) != -1): null

2019-08-24 12:16:41 - [TEST_STEP][PASSED] - symbol = symbol: null

2019-08-24 12:16:41 - [TEST_STEP][PASSED] - println(symbol): null

2019-08-24 12:16:41 - [TEST_STEP][PASSED] - if (i == 2 &amp;&amp; wildList.indexOf(symbol) != -1): null

2019-08-24 12:16:41 - [TEST_STEP][PASSED] - if (i == 3 &amp;&amp; wildList.indexOf(symbol) != -1): null

2019-08-24 12:16:41 - [TEST_STEP][PASSED] - if (i == 4 &amp;&amp; wildList.indexOf(symbol) != -1): null

2019-08-24 12:16:41 - [TEST_STEP][PASSED] - symbol = symbol: null

2019-08-24 12:16:41 - [TEST_STEP][PASSED] - println(symbol): null

2019-08-24 12:16:41 - [TEST_STEP][PASSED] - if (i == 2 &amp;&amp; wildList.indexOf(symbol) != -1): null

2019-08-24 12:16:41 - [TEST_STEP][PASSED] - if (i == 3 &amp;&amp; wildList.indexOf(symbol) != -1): null

2019-08-24 12:16:41 - [TEST_STEP][PASSED] - if (i == 4 &amp;&amp; wildList.indexOf(symbol) != -1): null

2019-08-24 12:16:41 - [TEST_STEP][PASSED] - symbols = symbols: null

2019-08-24 12:16:41 - [TEST_STEP][PASSED] - for ([j = 0, j &lt; symbols.size(), (j++)]): null

2019-08-24 12:16:41 - [TEST_STEP][PASSED] - symbol = symbol: null

2019-08-24 12:16:41 - [TEST_STEP][PASSED] - println(symbol): null

2019-08-24 12:16:41 - [TEST_STEP][PASSED] - if (i == 2 &amp;&amp; wildList.indexOf(symbol) != -1): null

2019-08-24 12:16:41 - [TEST_STEP][PASSED] - if (i == 3 &amp;&amp; wildList.indexOf(symbol) != -1): null

2019-08-24 12:16:41 - [TEST_STEP][PASSED] - if (i == 4 &amp;&amp; wildList.indexOf(symbol) != -1): null

2019-08-24 12:16:41 - [TEST_STEP][PASSED] - symbol = symbol: null

2019-08-24 12:16:41 - [TEST_STEP][PASSED] - println(symbol): null

2019-08-24 12:16:41 - [TEST_STEP][PASSED] - if (i == 2 &amp;&amp; wildList.indexOf(symbol) != -1): null

2019-08-24 12:16:41 - [TEST_STEP][PASSED] - if (i == 3 &amp;&amp; wildList.indexOf(symbol) != -1): null

2019-08-24 12:16:41 - [TEST_STEP][PASSED] - if (i == 4 &amp;&amp; wildList.indexOf(symbol) != -1): null

2019-08-24 12:16:41 - [TEST_STEP][PASSED] - symbol = symbol: null

2019-08-24 12:16:41 - [TEST_STEP][PASSED] - println(symbol): null

2019-08-24 12:16:41 - [TEST_STEP][PASSED] - if (i == 2 &amp;&amp; wildList.indexOf(symbol) != -1): null

2019-08-24 12:16:41 - [TEST_STEP][PASSED] - if (i == 3 &amp;&amp; wildList.indexOf(symbol) != -1): null

2019-08-24 12:16:41 - [TEST_STEP][PASSED] - if (i == 4 &amp;&amp; wildList.indexOf(symbol) != -1): null

2019-08-24 12:16:41 - [TEST_STEP][PASSED] - symbols = symbols: null

2019-08-24 12:16:41 - [TEST_STEP][PASSED] - for ([j = 0, j &lt; symbols.size(), (j++)]): null

2019-08-24 12:16:41 - [TEST_STEP][PASSED] - symbol = symbol: null

2019-08-24 12:16:41 - [TEST_STEP][PASSED] - println(symbol): null

2019-08-24 12:16:41 - [TEST_STEP][PASSED] - if (i == 2 &amp;&amp; wildList.indexOf(symbol) != -1): null

2019-08-24 12:16:41 - [TEST_STEP][PASSED] - if (i == 3 &amp;&amp; wildList.indexOf(symbol) != -1): null

2019-08-24 12:16:41 - [TEST_STEP][PASSED] - if (i == 4 &amp;&amp; wildList.indexOf(symbol) != -1): null

2019-08-24 12:16:41 - [TEST_STEP][PASSED] - symbol = symbol: null

2019-08-24 12:16:41 - [TEST_STEP][PASSED] - println(symbol): null

2019-08-24 12:16:41 - [TEST_STEP][PASSED] - if (i == 2 &amp;&amp; wildList.indexOf(symbol) != -1): null

2019-08-24 12:16:41 - [TEST_STEP][PASSED] - if (i == 3 &amp;&amp; wildList.indexOf(symbol) != -1): null

2019-08-24 12:16:41 - [TEST_STEP][PASSED] - if (i == 4 &amp;&amp; wildList.indexOf(symbol) != -1): null

2019-08-24 12:16:41 - [TEST_STEP][PASSED] - symbol = symbol: null

2019-08-24 12:16:41 - [TEST_STEP][PASSED] - println(symbol): null

2019-08-24 12:16:41 - [TEST_STEP][PASSED] - if (i == 2 &amp;&amp; wildList.indexOf(symbol) != -1): null

2019-08-24 12:16:41 - [TEST_STEP][PASSED] - if (i == 3 &amp;&amp; wildList.indexOf(symbol) != -1): null

2019-08-24 12:16:41 - [TEST_STEP][PASSED] - if (i == 4 &amp;&amp; wildList.indexOf(symbol) != -1): null

2019-08-24 12:16:41 - [TEST_STEP][PASSED] - symbols = symbols: null

2019-08-24 12:16:41 - [TEST_STEP][PASSED] - for ([j = 0, j &lt; symbols.size(), (j++)]): null

2019-08-24 12:16:41 - [TEST_STEP][PASSED] - symbol = symbol: null

2019-08-24 12:16:41 - [TEST_STEP][PASSED] - println(symbol): null

2019-08-24 12:16:41 - [TEST_STEP][PASSED] - if (i == 2 &amp;&amp; wildList.indexOf(symbol) != -1): null

2019-08-24 12:16:41 - [TEST_STEP][PASSED] - if (i == 3 &amp;&amp; wildList.indexOf(symbol) != -1): null

2019-08-24 12:16:41 - [TEST_STEP][PASSED] - if (i == 4 &amp;&amp; wildList.indexOf(symbol) != -1): null

2019-08-24 12:16:41 - [TEST_STEP][PASSED] - symbol = symbol: null

2019-08-24 12:16:41 - [TEST_STEP][PASSED] - println(symbol): null

2019-08-24 12:16:41 - [TEST_STEP][PASSED] - if (i == 2 &amp;&amp; wildList.indexOf(symbol) != -1): null

2019-08-24 12:16:41 - [TEST_STEP][PASSED] - if (i == 3 &amp;&amp; wildList.indexOf(symbol) != -1): null

2019-08-24 12:16:41 - [TEST_STEP][PASSED] - if (i == 4 &amp;&amp; wildList.indexOf(symbol) != -1): null

2019-08-24 12:16:41 - [TEST_STEP][PASSED] - symbol = symbol: null

2019-08-24 12:16:41 - [TEST_STEP][PASSED] - println(symbol): null

2019-08-24 12:16:41 - [TEST_STEP][PASSED] - if (i == 2 &amp;&amp; wildList.indexOf(symbol) != -1): null

2019-08-24 12:16:41 - [TEST_STEP][PASSED] - if (i == 3 &amp;&amp; wildList.indexOf(symbol) != -1): null

2019-08-24 12:16:41 - [TEST_STEP][PASSED] - if (i == 4 &amp;&amp; wildList.indexOf(symbol) != -1): null

2019-08-24 12:16:41 - [TEST_STEP][PASSED] - symbols = symbols: null

2019-08-24 12:16:41 - [TEST_STEP][PASSED] - for ([j = 0, j &lt; symbols.size(), (j++)]): null

2019-08-24 12:16:41 - [TEST_STEP][PASSED] - symbol = symbol: null

2019-08-24 12:16:41 - [TEST_STEP][PASSED] - println(symbol): null

2019-08-24 12:16:41 - [TEST_STEP][PASSED] - if (i == 2 &amp;&amp; wildList.indexOf(symbol) != -1): null

2019-08-24 12:16:41 - [TEST_STEP][PASSED] - if (i == 3 &amp;&amp; wildList.indexOf(symbol) != -1): null

2019-08-24 12:16:41 - [TEST_STEP][PASSED] - if (i == 4 &amp;&amp; wildList.indexOf(symbol) != -1): null

2019-08-24 12:16:41 - [TEST_STEP][PASSED] - symbol = symbol: null

2019-08-24 12:16:41 - [TEST_STEP][PASSED] - println(symbol): null

2019-08-24 12:16:41 - [TEST_STEP][PASSED] - if (i == 2 &amp;&amp; wildList.indexOf(symbol) != -1): null

2019-08-24 12:16:41 - [TEST_STEP][PASSED] - if (i == 3 &amp;&amp; wildList.indexOf(symbol) != -1): null

2019-08-24 12:16:41 - [TEST_STEP][PASSED] - if (i == 4 &amp;&amp; wildList.indexOf(symbol) != -1): null

2019-08-24 12:16:41 - [TEST_STEP][PASSED] - symbol = symbol: null

2019-08-24 12:16:41 - [TEST_STEP][PASSED] - println(symbol): null

2019-08-24 12:16:41 - [TEST_STEP][PASSED] - if (i == 2 &amp;&amp; wildList.indexOf(symbol) != -1): null

2019-08-24 12:16:41 - [TEST_STEP][PASSED] - if (i == 3 &amp;&amp; wildList.indexOf(symbol) != -1): null

2019-08-24 12:16:41 - [TEST_STEP][PASSED] - if (i == 4 &amp;&amp; wildList.indexOf(symbol) != -1): null

2019-08-24 12:16:41 - [TEST_STEP][PASSED] - free_spin_reel_counter = free_spin_reel_counter: null

2019-08-24 12:16:41 - [TEST_STEP][PASSED] - println("reel 3 wild found: " + free_spin_reel_counter[0]): null

2019-08-24 12:16:41 - [TEST_STEP][PASSED] - println("reel 4 wild found: " + free_spin_reel_counter[1]): null

2019-08-24 12:16:41 - [TEST_STEP][PASSED] - println("reel 5 wild found: " + free_spin_reel_counter[2]): null

2019-08-24 12:16:41 - [TEST_STEP][PASSED] - M4_spin_reels = M4_spin_reels: null

2019-08-24 12:16:41 - [TEST_STEP][PASSED] - M4_spin_reels_symbols = symbol: null

2019-08-24 12:16:41 - [TEST_STEP][PASSED] - M4_spin_reels_symbols = M4_spin_reels_symbols: null

2019-08-24 12:16:41 - [TEST_STEP][PASSED] - M4_spin_reel_wins = reel_wins: null

2019-08-24 12:16:41 - [TEST_STEP][PASSED] - M4_spin_reel_wins = M4_spin_reel_wins: null

2019-08-24 12:16:41 - [TEST_STEP][PASSED] - println("GlobalVariable.M4_spin_reel_wins is: " + M4_spin_reel_wins): null

2019-08-24 12:16:41 - [TEST_STEP][PASSED] - M4_spin_total_bonus_win_this_round = total_bonus_win_this_round: null

2019-08-24 12:16:41 - [TEST_STEP][PASSED] - M4_spin_total_bonus_win_this_round = M4_spin_total_bonus_win_this_round: null

2019-08-24 12:16:41 - [TEST_STEP][PASSED] - println("GlobalVariable.M4_spin_total_bonus_win_this_round is: " + M4_spin_total_bonus_win_this_round): null

2019-08-24 12:16:41 - [TEST_STEP][PASSED] - M4_spin_bonus_spin_result = spin_result: null

2019-08-24 12:16:41 - [TEST_STEP][PASSED] - M4_spin_bonus_spin_result = M4_spin_bonus_spin_result: null

2019-08-24 12:16:41 - [MESSAGE][PASSED] - Verify response successfully

2019-08-24 12:16:41 - [MESSAGE][PASSED] - Send request and verify the response successfully

2019-08-24 12:16:41 - [TEST_STEP][PASSED] - if (M4_total_bonus_spins_int != 0 &amp;&amp; M4_spin_reels_symbols[2].contains("WILD_ExtraFG") || M4_spin_reels_symbols[3].contains("WILD_ExtraFG")): null

2019-08-24 12:16:41 - [TEST_STEP][PASSED] - free_spin_reel_counter = free_spin_reel_counter: null

2019-08-24 12:16:41 - [TEST_STEP][PASSED] - M4_spin_reels_symbols = M4_spin_reels_symbols: null

2019-08-24 12:16:41 - [TEST_STEP][PASSED] - M4_total_bonus_spins = M4_total_bonus_spins: null

2019-08-24 12:16:41 - [TEST_STEP][PASSED] - spin_result = sendRequestAndVerify(findTestObject("INT/RGS(M4)/1_M4_spin", ["M4_login_user_id":M4_login_user_id, "rgs_session_token":rgs_session_token, "partner":Partner])): Send request and verify the response successfully

2019-08-24 12:16:42 - [MESSAGE][INFO] - HAR: /Users/eiralee/Katalon_Script/SuperWild/Reports/20190824_120919/INT/superWild_3/20190824_120919/requests/main/125.har

2019-08-24 12:16:42 - [TEST_CASE][PASSED] - Start Test Case : Verification: Verification accomplished successfully

2019-08-24 12:16:42 - [TEST_STEP][PASSED] - request = getInstance().getCurrentRequest(): null

2019-08-24 12:16:42 - [TEST_STEP][PASSED] - response = getInstance().getCurrentResponse(): null

2019-08-24 12:16:42 - [TEST_STEP][PASSED] - verifyResponseStatusCode(response, 200): Verify response status code successfully

2019-08-24 12:16:42 - [MESSAGE][PASSED] - Verify response status code successfully

2019-08-24 12:16:42 - [TEST_STEP][PASSED] - getStatusCode()).isEqualTo(200): null

2019-08-24 12:16:42 - [TEST_STEP][PASSED] - newline = System.getProperty("line.separator"): null

2019-08-24 12:16:42 - [TEST_STEP][PASSED] - M4_spin = new groovy.json.JsonSlurper(): null

2019-08-24 12:16:42 - [TEST_STEP][PASSED] - result_M4_spin = M4_spin.parseText(response.getResponseBodyContent()): null

2019-08-24 12:16:42 - [TEST_STEP][PASSED] - M4_spin_current_balance = current_balance: null

2019-08-24 12:16:42 - [TEST_STEP][PASSED] - M4_spin_current_balance = M4_spin_current_balance: null

2019-08-24 12:16:42 - [TEST_STEP][PASSED] - M4_spin_transaction_id = causality: null

2019-08-24 12:16:42 - [TEST_STEP][PASSED] - M4_spin_transaction_id = M4_spin_transaction_id: null

2019-08-24 12:16:42 - [TEST_STEP][PASSED] - M4_spin_round_id = round_id: null

2019-08-24 12:16:42 - [TEST_STEP][PASSED] - M4_spin_round_id = M4_spin_round_id: null

2019-08-24 12:16:42 - [TEST_STEP][PASSED] - M4_spin_line_wins = line_wins: null

2019-08-24 12:16:42 - [TEST_STEP][PASSED] - M4_spin_line_wins = M4_spin_line_wins: null

2019-08-24 12:16:42 - [TEST_STEP][PASSED] - M4_total_bonus_spins_int = total_bonus_spins: null

2019-08-24 12:16:42 - [TEST_STEP][PASSED] - println("******M4_total_bonus_spins type is:*******" + newline + getClass().getName()): null

2019-08-24 12:16:42 - [TEST_STEP][PASSED] - M4_total_bonus_spins_int = M4_total_bonus_spins_int: null

2019-08-24 12:16:42 - [TEST_STEP][PASSED] - M4_total_bonus_spins = Integer.toString(M4_total_bonus_spins_int): null

2019-08-24 12:16:42 - [TEST_STEP][PASSED] - M4_total_bonus_spins = M4_total_bonus_spins: null

2019-08-24 12:16:42 - [TEST_STEP][PASSED] - println("M4_total_bonus_spins is:" + M4_total_bonus_spins): null

2019-08-24 12:16:42 - [TEST_STEP][PASSED] - M4_spin_bonus_data = bonus_data: null

2019-08-24 12:16:42 - [TEST_STEP][PASSED] - M4_spin_features_triggered = result_M4_spin: null

2019-08-24 12:16:42 - [TEST_STEP][PASSED] - wild = []: null

2019-08-24 12:16:42 - [TEST_STEP][PASSED] - wild[0] = "WILD_Expanding": null

2019-08-24 12:16:42 - [TEST_STEP][PASSED] - wild[1] = "WILD_Normal": null

2019-08-24 12:16:42 - [TEST_STEP][PASSED] - wild[2] = "WILD_Double": null

2019-08-24 12:16:42 - [TEST_STEP][PASSED] - wild[3] = "WILD_ExtraFG": null

2019-08-24 12:16:42 - [TEST_STEP][PASSED] - wild[4] = "WILD_Triple": null

2019-08-24 12:16:42 - [TEST_STEP][PASSED] - wildList = Arrays.asList(wild): null

2019-08-24 12:16:42 - [TEST_STEP][PASSED] - wildList = wildList: null

2019-08-24 12:16:42 - [TEST_STEP][PASSED] - free_spin_reel_counter = []: null

2019-08-24 12:16:42 - [TEST_STEP][PASSED] - free_spin_reel_counter[0] = 0: null

2019-08-24 12:16:42 - [TEST_STEP][PASSED] - free_spin_reel_counter[1] = 0: null

2019-08-24 12:16:42 - [TEST_STEP][PASSED] - free_spin_reel_counter[2] = 0: null

2019-08-24 12:16:42 - [TEST_STEP][PASSED] - M4_spin_reels = reels: null

2019-08-24 12:16:42 - [TEST_STEP][PASSED] - for ([i = 0, i &lt; M4_spin_reels.size(), (i++)]): null

2019-08-24 12:16:42 - [TEST_STEP][PASSED] - symbols = symbols: null

2019-08-24 12:16:42 - [TEST_STEP][PASSED] - for ([j = 0, j &lt; symbols.size(), (j++)]): null

2019-08-24 12:16:42 - [TEST_STEP][PASSED] - symbol = symbol: null

2019-08-24 12:16:42 - [TEST_STEP][PASSED] - println(symbol): null

2019-08-24 12:16:42 - [TEST_STEP][PASSED] - if (i == 2 &amp;&amp; wildList.indexOf(symbol) != -1): null

2019-08-24 12:16:42 - [TEST_STEP][PASSED] - if (i == 3 &amp;&amp; wildList.indexOf(symbol) != -1): null

2019-08-24 12:16:42 - [TEST_STEP][PASSED] - if (i == 4 &amp;&amp; wildList.indexOf(symbol) != -1): null

2019-08-24 12:16:42 - [TEST_STEP][PASSED] - symbol = symbol: null

2019-08-24 12:16:42 - [TEST_STEP][PASSED] - println(symbol): null

2019-08-24 12:16:42 - [TEST_STEP][PASSED] - if (i == 2 &amp;&amp; wildList.indexOf(symbol) != -1): null

2019-08-24 12:16:42 - [TEST_STEP][PASSED] - if (i == 3 &amp;&amp; wildList.indexOf(symbol) != -1): null

2019-08-24 12:16:42 - [TEST_STEP][PASSED] - if (i == 4 &amp;&amp; wildList.indexOf(symbol) != -1): null

2019-08-24 12:16:42 - [TEST_STEP][PASSED] - symbol = symbol: null

2019-08-24 12:16:42 - [TEST_STEP][PASSED] - println(symbol): null

2019-08-24 12:16:42 - [TEST_STEP][PASSED] - if (i == 2 &amp;&amp; wildList.indexOf(symbol) != -1): null

2019-08-24 12:16:42 - [TEST_STEP][PASSED] - if (i == 3 &amp;&amp; wildList.indexOf(symbol) != -1): null

2019-08-24 12:16:42 - [TEST_STEP][PASSED] - if (i == 4 &amp;&amp; wildList.indexOf(symbol) != -1): null

2019-08-24 12:16:42 - [TEST_STEP][PASSED] - symbols = symbols: null

2019-08-24 12:16:42 - [TEST_STEP][PASSED] - for ([j = 0, j &lt; symbols.size(), (j++)]): null

2019-08-24 12:16:42 - [TEST_STEP][PASSED] - symbol = symbol: null

2019-08-24 12:16:42 - [TEST_STEP][PASSED] - println(symbol): null

2019-08-24 12:16:42 - [TEST_STEP][PASSED] - if (i == 2 &amp;&amp; wildList.indexOf(symbol) != -1): null

2019-08-24 12:16:42 - [TEST_STEP][PASSED] - if (i == 3 &amp;&amp; wildList.indexOf(symbol) != -1): null

2019-08-24 12:16:42 - [TEST_STEP][PASSED] - if (i == 4 &amp;&amp; wildList.indexOf(symbol) != -1): null

2019-08-24 12:16:42 - [TEST_STEP][PASSED] - symbol = symbol: null

2019-08-24 12:16:42 - [TEST_STEP][PASSED] - println(symbol): null

2019-08-24 12:16:42 - [TEST_STEP][PASSED] - if (i == 2 &amp;&amp; wildList.indexOf(symbol) != -1): null

2019-08-24 12:16:42 - [TEST_STEP][PASSED] - if (i == 3 &amp;&amp; wildList.indexOf(symbol) != -1): null

2019-08-24 12:16:42 - [TEST_STEP][PASSED] - if (i == 4 &amp;&amp; wildList.indexOf(symbol) != -1): null

2019-08-24 12:16:42 - [TEST_STEP][PASSED] - symbol = symbol: null

2019-08-24 12:16:42 - [TEST_STEP][PASSED] - println(symbol): null

2019-08-24 12:16:42 - [TEST_STEP][PASSED] - if (i == 2 &amp;&amp; wildList.indexOf(symbol) != -1): null

2019-08-24 12:16:42 - [TEST_STEP][PASSED] - if (i == 3 &amp;&amp; wildList.indexOf(symbol) != -1): null

2019-08-24 12:16:42 - [TEST_STEP][PASSED] - if (i == 4 &amp;&amp; wildList.indexOf(symbol) != -1): null

2019-08-24 12:16:42 - [TEST_STEP][PASSED] - symbols = symbols: null

2019-08-24 12:16:42 - [TEST_STEP][PASSED] - for ([j = 0, j &lt; symbols.size(), (j++)]): null

2019-08-24 12:16:42 - [TEST_STEP][PASSED] - symbol = symbol: null

2019-08-24 12:16:42 - [TEST_STEP][PASSED] - println(symbol): null

2019-08-24 12:16:42 - [TEST_STEP][PASSED] - if (i == 2 &amp;&amp; wildList.indexOf(symbol) != -1): null

2019-08-24 12:16:42 - [TEST_STEP][PASSED] - if (i == 3 &amp;&amp; wildList.indexOf(symbol) != -1): null

2019-08-24 12:16:42 - [TEST_STEP][PASSED] - if (i == 4 &amp;&amp; wildList.indexOf(symbol) != -1): null

2019-08-24 12:16:42 - [TEST_STEP][PASSED] - symbol = symbol: null

2019-08-24 12:16:42 - [TEST_STEP][PASSED] - println(symbol): null

2019-08-24 12:16:42 - [TEST_STEP][PASSED] - if (i == 2 &amp;&amp; wildList.indexOf(symbol) != -1): null

2019-08-24 12:16:42 - [TEST_STEP][PASSED] - if (i == 3 &amp;&amp; wildList.indexOf(symbol) != -1): null

2019-08-24 12:16:42 - [TEST_STEP][PASSED] - if (i == 4 &amp;&amp; wildList.indexOf(symbol) != -1): null

2019-08-24 12:16:42 - [TEST_STEP][PASSED] - symbol = symbol: null

2019-08-24 12:16:42 - [TEST_STEP][PASSED] - println(symbol): null

2019-08-24 12:16:42 - [TEST_STEP][PASSED] - if (i == 2 &amp;&amp; wildList.indexOf(symbol) != -1): null

2019-08-24 12:16:42 - [TEST_STEP][PASSED] - if (i == 3 &amp;&amp; wildList.indexOf(symbol) != -1): null

2019-08-24 12:16:42 - [TEST_STEP][PASSED] - if (i == 4 &amp;&amp; wildList.indexOf(symbol) != -1): null

2019-08-24 12:16:42 - [TEST_STEP][PASSED] - symbols = symbols: null

2019-08-24 12:16:42 - [TEST_STEP][PASSED] - for ([j = 0, j &lt; symbols.size(), (j++)]): null

2019-08-24 12:16:42 - [TEST_STEP][PASSED] - symbol = symbol: null

2019-08-24 12:16:42 - [TEST_STEP][PASSED] - println(symbol): null

2019-08-24 12:16:42 - [TEST_STEP][PASSED] - if (i == 2 &amp;&amp; wildList.indexOf(symbol) != -1): null

2019-08-24 12:16:42 - [TEST_STEP][PASSED] - if (i == 3 &amp;&amp; wildList.indexOf(symbol) != -1): null

2019-08-24 12:16:42 - [TEST_STEP][PASSED] - if (i == 4 &amp;&amp; wildList.indexOf(symbol) != -1): null

2019-08-24 12:16:42 - [TEST_STEP][PASSED] - symbol = symbol: null

2019-08-24 12:16:42 - [TEST_STEP][PASSED] - println(symbol): null

2019-08-24 12:16:42 - [TEST_STEP][PASSED] - if (i == 2 &amp;&amp; wildList.indexOf(symbol) != -1): null

2019-08-24 12:16:42 - [TEST_STEP][PASSED] - if (i == 3 &amp;&amp; wildList.indexOf(symbol) != -1): null

2019-08-24 12:16:42 - [TEST_STEP][PASSED] - if (i == 4 &amp;&amp; wildList.indexOf(symbol) != -1): null

2019-08-24 12:16:42 - [TEST_STEP][PASSED] - symbol = symbol: null

2019-08-24 12:16:42 - [TEST_STEP][PASSED] - println(symbol): null

2019-08-24 12:16:42 - [TEST_STEP][PASSED] - if (i == 2 &amp;&amp; wildList.indexOf(symbol) != -1): null

2019-08-24 12:16:42 - [TEST_STEP][PASSED] - if (i == 3 &amp;&amp; wildList.indexOf(symbol) != -1): null

2019-08-24 12:16:42 - [TEST_STEP][PASSED] - if (i == 4 &amp;&amp; wildList.indexOf(symbol) != -1): null

2019-08-24 12:16:42 - [TEST_STEP][PASSED] - symbols = symbols: null

2019-08-24 12:16:46 - [TEST_STEP][PASSED] - for ([j = 0, j &lt; symbols.size(), (j++)]): null

2019-08-24 12:16:46 - [TEST_STEP][PASSED] - symbol = symbol: null

2019-08-24 12:16:46 - [TEST_STEP][PASSED] - println(symbol): null

2019-08-24 12:16:46 - [TEST_STEP][PASSED] - if (i == 2 &amp;&amp; wildList.indexOf(symbol) != -1): null

2019-08-24 12:16:46 - [TEST_STEP][PASSED] - if (i == 3 &amp;&amp; wildList.indexOf(symbol) != -1): null

2019-08-24 12:16:46 - [TEST_STEP][PASSED] - if (i == 4 &amp;&amp; wildList.indexOf(symbol) != -1): null

2019-08-24 12:16:46 - [TEST_STEP][PASSED] - symbol = symbol: null

2019-08-24 12:16:46 - [TEST_STEP][PASSED] - println(symbol): null

2019-08-24 12:16:46 - [TEST_STEP][PASSED] - if (i == 2 &amp;&amp; wildList.indexOf(symbol) != -1): null

2019-08-24 12:16:46 - [TEST_STEP][PASSED] - if (i == 3 &amp;&amp; wildList.indexOf(symbol) != -1): null

2019-08-24 12:16:46 - [TEST_STEP][PASSED] - if (i == 4 &amp;&amp; wildList.indexOf(symbol) != -1): null

2019-08-24 12:16:49 - [TEST_STEP][PASSED] - symbol = symbol: null

2019-08-24 12:16:49 - [TEST_STEP][PASSED] - println(symbol): null

2019-08-24 12:16:49 - [TEST_STEP][PASSED] - if (i == 2 &amp;&amp; wildList.indexOf(symbol) != -1): null

2019-08-24 12:16:49 - [TEST_STEP][PASSED] - if (i == 3 &amp;&amp; wildList.indexOf(symbol) != -1): null

2019-08-24 12:16:49 - [TEST_STEP][PASSED] - if (i == 4 &amp;&amp; wildList.indexOf(symbol) != -1): null

2019-08-24 12:16:49 - [TEST_STEP][PASSED] - free_spin_reel_counter = free_spin_reel_counter: null

2019-08-24 12:16:49 - [TEST_STEP][PASSED] - println("reel 3 wild found: " + free_spin_reel_counter[0]): null

2019-08-24 12:16:49 - [TEST_STEP][PASSED] - println("reel 4 wild found: " + free_spin_reel_counter[1]): null

2019-08-24 12:16:49 - [TEST_STEP][PASSED] - println("reel 5 wild found: " + free_spin_reel_counter[2]): null

2019-08-24 12:16:49 - [TEST_STEP][PASSED] - M4_spin_reels = M4_spin_reels: null

2019-08-24 12:16:49 - [TEST_STEP][PASSED] - M4_spin_reels_symbols = symbol: null

2019-08-24 12:16:49 - [TEST_STEP][PASSED] - M4_spin_reels_symbols = M4_spin_reels_symbols: null

2019-08-24 12:16:49 - [TEST_STEP][PASSED] - M4_spin_reel_wins = reel_wins: null

2019-08-24 12:16:49 - [TEST_STEP][PASSED] - M4_spin_reel_wins = M4_spin_reel_wins: null

2019-08-24 12:16:49 - [TEST_STEP][PASSED] - println("GlobalVariable.M4_spin_reel_wins is: " + M4_spin_reel_wins): null

2019-08-24 12:16:49 - [TEST_STEP][PASSED] - M4_spin_total_bonus_win_this_round = total_bonus_win_this_round: null

2019-08-24 12:16:49 - [TEST_STEP][PASSED] - M4_spin_total_bonus_win_this_round = M4_spin_total_bonus_win_this_round: null

2019-08-24 12:16:49 - [TEST_STEP][PASSED] - println("GlobalVariable.M4_spin_total_bonus_win_this_round is: " + M4_spin_total_bonus_win_this_round): null

2019-08-24 12:16:49 - [TEST_STEP][PASSED] - M4_spin_bonus_spin_result = spin_result: null

2019-08-24 12:16:49 - [TEST_STEP][PASSED] - M4_spin_bonus_spin_result = M4_spin_bonus_spin_result: null

2019-08-24 12:16:49 - [MESSAGE][PASSED] - Verify response successfully

2019-08-24 12:16:49 - [MESSAGE][PASSED] - Send request and verify the response successfully

2019-08-24 12:16:49 - [TEST_STEP][PASSED] - if (M4_total_bonus_spins_int != 0 &amp;&amp; M4_spin_reels_symbols[2].contains("WILD_ExtraFG") || M4_spin_reels_symbols[3].contains("WILD_ExtraFG")): null

2019-08-24 12:16:49 - [TEST_STEP][PASSED] - free_spin_reel_counter = free_spin_reel_counter: null

2019-08-24 12:16:49 - [TEST_STEP][PASSED] - M4_spin_reels_symbols = M4_spin_reels_symbols: null

2019-08-24 12:16:49 - [TEST_STEP][PASSED] - M4_total_bonus_spins = M4_total_bonus_spins: null

2019-08-24 12:16:49 - [TEST_STEP][PASSED] - spin_result = sendRequestAndVerify(findTestObject("INT/RGS(M4)/1_M4_spin", ["M4_login_user_id":M4_login_user_id, "rgs_session_token":rgs_session_token, "partner":Partner])): Send request and verify the response successfully

2019-08-24 12:16:49 - [MESSAGE][INFO] - HAR: /Users/eiralee/Katalon_Script/SuperWild/Reports/20190824_120919/INT/superWild_3/20190824_120919/requests/main/126.har

2019-08-24 12:16:49 - [TEST_CASE][PASSED] - Start Test Case : Verification: Verification accomplished successfully

2019-08-24 12:16:49 - [TEST_STEP][PASSED] - request = getInstance().getCurrentRequest(): null

2019-08-24 12:16:49 - [TEST_STEP][PASSED] - response = getInstance().getCurrentResponse(): null

2019-08-24 12:16:49 - [TEST_STEP][PASSED] - verifyResponseStatusCode(response, 200): Verify response status code successfully

2019-08-24 12:16:49 - [MESSAGE][PASSED] - Verify response status code successfully

2019-08-24 12:16:49 - [TEST_STEP][PASSED] - getStatusCode()).isEqualTo(200): null

2019-08-24 12:16:49 - [TEST_STEP][PASSED] - newline = System.getProperty("line.separator"): null

2019-08-24 12:16:49 - [TEST_STEP][PASSED] - M4_spin = new groovy.json.JsonSlurper(): null

2019-08-24 12:16:49 - [TEST_STEP][PASSED] - result_M4_spin = M4_spin.parseText(response.getResponseBodyContent()): null

2019-08-24 12:16:49 - [TEST_STEP][PASSED] - M4_spin_current_balance = current_balance: null

2019-08-24 12:16:49 - [TEST_STEP][PASSED] - M4_spin_current_balance = M4_spin_current_balance: null

2019-08-24 12:16:49 - [TEST_STEP][PASSED] - M4_spin_transaction_id = causality: null

2019-08-24 12:16:49 - [TEST_STEP][PASSED] - M4_spin_transaction_id = M4_spin_transaction_id: null

2019-08-24 12:16:49 - [TEST_STEP][PASSED] - M4_spin_round_id = round_id: null

2019-08-24 12:16:49 - [TEST_STEP][PASSED] - M4_spin_round_id = M4_spin_round_id: null

2019-08-24 12:16:49 - [TEST_STEP][PASSED] - M4_spin_line_wins = line_wins: null

2019-08-24 12:16:49 - [TEST_STEP][PASSED] - M4_spin_line_wins = M4_spin_line_wins: null

2019-08-24 12:16:49 - [TEST_STEP][PASSED] - M4_total_bonus_spins_int = total_bonus_spins: null

2019-08-24 12:16:49 - [TEST_STEP][PASSED] - println("******M4_total_bonus_spins type is:*******" + newline + getClass().getName()): null

2019-08-24 12:16:49 - [TEST_STEP][PASSED] - M4_total_bonus_spins_int = M4_total_bonus_spins_int: null

2019-08-24 12:16:49 - [TEST_STEP][PASSED] - M4_total_bonus_spins = Integer.toString(M4_total_bonus_spins_int): null

2019-08-24 12:16:49 - [TEST_STEP][PASSED] - M4_total_bonus_spins = M4_total_bonus_spins: null

2019-08-24 12:16:49 - [TEST_STEP][PASSED] - println("M4_total_bonus_spins is:" + M4_total_bonus_spins): null

2019-08-24 12:16:49 - [TEST_STEP][PASSED] - M4_spin_bonus_data = bonus_data: null

2019-08-24 12:16:49 - [TEST_STEP][PASSED] - M4_spin_features_triggered = result_M4_spin: null

2019-08-24 12:16:49 - [TEST_STEP][PASSED] - wild = []: null

2019-08-24 12:16:49 - [TEST_STEP][PASSED] - wild[0] = "WILD_Expanding": null

2019-08-24 12:16:49 - [TEST_STEP][PASSED] - wild[1] = "WILD_Normal": null

2019-08-24 12:16:49 - [TEST_STEP][PASSED] - wild[2] = "WILD_Double": null

2019-08-24 12:16:49 - [TEST_STEP][PASSED] - wild[3] = "WILD_ExtraFG": null

2019-08-24 12:16:49 - [TEST_STEP][PASSED] - wild[4] = "WILD_Triple": null

2019-08-24 12:16:49 - [TEST_STEP][PASSED] - wildList = Arrays.asList(wild): null

2019-08-24 12:16:49 - [TEST_STEP][PASSED] - wildList = wildList: null

2019-08-24 12:16:49 - [TEST_STEP][PASSED] - free_spin_reel_counter = []: null

2019-08-24 12:16:49 - [TEST_STEP][PASSED] - free_spin_reel_counter[0] = 0: null

2019-08-24 12:16:49 - [TEST_STEP][PASSED] - free_spin_reel_counter[1] = 0: null

2019-08-24 12:16:49 - [TEST_STEP][PASSED] - free_spin_reel_counter[2] = 0: null

2019-08-24 12:16:49 - [TEST_STEP][PASSED] - M4_spin_reels = reels: null

2019-08-24 12:16:49 - [TEST_STEP][PASSED] - for ([i = 0, i &lt; M4_spin_reels.size(), (i++)]): null

2019-08-24 12:16:49 - [TEST_STEP][PASSED] - symbols = symbols: null

2019-08-24 12:16:49 - [TEST_STEP][PASSED] - for ([j = 0, j &lt; symbols.size(), (j++)]): null

2019-08-24 12:16:49 - [TEST_STEP][PASSED] - symbol = symbol: null

2019-08-24 12:16:49 - [TEST_STEP][PASSED] - println(symbol): null

2019-08-24 12:16:49 - [TEST_STEP][PASSED] - if (i == 2 &amp;&amp; wildList.indexOf(symbol) != -1): null

2019-08-24 12:16:49 - [TEST_STEP][PASSED] - if (i == 3 &amp;&amp; wildList.indexOf(symbol) != -1): null

2019-08-24 12:16:49 - [TEST_STEP][PASSED] - if (i == 4 &amp;&amp; wildList.indexOf(symbol) != -1): null

2019-08-24 12:16:49 - [TEST_STEP][PASSED] - symbol = symbol: null

2019-08-24 12:16:49 - [TEST_STEP][PASSED] - println(symbol): null

2019-08-24 12:16:49 - [TEST_STEP][PASSED] - if (i == 2 &amp;&amp; wildList.indexOf(symbol) != -1): null

2019-08-24 12:16:49 - [TEST_STEP][PASSED] - if (i == 3 &amp;&amp; wildList.indexOf(symbol) != -1): null

2019-08-24 12:16:49 - [TEST_STEP][PASSED] - if (i == 4 &amp;&amp; wildList.indexOf(symbol) != -1): null

2019-08-24 12:16:49 - [TEST_STEP][PASSED] - symbol = symbol: null

2019-08-24 12:16:49 - [TEST_STEP][PASSED] - println(symbol): null

2019-08-24 12:16:49 - [TEST_STEP][PASSED] - if (i == 2 &amp;&amp; wildList.indexOf(symbol) != -1): null

2019-08-24 12:16:49 - [TEST_STEP][PASSED] - if (i == 3 &amp;&amp; wildList.indexOf(symbol) != -1): null

2019-08-24 12:16:49 - [TEST_STEP][PASSED] - if (i == 4 &amp;&amp; wildList.indexOf(symbol) != -1): null

2019-08-24 12:16:49 - [TEST_STEP][PASSED] - symbols = symbols: null

2019-08-24 12:16:49 - [TEST_STEP][PASSED] - for ([j = 0, j &lt; symbols.size(), (j++)]): null

2019-08-24 12:16:49 - [TEST_STEP][PASSED] - symbol = symbol: null

2019-08-24 12:16:49 - [TEST_STEP][PASSED] - println(symbol): null

2019-08-24 12:16:49 - [TEST_STEP][PASSED] - if (i == 2 &amp;&amp; wildList.indexOf(symbol) != -1): null

2019-08-24 12:16:49 - [TEST_STEP][PASSED] - if (i == 3 &amp;&amp; wildList.indexOf(symbol) != -1): null

2019-08-24 12:16:49 - [TEST_STEP][PASSED] - if (i == 4 &amp;&amp; wildList.indexOf(symbol) != -1): null

2019-08-24 12:16:49 - [TEST_STEP][PASSED] - symbol = symbol: null

2019-08-24 12:16:49 - [TEST_STEP][PASSED] - println(symbol): null

2019-08-24 12:16:49 - [TEST_STEP][PASSED] - if (i == 2 &amp;&amp; wildList.indexOf(symbol) != -1): null

2019-08-24 12:16:49 - [TEST_STEP][PASSED] - if (i == 3 &amp;&amp; wildList.indexOf(symbol) != -1): null

2019-08-24 12:16:49 - [TEST_STEP][PASSED] - if (i == 4 &amp;&amp; wildList.indexOf(symbol) != -1): null

2019-08-24 12:16:49 - [TEST_STEP][PASSED] - symbol = symbol: null

2019-08-24 12:16:49 - [TEST_STEP][PASSED] - println(symbol): null

2019-08-24 12:16:49 - [TEST_STEP][PASSED] - if (i == 2 &amp;&amp; wildList.indexOf(symbol) != -1): null

2019-08-24 12:16:49 - [TEST_STEP][PASSED] - if (i == 3 &amp;&amp; wildList.indexOf(symbol) != -1): null

2019-08-24 12:16:49 - [TEST_STEP][PASSED] - if (i == 4 &amp;&amp; wildList.indexOf(symbol) != -1): null

2019-08-24 12:16:49 - [TEST_STEP][PASSED] - symbols = symbols: null

2019-08-24 12:16:49 - [TEST_STEP][PASSED] - for ([j = 0, j &lt; symbols.size(), (j++)]): null

2019-08-24 12:16:49 - [TEST_STEP][PASSED] - symbol = symbol: null

2019-08-24 12:16:49 - [TEST_STEP][PASSED] - println(symbol): null

2019-08-24 12:16:49 - [TEST_STEP][PASSED] - if (i == 2 &amp;&amp; wildList.indexOf(symbol) != -1): null

2019-08-24 12:16:49 - [TEST_STEP][PASSED] - if (i == 3 &amp;&amp; wildList.indexOf(symbol) != -1): null

2019-08-24 12:16:49 - [TEST_STEP][PASSED] - if (i == 4 &amp;&amp; wildList.indexOf(symbol) != -1): null

2019-08-24 12:16:49 - [TEST_STEP][PASSED] - symbol = symbol: null

2019-08-24 12:16:49 - [TEST_STEP][PASSED] - println(symbol): null

2019-08-24 12:16:49 - [TEST_STEP][PASSED] - if (i == 2 &amp;&amp; wildList.indexOf(symbol) != -1): null

2019-08-24 12:16:49 - [TEST_STEP][PASSED] - if (i == 3 &amp;&amp; wildList.indexOf(symbol) != -1): null

2019-08-24 12:16:49 - [TEST_STEP][PASSED] - if (i == 4 &amp;&amp; wildList.indexOf(symbol) != -1): null

2019-08-24 12:16:49 - [TEST_STEP][PASSED] - symbol = symbol: null

2019-08-24 12:16:49 - [TEST_STEP][PASSED] - println(symbol): null

2019-08-24 12:16:49 - [TEST_STEP][PASSED] - if (i == 2 &amp;&amp; wildList.indexOf(symbol) != -1): null

2019-08-24 12:16:49 - [TEST_STEP][PASSED] - if (i == 3 &amp;&amp; wildList.indexOf(symbol) != -1): null

2019-08-24 12:16:49 - [TEST_STEP][PASSED] - if (i == 4 &amp;&amp; wildList.indexOf(symbol) != -1): null

2019-08-24 12:16:49 - [TEST_STEP][PASSED] - symbols = symbols: null

2019-08-24 12:16:49 - [TEST_STEP][PASSED] - for ([j = 0, j &lt; symbols.size(), (j++)]): null

2019-08-24 12:16:49 - [TEST_STEP][PASSED] - symbol = symbol: null

2019-08-24 12:16:49 - [TEST_STEP][PASSED] - println(symbol): null

2019-08-24 12:16:49 - [TEST_STEP][PASSED] - if (i == 2 &amp;&amp; wildList.indexOf(symbol) != -1): null

2019-08-24 12:16:49 - [TEST_STEP][PASSED] - if (i == 3 &amp;&amp; wildList.indexOf(symbol) != -1): null

2019-08-24 12:16:49 - [TEST_STEP][PASSED] - if (i == 4 &amp;&amp; wildList.indexOf(symbol) != -1): null

2019-08-24 12:16:49 - [TEST_STEP][PASSED] - symbol = symbol: null

2019-08-24 12:16:49 - [TEST_STEP][PASSED] - println(symbol): null

2019-08-24 12:16:49 - [TEST_STEP][PASSED] - if (i == 2 &amp;&amp; wildList.indexOf(symbol) != -1): null

2019-08-24 12:16:49 - [TEST_STEP][PASSED] - if (i == 3 &amp;&amp; wildList.indexOf(symbol) != -1): null

2019-08-24 12:16:49 - [TEST_STEP][PASSED] - if (i == 4 &amp;&amp; wildList.indexOf(symbol) != -1): null

2019-08-24 12:16:49 - [TEST_STEP][PASSED] - symbol = symbol: null

2019-08-24 12:16:49 - [TEST_STEP][PASSED] - println(symbol): null

2019-08-24 12:16:49 - [TEST_STEP][PASSED] - if (i == 2 &amp;&amp; wildList.indexOf(symbol) != -1): null

2019-08-24 12:16:49 - [TEST_STEP][PASSED] - if (i == 3 &amp;&amp; wildList.indexOf(symbol) != -1): null

2019-08-24 12:16:49 - [TEST_STEP][PASSED] - if (i == 4 &amp;&amp; wildList.indexOf(symbol) != -1): null

2019-08-24 12:16:49 - [TEST_STEP][PASSED] - symbols = symbols: null

2019-08-24 12:16:49 - [TEST_STEP][PASSED] - for ([j = 0, j &lt; symbols.size(), (j++)]): null

2019-08-24 12:16:49 - [TEST_STEP][PASSED] - symbol = symbol: null

2019-08-24 12:16:49 - [TEST_STEP][PASSED] - println(symbol): null

2019-08-24 12:16:49 - [TEST_STEP][PASSED] - if (i == 2 &amp;&amp; wildList.indexOf(symbol) != -1): null

2019-08-24 12:16:49 - [TEST_STEP][PASSED] - if (i == 3 &amp;&amp; wildList.indexOf(symbol) != -1): null

2019-08-24 12:16:49 - [TEST_STEP][PASSED] - if (i == 4 &amp;&amp; wildList.indexOf(symbol) != -1): null

2019-08-24 12:16:49 - [TEST_STEP][PASSED] - symbol = symbol: null

2019-08-24 12:16:49 - [TEST_STEP][PASSED] - println(symbol): null

2019-08-24 12:16:49 - [TEST_STEP][PASSED] - if (i == 2 &amp;&amp; wildList.indexOf(symbol) != -1): null

2019-08-24 12:16:49 - [TEST_STEP][PASSED] - if (i == 3 &amp;&amp; wildList.indexOf(symbol) != -1): null

2019-08-24 12:16:49 - [TEST_STEP][PASSED] - if (i == 4 &amp;&amp; wildList.indexOf(symbol) != -1): null

2019-08-24 12:16:49 - [TEST_STEP][PASSED] - symbol = symbol: null

2019-08-24 12:16:49 - [TEST_STEP][PASSED] - println(symbol): null

2019-08-24 12:16:49 - [TEST_STEP][PASSED] - if (i == 2 &amp;&amp; wildList.indexOf(symbol) != -1): null

2019-08-24 12:16:49 - [TEST_STEP][PASSED] - if (i == 3 &amp;&amp; wildList.indexOf(symbol) != -1): null

2019-08-24 12:16:49 - [TEST_STEP][PASSED] - if (i == 4 &amp;&amp; wildList.indexOf(symbol) != -1): null

2019-08-24 12:16:49 - [TEST_STEP][PASSED] - free_spin_reel_counter = free_spin_reel_counter: null

2019-08-24 12:16:49 - [TEST_STEP][PASSED] - println("reel 3 wild found: " + free_spin_reel_counter[0]): null

2019-08-24 12:16:49 - [TEST_STEP][PASSED] - println("reel 4 wild found: " + free_spin_reel_counter[1]): null

2019-08-24 12:16:49 - [TEST_STEP][PASSED] - println("reel 5 wild found: " + free_spin_reel_counter[2]): null

2019-08-24 12:16:49 - [TEST_STEP][PASSED] - M4_spin_reels = M4_spin_reels: null

2019-08-24 12:16:49 - [TEST_STEP][PASSED] - M4_spin_reels_symbols = symbol: null

2019-08-24 12:16:49 - [TEST_STEP][PASSED] - M4_spin_reels_symbols = M4_spin_reels_symbols: null

2019-08-24 12:16:49 - [TEST_STEP][PASSED] - M4_spin_reel_wins = reel_wins: null

2019-08-24 12:16:49 - [TEST_STEP][PASSED] - M4_spin_reel_wins = M4_spin_reel_wins: null

2019-08-24 12:16:49 - [TEST_STEP][PASSED] - println("GlobalVariable.M4_spin_reel_wins is: " + M4_spin_reel_wins): null

2019-08-24 12:16:49 - [TEST_STEP][PASSED] - M4_spin_total_bonus_win_this_round = total_bonus_win_this_round: null

2019-08-24 12:16:49 - [TEST_STEP][PASSED] - M4_spin_total_bonus_win_this_round = M4_spin_total_bonus_win_this_round: null

2019-08-24 12:16:49 - [TEST_STEP][PASSED] - println("GlobalVariable.M4_spin_total_bonus_win_this_round is: " + M4_spin_total_bonus_win_this_round): null

2019-08-24 12:16:49 - [TEST_STEP][PASSED] - M4_spin_bonus_spin_result = spin_result: null

2019-08-24 12:16:49 - [TEST_STEP][PASSED] - M4_spin_bonus_spin_result = M4_spin_bonus_spin_result: null

2019-08-24 12:16:49 - [MESSAGE][PASSED] - Verify response successfully

2019-08-24 12:16:49 - [MESSAGE][PASSED] - Send request and verify the response successfully

2019-08-24 12:16:49 - [TEST_STEP][PASSED] - if (M4_total_bonus_spins_int != 0 &amp;&amp; M4_spin_reels_symbols[2].contains("WILD_ExtraFG") || M4_spin_reels_symbols[3].contains("WILD_ExtraFG")): null

2019-08-24 12:16:49 - [TEST_STEP][PASSED] - free_spin_reel_counter = free_spin_reel_counter: null

2019-08-24 12:16:49 - [TEST_STEP][PASSED] - M4_spin_reels_symbols = M4_spin_reels_symbols: null

2019-08-24 12:16:49 - [TEST_STEP][PASSED] - M4_total_bonus_spins = M4_total_bonus_spins: null

2019-08-24 12:16:49 - [TEST_STEP][PASSED] - spin_result = sendRequestAndVerify(findTestObject("INT/RGS(M4)/1_M4_spin", ["M4_login_user_id":M4_login_user_id, "rgs_session_token":rgs_session_token, "partner":Partner])): Send request and verify the response successfully

2019-08-24 12:16:49 - [MESSAGE][INFO] - HAR: /Users/eiralee/Katalon_Script/SuperWild/Reports/20190824_120919/INT/superWild_3/20190824_120919/requests/main/127.har

2019-08-24 12:16:50 - [TEST_CASE][PASSED] - Start Test Case : Verification: Verification accomplished successfully

2019-08-24 12:16:50 - [TEST_STEP][PASSED] - request = getInstance().getCurrentRequest(): null

2019-08-24 12:16:50 - [TEST_STEP][PASSED] - response = getInstance().getCurrentResponse(): null

2019-08-24 12:16:50 - [TEST_STEP][PASSED] - verifyResponseStatusCode(response, 200): Verify response status code successfully

2019-08-24 12:16:50 - [MESSAGE][PASSED] - Verify response status code successfully

2019-08-24 12:16:50 - [TEST_STEP][PASSED] - getStatusCode()).isEqualTo(200): null

2019-08-24 12:16:50 - [TEST_STEP][PASSED] - newline = System.getProperty("line.separator"): null

2019-08-24 12:16:50 - [TEST_STEP][PASSED] - M4_spin = new groovy.json.JsonSlurper(): null

2019-08-24 12:16:50 - [TEST_STEP][PASSED] - result_M4_spin = M4_spin.parseText(response.getResponseBodyContent()): null

2019-08-24 12:16:50 - [TEST_STEP][PASSED] - M4_spin_current_balance = current_balance: null

2019-08-24 12:16:50 - [TEST_STEP][PASSED] - M4_spin_current_balance = M4_spin_current_balance: null

2019-08-24 12:16:50 - [TEST_STEP][PASSED] - M4_spin_transaction_id = causality: null

2019-08-24 12:16:50 - [TEST_STEP][PASSED] - M4_spin_transaction_id = M4_spin_transaction_id: null

2019-08-24 12:16:50 - [TEST_STEP][PASSED] - M4_spin_round_id = round_id: null

2019-08-24 12:16:50 - [TEST_STEP][PASSED] - M4_spin_round_id = M4_spin_round_id: null

2019-08-24 12:16:50 - [TEST_STEP][PASSED] - M4_spin_line_wins = line_wins: null

2019-08-24 12:16:50 - [TEST_STEP][PASSED] - M4_spin_line_wins = M4_spin_line_wins: null

2019-08-24 12:16:50 - [TEST_STEP][PASSED] - M4_total_bonus_spins_int = total_bonus_spins: null

2019-08-24 12:16:50 - [TEST_STEP][PASSED] - println("******M4_total_bonus_spins type is:*******" + newline + getClass().getName()): null

2019-08-24 12:16:50 - [TEST_STEP][PASSED] - M4_total_bonus_spins_int = M4_total_bonus_spins_int: null

2019-08-24 12:16:50 - [TEST_STEP][PASSED] - M4_total_bonus_spins = Integer.toString(M4_total_bonus_spins_int): null

2019-08-24 12:16:50 - [TEST_STEP][PASSED] - M4_total_bonus_spins = M4_total_bonus_spins: null

2019-08-24 12:16:50 - [TEST_STEP][PASSED] - println("M4_total_bonus_spins is:" + M4_total_bonus_spins): null

2019-08-24 12:16:50 - [TEST_STEP][PASSED] - M4_spin_bonus_data = bonus_data: null

2019-08-24 12:16:50 - [TEST_STEP][PASSED] - M4_spin_features_triggered = result_M4_spin: null

2019-08-24 12:16:50 - [TEST_STEP][PASSED] - wild = []: null

2019-08-24 12:16:50 - [TEST_STEP][PASSED] - wild[0] = "WILD_Expanding": null

2019-08-24 12:16:50 - [TEST_STEP][PASSED] - wild[1] = "WILD_Normal": null

2019-08-24 12:16:50 - [TEST_STEP][PASSED] - wild[2] = "WILD_Double": null

2019-08-24 12:16:50 - [TEST_STEP][PASSED] - wild[3] = "WILD_ExtraFG": null

2019-08-24 12:16:50 - [TEST_STEP][PASSED] - wild[4] = "WILD_Triple": null

2019-08-24 12:16:50 - [TEST_STEP][PASSED] - wildList = Arrays.asList(wild): null

2019-08-24 12:16:50 - [TEST_STEP][PASSED] - wildList = wildList: null

2019-08-24 12:16:50 - [TEST_STEP][PASSED] - free_spin_reel_counter = []: null

2019-08-24 12:16:50 - [TEST_STEP][PASSED] - free_spin_reel_counter[0] = 0: null

2019-08-24 12:16:50 - [TEST_STEP][PASSED] - free_spin_reel_counter[1] = 0: null

2019-08-24 12:16:50 - [TEST_STEP][PASSED] - free_spin_reel_counter[2] = 0: null

2019-08-24 12:16:50 - [TEST_STEP][PASSED] - M4_spin_reels = reels: null

2019-08-24 12:16:50 - [TEST_STEP][PASSED] - for ([i = 0, i &lt; M4_spin_reels.size(), (i++)]): null

2019-08-24 12:16:50 - [TEST_STEP][PASSED] - symbols = symbols: null

2019-08-24 12:16:50 - [TEST_STEP][PASSED] - for ([j = 0, j &lt; symbols.size(), (j++)]): null

2019-08-24 12:16:50 - [TEST_STEP][PASSED] - symbol = symbol: null

2019-08-24 12:16:50 - [TEST_STEP][PASSED] - println(symbol): null

2019-08-24 12:16:50 - [TEST_STEP][PASSED] - if (i == 2 &amp;&amp; wildList.indexOf(symbol) != -1): null

2019-08-24 12:16:50 - [TEST_STEP][PASSED] - if (i == 3 &amp;&amp; wildList.indexOf(symbol) != -1): null

2019-08-24 12:16:50 - [TEST_STEP][PASSED] - if (i == 4 &amp;&amp; wildList.indexOf(symbol) != -1): null

2019-08-24 12:16:50 - [TEST_STEP][PASSED] - symbol = symbol: null

2019-08-24 12:16:50 - [TEST_STEP][PASSED] - println(symbol): null

2019-08-24 12:16:50 - [TEST_STEP][PASSED] - if (i == 2 &amp;&amp; wildList.indexOf(symbol) != -1): null

2019-08-24 12:16:50 - [TEST_STEP][PASSED] - if (i == 3 &amp;&amp; wildList.indexOf(symbol) != -1): null

2019-08-24 12:16:50 - [TEST_STEP][PASSED] - if (i == 4 &amp;&amp; wildList.indexOf(symbol) != -1): null

2019-08-24 12:16:50 - [TEST_STEP][PASSED] - symbol = symbol: null

2019-08-24 12:16:50 - [TEST_STEP][PASSED] - println(symbol): null

2019-08-24 12:16:50 - [TEST_STEP][PASSED] - if (i == 2 &amp;&amp; wildList.indexOf(symbol) != -1): null

2019-08-24 12:16:50 - [TEST_STEP][PASSED] - if (i == 3 &amp;&amp; wildList.indexOf(symbol) != -1): null

2019-08-24 12:16:50 - [TEST_STEP][PASSED] - if (i == 4 &amp;&amp; wildList.indexOf(symbol) != -1): null

2019-08-24 12:16:50 - [TEST_STEP][PASSED] - symbols = symbols: null

2019-08-24 12:16:50 - [TEST_STEP][PASSED] - for ([j = 0, j &lt; symbols.size(), (j++)]): null

2019-08-24 12:16:50 - [TEST_STEP][PASSED] - symbol = symbol: null

2019-08-24 12:16:50 - [TEST_STEP][PASSED] - println(symbol): null

2019-08-24 12:16:50 - [TEST_STEP][PASSED] - if (i == 2 &amp;&amp; wildList.indexOf(symbol) != -1): null

2019-08-24 12:16:50 - [TEST_STEP][PASSED] - if (i == 3 &amp;&amp; wildList.indexOf(symbol) != -1): null

2019-08-24 12:16:50 - [TEST_STEP][PASSED] - if (i == 4 &amp;&amp; wildList.indexOf(symbol) != -1): null

2019-08-24 12:16:50 - [TEST_STEP][PASSED] - symbol = symbol: null

2019-08-24 12:16:50 - [TEST_STEP][PASSED] - println(symbol): null

2019-08-24 12:16:50 - [TEST_STEP][PASSED] - if (i == 2 &amp;&amp; wildList.indexOf(symbol) != -1): null

2019-08-24 12:16:50 - [TEST_STEP][PASSED] - if (i == 3 &amp;&amp; wildList.indexOf(symbol) != -1): null

2019-08-24 12:16:50 - [TEST_STEP][PASSED] - if (i == 4 &amp;&amp; wildList.indexOf(symbol) != -1): null

2019-08-24 12:16:50 - [TEST_STEP][PASSED] - symbol = symbol: null

2019-08-24 12:16:50 - [TEST_STEP][PASSED] - println(symbol): null

2019-08-24 12:16:50 - [TEST_STEP][PASSED] - if (i == 2 &amp;&amp; wildList.indexOf(symbol) != -1): null

2019-08-24 12:16:50 - [TEST_STEP][PASSED] - if (i == 3 &amp;&amp; wildList.indexOf(symbol) != -1): null

2019-08-24 12:16:50 - [TEST_STEP][PASSED] - if (i == 4 &amp;&amp; wildList.indexOf(symbol) != -1): null

2019-08-24 12:16:50 - [TEST_STEP][PASSED] - symbols = symbols: null

2019-08-24 12:16:50 - [TEST_STEP][PASSED] - for ([j = 0, j &lt; symbols.size(), (j++)]): null

2019-08-24 12:16:50 - [TEST_STEP][PASSED] - symbol = symbol: null

2019-08-24 12:16:50 - [TEST_STEP][PASSED] - println(symbol): null

2019-08-24 12:16:50 - [TEST_STEP][PASSED] - if (i == 2 &amp;&amp; wildList.indexOf(symbol) != -1): null

2019-08-24 12:16:50 - [TEST_STEP][PASSED] - if (i == 3 &amp;&amp; wildList.indexOf(symbol) != -1): null

2019-08-24 12:16:50 - [TEST_STEP][PASSED] - if (i == 4 &amp;&amp; wildList.indexOf(symbol) != -1): null

2019-08-24 12:16:50 - [TEST_STEP][PASSED] - symbol = symbol: null

2019-08-24 12:16:50 - [TEST_STEP][PASSED] - println(symbol): null

2019-08-24 12:16:50 - [TEST_STEP][PASSED] - if (i == 2 &amp;&amp; wildList.indexOf(symbol) != -1): null

2019-08-24 12:16:50 - [TEST_STEP][PASSED] - if (i == 3 &amp;&amp; wildList.indexOf(symbol) != -1): null

2019-08-24 12:16:50 - [TEST_STEP][PASSED] - if (i == 4 &amp;&amp; wildList.indexOf(symbol) != -1): null

2019-08-24 12:16:50 - [TEST_STEP][PASSED] - symbol = symbol: null

2019-08-24 12:16:50 - [TEST_STEP][PASSED] - println(symbol): null

2019-08-24 12:16:50 - [TEST_STEP][PASSED] - if (i == 2 &amp;&amp; wildList.indexOf(symbol) != -1): null

2019-08-24 12:16:50 - [TEST_STEP][PASSED] - if (i == 3 &amp;&amp; wildList.indexOf(symbol) != -1): null

2019-08-24 12:16:50 - [TEST_STEP][PASSED] - if (i == 4 &amp;&amp; wildList.indexOf(symbol) != -1): null

2019-08-24 12:16:50 - [TEST_STEP][PASSED] - symbols = symbols: null

2019-08-24 12:16:50 - [TEST_STEP][PASSED] - for ([j = 0, j &lt; symbols.size(), (j++)]): null

2019-08-24 12:16:50 - [TEST_STEP][PASSED] - symbol = symbol: null

2019-08-24 12:16:50 - [TEST_STEP][PASSED] - println(symbol): null

2019-08-24 12:16:50 - [TEST_STEP][PASSED] - if (i == 2 &amp;&amp; wildList.indexOf(symbol) != -1): null

2019-08-24 12:16:50 - [TEST_STEP][PASSED] - if (i == 3 &amp;&amp; wildList.indexOf(symbol) != -1): null

2019-08-24 12:16:50 - [TEST_STEP][PASSED] - if (i == 4 &amp;&amp; wildList.indexOf(symbol) != -1): null

2019-08-24 12:16:50 - [TEST_STEP][PASSED] - symbol = symbol: null

2019-08-24 12:16:50 - [TEST_STEP][PASSED] - println(symbol): null

2019-08-24 12:16:50 - [TEST_STEP][PASSED] - if (i == 2 &amp;&amp; wildList.indexOf(symbol) != -1): null

2019-08-24 12:16:50 - [TEST_STEP][PASSED] - if (i == 3 &amp;&amp; wildList.indexOf(symbol) != -1): null

2019-08-24 12:16:50 - [TEST_STEP][PASSED] - if (i == 4 &amp;&amp; wildList.indexOf(symbol) != -1): null

2019-08-24 12:16:50 - [TEST_STEP][PASSED] - symbol = symbol: null

2019-08-24 12:16:50 - [TEST_STEP][PASSED] - println(symbol): null

2019-08-24 12:16:50 - [TEST_STEP][PASSED] - if (i == 2 &amp;&amp; wildList.indexOf(symbol) != -1): null

2019-08-24 12:16:50 - [TEST_STEP][PASSED] - if (i == 3 &amp;&amp; wildList.indexOf(symbol) != -1): null

2019-08-24 12:16:50 - [TEST_STEP][PASSED] - if (i == 4 &amp;&amp; wildList.indexOf(symbol) != -1): null

2019-08-24 12:16:50 - [TEST_STEP][PASSED] - symbols = symbols: null

2019-08-24 12:16:50 - [TEST_STEP][PASSED] - for ([j = 0, j &lt; symbols.size(), (j++)]): null

2019-08-24 12:16:50 - [TEST_STEP][PASSED] - symbol = symbol: null

2019-08-24 12:16:50 - [TEST_STEP][PASSED] - println(symbol): null

2019-08-24 12:16:50 - [TEST_STEP][PASSED] - if (i == 2 &amp;&amp; wildList.indexOf(symbol) != -1): null

2019-08-24 12:16:50 - [TEST_STEP][PASSED] - if (i == 3 &amp;&amp; wildList.indexOf(symbol) != -1): null

2019-08-24 12:16:50 - [TEST_STEP][PASSED] - if (i == 4 &amp;&amp; wildList.indexOf(symbol) != -1): null

2019-08-24 12:16:50 - [TEST_STEP][PASSED] - symbol = symbol: null

2019-08-24 12:16:50 - [TEST_STEP][PASSED] - println(symbol): null

2019-08-24 12:16:50 - [TEST_STEP][PASSED] - if (i == 2 &amp;&amp; wildList.indexOf(symbol) != -1): null

2019-08-24 12:16:50 - [TEST_STEP][PASSED] - if (i == 3 &amp;&amp; wildList.indexOf(symbol) != -1): null

2019-08-24 12:16:50 - [TEST_STEP][PASSED] - if (i == 4 &amp;&amp; wildList.indexOf(symbol) != -1): null

2019-08-24 12:16:50 - [TEST_STEP][PASSED] - symbol = symbol: null

2019-08-24 12:16:50 - [TEST_STEP][PASSED] - println(symbol): null

2019-08-24 12:16:50 - [TEST_STEP][PASSED] - if (i == 2 &amp;&amp; wildList.indexOf(symbol) != -1): null

2019-08-24 12:16:50 - [TEST_STEP][PASSED] - if (i == 3 &amp;&amp; wildList.indexOf(symbol) != -1): null

2019-08-24 12:16:50 - [TEST_STEP][PASSED] - if (i == 4 &amp;&amp; wildList.indexOf(symbol) != -1): null

2019-08-24 12:16:50 - [TEST_STEP][PASSED] - free_spin_reel_counter = free_spin_reel_counter: null

2019-08-24 12:16:50 - [TEST_STEP][PASSED] - println("reel 3 wild found: " + free_spin_reel_counter[0]): null

2019-08-24 12:16:50 - [TEST_STEP][PASSED] - println("reel 4 wild found: " + free_spin_reel_counter[1]): null

2019-08-24 12:16:50 - [TEST_STEP][PASSED] - println("reel 5 wild found: " + free_spin_reel_counter[2]): null

2019-08-24 12:16:50 - [TEST_STEP][PASSED] - M4_spin_reels = M4_spin_reels: null

2019-08-24 12:16:50 - [TEST_STEP][PASSED] - M4_spin_reels_symbols = symbol: null

2019-08-24 12:16:50 - [TEST_STEP][PASSED] - M4_spin_reels_symbols = M4_spin_reels_symbols: null

2019-08-24 12:16:50 - [TEST_STEP][PASSED] - M4_spin_reel_wins = reel_wins: null

2019-08-24 12:16:50 - [TEST_STEP][PASSED] - M4_spin_reel_wins = M4_spin_reel_wins: null

2019-08-24 12:16:50 - [TEST_STEP][PASSED] - println("GlobalVariable.M4_spin_reel_wins is: " + M4_spin_reel_wins): null

2019-08-24 12:16:50 - [TEST_STEP][PASSED] - M4_spin_total_bonus_win_this_round = total_bonus_win_this_round: null

2019-08-24 12:16:50 - [TEST_STEP][PASSED] - M4_spin_total_bonus_win_this_round = M4_spin_total_bonus_win_this_round: null

2019-08-24 12:16:50 - [TEST_STEP][PASSED] - println("GlobalVariable.M4_spin_total_bonus_win_this_round is: " + M4_spin_total_bonus_win_this_round): null

2019-08-24 12:16:50 - [TEST_STEP][PASSED] - M4_spin_bonus_spin_result = spin_result: null

2019-08-24 12:16:50 - [TEST_STEP][PASSED] - M4_spin_bonus_spin_result = M4_spin_bonus_spin_result: null

2019-08-24 12:16:50 - [MESSAGE][PASSED] - Verify response successfully

2019-08-24 12:16:50 - [MESSAGE][PASSED] - Send request and verify the response successfully

2019-08-24 12:16:50 - [TEST_STEP][PASSED] - if (M4_total_bonus_spins_int != 0 &amp;&amp; M4_spin_reels_symbols[2].contains("WILD_ExtraFG") || M4_spin_reels_symbols[3].contains("WILD_ExtraFG")): null

2019-08-24 12:16:50 - [TEST_STEP][PASSED] - free_spin_reel_counter = free_spin_reel_counter: null

2019-08-24 12:16:50 - [TEST_STEP][PASSED] - M4_spin_reels_symbols = M4_spin_reels_symbols: null

2019-08-24 12:16:50 - [TEST_STEP][PASSED] - M4_total_bonus_spins = M4_total_bonus_spins: null

2019-08-24 12:16:50 - [TEST_STEP][PASSED] - spin_result = sendRequestAndVerify(findTestObject("INT/RGS(M4)/1_M4_spin", ["M4_login_user_id":M4_login_user_id, "rgs_session_token":rgs_session_token, "partner":Partner])): Send request and verify the response successfully

2019-08-24 12:16:54 - [MESSAGE][INFO] - HAR: /Users/eiralee/Katalon_Script/SuperWild/Reports/20190824_120919/INT/superWild_3/20190824_120919/requests/main/128.har

2019-08-24 12:16:54 - [TEST_CASE][PASSED] - Start Test Case : Verification: Verification accomplished successfully

2019-08-24 12:16:54 - [TEST_STEP][PASSED] - request = getInstance().getCurrentRequest(): null

2019-08-24 12:16:54 - [TEST_STEP][PASSED] - response = getInstance().getCurrentResponse(): null

2019-08-24 12:16:54 - [TEST_STEP][PASSED] - verifyResponseStatusCode(response, 200): Verify response status code successfully

2019-08-24 12:16:54 - [MESSAGE][PASSED] - Verify response status code successfully

2019-08-24 12:16:54 - [TEST_STEP][PASSED] - getStatusCode()).isEqualTo(200): null

2019-08-24 12:16:54 - [TEST_STEP][PASSED] - newline = System.getProperty("line.separator"): null

2019-08-24 12:16:54 - [TEST_STEP][PASSED] - M4_spin = new groovy.json.JsonSlurper(): null

2019-08-24 12:16:54 - [TEST_STEP][PASSED] - result_M4_spin = M4_spin.parseText(response.getResponseBodyContent()): null

2019-08-24 12:16:54 - [TEST_STEP][PASSED] - M4_spin_current_balance = current_balance: null

2019-08-24 12:16:54 - [TEST_STEP][PASSED] - M4_spin_current_balance = M4_spin_current_balance: null

2019-08-24 12:16:57 - [TEST_STEP][PASSED] - M4_spin_transaction_id = causality: null

2019-08-24 12:16:57 - [TEST_STEP][PASSED] - M4_spin_transaction_id = M4_spin_transaction_id: null

2019-08-24 12:16:57 - [TEST_STEP][PASSED] - M4_spin_round_id = round_id: null

2019-08-24 12:16:57 - [TEST_STEP][PASSED] - M4_spin_round_id = M4_spin_round_id: null

2019-08-24 12:16:57 - [TEST_STEP][PASSED] - M4_spin_line_wins = line_wins: null

2019-08-24 12:16:57 - [TEST_STEP][PASSED] - M4_spin_line_wins = M4_spin_line_wins: null

2019-08-24 12:16:57 - [TEST_STEP][PASSED] - M4_total_bonus_spins_int = total_bonus_spins: null

2019-08-24 12:16:57 - [TEST_STEP][PASSED] - println("******M4_total_bonus_spins type is:*******" + newline + getClass().getName()): null

2019-08-24 12:16:57 - [TEST_STEP][PASSED] - M4_total_bonus_spins_int = M4_total_bonus_spins_int: null

2019-08-24 12:16:57 - [TEST_STEP][PASSED] - M4_total_bonus_spins = Integer.toString(M4_total_bonus_spins_int): null

2019-08-24 12:16:57 - [TEST_STEP][PASSED] - M4_total_bonus_spins = M4_total_bonus_spins: null

2019-08-24 12:16:57 - [TEST_STEP][PASSED] - println("M4_total_bonus_spins is:" + M4_total_bonus_spins): null

2019-08-24 12:16:57 - [TEST_STEP][PASSED] - M4_spin_bonus_data = bonus_data: null

2019-08-24 12:16:57 - [TEST_STEP][PASSED] - M4_spin_features_triggered = result_M4_spin: null

2019-08-24 12:16:57 - [TEST_STEP][PASSED] - wild = []: null

2019-08-24 12:16:57 - [TEST_STEP][PASSED] - wild[0] = "WILD_Expanding": null

2019-08-24 12:16:57 - [TEST_STEP][PASSED] - wild[1] = "WILD_Normal": null

2019-08-24 12:16:57 - [TEST_STEP][PASSED] - wild[2] = "WILD_Double": null

2019-08-24 12:16:57 - [TEST_STEP][PASSED] - wild[3] = "WILD_ExtraFG": null

2019-08-24 12:16:57 - [TEST_STEP][PASSED] - wild[4] = "WILD_Triple": null

2019-08-24 12:16:57 - [TEST_STEP][PASSED] - wildList = Arrays.asList(wild): null

2019-08-24 12:16:57 - [TEST_STEP][PASSED] - wildList = wildList: null

2019-08-24 12:16:57 - [TEST_STEP][PASSED] - free_spin_reel_counter = []: null

2019-08-24 12:16:57 - [TEST_STEP][PASSED] - free_spin_reel_counter[0] = 0: null

2019-08-24 12:16:57 - [TEST_STEP][PASSED] - free_spin_reel_counter[1] = 0: null

2019-08-24 12:16:57 - [TEST_STEP][PASSED] - free_spin_reel_counter[2] = 0: null

2019-08-24 12:16:57 - [TEST_STEP][PASSED] - M4_spin_reels = reels: null

2019-08-24 12:16:57 - [TEST_STEP][PASSED] - for ([i = 0, i &lt; M4_spin_reels.size(), (i++)]): null

2019-08-24 12:16:57 - [TEST_STEP][PASSED] - symbols = symbols: null

2019-08-24 12:16:57 - [TEST_STEP][PASSED] - for ([j = 0, j &lt; symbols.size(), (j++)]): null

2019-08-24 12:16:57 - [TEST_STEP][PASSED] - symbol = symbol: null

2019-08-24 12:16:57 - [TEST_STEP][PASSED] - println(symbol): null

2019-08-24 12:16:57 - [TEST_STEP][PASSED] - if (i == 2 &amp;&amp; wildList.indexOf(symbol) != -1): null

2019-08-24 12:16:57 - [TEST_STEP][PASSED] - if (i == 3 &amp;&amp; wildList.indexOf(symbol) != -1): null

2019-08-24 12:16:57 - [TEST_STEP][PASSED] - if (i == 4 &amp;&amp; wildList.indexOf(symbol) != -1): null

2019-08-24 12:16:57 - [TEST_STEP][PASSED] - symbol = symbol: null

2019-08-24 12:16:57 - [TEST_STEP][PASSED] - println(symbol): null

2019-08-24 12:16:57 - [TEST_STEP][PASSED] - if (i == 2 &amp;&amp; wildList.indexOf(symbol) != -1): null

2019-08-24 12:16:57 - [TEST_STEP][PASSED] - if (i == 3 &amp;&amp; wildList.indexOf(symbol) != -1): null

2019-08-24 12:16:57 - [TEST_STEP][PASSED] - if (i == 4 &amp;&amp; wildList.indexOf(symbol) != -1): null

2019-08-24 12:16:57 - [TEST_STEP][PASSED] - symbol = symbol: null

2019-08-24 12:16:57 - [TEST_STEP][PASSED] - println(symbol): null

2019-08-24 12:16:57 - [TEST_STEP][PASSED] - if (i == 2 &amp;&amp; wildList.indexOf(symbol) != -1): null

2019-08-24 12:16:57 - [TEST_STEP][PASSED] - if (i == 3 &amp;&amp; wildList.indexOf(symbol) != -1): null

2019-08-24 12:16:57 - [TEST_STEP][PASSED] - if (i == 4 &amp;&amp; wildList.indexOf(symbol) != -1): null

2019-08-24 12:16:57 - [TEST_STEP][PASSED] - symbols = symbols: null

2019-08-24 12:16:57 - [TEST_STEP][PASSED] - for ([j = 0, j &lt; symbols.size(), (j++)]): null

2019-08-24 12:16:57 - [TEST_STEP][PASSED] - symbol = symbol: null

2019-08-24 12:16:57 - [TEST_STEP][PASSED] - println(symbol): null

2019-08-24 12:16:57 - [TEST_STEP][PASSED] - if (i == 2 &amp;&amp; wildList.indexOf(symbol) != -1): null

2019-08-24 12:16:57 - [TEST_STEP][PASSED] - if (i == 3 &amp;&amp; wildList.indexOf(symbol) != -1): null

2019-08-24 12:16:57 - [TEST_STEP][PASSED] - if (i == 4 &amp;&amp; wildList.indexOf(symbol) != -1): null

2019-08-24 12:16:57 - [TEST_STEP][PASSED] - symbol = symbol: null

2019-08-24 12:16:57 - [TEST_STEP][PASSED] - println(symbol): null

2019-08-24 12:16:57 - [TEST_STEP][PASSED] - if (i == 2 &amp;&amp; wildList.indexOf(symbol) != -1): null

2019-08-24 12:16:57 - [TEST_STEP][PASSED] - if (i == 3 &amp;&amp; wildList.indexOf(symbol) != -1): null

2019-08-24 12:16:57 - [TEST_STEP][PASSED] - if (i == 4 &amp;&amp; wildList.indexOf(symbol) != -1): null

2019-08-24 12:16:57 - [TEST_STEP][PASSED] - symbol = symbol: null

2019-08-24 12:16:57 - [TEST_STEP][PASSED] - println(symbol): null

2019-08-24 12:16:57 - [TEST_STEP][PASSED] - if (i == 2 &amp;&amp; wildList.indexOf(symbol) != -1): null

2019-08-24 12:16:57 - [TEST_STEP][PASSED] - if (i == 3 &amp;&amp; wildList.indexOf(symbol) != -1): null

2019-08-24 12:16:57 - [TEST_STEP][PASSED] - if (i == 4 &amp;&amp; wildList.indexOf(symbol) != -1): null

2019-08-24 12:16:57 - [TEST_STEP][PASSED] - symbols = symbols: null

2019-08-24 12:16:57 - [TEST_STEP][PASSED] - for ([j = 0, j &lt; symbols.size(), (j++)]): null

2019-08-24 12:16:57 - [TEST_STEP][PASSED] - symbol = symbol: null

2019-08-24 12:16:57 - [TEST_STEP][PASSED] - println(symbol): null

2019-08-24 12:16:57 - [TEST_STEP][PASSED] - if (i == 2 &amp;&amp; wildList.indexOf(symbol) != -1): null

2019-08-24 12:16:57 - [TEST_STEP][PASSED] - if (i == 3 &amp;&amp; wildList.indexOf(symbol) != -1): null

2019-08-24 12:16:57 - [TEST_STEP][PASSED] - if (i == 4 &amp;&amp; wildList.indexOf(symbol) != -1): null

2019-08-24 12:16:57 - [TEST_STEP][PASSED] - symbol = symbol: null

2019-08-24 12:16:57 - [TEST_STEP][PASSED] - println(symbol): null

2019-08-24 12:16:57 - [TEST_STEP][PASSED] - if (i == 2 &amp;&amp; wildList.indexOf(symbol) != -1): null

2019-08-24 12:16:57 - [TEST_STEP][PASSED] - if (i == 3 &amp;&amp; wildList.indexOf(symbol) != -1): null

2019-08-24 12:16:57 - [TEST_STEP][PASSED] - if (i == 4 &amp;&amp; wildList.indexOf(symbol) != -1): null

2019-08-24 12:16:57 - [TEST_STEP][PASSED] - symbol = symbol: null

2019-08-24 12:16:57 - [TEST_STEP][PASSED] - println(symbol): null

2019-08-24 12:16:57 - [TEST_STEP][PASSED] - if (i == 2 &amp;&amp; wildList.indexOf(symbol) != -1): null

2019-08-24 12:16:57 - [TEST_STEP][PASSED] - if (i == 3 &amp;&amp; wildList.indexOf(symbol) != -1): null

2019-08-24 12:16:57 - [TEST_STEP][PASSED] - if (i == 4 &amp;&amp; wildList.indexOf(symbol) != -1): null

2019-08-24 12:16:57 - [TEST_STEP][PASSED] - symbols = symbols: null

2019-08-24 12:16:57 - [TEST_STEP][PASSED] - for ([j = 0, j &lt; symbols.size(), (j++)]): null

2019-08-24 12:16:57 - [TEST_STEP][PASSED] - symbol = symbol: null

2019-08-24 12:16:57 - [TEST_STEP][PASSED] - println(symbol): null

2019-08-24 12:16:57 - [TEST_STEP][PASSED] - if (i == 2 &amp;&amp; wildList.indexOf(symbol) != -1): null

2019-08-24 12:16:57 - [TEST_STEP][PASSED] - if (i == 3 &amp;&amp; wildList.indexOf(symbol) != -1): null

2019-08-24 12:16:57 - [TEST_STEP][PASSED] - if (i == 4 &amp;&amp; wildList.indexOf(symbol) != -1): null

2019-08-24 12:16:57 - [TEST_STEP][PASSED] - symbol = symbol: null

2019-08-24 12:16:57 - [TEST_STEP][PASSED] - println(symbol): null

2019-08-24 12:16:57 - [TEST_STEP][PASSED] - if (i == 2 &amp;&amp; wildList.indexOf(symbol) != -1): null

2019-08-24 12:16:57 - [TEST_STEP][PASSED] - if (i == 3 &amp;&amp; wildList.indexOf(symbol) != -1): null

2019-08-24 12:16:57 - [TEST_STEP][PASSED] - if (i == 4 &amp;&amp; wildList.indexOf(symbol) != -1): null

2019-08-24 12:16:57 - [TEST_STEP][PASSED] - symbol = symbol: null

2019-08-24 12:16:57 - [TEST_STEP][PASSED] - println(symbol): null

2019-08-24 12:16:57 - [TEST_STEP][PASSED] - if (i == 2 &amp;&amp; wildList.indexOf(symbol) != -1): null

2019-08-24 12:16:57 - [TEST_STEP][PASSED] - if (i == 3 &amp;&amp; wildList.indexOf(symbol) != -1): null

2019-08-24 12:16:57 - [TEST_STEP][PASSED] - if (i == 4 &amp;&amp; wildList.indexOf(symbol) != -1): null

2019-08-24 12:16:57 - [TEST_STEP][PASSED] - symbols = symbols: null

2019-08-24 12:16:57 - [TEST_STEP][PASSED] - for ([j = 0, j &lt; symbols.size(), (j++)]): null

2019-08-24 12:16:57 - [TEST_STEP][PASSED] - symbol = symbol: null

2019-08-24 12:16:57 - [TEST_STEP][PASSED] - println(symbol): null

2019-08-24 12:16:57 - [TEST_STEP][PASSED] - if (i == 2 &amp;&amp; wildList.indexOf(symbol) != -1): null

2019-08-24 12:16:57 - [TEST_STEP][PASSED] - if (i == 3 &amp;&amp; wildList.indexOf(symbol) != -1): null

2019-08-24 12:16:57 - [TEST_STEP][PASSED] - if (i == 4 &amp;&amp; wildList.indexOf(symbol) != -1): null

2019-08-24 12:16:57 - [TEST_STEP][PASSED] - println("wild found on reel 5, adding counter by 1"): null

2019-08-24 12:16:57 - [TEST_STEP][PASSED] - free_spin_reel_counter[2] = free_spin_reel_counter[2] + 1: null

2019-08-24 12:16:57 - [TEST_STEP][PASSED] - symbol = symbol: null

2019-08-24 12:16:57 - [TEST_STEP][PASSED] - println(symbol): null

2019-08-24 12:16:57 - [TEST_STEP][PASSED] - if (i == 2 &amp;&amp; wildList.indexOf(symbol) != -1): null

2019-08-24 12:16:57 - [TEST_STEP][PASSED] - if (i == 3 &amp;&amp; wildList.indexOf(symbol) != -1): null

2019-08-24 12:16:57 - [TEST_STEP][PASSED] - if (i == 4 &amp;&amp; wildList.indexOf(symbol) != -1): null

2019-08-24 12:16:57 - [TEST_STEP][PASSED] - symbol = symbol: null

2019-08-24 12:16:57 - [TEST_STEP][PASSED] - println(symbol): null

2019-08-24 12:16:57 - [TEST_STEP][PASSED] - if (i == 2 &amp;&amp; wildList.indexOf(symbol) != -1): null

2019-08-24 12:16:57 - [TEST_STEP][PASSED] - if (i == 3 &amp;&amp; wildList.indexOf(symbol) != -1): null

2019-08-24 12:16:57 - [TEST_STEP][PASSED] - if (i == 4 &amp;&amp; wildList.indexOf(symbol) != -1): null

2019-08-24 12:16:57 - [TEST_STEP][PASSED] - free_spin_reel_counter = free_spin_reel_counter: null

2019-08-24 12:16:57 - [TEST_STEP][PASSED] - println("reel 3 wild found: " + free_spin_reel_counter[0]): null

2019-08-24 12:16:57 - [TEST_STEP][PASSED] - println("reel 4 wild found: " + free_spin_reel_counter[1]): null

2019-08-24 12:16:57 - [TEST_STEP][PASSED] - println("reel 5 wild found: " + free_spin_reel_counter[2]): null

2019-08-24 12:16:57 - [TEST_STEP][PASSED] - M4_spin_reels = M4_spin_reels: null

2019-08-24 12:16:57 - [TEST_STEP][PASSED] - M4_spin_reels_symbols = symbol: null

2019-08-24 12:16:57 - [TEST_STEP][PASSED] - M4_spin_reels_symbols = M4_spin_reels_symbols: null

2019-08-24 12:16:57 - [TEST_STEP][PASSED] - M4_spin_reel_wins = reel_wins: null

2019-08-24 12:16:57 - [TEST_STEP][PASSED] - M4_spin_reel_wins = M4_spin_reel_wins: null

2019-08-24 12:16:57 - [TEST_STEP][PASSED] - println("GlobalVariable.M4_spin_reel_wins is: " + M4_spin_reel_wins): null

2019-08-24 12:16:57 - [TEST_STEP][PASSED] - M4_spin_total_bonus_win_this_round = total_bonus_win_this_round: null

2019-08-24 12:16:57 - [TEST_STEP][PASSED] - M4_spin_total_bonus_win_this_round = M4_spin_total_bonus_win_this_round: null

2019-08-24 12:16:57 - [TEST_STEP][PASSED] - println("GlobalVariable.M4_spin_total_bonus_win_this_round is: " + M4_spin_total_bonus_win_this_round): null

2019-08-24 12:16:57 - [TEST_STEP][PASSED] - M4_spin_bonus_spin_result = spin_result: null

2019-08-24 12:16:57 - [TEST_STEP][PASSED] - M4_spin_bonus_spin_result = M4_spin_bonus_spin_result: null

2019-08-24 12:16:57 - [MESSAGE][PASSED] - Verify response successfully

2019-08-24 12:16:57 - [MESSAGE][PASSED] - Send request and verify the response successfully

2019-08-24 12:16:57 - [TEST_STEP][PASSED] - if (M4_total_bonus_spins_int != 0 &amp;&amp; M4_spin_reels_symbols[2].contains("WILD_ExtraFG") || M4_spin_reels_symbols[3].contains("WILD_ExtraFG")): null

2019-08-24 12:16:57 - [TEST_STEP][PASSED] - free_spin_reel_counter = free_spin_reel_counter: null

2019-08-24 12:16:57 - [TEST_STEP][PASSED] - M4_spin_reels_symbols = M4_spin_reels_symbols: null

2019-08-24 12:16:57 - [TEST_STEP][PASSED] - M4_total_bonus_spins = M4_total_bonus_spins: null

2019-08-24 12:16:57 - [TEST_STEP][PASSED] - spin_result = sendRequestAndVerify(findTestObject("INT/RGS(M4)/1_M4_spin", ["M4_login_user_id":M4_login_user_id, "rgs_session_token":rgs_session_token, "partner":Partner])): Send request and verify the response successfully

2019-08-24 12:16:57 - [MESSAGE][INFO] - HAR: /Users/eiralee/Katalon_Script/SuperWild/Reports/20190824_120919/INT/superWild_3/20190824_120919/requests/main/129.har

2019-08-24 12:16:57 - [TEST_CASE][PASSED] - Start Test Case : Verification: Verification accomplished successfully

2019-08-24 12:16:57 - [TEST_STEP][PASSED] - request = getInstance().getCurrentRequest(): null

2019-08-24 12:16:58 - [TEST_STEP][PASSED] - response = getInstance().getCurrentResponse(): null

2019-08-24 12:16:58 - [TEST_STEP][PASSED] - verifyResponseStatusCode(response, 200): Verify response status code successfully

2019-08-24 12:16:58 - [MESSAGE][PASSED] - Verify response status code successfully

2019-08-24 12:16:58 - [TEST_STEP][PASSED] - getStatusCode()).isEqualTo(200): null

2019-08-24 12:16:58 - [TEST_STEP][PASSED] - newline = System.getProperty("line.separator"): null

2019-08-24 12:16:58 - [TEST_STEP][PASSED] - M4_spin = new groovy.json.JsonSlurper(): null

2019-08-24 12:16:58 - [TEST_STEP][PASSED] - result_M4_spin = M4_spin.parseText(response.getResponseBodyContent()): null

2019-08-24 12:16:58 - [TEST_STEP][PASSED] - M4_spin_current_balance = current_balance: null

2019-08-24 12:16:58 - [TEST_STEP][PASSED] - M4_spin_current_balance = M4_spin_current_balance: null

2019-08-24 12:16:58 - [TEST_STEP][PASSED] - M4_spin_transaction_id = causality: null

2019-08-24 12:16:58 - [TEST_STEP][PASSED] - M4_spin_transaction_id = M4_spin_transaction_id: null

2019-08-24 12:16:58 - [TEST_STEP][PASSED] - M4_spin_round_id = round_id: null

2019-08-24 12:16:58 - [TEST_STEP][PASSED] - M4_spin_round_id = M4_spin_round_id: null

2019-08-24 12:16:58 - [TEST_STEP][PASSED] - M4_spin_line_wins = line_wins: null

2019-08-24 12:16:58 - [TEST_STEP][PASSED] - M4_spin_line_wins = M4_spin_line_wins: null

2019-08-24 12:16:58 - [TEST_STEP][PASSED] - M4_total_bonus_spins_int = total_bonus_spins: null

2019-08-24 12:16:58 - [TEST_STEP][PASSED] - println("******M4_total_bonus_spins type is:*******" + newline + getClass().getName()): null

2019-08-24 12:16:58 - [TEST_STEP][PASSED] - M4_total_bonus_spins_int = M4_total_bonus_spins_int: null

2019-08-24 12:16:58 - [TEST_STEP][PASSED] - M4_total_bonus_spins = Integer.toString(M4_total_bonus_spins_int): null

2019-08-24 12:16:58 - [TEST_STEP][PASSED] - M4_total_bonus_spins = M4_total_bonus_spins: null

2019-08-24 12:16:58 - [TEST_STEP][PASSED] - println("M4_total_bonus_spins is:" + M4_total_bonus_spins): null

2019-08-24 12:16:58 - [TEST_STEP][PASSED] - M4_spin_bonus_data = bonus_data: null

2019-08-24 12:16:58 - [TEST_STEP][PASSED] - M4_spin_features_triggered = result_M4_spin: null

2019-08-24 12:16:58 - [TEST_STEP][PASSED] - wild = []: null

2019-08-24 12:16:58 - [TEST_STEP][PASSED] - wild[0] = "WILD_Expanding": null

2019-08-24 12:16:58 - [TEST_STEP][PASSED] - wild[1] = "WILD_Normal": null

2019-08-24 12:16:58 - [TEST_STEP][PASSED] - wild[2] = "WILD_Double": null

2019-08-24 12:16:58 - [TEST_STEP][PASSED] - wild[3] = "WILD_ExtraFG": null

2019-08-24 12:16:58 - [TEST_STEP][PASSED] - wild[4] = "WILD_Triple": null

2019-08-24 12:16:58 - [TEST_STEP][PASSED] - wildList = Arrays.asList(wild): null

2019-08-24 12:16:58 - [TEST_STEP][PASSED] - wildList = wildList: null

2019-08-24 12:16:58 - [TEST_STEP][PASSED] - free_spin_reel_counter = []: null

2019-08-24 12:16:58 - [TEST_STEP][PASSED] - free_spin_reel_counter[0] = 0: null

2019-08-24 12:16:58 - [TEST_STEP][PASSED] - free_spin_reel_counter[1] = 0: null

2019-08-24 12:16:58 - [TEST_STEP][PASSED] - free_spin_reel_counter[2] = 0: null

2019-08-24 12:16:58 - [TEST_STEP][PASSED] - M4_spin_reels = reels: null

2019-08-24 12:16:58 - [TEST_STEP][PASSED] - for ([i = 0, i &lt; M4_spin_reels.size(), (i++)]): null

2019-08-24 12:16:58 - [TEST_STEP][PASSED] - symbols = symbols: null

2019-08-24 12:16:58 - [TEST_STEP][PASSED] - for ([j = 0, j &lt; symbols.size(), (j++)]): null

2019-08-24 12:16:58 - [TEST_STEP][PASSED] - symbol = symbol: null

2019-08-24 12:16:58 - [TEST_STEP][PASSED] - println(symbol): null

2019-08-24 12:16:58 - [TEST_STEP][PASSED] - if (i == 2 &amp;&amp; wildList.indexOf(symbol) != -1): null

2019-08-24 12:16:58 - [TEST_STEP][PASSED] - if (i == 3 &amp;&amp; wildList.indexOf(symbol) != -1): null

2019-08-24 12:16:58 - [TEST_STEP][PASSED] - if (i == 4 &amp;&amp; wildList.indexOf(symbol) != -1): null

2019-08-24 12:16:58 - [TEST_STEP][PASSED] - symbol = symbol: null

2019-08-24 12:16:58 - [TEST_STEP][PASSED] - println(symbol): null

2019-08-24 12:16:58 - [TEST_STEP][PASSED] - if (i == 2 &amp;&amp; wildList.indexOf(symbol) != -1): null

2019-08-24 12:16:58 - [TEST_STEP][PASSED] - if (i == 3 &amp;&amp; wildList.indexOf(symbol) != -1): null

2019-08-24 12:16:58 - [TEST_STEP][PASSED] - if (i == 4 &amp;&amp; wildList.indexOf(symbol) != -1): null

2019-08-24 12:16:58 - [TEST_STEP][PASSED] - symbol = symbol: null

2019-08-24 12:16:58 - [TEST_STEP][PASSED] - println(symbol): null

2019-08-24 12:16:58 - [TEST_STEP][PASSED] - if (i == 2 &amp;&amp; wildList.indexOf(symbol) != -1): null

2019-08-24 12:16:58 - [TEST_STEP][PASSED] - if (i == 3 &amp;&amp; wildList.indexOf(symbol) != -1): null

2019-08-24 12:16:58 - [TEST_STEP][PASSED] - if (i == 4 &amp;&amp; wildList.indexOf(symbol) != -1): null

2019-08-24 12:16:58 - [TEST_STEP][PASSED] - symbols = symbols: null

2019-08-24 12:16:58 - [TEST_STEP][PASSED] - for ([j = 0, j &lt; symbols.size(), (j++)]): null

2019-08-24 12:16:58 - [TEST_STEP][PASSED] - symbol = symbol: null

2019-08-24 12:16:58 - [TEST_STEP][PASSED] - println(symbol): null

2019-08-24 12:16:58 - [TEST_STEP][PASSED] - if (i == 2 &amp;&amp; wildList.indexOf(symbol) != -1): null

2019-08-24 12:16:58 - [TEST_STEP][PASSED] - if (i == 3 &amp;&amp; wildList.indexOf(symbol) != -1): null

2019-08-24 12:16:58 - [TEST_STEP][PASSED] - if (i == 4 &amp;&amp; wildList.indexOf(symbol) != -1): null

2019-08-24 12:16:58 - [TEST_STEP][PASSED] - symbol = symbol: null

2019-08-24 12:16:58 - [TEST_STEP][PASSED] - println(symbol): null

2019-08-24 12:16:58 - [TEST_STEP][PASSED] - if (i == 2 &amp;&amp; wildList.indexOf(symbol) != -1): null

2019-08-24 12:16:58 - [TEST_STEP][PASSED] - if (i == 3 &amp;&amp; wildList.indexOf(symbol) != -1): null

2019-08-24 12:16:58 - [TEST_STEP][PASSED] - if (i == 4 &amp;&amp; wildList.indexOf(symbol) != -1): null

2019-08-24 12:16:58 - [TEST_STEP][PASSED] - symbol = symbol: null

2019-08-24 12:16:58 - [TEST_STEP][PASSED] - println(symbol): null

2019-08-24 12:16:58 - [TEST_STEP][PASSED] - if (i == 2 &amp;&amp; wildList.indexOf(symbol) != -1): null

2019-08-24 12:16:58 - [TEST_STEP][PASSED] - if (i == 3 &amp;&amp; wildList.indexOf(symbol) != -1): null

2019-08-24 12:16:58 - [TEST_STEP][PASSED] - if (i == 4 &amp;&amp; wildList.indexOf(symbol) != -1): null

2019-08-24 12:16:58 - [TEST_STEP][PASSED] - symbols = symbols: null

2019-08-24 12:16:58 - [TEST_STEP][PASSED] - for ([j = 0, j &lt; symbols.size(), (j++)]): null

2019-08-24 12:16:58 - [TEST_STEP][PASSED] - symbol = symbol: null

2019-08-24 12:16:58 - [TEST_STEP][PASSED] - println(symbol): null

2019-08-24 12:16:58 - [TEST_STEP][PASSED] - if (i == 2 &amp;&amp; wildList.indexOf(symbol) != -1): null

2019-08-24 12:16:58 - [TEST_STEP][PASSED] - if (i == 3 &amp;&amp; wildList.indexOf(symbol) != -1): null

2019-08-24 12:16:58 - [TEST_STEP][PASSED] - if (i == 4 &amp;&amp; wildList.indexOf(symbol) != -1): null

2019-08-24 12:16:58 - [TEST_STEP][PASSED] - symbol = symbol: null

2019-08-24 12:16:58 - [TEST_STEP][PASSED] - println(symbol): null

2019-08-24 12:16:58 - [TEST_STEP][PASSED] - if (i == 2 &amp;&amp; wildList.indexOf(symbol) != -1): null

2019-08-24 12:16:58 - [TEST_STEP][PASSED] - println("wild found on reel 3, adding counter by 1"): null

2019-08-24 12:16:58 - [TEST_STEP][PASSED] - free_spin_reel_counter[0] = free_spin_reel_counter[0] + 1: null

2019-08-24 12:16:58 - [TEST_STEP][PASSED] - if (i == 3 &amp;&amp; wildList.indexOf(symbol) != -1): null

2019-08-24 12:16:58 - [TEST_STEP][PASSED] - if (i == 4 &amp;&amp; wildList.indexOf(symbol) != -1): null

2019-08-24 12:16:58 - [TEST_STEP][PASSED] - symbol = symbol: null

2019-08-24 12:16:58 - [TEST_STEP][PASSED] - println(symbol): null

2019-08-24 12:16:58 - [TEST_STEP][PASSED] - if (i == 2 &amp;&amp; wildList.indexOf(symbol) != -1): null

2019-08-24 12:16:58 - [TEST_STEP][PASSED] - if (i == 3 &amp;&amp; wildList.indexOf(symbol) != -1): null

2019-08-24 12:16:58 - [TEST_STEP][PASSED] - if (i == 4 &amp;&amp; wildList.indexOf(symbol) != -1): null

2019-08-24 12:16:58 - [TEST_STEP][PASSED] - symbols = symbols: null

2019-08-24 12:16:58 - [TEST_STEP][PASSED] - for ([j = 0, j &lt; symbols.size(), (j++)]): null

2019-08-24 12:16:58 - [TEST_STEP][PASSED] - symbol = symbol: null

2019-08-24 12:16:58 - [TEST_STEP][PASSED] - println(symbol): null

2019-08-24 12:16:58 - [TEST_STEP][PASSED] - if (i == 2 &amp;&amp; wildList.indexOf(symbol) != -1): null

2019-08-24 12:16:58 - [TEST_STEP][PASSED] - if (i == 3 &amp;&amp; wildList.indexOf(symbol) != -1): null

2019-08-24 12:16:58 - [TEST_STEP][PASSED] - if (i == 4 &amp;&amp; wildList.indexOf(symbol) != -1): null

2019-08-24 12:16:58 - [TEST_STEP][PASSED] - symbol = symbol: null

2019-08-24 12:16:58 - [TEST_STEP][PASSED] - println(symbol): null

2019-08-24 12:16:58 - [TEST_STEP][PASSED] - if (i == 2 &amp;&amp; wildList.indexOf(symbol) != -1): null

2019-08-24 12:16:58 - [TEST_STEP][PASSED] - if (i == 3 &amp;&amp; wildList.indexOf(symbol) != -1): null

2019-08-24 12:16:58 - [TEST_STEP][PASSED] - if (i == 4 &amp;&amp; wildList.indexOf(symbol) != -1): null

2019-08-24 12:16:58 - [TEST_STEP][PASSED] - symbol = symbol: null

2019-08-24 12:16:58 - [TEST_STEP][PASSED] - println(symbol): null

2019-08-24 12:16:58 - [TEST_STEP][PASSED] - if (i == 2 &amp;&amp; wildList.indexOf(symbol) != -1): null

2019-08-24 12:16:58 - [TEST_STEP][PASSED] - if (i == 3 &amp;&amp; wildList.indexOf(symbol) != -1): null

2019-08-24 12:16:58 - [TEST_STEP][PASSED] - if (i == 4 &amp;&amp; wildList.indexOf(symbol) != -1): null

2019-08-24 12:16:58 - [TEST_STEP][PASSED] - symbols = symbols: null

2019-08-24 12:16:58 - [TEST_STEP][PASSED] - for ([j = 0, j &lt; symbols.size(), (j++)]): null

2019-08-24 12:16:58 - [TEST_STEP][PASSED] - symbol = symbol: null

2019-08-24 12:16:58 - [TEST_STEP][PASSED] - println(symbol): null

2019-08-24 12:16:58 - [TEST_STEP][PASSED] - if (i == 2 &amp;&amp; wildList.indexOf(symbol) != -1): null

2019-08-24 12:16:58 - [TEST_STEP][PASSED] - if (i == 3 &amp;&amp; wildList.indexOf(symbol) != -1): null

2019-08-24 12:16:58 - [TEST_STEP][PASSED] - if (i == 4 &amp;&amp; wildList.indexOf(symbol) != -1): null

2019-08-24 12:16:58 - [TEST_STEP][PASSED] - symbol = symbol: null

2019-08-24 12:16:58 - [TEST_STEP][PASSED] - println(symbol): null

2019-08-24 12:16:58 - [TEST_STEP][PASSED] - if (i == 2 &amp;&amp; wildList.indexOf(symbol) != -1): null

2019-08-24 12:16:58 - [TEST_STEP][PASSED] - if (i == 3 &amp;&amp; wildList.indexOf(symbol) != -1): null

2019-08-24 12:16:58 - [TEST_STEP][PASSED] - if (i == 4 &amp;&amp; wildList.indexOf(symbol) != -1): null

2019-08-24 12:16:58 - [TEST_STEP][PASSED] - symbol = symbol: null

2019-08-24 12:16:58 - [TEST_STEP][PASSED] - println(symbol): null

2019-08-24 12:16:58 - [TEST_STEP][PASSED] - if (i == 2 &amp;&amp; wildList.indexOf(symbol) != -1): null

2019-08-24 12:16:58 - [TEST_STEP][PASSED] - if (i == 3 &amp;&amp; wildList.indexOf(symbol) != -1): null

2019-08-24 12:16:58 - [TEST_STEP][PASSED] - if (i == 4 &amp;&amp; wildList.indexOf(symbol) != -1): null

2019-08-24 12:16:58 - [TEST_STEP][PASSED] - free_spin_reel_counter = free_spin_reel_counter: null

2019-08-24 12:16:58 - [TEST_STEP][PASSED] - println("reel 3 wild found: " + free_spin_reel_counter[0]): null

2019-08-24 12:16:58 - [TEST_STEP][PASSED] - println("reel 4 wild found: " + free_spin_reel_counter[1]): null

2019-08-24 12:16:58 - [TEST_STEP][PASSED] - println("reel 5 wild found: " + free_spin_reel_counter[2]): null

2019-08-24 12:16:58 - [TEST_STEP][PASSED] - M4_spin_reels = M4_spin_reels: null

2019-08-24 12:16:58 - [TEST_STEP][PASSED] - M4_spin_reels_symbols = symbol: null

2019-08-24 12:16:58 - [TEST_STEP][PASSED] - M4_spin_reels_symbols = M4_spin_reels_symbols: null

2019-08-24 12:16:58 - [TEST_STEP][PASSED] - M4_spin_reel_wins = reel_wins: null

2019-08-24 12:16:58 - [TEST_STEP][PASSED] - M4_spin_reel_wins = M4_spin_reel_wins: null

2019-08-24 12:16:58 - [TEST_STEP][PASSED] - println("GlobalVariable.M4_spin_reel_wins is: " + M4_spin_reel_wins): null

2019-08-24 12:16:58 - [TEST_STEP][PASSED] - M4_spin_total_bonus_win_this_round = total_bonus_win_this_round: null

2019-08-24 12:16:58 - [TEST_STEP][PASSED] - M4_spin_total_bonus_win_this_round = M4_spin_total_bonus_win_this_round: null

2019-08-24 12:16:58 - [TEST_STEP][PASSED] - println("GlobalVariable.M4_spin_total_bonus_win_this_round is: " + M4_spin_total_bonus_win_this_round): null

2019-08-24 12:16:58 - [TEST_STEP][PASSED] - M4_spin_bonus_spin_result = spin_result: null

2019-08-24 12:16:58 - [TEST_STEP][PASSED] - M4_spin_bonus_spin_result = M4_spin_bonus_spin_result: null

2019-08-24 12:16:58 - [MESSAGE][PASSED] - Verify response successfully

2019-08-24 12:16:58 - [MESSAGE][PASSED] - Send request and verify the response successfully

2019-08-24 12:16:58 - [TEST_STEP][PASSED] - if (M4_total_bonus_spins_int != 0 &amp;&amp; M4_spin_reels_symbols[2].contains("WILD_ExtraFG") || M4_spin_reels_symbols[3].contains("WILD_ExtraFG")): null

2019-08-24 12:16:58 - [TEST_STEP][PASSED] - free_spin_reel_counter = free_spin_reel_counter: null

2019-08-24 12:16:58 - [TEST_STEP][PASSED] - M4_spin_reels_symbols = M4_spin_reels_symbols: null

2019-08-24 12:16:58 - [TEST_STEP][PASSED] - M4_total_bonus_spins = M4_total_bonus_spins: null

2019-08-24 12:16:58 - [TEST_STEP][PASSED] - spin_result = sendRequestAndVerify(findTestObject("INT/RGS(M4)/1_M4_spin", ["M4_login_user_id":M4_login_user_id, "rgs_session_token":rgs_session_token, "partner":Partner])): Send request and verify the response successfully

2019-08-24 12:16:58 - [MESSAGE][INFO] - HAR: /Users/eiralee/Katalon_Script/SuperWild/Reports/20190824_120919/INT/superWild_3/20190824_120919/requests/main/130.har

2019-08-24 12:16:58 - [TEST_CASE][PASSED] - Start Test Case : Verification: Verification accomplished successfully

2019-08-24 12:16:58 - [TEST_STEP][PASSED] - request = getInstance().getCurrentRequest(): null

2019-08-24 12:16:58 - [TEST_STEP][PASSED] - response = getInstance().getCurrentResponse(): null

2019-08-24 12:16:58 - [TEST_STEP][PASSED] - verifyResponseStatusCode(response, 200): Verify response status code successfully

2019-08-24 12:16:58 - [MESSAGE][PASSED] - Verify response status code successfully

2019-08-24 12:16:58 - [TEST_STEP][PASSED] - getStatusCode()).isEqualTo(200): null

2019-08-24 12:16:58 - [TEST_STEP][PASSED] - newline = System.getProperty("line.separator"): null

2019-08-24 12:16:58 - [TEST_STEP][PASSED] - M4_spin = new groovy.json.JsonSlurper(): null

2019-08-24 12:16:58 - [TEST_STEP][PASSED] - result_M4_spin = M4_spin.parseText(response.getResponseBodyContent()): null

2019-08-24 12:16:58 - [TEST_STEP][PASSED] - M4_spin_current_balance = current_balance: null

2019-08-24 12:16:58 - [TEST_STEP][PASSED] - M4_spin_current_balance = M4_spin_current_balance: null

2019-08-24 12:16:58 - [TEST_STEP][PASSED] - M4_spin_transaction_id = causality: null

2019-08-24 12:16:58 - [TEST_STEP][PASSED] - M4_spin_transaction_id = M4_spin_transaction_id: null

2019-08-24 12:16:58 - [TEST_STEP][PASSED] - M4_spin_round_id = round_id: null

2019-08-24 12:16:58 - [TEST_STEP][PASSED] - M4_spin_round_id = M4_spin_round_id: null

2019-08-24 12:16:58 - [TEST_STEP][PASSED] - M4_spin_line_wins = line_wins: null

2019-08-24 12:16:58 - [TEST_STEP][PASSED] - M4_spin_line_wins = M4_spin_line_wins: null

2019-08-24 12:16:58 - [TEST_STEP][PASSED] - M4_total_bonus_spins_int = total_bonus_spins: null

2019-08-24 12:16:58 - [TEST_STEP][PASSED] - println("******M4_total_bonus_spins type is:*******" + newline + getClass().getName()): null

2019-08-24 12:16:58 - [TEST_STEP][PASSED] - M4_total_bonus_spins_int = M4_total_bonus_spins_int: null

2019-08-24 12:16:58 - [TEST_STEP][PASSED] - M4_total_bonus_spins = Integer.toString(M4_total_bonus_spins_int): null

2019-08-24 12:16:58 - [TEST_STEP][PASSED] - M4_total_bonus_spins = M4_total_bonus_spins: null

2019-08-24 12:16:58 - [TEST_STEP][PASSED] - println("M4_total_bonus_spins is:" + M4_total_bonus_spins): null

2019-08-24 12:16:58 - [TEST_STEP][PASSED] - M4_spin_bonus_data = bonus_data: null

2019-08-24 12:16:58 - [TEST_STEP][PASSED] - M4_spin_features_triggered = result_M4_spin: null

2019-08-24 12:16:58 - [TEST_STEP][PASSED] - wild = []: null

2019-08-24 12:16:58 - [TEST_STEP][PASSED] - wild[0] = "WILD_Expanding": null

2019-08-24 12:16:58 - [TEST_STEP][PASSED] - wild[1] = "WILD_Normal": null

2019-08-24 12:16:58 - [TEST_STEP][PASSED] - wild[2] = "WILD_Double": null

2019-08-24 12:16:58 - [TEST_STEP][PASSED] - wild[3] = "WILD_ExtraFG": null

2019-08-24 12:16:58 - [TEST_STEP][PASSED] - wild[4] = "WILD_Triple": null

2019-08-24 12:16:58 - [TEST_STEP][PASSED] - wildList = Arrays.asList(wild): null

2019-08-24 12:16:58 - [TEST_STEP][PASSED] - wildList = wildList: null

2019-08-24 12:16:58 - [TEST_STEP][PASSED] - free_spin_reel_counter = []: null

2019-08-24 12:16:58 - [TEST_STEP][PASSED] - free_spin_reel_counter[0] = 0: null

2019-08-24 12:16:58 - [TEST_STEP][PASSED] - free_spin_reel_counter[1] = 0: null

2019-08-24 12:17:02 - [TEST_STEP][PASSED] - free_spin_reel_counter[2] = 0: null

2019-08-24 12:17:02 - [TEST_STEP][PASSED] - M4_spin_reels = reels: null

2019-08-24 12:17:02 - [TEST_STEP][PASSED] - for ([i = 0, i &lt; M4_spin_reels.size(), (i++)]): null

2019-08-24 12:17:02 - [TEST_STEP][PASSED] - symbols = symbols: null

2019-08-24 12:17:02 - [TEST_STEP][PASSED] - for ([j = 0, j &lt; symbols.size(), (j++)]): null

2019-08-24 12:17:02 - [TEST_STEP][PASSED] - symbol = symbol: null

2019-08-24 12:17:02 - [TEST_STEP][PASSED] - println(symbol): null

2019-08-24 12:17:02 - [TEST_STEP][PASSED] - if (i == 2 &amp;&amp; wildList.indexOf(symbol) != -1): null

2019-08-24 12:17:02 - [TEST_STEP][PASSED] - if (i == 3 &amp;&amp; wildList.indexOf(symbol) != -1): null

2019-08-24 12:17:02 - [TEST_STEP][PASSED] - if (i == 4 &amp;&amp; wildList.indexOf(symbol) != -1): null

2019-08-24 12:17:02 - [TEST_STEP][PASSED] - symbol = symbol: null

2019-08-24 12:17:02 - [TEST_STEP][PASSED] - println(symbol): null

2019-08-24 12:17:05 - [TEST_STEP][PASSED] - if (i == 2 &amp;&amp; wildList.indexOf(symbol) != -1): null

2019-08-24 12:17:05 - [TEST_STEP][PASSED] - if (i == 3 &amp;&amp; wildList.indexOf(symbol) != -1): null

2019-08-24 12:17:05 - [TEST_STEP][PASSED] - if (i == 4 &amp;&amp; wildList.indexOf(symbol) != -1): null

2019-08-24 12:17:05 - [TEST_STEP][PASSED] - symbol = symbol: null

2019-08-24 12:17:05 - [TEST_STEP][PASSED] - println(symbol): null

2019-08-24 12:17:05 - [TEST_STEP][PASSED] - if (i == 2 &amp;&amp; wildList.indexOf(symbol) != -1): null

2019-08-24 12:17:05 - [TEST_STEP][PASSED] - if (i == 3 &amp;&amp; wildList.indexOf(symbol) != -1): null

2019-08-24 12:17:05 - [TEST_STEP][PASSED] - if (i == 4 &amp;&amp; wildList.indexOf(symbol) != -1): null

2019-08-24 12:17:05 - [TEST_STEP][PASSED] - symbols = symbols: null

2019-08-24 12:17:05 - [TEST_STEP][PASSED] - for ([j = 0, j &lt; symbols.size(), (j++)]): null

2019-08-24 12:17:05 - [TEST_STEP][PASSED] - symbol = symbol: null

2019-08-24 12:17:05 - [TEST_STEP][PASSED] - println(symbol): null

2019-08-24 12:17:05 - [TEST_STEP][PASSED] - if (i == 2 &amp;&amp; wildList.indexOf(symbol) != -1): null

2019-08-24 12:17:05 - [TEST_STEP][PASSED] - if (i == 3 &amp;&amp; wildList.indexOf(symbol) != -1): null

2019-08-24 12:17:05 - [TEST_STEP][PASSED] - if (i == 4 &amp;&amp; wildList.indexOf(symbol) != -1): null

2019-08-24 12:17:05 - [TEST_STEP][PASSED] - symbol = symbol: null

2019-08-24 12:17:05 - [TEST_STEP][PASSED] - println(symbol): null

2019-08-24 12:17:05 - [TEST_STEP][PASSED] - if (i == 2 &amp;&amp; wildList.indexOf(symbol) != -1): null

2019-08-24 12:17:05 - [TEST_STEP][PASSED] - if (i == 3 &amp;&amp; wildList.indexOf(symbol) != -1): null

2019-08-24 12:17:05 - [TEST_STEP][PASSED] - if (i == 4 &amp;&amp; wildList.indexOf(symbol) != -1): null

2019-08-24 12:17:05 - [TEST_STEP][PASSED] - symbol = symbol: null

2019-08-24 12:17:05 - [TEST_STEP][PASSED] - println(symbol): null

2019-08-24 12:17:05 - [TEST_STEP][PASSED] - if (i == 2 &amp;&amp; wildList.indexOf(symbol) != -1): null

2019-08-24 12:17:05 - [TEST_STEP][PASSED] - if (i == 3 &amp;&amp; wildList.indexOf(symbol) != -1): null

2019-08-24 12:17:05 - [TEST_STEP][PASSED] - if (i == 4 &amp;&amp; wildList.indexOf(symbol) != -1): null

2019-08-24 12:17:05 - [TEST_STEP][PASSED] - symbols = symbols: null

2019-08-24 12:17:05 - [TEST_STEP][PASSED] - for ([j = 0, j &lt; symbols.size(), (j++)]): null

2019-08-24 12:17:05 - [TEST_STEP][PASSED] - symbol = symbol: null

2019-08-24 12:17:05 - [TEST_STEP][PASSED] - println(symbol): null

2019-08-24 12:17:05 - [TEST_STEP][PASSED] - if (i == 2 &amp;&amp; wildList.indexOf(symbol) != -1): null

2019-08-24 12:17:05 - [TEST_STEP][PASSED] - if (i == 3 &amp;&amp; wildList.indexOf(symbol) != -1): null

2019-08-24 12:17:05 - [TEST_STEP][PASSED] - if (i == 4 &amp;&amp; wildList.indexOf(symbol) != -1): null

2019-08-24 12:17:05 - [TEST_STEP][PASSED] - symbol = symbol: null

2019-08-24 12:17:05 - [TEST_STEP][PASSED] - println(symbol): null

2019-08-24 12:17:05 - [TEST_STEP][PASSED] - if (i == 2 &amp;&amp; wildList.indexOf(symbol) != -1): null

2019-08-24 12:17:05 - [TEST_STEP][PASSED] - if (i == 3 &amp;&amp; wildList.indexOf(symbol) != -1): null

2019-08-24 12:17:05 - [TEST_STEP][PASSED] - if (i == 4 &amp;&amp; wildList.indexOf(symbol) != -1): null

2019-08-24 12:17:05 - [TEST_STEP][PASSED] - symbol = symbol: null

2019-08-24 12:17:05 - [TEST_STEP][PASSED] - println(symbol): null

2019-08-24 12:17:05 - [TEST_STEP][PASSED] - if (i == 2 &amp;&amp; wildList.indexOf(symbol) != -1): null

2019-08-24 12:17:05 - [TEST_STEP][PASSED] - if (i == 3 &amp;&amp; wildList.indexOf(symbol) != -1): null

2019-08-24 12:17:05 - [TEST_STEP][PASSED] - if (i == 4 &amp;&amp; wildList.indexOf(symbol) != -1): null

2019-08-24 12:17:05 - [TEST_STEP][PASSED] - symbols = symbols: null

2019-08-24 12:17:05 - [TEST_STEP][PASSED] - for ([j = 0, j &lt; symbols.size(), (j++)]): null

2019-08-24 12:17:05 - [TEST_STEP][PASSED] - symbol = symbol: null

2019-08-24 12:17:05 - [TEST_STEP][PASSED] - println(symbol): null

2019-08-24 12:17:05 - [TEST_STEP][PASSED] - if (i == 2 &amp;&amp; wildList.indexOf(symbol) != -1): null

2019-08-24 12:17:05 - [TEST_STEP][PASSED] - if (i == 3 &amp;&amp; wildList.indexOf(symbol) != -1): null

2019-08-24 12:17:05 - [TEST_STEP][PASSED] - if (i == 4 &amp;&amp; wildList.indexOf(symbol) != -1): null

2019-08-24 12:17:05 - [TEST_STEP][PASSED] - symbol = symbol: null

2019-08-24 12:17:05 - [TEST_STEP][PASSED] - println(symbol): null

2019-08-24 12:17:05 - [TEST_STEP][PASSED] - if (i == 2 &amp;&amp; wildList.indexOf(symbol) != -1): null

2019-08-24 12:17:05 - [TEST_STEP][PASSED] - if (i == 3 &amp;&amp; wildList.indexOf(symbol) != -1): null

2019-08-24 12:17:05 - [TEST_STEP][PASSED] - if (i == 4 &amp;&amp; wildList.indexOf(symbol) != -1): null

2019-08-24 12:17:05 - [TEST_STEP][PASSED] - symbol = symbol: null

2019-08-24 12:17:05 - [TEST_STEP][PASSED] - println(symbol): null

2019-08-24 12:17:05 - [TEST_STEP][PASSED] - if (i == 2 &amp;&amp; wildList.indexOf(symbol) != -1): null

2019-08-24 12:17:05 - [TEST_STEP][PASSED] - if (i == 3 &amp;&amp; wildList.indexOf(symbol) != -1): null

2019-08-24 12:17:05 - [TEST_STEP][PASSED] - if (i == 4 &amp;&amp; wildList.indexOf(symbol) != -1): null

2019-08-24 12:17:05 - [TEST_STEP][PASSED] - symbols = symbols: null

2019-08-24 12:17:05 - [TEST_STEP][PASSED] - for ([j = 0, j &lt; symbols.size(), (j++)]): null

2019-08-24 12:17:05 - [TEST_STEP][PASSED] - symbol = symbol: null

2019-08-24 12:17:05 - [TEST_STEP][PASSED] - println(symbol): null

2019-08-24 12:17:05 - [TEST_STEP][PASSED] - if (i == 2 &amp;&amp; wildList.indexOf(symbol) != -1): null

2019-08-24 12:17:05 - [TEST_STEP][PASSED] - if (i == 3 &amp;&amp; wildList.indexOf(symbol) != -1): null

2019-08-24 12:17:05 - [TEST_STEP][PASSED] - if (i == 4 &amp;&amp; wildList.indexOf(symbol) != -1): null

2019-08-24 12:17:05 - [TEST_STEP][PASSED] - symbol = symbol: null

2019-08-24 12:17:05 - [TEST_STEP][PASSED] - println(symbol): null

2019-08-24 12:17:05 - [TEST_STEP][PASSED] - if (i == 2 &amp;&amp; wildList.indexOf(symbol) != -1): null

2019-08-24 12:17:05 - [TEST_STEP][PASSED] - if (i == 3 &amp;&amp; wildList.indexOf(symbol) != -1): null

2019-08-24 12:17:05 - [TEST_STEP][PASSED] - if (i == 4 &amp;&amp; wildList.indexOf(symbol) != -1): null

2019-08-24 12:17:05 - [TEST_STEP][PASSED] - symbol = symbol: null

2019-08-24 12:17:05 - [TEST_STEP][PASSED] - println(symbol): null

2019-08-24 12:17:05 - [TEST_STEP][PASSED] - if (i == 2 &amp;&amp; wildList.indexOf(symbol) != -1): null

2019-08-24 12:17:05 - [TEST_STEP][PASSED] - if (i == 3 &amp;&amp; wildList.indexOf(symbol) != -1): null

2019-08-24 12:17:05 - [TEST_STEP][PASSED] - if (i == 4 &amp;&amp; wildList.indexOf(symbol) != -1): null

2019-08-24 12:17:05 - [TEST_STEP][PASSED] - free_spin_reel_counter = free_spin_reel_counter: null

2019-08-24 12:17:05 - [TEST_STEP][PASSED] - println("reel 3 wild found: " + free_spin_reel_counter[0]): null

2019-08-24 12:17:05 - [TEST_STEP][PASSED] - println("reel 4 wild found: " + free_spin_reel_counter[1]): null

2019-08-24 12:17:05 - [TEST_STEP][PASSED] - println("reel 5 wild found: " + free_spin_reel_counter[2]): null

2019-08-24 12:17:05 - [TEST_STEP][PASSED] - M4_spin_reels = M4_spin_reels: null

2019-08-24 12:17:05 - [TEST_STEP][PASSED] - M4_spin_reels_symbols = symbol: null

2019-08-24 12:17:05 - [TEST_STEP][PASSED] - M4_spin_reels_symbols = M4_spin_reels_symbols: null

2019-08-24 12:17:05 - [TEST_STEP][PASSED] - M4_spin_reel_wins = reel_wins: null

2019-08-24 12:17:05 - [TEST_STEP][PASSED] - M4_spin_reel_wins = M4_spin_reel_wins: null

2019-08-24 12:17:05 - [TEST_STEP][PASSED] - println("GlobalVariable.M4_spin_reel_wins is: " + M4_spin_reel_wins): null

2019-08-24 12:17:05 - [TEST_STEP][PASSED] - M4_spin_total_bonus_win_this_round = total_bonus_win_this_round: null

2019-08-24 12:17:05 - [TEST_STEP][PASSED] - M4_spin_total_bonus_win_this_round = M4_spin_total_bonus_win_this_round: null

2019-08-24 12:17:05 - [TEST_STEP][PASSED] - println("GlobalVariable.M4_spin_total_bonus_win_this_round is: " + M4_spin_total_bonus_win_this_round): null

2019-08-24 12:17:05 - [TEST_STEP][PASSED] - M4_spin_bonus_spin_result = spin_result: null

2019-08-24 12:17:05 - [TEST_STEP][PASSED] - M4_spin_bonus_spin_result = M4_spin_bonus_spin_result: null

2019-08-24 12:17:05 - [MESSAGE][PASSED] - Verify response successfully

2019-08-24 12:17:05 - [MESSAGE][PASSED] - Send request and verify the response successfully

2019-08-24 12:17:05 - [TEST_STEP][PASSED] - if (M4_total_bonus_spins_int != 0 &amp;&amp; M4_spin_reels_symbols[2].contains("WILD_ExtraFG") || M4_spin_reels_symbols[3].contains("WILD_ExtraFG")): null

2019-08-24 12:17:05 - [TEST_STEP][PASSED] - free_spin_reel_counter = free_spin_reel_counter: null

2019-08-24 12:17:05 - [TEST_STEP][PASSED] - M4_spin_reels_symbols = M4_spin_reels_symbols: null

2019-08-24 12:17:05 - [TEST_STEP][PASSED] - M4_total_bonus_spins = M4_total_bonus_spins: null

2019-08-24 12:17:05 - [TEST_STEP][PASSED] - spin_result = sendRequestAndVerify(findTestObject("INT/RGS(M4)/1_M4_spin", ["M4_login_user_id":M4_login_user_id, "rgs_session_token":rgs_session_token, "partner":Partner])): Send request and verify the response successfully

2019-08-24 12:17:06 - [MESSAGE][INFO] - HAR: /Users/eiralee/Katalon_Script/SuperWild/Reports/20190824_120919/INT/superWild_3/20190824_120919/requests/main/131.har

2019-08-24 12:17:06 - [TEST_CASE][PASSED] - Start Test Case : Verification: Verification accomplished successfully

2019-08-24 12:17:06 - [TEST_STEP][PASSED] - request = getInstance().getCurrentRequest(): null

2019-08-24 12:17:06 - [TEST_STEP][PASSED] - response = getInstance().getCurrentResponse(): null

2019-08-24 12:17:06 - [TEST_STEP][PASSED] - verifyResponseStatusCode(response, 200): Verify response status code successfully

2019-08-24 12:17:06 - [MESSAGE][PASSED] - Verify response status code successfully

2019-08-24 12:17:06 - [TEST_STEP][PASSED] - getStatusCode()).isEqualTo(200): null

2019-08-24 12:17:06 - [TEST_STEP][PASSED] - newline = System.getProperty("line.separator"): null

2019-08-24 12:17:06 - [TEST_STEP][PASSED] - M4_spin = new groovy.json.JsonSlurper(): null

2019-08-24 12:17:06 - [TEST_STEP][PASSED] - result_M4_spin = M4_spin.parseText(response.getResponseBodyContent()): null

2019-08-24 12:17:06 - [TEST_STEP][PASSED] - M4_spin_current_balance = current_balance: null

2019-08-24 12:17:06 - [TEST_STEP][PASSED] - M4_spin_current_balance = M4_spin_current_balance: null

2019-08-24 12:17:06 - [TEST_STEP][PASSED] - M4_spin_transaction_id = causality: null

2019-08-24 12:17:06 - [TEST_STEP][PASSED] - M4_spin_transaction_id = M4_spin_transaction_id: null

2019-08-24 12:17:06 - [TEST_STEP][PASSED] - M4_spin_round_id = round_id: null

2019-08-24 12:17:06 - [TEST_STEP][PASSED] - M4_spin_round_id = M4_spin_round_id: null

2019-08-24 12:17:06 - [TEST_STEP][PASSED] - M4_spin_line_wins = line_wins: null

2019-08-24 12:17:06 - [TEST_STEP][PASSED] - M4_spin_line_wins = M4_spin_line_wins: null

2019-08-24 12:17:06 - [TEST_STEP][PASSED] - M4_total_bonus_spins_int = total_bonus_spins: null

2019-08-24 12:17:06 - [TEST_STEP][PASSED] - println("******M4_total_bonus_spins type is:*******" + newline + getClass().getName()): null

2019-08-24 12:17:06 - [TEST_STEP][PASSED] - M4_total_bonus_spins_int = M4_total_bonus_spins_int: null

2019-08-24 12:17:06 - [TEST_STEP][PASSED] - M4_total_bonus_spins = Integer.toString(M4_total_bonus_spins_int): null

2019-08-24 12:17:06 - [TEST_STEP][PASSED] - M4_total_bonus_spins = M4_total_bonus_spins: null

2019-08-24 12:17:06 - [TEST_STEP][PASSED] - println("M4_total_bonus_spins is:" + M4_total_bonus_spins): null

2019-08-24 12:17:06 - [TEST_STEP][PASSED] - M4_spin_bonus_data = bonus_data: null

2019-08-24 12:17:06 - [TEST_STEP][PASSED] - M4_spin_features_triggered = result_M4_spin: null

2019-08-24 12:17:06 - [TEST_STEP][PASSED] - wild = []: null

2019-08-24 12:17:06 - [TEST_STEP][PASSED] - wild[0] = "WILD_Expanding": null

2019-08-24 12:17:06 - [TEST_STEP][PASSED] - wild[1] = "WILD_Normal": null

2019-08-24 12:17:06 - [TEST_STEP][PASSED] - wild[2] = "WILD_Double": null

2019-08-24 12:17:06 - [TEST_STEP][PASSED] - wild[3] = "WILD_ExtraFG": null

2019-08-24 12:17:06 - [TEST_STEP][PASSED] - wild[4] = "WILD_Triple": null

2019-08-24 12:17:06 - [TEST_STEP][PASSED] - wildList = Arrays.asList(wild): null

2019-08-24 12:17:06 - [TEST_STEP][PASSED] - wildList = wildList: null

2019-08-24 12:17:06 - [TEST_STEP][PASSED] - free_spin_reel_counter = []: null

2019-08-24 12:17:06 - [TEST_STEP][PASSED] - free_spin_reel_counter[0] = 0: null

2019-08-24 12:17:06 - [TEST_STEP][PASSED] - free_spin_reel_counter[1] = 0: null

2019-08-24 12:17:06 - [TEST_STEP][PASSED] - free_spin_reel_counter[2] = 0: null

2019-08-24 12:17:06 - [TEST_STEP][PASSED] - M4_spin_reels = reels: null

2019-08-24 12:17:06 - [TEST_STEP][PASSED] - for ([i = 0, i &lt; M4_spin_reels.size(), (i++)]): null

2019-08-24 12:17:06 - [TEST_STEP][PASSED] - symbols = symbols: null

2019-08-24 12:17:06 - [TEST_STEP][PASSED] - for ([j = 0, j &lt; symbols.size(), (j++)]): null

2019-08-24 12:17:06 - [TEST_STEP][PASSED] - symbol = symbol: null

2019-08-24 12:17:06 - [TEST_STEP][PASSED] - println(symbol): null

2019-08-24 12:17:06 - [TEST_STEP][PASSED] - if (i == 2 &amp;&amp; wildList.indexOf(symbol) != -1): null

2019-08-24 12:17:06 - [TEST_STEP][PASSED] - if (i == 3 &amp;&amp; wildList.indexOf(symbol) != -1): null

2019-08-24 12:17:06 - [TEST_STEP][PASSED] - if (i == 4 &amp;&amp; wildList.indexOf(symbol) != -1): null

2019-08-24 12:17:06 - [TEST_STEP][PASSED] - symbol = symbol: null

2019-08-24 12:17:06 - [TEST_STEP][PASSED] - println(symbol): null

2019-08-24 12:17:06 - [TEST_STEP][PASSED] - if (i == 2 &amp;&amp; wildList.indexOf(symbol) != -1): null

2019-08-24 12:17:06 - [TEST_STEP][PASSED] - if (i == 3 &amp;&amp; wildList.indexOf(symbol) != -1): null

2019-08-24 12:17:06 - [TEST_STEP][PASSED] - if (i == 4 &amp;&amp; wildList.indexOf(symbol) != -1): null

2019-08-24 12:17:06 - [TEST_STEP][PASSED] - symbol = symbol: null

2019-08-24 12:17:06 - [TEST_STEP][PASSED] - println(symbol): null

2019-08-24 12:17:06 - [TEST_STEP][PASSED] - if (i == 2 &amp;&amp; wildList.indexOf(symbol) != -1): null

2019-08-24 12:17:06 - [TEST_STEP][PASSED] - if (i == 3 &amp;&amp; wildList.indexOf(symbol) != -1): null

2019-08-24 12:17:06 - [TEST_STEP][PASSED] - if (i == 4 &amp;&amp; wildList.indexOf(symbol) != -1): null

2019-08-24 12:17:06 - [TEST_STEP][PASSED] - symbols = symbols: null

2019-08-24 12:17:06 - [TEST_STEP][PASSED] - for ([j = 0, j &lt; symbols.size(), (j++)]): null

2019-08-24 12:17:06 - [TEST_STEP][PASSED] - symbol = symbol: null

2019-08-24 12:17:06 - [TEST_STEP][PASSED] - println(symbol): null

2019-08-24 12:17:06 - [TEST_STEP][PASSED] - if (i == 2 &amp;&amp; wildList.indexOf(symbol) != -1): null

2019-08-24 12:17:06 - [TEST_STEP][PASSED] - if (i == 3 &amp;&amp; wildList.indexOf(symbol) != -1): null

2019-08-24 12:17:06 - [TEST_STEP][PASSED] - if (i == 4 &amp;&amp; wildList.indexOf(symbol) != -1): null

2019-08-24 12:17:06 - [TEST_STEP][PASSED] - symbol = symbol: null

2019-08-24 12:17:06 - [TEST_STEP][PASSED] - println(symbol): null

2019-08-24 12:17:06 - [TEST_STEP][PASSED] - if (i == 2 &amp;&amp; wildList.indexOf(symbol) != -1): null

2019-08-24 12:17:06 - [TEST_STEP][PASSED] - if (i == 3 &amp;&amp; wildList.indexOf(symbol) != -1): null

2019-08-24 12:17:06 - [TEST_STEP][PASSED] - if (i == 4 &amp;&amp; wildList.indexOf(symbol) != -1): null

2019-08-24 12:17:06 - [TEST_STEP][PASSED] - symbol = symbol: null

2019-08-24 12:17:06 - [TEST_STEP][PASSED] - println(symbol): null

2019-08-24 12:17:06 - [TEST_STEP][PASSED] - if (i == 2 &amp;&amp; wildList.indexOf(symbol) != -1): null

2019-08-24 12:17:06 - [TEST_STEP][PASSED] - if (i == 3 &amp;&amp; wildList.indexOf(symbol) != -1): null

2019-08-24 12:17:06 - [TEST_STEP][PASSED] - if (i == 4 &amp;&amp; wildList.indexOf(symbol) != -1): null

2019-08-24 12:17:06 - [TEST_STEP][PASSED] - symbols = symbols: null

2019-08-24 12:17:06 - [TEST_STEP][PASSED] - for ([j = 0, j &lt; symbols.size(), (j++)]): null

2019-08-24 12:17:06 - [TEST_STEP][PASSED] - symbol = symbol: null

2019-08-24 12:17:06 - [TEST_STEP][PASSED] - println(symbol): null

2019-08-24 12:17:06 - [TEST_STEP][PASSED] - if (i == 2 &amp;&amp; wildList.indexOf(symbol) != -1): null

2019-08-24 12:17:06 - [TEST_STEP][PASSED] - if (i == 3 &amp;&amp; wildList.indexOf(symbol) != -1): null

2019-08-24 12:17:06 - [TEST_STEP][PASSED] - if (i == 4 &amp;&amp; wildList.indexOf(symbol) != -1): null

2019-08-24 12:17:06 - [TEST_STEP][PASSED] - symbol = symbol: null

2019-08-24 12:17:06 - [TEST_STEP][PASSED] - println(symbol): null

2019-08-24 12:17:06 - [TEST_STEP][PASSED] - if (i == 2 &amp;&amp; wildList.indexOf(symbol) != -1): null

2019-08-24 12:17:06 - [TEST_STEP][PASSED] - println("wild found on reel 3, adding counter by 1"): null

2019-08-24 12:17:06 - [TEST_STEP][PASSED] - free_spin_reel_counter[0] = free_spin_reel_counter[0] + 1: null

2019-08-24 12:17:06 - [TEST_STEP][PASSED] - if (i == 3 &amp;&amp; wildList.indexOf(symbol) != -1): null

2019-08-24 12:17:06 - [TEST_STEP][PASSED] - if (i == 4 &amp;&amp; wildList.indexOf(symbol) != -1): null

2019-08-24 12:17:06 - [TEST_STEP][PASSED] - symbol = symbol: null

2019-08-24 12:17:06 - [TEST_STEP][PASSED] - println(symbol): null

2019-08-24 12:17:06 - [TEST_STEP][PASSED] - if (i == 2 &amp;&amp; wildList.indexOf(symbol) != -1): null

2019-08-24 12:17:06 - [TEST_STEP][PASSED] - if (i == 3 &amp;&amp; wildList.indexOf(symbol) != -1): null

2019-08-24 12:17:06 - [TEST_STEP][PASSED] - if (i == 4 &amp;&amp; wildList.indexOf(symbol) != -1): null

2019-08-24 12:17:06 - [TEST_STEP][PASSED] - symbols = symbols: null

2019-08-24 12:17:06 - [TEST_STEP][PASSED] - for ([j = 0, j &lt; symbols.size(), (j++)]): null

2019-08-24 12:17:06 - [TEST_STEP][PASSED] - symbol = symbol: null

2019-08-24 12:17:06 - [TEST_STEP][PASSED] - println(symbol): null

2019-08-24 12:17:06 - [TEST_STEP][PASSED] - if (i == 2 &amp;&amp; wildList.indexOf(symbol) != -1): null

2019-08-24 12:17:06 - [TEST_STEP][PASSED] - if (i == 3 &amp;&amp; wildList.indexOf(symbol) != -1): null

2019-08-24 12:17:06 - [TEST_STEP][PASSED] - if (i == 4 &amp;&amp; wildList.indexOf(symbol) != -1): null

2019-08-24 12:17:06 - [TEST_STEP][PASSED] - symbol = symbol: null

2019-08-24 12:17:06 - [TEST_STEP][PASSED] - println(symbol): null

2019-08-24 12:17:06 - [TEST_STEP][PASSED] - if (i == 2 &amp;&amp; wildList.indexOf(symbol) != -1): null

2019-08-24 12:17:06 - [TEST_STEP][PASSED] - if (i == 3 &amp;&amp; wildList.indexOf(symbol) != -1): null

2019-08-24 12:17:06 - [TEST_STEP][PASSED] - if (i == 4 &amp;&amp; wildList.indexOf(symbol) != -1): null

2019-08-24 12:17:06 - [TEST_STEP][PASSED] - symbol = symbol: null

2019-08-24 12:17:06 - [TEST_STEP][PASSED] - println(symbol): null

2019-08-24 12:17:06 - [TEST_STEP][PASSED] - if (i == 2 &amp;&amp; wildList.indexOf(symbol) != -1): null

2019-08-24 12:17:06 - [TEST_STEP][PASSED] - if (i == 3 &amp;&amp; wildList.indexOf(symbol) != -1): null

2019-08-24 12:17:06 - [TEST_STEP][PASSED] - if (i == 4 &amp;&amp; wildList.indexOf(symbol) != -1): null

2019-08-24 12:17:06 - [TEST_STEP][PASSED] - symbols = symbols: null

2019-08-24 12:17:06 - [TEST_STEP][PASSED] - for ([j = 0, j &lt; symbols.size(), (j++)]): null

2019-08-24 12:17:06 - [TEST_STEP][PASSED] - symbol = symbol: null

2019-08-24 12:17:06 - [TEST_STEP][PASSED] - println(symbol): null

2019-08-24 12:17:06 - [TEST_STEP][PASSED] - if (i == 2 &amp;&amp; wildList.indexOf(symbol) != -1): null

2019-08-24 12:17:06 - [TEST_STEP][PASSED] - if (i == 3 &amp;&amp; wildList.indexOf(symbol) != -1): null

2019-08-24 12:17:06 - [TEST_STEP][PASSED] - if (i == 4 &amp;&amp; wildList.indexOf(symbol) != -1): null

2019-08-24 12:17:06 - [TEST_STEP][PASSED] - symbol = symbol: null

2019-08-24 12:17:06 - [TEST_STEP][PASSED] - println(symbol): null

2019-08-24 12:17:06 - [TEST_STEP][PASSED] - if (i == 2 &amp;&amp; wildList.indexOf(symbol) != -1): null

2019-08-24 12:17:06 - [TEST_STEP][PASSED] - if (i == 3 &amp;&amp; wildList.indexOf(symbol) != -1): null

2019-08-24 12:17:06 - [TEST_STEP][PASSED] - if (i == 4 &amp;&amp; wildList.indexOf(symbol) != -1): null

2019-08-24 12:17:06 - [TEST_STEP][PASSED] - symbol = symbol: null

2019-08-24 12:17:06 - [TEST_STEP][PASSED] - println(symbol): null

2019-08-24 12:17:06 - [TEST_STEP][PASSED] - if (i == 2 &amp;&amp; wildList.indexOf(symbol) != -1): null

2019-08-24 12:17:06 - [TEST_STEP][PASSED] - if (i == 3 &amp;&amp; wildList.indexOf(symbol) != -1): null

2019-08-24 12:17:06 - [TEST_STEP][PASSED] - if (i == 4 &amp;&amp; wildList.indexOf(symbol) != -1): null

2019-08-24 12:17:06 - [TEST_STEP][PASSED] - free_spin_reel_counter = free_spin_reel_counter: null

2019-08-24 12:17:06 - [TEST_STEP][PASSED] - println("reel 3 wild found: " + free_spin_reel_counter[0]): null

2019-08-24 12:17:06 - [TEST_STEP][PASSED] - println("reel 4 wild found: " + free_spin_reel_counter[1]): null

2019-08-24 12:17:06 - [TEST_STEP][PASSED] - println("reel 5 wild found: " + free_spin_reel_counter[2]): null

2019-08-24 12:17:06 - [TEST_STEP][PASSED] - M4_spin_reels = M4_spin_reels: null

2019-08-24 12:17:06 - [TEST_STEP][PASSED] - M4_spin_reels_symbols = symbol: null

2019-08-24 12:17:06 - [TEST_STEP][PASSED] - M4_spin_reels_symbols = M4_spin_reels_symbols: null

2019-08-24 12:17:06 - [TEST_STEP][PASSED] - M4_spin_reel_wins = reel_wins: null

2019-08-24 12:17:06 - [TEST_STEP][PASSED] - M4_spin_reel_wins = M4_spin_reel_wins: null

2019-08-24 12:17:06 - [TEST_STEP][PASSED] - println("GlobalVariable.M4_spin_reel_wins is: " + M4_spin_reel_wins): null

2019-08-24 12:17:06 - [TEST_STEP][PASSED] - M4_spin_total_bonus_win_this_round = total_bonus_win_this_round: null

2019-08-24 12:17:06 - [TEST_STEP][PASSED] - M4_spin_total_bonus_win_this_round = M4_spin_total_bonus_win_this_round: null

2019-08-24 12:17:06 - [TEST_STEP][PASSED] - println("GlobalVariable.M4_spin_total_bonus_win_this_round is: " + M4_spin_total_bonus_win_this_round): null

2019-08-24 12:17:06 - [TEST_STEP][PASSED] - M4_spin_bonus_spin_result = spin_result: null

2019-08-24 12:17:06 - [TEST_STEP][PASSED] - M4_spin_bonus_spin_result = M4_spin_bonus_spin_result: null

2019-08-24 12:17:06 - [MESSAGE][PASSED] - Verify response successfully

2019-08-24 12:17:06 - [MESSAGE][PASSED] - Send request and verify the response successfully

2019-08-24 12:17:06 - [TEST_STEP][PASSED] - if (M4_total_bonus_spins_int != 0 &amp;&amp; M4_spin_reels_symbols[2].contains("WILD_ExtraFG") || M4_spin_reels_symbols[3].contains("WILD_ExtraFG")): null

2019-08-24 12:17:06 - [TEST_STEP][PASSED] - free_spin_reel_counter = free_spin_reel_counter: null

2019-08-24 12:17:06 - [TEST_STEP][PASSED] - M4_spin_reels_symbols = M4_spin_reels_symbols: null

2019-08-24 12:17:06 - [TEST_STEP][PASSED] - M4_total_bonus_spins = M4_total_bonus_spins: null

2019-08-24 12:17:06 - [TEST_STEP][PASSED] - spin_result = sendRequestAndVerify(findTestObject("INT/RGS(M4)/1_M4_spin", ["M4_login_user_id":M4_login_user_id, "rgs_session_token":rgs_session_token, "partner":Partner])): Send request and verify the response successfully

2019-08-24 12:17:06 - [MESSAGE][INFO] - HAR: /Users/eiralee/Katalon_Script/SuperWild/Reports/20190824_120919/INT/superWild_3/20190824_120919/requests/main/132.har

2019-08-24 12:17:06 - [TEST_CASE][PASSED] - Start Test Case : Verification: Verification accomplished successfully

2019-08-24 12:17:06 - [TEST_STEP][PASSED] - request = getInstance().getCurrentRequest(): null

2019-08-24 12:17:06 - [TEST_STEP][PASSED] - response = getInstance().getCurrentResponse(): null

2019-08-24 12:17:06 - [TEST_STEP][PASSED] - verifyResponseStatusCode(response, 200): Verify response status code successfully

2019-08-24 12:17:06 - [MESSAGE][PASSED] - Verify response status code successfully

2019-08-24 12:17:06 - [TEST_STEP][PASSED] - getStatusCode()).isEqualTo(200): null

2019-08-24 12:17:06 - [TEST_STEP][PASSED] - newline = System.getProperty("line.separator"): null

2019-08-24 12:17:06 - [TEST_STEP][PASSED] - M4_spin = new groovy.json.JsonSlurper(): null

2019-08-24 12:17:06 - [TEST_STEP][PASSED] - result_M4_spin = M4_spin.parseText(response.getResponseBodyContent()): null

2019-08-24 12:17:06 - [TEST_STEP][PASSED] - M4_spin_current_balance = current_balance: null

2019-08-24 12:17:06 - [TEST_STEP][PASSED] - M4_spin_current_balance = M4_spin_current_balance: null

2019-08-24 12:17:06 - [TEST_STEP][PASSED] - M4_spin_transaction_id = causality: null

2019-08-24 12:17:06 - [TEST_STEP][PASSED] - M4_spin_transaction_id = M4_spin_transaction_id: null

2019-08-24 12:17:06 - [TEST_STEP][PASSED] - M4_spin_round_id = round_id: null

2019-08-24 12:17:06 - [TEST_STEP][PASSED] - M4_spin_round_id = M4_spin_round_id: null

2019-08-24 12:17:06 - [TEST_STEP][PASSED] - M4_spin_line_wins = line_wins: null

2019-08-24 12:17:06 - [TEST_STEP][PASSED] - M4_spin_line_wins = M4_spin_line_wins: null

2019-08-24 12:17:06 - [TEST_STEP][PASSED] - M4_total_bonus_spins_int = total_bonus_spins: null

2019-08-24 12:17:06 - [TEST_STEP][PASSED] - println("******M4_total_bonus_spins type is:*******" + newline + getClass().getName()): null

2019-08-24 12:17:06 - [TEST_STEP][PASSED] - M4_total_bonus_spins_int = M4_total_bonus_spins_int: null

2019-08-24 12:17:06 - [TEST_STEP][PASSED] - M4_total_bonus_spins = Integer.toString(M4_total_bonus_spins_int): null

2019-08-24 12:17:06 - [TEST_STEP][PASSED] - M4_total_bonus_spins = M4_total_bonus_spins: null

2019-08-24 12:17:06 - [TEST_STEP][PASSED] - println("M4_total_bonus_spins is:" + M4_total_bonus_spins): null

2019-08-24 12:17:06 - [TEST_STEP][PASSED] - M4_spin_bonus_data = bonus_data: null

2019-08-24 12:17:06 - [TEST_STEP][PASSED] - M4_spin_features_triggered = result_M4_spin: null

2019-08-24 12:17:06 - [TEST_STEP][PASSED] - wild = []: null

2019-08-24 12:17:06 - [TEST_STEP][PASSED] - wild[0] = "WILD_Expanding": null

2019-08-24 12:17:06 - [TEST_STEP][PASSED] - wild[1] = "WILD_Normal": null

2019-08-24 12:17:06 - [TEST_STEP][PASSED] - wild[2] = "WILD_Double": null

2019-08-24 12:17:06 - [TEST_STEP][PASSED] - wild[3] = "WILD_ExtraFG": null

2019-08-24 12:17:06 - [TEST_STEP][PASSED] - wild[4] = "WILD_Triple": null

2019-08-24 12:17:06 - [TEST_STEP][PASSED] - wildList = Arrays.asList(wild): null

2019-08-24 12:17:06 - [TEST_STEP][PASSED] - wildList = wildList: null

2019-08-24 12:17:06 - [TEST_STEP][PASSED] - free_spin_reel_counter = []: null

2019-08-24 12:17:06 - [TEST_STEP][PASSED] - free_spin_reel_counter[0] = 0: null

2019-08-24 12:17:06 - [TEST_STEP][PASSED] - free_spin_reel_counter[1] = 0: null

2019-08-24 12:17:06 - [TEST_STEP][PASSED] - free_spin_reel_counter[2] = 0: null

2019-08-24 12:17:06 - [TEST_STEP][PASSED] - M4_spin_reels = reels: null

2019-08-24 12:17:06 - [TEST_STEP][PASSED] - for ([i = 0, i &lt; M4_spin_reels.size(), (i++)]): null

2019-08-24 12:17:06 - [TEST_STEP][PASSED] - symbols = symbols: null

2019-08-24 12:17:06 - [TEST_STEP][PASSED] - for ([j = 0, j &lt; symbols.size(), (j++)]): null

2019-08-24 12:17:06 - [TEST_STEP][PASSED] - symbol = symbol: null

2019-08-24 12:17:06 - [TEST_STEP][PASSED] - println(symbol): null

2019-08-24 12:17:06 - [TEST_STEP][PASSED] - if (i == 2 &amp;&amp; wildList.indexOf(symbol) != -1): null

2019-08-24 12:17:06 - [TEST_STEP][PASSED] - if (i == 3 &amp;&amp; wildList.indexOf(symbol) != -1): null

2019-08-24 12:17:06 - [TEST_STEP][PASSED] - if (i == 4 &amp;&amp; wildList.indexOf(symbol) != -1): null

2019-08-24 12:17:06 - [TEST_STEP][PASSED] - symbol = symbol: null

2019-08-24 12:17:06 - [TEST_STEP][PASSED] - println(symbol): null

2019-08-24 12:17:06 - [TEST_STEP][PASSED] - if (i == 2 &amp;&amp; wildList.indexOf(symbol) != -1): null

2019-08-24 12:17:06 - [TEST_STEP][PASSED] - if (i == 3 &amp;&amp; wildList.indexOf(symbol) != -1): null

2019-08-24 12:17:06 - [TEST_STEP][PASSED] - if (i == 4 &amp;&amp; wildList.indexOf(symbol) != -1): null

2019-08-24 12:17:06 - [TEST_STEP][PASSED] - symbol = symbol: null

2019-08-24 12:17:06 - [TEST_STEP][PASSED] - println(symbol): null

2019-08-24 12:17:06 - [TEST_STEP][PASSED] - if (i == 2 &amp;&amp; wildList.indexOf(symbol) != -1): null

2019-08-24 12:17:06 - [TEST_STEP][PASSED] - if (i == 3 &amp;&amp; wildList.indexOf(symbol) != -1): null

2019-08-24 12:17:06 - [TEST_STEP][PASSED] - if (i == 4 &amp;&amp; wildList.indexOf(symbol) != -1): null

2019-08-24 12:17:06 - [TEST_STEP][PASSED] - symbols = symbols: null

2019-08-24 12:17:06 - [TEST_STEP][PASSED] - for ([j = 0, j &lt; symbols.size(), (j++)]): null

2019-08-24 12:17:06 - [TEST_STEP][PASSED] - symbol = symbol: null

2019-08-24 12:17:06 - [TEST_STEP][PASSED] - println(symbol): null

2019-08-24 12:17:06 - [TEST_STEP][PASSED] - if (i == 2 &amp;&amp; wildList.indexOf(symbol) != -1): null

2019-08-24 12:17:06 - [TEST_STEP][PASSED] - if (i == 3 &amp;&amp; wildList.indexOf(symbol) != -1): null

2019-08-24 12:17:06 - [TEST_STEP][PASSED] - if (i == 4 &amp;&amp; wildList.indexOf(symbol) != -1): null

2019-08-24 12:17:06 - [TEST_STEP][PASSED] - symbol = symbol: null

2019-08-24 12:17:06 - [TEST_STEP][PASSED] - println(symbol): null

2019-08-24 12:17:06 - [TEST_STEP][PASSED] - if (i == 2 &amp;&amp; wildList.indexOf(symbol) != -1): null

2019-08-24 12:17:06 - [TEST_STEP][PASSED] - if (i == 3 &amp;&amp; wildList.indexOf(symbol) != -1): null

2019-08-24 12:17:06 - [TEST_STEP][PASSED] - if (i == 4 &amp;&amp; wildList.indexOf(symbol) != -1): null

2019-08-24 12:17:06 - [TEST_STEP][PASSED] - symbol = symbol: null

2019-08-24 12:17:06 - [TEST_STEP][PASSED] - println(symbol): null

2019-08-24 12:17:06 - [TEST_STEP][PASSED] - if (i == 2 &amp;&amp; wildList.indexOf(symbol) != -1): null

2019-08-24 12:17:06 - [TEST_STEP][PASSED] - if (i == 3 &amp;&amp; wildList.indexOf(symbol) != -1): null

2019-08-24 12:17:06 - [TEST_STEP][PASSED] - if (i == 4 &amp;&amp; wildList.indexOf(symbol) != -1): null

2019-08-24 12:17:06 - [TEST_STEP][PASSED] - symbols = symbols: null

2019-08-24 12:17:06 - [TEST_STEP][PASSED] - for ([j = 0, j &lt; symbols.size(), (j++)]): null

2019-08-24 12:17:10 - [TEST_STEP][PASSED] - symbol = symbol: null

2019-08-24 12:17:10 - [TEST_STEP][PASSED] - println(symbol): null

2019-08-24 12:17:10 - [TEST_STEP][PASSED] - if (i == 2 &amp;&amp; wildList.indexOf(symbol) != -1): null

2019-08-24 12:17:10 - [TEST_STEP][PASSED] - if (i == 3 &amp;&amp; wildList.indexOf(symbol) != -1): null

2019-08-24 12:17:10 - [TEST_STEP][PASSED] - if (i == 4 &amp;&amp; wildList.indexOf(symbol) != -1): null

2019-08-24 12:17:10 - [TEST_STEP][PASSED] - symbol = symbol: null

2019-08-24 12:17:10 - [TEST_STEP][PASSED] - println(symbol): null

2019-08-24 12:17:10 - [TEST_STEP][PASSED] - if (i == 2 &amp;&amp; wildList.indexOf(symbol) != -1): null

2019-08-24 12:17:10 - [TEST_STEP][PASSED] - if (i == 3 &amp;&amp; wildList.indexOf(symbol) != -1): null

2019-08-24 12:17:10 - [TEST_STEP][PASSED] - if (i == 4 &amp;&amp; wildList.indexOf(symbol) != -1): null

2019-08-24 12:17:13 - [TEST_STEP][PASSED] - symbol = symbol: null

2019-08-24 12:17:13 - [TEST_STEP][PASSED] - println(symbol): null

2019-08-24 12:17:13 - [TEST_STEP][PASSED] - if (i == 2 &amp;&amp; wildList.indexOf(symbol) != -1): null

2019-08-24 12:17:13 - [TEST_STEP][PASSED] - if (i == 3 &amp;&amp; wildList.indexOf(symbol) != -1): null

2019-08-24 12:17:13 - [TEST_STEP][PASSED] - if (i == 4 &amp;&amp; wildList.indexOf(symbol) != -1): null

2019-08-24 12:17:13 - [TEST_STEP][PASSED] - symbols = symbols: null

2019-08-24 12:17:13 - [TEST_STEP][PASSED] - for ([j = 0, j &lt; symbols.size(), (j++)]): null

2019-08-24 12:17:13 - [TEST_STEP][PASSED] - symbol = symbol: null

2019-08-24 12:17:13 - [TEST_STEP][PASSED] - println(symbol): null

2019-08-24 12:17:13 - [TEST_STEP][PASSED] - if (i == 2 &amp;&amp; wildList.indexOf(symbol) != -1): null

2019-08-24 12:17:13 - [TEST_STEP][PASSED] - if (i == 3 &amp;&amp; wildList.indexOf(symbol) != -1): null

2019-08-24 12:17:13 - [TEST_STEP][PASSED] - if (i == 4 &amp;&amp; wildList.indexOf(symbol) != -1): null

2019-08-24 12:17:13 - [TEST_STEP][PASSED] - symbol = symbol: null

2019-08-24 12:17:13 - [TEST_STEP][PASSED] - println(symbol): null

2019-08-24 12:17:13 - [TEST_STEP][PASSED] - if (i == 2 &amp;&amp; wildList.indexOf(symbol) != -1): null

2019-08-24 12:17:13 - [TEST_STEP][PASSED] - if (i == 3 &amp;&amp; wildList.indexOf(symbol) != -1): null

2019-08-24 12:17:13 - [TEST_STEP][PASSED] - if (i == 4 &amp;&amp; wildList.indexOf(symbol) != -1): null

2019-08-24 12:17:13 - [TEST_STEP][PASSED] - symbol = symbol: null

2019-08-24 12:17:13 - [TEST_STEP][PASSED] - println(symbol): null

2019-08-24 12:17:13 - [TEST_STEP][PASSED] - if (i == 2 &amp;&amp; wildList.indexOf(symbol) != -1): null

2019-08-24 12:17:13 - [TEST_STEP][PASSED] - if (i == 3 &amp;&amp; wildList.indexOf(symbol) != -1): null

2019-08-24 12:17:13 - [TEST_STEP][PASSED] - if (i == 4 &amp;&amp; wildList.indexOf(symbol) != -1): null

2019-08-24 12:17:13 - [TEST_STEP][PASSED] - symbols = symbols: null

2019-08-24 12:17:13 - [TEST_STEP][PASSED] - for ([j = 0, j &lt; symbols.size(), (j++)]): null

2019-08-24 12:17:13 - [TEST_STEP][PASSED] - symbol = symbol: null

2019-08-24 12:17:13 - [TEST_STEP][PASSED] - println(symbol): null

2019-08-24 12:17:13 - [TEST_STEP][PASSED] - if (i == 2 &amp;&amp; wildList.indexOf(symbol) != -1): null

2019-08-24 12:17:13 - [TEST_STEP][PASSED] - if (i == 3 &amp;&amp; wildList.indexOf(symbol) != -1): null

2019-08-24 12:17:13 - [TEST_STEP][PASSED] - if (i == 4 &amp;&amp; wildList.indexOf(symbol) != -1): null

2019-08-24 12:17:13 - [TEST_STEP][PASSED] - symbol = symbol: null

2019-08-24 12:17:13 - [TEST_STEP][PASSED] - println(symbol): null

2019-08-24 12:17:13 - [TEST_STEP][PASSED] - if (i == 2 &amp;&amp; wildList.indexOf(symbol) != -1): null

2019-08-24 12:17:13 - [TEST_STEP][PASSED] - if (i == 3 &amp;&amp; wildList.indexOf(symbol) != -1): null

2019-08-24 12:17:13 - [TEST_STEP][PASSED] - if (i == 4 &amp;&amp; wildList.indexOf(symbol) != -1): null

2019-08-24 12:17:13 - [TEST_STEP][PASSED] - symbol = symbol: null

2019-08-24 12:17:13 - [TEST_STEP][PASSED] - println(symbol): null

2019-08-24 12:17:13 - [TEST_STEP][PASSED] - if (i == 2 &amp;&amp; wildList.indexOf(symbol) != -1): null

2019-08-24 12:17:13 - [TEST_STEP][PASSED] - if (i == 3 &amp;&amp; wildList.indexOf(symbol) != -1): null

2019-08-24 12:17:13 - [TEST_STEP][PASSED] - if (i == 4 &amp;&amp; wildList.indexOf(symbol) != -1): null

2019-08-24 12:17:13 - [TEST_STEP][PASSED] - free_spin_reel_counter = free_spin_reel_counter: null

2019-08-24 12:17:13 - [TEST_STEP][PASSED] - println("reel 3 wild found: " + free_spin_reel_counter[0]): null

2019-08-24 12:17:13 - [TEST_STEP][PASSED] - println("reel 4 wild found: " + free_spin_reel_counter[1]): null

2019-08-24 12:17:13 - [TEST_STEP][PASSED] - println("reel 5 wild found: " + free_spin_reel_counter[2]): null

2019-08-24 12:17:13 - [TEST_STEP][PASSED] - M4_spin_reels = M4_spin_reels: null

2019-08-24 12:17:13 - [TEST_STEP][PASSED] - M4_spin_reels_symbols = symbol: null

2019-08-24 12:17:13 - [TEST_STEP][PASSED] - M4_spin_reels_symbols = M4_spin_reels_symbols: null

2019-08-24 12:17:13 - [TEST_STEP][PASSED] - M4_spin_reel_wins = reel_wins: null

2019-08-24 12:17:13 - [TEST_STEP][PASSED] - M4_spin_reel_wins = M4_spin_reel_wins: null

2019-08-24 12:17:13 - [TEST_STEP][PASSED] - println("GlobalVariable.M4_spin_reel_wins is: " + M4_spin_reel_wins): null

2019-08-24 12:17:13 - [TEST_STEP][PASSED] - M4_spin_total_bonus_win_this_round = total_bonus_win_this_round: null

2019-08-24 12:17:13 - [TEST_STEP][PASSED] - M4_spin_total_bonus_win_this_round = M4_spin_total_bonus_win_this_round: null

2019-08-24 12:17:13 - [TEST_STEP][PASSED] - println("GlobalVariable.M4_spin_total_bonus_win_this_round is: " + M4_spin_total_bonus_win_this_round): null

2019-08-24 12:17:13 - [TEST_STEP][PASSED] - M4_spin_bonus_spin_result = spin_result: null

2019-08-24 12:17:13 - [TEST_STEP][PASSED] - M4_spin_bonus_spin_result = M4_spin_bonus_spin_result: null

2019-08-24 12:17:13 - [MESSAGE][PASSED] - Verify response successfully

2019-08-24 12:17:13 - [MESSAGE][PASSED] - Send request and verify the response successfully

2019-08-24 12:17:13 - [TEST_STEP][PASSED] - if (M4_total_bonus_spins_int != 0 &amp;&amp; M4_spin_reels_symbols[2].contains("WILD_ExtraFG") || M4_spin_reels_symbols[3].contains("WILD_ExtraFG")): null

2019-08-24 12:17:13 - [TEST_STEP][PASSED] - free_spin_reel_counter = free_spin_reel_counter: null

2019-08-24 12:17:13 - [TEST_STEP][PASSED] - M4_spin_reels_symbols = M4_spin_reels_symbols: null

2019-08-24 12:17:13 - [TEST_STEP][PASSED] - M4_total_bonus_spins = M4_total_bonus_spins: null

2019-08-24 12:17:13 - [TEST_STEP][PASSED] - spin_result = sendRequestAndVerify(findTestObject("INT/RGS(M4)/1_M4_spin", ["M4_login_user_id":M4_login_user_id, "rgs_session_token":rgs_session_token, "partner":Partner])): Send request and verify the response successfully

2019-08-24 12:17:14 - [MESSAGE][INFO] - HAR: /Users/eiralee/Katalon_Script/SuperWild/Reports/20190824_120919/INT/superWild_3/20190824_120919/requests/main/133.har

2019-08-24 12:17:14 - [TEST_CASE][PASSED] - Start Test Case : Verification: Verification accomplished successfully

2019-08-24 12:17:14 - [TEST_STEP][PASSED] - request = getInstance().getCurrentRequest(): null

2019-08-24 12:17:14 - [TEST_STEP][PASSED] - response = getInstance().getCurrentResponse(): null

2019-08-24 12:17:14 - [TEST_STEP][PASSED] - verifyResponseStatusCode(response, 200): Verify response status code successfully

2019-08-24 12:17:14 - [MESSAGE][PASSED] - Verify response status code successfully

2019-08-24 12:17:14 - [TEST_STEP][PASSED] - getStatusCode()).isEqualTo(200): null

2019-08-24 12:17:14 - [TEST_STEP][PASSED] - newline = System.getProperty("line.separator"): null

2019-08-24 12:17:14 - [TEST_STEP][PASSED] - M4_spin = new groovy.json.JsonSlurper(): null

2019-08-24 12:17:14 - [TEST_STEP][PASSED] - result_M4_spin = M4_spin.parseText(response.getResponseBodyContent()): null

2019-08-24 12:17:14 - [TEST_STEP][PASSED] - M4_spin_current_balance = current_balance: null

2019-08-24 12:17:14 - [TEST_STEP][PASSED] - M4_spin_current_balance = M4_spin_current_balance: null

2019-08-24 12:17:14 - [TEST_STEP][PASSED] - M4_spin_transaction_id = causality: null

2019-08-24 12:17:14 - [TEST_STEP][PASSED] - M4_spin_transaction_id = M4_spin_transaction_id: null

2019-08-24 12:17:14 - [TEST_STEP][PASSED] - M4_spin_round_id = round_id: null

2019-08-24 12:17:14 - [TEST_STEP][PASSED] - M4_spin_round_id = M4_spin_round_id: null

2019-08-24 12:17:14 - [TEST_STEP][PASSED] - M4_spin_line_wins = line_wins: null

2019-08-24 12:17:14 - [TEST_STEP][PASSED] - M4_spin_line_wins = M4_spin_line_wins: null

2019-08-24 12:17:14 - [TEST_STEP][PASSED] - M4_total_bonus_spins_int = total_bonus_spins: null

2019-08-24 12:17:14 - [TEST_STEP][PASSED] - println("******M4_total_bonus_spins type is:*******" + newline + getClass().getName()): null

2019-08-24 12:17:14 - [TEST_STEP][PASSED] - M4_total_bonus_spins_int = M4_total_bonus_spins_int: null

2019-08-24 12:17:14 - [TEST_STEP][PASSED] - M4_total_bonus_spins = Integer.toString(M4_total_bonus_spins_int): null

2019-08-24 12:17:14 - [TEST_STEP][PASSED] - M4_total_bonus_spins = M4_total_bonus_spins: null

2019-08-24 12:17:14 - [TEST_STEP][PASSED] - println("M4_total_bonus_spins is:" + M4_total_bonus_spins): null

2019-08-24 12:17:14 - [TEST_STEP][PASSED] - M4_spin_bonus_data = bonus_data: null

2019-08-24 12:17:14 - [TEST_STEP][PASSED] - M4_spin_features_triggered = result_M4_spin: null

2019-08-24 12:17:14 - [TEST_STEP][PASSED] - wild = []: null

2019-08-24 12:17:14 - [TEST_STEP][PASSED] - wild[0] = "WILD_Expanding": null

2019-08-24 12:17:14 - [TEST_STEP][PASSED] - wild[1] = "WILD_Normal": null

2019-08-24 12:17:14 - [TEST_STEP][PASSED] - wild[2] = "WILD_Double": null

2019-08-24 12:17:14 - [TEST_STEP][PASSED] - wild[3] = "WILD_ExtraFG": null

2019-08-24 12:17:14 - [TEST_STEP][PASSED] - wild[4] = "WILD_Triple": null

2019-08-24 12:17:14 - [TEST_STEP][PASSED] - wildList = Arrays.asList(wild): null

2019-08-24 12:17:14 - [TEST_STEP][PASSED] - wildList = wildList: null

2019-08-24 12:17:14 - [TEST_STEP][PASSED] - free_spin_reel_counter = []: null

2019-08-24 12:17:14 - [TEST_STEP][PASSED] - free_spin_reel_counter[0] = 0: null

2019-08-24 12:17:14 - [TEST_STEP][PASSED] - free_spin_reel_counter[1] = 0: null

2019-08-24 12:17:14 - [TEST_STEP][PASSED] - free_spin_reel_counter[2] = 0: null

2019-08-24 12:17:14 - [TEST_STEP][PASSED] - M4_spin_reels = reels: null

2019-08-24 12:17:14 - [TEST_STEP][PASSED] - for ([i = 0, i &lt; M4_spin_reels.size(), (i++)]): null

2019-08-24 12:17:14 - [TEST_STEP][PASSED] - symbols = symbols: null

2019-08-24 12:17:14 - [TEST_STEP][PASSED] - for ([j = 0, j &lt; symbols.size(), (j++)]): null

2019-08-24 12:17:14 - [TEST_STEP][PASSED] - symbol = symbol: null

2019-08-24 12:17:14 - [TEST_STEP][PASSED] - println(symbol): null

2019-08-24 12:17:14 - [TEST_STEP][PASSED] - if (i == 2 &amp;&amp; wildList.indexOf(symbol) != -1): null

2019-08-24 12:17:14 - [TEST_STEP][PASSED] - if (i == 3 &amp;&amp; wildList.indexOf(symbol) != -1): null

2019-08-24 12:17:14 - [TEST_STEP][PASSED] - if (i == 4 &amp;&amp; wildList.indexOf(symbol) != -1): null

2019-08-24 12:17:14 - [TEST_STEP][PASSED] - symbol = symbol: null

2019-08-24 12:17:14 - [TEST_STEP][PASSED] - println(symbol): null

2019-08-24 12:17:14 - [TEST_STEP][PASSED] - if (i == 2 &amp;&amp; wildList.indexOf(symbol) != -1): null

2019-08-24 12:17:14 - [TEST_STEP][PASSED] - if (i == 3 &amp;&amp; wildList.indexOf(symbol) != -1): null

2019-08-24 12:17:14 - [TEST_STEP][PASSED] - if (i == 4 &amp;&amp; wildList.indexOf(symbol) != -1): null

2019-08-24 12:17:14 - [TEST_STEP][PASSED] - symbol = symbol: null

2019-08-24 12:17:14 - [TEST_STEP][PASSED] - println(symbol): null

2019-08-24 12:17:14 - [TEST_STEP][PASSED] - if (i == 2 &amp;&amp; wildList.indexOf(symbol) != -1): null

2019-08-24 12:17:14 - [TEST_STEP][PASSED] - if (i == 3 &amp;&amp; wildList.indexOf(symbol) != -1): null

2019-08-24 12:17:14 - [TEST_STEP][PASSED] - if (i == 4 &amp;&amp; wildList.indexOf(symbol) != -1): null

2019-08-24 12:17:14 - [TEST_STEP][PASSED] - symbols = symbols: null

2019-08-24 12:17:14 - [TEST_STEP][PASSED] - for ([j = 0, j &lt; symbols.size(), (j++)]): null

2019-08-24 12:17:14 - [TEST_STEP][PASSED] - symbol = symbol: null

2019-08-24 12:17:14 - [TEST_STEP][PASSED] - println(symbol): null

2019-08-24 12:17:14 - [TEST_STEP][PASSED] - if (i == 2 &amp;&amp; wildList.indexOf(symbol) != -1): null

2019-08-24 12:17:14 - [TEST_STEP][PASSED] - if (i == 3 &amp;&amp; wildList.indexOf(symbol) != -1): null

2019-08-24 12:17:14 - [TEST_STEP][PASSED] - if (i == 4 &amp;&amp; wildList.indexOf(symbol) != -1): null

2019-08-24 12:17:14 - [TEST_STEP][PASSED] - symbol = symbol: null

2019-08-24 12:17:14 - [TEST_STEP][PASSED] - println(symbol): null

2019-08-24 12:17:14 - [TEST_STEP][PASSED] - if (i == 2 &amp;&amp; wildList.indexOf(symbol) != -1): null

2019-08-24 12:17:14 - [TEST_STEP][PASSED] - if (i == 3 &amp;&amp; wildList.indexOf(symbol) != -1): null

2019-08-24 12:17:14 - [TEST_STEP][PASSED] - if (i == 4 &amp;&amp; wildList.indexOf(symbol) != -1): null

2019-08-24 12:17:14 - [TEST_STEP][PASSED] - symbol = symbol: null

2019-08-24 12:17:14 - [TEST_STEP][PASSED] - println(symbol): null

2019-08-24 12:17:14 - [TEST_STEP][PASSED] - if (i == 2 &amp;&amp; wildList.indexOf(symbol) != -1): null

2019-08-24 12:17:14 - [TEST_STEP][PASSED] - if (i == 3 &amp;&amp; wildList.indexOf(symbol) != -1): null

2019-08-24 12:17:14 - [TEST_STEP][PASSED] - if (i == 4 &amp;&amp; wildList.indexOf(symbol) != -1): null

2019-08-24 12:17:14 - [TEST_STEP][PASSED] - symbols = symbols: null

2019-08-24 12:17:14 - [TEST_STEP][PASSED] - for ([j = 0, j &lt; symbols.size(), (j++)]): null

2019-08-24 12:17:14 - [TEST_STEP][PASSED] - symbol = symbol: null

2019-08-24 12:17:14 - [TEST_STEP][PASSED] - println(symbol): null

2019-08-24 12:17:14 - [TEST_STEP][PASSED] - if (i == 2 &amp;&amp; wildList.indexOf(symbol) != -1): null

2019-08-24 12:17:14 - [TEST_STEP][PASSED] - if (i == 3 &amp;&amp; wildList.indexOf(symbol) != -1): null

2019-08-24 12:17:14 - [TEST_STEP][PASSED] - if (i == 4 &amp;&amp; wildList.indexOf(symbol) != -1): null

2019-08-24 12:17:14 - [TEST_STEP][PASSED] - symbol = symbol: null

2019-08-24 12:17:14 - [TEST_STEP][PASSED] - println(symbol): null

2019-08-24 12:17:14 - [TEST_STEP][PASSED] - if (i == 2 &amp;&amp; wildList.indexOf(symbol) != -1): null

2019-08-24 12:17:14 - [TEST_STEP][PASSED] - if (i == 3 &amp;&amp; wildList.indexOf(symbol) != -1): null

2019-08-24 12:17:14 - [TEST_STEP][PASSED] - if (i == 4 &amp;&amp; wildList.indexOf(symbol) != -1): null

2019-08-24 12:17:14 - [TEST_STEP][PASSED] - symbol = symbol: null

2019-08-24 12:17:14 - [TEST_STEP][PASSED] - println(symbol): null

2019-08-24 12:17:14 - [TEST_STEP][PASSED] - if (i == 2 &amp;&amp; wildList.indexOf(symbol) != -1): null

2019-08-24 12:17:14 - [TEST_STEP][PASSED] - if (i == 3 &amp;&amp; wildList.indexOf(symbol) != -1): null

2019-08-24 12:17:14 - [TEST_STEP][PASSED] - if (i == 4 &amp;&amp; wildList.indexOf(symbol) != -1): null

2019-08-24 12:17:14 - [TEST_STEP][PASSED] - symbols = symbols: null

2019-08-24 12:17:14 - [TEST_STEP][PASSED] - for ([j = 0, j &lt; symbols.size(), (j++)]): null

2019-08-24 12:17:14 - [TEST_STEP][PASSED] - symbol = symbol: null

2019-08-24 12:17:14 - [TEST_STEP][PASSED] - println(symbol): null

2019-08-24 12:17:14 - [TEST_STEP][PASSED] - if (i == 2 &amp;&amp; wildList.indexOf(symbol) != -1): null

2019-08-24 12:17:14 - [TEST_STEP][PASSED] - if (i == 3 &amp;&amp; wildList.indexOf(symbol) != -1): null

2019-08-24 12:17:14 - [TEST_STEP][PASSED] - if (i == 4 &amp;&amp; wildList.indexOf(symbol) != -1): null

2019-08-24 12:17:14 - [TEST_STEP][PASSED] - symbol = symbol: null

2019-08-24 12:17:14 - [TEST_STEP][PASSED] - println(symbol): null

2019-08-24 12:17:14 - [TEST_STEP][PASSED] - if (i == 2 &amp;&amp; wildList.indexOf(symbol) != -1): null

2019-08-24 12:17:14 - [TEST_STEP][PASSED] - if (i == 3 &amp;&amp; wildList.indexOf(symbol) != -1): null

2019-08-24 12:17:14 - [TEST_STEP][PASSED] - if (i == 4 &amp;&amp; wildList.indexOf(symbol) != -1): null

2019-08-24 12:17:14 - [TEST_STEP][PASSED] - symbol = symbol: null

2019-08-24 12:17:14 - [TEST_STEP][PASSED] - println(symbol): null

2019-08-24 12:17:14 - [TEST_STEP][PASSED] - if (i == 2 &amp;&amp; wildList.indexOf(symbol) != -1): null

2019-08-24 12:17:14 - [TEST_STEP][PASSED] - if (i == 3 &amp;&amp; wildList.indexOf(symbol) != -1): null

2019-08-24 12:17:14 - [TEST_STEP][PASSED] - if (i == 4 &amp;&amp; wildList.indexOf(symbol) != -1): null

2019-08-24 12:17:14 - [TEST_STEP][PASSED] - symbols = symbols: null

2019-08-24 12:17:14 - [TEST_STEP][PASSED] - for ([j = 0, j &lt; symbols.size(), (j++)]): null

2019-08-24 12:17:14 - [TEST_STEP][PASSED] - symbol = symbol: null

2019-08-24 12:17:14 - [TEST_STEP][PASSED] - println(symbol): null

2019-08-24 12:17:14 - [TEST_STEP][PASSED] - if (i == 2 &amp;&amp; wildList.indexOf(symbol) != -1): null

2019-08-24 12:17:14 - [TEST_STEP][PASSED] - if (i == 3 &amp;&amp; wildList.indexOf(symbol) != -1): null

2019-08-24 12:17:14 - [TEST_STEP][PASSED] - if (i == 4 &amp;&amp; wildList.indexOf(symbol) != -1): null

2019-08-24 12:17:14 - [TEST_STEP][PASSED] - symbol = symbol: null

2019-08-24 12:17:14 - [TEST_STEP][PASSED] - println(symbol): null

2019-08-24 12:17:14 - [TEST_STEP][PASSED] - if (i == 2 &amp;&amp; wildList.indexOf(symbol) != -1): null

2019-08-24 12:17:14 - [TEST_STEP][PASSED] - if (i == 3 &amp;&amp; wildList.indexOf(symbol) != -1): null

2019-08-24 12:17:14 - [TEST_STEP][PASSED] - if (i == 4 &amp;&amp; wildList.indexOf(symbol) != -1): null

2019-08-24 12:17:14 - [TEST_STEP][PASSED] - symbol = symbol: null

2019-08-24 12:17:14 - [TEST_STEP][PASSED] - println(symbol): null

2019-08-24 12:17:14 - [TEST_STEP][PASSED] - if (i == 2 &amp;&amp; wildList.indexOf(symbol) != -1): null

2019-08-24 12:17:14 - [TEST_STEP][PASSED] - if (i == 3 &amp;&amp; wildList.indexOf(symbol) != -1): null

2019-08-24 12:17:14 - [TEST_STEP][PASSED] - if (i == 4 &amp;&amp; wildList.indexOf(symbol) != -1): null

2019-08-24 12:17:14 - [TEST_STEP][PASSED] - free_spin_reel_counter = free_spin_reel_counter: null

2019-08-24 12:17:14 - [TEST_STEP][PASSED] - println("reel 3 wild found: " + free_spin_reel_counter[0]): null

2019-08-24 12:17:14 - [TEST_STEP][PASSED] - println("reel 4 wild found: " + free_spin_reel_counter[1]): null

2019-08-24 12:17:14 - [TEST_STEP][PASSED] - println("reel 5 wild found: " + free_spin_reel_counter[2]): null

2019-08-24 12:17:14 - [TEST_STEP][PASSED] - M4_spin_reels = M4_spin_reels: null

2019-08-24 12:17:14 - [TEST_STEP][PASSED] - M4_spin_reels_symbols = symbol: null

2019-08-24 12:17:14 - [TEST_STEP][PASSED] - M4_spin_reels_symbols = M4_spin_reels_symbols: null

2019-08-24 12:17:14 - [TEST_STEP][PASSED] - M4_spin_reel_wins = reel_wins: null

2019-08-24 12:17:14 - [TEST_STEP][PASSED] - M4_spin_reel_wins = M4_spin_reel_wins: null

2019-08-24 12:17:14 - [TEST_STEP][PASSED] - println("GlobalVariable.M4_spin_reel_wins is: " + M4_spin_reel_wins): null

2019-08-24 12:17:14 - [TEST_STEP][PASSED] - M4_spin_total_bonus_win_this_round = total_bonus_win_this_round: null

2019-08-24 12:17:14 - [TEST_STEP][PASSED] - M4_spin_total_bonus_win_this_round = M4_spin_total_bonus_win_this_round: null

2019-08-24 12:17:14 - [TEST_STEP][PASSED] - println("GlobalVariable.M4_spin_total_bonus_win_this_round is: " + M4_spin_total_bonus_win_this_round): null

2019-08-24 12:17:14 - [TEST_STEP][PASSED] - M4_spin_bonus_spin_result = spin_result: null

2019-08-24 12:17:14 - [TEST_STEP][PASSED] - M4_spin_bonus_spin_result = M4_spin_bonus_spin_result: null

2019-08-24 12:17:14 - [MESSAGE][PASSED] - Verify response successfully

2019-08-24 12:17:14 - [MESSAGE][PASSED] - Send request and verify the response successfully

2019-08-24 12:17:14 - [TEST_STEP][PASSED] - if (M4_total_bonus_spins_int != 0 &amp;&amp; M4_spin_reels_symbols[2].contains("WILD_ExtraFG") || M4_spin_reels_symbols[3].contains("WILD_ExtraFG")): null

2019-08-24 12:17:14 - [TEST_STEP][PASSED] - free_spin_reel_counter = free_spin_reel_counter: null

2019-08-24 12:17:14 - [TEST_STEP][PASSED] - M4_spin_reels_symbols = M4_spin_reels_symbols: null

2019-08-24 12:17:14 - [TEST_STEP][PASSED] - M4_total_bonus_spins = M4_total_bonus_spins: null

2019-08-24 12:17:14 - [TEST_STEP][PASSED] - spin_result = sendRequestAndVerify(findTestObject("INT/RGS(M4)/1_M4_spin", ["M4_login_user_id":M4_login_user_id, "rgs_session_token":rgs_session_token, "partner":Partner])): Send request and verify the response successfully

2019-08-24 12:17:14 - [MESSAGE][INFO] - HAR: /Users/eiralee/Katalon_Script/SuperWild/Reports/20190824_120919/INT/superWild_3/20190824_120919/requests/main/134.har

2019-08-24 12:17:15 - [TEST_CASE][PASSED] - Start Test Case : Verification: Verification accomplished successfully

2019-08-24 12:17:15 - [TEST_STEP][PASSED] - request = getInstance().getCurrentRequest(): null

2019-08-24 12:17:15 - [TEST_STEP][PASSED] - response = getInstance().getCurrentResponse(): null

2019-08-24 12:17:15 - [TEST_STEP][PASSED] - verifyResponseStatusCode(response, 200): Verify response status code successfully

2019-08-24 12:17:15 - [MESSAGE][PASSED] - Verify response status code successfully

2019-08-24 12:17:15 - [TEST_STEP][PASSED] - getStatusCode()).isEqualTo(200): null

2019-08-24 12:17:15 - [TEST_STEP][PASSED] - newline = System.getProperty("line.separator"): null

2019-08-24 12:17:15 - [TEST_STEP][PASSED] - M4_spin = new groovy.json.JsonSlurper(): null

2019-08-24 12:17:15 - [TEST_STEP][PASSED] - result_M4_spin = M4_spin.parseText(response.getResponseBodyContent()): null

2019-08-24 12:17:15 - [TEST_STEP][PASSED] - M4_spin_current_balance = current_balance: null

2019-08-24 12:17:15 - [TEST_STEP][PASSED] - M4_spin_current_balance = M4_spin_current_balance: null

2019-08-24 12:17:15 - [TEST_STEP][PASSED] - M4_spin_transaction_id = causality: null

2019-08-24 12:17:15 - [TEST_STEP][PASSED] - M4_spin_transaction_id = M4_spin_transaction_id: null

2019-08-24 12:17:15 - [TEST_STEP][PASSED] - M4_spin_round_id = round_id: null

2019-08-24 12:17:15 - [TEST_STEP][PASSED] - M4_spin_round_id = M4_spin_round_id: null

2019-08-24 12:17:15 - [TEST_STEP][PASSED] - M4_spin_line_wins = line_wins: null

2019-08-24 12:17:15 - [TEST_STEP][PASSED] - M4_spin_line_wins = M4_spin_line_wins: null

2019-08-24 12:17:15 - [TEST_STEP][PASSED] - M4_total_bonus_spins_int = total_bonus_spins: null

2019-08-24 12:17:15 - [TEST_STEP][PASSED] - println("******M4_total_bonus_spins type is:*******" + newline + getClass().getName()): null

2019-08-24 12:17:15 - [TEST_STEP][PASSED] - M4_total_bonus_spins_int = M4_total_bonus_spins_int: null

2019-08-24 12:17:15 - [TEST_STEP][PASSED] - M4_total_bonus_spins = Integer.toString(M4_total_bonus_spins_int): null

2019-08-24 12:17:15 - [TEST_STEP][PASSED] - M4_total_bonus_spins = M4_total_bonus_spins: null

2019-08-24 12:17:15 - [TEST_STEP][PASSED] - println("M4_total_bonus_spins is:" + M4_total_bonus_spins): null

2019-08-24 12:17:15 - [TEST_STEP][PASSED] - M4_spin_bonus_data = bonus_data: null

2019-08-24 12:17:15 - [TEST_STEP][PASSED] - M4_spin_features_triggered = result_M4_spin: null

2019-08-24 12:17:15 - [TEST_STEP][PASSED] - wild = []: null

2019-08-24 12:17:15 - [TEST_STEP][PASSED] - wild[0] = "WILD_Expanding": null

2019-08-24 12:17:15 - [TEST_STEP][PASSED] - wild[1] = "WILD_Normal": null

2019-08-24 12:17:15 - [TEST_STEP][PASSED] - wild[2] = "WILD_Double": null

2019-08-24 12:17:15 - [TEST_STEP][PASSED] - wild[3] = "WILD_ExtraFG": null

2019-08-24 12:17:15 - [TEST_STEP][PASSED] - wild[4] = "WILD_Triple": null

2019-08-24 12:17:15 - [TEST_STEP][PASSED] - wildList = Arrays.asList(wild): null

2019-08-24 12:17:15 - [TEST_STEP][PASSED] - wildList = wildList: null

2019-08-24 12:17:15 - [TEST_STEP][PASSED] - free_spin_reel_counter = []: null

2019-08-24 12:17:15 - [TEST_STEP][PASSED] - free_spin_reel_counter[0] = 0: null

2019-08-24 12:17:15 - [TEST_STEP][PASSED] - free_spin_reel_counter[1] = 0: null

2019-08-24 12:17:15 - [TEST_STEP][PASSED] - free_spin_reel_counter[2] = 0: null

2019-08-24 12:17:15 - [TEST_STEP][PASSED] - M4_spin_reels = reels: null

2019-08-24 12:17:15 - [TEST_STEP][PASSED] - for ([i = 0, i &lt; M4_spin_reels.size(), (i++)]): null

2019-08-24 12:17:15 - [TEST_STEP][PASSED] - symbols = symbols: null

2019-08-24 12:17:15 - [TEST_STEP][PASSED] - for ([j = 0, j &lt; symbols.size(), (j++)]): null

2019-08-24 12:17:15 - [TEST_STEP][PASSED] - symbol = symbol: null

2019-08-24 12:17:15 - [TEST_STEP][PASSED] - println(symbol): null

2019-08-24 12:17:15 - [TEST_STEP][PASSED] - if (i == 2 &amp;&amp; wildList.indexOf(symbol) != -1): null

2019-08-24 12:17:15 - [TEST_STEP][PASSED] - if (i == 3 &amp;&amp; wildList.indexOf(symbol) != -1): null

2019-08-24 12:17:15 - [TEST_STEP][PASSED] - if (i == 4 &amp;&amp; wildList.indexOf(symbol) != -1): null

2019-08-24 12:17:15 - [TEST_STEP][PASSED] - symbol = symbol: null

2019-08-24 12:17:15 - [TEST_STEP][PASSED] - println(symbol): null

2019-08-24 12:17:15 - [TEST_STEP][PASSED] - if (i == 2 &amp;&amp; wildList.indexOf(symbol) != -1): null

2019-08-24 12:17:15 - [TEST_STEP][PASSED] - if (i == 3 &amp;&amp; wildList.indexOf(symbol) != -1): null

2019-08-24 12:17:15 - [TEST_STEP][PASSED] - if (i == 4 &amp;&amp; wildList.indexOf(symbol) != -1): null

2019-08-24 12:17:15 - [TEST_STEP][PASSED] - symbol = symbol: null

2019-08-24 12:17:15 - [TEST_STEP][PASSED] - println(symbol): null

2019-08-24 12:17:15 - [TEST_STEP][PASSED] - if (i == 2 &amp;&amp; wildList.indexOf(symbol) != -1): null

2019-08-24 12:17:15 - [TEST_STEP][PASSED] - if (i == 3 &amp;&amp; wildList.indexOf(symbol) != -1): null

2019-08-24 12:17:15 - [TEST_STEP][PASSED] - if (i == 4 &amp;&amp; wildList.indexOf(symbol) != -1): null

2019-08-24 12:17:15 - [TEST_STEP][PASSED] - symbols = symbols: null

2019-08-24 12:17:15 - [TEST_STEP][PASSED] - for ([j = 0, j &lt; symbols.size(), (j++)]): null

2019-08-24 12:17:15 - [TEST_STEP][PASSED] - symbol = symbol: null

2019-08-24 12:17:15 - [TEST_STEP][PASSED] - println(symbol): null

2019-08-24 12:17:15 - [TEST_STEP][PASSED] - if (i == 2 &amp;&amp; wildList.indexOf(symbol) != -1): null

2019-08-24 12:17:15 - [TEST_STEP][PASSED] - if (i == 3 &amp;&amp; wildList.indexOf(symbol) != -1): null

2019-08-24 12:17:15 - [TEST_STEP][PASSED] - if (i == 4 &amp;&amp; wildList.indexOf(symbol) != -1): null

2019-08-24 12:17:15 - [TEST_STEP][PASSED] - symbol = symbol: null

2019-08-24 12:17:15 - [TEST_STEP][PASSED] - println(symbol): null

2019-08-24 12:17:15 - [TEST_STEP][PASSED] - if (i == 2 &amp;&amp; wildList.indexOf(symbol) != -1): null

2019-08-24 12:17:15 - [TEST_STEP][PASSED] - if (i == 3 &amp;&amp; wildList.indexOf(symbol) != -1): null

2019-08-24 12:17:15 - [TEST_STEP][PASSED] - if (i == 4 &amp;&amp; wildList.indexOf(symbol) != -1): null

2019-08-24 12:17:15 - [TEST_STEP][PASSED] - symbol = symbol: null

2019-08-24 12:17:15 - [TEST_STEP][PASSED] - println(symbol): null

2019-08-24 12:17:15 - [TEST_STEP][PASSED] - if (i == 2 &amp;&amp; wildList.indexOf(symbol) != -1): null

2019-08-24 12:17:15 - [TEST_STEP][PASSED] - if (i == 3 &amp;&amp; wildList.indexOf(symbol) != -1): null

2019-08-24 12:17:15 - [TEST_STEP][PASSED] - if (i == 4 &amp;&amp; wildList.indexOf(symbol) != -1): null

2019-08-24 12:17:15 - [TEST_STEP][PASSED] - symbols = symbols: null

2019-08-24 12:17:15 - [TEST_STEP][PASSED] - for ([j = 0, j &lt; symbols.size(), (j++)]): null

2019-08-24 12:17:15 - [TEST_STEP][PASSED] - symbol = symbol: null

2019-08-24 12:17:15 - [TEST_STEP][PASSED] - println(symbol): null

2019-08-24 12:17:15 - [TEST_STEP][PASSED] - if (i == 2 &amp;&amp; wildList.indexOf(symbol) != -1): null

2019-08-24 12:17:15 - [TEST_STEP][PASSED] - if (i == 3 &amp;&amp; wildList.indexOf(symbol) != -1): null

2019-08-24 12:17:15 - [TEST_STEP][PASSED] - if (i == 4 &amp;&amp; wildList.indexOf(symbol) != -1): null

2019-08-24 12:17:15 - [TEST_STEP][PASSED] - symbol = symbol: null

2019-08-24 12:17:15 - [TEST_STEP][PASSED] - println(symbol): null

2019-08-24 12:17:15 - [TEST_STEP][PASSED] - if (i == 2 &amp;&amp; wildList.indexOf(symbol) != -1): null

2019-08-24 12:17:15 - [TEST_STEP][PASSED] - if (i == 3 &amp;&amp; wildList.indexOf(symbol) != -1): null

2019-08-24 12:17:15 - [TEST_STEP][PASSED] - if (i == 4 &amp;&amp; wildList.indexOf(symbol) != -1): null

2019-08-24 12:17:15 - [TEST_STEP][PASSED] - symbol = symbol: null

2019-08-24 12:17:15 - [TEST_STEP][PASSED] - println(symbol): null

2019-08-24 12:17:15 - [TEST_STEP][PASSED] - if (i == 2 &amp;&amp; wildList.indexOf(symbol) != -1): null

2019-08-24 12:17:15 - [TEST_STEP][PASSED] - if (i == 3 &amp;&amp; wildList.indexOf(symbol) != -1): null

2019-08-24 12:17:15 - [TEST_STEP][PASSED] - if (i == 4 &amp;&amp; wildList.indexOf(symbol) != -1): null

2019-08-24 12:17:15 - [TEST_STEP][PASSED] - symbols = symbols: null

2019-08-24 12:17:15 - [TEST_STEP][PASSED] - for ([j = 0, j &lt; symbols.size(), (j++)]): null

2019-08-24 12:17:15 - [TEST_STEP][PASSED] - symbol = symbol: null

2019-08-24 12:17:15 - [TEST_STEP][PASSED] - println(symbol): null

2019-08-24 12:17:15 - [TEST_STEP][PASSED] - if (i == 2 &amp;&amp; wildList.indexOf(symbol) != -1): null

2019-08-24 12:17:15 - [TEST_STEP][PASSED] - if (i == 3 &amp;&amp; wildList.indexOf(symbol) != -1): null

2019-08-24 12:17:15 - [TEST_STEP][PASSED] - if (i == 4 &amp;&amp; wildList.indexOf(symbol) != -1): null

2019-08-24 12:17:15 - [TEST_STEP][PASSED] - symbol = symbol: null

2019-08-24 12:17:15 - [TEST_STEP][PASSED] - println(symbol): null

2019-08-24 12:17:15 - [TEST_STEP][PASSED] - if (i == 2 &amp;&amp; wildList.indexOf(symbol) != -1): null

2019-08-24 12:17:15 - [TEST_STEP][PASSED] - if (i == 3 &amp;&amp; wildList.indexOf(symbol) != -1): null

2019-08-24 12:17:15 - [TEST_STEP][PASSED] - if (i == 4 &amp;&amp; wildList.indexOf(symbol) != -1): null

2019-08-24 12:17:15 - [TEST_STEP][PASSED] - symbol = symbol: null

2019-08-24 12:17:15 - [TEST_STEP][PASSED] - println(symbol): null

2019-08-24 12:17:15 - [TEST_STEP][PASSED] - if (i == 2 &amp;&amp; wildList.indexOf(symbol) != -1): null

2019-08-24 12:17:15 - [TEST_STEP][PASSED] - if (i == 3 &amp;&amp; wildList.indexOf(symbol) != -1): null

2019-08-24 12:17:15 - [TEST_STEP][PASSED] - if (i == 4 &amp;&amp; wildList.indexOf(symbol) != -1): null

2019-08-24 12:17:15 - [TEST_STEP][PASSED] - symbols = symbols: null

2019-08-24 12:17:15 - [TEST_STEP][PASSED] - for ([j = 0, j &lt; symbols.size(), (j++)]): null

2019-08-24 12:17:15 - [TEST_STEP][PASSED] - symbol = symbol: null

2019-08-24 12:17:15 - [TEST_STEP][PASSED] - println(symbol): null

2019-08-24 12:17:15 - [TEST_STEP][PASSED] - if (i == 2 &amp;&amp; wildList.indexOf(symbol) != -1): null

2019-08-24 12:17:15 - [TEST_STEP][PASSED] - if (i == 3 &amp;&amp; wildList.indexOf(symbol) != -1): null

2019-08-24 12:17:15 - [TEST_STEP][PASSED] - if (i == 4 &amp;&amp; wildList.indexOf(symbol) != -1): null

2019-08-24 12:17:15 - [TEST_STEP][PASSED] - symbol = symbol: null

2019-08-24 12:17:19 - [TEST_STEP][PASSED] - println(symbol): null

2019-08-24 12:17:19 - [TEST_STEP][PASSED] - if (i == 2 &amp;&amp; wildList.indexOf(symbol) != -1): null

2019-08-24 12:17:19 - [TEST_STEP][PASSED] - if (i == 3 &amp;&amp; wildList.indexOf(symbol) != -1): null

2019-08-24 12:17:19 - [TEST_STEP][PASSED] - if (i == 4 &amp;&amp; wildList.indexOf(symbol) != -1): null

2019-08-24 12:17:19 - [TEST_STEP][PASSED] - symbol = symbol: null

2019-08-24 12:17:19 - [TEST_STEP][PASSED] - println(symbol): null

2019-08-24 12:17:19 - [TEST_STEP][PASSED] - if (i == 2 &amp;&amp; wildList.indexOf(symbol) != -1): null

2019-08-24 12:17:19 - [TEST_STEP][PASSED] - if (i == 3 &amp;&amp; wildList.indexOf(symbol) != -1): null

2019-08-24 12:17:19 - [TEST_STEP][PASSED] - if (i == 4 &amp;&amp; wildList.indexOf(symbol) != -1): null

2019-08-24 12:17:22 - [TEST_STEP][PASSED] - free_spin_reel_counter = free_spin_reel_counter: null

2019-08-24 12:17:22 - [TEST_STEP][PASSED] - println("reel 3 wild found: " + free_spin_reel_counter[0]): null

2019-08-24 12:17:22 - [TEST_STEP][PASSED] - println("reel 4 wild found: " + free_spin_reel_counter[1]): null

2019-08-24 12:17:22 - [TEST_STEP][PASSED] - println("reel 5 wild found: " + free_spin_reel_counter[2]): null

2019-08-24 12:17:22 - [TEST_STEP][PASSED] - M4_spin_reels = M4_spin_reels: null

2019-08-24 12:17:22 - [TEST_STEP][PASSED] - M4_spin_reels_symbols = symbol: null

2019-08-24 12:17:22 - [TEST_STEP][PASSED] - M4_spin_reels_symbols = M4_spin_reels_symbols: null

2019-08-24 12:17:22 - [TEST_STEP][PASSED] - M4_spin_reel_wins = reel_wins: null

2019-08-24 12:17:22 - [TEST_STEP][PASSED] - M4_spin_reel_wins = M4_spin_reel_wins: null

2019-08-24 12:17:22 - [TEST_STEP][PASSED] - println("GlobalVariable.M4_spin_reel_wins is: " + M4_spin_reel_wins): null

2019-08-24 12:17:22 - [TEST_STEP][PASSED] - M4_spin_total_bonus_win_this_round = total_bonus_win_this_round: null

2019-08-24 12:17:22 - [TEST_STEP][PASSED] - M4_spin_total_bonus_win_this_round = M4_spin_total_bonus_win_this_round: null

2019-08-24 12:17:22 - [TEST_STEP][PASSED] - println("GlobalVariable.M4_spin_total_bonus_win_this_round is: " + M4_spin_total_bonus_win_this_round): null

2019-08-24 12:17:22 - [TEST_STEP][PASSED] - M4_spin_bonus_spin_result = spin_result: null

2019-08-24 12:17:22 - [TEST_STEP][PASSED] - M4_spin_bonus_spin_result = M4_spin_bonus_spin_result: null

2019-08-24 12:17:22 - [MESSAGE][PASSED] - Verify response successfully

2019-08-24 12:17:22 - [MESSAGE][PASSED] - Send request and verify the response successfully

2019-08-24 12:17:22 - [TEST_STEP][PASSED] - if (M4_total_bonus_spins_int != 0 &amp;&amp; M4_spin_reels_symbols[2].contains("WILD_ExtraFG") || M4_spin_reels_symbols[3].contains("WILD_ExtraFG")): null

2019-08-24 12:17:22 - [TEST_STEP][PASSED] - free_spin_reel_counter = free_spin_reel_counter: null

2019-08-24 12:17:22 - [TEST_STEP][PASSED] - M4_spin_reels_symbols = M4_spin_reels_symbols: null

2019-08-24 12:17:22 - [TEST_STEP][PASSED] - M4_total_bonus_spins = M4_total_bonus_spins: null

2019-08-24 12:17:22 - [TEST_STEP][PASSED] - spin_result = sendRequestAndVerify(findTestObject("INT/RGS(M4)/1_M4_spin", ["M4_login_user_id":M4_login_user_id, "rgs_session_token":rgs_session_token, "partner":Partner])): Send request and verify the response successfully

2019-08-24 12:17:22 - [MESSAGE][INFO] - HAR: /Users/eiralee/Katalon_Script/SuperWild/Reports/20190824_120919/INT/superWild_3/20190824_120919/requests/main/135.har

2019-08-24 12:17:22 - [TEST_CASE][PASSED] - Start Test Case : Verification: Verification accomplished successfully

2019-08-24 12:17:22 - [TEST_STEP][PASSED] - request = getInstance().getCurrentRequest(): null

2019-08-24 12:17:22 - [TEST_STEP][PASSED] - response = getInstance().getCurrentResponse(): null

2019-08-24 12:17:22 - [TEST_STEP][PASSED] - verifyResponseStatusCode(response, 200): Verify response status code successfully

2019-08-24 12:17:22 - [MESSAGE][PASSED] - Verify response status code successfully

2019-08-24 12:17:22 - [TEST_STEP][PASSED] - getStatusCode()).isEqualTo(200): null

2019-08-24 12:17:22 - [TEST_STEP][PASSED] - newline = System.getProperty("line.separator"): null

2019-08-24 12:17:22 - [TEST_STEP][PASSED] - M4_spin = new groovy.json.JsonSlurper(): null

2019-08-24 12:17:22 - [TEST_STEP][PASSED] - result_M4_spin = M4_spin.parseText(response.getResponseBodyContent()): null

2019-08-24 12:17:22 - [TEST_STEP][PASSED] - M4_spin_current_balance = current_balance: null

2019-08-24 12:17:22 - [TEST_STEP][PASSED] - M4_spin_current_balance = M4_spin_current_balance: null

2019-08-24 12:17:22 - [TEST_STEP][PASSED] - M4_spin_transaction_id = causality: null

2019-08-24 12:17:22 - [TEST_STEP][PASSED] - M4_spin_transaction_id = M4_spin_transaction_id: null

2019-08-24 12:17:22 - [TEST_STEP][PASSED] - M4_spin_round_id = round_id: null

2019-08-24 12:17:22 - [TEST_STEP][PASSED] - M4_spin_round_id = M4_spin_round_id: null

2019-08-24 12:17:22 - [TEST_STEP][PASSED] - M4_spin_line_wins = line_wins: null

2019-08-24 12:17:22 - [TEST_STEP][PASSED] - M4_spin_line_wins = M4_spin_line_wins: null

2019-08-24 12:17:22 - [TEST_STEP][PASSED] - M4_total_bonus_spins_int = total_bonus_spins: null

2019-08-24 12:17:22 - [TEST_STEP][PASSED] - println("******M4_total_bonus_spins type is:*******" + newline + getClass().getName()): null

2019-08-24 12:17:22 - [TEST_STEP][PASSED] - M4_total_bonus_spins_int = M4_total_bonus_spins_int: null

2019-08-24 12:17:22 - [TEST_STEP][PASSED] - M4_total_bonus_spins = Integer.toString(M4_total_bonus_spins_int): null

2019-08-24 12:17:22 - [TEST_STEP][PASSED] - M4_total_bonus_spins = M4_total_bonus_spins: null

2019-08-24 12:17:22 - [TEST_STEP][PASSED] - println("M4_total_bonus_spins is:" + M4_total_bonus_spins): null

2019-08-24 12:17:22 - [TEST_STEP][PASSED] - M4_spin_bonus_data = bonus_data: null

2019-08-24 12:17:22 - [TEST_STEP][PASSED] - M4_spin_features_triggered = result_M4_spin: null

2019-08-24 12:17:22 - [TEST_STEP][PASSED] - wild = []: null

2019-08-24 12:17:22 - [TEST_STEP][PASSED] - wild[0] = "WILD_Expanding": null

2019-08-24 12:17:22 - [TEST_STEP][PASSED] - wild[1] = "WILD_Normal": null

2019-08-24 12:17:22 - [TEST_STEP][PASSED] - wild[2] = "WILD_Double": null

2019-08-24 12:17:22 - [TEST_STEP][PASSED] - wild[3] = "WILD_ExtraFG": null

2019-08-24 12:17:22 - [TEST_STEP][PASSED] - wild[4] = "WILD_Triple": null

2019-08-24 12:17:22 - [TEST_STEP][PASSED] - wildList = Arrays.asList(wild): null

2019-08-24 12:17:22 - [TEST_STEP][PASSED] - wildList = wildList: null

2019-08-24 12:17:22 - [TEST_STEP][PASSED] - free_spin_reel_counter = []: null

2019-08-24 12:17:22 - [TEST_STEP][PASSED] - free_spin_reel_counter[0] = 0: null

2019-08-24 12:17:22 - [TEST_STEP][PASSED] - free_spin_reel_counter[1] = 0: null

2019-08-24 12:17:22 - [TEST_STEP][PASSED] - free_spin_reel_counter[2] = 0: null

2019-08-24 12:17:22 - [TEST_STEP][PASSED] - M4_spin_reels = reels: null

2019-08-24 12:17:22 - [TEST_STEP][PASSED] - for ([i = 0, i &lt; M4_spin_reels.size(), (i++)]): null

2019-08-24 12:17:22 - [TEST_STEP][PASSED] - symbols = symbols: null

2019-08-24 12:17:22 - [TEST_STEP][PASSED] - for ([j = 0, j &lt; symbols.size(), (j++)]): null

2019-08-24 12:17:22 - [TEST_STEP][PASSED] - symbol = symbol: null

2019-08-24 12:17:22 - [TEST_STEP][PASSED] - println(symbol): null

2019-08-24 12:17:22 - [TEST_STEP][PASSED] - if (i == 2 &amp;&amp; wildList.indexOf(symbol) != -1): null

2019-08-24 12:17:22 - [TEST_STEP][PASSED] - if (i == 3 &amp;&amp; wildList.indexOf(symbol) != -1): null

2019-08-24 12:17:22 - [TEST_STEP][PASSED] - if (i == 4 &amp;&amp; wildList.indexOf(symbol) != -1): null

2019-08-24 12:17:22 - [TEST_STEP][PASSED] - symbol = symbol: null

2019-08-24 12:17:22 - [TEST_STEP][PASSED] - println(symbol): null

2019-08-24 12:17:22 - [TEST_STEP][PASSED] - if (i == 2 &amp;&amp; wildList.indexOf(symbol) != -1): null

2019-08-24 12:17:22 - [TEST_STEP][PASSED] - if (i == 3 &amp;&amp; wildList.indexOf(symbol) != -1): null

2019-08-24 12:17:22 - [TEST_STEP][PASSED] - if (i == 4 &amp;&amp; wildList.indexOf(symbol) != -1): null

2019-08-24 12:17:22 - [TEST_STEP][PASSED] - symbol = symbol: null

2019-08-24 12:17:22 - [TEST_STEP][PASSED] - println(symbol): null

2019-08-24 12:17:22 - [TEST_STEP][PASSED] - if (i == 2 &amp;&amp; wildList.indexOf(symbol) != -1): null

2019-08-24 12:17:22 - [TEST_STEP][PASSED] - if (i == 3 &amp;&amp; wildList.indexOf(symbol) != -1): null

2019-08-24 12:17:22 - [TEST_STEP][PASSED] - if (i == 4 &amp;&amp; wildList.indexOf(symbol) != -1): null

2019-08-24 12:17:22 - [TEST_STEP][PASSED] - symbols = symbols: null

2019-08-24 12:17:22 - [TEST_STEP][PASSED] - for ([j = 0, j &lt; symbols.size(), (j++)]): null

2019-08-24 12:17:22 - [TEST_STEP][PASSED] - symbol = symbol: null

2019-08-24 12:17:22 - [TEST_STEP][PASSED] - println(symbol): null

2019-08-24 12:17:22 - [TEST_STEP][PASSED] - if (i == 2 &amp;&amp; wildList.indexOf(symbol) != -1): null

2019-08-24 12:17:22 - [TEST_STEP][PASSED] - if (i == 3 &amp;&amp; wildList.indexOf(symbol) != -1): null

2019-08-24 12:17:22 - [TEST_STEP][PASSED] - if (i == 4 &amp;&amp; wildList.indexOf(symbol) != -1): null

2019-08-24 12:17:22 - [TEST_STEP][PASSED] - symbol = symbol: null

2019-08-24 12:17:22 - [TEST_STEP][PASSED] - println(symbol): null

2019-08-24 12:17:22 - [TEST_STEP][PASSED] - if (i == 2 &amp;&amp; wildList.indexOf(symbol) != -1): null

2019-08-24 12:17:22 - [TEST_STEP][PASSED] - if (i == 3 &amp;&amp; wildList.indexOf(symbol) != -1): null

2019-08-24 12:17:22 - [TEST_STEP][PASSED] - if (i == 4 &amp;&amp; wildList.indexOf(symbol) != -1): null

2019-08-24 12:17:22 - [TEST_STEP][PASSED] - symbol = symbol: null

2019-08-24 12:17:22 - [TEST_STEP][PASSED] - println(symbol): null

2019-08-24 12:17:22 - [TEST_STEP][PASSED] - if (i == 2 &amp;&amp; wildList.indexOf(symbol) != -1): null

2019-08-24 12:17:22 - [TEST_STEP][PASSED] - if (i == 3 &amp;&amp; wildList.indexOf(symbol) != -1): null

2019-08-24 12:17:22 - [TEST_STEP][PASSED] - if (i == 4 &amp;&amp; wildList.indexOf(symbol) != -1): null

2019-08-24 12:17:22 - [TEST_STEP][PASSED] - symbols = symbols: null

2019-08-24 12:17:22 - [TEST_STEP][PASSED] - for ([j = 0, j &lt; symbols.size(), (j++)]): null

2019-08-24 12:17:22 - [TEST_STEP][PASSED] - symbol = symbol: null

2019-08-24 12:17:22 - [TEST_STEP][PASSED] - println(symbol): null

2019-08-24 12:17:22 - [TEST_STEP][PASSED] - if (i == 2 &amp;&amp; wildList.indexOf(symbol) != -1): null

2019-08-24 12:17:22 - [TEST_STEP][PASSED] - if (i == 3 &amp;&amp; wildList.indexOf(symbol) != -1): null

2019-08-24 12:17:22 - [TEST_STEP][PASSED] - if (i == 4 &amp;&amp; wildList.indexOf(symbol) != -1): null

2019-08-24 12:17:22 - [TEST_STEP][PASSED] - symbol = symbol: null

2019-08-24 12:17:22 - [TEST_STEP][PASSED] - println(symbol): null

2019-08-24 12:17:22 - [TEST_STEP][PASSED] - if (i == 2 &amp;&amp; wildList.indexOf(symbol) != -1): null

2019-08-24 12:17:22 - [TEST_STEP][PASSED] - if (i == 3 &amp;&amp; wildList.indexOf(symbol) != -1): null

2019-08-24 12:17:22 - [TEST_STEP][PASSED] - if (i == 4 &amp;&amp; wildList.indexOf(symbol) != -1): null

2019-08-24 12:17:22 - [TEST_STEP][PASSED] - symbol = symbol: null

2019-08-24 12:17:22 - [TEST_STEP][PASSED] - println(symbol): null

2019-08-24 12:17:22 - [TEST_STEP][PASSED] - if (i == 2 &amp;&amp; wildList.indexOf(symbol) != -1): null

2019-08-24 12:17:22 - [TEST_STEP][PASSED] - if (i == 3 &amp;&amp; wildList.indexOf(symbol) != -1): null

2019-08-24 12:17:22 - [TEST_STEP][PASSED] - if (i == 4 &amp;&amp; wildList.indexOf(symbol) != -1): null

2019-08-24 12:17:22 - [TEST_STEP][PASSED] - symbols = symbols: null

2019-08-24 12:17:22 - [TEST_STEP][PASSED] - for ([j = 0, j &lt; symbols.size(), (j++)]): null

2019-08-24 12:17:22 - [TEST_STEP][PASSED] - symbol = symbol: null

2019-08-24 12:17:22 - [TEST_STEP][PASSED] - println(symbol): null

2019-08-24 12:17:22 - [TEST_STEP][PASSED] - if (i == 2 &amp;&amp; wildList.indexOf(symbol) != -1): null

2019-08-24 12:17:22 - [TEST_STEP][PASSED] - if (i == 3 &amp;&amp; wildList.indexOf(symbol) != -1): null

2019-08-24 12:17:22 - [TEST_STEP][PASSED] - if (i == 4 &amp;&amp; wildList.indexOf(symbol) != -1): null

2019-08-24 12:17:22 - [TEST_STEP][PASSED] - symbol = symbol: null

2019-08-24 12:17:22 - [TEST_STEP][PASSED] - println(symbol): null

2019-08-24 12:17:22 - [TEST_STEP][PASSED] - if (i == 2 &amp;&amp; wildList.indexOf(symbol) != -1): null

2019-08-24 12:17:22 - [TEST_STEP][PASSED] - if (i == 3 &amp;&amp; wildList.indexOf(symbol) != -1): null

2019-08-24 12:17:22 - [TEST_STEP][PASSED] - if (i == 4 &amp;&amp; wildList.indexOf(symbol) != -1): null

2019-08-24 12:17:22 - [TEST_STEP][PASSED] - symbol = symbol: null

2019-08-24 12:17:22 - [TEST_STEP][PASSED] - println(symbol): null

2019-08-24 12:17:22 - [TEST_STEP][PASSED] - if (i == 2 &amp;&amp; wildList.indexOf(symbol) != -1): null

2019-08-24 12:17:22 - [TEST_STEP][PASSED] - if (i == 3 &amp;&amp; wildList.indexOf(symbol) != -1): null

2019-08-24 12:17:22 - [TEST_STEP][PASSED] - if (i == 4 &amp;&amp; wildList.indexOf(symbol) != -1): null

2019-08-24 12:17:22 - [TEST_STEP][PASSED] - symbols = symbols: null

2019-08-24 12:17:22 - [TEST_STEP][PASSED] - for ([j = 0, j &lt; symbols.size(), (j++)]): null

2019-08-24 12:17:22 - [TEST_STEP][PASSED] - symbol = symbol: null

2019-08-24 12:17:22 - [TEST_STEP][PASSED] - println(symbol): null

2019-08-24 12:17:22 - [TEST_STEP][PASSED] - if (i == 2 &amp;&amp; wildList.indexOf(symbol) != -1): null

2019-08-24 12:17:22 - [TEST_STEP][PASSED] - if (i == 3 &amp;&amp; wildList.indexOf(symbol) != -1): null

2019-08-24 12:17:22 - [TEST_STEP][PASSED] - if (i == 4 &amp;&amp; wildList.indexOf(symbol) != -1): null

2019-08-24 12:17:22 - [TEST_STEP][PASSED] - symbol = symbol: null

2019-08-24 12:17:22 - [TEST_STEP][PASSED] - println(symbol): null

2019-08-24 12:17:22 - [TEST_STEP][PASSED] - if (i == 2 &amp;&amp; wildList.indexOf(symbol) != -1): null

2019-08-24 12:17:22 - [TEST_STEP][PASSED] - if (i == 3 &amp;&amp; wildList.indexOf(symbol) != -1): null

2019-08-24 12:17:22 - [TEST_STEP][PASSED] - if (i == 4 &amp;&amp; wildList.indexOf(symbol) != -1): null

2019-08-24 12:17:22 - [TEST_STEP][PASSED] - symbol = symbol: null

2019-08-24 12:17:22 - [TEST_STEP][PASSED] - println(symbol): null

2019-08-24 12:17:22 - [TEST_STEP][PASSED] - if (i == 2 &amp;&amp; wildList.indexOf(symbol) != -1): null

2019-08-24 12:17:22 - [TEST_STEP][PASSED] - if (i == 3 &amp;&amp; wildList.indexOf(symbol) != -1): null

2019-08-24 12:17:22 - [TEST_STEP][PASSED] - if (i == 4 &amp;&amp; wildList.indexOf(symbol) != -1): null

2019-08-24 12:17:22 - [TEST_STEP][PASSED] - free_spin_reel_counter = free_spin_reel_counter: null

2019-08-24 12:17:22 - [TEST_STEP][PASSED] - println("reel 3 wild found: " + free_spin_reel_counter[0]): null

2019-08-24 12:17:22 - [TEST_STEP][PASSED] - println("reel 4 wild found: " + free_spin_reel_counter[1]): null

2019-08-24 12:17:22 - [TEST_STEP][PASSED] - println("reel 5 wild found: " + free_spin_reel_counter[2]): null

2019-08-24 12:17:22 - [TEST_STEP][PASSED] - M4_spin_reels = M4_spin_reels: null

2019-08-24 12:17:22 - [TEST_STEP][PASSED] - M4_spin_reels_symbols = symbol: null

2019-08-24 12:17:22 - [TEST_STEP][PASSED] - M4_spin_reels_symbols = M4_spin_reels_symbols: null

2019-08-24 12:17:22 - [TEST_STEP][PASSED] - M4_spin_reel_wins = reel_wins: null

2019-08-24 12:17:22 - [TEST_STEP][PASSED] - M4_spin_reel_wins = M4_spin_reel_wins: null

2019-08-24 12:17:22 - [TEST_STEP][PASSED] - println("GlobalVariable.M4_spin_reel_wins is: " + M4_spin_reel_wins): null

2019-08-24 12:17:22 - [TEST_STEP][PASSED] - M4_spin_total_bonus_win_this_round = total_bonus_win_this_round: null

2019-08-24 12:17:22 - [TEST_STEP][PASSED] - M4_spin_total_bonus_win_this_round = M4_spin_total_bonus_win_this_round: null

2019-08-24 12:17:22 - [TEST_STEP][PASSED] - println("GlobalVariable.M4_spin_total_bonus_win_this_round is: " + M4_spin_total_bonus_win_this_round): null

2019-08-24 12:17:22 - [TEST_STEP][PASSED] - M4_spin_bonus_spin_result = spin_result: null

2019-08-24 12:17:22 - [TEST_STEP][PASSED] - M4_spin_bonus_spin_result = M4_spin_bonus_spin_result: null

2019-08-24 12:17:22 - [MESSAGE][PASSED] - Verify response successfully

2019-08-24 12:17:22 - [MESSAGE][PASSED] - Send request and verify the response successfully

2019-08-24 12:17:22 - [TEST_STEP][PASSED] - if (M4_total_bonus_spins_int != 0 &amp;&amp; M4_spin_reels_symbols[2].contains("WILD_ExtraFG") || M4_spin_reels_symbols[3].contains("WILD_ExtraFG")): null

2019-08-24 12:17:22 - [TEST_STEP][PASSED] - free_spin_reel_counter = free_spin_reel_counter: null

2019-08-24 12:17:22 - [TEST_STEP][PASSED] - M4_spin_reels_symbols = M4_spin_reels_symbols: null

2019-08-24 12:17:22 - [TEST_STEP][PASSED] - M4_total_bonus_spins = M4_total_bonus_spins: null

2019-08-24 12:17:22 - [TEST_STEP][PASSED] - spin_result = sendRequestAndVerify(findTestObject("INT/RGS(M4)/1_M4_spin", ["M4_login_user_id":M4_login_user_id, "rgs_session_token":rgs_session_token, "partner":Partner])): Send request and verify the response successfully

2019-08-24 12:17:23 - [MESSAGE][INFO] - HAR: /Users/eiralee/Katalon_Script/SuperWild/Reports/20190824_120919/INT/superWild_3/20190824_120919/requests/main/136.har

2019-08-24 12:17:23 - [TEST_CASE][PASSED] - Start Test Case : Verification: Verification accomplished successfully

2019-08-24 12:17:23 - [TEST_STEP][PASSED] - request = getInstance().getCurrentRequest(): null

2019-08-24 12:17:23 - [TEST_STEP][PASSED] - response = getInstance().getCurrentResponse(): null

2019-08-24 12:17:23 - [TEST_STEP][PASSED] - verifyResponseStatusCode(response, 200): Verify response status code successfully

2019-08-24 12:17:23 - [MESSAGE][PASSED] - Verify response status code successfully

2019-08-24 12:17:23 - [TEST_STEP][PASSED] - getStatusCode()).isEqualTo(200): null

2019-08-24 12:17:23 - [TEST_STEP][PASSED] - newline = System.getProperty("line.separator"): null

2019-08-24 12:17:23 - [TEST_STEP][PASSED] - M4_spin = new groovy.json.JsonSlurper(): null

2019-08-24 12:17:23 - [TEST_STEP][PASSED] - result_M4_spin = M4_spin.parseText(response.getResponseBodyContent()): null

2019-08-24 12:17:23 - [TEST_STEP][PASSED] - M4_spin_current_balance = current_balance: null

2019-08-24 12:17:23 - [TEST_STEP][PASSED] - M4_spin_current_balance = M4_spin_current_balance: null

2019-08-24 12:17:23 - [TEST_STEP][PASSED] - M4_spin_transaction_id = causality: null

2019-08-24 12:17:23 - [TEST_STEP][PASSED] - M4_spin_transaction_id = M4_spin_transaction_id: null

2019-08-24 12:17:23 - [TEST_STEP][PASSED] - M4_spin_round_id = round_id: null

2019-08-24 12:17:23 - [TEST_STEP][PASSED] - M4_spin_round_id = M4_spin_round_id: null

2019-08-24 12:17:23 - [TEST_STEP][PASSED] - M4_spin_line_wins = line_wins: null

2019-08-24 12:17:23 - [TEST_STEP][PASSED] - M4_spin_line_wins = M4_spin_line_wins: null

2019-08-24 12:17:23 - [TEST_STEP][PASSED] - M4_total_bonus_spins_int = total_bonus_spins: null

2019-08-24 12:17:23 - [TEST_STEP][PASSED] - println("******M4_total_bonus_spins type is:*******" + newline + getClass().getName()): null

2019-08-24 12:17:23 - [TEST_STEP][PASSED] - M4_total_bonus_spins_int = M4_total_bonus_spins_int: null

2019-08-24 12:17:23 - [TEST_STEP][PASSED] - M4_total_bonus_spins = Integer.toString(M4_total_bonus_spins_int): null

2019-08-24 12:17:23 - [TEST_STEP][PASSED] - M4_total_bonus_spins = M4_total_bonus_spins: null

2019-08-24 12:17:23 - [TEST_STEP][PASSED] - println("M4_total_bonus_spins is:" + M4_total_bonus_spins): null

2019-08-24 12:17:23 - [TEST_STEP][PASSED] - M4_spin_bonus_data = bonus_data: null

2019-08-24 12:17:23 - [TEST_STEP][PASSED] - M4_spin_features_triggered = result_M4_spin: null

2019-08-24 12:17:23 - [TEST_STEP][PASSED] - wild = []: null

2019-08-24 12:17:23 - [TEST_STEP][PASSED] - wild[0] = "WILD_Expanding": null

2019-08-24 12:17:23 - [TEST_STEP][PASSED] - wild[1] = "WILD_Normal": null

2019-08-24 12:17:23 - [TEST_STEP][PASSED] - wild[2] = "WILD_Double": null

2019-08-24 12:17:23 - [TEST_STEP][PASSED] - wild[3] = "WILD_ExtraFG": null

2019-08-24 12:17:23 - [TEST_STEP][PASSED] - wild[4] = "WILD_Triple": null

2019-08-24 12:17:23 - [TEST_STEP][PASSED] - wildList = Arrays.asList(wild): null

2019-08-24 12:17:23 - [TEST_STEP][PASSED] - wildList = wildList: null

2019-08-24 12:17:23 - [TEST_STEP][PASSED] - free_spin_reel_counter = []: null

2019-08-24 12:17:23 - [TEST_STEP][PASSED] - free_spin_reel_counter[0] = 0: null

2019-08-24 12:17:23 - [TEST_STEP][PASSED] - free_spin_reel_counter[1] = 0: null

2019-08-24 12:17:23 - [TEST_STEP][PASSED] - free_spin_reel_counter[2] = 0: null

2019-08-24 12:17:23 - [TEST_STEP][PASSED] - M4_spin_reels = reels: null

2019-08-24 12:17:23 - [TEST_STEP][PASSED] - for ([i = 0, i &lt; M4_spin_reels.size(), (i++)]): null

2019-08-24 12:17:23 - [TEST_STEP][PASSED] - symbols = symbols: null

2019-08-24 12:17:23 - [TEST_STEP][PASSED] - for ([j = 0, j &lt; symbols.size(), (j++)]): null

2019-08-24 12:17:23 - [TEST_STEP][PASSED] - symbol = symbol: null

2019-08-24 12:17:23 - [TEST_STEP][PASSED] - println(symbol): null

2019-08-24 12:17:23 - [TEST_STEP][PASSED] - if (i == 2 &amp;&amp; wildList.indexOf(symbol) != -1): null

2019-08-24 12:17:23 - [TEST_STEP][PASSED] - if (i == 3 &amp;&amp; wildList.indexOf(symbol) != -1): null

2019-08-24 12:17:23 - [TEST_STEP][PASSED] - if (i == 4 &amp;&amp; wildList.indexOf(symbol) != -1): null

2019-08-24 12:17:23 - [TEST_STEP][PASSED] - symbol = symbol: null

2019-08-24 12:17:23 - [TEST_STEP][PASSED] - println(symbol): null

2019-08-24 12:17:23 - [TEST_STEP][PASSED] - if (i == 2 &amp;&amp; wildList.indexOf(symbol) != -1): null

2019-08-24 12:17:23 - [TEST_STEP][PASSED] - if (i == 3 &amp;&amp; wildList.indexOf(symbol) != -1): null

2019-08-24 12:17:23 - [TEST_STEP][PASSED] - if (i == 4 &amp;&amp; wildList.indexOf(symbol) != -1): null

2019-08-24 12:17:23 - [TEST_STEP][PASSED] - symbol = symbol: null

2019-08-24 12:17:23 - [TEST_STEP][PASSED] - println(symbol): null

2019-08-24 12:17:23 - [TEST_STEP][PASSED] - if (i == 2 &amp;&amp; wildList.indexOf(symbol) != -1): null

2019-08-24 12:17:23 - [TEST_STEP][PASSED] - if (i == 3 &amp;&amp; wildList.indexOf(symbol) != -1): null

2019-08-24 12:17:23 - [TEST_STEP][PASSED] - if (i == 4 &amp;&amp; wildList.indexOf(symbol) != -1): null

2019-08-24 12:17:23 - [TEST_STEP][PASSED] - symbols = symbols: null

2019-08-24 12:17:23 - [TEST_STEP][PASSED] - for ([j = 0, j &lt; symbols.size(), (j++)]): null

2019-08-24 12:17:23 - [TEST_STEP][PASSED] - symbol = symbol: null

2019-08-24 12:17:23 - [TEST_STEP][PASSED] - println(symbol): null

2019-08-24 12:17:23 - [TEST_STEP][PASSED] - if (i == 2 &amp;&amp; wildList.indexOf(symbol) != -1): null

2019-08-24 12:17:23 - [TEST_STEP][PASSED] - if (i == 3 &amp;&amp; wildList.indexOf(symbol) != -1): null

2019-08-24 12:17:23 - [TEST_STEP][PASSED] - if (i == 4 &amp;&amp; wildList.indexOf(symbol) != -1): null

2019-08-24 12:17:23 - [TEST_STEP][PASSED] - symbol = symbol: null

2019-08-24 12:17:23 - [TEST_STEP][PASSED] - println(symbol): null

2019-08-24 12:17:23 - [TEST_STEP][PASSED] - if (i == 2 &amp;&amp; wildList.indexOf(symbol) != -1): null

2019-08-24 12:17:23 - [TEST_STEP][PASSED] - if (i == 3 &amp;&amp; wildList.indexOf(symbol) != -1): null

2019-08-24 12:17:23 - [TEST_STEP][PASSED] - if (i == 4 &amp;&amp; wildList.indexOf(symbol) != -1): null

2019-08-24 12:17:23 - [TEST_STEP][PASSED] - symbol = symbol: null

2019-08-24 12:17:23 - [TEST_STEP][PASSED] - println(symbol): null

2019-08-24 12:17:23 - [TEST_STEP][PASSED] - if (i == 2 &amp;&amp; wildList.indexOf(symbol) != -1): null

2019-08-24 12:17:23 - [TEST_STEP][PASSED] - if (i == 3 &amp;&amp; wildList.indexOf(symbol) != -1): null

2019-08-24 12:17:23 - [TEST_STEP][PASSED] - if (i == 4 &amp;&amp; wildList.indexOf(symbol) != -1): null

2019-08-24 12:17:23 - [TEST_STEP][PASSED] - symbols = symbols: null

2019-08-24 12:17:23 - [TEST_STEP][PASSED] - for ([j = 0, j &lt; symbols.size(), (j++)]): null

2019-08-24 12:17:23 - [TEST_STEP][PASSED] - symbol = symbol: null

2019-08-24 12:17:23 - [TEST_STEP][PASSED] - println(symbol): null

2019-08-24 12:17:23 - [TEST_STEP][PASSED] - if (i == 2 &amp;&amp; wildList.indexOf(symbol) != -1): null

2019-08-24 12:17:23 - [TEST_STEP][PASSED] - if (i == 3 &amp;&amp; wildList.indexOf(symbol) != -1): null

2019-08-24 12:17:23 - [TEST_STEP][PASSED] - if (i == 4 &amp;&amp; wildList.indexOf(symbol) != -1): null

2019-08-24 12:17:23 - [TEST_STEP][PASSED] - symbol = symbol: null

2019-08-24 12:17:23 - [TEST_STEP][PASSED] - println(symbol): null

2019-08-24 12:17:23 - [TEST_STEP][PASSED] - if (i == 2 &amp;&amp; wildList.indexOf(symbol) != -1): null

2019-08-24 12:17:23 - [TEST_STEP][PASSED] - if (i == 3 &amp;&amp; wildList.indexOf(symbol) != -1): null

2019-08-24 12:17:23 - [TEST_STEP][PASSED] - if (i == 4 &amp;&amp; wildList.indexOf(symbol) != -1): null

2019-08-24 12:17:23 - [TEST_STEP][PASSED] - symbol = symbol: null

2019-08-24 12:17:23 - [TEST_STEP][PASSED] - println(symbol): null

2019-08-24 12:17:23 - [TEST_STEP][PASSED] - if (i == 2 &amp;&amp; wildList.indexOf(symbol) != -1): null

2019-08-24 12:17:23 - [TEST_STEP][PASSED] - if (i == 3 &amp;&amp; wildList.indexOf(symbol) != -1): null

2019-08-24 12:17:23 - [TEST_STEP][PASSED] - if (i == 4 &amp;&amp; wildList.indexOf(symbol) != -1): null

2019-08-24 12:17:23 - [TEST_STEP][PASSED] - symbols = symbols: null

2019-08-24 12:17:23 - [TEST_STEP][PASSED] - for ([j = 0, j &lt; symbols.size(), (j++)]): null

2019-08-24 12:17:23 - [TEST_STEP][PASSED] - symbol = symbol: null

2019-08-24 12:17:23 - [TEST_STEP][PASSED] - println(symbol): null

2019-08-24 12:17:23 - [TEST_STEP][PASSED] - if (i == 2 &amp;&amp; wildList.indexOf(symbol) != -1): null

2019-08-24 12:17:23 - [TEST_STEP][PASSED] - if (i == 3 &amp;&amp; wildList.indexOf(symbol) != -1): null

2019-08-24 12:17:23 - [TEST_STEP][PASSED] - if (i == 4 &amp;&amp; wildList.indexOf(symbol) != -1): null

2019-08-24 12:17:23 - [TEST_STEP][PASSED] - symbol = symbol: null

2019-08-24 12:17:23 - [TEST_STEP][PASSED] - println(symbol): null

2019-08-24 12:17:23 - [TEST_STEP][PASSED] - if (i == 2 &amp;&amp; wildList.indexOf(symbol) != -1): null

2019-08-24 12:17:23 - [TEST_STEP][PASSED] - if (i == 3 &amp;&amp; wildList.indexOf(symbol) != -1): null

2019-08-24 12:17:23 - [TEST_STEP][PASSED] - if (i == 4 &amp;&amp; wildList.indexOf(symbol) != -1): null

2019-08-24 12:17:23 - [TEST_STEP][PASSED] - symbol = symbol: null

2019-08-24 12:17:23 - [TEST_STEP][PASSED] - println(symbol): null

2019-08-24 12:17:23 - [TEST_STEP][PASSED] - if (i == 2 &amp;&amp; wildList.indexOf(symbol) != -1): null

2019-08-24 12:17:23 - [TEST_STEP][PASSED] - if (i == 3 &amp;&amp; wildList.indexOf(symbol) != -1): null

2019-08-24 12:17:23 - [TEST_STEP][PASSED] - if (i == 4 &amp;&amp; wildList.indexOf(symbol) != -1): null

2019-08-24 12:17:23 - [TEST_STEP][PASSED] - symbols = symbols: null

2019-08-24 12:17:23 - [TEST_STEP][PASSED] - for ([j = 0, j &lt; symbols.size(), (j++)]): null

2019-08-24 12:17:23 - [TEST_STEP][PASSED] - symbol = symbol: null

2019-08-24 12:17:23 - [TEST_STEP][PASSED] - println(symbol): null

2019-08-24 12:17:23 - [TEST_STEP][PASSED] - if (i == 2 &amp;&amp; wildList.indexOf(symbol) != -1): null

2019-08-24 12:17:23 - [TEST_STEP][PASSED] - if (i == 3 &amp;&amp; wildList.indexOf(symbol) != -1): null

2019-08-24 12:17:23 - [TEST_STEP][PASSED] - if (i == 4 &amp;&amp; wildList.indexOf(symbol) != -1): null

2019-08-24 12:17:23 - [TEST_STEP][PASSED] - symbol = symbol: null

2019-08-24 12:17:23 - [TEST_STEP][PASSED] - println(symbol): null

2019-08-24 12:17:23 - [TEST_STEP][PASSED] - if (i == 2 &amp;&amp; wildList.indexOf(symbol) != -1): null

2019-08-24 12:17:23 - [TEST_STEP][PASSED] - if (i == 3 &amp;&amp; wildList.indexOf(symbol) != -1): null

2019-08-24 12:17:23 - [TEST_STEP][PASSED] - if (i == 4 &amp;&amp; wildList.indexOf(symbol) != -1): null

2019-08-24 12:17:23 - [TEST_STEP][PASSED] - symbol = symbol: null

2019-08-24 12:17:23 - [TEST_STEP][PASSED] - println(symbol): null

2019-08-24 12:17:23 - [TEST_STEP][PASSED] - if (i == 2 &amp;&amp; wildList.indexOf(symbol) != -1): null

2019-08-24 12:17:23 - [TEST_STEP][PASSED] - if (i == 3 &amp;&amp; wildList.indexOf(symbol) != -1): null

2019-08-24 12:17:23 - [TEST_STEP][PASSED] - if (i == 4 &amp;&amp; wildList.indexOf(symbol) != -1): null

2019-08-24 12:17:23 - [TEST_STEP][PASSED] - free_spin_reel_counter = free_spin_reel_counter: null

2019-08-24 12:17:23 - [TEST_STEP][PASSED] - println("reel 3 wild found: " + free_spin_reel_counter[0]): null

2019-08-24 12:17:23 - [TEST_STEP][PASSED] - println("reel 4 wild found: " + free_spin_reel_counter[1]): null

2019-08-24 12:17:23 - [TEST_STEP][PASSED] - println("reel 5 wild found: " + free_spin_reel_counter[2]): null

2019-08-24 12:17:23 - [TEST_STEP][PASSED] - M4_spin_reels = M4_spin_reels: null

2019-08-24 12:17:23 - [TEST_STEP][PASSED] - M4_spin_reels_symbols = symbol: null

2019-08-24 12:17:23 - [TEST_STEP][PASSED] - M4_spin_reels_symbols = M4_spin_reels_symbols: null

2019-08-24 12:17:23 - [TEST_STEP][PASSED] - M4_spin_reel_wins = reel_wins: null

2019-08-24 12:17:23 - [TEST_STEP][PASSED] - M4_spin_reel_wins = M4_spin_reel_wins: null

2019-08-24 12:17:23 - [TEST_STEP][PASSED] - println("GlobalVariable.M4_spin_reel_wins is: " + M4_spin_reel_wins): null

2019-08-24 12:17:23 - [TEST_STEP][PASSED] - M4_spin_total_bonus_win_this_round = total_bonus_win_this_round: null

2019-08-24 12:17:23 - [TEST_STEP][PASSED] - M4_spin_total_bonus_win_this_round = M4_spin_total_bonus_win_this_round: null

2019-08-24 12:17:23 - [TEST_STEP][PASSED] - println("GlobalVariable.M4_spin_total_bonus_win_this_round is: " + M4_spin_total_bonus_win_this_round): null

2019-08-24 12:17:23 - [TEST_STEP][PASSED] - M4_spin_bonus_spin_result = spin_result: null

2019-08-24 12:17:23 - [TEST_STEP][PASSED] - M4_spin_bonus_spin_result = M4_spin_bonus_spin_result: null

2019-08-24 12:17:23 - [MESSAGE][PASSED] - Verify response successfully

2019-08-24 12:17:23 - [MESSAGE][PASSED] - Send request and verify the response successfully

2019-08-24 12:17:23 - [TEST_STEP][PASSED] - if (M4_total_bonus_spins_int != 0 &amp;&amp; M4_spin_reels_symbols[2].contains("WILD_ExtraFG") || M4_spin_reels_symbols[3].contains("WILD_ExtraFG")): null

2019-08-24 12:17:23 - [TEST_STEP][PASSED] - free_spin_reel_counter = free_spin_reel_counter: null

2019-08-24 12:17:23 - [TEST_STEP][PASSED] - M4_spin_reels_symbols = M4_spin_reels_symbols: null

2019-08-24 12:17:23 - [TEST_STEP][PASSED] - M4_total_bonus_spins = M4_total_bonus_spins: null

2019-08-24 12:17:23 - [TEST_STEP][PASSED] - spin_result = sendRequestAndVerify(findTestObject("INT/RGS(M4)/1_M4_spin", ["M4_login_user_id":M4_login_user_id, "rgs_session_token":rgs_session_token, "partner":Partner])): Send request and verify the response successfully

2019-08-24 12:17:23 - [MESSAGE][INFO] - HAR: /Users/eiralee/Katalon_Script/SuperWild/Reports/20190824_120919/INT/superWild_3/20190824_120919/requests/main/137.har

2019-08-24 12:17:23 - [TEST_CASE][PASSED] - Start Test Case : Verification: Verification accomplished successfully

2019-08-24 12:17:23 - [TEST_STEP][PASSED] - request = getInstance().getCurrentRequest(): null

2019-08-24 12:17:24 - [TEST_STEP][PASSED] - response = getInstance().getCurrentResponse(): null

2019-08-24 12:17:24 - [TEST_STEP][PASSED] - verifyResponseStatusCode(response, 200): Verify response status code successfully

2019-08-24 12:17:24 - [MESSAGE][PASSED] - Verify response status code successfully

2019-08-24 12:17:24 - [TEST_STEP][PASSED] - getStatusCode()).isEqualTo(200): null

2019-08-24 12:17:24 - [TEST_STEP][PASSED] - newline = System.getProperty("line.separator"): null

2019-08-24 12:17:27 - [TEST_STEP][PASSED] - M4_spin = new groovy.json.JsonSlurper(): null

2019-08-24 12:17:27 - [TEST_STEP][PASSED] - result_M4_spin = M4_spin.parseText(response.getResponseBodyContent()): null

2019-08-24 12:17:27 - [TEST_STEP][PASSED] - M4_spin_current_balance = current_balance: null

2019-08-24 12:17:27 - [TEST_STEP][PASSED] - M4_spin_current_balance = M4_spin_current_balance: null

2019-08-24 12:17:27 - [TEST_STEP][PASSED] - M4_spin_transaction_id = causality: null

2019-08-24 12:17:27 - [TEST_STEP][PASSED] - M4_spin_transaction_id = M4_spin_transaction_id: null

2019-08-24 12:17:27 - [TEST_STEP][PASSED] - M4_spin_round_id = round_id: null

2019-08-24 12:17:27 - [TEST_STEP][PASSED] - M4_spin_round_id = M4_spin_round_id: null

2019-08-24 12:17:27 - [TEST_STEP][PASSED] - M4_spin_line_wins = line_wins: null

2019-08-24 12:17:27 - [TEST_STEP][PASSED] - M4_spin_line_wins = M4_spin_line_wins: null

2019-08-24 12:17:30 - [TEST_STEP][PASSED] - M4_total_bonus_spins_int = total_bonus_spins: null

2019-08-24 12:17:30 - [TEST_STEP][PASSED] - println("******M4_total_bonus_spins type is:*******" + newline + getClass().getName()): null

2019-08-24 12:17:30 - [TEST_STEP][PASSED] - M4_total_bonus_spins_int = M4_total_bonus_spins_int: null

2019-08-24 12:17:30 - [TEST_STEP][PASSED] - M4_total_bonus_spins = Integer.toString(M4_total_bonus_spins_int): null

2019-08-24 12:17:30 - [TEST_STEP][PASSED] - M4_total_bonus_spins = M4_total_bonus_spins: null

2019-08-24 12:17:30 - [TEST_STEP][PASSED] - println("M4_total_bonus_spins is:" + M4_total_bonus_spins): null

2019-08-24 12:17:30 - [TEST_STEP][PASSED] - M4_spin_bonus_data = bonus_data: null

2019-08-24 12:17:30 - [TEST_STEP][PASSED] - M4_spin_features_triggered = result_M4_spin: null

2019-08-24 12:17:30 - [TEST_STEP][PASSED] - wild = []: null

2019-08-24 12:17:30 - [TEST_STEP][PASSED] - wild[0] = "WILD_Expanding": null

2019-08-24 12:17:30 - [TEST_STEP][PASSED] - wild[1] = "WILD_Normal": null

2019-08-24 12:17:30 - [TEST_STEP][PASSED] - wild[2] = "WILD_Double": null

2019-08-24 12:17:30 - [TEST_STEP][PASSED] - wild[3] = "WILD_ExtraFG": null

2019-08-24 12:17:30 - [TEST_STEP][PASSED] - wild[4] = "WILD_Triple": null

2019-08-24 12:17:30 - [TEST_STEP][PASSED] - wildList = Arrays.asList(wild): null

2019-08-24 12:17:30 - [TEST_STEP][PASSED] - wildList = wildList: null

2019-08-24 12:17:30 - [TEST_STEP][PASSED] - free_spin_reel_counter = []: null

2019-08-24 12:17:30 - [TEST_STEP][PASSED] - free_spin_reel_counter[0] = 0: null

2019-08-24 12:17:30 - [TEST_STEP][PASSED] - free_spin_reel_counter[1] = 0: null

2019-08-24 12:17:30 - [TEST_STEP][PASSED] - free_spin_reel_counter[2] = 0: null

2019-08-24 12:17:30 - [TEST_STEP][PASSED] - M4_spin_reels = reels: null

2019-08-24 12:17:30 - [TEST_STEP][PASSED] - for ([i = 0, i &lt; M4_spin_reels.size(), (i++)]): null

2019-08-24 12:17:30 - [TEST_STEP][PASSED] - symbols = symbols: null

2019-08-24 12:17:30 - [TEST_STEP][PASSED] - for ([j = 0, j &lt; symbols.size(), (j++)]): null

2019-08-24 12:17:30 - [TEST_STEP][PASSED] - symbol = symbol: null

2019-08-24 12:17:30 - [TEST_STEP][PASSED] - println(symbol): null

2019-08-24 12:17:30 - [TEST_STEP][PASSED] - if (i == 2 &amp;&amp; wildList.indexOf(symbol) != -1): null

2019-08-24 12:17:30 - [TEST_STEP][PASSED] - if (i == 3 &amp;&amp; wildList.indexOf(symbol) != -1): null

2019-08-24 12:17:30 - [TEST_STEP][PASSED] - if (i == 4 &amp;&amp; wildList.indexOf(symbol) != -1): null

2019-08-24 12:17:30 - [TEST_STEP][PASSED] - symbol = symbol: null

2019-08-24 12:17:30 - [TEST_STEP][PASSED] - println(symbol): null

2019-08-24 12:17:30 - [TEST_STEP][PASSED] - if (i == 2 &amp;&amp; wildList.indexOf(symbol) != -1): null

2019-08-24 12:17:30 - [TEST_STEP][PASSED] - if (i == 3 &amp;&amp; wildList.indexOf(symbol) != -1): null

2019-08-24 12:17:30 - [TEST_STEP][PASSED] - if (i == 4 &amp;&amp; wildList.indexOf(symbol) != -1): null

2019-08-24 12:17:30 - [TEST_STEP][PASSED] - symbol = symbol: null

2019-08-24 12:17:30 - [TEST_STEP][PASSED] - println(symbol): null

2019-08-24 12:17:30 - [TEST_STEP][PASSED] - if (i == 2 &amp;&amp; wildList.indexOf(symbol) != -1): null

2019-08-24 12:17:30 - [TEST_STEP][PASSED] - if (i == 3 &amp;&amp; wildList.indexOf(symbol) != -1): null

2019-08-24 12:17:30 - [TEST_STEP][PASSED] - if (i == 4 &amp;&amp; wildList.indexOf(symbol) != -1): null

2019-08-24 12:17:30 - [TEST_STEP][PASSED] - symbols = symbols: null

2019-08-24 12:17:30 - [TEST_STEP][PASSED] - for ([j = 0, j &lt; symbols.size(), (j++)]): null

2019-08-24 12:17:30 - [TEST_STEP][PASSED] - symbol = symbol: null

2019-08-24 12:17:30 - [TEST_STEP][PASSED] - println(symbol): null

2019-08-24 12:17:30 - [TEST_STEP][PASSED] - if (i == 2 &amp;&amp; wildList.indexOf(symbol) != -1): null

2019-08-24 12:17:30 - [TEST_STEP][PASSED] - if (i == 3 &amp;&amp; wildList.indexOf(symbol) != -1): null

2019-08-24 12:17:30 - [TEST_STEP][PASSED] - if (i == 4 &amp;&amp; wildList.indexOf(symbol) != -1): null

2019-08-24 12:17:30 - [TEST_STEP][PASSED] - symbol = symbol: null

2019-08-24 12:17:30 - [TEST_STEP][PASSED] - println(symbol): null

2019-08-24 12:17:30 - [TEST_STEP][PASSED] - if (i == 2 &amp;&amp; wildList.indexOf(symbol) != -1): null

2019-08-24 12:17:30 - [TEST_STEP][PASSED] - if (i == 3 &amp;&amp; wildList.indexOf(symbol) != -1): null

2019-08-24 12:17:30 - [TEST_STEP][PASSED] - if (i == 4 &amp;&amp; wildList.indexOf(symbol) != -1): null

2019-08-24 12:17:30 - [TEST_STEP][PASSED] - symbol = symbol: null

2019-08-24 12:17:30 - [TEST_STEP][PASSED] - println(symbol): null

2019-08-24 12:17:30 - [TEST_STEP][PASSED] - if (i == 2 &amp;&amp; wildList.indexOf(symbol) != -1): null

2019-08-24 12:17:30 - [TEST_STEP][PASSED] - if (i == 3 &amp;&amp; wildList.indexOf(symbol) != -1): null

2019-08-24 12:17:30 - [TEST_STEP][PASSED] - if (i == 4 &amp;&amp; wildList.indexOf(symbol) != -1): null

2019-08-24 12:17:30 - [TEST_STEP][PASSED] - symbols = symbols: null

2019-08-24 12:17:30 - [TEST_STEP][PASSED] - for ([j = 0, j &lt; symbols.size(), (j++)]): null

2019-08-24 12:17:30 - [TEST_STEP][PASSED] - symbol = symbol: null

2019-08-24 12:17:30 - [TEST_STEP][PASSED] - println(symbol): null

2019-08-24 12:17:30 - [TEST_STEP][PASSED] - if (i == 2 &amp;&amp; wildList.indexOf(symbol) != -1): null

2019-08-24 12:17:30 - [TEST_STEP][PASSED] - if (i == 3 &amp;&amp; wildList.indexOf(symbol) != -1): null

2019-08-24 12:17:30 - [TEST_STEP][PASSED] - if (i == 4 &amp;&amp; wildList.indexOf(symbol) != -1): null

2019-08-24 12:17:30 - [TEST_STEP][PASSED] - symbol = symbol: null

2019-08-24 12:17:30 - [TEST_STEP][PASSED] - println(symbol): null

2019-08-24 12:17:30 - [TEST_STEP][PASSED] - if (i == 2 &amp;&amp; wildList.indexOf(symbol) != -1): null

2019-08-24 12:17:30 - [TEST_STEP][PASSED] - if (i == 3 &amp;&amp; wildList.indexOf(symbol) != -1): null

2019-08-24 12:17:30 - [TEST_STEP][PASSED] - if (i == 4 &amp;&amp; wildList.indexOf(symbol) != -1): null

2019-08-24 12:17:30 - [TEST_STEP][PASSED] - symbol = symbol: null

2019-08-24 12:17:30 - [TEST_STEP][PASSED] - println(symbol): null

2019-08-24 12:17:30 - [TEST_STEP][PASSED] - if (i == 2 &amp;&amp; wildList.indexOf(symbol) != -1): null

2019-08-24 12:17:30 - [TEST_STEP][PASSED] - println("wild found on reel 3, adding counter by 1"): null

2019-08-24 12:17:30 - [TEST_STEP][PASSED] - free_spin_reel_counter[0] = free_spin_reel_counter[0] + 1: null

2019-08-24 12:17:30 - [TEST_STEP][PASSED] - if (i == 3 &amp;&amp; wildList.indexOf(symbol) != -1): null

2019-08-24 12:17:30 - [TEST_STEP][PASSED] - if (i == 4 &amp;&amp; wildList.indexOf(symbol) != -1): null

2019-08-24 12:17:30 - [TEST_STEP][PASSED] - symbols = symbols: null

2019-08-24 12:17:30 - [TEST_STEP][PASSED] - for ([j = 0, j &lt; symbols.size(), (j++)]): null

2019-08-24 12:17:30 - [TEST_STEP][PASSED] - symbol = symbol: null

2019-08-24 12:17:30 - [TEST_STEP][PASSED] - println(symbol): null

2019-08-24 12:17:30 - [TEST_STEP][PASSED] - if (i == 2 &amp;&amp; wildList.indexOf(symbol) != -1): null

2019-08-24 12:17:30 - [TEST_STEP][PASSED] - if (i == 3 &amp;&amp; wildList.indexOf(symbol) != -1): null

2019-08-24 12:17:30 - [TEST_STEP][PASSED] - if (i == 4 &amp;&amp; wildList.indexOf(symbol) != -1): null

2019-08-24 12:17:30 - [TEST_STEP][PASSED] - symbol = symbol: null

2019-08-24 12:17:30 - [TEST_STEP][PASSED] - println(symbol): null

2019-08-24 12:17:30 - [TEST_STEP][PASSED] - if (i == 2 &amp;&amp; wildList.indexOf(symbol) != -1): null

2019-08-24 12:17:30 - [TEST_STEP][PASSED] - if (i == 3 &amp;&amp; wildList.indexOf(symbol) != -1): null

2019-08-24 12:17:30 - [TEST_STEP][PASSED] - if (i == 4 &amp;&amp; wildList.indexOf(symbol) != -1): null

2019-08-24 12:17:30 - [TEST_STEP][PASSED] - symbol = symbol: null

2019-08-24 12:17:30 - [TEST_STEP][PASSED] - println(symbol): null

2019-08-24 12:17:30 - [TEST_STEP][PASSED] - if (i == 2 &amp;&amp; wildList.indexOf(symbol) != -1): null

2019-08-24 12:17:30 - [TEST_STEP][PASSED] - if (i == 3 &amp;&amp; wildList.indexOf(symbol) != -1): null

2019-08-24 12:17:30 - [TEST_STEP][PASSED] - if (i == 4 &amp;&amp; wildList.indexOf(symbol) != -1): null

2019-08-24 12:17:30 - [TEST_STEP][PASSED] - symbols = symbols: null

2019-08-24 12:17:30 - [TEST_STEP][PASSED] - for ([j = 0, j &lt; symbols.size(), (j++)]): null

2019-08-24 12:17:30 - [TEST_STEP][PASSED] - symbol = symbol: null

2019-08-24 12:17:30 - [TEST_STEP][PASSED] - println(symbol): null

2019-08-24 12:17:30 - [TEST_STEP][PASSED] - if (i == 2 &amp;&amp; wildList.indexOf(symbol) != -1): null

2019-08-24 12:17:30 - [TEST_STEP][PASSED] - if (i == 3 &amp;&amp; wildList.indexOf(symbol) != -1): null

2019-08-24 12:17:30 - [TEST_STEP][PASSED] - if (i == 4 &amp;&amp; wildList.indexOf(symbol) != -1): null

2019-08-24 12:17:30 - [TEST_STEP][PASSED] - symbol = symbol: null

2019-08-24 12:17:30 - [TEST_STEP][PASSED] - println(symbol): null

2019-08-24 12:17:30 - [TEST_STEP][PASSED] - if (i == 2 &amp;&amp; wildList.indexOf(symbol) != -1): null

2019-08-24 12:17:30 - [TEST_STEP][PASSED] - if (i == 3 &amp;&amp; wildList.indexOf(symbol) != -1): null

2019-08-24 12:17:30 - [TEST_STEP][PASSED] - if (i == 4 &amp;&amp; wildList.indexOf(symbol) != -1): null

2019-08-24 12:17:30 - [TEST_STEP][PASSED] - symbol = symbol: null

2019-08-24 12:17:30 - [TEST_STEP][PASSED] - println(symbol): null

2019-08-24 12:17:30 - [TEST_STEP][PASSED] - if (i == 2 &amp;&amp; wildList.indexOf(symbol) != -1): null

2019-08-24 12:17:30 - [TEST_STEP][PASSED] - if (i == 3 &amp;&amp; wildList.indexOf(symbol) != -1): null

2019-08-24 12:17:30 - [TEST_STEP][PASSED] - if (i == 4 &amp;&amp; wildList.indexOf(symbol) != -1): null

2019-08-24 12:17:30 - [TEST_STEP][PASSED] - free_spin_reel_counter = free_spin_reel_counter: null

2019-08-24 12:17:30 - [TEST_STEP][PASSED] - println("reel 3 wild found: " + free_spin_reel_counter[0]): null

2019-08-24 12:17:30 - [TEST_STEP][PASSED] - println("reel 4 wild found: " + free_spin_reel_counter[1]): null

2019-08-24 12:17:30 - [TEST_STEP][PASSED] - println("reel 5 wild found: " + free_spin_reel_counter[2]): null

2019-08-24 12:17:30 - [TEST_STEP][PASSED] - M4_spin_reels = M4_spin_reels: null

2019-08-24 12:17:30 - [TEST_STEP][PASSED] - M4_spin_reels_symbols = symbol: null

2019-08-24 12:17:30 - [TEST_STEP][PASSED] - M4_spin_reels_symbols = M4_spin_reels_symbols: null

2019-08-24 12:17:30 - [TEST_STEP][PASSED] - M4_spin_reel_wins = reel_wins: null

2019-08-24 12:17:30 - [TEST_STEP][PASSED] - M4_spin_reel_wins = M4_spin_reel_wins: null

2019-08-24 12:17:30 - [TEST_STEP][PASSED] - println("GlobalVariable.M4_spin_reel_wins is: " + M4_spin_reel_wins): null

2019-08-24 12:17:30 - [TEST_STEP][PASSED] - M4_spin_total_bonus_win_this_round = total_bonus_win_this_round: null

2019-08-24 12:17:30 - [TEST_STEP][PASSED] - M4_spin_total_bonus_win_this_round = M4_spin_total_bonus_win_this_round: null

2019-08-24 12:17:30 - [TEST_STEP][PASSED] - println("GlobalVariable.M4_spin_total_bonus_win_this_round is: " + M4_spin_total_bonus_win_this_round): null

2019-08-24 12:17:30 - [TEST_STEP][PASSED] - M4_spin_bonus_spin_result = spin_result: null

2019-08-24 12:17:30 - [TEST_STEP][PASSED] - M4_spin_bonus_spin_result = M4_spin_bonus_spin_result: null

2019-08-24 12:17:30 - [MESSAGE][PASSED] - Verify response successfully

2019-08-24 12:17:30 - [MESSAGE][PASSED] - Send request and verify the response successfully

2019-08-24 12:17:30 - [TEST_STEP][PASSED] - if (M4_total_bonus_spins_int != 0 &amp;&amp; M4_spin_reels_symbols[2].contains("WILD_ExtraFG") || M4_spin_reels_symbols[3].contains("WILD_ExtraFG")): null

2019-08-24 12:17:30 - [TEST_STEP][PASSED] - free_spin_reel_counter = free_spin_reel_counter: null

2019-08-24 12:17:30 - [TEST_STEP][PASSED] - M4_spin_reels_symbols = M4_spin_reels_symbols: null

2019-08-24 12:17:30 - [TEST_STEP][PASSED] - M4_total_bonus_spins = M4_total_bonus_spins: null

2019-08-24 12:17:30 - [TEST_STEP][PASSED] - spin_result = sendRequestAndVerify(findTestObject("INT/RGS(M4)/1_M4_spin", ["M4_login_user_id":M4_login_user_id, "rgs_session_token":rgs_session_token, "partner":Partner])): Send request and verify the response successfully

2019-08-24 12:17:31 - [MESSAGE][INFO] - HAR: /Users/eiralee/Katalon_Script/SuperWild/Reports/20190824_120919/INT/superWild_3/20190824_120919/requests/main/138.har

2019-08-24 12:17:31 - [TEST_CASE][PASSED] - Start Test Case : Verification: Verification accomplished successfully

2019-08-24 12:17:31 - [TEST_STEP][PASSED] - request = getInstance().getCurrentRequest(): null

2019-08-24 12:17:31 - [TEST_STEP][PASSED] - response = getInstance().getCurrentResponse(): null

2019-08-24 12:17:31 - [TEST_STEP][PASSED] - verifyResponseStatusCode(response, 200): Verify response status code successfully

2019-08-24 12:17:31 - [MESSAGE][PASSED] - Verify response status code successfully

2019-08-24 12:17:31 - [TEST_STEP][PASSED] - getStatusCode()).isEqualTo(200): null

2019-08-24 12:17:31 - [TEST_STEP][PASSED] - newline = System.getProperty("line.separator"): null

2019-08-24 12:17:31 - [TEST_STEP][PASSED] - M4_spin = new groovy.json.JsonSlurper(): null

2019-08-24 12:17:31 - [TEST_STEP][PASSED] - result_M4_spin = M4_spin.parseText(response.getResponseBodyContent()): null

2019-08-24 12:17:31 - [TEST_STEP][PASSED] - M4_spin_current_balance = current_balance: null

2019-08-24 12:17:31 - [TEST_STEP][PASSED] - M4_spin_current_balance = M4_spin_current_balance: null

2019-08-24 12:17:31 - [TEST_STEP][PASSED] - M4_spin_transaction_id = causality: null

2019-08-24 12:17:31 - [TEST_STEP][PASSED] - M4_spin_transaction_id = M4_spin_transaction_id: null

2019-08-24 12:17:31 - [TEST_STEP][PASSED] - M4_spin_round_id = round_id: null

2019-08-24 12:17:31 - [TEST_STEP][PASSED] - M4_spin_round_id = M4_spin_round_id: null

2019-08-24 12:17:31 - [TEST_STEP][PASSED] - M4_spin_line_wins = line_wins: null

2019-08-24 12:17:31 - [TEST_STEP][PASSED] - M4_spin_line_wins = M4_spin_line_wins: null

2019-08-24 12:17:31 - [TEST_STEP][PASSED] - M4_total_bonus_spins_int = total_bonus_spins: null

2019-08-24 12:17:31 - [TEST_STEP][PASSED] - println("******M4_total_bonus_spins type is:*******" + newline + getClass().getName()): null

2019-08-24 12:17:31 - [TEST_STEP][PASSED] - M4_total_bonus_spins_int = M4_total_bonus_spins_int: null

2019-08-24 12:17:31 - [TEST_STEP][PASSED] - M4_total_bonus_spins = Integer.toString(M4_total_bonus_spins_int): null

2019-08-24 12:17:31 - [TEST_STEP][PASSED] - M4_total_bonus_spins = M4_total_bonus_spins: null

2019-08-24 12:17:31 - [TEST_STEP][PASSED] - println("M4_total_bonus_spins is:" + M4_total_bonus_spins): null

2019-08-24 12:17:31 - [TEST_STEP][PASSED] - M4_spin_bonus_data = bonus_data: null

2019-08-24 12:17:31 - [TEST_STEP][PASSED] - M4_spin_features_triggered = result_M4_spin: null

2019-08-24 12:17:31 - [TEST_STEP][PASSED] - wild = []: null

2019-08-24 12:17:31 - [TEST_STEP][PASSED] - wild[0] = "WILD_Expanding": null

2019-08-24 12:17:31 - [TEST_STEP][PASSED] - wild[1] = "WILD_Normal": null

2019-08-24 12:17:31 - [TEST_STEP][PASSED] - wild[2] = "WILD_Double": null

2019-08-24 12:17:31 - [TEST_STEP][PASSED] - wild[3] = "WILD_ExtraFG": null

2019-08-24 12:17:31 - [TEST_STEP][PASSED] - wild[4] = "WILD_Triple": null

2019-08-24 12:17:31 - [TEST_STEP][PASSED] - wildList = Arrays.asList(wild): null

2019-08-24 12:17:31 - [TEST_STEP][PASSED] - wildList = wildList: null

2019-08-24 12:17:31 - [TEST_STEP][PASSED] - free_spin_reel_counter = []: null

2019-08-24 12:17:31 - [TEST_STEP][PASSED] - free_spin_reel_counter[0] = 0: null

2019-08-24 12:17:31 - [TEST_STEP][PASSED] - free_spin_reel_counter[1] = 0: null

2019-08-24 12:17:31 - [TEST_STEP][PASSED] - free_spin_reel_counter[2] = 0: null

2019-08-24 12:17:31 - [TEST_STEP][PASSED] - M4_spin_reels = reels: null

2019-08-24 12:17:31 - [TEST_STEP][PASSED] - for ([i = 0, i &lt; M4_spin_reels.size(), (i++)]): null

2019-08-24 12:17:31 - [TEST_STEP][PASSED] - symbols = symbols: null

2019-08-24 12:17:31 - [TEST_STEP][PASSED] - for ([j = 0, j &lt; symbols.size(), (j++)]): null

2019-08-24 12:17:31 - [TEST_STEP][PASSED] - symbol = symbol: null

2019-08-24 12:17:31 - [TEST_STEP][PASSED] - println(symbol): null

2019-08-24 12:17:31 - [TEST_STEP][PASSED] - if (i == 2 &amp;&amp; wildList.indexOf(symbol) != -1): null

2019-08-24 12:17:31 - [TEST_STEP][PASSED] - if (i == 3 &amp;&amp; wildList.indexOf(symbol) != -1): null

2019-08-24 12:17:31 - [TEST_STEP][PASSED] - if (i == 4 &amp;&amp; wildList.indexOf(symbol) != -1): null

2019-08-24 12:17:31 - [TEST_STEP][PASSED] - symbol = symbol: null

2019-08-24 12:17:31 - [TEST_STEP][PASSED] - println(symbol): null

2019-08-24 12:17:31 - [TEST_STEP][PASSED] - if (i == 2 &amp;&amp; wildList.indexOf(symbol) != -1): null

2019-08-24 12:17:31 - [TEST_STEP][PASSED] - if (i == 3 &amp;&amp; wildList.indexOf(symbol) != -1): null

2019-08-24 12:17:31 - [TEST_STEP][PASSED] - if (i == 4 &amp;&amp; wildList.indexOf(symbol) != -1): null

2019-08-24 12:17:31 - [TEST_STEP][PASSED] - symbol = symbol: null

2019-08-24 12:17:31 - [TEST_STEP][PASSED] - println(symbol): null

2019-08-24 12:17:31 - [TEST_STEP][PASSED] - if (i == 2 &amp;&amp; wildList.indexOf(symbol) != -1): null

2019-08-24 12:17:31 - [TEST_STEP][PASSED] - if (i == 3 &amp;&amp; wildList.indexOf(symbol) != -1): null

2019-08-24 12:17:31 - [TEST_STEP][PASSED] - if (i == 4 &amp;&amp; wildList.indexOf(symbol) != -1): null

2019-08-24 12:17:31 - [TEST_STEP][PASSED] - symbols = symbols: null

2019-08-24 12:17:31 - [TEST_STEP][PASSED] - for ([j = 0, j &lt; symbols.size(), (j++)]): null

2019-08-24 12:17:31 - [TEST_STEP][PASSED] - symbol = symbol: null

2019-08-24 12:17:31 - [TEST_STEP][PASSED] - println(symbol): null

2019-08-24 12:17:31 - [TEST_STEP][PASSED] - if (i == 2 &amp;&amp; wildList.indexOf(symbol) != -1): null

2019-08-24 12:17:31 - [TEST_STEP][PASSED] - if (i == 3 &amp;&amp; wildList.indexOf(symbol) != -1): null

2019-08-24 12:17:31 - [TEST_STEP][PASSED] - if (i == 4 &amp;&amp; wildList.indexOf(symbol) != -1): null

2019-08-24 12:17:31 - [TEST_STEP][PASSED] - symbol = symbol: null

2019-08-24 12:17:31 - [TEST_STEP][PASSED] - println(symbol): null

2019-08-24 12:17:31 - [TEST_STEP][PASSED] - if (i == 2 &amp;&amp; wildList.indexOf(symbol) != -1): null

2019-08-24 12:17:31 - [TEST_STEP][PASSED] - if (i == 3 &amp;&amp; wildList.indexOf(symbol) != -1): null

2019-08-24 12:17:31 - [TEST_STEP][PASSED] - if (i == 4 &amp;&amp; wildList.indexOf(symbol) != -1): null

2019-08-24 12:17:31 - [TEST_STEP][PASSED] - symbol = symbol: null

2019-08-24 12:17:31 - [TEST_STEP][PASSED] - println(symbol): null

2019-08-24 12:17:31 - [TEST_STEP][PASSED] - if (i == 2 &amp;&amp; wildList.indexOf(symbol) != -1): null

2019-08-24 12:17:31 - [TEST_STEP][PASSED] - if (i == 3 &amp;&amp; wildList.indexOf(symbol) != -1): null

2019-08-24 12:17:31 - [TEST_STEP][PASSED] - if (i == 4 &amp;&amp; wildList.indexOf(symbol) != -1): null

2019-08-24 12:17:31 - [TEST_STEP][PASSED] - symbols = symbols: null

2019-08-24 12:17:31 - [TEST_STEP][PASSED] - for ([j = 0, j &lt; symbols.size(), (j++)]): null

2019-08-24 12:17:31 - [TEST_STEP][PASSED] - symbol = symbol: null

2019-08-24 12:17:31 - [TEST_STEP][PASSED] - println(symbol): null

2019-08-24 12:17:31 - [TEST_STEP][PASSED] - if (i == 2 &amp;&amp; wildList.indexOf(symbol) != -1): null

2019-08-24 12:17:31 - [TEST_STEP][PASSED] - if (i == 3 &amp;&amp; wildList.indexOf(symbol) != -1): null

2019-08-24 12:17:31 - [TEST_STEP][PASSED] - if (i == 4 &amp;&amp; wildList.indexOf(symbol) != -1): null

2019-08-24 12:17:31 - [TEST_STEP][PASSED] - symbol = symbol: null

2019-08-24 12:17:31 - [TEST_STEP][PASSED] - println(symbol): null

2019-08-24 12:17:31 - [TEST_STEP][PASSED] - if (i == 2 &amp;&amp; wildList.indexOf(symbol) != -1): null

2019-08-24 12:17:31 - [TEST_STEP][PASSED] - if (i == 3 &amp;&amp; wildList.indexOf(symbol) != -1): null

2019-08-24 12:17:31 - [TEST_STEP][PASSED] - if (i == 4 &amp;&amp; wildList.indexOf(symbol) != -1): null

2019-08-24 12:17:31 - [TEST_STEP][PASSED] - symbol = symbol: null

2019-08-24 12:17:31 - [TEST_STEP][PASSED] - println(symbol): null

2019-08-24 12:17:31 - [TEST_STEP][PASSED] - if (i == 2 &amp;&amp; wildList.indexOf(symbol) != -1): null

2019-08-24 12:17:31 - [TEST_STEP][PASSED] - if (i == 3 &amp;&amp; wildList.indexOf(symbol) != -1): null

2019-08-24 12:17:31 - [TEST_STEP][PASSED] - if (i == 4 &amp;&amp; wildList.indexOf(symbol) != -1): null

2019-08-24 12:17:31 - [TEST_STEP][PASSED] - symbols = symbols: null

2019-08-24 12:17:31 - [TEST_STEP][PASSED] - for ([j = 0, j &lt; symbols.size(), (j++)]): null

2019-08-24 12:17:31 - [TEST_STEP][PASSED] - symbol = symbol: null

2019-08-24 12:17:31 - [TEST_STEP][PASSED] - println(symbol): null

2019-08-24 12:17:31 - [TEST_STEP][PASSED] - if (i == 2 &amp;&amp; wildList.indexOf(symbol) != -1): null

2019-08-24 12:17:31 - [TEST_STEP][PASSED] - if (i == 3 &amp;&amp; wildList.indexOf(symbol) != -1): null

2019-08-24 12:17:31 - [TEST_STEP][PASSED] - if (i == 4 &amp;&amp; wildList.indexOf(symbol) != -1): null

2019-08-24 12:17:31 - [TEST_STEP][PASSED] - symbol = symbol: null

2019-08-24 12:17:31 - [TEST_STEP][PASSED] - println(symbol): null

2019-08-24 12:17:31 - [TEST_STEP][PASSED] - if (i == 2 &amp;&amp; wildList.indexOf(symbol) != -1): null

2019-08-24 12:17:31 - [TEST_STEP][PASSED] - if (i == 3 &amp;&amp; wildList.indexOf(symbol) != -1): null

2019-08-24 12:17:31 - [TEST_STEP][PASSED] - if (i == 4 &amp;&amp; wildList.indexOf(symbol) != -1): null

2019-08-24 12:17:31 - [TEST_STEP][PASSED] - symbol = symbol: null

2019-08-24 12:17:31 - [TEST_STEP][PASSED] - println(symbol): null

2019-08-24 12:17:31 - [TEST_STEP][PASSED] - if (i == 2 &amp;&amp; wildList.indexOf(symbol) != -1): null

2019-08-24 12:17:31 - [TEST_STEP][PASSED] - if (i == 3 &amp;&amp; wildList.indexOf(symbol) != -1): null

2019-08-24 12:17:31 - [TEST_STEP][PASSED] - if (i == 4 &amp;&amp; wildList.indexOf(symbol) != -1): null

2019-08-24 12:17:31 - [TEST_STEP][PASSED] - symbols = symbols: null

2019-08-24 12:17:31 - [TEST_STEP][PASSED] - for ([j = 0, j &lt; symbols.size(), (j++)]): null

2019-08-24 12:17:31 - [TEST_STEP][PASSED] - symbol = symbol: null

2019-08-24 12:17:31 - [TEST_STEP][PASSED] - println(symbol): null

2019-08-24 12:17:31 - [TEST_STEP][PASSED] - if (i == 2 &amp;&amp; wildList.indexOf(symbol) != -1): null

2019-08-24 12:17:31 - [TEST_STEP][PASSED] - if (i == 3 &amp;&amp; wildList.indexOf(symbol) != -1): null

2019-08-24 12:17:31 - [TEST_STEP][PASSED] - if (i == 4 &amp;&amp; wildList.indexOf(symbol) != -1): null

2019-08-24 12:17:31 - [TEST_STEP][PASSED] - symbol = symbol: null

2019-08-24 12:17:31 - [TEST_STEP][PASSED] - println(symbol): null

2019-08-24 12:17:31 - [TEST_STEP][PASSED] - if (i == 2 &amp;&amp; wildList.indexOf(symbol) != -1): null

2019-08-24 12:17:31 - [TEST_STEP][PASSED] - if (i == 3 &amp;&amp; wildList.indexOf(symbol) != -1): null

2019-08-24 12:17:31 - [TEST_STEP][PASSED] - if (i == 4 &amp;&amp; wildList.indexOf(symbol) != -1): null

2019-08-24 12:17:31 - [TEST_STEP][PASSED] - symbol = symbol: null

2019-08-24 12:17:31 - [TEST_STEP][PASSED] - println(symbol): null

2019-08-24 12:17:31 - [TEST_STEP][PASSED] - if (i == 2 &amp;&amp; wildList.indexOf(symbol) != -1): null

2019-08-24 12:17:31 - [TEST_STEP][PASSED] - if (i == 3 &amp;&amp; wildList.indexOf(symbol) != -1): null

2019-08-24 12:17:31 - [TEST_STEP][PASSED] - if (i == 4 &amp;&amp; wildList.indexOf(symbol) != -1): null

2019-08-24 12:17:31 - [TEST_STEP][PASSED] - free_spin_reel_counter = free_spin_reel_counter: null

2019-08-24 12:17:31 - [TEST_STEP][PASSED] - println("reel 3 wild found: " + free_spin_reel_counter[0]): null

2019-08-24 12:17:31 - [TEST_STEP][PASSED] - println("reel 4 wild found: " + free_spin_reel_counter[1]): null

2019-08-24 12:17:31 - [TEST_STEP][PASSED] - println("reel 5 wild found: " + free_spin_reel_counter[2]): null

2019-08-24 12:17:31 - [TEST_STEP][PASSED] - M4_spin_reels = M4_spin_reels: null

2019-08-24 12:17:31 - [TEST_STEP][PASSED] - M4_spin_reels_symbols = symbol: null

2019-08-24 12:17:31 - [TEST_STEP][PASSED] - M4_spin_reels_symbols = M4_spin_reels_symbols: null

2019-08-24 12:17:31 - [TEST_STEP][PASSED] - M4_spin_reel_wins = reel_wins: null

2019-08-24 12:17:31 - [TEST_STEP][PASSED] - M4_spin_reel_wins = M4_spin_reel_wins: null

2019-08-24 12:17:31 - [TEST_STEP][PASSED] - println("GlobalVariable.M4_spin_reel_wins is: " + M4_spin_reel_wins): null

2019-08-24 12:17:31 - [TEST_STEP][PASSED] - M4_spin_total_bonus_win_this_round = total_bonus_win_this_round: null

2019-08-24 12:17:31 - [TEST_STEP][PASSED] - M4_spin_total_bonus_win_this_round = M4_spin_total_bonus_win_this_round: null

2019-08-24 12:17:31 - [TEST_STEP][PASSED] - println("GlobalVariable.M4_spin_total_bonus_win_this_round is: " + M4_spin_total_bonus_win_this_round): null

2019-08-24 12:17:31 - [TEST_STEP][PASSED] - M4_spin_bonus_spin_result = spin_result: null

2019-08-24 12:17:31 - [TEST_STEP][PASSED] - M4_spin_bonus_spin_result = M4_spin_bonus_spin_result: null

2019-08-24 12:17:31 - [MESSAGE][PASSED] - Verify response successfully

2019-08-24 12:17:31 - [MESSAGE][PASSED] - Send request and verify the response successfully

2019-08-24 12:17:31 - [TEST_STEP][PASSED] - if (M4_total_bonus_spins_int != 0 &amp;&amp; M4_spin_reels_symbols[2].contains("WILD_ExtraFG") || M4_spin_reels_symbols[3].contains("WILD_ExtraFG")): null

2019-08-24 12:17:31 - [TEST_STEP][PASSED] - free_spin_reel_counter = free_spin_reel_counter: null

2019-08-24 12:17:31 - [TEST_STEP][PASSED] - M4_spin_reels_symbols = M4_spin_reels_symbols: null

2019-08-24 12:17:31 - [TEST_STEP][PASSED] - M4_total_bonus_spins = M4_total_bonus_spins: null

2019-08-24 12:17:31 - [TEST_STEP][PASSED] - spin_result = sendRequestAndVerify(findTestObject("INT/RGS(M4)/1_M4_spin", ["M4_login_user_id":M4_login_user_id, "rgs_session_token":rgs_session_token, "partner":Partner])): Send request and verify the response successfully

2019-08-24 12:17:31 - [MESSAGE][INFO] - HAR: /Users/eiralee/Katalon_Script/SuperWild/Reports/20190824_120919/INT/superWild_3/20190824_120919/requests/main/139.har

2019-08-24 12:17:31 - [TEST_CASE][PASSED] - Start Test Case : Verification: Verification accomplished successfully

2019-08-24 12:17:31 - [TEST_STEP][PASSED] - request = getInstance().getCurrentRequest(): null

2019-08-24 12:17:31 - [TEST_STEP][PASSED] - response = getInstance().getCurrentResponse(): null

2019-08-24 12:17:31 - [TEST_STEP][PASSED] - verifyResponseStatusCode(response, 200): Verify response status code successfully

2019-08-24 12:17:31 - [MESSAGE][PASSED] - Verify response status code successfully

2019-08-24 12:17:31 - [TEST_STEP][PASSED] - getStatusCode()).isEqualTo(200): null

2019-08-24 12:17:31 - [TEST_STEP][PASSED] - newline = System.getProperty("line.separator"): null

2019-08-24 12:17:31 - [TEST_STEP][PASSED] - M4_spin = new groovy.json.JsonSlurper(): null

2019-08-24 12:17:31 - [TEST_STEP][PASSED] - result_M4_spin = M4_spin.parseText(response.getResponseBodyContent()): null

2019-08-24 12:17:31 - [TEST_STEP][PASSED] - M4_spin_current_balance = current_balance: null

2019-08-24 12:17:31 - [TEST_STEP][PASSED] - M4_spin_current_balance = M4_spin_current_balance: null

2019-08-24 12:17:31 - [TEST_STEP][PASSED] - M4_spin_transaction_id = causality: null

2019-08-24 12:17:31 - [TEST_STEP][PASSED] - M4_spin_transaction_id = M4_spin_transaction_id: null

2019-08-24 12:17:31 - [TEST_STEP][PASSED] - M4_spin_round_id = round_id: null

2019-08-24 12:17:31 - [TEST_STEP][PASSED] - M4_spin_round_id = M4_spin_round_id: null

2019-08-24 12:17:31 - [TEST_STEP][PASSED] - M4_spin_line_wins = line_wins: null

2019-08-24 12:17:31 - [TEST_STEP][PASSED] - M4_spin_line_wins = M4_spin_line_wins: null

2019-08-24 12:17:31 - [TEST_STEP][PASSED] - M4_total_bonus_spins_int = total_bonus_spins: null

2019-08-24 12:17:31 - [TEST_STEP][PASSED] - println("******M4_total_bonus_spins type is:*******" + newline + getClass().getName()): null

2019-08-24 12:17:31 - [TEST_STEP][PASSED] - M4_total_bonus_spins_int = M4_total_bonus_spins_int: null

2019-08-24 12:17:31 - [TEST_STEP][PASSED] - M4_total_bonus_spins = Integer.toString(M4_total_bonus_spins_int): null

2019-08-24 12:17:31 - [TEST_STEP][PASSED] - M4_total_bonus_spins = M4_total_bonus_spins: null

2019-08-24 12:17:31 - [TEST_STEP][PASSED] - println("M4_total_bonus_spins is:" + M4_total_bonus_spins): null

2019-08-24 12:17:31 - [TEST_STEP][PASSED] - M4_spin_bonus_data = bonus_data: null

2019-08-24 12:17:31 - [TEST_STEP][PASSED] - M4_spin_features_triggered = result_M4_spin: null

2019-08-24 12:17:31 - [TEST_STEP][PASSED] - wild = []: null

2019-08-24 12:17:31 - [TEST_STEP][PASSED] - wild[0] = "WILD_Expanding": null

2019-08-24 12:17:31 - [TEST_STEP][PASSED] - wild[1] = "WILD_Normal": null

2019-08-24 12:17:31 - [TEST_STEP][PASSED] - wild[2] = "WILD_Double": null

2019-08-24 12:17:31 - [TEST_STEP][PASSED] - wild[3] = "WILD_ExtraFG": null

2019-08-24 12:17:31 - [TEST_STEP][PASSED] - wild[4] = "WILD_Triple": null

2019-08-24 12:17:31 - [TEST_STEP][PASSED] - wildList = Arrays.asList(wild): null

2019-08-24 12:17:31 - [TEST_STEP][PASSED] - wildList = wildList: null

2019-08-24 12:17:31 - [TEST_STEP][PASSED] - free_spin_reel_counter = []: null

2019-08-24 12:17:31 - [TEST_STEP][PASSED] - free_spin_reel_counter[0] = 0: null

2019-08-24 12:17:31 - [TEST_STEP][PASSED] - free_spin_reel_counter[1] = 0: null

2019-08-24 12:17:31 - [TEST_STEP][PASSED] - free_spin_reel_counter[2] = 0: null

2019-08-24 12:17:31 - [TEST_STEP][PASSED] - M4_spin_reels = reels: null

2019-08-24 12:17:31 - [TEST_STEP][PASSED] - for ([i = 0, i &lt; M4_spin_reels.size(), (i++)]): null

2019-08-24 12:17:31 - [TEST_STEP][PASSED] - symbols = symbols: null

2019-08-24 12:17:31 - [TEST_STEP][PASSED] - for ([j = 0, j &lt; symbols.size(), (j++)]): null

2019-08-24 12:17:31 - [TEST_STEP][PASSED] - symbol = symbol: null

2019-08-24 12:17:31 - [TEST_STEP][PASSED] - println(symbol): null

2019-08-24 12:17:31 - [TEST_STEP][PASSED] - if (i == 2 &amp;&amp; wildList.indexOf(symbol) != -1): null

2019-08-24 12:17:31 - [TEST_STEP][PASSED] - if (i == 3 &amp;&amp; wildList.indexOf(symbol) != -1): null

2019-08-24 12:17:31 - [TEST_STEP][PASSED] - if (i == 4 &amp;&amp; wildList.indexOf(symbol) != -1): null

2019-08-24 12:17:35 - [TEST_STEP][PASSED] - symbol = symbol: null

2019-08-24 12:17:35 - [TEST_STEP][PASSED] - println(symbol): null

2019-08-24 12:17:35 - [TEST_STEP][PASSED] - if (i == 2 &amp;&amp; wildList.indexOf(symbol) != -1): null

2019-08-24 12:17:35 - [TEST_STEP][PASSED] - if (i == 3 &amp;&amp; wildList.indexOf(symbol) != -1): null

2019-08-24 12:17:35 - [TEST_STEP][PASSED] - if (i == 4 &amp;&amp; wildList.indexOf(symbol) != -1): null

2019-08-24 12:17:35 - [TEST_STEP][PASSED] - symbol = symbol: null

2019-08-24 12:17:35 - [TEST_STEP][PASSED] - println(symbol): null

2019-08-24 12:17:35 - [TEST_STEP][PASSED] - if (i == 2 &amp;&amp; wildList.indexOf(symbol) != -1): null

2019-08-24 12:17:35 - [TEST_STEP][PASSED] - if (i == 3 &amp;&amp; wildList.indexOf(symbol) != -1): null

2019-08-24 12:17:35 - [TEST_STEP][PASSED] - if (i == 4 &amp;&amp; wildList.indexOf(symbol) != -1): null

2019-08-24 12:17:38 - [TEST_STEP][PASSED] - symbols = symbols: null

2019-08-24 12:17:38 - [TEST_STEP][PASSED] - for ([j = 0, j &lt; symbols.size(), (j++)]): null

2019-08-24 12:17:38 - [TEST_STEP][PASSED] - symbol = symbol: null

2019-08-24 12:17:38 - [TEST_STEP][PASSED] - println(symbol): null

2019-08-24 12:17:38 - [TEST_STEP][PASSED] - if (i == 2 &amp;&amp; wildList.indexOf(symbol) != -1): null

2019-08-24 12:17:38 - [TEST_STEP][PASSED] - if (i == 3 &amp;&amp; wildList.indexOf(symbol) != -1): null

2019-08-24 12:17:38 - [TEST_STEP][PASSED] - if (i == 4 &amp;&amp; wildList.indexOf(symbol) != -1): null

2019-08-24 12:17:38 - [TEST_STEP][PASSED] - symbol = symbol: null

2019-08-24 12:17:38 - [TEST_STEP][PASSED] - println(symbol): null

2019-08-24 12:17:38 - [TEST_STEP][PASSED] - if (i == 2 &amp;&amp; wildList.indexOf(symbol) != -1): null

2019-08-24 12:17:38 - [TEST_STEP][PASSED] - if (i == 3 &amp;&amp; wildList.indexOf(symbol) != -1): null

2019-08-24 12:17:38 - [TEST_STEP][PASSED] - if (i == 4 &amp;&amp; wildList.indexOf(symbol) != -1): null

2019-08-24 12:17:38 - [TEST_STEP][PASSED] - symbol = symbol: null

2019-08-24 12:17:38 - [TEST_STEP][PASSED] - println(symbol): null

2019-08-24 12:17:38 - [TEST_STEP][PASSED] - if (i == 2 &amp;&amp; wildList.indexOf(symbol) != -1): null

2019-08-24 12:17:38 - [TEST_STEP][PASSED] - if (i == 3 &amp;&amp; wildList.indexOf(symbol) != -1): null

2019-08-24 12:17:38 - [TEST_STEP][PASSED] - if (i == 4 &amp;&amp; wildList.indexOf(symbol) != -1): null

2019-08-24 12:17:38 - [TEST_STEP][PASSED] - symbols = symbols: null

2019-08-24 12:17:38 - [TEST_STEP][PASSED] - for ([j = 0, j &lt; symbols.size(), (j++)]): null

2019-08-24 12:17:38 - [TEST_STEP][PASSED] - symbol = symbol: null

2019-08-24 12:17:38 - [TEST_STEP][PASSED] - println(symbol): null

2019-08-24 12:17:38 - [TEST_STEP][PASSED] - if (i == 2 &amp;&amp; wildList.indexOf(symbol) != -1): null

2019-08-24 12:17:38 - [TEST_STEP][PASSED] - if (i == 3 &amp;&amp; wildList.indexOf(symbol) != -1): null

2019-08-24 12:17:38 - [TEST_STEP][PASSED] - if (i == 4 &amp;&amp; wildList.indexOf(symbol) != -1): null

2019-08-24 12:17:38 - [TEST_STEP][PASSED] - symbol = symbol: null

2019-08-24 12:17:38 - [TEST_STEP][PASSED] - println(symbol): null

2019-08-24 12:17:38 - [TEST_STEP][PASSED] - if (i == 2 &amp;&amp; wildList.indexOf(symbol) != -1): null

2019-08-24 12:17:38 - [TEST_STEP][PASSED] - if (i == 3 &amp;&amp; wildList.indexOf(symbol) != -1): null

2019-08-24 12:17:38 - [TEST_STEP][PASSED] - if (i == 4 &amp;&amp; wildList.indexOf(symbol) != -1): null

2019-08-24 12:17:38 - [TEST_STEP][PASSED] - symbol = symbol: null

2019-08-24 12:17:38 - [TEST_STEP][PASSED] - println(symbol): null

2019-08-24 12:17:38 - [TEST_STEP][PASSED] - if (i == 2 &amp;&amp; wildList.indexOf(symbol) != -1): null

2019-08-24 12:17:38 - [TEST_STEP][PASSED] - if (i == 3 &amp;&amp; wildList.indexOf(symbol) != -1): null

2019-08-24 12:17:38 - [TEST_STEP][PASSED] - if (i == 4 &amp;&amp; wildList.indexOf(symbol) != -1): null

2019-08-24 12:17:38 - [TEST_STEP][PASSED] - symbols = symbols: null

2019-08-24 12:17:38 - [TEST_STEP][PASSED] - for ([j = 0, j &lt; symbols.size(), (j++)]): null

2019-08-24 12:17:38 - [TEST_STEP][PASSED] - symbol = symbol: null

2019-08-24 12:17:38 - [TEST_STEP][PASSED] - println(symbol): null

2019-08-24 12:17:38 - [TEST_STEP][PASSED] - if (i == 2 &amp;&amp; wildList.indexOf(symbol) != -1): null

2019-08-24 12:17:38 - [TEST_STEP][PASSED] - if (i == 3 &amp;&amp; wildList.indexOf(symbol) != -1): null

2019-08-24 12:17:38 - [TEST_STEP][PASSED] - if (i == 4 &amp;&amp; wildList.indexOf(symbol) != -1): null

2019-08-24 12:17:38 - [TEST_STEP][PASSED] - symbol = symbol: null

2019-08-24 12:17:38 - [TEST_STEP][PASSED] - println(symbol): null

2019-08-24 12:17:38 - [TEST_STEP][PASSED] - if (i == 2 &amp;&amp; wildList.indexOf(symbol) != -1): null

2019-08-24 12:17:38 - [TEST_STEP][PASSED] - if (i == 3 &amp;&amp; wildList.indexOf(symbol) != -1): null

2019-08-24 12:17:38 - [TEST_STEP][PASSED] - if (i == 4 &amp;&amp; wildList.indexOf(symbol) != -1): null

2019-08-24 12:17:38 - [TEST_STEP][PASSED] - symbol = symbol: null

2019-08-24 12:17:38 - [TEST_STEP][PASSED] - println(symbol): null

2019-08-24 12:17:38 - [TEST_STEP][PASSED] - if (i == 2 &amp;&amp; wildList.indexOf(symbol) != -1): null

2019-08-24 12:17:38 - [TEST_STEP][PASSED] - if (i == 3 &amp;&amp; wildList.indexOf(symbol) != -1): null

2019-08-24 12:17:38 - [TEST_STEP][PASSED] - if (i == 4 &amp;&amp; wildList.indexOf(symbol) != -1): null

2019-08-24 12:17:38 - [TEST_STEP][PASSED] - symbols = symbols: null

2019-08-24 12:17:38 - [TEST_STEP][PASSED] - for ([j = 0, j &lt; symbols.size(), (j++)]): null

2019-08-24 12:17:38 - [TEST_STEP][PASSED] - symbol = symbol: null

2019-08-24 12:17:38 - [TEST_STEP][PASSED] - println(symbol): null

2019-08-24 12:17:38 - [TEST_STEP][PASSED] - if (i == 2 &amp;&amp; wildList.indexOf(symbol) != -1): null

2019-08-24 12:17:38 - [TEST_STEP][PASSED] - if (i == 3 &amp;&amp; wildList.indexOf(symbol) != -1): null

2019-08-24 12:17:38 - [TEST_STEP][PASSED] - if (i == 4 &amp;&amp; wildList.indexOf(symbol) != -1): null

2019-08-24 12:17:38 - [TEST_STEP][PASSED] - symbol = symbol: null

2019-08-24 12:17:38 - [TEST_STEP][PASSED] - println(symbol): null

2019-08-24 12:17:38 - [TEST_STEP][PASSED] - if (i == 2 &amp;&amp; wildList.indexOf(symbol) != -1): null

2019-08-24 12:17:38 - [TEST_STEP][PASSED] - if (i == 3 &amp;&amp; wildList.indexOf(symbol) != -1): null

2019-08-24 12:17:38 - [TEST_STEP][PASSED] - if (i == 4 &amp;&amp; wildList.indexOf(symbol) != -1): null

2019-08-24 12:17:38 - [TEST_STEP][PASSED] - symbol = symbol: null

2019-08-24 12:17:38 - [TEST_STEP][PASSED] - println(symbol): null

2019-08-24 12:17:38 - [TEST_STEP][PASSED] - if (i == 2 &amp;&amp; wildList.indexOf(symbol) != -1): null

2019-08-24 12:17:38 - [TEST_STEP][PASSED] - if (i == 3 &amp;&amp; wildList.indexOf(symbol) != -1): null

2019-08-24 12:17:38 - [TEST_STEP][PASSED] - if (i == 4 &amp;&amp; wildList.indexOf(symbol) != -1): null

2019-08-24 12:17:38 - [TEST_STEP][PASSED] - free_spin_reel_counter = free_spin_reel_counter: null

2019-08-24 12:17:38 - [TEST_STEP][PASSED] - println("reel 3 wild found: " + free_spin_reel_counter[0]): null

2019-08-24 12:17:38 - [TEST_STEP][PASSED] - println("reel 4 wild found: " + free_spin_reel_counter[1]): null

2019-08-24 12:17:38 - [TEST_STEP][PASSED] - println("reel 5 wild found: " + free_spin_reel_counter[2]): null

2019-08-24 12:17:38 - [TEST_STEP][PASSED] - M4_spin_reels = M4_spin_reels: null

2019-08-24 12:17:38 - [TEST_STEP][PASSED] - M4_spin_reels_symbols = symbol: null

2019-08-24 12:17:38 - [TEST_STEP][PASSED] - M4_spin_reels_symbols = M4_spin_reels_symbols: null

2019-08-24 12:17:38 - [TEST_STEP][PASSED] - M4_spin_reel_wins = reel_wins: null

2019-08-24 12:17:38 - [TEST_STEP][PASSED] - M4_spin_reel_wins = M4_spin_reel_wins: null

2019-08-24 12:17:38 - [TEST_STEP][PASSED] - println("GlobalVariable.M4_spin_reel_wins is: " + M4_spin_reel_wins): null

2019-08-24 12:17:38 - [TEST_STEP][PASSED] - M4_spin_total_bonus_win_this_round = total_bonus_win_this_round: null

2019-08-24 12:17:38 - [TEST_STEP][PASSED] - M4_spin_total_bonus_win_this_round = M4_spin_total_bonus_win_this_round: null

2019-08-24 12:17:38 - [TEST_STEP][PASSED] - println("GlobalVariable.M4_spin_total_bonus_win_this_round is: " + M4_spin_total_bonus_win_this_round): null

2019-08-24 12:17:38 - [TEST_STEP][PASSED] - M4_spin_bonus_spin_result = spin_result: null

2019-08-24 12:17:38 - [TEST_STEP][PASSED] - M4_spin_bonus_spin_result = M4_spin_bonus_spin_result: null

2019-08-24 12:17:38 - [MESSAGE][PASSED] - Verify response successfully

2019-08-24 12:17:38 - [MESSAGE][PASSED] - Send request and verify the response successfully

2019-08-24 12:17:38 - [TEST_STEP][PASSED] - if (M4_total_bonus_spins_int != 0 &amp;&amp; M4_spin_reels_symbols[2].contains("WILD_ExtraFG") || M4_spin_reels_symbols[3].contains("WILD_ExtraFG")): null

2019-08-24 12:17:38 - [TEST_STEP][PASSED] - free_spin_reel_counter = free_spin_reel_counter: null

2019-08-24 12:17:38 - [TEST_STEP][PASSED] - M4_spin_reels_symbols = M4_spin_reels_symbols: null

2019-08-24 12:17:38 - [TEST_STEP][PASSED] - M4_total_bonus_spins = M4_total_bonus_spins: null

2019-08-24 12:17:38 - [TEST_STEP][PASSED] - spin_result = sendRequestAndVerify(findTestObject("INT/RGS(M4)/1_M4_spin", ["M4_login_user_id":M4_login_user_id, "rgs_session_token":rgs_session_token, "partner":Partner])): Send request and verify the response successfully

2019-08-24 12:17:39 - [MESSAGE][INFO] - HAR: /Users/eiralee/Katalon_Script/SuperWild/Reports/20190824_120919/INT/superWild_3/20190824_120919/requests/main/140.har

2019-08-24 12:17:39 - [TEST_CASE][PASSED] - Start Test Case : Verification: Verification accomplished successfully

2019-08-24 12:17:39 - [TEST_STEP][PASSED] - request = getInstance().getCurrentRequest(): null

2019-08-24 12:17:39 - [TEST_STEP][PASSED] - response = getInstance().getCurrentResponse(): null

2019-08-24 12:17:39 - [TEST_STEP][PASSED] - verifyResponseStatusCode(response, 200): Verify response status code successfully

2019-08-24 12:17:39 - [MESSAGE][PASSED] - Verify response status code successfully

2019-08-24 12:17:39 - [TEST_STEP][PASSED] - getStatusCode()).isEqualTo(200): null

2019-08-24 12:17:39 - [TEST_STEP][PASSED] - newline = System.getProperty("line.separator"): null

2019-08-24 12:17:39 - [TEST_STEP][PASSED] - M4_spin = new groovy.json.JsonSlurper(): null

2019-08-24 12:17:39 - [TEST_STEP][PASSED] - result_M4_spin = M4_spin.parseText(response.getResponseBodyContent()): null

2019-08-24 12:17:39 - [TEST_STEP][PASSED] - M4_spin_current_balance = current_balance: null

2019-08-24 12:17:39 - [TEST_STEP][PASSED] - M4_spin_current_balance = M4_spin_current_balance: null

2019-08-24 12:17:39 - [TEST_STEP][PASSED] - M4_spin_transaction_id = causality: null

2019-08-24 12:17:39 - [TEST_STEP][PASSED] - M4_spin_transaction_id = M4_spin_transaction_id: null

2019-08-24 12:17:39 - [TEST_STEP][PASSED] - M4_spin_round_id = round_id: null

2019-08-24 12:17:39 - [TEST_STEP][PASSED] - M4_spin_round_id = M4_spin_round_id: null

2019-08-24 12:17:39 - [TEST_STEP][PASSED] - M4_spin_line_wins = line_wins: null

2019-08-24 12:17:39 - [TEST_STEP][PASSED] - M4_spin_line_wins = M4_spin_line_wins: null

2019-08-24 12:17:39 - [TEST_STEP][PASSED] - M4_total_bonus_spins_int = total_bonus_spins: null

2019-08-24 12:17:39 - [TEST_STEP][PASSED] - println("******M4_total_bonus_spins type is:*******" + newline + getClass().getName()): null

2019-08-24 12:17:39 - [TEST_STEP][PASSED] - M4_total_bonus_spins_int = M4_total_bonus_spins_int: null

2019-08-24 12:17:39 - [TEST_STEP][PASSED] - M4_total_bonus_spins = Integer.toString(M4_total_bonus_spins_int): null

2019-08-24 12:17:39 - [TEST_STEP][PASSED] - M4_total_bonus_spins = M4_total_bonus_spins: null

2019-08-24 12:17:39 - [TEST_STEP][PASSED] - println("M4_total_bonus_spins is:" + M4_total_bonus_spins): null

2019-08-24 12:17:39 - [TEST_STEP][PASSED] - M4_spin_bonus_data = bonus_data: null

2019-08-24 12:17:39 - [TEST_STEP][PASSED] - M4_spin_features_triggered = result_M4_spin: null

2019-08-24 12:17:39 - [TEST_STEP][PASSED] - wild = []: null

2019-08-24 12:17:39 - [TEST_STEP][PASSED] - wild[0] = "WILD_Expanding": null

2019-08-24 12:17:39 - [TEST_STEP][PASSED] - wild[1] = "WILD_Normal": null

2019-08-24 12:17:39 - [TEST_STEP][PASSED] - wild[2] = "WILD_Double": null

2019-08-24 12:17:39 - [TEST_STEP][PASSED] - wild[3] = "WILD_ExtraFG": null

2019-08-24 12:17:39 - [TEST_STEP][PASSED] - wild[4] = "WILD_Triple": null

2019-08-24 12:17:39 - [TEST_STEP][PASSED] - wildList = Arrays.asList(wild): null

2019-08-24 12:17:39 - [TEST_STEP][PASSED] - wildList = wildList: null

2019-08-24 12:17:39 - [TEST_STEP][PASSED] - free_spin_reel_counter = []: null

2019-08-24 12:17:39 - [TEST_STEP][PASSED] - free_spin_reel_counter[0] = 0: null

2019-08-24 12:17:39 - [TEST_STEP][PASSED] - free_spin_reel_counter[1] = 0: null

2019-08-24 12:17:39 - [TEST_STEP][PASSED] - free_spin_reel_counter[2] = 0: null

2019-08-24 12:17:39 - [TEST_STEP][PASSED] - M4_spin_reels = reels: null

2019-08-24 12:17:39 - [TEST_STEP][PASSED] - for ([i = 0, i &lt; M4_spin_reels.size(), (i++)]): null

2019-08-24 12:17:39 - [TEST_STEP][PASSED] - symbols = symbols: null

2019-08-24 12:17:39 - [TEST_STEP][PASSED] - for ([j = 0, j &lt; symbols.size(), (j++)]): null

2019-08-24 12:17:39 - [TEST_STEP][PASSED] - symbol = symbol: null

2019-08-24 12:17:39 - [TEST_STEP][PASSED] - println(symbol): null

2019-08-24 12:17:39 - [TEST_STEP][PASSED] - if (i == 2 &amp;&amp; wildList.indexOf(symbol) != -1): null

2019-08-24 12:17:39 - [TEST_STEP][PASSED] - if (i == 3 &amp;&amp; wildList.indexOf(symbol) != -1): null

2019-08-24 12:17:39 - [TEST_STEP][PASSED] - if (i == 4 &amp;&amp; wildList.indexOf(symbol) != -1): null

2019-08-24 12:17:39 - [TEST_STEP][PASSED] - symbol = symbol: null

2019-08-24 12:17:39 - [TEST_STEP][PASSED] - println(symbol): null

2019-08-24 12:17:39 - [TEST_STEP][PASSED] - if (i == 2 &amp;&amp; wildList.indexOf(symbol) != -1): null

2019-08-24 12:17:39 - [TEST_STEP][PASSED] - if (i == 3 &amp;&amp; wildList.indexOf(symbol) != -1): null

2019-08-24 12:17:39 - [TEST_STEP][PASSED] - if (i == 4 &amp;&amp; wildList.indexOf(symbol) != -1): null

2019-08-24 12:17:39 - [TEST_STEP][PASSED] - symbol = symbol: null

2019-08-24 12:17:39 - [TEST_STEP][PASSED] - println(symbol): null

2019-08-24 12:17:39 - [TEST_STEP][PASSED] - if (i == 2 &amp;&amp; wildList.indexOf(symbol) != -1): null

2019-08-24 12:17:39 - [TEST_STEP][PASSED] - if (i == 3 &amp;&amp; wildList.indexOf(symbol) != -1): null

2019-08-24 12:17:39 - [TEST_STEP][PASSED] - if (i == 4 &amp;&amp; wildList.indexOf(symbol) != -1): null

2019-08-24 12:17:39 - [TEST_STEP][PASSED] - symbols = symbols: null

2019-08-24 12:17:39 - [TEST_STEP][PASSED] - for ([j = 0, j &lt; symbols.size(), (j++)]): null

2019-08-24 12:17:39 - [TEST_STEP][PASSED] - symbol = symbol: null

2019-08-24 12:17:39 - [TEST_STEP][PASSED] - println(symbol): null

2019-08-24 12:17:39 - [TEST_STEP][PASSED] - if (i == 2 &amp;&amp; wildList.indexOf(symbol) != -1): null

2019-08-24 12:17:39 - [TEST_STEP][PASSED] - if (i == 3 &amp;&amp; wildList.indexOf(symbol) != -1): null

2019-08-24 12:17:39 - [TEST_STEP][PASSED] - if (i == 4 &amp;&amp; wildList.indexOf(symbol) != -1): null

2019-08-24 12:17:39 - [TEST_STEP][PASSED] - symbol = symbol: null

2019-08-24 12:17:39 - [TEST_STEP][PASSED] - println(symbol): null

2019-08-24 12:17:39 - [TEST_STEP][PASSED] - if (i == 2 &amp;&amp; wildList.indexOf(symbol) != -1): null

2019-08-24 12:17:39 - [TEST_STEP][PASSED] - if (i == 3 &amp;&amp; wildList.indexOf(symbol) != -1): null

2019-08-24 12:17:39 - [TEST_STEP][PASSED] - if (i == 4 &amp;&amp; wildList.indexOf(symbol) != -1): null

2019-08-24 12:17:39 - [TEST_STEP][PASSED] - symbol = symbol: null

2019-08-24 12:17:39 - [TEST_STEP][PASSED] - println(symbol): null

2019-08-24 12:17:39 - [TEST_STEP][PASSED] - if (i == 2 &amp;&amp; wildList.indexOf(symbol) != -1): null

2019-08-24 12:17:39 - [TEST_STEP][PASSED] - if (i == 3 &amp;&amp; wildList.indexOf(symbol) != -1): null

2019-08-24 12:17:39 - [TEST_STEP][PASSED] - if (i == 4 &amp;&amp; wildList.indexOf(symbol) != -1): null

2019-08-24 12:17:39 - [TEST_STEP][PASSED] - symbols = symbols: null

2019-08-24 12:17:39 - [TEST_STEP][PASSED] - for ([j = 0, j &lt; symbols.size(), (j++)]): null

2019-08-24 12:17:39 - [TEST_STEP][PASSED] - symbol = symbol: null

2019-08-24 12:17:39 - [TEST_STEP][PASSED] - println(symbol): null

2019-08-24 12:17:39 - [TEST_STEP][PASSED] - if (i == 2 &amp;&amp; wildList.indexOf(symbol) != -1): null

2019-08-24 12:17:39 - [TEST_STEP][PASSED] - if (i == 3 &amp;&amp; wildList.indexOf(symbol) != -1): null

2019-08-24 12:17:39 - [TEST_STEP][PASSED] - if (i == 4 &amp;&amp; wildList.indexOf(symbol) != -1): null

2019-08-24 12:17:39 - [TEST_STEP][PASSED] - symbol = symbol: null

2019-08-24 12:17:39 - [TEST_STEP][PASSED] - println(symbol): null

2019-08-24 12:17:39 - [TEST_STEP][PASSED] - if (i == 2 &amp;&amp; wildList.indexOf(symbol) != -1): null

2019-08-24 12:17:39 - [TEST_STEP][PASSED] - if (i == 3 &amp;&amp; wildList.indexOf(symbol) != -1): null

2019-08-24 12:17:39 - [TEST_STEP][PASSED] - if (i == 4 &amp;&amp; wildList.indexOf(symbol) != -1): null

2019-08-24 12:17:39 - [TEST_STEP][PASSED] - symbol = symbol: null

2019-08-24 12:17:39 - [TEST_STEP][PASSED] - println(symbol): null

2019-08-24 12:17:39 - [TEST_STEP][PASSED] - if (i == 2 &amp;&amp; wildList.indexOf(symbol) != -1): null

2019-08-24 12:17:39 - [TEST_STEP][PASSED] - if (i == 3 &amp;&amp; wildList.indexOf(symbol) != -1): null

2019-08-24 12:17:39 - [TEST_STEP][PASSED] - if (i == 4 &amp;&amp; wildList.indexOf(symbol) != -1): null

2019-08-24 12:17:39 - [TEST_STEP][PASSED] - symbols = symbols: null

2019-08-24 12:17:39 - [TEST_STEP][PASSED] - for ([j = 0, j &lt; symbols.size(), (j++)]): null

2019-08-24 12:17:39 - [TEST_STEP][PASSED] - symbol = symbol: null

2019-08-24 12:17:39 - [TEST_STEP][PASSED] - println(symbol): null

2019-08-24 12:17:39 - [TEST_STEP][PASSED] - if (i == 2 &amp;&amp; wildList.indexOf(symbol) != -1): null

2019-08-24 12:17:39 - [TEST_STEP][PASSED] - if (i == 3 &amp;&amp; wildList.indexOf(symbol) != -1): null

2019-08-24 12:17:39 - [TEST_STEP][PASSED] - if (i == 4 &amp;&amp; wildList.indexOf(symbol) != -1): null

2019-08-24 12:17:39 - [TEST_STEP][PASSED] - symbol = symbol: null

2019-08-24 12:17:39 - [TEST_STEP][PASSED] - println(symbol): null

2019-08-24 12:17:39 - [TEST_STEP][PASSED] - if (i == 2 &amp;&amp; wildList.indexOf(symbol) != -1): null

2019-08-24 12:17:39 - [TEST_STEP][PASSED] - if (i == 3 &amp;&amp; wildList.indexOf(symbol) != -1): null

2019-08-24 12:17:39 - [TEST_STEP][PASSED] - if (i == 4 &amp;&amp; wildList.indexOf(symbol) != -1): null

2019-08-24 12:17:39 - [TEST_STEP][PASSED] - symbol = symbol: null

2019-08-24 12:17:39 - [TEST_STEP][PASSED] - println(symbol): null

2019-08-24 12:17:39 - [TEST_STEP][PASSED] - if (i == 2 &amp;&amp; wildList.indexOf(symbol) != -1): null

2019-08-24 12:17:39 - [TEST_STEP][PASSED] - if (i == 3 &amp;&amp; wildList.indexOf(symbol) != -1): null

2019-08-24 12:17:39 - [TEST_STEP][PASSED] - if (i == 4 &amp;&amp; wildList.indexOf(symbol) != -1): null

2019-08-24 12:17:39 - [TEST_STEP][PASSED] - symbols = symbols: null

2019-08-24 12:17:39 - [TEST_STEP][PASSED] - for ([j = 0, j &lt; symbols.size(), (j++)]): null

2019-08-24 12:17:39 - [TEST_STEP][PASSED] - symbol = symbol: null

2019-08-24 12:17:39 - [TEST_STEP][PASSED] - println(symbol): null

2019-08-24 12:17:39 - [TEST_STEP][PASSED] - if (i == 2 &amp;&amp; wildList.indexOf(symbol) != -1): null

2019-08-24 12:17:39 - [TEST_STEP][PASSED] - if (i == 3 &amp;&amp; wildList.indexOf(symbol) != -1): null

2019-08-24 12:17:39 - [TEST_STEP][PASSED] - if (i == 4 &amp;&amp; wildList.indexOf(symbol) != -1): null

2019-08-24 12:17:39 - [TEST_STEP][PASSED] - symbol = symbol: null

2019-08-24 12:17:39 - [TEST_STEP][PASSED] - println(symbol): null

2019-08-24 12:17:39 - [TEST_STEP][PASSED] - if (i == 2 &amp;&amp; wildList.indexOf(symbol) != -1): null

2019-08-24 12:17:39 - [TEST_STEP][PASSED] - if (i == 3 &amp;&amp; wildList.indexOf(symbol) != -1): null

2019-08-24 12:17:39 - [TEST_STEP][PASSED] - if (i == 4 &amp;&amp; wildList.indexOf(symbol) != -1): null

2019-08-24 12:17:39 - [TEST_STEP][PASSED] - symbol = symbol: null

2019-08-24 12:17:39 - [TEST_STEP][PASSED] - println(symbol): null

2019-08-24 12:17:39 - [TEST_STEP][PASSED] - if (i == 2 &amp;&amp; wildList.indexOf(symbol) != -1): null

2019-08-24 12:17:39 - [TEST_STEP][PASSED] - if (i == 3 &amp;&amp; wildList.indexOf(symbol) != -1): null

2019-08-24 12:17:39 - [TEST_STEP][PASSED] - if (i == 4 &amp;&amp; wildList.indexOf(symbol) != -1): null

2019-08-24 12:17:39 - [TEST_STEP][PASSED] - free_spin_reel_counter = free_spin_reel_counter: null

2019-08-24 12:17:39 - [TEST_STEP][PASSED] - println("reel 3 wild found: " + free_spin_reel_counter[0]): null

2019-08-24 12:17:39 - [TEST_STEP][PASSED] - println("reel 4 wild found: " + free_spin_reel_counter[1]): null

2019-08-24 12:17:39 - [TEST_STEP][PASSED] - println("reel 5 wild found: " + free_spin_reel_counter[2]): null

2019-08-24 12:17:39 - [TEST_STEP][PASSED] - M4_spin_reels = M4_spin_reels: null

2019-08-24 12:17:39 - [TEST_STEP][PASSED] - M4_spin_reels_symbols = symbol: null

2019-08-24 12:17:39 - [TEST_STEP][PASSED] - M4_spin_reels_symbols = M4_spin_reels_symbols: null

2019-08-24 12:17:39 - [TEST_STEP][PASSED] - M4_spin_reel_wins = reel_wins: null

2019-08-24 12:17:39 - [TEST_STEP][PASSED] - M4_spin_reel_wins = M4_spin_reel_wins: null

2019-08-24 12:17:39 - [TEST_STEP][PASSED] - println("GlobalVariable.M4_spin_reel_wins is: " + M4_spin_reel_wins): null

2019-08-24 12:17:39 - [TEST_STEP][PASSED] - M4_spin_total_bonus_win_this_round = total_bonus_win_this_round: null

2019-08-24 12:17:39 - [TEST_STEP][PASSED] - M4_spin_total_bonus_win_this_round = M4_spin_total_bonus_win_this_round: null

2019-08-24 12:17:39 - [TEST_STEP][PASSED] - println("GlobalVariable.M4_spin_total_bonus_win_this_round is: " + M4_spin_total_bonus_win_this_round): null

2019-08-24 12:17:39 - [TEST_STEP][PASSED] - M4_spin_bonus_spin_result = spin_result: null

2019-08-24 12:17:39 - [TEST_STEP][PASSED] - M4_spin_bonus_spin_result = M4_spin_bonus_spin_result: null

2019-08-24 12:17:39 - [MESSAGE][PASSED] - Verify response successfully

2019-08-24 12:17:39 - [MESSAGE][PASSED] - Send request and verify the response successfully

2019-08-24 12:17:39 - [TEST_STEP][PASSED] - if (M4_total_bonus_spins_int != 0 &amp;&amp; M4_spin_reels_symbols[2].contains("WILD_ExtraFG") || M4_spin_reels_symbols[3].contains("WILD_ExtraFG")): null

2019-08-24 12:17:39 - [TEST_STEP][PASSED] - free_spin_reel_counter = free_spin_reel_counter: null

2019-08-24 12:17:39 - [TEST_STEP][PASSED] - M4_spin_reels_symbols = M4_spin_reels_symbols: null

2019-08-24 12:17:39 - [TEST_STEP][PASSED] - M4_total_bonus_spins = M4_total_bonus_spins: null

2019-08-24 12:17:39 - [TEST_STEP][PASSED] - spin_result = sendRequestAndVerify(findTestObject("INT/RGS(M4)/1_M4_spin", ["M4_login_user_id":M4_login_user_id, "rgs_session_token":rgs_session_token, "partner":Partner])): Send request and verify the response successfully

2019-08-24 12:17:40 - [MESSAGE][INFO] - HAR: /Users/eiralee/Katalon_Script/SuperWild/Reports/20190824_120919/INT/superWild_3/20190824_120919/requests/main/141.har

2019-08-24 12:17:40 - [TEST_CASE][PASSED] - Start Test Case : Verification: Verification accomplished successfully

2019-08-24 12:17:40 - [TEST_STEP][PASSED] - request = getInstance().getCurrentRequest(): null

2019-08-24 12:17:40 - [TEST_STEP][PASSED] - response = getInstance().getCurrentResponse(): null

2019-08-24 12:17:40 - [TEST_STEP][PASSED] - verifyResponseStatusCode(response, 200): Verify response status code successfully

2019-08-24 12:17:40 - [MESSAGE][PASSED] - Verify response status code successfully

2019-08-24 12:17:40 - [TEST_STEP][PASSED] - getStatusCode()).isEqualTo(200): null

2019-08-24 12:17:40 - [TEST_STEP][PASSED] - newline = System.getProperty("line.separator"): null

2019-08-24 12:17:40 - [TEST_STEP][PASSED] - M4_spin = new groovy.json.JsonSlurper(): null

2019-08-24 12:17:40 - [TEST_STEP][PASSED] - result_M4_spin = M4_spin.parseText(response.getResponseBodyContent()): null

2019-08-24 12:17:40 - [TEST_STEP][PASSED] - M4_spin_current_balance = current_balance: null

2019-08-24 12:17:40 - [TEST_STEP][PASSED] - M4_spin_current_balance = M4_spin_current_balance: null

2019-08-24 12:17:40 - [TEST_STEP][PASSED] - M4_spin_transaction_id = causality: null

2019-08-24 12:17:40 - [TEST_STEP][PASSED] - M4_spin_transaction_id = M4_spin_transaction_id: null

2019-08-24 12:17:40 - [TEST_STEP][PASSED] - M4_spin_round_id = round_id: null

2019-08-24 12:17:40 - [TEST_STEP][PASSED] - M4_spin_round_id = M4_spin_round_id: null

2019-08-24 12:17:40 - [TEST_STEP][PASSED] - M4_spin_line_wins = line_wins: null

2019-08-24 12:17:40 - [TEST_STEP][PASSED] - M4_spin_line_wins = M4_spin_line_wins: null

2019-08-24 12:17:40 - [TEST_STEP][PASSED] - M4_total_bonus_spins_int = total_bonus_spins: null

2019-08-24 12:17:40 - [TEST_STEP][PASSED] - println("******M4_total_bonus_spins type is:*******" + newline + getClass().getName()): null

2019-08-24 12:17:40 - [TEST_STEP][PASSED] - M4_total_bonus_spins_int = M4_total_bonus_spins_int: null

2019-08-24 12:17:40 - [TEST_STEP][PASSED] - M4_total_bonus_spins = Integer.toString(M4_total_bonus_spins_int): null

2019-08-24 12:17:40 - [TEST_STEP][PASSED] - M4_total_bonus_spins = M4_total_bonus_spins: null

2019-08-24 12:17:40 - [TEST_STEP][PASSED] - println("M4_total_bonus_spins is:" + M4_total_bonus_spins): null

2019-08-24 12:17:40 - [TEST_STEP][PASSED] - M4_spin_bonus_data = bonus_data: null

2019-08-24 12:17:40 - [TEST_STEP][PASSED] - M4_spin_features_triggered = result_M4_spin: null

2019-08-24 12:17:40 - [TEST_STEP][PASSED] - wild = []: null

2019-08-24 12:17:40 - [TEST_STEP][PASSED] - wild[0] = "WILD_Expanding": null

2019-08-24 12:17:40 - [TEST_STEP][PASSED] - wild[1] = "WILD_Normal": null

2019-08-24 12:17:40 - [TEST_STEP][PASSED] - wild[2] = "WILD_Double": null

2019-08-24 12:17:40 - [TEST_STEP][PASSED] - wild[3] = "WILD_ExtraFG": null

2019-08-24 12:17:40 - [TEST_STEP][PASSED] - wild[4] = "WILD_Triple": null

2019-08-24 12:17:40 - [TEST_STEP][PASSED] - wildList = Arrays.asList(wild): null

2019-08-24 12:17:40 - [TEST_STEP][PASSED] - wildList = wildList: null

2019-08-24 12:17:40 - [TEST_STEP][PASSED] - free_spin_reel_counter = []: null

2019-08-24 12:17:40 - [TEST_STEP][PASSED] - free_spin_reel_counter[0] = 0: null

2019-08-24 12:17:40 - [TEST_STEP][PASSED] - free_spin_reel_counter[1] = 0: null

2019-08-24 12:17:40 - [TEST_STEP][PASSED] - free_spin_reel_counter[2] = 0: null

2019-08-24 12:17:40 - [TEST_STEP][PASSED] - M4_spin_reels = reels: null

2019-08-24 12:17:40 - [TEST_STEP][PASSED] - for ([i = 0, i &lt; M4_spin_reels.size(), (i++)]): null

2019-08-24 12:17:40 - [TEST_STEP][PASSED] - symbols = symbols: null

2019-08-24 12:17:40 - [TEST_STEP][PASSED] - for ([j = 0, j &lt; symbols.size(), (j++)]): null

2019-08-24 12:17:40 - [TEST_STEP][PASSED] - symbol = symbol: null

2019-08-24 12:17:40 - [TEST_STEP][PASSED] - println(symbol): null

2019-08-24 12:17:40 - [TEST_STEP][PASSED] - if (i == 2 &amp;&amp; wildList.indexOf(symbol) != -1): null

2019-08-24 12:17:40 - [TEST_STEP][PASSED] - if (i == 3 &amp;&amp; wildList.indexOf(symbol) != -1): null

2019-08-24 12:17:40 - [TEST_STEP][PASSED] - if (i == 4 &amp;&amp; wildList.indexOf(symbol) != -1): null

2019-08-24 12:17:40 - [TEST_STEP][PASSED] - symbol = symbol: null

2019-08-24 12:17:40 - [TEST_STEP][PASSED] - println(symbol): null

2019-08-24 12:17:40 - [TEST_STEP][PASSED] - if (i == 2 &amp;&amp; wildList.indexOf(symbol) != -1): null

2019-08-24 12:17:40 - [TEST_STEP][PASSED] - if (i == 3 &amp;&amp; wildList.indexOf(symbol) != -1): null

2019-08-24 12:17:40 - [TEST_STEP][PASSED] - if (i == 4 &amp;&amp; wildList.indexOf(symbol) != -1): null

2019-08-24 12:17:40 - [TEST_STEP][PASSED] - symbol = symbol: null

2019-08-24 12:17:40 - [TEST_STEP][PASSED] - println(symbol): null

2019-08-24 12:17:40 - [TEST_STEP][PASSED] - if (i == 2 &amp;&amp; wildList.indexOf(symbol) != -1): null

2019-08-24 12:17:40 - [TEST_STEP][PASSED] - if (i == 3 &amp;&amp; wildList.indexOf(symbol) != -1): null

2019-08-24 12:17:40 - [TEST_STEP][PASSED] - if (i == 4 &amp;&amp; wildList.indexOf(symbol) != -1): null

2019-08-24 12:17:40 - [TEST_STEP][PASSED] - symbols = symbols: null

2019-08-24 12:17:40 - [TEST_STEP][PASSED] - for ([j = 0, j &lt; symbols.size(), (j++)]): null

2019-08-24 12:17:40 - [TEST_STEP][PASSED] - symbol = symbol: null

2019-08-24 12:17:40 - [TEST_STEP][PASSED] - println(symbol): null

2019-08-24 12:17:40 - [TEST_STEP][PASSED] - if (i == 2 &amp;&amp; wildList.indexOf(symbol) != -1): null

2019-08-24 12:17:40 - [TEST_STEP][PASSED] - if (i == 3 &amp;&amp; wildList.indexOf(symbol) != -1): null

2019-08-24 12:17:40 - [TEST_STEP][PASSED] - if (i == 4 &amp;&amp; wildList.indexOf(symbol) != -1): null

2019-08-24 12:17:40 - [TEST_STEP][PASSED] - symbol = symbol: null

2019-08-24 12:17:40 - [TEST_STEP][PASSED] - println(symbol): null

2019-08-24 12:17:40 - [TEST_STEP][PASSED] - if (i == 2 &amp;&amp; wildList.indexOf(symbol) != -1): null

2019-08-24 12:17:40 - [TEST_STEP][PASSED] - if (i == 3 &amp;&amp; wildList.indexOf(symbol) != -1): null

2019-08-24 12:17:40 - [TEST_STEP][PASSED] - if (i == 4 &amp;&amp; wildList.indexOf(symbol) != -1): null

2019-08-24 12:17:40 - [TEST_STEP][PASSED] - symbol = symbol: null

2019-08-24 12:17:40 - [TEST_STEP][PASSED] - println(symbol): null

2019-08-24 12:17:40 - [TEST_STEP][PASSED] - if (i == 2 &amp;&amp; wildList.indexOf(symbol) != -1): null

2019-08-24 12:17:40 - [TEST_STEP][PASSED] - if (i == 3 &amp;&amp; wildList.indexOf(symbol) != -1): null

2019-08-24 12:17:40 - [TEST_STEP][PASSED] - if (i == 4 &amp;&amp; wildList.indexOf(symbol) != -1): null

2019-08-24 12:17:40 - [TEST_STEP][PASSED] - symbols = symbols: null

2019-08-24 12:17:40 - [TEST_STEP][PASSED] - for ([j = 0, j &lt; symbols.size(), (j++)]): null

2019-08-24 12:17:40 - [TEST_STEP][PASSED] - symbol = symbol: null

2019-08-24 12:17:40 - [TEST_STEP][PASSED] - println(symbol): null

2019-08-24 12:17:40 - [TEST_STEP][PASSED] - if (i == 2 &amp;&amp; wildList.indexOf(symbol) != -1): null

2019-08-24 12:17:40 - [TEST_STEP][PASSED] - println("wild found on reel 3, adding counter by 1"): null

2019-08-24 12:17:40 - [TEST_STEP][PASSED] - free_spin_reel_counter[0] = free_spin_reel_counter[0] + 1: null

2019-08-24 12:17:40 - [TEST_STEP][PASSED] - if (i == 3 &amp;&amp; wildList.indexOf(symbol) != -1): null

2019-08-24 12:17:40 - [TEST_STEP][PASSED] - if (i == 4 &amp;&amp; wildList.indexOf(symbol) != -1): null

2019-08-24 12:17:40 - [TEST_STEP][PASSED] - symbol = symbol: null

2019-08-24 12:17:40 - [TEST_STEP][PASSED] - println(symbol): null

2019-08-24 12:17:40 - [TEST_STEP][PASSED] - if (i == 2 &amp;&amp; wildList.indexOf(symbol) != -1): null

2019-08-24 12:17:40 - [TEST_STEP][PASSED] - if (i == 3 &amp;&amp; wildList.indexOf(symbol) != -1): null

2019-08-24 12:17:43 - [TEST_STEP][PASSED] - if (i == 4 &amp;&amp; wildList.indexOf(symbol) != -1): null

2019-08-24 12:17:43 - [TEST_STEP][PASSED] - symbol = symbol: null

2019-08-24 12:17:43 - [TEST_STEP][PASSED] - println(symbol): null

2019-08-24 12:17:43 - [TEST_STEP][PASSED] - if (i == 2 &amp;&amp; wildList.indexOf(symbol) != -1): null

2019-08-24 12:17:43 - [TEST_STEP][PASSED] - if (i == 3 &amp;&amp; wildList.indexOf(symbol) != -1): null

2019-08-24 12:17:43 - [TEST_STEP][PASSED] - if (i == 4 &amp;&amp; wildList.indexOf(symbol) != -1): null

2019-08-24 12:17:43 - [TEST_STEP][PASSED] - symbols = symbols: null

2019-08-24 12:17:43 - [TEST_STEP][PASSED] - for ([j = 0, j &lt; symbols.size(), (j++)]): null

2019-08-24 12:17:43 - [TEST_STEP][PASSED] - symbol = symbol: null

2019-08-24 12:17:43 - [TEST_STEP][PASSED] - println(symbol): null

2019-08-24 12:17:47 - [TEST_STEP][PASSED] - if (i == 2 &amp;&amp; wildList.indexOf(symbol) != -1): null

2019-08-24 12:17:47 - [TEST_STEP][PASSED] - if (i == 3 &amp;&amp; wildList.indexOf(symbol) != -1): null

2019-08-24 12:17:47 - [TEST_STEP][PASSED] - if (i == 4 &amp;&amp; wildList.indexOf(symbol) != -1): null

2019-08-24 12:17:47 - [TEST_STEP][PASSED] - symbol = symbol: null

2019-08-24 12:17:47 - [TEST_STEP][PASSED] - println(symbol): null

2019-08-24 12:17:47 - [TEST_STEP][PASSED] - if (i == 2 &amp;&amp; wildList.indexOf(symbol) != -1): null

2019-08-24 12:17:47 - [TEST_STEP][PASSED] - if (i == 3 &amp;&amp; wildList.indexOf(symbol) != -1): null

2019-08-24 12:17:47 - [TEST_STEP][PASSED] - if (i == 4 &amp;&amp; wildList.indexOf(symbol) != -1): null

2019-08-24 12:17:47 - [TEST_STEP][PASSED] - symbol = symbol: null

2019-08-24 12:17:47 - [TEST_STEP][PASSED] - println(symbol): null

2019-08-24 12:17:47 - [TEST_STEP][PASSED] - if (i == 2 &amp;&amp; wildList.indexOf(symbol) != -1): null

2019-08-24 12:17:47 - [TEST_STEP][PASSED] - if (i == 3 &amp;&amp; wildList.indexOf(symbol) != -1): null

2019-08-24 12:17:47 - [TEST_STEP][PASSED] - if (i == 4 &amp;&amp; wildList.indexOf(symbol) != -1): null

2019-08-24 12:17:47 - [TEST_STEP][PASSED] - symbols = symbols: null

2019-08-24 12:17:47 - [TEST_STEP][PASSED] - for ([j = 0, j &lt; symbols.size(), (j++)]): null

2019-08-24 12:17:47 - [TEST_STEP][PASSED] - symbol = symbol: null

2019-08-24 12:17:47 - [TEST_STEP][PASSED] - println(symbol): null

2019-08-24 12:17:47 - [TEST_STEP][PASSED] - if (i == 2 &amp;&amp; wildList.indexOf(symbol) != -1): null

2019-08-24 12:17:47 - [TEST_STEP][PASSED] - if (i == 3 &amp;&amp; wildList.indexOf(symbol) != -1): null

2019-08-24 12:17:47 - [TEST_STEP][PASSED] - if (i == 4 &amp;&amp; wildList.indexOf(symbol) != -1): null

2019-08-24 12:17:47 - [TEST_STEP][PASSED] - symbol = symbol: null

2019-08-24 12:17:47 - [TEST_STEP][PASSED] - println(symbol): null

2019-08-24 12:17:47 - [TEST_STEP][PASSED] - if (i == 2 &amp;&amp; wildList.indexOf(symbol) != -1): null

2019-08-24 12:17:47 - [TEST_STEP][PASSED] - if (i == 3 &amp;&amp; wildList.indexOf(symbol) != -1): null

2019-08-24 12:17:47 - [TEST_STEP][PASSED] - if (i == 4 &amp;&amp; wildList.indexOf(symbol) != -1): null

2019-08-24 12:17:47 - [TEST_STEP][PASSED] - symbol = symbol: null

2019-08-24 12:17:47 - [TEST_STEP][PASSED] - println(symbol): null

2019-08-24 12:17:47 - [TEST_STEP][PASSED] - if (i == 2 &amp;&amp; wildList.indexOf(symbol) != -1): null

2019-08-24 12:17:47 - [TEST_STEP][PASSED] - if (i == 3 &amp;&amp; wildList.indexOf(symbol) != -1): null

2019-08-24 12:17:47 - [TEST_STEP][PASSED] - if (i == 4 &amp;&amp; wildList.indexOf(symbol) != -1): null

2019-08-24 12:17:47 - [TEST_STEP][PASSED] - free_spin_reel_counter = free_spin_reel_counter: null

2019-08-24 12:17:47 - [TEST_STEP][PASSED] - println("reel 3 wild found: " + free_spin_reel_counter[0]): null

2019-08-24 12:17:47 - [TEST_STEP][PASSED] - println("reel 4 wild found: " + free_spin_reel_counter[1]): null

2019-08-24 12:17:47 - [TEST_STEP][PASSED] - println("reel 5 wild found: " + free_spin_reel_counter[2]): null

2019-08-24 12:17:47 - [TEST_STEP][PASSED] - M4_spin_reels = M4_spin_reels: null

2019-08-24 12:17:47 - [TEST_STEP][PASSED] - M4_spin_reels_symbols = symbol: null

2019-08-24 12:17:47 - [TEST_STEP][PASSED] - M4_spin_reels_symbols = M4_spin_reels_symbols: null

2019-08-24 12:17:47 - [TEST_STEP][PASSED] - M4_spin_reel_wins = reel_wins: null

2019-08-24 12:17:47 - [TEST_STEP][PASSED] - M4_spin_reel_wins = M4_spin_reel_wins: null

2019-08-24 12:17:47 - [TEST_STEP][PASSED] - println("GlobalVariable.M4_spin_reel_wins is: " + M4_spin_reel_wins): null

2019-08-24 12:17:47 - [TEST_STEP][PASSED] - M4_spin_total_bonus_win_this_round = total_bonus_win_this_round: null

2019-08-24 12:17:47 - [TEST_STEP][PASSED] - M4_spin_total_bonus_win_this_round = M4_spin_total_bonus_win_this_round: null

2019-08-24 12:17:47 - [TEST_STEP][PASSED] - println("GlobalVariable.M4_spin_total_bonus_win_this_round is: " + M4_spin_total_bonus_win_this_round): null

2019-08-24 12:17:47 - [TEST_STEP][PASSED] - M4_spin_bonus_spin_result = spin_result: null

2019-08-24 12:17:47 - [TEST_STEP][PASSED] - M4_spin_bonus_spin_result = M4_spin_bonus_spin_result: null

2019-08-24 12:17:47 - [MESSAGE][PASSED] - Verify response successfully

2019-08-24 12:17:47 - [MESSAGE][PASSED] - Send request and verify the response successfully

2019-08-24 12:17:47 - [TEST_STEP][PASSED] - if (M4_total_bonus_spins_int != 0 &amp;&amp; M4_spin_reels_symbols[2].contains("WILD_ExtraFG") || M4_spin_reels_symbols[3].contains("WILD_ExtraFG")): null

2019-08-24 12:17:47 - [TEST_STEP][PASSED] - free_spin_reel_counter = free_spin_reel_counter: null

2019-08-24 12:17:47 - [TEST_STEP][PASSED] - M4_spin_reels_symbols = M4_spin_reels_symbols: null

2019-08-24 12:17:47 - [TEST_STEP][PASSED] - M4_total_bonus_spins = M4_total_bonus_spins: null

2019-08-24 12:17:47 - [TEST_STEP][PASSED] - spin_result = sendRequestAndVerify(findTestObject("INT/RGS(M4)/1_M4_spin", ["M4_login_user_id":M4_login_user_id, "rgs_session_token":rgs_session_token, "partner":Partner])): Send request and verify the response successfully

2019-08-24 12:17:47 - [MESSAGE][INFO] - HAR: /Users/eiralee/Katalon_Script/SuperWild/Reports/20190824_120919/INT/superWild_3/20190824_120919/requests/main/142.har

2019-08-24 12:17:47 - [TEST_CASE][PASSED] - Start Test Case : Verification: Verification accomplished successfully

2019-08-24 12:17:47 - [TEST_STEP][PASSED] - request = getInstance().getCurrentRequest(): null

2019-08-24 12:17:47 - [TEST_STEP][PASSED] - response = getInstance().getCurrentResponse(): null

2019-08-24 12:17:47 - [TEST_STEP][PASSED] - verifyResponseStatusCode(response, 200): Verify response status code successfully

2019-08-24 12:17:47 - [MESSAGE][PASSED] - Verify response status code successfully

2019-08-24 12:17:47 - [TEST_STEP][PASSED] - getStatusCode()).isEqualTo(200): null

2019-08-24 12:17:47 - [TEST_STEP][PASSED] - newline = System.getProperty("line.separator"): null

2019-08-24 12:17:47 - [TEST_STEP][PASSED] - M4_spin = new groovy.json.JsonSlurper(): null

2019-08-24 12:17:47 - [TEST_STEP][PASSED] - result_M4_spin = M4_spin.parseText(response.getResponseBodyContent()): null

2019-08-24 12:17:47 - [TEST_STEP][PASSED] - M4_spin_current_balance = current_balance: null

2019-08-24 12:17:47 - [TEST_STEP][PASSED] - M4_spin_current_balance = M4_spin_current_balance: null

2019-08-24 12:17:47 - [TEST_STEP][PASSED] - M4_spin_transaction_id = causality: null

2019-08-24 12:17:47 - [TEST_STEP][PASSED] - M4_spin_transaction_id = M4_spin_transaction_id: null

2019-08-24 12:17:47 - [TEST_STEP][PASSED] - M4_spin_round_id = round_id: null

2019-08-24 12:17:47 - [TEST_STEP][PASSED] - M4_spin_round_id = M4_spin_round_id: null

2019-08-24 12:17:47 - [TEST_STEP][PASSED] - M4_spin_line_wins = line_wins: null

2019-08-24 12:17:47 - [TEST_STEP][PASSED] - M4_spin_line_wins = M4_spin_line_wins: null

2019-08-24 12:17:47 - [TEST_STEP][PASSED] - M4_total_bonus_spins_int = total_bonus_spins: null

2019-08-24 12:17:47 - [TEST_STEP][PASSED] - println("******M4_total_bonus_spins type is:*******" + newline + getClass().getName()): null

2019-08-24 12:17:47 - [TEST_STEP][PASSED] - M4_total_bonus_spins_int = M4_total_bonus_spins_int: null

2019-08-24 12:17:47 - [TEST_STEP][PASSED] - M4_total_bonus_spins = Integer.toString(M4_total_bonus_spins_int): null

2019-08-24 12:17:47 - [TEST_STEP][PASSED] - M4_total_bonus_spins = M4_total_bonus_spins: null

2019-08-24 12:17:47 - [TEST_STEP][PASSED] - println("M4_total_bonus_spins is:" + M4_total_bonus_spins): null

2019-08-24 12:17:47 - [TEST_STEP][PASSED] - M4_spin_bonus_data = bonus_data: null

2019-08-24 12:17:47 - [TEST_STEP][PASSED] - M4_spin_features_triggered = result_M4_spin: null

2019-08-24 12:17:47 - [TEST_STEP][PASSED] - wild = []: null

2019-08-24 12:17:47 - [TEST_STEP][PASSED] - wild[0] = "WILD_Expanding": null

2019-08-24 12:17:47 - [TEST_STEP][PASSED] - wild[1] = "WILD_Normal": null

2019-08-24 12:17:47 - [TEST_STEP][PASSED] - wild[2] = "WILD_Double": null

2019-08-24 12:17:47 - [TEST_STEP][PASSED] - wild[3] = "WILD_ExtraFG": null

2019-08-24 12:17:47 - [TEST_STEP][PASSED] - wild[4] = "WILD_Triple": null

2019-08-24 12:17:47 - [TEST_STEP][PASSED] - wildList = Arrays.asList(wild): null

2019-08-24 12:17:47 - [TEST_STEP][PASSED] - wildList = wildList: null

2019-08-24 12:17:47 - [TEST_STEP][PASSED] - free_spin_reel_counter = []: null

2019-08-24 12:17:47 - [TEST_STEP][PASSED] - free_spin_reel_counter[0] = 0: null

2019-08-24 12:17:47 - [TEST_STEP][PASSED] - free_spin_reel_counter[1] = 0: null

2019-08-24 12:17:47 - [TEST_STEP][PASSED] - free_spin_reel_counter[2] = 0: null

2019-08-24 12:17:47 - [TEST_STEP][PASSED] - M4_spin_reels = reels: null

2019-08-24 12:17:47 - [TEST_STEP][PASSED] - for ([i = 0, i &lt; M4_spin_reels.size(), (i++)]): null

2019-08-24 12:17:47 - [TEST_STEP][PASSED] - symbols = symbols: null

2019-08-24 12:17:47 - [TEST_STEP][PASSED] - for ([j = 0, j &lt; symbols.size(), (j++)]): null

2019-08-24 12:17:47 - [TEST_STEP][PASSED] - symbol = symbol: null

2019-08-24 12:17:47 - [TEST_STEP][PASSED] - println(symbol): null

2019-08-24 12:17:47 - [TEST_STEP][PASSED] - if (i == 2 &amp;&amp; wildList.indexOf(symbol) != -1): null

2019-08-24 12:17:47 - [TEST_STEP][PASSED] - if (i == 3 &amp;&amp; wildList.indexOf(symbol) != -1): null

2019-08-24 12:17:47 - [TEST_STEP][PASSED] - if (i == 4 &amp;&amp; wildList.indexOf(symbol) != -1): null

2019-08-24 12:17:47 - [TEST_STEP][PASSED] - symbol = symbol: null

2019-08-24 12:17:47 - [TEST_STEP][PASSED] - println(symbol): null

2019-08-24 12:17:47 - [TEST_STEP][PASSED] - if (i == 2 &amp;&amp; wildList.indexOf(symbol) != -1): null

2019-08-24 12:17:47 - [TEST_STEP][PASSED] - if (i == 3 &amp;&amp; wildList.indexOf(symbol) != -1): null

2019-08-24 12:17:47 - [TEST_STEP][PASSED] - if (i == 4 &amp;&amp; wildList.indexOf(symbol) != -1): null

2019-08-24 12:17:47 - [TEST_STEP][PASSED] - symbol = symbol: null

2019-08-24 12:17:47 - [TEST_STEP][PASSED] - println(symbol): null

2019-08-24 12:17:47 - [TEST_STEP][PASSED] - if (i == 2 &amp;&amp; wildList.indexOf(symbol) != -1): null

2019-08-24 12:17:47 - [TEST_STEP][PASSED] - if (i == 3 &amp;&amp; wildList.indexOf(symbol) != -1): null

2019-08-24 12:17:47 - [TEST_STEP][PASSED] - if (i == 4 &amp;&amp; wildList.indexOf(symbol) != -1): null

2019-08-24 12:17:47 - [TEST_STEP][PASSED] - symbols = symbols: null

2019-08-24 12:17:47 - [TEST_STEP][PASSED] - for ([j = 0, j &lt; symbols.size(), (j++)]): null

2019-08-24 12:17:47 - [TEST_STEP][PASSED] - symbol = symbol: null

2019-08-24 12:17:47 - [TEST_STEP][PASSED] - println(symbol): null

2019-08-24 12:17:47 - [TEST_STEP][PASSED] - if (i == 2 &amp;&amp; wildList.indexOf(symbol) != -1): null

2019-08-24 12:17:47 - [TEST_STEP][PASSED] - if (i == 3 &amp;&amp; wildList.indexOf(symbol) != -1): null

2019-08-24 12:17:47 - [TEST_STEP][PASSED] - if (i == 4 &amp;&amp; wildList.indexOf(symbol) != -1): null

2019-08-24 12:17:47 - [TEST_STEP][PASSED] - symbol = symbol: null

2019-08-24 12:17:47 - [TEST_STEP][PASSED] - println(symbol): null

2019-08-24 12:17:47 - [TEST_STEP][PASSED] - if (i == 2 &amp;&amp; wildList.indexOf(symbol) != -1): null

2019-08-24 12:17:47 - [TEST_STEP][PASSED] - if (i == 3 &amp;&amp; wildList.indexOf(symbol) != -1): null

2019-08-24 12:17:47 - [TEST_STEP][PASSED] - if (i == 4 &amp;&amp; wildList.indexOf(symbol) != -1): null

2019-08-24 12:17:47 - [TEST_STEP][PASSED] - symbol = symbol: null

2019-08-24 12:17:47 - [TEST_STEP][PASSED] - println(symbol): null

2019-08-24 12:17:47 - [TEST_STEP][PASSED] - if (i == 2 &amp;&amp; wildList.indexOf(symbol) != -1): null

2019-08-24 12:17:47 - [TEST_STEP][PASSED] - if (i == 3 &amp;&amp; wildList.indexOf(symbol) != -1): null

2019-08-24 12:17:47 - [TEST_STEP][PASSED] - if (i == 4 &amp;&amp; wildList.indexOf(symbol) != -1): null

2019-08-24 12:17:47 - [TEST_STEP][PASSED] - symbols = symbols: null

2019-08-24 12:17:47 - [TEST_STEP][PASSED] - for ([j = 0, j &lt; symbols.size(), (j++)]): null

2019-08-24 12:17:47 - [TEST_STEP][PASSED] - symbol = symbol: null

2019-08-24 12:17:47 - [TEST_STEP][PASSED] - println(symbol): null

2019-08-24 12:17:47 - [TEST_STEP][PASSED] - if (i == 2 &amp;&amp; wildList.indexOf(symbol) != -1): null

2019-08-24 12:17:47 - [TEST_STEP][PASSED] - if (i == 3 &amp;&amp; wildList.indexOf(symbol) != -1): null

2019-08-24 12:17:47 - [TEST_STEP][PASSED] - if (i == 4 &amp;&amp; wildList.indexOf(symbol) != -1): null

2019-08-24 12:17:47 - [TEST_STEP][PASSED] - symbol = symbol: null

2019-08-24 12:17:47 - [TEST_STEP][PASSED] - println(symbol): null

2019-08-24 12:17:47 - [TEST_STEP][PASSED] - if (i == 2 &amp;&amp; wildList.indexOf(symbol) != -1): null

2019-08-24 12:17:47 - [TEST_STEP][PASSED] - if (i == 3 &amp;&amp; wildList.indexOf(symbol) != -1): null

2019-08-24 12:17:47 - [TEST_STEP][PASSED] - if (i == 4 &amp;&amp; wildList.indexOf(symbol) != -1): null

2019-08-24 12:17:47 - [TEST_STEP][PASSED] - symbol = symbol: null

2019-08-24 12:17:47 - [TEST_STEP][PASSED] - println(symbol): null

2019-08-24 12:17:47 - [TEST_STEP][PASSED] - if (i == 2 &amp;&amp; wildList.indexOf(symbol) != -1): null

2019-08-24 12:17:47 - [TEST_STEP][PASSED] - if (i == 3 &amp;&amp; wildList.indexOf(symbol) != -1): null

2019-08-24 12:17:47 - [TEST_STEP][PASSED] - if (i == 4 &amp;&amp; wildList.indexOf(symbol) != -1): null

2019-08-24 12:17:47 - [TEST_STEP][PASSED] - symbols = symbols: null

2019-08-24 12:17:47 - [TEST_STEP][PASSED] - for ([j = 0, j &lt; symbols.size(), (j++)]): null

2019-08-24 12:17:47 - [TEST_STEP][PASSED] - symbol = symbol: null

2019-08-24 12:17:47 - [TEST_STEP][PASSED] - println(symbol): null

2019-08-24 12:17:47 - [TEST_STEP][PASSED] - if (i == 2 &amp;&amp; wildList.indexOf(symbol) != -1): null

2019-08-24 12:17:47 - [TEST_STEP][PASSED] - if (i == 3 &amp;&amp; wildList.indexOf(symbol) != -1): null

2019-08-24 12:17:47 - [TEST_STEP][PASSED] - if (i == 4 &amp;&amp; wildList.indexOf(symbol) != -1): null

2019-08-24 12:17:47 - [TEST_STEP][PASSED] - symbol = symbol: null

2019-08-24 12:17:47 - [TEST_STEP][PASSED] - println(symbol): null

2019-08-24 12:17:47 - [TEST_STEP][PASSED] - if (i == 2 &amp;&amp; wildList.indexOf(symbol) != -1): null

2019-08-24 12:17:47 - [TEST_STEP][PASSED] - if (i == 3 &amp;&amp; wildList.indexOf(symbol) != -1): null

2019-08-24 12:17:47 - [TEST_STEP][PASSED] - if (i == 4 &amp;&amp; wildList.indexOf(symbol) != -1): null

2019-08-24 12:17:47 - [TEST_STEP][PASSED] - symbol = symbol: null

2019-08-24 12:17:47 - [TEST_STEP][PASSED] - println(symbol): null

2019-08-24 12:17:47 - [TEST_STEP][PASSED] - if (i == 2 &amp;&amp; wildList.indexOf(symbol) != -1): null

2019-08-24 12:17:47 - [TEST_STEP][PASSED] - if (i == 3 &amp;&amp; wildList.indexOf(symbol) != -1): null

2019-08-24 12:17:47 - [TEST_STEP][PASSED] - if (i == 4 &amp;&amp; wildList.indexOf(symbol) != -1): null

2019-08-24 12:17:47 - [TEST_STEP][PASSED] - symbols = symbols: null

2019-08-24 12:17:47 - [TEST_STEP][PASSED] - for ([j = 0, j &lt; symbols.size(), (j++)]): null

2019-08-24 12:17:47 - [TEST_STEP][PASSED] - symbol = symbol: null

2019-08-24 12:17:47 - [TEST_STEP][PASSED] - println(symbol): null

2019-08-24 12:17:47 - [TEST_STEP][PASSED] - if (i == 2 &amp;&amp; wildList.indexOf(symbol) != -1): null

2019-08-24 12:17:47 - [TEST_STEP][PASSED] - if (i == 3 &amp;&amp; wildList.indexOf(symbol) != -1): null

2019-08-24 12:17:47 - [TEST_STEP][PASSED] - if (i == 4 &amp;&amp; wildList.indexOf(symbol) != -1): null

2019-08-24 12:17:47 - [TEST_STEP][PASSED] - symbol = symbol: null

2019-08-24 12:17:47 - [TEST_STEP][PASSED] - println(symbol): null

2019-08-24 12:17:47 - [TEST_STEP][PASSED] - if (i == 2 &amp;&amp; wildList.indexOf(symbol) != -1): null

2019-08-24 12:17:47 - [TEST_STEP][PASSED] - if (i == 3 &amp;&amp; wildList.indexOf(symbol) != -1): null

2019-08-24 12:17:47 - [TEST_STEP][PASSED] - if (i == 4 &amp;&amp; wildList.indexOf(symbol) != -1): null

2019-08-24 12:17:47 - [TEST_STEP][PASSED] - symbol = symbol: null

2019-08-24 12:17:47 - [TEST_STEP][PASSED] - println(symbol): null

2019-08-24 12:17:47 - [TEST_STEP][PASSED] - if (i == 2 &amp;&amp; wildList.indexOf(symbol) != -1): null

2019-08-24 12:17:47 - [TEST_STEP][PASSED] - if (i == 3 &amp;&amp; wildList.indexOf(symbol) != -1): null

2019-08-24 12:17:47 - [TEST_STEP][PASSED] - if (i == 4 &amp;&amp; wildList.indexOf(symbol) != -1): null

2019-08-24 12:17:47 - [TEST_STEP][PASSED] - free_spin_reel_counter = free_spin_reel_counter: null

2019-08-24 12:17:47 - [TEST_STEP][PASSED] - println("reel 3 wild found: " + free_spin_reel_counter[0]): null

2019-08-24 12:17:47 - [TEST_STEP][PASSED] - println("reel 4 wild found: " + free_spin_reel_counter[1]): null

2019-08-24 12:17:47 - [TEST_STEP][PASSED] - println("reel 5 wild found: " + free_spin_reel_counter[2]): null

2019-08-24 12:17:47 - [TEST_STEP][PASSED] - M4_spin_reels = M4_spin_reels: null

2019-08-24 12:17:47 - [TEST_STEP][PASSED] - M4_spin_reels_symbols = symbol: null

2019-08-24 12:17:47 - [TEST_STEP][PASSED] - M4_spin_reels_symbols = M4_spin_reels_symbols: null

2019-08-24 12:17:47 - [TEST_STEP][PASSED] - M4_spin_reel_wins = reel_wins: null

2019-08-24 12:17:47 - [TEST_STEP][PASSED] - M4_spin_reel_wins = M4_spin_reel_wins: null

2019-08-24 12:17:47 - [TEST_STEP][PASSED] - println("GlobalVariable.M4_spin_reel_wins is: " + M4_spin_reel_wins): null

2019-08-24 12:17:47 - [TEST_STEP][PASSED] - M4_spin_total_bonus_win_this_round = total_bonus_win_this_round: null

2019-08-24 12:17:47 - [TEST_STEP][PASSED] - M4_spin_total_bonus_win_this_round = M4_spin_total_bonus_win_this_round: null

2019-08-24 12:17:47 - [TEST_STEP][PASSED] - println("GlobalVariable.M4_spin_total_bonus_win_this_round is: " + M4_spin_total_bonus_win_this_round): null

2019-08-24 12:17:47 - [TEST_STEP][PASSED] - M4_spin_bonus_spin_result = spin_result: null

2019-08-24 12:17:47 - [TEST_STEP][PASSED] - M4_spin_bonus_spin_result = M4_spin_bonus_spin_result: null

2019-08-24 12:17:47 - [MESSAGE][PASSED] - Verify response successfully

2019-08-24 12:17:47 - [MESSAGE][PASSED] - Send request and verify the response successfully

2019-08-24 12:17:47 - [TEST_STEP][PASSED] - if (M4_total_bonus_spins_int != 0 &amp;&amp; M4_spin_reels_symbols[2].contains("WILD_ExtraFG") || M4_spin_reels_symbols[3].contains("WILD_ExtraFG")): null

2019-08-24 12:17:47 - [TEST_STEP][PASSED] - free_spin_reel_counter = free_spin_reel_counter: null

2019-08-24 12:17:47 - [TEST_STEP][PASSED] - M4_spin_reels_symbols = M4_spin_reels_symbols: null

2019-08-24 12:17:47 - [TEST_STEP][PASSED] - M4_total_bonus_spins = M4_total_bonus_spins: null

2019-08-24 12:17:47 - [TEST_STEP][PASSED] - spin_result = sendRequestAndVerify(findTestObject("INT/RGS(M4)/1_M4_spin", ["M4_login_user_id":M4_login_user_id, "rgs_session_token":rgs_session_token, "partner":Partner])): Send request and verify the response successfully

2019-08-24 12:17:48 - [MESSAGE][INFO] - HAR: /Users/eiralee/Katalon_Script/SuperWild/Reports/20190824_120919/INT/superWild_3/20190824_120919/requests/main/143.har

2019-08-24 12:17:48 - [TEST_CASE][PASSED] - Start Test Case : Verification: Verification accomplished successfully

2019-08-24 12:17:49 - [TEST_STEP][PASSED] - request = getInstance().getCurrentRequest(): null

2019-08-24 12:17:49 - [TEST_STEP][PASSED] - response = getInstance().getCurrentResponse(): null

2019-08-24 12:17:49 - [TEST_STEP][PASSED] - verifyResponseStatusCode(response, 200): Verify response status code successfully

2019-08-24 12:17:49 - [MESSAGE][PASSED] - Verify response status code successfully

2019-08-24 12:17:49 - [TEST_STEP][PASSED] - getStatusCode()).isEqualTo(200): null

2019-08-24 12:17:49 - [TEST_STEP][PASSED] - newline = System.getProperty("line.separator"): null

2019-08-24 12:17:49 - [TEST_STEP][PASSED] - M4_spin = new groovy.json.JsonSlurper(): null

2019-08-24 12:17:49 - [TEST_STEP][PASSED] - result_M4_spin = M4_spin.parseText(response.getResponseBodyContent()): null

2019-08-24 12:17:49 - [TEST_STEP][PASSED] - M4_spin_current_balance = current_balance: null

2019-08-24 12:17:49 - [TEST_STEP][PASSED] - M4_spin_current_balance = M4_spin_current_balance: null

2019-08-24 12:17:49 - [TEST_STEP][PASSED] - M4_spin_transaction_id = causality: null

2019-08-24 12:17:49 - [TEST_STEP][PASSED] - M4_spin_transaction_id = M4_spin_transaction_id: null

2019-08-24 12:17:49 - [TEST_STEP][PASSED] - M4_spin_round_id = round_id: null

2019-08-24 12:17:49 - [TEST_STEP][PASSED] - M4_spin_round_id = M4_spin_round_id: null

2019-08-24 12:17:49 - [TEST_STEP][PASSED] - M4_spin_line_wins = line_wins: null

2019-08-24 12:17:49 - [TEST_STEP][PASSED] - M4_spin_line_wins = M4_spin_line_wins: null

2019-08-24 12:17:49 - [TEST_STEP][PASSED] - M4_total_bonus_spins_int = total_bonus_spins: null

2019-08-24 12:17:49 - [TEST_STEP][PASSED] - println("******M4_total_bonus_spins type is:*******" + newline + getClass().getName()): null

2019-08-24 12:17:49 - [TEST_STEP][PASSED] - M4_total_bonus_spins_int = M4_total_bonus_spins_int: null

2019-08-24 12:17:49 - [TEST_STEP][PASSED] - M4_total_bonus_spins = Integer.toString(M4_total_bonus_spins_int): null

2019-08-24 12:17:49 - [TEST_STEP][PASSED] - M4_total_bonus_spins = M4_total_bonus_spins: null

2019-08-24 12:17:49 - [TEST_STEP][PASSED] - println("M4_total_bonus_spins is:" + M4_total_bonus_spins): null

2019-08-24 12:17:49 - [TEST_STEP][PASSED] - M4_spin_bonus_data = bonus_data: null

2019-08-24 12:17:49 - [TEST_STEP][PASSED] - M4_spin_features_triggered = result_M4_spin: null

2019-08-24 12:17:49 - [TEST_STEP][PASSED] - wild = []: null

2019-08-24 12:17:49 - [TEST_STEP][PASSED] - wild[0] = "WILD_Expanding": null

2019-08-24 12:17:49 - [TEST_STEP][PASSED] - wild[1] = "WILD_Normal": null

2019-08-24 12:17:49 - [TEST_STEP][PASSED] - wild[2] = "WILD_Double": null

2019-08-24 12:17:49 - [TEST_STEP][PASSED] - wild[3] = "WILD_ExtraFG": null

2019-08-24 12:17:49 - [TEST_STEP][PASSED] - wild[4] = "WILD_Triple": null

2019-08-24 12:17:49 - [TEST_STEP][PASSED] - wildList = Arrays.asList(wild): null

2019-08-24 12:17:49 - [TEST_STEP][PASSED] - wildList = wildList: null

2019-08-24 12:17:49 - [TEST_STEP][PASSED] - free_spin_reel_counter = []: null

2019-08-24 12:17:49 - [TEST_STEP][PASSED] - free_spin_reel_counter[0] = 0: null

2019-08-24 12:17:49 - [TEST_STEP][PASSED] - free_spin_reel_counter[1] = 0: null

2019-08-24 12:17:49 - [TEST_STEP][PASSED] - free_spin_reel_counter[2] = 0: null

2019-08-24 12:17:49 - [TEST_STEP][PASSED] - M4_spin_reels = reels: null

2019-08-24 12:17:49 - [TEST_STEP][PASSED] - for ([i = 0, i &lt; M4_spin_reels.size(), (i++)]): null

2019-08-24 12:17:49 - [TEST_STEP][PASSED] - symbols = symbols: null

2019-08-24 12:17:49 - [TEST_STEP][PASSED] - for ([j = 0, j &lt; symbols.size(), (j++)]): null

2019-08-24 12:17:49 - [TEST_STEP][PASSED] - symbol = symbol: null

2019-08-24 12:17:49 - [TEST_STEP][PASSED] - println(symbol): null

2019-08-24 12:17:49 - [TEST_STEP][PASSED] - if (i == 2 &amp;&amp; wildList.indexOf(symbol) != -1): null

2019-08-24 12:17:49 - [TEST_STEP][PASSED] - if (i == 3 &amp;&amp; wildList.indexOf(symbol) != -1): null

2019-08-24 12:17:49 - [TEST_STEP][PASSED] - if (i == 4 &amp;&amp; wildList.indexOf(symbol) != -1): null

2019-08-24 12:17:49 - [TEST_STEP][PASSED] - symbol = symbol: null

2019-08-24 12:17:49 - [TEST_STEP][PASSED] - println(symbol): null

2019-08-24 12:17:49 - [TEST_STEP][PASSED] - if (i == 2 &amp;&amp; wildList.indexOf(symbol) != -1): null

2019-08-24 12:17:49 - [TEST_STEP][PASSED] - if (i == 3 &amp;&amp; wildList.indexOf(symbol) != -1): null

2019-08-24 12:17:49 - [TEST_STEP][PASSED] - if (i == 4 &amp;&amp; wildList.indexOf(symbol) != -1): null

2019-08-24 12:17:49 - [TEST_STEP][PASSED] - symbol = symbol: null

2019-08-24 12:17:49 - [TEST_STEP][PASSED] - println(symbol): null

2019-08-24 12:17:49 - [TEST_STEP][PASSED] - if (i == 2 &amp;&amp; wildList.indexOf(symbol) != -1): null

2019-08-24 12:17:49 - [TEST_STEP][PASSED] - if (i == 3 &amp;&amp; wildList.indexOf(symbol) != -1): null

2019-08-24 12:17:49 - [TEST_STEP][PASSED] - if (i == 4 &amp;&amp; wildList.indexOf(symbol) != -1): null

2019-08-24 12:17:49 - [TEST_STEP][PASSED] - symbols = symbols: null

2019-08-24 12:17:49 - [TEST_STEP][PASSED] - for ([j = 0, j &lt; symbols.size(), (j++)]): null

2019-08-24 12:17:49 - [TEST_STEP][PASSED] - symbol = symbol: null

2019-08-24 12:17:49 - [TEST_STEP][PASSED] - println(symbol): null

2019-08-24 12:17:49 - [TEST_STEP][PASSED] - if (i == 2 &amp;&amp; wildList.indexOf(symbol) != -1): null

2019-08-24 12:17:49 - [TEST_STEP][PASSED] - if (i == 3 &amp;&amp; wildList.indexOf(symbol) != -1): null

2019-08-24 12:17:49 - [TEST_STEP][PASSED] - if (i == 4 &amp;&amp; wildList.indexOf(symbol) != -1): null

2019-08-24 12:17:49 - [TEST_STEP][PASSED] - symbol = symbol: null

2019-08-24 12:17:49 - [TEST_STEP][PASSED] - println(symbol): null

2019-08-24 12:17:49 - [TEST_STEP][PASSED] - if (i == 2 &amp;&amp; wildList.indexOf(symbol) != -1): null

2019-08-24 12:17:49 - [TEST_STEP][PASSED] - if (i == 3 &amp;&amp; wildList.indexOf(symbol) != -1): null

2019-08-24 12:17:49 - [TEST_STEP][PASSED] - if (i == 4 &amp;&amp; wildList.indexOf(symbol) != -1): null

2019-08-24 12:17:49 - [TEST_STEP][PASSED] - symbol = symbol: null

2019-08-24 12:17:49 - [TEST_STEP][PASSED] - println(symbol): null

2019-08-24 12:17:49 - [TEST_STEP][PASSED] - if (i == 2 &amp;&amp; wildList.indexOf(symbol) != -1): null

2019-08-24 12:17:49 - [TEST_STEP][PASSED] - if (i == 3 &amp;&amp; wildList.indexOf(symbol) != -1): null

2019-08-24 12:17:49 - [TEST_STEP][PASSED] - if (i == 4 &amp;&amp; wildList.indexOf(symbol) != -1): null

2019-08-24 12:17:49 - [TEST_STEP][PASSED] - symbols = symbols: null

2019-08-24 12:17:49 - [TEST_STEP][PASSED] - for ([j = 0, j &lt; symbols.size(), (j++)]): null

2019-08-24 12:17:49 - [TEST_STEP][PASSED] - symbol = symbol: null

2019-08-24 12:17:49 - [TEST_STEP][PASSED] - println(symbol): null

2019-08-24 12:17:49 - [TEST_STEP][PASSED] - if (i == 2 &amp;&amp; wildList.indexOf(symbol) != -1): null

2019-08-24 12:17:49 - [TEST_STEP][PASSED] - println("wild found on reel 3, adding counter by 1"): null

2019-08-24 12:17:49 - [TEST_STEP][PASSED] - free_spin_reel_counter[0] = free_spin_reel_counter[0] + 1: null

2019-08-24 12:17:49 - [TEST_STEP][PASSED] - if (i == 3 &amp;&amp; wildList.indexOf(symbol) != -1): null

2019-08-24 12:17:49 - [TEST_STEP][PASSED] - if (i == 4 &amp;&amp; wildList.indexOf(symbol) != -1): null

2019-08-24 12:17:49 - [TEST_STEP][PASSED] - symbol = symbol: null

2019-08-24 12:17:49 - [TEST_STEP][PASSED] - println(symbol): null

2019-08-24 12:17:49 - [TEST_STEP][PASSED] - if (i == 2 &amp;&amp; wildList.indexOf(symbol) != -1): null

2019-08-24 12:17:49 - [TEST_STEP][PASSED] - if (i == 3 &amp;&amp; wildList.indexOf(symbol) != -1): null

2019-08-24 12:17:49 - [TEST_STEP][PASSED] - if (i == 4 &amp;&amp; wildList.indexOf(symbol) != -1): null

2019-08-24 12:17:49 - [TEST_STEP][PASSED] - symbol = symbol: null

2019-08-24 12:17:49 - [TEST_STEP][PASSED] - println(symbol): null

2019-08-24 12:17:49 - [TEST_STEP][PASSED] - if (i == 2 &amp;&amp; wildList.indexOf(symbol) != -1): null

2019-08-24 12:17:49 - [TEST_STEP][PASSED] - if (i == 3 &amp;&amp; wildList.indexOf(symbol) != -1): null

2019-08-24 12:17:49 - [TEST_STEP][PASSED] - if (i == 4 &amp;&amp; wildList.indexOf(symbol) != -1): null

2019-08-24 12:17:49 - [TEST_STEP][PASSED] - symbols = symbols: null

2019-08-24 12:17:49 - [TEST_STEP][PASSED] - for ([j = 0, j &lt; symbols.size(), (j++)]): null

2019-08-24 12:17:49 - [TEST_STEP][PASSED] - symbol = symbol: null

2019-08-24 12:17:49 - [TEST_STEP][PASSED] - println(symbol): null

2019-08-24 12:17:49 - [TEST_STEP][PASSED] - if (i == 2 &amp;&amp; wildList.indexOf(symbol) != -1): null

2019-08-24 12:17:49 - [TEST_STEP][PASSED] - if (i == 3 &amp;&amp; wildList.indexOf(symbol) != -1): null

2019-08-24 12:17:49 - [TEST_STEP][PASSED] - if (i == 4 &amp;&amp; wildList.indexOf(symbol) != -1): null

2019-08-24 12:17:49 - [TEST_STEP][PASSED] - symbol = symbol: null

2019-08-24 12:17:49 - [TEST_STEP][PASSED] - println(symbol): null

2019-08-24 12:17:49 - [TEST_STEP][PASSED] - if (i == 2 &amp;&amp; wildList.indexOf(symbol) != -1): null

2019-08-24 12:17:49 - [TEST_STEP][PASSED] - if (i == 3 &amp;&amp; wildList.indexOf(symbol) != -1): null

2019-08-24 12:17:49 - [TEST_STEP][PASSED] - if (i == 4 &amp;&amp; wildList.indexOf(symbol) != -1): null

2019-08-24 12:17:49 - [TEST_STEP][PASSED] - symbol = symbol: null

2019-08-24 12:17:49 - [TEST_STEP][PASSED] - println(symbol): null

2019-08-24 12:17:49 - [TEST_STEP][PASSED] - if (i == 2 &amp;&amp; wildList.indexOf(symbol) != -1): null

2019-08-24 12:17:49 - [TEST_STEP][PASSED] - if (i == 3 &amp;&amp; wildList.indexOf(symbol) != -1): null

2019-08-24 12:17:49 - [TEST_STEP][PASSED] - if (i == 4 &amp;&amp; wildList.indexOf(symbol) != -1): null

2019-08-24 12:17:49 - [TEST_STEP][PASSED] - symbols = symbols: null

2019-08-24 12:17:49 - [TEST_STEP][PASSED] - for ([j = 0, j &lt; symbols.size(), (j++)]): null

2019-08-24 12:17:49 - [TEST_STEP][PASSED] - symbol = symbol: null

2019-08-24 12:17:49 - [TEST_STEP][PASSED] - println(symbol): null

2019-08-24 12:17:49 - [TEST_STEP][PASSED] - if (i == 2 &amp;&amp; wildList.indexOf(symbol) != -1): null

2019-08-24 12:17:49 - [TEST_STEP][PASSED] - if (i == 3 &amp;&amp; wildList.indexOf(symbol) != -1): null

2019-08-24 12:17:49 - [TEST_STEP][PASSED] - if (i == 4 &amp;&amp; wildList.indexOf(symbol) != -1): null

2019-08-24 12:17:49 - [TEST_STEP][PASSED] - symbol = symbol: null

2019-08-24 12:17:49 - [TEST_STEP][PASSED] - println(symbol): null

2019-08-24 12:17:49 - [TEST_STEP][PASSED] - if (i == 2 &amp;&amp; wildList.indexOf(symbol) != -1): null

2019-08-24 12:17:49 - [TEST_STEP][PASSED] - if (i == 3 &amp;&amp; wildList.indexOf(symbol) != -1): null

2019-08-24 12:17:49 - [TEST_STEP][PASSED] - if (i == 4 &amp;&amp; wildList.indexOf(symbol) != -1): null

2019-08-24 12:17:49 - [TEST_STEP][PASSED] - symbol = symbol: null

2019-08-24 12:17:49 - [TEST_STEP][PASSED] - println(symbol): null

2019-08-24 12:17:49 - [TEST_STEP][PASSED] - if (i == 2 &amp;&amp; wildList.indexOf(symbol) != -1): null

2019-08-24 12:17:52 - [TEST_STEP][PASSED] - if (i == 3 &amp;&amp; wildList.indexOf(symbol) != -1): null

2019-08-24 12:17:52 - [TEST_STEP][PASSED] - if (i == 4 &amp;&amp; wildList.indexOf(symbol) != -1): null

2019-08-24 12:17:52 - [TEST_STEP][PASSED] - free_spin_reel_counter = free_spin_reel_counter: null

2019-08-24 12:17:52 - [TEST_STEP][PASSED] - println("reel 3 wild found: " + free_spin_reel_counter[0]): null

2019-08-24 12:17:52 - [TEST_STEP][PASSED] - println("reel 4 wild found: " + free_spin_reel_counter[1]): null

2019-08-24 12:17:52 - [TEST_STEP][PASSED] - println("reel 5 wild found: " + free_spin_reel_counter[2]): null

2019-08-24 12:17:52 - [TEST_STEP][PASSED] - M4_spin_reels = M4_spin_reels: null

2019-08-24 12:17:52 - [TEST_STEP][PASSED] - M4_spin_reels_symbols = symbol: null

2019-08-24 12:17:52 - [TEST_STEP][PASSED] - M4_spin_reels_symbols = M4_spin_reels_symbols: null

2019-08-24 12:17:55 - [TEST_STEP][PASSED] - M4_spin_reel_wins = reel_wins: null

2019-08-24 12:17:55 - [TEST_STEP][PASSED] - M4_spin_reel_wins = M4_spin_reel_wins: null

2019-08-24 12:17:55 - [TEST_STEP][PASSED] - println("GlobalVariable.M4_spin_reel_wins is: " + M4_spin_reel_wins): null

2019-08-24 12:17:55 - [TEST_STEP][PASSED] - M4_spin_total_bonus_win_this_round = total_bonus_win_this_round: null

2019-08-24 12:17:55 - [TEST_STEP][PASSED] - M4_spin_total_bonus_win_this_round = M4_spin_total_bonus_win_this_round: null

2019-08-24 12:17:55 - [TEST_STEP][PASSED] - println("GlobalVariable.M4_spin_total_bonus_win_this_round is: " + M4_spin_total_bonus_win_this_round): null

2019-08-24 12:17:55 - [TEST_STEP][PASSED] - M4_spin_bonus_spin_result = spin_result: null

2019-08-24 12:17:55 - [TEST_STEP][PASSED] - M4_spin_bonus_spin_result = M4_spin_bonus_spin_result: null

2019-08-24 12:17:55 - [MESSAGE][PASSED] - Verify response successfully

2019-08-24 12:17:55 - [MESSAGE][PASSED] - Send request and verify the response successfully

2019-08-24 12:17:55 - [TEST_STEP][PASSED] - if (M4_total_bonus_spins_int != 0 &amp;&amp; M4_spin_reels_symbols[2].contains("WILD_ExtraFG") || M4_spin_reels_symbols[3].contains("WILD_ExtraFG")): null

2019-08-24 12:17:55 - [TEST_STEP][PASSED] - free_spin_reel_counter = free_spin_reel_counter: null

2019-08-24 12:17:55 - [TEST_STEP][PASSED] - M4_spin_reels_symbols = M4_spin_reels_symbols: null

2019-08-24 12:17:55 - [TEST_STEP][PASSED] - M4_total_bonus_spins = M4_total_bonus_spins: null

2019-08-24 12:17:55 - [TEST_STEP][PASSED] - spin_result = sendRequestAndVerify(findTestObject("INT/RGS(M4)/1_M4_spin", ["M4_login_user_id":M4_login_user_id, "rgs_session_token":rgs_session_token, "partner":Partner])): Send request and verify the response successfully

2019-08-24 12:17:55 - [MESSAGE][INFO] - HAR: /Users/eiralee/Katalon_Script/SuperWild/Reports/20190824_120919/INT/superWild_3/20190824_120919/requests/main/144.har

2019-08-24 12:17:55 - [TEST_CASE][PASSED] - Start Test Case : Verification: Verification accomplished successfully

2019-08-24 12:17:55 - [TEST_STEP][PASSED] - request = getInstance().getCurrentRequest(): null

2019-08-24 12:17:55 - [TEST_STEP][PASSED] - response = getInstance().getCurrentResponse(): null

2019-08-24 12:17:55 - [TEST_STEP][PASSED] - verifyResponseStatusCode(response, 200): Verify response status code successfully

2019-08-24 12:17:55 - [MESSAGE][PASSED] - Verify response status code successfully

2019-08-24 12:17:55 - [TEST_STEP][PASSED] - getStatusCode()).isEqualTo(200): null

2019-08-24 12:17:55 - [TEST_STEP][PASSED] - newline = System.getProperty("line.separator"): null

2019-08-24 12:17:55 - [TEST_STEP][PASSED] - M4_spin = new groovy.json.JsonSlurper(): null

2019-08-24 12:17:55 - [TEST_STEP][PASSED] - result_M4_spin = M4_spin.parseText(response.getResponseBodyContent()): null

2019-08-24 12:17:55 - [TEST_STEP][PASSED] - M4_spin_current_balance = current_balance: null

2019-08-24 12:17:55 - [TEST_STEP][PASSED] - M4_spin_current_balance = M4_spin_current_balance: null

2019-08-24 12:17:55 - [TEST_STEP][PASSED] - M4_spin_transaction_id = causality: null

2019-08-24 12:17:55 - [TEST_STEP][PASSED] - M4_spin_transaction_id = M4_spin_transaction_id: null

2019-08-24 12:17:55 - [TEST_STEP][PASSED] - M4_spin_round_id = round_id: null

2019-08-24 12:17:55 - [TEST_STEP][PASSED] - M4_spin_round_id = M4_spin_round_id: null

2019-08-24 12:17:55 - [TEST_STEP][PASSED] - M4_spin_line_wins = line_wins: null

2019-08-24 12:17:55 - [TEST_STEP][PASSED] - M4_spin_line_wins = M4_spin_line_wins: null

2019-08-24 12:17:55 - [TEST_STEP][PASSED] - M4_total_bonus_spins_int = total_bonus_spins: null

2019-08-24 12:17:55 - [TEST_STEP][PASSED] - println("******M4_total_bonus_spins type is:*******" + newline + getClass().getName()): null

2019-08-24 12:17:55 - [TEST_STEP][PASSED] - M4_total_bonus_spins_int = M4_total_bonus_spins_int: null

2019-08-24 12:17:56 - [TEST_STEP][PASSED] - M4_total_bonus_spins = Integer.toString(M4_total_bonus_spins_int): null

2019-08-24 12:17:56 - [TEST_STEP][PASSED] - M4_total_bonus_spins = M4_total_bonus_spins: null

2019-08-24 12:17:56 - [TEST_STEP][PASSED] - println("M4_total_bonus_spins is:" + M4_total_bonus_spins): null

2019-08-24 12:17:56 - [TEST_STEP][PASSED] - M4_spin_bonus_data = bonus_data: null

2019-08-24 12:17:56 - [TEST_STEP][PASSED] - M4_spin_features_triggered = result_M4_spin: null

2019-08-24 12:17:56 - [TEST_STEP][PASSED] - wild = []: null

2019-08-24 12:17:56 - [TEST_STEP][PASSED] - wild[0] = "WILD_Expanding": null

2019-08-24 12:17:56 - [TEST_STEP][PASSED] - wild[1] = "WILD_Normal": null

2019-08-24 12:17:56 - [TEST_STEP][PASSED] - wild[2] = "WILD_Double": null

2019-08-24 12:17:56 - [TEST_STEP][PASSED] - wild[3] = "WILD_ExtraFG": null

2019-08-24 12:17:56 - [TEST_STEP][PASSED] - wild[4] = "WILD_Triple": null

2019-08-24 12:17:56 - [TEST_STEP][PASSED] - wildList = Arrays.asList(wild): null

2019-08-24 12:17:56 - [TEST_STEP][PASSED] - wildList = wildList: null

2019-08-24 12:17:56 - [TEST_STEP][PASSED] - free_spin_reel_counter = []: null

2019-08-24 12:17:56 - [TEST_STEP][PASSED] - free_spin_reel_counter[0] = 0: null

2019-08-24 12:17:56 - [TEST_STEP][PASSED] - free_spin_reel_counter[1] = 0: null

2019-08-24 12:17:56 - [TEST_STEP][PASSED] - free_spin_reel_counter[2] = 0: null

2019-08-24 12:17:56 - [TEST_STEP][PASSED] - M4_spin_reels = reels: null

2019-08-24 12:17:56 - [TEST_STEP][PASSED] - for ([i = 0, i &lt; M4_spin_reels.size(), (i++)]): null

2019-08-24 12:17:56 - [TEST_STEP][PASSED] - symbols = symbols: null

2019-08-24 12:17:56 - [TEST_STEP][PASSED] - for ([j = 0, j &lt; symbols.size(), (j++)]): null

2019-08-24 12:17:56 - [TEST_STEP][PASSED] - symbol = symbol: null

2019-08-24 12:17:56 - [TEST_STEP][PASSED] - println(symbol): null

2019-08-24 12:17:56 - [TEST_STEP][PASSED] - if (i == 2 &amp;&amp; wildList.indexOf(symbol) != -1): null

2019-08-24 12:17:56 - [TEST_STEP][PASSED] - if (i == 3 &amp;&amp; wildList.indexOf(symbol) != -1): null

2019-08-24 12:17:56 - [TEST_STEP][PASSED] - if (i == 4 &amp;&amp; wildList.indexOf(symbol) != -1): null

2019-08-24 12:17:56 - [TEST_STEP][PASSED] - symbol = symbol: null

2019-08-24 12:17:56 - [TEST_STEP][PASSED] - println(symbol): null

2019-08-24 12:17:56 - [TEST_STEP][PASSED] - if (i == 2 &amp;&amp; wildList.indexOf(symbol) != -1): null

2019-08-24 12:17:56 - [TEST_STEP][PASSED] - if (i == 3 &amp;&amp; wildList.indexOf(symbol) != -1): null

2019-08-24 12:17:56 - [TEST_STEP][PASSED] - if (i == 4 &amp;&amp; wildList.indexOf(symbol) != -1): null

2019-08-24 12:17:56 - [TEST_STEP][PASSED] - symbol = symbol: null

2019-08-24 12:17:56 - [TEST_STEP][PASSED] - println(symbol): null

2019-08-24 12:17:56 - [TEST_STEP][PASSED] - if (i == 2 &amp;&amp; wildList.indexOf(symbol) != -1): null

2019-08-24 12:17:56 - [TEST_STEP][PASSED] - if (i == 3 &amp;&amp; wildList.indexOf(symbol) != -1): null

2019-08-24 12:17:56 - [TEST_STEP][PASSED] - if (i == 4 &amp;&amp; wildList.indexOf(symbol) != -1): null

2019-08-24 12:17:56 - [TEST_STEP][PASSED] - symbols = symbols: null

2019-08-24 12:17:56 - [TEST_STEP][PASSED] - for ([j = 0, j &lt; symbols.size(), (j++)]): null

2019-08-24 12:17:56 - [TEST_STEP][PASSED] - symbol = symbol: null

2019-08-24 12:17:56 - [TEST_STEP][PASSED] - println(symbol): null

2019-08-24 12:17:56 - [TEST_STEP][PASSED] - if (i == 2 &amp;&amp; wildList.indexOf(symbol) != -1): null

2019-08-24 12:17:56 - [TEST_STEP][PASSED] - if (i == 3 &amp;&amp; wildList.indexOf(symbol) != -1): null

2019-08-24 12:17:56 - [TEST_STEP][PASSED] - if (i == 4 &amp;&amp; wildList.indexOf(symbol) != -1): null

2019-08-24 12:17:56 - [TEST_STEP][PASSED] - symbol = symbol: null

2019-08-24 12:17:56 - [TEST_STEP][PASSED] - println(symbol): null

2019-08-24 12:17:56 - [TEST_STEP][PASSED] - if (i == 2 &amp;&amp; wildList.indexOf(symbol) != -1): null

2019-08-24 12:17:56 - [TEST_STEP][PASSED] - if (i == 3 &amp;&amp; wildList.indexOf(symbol) != -1): null

2019-08-24 12:17:56 - [TEST_STEP][PASSED] - if (i == 4 &amp;&amp; wildList.indexOf(symbol) != -1): null

2019-08-24 12:17:56 - [TEST_STEP][PASSED] - symbol = symbol: null

2019-08-24 12:17:56 - [TEST_STEP][PASSED] - println(symbol): null

2019-08-24 12:17:56 - [TEST_STEP][PASSED] - if (i == 2 &amp;&amp; wildList.indexOf(symbol) != -1): null

2019-08-24 12:17:56 - [TEST_STEP][PASSED] - if (i == 3 &amp;&amp; wildList.indexOf(symbol) != -1): null

2019-08-24 12:17:56 - [TEST_STEP][PASSED] - if (i == 4 &amp;&amp; wildList.indexOf(symbol) != -1): null

2019-08-24 12:17:56 - [TEST_STEP][PASSED] - symbols = symbols: null

2019-08-24 12:17:56 - [TEST_STEP][PASSED] - for ([j = 0, j &lt; symbols.size(), (j++)]): null

2019-08-24 12:17:56 - [TEST_STEP][PASSED] - symbol = symbol: null

2019-08-24 12:17:56 - [TEST_STEP][PASSED] - println(symbol): null

2019-08-24 12:17:56 - [TEST_STEP][PASSED] - if (i == 2 &amp;&amp; wildList.indexOf(symbol) != -1): null

2019-08-24 12:17:56 - [TEST_STEP][PASSED] - if (i == 3 &amp;&amp; wildList.indexOf(symbol) != -1): null

2019-08-24 12:17:56 - [TEST_STEP][PASSED] - if (i == 4 &amp;&amp; wildList.indexOf(symbol) != -1): null

2019-08-24 12:17:56 - [TEST_STEP][PASSED] - symbol = symbol: null

2019-08-24 12:17:56 - [TEST_STEP][PASSED] - println(symbol): null

2019-08-24 12:17:56 - [TEST_STEP][PASSED] - if (i == 2 &amp;&amp; wildList.indexOf(symbol) != -1): null

2019-08-24 12:17:56 - [TEST_STEP][PASSED] - if (i == 3 &amp;&amp; wildList.indexOf(symbol) != -1): null

2019-08-24 12:17:56 - [TEST_STEP][PASSED] - if (i == 4 &amp;&amp; wildList.indexOf(symbol) != -1): null

2019-08-24 12:17:56 - [TEST_STEP][PASSED] - symbol = symbol: null

2019-08-24 12:17:56 - [TEST_STEP][PASSED] - println(symbol): null

2019-08-24 12:17:56 - [TEST_STEP][PASSED] - if (i == 2 &amp;&amp; wildList.indexOf(symbol) != -1): null

2019-08-24 12:17:56 - [TEST_STEP][PASSED] - if (i == 3 &amp;&amp; wildList.indexOf(symbol) != -1): null

2019-08-24 12:17:56 - [TEST_STEP][PASSED] - if (i == 4 &amp;&amp; wildList.indexOf(symbol) != -1): null

2019-08-24 12:17:56 - [TEST_STEP][PASSED] - symbols = symbols: null

2019-08-24 12:17:56 - [TEST_STEP][PASSED] - for ([j = 0, j &lt; symbols.size(), (j++)]): null

2019-08-24 12:17:56 - [TEST_STEP][PASSED] - symbol = symbol: null

2019-08-24 12:17:56 - [TEST_STEP][PASSED] - println(symbol): null

2019-08-24 12:17:56 - [TEST_STEP][PASSED] - if (i == 2 &amp;&amp; wildList.indexOf(symbol) != -1): null

2019-08-24 12:17:56 - [TEST_STEP][PASSED] - if (i == 3 &amp;&amp; wildList.indexOf(symbol) != -1): null

2019-08-24 12:17:56 - [TEST_STEP][PASSED] - if (i == 4 &amp;&amp; wildList.indexOf(symbol) != -1): null

2019-08-24 12:17:56 - [TEST_STEP][PASSED] - symbol = symbol: null

2019-08-24 12:17:56 - [TEST_STEP][PASSED] - println(symbol): null

2019-08-24 12:17:56 - [TEST_STEP][PASSED] - if (i == 2 &amp;&amp; wildList.indexOf(symbol) != -1): null

2019-08-24 12:17:56 - [TEST_STEP][PASSED] - if (i == 3 &amp;&amp; wildList.indexOf(symbol) != -1): null

2019-08-24 12:17:56 - [TEST_STEP][PASSED] - if (i == 4 &amp;&amp; wildList.indexOf(symbol) != -1): null

2019-08-24 12:17:56 - [TEST_STEP][PASSED] - symbol = symbol: null

2019-08-24 12:17:56 - [TEST_STEP][PASSED] - println(symbol): null

2019-08-24 12:17:56 - [TEST_STEP][PASSED] - if (i == 2 &amp;&amp; wildList.indexOf(symbol) != -1): null

2019-08-24 12:17:56 - [TEST_STEP][PASSED] - if (i == 3 &amp;&amp; wildList.indexOf(symbol) != -1): null

2019-08-24 12:17:56 - [TEST_STEP][PASSED] - println("wild found on reel 4, adding counter by 1"): null

2019-08-24 12:17:56 - [TEST_STEP][PASSED] - free_spin_reel_counter[1] = free_spin_reel_counter[1] + 1: null

2019-08-24 12:17:56 - [TEST_STEP][PASSED] - if (i == 4 &amp;&amp; wildList.indexOf(symbol) != -1): null

2019-08-24 12:17:56 - [TEST_STEP][PASSED] - symbols = symbols: null

2019-08-24 12:17:56 - [TEST_STEP][PASSED] - for ([j = 0, j &lt; symbols.size(), (j++)]): null

2019-08-24 12:17:56 - [TEST_STEP][PASSED] - symbol = symbol: null

2019-08-24 12:17:56 - [TEST_STEP][PASSED] - println(symbol): null

2019-08-24 12:17:56 - [TEST_STEP][PASSED] - if (i == 2 &amp;&amp; wildList.indexOf(symbol) != -1): null

2019-08-24 12:17:56 - [TEST_STEP][PASSED] - if (i == 3 &amp;&amp; wildList.indexOf(symbol) != -1): null

2019-08-24 12:17:56 - [TEST_STEP][PASSED] - if (i == 4 &amp;&amp; wildList.indexOf(symbol) != -1): null

2019-08-24 12:17:56 - [TEST_STEP][PASSED] - symbol = symbol: null

2019-08-24 12:17:56 - [TEST_STEP][PASSED] - println(symbol): null

2019-08-24 12:17:56 - [TEST_STEP][PASSED] - if (i == 2 &amp;&amp; wildList.indexOf(symbol) != -1): null

2019-08-24 12:17:56 - [TEST_STEP][PASSED] - if (i == 3 &amp;&amp; wildList.indexOf(symbol) != -1): null

2019-08-24 12:17:56 - [TEST_STEP][PASSED] - if (i == 4 &amp;&amp; wildList.indexOf(symbol) != -1): null

2019-08-24 12:17:56 - [TEST_STEP][PASSED] - symbol = symbol: null

2019-08-24 12:17:56 - [TEST_STEP][PASSED] - println(symbol): null

2019-08-24 12:17:56 - [TEST_STEP][PASSED] - if (i == 2 &amp;&amp; wildList.indexOf(symbol) != -1): null

2019-08-24 12:17:56 - [TEST_STEP][PASSED] - if (i == 3 &amp;&amp; wildList.indexOf(symbol) != -1): null

2019-08-24 12:17:56 - [TEST_STEP][PASSED] - if (i == 4 &amp;&amp; wildList.indexOf(symbol) != -1): null

2019-08-24 12:17:56 - [TEST_STEP][PASSED] - free_spin_reel_counter = free_spin_reel_counter: null

2019-08-24 12:17:56 - [TEST_STEP][PASSED] - println("reel 3 wild found: " + free_spin_reel_counter[0]): null

2019-08-24 12:17:56 - [TEST_STEP][PASSED] - println("reel 4 wild found: " + free_spin_reel_counter[1]): null

2019-08-24 12:17:56 - [TEST_STEP][PASSED] - println("reel 5 wild found: " + free_spin_reel_counter[2]): null

2019-08-24 12:17:56 - [TEST_STEP][PASSED] - M4_spin_reels = M4_spin_reels: null

2019-08-24 12:17:56 - [TEST_STEP][PASSED] - M4_spin_reels_symbols = symbol: null

2019-08-24 12:17:56 - [TEST_STEP][PASSED] - M4_spin_reels_symbols = M4_spin_reels_symbols: null

2019-08-24 12:17:56 - [TEST_STEP][PASSED] - M4_spin_reel_wins = reel_wins: null

2019-08-24 12:17:56 - [TEST_STEP][PASSED] - M4_spin_reel_wins = M4_spin_reel_wins: null

2019-08-24 12:17:56 - [TEST_STEP][PASSED] - println("GlobalVariable.M4_spin_reel_wins is: " + M4_spin_reel_wins): null

2019-08-24 12:17:56 - [TEST_STEP][PASSED] - M4_spin_total_bonus_win_this_round = total_bonus_win_this_round: null

2019-08-24 12:17:56 - [TEST_STEP][PASSED] - M4_spin_total_bonus_win_this_round = M4_spin_total_bonus_win_this_round: null

2019-08-24 12:17:56 - [TEST_STEP][PASSED] - println("GlobalVariable.M4_spin_total_bonus_win_this_round is: " + M4_spin_total_bonus_win_this_round): null

2019-08-24 12:17:56 - [TEST_STEP][PASSED] - M4_spin_bonus_spin_result = spin_result: null

2019-08-24 12:17:56 - [TEST_STEP][PASSED] - M4_spin_bonus_spin_result = M4_spin_bonus_spin_result: null

2019-08-24 12:17:56 - [MESSAGE][PASSED] - Verify response successfully

2019-08-24 12:17:56 - [MESSAGE][PASSED] - Send request and verify the response successfully

2019-08-24 12:17:56 - [TEST_STEP][PASSED] - if (M4_total_bonus_spins_int != 0 &amp;&amp; M4_spin_reels_symbols[2].contains("WILD_ExtraFG") || M4_spin_reels_symbols[3].contains("WILD_ExtraFG")): null

2019-08-24 12:17:56 - [TEST_STEP][PASSED] - free_spin_reel_counter = free_spin_reel_counter: null

2019-08-24 12:17:56 - [TEST_STEP][PASSED] - M4_spin_reels_symbols = M4_spin_reels_symbols: null

2019-08-24 12:17:56 - [TEST_STEP][PASSED] - M4_total_bonus_spins = M4_total_bonus_spins: null

2019-08-24 12:17:56 - [TEST_STEP][PASSED] - spin_result = sendRequestAndVerify(findTestObject("INT/RGS(M4)/1_M4_spin", ["M4_login_user_id":M4_login_user_id, "rgs_session_token":rgs_session_token, "partner":Partner])): Send request and verify the response successfully

2019-08-24 12:17:56 - [MESSAGE][INFO] - HAR: /Users/eiralee/Katalon_Script/SuperWild/Reports/20190824_120919/INT/superWild_3/20190824_120919/requests/main/145.har

2019-08-24 12:17:56 - [TEST_CASE][PASSED] - Start Test Case : Verification: Verification accomplished successfully

2019-08-24 12:17:56 - [TEST_STEP][PASSED] - request = getInstance().getCurrentRequest(): null

2019-08-24 12:17:56 - [TEST_STEP][PASSED] - response = getInstance().getCurrentResponse(): null

2019-08-24 12:17:56 - [TEST_STEP][PASSED] - verifyResponseStatusCode(response, 200): Verify response status code successfully

2019-08-24 12:17:56 - [MESSAGE][PASSED] - Verify response status code successfully

2019-08-24 12:17:56 - [TEST_STEP][PASSED] - getStatusCode()).isEqualTo(200): null

2019-08-24 12:17:56 - [TEST_STEP][PASSED] - newline = System.getProperty("line.separator"): null

2019-08-24 12:17:56 - [TEST_STEP][PASSED] - M4_spin = new groovy.json.JsonSlurper(): null

2019-08-24 12:17:56 - [TEST_STEP][PASSED] - result_M4_spin = M4_spin.parseText(response.getResponseBodyContent()): null

2019-08-24 12:17:56 - [TEST_STEP][PASSED] - M4_spin_current_balance = current_balance: null

2019-08-24 12:17:56 - [TEST_STEP][PASSED] - M4_spin_current_balance = M4_spin_current_balance: null

2019-08-24 12:17:56 - [TEST_STEP][PASSED] - M4_spin_transaction_id = causality: null

2019-08-24 12:17:56 - [TEST_STEP][PASSED] - M4_spin_transaction_id = M4_spin_transaction_id: null

2019-08-24 12:17:56 - [TEST_STEP][PASSED] - M4_spin_round_id = round_id: null

2019-08-24 12:17:56 - [TEST_STEP][PASSED] - M4_spin_round_id = M4_spin_round_id: null

2019-08-24 12:17:56 - [TEST_STEP][PASSED] - M4_spin_line_wins = line_wins: null

2019-08-24 12:17:56 - [TEST_STEP][PASSED] - M4_spin_line_wins = M4_spin_line_wins: null

2019-08-24 12:17:56 - [TEST_STEP][PASSED] - M4_total_bonus_spins_int = total_bonus_spins: null

2019-08-24 12:17:56 - [TEST_STEP][PASSED] - println("******M4_total_bonus_spins type is:*******" + newline + getClass().getName()): null

2019-08-24 12:17:56 - [TEST_STEP][PASSED] - M4_total_bonus_spins_int = M4_total_bonus_spins_int: null

2019-08-24 12:17:56 - [TEST_STEP][PASSED] - M4_total_bonus_spins = Integer.toString(M4_total_bonus_spins_int): null

2019-08-24 12:17:56 - [TEST_STEP][PASSED] - M4_total_bonus_spins = M4_total_bonus_spins: null

2019-08-24 12:17:56 - [TEST_STEP][PASSED] - println("M4_total_bonus_spins is:" + M4_total_bonus_spins): null

2019-08-24 12:17:56 - [TEST_STEP][PASSED] - M4_spin_bonus_data = bonus_data: null

2019-08-24 12:17:56 - [TEST_STEP][PASSED] - M4_spin_features_triggered = result_M4_spin: null

2019-08-24 12:17:56 - [TEST_STEP][PASSED] - wild = []: null

2019-08-24 12:17:56 - [TEST_STEP][PASSED] - wild[0] = "WILD_Expanding": null

2019-08-24 12:17:56 - [TEST_STEP][PASSED] - wild[1] = "WILD_Normal": null

2019-08-24 12:17:56 - [TEST_STEP][PASSED] - wild[2] = "WILD_Double": null

2019-08-24 12:17:56 - [TEST_STEP][PASSED] - wild[3] = "WILD_ExtraFG": null

2019-08-24 12:17:56 - [TEST_STEP][PASSED] - wild[4] = "WILD_Triple": null

2019-08-24 12:17:56 - [TEST_STEP][PASSED] - wildList = Arrays.asList(wild): null

2019-08-24 12:17:56 - [TEST_STEP][PASSED] - wildList = wildList: null

2019-08-24 12:17:56 - [TEST_STEP][PASSED] - free_spin_reel_counter = []: null

2019-08-24 12:17:56 - [TEST_STEP][PASSED] - free_spin_reel_counter[0] = 0: null

2019-08-24 12:17:56 - [TEST_STEP][PASSED] - free_spin_reel_counter[1] = 0: null

2019-08-24 12:17:56 - [TEST_STEP][PASSED] - free_spin_reel_counter[2] = 0: null

2019-08-24 12:17:56 - [TEST_STEP][PASSED] - M4_spin_reels = reels: null

2019-08-24 12:17:56 - [TEST_STEP][PASSED] - for ([i = 0, i &lt; M4_spin_reels.size(), (i++)]): null

2019-08-24 12:17:56 - [TEST_STEP][PASSED] - symbols = symbols: null

2019-08-24 12:17:56 - [TEST_STEP][PASSED] - for ([j = 0, j &lt; symbols.size(), (j++)]): null

2019-08-24 12:17:56 - [TEST_STEP][PASSED] - symbol = symbol: null

2019-08-24 12:17:56 - [TEST_STEP][PASSED] - println(symbol): null

2019-08-24 12:17:56 - [TEST_STEP][PASSED] - if (i == 2 &amp;&amp; wildList.indexOf(symbol) != -1): null

2019-08-24 12:17:56 - [TEST_STEP][PASSED] - if (i == 3 &amp;&amp; wildList.indexOf(symbol) != -1): null

2019-08-24 12:17:56 - [TEST_STEP][PASSED] - if (i == 4 &amp;&amp; wildList.indexOf(symbol) != -1): null

2019-08-24 12:17:56 - [TEST_STEP][PASSED] - symbol = symbol: null

2019-08-24 12:17:56 - [TEST_STEP][PASSED] - println(symbol): null

2019-08-24 12:17:56 - [TEST_STEP][PASSED] - if (i == 2 &amp;&amp; wildList.indexOf(symbol) != -1): null

2019-08-24 12:17:56 - [TEST_STEP][PASSED] - if (i == 3 &amp;&amp; wildList.indexOf(symbol) != -1): null

2019-08-24 12:17:56 - [TEST_STEP][PASSED] - if (i == 4 &amp;&amp; wildList.indexOf(symbol) != -1): null

2019-08-24 12:17:56 - [TEST_STEP][PASSED] - symbol = symbol: null

2019-08-24 12:17:56 - [TEST_STEP][PASSED] - println(symbol): null

2019-08-24 12:17:56 - [TEST_STEP][PASSED] - if (i == 2 &amp;&amp; wildList.indexOf(symbol) != -1): null

2019-08-24 12:17:56 - [TEST_STEP][PASSED] - if (i == 3 &amp;&amp; wildList.indexOf(symbol) != -1): null

2019-08-24 12:17:56 - [TEST_STEP][PASSED] - if (i == 4 &amp;&amp; wildList.indexOf(symbol) != -1): null

2019-08-24 12:17:56 - [TEST_STEP][PASSED] - symbols = symbols: null

2019-08-24 12:17:56 - [TEST_STEP][PASSED] - for ([j = 0, j &lt; symbols.size(), (j++)]): null

2019-08-24 12:17:56 - [TEST_STEP][PASSED] - symbol = symbol: null

2019-08-24 12:17:56 - [TEST_STEP][PASSED] - println(symbol): null

2019-08-24 12:17:56 - [TEST_STEP][PASSED] - if (i == 2 &amp;&amp; wildList.indexOf(symbol) != -1): null

2019-08-24 12:17:56 - [TEST_STEP][PASSED] - if (i == 3 &amp;&amp; wildList.indexOf(symbol) != -1): null

2019-08-24 12:17:56 - [TEST_STEP][PASSED] - if (i == 4 &amp;&amp; wildList.indexOf(symbol) != -1): null

2019-08-24 12:17:56 - [TEST_STEP][PASSED] - symbol = symbol: null

2019-08-24 12:17:56 - [TEST_STEP][PASSED] - println(symbol): null

2019-08-24 12:17:56 - [TEST_STEP][PASSED] - if (i == 2 &amp;&amp; wildList.indexOf(symbol) != -1): null

2019-08-24 12:17:56 - [TEST_STEP][PASSED] - if (i == 3 &amp;&amp; wildList.indexOf(symbol) != -1): null

2019-08-24 12:17:56 - [TEST_STEP][PASSED] - if (i == 4 &amp;&amp; wildList.indexOf(symbol) != -1): null

2019-08-24 12:17:56 - [TEST_STEP][PASSED] - symbol = symbol: null

2019-08-24 12:17:56 - [TEST_STEP][PASSED] - println(symbol): null

2019-08-24 12:17:56 - [TEST_STEP][PASSED] - if (i == 2 &amp;&amp; wildList.indexOf(symbol) != -1): null

2019-08-24 12:17:56 - [TEST_STEP][PASSED] - if (i == 3 &amp;&amp; wildList.indexOf(symbol) != -1): null

2019-08-24 12:17:56 - [TEST_STEP][PASSED] - if (i == 4 &amp;&amp; wildList.indexOf(symbol) != -1): null

2019-08-24 12:17:56 - [TEST_STEP][PASSED] - symbols = symbols: null

2019-08-24 12:17:56 - [TEST_STEP][PASSED] - for ([j = 0, j &lt; symbols.size(), (j++)]): null

2019-08-24 12:17:56 - [TEST_STEP][PASSED] - symbol = symbol: null

2019-08-24 12:17:56 - [TEST_STEP][PASSED] - println(symbol): null

2019-08-24 12:17:56 - [TEST_STEP][PASSED] - if (i == 2 &amp;&amp; wildList.indexOf(symbol) != -1): null

2019-08-24 12:17:56 - [TEST_STEP][PASSED] - println("wild found on reel 3, adding counter by 1"): null

2019-08-24 12:17:56 - [TEST_STEP][PASSED] - free_spin_reel_counter[0] = free_spin_reel_counter[0] + 1: null

2019-08-24 12:17:56 - [TEST_STEP][PASSED] - if (i == 3 &amp;&amp; wildList.indexOf(symbol) != -1): null

2019-08-24 12:17:56 - [TEST_STEP][PASSED] - if (i == 4 &amp;&amp; wildList.indexOf(symbol) != -1): null

2019-08-24 12:17:56 - [TEST_STEP][PASSED] - symbol = symbol: null

2019-08-24 12:17:56 - [TEST_STEP][PASSED] - println(symbol): null

2019-08-24 12:17:56 - [TEST_STEP][PASSED] - if (i == 2 &amp;&amp; wildList.indexOf(symbol) != -1): null

2019-08-24 12:17:56 - [TEST_STEP][PASSED] - if (i == 3 &amp;&amp; wildList.indexOf(symbol) != -1): null

2019-08-24 12:17:56 - [TEST_STEP][PASSED] - if (i == 4 &amp;&amp; wildList.indexOf(symbol) != -1): null

2019-08-24 12:17:56 - [TEST_STEP][PASSED] - symbol = symbol: null

2019-08-24 12:17:56 - [TEST_STEP][PASSED] - println(symbol): null

2019-08-24 12:17:56 - [TEST_STEP][PASSED] - if (i == 2 &amp;&amp; wildList.indexOf(symbol) != -1): null

2019-08-24 12:17:56 - [TEST_STEP][PASSED] - if (i == 3 &amp;&amp; wildList.indexOf(symbol) != -1): null

2019-08-24 12:17:56 - [TEST_STEP][PASSED] - if (i == 4 &amp;&amp; wildList.indexOf(symbol) != -1): null

2019-08-24 12:17:56 - [TEST_STEP][PASSED] - symbols = symbols: null

2019-08-24 12:17:56 - [TEST_STEP][PASSED] - for ([j = 0, j &lt; symbols.size(), (j++)]): null

2019-08-24 12:17:56 - [TEST_STEP][PASSED] - symbol = symbol: null

2019-08-24 12:17:56 - [TEST_STEP][PASSED] - println(symbol): null

2019-08-24 12:17:56 - [TEST_STEP][PASSED] - if (i == 2 &amp;&amp; wildList.indexOf(symbol) != -1): null

2019-08-24 12:17:56 - [TEST_STEP][PASSED] - if (i == 3 &amp;&amp; wildList.indexOf(symbol) != -1): null

2019-08-24 12:17:56 - [TEST_STEP][PASSED] - if (i == 4 &amp;&amp; wildList.indexOf(symbol) != -1): null

2019-08-24 12:17:56 - [TEST_STEP][PASSED] - symbol = symbol: null

2019-08-24 12:17:56 - [TEST_STEP][PASSED] - println(symbol): null

2019-08-24 12:17:56 - [TEST_STEP][PASSED] - if (i == 2 &amp;&amp; wildList.indexOf(symbol) != -1): null

2019-08-24 12:17:56 - [TEST_STEP][PASSED] - if (i == 3 &amp;&amp; wildList.indexOf(symbol) != -1): null

2019-08-24 12:17:56 - [TEST_STEP][PASSED] - if (i == 4 &amp;&amp; wildList.indexOf(symbol) != -1): null

2019-08-24 12:17:56 - [TEST_STEP][PASSED] - symbol = symbol: null

2019-08-24 12:17:56 - [TEST_STEP][PASSED] - println(symbol): null

2019-08-24 12:17:56 - [TEST_STEP][PASSED] - if (i == 2 &amp;&amp; wildList.indexOf(symbol) != -1): null

2019-08-24 12:17:56 - [TEST_STEP][PASSED] - if (i == 3 &amp;&amp; wildList.indexOf(symbol) != -1): null

2019-08-24 12:17:56 - [TEST_STEP][PASSED] - if (i == 4 &amp;&amp; wildList.indexOf(symbol) != -1): null

2019-08-24 12:17:56 - [TEST_STEP][PASSED] - symbols = symbols: null

2019-08-24 12:17:56 - [TEST_STEP][PASSED] - for ([j = 0, j &lt; symbols.size(), (j++)]): null

2019-08-24 12:17:56 - [TEST_STEP][PASSED] - symbol = symbol: null

2019-08-24 12:17:56 - [TEST_STEP][PASSED] - println(symbol): null

2019-08-24 12:17:56 - [TEST_STEP][PASSED] - if (i == 2 &amp;&amp; wildList.indexOf(symbol) != -1): null

2019-08-24 12:17:56 - [TEST_STEP][PASSED] - if (i == 3 &amp;&amp; wildList.indexOf(symbol) != -1): null

2019-08-24 12:17:56 - [TEST_STEP][PASSED] - if (i == 4 &amp;&amp; wildList.indexOf(symbol) != -1): null

2019-08-24 12:17:56 - [TEST_STEP][PASSED] - symbol = symbol: null

2019-08-24 12:17:56 - [TEST_STEP][PASSED] - println(symbol): null

2019-08-24 12:17:56 - [TEST_STEP][PASSED] - if (i == 2 &amp;&amp; wildList.indexOf(symbol) != -1): null

2019-08-24 12:17:56 - [TEST_STEP][PASSED] - if (i == 3 &amp;&amp; wildList.indexOf(symbol) != -1): null

2019-08-24 12:17:56 - [TEST_STEP][PASSED] - if (i == 4 &amp;&amp; wildList.indexOf(symbol) != -1): null

2019-08-24 12:17:56 - [TEST_STEP][PASSED] - symbol = symbol: null

2019-08-24 12:17:56 - [TEST_STEP][PASSED] - println(symbol): null

2019-08-24 12:17:56 - [TEST_STEP][PASSED] - if (i == 2 &amp;&amp; wildList.indexOf(symbol) != -1): null

2019-08-24 12:17:56 - [TEST_STEP][PASSED] - if (i == 3 &amp;&amp; wildList.indexOf(symbol) != -1): null

2019-08-24 12:17:56 - [TEST_STEP][PASSED] - if (i == 4 &amp;&amp; wildList.indexOf(symbol) != -1): null

2019-08-24 12:17:56 - [TEST_STEP][PASSED] - free_spin_reel_counter = free_spin_reel_counter: null

2019-08-24 12:17:56 - [TEST_STEP][PASSED] - println("reel 3 wild found: " + free_spin_reel_counter[0]): null

2019-08-24 12:17:56 - [TEST_STEP][PASSED] - println("reel 4 wild found: " + free_spin_reel_counter[1]): null

2019-08-24 12:17:56 - [TEST_STEP][PASSED] - println("reel 5 wild found: " + free_spin_reel_counter[2]): null

2019-08-24 12:17:56 - [TEST_STEP][PASSED] - M4_spin_reels = M4_spin_reels: null

2019-08-24 12:17:56 - [TEST_STEP][PASSED] - M4_spin_reels_symbols = symbol: null

2019-08-24 12:17:56 - [TEST_STEP][PASSED] - M4_spin_reels_symbols = M4_spin_reels_symbols: null

2019-08-24 12:17:56 - [TEST_STEP][PASSED] - M4_spin_reel_wins = reel_wins: null

2019-08-24 12:17:56 - [TEST_STEP][PASSED] - M4_spin_reel_wins = M4_spin_reel_wins: null

2019-08-24 12:17:56 - [TEST_STEP][PASSED] - println("GlobalVariable.M4_spin_reel_wins is: " + M4_spin_reel_wins): null

2019-08-24 12:17:56 - [TEST_STEP][PASSED] - M4_spin_total_bonus_win_this_round = total_bonus_win_this_round: null

2019-08-24 12:17:56 - [TEST_STEP][PASSED] - M4_spin_total_bonus_win_this_round = M4_spin_total_bonus_win_this_round: null

2019-08-24 12:17:56 - [TEST_STEP][PASSED] - println("GlobalVariable.M4_spin_total_bonus_win_this_round is: " + M4_spin_total_bonus_win_this_round): null

2019-08-24 12:17:56 - [TEST_STEP][PASSED] - M4_spin_bonus_spin_result = spin_result: null

2019-08-24 12:17:56 - [TEST_STEP][PASSED] - M4_spin_bonus_spin_result = M4_spin_bonus_spin_result: null

2019-08-24 12:17:56 - [MESSAGE][PASSED] - Verify response successfully

2019-08-24 12:17:56 - [MESSAGE][PASSED] - Send request and verify the response successfully

2019-08-24 12:17:56 - [TEST_STEP][PASSED] - if (M4_total_bonus_spins_int != 0 &amp;&amp; M4_spin_reels_symbols[2].contains("WILD_ExtraFG") || M4_spin_reels_symbols[3].contains("WILD_ExtraFG")): null

2019-08-24 12:17:56 - [TEST_STEP][PASSED] - free_spin_reel_counter = free_spin_reel_counter: null

2019-08-24 12:17:56 - [TEST_STEP][PASSED] - M4_spin_reels_symbols = M4_spin_reels_symbols: null

2019-08-24 12:17:56 - [TEST_STEP][PASSED] - M4_total_bonus_spins = M4_total_bonus_spins: null

2019-08-24 12:17:56 - [TEST_STEP][PASSED] - spin_result = sendRequestAndVerify(findTestObject("INT/RGS(M4)/1_M4_spin", ["M4_login_user_id":M4_login_user_id, "rgs_session_token":rgs_session_token, "partner":Partner])): Send request and verify the response successfully

2019-08-24 12:17:56 - [MESSAGE][INFO] - HAR: /Users/eiralee/Katalon_Script/SuperWild/Reports/20190824_120919/INT/superWild_3/20190824_120919/requests/main/146.har

2019-08-24 12:17:57 - [TEST_CASE][PASSED] - Start Test Case : Verification: Verification accomplished successfully

2019-08-24 12:17:57 - [TEST_STEP][PASSED] - request = getInstance().getCurrentRequest(): null

2019-08-24 12:17:57 - [TEST_STEP][PASSED] - response = getInstance().getCurrentResponse(): null

2019-08-24 12:17:57 - [TEST_STEP][PASSED] - verifyResponseStatusCode(response, 200): Verify response status code successfully

2019-08-24 12:17:57 - [MESSAGE][PASSED] - Verify response status code successfully

2019-08-24 12:17:57 - [TEST_STEP][PASSED] - getStatusCode()).isEqualTo(200): null

2019-08-24 12:17:57 - [TEST_STEP][PASSED] - newline = System.getProperty("line.separator"): null

2019-08-24 12:17:57 - [TEST_STEP][PASSED] - M4_spin = new groovy.json.JsonSlurper(): null

2019-08-24 12:17:57 - [TEST_STEP][PASSED] - result_M4_spin = M4_spin.parseText(response.getResponseBodyContent()): null

2019-08-24 12:18:00 - [TEST_STEP][PASSED] - M4_spin_current_balance = current_balance: null

2019-08-24 12:18:00 - [TEST_STEP][PASSED] - M4_spin_current_balance = M4_spin_current_balance: null

2019-08-24 12:18:00 - [TEST_STEP][PASSED] - M4_spin_transaction_id = causality: null

2019-08-24 12:18:00 - [TEST_STEP][PASSED] - M4_spin_transaction_id = M4_spin_transaction_id: null

2019-08-24 12:18:00 - [TEST_STEP][PASSED] - M4_spin_round_id = round_id: null

2019-08-24 12:18:00 - [TEST_STEP][PASSED] - M4_spin_round_id = M4_spin_round_id: null

2019-08-24 12:18:00 - [TEST_STEP][PASSED] - M4_spin_line_wins = line_wins: null

2019-08-24 12:18:00 - [TEST_STEP][PASSED] - M4_spin_line_wins = M4_spin_line_wins: null

2019-08-24 12:18:00 - [TEST_STEP][PASSED] - M4_total_bonus_spins_int = total_bonus_spins: null

2019-08-24 12:18:00 - [TEST_STEP][PASSED] - println("******M4_total_bonus_spins type is:*******" + newline + getClass().getName()): null

2019-08-24 12:18:00 - [TEST_STEP][PASSED] - M4_total_bonus_spins_int = M4_total_bonus_spins_int: null

2019-08-24 12:18:03 - [TEST_STEP][PASSED] - M4_total_bonus_spins = Integer.toString(M4_total_bonus_spins_int): null

2019-08-24 12:18:03 - [TEST_STEP][PASSED] - M4_total_bonus_spins = M4_total_bonus_spins: null

2019-08-24 12:18:03 - [TEST_STEP][PASSED] - println("M4_total_bonus_spins is:" + M4_total_bonus_spins): null

2019-08-24 12:18:03 - [TEST_STEP][PASSED] - M4_spin_bonus_data = bonus_data: null

2019-08-24 12:18:03 - [TEST_STEP][PASSED] - M4_spin_features_triggered = result_M4_spin: null

2019-08-24 12:18:03 - [TEST_STEP][PASSED] - wild = []: null

2019-08-24 12:18:03 - [TEST_STEP][PASSED] - wild[0] = "WILD_Expanding": null

2019-08-24 12:18:03 - [TEST_STEP][PASSED] - wild[1] = "WILD_Normal": null

2019-08-24 12:18:03 - [TEST_STEP][PASSED] - wild[2] = "WILD_Double": null

2019-08-24 12:18:03 - [TEST_STEP][PASSED] - wild[3] = "WILD_ExtraFG": null

2019-08-24 12:18:03 - [TEST_STEP][PASSED] - wild[4] = "WILD_Triple": null

2019-08-24 12:18:03 - [TEST_STEP][PASSED] - wildList = Arrays.asList(wild): null

2019-08-24 12:18:03 - [TEST_STEP][PASSED] - wildList = wildList: null

2019-08-24 12:18:03 - [TEST_STEP][PASSED] - free_spin_reel_counter = []: null

2019-08-24 12:18:03 - [TEST_STEP][PASSED] - free_spin_reel_counter[0] = 0: null

2019-08-24 12:18:03 - [TEST_STEP][PASSED] - free_spin_reel_counter[1] = 0: null

2019-08-24 12:18:03 - [TEST_STEP][PASSED] - free_spin_reel_counter[2] = 0: null

2019-08-24 12:18:03 - [TEST_STEP][PASSED] - M4_spin_reels = reels: null

2019-08-24 12:18:03 - [TEST_STEP][PASSED] - for ([i = 0, i &lt; M4_spin_reels.size(), (i++)]): null

2019-08-24 12:18:03 - [TEST_STEP][PASSED] - symbols = symbols: null

2019-08-24 12:18:03 - [TEST_STEP][PASSED] - for ([j = 0, j &lt; symbols.size(), (j++)]): null

2019-08-24 12:18:03 - [TEST_STEP][PASSED] - symbol = symbol: null

2019-08-24 12:18:03 - [TEST_STEP][PASSED] - println(symbol): null

2019-08-24 12:18:03 - [TEST_STEP][PASSED] - if (i == 2 &amp;&amp; wildList.indexOf(symbol) != -1): null

2019-08-24 12:18:03 - [TEST_STEP][PASSED] - if (i == 3 &amp;&amp; wildList.indexOf(symbol) != -1): null

2019-08-24 12:18:03 - [TEST_STEP][PASSED] - if (i == 4 &amp;&amp; wildList.indexOf(symbol) != -1): null

2019-08-24 12:18:03 - [TEST_STEP][PASSED] - symbol = symbol: null

2019-08-24 12:18:03 - [TEST_STEP][PASSED] - println(symbol): null

2019-08-24 12:18:03 - [TEST_STEP][PASSED] - if (i == 2 &amp;&amp; wildList.indexOf(symbol) != -1): null

2019-08-24 12:18:03 - [TEST_STEP][PASSED] - if (i == 3 &amp;&amp; wildList.indexOf(symbol) != -1): null

2019-08-24 12:18:03 - [TEST_STEP][PASSED] - if (i == 4 &amp;&amp; wildList.indexOf(symbol) != -1): null

2019-08-24 12:18:03 - [TEST_STEP][PASSED] - symbol = symbol: null

2019-08-24 12:18:03 - [TEST_STEP][PASSED] - println(symbol): null

2019-08-24 12:18:03 - [TEST_STEP][PASSED] - if (i == 2 &amp;&amp; wildList.indexOf(symbol) != -1): null

2019-08-24 12:18:03 - [TEST_STEP][PASSED] - if (i == 3 &amp;&amp; wildList.indexOf(symbol) != -1): null

2019-08-24 12:18:03 - [TEST_STEP][PASSED] - if (i == 4 &amp;&amp; wildList.indexOf(symbol) != -1): null

2019-08-24 12:18:03 - [TEST_STEP][PASSED] - symbols = symbols: null

2019-08-24 12:18:03 - [TEST_STEP][PASSED] - for ([j = 0, j &lt; symbols.size(), (j++)]): null

2019-08-24 12:18:03 - [TEST_STEP][PASSED] - symbol = symbol: null

2019-08-24 12:18:03 - [TEST_STEP][PASSED] - println(symbol): null

2019-08-24 12:18:03 - [TEST_STEP][PASSED] - if (i == 2 &amp;&amp; wildList.indexOf(symbol) != -1): null

2019-08-24 12:18:03 - [TEST_STEP][PASSED] - if (i == 3 &amp;&amp; wildList.indexOf(symbol) != -1): null

2019-08-24 12:18:03 - [TEST_STEP][PASSED] - if (i == 4 &amp;&amp; wildList.indexOf(symbol) != -1): null

2019-08-24 12:18:03 - [TEST_STEP][PASSED] - symbol = symbol: null

2019-08-24 12:18:03 - [TEST_STEP][PASSED] - println(symbol): null

2019-08-24 12:18:03 - [TEST_STEP][PASSED] - if (i == 2 &amp;&amp; wildList.indexOf(symbol) != -1): null

2019-08-24 12:18:03 - [TEST_STEP][PASSED] - if (i == 3 &amp;&amp; wildList.indexOf(symbol) != -1): null

2019-08-24 12:18:03 - [TEST_STEP][PASSED] - if (i == 4 &amp;&amp; wildList.indexOf(symbol) != -1): null

2019-08-24 12:18:03 - [TEST_STEP][PASSED] - symbol = symbol: null

2019-08-24 12:18:03 - [TEST_STEP][PASSED] - println(symbol): null

2019-08-24 12:18:03 - [TEST_STEP][PASSED] - if (i == 2 &amp;&amp; wildList.indexOf(symbol) != -1): null

2019-08-24 12:18:03 - [TEST_STEP][PASSED] - if (i == 3 &amp;&amp; wildList.indexOf(symbol) != -1): null

2019-08-24 12:18:03 - [TEST_STEP][PASSED] - if (i == 4 &amp;&amp; wildList.indexOf(symbol) != -1): null

2019-08-24 12:18:03 - [TEST_STEP][PASSED] - symbols = symbols: null

2019-08-24 12:18:03 - [TEST_STEP][PASSED] - for ([j = 0, j &lt; symbols.size(), (j++)]): null

2019-08-24 12:18:03 - [TEST_STEP][PASSED] - symbol = symbol: null

2019-08-24 12:18:03 - [TEST_STEP][PASSED] - println(symbol): null

2019-08-24 12:18:03 - [TEST_STEP][PASSED] - if (i == 2 &amp;&amp; wildList.indexOf(symbol) != -1): null

2019-08-24 12:18:03 - [TEST_STEP][PASSED] - if (i == 3 &amp;&amp; wildList.indexOf(symbol) != -1): null

2019-08-24 12:18:03 - [TEST_STEP][PASSED] - if (i == 4 &amp;&amp; wildList.indexOf(symbol) != -1): null

2019-08-24 12:18:03 - [TEST_STEP][PASSED] - symbol = symbol: null

2019-08-24 12:18:03 - [TEST_STEP][PASSED] - println(symbol): null

2019-08-24 12:18:03 - [TEST_STEP][PASSED] - if (i == 2 &amp;&amp; wildList.indexOf(symbol) != -1): null

2019-08-24 12:18:03 - [TEST_STEP][PASSED] - if (i == 3 &amp;&amp; wildList.indexOf(symbol) != -1): null

2019-08-24 12:18:03 - [TEST_STEP][PASSED] - if (i == 4 &amp;&amp; wildList.indexOf(symbol) != -1): null

2019-08-24 12:18:03 - [TEST_STEP][PASSED] - symbol = symbol: null

2019-08-24 12:18:03 - [TEST_STEP][PASSED] - println(symbol): null

2019-08-24 12:18:03 - [TEST_STEP][PASSED] - if (i == 2 &amp;&amp; wildList.indexOf(symbol) != -1): null

2019-08-24 12:18:03 - [TEST_STEP][PASSED] - println("wild found on reel 3, adding counter by 1"): null

2019-08-24 12:18:03 - [TEST_STEP][PASSED] - free_spin_reel_counter[0] = free_spin_reel_counter[0] + 1: null

2019-08-24 12:18:03 - [TEST_STEP][PASSED] - if (i == 3 &amp;&amp; wildList.indexOf(symbol) != -1): null

2019-08-24 12:18:03 - [TEST_STEP][PASSED] - if (i == 4 &amp;&amp; wildList.indexOf(symbol) != -1): null

2019-08-24 12:18:03 - [TEST_STEP][PASSED] - symbols = symbols: null

2019-08-24 12:18:03 - [TEST_STEP][PASSED] - for ([j = 0, j &lt; symbols.size(), (j++)]): null

2019-08-24 12:18:03 - [TEST_STEP][PASSED] - symbol = symbol: null

2019-08-24 12:18:03 - [TEST_STEP][PASSED] - println(symbol): null

2019-08-24 12:18:03 - [TEST_STEP][PASSED] - if (i == 2 &amp;&amp; wildList.indexOf(symbol) != -1): null

2019-08-24 12:18:03 - [TEST_STEP][PASSED] - if (i == 3 &amp;&amp; wildList.indexOf(symbol) != -1): null

2019-08-24 12:18:03 - [TEST_STEP][PASSED] - if (i == 4 &amp;&amp; wildList.indexOf(symbol) != -1): null

2019-08-24 12:18:03 - [TEST_STEP][PASSED] - symbol = symbol: null

2019-08-24 12:18:03 - [TEST_STEP][PASSED] - println(symbol): null

2019-08-24 12:18:03 - [TEST_STEP][PASSED] - if (i == 2 &amp;&amp; wildList.indexOf(symbol) != -1): null

2019-08-24 12:18:03 - [TEST_STEP][PASSED] - if (i == 3 &amp;&amp; wildList.indexOf(symbol) != -1): null

2019-08-24 12:18:03 - [TEST_STEP][PASSED] - if (i == 4 &amp;&amp; wildList.indexOf(symbol) != -1): null

2019-08-24 12:18:03 - [TEST_STEP][PASSED] - symbol = symbol: null

2019-08-24 12:18:03 - [TEST_STEP][PASSED] - println(symbol): null

2019-08-24 12:18:03 - [TEST_STEP][PASSED] - if (i == 2 &amp;&amp; wildList.indexOf(symbol) != -1): null

2019-08-24 12:18:03 - [TEST_STEP][PASSED] - if (i == 3 &amp;&amp; wildList.indexOf(symbol) != -1): null

2019-08-24 12:18:03 - [TEST_STEP][PASSED] - if (i == 4 &amp;&amp; wildList.indexOf(symbol) != -1): null

2019-08-24 12:18:03 - [TEST_STEP][PASSED] - symbols = symbols: null

2019-08-24 12:18:03 - [TEST_STEP][PASSED] - for ([j = 0, j &lt; symbols.size(), (j++)]): null

2019-08-24 12:18:03 - [TEST_STEP][PASSED] - symbol = symbol: null

2019-08-24 12:18:03 - [TEST_STEP][PASSED] - println(symbol): null

2019-08-24 12:18:03 - [TEST_STEP][PASSED] - if (i == 2 &amp;&amp; wildList.indexOf(symbol) != -1): null

2019-08-24 12:18:03 - [TEST_STEP][PASSED] - if (i == 3 &amp;&amp; wildList.indexOf(symbol) != -1): null

2019-08-24 12:18:03 - [TEST_STEP][PASSED] - if (i == 4 &amp;&amp; wildList.indexOf(symbol) != -1): null

2019-08-24 12:18:03 - [TEST_STEP][PASSED] - symbol = symbol: null

2019-08-24 12:18:03 - [TEST_STEP][PASSED] - println(symbol): null

2019-08-24 12:18:03 - [TEST_STEP][PASSED] - if (i == 2 &amp;&amp; wildList.indexOf(symbol) != -1): null

2019-08-24 12:18:03 - [TEST_STEP][PASSED] - if (i == 3 &amp;&amp; wildList.indexOf(symbol) != -1): null

2019-08-24 12:18:03 - [TEST_STEP][PASSED] - if (i == 4 &amp;&amp; wildList.indexOf(symbol) != -1): null

2019-08-24 12:18:03 - [TEST_STEP][PASSED] - symbol = symbol: null

2019-08-24 12:18:03 - [TEST_STEP][PASSED] - println(symbol): null

2019-08-24 12:18:03 - [TEST_STEP][PASSED] - if (i == 2 &amp;&amp; wildList.indexOf(symbol) != -1): null

2019-08-24 12:18:03 - [TEST_STEP][PASSED] - if (i == 3 &amp;&amp; wildList.indexOf(symbol) != -1): null

2019-08-24 12:18:03 - [TEST_STEP][PASSED] - if (i == 4 &amp;&amp; wildList.indexOf(symbol) != -1): null

2019-08-24 12:18:03 - [TEST_STEP][PASSED] - println("wild found on reel 5, adding counter by 1"): null

2019-08-24 12:18:03 - [TEST_STEP][PASSED] - free_spin_reel_counter[2] = free_spin_reel_counter[2] + 1: null

2019-08-24 12:18:03 - [TEST_STEP][PASSED] - free_spin_reel_counter = free_spin_reel_counter: null

2019-08-24 12:18:03 - [TEST_STEP][PASSED] - println("reel 3 wild found: " + free_spin_reel_counter[0]): null

2019-08-24 12:18:03 - [TEST_STEP][PASSED] - println("reel 4 wild found: " + free_spin_reel_counter[1]): null

2019-08-24 12:18:03 - [TEST_STEP][PASSED] - println("reel 5 wild found: " + free_spin_reel_counter[2]): null

2019-08-24 12:18:03 - [TEST_STEP][PASSED] - M4_spin_reels = M4_spin_reels: null

2019-08-24 12:18:03 - [TEST_STEP][PASSED] - M4_spin_reels_symbols = symbol: null

2019-08-24 12:18:03 - [TEST_STEP][PASSED] - M4_spin_reels_symbols = M4_spin_reels_symbols: null

2019-08-24 12:18:03 - [TEST_STEP][PASSED] - M4_spin_reel_wins = reel_wins: null

2019-08-24 12:18:03 - [TEST_STEP][PASSED] - M4_spin_reel_wins = M4_spin_reel_wins: null

2019-08-24 12:18:03 - [TEST_STEP][PASSED] - println("GlobalVariable.M4_spin_reel_wins is: " + M4_spin_reel_wins): null

2019-08-24 12:18:03 - [TEST_STEP][PASSED] - M4_spin_total_bonus_win_this_round = total_bonus_win_this_round: null

2019-08-24 12:18:03 - [TEST_STEP][PASSED] - M4_spin_total_bonus_win_this_round = M4_spin_total_bonus_win_this_round: null

2019-08-24 12:18:03 - [TEST_STEP][PASSED] - println("GlobalVariable.M4_spin_total_bonus_win_this_round is: " + M4_spin_total_bonus_win_this_round): null

2019-08-24 12:18:03 - [TEST_STEP][PASSED] - M4_spin_bonus_spin_result = spin_result: null

2019-08-24 12:18:03 - [TEST_STEP][PASSED] - M4_spin_bonus_spin_result = M4_spin_bonus_spin_result: null

2019-08-24 12:18:03 - [MESSAGE][PASSED] - Verify response successfully

2019-08-24 12:18:03 - [MESSAGE][PASSED] - Send request and verify the response successfully

2019-08-24 12:18:03 - [TEST_STEP][PASSED] - if (M4_total_bonus_spins_int != 0 &amp;&amp; M4_spin_reels_symbols[2].contains("WILD_ExtraFG") || M4_spin_reels_symbols[3].contains("WILD_ExtraFG")): null

2019-08-24 12:18:03 - [TEST_STEP][PASSED] - free_spin_reel_counter = free_spin_reel_counter: null

2019-08-24 12:18:03 - [TEST_STEP][PASSED] - M4_spin_reels_symbols = M4_spin_reels_symbols: null

2019-08-24 12:18:03 - [TEST_STEP][PASSED] - M4_total_bonus_spins = M4_total_bonus_spins: null

2019-08-24 12:18:03 - [TEST_STEP][PASSED] - spin_result = sendRequestAndVerify(findTestObject("INT/RGS(M4)/1_M4_spin", ["M4_login_user_id":M4_login_user_id, "rgs_session_token":rgs_session_token, "partner":Partner])): Send request and verify the response successfully

2019-08-24 12:18:04 - [MESSAGE][INFO] - HAR: /Users/eiralee/Katalon_Script/SuperWild/Reports/20190824_120919/INT/superWild_3/20190824_120919/requests/main/147.har

2019-08-24 12:18:04 - [TEST_CASE][PASSED] - Start Test Case : Verification: Verification accomplished successfully

2019-08-24 12:18:04 - [TEST_STEP][PASSED] - request = getInstance().getCurrentRequest(): null

2019-08-24 12:18:04 - [TEST_STEP][PASSED] - response = getInstance().getCurrentResponse(): null

2019-08-24 12:18:04 - [TEST_STEP][PASSED] - verifyResponseStatusCode(response, 200): Verify response status code successfully

2019-08-24 12:18:04 - [MESSAGE][PASSED] - Verify response status code successfully

2019-08-24 12:18:04 - [TEST_STEP][PASSED] - getStatusCode()).isEqualTo(200): null

2019-08-24 12:18:04 - [TEST_STEP][PASSED] - newline = System.getProperty("line.separator"): null

2019-08-24 12:18:04 - [TEST_STEP][PASSED] - M4_spin = new groovy.json.JsonSlurper(): null

2019-08-24 12:18:04 - [TEST_STEP][PASSED] - result_M4_spin = M4_spin.parseText(response.getResponseBodyContent()): null

2019-08-24 12:18:04 - [TEST_STEP][PASSED] - M4_spin_current_balance = current_balance: null

2019-08-24 12:18:04 - [TEST_STEP][PASSED] - M4_spin_current_balance = M4_spin_current_balance: null

2019-08-24 12:18:04 - [TEST_STEP][PASSED] - M4_spin_transaction_id = causality: null

2019-08-24 12:18:04 - [TEST_STEP][PASSED] - M4_spin_transaction_id = M4_spin_transaction_id: null

2019-08-24 12:18:04 - [TEST_STEP][PASSED] - M4_spin_round_id = round_id: null

2019-08-24 12:18:04 - [TEST_STEP][PASSED] - M4_spin_round_id = M4_spin_round_id: null

2019-08-24 12:18:04 - [TEST_STEP][PASSED] - M4_spin_line_wins = line_wins: null

2019-08-24 12:18:04 - [TEST_STEP][PASSED] - M4_spin_line_wins = M4_spin_line_wins: null

2019-08-24 12:18:04 - [TEST_STEP][PASSED] - M4_total_bonus_spins_int = total_bonus_spins: null

2019-08-24 12:18:04 - [TEST_STEP][PASSED] - println("******M4_total_bonus_spins type is:*******" + newline + getClass().getName()): null

2019-08-24 12:18:04 - [TEST_STEP][PASSED] - M4_total_bonus_spins_int = M4_total_bonus_spins_int: null

2019-08-24 12:18:04 - [TEST_STEP][PASSED] - M4_total_bonus_spins = Integer.toString(M4_total_bonus_spins_int): null

2019-08-24 12:18:04 - [TEST_STEP][PASSED] - M4_total_bonus_spins = M4_total_bonus_spins: null

2019-08-24 12:18:04 - [TEST_STEP][PASSED] - println("M4_total_bonus_spins is:" + M4_total_bonus_spins): null

2019-08-24 12:18:04 - [TEST_STEP][PASSED] - M4_spin_bonus_data = bonus_data: null

2019-08-24 12:18:04 - [TEST_STEP][PASSED] - M4_spin_features_triggered = result_M4_spin: null

2019-08-24 12:18:04 - [TEST_STEP][PASSED] - wild = []: null

2019-08-24 12:18:04 - [TEST_STEP][PASSED] - wild[0] = "WILD_Expanding": null

2019-08-24 12:18:04 - [TEST_STEP][PASSED] - wild[1] = "WILD_Normal": null

2019-08-24 12:18:04 - [TEST_STEP][PASSED] - wild[2] = "WILD_Double": null

2019-08-24 12:18:04 - [TEST_STEP][PASSED] - wild[3] = "WILD_ExtraFG": null

2019-08-24 12:18:04 - [TEST_STEP][PASSED] - wild[4] = "WILD_Triple": null

2019-08-24 12:18:04 - [TEST_STEP][PASSED] - wildList = Arrays.asList(wild): null

2019-08-24 12:18:04 - [TEST_STEP][PASSED] - wildList = wildList: null

2019-08-24 12:18:04 - [TEST_STEP][PASSED] - free_spin_reel_counter = []: null

2019-08-24 12:18:04 - [TEST_STEP][PASSED] - free_spin_reel_counter[0] = 0: null

2019-08-24 12:18:04 - [TEST_STEP][PASSED] - free_spin_reel_counter[1] = 0: null

2019-08-24 12:18:04 - [TEST_STEP][PASSED] - free_spin_reel_counter[2] = 0: null

2019-08-24 12:18:04 - [TEST_STEP][PASSED] - M4_spin_reels = reels: null

2019-08-24 12:18:04 - [TEST_STEP][PASSED] - for ([i = 0, i &lt; M4_spin_reels.size(), (i++)]): null

2019-08-24 12:18:04 - [TEST_STEP][PASSED] - symbols = symbols: null

2019-08-24 12:18:04 - [TEST_STEP][PASSED] - for ([j = 0, j &lt; symbols.size(), (j++)]): null

2019-08-24 12:18:04 - [TEST_STEP][PASSED] - symbol = symbol: null

2019-08-24 12:18:04 - [TEST_STEP][PASSED] - println(symbol): null

2019-08-24 12:18:04 - [TEST_STEP][PASSED] - if (i == 2 &amp;&amp; wildList.indexOf(symbol) != -1): null

2019-08-24 12:18:04 - [TEST_STEP][PASSED] - if (i == 3 &amp;&amp; wildList.indexOf(symbol) != -1): null

2019-08-24 12:18:04 - [TEST_STEP][PASSED] - if (i == 4 &amp;&amp; wildList.indexOf(symbol) != -1): null

2019-08-24 12:18:04 - [TEST_STEP][PASSED] - symbol = symbol: null

2019-08-24 12:18:04 - [TEST_STEP][PASSED] - println(symbol): null

2019-08-24 12:18:04 - [TEST_STEP][PASSED] - if (i == 2 &amp;&amp; wildList.indexOf(symbol) != -1): null

2019-08-24 12:18:04 - [TEST_STEP][PASSED] - if (i == 3 &amp;&amp; wildList.indexOf(symbol) != -1): null

2019-08-24 12:18:04 - [TEST_STEP][PASSED] - if (i == 4 &amp;&amp; wildList.indexOf(symbol) != -1): null

2019-08-24 12:18:04 - [TEST_STEP][PASSED] - symbol = symbol: null

2019-08-24 12:18:04 - [TEST_STEP][PASSED] - println(symbol): null

2019-08-24 12:18:04 - [TEST_STEP][PASSED] - if (i == 2 &amp;&amp; wildList.indexOf(symbol) != -1): null

2019-08-24 12:18:04 - [TEST_STEP][PASSED] - if (i == 3 &amp;&amp; wildList.indexOf(symbol) != -1): null

2019-08-24 12:18:04 - [TEST_STEP][PASSED] - if (i == 4 &amp;&amp; wildList.indexOf(symbol) != -1): null

2019-08-24 12:18:04 - [TEST_STEP][PASSED] - symbols = symbols: null

2019-08-24 12:18:04 - [TEST_STEP][PASSED] - for ([j = 0, j &lt; symbols.size(), (j++)]): null

2019-08-24 12:18:04 - [TEST_STEP][PASSED] - symbol = symbol: null

2019-08-24 12:18:04 - [TEST_STEP][PASSED] - println(symbol): null

2019-08-24 12:18:04 - [TEST_STEP][PASSED] - if (i == 2 &amp;&amp; wildList.indexOf(symbol) != -1): null

2019-08-24 12:18:04 - [TEST_STEP][PASSED] - if (i == 3 &amp;&amp; wildList.indexOf(symbol) != -1): null

2019-08-24 12:18:04 - [TEST_STEP][PASSED] - if (i == 4 &amp;&amp; wildList.indexOf(symbol) != -1): null

2019-08-24 12:18:04 - [TEST_STEP][PASSED] - symbol = symbol: null

2019-08-24 12:18:04 - [TEST_STEP][PASSED] - println(symbol): null

2019-08-24 12:18:04 - [TEST_STEP][PASSED] - if (i == 2 &amp;&amp; wildList.indexOf(symbol) != -1): null

2019-08-24 12:18:04 - [TEST_STEP][PASSED] - if (i == 3 &amp;&amp; wildList.indexOf(symbol) != -1): null

2019-08-24 12:18:04 - [TEST_STEP][PASSED] - if (i == 4 &amp;&amp; wildList.indexOf(symbol) != -1): null

2019-08-24 12:18:04 - [TEST_STEP][PASSED] - symbol = symbol: null

2019-08-24 12:18:04 - [TEST_STEP][PASSED] - println(symbol): null

2019-08-24 12:18:04 - [TEST_STEP][PASSED] - if (i == 2 &amp;&amp; wildList.indexOf(symbol) != -1): null

2019-08-24 12:18:04 - [TEST_STEP][PASSED] - if (i == 3 &amp;&amp; wildList.indexOf(symbol) != -1): null

2019-08-24 12:18:04 - [TEST_STEP][PASSED] - if (i == 4 &amp;&amp; wildList.indexOf(symbol) != -1): null

2019-08-24 12:18:04 - [TEST_STEP][PASSED] - symbols = symbols: null

2019-08-24 12:18:04 - [TEST_STEP][PASSED] - for ([j = 0, j &lt; symbols.size(), (j++)]): null

2019-08-24 12:18:04 - [TEST_STEP][PASSED] - symbol = symbol: null

2019-08-24 12:18:04 - [TEST_STEP][PASSED] - println(symbol): null

2019-08-24 12:18:04 - [TEST_STEP][PASSED] - if (i == 2 &amp;&amp; wildList.indexOf(symbol) != -1): null

2019-08-24 12:18:04 - [TEST_STEP][PASSED] - if (i == 3 &amp;&amp; wildList.indexOf(symbol) != -1): null

2019-08-24 12:18:04 - [TEST_STEP][PASSED] - if (i == 4 &amp;&amp; wildList.indexOf(symbol) != -1): null

2019-08-24 12:18:04 - [TEST_STEP][PASSED] - symbol = symbol: null

2019-08-24 12:18:04 - [TEST_STEP][PASSED] - println(symbol): null

2019-08-24 12:18:04 - [TEST_STEP][PASSED] - if (i == 2 &amp;&amp; wildList.indexOf(symbol) != -1): null

2019-08-24 12:18:04 - [TEST_STEP][PASSED] - if (i == 3 &amp;&amp; wildList.indexOf(symbol) != -1): null

2019-08-24 12:18:04 - [TEST_STEP][PASSED] - if (i == 4 &amp;&amp; wildList.indexOf(symbol) != -1): null

2019-08-24 12:18:04 - [TEST_STEP][PASSED] - symbol = symbol: null

2019-08-24 12:18:04 - [TEST_STEP][PASSED] - println(symbol): null

2019-08-24 12:18:04 - [TEST_STEP][PASSED] - if (i == 2 &amp;&amp; wildList.indexOf(symbol) != -1): null

2019-08-24 12:18:04 - [TEST_STEP][PASSED] - if (i == 3 &amp;&amp; wildList.indexOf(symbol) != -1): null

2019-08-24 12:18:04 - [TEST_STEP][PASSED] - if (i == 4 &amp;&amp; wildList.indexOf(symbol) != -1): null

2019-08-24 12:18:04 - [TEST_STEP][PASSED] - symbols = symbols: null

2019-08-24 12:18:04 - [TEST_STEP][PASSED] - for ([j = 0, j &lt; symbols.size(), (j++)]): null

2019-08-24 12:18:04 - [TEST_STEP][PASSED] - symbol = symbol: null

2019-08-24 12:18:04 - [TEST_STEP][PASSED] - println(symbol): null

2019-08-24 12:18:04 - [TEST_STEP][PASSED] - if (i == 2 &amp;&amp; wildList.indexOf(symbol) != -1): null

2019-08-24 12:18:04 - [TEST_STEP][PASSED] - if (i == 3 &amp;&amp; wildList.indexOf(symbol) != -1): null

2019-08-24 12:18:04 - [TEST_STEP][PASSED] - println("wild found on reel 4, adding counter by 1"): null

2019-08-24 12:18:04 - [TEST_STEP][PASSED] - free_spin_reel_counter[1] = free_spin_reel_counter[1] + 1: null

2019-08-24 12:18:04 - [TEST_STEP][PASSED] - if (i == 4 &amp;&amp; wildList.indexOf(symbol) != -1): null

2019-08-24 12:18:04 - [TEST_STEP][PASSED] - symbol = symbol: null

2019-08-24 12:18:04 - [TEST_STEP][PASSED] - println(symbol): null

2019-08-24 12:18:04 - [TEST_STEP][PASSED] - if (i == 2 &amp;&amp; wildList.indexOf(symbol) != -1): null

2019-08-24 12:18:04 - [TEST_STEP][PASSED] - if (i == 3 &amp;&amp; wildList.indexOf(symbol) != -1): null

2019-08-24 12:18:04 - [TEST_STEP][PASSED] - if (i == 4 &amp;&amp; wildList.indexOf(symbol) != -1): null

2019-08-24 12:18:04 - [TEST_STEP][PASSED] - symbol = symbol: null

2019-08-24 12:18:04 - [TEST_STEP][PASSED] - println(symbol): null

2019-08-24 12:18:04 - [TEST_STEP][PASSED] - if (i == 2 &amp;&amp; wildList.indexOf(symbol) != -1): null

2019-08-24 12:18:04 - [TEST_STEP][PASSED] - if (i == 3 &amp;&amp; wildList.indexOf(symbol) != -1): null

2019-08-24 12:18:04 - [TEST_STEP][PASSED] - if (i == 4 &amp;&amp; wildList.indexOf(symbol) != -1): null

2019-08-24 12:18:04 - [TEST_STEP][PASSED] - symbols = symbols: null

2019-08-24 12:18:04 - [TEST_STEP][PASSED] - for ([j = 0, j &lt; symbols.size(), (j++)]): null

2019-08-24 12:18:04 - [TEST_STEP][PASSED] - symbol = symbol: null

2019-08-24 12:18:04 - [TEST_STEP][PASSED] - println(symbol): null

2019-08-24 12:18:04 - [TEST_STEP][PASSED] - if (i == 2 &amp;&amp; wildList.indexOf(symbol) != -1): null

2019-08-24 12:18:04 - [TEST_STEP][PASSED] - if (i == 3 &amp;&amp; wildList.indexOf(symbol) != -1): null

2019-08-24 12:18:04 - [TEST_STEP][PASSED] - if (i == 4 &amp;&amp; wildList.indexOf(symbol) != -1): null

2019-08-24 12:18:04 - [TEST_STEP][PASSED] - symbol = symbol: null

2019-08-24 12:18:04 - [TEST_STEP][PASSED] - println(symbol): null

2019-08-24 12:18:04 - [TEST_STEP][PASSED] - if (i == 2 &amp;&amp; wildList.indexOf(symbol) != -1): null

2019-08-24 12:18:04 - [TEST_STEP][PASSED] - if (i == 3 &amp;&amp; wildList.indexOf(symbol) != -1): null

2019-08-24 12:18:04 - [TEST_STEP][PASSED] - if (i == 4 &amp;&amp; wildList.indexOf(symbol) != -1): null

2019-08-24 12:18:04 - [TEST_STEP][PASSED] - symbol = symbol: null

2019-08-24 12:18:04 - [TEST_STEP][PASSED] - println(symbol): null

2019-08-24 12:18:04 - [TEST_STEP][PASSED] - if (i == 2 &amp;&amp; wildList.indexOf(symbol) != -1): null

2019-08-24 12:18:04 - [TEST_STEP][PASSED] - if (i == 3 &amp;&amp; wildList.indexOf(symbol) != -1): null

2019-08-24 12:18:04 - [TEST_STEP][PASSED] - if (i == 4 &amp;&amp; wildList.indexOf(symbol) != -1): null

2019-08-24 12:18:04 - [TEST_STEP][PASSED] - free_spin_reel_counter = free_spin_reel_counter: null

2019-08-24 12:18:04 - [TEST_STEP][PASSED] - println("reel 3 wild found: " + free_spin_reel_counter[0]): null

2019-08-24 12:18:04 - [TEST_STEP][PASSED] - println("reel 4 wild found: " + free_spin_reel_counter[1]): null

2019-08-24 12:18:04 - [TEST_STEP][PASSED] - println("reel 5 wild found: " + free_spin_reel_counter[2]): null

2019-08-24 12:18:04 - [TEST_STEP][PASSED] - M4_spin_reels = M4_spin_reels: null

2019-08-24 12:18:04 - [TEST_STEP][PASSED] - M4_spin_reels_symbols = symbol: null

2019-08-24 12:18:04 - [TEST_STEP][PASSED] - M4_spin_reels_symbols = M4_spin_reels_symbols: null

2019-08-24 12:18:04 - [TEST_STEP][PASSED] - M4_spin_reel_wins = reel_wins: null

2019-08-24 12:18:04 - [TEST_STEP][PASSED] - M4_spin_reel_wins = M4_spin_reel_wins: null

2019-08-24 12:18:04 - [TEST_STEP][PASSED] - println("GlobalVariable.M4_spin_reel_wins is: " + M4_spin_reel_wins): null

2019-08-24 12:18:04 - [TEST_STEP][PASSED] - M4_spin_total_bonus_win_this_round = total_bonus_win_this_round: null

2019-08-24 12:18:04 - [TEST_STEP][PASSED] - M4_spin_total_bonus_win_this_round = M4_spin_total_bonus_win_this_round: null

2019-08-24 12:18:04 - [TEST_STEP][PASSED] - println("GlobalVariable.M4_spin_total_bonus_win_this_round is: " + M4_spin_total_bonus_win_this_round): null

2019-08-24 12:18:04 - [TEST_STEP][PASSED] - M4_spin_bonus_spin_result = spin_result: null

2019-08-24 12:18:04 - [TEST_STEP][PASSED] - M4_spin_bonus_spin_result = M4_spin_bonus_spin_result: null

2019-08-24 12:18:04 - [MESSAGE][PASSED] - Verify response successfully

2019-08-24 12:18:04 - [MESSAGE][PASSED] - Send request and verify the response successfully

2019-08-24 12:18:04 - [TEST_STEP][PASSED] - if (M4_total_bonus_spins_int != 0 &amp;&amp; M4_spin_reels_symbols[2].contains("WILD_ExtraFG") || M4_spin_reels_symbols[3].contains("WILD_ExtraFG")): null

2019-08-24 12:18:04 - [TEST_STEP][PASSED] - free_spin_reel_counter = free_spin_reel_counter: null

2019-08-24 12:18:04 - [TEST_STEP][PASSED] - M4_spin_reels_symbols = M4_spin_reels_symbols: null

2019-08-24 12:18:04 - [TEST_STEP][PASSED] - M4_total_bonus_spins = M4_total_bonus_spins: null

2019-08-24 12:18:04 - [TEST_STEP][PASSED] - spin_result = sendRequestAndVerify(findTestObject("INT/RGS(M4)/1_M4_spin", ["M4_login_user_id":M4_login_user_id, "rgs_session_token":rgs_session_token, "partner":Partner])): Send request and verify the response successfully

2019-08-24 12:18:04 - [MESSAGE][INFO] - HAR: /Users/eiralee/Katalon_Script/SuperWild/Reports/20190824_120919/INT/superWild_3/20190824_120919/requests/main/148.har

2019-08-24 12:18:04 - [TEST_CASE][PASSED] - Start Test Case : Verification: Verification accomplished successfully

2019-08-24 12:18:04 - [TEST_STEP][PASSED] - request = getInstance().getCurrentRequest(): null

2019-08-24 12:18:05 - [TEST_STEP][PASSED] - response = getInstance().getCurrentResponse(): null

2019-08-24 12:18:05 - [TEST_STEP][PASSED] - verifyResponseStatusCode(response, 200): Verify response status code successfully

2019-08-24 12:18:05 - [MESSAGE][PASSED] - Verify response status code successfully

2019-08-24 12:18:05 - [TEST_STEP][PASSED] - getStatusCode()).isEqualTo(200): null

2019-08-24 12:18:05 - [TEST_STEP][PASSED] - newline = System.getProperty("line.separator"): null

2019-08-24 12:18:05 - [TEST_STEP][PASSED] - M4_spin = new groovy.json.JsonSlurper(): null

2019-08-24 12:18:05 - [TEST_STEP][PASSED] - result_M4_spin = M4_spin.parseText(response.getResponseBodyContent()): null

2019-08-24 12:18:05 - [TEST_STEP][PASSED] - M4_spin_current_balance = current_balance: null

2019-08-24 12:18:05 - [TEST_STEP][PASSED] - M4_spin_current_balance = M4_spin_current_balance: null

2019-08-24 12:18:05 - [TEST_STEP][PASSED] - M4_spin_transaction_id = causality: null

2019-08-24 12:18:05 - [TEST_STEP][PASSED] - M4_spin_transaction_id = M4_spin_transaction_id: null

2019-08-24 12:18:05 - [TEST_STEP][PASSED] - M4_spin_round_id = round_id: null

2019-08-24 12:18:05 - [TEST_STEP][PASSED] - M4_spin_round_id = M4_spin_round_id: null

2019-08-24 12:18:05 - [TEST_STEP][PASSED] - M4_spin_line_wins = line_wins: null

2019-08-24 12:18:05 - [TEST_STEP][PASSED] - M4_spin_line_wins = M4_spin_line_wins: null

2019-08-24 12:18:05 - [TEST_STEP][PASSED] - M4_total_bonus_spins_int = total_bonus_spins: null

2019-08-24 12:18:05 - [TEST_STEP][PASSED] - println("******M4_total_bonus_spins type is:*******" + newline + getClass().getName()): null

2019-08-24 12:18:05 - [TEST_STEP][PASSED] - M4_total_bonus_spins_int = M4_total_bonus_spins_int: null

2019-08-24 12:18:05 - [TEST_STEP][PASSED] - M4_total_bonus_spins = Integer.toString(M4_total_bonus_spins_int): null

2019-08-24 12:18:05 - [TEST_STEP][PASSED] - M4_total_bonus_spins = M4_total_bonus_spins: null

2019-08-24 12:18:05 - [TEST_STEP][PASSED] - println("M4_total_bonus_spins is:" + M4_total_bonus_spins): null

2019-08-24 12:18:05 - [TEST_STEP][PASSED] - M4_spin_bonus_data = bonus_data: null

2019-08-24 12:18:05 - [TEST_STEP][PASSED] - M4_spin_features_triggered = result_M4_spin: null

2019-08-24 12:18:05 - [TEST_STEP][PASSED] - wild = []: null

2019-08-24 12:18:05 - [TEST_STEP][PASSED] - wild[0] = "WILD_Expanding": null

2019-08-24 12:18:05 - [TEST_STEP][PASSED] - wild[1] = "WILD_Normal": null

2019-08-24 12:18:05 - [TEST_STEP][PASSED] - wild[2] = "WILD_Double": null

2019-08-24 12:18:05 - [TEST_STEP][PASSED] - wild[3] = "WILD_ExtraFG": null

2019-08-24 12:18:05 - [TEST_STEP][PASSED] - wild[4] = "WILD_Triple": null

2019-08-24 12:18:05 - [TEST_STEP][PASSED] - wildList = Arrays.asList(wild): null

2019-08-24 12:18:05 - [TEST_STEP][PASSED] - wildList = wildList: null

2019-08-24 12:18:05 - [TEST_STEP][PASSED] - free_spin_reel_counter = []: null

2019-08-24 12:18:05 - [TEST_STEP][PASSED] - free_spin_reel_counter[0] = 0: null

2019-08-24 12:18:05 - [TEST_STEP][PASSED] - free_spin_reel_counter[1] = 0: null

2019-08-24 12:18:05 - [TEST_STEP][PASSED] - free_spin_reel_counter[2] = 0: null

2019-08-24 12:18:05 - [TEST_STEP][PASSED] - M4_spin_reels = reels: null

2019-08-24 12:18:05 - [TEST_STEP][PASSED] - for ([i = 0, i &lt; M4_spin_reels.size(), (i++)]): null

2019-08-24 12:18:05 - [TEST_STEP][PASSED] - symbols = symbols: null

2019-08-24 12:18:05 - [TEST_STEP][PASSED] - for ([j = 0, j &lt; symbols.size(), (j++)]): null

2019-08-24 12:18:05 - [TEST_STEP][PASSED] - symbol = symbol: null

2019-08-24 12:18:05 - [TEST_STEP][PASSED] - println(symbol): null

2019-08-24 12:18:05 - [TEST_STEP][PASSED] - if (i == 2 &amp;&amp; wildList.indexOf(symbol) != -1): null

2019-08-24 12:18:09 - [TEST_STEP][PASSED] - if (i == 3 &amp;&amp; wildList.indexOf(symbol) != -1): null

2019-08-24 12:18:09 - [TEST_STEP][PASSED] - if (i == 4 &amp;&amp; wildList.indexOf(symbol) != -1): null

2019-08-24 12:18:09 - [TEST_STEP][PASSED] - symbol = symbol: null

2019-08-24 12:18:09 - [TEST_STEP][PASSED] - println(symbol): null

2019-08-24 12:18:09 - [TEST_STEP][PASSED] - if (i == 2 &amp;&amp; wildList.indexOf(symbol) != -1): null

2019-08-24 12:18:09 - [TEST_STEP][PASSED] - if (i == 3 &amp;&amp; wildList.indexOf(symbol) != -1): null

2019-08-24 12:18:09 - [TEST_STEP][PASSED] - if (i == 4 &amp;&amp; wildList.indexOf(symbol) != -1): null

2019-08-24 12:18:09 - [TEST_STEP][PASSED] - symbol = symbol: null

2019-08-24 12:18:09 - [TEST_STEP][PASSED] - println(symbol): null

2019-08-24 12:18:09 - [TEST_STEP][PASSED] - if (i == 2 &amp;&amp; wildList.indexOf(symbol) != -1): null

2019-08-24 12:18:12 - [TEST_STEP][PASSED] - if (i == 3 &amp;&amp; wildList.indexOf(symbol) != -1): null

2019-08-24 12:18:12 - [TEST_STEP][PASSED] - if (i == 4 &amp;&amp; wildList.indexOf(symbol) != -1): null

2019-08-24 12:18:12 - [TEST_STEP][PASSED] - symbols = symbols: null

2019-08-24 12:18:12 - [TEST_STEP][PASSED] - for ([j = 0, j &lt; symbols.size(), (j++)]): null

2019-08-24 12:18:12 - [TEST_STEP][PASSED] - symbol = symbol: null

2019-08-24 12:18:12 - [TEST_STEP][PASSED] - println(symbol): null

2019-08-24 12:18:12 - [TEST_STEP][PASSED] - if (i == 2 &amp;&amp; wildList.indexOf(symbol) != -1): null

2019-08-24 12:18:12 - [TEST_STEP][PASSED] - if (i == 3 &amp;&amp; wildList.indexOf(symbol) != -1): null

2019-08-24 12:18:12 - [TEST_STEP][PASSED] - if (i == 4 &amp;&amp; wildList.indexOf(symbol) != -1): null

2019-08-24 12:18:12 - [TEST_STEP][PASSED] - symbol = symbol: null

2019-08-24 12:18:12 - [TEST_STEP][PASSED] - println(symbol): null

2019-08-24 12:18:12 - [TEST_STEP][PASSED] - if (i == 2 &amp;&amp; wildList.indexOf(symbol) != -1): null

2019-08-24 12:18:12 - [TEST_STEP][PASSED] - if (i == 3 &amp;&amp; wildList.indexOf(symbol) != -1): null

2019-08-24 12:18:12 - [TEST_STEP][PASSED] - if (i == 4 &amp;&amp; wildList.indexOf(symbol) != -1): null

2019-08-24 12:18:12 - [TEST_STEP][PASSED] - symbol = symbol: null

2019-08-24 12:18:12 - [TEST_STEP][PASSED] - println(symbol): null

2019-08-24 12:18:12 - [TEST_STEP][PASSED] - if (i == 2 &amp;&amp; wildList.indexOf(symbol) != -1): null

2019-08-24 12:18:12 - [TEST_STEP][PASSED] - if (i == 3 &amp;&amp; wildList.indexOf(symbol) != -1): null

2019-08-24 12:18:12 - [TEST_STEP][PASSED] - if (i == 4 &amp;&amp; wildList.indexOf(symbol) != -1): null

2019-08-24 12:18:12 - [TEST_STEP][PASSED] - symbols = symbols: null

2019-08-24 12:18:12 - [TEST_STEP][PASSED] - for ([j = 0, j &lt; symbols.size(), (j++)]): null

2019-08-24 12:18:12 - [TEST_STEP][PASSED] - symbol = symbol: null

2019-08-24 12:18:12 - [TEST_STEP][PASSED] - println(symbol): null

2019-08-24 12:18:12 - [TEST_STEP][PASSED] - if (i == 2 &amp;&amp; wildList.indexOf(symbol) != -1): null

2019-08-24 12:18:12 - [TEST_STEP][PASSED] - if (i == 3 &amp;&amp; wildList.indexOf(symbol) != -1): null

2019-08-24 12:18:12 - [TEST_STEP][PASSED] - if (i == 4 &amp;&amp; wildList.indexOf(symbol) != -1): null

2019-08-24 12:18:12 - [TEST_STEP][PASSED] - symbol = symbol: null

2019-08-24 12:18:12 - [TEST_STEP][PASSED] - println(symbol): null

2019-08-24 12:18:12 - [TEST_STEP][PASSED] - if (i == 2 &amp;&amp; wildList.indexOf(symbol) != -1): null

2019-08-24 12:18:12 - [TEST_STEP][PASSED] - if (i == 3 &amp;&amp; wildList.indexOf(symbol) != -1): null

2019-08-24 12:18:12 - [TEST_STEP][PASSED] - if (i == 4 &amp;&amp; wildList.indexOf(symbol) != -1): null

2019-08-24 12:18:12 - [TEST_STEP][PASSED] - symbol = symbol: null

2019-08-24 12:18:12 - [TEST_STEP][PASSED] - println(symbol): null

2019-08-24 12:18:12 - [TEST_STEP][PASSED] - if (i == 2 &amp;&amp; wildList.indexOf(symbol) != -1): null

2019-08-24 12:18:12 - [TEST_STEP][PASSED] - if (i == 3 &amp;&amp; wildList.indexOf(symbol) != -1): null

2019-08-24 12:18:12 - [TEST_STEP][PASSED] - if (i == 4 &amp;&amp; wildList.indexOf(symbol) != -1): null

2019-08-24 12:18:12 - [TEST_STEP][PASSED] - symbols = symbols: null

2019-08-24 12:18:12 - [TEST_STEP][PASSED] - for ([j = 0, j &lt; symbols.size(), (j++)]): null

2019-08-24 12:18:12 - [TEST_STEP][PASSED] - symbol = symbol: null

2019-08-24 12:18:12 - [TEST_STEP][PASSED] - println(symbol): null

2019-08-24 12:18:12 - [TEST_STEP][PASSED] - if (i == 2 &amp;&amp; wildList.indexOf(symbol) != -1): null

2019-08-24 12:18:12 - [TEST_STEP][PASSED] - if (i == 3 &amp;&amp; wildList.indexOf(symbol) != -1): null

2019-08-24 12:18:12 - [TEST_STEP][PASSED] - if (i == 4 &amp;&amp; wildList.indexOf(symbol) != -1): null

2019-08-24 12:18:12 - [TEST_STEP][PASSED] - symbol = symbol: null

2019-08-24 12:18:12 - [TEST_STEP][PASSED] - println(symbol): null

2019-08-24 12:18:12 - [TEST_STEP][PASSED] - if (i == 2 &amp;&amp; wildList.indexOf(symbol) != -1): null

2019-08-24 12:18:12 - [TEST_STEP][PASSED] - if (i == 3 &amp;&amp; wildList.indexOf(symbol) != -1): null

2019-08-24 12:18:12 - [TEST_STEP][PASSED] - if (i == 4 &amp;&amp; wildList.indexOf(symbol) != -1): null

2019-08-24 12:18:12 - [TEST_STEP][PASSED] - symbol = symbol: null

2019-08-24 12:18:12 - [TEST_STEP][PASSED] - println(symbol): null

2019-08-24 12:18:12 - [TEST_STEP][PASSED] - if (i == 2 &amp;&amp; wildList.indexOf(symbol) != -1): null

2019-08-24 12:18:12 - [TEST_STEP][PASSED] - if (i == 3 &amp;&amp; wildList.indexOf(symbol) != -1): null

2019-08-24 12:18:12 - [TEST_STEP][PASSED] - if (i == 4 &amp;&amp; wildList.indexOf(symbol) != -1): null

2019-08-24 12:18:12 - [TEST_STEP][PASSED] - symbols = symbols: null

2019-08-24 12:18:12 - [TEST_STEP][PASSED] - for ([j = 0, j &lt; symbols.size(), (j++)]): null

2019-08-24 12:18:12 - [TEST_STEP][PASSED] - symbol = symbol: null

2019-08-24 12:18:12 - [TEST_STEP][PASSED] - println(symbol): null

2019-08-24 12:18:12 - [TEST_STEP][PASSED] - if (i == 2 &amp;&amp; wildList.indexOf(symbol) != -1): null

2019-08-24 12:18:12 - [TEST_STEP][PASSED] - if (i == 3 &amp;&amp; wildList.indexOf(symbol) != -1): null

2019-08-24 12:18:12 - [TEST_STEP][PASSED] - if (i == 4 &amp;&amp; wildList.indexOf(symbol) != -1): null

2019-08-24 12:18:12 - [TEST_STEP][PASSED] - symbol = symbol: null

2019-08-24 12:18:12 - [TEST_STEP][PASSED] - println(symbol): null

2019-08-24 12:18:12 - [TEST_STEP][PASSED] - if (i == 2 &amp;&amp; wildList.indexOf(symbol) != -1): null

2019-08-24 12:18:12 - [TEST_STEP][PASSED] - if (i == 3 &amp;&amp; wildList.indexOf(symbol) != -1): null

2019-08-24 12:18:12 - [TEST_STEP][PASSED] - if (i == 4 &amp;&amp; wildList.indexOf(symbol) != -1): null

2019-08-24 12:18:12 - [TEST_STEP][PASSED] - symbol = symbol: null

2019-08-24 12:18:12 - [TEST_STEP][PASSED] - println(symbol): null

2019-08-24 12:18:12 - [TEST_STEP][PASSED] - if (i == 2 &amp;&amp; wildList.indexOf(symbol) != -1): null

2019-08-24 12:18:12 - [TEST_STEP][PASSED] - if (i == 3 &amp;&amp; wildList.indexOf(symbol) != -1): null

2019-08-24 12:18:12 - [TEST_STEP][PASSED] - if (i == 4 &amp;&amp; wildList.indexOf(symbol) != -1): null

2019-08-24 12:18:12 - [TEST_STEP][PASSED] - free_spin_reel_counter = free_spin_reel_counter: null

2019-08-24 12:18:12 - [TEST_STEP][PASSED] - println("reel 3 wild found: " + free_spin_reel_counter[0]): null

2019-08-24 12:18:12 - [TEST_STEP][PASSED] - println("reel 4 wild found: " + free_spin_reel_counter[1]): null

2019-08-24 12:18:12 - [TEST_STEP][PASSED] - println("reel 5 wild found: " + free_spin_reel_counter[2]): null

2019-08-24 12:18:12 - [TEST_STEP][PASSED] - M4_spin_reels = M4_spin_reels: null

2019-08-24 12:18:12 - [TEST_STEP][PASSED] - M4_spin_reels_symbols = symbol: null

2019-08-24 12:18:12 - [TEST_STEP][PASSED] - M4_spin_reels_symbols = M4_spin_reels_symbols: null

2019-08-24 12:18:12 - [TEST_STEP][PASSED] - M4_spin_reel_wins = reel_wins: null

2019-08-24 12:18:12 - [TEST_STEP][PASSED] - M4_spin_reel_wins = M4_spin_reel_wins: null

2019-08-24 12:18:12 - [TEST_STEP][PASSED] - println("GlobalVariable.M4_spin_reel_wins is: " + M4_spin_reel_wins): null

2019-08-24 12:18:12 - [TEST_STEP][PASSED] - M4_spin_total_bonus_win_this_round = total_bonus_win_this_round: null

2019-08-24 12:18:12 - [TEST_STEP][PASSED] - M4_spin_total_bonus_win_this_round = M4_spin_total_bonus_win_this_round: null

2019-08-24 12:18:12 - [TEST_STEP][PASSED] - println("GlobalVariable.M4_spin_total_bonus_win_this_round is: " + M4_spin_total_bonus_win_this_round): null

2019-08-24 12:18:12 - [TEST_STEP][PASSED] - M4_spin_bonus_spin_result = spin_result: null

2019-08-24 12:18:12 - [TEST_STEP][PASSED] - M4_spin_bonus_spin_result = M4_spin_bonus_spin_result: null

2019-08-24 12:18:12 - [MESSAGE][PASSED] - Verify response successfully

2019-08-24 12:18:12 - [MESSAGE][PASSED] - Send request and verify the response successfully

2019-08-24 12:18:12 - [TEST_STEP][PASSED] - if (M4_total_bonus_spins_int != 0 &amp;&amp; M4_spin_reels_symbols[2].contains("WILD_ExtraFG") || M4_spin_reels_symbols[3].contains("WILD_ExtraFG")): null

2019-08-24 12:18:12 - [TEST_STEP][PASSED] - free_spin_reel_counter = free_spin_reel_counter: null

2019-08-24 12:18:12 - [TEST_STEP][PASSED] - M4_spin_reels_symbols = M4_spin_reels_symbols: null

2019-08-24 12:18:12 - [TEST_STEP][PASSED] - M4_total_bonus_spins = M4_total_bonus_spins: null

2019-08-24 12:18:12 - [TEST_STEP][PASSED] - spin_result = sendRequestAndVerify(findTestObject("INT/RGS(M4)/1_M4_spin", ["M4_login_user_id":M4_login_user_id, "rgs_session_token":rgs_session_token, "partner":Partner])): Send request and verify the response successfully

2019-08-24 12:18:13 - [MESSAGE][INFO] - HAR: /Users/eiralee/Katalon_Script/SuperWild/Reports/20190824_120919/INT/superWild_3/20190824_120919/requests/main/149.har

2019-08-24 12:18:13 - [TEST_CASE][PASSED] - Start Test Case : Verification: Verification accomplished successfully

2019-08-24 12:18:13 - [TEST_STEP][PASSED] - request = getInstance().getCurrentRequest(): null

2019-08-24 12:18:13 - [TEST_STEP][PASSED] - response = getInstance().getCurrentResponse(): null

2019-08-24 12:18:13 - [TEST_STEP][PASSED] - verifyResponseStatusCode(response, 200): Verify response status code successfully

2019-08-24 12:18:13 - [MESSAGE][PASSED] - Verify response status code successfully

2019-08-24 12:18:13 - [TEST_STEP][PASSED] - getStatusCode()).isEqualTo(200): null

2019-08-24 12:18:13 - [TEST_STEP][PASSED] - newline = System.getProperty("line.separator"): null

2019-08-24 12:18:13 - [TEST_STEP][PASSED] - M4_spin = new groovy.json.JsonSlurper(): null

2019-08-24 12:18:13 - [TEST_STEP][PASSED] - result_M4_spin = M4_spin.parseText(response.getResponseBodyContent()): null

2019-08-24 12:18:13 - [TEST_STEP][PASSED] - M4_spin_current_balance = current_balance: null

2019-08-24 12:18:13 - [TEST_STEP][PASSED] - M4_spin_current_balance = M4_spin_current_balance: null

2019-08-24 12:18:13 - [TEST_STEP][PASSED] - M4_spin_transaction_id = causality: null

2019-08-24 12:18:13 - [TEST_STEP][PASSED] - M4_spin_transaction_id = M4_spin_transaction_id: null

2019-08-24 12:18:13 - [TEST_STEP][PASSED] - M4_spin_round_id = round_id: null

2019-08-24 12:18:13 - [TEST_STEP][PASSED] - M4_spin_round_id = M4_spin_round_id: null

2019-08-24 12:18:13 - [TEST_STEP][PASSED] - M4_spin_line_wins = line_wins: null

2019-08-24 12:18:13 - [TEST_STEP][PASSED] - M4_spin_line_wins = M4_spin_line_wins: null

2019-08-24 12:18:13 - [TEST_STEP][PASSED] - M4_total_bonus_spins_int = total_bonus_spins: null

2019-08-24 12:18:13 - [TEST_STEP][PASSED] - println("******M4_total_bonus_spins type is:*******" + newline + getClass().getName()): null

2019-08-24 12:18:13 - [TEST_STEP][PASSED] - M4_total_bonus_spins_int = M4_total_bonus_spins_int: null

2019-08-24 12:18:13 - [TEST_STEP][PASSED] - M4_total_bonus_spins = Integer.toString(M4_total_bonus_spins_int): null

2019-08-24 12:18:13 - [TEST_STEP][PASSED] - M4_total_bonus_spins = M4_total_bonus_spins: null

2019-08-24 12:18:13 - [TEST_STEP][PASSED] - println("M4_total_bonus_spins is:" + M4_total_bonus_spins): null

2019-08-24 12:18:13 - [TEST_STEP][PASSED] - M4_spin_bonus_data = bonus_data: null

2019-08-24 12:18:13 - [TEST_STEP][PASSED] - M4_spin_features_triggered = result_M4_spin: null

2019-08-24 12:18:13 - [TEST_STEP][PASSED] - wild = []: null

2019-08-24 12:18:13 - [TEST_STEP][PASSED] - wild[0] = "WILD_Expanding": null

2019-08-24 12:18:13 - [TEST_STEP][PASSED] - wild[1] = "WILD_Normal": null

2019-08-24 12:18:13 - [TEST_STEP][PASSED] - wild[2] = "WILD_Double": null

2019-08-24 12:18:13 - [TEST_STEP][PASSED] - wild[3] = "WILD_ExtraFG": null

2019-08-24 12:18:13 - [TEST_STEP][PASSED] - wild[4] = "WILD_Triple": null

2019-08-24 12:18:13 - [TEST_STEP][PASSED] - wildList = Arrays.asList(wild): null

2019-08-24 12:18:13 - [TEST_STEP][PASSED] - wildList = wildList: null

2019-08-24 12:18:13 - [TEST_STEP][PASSED] - free_spin_reel_counter = []: null

2019-08-24 12:18:13 - [TEST_STEP][PASSED] - free_spin_reel_counter[0] = 0: null

2019-08-24 12:18:13 - [TEST_STEP][PASSED] - free_spin_reel_counter[1] = 0: null

2019-08-24 12:18:13 - [TEST_STEP][PASSED] - free_spin_reel_counter[2] = 0: null

2019-08-24 12:18:13 - [TEST_STEP][PASSED] - M4_spin_reels = reels: null

2019-08-24 12:18:13 - [TEST_STEP][PASSED] - for ([i = 0, i &lt; M4_spin_reels.size(), (i++)]): null

2019-08-24 12:18:13 - [TEST_STEP][PASSED] - symbols = symbols: null

2019-08-24 12:18:13 - [TEST_STEP][PASSED] - for ([j = 0, j &lt; symbols.size(), (j++)]): null

2019-08-24 12:18:13 - [TEST_STEP][PASSED] - symbol = symbol: null

2019-08-24 12:18:13 - [TEST_STEP][PASSED] - println(symbol): null

2019-08-24 12:18:13 - [TEST_STEP][PASSED] - if (i == 2 &amp;&amp; wildList.indexOf(symbol) != -1): null

2019-08-24 12:18:13 - [TEST_STEP][PASSED] - if (i == 3 &amp;&amp; wildList.indexOf(symbol) != -1): null

2019-08-24 12:18:13 - [TEST_STEP][PASSED] - if (i == 4 &amp;&amp; wildList.indexOf(symbol) != -1): null

2019-08-24 12:18:13 - [TEST_STEP][PASSED] - symbol = symbol: null

2019-08-24 12:18:13 - [TEST_STEP][PASSED] - println(symbol): null

2019-08-24 12:18:13 - [TEST_STEP][PASSED] - if (i == 2 &amp;&amp; wildList.indexOf(symbol) != -1): null

2019-08-24 12:18:13 - [TEST_STEP][PASSED] - if (i == 3 &amp;&amp; wildList.indexOf(symbol) != -1): null

2019-08-24 12:18:13 - [TEST_STEP][PASSED] - if (i == 4 &amp;&amp; wildList.indexOf(symbol) != -1): null

2019-08-24 12:18:13 - [TEST_STEP][PASSED] - symbol = symbol: null

2019-08-24 12:18:13 - [TEST_STEP][PASSED] - println(symbol): null

2019-08-24 12:18:13 - [TEST_STEP][PASSED] - if (i == 2 &amp;&amp; wildList.indexOf(symbol) != -1): null

2019-08-24 12:18:13 - [TEST_STEP][PASSED] - if (i == 3 &amp;&amp; wildList.indexOf(symbol) != -1): null

2019-08-24 12:18:13 - [TEST_STEP][PASSED] - if (i == 4 &amp;&amp; wildList.indexOf(symbol) != -1): null

2019-08-24 12:18:13 - [TEST_STEP][PASSED] - symbols = symbols: null

2019-08-24 12:18:13 - [TEST_STEP][PASSED] - for ([j = 0, j &lt; symbols.size(), (j++)]): null

2019-08-24 12:18:13 - [TEST_STEP][PASSED] - symbol = symbol: null

2019-08-24 12:18:13 - [TEST_STEP][PASSED] - println(symbol): null

2019-08-24 12:18:13 - [TEST_STEP][PASSED] - if (i == 2 &amp;&amp; wildList.indexOf(symbol) != -1): null

2019-08-24 12:18:13 - [TEST_STEP][PASSED] - if (i == 3 &amp;&amp; wildList.indexOf(symbol) != -1): null

2019-08-24 12:18:13 - [TEST_STEP][PASSED] - if (i == 4 &amp;&amp; wildList.indexOf(symbol) != -1): null

2019-08-24 12:18:13 - [TEST_STEP][PASSED] - symbol = symbol: null

2019-08-24 12:18:13 - [TEST_STEP][PASSED] - println(symbol): null

2019-08-24 12:18:13 - [TEST_STEP][PASSED] - if (i == 2 &amp;&amp; wildList.indexOf(symbol) != -1): null

2019-08-24 12:18:13 - [TEST_STEP][PASSED] - if (i == 3 &amp;&amp; wildList.indexOf(symbol) != -1): null

2019-08-24 12:18:13 - [TEST_STEP][PASSED] - if (i == 4 &amp;&amp; wildList.indexOf(symbol) != -1): null

2019-08-24 12:18:13 - [TEST_STEP][PASSED] - symbol = symbol: null

2019-08-24 12:18:13 - [TEST_STEP][PASSED] - println(symbol): null

2019-08-24 12:18:13 - [TEST_STEP][PASSED] - if (i == 2 &amp;&amp; wildList.indexOf(symbol) != -1): null

2019-08-24 12:18:13 - [TEST_STEP][PASSED] - if (i == 3 &amp;&amp; wildList.indexOf(symbol) != -1): null

2019-08-24 12:18:13 - [TEST_STEP][PASSED] - if (i == 4 &amp;&amp; wildList.indexOf(symbol) != -1): null

2019-08-24 12:18:13 - [TEST_STEP][PASSED] - symbols = symbols: null

2019-08-24 12:18:13 - [TEST_STEP][PASSED] - for ([j = 0, j &lt; symbols.size(), (j++)]): null

2019-08-24 12:18:13 - [TEST_STEP][PASSED] - symbol = symbol: null

2019-08-24 12:18:13 - [TEST_STEP][PASSED] - println(symbol): null

2019-08-24 12:18:13 - [TEST_STEP][PASSED] - if (i == 2 &amp;&amp; wildList.indexOf(symbol) != -1): null

2019-08-24 12:18:13 - [TEST_STEP][PASSED] - if (i == 3 &amp;&amp; wildList.indexOf(symbol) != -1): null

2019-08-24 12:18:13 - [TEST_STEP][PASSED] - if (i == 4 &amp;&amp; wildList.indexOf(symbol) != -1): null

2019-08-24 12:18:13 - [TEST_STEP][PASSED] - symbol = symbol: null

2019-08-24 12:18:13 - [TEST_STEP][PASSED] - println(symbol): null

2019-08-24 12:18:13 - [TEST_STEP][PASSED] - if (i == 2 &amp;&amp; wildList.indexOf(symbol) != -1): null

2019-08-24 12:18:13 - [TEST_STEP][PASSED] - if (i == 3 &amp;&amp; wildList.indexOf(symbol) != -1): null

2019-08-24 12:18:13 - [TEST_STEP][PASSED] - if (i == 4 &amp;&amp; wildList.indexOf(symbol) != -1): null

2019-08-24 12:18:13 - [TEST_STEP][PASSED] - symbol = symbol: null

2019-08-24 12:18:13 - [TEST_STEP][PASSED] - println(symbol): null

2019-08-24 12:18:13 - [TEST_STEP][PASSED] - if (i == 2 &amp;&amp; wildList.indexOf(symbol) != -1): null

2019-08-24 12:18:13 - [TEST_STEP][PASSED] - if (i == 3 &amp;&amp; wildList.indexOf(symbol) != -1): null

2019-08-24 12:18:13 - [TEST_STEP][PASSED] - if (i == 4 &amp;&amp; wildList.indexOf(symbol) != -1): null

2019-08-24 12:18:13 - [TEST_STEP][PASSED] - symbols = symbols: null

2019-08-24 12:18:13 - [TEST_STEP][PASSED] - for ([j = 0, j &lt; symbols.size(), (j++)]): null

2019-08-24 12:18:13 - [TEST_STEP][PASSED] - symbol = symbol: null

2019-08-24 12:18:13 - [TEST_STEP][PASSED] - println(symbol): null

2019-08-24 12:18:13 - [TEST_STEP][PASSED] - if (i == 2 &amp;&amp; wildList.indexOf(symbol) != -1): null

2019-08-24 12:18:13 - [TEST_STEP][PASSED] - if (i == 3 &amp;&amp; wildList.indexOf(symbol) != -1): null

2019-08-24 12:18:13 - [TEST_STEP][PASSED] - if (i == 4 &amp;&amp; wildList.indexOf(symbol) != -1): null

2019-08-24 12:18:13 - [TEST_STEP][PASSED] - symbol = symbol: null

2019-08-24 12:18:13 - [TEST_STEP][PASSED] - println(symbol): null

2019-08-24 12:18:13 - [TEST_STEP][PASSED] - if (i == 2 &amp;&amp; wildList.indexOf(symbol) != -1): null

2019-08-24 12:18:13 - [TEST_STEP][PASSED] - if (i == 3 &amp;&amp; wildList.indexOf(symbol) != -1): null

2019-08-24 12:18:13 - [TEST_STEP][PASSED] - if (i == 4 &amp;&amp; wildList.indexOf(symbol) != -1): null

2019-08-24 12:18:13 - [TEST_STEP][PASSED] - symbol = symbol: null

2019-08-24 12:18:13 - [TEST_STEP][PASSED] - println(symbol): null

2019-08-24 12:18:13 - [TEST_STEP][PASSED] - if (i == 2 &amp;&amp; wildList.indexOf(symbol) != -1): null

2019-08-24 12:18:13 - [TEST_STEP][PASSED] - if (i == 3 &amp;&amp; wildList.indexOf(symbol) != -1): null

2019-08-24 12:18:13 - [TEST_STEP][PASSED] - if (i == 4 &amp;&amp; wildList.indexOf(symbol) != -1): null

2019-08-24 12:18:13 - [TEST_STEP][PASSED] - symbols = symbols: null

2019-08-24 12:18:13 - [TEST_STEP][PASSED] - for ([j = 0, j &lt; symbols.size(), (j++)]): null

2019-08-24 12:18:13 - [TEST_STEP][PASSED] - symbol = symbol: null

2019-08-24 12:18:13 - [TEST_STEP][PASSED] - println(symbol): null

2019-08-24 12:18:13 - [TEST_STEP][PASSED] - if (i == 2 &amp;&amp; wildList.indexOf(symbol) != -1): null

2019-08-24 12:18:13 - [TEST_STEP][PASSED] - if (i == 3 &amp;&amp; wildList.indexOf(symbol) != -1): null

2019-08-24 12:18:13 - [TEST_STEP][PASSED] - if (i == 4 &amp;&amp; wildList.indexOf(symbol) != -1): null

2019-08-24 12:18:13 - [TEST_STEP][PASSED] - symbol = symbol: null

2019-08-24 12:18:13 - [TEST_STEP][PASSED] - println(symbol): null

2019-08-24 12:18:13 - [TEST_STEP][PASSED] - if (i == 2 &amp;&amp; wildList.indexOf(symbol) != -1): null

2019-08-24 12:18:13 - [TEST_STEP][PASSED] - if (i == 3 &amp;&amp; wildList.indexOf(symbol) != -1): null

2019-08-24 12:18:13 - [TEST_STEP][PASSED] - if (i == 4 &amp;&amp; wildList.indexOf(symbol) != -1): null

2019-08-24 12:18:13 - [TEST_STEP][PASSED] - symbol = symbol: null

2019-08-24 12:18:13 - [TEST_STEP][PASSED] - println(symbol): null

2019-08-24 12:18:13 - [TEST_STEP][PASSED] - if (i == 2 &amp;&amp; wildList.indexOf(symbol) != -1): null

2019-08-24 12:18:13 - [TEST_STEP][PASSED] - if (i == 3 &amp;&amp; wildList.indexOf(symbol) != -1): null

2019-08-24 12:18:13 - [TEST_STEP][PASSED] - if (i == 4 &amp;&amp; wildList.indexOf(symbol) != -1): null

2019-08-24 12:18:13 - [TEST_STEP][PASSED] - free_spin_reel_counter = free_spin_reel_counter: null

2019-08-24 12:18:13 - [TEST_STEP][PASSED] - println("reel 3 wild found: " + free_spin_reel_counter[0]): null

2019-08-24 12:18:13 - [TEST_STEP][PASSED] - println("reel 4 wild found: " + free_spin_reel_counter[1]): null

2019-08-24 12:18:13 - [TEST_STEP][PASSED] - println("reel 5 wild found: " + free_spin_reel_counter[2]): null

2019-08-24 12:18:13 - [TEST_STEP][PASSED] - M4_spin_reels = M4_spin_reels: null

2019-08-24 12:18:13 - [TEST_STEP][PASSED] - M4_spin_reels_symbols = symbol: null

2019-08-24 12:18:13 - [TEST_STEP][PASSED] - M4_spin_reels_symbols = M4_spin_reels_symbols: null

2019-08-24 12:18:13 - [TEST_STEP][PASSED] - M4_spin_reel_wins = reel_wins: null

2019-08-24 12:18:13 - [TEST_STEP][PASSED] - M4_spin_reel_wins = M4_spin_reel_wins: null

2019-08-24 12:18:13 - [TEST_STEP][PASSED] - println("GlobalVariable.M4_spin_reel_wins is: " + M4_spin_reel_wins): null

2019-08-24 12:18:13 - [TEST_STEP][PASSED] - M4_spin_total_bonus_win_this_round = total_bonus_win_this_round: null

2019-08-24 12:18:13 - [TEST_STEP][PASSED] - M4_spin_total_bonus_win_this_round = M4_spin_total_bonus_win_this_round: null

2019-08-24 12:18:13 - [TEST_STEP][PASSED] - println("GlobalVariable.M4_spin_total_bonus_win_this_round is: " + M4_spin_total_bonus_win_this_round): null

2019-08-24 12:18:13 - [TEST_STEP][PASSED] - M4_spin_bonus_spin_result = spin_result: null

2019-08-24 12:18:13 - [TEST_STEP][PASSED] - M4_spin_bonus_spin_result = M4_spin_bonus_spin_result: null

2019-08-24 12:18:13 - [MESSAGE][PASSED] - Verify response successfully

2019-08-24 12:18:13 - [MESSAGE][PASSED] - Send request and verify the response successfully

2019-08-24 12:18:13 - [TEST_STEP][PASSED] - if (M4_total_bonus_spins_int != 0 &amp;&amp; M4_spin_reels_symbols[2].contains("WILD_ExtraFG") || M4_spin_reels_symbols[3].contains("WILD_ExtraFG")): null

2019-08-24 12:18:13 - [TEST_STEP][PASSED] - free_spin_reel_counter = free_spin_reel_counter: null

2019-08-24 12:18:13 - [TEST_STEP][PASSED] - M4_spin_reels_symbols = M4_spin_reels_symbols: null

2019-08-24 12:18:13 - [TEST_STEP][PASSED] - M4_total_bonus_spins = M4_total_bonus_spins: null

2019-08-24 12:18:13 - [TEST_STEP][PASSED] - spin_result = sendRequestAndVerify(findTestObject("INT/RGS(M4)/1_M4_spin", ["M4_login_user_id":M4_login_user_id, "rgs_session_token":rgs_session_token, "partner":Partner])): Send request and verify the response successfully

2019-08-24 12:18:13 - [MESSAGE][INFO] - HAR: /Users/eiralee/Katalon_Script/SuperWild/Reports/20190824_120919/INT/superWild_3/20190824_120919/requests/main/150.har

2019-08-24 12:18:13 - [TEST_CASE][PASSED] - Start Test Case : Verification: Verification accomplished successfully

2019-08-24 12:18:14 - [TEST_STEP][PASSED] - request = getInstance().getCurrentRequest(): null

2019-08-24 12:18:14 - [TEST_STEP][PASSED] - response = getInstance().getCurrentResponse(): null

2019-08-24 12:18:14 - [TEST_STEP][PASSED] - verifyResponseStatusCode(response, 200): Verify response status code successfully

2019-08-24 12:18:14 - [MESSAGE][PASSED] - Verify response status code successfully

2019-08-24 12:18:14 - [TEST_STEP][PASSED] - getStatusCode()).isEqualTo(200): null

2019-08-24 12:18:14 - [TEST_STEP][PASSED] - newline = System.getProperty("line.separator"): null

2019-08-24 12:18:14 - [TEST_STEP][PASSED] - M4_spin = new groovy.json.JsonSlurper(): null

2019-08-24 12:18:14 - [TEST_STEP][PASSED] - result_M4_spin = M4_spin.parseText(response.getResponseBodyContent()): null

2019-08-24 12:18:14 - [TEST_STEP][PASSED] - M4_spin_current_balance = current_balance: null

2019-08-24 12:18:14 - [TEST_STEP][PASSED] - M4_spin_current_balance = M4_spin_current_balance: null

2019-08-24 12:18:14 - [TEST_STEP][PASSED] - M4_spin_transaction_id = causality: null

2019-08-24 12:18:14 - [TEST_STEP][PASSED] - M4_spin_transaction_id = M4_spin_transaction_id: null

2019-08-24 12:18:14 - [TEST_STEP][PASSED] - M4_spin_round_id = round_id: null

2019-08-24 12:18:14 - [TEST_STEP][PASSED] - M4_spin_round_id = M4_spin_round_id: null

2019-08-24 12:18:14 - [TEST_STEP][PASSED] - M4_spin_line_wins = line_wins: null

2019-08-24 12:18:14 - [TEST_STEP][PASSED] - M4_spin_line_wins = M4_spin_line_wins: null

2019-08-24 12:18:14 - [TEST_STEP][PASSED] - M4_total_bonus_spins_int = total_bonus_spins: null

2019-08-24 12:18:14 - [TEST_STEP][PASSED] - println("******M4_total_bonus_spins type is:*******" + newline + getClass().getName()): null

2019-08-24 12:18:14 - [TEST_STEP][PASSED] - M4_total_bonus_spins_int = M4_total_bonus_spins_int: null

2019-08-24 12:18:14 - [TEST_STEP][PASSED] - M4_total_bonus_spins = Integer.toString(M4_total_bonus_spins_int): null

2019-08-24 12:18:14 - [TEST_STEP][PASSED] - M4_total_bonus_spins = M4_total_bonus_spins: null

2019-08-24 12:18:14 - [TEST_STEP][PASSED] - println("M4_total_bonus_spins is:" + M4_total_bonus_spins): null

2019-08-24 12:18:14 - [TEST_STEP][PASSED] - M4_spin_bonus_data = bonus_data: null

2019-08-24 12:18:14 - [TEST_STEP][PASSED] - M4_spin_features_triggered = result_M4_spin: null

2019-08-24 12:18:14 - [TEST_STEP][PASSED] - wild = []: null

2019-08-24 12:18:14 - [TEST_STEP][PASSED] - wild[0] = "WILD_Expanding": null

2019-08-24 12:18:14 - [TEST_STEP][PASSED] - wild[1] = "WILD_Normal": null

2019-08-24 12:18:14 - [TEST_STEP][PASSED] - wild[2] = "WILD_Double": null

2019-08-24 12:18:14 - [TEST_STEP][PASSED] - wild[3] = "WILD_ExtraFG": null

2019-08-24 12:18:14 - [TEST_STEP][PASSED] - wild[4] = "WILD_Triple": null

2019-08-24 12:18:14 - [TEST_STEP][PASSED] - wildList = Arrays.asList(wild): null

2019-08-24 12:18:14 - [TEST_STEP][PASSED] - wildList = wildList: null

2019-08-24 12:18:14 - [TEST_STEP][PASSED] - free_spin_reel_counter = []: null

2019-08-24 12:18:14 - [TEST_STEP][PASSED] - free_spin_reel_counter[0] = 0: null

2019-08-24 12:18:14 - [TEST_STEP][PASSED] - free_spin_reel_counter[1] = 0: null

2019-08-24 12:18:14 - [TEST_STEP][PASSED] - free_spin_reel_counter[2] = 0: null

2019-08-24 12:18:14 - [TEST_STEP][PASSED] - M4_spin_reels = reels: null

2019-08-24 12:18:14 - [TEST_STEP][PASSED] - for ([i = 0, i &lt; M4_spin_reels.size(), (i++)]): null

2019-08-24 12:18:14 - [TEST_STEP][PASSED] - symbols = symbols: null

2019-08-24 12:18:14 - [TEST_STEP][PASSED] - for ([j = 0, j &lt; symbols.size(), (j++)]): null

2019-08-24 12:18:14 - [TEST_STEP][PASSED] - symbol = symbol: null

2019-08-24 12:18:14 - [TEST_STEP][PASSED] - println(symbol): null

2019-08-24 12:18:14 - [TEST_STEP][PASSED] - if (i == 2 &amp;&amp; wildList.indexOf(symbol) != -1): null

2019-08-24 12:18:14 - [TEST_STEP][PASSED] - if (i == 3 &amp;&amp; wildList.indexOf(symbol) != -1): null

2019-08-24 12:18:14 - [TEST_STEP][PASSED] - if (i == 4 &amp;&amp; wildList.indexOf(symbol) != -1): null

2019-08-24 12:18:14 - [TEST_STEP][PASSED] - symbol = symbol: null

2019-08-24 12:18:14 - [TEST_STEP][PASSED] - println(symbol): null

2019-08-24 12:18:14 - [TEST_STEP][PASSED] - if (i == 2 &amp;&amp; wildList.indexOf(symbol) != -1): null

2019-08-24 12:18:14 - [TEST_STEP][PASSED] - if (i == 3 &amp;&amp; wildList.indexOf(symbol) != -1): null

2019-08-24 12:18:14 - [TEST_STEP][PASSED] - if (i == 4 &amp;&amp; wildList.indexOf(symbol) != -1): null

2019-08-24 12:18:14 - [TEST_STEP][PASSED] - symbol = symbol: null

2019-08-24 12:18:14 - [TEST_STEP][PASSED] - println(symbol): null

2019-08-24 12:18:14 - [TEST_STEP][PASSED] - if (i == 2 &amp;&amp; wildList.indexOf(symbol) != -1): null

2019-08-24 12:18:14 - [TEST_STEP][PASSED] - if (i == 3 &amp;&amp; wildList.indexOf(symbol) != -1): null

2019-08-24 12:18:14 - [TEST_STEP][PASSED] - if (i == 4 &amp;&amp; wildList.indexOf(symbol) != -1): null

2019-08-24 12:18:14 - [TEST_STEP][PASSED] - symbols = symbols: null

2019-08-24 12:18:14 - [TEST_STEP][PASSED] - for ([j = 0, j &lt; symbols.size(), (j++)]): null

2019-08-24 12:18:14 - [TEST_STEP][PASSED] - symbol = symbol: null

2019-08-24 12:18:14 - [TEST_STEP][PASSED] - println(symbol): null

2019-08-24 12:18:14 - [TEST_STEP][PASSED] - if (i == 2 &amp;&amp; wildList.indexOf(symbol) != -1): null

2019-08-24 12:18:14 - [TEST_STEP][PASSED] - if (i == 3 &amp;&amp; wildList.indexOf(symbol) != -1): null

2019-08-24 12:18:14 - [TEST_STEP][PASSED] - if (i == 4 &amp;&amp; wildList.indexOf(symbol) != -1): null

2019-08-24 12:18:14 - [TEST_STEP][PASSED] - symbol = symbol: null

2019-08-24 12:18:14 - [TEST_STEP][PASSED] - println(symbol): null

2019-08-24 12:18:14 - [TEST_STEP][PASSED] - if (i == 2 &amp;&amp; wildList.indexOf(symbol) != -1): null

2019-08-24 12:18:14 - [TEST_STEP][PASSED] - if (i == 3 &amp;&amp; wildList.indexOf(symbol) != -1): null

2019-08-24 12:18:14 - [TEST_STEP][PASSED] - if (i == 4 &amp;&amp; wildList.indexOf(symbol) != -1): null

2019-08-24 12:18:14 - [TEST_STEP][PASSED] - symbol = symbol: null

2019-08-24 12:18:14 - [TEST_STEP][PASSED] - println(symbol): null

2019-08-24 12:18:14 - [TEST_STEP][PASSED] - if (i == 2 &amp;&amp; wildList.indexOf(symbol) != -1): null

2019-08-24 12:18:14 - [TEST_STEP][PASSED] - if (i == 3 &amp;&amp; wildList.indexOf(symbol) != -1): null

2019-08-24 12:18:14 - [TEST_STEP][PASSED] - if (i == 4 &amp;&amp; wildList.indexOf(symbol) != -1): null

2019-08-24 12:18:14 - [TEST_STEP][PASSED] - symbols = symbols: null

2019-08-24 12:18:14 - [TEST_STEP][PASSED] - for ([j = 0, j &lt; symbols.size(), (j++)]): null

2019-08-24 12:18:14 - [TEST_STEP][PASSED] - symbol = symbol: null

2019-08-24 12:18:14 - [TEST_STEP][PASSED] - println(symbol): null

2019-08-24 12:18:14 - [TEST_STEP][PASSED] - if (i == 2 &amp;&amp; wildList.indexOf(symbol) != -1): null

2019-08-24 12:18:14 - [TEST_STEP][PASSED] - if (i == 3 &amp;&amp; wildList.indexOf(symbol) != -1): null

2019-08-24 12:18:14 - [TEST_STEP][PASSED] - if (i == 4 &amp;&amp; wildList.indexOf(symbol) != -1): null

2019-08-24 12:18:14 - [TEST_STEP][PASSED] - symbol = symbol: null

2019-08-24 12:18:14 - [TEST_STEP][PASSED] - println(symbol): null

2019-08-24 12:18:14 - [TEST_STEP][PASSED] - if (i == 2 &amp;&amp; wildList.indexOf(symbol) != -1): null

2019-08-24 12:18:14 - [TEST_STEP][PASSED] - if (i == 3 &amp;&amp; wildList.indexOf(symbol) != -1): null

2019-08-24 12:18:17 - [TEST_STEP][PASSED] - if (i == 4 &amp;&amp; wildList.indexOf(symbol) != -1): null

2019-08-24 12:18:17 - [TEST_STEP][PASSED] - symbol = symbol: null

2019-08-24 12:18:17 - [TEST_STEP][PASSED] - println(symbol): null

2019-08-24 12:18:17 - [TEST_STEP][PASSED] - if (i == 2 &amp;&amp; wildList.indexOf(symbol) != -1): null

2019-08-24 12:18:17 - [TEST_STEP][PASSED] - if (i == 3 &amp;&amp; wildList.indexOf(symbol) != -1): null

2019-08-24 12:18:17 - [TEST_STEP][PASSED] - if (i == 4 &amp;&amp; wildList.indexOf(symbol) != -1): null

2019-08-24 12:18:17 - [TEST_STEP][PASSED] - symbols = symbols: null

2019-08-24 12:18:17 - [TEST_STEP][PASSED] - for ([j = 0, j &lt; symbols.size(), (j++)]): null

2019-08-24 12:18:17 - [TEST_STEP][PASSED] - symbol = symbol: null

2019-08-24 12:18:17 - [TEST_STEP][PASSED] - println(symbol): null

2019-08-24 12:18:20 - [TEST_STEP][PASSED] - if (i == 2 &amp;&amp; wildList.indexOf(symbol) != -1): null

2019-08-24 12:18:20 - [TEST_STEP][PASSED] - if (i == 3 &amp;&amp; wildList.indexOf(symbol) != -1): null

2019-08-24 12:18:20 - [TEST_STEP][PASSED] - if (i == 4 &amp;&amp; wildList.indexOf(symbol) != -1): null

2019-08-24 12:18:20 - [TEST_STEP][PASSED] - symbol = symbol: null

2019-08-24 12:18:20 - [TEST_STEP][PASSED] - println(symbol): null

2019-08-24 12:18:20 - [TEST_STEP][PASSED] - if (i == 2 &amp;&amp; wildList.indexOf(symbol) != -1): null

2019-08-24 12:18:20 - [TEST_STEP][PASSED] - if (i == 3 &amp;&amp; wildList.indexOf(symbol) != -1): null

2019-08-24 12:18:20 - [TEST_STEP][PASSED] - if (i == 4 &amp;&amp; wildList.indexOf(symbol) != -1): null

2019-08-24 12:18:20 - [TEST_STEP][PASSED] - symbol = symbol: null

2019-08-24 12:18:20 - [TEST_STEP][PASSED] - println(symbol): null

2019-08-24 12:18:20 - [TEST_STEP][PASSED] - if (i == 2 &amp;&amp; wildList.indexOf(symbol) != -1): null

2019-08-24 12:18:20 - [TEST_STEP][PASSED] - if (i == 3 &amp;&amp; wildList.indexOf(symbol) != -1): null

2019-08-24 12:18:20 - [TEST_STEP][PASSED] - if (i == 4 &amp;&amp; wildList.indexOf(symbol) != -1): null

2019-08-24 12:18:20 - [TEST_STEP][PASSED] - symbols = symbols: null

2019-08-24 12:18:20 - [TEST_STEP][PASSED] - for ([j = 0, j &lt; symbols.size(), (j++)]): null

2019-08-24 12:18:20 - [TEST_STEP][PASSED] - symbol = symbol: null

2019-08-24 12:18:20 - [TEST_STEP][PASSED] - println(symbol): null

2019-08-24 12:18:20 - [TEST_STEP][PASSED] - if (i == 2 &amp;&amp; wildList.indexOf(symbol) != -1): null

2019-08-24 12:18:20 - [TEST_STEP][PASSED] - if (i == 3 &amp;&amp; wildList.indexOf(symbol) != -1): null

2019-08-24 12:18:20 - [TEST_STEP][PASSED] - if (i == 4 &amp;&amp; wildList.indexOf(symbol) != -1): null

2019-08-24 12:18:20 - [TEST_STEP][PASSED] - symbol = symbol: null

2019-08-24 12:18:20 - [TEST_STEP][PASSED] - println(symbol): null

2019-08-24 12:18:20 - [TEST_STEP][PASSED] - if (i == 2 &amp;&amp; wildList.indexOf(symbol) != -1): null

2019-08-24 12:18:20 - [TEST_STEP][PASSED] - if (i == 3 &amp;&amp; wildList.indexOf(symbol) != -1): null

2019-08-24 12:18:20 - [TEST_STEP][PASSED] - if (i == 4 &amp;&amp; wildList.indexOf(symbol) != -1): null

2019-08-24 12:18:20 - [TEST_STEP][PASSED] - symbol = symbol: null

2019-08-24 12:18:20 - [TEST_STEP][PASSED] - println(symbol): null

2019-08-24 12:18:20 - [TEST_STEP][PASSED] - if (i == 2 &amp;&amp; wildList.indexOf(symbol) != -1): null

2019-08-24 12:18:20 - [TEST_STEP][PASSED] - if (i == 3 &amp;&amp; wildList.indexOf(symbol) != -1): null

2019-08-24 12:18:20 - [TEST_STEP][PASSED] - if (i == 4 &amp;&amp; wildList.indexOf(symbol) != -1): null

2019-08-24 12:18:20 - [TEST_STEP][PASSED] - free_spin_reel_counter = free_spin_reel_counter: null

2019-08-24 12:18:20 - [TEST_STEP][PASSED] - println("reel 3 wild found: " + free_spin_reel_counter[0]): null

2019-08-24 12:18:20 - [TEST_STEP][PASSED] - println("reel 4 wild found: " + free_spin_reel_counter[1]): null

2019-08-24 12:18:20 - [TEST_STEP][PASSED] - println("reel 5 wild found: " + free_spin_reel_counter[2]): null

2019-08-24 12:18:20 - [TEST_STEP][PASSED] - M4_spin_reels = M4_spin_reels: null

2019-08-24 12:18:20 - [TEST_STEP][PASSED] - M4_spin_reels_symbols = symbol: null

2019-08-24 12:18:20 - [TEST_STEP][PASSED] - M4_spin_reels_symbols = M4_spin_reels_symbols: null

2019-08-24 12:18:20 - [TEST_STEP][PASSED] - M4_spin_reel_wins = reel_wins: null

2019-08-24 12:18:20 - [TEST_STEP][PASSED] - M4_spin_reel_wins = M4_spin_reel_wins: null

2019-08-24 12:18:20 - [TEST_STEP][PASSED] - println("GlobalVariable.M4_spin_reel_wins is: " + M4_spin_reel_wins): null

2019-08-24 12:18:20 - [TEST_STEP][PASSED] - M4_spin_total_bonus_win_this_round = total_bonus_win_this_round: null

2019-08-24 12:18:20 - [TEST_STEP][PASSED] - M4_spin_total_bonus_win_this_round = M4_spin_total_bonus_win_this_round: null

2019-08-24 12:18:20 - [TEST_STEP][PASSED] - println("GlobalVariable.M4_spin_total_bonus_win_this_round is: " + M4_spin_total_bonus_win_this_round): null

2019-08-24 12:18:20 - [TEST_STEP][PASSED] - M4_spin_bonus_spin_result = spin_result: null

2019-08-24 12:18:20 - [TEST_STEP][PASSED] - M4_spin_bonus_spin_result = M4_spin_bonus_spin_result: null

2019-08-24 12:18:20 - [MESSAGE][PASSED] - Verify response successfully

2019-08-24 12:18:20 - [MESSAGE][PASSED] - Send request and verify the response successfully

2019-08-24 12:18:20 - [TEST_STEP][PASSED] - if (M4_total_bonus_spins_int != 0 &amp;&amp; M4_spin_reels_symbols[2].contains("WILD_ExtraFG") || M4_spin_reels_symbols[3].contains("WILD_ExtraFG")): null

2019-08-24 12:18:20 - [TEST_STEP][PASSED] - free_spin_reel_counter = free_spin_reel_counter: null

2019-08-24 12:18:20 - [TEST_STEP][PASSED] - M4_spin_reels_symbols = M4_spin_reels_symbols: null

2019-08-24 12:18:20 - [TEST_STEP][PASSED] - M4_total_bonus_spins = M4_total_bonus_spins: null

2019-08-24 12:18:20 - [TEST_STEP][PASSED] - spin_result = sendRequestAndVerify(findTestObject("INT/RGS(M4)/1_M4_spin", ["M4_login_user_id":M4_login_user_id, "rgs_session_token":rgs_session_token, "partner":Partner])): Send request and verify the response successfully

2019-08-24 12:18:21 - [MESSAGE][INFO] - HAR: /Users/eiralee/Katalon_Script/SuperWild/Reports/20190824_120919/INT/superWild_3/20190824_120919/requests/main/151.har

2019-08-24 12:18:21 - [TEST_CASE][PASSED] - Start Test Case : Verification: Verification accomplished successfully

2019-08-24 12:18:21 - [TEST_STEP][PASSED] - request = getInstance().getCurrentRequest(): null

2019-08-24 12:18:21 - [TEST_STEP][PASSED] - response = getInstance().getCurrentResponse(): null

2019-08-24 12:18:21 - [TEST_STEP][PASSED] - verifyResponseStatusCode(response, 200): Verify response status code successfully

2019-08-24 12:18:21 - [MESSAGE][PASSED] - Verify response status code successfully

2019-08-24 12:18:21 - [TEST_STEP][PASSED] - getStatusCode()).isEqualTo(200): null

2019-08-24 12:18:21 - [TEST_STEP][PASSED] - newline = System.getProperty("line.separator"): null

2019-08-24 12:18:21 - [TEST_STEP][PASSED] - M4_spin = new groovy.json.JsonSlurper(): null

2019-08-24 12:18:21 - [TEST_STEP][PASSED] - result_M4_spin = M4_spin.parseText(response.getResponseBodyContent()): null

2019-08-24 12:18:21 - [TEST_STEP][PASSED] - M4_spin_current_balance = current_balance: null

2019-08-24 12:18:21 - [TEST_STEP][PASSED] - M4_spin_current_balance = M4_spin_current_balance: null

2019-08-24 12:18:21 - [TEST_STEP][PASSED] - M4_spin_transaction_id = causality: null

2019-08-24 12:18:21 - [TEST_STEP][PASSED] - M4_spin_transaction_id = M4_spin_transaction_id: null

2019-08-24 12:18:21 - [TEST_STEP][PASSED] - M4_spin_round_id = round_id: null

2019-08-24 12:18:21 - [TEST_STEP][PASSED] - M4_spin_round_id = M4_spin_round_id: null

2019-08-24 12:18:21 - [TEST_STEP][PASSED] - M4_spin_line_wins = line_wins: null

2019-08-24 12:18:21 - [TEST_STEP][PASSED] - M4_spin_line_wins = M4_spin_line_wins: null

2019-08-24 12:18:21 - [TEST_STEP][PASSED] - M4_total_bonus_spins_int = total_bonus_spins: null

2019-08-24 12:18:21 - [TEST_STEP][PASSED] - println("******M4_total_bonus_spins type is:*******" + newline + getClass().getName()): null

2019-08-24 12:18:21 - [TEST_STEP][PASSED] - M4_total_bonus_spins_int = M4_total_bonus_spins_int: null

2019-08-24 12:18:21 - [TEST_STEP][PASSED] - M4_total_bonus_spins = Integer.toString(M4_total_bonus_spins_int): null

2019-08-24 12:18:21 - [TEST_STEP][PASSED] - M4_total_bonus_spins = M4_total_bonus_spins: null

2019-08-24 12:18:21 - [TEST_STEP][PASSED] - println("M4_total_bonus_spins is:" + M4_total_bonus_spins): null

2019-08-24 12:18:21 - [TEST_STEP][PASSED] - M4_spin_bonus_data = bonus_data: null

2019-08-24 12:18:21 - [TEST_STEP][PASSED] - M4_spin_features_triggered = result_M4_spin: null

2019-08-24 12:18:21 - [TEST_STEP][PASSED] - wild = []: null

2019-08-24 12:18:21 - [TEST_STEP][PASSED] - wild[0] = "WILD_Expanding": null

2019-08-24 12:18:21 - [TEST_STEP][PASSED] - wild[1] = "WILD_Normal": null

2019-08-24 12:18:21 - [TEST_STEP][PASSED] - wild[2] = "WILD_Double": null

2019-08-24 12:18:21 - [TEST_STEP][PASSED] - wild[3] = "WILD_ExtraFG": null

2019-08-24 12:18:21 - [TEST_STEP][PASSED] - wild[4] = "WILD_Triple": null

2019-08-24 12:18:21 - [TEST_STEP][PASSED] - wildList = Arrays.asList(wild): null

2019-08-24 12:18:21 - [TEST_STEP][PASSED] - wildList = wildList: null

2019-08-24 12:18:21 - [TEST_STEP][PASSED] - free_spin_reel_counter = []: null

2019-08-24 12:18:21 - [TEST_STEP][PASSED] - free_spin_reel_counter[0] = 0: null

2019-08-24 12:18:21 - [TEST_STEP][PASSED] - free_spin_reel_counter[1] = 0: null

2019-08-24 12:18:21 - [TEST_STEP][PASSED] - free_spin_reel_counter[2] = 0: null

2019-08-24 12:18:21 - [TEST_STEP][PASSED] - M4_spin_reels = reels: null

2019-08-24 12:18:21 - [TEST_STEP][PASSED] - for ([i = 0, i &lt; M4_spin_reels.size(), (i++)]): null

2019-08-24 12:18:21 - [TEST_STEP][PASSED] - symbols = symbols: null

2019-08-24 12:18:21 - [TEST_STEP][PASSED] - for ([j = 0, j &lt; symbols.size(), (j++)]): null

2019-08-24 12:18:21 - [TEST_STEP][PASSED] - symbol = symbol: null

2019-08-24 12:18:21 - [TEST_STEP][PASSED] - println(symbol): null

2019-08-24 12:18:21 - [TEST_STEP][PASSED] - if (i == 2 &amp;&amp; wildList.indexOf(symbol) != -1): null

2019-08-24 12:18:21 - [TEST_STEP][PASSED] - if (i == 3 &amp;&amp; wildList.indexOf(symbol) != -1): null

2019-08-24 12:18:21 - [TEST_STEP][PASSED] - if (i == 4 &amp;&amp; wildList.indexOf(symbol) != -1): null

2019-08-24 12:18:21 - [TEST_STEP][PASSED] - symbol = symbol: null

2019-08-24 12:18:21 - [TEST_STEP][PASSED] - println(symbol): null

2019-08-24 12:18:21 - [TEST_STEP][PASSED] - if (i == 2 &amp;&amp; wildList.indexOf(symbol) != -1): null

2019-08-24 12:18:21 - [TEST_STEP][PASSED] - if (i == 3 &amp;&amp; wildList.indexOf(symbol) != -1): null

2019-08-24 12:18:21 - [TEST_STEP][PASSED] - if (i == 4 &amp;&amp; wildList.indexOf(symbol) != -1): null

2019-08-24 12:18:21 - [TEST_STEP][PASSED] - symbol = symbol: null

2019-08-24 12:18:21 - [TEST_STEP][PASSED] - println(symbol): null

2019-08-24 12:18:21 - [TEST_STEP][PASSED] - if (i == 2 &amp;&amp; wildList.indexOf(symbol) != -1): null

2019-08-24 12:18:21 - [TEST_STEP][PASSED] - if (i == 3 &amp;&amp; wildList.indexOf(symbol) != -1): null

2019-08-24 12:18:21 - [TEST_STEP][PASSED] - if (i == 4 &amp;&amp; wildList.indexOf(symbol) != -1): null

2019-08-24 12:18:21 - [TEST_STEP][PASSED] - symbols = symbols: null

2019-08-24 12:18:21 - [TEST_STEP][PASSED] - for ([j = 0, j &lt; symbols.size(), (j++)]): null

2019-08-24 12:18:21 - [TEST_STEP][PASSED] - symbol = symbol: null

2019-08-24 12:18:21 - [TEST_STEP][PASSED] - println(symbol): null

2019-08-24 12:18:21 - [TEST_STEP][PASSED] - if (i == 2 &amp;&amp; wildList.indexOf(symbol) != -1): null

2019-08-24 12:18:21 - [TEST_STEP][PASSED] - if (i == 3 &amp;&amp; wildList.indexOf(symbol) != -1): null

2019-08-24 12:18:21 - [TEST_STEP][PASSED] - if (i == 4 &amp;&amp; wildList.indexOf(symbol) != -1): null

2019-08-24 12:18:21 - [TEST_STEP][PASSED] - symbol = symbol: null

2019-08-24 12:18:21 - [TEST_STEP][PASSED] - println(symbol): null

2019-08-24 12:18:21 - [TEST_STEP][PASSED] - if (i == 2 &amp;&amp; wildList.indexOf(symbol) != -1): null

2019-08-24 12:18:21 - [TEST_STEP][PASSED] - if (i == 3 &amp;&amp; wildList.indexOf(symbol) != -1): null

2019-08-24 12:18:21 - [TEST_STEP][PASSED] - if (i == 4 &amp;&amp; wildList.indexOf(symbol) != -1): null

2019-08-24 12:18:21 - [TEST_STEP][PASSED] - symbol = symbol: null

2019-08-24 12:18:21 - [TEST_STEP][PASSED] - println(symbol): null

2019-08-24 12:18:21 - [TEST_STEP][PASSED] - if (i == 2 &amp;&amp; wildList.indexOf(symbol) != -1): null

2019-08-24 12:18:21 - [TEST_STEP][PASSED] - if (i == 3 &amp;&amp; wildList.indexOf(symbol) != -1): null

2019-08-24 12:18:21 - [TEST_STEP][PASSED] - if (i == 4 &amp;&amp; wildList.indexOf(symbol) != -1): null

2019-08-24 12:18:21 - [TEST_STEP][PASSED] - symbols = symbols: null

2019-08-24 12:18:21 - [TEST_STEP][PASSED] - for ([j = 0, j &lt; symbols.size(), (j++)]): null

2019-08-24 12:18:21 - [TEST_STEP][PASSED] - symbol = symbol: null

2019-08-24 12:18:21 - [TEST_STEP][PASSED] - println(symbol): null

2019-08-24 12:18:21 - [TEST_STEP][PASSED] - if (i == 2 &amp;&amp; wildList.indexOf(symbol) != -1): null

2019-08-24 12:18:21 - [TEST_STEP][PASSED] - println("wild found on reel 3, adding counter by 1"): null

2019-08-24 12:18:21 - [TEST_STEP][PASSED] - free_spin_reel_counter[0] = free_spin_reel_counter[0] + 1: null

2019-08-24 12:18:21 - [TEST_STEP][PASSED] - if (i == 3 &amp;&amp; wildList.indexOf(symbol) != -1): null

2019-08-24 12:18:21 - [TEST_STEP][PASSED] - if (i == 4 &amp;&amp; wildList.indexOf(symbol) != -1): null

2019-08-24 12:18:21 - [TEST_STEP][PASSED] - symbol = symbol: null

2019-08-24 12:18:21 - [TEST_STEP][PASSED] - println(symbol): null

2019-08-24 12:18:21 - [TEST_STEP][PASSED] - if (i == 2 &amp;&amp; wildList.indexOf(symbol) != -1): null

2019-08-24 12:18:21 - [TEST_STEP][PASSED] - if (i == 3 &amp;&amp; wildList.indexOf(symbol) != -1): null

2019-08-24 12:18:21 - [TEST_STEP][PASSED] - if (i == 4 &amp;&amp; wildList.indexOf(symbol) != -1): null

2019-08-24 12:18:21 - [TEST_STEP][PASSED] - symbol = symbol: null

2019-08-24 12:18:21 - [TEST_STEP][PASSED] - println(symbol): null

2019-08-24 12:18:21 - [TEST_STEP][PASSED] - if (i == 2 &amp;&amp; wildList.indexOf(symbol) != -1): null

2019-08-24 12:18:21 - [TEST_STEP][PASSED] - if (i == 3 &amp;&amp; wildList.indexOf(symbol) != -1): null

2019-08-24 12:18:21 - [TEST_STEP][PASSED] - if (i == 4 &amp;&amp; wildList.indexOf(symbol) != -1): null

2019-08-24 12:18:21 - [TEST_STEP][PASSED] - symbols = symbols: null

2019-08-24 12:18:21 - [TEST_STEP][PASSED] - for ([j = 0, j &lt; symbols.size(), (j++)]): null

2019-08-24 12:18:21 - [TEST_STEP][PASSED] - symbol = symbol: null

2019-08-24 12:18:21 - [TEST_STEP][PASSED] - println(symbol): null

2019-08-24 12:18:21 - [TEST_STEP][PASSED] - if (i == 2 &amp;&amp; wildList.indexOf(symbol) != -1): null

2019-08-24 12:18:21 - [TEST_STEP][PASSED] - if (i == 3 &amp;&amp; wildList.indexOf(symbol) != -1): null

2019-08-24 12:18:21 - [TEST_STEP][PASSED] - if (i == 4 &amp;&amp; wildList.indexOf(symbol) != -1): null

2019-08-24 12:18:21 - [TEST_STEP][PASSED] - symbol = symbol: null

2019-08-24 12:18:21 - [TEST_STEP][PASSED] - println(symbol): null

2019-08-24 12:18:21 - [TEST_STEP][PASSED] - if (i == 2 &amp;&amp; wildList.indexOf(symbol) != -1): null

2019-08-24 12:18:21 - [TEST_STEP][PASSED] - if (i == 3 &amp;&amp; wildList.indexOf(symbol) != -1): null

2019-08-24 12:18:21 - [TEST_STEP][PASSED] - if (i == 4 &amp;&amp; wildList.indexOf(symbol) != -1): null

2019-08-24 12:18:21 - [TEST_STEP][PASSED] - symbol = symbol: null

2019-08-24 12:18:21 - [TEST_STEP][PASSED] - println(symbol): null

2019-08-24 12:18:21 - [TEST_STEP][PASSED] - if (i == 2 &amp;&amp; wildList.indexOf(symbol) != -1): null

2019-08-24 12:18:21 - [TEST_STEP][PASSED] - if (i == 3 &amp;&amp; wildList.indexOf(symbol) != -1): null

2019-08-24 12:18:21 - [TEST_STEP][PASSED] - if (i == 4 &amp;&amp; wildList.indexOf(symbol) != -1): null

2019-08-24 12:18:21 - [TEST_STEP][PASSED] - symbols = symbols: null

2019-08-24 12:18:21 - [TEST_STEP][PASSED] - for ([j = 0, j &lt; symbols.size(), (j++)]): null

2019-08-24 12:18:21 - [TEST_STEP][PASSED] - symbol = symbol: null

2019-08-24 12:18:21 - [TEST_STEP][PASSED] - println(symbol): null

2019-08-24 12:18:21 - [TEST_STEP][PASSED] - if (i == 2 &amp;&amp; wildList.indexOf(symbol) != -1): null

2019-08-24 12:18:21 - [TEST_STEP][PASSED] - if (i == 3 &amp;&amp; wildList.indexOf(symbol) != -1): null

2019-08-24 12:18:21 - [TEST_STEP][PASSED] - if (i == 4 &amp;&amp; wildList.indexOf(symbol) != -1): null

2019-08-24 12:18:21 - [TEST_STEP][PASSED] - symbol = symbol: null

2019-08-24 12:18:21 - [TEST_STEP][PASSED] - println(symbol): null

2019-08-24 12:18:21 - [TEST_STEP][PASSED] - if (i == 2 &amp;&amp; wildList.indexOf(symbol) != -1): null

2019-08-24 12:18:21 - [TEST_STEP][PASSED] - if (i == 3 &amp;&amp; wildList.indexOf(symbol) != -1): null

2019-08-24 12:18:21 - [TEST_STEP][PASSED] - if (i == 4 &amp;&amp; wildList.indexOf(symbol) != -1): null

2019-08-24 12:18:21 - [TEST_STEP][PASSED] - symbol = symbol: null

2019-08-24 12:18:21 - [TEST_STEP][PASSED] - println(symbol): null

2019-08-24 12:18:21 - [TEST_STEP][PASSED] - if (i == 2 &amp;&amp; wildList.indexOf(symbol) != -1): null

2019-08-24 12:18:21 - [TEST_STEP][PASSED] - if (i == 3 &amp;&amp; wildList.indexOf(symbol) != -1): null

2019-08-24 12:18:21 - [TEST_STEP][PASSED] - if (i == 4 &amp;&amp; wildList.indexOf(symbol) != -1): null

2019-08-24 12:18:21 - [TEST_STEP][PASSED] - free_spin_reel_counter = free_spin_reel_counter: null

2019-08-24 12:18:21 - [TEST_STEP][PASSED] - println("reel 3 wild found: " + free_spin_reel_counter[0]): null

2019-08-24 12:18:21 - [TEST_STEP][PASSED] - println("reel 4 wild found: " + free_spin_reel_counter[1]): null

2019-08-24 12:18:21 - [TEST_STEP][PASSED] - println("reel 5 wild found: " + free_spin_reel_counter[2]): null

2019-08-24 12:18:21 - [TEST_STEP][PASSED] - M4_spin_reels = M4_spin_reels: null

2019-08-24 12:18:21 - [TEST_STEP][PASSED] - M4_spin_reels_symbols = symbol: null

2019-08-24 12:18:21 - [TEST_STEP][PASSED] - M4_spin_reels_symbols = M4_spin_reels_symbols: null

2019-08-24 12:18:21 - [TEST_STEP][PASSED] - M4_spin_reel_wins = reel_wins: null

2019-08-24 12:18:21 - [TEST_STEP][PASSED] - M4_spin_reel_wins = M4_spin_reel_wins: null

2019-08-24 12:18:21 - [TEST_STEP][PASSED] - println("GlobalVariable.M4_spin_reel_wins is: " + M4_spin_reel_wins): null

2019-08-24 12:18:21 - [TEST_STEP][PASSED] - M4_spin_total_bonus_win_this_round = total_bonus_win_this_round: null

2019-08-24 12:18:21 - [TEST_STEP][PASSED] - M4_spin_total_bonus_win_this_round = M4_spin_total_bonus_win_this_round: null

2019-08-24 12:18:21 - [TEST_STEP][PASSED] - println("GlobalVariable.M4_spin_total_bonus_win_this_round is: " + M4_spin_total_bonus_win_this_round): null

2019-08-24 12:18:21 - [TEST_STEP][PASSED] - M4_spin_bonus_spin_result = spin_result: null

2019-08-24 12:18:21 - [TEST_STEP][PASSED] - M4_spin_bonus_spin_result = M4_spin_bonus_spin_result: null

2019-08-24 12:18:21 - [MESSAGE][PASSED] - Verify response successfully

2019-08-24 12:18:21 - [MESSAGE][PASSED] - Send request and verify the response successfully

2019-08-24 12:18:21 - [TEST_STEP][PASSED] - if (M4_total_bonus_spins_int != 0 &amp;&amp; M4_spin_reels_symbols[2].contains("WILD_ExtraFG") || M4_spin_reels_symbols[3].contains("WILD_ExtraFG")): null

2019-08-24 12:18:21 - [TEST_STEP][PASSED] - free_spin_reel_counter = free_spin_reel_counter: null

2019-08-24 12:18:21 - [TEST_STEP][PASSED] - M4_spin_reels_symbols = M4_spin_reels_symbols: null

2019-08-24 12:18:21 - [TEST_STEP][PASSED] - M4_total_bonus_spins = M4_total_bonus_spins: null

2019-08-24 12:18:21 - [TEST_STEP][PASSED] - spin_result = sendRequestAndVerify(findTestObject("INT/RGS(M4)/1_M4_spin", ["M4_login_user_id":M4_login_user_id, "rgs_session_token":rgs_session_token, "partner":Partner])): Send request and verify the response successfully

2019-08-24 12:18:22 - [MESSAGE][INFO] - HAR: /Users/eiralee/Katalon_Script/SuperWild/Reports/20190824_120919/INT/superWild_3/20190824_120919/requests/main/152.har

2019-08-24 12:18:22 - [TEST_CASE][PASSED] - Start Test Case : Verification: Verification accomplished successfully

2019-08-24 12:18:22 - [TEST_STEP][PASSED] - request = getInstance().getCurrentRequest(): null

2019-08-24 12:18:22 - [TEST_STEP][PASSED] - response = getInstance().getCurrentResponse(): null

2019-08-24 12:18:22 - [TEST_STEP][PASSED] - verifyResponseStatusCode(response, 200): Verify response status code successfully

2019-08-24 12:18:22 - [MESSAGE][PASSED] - Verify response status code successfully

2019-08-24 12:18:22 - [TEST_STEP][PASSED] - getStatusCode()).isEqualTo(200): null

2019-08-24 12:18:22 - [TEST_STEP][PASSED] - newline = System.getProperty("line.separator"): null

2019-08-24 12:18:22 - [TEST_STEP][PASSED] - M4_spin = new groovy.json.JsonSlurper(): null

2019-08-24 12:18:22 - [TEST_STEP][PASSED] - result_M4_spin = M4_spin.parseText(response.getResponseBodyContent()): null

2019-08-24 12:18:22 - [TEST_STEP][PASSED] - M4_spin_current_balance = current_balance: null

2019-08-24 12:18:22 - [TEST_STEP][PASSED] - M4_spin_current_balance = M4_spin_current_balance: null

2019-08-24 12:18:22 - [TEST_STEP][PASSED] - M4_spin_transaction_id = causality: null

2019-08-24 12:18:22 - [TEST_STEP][PASSED] - M4_spin_transaction_id = M4_spin_transaction_id: null

2019-08-24 12:18:22 - [TEST_STEP][PASSED] - M4_spin_round_id = round_id: null

2019-08-24 12:18:22 - [TEST_STEP][PASSED] - M4_spin_round_id = M4_spin_round_id: null

2019-08-24 12:18:22 - [TEST_STEP][PASSED] - M4_spin_line_wins = line_wins: null

2019-08-24 12:18:22 - [TEST_STEP][PASSED] - M4_spin_line_wins = M4_spin_line_wins: null

2019-08-24 12:18:22 - [TEST_STEP][PASSED] - M4_total_bonus_spins_int = total_bonus_spins: null

2019-08-24 12:18:22 - [TEST_STEP][PASSED] - println("******M4_total_bonus_spins type is:*******" + newline + getClass().getName()): null

2019-08-24 12:18:22 - [TEST_STEP][PASSED] - M4_total_bonus_spins_int = M4_total_bonus_spins_int: null

2019-08-24 12:18:22 - [TEST_STEP][PASSED] - M4_total_bonus_spins = Integer.toString(M4_total_bonus_spins_int): null

2019-08-24 12:18:22 - [TEST_STEP][PASSED] - M4_total_bonus_spins = M4_total_bonus_spins: null

2019-08-24 12:18:22 - [TEST_STEP][PASSED] - println("M4_total_bonus_spins is:" + M4_total_bonus_spins): null

2019-08-24 12:18:22 - [TEST_STEP][PASSED] - M4_spin_bonus_data = bonus_data: null

2019-08-24 12:18:22 - [TEST_STEP][PASSED] - M4_spin_features_triggered = result_M4_spin: null

2019-08-24 12:18:22 - [TEST_STEP][PASSED] - wild = []: null

2019-08-24 12:18:22 - [TEST_STEP][PASSED] - wild[0] = "WILD_Expanding": null

2019-08-24 12:18:22 - [TEST_STEP][PASSED] - wild[1] = "WILD_Normal": null

2019-08-24 12:18:22 - [TEST_STEP][PASSED] - wild[2] = "WILD_Double": null

2019-08-24 12:18:22 - [TEST_STEP][PASSED] - wild[3] = "WILD_ExtraFG": null

2019-08-24 12:18:22 - [TEST_STEP][PASSED] - wild[4] = "WILD_Triple": null

2019-08-24 12:18:22 - [TEST_STEP][PASSED] - wildList = Arrays.asList(wild): null

2019-08-24 12:18:22 - [TEST_STEP][PASSED] - wildList = wildList: null

2019-08-24 12:18:22 - [TEST_STEP][PASSED] - free_spin_reel_counter = []: null

2019-08-24 12:18:22 - [TEST_STEP][PASSED] - free_spin_reel_counter[0] = 0: null

2019-08-24 12:18:22 - [TEST_STEP][PASSED] - free_spin_reel_counter[1] = 0: null

2019-08-24 12:18:22 - [TEST_STEP][PASSED] - free_spin_reel_counter[2] = 0: null

2019-08-24 12:18:22 - [TEST_STEP][PASSED] - M4_spin_reels = reels: null

2019-08-24 12:18:22 - [TEST_STEP][PASSED] - for ([i = 0, i &lt; M4_spin_reels.size(), (i++)]): null

2019-08-24 12:18:22 - [TEST_STEP][PASSED] - symbols = symbols: null

2019-08-24 12:18:22 - [TEST_STEP][PASSED] - for ([j = 0, j &lt; symbols.size(), (j++)]): null

2019-08-24 12:18:22 - [TEST_STEP][PASSED] - symbol = symbol: null

2019-08-24 12:18:22 - [TEST_STEP][PASSED] - println(symbol): null

2019-08-24 12:18:22 - [TEST_STEP][PASSED] - if (i == 2 &amp;&amp; wildList.indexOf(symbol) != -1): null

2019-08-24 12:18:22 - [TEST_STEP][PASSED] - if (i == 3 &amp;&amp; wildList.indexOf(symbol) != -1): null

2019-08-24 12:18:22 - [TEST_STEP][PASSED] - if (i == 4 &amp;&amp; wildList.indexOf(symbol) != -1): null

2019-08-24 12:18:22 - [TEST_STEP][PASSED] - symbol = symbol: null

2019-08-24 12:18:22 - [TEST_STEP][PASSED] - println(symbol): null

2019-08-24 12:18:22 - [TEST_STEP][PASSED] - if (i == 2 &amp;&amp; wildList.indexOf(symbol) != -1): null

2019-08-24 12:18:22 - [TEST_STEP][PASSED] - if (i == 3 &amp;&amp; wildList.indexOf(symbol) != -1): null

2019-08-24 12:18:22 - [TEST_STEP][PASSED] - if (i == 4 &amp;&amp; wildList.indexOf(symbol) != -1): null

2019-08-24 12:18:22 - [TEST_STEP][PASSED] - symbol = symbol: null

2019-08-24 12:18:22 - [TEST_STEP][PASSED] - println(symbol): null

2019-08-24 12:18:22 - [TEST_STEP][PASSED] - if (i == 2 &amp;&amp; wildList.indexOf(symbol) != -1): null

2019-08-24 12:18:22 - [TEST_STEP][PASSED] - if (i == 3 &amp;&amp; wildList.indexOf(symbol) != -1): null

2019-08-24 12:18:22 - [TEST_STEP][PASSED] - if (i == 4 &amp;&amp; wildList.indexOf(symbol) != -1): null

2019-08-24 12:18:22 - [TEST_STEP][PASSED] - symbols = symbols: null

2019-08-24 12:18:22 - [TEST_STEP][PASSED] - for ([j = 0, j &lt; symbols.size(), (j++)]): null

2019-08-24 12:18:22 - [TEST_STEP][PASSED] - symbol = symbol: null

2019-08-24 12:18:22 - [TEST_STEP][PASSED] - println(symbol): null

2019-08-24 12:18:22 - [TEST_STEP][PASSED] - if (i == 2 &amp;&amp; wildList.indexOf(symbol) != -1): null

2019-08-24 12:18:22 - [TEST_STEP][PASSED] - if (i == 3 &amp;&amp; wildList.indexOf(symbol) != -1): null

2019-08-24 12:18:22 - [TEST_STEP][PASSED] - if (i == 4 &amp;&amp; wildList.indexOf(symbol) != -1): null

2019-08-24 12:18:22 - [TEST_STEP][PASSED] - symbol = symbol: null

2019-08-24 12:18:22 - [TEST_STEP][PASSED] - println(symbol): null

2019-08-24 12:18:22 - [TEST_STEP][PASSED] - if (i == 2 &amp;&amp; wildList.indexOf(symbol) != -1): null

2019-08-24 12:18:22 - [TEST_STEP][PASSED] - if (i == 3 &amp;&amp; wildList.indexOf(symbol) != -1): null

2019-08-24 12:18:22 - [TEST_STEP][PASSED] - if (i == 4 &amp;&amp; wildList.indexOf(symbol) != -1): null

2019-08-24 12:18:22 - [TEST_STEP][PASSED] - symbol = symbol: null

2019-08-24 12:18:22 - [TEST_STEP][PASSED] - println(symbol): null

2019-08-24 12:18:22 - [TEST_STEP][PASSED] - if (i == 2 &amp;&amp; wildList.indexOf(symbol) != -1): null

2019-08-24 12:18:22 - [TEST_STEP][PASSED] - if (i == 3 &amp;&amp; wildList.indexOf(symbol) != -1): null

2019-08-24 12:18:22 - [TEST_STEP][PASSED] - if (i == 4 &amp;&amp; wildList.indexOf(symbol) != -1): null

2019-08-24 12:18:22 - [TEST_STEP][PASSED] - symbols = symbols: null

2019-08-24 12:18:22 - [TEST_STEP][PASSED] - for ([j = 0, j &lt; symbols.size(), (j++)]): null

2019-08-24 12:18:22 - [TEST_STEP][PASSED] - symbol = symbol: null

2019-08-24 12:18:22 - [TEST_STEP][PASSED] - println(symbol): null

2019-08-24 12:18:22 - [TEST_STEP][PASSED] - if (i == 2 &amp;&amp; wildList.indexOf(symbol) != -1): null

2019-08-24 12:18:22 - [TEST_STEP][PASSED] - if (i == 3 &amp;&amp; wildList.indexOf(symbol) != -1): null

2019-08-24 12:18:22 - [TEST_STEP][PASSED] - if (i == 4 &amp;&amp; wildList.indexOf(symbol) != -1): null

2019-08-24 12:18:22 - [TEST_STEP][PASSED] - symbol = symbol: null

2019-08-24 12:18:22 - [TEST_STEP][PASSED] - println(symbol): null

2019-08-24 12:18:22 - [TEST_STEP][PASSED] - if (i == 2 &amp;&amp; wildList.indexOf(symbol) != -1): null

2019-08-24 12:18:22 - [TEST_STEP][PASSED] - if (i == 3 &amp;&amp; wildList.indexOf(symbol) != -1): null

2019-08-24 12:18:22 - [TEST_STEP][PASSED] - if (i == 4 &amp;&amp; wildList.indexOf(symbol) != -1): null

2019-08-24 12:18:22 - [TEST_STEP][PASSED] - symbol = symbol: null

2019-08-24 12:18:22 - [TEST_STEP][PASSED] - println(symbol): null

2019-08-24 12:18:22 - [TEST_STEP][PASSED] - if (i == 2 &amp;&amp; wildList.indexOf(symbol) != -1): null

2019-08-24 12:18:22 - [TEST_STEP][PASSED] - if (i == 3 &amp;&amp; wildList.indexOf(symbol) != -1): null

2019-08-24 12:18:22 - [TEST_STEP][PASSED] - if (i == 4 &amp;&amp; wildList.indexOf(symbol) != -1): null

2019-08-24 12:18:22 - [TEST_STEP][PASSED] - symbols = symbols: null

2019-08-24 12:18:22 - [TEST_STEP][PASSED] - for ([j = 0, j &lt; symbols.size(), (j++)]): null

2019-08-24 12:18:22 - [TEST_STEP][PASSED] - symbol = symbol: null

2019-08-24 12:18:22 - [TEST_STEP][PASSED] - println(symbol): null

2019-08-24 12:18:22 - [TEST_STEP][PASSED] - if (i == 2 &amp;&amp; wildList.indexOf(symbol) != -1): null

2019-08-24 12:18:22 - [TEST_STEP][PASSED] - if (i == 3 &amp;&amp; wildList.indexOf(symbol) != -1): null

2019-08-24 12:18:22 - [TEST_STEP][PASSED] - if (i == 4 &amp;&amp; wildList.indexOf(symbol) != -1): null

2019-08-24 12:18:22 - [TEST_STEP][PASSED] - symbol = symbol: null

2019-08-24 12:18:22 - [TEST_STEP][PASSED] - println(symbol): null

2019-08-24 12:18:22 - [TEST_STEP][PASSED] - if (i == 2 &amp;&amp; wildList.indexOf(symbol) != -1): null

2019-08-24 12:18:22 - [TEST_STEP][PASSED] - if (i == 3 &amp;&amp; wildList.indexOf(symbol) != -1): null

2019-08-24 12:18:22 - [TEST_STEP][PASSED] - println("wild found on reel 4, adding counter by 1"): null

2019-08-24 12:18:22 - [TEST_STEP][PASSED] - free_spin_reel_counter[1] = free_spin_reel_counter[1] + 1: null

2019-08-24 12:18:22 - [TEST_STEP][PASSED] - if (i == 4 &amp;&amp; wildList.indexOf(symbol) != -1): null

2019-08-24 12:18:22 - [TEST_STEP][PASSED] - symbol = symbol: null

2019-08-24 12:18:22 - [TEST_STEP][PASSED] - println(symbol): null

2019-08-24 12:18:22 - [TEST_STEP][PASSED] - if (i == 2 &amp;&amp; wildList.indexOf(symbol) != -1): null

2019-08-24 12:18:22 - [TEST_STEP][PASSED] - if (i == 3 &amp;&amp; wildList.indexOf(symbol) != -1): null

2019-08-24 12:18:22 - [TEST_STEP][PASSED] - if (i == 4 &amp;&amp; wildList.indexOf(symbol) != -1): null

2019-08-24 12:18:22 - [TEST_STEP][PASSED] - symbols = symbols: null

2019-08-24 12:18:22 - [TEST_STEP][PASSED] - for ([j = 0, j &lt; symbols.size(), (j++)]): null

2019-08-24 12:18:22 - [TEST_STEP][PASSED] - symbol = symbol: null

2019-08-24 12:18:22 - [TEST_STEP][PASSED] - println(symbol): null

2019-08-24 12:18:22 - [TEST_STEP][PASSED] - if (i == 2 &amp;&amp; wildList.indexOf(symbol) != -1): null

2019-08-24 12:18:22 - [TEST_STEP][PASSED] - if (i == 3 &amp;&amp; wildList.indexOf(symbol) != -1): null

2019-08-24 12:18:22 - [TEST_STEP][PASSED] - if (i == 4 &amp;&amp; wildList.indexOf(symbol) != -1): null

2019-08-24 12:18:22 - [TEST_STEP][PASSED] - symbol = symbol: null

2019-08-24 12:18:22 - [TEST_STEP][PASSED] - println(symbol): null

2019-08-24 12:18:22 - [TEST_STEP][PASSED] - if (i == 2 &amp;&amp; wildList.indexOf(symbol) != -1): null

2019-08-24 12:18:22 - [TEST_STEP][PASSED] - if (i == 3 &amp;&amp; wildList.indexOf(symbol) != -1): null

2019-08-24 12:18:22 - [TEST_STEP][PASSED] - if (i == 4 &amp;&amp; wildList.indexOf(symbol) != -1): null

2019-08-24 12:18:22 - [TEST_STEP][PASSED] - symbol = symbol: null

2019-08-24 12:18:25 - [TEST_STEP][PASSED] - println(symbol): null

2019-08-24 12:18:25 - [TEST_STEP][PASSED] - if (i == 2 &amp;&amp; wildList.indexOf(symbol) != -1): null

2019-08-24 12:18:25 - [TEST_STEP][PASSED] - if (i == 3 &amp;&amp; wildList.indexOf(symbol) != -1): null

2019-08-24 12:18:25 - [TEST_STEP][PASSED] - if (i == 4 &amp;&amp; wildList.indexOf(symbol) != -1): null

2019-08-24 12:18:25 - [TEST_STEP][PASSED] - println("wild found on reel 5, adding counter by 1"): null

2019-08-24 12:18:25 - [TEST_STEP][PASSED] - free_spin_reel_counter[2] = free_spin_reel_counter[2] + 1: null

2019-08-24 12:18:25 - [TEST_STEP][PASSED] - free_spin_reel_counter = free_spin_reel_counter: null

2019-08-24 12:18:25 - [TEST_STEP][PASSED] - println("reel 3 wild found: " + free_spin_reel_counter[0]): null

2019-08-24 12:18:25 - [TEST_STEP][PASSED] - println("reel 4 wild found: " + free_spin_reel_counter[1]): null

2019-08-24 12:18:28 - [TEST_STEP][PASSED] - println("reel 5 wild found: " + free_spin_reel_counter[2]): null

2019-08-24 12:18:28 - [TEST_STEP][PASSED] - M4_spin_reels = M4_spin_reels: null

2019-08-24 12:18:28 - [TEST_STEP][PASSED] - M4_spin_reels_symbols = symbol: null

2019-08-24 12:18:28 - [TEST_STEP][PASSED] - M4_spin_reels_symbols = M4_spin_reels_symbols: null

2019-08-24 12:18:28 - [TEST_STEP][PASSED] - M4_spin_reel_wins = reel_wins: null

2019-08-24 12:18:28 - [TEST_STEP][PASSED] - M4_spin_reel_wins = M4_spin_reel_wins: null

2019-08-24 12:18:28 - [TEST_STEP][PASSED] - println("GlobalVariable.M4_spin_reel_wins is: " + M4_spin_reel_wins): null

2019-08-24 12:18:28 - [TEST_STEP][PASSED] - M4_spin_total_bonus_win_this_round = total_bonus_win_this_round: null

2019-08-24 12:18:28 - [TEST_STEP][PASSED] - M4_spin_total_bonus_win_this_round = M4_spin_total_bonus_win_this_round: null

2019-08-24 12:18:28 - [TEST_STEP][PASSED] - println("GlobalVariable.M4_spin_total_bonus_win_this_round is: " + M4_spin_total_bonus_win_this_round): null

2019-08-24 12:18:28 - [TEST_STEP][PASSED] - M4_spin_bonus_spin_result = spin_result: null

2019-08-24 12:18:28 - [TEST_STEP][PASSED] - M4_spin_bonus_spin_result = M4_spin_bonus_spin_result: null

2019-08-24 12:18:28 - [MESSAGE][PASSED] - Verify response successfully

2019-08-24 12:18:28 - [MESSAGE][PASSED] - Send request and verify the response successfully

2019-08-24 12:18:28 - [TEST_STEP][PASSED] - if (M4_total_bonus_spins_int != 0 &amp;&amp; M4_spin_reels_symbols[2].contains("WILD_ExtraFG") || M4_spin_reels_symbols[3].contains("WILD_ExtraFG")): null

2019-08-24 12:18:28 - [TEST_STEP][PASSED] - free_spin_reel_counter = free_spin_reel_counter: null

2019-08-24 12:18:28 - [TEST_STEP][PASSED] - M4_spin_reels_symbols = M4_spin_reels_symbols: null

2019-08-24 12:18:28 - [TEST_STEP][PASSED] - M4_total_bonus_spins = M4_total_bonus_spins: null

2019-08-24 12:18:28 - [TEST_STEP][PASSED] - spin_result = sendRequestAndVerify(findTestObject("INT/RGS(M4)/1_M4_spin", ["M4_login_user_id":M4_login_user_id, "rgs_session_token":rgs_session_token, "partner":Partner])): Send request and verify the response successfully

2019-08-24 12:18:29 - [MESSAGE][INFO] - HAR: /Users/eiralee/Katalon_Script/SuperWild/Reports/20190824_120919/INT/superWild_3/20190824_120919/requests/main/153.har

2019-08-24 12:18:29 - [TEST_CASE][PASSED] - Start Test Case : Verification: Verification accomplished successfully

2019-08-24 12:18:29 - [TEST_STEP][PASSED] - request = getInstance().getCurrentRequest(): null

2019-08-24 12:18:29 - [TEST_STEP][PASSED] - response = getInstance().getCurrentResponse(): null

2019-08-24 12:18:29 - [TEST_STEP][PASSED] - verifyResponseStatusCode(response, 200): Verify response status code successfully

2019-08-24 12:18:29 - [MESSAGE][PASSED] - Verify response status code successfully

2019-08-24 12:18:29 - [TEST_STEP][PASSED] - getStatusCode()).isEqualTo(200): null

2019-08-24 12:18:29 - [TEST_STEP][PASSED] - newline = System.getProperty("line.separator"): null

2019-08-24 12:18:29 - [TEST_STEP][PASSED] - M4_spin = new groovy.json.JsonSlurper(): null

2019-08-24 12:18:29 - [TEST_STEP][PASSED] - result_M4_spin = M4_spin.parseText(response.getResponseBodyContent()): null

2019-08-24 12:18:29 - [TEST_STEP][PASSED] - M4_spin_current_balance = current_balance: null

2019-08-24 12:18:29 - [TEST_STEP][PASSED] - M4_spin_current_balance = M4_spin_current_balance: null

2019-08-24 12:18:29 - [TEST_STEP][PASSED] - M4_spin_transaction_id = causality: null

2019-08-24 12:18:29 - [TEST_STEP][PASSED] - M4_spin_transaction_id = M4_spin_transaction_id: null

2019-08-24 12:18:29 - [TEST_STEP][PASSED] - M4_spin_round_id = round_id: null

2019-08-24 12:18:29 - [TEST_STEP][PASSED] - M4_spin_round_id = M4_spin_round_id: null

2019-08-24 12:18:29 - [TEST_STEP][PASSED] - M4_spin_line_wins = line_wins: null

2019-08-24 12:18:29 - [TEST_STEP][PASSED] - M4_spin_line_wins = M4_spin_line_wins: null

2019-08-24 12:18:29 - [TEST_STEP][PASSED] - M4_total_bonus_spins_int = total_bonus_spins: null

2019-08-24 12:18:29 - [TEST_STEP][PASSED] - println("******M4_total_bonus_spins type is:*******" + newline + getClass().getName()): null

2019-08-24 12:18:29 - [TEST_STEP][PASSED] - M4_total_bonus_spins_int = M4_total_bonus_spins_int: null

2019-08-24 12:18:29 - [TEST_STEP][PASSED] - M4_total_bonus_spins = Integer.toString(M4_total_bonus_spins_int): null

2019-08-24 12:18:29 - [TEST_STEP][PASSED] - M4_total_bonus_spins = M4_total_bonus_spins: null

2019-08-24 12:18:29 - [TEST_STEP][PASSED] - println("M4_total_bonus_spins is:" + M4_total_bonus_spins): null

2019-08-24 12:18:29 - [TEST_STEP][PASSED] - M4_spin_bonus_data = bonus_data: null

2019-08-24 12:18:29 - [TEST_STEP][PASSED] - M4_spin_features_triggered = result_M4_spin: null

2019-08-24 12:18:29 - [TEST_STEP][PASSED] - wild = []: null

2019-08-24 12:18:29 - [TEST_STEP][PASSED] - wild[0] = "WILD_Expanding": null

2019-08-24 12:18:29 - [TEST_STEP][PASSED] - wild[1] = "WILD_Normal": null

2019-08-24 12:18:29 - [TEST_STEP][PASSED] - wild[2] = "WILD_Double": null

2019-08-24 12:18:29 - [TEST_STEP][PASSED] - wild[3] = "WILD_ExtraFG": null

2019-08-24 12:18:29 - [TEST_STEP][PASSED] - wild[4] = "WILD_Triple": null

2019-08-24 12:18:29 - [TEST_STEP][PASSED] - wildList = Arrays.asList(wild): null

2019-08-24 12:18:29 - [TEST_STEP][PASSED] - wildList = wildList: null

2019-08-24 12:18:29 - [TEST_STEP][PASSED] - free_spin_reel_counter = []: null

2019-08-24 12:18:29 - [TEST_STEP][PASSED] - free_spin_reel_counter[0] = 0: null

2019-08-24 12:18:29 - [TEST_STEP][PASSED] - free_spin_reel_counter[1] = 0: null

2019-08-24 12:18:29 - [TEST_STEP][PASSED] - free_spin_reel_counter[2] = 0: null

2019-08-24 12:18:29 - [TEST_STEP][PASSED] - M4_spin_reels = reels: null

2019-08-24 12:18:29 - [TEST_STEP][PASSED] - for ([i = 0, i &lt; M4_spin_reels.size(), (i++)]): null

2019-08-24 12:18:29 - [TEST_STEP][PASSED] - symbols = symbols: null

2019-08-24 12:18:29 - [TEST_STEP][PASSED] - for ([j = 0, j &lt; symbols.size(), (j++)]): null

2019-08-24 12:18:29 - [TEST_STEP][PASSED] - symbol = symbol: null

2019-08-24 12:18:29 - [TEST_STEP][PASSED] - println(symbol): null

2019-08-24 12:18:29 - [TEST_STEP][PASSED] - if (i == 2 &amp;&amp; wildList.indexOf(symbol) != -1): null

2019-08-24 12:18:29 - [TEST_STEP][PASSED] - if (i == 3 &amp;&amp; wildList.indexOf(symbol) != -1): null

2019-08-24 12:18:29 - [TEST_STEP][PASSED] - if (i == 4 &amp;&amp; wildList.indexOf(symbol) != -1): null

2019-08-24 12:18:29 - [TEST_STEP][PASSED] - symbol = symbol: null

2019-08-24 12:18:29 - [TEST_STEP][PASSED] - println(symbol): null

2019-08-24 12:18:29 - [TEST_STEP][PASSED] - if (i == 2 &amp;&amp; wildList.indexOf(symbol) != -1): null

2019-08-24 12:18:29 - [TEST_STEP][PASSED] - if (i == 3 &amp;&amp; wildList.indexOf(symbol) != -1): null

2019-08-24 12:18:29 - [TEST_STEP][PASSED] - if (i == 4 &amp;&amp; wildList.indexOf(symbol) != -1): null

2019-08-24 12:18:29 - [TEST_STEP][PASSED] - symbol = symbol: null

2019-08-24 12:18:29 - [TEST_STEP][PASSED] - println(symbol): null

2019-08-24 12:18:29 - [TEST_STEP][PASSED] - if (i == 2 &amp;&amp; wildList.indexOf(symbol) != -1): null

2019-08-24 12:18:29 - [TEST_STEP][PASSED] - if (i == 3 &amp;&amp; wildList.indexOf(symbol) != -1): null

2019-08-24 12:18:29 - [TEST_STEP][PASSED] - if (i == 4 &amp;&amp; wildList.indexOf(symbol) != -1): null

2019-08-24 12:18:29 - [TEST_STEP][PASSED] - symbols = symbols: null

2019-08-24 12:18:29 - [TEST_STEP][PASSED] - for ([j = 0, j &lt; symbols.size(), (j++)]): null

2019-08-24 12:18:29 - [TEST_STEP][PASSED] - symbol = symbol: null

2019-08-24 12:18:29 - [TEST_STEP][PASSED] - println(symbol): null

2019-08-24 12:18:29 - [TEST_STEP][PASSED] - if (i == 2 &amp;&amp; wildList.indexOf(symbol) != -1): null

2019-08-24 12:18:29 - [TEST_STEP][PASSED] - if (i == 3 &amp;&amp; wildList.indexOf(symbol) != -1): null

2019-08-24 12:18:29 - [TEST_STEP][PASSED] - if (i == 4 &amp;&amp; wildList.indexOf(symbol) != -1): null

2019-08-24 12:18:29 - [TEST_STEP][PASSED] - symbol = symbol: null

2019-08-24 12:18:29 - [TEST_STEP][PASSED] - println(symbol): null

2019-08-24 12:18:29 - [TEST_STEP][PASSED] - if (i == 2 &amp;&amp; wildList.indexOf(symbol) != -1): null

2019-08-24 12:18:29 - [TEST_STEP][PASSED] - if (i == 3 &amp;&amp; wildList.indexOf(symbol) != -1): null

2019-08-24 12:18:29 - [TEST_STEP][PASSED] - if (i == 4 &amp;&amp; wildList.indexOf(symbol) != -1): null

2019-08-24 12:18:29 - [TEST_STEP][PASSED] - symbol = symbol: null

2019-08-24 12:18:29 - [TEST_STEP][PASSED] - println(symbol): null

2019-08-24 12:18:29 - [TEST_STEP][PASSED] - if (i == 2 &amp;&amp; wildList.indexOf(symbol) != -1): null

2019-08-24 12:18:29 - [TEST_STEP][PASSED] - if (i == 3 &amp;&amp; wildList.indexOf(symbol) != -1): null

2019-08-24 12:18:29 - [TEST_STEP][PASSED] - if (i == 4 &amp;&amp; wildList.indexOf(symbol) != -1): null

2019-08-24 12:18:29 - [TEST_STEP][PASSED] - symbols = symbols: null

2019-08-24 12:18:29 - [TEST_STEP][PASSED] - for ([j = 0, j &lt; symbols.size(), (j++)]): null

2019-08-24 12:18:29 - [TEST_STEP][PASSED] - symbol = symbol: null

2019-08-24 12:18:29 - [TEST_STEP][PASSED] - println(symbol): null

2019-08-24 12:18:29 - [TEST_STEP][PASSED] - if (i == 2 &amp;&amp; wildList.indexOf(symbol) != -1): null

2019-08-24 12:18:29 - [TEST_STEP][PASSED] - if (i == 3 &amp;&amp; wildList.indexOf(symbol) != -1): null

2019-08-24 12:18:29 - [TEST_STEP][PASSED] - if (i == 4 &amp;&amp; wildList.indexOf(symbol) != -1): null

2019-08-24 12:18:29 - [TEST_STEP][PASSED] - symbol = symbol: null

2019-08-24 12:18:29 - [TEST_STEP][PASSED] - println(symbol): null

2019-08-24 12:18:29 - [TEST_STEP][PASSED] - if (i == 2 &amp;&amp; wildList.indexOf(symbol) != -1): null

2019-08-24 12:18:29 - [TEST_STEP][PASSED] - if (i == 3 &amp;&amp; wildList.indexOf(symbol) != -1): null

2019-08-24 12:18:29 - [TEST_STEP][PASSED] - if (i == 4 &amp;&amp; wildList.indexOf(symbol) != -1): null

2019-08-24 12:18:29 - [TEST_STEP][PASSED] - symbol = symbol: null

2019-08-24 12:18:29 - [TEST_STEP][PASSED] - println(symbol): null

2019-08-24 12:18:29 - [TEST_STEP][PASSED] - if (i == 2 &amp;&amp; wildList.indexOf(symbol) != -1): null

2019-08-24 12:18:29 - [TEST_STEP][PASSED] - println("wild found on reel 3, adding counter by 1"): null

2019-08-24 12:18:29 - [TEST_STEP][PASSED] - free_spin_reel_counter[0] = free_spin_reel_counter[0] + 1: null

2019-08-24 12:18:29 - [TEST_STEP][PASSED] - if (i == 3 &amp;&amp; wildList.indexOf(symbol) != -1): null

2019-08-24 12:18:29 - [TEST_STEP][PASSED] - if (i == 4 &amp;&amp; wildList.indexOf(symbol) != -1): null

2019-08-24 12:18:29 - [TEST_STEP][PASSED] - symbols = symbols: null

2019-08-24 12:18:29 - [TEST_STEP][PASSED] - for ([j = 0, j &lt; symbols.size(), (j++)]): null

2019-08-24 12:18:29 - [TEST_STEP][PASSED] - symbol = symbol: null

2019-08-24 12:18:29 - [TEST_STEP][PASSED] - println(symbol): null

2019-08-24 12:18:29 - [TEST_STEP][PASSED] - if (i == 2 &amp;&amp; wildList.indexOf(symbol) != -1): null

2019-08-24 12:18:29 - [TEST_STEP][PASSED] - if (i == 3 &amp;&amp; wildList.indexOf(symbol) != -1): null

2019-08-24 12:18:29 - [TEST_STEP][PASSED] - if (i == 4 &amp;&amp; wildList.indexOf(symbol) != -1): null

2019-08-24 12:18:29 - [TEST_STEP][PASSED] - symbol = symbol: null

2019-08-24 12:18:29 - [TEST_STEP][PASSED] - println(symbol): null

2019-08-24 12:18:29 - [TEST_STEP][PASSED] - if (i == 2 &amp;&amp; wildList.indexOf(symbol) != -1): null

2019-08-24 12:18:29 - [TEST_STEP][PASSED] - if (i == 3 &amp;&amp; wildList.indexOf(symbol) != -1): null

2019-08-24 12:18:29 - [TEST_STEP][PASSED] - if (i == 4 &amp;&amp; wildList.indexOf(symbol) != -1): null

2019-08-24 12:18:29 - [TEST_STEP][PASSED] - symbol = symbol: null

2019-08-24 12:18:29 - [TEST_STEP][PASSED] - println(symbol): null

2019-08-24 12:18:29 - [TEST_STEP][PASSED] - if (i == 2 &amp;&amp; wildList.indexOf(symbol) != -1): null

2019-08-24 12:18:29 - [TEST_STEP][PASSED] - if (i == 3 &amp;&amp; wildList.indexOf(symbol) != -1): null

2019-08-24 12:18:29 - [TEST_STEP][PASSED] - if (i == 4 &amp;&amp; wildList.indexOf(symbol) != -1): null

2019-08-24 12:18:29 - [TEST_STEP][PASSED] - symbols = symbols: null

2019-08-24 12:18:29 - [TEST_STEP][PASSED] - for ([j = 0, j &lt; symbols.size(), (j++)]): null

2019-08-24 12:18:29 - [TEST_STEP][PASSED] - symbol = symbol: null

2019-08-24 12:18:29 - [TEST_STEP][PASSED] - println(symbol): null

2019-08-24 12:18:29 - [TEST_STEP][PASSED] - if (i == 2 &amp;&amp; wildList.indexOf(symbol) != -1): null

2019-08-24 12:18:29 - [TEST_STEP][PASSED] - if (i == 3 &amp;&amp; wildList.indexOf(symbol) != -1): null

2019-08-24 12:18:29 - [TEST_STEP][PASSED] - if (i == 4 &amp;&amp; wildList.indexOf(symbol) != -1): null

2019-08-24 12:18:29 - [TEST_STEP][PASSED] - symbol = symbol: null

2019-08-24 12:18:29 - [TEST_STEP][PASSED] - println(symbol): null

2019-08-24 12:18:29 - [TEST_STEP][PASSED] - if (i == 2 &amp;&amp; wildList.indexOf(symbol) != -1): null

2019-08-24 12:18:29 - [TEST_STEP][PASSED] - if (i == 3 &amp;&amp; wildList.indexOf(symbol) != -1): null

2019-08-24 12:18:29 - [TEST_STEP][PASSED] - if (i == 4 &amp;&amp; wildList.indexOf(symbol) != -1): null

2019-08-24 12:18:29 - [TEST_STEP][PASSED] - symbol = symbol: null

2019-08-24 12:18:29 - [TEST_STEP][PASSED] - println(symbol): null

2019-08-24 12:18:29 - [TEST_STEP][PASSED] - if (i == 2 &amp;&amp; wildList.indexOf(symbol) != -1): null

2019-08-24 12:18:29 - [TEST_STEP][PASSED] - if (i == 3 &amp;&amp; wildList.indexOf(symbol) != -1): null

2019-08-24 12:18:29 - [TEST_STEP][PASSED] - if (i == 4 &amp;&amp; wildList.indexOf(symbol) != -1): null

2019-08-24 12:18:29 - [TEST_STEP][PASSED] - free_spin_reel_counter = free_spin_reel_counter: null

2019-08-24 12:18:29 - [TEST_STEP][PASSED] - println("reel 3 wild found: " + free_spin_reel_counter[0]): null

2019-08-24 12:18:29 - [TEST_STEP][PASSED] - println("reel 4 wild found: " + free_spin_reel_counter[1]): null

2019-08-24 12:18:29 - [TEST_STEP][PASSED] - println("reel 5 wild found: " + free_spin_reel_counter[2]): null

2019-08-24 12:18:29 - [TEST_STEP][PASSED] - M4_spin_reels = M4_spin_reels: null

2019-08-24 12:18:29 - [TEST_STEP][PASSED] - M4_spin_reels_symbols = symbol: null

2019-08-24 12:18:29 - [TEST_STEP][PASSED] - M4_spin_reels_symbols = M4_spin_reels_symbols: null

2019-08-24 12:18:29 - [TEST_STEP][PASSED] - M4_spin_reel_wins = reel_wins: null

2019-08-24 12:18:29 - [TEST_STEP][PASSED] - M4_spin_reel_wins = M4_spin_reel_wins: null

2019-08-24 12:18:29 - [TEST_STEP][PASSED] - println("GlobalVariable.M4_spin_reel_wins is: " + M4_spin_reel_wins): null

2019-08-24 12:18:29 - [TEST_STEP][PASSED] - M4_spin_total_bonus_win_this_round = total_bonus_win_this_round: null

2019-08-24 12:18:29 - [TEST_STEP][PASSED] - M4_spin_total_bonus_win_this_round = M4_spin_total_bonus_win_this_round: null

2019-08-24 12:18:29 - [TEST_STEP][PASSED] - println("GlobalVariable.M4_spin_total_bonus_win_this_round is: " + M4_spin_total_bonus_win_this_round): null

2019-08-24 12:18:29 - [TEST_STEP][PASSED] - M4_spin_bonus_spin_result = spin_result: null

2019-08-24 12:18:29 - [TEST_STEP][PASSED] - M4_spin_bonus_spin_result = M4_spin_bonus_spin_result: null

2019-08-24 12:18:29 - [MESSAGE][PASSED] - Verify response successfully

2019-08-24 12:18:29 - [MESSAGE][PASSED] - Send request and verify the response successfully

2019-08-24 12:18:29 - [TEST_STEP][PASSED] - if (M4_total_bonus_spins_int != 0 &amp;&amp; M4_spin_reels_symbols[2].contains("WILD_ExtraFG") || M4_spin_reels_symbols[3].contains("WILD_ExtraFG")): null

2019-08-24 12:18:29 - [TEST_STEP][PASSED] - free_spin_reel_counter = free_spin_reel_counter: null

2019-08-24 12:18:29 - [TEST_STEP][PASSED] - M4_spin_reels_symbols = M4_spin_reels_symbols: null

2019-08-24 12:18:29 - [TEST_STEP][PASSED] - M4_total_bonus_spins = M4_total_bonus_spins: null

2019-08-24 12:18:29 - [TEST_STEP][PASSED] - spin_result = sendRequestAndVerify(findTestObject("INT/RGS(M4)/1_M4_spin", ["M4_login_user_id":M4_login_user_id, "rgs_session_token":rgs_session_token, "partner":Partner])): Send request and verify the response successfully

2019-08-24 12:18:29 - [MESSAGE][INFO] - HAR: /Users/eiralee/Katalon_Script/SuperWild/Reports/20190824_120919/INT/superWild_3/20190824_120919/requests/main/154.har

2019-08-24 12:18:30 - [TEST_CASE][PASSED] - Start Test Case : Verification: Verification accomplished successfully

2019-08-24 12:18:30 - [TEST_STEP][PASSED] - request = getInstance().getCurrentRequest(): null

2019-08-24 12:18:30 - [TEST_STEP][PASSED] - response = getInstance().getCurrentResponse(): null

2019-08-24 12:18:30 - [TEST_STEP][PASSED] - verifyResponseStatusCode(response, 200): Verify response status code successfully

2019-08-24 12:18:30 - [MESSAGE][PASSED] - Verify response status code successfully

2019-08-24 12:18:30 - [TEST_STEP][PASSED] - getStatusCode()).isEqualTo(200): null

2019-08-24 12:18:30 - [TEST_STEP][PASSED] - newline = System.getProperty("line.separator"): null

2019-08-24 12:18:30 - [TEST_STEP][PASSED] - M4_spin = new groovy.json.JsonSlurper(): null

2019-08-24 12:18:30 - [TEST_STEP][PASSED] - result_M4_spin = M4_spin.parseText(response.getResponseBodyContent()): null

2019-08-24 12:18:30 - [TEST_STEP][PASSED] - M4_spin_current_balance = current_balance: null

2019-08-24 12:18:30 - [TEST_STEP][PASSED] - M4_spin_current_balance = M4_spin_current_balance: null

2019-08-24 12:18:30 - [TEST_STEP][PASSED] - M4_spin_transaction_id = causality: null

2019-08-24 12:18:30 - [TEST_STEP][PASSED] - M4_spin_transaction_id = M4_spin_transaction_id: null

2019-08-24 12:18:30 - [TEST_STEP][PASSED] - M4_spin_round_id = round_id: null

2019-08-24 12:18:30 - [TEST_STEP][PASSED] - M4_spin_round_id = M4_spin_round_id: null

2019-08-24 12:18:30 - [TEST_STEP][PASSED] - M4_spin_line_wins = line_wins: null

2019-08-24 12:18:30 - [TEST_STEP][PASSED] - M4_spin_line_wins = M4_spin_line_wins: null

2019-08-24 12:18:30 - [TEST_STEP][PASSED] - M4_total_bonus_spins_int = total_bonus_spins: null

2019-08-24 12:18:30 - [TEST_STEP][PASSED] - println("******M4_total_bonus_spins type is:*******" + newline + getClass().getName()): null

2019-08-24 12:18:30 - [TEST_STEP][PASSED] - M4_total_bonus_spins_int = M4_total_bonus_spins_int: null

2019-08-24 12:18:30 - [TEST_STEP][PASSED] - M4_total_bonus_spins = Integer.toString(M4_total_bonus_spins_int): null

2019-08-24 12:18:30 - [TEST_STEP][PASSED] - M4_total_bonus_spins = M4_total_bonus_spins: null

2019-08-24 12:18:30 - [TEST_STEP][PASSED] - println("M4_total_bonus_spins is:" + M4_total_bonus_spins): null

2019-08-24 12:18:30 - [TEST_STEP][PASSED] - M4_spin_bonus_data = bonus_data: null

2019-08-24 12:18:30 - [TEST_STEP][PASSED] - M4_spin_features_triggered = result_M4_spin: null

2019-08-24 12:18:30 - [TEST_STEP][PASSED] - wild = []: null

2019-08-24 12:18:30 - [TEST_STEP][PASSED] - wild[0] = "WILD_Expanding": null

2019-08-24 12:18:30 - [TEST_STEP][PASSED] - wild[1] = "WILD_Normal": null

2019-08-24 12:18:30 - [TEST_STEP][PASSED] - wild[2] = "WILD_Double": null

2019-08-24 12:18:30 - [TEST_STEP][PASSED] - wild[3] = "WILD_ExtraFG": null

2019-08-24 12:18:30 - [TEST_STEP][PASSED] - wild[4] = "WILD_Triple": null

2019-08-24 12:18:30 - [TEST_STEP][PASSED] - wildList = Arrays.asList(wild): null

2019-08-24 12:18:30 - [TEST_STEP][PASSED] - wildList = wildList: null

2019-08-24 12:18:30 - [TEST_STEP][PASSED] - free_spin_reel_counter = []: null

2019-08-24 12:18:30 - [TEST_STEP][PASSED] - free_spin_reel_counter[0] = 0: null

2019-08-24 12:18:30 - [TEST_STEP][PASSED] - free_spin_reel_counter[1] = 0: null

2019-08-24 12:18:30 - [TEST_STEP][PASSED] - free_spin_reel_counter[2] = 0: null

2019-08-24 12:18:30 - [TEST_STEP][PASSED] - M4_spin_reels = reels: null

2019-08-24 12:18:30 - [TEST_STEP][PASSED] - for ([i = 0, i &lt; M4_spin_reels.size(), (i++)]): null

2019-08-24 12:18:30 - [TEST_STEP][PASSED] - symbols = symbols: null

2019-08-24 12:18:30 - [TEST_STEP][PASSED] - for ([j = 0, j &lt; symbols.size(), (j++)]): null

2019-08-24 12:18:30 - [TEST_STEP][PASSED] - symbol = symbol: null

2019-08-24 12:18:30 - [TEST_STEP][PASSED] - println(symbol): null

2019-08-24 12:18:30 - [TEST_STEP][PASSED] - if (i == 2 &amp;&amp; wildList.indexOf(symbol) != -1): null

2019-08-24 12:18:30 - [TEST_STEP][PASSED] - if (i == 3 &amp;&amp; wildList.indexOf(symbol) != -1): null

2019-08-24 12:18:30 - [TEST_STEP][PASSED] - if (i == 4 &amp;&amp; wildList.indexOf(symbol) != -1): null

2019-08-24 12:18:30 - [TEST_STEP][PASSED] - symbol = symbol: null

2019-08-24 12:18:30 - [TEST_STEP][PASSED] - println(symbol): null

2019-08-24 12:18:30 - [TEST_STEP][PASSED] - if (i == 2 &amp;&amp; wildList.indexOf(symbol) != -1): null

2019-08-24 12:18:30 - [TEST_STEP][PASSED] - if (i == 3 &amp;&amp; wildList.indexOf(symbol) != -1): null

2019-08-24 12:18:30 - [TEST_STEP][PASSED] - if (i == 4 &amp;&amp; wildList.indexOf(symbol) != -1): null

2019-08-24 12:18:30 - [TEST_STEP][PASSED] - symbol = symbol: null

2019-08-24 12:18:30 - [TEST_STEP][PASSED] - println(symbol): null

2019-08-24 12:18:30 - [TEST_STEP][PASSED] - if (i == 2 &amp;&amp; wildList.indexOf(symbol) != -1): null

2019-08-24 12:18:30 - [TEST_STEP][PASSED] - if (i == 3 &amp;&amp; wildList.indexOf(symbol) != -1): null

2019-08-24 12:18:30 - [TEST_STEP][PASSED] - if (i == 4 &amp;&amp; wildList.indexOf(symbol) != -1): null

2019-08-24 12:18:30 - [TEST_STEP][PASSED] - symbols = symbols: null

2019-08-24 12:18:30 - [TEST_STEP][PASSED] - for ([j = 0, j &lt; symbols.size(), (j++)]): null

2019-08-24 12:18:30 - [TEST_STEP][PASSED] - symbol = symbol: null

2019-08-24 12:18:30 - [TEST_STEP][PASSED] - println(symbol): null

2019-08-24 12:18:30 - [TEST_STEP][PASSED] - if (i == 2 &amp;&amp; wildList.indexOf(symbol) != -1): null

2019-08-24 12:18:30 - [TEST_STEP][PASSED] - if (i == 3 &amp;&amp; wildList.indexOf(symbol) != -1): null

2019-08-24 12:18:30 - [TEST_STEP][PASSED] - if (i == 4 &amp;&amp; wildList.indexOf(symbol) != -1): null

2019-08-24 12:18:30 - [TEST_STEP][PASSED] - symbol = symbol: null

2019-08-24 12:18:30 - [TEST_STEP][PASSED] - println(symbol): null

2019-08-24 12:18:30 - [TEST_STEP][PASSED] - if (i == 2 &amp;&amp; wildList.indexOf(symbol) != -1): null

2019-08-24 12:18:30 - [TEST_STEP][PASSED] - if (i == 3 &amp;&amp; wildList.indexOf(symbol) != -1): null

2019-08-24 12:18:30 - [TEST_STEP][PASSED] - if (i == 4 &amp;&amp; wildList.indexOf(symbol) != -1): null

2019-08-24 12:18:30 - [TEST_STEP][PASSED] - symbol = symbol: null

2019-08-24 12:18:30 - [TEST_STEP][PASSED] - println(symbol): null

2019-08-24 12:18:30 - [TEST_STEP][PASSED] - if (i == 2 &amp;&amp; wildList.indexOf(symbol) != -1): null

2019-08-24 12:18:30 - [TEST_STEP][PASSED] - if (i == 3 &amp;&amp; wildList.indexOf(symbol) != -1): null

2019-08-24 12:18:30 - [TEST_STEP][PASSED] - if (i == 4 &amp;&amp; wildList.indexOf(symbol) != -1): null

2019-08-24 12:18:30 - [TEST_STEP][PASSED] - symbols = symbols: null

2019-08-24 12:18:30 - [TEST_STEP][PASSED] - for ([j = 0, j &lt; symbols.size(), (j++)]): null

2019-08-24 12:18:30 - [TEST_STEP][PASSED] - symbol = symbol: null

2019-08-24 12:18:30 - [TEST_STEP][PASSED] - println(symbol): null

2019-08-24 12:18:30 - [TEST_STEP][PASSED] - if (i == 2 &amp;&amp; wildList.indexOf(symbol) != -1): null

2019-08-24 12:18:30 - [TEST_STEP][PASSED] - if (i == 3 &amp;&amp; wildList.indexOf(symbol) != -1): null

2019-08-24 12:18:30 - [TEST_STEP][PASSED] - if (i == 4 &amp;&amp; wildList.indexOf(symbol) != -1): null

2019-08-24 12:18:30 - [TEST_STEP][PASSED] - symbol = symbol: null

2019-08-24 12:18:30 - [TEST_STEP][PASSED] - println(symbol): null

2019-08-24 12:18:30 - [TEST_STEP][PASSED] - if (i == 2 &amp;&amp; wildList.indexOf(symbol) != -1): null

2019-08-24 12:18:30 - [TEST_STEP][PASSED] - if (i == 3 &amp;&amp; wildList.indexOf(symbol) != -1): null

2019-08-24 12:18:30 - [TEST_STEP][PASSED] - if (i == 4 &amp;&amp; wildList.indexOf(symbol) != -1): null

2019-08-24 12:18:30 - [TEST_STEP][PASSED] - symbol = symbol: null

2019-08-24 12:18:30 - [TEST_STEP][PASSED] - println(symbol): null

2019-08-24 12:18:30 - [TEST_STEP][PASSED] - if (i == 2 &amp;&amp; wildList.indexOf(symbol) != -1): null

2019-08-24 12:18:30 - [TEST_STEP][PASSED] - if (i == 3 &amp;&amp; wildList.indexOf(symbol) != -1): null

2019-08-24 12:18:30 - [TEST_STEP][PASSED] - if (i == 4 &amp;&amp; wildList.indexOf(symbol) != -1): null

2019-08-24 12:18:30 - [TEST_STEP][PASSED] - symbols = symbols: null

2019-08-24 12:18:30 - [TEST_STEP][PASSED] - for ([j = 0, j &lt; symbols.size(), (j++)]): null

2019-08-24 12:18:30 - [TEST_STEP][PASSED] - symbol = symbol: null

2019-08-24 12:18:30 - [TEST_STEP][PASSED] - println(symbol): null

2019-08-24 12:18:30 - [TEST_STEP][PASSED] - if (i == 2 &amp;&amp; wildList.indexOf(symbol) != -1): null

2019-08-24 12:18:30 - [TEST_STEP][PASSED] - if (i == 3 &amp;&amp; wildList.indexOf(symbol) != -1): null

2019-08-24 12:18:30 - [TEST_STEP][PASSED] - if (i == 4 &amp;&amp; wildList.indexOf(symbol) != -1): null

2019-08-24 12:18:30 - [TEST_STEP][PASSED] - symbol = symbol: null

2019-08-24 12:18:30 - [TEST_STEP][PASSED] - println(symbol): null

2019-08-24 12:18:30 - [TEST_STEP][PASSED] - if (i == 2 &amp;&amp; wildList.indexOf(symbol) != -1): null

2019-08-24 12:18:30 - [TEST_STEP][PASSED] - if (i == 3 &amp;&amp; wildList.indexOf(symbol) != -1): null

2019-08-24 12:18:30 - [TEST_STEP][PASSED] - if (i == 4 &amp;&amp; wildList.indexOf(symbol) != -1): null

2019-08-24 12:18:30 - [TEST_STEP][PASSED] - symbol = symbol: null

2019-08-24 12:18:30 - [TEST_STEP][PASSED] - println(symbol): null

2019-08-24 12:18:30 - [TEST_STEP][PASSED] - if (i == 2 &amp;&amp; wildList.indexOf(symbol) != -1): null

2019-08-24 12:18:30 - [TEST_STEP][PASSED] - if (i == 3 &amp;&amp; wildList.indexOf(symbol) != -1): null

2019-08-24 12:18:30 - [TEST_STEP][PASSED] - if (i == 4 &amp;&amp; wildList.indexOf(symbol) != -1): null

2019-08-24 12:18:30 - [TEST_STEP][PASSED] - symbols = symbols: null

2019-08-24 12:18:30 - [TEST_STEP][PASSED] - for ([j = 0, j &lt; symbols.size(), (j++)]): null

2019-08-24 12:18:30 - [TEST_STEP][PASSED] - symbol = symbol: null

2019-08-24 12:18:30 - [TEST_STEP][PASSED] - println(symbol): null

2019-08-24 12:18:30 - [TEST_STEP][PASSED] - if (i == 2 &amp;&amp; wildList.indexOf(symbol) != -1): null

2019-08-24 12:18:30 - [TEST_STEP][PASSED] - if (i == 3 &amp;&amp; wildList.indexOf(symbol) != -1): null

2019-08-24 12:18:30 - [TEST_STEP][PASSED] - if (i == 4 &amp;&amp; wildList.indexOf(symbol) != -1): null

2019-08-24 12:18:30 - [TEST_STEP][PASSED] - symbol = symbol: null

2019-08-24 12:18:30 - [TEST_STEP][PASSED] - println(symbol): null

2019-08-24 12:18:30 - [TEST_STEP][PASSED] - if (i == 2 &amp;&amp; wildList.indexOf(symbol) != -1): null

2019-08-24 12:18:30 - [TEST_STEP][PASSED] - if (i == 3 &amp;&amp; wildList.indexOf(symbol) != -1): null

2019-08-24 12:18:30 - [TEST_STEP][PASSED] - if (i == 4 &amp;&amp; wildList.indexOf(symbol) != -1): null

2019-08-24 12:18:30 - [TEST_STEP][PASSED] - symbol = symbol: null

2019-08-24 12:18:30 - [TEST_STEP][PASSED] - println(symbol): null

2019-08-24 12:18:30 - [TEST_STEP][PASSED] - if (i == 2 &amp;&amp; wildList.indexOf(symbol) != -1): null

2019-08-24 12:18:30 - [TEST_STEP][PASSED] - if (i == 3 &amp;&amp; wildList.indexOf(symbol) != -1): null

2019-08-24 12:18:30 - [TEST_STEP][PASSED] - if (i == 4 &amp;&amp; wildList.indexOf(symbol) != -1): null

2019-08-24 12:18:30 - [TEST_STEP][PASSED] - free_spin_reel_counter = free_spin_reel_counter: null

2019-08-24 12:18:30 - [TEST_STEP][PASSED] - println("reel 3 wild found: " + free_spin_reel_counter[0]): null

2019-08-24 12:18:30 - [TEST_STEP][PASSED] - println("reel 4 wild found: " + free_spin_reel_counter[1]): null

2019-08-24 12:18:30 - [TEST_STEP][PASSED] - println("reel 5 wild found: " + free_spin_reel_counter[2]): null

2019-08-24 12:18:30 - [TEST_STEP][PASSED] - M4_spin_reels = M4_spin_reels: null

2019-08-24 12:18:30 - [TEST_STEP][PASSED] - M4_spin_reels_symbols = symbol: null

2019-08-24 12:18:30 - [TEST_STEP][PASSED] - M4_spin_reels_symbols = M4_spin_reels_symbols: null

2019-08-24 12:18:30 - [TEST_STEP][PASSED] - M4_spin_reel_wins = reel_wins: null

2019-08-24 12:18:30 - [TEST_STEP][PASSED] - M4_spin_reel_wins = M4_spin_reel_wins: null

2019-08-24 12:18:30 - [TEST_STEP][PASSED] - println("GlobalVariable.M4_spin_reel_wins is: " + M4_spin_reel_wins): null

2019-08-24 12:18:30 - [TEST_STEP][PASSED] - M4_spin_total_bonus_win_this_round = total_bonus_win_this_round: null

2019-08-24 12:18:30 - [TEST_STEP][PASSED] - M4_spin_total_bonus_win_this_round = M4_spin_total_bonus_win_this_round: null

2019-08-24 12:18:30 - [TEST_STEP][PASSED] - println("GlobalVariable.M4_spin_total_bonus_win_this_round is: " + M4_spin_total_bonus_win_this_round): null

2019-08-24 12:18:30 - [TEST_STEP][PASSED] - M4_spin_bonus_spin_result = spin_result: null

2019-08-24 12:18:30 - [TEST_STEP][PASSED] - M4_spin_bonus_spin_result = M4_spin_bonus_spin_result: null

2019-08-24 12:18:30 - [MESSAGE][PASSED] - Verify response successfully

2019-08-24 12:18:30 - [MESSAGE][PASSED] - Send request and verify the response successfully

2019-08-24 12:18:30 - [TEST_STEP][PASSED] - if (M4_total_bonus_spins_int != 0 &amp;&amp; M4_spin_reels_symbols[2].contains("WILD_ExtraFG") || M4_spin_reels_symbols[3].contains("WILD_ExtraFG")): null

2019-08-24 12:18:30 - [TEST_STEP][PASSED] - free_spin_reel_counter = free_spin_reel_counter: null

2019-08-24 12:18:30 - [TEST_STEP][PASSED] - M4_spin_reels_symbols = M4_spin_reels_symbols: null

2019-08-24 12:18:30 - [TEST_STEP][PASSED] - M4_total_bonus_spins = M4_total_bonus_spins: null

2019-08-24 12:18:30 - [TEST_STEP][PASSED] - spin_result = sendRequestAndVerify(findTestObject("INT/RGS(M4)/1_M4_spin", ["M4_login_user_id":M4_login_user_id, "rgs_session_token":rgs_session_token, "partner":Partner])): Send request and verify the response successfully

2019-08-24 12:18:30 - [MESSAGE][INFO] - HAR: /Users/eiralee/Katalon_Script/SuperWild/Reports/20190824_120919/INT/superWild_3/20190824_120919/requests/main/155.har

2019-08-24 12:18:30 - [TEST_CASE][PASSED] - Start Test Case : Verification: Verification accomplished successfully

2019-08-24 12:18:30 - [TEST_STEP][PASSED] - request = getInstance().getCurrentRequest(): null

2019-08-24 12:18:30 - [TEST_STEP][PASSED] - response = getInstance().getCurrentResponse(): null

2019-08-24 12:18:30 - [TEST_STEP][PASSED] - verifyResponseStatusCode(response, 200): Verify response status code successfully

2019-08-24 12:18:30 - [MESSAGE][PASSED] - Verify response status code successfully

2019-08-24 12:18:30 - [TEST_STEP][PASSED] - getStatusCode()).isEqualTo(200): null

2019-08-24 12:18:30 - [TEST_STEP][PASSED] - newline = System.getProperty("line.separator"): null

2019-08-24 12:18:30 - [TEST_STEP][PASSED] - M4_spin = new groovy.json.JsonSlurper(): null

2019-08-24 12:18:34 - [TEST_STEP][PASSED] - result_M4_spin = M4_spin.parseText(response.getResponseBodyContent()): null

2019-08-24 12:18:34 - [TEST_STEP][PASSED] - M4_spin_current_balance = current_balance: null

2019-08-24 12:18:34 - [TEST_STEP][PASSED] - M4_spin_current_balance = M4_spin_current_balance: null

2019-08-24 12:18:34 - [TEST_STEP][PASSED] - M4_spin_transaction_id = causality: null

2019-08-24 12:18:34 - [TEST_STEP][PASSED] - M4_spin_transaction_id = M4_spin_transaction_id: null

2019-08-24 12:18:34 - [TEST_STEP][PASSED] - M4_spin_round_id = round_id: null

2019-08-24 12:18:34 - [TEST_STEP][PASSED] - M4_spin_round_id = M4_spin_round_id: null

2019-08-24 12:18:34 - [TEST_STEP][PASSED] - M4_spin_line_wins = line_wins: null

2019-08-24 12:18:34 - [TEST_STEP][PASSED] - M4_spin_line_wins = M4_spin_line_wins: null

2019-08-24 12:18:34 - [TEST_STEP][PASSED] - M4_total_bonus_spins_int = total_bonus_spins: null

2019-08-24 12:18:37 - [TEST_STEP][PASSED] - println("******M4_total_bonus_spins type is:*******" + newline + getClass().getName()): null

2019-08-24 12:18:37 - [TEST_STEP][PASSED] - M4_total_bonus_spins_int = M4_total_bonus_spins_int: null

2019-08-24 12:18:37 - [TEST_STEP][PASSED] - M4_total_bonus_spins = Integer.toString(M4_total_bonus_spins_int): null

2019-08-24 12:18:37 - [TEST_STEP][PASSED] - M4_total_bonus_spins = M4_total_bonus_spins: null

2019-08-24 12:18:37 - [TEST_STEP][PASSED] - println("M4_total_bonus_spins is:" + M4_total_bonus_spins): null

2019-08-24 12:18:37 - [TEST_STEP][PASSED] - M4_spin_bonus_data = bonus_data: null

2019-08-24 12:18:37 - [TEST_STEP][PASSED] - M4_spin_features_triggered = result_M4_spin: null

2019-08-24 12:18:37 - [TEST_STEP][PASSED] - wild = []: null

2019-08-24 12:18:37 - [TEST_STEP][PASSED] - wild[0] = "WILD_Expanding": null

2019-08-24 12:18:37 - [TEST_STEP][PASSED] - wild[1] = "WILD_Normal": null

2019-08-24 12:18:37 - [TEST_STEP][PASSED] - wild[2] = "WILD_Double": null

2019-08-24 12:18:37 - [TEST_STEP][PASSED] - wild[3] = "WILD_ExtraFG": null

2019-08-24 12:18:37 - [TEST_STEP][PASSED] - wild[4] = "WILD_Triple": null

2019-08-24 12:18:37 - [TEST_STEP][PASSED] - wildList = Arrays.asList(wild): null

2019-08-24 12:18:37 - [TEST_STEP][PASSED] - wildList = wildList: null

2019-08-24 12:18:37 - [TEST_STEP][PASSED] - free_spin_reel_counter = []: null

2019-08-24 12:18:37 - [TEST_STEP][PASSED] - free_spin_reel_counter[0] = 0: null

2019-08-24 12:18:37 - [TEST_STEP][PASSED] - free_spin_reel_counter[1] = 0: null

2019-08-24 12:18:37 - [TEST_STEP][PASSED] - free_spin_reel_counter[2] = 0: null

2019-08-24 12:18:37 - [TEST_STEP][PASSED] - M4_spin_reels = reels: null

2019-08-24 12:18:37 - [TEST_STEP][PASSED] - for ([i = 0, i &lt; M4_spin_reels.size(), (i++)]): null

2019-08-24 12:18:37 - [TEST_STEP][PASSED] - symbols = symbols: null

2019-08-24 12:18:37 - [TEST_STEP][PASSED] - for ([j = 0, j &lt; symbols.size(), (j++)]): null

2019-08-24 12:18:37 - [TEST_STEP][PASSED] - symbol = symbol: null

2019-08-24 12:18:37 - [TEST_STEP][PASSED] - println(symbol): null

2019-08-24 12:18:37 - [TEST_STEP][PASSED] - if (i == 2 &amp;&amp; wildList.indexOf(symbol) != -1): null

2019-08-24 12:18:37 - [TEST_STEP][PASSED] - if (i == 3 &amp;&amp; wildList.indexOf(symbol) != -1): null

2019-08-24 12:18:37 - [TEST_STEP][PASSED] - if (i == 4 &amp;&amp; wildList.indexOf(symbol) != -1): null

2019-08-24 12:18:37 - [TEST_STEP][PASSED] - symbol = symbol: null

2019-08-24 12:18:37 - [TEST_STEP][PASSED] - println(symbol): null

2019-08-24 12:18:37 - [TEST_STEP][PASSED] - if (i == 2 &amp;&amp; wildList.indexOf(symbol) != -1): null

2019-08-24 12:18:37 - [TEST_STEP][PASSED] - if (i == 3 &amp;&amp; wildList.indexOf(symbol) != -1): null

2019-08-24 12:18:37 - [TEST_STEP][PASSED] - if (i == 4 &amp;&amp; wildList.indexOf(symbol) != -1): null

2019-08-24 12:18:37 - [TEST_STEP][PASSED] - symbol = symbol: null

2019-08-24 12:18:37 - [TEST_STEP][PASSED] - println(symbol): null

2019-08-24 12:18:37 - [TEST_STEP][PASSED] - if (i == 2 &amp;&amp; wildList.indexOf(symbol) != -1): null

2019-08-24 12:18:37 - [TEST_STEP][PASSED] - if (i == 3 &amp;&amp; wildList.indexOf(symbol) != -1): null

2019-08-24 12:18:37 - [TEST_STEP][PASSED] - if (i == 4 &amp;&amp; wildList.indexOf(symbol) != -1): null

2019-08-24 12:18:37 - [TEST_STEP][PASSED] - symbols = symbols: null

2019-08-24 12:18:37 - [TEST_STEP][PASSED] - for ([j = 0, j &lt; symbols.size(), (j++)]): null

2019-08-24 12:18:37 - [TEST_STEP][PASSED] - symbol = symbol: null

2019-08-24 12:18:37 - [TEST_STEP][PASSED] - println(symbol): null

2019-08-24 12:18:37 - [TEST_STEP][PASSED] - if (i == 2 &amp;&amp; wildList.indexOf(symbol) != -1): null

2019-08-24 12:18:37 - [TEST_STEP][PASSED] - if (i == 3 &amp;&amp; wildList.indexOf(symbol) != -1): null

2019-08-24 12:18:37 - [TEST_STEP][PASSED] - if (i == 4 &amp;&amp; wildList.indexOf(symbol) != -1): null

2019-08-24 12:18:37 - [TEST_STEP][PASSED] - symbol = symbol: null

2019-08-24 12:18:37 - [TEST_STEP][PASSED] - println(symbol): null

2019-08-24 12:18:37 - [TEST_STEP][PASSED] - if (i == 2 &amp;&amp; wildList.indexOf(symbol) != -1): null

2019-08-24 12:18:37 - [TEST_STEP][PASSED] - if (i == 3 &amp;&amp; wildList.indexOf(symbol) != -1): null

2019-08-24 12:18:37 - [TEST_STEP][PASSED] - if (i == 4 &amp;&amp; wildList.indexOf(symbol) != -1): null

2019-08-24 12:18:37 - [TEST_STEP][PASSED] - symbol = symbol: null

2019-08-24 12:18:37 - [TEST_STEP][PASSED] - println(symbol): null

2019-08-24 12:18:37 - [TEST_STEP][PASSED] - if (i == 2 &amp;&amp; wildList.indexOf(symbol) != -1): null

2019-08-24 12:18:37 - [TEST_STEP][PASSED] - if (i == 3 &amp;&amp; wildList.indexOf(symbol) != -1): null

2019-08-24 12:18:37 - [TEST_STEP][PASSED] - if (i == 4 &amp;&amp; wildList.indexOf(symbol) != -1): null

2019-08-24 12:18:37 - [TEST_STEP][PASSED] - symbols = symbols: null

2019-08-24 12:18:37 - [TEST_STEP][PASSED] - for ([j = 0, j &lt; symbols.size(), (j++)]): null

2019-08-24 12:18:37 - [TEST_STEP][PASSED] - symbol = symbol: null

2019-08-24 12:18:37 - [TEST_STEP][PASSED] - println(symbol): null

2019-08-24 12:18:37 - [TEST_STEP][PASSED] - if (i == 2 &amp;&amp; wildList.indexOf(symbol) != -1): null

2019-08-24 12:18:37 - [TEST_STEP][PASSED] - if (i == 3 &amp;&amp; wildList.indexOf(symbol) != -1): null

2019-08-24 12:18:37 - [TEST_STEP][PASSED] - if (i == 4 &amp;&amp; wildList.indexOf(symbol) != -1): null

2019-08-24 12:18:37 - [TEST_STEP][PASSED] - symbol = symbol: null

2019-08-24 12:18:37 - [TEST_STEP][PASSED] - println(symbol): null

2019-08-24 12:18:37 - [TEST_STEP][PASSED] - if (i == 2 &amp;&amp; wildList.indexOf(symbol) != -1): null

2019-08-24 12:18:37 - [TEST_STEP][PASSED] - if (i == 3 &amp;&amp; wildList.indexOf(symbol) != -1): null

2019-08-24 12:18:37 - [TEST_STEP][PASSED] - if (i == 4 &amp;&amp; wildList.indexOf(symbol) != -1): null

2019-08-24 12:18:37 - [TEST_STEP][PASSED] - symbol = symbol: null

2019-08-24 12:18:37 - [TEST_STEP][PASSED] - println(symbol): null

2019-08-24 12:18:37 - [TEST_STEP][PASSED] - if (i == 2 &amp;&amp; wildList.indexOf(symbol) != -1): null

2019-08-24 12:18:37 - [TEST_STEP][PASSED] - if (i == 3 &amp;&amp; wildList.indexOf(symbol) != -1): null

2019-08-24 12:18:37 - [TEST_STEP][PASSED] - if (i == 4 &amp;&amp; wildList.indexOf(symbol) != -1): null

2019-08-24 12:18:37 - [TEST_STEP][PASSED] - symbols = symbols: null

2019-08-24 12:18:37 - [TEST_STEP][PASSED] - for ([j = 0, j &lt; symbols.size(), (j++)]): null

2019-08-24 12:18:37 - [TEST_STEP][PASSED] - symbol = symbol: null

2019-08-24 12:18:37 - [TEST_STEP][PASSED] - println(symbol): null

2019-08-24 12:18:37 - [TEST_STEP][PASSED] - if (i == 2 &amp;&amp; wildList.indexOf(symbol) != -1): null

2019-08-24 12:18:37 - [TEST_STEP][PASSED] - if (i == 3 &amp;&amp; wildList.indexOf(symbol) != -1): null

2019-08-24 12:18:37 - [TEST_STEP][PASSED] - if (i == 4 &amp;&amp; wildList.indexOf(symbol) != -1): null

2019-08-24 12:18:37 - [TEST_STEP][PASSED] - symbol = symbol: null

2019-08-24 12:18:37 - [TEST_STEP][PASSED] - println(symbol): null

2019-08-24 12:18:37 - [TEST_STEP][PASSED] - if (i == 2 &amp;&amp; wildList.indexOf(symbol) != -1): null

2019-08-24 12:18:37 - [TEST_STEP][PASSED] - if (i == 3 &amp;&amp; wildList.indexOf(symbol) != -1): null

2019-08-24 12:18:37 - [TEST_STEP][PASSED] - if (i == 4 &amp;&amp; wildList.indexOf(symbol) != -1): null

2019-08-24 12:18:37 - [TEST_STEP][PASSED] - symbol = symbol: null

2019-08-24 12:18:37 - [TEST_STEP][PASSED] - println(symbol): null

2019-08-24 12:18:37 - [TEST_STEP][PASSED] - if (i == 2 &amp;&amp; wildList.indexOf(symbol) != -1): null

2019-08-24 12:18:37 - [TEST_STEP][PASSED] - if (i == 3 &amp;&amp; wildList.indexOf(symbol) != -1): null

2019-08-24 12:18:37 - [TEST_STEP][PASSED] - println("wild found on reel 4, adding counter by 1"): null

2019-08-24 12:18:37 - [TEST_STEP][PASSED] - free_spin_reel_counter[1] = free_spin_reel_counter[1] + 1: null

2019-08-24 12:18:37 - [TEST_STEP][PASSED] - if (i == 4 &amp;&amp; wildList.indexOf(symbol) != -1): null

2019-08-24 12:18:37 - [TEST_STEP][PASSED] - symbols = symbols: null

2019-08-24 12:18:37 - [TEST_STEP][PASSED] - for ([j = 0, j &lt; symbols.size(), (j++)]): null

2019-08-24 12:18:37 - [TEST_STEP][PASSED] - symbol = symbol: null

2019-08-24 12:18:37 - [TEST_STEP][PASSED] - println(symbol): null

2019-08-24 12:18:37 - [TEST_STEP][PASSED] - if (i == 2 &amp;&amp; wildList.indexOf(symbol) != -1): null

2019-08-24 12:18:37 - [TEST_STEP][PASSED] - if (i == 3 &amp;&amp; wildList.indexOf(symbol) != -1): null

2019-08-24 12:18:37 - [TEST_STEP][PASSED] - if (i == 4 &amp;&amp; wildList.indexOf(symbol) != -1): null

2019-08-24 12:18:37 - [TEST_STEP][PASSED] - symbol = symbol: null

2019-08-24 12:18:37 - [TEST_STEP][PASSED] - println(symbol): null

2019-08-24 12:18:37 - [TEST_STEP][PASSED] - if (i == 2 &amp;&amp; wildList.indexOf(symbol) != -1): null

2019-08-24 12:18:37 - [TEST_STEP][PASSED] - if (i == 3 &amp;&amp; wildList.indexOf(symbol) != -1): null

2019-08-24 12:18:37 - [TEST_STEP][PASSED] - if (i == 4 &amp;&amp; wildList.indexOf(symbol) != -1): null

2019-08-24 12:18:37 - [TEST_STEP][PASSED] - println("wild found on reel 5, adding counter by 1"): null

2019-08-24 12:18:37 - [TEST_STEP][PASSED] - free_spin_reel_counter[2] = free_spin_reel_counter[2] + 1: null

2019-08-24 12:18:37 - [TEST_STEP][PASSED] - symbol = symbol: null

2019-08-24 12:18:37 - [TEST_STEP][PASSED] - println(symbol): null

2019-08-24 12:18:37 - [TEST_STEP][PASSED] - if (i == 2 &amp;&amp; wildList.indexOf(symbol) != -1): null

2019-08-24 12:18:37 - [TEST_STEP][PASSED] - if (i == 3 &amp;&amp; wildList.indexOf(symbol) != -1): null

2019-08-24 12:18:37 - [TEST_STEP][PASSED] - if (i == 4 &amp;&amp; wildList.indexOf(symbol) != -1): null

2019-08-24 12:18:37 - [TEST_STEP][PASSED] - free_spin_reel_counter = free_spin_reel_counter: null

2019-08-24 12:18:37 - [TEST_STEP][PASSED] - println("reel 3 wild found: " + free_spin_reel_counter[0]): null

2019-08-24 12:18:37 - [TEST_STEP][PASSED] - println("reel 4 wild found: " + free_spin_reel_counter[1]): null

2019-08-24 12:18:37 - [TEST_STEP][PASSED] - println("reel 5 wild found: " + free_spin_reel_counter[2]): null

2019-08-24 12:18:37 - [TEST_STEP][PASSED] - M4_spin_reels = M4_spin_reels: null

2019-08-24 12:18:37 - [TEST_STEP][PASSED] - M4_spin_reels_symbols = symbol: null

2019-08-24 12:18:37 - [TEST_STEP][PASSED] - M4_spin_reels_symbols = M4_spin_reels_symbols: null

2019-08-24 12:18:37 - [TEST_STEP][PASSED] - M4_spin_reel_wins = reel_wins: null

2019-08-24 12:18:37 - [TEST_STEP][PASSED] - M4_spin_reel_wins = M4_spin_reel_wins: null

2019-08-24 12:18:37 - [TEST_STEP][PASSED] - println("GlobalVariable.M4_spin_reel_wins is: " + M4_spin_reel_wins): null

2019-08-24 12:18:37 - [TEST_STEP][PASSED] - M4_spin_total_bonus_win_this_round = total_bonus_win_this_round: null

2019-08-24 12:18:37 - [TEST_STEP][PASSED] - M4_spin_total_bonus_win_this_round = M4_spin_total_bonus_win_this_round: null

2019-08-24 12:18:37 - [TEST_STEP][PASSED] - println("GlobalVariable.M4_spin_total_bonus_win_this_round is: " + M4_spin_total_bonus_win_this_round): null

2019-08-24 12:18:37 - [TEST_STEP][PASSED] - M4_spin_bonus_spin_result = spin_result: null

2019-08-24 12:18:37 - [TEST_STEP][PASSED] - M4_spin_bonus_spin_result = M4_spin_bonus_spin_result: null

2019-08-24 12:18:37 - [MESSAGE][PASSED] - Verify response successfully

2019-08-24 12:18:37 - [MESSAGE][PASSED] - Send request and verify the response successfully

2019-08-24 12:18:37 - [TEST_STEP][PASSED] - if (M4_total_bonus_spins_int != 0 &amp;&amp; M4_spin_reels_symbols[2].contains("WILD_ExtraFG") || M4_spin_reels_symbols[3].contains("WILD_ExtraFG")): null

2019-08-24 12:18:37 - [TEST_STEP][PASSED] - free_spin_reel_counter = free_spin_reel_counter: null

2019-08-24 12:18:37 - [TEST_STEP][PASSED] - M4_spin_reels_symbols = M4_spin_reels_symbols: null

2019-08-24 12:18:37 - [TEST_STEP][PASSED] - M4_total_bonus_spins = M4_total_bonus_spins: null

2019-08-24 12:18:37 - [TEST_STEP][PASSED] - spin_result = sendRequestAndVerify(findTestObject("INT/RGS(M4)/1_M4_spin", ["M4_login_user_id":M4_login_user_id, "rgs_session_token":rgs_session_token, "partner":Partner])): Send request and verify the response successfully

2019-08-24 12:18:38 - [MESSAGE][INFO] - HAR: /Users/eiralee/Katalon_Script/SuperWild/Reports/20190824_120919/INT/superWild_3/20190824_120919/requests/main/156.har

2019-08-24 12:18:38 - [TEST_CASE][PASSED] - Start Test Case : Verification: Verification accomplished successfully

2019-08-24 12:18:38 - [TEST_STEP][PASSED] - request = getInstance().getCurrentRequest(): null

2019-08-24 12:18:38 - [TEST_STEP][PASSED] - response = getInstance().getCurrentResponse(): null

2019-08-24 12:18:38 - [TEST_STEP][PASSED] - verifyResponseStatusCode(response, 200): Verify response status code successfully

2019-08-24 12:18:38 - [MESSAGE][PASSED] - Verify response status code successfully

2019-08-24 12:18:38 - [TEST_STEP][PASSED] - getStatusCode()).isEqualTo(200): null

2019-08-24 12:18:38 - [TEST_STEP][PASSED] - newline = System.getProperty("line.separator"): null

2019-08-24 12:18:38 - [TEST_STEP][PASSED] - M4_spin = new groovy.json.JsonSlurper(): null

2019-08-24 12:18:38 - [TEST_STEP][PASSED] - result_M4_spin = M4_spin.parseText(response.getResponseBodyContent()): null

2019-08-24 12:18:38 - [TEST_STEP][PASSED] - M4_spin_current_balance = current_balance: null

2019-08-24 12:18:38 - [TEST_STEP][PASSED] - M4_spin_current_balance = M4_spin_current_balance: null

2019-08-24 12:18:38 - [TEST_STEP][PASSED] - M4_spin_transaction_id = causality: null

2019-08-24 12:18:38 - [TEST_STEP][PASSED] - M4_spin_transaction_id = M4_spin_transaction_id: null

2019-08-24 12:18:38 - [TEST_STEP][PASSED] - M4_spin_round_id = round_id: null

2019-08-24 12:18:38 - [TEST_STEP][PASSED] - M4_spin_round_id = M4_spin_round_id: null

2019-08-24 12:18:38 - [TEST_STEP][PASSED] - M4_spin_line_wins = line_wins: null

2019-08-24 12:18:38 - [TEST_STEP][PASSED] - M4_spin_line_wins = M4_spin_line_wins: null

2019-08-24 12:18:38 - [TEST_STEP][PASSED] - M4_total_bonus_spins_int = total_bonus_spins: null

2019-08-24 12:18:38 - [TEST_STEP][PASSED] - println("******M4_total_bonus_spins type is:*******" + newline + getClass().getName()): null

2019-08-24 12:18:38 - [TEST_STEP][PASSED] - M4_total_bonus_spins_int = M4_total_bonus_spins_int: null

2019-08-24 12:18:38 - [TEST_STEP][PASSED] - M4_total_bonus_spins = Integer.toString(M4_total_bonus_spins_int): null

2019-08-24 12:18:38 - [TEST_STEP][PASSED] - M4_total_bonus_spins = M4_total_bonus_spins: null

2019-08-24 12:18:38 - [TEST_STEP][PASSED] - println("M4_total_bonus_spins is:" + M4_total_bonus_spins): null

2019-08-24 12:18:38 - [TEST_STEP][PASSED] - M4_spin_bonus_data = bonus_data: null

2019-08-24 12:18:38 - [TEST_STEP][PASSED] - M4_spin_features_triggered = result_M4_spin: null

2019-08-24 12:18:38 - [TEST_STEP][PASSED] - wild = []: null

2019-08-24 12:18:38 - [TEST_STEP][PASSED] - wild[0] = "WILD_Expanding": null

2019-08-24 12:18:38 - [TEST_STEP][PASSED] - wild[1] = "WILD_Normal": null

2019-08-24 12:18:38 - [TEST_STEP][PASSED] - wild[2] = "WILD_Double": null

2019-08-24 12:18:38 - [TEST_STEP][PASSED] - wild[3] = "WILD_ExtraFG": null

2019-08-24 12:18:38 - [TEST_STEP][PASSED] - wild[4] = "WILD_Triple": null

2019-08-24 12:18:38 - [TEST_STEP][PASSED] - wildList = Arrays.asList(wild): null

2019-08-24 12:18:38 - [TEST_STEP][PASSED] - wildList = wildList: null

2019-08-24 12:18:38 - [TEST_STEP][PASSED] - free_spin_reel_counter = []: null

2019-08-24 12:18:38 - [TEST_STEP][PASSED] - free_spin_reel_counter[0] = 0: null

2019-08-24 12:18:38 - [TEST_STEP][PASSED] - free_spin_reel_counter[1] = 0: null

2019-08-24 12:18:38 - [TEST_STEP][PASSED] - free_spin_reel_counter[2] = 0: null

2019-08-24 12:18:38 - [TEST_STEP][PASSED] - M4_spin_reels = reels: null

2019-08-24 12:18:38 - [TEST_STEP][PASSED] - for ([i = 0, i &lt; M4_spin_reels.size(), (i++)]): null

2019-08-24 12:18:38 - [TEST_STEP][PASSED] - symbols = symbols: null

2019-08-24 12:18:38 - [TEST_STEP][PASSED] - for ([j = 0, j &lt; symbols.size(), (j++)]): null

2019-08-24 12:18:38 - [TEST_STEP][PASSED] - symbol = symbol: null

2019-08-24 12:18:38 - [TEST_STEP][PASSED] - println(symbol): null

2019-08-24 12:18:38 - [TEST_STEP][PASSED] - if (i == 2 &amp;&amp; wildList.indexOf(symbol) != -1): null

2019-08-24 12:18:38 - [TEST_STEP][PASSED] - if (i == 3 &amp;&amp; wildList.indexOf(symbol) != -1): null

2019-08-24 12:18:38 - [TEST_STEP][PASSED] - if (i == 4 &amp;&amp; wildList.indexOf(symbol) != -1): null

2019-08-24 12:18:38 - [TEST_STEP][PASSED] - symbol = symbol: null

2019-08-24 12:18:38 - [TEST_STEP][PASSED] - println(symbol): null

2019-08-24 12:18:38 - [TEST_STEP][PASSED] - if (i == 2 &amp;&amp; wildList.indexOf(symbol) != -1): null

2019-08-24 12:18:38 - [TEST_STEP][PASSED] - if (i == 3 &amp;&amp; wildList.indexOf(symbol) != -1): null

2019-08-24 12:18:38 - [TEST_STEP][PASSED] - if (i == 4 &amp;&amp; wildList.indexOf(symbol) != -1): null

2019-08-24 12:18:38 - [TEST_STEP][PASSED] - symbol = symbol: null

2019-08-24 12:18:38 - [TEST_STEP][PASSED] - println(symbol): null

2019-08-24 12:18:38 - [TEST_STEP][PASSED] - if (i == 2 &amp;&amp; wildList.indexOf(symbol) != -1): null

2019-08-24 12:18:38 - [TEST_STEP][PASSED] - if (i == 3 &amp;&amp; wildList.indexOf(symbol) != -1): null

2019-08-24 12:18:38 - [TEST_STEP][PASSED] - if (i == 4 &amp;&amp; wildList.indexOf(symbol) != -1): null

2019-08-24 12:18:38 - [TEST_STEP][PASSED] - symbols = symbols: null

2019-08-24 12:18:38 - [TEST_STEP][PASSED] - for ([j = 0, j &lt; symbols.size(), (j++)]): null

2019-08-24 12:18:38 - [TEST_STEP][PASSED] - symbol = symbol: null

2019-08-24 12:18:38 - [TEST_STEP][PASSED] - println(symbol): null

2019-08-24 12:18:38 - [TEST_STEP][PASSED] - if (i == 2 &amp;&amp; wildList.indexOf(symbol) != -1): null

2019-08-24 12:18:38 - [TEST_STEP][PASSED] - if (i == 3 &amp;&amp; wildList.indexOf(symbol) != -1): null

2019-08-24 12:18:38 - [TEST_STEP][PASSED] - if (i == 4 &amp;&amp; wildList.indexOf(symbol) != -1): null

2019-08-24 12:18:38 - [TEST_STEP][PASSED] - symbol = symbol: null

2019-08-24 12:18:38 - [TEST_STEP][PASSED] - println(symbol): null

2019-08-24 12:18:38 - [TEST_STEP][PASSED] - if (i == 2 &amp;&amp; wildList.indexOf(symbol) != -1): null

2019-08-24 12:18:38 - [TEST_STEP][PASSED] - if (i == 3 &amp;&amp; wildList.indexOf(symbol) != -1): null

2019-08-24 12:18:38 - [TEST_STEP][PASSED] - if (i == 4 &amp;&amp; wildList.indexOf(symbol) != -1): null

2019-08-24 12:18:38 - [TEST_STEP][PASSED] - symbol = symbol: null

2019-08-24 12:18:38 - [TEST_STEP][PASSED] - println(symbol): null

2019-08-24 12:18:38 - [TEST_STEP][PASSED] - if (i == 2 &amp;&amp; wildList.indexOf(symbol) != -1): null

2019-08-24 12:18:38 - [TEST_STEP][PASSED] - if (i == 3 &amp;&amp; wildList.indexOf(symbol) != -1): null

2019-08-24 12:18:38 - [TEST_STEP][PASSED] - if (i == 4 &amp;&amp; wildList.indexOf(symbol) != -1): null

2019-08-24 12:18:38 - [TEST_STEP][PASSED] - symbols = symbols: null

2019-08-24 12:18:38 - [TEST_STEP][PASSED] - for ([j = 0, j &lt; symbols.size(), (j++)]): null

2019-08-24 12:18:38 - [TEST_STEP][PASSED] - symbol = symbol: null

2019-08-24 12:18:38 - [TEST_STEP][PASSED] - println(symbol): null

2019-08-24 12:18:38 - [TEST_STEP][PASSED] - if (i == 2 &amp;&amp; wildList.indexOf(symbol) != -1): null

2019-08-24 12:18:38 - [TEST_STEP][PASSED] - if (i == 3 &amp;&amp; wildList.indexOf(symbol) != -1): null

2019-08-24 12:18:38 - [TEST_STEP][PASSED] - if (i == 4 &amp;&amp; wildList.indexOf(symbol) != -1): null

2019-08-24 12:18:38 - [TEST_STEP][PASSED] - symbol = symbol: null

2019-08-24 12:18:38 - [TEST_STEP][PASSED] - println(symbol): null

2019-08-24 12:18:38 - [TEST_STEP][PASSED] - if (i == 2 &amp;&amp; wildList.indexOf(symbol) != -1): null

2019-08-24 12:18:38 - [TEST_STEP][PASSED] - if (i == 3 &amp;&amp; wildList.indexOf(symbol) != -1): null

2019-08-24 12:18:38 - [TEST_STEP][PASSED] - if (i == 4 &amp;&amp; wildList.indexOf(symbol) != -1): null

2019-08-24 12:18:38 - [TEST_STEP][PASSED] - symbol = symbol: null

2019-08-24 12:18:38 - [TEST_STEP][PASSED] - println(symbol): null

2019-08-24 12:18:38 - [TEST_STEP][PASSED] - if (i == 2 &amp;&amp; wildList.indexOf(symbol) != -1): null

2019-08-24 12:18:38 - [TEST_STEP][PASSED] - println("wild found on reel 3, adding counter by 1"): null

2019-08-24 12:18:38 - [TEST_STEP][PASSED] - free_spin_reel_counter[0] = free_spin_reel_counter[0] + 1: null

2019-08-24 12:18:38 - [TEST_STEP][PASSED] - if (i == 3 &amp;&amp; wildList.indexOf(symbol) != -1): null

2019-08-24 12:18:38 - [TEST_STEP][PASSED] - if (i == 4 &amp;&amp; wildList.indexOf(symbol) != -1): null

2019-08-24 12:18:38 - [TEST_STEP][PASSED] - symbols = symbols: null

2019-08-24 12:18:38 - [TEST_STEP][PASSED] - for ([j = 0, j &lt; symbols.size(), (j++)]): null

2019-08-24 12:18:38 - [TEST_STEP][PASSED] - symbol = symbol: null

2019-08-24 12:18:38 - [TEST_STEP][PASSED] - println(symbol): null

2019-08-24 12:18:38 - [TEST_STEP][PASSED] - if (i == 2 &amp;&amp; wildList.indexOf(symbol) != -1): null

2019-08-24 12:18:38 - [TEST_STEP][PASSED] - if (i == 3 &amp;&amp; wildList.indexOf(symbol) != -1): null

2019-08-24 12:18:38 - [TEST_STEP][PASSED] - if (i == 4 &amp;&amp; wildList.indexOf(symbol) != -1): null

2019-08-24 12:18:38 - [TEST_STEP][PASSED] - symbol = symbol: null

2019-08-24 12:18:38 - [TEST_STEP][PASSED] - println(symbol): null

2019-08-24 12:18:38 - [TEST_STEP][PASSED] - if (i == 2 &amp;&amp; wildList.indexOf(symbol) != -1): null

2019-08-24 12:18:38 - [TEST_STEP][PASSED] - if (i == 3 &amp;&amp; wildList.indexOf(symbol) != -1): null

2019-08-24 12:18:38 - [TEST_STEP][PASSED] - if (i == 4 &amp;&amp; wildList.indexOf(symbol) != -1): null

2019-08-24 12:18:38 - [TEST_STEP][PASSED] - symbol = symbol: null

2019-08-24 12:18:38 - [TEST_STEP][PASSED] - println(symbol): null

2019-08-24 12:18:38 - [TEST_STEP][PASSED] - if (i == 2 &amp;&amp; wildList.indexOf(symbol) != -1): null

2019-08-24 12:18:38 - [TEST_STEP][PASSED] - if (i == 3 &amp;&amp; wildList.indexOf(symbol) != -1): null

2019-08-24 12:18:38 - [TEST_STEP][PASSED] - if (i == 4 &amp;&amp; wildList.indexOf(symbol) != -1): null

2019-08-24 12:18:38 - [TEST_STEP][PASSED] - symbols = symbols: null

2019-08-24 12:18:38 - [TEST_STEP][PASSED] - for ([j = 0, j &lt; symbols.size(), (j++)]): null

2019-08-24 12:18:38 - [TEST_STEP][PASSED] - symbol = symbol: null

2019-08-24 12:18:38 - [TEST_STEP][PASSED] - println(symbol): null

2019-08-24 12:18:38 - [TEST_STEP][PASSED] - if (i == 2 &amp;&amp; wildList.indexOf(symbol) != -1): null

2019-08-24 12:18:38 - [TEST_STEP][PASSED] - if (i == 3 &amp;&amp; wildList.indexOf(symbol) != -1): null

2019-08-24 12:18:38 - [TEST_STEP][PASSED] - if (i == 4 &amp;&amp; wildList.indexOf(symbol) != -1): null

2019-08-24 12:18:38 - [TEST_STEP][PASSED] - symbol = symbol: null

2019-08-24 12:18:38 - [TEST_STEP][PASSED] - println(symbol): null

2019-08-24 12:18:38 - [TEST_STEP][PASSED] - if (i == 2 &amp;&amp; wildList.indexOf(symbol) != -1): null

2019-08-24 12:18:38 - [TEST_STEP][PASSED] - if (i == 3 &amp;&amp; wildList.indexOf(symbol) != -1): null

2019-08-24 12:18:38 - [TEST_STEP][PASSED] - if (i == 4 &amp;&amp; wildList.indexOf(symbol) != -1): null

2019-08-24 12:18:38 - [TEST_STEP][PASSED] - symbol = symbol: null

2019-08-24 12:18:38 - [TEST_STEP][PASSED] - println(symbol): null

2019-08-24 12:18:38 - [TEST_STEP][PASSED] - if (i == 2 &amp;&amp; wildList.indexOf(symbol) != -1): null

2019-08-24 12:18:38 - [TEST_STEP][PASSED] - if (i == 3 &amp;&amp; wildList.indexOf(symbol) != -1): null

2019-08-24 12:18:38 - [TEST_STEP][PASSED] - if (i == 4 &amp;&amp; wildList.indexOf(symbol) != -1): null

2019-08-24 12:18:38 - [TEST_STEP][PASSED] - free_spin_reel_counter = free_spin_reel_counter: null

2019-08-24 12:18:38 - [TEST_STEP][PASSED] - println("reel 3 wild found: " + free_spin_reel_counter[0]): null

2019-08-24 12:18:38 - [TEST_STEP][PASSED] - println("reel 4 wild found: " + free_spin_reel_counter[1]): null

2019-08-24 12:18:38 - [TEST_STEP][PASSED] - println("reel 5 wild found: " + free_spin_reel_counter[2]): null

2019-08-24 12:18:38 - [TEST_STEP][PASSED] - M4_spin_reels = M4_spin_reels: null

2019-08-24 12:18:38 - [TEST_STEP][PASSED] - M4_spin_reels_symbols = symbol: null

2019-08-24 12:18:38 - [TEST_STEP][PASSED] - M4_spin_reels_symbols = M4_spin_reels_symbols: null

2019-08-24 12:18:38 - [TEST_STEP][PASSED] - M4_spin_reel_wins = reel_wins: null

2019-08-24 12:18:38 - [TEST_STEP][PASSED] - M4_spin_reel_wins = M4_spin_reel_wins: null

2019-08-24 12:18:38 - [TEST_STEP][PASSED] - println("GlobalVariable.M4_spin_reel_wins is: " + M4_spin_reel_wins): null

2019-08-24 12:18:38 - [TEST_STEP][PASSED] - M4_spin_total_bonus_win_this_round = total_bonus_win_this_round: null

2019-08-24 12:18:38 - [TEST_STEP][PASSED] - M4_spin_total_bonus_win_this_round = M4_spin_total_bonus_win_this_round: null

2019-08-24 12:18:38 - [TEST_STEP][PASSED] - println("GlobalVariable.M4_spin_total_bonus_win_this_round is: " + M4_spin_total_bonus_win_this_round): null

2019-08-24 12:18:38 - [TEST_STEP][PASSED] - M4_spin_bonus_spin_result = spin_result: null

2019-08-24 12:18:38 - [TEST_STEP][PASSED] - M4_spin_bonus_spin_result = M4_spin_bonus_spin_result: null

2019-08-24 12:18:38 - [MESSAGE][PASSED] - Verify response successfully

2019-08-24 12:18:38 - [MESSAGE][PASSED] - Send request and verify the response successfully

2019-08-24 12:18:38 - [TEST_STEP][PASSED] - if (M4_total_bonus_spins_int != 0 &amp;&amp; M4_spin_reels_symbols[2].contains("WILD_ExtraFG") || M4_spin_reels_symbols[3].contains("WILD_ExtraFG")): null

2019-08-24 12:18:38 - [TEST_STEP][PASSED] - free_spin_reel_counter = free_spin_reel_counter: null

2019-08-24 12:18:38 - [TEST_STEP][PASSED] - M4_spin_reels_symbols = M4_spin_reels_symbols: null

2019-08-24 12:18:38 - [TEST_STEP][PASSED] - M4_total_bonus_spins = M4_total_bonus_spins: null

2019-08-24 12:18:38 - [TEST_STEP][PASSED] - spin_result = sendRequestAndVerify(findTestObject("INT/RGS(M4)/1_M4_spin", ["M4_login_user_id":M4_login_user_id, "rgs_session_token":rgs_session_token, "partner":Partner])): Send request and verify the response successfully

2019-08-24 12:18:39 - [MESSAGE][INFO] - HAR: /Users/eiralee/Katalon_Script/SuperWild/Reports/20190824_120919/INT/superWild_3/20190824_120919/requests/main/157.har

2019-08-24 12:18:39 - [TEST_CASE][PASSED] - Start Test Case : Verification: Verification accomplished successfully

2019-08-24 12:18:39 - [TEST_STEP][PASSED] - request = getInstance().getCurrentRequest(): null

2019-08-24 12:18:39 - [TEST_STEP][PASSED] - response = getInstance().getCurrentResponse(): null

2019-08-24 12:18:39 - [TEST_STEP][PASSED] - verifyResponseStatusCode(response, 200): Verify response status code successfully

2019-08-24 12:18:39 - [MESSAGE][PASSED] - Verify response status code successfully

2019-08-24 12:18:39 - [TEST_STEP][PASSED] - getStatusCode()).isEqualTo(200): null

2019-08-24 12:18:39 - [TEST_STEP][PASSED] - newline = System.getProperty("line.separator"): null

2019-08-24 12:18:39 - [TEST_STEP][PASSED] - M4_spin = new groovy.json.JsonSlurper(): null

2019-08-24 12:18:39 - [TEST_STEP][PASSED] - result_M4_spin = M4_spin.parseText(response.getResponseBodyContent()): null

2019-08-24 12:18:39 - [TEST_STEP][PASSED] - M4_spin_current_balance = current_balance: null

2019-08-24 12:18:39 - [TEST_STEP][PASSED] - M4_spin_current_balance = M4_spin_current_balance: null

2019-08-24 12:18:39 - [TEST_STEP][PASSED] - M4_spin_transaction_id = causality: null

2019-08-24 12:18:39 - [TEST_STEP][PASSED] - M4_spin_transaction_id = M4_spin_transaction_id: null

2019-08-24 12:18:39 - [TEST_STEP][PASSED] - M4_spin_round_id = round_id: null

2019-08-24 12:18:39 - [TEST_STEP][PASSED] - M4_spin_round_id = M4_spin_round_id: null

2019-08-24 12:18:39 - [TEST_STEP][PASSED] - M4_spin_line_wins = line_wins: null

2019-08-24 12:18:39 - [TEST_STEP][PASSED] - M4_spin_line_wins = M4_spin_line_wins: null

2019-08-24 12:18:39 - [TEST_STEP][PASSED] - M4_total_bonus_spins_int = total_bonus_spins: null

2019-08-24 12:18:39 - [TEST_STEP][PASSED] - println("******M4_total_bonus_spins type is:*******" + newline + getClass().getName()): null

2019-08-24 12:18:39 - [TEST_STEP][PASSED] - M4_total_bonus_spins_int = M4_total_bonus_spins_int: null

2019-08-24 12:18:39 - [TEST_STEP][PASSED] - M4_total_bonus_spins = Integer.toString(M4_total_bonus_spins_int): null

2019-08-24 12:18:39 - [TEST_STEP][PASSED] - M4_total_bonus_spins = M4_total_bonus_spins: null

2019-08-24 12:18:39 - [TEST_STEP][PASSED] - println("M4_total_bonus_spins is:" + M4_total_bonus_spins): null

2019-08-24 12:18:39 - [TEST_STEP][PASSED] - M4_spin_bonus_data = bonus_data: null

2019-08-24 12:18:39 - [TEST_STEP][PASSED] - M4_spin_features_triggered = result_M4_spin: null

2019-08-24 12:18:39 - [TEST_STEP][PASSED] - wild = []: null

2019-08-24 12:18:39 - [TEST_STEP][PASSED] - wild[0] = "WILD_Expanding": null

2019-08-24 12:18:39 - [TEST_STEP][PASSED] - wild[1] = "WILD_Normal": null

2019-08-24 12:18:39 - [TEST_STEP][PASSED] - wild[2] = "WILD_Double": null

2019-08-24 12:18:39 - [TEST_STEP][PASSED] - wild[3] = "WILD_ExtraFG": null

2019-08-24 12:18:39 - [TEST_STEP][PASSED] - wild[4] = "WILD_Triple": null

2019-08-24 12:18:39 - [TEST_STEP][PASSED] - wildList = Arrays.asList(wild): null

2019-08-24 12:18:39 - [TEST_STEP][PASSED] - wildList = wildList: null

2019-08-24 12:18:39 - [TEST_STEP][PASSED] - free_spin_reel_counter = []: null

2019-08-24 12:18:39 - [TEST_STEP][PASSED] - free_spin_reel_counter[0] = 0: null

2019-08-24 12:18:39 - [TEST_STEP][PASSED] - free_spin_reel_counter[1] = 0: null

2019-08-24 12:18:39 - [TEST_STEP][PASSED] - free_spin_reel_counter[2] = 0: null

2019-08-24 12:18:39 - [TEST_STEP][PASSED] - M4_spin_reels = reels: null

2019-08-24 12:18:39 - [TEST_STEP][PASSED] - for ([i = 0, i &lt; M4_spin_reels.size(), (i++)]): null

2019-08-24 12:18:39 - [TEST_STEP][PASSED] - symbols = symbols: null

2019-08-24 12:18:39 - [TEST_STEP][PASSED] - for ([j = 0, j &lt; symbols.size(), (j++)]): null

2019-08-24 12:18:39 - [TEST_STEP][PASSED] - symbol = symbol: null

2019-08-24 12:18:42 - [TEST_STEP][PASSED] - println(symbol): null

2019-08-24 12:18:42 - [TEST_STEP][PASSED] - if (i == 2 &amp;&amp; wildList.indexOf(symbol) != -1): null

2019-08-24 12:18:42 - [TEST_STEP][PASSED] - if (i == 3 &amp;&amp; wildList.indexOf(symbol) != -1): null

2019-08-24 12:18:42 - [TEST_STEP][PASSED] - if (i == 4 &amp;&amp; wildList.indexOf(symbol) != -1): null

2019-08-24 12:18:42 - [TEST_STEP][PASSED] - symbol = symbol: null

2019-08-24 12:18:42 - [TEST_STEP][PASSED] - println(symbol): null

2019-08-24 12:18:42 - [TEST_STEP][PASSED] - if (i == 2 &amp;&amp; wildList.indexOf(symbol) != -1): null

2019-08-24 12:18:42 - [TEST_STEP][PASSED] - if (i == 3 &amp;&amp; wildList.indexOf(symbol) != -1): null

2019-08-24 12:18:42 - [TEST_STEP][PASSED] - if (i == 4 &amp;&amp; wildList.indexOf(symbol) != -1): null

2019-08-24 12:18:42 - [TEST_STEP][PASSED] - symbol = symbol: null

2019-08-24 12:18:45 - [TEST_STEP][PASSED] - println(symbol): null

2019-08-24 12:18:45 - [TEST_STEP][PASSED] - if (i == 2 &amp;&amp; wildList.indexOf(symbol) != -1): null

2019-08-24 12:18:45 - [TEST_STEP][PASSED] - if (i == 3 &amp;&amp; wildList.indexOf(symbol) != -1): null

2019-08-24 12:18:45 - [TEST_STEP][PASSED] - if (i == 4 &amp;&amp; wildList.indexOf(symbol) != -1): null

2019-08-24 12:18:45 - [TEST_STEP][PASSED] - symbols = symbols: null

2019-08-24 12:18:45 - [TEST_STEP][PASSED] - for ([j = 0, j &lt; symbols.size(), (j++)]): null

2019-08-24 12:18:45 - [TEST_STEP][PASSED] - symbol = symbol: null

2019-08-24 12:18:45 - [TEST_STEP][PASSED] - println(symbol): null

2019-08-24 12:18:45 - [TEST_STEP][PASSED] - if (i == 2 &amp;&amp; wildList.indexOf(symbol) != -1): null

2019-08-24 12:18:45 - [TEST_STEP][PASSED] - if (i == 3 &amp;&amp; wildList.indexOf(symbol) != -1): null

2019-08-24 12:18:45 - [TEST_STEP][PASSED] - if (i == 4 &amp;&amp; wildList.indexOf(symbol) != -1): null

2019-08-24 12:18:45 - [TEST_STEP][PASSED] - symbol = symbol: null

2019-08-24 12:18:45 - [TEST_STEP][PASSED] - println(symbol): null

2019-08-24 12:18:45 - [TEST_STEP][PASSED] - if (i == 2 &amp;&amp; wildList.indexOf(symbol) != -1): null

2019-08-24 12:18:45 - [TEST_STEP][PASSED] - if (i == 3 &amp;&amp; wildList.indexOf(symbol) != -1): null

2019-08-24 12:18:45 - [TEST_STEP][PASSED] - if (i == 4 &amp;&amp; wildList.indexOf(symbol) != -1): null

2019-08-24 12:18:45 - [TEST_STEP][PASSED] - symbol = symbol: null

2019-08-24 12:18:45 - [TEST_STEP][PASSED] - println(symbol): null

2019-08-24 12:18:45 - [TEST_STEP][PASSED] - if (i == 2 &amp;&amp; wildList.indexOf(symbol) != -1): null

2019-08-24 12:18:45 - [TEST_STEP][PASSED] - if (i == 3 &amp;&amp; wildList.indexOf(symbol) != -1): null

2019-08-24 12:18:45 - [TEST_STEP][PASSED] - if (i == 4 &amp;&amp; wildList.indexOf(symbol) != -1): null

2019-08-24 12:18:45 - [TEST_STEP][PASSED] - symbols = symbols: null

2019-08-24 12:18:45 - [TEST_STEP][PASSED] - for ([j = 0, j &lt; symbols.size(), (j++)]): null

2019-08-24 12:18:45 - [TEST_STEP][PASSED] - symbol = symbol: null

2019-08-24 12:18:45 - [TEST_STEP][PASSED] - println(symbol): null

2019-08-24 12:18:45 - [TEST_STEP][PASSED] - if (i == 2 &amp;&amp; wildList.indexOf(symbol) != -1): null

2019-08-24 12:18:45 - [TEST_STEP][PASSED] - if (i == 3 &amp;&amp; wildList.indexOf(symbol) != -1): null

2019-08-24 12:18:45 - [TEST_STEP][PASSED] - if (i == 4 &amp;&amp; wildList.indexOf(symbol) != -1): null

2019-08-24 12:18:45 - [TEST_STEP][PASSED] - symbol = symbol: null

2019-08-24 12:18:45 - [TEST_STEP][PASSED] - println(symbol): null

2019-08-24 12:18:45 - [TEST_STEP][PASSED] - if (i == 2 &amp;&amp; wildList.indexOf(symbol) != -1): null

2019-08-24 12:18:45 - [TEST_STEP][PASSED] - if (i == 3 &amp;&amp; wildList.indexOf(symbol) != -1): null

2019-08-24 12:18:45 - [TEST_STEP][PASSED] - if (i == 4 &amp;&amp; wildList.indexOf(symbol) != -1): null

2019-08-24 12:18:45 - [TEST_STEP][PASSED] - symbol = symbol: null

2019-08-24 12:18:45 - [TEST_STEP][PASSED] - println(symbol): null

2019-08-24 12:18:45 - [TEST_STEP][PASSED] - if (i == 2 &amp;&amp; wildList.indexOf(symbol) != -1): null

2019-08-24 12:18:45 - [TEST_STEP][PASSED] - if (i == 3 &amp;&amp; wildList.indexOf(symbol) != -1): null

2019-08-24 12:18:45 - [TEST_STEP][PASSED] - if (i == 4 &amp;&amp; wildList.indexOf(symbol) != -1): null

2019-08-24 12:18:45 - [TEST_STEP][PASSED] - symbols = symbols: null

2019-08-24 12:18:45 - [TEST_STEP][PASSED] - for ([j = 0, j &lt; symbols.size(), (j++)]): null

2019-08-24 12:18:45 - [TEST_STEP][PASSED] - symbol = symbol: null

2019-08-24 12:18:45 - [TEST_STEP][PASSED] - println(symbol): null

2019-08-24 12:18:45 - [TEST_STEP][PASSED] - if (i == 2 &amp;&amp; wildList.indexOf(symbol) != -1): null

2019-08-24 12:18:45 - [TEST_STEP][PASSED] - if (i == 3 &amp;&amp; wildList.indexOf(symbol) != -1): null

2019-08-24 12:18:45 - [TEST_STEP][PASSED] - if (i == 4 &amp;&amp; wildList.indexOf(symbol) != -1): null

2019-08-24 12:18:45 - [TEST_STEP][PASSED] - symbol = symbol: null

2019-08-24 12:18:45 - [TEST_STEP][PASSED] - println(symbol): null

2019-08-24 12:18:45 - [TEST_STEP][PASSED] - if (i == 2 &amp;&amp; wildList.indexOf(symbol) != -1): null

2019-08-24 12:18:45 - [TEST_STEP][PASSED] - if (i == 3 &amp;&amp; wildList.indexOf(symbol) != -1): null

2019-08-24 12:18:45 - [TEST_STEP][PASSED] - println("wild found on reel 4, adding counter by 1"): null

2019-08-24 12:18:45 - [TEST_STEP][PASSED] - free_spin_reel_counter[1] = free_spin_reel_counter[1] + 1: null

2019-08-24 12:18:45 - [TEST_STEP][PASSED] - if (i == 4 &amp;&amp; wildList.indexOf(symbol) != -1): null

2019-08-24 12:18:45 - [TEST_STEP][PASSED] - symbol = symbol: null

2019-08-24 12:18:45 - [TEST_STEP][PASSED] - println(symbol): null

2019-08-24 12:18:45 - [TEST_STEP][PASSED] - if (i == 2 &amp;&amp; wildList.indexOf(symbol) != -1): null

2019-08-24 12:18:45 - [TEST_STEP][PASSED] - if (i == 3 &amp;&amp; wildList.indexOf(symbol) != -1): null

2019-08-24 12:18:45 - [TEST_STEP][PASSED] - if (i == 4 &amp;&amp; wildList.indexOf(symbol) != -1): null

2019-08-24 12:18:45 - [TEST_STEP][PASSED] - symbols = symbols: null

2019-08-24 12:18:45 - [TEST_STEP][PASSED] - for ([j = 0, j &lt; symbols.size(), (j++)]): null

2019-08-24 12:18:45 - [TEST_STEP][PASSED] - symbol = symbol: null

2019-08-24 12:18:45 - [TEST_STEP][PASSED] - println(symbol): null

2019-08-24 12:18:45 - [TEST_STEP][PASSED] - if (i == 2 &amp;&amp; wildList.indexOf(symbol) != -1): null

2019-08-24 12:18:45 - [TEST_STEP][PASSED] - if (i == 3 &amp;&amp; wildList.indexOf(symbol) != -1): null

2019-08-24 12:18:45 - [TEST_STEP][PASSED] - if (i == 4 &amp;&amp; wildList.indexOf(symbol) != -1): null

2019-08-24 12:18:45 - [TEST_STEP][PASSED] - symbol = symbol: null

2019-08-24 12:18:45 - [TEST_STEP][PASSED] - println(symbol): null

2019-08-24 12:18:45 - [TEST_STEP][PASSED] - if (i == 2 &amp;&amp; wildList.indexOf(symbol) != -1): null

2019-08-24 12:18:45 - [TEST_STEP][PASSED] - if (i == 3 &amp;&amp; wildList.indexOf(symbol) != -1): null

2019-08-24 12:18:45 - [TEST_STEP][PASSED] - if (i == 4 &amp;&amp; wildList.indexOf(symbol) != -1): null

2019-08-24 12:18:45 - [TEST_STEP][PASSED] - symbol = symbol: null

2019-08-24 12:18:45 - [TEST_STEP][PASSED] - println(symbol): null

2019-08-24 12:18:45 - [TEST_STEP][PASSED] - if (i == 2 &amp;&amp; wildList.indexOf(symbol) != -1): null

2019-08-24 12:18:45 - [TEST_STEP][PASSED] - if (i == 3 &amp;&amp; wildList.indexOf(symbol) != -1): null

2019-08-24 12:18:45 - [TEST_STEP][PASSED] - if (i == 4 &amp;&amp; wildList.indexOf(symbol) != -1): null

2019-08-24 12:18:45 - [TEST_STEP][PASSED] - free_spin_reel_counter = free_spin_reel_counter: null

2019-08-24 12:18:45 - [TEST_STEP][PASSED] - println("reel 3 wild found: " + free_spin_reel_counter[0]): null

2019-08-24 12:18:45 - [TEST_STEP][PASSED] - println("reel 4 wild found: " + free_spin_reel_counter[1]): null

2019-08-24 12:18:45 - [TEST_STEP][PASSED] - println("reel 5 wild found: " + free_spin_reel_counter[2]): null

2019-08-24 12:18:45 - [TEST_STEP][PASSED] - M4_spin_reels = M4_spin_reels: null

2019-08-24 12:18:45 - [TEST_STEP][PASSED] - M4_spin_reels_symbols = symbol: null

2019-08-24 12:18:45 - [TEST_STEP][PASSED] - M4_spin_reels_symbols = M4_spin_reels_symbols: null

2019-08-24 12:18:45 - [TEST_STEP][PASSED] - M4_spin_reel_wins = reel_wins: null

2019-08-24 12:18:45 - [TEST_STEP][PASSED] - M4_spin_reel_wins = M4_spin_reel_wins: null

2019-08-24 12:18:45 - [TEST_STEP][PASSED] - println("GlobalVariable.M4_spin_reel_wins is: " + M4_spin_reel_wins): null

2019-08-24 12:18:45 - [TEST_STEP][PASSED] - M4_spin_total_bonus_win_this_round = total_bonus_win_this_round: null

2019-08-24 12:18:45 - [TEST_STEP][PASSED] - M4_spin_total_bonus_win_this_round = M4_spin_total_bonus_win_this_round: null

2019-08-24 12:18:45 - [TEST_STEP][PASSED] - println("GlobalVariable.M4_spin_total_bonus_win_this_round is: " + M4_spin_total_bonus_win_this_round): null

2019-08-24 12:18:45 - [TEST_STEP][PASSED] - M4_spin_bonus_spin_result = spin_result: null

2019-08-24 12:18:45 - [TEST_STEP][PASSED] - M4_spin_bonus_spin_result = M4_spin_bonus_spin_result: null

2019-08-24 12:18:45 - [MESSAGE][PASSED] - Verify response successfully

2019-08-24 12:18:45 - [MESSAGE][PASSED] - Send request and verify the response successfully

2019-08-24 12:18:45 - [TEST_STEP][PASSED] - if (M4_total_bonus_spins_int != 0 &amp;&amp; M4_spin_reels_symbols[2].contains("WILD_ExtraFG") || M4_spin_reels_symbols[3].contains("WILD_ExtraFG")): null

2019-08-24 12:18:45 - [TEST_STEP][PASSED] - free_spin_reel_counter = free_spin_reel_counter: null

2019-08-24 12:18:45 - [TEST_STEP][PASSED] - M4_spin_reels_symbols = M4_spin_reels_symbols: null

2019-08-24 12:18:45 - [TEST_STEP][PASSED] - M4_total_bonus_spins = M4_total_bonus_spins: null

2019-08-24 12:18:45 - [TEST_STEP][PASSED] - spin_result = sendRequestAndVerify(findTestObject("INT/RGS(M4)/1_M4_spin", ["M4_login_user_id":M4_login_user_id, "rgs_session_token":rgs_session_token, "partner":Partner])): Send request and verify the response successfully

2019-08-24 12:18:46 - [MESSAGE][INFO] - HAR: /Users/eiralee/Katalon_Script/SuperWild/Reports/20190824_120919/INT/superWild_3/20190824_120919/requests/main/158.har

2019-08-24 12:18:46 - [TEST_CASE][PASSED] - Start Test Case : Verification: Verification accomplished successfully

2019-08-24 12:18:46 - [TEST_STEP][PASSED] - request = getInstance().getCurrentRequest(): null

2019-08-24 12:18:46 - [TEST_STEP][PASSED] - response = getInstance().getCurrentResponse(): null

2019-08-24 12:18:46 - [TEST_STEP][PASSED] - verifyResponseStatusCode(response, 200): Verify response status code successfully

2019-08-24 12:18:46 - [MESSAGE][PASSED] - Verify response status code successfully

2019-08-24 12:18:46 - [TEST_STEP][PASSED] - getStatusCode()).isEqualTo(200): null

2019-08-24 12:18:46 - [TEST_STEP][PASSED] - newline = System.getProperty("line.separator"): null

2019-08-24 12:18:46 - [TEST_STEP][PASSED] - M4_spin = new groovy.json.JsonSlurper(): null

2019-08-24 12:18:46 - [TEST_STEP][PASSED] - result_M4_spin = M4_spin.parseText(response.getResponseBodyContent()): null

2019-08-24 12:18:46 - [TEST_STEP][PASSED] - M4_spin_current_balance = current_balance: null

2019-08-24 12:18:46 - [TEST_STEP][PASSED] - M4_spin_current_balance = M4_spin_current_balance: null

2019-08-24 12:18:46 - [TEST_STEP][PASSED] - M4_spin_transaction_id = causality: null

2019-08-24 12:18:46 - [TEST_STEP][PASSED] - M4_spin_transaction_id = M4_spin_transaction_id: null

2019-08-24 12:18:46 - [TEST_STEP][PASSED] - M4_spin_round_id = round_id: null

2019-08-24 12:18:46 - [TEST_STEP][PASSED] - M4_spin_round_id = M4_spin_round_id: null

2019-08-24 12:18:46 - [TEST_STEP][PASSED] - M4_spin_line_wins = line_wins: null

2019-08-24 12:18:46 - [TEST_STEP][PASSED] - M4_spin_line_wins = M4_spin_line_wins: null

2019-08-24 12:18:46 - [TEST_STEP][PASSED] - M4_total_bonus_spins_int = total_bonus_spins: null

2019-08-24 12:18:46 - [TEST_STEP][PASSED] - println("******M4_total_bonus_spins type is:*******" + newline + getClass().getName()): null

2019-08-24 12:18:46 - [TEST_STEP][PASSED] - M4_total_bonus_spins_int = M4_total_bonus_spins_int: null

2019-08-24 12:18:46 - [TEST_STEP][PASSED] - M4_total_bonus_spins = Integer.toString(M4_total_bonus_spins_int): null

2019-08-24 12:18:46 - [TEST_STEP][PASSED] - M4_total_bonus_spins = M4_total_bonus_spins: null

2019-08-24 12:18:46 - [TEST_STEP][PASSED] - println("M4_total_bonus_spins is:" + M4_total_bonus_spins): null

2019-08-24 12:18:46 - [TEST_STEP][PASSED] - M4_spin_bonus_data = bonus_data: null

2019-08-24 12:18:46 - [TEST_STEP][PASSED] - M4_spin_features_triggered = result_M4_spin: null

2019-08-24 12:18:46 - [TEST_STEP][PASSED] - wild = []: null

2019-08-24 12:18:46 - [TEST_STEP][PASSED] - wild[0] = "WILD_Expanding": null

2019-08-24 12:18:46 - [TEST_STEP][PASSED] - wild[1] = "WILD_Normal": null

2019-08-24 12:18:46 - [TEST_STEP][PASSED] - wild[2] = "WILD_Double": null

2019-08-24 12:18:46 - [TEST_STEP][PASSED] - wild[3] = "WILD_ExtraFG": null

2019-08-24 12:18:46 - [TEST_STEP][PASSED] - wild[4] = "WILD_Triple": null

2019-08-24 12:18:46 - [TEST_STEP][PASSED] - wildList = Arrays.asList(wild): null

2019-08-24 12:18:46 - [TEST_STEP][PASSED] - wildList = wildList: null

2019-08-24 12:18:46 - [TEST_STEP][PASSED] - free_spin_reel_counter = []: null

2019-08-24 12:18:46 - [TEST_STEP][PASSED] - free_spin_reel_counter[0] = 0: null

2019-08-24 12:18:46 - [TEST_STEP][PASSED] - free_spin_reel_counter[1] = 0: null

2019-08-24 12:18:46 - [TEST_STEP][PASSED] - free_spin_reel_counter[2] = 0: null

2019-08-24 12:18:46 - [TEST_STEP][PASSED] - M4_spin_reels = reels: null

2019-08-24 12:18:46 - [TEST_STEP][PASSED] - for ([i = 0, i &lt; M4_spin_reels.size(), (i++)]): null

2019-08-24 12:18:46 - [TEST_STEP][PASSED] - symbols = symbols: null

2019-08-24 12:18:46 - [TEST_STEP][PASSED] - for ([j = 0, j &lt; symbols.size(), (j++)]): null

2019-08-24 12:18:46 - [TEST_STEP][PASSED] - symbol = symbol: null

2019-08-24 12:18:46 - [TEST_STEP][PASSED] - println(symbol): null

2019-08-24 12:18:46 - [TEST_STEP][PASSED] - if (i == 2 &amp;&amp; wildList.indexOf(symbol) != -1): null

2019-08-24 12:18:46 - [TEST_STEP][PASSED] - if (i == 3 &amp;&amp; wildList.indexOf(symbol) != -1): null

2019-08-24 12:18:46 - [TEST_STEP][PASSED] - if (i == 4 &amp;&amp; wildList.indexOf(symbol) != -1): null

2019-08-24 12:18:46 - [TEST_STEP][PASSED] - symbol = symbol: null

2019-08-24 12:18:46 - [TEST_STEP][PASSED] - println(symbol): null

2019-08-24 12:18:46 - [TEST_STEP][PASSED] - if (i == 2 &amp;&amp; wildList.indexOf(symbol) != -1): null

2019-08-24 12:18:46 - [TEST_STEP][PASSED] - if (i == 3 &amp;&amp; wildList.indexOf(symbol) != -1): null

2019-08-24 12:18:46 - [TEST_STEP][PASSED] - if (i == 4 &amp;&amp; wildList.indexOf(symbol) != -1): null

2019-08-24 12:18:46 - [TEST_STEP][PASSED] - symbol = symbol: null

2019-08-24 12:18:46 - [TEST_STEP][PASSED] - println(symbol): null

2019-08-24 12:18:46 - [TEST_STEP][PASSED] - if (i == 2 &amp;&amp; wildList.indexOf(symbol) != -1): null

2019-08-24 12:18:46 - [TEST_STEP][PASSED] - if (i == 3 &amp;&amp; wildList.indexOf(symbol) != -1): null

2019-08-24 12:18:46 - [TEST_STEP][PASSED] - if (i == 4 &amp;&amp; wildList.indexOf(symbol) != -1): null

2019-08-24 12:18:46 - [TEST_STEP][PASSED] - symbols = symbols: null

2019-08-24 12:18:46 - [TEST_STEP][PASSED] - for ([j = 0, j &lt; symbols.size(), (j++)]): null

2019-08-24 12:18:46 - [TEST_STEP][PASSED] - symbol = symbol: null

2019-08-24 12:18:46 - [TEST_STEP][PASSED] - println(symbol): null

2019-08-24 12:18:46 - [TEST_STEP][PASSED] - if (i == 2 &amp;&amp; wildList.indexOf(symbol) != -1): null

2019-08-24 12:18:46 - [TEST_STEP][PASSED] - if (i == 3 &amp;&amp; wildList.indexOf(symbol) != -1): null

2019-08-24 12:18:46 - [TEST_STEP][PASSED] - if (i == 4 &amp;&amp; wildList.indexOf(symbol) != -1): null

2019-08-24 12:18:46 - [TEST_STEP][PASSED] - symbol = symbol: null

2019-08-24 12:18:46 - [TEST_STEP][PASSED] - println(symbol): null

2019-08-24 12:18:46 - [TEST_STEP][PASSED] - if (i == 2 &amp;&amp; wildList.indexOf(symbol) != -1): null

2019-08-24 12:18:46 - [TEST_STEP][PASSED] - if (i == 3 &amp;&amp; wildList.indexOf(symbol) != -1): null

2019-08-24 12:18:46 - [TEST_STEP][PASSED] - if (i == 4 &amp;&amp; wildList.indexOf(symbol) != -1): null

2019-08-24 12:18:46 - [TEST_STEP][PASSED] - symbol = symbol: null

2019-08-24 12:18:46 - [TEST_STEP][PASSED] - println(symbol): null

2019-08-24 12:18:46 - [TEST_STEP][PASSED] - if (i == 2 &amp;&amp; wildList.indexOf(symbol) != -1): null

2019-08-24 12:18:46 - [TEST_STEP][PASSED] - if (i == 3 &amp;&amp; wildList.indexOf(symbol) != -1): null

2019-08-24 12:18:46 - [TEST_STEP][PASSED] - if (i == 4 &amp;&amp; wildList.indexOf(symbol) != -1): null

2019-08-24 12:18:46 - [TEST_STEP][PASSED] - symbols = symbols: null

2019-08-24 12:18:46 - [TEST_STEP][PASSED] - for ([j = 0, j &lt; symbols.size(), (j++)]): null

2019-08-24 12:18:46 - [TEST_STEP][PASSED] - symbol = symbol: null

2019-08-24 12:18:46 - [TEST_STEP][PASSED] - println(symbol): null

2019-08-24 12:18:46 - [TEST_STEP][PASSED] - if (i == 2 &amp;&amp; wildList.indexOf(symbol) != -1): null

2019-08-24 12:18:46 - [TEST_STEP][PASSED] - if (i == 3 &amp;&amp; wildList.indexOf(symbol) != -1): null

2019-08-24 12:18:46 - [TEST_STEP][PASSED] - if (i == 4 &amp;&amp; wildList.indexOf(symbol) != -1): null

2019-08-24 12:18:46 - [TEST_STEP][PASSED] - symbol = symbol: null

2019-08-24 12:18:46 - [TEST_STEP][PASSED] - println(symbol): null

2019-08-24 12:18:46 - [TEST_STEP][PASSED] - if (i == 2 &amp;&amp; wildList.indexOf(symbol) != -1): null

2019-08-24 12:18:46 - [TEST_STEP][PASSED] - println("wild found on reel 3, adding counter by 1"): null

2019-08-24 12:18:46 - [TEST_STEP][PASSED] - free_spin_reel_counter[0] = free_spin_reel_counter[0] + 1: null

2019-08-24 12:18:46 - [TEST_STEP][PASSED] - if (i == 3 &amp;&amp; wildList.indexOf(symbol) != -1): null

2019-08-24 12:18:46 - [TEST_STEP][PASSED] - if (i == 4 &amp;&amp; wildList.indexOf(symbol) != -1): null

2019-08-24 12:18:46 - [TEST_STEP][PASSED] - symbol = symbol: null

2019-08-24 12:18:46 - [TEST_STEP][PASSED] - println(symbol): null

2019-08-24 12:18:46 - [TEST_STEP][PASSED] - if (i == 2 &amp;&amp; wildList.indexOf(symbol) != -1): null

2019-08-24 12:18:46 - [TEST_STEP][PASSED] - if (i == 3 &amp;&amp; wildList.indexOf(symbol) != -1): null

2019-08-24 12:18:46 - [TEST_STEP][PASSED] - if (i == 4 &amp;&amp; wildList.indexOf(symbol) != -1): null

2019-08-24 12:18:46 - [TEST_STEP][PASSED] - symbols = symbols: null

2019-08-24 12:18:46 - [TEST_STEP][PASSED] - for ([j = 0, j &lt; symbols.size(), (j++)]): null

2019-08-24 12:18:46 - [TEST_STEP][PASSED] - symbol = symbol: null

2019-08-24 12:18:46 - [TEST_STEP][PASSED] - println(symbol): null

2019-08-24 12:18:46 - [TEST_STEP][PASSED] - if (i == 2 &amp;&amp; wildList.indexOf(symbol) != -1): null

2019-08-24 12:18:46 - [TEST_STEP][PASSED] - if (i == 3 &amp;&amp; wildList.indexOf(symbol) != -1): null

2019-08-24 12:18:46 - [TEST_STEP][PASSED] - if (i == 4 &amp;&amp; wildList.indexOf(symbol) != -1): null

2019-08-24 12:18:46 - [TEST_STEP][PASSED] - symbol = symbol: null

2019-08-24 12:18:46 - [TEST_STEP][PASSED] - println(symbol): null

2019-08-24 12:18:46 - [TEST_STEP][PASSED] - if (i == 2 &amp;&amp; wildList.indexOf(symbol) != -1): null

2019-08-24 12:18:46 - [TEST_STEP][PASSED] - if (i == 3 &amp;&amp; wildList.indexOf(symbol) != -1): null

2019-08-24 12:18:46 - [TEST_STEP][PASSED] - if (i == 4 &amp;&amp; wildList.indexOf(symbol) != -1): null

2019-08-24 12:18:46 - [TEST_STEP][PASSED] - symbol = symbol: null

2019-08-24 12:18:46 - [TEST_STEP][PASSED] - println(symbol): null

2019-08-24 12:18:46 - [TEST_STEP][PASSED] - if (i == 2 &amp;&amp; wildList.indexOf(symbol) != -1): null

2019-08-24 12:18:46 - [TEST_STEP][PASSED] - if (i == 3 &amp;&amp; wildList.indexOf(symbol) != -1): null

2019-08-24 12:18:46 - [TEST_STEP][PASSED] - if (i == 4 &amp;&amp; wildList.indexOf(symbol) != -1): null

2019-08-24 12:18:46 - [TEST_STEP][PASSED] - symbols = symbols: null

2019-08-24 12:18:46 - [TEST_STEP][PASSED] - for ([j = 0, j &lt; symbols.size(), (j++)]): null

2019-08-24 12:18:46 - [TEST_STEP][PASSED] - symbol = symbol: null

2019-08-24 12:18:46 - [TEST_STEP][PASSED] - println(symbol): null

2019-08-24 12:18:46 - [TEST_STEP][PASSED] - if (i == 2 &amp;&amp; wildList.indexOf(symbol) != -1): null

2019-08-24 12:18:46 - [TEST_STEP][PASSED] - if (i == 3 &amp;&amp; wildList.indexOf(symbol) != -1): null

2019-08-24 12:18:46 - [TEST_STEP][PASSED] - if (i == 4 &amp;&amp; wildList.indexOf(symbol) != -1): null

2019-08-24 12:18:46 - [TEST_STEP][PASSED] - symbol = symbol: null

2019-08-24 12:18:46 - [TEST_STEP][PASSED] - println(symbol): null

2019-08-24 12:18:46 - [TEST_STEP][PASSED] - if (i == 2 &amp;&amp; wildList.indexOf(symbol) != -1): null

2019-08-24 12:18:46 - [TEST_STEP][PASSED] - if (i == 3 &amp;&amp; wildList.indexOf(symbol) != -1): null

2019-08-24 12:18:46 - [TEST_STEP][PASSED] - if (i == 4 &amp;&amp; wildList.indexOf(symbol) != -1): null

2019-08-24 12:18:46 - [TEST_STEP][PASSED] - symbol = symbol: null

2019-08-24 12:18:46 - [TEST_STEP][PASSED] - println(symbol): null

2019-08-24 12:18:46 - [TEST_STEP][PASSED] - if (i == 2 &amp;&amp; wildList.indexOf(symbol) != -1): null

2019-08-24 12:18:46 - [TEST_STEP][PASSED] - if (i == 3 &amp;&amp; wildList.indexOf(symbol) != -1): null

2019-08-24 12:18:46 - [TEST_STEP][PASSED] - if (i == 4 &amp;&amp; wildList.indexOf(symbol) != -1): null

2019-08-24 12:18:46 - [TEST_STEP][PASSED] - free_spin_reel_counter = free_spin_reel_counter: null

2019-08-24 12:18:46 - [TEST_STEP][PASSED] - println("reel 3 wild found: " + free_spin_reel_counter[0]): null

2019-08-24 12:18:46 - [TEST_STEP][PASSED] - println("reel 4 wild found: " + free_spin_reel_counter[1]): null

2019-08-24 12:18:46 - [TEST_STEP][PASSED] - println("reel 5 wild found: " + free_spin_reel_counter[2]): null

2019-08-24 12:18:46 - [TEST_STEP][PASSED] - M4_spin_reels = M4_spin_reels: null

2019-08-24 12:18:46 - [TEST_STEP][PASSED] - M4_spin_reels_symbols = symbol: null

2019-08-24 12:18:46 - [TEST_STEP][PASSED] - M4_spin_reels_symbols = M4_spin_reels_symbols: null

2019-08-24 12:18:46 - [TEST_STEP][PASSED] - M4_spin_reel_wins = reel_wins: null

2019-08-24 12:18:46 - [TEST_STEP][PASSED] - M4_spin_reel_wins = M4_spin_reel_wins: null

2019-08-24 12:18:46 - [TEST_STEP][PASSED] - println("GlobalVariable.M4_spin_reel_wins is: " + M4_spin_reel_wins): null

2019-08-24 12:18:46 - [TEST_STEP][PASSED] - M4_spin_total_bonus_win_this_round = total_bonus_win_this_round: null

2019-08-24 12:18:46 - [TEST_STEP][PASSED] - M4_spin_total_bonus_win_this_round = M4_spin_total_bonus_win_this_round: null

2019-08-24 12:18:46 - [TEST_STEP][PASSED] - println("GlobalVariable.M4_spin_total_bonus_win_this_round is: " + M4_spin_total_bonus_win_this_round): null

2019-08-24 12:18:46 - [TEST_STEP][PASSED] - M4_spin_bonus_spin_result = spin_result: null

2019-08-24 12:18:46 - [TEST_STEP][PASSED] - M4_spin_bonus_spin_result = M4_spin_bonus_spin_result: null

2019-08-24 12:18:46 - [MESSAGE][PASSED] - Verify response successfully

2019-08-24 12:18:46 - [MESSAGE][PASSED] - Send request and verify the response successfully

2019-08-24 12:18:46 - [TEST_STEP][PASSED] - if (M4_total_bonus_spins_int != 0 &amp;&amp; M4_spin_reels_symbols[2].contains("WILD_ExtraFG") || M4_spin_reels_symbols[3].contains("WILD_ExtraFG")): null

2019-08-24 12:18:46 - [TEST_STEP][PASSED] - free_spin_reel_counter = free_spin_reel_counter: null

2019-08-24 12:18:46 - [TEST_STEP][PASSED] - M4_spin_reels_symbols = M4_spin_reels_symbols: null

2019-08-24 12:18:46 - [TEST_STEP][PASSED] - M4_total_bonus_spins = M4_total_bonus_spins: null

2019-08-24 12:18:46 - [TEST_STEP][PASSED] - spin_result = sendRequestAndVerify(findTestObject("INT/RGS(M4)/1_M4_spin", ["M4_login_user_id":M4_login_user_id, "rgs_session_token":rgs_session_token, "partner":Partner])): Send request and verify the response successfully

2019-08-24 12:18:46 - [MESSAGE][INFO] - HAR: /Users/eiralee/Katalon_Script/SuperWild/Reports/20190824_120919/INT/superWild_3/20190824_120919/requests/main/159.har

2019-08-24 12:18:46 - [TEST_CASE][PASSED] - Start Test Case : Verification: Verification accomplished successfully

2019-08-24 12:18:46 - [TEST_STEP][PASSED] - request = getInstance().getCurrentRequest(): null

2019-08-24 12:18:46 - [TEST_STEP][PASSED] - response = getInstance().getCurrentResponse(): null

2019-08-24 12:18:46 - [TEST_STEP][PASSED] - verifyResponseStatusCode(response, 200): Verify response status code successfully

2019-08-24 12:18:46 - [MESSAGE][PASSED] - Verify response status code successfully

2019-08-24 12:18:46 - [TEST_STEP][PASSED] - getStatusCode()).isEqualTo(200): null

2019-08-24 12:18:46 - [TEST_STEP][PASSED] - newline = System.getProperty("line.separator"): null

2019-08-24 12:18:46 - [TEST_STEP][PASSED] - M4_spin = new groovy.json.JsonSlurper(): null

2019-08-24 12:18:46 - [TEST_STEP][PASSED] - result_M4_spin = M4_spin.parseText(response.getResponseBodyContent()): null

2019-08-24 12:18:46 - [TEST_STEP][PASSED] - M4_spin_current_balance = current_balance: null

2019-08-24 12:18:46 - [TEST_STEP][PASSED] - M4_spin_current_balance = M4_spin_current_balance: null

2019-08-24 12:18:46 - [TEST_STEP][PASSED] - M4_spin_transaction_id = causality: null

2019-08-24 12:18:46 - [TEST_STEP][PASSED] - M4_spin_transaction_id = M4_spin_transaction_id: null

2019-08-24 12:18:46 - [TEST_STEP][PASSED] - M4_spin_round_id = round_id: null

2019-08-24 12:18:46 - [TEST_STEP][PASSED] - M4_spin_round_id = M4_spin_round_id: null

2019-08-24 12:18:46 - [TEST_STEP][PASSED] - M4_spin_line_wins = line_wins: null

2019-08-24 12:18:46 - [TEST_STEP][PASSED] - M4_spin_line_wins = M4_spin_line_wins: null

2019-08-24 12:18:46 - [TEST_STEP][PASSED] - M4_total_bonus_spins_int = total_bonus_spins: null

2019-08-24 12:18:46 - [TEST_STEP][PASSED] - println("******M4_total_bonus_spins type is:*******" + newline + getClass().getName()): null

2019-08-24 12:18:46 - [TEST_STEP][PASSED] - M4_total_bonus_spins_int = M4_total_bonus_spins_int: null

2019-08-24 12:18:46 - [TEST_STEP][PASSED] - M4_total_bonus_spins = Integer.toString(M4_total_bonus_spins_int): null

2019-08-24 12:18:46 - [TEST_STEP][PASSED] - M4_total_bonus_spins = M4_total_bonus_spins: null

2019-08-24 12:18:46 - [TEST_STEP][PASSED] - println("M4_total_bonus_spins is:" + M4_total_bonus_spins): null

2019-08-24 12:18:46 - [TEST_STEP][PASSED] - M4_spin_bonus_data = bonus_data: null

2019-08-24 12:18:46 - [TEST_STEP][PASSED] - M4_spin_features_triggered = result_M4_spin: null

2019-08-24 12:18:46 - [TEST_STEP][PASSED] - wild = []: null

2019-08-24 12:18:46 - [TEST_STEP][PASSED] - wild[0] = "WILD_Expanding": null

2019-08-24 12:18:46 - [TEST_STEP][PASSED] - wild[1] = "WILD_Normal": null

2019-08-24 12:18:46 - [TEST_STEP][PASSED] - wild[2] = "WILD_Double": null

2019-08-24 12:18:46 - [TEST_STEP][PASSED] - wild[3] = "WILD_ExtraFG": null

2019-08-24 12:18:46 - [TEST_STEP][PASSED] - wild[4] = "WILD_Triple": null

2019-08-24 12:18:46 - [TEST_STEP][PASSED] - wildList = Arrays.asList(wild): null

2019-08-24 12:18:46 - [TEST_STEP][PASSED] - wildList = wildList: null

2019-08-24 12:18:46 - [TEST_STEP][PASSED] - free_spin_reel_counter = []: null

2019-08-24 12:18:46 - [TEST_STEP][PASSED] - free_spin_reel_counter[0] = 0: null

2019-08-24 12:18:46 - [TEST_STEP][PASSED] - free_spin_reel_counter[1] = 0: null

2019-08-24 12:18:46 - [TEST_STEP][PASSED] - free_spin_reel_counter[2] = 0: null

2019-08-24 12:18:46 - [TEST_STEP][PASSED] - M4_spin_reels = reels: null

2019-08-24 12:18:46 - [TEST_STEP][PASSED] - for ([i = 0, i &lt; M4_spin_reels.size(), (i++)]): null

2019-08-24 12:18:46 - [TEST_STEP][PASSED] - symbols = symbols: null

2019-08-24 12:18:46 - [TEST_STEP][PASSED] - for ([j = 0, j &lt; symbols.size(), (j++)]): null

2019-08-24 12:18:46 - [TEST_STEP][PASSED] - symbol = symbol: null

2019-08-24 12:18:46 - [TEST_STEP][PASSED] - println(symbol): null

2019-08-24 12:18:46 - [TEST_STEP][PASSED] - if (i == 2 &amp;&amp; wildList.indexOf(symbol) != -1): null

2019-08-24 12:18:46 - [TEST_STEP][PASSED] - if (i == 3 &amp;&amp; wildList.indexOf(symbol) != -1): null

2019-08-24 12:18:46 - [TEST_STEP][PASSED] - if (i == 4 &amp;&amp; wildList.indexOf(symbol) != -1): null

2019-08-24 12:18:46 - [TEST_STEP][PASSED] - symbol = symbol: null

2019-08-24 12:18:46 - [TEST_STEP][PASSED] - println(symbol): null

2019-08-24 12:18:46 - [TEST_STEP][PASSED] - if (i == 2 &amp;&amp; wildList.indexOf(symbol) != -1): null

2019-08-24 12:18:46 - [TEST_STEP][PASSED] - if (i == 3 &amp;&amp; wildList.indexOf(symbol) != -1): null

2019-08-24 12:18:46 - [TEST_STEP][PASSED] - if (i == 4 &amp;&amp; wildList.indexOf(symbol) != -1): null

2019-08-24 12:18:46 - [TEST_STEP][PASSED] - symbol = symbol: null

2019-08-24 12:18:46 - [TEST_STEP][PASSED] - println(symbol): null

2019-08-24 12:18:46 - [TEST_STEP][PASSED] - if (i == 2 &amp;&amp; wildList.indexOf(symbol) != -1): null

2019-08-24 12:18:46 - [TEST_STEP][PASSED] - if (i == 3 &amp;&amp; wildList.indexOf(symbol) != -1): null

2019-08-24 12:18:46 - [TEST_STEP][PASSED] - if (i == 4 &amp;&amp; wildList.indexOf(symbol) != -1): null

2019-08-24 12:18:46 - [TEST_STEP][PASSED] - symbols = symbols: null

2019-08-24 12:18:46 - [TEST_STEP][PASSED] - for ([j = 0, j &lt; symbols.size(), (j++)]): null

2019-08-24 12:18:46 - [TEST_STEP][PASSED] - symbol = symbol: null

2019-08-24 12:18:46 - [TEST_STEP][PASSED] - println(symbol): null

2019-08-24 12:18:46 - [TEST_STEP][PASSED] - if (i == 2 &amp;&amp; wildList.indexOf(symbol) != -1): null

2019-08-24 12:18:46 - [TEST_STEP][PASSED] - if (i == 3 &amp;&amp; wildList.indexOf(symbol) != -1): null

2019-08-24 12:18:46 - [TEST_STEP][PASSED] - if (i == 4 &amp;&amp; wildList.indexOf(symbol) != -1): null

2019-08-24 12:18:46 - [TEST_STEP][PASSED] - symbol = symbol: null

2019-08-24 12:18:46 - [TEST_STEP][PASSED] - println(symbol): null

2019-08-24 12:18:46 - [TEST_STEP][PASSED] - if (i == 2 &amp;&amp; wildList.indexOf(symbol) != -1): null

2019-08-24 12:18:46 - [TEST_STEP][PASSED] - if (i == 3 &amp;&amp; wildList.indexOf(symbol) != -1): null

2019-08-24 12:18:46 - [TEST_STEP][PASSED] - if (i == 4 &amp;&amp; wildList.indexOf(symbol) != -1): null

2019-08-24 12:18:46 - [TEST_STEP][PASSED] - symbol = symbol: null

2019-08-24 12:18:46 - [TEST_STEP][PASSED] - println(symbol): null

2019-08-24 12:18:46 - [TEST_STEP][PASSED] - if (i == 2 &amp;&amp; wildList.indexOf(symbol) != -1): null

2019-08-24 12:18:46 - [TEST_STEP][PASSED] - if (i == 3 &amp;&amp; wildList.indexOf(symbol) != -1): null

2019-08-24 12:18:46 - [TEST_STEP][PASSED] - if (i == 4 &amp;&amp; wildList.indexOf(symbol) != -1): null

2019-08-24 12:18:46 - [TEST_STEP][PASSED] - symbols = symbols: null

2019-08-24 12:18:46 - [TEST_STEP][PASSED] - for ([j = 0, j &lt; symbols.size(), (j++)]): null

2019-08-24 12:18:46 - [TEST_STEP][PASSED] - symbol = symbol: null

2019-08-24 12:18:46 - [TEST_STEP][PASSED] - println(symbol): null

2019-08-24 12:18:46 - [TEST_STEP][PASSED] - if (i == 2 &amp;&amp; wildList.indexOf(symbol) != -1): null

2019-08-24 12:18:50 - [TEST_STEP][PASSED] - if (i == 3 &amp;&amp; wildList.indexOf(symbol) != -1): null

2019-08-24 12:18:50 - [TEST_STEP][PASSED] - if (i == 4 &amp;&amp; wildList.indexOf(symbol) != -1): null

2019-08-24 12:18:50 - [TEST_STEP][PASSED] - symbol = symbol: null

2019-08-24 12:18:50 - [TEST_STEP][PASSED] - println(symbol): null

2019-08-24 12:18:50 - [TEST_STEP][PASSED] - if (i == 2 &amp;&amp; wildList.indexOf(symbol) != -1): null

2019-08-24 12:18:50 - [TEST_STEP][PASSED] - if (i == 3 &amp;&amp; wildList.indexOf(symbol) != -1): null

2019-08-24 12:18:50 - [TEST_STEP][PASSED] - if (i == 4 &amp;&amp; wildList.indexOf(symbol) != -1): null

2019-08-24 12:18:50 - [TEST_STEP][PASSED] - symbol = symbol: null

2019-08-24 12:18:50 - [TEST_STEP][PASSED] - println(symbol): null

2019-08-24 12:18:50 - [TEST_STEP][PASSED] - if (i == 2 &amp;&amp; wildList.indexOf(symbol) != -1): null

2019-08-24 12:18:54 - [TEST_STEP][PASSED] - println("wild found on reel 3, adding counter by 1"): null

2019-08-24 12:18:54 - [TEST_STEP][PASSED] - free_spin_reel_counter[0] = free_spin_reel_counter[0] + 1: null

2019-08-24 12:18:54 - [TEST_STEP][PASSED] - if (i == 3 &amp;&amp; wildList.indexOf(symbol) != -1): null

2019-08-24 12:18:54 - [TEST_STEP][PASSED] - if (i == 4 &amp;&amp; wildList.indexOf(symbol) != -1): null

2019-08-24 12:18:54 - [TEST_STEP][PASSED] - symbols = symbols: null

2019-08-24 12:18:54 - [TEST_STEP][PASSED] - for ([j = 0, j &lt; symbols.size(), (j++)]): null

2019-08-24 12:18:54 - [TEST_STEP][PASSED] - symbol = symbol: null

2019-08-24 12:18:54 - [TEST_STEP][PASSED] - println(symbol): null

2019-08-24 12:18:54 - [TEST_STEP][PASSED] - if (i == 2 &amp;&amp; wildList.indexOf(symbol) != -1): null

2019-08-24 12:18:54 - [TEST_STEP][PASSED] - if (i == 3 &amp;&amp; wildList.indexOf(symbol) != -1): null

2019-08-24 12:18:54 - [TEST_STEP][PASSED] - println("wild found on reel 4, adding counter by 1"): null

2019-08-24 12:18:54 - [TEST_STEP][PASSED] - free_spin_reel_counter[1] = free_spin_reel_counter[1] + 1: null

2019-08-24 12:18:54 - [TEST_STEP][PASSED] - if (i == 4 &amp;&amp; wildList.indexOf(symbol) != -1): null

2019-08-24 12:18:54 - [TEST_STEP][PASSED] - symbol = symbol: null

2019-08-24 12:18:54 - [TEST_STEP][PASSED] - println(symbol): null

2019-08-24 12:18:54 - [TEST_STEP][PASSED] - if (i == 2 &amp;&amp; wildList.indexOf(symbol) != -1): null

2019-08-24 12:18:54 - [TEST_STEP][PASSED] - if (i == 3 &amp;&amp; wildList.indexOf(symbol) != -1): null

2019-08-24 12:18:54 - [TEST_STEP][PASSED] - if (i == 4 &amp;&amp; wildList.indexOf(symbol) != -1): null

2019-08-24 12:18:54 - [TEST_STEP][PASSED] - symbol = symbol: null

2019-08-24 12:18:54 - [TEST_STEP][PASSED] - println(symbol): null

2019-08-24 12:18:54 - [TEST_STEP][PASSED] - if (i == 2 &amp;&amp; wildList.indexOf(symbol) != -1): null

2019-08-24 12:18:54 - [TEST_STEP][PASSED] - if (i == 3 &amp;&amp; wildList.indexOf(symbol) != -1): null

2019-08-24 12:18:54 - [TEST_STEP][PASSED] - if (i == 4 &amp;&amp; wildList.indexOf(symbol) != -1): null

2019-08-24 12:18:54 - [TEST_STEP][PASSED] - symbols = symbols: null

2019-08-24 12:18:54 - [TEST_STEP][PASSED] - for ([j = 0, j &lt; symbols.size(), (j++)]): null

2019-08-24 12:18:54 - [TEST_STEP][PASSED] - symbol = symbol: null

2019-08-24 12:18:54 - [TEST_STEP][PASSED] - println(symbol): null

2019-08-24 12:18:54 - [TEST_STEP][PASSED] - if (i == 2 &amp;&amp; wildList.indexOf(symbol) != -1): null

2019-08-24 12:18:54 - [TEST_STEP][PASSED] - if (i == 3 &amp;&amp; wildList.indexOf(symbol) != -1): null

2019-08-24 12:18:54 - [TEST_STEP][PASSED] - if (i == 4 &amp;&amp; wildList.indexOf(symbol) != -1): null

2019-08-24 12:18:54 - [TEST_STEP][PASSED] - symbol = symbol: null

2019-08-24 12:18:54 - [TEST_STEP][PASSED] - println(symbol): null

2019-08-24 12:18:54 - [TEST_STEP][PASSED] - if (i == 2 &amp;&amp; wildList.indexOf(symbol) != -1): null

2019-08-24 12:18:54 - [TEST_STEP][PASSED] - if (i == 3 &amp;&amp; wildList.indexOf(symbol) != -1): null

2019-08-24 12:18:54 - [TEST_STEP][PASSED] - if (i == 4 &amp;&amp; wildList.indexOf(symbol) != -1): null

2019-08-24 12:18:54 - [TEST_STEP][PASSED] - symbol = symbol: null

2019-08-24 12:18:54 - [TEST_STEP][PASSED] - println(symbol): null

2019-08-24 12:18:54 - [TEST_STEP][PASSED] - if (i == 2 &amp;&amp; wildList.indexOf(symbol) != -1): null

2019-08-24 12:18:54 - [TEST_STEP][PASSED] - if (i == 3 &amp;&amp; wildList.indexOf(symbol) != -1): null

2019-08-24 12:18:54 - [TEST_STEP][PASSED] - if (i == 4 &amp;&amp; wildList.indexOf(symbol) != -1): null

2019-08-24 12:18:54 - [TEST_STEP][PASSED] - free_spin_reel_counter = free_spin_reel_counter: null

2019-08-24 12:18:54 - [TEST_STEP][PASSED] - println("reel 3 wild found: " + free_spin_reel_counter[0]): null

2019-08-24 12:18:54 - [TEST_STEP][PASSED] - println("reel 4 wild found: " + free_spin_reel_counter[1]): null

2019-08-24 12:18:54 - [TEST_STEP][PASSED] - println("reel 5 wild found: " + free_spin_reel_counter[2]): null

2019-08-24 12:18:54 - [TEST_STEP][PASSED] - M4_spin_reels = M4_spin_reels: null

2019-08-24 12:18:54 - [TEST_STEP][PASSED] - M4_spin_reels_symbols = symbol: null

2019-08-24 12:18:54 - [TEST_STEP][PASSED] - M4_spin_reels_symbols = M4_spin_reels_symbols: null

2019-08-24 12:18:54 - [TEST_STEP][PASSED] - M4_spin_reel_wins = reel_wins: null

2019-08-24 12:18:54 - [TEST_STEP][PASSED] - M4_spin_reel_wins = M4_spin_reel_wins: null

2019-08-24 12:18:54 - [TEST_STEP][PASSED] - println("GlobalVariable.M4_spin_reel_wins is: " + M4_spin_reel_wins): null

2019-08-24 12:18:54 - [TEST_STEP][PASSED] - M4_spin_total_bonus_win_this_round = total_bonus_win_this_round: null

2019-08-24 12:18:54 - [TEST_STEP][PASSED] - M4_spin_total_bonus_win_this_round = M4_spin_total_bonus_win_this_round: null

2019-08-24 12:18:54 - [TEST_STEP][PASSED] - println("GlobalVariable.M4_spin_total_bonus_win_this_round is: " + M4_spin_total_bonus_win_this_round): null

2019-08-24 12:18:54 - [TEST_STEP][PASSED] - M4_spin_bonus_spin_result = spin_result: null

2019-08-24 12:18:54 - [TEST_STEP][PASSED] - M4_spin_bonus_spin_result = M4_spin_bonus_spin_result: null

2019-08-24 12:18:54 - [MESSAGE][PASSED] - Verify response successfully

2019-08-24 12:18:54 - [MESSAGE][PASSED] - Send request and verify the response successfully

2019-08-24 12:18:54 - [TEST_STEP][PASSED] - if (M4_total_bonus_spins_int != 0 &amp;&amp; M4_spin_reels_symbols[2].contains("WILD_ExtraFG") || M4_spin_reels_symbols[3].contains("WILD_ExtraFG")): null

2019-08-24 12:18:54 - [TEST_STEP][PASSED] - free_spin_reel_counter = free_spin_reel_counter: null

2019-08-24 12:18:54 - [TEST_STEP][PASSED] - M4_spin_reels_symbols = M4_spin_reels_symbols: null

2019-08-24 12:18:54 - [TEST_STEP][PASSED] - M4_total_bonus_spins = M4_total_bonus_spins: null

2019-08-24 12:18:54 - [TEST_STEP][PASSED] - spin_result = sendRequestAndVerify(findTestObject("INT/RGS(M4)/1_M4_spin", ["M4_login_user_id":M4_login_user_id, "rgs_session_token":rgs_session_token, "partner":Partner])): Send request and verify the response successfully

2019-08-24 12:18:54 - [MESSAGE][INFO] - HAR: /Users/eiralee/Katalon_Script/SuperWild/Reports/20190824_120919/INT/superWild_3/20190824_120919/requests/main/160.har

2019-08-24 12:18:55 - [TEST_CASE][PASSED] - Start Test Case : Verification: Verification accomplished successfully

2019-08-24 12:18:55 - [TEST_STEP][PASSED] - request = getInstance().getCurrentRequest(): null

2019-08-24 12:18:55 - [TEST_STEP][PASSED] - response = getInstance().getCurrentResponse(): null

2019-08-24 12:18:55 - [TEST_STEP][PASSED] - verifyResponseStatusCode(response, 200): Verify response status code successfully

2019-08-24 12:18:55 - [MESSAGE][PASSED] - Verify response status code successfully

2019-08-24 12:18:55 - [TEST_STEP][PASSED] - getStatusCode()).isEqualTo(200): null

2019-08-24 12:18:55 - [TEST_STEP][PASSED] - newline = System.getProperty("line.separator"): null

2019-08-24 12:18:55 - [TEST_STEP][PASSED] - M4_spin = new groovy.json.JsonSlurper(): null

2019-08-24 12:18:55 - [TEST_STEP][PASSED] - result_M4_spin = M4_spin.parseText(response.getResponseBodyContent()): null

2019-08-24 12:18:55 - [TEST_STEP][PASSED] - M4_spin_current_balance = current_balance: null

2019-08-24 12:18:55 - [TEST_STEP][PASSED] - M4_spin_current_balance = M4_spin_current_balance: null

2019-08-24 12:18:55 - [TEST_STEP][PASSED] - M4_spin_transaction_id = causality: null

2019-08-24 12:18:55 - [TEST_STEP][PASSED] - M4_spin_transaction_id = M4_spin_transaction_id: null

2019-08-24 12:18:55 - [TEST_STEP][PASSED] - M4_spin_round_id = round_id: null

2019-08-24 12:18:55 - [TEST_STEP][PASSED] - M4_spin_round_id = M4_spin_round_id: null

2019-08-24 12:18:55 - [TEST_STEP][PASSED] - M4_spin_line_wins = line_wins: null

2019-08-24 12:18:55 - [TEST_STEP][PASSED] - M4_spin_line_wins = M4_spin_line_wins: null

2019-08-24 12:18:55 - [TEST_STEP][PASSED] - M4_total_bonus_spins_int = total_bonus_spins: null

2019-08-24 12:18:55 - [TEST_STEP][PASSED] - println("******M4_total_bonus_spins type is:*******" + newline + getClass().getName()): null

2019-08-24 12:18:55 - [TEST_STEP][PASSED] - M4_total_bonus_spins_int = M4_total_bonus_spins_int: null

2019-08-24 12:18:55 - [TEST_STEP][PASSED] - M4_total_bonus_spins = Integer.toString(M4_total_bonus_spins_int): null

2019-08-24 12:18:55 - [TEST_STEP][PASSED] - M4_total_bonus_spins = M4_total_bonus_spins: null

2019-08-24 12:18:55 - [TEST_STEP][PASSED] - println("M4_total_bonus_spins is:" + M4_total_bonus_spins): null

2019-08-24 12:18:55 - [TEST_STEP][PASSED] - M4_spin_bonus_data = bonus_data: null

2019-08-24 12:18:55 - [TEST_STEP][PASSED] - M4_spin_features_triggered = result_M4_spin: null

2019-08-24 12:18:55 - [TEST_STEP][PASSED] - wild = []: null

2019-08-24 12:18:55 - [TEST_STEP][PASSED] - wild[0] = "WILD_Expanding": null

2019-08-24 12:18:55 - [TEST_STEP][PASSED] - wild[1] = "WILD_Normal": null

2019-08-24 12:18:55 - [TEST_STEP][PASSED] - wild[2] = "WILD_Double": null

2019-08-24 12:18:55 - [TEST_STEP][PASSED] - wild[3] = "WILD_ExtraFG": null

2019-08-24 12:18:55 - [TEST_STEP][PASSED] - wild[4] = "WILD_Triple": null

2019-08-24 12:18:55 - [TEST_STEP][PASSED] - wildList = Arrays.asList(wild): null

2019-08-24 12:18:55 - [TEST_STEP][PASSED] - wildList = wildList: null

2019-08-24 12:18:55 - [TEST_STEP][PASSED] - free_spin_reel_counter = []: null

2019-08-24 12:18:55 - [TEST_STEP][PASSED] - free_spin_reel_counter[0] = 0: null

2019-08-24 12:18:55 - [TEST_STEP][PASSED] - free_spin_reel_counter[1] = 0: null

2019-08-24 12:18:55 - [TEST_STEP][PASSED] - free_spin_reel_counter[2] = 0: null

2019-08-24 12:18:55 - [TEST_STEP][PASSED] - M4_spin_reels = reels: null

2019-08-24 12:18:55 - [TEST_STEP][PASSED] - for ([i = 0, i &lt; M4_spin_reels.size(), (i++)]): null

2019-08-24 12:18:55 - [TEST_STEP][PASSED] - symbols = symbols: null

2019-08-24 12:18:55 - [TEST_STEP][PASSED] - for ([j = 0, j &lt; symbols.size(), (j++)]): null

2019-08-24 12:18:55 - [TEST_STEP][PASSED] - symbol = symbol: null

2019-08-24 12:18:55 - [TEST_STEP][PASSED] - println(symbol): null

2019-08-24 12:18:55 - [TEST_STEP][PASSED] - if (i == 2 &amp;&amp; wildList.indexOf(symbol) != -1): null

2019-08-24 12:18:55 - [TEST_STEP][PASSED] - if (i == 3 &amp;&amp; wildList.indexOf(symbol) != -1): null

2019-08-24 12:18:55 - [TEST_STEP][PASSED] - if (i == 4 &amp;&amp; wildList.indexOf(symbol) != -1): null

2019-08-24 12:18:55 - [TEST_STEP][PASSED] - symbol = symbol: null

2019-08-24 12:18:55 - [TEST_STEP][PASSED] - println(symbol): null

2019-08-24 12:18:55 - [TEST_STEP][PASSED] - if (i == 2 &amp;&amp; wildList.indexOf(symbol) != -1): null

2019-08-24 12:18:55 - [TEST_STEP][PASSED] - if (i == 3 &amp;&amp; wildList.indexOf(symbol) != -1): null

2019-08-24 12:18:55 - [TEST_STEP][PASSED] - if (i == 4 &amp;&amp; wildList.indexOf(symbol) != -1): null

2019-08-24 12:18:55 - [TEST_STEP][PASSED] - symbol = symbol: null

2019-08-24 12:18:55 - [TEST_STEP][PASSED] - println(symbol): null

2019-08-24 12:18:55 - [TEST_STEP][PASSED] - if (i == 2 &amp;&amp; wildList.indexOf(symbol) != -1): null

2019-08-24 12:18:55 - [TEST_STEP][PASSED] - if (i == 3 &amp;&amp; wildList.indexOf(symbol) != -1): null

2019-08-24 12:18:55 - [TEST_STEP][PASSED] - if (i == 4 &amp;&amp; wildList.indexOf(symbol) != -1): null

2019-08-24 12:18:55 - [TEST_STEP][PASSED] - symbols = symbols: null

2019-08-24 12:18:55 - [TEST_STEP][PASSED] - for ([j = 0, j &lt; symbols.size(), (j++)]): null

2019-08-24 12:18:55 - [TEST_STEP][PASSED] - symbol = symbol: null

2019-08-24 12:18:55 - [TEST_STEP][PASSED] - println(symbol): null

2019-08-24 12:18:55 - [TEST_STEP][PASSED] - if (i == 2 &amp;&amp; wildList.indexOf(symbol) != -1): null

2019-08-24 12:18:55 - [TEST_STEP][PASSED] - if (i == 3 &amp;&amp; wildList.indexOf(symbol) != -1): null

2019-08-24 12:18:55 - [TEST_STEP][PASSED] - if (i == 4 &amp;&amp; wildList.indexOf(symbol) != -1): null

2019-08-24 12:18:55 - [TEST_STEP][PASSED] - symbol = symbol: null

2019-08-24 12:18:55 - [TEST_STEP][PASSED] - println(symbol): null

2019-08-24 12:18:55 - [TEST_STEP][PASSED] - if (i == 2 &amp;&amp; wildList.indexOf(symbol) != -1): null

2019-08-24 12:18:55 - [TEST_STEP][PASSED] - if (i == 3 &amp;&amp; wildList.indexOf(symbol) != -1): null

2019-08-24 12:18:55 - [TEST_STEP][PASSED] - if (i == 4 &amp;&amp; wildList.indexOf(symbol) != -1): null

2019-08-24 12:18:55 - [TEST_STEP][PASSED] - symbol = symbol: null

2019-08-24 12:18:55 - [TEST_STEP][PASSED] - println(symbol): null

2019-08-24 12:18:55 - [TEST_STEP][PASSED] - if (i == 2 &amp;&amp; wildList.indexOf(symbol) != -1): null

2019-08-24 12:18:55 - [TEST_STEP][PASSED] - if (i == 3 &amp;&amp; wildList.indexOf(symbol) != -1): null

2019-08-24 12:18:55 - [TEST_STEP][PASSED] - if (i == 4 &amp;&amp; wildList.indexOf(symbol) != -1): null

2019-08-24 12:18:55 - [TEST_STEP][PASSED] - symbols = symbols: null

2019-08-24 12:18:55 - [TEST_STEP][PASSED] - for ([j = 0, j &lt; symbols.size(), (j++)]): null

2019-08-24 12:18:55 - [TEST_STEP][PASSED] - symbol = symbol: null

2019-08-24 12:18:55 - [TEST_STEP][PASSED] - println(symbol): null

2019-08-24 12:18:55 - [TEST_STEP][PASSED] - if (i == 2 &amp;&amp; wildList.indexOf(symbol) != -1): null

2019-08-24 12:18:55 - [TEST_STEP][PASSED] - if (i == 3 &amp;&amp; wildList.indexOf(symbol) != -1): null

2019-08-24 12:18:55 - [TEST_STEP][PASSED] - if (i == 4 &amp;&amp; wildList.indexOf(symbol) != -1): null

2019-08-24 12:18:55 - [TEST_STEP][PASSED] - symbol = symbol: null

2019-08-24 12:18:55 - [TEST_STEP][PASSED] - println(symbol): null

2019-08-24 12:18:55 - [TEST_STEP][PASSED] - if (i == 2 &amp;&amp; wildList.indexOf(symbol) != -1): null

2019-08-24 12:18:55 - [TEST_STEP][PASSED] - if (i == 3 &amp;&amp; wildList.indexOf(symbol) != -1): null

2019-08-24 12:18:55 - [TEST_STEP][PASSED] - if (i == 4 &amp;&amp; wildList.indexOf(symbol) != -1): null

2019-08-24 12:18:55 - [TEST_STEP][PASSED] - symbol = symbol: null

2019-08-24 12:18:55 - [TEST_STEP][PASSED] - println(symbol): null

2019-08-24 12:18:55 - [TEST_STEP][PASSED] - if (i == 2 &amp;&amp; wildList.indexOf(symbol) != -1): null

2019-08-24 12:18:55 - [TEST_STEP][PASSED] - println("wild found on reel 3, adding counter by 1"): null

2019-08-24 12:18:55 - [TEST_STEP][PASSED] - free_spin_reel_counter[0] = free_spin_reel_counter[0] + 1: null

2019-08-24 12:18:55 - [TEST_STEP][PASSED] - if (i == 3 &amp;&amp; wildList.indexOf(symbol) != -1): null

2019-08-24 12:18:55 - [TEST_STEP][PASSED] - if (i == 4 &amp;&amp; wildList.indexOf(symbol) != -1): null

2019-08-24 12:18:55 - [TEST_STEP][PASSED] - symbols = symbols: null

2019-08-24 12:18:55 - [TEST_STEP][PASSED] - for ([j = 0, j &lt; symbols.size(), (j++)]): null

2019-08-24 12:18:55 - [TEST_STEP][PASSED] - symbol = symbol: null

2019-08-24 12:18:55 - [TEST_STEP][PASSED] - println(symbol): null

2019-08-24 12:18:55 - [TEST_STEP][PASSED] - if (i == 2 &amp;&amp; wildList.indexOf(symbol) != -1): null

2019-08-24 12:18:55 - [TEST_STEP][PASSED] - if (i == 3 &amp;&amp; wildList.indexOf(symbol) != -1): null

2019-08-24 12:18:55 - [TEST_STEP][PASSED] - if (i == 4 &amp;&amp; wildList.indexOf(symbol) != -1): null

2019-08-24 12:18:55 - [TEST_STEP][PASSED] - symbol = symbol: null

2019-08-24 12:18:55 - [TEST_STEP][PASSED] - println(symbol): null

2019-08-24 12:18:55 - [TEST_STEP][PASSED] - if (i == 2 &amp;&amp; wildList.indexOf(symbol) != -1): null

2019-08-24 12:18:55 - [TEST_STEP][PASSED] - if (i == 3 &amp;&amp; wildList.indexOf(symbol) != -1): null

2019-08-24 12:18:55 - [TEST_STEP][PASSED] - if (i == 4 &amp;&amp; wildList.indexOf(symbol) != -1): null

2019-08-24 12:18:55 - [TEST_STEP][PASSED] - symbol = symbol: null

2019-08-24 12:18:55 - [TEST_STEP][PASSED] - println(symbol): null

2019-08-24 12:18:55 - [TEST_STEP][PASSED] - if (i == 2 &amp;&amp; wildList.indexOf(symbol) != -1): null

2019-08-24 12:18:55 - [TEST_STEP][PASSED] - if (i == 3 &amp;&amp; wildList.indexOf(symbol) != -1): null

2019-08-24 12:18:55 - [TEST_STEP][PASSED] - if (i == 4 &amp;&amp; wildList.indexOf(symbol) != -1): null

2019-08-24 12:18:55 - [TEST_STEP][PASSED] - symbols = symbols: null

2019-08-24 12:18:55 - [TEST_STEP][PASSED] - for ([j = 0, j &lt; symbols.size(), (j++)]): null

2019-08-24 12:18:55 - [TEST_STEP][PASSED] - symbol = symbol: null

2019-08-24 12:18:55 - [TEST_STEP][PASSED] - println(symbol): null

2019-08-24 12:18:55 - [TEST_STEP][PASSED] - if (i == 2 &amp;&amp; wildList.indexOf(symbol) != -1): null

2019-08-24 12:18:55 - [TEST_STEP][PASSED] - if (i == 3 &amp;&amp; wildList.indexOf(symbol) != -1): null

2019-08-24 12:18:55 - [TEST_STEP][PASSED] - if (i == 4 &amp;&amp; wildList.indexOf(symbol) != -1): null

2019-08-24 12:18:55 - [TEST_STEP][PASSED] - println("wild found on reel 5, adding counter by 1"): null

2019-08-24 12:18:55 - [TEST_STEP][PASSED] - free_spin_reel_counter[2] = free_spin_reel_counter[2] + 1: null

2019-08-24 12:18:55 - [TEST_STEP][PASSED] - symbol = symbol: null

2019-08-24 12:18:55 - [TEST_STEP][PASSED] - println(symbol): null

2019-08-24 12:18:55 - [TEST_STEP][PASSED] - if (i == 2 &amp;&amp; wildList.indexOf(symbol) != -1): null

2019-08-24 12:18:55 - [TEST_STEP][PASSED] - if (i == 3 &amp;&amp; wildList.indexOf(symbol) != -1): null

2019-08-24 12:18:55 - [TEST_STEP][PASSED] - if (i == 4 &amp;&amp; wildList.indexOf(symbol) != -1): null

2019-08-24 12:18:55 - [TEST_STEP][PASSED] - symbol = symbol: null

2019-08-24 12:18:55 - [TEST_STEP][PASSED] - println(symbol): null

2019-08-24 12:18:55 - [TEST_STEP][PASSED] - if (i == 2 &amp;&amp; wildList.indexOf(symbol) != -1): null

2019-08-24 12:18:55 - [TEST_STEP][PASSED] - if (i == 3 &amp;&amp; wildList.indexOf(symbol) != -1): null

2019-08-24 12:18:55 - [TEST_STEP][PASSED] - if (i == 4 &amp;&amp; wildList.indexOf(symbol) != -1): null

2019-08-24 12:18:55 - [TEST_STEP][PASSED] - free_spin_reel_counter = free_spin_reel_counter: null

2019-08-24 12:18:55 - [TEST_STEP][PASSED] - println("reel 3 wild found: " + free_spin_reel_counter[0]): null

2019-08-24 12:18:55 - [TEST_STEP][PASSED] - println("reel 4 wild found: " + free_spin_reel_counter[1]): null

2019-08-24 12:18:55 - [TEST_STEP][PASSED] - println("reel 5 wild found: " + free_spin_reel_counter[2]): null

2019-08-24 12:18:55 - [TEST_STEP][PASSED] - M4_spin_reels = M4_spin_reels: null

2019-08-24 12:18:55 - [TEST_STEP][PASSED] - M4_spin_reels_symbols = symbol: null

2019-08-24 12:18:55 - [TEST_STEP][PASSED] - M4_spin_reels_symbols = M4_spin_reels_symbols: null

2019-08-24 12:18:55 - [TEST_STEP][PASSED] - M4_spin_reel_wins = reel_wins: null

2019-08-24 12:18:55 - [TEST_STEP][PASSED] - M4_spin_reel_wins = M4_spin_reel_wins: null

2019-08-24 12:18:55 - [TEST_STEP][PASSED] - println("GlobalVariable.M4_spin_reel_wins is: " + M4_spin_reel_wins): null

2019-08-24 12:18:55 - [TEST_STEP][PASSED] - M4_spin_total_bonus_win_this_round = total_bonus_win_this_round: null

2019-08-24 12:18:55 - [TEST_STEP][PASSED] - M4_spin_total_bonus_win_this_round = M4_spin_total_bonus_win_this_round: null

2019-08-24 12:18:55 - [TEST_STEP][PASSED] - println("GlobalVariable.M4_spin_total_bonus_win_this_round is: " + M4_spin_total_bonus_win_this_round): null

2019-08-24 12:18:55 - [TEST_STEP][PASSED] - M4_spin_bonus_spin_result = spin_result: null

2019-08-24 12:18:55 - [TEST_STEP][PASSED] - M4_spin_bonus_spin_result = M4_spin_bonus_spin_result: null

2019-08-24 12:18:55 - [MESSAGE][PASSED] - Verify response successfully

2019-08-24 12:18:55 - [MESSAGE][PASSED] - Send request and verify the response successfully

2019-08-24 12:18:55 - [TEST_STEP][PASSED] - if (M4_total_bonus_spins_int != 0 &amp;&amp; M4_spin_reels_symbols[2].contains("WILD_ExtraFG") || M4_spin_reels_symbols[3].contains("WILD_ExtraFG")): null

2019-08-24 12:18:55 - [TEST_STEP][PASSED] - free_spin_reel_counter = free_spin_reel_counter: null

2019-08-24 12:18:55 - [TEST_STEP][PASSED] - M4_spin_reels_symbols = M4_spin_reels_symbols: null

2019-08-24 12:18:55 - [TEST_STEP][PASSED] - M4_total_bonus_spins = M4_total_bonus_spins: null

2019-08-24 12:18:55 - [TEST_STEP][PASSED] - spin_result = sendRequestAndVerify(findTestObject("INT/RGS(M4)/1_M4_spin", ["M4_login_user_id":M4_login_user_id, "rgs_session_token":rgs_session_token, "partner":Partner])): Send request and verify the response successfully

2019-08-24 12:18:55 - [MESSAGE][INFO] - HAR: /Users/eiralee/Katalon_Script/SuperWild/Reports/20190824_120919/INT/superWild_3/20190824_120919/requests/main/161.har

2019-08-24 12:18:55 - [TEST_CASE][PASSED] - Start Test Case : Verification: Verification accomplished successfully

2019-08-24 12:18:55 - [TEST_STEP][PASSED] - request = getInstance().getCurrentRequest(): null

2019-08-24 12:18:55 - [TEST_STEP][PASSED] - response = getInstance().getCurrentResponse(): null

2019-08-24 12:18:55 - [TEST_STEP][PASSED] - verifyResponseStatusCode(response, 200): Verify response status code successfully

2019-08-24 12:18:55 - [MESSAGE][PASSED] - Verify response status code successfully

2019-08-24 12:18:55 - [TEST_STEP][PASSED] - getStatusCode()).isEqualTo(200): null

2019-08-24 12:18:55 - [TEST_STEP][PASSED] - newline = System.getProperty("line.separator"): null

2019-08-24 12:18:55 - [TEST_STEP][PASSED] - M4_spin = new groovy.json.JsonSlurper(): null

2019-08-24 12:18:55 - [TEST_STEP][PASSED] - result_M4_spin = M4_spin.parseText(response.getResponseBodyContent()): null

2019-08-24 12:18:55 - [TEST_STEP][PASSED] - M4_spin_current_balance = current_balance: null

2019-08-24 12:18:55 - [TEST_STEP][PASSED] - M4_spin_current_balance = M4_spin_current_balance: null

2019-08-24 12:18:55 - [TEST_STEP][PASSED] - M4_spin_transaction_id = causality: null

2019-08-24 12:18:55 - [TEST_STEP][PASSED] - M4_spin_transaction_id = M4_spin_transaction_id: null

2019-08-24 12:18:55 - [TEST_STEP][PASSED] - M4_spin_round_id = round_id: null

2019-08-24 12:18:55 - [TEST_STEP][PASSED] - M4_spin_round_id = M4_spin_round_id: null

2019-08-24 12:18:55 - [TEST_STEP][PASSED] - M4_spin_line_wins = line_wins: null

2019-08-24 12:18:55 - [TEST_STEP][PASSED] - M4_spin_line_wins = M4_spin_line_wins: null

2019-08-24 12:18:55 - [TEST_STEP][PASSED] - M4_total_bonus_spins_int = total_bonus_spins: null

2019-08-24 12:18:55 - [TEST_STEP][PASSED] - println("******M4_total_bonus_spins type is:*******" + newline + getClass().getName()): null

2019-08-24 12:18:55 - [TEST_STEP][PASSED] - M4_total_bonus_spins_int = M4_total_bonus_spins_int: null

2019-08-24 12:18:55 - [TEST_STEP][PASSED] - M4_total_bonus_spins = Integer.toString(M4_total_bonus_spins_int): null

2019-08-24 12:18:55 - [TEST_STEP][PASSED] - M4_total_bonus_spins = M4_total_bonus_spins: null

2019-08-24 12:18:55 - [TEST_STEP][PASSED] - println("M4_total_bonus_spins is:" + M4_total_bonus_spins): null

2019-08-24 12:18:55 - [TEST_STEP][PASSED] - M4_spin_bonus_data = bonus_data: null

2019-08-24 12:18:55 - [TEST_STEP][PASSED] - M4_spin_features_triggered = result_M4_spin: null

2019-08-24 12:18:55 - [TEST_STEP][PASSED] - wild = []: null

2019-08-24 12:18:55 - [TEST_STEP][PASSED] - wild[0] = "WILD_Expanding": null

2019-08-24 12:18:55 - [TEST_STEP][PASSED] - wild[1] = "WILD_Normal": null

2019-08-24 12:18:55 - [TEST_STEP][PASSED] - wild[2] = "WILD_Double": null

2019-08-24 12:18:55 - [TEST_STEP][PASSED] - wild[3] = "WILD_ExtraFG": null

2019-08-24 12:18:55 - [TEST_STEP][PASSED] - wild[4] = "WILD_Triple": null

2019-08-24 12:18:55 - [TEST_STEP][PASSED] - wildList = Arrays.asList(wild): null

2019-08-24 12:18:55 - [TEST_STEP][PASSED] - wildList = wildList: null

2019-08-24 12:18:55 - [TEST_STEP][PASSED] - free_spin_reel_counter = []: null

2019-08-24 12:18:55 - [TEST_STEP][PASSED] - free_spin_reel_counter[0] = 0: null

2019-08-24 12:18:55 - [TEST_STEP][PASSED] - free_spin_reel_counter[1] = 0: null

2019-08-24 12:18:55 - [TEST_STEP][PASSED] - free_spin_reel_counter[2] = 0: null

2019-08-24 12:18:55 - [TEST_STEP][PASSED] - M4_spin_reels = reels: null

2019-08-24 12:18:55 - [TEST_STEP][PASSED] - for ([i = 0, i &lt; M4_spin_reels.size(), (i++)]): null

2019-08-24 12:18:55 - [TEST_STEP][PASSED] - symbols = symbols: null

2019-08-24 12:18:55 - [TEST_STEP][PASSED] - for ([j = 0, j &lt; symbols.size(), (j++)]): null

2019-08-24 12:18:55 - [TEST_STEP][PASSED] - symbol = symbol: null

2019-08-24 12:18:55 - [TEST_STEP][PASSED] - println(symbol): null

2019-08-24 12:18:55 - [TEST_STEP][PASSED] - if (i == 2 &amp;&amp; wildList.indexOf(symbol) != -1): null

2019-08-24 12:18:55 - [TEST_STEP][PASSED] - if (i == 3 &amp;&amp; wildList.indexOf(symbol) != -1): null

2019-08-24 12:18:55 - [TEST_STEP][PASSED] - if (i == 4 &amp;&amp; wildList.indexOf(symbol) != -1): null

2019-08-24 12:18:55 - [TEST_STEP][PASSED] - symbol = symbol: null

2019-08-24 12:18:55 - [TEST_STEP][PASSED] - println(symbol): null

2019-08-24 12:18:55 - [TEST_STEP][PASSED] - if (i == 2 &amp;&amp; wildList.indexOf(symbol) != -1): null

2019-08-24 12:18:55 - [TEST_STEP][PASSED] - if (i == 3 &amp;&amp; wildList.indexOf(symbol) != -1): null

2019-08-24 12:18:55 - [TEST_STEP][PASSED] - if (i == 4 &amp;&amp; wildList.indexOf(symbol) != -1): null

2019-08-24 12:18:55 - [TEST_STEP][PASSED] - symbol = symbol: null

2019-08-24 12:18:55 - [TEST_STEP][PASSED] - println(symbol): null

2019-08-24 12:18:55 - [TEST_STEP][PASSED] - if (i == 2 &amp;&amp; wildList.indexOf(symbol) != -1): null

2019-08-24 12:18:55 - [TEST_STEP][PASSED] - if (i == 3 &amp;&amp; wildList.indexOf(symbol) != -1): null

2019-08-24 12:18:55 - [TEST_STEP][PASSED] - if (i == 4 &amp;&amp; wildList.indexOf(symbol) != -1): null

2019-08-24 12:18:55 - [TEST_STEP][PASSED] - symbols = symbols: null

2019-08-24 12:18:55 - [TEST_STEP][PASSED] - for ([j = 0, j &lt; symbols.size(), (j++)]): null

2019-08-24 12:18:55 - [TEST_STEP][PASSED] - symbol = symbol: null

2019-08-24 12:18:55 - [TEST_STEP][PASSED] - println(symbol): null

2019-08-24 12:18:55 - [TEST_STEP][PASSED] - if (i == 2 &amp;&amp; wildList.indexOf(symbol) != -1): null

2019-08-24 12:18:55 - [TEST_STEP][PASSED] - if (i == 3 &amp;&amp; wildList.indexOf(symbol) != -1): null

2019-08-24 12:18:55 - [TEST_STEP][PASSED] - if (i == 4 &amp;&amp; wildList.indexOf(symbol) != -1): null

2019-08-24 12:18:55 - [TEST_STEP][PASSED] - symbol = symbol: null

2019-08-24 12:18:55 - [TEST_STEP][PASSED] - println(symbol): null

2019-08-24 12:18:55 - [TEST_STEP][PASSED] - if (i == 2 &amp;&amp; wildList.indexOf(symbol) != -1): null

2019-08-24 12:18:55 - [TEST_STEP][PASSED] - if (i == 3 &amp;&amp; wildList.indexOf(symbol) != -1): null

2019-08-24 12:18:55 - [TEST_STEP][PASSED] - if (i == 4 &amp;&amp; wildList.indexOf(symbol) != -1): null

2019-08-24 12:18:55 - [TEST_STEP][PASSED] - symbol = symbol: null

2019-08-24 12:18:55 - [TEST_STEP][PASSED] - println(symbol): null

2019-08-24 12:18:55 - [TEST_STEP][PASSED] - if (i == 2 &amp;&amp; wildList.indexOf(symbol) != -1): null

2019-08-24 12:18:55 - [TEST_STEP][PASSED] - if (i == 3 &amp;&amp; wildList.indexOf(symbol) != -1): null

2019-08-24 12:18:55 - [TEST_STEP][PASSED] - if (i == 4 &amp;&amp; wildList.indexOf(symbol) != -1): null

2019-08-24 12:18:55 - [TEST_STEP][PASSED] - symbols = symbols: null

2019-08-24 12:18:55 - [TEST_STEP][PASSED] - for ([j = 0, j &lt; symbols.size(), (j++)]): null

2019-08-24 12:18:55 - [TEST_STEP][PASSED] - symbol = symbol: null

2019-08-24 12:18:55 - [TEST_STEP][PASSED] - println(symbol): null

2019-08-24 12:18:55 - [TEST_STEP][PASSED] - if (i == 2 &amp;&amp; wildList.indexOf(symbol) != -1): null

2019-08-24 12:18:55 - [TEST_STEP][PASSED] - if (i == 3 &amp;&amp; wildList.indexOf(symbol) != -1): null

2019-08-24 12:18:55 - [TEST_STEP][PASSED] - if (i == 4 &amp;&amp; wildList.indexOf(symbol) != -1): null

2019-08-24 12:18:55 - [TEST_STEP][PASSED] - symbol = symbol: null

2019-08-24 12:18:55 - [TEST_STEP][PASSED] - println(symbol): null

2019-08-24 12:18:55 - [TEST_STEP][PASSED] - if (i == 2 &amp;&amp; wildList.indexOf(symbol) != -1): null

2019-08-24 12:18:55 - [TEST_STEP][PASSED] - if (i == 3 &amp;&amp; wildList.indexOf(symbol) != -1): null

2019-08-24 12:18:55 - [TEST_STEP][PASSED] - if (i == 4 &amp;&amp; wildList.indexOf(symbol) != -1): null

2019-08-24 12:18:55 - [TEST_STEP][PASSED] - symbol = symbol: null

2019-08-24 12:18:55 - [TEST_STEP][PASSED] - println(symbol): null

2019-08-24 12:18:55 - [TEST_STEP][PASSED] - if (i == 2 &amp;&amp; wildList.indexOf(symbol) != -1): null

2019-08-24 12:18:55 - [TEST_STEP][PASSED] - if (i == 3 &amp;&amp; wildList.indexOf(symbol) != -1): null

2019-08-24 12:18:55 - [TEST_STEP][PASSED] - if (i == 4 &amp;&amp; wildList.indexOf(symbol) != -1): null

2019-08-24 12:18:55 - [TEST_STEP][PASSED] - symbols = symbols: null

2019-08-24 12:18:55 - [TEST_STEP][PASSED] - for ([j = 0, j &lt; symbols.size(), (j++)]): null

2019-08-24 12:18:55 - [TEST_STEP][PASSED] - symbol = symbol: null

2019-08-24 12:18:55 - [TEST_STEP][PASSED] - println(symbol): null

2019-08-24 12:18:55 - [TEST_STEP][PASSED] - if (i == 2 &amp;&amp; wildList.indexOf(symbol) != -1): null

2019-08-24 12:18:55 - [TEST_STEP][PASSED] - if (i == 3 &amp;&amp; wildList.indexOf(symbol) != -1): null

2019-08-24 12:18:55 - [TEST_STEP][PASSED] - println("wild found on reel 4, adding counter by 1"): null

2019-08-24 12:18:55 - [TEST_STEP][PASSED] - free_spin_reel_counter[1] = free_spin_reel_counter[1] + 1: null

2019-08-24 12:18:55 - [TEST_STEP][PASSED] - if (i == 4 &amp;&amp; wildList.indexOf(symbol) != -1): null

2019-08-24 12:18:55 - [TEST_STEP][PASSED] - symbol = symbol: null

2019-08-24 12:18:55 - [TEST_STEP][PASSED] - println(symbol): null

2019-08-24 12:18:55 - [TEST_STEP][PASSED] - if (i == 2 &amp;&amp; wildList.indexOf(symbol) != -1): null

2019-08-24 12:18:55 - [TEST_STEP][PASSED] - if (i == 3 &amp;&amp; wildList.indexOf(symbol) != -1): null

2019-08-24 12:18:55 - [TEST_STEP][PASSED] - if (i == 4 &amp;&amp; wildList.indexOf(symbol) != -1): null

2019-08-24 12:18:55 - [TEST_STEP][PASSED] - symbol = symbol: null

2019-08-24 12:18:55 - [TEST_STEP][PASSED] - println(symbol): null

2019-08-24 12:18:55 - [TEST_STEP][PASSED] - if (i == 2 &amp;&amp; wildList.indexOf(symbol) != -1): null

2019-08-24 12:18:55 - [TEST_STEP][PASSED] - if (i == 3 &amp;&amp; wildList.indexOf(symbol) != -1): null

2019-08-24 12:18:55 - [TEST_STEP][PASSED] - if (i == 4 &amp;&amp; wildList.indexOf(symbol) != -1): null

2019-08-24 12:18:59 - [TEST_STEP][PASSED] - symbols = symbols: null

2019-08-24 12:18:59 - [TEST_STEP][PASSED] - for ([j = 0, j &lt; symbols.size(), (j++)]): null

2019-08-24 12:18:59 - [TEST_STEP][PASSED] - symbol = symbol: null

2019-08-24 12:18:59 - [TEST_STEP][PASSED] - println(symbol): null

2019-08-24 12:18:59 - [TEST_STEP][PASSED] - if (i == 2 &amp;&amp; wildList.indexOf(symbol) != -1): null

2019-08-24 12:18:59 - [TEST_STEP][PASSED] - if (i == 3 &amp;&amp; wildList.indexOf(symbol) != -1): null

2019-08-24 12:18:59 - [TEST_STEP][PASSED] - if (i == 4 &amp;&amp; wildList.indexOf(symbol) != -1): null

2019-08-24 12:18:59 - [TEST_STEP][PASSED] - symbol = symbol: null

2019-08-24 12:18:59 - [TEST_STEP][PASSED] - println(symbol): null

2019-08-24 12:18:59 - [TEST_STEP][PASSED] - if (i == 2 &amp;&amp; wildList.indexOf(symbol) != -1): null

2019-08-24 12:19:02 - [TEST_STEP][PASSED] - if (i == 3 &amp;&amp; wildList.indexOf(symbol) != -1): null

2019-08-24 12:19:02 - [TEST_STEP][PASSED] - if (i == 4 &amp;&amp; wildList.indexOf(symbol) != -1): null

2019-08-24 12:19:02 - [TEST_STEP][PASSED] - symbol = symbol: null

2019-08-24 12:19:02 - [TEST_STEP][PASSED] - println(symbol): null

2019-08-24 12:19:02 - [TEST_STEP][PASSED] - if (i == 2 &amp;&amp; wildList.indexOf(symbol) != -1): null

2019-08-24 12:19:02 - [TEST_STEP][PASSED] - if (i == 3 &amp;&amp; wildList.indexOf(symbol) != -1): null

2019-08-24 12:19:02 - [TEST_STEP][PASSED] - if (i == 4 &amp;&amp; wildList.indexOf(symbol) != -1): null

2019-08-24 12:19:02 - [TEST_STEP][PASSED] - free_spin_reel_counter = free_spin_reel_counter: null

2019-08-24 12:19:02 - [TEST_STEP][PASSED] - println("reel 3 wild found: " + free_spin_reel_counter[0]): null

2019-08-24 12:19:02 - [TEST_STEP][PASSED] - println("reel 4 wild found: " + free_spin_reel_counter[1]): null

2019-08-24 12:19:02 - [TEST_STEP][PASSED] - println("reel 5 wild found: " + free_spin_reel_counter[2]): null

2019-08-24 12:19:02 - [TEST_STEP][PASSED] - M4_spin_reels = M4_spin_reels: null

2019-08-24 12:19:02 - [TEST_STEP][PASSED] - M4_spin_reels_symbols = symbol: null

2019-08-24 12:19:02 - [TEST_STEP][PASSED] - M4_spin_reels_symbols = M4_spin_reels_symbols: null

2019-08-24 12:19:02 - [TEST_STEP][PASSED] - M4_spin_reel_wins = reel_wins: null

2019-08-24 12:19:02 - [TEST_STEP][PASSED] - M4_spin_reel_wins = M4_spin_reel_wins: null

2019-08-24 12:19:02 - [TEST_STEP][PASSED] - println("GlobalVariable.M4_spin_reel_wins is: " + M4_spin_reel_wins): null

2019-08-24 12:19:02 - [TEST_STEP][PASSED] - M4_spin_total_bonus_win_this_round = total_bonus_win_this_round: null

2019-08-24 12:19:02 - [TEST_STEP][PASSED] - M4_spin_total_bonus_win_this_round = M4_spin_total_bonus_win_this_round: null

2019-08-24 12:19:02 - [TEST_STEP][PASSED] - println("GlobalVariable.M4_spin_total_bonus_win_this_round is: " + M4_spin_total_bonus_win_this_round): null

2019-08-24 12:19:02 - [TEST_STEP][PASSED] - M4_spin_bonus_spin_result = spin_result: null

2019-08-24 12:19:02 - [TEST_STEP][PASSED] - M4_spin_bonus_spin_result = M4_spin_bonus_spin_result: null

2019-08-24 12:19:02 - [MESSAGE][PASSED] - Verify response successfully

2019-08-24 12:19:02 - [MESSAGE][PASSED] - Send request and verify the response successfully

2019-08-24 12:19:02 - [TEST_STEP][PASSED] - if (M4_total_bonus_spins_int != 0 &amp;&amp; M4_spin_reels_symbols[2].contains("WILD_ExtraFG") || M4_spin_reels_symbols[3].contains("WILD_ExtraFG")): null

2019-08-24 12:19:02 - [TEST_STEP][PASSED] - free_spin_reel_counter = free_spin_reel_counter: null

2019-08-24 12:19:02 - [TEST_STEP][PASSED] - M4_spin_reels_symbols = M4_spin_reels_symbols: null

2019-08-24 12:19:02 - [TEST_STEP][PASSED] - M4_total_bonus_spins = M4_total_bonus_spins: null

2019-08-24 12:19:02 - [TEST_STEP][PASSED] - spin_result = sendRequestAndVerify(findTestObject("INT/RGS(M4)/1_M4_spin", ["M4_login_user_id":M4_login_user_id, "rgs_session_token":rgs_session_token, "partner":Partner])): Send request and verify the response successfully

2019-08-24 12:19:02 - [MESSAGE][INFO] - HAR: /Users/eiralee/Katalon_Script/SuperWild/Reports/20190824_120919/INT/superWild_3/20190824_120919/requests/main/162.har

2019-08-24 12:19:02 - [TEST_CASE][PASSED] - Start Test Case : Verification: Verification accomplished successfully

2019-08-24 12:19:02 - [TEST_STEP][PASSED] - request = getInstance().getCurrentRequest(): null

2019-08-24 12:19:02 - [TEST_STEP][PASSED] - response = getInstance().getCurrentResponse(): null

2019-08-24 12:19:02 - [TEST_STEP][PASSED] - verifyResponseStatusCode(response, 200): Verify response status code successfully

2019-08-24 12:19:02 - [MESSAGE][PASSED] - Verify response status code successfully

2019-08-24 12:19:02 - [TEST_STEP][PASSED] - getStatusCode()).isEqualTo(200): null

2019-08-24 12:19:02 - [TEST_STEP][PASSED] - newline = System.getProperty("line.separator"): null

2019-08-24 12:19:02 - [TEST_STEP][PASSED] - M4_spin = new groovy.json.JsonSlurper(): null

2019-08-24 12:19:02 - [TEST_STEP][PASSED] - result_M4_spin = M4_spin.parseText(response.getResponseBodyContent()): null

2019-08-24 12:19:02 - [TEST_STEP][PASSED] - M4_spin_current_balance = current_balance: null

2019-08-24 12:19:02 - [TEST_STEP][PASSED] - M4_spin_current_balance = M4_spin_current_balance: null

2019-08-24 12:19:02 - [TEST_STEP][PASSED] - M4_spin_transaction_id = causality: null

2019-08-24 12:19:02 - [TEST_STEP][PASSED] - M4_spin_transaction_id = M4_spin_transaction_id: null

2019-08-24 12:19:02 - [TEST_STEP][PASSED] - M4_spin_round_id = round_id: null

2019-08-24 12:19:02 - [TEST_STEP][PASSED] - M4_spin_round_id = M4_spin_round_id: null

2019-08-24 12:19:02 - [TEST_STEP][PASSED] - M4_spin_line_wins = line_wins: null

2019-08-24 12:19:02 - [TEST_STEP][PASSED] - M4_spin_line_wins = M4_spin_line_wins: null

2019-08-24 12:19:02 - [TEST_STEP][PASSED] - M4_total_bonus_spins_int = total_bonus_spins: null

2019-08-24 12:19:02 - [TEST_STEP][PASSED] - println("******M4_total_bonus_spins type is:*******" + newline + getClass().getName()): null

2019-08-24 12:19:02 - [TEST_STEP][PASSED] - M4_total_bonus_spins_int = M4_total_bonus_spins_int: null

2019-08-24 12:19:02 - [TEST_STEP][PASSED] - M4_total_bonus_spins = Integer.toString(M4_total_bonus_spins_int): null

2019-08-24 12:19:02 - [TEST_STEP][PASSED] - M4_total_bonus_spins = M4_total_bonus_spins: null

2019-08-24 12:19:02 - [TEST_STEP][PASSED] - println("M4_total_bonus_spins is:" + M4_total_bonus_spins): null

2019-08-24 12:19:02 - [TEST_STEP][PASSED] - M4_spin_bonus_data = bonus_data: null

2019-08-24 12:19:02 - [TEST_STEP][PASSED] - M4_spin_features_triggered = result_M4_spin: null

2019-08-24 12:19:02 - [TEST_STEP][PASSED] - wild = []: null

2019-08-24 12:19:02 - [TEST_STEP][PASSED] - wild[0] = "WILD_Expanding": null

2019-08-24 12:19:02 - [TEST_STEP][PASSED] - wild[1] = "WILD_Normal": null

2019-08-24 12:19:02 - [TEST_STEP][PASSED] - wild[2] = "WILD_Double": null

2019-08-24 12:19:02 - [TEST_STEP][PASSED] - wild[3] = "WILD_ExtraFG": null

2019-08-24 12:19:02 - [TEST_STEP][PASSED] - wild[4] = "WILD_Triple": null

2019-08-24 12:19:02 - [TEST_STEP][PASSED] - wildList = Arrays.asList(wild): null

2019-08-24 12:19:02 - [TEST_STEP][PASSED] - wildList = wildList: null

2019-08-24 12:19:02 - [TEST_STEP][PASSED] - free_spin_reel_counter = []: null

2019-08-24 12:19:02 - [TEST_STEP][PASSED] - free_spin_reel_counter[0] = 0: null

2019-08-24 12:19:02 - [TEST_STEP][PASSED] - free_spin_reel_counter[1] = 0: null

2019-08-24 12:19:02 - [TEST_STEP][PASSED] - free_spin_reel_counter[2] = 0: null

2019-08-24 12:19:02 - [TEST_STEP][PASSED] - M4_spin_reels = reels: null

2019-08-24 12:19:02 - [TEST_STEP][PASSED] - for ([i = 0, i &lt; M4_spin_reels.size(), (i++)]): null

2019-08-24 12:19:02 - [TEST_STEP][PASSED] - symbols = symbols: null

2019-08-24 12:19:02 - [TEST_STEP][PASSED] - for ([j = 0, j &lt; symbols.size(), (j++)]): null

2019-08-24 12:19:02 - [TEST_STEP][PASSED] - symbol = symbol: null

2019-08-24 12:19:02 - [TEST_STEP][PASSED] - println(symbol): null

2019-08-24 12:19:02 - [TEST_STEP][PASSED] - if (i == 2 &amp;&amp; wildList.indexOf(symbol) != -1): null

2019-08-24 12:19:02 - [TEST_STEP][PASSED] - if (i == 3 &amp;&amp; wildList.indexOf(symbol) != -1): null

2019-08-24 12:19:02 - [TEST_STEP][PASSED] - if (i == 4 &amp;&amp; wildList.indexOf(symbol) != -1): null

2019-08-24 12:19:02 - [TEST_STEP][PASSED] - symbol = symbol: null

2019-08-24 12:19:02 - [TEST_STEP][PASSED] - println(symbol): null

2019-08-24 12:19:02 - [TEST_STEP][PASSED] - if (i == 2 &amp;&amp; wildList.indexOf(symbol) != -1): null

2019-08-24 12:19:02 - [TEST_STEP][PASSED] - if (i == 3 &amp;&amp; wildList.indexOf(symbol) != -1): null

2019-08-24 12:19:02 - [TEST_STEP][PASSED] - if (i == 4 &amp;&amp; wildList.indexOf(symbol) != -1): null

2019-08-24 12:19:02 - [TEST_STEP][PASSED] - symbol = symbol: null

2019-08-24 12:19:02 - [TEST_STEP][PASSED] - println(symbol): null

2019-08-24 12:19:02 - [TEST_STEP][PASSED] - if (i == 2 &amp;&amp; wildList.indexOf(symbol) != -1): null

2019-08-24 12:19:02 - [TEST_STEP][PASSED] - if (i == 3 &amp;&amp; wildList.indexOf(symbol) != -1): null

2019-08-24 12:19:02 - [TEST_STEP][PASSED] - if (i == 4 &amp;&amp; wildList.indexOf(symbol) != -1): null

2019-08-24 12:19:02 - [TEST_STEP][PASSED] - symbols = symbols: null

2019-08-24 12:19:02 - [TEST_STEP][PASSED] - for ([j = 0, j &lt; symbols.size(), (j++)]): null

2019-08-24 12:19:02 - [TEST_STEP][PASSED] - symbol = symbol: null

2019-08-24 12:19:02 - [TEST_STEP][PASSED] - println(symbol): null

2019-08-24 12:19:02 - [TEST_STEP][PASSED] - if (i == 2 &amp;&amp; wildList.indexOf(symbol) != -1): null

2019-08-24 12:19:02 - [TEST_STEP][PASSED] - if (i == 3 &amp;&amp; wildList.indexOf(symbol) != -1): null

2019-08-24 12:19:02 - [TEST_STEP][PASSED] - if (i == 4 &amp;&amp; wildList.indexOf(symbol) != -1): null

2019-08-24 12:19:02 - [TEST_STEP][PASSED] - symbol = symbol: null

2019-08-24 12:19:02 - [TEST_STEP][PASSED] - println(symbol): null

2019-08-24 12:19:02 - [TEST_STEP][PASSED] - if (i == 2 &amp;&amp; wildList.indexOf(symbol) != -1): null

2019-08-24 12:19:02 - [TEST_STEP][PASSED] - if (i == 3 &amp;&amp; wildList.indexOf(symbol) != -1): null

2019-08-24 12:19:02 - [TEST_STEP][PASSED] - if (i == 4 &amp;&amp; wildList.indexOf(symbol) != -1): null

2019-08-24 12:19:02 - [TEST_STEP][PASSED] - symbol = symbol: null

2019-08-24 12:19:02 - [TEST_STEP][PASSED] - println(symbol): null

2019-08-24 12:19:02 - [TEST_STEP][PASSED] - if (i == 2 &amp;&amp; wildList.indexOf(symbol) != -1): null

2019-08-24 12:19:02 - [TEST_STEP][PASSED] - if (i == 3 &amp;&amp; wildList.indexOf(symbol) != -1): null

2019-08-24 12:19:02 - [TEST_STEP][PASSED] - if (i == 4 &amp;&amp; wildList.indexOf(symbol) != -1): null

2019-08-24 12:19:02 - [TEST_STEP][PASSED] - symbols = symbols: null

2019-08-24 12:19:02 - [TEST_STEP][PASSED] - for ([j = 0, j &lt; symbols.size(), (j++)]): null

2019-08-24 12:19:02 - [TEST_STEP][PASSED] - symbol = symbol: null

2019-08-24 12:19:02 - [TEST_STEP][PASSED] - println(symbol): null

2019-08-24 12:19:02 - [TEST_STEP][PASSED] - if (i == 2 &amp;&amp; wildList.indexOf(symbol) != -1): null

2019-08-24 12:19:02 - [TEST_STEP][PASSED] - if (i == 3 &amp;&amp; wildList.indexOf(symbol) != -1): null

2019-08-24 12:19:02 - [TEST_STEP][PASSED] - if (i == 4 &amp;&amp; wildList.indexOf(symbol) != -1): null

2019-08-24 12:19:02 - [TEST_STEP][PASSED] - symbol = symbol: null

2019-08-24 12:19:02 - [TEST_STEP][PASSED] - println(symbol): null

2019-08-24 12:19:02 - [TEST_STEP][PASSED] - if (i == 2 &amp;&amp; wildList.indexOf(symbol) != -1): null

2019-08-24 12:19:02 - [TEST_STEP][PASSED] - if (i == 3 &amp;&amp; wildList.indexOf(symbol) != -1): null

2019-08-24 12:19:02 - [TEST_STEP][PASSED] - if (i == 4 &amp;&amp; wildList.indexOf(symbol) != -1): null

2019-08-24 12:19:02 - [TEST_STEP][PASSED] - symbol = symbol: null

2019-08-24 12:19:02 - [TEST_STEP][PASSED] - println(symbol): null

2019-08-24 12:19:02 - [TEST_STEP][PASSED] - if (i == 2 &amp;&amp; wildList.indexOf(symbol) != -1): null

2019-08-24 12:19:02 - [TEST_STEP][PASSED] - if (i == 3 &amp;&amp; wildList.indexOf(symbol) != -1): null

2019-08-24 12:19:02 - [TEST_STEP][PASSED] - if (i == 4 &amp;&amp; wildList.indexOf(symbol) != -1): null

2019-08-24 12:19:02 - [TEST_STEP][PASSED] - symbols = symbols: null

2019-08-24 12:19:02 - [TEST_STEP][PASSED] - for ([j = 0, j &lt; symbols.size(), (j++)]): null

2019-08-24 12:19:02 - [TEST_STEP][PASSED] - symbol = symbol: null

2019-08-24 12:19:02 - [TEST_STEP][PASSED] - println(symbol): null

2019-08-24 12:19:02 - [TEST_STEP][PASSED] - if (i == 2 &amp;&amp; wildList.indexOf(symbol) != -1): null

2019-08-24 12:19:02 - [TEST_STEP][PASSED] - if (i == 3 &amp;&amp; wildList.indexOf(symbol) != -1): null

2019-08-24 12:19:02 - [TEST_STEP][PASSED] - if (i == 4 &amp;&amp; wildList.indexOf(symbol) != -1): null

2019-08-24 12:19:02 - [TEST_STEP][PASSED] - symbol = symbol: null

2019-08-24 12:19:02 - [TEST_STEP][PASSED] - println(symbol): null

2019-08-24 12:19:02 - [TEST_STEP][PASSED] - if (i == 2 &amp;&amp; wildList.indexOf(symbol) != -1): null

2019-08-24 12:19:02 - [TEST_STEP][PASSED] - if (i == 3 &amp;&amp; wildList.indexOf(symbol) != -1): null

2019-08-24 12:19:02 - [TEST_STEP][PASSED] - if (i == 4 &amp;&amp; wildList.indexOf(symbol) != -1): null

2019-08-24 12:19:02 - [TEST_STEP][PASSED] - symbol = symbol: null

2019-08-24 12:19:02 - [TEST_STEP][PASSED] - println(symbol): null

2019-08-24 12:19:02 - [TEST_STEP][PASSED] - if (i == 2 &amp;&amp; wildList.indexOf(symbol) != -1): null

2019-08-24 12:19:02 - [TEST_STEP][PASSED] - if (i == 3 &amp;&amp; wildList.indexOf(symbol) != -1): null

2019-08-24 12:19:02 - [TEST_STEP][PASSED] - if (i == 4 &amp;&amp; wildList.indexOf(symbol) != -1): null

2019-08-24 12:19:02 - [TEST_STEP][PASSED] - symbols = symbols: null

2019-08-24 12:19:02 - [TEST_STEP][PASSED] - for ([j = 0, j &lt; symbols.size(), (j++)]): null

2019-08-24 12:19:02 - [TEST_STEP][PASSED] - symbol = symbol: null

2019-08-24 12:19:02 - [TEST_STEP][PASSED] - println(symbol): null

2019-08-24 12:19:02 - [TEST_STEP][PASSED] - if (i == 2 &amp;&amp; wildList.indexOf(symbol) != -1): null

2019-08-24 12:19:02 - [TEST_STEP][PASSED] - if (i == 3 &amp;&amp; wildList.indexOf(symbol) != -1): null

2019-08-24 12:19:02 - [TEST_STEP][PASSED] - if (i == 4 &amp;&amp; wildList.indexOf(symbol) != -1): null

2019-08-24 12:19:02 - [TEST_STEP][PASSED] - println("wild found on reel 5, adding counter by 1"): null

2019-08-24 12:19:02 - [TEST_STEP][PASSED] - free_spin_reel_counter[2] = free_spin_reel_counter[2] + 1: null

2019-08-24 12:19:02 - [TEST_STEP][PASSED] - symbol = symbol: null

2019-08-24 12:19:02 - [TEST_STEP][PASSED] - println(symbol): null

2019-08-24 12:19:02 - [TEST_STEP][PASSED] - if (i == 2 &amp;&amp; wildList.indexOf(symbol) != -1): null

2019-08-24 12:19:02 - [TEST_STEP][PASSED] - if (i == 3 &amp;&amp; wildList.indexOf(symbol) != -1): null

2019-08-24 12:19:02 - [TEST_STEP][PASSED] - if (i == 4 &amp;&amp; wildList.indexOf(symbol) != -1): null

2019-08-24 12:19:02 - [TEST_STEP][PASSED] - symbol = symbol: null

2019-08-24 12:19:02 - [TEST_STEP][PASSED] - println(symbol): null

2019-08-24 12:19:02 - [TEST_STEP][PASSED] - if (i == 2 &amp;&amp; wildList.indexOf(symbol) != -1): null

2019-08-24 12:19:02 - [TEST_STEP][PASSED] - if (i == 3 &amp;&amp; wildList.indexOf(symbol) != -1): null

2019-08-24 12:19:02 - [TEST_STEP][PASSED] - if (i == 4 &amp;&amp; wildList.indexOf(symbol) != -1): null

2019-08-24 12:19:02 - [TEST_STEP][PASSED] - free_spin_reel_counter = free_spin_reel_counter: null

2019-08-24 12:19:02 - [TEST_STEP][PASSED] - println("reel 3 wild found: " + free_spin_reel_counter[0]): null

2019-08-24 12:19:02 - [TEST_STEP][PASSED] - println("reel 4 wild found: " + free_spin_reel_counter[1]): null

2019-08-24 12:19:02 - [TEST_STEP][PASSED] - println("reel 5 wild found: " + free_spin_reel_counter[2]): null

2019-08-24 12:19:02 - [TEST_STEP][PASSED] - M4_spin_reels = M4_spin_reels: null

2019-08-24 12:19:02 - [TEST_STEP][PASSED] - M4_spin_reels_symbols = symbol: null

2019-08-24 12:19:02 - [TEST_STEP][PASSED] - M4_spin_reels_symbols = M4_spin_reels_symbols: null

2019-08-24 12:19:02 - [TEST_STEP][PASSED] - M4_spin_reel_wins = reel_wins: null

2019-08-24 12:19:02 - [TEST_STEP][PASSED] - M4_spin_reel_wins = M4_spin_reel_wins: null

2019-08-24 12:19:02 - [TEST_STEP][PASSED] - println("GlobalVariable.M4_spin_reel_wins is: " + M4_spin_reel_wins): null

2019-08-24 12:19:02 - [TEST_STEP][PASSED] - M4_spin_total_bonus_win_this_round = total_bonus_win_this_round: null

2019-08-24 12:19:02 - [TEST_STEP][PASSED] - M4_spin_total_bonus_win_this_round = M4_spin_total_bonus_win_this_round: null

2019-08-24 12:19:02 - [TEST_STEP][PASSED] - println("GlobalVariable.M4_spin_total_bonus_win_this_round is: " + M4_spin_total_bonus_win_this_round): null

2019-08-24 12:19:02 - [TEST_STEP][PASSED] - M4_spin_bonus_spin_result = spin_result: null

2019-08-24 12:19:02 - [TEST_STEP][PASSED] - M4_spin_bonus_spin_result = M4_spin_bonus_spin_result: null

2019-08-24 12:19:02 - [MESSAGE][PASSED] - Verify response successfully

2019-08-24 12:19:02 - [MESSAGE][PASSED] - Send request and verify the response successfully

2019-08-24 12:19:02 - [TEST_STEP][PASSED] - if (M4_total_bonus_spins_int != 0 &amp;&amp; M4_spin_reels_symbols[2].contains("WILD_ExtraFG") || M4_spin_reels_symbols[3].contains("WILD_ExtraFG")): null

2019-08-24 12:19:02 - [TEST_STEP][PASSED] - free_spin_reel_counter = free_spin_reel_counter: null

2019-08-24 12:19:02 - [TEST_STEP][PASSED] - M4_spin_reels_symbols = M4_spin_reels_symbols: null

2019-08-24 12:19:02 - [TEST_STEP][PASSED] - M4_total_bonus_spins = M4_total_bonus_spins: null

2019-08-24 12:19:02 - [TEST_STEP][PASSED] - spin_result = sendRequestAndVerify(findTestObject("INT/RGS(M4)/1_M4_spin", ["M4_login_user_id":M4_login_user_id, "rgs_session_token":rgs_session_token, "partner":Partner])): Send request and verify the response successfully

2019-08-24 12:19:02 - [MESSAGE][INFO] - HAR: /Users/eiralee/Katalon_Script/SuperWild/Reports/20190824_120919/INT/superWild_3/20190824_120919/requests/main/163.har

2019-08-24 12:19:02 - [TEST_CASE][PASSED] - Start Test Case : Verification: Verification accomplished successfully

2019-08-24 12:19:02 - [TEST_STEP][PASSED] - request = getInstance().getCurrentRequest(): null

2019-08-24 12:19:03 - [TEST_STEP][PASSED] - response = getInstance().getCurrentResponse(): null

2019-08-24 12:19:03 - [TEST_STEP][PASSED] - verifyResponseStatusCode(response, 200): Verify response status code successfully

2019-08-24 12:19:03 - [MESSAGE][PASSED] - Verify response status code successfully

2019-08-24 12:19:03 - [TEST_STEP][PASSED] - getStatusCode()).isEqualTo(200): null

2019-08-24 12:19:03 - [TEST_STEP][PASSED] - newline = System.getProperty("line.separator"): null

2019-08-24 12:19:03 - [TEST_STEP][PASSED] - M4_spin = new groovy.json.JsonSlurper(): null

2019-08-24 12:19:03 - [TEST_STEP][PASSED] - result_M4_spin = M4_spin.parseText(response.getResponseBodyContent()): null

2019-08-24 12:19:03 - [TEST_STEP][PASSED] - M4_spin_current_balance = current_balance: null

2019-08-24 12:19:03 - [TEST_STEP][PASSED] - M4_spin_current_balance = M4_spin_current_balance: null

2019-08-24 12:19:03 - [TEST_STEP][PASSED] - M4_spin_transaction_id = causality: null

2019-08-24 12:19:03 - [TEST_STEP][PASSED] - M4_spin_transaction_id = M4_spin_transaction_id: null

2019-08-24 12:19:03 - [TEST_STEP][PASSED] - M4_spin_round_id = round_id: null

2019-08-24 12:19:03 - [TEST_STEP][PASSED] - M4_spin_round_id = M4_spin_round_id: null

2019-08-24 12:19:03 - [TEST_STEP][PASSED] - M4_spin_line_wins = line_wins: null

2019-08-24 12:19:03 - [TEST_STEP][PASSED] - M4_spin_line_wins = M4_spin_line_wins: null

2019-08-24 12:19:03 - [TEST_STEP][PASSED] - M4_total_bonus_spins_int = total_bonus_spins: null

2019-08-24 12:19:03 - [TEST_STEP][PASSED] - println("******M4_total_bonus_spins type is:*******" + newline + getClass().getName()): null

2019-08-24 12:19:03 - [TEST_STEP][PASSED] - M4_total_bonus_spins_int = M4_total_bonus_spins_int: null

2019-08-24 12:19:03 - [TEST_STEP][PASSED] - M4_total_bonus_spins = Integer.toString(M4_total_bonus_spins_int): null

2019-08-24 12:19:03 - [TEST_STEP][PASSED] - M4_total_bonus_spins = M4_total_bonus_spins: null

2019-08-24 12:19:03 - [TEST_STEP][PASSED] - println("M4_total_bonus_spins is:" + M4_total_bonus_spins): null

2019-08-24 12:19:03 - [TEST_STEP][PASSED] - M4_spin_bonus_data = bonus_data: null

2019-08-24 12:19:03 - [TEST_STEP][PASSED] - M4_spin_features_triggered = result_M4_spin: null

2019-08-24 12:19:03 - [TEST_STEP][PASSED] - wild = []: null

2019-08-24 12:19:03 - [TEST_STEP][PASSED] - wild[0] = "WILD_Expanding": null

2019-08-24 12:19:03 - [TEST_STEP][PASSED] - wild[1] = "WILD_Normal": null

2019-08-24 12:19:03 - [TEST_STEP][PASSED] - wild[2] = "WILD_Double": null

2019-08-24 12:19:03 - [TEST_STEP][PASSED] - wild[3] = "WILD_ExtraFG": null

2019-08-24 12:19:03 - [TEST_STEP][PASSED] - wild[4] = "WILD_Triple": null

2019-08-24 12:19:03 - [TEST_STEP][PASSED] - wildList = Arrays.asList(wild): null

2019-08-24 12:19:03 - [TEST_STEP][PASSED] - wildList = wildList: null

2019-08-24 12:19:03 - [TEST_STEP][PASSED] - free_spin_reel_counter = []: null

2019-08-24 12:19:03 - [TEST_STEP][PASSED] - free_spin_reel_counter[0] = 0: null

2019-08-24 12:19:03 - [TEST_STEP][PASSED] - free_spin_reel_counter[1] = 0: null

2019-08-24 12:19:03 - [TEST_STEP][PASSED] - free_spin_reel_counter[2] = 0: null

2019-08-24 12:19:03 - [TEST_STEP][PASSED] - M4_spin_reels = reels: null

2019-08-24 12:19:03 - [TEST_STEP][PASSED] - for ([i = 0, i &lt; M4_spin_reels.size(), (i++)]): null

2019-08-24 12:19:03 - [TEST_STEP][PASSED] - symbols = symbols: null

2019-08-24 12:19:03 - [TEST_STEP][PASSED] - for ([j = 0, j &lt; symbols.size(), (j++)]): null

2019-08-24 12:19:03 - [TEST_STEP][PASSED] - symbol = symbol: null

2019-08-24 12:19:03 - [TEST_STEP][PASSED] - println(symbol): null

2019-08-24 12:19:03 - [TEST_STEP][PASSED] - if (i == 2 &amp;&amp; wildList.indexOf(symbol) != -1): null

2019-08-24 12:19:03 - [TEST_STEP][PASSED] - if (i == 3 &amp;&amp; wildList.indexOf(symbol) != -1): null

2019-08-24 12:19:03 - [TEST_STEP][PASSED] - if (i == 4 &amp;&amp; wildList.indexOf(symbol) != -1): null

2019-08-24 12:19:03 - [TEST_STEP][PASSED] - symbol = symbol: null

2019-08-24 12:19:03 - [TEST_STEP][PASSED] - println(symbol): null

2019-08-24 12:19:03 - [TEST_STEP][PASSED] - if (i == 2 &amp;&amp; wildList.indexOf(symbol) != -1): null

2019-08-24 12:19:03 - [TEST_STEP][PASSED] - if (i == 3 &amp;&amp; wildList.indexOf(symbol) != -1): null

2019-08-24 12:19:03 - [TEST_STEP][PASSED] - if (i == 4 &amp;&amp; wildList.indexOf(symbol) != -1): null

2019-08-24 12:19:03 - [TEST_STEP][PASSED] - symbol = symbol: null

2019-08-24 12:19:03 - [TEST_STEP][PASSED] - println(symbol): null

2019-08-24 12:19:03 - [TEST_STEP][PASSED] - if (i == 2 &amp;&amp; wildList.indexOf(symbol) != -1): null

2019-08-24 12:19:03 - [TEST_STEP][PASSED] - if (i == 3 &amp;&amp; wildList.indexOf(symbol) != -1): null

2019-08-24 12:19:03 - [TEST_STEP][PASSED] - if (i == 4 &amp;&amp; wildList.indexOf(symbol) != -1): null

2019-08-24 12:19:03 - [TEST_STEP][PASSED] - symbols = symbols: null

2019-08-24 12:19:03 - [TEST_STEP][PASSED] - for ([j = 0, j &lt; symbols.size(), (j++)]): null

2019-08-24 12:19:03 - [TEST_STEP][PASSED] - symbol = symbol: null

2019-08-24 12:19:03 - [TEST_STEP][PASSED] - println(symbol): null

2019-08-24 12:19:03 - [TEST_STEP][PASSED] - if (i == 2 &amp;&amp; wildList.indexOf(symbol) != -1): null

2019-08-24 12:19:03 - [TEST_STEP][PASSED] - if (i == 3 &amp;&amp; wildList.indexOf(symbol) != -1): null

2019-08-24 12:19:03 - [TEST_STEP][PASSED] - if (i == 4 &amp;&amp; wildList.indexOf(symbol) != -1): null

2019-08-24 12:19:03 - [TEST_STEP][PASSED] - symbol = symbol: null

2019-08-24 12:19:03 - [TEST_STEP][PASSED] - println(symbol): null

2019-08-24 12:19:03 - [TEST_STEP][PASSED] - if (i == 2 &amp;&amp; wildList.indexOf(symbol) != -1): null

2019-08-24 12:19:03 - [TEST_STEP][PASSED] - if (i == 3 &amp;&amp; wildList.indexOf(symbol) != -1): null

2019-08-24 12:19:03 - [TEST_STEP][PASSED] - if (i == 4 &amp;&amp; wildList.indexOf(symbol) != -1): null

2019-08-24 12:19:03 - [TEST_STEP][PASSED] - symbol = symbol: null

2019-08-24 12:19:03 - [TEST_STEP][PASSED] - println(symbol): null

2019-08-24 12:19:03 - [TEST_STEP][PASSED] - if (i == 2 &amp;&amp; wildList.indexOf(symbol) != -1): null

2019-08-24 12:19:03 - [TEST_STEP][PASSED] - if (i == 3 &amp;&amp; wildList.indexOf(symbol) != -1): null

2019-08-24 12:19:03 - [TEST_STEP][PASSED] - if (i == 4 &amp;&amp; wildList.indexOf(symbol) != -1): null

2019-08-24 12:19:03 - [TEST_STEP][PASSED] - symbols = symbols: null

2019-08-24 12:19:03 - [TEST_STEP][PASSED] - for ([j = 0, j &lt; symbols.size(), (j++)]): null

2019-08-24 12:19:03 - [TEST_STEP][PASSED] - symbol = symbol: null

2019-08-24 12:19:03 - [TEST_STEP][PASSED] - println(symbol): null

2019-08-24 12:19:03 - [TEST_STEP][PASSED] - if (i == 2 &amp;&amp; wildList.indexOf(symbol) != -1): null

2019-08-24 12:19:03 - [TEST_STEP][PASSED] - if (i == 3 &amp;&amp; wildList.indexOf(symbol) != -1): null

2019-08-24 12:19:03 - [TEST_STEP][PASSED] - if (i == 4 &amp;&amp; wildList.indexOf(symbol) != -1): null

2019-08-24 12:19:03 - [TEST_STEP][PASSED] - symbol = symbol: null

2019-08-24 12:19:03 - [TEST_STEP][PASSED] - println(symbol): null

2019-08-24 12:19:03 - [TEST_STEP][PASSED] - if (i == 2 &amp;&amp; wildList.indexOf(symbol) != -1): null

2019-08-24 12:19:03 - [TEST_STEP][PASSED] - println("wild found on reel 3, adding counter by 1"): null

2019-08-24 12:19:03 - [TEST_STEP][PASSED] - free_spin_reel_counter[0] = free_spin_reel_counter[0] + 1: null

2019-08-24 12:19:03 - [TEST_STEP][PASSED] - if (i == 3 &amp;&amp; wildList.indexOf(symbol) != -1): null

2019-08-24 12:19:03 - [TEST_STEP][PASSED] - if (i == 4 &amp;&amp; wildList.indexOf(symbol) != -1): null

2019-08-24 12:19:03 - [TEST_STEP][PASSED] - symbol = symbol: null

2019-08-24 12:19:03 - [TEST_STEP][PASSED] - println(symbol): null

2019-08-24 12:19:03 - [TEST_STEP][PASSED] - if (i == 2 &amp;&amp; wildList.indexOf(symbol) != -1): null

2019-08-24 12:19:03 - [TEST_STEP][PASSED] - if (i == 3 &amp;&amp; wildList.indexOf(symbol) != -1): null

2019-08-24 12:19:03 - [TEST_STEP][PASSED] - if (i == 4 &amp;&amp; wildList.indexOf(symbol) != -1): null

2019-08-24 12:19:03 - [TEST_STEP][PASSED] - symbols = symbols: null

2019-08-24 12:19:03 - [TEST_STEP][PASSED] - for ([j = 0, j &lt; symbols.size(), (j++)]): null

2019-08-24 12:19:03 - [TEST_STEP][PASSED] - symbol = symbol: null

2019-08-24 12:19:03 - [TEST_STEP][PASSED] - println(symbol): null

2019-08-24 12:19:03 - [TEST_STEP][PASSED] - if (i == 2 &amp;&amp; wildList.indexOf(symbol) != -1): null

2019-08-24 12:19:03 - [TEST_STEP][PASSED] - if (i == 3 &amp;&amp; wildList.indexOf(symbol) != -1): null

2019-08-24 12:19:03 - [TEST_STEP][PASSED] - if (i == 4 &amp;&amp; wildList.indexOf(symbol) != -1): null

2019-08-24 12:19:03 - [TEST_STEP][PASSED] - symbol = symbol: null

2019-08-24 12:19:03 - [TEST_STEP][PASSED] - println(symbol): null

2019-08-24 12:19:03 - [TEST_STEP][PASSED] - if (i == 2 &amp;&amp; wildList.indexOf(symbol) != -1): null

2019-08-24 12:19:03 - [TEST_STEP][PASSED] - if (i == 3 &amp;&amp; wildList.indexOf(symbol) != -1): null

2019-08-24 12:19:03 - [TEST_STEP][PASSED] - if (i == 4 &amp;&amp; wildList.indexOf(symbol) != -1): null

2019-08-24 12:19:03 - [TEST_STEP][PASSED] - symbol = symbol: null

2019-08-24 12:19:03 - [TEST_STEP][PASSED] - println(symbol): null

2019-08-24 12:19:03 - [TEST_STEP][PASSED] - if (i == 2 &amp;&amp; wildList.indexOf(symbol) != -1): null

2019-08-24 12:19:03 - [TEST_STEP][PASSED] - if (i == 3 &amp;&amp; wildList.indexOf(symbol) != -1): null

2019-08-24 12:19:03 - [TEST_STEP][PASSED] - if (i == 4 &amp;&amp; wildList.indexOf(symbol) != -1): null

2019-08-24 12:19:03 - [TEST_STEP][PASSED] - symbols = symbols: null

2019-08-24 12:19:03 - [TEST_STEP][PASSED] - for ([j = 0, j &lt; symbols.size(), (j++)]): null

2019-08-24 12:19:03 - [TEST_STEP][PASSED] - symbol = symbol: null

2019-08-24 12:19:03 - [TEST_STEP][PASSED] - println(symbol): null

2019-08-24 12:19:03 - [TEST_STEP][PASSED] - if (i == 2 &amp;&amp; wildList.indexOf(symbol) != -1): null

2019-08-24 12:19:03 - [TEST_STEP][PASSED] - if (i == 3 &amp;&amp; wildList.indexOf(symbol) != -1): null

2019-08-24 12:19:03 - [TEST_STEP][PASSED] - if (i == 4 &amp;&amp; wildList.indexOf(symbol) != -1): null

2019-08-24 12:19:03 - [TEST_STEP][PASSED] - symbol = symbol: null

2019-08-24 12:19:03 - [TEST_STEP][PASSED] - println(symbol): null

2019-08-24 12:19:03 - [TEST_STEP][PASSED] - if (i == 2 &amp;&amp; wildList.indexOf(symbol) != -1): null

2019-08-24 12:19:03 - [TEST_STEP][PASSED] - if (i == 3 &amp;&amp; wildList.indexOf(symbol) != -1): null

2019-08-24 12:19:03 - [TEST_STEP][PASSED] - if (i == 4 &amp;&amp; wildList.indexOf(symbol) != -1): null

2019-08-24 12:19:03 - [TEST_STEP][PASSED] - symbol = symbol: null

2019-08-24 12:19:03 - [TEST_STEP][PASSED] - println(symbol): null

2019-08-24 12:19:03 - [TEST_STEP][PASSED] - if (i == 2 &amp;&amp; wildList.indexOf(symbol) != -1): null

2019-08-24 12:19:03 - [TEST_STEP][PASSED] - if (i == 3 &amp;&amp; wildList.indexOf(symbol) != -1): null

2019-08-24 12:19:03 - [TEST_STEP][PASSED] - if (i == 4 &amp;&amp; wildList.indexOf(symbol) != -1): null

2019-08-24 12:19:03 - [TEST_STEP][PASSED] - free_spin_reel_counter = free_spin_reel_counter: null

2019-08-24 12:19:03 - [TEST_STEP][PASSED] - println("reel 3 wild found: " + free_spin_reel_counter[0]): null

2019-08-24 12:19:03 - [TEST_STEP][PASSED] - println("reel 4 wild found: " + free_spin_reel_counter[1]): null

2019-08-24 12:19:03 - [TEST_STEP][PASSED] - println("reel 5 wild found: " + free_spin_reel_counter[2]): null

2019-08-24 12:19:03 - [TEST_STEP][PASSED] - M4_spin_reels = M4_spin_reels: null

2019-08-24 12:19:03 - [TEST_STEP][PASSED] - M4_spin_reels_symbols = symbol: null

2019-08-24 12:19:03 - [TEST_STEP][PASSED] - M4_spin_reels_symbols = M4_spin_reels_symbols: null

2019-08-24 12:19:03 - [TEST_STEP][PASSED] - M4_spin_reel_wins = reel_wins: null

2019-08-24 12:19:03 - [TEST_STEP][PASSED] - M4_spin_reel_wins = M4_spin_reel_wins: null

2019-08-24 12:19:03 - [TEST_STEP][PASSED] - println("GlobalVariable.M4_spin_reel_wins is: " + M4_spin_reel_wins): null

2019-08-24 12:19:03 - [TEST_STEP][PASSED] - M4_spin_total_bonus_win_this_round = total_bonus_win_this_round: null

2019-08-24 12:19:03 - [TEST_STEP][PASSED] - M4_spin_total_bonus_win_this_round = M4_spin_total_bonus_win_this_round: null

2019-08-24 12:19:03 - [TEST_STEP][PASSED] - println("GlobalVariable.M4_spin_total_bonus_win_this_round is: " + M4_spin_total_bonus_win_this_round): null

2019-08-24 12:19:03 - [TEST_STEP][PASSED] - M4_spin_bonus_spin_result = spin_result: null

2019-08-24 12:19:03 - [TEST_STEP][PASSED] - M4_spin_bonus_spin_result = M4_spin_bonus_spin_result: null

2019-08-24 12:19:03 - [MESSAGE][PASSED] - Verify response successfully

2019-08-24 12:19:03 - [MESSAGE][PASSED] - Send request and verify the response successfully

2019-08-24 12:19:07 - [TEST_STEP][PASSED] - if (M4_total_bonus_spins_int != 0 &amp;&amp; M4_spin_reels_symbols[2].contains("WILD_ExtraFG") || M4_spin_reels_symbols[3].contains("WILD_ExtraFG")): null

2019-08-24 12:19:07 - [TEST_STEP][PASSED] - free_spin_reel_counter = free_spin_reel_counter: null

2019-08-24 12:19:07 - [TEST_STEP][PASSED] - M4_spin_reels_symbols = M4_spin_reels_symbols: null

2019-08-24 12:19:07 - [TEST_STEP][PASSED] - M4_total_bonus_spins = M4_total_bonus_spins: null

2019-08-24 12:19:07 - [TEST_STEP][PASSED] - spin_result = sendRequestAndVerify(findTestObject("INT/RGS(M4)/1_M4_spin", ["M4_login_user_id":M4_login_user_id, "rgs_session_token":rgs_session_token, "partner":Partner])): Send request and verify the response successfully

2019-08-24 12:19:07 - [MESSAGE][INFO] - HAR: /Users/eiralee/Katalon_Script/SuperWild/Reports/20190824_120919/INT/superWild_3/20190824_120919/requests/main/164.har

2019-08-24 12:19:07 - [TEST_CASE][PASSED] - Start Test Case : Verification: Verification accomplished successfully

2019-08-24 12:19:07 - [TEST_STEP][PASSED] - request = getInstance().getCurrentRequest(): null

2019-08-24 12:19:07 - [TEST_STEP][PASSED] - response = getInstance().getCurrentResponse(): null

2019-08-24 12:19:07 - [TEST_STEP][PASSED] - verifyResponseStatusCode(response, 200): Verify response status code successfully

2019-08-24 12:19:07 - [MESSAGE][PASSED] - Verify response status code successfully

2019-08-24 12:19:10 - [TEST_STEP][PASSED] - getStatusCode()).isEqualTo(200): null

2019-08-24 12:19:10 - [TEST_STEP][PASSED] - newline = System.getProperty("line.separator"): null

2019-08-24 12:19:10 - [TEST_STEP][PASSED] - M4_spin = new groovy.json.JsonSlurper(): null

2019-08-24 12:19:10 - [TEST_STEP][PASSED] - result_M4_spin = M4_spin.parseText(response.getResponseBodyContent()): null

2019-08-24 12:19:10 - [TEST_STEP][PASSED] - M4_spin_current_balance = current_balance: null

2019-08-24 12:19:10 - [TEST_STEP][PASSED] - M4_spin_current_balance = M4_spin_current_balance: null

2019-08-24 12:19:10 - [TEST_STEP][PASSED] - M4_spin_transaction_id = causality: null

2019-08-24 12:19:10 - [TEST_STEP][PASSED] - M4_spin_transaction_id = M4_spin_transaction_id: null

2019-08-24 12:19:10 - [TEST_STEP][PASSED] - M4_spin_round_id = round_id: null

2019-08-24 12:19:10 - [TEST_STEP][PASSED] - M4_spin_round_id = M4_spin_round_id: null

2019-08-24 12:19:10 - [TEST_STEP][PASSED] - M4_spin_line_wins = line_wins: null

2019-08-24 12:19:10 - [TEST_STEP][PASSED] - M4_spin_line_wins = M4_spin_line_wins: null

2019-08-24 12:19:10 - [TEST_STEP][PASSED] - M4_total_bonus_spins_int = total_bonus_spins: null

2019-08-24 12:19:10 - [TEST_STEP][PASSED] - println("******M4_total_bonus_spins type is:*******" + newline + getClass().getName()): null

2019-08-24 12:19:10 - [TEST_STEP][PASSED] - M4_total_bonus_spins_int = M4_total_bonus_spins_int: null

2019-08-24 12:19:10 - [TEST_STEP][PASSED] - M4_total_bonus_spins = Integer.toString(M4_total_bonus_spins_int): null

2019-08-24 12:19:10 - [TEST_STEP][PASSED] - M4_total_bonus_spins = M4_total_bonus_spins: null

2019-08-24 12:19:10 - [TEST_STEP][PASSED] - println("M4_total_bonus_spins is:" + M4_total_bonus_spins): null

2019-08-24 12:19:10 - [TEST_STEP][PASSED] - M4_spin_bonus_data = bonus_data: null

2019-08-24 12:19:10 - [TEST_STEP][PASSED] - M4_spin_features_triggered = result_M4_spin: null

2019-08-24 12:19:10 - [TEST_STEP][PASSED] - wild = []: null

2019-08-24 12:19:10 - [TEST_STEP][PASSED] - wild[0] = "WILD_Expanding": null

2019-08-24 12:19:10 - [TEST_STEP][PASSED] - wild[1] = "WILD_Normal": null

2019-08-24 12:19:10 - [TEST_STEP][PASSED] - wild[2] = "WILD_Double": null

2019-08-24 12:19:10 - [TEST_STEP][PASSED] - wild[3] = "WILD_ExtraFG": null

2019-08-24 12:19:10 - [TEST_STEP][PASSED] - wild[4] = "WILD_Triple": null

2019-08-24 12:19:10 - [TEST_STEP][PASSED] - wildList = Arrays.asList(wild): null

2019-08-24 12:19:10 - [TEST_STEP][PASSED] - wildList = wildList: null

2019-08-24 12:19:10 - [TEST_STEP][PASSED] - free_spin_reel_counter = []: null

2019-08-24 12:19:10 - [TEST_STEP][PASSED] - free_spin_reel_counter[0] = 0: null

2019-08-24 12:19:10 - [TEST_STEP][PASSED] - free_spin_reel_counter[1] = 0: null

2019-08-24 12:19:10 - [TEST_STEP][PASSED] - free_spin_reel_counter[2] = 0: null

2019-08-24 12:19:10 - [TEST_STEP][PASSED] - M4_spin_reels = reels: null

2019-08-24 12:19:10 - [TEST_STEP][PASSED] - for ([i = 0, i &lt; M4_spin_reels.size(), (i++)]): null

2019-08-24 12:19:10 - [TEST_STEP][PASSED] - symbols = symbols: null

2019-08-24 12:19:10 - [TEST_STEP][PASSED] - for ([j = 0, j &lt; symbols.size(), (j++)]): null

2019-08-24 12:19:10 - [TEST_STEP][PASSED] - symbol = symbol: null

2019-08-24 12:19:10 - [TEST_STEP][PASSED] - println(symbol): null

2019-08-24 12:19:10 - [TEST_STEP][PASSED] - if (i == 2 &amp;&amp; wildList.indexOf(symbol) != -1): null

2019-08-24 12:19:10 - [TEST_STEP][PASSED] - if (i == 3 &amp;&amp; wildList.indexOf(symbol) != -1): null

2019-08-24 12:19:10 - [TEST_STEP][PASSED] - if (i == 4 &amp;&amp; wildList.indexOf(symbol) != -1): null

2019-08-24 12:19:10 - [TEST_STEP][PASSED] - symbol = symbol: null

2019-08-24 12:19:10 - [TEST_STEP][PASSED] - println(symbol): null

2019-08-24 12:19:10 - [TEST_STEP][PASSED] - if (i == 2 &amp;&amp; wildList.indexOf(symbol) != -1): null

2019-08-24 12:19:10 - [TEST_STEP][PASSED] - if (i == 3 &amp;&amp; wildList.indexOf(symbol) != -1): null

2019-08-24 12:19:10 - [TEST_STEP][PASSED] - if (i == 4 &amp;&amp; wildList.indexOf(symbol) != -1): null

2019-08-24 12:19:10 - [TEST_STEP][PASSED] - symbol = symbol: null

2019-08-24 12:19:10 - [TEST_STEP][PASSED] - println(symbol): null

2019-08-24 12:19:10 - [TEST_STEP][PASSED] - if (i == 2 &amp;&amp; wildList.indexOf(symbol) != -1): null

2019-08-24 12:19:10 - [TEST_STEP][PASSED] - if (i == 3 &amp;&amp; wildList.indexOf(symbol) != -1): null

2019-08-24 12:19:10 - [TEST_STEP][PASSED] - if (i == 4 &amp;&amp; wildList.indexOf(symbol) != -1): null

2019-08-24 12:19:10 - [TEST_STEP][PASSED] - symbols = symbols: null

2019-08-24 12:19:10 - [TEST_STEP][PASSED] - for ([j = 0, j &lt; symbols.size(), (j++)]): null

2019-08-24 12:19:10 - [TEST_STEP][PASSED] - symbol = symbol: null

2019-08-24 12:19:10 - [TEST_STEP][PASSED] - println(symbol): null

2019-08-24 12:19:10 - [TEST_STEP][PASSED] - if (i == 2 &amp;&amp; wildList.indexOf(symbol) != -1): null

2019-08-24 12:19:10 - [TEST_STEP][PASSED] - if (i == 3 &amp;&amp; wildList.indexOf(symbol) != -1): null

2019-08-24 12:19:10 - [TEST_STEP][PASSED] - if (i == 4 &amp;&amp; wildList.indexOf(symbol) != -1): null

2019-08-24 12:19:10 - [TEST_STEP][PASSED] - symbol = symbol: null

2019-08-24 12:19:10 - [TEST_STEP][PASSED] - println(symbol): null

2019-08-24 12:19:10 - [TEST_STEP][PASSED] - if (i == 2 &amp;&amp; wildList.indexOf(symbol) != -1): null

2019-08-24 12:19:10 - [TEST_STEP][PASSED] - if (i == 3 &amp;&amp; wildList.indexOf(symbol) != -1): null

2019-08-24 12:19:10 - [TEST_STEP][PASSED] - if (i == 4 &amp;&amp; wildList.indexOf(symbol) != -1): null

2019-08-24 12:19:10 - [TEST_STEP][PASSED] - symbol = symbol: null

2019-08-24 12:19:10 - [TEST_STEP][PASSED] - println(symbol): null

2019-08-24 12:19:10 - [TEST_STEP][PASSED] - if (i == 2 &amp;&amp; wildList.indexOf(symbol) != -1): null

2019-08-24 12:19:10 - [TEST_STEP][PASSED] - if (i == 3 &amp;&amp; wildList.indexOf(symbol) != -1): null

2019-08-24 12:19:10 - [TEST_STEP][PASSED] - if (i == 4 &amp;&amp; wildList.indexOf(symbol) != -1): null

2019-08-24 12:19:10 - [TEST_STEP][PASSED] - symbols = symbols: null

2019-08-24 12:19:10 - [TEST_STEP][PASSED] - for ([j = 0, j &lt; symbols.size(), (j++)]): null

2019-08-24 12:19:10 - [TEST_STEP][PASSED] - symbol = symbol: null

2019-08-24 12:19:10 - [TEST_STEP][PASSED] - println(symbol): null

2019-08-24 12:19:10 - [TEST_STEP][PASSED] - if (i == 2 &amp;&amp; wildList.indexOf(symbol) != -1): null

2019-08-24 12:19:10 - [TEST_STEP][PASSED] - if (i == 3 &amp;&amp; wildList.indexOf(symbol) != -1): null

2019-08-24 12:19:10 - [TEST_STEP][PASSED] - if (i == 4 &amp;&amp; wildList.indexOf(symbol) != -1): null

2019-08-24 12:19:10 - [TEST_STEP][PASSED] - symbol = symbol: null

2019-08-24 12:19:10 - [TEST_STEP][PASSED] - println(symbol): null

2019-08-24 12:19:10 - [TEST_STEP][PASSED] - if (i == 2 &amp;&amp; wildList.indexOf(symbol) != -1): null

2019-08-24 12:19:10 - [TEST_STEP][PASSED] - println("wild found on reel 3, adding counter by 1"): null

2019-08-24 12:19:10 - [TEST_STEP][PASSED] - free_spin_reel_counter[0] = free_spin_reel_counter[0] + 1: null

2019-08-24 12:19:10 - [TEST_STEP][PASSED] - if (i == 3 &amp;&amp; wildList.indexOf(symbol) != -1): null

2019-08-24 12:19:10 - [TEST_STEP][PASSED] - if (i == 4 &amp;&amp; wildList.indexOf(symbol) != -1): null

2019-08-24 12:19:10 - [TEST_STEP][PASSED] - symbol = symbol: null

2019-08-24 12:19:10 - [TEST_STEP][PASSED] - println(symbol): null

2019-08-24 12:19:10 - [TEST_STEP][PASSED] - if (i == 2 &amp;&amp; wildList.indexOf(symbol) != -1): null

2019-08-24 12:19:10 - [TEST_STEP][PASSED] - if (i == 3 &amp;&amp; wildList.indexOf(symbol) != -1): null

2019-08-24 12:19:10 - [TEST_STEP][PASSED] - if (i == 4 &amp;&amp; wildList.indexOf(symbol) != -1): null

2019-08-24 12:19:10 - [TEST_STEP][PASSED] - symbols = symbols: null

2019-08-24 12:19:10 - [TEST_STEP][PASSED] - for ([j = 0, j &lt; symbols.size(), (j++)]): null

2019-08-24 12:19:10 - [TEST_STEP][PASSED] - symbol = symbol: null

2019-08-24 12:19:10 - [TEST_STEP][PASSED] - println(symbol): null

2019-08-24 12:19:10 - [TEST_STEP][PASSED] - if (i == 2 &amp;&amp; wildList.indexOf(symbol) != -1): null

2019-08-24 12:19:10 - [TEST_STEP][PASSED] - if (i == 3 &amp;&amp; wildList.indexOf(symbol) != -1): null

2019-08-24 12:19:10 - [TEST_STEP][PASSED] - if (i == 4 &amp;&amp; wildList.indexOf(symbol) != -1): null

2019-08-24 12:19:10 - [TEST_STEP][PASSED] - symbol = symbol: null

2019-08-24 12:19:10 - [TEST_STEP][PASSED] - println(symbol): null

2019-08-24 12:19:10 - [TEST_STEP][PASSED] - if (i == 2 &amp;&amp; wildList.indexOf(symbol) != -1): null

2019-08-24 12:19:10 - [TEST_STEP][PASSED] - if (i == 3 &amp;&amp; wildList.indexOf(symbol) != -1): null

2019-08-24 12:19:10 - [TEST_STEP][PASSED] - if (i == 4 &amp;&amp; wildList.indexOf(symbol) != -1): null

2019-08-24 12:19:10 - [TEST_STEP][PASSED] - symbol = symbol: null

2019-08-24 12:19:10 - [TEST_STEP][PASSED] - println(symbol): null

2019-08-24 12:19:10 - [TEST_STEP][PASSED] - if (i == 2 &amp;&amp; wildList.indexOf(symbol) != -1): null

2019-08-24 12:19:10 - [TEST_STEP][PASSED] - if (i == 3 &amp;&amp; wildList.indexOf(symbol) != -1): null

2019-08-24 12:19:10 - [TEST_STEP][PASSED] - if (i == 4 &amp;&amp; wildList.indexOf(symbol) != -1): null

2019-08-24 12:19:10 - [TEST_STEP][PASSED] - symbols = symbols: null

2019-08-24 12:19:10 - [TEST_STEP][PASSED] - for ([j = 0, j &lt; symbols.size(), (j++)]): null

2019-08-24 12:19:10 - [TEST_STEP][PASSED] - symbol = symbol: null

2019-08-24 12:19:10 - [TEST_STEP][PASSED] - println(symbol): null

2019-08-24 12:19:10 - [TEST_STEP][PASSED] - if (i == 2 &amp;&amp; wildList.indexOf(symbol) != -1): null

2019-08-24 12:19:10 - [TEST_STEP][PASSED] - if (i == 3 &amp;&amp; wildList.indexOf(symbol) != -1): null

2019-08-24 12:19:10 - [TEST_STEP][PASSED] - if (i == 4 &amp;&amp; wildList.indexOf(symbol) != -1): null

2019-08-24 12:19:10 - [TEST_STEP][PASSED] - symbol = symbol: null

2019-08-24 12:19:10 - [TEST_STEP][PASSED] - println(symbol): null

2019-08-24 12:19:10 - [TEST_STEP][PASSED] - if (i == 2 &amp;&amp; wildList.indexOf(symbol) != -1): null

2019-08-24 12:19:10 - [TEST_STEP][PASSED] - if (i == 3 &amp;&amp; wildList.indexOf(symbol) != -1): null

2019-08-24 12:19:10 - [TEST_STEP][PASSED] - if (i == 4 &amp;&amp; wildList.indexOf(symbol) != -1): null

2019-08-24 12:19:10 - [TEST_STEP][PASSED] - println("wild found on reel 5, adding counter by 1"): null

2019-08-24 12:19:10 - [TEST_STEP][PASSED] - free_spin_reel_counter[2] = free_spin_reel_counter[2] + 1: null

2019-08-24 12:19:10 - [TEST_STEP][PASSED] - symbol = symbol: null

2019-08-24 12:19:10 - [TEST_STEP][PASSED] - println(symbol): null

2019-08-24 12:19:10 - [TEST_STEP][PASSED] - if (i == 2 &amp;&amp; wildList.indexOf(symbol) != -1): null

2019-08-24 12:19:10 - [TEST_STEP][PASSED] - if (i == 3 &amp;&amp; wildList.indexOf(symbol) != -1): null

2019-08-24 12:19:10 - [TEST_STEP][PASSED] - if (i == 4 &amp;&amp; wildList.indexOf(symbol) != -1): null

2019-08-24 12:19:10 - [TEST_STEP][PASSED] - free_spin_reel_counter = free_spin_reel_counter: null

2019-08-24 12:19:10 - [TEST_STEP][PASSED] - println("reel 3 wild found: " + free_spin_reel_counter[0]): null

2019-08-24 12:19:10 - [TEST_STEP][PASSED] - println("reel 4 wild found: " + free_spin_reel_counter[1]): null

2019-08-24 12:19:10 - [TEST_STEP][PASSED] - println("reel 5 wild found: " + free_spin_reel_counter[2]): null

2019-08-24 12:19:10 - [TEST_STEP][PASSED] - M4_spin_reels = M4_spin_reels: null

2019-08-24 12:19:10 - [TEST_STEP][PASSED] - M4_spin_reels_symbols = symbol: null

2019-08-24 12:19:10 - [TEST_STEP][PASSED] - M4_spin_reels_symbols = M4_spin_reels_symbols: null

2019-08-24 12:19:10 - [TEST_STEP][PASSED] - M4_spin_reel_wins = reel_wins: null

2019-08-24 12:19:10 - [TEST_STEP][PASSED] - M4_spin_reel_wins = M4_spin_reel_wins: null

2019-08-24 12:19:10 - [TEST_STEP][PASSED] - println("GlobalVariable.M4_spin_reel_wins is: " + M4_spin_reel_wins): null

2019-08-24 12:19:10 - [TEST_STEP][PASSED] - M4_spin_total_bonus_win_this_round = total_bonus_win_this_round: null

2019-08-24 12:19:10 - [TEST_STEP][PASSED] - M4_spin_total_bonus_win_this_round = M4_spin_total_bonus_win_this_round: null

2019-08-24 12:19:10 - [TEST_STEP][PASSED] - println("GlobalVariable.M4_spin_total_bonus_win_this_round is: " + M4_spin_total_bonus_win_this_round): null

2019-08-24 12:19:10 - [TEST_STEP][PASSED] - M4_spin_bonus_spin_result = spin_result: null

2019-08-24 12:19:10 - [TEST_STEP][PASSED] - M4_spin_bonus_spin_result = M4_spin_bonus_spin_result: null

2019-08-24 12:19:10 - [MESSAGE][PASSED] - Verify response successfully

2019-08-24 12:19:10 - [MESSAGE][PASSED] - Send request and verify the response successfully

2019-08-24 12:19:10 - [TEST_STEP][PASSED] - if (M4_total_bonus_spins_int != 0 &amp;&amp; M4_spin_reels_symbols[2].contains("WILD_ExtraFG") || M4_spin_reels_symbols[3].contains("WILD_ExtraFG")): null

2019-08-24 12:19:10 - [TEST_STEP][PASSED] - free_spin_reel_counter = free_spin_reel_counter: null

2019-08-24 12:19:10 - [TEST_STEP][PASSED] - M4_spin_reels_symbols = M4_spin_reels_symbols: null

2019-08-24 12:19:10 - [TEST_STEP][PASSED] - M4_total_bonus_spins = M4_total_bonus_spins: null

2019-08-24 12:19:10 - [TEST_STEP][PASSED] - spin_result = sendRequestAndVerify(findTestObject("INT/RGS(M4)/1_M4_spin", ["M4_login_user_id":M4_login_user_id, "rgs_session_token":rgs_session_token, "partner":Partner])): Send request and verify the response successfully

2019-08-24 12:19:11 - [MESSAGE][INFO] - HAR: /Users/eiralee/Katalon_Script/SuperWild/Reports/20190824_120919/INT/superWild_3/20190824_120919/requests/main/165.har

2019-08-24 12:19:11 - [TEST_CASE][PASSED] - Start Test Case : Verification: Verification accomplished successfully

2019-08-24 12:19:11 - [TEST_STEP][PASSED] - request = getInstance().getCurrentRequest(): null

2019-08-24 12:19:11 - [TEST_STEP][PASSED] - response = getInstance().getCurrentResponse(): null

2019-08-24 12:19:11 - [TEST_STEP][PASSED] - verifyResponseStatusCode(response, 200): Verify response status code successfully

2019-08-24 12:19:11 - [MESSAGE][PASSED] - Verify response status code successfully

2019-08-24 12:19:11 - [TEST_STEP][PASSED] - getStatusCode()).isEqualTo(200): null

2019-08-24 12:19:11 - [TEST_STEP][PASSED] - newline = System.getProperty("line.separator"): null

2019-08-24 12:19:11 - [TEST_STEP][PASSED] - M4_spin = new groovy.json.JsonSlurper(): null

2019-08-24 12:19:11 - [TEST_STEP][PASSED] - result_M4_spin = M4_spin.parseText(response.getResponseBodyContent()): null

2019-08-24 12:19:11 - [TEST_STEP][PASSED] - M4_spin_current_balance = current_balance: null

2019-08-24 12:19:11 - [TEST_STEP][PASSED] - M4_spin_current_balance = M4_spin_current_balance: null

2019-08-24 12:19:11 - [TEST_STEP][PASSED] - M4_spin_transaction_id = causality: null

2019-08-24 12:19:11 - [TEST_STEP][PASSED] - M4_spin_transaction_id = M4_spin_transaction_id: null

2019-08-24 12:19:11 - [TEST_STEP][PASSED] - M4_spin_round_id = round_id: null

2019-08-24 12:19:11 - [TEST_STEP][PASSED] - M4_spin_round_id = M4_spin_round_id: null

2019-08-24 12:19:11 - [TEST_STEP][PASSED] - M4_spin_line_wins = line_wins: null

2019-08-24 12:19:11 - [TEST_STEP][PASSED] - M4_spin_line_wins = M4_spin_line_wins: null

2019-08-24 12:19:11 - [TEST_STEP][PASSED] - M4_total_bonus_spins_int = total_bonus_spins: null

2019-08-24 12:19:11 - [TEST_STEP][PASSED] - println("******M4_total_bonus_spins type is:*******" + newline + getClass().getName()): null

2019-08-24 12:19:11 - [TEST_STEP][PASSED] - M4_total_bonus_spins_int = M4_total_bonus_spins_int: null

2019-08-24 12:19:11 - [TEST_STEP][PASSED] - M4_total_bonus_spins = Integer.toString(M4_total_bonus_spins_int): null

2019-08-24 12:19:11 - [TEST_STEP][PASSED] - M4_total_bonus_spins = M4_total_bonus_spins: null

2019-08-24 12:19:11 - [TEST_STEP][PASSED] - println("M4_total_bonus_spins is:" + M4_total_bonus_spins): null

2019-08-24 12:19:11 - [TEST_STEP][PASSED] - M4_spin_bonus_data = bonus_data: null

2019-08-24 12:19:11 - [TEST_STEP][PASSED] - M4_spin_features_triggered = result_M4_spin: null

2019-08-24 12:19:11 - [TEST_STEP][PASSED] - wild = []: null

2019-08-24 12:19:11 - [TEST_STEP][PASSED] - wild[0] = "WILD_Expanding": null

2019-08-24 12:19:11 - [TEST_STEP][PASSED] - wild[1] = "WILD_Normal": null

2019-08-24 12:19:11 - [TEST_STEP][PASSED] - wild[2] = "WILD_Double": null

2019-08-24 12:19:11 - [TEST_STEP][PASSED] - wild[3] = "WILD_ExtraFG": null

2019-08-24 12:19:11 - [TEST_STEP][PASSED] - wild[4] = "WILD_Triple": null

2019-08-24 12:19:11 - [TEST_STEP][PASSED] - wildList = Arrays.asList(wild): null

2019-08-24 12:19:11 - [TEST_STEP][PASSED] - wildList = wildList: null

2019-08-24 12:19:11 - [TEST_STEP][PASSED] - free_spin_reel_counter = []: null

2019-08-24 12:19:11 - [TEST_STEP][PASSED] - free_spin_reel_counter[0] = 0: null

2019-08-24 12:19:11 - [TEST_STEP][PASSED] - free_spin_reel_counter[1] = 0: null

2019-08-24 12:19:11 - [TEST_STEP][PASSED] - free_spin_reel_counter[2] = 0: null

2019-08-24 12:19:11 - [TEST_STEP][PASSED] - M4_spin_reels = reels: null

2019-08-24 12:19:11 - [TEST_STEP][PASSED] - for ([i = 0, i &lt; M4_spin_reels.size(), (i++)]): null

2019-08-24 12:19:11 - [TEST_STEP][PASSED] - symbols = symbols: null

2019-08-24 12:19:11 - [TEST_STEP][PASSED] - for ([j = 0, j &lt; symbols.size(), (j++)]): null

2019-08-24 12:19:11 - [TEST_STEP][PASSED] - symbol = symbol: null

2019-08-24 12:19:11 - [TEST_STEP][PASSED] - println(symbol): null

2019-08-24 12:19:11 - [TEST_STEP][PASSED] - if (i == 2 &amp;&amp; wildList.indexOf(symbol) != -1): null

2019-08-24 12:19:11 - [TEST_STEP][PASSED] - if (i == 3 &amp;&amp; wildList.indexOf(symbol) != -1): null

2019-08-24 12:19:11 - [TEST_STEP][PASSED] - if (i == 4 &amp;&amp; wildList.indexOf(symbol) != -1): null

2019-08-24 12:19:11 - [TEST_STEP][PASSED] - symbol = symbol: null

2019-08-24 12:19:11 - [TEST_STEP][PASSED] - println(symbol): null

2019-08-24 12:19:11 - [TEST_STEP][PASSED] - if (i == 2 &amp;&amp; wildList.indexOf(symbol) != -1): null

2019-08-24 12:19:11 - [TEST_STEP][PASSED] - if (i == 3 &amp;&amp; wildList.indexOf(symbol) != -1): null

2019-08-24 12:19:11 - [TEST_STEP][PASSED] - if (i == 4 &amp;&amp; wildList.indexOf(symbol) != -1): null

2019-08-24 12:19:11 - [TEST_STEP][PASSED] - symbol = symbol: null

2019-08-24 12:19:11 - [TEST_STEP][PASSED] - println(symbol): null

2019-08-24 12:19:11 - [TEST_STEP][PASSED] - if (i == 2 &amp;&amp; wildList.indexOf(symbol) != -1): null

2019-08-24 12:19:11 - [TEST_STEP][PASSED] - if (i == 3 &amp;&amp; wildList.indexOf(symbol) != -1): null

2019-08-24 12:19:11 - [TEST_STEP][PASSED] - if (i == 4 &amp;&amp; wildList.indexOf(symbol) != -1): null

2019-08-24 12:19:11 - [TEST_STEP][PASSED] - symbols = symbols: null

2019-08-24 12:19:11 - [TEST_STEP][PASSED] - for ([j = 0, j &lt; symbols.size(), (j++)]): null

2019-08-24 12:19:11 - [TEST_STEP][PASSED] - symbol = symbol: null

2019-08-24 12:19:11 - [TEST_STEP][PASSED] - println(symbol): null

2019-08-24 12:19:11 - [TEST_STEP][PASSED] - if (i == 2 &amp;&amp; wildList.indexOf(symbol) != -1): null

2019-08-24 12:19:11 - [TEST_STEP][PASSED] - if (i == 3 &amp;&amp; wildList.indexOf(symbol) != -1): null

2019-08-24 12:19:11 - [TEST_STEP][PASSED] - if (i == 4 &amp;&amp; wildList.indexOf(symbol) != -1): null

2019-08-24 12:19:11 - [TEST_STEP][PASSED] - symbol = symbol: null

2019-08-24 12:19:11 - [TEST_STEP][PASSED] - println(symbol): null

2019-08-24 12:19:11 - [TEST_STEP][PASSED] - if (i == 2 &amp;&amp; wildList.indexOf(symbol) != -1): null

2019-08-24 12:19:11 - [TEST_STEP][PASSED] - if (i == 3 &amp;&amp; wildList.indexOf(symbol) != -1): null

2019-08-24 12:19:11 - [TEST_STEP][PASSED] - if (i == 4 &amp;&amp; wildList.indexOf(symbol) != -1): null

2019-08-24 12:19:11 - [TEST_STEP][PASSED] - symbol = symbol: null

2019-08-24 12:19:11 - [TEST_STEP][PASSED] - println(symbol): null

2019-08-24 12:19:11 - [TEST_STEP][PASSED] - if (i == 2 &amp;&amp; wildList.indexOf(symbol) != -1): null

2019-08-24 12:19:11 - [TEST_STEP][PASSED] - if (i == 3 &amp;&amp; wildList.indexOf(symbol) != -1): null

2019-08-24 12:19:11 - [TEST_STEP][PASSED] - if (i == 4 &amp;&amp; wildList.indexOf(symbol) != -1): null

2019-08-24 12:19:11 - [TEST_STEP][PASSED] - symbols = symbols: null

2019-08-24 12:19:11 - [TEST_STEP][PASSED] - for ([j = 0, j &lt; symbols.size(), (j++)]): null

2019-08-24 12:19:11 - [TEST_STEP][PASSED] - symbol = symbol: null

2019-08-24 12:19:11 - [TEST_STEP][PASSED] - println(symbol): null

2019-08-24 12:19:11 - [TEST_STEP][PASSED] - if (i == 2 &amp;&amp; wildList.indexOf(symbol) != -1): null

2019-08-24 12:19:11 - [TEST_STEP][PASSED] - if (i == 3 &amp;&amp; wildList.indexOf(symbol) != -1): null

2019-08-24 12:19:11 - [TEST_STEP][PASSED] - if (i == 4 &amp;&amp; wildList.indexOf(symbol) != -1): null

2019-08-24 12:19:11 - [TEST_STEP][PASSED] - symbol = symbol: null

2019-08-24 12:19:11 - [TEST_STEP][PASSED] - println(symbol): null

2019-08-24 12:19:11 - [TEST_STEP][PASSED] - if (i == 2 &amp;&amp; wildList.indexOf(symbol) != -1): null

2019-08-24 12:19:11 - [TEST_STEP][PASSED] - if (i == 3 &amp;&amp; wildList.indexOf(symbol) != -1): null

2019-08-24 12:19:11 - [TEST_STEP][PASSED] - if (i == 4 &amp;&amp; wildList.indexOf(symbol) != -1): null

2019-08-24 12:19:11 - [TEST_STEP][PASSED] - symbol = symbol: null

2019-08-24 12:19:11 - [TEST_STEP][PASSED] - println(symbol): null

2019-08-24 12:19:11 - [TEST_STEP][PASSED] - if (i == 2 &amp;&amp; wildList.indexOf(symbol) != -1): null

2019-08-24 12:19:11 - [TEST_STEP][PASSED] - println("wild found on reel 3, adding counter by 1"): null

2019-08-24 12:19:11 - [TEST_STEP][PASSED] - free_spin_reel_counter[0] = free_spin_reel_counter[0] + 1: null

2019-08-24 12:19:11 - [TEST_STEP][PASSED] - if (i == 3 &amp;&amp; wildList.indexOf(symbol) != -1): null

2019-08-24 12:19:11 - [TEST_STEP][PASSED] - if (i == 4 &amp;&amp; wildList.indexOf(symbol) != -1): null

2019-08-24 12:19:11 - [TEST_STEP][PASSED] - symbols = symbols: null

2019-08-24 12:19:11 - [TEST_STEP][PASSED] - for ([j = 0, j &lt; symbols.size(), (j++)]): null

2019-08-24 12:19:11 - [TEST_STEP][PASSED] - symbol = symbol: null

2019-08-24 12:19:11 - [TEST_STEP][PASSED] - println(symbol): null

2019-08-24 12:19:11 - [TEST_STEP][PASSED] - if (i == 2 &amp;&amp; wildList.indexOf(symbol) != -1): null

2019-08-24 12:19:11 - [TEST_STEP][PASSED] - if (i == 3 &amp;&amp; wildList.indexOf(symbol) != -1): null

2019-08-24 12:19:11 - [TEST_STEP][PASSED] - if (i == 4 &amp;&amp; wildList.indexOf(symbol) != -1): null

2019-08-24 12:19:11 - [TEST_STEP][PASSED] - symbol = symbol: null

2019-08-24 12:19:11 - [TEST_STEP][PASSED] - println(symbol): null

2019-08-24 12:19:11 - [TEST_STEP][PASSED] - if (i == 2 &amp;&amp; wildList.indexOf(symbol) != -1): null

2019-08-24 12:19:11 - [TEST_STEP][PASSED] - if (i == 3 &amp;&amp; wildList.indexOf(symbol) != -1): null

2019-08-24 12:19:11 - [TEST_STEP][PASSED] - if (i == 4 &amp;&amp; wildList.indexOf(symbol) != -1): null

2019-08-24 12:19:11 - [TEST_STEP][PASSED] - symbol = symbol: null

2019-08-24 12:19:11 - [TEST_STEP][PASSED] - println(symbol): null

2019-08-24 12:19:11 - [TEST_STEP][PASSED] - if (i == 2 &amp;&amp; wildList.indexOf(symbol) != -1): null

2019-08-24 12:19:11 - [TEST_STEP][PASSED] - if (i == 3 &amp;&amp; wildList.indexOf(symbol) != -1): null

2019-08-24 12:19:11 - [TEST_STEP][PASSED] - if (i == 4 &amp;&amp; wildList.indexOf(symbol) != -1): null

2019-08-24 12:19:11 - [TEST_STEP][PASSED] - symbols = symbols: null

2019-08-24 12:19:11 - [TEST_STEP][PASSED] - for ([j = 0, j &lt; symbols.size(), (j++)]): null

2019-08-24 12:19:11 - [TEST_STEP][PASSED] - symbol = symbol: null

2019-08-24 12:19:11 - [TEST_STEP][PASSED] - println(symbol): null

2019-08-24 12:19:11 - [TEST_STEP][PASSED] - if (i == 2 &amp;&amp; wildList.indexOf(symbol) != -1): null

2019-08-24 12:19:11 - [TEST_STEP][PASSED] - if (i == 3 &amp;&amp; wildList.indexOf(symbol) != -1): null

2019-08-24 12:19:11 - [TEST_STEP][PASSED] - if (i == 4 &amp;&amp; wildList.indexOf(symbol) != -1): null

2019-08-24 12:19:11 - [TEST_STEP][PASSED] - symbol = symbol: null

2019-08-24 12:19:11 - [TEST_STEP][PASSED] - println(symbol): null

2019-08-24 12:19:11 - [TEST_STEP][PASSED] - if (i == 2 &amp;&amp; wildList.indexOf(symbol) != -1): null

2019-08-24 12:19:11 - [TEST_STEP][PASSED] - if (i == 3 &amp;&amp; wildList.indexOf(symbol) != -1): null

2019-08-24 12:19:11 - [TEST_STEP][PASSED] - if (i == 4 &amp;&amp; wildList.indexOf(symbol) != -1): null

2019-08-24 12:19:11 - [TEST_STEP][PASSED] - symbol = symbol: null

2019-08-24 12:19:11 - [TEST_STEP][PASSED] - println(symbol): null

2019-08-24 12:19:11 - [TEST_STEP][PASSED] - if (i == 2 &amp;&amp; wildList.indexOf(symbol) != -1): null

2019-08-24 12:19:11 - [TEST_STEP][PASSED] - if (i == 3 &amp;&amp; wildList.indexOf(symbol) != -1): null

2019-08-24 12:19:11 - [TEST_STEP][PASSED] - if (i == 4 &amp;&amp; wildList.indexOf(symbol) != -1): null

2019-08-24 12:19:11 - [TEST_STEP][PASSED] - free_spin_reel_counter = free_spin_reel_counter: null

2019-08-24 12:19:11 - [TEST_STEP][PASSED] - println("reel 3 wild found: " + free_spin_reel_counter[0]): null

2019-08-24 12:19:11 - [TEST_STEP][PASSED] - println("reel 4 wild found: " + free_spin_reel_counter[1]): null

2019-08-24 12:19:11 - [TEST_STEP][PASSED] - println("reel 5 wild found: " + free_spin_reel_counter[2]): null

2019-08-24 12:19:11 - [TEST_STEP][PASSED] - M4_spin_reels = M4_spin_reels: null

2019-08-24 12:19:11 - [TEST_STEP][PASSED] - M4_spin_reels_symbols = symbol: null

2019-08-24 12:19:11 - [TEST_STEP][PASSED] - M4_spin_reels_symbols = M4_spin_reels_symbols: null

2019-08-24 12:19:11 - [TEST_STEP][PASSED] - M4_spin_reel_wins = reel_wins: null

2019-08-24 12:19:11 - [TEST_STEP][PASSED] - M4_spin_reel_wins = M4_spin_reel_wins: null

2019-08-24 12:19:11 - [TEST_STEP][PASSED] - println("GlobalVariable.M4_spin_reel_wins is: " + M4_spin_reel_wins): null

2019-08-24 12:19:11 - [TEST_STEP][PASSED] - M4_spin_total_bonus_win_this_round = total_bonus_win_this_round: null

2019-08-24 12:19:11 - [TEST_STEP][PASSED] - M4_spin_total_bonus_win_this_round = M4_spin_total_bonus_win_this_round: null

2019-08-24 12:19:11 - [TEST_STEP][PASSED] - println("GlobalVariable.M4_spin_total_bonus_win_this_round is: " + M4_spin_total_bonus_win_this_round): null

2019-08-24 12:19:11 - [TEST_STEP][PASSED] - M4_spin_bonus_spin_result = spin_result: null

2019-08-24 12:19:11 - [TEST_STEP][PASSED] - M4_spin_bonus_spin_result = M4_spin_bonus_spin_result: null

2019-08-24 12:19:11 - [MESSAGE][PASSED] - Verify response successfully

2019-08-24 12:19:11 - [MESSAGE][PASSED] - Send request and verify the response successfully

2019-08-24 12:19:11 - [TEST_STEP][PASSED] - if (M4_total_bonus_spins_int != 0 &amp;&amp; M4_spin_reels_symbols[2].contains("WILD_ExtraFG") || M4_spin_reels_symbols[3].contains("WILD_ExtraFG")): null

2019-08-24 12:19:11 - [TEST_STEP][PASSED] - free_spin_reel_counter = free_spin_reel_counter: null

2019-08-24 12:19:11 - [TEST_STEP][PASSED] - M4_spin_reels_symbols = M4_spin_reels_symbols: null

2019-08-24 12:19:11 - [TEST_STEP][PASSED] - M4_total_bonus_spins = M4_total_bonus_spins: null

2019-08-24 12:19:11 - [TEST_STEP][PASSED] - spin_result = sendRequestAndVerify(findTestObject("INT/RGS(M4)/1_M4_spin", ["M4_login_user_id":M4_login_user_id, "rgs_session_token":rgs_session_token, "partner":Partner])): Send request and verify the response successfully

2019-08-24 12:19:12 - [MESSAGE][INFO] - HAR: /Users/eiralee/Katalon_Script/SuperWild/Reports/20190824_120919/INT/superWild_3/20190824_120919/requests/main/166.har

2019-08-24 12:19:12 - [TEST_CASE][PASSED] - Start Test Case : Verification: Verification accomplished successfully

2019-08-24 12:19:12 - [TEST_STEP][PASSED] - request = getInstance().getCurrentRequest(): null

2019-08-24 12:19:12 - [TEST_STEP][PASSED] - response = getInstance().getCurrentResponse(): null

2019-08-24 12:19:12 - [TEST_STEP][PASSED] - verifyResponseStatusCode(response, 200): Verify response status code successfully

2019-08-24 12:19:12 - [MESSAGE][PASSED] - Verify response status code successfully

2019-08-24 12:19:12 - [TEST_STEP][PASSED] - getStatusCode()).isEqualTo(200): null

2019-08-24 12:19:12 - [TEST_STEP][PASSED] - newline = System.getProperty("line.separator"): null

2019-08-24 12:19:12 - [TEST_STEP][PASSED] - M4_spin = new groovy.json.JsonSlurper(): null

2019-08-24 12:19:12 - [TEST_STEP][PASSED] - result_M4_spin = M4_spin.parseText(response.getResponseBodyContent()): null

2019-08-24 12:19:12 - [TEST_STEP][PASSED] - M4_spin_current_balance = current_balance: null

2019-08-24 12:19:12 - [TEST_STEP][PASSED] - M4_spin_current_balance = M4_spin_current_balance: null

2019-08-24 12:19:12 - [TEST_STEP][PASSED] - M4_spin_transaction_id = causality: null

2019-08-24 12:19:12 - [TEST_STEP][PASSED] - M4_spin_transaction_id = M4_spin_transaction_id: null

2019-08-24 12:19:12 - [TEST_STEP][PASSED] - M4_spin_round_id = round_id: null

2019-08-24 12:19:12 - [TEST_STEP][PASSED] - M4_spin_round_id = M4_spin_round_id: null

2019-08-24 12:19:12 - [TEST_STEP][PASSED] - M4_spin_line_wins = line_wins: null

2019-08-24 12:19:12 - [TEST_STEP][PASSED] - M4_spin_line_wins = M4_spin_line_wins: null

2019-08-24 12:19:12 - [TEST_STEP][PASSED] - M4_total_bonus_spins_int = total_bonus_spins: null

2019-08-24 12:19:12 - [TEST_STEP][PASSED] - println("******M4_total_bonus_spins type is:*******" + newline + getClass().getName()): null

2019-08-24 12:19:12 - [TEST_STEP][PASSED] - M4_total_bonus_spins_int = M4_total_bonus_spins_int: null

2019-08-24 12:19:12 - [TEST_STEP][PASSED] - M4_total_bonus_spins = Integer.toString(M4_total_bonus_spins_int): null

2019-08-24 12:19:12 - [TEST_STEP][PASSED] - M4_total_bonus_spins = M4_total_bonus_spins: null

2019-08-24 12:19:12 - [TEST_STEP][PASSED] - println("M4_total_bonus_spins is:" + M4_total_bonus_spins): null

2019-08-24 12:19:12 - [TEST_STEP][PASSED] - M4_spin_bonus_data = bonus_data: null

2019-08-24 12:19:12 - [TEST_STEP][PASSED] - M4_spin_features_triggered = result_M4_spin: null

2019-08-24 12:19:12 - [TEST_STEP][PASSED] - wild = []: null

2019-08-24 12:19:12 - [TEST_STEP][PASSED] - wild[0] = "WILD_Expanding": null

2019-08-24 12:19:12 - [TEST_STEP][PASSED] - wild[1] = "WILD_Normal": null

2019-08-24 12:19:15 - [TEST_STEP][PASSED] - wild[2] = "WILD_Double": null

2019-08-24 12:19:15 - [TEST_STEP][PASSED] - wild[3] = "WILD_ExtraFG": null

2019-08-24 12:19:15 - [TEST_STEP][PASSED] - wild[4] = "WILD_Triple": null

2019-08-24 12:19:15 - [TEST_STEP][PASSED] - wildList = Arrays.asList(wild): null

2019-08-24 12:19:15 - [TEST_STEP][PASSED] - wildList = wildList: null

2019-08-24 12:19:15 - [TEST_STEP][PASSED] - free_spin_reel_counter = []: null

2019-08-24 12:19:15 - [TEST_STEP][PASSED] - free_spin_reel_counter[0] = 0: null

2019-08-24 12:19:15 - [TEST_STEP][PASSED] - free_spin_reel_counter[1] = 0: null

2019-08-24 12:19:15 - [TEST_STEP][PASSED] - free_spin_reel_counter[2] = 0: null

2019-08-24 12:19:15 - [TEST_STEP][PASSED] - M4_spin_reels = reels: null

2019-08-24 12:19:15 - [TEST_STEP][PASSED] - for ([i = 0, i &lt; M4_spin_reels.size(), (i++)]): null

2019-08-24 12:19:18 - [TEST_STEP][PASSED] - symbols = symbols: null

2019-08-24 12:19:18 - [TEST_STEP][PASSED] - for ([j = 0, j &lt; symbols.size(), (j++)]): null

2019-08-24 12:19:18 - [TEST_STEP][PASSED] - symbol = symbol: null

2019-08-24 12:19:18 - [TEST_STEP][PASSED] - println(symbol): null

2019-08-24 12:19:18 - [TEST_STEP][PASSED] - if (i == 2 &amp;&amp; wildList.indexOf(symbol) != -1): null

2019-08-24 12:19:18 - [TEST_STEP][PASSED] - if (i == 3 &amp;&amp; wildList.indexOf(symbol) != -1): null

2019-08-24 12:19:18 - [TEST_STEP][PASSED] - if (i == 4 &amp;&amp; wildList.indexOf(symbol) != -1): null

2019-08-24 12:19:18 - [TEST_STEP][PASSED] - symbol = symbol: null

2019-08-24 12:19:18 - [TEST_STEP][PASSED] - println(symbol): null

2019-08-24 12:19:18 - [TEST_STEP][PASSED] - if (i == 2 &amp;&amp; wildList.indexOf(symbol) != -1): null

2019-08-24 12:19:18 - [TEST_STEP][PASSED] - if (i == 3 &amp;&amp; wildList.indexOf(symbol) != -1): null

2019-08-24 12:19:18 - [TEST_STEP][PASSED] - if (i == 4 &amp;&amp; wildList.indexOf(symbol) != -1): null

2019-08-24 12:19:18 - [TEST_STEP][PASSED] - symbol = symbol: null

2019-08-24 12:19:18 - [TEST_STEP][PASSED] - println(symbol): null

2019-08-24 12:19:18 - [TEST_STEP][PASSED] - if (i == 2 &amp;&amp; wildList.indexOf(symbol) != -1): null

2019-08-24 12:19:18 - [TEST_STEP][PASSED] - if (i == 3 &amp;&amp; wildList.indexOf(symbol) != -1): null

2019-08-24 12:19:18 - [TEST_STEP][PASSED] - if (i == 4 &amp;&amp; wildList.indexOf(symbol) != -1): null

2019-08-24 12:19:18 - [TEST_STEP][PASSED] - symbols = symbols: null

2019-08-24 12:19:18 - [TEST_STEP][PASSED] - for ([j = 0, j &lt; symbols.size(), (j++)]): null

2019-08-24 12:19:18 - [TEST_STEP][PASSED] - symbol = symbol: null

2019-08-24 12:19:18 - [TEST_STEP][PASSED] - println(symbol): null

2019-08-24 12:19:18 - [TEST_STEP][PASSED] - if (i == 2 &amp;&amp; wildList.indexOf(symbol) != -1): null

2019-08-24 12:19:18 - [TEST_STEP][PASSED] - if (i == 3 &amp;&amp; wildList.indexOf(symbol) != -1): null

2019-08-24 12:19:18 - [TEST_STEP][PASSED] - if (i == 4 &amp;&amp; wildList.indexOf(symbol) != -1): null

2019-08-24 12:19:18 - [TEST_STEP][PASSED] - symbol = symbol: null

2019-08-24 12:19:18 - [TEST_STEP][PASSED] - println(symbol): null

2019-08-24 12:19:18 - [TEST_STEP][PASSED] - if (i == 2 &amp;&amp; wildList.indexOf(symbol) != -1): null

2019-08-24 12:19:18 - [TEST_STEP][PASSED] - if (i == 3 &amp;&amp; wildList.indexOf(symbol) != -1): null

2019-08-24 12:19:18 - [TEST_STEP][PASSED] - if (i == 4 &amp;&amp; wildList.indexOf(symbol) != -1): null

2019-08-24 12:19:18 - [TEST_STEP][PASSED] - symbol = symbol: null

2019-08-24 12:19:18 - [TEST_STEP][PASSED] - println(symbol): null

2019-08-24 12:19:18 - [TEST_STEP][PASSED] - if (i == 2 &amp;&amp; wildList.indexOf(symbol) != -1): null

2019-08-24 12:19:18 - [TEST_STEP][PASSED] - if (i == 3 &amp;&amp; wildList.indexOf(symbol) != -1): null

2019-08-24 12:19:18 - [TEST_STEP][PASSED] - if (i == 4 &amp;&amp; wildList.indexOf(symbol) != -1): null

2019-08-24 12:19:18 - [TEST_STEP][PASSED] - symbols = symbols: null

2019-08-24 12:19:18 - [TEST_STEP][PASSED] - for ([j = 0, j &lt; symbols.size(), (j++)]): null

2019-08-24 12:19:18 - [TEST_STEP][PASSED] - symbol = symbol: null

2019-08-24 12:19:18 - [TEST_STEP][PASSED] - println(symbol): null

2019-08-24 12:19:18 - [TEST_STEP][PASSED] - if (i == 2 &amp;&amp; wildList.indexOf(symbol) != -1): null

2019-08-24 12:19:18 - [TEST_STEP][PASSED] - if (i == 3 &amp;&amp; wildList.indexOf(symbol) != -1): null

2019-08-24 12:19:18 - [TEST_STEP][PASSED] - if (i == 4 &amp;&amp; wildList.indexOf(symbol) != -1): null

2019-08-24 12:19:18 - [TEST_STEP][PASSED] - symbol = symbol: null

2019-08-24 12:19:18 - [TEST_STEP][PASSED] - println(symbol): null

2019-08-24 12:19:18 - [TEST_STEP][PASSED] - if (i == 2 &amp;&amp; wildList.indexOf(symbol) != -1): null

2019-08-24 12:19:18 - [TEST_STEP][PASSED] - if (i == 3 &amp;&amp; wildList.indexOf(symbol) != -1): null

2019-08-24 12:19:18 - [TEST_STEP][PASSED] - if (i == 4 &amp;&amp; wildList.indexOf(symbol) != -1): null

2019-08-24 12:19:18 - [TEST_STEP][PASSED] - symbol = symbol: null

2019-08-24 12:19:18 - [TEST_STEP][PASSED] - println(symbol): null

2019-08-24 12:19:18 - [TEST_STEP][PASSED] - if (i == 2 &amp;&amp; wildList.indexOf(symbol) != -1): null

2019-08-24 12:19:18 - [TEST_STEP][PASSED] - if (i == 3 &amp;&amp; wildList.indexOf(symbol) != -1): null

2019-08-24 12:19:18 - [TEST_STEP][PASSED] - if (i == 4 &amp;&amp; wildList.indexOf(symbol) != -1): null

2019-08-24 12:19:18 - [TEST_STEP][PASSED] - symbols = symbols: null

2019-08-24 12:19:18 - [TEST_STEP][PASSED] - for ([j = 0, j &lt; symbols.size(), (j++)]): null

2019-08-24 12:19:18 - [TEST_STEP][PASSED] - symbol = symbol: null

2019-08-24 12:19:18 - [TEST_STEP][PASSED] - println(symbol): null

2019-08-24 12:19:18 - [TEST_STEP][PASSED] - if (i == 2 &amp;&amp; wildList.indexOf(symbol) != -1): null

2019-08-24 12:19:18 - [TEST_STEP][PASSED] - if (i == 3 &amp;&amp; wildList.indexOf(symbol) != -1): null

2019-08-24 12:19:18 - [TEST_STEP][PASSED] - if (i == 4 &amp;&amp; wildList.indexOf(symbol) != -1): null

2019-08-24 12:19:18 - [TEST_STEP][PASSED] - symbol = symbol: null

2019-08-24 12:19:18 - [TEST_STEP][PASSED] - println(symbol): null

2019-08-24 12:19:18 - [TEST_STEP][PASSED] - if (i == 2 &amp;&amp; wildList.indexOf(symbol) != -1): null

2019-08-24 12:19:18 - [TEST_STEP][PASSED] - if (i == 3 &amp;&amp; wildList.indexOf(symbol) != -1): null

2019-08-24 12:19:18 - [TEST_STEP][PASSED] - if (i == 4 &amp;&amp; wildList.indexOf(symbol) != -1): null

2019-08-24 12:19:18 - [TEST_STEP][PASSED] - symbol = symbol: null

2019-08-24 12:19:18 - [TEST_STEP][PASSED] - println(symbol): null

2019-08-24 12:19:18 - [TEST_STEP][PASSED] - if (i == 2 &amp;&amp; wildList.indexOf(symbol) != -1): null

2019-08-24 12:19:18 - [TEST_STEP][PASSED] - if (i == 3 &amp;&amp; wildList.indexOf(symbol) != -1): null

2019-08-24 12:19:18 - [TEST_STEP][PASSED] - if (i == 4 &amp;&amp; wildList.indexOf(symbol) != -1): null

2019-08-24 12:19:18 - [TEST_STEP][PASSED] - symbols = symbols: null

2019-08-24 12:19:18 - [TEST_STEP][PASSED] - for ([j = 0, j &lt; symbols.size(), (j++)]): null

2019-08-24 12:19:18 - [TEST_STEP][PASSED] - symbol = symbol: null

2019-08-24 12:19:18 - [TEST_STEP][PASSED] - println(symbol): null

2019-08-24 12:19:18 - [TEST_STEP][PASSED] - if (i == 2 &amp;&amp; wildList.indexOf(symbol) != -1): null

2019-08-24 12:19:18 - [TEST_STEP][PASSED] - if (i == 3 &amp;&amp; wildList.indexOf(symbol) != -1): null

2019-08-24 12:19:18 - [TEST_STEP][PASSED] - if (i == 4 &amp;&amp; wildList.indexOf(symbol) != -1): null

2019-08-24 12:19:18 - [TEST_STEP][PASSED] - symbol = symbol: null

2019-08-24 12:19:18 - [TEST_STEP][PASSED] - println(symbol): null

2019-08-24 12:19:18 - [TEST_STEP][PASSED] - if (i == 2 &amp;&amp; wildList.indexOf(symbol) != -1): null

2019-08-24 12:19:18 - [TEST_STEP][PASSED] - if (i == 3 &amp;&amp; wildList.indexOf(symbol) != -1): null

2019-08-24 12:19:18 - [TEST_STEP][PASSED] - if (i == 4 &amp;&amp; wildList.indexOf(symbol) != -1): null

2019-08-24 12:19:18 - [TEST_STEP][PASSED] - symbol = symbol: null

2019-08-24 12:19:18 - [TEST_STEP][PASSED] - println(symbol): null

2019-08-24 12:19:18 - [TEST_STEP][PASSED] - if (i == 2 &amp;&amp; wildList.indexOf(symbol) != -1): null

2019-08-24 12:19:18 - [TEST_STEP][PASSED] - if (i == 3 &amp;&amp; wildList.indexOf(symbol) != -1): null

2019-08-24 12:19:18 - [TEST_STEP][PASSED] - if (i == 4 &amp;&amp; wildList.indexOf(symbol) != -1): null

2019-08-24 12:19:18 - [TEST_STEP][PASSED] - println("wild found on reel 5, adding counter by 1"): null

2019-08-24 12:19:18 - [TEST_STEP][PASSED] - free_spin_reel_counter[2] = free_spin_reel_counter[2] + 1: null

2019-08-24 12:19:18 - [TEST_STEP][PASSED] - free_spin_reel_counter = free_spin_reel_counter: null

2019-08-24 12:19:18 - [TEST_STEP][PASSED] - println("reel 3 wild found: " + free_spin_reel_counter[0]): null

2019-08-24 12:19:18 - [TEST_STEP][PASSED] - println("reel 4 wild found: " + free_spin_reel_counter[1]): null

2019-08-24 12:19:18 - [TEST_STEP][PASSED] - println("reel 5 wild found: " + free_spin_reel_counter[2]): null

2019-08-24 12:19:18 - [TEST_STEP][PASSED] - M4_spin_reels = M4_spin_reels: null

2019-08-24 12:19:18 - [TEST_STEP][PASSED] - M4_spin_reels_symbols = symbol: null

2019-08-24 12:19:18 - [TEST_STEP][PASSED] - M4_spin_reels_symbols = M4_spin_reels_symbols: null

2019-08-24 12:19:18 - [TEST_STEP][PASSED] - M4_spin_reel_wins = reel_wins: null

2019-08-24 12:19:18 - [TEST_STEP][PASSED] - M4_spin_reel_wins = M4_spin_reel_wins: null

2019-08-24 12:19:18 - [TEST_STEP][PASSED] - println("GlobalVariable.M4_spin_reel_wins is: " + M4_spin_reel_wins): null

2019-08-24 12:19:18 - [TEST_STEP][PASSED] - M4_spin_total_bonus_win_this_round = total_bonus_win_this_round: null

2019-08-24 12:19:18 - [TEST_STEP][PASSED] - M4_spin_total_bonus_win_this_round = M4_spin_total_bonus_win_this_round: null

2019-08-24 12:19:18 - [TEST_STEP][PASSED] - println("GlobalVariable.M4_spin_total_bonus_win_this_round is: " + M4_spin_total_bonus_win_this_round): null

2019-08-24 12:19:18 - [TEST_STEP][PASSED] - M4_spin_bonus_spin_result = spin_result: null

2019-08-24 12:19:18 - [TEST_STEP][PASSED] - M4_spin_bonus_spin_result = M4_spin_bonus_spin_result: null

2019-08-24 12:19:18 - [MESSAGE][PASSED] - Verify response successfully

2019-08-24 12:19:18 - [MESSAGE][PASSED] - Send request and verify the response successfully

2019-08-24 12:19:18 - [TEST_STEP][PASSED] - if (M4_total_bonus_spins_int != 0 &amp;&amp; M4_spin_reels_symbols[2].contains("WILD_ExtraFG") || M4_spin_reels_symbols[3].contains("WILD_ExtraFG")): null

2019-08-24 12:19:18 - [TEST_STEP][PASSED] - free_spin_reel_counter = free_spin_reel_counter: null

2019-08-24 12:19:18 - [TEST_STEP][PASSED] - M4_spin_reels_symbols = M4_spin_reels_symbols: null

2019-08-24 12:19:18 - [TEST_STEP][PASSED] - M4_total_bonus_spins = M4_total_bonus_spins: null

2019-08-24 12:19:18 - [TEST_STEP][PASSED] - spin_result = sendRequestAndVerify(findTestObject("INT/RGS(M4)/1_M4_spin", ["M4_login_user_id":M4_login_user_id, "rgs_session_token":rgs_session_token, "partner":Partner])): Send request and verify the response successfully

2019-08-24 12:19:18 - [MESSAGE][INFO] - HAR: /Users/eiralee/Katalon_Script/SuperWild/Reports/20190824_120919/INT/superWild_3/20190824_120919/requests/main/167.har

2019-08-24 12:19:19 - [TEST_CASE][PASSED] - Start Test Case : Verification: Verification accomplished successfully

2019-08-24 12:19:19 - [TEST_STEP][PASSED] - request = getInstance().getCurrentRequest(): null

2019-08-24 12:19:19 - [TEST_STEP][PASSED] - response = getInstance().getCurrentResponse(): null

2019-08-24 12:19:19 - [TEST_STEP][PASSED] - verifyResponseStatusCode(response, 200): Verify response status code successfully

2019-08-24 12:19:19 - [MESSAGE][PASSED] - Verify response status code successfully

2019-08-24 12:19:19 - [TEST_STEP][PASSED] - getStatusCode()).isEqualTo(200): null

2019-08-24 12:19:19 - [TEST_STEP][PASSED] - newline = System.getProperty("line.separator"): null

2019-08-24 12:19:19 - [TEST_STEP][PASSED] - M4_spin = new groovy.json.JsonSlurper(): null

2019-08-24 12:19:19 - [TEST_STEP][PASSED] - result_M4_spin = M4_spin.parseText(response.getResponseBodyContent()): null

2019-08-24 12:19:19 - [TEST_STEP][PASSED] - M4_spin_current_balance = current_balance: null

2019-08-24 12:19:19 - [TEST_STEP][PASSED] - M4_spin_current_balance = M4_spin_current_balance: null

2019-08-24 12:19:19 - [TEST_STEP][PASSED] - M4_spin_transaction_id = causality: null

2019-08-24 12:19:19 - [TEST_STEP][PASSED] - M4_spin_transaction_id = M4_spin_transaction_id: null

2019-08-24 12:19:19 - [TEST_STEP][PASSED] - M4_spin_round_id = round_id: null

2019-08-24 12:19:19 - [TEST_STEP][PASSED] - M4_spin_round_id = M4_spin_round_id: null

2019-08-24 12:19:19 - [TEST_STEP][PASSED] - M4_spin_line_wins = line_wins: null

2019-08-24 12:19:19 - [TEST_STEP][PASSED] - M4_spin_line_wins = M4_spin_line_wins: null

2019-08-24 12:19:19 - [TEST_STEP][PASSED] - M4_total_bonus_spins_int = total_bonus_spins: null

2019-08-24 12:19:19 - [TEST_STEP][PASSED] - println("******M4_total_bonus_spins type is:*******" + newline + getClass().getName()): null

2019-08-24 12:19:19 - [TEST_STEP][PASSED] - M4_total_bonus_spins_int = M4_total_bonus_spins_int: null

2019-08-24 12:19:19 - [TEST_STEP][PASSED] - M4_total_bonus_spins = Integer.toString(M4_total_bonus_spins_int): null

2019-08-24 12:19:19 - [TEST_STEP][PASSED] - M4_total_bonus_spins = M4_total_bonus_spins: null

2019-08-24 12:19:19 - [TEST_STEP][PASSED] - println("M4_total_bonus_spins is:" + M4_total_bonus_spins): null

2019-08-24 12:19:19 - [TEST_STEP][PASSED] - M4_spin_bonus_data = bonus_data: null

2019-08-24 12:19:19 - [TEST_STEP][PASSED] - M4_spin_features_triggered = result_M4_spin: null

2019-08-24 12:19:19 - [TEST_STEP][PASSED] - wild = []: null

2019-08-24 12:19:19 - [TEST_STEP][PASSED] - wild[0] = "WILD_Expanding": null

2019-08-24 12:19:19 - [TEST_STEP][PASSED] - wild[1] = "WILD_Normal": null

2019-08-24 12:19:19 - [TEST_STEP][PASSED] - wild[2] = "WILD_Double": null

2019-08-24 12:19:19 - [TEST_STEP][PASSED] - wild[3] = "WILD_ExtraFG": null

2019-08-24 12:19:19 - [TEST_STEP][PASSED] - wild[4] = "WILD_Triple": null

2019-08-24 12:19:19 - [TEST_STEP][PASSED] - wildList = Arrays.asList(wild): null

2019-08-24 12:19:19 - [TEST_STEP][PASSED] - wildList = wildList: null

2019-08-24 12:19:19 - [TEST_STEP][PASSED] - free_spin_reel_counter = []: null

2019-08-24 12:19:19 - [TEST_STEP][PASSED] - free_spin_reel_counter[0] = 0: null

2019-08-24 12:19:19 - [TEST_STEP][PASSED] - free_spin_reel_counter[1] = 0: null

2019-08-24 12:19:19 - [TEST_STEP][PASSED] - free_spin_reel_counter[2] = 0: null

2019-08-24 12:19:19 - [TEST_STEP][PASSED] - M4_spin_reels = reels: null

2019-08-24 12:19:19 - [TEST_STEP][PASSED] - for ([i = 0, i &lt; M4_spin_reels.size(), (i++)]): null

2019-08-24 12:19:19 - [TEST_STEP][PASSED] - symbols = symbols: null

2019-08-24 12:19:19 - [TEST_STEP][PASSED] - for ([j = 0, j &lt; symbols.size(), (j++)]): null

2019-08-24 12:19:19 - [TEST_STEP][PASSED] - symbol = symbol: null

2019-08-24 12:19:19 - [TEST_STEP][PASSED] - println(symbol): null

2019-08-24 12:19:19 - [TEST_STEP][PASSED] - if (i == 2 &amp;&amp; wildList.indexOf(symbol) != -1): null

2019-08-24 12:19:19 - [TEST_STEP][PASSED] - if (i == 3 &amp;&amp; wildList.indexOf(symbol) != -1): null

2019-08-24 12:19:19 - [TEST_STEP][PASSED] - if (i == 4 &amp;&amp; wildList.indexOf(symbol) != -1): null

2019-08-24 12:19:19 - [TEST_STEP][PASSED] - symbol = symbol: null

2019-08-24 12:19:19 - [TEST_STEP][PASSED] - println(symbol): null

2019-08-24 12:19:19 - [TEST_STEP][PASSED] - if (i == 2 &amp;&amp; wildList.indexOf(symbol) != -1): null

2019-08-24 12:19:19 - [TEST_STEP][PASSED] - if (i == 3 &amp;&amp; wildList.indexOf(symbol) != -1): null

2019-08-24 12:19:19 - [TEST_STEP][PASSED] - if (i == 4 &amp;&amp; wildList.indexOf(symbol) != -1): null

2019-08-24 12:19:19 - [TEST_STEP][PASSED] - symbol = symbol: null

2019-08-24 12:19:19 - [TEST_STEP][PASSED] - println(symbol): null

2019-08-24 12:19:19 - [TEST_STEP][PASSED] - if (i == 2 &amp;&amp; wildList.indexOf(symbol) != -1): null

2019-08-24 12:19:19 - [TEST_STEP][PASSED] - if (i == 3 &amp;&amp; wildList.indexOf(symbol) != -1): null

2019-08-24 12:19:19 - [TEST_STEP][PASSED] - if (i == 4 &amp;&amp; wildList.indexOf(symbol) != -1): null

2019-08-24 12:19:19 - [TEST_STEP][PASSED] - symbols = symbols: null

2019-08-24 12:19:19 - [TEST_STEP][PASSED] - for ([j = 0, j &lt; symbols.size(), (j++)]): null

2019-08-24 12:19:19 - [TEST_STEP][PASSED] - symbol = symbol: null

2019-08-24 12:19:19 - [TEST_STEP][PASSED] - println(symbol): null

2019-08-24 12:19:19 - [TEST_STEP][PASSED] - if (i == 2 &amp;&amp; wildList.indexOf(symbol) != -1): null

2019-08-24 12:19:19 - [TEST_STEP][PASSED] - if (i == 3 &amp;&amp; wildList.indexOf(symbol) != -1): null

2019-08-24 12:19:19 - [TEST_STEP][PASSED] - if (i == 4 &amp;&amp; wildList.indexOf(symbol) != -1): null

2019-08-24 12:19:19 - [TEST_STEP][PASSED] - symbol = symbol: null

2019-08-24 12:19:19 - [TEST_STEP][PASSED] - println(symbol): null

2019-08-24 12:19:19 - [TEST_STEP][PASSED] - if (i == 2 &amp;&amp; wildList.indexOf(symbol) != -1): null

2019-08-24 12:19:19 - [TEST_STEP][PASSED] - if (i == 3 &amp;&amp; wildList.indexOf(symbol) != -1): null

2019-08-24 12:19:19 - [TEST_STEP][PASSED] - if (i == 4 &amp;&amp; wildList.indexOf(symbol) != -1): null

2019-08-24 12:19:19 - [TEST_STEP][PASSED] - symbol = symbol: null

2019-08-24 12:19:19 - [TEST_STEP][PASSED] - println(symbol): null

2019-08-24 12:19:19 - [TEST_STEP][PASSED] - if (i == 2 &amp;&amp; wildList.indexOf(symbol) != -1): null

2019-08-24 12:19:19 - [TEST_STEP][PASSED] - if (i == 3 &amp;&amp; wildList.indexOf(symbol) != -1): null

2019-08-24 12:19:19 - [TEST_STEP][PASSED] - if (i == 4 &amp;&amp; wildList.indexOf(symbol) != -1): null

2019-08-24 12:19:19 - [TEST_STEP][PASSED] - symbols = symbols: null

2019-08-24 12:19:19 - [TEST_STEP][PASSED] - for ([j = 0, j &lt; symbols.size(), (j++)]): null

2019-08-24 12:19:19 - [TEST_STEP][PASSED] - symbol = symbol: null

2019-08-24 12:19:19 - [TEST_STEP][PASSED] - println(symbol): null

2019-08-24 12:19:19 - [TEST_STEP][PASSED] - if (i == 2 &amp;&amp; wildList.indexOf(symbol) != -1): null

2019-08-24 12:19:19 - [TEST_STEP][PASSED] - if (i == 3 &amp;&amp; wildList.indexOf(symbol) != -1): null

2019-08-24 12:19:19 - [TEST_STEP][PASSED] - if (i == 4 &amp;&amp; wildList.indexOf(symbol) != -1): null

2019-08-24 12:19:19 - [TEST_STEP][PASSED] - symbol = symbol: null

2019-08-24 12:19:19 - [TEST_STEP][PASSED] - println(symbol): null

2019-08-24 12:19:19 - [TEST_STEP][PASSED] - if (i == 2 &amp;&amp; wildList.indexOf(symbol) != -1): null

2019-08-24 12:19:19 - [TEST_STEP][PASSED] - if (i == 3 &amp;&amp; wildList.indexOf(symbol) != -1): null

2019-08-24 12:19:19 - [TEST_STEP][PASSED] - if (i == 4 &amp;&amp; wildList.indexOf(symbol) != -1): null

2019-08-24 12:19:19 - [TEST_STEP][PASSED] - symbol = symbol: null

2019-08-24 12:19:19 - [TEST_STEP][PASSED] - println(symbol): null

2019-08-24 12:19:19 - [TEST_STEP][PASSED] - if (i == 2 &amp;&amp; wildList.indexOf(symbol) != -1): null

2019-08-24 12:19:19 - [TEST_STEP][PASSED] - if (i == 3 &amp;&amp; wildList.indexOf(symbol) != -1): null

2019-08-24 12:19:19 - [TEST_STEP][PASSED] - if (i == 4 &amp;&amp; wildList.indexOf(symbol) != -1): null

2019-08-24 12:19:19 - [TEST_STEP][PASSED] - symbols = symbols: null

2019-08-24 12:19:19 - [TEST_STEP][PASSED] - for ([j = 0, j &lt; symbols.size(), (j++)]): null

2019-08-24 12:19:19 - [TEST_STEP][PASSED] - symbol = symbol: null

2019-08-24 12:19:19 - [TEST_STEP][PASSED] - println(symbol): null

2019-08-24 12:19:19 - [TEST_STEP][PASSED] - if (i == 2 &amp;&amp; wildList.indexOf(symbol) != -1): null

2019-08-24 12:19:19 - [TEST_STEP][PASSED] - if (i == 3 &amp;&amp; wildList.indexOf(symbol) != -1): null

2019-08-24 12:19:19 - [TEST_STEP][PASSED] - if (i == 4 &amp;&amp; wildList.indexOf(symbol) != -1): null

2019-08-24 12:19:19 - [TEST_STEP][PASSED] - symbol = symbol: null

2019-08-24 12:19:19 - [TEST_STEP][PASSED] - println(symbol): null

2019-08-24 12:19:19 - [TEST_STEP][PASSED] - if (i == 2 &amp;&amp; wildList.indexOf(symbol) != -1): null

2019-08-24 12:19:19 - [TEST_STEP][PASSED] - if (i == 3 &amp;&amp; wildList.indexOf(symbol) != -1): null

2019-08-24 12:19:19 - [TEST_STEP][PASSED] - if (i == 4 &amp;&amp; wildList.indexOf(symbol) != -1): null

2019-08-24 12:19:19 - [TEST_STEP][PASSED] - symbol = symbol: null

2019-08-24 12:19:19 - [TEST_STEP][PASSED] - println(symbol): null

2019-08-24 12:19:19 - [TEST_STEP][PASSED] - if (i == 2 &amp;&amp; wildList.indexOf(symbol) != -1): null

2019-08-24 12:19:19 - [TEST_STEP][PASSED] - if (i == 3 &amp;&amp; wildList.indexOf(symbol) != -1): null

2019-08-24 12:19:19 - [TEST_STEP][PASSED] - if (i == 4 &amp;&amp; wildList.indexOf(symbol) != -1): null

2019-08-24 12:19:19 - [TEST_STEP][PASSED] - symbols = symbols: null

2019-08-24 12:19:19 - [TEST_STEP][PASSED] - for ([j = 0, j &lt; symbols.size(), (j++)]): null

2019-08-24 12:19:19 - [TEST_STEP][PASSED] - symbol = symbol: null

2019-08-24 12:19:19 - [TEST_STEP][PASSED] - println(symbol): null

2019-08-24 12:19:19 - [TEST_STEP][PASSED] - if (i == 2 &amp;&amp; wildList.indexOf(symbol) != -1): null

2019-08-24 12:19:19 - [TEST_STEP][PASSED] - if (i == 3 &amp;&amp; wildList.indexOf(symbol) != -1): null

2019-08-24 12:19:19 - [TEST_STEP][PASSED] - if (i == 4 &amp;&amp; wildList.indexOf(symbol) != -1): null

2019-08-24 12:19:19 - [TEST_STEP][PASSED] - symbol = symbol: null

2019-08-24 12:19:19 - [TEST_STEP][PASSED] - println(symbol): null

2019-08-24 12:19:19 - [TEST_STEP][PASSED] - if (i == 2 &amp;&amp; wildList.indexOf(symbol) != -1): null

2019-08-24 12:19:19 - [TEST_STEP][PASSED] - if (i == 3 &amp;&amp; wildList.indexOf(symbol) != -1): null

2019-08-24 12:19:19 - [TEST_STEP][PASSED] - if (i == 4 &amp;&amp; wildList.indexOf(symbol) != -1): null

2019-08-24 12:19:19 - [TEST_STEP][PASSED] - symbol = symbol: null

2019-08-24 12:19:19 - [TEST_STEP][PASSED] - println(symbol): null

2019-08-24 12:19:19 - [TEST_STEP][PASSED] - if (i == 2 &amp;&amp; wildList.indexOf(symbol) != -1): null

2019-08-24 12:19:19 - [TEST_STEP][PASSED] - if (i == 3 &amp;&amp; wildList.indexOf(symbol) != -1): null

2019-08-24 12:19:19 - [TEST_STEP][PASSED] - if (i == 4 &amp;&amp; wildList.indexOf(symbol) != -1): null

2019-08-24 12:19:19 - [TEST_STEP][PASSED] - free_spin_reel_counter = free_spin_reel_counter: null

2019-08-24 12:19:19 - [TEST_STEP][PASSED] - println("reel 3 wild found: " + free_spin_reel_counter[0]): null

2019-08-24 12:19:19 - [TEST_STEP][PASSED] - println("reel 4 wild found: " + free_spin_reel_counter[1]): null

2019-08-24 12:19:19 - [TEST_STEP][PASSED] - println("reel 5 wild found: " + free_spin_reel_counter[2]): null

2019-08-24 12:19:19 - [TEST_STEP][PASSED] - M4_spin_reels = M4_spin_reels: null

2019-08-24 12:19:19 - [TEST_STEP][PASSED] - M4_spin_reels_symbols = symbol: null

2019-08-24 12:19:19 - [TEST_STEP][PASSED] - M4_spin_reels_symbols = M4_spin_reels_symbols: null

2019-08-24 12:19:19 - [TEST_STEP][PASSED] - M4_spin_reel_wins = reel_wins: null

2019-08-24 12:19:19 - [TEST_STEP][PASSED] - M4_spin_reel_wins = M4_spin_reel_wins: null

2019-08-24 12:19:19 - [TEST_STEP][PASSED] - println("GlobalVariable.M4_spin_reel_wins is: " + M4_spin_reel_wins): null

2019-08-24 12:19:19 - [TEST_STEP][PASSED] - M4_spin_total_bonus_win_this_round = total_bonus_win_this_round: null

2019-08-24 12:19:19 - [TEST_STEP][PASSED] - M4_spin_total_bonus_win_this_round = M4_spin_total_bonus_win_this_round: null

2019-08-24 12:19:19 - [TEST_STEP][PASSED] - println("GlobalVariable.M4_spin_total_bonus_win_this_round is: " + M4_spin_total_bonus_win_this_round): null

2019-08-24 12:19:19 - [TEST_STEP][PASSED] - M4_spin_bonus_spin_result = spin_result: null

2019-08-24 12:19:19 - [TEST_STEP][PASSED] - M4_spin_bonus_spin_result = M4_spin_bonus_spin_result: null

2019-08-24 12:19:19 - [MESSAGE][PASSED] - Verify response successfully

2019-08-24 12:19:19 - [MESSAGE][PASSED] - Send request and verify the response successfully

2019-08-24 12:19:19 - [TEST_STEP][PASSED] - if (M4_total_bonus_spins_int != 0 &amp;&amp; M4_spin_reels_symbols[2].contains("WILD_ExtraFG") || M4_spin_reels_symbols[3].contains("WILD_ExtraFG")): null

2019-08-24 12:19:19 - [TEST_STEP][PASSED] - free_spin_reel_counter = free_spin_reel_counter: null

2019-08-24 12:19:19 - [TEST_STEP][PASSED] - M4_spin_reels_symbols = M4_spin_reels_symbols: null

2019-08-24 12:19:19 - [TEST_STEP][PASSED] - M4_total_bonus_spins = M4_total_bonus_spins: null

2019-08-24 12:19:19 - [TEST_STEP][PASSED] - spin_result = sendRequestAndVerify(findTestObject("INT/RGS(M4)/1_M4_spin", ["M4_login_user_id":M4_login_user_id, "rgs_session_token":rgs_session_token, "partner":Partner])): Send request and verify the response successfully

2019-08-24 12:19:19 - [MESSAGE][INFO] - HAR: /Users/eiralee/Katalon_Script/SuperWild/Reports/20190824_120919/INT/superWild_3/20190824_120919/requests/main/168.har

2019-08-24 12:19:19 - [TEST_CASE][PASSED] - Start Test Case : Verification: Verification accomplished successfully

2019-08-24 12:19:19 - [TEST_STEP][PASSED] - request = getInstance().getCurrentRequest(): null

2019-08-24 12:19:19 - [TEST_STEP][PASSED] - response = getInstance().getCurrentResponse(): null

2019-08-24 12:19:19 - [TEST_STEP][PASSED] - verifyResponseStatusCode(response, 200): Verify response status code successfully

2019-08-24 12:19:19 - [MESSAGE][PASSED] - Verify response status code successfully

2019-08-24 12:19:19 - [TEST_STEP][PASSED] - getStatusCode()).isEqualTo(200): null

2019-08-24 12:19:19 - [TEST_STEP][PASSED] - newline = System.getProperty("line.separator"): null

2019-08-24 12:19:19 - [TEST_STEP][PASSED] - M4_spin = new groovy.json.JsonSlurper(): null

2019-08-24 12:19:19 - [TEST_STEP][PASSED] - result_M4_spin = M4_spin.parseText(response.getResponseBodyContent()): null

2019-08-24 12:19:19 - [TEST_STEP][PASSED] - M4_spin_current_balance = current_balance: null

2019-08-24 12:19:19 - [TEST_STEP][PASSED] - M4_spin_current_balance = M4_spin_current_balance: null

2019-08-24 12:19:19 - [TEST_STEP][PASSED] - M4_spin_transaction_id = causality: null

2019-08-24 12:19:19 - [TEST_STEP][PASSED] - M4_spin_transaction_id = M4_spin_transaction_id: null

2019-08-24 12:19:19 - [TEST_STEP][PASSED] - M4_spin_round_id = round_id: null

2019-08-24 12:19:19 - [TEST_STEP][PASSED] - M4_spin_round_id = M4_spin_round_id: null

2019-08-24 12:19:19 - [TEST_STEP][PASSED] - M4_spin_line_wins = line_wins: null

2019-08-24 12:19:19 - [TEST_STEP][PASSED] - M4_spin_line_wins = M4_spin_line_wins: null

2019-08-24 12:19:19 - [TEST_STEP][PASSED] - M4_total_bonus_spins_int = total_bonus_spins: null

2019-08-24 12:19:19 - [TEST_STEP][PASSED] - println("******M4_total_bonus_spins type is:*******" + newline + getClass().getName()): null

2019-08-24 12:19:19 - [TEST_STEP][PASSED] - M4_total_bonus_spins_int = M4_total_bonus_spins_int: null

2019-08-24 12:19:19 - [TEST_STEP][PASSED] - M4_total_bonus_spins = Integer.toString(M4_total_bonus_spins_int): null

2019-08-24 12:19:19 - [TEST_STEP][PASSED] - M4_total_bonus_spins = M4_total_bonus_spins: null

2019-08-24 12:19:19 - [TEST_STEP][PASSED] - println("M4_total_bonus_spins is:" + M4_total_bonus_spins): null

2019-08-24 12:19:19 - [TEST_STEP][PASSED] - M4_spin_bonus_data = bonus_data: null

2019-08-24 12:19:19 - [TEST_STEP][PASSED] - M4_spin_features_triggered = result_M4_spin: null

2019-08-24 12:19:19 - [TEST_STEP][PASSED] - wild = []: null

2019-08-24 12:19:19 - [TEST_STEP][PASSED] - wild[0] = "WILD_Expanding": null

2019-08-24 12:19:19 - [TEST_STEP][PASSED] - wild[1] = "WILD_Normal": null

2019-08-24 12:19:19 - [TEST_STEP][PASSED] - wild[2] = "WILD_Double": null

2019-08-24 12:19:19 - [TEST_STEP][PASSED] - wild[3] = "WILD_ExtraFG": null

2019-08-24 12:19:19 - [TEST_STEP][PASSED] - wild[4] = "WILD_Triple": null

2019-08-24 12:19:19 - [TEST_STEP][PASSED] - wildList = Arrays.asList(wild): null

2019-08-24 12:19:19 - [TEST_STEP][PASSED] - wildList = wildList: null

2019-08-24 12:19:19 - [TEST_STEP][PASSED] - free_spin_reel_counter = []: null

2019-08-24 12:19:19 - [TEST_STEP][PASSED] - free_spin_reel_counter[0] = 0: null

2019-08-24 12:19:19 - [TEST_STEP][PASSED] - free_spin_reel_counter[1] = 0: null

2019-08-24 12:19:19 - [TEST_STEP][PASSED] - free_spin_reel_counter[2] = 0: null

2019-08-24 12:19:19 - [TEST_STEP][PASSED] - M4_spin_reels = reels: null

2019-08-24 12:19:19 - [TEST_STEP][PASSED] - for ([i = 0, i &lt; M4_spin_reels.size(), (i++)]): null

2019-08-24 12:19:19 - [TEST_STEP][PASSED] - symbols = symbols: null

2019-08-24 12:19:19 - [TEST_STEP][PASSED] - for ([j = 0, j &lt; symbols.size(), (j++)]): null

2019-08-24 12:19:19 - [TEST_STEP][PASSED] - symbol = symbol: null

2019-08-24 12:19:19 - [TEST_STEP][PASSED] - println(symbol): null

2019-08-24 12:19:19 - [TEST_STEP][PASSED] - if (i == 2 &amp;&amp; wildList.indexOf(symbol) != -1): null

2019-08-24 12:19:19 - [TEST_STEP][PASSED] - if (i == 3 &amp;&amp; wildList.indexOf(symbol) != -1): null

2019-08-24 12:19:19 - [TEST_STEP][PASSED] - if (i == 4 &amp;&amp; wildList.indexOf(symbol) != -1): null

2019-08-24 12:19:19 - [TEST_STEP][PASSED] - symbol = symbol: null

2019-08-24 12:19:19 - [TEST_STEP][PASSED] - println(symbol): null

2019-08-24 12:19:19 - [TEST_STEP][PASSED] - if (i == 2 &amp;&amp; wildList.indexOf(symbol) != -1): null

2019-08-24 12:19:19 - [TEST_STEP][PASSED] - if (i == 3 &amp;&amp; wildList.indexOf(symbol) != -1): null

2019-08-24 12:19:19 - [TEST_STEP][PASSED] - if (i == 4 &amp;&amp; wildList.indexOf(symbol) != -1): null

2019-08-24 12:19:19 - [TEST_STEP][PASSED] - symbol = symbol: null

2019-08-24 12:19:19 - [TEST_STEP][PASSED] - println(symbol): null

2019-08-24 12:19:19 - [TEST_STEP][PASSED] - if (i == 2 &amp;&amp; wildList.indexOf(symbol) != -1): null

2019-08-24 12:19:19 - [TEST_STEP][PASSED] - if (i == 3 &amp;&amp; wildList.indexOf(symbol) != -1): null

2019-08-24 12:19:19 - [TEST_STEP][PASSED] - if (i == 4 &amp;&amp; wildList.indexOf(symbol) != -1): null

2019-08-24 12:19:19 - [TEST_STEP][PASSED] - symbols = symbols: null

2019-08-24 12:19:19 - [TEST_STEP][PASSED] - for ([j = 0, j &lt; symbols.size(), (j++)]): null

2019-08-24 12:19:19 - [TEST_STEP][PASSED] - symbol = symbol: null

2019-08-24 12:19:19 - [TEST_STEP][PASSED] - println(symbol): null

2019-08-24 12:19:19 - [TEST_STEP][PASSED] - if (i == 2 &amp;&amp; wildList.indexOf(symbol) != -1): null

2019-08-24 12:19:19 - [TEST_STEP][PASSED] - if (i == 3 &amp;&amp; wildList.indexOf(symbol) != -1): null

2019-08-24 12:19:19 - [TEST_STEP][PASSED] - if (i == 4 &amp;&amp; wildList.indexOf(symbol) != -1): null

2019-08-24 12:19:19 - [TEST_STEP][PASSED] - symbol = symbol: null

2019-08-24 12:19:19 - [TEST_STEP][PASSED] - println(symbol): null

2019-08-24 12:19:19 - [TEST_STEP][PASSED] - if (i == 2 &amp;&amp; wildList.indexOf(symbol) != -1): null

2019-08-24 12:19:19 - [TEST_STEP][PASSED] - if (i == 3 &amp;&amp; wildList.indexOf(symbol) != -1): null

2019-08-24 12:19:23 - [TEST_STEP][PASSED] - if (i == 4 &amp;&amp; wildList.indexOf(symbol) != -1): null

2019-08-24 12:19:23 - [TEST_STEP][PASSED] - symbol = symbol: null

2019-08-24 12:19:23 - [TEST_STEP][PASSED] - println(symbol): null

2019-08-24 12:19:23 - [TEST_STEP][PASSED] - if (i == 2 &amp;&amp; wildList.indexOf(symbol) != -1): null

2019-08-24 12:19:23 - [TEST_STEP][PASSED] - if (i == 3 &amp;&amp; wildList.indexOf(symbol) != -1): null

2019-08-24 12:19:23 - [TEST_STEP][PASSED] - if (i == 4 &amp;&amp; wildList.indexOf(symbol) != -1): null

2019-08-24 12:19:23 - [TEST_STEP][PASSED] - symbols = symbols: null

2019-08-24 12:19:23 - [TEST_STEP][PASSED] - for ([j = 0, j &lt; symbols.size(), (j++)]): null

2019-08-24 12:19:23 - [TEST_STEP][PASSED] - symbol = symbol: null

2019-08-24 12:19:23 - [TEST_STEP][PASSED] - println(symbol): null

2019-08-24 12:19:23 - [TEST_STEP][PASSED] - if (i == 2 &amp;&amp; wildList.indexOf(symbol) != -1): null

2019-08-24 12:19:27 - [TEST_STEP][PASSED] - if (i == 3 &amp;&amp; wildList.indexOf(symbol) != -1): null

2019-08-24 12:19:27 - [TEST_STEP][PASSED] - if (i == 4 &amp;&amp; wildList.indexOf(symbol) != -1): null

2019-08-24 12:19:27 - [TEST_STEP][PASSED] - symbol = symbol: null

2019-08-24 12:19:27 - [TEST_STEP][PASSED] - println(symbol): null

2019-08-24 12:19:27 - [TEST_STEP][PASSED] - if (i == 2 &amp;&amp; wildList.indexOf(symbol) != -1): null

2019-08-24 12:19:27 - [TEST_STEP][PASSED] - if (i == 3 &amp;&amp; wildList.indexOf(symbol) != -1): null

2019-08-24 12:19:27 - [TEST_STEP][PASSED] - if (i == 4 &amp;&amp; wildList.indexOf(symbol) != -1): null

2019-08-24 12:19:27 - [TEST_STEP][PASSED] - symbol = symbol: null

2019-08-24 12:19:27 - [TEST_STEP][PASSED] - println(symbol): null

2019-08-24 12:19:27 - [TEST_STEP][PASSED] - if (i == 2 &amp;&amp; wildList.indexOf(symbol) != -1): null

2019-08-24 12:19:27 - [TEST_STEP][PASSED] - if (i == 3 &amp;&amp; wildList.indexOf(symbol) != -1): null

2019-08-24 12:19:27 - [TEST_STEP][PASSED] - if (i == 4 &amp;&amp; wildList.indexOf(symbol) != -1): null

2019-08-24 12:19:27 - [TEST_STEP][PASSED] - symbols = symbols: null

2019-08-24 12:19:27 - [TEST_STEP][PASSED] - for ([j = 0, j &lt; symbols.size(), (j++)]): null

2019-08-24 12:19:27 - [TEST_STEP][PASSED] - symbol = symbol: null

2019-08-24 12:19:27 - [TEST_STEP][PASSED] - println(symbol): null

2019-08-24 12:19:27 - [TEST_STEP][PASSED] - if (i == 2 &amp;&amp; wildList.indexOf(symbol) != -1): null

2019-08-24 12:19:27 - [TEST_STEP][PASSED] - if (i == 3 &amp;&amp; wildList.indexOf(symbol) != -1): null

2019-08-24 12:19:27 - [TEST_STEP][PASSED] - if (i == 4 &amp;&amp; wildList.indexOf(symbol) != -1): null

2019-08-24 12:19:27 - [TEST_STEP][PASSED] - symbol = symbol: null

2019-08-24 12:19:27 - [TEST_STEP][PASSED] - println(symbol): null

2019-08-24 12:19:27 - [TEST_STEP][PASSED] - if (i == 2 &amp;&amp; wildList.indexOf(symbol) != -1): null

2019-08-24 12:19:27 - [TEST_STEP][PASSED] - if (i == 3 &amp;&amp; wildList.indexOf(symbol) != -1): null

2019-08-24 12:19:27 - [TEST_STEP][PASSED] - if (i == 4 &amp;&amp; wildList.indexOf(symbol) != -1): null

2019-08-24 12:19:27 - [TEST_STEP][PASSED] - symbol = symbol: null

2019-08-24 12:19:27 - [TEST_STEP][PASSED] - println(symbol): null

2019-08-24 12:19:27 - [TEST_STEP][PASSED] - if (i == 2 &amp;&amp; wildList.indexOf(symbol) != -1): null

2019-08-24 12:19:27 - [TEST_STEP][PASSED] - if (i == 3 &amp;&amp; wildList.indexOf(symbol) != -1): null

2019-08-24 12:19:27 - [TEST_STEP][PASSED] - if (i == 4 &amp;&amp; wildList.indexOf(symbol) != -1): null

2019-08-24 12:19:27 - [TEST_STEP][PASSED] - symbols = symbols: null

2019-08-24 12:19:27 - [TEST_STEP][PASSED] - for ([j = 0, j &lt; symbols.size(), (j++)]): null

2019-08-24 12:19:27 - [TEST_STEP][PASSED] - symbol = symbol: null

2019-08-24 12:19:27 - [TEST_STEP][PASSED] - println(symbol): null

2019-08-24 12:19:27 - [TEST_STEP][PASSED] - if (i == 2 &amp;&amp; wildList.indexOf(symbol) != -1): null

2019-08-24 12:19:27 - [TEST_STEP][PASSED] - if (i == 3 &amp;&amp; wildList.indexOf(symbol) != -1): null

2019-08-24 12:19:27 - [TEST_STEP][PASSED] - if (i == 4 &amp;&amp; wildList.indexOf(symbol) != -1): null

2019-08-24 12:19:27 - [TEST_STEP][PASSED] - symbol = symbol: null

2019-08-24 12:19:27 - [TEST_STEP][PASSED] - println(symbol): null

2019-08-24 12:19:27 - [TEST_STEP][PASSED] - if (i == 2 &amp;&amp; wildList.indexOf(symbol) != -1): null

2019-08-24 12:19:27 - [TEST_STEP][PASSED] - if (i == 3 &amp;&amp; wildList.indexOf(symbol) != -1): null

2019-08-24 12:19:27 - [TEST_STEP][PASSED] - if (i == 4 &amp;&amp; wildList.indexOf(symbol) != -1): null

2019-08-24 12:19:27 - [TEST_STEP][PASSED] - symbol = symbol: null

2019-08-24 12:19:27 - [TEST_STEP][PASSED] - println(symbol): null

2019-08-24 12:19:27 - [TEST_STEP][PASSED] - if (i == 2 &amp;&amp; wildList.indexOf(symbol) != -1): null

2019-08-24 12:19:27 - [TEST_STEP][PASSED] - if (i == 3 &amp;&amp; wildList.indexOf(symbol) != -1): null

2019-08-24 12:19:27 - [TEST_STEP][PASSED] - if (i == 4 &amp;&amp; wildList.indexOf(symbol) != -1): null

2019-08-24 12:19:27 - [TEST_STEP][PASSED] - free_spin_reel_counter = free_spin_reel_counter: null

2019-08-24 12:19:27 - [TEST_STEP][PASSED] - println("reel 3 wild found: " + free_spin_reel_counter[0]): null

2019-08-24 12:19:27 - [TEST_STEP][PASSED] - println("reel 4 wild found: " + free_spin_reel_counter[1]): null

2019-08-24 12:19:27 - [TEST_STEP][PASSED] - println("reel 5 wild found: " + free_spin_reel_counter[2]): null

2019-08-24 12:19:27 - [TEST_STEP][PASSED] - M4_spin_reels = M4_spin_reels: null

2019-08-24 12:19:27 - [TEST_STEP][PASSED] - M4_spin_reels_symbols = symbol: null

2019-08-24 12:19:27 - [TEST_STEP][PASSED] - M4_spin_reels_symbols = M4_spin_reels_symbols: null

2019-08-24 12:19:27 - [TEST_STEP][PASSED] - M4_spin_reel_wins = reel_wins: null

2019-08-24 12:19:27 - [TEST_STEP][PASSED] - M4_spin_reel_wins = M4_spin_reel_wins: null

2019-08-24 12:19:27 - [TEST_STEP][PASSED] - println("GlobalVariable.M4_spin_reel_wins is: " + M4_spin_reel_wins): null

2019-08-24 12:19:27 - [TEST_STEP][PASSED] - M4_spin_total_bonus_win_this_round = total_bonus_win_this_round: null

2019-08-24 12:19:27 - [TEST_STEP][PASSED] - M4_spin_total_bonus_win_this_round = M4_spin_total_bonus_win_this_round: null

2019-08-24 12:19:27 - [TEST_STEP][PASSED] - println("GlobalVariable.M4_spin_total_bonus_win_this_round is: " + M4_spin_total_bonus_win_this_round): null

2019-08-24 12:19:27 - [TEST_STEP][PASSED] - M4_spin_bonus_spin_result = spin_result: null

2019-08-24 12:19:27 - [TEST_STEP][PASSED] - M4_spin_bonus_spin_result = M4_spin_bonus_spin_result: null

2019-08-24 12:19:27 - [MESSAGE][PASSED] - Verify response successfully

2019-08-24 12:19:27 - [MESSAGE][PASSED] - Send request and verify the response successfully

2019-08-24 12:19:27 - [TEST_STEP][PASSED] - if (M4_total_bonus_spins_int != 0 &amp;&amp; M4_spin_reels_symbols[2].contains("WILD_ExtraFG") || M4_spin_reels_symbols[3].contains("WILD_ExtraFG")): null

2019-08-24 12:19:27 - [TEST_STEP][PASSED] - free_spin_reel_counter = free_spin_reel_counter: null

2019-08-24 12:19:27 - [TEST_STEP][PASSED] - M4_spin_reels_symbols = M4_spin_reels_symbols: null

2019-08-24 12:19:27 - [TEST_STEP][PASSED] - M4_total_bonus_spins = M4_total_bonus_spins: null

2019-08-24 12:19:27 - [TEST_STEP][PASSED] - spin_result = sendRequestAndVerify(findTestObject("INT/RGS(M4)/1_M4_spin", ["M4_login_user_id":M4_login_user_id, "rgs_session_token":rgs_session_token, "partner":Partner])): Send request and verify the response successfully

2019-08-24 12:19:27 - [MESSAGE][INFO] - HAR: /Users/eiralee/Katalon_Script/SuperWild/Reports/20190824_120919/INT/superWild_3/20190824_120919/requests/main/169.har

2019-08-24 12:19:27 - [TEST_CASE][PASSED] - Start Test Case : Verification: Verification accomplished successfully

2019-08-24 12:19:27 - [TEST_STEP][PASSED] - request = getInstance().getCurrentRequest(): null

2019-08-24 12:19:27 - [TEST_STEP][PASSED] - response = getInstance().getCurrentResponse(): null

2019-08-24 12:19:27 - [TEST_STEP][PASSED] - verifyResponseStatusCode(response, 200): Verify response status code successfully

2019-08-24 12:19:27 - [MESSAGE][PASSED] - Verify response status code successfully

2019-08-24 12:19:27 - [TEST_STEP][PASSED] - getStatusCode()).isEqualTo(200): null

2019-08-24 12:19:27 - [TEST_STEP][PASSED] - newline = System.getProperty("line.separator"): null

2019-08-24 12:19:27 - [TEST_STEP][PASSED] - M4_spin = new groovy.json.JsonSlurper(): null

2019-08-24 12:19:27 - [TEST_STEP][PASSED] - result_M4_spin = M4_spin.parseText(response.getResponseBodyContent()): null

2019-08-24 12:19:27 - [TEST_STEP][PASSED] - M4_spin_current_balance = current_balance: null

2019-08-24 12:19:27 - [TEST_STEP][PASSED] - M4_spin_current_balance = M4_spin_current_balance: null

2019-08-24 12:19:27 - [TEST_STEP][PASSED] - M4_spin_transaction_id = causality: null

2019-08-24 12:19:27 - [TEST_STEP][PASSED] - M4_spin_transaction_id = M4_spin_transaction_id: null

2019-08-24 12:19:27 - [TEST_STEP][PASSED] - M4_spin_round_id = round_id: null

2019-08-24 12:19:27 - [TEST_STEP][PASSED] - M4_spin_round_id = M4_spin_round_id: null

2019-08-24 12:19:27 - [TEST_STEP][PASSED] - M4_spin_line_wins = line_wins: null

2019-08-24 12:19:27 - [TEST_STEP][PASSED] - M4_spin_line_wins = M4_spin_line_wins: null

2019-08-24 12:19:27 - [TEST_STEP][PASSED] - M4_total_bonus_spins_int = total_bonus_spins: null

2019-08-24 12:19:27 - [TEST_STEP][PASSED] - println("******M4_total_bonus_spins type is:*******" + newline + getClass().getName()): null

2019-08-24 12:19:27 - [TEST_STEP][PASSED] - M4_total_bonus_spins_int = M4_total_bonus_spins_int: null

2019-08-24 12:19:27 - [TEST_STEP][PASSED] - M4_total_bonus_spins = Integer.toString(M4_total_bonus_spins_int): null

2019-08-24 12:19:27 - [TEST_STEP][PASSED] - M4_total_bonus_spins = M4_total_bonus_spins: null

2019-08-24 12:19:27 - [TEST_STEP][PASSED] - println("M4_total_bonus_spins is:" + M4_total_bonus_spins): null

2019-08-24 12:19:27 - [TEST_STEP][PASSED] - M4_spin_bonus_data = bonus_data: null

2019-08-24 12:19:27 - [TEST_STEP][PASSED] - M4_spin_features_triggered = result_M4_spin: null

2019-08-24 12:19:27 - [TEST_STEP][PASSED] - wild = []: null

2019-08-24 12:19:27 - [TEST_STEP][PASSED] - wild[0] = "WILD_Expanding": null

2019-08-24 12:19:27 - [TEST_STEP][PASSED] - wild[1] = "WILD_Normal": null

2019-08-24 12:19:27 - [TEST_STEP][PASSED] - wild[2] = "WILD_Double": null

2019-08-24 12:19:27 - [TEST_STEP][PASSED] - wild[3] = "WILD_ExtraFG": null

2019-08-24 12:19:27 - [TEST_STEP][PASSED] - wild[4] = "WILD_Triple": null

2019-08-24 12:19:27 - [TEST_STEP][PASSED] - wildList = Arrays.asList(wild): null

2019-08-24 12:19:27 - [TEST_STEP][PASSED] - wildList = wildList: null

2019-08-24 12:19:27 - [TEST_STEP][PASSED] - free_spin_reel_counter = []: null

2019-08-24 12:19:27 - [TEST_STEP][PASSED] - free_spin_reel_counter[0] = 0: null

2019-08-24 12:19:27 - [TEST_STEP][PASSED] - free_spin_reel_counter[1] = 0: null

2019-08-24 12:19:27 - [TEST_STEP][PASSED] - free_spin_reel_counter[2] = 0: null

2019-08-24 12:19:27 - [TEST_STEP][PASSED] - M4_spin_reels = reels: null

2019-08-24 12:19:27 - [TEST_STEP][PASSED] - for ([i = 0, i &lt; M4_spin_reels.size(), (i++)]): null

2019-08-24 12:19:27 - [TEST_STEP][PASSED] - symbols = symbols: null

2019-08-24 12:19:27 - [TEST_STEP][PASSED] - for ([j = 0, j &lt; symbols.size(), (j++)]): null

2019-08-24 12:19:27 - [TEST_STEP][PASSED] - symbol = symbol: null

2019-08-24 12:19:27 - [TEST_STEP][PASSED] - println(symbol): null

2019-08-24 12:19:27 - [TEST_STEP][PASSED] - if (i == 2 &amp;&amp; wildList.indexOf(symbol) != -1): null

2019-08-24 12:19:27 - [TEST_STEP][PASSED] - if (i == 3 &amp;&amp; wildList.indexOf(symbol) != -1): null

2019-08-24 12:19:27 - [TEST_STEP][PASSED] - if (i == 4 &amp;&amp; wildList.indexOf(symbol) != -1): null

2019-08-24 12:19:27 - [TEST_STEP][PASSED] - symbol = symbol: null

2019-08-24 12:19:27 - [TEST_STEP][PASSED] - println(symbol): null

2019-08-24 12:19:27 - [TEST_STEP][PASSED] - if (i == 2 &amp;&amp; wildList.indexOf(symbol) != -1): null

2019-08-24 12:19:27 - [TEST_STEP][PASSED] - if (i == 3 &amp;&amp; wildList.indexOf(symbol) != -1): null

2019-08-24 12:19:27 - [TEST_STEP][PASSED] - if (i == 4 &amp;&amp; wildList.indexOf(symbol) != -1): null

2019-08-24 12:19:27 - [TEST_STEP][PASSED] - symbol = symbol: null

2019-08-24 12:19:27 - [TEST_STEP][PASSED] - println(symbol): null

2019-08-24 12:19:27 - [TEST_STEP][PASSED] - if (i == 2 &amp;&amp; wildList.indexOf(symbol) != -1): null

2019-08-24 12:19:27 - [TEST_STEP][PASSED] - if (i == 3 &amp;&amp; wildList.indexOf(symbol) != -1): null

2019-08-24 12:19:27 - [TEST_STEP][PASSED] - if (i == 4 &amp;&amp; wildList.indexOf(symbol) != -1): null

2019-08-24 12:19:27 - [TEST_STEP][PASSED] - symbols = symbols: null

2019-08-24 12:19:27 - [TEST_STEP][PASSED] - for ([j = 0, j &lt; symbols.size(), (j++)]): null

2019-08-24 12:19:27 - [TEST_STEP][PASSED] - symbol = symbol: null

2019-08-24 12:19:27 - [TEST_STEP][PASSED] - println(symbol): null

2019-08-24 12:19:27 - [TEST_STEP][PASSED] - if (i == 2 &amp;&amp; wildList.indexOf(symbol) != -1): null

2019-08-24 12:19:27 - [TEST_STEP][PASSED] - if (i == 3 &amp;&amp; wildList.indexOf(symbol) != -1): null

2019-08-24 12:19:27 - [TEST_STEP][PASSED] - if (i == 4 &amp;&amp; wildList.indexOf(symbol) != -1): null

2019-08-24 12:19:27 - [TEST_STEP][PASSED] - symbol = symbol: null

2019-08-24 12:19:27 - [TEST_STEP][PASSED] - println(symbol): null

2019-08-24 12:19:27 - [TEST_STEP][PASSED] - if (i == 2 &amp;&amp; wildList.indexOf(symbol) != -1): null

2019-08-24 12:19:27 - [TEST_STEP][PASSED] - if (i == 3 &amp;&amp; wildList.indexOf(symbol) != -1): null

2019-08-24 12:19:27 - [TEST_STEP][PASSED] - if (i == 4 &amp;&amp; wildList.indexOf(symbol) != -1): null

2019-08-24 12:19:27 - [TEST_STEP][PASSED] - symbol = symbol: null

2019-08-24 12:19:27 - [TEST_STEP][PASSED] - println(symbol): null

2019-08-24 12:19:27 - [TEST_STEP][PASSED] - if (i == 2 &amp;&amp; wildList.indexOf(symbol) != -1): null

2019-08-24 12:19:27 - [TEST_STEP][PASSED] - if (i == 3 &amp;&amp; wildList.indexOf(symbol) != -1): null

2019-08-24 12:19:27 - [TEST_STEP][PASSED] - if (i == 4 &amp;&amp; wildList.indexOf(symbol) != -1): null

2019-08-24 12:19:27 - [TEST_STEP][PASSED] - symbols = symbols: null

2019-08-24 12:19:27 - [TEST_STEP][PASSED] - for ([j = 0, j &lt; symbols.size(), (j++)]): null

2019-08-24 12:19:27 - [TEST_STEP][PASSED] - symbol = symbol: null

2019-08-24 12:19:27 - [TEST_STEP][PASSED] - println(symbol): null

2019-08-24 12:19:27 - [TEST_STEP][PASSED] - if (i == 2 &amp;&amp; wildList.indexOf(symbol) != -1): null

2019-08-24 12:19:27 - [TEST_STEP][PASSED] - if (i == 3 &amp;&amp; wildList.indexOf(symbol) != -1): null

2019-08-24 12:19:27 - [TEST_STEP][PASSED] - if (i == 4 &amp;&amp; wildList.indexOf(symbol) != -1): null

2019-08-24 12:19:27 - [TEST_STEP][PASSED] - symbol = symbol: null

2019-08-24 12:19:27 - [TEST_STEP][PASSED] - println(symbol): null

2019-08-24 12:19:27 - [TEST_STEP][PASSED] - if (i == 2 &amp;&amp; wildList.indexOf(symbol) != -1): null

2019-08-24 12:19:27 - [TEST_STEP][PASSED] - if (i == 3 &amp;&amp; wildList.indexOf(symbol) != -1): null

2019-08-24 12:19:27 - [TEST_STEP][PASSED] - if (i == 4 &amp;&amp; wildList.indexOf(symbol) != -1): null

2019-08-24 12:19:27 - [TEST_STEP][PASSED] - symbol = symbol: null

2019-08-24 12:19:27 - [TEST_STEP][PASSED] - println(symbol): null

2019-08-24 12:19:27 - [TEST_STEP][PASSED] - if (i == 2 &amp;&amp; wildList.indexOf(symbol) != -1): null

2019-08-24 12:19:27 - [TEST_STEP][PASSED] - if (i == 3 &amp;&amp; wildList.indexOf(symbol) != -1): null

2019-08-24 12:19:27 - [TEST_STEP][PASSED] - if (i == 4 &amp;&amp; wildList.indexOf(symbol) != -1): null

2019-08-24 12:19:27 - [TEST_STEP][PASSED] - symbols = symbols: null

2019-08-24 12:19:27 - [TEST_STEP][PASSED] - for ([j = 0, j &lt; symbols.size(), (j++)]): null

2019-08-24 12:19:27 - [TEST_STEP][PASSED] - symbol = symbol: null

2019-08-24 12:19:27 - [TEST_STEP][PASSED] - println(symbol): null

2019-08-24 12:19:27 - [TEST_STEP][PASSED] - if (i == 2 &amp;&amp; wildList.indexOf(symbol) != -1): null

2019-08-24 12:19:27 - [TEST_STEP][PASSED] - if (i == 3 &amp;&amp; wildList.indexOf(symbol) != -1): null

2019-08-24 12:19:27 - [TEST_STEP][PASSED] - if (i == 4 &amp;&amp; wildList.indexOf(symbol) != -1): null

2019-08-24 12:19:27 - [TEST_STEP][PASSED] - symbol = symbol: null

2019-08-24 12:19:27 - [TEST_STEP][PASSED] - println(symbol): null

2019-08-24 12:19:27 - [TEST_STEP][PASSED] - if (i == 2 &amp;&amp; wildList.indexOf(symbol) != -1): null

2019-08-24 12:19:27 - [TEST_STEP][PASSED] - if (i == 3 &amp;&amp; wildList.indexOf(symbol) != -1): null

2019-08-24 12:19:27 - [TEST_STEP][PASSED] - if (i == 4 &amp;&amp; wildList.indexOf(symbol) != -1): null

2019-08-24 12:19:27 - [TEST_STEP][PASSED] - symbol = symbol: null

2019-08-24 12:19:27 - [TEST_STEP][PASSED] - println(symbol): null

2019-08-24 12:19:27 - [TEST_STEP][PASSED] - if (i == 2 &amp;&amp; wildList.indexOf(symbol) != -1): null

2019-08-24 12:19:27 - [TEST_STEP][PASSED] - if (i == 3 &amp;&amp; wildList.indexOf(symbol) != -1): null

2019-08-24 12:19:27 - [TEST_STEP][PASSED] - if (i == 4 &amp;&amp; wildList.indexOf(symbol) != -1): null

2019-08-24 12:19:27 - [TEST_STEP][PASSED] - symbols = symbols: null

2019-08-24 12:19:27 - [TEST_STEP][PASSED] - for ([j = 0, j &lt; symbols.size(), (j++)]): null

2019-08-24 12:19:27 - [TEST_STEP][PASSED] - symbol = symbol: null

2019-08-24 12:19:27 - [TEST_STEP][PASSED] - println(symbol): null

2019-08-24 12:19:27 - [TEST_STEP][PASSED] - if (i == 2 &amp;&amp; wildList.indexOf(symbol) != -1): null

2019-08-24 12:19:27 - [TEST_STEP][PASSED] - if (i == 3 &amp;&amp; wildList.indexOf(symbol) != -1): null

2019-08-24 12:19:27 - [TEST_STEP][PASSED] - if (i == 4 &amp;&amp; wildList.indexOf(symbol) != -1): null

2019-08-24 12:19:27 - [TEST_STEP][PASSED] - symbol = symbol: null

2019-08-24 12:19:27 - [TEST_STEP][PASSED] - println(symbol): null

2019-08-24 12:19:27 - [TEST_STEP][PASSED] - if (i == 2 &amp;&amp; wildList.indexOf(symbol) != -1): null

2019-08-24 12:19:27 - [TEST_STEP][PASSED] - if (i == 3 &amp;&amp; wildList.indexOf(symbol) != -1): null

2019-08-24 12:19:27 - [TEST_STEP][PASSED] - if (i == 4 &amp;&amp; wildList.indexOf(symbol) != -1): null

2019-08-24 12:19:27 - [TEST_STEP][PASSED] - symbol = symbol: null

2019-08-24 12:19:27 - [TEST_STEP][PASSED] - println(symbol): null

2019-08-24 12:19:27 - [TEST_STEP][PASSED] - if (i == 2 &amp;&amp; wildList.indexOf(symbol) != -1): null

2019-08-24 12:19:27 - [TEST_STEP][PASSED] - if (i == 3 &amp;&amp; wildList.indexOf(symbol) != -1): null

2019-08-24 12:19:27 - [TEST_STEP][PASSED] - if (i == 4 &amp;&amp; wildList.indexOf(symbol) != -1): null

2019-08-24 12:19:27 - [TEST_STEP][PASSED] - free_spin_reel_counter = free_spin_reel_counter: null

2019-08-24 12:19:27 - [TEST_STEP][PASSED] - println("reel 3 wild found: " + free_spin_reel_counter[0]): null

2019-08-24 12:19:27 - [TEST_STEP][PASSED] - println("reel 4 wild found: " + free_spin_reel_counter[1]): null

2019-08-24 12:19:27 - [TEST_STEP][PASSED] - println("reel 5 wild found: " + free_spin_reel_counter[2]): null

2019-08-24 12:19:27 - [TEST_STEP][PASSED] - M4_spin_reels = M4_spin_reels: null

2019-08-24 12:19:27 - [TEST_STEP][PASSED] - M4_spin_reels_symbols = symbol: null

2019-08-24 12:19:27 - [TEST_STEP][PASSED] - M4_spin_reels_symbols = M4_spin_reels_symbols: null

2019-08-24 12:19:27 - [TEST_STEP][PASSED] - M4_spin_reel_wins = reel_wins: null

2019-08-24 12:19:27 - [TEST_STEP][PASSED] - M4_spin_reel_wins = M4_spin_reel_wins: null

2019-08-24 12:19:27 - [TEST_STEP][PASSED] - println("GlobalVariable.M4_spin_reel_wins is: " + M4_spin_reel_wins): null

2019-08-24 12:19:27 - [TEST_STEP][PASSED] - M4_spin_total_bonus_win_this_round = total_bonus_win_this_round: null

2019-08-24 12:19:27 - [TEST_STEP][PASSED] - M4_spin_total_bonus_win_this_round = M4_spin_total_bonus_win_this_round: null

2019-08-24 12:19:27 - [TEST_STEP][PASSED] - println("GlobalVariable.M4_spin_total_bonus_win_this_round is: " + M4_spin_total_bonus_win_this_round): null

2019-08-24 12:19:27 - [TEST_STEP][PASSED] - M4_spin_bonus_spin_result = spin_result: null

2019-08-24 12:19:27 - [TEST_STEP][PASSED] - M4_spin_bonus_spin_result = M4_spin_bonus_spin_result: null

2019-08-24 12:19:27 - [MESSAGE][PASSED] - Verify response successfully

2019-08-24 12:19:27 - [MESSAGE][PASSED] - Send request and verify the response successfully

2019-08-24 12:19:27 - [TEST_STEP][PASSED] - if (M4_total_bonus_spins_int != 0 &amp;&amp; M4_spin_reels_symbols[2].contains("WILD_ExtraFG") || M4_spin_reels_symbols[3].contains("WILD_ExtraFG")): null

2019-08-24 12:19:27 - [TEST_STEP][PASSED] - free_spin_reel_counter = free_spin_reel_counter: null

2019-08-24 12:19:27 - [TEST_STEP][PASSED] - M4_spin_reels_symbols = M4_spin_reels_symbols: null

2019-08-24 12:19:27 - [TEST_STEP][PASSED] - M4_total_bonus_spins = M4_total_bonus_spins: null

2019-08-24 12:19:27 - [TEST_STEP][PASSED] - spin_result = sendRequestAndVerify(findTestObject("INT/RGS(M4)/1_M4_spin", ["M4_login_user_id":M4_login_user_id, "rgs_session_token":rgs_session_token, "partner":Partner])): Send request and verify the response successfully

2019-08-24 12:19:28 - [MESSAGE][INFO] - HAR: /Users/eiralee/Katalon_Script/SuperWild/Reports/20190824_120919/INT/superWild_3/20190824_120919/requests/main/170.har

2019-08-24 12:19:28 - [TEST_CASE][PASSED] - Start Test Case : Verification: Verification accomplished successfully

2019-08-24 12:19:28 - [TEST_STEP][PASSED] - request = getInstance().getCurrentRequest(): null

2019-08-24 12:19:28 - [TEST_STEP][PASSED] - response = getInstance().getCurrentResponse(): null

2019-08-24 12:19:28 - [TEST_STEP][PASSED] - verifyResponseStatusCode(response, 200): Verify response status code successfully

2019-08-24 12:19:28 - [MESSAGE][PASSED] - Verify response status code successfully

2019-08-24 12:19:28 - [TEST_STEP][PASSED] - getStatusCode()).isEqualTo(200): null

2019-08-24 12:19:28 - [TEST_STEP][PASSED] - newline = System.getProperty("line.separator"): null

2019-08-24 12:19:28 - [TEST_STEP][PASSED] - M4_spin = new groovy.json.JsonSlurper(): null

2019-08-24 12:19:28 - [TEST_STEP][PASSED] - result_M4_spin = M4_spin.parseText(response.getResponseBodyContent()): null

2019-08-24 12:19:28 - [TEST_STEP][PASSED] - M4_spin_current_balance = current_balance: null

2019-08-24 12:19:28 - [TEST_STEP][PASSED] - M4_spin_current_balance = M4_spin_current_balance: null

2019-08-24 12:19:28 - [TEST_STEP][PASSED] - M4_spin_transaction_id = causality: null

2019-08-24 12:19:28 - [TEST_STEP][PASSED] - M4_spin_transaction_id = M4_spin_transaction_id: null

2019-08-24 12:19:28 - [TEST_STEP][PASSED] - M4_spin_round_id = round_id: null

2019-08-24 12:19:28 - [TEST_STEP][PASSED] - M4_spin_round_id = M4_spin_round_id: null

2019-08-24 12:19:28 - [TEST_STEP][PASSED] - M4_spin_line_wins = line_wins: null

2019-08-24 12:19:28 - [TEST_STEP][PASSED] - M4_spin_line_wins = M4_spin_line_wins: null

2019-08-24 12:19:28 - [TEST_STEP][PASSED] - M4_total_bonus_spins_int = total_bonus_spins: null

2019-08-24 12:19:28 - [TEST_STEP][PASSED] - println("******M4_total_bonus_spins type is:*******" + newline + getClass().getName()): null

2019-08-24 12:19:28 - [TEST_STEP][PASSED] - M4_total_bonus_spins_int = M4_total_bonus_spins_int: null

2019-08-24 12:19:28 - [TEST_STEP][PASSED] - M4_total_bonus_spins = Integer.toString(M4_total_bonus_spins_int): null

2019-08-24 12:19:28 - [TEST_STEP][PASSED] - M4_total_bonus_spins = M4_total_bonus_spins: null

2019-08-24 12:19:28 - [TEST_STEP][PASSED] - println("M4_total_bonus_spins is:" + M4_total_bonus_spins): null

2019-08-24 12:19:28 - [TEST_STEP][PASSED] - M4_spin_bonus_data = bonus_data: null

2019-08-24 12:19:28 - [TEST_STEP][PASSED] - M4_spin_features_triggered = result_M4_spin: null

2019-08-24 12:19:28 - [TEST_STEP][PASSED] - wild = []: null

2019-08-24 12:19:28 - [TEST_STEP][PASSED] - wild[0] = "WILD_Expanding": null

2019-08-24 12:19:28 - [TEST_STEP][PASSED] - wild[1] = "WILD_Normal": null

2019-08-24 12:19:28 - [TEST_STEP][PASSED] - wild[2] = "WILD_Double": null

2019-08-24 12:19:28 - [TEST_STEP][PASSED] - wild[3] = "WILD_ExtraFG": null

2019-08-24 12:19:28 - [TEST_STEP][PASSED] - wild[4] = "WILD_Triple": null

2019-08-24 12:19:28 - [TEST_STEP][PASSED] - wildList = Arrays.asList(wild): null

2019-08-24 12:19:28 - [TEST_STEP][PASSED] - wildList = wildList: null

2019-08-24 12:19:28 - [TEST_STEP][PASSED] - free_spin_reel_counter = []: null

2019-08-24 12:19:28 - [TEST_STEP][PASSED] - free_spin_reel_counter[0] = 0: null

2019-08-24 12:19:28 - [TEST_STEP][PASSED] - free_spin_reel_counter[1] = 0: null

2019-08-24 12:19:28 - [TEST_STEP][PASSED] - free_spin_reel_counter[2] = 0: null

2019-08-24 12:19:28 - [TEST_STEP][PASSED] - M4_spin_reels = reels: null

2019-08-24 12:19:28 - [TEST_STEP][PASSED] - for ([i = 0, i &lt; M4_spin_reels.size(), (i++)]): null

2019-08-24 12:19:28 - [TEST_STEP][PASSED] - symbols = symbols: null

2019-08-24 12:19:28 - [TEST_STEP][PASSED] - for ([j = 0, j &lt; symbols.size(), (j++)]): null

2019-08-24 12:19:28 - [TEST_STEP][PASSED] - symbol = symbol: null

2019-08-24 12:19:28 - [TEST_STEP][PASSED] - println(symbol): null

2019-08-24 12:19:28 - [TEST_STEP][PASSED] - if (i == 2 &amp;&amp; wildList.indexOf(symbol) != -1): null

2019-08-24 12:19:28 - [TEST_STEP][PASSED] - if (i == 3 &amp;&amp; wildList.indexOf(symbol) != -1): null

2019-08-24 12:19:28 - [TEST_STEP][PASSED] - if (i == 4 &amp;&amp; wildList.indexOf(symbol) != -1): null

2019-08-24 12:19:28 - [TEST_STEP][PASSED] - symbol = symbol: null

2019-08-24 12:19:28 - [TEST_STEP][PASSED] - println(symbol): null

2019-08-24 12:19:28 - [TEST_STEP][PASSED] - if (i == 2 &amp;&amp; wildList.indexOf(symbol) != -1): null

2019-08-24 12:19:28 - [TEST_STEP][PASSED] - if (i == 3 &amp;&amp; wildList.indexOf(symbol) != -1): null

2019-08-24 12:19:28 - [TEST_STEP][PASSED] - if (i == 4 &amp;&amp; wildList.indexOf(symbol) != -1): null

2019-08-24 12:19:28 - [TEST_STEP][PASSED] - symbol = symbol: null

2019-08-24 12:19:28 - [TEST_STEP][PASSED] - println(symbol): null

2019-08-24 12:19:28 - [TEST_STEP][PASSED] - if (i == 2 &amp;&amp; wildList.indexOf(symbol) != -1): null

2019-08-24 12:19:28 - [TEST_STEP][PASSED] - if (i == 3 &amp;&amp; wildList.indexOf(symbol) != -1): null

2019-08-24 12:19:28 - [TEST_STEP][PASSED] - if (i == 4 &amp;&amp; wildList.indexOf(symbol) != -1): null

2019-08-24 12:19:28 - [TEST_STEP][PASSED] - symbols = symbols: null

2019-08-24 12:19:28 - [TEST_STEP][PASSED] - for ([j = 0, j &lt; symbols.size(), (j++)]): null

2019-08-24 12:19:28 - [TEST_STEP][PASSED] - symbol = symbol: null

2019-08-24 12:19:28 - [TEST_STEP][PASSED] - println(symbol): null

2019-08-24 12:19:28 - [TEST_STEP][PASSED] - if (i == 2 &amp;&amp; wildList.indexOf(symbol) != -1): null

2019-08-24 12:19:28 - [TEST_STEP][PASSED] - if (i == 3 &amp;&amp; wildList.indexOf(symbol) != -1): null

2019-08-24 12:19:28 - [TEST_STEP][PASSED] - if (i == 4 &amp;&amp; wildList.indexOf(symbol) != -1): null

2019-08-24 12:19:28 - [TEST_STEP][PASSED] - symbol = symbol: null

2019-08-24 12:19:28 - [TEST_STEP][PASSED] - println(symbol): null

2019-08-24 12:19:28 - [TEST_STEP][PASSED] - if (i == 2 &amp;&amp; wildList.indexOf(symbol) != -1): null

2019-08-24 12:19:28 - [TEST_STEP][PASSED] - if (i == 3 &amp;&amp; wildList.indexOf(symbol) != -1): null

2019-08-24 12:19:28 - [TEST_STEP][PASSED] - if (i == 4 &amp;&amp; wildList.indexOf(symbol) != -1): null

2019-08-24 12:19:28 - [TEST_STEP][PASSED] - symbol = symbol: null

2019-08-24 12:19:28 - [TEST_STEP][PASSED] - println(symbol): null

2019-08-24 12:19:28 - [TEST_STEP][PASSED] - if (i == 2 &amp;&amp; wildList.indexOf(symbol) != -1): null

2019-08-24 12:19:28 - [TEST_STEP][PASSED] - if (i == 3 &amp;&amp; wildList.indexOf(symbol) != -1): null

2019-08-24 12:19:28 - [TEST_STEP][PASSED] - if (i == 4 &amp;&amp; wildList.indexOf(symbol) != -1): null

2019-08-24 12:19:28 - [TEST_STEP][PASSED] - symbols = symbols: null

2019-08-24 12:19:28 - [TEST_STEP][PASSED] - for ([j = 0, j &lt; symbols.size(), (j++)]): null

2019-08-24 12:19:28 - [TEST_STEP][PASSED] - symbol = symbol: null

2019-08-24 12:19:28 - [TEST_STEP][PASSED] - println(symbol): null

2019-08-24 12:19:28 - [TEST_STEP][PASSED] - if (i == 2 &amp;&amp; wildList.indexOf(symbol) != -1): null

2019-08-24 12:19:28 - [TEST_STEP][PASSED] - println("wild found on reel 3, adding counter by 1"): null

2019-08-24 12:19:28 - [TEST_STEP][PASSED] - free_spin_reel_counter[0] = free_spin_reel_counter[0] + 1: null

2019-08-24 12:19:28 - [TEST_STEP][PASSED] - if (i == 3 &amp;&amp; wildList.indexOf(symbol) != -1): null

2019-08-24 12:19:28 - [TEST_STEP][PASSED] - if (i == 4 &amp;&amp; wildList.indexOf(symbol) != -1): null

2019-08-24 12:19:28 - [TEST_STEP][PASSED] - symbol = symbol: null

2019-08-24 12:19:28 - [TEST_STEP][PASSED] - println(symbol): null

2019-08-24 12:19:28 - [TEST_STEP][PASSED] - if (i == 2 &amp;&amp; wildList.indexOf(symbol) != -1): null

2019-08-24 12:19:28 - [TEST_STEP][PASSED] - if (i == 3 &amp;&amp; wildList.indexOf(symbol) != -1): null

2019-08-24 12:19:28 - [TEST_STEP][PASSED] - if (i == 4 &amp;&amp; wildList.indexOf(symbol) != -1): null

2019-08-24 12:19:28 - [TEST_STEP][PASSED] - symbol = symbol: null

2019-08-24 12:19:28 - [TEST_STEP][PASSED] - println(symbol): null

2019-08-24 12:19:28 - [TEST_STEP][PASSED] - if (i == 2 &amp;&amp; wildList.indexOf(symbol) != -1): null

2019-08-24 12:19:28 - [TEST_STEP][PASSED] - if (i == 3 &amp;&amp; wildList.indexOf(symbol) != -1): null

2019-08-24 12:19:28 - [TEST_STEP][PASSED] - if (i == 4 &amp;&amp; wildList.indexOf(symbol) != -1): null

2019-08-24 12:19:28 - [TEST_STEP][PASSED] - symbols = symbols: null

2019-08-24 12:19:28 - [TEST_STEP][PASSED] - for ([j = 0, j &lt; symbols.size(), (j++)]): null

2019-08-24 12:19:28 - [TEST_STEP][PASSED] - symbol = symbol: null

2019-08-24 12:19:28 - [TEST_STEP][PASSED] - println(symbol): null

2019-08-24 12:19:28 - [TEST_STEP][PASSED] - if (i == 2 &amp;&amp; wildList.indexOf(symbol) != -1): null

2019-08-24 12:19:28 - [TEST_STEP][PASSED] - if (i == 3 &amp;&amp; wildList.indexOf(symbol) != -1): null

2019-08-24 12:19:28 - [TEST_STEP][PASSED] - if (i == 4 &amp;&amp; wildList.indexOf(symbol) != -1): null

2019-08-24 12:19:28 - [TEST_STEP][PASSED] - symbol = symbol: null

2019-08-24 12:19:28 - [TEST_STEP][PASSED] - println(symbol): null

2019-08-24 12:19:28 - [TEST_STEP][PASSED] - if (i == 2 &amp;&amp; wildList.indexOf(symbol) != -1): null

2019-08-24 12:19:28 - [TEST_STEP][PASSED] - if (i == 3 &amp;&amp; wildList.indexOf(symbol) != -1): null

2019-08-24 12:19:28 - [TEST_STEP][PASSED] - if (i == 4 &amp;&amp; wildList.indexOf(symbol) != -1): null

2019-08-24 12:19:28 - [TEST_STEP][PASSED] - symbol = symbol: null

2019-08-24 12:19:28 - [TEST_STEP][PASSED] - println(symbol): null

2019-08-24 12:19:28 - [TEST_STEP][PASSED] - if (i == 2 &amp;&amp; wildList.indexOf(symbol) != -1): null

2019-08-24 12:19:32 - [TEST_STEP][PASSED] - if (i == 3 &amp;&amp; wildList.indexOf(symbol) != -1): null

2019-08-24 12:19:32 - [TEST_STEP][PASSED] - if (i == 4 &amp;&amp; wildList.indexOf(symbol) != -1): null

2019-08-24 12:19:32 - [TEST_STEP][PASSED] - symbols = symbols: null

2019-08-24 12:19:32 - [TEST_STEP][PASSED] - for ([j = 0, j &lt; symbols.size(), (j++)]): null

2019-08-24 12:19:32 - [TEST_STEP][PASSED] - symbol = symbol: null

2019-08-24 12:19:32 - [TEST_STEP][PASSED] - println(symbol): null

2019-08-24 12:19:32 - [TEST_STEP][PASSED] - if (i == 2 &amp;&amp; wildList.indexOf(symbol) != -1): null

2019-08-24 12:19:32 - [TEST_STEP][PASSED] - if (i == 3 &amp;&amp; wildList.indexOf(symbol) != -1): null

2019-08-24 12:19:32 - [TEST_STEP][PASSED] - if (i == 4 &amp;&amp; wildList.indexOf(symbol) != -1): null

2019-08-24 12:19:32 - [TEST_STEP][PASSED] - symbol = symbol: null

2019-08-24 12:19:35 - [TEST_STEP][PASSED] - println(symbol): null

2019-08-24 12:19:35 - [TEST_STEP][PASSED] - if (i == 2 &amp;&amp; wildList.indexOf(symbol) != -1): null

2019-08-24 12:19:35 - [TEST_STEP][PASSED] - if (i == 3 &amp;&amp; wildList.indexOf(symbol) != -1): null

2019-08-24 12:19:35 - [TEST_STEP][PASSED] - if (i == 4 &amp;&amp; wildList.indexOf(symbol) != -1): null

2019-08-24 12:19:35 - [TEST_STEP][PASSED] - symbol = symbol: null

2019-08-24 12:19:35 - [TEST_STEP][PASSED] - println(symbol): null

2019-08-24 12:19:35 - [TEST_STEP][PASSED] - if (i == 2 &amp;&amp; wildList.indexOf(symbol) != -1): null

2019-08-24 12:19:35 - [TEST_STEP][PASSED] - if (i == 3 &amp;&amp; wildList.indexOf(symbol) != -1): null

2019-08-24 12:19:35 - [TEST_STEP][PASSED] - if (i == 4 &amp;&amp; wildList.indexOf(symbol) != -1): null

2019-08-24 12:19:35 - [TEST_STEP][PASSED] - free_spin_reel_counter = free_spin_reel_counter: null

2019-08-24 12:19:35 - [TEST_STEP][PASSED] - println("reel 3 wild found: " + free_spin_reel_counter[0]): null

2019-08-24 12:19:35 - [TEST_STEP][PASSED] - println("reel 4 wild found: " + free_spin_reel_counter[1]): null

2019-08-24 12:19:35 - [TEST_STEP][PASSED] - println("reel 5 wild found: " + free_spin_reel_counter[2]): null

2019-08-24 12:19:35 - [TEST_STEP][PASSED] - M4_spin_reels = M4_spin_reels: null

2019-08-24 12:19:35 - [TEST_STEP][PASSED] - M4_spin_reels_symbols = symbol: null

2019-08-24 12:19:35 - [TEST_STEP][PASSED] - M4_spin_reels_symbols = M4_spin_reels_symbols: null

2019-08-24 12:19:35 - [TEST_STEP][PASSED] - M4_spin_reel_wins = reel_wins: null

2019-08-24 12:19:35 - [TEST_STEP][PASSED] - M4_spin_reel_wins = M4_spin_reel_wins: null

2019-08-24 12:19:35 - [TEST_STEP][PASSED] - println("GlobalVariable.M4_spin_reel_wins is: " + M4_spin_reel_wins): null

2019-08-24 12:19:35 - [TEST_STEP][PASSED] - M4_spin_total_bonus_win_this_round = total_bonus_win_this_round: null

2019-08-24 12:19:35 - [TEST_STEP][PASSED] - M4_spin_total_bonus_win_this_round = M4_spin_total_bonus_win_this_round: null

2019-08-24 12:19:35 - [TEST_STEP][PASSED] - println("GlobalVariable.M4_spin_total_bonus_win_this_round is: " + M4_spin_total_bonus_win_this_round): null

2019-08-24 12:19:35 - [TEST_STEP][PASSED] - M4_spin_bonus_spin_result = spin_result: null

2019-08-24 12:19:35 - [TEST_STEP][PASSED] - M4_spin_bonus_spin_result = M4_spin_bonus_spin_result: null

2019-08-24 12:19:35 - [MESSAGE][PASSED] - Verify response successfully

2019-08-24 12:19:35 - [MESSAGE][PASSED] - Send request and verify the response successfully

2019-08-24 12:19:35 - [TEST_STEP][PASSED] - if (M4_total_bonus_spins_int != 0 &amp;&amp; M4_spin_reels_symbols[2].contains("WILD_ExtraFG") || M4_spin_reels_symbols[3].contains("WILD_ExtraFG")): null

2019-08-24 12:19:35 - [TEST_STEP][PASSED] - free_spin_reel_counter = free_spin_reel_counter: null

2019-08-24 12:19:35 - [TEST_STEP][PASSED] - M4_spin_reels_symbols = M4_spin_reels_symbols: null

2019-08-24 12:19:35 - [TEST_STEP][PASSED] - M4_total_bonus_spins = M4_total_bonus_spins: null

2019-08-24 12:19:35 - [TEST_STEP][PASSED] - spin_result = sendRequestAndVerify(findTestObject("INT/RGS(M4)/1_M4_spin", ["M4_login_user_id":M4_login_user_id, "rgs_session_token":rgs_session_token, "partner":Partner])): Send request and verify the response successfully

2019-08-24 12:19:36 - [MESSAGE][INFO] - HAR: /Users/eiralee/Katalon_Script/SuperWild/Reports/20190824_120919/INT/superWild_3/20190824_120919/requests/main/171.har

2019-08-24 12:19:36 - [TEST_CASE][PASSED] - Start Test Case : Verification: Verification accomplished successfully

2019-08-24 12:19:36 - [TEST_STEP][PASSED] - request = getInstance().getCurrentRequest(): null

2019-08-24 12:19:36 - [TEST_STEP][PASSED] - response = getInstance().getCurrentResponse(): null

2019-08-24 12:19:36 - [TEST_STEP][PASSED] - verifyResponseStatusCode(response, 200): Verify response status code successfully

2019-08-24 12:19:36 - [MESSAGE][PASSED] - Verify response status code successfully

2019-08-24 12:19:36 - [TEST_STEP][PASSED] - getStatusCode()).isEqualTo(200): null

2019-08-24 12:19:36 - [TEST_STEP][PASSED] - newline = System.getProperty("line.separator"): null

2019-08-24 12:19:36 - [TEST_STEP][PASSED] - M4_spin = new groovy.json.JsonSlurper(): null

2019-08-24 12:19:36 - [TEST_STEP][PASSED] - result_M4_spin = M4_spin.parseText(response.getResponseBodyContent()): null

2019-08-24 12:19:36 - [TEST_STEP][PASSED] - M4_spin_current_balance = current_balance: null

2019-08-24 12:19:36 - [TEST_STEP][PASSED] - M4_spin_current_balance = M4_spin_current_balance: null

2019-08-24 12:19:36 - [TEST_STEP][PASSED] - M4_spin_transaction_id = causality: null

2019-08-24 12:19:36 - [TEST_STEP][PASSED] - M4_spin_transaction_id = M4_spin_transaction_id: null

2019-08-24 12:19:36 - [TEST_STEP][PASSED] - M4_spin_round_id = round_id: null

2019-08-24 12:19:36 - [TEST_STEP][PASSED] - M4_spin_round_id = M4_spin_round_id: null

2019-08-24 12:19:36 - [TEST_STEP][PASSED] - M4_spin_line_wins = line_wins: null

2019-08-24 12:19:36 - [TEST_STEP][PASSED] - M4_spin_line_wins = M4_spin_line_wins: null

2019-08-24 12:19:36 - [TEST_STEP][PASSED] - M4_total_bonus_spins_int = total_bonus_spins: null

2019-08-24 12:19:36 - [TEST_STEP][PASSED] - println("******M4_total_bonus_spins type is:*******" + newline + getClass().getName()): null

2019-08-24 12:19:36 - [TEST_STEP][PASSED] - M4_total_bonus_spins_int = M4_total_bonus_spins_int: null

2019-08-24 12:19:36 - [TEST_STEP][PASSED] - M4_total_bonus_spins = Integer.toString(M4_total_bonus_spins_int): null

2019-08-24 12:19:36 - [TEST_STEP][PASSED] - M4_total_bonus_spins = M4_total_bonus_spins: null

2019-08-24 12:19:36 - [TEST_STEP][PASSED] - println("M4_total_bonus_spins is:" + M4_total_bonus_spins): null

2019-08-24 12:19:36 - [TEST_STEP][PASSED] - M4_spin_bonus_data = bonus_data: null

2019-08-24 12:19:36 - [TEST_STEP][PASSED] - M4_spin_features_triggered = result_M4_spin: null

2019-08-24 12:19:36 - [TEST_STEP][PASSED] - wild = []: null

2019-08-24 12:19:36 - [TEST_STEP][PASSED] - wild[0] = "WILD_Expanding": null

2019-08-24 12:19:36 - [TEST_STEP][PASSED] - wild[1] = "WILD_Normal": null

2019-08-24 12:19:36 - [TEST_STEP][PASSED] - wild[2] = "WILD_Double": null

2019-08-24 12:19:36 - [TEST_STEP][PASSED] - wild[3] = "WILD_ExtraFG": null

2019-08-24 12:19:36 - [TEST_STEP][PASSED] - wild[4] = "WILD_Triple": null

2019-08-24 12:19:36 - [TEST_STEP][PASSED] - wildList = Arrays.asList(wild): null

2019-08-24 12:19:36 - [TEST_STEP][PASSED] - wildList = wildList: null

2019-08-24 12:19:36 - [TEST_STEP][PASSED] - free_spin_reel_counter = []: null

2019-08-24 12:19:36 - [TEST_STEP][PASSED] - free_spin_reel_counter[0] = 0: null

2019-08-24 12:19:36 - [TEST_STEP][PASSED] - free_spin_reel_counter[1] = 0: null

2019-08-24 12:19:36 - [TEST_STEP][PASSED] - free_spin_reel_counter[2] = 0: null

2019-08-24 12:19:36 - [TEST_STEP][PASSED] - M4_spin_reels = reels: null

2019-08-24 12:19:36 - [TEST_STEP][PASSED] - for ([i = 0, i &lt; M4_spin_reels.size(), (i++)]): null

2019-08-24 12:19:36 - [TEST_STEP][PASSED] - symbols = symbols: null

2019-08-24 12:19:36 - [TEST_STEP][PASSED] - for ([j = 0, j &lt; symbols.size(), (j++)]): null

2019-08-24 12:19:36 - [TEST_STEP][PASSED] - symbol = symbol: null

2019-08-24 12:19:36 - [TEST_STEP][PASSED] - println(symbol): null

2019-08-24 12:19:36 - [TEST_STEP][PASSED] - if (i == 2 &amp;&amp; wildList.indexOf(symbol) != -1): null

2019-08-24 12:19:36 - [TEST_STEP][PASSED] - if (i == 3 &amp;&amp; wildList.indexOf(symbol) != -1): null

2019-08-24 12:19:36 - [TEST_STEP][PASSED] - if (i == 4 &amp;&amp; wildList.indexOf(symbol) != -1): null

2019-08-24 12:19:36 - [TEST_STEP][PASSED] - symbol = symbol: null

2019-08-24 12:19:36 - [TEST_STEP][PASSED] - println(symbol): null

2019-08-24 12:19:36 - [TEST_STEP][PASSED] - if (i == 2 &amp;&amp; wildList.indexOf(symbol) != -1): null

2019-08-24 12:19:36 - [TEST_STEP][PASSED] - if (i == 3 &amp;&amp; wildList.indexOf(symbol) != -1): null

2019-08-24 12:19:36 - [TEST_STEP][PASSED] - if (i == 4 &amp;&amp; wildList.indexOf(symbol) != -1): null

2019-08-24 12:19:36 - [TEST_STEP][PASSED] - symbol = symbol: null

2019-08-24 12:19:36 - [TEST_STEP][PASSED] - println(symbol): null

2019-08-24 12:19:36 - [TEST_STEP][PASSED] - if (i == 2 &amp;&amp; wildList.indexOf(symbol) != -1): null

2019-08-24 12:19:36 - [TEST_STEP][PASSED] - if (i == 3 &amp;&amp; wildList.indexOf(symbol) != -1): null

2019-08-24 12:19:36 - [TEST_STEP][PASSED] - if (i == 4 &amp;&amp; wildList.indexOf(symbol) != -1): null

2019-08-24 12:19:36 - [TEST_STEP][PASSED] - symbols = symbols: null

2019-08-24 12:19:36 - [TEST_STEP][PASSED] - for ([j = 0, j &lt; symbols.size(), (j++)]): null

2019-08-24 12:19:36 - [TEST_STEP][PASSED] - symbol = symbol: null

2019-08-24 12:19:36 - [TEST_STEP][PASSED] - println(symbol): null

2019-08-24 12:19:36 - [TEST_STEP][PASSED] - if (i == 2 &amp;&amp; wildList.indexOf(symbol) != -1): null

2019-08-24 12:19:36 - [TEST_STEP][PASSED] - if (i == 3 &amp;&amp; wildList.indexOf(symbol) != -1): null

2019-08-24 12:19:36 - [TEST_STEP][PASSED] - if (i == 4 &amp;&amp; wildList.indexOf(symbol) != -1): null

2019-08-24 12:19:36 - [TEST_STEP][PASSED] - symbol = symbol: null

2019-08-24 12:19:36 - [TEST_STEP][PASSED] - println(symbol): null

2019-08-24 12:19:36 - [TEST_STEP][PASSED] - if (i == 2 &amp;&amp; wildList.indexOf(symbol) != -1): null

2019-08-24 12:19:36 - [TEST_STEP][PASSED] - if (i == 3 &amp;&amp; wildList.indexOf(symbol) != -1): null

2019-08-24 12:19:36 - [TEST_STEP][PASSED] - if (i == 4 &amp;&amp; wildList.indexOf(symbol) != -1): null

2019-08-24 12:19:36 - [TEST_STEP][PASSED] - symbol = symbol: null

2019-08-24 12:19:36 - [TEST_STEP][PASSED] - println(symbol): null

2019-08-24 12:19:36 - [TEST_STEP][PASSED] - if (i == 2 &amp;&amp; wildList.indexOf(symbol) != -1): null

2019-08-24 12:19:36 - [TEST_STEP][PASSED] - if (i == 3 &amp;&amp; wildList.indexOf(symbol) != -1): null

2019-08-24 12:19:36 - [TEST_STEP][PASSED] - if (i == 4 &amp;&amp; wildList.indexOf(symbol) != -1): null

2019-08-24 12:19:36 - [TEST_STEP][PASSED] - symbols = symbols: null

2019-08-24 12:19:36 - [TEST_STEP][PASSED] - for ([j = 0, j &lt; symbols.size(), (j++)]): null

2019-08-24 12:19:36 - [TEST_STEP][PASSED] - symbol = symbol: null

2019-08-24 12:19:36 - [TEST_STEP][PASSED] - println(symbol): null

2019-08-24 12:19:36 - [TEST_STEP][PASSED] - if (i == 2 &amp;&amp; wildList.indexOf(symbol) != -1): null

2019-08-24 12:19:36 - [TEST_STEP][PASSED] - if (i == 3 &amp;&amp; wildList.indexOf(symbol) != -1): null

2019-08-24 12:19:36 - [TEST_STEP][PASSED] - if (i == 4 &amp;&amp; wildList.indexOf(symbol) != -1): null

2019-08-24 12:19:36 - [TEST_STEP][PASSED] - symbol = symbol: null

2019-08-24 12:19:36 - [TEST_STEP][PASSED] - println(symbol): null

2019-08-24 12:19:36 - [TEST_STEP][PASSED] - if (i == 2 &amp;&amp; wildList.indexOf(symbol) != -1): null

2019-08-24 12:19:36 - [TEST_STEP][PASSED] - if (i == 3 &amp;&amp; wildList.indexOf(symbol) != -1): null

2019-08-24 12:19:36 - [TEST_STEP][PASSED] - if (i == 4 &amp;&amp; wildList.indexOf(symbol) != -1): null

2019-08-24 12:19:36 - [TEST_STEP][PASSED] - symbol = symbol: null

2019-08-24 12:19:36 - [TEST_STEP][PASSED] - println(symbol): null

2019-08-24 12:19:36 - [TEST_STEP][PASSED] - if (i == 2 &amp;&amp; wildList.indexOf(symbol) != -1): null

2019-08-24 12:19:36 - [TEST_STEP][PASSED] - if (i == 3 &amp;&amp; wildList.indexOf(symbol) != -1): null

2019-08-24 12:19:36 - [TEST_STEP][PASSED] - if (i == 4 &amp;&amp; wildList.indexOf(symbol) != -1): null

2019-08-24 12:19:36 - [TEST_STEP][PASSED] - symbols = symbols: null

2019-08-24 12:19:36 - [TEST_STEP][PASSED] - for ([j = 0, j &lt; symbols.size(), (j++)]): null

2019-08-24 12:19:36 - [TEST_STEP][PASSED] - symbol = symbol: null

2019-08-24 12:19:36 - [TEST_STEP][PASSED] - println(symbol): null

2019-08-24 12:19:36 - [TEST_STEP][PASSED] - if (i == 2 &amp;&amp; wildList.indexOf(symbol) != -1): null

2019-08-24 12:19:36 - [TEST_STEP][PASSED] - if (i == 3 &amp;&amp; wildList.indexOf(symbol) != -1): null

2019-08-24 12:19:36 - [TEST_STEP][PASSED] - if (i == 4 &amp;&amp; wildList.indexOf(symbol) != -1): null

2019-08-24 12:19:36 - [TEST_STEP][PASSED] - symbol = symbol: null

2019-08-24 12:19:36 - [TEST_STEP][PASSED] - println(symbol): null

2019-08-24 12:19:36 - [TEST_STEP][PASSED] - if (i == 2 &amp;&amp; wildList.indexOf(symbol) != -1): null

2019-08-24 12:19:36 - [TEST_STEP][PASSED] - if (i == 3 &amp;&amp; wildList.indexOf(symbol) != -1): null

2019-08-24 12:19:36 - [TEST_STEP][PASSED] - if (i == 4 &amp;&amp; wildList.indexOf(symbol) != -1): null

2019-08-24 12:19:36 - [TEST_STEP][PASSED] - symbol = symbol: null

2019-08-24 12:19:36 - [TEST_STEP][PASSED] - println(symbol): null

2019-08-24 12:19:36 - [TEST_STEP][PASSED] - if (i == 2 &amp;&amp; wildList.indexOf(symbol) != -1): null

2019-08-24 12:19:36 - [TEST_STEP][PASSED] - if (i == 3 &amp;&amp; wildList.indexOf(symbol) != -1): null

2019-08-24 12:19:36 - [TEST_STEP][PASSED] - if (i == 4 &amp;&amp; wildList.indexOf(symbol) != -1): null

2019-08-24 12:19:36 - [TEST_STEP][PASSED] - symbols = symbols: null

2019-08-24 12:19:36 - [TEST_STEP][PASSED] - for ([j = 0, j &lt; symbols.size(), (j++)]): null

2019-08-24 12:19:36 - [TEST_STEP][PASSED] - symbol = symbol: null

2019-08-24 12:19:36 - [TEST_STEP][PASSED] - println(symbol): null

2019-08-24 12:19:36 - [TEST_STEP][PASSED] - if (i == 2 &amp;&amp; wildList.indexOf(symbol) != -1): null

2019-08-24 12:19:36 - [TEST_STEP][PASSED] - if (i == 3 &amp;&amp; wildList.indexOf(symbol) != -1): null

2019-08-24 12:19:36 - [TEST_STEP][PASSED] - if (i == 4 &amp;&amp; wildList.indexOf(symbol) != -1): null

2019-08-24 12:19:36 - [TEST_STEP][PASSED] - symbol = symbol: null

2019-08-24 12:19:36 - [TEST_STEP][PASSED] - println(symbol): null

2019-08-24 12:19:36 - [TEST_STEP][PASSED] - if (i == 2 &amp;&amp; wildList.indexOf(symbol) != -1): null

2019-08-24 12:19:36 - [TEST_STEP][PASSED] - if (i == 3 &amp;&amp; wildList.indexOf(symbol) != -1): null

2019-08-24 12:19:36 - [TEST_STEP][PASSED] - if (i == 4 &amp;&amp; wildList.indexOf(symbol) != -1): null

2019-08-24 12:19:36 - [TEST_STEP][PASSED] - symbol = symbol: null

2019-08-24 12:19:36 - [TEST_STEP][PASSED] - println(symbol): null

2019-08-24 12:19:36 - [TEST_STEP][PASSED] - if (i == 2 &amp;&amp; wildList.indexOf(symbol) != -1): null

2019-08-24 12:19:36 - [TEST_STEP][PASSED] - if (i == 3 &amp;&amp; wildList.indexOf(symbol) != -1): null

2019-08-24 12:19:36 - [TEST_STEP][PASSED] - if (i == 4 &amp;&amp; wildList.indexOf(symbol) != -1): null

2019-08-24 12:19:36 - [TEST_STEP][PASSED] - free_spin_reel_counter = free_spin_reel_counter: null

2019-08-24 12:19:36 - [TEST_STEP][PASSED] - println("reel 3 wild found: " + free_spin_reel_counter[0]): null

2019-08-24 12:19:36 - [TEST_STEP][PASSED] - println("reel 4 wild found: " + free_spin_reel_counter[1]): null

2019-08-24 12:19:36 - [TEST_STEP][PASSED] - println("reel 5 wild found: " + free_spin_reel_counter[2]): null

2019-08-24 12:19:36 - [TEST_STEP][PASSED] - M4_spin_reels = M4_spin_reels: null

2019-08-24 12:19:36 - [TEST_STEP][PASSED] - M4_spin_reels_symbols = symbol: null

2019-08-24 12:19:36 - [TEST_STEP][PASSED] - M4_spin_reels_symbols = M4_spin_reels_symbols: null

2019-08-24 12:19:36 - [TEST_STEP][PASSED] - M4_spin_reel_wins = reel_wins: null

2019-08-24 12:19:36 - [TEST_STEP][PASSED] - M4_spin_reel_wins = M4_spin_reel_wins: null

2019-08-24 12:19:36 - [TEST_STEP][PASSED] - println("GlobalVariable.M4_spin_reel_wins is: " + M4_spin_reel_wins): null

2019-08-24 12:19:36 - [TEST_STEP][PASSED] - M4_spin_total_bonus_win_this_round = total_bonus_win_this_round: null

2019-08-24 12:19:36 - [TEST_STEP][PASSED] - M4_spin_total_bonus_win_this_round = M4_spin_total_bonus_win_this_round: null

2019-08-24 12:19:36 - [TEST_STEP][PASSED] - println("GlobalVariable.M4_spin_total_bonus_win_this_round is: " + M4_spin_total_bonus_win_this_round): null

2019-08-24 12:19:36 - [TEST_STEP][PASSED] - M4_spin_bonus_spin_result = spin_result: null

2019-08-24 12:19:36 - [TEST_STEP][PASSED] - M4_spin_bonus_spin_result = M4_spin_bonus_spin_result: null

2019-08-24 12:19:36 - [MESSAGE][PASSED] - Verify response successfully

2019-08-24 12:19:36 - [MESSAGE][PASSED] - Send request and verify the response successfully

2019-08-24 12:19:36 - [TEST_STEP][PASSED] - if (M4_total_bonus_spins_int != 0 &amp;&amp; M4_spin_reels_symbols[2].contains("WILD_ExtraFG") || M4_spin_reels_symbols[3].contains("WILD_ExtraFG")): null

2019-08-24 12:19:36 - [TEST_STEP][PASSED] - free_spin_reel_counter = free_spin_reel_counter: null

2019-08-24 12:19:36 - [TEST_STEP][PASSED] - M4_spin_reels_symbols = M4_spin_reels_symbols: null

2019-08-24 12:19:36 - [TEST_STEP][PASSED] - M4_total_bonus_spins = M4_total_bonus_spins: null

2019-08-24 12:19:36 - [TEST_STEP][PASSED] - spin_result = sendRequestAndVerify(findTestObject("INT/RGS(M4)/1_M4_spin", ["M4_login_user_id":M4_login_user_id, "rgs_session_token":rgs_session_token, "partner":Partner])): Send request and verify the response successfully

2019-08-24 12:19:36 - [MESSAGE][INFO] - HAR: /Users/eiralee/Katalon_Script/SuperWild/Reports/20190824_120919/INT/superWild_3/20190824_120919/requests/main/172.har

2019-08-24 12:19:36 - [TEST_CASE][PASSED] - Start Test Case : Verification: Verification accomplished successfully

2019-08-24 12:19:37 - [TEST_STEP][PASSED] - request = getInstance().getCurrentRequest(): null

2019-08-24 12:19:37 - [TEST_STEP][PASSED] - response = getInstance().getCurrentResponse(): null

2019-08-24 12:19:37 - [TEST_STEP][PASSED] - verifyResponseStatusCode(response, 200): Verify response status code successfully

2019-08-24 12:19:37 - [MESSAGE][PASSED] - Verify response status code successfully

2019-08-24 12:19:37 - [TEST_STEP][PASSED] - getStatusCode()).isEqualTo(200): null

2019-08-24 12:19:37 - [TEST_STEP][PASSED] - newline = System.getProperty("line.separator"): null

2019-08-24 12:19:37 - [TEST_STEP][PASSED] - M4_spin = new groovy.json.JsonSlurper(): null

2019-08-24 12:19:37 - [TEST_STEP][PASSED] - result_M4_spin = M4_spin.parseText(response.getResponseBodyContent()): null

2019-08-24 12:19:37 - [TEST_STEP][PASSED] - M4_spin_current_balance = current_balance: null

2019-08-24 12:19:37 - [TEST_STEP][PASSED] - M4_spin_current_balance = M4_spin_current_balance: null

2019-08-24 12:19:37 - [TEST_STEP][PASSED] - M4_spin_transaction_id = causality: null

2019-08-24 12:19:37 - [TEST_STEP][PASSED] - M4_spin_transaction_id = M4_spin_transaction_id: null

2019-08-24 12:19:37 - [TEST_STEP][PASSED] - M4_spin_round_id = round_id: null

2019-08-24 12:19:37 - [TEST_STEP][PASSED] - M4_spin_round_id = M4_spin_round_id: null

2019-08-24 12:19:37 - [TEST_STEP][PASSED] - M4_spin_line_wins = line_wins: null

2019-08-24 12:19:37 - [TEST_STEP][PASSED] - M4_spin_line_wins = M4_spin_line_wins: null

2019-08-24 12:19:37 - [TEST_STEP][PASSED] - M4_total_bonus_spins_int = total_bonus_spins: null

2019-08-24 12:19:37 - [TEST_STEP][PASSED] - println("******M4_total_bonus_spins type is:*******" + newline + getClass().getName()): null

2019-08-24 12:19:37 - [TEST_STEP][PASSED] - M4_total_bonus_spins_int = M4_total_bonus_spins_int: null

2019-08-24 12:19:37 - [TEST_STEP][PASSED] - M4_total_bonus_spins = Integer.toString(M4_total_bonus_spins_int): null

2019-08-24 12:19:37 - [TEST_STEP][PASSED] - M4_total_bonus_spins = M4_total_bonus_spins: null

2019-08-24 12:19:37 - [TEST_STEP][PASSED] - println("M4_total_bonus_spins is:" + M4_total_bonus_spins): null

2019-08-24 12:19:37 - [TEST_STEP][PASSED] - M4_spin_bonus_data = bonus_data: null

2019-08-24 12:19:37 - [TEST_STEP][PASSED] - M4_spin_features_triggered = result_M4_spin: null

2019-08-24 12:19:37 - [TEST_STEP][PASSED] - wild = []: null

2019-08-24 12:19:37 - [TEST_STEP][PASSED] - wild[0] = "WILD_Expanding": null

2019-08-24 12:19:37 - [TEST_STEP][PASSED] - wild[1] = "WILD_Normal": null

2019-08-24 12:19:37 - [TEST_STEP][PASSED] - wild[2] = "WILD_Double": null

2019-08-24 12:19:37 - [TEST_STEP][PASSED] - wild[3] = "WILD_ExtraFG": null

2019-08-24 12:19:37 - [TEST_STEP][PASSED] - wild[4] = "WILD_Triple": null

2019-08-24 12:19:37 - [TEST_STEP][PASSED] - wildList = Arrays.asList(wild): null

2019-08-24 12:19:37 - [TEST_STEP][PASSED] - wildList = wildList: null

2019-08-24 12:19:37 - [TEST_STEP][PASSED] - free_spin_reel_counter = []: null

2019-08-24 12:19:37 - [TEST_STEP][PASSED] - free_spin_reel_counter[0] = 0: null

2019-08-24 12:19:37 - [TEST_STEP][PASSED] - free_spin_reel_counter[1] = 0: null

2019-08-24 12:19:37 - [TEST_STEP][PASSED] - free_spin_reel_counter[2] = 0: null

2019-08-24 12:19:37 - [TEST_STEP][PASSED] - M4_spin_reels = reels: null

2019-08-24 12:19:37 - [TEST_STEP][PASSED] - for ([i = 0, i &lt; M4_spin_reels.size(), (i++)]): null

2019-08-24 12:19:37 - [TEST_STEP][PASSED] - symbols = symbols: null

2019-08-24 12:19:37 - [TEST_STEP][PASSED] - for ([j = 0, j &lt; symbols.size(), (j++)]): null

2019-08-24 12:19:37 - [TEST_STEP][PASSED] - symbol = symbol: null

2019-08-24 12:19:37 - [TEST_STEP][PASSED] - println(symbol): null

2019-08-24 12:19:37 - [TEST_STEP][PASSED] - if (i == 2 &amp;&amp; wildList.indexOf(symbol) != -1): null

2019-08-24 12:19:37 - [TEST_STEP][PASSED] - if (i == 3 &amp;&amp; wildList.indexOf(symbol) != -1): null

2019-08-24 12:19:37 - [TEST_STEP][PASSED] - if (i == 4 &amp;&amp; wildList.indexOf(symbol) != -1): null

2019-08-24 12:19:37 - [TEST_STEP][PASSED] - symbol = symbol: null

2019-08-24 12:19:37 - [TEST_STEP][PASSED] - println(symbol): null

2019-08-24 12:19:37 - [TEST_STEP][PASSED] - if (i == 2 &amp;&amp; wildList.indexOf(symbol) != -1): null

2019-08-24 12:19:37 - [TEST_STEP][PASSED] - if (i == 3 &amp;&amp; wildList.indexOf(symbol) != -1): null

2019-08-24 12:19:37 - [TEST_STEP][PASSED] - if (i == 4 &amp;&amp; wildList.indexOf(symbol) != -1): null

2019-08-24 12:19:37 - [TEST_STEP][PASSED] - symbol = symbol: null

2019-08-24 12:19:37 - [TEST_STEP][PASSED] - println(symbol): null

2019-08-24 12:19:37 - [TEST_STEP][PASSED] - if (i == 2 &amp;&amp; wildList.indexOf(symbol) != -1): null

2019-08-24 12:19:37 - [TEST_STEP][PASSED] - if (i == 3 &amp;&amp; wildList.indexOf(symbol) != -1): null

2019-08-24 12:19:37 - [TEST_STEP][PASSED] - if (i == 4 &amp;&amp; wildList.indexOf(symbol) != -1): null

2019-08-24 12:19:37 - [TEST_STEP][PASSED] - symbols = symbols: null

2019-08-24 12:19:37 - [TEST_STEP][PASSED] - for ([j = 0, j &lt; symbols.size(), (j++)]): null

2019-08-24 12:19:37 - [TEST_STEP][PASSED] - symbol = symbol: null

2019-08-24 12:19:37 - [TEST_STEP][PASSED] - println(symbol): null

2019-08-24 12:19:37 - [TEST_STEP][PASSED] - if (i == 2 &amp;&amp; wildList.indexOf(symbol) != -1): null

2019-08-24 12:19:37 - [TEST_STEP][PASSED] - if (i == 3 &amp;&amp; wildList.indexOf(symbol) != -1): null

2019-08-24 12:19:37 - [TEST_STEP][PASSED] - if (i == 4 &amp;&amp; wildList.indexOf(symbol) != -1): null

2019-08-24 12:19:37 - [TEST_STEP][PASSED] - symbol = symbol: null

2019-08-24 12:19:37 - [TEST_STEP][PASSED] - println(symbol): null

2019-08-24 12:19:37 - [TEST_STEP][PASSED] - if (i == 2 &amp;&amp; wildList.indexOf(symbol) != -1): null

2019-08-24 12:19:37 - [TEST_STEP][PASSED] - if (i == 3 &amp;&amp; wildList.indexOf(symbol) != -1): null

2019-08-24 12:19:37 - [TEST_STEP][PASSED] - if (i == 4 &amp;&amp; wildList.indexOf(symbol) != -1): null

2019-08-24 12:19:37 - [TEST_STEP][PASSED] - symbol = symbol: null

2019-08-24 12:19:37 - [TEST_STEP][PASSED] - println(symbol): null

2019-08-24 12:19:37 - [TEST_STEP][PASSED] - if (i == 2 &amp;&amp; wildList.indexOf(symbol) != -1): null

2019-08-24 12:19:37 - [TEST_STEP][PASSED] - if (i == 3 &amp;&amp; wildList.indexOf(symbol) != -1): null

2019-08-24 12:19:37 - [TEST_STEP][PASSED] - if (i == 4 &amp;&amp; wildList.indexOf(symbol) != -1): null

2019-08-24 12:19:37 - [TEST_STEP][PASSED] - symbols = symbols: null

2019-08-24 12:19:37 - [TEST_STEP][PASSED] - for ([j = 0, j &lt; symbols.size(), (j++)]): null

2019-08-24 12:19:37 - [TEST_STEP][PASSED] - symbol = symbol: null

2019-08-24 12:19:37 - [TEST_STEP][PASSED] - println(symbol): null

2019-08-24 12:19:37 - [TEST_STEP][PASSED] - if (i == 2 &amp;&amp; wildList.indexOf(symbol) != -1): null

2019-08-24 12:19:37 - [TEST_STEP][PASSED] - if (i == 3 &amp;&amp; wildList.indexOf(symbol) != -1): null

2019-08-24 12:19:37 - [TEST_STEP][PASSED] - if (i == 4 &amp;&amp; wildList.indexOf(symbol) != -1): null

2019-08-24 12:19:37 - [TEST_STEP][PASSED] - symbol = symbol: null

2019-08-24 12:19:37 - [TEST_STEP][PASSED] - println(symbol): null

2019-08-24 12:19:37 - [TEST_STEP][PASSED] - if (i == 2 &amp;&amp; wildList.indexOf(symbol) != -1): null

2019-08-24 12:19:37 - [TEST_STEP][PASSED] - if (i == 3 &amp;&amp; wildList.indexOf(symbol) != -1): null

2019-08-24 12:19:37 - [TEST_STEP][PASSED] - if (i == 4 &amp;&amp; wildList.indexOf(symbol) != -1): null

2019-08-24 12:19:37 - [TEST_STEP][PASSED] - symbol = symbol: null

2019-08-24 12:19:37 - [TEST_STEP][PASSED] - println(symbol): null

2019-08-24 12:19:37 - [TEST_STEP][PASSED] - if (i == 2 &amp;&amp; wildList.indexOf(symbol) != -1): null

2019-08-24 12:19:37 - [TEST_STEP][PASSED] - println("wild found on reel 3, adding counter by 1"): null

2019-08-24 12:19:37 - [TEST_STEP][PASSED] - free_spin_reel_counter[0] = free_spin_reel_counter[0] + 1: null

2019-08-24 12:19:37 - [TEST_STEP][PASSED] - if (i == 3 &amp;&amp; wildList.indexOf(symbol) != -1): null

2019-08-24 12:19:37 - [TEST_STEP][PASSED] - if (i == 4 &amp;&amp; wildList.indexOf(symbol) != -1): null

2019-08-24 12:19:37 - [TEST_STEP][PASSED] - symbols = symbols: null

2019-08-24 12:19:37 - [TEST_STEP][PASSED] - for ([j = 0, j &lt; symbols.size(), (j++)]): null

2019-08-24 12:19:37 - [TEST_STEP][PASSED] - symbol = symbol: null

2019-08-24 12:19:37 - [TEST_STEP][PASSED] - println(symbol): null

2019-08-24 12:19:37 - [TEST_STEP][PASSED] - if (i == 2 &amp;&amp; wildList.indexOf(symbol) != -1): null

2019-08-24 12:19:37 - [TEST_STEP][PASSED] - if (i == 3 &amp;&amp; wildList.indexOf(symbol) != -1): null

2019-08-24 12:19:37 - [TEST_STEP][PASSED] - if (i == 4 &amp;&amp; wildList.indexOf(symbol) != -1): null

2019-08-24 12:19:37 - [TEST_STEP][PASSED] - symbol = symbol: null

2019-08-24 12:19:37 - [TEST_STEP][PASSED] - println(symbol): null

2019-08-24 12:19:37 - [TEST_STEP][PASSED] - if (i == 2 &amp;&amp; wildList.indexOf(symbol) != -1): null

2019-08-24 12:19:37 - [TEST_STEP][PASSED] - if (i == 3 &amp;&amp; wildList.indexOf(symbol) != -1): null

2019-08-24 12:19:37 - [TEST_STEP][PASSED] - if (i == 4 &amp;&amp; wildList.indexOf(symbol) != -1): null

2019-08-24 12:19:37 - [TEST_STEP][PASSED] - symbol = symbol: null

2019-08-24 12:19:37 - [TEST_STEP][PASSED] - println(symbol): null

2019-08-24 12:19:37 - [TEST_STEP][PASSED] - if (i == 2 &amp;&amp; wildList.indexOf(symbol) != -1): null

2019-08-24 12:19:37 - [TEST_STEP][PASSED] - if (i == 3 &amp;&amp; wildList.indexOf(symbol) != -1): null

2019-08-24 12:19:37 - [TEST_STEP][PASSED] - if (i == 4 &amp;&amp; wildList.indexOf(symbol) != -1): null

2019-08-24 12:19:37 - [TEST_STEP][PASSED] - symbols = symbols: null

2019-08-24 12:19:37 - [TEST_STEP][PASSED] - for ([j = 0, j &lt; symbols.size(), (j++)]): null

2019-08-24 12:19:37 - [TEST_STEP][PASSED] - symbol = symbol: null

2019-08-24 12:19:37 - [TEST_STEP][PASSED] - println(symbol): null

2019-08-24 12:19:37 - [TEST_STEP][PASSED] - if (i == 2 &amp;&amp; wildList.indexOf(symbol) != -1): null

2019-08-24 12:19:37 - [TEST_STEP][PASSED] - if (i == 3 &amp;&amp; wildList.indexOf(symbol) != -1): null

2019-08-24 12:19:37 - [TEST_STEP][PASSED] - if (i == 4 &amp;&amp; wildList.indexOf(symbol) != -1): null

2019-08-24 12:19:37 - [TEST_STEP][PASSED] - symbol = symbol: null

2019-08-24 12:19:37 - [TEST_STEP][PASSED] - println(symbol): null

2019-08-24 12:19:37 - [TEST_STEP][PASSED] - if (i == 2 &amp;&amp; wildList.indexOf(symbol) != -1): null

2019-08-24 12:19:37 - [TEST_STEP][PASSED] - if (i == 3 &amp;&amp; wildList.indexOf(symbol) != -1): null

2019-08-24 12:19:37 - [TEST_STEP][PASSED] - if (i == 4 &amp;&amp; wildList.indexOf(symbol) != -1): null

2019-08-24 12:19:37 - [TEST_STEP][PASSED] - println("wild found on reel 5, adding counter by 1"): null

2019-08-24 12:19:37 - [TEST_STEP][PASSED] - free_spin_reel_counter[2] = free_spin_reel_counter[2] + 1: null

2019-08-24 12:19:37 - [TEST_STEP][PASSED] - symbol = symbol: null

2019-08-24 12:19:37 - [TEST_STEP][PASSED] - println(symbol): null

2019-08-24 12:19:37 - [TEST_STEP][PASSED] - if (i == 2 &amp;&amp; wildList.indexOf(symbol) != -1): null

2019-08-24 12:19:37 - [TEST_STEP][PASSED] - if (i == 3 &amp;&amp; wildList.indexOf(symbol) != -1): null

2019-08-24 12:19:37 - [TEST_STEP][PASSED] - if (i == 4 &amp;&amp; wildList.indexOf(symbol) != -1): null

2019-08-24 12:19:37 - [TEST_STEP][PASSED] - free_spin_reel_counter = free_spin_reel_counter: null

2019-08-24 12:19:37 - [TEST_STEP][PASSED] - println("reel 3 wild found: " + free_spin_reel_counter[0]): null

2019-08-24 12:19:37 - [TEST_STEP][PASSED] - println("reel 4 wild found: " + free_spin_reel_counter[1]): null

2019-08-24 12:19:37 - [TEST_STEP][PASSED] - println("reel 5 wild found: " + free_spin_reel_counter[2]): null

2019-08-24 12:19:37 - [TEST_STEP][PASSED] - M4_spin_reels = M4_spin_reels: null

2019-08-24 12:19:37 - [TEST_STEP][PASSED] - M4_spin_reels_symbols = symbol: null

2019-08-24 12:19:37 - [TEST_STEP][PASSED] - M4_spin_reels_symbols = M4_spin_reels_symbols: null

2019-08-24 12:19:37 - [TEST_STEP][PASSED] - M4_spin_reel_wins = reel_wins: null

2019-08-24 12:19:37 - [TEST_STEP][PASSED] - M4_spin_reel_wins = M4_spin_reel_wins: null

2019-08-24 12:19:37 - [TEST_STEP][PASSED] - println("GlobalVariable.M4_spin_reel_wins is: " + M4_spin_reel_wins): null

2019-08-24 12:19:37 - [TEST_STEP][PASSED] - M4_spin_total_bonus_win_this_round = total_bonus_win_this_round: null

2019-08-24 12:19:37 - [TEST_STEP][PASSED] - M4_spin_total_bonus_win_this_round = M4_spin_total_bonus_win_this_round: null

2019-08-24 12:19:37 - [TEST_STEP][PASSED] - println("GlobalVariable.M4_spin_total_bonus_win_this_round is: " + M4_spin_total_bonus_win_this_round): null

2019-08-24 12:19:37 - [TEST_STEP][PASSED] - M4_spin_bonus_spin_result = spin_result: null

2019-08-24 12:19:37 - [TEST_STEP][PASSED] - M4_spin_bonus_spin_result = M4_spin_bonus_spin_result: null

2019-08-24 12:19:41 - [MESSAGE][PASSED] - Verify response successfully

2019-08-24 12:19:41 - [MESSAGE][PASSED] - Send request and verify the response successfully

2019-08-24 12:19:41 - [TEST_STEP][PASSED] - if (M4_total_bonus_spins_int != 0 &amp;&amp; M4_spin_reels_symbols[2].contains("WILD_ExtraFG") || M4_spin_reels_symbols[3].contains("WILD_ExtraFG")): null

2019-08-24 12:19:41 - [TEST_STEP][PASSED] - free_spin_reel_counter = free_spin_reel_counter: null

2019-08-24 12:19:41 - [TEST_STEP][PASSED] - M4_spin_reels_symbols = M4_spin_reels_symbols: null

2019-08-24 12:19:41 - [TEST_STEP][PASSED] - M4_total_bonus_spins = M4_total_bonus_spins: null

2019-08-24 12:19:41 - [TEST_STEP][PASSED] - spin_result = sendRequestAndVerify(findTestObject("INT/RGS(M4)/1_M4_spin", ["M4_login_user_id":M4_login_user_id, "rgs_session_token":rgs_session_token, "partner":Partner])): Send request and verify the response successfully

2019-08-24 12:19:42 - [MESSAGE][INFO] - HAR: /Users/eiralee/Katalon_Script/SuperWild/Reports/20190824_120919/INT/superWild_3/20190824_120919/requests/main/173.har

2019-08-24 12:19:42 - [TEST_CASE][PASSED] - Start Test Case : Verification: Verification accomplished successfully

2019-08-24 12:19:42 - [TEST_STEP][PASSED] - request = getInstance().getCurrentRequest(): null

2019-08-24 12:19:42 - [TEST_STEP][PASSED] - response = getInstance().getCurrentResponse(): null

2019-08-24 12:19:44 - [TEST_STEP][PASSED] - verifyResponseStatusCode(response, 200): Verify response status code successfully

2019-08-24 12:19:44 - [MESSAGE][PASSED] - Verify response status code successfully

2019-08-24 12:19:44 - [TEST_STEP][PASSED] - getStatusCode()).isEqualTo(200): null

2019-08-24 12:19:44 - [TEST_STEP][PASSED] - newline = System.getProperty("line.separator"): null

2019-08-24 12:19:44 - [TEST_STEP][PASSED] - M4_spin = new groovy.json.JsonSlurper(): null

2019-08-24 12:19:44 - [TEST_STEP][PASSED] - result_M4_spin = M4_spin.parseText(response.getResponseBodyContent()): null

2019-08-24 12:19:44 - [TEST_STEP][PASSED] - M4_spin_current_balance = current_balance: null

2019-08-24 12:19:44 - [TEST_STEP][PASSED] - M4_spin_current_balance = M4_spin_current_balance: null

2019-08-24 12:19:44 - [TEST_STEP][PASSED] - M4_spin_transaction_id = causality: null

2019-08-24 12:19:44 - [TEST_STEP][PASSED] - M4_spin_transaction_id = M4_spin_transaction_id: null

2019-08-24 12:19:44 - [TEST_STEP][PASSED] - M4_spin_round_id = round_id: null

2019-08-24 12:19:44 - [TEST_STEP][PASSED] - M4_spin_round_id = M4_spin_round_id: null

2019-08-24 12:19:44 - [TEST_STEP][PASSED] - M4_spin_line_wins = line_wins: null

2019-08-24 12:19:44 - [TEST_STEP][PASSED] - M4_spin_line_wins = M4_spin_line_wins: null

2019-08-24 12:19:44 - [TEST_STEP][PASSED] - M4_total_bonus_spins_int = total_bonus_spins: null

2019-08-24 12:19:44 - [TEST_STEP][PASSED] - println("******M4_total_bonus_spins type is:*******" + newline + getClass().getName()): null

2019-08-24 12:19:44 - [TEST_STEP][PASSED] - M4_total_bonus_spins_int = M4_total_bonus_spins_int: null

2019-08-24 12:19:44 - [TEST_STEP][PASSED] - M4_total_bonus_spins = Integer.toString(M4_total_bonus_spins_int): null

2019-08-24 12:19:44 - [TEST_STEP][PASSED] - M4_total_bonus_spins = M4_total_bonus_spins: null

2019-08-24 12:19:44 - [TEST_STEP][PASSED] - println("M4_total_bonus_spins is:" + M4_total_bonus_spins): null

2019-08-24 12:19:44 - [TEST_STEP][PASSED] - M4_spin_bonus_data = bonus_data: null

2019-08-24 12:19:44 - [TEST_STEP][PASSED] - M4_spin_features_triggered = result_M4_spin: null

2019-08-24 12:19:44 - [TEST_STEP][PASSED] - wild = []: null

2019-08-24 12:19:44 - [TEST_STEP][PASSED] - wild[0] = "WILD_Expanding": null

2019-08-24 12:19:44 - [TEST_STEP][PASSED] - wild[1] = "WILD_Normal": null

2019-08-24 12:19:44 - [TEST_STEP][PASSED] - wild[2] = "WILD_Double": null

2019-08-24 12:19:44 - [TEST_STEP][PASSED] - wild[3] = "WILD_ExtraFG": null

2019-08-24 12:19:44 - [TEST_STEP][PASSED] - wild[4] = "WILD_Triple": null

2019-08-24 12:19:44 - [TEST_STEP][PASSED] - wildList = Arrays.asList(wild): null

2019-08-24 12:19:44 - [TEST_STEP][PASSED] - wildList = wildList: null

2019-08-24 12:19:44 - [TEST_STEP][PASSED] - free_spin_reel_counter = []: null

2019-08-24 12:19:44 - [TEST_STEP][PASSED] - free_spin_reel_counter[0] = 0: null

2019-08-24 12:19:44 - [TEST_STEP][PASSED] - free_spin_reel_counter[1] = 0: null

2019-08-24 12:19:44 - [TEST_STEP][PASSED] - free_spin_reel_counter[2] = 0: null

2019-08-24 12:19:44 - [TEST_STEP][PASSED] - M4_spin_reels = reels: null

2019-08-24 12:19:44 - [TEST_STEP][PASSED] - for ([i = 0, i &lt; M4_spin_reels.size(), (i++)]): null

2019-08-24 12:19:44 - [TEST_STEP][PASSED] - symbols = symbols: null

2019-08-24 12:19:44 - [TEST_STEP][PASSED] - for ([j = 0, j &lt; symbols.size(), (j++)]): null

2019-08-24 12:19:44 - [TEST_STEP][PASSED] - symbol = symbol: null

2019-08-24 12:19:44 - [TEST_STEP][PASSED] - println(symbol): null

2019-08-24 12:19:44 - [TEST_STEP][PASSED] - if (i == 2 &amp;&amp; wildList.indexOf(symbol) != -1): null

2019-08-24 12:19:44 - [TEST_STEP][PASSED] - if (i == 3 &amp;&amp; wildList.indexOf(symbol) != -1): null

2019-08-24 12:19:44 - [TEST_STEP][PASSED] - if (i == 4 &amp;&amp; wildList.indexOf(symbol) != -1): null

2019-08-24 12:19:44 - [TEST_STEP][PASSED] - symbol = symbol: null

2019-08-24 12:19:44 - [TEST_STEP][PASSED] - println(symbol): null

2019-08-24 12:19:44 - [TEST_STEP][PASSED] - if (i == 2 &amp;&amp; wildList.indexOf(symbol) != -1): null

2019-08-24 12:19:44 - [TEST_STEP][PASSED] - if (i == 3 &amp;&amp; wildList.indexOf(symbol) != -1): null

2019-08-24 12:19:44 - [TEST_STEP][PASSED] - if (i == 4 &amp;&amp; wildList.indexOf(symbol) != -1): null

2019-08-24 12:19:44 - [TEST_STEP][PASSED] - symbol = symbol: null

2019-08-24 12:19:44 - [TEST_STEP][PASSED] - println(symbol): null

2019-08-24 12:19:44 - [TEST_STEP][PASSED] - if (i == 2 &amp;&amp; wildList.indexOf(symbol) != -1): null

2019-08-24 12:19:44 - [TEST_STEP][PASSED] - if (i == 3 &amp;&amp; wildList.indexOf(symbol) != -1): null

2019-08-24 12:19:44 - [TEST_STEP][PASSED] - if (i == 4 &amp;&amp; wildList.indexOf(symbol) != -1): null

2019-08-24 12:19:44 - [TEST_STEP][PASSED] - symbols = symbols: null

2019-08-24 12:19:44 - [TEST_STEP][PASSED] - for ([j = 0, j &lt; symbols.size(), (j++)]): null

2019-08-24 12:19:44 - [TEST_STEP][PASSED] - symbol = symbol: null

2019-08-24 12:19:44 - [TEST_STEP][PASSED] - println(symbol): null

2019-08-24 12:19:44 - [TEST_STEP][PASSED] - if (i == 2 &amp;&amp; wildList.indexOf(symbol) != -1): null

2019-08-24 12:19:44 - [TEST_STEP][PASSED] - if (i == 3 &amp;&amp; wildList.indexOf(symbol) != -1): null

2019-08-24 12:19:44 - [TEST_STEP][PASSED] - if (i == 4 &amp;&amp; wildList.indexOf(symbol) != -1): null

2019-08-24 12:19:44 - [TEST_STEP][PASSED] - symbol = symbol: null

2019-08-24 12:19:44 - [TEST_STEP][PASSED] - println(symbol): null

2019-08-24 12:19:44 - [TEST_STEP][PASSED] - if (i == 2 &amp;&amp; wildList.indexOf(symbol) != -1): null

2019-08-24 12:19:44 - [TEST_STEP][PASSED] - if (i == 3 &amp;&amp; wildList.indexOf(symbol) != -1): null

2019-08-24 12:19:44 - [TEST_STEP][PASSED] - if (i == 4 &amp;&amp; wildList.indexOf(symbol) != -1): null

2019-08-24 12:19:44 - [TEST_STEP][PASSED] - symbol = symbol: null

2019-08-24 12:19:44 - [TEST_STEP][PASSED] - println(symbol): null

2019-08-24 12:19:44 - [TEST_STEP][PASSED] - if (i == 2 &amp;&amp; wildList.indexOf(symbol) != -1): null

2019-08-24 12:19:44 - [TEST_STEP][PASSED] - if (i == 3 &amp;&amp; wildList.indexOf(symbol) != -1): null

2019-08-24 12:19:44 - [TEST_STEP][PASSED] - if (i == 4 &amp;&amp; wildList.indexOf(symbol) != -1): null

2019-08-24 12:19:44 - [TEST_STEP][PASSED] - symbols = symbols: null

2019-08-24 12:19:44 - [TEST_STEP][PASSED] - for ([j = 0, j &lt; symbols.size(), (j++)]): null

2019-08-24 12:19:44 - [TEST_STEP][PASSED] - symbol = symbol: null

2019-08-24 12:19:44 - [TEST_STEP][PASSED] - println(symbol): null

2019-08-24 12:19:44 - [TEST_STEP][PASSED] - if (i == 2 &amp;&amp; wildList.indexOf(symbol) != -1): null

2019-08-24 12:19:44 - [TEST_STEP][PASSED] - if (i == 3 &amp;&amp; wildList.indexOf(symbol) != -1): null

2019-08-24 12:19:44 - [TEST_STEP][PASSED] - if (i == 4 &amp;&amp; wildList.indexOf(symbol) != -1): null

2019-08-24 12:19:44 - [TEST_STEP][PASSED] - symbol = symbol: null

2019-08-24 12:19:44 - [TEST_STEP][PASSED] - println(symbol): null

2019-08-24 12:19:44 - [TEST_STEP][PASSED] - if (i == 2 &amp;&amp; wildList.indexOf(symbol) != -1): null

2019-08-24 12:19:44 - [TEST_STEP][PASSED] - if (i == 3 &amp;&amp; wildList.indexOf(symbol) != -1): null

2019-08-24 12:19:44 - [TEST_STEP][PASSED] - if (i == 4 &amp;&amp; wildList.indexOf(symbol) != -1): null

2019-08-24 12:19:44 - [TEST_STEP][PASSED] - symbol = symbol: null

2019-08-24 12:19:44 - [TEST_STEP][PASSED] - println(symbol): null

2019-08-24 12:19:44 - [TEST_STEP][PASSED] - if (i == 2 &amp;&amp; wildList.indexOf(symbol) != -1): null

2019-08-24 12:19:44 - [TEST_STEP][PASSED] - println("wild found on reel 3, adding counter by 1"): null

2019-08-24 12:19:44 - [TEST_STEP][PASSED] - free_spin_reel_counter[0] = free_spin_reel_counter[0] + 1: null

2019-08-24 12:19:44 - [TEST_STEP][PASSED] - if (i == 3 &amp;&amp; wildList.indexOf(symbol) != -1): null

2019-08-24 12:19:44 - [TEST_STEP][PASSED] - if (i == 4 &amp;&amp; wildList.indexOf(symbol) != -1): null

2019-08-24 12:19:44 - [TEST_STEP][PASSED] - symbols = symbols: null

2019-08-24 12:19:44 - [TEST_STEP][PASSED] - for ([j = 0, j &lt; symbols.size(), (j++)]): null

2019-08-24 12:19:44 - [TEST_STEP][PASSED] - symbol = symbol: null

2019-08-24 12:19:44 - [TEST_STEP][PASSED] - println(symbol): null

2019-08-24 12:19:44 - [TEST_STEP][PASSED] - if (i == 2 &amp;&amp; wildList.indexOf(symbol) != -1): null

2019-08-24 12:19:44 - [TEST_STEP][PASSED] - if (i == 3 &amp;&amp; wildList.indexOf(symbol) != -1): null

2019-08-24 12:19:44 - [TEST_STEP][PASSED] - if (i == 4 &amp;&amp; wildList.indexOf(symbol) != -1): null

2019-08-24 12:19:44 - [TEST_STEP][PASSED] - symbol = symbol: null

2019-08-24 12:19:44 - [TEST_STEP][PASSED] - println(symbol): null

2019-08-24 12:19:44 - [TEST_STEP][PASSED] - if (i == 2 &amp;&amp; wildList.indexOf(symbol) != -1): null

2019-08-24 12:19:44 - [TEST_STEP][PASSED] - if (i == 3 &amp;&amp; wildList.indexOf(symbol) != -1): null

2019-08-24 12:19:44 - [TEST_STEP][PASSED] - println("wild found on reel 4, adding counter by 1"): null

2019-08-24 12:19:44 - [TEST_STEP][PASSED] - free_spin_reel_counter[1] = free_spin_reel_counter[1] + 1: null

2019-08-24 12:19:44 - [TEST_STEP][PASSED] - if (i == 4 &amp;&amp; wildList.indexOf(symbol) != -1): null

2019-08-24 12:19:44 - [TEST_STEP][PASSED] - symbol = symbol: null

2019-08-24 12:19:44 - [TEST_STEP][PASSED] - println(symbol): null

2019-08-24 12:19:44 - [TEST_STEP][PASSED] - if (i == 2 &amp;&amp; wildList.indexOf(symbol) != -1): null

2019-08-24 12:19:44 - [TEST_STEP][PASSED] - if (i == 3 &amp;&amp; wildList.indexOf(symbol) != -1): null

2019-08-24 12:19:44 - [TEST_STEP][PASSED] - if (i == 4 &amp;&amp; wildList.indexOf(symbol) != -1): null

2019-08-24 12:19:44 - [TEST_STEP][PASSED] - symbols = symbols: null

2019-08-24 12:19:44 - [TEST_STEP][PASSED] - for ([j = 0, j &lt; symbols.size(), (j++)]): null

2019-08-24 12:19:44 - [TEST_STEP][PASSED] - symbol = symbol: null

2019-08-24 12:19:44 - [TEST_STEP][PASSED] - println(symbol): null

2019-08-24 12:19:44 - [TEST_STEP][PASSED] - if (i == 2 &amp;&amp; wildList.indexOf(symbol) != -1): null

2019-08-24 12:19:44 - [TEST_STEP][PASSED] - if (i == 3 &amp;&amp; wildList.indexOf(symbol) != -1): null

2019-08-24 12:19:44 - [TEST_STEP][PASSED] - if (i == 4 &amp;&amp; wildList.indexOf(symbol) != -1): null

2019-08-24 12:19:44 - [TEST_STEP][PASSED] - println("wild found on reel 5, adding counter by 1"): null

2019-08-24 12:19:44 - [TEST_STEP][PASSED] - free_spin_reel_counter[2] = free_spin_reel_counter[2] + 1: null

2019-08-24 12:19:44 - [TEST_STEP][PASSED] - symbol = symbol: null

2019-08-24 12:19:44 - [TEST_STEP][PASSED] - println(symbol): null

2019-08-24 12:19:44 - [TEST_STEP][PASSED] - if (i == 2 &amp;&amp; wildList.indexOf(symbol) != -1): null

2019-08-24 12:19:44 - [TEST_STEP][PASSED] - if (i == 3 &amp;&amp; wildList.indexOf(symbol) != -1): null

2019-08-24 12:19:44 - [TEST_STEP][PASSED] - if (i == 4 &amp;&amp; wildList.indexOf(symbol) != -1): null

2019-08-24 12:19:44 - [TEST_STEP][PASSED] - symbol = symbol: null

2019-08-24 12:19:44 - [TEST_STEP][PASSED] - println(symbol): null

2019-08-24 12:19:44 - [TEST_STEP][PASSED] - if (i == 2 &amp;&amp; wildList.indexOf(symbol) != -1): null

2019-08-24 12:19:44 - [TEST_STEP][PASSED] - if (i == 3 &amp;&amp; wildList.indexOf(symbol) != -1): null

2019-08-24 12:19:44 - [TEST_STEP][PASSED] - if (i == 4 &amp;&amp; wildList.indexOf(symbol) != -1): null

2019-08-24 12:19:44 - [TEST_STEP][PASSED] - free_spin_reel_counter = free_spin_reel_counter: null

2019-08-24 12:19:44 - [TEST_STEP][PASSED] - println("reel 3 wild found: " + free_spin_reel_counter[0]): null

2019-08-24 12:19:44 - [TEST_STEP][PASSED] - println("reel 4 wild found: " + free_spin_reel_counter[1]): null

2019-08-24 12:19:44 - [TEST_STEP][PASSED] - println("reel 5 wild found: " + free_spin_reel_counter[2]): null

2019-08-24 12:19:44 - [TEST_STEP][PASSED] - M4_spin_reels = M4_spin_reels: null

2019-08-24 12:19:44 - [TEST_STEP][PASSED] - M4_spin_reels_symbols = symbol: null

2019-08-24 12:19:44 - [TEST_STEP][PASSED] - M4_spin_reels_symbols = M4_spin_reels_symbols: null

2019-08-24 12:19:44 - [TEST_STEP][PASSED] - M4_spin_reel_wins = reel_wins: null

2019-08-24 12:19:44 - [TEST_STEP][PASSED] - M4_spin_reel_wins = M4_spin_reel_wins: null

2019-08-24 12:19:44 - [TEST_STEP][PASSED] - println("GlobalVariable.M4_spin_reel_wins is: " + M4_spin_reel_wins): null

2019-08-24 12:19:44 - [TEST_STEP][PASSED] - M4_spin_total_bonus_win_this_round = total_bonus_win_this_round: null

2019-08-24 12:19:44 - [TEST_STEP][PASSED] - M4_spin_total_bonus_win_this_round = M4_spin_total_bonus_win_this_round: null

2019-08-24 12:19:44 - [TEST_STEP][PASSED] - println("GlobalVariable.M4_spin_total_bonus_win_this_round is: " + M4_spin_total_bonus_win_this_round): null

2019-08-24 12:19:44 - [TEST_STEP][PASSED] - M4_spin_bonus_spin_result = spin_result: null

2019-08-24 12:19:44 - [TEST_STEP][PASSED] - M4_spin_bonus_spin_result = M4_spin_bonus_spin_result: null

2019-08-24 12:19:44 - [MESSAGE][PASSED] - Verify response successfully

2019-08-24 12:19:44 - [MESSAGE][PASSED] - Send request and verify the response successfully

2019-08-24 12:19:44 - [TEST_STEP][PASSED] - if (M4_total_bonus_spins_int != 0 &amp;&amp; M4_spin_reels_symbols[2].contains("WILD_ExtraFG") || M4_spin_reels_symbols[3].contains("WILD_ExtraFG")): null

2019-08-24 12:19:44 - [TEST_STEP][PASSED] - free_spin_reel_counter = free_spin_reel_counter: null

2019-08-24 12:19:44 - [TEST_STEP][PASSED] - M4_spin_reels_symbols = M4_spin_reels_symbols: null

2019-08-24 12:19:44 - [TEST_STEP][PASSED] - M4_total_bonus_spins = M4_total_bonus_spins: null

2019-08-24 12:19:44 - [TEST_STEP][PASSED] - spin_result = sendRequestAndVerify(findTestObject("INT/RGS(M4)/1_M4_spin", ["M4_login_user_id":M4_login_user_id, "rgs_session_token":rgs_session_token, "partner":Partner])): Send request and verify the response successfully

2019-08-24 12:19:44 - [MESSAGE][INFO] - HAR: /Users/eiralee/Katalon_Script/SuperWild/Reports/20190824_120919/INT/superWild_3/20190824_120919/requests/main/174.har

2019-08-24 12:19:44 - [TEST_CASE][PASSED] - Start Test Case : Verification: Verification accomplished successfully

2019-08-24 12:19:44 - [TEST_STEP][PASSED] - request = getInstance().getCurrentRequest(): null

2019-08-24 12:19:45 - [TEST_STEP][PASSED] - response = getInstance().getCurrentResponse(): null

2019-08-24 12:19:45 - [TEST_STEP][PASSED] - verifyResponseStatusCode(response, 200): Verify response status code successfully

2019-08-24 12:19:45 - [MESSAGE][PASSED] - Verify response status code successfully

2019-08-24 12:19:45 - [TEST_STEP][PASSED] - getStatusCode()).isEqualTo(200): null

2019-08-24 12:19:45 - [TEST_STEP][PASSED] - newline = System.getProperty("line.separator"): null

2019-08-24 12:19:45 - [TEST_STEP][PASSED] - M4_spin = new groovy.json.JsonSlurper(): null

2019-08-24 12:19:45 - [TEST_STEP][PASSED] - result_M4_spin = M4_spin.parseText(response.getResponseBodyContent()): null

2019-08-24 12:19:45 - [TEST_STEP][PASSED] - M4_spin_current_balance = current_balance: null

2019-08-24 12:19:45 - [TEST_STEP][PASSED] - M4_spin_current_balance = M4_spin_current_balance: null

2019-08-24 12:19:45 - [TEST_STEP][PASSED] - M4_spin_transaction_id = causality: null

2019-08-24 12:19:45 - [TEST_STEP][PASSED] - M4_spin_transaction_id = M4_spin_transaction_id: null

2019-08-24 12:19:45 - [TEST_STEP][PASSED] - M4_spin_round_id = round_id: null

2019-08-24 12:19:45 - [TEST_STEP][PASSED] - M4_spin_round_id = M4_spin_round_id: null

2019-08-24 12:19:45 - [TEST_STEP][PASSED] - M4_spin_line_wins = line_wins: null

2019-08-24 12:19:45 - [TEST_STEP][PASSED] - M4_spin_line_wins = M4_spin_line_wins: null

2019-08-24 12:19:45 - [TEST_STEP][PASSED] - M4_total_bonus_spins_int = total_bonus_spins: null

2019-08-24 12:19:45 - [TEST_STEP][PASSED] - println("******M4_total_bonus_spins type is:*******" + newline + getClass().getName()): null

2019-08-24 12:19:45 - [TEST_STEP][PASSED] - M4_total_bonus_spins_int = M4_total_bonus_spins_int: null

2019-08-24 12:19:45 - [TEST_STEP][PASSED] - M4_total_bonus_spins = Integer.toString(M4_total_bonus_spins_int): null

2019-08-24 12:19:45 - [TEST_STEP][PASSED] - M4_total_bonus_spins = M4_total_bonus_spins: null

2019-08-24 12:19:45 - [TEST_STEP][PASSED] - println("M4_total_bonus_spins is:" + M4_total_bonus_spins): null

2019-08-24 12:19:45 - [TEST_STEP][PASSED] - M4_spin_bonus_data = bonus_data: null

2019-08-24 12:19:45 - [TEST_STEP][PASSED] - M4_spin_features_triggered = result_M4_spin: null

2019-08-24 12:19:45 - [TEST_STEP][PASSED] - wild = []: null

2019-08-24 12:19:45 - [TEST_STEP][PASSED] - wild[0] = "WILD_Expanding": null

2019-08-24 12:19:45 - [TEST_STEP][PASSED] - wild[1] = "WILD_Normal": null

2019-08-24 12:19:45 - [TEST_STEP][PASSED] - wild[2] = "WILD_Double": null

2019-08-24 12:19:45 - [TEST_STEP][PASSED] - wild[3] = "WILD_ExtraFG": null

2019-08-24 12:19:45 - [TEST_STEP][PASSED] - wild[4] = "WILD_Triple": null

2019-08-24 12:19:45 - [TEST_STEP][PASSED] - wildList = Arrays.asList(wild): null

2019-08-24 12:19:45 - [TEST_STEP][PASSED] - wildList = wildList: null

2019-08-24 12:19:45 - [TEST_STEP][PASSED] - free_spin_reel_counter = []: null

2019-08-24 12:19:45 - [TEST_STEP][PASSED] - free_spin_reel_counter[0] = 0: null

2019-08-24 12:19:45 - [TEST_STEP][PASSED] - free_spin_reel_counter[1] = 0: null

2019-08-24 12:19:45 - [TEST_STEP][PASSED] - free_spin_reel_counter[2] = 0: null

2019-08-24 12:19:45 - [TEST_STEP][PASSED] - M4_spin_reels = reels: null

2019-08-24 12:19:45 - [TEST_STEP][PASSED] - for ([i = 0, i &lt; M4_spin_reels.size(), (i++)]): null

2019-08-24 12:19:45 - [TEST_STEP][PASSED] - symbols = symbols: null

2019-08-24 12:19:45 - [TEST_STEP][PASSED] - for ([j = 0, j &lt; symbols.size(), (j++)]): null

2019-08-24 12:19:45 - [TEST_STEP][PASSED] - symbol = symbol: null

2019-08-24 12:19:45 - [TEST_STEP][PASSED] - println(symbol): null

2019-08-24 12:19:45 - [TEST_STEP][PASSED] - if (i == 2 &amp;&amp; wildList.indexOf(symbol) != -1): null

2019-08-24 12:19:45 - [TEST_STEP][PASSED] - if (i == 3 &amp;&amp; wildList.indexOf(symbol) != -1): null

2019-08-24 12:19:45 - [TEST_STEP][PASSED] - if (i == 4 &amp;&amp; wildList.indexOf(symbol) != -1): null

2019-08-24 12:19:45 - [TEST_STEP][PASSED] - symbol = symbol: null

2019-08-24 12:19:45 - [TEST_STEP][PASSED] - println(symbol): null

2019-08-24 12:19:45 - [TEST_STEP][PASSED] - if (i == 2 &amp;&amp; wildList.indexOf(symbol) != -1): null

2019-08-24 12:19:45 - [TEST_STEP][PASSED] - if (i == 3 &amp;&amp; wildList.indexOf(symbol) != -1): null

2019-08-24 12:19:45 - [TEST_STEP][PASSED] - if (i == 4 &amp;&amp; wildList.indexOf(symbol) != -1): null

2019-08-24 12:19:45 - [TEST_STEP][PASSED] - symbol = symbol: null

2019-08-24 12:19:45 - [TEST_STEP][PASSED] - println(symbol): null

2019-08-24 12:19:45 - [TEST_STEP][PASSED] - if (i == 2 &amp;&amp; wildList.indexOf(symbol) != -1): null

2019-08-24 12:19:45 - [TEST_STEP][PASSED] - if (i == 3 &amp;&amp; wildList.indexOf(symbol) != -1): null

2019-08-24 12:19:45 - [TEST_STEP][PASSED] - if (i == 4 &amp;&amp; wildList.indexOf(symbol) != -1): null

2019-08-24 12:19:45 - [TEST_STEP][PASSED] - symbols = symbols: null

2019-08-24 12:19:45 - [TEST_STEP][PASSED] - for ([j = 0, j &lt; symbols.size(), (j++)]): null

2019-08-24 12:19:45 - [TEST_STEP][PASSED] - symbol = symbol: null

2019-08-24 12:19:45 - [TEST_STEP][PASSED] - println(symbol): null

2019-08-24 12:19:45 - [TEST_STEP][PASSED] - if (i == 2 &amp;&amp; wildList.indexOf(symbol) != -1): null

2019-08-24 12:19:45 - [TEST_STEP][PASSED] - if (i == 3 &amp;&amp; wildList.indexOf(symbol) != -1): null

2019-08-24 12:19:45 - [TEST_STEP][PASSED] - if (i == 4 &amp;&amp; wildList.indexOf(symbol) != -1): null

2019-08-24 12:19:45 - [TEST_STEP][PASSED] - symbol = symbol: null

2019-08-24 12:19:45 - [TEST_STEP][PASSED] - println(symbol): null

2019-08-24 12:19:45 - [TEST_STEP][PASSED] - if (i == 2 &amp;&amp; wildList.indexOf(symbol) != -1): null

2019-08-24 12:19:45 - [TEST_STEP][PASSED] - if (i == 3 &amp;&amp; wildList.indexOf(symbol) != -1): null

2019-08-24 12:19:45 - [TEST_STEP][PASSED] - if (i == 4 &amp;&amp; wildList.indexOf(symbol) != -1): null

2019-08-24 12:19:45 - [TEST_STEP][PASSED] - symbol = symbol: null

2019-08-24 12:19:45 - [TEST_STEP][PASSED] - println(symbol): null

2019-08-24 12:19:45 - [TEST_STEP][PASSED] - if (i == 2 &amp;&amp; wildList.indexOf(symbol) != -1): null

2019-08-24 12:19:45 - [TEST_STEP][PASSED] - if (i == 3 &amp;&amp; wildList.indexOf(symbol) != -1): null

2019-08-24 12:19:45 - [TEST_STEP][PASSED] - if (i == 4 &amp;&amp; wildList.indexOf(symbol) != -1): null

2019-08-24 12:19:45 - [TEST_STEP][PASSED] - symbols = symbols: null

2019-08-24 12:19:45 - [TEST_STEP][PASSED] - for ([j = 0, j &lt; symbols.size(), (j++)]): null

2019-08-24 12:19:45 - [TEST_STEP][PASSED] - symbol = symbol: null

2019-08-24 12:19:45 - [TEST_STEP][PASSED] - println(symbol): null

2019-08-24 12:19:45 - [TEST_STEP][PASSED] - if (i == 2 &amp;&amp; wildList.indexOf(symbol) != -1): null

2019-08-24 12:19:45 - [TEST_STEP][PASSED] - if (i == 3 &amp;&amp; wildList.indexOf(symbol) != -1): null

2019-08-24 12:19:45 - [TEST_STEP][PASSED] - if (i == 4 &amp;&amp; wildList.indexOf(symbol) != -1): null

2019-08-24 12:19:45 - [TEST_STEP][PASSED] - symbol = symbol: null

2019-08-24 12:19:45 - [TEST_STEP][PASSED] - println(symbol): null

2019-08-24 12:19:45 - [TEST_STEP][PASSED] - if (i == 2 &amp;&amp; wildList.indexOf(symbol) != -1): null

2019-08-24 12:19:45 - [TEST_STEP][PASSED] - if (i == 3 &amp;&amp; wildList.indexOf(symbol) != -1): null

2019-08-24 12:19:45 - [TEST_STEP][PASSED] - if (i == 4 &amp;&amp; wildList.indexOf(symbol) != -1): null

2019-08-24 12:19:45 - [TEST_STEP][PASSED] - symbol = symbol: null

2019-08-24 12:19:45 - [TEST_STEP][PASSED] - println(symbol): null

2019-08-24 12:19:45 - [TEST_STEP][PASSED] - if (i == 2 &amp;&amp; wildList.indexOf(symbol) != -1): null

2019-08-24 12:19:45 - [TEST_STEP][PASSED] - if (i == 3 &amp;&amp; wildList.indexOf(symbol) != -1): null

2019-08-24 12:19:45 - [TEST_STEP][PASSED] - if (i == 4 &amp;&amp; wildList.indexOf(symbol) != -1): null

2019-08-24 12:19:45 - [TEST_STEP][PASSED] - symbols = symbols: null

2019-08-24 12:19:45 - [TEST_STEP][PASSED] - for ([j = 0, j &lt; symbols.size(), (j++)]): null

2019-08-24 12:19:45 - [TEST_STEP][PASSED] - symbol = symbol: null

2019-08-24 12:19:45 - [TEST_STEP][PASSED] - println(symbol): null

2019-08-24 12:19:45 - [TEST_STEP][PASSED] - if (i == 2 &amp;&amp; wildList.indexOf(symbol) != -1): null

2019-08-24 12:19:45 - [TEST_STEP][PASSED] - if (i == 3 &amp;&amp; wildList.indexOf(symbol) != -1): null

2019-08-24 12:19:45 - [TEST_STEP][PASSED] - if (i == 4 &amp;&amp; wildList.indexOf(symbol) != -1): null

2019-08-24 12:19:45 - [TEST_STEP][PASSED] - symbol = symbol: null

2019-08-24 12:19:45 - [TEST_STEP][PASSED] - println(symbol): null

2019-08-24 12:19:45 - [TEST_STEP][PASSED] - if (i == 2 &amp;&amp; wildList.indexOf(symbol) != -1): null

2019-08-24 12:19:45 - [TEST_STEP][PASSED] - if (i == 3 &amp;&amp; wildList.indexOf(symbol) != -1): null

2019-08-24 12:19:45 - [TEST_STEP][PASSED] - if (i == 4 &amp;&amp; wildList.indexOf(symbol) != -1): null

2019-08-24 12:19:45 - [TEST_STEP][PASSED] - symbol = symbol: null

2019-08-24 12:19:45 - [TEST_STEP][PASSED] - println(symbol): null

2019-08-24 12:19:45 - [TEST_STEP][PASSED] - if (i == 2 &amp;&amp; wildList.indexOf(symbol) != -1): null

2019-08-24 12:19:45 - [TEST_STEP][PASSED] - if (i == 3 &amp;&amp; wildList.indexOf(symbol) != -1): null

2019-08-24 12:19:45 - [TEST_STEP][PASSED] - if (i == 4 &amp;&amp; wildList.indexOf(symbol) != -1): null

2019-08-24 12:19:45 - [TEST_STEP][PASSED] - symbols = symbols: null

2019-08-24 12:19:45 - [TEST_STEP][PASSED] - for ([j = 0, j &lt; symbols.size(), (j++)]): null

2019-08-24 12:19:45 - [TEST_STEP][PASSED] - symbol = symbol: null

2019-08-24 12:19:45 - [TEST_STEP][PASSED] - println(symbol): null

2019-08-24 12:19:45 - [TEST_STEP][PASSED] - if (i == 2 &amp;&amp; wildList.indexOf(symbol) != -1): null

2019-08-24 12:19:45 - [TEST_STEP][PASSED] - if (i == 3 &amp;&amp; wildList.indexOf(symbol) != -1): null

2019-08-24 12:19:45 - [TEST_STEP][PASSED] - if (i == 4 &amp;&amp; wildList.indexOf(symbol) != -1): null

2019-08-24 12:19:45 - [TEST_STEP][PASSED] - symbol = symbol: null

2019-08-24 12:19:45 - [TEST_STEP][PASSED] - println(symbol): null

2019-08-24 12:19:45 - [TEST_STEP][PASSED] - if (i == 2 &amp;&amp; wildList.indexOf(symbol) != -1): null

2019-08-24 12:19:45 - [TEST_STEP][PASSED] - if (i == 3 &amp;&amp; wildList.indexOf(symbol) != -1): null

2019-08-24 12:19:45 - [TEST_STEP][PASSED] - if (i == 4 &amp;&amp; wildList.indexOf(symbol) != -1): null

2019-08-24 12:19:45 - [TEST_STEP][PASSED] - symbol = symbol: null

2019-08-24 12:19:45 - [TEST_STEP][PASSED] - println(symbol): null

2019-08-24 12:19:45 - [TEST_STEP][PASSED] - if (i == 2 &amp;&amp; wildList.indexOf(symbol) != -1): null

2019-08-24 12:19:45 - [TEST_STEP][PASSED] - if (i == 3 &amp;&amp; wildList.indexOf(symbol) != -1): null

2019-08-24 12:19:45 - [TEST_STEP][PASSED] - if (i == 4 &amp;&amp; wildList.indexOf(symbol) != -1): null

2019-08-24 12:19:45 - [TEST_STEP][PASSED] - free_spin_reel_counter = free_spin_reel_counter: null

2019-08-24 12:19:45 - [TEST_STEP][PASSED] - println("reel 3 wild found: " + free_spin_reel_counter[0]): null

2019-08-24 12:19:45 - [TEST_STEP][PASSED] - println("reel 4 wild found: " + free_spin_reel_counter[1]): null

2019-08-24 12:19:45 - [TEST_STEP][PASSED] - println("reel 5 wild found: " + free_spin_reel_counter[2]): null

2019-08-24 12:19:45 - [TEST_STEP][PASSED] - M4_spin_reels = M4_spin_reels: null

2019-08-24 12:19:45 - [TEST_STEP][PASSED] - M4_spin_reels_symbols = symbol: null

2019-08-24 12:19:45 - [TEST_STEP][PASSED] - M4_spin_reels_symbols = M4_spin_reels_symbols: null

2019-08-24 12:19:45 - [TEST_STEP][PASSED] - M4_spin_reel_wins = reel_wins: null

2019-08-24 12:19:45 - [TEST_STEP][PASSED] - M4_spin_reel_wins = M4_spin_reel_wins: null

2019-08-24 12:19:45 - [TEST_STEP][PASSED] - println("GlobalVariable.M4_spin_reel_wins is: " + M4_spin_reel_wins): null

2019-08-24 12:19:45 - [TEST_STEP][PASSED] - M4_spin_total_bonus_win_this_round = total_bonus_win_this_round: null

2019-08-24 12:19:45 - [TEST_STEP][PASSED] - M4_spin_total_bonus_win_this_round = M4_spin_total_bonus_win_this_round: null

2019-08-24 12:19:45 - [TEST_STEP][PASSED] - println("GlobalVariable.M4_spin_total_bonus_win_this_round is: " + M4_spin_total_bonus_win_this_round): null

2019-08-24 12:19:45 - [TEST_STEP][PASSED] - M4_spin_bonus_spin_result = spin_result: null

2019-08-24 12:19:45 - [TEST_STEP][PASSED] - M4_spin_bonus_spin_result = M4_spin_bonus_spin_result: null

2019-08-24 12:19:45 - [MESSAGE][PASSED] - Verify response successfully

2019-08-24 12:19:45 - [MESSAGE][PASSED] - Send request and verify the response successfully

2019-08-24 12:19:45 - [TEST_STEP][PASSED] - if (M4_total_bonus_spins_int != 0 &amp;&amp; M4_spin_reels_symbols[2].contains("WILD_ExtraFG") || M4_spin_reels_symbols[3].contains("WILD_ExtraFG")): null

2019-08-24 12:19:45 - [TEST_STEP][PASSED] - free_spin_reel_counter = free_spin_reel_counter: null

2019-08-24 12:19:45 - [TEST_STEP][PASSED] - M4_spin_reels_symbols = M4_spin_reels_symbols: null

2019-08-24 12:19:45 - [TEST_STEP][PASSED] - M4_total_bonus_spins = M4_total_bonus_spins: null

2019-08-24 12:19:45 - [TEST_STEP][PASSED] - spin_result = sendRequestAndVerify(findTestObject("INT/RGS(M4)/1_M4_spin", ["M4_login_user_id":M4_login_user_id, "rgs_session_token":rgs_session_token, "partner":Partner])): Send request and verify the response successfully

2019-08-24 12:19:45 - [MESSAGE][INFO] - HAR: /Users/eiralee/Katalon_Script/SuperWild/Reports/20190824_120919/INT/superWild_3/20190824_120919/requests/main/175.har

2019-08-24 12:19:45 - [TEST_CASE][PASSED] - Start Test Case : Verification: Verification accomplished successfully

2019-08-24 12:19:45 - [TEST_STEP][PASSED] - request = getInstance().getCurrentRequest(): null

2019-08-24 12:19:45 - [TEST_STEP][PASSED] - response = getInstance().getCurrentResponse(): null

2019-08-24 12:19:45 - [TEST_STEP][PASSED] - verifyResponseStatusCode(response, 200): Verify response status code successfully

2019-08-24 12:19:45 - [MESSAGE][PASSED] - Verify response status code successfully

2019-08-24 12:19:45 - [TEST_STEP][PASSED] - getStatusCode()).isEqualTo(200): null

2019-08-24 12:19:45 - [TEST_STEP][PASSED] - newline = System.getProperty("line.separator"): null

2019-08-24 12:19:45 - [TEST_STEP][PASSED] - M4_spin = new groovy.json.JsonSlurper(): null

2019-08-24 12:19:45 - [TEST_STEP][PASSED] - result_M4_spin = M4_spin.parseText(response.getResponseBodyContent()): null

2019-08-24 12:19:45 - [TEST_STEP][PASSED] - M4_spin_current_balance = current_balance: null

2019-08-24 12:19:45 - [TEST_STEP][PASSED] - M4_spin_current_balance = M4_spin_current_balance: null

2019-08-24 12:19:45 - [TEST_STEP][PASSED] - M4_spin_transaction_id = causality: null

2019-08-24 12:19:45 - [TEST_STEP][PASSED] - M4_spin_transaction_id = M4_spin_transaction_id: null

2019-08-24 12:19:45 - [TEST_STEP][PASSED] - M4_spin_round_id = round_id: null

2019-08-24 12:19:45 - [TEST_STEP][PASSED] - M4_spin_round_id = M4_spin_round_id: null

2019-08-24 12:19:45 - [TEST_STEP][PASSED] - M4_spin_line_wins = line_wins: null

2019-08-24 12:19:45 - [TEST_STEP][PASSED] - M4_spin_line_wins = M4_spin_line_wins: null

2019-08-24 12:19:45 - [TEST_STEP][PASSED] - M4_total_bonus_spins_int = total_bonus_spins: null

2019-08-24 12:19:45 - [TEST_STEP][PASSED] - println("******M4_total_bonus_spins type is:*******" + newline + getClass().getName()): null

2019-08-24 12:19:45 - [TEST_STEP][PASSED] - M4_total_bonus_spins_int = M4_total_bonus_spins_int: null

2019-08-24 12:19:45 - [TEST_STEP][PASSED] - M4_total_bonus_spins = Integer.toString(M4_total_bonus_spins_int): null

2019-08-24 12:19:45 - [TEST_STEP][PASSED] - M4_total_bonus_spins = M4_total_bonus_spins: null

2019-08-24 12:19:45 - [TEST_STEP][PASSED] - println("M4_total_bonus_spins is:" + M4_total_bonus_spins): null

2019-08-24 12:19:45 - [TEST_STEP][PASSED] - M4_spin_bonus_data = bonus_data: null

2019-08-24 12:19:45 - [TEST_STEP][PASSED] - M4_spin_features_triggered = result_M4_spin: null

2019-08-24 12:19:45 - [TEST_STEP][PASSED] - wild = []: null

2019-08-24 12:19:49 - [TEST_STEP][PASSED] - wild[0] = "WILD_Expanding": null

2019-08-24 12:19:49 - [TEST_STEP][PASSED] - wild[1] = "WILD_Normal": null

2019-08-24 12:19:49 - [TEST_STEP][PASSED] - wild[2] = "WILD_Double": null

2019-08-24 12:19:49 - [TEST_STEP][PASSED] - wild[3] = "WILD_ExtraFG": null

2019-08-24 12:19:49 - [TEST_STEP][PASSED] - wild[4] = "WILD_Triple": null

2019-08-24 12:19:49 - [TEST_STEP][PASSED] - wildList = Arrays.asList(wild): null

2019-08-24 12:19:49 - [TEST_STEP][PASSED] - wildList = wildList: null

2019-08-24 12:19:49 - [TEST_STEP][PASSED] - free_spin_reel_counter = []: null

2019-08-24 12:19:49 - [TEST_STEP][PASSED] - free_spin_reel_counter[0] = 0: null

2019-08-24 12:19:49 - [TEST_STEP][PASSED] - free_spin_reel_counter[1] = 0: null

2019-08-24 12:19:49 - [TEST_STEP][PASSED] - free_spin_reel_counter[2] = 0: null

2019-08-24 12:19:52 - [TEST_STEP][PASSED] - M4_spin_reels = reels: null

2019-08-24 12:19:52 - [TEST_STEP][PASSED] - for ([i = 0, i &lt; M4_spin_reels.size(), (i++)]): null

2019-08-24 12:19:52 - [TEST_STEP][PASSED] - symbols = symbols: null

2019-08-24 12:19:52 - [TEST_STEP][PASSED] - for ([j = 0, j &lt; symbols.size(), (j++)]): null

2019-08-24 12:19:52 - [TEST_STEP][PASSED] - symbol = symbol: null

2019-08-24 12:19:52 - [TEST_STEP][PASSED] - println(symbol): null

2019-08-24 12:19:52 - [TEST_STEP][PASSED] - if (i == 2 &amp;&amp; wildList.indexOf(symbol) != -1): null

2019-08-24 12:19:52 - [TEST_STEP][PASSED] - if (i == 3 &amp;&amp; wildList.indexOf(symbol) != -1): null

2019-08-24 12:19:52 - [TEST_STEP][PASSED] - if (i == 4 &amp;&amp; wildList.indexOf(symbol) != -1): null

2019-08-24 12:19:52 - [TEST_STEP][PASSED] - symbol = symbol: null

2019-08-24 12:19:52 - [TEST_STEP][PASSED] - println(symbol): null

2019-08-24 12:19:52 - [TEST_STEP][PASSED] - if (i == 2 &amp;&amp; wildList.indexOf(symbol) != -1): null

2019-08-24 12:19:52 - [TEST_STEP][PASSED] - if (i == 3 &amp;&amp; wildList.indexOf(symbol) != -1): null

2019-08-24 12:19:52 - [TEST_STEP][PASSED] - if (i == 4 &amp;&amp; wildList.indexOf(symbol) != -1): null

2019-08-24 12:19:52 - [TEST_STEP][PASSED] - symbol = symbol: null

2019-08-24 12:19:52 - [TEST_STEP][PASSED] - println(symbol): null

2019-08-24 12:19:52 - [TEST_STEP][PASSED] - if (i == 2 &amp;&amp; wildList.indexOf(symbol) != -1): null

2019-08-24 12:19:52 - [TEST_STEP][PASSED] - if (i == 3 &amp;&amp; wildList.indexOf(symbol) != -1): null

2019-08-24 12:19:52 - [TEST_STEP][PASSED] - if (i == 4 &amp;&amp; wildList.indexOf(symbol) != -1): null

2019-08-24 12:19:52 - [TEST_STEP][PASSED] - symbols = symbols: null

2019-08-24 12:19:52 - [TEST_STEP][PASSED] - for ([j = 0, j &lt; symbols.size(), (j++)]): null

2019-08-24 12:19:52 - [TEST_STEP][PASSED] - symbol = symbol: null

2019-08-24 12:19:52 - [TEST_STEP][PASSED] - println(symbol): null

2019-08-24 12:19:52 - [TEST_STEP][PASSED] - if (i == 2 &amp;&amp; wildList.indexOf(symbol) != -1): null

2019-08-24 12:19:52 - [TEST_STEP][PASSED] - if (i == 3 &amp;&amp; wildList.indexOf(symbol) != -1): null

2019-08-24 12:19:52 - [TEST_STEP][PASSED] - if (i == 4 &amp;&amp; wildList.indexOf(symbol) != -1): null

2019-08-24 12:19:52 - [TEST_STEP][PASSED] - symbol = symbol: null

2019-08-24 12:19:52 - [TEST_STEP][PASSED] - println(symbol): null

2019-08-24 12:19:52 - [TEST_STEP][PASSED] - if (i == 2 &amp;&amp; wildList.indexOf(symbol) != -1): null

2019-08-24 12:19:52 - [TEST_STEP][PASSED] - if (i == 3 &amp;&amp; wildList.indexOf(symbol) != -1): null

2019-08-24 12:19:52 - [TEST_STEP][PASSED] - if (i == 4 &amp;&amp; wildList.indexOf(symbol) != -1): null

2019-08-24 12:19:52 - [TEST_STEP][PASSED] - symbol = symbol: null

2019-08-24 12:19:52 - [TEST_STEP][PASSED] - println(symbol): null

2019-08-24 12:19:52 - [TEST_STEP][PASSED] - if (i == 2 &amp;&amp; wildList.indexOf(symbol) != -1): null

2019-08-24 12:19:52 - [TEST_STEP][PASSED] - if (i == 3 &amp;&amp; wildList.indexOf(symbol) != -1): null

2019-08-24 12:19:52 - [TEST_STEP][PASSED] - if (i == 4 &amp;&amp; wildList.indexOf(symbol) != -1): null

2019-08-24 12:19:52 - [TEST_STEP][PASSED] - symbols = symbols: null

2019-08-24 12:19:52 - [TEST_STEP][PASSED] - for ([j = 0, j &lt; symbols.size(), (j++)]): null

2019-08-24 12:19:52 - [TEST_STEP][PASSED] - symbol = symbol: null

2019-08-24 12:19:52 - [TEST_STEP][PASSED] - println(symbol): null

2019-08-24 12:19:52 - [TEST_STEP][PASSED] - if (i == 2 &amp;&amp; wildList.indexOf(symbol) != -1): null

2019-08-24 12:19:52 - [TEST_STEP][PASSED] - if (i == 3 &amp;&amp; wildList.indexOf(symbol) != -1): null

2019-08-24 12:19:52 - [TEST_STEP][PASSED] - if (i == 4 &amp;&amp; wildList.indexOf(symbol) != -1): null

2019-08-24 12:19:52 - [TEST_STEP][PASSED] - symbol = symbol: null

2019-08-24 12:19:52 - [TEST_STEP][PASSED] - println(symbol): null

2019-08-24 12:19:52 - [TEST_STEP][PASSED] - if (i == 2 &amp;&amp; wildList.indexOf(symbol) != -1): null

2019-08-24 12:19:52 - [TEST_STEP][PASSED] - if (i == 3 &amp;&amp; wildList.indexOf(symbol) != -1): null

2019-08-24 12:19:52 - [TEST_STEP][PASSED] - if (i == 4 &amp;&amp; wildList.indexOf(symbol) != -1): null

2019-08-24 12:19:52 - [TEST_STEP][PASSED] - symbol = symbol: null

2019-08-24 12:19:52 - [TEST_STEP][PASSED] - println(symbol): null

2019-08-24 12:19:52 - [TEST_STEP][PASSED] - if (i == 2 &amp;&amp; wildList.indexOf(symbol) != -1): null

2019-08-24 12:19:52 - [TEST_STEP][PASSED] - if (i == 3 &amp;&amp; wildList.indexOf(symbol) != -1): null

2019-08-24 12:19:52 - [TEST_STEP][PASSED] - if (i == 4 &amp;&amp; wildList.indexOf(symbol) != -1): null

2019-08-24 12:19:52 - [TEST_STEP][PASSED] - symbols = symbols: null

2019-08-24 12:19:52 - [TEST_STEP][PASSED] - for ([j = 0, j &lt; symbols.size(), (j++)]): null

2019-08-24 12:19:52 - [TEST_STEP][PASSED] - symbol = symbol: null

2019-08-24 12:19:52 - [TEST_STEP][PASSED] - println(symbol): null

2019-08-24 12:19:52 - [TEST_STEP][PASSED] - if (i == 2 &amp;&amp; wildList.indexOf(symbol) != -1): null

2019-08-24 12:19:52 - [TEST_STEP][PASSED] - if (i == 3 &amp;&amp; wildList.indexOf(symbol) != -1): null

2019-08-24 12:19:52 - [TEST_STEP][PASSED] - if (i == 4 &amp;&amp; wildList.indexOf(symbol) != -1): null

2019-08-24 12:19:52 - [TEST_STEP][PASSED] - symbol = symbol: null

2019-08-24 12:19:52 - [TEST_STEP][PASSED] - println(symbol): null

2019-08-24 12:19:52 - [TEST_STEP][PASSED] - if (i == 2 &amp;&amp; wildList.indexOf(symbol) != -1): null

2019-08-24 12:19:52 - [TEST_STEP][PASSED] - if (i == 3 &amp;&amp; wildList.indexOf(symbol) != -1): null

2019-08-24 12:19:52 - [TEST_STEP][PASSED] - if (i == 4 &amp;&amp; wildList.indexOf(symbol) != -1): null

2019-08-24 12:19:52 - [TEST_STEP][PASSED] - symbol = symbol: null

2019-08-24 12:19:52 - [TEST_STEP][PASSED] - println(symbol): null

2019-08-24 12:19:52 - [TEST_STEP][PASSED] - if (i == 2 &amp;&amp; wildList.indexOf(symbol) != -1): null

2019-08-24 12:19:52 - [TEST_STEP][PASSED] - if (i == 3 &amp;&amp; wildList.indexOf(symbol) != -1): null

2019-08-24 12:19:52 - [TEST_STEP][PASSED] - if (i == 4 &amp;&amp; wildList.indexOf(symbol) != -1): null

2019-08-24 12:19:52 - [TEST_STEP][PASSED] - symbols = symbols: null

2019-08-24 12:19:52 - [TEST_STEP][PASSED] - for ([j = 0, j &lt; symbols.size(), (j++)]): null

2019-08-24 12:19:52 - [TEST_STEP][PASSED] - symbol = symbol: null

2019-08-24 12:19:52 - [TEST_STEP][PASSED] - println(symbol): null

2019-08-24 12:19:52 - [TEST_STEP][PASSED] - if (i == 2 &amp;&amp; wildList.indexOf(symbol) != -1): null

2019-08-24 12:19:52 - [TEST_STEP][PASSED] - if (i == 3 &amp;&amp; wildList.indexOf(symbol) != -1): null

2019-08-24 12:19:52 - [TEST_STEP][PASSED] - if (i == 4 &amp;&amp; wildList.indexOf(symbol) != -1): null

2019-08-24 12:19:52 - [TEST_STEP][PASSED] - symbol = symbol: null

2019-08-24 12:19:52 - [TEST_STEP][PASSED] - println(symbol): null

2019-08-24 12:19:52 - [TEST_STEP][PASSED] - if (i == 2 &amp;&amp; wildList.indexOf(symbol) != -1): null

2019-08-24 12:19:52 - [TEST_STEP][PASSED] - if (i == 3 &amp;&amp; wildList.indexOf(symbol) != -1): null

2019-08-24 12:19:52 - [TEST_STEP][PASSED] - if (i == 4 &amp;&amp; wildList.indexOf(symbol) != -1): null

2019-08-24 12:19:52 - [TEST_STEP][PASSED] - symbol = symbol: null

2019-08-24 12:19:52 - [TEST_STEP][PASSED] - println(symbol): null

2019-08-24 12:19:52 - [TEST_STEP][PASSED] - if (i == 2 &amp;&amp; wildList.indexOf(symbol) != -1): null

2019-08-24 12:19:52 - [TEST_STEP][PASSED] - if (i == 3 &amp;&amp; wildList.indexOf(symbol) != -1): null

2019-08-24 12:19:52 - [TEST_STEP][PASSED] - if (i == 4 &amp;&amp; wildList.indexOf(symbol) != -1): null

2019-08-24 12:19:52 - [TEST_STEP][PASSED] - free_spin_reel_counter = free_spin_reel_counter: null

2019-08-24 12:19:52 - [TEST_STEP][PASSED] - println("reel 3 wild found: " + free_spin_reel_counter[0]): null

2019-08-24 12:19:52 - [TEST_STEP][PASSED] - println("reel 4 wild found: " + free_spin_reel_counter[1]): null

2019-08-24 12:19:52 - [TEST_STEP][PASSED] - println("reel 5 wild found: " + free_spin_reel_counter[2]): null

2019-08-24 12:19:52 - [TEST_STEP][PASSED] - M4_spin_reels = M4_spin_reels: null

2019-08-24 12:19:52 - [TEST_STEP][PASSED] - M4_spin_reels_symbols = symbol: null

2019-08-24 12:19:52 - [TEST_STEP][PASSED] - M4_spin_reels_symbols = M4_spin_reels_symbols: null

2019-08-24 12:19:52 - [TEST_STEP][PASSED] - M4_spin_reel_wins = reel_wins: null

2019-08-24 12:19:52 - [TEST_STEP][PASSED] - M4_spin_reel_wins = M4_spin_reel_wins: null

2019-08-24 12:19:52 - [TEST_STEP][PASSED] - println("GlobalVariable.M4_spin_reel_wins is: " + M4_spin_reel_wins): null

2019-08-24 12:19:52 - [TEST_STEP][PASSED] - M4_spin_total_bonus_win_this_round = total_bonus_win_this_round: null

2019-08-24 12:19:52 - [TEST_STEP][PASSED] - M4_spin_total_bonus_win_this_round = M4_spin_total_bonus_win_this_round: null

2019-08-24 12:19:52 - [TEST_STEP][PASSED] - println("GlobalVariable.M4_spin_total_bonus_win_this_round is: " + M4_spin_total_bonus_win_this_round): null

2019-08-24 12:19:52 - [TEST_STEP][PASSED] - M4_spin_bonus_spin_result = spin_result: null

2019-08-24 12:19:52 - [TEST_STEP][PASSED] - M4_spin_bonus_spin_result = M4_spin_bonus_spin_result: null

2019-08-24 12:19:52 - [MESSAGE][PASSED] - Verify response successfully

2019-08-24 12:19:52 - [MESSAGE][PASSED] - Send request and verify the response successfully

2019-08-24 12:19:52 - [TEST_STEP][PASSED] - if (M4_total_bonus_spins_int != 0 &amp;&amp; M4_spin_reels_symbols[2].contains("WILD_ExtraFG") || M4_spin_reels_symbols[3].contains("WILD_ExtraFG")): null

2019-08-24 12:19:52 - [TEST_STEP][PASSED] - free_spin_reel_counter = free_spin_reel_counter: null

2019-08-24 12:19:52 - [TEST_STEP][PASSED] - M4_spin_reels_symbols = M4_spin_reels_symbols: null

2019-08-24 12:19:52 - [TEST_STEP][PASSED] - M4_total_bonus_spins = M4_total_bonus_spins: null

2019-08-24 12:19:52 - [TEST_STEP][PASSED] - spin_result = sendRequestAndVerify(findTestObject("INT/RGS(M4)/1_M4_spin", ["M4_login_user_id":M4_login_user_id, "rgs_session_token":rgs_session_token, "partner":Partner])): Send request and verify the response successfully

2019-08-24 12:19:53 - [MESSAGE][INFO] - HAR: /Users/eiralee/Katalon_Script/SuperWild/Reports/20190824_120919/INT/superWild_3/20190824_120919/requests/main/176.har

2019-08-24 12:19:53 - [TEST_CASE][PASSED] - Start Test Case : Verification: Verification accomplished successfully

2019-08-24 12:19:53 - [TEST_STEP][PASSED] - request = getInstance().getCurrentRequest(): null

2019-08-24 12:19:53 - [TEST_STEP][PASSED] - response = getInstance().getCurrentResponse(): null

2019-08-24 12:19:53 - [TEST_STEP][PASSED] - verifyResponseStatusCode(response, 200): Verify response status code successfully

2019-08-24 12:19:53 - [MESSAGE][PASSED] - Verify response status code successfully

2019-08-24 12:19:53 - [TEST_STEP][PASSED] - getStatusCode()).isEqualTo(200): null

2019-08-24 12:19:53 - [TEST_STEP][PASSED] - newline = System.getProperty("line.separator"): null

2019-08-24 12:19:53 - [TEST_STEP][PASSED] - M4_spin = new groovy.json.JsonSlurper(): null

2019-08-24 12:19:53 - [TEST_STEP][PASSED] - result_M4_spin = M4_spin.parseText(response.getResponseBodyContent()): null

2019-08-24 12:19:53 - [TEST_STEP][PASSED] - M4_spin_current_balance = current_balance: null

2019-08-24 12:19:53 - [TEST_STEP][PASSED] - M4_spin_current_balance = M4_spin_current_balance: null

2019-08-24 12:19:53 - [TEST_STEP][PASSED] - M4_spin_transaction_id = causality: null

2019-08-24 12:19:53 - [TEST_STEP][PASSED] - M4_spin_transaction_id = M4_spin_transaction_id: null

2019-08-24 12:19:53 - [TEST_STEP][PASSED] - M4_spin_round_id = round_id: null

2019-08-24 12:19:53 - [TEST_STEP][PASSED] - M4_spin_round_id = M4_spin_round_id: null

2019-08-24 12:19:53 - [TEST_STEP][PASSED] - M4_spin_line_wins = line_wins: null

2019-08-24 12:19:53 - [TEST_STEP][PASSED] - M4_spin_line_wins = M4_spin_line_wins: null

2019-08-24 12:19:53 - [TEST_STEP][PASSED] - M4_total_bonus_spins_int = total_bonus_spins: null

2019-08-24 12:19:53 - [TEST_STEP][PASSED] - println("******M4_total_bonus_spins type is:*******" + newline + getClass().getName()): null

2019-08-24 12:19:53 - [TEST_STEP][PASSED] - M4_total_bonus_spins_int = M4_total_bonus_spins_int: null

2019-08-24 12:19:53 - [TEST_STEP][PASSED] - M4_total_bonus_spins = Integer.toString(M4_total_bonus_spins_int): null

2019-08-24 12:19:53 - [TEST_STEP][PASSED] - M4_total_bonus_spins = M4_total_bonus_spins: null

2019-08-24 12:19:53 - [TEST_STEP][PASSED] - println("M4_total_bonus_spins is:" + M4_total_bonus_spins): null

2019-08-24 12:19:53 - [TEST_STEP][PASSED] - M4_spin_bonus_data = bonus_data: null

2019-08-24 12:19:53 - [TEST_STEP][PASSED] - M4_spin_features_triggered = result_M4_spin: null

2019-08-24 12:19:53 - [TEST_STEP][PASSED] - wild = []: null

2019-08-24 12:19:53 - [TEST_STEP][PASSED] - wild[0] = "WILD_Expanding": null

2019-08-24 12:19:53 - [TEST_STEP][PASSED] - wild[1] = "WILD_Normal": null

2019-08-24 12:19:53 - [TEST_STEP][PASSED] - wild[2] = "WILD_Double": null

2019-08-24 12:19:53 - [TEST_STEP][PASSED] - wild[3] = "WILD_ExtraFG": null

2019-08-24 12:19:53 - [TEST_STEP][PASSED] - wild[4] = "WILD_Triple": null

2019-08-24 12:19:53 - [TEST_STEP][PASSED] - wildList = Arrays.asList(wild): null

2019-08-24 12:19:53 - [TEST_STEP][PASSED] - wildList = wildList: null

2019-08-24 12:19:53 - [TEST_STEP][PASSED] - free_spin_reel_counter = []: null

2019-08-24 12:19:53 - [TEST_STEP][PASSED] - free_spin_reel_counter[0] = 0: null

2019-08-24 12:19:53 - [TEST_STEP][PASSED] - free_spin_reel_counter[1] = 0: null

2019-08-24 12:19:53 - [TEST_STEP][PASSED] - free_spin_reel_counter[2] = 0: null

2019-08-24 12:19:53 - [TEST_STEP][PASSED] - M4_spin_reels = reels: null

2019-08-24 12:19:53 - [TEST_STEP][PASSED] - for ([i = 0, i &lt; M4_spin_reels.size(), (i++)]): null

2019-08-24 12:19:53 - [TEST_STEP][PASSED] - symbols = symbols: null

2019-08-24 12:19:53 - [TEST_STEP][PASSED] - for ([j = 0, j &lt; symbols.size(), (j++)]): null

2019-08-24 12:19:53 - [TEST_STEP][PASSED] - symbol = symbol: null

2019-08-24 12:19:53 - [TEST_STEP][PASSED] - println(symbol): null

2019-08-24 12:19:53 - [TEST_STEP][PASSED] - if (i == 2 &amp;&amp; wildList.indexOf(symbol) != -1): null

2019-08-24 12:19:53 - [TEST_STEP][PASSED] - if (i == 3 &amp;&amp; wildList.indexOf(symbol) != -1): null

2019-08-24 12:19:53 - [TEST_STEP][PASSED] - if (i == 4 &amp;&amp; wildList.indexOf(symbol) != -1): null

2019-08-24 12:19:53 - [TEST_STEP][PASSED] - symbol = symbol: null

2019-08-24 12:19:53 - [TEST_STEP][PASSED] - println(symbol): null

2019-08-24 12:19:53 - [TEST_STEP][PASSED] - if (i == 2 &amp;&amp; wildList.indexOf(symbol) != -1): null

2019-08-24 12:19:53 - [TEST_STEP][PASSED] - if (i == 3 &amp;&amp; wildList.indexOf(symbol) != -1): null

2019-08-24 12:19:53 - [TEST_STEP][PASSED] - if (i == 4 &amp;&amp; wildList.indexOf(symbol) != -1): null

2019-08-24 12:19:53 - [TEST_STEP][PASSED] - symbol = symbol: null

2019-08-24 12:19:53 - [TEST_STEP][PASSED] - println(symbol): null

2019-08-24 12:19:53 - [TEST_STEP][PASSED] - if (i == 2 &amp;&amp; wildList.indexOf(symbol) != -1): null

2019-08-24 12:19:53 - [TEST_STEP][PASSED] - if (i == 3 &amp;&amp; wildList.indexOf(symbol) != -1): null

2019-08-24 12:19:53 - [TEST_STEP][PASSED] - if (i == 4 &amp;&amp; wildList.indexOf(symbol) != -1): null

2019-08-24 12:19:53 - [TEST_STEP][PASSED] - symbols = symbols: null

2019-08-24 12:19:53 - [TEST_STEP][PASSED] - for ([j = 0, j &lt; symbols.size(), (j++)]): null

2019-08-24 12:19:53 - [TEST_STEP][PASSED] - symbol = symbol: null

2019-08-24 12:19:53 - [TEST_STEP][PASSED] - println(symbol): null

2019-08-24 12:19:53 - [TEST_STEP][PASSED] - if (i == 2 &amp;&amp; wildList.indexOf(symbol) != -1): null

2019-08-24 12:19:53 - [TEST_STEP][PASSED] - if (i == 3 &amp;&amp; wildList.indexOf(symbol) != -1): null

2019-08-24 12:19:53 - [TEST_STEP][PASSED] - if (i == 4 &amp;&amp; wildList.indexOf(symbol) != -1): null

2019-08-24 12:19:53 - [TEST_STEP][PASSED] - symbol = symbol: null

2019-08-24 12:19:53 - [TEST_STEP][PASSED] - println(symbol): null

2019-08-24 12:19:53 - [TEST_STEP][PASSED] - if (i == 2 &amp;&amp; wildList.indexOf(symbol) != -1): null

2019-08-24 12:19:53 - [TEST_STEP][PASSED] - if (i == 3 &amp;&amp; wildList.indexOf(symbol) != -1): null

2019-08-24 12:19:53 - [TEST_STEP][PASSED] - if (i == 4 &amp;&amp; wildList.indexOf(symbol) != -1): null

2019-08-24 12:19:53 - [TEST_STEP][PASSED] - symbol = symbol: null

2019-08-24 12:19:53 - [TEST_STEP][PASSED] - println(symbol): null

2019-08-24 12:19:53 - [TEST_STEP][PASSED] - if (i == 2 &amp;&amp; wildList.indexOf(symbol) != -1): null

2019-08-24 12:19:53 - [TEST_STEP][PASSED] - if (i == 3 &amp;&amp; wildList.indexOf(symbol) != -1): null

2019-08-24 12:19:53 - [TEST_STEP][PASSED] - if (i == 4 &amp;&amp; wildList.indexOf(symbol) != -1): null

2019-08-24 12:19:53 - [TEST_STEP][PASSED] - symbols = symbols: null

2019-08-24 12:19:53 - [TEST_STEP][PASSED] - for ([j = 0, j &lt; symbols.size(), (j++)]): null

2019-08-24 12:19:53 - [TEST_STEP][PASSED] - symbol = symbol: null

2019-08-24 12:19:53 - [TEST_STEP][PASSED] - println(symbol): null

2019-08-24 12:19:53 - [TEST_STEP][PASSED] - if (i == 2 &amp;&amp; wildList.indexOf(symbol) != -1): null

2019-08-24 12:19:53 - [TEST_STEP][PASSED] - if (i == 3 &amp;&amp; wildList.indexOf(symbol) != -1): null

2019-08-24 12:19:53 - [TEST_STEP][PASSED] - if (i == 4 &amp;&amp; wildList.indexOf(symbol) != -1): null

2019-08-24 12:19:53 - [TEST_STEP][PASSED] - symbol = symbol: null

2019-08-24 12:19:53 - [TEST_STEP][PASSED] - println(symbol): null

2019-08-24 12:19:53 - [TEST_STEP][PASSED] - if (i == 2 &amp;&amp; wildList.indexOf(symbol) != -1): null

2019-08-24 12:19:53 - [TEST_STEP][PASSED] - println("wild found on reel 3, adding counter by 1"): null

2019-08-24 12:19:53 - [TEST_STEP][PASSED] - free_spin_reel_counter[0] = free_spin_reel_counter[0] + 1: null

2019-08-24 12:19:53 - [TEST_STEP][PASSED] - if (i == 3 &amp;&amp; wildList.indexOf(symbol) != -1): null

2019-08-24 12:19:53 - [TEST_STEP][PASSED] - if (i == 4 &amp;&amp; wildList.indexOf(symbol) != -1): null

2019-08-24 12:19:53 - [TEST_STEP][PASSED] - symbol = symbol: null

2019-08-24 12:19:53 - [TEST_STEP][PASSED] - println(symbol): null

2019-08-24 12:19:53 - [TEST_STEP][PASSED] - if (i == 2 &amp;&amp; wildList.indexOf(symbol) != -1): null

2019-08-24 12:19:53 - [TEST_STEP][PASSED] - if (i == 3 &amp;&amp; wildList.indexOf(symbol) != -1): null

2019-08-24 12:19:53 - [TEST_STEP][PASSED] - if (i == 4 &amp;&amp; wildList.indexOf(symbol) != -1): null

2019-08-24 12:19:53 - [TEST_STEP][PASSED] - symbols = symbols: null

2019-08-24 12:19:53 - [TEST_STEP][PASSED] - for ([j = 0, j &lt; symbols.size(), (j++)]): null

2019-08-24 12:19:53 - [TEST_STEP][PASSED] - symbol = symbol: null

2019-08-24 12:19:53 - [TEST_STEP][PASSED] - println(symbol): null

2019-08-24 12:19:53 - [TEST_STEP][PASSED] - if (i == 2 &amp;&amp; wildList.indexOf(symbol) != -1): null

2019-08-24 12:19:53 - [TEST_STEP][PASSED] - if (i == 3 &amp;&amp; wildList.indexOf(symbol) != -1): null

2019-08-24 12:19:53 - [TEST_STEP][PASSED] - if (i == 4 &amp;&amp; wildList.indexOf(symbol) != -1): null

2019-08-24 12:19:53 - [TEST_STEP][PASSED] - symbol = symbol: null

2019-08-24 12:19:53 - [TEST_STEP][PASSED] - println(symbol): null

2019-08-24 12:19:53 - [TEST_STEP][PASSED] - if (i == 2 &amp;&amp; wildList.indexOf(symbol) != -1): null

2019-08-24 12:19:53 - [TEST_STEP][PASSED] - if (i == 3 &amp;&amp; wildList.indexOf(symbol) != -1): null

2019-08-24 12:19:53 - [TEST_STEP][PASSED] - println("wild found on reel 4, adding counter by 1"): null

2019-08-24 12:19:53 - [TEST_STEP][PASSED] - free_spin_reel_counter[1] = free_spin_reel_counter[1] + 1: null

2019-08-24 12:19:53 - [TEST_STEP][PASSED] - if (i == 4 &amp;&amp; wildList.indexOf(symbol) != -1): null

2019-08-24 12:19:53 - [TEST_STEP][PASSED] - symbol = symbol: null

2019-08-24 12:19:53 - [TEST_STEP][PASSED] - println(symbol): null

2019-08-24 12:19:53 - [TEST_STEP][PASSED] - if (i == 2 &amp;&amp; wildList.indexOf(symbol) != -1): null

2019-08-24 12:19:53 - [TEST_STEP][PASSED] - if (i == 3 &amp;&amp; wildList.indexOf(symbol) != -1): null

2019-08-24 12:19:53 - [TEST_STEP][PASSED] - if (i == 4 &amp;&amp; wildList.indexOf(symbol) != -1): null

2019-08-24 12:19:53 - [TEST_STEP][PASSED] - symbols = symbols: null

2019-08-24 12:19:53 - [TEST_STEP][PASSED] - for ([j = 0, j &lt; symbols.size(), (j++)]): null

2019-08-24 12:19:53 - [TEST_STEP][PASSED] - symbol = symbol: null

2019-08-24 12:19:53 - [TEST_STEP][PASSED] - println(symbol): null

2019-08-24 12:19:53 - [TEST_STEP][PASSED] - if (i == 2 &amp;&amp; wildList.indexOf(symbol) != -1): null

2019-08-24 12:19:53 - [TEST_STEP][PASSED] - if (i == 3 &amp;&amp; wildList.indexOf(symbol) != -1): null

2019-08-24 12:19:53 - [TEST_STEP][PASSED] - if (i == 4 &amp;&amp; wildList.indexOf(symbol) != -1): null

2019-08-24 12:19:53 - [TEST_STEP][PASSED] - symbol = symbol: null

2019-08-24 12:19:53 - [TEST_STEP][PASSED] - println(symbol): null

2019-08-24 12:19:53 - [TEST_STEP][PASSED] - if (i == 2 &amp;&amp; wildList.indexOf(symbol) != -1): null

2019-08-24 12:19:53 - [TEST_STEP][PASSED] - if (i == 3 &amp;&amp; wildList.indexOf(symbol) != -1): null

2019-08-24 12:19:53 - [TEST_STEP][PASSED] - if (i == 4 &amp;&amp; wildList.indexOf(symbol) != -1): null

2019-08-24 12:19:53 - [TEST_STEP][PASSED] - symbol = symbol: null

2019-08-24 12:19:53 - [TEST_STEP][PASSED] - println(symbol): null

2019-08-24 12:19:53 - [TEST_STEP][PASSED] - if (i == 2 &amp;&amp; wildList.indexOf(symbol) != -1): null

2019-08-24 12:19:53 - [TEST_STEP][PASSED] - if (i == 3 &amp;&amp; wildList.indexOf(symbol) != -1): null

2019-08-24 12:19:53 - [TEST_STEP][PASSED] - if (i == 4 &amp;&amp; wildList.indexOf(symbol) != -1): null

2019-08-24 12:19:53 - [TEST_STEP][PASSED] - free_spin_reel_counter = free_spin_reel_counter: null

2019-08-24 12:19:53 - [TEST_STEP][PASSED] - println("reel 3 wild found: " + free_spin_reel_counter[0]): null

2019-08-24 12:19:53 - [TEST_STEP][PASSED] - println("reel 4 wild found: " + free_spin_reel_counter[1]): null

2019-08-24 12:19:53 - [TEST_STEP][PASSED] - println("reel 5 wild found: " + free_spin_reel_counter[2]): null

2019-08-24 12:19:53 - [TEST_STEP][PASSED] - M4_spin_reels = M4_spin_reels: null

2019-08-24 12:19:53 - [TEST_STEP][PASSED] - M4_spin_reels_symbols = symbol: null

2019-08-24 12:19:53 - [TEST_STEP][PASSED] - M4_spin_reels_symbols = M4_spin_reels_symbols: null

2019-08-24 12:19:53 - [TEST_STEP][PASSED] - M4_spin_reel_wins = reel_wins: null

2019-08-24 12:19:53 - [TEST_STEP][PASSED] - M4_spin_reel_wins = M4_spin_reel_wins: null

2019-08-24 12:19:53 - [TEST_STEP][PASSED] - println("GlobalVariable.M4_spin_reel_wins is: " + M4_spin_reel_wins): null

2019-08-24 12:19:53 - [TEST_STEP][PASSED] - M4_spin_total_bonus_win_this_round = total_bonus_win_this_round: null

2019-08-24 12:19:53 - [TEST_STEP][PASSED] - M4_spin_total_bonus_win_this_round = M4_spin_total_bonus_win_this_round: null

2019-08-24 12:19:53 - [TEST_STEP][PASSED] - println("GlobalVariable.M4_spin_total_bonus_win_this_round is: " + M4_spin_total_bonus_win_this_round): null

2019-08-24 12:19:53 - [TEST_STEP][PASSED] - M4_spin_bonus_spin_result = spin_result: null

2019-08-24 12:19:53 - [TEST_STEP][PASSED] - M4_spin_bonus_spin_result = M4_spin_bonus_spin_result: null

2019-08-24 12:19:53 - [MESSAGE][PASSED] - Verify response successfully

2019-08-24 12:19:53 - [MESSAGE][PASSED] - Send request and verify the response successfully

2019-08-24 12:19:53 - [TEST_STEP][PASSED] - if (M4_total_bonus_spins_int != 0 &amp;&amp; M4_spin_reels_symbols[2].contains("WILD_ExtraFG") || M4_spin_reels_symbols[3].contains("WILD_ExtraFG")): null

2019-08-24 12:19:53 - [TEST_STEP][PASSED] - free_spin_reel_counter = free_spin_reel_counter: null

2019-08-24 12:19:53 - [TEST_STEP][PASSED] - M4_spin_reels_symbols = M4_spin_reels_symbols: null

2019-08-24 12:19:53 - [TEST_STEP][PASSED] - M4_total_bonus_spins = M4_total_bonus_spins: null

2019-08-24 12:19:53 - [TEST_STEP][PASSED] - spin_result = sendRequestAndVerify(findTestObject("INT/RGS(M4)/1_M4_spin", ["M4_login_user_id":M4_login_user_id, "rgs_session_token":rgs_session_token, "partner":Partner])): Send request and verify the response successfully

2019-08-24 12:19:53 - [MESSAGE][INFO] - HAR: /Users/eiralee/Katalon_Script/SuperWild/Reports/20190824_120919/INT/superWild_3/20190824_120919/requests/main/177.har

2019-08-24 12:19:53 - [TEST_CASE][PASSED] - Start Test Case : Verification: Verification accomplished successfully

2019-08-24 12:19:53 - [TEST_STEP][PASSED] - request = getInstance().getCurrentRequest(): null

2019-08-24 12:19:53 - [TEST_STEP][PASSED] - response = getInstance().getCurrentResponse(): null

2019-08-24 12:19:53 - [TEST_STEP][PASSED] - verifyResponseStatusCode(response, 200): Verify response status code successfully

2019-08-24 12:19:53 - [MESSAGE][PASSED] - Verify response status code successfully

2019-08-24 12:19:53 - [TEST_STEP][PASSED] - getStatusCode()).isEqualTo(200): null

2019-08-24 12:19:53 - [TEST_STEP][PASSED] - newline = System.getProperty("line.separator"): null

2019-08-24 12:19:53 - [TEST_STEP][PASSED] - M4_spin = new groovy.json.JsonSlurper(): null

2019-08-24 12:19:53 - [TEST_STEP][PASSED] - result_M4_spin = M4_spin.parseText(response.getResponseBodyContent()): null

2019-08-24 12:19:53 - [TEST_STEP][PASSED] - M4_spin_current_balance = current_balance: null

2019-08-24 12:19:53 - [TEST_STEP][PASSED] - M4_spin_current_balance = M4_spin_current_balance: null

2019-08-24 12:19:53 - [TEST_STEP][PASSED] - M4_spin_transaction_id = causality: null

2019-08-24 12:19:53 - [TEST_STEP][PASSED] - M4_spin_transaction_id = M4_spin_transaction_id: null

2019-08-24 12:19:53 - [TEST_STEP][PASSED] - M4_spin_round_id = round_id: null

2019-08-24 12:19:53 - [TEST_STEP][PASSED] - M4_spin_round_id = M4_spin_round_id: null

2019-08-24 12:19:53 - [TEST_STEP][PASSED] - M4_spin_line_wins = line_wins: null

2019-08-24 12:19:53 - [TEST_STEP][PASSED] - M4_spin_line_wins = M4_spin_line_wins: null

2019-08-24 12:19:53 - [TEST_STEP][PASSED] - M4_total_bonus_spins_int = total_bonus_spins: null

2019-08-24 12:19:53 - [TEST_STEP][PASSED] - println("******M4_total_bonus_spins type is:*******" + newline + getClass().getName()): null

2019-08-24 12:19:53 - [TEST_STEP][PASSED] - M4_total_bonus_spins_int = M4_total_bonus_spins_int: null

2019-08-24 12:19:53 - [TEST_STEP][PASSED] - M4_total_bonus_spins = Integer.toString(M4_total_bonus_spins_int): null

2019-08-24 12:19:53 - [TEST_STEP][PASSED] - M4_total_bonus_spins = M4_total_bonus_spins: null

2019-08-24 12:19:53 - [TEST_STEP][PASSED] - println("M4_total_bonus_spins is:" + M4_total_bonus_spins): null

2019-08-24 12:19:53 - [TEST_STEP][PASSED] - M4_spin_bonus_data = bonus_data: null

2019-08-24 12:19:53 - [TEST_STEP][PASSED] - M4_spin_features_triggered = result_M4_spin: null

2019-08-24 12:19:53 - [TEST_STEP][PASSED] - wild = []: null

2019-08-24 12:19:53 - [TEST_STEP][PASSED] - wild[0] = "WILD_Expanding": null

2019-08-24 12:19:53 - [TEST_STEP][PASSED] - wild[1] = "WILD_Normal": null

2019-08-24 12:19:53 - [TEST_STEP][PASSED] - wild[2] = "WILD_Double": null

2019-08-24 12:19:53 - [TEST_STEP][PASSED] - wild[3] = "WILD_ExtraFG": null

2019-08-24 12:19:53 - [TEST_STEP][PASSED] - wild[4] = "WILD_Triple": null

2019-08-24 12:19:53 - [TEST_STEP][PASSED] - wildList = Arrays.asList(wild): null

2019-08-24 12:19:53 - [TEST_STEP][PASSED] - wildList = wildList: null

2019-08-24 12:19:53 - [TEST_STEP][PASSED] - free_spin_reel_counter = []: null

2019-08-24 12:19:53 - [TEST_STEP][PASSED] - free_spin_reel_counter[0] = 0: null

2019-08-24 12:19:53 - [TEST_STEP][PASSED] - free_spin_reel_counter[1] = 0: null

2019-08-24 12:19:53 - [TEST_STEP][PASSED] - free_spin_reel_counter[2] = 0: null

2019-08-24 12:19:53 - [TEST_STEP][PASSED] - M4_spin_reels = reels: null

2019-08-24 12:19:53 - [TEST_STEP][PASSED] - for ([i = 0, i &lt; M4_spin_reels.size(), (i++)]): null

2019-08-24 12:19:53 - [TEST_STEP][PASSED] - symbols = symbols: null

2019-08-24 12:19:53 - [TEST_STEP][PASSED] - for ([j = 0, j &lt; symbols.size(), (j++)]): null

2019-08-24 12:19:53 - [TEST_STEP][PASSED] - symbol = symbol: null

2019-08-24 12:19:53 - [TEST_STEP][PASSED] - println(symbol): null

2019-08-24 12:19:53 - [TEST_STEP][PASSED] - if (i == 2 &amp;&amp; wildList.indexOf(symbol) != -1): null

2019-08-24 12:19:53 - [TEST_STEP][PASSED] - if (i == 3 &amp;&amp; wildList.indexOf(symbol) != -1): null

2019-08-24 12:19:53 - [TEST_STEP][PASSED] - if (i == 4 &amp;&amp; wildList.indexOf(symbol) != -1): null

2019-08-24 12:19:53 - [TEST_STEP][PASSED] - symbol = symbol: null

2019-08-24 12:19:53 - [TEST_STEP][PASSED] - println(symbol): null

2019-08-24 12:19:53 - [TEST_STEP][PASSED] - if (i == 2 &amp;&amp; wildList.indexOf(symbol) != -1): null

2019-08-24 12:19:53 - [TEST_STEP][PASSED] - if (i == 3 &amp;&amp; wildList.indexOf(symbol) != -1): null

2019-08-24 12:19:53 - [TEST_STEP][PASSED] - if (i == 4 &amp;&amp; wildList.indexOf(symbol) != -1): null

2019-08-24 12:19:53 - [TEST_STEP][PASSED] - symbol = symbol: null

2019-08-24 12:19:53 - [TEST_STEP][PASSED] - println(symbol): null

2019-08-24 12:19:53 - [TEST_STEP][PASSED] - if (i == 2 &amp;&amp; wildList.indexOf(symbol) != -1): null

2019-08-24 12:19:53 - [TEST_STEP][PASSED] - if (i == 3 &amp;&amp; wildList.indexOf(symbol) != -1): null

2019-08-24 12:19:53 - [TEST_STEP][PASSED] - if (i == 4 &amp;&amp; wildList.indexOf(symbol) != -1): null

2019-08-24 12:19:53 - [TEST_STEP][PASSED] - symbols = symbols: null

2019-08-24 12:19:53 - [TEST_STEP][PASSED] - for ([j = 0, j &lt; symbols.size(), (j++)]): null

2019-08-24 12:19:53 - [TEST_STEP][PASSED] - symbol = symbol: null

2019-08-24 12:19:53 - [TEST_STEP][PASSED] - println(symbol): null

2019-08-24 12:19:53 - [TEST_STEP][PASSED] - if (i == 2 &amp;&amp; wildList.indexOf(symbol) != -1): null

2019-08-24 12:19:53 - [TEST_STEP][PASSED] - if (i == 3 &amp;&amp; wildList.indexOf(symbol) != -1): null

2019-08-24 12:19:53 - [TEST_STEP][PASSED] - if (i == 4 &amp;&amp; wildList.indexOf(symbol) != -1): null

2019-08-24 12:19:57 - [TEST_STEP][PASSED] - symbol = symbol: null

2019-08-24 12:19:57 - [TEST_STEP][PASSED] - println(symbol): null

2019-08-24 12:19:57 - [TEST_STEP][PASSED] - if (i == 2 &amp;&amp; wildList.indexOf(symbol) != -1): null

2019-08-24 12:19:57 - [TEST_STEP][PASSED] - if (i == 3 &amp;&amp; wildList.indexOf(symbol) != -1): null

2019-08-24 12:19:57 - [TEST_STEP][PASSED] - if (i == 4 &amp;&amp; wildList.indexOf(symbol) != -1): null

2019-08-24 12:19:57 - [TEST_STEP][PASSED] - symbol = symbol: null

2019-08-24 12:19:57 - [TEST_STEP][PASSED] - println(symbol): null

2019-08-24 12:19:57 - [TEST_STEP][PASSED] - if (i == 2 &amp;&amp; wildList.indexOf(symbol) != -1): null

2019-08-24 12:19:57 - [TEST_STEP][PASSED] - if (i == 3 &amp;&amp; wildList.indexOf(symbol) != -1): null

2019-08-24 12:19:57 - [TEST_STEP][PASSED] - if (i == 4 &amp;&amp; wildList.indexOf(symbol) != -1): null

2019-08-24 12:20:01 - [TEST_STEP][PASSED] - symbols = symbols: null

2019-08-24 12:20:01 - [TEST_STEP][PASSED] - for ([j = 0, j &lt; symbols.size(), (j++)]): null

2019-08-24 12:20:01 - [TEST_STEP][PASSED] - symbol = symbol: null

2019-08-24 12:20:01 - [TEST_STEP][PASSED] - println(symbol): null

2019-08-24 12:20:01 - [TEST_STEP][PASSED] - if (i == 2 &amp;&amp; wildList.indexOf(symbol) != -1): null

2019-08-24 12:20:01 - [TEST_STEP][PASSED] - if (i == 3 &amp;&amp; wildList.indexOf(symbol) != -1): null

2019-08-24 12:20:01 - [TEST_STEP][PASSED] - if (i == 4 &amp;&amp; wildList.indexOf(symbol) != -1): null

2019-08-24 12:20:01 - [TEST_STEP][PASSED] - symbol = symbol: null

2019-08-24 12:20:01 - [TEST_STEP][PASSED] - println(symbol): null

2019-08-24 12:20:01 - [TEST_STEP][PASSED] - if (i == 2 &amp;&amp; wildList.indexOf(symbol) != -1): null

2019-08-24 12:20:01 - [TEST_STEP][PASSED] - if (i == 3 &amp;&amp; wildList.indexOf(symbol) != -1): null

2019-08-24 12:20:01 - [TEST_STEP][PASSED] - if (i == 4 &amp;&amp; wildList.indexOf(symbol) != -1): null

2019-08-24 12:20:01 - [TEST_STEP][PASSED] - symbol = symbol: null

2019-08-24 12:20:01 - [TEST_STEP][PASSED] - println(symbol): null

2019-08-24 12:20:01 - [TEST_STEP][PASSED] - if (i == 2 &amp;&amp; wildList.indexOf(symbol) != -1): null

2019-08-24 12:20:01 - [TEST_STEP][PASSED] - if (i == 3 &amp;&amp; wildList.indexOf(symbol) != -1): null

2019-08-24 12:20:01 - [TEST_STEP][PASSED] - if (i == 4 &amp;&amp; wildList.indexOf(symbol) != -1): null

2019-08-24 12:20:01 - [TEST_STEP][PASSED] - symbols = symbols: null

2019-08-24 12:20:01 - [TEST_STEP][PASSED] - for ([j = 0, j &lt; symbols.size(), (j++)]): null

2019-08-24 12:20:01 - [TEST_STEP][PASSED] - symbol = symbol: null

2019-08-24 12:20:01 - [TEST_STEP][PASSED] - println(symbol): null

2019-08-24 12:20:01 - [TEST_STEP][PASSED] - if (i == 2 &amp;&amp; wildList.indexOf(symbol) != -1): null

2019-08-24 12:20:01 - [TEST_STEP][PASSED] - if (i == 3 &amp;&amp; wildList.indexOf(symbol) != -1): null

2019-08-24 12:20:01 - [TEST_STEP][PASSED] - if (i == 4 &amp;&amp; wildList.indexOf(symbol) != -1): null

2019-08-24 12:20:01 - [TEST_STEP][PASSED] - symbol = symbol: null

2019-08-24 12:20:01 - [TEST_STEP][PASSED] - println(symbol): null

2019-08-24 12:20:01 - [TEST_STEP][PASSED] - if (i == 2 &amp;&amp; wildList.indexOf(symbol) != -1): null

2019-08-24 12:20:01 - [TEST_STEP][PASSED] - if (i == 3 &amp;&amp; wildList.indexOf(symbol) != -1): null

2019-08-24 12:20:01 - [TEST_STEP][PASSED] - if (i == 4 &amp;&amp; wildList.indexOf(symbol) != -1): null

2019-08-24 12:20:01 - [TEST_STEP][PASSED] - symbol = symbol: null

2019-08-24 12:20:01 - [TEST_STEP][PASSED] - println(symbol): null

2019-08-24 12:20:01 - [TEST_STEP][PASSED] - if (i == 2 &amp;&amp; wildList.indexOf(symbol) != -1): null

2019-08-24 12:20:01 - [TEST_STEP][PASSED] - if (i == 3 &amp;&amp; wildList.indexOf(symbol) != -1): null

2019-08-24 12:20:01 - [TEST_STEP][PASSED] - if (i == 4 &amp;&amp; wildList.indexOf(symbol) != -1): null

2019-08-24 12:20:01 - [TEST_STEP][PASSED] - symbols = symbols: null

2019-08-24 12:20:01 - [TEST_STEP][PASSED] - for ([j = 0, j &lt; symbols.size(), (j++)]): null

2019-08-24 12:20:01 - [TEST_STEP][PASSED] - symbol = symbol: null

2019-08-24 12:20:01 - [TEST_STEP][PASSED] - println(symbol): null

2019-08-24 12:20:01 - [TEST_STEP][PASSED] - if (i == 2 &amp;&amp; wildList.indexOf(symbol) != -1): null

2019-08-24 12:20:01 - [TEST_STEP][PASSED] - if (i == 3 &amp;&amp; wildList.indexOf(symbol) != -1): null

2019-08-24 12:20:01 - [TEST_STEP][PASSED] - if (i == 4 &amp;&amp; wildList.indexOf(symbol) != -1): null

2019-08-24 12:20:01 - [TEST_STEP][PASSED] - symbol = symbol: null

2019-08-24 12:20:01 - [TEST_STEP][PASSED] - println(symbol): null

2019-08-24 12:20:01 - [TEST_STEP][PASSED] - if (i == 2 &amp;&amp; wildList.indexOf(symbol) != -1): null

2019-08-24 12:20:01 - [TEST_STEP][PASSED] - if (i == 3 &amp;&amp; wildList.indexOf(symbol) != -1): null

2019-08-24 12:20:01 - [TEST_STEP][PASSED] - if (i == 4 &amp;&amp; wildList.indexOf(symbol) != -1): null

2019-08-24 12:20:01 - [TEST_STEP][PASSED] - symbol = symbol: null

2019-08-24 12:20:01 - [TEST_STEP][PASSED] - println(symbol): null

2019-08-24 12:20:01 - [TEST_STEP][PASSED] - if (i == 2 &amp;&amp; wildList.indexOf(symbol) != -1): null

2019-08-24 12:20:01 - [TEST_STEP][PASSED] - if (i == 3 &amp;&amp; wildList.indexOf(symbol) != -1): null

2019-08-24 12:20:01 - [TEST_STEP][PASSED] - if (i == 4 &amp;&amp; wildList.indexOf(symbol) != -1): null

2019-08-24 12:20:01 - [TEST_STEP][PASSED] - free_spin_reel_counter = free_spin_reel_counter: null

2019-08-24 12:20:01 - [TEST_STEP][PASSED] - println("reel 3 wild found: " + free_spin_reel_counter[0]): null

2019-08-24 12:20:01 - [TEST_STEP][PASSED] - println("reel 4 wild found: " + free_spin_reel_counter[1]): null

2019-08-24 12:20:01 - [TEST_STEP][PASSED] - println("reel 5 wild found: " + free_spin_reel_counter[2]): null

2019-08-24 12:20:01 - [TEST_STEP][PASSED] - M4_spin_reels = M4_spin_reels: null

2019-08-24 12:20:01 - [TEST_STEP][PASSED] - M4_spin_reels_symbols = symbol: null

2019-08-24 12:20:01 - [TEST_STEP][PASSED] - M4_spin_reels_symbols = M4_spin_reels_symbols: null

2019-08-24 12:20:01 - [TEST_STEP][PASSED] - M4_spin_reel_wins = reel_wins: null

2019-08-24 12:20:01 - [TEST_STEP][PASSED] - M4_spin_reel_wins = M4_spin_reel_wins: null

2019-08-24 12:20:01 - [TEST_STEP][PASSED] - println("GlobalVariable.M4_spin_reel_wins is: " + M4_spin_reel_wins): null

2019-08-24 12:20:01 - [TEST_STEP][PASSED] - M4_spin_total_bonus_win_this_round = total_bonus_win_this_round: null

2019-08-24 12:20:01 - [TEST_STEP][PASSED] - M4_spin_total_bonus_win_this_round = M4_spin_total_bonus_win_this_round: null

2019-08-24 12:20:01 - [TEST_STEP][PASSED] - println("GlobalVariable.M4_spin_total_bonus_win_this_round is: " + M4_spin_total_bonus_win_this_round): null

2019-08-24 12:20:01 - [TEST_STEP][PASSED] - M4_spin_bonus_spin_result = spin_result: null

2019-08-24 12:20:01 - [TEST_STEP][PASSED] - M4_spin_bonus_spin_result = M4_spin_bonus_spin_result: null

2019-08-24 12:20:01 - [MESSAGE][PASSED] - Verify response successfully

2019-08-24 12:20:01 - [MESSAGE][PASSED] - Send request and verify the response successfully

2019-08-24 12:20:01 - [TEST_STEP][PASSED] - if (M4_total_bonus_spins_int != 0 &amp;&amp; M4_spin_reels_symbols[2].contains("WILD_ExtraFG") || M4_spin_reels_symbols[3].contains("WILD_ExtraFG")): null

2019-08-24 12:20:01 - [TEST_STEP][PASSED] - free_spin_reel_counter = free_spin_reel_counter: null

2019-08-24 12:20:01 - [TEST_STEP][PASSED] - M4_spin_reels_symbols = M4_spin_reels_symbols: null

2019-08-24 12:20:01 - [TEST_STEP][PASSED] - M4_total_bonus_spins = M4_total_bonus_spins: null

2019-08-24 12:20:01 - [TEST_STEP][PASSED] - spin_result = sendRequestAndVerify(findTestObject("INT/RGS(M4)/1_M4_spin", ["M4_login_user_id":M4_login_user_id, "rgs_session_token":rgs_session_token, "partner":Partner])): Send request and verify the response successfully

2019-08-24 12:20:01 - [MESSAGE][INFO] - HAR: /Users/eiralee/Katalon_Script/SuperWild/Reports/20190824_120919/INT/superWild_3/20190824_120919/requests/main/178.har

2019-08-24 12:20:01 - [TEST_CASE][PASSED] - Start Test Case : Verification: Verification accomplished successfully

2019-08-24 12:20:01 - [TEST_STEP][PASSED] - request = getInstance().getCurrentRequest(): null

2019-08-24 12:20:01 - [TEST_STEP][PASSED] - response = getInstance().getCurrentResponse(): null

2019-08-24 12:20:01 - [TEST_STEP][PASSED] - verifyResponseStatusCode(response, 200): Verify response status code successfully

2019-08-24 12:20:01 - [MESSAGE][PASSED] - Verify response status code successfully

2019-08-24 12:20:01 - [TEST_STEP][PASSED] - getStatusCode()).isEqualTo(200): null

2019-08-24 12:20:01 - [TEST_STEP][PASSED] - newline = System.getProperty("line.separator"): null

2019-08-24 12:20:01 - [TEST_STEP][PASSED] - M4_spin = new groovy.json.JsonSlurper(): null

2019-08-24 12:20:01 - [TEST_STEP][PASSED] - result_M4_spin = M4_spin.parseText(response.getResponseBodyContent()): null

2019-08-24 12:20:01 - [TEST_STEP][PASSED] - M4_spin_current_balance = current_balance: null

2019-08-24 12:20:01 - [TEST_STEP][PASSED] - M4_spin_current_balance = M4_spin_current_balance: null

2019-08-24 12:20:01 - [TEST_STEP][PASSED] - M4_spin_transaction_id = causality: null

2019-08-24 12:20:01 - [TEST_STEP][PASSED] - M4_spin_transaction_id = M4_spin_transaction_id: null

2019-08-24 12:20:01 - [TEST_STEP][PASSED] - M4_spin_round_id = round_id: null

2019-08-24 12:20:01 - [TEST_STEP][PASSED] - M4_spin_round_id = M4_spin_round_id: null

2019-08-24 12:20:01 - [TEST_STEP][PASSED] - M4_spin_line_wins = line_wins: null

2019-08-24 12:20:01 - [TEST_STEP][PASSED] - M4_spin_line_wins = M4_spin_line_wins: null

2019-08-24 12:20:01 - [TEST_STEP][PASSED] - M4_total_bonus_spins_int = total_bonus_spins: null

2019-08-24 12:20:01 - [TEST_STEP][PASSED] - println("******M4_total_bonus_spins type is:*******" + newline + getClass().getName()): null

2019-08-24 12:20:01 - [TEST_STEP][PASSED] - M4_total_bonus_spins_int = M4_total_bonus_spins_int: null

2019-08-24 12:20:01 - [TEST_STEP][PASSED] - M4_total_bonus_spins = Integer.toString(M4_total_bonus_spins_int): null

2019-08-24 12:20:01 - [TEST_STEP][PASSED] - M4_total_bonus_spins = M4_total_bonus_spins: null

2019-08-24 12:20:01 - [TEST_STEP][PASSED] - println("M4_total_bonus_spins is:" + M4_total_bonus_spins): null

2019-08-24 12:20:01 - [TEST_STEP][PASSED] - M4_spin_bonus_data = bonus_data: null

2019-08-24 12:20:01 - [TEST_STEP][PASSED] - M4_spin_features_triggered = result_M4_spin: null

2019-08-24 12:20:01 - [TEST_STEP][PASSED] - wild = []: null

2019-08-24 12:20:01 - [TEST_STEP][PASSED] - wild[0] = "WILD_Expanding": null

2019-08-24 12:20:01 - [TEST_STEP][PASSED] - wild[1] = "WILD_Normal": null

2019-08-24 12:20:01 - [TEST_STEP][PASSED] - wild[2] = "WILD_Double": null

2019-08-24 12:20:01 - [TEST_STEP][PASSED] - wild[3] = "WILD_ExtraFG": null

2019-08-24 12:20:01 - [TEST_STEP][PASSED] - wild[4] = "WILD_Triple": null

2019-08-24 12:20:01 - [TEST_STEP][PASSED] - wildList = Arrays.asList(wild): null

2019-08-24 12:20:01 - [TEST_STEP][PASSED] - wildList = wildList: null

2019-08-24 12:20:01 - [TEST_STEP][PASSED] - free_spin_reel_counter = []: null

2019-08-24 12:20:01 - [TEST_STEP][PASSED] - free_spin_reel_counter[0] = 0: null

2019-08-24 12:20:01 - [TEST_STEP][PASSED] - free_spin_reel_counter[1] = 0: null

2019-08-24 12:20:01 - [TEST_STEP][PASSED] - free_spin_reel_counter[2] = 0: null

2019-08-24 12:20:01 - [TEST_STEP][PASSED] - M4_spin_reels = reels: null

2019-08-24 12:20:01 - [TEST_STEP][PASSED] - for ([i = 0, i &lt; M4_spin_reels.size(), (i++)]): null

2019-08-24 12:20:01 - [TEST_STEP][PASSED] - symbols = symbols: null

2019-08-24 12:20:01 - [TEST_STEP][PASSED] - for ([j = 0, j &lt; symbols.size(), (j++)]): null

2019-08-24 12:20:01 - [TEST_STEP][PASSED] - symbol = symbol: null

2019-08-24 12:20:01 - [TEST_STEP][PASSED] - println(symbol): null

2019-08-24 12:20:01 - [TEST_STEP][PASSED] - if (i == 2 &amp;&amp; wildList.indexOf(symbol) != -1): null

2019-08-24 12:20:01 - [TEST_STEP][PASSED] - if (i == 3 &amp;&amp; wildList.indexOf(symbol) != -1): null

2019-08-24 12:20:01 - [TEST_STEP][PASSED] - if (i == 4 &amp;&amp; wildList.indexOf(symbol) != -1): null

2019-08-24 12:20:01 - [TEST_STEP][PASSED] - symbol = symbol: null

2019-08-24 12:20:01 - [TEST_STEP][PASSED] - println(symbol): null

2019-08-24 12:20:01 - [TEST_STEP][PASSED] - if (i == 2 &amp;&amp; wildList.indexOf(symbol) != -1): null

2019-08-24 12:20:01 - [TEST_STEP][PASSED] - if (i == 3 &amp;&amp; wildList.indexOf(symbol) != -1): null

2019-08-24 12:20:01 - [TEST_STEP][PASSED] - if (i == 4 &amp;&amp; wildList.indexOf(symbol) != -1): null

2019-08-24 12:20:01 - [TEST_STEP][PASSED] - symbol = symbol: null

2019-08-24 12:20:01 - [TEST_STEP][PASSED] - println(symbol): null

2019-08-24 12:20:01 - [TEST_STEP][PASSED] - if (i == 2 &amp;&amp; wildList.indexOf(symbol) != -1): null

2019-08-24 12:20:01 - [TEST_STEP][PASSED] - if (i == 3 &amp;&amp; wildList.indexOf(symbol) != -1): null

2019-08-24 12:20:01 - [TEST_STEP][PASSED] - if (i == 4 &amp;&amp; wildList.indexOf(symbol) != -1): null

2019-08-24 12:20:01 - [TEST_STEP][PASSED] - symbols = symbols: null

2019-08-24 12:20:01 - [TEST_STEP][PASSED] - for ([j = 0, j &lt; symbols.size(), (j++)]): null

2019-08-24 12:20:01 - [TEST_STEP][PASSED] - symbol = symbol: null

2019-08-24 12:20:01 - [TEST_STEP][PASSED] - println(symbol): null

2019-08-24 12:20:01 - [TEST_STEP][PASSED] - if (i == 2 &amp;&amp; wildList.indexOf(symbol) != -1): null

2019-08-24 12:20:01 - [TEST_STEP][PASSED] - if (i == 3 &amp;&amp; wildList.indexOf(symbol) != -1): null

2019-08-24 12:20:01 - [TEST_STEP][PASSED] - if (i == 4 &amp;&amp; wildList.indexOf(symbol) != -1): null

2019-08-24 12:20:01 - [TEST_STEP][PASSED] - symbol = symbol: null

2019-08-24 12:20:01 - [TEST_STEP][PASSED] - println(symbol): null

2019-08-24 12:20:01 - [TEST_STEP][PASSED] - if (i == 2 &amp;&amp; wildList.indexOf(symbol) != -1): null

2019-08-24 12:20:01 - [TEST_STEP][PASSED] - if (i == 3 &amp;&amp; wildList.indexOf(symbol) != -1): null

2019-08-24 12:20:01 - [TEST_STEP][PASSED] - if (i == 4 &amp;&amp; wildList.indexOf(symbol) != -1): null

2019-08-24 12:20:01 - [TEST_STEP][PASSED] - symbol = symbol: null

2019-08-24 12:20:01 - [TEST_STEP][PASSED] - println(symbol): null

2019-08-24 12:20:01 - [TEST_STEP][PASSED] - if (i == 2 &amp;&amp; wildList.indexOf(symbol) != -1): null

2019-08-24 12:20:01 - [TEST_STEP][PASSED] - if (i == 3 &amp;&amp; wildList.indexOf(symbol) != -1): null

2019-08-24 12:20:01 - [TEST_STEP][PASSED] - if (i == 4 &amp;&amp; wildList.indexOf(symbol) != -1): null

2019-08-24 12:20:01 - [TEST_STEP][PASSED] - symbols = symbols: null

2019-08-24 12:20:01 - [TEST_STEP][PASSED] - for ([j = 0, j &lt; symbols.size(), (j++)]): null

2019-08-24 12:20:01 - [TEST_STEP][PASSED] - symbol = symbol: null

2019-08-24 12:20:01 - [TEST_STEP][PASSED] - println(symbol): null

2019-08-24 12:20:01 - [TEST_STEP][PASSED] - if (i == 2 &amp;&amp; wildList.indexOf(symbol) != -1): null

2019-08-24 12:20:01 - [TEST_STEP][PASSED] - if (i == 3 &amp;&amp; wildList.indexOf(symbol) != -1): null

2019-08-24 12:20:01 - [TEST_STEP][PASSED] - if (i == 4 &amp;&amp; wildList.indexOf(symbol) != -1): null

2019-08-24 12:20:01 - [TEST_STEP][PASSED] - symbol = symbol: null

2019-08-24 12:20:01 - [TEST_STEP][PASSED] - println(symbol): null

2019-08-24 12:20:01 - [TEST_STEP][PASSED] - if (i == 2 &amp;&amp; wildList.indexOf(symbol) != -1): null

2019-08-24 12:20:01 - [TEST_STEP][PASSED] - if (i == 3 &amp;&amp; wildList.indexOf(symbol) != -1): null

2019-08-24 12:20:01 - [TEST_STEP][PASSED] - if (i == 4 &amp;&amp; wildList.indexOf(symbol) != -1): null

2019-08-24 12:20:01 - [TEST_STEP][PASSED] - symbol = symbol: null

2019-08-24 12:20:01 - [TEST_STEP][PASSED] - println(symbol): null

2019-08-24 12:20:01 - [TEST_STEP][PASSED] - if (i == 2 &amp;&amp; wildList.indexOf(symbol) != -1): null

2019-08-24 12:20:01 - [TEST_STEP][PASSED] - if (i == 3 &amp;&amp; wildList.indexOf(symbol) != -1): null

2019-08-24 12:20:01 - [TEST_STEP][PASSED] - if (i == 4 &amp;&amp; wildList.indexOf(symbol) != -1): null

2019-08-24 12:20:01 - [TEST_STEP][PASSED] - symbols = symbols: null

2019-08-24 12:20:01 - [TEST_STEP][PASSED] - for ([j = 0, j &lt; symbols.size(), (j++)]): null

2019-08-24 12:20:01 - [TEST_STEP][PASSED] - symbol = symbol: null

2019-08-24 12:20:01 - [TEST_STEP][PASSED] - println(symbol): null

2019-08-24 12:20:01 - [TEST_STEP][PASSED] - if (i == 2 &amp;&amp; wildList.indexOf(symbol) != -1): null

2019-08-24 12:20:01 - [TEST_STEP][PASSED] - if (i == 3 &amp;&amp; wildList.indexOf(symbol) != -1): null

2019-08-24 12:20:01 - [TEST_STEP][PASSED] - println("wild found on reel 4, adding counter by 1"): null

2019-08-24 12:20:01 - [TEST_STEP][PASSED] - free_spin_reel_counter[1] = free_spin_reel_counter[1] + 1: null

2019-08-24 12:20:01 - [TEST_STEP][PASSED] - if (i == 4 &amp;&amp; wildList.indexOf(symbol) != -1): null

2019-08-24 12:20:01 - [TEST_STEP][PASSED] - symbol = symbol: null

2019-08-24 12:20:01 - [TEST_STEP][PASSED] - println(symbol): null

2019-08-24 12:20:01 - [TEST_STEP][PASSED] - if (i == 2 &amp;&amp; wildList.indexOf(symbol) != -1): null

2019-08-24 12:20:01 - [TEST_STEP][PASSED] - if (i == 3 &amp;&amp; wildList.indexOf(symbol) != -1): null

2019-08-24 12:20:01 - [TEST_STEP][PASSED] - if (i == 4 &amp;&amp; wildList.indexOf(symbol) != -1): null

2019-08-24 12:20:01 - [TEST_STEP][PASSED] - symbol = symbol: null

2019-08-24 12:20:01 - [TEST_STEP][PASSED] - println(symbol): null

2019-08-24 12:20:01 - [TEST_STEP][PASSED] - if (i == 2 &amp;&amp; wildList.indexOf(symbol) != -1): null

2019-08-24 12:20:01 - [TEST_STEP][PASSED] - if (i == 3 &amp;&amp; wildList.indexOf(symbol) != -1): null

2019-08-24 12:20:01 - [TEST_STEP][PASSED] - if (i == 4 &amp;&amp; wildList.indexOf(symbol) != -1): null

2019-08-24 12:20:01 - [TEST_STEP][PASSED] - symbols = symbols: null

2019-08-24 12:20:01 - [TEST_STEP][PASSED] - for ([j = 0, j &lt; symbols.size(), (j++)]): null

2019-08-24 12:20:01 - [TEST_STEP][PASSED] - symbol = symbol: null

2019-08-24 12:20:01 - [TEST_STEP][PASSED] - println(symbol): null

2019-08-24 12:20:01 - [TEST_STEP][PASSED] - if (i == 2 &amp;&amp; wildList.indexOf(symbol) != -1): null

2019-08-24 12:20:01 - [TEST_STEP][PASSED] - if (i == 3 &amp;&amp; wildList.indexOf(symbol) != -1): null

2019-08-24 12:20:01 - [TEST_STEP][PASSED] - if (i == 4 &amp;&amp; wildList.indexOf(symbol) != -1): null

2019-08-24 12:20:01 - [TEST_STEP][PASSED] - symbol = symbol: null

2019-08-24 12:20:01 - [TEST_STEP][PASSED] - println(symbol): null

2019-08-24 12:20:01 - [TEST_STEP][PASSED] - if (i == 2 &amp;&amp; wildList.indexOf(symbol) != -1): null

2019-08-24 12:20:01 - [TEST_STEP][PASSED] - if (i == 3 &amp;&amp; wildList.indexOf(symbol) != -1): null

2019-08-24 12:20:01 - [TEST_STEP][PASSED] - if (i == 4 &amp;&amp; wildList.indexOf(symbol) != -1): null

2019-08-24 12:20:01 - [TEST_STEP][PASSED] - symbol = symbol: null

2019-08-24 12:20:01 - [TEST_STEP][PASSED] - println(symbol): null

2019-08-24 12:20:01 - [TEST_STEP][PASSED] - if (i == 2 &amp;&amp; wildList.indexOf(symbol) != -1): null

2019-08-24 12:20:01 - [TEST_STEP][PASSED] - if (i == 3 &amp;&amp; wildList.indexOf(symbol) != -1): null

2019-08-24 12:20:01 - [TEST_STEP][PASSED] - if (i == 4 &amp;&amp; wildList.indexOf(symbol) != -1): null

2019-08-24 12:20:01 - [TEST_STEP][PASSED] - free_spin_reel_counter = free_spin_reel_counter: null

2019-08-24 12:20:01 - [TEST_STEP][PASSED] - println("reel 3 wild found: " + free_spin_reel_counter[0]): null

2019-08-24 12:20:01 - [TEST_STEP][PASSED] - println("reel 4 wild found: " + free_spin_reel_counter[1]): null

2019-08-24 12:20:01 - [TEST_STEP][PASSED] - println("reel 5 wild found: " + free_spin_reel_counter[2]): null

2019-08-24 12:20:01 - [TEST_STEP][PASSED] - M4_spin_reels = M4_spin_reels: null

2019-08-24 12:20:01 - [TEST_STEP][PASSED] - M4_spin_reels_symbols = symbol: null

2019-08-24 12:20:01 - [TEST_STEP][PASSED] - M4_spin_reels_symbols = M4_spin_reels_symbols: null

2019-08-24 12:20:01 - [TEST_STEP][PASSED] - M4_spin_reel_wins = reel_wins: null

2019-08-24 12:20:01 - [TEST_STEP][PASSED] - M4_spin_reel_wins = M4_spin_reel_wins: null

2019-08-24 12:20:01 - [TEST_STEP][PASSED] - println("GlobalVariable.M4_spin_reel_wins is: " + M4_spin_reel_wins): null

2019-08-24 12:20:01 - [TEST_STEP][PASSED] - M4_spin_total_bonus_win_this_round = total_bonus_win_this_round: null

2019-08-24 12:20:01 - [TEST_STEP][PASSED] - M4_spin_total_bonus_win_this_round = M4_spin_total_bonus_win_this_round: null

2019-08-24 12:20:01 - [TEST_STEP][PASSED] - println("GlobalVariable.M4_spin_total_bonus_win_this_round is: " + M4_spin_total_bonus_win_this_round): null

2019-08-24 12:20:01 - [TEST_STEP][PASSED] - M4_spin_bonus_spin_result = spin_result: null

2019-08-24 12:20:01 - [TEST_STEP][PASSED] - M4_spin_bonus_spin_result = M4_spin_bonus_spin_result: null

2019-08-24 12:20:01 - [MESSAGE][PASSED] - Verify response successfully

2019-08-24 12:20:01 - [MESSAGE][PASSED] - Send request and verify the response successfully

2019-08-24 12:20:01 - [TEST_STEP][PASSED] - if (M4_total_bonus_spins_int != 0 &amp;&amp; M4_spin_reels_symbols[2].contains("WILD_ExtraFG") || M4_spin_reels_symbols[3].contains("WILD_ExtraFG")): null

2019-08-24 12:20:01 - [TEST_STEP][PASSED] - free_spin_reel_counter = free_spin_reel_counter: null

2019-08-24 12:20:01 - [TEST_STEP][PASSED] - M4_spin_reels_symbols = M4_spin_reels_symbols: null

2019-08-24 12:20:01 - [TEST_STEP][PASSED] - M4_total_bonus_spins = M4_total_bonus_spins: null

2019-08-24 12:20:01 - [TEST_STEP][PASSED] - spin_result = sendRequestAndVerify(findTestObject("INT/RGS(M4)/1_M4_spin", ["M4_login_user_id":M4_login_user_id, "rgs_session_token":rgs_session_token, "partner":Partner])): Send request and verify the response successfully

2019-08-24 12:20:02 - [MESSAGE][INFO] - HAR: /Users/eiralee/Katalon_Script/SuperWild/Reports/20190824_120919/INT/superWild_3/20190824_120919/requests/main/179.har

2019-08-24 12:20:02 - [TEST_CASE][PASSED] - Start Test Case : Verification: Verification accomplished successfully

2019-08-24 12:20:02 - [TEST_STEP][PASSED] - request = getInstance().getCurrentRequest(): null

2019-08-24 12:20:02 - [TEST_STEP][PASSED] - response = getInstance().getCurrentResponse(): null

2019-08-24 12:20:02 - [TEST_STEP][PASSED] - verifyResponseStatusCode(response, 200): Verify response status code successfully

2019-08-24 12:20:02 - [MESSAGE][PASSED] - Verify response status code successfully

2019-08-24 12:20:02 - [TEST_STEP][PASSED] - getStatusCode()).isEqualTo(200): null

2019-08-24 12:20:02 - [TEST_STEP][PASSED] - newline = System.getProperty("line.separator"): null

2019-08-24 12:20:02 - [TEST_STEP][PASSED] - M4_spin = new groovy.json.JsonSlurper(): null

2019-08-24 12:20:02 - [TEST_STEP][PASSED] - result_M4_spin = M4_spin.parseText(response.getResponseBodyContent()): null

2019-08-24 12:20:02 - [TEST_STEP][PASSED] - M4_spin_current_balance = current_balance: null

2019-08-24 12:20:02 - [TEST_STEP][PASSED] - M4_spin_current_balance = M4_spin_current_balance: null

2019-08-24 12:20:02 - [TEST_STEP][PASSED] - M4_spin_transaction_id = causality: null

2019-08-24 12:20:02 - [TEST_STEP][PASSED] - M4_spin_transaction_id = M4_spin_transaction_id: null

2019-08-24 12:20:02 - [TEST_STEP][PASSED] - M4_spin_round_id = round_id: null

2019-08-24 12:20:02 - [TEST_STEP][PASSED] - M4_spin_round_id = M4_spin_round_id: null

2019-08-24 12:20:02 - [TEST_STEP][PASSED] - M4_spin_line_wins = line_wins: null

2019-08-24 12:20:02 - [TEST_STEP][PASSED] - M4_spin_line_wins = M4_spin_line_wins: null

2019-08-24 12:20:02 - [TEST_STEP][PASSED] - M4_total_bonus_spins_int = total_bonus_spins: null

2019-08-24 12:20:02 - [TEST_STEP][PASSED] - println("******M4_total_bonus_spins type is:*******" + newline + getClass().getName()): null

2019-08-24 12:20:02 - [TEST_STEP][PASSED] - M4_total_bonus_spins_int = M4_total_bonus_spins_int: null

2019-08-24 12:20:02 - [TEST_STEP][PASSED] - M4_total_bonus_spins = Integer.toString(M4_total_bonus_spins_int): null

2019-08-24 12:20:02 - [TEST_STEP][PASSED] - M4_total_bonus_spins = M4_total_bonus_spins: null

2019-08-24 12:20:02 - [TEST_STEP][PASSED] - println("M4_total_bonus_spins is:" + M4_total_bonus_spins): null

2019-08-24 12:20:02 - [TEST_STEP][PASSED] - M4_spin_bonus_data = bonus_data: null

2019-08-24 12:20:02 - [TEST_STEP][PASSED] - M4_spin_features_triggered = result_M4_spin: null

2019-08-24 12:20:02 - [TEST_STEP][PASSED] - wild = []: null

2019-08-24 12:20:02 - [TEST_STEP][PASSED] - wild[0] = "WILD_Expanding": null

2019-08-24 12:20:02 - [TEST_STEP][PASSED] - wild[1] = "WILD_Normal": null

2019-08-24 12:20:02 - [TEST_STEP][PASSED] - wild[2] = "WILD_Double": null

2019-08-24 12:20:02 - [TEST_STEP][PASSED] - wild[3] = "WILD_ExtraFG": null

2019-08-24 12:20:02 - [TEST_STEP][PASSED] - wild[4] = "WILD_Triple": null

2019-08-24 12:20:02 - [TEST_STEP][PASSED] - wildList = Arrays.asList(wild): null

2019-08-24 12:20:02 - [TEST_STEP][PASSED] - wildList = wildList: null

2019-08-24 12:20:02 - [TEST_STEP][PASSED] - free_spin_reel_counter = []: null

2019-08-24 12:20:02 - [TEST_STEP][PASSED] - free_spin_reel_counter[0] = 0: null

2019-08-24 12:20:02 - [TEST_STEP][PASSED] - free_spin_reel_counter[1] = 0: null

2019-08-24 12:20:02 - [TEST_STEP][PASSED] - free_spin_reel_counter[2] = 0: null

2019-08-24 12:20:02 - [TEST_STEP][PASSED] - M4_spin_reels = reels: null

2019-08-24 12:20:02 - [TEST_STEP][PASSED] - for ([i = 0, i &lt; M4_spin_reels.size(), (i++)]): null

2019-08-24 12:20:02 - [TEST_STEP][PASSED] - symbols = symbols: null

2019-08-24 12:20:02 - [TEST_STEP][PASSED] - for ([j = 0, j &lt; symbols.size(), (j++)]): null

2019-08-24 12:20:02 - [TEST_STEP][PASSED] - symbol = symbol: null

2019-08-24 12:20:02 - [TEST_STEP][PASSED] - println(symbol): null

2019-08-24 12:20:02 - [TEST_STEP][PASSED] - if (i == 2 &amp;&amp; wildList.indexOf(symbol) != -1): null

2019-08-24 12:20:02 - [TEST_STEP][PASSED] - if (i == 3 &amp;&amp; wildList.indexOf(symbol) != -1): null

2019-08-24 12:20:02 - [TEST_STEP][PASSED] - if (i == 4 &amp;&amp; wildList.indexOf(symbol) != -1): null

2019-08-24 12:20:02 - [TEST_STEP][PASSED] - symbol = symbol: null

2019-08-24 12:20:02 - [TEST_STEP][PASSED] - println(symbol): null

2019-08-24 12:20:02 - [TEST_STEP][PASSED] - if (i == 2 &amp;&amp; wildList.indexOf(symbol) != -1): null

2019-08-24 12:20:02 - [TEST_STEP][PASSED] - if (i == 3 &amp;&amp; wildList.indexOf(symbol) != -1): null

2019-08-24 12:20:02 - [TEST_STEP][PASSED] - if (i == 4 &amp;&amp; wildList.indexOf(symbol) != -1): null

2019-08-24 12:20:02 - [TEST_STEP][PASSED] - symbol = symbol: null

2019-08-24 12:20:02 - [TEST_STEP][PASSED] - println(symbol): null

2019-08-24 12:20:02 - [TEST_STEP][PASSED] - if (i == 2 &amp;&amp; wildList.indexOf(symbol) != -1): null

2019-08-24 12:20:02 - [TEST_STEP][PASSED] - if (i == 3 &amp;&amp; wildList.indexOf(symbol) != -1): null

2019-08-24 12:20:02 - [TEST_STEP][PASSED] - if (i == 4 &amp;&amp; wildList.indexOf(symbol) != -1): null

2019-08-24 12:20:02 - [TEST_STEP][PASSED] - symbols = symbols: null

2019-08-24 12:20:02 - [TEST_STEP][PASSED] - for ([j = 0, j &lt; symbols.size(), (j++)]): null

2019-08-24 12:20:02 - [TEST_STEP][PASSED] - symbol = symbol: null

2019-08-24 12:20:02 - [TEST_STEP][PASSED] - println(symbol): null

2019-08-24 12:20:02 - [TEST_STEP][PASSED] - if (i == 2 &amp;&amp; wildList.indexOf(symbol) != -1): null

2019-08-24 12:20:02 - [TEST_STEP][PASSED] - if (i == 3 &amp;&amp; wildList.indexOf(symbol) != -1): null

2019-08-24 12:20:02 - [TEST_STEP][PASSED] - if (i == 4 &amp;&amp; wildList.indexOf(symbol) != -1): null

2019-08-24 12:20:02 - [TEST_STEP][PASSED] - symbol = symbol: null

2019-08-24 12:20:02 - [TEST_STEP][PASSED] - println(symbol): null

2019-08-24 12:20:02 - [TEST_STEP][PASSED] - if (i == 2 &amp;&amp; wildList.indexOf(symbol) != -1): null

2019-08-24 12:20:02 - [TEST_STEP][PASSED] - if (i == 3 &amp;&amp; wildList.indexOf(symbol) != -1): null

2019-08-24 12:20:02 - [TEST_STEP][PASSED] - if (i == 4 &amp;&amp; wildList.indexOf(symbol) != -1): null

2019-08-24 12:20:02 - [TEST_STEP][PASSED] - symbol = symbol: null

2019-08-24 12:20:02 - [TEST_STEP][PASSED] - println(symbol): null

2019-08-24 12:20:02 - [TEST_STEP][PASSED] - if (i == 2 &amp;&amp; wildList.indexOf(symbol) != -1): null

2019-08-24 12:20:02 - [TEST_STEP][PASSED] - if (i == 3 &amp;&amp; wildList.indexOf(symbol) != -1): null

2019-08-24 12:20:02 - [TEST_STEP][PASSED] - if (i == 4 &amp;&amp; wildList.indexOf(symbol) != -1): null

2019-08-24 12:20:02 - [TEST_STEP][PASSED] - symbols = symbols: null

2019-08-24 12:20:02 - [TEST_STEP][PASSED] - for ([j = 0, j &lt; symbols.size(), (j++)]): null

2019-08-24 12:20:02 - [TEST_STEP][PASSED] - symbol = symbol: null

2019-08-24 12:20:02 - [TEST_STEP][PASSED] - println(symbol): null

2019-08-24 12:20:02 - [TEST_STEP][PASSED] - if (i == 2 &amp;&amp; wildList.indexOf(symbol) != -1): null

2019-08-24 12:20:02 - [TEST_STEP][PASSED] - println("wild found on reel 3, adding counter by 1"): null

2019-08-24 12:20:02 - [TEST_STEP][PASSED] - free_spin_reel_counter[0] = free_spin_reel_counter[0] + 1: null

2019-08-24 12:20:02 - [TEST_STEP][PASSED] - if (i == 3 &amp;&amp; wildList.indexOf(symbol) != -1): null

2019-08-24 12:20:02 - [TEST_STEP][PASSED] - if (i == 4 &amp;&amp; wildList.indexOf(symbol) != -1): null

2019-08-24 12:20:02 - [TEST_STEP][PASSED] - symbol = symbol: null

2019-08-24 12:20:02 - [TEST_STEP][PASSED] - println(symbol): null

2019-08-24 12:20:02 - [TEST_STEP][PASSED] - if (i == 2 &amp;&amp; wildList.indexOf(symbol) != -1): null

2019-08-24 12:20:02 - [TEST_STEP][PASSED] - if (i == 3 &amp;&amp; wildList.indexOf(symbol) != -1): null

2019-08-24 12:20:02 - [TEST_STEP][PASSED] - if (i == 4 &amp;&amp; wildList.indexOf(symbol) != -1): null

2019-08-24 12:20:02 - [TEST_STEP][PASSED] - symbol = symbol: null

2019-08-24 12:20:02 - [TEST_STEP][PASSED] - println(symbol): null

2019-08-24 12:20:02 - [TEST_STEP][PASSED] - if (i == 2 &amp;&amp; wildList.indexOf(symbol) != -1): null

2019-08-24 12:20:02 - [TEST_STEP][PASSED] - if (i == 3 &amp;&amp; wildList.indexOf(symbol) != -1): null

2019-08-24 12:20:02 - [TEST_STEP][PASSED] - if (i == 4 &amp;&amp; wildList.indexOf(symbol) != -1): null

2019-08-24 12:20:02 - [TEST_STEP][PASSED] - symbols = symbols: null

2019-08-24 12:20:02 - [TEST_STEP][PASSED] - for ([j = 0, j &lt; symbols.size(), (j++)]): null

2019-08-24 12:20:02 - [TEST_STEP][PASSED] - symbol = symbol: null

2019-08-24 12:20:02 - [TEST_STEP][PASSED] - println(symbol): null

2019-08-24 12:20:02 - [TEST_STEP][PASSED] - if (i == 2 &amp;&amp; wildList.indexOf(symbol) != -1): null

2019-08-24 12:20:02 - [TEST_STEP][PASSED] - if (i == 3 &amp;&amp; wildList.indexOf(symbol) != -1): null

2019-08-24 12:20:02 - [TEST_STEP][PASSED] - if (i == 4 &amp;&amp; wildList.indexOf(symbol) != -1): null

2019-08-24 12:20:02 - [TEST_STEP][PASSED] - symbol = symbol: null

2019-08-24 12:20:02 - [TEST_STEP][PASSED] - println(symbol): null

2019-08-24 12:20:06 - [TEST_STEP][PASSED] - if (i == 2 &amp;&amp; wildList.indexOf(symbol) != -1): null

2019-08-24 12:20:06 - [TEST_STEP][PASSED] - if (i == 3 &amp;&amp; wildList.indexOf(symbol) != -1): null

2019-08-24 12:20:06 - [TEST_STEP][PASSED] - if (i == 4 &amp;&amp; wildList.indexOf(symbol) != -1): null

2019-08-24 12:20:06 - [TEST_STEP][PASSED] - symbol = symbol: null

2019-08-24 12:20:06 - [TEST_STEP][PASSED] - println(symbol): null

2019-08-24 12:20:06 - [TEST_STEP][PASSED] - if (i == 2 &amp;&amp; wildList.indexOf(symbol) != -1): null

2019-08-24 12:20:06 - [TEST_STEP][PASSED] - if (i == 3 &amp;&amp; wildList.indexOf(symbol) != -1): null

2019-08-24 12:20:06 - [TEST_STEP][PASSED] - if (i == 4 &amp;&amp; wildList.indexOf(symbol) != -1): null

2019-08-24 12:20:06 - [TEST_STEP][PASSED] - symbols = symbols: null

2019-08-24 12:20:06 - [TEST_STEP][PASSED] - for ([j = 0, j &lt; symbols.size(), (j++)]): null

2019-08-24 12:20:09 - [TEST_STEP][PASSED] - symbol = symbol: null

2019-08-24 12:20:09 - [TEST_STEP][PASSED] - println(symbol): null

2019-08-24 12:20:09 - [TEST_STEP][PASSED] - if (i == 2 &amp;&amp; wildList.indexOf(symbol) != -1): null

2019-08-24 12:20:09 - [TEST_STEP][PASSED] - if (i == 3 &amp;&amp; wildList.indexOf(symbol) != -1): null

2019-08-24 12:20:09 - [TEST_STEP][PASSED] - if (i == 4 &amp;&amp; wildList.indexOf(symbol) != -1): null

2019-08-24 12:20:09 - [TEST_STEP][PASSED] - symbol = symbol: null

2019-08-24 12:20:09 - [TEST_STEP][PASSED] - println(symbol): null

2019-08-24 12:20:09 - [TEST_STEP][PASSED] - if (i == 2 &amp;&amp; wildList.indexOf(symbol) != -1): null

2019-08-24 12:20:09 - [TEST_STEP][PASSED] - if (i == 3 &amp;&amp; wildList.indexOf(symbol) != -1): null

2019-08-24 12:20:09 - [TEST_STEP][PASSED] - if (i == 4 &amp;&amp; wildList.indexOf(symbol) != -1): null

2019-08-24 12:20:09 - [TEST_STEP][PASSED] - symbol = symbol: null

2019-08-24 12:20:09 - [TEST_STEP][PASSED] - println(symbol): null

2019-08-24 12:20:09 - [TEST_STEP][PASSED] - if (i == 2 &amp;&amp; wildList.indexOf(symbol) != -1): null

2019-08-24 12:20:09 - [TEST_STEP][PASSED] - if (i == 3 &amp;&amp; wildList.indexOf(symbol) != -1): null

2019-08-24 12:20:09 - [TEST_STEP][PASSED] - if (i == 4 &amp;&amp; wildList.indexOf(symbol) != -1): null

2019-08-24 12:20:09 - [TEST_STEP][PASSED] - free_spin_reel_counter = free_spin_reel_counter: null

2019-08-24 12:20:09 - [TEST_STEP][PASSED] - println("reel 3 wild found: " + free_spin_reel_counter[0]): null

2019-08-24 12:20:09 - [TEST_STEP][PASSED] - println("reel 4 wild found: " + free_spin_reel_counter[1]): null

2019-08-24 12:20:09 - [TEST_STEP][PASSED] - println("reel 5 wild found: " + free_spin_reel_counter[2]): null

2019-08-24 12:20:09 - [TEST_STEP][PASSED] - M4_spin_reels = M4_spin_reels: null

2019-08-24 12:20:09 - [TEST_STEP][PASSED] - M4_spin_reels_symbols = symbol: null

2019-08-24 12:20:09 - [TEST_STEP][PASSED] - M4_spin_reels_symbols = M4_spin_reels_symbols: null

2019-08-24 12:20:09 - [TEST_STEP][PASSED] - M4_spin_reel_wins = reel_wins: null

2019-08-24 12:20:09 - [TEST_STEP][PASSED] - M4_spin_reel_wins = M4_spin_reel_wins: null

2019-08-24 12:20:09 - [TEST_STEP][PASSED] - println("GlobalVariable.M4_spin_reel_wins is: " + M4_spin_reel_wins): null

2019-08-24 12:20:09 - [TEST_STEP][PASSED] - M4_spin_total_bonus_win_this_round = total_bonus_win_this_round: null

2019-08-24 12:20:09 - [TEST_STEP][PASSED] - M4_spin_total_bonus_win_this_round = M4_spin_total_bonus_win_this_round: null

2019-08-24 12:20:09 - [TEST_STEP][PASSED] - println("GlobalVariable.M4_spin_total_bonus_win_this_round is: " + M4_spin_total_bonus_win_this_round): null

2019-08-24 12:20:09 - [TEST_STEP][PASSED] - M4_spin_bonus_spin_result = spin_result: null

2019-08-24 12:20:09 - [TEST_STEP][PASSED] - M4_spin_bonus_spin_result = M4_spin_bonus_spin_result: null

2019-08-24 12:20:09 - [MESSAGE][PASSED] - Verify response successfully

2019-08-24 12:20:09 - [MESSAGE][PASSED] - Send request and verify the response successfully

2019-08-24 12:20:09 - [TEST_STEP][PASSED] - if (M4_total_bonus_spins_int != 0 &amp;&amp; M4_spin_reels_symbols[2].contains("WILD_ExtraFG") || M4_spin_reels_symbols[3].contains("WILD_ExtraFG")): null

2019-08-24 12:20:09 - [TEST_STEP][PASSED] - free_spin_reel_counter = free_spin_reel_counter: null

2019-08-24 12:20:09 - [TEST_STEP][PASSED] - M4_spin_reels_symbols = M4_spin_reels_symbols: null

2019-08-24 12:20:09 - [TEST_STEP][PASSED] - M4_total_bonus_spins = M4_total_bonus_spins: null

2019-08-24 12:20:09 - [TEST_STEP][PASSED] - spin_result = sendRequestAndVerify(findTestObject("INT/RGS(M4)/1_M4_spin", ["M4_login_user_id":M4_login_user_id, "rgs_session_token":rgs_session_token, "partner":Partner])): Send request and verify the response successfully

2019-08-24 12:20:09 - [MESSAGE][INFO] - HAR: /Users/eiralee/Katalon_Script/SuperWild/Reports/20190824_120919/INT/superWild_3/20190824_120919/requests/main/180.har

2019-08-24 12:20:09 - [TEST_CASE][PASSED] - Start Test Case : Verification: Verification accomplished successfully

2019-08-24 12:20:10 - [TEST_STEP][PASSED] - request = getInstance().getCurrentRequest(): null

2019-08-24 12:20:10 - [TEST_STEP][PASSED] - response = getInstance().getCurrentResponse(): null

2019-08-24 12:20:10 - [TEST_STEP][PASSED] - verifyResponseStatusCode(response, 200): Verify response status code successfully

2019-08-24 12:20:10 - [MESSAGE][PASSED] - Verify response status code successfully

2019-08-24 12:20:10 - [TEST_STEP][PASSED] - getStatusCode()).isEqualTo(200): null

2019-08-24 12:20:10 - [TEST_STEP][PASSED] - newline = System.getProperty("line.separator"): null

2019-08-24 12:20:10 - [TEST_STEP][PASSED] - M4_spin = new groovy.json.JsonSlurper(): null

2019-08-24 12:20:10 - [TEST_STEP][PASSED] - result_M4_spin = M4_spin.parseText(response.getResponseBodyContent()): null

2019-08-24 12:20:10 - [TEST_STEP][PASSED] - M4_spin_current_balance = current_balance: null

2019-08-24 12:20:10 - [TEST_STEP][PASSED] - M4_spin_current_balance = M4_spin_current_balance: null

2019-08-24 12:20:10 - [TEST_STEP][PASSED] - M4_spin_transaction_id = causality: null

2019-08-24 12:20:10 - [TEST_STEP][PASSED] - M4_spin_transaction_id = M4_spin_transaction_id: null

2019-08-24 12:20:10 - [TEST_STEP][PASSED] - M4_spin_round_id = round_id: null

2019-08-24 12:20:10 - [TEST_STEP][PASSED] - M4_spin_round_id = M4_spin_round_id: null

2019-08-24 12:20:10 - [TEST_STEP][PASSED] - M4_spin_line_wins = line_wins: null

2019-08-24 12:20:10 - [TEST_STEP][PASSED] - M4_spin_line_wins = M4_spin_line_wins: null

2019-08-24 12:20:10 - [TEST_STEP][PASSED] - M4_total_bonus_spins_int = total_bonus_spins: null

2019-08-24 12:20:10 - [TEST_STEP][PASSED] - println("******M4_total_bonus_spins type is:*******" + newline + getClass().getName()): null

2019-08-24 12:20:10 - [TEST_STEP][PASSED] - M4_total_bonus_spins_int = M4_total_bonus_spins_int: null

2019-08-24 12:20:10 - [TEST_STEP][PASSED] - M4_total_bonus_spins = Integer.toString(M4_total_bonus_spins_int): null

2019-08-24 12:20:10 - [TEST_STEP][PASSED] - M4_total_bonus_spins = M4_total_bonus_spins: null

2019-08-24 12:20:10 - [TEST_STEP][PASSED] - println("M4_total_bonus_spins is:" + M4_total_bonus_spins): null

2019-08-24 12:20:10 - [TEST_STEP][PASSED] - M4_spin_bonus_data = bonus_data: null

2019-08-24 12:20:10 - [TEST_STEP][PASSED] - M4_spin_features_triggered = result_M4_spin: null

2019-08-24 12:20:10 - [TEST_STEP][PASSED] - wild = []: null

2019-08-24 12:20:10 - [TEST_STEP][PASSED] - wild[0] = "WILD_Expanding": null

2019-08-24 12:20:10 - [TEST_STEP][PASSED] - wild[1] = "WILD_Normal": null

2019-08-24 12:20:10 - [TEST_STEP][PASSED] - wild[2] = "WILD_Double": null

2019-08-24 12:20:10 - [TEST_STEP][PASSED] - wild[3] = "WILD_ExtraFG": null

2019-08-24 12:20:10 - [TEST_STEP][PASSED] - wild[4] = "WILD_Triple": null

2019-08-24 12:20:10 - [TEST_STEP][PASSED] - wildList = Arrays.asList(wild): null

2019-08-24 12:20:10 - [TEST_STEP][PASSED] - wildList = wildList: null

2019-08-24 12:20:10 - [TEST_STEP][PASSED] - free_spin_reel_counter = []: null

2019-08-24 12:20:10 - [TEST_STEP][PASSED] - free_spin_reel_counter[0] = 0: null

2019-08-24 12:20:10 - [TEST_STEP][PASSED] - free_spin_reel_counter[1] = 0: null

2019-08-24 12:20:10 - [TEST_STEP][PASSED] - free_spin_reel_counter[2] = 0: null

2019-08-24 12:20:10 - [TEST_STEP][PASSED] - M4_spin_reels = reels: null

2019-08-24 12:20:10 - [TEST_STEP][PASSED] - for ([i = 0, i &lt; M4_spin_reels.size(), (i++)]): null

2019-08-24 12:20:10 - [TEST_STEP][PASSED] - symbols = symbols: null

2019-08-24 12:20:10 - [TEST_STEP][PASSED] - for ([j = 0, j &lt; symbols.size(), (j++)]): null

2019-08-24 12:20:10 - [TEST_STEP][PASSED] - symbol = symbol: null

2019-08-24 12:20:10 - [TEST_STEP][PASSED] - println(symbol): null

2019-08-24 12:20:10 - [TEST_STEP][PASSED] - if (i == 2 &amp;&amp; wildList.indexOf(symbol) != -1): null

2019-08-24 12:20:10 - [TEST_STEP][PASSED] - if (i == 3 &amp;&amp; wildList.indexOf(symbol) != -1): null

2019-08-24 12:20:10 - [TEST_STEP][PASSED] - if (i == 4 &amp;&amp; wildList.indexOf(symbol) != -1): null

2019-08-24 12:20:10 - [TEST_STEP][PASSED] - symbol = symbol: null

2019-08-24 12:20:10 - [TEST_STEP][PASSED] - println(symbol): null

2019-08-24 12:20:10 - [TEST_STEP][PASSED] - if (i == 2 &amp;&amp; wildList.indexOf(symbol) != -1): null

2019-08-24 12:20:10 - [TEST_STEP][PASSED] - if (i == 3 &amp;&amp; wildList.indexOf(symbol) != -1): null

2019-08-24 12:20:10 - [TEST_STEP][PASSED] - if (i == 4 &amp;&amp; wildList.indexOf(symbol) != -1): null

2019-08-24 12:20:10 - [TEST_STEP][PASSED] - symbol = symbol: null

2019-08-24 12:20:10 - [TEST_STEP][PASSED] - println(symbol): null

2019-08-24 12:20:10 - [TEST_STEP][PASSED] - if (i == 2 &amp;&amp; wildList.indexOf(symbol) != -1): null

2019-08-24 12:20:10 - [TEST_STEP][PASSED] - if (i == 3 &amp;&amp; wildList.indexOf(symbol) != -1): null

2019-08-24 12:20:10 - [TEST_STEP][PASSED] - if (i == 4 &amp;&amp; wildList.indexOf(symbol) != -1): null

2019-08-24 12:20:10 - [TEST_STEP][PASSED] - symbols = symbols: null

2019-08-24 12:20:10 - [TEST_STEP][PASSED] - for ([j = 0, j &lt; symbols.size(), (j++)]): null

2019-08-24 12:20:10 - [TEST_STEP][PASSED] - symbol = symbol: null

2019-08-24 12:20:10 - [TEST_STEP][PASSED] - println(symbol): null

2019-08-24 12:20:10 - [TEST_STEP][PASSED] - if (i == 2 &amp;&amp; wildList.indexOf(symbol) != -1): null

2019-08-24 12:20:10 - [TEST_STEP][PASSED] - if (i == 3 &amp;&amp; wildList.indexOf(symbol) != -1): null

2019-08-24 12:20:10 - [TEST_STEP][PASSED] - if (i == 4 &amp;&amp; wildList.indexOf(symbol) != -1): null

2019-08-24 12:20:10 - [TEST_STEP][PASSED] - symbol = symbol: null

2019-08-24 12:20:10 - [TEST_STEP][PASSED] - println(symbol): null

2019-08-24 12:20:10 - [TEST_STEP][PASSED] - if (i == 2 &amp;&amp; wildList.indexOf(symbol) != -1): null

2019-08-24 12:20:10 - [TEST_STEP][PASSED] - if (i == 3 &amp;&amp; wildList.indexOf(symbol) != -1): null

2019-08-24 12:20:10 - [TEST_STEP][PASSED] - if (i == 4 &amp;&amp; wildList.indexOf(symbol) != -1): null

2019-08-24 12:20:10 - [TEST_STEP][PASSED] - symbol = symbol: null

2019-08-24 12:20:10 - [TEST_STEP][PASSED] - println(symbol): null

2019-08-24 12:20:10 - [TEST_STEP][PASSED] - if (i == 2 &amp;&amp; wildList.indexOf(symbol) != -1): null

2019-08-24 12:20:10 - [TEST_STEP][PASSED] - if (i == 3 &amp;&amp; wildList.indexOf(symbol) != -1): null

2019-08-24 12:20:10 - [TEST_STEP][PASSED] - if (i == 4 &amp;&amp; wildList.indexOf(symbol) != -1): null

2019-08-24 12:20:10 - [TEST_STEP][PASSED] - symbols = symbols: null

2019-08-24 12:20:10 - [TEST_STEP][PASSED] - for ([j = 0, j &lt; symbols.size(), (j++)]): null

2019-08-24 12:20:10 - [TEST_STEP][PASSED] - symbol = symbol: null

2019-08-24 12:20:10 - [TEST_STEP][PASSED] - println(symbol): null

2019-08-24 12:20:10 - [TEST_STEP][PASSED] - if (i == 2 &amp;&amp; wildList.indexOf(symbol) != -1): null

2019-08-24 12:20:10 - [TEST_STEP][PASSED] - if (i == 3 &amp;&amp; wildList.indexOf(symbol) != -1): null

2019-08-24 12:20:10 - [TEST_STEP][PASSED] - if (i == 4 &amp;&amp; wildList.indexOf(symbol) != -1): null

2019-08-24 12:20:10 - [TEST_STEP][PASSED] - symbol = symbol: null

2019-08-24 12:20:10 - [TEST_STEP][PASSED] - println(symbol): null

2019-08-24 12:20:10 - [TEST_STEP][PASSED] - if (i == 2 &amp;&amp; wildList.indexOf(symbol) != -1): null

2019-08-24 12:20:10 - [TEST_STEP][PASSED] - println("wild found on reel 3, adding counter by 1"): null

2019-08-24 12:20:10 - [TEST_STEP][PASSED] - free_spin_reel_counter[0] = free_spin_reel_counter[0] + 1: null

2019-08-24 12:20:10 - [TEST_STEP][PASSED] - if (i == 3 &amp;&amp; wildList.indexOf(symbol) != -1): null

2019-08-24 12:20:10 - [TEST_STEP][PASSED] - if (i == 4 &amp;&amp; wildList.indexOf(symbol) != -1): null

2019-08-24 12:20:10 - [TEST_STEP][PASSED] - symbol = symbol: null

2019-08-24 12:20:10 - [TEST_STEP][PASSED] - println(symbol): null

2019-08-24 12:20:10 - [TEST_STEP][PASSED] - if (i == 2 &amp;&amp; wildList.indexOf(symbol) != -1): null

2019-08-24 12:20:10 - [TEST_STEP][PASSED] - if (i == 3 &amp;&amp; wildList.indexOf(symbol) != -1): null

2019-08-24 12:20:10 - [TEST_STEP][PASSED] - if (i == 4 &amp;&amp; wildList.indexOf(symbol) != -1): null

2019-08-24 12:20:10 - [TEST_STEP][PASSED] - symbols = symbols: null

2019-08-24 12:20:10 - [TEST_STEP][PASSED] - for ([j = 0, j &lt; symbols.size(), (j++)]): null

2019-08-24 12:20:10 - [TEST_STEP][PASSED] - symbol = symbol: null

2019-08-24 12:20:10 - [TEST_STEP][PASSED] - println(symbol): null

2019-08-24 12:20:10 - [TEST_STEP][PASSED] - if (i == 2 &amp;&amp; wildList.indexOf(symbol) != -1): null

2019-08-24 12:20:10 - [TEST_STEP][PASSED] - if (i == 3 &amp;&amp; wildList.indexOf(symbol) != -1): null

2019-08-24 12:20:10 - [TEST_STEP][PASSED] - if (i == 4 &amp;&amp; wildList.indexOf(symbol) != -1): null

2019-08-24 12:20:10 - [TEST_STEP][PASSED] - symbol = symbol: null

2019-08-24 12:20:10 - [TEST_STEP][PASSED] - println(symbol): null

2019-08-24 12:20:10 - [TEST_STEP][PASSED] - if (i == 2 &amp;&amp; wildList.indexOf(symbol) != -1): null

2019-08-24 12:20:10 - [TEST_STEP][PASSED] - if (i == 3 &amp;&amp; wildList.indexOf(symbol) != -1): null

2019-08-24 12:20:10 - [TEST_STEP][PASSED] - if (i == 4 &amp;&amp; wildList.indexOf(symbol) != -1): null

2019-08-24 12:20:10 - [TEST_STEP][PASSED] - symbol = symbol: null

2019-08-24 12:20:10 - [TEST_STEP][PASSED] - println(symbol): null

2019-08-24 12:20:10 - [TEST_STEP][PASSED] - if (i == 2 &amp;&amp; wildList.indexOf(symbol) != -1): null

2019-08-24 12:20:10 - [TEST_STEP][PASSED] - if (i == 3 &amp;&amp; wildList.indexOf(symbol) != -1): null

2019-08-24 12:20:10 - [TEST_STEP][PASSED] - if (i == 4 &amp;&amp; wildList.indexOf(symbol) != -1): null

2019-08-24 12:20:10 - [TEST_STEP][PASSED] - symbols = symbols: null

2019-08-24 12:20:10 - [TEST_STEP][PASSED] - for ([j = 0, j &lt; symbols.size(), (j++)]): null

2019-08-24 12:20:10 - [TEST_STEP][PASSED] - symbol = symbol: null

2019-08-24 12:20:10 - [TEST_STEP][PASSED] - println(symbol): null

2019-08-24 12:20:10 - [TEST_STEP][PASSED] - if (i == 2 &amp;&amp; wildList.indexOf(symbol) != -1): null

2019-08-24 12:20:10 - [TEST_STEP][PASSED] - if (i == 3 &amp;&amp; wildList.indexOf(symbol) != -1): null

2019-08-24 12:20:10 - [TEST_STEP][PASSED] - if (i == 4 &amp;&amp; wildList.indexOf(symbol) != -1): null

2019-08-24 12:20:10 - [TEST_STEP][PASSED] - symbol = symbol: null

2019-08-24 12:20:10 - [TEST_STEP][PASSED] - println(symbol): null

2019-08-24 12:20:10 - [TEST_STEP][PASSED] - if (i == 2 &amp;&amp; wildList.indexOf(symbol) != -1): null

2019-08-24 12:20:10 - [TEST_STEP][PASSED] - if (i == 3 &amp;&amp; wildList.indexOf(symbol) != -1): null

2019-08-24 12:20:10 - [TEST_STEP][PASSED] - if (i == 4 &amp;&amp; wildList.indexOf(symbol) != -1): null

2019-08-24 12:20:10 - [TEST_STEP][PASSED] - symbol = symbol: null

2019-08-24 12:20:10 - [TEST_STEP][PASSED] - println(symbol): null

2019-08-24 12:20:10 - [TEST_STEP][PASSED] - if (i == 2 &amp;&amp; wildList.indexOf(symbol) != -1): null

2019-08-24 12:20:10 - [TEST_STEP][PASSED] - if (i == 3 &amp;&amp; wildList.indexOf(symbol) != -1): null

2019-08-24 12:20:10 - [TEST_STEP][PASSED] - if (i == 4 &amp;&amp; wildList.indexOf(symbol) != -1): null

2019-08-24 12:20:10 - [TEST_STEP][PASSED] - println("wild found on reel 5, adding counter by 1"): null

2019-08-24 12:20:10 - [TEST_STEP][PASSED] - free_spin_reel_counter[2] = free_spin_reel_counter[2] + 1: null

2019-08-24 12:20:10 - [TEST_STEP][PASSED] - free_spin_reel_counter = free_spin_reel_counter: null

2019-08-24 12:20:10 - [TEST_STEP][PASSED] - println("reel 3 wild found: " + free_spin_reel_counter[0]): null

2019-08-24 12:20:10 - [TEST_STEP][PASSED] - println("reel 4 wild found: " + free_spin_reel_counter[1]): null

2019-08-24 12:20:10 - [TEST_STEP][PASSED] - println("reel 5 wild found: " + free_spin_reel_counter[2]): null

2019-08-24 12:20:10 - [TEST_STEP][PASSED] - M4_spin_reels = M4_spin_reels: null

2019-08-24 12:20:10 - [TEST_STEP][PASSED] - M4_spin_reels_symbols = symbol: null

2019-08-24 12:20:10 - [TEST_STEP][PASSED] - M4_spin_reels_symbols = M4_spin_reels_symbols: null

2019-08-24 12:20:10 - [TEST_STEP][PASSED] - M4_spin_reel_wins = reel_wins: null

2019-08-24 12:20:10 - [TEST_STEP][PASSED] - M4_spin_reel_wins = M4_spin_reel_wins: null

2019-08-24 12:20:10 - [TEST_STEP][PASSED] - println("GlobalVariable.M4_spin_reel_wins is: " + M4_spin_reel_wins): null

2019-08-24 12:20:10 - [TEST_STEP][PASSED] - M4_spin_total_bonus_win_this_round = total_bonus_win_this_round: null

2019-08-24 12:20:10 - [TEST_STEP][PASSED] - M4_spin_total_bonus_win_this_round = M4_spin_total_bonus_win_this_round: null

2019-08-24 12:20:10 - [TEST_STEP][PASSED] - println("GlobalVariable.M4_spin_total_bonus_win_this_round is: " + M4_spin_total_bonus_win_this_round): null

2019-08-24 12:20:10 - [TEST_STEP][PASSED] - M4_spin_bonus_spin_result = spin_result: null

2019-08-24 12:20:10 - [TEST_STEP][PASSED] - M4_spin_bonus_spin_result = M4_spin_bonus_spin_result: null

2019-08-24 12:20:10 - [MESSAGE][PASSED] - Verify response successfully

2019-08-24 12:20:10 - [MESSAGE][PASSED] - Send request and verify the response successfully

2019-08-24 12:20:10 - [TEST_STEP][PASSED] - if (M4_total_bonus_spins_int != 0 &amp;&amp; M4_spin_reels_symbols[2].contains("WILD_ExtraFG") || M4_spin_reels_symbols[3].contains("WILD_ExtraFG")): null

2019-08-24 12:20:10 - [TEST_STEP][PASSED] - free_spin_reel_counter = free_spin_reel_counter: null

2019-08-24 12:20:10 - [TEST_STEP][PASSED] - M4_spin_reels_symbols = M4_spin_reels_symbols: null

2019-08-24 12:20:10 - [TEST_STEP][PASSED] - M4_total_bonus_spins = M4_total_bonus_spins: null

2019-08-24 12:20:10 - [TEST_STEP][PASSED] - spin_result = sendRequestAndVerify(findTestObject("INT/RGS(M4)/1_M4_spin", ["M4_login_user_id":M4_login_user_id, "rgs_session_token":rgs_session_token, "partner":Partner])): Send request and verify the response successfully

2019-08-24 12:20:10 - [MESSAGE][INFO] - HAR: /Users/eiralee/Katalon_Script/SuperWild/Reports/20190824_120919/INT/superWild_3/20190824_120919/requests/main/181.har

2019-08-24 12:20:10 - [TEST_CASE][PASSED] - Start Test Case : Verification: Verification accomplished successfully

2019-08-24 12:20:10 - [TEST_STEP][PASSED] - request = getInstance().getCurrentRequest(): null

2019-08-24 12:20:10 - [TEST_STEP][PASSED] - response = getInstance().getCurrentResponse(): null

2019-08-24 12:20:10 - [TEST_STEP][PASSED] - verifyResponseStatusCode(response, 200): Verify response status code successfully

2019-08-24 12:20:10 - [MESSAGE][PASSED] - Verify response status code successfully

2019-08-24 12:20:10 - [TEST_STEP][PASSED] - getStatusCode()).isEqualTo(200): null

2019-08-24 12:20:10 - [TEST_STEP][PASSED] - newline = System.getProperty("line.separator"): null

2019-08-24 12:20:10 - [TEST_STEP][PASSED] - M4_spin = new groovy.json.JsonSlurper(): null

2019-08-24 12:20:10 - [TEST_STEP][PASSED] - result_M4_spin = M4_spin.parseText(response.getResponseBodyContent()): null

2019-08-24 12:20:10 - [TEST_STEP][PASSED] - M4_spin_current_balance = current_balance: null

2019-08-24 12:20:10 - [TEST_STEP][PASSED] - M4_spin_current_balance = M4_spin_current_balance: null

2019-08-24 12:20:10 - [TEST_STEP][PASSED] - M4_spin_transaction_id = causality: null

2019-08-24 12:20:10 - [TEST_STEP][PASSED] - M4_spin_transaction_id = M4_spin_transaction_id: null

2019-08-24 12:20:10 - [TEST_STEP][PASSED] - M4_spin_round_id = round_id: null

2019-08-24 12:20:10 - [TEST_STEP][PASSED] - M4_spin_round_id = M4_spin_round_id: null

2019-08-24 12:20:10 - [TEST_STEP][PASSED] - M4_spin_line_wins = line_wins: null

2019-08-24 12:20:10 - [TEST_STEP][PASSED] - M4_spin_line_wins = M4_spin_line_wins: null

2019-08-24 12:20:10 - [TEST_STEP][PASSED] - M4_total_bonus_spins_int = total_bonus_spins: null

2019-08-24 12:20:10 - [TEST_STEP][PASSED] - println("******M4_total_bonus_spins type is:*******" + newline + getClass().getName()): null

2019-08-24 12:20:10 - [TEST_STEP][PASSED] - M4_total_bonus_spins_int = M4_total_bonus_spins_int: null

2019-08-24 12:20:10 - [TEST_STEP][PASSED] - M4_total_bonus_spins = Integer.toString(M4_total_bonus_spins_int): null

2019-08-24 12:20:10 - [TEST_STEP][PASSED] - M4_total_bonus_spins = M4_total_bonus_spins: null

2019-08-24 12:20:10 - [TEST_STEP][PASSED] - println("M4_total_bonus_spins is:" + M4_total_bonus_spins): null

2019-08-24 12:20:10 - [TEST_STEP][PASSED] - M4_spin_bonus_data = bonus_data: null

2019-08-24 12:20:10 - [TEST_STEP][PASSED] - M4_spin_features_triggered = result_M4_spin: null

2019-08-24 12:20:10 - [TEST_STEP][PASSED] - wild = []: null

2019-08-24 12:20:10 - [TEST_STEP][PASSED] - wild[0] = "WILD_Expanding": null

2019-08-24 12:20:10 - [TEST_STEP][PASSED] - wild[1] = "WILD_Normal": null

2019-08-24 12:20:10 - [TEST_STEP][PASSED] - wild[2] = "WILD_Double": null

2019-08-24 12:20:10 - [TEST_STEP][PASSED] - wild[3] = "WILD_ExtraFG": null

2019-08-24 12:20:10 - [TEST_STEP][PASSED] - wild[4] = "WILD_Triple": null

2019-08-24 12:20:10 - [TEST_STEP][PASSED] - wildList = Arrays.asList(wild): null

2019-08-24 12:20:10 - [TEST_STEP][PASSED] - wildList = wildList: null

2019-08-24 12:20:10 - [TEST_STEP][PASSED] - free_spin_reel_counter = []: null

2019-08-24 12:20:10 - [TEST_STEP][PASSED] - free_spin_reel_counter[0] = 0: null

2019-08-24 12:20:10 - [TEST_STEP][PASSED] - free_spin_reel_counter[1] = 0: null

2019-08-24 12:20:10 - [TEST_STEP][PASSED] - free_spin_reel_counter[2] = 0: null

2019-08-24 12:20:10 - [TEST_STEP][PASSED] - M4_spin_reels = reels: null

2019-08-24 12:20:10 - [TEST_STEP][PASSED] - for ([i = 0, i &lt; M4_spin_reels.size(), (i++)]): null

2019-08-24 12:20:10 - [TEST_STEP][PASSED] - symbols = symbols: null

2019-08-24 12:20:10 - [TEST_STEP][PASSED] - for ([j = 0, j &lt; symbols.size(), (j++)]): null

2019-08-24 12:20:10 - [TEST_STEP][PASSED] - symbol = symbol: null

2019-08-24 12:20:10 - [TEST_STEP][PASSED] - println(symbol): null

2019-08-24 12:20:10 - [TEST_STEP][PASSED] - if (i == 2 &amp;&amp; wildList.indexOf(symbol) != -1): null

2019-08-24 12:20:10 - [TEST_STEP][PASSED] - if (i == 3 &amp;&amp; wildList.indexOf(symbol) != -1): null

2019-08-24 12:20:10 - [TEST_STEP][PASSED] - if (i == 4 &amp;&amp; wildList.indexOf(symbol) != -1): null

2019-08-24 12:20:10 - [TEST_STEP][PASSED] - symbol = symbol: null

2019-08-24 12:20:10 - [TEST_STEP][PASSED] - println(symbol): null

2019-08-24 12:20:10 - [TEST_STEP][PASSED] - if (i == 2 &amp;&amp; wildList.indexOf(symbol) != -1): null

2019-08-24 12:20:10 - [TEST_STEP][PASSED] - if (i == 3 &amp;&amp; wildList.indexOf(symbol) != -1): null

2019-08-24 12:20:10 - [TEST_STEP][PASSED] - if (i == 4 &amp;&amp; wildList.indexOf(symbol) != -1): null

2019-08-24 12:20:10 - [TEST_STEP][PASSED] - symbol = symbol: null

2019-08-24 12:20:10 - [TEST_STEP][PASSED] - println(symbol): null

2019-08-24 12:20:10 - [TEST_STEP][PASSED] - if (i == 2 &amp;&amp; wildList.indexOf(symbol) != -1): null

2019-08-24 12:20:10 - [TEST_STEP][PASSED] - if (i == 3 &amp;&amp; wildList.indexOf(symbol) != -1): null

2019-08-24 12:20:10 - [TEST_STEP][PASSED] - if (i == 4 &amp;&amp; wildList.indexOf(symbol) != -1): null

2019-08-24 12:20:10 - [TEST_STEP][PASSED] - symbols = symbols: null

2019-08-24 12:20:10 - [TEST_STEP][PASSED] - for ([j = 0, j &lt; symbols.size(), (j++)]): null

2019-08-24 12:20:10 - [TEST_STEP][PASSED] - symbol = symbol: null

2019-08-24 12:20:10 - [TEST_STEP][PASSED] - println(symbol): null

2019-08-24 12:20:10 - [TEST_STEP][PASSED] - if (i == 2 &amp;&amp; wildList.indexOf(symbol) != -1): null

2019-08-24 12:20:10 - [TEST_STEP][PASSED] - if (i == 3 &amp;&amp; wildList.indexOf(symbol) != -1): null

2019-08-24 12:20:10 - [TEST_STEP][PASSED] - if (i == 4 &amp;&amp; wildList.indexOf(symbol) != -1): null

2019-08-24 12:20:10 - [TEST_STEP][PASSED] - symbol = symbol: null

2019-08-24 12:20:10 - [TEST_STEP][PASSED] - println(symbol): null

2019-08-24 12:20:10 - [TEST_STEP][PASSED] - if (i == 2 &amp;&amp; wildList.indexOf(symbol) != -1): null

2019-08-24 12:20:10 - [TEST_STEP][PASSED] - if (i == 3 &amp;&amp; wildList.indexOf(symbol) != -1): null

2019-08-24 12:20:10 - [TEST_STEP][PASSED] - if (i == 4 &amp;&amp; wildList.indexOf(symbol) != -1): null

2019-08-24 12:20:10 - [TEST_STEP][PASSED] - symbol = symbol: null

2019-08-24 12:20:10 - [TEST_STEP][PASSED] - println(symbol): null

2019-08-24 12:20:10 - [TEST_STEP][PASSED] - if (i == 2 &amp;&amp; wildList.indexOf(symbol) != -1): null

2019-08-24 12:20:10 - [TEST_STEP][PASSED] - if (i == 3 &amp;&amp; wildList.indexOf(symbol) != -1): null

2019-08-24 12:20:10 - [TEST_STEP][PASSED] - if (i == 4 &amp;&amp; wildList.indexOf(symbol) != -1): null

2019-08-24 12:20:10 - [TEST_STEP][PASSED] - symbols = symbols: null

2019-08-24 12:20:10 - [TEST_STEP][PASSED] - for ([j = 0, j &lt; symbols.size(), (j++)]): null

2019-08-24 12:20:10 - [TEST_STEP][PASSED] - symbol = symbol: null

2019-08-24 12:20:10 - [TEST_STEP][PASSED] - println(symbol): null

2019-08-24 12:20:10 - [TEST_STEP][PASSED] - if (i == 2 &amp;&amp; wildList.indexOf(symbol) != -1): null

2019-08-24 12:20:10 - [TEST_STEP][PASSED] - if (i == 3 &amp;&amp; wildList.indexOf(symbol) != -1): null

2019-08-24 12:20:10 - [TEST_STEP][PASSED] - if (i == 4 &amp;&amp; wildList.indexOf(symbol) != -1): null

2019-08-24 12:20:10 - [TEST_STEP][PASSED] - symbol = symbol: null

2019-08-24 12:20:10 - [TEST_STEP][PASSED] - println(symbol): null

2019-08-24 12:20:10 - [TEST_STEP][PASSED] - if (i == 2 &amp;&amp; wildList.indexOf(symbol) != -1): null

2019-08-24 12:20:10 - [TEST_STEP][PASSED] - if (i == 3 &amp;&amp; wildList.indexOf(symbol) != -1): null

2019-08-24 12:20:10 - [TEST_STEP][PASSED] - if (i == 4 &amp;&amp; wildList.indexOf(symbol) != -1): null

2019-08-24 12:20:10 - [TEST_STEP][PASSED] - symbol = symbol: null

2019-08-24 12:20:10 - [TEST_STEP][PASSED] - println(symbol): null

2019-08-24 12:20:10 - [TEST_STEP][PASSED] - if (i == 2 &amp;&amp; wildList.indexOf(symbol) != -1): null

2019-08-24 12:20:10 - [TEST_STEP][PASSED] - if (i == 3 &amp;&amp; wildList.indexOf(symbol) != -1): null

2019-08-24 12:20:10 - [TEST_STEP][PASSED] - if (i == 4 &amp;&amp; wildList.indexOf(symbol) != -1): null

2019-08-24 12:20:10 - [TEST_STEP][PASSED] - symbols = symbols: null

2019-08-24 12:20:10 - [TEST_STEP][PASSED] - for ([j = 0, j &lt; symbols.size(), (j++)]): null

2019-08-24 12:20:10 - [TEST_STEP][PASSED] - symbol = symbol: null

2019-08-24 12:20:10 - [TEST_STEP][PASSED] - println(symbol): null

2019-08-24 12:20:10 - [TEST_STEP][PASSED] - if (i == 2 &amp;&amp; wildList.indexOf(symbol) != -1): null

2019-08-24 12:20:10 - [TEST_STEP][PASSED] - if (i == 3 &amp;&amp; wildList.indexOf(symbol) != -1): null

2019-08-24 12:20:10 - [TEST_STEP][PASSED] - if (i == 4 &amp;&amp; wildList.indexOf(symbol) != -1): null

2019-08-24 12:20:10 - [TEST_STEP][PASSED] - symbol = symbol: null

2019-08-24 12:20:10 - [TEST_STEP][PASSED] - println(symbol): null

2019-08-24 12:20:10 - [TEST_STEP][PASSED] - if (i == 2 &amp;&amp; wildList.indexOf(symbol) != -1): null

2019-08-24 12:20:10 - [TEST_STEP][PASSED] - if (i == 3 &amp;&amp; wildList.indexOf(symbol) != -1): null

2019-08-24 12:20:10 - [TEST_STEP][PASSED] - if (i == 4 &amp;&amp; wildList.indexOf(symbol) != -1): null

2019-08-24 12:20:10 - [TEST_STEP][PASSED] - symbol = symbol: null

2019-08-24 12:20:10 - [TEST_STEP][PASSED] - println(symbol): null

2019-08-24 12:20:10 - [TEST_STEP][PASSED] - if (i == 2 &amp;&amp; wildList.indexOf(symbol) != -1): null

2019-08-24 12:20:10 - [TEST_STEP][PASSED] - if (i == 3 &amp;&amp; wildList.indexOf(symbol) != -1): null

2019-08-24 12:20:10 - [TEST_STEP][PASSED] - println("wild found on reel 4, adding counter by 1"): null

2019-08-24 12:20:10 - [TEST_STEP][PASSED] - free_spin_reel_counter[1] = free_spin_reel_counter[1] + 1: null

2019-08-24 12:20:10 - [TEST_STEP][PASSED] - if (i == 4 &amp;&amp; wildList.indexOf(symbol) != -1): null

2019-08-24 12:20:10 - [TEST_STEP][PASSED] - symbols = symbols: null

2019-08-24 12:20:10 - [TEST_STEP][PASSED] - for ([j = 0, j &lt; symbols.size(), (j++)]): null

2019-08-24 12:20:10 - [TEST_STEP][PASSED] - symbol = symbol: null

2019-08-24 12:20:10 - [TEST_STEP][PASSED] - println(symbol): null

2019-08-24 12:20:10 - [TEST_STEP][PASSED] - if (i == 2 &amp;&amp; wildList.indexOf(symbol) != -1): null

2019-08-24 12:20:10 - [TEST_STEP][PASSED] - if (i == 3 &amp;&amp; wildList.indexOf(symbol) != -1): null

2019-08-24 12:20:10 - [TEST_STEP][PASSED] - if (i == 4 &amp;&amp; wildList.indexOf(symbol) != -1): null

2019-08-24 12:20:10 - [TEST_STEP][PASSED] - symbol = symbol: null

2019-08-24 12:20:10 - [TEST_STEP][PASSED] - println(symbol): null

2019-08-24 12:20:10 - [TEST_STEP][PASSED] - if (i == 2 &amp;&amp; wildList.indexOf(symbol) != -1): null

2019-08-24 12:20:10 - [TEST_STEP][PASSED] - if (i == 3 &amp;&amp; wildList.indexOf(symbol) != -1): null

2019-08-24 12:20:10 - [TEST_STEP][PASSED] - if (i == 4 &amp;&amp; wildList.indexOf(symbol) != -1): null

2019-08-24 12:20:10 - [TEST_STEP][PASSED] - symbol = symbol: null

2019-08-24 12:20:10 - [TEST_STEP][PASSED] - println(symbol): null

2019-08-24 12:20:10 - [TEST_STEP][PASSED] - if (i == 2 &amp;&amp; wildList.indexOf(symbol) != -1): null

2019-08-24 12:20:10 - [TEST_STEP][PASSED] - if (i == 3 &amp;&amp; wildList.indexOf(symbol) != -1): null

2019-08-24 12:20:10 - [TEST_STEP][PASSED] - if (i == 4 &amp;&amp; wildList.indexOf(symbol) != -1): null

2019-08-24 12:20:10 - [TEST_STEP][PASSED] - free_spin_reel_counter = free_spin_reel_counter: null

2019-08-24 12:20:10 - [TEST_STEP][PASSED] - println("reel 3 wild found: " + free_spin_reel_counter[0]): null

2019-08-24 12:20:10 - [TEST_STEP][PASSED] - println("reel 4 wild found: " + free_spin_reel_counter[1]): null

2019-08-24 12:20:10 - [TEST_STEP][PASSED] - println("reel 5 wild found: " + free_spin_reel_counter[2]): null

2019-08-24 12:20:10 - [TEST_STEP][PASSED] - M4_spin_reels = M4_spin_reels: null

2019-08-24 12:20:10 - [TEST_STEP][PASSED] - M4_spin_reels_symbols = symbol: null

2019-08-24 12:20:10 - [TEST_STEP][PASSED] - M4_spin_reels_symbols = M4_spin_reels_symbols: null

2019-08-24 12:20:15 - [TEST_STEP][PASSED] - M4_spin_reel_wins = reel_wins: null

2019-08-24 12:20:15 - [TEST_STEP][PASSED] - M4_spin_reel_wins = M4_spin_reel_wins: null

2019-08-24 12:20:15 - [TEST_STEP][PASSED] - println("GlobalVariable.M4_spin_reel_wins is: " + M4_spin_reel_wins): null

2019-08-24 12:20:15 - [TEST_STEP][PASSED] - M4_spin_total_bonus_win_this_round = total_bonus_win_this_round: null

2019-08-24 12:20:15 - [TEST_STEP][PASSED] - M4_spin_total_bonus_win_this_round = M4_spin_total_bonus_win_this_round: null

2019-08-24 12:20:15 - [TEST_STEP][PASSED] - println("GlobalVariable.M4_spin_total_bonus_win_this_round is: " + M4_spin_total_bonus_win_this_round): null

2019-08-24 12:20:15 - [TEST_STEP][PASSED] - M4_spin_bonus_spin_result = spin_result: null

2019-08-24 12:20:15 - [TEST_STEP][PASSED] - M4_spin_bonus_spin_result = M4_spin_bonus_spin_result: null

2019-08-24 12:20:15 - [MESSAGE][PASSED] - Verify response successfully

2019-08-24 12:20:15 - [MESSAGE][PASSED] - Send request and verify the response successfully

2019-08-24 12:20:17 - [TEST_STEP][PASSED] - if (M4_total_bonus_spins_int != 0 &amp;&amp; M4_spin_reels_symbols[2].contains("WILD_ExtraFG") || M4_spin_reels_symbols[3].contains("WILD_ExtraFG")): null

2019-08-24 12:20:17 - [TEST_STEP][PASSED] - free_spin_reel_counter = free_spin_reel_counter: null

2019-08-24 12:20:17 - [TEST_STEP][PASSED] - M4_spin_reels_symbols = M4_spin_reels_symbols: null

2019-08-24 12:20:17 - [TEST_STEP][PASSED] - M4_total_bonus_spins = M4_total_bonus_spins: null

2019-08-24 12:20:17 - [TEST_STEP][PASSED] - spin_result = sendRequestAndVerify(findTestObject("INT/RGS(M4)/1_M4_spin", ["M4_login_user_id":M4_login_user_id, "rgs_session_token":rgs_session_token, "partner":Partner])): Send request and verify the response successfully

2019-08-24 12:20:18 - [MESSAGE][INFO] - HAR: /Users/eiralee/Katalon_Script/SuperWild/Reports/20190824_120919/INT/superWild_3/20190824_120919/requests/main/182.har

2019-08-24 12:20:18 - [TEST_CASE][PASSED] - Start Test Case : Verification: Verification accomplished successfully

2019-08-24 12:20:18 - [TEST_STEP][PASSED] - request = getInstance().getCurrentRequest(): null

2019-08-24 12:20:18 - [TEST_STEP][PASSED] - response = getInstance().getCurrentResponse(): null

2019-08-24 12:20:18 - [TEST_STEP][PASSED] - verifyResponseStatusCode(response, 200): Verify response status code successfully

2019-08-24 12:20:18 - [MESSAGE][PASSED] - Verify response status code successfully

2019-08-24 12:20:18 - [TEST_STEP][PASSED] - getStatusCode()).isEqualTo(200): null

2019-08-24 12:20:18 - [TEST_STEP][PASSED] - newline = System.getProperty("line.separator"): null

2019-08-24 12:20:18 - [TEST_STEP][PASSED] - M4_spin = new groovy.json.JsonSlurper(): null

2019-08-24 12:20:18 - [TEST_STEP][PASSED] - result_M4_spin = M4_spin.parseText(response.getResponseBodyContent()): null

2019-08-24 12:20:18 - [TEST_STEP][PASSED] - M4_spin_current_balance = current_balance: null

2019-08-24 12:20:18 - [TEST_STEP][PASSED] - M4_spin_current_balance = M4_spin_current_balance: null

2019-08-24 12:20:18 - [TEST_STEP][PASSED] - M4_spin_transaction_id = causality: null

2019-08-24 12:20:18 - [TEST_STEP][PASSED] - M4_spin_transaction_id = M4_spin_transaction_id: null

2019-08-24 12:20:18 - [TEST_STEP][PASSED] - M4_spin_round_id = round_id: null

2019-08-24 12:20:18 - [TEST_STEP][PASSED] - M4_spin_round_id = M4_spin_round_id: null

2019-08-24 12:20:18 - [TEST_STEP][PASSED] - M4_spin_line_wins = line_wins: null

2019-08-24 12:20:18 - [TEST_STEP][PASSED] - M4_spin_line_wins = M4_spin_line_wins: null

2019-08-24 12:20:18 - [TEST_STEP][PASSED] - M4_total_bonus_spins_int = total_bonus_spins: null

2019-08-24 12:20:18 - [TEST_STEP][PASSED] - println("******M4_total_bonus_spins type is:*******" + newline + getClass().getName()): null

2019-08-24 12:20:18 - [TEST_STEP][PASSED] - M4_total_bonus_spins_int = M4_total_bonus_spins_int: null

2019-08-24 12:20:18 - [TEST_STEP][PASSED] - M4_total_bonus_spins = Integer.toString(M4_total_bonus_spins_int): null

2019-08-24 12:20:18 - [TEST_STEP][PASSED] - M4_total_bonus_spins = M4_total_bonus_spins: null

2019-08-24 12:20:18 - [TEST_STEP][PASSED] - println("M4_total_bonus_spins is:" + M4_total_bonus_spins): null

2019-08-24 12:20:18 - [TEST_STEP][PASSED] - M4_spin_bonus_data = bonus_data: null

2019-08-24 12:20:18 - [TEST_STEP][PASSED] - M4_spin_features_triggered = result_M4_spin: null

2019-08-24 12:20:18 - [TEST_STEP][PASSED] - wild = []: null

2019-08-24 12:20:18 - [TEST_STEP][PASSED] - wild[0] = "WILD_Expanding": null

2019-08-24 12:20:18 - [TEST_STEP][PASSED] - wild[1] = "WILD_Normal": null

2019-08-24 12:20:18 - [TEST_STEP][PASSED] - wild[2] = "WILD_Double": null

2019-08-24 12:20:18 - [TEST_STEP][PASSED] - wild[3] = "WILD_ExtraFG": null

2019-08-24 12:20:18 - [TEST_STEP][PASSED] - wild[4] = "WILD_Triple": null

2019-08-24 12:20:18 - [TEST_STEP][PASSED] - wildList = Arrays.asList(wild): null

2019-08-24 12:20:18 - [TEST_STEP][PASSED] - wildList = wildList: null

2019-08-24 12:20:18 - [TEST_STEP][PASSED] - free_spin_reel_counter = []: null

2019-08-24 12:20:18 - [TEST_STEP][PASSED] - free_spin_reel_counter[0] = 0: null

2019-08-24 12:20:18 - [TEST_STEP][PASSED] - free_spin_reel_counter[1] = 0: null

2019-08-24 12:20:18 - [TEST_STEP][PASSED] - free_spin_reel_counter[2] = 0: null

2019-08-24 12:20:18 - [TEST_STEP][PASSED] - M4_spin_reels = reels: null

2019-08-24 12:20:18 - [TEST_STEP][PASSED] - for ([i = 0, i &lt; M4_spin_reels.size(), (i++)]): null

2019-08-24 12:20:18 - [TEST_STEP][PASSED] - symbols = symbols: null

2019-08-24 12:20:18 - [TEST_STEP][PASSED] - for ([j = 0, j &lt; symbols.size(), (j++)]): null

2019-08-24 12:20:18 - [TEST_STEP][PASSED] - symbol = symbol: null

2019-08-24 12:20:18 - [TEST_STEP][PASSED] - println(symbol): null

2019-08-24 12:20:18 - [TEST_STEP][PASSED] - if (i == 2 &amp;&amp; wildList.indexOf(symbol) != -1): null

2019-08-24 12:20:18 - [TEST_STEP][PASSED] - if (i == 3 &amp;&amp; wildList.indexOf(symbol) != -1): null

2019-08-24 12:20:18 - [TEST_STEP][PASSED] - if (i == 4 &amp;&amp; wildList.indexOf(symbol) != -1): null

2019-08-24 12:20:18 - [TEST_STEP][PASSED] - symbol = symbol: null

2019-08-24 12:20:18 - [TEST_STEP][PASSED] - println(symbol): null

2019-08-24 12:20:18 - [TEST_STEP][PASSED] - if (i == 2 &amp;&amp; wildList.indexOf(symbol) != -1): null

2019-08-24 12:20:18 - [TEST_STEP][PASSED] - if (i == 3 &amp;&amp; wildList.indexOf(symbol) != -1): null

2019-08-24 12:20:18 - [TEST_STEP][PASSED] - if (i == 4 &amp;&amp; wildList.indexOf(symbol) != -1): null

2019-08-24 12:20:18 - [TEST_STEP][PASSED] - symbol = symbol: null

2019-08-24 12:20:18 - [TEST_STEP][PASSED] - println(symbol): null

2019-08-24 12:20:18 - [TEST_STEP][PASSED] - if (i == 2 &amp;&amp; wildList.indexOf(symbol) != -1): null

2019-08-24 12:20:18 - [TEST_STEP][PASSED] - if (i == 3 &amp;&amp; wildList.indexOf(symbol) != -1): null

2019-08-24 12:20:18 - [TEST_STEP][PASSED] - if (i == 4 &amp;&amp; wildList.indexOf(symbol) != -1): null

2019-08-24 12:20:18 - [TEST_STEP][PASSED] - symbols = symbols: null

2019-08-24 12:20:18 - [TEST_STEP][PASSED] - for ([j = 0, j &lt; symbols.size(), (j++)]): null

2019-08-24 12:20:18 - [TEST_STEP][PASSED] - symbol = symbol: null

2019-08-24 12:20:18 - [TEST_STEP][PASSED] - println(symbol): null

2019-08-24 12:20:18 - [TEST_STEP][PASSED] - if (i == 2 &amp;&amp; wildList.indexOf(symbol) != -1): null

2019-08-24 12:20:18 - [TEST_STEP][PASSED] - if (i == 3 &amp;&amp; wildList.indexOf(symbol) != -1): null

2019-08-24 12:20:18 - [TEST_STEP][PASSED] - if (i == 4 &amp;&amp; wildList.indexOf(symbol) != -1): null

2019-08-24 12:20:18 - [TEST_STEP][PASSED] - symbol = symbol: null

2019-08-24 12:20:18 - [TEST_STEP][PASSED] - println(symbol): null

2019-08-24 12:20:18 - [TEST_STEP][PASSED] - if (i == 2 &amp;&amp; wildList.indexOf(symbol) != -1): null

2019-08-24 12:20:18 - [TEST_STEP][PASSED] - if (i == 3 &amp;&amp; wildList.indexOf(symbol) != -1): null

2019-08-24 12:20:18 - [TEST_STEP][PASSED] - if (i == 4 &amp;&amp; wildList.indexOf(symbol) != -1): null

2019-08-24 12:20:18 - [TEST_STEP][PASSED] - symbol = symbol: null

2019-08-24 12:20:18 - [TEST_STEP][PASSED] - println(symbol): null

2019-08-24 12:20:18 - [TEST_STEP][PASSED] - if (i == 2 &amp;&amp; wildList.indexOf(symbol) != -1): null

2019-08-24 12:20:18 - [TEST_STEP][PASSED] - if (i == 3 &amp;&amp; wildList.indexOf(symbol) != -1): null

2019-08-24 12:20:18 - [TEST_STEP][PASSED] - if (i == 4 &amp;&amp; wildList.indexOf(symbol) != -1): null

2019-08-24 12:20:18 - [TEST_STEP][PASSED] - symbols = symbols: null

2019-08-24 12:20:18 - [TEST_STEP][PASSED] - for ([j = 0, j &lt; symbols.size(), (j++)]): null

2019-08-24 12:20:18 - [TEST_STEP][PASSED] - symbol = symbol: null

2019-08-24 12:20:18 - [TEST_STEP][PASSED] - println(symbol): null

2019-08-24 12:20:18 - [TEST_STEP][PASSED] - if (i == 2 &amp;&amp; wildList.indexOf(symbol) != -1): null

2019-08-24 12:20:18 - [TEST_STEP][PASSED] - if (i == 3 &amp;&amp; wildList.indexOf(symbol) != -1): null

2019-08-24 12:20:18 - [TEST_STEP][PASSED] - if (i == 4 &amp;&amp; wildList.indexOf(symbol) != -1): null

2019-08-24 12:20:18 - [TEST_STEP][PASSED] - symbol = symbol: null

2019-08-24 12:20:18 - [TEST_STEP][PASSED] - println(symbol): null

2019-08-24 12:20:18 - [TEST_STEP][PASSED] - if (i == 2 &amp;&amp; wildList.indexOf(symbol) != -1): null

2019-08-24 12:20:18 - [TEST_STEP][PASSED] - if (i == 3 &amp;&amp; wildList.indexOf(symbol) != -1): null

2019-08-24 12:20:18 - [TEST_STEP][PASSED] - if (i == 4 &amp;&amp; wildList.indexOf(symbol) != -1): null

2019-08-24 12:20:18 - [TEST_STEP][PASSED] - symbol = symbol: null

2019-08-24 12:20:18 - [TEST_STEP][PASSED] - println(symbol): null

2019-08-24 12:20:18 - [TEST_STEP][PASSED] - if (i == 2 &amp;&amp; wildList.indexOf(symbol) != -1): null

2019-08-24 12:20:18 - [TEST_STEP][PASSED] - if (i == 3 &amp;&amp; wildList.indexOf(symbol) != -1): null

2019-08-24 12:20:18 - [TEST_STEP][PASSED] - if (i == 4 &amp;&amp; wildList.indexOf(symbol) != -1): null

2019-08-24 12:20:18 - [TEST_STEP][PASSED] - symbols = symbols: null

2019-08-24 12:20:18 - [TEST_STEP][PASSED] - for ([j = 0, j &lt; symbols.size(), (j++)]): null

2019-08-24 12:20:18 - [TEST_STEP][PASSED] - symbol = symbol: null

2019-08-24 12:20:18 - [TEST_STEP][PASSED] - println(symbol): null

2019-08-24 12:20:18 - [TEST_STEP][PASSED] - if (i == 2 &amp;&amp; wildList.indexOf(symbol) != -1): null

2019-08-24 12:20:18 - [TEST_STEP][PASSED] - if (i == 3 &amp;&amp; wildList.indexOf(symbol) != -1): null

2019-08-24 12:20:18 - [TEST_STEP][PASSED] - if (i == 4 &amp;&amp; wildList.indexOf(symbol) != -1): null

2019-08-24 12:20:18 - [TEST_STEP][PASSED] - symbol = symbol: null

2019-08-24 12:20:18 - [TEST_STEP][PASSED] - println(symbol): null

2019-08-24 12:20:18 - [TEST_STEP][PASSED] - if (i == 2 &amp;&amp; wildList.indexOf(symbol) != -1): null

2019-08-24 12:20:18 - [TEST_STEP][PASSED] - if (i == 3 &amp;&amp; wildList.indexOf(symbol) != -1): null

2019-08-24 12:20:18 - [TEST_STEP][PASSED] - if (i == 4 &amp;&amp; wildList.indexOf(symbol) != -1): null

2019-08-24 12:20:18 - [TEST_STEP][PASSED] - symbol = symbol: null

2019-08-24 12:20:18 - [TEST_STEP][PASSED] - println(symbol): null

2019-08-24 12:20:18 - [TEST_STEP][PASSED] - if (i == 2 &amp;&amp; wildList.indexOf(symbol) != -1): null

2019-08-24 12:20:18 - [TEST_STEP][PASSED] - if (i == 3 &amp;&amp; wildList.indexOf(symbol) != -1): null

2019-08-24 12:20:18 - [TEST_STEP][PASSED] - if (i == 4 &amp;&amp; wildList.indexOf(symbol) != -1): null

2019-08-24 12:20:18 - [TEST_STEP][PASSED] - symbols = symbols: null

2019-08-24 12:20:18 - [TEST_STEP][PASSED] - for ([j = 0, j &lt; symbols.size(), (j++)]): null

2019-08-24 12:20:18 - [TEST_STEP][PASSED] - symbol = symbol: null

2019-08-24 12:20:18 - [TEST_STEP][PASSED] - println(symbol): null

2019-08-24 12:20:18 - [TEST_STEP][PASSED] - if (i == 2 &amp;&amp; wildList.indexOf(symbol) != -1): null

2019-08-24 12:20:18 - [TEST_STEP][PASSED] - if (i == 3 &amp;&amp; wildList.indexOf(symbol) != -1): null

2019-08-24 12:20:18 - [TEST_STEP][PASSED] - if (i == 4 &amp;&amp; wildList.indexOf(symbol) != -1): null

2019-08-24 12:20:18 - [TEST_STEP][PASSED] - println("wild found on reel 5, adding counter by 1"): null

2019-08-24 12:20:18 - [TEST_STEP][PASSED] - free_spin_reel_counter[2] = free_spin_reel_counter[2] + 1: null

2019-08-24 12:20:18 - [TEST_STEP][PASSED] - symbol = symbol: null

2019-08-24 12:20:18 - [TEST_STEP][PASSED] - println(symbol): null

2019-08-24 12:20:18 - [TEST_STEP][PASSED] - if (i == 2 &amp;&amp; wildList.indexOf(symbol) != -1): null

2019-08-24 12:20:18 - [TEST_STEP][PASSED] - if (i == 3 &amp;&amp; wildList.indexOf(symbol) != -1): null

2019-08-24 12:20:18 - [TEST_STEP][PASSED] - if (i == 4 &amp;&amp; wildList.indexOf(symbol) != -1): null

2019-08-24 12:20:18 - [TEST_STEP][PASSED] - symbol = symbol: null

2019-08-24 12:20:18 - [TEST_STEP][PASSED] - println(symbol): null

2019-08-24 12:20:18 - [TEST_STEP][PASSED] - if (i == 2 &amp;&amp; wildList.indexOf(symbol) != -1): null

2019-08-24 12:20:18 - [TEST_STEP][PASSED] - if (i == 3 &amp;&amp; wildList.indexOf(symbol) != -1): null

2019-08-24 12:20:18 - [TEST_STEP][PASSED] - if (i == 4 &amp;&amp; wildList.indexOf(symbol) != -1): null

2019-08-24 12:20:18 - [TEST_STEP][PASSED] - free_spin_reel_counter = free_spin_reel_counter: null

2019-08-24 12:20:18 - [TEST_STEP][PASSED] - println("reel 3 wild found: " + free_spin_reel_counter[0]): null

2019-08-24 12:20:18 - [TEST_STEP][PASSED] - println("reel 4 wild found: " + free_spin_reel_counter[1]): null

2019-08-24 12:20:18 - [TEST_STEP][PASSED] - println("reel 5 wild found: " + free_spin_reel_counter[2]): null

2019-08-24 12:20:18 - [TEST_STEP][PASSED] - M4_spin_reels = M4_spin_reels: null

2019-08-24 12:20:18 - [TEST_STEP][PASSED] - M4_spin_reels_symbols = symbol: null

2019-08-24 12:20:18 - [TEST_STEP][PASSED] - M4_spin_reels_symbols = M4_spin_reels_symbols: null

2019-08-24 12:20:18 - [TEST_STEP][PASSED] - M4_spin_reel_wins = reel_wins: null

2019-08-24 12:20:18 - [TEST_STEP][PASSED] - M4_spin_reel_wins = M4_spin_reel_wins: null

2019-08-24 12:20:18 - [TEST_STEP][PASSED] - println("GlobalVariable.M4_spin_reel_wins is: " + M4_spin_reel_wins): null

2019-08-24 12:20:18 - [TEST_STEP][PASSED] - M4_spin_total_bonus_win_this_round = total_bonus_win_this_round: null

2019-08-24 12:20:18 - [TEST_STEP][PASSED] - M4_spin_total_bonus_win_this_round = M4_spin_total_bonus_win_this_round: null

2019-08-24 12:20:18 - [TEST_STEP][PASSED] - println("GlobalVariable.M4_spin_total_bonus_win_this_round is: " + M4_spin_total_bonus_win_this_round): null

2019-08-24 12:20:18 - [TEST_STEP][PASSED] - M4_spin_bonus_spin_result = spin_result: null

2019-08-24 12:20:18 - [TEST_STEP][PASSED] - M4_spin_bonus_spin_result = M4_spin_bonus_spin_result: null

2019-08-24 12:20:18 - [MESSAGE][PASSED] - Verify response successfully

2019-08-24 12:20:18 - [MESSAGE][PASSED] - Send request and verify the response successfully

2019-08-24 12:20:18 - [TEST_STEP][PASSED] - if (M4_total_bonus_spins_int != 0 &amp;&amp; M4_spin_reels_symbols[2].contains("WILD_ExtraFG") || M4_spin_reels_symbols[3].contains("WILD_ExtraFG")): null

2019-08-24 12:20:18 - [TEST_STEP][PASSED] - free_spin_reel_counter = free_spin_reel_counter: null

2019-08-24 12:20:18 - [TEST_STEP][PASSED] - M4_spin_reels_symbols = M4_spin_reels_symbols: null

2019-08-24 12:20:18 - [TEST_STEP][PASSED] - M4_total_bonus_spins = M4_total_bonus_spins: null

2019-08-24 12:20:18 - [TEST_STEP][PASSED] - spin_result = sendRequestAndVerify(findTestObject("INT/RGS(M4)/1_M4_spin", ["M4_login_user_id":M4_login_user_id, "rgs_session_token":rgs_session_token, "partner":Partner])): Send request and verify the response successfully

2019-08-24 12:20:19 - [MESSAGE][INFO] - HAR: /Users/eiralee/Katalon_Script/SuperWild/Reports/20190824_120919/INT/superWild_3/20190824_120919/requests/main/183.har

2019-08-24 12:20:19 - [TEST_CASE][PASSED] - Start Test Case : Verification: Verification accomplished successfully

2019-08-24 12:20:19 - [TEST_STEP][PASSED] - request = getInstance().getCurrentRequest(): null

2019-08-24 12:20:19 - [TEST_STEP][PASSED] - response = getInstance().getCurrentResponse(): null

2019-08-24 12:20:19 - [TEST_STEP][PASSED] - verifyResponseStatusCode(response, 200): Verify response status code successfully

2019-08-24 12:20:19 - [MESSAGE][PASSED] - Verify response status code successfully

2019-08-24 12:20:19 - [TEST_STEP][PASSED] - getStatusCode()).isEqualTo(200): null

2019-08-24 12:20:19 - [TEST_STEP][PASSED] - newline = System.getProperty("line.separator"): null

2019-08-24 12:20:19 - [TEST_STEP][PASSED] - M4_spin = new groovy.json.JsonSlurper(): null

2019-08-24 12:20:19 - [TEST_STEP][PASSED] - result_M4_spin = M4_spin.parseText(response.getResponseBodyContent()): null

2019-08-24 12:20:19 - [TEST_STEP][PASSED] - M4_spin_current_balance = current_balance: null

2019-08-24 12:20:19 - [TEST_STEP][PASSED] - M4_spin_current_balance = M4_spin_current_balance: null

2019-08-24 12:20:19 - [TEST_STEP][PASSED] - M4_spin_transaction_id = causality: null

2019-08-24 12:20:19 - [TEST_STEP][PASSED] - M4_spin_transaction_id = M4_spin_transaction_id: null

2019-08-24 12:20:19 - [TEST_STEP][PASSED] - M4_spin_round_id = round_id: null

2019-08-24 12:20:19 - [TEST_STEP][PASSED] - M4_spin_round_id = M4_spin_round_id: null

2019-08-24 12:20:19 - [TEST_STEP][PASSED] - M4_spin_line_wins = line_wins: null

2019-08-24 12:20:19 - [TEST_STEP][PASSED] - M4_spin_line_wins = M4_spin_line_wins: null

2019-08-24 12:20:19 - [TEST_STEP][PASSED] - M4_total_bonus_spins_int = total_bonus_spins: null

2019-08-24 12:20:19 - [TEST_STEP][PASSED] - println("******M4_total_bonus_spins type is:*******" + newline + getClass().getName()): null

2019-08-24 12:20:19 - [TEST_STEP][PASSED] - M4_total_bonus_spins_int = M4_total_bonus_spins_int: null

2019-08-24 12:20:19 - [TEST_STEP][PASSED] - M4_total_bonus_spins = Integer.toString(M4_total_bonus_spins_int): null

2019-08-24 12:20:19 - [TEST_STEP][PASSED] - M4_total_bonus_spins = M4_total_bonus_spins: null

2019-08-24 12:20:19 - [TEST_STEP][PASSED] - println("M4_total_bonus_spins is:" + M4_total_bonus_spins): null

2019-08-24 12:20:19 - [TEST_STEP][PASSED] - M4_spin_bonus_data = bonus_data: null

2019-08-24 12:20:19 - [TEST_STEP][PASSED] - M4_spin_features_triggered = result_M4_spin: null

2019-08-24 12:20:19 - [TEST_STEP][PASSED] - wild = []: null

2019-08-24 12:20:19 - [TEST_STEP][PASSED] - wild[0] = "WILD_Expanding": null

2019-08-24 12:20:19 - [TEST_STEP][PASSED] - wild[1] = "WILD_Normal": null

2019-08-24 12:20:19 - [TEST_STEP][PASSED] - wild[2] = "WILD_Double": null

2019-08-24 12:20:19 - [TEST_STEP][PASSED] - wild[3] = "WILD_ExtraFG": null

2019-08-24 12:20:19 - [TEST_STEP][PASSED] - wild[4] = "WILD_Triple": null

2019-08-24 12:20:19 - [TEST_STEP][PASSED] - wildList = Arrays.asList(wild): null

2019-08-24 12:20:19 - [TEST_STEP][PASSED] - wildList = wildList: null

2019-08-24 12:20:19 - [TEST_STEP][PASSED] - free_spin_reel_counter = []: null

2019-08-24 12:20:19 - [TEST_STEP][PASSED] - free_spin_reel_counter[0] = 0: null

2019-08-24 12:20:19 - [TEST_STEP][PASSED] - free_spin_reel_counter[1] = 0: null

2019-08-24 12:20:19 - [TEST_STEP][PASSED] - free_spin_reel_counter[2] = 0: null

2019-08-24 12:20:19 - [TEST_STEP][PASSED] - M4_spin_reels = reels: null

2019-08-24 12:20:19 - [TEST_STEP][PASSED] - for ([i = 0, i &lt; M4_spin_reels.size(), (i++)]): null

2019-08-24 12:20:19 - [TEST_STEP][PASSED] - symbols = symbols: null

2019-08-24 12:20:19 - [TEST_STEP][PASSED] - for ([j = 0, j &lt; symbols.size(), (j++)]): null

2019-08-24 12:20:19 - [TEST_STEP][PASSED] - symbol = symbol: null

2019-08-24 12:20:19 - [TEST_STEP][PASSED] - println(symbol): null

2019-08-24 12:20:19 - [TEST_STEP][PASSED] - if (i == 2 &amp;&amp; wildList.indexOf(symbol) != -1): null

2019-08-24 12:20:19 - [TEST_STEP][PASSED] - if (i == 3 &amp;&amp; wildList.indexOf(symbol) != -1): null

2019-08-24 12:20:19 - [TEST_STEP][PASSED] - if (i == 4 &amp;&amp; wildList.indexOf(symbol) != -1): null

2019-08-24 12:20:19 - [TEST_STEP][PASSED] - symbol = symbol: null

2019-08-24 12:20:19 - [TEST_STEP][PASSED] - println(symbol): null

2019-08-24 12:20:19 - [TEST_STEP][PASSED] - if (i == 2 &amp;&amp; wildList.indexOf(symbol) != -1): null

2019-08-24 12:20:19 - [TEST_STEP][PASSED] - if (i == 3 &amp;&amp; wildList.indexOf(symbol) != -1): null

2019-08-24 12:20:19 - [TEST_STEP][PASSED] - if (i == 4 &amp;&amp; wildList.indexOf(symbol) != -1): null

2019-08-24 12:20:19 - [TEST_STEP][PASSED] - symbol = symbol: null

2019-08-24 12:20:19 - [TEST_STEP][PASSED] - println(symbol): null

2019-08-24 12:20:19 - [TEST_STEP][PASSED] - if (i == 2 &amp;&amp; wildList.indexOf(symbol) != -1): null

2019-08-24 12:20:19 - [TEST_STEP][PASSED] - if (i == 3 &amp;&amp; wildList.indexOf(symbol) != -1): null

2019-08-24 12:20:19 - [TEST_STEP][PASSED] - if (i == 4 &amp;&amp; wildList.indexOf(symbol) != -1): null

2019-08-24 12:20:19 - [TEST_STEP][PASSED] - symbols = symbols: null

2019-08-24 12:20:19 - [TEST_STEP][PASSED] - for ([j = 0, j &lt; symbols.size(), (j++)]): null

2019-08-24 12:20:19 - [TEST_STEP][PASSED] - symbol = symbol: null

2019-08-24 12:20:19 - [TEST_STEP][PASSED] - println(symbol): null

2019-08-24 12:20:19 - [TEST_STEP][PASSED] - if (i == 2 &amp;&amp; wildList.indexOf(symbol) != -1): null

2019-08-24 12:20:19 - [TEST_STEP][PASSED] - if (i == 3 &amp;&amp; wildList.indexOf(symbol) != -1): null

2019-08-24 12:20:19 - [TEST_STEP][PASSED] - if (i == 4 &amp;&amp; wildList.indexOf(symbol) != -1): null

2019-08-24 12:20:19 - [TEST_STEP][PASSED] - symbol = symbol: null

2019-08-24 12:20:19 - [TEST_STEP][PASSED] - println(symbol): null

2019-08-24 12:20:19 - [TEST_STEP][PASSED] - if (i == 2 &amp;&amp; wildList.indexOf(symbol) != -1): null

2019-08-24 12:20:19 - [TEST_STEP][PASSED] - if (i == 3 &amp;&amp; wildList.indexOf(symbol) != -1): null

2019-08-24 12:20:19 - [TEST_STEP][PASSED] - if (i == 4 &amp;&amp; wildList.indexOf(symbol) != -1): null

2019-08-24 12:20:19 - [TEST_STEP][PASSED] - symbol = symbol: null

2019-08-24 12:20:19 - [TEST_STEP][PASSED] - println(symbol): null

2019-08-24 12:20:19 - [TEST_STEP][PASSED] - if (i == 2 &amp;&amp; wildList.indexOf(symbol) != -1): null

2019-08-24 12:20:19 - [TEST_STEP][PASSED] - if (i == 3 &amp;&amp; wildList.indexOf(symbol) != -1): null

2019-08-24 12:20:19 - [TEST_STEP][PASSED] - if (i == 4 &amp;&amp; wildList.indexOf(symbol) != -1): null

2019-08-24 12:20:19 - [TEST_STEP][PASSED] - symbols = symbols: null

2019-08-24 12:20:19 - [TEST_STEP][PASSED] - for ([j = 0, j &lt; symbols.size(), (j++)]): null

2019-08-24 12:20:19 - [TEST_STEP][PASSED] - symbol = symbol: null

2019-08-24 12:20:19 - [TEST_STEP][PASSED] - println(symbol): null

2019-08-24 12:20:19 - [TEST_STEP][PASSED] - if (i == 2 &amp;&amp; wildList.indexOf(symbol) != -1): null

2019-08-24 12:20:19 - [TEST_STEP][PASSED] - if (i == 3 &amp;&amp; wildList.indexOf(symbol) != -1): null

2019-08-24 12:20:19 - [TEST_STEP][PASSED] - if (i == 4 &amp;&amp; wildList.indexOf(symbol) != -1): null

2019-08-24 12:20:19 - [TEST_STEP][PASSED] - symbol = symbol: null

2019-08-24 12:20:19 - [TEST_STEP][PASSED] - println(symbol): null

2019-08-24 12:20:19 - [TEST_STEP][PASSED] - if (i == 2 &amp;&amp; wildList.indexOf(symbol) != -1): null

2019-08-24 12:20:19 - [TEST_STEP][PASSED] - if (i == 3 &amp;&amp; wildList.indexOf(symbol) != -1): null

2019-08-24 12:20:19 - [TEST_STEP][PASSED] - if (i == 4 &amp;&amp; wildList.indexOf(symbol) != -1): null

2019-08-24 12:20:19 - [TEST_STEP][PASSED] - symbol = symbol: null

2019-08-24 12:20:19 - [TEST_STEP][PASSED] - println(symbol): null

2019-08-24 12:20:19 - [TEST_STEP][PASSED] - if (i == 2 &amp;&amp; wildList.indexOf(symbol) != -1): null

2019-08-24 12:20:19 - [TEST_STEP][PASSED] - if (i == 3 &amp;&amp; wildList.indexOf(symbol) != -1): null

2019-08-24 12:20:19 - [TEST_STEP][PASSED] - if (i == 4 &amp;&amp; wildList.indexOf(symbol) != -1): null

2019-08-24 12:20:19 - [TEST_STEP][PASSED] - symbols = symbols: null

2019-08-24 12:20:19 - [TEST_STEP][PASSED] - for ([j = 0, j &lt; symbols.size(), (j++)]): null

2019-08-24 12:20:19 - [TEST_STEP][PASSED] - symbol = symbol: null

2019-08-24 12:20:19 - [TEST_STEP][PASSED] - println(symbol): null

2019-08-24 12:20:19 - [TEST_STEP][PASSED] - if (i == 2 &amp;&amp; wildList.indexOf(symbol) != -1): null

2019-08-24 12:20:19 - [TEST_STEP][PASSED] - if (i == 3 &amp;&amp; wildList.indexOf(symbol) != -1): null

2019-08-24 12:20:19 - [TEST_STEP][PASSED] - if (i == 4 &amp;&amp; wildList.indexOf(symbol) != -1): null

2019-08-24 12:20:19 - [TEST_STEP][PASSED] - symbol = symbol: null

2019-08-24 12:20:19 - [TEST_STEP][PASSED] - println(symbol): null

2019-08-24 12:20:19 - [TEST_STEP][PASSED] - if (i == 2 &amp;&amp; wildList.indexOf(symbol) != -1): null

2019-08-24 12:20:19 - [TEST_STEP][PASSED] - if (i == 3 &amp;&amp; wildList.indexOf(symbol) != -1): null

2019-08-24 12:20:19 - [TEST_STEP][PASSED] - if (i == 4 &amp;&amp; wildList.indexOf(symbol) != -1): null

2019-08-24 12:20:19 - [TEST_STEP][PASSED] - symbol = symbol: null

2019-08-24 12:20:19 - [TEST_STEP][PASSED] - println(symbol): null

2019-08-24 12:20:19 - [TEST_STEP][PASSED] - if (i == 2 &amp;&amp; wildList.indexOf(symbol) != -1): null

2019-08-24 12:20:19 - [TEST_STEP][PASSED] - if (i == 3 &amp;&amp; wildList.indexOf(symbol) != -1): null

2019-08-24 12:20:19 - [TEST_STEP][PASSED] - if (i == 4 &amp;&amp; wildList.indexOf(symbol) != -1): null

2019-08-24 12:20:19 - [TEST_STEP][PASSED] - symbols = symbols: null

2019-08-24 12:20:19 - [TEST_STEP][PASSED] - for ([j = 0, j &lt; symbols.size(), (j++)]): null

2019-08-24 12:20:19 - [TEST_STEP][PASSED] - symbol = symbol: null

2019-08-24 12:20:19 - [TEST_STEP][PASSED] - println(symbol): null

2019-08-24 12:20:19 - [TEST_STEP][PASSED] - if (i == 2 &amp;&amp; wildList.indexOf(symbol) != -1): null

2019-08-24 12:20:19 - [TEST_STEP][PASSED] - if (i == 3 &amp;&amp; wildList.indexOf(symbol) != -1): null

2019-08-24 12:20:19 - [TEST_STEP][PASSED] - if (i == 4 &amp;&amp; wildList.indexOf(symbol) != -1): null

2019-08-24 12:20:19 - [TEST_STEP][PASSED] - symbol = symbol: null

2019-08-24 12:20:19 - [TEST_STEP][PASSED] - println(symbol): null

2019-08-24 12:20:19 - [TEST_STEP][PASSED] - if (i == 2 &amp;&amp; wildList.indexOf(symbol) != -1): null

2019-08-24 12:20:19 - [TEST_STEP][PASSED] - if (i == 3 &amp;&amp; wildList.indexOf(symbol) != -1): null

2019-08-24 12:20:19 - [TEST_STEP][PASSED] - if (i == 4 &amp;&amp; wildList.indexOf(symbol) != -1): null

2019-08-24 12:20:19 - [TEST_STEP][PASSED] - symbol = symbol: null

2019-08-24 12:20:19 - [TEST_STEP][PASSED] - println(symbol): null

2019-08-24 12:20:19 - [TEST_STEP][PASSED] - if (i == 2 &amp;&amp; wildList.indexOf(symbol) != -1): null

2019-08-24 12:20:19 - [TEST_STEP][PASSED] - if (i == 3 &amp;&amp; wildList.indexOf(symbol) != -1): null

2019-08-24 12:20:19 - [TEST_STEP][PASSED] - if (i == 4 &amp;&amp; wildList.indexOf(symbol) != -1): null

2019-08-24 12:20:19 - [TEST_STEP][PASSED] - println("wild found on reel 5, adding counter by 1"): null

2019-08-24 12:20:19 - [TEST_STEP][PASSED] - free_spin_reel_counter[2] = free_spin_reel_counter[2] + 1: null

2019-08-24 12:20:19 - [TEST_STEP][PASSED] - free_spin_reel_counter = free_spin_reel_counter: null

2019-08-24 12:20:19 - [TEST_STEP][PASSED] - println("reel 3 wild found: " + free_spin_reel_counter[0]): null

2019-08-24 12:20:19 - [TEST_STEP][PASSED] - println("reel 4 wild found: " + free_spin_reel_counter[1]): null

2019-08-24 12:20:19 - [TEST_STEP][PASSED] - println("reel 5 wild found: " + free_spin_reel_counter[2]): null

2019-08-24 12:20:19 - [TEST_STEP][PASSED] - M4_spin_reels = M4_spin_reels: null

2019-08-24 12:20:19 - [TEST_STEP][PASSED] - M4_spin_reels_symbols = symbol: null

2019-08-24 12:20:19 - [TEST_STEP][PASSED] - M4_spin_reels_symbols = M4_spin_reels_symbols: null

2019-08-24 12:20:19 - [TEST_STEP][PASSED] - M4_spin_reel_wins = reel_wins: null

2019-08-24 12:20:19 - [TEST_STEP][PASSED] - M4_spin_reel_wins = M4_spin_reel_wins: null

2019-08-24 12:20:19 - [TEST_STEP][PASSED] - println("GlobalVariable.M4_spin_reel_wins is: " + M4_spin_reel_wins): null

2019-08-24 12:20:19 - [TEST_STEP][PASSED] - M4_spin_total_bonus_win_this_round = total_bonus_win_this_round: null

2019-08-24 12:20:19 - [TEST_STEP][PASSED] - M4_spin_total_bonus_win_this_round = M4_spin_total_bonus_win_this_round: null

2019-08-24 12:20:19 - [TEST_STEP][PASSED] - println("GlobalVariable.M4_spin_total_bonus_win_this_round is: " + M4_spin_total_bonus_win_this_round): null

2019-08-24 12:20:19 - [TEST_STEP][PASSED] - M4_spin_bonus_spin_result = spin_result: null

2019-08-24 12:20:19 - [TEST_STEP][PASSED] - M4_spin_bonus_spin_result = M4_spin_bonus_spin_result: null

2019-08-24 12:20:19 - [MESSAGE][PASSED] - Verify response successfully

2019-08-24 12:20:19 - [MESSAGE][PASSED] - Send request and verify the response successfully

2019-08-24 12:20:19 - [TEST_STEP][PASSED] - if (M4_total_bonus_spins_int != 0 &amp;&amp; M4_spin_reels_symbols[2].contains("WILD_ExtraFG") || M4_spin_reels_symbols[3].contains("WILD_ExtraFG")): null

2019-08-24 12:20:19 - [TEST_STEP][PASSED] - free_spin_reel_counter = free_spin_reel_counter: null

2019-08-24 12:20:19 - [TEST_STEP][PASSED] - M4_spin_reels_symbols = M4_spin_reels_symbols: null

2019-08-24 12:20:19 - [TEST_STEP][PASSED] - M4_total_bonus_spins = M4_total_bonus_spins: null

2019-08-24 12:20:19 - [TEST_STEP][PASSED] - spin_result = sendRequestAndVerify(findTestObject("INT/RGS(M4)/1_M4_spin", ["M4_login_user_id":M4_login_user_id, "rgs_session_token":rgs_session_token, "partner":Partner])): Send request and verify the response successfully

2019-08-24 12:20:19 - [MESSAGE][INFO] - HAR: /Users/eiralee/Katalon_Script/SuperWild/Reports/20190824_120919/INT/superWild_3/20190824_120919/requests/main/184.har

2019-08-24 12:20:19 - [TEST_CASE][PASSED] - Start Test Case : Verification: Verification accomplished successfully

2019-08-24 12:20:19 - [TEST_STEP][PASSED] - request = getInstance().getCurrentRequest(): null

2019-08-24 12:20:19 - [TEST_STEP][PASSED] - response = getInstance().getCurrentResponse(): null

2019-08-24 12:20:19 - [TEST_STEP][PASSED] - verifyResponseStatusCode(response, 200): Verify response status code successfully

2019-08-24 12:20:19 - [MESSAGE][PASSED] - Verify response status code successfully

2019-08-24 12:20:19 - [TEST_STEP][PASSED] - getStatusCode()).isEqualTo(200): null

2019-08-24 12:20:19 - [TEST_STEP][PASSED] - newline = System.getProperty("line.separator"): null

2019-08-24 12:20:19 - [TEST_STEP][PASSED] - M4_spin = new groovy.json.JsonSlurper(): null

2019-08-24 12:20:19 - [TEST_STEP][PASSED] - result_M4_spin = M4_spin.parseText(response.getResponseBodyContent()): null

2019-08-24 12:20:19 - [TEST_STEP][PASSED] - M4_spin_current_balance = current_balance: null

2019-08-24 12:20:19 - [TEST_STEP][PASSED] - M4_spin_current_balance = M4_spin_current_balance: null

2019-08-24 12:20:19 - [TEST_STEP][PASSED] - M4_spin_transaction_id = causality: null

2019-08-24 12:20:19 - [TEST_STEP][PASSED] - M4_spin_transaction_id = M4_spin_transaction_id: null

2019-08-24 12:20:19 - [TEST_STEP][PASSED] - M4_spin_round_id = round_id: null

2019-08-24 12:20:19 - [TEST_STEP][PASSED] - M4_spin_round_id = M4_spin_round_id: null

2019-08-24 12:20:19 - [TEST_STEP][PASSED] - M4_spin_line_wins = line_wins: null

2019-08-24 12:20:19 - [TEST_STEP][PASSED] - M4_spin_line_wins = M4_spin_line_wins: null

2019-08-24 12:20:19 - [TEST_STEP][PASSED] - M4_total_bonus_spins_int = total_bonus_spins: null

2019-08-24 12:20:19 - [TEST_STEP][PASSED] - println("******M4_total_bonus_spins type is:*******" + newline + getClass().getName()): null

2019-08-24 12:20:19 - [TEST_STEP][PASSED] - M4_total_bonus_spins_int = M4_total_bonus_spins_int: null

2019-08-24 12:20:23 - [TEST_STEP][PASSED] - M4_total_bonus_spins = Integer.toString(M4_total_bonus_spins_int): null

2019-08-24 12:20:23 - [TEST_STEP][PASSED] - M4_total_bonus_spins = M4_total_bonus_spins: null

2019-08-24 12:20:23 - [TEST_STEP][PASSED] - println("M4_total_bonus_spins is:" + M4_total_bonus_spins): null

2019-08-24 12:20:23 - [TEST_STEP][PASSED] - M4_spin_bonus_data = bonus_data: null

2019-08-24 12:20:23 - [TEST_STEP][PASSED] - M4_spin_features_triggered = result_M4_spin: null

2019-08-24 12:20:23 - [TEST_STEP][PASSED] - wild = []: null

2019-08-24 12:20:23 - [TEST_STEP][PASSED] - wild[0] = "WILD_Expanding": null

2019-08-24 12:20:23 - [TEST_STEP][PASSED] - wild[1] = "WILD_Normal": null

2019-08-24 12:20:23 - [TEST_STEP][PASSED] - wild[2] = "WILD_Double": null

2019-08-24 12:20:23 - [TEST_STEP][PASSED] - wild[3] = "WILD_ExtraFG": null

2019-08-24 12:20:25 - [TEST_STEP][PASSED] - wild[4] = "WILD_Triple": null

2019-08-24 12:20:25 - [TEST_STEP][PASSED] - wildList = Arrays.asList(wild): null

2019-08-24 12:20:25 - [TEST_STEP][PASSED] - wildList = wildList: null

2019-08-24 12:20:25 - [TEST_STEP][PASSED] - free_spin_reel_counter = []: null

2019-08-24 12:20:25 - [TEST_STEP][PASSED] - free_spin_reel_counter[0] = 0: null

2019-08-24 12:20:25 - [TEST_STEP][PASSED] - free_spin_reel_counter[1] = 0: null

2019-08-24 12:20:25 - [TEST_STEP][PASSED] - free_spin_reel_counter[2] = 0: null

2019-08-24 12:20:25 - [TEST_STEP][PASSED] - M4_spin_reels = reels: null

2019-08-24 12:20:25 - [TEST_STEP][PASSED] - for ([i = 0, i &lt; M4_spin_reels.size(), (i++)]): null

2019-08-24 12:20:25 - [TEST_STEP][PASSED] - symbols = symbols: null

2019-08-24 12:20:25 - [TEST_STEP][PASSED] - for ([j = 0, j &lt; symbols.size(), (j++)]): null

2019-08-24 12:20:25 - [TEST_STEP][PASSED] - symbol = symbol: null

2019-08-24 12:20:25 - [TEST_STEP][PASSED] - println(symbol): null

2019-08-24 12:20:25 - [TEST_STEP][PASSED] - if (i == 2 &amp;&amp; wildList.indexOf(symbol) != -1): null

2019-08-24 12:20:25 - [TEST_STEP][PASSED] - if (i == 3 &amp;&amp; wildList.indexOf(symbol) != -1): null

2019-08-24 12:20:25 - [TEST_STEP][PASSED] - if (i == 4 &amp;&amp; wildList.indexOf(symbol) != -1): null

2019-08-24 12:20:25 - [TEST_STEP][PASSED] - symbol = symbol: null

2019-08-24 12:20:25 - [TEST_STEP][PASSED] - println(symbol): null

2019-08-24 12:20:25 - [TEST_STEP][PASSED] - if (i == 2 &amp;&amp; wildList.indexOf(symbol) != -1): null

2019-08-24 12:20:25 - [TEST_STEP][PASSED] - if (i == 3 &amp;&amp; wildList.indexOf(symbol) != -1): null

2019-08-24 12:20:25 - [TEST_STEP][PASSED] - if (i == 4 &amp;&amp; wildList.indexOf(symbol) != -1): null

2019-08-24 12:20:25 - [TEST_STEP][PASSED] - symbol = symbol: null

2019-08-24 12:20:25 - [TEST_STEP][PASSED] - println(symbol): null

2019-08-24 12:20:25 - [TEST_STEP][PASSED] - if (i == 2 &amp;&amp; wildList.indexOf(symbol) != -1): null

2019-08-24 12:20:25 - [TEST_STEP][PASSED] - if (i == 3 &amp;&amp; wildList.indexOf(symbol) != -1): null

2019-08-24 12:20:25 - [TEST_STEP][PASSED] - if (i == 4 &amp;&amp; wildList.indexOf(symbol) != -1): null

2019-08-24 12:20:25 - [TEST_STEP][PASSED] - symbols = symbols: null

2019-08-24 12:20:25 - [TEST_STEP][PASSED] - for ([j = 0, j &lt; symbols.size(), (j++)]): null

2019-08-24 12:20:25 - [TEST_STEP][PASSED] - symbol = symbol: null

2019-08-24 12:20:25 - [TEST_STEP][PASSED] - println(symbol): null

2019-08-24 12:20:25 - [TEST_STEP][PASSED] - if (i == 2 &amp;&amp; wildList.indexOf(symbol) != -1): null

2019-08-24 12:20:25 - [TEST_STEP][PASSED] - if (i == 3 &amp;&amp; wildList.indexOf(symbol) != -1): null

2019-08-24 12:20:25 - [TEST_STEP][PASSED] - if (i == 4 &amp;&amp; wildList.indexOf(symbol) != -1): null

2019-08-24 12:20:25 - [TEST_STEP][PASSED] - symbol = symbol: null

2019-08-24 12:20:25 - [TEST_STEP][PASSED] - println(symbol): null

2019-08-24 12:20:25 - [TEST_STEP][PASSED] - if (i == 2 &amp;&amp; wildList.indexOf(symbol) != -1): null

2019-08-24 12:20:25 - [TEST_STEP][PASSED] - if (i == 3 &amp;&amp; wildList.indexOf(symbol) != -1): null

2019-08-24 12:20:25 - [TEST_STEP][PASSED] - if (i == 4 &amp;&amp; wildList.indexOf(symbol) != -1): null

2019-08-24 12:20:25 - [TEST_STEP][PASSED] - symbol = symbol: null

2019-08-24 12:20:25 - [TEST_STEP][PASSED] - println(symbol): null

2019-08-24 12:20:25 - [TEST_STEP][PASSED] - if (i == 2 &amp;&amp; wildList.indexOf(symbol) != -1): null

2019-08-24 12:20:25 - [TEST_STEP][PASSED] - if (i == 3 &amp;&amp; wildList.indexOf(symbol) != -1): null

2019-08-24 12:20:25 - [TEST_STEP][PASSED] - if (i == 4 &amp;&amp; wildList.indexOf(symbol) != -1): null

2019-08-24 12:20:25 - [TEST_STEP][PASSED] - symbols = symbols: null

2019-08-24 12:20:25 - [TEST_STEP][PASSED] - for ([j = 0, j &lt; symbols.size(), (j++)]): null

2019-08-24 12:20:25 - [TEST_STEP][PASSED] - symbol = symbol: null

2019-08-24 12:20:25 - [TEST_STEP][PASSED] - println(symbol): null

2019-08-24 12:20:25 - [TEST_STEP][PASSED] - if (i == 2 &amp;&amp; wildList.indexOf(symbol) != -1): null

2019-08-24 12:20:25 - [TEST_STEP][PASSED] - if (i == 3 &amp;&amp; wildList.indexOf(symbol) != -1): null

2019-08-24 12:20:25 - [TEST_STEP][PASSED] - if (i == 4 &amp;&amp; wildList.indexOf(symbol) != -1): null

2019-08-24 12:20:25 - [TEST_STEP][PASSED] - symbol = symbol: null

2019-08-24 12:20:25 - [TEST_STEP][PASSED] - println(symbol): null

2019-08-24 12:20:25 - [TEST_STEP][PASSED] - if (i == 2 &amp;&amp; wildList.indexOf(symbol) != -1): null

2019-08-24 12:20:25 - [TEST_STEP][PASSED] - if (i == 3 &amp;&amp; wildList.indexOf(symbol) != -1): null

2019-08-24 12:20:25 - [TEST_STEP][PASSED] - if (i == 4 &amp;&amp; wildList.indexOf(symbol) != -1): null

2019-08-24 12:20:25 - [TEST_STEP][PASSED] - symbol = symbol: null

2019-08-24 12:20:25 - [TEST_STEP][PASSED] - println(symbol): null

2019-08-24 12:20:25 - [TEST_STEP][PASSED] - if (i == 2 &amp;&amp; wildList.indexOf(symbol) != -1): null

2019-08-24 12:20:25 - [TEST_STEP][PASSED] - if (i == 3 &amp;&amp; wildList.indexOf(symbol) != -1): null

2019-08-24 12:20:25 - [TEST_STEP][PASSED] - if (i == 4 &amp;&amp; wildList.indexOf(symbol) != -1): null

2019-08-24 12:20:25 - [TEST_STEP][PASSED] - symbols = symbols: null

2019-08-24 12:20:25 - [TEST_STEP][PASSED] - for ([j = 0, j &lt; symbols.size(), (j++)]): null

2019-08-24 12:20:25 - [TEST_STEP][PASSED] - symbol = symbol: null

2019-08-24 12:20:26 - [TEST_STEP][PASSED] - println(symbol): null

2019-08-24 12:20:26 - [TEST_STEP][PASSED] - if (i == 2 &amp;&amp; wildList.indexOf(symbol) != -1): null

2019-08-24 12:20:26 - [TEST_STEP][PASSED] - if (i == 3 &amp;&amp; wildList.indexOf(symbol) != -1): null

2019-08-24 12:20:26 - [TEST_STEP][PASSED] - if (i == 4 &amp;&amp; wildList.indexOf(symbol) != -1): null

2019-08-24 12:20:26 - [TEST_STEP][PASSED] - symbol = symbol: null

2019-08-24 12:20:26 - [TEST_STEP][PASSED] - println(symbol): null

2019-08-24 12:20:26 - [TEST_STEP][PASSED] - if (i == 2 &amp;&amp; wildList.indexOf(symbol) != -1): null

2019-08-24 12:20:26 - [TEST_STEP][PASSED] - if (i == 3 &amp;&amp; wildList.indexOf(symbol) != -1): null

2019-08-24 12:20:26 - [TEST_STEP][PASSED] - if (i == 4 &amp;&amp; wildList.indexOf(symbol) != -1): null

2019-08-24 12:20:26 - [TEST_STEP][PASSED] - symbol = symbol: null

2019-08-24 12:20:26 - [TEST_STEP][PASSED] - println(symbol): null

2019-08-24 12:20:26 - [TEST_STEP][PASSED] - if (i == 2 &amp;&amp; wildList.indexOf(symbol) != -1): null

2019-08-24 12:20:26 - [TEST_STEP][PASSED] - if (i == 3 &amp;&amp; wildList.indexOf(symbol) != -1): null

2019-08-24 12:20:26 - [TEST_STEP][PASSED] - if (i == 4 &amp;&amp; wildList.indexOf(symbol) != -1): null

2019-08-24 12:20:26 - [TEST_STEP][PASSED] - symbols = symbols: null

2019-08-24 12:20:26 - [TEST_STEP][PASSED] - for ([j = 0, j &lt; symbols.size(), (j++)]): null

2019-08-24 12:20:26 - [TEST_STEP][PASSED] - symbol = symbol: null

2019-08-24 12:20:26 - [TEST_STEP][PASSED] - println(symbol): null

2019-08-24 12:20:26 - [TEST_STEP][PASSED] - if (i == 2 &amp;&amp; wildList.indexOf(symbol) != -1): null

2019-08-24 12:20:26 - [TEST_STEP][PASSED] - if (i == 3 &amp;&amp; wildList.indexOf(symbol) != -1): null

2019-08-24 12:20:26 - [TEST_STEP][PASSED] - if (i == 4 &amp;&amp; wildList.indexOf(symbol) != -1): null

2019-08-24 12:20:26 - [TEST_STEP][PASSED] - symbol = symbol: null

2019-08-24 12:20:26 - [TEST_STEP][PASSED] - println(symbol): null

2019-08-24 12:20:26 - [TEST_STEP][PASSED] - if (i == 2 &amp;&amp; wildList.indexOf(symbol) != -1): null

2019-08-24 12:20:26 - [TEST_STEP][PASSED] - if (i == 3 &amp;&amp; wildList.indexOf(symbol) != -1): null

2019-08-24 12:20:26 - [TEST_STEP][PASSED] - if (i == 4 &amp;&amp; wildList.indexOf(symbol) != -1): null

2019-08-24 12:20:26 - [TEST_STEP][PASSED] - symbol = symbol: null

2019-08-24 12:20:26 - [TEST_STEP][PASSED] - println(symbol): null

2019-08-24 12:20:26 - [TEST_STEP][PASSED] - if (i == 2 &amp;&amp; wildList.indexOf(symbol) != -1): null

2019-08-24 12:20:26 - [TEST_STEP][PASSED] - if (i == 3 &amp;&amp; wildList.indexOf(symbol) != -1): null

2019-08-24 12:20:26 - [TEST_STEP][PASSED] - if (i == 4 &amp;&amp; wildList.indexOf(symbol) != -1): null

2019-08-24 12:20:26 - [TEST_STEP][PASSED] - free_spin_reel_counter = free_spin_reel_counter: null

2019-08-24 12:20:26 - [TEST_STEP][PASSED] - println("reel 3 wild found: " + free_spin_reel_counter[0]): null

2019-08-24 12:20:26 - [TEST_STEP][PASSED] - println("reel 4 wild found: " + free_spin_reel_counter[1]): null

2019-08-24 12:20:26 - [TEST_STEP][PASSED] - println("reel 5 wild found: " + free_spin_reel_counter[2]): null

2019-08-24 12:20:26 - [TEST_STEP][PASSED] - M4_spin_reels = M4_spin_reels: null

2019-08-24 12:20:26 - [TEST_STEP][PASSED] - M4_spin_reels_symbols = symbol: null

2019-08-24 12:20:26 - [TEST_STEP][PASSED] - M4_spin_reels_symbols = M4_spin_reels_symbols: null

2019-08-24 12:20:26 - [TEST_STEP][PASSED] - M4_spin_reel_wins = reel_wins: null

2019-08-24 12:20:26 - [TEST_STEP][PASSED] - M4_spin_reel_wins = M4_spin_reel_wins: null

2019-08-24 12:20:26 - [TEST_STEP][PASSED] - println("GlobalVariable.M4_spin_reel_wins is: " + M4_spin_reel_wins): null

2019-08-24 12:20:26 - [TEST_STEP][PASSED] - M4_spin_total_bonus_win_this_round = total_bonus_win_this_round: null

2019-08-24 12:20:26 - [TEST_STEP][PASSED] - M4_spin_total_bonus_win_this_round = M4_spin_total_bonus_win_this_round: null

2019-08-24 12:20:26 - [TEST_STEP][PASSED] - println("GlobalVariable.M4_spin_total_bonus_win_this_round is: " + M4_spin_total_bonus_win_this_round): null

2019-08-24 12:20:26 - [TEST_STEP][PASSED] - M4_spin_bonus_spin_result = spin_result: null

2019-08-24 12:20:26 - [TEST_STEP][PASSED] - M4_spin_bonus_spin_result = M4_spin_bonus_spin_result: null

2019-08-24 12:20:26 - [MESSAGE][PASSED] - Verify response successfully

2019-08-24 12:20:26 - [MESSAGE][PASSED] - Send request and verify the response successfully

2019-08-24 12:20:26 - [TEST_STEP][PASSED] - if (M4_total_bonus_spins_int != 0 &amp;&amp; M4_spin_reels_symbols[2].contains("WILD_ExtraFG") || M4_spin_reels_symbols[3].contains("WILD_ExtraFG")): null

2019-08-24 12:20:26 - [TEST_STEP][PASSED] - free_spin_reel_counter = free_spin_reel_counter: null

2019-08-24 12:20:26 - [TEST_STEP][PASSED] - M4_spin_reels_symbols = M4_spin_reels_symbols: null

2019-08-24 12:20:26 - [TEST_STEP][PASSED] - M4_total_bonus_spins = M4_total_bonus_spins: null

2019-08-24 12:20:26 - [TEST_STEP][PASSED] - spin_result = sendRequestAndVerify(findTestObject("INT/RGS(M4)/1_M4_spin", ["M4_login_user_id":M4_login_user_id, "rgs_session_token":rgs_session_token, "partner":Partner])): Send request and verify the response successfully

2019-08-24 12:20:26 - [MESSAGE][INFO] - HAR: /Users/eiralee/Katalon_Script/SuperWild/Reports/20190824_120919/INT/superWild_3/20190824_120919/requests/main/185.har

2019-08-24 12:20:26 - [TEST_CASE][PASSED] - Start Test Case : Verification: Verification accomplished successfully

2019-08-24 12:20:26 - [TEST_STEP][PASSED] - request = getInstance().getCurrentRequest(): null

2019-08-24 12:20:26 - [TEST_STEP][PASSED] - response = getInstance().getCurrentResponse(): null

2019-08-24 12:20:26 - [TEST_STEP][PASSED] - verifyResponseStatusCode(response, 200): Verify response status code successfully

2019-08-24 12:20:26 - [MESSAGE][PASSED] - Verify response status code successfully

2019-08-24 12:20:26 - [TEST_STEP][PASSED] - getStatusCode()).isEqualTo(200): null

2019-08-24 12:20:26 - [TEST_STEP][PASSED] - newline = System.getProperty("line.separator"): null

2019-08-24 12:20:26 - [TEST_STEP][PASSED] - M4_spin = new groovy.json.JsonSlurper(): null

2019-08-24 12:20:26 - [TEST_STEP][PASSED] - result_M4_spin = M4_spin.parseText(response.getResponseBodyContent()): null

2019-08-24 12:20:26 - [TEST_STEP][PASSED] - M4_spin_current_balance = current_balance: null

2019-08-24 12:20:26 - [TEST_STEP][PASSED] - M4_spin_current_balance = M4_spin_current_balance: null

2019-08-24 12:20:26 - [TEST_STEP][PASSED] - M4_spin_transaction_id = causality: null

2019-08-24 12:20:26 - [TEST_STEP][PASSED] - M4_spin_transaction_id = M4_spin_transaction_id: null

2019-08-24 12:20:26 - [TEST_STEP][PASSED] - M4_spin_round_id = round_id: null

2019-08-24 12:20:26 - [TEST_STEP][PASSED] - M4_spin_round_id = M4_spin_round_id: null

2019-08-24 12:20:26 - [TEST_STEP][PASSED] - M4_spin_line_wins = line_wins: null

2019-08-24 12:20:26 - [TEST_STEP][PASSED] - M4_spin_line_wins = M4_spin_line_wins: null

2019-08-24 12:20:26 - [TEST_STEP][PASSED] - M4_total_bonus_spins_int = total_bonus_spins: null

2019-08-24 12:20:26 - [TEST_STEP][PASSED] - println("******M4_total_bonus_spins type is:*******" + newline + getClass().getName()): null

2019-08-24 12:20:26 - [TEST_STEP][PASSED] - M4_total_bonus_spins_int = M4_total_bonus_spins_int: null

2019-08-24 12:20:26 - [TEST_STEP][PASSED] - M4_total_bonus_spins = Integer.toString(M4_total_bonus_spins_int): null

2019-08-24 12:20:26 - [TEST_STEP][PASSED] - M4_total_bonus_spins = M4_total_bonus_spins: null

2019-08-24 12:20:26 - [TEST_STEP][PASSED] - println("M4_total_bonus_spins is:" + M4_total_bonus_spins): null

2019-08-24 12:20:26 - [TEST_STEP][PASSED] - M4_spin_bonus_data = bonus_data: null

2019-08-24 12:20:26 - [TEST_STEP][PASSED] - M4_spin_features_triggered = result_M4_spin: null

2019-08-24 12:20:26 - [TEST_STEP][PASSED] - wild = []: null

2019-08-24 12:20:26 - [TEST_STEP][PASSED] - wild[0] = "WILD_Expanding": null

2019-08-24 12:20:26 - [TEST_STEP][PASSED] - wild[1] = "WILD_Normal": null

2019-08-24 12:20:26 - [TEST_STEP][PASSED] - wild[2] = "WILD_Double": null

2019-08-24 12:20:26 - [TEST_STEP][PASSED] - wild[3] = "WILD_ExtraFG": null

2019-08-24 12:20:26 - [TEST_STEP][PASSED] - wild[4] = "WILD_Triple": null

2019-08-24 12:20:26 - [TEST_STEP][PASSED] - wildList = Arrays.asList(wild): null

2019-08-24 12:20:26 - [TEST_STEP][PASSED] - wildList = wildList: null

2019-08-24 12:20:26 - [TEST_STEP][PASSED] - free_spin_reel_counter = []: null

2019-08-24 12:20:26 - [TEST_STEP][PASSED] - free_spin_reel_counter[0] = 0: null

2019-08-24 12:20:26 - [TEST_STEP][PASSED] - free_spin_reel_counter[1] = 0: null

2019-08-24 12:20:26 - [TEST_STEP][PASSED] - free_spin_reel_counter[2] = 0: null

2019-08-24 12:20:26 - [TEST_STEP][PASSED] - M4_spin_reels = reels: null

2019-08-24 12:20:26 - [TEST_STEP][PASSED] - for ([i = 0, i &lt; M4_spin_reels.size(), (i++)]): null

2019-08-24 12:20:26 - [TEST_STEP][PASSED] - symbols = symbols: null

2019-08-24 12:20:26 - [TEST_STEP][PASSED] - for ([j = 0, j &lt; symbols.size(), (j++)]): null

2019-08-24 12:20:26 - [TEST_STEP][PASSED] - symbol = symbol: null

2019-08-24 12:20:26 - [TEST_STEP][PASSED] - println(symbol): null

2019-08-24 12:20:26 - [TEST_STEP][PASSED] - if (i == 2 &amp;&amp; wildList.indexOf(symbol) != -1): null

2019-08-24 12:20:26 - [TEST_STEP][PASSED] - if (i == 3 &amp;&amp; wildList.indexOf(symbol) != -1): null

2019-08-24 12:20:26 - [TEST_STEP][PASSED] - if (i == 4 &amp;&amp; wildList.indexOf(symbol) != -1): null

2019-08-24 12:20:26 - [TEST_STEP][PASSED] - symbol = symbol: null

2019-08-24 12:20:26 - [TEST_STEP][PASSED] - println(symbol): null

2019-08-24 12:20:26 - [TEST_STEP][PASSED] - if (i == 2 &amp;&amp; wildList.indexOf(symbol) != -1): null

2019-08-24 12:20:26 - [TEST_STEP][PASSED] - if (i == 3 &amp;&amp; wildList.indexOf(symbol) != -1): null

2019-08-24 12:20:26 - [TEST_STEP][PASSED] - if (i == 4 &amp;&amp; wildList.indexOf(symbol) != -1): null

2019-08-24 12:20:26 - [TEST_STEP][PASSED] - symbol = symbol: null

2019-08-24 12:20:26 - [TEST_STEP][PASSED] - println(symbol): null

2019-08-24 12:20:26 - [TEST_STEP][PASSED] - if (i == 2 &amp;&amp; wildList.indexOf(symbol) != -1): null

2019-08-24 12:20:26 - [TEST_STEP][PASSED] - if (i == 3 &amp;&amp; wildList.indexOf(symbol) != -1): null

2019-08-24 12:20:26 - [TEST_STEP][PASSED] - if (i == 4 &amp;&amp; wildList.indexOf(symbol) != -1): null

2019-08-24 12:20:26 - [TEST_STEP][PASSED] - symbols = symbols: null

2019-08-24 12:20:26 - [TEST_STEP][PASSED] - for ([j = 0, j &lt; symbols.size(), (j++)]): null

2019-08-24 12:20:26 - [TEST_STEP][PASSED] - symbol = symbol: null

2019-08-24 12:20:26 - [TEST_STEP][PASSED] - println(symbol): null

2019-08-24 12:20:26 - [TEST_STEP][PASSED] - if (i == 2 &amp;&amp; wildList.indexOf(symbol) != -1): null

2019-08-24 12:20:26 - [TEST_STEP][PASSED] - if (i == 3 &amp;&amp; wildList.indexOf(symbol) != -1): null

2019-08-24 12:20:26 - [TEST_STEP][PASSED] - if (i == 4 &amp;&amp; wildList.indexOf(symbol) != -1): null

2019-08-24 12:20:26 - [TEST_STEP][PASSED] - symbol = symbol: null

2019-08-24 12:20:26 - [TEST_STEP][PASSED] - println(symbol): null

2019-08-24 12:20:26 - [TEST_STEP][PASSED] - if (i == 2 &amp;&amp; wildList.indexOf(symbol) != -1): null

2019-08-24 12:20:26 - [TEST_STEP][PASSED] - if (i == 3 &amp;&amp; wildList.indexOf(symbol) != -1): null

2019-08-24 12:20:26 - [TEST_STEP][PASSED] - if (i == 4 &amp;&amp; wildList.indexOf(symbol) != -1): null

2019-08-24 12:20:26 - [TEST_STEP][PASSED] - symbol = symbol: null

2019-08-24 12:20:26 - [TEST_STEP][PASSED] - println(symbol): null

2019-08-24 12:20:26 - [TEST_STEP][PASSED] - if (i == 2 &amp;&amp; wildList.indexOf(symbol) != -1): null

2019-08-24 12:20:26 - [TEST_STEP][PASSED] - if (i == 3 &amp;&amp; wildList.indexOf(symbol) != -1): null

2019-08-24 12:20:26 - [TEST_STEP][PASSED] - if (i == 4 &amp;&amp; wildList.indexOf(symbol) != -1): null

2019-08-24 12:20:26 - [TEST_STEP][PASSED] - symbols = symbols: null

2019-08-24 12:20:26 - [TEST_STEP][PASSED] - for ([j = 0, j &lt; symbols.size(), (j++)]): null

2019-08-24 12:20:26 - [TEST_STEP][PASSED] - symbol = symbol: null

2019-08-24 12:20:26 - [TEST_STEP][PASSED] - println(symbol): null

2019-08-24 12:20:26 - [TEST_STEP][PASSED] - if (i == 2 &amp;&amp; wildList.indexOf(symbol) != -1): null

2019-08-24 12:20:26 - [TEST_STEP][PASSED] - if (i == 3 &amp;&amp; wildList.indexOf(symbol) != -1): null

2019-08-24 12:20:26 - [TEST_STEP][PASSED] - if (i == 4 &amp;&amp; wildList.indexOf(symbol) != -1): null

2019-08-24 12:20:26 - [TEST_STEP][PASSED] - symbol = symbol: null

2019-08-24 12:20:26 - [TEST_STEP][PASSED] - println(symbol): null

2019-08-24 12:20:26 - [TEST_STEP][PASSED] - if (i == 2 &amp;&amp; wildList.indexOf(symbol) != -1): null

2019-08-24 12:20:26 - [TEST_STEP][PASSED] - if (i == 3 &amp;&amp; wildList.indexOf(symbol) != -1): null

2019-08-24 12:20:26 - [TEST_STEP][PASSED] - if (i == 4 &amp;&amp; wildList.indexOf(symbol) != -1): null

2019-08-24 12:20:26 - [TEST_STEP][PASSED] - symbol = symbol: null

2019-08-24 12:20:26 - [TEST_STEP][PASSED] - println(symbol): null

2019-08-24 12:20:26 - [TEST_STEP][PASSED] - if (i == 2 &amp;&amp; wildList.indexOf(symbol) != -1): null

2019-08-24 12:20:26 - [TEST_STEP][PASSED] - println("wild found on reel 3, adding counter by 1"): null

2019-08-24 12:20:26 - [TEST_STEP][PASSED] - free_spin_reel_counter[0] = free_spin_reel_counter[0] + 1: null

2019-08-24 12:20:26 - [TEST_STEP][PASSED] - if (i == 3 &amp;&amp; wildList.indexOf(symbol) != -1): null

2019-08-24 12:20:26 - [TEST_STEP][PASSED] - if (i == 4 &amp;&amp; wildList.indexOf(symbol) != -1): null

2019-08-24 12:20:26 - [TEST_STEP][PASSED] - symbols = symbols: null

2019-08-24 12:20:26 - [TEST_STEP][PASSED] - for ([j = 0, j &lt; symbols.size(), (j++)]): null

2019-08-24 12:20:26 - [TEST_STEP][PASSED] - symbol = symbol: null

2019-08-24 12:20:26 - [TEST_STEP][PASSED] - println(symbol): null

2019-08-24 12:20:26 - [TEST_STEP][PASSED] - if (i == 2 &amp;&amp; wildList.indexOf(symbol) != -1): null

2019-08-24 12:20:26 - [TEST_STEP][PASSED] - if (i == 3 &amp;&amp; wildList.indexOf(symbol) != -1): null

2019-08-24 12:20:26 - [TEST_STEP][PASSED] - if (i == 4 &amp;&amp; wildList.indexOf(symbol) != -1): null

2019-08-24 12:20:26 - [TEST_STEP][PASSED] - symbol = symbol: null

2019-08-24 12:20:26 - [TEST_STEP][PASSED] - println(symbol): null

2019-08-24 12:20:26 - [TEST_STEP][PASSED] - if (i == 2 &amp;&amp; wildList.indexOf(symbol) != -1): null

2019-08-24 12:20:26 - [TEST_STEP][PASSED] - if (i == 3 &amp;&amp; wildList.indexOf(symbol) != -1): null

2019-08-24 12:20:26 - [TEST_STEP][PASSED] - if (i == 4 &amp;&amp; wildList.indexOf(symbol) != -1): null

2019-08-24 12:20:26 - [TEST_STEP][PASSED] - symbol = symbol: null

2019-08-24 12:20:26 - [TEST_STEP][PASSED] - println(symbol): null

2019-08-24 12:20:26 - [TEST_STEP][PASSED] - if (i == 2 &amp;&amp; wildList.indexOf(symbol) != -1): null

2019-08-24 12:20:26 - [TEST_STEP][PASSED] - if (i == 3 &amp;&amp; wildList.indexOf(symbol) != -1): null

2019-08-24 12:20:26 - [TEST_STEP][PASSED] - if (i == 4 &amp;&amp; wildList.indexOf(symbol) != -1): null

2019-08-24 12:20:26 - [TEST_STEP][PASSED] - symbols = symbols: null

2019-08-24 12:20:26 - [TEST_STEP][PASSED] - for ([j = 0, j &lt; symbols.size(), (j++)]): null

2019-08-24 12:20:26 - [TEST_STEP][PASSED] - symbol = symbol: null

2019-08-24 12:20:26 - [TEST_STEP][PASSED] - println(symbol): null

2019-08-24 12:20:26 - [TEST_STEP][PASSED] - if (i == 2 &amp;&amp; wildList.indexOf(symbol) != -1): null

2019-08-24 12:20:26 - [TEST_STEP][PASSED] - if (i == 3 &amp;&amp; wildList.indexOf(symbol) != -1): null

2019-08-24 12:20:26 - [TEST_STEP][PASSED] - if (i == 4 &amp;&amp; wildList.indexOf(symbol) != -1): null

2019-08-24 12:20:26 - [TEST_STEP][PASSED] - symbol = symbol: null

2019-08-24 12:20:26 - [TEST_STEP][PASSED] - println(symbol): null

2019-08-24 12:20:26 - [TEST_STEP][PASSED] - if (i == 2 &amp;&amp; wildList.indexOf(symbol) != -1): null

2019-08-24 12:20:26 - [TEST_STEP][PASSED] - if (i == 3 &amp;&amp; wildList.indexOf(symbol) != -1): null

2019-08-24 12:20:26 - [TEST_STEP][PASSED] - if (i == 4 &amp;&amp; wildList.indexOf(symbol) != -1): null

2019-08-24 12:20:26 - [TEST_STEP][PASSED] - symbol = symbol: null

2019-08-24 12:20:26 - [TEST_STEP][PASSED] - println(symbol): null

2019-08-24 12:20:26 - [TEST_STEP][PASSED] - if (i == 2 &amp;&amp; wildList.indexOf(symbol) != -1): null

2019-08-24 12:20:26 - [TEST_STEP][PASSED] - if (i == 3 &amp;&amp; wildList.indexOf(symbol) != -1): null

2019-08-24 12:20:26 - [TEST_STEP][PASSED] - if (i == 4 &amp;&amp; wildList.indexOf(symbol) != -1): null

2019-08-24 12:20:26 - [TEST_STEP][PASSED] - free_spin_reel_counter = free_spin_reel_counter: null

2019-08-24 12:20:26 - [TEST_STEP][PASSED] - println("reel 3 wild found: " + free_spin_reel_counter[0]): null

2019-08-24 12:20:26 - [TEST_STEP][PASSED] - println("reel 4 wild found: " + free_spin_reel_counter[1]): null

2019-08-24 12:20:26 - [TEST_STEP][PASSED] - println("reel 5 wild found: " + free_spin_reel_counter[2]): null

2019-08-24 12:20:26 - [TEST_STEP][PASSED] - M4_spin_reels = M4_spin_reels: null

2019-08-24 12:20:26 - [TEST_STEP][PASSED] - M4_spin_reels_symbols = symbol: null

2019-08-24 12:20:26 - [TEST_STEP][PASSED] - M4_spin_reels_symbols = M4_spin_reels_symbols: null

2019-08-24 12:20:26 - [TEST_STEP][PASSED] - M4_spin_reel_wins = reel_wins: null

2019-08-24 12:20:26 - [TEST_STEP][PASSED] - M4_spin_reel_wins = M4_spin_reel_wins: null

2019-08-24 12:20:26 - [TEST_STEP][PASSED] - println("GlobalVariable.M4_spin_reel_wins is: " + M4_spin_reel_wins): null

2019-08-24 12:20:26 - [TEST_STEP][PASSED] - M4_spin_total_bonus_win_this_round = total_bonus_win_this_round: null

2019-08-24 12:20:26 - [TEST_STEP][PASSED] - M4_spin_total_bonus_win_this_round = M4_spin_total_bonus_win_this_round: null

2019-08-24 12:20:26 - [TEST_STEP][PASSED] - println("GlobalVariable.M4_spin_total_bonus_win_this_round is: " + M4_spin_total_bonus_win_this_round): null

2019-08-24 12:20:26 - [TEST_STEP][PASSED] - M4_spin_bonus_spin_result = spin_result: null

2019-08-24 12:20:26 - [TEST_STEP][PASSED] - M4_spin_bonus_spin_result = M4_spin_bonus_spin_result: null

2019-08-24 12:20:26 - [MESSAGE][PASSED] - Verify response successfully

2019-08-24 12:20:26 - [MESSAGE][PASSED] - Send request and verify the response successfully

2019-08-24 12:20:26 - [TEST_STEP][PASSED] - if (M4_total_bonus_spins_int != 0 &amp;&amp; M4_spin_reels_symbols[2].contains("WILD_ExtraFG") || M4_spin_reels_symbols[3].contains("WILD_ExtraFG")): null

2019-08-24 12:20:26 - [TEST_STEP][PASSED] - free_spin_reel_counter = free_spin_reel_counter: null

2019-08-24 12:20:26 - [TEST_STEP][PASSED] - M4_spin_reels_symbols = M4_spin_reels_symbols: null

2019-08-24 12:20:26 - [TEST_STEP][PASSED] - M4_total_bonus_spins = M4_total_bonus_spins: null

2019-08-24 12:20:26 - [TEST_STEP][PASSED] - spin_result = sendRequestAndVerify(findTestObject("INT/RGS(M4)/1_M4_spin", ["M4_login_user_id":M4_login_user_id, "rgs_session_token":rgs_session_token, "partner":Partner])): Send request and verify the response successfully

2019-08-24 12:20:27 - [MESSAGE][INFO] - HAR: /Users/eiralee/Katalon_Script/SuperWild/Reports/20190824_120919/INT/superWild_3/20190824_120919/requests/main/186.har

2019-08-24 12:20:27 - [TEST_CASE][PASSED] - Start Test Case : Verification: Verification accomplished successfully

2019-08-24 12:20:27 - [TEST_STEP][PASSED] - request = getInstance().getCurrentRequest(): null

2019-08-24 12:20:27 - [TEST_STEP][PASSED] - response = getInstance().getCurrentResponse(): null

2019-08-24 12:20:27 - [TEST_STEP][PASSED] - verifyResponseStatusCode(response, 200): Verify response status code successfully

2019-08-24 12:20:27 - [MESSAGE][PASSED] - Verify response status code successfully

2019-08-24 12:20:27 - [TEST_STEP][PASSED] - getStatusCode()).isEqualTo(200): null

2019-08-24 12:20:27 - [TEST_STEP][PASSED] - newline = System.getProperty("line.separator"): null

2019-08-24 12:20:27 - [TEST_STEP][PASSED] - M4_spin = new groovy.json.JsonSlurper(): null

2019-08-24 12:20:27 - [TEST_STEP][PASSED] - result_M4_spin = M4_spin.parseText(response.getResponseBodyContent()): null

2019-08-24 12:20:27 - [TEST_STEP][PASSED] - M4_spin_current_balance = current_balance: null

2019-08-24 12:20:27 - [TEST_STEP][PASSED] - M4_spin_current_balance = M4_spin_current_balance: null

2019-08-24 12:20:27 - [TEST_STEP][PASSED] - M4_spin_transaction_id = causality: null

2019-08-24 12:20:27 - [TEST_STEP][PASSED] - M4_spin_transaction_id = M4_spin_transaction_id: null

2019-08-24 12:20:27 - [TEST_STEP][PASSED] - M4_spin_round_id = round_id: null

2019-08-24 12:20:27 - [TEST_STEP][PASSED] - M4_spin_round_id = M4_spin_round_id: null

2019-08-24 12:20:27 - [TEST_STEP][PASSED] - M4_spin_line_wins = line_wins: null

2019-08-24 12:20:27 - [TEST_STEP][PASSED] - M4_spin_line_wins = M4_spin_line_wins: null

2019-08-24 12:20:27 - [TEST_STEP][PASSED] - M4_total_bonus_spins_int = total_bonus_spins: null

2019-08-24 12:20:27 - [TEST_STEP][PASSED] - println("******M4_total_bonus_spins type is:*******" + newline + getClass().getName()): null

2019-08-24 12:20:27 - [TEST_STEP][PASSED] - M4_total_bonus_spins_int = M4_total_bonus_spins_int: null

2019-08-24 12:20:27 - [TEST_STEP][PASSED] - M4_total_bonus_spins = Integer.toString(M4_total_bonus_spins_int): null

2019-08-24 12:20:27 - [TEST_STEP][PASSED] - M4_total_bonus_spins = M4_total_bonus_spins: null

2019-08-24 12:20:27 - [TEST_STEP][PASSED] - println("M4_total_bonus_spins is:" + M4_total_bonus_spins): null

2019-08-24 12:20:27 - [TEST_STEP][PASSED] - M4_spin_bonus_data = bonus_data: null

2019-08-24 12:20:27 - [TEST_STEP][PASSED] - M4_spin_features_triggered = result_M4_spin: null

2019-08-24 12:20:27 - [TEST_STEP][PASSED] - wild = []: null

2019-08-24 12:20:27 - [TEST_STEP][PASSED] - wild[0] = "WILD_Expanding": null

2019-08-24 12:20:27 - [TEST_STEP][PASSED] - wild[1] = "WILD_Normal": null

2019-08-24 12:20:27 - [TEST_STEP][PASSED] - wild[2] = "WILD_Double": null

2019-08-24 12:20:27 - [TEST_STEP][PASSED] - wild[3] = "WILD_ExtraFG": null

2019-08-24 12:20:27 - [TEST_STEP][PASSED] - wild[4] = "WILD_Triple": null

2019-08-24 12:20:27 - [TEST_STEP][PASSED] - wildList = Arrays.asList(wild): null

2019-08-24 12:20:27 - [TEST_STEP][PASSED] - wildList = wildList: null

2019-08-24 12:20:27 - [TEST_STEP][PASSED] - free_spin_reel_counter = []: null

2019-08-24 12:20:27 - [TEST_STEP][PASSED] - free_spin_reel_counter[0] = 0: null

2019-08-24 12:20:27 - [TEST_STEP][PASSED] - free_spin_reel_counter[1] = 0: null

2019-08-24 12:20:27 - [TEST_STEP][PASSED] - free_spin_reel_counter[2] = 0: null

2019-08-24 12:20:27 - [TEST_STEP][PASSED] - M4_spin_reels = reels: null

2019-08-24 12:20:27 - [TEST_STEP][PASSED] - for ([i = 0, i &lt; M4_spin_reels.size(), (i++)]): null

2019-08-24 12:20:27 - [TEST_STEP][PASSED] - symbols = symbols: null

2019-08-24 12:20:27 - [TEST_STEP][PASSED] - for ([j = 0, j &lt; symbols.size(), (j++)]): null

2019-08-24 12:20:27 - [TEST_STEP][PASSED] - symbol = symbol: null

2019-08-24 12:20:27 - [TEST_STEP][PASSED] - println(symbol): null

2019-08-24 12:20:27 - [TEST_STEP][PASSED] - if (i == 2 &amp;&amp; wildList.indexOf(symbol) != -1): null

2019-08-24 12:20:27 - [TEST_STEP][PASSED] - if (i == 3 &amp;&amp; wildList.indexOf(symbol) != -1): null

2019-08-24 12:20:27 - [TEST_STEP][PASSED] - if (i == 4 &amp;&amp; wildList.indexOf(symbol) != -1): null

2019-08-24 12:20:27 - [TEST_STEP][PASSED] - symbol = symbol: null

2019-08-24 12:20:27 - [TEST_STEP][PASSED] - println(symbol): null

2019-08-24 12:20:27 - [TEST_STEP][PASSED] - if (i == 2 &amp;&amp; wildList.indexOf(symbol) != -1): null

2019-08-24 12:20:27 - [TEST_STEP][PASSED] - if (i == 3 &amp;&amp; wildList.indexOf(symbol) != -1): null

2019-08-24 12:20:27 - [TEST_STEP][PASSED] - if (i == 4 &amp;&amp; wildList.indexOf(symbol) != -1): null

2019-08-24 12:20:27 - [TEST_STEP][PASSED] - symbol = symbol: null

2019-08-24 12:20:27 - [TEST_STEP][PASSED] - println(symbol): null

2019-08-24 12:20:27 - [TEST_STEP][PASSED] - if (i == 2 &amp;&amp; wildList.indexOf(symbol) != -1): null

2019-08-24 12:20:27 - [TEST_STEP][PASSED] - if (i == 3 &amp;&amp; wildList.indexOf(symbol) != -1): null

2019-08-24 12:20:27 - [TEST_STEP][PASSED] - if (i == 4 &amp;&amp; wildList.indexOf(symbol) != -1): null

2019-08-24 12:20:27 - [TEST_STEP][PASSED] - symbols = symbols: null

2019-08-24 12:20:27 - [TEST_STEP][PASSED] - for ([j = 0, j &lt; symbols.size(), (j++)]): null

2019-08-24 12:20:27 - [TEST_STEP][PASSED] - symbol = symbol: null

2019-08-24 12:20:31 - [TEST_STEP][PASSED] - println(symbol): null

2019-08-24 12:20:31 - [TEST_STEP][PASSED] - if (i == 2 &amp;&amp; wildList.indexOf(symbol) != -1): null

2019-08-24 12:20:31 - [TEST_STEP][PASSED] - if (i == 3 &amp;&amp; wildList.indexOf(symbol) != -1): null

2019-08-24 12:20:31 - [TEST_STEP][PASSED] - if (i == 4 &amp;&amp; wildList.indexOf(symbol) != -1): null

2019-08-24 12:20:31 - [TEST_STEP][PASSED] - symbol = symbol: null

2019-08-24 12:20:31 - [TEST_STEP][PASSED] - println(symbol): null

2019-08-24 12:20:31 - [TEST_STEP][PASSED] - if (i == 2 &amp;&amp; wildList.indexOf(symbol) != -1): null

2019-08-24 12:20:31 - [TEST_STEP][PASSED] - if (i == 3 &amp;&amp; wildList.indexOf(symbol) != -1): null

2019-08-24 12:20:31 - [TEST_STEP][PASSED] - if (i == 4 &amp;&amp; wildList.indexOf(symbol) != -1): null

2019-08-24 12:20:31 - [TEST_STEP][PASSED] - symbol = symbol: null

2019-08-24 12:20:34 - [TEST_STEP][PASSED] - println(symbol): null

2019-08-24 12:20:34 - [TEST_STEP][PASSED] - if (i == 2 &amp;&amp; wildList.indexOf(symbol) != -1): null

2019-08-24 12:20:34 - [TEST_STEP][PASSED] - if (i == 3 &amp;&amp; wildList.indexOf(symbol) != -1): null

2019-08-24 12:20:34 - [TEST_STEP][PASSED] - if (i == 4 &amp;&amp; wildList.indexOf(symbol) != -1): null

2019-08-24 12:20:34 - [TEST_STEP][PASSED] - symbols = symbols: null

2019-08-24 12:20:34 - [TEST_STEP][PASSED] - for ([j = 0, j &lt; symbols.size(), (j++)]): null

2019-08-24 12:20:34 - [TEST_STEP][PASSED] - symbol = symbol: null

2019-08-24 12:20:34 - [TEST_STEP][PASSED] - println(symbol): null

2019-08-24 12:20:34 - [TEST_STEP][PASSED] - if (i == 2 &amp;&amp; wildList.indexOf(symbol) != -1): null

2019-08-24 12:20:34 - [TEST_STEP][PASSED] - if (i == 3 &amp;&amp; wildList.indexOf(symbol) != -1): null

2019-08-24 12:20:34 - [TEST_STEP][PASSED] - if (i == 4 &amp;&amp; wildList.indexOf(symbol) != -1): null

2019-08-24 12:20:34 - [TEST_STEP][PASSED] - symbol = symbol: null

2019-08-24 12:20:34 - [TEST_STEP][PASSED] - println(symbol): null

2019-08-24 12:20:34 - [TEST_STEP][PASSED] - if (i == 2 &amp;&amp; wildList.indexOf(symbol) != -1): null

2019-08-24 12:20:34 - [TEST_STEP][PASSED] - if (i == 3 &amp;&amp; wildList.indexOf(symbol) != -1): null

2019-08-24 12:20:34 - [TEST_STEP][PASSED] - if (i == 4 &amp;&amp; wildList.indexOf(symbol) != -1): null

2019-08-24 12:20:34 - [TEST_STEP][PASSED] - symbol = symbol: null

2019-08-24 12:20:34 - [TEST_STEP][PASSED] - println(symbol): null

2019-08-24 12:20:34 - [TEST_STEP][PASSED] - if (i == 2 &amp;&amp; wildList.indexOf(symbol) != -1): null

2019-08-24 12:20:34 - [TEST_STEP][PASSED] - if (i == 3 &amp;&amp; wildList.indexOf(symbol) != -1): null

2019-08-24 12:20:34 - [TEST_STEP][PASSED] - if (i == 4 &amp;&amp; wildList.indexOf(symbol) != -1): null

2019-08-24 12:20:34 - [TEST_STEP][PASSED] - symbols = symbols: null

2019-08-24 12:20:34 - [TEST_STEP][PASSED] - for ([j = 0, j &lt; symbols.size(), (j++)]): null

2019-08-24 12:20:34 - [TEST_STEP][PASSED] - symbol = symbol: null

2019-08-24 12:20:34 - [TEST_STEP][PASSED] - println(symbol): null

2019-08-24 12:20:34 - [TEST_STEP][PASSED] - if (i == 2 &amp;&amp; wildList.indexOf(symbol) != -1): null

2019-08-24 12:20:34 - [TEST_STEP][PASSED] - if (i == 3 &amp;&amp; wildList.indexOf(symbol) != -1): null

2019-08-24 12:20:34 - [TEST_STEP][PASSED] - if (i == 4 &amp;&amp; wildList.indexOf(symbol) != -1): null

2019-08-24 12:20:34 - [TEST_STEP][PASSED] - symbol = symbol: null

2019-08-24 12:20:34 - [TEST_STEP][PASSED] - println(symbol): null

2019-08-24 12:20:34 - [TEST_STEP][PASSED] - if (i == 2 &amp;&amp; wildList.indexOf(symbol) != -1): null

2019-08-24 12:20:34 - [TEST_STEP][PASSED] - if (i == 3 &amp;&amp; wildList.indexOf(symbol) != -1): null

2019-08-24 12:20:34 - [TEST_STEP][PASSED] - if (i == 4 &amp;&amp; wildList.indexOf(symbol) != -1): null

2019-08-24 12:20:34 - [TEST_STEP][PASSED] - symbol = symbol: null

2019-08-24 12:20:34 - [TEST_STEP][PASSED] - println(symbol): null

2019-08-24 12:20:34 - [TEST_STEP][PASSED] - if (i == 2 &amp;&amp; wildList.indexOf(symbol) != -1): null

2019-08-24 12:20:34 - [TEST_STEP][PASSED] - if (i == 3 &amp;&amp; wildList.indexOf(symbol) != -1): null

2019-08-24 12:20:34 - [TEST_STEP][PASSED] - if (i == 4 &amp;&amp; wildList.indexOf(symbol) != -1): null

2019-08-24 12:20:34 - [TEST_STEP][PASSED] - symbols = symbols: null

2019-08-24 12:20:34 - [TEST_STEP][PASSED] - for ([j = 0, j &lt; symbols.size(), (j++)]): null

2019-08-24 12:20:34 - [TEST_STEP][PASSED] - symbol = symbol: null

2019-08-24 12:20:34 - [TEST_STEP][PASSED] - println(symbol): null

2019-08-24 12:20:34 - [TEST_STEP][PASSED] - if (i == 2 &amp;&amp; wildList.indexOf(symbol) != -1): null

2019-08-24 12:20:34 - [TEST_STEP][PASSED] - if (i == 3 &amp;&amp; wildList.indexOf(symbol) != -1): null

2019-08-24 12:20:34 - [TEST_STEP][PASSED] - if (i == 4 &amp;&amp; wildList.indexOf(symbol) != -1): null

2019-08-24 12:20:34 - [TEST_STEP][PASSED] - symbol = symbol: null

2019-08-24 12:20:34 - [TEST_STEP][PASSED] - println(symbol): null

2019-08-24 12:20:34 - [TEST_STEP][PASSED] - if (i == 2 &amp;&amp; wildList.indexOf(symbol) != -1): null

2019-08-24 12:20:34 - [TEST_STEP][PASSED] - if (i == 3 &amp;&amp; wildList.indexOf(symbol) != -1): null

2019-08-24 12:20:34 - [TEST_STEP][PASSED] - if (i == 4 &amp;&amp; wildList.indexOf(symbol) != -1): null

2019-08-24 12:20:34 - [TEST_STEP][PASSED] - symbol = symbol: null

2019-08-24 12:20:34 - [TEST_STEP][PASSED] - println(symbol): null

2019-08-24 12:20:34 - [TEST_STEP][PASSED] - if (i == 2 &amp;&amp; wildList.indexOf(symbol) != -1): null

2019-08-24 12:20:34 - [TEST_STEP][PASSED] - if (i == 3 &amp;&amp; wildList.indexOf(symbol) != -1): null

2019-08-24 12:20:34 - [TEST_STEP][PASSED] - if (i == 4 &amp;&amp; wildList.indexOf(symbol) != -1): null

2019-08-24 12:20:34 - [TEST_STEP][PASSED] - free_spin_reel_counter = free_spin_reel_counter: null

2019-08-24 12:20:34 - [TEST_STEP][PASSED] - println("reel 3 wild found: " + free_spin_reel_counter[0]): null

2019-08-24 12:20:34 - [TEST_STEP][PASSED] - println("reel 4 wild found: " + free_spin_reel_counter[1]): null

2019-08-24 12:20:34 - [TEST_STEP][PASSED] - println("reel 5 wild found: " + free_spin_reel_counter[2]): null

2019-08-24 12:20:34 - [TEST_STEP][PASSED] - M4_spin_reels = M4_spin_reels: null

2019-08-24 12:20:34 - [TEST_STEP][PASSED] - M4_spin_reels_symbols = symbol: null

2019-08-24 12:20:34 - [TEST_STEP][PASSED] - M4_spin_reels_symbols = M4_spin_reels_symbols: null

2019-08-24 12:20:34 - [TEST_STEP][PASSED] - M4_spin_reel_wins = reel_wins: null

2019-08-24 12:20:34 - [TEST_STEP][PASSED] - M4_spin_reel_wins = M4_spin_reel_wins: null

2019-08-24 12:20:34 - [TEST_STEP][PASSED] - println("GlobalVariable.M4_spin_reel_wins is: " + M4_spin_reel_wins): null

2019-08-24 12:20:34 - [TEST_STEP][PASSED] - M4_spin_total_bonus_win_this_round = total_bonus_win_this_round: null

2019-08-24 12:20:34 - [TEST_STEP][PASSED] - M4_spin_total_bonus_win_this_round = M4_spin_total_bonus_win_this_round: null

2019-08-24 12:20:34 - [TEST_STEP][PASSED] - println("GlobalVariable.M4_spin_total_bonus_win_this_round is: " + M4_spin_total_bonus_win_this_round): null

2019-08-24 12:20:34 - [TEST_STEP][PASSED] - M4_spin_bonus_spin_result = spin_result: null

2019-08-24 12:20:34 - [TEST_STEP][PASSED] - M4_spin_bonus_spin_result = M4_spin_bonus_spin_result: null

2019-08-24 12:20:34 - [MESSAGE][PASSED] - Verify response successfully

2019-08-24 12:20:34 - [MESSAGE][PASSED] - Send request and verify the response successfully

2019-08-24 12:20:34 - [TEST_STEP][PASSED] - if (M4_total_bonus_spins_int != 0 &amp;&amp; M4_spin_reels_symbols[2].contains("WILD_ExtraFG") || M4_spin_reels_symbols[3].contains("WILD_ExtraFG")): null

2019-08-24 12:20:34 - [TEST_STEP][PASSED] - free_spin_reel_counter = free_spin_reel_counter: null

2019-08-24 12:20:34 - [TEST_STEP][PASSED] - M4_spin_reels_symbols = M4_spin_reels_symbols: null

2019-08-24 12:20:34 - [TEST_STEP][PASSED] - M4_total_bonus_spins = M4_total_bonus_spins: null

2019-08-24 12:20:34 - [TEST_STEP][PASSED] - spin_result = sendRequestAndVerify(findTestObject("INT/RGS(M4)/1_M4_spin", ["M4_login_user_id":M4_login_user_id, "rgs_session_token":rgs_session_token, "partner":Partner])): Send request and verify the response successfully

2019-08-24 12:20:34 - [MESSAGE][INFO] - HAR: /Users/eiralee/Katalon_Script/SuperWild/Reports/20190824_120919/INT/superWild_3/20190824_120919/requests/main/187.har

2019-08-24 12:20:34 - [TEST_CASE][PASSED] - Start Test Case : Verification: Verification accomplished successfully

2019-08-24 12:20:34 - [TEST_STEP][PASSED] - request = getInstance().getCurrentRequest(): null

2019-08-24 12:20:35 - [TEST_STEP][PASSED] - response = getInstance().getCurrentResponse(): null

2019-08-24 12:20:35 - [TEST_STEP][PASSED] - verifyResponseStatusCode(response, 200): Verify response status code successfully

2019-08-24 12:20:35 - [MESSAGE][PASSED] - Verify response status code successfully

2019-08-24 12:20:35 - [TEST_STEP][PASSED] - getStatusCode()).isEqualTo(200): null

2019-08-24 12:20:35 - [TEST_STEP][PASSED] - newline = System.getProperty("line.separator"): null

2019-08-24 12:20:35 - [TEST_STEP][PASSED] - M4_spin = new groovy.json.JsonSlurper(): null

2019-08-24 12:20:35 - [TEST_STEP][PASSED] - result_M4_spin = M4_spin.parseText(response.getResponseBodyContent()): null

2019-08-24 12:20:35 - [TEST_STEP][PASSED] - M4_spin_current_balance = current_balance: null

2019-08-24 12:20:35 - [TEST_STEP][PASSED] - M4_spin_current_balance = M4_spin_current_balance: null

2019-08-24 12:20:35 - [TEST_STEP][PASSED] - M4_spin_transaction_id = causality: null

2019-08-24 12:20:35 - [TEST_STEP][PASSED] - M4_spin_transaction_id = M4_spin_transaction_id: null

2019-08-24 12:20:35 - [TEST_STEP][PASSED] - M4_spin_round_id = round_id: null

2019-08-24 12:20:35 - [TEST_STEP][PASSED] - M4_spin_round_id = M4_spin_round_id: null

2019-08-24 12:20:35 - [TEST_STEP][PASSED] - M4_spin_line_wins = line_wins: null

2019-08-24 12:20:35 - [TEST_STEP][PASSED] - M4_spin_line_wins = M4_spin_line_wins: null

2019-08-24 12:20:35 - [TEST_STEP][PASSED] - M4_total_bonus_spins_int = total_bonus_spins: null

2019-08-24 12:20:35 - [TEST_STEP][PASSED] - println("******M4_total_bonus_spins type is:*******" + newline + getClass().getName()): null

2019-08-24 12:20:35 - [TEST_STEP][PASSED] - M4_total_bonus_spins_int = M4_total_bonus_spins_int: null

2019-08-24 12:20:35 - [TEST_STEP][PASSED] - M4_total_bonus_spins = Integer.toString(M4_total_bonus_spins_int): null

2019-08-24 12:20:35 - [TEST_STEP][PASSED] - M4_total_bonus_spins = M4_total_bonus_spins: null

2019-08-24 12:20:35 - [TEST_STEP][PASSED] - println("M4_total_bonus_spins is:" + M4_total_bonus_spins): null

2019-08-24 12:20:35 - [TEST_STEP][PASSED] - M4_spin_bonus_data = bonus_data: null

2019-08-24 12:20:35 - [TEST_STEP][PASSED] - M4_spin_features_triggered = result_M4_spin: null

2019-08-24 12:20:35 - [TEST_STEP][PASSED] - wild = []: null

2019-08-24 12:20:35 - [TEST_STEP][PASSED] - wild[0] = "WILD_Expanding": null

2019-08-24 12:20:35 - [TEST_STEP][PASSED] - wild[1] = "WILD_Normal": null

2019-08-24 12:20:35 - [TEST_STEP][PASSED] - wild[2] = "WILD_Double": null

2019-08-24 12:20:35 - [TEST_STEP][PASSED] - wild[3] = "WILD_ExtraFG": null

2019-08-24 12:20:35 - [TEST_STEP][PASSED] - wild[4] = "WILD_Triple": null

2019-08-24 12:20:35 - [TEST_STEP][PASSED] - wildList = Arrays.asList(wild): null

2019-08-24 12:20:35 - [TEST_STEP][PASSED] - wildList = wildList: null

2019-08-24 12:20:35 - [TEST_STEP][PASSED] - free_spin_reel_counter = []: null

2019-08-24 12:20:35 - [TEST_STEP][PASSED] - free_spin_reel_counter[0] = 0: null

2019-08-24 12:20:35 - [TEST_STEP][PASSED] - free_spin_reel_counter[1] = 0: null

2019-08-24 12:20:35 - [TEST_STEP][PASSED] - free_spin_reel_counter[2] = 0: null

2019-08-24 12:20:35 - [TEST_STEP][PASSED] - M4_spin_reels = reels: null

2019-08-24 12:20:35 - [TEST_STEP][PASSED] - for ([i = 0, i &lt; M4_spin_reels.size(), (i++)]): null

2019-08-24 12:20:35 - [TEST_STEP][PASSED] - symbols = symbols: null

2019-08-24 12:20:35 - [TEST_STEP][PASSED] - for ([j = 0, j &lt; symbols.size(), (j++)]): null

2019-08-24 12:20:35 - [TEST_STEP][PASSED] - symbol = symbol: null

2019-08-24 12:20:35 - [TEST_STEP][PASSED] - println(symbol): null

2019-08-24 12:20:35 - [TEST_STEP][PASSED] - if (i == 2 &amp;&amp; wildList.indexOf(symbol) != -1): null

2019-08-24 12:20:35 - [TEST_STEP][PASSED] - if (i == 3 &amp;&amp; wildList.indexOf(symbol) != -1): null

2019-08-24 12:20:35 - [TEST_STEP][PASSED] - if (i == 4 &amp;&amp; wildList.indexOf(symbol) != -1): null

2019-08-24 12:20:35 - [TEST_STEP][PASSED] - symbol = symbol: null

2019-08-24 12:20:35 - [TEST_STEP][PASSED] - println(symbol): null

2019-08-24 12:20:35 - [TEST_STEP][PASSED] - if (i == 2 &amp;&amp; wildList.indexOf(symbol) != -1): null

2019-08-24 12:20:35 - [TEST_STEP][PASSED] - if (i == 3 &amp;&amp; wildList.indexOf(symbol) != -1): null

2019-08-24 12:20:35 - [TEST_STEP][PASSED] - if (i == 4 &amp;&amp; wildList.indexOf(symbol) != -1): null

2019-08-24 12:20:35 - [TEST_STEP][PASSED] - symbol = symbol: null

2019-08-24 12:20:35 - [TEST_STEP][PASSED] - println(symbol): null

2019-08-24 12:20:35 - [TEST_STEP][PASSED] - if (i == 2 &amp;&amp; wildList.indexOf(symbol) != -1): null

2019-08-24 12:20:35 - [TEST_STEP][PASSED] - if (i == 3 &amp;&amp; wildList.indexOf(symbol) != -1): null

2019-08-24 12:20:35 - [TEST_STEP][PASSED] - if (i == 4 &amp;&amp; wildList.indexOf(symbol) != -1): null

2019-08-24 12:20:35 - [TEST_STEP][PASSED] - symbols = symbols: null

2019-08-24 12:20:35 - [TEST_STEP][PASSED] - for ([j = 0, j &lt; symbols.size(), (j++)]): null

2019-08-24 12:20:35 - [TEST_STEP][PASSED] - symbol = symbol: null

2019-08-24 12:20:35 - [TEST_STEP][PASSED] - println(symbol): null

2019-08-24 12:20:35 - [TEST_STEP][PASSED] - if (i == 2 &amp;&amp; wildList.indexOf(symbol) != -1): null

2019-08-24 12:20:35 - [TEST_STEP][PASSED] - if (i == 3 &amp;&amp; wildList.indexOf(symbol) != -1): null

2019-08-24 12:20:35 - [TEST_STEP][PASSED] - if (i == 4 &amp;&amp; wildList.indexOf(symbol) != -1): null

2019-08-24 12:20:35 - [TEST_STEP][PASSED] - symbol = symbol: null

2019-08-24 12:20:35 - [TEST_STEP][PASSED] - println(symbol): null

2019-08-24 12:20:35 - [TEST_STEP][PASSED] - if (i == 2 &amp;&amp; wildList.indexOf(symbol) != -1): null

2019-08-24 12:20:35 - [TEST_STEP][PASSED] - if (i == 3 &amp;&amp; wildList.indexOf(symbol) != -1): null

2019-08-24 12:20:35 - [TEST_STEP][PASSED] - if (i == 4 &amp;&amp; wildList.indexOf(symbol) != -1): null

2019-08-24 12:20:35 - [TEST_STEP][PASSED] - symbol = symbol: null

2019-08-24 12:20:35 - [TEST_STEP][PASSED] - println(symbol): null

2019-08-24 12:20:35 - [TEST_STEP][PASSED] - if (i == 2 &amp;&amp; wildList.indexOf(symbol) != -1): null

2019-08-24 12:20:35 - [TEST_STEP][PASSED] - if (i == 3 &amp;&amp; wildList.indexOf(symbol) != -1): null

2019-08-24 12:20:35 - [TEST_STEP][PASSED] - if (i == 4 &amp;&amp; wildList.indexOf(symbol) != -1): null

2019-08-24 12:20:35 - [TEST_STEP][PASSED] - symbols = symbols: null

2019-08-24 12:20:35 - [TEST_STEP][PASSED] - for ([j = 0, j &lt; symbols.size(), (j++)]): null

2019-08-24 12:20:35 - [TEST_STEP][PASSED] - symbol = symbol: null

2019-08-24 12:20:35 - [TEST_STEP][PASSED] - println(symbol): null

2019-08-24 12:20:35 - [TEST_STEP][PASSED] - if (i == 2 &amp;&amp; wildList.indexOf(symbol) != -1): null

2019-08-24 12:20:35 - [TEST_STEP][PASSED] - if (i == 3 &amp;&amp; wildList.indexOf(symbol) != -1): null

2019-08-24 12:20:35 - [TEST_STEP][PASSED] - if (i == 4 &amp;&amp; wildList.indexOf(symbol) != -1): null

2019-08-24 12:20:35 - [TEST_STEP][PASSED] - symbol = symbol: null

2019-08-24 12:20:35 - [TEST_STEP][PASSED] - println(symbol): null

2019-08-24 12:20:35 - [TEST_STEP][PASSED] - if (i == 2 &amp;&amp; wildList.indexOf(symbol) != -1): null

2019-08-24 12:20:35 - [TEST_STEP][PASSED] - println("wild found on reel 3, adding counter by 1"): null

2019-08-24 12:20:35 - [TEST_STEP][PASSED] - free_spin_reel_counter[0] = free_spin_reel_counter[0] + 1: null

2019-08-24 12:20:35 - [TEST_STEP][PASSED] - if (i == 3 &amp;&amp; wildList.indexOf(symbol) != -1): null

2019-08-24 12:20:35 - [TEST_STEP][PASSED] - if (i == 4 &amp;&amp; wildList.indexOf(symbol) != -1): null

2019-08-24 12:20:35 - [TEST_STEP][PASSED] - symbol = symbol: null

2019-08-24 12:20:35 - [TEST_STEP][PASSED] - println(symbol): null

2019-08-24 12:20:35 - [TEST_STEP][PASSED] - if (i == 2 &amp;&amp; wildList.indexOf(symbol) != -1): null

2019-08-24 12:20:35 - [TEST_STEP][PASSED] - if (i == 3 &amp;&amp; wildList.indexOf(symbol) != -1): null

2019-08-24 12:20:35 - [TEST_STEP][PASSED] - if (i == 4 &amp;&amp; wildList.indexOf(symbol) != -1): null

2019-08-24 12:20:35 - [TEST_STEP][PASSED] - symbols = symbols: null

2019-08-24 12:20:35 - [TEST_STEP][PASSED] - for ([j = 0, j &lt; symbols.size(), (j++)]): null

2019-08-24 12:20:35 - [TEST_STEP][PASSED] - symbol = symbol: null

2019-08-24 12:20:35 - [TEST_STEP][PASSED] - println(symbol): null

2019-08-24 12:20:35 - [TEST_STEP][PASSED] - if (i == 2 &amp;&amp; wildList.indexOf(symbol) != -1): null

2019-08-24 12:20:35 - [TEST_STEP][PASSED] - if (i == 3 &amp;&amp; wildList.indexOf(symbol) != -1): null

2019-08-24 12:20:35 - [TEST_STEP][PASSED] - if (i == 4 &amp;&amp; wildList.indexOf(symbol) != -1): null

2019-08-24 12:20:35 - [TEST_STEP][PASSED] - symbol = symbol: null

2019-08-24 12:20:35 - [TEST_STEP][PASSED] - println(symbol): null

2019-08-24 12:20:35 - [TEST_STEP][PASSED] - if (i == 2 &amp;&amp; wildList.indexOf(symbol) != -1): null

2019-08-24 12:20:35 - [TEST_STEP][PASSED] - if (i == 3 &amp;&amp; wildList.indexOf(symbol) != -1): null

2019-08-24 12:20:35 - [TEST_STEP][PASSED] - if (i == 4 &amp;&amp; wildList.indexOf(symbol) != -1): null

2019-08-24 12:20:35 - [TEST_STEP][PASSED] - symbol = symbol: null

2019-08-24 12:20:35 - [TEST_STEP][PASSED] - println(symbol): null

2019-08-24 12:20:35 - [TEST_STEP][PASSED] - if (i == 2 &amp;&amp; wildList.indexOf(symbol) != -1): null

2019-08-24 12:20:35 - [TEST_STEP][PASSED] - if (i == 3 &amp;&amp; wildList.indexOf(symbol) != -1): null

2019-08-24 12:20:35 - [TEST_STEP][PASSED] - println("wild found on reel 4, adding counter by 1"): null

2019-08-24 12:20:35 - [TEST_STEP][PASSED] - free_spin_reel_counter[1] = free_spin_reel_counter[1] + 1: null

2019-08-24 12:20:35 - [TEST_STEP][PASSED] - if (i == 4 &amp;&amp; wildList.indexOf(symbol) != -1): null

2019-08-24 12:20:35 - [TEST_STEP][PASSED] - symbols = symbols: null

2019-08-24 12:20:35 - [TEST_STEP][PASSED] - for ([j = 0, j &lt; symbols.size(), (j++)]): null

2019-08-24 12:20:35 - [TEST_STEP][PASSED] - symbol = symbol: null

2019-08-24 12:20:35 - [TEST_STEP][PASSED] - println(symbol): null

2019-08-24 12:20:35 - [TEST_STEP][PASSED] - if (i == 2 &amp;&amp; wildList.indexOf(symbol) != -1): null

2019-08-24 12:20:35 - [TEST_STEP][PASSED] - if (i == 3 &amp;&amp; wildList.indexOf(symbol) != -1): null

2019-08-24 12:20:35 - [TEST_STEP][PASSED] - if (i == 4 &amp;&amp; wildList.indexOf(symbol) != -1): null

2019-08-24 12:20:35 - [TEST_STEP][PASSED] - symbol = symbol: null

2019-08-24 12:20:35 - [TEST_STEP][PASSED] - println(symbol): null

2019-08-24 12:20:35 - [TEST_STEP][PASSED] - if (i == 2 &amp;&amp; wildList.indexOf(symbol) != -1): null

2019-08-24 12:20:35 - [TEST_STEP][PASSED] - if (i == 3 &amp;&amp; wildList.indexOf(symbol) != -1): null

2019-08-24 12:20:35 - [TEST_STEP][PASSED] - if (i == 4 &amp;&amp; wildList.indexOf(symbol) != -1): null

2019-08-24 12:20:35 - [TEST_STEP][PASSED] - symbol = symbol: null

2019-08-24 12:20:35 - [TEST_STEP][PASSED] - println(symbol): null

2019-08-24 12:20:35 - [TEST_STEP][PASSED] - if (i == 2 &amp;&amp; wildList.indexOf(symbol) != -1): null

2019-08-24 12:20:35 - [TEST_STEP][PASSED] - if (i == 3 &amp;&amp; wildList.indexOf(symbol) != -1): null

2019-08-24 12:20:35 - [TEST_STEP][PASSED] - if (i == 4 &amp;&amp; wildList.indexOf(symbol) != -1): null

2019-08-24 12:20:35 - [TEST_STEP][PASSED] - free_spin_reel_counter = free_spin_reel_counter: null

2019-08-24 12:20:35 - [TEST_STEP][PASSED] - println("reel 3 wild found: " + free_spin_reel_counter[0]): null

2019-08-24 12:20:35 - [TEST_STEP][PASSED] - println("reel 4 wild found: " + free_spin_reel_counter[1]): null

2019-08-24 12:20:35 - [TEST_STEP][PASSED] - println("reel 5 wild found: " + free_spin_reel_counter[2]): null

2019-08-24 12:20:35 - [TEST_STEP][PASSED] - M4_spin_reels = M4_spin_reels: null

2019-08-24 12:20:35 - [TEST_STEP][PASSED] - M4_spin_reels_symbols = symbol: null

2019-08-24 12:20:35 - [TEST_STEP][PASSED] - M4_spin_reels_symbols = M4_spin_reels_symbols: null

2019-08-24 12:20:35 - [TEST_STEP][PASSED] - M4_spin_reel_wins = reel_wins: null

2019-08-24 12:20:35 - [TEST_STEP][PASSED] - M4_spin_reel_wins = M4_spin_reel_wins: null

2019-08-24 12:20:35 - [TEST_STEP][PASSED] - println("GlobalVariable.M4_spin_reel_wins is: " + M4_spin_reel_wins): null

2019-08-24 12:20:35 - [TEST_STEP][PASSED] - M4_spin_total_bonus_win_this_round = total_bonus_win_this_round: null

2019-08-24 12:20:35 - [TEST_STEP][PASSED] - M4_spin_total_bonus_win_this_round = M4_spin_total_bonus_win_this_round: null

2019-08-24 12:20:35 - [TEST_STEP][PASSED] - println("GlobalVariable.M4_spin_total_bonus_win_this_round is: " + M4_spin_total_bonus_win_this_round): null

2019-08-24 12:20:35 - [TEST_STEP][PASSED] - M4_spin_bonus_spin_result = spin_result: null

2019-08-24 12:20:35 - [TEST_STEP][PASSED] - M4_spin_bonus_spin_result = M4_spin_bonus_spin_result: null

2019-08-24 12:20:35 - [MESSAGE][PASSED] - Verify response successfully

2019-08-24 12:20:35 - [MESSAGE][PASSED] - Send request and verify the response successfully

2019-08-24 12:20:35 - [TEST_STEP][PASSED] - if (M4_total_bonus_spins_int != 0 &amp;&amp; M4_spin_reels_symbols[2].contains("WILD_ExtraFG") || M4_spin_reels_symbols[3].contains("WILD_ExtraFG")): null

2019-08-24 12:20:35 - [TEST_STEP][PASSED] - free_spin_reel_counter = free_spin_reel_counter: null

2019-08-24 12:20:35 - [TEST_STEP][PASSED] - M4_spin_reels_symbols = M4_spin_reels_symbols: null

2019-08-24 12:20:35 - [TEST_STEP][PASSED] - M4_total_bonus_spins = M4_total_bonus_spins: null

2019-08-24 12:20:35 - [TEST_STEP][PASSED] - spin_result = sendRequestAndVerify(findTestObject("INT/RGS(M4)/1_M4_spin", ["M4_login_user_id":M4_login_user_id, "rgs_session_token":rgs_session_token, "partner":Partner])): Send request and verify the response successfully

2019-08-24 12:20:36 - [MESSAGE][INFO] - HAR: /Users/eiralee/Katalon_Script/SuperWild/Reports/20190824_120919/INT/superWild_3/20190824_120919/requests/main/188.har

2019-08-24 12:20:36 - [TEST_CASE][PASSED] - Start Test Case : Verification: Verification accomplished successfully

2019-08-24 12:20:36 - [TEST_STEP][PASSED] - request = getInstance().getCurrentRequest(): null

2019-08-24 12:20:36 - [TEST_STEP][PASSED] - response = getInstance().getCurrentResponse(): null

2019-08-24 12:20:36 - [TEST_STEP][PASSED] - verifyResponseStatusCode(response, 200): Verify response status code successfully

2019-08-24 12:20:36 - [MESSAGE][PASSED] - Verify response status code successfully

2019-08-24 12:20:36 - [TEST_STEP][PASSED] - getStatusCode()).isEqualTo(200): null

2019-08-24 12:20:36 - [TEST_STEP][PASSED] - newline = System.getProperty("line.separator"): null

2019-08-24 12:20:36 - [TEST_STEP][PASSED] - M4_spin = new groovy.json.JsonSlurper(): null

2019-08-24 12:20:36 - [TEST_STEP][PASSED] - result_M4_spin = M4_spin.parseText(response.getResponseBodyContent()): null

2019-08-24 12:20:36 - [TEST_STEP][PASSED] - M4_spin_current_balance = current_balance: null

2019-08-24 12:20:36 - [TEST_STEP][PASSED] - M4_spin_current_balance = M4_spin_current_balance: null

2019-08-24 12:20:36 - [TEST_STEP][PASSED] - M4_spin_transaction_id = causality: null

2019-08-24 12:20:36 - [TEST_STEP][PASSED] - M4_spin_transaction_id = M4_spin_transaction_id: null

2019-08-24 12:20:36 - [TEST_STEP][PASSED] - M4_spin_round_id = round_id: null

2019-08-24 12:20:36 - [TEST_STEP][PASSED] - M4_spin_round_id = M4_spin_round_id: null

2019-08-24 12:20:36 - [TEST_STEP][PASSED] - M4_spin_line_wins = line_wins: null

2019-08-24 12:20:36 - [TEST_STEP][PASSED] - M4_spin_line_wins = M4_spin_line_wins: null

2019-08-24 12:20:36 - [TEST_STEP][PASSED] - M4_total_bonus_spins_int = total_bonus_spins: null

2019-08-24 12:20:36 - [TEST_STEP][PASSED] - println("******M4_total_bonus_spins type is:*******" + newline + getClass().getName()): null

2019-08-24 12:20:36 - [TEST_STEP][PASSED] - M4_total_bonus_spins_int = M4_total_bonus_spins_int: null

2019-08-24 12:20:36 - [TEST_STEP][PASSED] - M4_total_bonus_spins = Integer.toString(M4_total_bonus_spins_int): null

2019-08-24 12:20:36 - [TEST_STEP][PASSED] - M4_total_bonus_spins = M4_total_bonus_spins: null

2019-08-24 12:20:36 - [TEST_STEP][PASSED] - println("M4_total_bonus_spins is:" + M4_total_bonus_spins): null

2019-08-24 12:20:36 - [TEST_STEP][PASSED] - M4_spin_bonus_data = bonus_data: null

2019-08-24 12:20:36 - [TEST_STEP][PASSED] - M4_spin_features_triggered = result_M4_spin: null

2019-08-24 12:20:36 - [TEST_STEP][PASSED] - wild = []: null

2019-08-24 12:20:36 - [TEST_STEP][PASSED] - wild[0] = "WILD_Expanding": null

2019-08-24 12:20:36 - [TEST_STEP][PASSED] - wild[1] = "WILD_Normal": null

2019-08-24 12:20:36 - [TEST_STEP][PASSED] - wild[2] = "WILD_Double": null

2019-08-24 12:20:36 - [TEST_STEP][PASSED] - wild[3] = "WILD_ExtraFG": null

2019-08-24 12:20:36 - [TEST_STEP][PASSED] - wild[4] = "WILD_Triple": null

2019-08-24 12:20:36 - [TEST_STEP][PASSED] - wildList = Arrays.asList(wild): null

2019-08-24 12:20:36 - [TEST_STEP][PASSED] - wildList = wildList: null

2019-08-24 12:20:36 - [TEST_STEP][PASSED] - free_spin_reel_counter = []: null

2019-08-24 12:20:36 - [TEST_STEP][PASSED] - free_spin_reel_counter[0] = 0: null

2019-08-24 12:20:36 - [TEST_STEP][PASSED] - free_spin_reel_counter[1] = 0: null

2019-08-24 12:20:36 - [TEST_STEP][PASSED] - free_spin_reel_counter[2] = 0: null

2019-08-24 12:20:36 - [TEST_STEP][PASSED] - M4_spin_reels = reels: null

2019-08-24 12:20:36 - [TEST_STEP][PASSED] - for ([i = 0, i &lt; M4_spin_reels.size(), (i++)]): null

2019-08-24 12:20:36 - [TEST_STEP][PASSED] - symbols = symbols: null

2019-08-24 12:20:36 - [TEST_STEP][PASSED] - for ([j = 0, j &lt; symbols.size(), (j++)]): null

2019-08-24 12:20:36 - [TEST_STEP][PASSED] - symbol = symbol: null

2019-08-24 12:20:36 - [TEST_STEP][PASSED] - println(symbol): null

2019-08-24 12:20:36 - [TEST_STEP][PASSED] - if (i == 2 &amp;&amp; wildList.indexOf(symbol) != -1): null

2019-08-24 12:20:36 - [TEST_STEP][PASSED] - if (i == 3 &amp;&amp; wildList.indexOf(symbol) != -1): null

2019-08-24 12:20:36 - [TEST_STEP][PASSED] - if (i == 4 &amp;&amp; wildList.indexOf(symbol) != -1): null

2019-08-24 12:20:36 - [TEST_STEP][PASSED] - symbol = symbol: null

2019-08-24 12:20:36 - [TEST_STEP][PASSED] - println(symbol): null

2019-08-24 12:20:36 - [TEST_STEP][PASSED] - if (i == 2 &amp;&amp; wildList.indexOf(symbol) != -1): null

2019-08-24 12:20:36 - [TEST_STEP][PASSED] - if (i == 3 &amp;&amp; wildList.indexOf(symbol) != -1): null

2019-08-24 12:20:36 - [TEST_STEP][PASSED] - if (i == 4 &amp;&amp; wildList.indexOf(symbol) != -1): null

2019-08-24 12:20:36 - [TEST_STEP][PASSED] - symbol = symbol: null

2019-08-24 12:20:36 - [TEST_STEP][PASSED] - println(symbol): null

2019-08-24 12:20:36 - [TEST_STEP][PASSED] - if (i == 2 &amp;&amp; wildList.indexOf(symbol) != -1): null

2019-08-24 12:20:36 - [TEST_STEP][PASSED] - if (i == 3 &amp;&amp; wildList.indexOf(symbol) != -1): null

2019-08-24 12:20:36 - [TEST_STEP][PASSED] - if (i == 4 &amp;&amp; wildList.indexOf(symbol) != -1): null

2019-08-24 12:20:36 - [TEST_STEP][PASSED] - symbols = symbols: null

2019-08-24 12:20:36 - [TEST_STEP][PASSED] - for ([j = 0, j &lt; symbols.size(), (j++)]): null

2019-08-24 12:20:36 - [TEST_STEP][PASSED] - symbol = symbol: null

2019-08-24 12:20:36 - [TEST_STEP][PASSED] - println(symbol): null

2019-08-24 12:20:36 - [TEST_STEP][PASSED] - if (i == 2 &amp;&amp; wildList.indexOf(symbol) != -1): null

2019-08-24 12:20:36 - [TEST_STEP][PASSED] - if (i == 3 &amp;&amp; wildList.indexOf(symbol) != -1): null

2019-08-24 12:20:36 - [TEST_STEP][PASSED] - if (i == 4 &amp;&amp; wildList.indexOf(symbol) != -1): null

2019-08-24 12:20:36 - [TEST_STEP][PASSED] - symbol = symbol: null

2019-08-24 12:20:36 - [TEST_STEP][PASSED] - println(symbol): null

2019-08-24 12:20:36 - [TEST_STEP][PASSED] - if (i == 2 &amp;&amp; wildList.indexOf(symbol) != -1): null

2019-08-24 12:20:36 - [TEST_STEP][PASSED] - if (i == 3 &amp;&amp; wildList.indexOf(symbol) != -1): null

2019-08-24 12:20:36 - [TEST_STEP][PASSED] - if (i == 4 &amp;&amp; wildList.indexOf(symbol) != -1): null

2019-08-24 12:20:36 - [TEST_STEP][PASSED] - symbol = symbol: null

2019-08-24 12:20:36 - [TEST_STEP][PASSED] - println(symbol): null

2019-08-24 12:20:36 - [TEST_STEP][PASSED] - if (i == 2 &amp;&amp; wildList.indexOf(symbol) != -1): null

2019-08-24 12:20:36 - [TEST_STEP][PASSED] - if (i == 3 &amp;&amp; wildList.indexOf(symbol) != -1): null

2019-08-24 12:20:36 - [TEST_STEP][PASSED] - if (i == 4 &amp;&amp; wildList.indexOf(symbol) != -1): null

2019-08-24 12:20:36 - [TEST_STEP][PASSED] - symbols = symbols: null

2019-08-24 12:20:36 - [TEST_STEP][PASSED] - for ([j = 0, j &lt; symbols.size(), (j++)]): null

2019-08-24 12:20:36 - [TEST_STEP][PASSED] - symbol = symbol: null

2019-08-24 12:20:36 - [TEST_STEP][PASSED] - println(symbol): null

2019-08-24 12:20:36 - [TEST_STEP][PASSED] - if (i == 2 &amp;&amp; wildList.indexOf(symbol) != -1): null

2019-08-24 12:20:36 - [TEST_STEP][PASSED] - if (i == 3 &amp;&amp; wildList.indexOf(symbol) != -1): null

2019-08-24 12:20:36 - [TEST_STEP][PASSED] - if (i == 4 &amp;&amp; wildList.indexOf(symbol) != -1): null

2019-08-24 12:20:36 - [TEST_STEP][PASSED] - symbol = symbol: null

2019-08-24 12:20:36 - [TEST_STEP][PASSED] - println(symbol): null

2019-08-24 12:20:36 - [TEST_STEP][PASSED] - if (i == 2 &amp;&amp; wildList.indexOf(symbol) != -1): null

2019-08-24 12:20:36 - [TEST_STEP][PASSED] - if (i == 3 &amp;&amp; wildList.indexOf(symbol) != -1): null

2019-08-24 12:20:36 - [TEST_STEP][PASSED] - if (i == 4 &amp;&amp; wildList.indexOf(symbol) != -1): null

2019-08-24 12:20:36 - [TEST_STEP][PASSED] - symbol = symbol: null

2019-08-24 12:20:36 - [TEST_STEP][PASSED] - println(symbol): null

2019-08-24 12:20:36 - [TEST_STEP][PASSED] - if (i == 2 &amp;&amp; wildList.indexOf(symbol) != -1): null

2019-08-24 12:20:36 - [TEST_STEP][PASSED] - println("wild found on reel 3, adding counter by 1"): null

2019-08-24 12:20:36 - [TEST_STEP][PASSED] - free_spin_reel_counter[0] = free_spin_reel_counter[0] + 1: null

2019-08-24 12:20:36 - [TEST_STEP][PASSED] - if (i == 3 &amp;&amp; wildList.indexOf(symbol) != -1): null

2019-08-24 12:20:36 - [TEST_STEP][PASSED] - if (i == 4 &amp;&amp; wildList.indexOf(symbol) != -1): null

2019-08-24 12:20:36 - [TEST_STEP][PASSED] - symbols = symbols: null

2019-08-24 12:20:36 - [TEST_STEP][PASSED] - for ([j = 0, j &lt; symbols.size(), (j++)]): null

2019-08-24 12:20:36 - [TEST_STEP][PASSED] - symbol = symbol: null

2019-08-24 12:20:39 - [TEST_STEP][PASSED] - println(symbol): null

2019-08-24 12:20:39 - [TEST_STEP][PASSED] - if (i == 2 &amp;&amp; wildList.indexOf(symbol) != -1): null

2019-08-24 12:20:39 - [TEST_STEP][PASSED] - if (i == 3 &amp;&amp; wildList.indexOf(symbol) != -1): null

2019-08-24 12:20:39 - [TEST_STEP][PASSED] - println("wild found on reel 4, adding counter by 1"): null

2019-08-24 12:20:39 - [TEST_STEP][PASSED] - free_spin_reel_counter[1] = free_spin_reel_counter[1] + 1: null

2019-08-24 12:20:39 - [TEST_STEP][PASSED] - if (i == 4 &amp;&amp; wildList.indexOf(symbol) != -1): null

2019-08-24 12:20:39 - [TEST_STEP][PASSED] - symbol = symbol: null

2019-08-24 12:20:39 - [TEST_STEP][PASSED] - println(symbol): null

2019-08-24 12:20:39 - [TEST_STEP][PASSED] - if (i == 2 &amp;&amp; wildList.indexOf(symbol) != -1): null

2019-08-24 12:20:39 - [TEST_STEP][PASSED] - if (i == 3 &amp;&amp; wildList.indexOf(symbol) != -1): null

2019-08-24 12:20:42 - [TEST_STEP][PASSED] - if (i == 4 &amp;&amp; wildList.indexOf(symbol) != -1): null

2019-08-24 12:20:42 - [TEST_STEP][PASSED] - symbol = symbol: null

2019-08-24 12:20:42 - [TEST_STEP][PASSED] - println(symbol): null

2019-08-24 12:20:42 - [TEST_STEP][PASSED] - if (i == 2 &amp;&amp; wildList.indexOf(symbol) != -1): null

2019-08-24 12:20:42 - [TEST_STEP][PASSED] - if (i == 3 &amp;&amp; wildList.indexOf(symbol) != -1): null

2019-08-24 12:20:42 - [TEST_STEP][PASSED] - if (i == 4 &amp;&amp; wildList.indexOf(symbol) != -1): null

2019-08-24 12:20:42 - [TEST_STEP][PASSED] - symbols = symbols: null

2019-08-24 12:20:42 - [TEST_STEP][PASSED] - for ([j = 0, j &lt; symbols.size(), (j++)]): null

2019-08-24 12:20:42 - [TEST_STEP][PASSED] - symbol = symbol: null

2019-08-24 12:20:42 - [TEST_STEP][PASSED] - println(symbol): null

2019-08-24 12:20:42 - [TEST_STEP][PASSED] - if (i == 2 &amp;&amp; wildList.indexOf(symbol) != -1): null

2019-08-24 12:20:42 - [TEST_STEP][PASSED] - if (i == 3 &amp;&amp; wildList.indexOf(symbol) != -1): null

2019-08-24 12:20:42 - [TEST_STEP][PASSED] - if (i == 4 &amp;&amp; wildList.indexOf(symbol) != -1): null

2019-08-24 12:20:42 - [TEST_STEP][PASSED] - symbol = symbol: null

2019-08-24 12:20:42 - [TEST_STEP][PASSED] - println(symbol): null

2019-08-24 12:20:42 - [TEST_STEP][PASSED] - if (i == 2 &amp;&amp; wildList.indexOf(symbol) != -1): null

2019-08-24 12:20:42 - [TEST_STEP][PASSED] - if (i == 3 &amp;&amp; wildList.indexOf(symbol) != -1): null

2019-08-24 12:20:42 - [TEST_STEP][PASSED] - if (i == 4 &amp;&amp; wildList.indexOf(symbol) != -1): null

2019-08-24 12:20:42 - [TEST_STEP][PASSED] - println("wild found on reel 5, adding counter by 1"): null

2019-08-24 12:20:42 - [TEST_STEP][PASSED] - free_spin_reel_counter[2] = free_spin_reel_counter[2] + 1: null

2019-08-24 12:20:42 - [TEST_STEP][PASSED] - symbol = symbol: null

2019-08-24 12:20:42 - [TEST_STEP][PASSED] - println(symbol): null

2019-08-24 12:20:42 - [TEST_STEP][PASSED] - if (i == 2 &amp;&amp; wildList.indexOf(symbol) != -1): null

2019-08-24 12:20:42 - [TEST_STEP][PASSED] - if (i == 3 &amp;&amp; wildList.indexOf(symbol) != -1): null

2019-08-24 12:20:42 - [TEST_STEP][PASSED] - if (i == 4 &amp;&amp; wildList.indexOf(symbol) != -1): null

2019-08-24 12:20:42 - [TEST_STEP][PASSED] - free_spin_reel_counter = free_spin_reel_counter: null

2019-08-24 12:20:42 - [TEST_STEP][PASSED] - println("reel 3 wild found: " + free_spin_reel_counter[0]): null

2019-08-24 12:20:42 - [TEST_STEP][PASSED] - println("reel 4 wild found: " + free_spin_reel_counter[1]): null

2019-08-24 12:20:42 - [TEST_STEP][PASSED] - println("reel 5 wild found: " + free_spin_reel_counter[2]): null

2019-08-24 12:20:42 - [TEST_STEP][PASSED] - M4_spin_reels = M4_spin_reels: null

2019-08-24 12:20:42 - [TEST_STEP][PASSED] - M4_spin_reels_symbols = symbol: null

2019-08-24 12:20:42 - [TEST_STEP][PASSED] - M4_spin_reels_symbols = M4_spin_reels_symbols: null

2019-08-24 12:20:42 - [TEST_STEP][PASSED] - M4_spin_reel_wins = reel_wins: null

2019-08-24 12:20:42 - [TEST_STEP][PASSED] - M4_spin_reel_wins = M4_spin_reel_wins: null

2019-08-24 12:20:42 - [TEST_STEP][PASSED] - println("GlobalVariable.M4_spin_reel_wins is: " + M4_spin_reel_wins): null

2019-08-24 12:20:42 - [TEST_STEP][PASSED] - M4_spin_total_bonus_win_this_round = total_bonus_win_this_round: null

2019-08-24 12:20:42 - [TEST_STEP][PASSED] - M4_spin_total_bonus_win_this_round = M4_spin_total_bonus_win_this_round: null

2019-08-24 12:20:42 - [TEST_STEP][PASSED] - println("GlobalVariable.M4_spin_total_bonus_win_this_round is: " + M4_spin_total_bonus_win_this_round): null

2019-08-24 12:20:42 - [TEST_STEP][PASSED] - M4_spin_bonus_spin_result = spin_result: null

2019-08-24 12:20:42 - [TEST_STEP][PASSED] - M4_spin_bonus_spin_result = M4_spin_bonus_spin_result: null

2019-08-24 12:20:42 - [MESSAGE][PASSED] - Verify response successfully

2019-08-24 12:20:42 - [MESSAGE][PASSED] - Send request and verify the response successfully

2019-08-24 12:20:42 - [TEST_STEP][PASSED] - if (M4_total_bonus_spins_int != 0 &amp;&amp; M4_spin_reels_symbols[2].contains("WILD_ExtraFG") || M4_spin_reels_symbols[3].contains("WILD_ExtraFG")): null

2019-08-24 12:20:42 - [TEST_STEP][PASSED] - break: null

2019-08-24 12:20:42 - [TEST_STEP][PASSED] - sendRequestAndVerify(findTestObject("INT/RGS(M4)/1_Round_detail", ["partner":Partner, "M4_spin_round_id":M4_spin_round_id])): Send request and verify the response successfully

2019-08-24 12:20:43 - [MESSAGE][INFO] - HAR: /Users/eiralee/Katalon_Script/SuperWild/Reports/20190824_120919/INT/superWild_3/20190824_120919/requests/main/189.har

2019-08-24 12:20:43 - [TEST_CASE][PASSED] - Start Test Case : Verification: Verification accomplished successfully

2019-08-24 12:20:43 - [TEST_STEP][PASSED] - request = getInstance().getCurrentRequest(): null

2019-08-24 12:20:43 - [TEST_STEP][PASSED] - response = getInstance().getCurrentResponse(): null

2019-08-24 12:20:43 - [TEST_STEP][PASSED] - verifyResponseStatusCode(response, 200): Verify response status code successfully

2019-08-24 12:20:43 - [MESSAGE][PASSED] - Verify response status code successfully

2019-08-24 12:20:43 - [TEST_STEP][PASSED] - getStatusCode()).isEqualTo(200): null

2019-08-24 12:20:43 - [TEST_STEP][PASSED] - newline = System.getProperty("line.separator"): null

2019-08-24 12:20:43 - [TEST_STEP][PASSED] - M4_round = new groovy.json.JsonSlurper(): null

2019-08-24 12:20:43 - [TEST_STEP][PASSED] - M4_round_detail = M4_round.parseText(response.getResponseBodyContent()): null

2019-08-24 12:20:43 - [TEST_STEP][PASSED] - M4_round_object = M4_round_detail: null

2019-08-24 12:20:43 - [TEST_STEP][PASSED] - M4_round_object = M4_round_object: null

2019-08-24 12:20:43 - [TEST_STEP][PASSED] - M4_round_transaction_type = transaction_type: null

2019-08-24 12:20:43 - [TEST_STEP][PASSED] - M4_round_transaction_type = M4_round_transaction_type: null

2019-08-24 12:20:43 - [TEST_STEP][PASSED] - M4_round_player_id = player_id: null

2019-08-24 12:20:43 - [TEST_STEP][PASSED] - M4_round_player_id = M4_round_player_id: null

2019-08-24 12:20:43 - [TEST_STEP][PASSED] - M4_round_booster_type = booster_type: null

2019-08-24 12:20:43 - [TEST_STEP][PASSED] - M4_round_booster_type = M4_round_booster_type: null

2019-08-24 12:20:43 - [TEST_STEP][PASSED] - M4_round_currency = currency: null

2019-08-24 12:20:43 - [TEST_STEP][PASSED] - M4_round_currency = M4_round_currency: null

2019-08-24 12:20:43 - [TEST_STEP][PASSED] - M4_round_id = round_id: null

2019-08-24 12:20:43 - [TEST_STEP][PASSED] - M4_round_id = M4_round_id: null

2019-08-24 12:20:43 - [TEST_STEP][PASSED] - M4_round_transaction_id = transaction_id: null

2019-08-24 12:20:43 - [TEST_STEP][PASSED] - M4_round_transaction_id = M4_round_transaction_id: null

2019-08-24 12:20:43 - [TEST_STEP][PASSED] - M4_round_transaction_time = transaction_time: null

2019-08-24 12:20:43 - [TEST_STEP][PASSED] - M4_round_transaction_time = M4_round_transaction_time: null

2019-08-24 12:20:43 - [TEST_STEP][PASSED] - M4_round_total_win = total_win: null

2019-08-24 12:20:43 - [TEST_STEP][PASSED] - M4_round_total_win = M4_round_total_win: null

2019-08-24 12:20:43 - [TEST_STEP][PASSED] - M4_round_balance_long = balance: null

2019-08-24 12:20:43 - [TEST_STEP][PASSED] - M4_round_balance = Long.toString(M4_round_balance_long): null

2019-08-24 12:20:43 - [TEST_STEP][PASSED] - M4_round_balance = M4_round_balance: null

2019-08-24 12:20:43 - [TEST_STEP][PASSED] - M4_round_total_bet = total_bet: null

2019-08-24 12:20:43 - [TEST_STEP][PASSED] - M4_round_total_bet = M4_round_total_bet: null

2019-08-24 12:20:43 - [TEST_STEP][PASSED] - M4_round_bet_value = bet_value: null

2019-08-24 12:20:43 - [TEST_STEP][PASSED] - M4_round_bet_value = M4_round_bet_value: null

2019-08-24 12:20:43 - [TEST_STEP][PASSED] - M4_round_line = line: null

2019-08-24 12:20:43 - [TEST_STEP][PASSED] - M4_round_line = M4_round_line: null

2019-08-24 12:20:43 - [TEST_STEP][PASSED] - M4_round_reels1 = reels[0]: null

2019-08-24 12:20:43 - [TEST_STEP][PASSED] - M4_round_reels1 = M4_round_reels1: null

2019-08-24 12:20:43 - [TEST_STEP][PASSED] - M4_round_reels2 = reels[1]: null

2019-08-24 12:20:43 - [TEST_STEP][PASSED] - M4_round_reels2 = M4_round_reels2: null

2019-08-24 12:20:43 - [TEST_STEP][PASSED] - M4_round_reels3 = reels[2]: null

2019-08-24 12:20:43 - [TEST_STEP][PASSED] - M4_round_reels3 = M4_round_reels3: null

2019-08-24 12:20:43 - [TEST_STEP][PASSED] - M4_round_reels4 = reels[3]: null

2019-08-24 12:20:43 - [TEST_STEP][PASSED] - M4_round_reels4 = M4_round_reels4: null

2019-08-24 12:20:43 - [TEST_STEP][PASSED] - M4_round_reels5 = reels[4]: null

2019-08-24 12:20:43 - [TEST_STEP][PASSED] - M4_round_reels5 = M4_round_reels5: null

2019-08-24 12:20:43 - [TEST_STEP][PASSED] - M4_round_F_reels1 = reels[0]: null

2019-08-24 12:20:43 - [TEST_STEP][PASSED] - M4_round_F_reels1 = M4_round_F_reels1: null

2019-08-24 12:20:43 - [TEST_STEP][PASSED] - M4_round_F_reels2 = reels[1]: null

2019-08-24 12:20:43 - [TEST_STEP][PASSED] - M4_round_F_reels2 = M4_round_F_reels2: null

2019-08-24 12:20:43 - [TEST_STEP][PASSED] - M4_round_F_reels3 = reels[2]: null

2019-08-24 12:20:43 - [TEST_STEP][PASSED] - M4_round_F_reels3 = M4_round_F_reels3: null

2019-08-24 12:20:43 - [TEST_STEP][PASSED] - M4_round_F_reels4 = reels[3]: null

2019-08-24 12:20:43 - [TEST_STEP][PASSED] - M4_round_F_reels4 = M4_round_F_reels4: null

2019-08-24 12:20:43 - [TEST_STEP][PASSED] - M4_round_F_reels5 = reels[4]: null

2019-08-24 12:20:43 - [TEST_STEP][PASSED] - M4_round_F_reels5 = M4_round_F_reels5: null

2019-08-24 12:20:43 - [TEST_STEP][PASSED] - M4_round_reels0_symbols1 = symbols[0]: null

2019-08-24 12:20:43 - [TEST_STEP][PASSED] - M4_round_reels0_symbols1 = M4_round_reels0_symbols1: null

2019-08-24 12:20:43 - [TEST_STEP][PASSED] - M4_round_reels0_symbols2 = symbols[1]: null

2019-08-24 12:20:43 - [TEST_STEP][PASSED] - M4_round_reels0_symbols2 = M4_round_reels0_symbols2: null

2019-08-24 12:20:43 - [TEST_STEP][PASSED] - M4_round_reels0_symbols3 = symbols[2]: null

2019-08-24 12:20:43 - [TEST_STEP][PASSED] - M4_round_reels0_symbols3 = M4_round_reels0_symbols3: null

2019-08-24 12:20:43 - [TEST_STEP][PASSED] - M4_round_reels1_symbols1 = symbols[0]: null

2019-08-24 12:20:43 - [TEST_STEP][PASSED] - M4_round_reels1_symbols1 = M4_round_reels1_symbols1: null

2019-08-24 12:20:43 - [TEST_STEP][PASSED] - M4_round_reels1_symbols2 = symbols[1]: null

2019-08-24 12:20:43 - [TEST_STEP][PASSED] - M4_round_reels1_symbols2 = M4_round_reels1_symbols2: null

2019-08-24 12:20:43 - [TEST_STEP][PASSED] - M4_round_reels1_symbols3 = symbols[2]: null

2019-08-24 12:20:43 - [TEST_STEP][PASSED] - M4_round_reels1_symbols3 = M4_round_reels1_symbols3: null

2019-08-24 12:20:43 - [TEST_STEP][PASSED] - M4_round_reels1_symbols4 = symbols[3]: null

2019-08-24 12:20:43 - [TEST_STEP][PASSED] - M4_round_reels_symbols_all = symbol: null

2019-08-24 12:20:43 - [TEST_STEP][PASSED] - M4_round_reels_symbols_all = M4_round_reels_symbols_all: null

2019-08-24 12:20:43 - [TEST_STEP][PASSED] - M4_round_features_triggered = features_triggered: null

2019-08-24 12:20:43 - [TEST_STEP][PASSED] - M4_round_features_triggered = M4_round_features_triggered: null

2019-08-24 12:20:43 - [TEST_STEP][PASSED] - M4_round_features_complete = complete: null

2019-08-24 12:20:43 - [TEST_STEP][PASSED] - M4_round_features_complete = M4_round_features_complete: null

2019-08-24 12:20:43 - [TEST_STEP][PASSED] - M4_round_free_spins_left = free_spins_left: null

2019-08-24 12:20:43 - [TEST_STEP][PASSED] - M4_round_free_spins_left = M4_round_free_spins_left: null

2019-08-24 12:20:43 - [TEST_STEP][PASSED] - M4_round_total_free_spin_count = total_free_spin_count: null

2019-08-24 12:20:43 - [TEST_STEP][PASSED] - M4_round_total_free_spin_count = M4_round_total_free_spin_count: null

2019-08-24 12:20:43 - [TEST_STEP][PASSED] - M4_round_total_free_spin_win_amount = total_free_spin_win_amount: null

2019-08-24 12:20:43 - [TEST_STEP][PASSED] - M4_round_total_free_spin_win_amount = M4_round_total_free_spin_win_amount: null

2019-08-24 12:20:43 - [TEST_STEP][PASSED] - M4_round_subfeatures = subfeatures: null

2019-08-24 12:20:43 - [TEST_STEP][PASSED] - M4_round_subfeatures = M4_round_subfeatures: null

2019-08-24 12:20:43 - [TEST_STEP][PASSED] - M4_round_wild_multiplier = wild_multiplier: null

2019-08-24 12:20:43 - [TEST_STEP][PASSED] - M4_round_wild_multiplier = M4_round_wild_multiplier: null

2019-08-24 12:20:43 - [TEST_STEP][PASSED] - M4_round_wild_config = wild_config: null

2019-08-24 12:20:43 - [TEST_STEP][PASSED] - M4_round_wild_config = M4_round_wild_config: null

2019-08-24 12:20:43 - [TEST_STEP][PASSED] - M4_round_wild_config_index = index: null

2019-08-24 12:20:43 - [TEST_STEP][PASSED] - M4_round_free_spin_left = free_spins_lef: null

2019-08-24 12:20:43 - [TEST_STEP][PASSED] - M4_round_free_spin_left = M4_round_free_spin_left: null

2019-08-24 12:20:43 - [TEST_STEP][PASSED] - M4_round_original_reels = original_reels: null

2019-08-24 12:20:43 - [TEST_STEP][PASSED] - M4_round_original_reels = M4_round_original_reels: null

2019-08-24 12:20:43 - [TEST_STEP][PASSED] - M4_round_swapped_reels = swapped_reels: null

2019-08-24 12:20:43 - [TEST_STEP][PASSED] - M4_round_swapped_reels = M4_round_swapped_reels: null

2019-08-24 12:20:43 - [TEST_STEP][PASSED] - M4_round_free_spins_added = free_spins_added: null

2019-08-24 12:20:43 - [TEST_STEP][PASSED] - M4_round_spin_result_list = spin_results[0]: null

2019-08-24 12:20:43 - [TEST_STEP][PASSED] - M4_round_spin_result_list = M4_round_spin_result_list: null

2019-08-24 12:20:43 - [TEST_STEP][PASSED] - M4_round_feature_state = feature_state: null

2019-08-24 12:20:43 - [TEST_STEP][PASSED] - M4_round_feature_state = M4_round_feature_state: null

2019-08-24 12:20:43 - [TEST_STEP][PASSED] - M4_round_feature_state_all = feature_state: null

2019-08-24 12:20:43 - [TEST_STEP][PASSED] - M4_round_feature_state_all = M4_round_feature_state_all: null

2019-08-24 12:20:43 - [TEST_STEP][PASSED] - M4_round_features_type = type: null

2019-08-24 12:20:43 - [TEST_STEP][PASSED] - M4_round_features_type = M4_round_features_type: null

2019-08-24 12:20:43 - [TEST_STEP][PASSED] - M4_round_scatter_win = scatter_win: null

2019-08-24 12:20:43 - [TEST_STEP][PASSED] - M4_round_scatter_win = M4_round_scatter_win: null

2019-08-24 12:20:43 - [TEST_STEP][PASSED] - M4_round_spin_result1 = spin_results[1]: null

2019-08-24 12:20:43 - [TEST_STEP][PASSED] - M4_round_spin_result1 = M4_round_spin_result1: null

2019-08-24 12:20:43 - [MESSAGE][PASSED] - Verify response successfully

2019-08-24 12:20:43 - [MESSAGE][PASSED] - Send request and verify the response successfully

2019-08-24 12:20:43 - [TEST_STEP][PASSED] - M4_round_features_triggered = M4_round_features_triggered: null

2019-08-24 12:20:43 - [TEST_STEP][PASSED] - extraFreeSpinIndex = -1: null

2019-08-24 12:20:43 - [TEST_STEP][PASSED] - extraFreeSpinFeatureStateKeys = null: null

2019-08-24 12:20:43 - [TEST_STEP][PASSED] - for ([i = 0, i &lt; M4_round_features_triggered.size(), (i++)]): null

2019-08-24 12:20:43 - [TEST_STEP][PASSED] - if (type.equals("EXTRA_FREE_SPIN")): null

2019-08-24 12:20:43 - [TEST_STEP][PASSED] - if (type.equals("EXTRA_FREE_SPIN")): null

2019-08-24 12:20:43 - [TEST_STEP][PASSED] - if (type.equals("EXTRA_FREE_SPIN")): null

2019-08-24 12:20:43 - [TEST_STEP][PASSED] - extraFreeSpinIndex = i: null

2019-08-24 12:20:43 - [TEST_STEP][PASSED] - extraFreeSpinFeatureStateKeys = feature_state.keySet(): null

2019-08-24 12:20:43 - [TEST_STEP][PASSED] - if (type.equals("EXTRA_FREE_SPIN")): null

2019-08-24 12:20:43 - [TEST_STEP][PASSED] - println(extraFreeSpinIndex): null

2019-08-24 12:20:43 - [TEST_STEP][PASSED] - println(extraFreeSpinFeatureStateKeys): null

2019-08-24 12:20:43 - [TEST_STEP][PASSED] - listOfKeys = new java.util.ArrayList(extraFreeSpinFeatureStateKeys): null

2019-08-24 12:20:43 - [TEST_STEP][PASSED] - Collections.sort(listOfKeys): null

2019-08-24 12:20:43 - [TEST_STEP][PASSED] - Collections.sort(ExtraFG): null

2019-08-24 12:20:43 - [TEST_STEP][PASSED] - println("listOfKeys is:" + listOfKeys): null

2019-08-24 12:20:43 - [TEST_STEP][PASSED] - println("ExtraFG is:" + ExtraFG): null

2019-08-24 12:20:43 - [TEST_STEP][PASSED] - assert listOfKeys.equals(ExtraFG): null

2019-08-24 12:20:43 - [TEST_STEP][FAILED] - callTestCase(findTestCase("INT_env/compare_values/3_ExtraFG_verify_value_and_summary"), ["Partner":Partner, "Userid":Userid, "Game_code":Game_code, "url_krug_gw":url_krug_gw, "secret_key":secret_key, "gameId":gameId, ... ]): Unable to call Test Case 'Test Cases/INT_env/compare_values/3_ExtraFG_verify_value_and_summary' (Root cause: com.kms.katalon.core.exception.StepFailedException: Call Test Case 'Test Cases/INT_env/compare_values/3_ExtraFG_verify_value_and_summary' failed
	at com.kms.katalon.core.keyword.builtin.CallTestCaseKeyword$_callTestCase_closure1.doCall(CallTestCaseKeyword.groovy:63)
	at com.kms.katalon.core.keyword.builtin.CallTestCaseKeyword$_callTestCase_closure1.call(CallTestCaseKeyword.groovy)
	at com.kms.katalon.core.keyword.internal.KeywordMain.runKeyword(KeywordMain.groovy:68)
	at com.kms.katalon.core.keyword.builtin.CallTestCaseKeyword.callTestCase(CallTestCaseKeyword.groovy:81)
	at com.kms.katalon.core.keyword.builtin.CallTestCaseKeyword.execute(CallTestCaseKeyword.groovy:44)
	at com.kms.katalon.core.keyword.internal.KeywordExecutor.executeKeywordForPlatform(KeywordExecutor.groovy:56)
	at com.kms.katalon.core.keyword.BuiltinKeywords.callTestCase(BuiltinKeywords.groovy:350)
	at 3_ExtraFG_CALL.run(3_ExtraFG_CALL:86)
	at com.kms.katalon.core.main.ScriptEngine.run(ScriptEngine.java:194)
	at com.kms.katalon.core.main.ScriptEngine.runScriptAsRawText(ScriptEngine.java:119)
	at com.kms.katalon.core.main.TestCaseExecutor.runScript(TestCaseExecutor.java:337)
	at com.kms.katalon.core.main.TestCaseExecutor.doExecute(TestCaseExecutor.java:328)
	at com.kms.katalon.core.main.TestCaseExecutor.processExecutionPhase(TestCaseExecutor.java:307)
	at com.kms.katalon.core.main.TestCaseExecutor.accessMainPhase(TestCaseExecutor.java:299)
	at com.kms.katalon.core.main.TestCaseExecutor.execute(TestCaseExecutor.java:233)
	at com.kms.katalon.core.main.TestSuiteExecutor.accessTestCaseMainPhase(TestSuiteExecutor.java:150)
	at com.kms.katalon.core.main.TestSuiteExecutor.accessTestSuiteMainPhase(TestSuiteExecutor.java:123)
	at com.kms.katalon.core.main.TestSuiteExecutor.execute(TestSuiteExecutor.java:87)
	at com.kms.katalon.core.main.TestCaseMain.startTestSuite(TestCaseMain.java:157)
	at com.kms.katalon.core.main.TestCaseMain$startTestSuite$0.call(Unknown Source)
	at TempTestSuite1566619773386.run(TempTestSuite1566619773386.groovy:35)
Caused by: Assertion failed: 

assert extraFreeSpinAdded == extraFreeSpinLeft - 10
       |                  |  |                 |
       5                  |  20                10
                          false

	at 3_ExtraFG_verify_value_and_summary.run(3_ExtraFG_verify_value_and_summary:114)
	at com.kms.katalon.core.main.ScriptEngine.run(ScriptEngine.java:194)
	at com.kms.katalon.core.main.ScriptEngine.runScriptAsRawText(ScriptEngine.java:119)
	at com.kms.katalon.core.main.TestCaseExecutor.runScript(TestCaseExecutor.java:337)
	at com.kms.katalon.core.main.TestCaseExecutor.doExecute(TestCaseExecutor.java:328)
	at com.kms.katalon.core.main.TestCaseExecutor.processExecutionPhase(TestCaseExecutor.java:307)
	at com.kms.katalon.core.main.TestCaseExecutor.accessMainPhase(TestCaseExecutor.java:299)
	at com.kms.katalon.core.main.TestCaseExecutor.execute(TestCaseExecutor.java:233)
	at com.kms.katalon.core.main.TestCaseMain.runTestCase(TestCaseMain.java:114)
	at com.kms.katalon.core.keyword.builtin.CallTestCaseKeyword$_callTestCase_closure1.doCall(CallTestCaseKeyword.groovy:59)
	... 20 more
)

2019-08-24 12:20:43 - [TEST_CASE][FAILED] - Test Cases/INT_env/compare_values/3_ExtraFG_verify_value_and_summary: Test Cases/INT_env/compare_values/3_ExtraFG_verify_value_and_summary FAILED.
Reason:
Assertion failed: 

assert extraFreeSpinAdded == extraFreeSpinLeft - 10
       |                  |  |                 |
       5                  |  20                10
                          false

	at 3_ExtraFG_verify_value_and_summary.run(3_ExtraFG_verify_value_and_summary:114)
	at com.kms.katalon.core.main.ScriptEngine.run(ScriptEngine.java:194)
	at com.kms.katalon.core.main.ScriptEngine.runScriptAsRawText(ScriptEngine.java:119)
	at com.kms.katalon.core.main.TestCaseExecutor.runScript(TestCaseExecutor.java:337)
	at com.kms.katalon.core.main.TestCaseExecutor.doExecute(TestCaseExecutor.java:328)
	at com.kms.katalon.core.main.TestCaseExecutor.processExecutionPhase(TestCaseExecutor.java:307)
	at com.kms.katalon.core.main.TestCaseExecutor.accessMainPhase(TestCaseExecutor.java:299)
	at com.kms.katalon.core.main.TestCaseExecutor.execute(TestCaseExecutor.java:233)
	at com.kms.katalon.core.main.TestCaseMain.runTestCase(TestCaseMain.java:114)
	at com.kms.katalon.core.keyword.builtin.CallTestCaseKeyword$_callTestCase_closure1.doCall(CallTestCaseKeyword.groovy:59)
	at com.kms.katalon.core.keyword.builtin.CallTestCaseKeyword$_callTestCase_closure1.call(CallTestCaseKeyword.groovy)
	at com.kms.katalon.core.keyword.internal.KeywordMain.runKeyword(KeywordMain.groovy:68)
	at com.kms.katalon.core.keyword.builtin.CallTestCaseKeyword.callTestCase(CallTestCaseKeyword.groovy:81)
	at com.kms.katalon.core.keyword.builtin.CallTestCaseKeyword.execute(CallTestCaseKeyword.groovy:44)
	at com.kms.katalon.core.keyword.internal.KeywordExecutor.executeKeywordForPlatform(KeywordExecutor.groovy:56)
	at com.kms.katalon.core.keyword.BuiltinKeywords.callTestCase(BuiltinKeywords.groovy:350)
	at 3_ExtraFG_CALL.run(3_ExtraFG_CALL:86)
	at com.kms.katalon.core.main.ScriptEngine.run(ScriptEngine.java:194)
	at com.kms.katalon.core.main.ScriptEngine.runScriptAsRawText(ScriptEngine.java:119)
	at com.kms.katalon.core.main.TestCaseExecutor.runScript(TestCaseExecutor.java:337)
	at com.kms.katalon.core.main.TestCaseExecutor.doExecute(TestCaseExecutor.java:328)
	at com.kms.katalon.core.main.TestCaseExecutor.processExecutionPhase(TestCaseExecutor.java:307)
	at com.kms.katalon.core.main.TestCaseExecutor.accessMainPhase(TestCaseExecutor.java:299)
	at com.kms.katalon.core.main.TestCaseExecutor.execute(TestCaseExecutor.java:233)
	at com.kms.katalon.core.main.TestSuiteExecutor.accessTestCaseMainPhase(TestSuiteExecutor.java:150)
	at com.kms.katalon.core.main.TestSuiteExecutor.accessTestSuiteMainPhase(TestSuiteExecutor.java:123)
	at com.kms.katalon.core.main.TestSuiteExecutor.execute(TestSuiteExecutor.java:87)
	at com.kms.katalon.core.main.TestCaseMain.startTestSuite(TestCaseMain.java:157)
	at com.kms.katalon.core.main.TestCaseMain$startTestSuite$0.call(Unknown Source)
	at TempTestSuite1566619773386.run(TempTestSuite1566619773386.groovy:35)


2019-08-24 12:20:43 - [TEST_STEP][PASSED] - sendRequestAndVerify(findTestObject("INT/Wallet/Get_Session_Token", ["url_krug_gw":url_krug_gw, "partner":Partner, "secret_key":secret_key, "userid":Userid])): Send request and verify the response successfully

2019-08-24 12:20:44 - [MESSAGE][INFO] - HAR: /Users/eiralee/Katalon_Script/SuperWild/Reports/20190824_120919/INT/superWild_3/20190824_120919/requests/main/190.har

2019-08-24 12:20:44 - [TEST_CASE][PASSED] - Start Test Case : Verification: Verification accomplished successfully

2019-08-24 12:20:44 - [TEST_STEP][PASSED] - request = getInstance().getCurrentRequest(): null

2019-08-24 12:20:44 - [TEST_STEP][PASSED] - response = getInstance().getCurrentResponse(): null

2019-08-24 12:20:44 - [TEST_STEP][PASSED] - verifyResponseStatusCode(response, 200): Verify response status code successfully

2019-08-24 12:20:44 - [MESSAGE][PASSED] - Verify response status code successfully

2019-08-24 12:20:44 - [TEST_STEP][PASSED] - getStatusCode()).isEqualTo(200): null

2019-08-24 12:20:44 - [TEST_STEP][PASSED] - getResponseText()).contains("session_token"): null

2019-08-24 12:20:44 - [TEST_STEP][PASSED] - getsession = new groovy.json.JsonSlurper(): null

2019-08-24 12:20:44 - [TEST_STEP][PASSED] - result_getsession = getsession.parseText(response.getResponseBodyContent()): null

2019-08-24 12:20:44 - [TEST_STEP][PASSED] - session_token = session_token: null

2019-08-24 12:20:44 - [TEST_STEP][PASSED] - println("...value extracted is :" + session_token): null

2019-08-24 12:20:44 - [TEST_STEP][PASSED] - session_token = session_token: null

2019-08-24 12:20:44 - [TEST_STEP][PASSED] - println("GlobalVariable is :" + session_token): null

2019-08-24 12:20:44 - [TEST_STEP][PASSED] - internal_balance = internal_balance: null

2019-08-24 12:20:44 - [TEST_STEP][PASSED] - internal_balance = internal_balance: null

2019-08-24 12:20:44 - [MESSAGE][PASSED] - Verify response successfully

2019-08-24 12:20:44 - [MESSAGE][PASSED] - Send request and verify the response successfully

2019-08-24 12:20:44 - [TEST_STEP][PASSED] - M4_login = sendRequestAndVerify(findTestObject("INT/RGS(M4)/M4_Login", ["partner":Partner, "game_code":Game_code, "session_token":session_token])): Send request and verify the response successfully

2019-08-24 12:20:45 - [MESSAGE][INFO] - HAR: /Users/eiralee/Katalon_Script/SuperWild/Reports/20190824_120919/INT/superWild_3/20190824_120919/requests/main/191.har

2019-08-24 12:20:45 - [TEST_CASE][PASSED] - Start Test Case : Verification: Verification accomplished successfully

2019-08-24 12:20:45 - [TEST_STEP][PASSED] - request = getInstance().getCurrentRequest(): null

2019-08-24 12:20:45 - [TEST_STEP][PASSED] - response = getInstance().getCurrentResponse(): null

2019-08-24 12:20:45 - [TEST_STEP][PASSED] - verifyResponseStatusCode(response, 200): Verify response status code successfully

2019-08-24 12:20:45 - [MESSAGE][PASSED] - Verify response status code successfully

2019-08-24 12:20:45 - [TEST_STEP][PASSED] - getStatusCode()).isEqualTo(200): null

2019-08-24 12:20:45 - [TEST_STEP][PASSED] - newline = System.getProperty("line.separator"): null

2019-08-24 12:20:45 - [TEST_STEP][PASSED] - M4_login = new groovy.json.JsonSlurper(): null

2019-08-24 12:20:45 - [TEST_STEP][PASSED] - result_M4_login = M4_login.parseText(response.getResponseBodyContent()): null

2019-08-24 12:20:45 - [TEST_STEP][PASSED] - M4_login_user_id = user_id: null

2019-08-24 12:20:45 - [TEST_STEP][PASSED] - println("playerid is: " + M4_login_user_id): null

2019-08-24 12:20:45 - [TEST_STEP][PASSED] - M4_login_user_id = M4_login_user_id: null

2019-08-24 12:20:45 - [MESSAGE][PASSED] - Verify response successfully

2019-08-24 12:20:45 - [MESSAGE][PASSED] - Send request and verify the response successfully

2019-08-24 12:20:45 - [TEST_STEP][PASSED] - M4_login_user_id = M4_login_user_id: null

2019-08-24 12:20:45 - [TEST_STEP][PASSED] - M4_init = sendRequestAndVerify(findTestObject("INT/RGS(M4)/M4_init", ["partner":Partner, "gameId":gameId, "M4_login_user_id":M4_login_user_id])): Send request and verify the response successfully

2019-08-24 12:20:45 - [MESSAGE][INFO] - HAR: /Users/eiralee/Katalon_Script/SuperWild/Reports/20190824_120919/INT/superWild_3/20190824_120919/requests/main/192.har

2019-08-24 12:20:45 - [TEST_CASE][PASSED] - Start Test Case : Verification: Verification accomplished successfully

2019-08-24 12:20:45 - [TEST_STEP][PASSED] - request = getInstance().getCurrentRequest(): null

2019-08-24 12:20:45 - [TEST_STEP][PASSED] - response = getInstance().getCurrentResponse(): null

2019-08-24 12:20:45 - [TEST_STEP][PASSED] - verifyResponseStatusCode(response, 200): Verify response status code successfully

2019-08-24 12:20:45 - [MESSAGE][PASSED] - Verify response status code successfully

2019-08-24 12:20:45 - [TEST_STEP][PASSED] - getStatusCode()).isEqualTo(200): null

2019-08-24 12:20:45 - [TEST_STEP][PASSED] - newline = System.getProperty("line.separator"): null

2019-08-24 12:20:45 - [TEST_STEP][PASSED] - M4_init = new groovy.json.JsonSlurper(): null

2019-08-24 12:20:45 - [TEST_STEP][PASSED] - result_M4_init = M4_init.parseText(response.getResponseBodyContent()): null

2019-08-24 12:20:45 - [TEST_STEP][PASSED] - rgs_session_token = session_token: null

2019-08-24 12:20:45 - [TEST_STEP][PASSED] - rgs_session_token = rgs_session_token: null

2019-08-24 12:20:45 - [TEST_STEP][PASSED] - M4_init_balance = balance: null

2019-08-24 12:20:45 - [TEST_STEP][PASSED] - M4_init_balance = M4_init_balance: null

2019-08-24 12:20:45 - [TEST_STEP][PASSED] - game_code = genesis_id: null

2019-08-24 12:20:45 - [TEST_STEP][PASSED] - game_code = game_code: null

2019-08-24 12:20:45 - [TEST_STEP][PASSED] - M4_free_round = free_round: null

2019-08-24 12:20:45 - [TEST_STEP][PASSED] - M4_free_round = M4_free_round: null

2019-08-24 12:20:45 - [MESSAGE][PASSED] - Verify response successfully

2019-08-24 12:20:45 - [MESSAGE][PASSED] - Send request and verify the response successfully

2019-08-24 12:20:45 - [TEST_STEP][PASSED] - rgs_session_token = rgs_session_token: null

2019-08-24 12:20:45 - [TEST_STEP][PASSED] - sendRequestAndVerify(findTestObject("INT/RGS(M4)/1_Round_detail", ["partner":Partner, "M4_spin_round_id":M4_spin_round_id])): Send request and verify the response successfully

2019-08-24 12:20:46 - [MESSAGE][INFO] - HAR: /Users/eiralee/Katalon_Script/SuperWild/Reports/20190824_120919/INT/superWild_3/20190824_120919/requests/main/193.har

2019-08-24 12:20:46 - [TEST_CASE][PASSED] - Start Test Case : Verification: Verification accomplished successfully

2019-08-24 12:20:46 - [TEST_STEP][PASSED] - request = getInstance().getCurrentRequest(): null

2019-08-24 12:20:46 - [TEST_STEP][PASSED] - response = getInstance().getCurrentResponse(): null

2019-08-24 12:20:46 - [TEST_STEP][PASSED] - verifyResponseStatusCode(response, 200): Verify response status code successfully

2019-08-24 12:20:46 - [MESSAGE][PASSED] - Verify response status code successfully

2019-08-24 12:20:46 - [TEST_STEP][PASSED] - getStatusCode()).isEqualTo(200): null

2019-08-24 12:20:46 - [TEST_STEP][PASSED] - newline = System.getProperty("line.separator"): null

2019-08-24 12:20:46 - [TEST_STEP][PASSED] - M4_round = new groovy.json.JsonSlurper(): null

2019-08-24 12:20:46 - [TEST_STEP][PASSED] - M4_round_detail = M4_round.parseText(response.getResponseBodyContent()): null

2019-08-24 12:20:46 - [TEST_STEP][PASSED] - M4_round_object = M4_round_detail: null

2019-08-24 12:20:46 - [TEST_STEP][PASSED] - M4_round_object = M4_round_object: null

2019-08-24 12:20:46 - [TEST_STEP][PASSED] - M4_round_transaction_type = transaction_type: null

2019-08-24 12:20:46 - [TEST_STEP][PASSED] - M4_round_transaction_type = M4_round_transaction_type: null

2019-08-24 12:20:46 - [TEST_STEP][PASSED] - M4_round_player_id = player_id: null

2019-08-24 12:20:46 - [TEST_STEP][PASSED] - M4_round_player_id = M4_round_player_id: null

2019-08-24 12:20:46 - [TEST_STEP][PASSED] - M4_round_booster_type = booster_type: null

2019-08-24 12:20:46 - [TEST_STEP][PASSED] - M4_round_booster_type = M4_round_booster_type: null

2019-08-24 12:20:46 - [TEST_STEP][PASSED] - M4_round_currency = currency: null

2019-08-24 12:20:46 - [TEST_STEP][PASSED] - M4_round_currency = M4_round_currency: null

2019-08-24 12:20:46 - [TEST_STEP][PASSED] - M4_round_id = round_id: null

2019-08-24 12:20:46 - [TEST_STEP][PASSED] - M4_round_id = M4_round_id: null

2019-08-24 12:20:46 - [TEST_STEP][PASSED] - M4_round_transaction_id = transaction_id: null

2019-08-24 12:20:46 - [TEST_STEP][PASSED] - M4_round_transaction_id = M4_round_transaction_id: null

2019-08-24 12:20:46 - [TEST_STEP][PASSED] - M4_round_transaction_time = transaction_time: null

2019-08-24 12:20:46 - [TEST_STEP][PASSED] - M4_round_transaction_time = M4_round_transaction_time: null

2019-08-24 12:20:46 - [TEST_STEP][PASSED] - M4_round_total_win = total_win: null

2019-08-24 12:20:46 - [TEST_STEP][PASSED] - M4_round_total_win = M4_round_total_win: null

2019-08-24 12:20:46 - [TEST_STEP][PASSED] - M4_round_balance_long = balance: null

2019-08-24 12:20:46 - [TEST_STEP][PASSED] - M4_round_balance = Long.toString(M4_round_balance_long): null

2019-08-24 12:20:46 - [TEST_STEP][PASSED] - M4_round_balance = M4_round_balance: null

2019-08-24 12:20:46 - [TEST_STEP][PASSED] - M4_round_total_bet = total_bet: null

2019-08-24 12:20:46 - [TEST_STEP][PASSED] - M4_round_total_bet = M4_round_total_bet: null

2019-08-24 12:20:46 - [TEST_STEP][PASSED] - M4_round_bet_value = bet_value: null

2019-08-24 12:20:46 - [TEST_STEP][PASSED] - M4_round_bet_value = M4_round_bet_value: null

2019-08-24 12:20:46 - [TEST_STEP][PASSED] - M4_round_line = line: null

2019-08-24 12:20:46 - [TEST_STEP][PASSED] - M4_round_line = M4_round_line: null

2019-08-24 12:20:46 - [TEST_STEP][PASSED] - M4_round_reels1 = reels[0]: null

2019-08-24 12:20:46 - [TEST_STEP][PASSED] - M4_round_reels1 = M4_round_reels1: null

2019-08-24 12:20:46 - [TEST_STEP][PASSED] - M4_round_reels2 = reels[1]: null

2019-08-24 12:20:46 - [TEST_STEP][PASSED] - M4_round_reels2 = M4_round_reels2: null

2019-08-24 12:20:46 - [TEST_STEP][PASSED] - M4_round_reels3 = reels[2]: null

2019-08-24 12:20:46 - [TEST_STEP][PASSED] - M4_round_reels3 = M4_round_reels3: null

2019-08-24 12:20:46 - [TEST_STEP][PASSED] - M4_round_reels4 = reels[3]: null

2019-08-24 12:20:46 - [TEST_STEP][PASSED] - M4_round_reels4 = M4_round_reels4: null

2019-08-24 12:20:46 - [TEST_STEP][PASSED] - M4_round_reels5 = reels[4]: null

2019-08-24 12:20:46 - [TEST_STEP][PASSED] - M4_round_reels5 = M4_round_reels5: null

2019-08-24 12:20:46 - [TEST_STEP][PASSED] - M4_round_F_reels1 = reels[0]: null

2019-08-24 12:20:46 - [TEST_STEP][PASSED] - M4_round_F_reels1 = M4_round_F_reels1: null

2019-08-24 12:20:46 - [TEST_STEP][PASSED] - M4_round_F_reels2 = reels[1]: null

2019-08-24 12:20:46 - [TEST_STEP][PASSED] - M4_round_F_reels2 = M4_round_F_reels2: null

2019-08-24 12:20:46 - [TEST_STEP][PASSED] - M4_round_F_reels3 = reels[2]: null

2019-08-24 12:20:46 - [TEST_STEP][PASSED] - M4_round_F_reels3 = M4_round_F_reels3: null

2019-08-24 12:20:46 - [TEST_STEP][PASSED] - M4_round_F_reels4 = reels[3]: null

2019-08-24 12:20:46 - [TEST_STEP][PASSED] - M4_round_F_reels4 = M4_round_F_reels4: null

2019-08-24 12:20:46 - [TEST_STEP][PASSED] - M4_round_F_reels5 = reels[4]: null

2019-08-24 12:20:46 - [TEST_STEP][PASSED] - M4_round_F_reels5 = M4_round_F_reels5: null

2019-08-24 12:20:46 - [TEST_STEP][PASSED] - M4_round_reels0_symbols1 = symbols[0]: null

2019-08-24 12:20:46 - [TEST_STEP][PASSED] - M4_round_reels0_symbols1 = M4_round_reels0_symbols1: null

2019-08-24 12:20:46 - [TEST_STEP][PASSED] - M4_round_reels0_symbols2 = symbols[1]: null

2019-08-24 12:20:46 - [TEST_STEP][PASSED] - M4_round_reels0_symbols2 = M4_round_reels0_symbols2: null

2019-08-24 12:20:46 - [TEST_STEP][PASSED] - M4_round_reels0_symbols3 = symbols[2]: null

2019-08-24 12:20:46 - [TEST_STEP][PASSED] - M4_round_reels0_symbols3 = M4_round_reels0_symbols3: null

2019-08-24 12:20:46 - [TEST_STEP][PASSED] - M4_round_reels1_symbols1 = symbols[0]: null

2019-08-24 12:20:46 - [TEST_STEP][PASSED] - M4_round_reels1_symbols1 = M4_round_reels1_symbols1: null

2019-08-24 12:20:46 - [TEST_STEP][PASSED] - M4_round_reels1_symbols2 = symbols[1]: null

2019-08-24 12:20:46 - [TEST_STEP][PASSED] - M4_round_reels1_symbols2 = M4_round_reels1_symbols2: null

2019-08-24 12:20:46 - [TEST_STEP][PASSED] - M4_round_reels1_symbols3 = symbols[2]: null

2019-08-24 12:20:46 - [TEST_STEP][PASSED] - M4_round_reels1_symbols3 = M4_round_reels1_symbols3: null

2019-08-24 12:20:46 - [TEST_STEP][PASSED] - M4_round_reels1_symbols4 = symbols[3]: null

2019-08-24 12:20:46 - [TEST_STEP][PASSED] - M4_round_reels_symbols_all = symbol: null

2019-08-24 12:20:46 - [TEST_STEP][PASSED] - M4_round_reels_symbols_all = M4_round_reels_symbols_all: null

2019-08-24 12:20:46 - [TEST_STEP][PASSED] - M4_round_features_triggered = features_triggered: null

2019-08-24 12:20:46 - [TEST_STEP][PASSED] - M4_round_features_triggered = M4_round_features_triggered: null

2019-08-24 12:20:46 - [TEST_STEP][PASSED] - M4_round_features_complete = complete: null

2019-08-24 12:20:46 - [TEST_STEP][PASSED] - M4_round_features_complete = M4_round_features_complete: null

2019-08-24 12:20:46 - [TEST_STEP][PASSED] - M4_round_free_spins_left = free_spins_left: null

2019-08-24 12:20:46 - [TEST_STEP][PASSED] - M4_round_free_spins_left = M4_round_free_spins_left: null

2019-08-24 12:20:46 - [TEST_STEP][PASSED] - M4_round_total_free_spin_count = total_free_spin_count: null

2019-08-24 12:20:46 - [TEST_STEP][PASSED] - M4_round_total_free_spin_count = M4_round_total_free_spin_count: null

2019-08-24 12:20:46 - [TEST_STEP][PASSED] - M4_round_total_free_spin_win_amount = total_free_spin_win_amount: null

2019-08-24 12:20:46 - [TEST_STEP][PASSED] - M4_round_total_free_spin_win_amount = M4_round_total_free_spin_win_amount: null

2019-08-24 12:20:46 - [TEST_STEP][PASSED] - M4_round_subfeatures = subfeatures: null

2019-08-24 12:20:46 - [TEST_STEP][PASSED] - M4_round_subfeatures = M4_round_subfeatures: null

2019-08-24 12:20:46 - [TEST_STEP][PASSED] - M4_round_wild_multiplier = wild_multiplier: null

2019-08-24 12:20:46 - [TEST_STEP][PASSED] - M4_round_wild_multiplier = M4_round_wild_multiplier: null

2019-08-24 12:20:46 - [TEST_STEP][PASSED] - M4_round_wild_config = wild_config: null

2019-08-24 12:20:46 - [TEST_STEP][PASSED] - M4_round_wild_config = M4_round_wild_config: null

2019-08-24 12:20:46 - [TEST_STEP][PASSED] - M4_round_wild_config_index = index: null

2019-08-24 12:20:46 - [TEST_STEP][PASSED] - M4_round_free_spin_left = free_spins_lef: null

2019-08-24 12:20:46 - [TEST_STEP][PASSED] - M4_round_free_spin_left = M4_round_free_spin_left: null

2019-08-24 12:20:47 - [TEST_STEP][PASSED] - M4_round_original_reels = original_reels: null

2019-08-24 12:20:47 - [TEST_STEP][PASSED] - M4_round_original_reels = M4_round_original_reels: null

2019-08-24 12:20:47 - [TEST_STEP][PASSED] - M4_round_swapped_reels = swapped_reels: null

2019-08-24 12:20:47 - [TEST_STEP][PASSED] - M4_round_swapped_reels = M4_round_swapped_reels: null

2019-08-24 12:20:47 - [TEST_STEP][PASSED] - M4_round_free_spins_added = free_spins_added: null

2019-08-24 12:20:47 - [TEST_STEP][PASSED] - M4_round_spin_result_list = spin_results[0]: null

2019-08-24 12:20:47 - [TEST_STEP][PASSED] - M4_round_spin_result_list = M4_round_spin_result_list: null

2019-08-24 12:20:47 - [TEST_STEP][PASSED] - M4_round_feature_state = feature_state: null

2019-08-24 12:20:47 - [TEST_STEP][PASSED] - M4_round_feature_state = M4_round_feature_state: null

2019-08-24 12:20:47 - [TEST_STEP][PASSED] - M4_round_feature_state_all = feature_state: null

2019-08-24 12:20:51 - [TEST_STEP][PASSED] - M4_round_feature_state_all = M4_round_feature_state_all: null

2019-08-24 12:20:51 - [TEST_STEP][PASSED] - M4_round_features_type = type: null

2019-08-24 12:20:51 - [TEST_STEP][PASSED] - M4_round_features_type = M4_round_features_type: null

2019-08-24 12:20:51 - [TEST_STEP][PASSED] - M4_round_scatter_win = scatter_win: null

2019-08-24 12:20:51 - [TEST_STEP][PASSED] - M4_round_scatter_win = M4_round_scatter_win: null

2019-08-24 12:20:51 - [TEST_STEP][PASSED] - M4_round_spin_result1 = spin_results[1]: null

2019-08-24 12:20:51 - [TEST_STEP][PASSED] - M4_round_spin_result1 = M4_round_spin_result1: null

2019-08-24 12:20:51 - [MESSAGE][PASSED] - Verify response successfully

2019-08-24 12:20:51 - [MESSAGE][PASSED] - Send request and verify the response successfully

2019-08-24 12:20:51 - [TEST_STEP][PASSED] - sendRequestAndVerify(findTestObject("INT/RGS(M4)/in_game_history_detail", ["partner":Partner, "M4_spin_transaction_id":M4_spin_transaction_id, "M4_login_user_id":M4_login_user_id])): Send request and verify the response successfully

2019-08-24 12:20:51 - [MESSAGE][INFO] - HAR: /Users/eiralee/Katalon_Script/SuperWild/Reports/20190824_120919/INT/superWild_3/20190824_120919/requests/main/194.har

2019-08-24 12:20:51 - [TEST_CASE][PASSED] - Start Test Case : Verification: Verification accomplished successfully

2019-08-24 12:20:52 - [TEST_STEP][PASSED] - request = getInstance().getCurrentRequest(): null

2019-08-24 12:20:52 - [TEST_STEP][PASSED] - response = getInstance().getCurrentResponse(): null

2019-08-24 12:20:52 - [TEST_STEP][PASSED] - verifyResponseStatusCode(response, 200): Verify response status code successfully

2019-08-24 12:20:52 - [MESSAGE][PASSED] - Verify response status code successfully

2019-08-24 12:20:52 - [TEST_STEP][PASSED] - getStatusCode()).isEqualTo(200): null

2019-08-24 12:20:52 - [TEST_STEP][PASSED] - newline = System.getProperty("line.separator"): null

2019-08-24 12:20:52 - [TEST_STEP][PASSED] - M4_game_history = new groovy.json.JsonSlurper(): null

2019-08-24 12:20:52 - [TEST_STEP][PASSED] - M4_history = M4_game_history.parseText(response.getResponseBodyContent()): null

2019-08-24 12:20:52 - [TEST_STEP][PASSED] - M4_history_currency = currency: null

2019-08-24 12:20:52 - [TEST_STEP][PASSED] - M4_history_currency = M4_history_currency: null

2019-08-24 12:20:52 - [TEST_STEP][PASSED] - M4_history_spin_transaction = spin_transaction: null

2019-08-24 12:20:52 - [TEST_STEP][PASSED] - M4_history_spin_transaction = M4_history_spin_transaction: null

2019-08-24 12:20:52 - [TEST_STEP][PASSED] - M4_history_date = date: null

2019-08-24 12:20:52 - [TEST_STEP][PASSED] - M4_history_date = M4_history_date: null

2019-08-24 12:20:52 - [TEST_STEP][PASSED] - M4_history_game_id = game_id: null

2019-08-24 12:20:52 - [TEST_STEP][PASSED] - M4_history_tx_id = tx_id: null

2019-08-24 12:20:52 - [TEST_STEP][PASSED] - M4_history_causality = causality: null

2019-08-24 12:20:52 - [TEST_STEP][PASSED] - M4_history_causality = M4_history_causality: null

2019-08-24 12:20:52 - [TEST_STEP][PASSED] - M4_history_round_id = round_id: null

2019-08-24 12:20:52 - [TEST_STEP][PASSED] - M4_history_round_id = M4_history_round_id: null

2019-08-24 12:20:52 - [TEST_STEP][PASSED] - M4_history_game_total_won = total_won: null

2019-08-24 12:20:52 - [TEST_STEP][PASSED] - M4_history_game_total_won = M4_history_game_total_won: null

2019-08-24 12:20:52 - [TEST_STEP][PASSED] - M4_history_game_total_bet = total_bet: null

2019-08-24 12:20:52 - [TEST_STEP][PASSED] - M4_history_total_bet = M4_history_game_total_bet: null

2019-08-24 12:20:52 - [TEST_STEP][PASSED] - M4_history_lines = lines: null

2019-08-24 12:20:52 - [TEST_STEP][PASSED] - M4_history_total_won = total_won: null

2019-08-24 12:20:52 - [TEST_STEP][PASSED] - M4_history_total_won = M4_history_total_won: null

2019-08-24 12:20:52 - [TEST_STEP][PASSED] - M4_history_bonus_name = bonus_name: null

2019-08-24 12:20:52 - [TEST_STEP][PASSED] - M4_history_bonus_retrigger = bonus_retrigger: null

2019-08-24 12:20:52 - [TEST_STEP][PASSED] - M4_history_key = key: null

2019-08-24 12:20:52 - [TEST_STEP][PASSED] - M4_history_data = data: null

2019-08-24 12:20:52 - [TEST_STEP][PASSED] - M4_history_total_bet = total_bet: null

2019-08-24 12:20:52 - [TEST_STEP][PASSED] - M4_history_total_bet = M4_history_total_bet: null

2019-08-24 12:20:52 - [TEST_STEP][PASSED] - M4_history_balance = balance: null

2019-08-24 12:20:52 - [TEST_STEP][PASSED] - M4_history_balance = M4_history_balance: null

2019-08-24 12:20:52 - [TEST_STEP][PASSED] - M4_history_type = type: null

2019-08-24 12:20:52 - [TEST_STEP][PASSED] - M4_history_type = M4_history_type: null

2019-08-24 12:20:52 - [TEST_STEP][PASSED] - M4_history_reel_symbol = symbols: null

2019-08-24 12:20:52 - [TEST_STEP][PASSED] - M4_history_reel_symbol = M4_history_reel_symbol: null

2019-08-24 12:20:52 - [TEST_STEP][PASSED] - M4_history_reels = reels: null

2019-08-24 12:20:52 - [TEST_STEP][PASSED] - M4_history_reels = M4_history_reels: null

2019-08-24 12:20:52 - [TEST_STEP][PASSED] - M4_history_F_reels1 = reels: null

2019-08-24 12:20:52 - [TEST_STEP][PASSED] - M4_history_F_reels = M4_history_F_reels1: null

2019-08-24 12:20:52 - [TEST_STEP][PASSED] - M4_history_multiplier = multiplier: null

2019-08-24 12:20:52 - [TEST_STEP][PASSED] - M4_history_multiplier = M4_history_multiplier: null

2019-08-24 12:20:52 - [TEST_STEP][PASSED] - M4_history_bonuses1 = bonuses[1]: null

2019-08-24 12:20:52 - [TEST_STEP][PASSED] - M4_history_bonuses1 = M4_history_bonuses1: null

2019-08-24 12:20:52 - [MESSAGE][PASSED] - Verify response successfully

2019-08-24 12:20:52 - [MESSAGE][PASSED] - Send request and verify the response successfully

2019-08-24 12:20:52 - [TEST_STEP][PASSED] - M4_history_bonuses1 = M4_history_bonuses1: null

2019-08-24 12:20:52 - [TEST_STEP][PASSED] - spin_data = extra_spins_data: null

2019-08-24 12:20:52 - [TEST_STEP][PASSED] - M4_spin_number = "": null

2019-08-24 12:20:52 - [TEST_STEP][PASSED] - for ([i = 0, i &lt; spin_data.size(), (i++)]): null

2019-08-24 12:20:52 - [TEST_STEP][PASSED] - println(spin_data.size()): null

2019-08-24 12:20:52 - [TEST_STEP][PASSED] - spin_number_value = spin_number: null

2019-08-24 12:20:52 - [TEST_STEP][PASSED] - if (i == spin_data.size() - 1): null

2019-08-24 12:20:52 - [TEST_STEP][PASSED] - println(M4_spin_number): null

2019-08-24 12:20:52 - [TEST_STEP][PASSED] - println(getClass().getName()): null

2019-08-24 12:20:52 - [TEST_STEP][PASSED] - println(spin_data.size()): null

2019-08-24 12:20:52 - [TEST_STEP][PASSED] - spin_number_value = spin_number: null

2019-08-24 12:20:52 - [TEST_STEP][PASSED] - if (i == spin_data.size() - 1): null

2019-08-24 12:20:52 - [TEST_STEP][PASSED] - println(M4_spin_number): null

2019-08-24 12:20:52 - [TEST_STEP][PASSED] - println(getClass().getName()): null

2019-08-24 12:20:52 - [TEST_STEP][PASSED] - println(spin_data.size()): null

2019-08-24 12:20:52 - [TEST_STEP][PASSED] - spin_number_value = spin_number: null

2019-08-24 12:20:52 - [TEST_STEP][PASSED] - if (i == spin_data.size() - 1): null

2019-08-24 12:20:52 - [TEST_STEP][PASSED] - println(M4_spin_number): null

2019-08-24 12:20:52 - [TEST_STEP][PASSED] - println(getClass().getName()): null

2019-08-24 12:20:52 - [TEST_STEP][PASSED] - println(spin_data.size()): null

2019-08-24 12:20:52 - [TEST_STEP][PASSED] - spin_number_value = spin_number: null

2019-08-24 12:20:52 - [TEST_STEP][PASSED] - if (i == spin_data.size() - 1): null

2019-08-24 12:20:52 - [TEST_STEP][PASSED] - println(M4_spin_number): null

2019-08-24 12:20:52 - [TEST_STEP][PASSED] - println(getClass().getName()): null

2019-08-24 12:20:52 - [TEST_STEP][PASSED] - println(spin_data.size()): null

2019-08-24 12:20:52 - [TEST_STEP][PASSED] - spin_number_value = spin_number: null

2019-08-24 12:20:52 - [TEST_STEP][PASSED] - if (i == spin_data.size() - 1): null

2019-08-24 12:20:52 - [TEST_STEP][PASSED] - println(M4_spin_number): null

2019-08-24 12:20:52 - [TEST_STEP][PASSED] - println(getClass().getName()): null

2019-08-24 12:20:52 - [TEST_STEP][PASSED] - println(spin_data.size()): null

2019-08-24 12:20:52 - [TEST_STEP][PASSED] - spin_number_value = spin_number: null

2019-08-24 12:20:52 - [TEST_STEP][PASSED] - if (i == spin_data.size() - 1): null

2019-08-24 12:20:52 - [TEST_STEP][PASSED] - println(M4_spin_number): null

2019-08-24 12:20:52 - [TEST_STEP][PASSED] - println(getClass().getName()): null

2019-08-24 12:20:52 - [TEST_STEP][PASSED] - println(spin_data.size()): null

2019-08-24 12:20:52 - [TEST_STEP][PASSED] - spin_number_value = spin_number: null

2019-08-24 12:20:52 - [TEST_STEP][PASSED] - if (i == spin_data.size() - 1): null

2019-08-24 12:20:52 - [TEST_STEP][PASSED] - println(M4_spin_number): null

2019-08-24 12:20:52 - [TEST_STEP][PASSED] - println(getClass().getName()): null

2019-08-24 12:20:52 - [TEST_STEP][PASSED] - println(spin_data.size()): null

2019-08-24 12:20:52 - [TEST_STEP][PASSED] - spin_number_value = spin_number: null

2019-08-24 12:20:52 - [TEST_STEP][PASSED] - if (i == spin_data.size() - 1): null

2019-08-24 12:20:52 - [TEST_STEP][PASSED] - println(M4_spin_number): null

2019-08-24 12:20:52 - [TEST_STEP][PASSED] - println(getClass().getName()): null

2019-08-24 12:20:52 - [TEST_STEP][PASSED] - println(spin_data.size()): null

2019-08-24 12:20:52 - [TEST_STEP][PASSED] - spin_number_value = spin_number: null

2019-08-24 12:20:52 - [TEST_STEP][PASSED] - if (i == spin_data.size() - 1): null

2019-08-24 12:20:52 - [TEST_STEP][PASSED] - println(M4_spin_number): null

2019-08-24 12:20:52 - [TEST_STEP][PASSED] - println(getClass().getName()): null

2019-08-24 12:20:52 - [TEST_STEP][PASSED] - println(spin_data.size()): null

2019-08-24 12:20:52 - [TEST_STEP][PASSED] - spin_number_value = spin_number: null

2019-08-24 12:20:52 - [TEST_STEP][PASSED] - if (i == spin_data.size() - 1): null

2019-08-24 12:20:52 - [TEST_STEP][PASSED] - println(M4_spin_number): null

2019-08-24 12:20:52 - [TEST_STEP][PASSED] - println(getClass().getName()): null

2019-08-24 12:20:52 - [TEST_STEP][PASSED] - println(spin_data.size()): null

2019-08-24 12:20:52 - [TEST_STEP][PASSED] - spin_number_value = spin_number: null

2019-08-24 12:20:52 - [TEST_STEP][PASSED] - if (i == spin_data.size() - 1): null

2019-08-24 12:20:52 - [TEST_STEP][PASSED] - println(M4_spin_number): null

2019-08-24 12:20:52 - [TEST_STEP][PASSED] - println(getClass().getName()): null

2019-08-24 12:20:52 - [TEST_STEP][PASSED] - println(spin_data.size()): null

2019-08-24 12:20:52 - [TEST_STEP][PASSED] - spin_number_value = spin_number: null

2019-08-24 12:20:52 - [TEST_STEP][PASSED] - if (i == spin_data.size() - 1): null

2019-08-24 12:20:52 - [TEST_STEP][PASSED] - println(M4_spin_number): null

2019-08-24 12:20:52 - [TEST_STEP][PASSED] - println(getClass().getName()): null

2019-08-24 12:20:52 - [TEST_STEP][PASSED] - println(spin_data.size()): null

2019-08-24 12:20:52 - [TEST_STEP][PASSED] - spin_number_value = spin_number: null

2019-08-24 12:20:52 - [TEST_STEP][PASSED] - if (i == spin_data.size() - 1): null

2019-08-24 12:20:52 - [TEST_STEP][PASSED] - println(M4_spin_number): null

2019-08-24 12:20:52 - [TEST_STEP][PASSED] - println(getClass().getName()): null

2019-08-24 12:20:52 - [TEST_STEP][PASSED] - println(spin_data.size()): null

2019-08-24 12:20:52 - [TEST_STEP][PASSED] - spin_number_value = spin_number: null

2019-08-24 12:20:52 - [TEST_STEP][PASSED] - if (i == spin_data.size() - 1): null

2019-08-24 12:20:52 - [TEST_STEP][PASSED] - println(M4_spin_number): null

2019-08-24 12:20:52 - [TEST_STEP][PASSED] - println(getClass().getName()): null

2019-08-24 12:20:52 - [TEST_STEP][PASSED] - println(spin_data.size()): null

2019-08-24 12:20:52 - [TEST_STEP][PASSED] - spin_number_value = spin_number: null

2019-08-24 12:20:52 - [TEST_STEP][PASSED] - if (i == spin_data.size() - 1): null

2019-08-24 12:20:52 - [TEST_STEP][PASSED] - println(M4_spin_number): null

2019-08-24 12:20:52 - [TEST_STEP][PASSED] - println(getClass().getName()): null

2019-08-24 12:20:52 - [TEST_STEP][PASSED] - println(spin_data.size()): null

2019-08-24 12:20:52 - [TEST_STEP][PASSED] - spin_number_value = spin_number: null

2019-08-24 12:20:52 - [TEST_STEP][PASSED] - if (i == spin_data.size() - 1): null

2019-08-24 12:20:52 - [TEST_STEP][PASSED] - println(M4_spin_number): null

2019-08-24 12:20:52 - [TEST_STEP][PASSED] - println(getClass().getName()): null

2019-08-24 12:20:52 - [TEST_STEP][PASSED] - println(spin_data.size()): null

2019-08-24 12:20:52 - [TEST_STEP][PASSED] - spin_number_value = spin_number: null

2019-08-24 12:20:52 - [TEST_STEP][PASSED] - if (i == spin_data.size() - 1): null

2019-08-24 12:20:52 - [TEST_STEP][PASSED] - println(M4_spin_number): null

2019-08-24 12:20:52 - [TEST_STEP][PASSED] - println(getClass().getName()): null

2019-08-24 12:20:52 - [TEST_STEP][PASSED] - println(spin_data.size()): null

2019-08-24 12:20:52 - [TEST_STEP][PASSED] - spin_number_value = spin_number: null

2019-08-24 12:20:52 - [TEST_STEP][PASSED] - if (i == spin_data.size() - 1): null

2019-08-24 12:20:52 - [TEST_STEP][PASSED] - println(M4_spin_number): null

2019-08-24 12:20:52 - [TEST_STEP][PASSED] - println(getClass().getName()): null

2019-08-24 12:20:52 - [TEST_STEP][PASSED] - println(spin_data.size()): null

2019-08-24 12:20:52 - [TEST_STEP][PASSED] - spin_number_value = spin_number: null

2019-08-24 12:20:52 - [TEST_STEP][PASSED] - if (i == spin_data.size() - 1): null

2019-08-24 12:20:52 - [TEST_STEP][PASSED] - println(M4_spin_number): null

2019-08-24 12:20:52 - [TEST_STEP][PASSED] - println(getClass().getName()): null

2019-08-24 12:20:52 - [TEST_STEP][PASSED] - println(spin_data.size()): null

2019-08-24 12:20:52 - [TEST_STEP][PASSED] - spin_number_value = spin_number: null

2019-08-24 12:20:52 - [TEST_STEP][PASSED] - if (i == spin_data.size() - 1): null

2019-08-24 12:20:52 - [TEST_STEP][PASSED] - M4_spin_number = spin_number_value: null

2019-08-24 12:20:52 - [TEST_STEP][PASSED] - println(M4_spin_number): null

2019-08-24 12:20:52 - [TEST_STEP][PASSED] - println(getClass().getName()): null

2019-08-24 12:20:52 - [TEST_STEP][PASSED] - subfeatures = new java.util.ArrayList(): null

2019-08-24 12:20:52 - [TEST_STEP][PASSED] - subfeatures.add("FREE_SPIN"): null

2019-08-24 12:20:52 - [TEST_STEP][PASSED] - M4_round_spin_result_list = M4_round_spin_result_list: null

2019-08-24 12:20:52 - [TEST_STEP][PASSED] - feature_trigger = features_triggered: null

2019-08-24 12:20:52 - [TEST_STEP][PASSED] - total_free_spin_count = "": null

2019-08-24 12:20:52 - [TEST_STEP][PASSED] - free_spins_left = "": null

2019-08-24 12:20:52 - [TEST_STEP][PASSED] - total_free_spin_win_amount = "": null

2019-08-24 12:20:52 - [TEST_STEP][PASSED] - for ([i = 0, i &lt; feature_trigger.size(), (i++)]): null

2019-08-24 12:20:52 - [TEST_STEP][PASSED] - feature_type = type: null

2019-08-24 12:20:52 - [TEST_STEP][PASSED] - if (feature_type == "FREE_SPIN"): null

2019-08-24 12:20:52 - [TEST_STEP][PASSED] - feature_type = type: null

2019-08-24 12:20:52 - [TEST_STEP][PASSED] - if (feature_type == "FREE_SPIN"): null

2019-08-24 12:20:52 - [TEST_STEP][PASSED] - feature_type = type: null

2019-08-24 12:20:52 - [TEST_STEP][PASSED] - if (feature_type == "FREE_SPIN"): null

2019-08-24 12:20:52 - [TEST_STEP][PASSED] - feature_type = type: null

2019-08-24 12:20:52 - [TEST_STEP][PASSED] - if (feature_type == "FREE_SPIN"): null

2019-08-24 12:20:52 - [TEST_STEP][PASSED] - subfeatures_list = subfeatures: null

2019-08-24 12:20:52 - [TEST_STEP][PASSED] - for ([j = 0, j &lt; subfeatures_list.size(), (j++)]): null

2019-08-24 12:20:52 - [TEST_STEP][PASSED] - subfeatures.add(subfeatures_list[j]): null

2019-08-24 12:20:52 - [TEST_STEP][PASSED] - subfeatures.add(subfeatures_list[j]): null

2019-08-24 12:20:52 - [TEST_STEP][PASSED] - subfeatures.add(subfeatures_list[j]): null

2019-08-24 12:20:52 - [TEST_STEP][PASSED] - sendRequestAndVerify(findTestObject("INT/RGS(M4)/Summary_history", ["partner_code":partner_code, "game_code":Game_code, "partner":Partner, "userid":Userid])): Send request and verify the response successfully

2019-08-24 12:20:52 - [MESSAGE][INFO] - HAR: /Users/eiralee/Katalon_Script/SuperWild/Reports/20190824_120919/INT/superWild_3/20190824_120919/requests/main/195.har

2019-08-24 12:20:52 - [TEST_CASE][PASSED] - Start Test Case : Verification: Verification accomplished successfully

2019-08-24 12:20:52 - [TEST_STEP][PASSED] - request = getInstance().getCurrentRequest(): null

2019-08-24 12:20:52 - [TEST_STEP][PASSED] - response = getInstance().getCurrentResponse(): null

2019-08-24 12:20:52 - [TEST_STEP][PASSED] - verifyResponseStatusCode(response, 200): Verify response status code successfully

2019-08-24 12:20:52 - [MESSAGE][PASSED] - Verify response status code successfully

2019-08-24 12:20:52 - [TEST_STEP][PASSED] - getStatusCode()).isEqualTo(200): null

2019-08-24 12:20:52 - [TEST_STEP][PASSED] - summary_detail = new groovy.json.JsonSlurper(): null

2019-08-24 12:20:52 - [TEST_STEP][PASSED] - summary_history = summary_detail.parseText(response.getResponseBodyContent()): null

2019-08-24 12:20:52 - [TEST_STEP][PASSED] - summary_top_level = summary_history: null

2019-08-24 12:20:52 - [TEST_STEP][PASSED] - summary_top_level = summary_top_level: null

2019-08-24 12:20:52 - [TEST_STEP][PASSED] - summary_data = data: null

2019-08-24 12:20:52 - [TEST_STEP][PASSED] - summary_data = summary_data: null

2019-08-24 12:20:52 - [TEST_STEP][PASSED] - summary_query = query: null

2019-08-24 12:20:52 - [TEST_STEP][PASSED] - summary_query = summary_query: null

2019-08-24 12:20:52 - [TEST_STEP][PASSED] - summary_payload = payload: null

2019-08-24 12:20:52 - [TEST_STEP][PASSED] - summary_payload = summary_payload: null

2019-08-24 12:20:52 - [TEST_STEP][PASSED] - summary_round_id_1 = round_id: null

2019-08-24 12:20:52 - [TEST_STEP][PASSED] - summary_round_id_1 = summary_round_id_1: null

2019-08-24 12:20:52 - [TEST_STEP][PASSED] - summary_total_bet_1 = total_bet: null

2019-08-24 12:20:52 - [TEST_STEP][PASSED] - summary_total_bet_1 = summary_total_bet_1: null

2019-08-24 12:20:52 - [TEST_STEP][PASSED] - summary_bet_value_1 = bet_value: null

2019-08-24 12:20:52 - [TEST_STEP][PASSED] - summary_bet_value_1 = summary_bet_value_1: null

2019-08-24 12:20:52 - [TEST_STEP][PASSED] - summary_total_win_1 = total_win: null

2019-08-24 12:20:52 - [TEST_STEP][PASSED] - summary_total_win_1 = summary_total_win_1: null

2019-08-24 12:20:52 - [TEST_STEP][PASSED] - summary_balance_1 = balance: null

2019-08-24 12:20:52 - [TEST_STEP][PASSED] - summary_balance_1 = summary_balance_1: null

2019-08-24 12:20:52 - [TEST_STEP][PASSED] - summary_date_1 = date: null

2019-08-24 12:20:52 - [TEST_STEP][PASSED] - summary_date_1 = summary_date_1: null

2019-08-24 12:20:52 - [TEST_STEP][PASSED] - summary_round_type_1 = round_type: null

2019-08-24 12:20:52 - [TEST_STEP][PASSED] - summary_round_type_1 = summary_round_type_1: null

2019-08-24 12:20:52 - [TEST_STEP][PASSED] - summary_bonus_provider_1 = bonus_provider: null

2019-08-24 12:20:52 - [TEST_STEP][PASSED] - summary_bonus_provider_1 = summary_bonus_provider_1: null

2019-08-24 12:20:52 - [TEST_STEP][PASSED] - summary_booster_type_1 = booster_type: null

2019-08-24 12:20:52 - [TEST_STEP][PASSED] - summary_booster_type_1 = summary_booster_type_1: null

2019-08-24 12:20:52 - [TEST_STEP][PASSED] - summary_with_free_spin_1 = with_free_spin: null

2019-08-24 12:20:52 - [TEST_STEP][PASSED] - summary_with_free_spin_1 = summary_with_free_spin_1: null

2019-08-24 12:20:52 - [TEST_STEP][PASSED] - summary_feature_track_1 = feature_track: null

2019-08-24 12:20:52 - [TEST_STEP][PASSED] - summary_feature_track_1 = summary_feature_track_1: null

2019-08-24 12:20:52 - [TEST_STEP][PASSED] - summary_totalCount = totalCount: null

2019-08-24 12:20:52 - [TEST_STEP][PASSED] - summary_totalCount = summary_totalCount: null

2019-08-24 12:20:52 - [MESSAGE][PASSED] - Verify response successfully

2019-08-24 12:20:52 - [MESSAGE][PASSED] - Send request and verify the response successfully

2019-08-24 12:20:52 - [TEST_STEP][PASSED] - M4_round_features_triggered = M4_round_features_triggered: null

2019-08-24 12:20:52 - [TEST_STEP][PASSED] - extraFreeSpinIndex = -1: null

2019-08-24 12:20:52 - [TEST_STEP][PASSED] - extraFreeSpinFeatureStateKeys = null: null

2019-08-24 12:20:52 - [TEST_STEP][PASSED] - extraFreeSpinTypeAndComplete = false: null

2019-08-24 12:20:52 - [TEST_STEP][PASSED] - extraFreeSpinLeft = "": null

2019-08-24 12:20:52 - [TEST_STEP][PASSED] - extraFreeSpinAdded = "": null

2019-08-24 12:20:52 - [TEST_STEP][PASSED] - for ([i = 0, i &lt; M4_round_features_triggered.size(), (i++)]): null

2019-08-24 12:20:52 - [TEST_STEP][PASSED] - trigger = M4_round_features_triggered[i]: null

2019-08-24 12:20:52 - [TEST_STEP][PASSED] - if (type.equals("EXTRA_FREE_SPIN") &amp;&amp; complete == true): null

2019-08-24 12:20:52 - [TEST_STEP][PASSED] - trigger = M4_round_features_triggered[i]: null

2019-08-24 12:20:52 - [TEST_STEP][PASSED] - if (type.equals("EXTRA_FREE_SPIN") &amp;&amp; complete == true): null

2019-08-24 12:20:52 - [TEST_STEP][PASSED] - trigger = M4_round_features_triggered[i]: null

2019-08-24 12:20:52 - [TEST_STEP][PASSED] - if (type.equals("EXTRA_FREE_SPIN") &amp;&amp; complete == true): null

2019-08-24 12:20:52 - [TEST_STEP][PASSED] - extraFreeSpinTypeAndComplete = true: null

2019-08-24 12:20:52 - [TEST_STEP][PASSED] - extraFreeSpinIndex = i: null

2019-08-24 12:20:52 - [TEST_STEP][PASSED] - extraFreeSpinLeft = free_spins_left: null

2019-08-24 12:20:52 - [TEST_STEP][PASSED] - extraFreeSpinAdded = free_spins_added: null

2019-08-24 12:20:52 - [TEST_STEP][PASSED] - trigger = M4_round_features_triggered[i]: null

2019-08-24 12:20:52 - [TEST_STEP][PASSED] - if (type.equals("EXTRA_FREE_SPIN") &amp;&amp; complete == true): null

2019-08-24 12:20:52 - [TEST_STEP][PASSED] - println(extraFreeSpinIndex): null

2019-08-24 12:20:52 - [TEST_STEP][PASSED] - freeSpinLeft = free_spins_left: null

2019-08-24 12:20:52 - [TEST_STEP][PASSED] - println("extraFreeSpinTypeAndComplete is:" + extraFreeSpinTypeAndComplete): null

2019-08-24 12:20:52 - [TEST_STEP][PASSED] - println("extraFreeSpinLeft is: " + extraFreeSpinLeft): null

2019-08-24 12:20:52 - [TEST_STEP][PASSED] - println("extraFreeSpinAdded is: " + extraFreeSpinAdded): null

2019-08-24 12:20:52 - [TEST_STEP][PASSED] - println("GlobalVariable.summary_with_free_spin_1 is: " + summary_with_free_spin_1): null

2019-08-24 12:20:52 - [TEST_STEP][PASSED] - Collections.sort(subfeatures): null

2019-08-24 12:20:52 - [TEST_STEP][PASSED] - Collections.sort(summary_feature_track_1): null

2019-08-24 12:20:52 - [TEST_STEP][PASSED] - println("GlobalVariable.summary_feature_track_1 is: " + summary_feature_track_1): null

2019-08-24 12:20:52 - [TEST_STEP][PASSED] - println("subfeatures is: " + subfeatures): null

2019-08-24 12:20:52 - [TEST_STEP][PASSED] - assert extraFreeSpinTypeAndComplete == true: null

2019-08-24 12:20:52 - [TEST_STEP][PASSED] - assert extraFreeSpinLeft == M4_spin_number: null

2019-08-24 12:20:52 - [TEST_STEP][PASSED] - assert extraFreeSpinAdded == extraFreeSpinLeft - 10: null

2019-08-24 12:20:52 - [MESSAGE][FAILED] - Unable to call Test Case 'Test Cases/INT_env/compare_values/3_ExtraFG_verify_value_and_summary' (Root cause: com.kms.katalon.core.exception.StepFailedException: Call Test Case 'Test Cases/INT_env/compare_values/3_ExtraFG_verify_value_and_summary' failed
	at com.kms.katalon.core.keyword.builtin.CallTestCaseKeyword$_callTestCase_closure1.doCall(CallTestCaseKeyword.groovy:63)
	at com.kms.katalon.core.keyword.builtin.CallTestCaseKeyword$_callTestCase_closure1.call(CallTestCaseKeyword.groovy)
	at com.kms.katalon.core.keyword.internal.KeywordMain.runKeyword(KeywordMain.groovy:68)
	at com.kms.katalon.core.keyword.builtin.CallTestCaseKeyword.callTestCase(CallTestCaseKeyword.groovy:81)
	at com.kms.katalon.core.keyword.builtin.CallTestCaseKeyword.execute(CallTestCaseKeyword.groovy:44)
	at com.kms.katalon.core.keyword.internal.KeywordExecutor.executeKeywordForPlatform(KeywordExecutor.groovy:56)
	at com.kms.katalon.core.keyword.BuiltinKeywords.callTestCase(BuiltinKeywords.groovy:350)
	at 3_ExtraFG_CALL.run(3_ExtraFG_CALL:86)
	at com.kms.katalon.core.main.ScriptEngine.run(ScriptEngine.java:194)
	at com.kms.katalon.core.main.ScriptEngine.runScriptAsRawText(ScriptEngine.java:119)
	at com.kms.katalon.core.main.TestCaseExecutor.runScript(TestCaseExecutor.java:337)
	at com.kms.katalon.core.main.TestCaseExecutor.doExecute(TestCaseExecutor.java:328)
	at com.kms.katalon.core.main.TestCaseExecutor.processExecutionPhase(TestCaseExecutor.java:307)
	at com.kms.katalon.core.main.TestCaseExecutor.accessMainPhase(TestCaseExecutor.java:299)
	at com.kms.katalon.core.main.TestCaseExecutor.execute(TestCaseExecutor.java:233)
	at com.kms.katalon.core.main.TestSuiteExecutor.accessTestCaseMainPhase(TestSuiteExecutor.java:150)
	at com.kms.katalon.core.main.TestSuiteExecutor.accessTestSuiteMainPhase(TestSuiteExecutor.java:123)
	at com.kms.katalon.core.main.TestSuiteExecutor.execute(TestSuiteExecutor.java:87)
	at com.kms.katalon.core.main.TestCaseMain.startTestSuite(TestCaseMain.java:157)
	at com.kms.katalon.core.main.TestCaseMain$startTestSuite$0.call(Unknown Source)
	at TempTestSuite1566619773386.run(TempTestSuite1566619773386.groovy:35)
Caused by: Assertion failed: 

assert extraFreeSpinAdded == extraFreeSpinLeft - 10
       |                  |  |                 |
       5                  |  20                10
                          false

	at 3_ExtraFG_verify_value_and_summary.run(3_ExtraFG_verify_value_and_summary:114)
	at com.kms.katalon.core.main.ScriptEngine.run(ScriptEngine.java:194)
	at com.kms.katalon.core.main.ScriptEngine.runScriptAsRawText(ScriptEngine.java:119)
	at com.kms.katalon.core.main.TestCaseExecutor.runScript(TestCaseExecutor.java:337)
	at com.kms.katalon.core.main.TestCaseExecutor.doExecute(TestCaseExecutor.java:328)
	at com.kms.katalon.core.main.TestCaseExecutor.processExecutionPhase(TestCaseExecutor.java:307)
	at com.kms.katalon.core.main.TestCaseExecutor.accessMainPhase(TestCaseExecutor.java:299)
	at com.kms.katalon.core.main.TestCaseExecutor.execute(TestCaseExecutor.java:233)
	at com.kms.katalon.core.main.TestCaseMain.runTestCase(TestCaseMain.java:114)
	at com.kms.katalon.core.keyword.builtin.CallTestCaseKeyword$_callTestCase_closure1.doCall(CallTestCaseKeyword.groovy:59)
	... 20 more
)</system-out>
            <system-err>2019-08-24 12:09:35 - [TEST_CASE][FAILED] - Test Cases/INT_env/3_ExtraFG_CALL: Test Cases/INT_env/3_ExtraFG_CALL FAILED.
Reason:
com.kms.katalon.core.exception.StepFailedException: Call Test Case 'Test Cases/INT_env/compare_values/3_ExtraFG_verify_value_and_summary' failed
	at com.kms.katalon.core.keyword.builtin.CallTestCaseKeyword$_callTestCase_closure1.doCall(CallTestCaseKeyword.groovy:63)
	at com.kms.katalon.core.keyword.builtin.CallTestCaseKeyword$_callTestCase_closure1.call(CallTestCaseKeyword.groovy)
	at com.kms.katalon.core.keyword.internal.KeywordMain.runKeyword(KeywordMain.groovy:68)
	at com.kms.katalon.core.keyword.builtin.CallTestCaseKeyword.callTestCase(CallTestCaseKeyword.groovy:81)
	at com.kms.katalon.core.keyword.builtin.CallTestCaseKeyword.execute(CallTestCaseKeyword.groovy:44)
	at com.kms.katalon.core.keyword.internal.KeywordExecutor.executeKeywordForPlatform(KeywordExecutor.groovy:56)
	at com.kms.katalon.core.keyword.BuiltinKeywords.callTestCase(BuiltinKeywords.groovy:350)
	at 3_ExtraFG_CALL.run(3_ExtraFG_CALL:86)
	at com.kms.katalon.core.main.ScriptEngine.run(ScriptEngine.java:194)
	at com.kms.katalon.core.main.ScriptEngine.runScriptAsRawText(ScriptEngine.java:119)
	at com.kms.katalon.core.main.TestCaseExecutor.runScript(TestCaseExecutor.java:337)
	at com.kms.katalon.core.main.TestCaseExecutor.doExecute(TestCaseExecutor.java:328)
	at com.kms.katalon.core.main.TestCaseExecutor.processExecutionPhase(TestCaseExecutor.java:307)
	at com.kms.katalon.core.main.TestCaseExecutor.accessMainPhase(TestCaseExecutor.java:299)
	at com.kms.katalon.core.main.TestCaseExecutor.execute(TestCaseExecutor.java:233)
	at com.kms.katalon.core.main.TestSuiteExecutor.accessTestCaseMainPhase(TestSuiteExecutor.java:150)
	at com.kms.katalon.core.main.TestSuiteExecutor.accessTestSuiteMainPhase(TestSuiteExecutor.java:123)
	at com.kms.katalon.core.main.TestSuiteExecutor.execute(TestSuiteExecutor.java:87)
	at com.kms.katalon.core.main.TestCaseMain.startTestSuite(TestCaseMain.java:157)
	at com.kms.katalon.core.main.TestCaseMain$startTestSuite$0.call(Unknown Source)
	at TempTestSuite1566619773386.run(TempTestSuite1566619773386.groovy:35)
Caused by: Assertion failed: 

assert extraFreeSpinAdded == extraFreeSpinLeft - 10
       |                  |  |                 |
       5                  |  20                10
                          false

	at 3_ExtraFG_verify_value_and_summary.run(3_ExtraFG_verify_value_and_summary:114)
	at com.kms.katalon.core.main.ScriptEngine.run(ScriptEngine.java:194)
	at com.kms.katalon.core.main.ScriptEngine.runScriptAsRawText(ScriptEngine.java:119)
	at com.kms.katalon.core.main.TestCaseExecutor.runScript(TestCaseExecutor.java:337)
	at com.kms.katalon.core.main.TestCaseExecutor.doExecute(TestCaseExecutor.java:328)
	at com.kms.katalon.core.main.TestCaseExecutor.processExecutionPhase(TestCaseExecutor.java:307)
	at com.kms.katalon.core.main.TestCaseExecutor.accessMainPhase(TestCaseExecutor.java:299)
	at com.kms.katalon.core.main.TestCaseExecutor.execute(TestCaseExecutor.java:233)
	at com.kms.katalon.core.main.TestCaseMain.runTestCase(TestCaseMain.java:114)
	at com.kms.katalon.core.keyword.builtin.CallTestCaseKeyword$_callTestCase_closure1.doCall(CallTestCaseKeyword.groovy:59)
	... 20 more</system-err>
        </testcase>
        <system-out>2019-08-24 12:09:35 - [TEST_SUITE][FAILED] - superWild_3: Test Cases/INT_env/3_ExtraFG_CALL FAILED.
Reason:
com.kms.katalon.core.exception.StepFailedException: Call Test Case 'Test Cases/INT_env/compare_values/3_ExtraFG_verify_value_and_summary' failed
	at com.kms.katalon.core.keyword.builtin.CallTestCaseKeyword$_callTestCase_closure1.doCall(CallTestCaseKeyword.groovy:63)
	at com.kms.katalon.core.keyword.builtin.CallTestCaseKeyword$_callTestCase_closure1.call(CallTestCaseKeyword.groovy)
	at com.kms.katalon.core.keyword.internal.KeywordMain.runKeyword(KeywordMain.groovy:68)
	at com.kms.katalon.core.keyword.builtin.CallTestCaseKeyword.callTestCase(CallTestCaseKeyword.groovy:81)
	at com.kms.katalon.core.keyword.builtin.CallTestCaseKeyword.execute(CallTestCaseKeyword.groovy:44)
	at com.kms.katalon.core.keyword.internal.KeywordExecutor.executeKeywordForPlatform(KeywordExecutor.groovy:56)
	at com.kms.katalon.core.keyword.BuiltinKeywords.callTestCase(BuiltinKeywords.groovy:350)
	at 3_ExtraFG_CALL.run(3_ExtraFG_CALL:86)
	at com.kms.katalon.core.main.ScriptEngine.run(ScriptEngine.java:194)
	at com.kms.katalon.core.main.ScriptEngine.runScriptAsRawText(ScriptEngine.java:119)
	at com.kms.katalon.core.main.TestCaseExecutor.runScript(TestCaseExecutor.java:337)
	at com.kms.katalon.core.main.TestCaseExecutor.doExecute(TestCaseExecutor.java:328)
	at com.kms.katalon.core.main.TestCaseExecutor.processExecutionPhase(TestCaseExecutor.java:307)
	at com.kms.katalon.core.main.TestCaseExecutor.accessMainPhase(TestCaseExecutor.java:299)
	at com.kms.katalon.core.main.TestCaseExecutor.execute(TestCaseExecutor.java:233)
	at com.kms.katalon.core.main.TestSuiteExecutor.accessTestCaseMainPhase(TestSuiteExecutor.java:150)
	at com.kms.katalon.core.main.TestSuiteExecutor.accessTestSuiteMainPhase(TestSuiteExecutor.java:123)
	at com.kms.katalon.core.main.TestSuiteExecutor.execute(TestSuiteExecutor.java:87)
	at com.kms.katalon.core.main.TestCaseMain.startTestSuite(TestCaseMain.java:157)
	at com.kms.katalon.core.main.TestCaseMain$startTestSuite$0.call(Unknown Source)
	at TempTestSuite1566619773386.run(TempTestSuite1566619773386.groovy:35)
Caused by: Assertion failed: 

assert extraFreeSpinAdded == extraFreeSpinLeft - 10
       |                  |  |                 |
       5                  |  20                10
                          false

	at 3_ExtraFG_verify_value_and_summary.run(3_ExtraFG_verify_value_and_summary:114)
	at com.kms.katalon.core.main.ScriptEngine.run(ScriptEngine.java:194)
	at com.kms.katalon.core.main.ScriptEngine.runScriptAsRawText(ScriptEngine.java:119)
	at com.kms.katalon.core.main.TestCaseExecutor.runScript(TestCaseExecutor.java:337)
	at com.kms.katalon.core.main.TestCaseExecutor.doExecute(TestCaseExecutor.java:328)
	at com.kms.katalon.core.main.TestCaseExecutor.processExecutionPhase(TestCaseExecutor.java:307)
	at com.kms.katalon.core.main.TestCaseExecutor.accessMainPhase(TestCaseExecutor.java:299)
	at com.kms.katalon.core.main.TestCaseExecutor.execute(TestCaseExecutor.java:233)
	at com.kms.katalon.core.main.TestCaseMain.runTestCase(TestCaseMain.java:114)
	at com.kms.katalon.core.keyword.builtin.CallTestCaseKeyword$_callTestCase_closure1.doCall(CallTestCaseKeyword.groovy:59)
	... 20 more</system-out>
        <system-err>2019-08-24 12:09:35 - [TEST_SUITE][FAILED] - superWild_3: Test Cases/INT_env/3_ExtraFG_CALL FAILED.
Reason:
com.kms.katalon.core.exception.StepFailedException: Call Test Case 'Test Cases/INT_env/compare_values/3_ExtraFG_verify_value_and_summary' failed
	at com.kms.katalon.core.keyword.builtin.CallTestCaseKeyword$_callTestCase_closure1.doCall(CallTestCaseKeyword.groovy:63)
	at com.kms.katalon.core.keyword.builtin.CallTestCaseKeyword$_callTestCase_closure1.call(CallTestCaseKeyword.groovy)
	at com.kms.katalon.core.keyword.internal.KeywordMain.runKeyword(KeywordMain.groovy:68)
	at com.kms.katalon.core.keyword.builtin.CallTestCaseKeyword.callTestCase(CallTestCaseKeyword.groovy:81)
	at com.kms.katalon.core.keyword.builtin.CallTestCaseKeyword.execute(CallTestCaseKeyword.groovy:44)
	at com.kms.katalon.core.keyword.internal.KeywordExecutor.executeKeywordForPlatform(KeywordExecutor.groovy:56)
	at com.kms.katalon.core.keyword.BuiltinKeywords.callTestCase(BuiltinKeywords.groovy:350)
	at 3_ExtraFG_CALL.run(3_ExtraFG_CALL:86)
	at com.kms.katalon.core.main.ScriptEngine.run(ScriptEngine.java:194)
	at com.kms.katalon.core.main.ScriptEngine.runScriptAsRawText(ScriptEngine.java:119)
	at com.kms.katalon.core.main.TestCaseExecutor.runScript(TestCaseExecutor.java:337)
	at com.kms.katalon.core.main.TestCaseExecutor.doExecute(TestCaseExecutor.java:328)
	at com.kms.katalon.core.main.TestCaseExecutor.processExecutionPhase(TestCaseExecutor.java:307)
	at com.kms.katalon.core.main.TestCaseExecutor.accessMainPhase(TestCaseExecutor.java:299)
	at com.kms.katalon.core.main.TestCaseExecutor.execute(TestCaseExecutor.java:233)
	at com.kms.katalon.core.main.TestSuiteExecutor.accessTestCaseMainPhase(TestSuiteExecutor.java:150)
	at com.kms.katalon.core.main.TestSuiteExecutor.accessTestSuiteMainPhase(TestSuiteExecutor.java:123)
	at com.kms.katalon.core.main.TestSuiteExecutor.execute(TestSuiteExecutor.java:87)
	at com.kms.katalon.core.main.TestCaseMain.startTestSuite(TestCaseMain.java:157)
	at com.kms.katalon.core.main.TestCaseMain$startTestSuite$0.call(Unknown Source)
	at TempTestSuite1566619773386.run(TempTestSuite1566619773386.groovy:35)
Caused by: Assertion failed: 

assert extraFreeSpinAdded == extraFreeSpinLeft - 10
       |                  |  |                 |
       5                  |  20                10
                          false

	at 3_ExtraFG_verify_value_and_summary.run(3_ExtraFG_verify_value_and_summary:114)
	at com.kms.katalon.core.main.ScriptEngine.run(ScriptEngine.java:194)
	at com.kms.katalon.core.main.ScriptEngine.runScriptAsRawText(ScriptEngine.java:119)
	at com.kms.katalon.core.main.TestCaseExecutor.runScript(TestCaseExecutor.java:337)
	at com.kms.katalon.core.main.TestCaseExecutor.doExecute(TestCaseExecutor.java:328)
	at com.kms.katalon.core.main.TestCaseExecutor.processExecutionPhase(TestCaseExecutor.java:307)
	at com.kms.katalon.core.main.TestCaseExecutor.accessMainPhase(TestCaseExecutor.java:299)
	at com.kms.katalon.core.main.TestCaseExecutor.execute(TestCaseExecutor.java:233)
	at com.kms.katalon.core.main.TestCaseMain.runTestCase(TestCaseMain.java:114)
	at com.kms.katalon.core.keyword.builtin.CallTestCaseKeyword$_callTestCase_closure1.doCall(CallTestCaseKeyword.groovy:59)
	... 20 more</system-err>
    </testsuite>
</testsuites>
